Id,TaskNo,ResponseId,Difficulty,Query,time_pg_1,cost_1,rows_1,explain_run_1,time_pg_2,cost_2,rows_2,explain_run_2,time_pg_3,cost_3,rows_3,explain_run_3,time_pg_4,cost_4,rows_4,explain_run_4,time_pg_5,cost_5,rows_5,explain_run_5,avg_pg_time,median_pg_time,p75_pg_time,p90_pg_time,avg_cost,median_cost,avg_rows,median_rows,p75_rows,p90_rows
96,181,280,Easy,select t_employee_0.name as employee from schema_181.employee as e1 inner join schema_181.employee as t_employee_0 on e1.salary < t_employee_0.salary where t_employee_0.managerid = e1.id,107.944,6740.5,49842,"Hash Join  (cost=3278.00..6740.50 rows=33333 width=9) (actual rows=49842 loops=1)
  Hash Cond: (t_employee_0.managerid = e1.id)
  Join Filter: (e1.salary < t_employee_0.salary)
  Rows Removed by Join Filter: 50158
  Buffers: shared hit=1274, temp read=410 written=410
  ->  Seq Scan on employee t_employee_0  (cost=0.00..1637.00 rows=100000 width=17) (actual rows=100000 loops=1)
        Buffers: shared hit=637
  ->  Hash  (cost=1637.00..1637.00 rows=100000 width=8) (actual rows=100000 loops=1)
        Buckets: 131072  Batches: 2  Memory Usage: 2984kB
        Buffers: shared hit=637, temp written=170
        ->  Seq Scan on employee e1  (cost=0.00..1637.00 rows=100000 width=8) (actual rows=100000 loops=1)
              Buffers: shared hit=637
Planning:
  Buffers: shared hit=6
Planning Time: 0.132 ms
Execution Time: 107.944 ms",74.45,6740.5,49842,"Hash Join  (cost=3278.00..6740.50 rows=33333 width=9) (actual rows=49842 loops=1)
  Hash Cond: (t_employee_0.managerid = e1.id)
  Join Filter: (e1.salary < t_employee_0.salary)
  Rows Removed by Join Filter: 50158
  Buffers: shared hit=1274, temp read=410 written=410
  ->  Seq Scan on employee t_employee_0  (cost=0.00..1637.00 rows=100000 width=17) (actual rows=100000 loops=1)
        Buffers: shared hit=637
  ->  Hash  (cost=1637.00..1637.00 rows=100000 width=8) (actual rows=100000 loops=1)
        Buckets: 131072  Batches: 2  Memory Usage: 2984kB
        Buffers: shared hit=637, temp written=170
        ->  Seq Scan on employee e1  (cost=0.00..1637.00 rows=100000 width=8) (actual rows=100000 loops=1)
              Buffers: shared hit=637
Planning:
  Buffers: shared hit=6
Planning Time: 0.222 ms
Execution Time: 74.450 ms",75.659,6740.5,49842,"Hash Join  (cost=3278.00..6740.50 rows=33333 width=9) (actual rows=49842 loops=1)
  Hash Cond: (t_employee_0.managerid = e1.id)
  Join Filter: (e1.salary < t_employee_0.salary)
  Rows Removed by Join Filter: 50158
  Buffers: shared hit=1274, temp read=410 written=410
  ->  Seq Scan on employee t_employee_0  (cost=0.00..1637.00 rows=100000 width=17) (actual rows=100000 loops=1)
        Buffers: shared hit=637
  ->  Hash  (cost=1637.00..1637.00 rows=100000 width=8) (actual rows=100000 loops=1)
        Buckets: 131072  Batches: 2  Memory Usage: 2984kB
        Buffers: shared hit=637, temp written=170
        ->  Seq Scan on employee e1  (cost=0.00..1637.00 rows=100000 width=8) (actual rows=100000 loops=1)
              Buffers: shared hit=637
Planning:
  Buffers: shared hit=6
Planning Time: 0.183 ms
Execution Time: 75.659 ms",74.528,6740.5,49842,"Hash Join  (cost=3278.00..6740.50 rows=33333 width=9) (actual rows=49842 loops=1)
  Hash Cond: (t_employee_0.managerid = e1.id)
  Join Filter: (e1.salary < t_employee_0.salary)
  Rows Removed by Join Filter: 50158
  Buffers: shared hit=1274, temp read=410 written=410
  ->  Seq Scan on employee t_employee_0  (cost=0.00..1637.00 rows=100000 width=17) (actual rows=100000 loops=1)
        Buffers: shared hit=637
  ->  Hash  (cost=1637.00..1637.00 rows=100000 width=8) (actual rows=100000 loops=1)
        Buckets: 131072  Batches: 2  Memory Usage: 2984kB
        Buffers: shared hit=637, temp written=170
        ->  Seq Scan on employee e1  (cost=0.00..1637.00 rows=100000 width=8) (actual rows=100000 loops=1)
              Buffers: shared hit=637
Planning:
  Buffers: shared hit=6
Planning Time: 0.184 ms
Execution Time: 74.528 ms",77.952,6740.5,49842,"Hash Join  (cost=3278.00..6740.50 rows=33333 width=9) (actual rows=49842 loops=1)
  Hash Cond: (t_employee_0.managerid = e1.id)
  Join Filter: (e1.salary < t_employee_0.salary)
  Rows Removed by Join Filter: 50158
  Buffers: shared hit=1274, temp read=410 written=410
  ->  Seq Scan on employee t_employee_0  (cost=0.00..1637.00 rows=100000 width=17) (actual rows=100000 loops=1)
        Buffers: shared hit=637
  ->  Hash  (cost=1637.00..1637.00 rows=100000 width=8) (actual rows=100000 loops=1)
        Buckets: 131072  Batches: 2  Memory Usage: 2984kB
        Buffers: shared hit=637, temp written=170
        ->  Seq Scan on employee e1  (cost=0.00..1637.00 rows=100000 width=8) (actual rows=100000 loops=1)
              Buffers: shared hit=637
Planning:
  Buffers: shared hit=6
Planning Time: 0.187 ms
Execution Time: 77.952 ms",82.1066,75.659,92.948,119.9408,6740.5,6740.5,49842,49842,49842,49842
122,182,1,Easy,select t_person_0.email as email from schema_182.person as t_person_0 group by t_person_0.email having 2 <= count(t_person_0.email),54.114,10544.43,29537,"HashAggregate  (cost=8824.50..10544.43 rows=14615 width=18) (actual rows=29537 loops=1)
  Group Key: email
  Filter: (2 <= count(email))
  Batches: 5  Memory Usage: 4657kB  Disk Usage: 1736kB
  Rows Removed by Filter: 22328
  Buffers: shared hit=637, temp read=195 written=360
  ->  Seq Scan on person t_person_0  (cost=0.00..1637.00 rows=100000 width=18) (actual rows=100000 loops=1)
        Buffers: shared hit=637
Planning Time: 0.063 ms
Execution Time: 54.114 ms",57.642,10544.43,29537,"HashAggregate  (cost=8824.50..10544.43 rows=14615 width=18) (actual rows=29537 loops=1)
  Group Key: email
  Filter: (2 <= count(email))
  Batches: 5  Memory Usage: 4657kB  Disk Usage: 1736kB
  Rows Removed by Filter: 22328
  Buffers: shared hit=637, temp read=195 written=360
  ->  Seq Scan on person t_person_0  (cost=0.00..1637.00 rows=100000 width=18) (actual rows=100000 loops=1)
        Buffers: shared hit=637
Planning Time: 0.066 ms
Execution Time: 57.642 ms",58.063,10544.43,29537,"HashAggregate  (cost=8824.50..10544.43 rows=14615 width=18) (actual rows=29537 loops=1)
  Group Key: email
  Filter: (2 <= count(email))
  Batches: 5  Memory Usage: 4657kB  Disk Usage: 1736kB
  Rows Removed by Filter: 22328
  Buffers: shared hit=637, temp read=195 written=360
  ->  Seq Scan on person t_person_0  (cost=0.00..1637.00 rows=100000 width=18) (actual rows=100000 loops=1)
        Buffers: shared hit=637
Planning Time: 0.063 ms
Execution Time: 58.063 ms",59.886,10544.43,29537,"HashAggregate  (cost=8824.50..10544.43 rows=14615 width=18) (actual rows=29537 loops=1)
  Group Key: email
  Filter: (2 <= count(email))
  Batches: 5  Memory Usage: 4657kB  Disk Usage: 1736kB
  Rows Removed by Filter: 22328
  Buffers: shared hit=637, temp read=195 written=360
  ->  Seq Scan on person t_person_0  (cost=0.00..1637.00 rows=100000 width=18) (actual rows=100000 loops=1)
        Buffers: shared hit=637
Planning Time: 0.065 ms
Execution Time: 59.886 ms",61.537,10544.43,29537,"HashAggregate  (cost=8824.50..10544.43 rows=14615 width=18) (actual rows=29537 loops=1)
  Group Key: email
  Filter: (2 <= count(email))
  Batches: 5  Memory Usage: 4657kB  Disk Usage: 1736kB
  Rows Removed by Filter: 22328
  Buffers: shared hit=637, temp read=195 written=360
  ->  Seq Scan on person t_person_0  (cost=0.00..1637.00 rows=100000 width=18) (actual rows=100000 loops=1)
        Buffers: shared hit=637
Planning Time: 0.059 ms
Execution Time: 61.537 ms",58.2484,58.063,60.7115,62.1974,10544.43,10544.43,29537,29537,29537,29537
123,182,2,Easy,select t_person_0.email as email from schema_182.person as t_person_0 group by t_person_0.email having 1 < count(t_person_0.id),49.281,10544.43,29537,"HashAggregate  (cost=8824.50..10544.43 rows=14615 width=18) (actual rows=29537 loops=1)
  Group Key: email
  Filter: (1 < count(id))
  Batches: 5  Memory Usage: 4657kB  Disk Usage: 1776kB
  Rows Removed by Filter: 22328
  Buffers: shared hit=637, temp read=215 written=380
  ->  Seq Scan on person t_person_0  (cost=0.00..1637.00 rows=100000 width=22) (actual rows=100000 loops=1)
        Buffers: shared hit=637
Planning Time: 0.048 ms
Execution Time: 49.281 ms",56.203,10544.43,29537,"HashAggregate  (cost=8824.50..10544.43 rows=14615 width=18) (actual rows=29537 loops=1)
  Group Key: email
  Filter: (1 < count(id))
  Batches: 5  Memory Usage: 4657kB  Disk Usage: 1776kB
  Rows Removed by Filter: 22328
  Buffers: shared hit=637, temp read=215 written=380
  ->  Seq Scan on person t_person_0  (cost=0.00..1637.00 rows=100000 width=22) (actual rows=100000 loops=1)
        Buffers: shared hit=637
Planning Time: 0.064 ms
Execution Time: 56.203 ms",55.467,10544.43,29537,"HashAggregate  (cost=8824.50..10544.43 rows=14615 width=18) (actual rows=29537 loops=1)
  Group Key: email
  Filter: (1 < count(id))
  Batches: 5  Memory Usage: 4657kB  Disk Usage: 1776kB
  Rows Removed by Filter: 22328
  Buffers: shared hit=637, temp read=215 written=380
  ->  Seq Scan on person t_person_0  (cost=0.00..1637.00 rows=100000 width=22) (actual rows=100000 loops=1)
        Buffers: shared hit=637
Planning Time: 0.071 ms
Execution Time: 55.467 ms",55.852,10544.43,29537,"HashAggregate  (cost=8824.50..10544.43 rows=14615 width=18) (actual rows=29537 loops=1)
  Group Key: email
  Filter: (1 < count(id))
  Batches: 5  Memory Usage: 4657kB  Disk Usage: 1776kB
  Rows Removed by Filter: 22328
  Buffers: shared hit=637, temp read=215 written=380
  ->  Seq Scan on person t_person_0  (cost=0.00..1637.00 rows=100000 width=22) (actual rows=100000 loops=1)
        Buffers: shared hit=637
Planning Time: 0.063 ms
Execution Time: 55.852 ms",57.484,10544.43,29537,"HashAggregate  (cost=8824.50..10544.43 rows=14615 width=18) (actual rows=29537 loops=1)
  Group Key: email
  Filter: (1 < count(id))
  Batches: 5  Memory Usage: 4657kB  Disk Usage: 1776kB
  Rows Removed by Filter: 22328
  Buffers: shared hit=637, temp read=215 written=380
  ->  Seq Scan on person t_person_0  (cost=0.00..1637.00 rows=100000 width=22) (actual rows=100000 loops=1)
        Buffers: shared hit=637
Planning Time: 0.060 ms
Execution Time: 57.484 ms",54.8574,55.852,56.8435,57.9964,10544.43,10544.43,29537,29537,29537,29537
124,182,20,Easy,select t_person_0.email as email from schema_182.person as t_person_0 group by t_person_0.email having 1 < count(t_person_0.email),55.679,10544.43,29537,"HashAggregate  (cost=8824.50..10544.43 rows=14615 width=18) (actual rows=29537 loops=1)
  Group Key: email
  Filter: (1 < count(email))
  Batches: 5  Memory Usage: 4657kB  Disk Usage: 1736kB
  Rows Removed by Filter: 22328
  Buffers: shared hit=637, temp read=195 written=360
  ->  Seq Scan on person t_person_0  (cost=0.00..1637.00 rows=100000 width=18) (actual rows=100000 loops=1)
        Buffers: shared hit=637
Planning Time: 0.072 ms
Execution Time: 55.679 ms",59.517,10544.43,29537,"HashAggregate  (cost=8824.50..10544.43 rows=14615 width=18) (actual rows=29537 loops=1)
  Group Key: email
  Filter: (1 < count(email))
  Batches: 5  Memory Usage: 4657kB  Disk Usage: 1736kB
  Rows Removed by Filter: 22328
  Buffers: shared hit=637, temp read=195 written=360
  ->  Seq Scan on person t_person_0  (cost=0.00..1637.00 rows=100000 width=18) (actual rows=100000 loops=1)
        Buffers: shared hit=637
Planning Time: 0.065 ms
Execution Time: 59.517 ms",55.899,10544.43,29537,"HashAggregate  (cost=8824.50..10544.43 rows=14615 width=18) (actual rows=29537 loops=1)
  Group Key: email
  Filter: (1 < count(email))
  Batches: 5  Memory Usage: 4657kB  Disk Usage: 1736kB
  Rows Removed by Filter: 22328
  Buffers: shared hit=637, temp read=195 written=360
  ->  Seq Scan on person t_person_0  (cost=0.00..1637.00 rows=100000 width=18) (actual rows=100000 loops=1)
        Buffers: shared hit=637
Planning Time: 0.059 ms
Execution Time: 55.899 ms",58.356,10544.43,29537,"HashAggregate  (cost=8824.50..10544.43 rows=14615 width=18) (actual rows=29537 loops=1)
  Group Key: email
  Filter: (1 < count(email))
  Batches: 5  Memory Usage: 4657kB  Disk Usage: 1736kB
  Rows Removed by Filter: 22328
  Buffers: shared hit=637, temp read=195 written=360
  ->  Seq Scan on person t_person_0  (cost=0.00..1637.00 rows=100000 width=18) (actual rows=100000 loops=1)
        Buffers: shared hit=637
Planning Time: 0.064 ms
Execution Time: 58.356 ms",56.475,10544.43,29537,"HashAggregate  (cost=8824.50..10544.43 rows=14615 width=18) (actual rows=29537 loops=1)
  Group Key: email
  Filter: (1 < count(email))
  Batches: 5  Memory Usage: 4657kB  Disk Usage: 1736kB
  Rows Removed by Filter: 22328
  Buffers: shared hit=637, temp read=195 written=360
  ->  Seq Scan on person t_person_0  (cost=0.00..1637.00 rows=100000 width=18) (actual rows=100000 loops=1)
        Buffers: shared hit=637
Planning Time: 0.136 ms
Execution Time: 56.475 ms",57.1852,56.475,58.9365,59.9814,10544.43,10544.43,29537,29537,29537,29537
125,182,24,Easy,select t_person_0.email as email from schema_182.person as t_person_0 group by t_person_0.email having 1 < count(t_person_0.email),64.071,10544.43,29537,"HashAggregate  (cost=8824.50..10544.43 rows=14615 width=18) (actual rows=29537 loops=1)
  Group Key: email
  Filter: (1 < count(email))
  Batches: 5  Memory Usage: 4657kB  Disk Usage: 1736kB
  Rows Removed by Filter: 22328
  Buffers: shared hit=637, temp read=195 written=360
  ->  Seq Scan on person t_person_0  (cost=0.00..1637.00 rows=100000 width=18) (actual rows=100000 loops=1)
        Buffers: shared hit=637
Planning Time: 0.048 ms
Execution Time: 64.071 ms",59.255,10544.43,29537,"HashAggregate  (cost=8824.50..10544.43 rows=14615 width=18) (actual rows=29537 loops=1)
  Group Key: email
  Filter: (1 < count(email))
  Batches: 5  Memory Usage: 4657kB  Disk Usage: 1736kB
  Rows Removed by Filter: 22328
  Buffers: shared hit=637, temp read=195 written=360
  ->  Seq Scan on person t_person_0  (cost=0.00..1637.00 rows=100000 width=18) (actual rows=100000 loops=1)
        Buffers: shared hit=637
Planning Time: 0.066 ms
Execution Time: 59.255 ms",55.216,10544.43,29537,"HashAggregate  (cost=8824.50..10544.43 rows=14615 width=18) (actual rows=29537 loops=1)
  Group Key: email
  Filter: (1 < count(email))
  Batches: 5  Memory Usage: 4657kB  Disk Usage: 1736kB
  Rows Removed by Filter: 22328
  Buffers: shared hit=637, temp read=195 written=360
  ->  Seq Scan on person t_person_0  (cost=0.00..1637.00 rows=100000 width=18) (actual rows=100000 loops=1)
        Buffers: shared hit=637
Planning Time: 0.067 ms
Execution Time: 55.216 ms",58.792,10544.43,29537,"HashAggregate  (cost=8824.50..10544.43 rows=14615 width=18) (actual rows=29537 loops=1)
  Group Key: email
  Filter: (1 < count(email))
  Batches: 5  Memory Usage: 4657kB  Disk Usage: 1736kB
  Rows Removed by Filter: 22328
  Buffers: shared hit=637, temp read=195 written=360
  ->  Seq Scan on person t_person_0  (cost=0.00..1637.00 rows=100000 width=18) (actual rows=100000 loops=1)
        Buffers: shared hit=637
Planning Time: 0.113 ms
Execution Time: 58.792 ms",66.146,10544.43,29537,"HashAggregate  (cost=8824.50..10544.43 rows=14615 width=18) (actual rows=29537 loops=1)
  Group Key: email
  Filter: (1 < count(email))
  Batches: 5  Memory Usage: 4657kB  Disk Usage: 1736kB
  Rows Removed by Filter: 22328
  Buffers: shared hit=637, temp read=195 written=360
  ->  Seq Scan on person t_person_0  (cost=0.00..1637.00 rows=100000 width=18) (actual rows=100000 loops=1)
        Buffers: shared hit=637
Planning Time: 0.068 ms
Execution Time: 66.146 ms",60.696,59.255,65.1085,66.976,10544.43,10544.43,29537,29537,29537,29537
128,182,29,Easy,select t_person_0.email as email from schema_182.person as t_person_0 group by t_person_0.email having 1 < count(t_person_0.email),65.48,10544.43,29537,"HashAggregate  (cost=8824.50..10544.43 rows=14615 width=18) (actual rows=29537 loops=1)
  Group Key: email
  Filter: (1 < count(email))
  Batches: 5  Memory Usage: 4657kB  Disk Usage: 1736kB
  Rows Removed by Filter: 22328
  Buffers: shared hit=637, temp read=195 written=360
  ->  Seq Scan on person t_person_0  (cost=0.00..1637.00 rows=100000 width=18) (actual rows=100000 loops=1)
        Buffers: shared hit=637
Planning Time: 0.052 ms
Execution Time: 65.480 ms",57.939,10544.43,29537,"HashAggregate  (cost=8824.50..10544.43 rows=14615 width=18) (actual rows=29537 loops=1)
  Group Key: email
  Filter: (1 < count(email))
  Batches: 5  Memory Usage: 4657kB  Disk Usage: 1736kB
  Rows Removed by Filter: 22328
  Buffers: shared hit=637, temp read=195 written=360
  ->  Seq Scan on person t_person_0  (cost=0.00..1637.00 rows=100000 width=18) (actual rows=100000 loops=1)
        Buffers: shared hit=637
Planning Time: 0.072 ms
Execution Time: 57.939 ms",60.547,10544.43,29537,"HashAggregate  (cost=8824.50..10544.43 rows=14615 width=18) (actual rows=29537 loops=1)
  Group Key: email
  Filter: (1 < count(email))
  Batches: 5  Memory Usage: 4657kB  Disk Usage: 1736kB
  Rows Removed by Filter: 22328
  Buffers: shared hit=637, temp read=195 written=360
  ->  Seq Scan on person t_person_0  (cost=0.00..1637.00 rows=100000 width=18) (actual rows=100000 loops=1)
        Buffers: shared hit=637
Planning Time: 0.062 ms
Execution Time: 60.547 ms",59.436,10544.43,29537,"HashAggregate  (cost=8824.50..10544.43 rows=14615 width=18) (actual rows=29537 loops=1)
  Group Key: email
  Filter: (1 < count(email))
  Batches: 5  Memory Usage: 4657kB  Disk Usage: 1736kB
  Rows Removed by Filter: 22328
  Buffers: shared hit=637, temp read=195 written=360
  ->  Seq Scan on person t_person_0  (cost=0.00..1637.00 rows=100000 width=18) (actual rows=100000 loops=1)
        Buffers: shared hit=637
Planning Time: 0.058 ms
Execution Time: 59.436 ms",56.769,10544.43,29537,"HashAggregate  (cost=8824.50..10544.43 rows=14615 width=18) (actual rows=29537 loops=1)
  Group Key: email
  Filter: (1 < count(email))
  Batches: 5  Memory Usage: 4657kB  Disk Usage: 1736kB
  Rows Removed by Filter: 22328
  Buffers: shared hit=637, temp read=195 written=360
  ->  Seq Scan on person t_person_0  (cost=0.00..1637.00 rows=100000 width=18) (actual rows=100000 loops=1)
        Buffers: shared hit=637
Planning Time: 0.098 ms
Execution Time: 56.769 ms",60.0342,59.436,63.0135,67.4532,10544.43,10544.43,29537,29537,29537,29537
129,182,30,Easy,select t_person_0.email as email from schema_182.person as t_person_0 group by t_person_0.email having 1 < count(t_person_0.email),52.096,10544.43,29537,"HashAggregate  (cost=8824.50..10544.43 rows=14615 width=18) (actual rows=29537 loops=1)
  Group Key: email
  Filter: (1 < count(email))
  Batches: 5  Memory Usage: 4657kB  Disk Usage: 1736kB
  Rows Removed by Filter: 22328
  Buffers: shared hit=637, temp read=195 written=360
  ->  Seq Scan on person t_person_0  (cost=0.00..1637.00 rows=100000 width=18) (actual rows=100000 loops=1)
        Buffers: shared hit=637
Planning Time: 0.051 ms
Execution Time: 52.096 ms",60.984,10544.43,29537,"HashAggregate  (cost=8824.50..10544.43 rows=14615 width=18) (actual rows=29537 loops=1)
  Group Key: email
  Filter: (1 < count(email))
  Batches: 5  Memory Usage: 4657kB  Disk Usage: 1736kB
  Rows Removed by Filter: 22328
  Buffers: shared hit=637, temp read=195 written=360
  ->  Seq Scan on person t_person_0  (cost=0.00..1637.00 rows=100000 width=18) (actual rows=100000 loops=1)
        Buffers: shared hit=637
Planning Time: 0.064 ms
Execution Time: 60.984 ms",57.703,10544.43,29537,"HashAggregate  (cost=8824.50..10544.43 rows=14615 width=18) (actual rows=29537 loops=1)
  Group Key: email
  Filter: (1 < count(email))
  Batches: 5  Memory Usage: 4657kB  Disk Usage: 1736kB
  Rows Removed by Filter: 22328
  Buffers: shared hit=637, temp read=195 written=360
  ->  Seq Scan on person t_person_0  (cost=0.00..1637.00 rows=100000 width=18) (actual rows=100000 loops=1)
        Buffers: shared hit=637
Planning Time: 0.072 ms
Execution Time: 57.703 ms",58.431,10544.43,29537,"HashAggregate  (cost=8824.50..10544.43 rows=14615 width=18) (actual rows=29537 loops=1)
  Group Key: email
  Filter: (1 < count(email))
  Batches: 5  Memory Usage: 4657kB  Disk Usage: 1736kB
  Rows Removed by Filter: 22328
  Buffers: shared hit=637, temp read=195 written=360
  ->  Seq Scan on person t_person_0  (cost=0.00..1637.00 rows=100000 width=18) (actual rows=100000 loops=1)
        Buffers: shared hit=637
Planning Time: 0.103 ms
Execution Time: 58.431 ms",59.396,10544.43,29537,"HashAggregate  (cost=8824.50..10544.43 rows=14615 width=18) (actual rows=29537 loops=1)
  Group Key: email
  Filter: (1 < count(email))
  Batches: 5  Memory Usage: 4657kB  Disk Usage: 1736kB
  Rows Removed by Filter: 22328
  Buffers: shared hit=637, temp read=195 written=360
  ->  Seq Scan on person t_person_0  (cost=0.00..1637.00 rows=100000 width=18) (actual rows=100000 loops=1)
        Buffers: shared hit=637
Planning Time: 0.079 ms
Execution Time: 59.396 ms",57.722,58.431,60.19,61.6192,10544.43,10544.43,29537,29537,29537,29537
130,182,31,Easy,select t_person_0.email as email from schema_182.person as t_person_0 group by t_person_0.email having 1 < count(t_person_0.email),58.308,10544.43,29537,"HashAggregate  (cost=8824.50..10544.43 rows=14615 width=18) (actual rows=29537 loops=1)
  Group Key: email
  Filter: (1 < count(email))
  Batches: 5  Memory Usage: 4657kB  Disk Usage: 1736kB
  Rows Removed by Filter: 22328
  Buffers: shared hit=637, temp read=195 written=360
  ->  Seq Scan on person t_person_0  (cost=0.00..1637.00 rows=100000 width=18) (actual rows=100000 loops=1)
        Buffers: shared hit=637
Planning Time: 0.061 ms
Execution Time: 58.308 ms",69.062,10544.43,29537,"HashAggregate  (cost=8824.50..10544.43 rows=14615 width=18) (actual rows=29537 loops=1)
  Group Key: email
  Filter: (1 < count(email))
  Batches: 5  Memory Usage: 4657kB  Disk Usage: 1736kB
  Rows Removed by Filter: 22328
  Buffers: shared hit=637, temp read=195 written=360
  ->  Seq Scan on person t_person_0  (cost=0.00..1637.00 rows=100000 width=18) (actual rows=100000 loops=1)
        Buffers: shared hit=637
Planning Time: 0.068 ms
Execution Time: 69.062 ms",76.349,10544.43,29537,"HashAggregate  (cost=8824.50..10544.43 rows=14615 width=18) (actual rows=29537 loops=1)
  Group Key: email
  Filter: (1 < count(email))
  Batches: 5  Memory Usage: 4657kB  Disk Usage: 1736kB
  Rows Removed by Filter: 22328
  Buffers: shared hit=637, temp read=195 written=360
  ->  Seq Scan on person t_person_0  (cost=0.00..1637.00 rows=100000 width=18) (actual rows=100000 loops=1)
        Buffers: shared hit=637
Planning Time: 0.070 ms
Execution Time: 76.349 ms",56.479,10544.43,29537,"HashAggregate  (cost=8824.50..10544.43 rows=14615 width=18) (actual rows=29537 loops=1)
  Group Key: email
  Filter: (1 < count(email))
  Batches: 5  Memory Usage: 4657kB  Disk Usage: 1736kB
  Rows Removed by Filter: 22328
  Buffers: shared hit=637, temp read=195 written=360
  ->  Seq Scan on person t_person_0  (cost=0.00..1637.00 rows=100000 width=18) (actual rows=100000 loops=1)
        Buffers: shared hit=637
Planning Time: 0.074 ms
Execution Time: 56.479 ms",65.316,10544.43,29537,"HashAggregate  (cost=8824.50..10544.43 rows=14615 width=18) (actual rows=29537 loops=1)
  Group Key: email
  Filter: (1 < count(email))
  Batches: 5  Memory Usage: 4657kB  Disk Usage: 1736kB
  Rows Removed by Filter: 22328
  Buffers: shared hit=637, temp read=195 written=360
  ->  Seq Scan on person t_person_0  (cost=0.00..1637.00 rows=100000 width=18) (actual rows=100000 loops=1)
        Buffers: shared hit=637
Planning Time: 0.060 ms
Execution Time: 65.316 ms",65.1028,65.316,72.7055,79.2638,10544.43,10544.43,29537,29537,29537,29537
131,182,32,Easy,select t_person_0.email as email from schema_182.person as t_person_0 group by t_person_0.email having 1 < count(t_person_0.email),54.698,10544.43,29537,"HashAggregate  (cost=8824.50..10544.43 rows=14615 width=18) (actual rows=29537 loops=1)
  Group Key: email
  Filter: (1 < count(email))
  Batches: 5  Memory Usage: 4657kB  Disk Usage: 1736kB
  Rows Removed by Filter: 22328
  Buffers: shared hit=637, temp read=195 written=360
  ->  Seq Scan on person t_person_0  (cost=0.00..1637.00 rows=100000 width=18) (actual rows=100000 loops=1)
        Buffers: shared hit=637
Planning Time: 0.045 ms
Execution Time: 54.698 ms",87,10544.43,29537,"HashAggregate  (cost=8824.50..10544.43 rows=14615 width=18) (actual rows=29537 loops=1)
  Group Key: email
  Filter: (1 < count(email))
  Batches: 5  Memory Usage: 4657kB  Disk Usage: 1736kB
  Rows Removed by Filter: 22328
  Buffers: shared hit=637, temp read=195 written=360
  ->  Seq Scan on person t_person_0  (cost=0.00..1637.00 rows=100000 width=18) (actual rows=100000 loops=1)
        Buffers: shared hit=637
Planning Time: 0.062 ms
Execution Time: 87.000 ms",66.514,10544.43,29537,"HashAggregate  (cost=8824.50..10544.43 rows=14615 width=18) (actual rows=29537 loops=1)
  Group Key: email
  Filter: (1 < count(email))
  Batches: 5  Memory Usage: 4657kB  Disk Usage: 1736kB
  Rows Removed by Filter: 22328
  Buffers: shared hit=637, temp read=195 written=360
  ->  Seq Scan on person t_person_0  (cost=0.00..1637.00 rows=100000 width=18) (actual rows=100000 loops=1)
        Buffers: shared hit=637
Planning Time: 0.064 ms
Execution Time: 66.514 ms",57.882,10544.43,29537,"HashAggregate  (cost=8824.50..10544.43 rows=14615 width=18) (actual rows=29537 loops=1)
  Group Key: email
  Filter: (1 < count(email))
  Batches: 5  Memory Usage: 4657kB  Disk Usage: 1736kB
  Rows Removed by Filter: 22328
  Buffers: shared hit=637, temp read=195 written=360
  ->  Seq Scan on person t_person_0  (cost=0.00..1637.00 rows=100000 width=18) (actual rows=100000 loops=1)
        Buffers: shared hit=637
Planning Time: 0.073 ms
Execution Time: 57.882 ms",55.803,10544.43,29537,"HashAggregate  (cost=8824.50..10544.43 rows=14615 width=18) (actual rows=29537 loops=1)
  Group Key: email
  Filter: (1 < count(email))
  Batches: 5  Memory Usage: 4657kB  Disk Usage: 1736kB
  Rows Removed by Filter: 22328
  Buffers: shared hit=637, temp read=195 written=360
  ->  Seq Scan on person t_person_0  (cost=0.00..1637.00 rows=100000 width=18) (actual rows=100000 loops=1)
        Buffers: shared hit=637
Planning Time: 0.079 ms
Execution Time: 55.803 ms",64.3794,57.882,76.757,95.1944,10544.43,10544.43,29537,29537,29537,29537
132,182,36,Easy,select t_person_0.email as email from schema_182.person as t_person_0 group by t_person_0.email having 1 < count(t_person_0.email),53.038,10544.43,29537,"HashAggregate  (cost=8824.50..10544.43 rows=14615 width=18) (actual rows=29537 loops=1)
  Group Key: email
  Filter: (1 < count(email))
  Batches: 5  Memory Usage: 4657kB  Disk Usage: 1736kB
  Rows Removed by Filter: 22328
  Buffers: shared hit=637, temp read=195 written=360
  ->  Seq Scan on person t_person_0  (cost=0.00..1637.00 rows=100000 width=18) (actual rows=100000 loops=1)
        Buffers: shared hit=637
Planning Time: 0.051 ms
Execution Time: 53.038 ms",62.866,10544.43,29537,"HashAggregate  (cost=8824.50..10544.43 rows=14615 width=18) (actual rows=29537 loops=1)
  Group Key: email
  Filter: (1 < count(email))
  Batches: 5  Memory Usage: 4657kB  Disk Usage: 1736kB
  Rows Removed by Filter: 22328
  Buffers: shared hit=637, temp read=195 written=360
  ->  Seq Scan on person t_person_0  (cost=0.00..1637.00 rows=100000 width=18) (actual rows=100000 loops=1)
        Buffers: shared hit=637
Planning Time: 0.066 ms
Execution Time: 62.866 ms",56.901,10544.43,29537,"HashAggregate  (cost=8824.50..10544.43 rows=14615 width=18) (actual rows=29537 loops=1)
  Group Key: email
  Filter: (1 < count(email))
  Batches: 5  Memory Usage: 4657kB  Disk Usage: 1736kB
  Rows Removed by Filter: 22328
  Buffers: shared hit=637, temp read=195 written=360
  ->  Seq Scan on person t_person_0  (cost=0.00..1637.00 rows=100000 width=18) (actual rows=100000 loops=1)
        Buffers: shared hit=637
Planning Time: 0.139 ms
Execution Time: 56.901 ms",59.256,10544.43,29537,"HashAggregate  (cost=8824.50..10544.43 rows=14615 width=18) (actual rows=29537 loops=1)
  Group Key: email
  Filter: (1 < count(email))
  Batches: 5  Memory Usage: 4657kB  Disk Usage: 1736kB
  Rows Removed by Filter: 22328
  Buffers: shared hit=637, temp read=195 written=360
  ->  Seq Scan on person t_person_0  (cost=0.00..1637.00 rows=100000 width=18) (actual rows=100000 loops=1)
        Buffers: shared hit=637
Planning Time: 0.058 ms
Execution Time: 59.256 ms",59.268,10544.43,29537,"HashAggregate  (cost=8824.50..10544.43 rows=14615 width=18) (actual rows=29537 loops=1)
  Group Key: email
  Filter: (1 < count(email))
  Batches: 5  Memory Usage: 4657kB  Disk Usage: 1736kB
  Rows Removed by Filter: 22328
  Buffers: shared hit=637, temp read=195 written=360
  ->  Seq Scan on person t_person_0  (cost=0.00..1637.00 rows=100000 width=18) (actual rows=100000 loops=1)
        Buffers: shared hit=637
Planning Time: 0.071 ms
Execution Time: 59.268 ms",58.2658,59.256,61.067,64.3052,10544.43,10544.43,29537,29537,29537,29537
133,182,37,Easy,select t_person_0.email as email from schema_182.person as t_person_0 group by t_person_0.email having 1 < count(t_person_0.email),56.897,10544.43,29537,"HashAggregate  (cost=8824.50..10544.43 rows=14615 width=18) (actual rows=29537 loops=1)
  Group Key: email
  Filter: (1 < count(email))
  Batches: 5  Memory Usage: 4657kB  Disk Usage: 1736kB
  Rows Removed by Filter: 22328
  Buffers: shared hit=637, temp read=195 written=360
  ->  Seq Scan on person t_person_0  (cost=0.00..1637.00 rows=100000 width=18) (actual rows=100000 loops=1)
        Buffers: shared hit=637
Planning Time: 0.055 ms
Execution Time: 56.897 ms",59.337,10544.43,29537,"HashAggregate  (cost=8824.50..10544.43 rows=14615 width=18) (actual rows=29537 loops=1)
  Group Key: email
  Filter: (1 < count(email))
  Batches: 5  Memory Usage: 4657kB  Disk Usage: 1736kB
  Rows Removed by Filter: 22328
  Buffers: shared hit=637, temp read=195 written=360
  ->  Seq Scan on person t_person_0  (cost=0.00..1637.00 rows=100000 width=18) (actual rows=100000 loops=1)
        Buffers: shared hit=637
Planning Time: 0.063 ms
Execution Time: 59.337 ms",56.813,10544.43,29537,"HashAggregate  (cost=8824.50..10544.43 rows=14615 width=18) (actual rows=29537 loops=1)
  Group Key: email
  Filter: (1 < count(email))
  Batches: 5  Memory Usage: 4657kB  Disk Usage: 1736kB
  Rows Removed by Filter: 22328
  Buffers: shared hit=637, temp read=195 written=360
  ->  Seq Scan on person t_person_0  (cost=0.00..1637.00 rows=100000 width=18) (actual rows=100000 loops=1)
        Buffers: shared hit=637
Planning Time: 0.088 ms
Execution Time: 56.813 ms",56.65,10544.43,29537,"HashAggregate  (cost=8824.50..10544.43 rows=14615 width=18) (actual rows=29537 loops=1)
  Group Key: email
  Filter: (1 < count(email))
  Batches: 5  Memory Usage: 4657kB  Disk Usage: 1736kB
  Rows Removed by Filter: 22328
  Buffers: shared hit=637, temp read=195 written=360
  ->  Seq Scan on person t_person_0  (cost=0.00..1637.00 rows=100000 width=18) (actual rows=100000 loops=1)
        Buffers: shared hit=637
Planning Time: 0.070 ms
Execution Time: 56.650 ms",56.438,10544.43,29537,"HashAggregate  (cost=8824.50..10544.43 rows=14615 width=18) (actual rows=29537 loops=1)
  Group Key: email
  Filter: (1 < count(email))
  Batches: 5  Memory Usage: 4657kB  Disk Usage: 1736kB
  Rows Removed by Filter: 22328
  Buffers: shared hit=637, temp read=195 written=360
  ->  Seq Scan on person t_person_0  (cost=0.00..1637.00 rows=100000 width=18) (actual rows=100000 loops=1)
        Buffers: shared hit=637
Planning Time: 0.065 ms
Execution Time: 56.438 ms",57.227,56.813,58.117,60.313,10544.43,10544.43,29537,29537,29537,29537
134,182,48,Easy,select t_person_0.email as email from schema_182.person as t_person_0 group by t_person_0.email having 1 < count(t_person_0.id),52.033,10544.43,29537,"HashAggregate  (cost=8824.50..10544.43 rows=14615 width=18) (actual rows=29537 loops=1)
  Group Key: email
  Filter: (1 < count(id))
  Batches: 5  Memory Usage: 4657kB  Disk Usage: 1776kB
  Rows Removed by Filter: 22328
  Buffers: shared hit=637, temp read=215 written=380
  ->  Seq Scan on person t_person_0  (cost=0.00..1637.00 rows=100000 width=22) (actual rows=100000 loops=1)
        Buffers: shared hit=637
Planning Time: 0.046 ms
Execution Time: 52.033 ms",57.563,10544.43,29537,"HashAggregate  (cost=8824.50..10544.43 rows=14615 width=18) (actual rows=29537 loops=1)
  Group Key: email
  Filter: (1 < count(id))
  Batches: 5  Memory Usage: 4657kB  Disk Usage: 1776kB
  Rows Removed by Filter: 22328
  Buffers: shared hit=637, temp read=215 written=380
  ->  Seq Scan on person t_person_0  (cost=0.00..1637.00 rows=100000 width=22) (actual rows=100000 loops=1)
        Buffers: shared hit=637
Planning Time: 0.063 ms
Execution Time: 57.563 ms",54.153,10544.43,29537,"HashAggregate  (cost=8824.50..10544.43 rows=14615 width=18) (actual rows=29537 loops=1)
  Group Key: email
  Filter: (1 < count(id))
  Batches: 5  Memory Usage: 4657kB  Disk Usage: 1776kB
  Rows Removed by Filter: 22328
  Buffers: shared hit=637, temp read=215 written=380
  ->  Seq Scan on person t_person_0  (cost=0.00..1637.00 rows=100000 width=22) (actual rows=100000 loops=1)
        Buffers: shared hit=637
Planning Time: 0.069 ms
Execution Time: 54.153 ms",56.806,10544.43,29537,"HashAggregate  (cost=8824.50..10544.43 rows=14615 width=18) (actual rows=29537 loops=1)
  Group Key: email
  Filter: (1 < count(id))
  Batches: 5  Memory Usage: 4657kB  Disk Usage: 1776kB
  Rows Removed by Filter: 22328
  Buffers: shared hit=637, temp read=215 written=380
  ->  Seq Scan on person t_person_0  (cost=0.00..1637.00 rows=100000 width=22) (actual rows=100000 loops=1)
        Buffers: shared hit=637
Planning Time: 0.066 ms
Execution Time: 56.806 ms",55.6,10544.43,29537,"HashAggregate  (cost=8824.50..10544.43 rows=14615 width=18) (actual rows=29537 loops=1)
  Group Key: email
  Filter: (1 < count(id))
  Batches: 5  Memory Usage: 4657kB  Disk Usage: 1776kB
  Rows Removed by Filter: 22328
  Buffers: shared hit=637, temp read=215 written=380
  ->  Seq Scan on person t_person_0  (cost=0.00..1637.00 rows=100000 width=22) (actual rows=100000 loops=1)
        Buffers: shared hit=637
Planning Time: 0.089 ms
Execution Time: 55.600 ms",55.231,55.6,57.1845,57.8658,10544.43,10544.43,29537,29537,29537,29537
136,182,65,Easy,select t_person_0.email as email from schema_182.person as t_person_0 group by t_person_0.email having 1 < count(t_person_0.email),51.61,10544.43,29537,"HashAggregate  (cost=8824.50..10544.43 rows=14615 width=18) (actual rows=29537 loops=1)
  Group Key: email
  Filter: (1 < count(email))
  Batches: 5  Memory Usage: 4657kB  Disk Usage: 1736kB
  Rows Removed by Filter: 22328
  Buffers: shared hit=637, temp read=195 written=360
  ->  Seq Scan on person t_person_0  (cost=0.00..1637.00 rows=100000 width=18) (actual rows=100000 loops=1)
        Buffers: shared hit=637
Planning Time: 0.046 ms
Execution Time: 51.610 ms",61.537,10544.43,29537,"HashAggregate  (cost=8824.50..10544.43 rows=14615 width=18) (actual rows=29537 loops=1)
  Group Key: email
  Filter: (1 < count(email))
  Batches: 5  Memory Usage: 4657kB  Disk Usage: 1736kB
  Rows Removed by Filter: 22328
  Buffers: shared hit=637, temp read=195 written=360
  ->  Seq Scan on person t_person_0  (cost=0.00..1637.00 rows=100000 width=18) (actual rows=100000 loops=1)
        Buffers: shared hit=637
Planning Time: 0.063 ms
Execution Time: 61.537 ms",60.137,10544.43,29537,"HashAggregate  (cost=8824.50..10544.43 rows=14615 width=18) (actual rows=29537 loops=1)
  Group Key: email
  Filter: (1 < count(email))
  Batches: 5  Memory Usage: 4657kB  Disk Usage: 1736kB
  Rows Removed by Filter: 22328
  Buffers: shared hit=637, temp read=195 written=360
  ->  Seq Scan on person t_person_0  (cost=0.00..1637.00 rows=100000 width=18) (actual rows=100000 loops=1)
        Buffers: shared hit=637
Planning Time: 0.066 ms
Execution Time: 60.137 ms",59.305,10544.43,29537,"HashAggregate  (cost=8824.50..10544.43 rows=14615 width=18) (actual rows=29537 loops=1)
  Group Key: email
  Filter: (1 < count(email))
  Batches: 5  Memory Usage: 4657kB  Disk Usage: 1736kB
  Rows Removed by Filter: 22328
  Buffers: shared hit=637, temp read=195 written=360
  ->  Seq Scan on person t_person_0  (cost=0.00..1637.00 rows=100000 width=18) (actual rows=100000 loops=1)
        Buffers: shared hit=637
Planning Time: 0.064 ms
Execution Time: 59.305 ms",61.267,10544.43,29537,"HashAggregate  (cost=8824.50..10544.43 rows=14615 width=18) (actual rows=29537 loops=1)
  Group Key: email
  Filter: (1 < count(email))
  Batches: 5  Memory Usage: 4657kB  Disk Usage: 1736kB
  Rows Removed by Filter: 22328
  Buffers: shared hit=637, temp read=195 written=360
  ->  Seq Scan on person t_person_0  (cost=0.00..1637.00 rows=100000 width=18) (actual rows=100000 loops=1)
        Buffers: shared hit=637
Planning Time: 0.106 ms
Execution Time: 61.267 ms",58.7712,60.137,61.402,61.645,10544.43,10544.43,29537,29537,29537,29537
139,182,76,Easy,select t_person_0.email as email from schema_182.person as t_person_0 group by t_person_0.email having 1 < count(t_person_0.email),53.583,10544.43,29537,"HashAggregate  (cost=8824.50..10544.43 rows=14615 width=18) (actual rows=29537 loops=1)
  Group Key: email
  Filter: (1 < count(email))
  Batches: 5  Memory Usage: 4657kB  Disk Usage: 1736kB
  Rows Removed by Filter: 22328
  Buffers: shared hit=637, temp read=195 written=360
  ->  Seq Scan on person t_person_0  (cost=0.00..1637.00 rows=100000 width=18) (actual rows=100000 loops=1)
        Buffers: shared hit=637
Planning Time: 0.048 ms
Execution Time: 53.583 ms",59.051,10544.43,29537,"HashAggregate  (cost=8824.50..10544.43 rows=14615 width=18) (actual rows=29537 loops=1)
  Group Key: email
  Filter: (1 < count(email))
  Batches: 5  Memory Usage: 4657kB  Disk Usage: 1736kB
  Rows Removed by Filter: 22328
  Buffers: shared hit=637, temp read=195 written=360
  ->  Seq Scan on person t_person_0  (cost=0.00..1637.00 rows=100000 width=18) (actual rows=100000 loops=1)
        Buffers: shared hit=637
Planning Time: 0.061 ms
Execution Time: 59.051 ms",59.399,10544.43,29537,"HashAggregate  (cost=8824.50..10544.43 rows=14615 width=18) (actual rows=29537 loops=1)
  Group Key: email
  Filter: (1 < count(email))
  Batches: 5  Memory Usage: 4657kB  Disk Usage: 1736kB
  Rows Removed by Filter: 22328
  Buffers: shared hit=637, temp read=195 written=360
  ->  Seq Scan on person t_person_0  (cost=0.00..1637.00 rows=100000 width=18) (actual rows=100000 loops=1)
        Buffers: shared hit=637
Planning Time: 0.062 ms
Execution Time: 59.399 ms",61.239,10544.43,29537,"HashAggregate  (cost=8824.50..10544.43 rows=14615 width=18) (actual rows=29537 loops=1)
  Group Key: email
  Filter: (1 < count(email))
  Batches: 5  Memory Usage: 4657kB  Disk Usage: 1736kB
  Rows Removed by Filter: 22328
  Buffers: shared hit=637, temp read=195 written=360
  ->  Seq Scan on person t_person_0  (cost=0.00..1637.00 rows=100000 width=18) (actual rows=100000 loops=1)
        Buffers: shared hit=637
Planning Time: 0.062 ms
Execution Time: 61.239 ms",64.958,10544.43,29537,"HashAggregate  (cost=8824.50..10544.43 rows=14615 width=18) (actual rows=29537 loops=1)
  Group Key: email
  Filter: (1 < count(email))
  Batches: 5  Memory Usage: 4657kB  Disk Usage: 1736kB
  Rows Removed by Filter: 22328
  Buffers: shared hit=637, temp read=195 written=360
  ->  Seq Scan on person t_person_0  (cost=0.00..1637.00 rows=100000 width=18) (actual rows=100000 loops=1)
        Buffers: shared hit=637
Planning Time: 0.068 ms
Execution Time: 64.958 ms",59.646,59.399,63.0985,66.4456,10544.43,10544.43,29537,29537,29537,29537
140,182,77,Easy,select t_person_0.email as email from schema_182.person as t_person_0 group by t_person_0.email having 1 < count(t_person_0.email),52.294,10544.43,29537,"HashAggregate  (cost=8824.50..10544.43 rows=14615 width=18) (actual rows=29537 loops=1)
  Group Key: email
  Filter: (1 < count(email))
  Batches: 5  Memory Usage: 4657kB  Disk Usage: 1736kB
  Rows Removed by Filter: 22328
  Buffers: shared hit=637, temp read=195 written=360
  ->  Seq Scan on person t_person_0  (cost=0.00..1637.00 rows=100000 width=18) (actual rows=100000 loops=1)
        Buffers: shared hit=637
Planning Time: 0.060 ms
Execution Time: 52.294 ms",58.036,10544.43,29537,"HashAggregate  (cost=8824.50..10544.43 rows=14615 width=18) (actual rows=29537 loops=1)
  Group Key: email
  Filter: (1 < count(email))
  Batches: 5  Memory Usage: 4657kB  Disk Usage: 1736kB
  Rows Removed by Filter: 22328
  Buffers: shared hit=637, temp read=195 written=360
  ->  Seq Scan on person t_person_0  (cost=0.00..1637.00 rows=100000 width=18) (actual rows=100000 loops=1)
        Buffers: shared hit=637
Planning Time: 0.078 ms
Execution Time: 58.036 ms",59.464,10544.43,29537,"HashAggregate  (cost=8824.50..10544.43 rows=14615 width=18) (actual rows=29537 loops=1)
  Group Key: email
  Filter: (1 < count(email))
  Batches: 5  Memory Usage: 4657kB  Disk Usage: 1736kB
  Rows Removed by Filter: 22328
  Buffers: shared hit=637, temp read=195 written=360
  ->  Seq Scan on person t_person_0  (cost=0.00..1637.00 rows=100000 width=18) (actual rows=100000 loops=1)
        Buffers: shared hit=637
Planning Time: 0.066 ms
Execution Time: 59.464 ms",54.693,10544.43,29537,"HashAggregate  (cost=8824.50..10544.43 rows=14615 width=18) (actual rows=29537 loops=1)
  Group Key: email
  Filter: (1 < count(email))
  Batches: 5  Memory Usage: 4657kB  Disk Usage: 1736kB
  Rows Removed by Filter: 22328
  Buffers: shared hit=637, temp read=195 written=360
  ->  Seq Scan on person t_person_0  (cost=0.00..1637.00 rows=100000 width=18) (actual rows=100000 loops=1)
        Buffers: shared hit=637
Planning Time: 0.049 ms
Execution Time: 54.693 ms",56.973,10544.43,29537,"HashAggregate  (cost=8824.50..10544.43 rows=14615 width=18) (actual rows=29537 loops=1)
  Group Key: email
  Filter: (1 < count(email))
  Batches: 5  Memory Usage: 4657kB  Disk Usage: 1736kB
  Rows Removed by Filter: 22328
  Buffers: shared hit=637, temp read=195 written=360
  ->  Seq Scan on person t_person_0  (cost=0.00..1637.00 rows=100000 width=18) (actual rows=100000 loops=1)
        Buffers: shared hit=637
Planning Time: 0.086 ms
Execution Time: 56.973 ms",56.292,56.973,58.75,60.0352,10544.43,10544.43,29537,29537,29537,29537
143,182,87,Easy,select t_person_0.email as email from schema_182.person as t_person_0 group by t_person_0.email having 1 < count(t_person_0.id),49.688,10544.43,29537,"HashAggregate  (cost=8824.50..10544.43 rows=14615 width=18) (actual rows=29537 loops=1)
  Group Key: email
  Filter: (1 < count(id))
  Batches: 5  Memory Usage: 4657kB  Disk Usage: 1776kB
  Rows Removed by Filter: 22328
  Buffers: shared hit=637, temp read=215 written=380
  ->  Seq Scan on person t_person_0  (cost=0.00..1637.00 rows=100000 width=22) (actual rows=100000 loops=1)
        Buffers: shared hit=637
Planning Time: 0.048 ms
Execution Time: 49.688 ms",55.382,10544.43,29537,"HashAggregate  (cost=8824.50..10544.43 rows=14615 width=18) (actual rows=29537 loops=1)
  Group Key: email
  Filter: (1 < count(id))
  Batches: 5  Memory Usage: 4657kB  Disk Usage: 1776kB
  Rows Removed by Filter: 22328
  Buffers: shared hit=637, temp read=215 written=380
  ->  Seq Scan on person t_person_0  (cost=0.00..1637.00 rows=100000 width=22) (actual rows=100000 loops=1)
        Buffers: shared hit=637
Planning Time: 0.056 ms
Execution Time: 55.382 ms",55.01,10544.43,29537,"HashAggregate  (cost=8824.50..10544.43 rows=14615 width=18) (actual rows=29537 loops=1)
  Group Key: email
  Filter: (1 < count(id))
  Batches: 5  Memory Usage: 4657kB  Disk Usage: 1776kB
  Rows Removed by Filter: 22328
  Buffers: shared hit=637, temp read=215 written=380
  ->  Seq Scan on person t_person_0  (cost=0.00..1637.00 rows=100000 width=22) (actual rows=100000 loops=1)
        Buffers: shared hit=637
Planning Time: 0.066 ms
Execution Time: 55.010 ms",55.159,10544.43,29537,"HashAggregate  (cost=8824.50..10544.43 rows=14615 width=18) (actual rows=29537 loops=1)
  Group Key: email
  Filter: (1 < count(id))
  Batches: 5  Memory Usage: 4657kB  Disk Usage: 1776kB
  Rows Removed by Filter: 22328
  Buffers: shared hit=637, temp read=215 written=380
  ->  Seq Scan on person t_person_0  (cost=0.00..1637.00 rows=100000 width=22) (actual rows=100000 loops=1)
        Buffers: shared hit=637
Planning Time: 0.074 ms
Execution Time: 55.159 ms",55.645,10544.43,29537,"HashAggregate  (cost=8824.50..10544.43 rows=14615 width=18) (actual rows=29537 loops=1)
  Group Key: email
  Filter: (1 < count(id))
  Batches: 5  Memory Usage: 4657kB  Disk Usage: 1776kB
  Rows Removed by Filter: 22328
  Buffers: shared hit=637, temp read=215 written=380
  ->  Seq Scan on person t_person_0  (cost=0.00..1637.00 rows=100000 width=22) (actual rows=100000 loops=1)
        Buffers: shared hit=637
Planning Time: 0.137 ms
Execution Time: 55.645 ms",54.1768,55.159,55.5135,55.7502,10544.43,10544.43,29537,29537,29537,29537
144,182,89,Easy,select t_person_0.email as email from schema_182.person as t_person_0 group by t_person_0.email having 1 < count(t_person_0.email),52.88,10544.43,29537,"HashAggregate  (cost=8824.50..10544.43 rows=14615 width=18) (actual rows=29537 loops=1)
  Group Key: email
  Filter: (1 < count(email))
  Batches: 5  Memory Usage: 4657kB  Disk Usage: 1736kB
  Rows Removed by Filter: 22328
  Buffers: shared hit=637, temp read=195 written=360
  ->  Seq Scan on person t_person_0  (cost=0.00..1637.00 rows=100000 width=18) (actual rows=100000 loops=1)
        Buffers: shared hit=637
Planning Time: 0.051 ms
Execution Time: 52.880 ms",59.702,10544.43,29537,"HashAggregate  (cost=8824.50..10544.43 rows=14615 width=18) (actual rows=29537 loops=1)
  Group Key: email
  Filter: (1 < count(email))
  Batches: 5  Memory Usage: 4657kB  Disk Usage: 1736kB
  Rows Removed by Filter: 22328
  Buffers: shared hit=637, temp read=195 written=360
  ->  Seq Scan on person t_person_0  (cost=0.00..1637.00 rows=100000 width=18) (actual rows=100000 loops=1)
        Buffers: shared hit=637
Planning Time: 0.073 ms
Execution Time: 59.702 ms",60.847,10544.43,29537,"HashAggregate  (cost=8824.50..10544.43 rows=14615 width=18) (actual rows=29537 loops=1)
  Group Key: email
  Filter: (1 < count(email))
  Batches: 5  Memory Usage: 4657kB  Disk Usage: 1736kB
  Rows Removed by Filter: 22328
  Buffers: shared hit=637, temp read=195 written=360
  ->  Seq Scan on person t_person_0  (cost=0.00..1637.00 rows=100000 width=18) (actual rows=100000 loops=1)
        Buffers: shared hit=637
Planning Time: 0.068 ms
Execution Time: 60.847 ms",59.459,10544.43,29537,"HashAggregate  (cost=8824.50..10544.43 rows=14615 width=18) (actual rows=29537 loops=1)
  Group Key: email
  Filter: (1 < count(email))
  Batches: 5  Memory Usage: 4657kB  Disk Usage: 1736kB
  Rows Removed by Filter: 22328
  Buffers: shared hit=637, temp read=195 written=360
  ->  Seq Scan on person t_person_0  (cost=0.00..1637.00 rows=100000 width=18) (actual rows=100000 loops=1)
        Buffers: shared hit=637
Planning Time: 0.062 ms
Execution Time: 59.459 ms",60.128,10544.43,29537,"HashAggregate  (cost=8824.50..10544.43 rows=14615 width=18) (actual rows=29537 loops=1)
  Group Key: email
  Filter: (1 < count(email))
  Batches: 5  Memory Usage: 4657kB  Disk Usage: 1736kB
  Rows Removed by Filter: 22328
  Buffers: shared hit=637, temp read=195 written=360
  ->  Seq Scan on person t_person_0  (cost=0.00..1637.00 rows=100000 width=18) (actual rows=100000 loops=1)
        Buffers: shared hit=637
Planning Time: 0.077 ms
Execution Time: 60.128 ms",58.6032,59.702,60.4875,61.1346,10544.43,10544.43,29537,29537,29537,29537
146,182,113,Easy,select t_person_0.email as email from schema_182.person as t_person_0 group by t_person_0.email having 1 < count(t_person_0.email),56.621,10544.43,29537,"HashAggregate  (cost=8824.50..10544.43 rows=14615 width=18) (actual rows=29537 loops=1)
  Group Key: email
  Filter: (1 < count(email))
  Batches: 5  Memory Usage: 4657kB  Disk Usage: 1736kB
  Rows Removed by Filter: 22328
  Buffers: shared hit=637, temp read=195 written=360
  ->  Seq Scan on person t_person_0  (cost=0.00..1637.00 rows=100000 width=18) (actual rows=100000 loops=1)
        Buffers: shared hit=637
Planning Time: 0.060 ms
Execution Time: 56.621 ms",55.742,10544.43,29537,"HashAggregate  (cost=8824.50..10544.43 rows=14615 width=18) (actual rows=29537 loops=1)
  Group Key: email
  Filter: (1 < count(email))
  Batches: 5  Memory Usage: 4657kB  Disk Usage: 1736kB
  Rows Removed by Filter: 22328
  Buffers: shared hit=637, temp read=195 written=360
  ->  Seq Scan on person t_person_0  (cost=0.00..1637.00 rows=100000 width=18) (actual rows=100000 loops=1)
        Buffers: shared hit=637
Planning Time: 0.083 ms
Execution Time: 55.742 ms",60.116,10544.43,29537,"HashAggregate  (cost=8824.50..10544.43 rows=14615 width=18) (actual rows=29537 loops=1)
  Group Key: email
  Filter: (1 < count(email))
  Batches: 5  Memory Usage: 4657kB  Disk Usage: 1736kB
  Rows Removed by Filter: 22328
  Buffers: shared hit=637, temp read=195 written=360
  ->  Seq Scan on person t_person_0  (cost=0.00..1637.00 rows=100000 width=18) (actual rows=100000 loops=1)
        Buffers: shared hit=637
Planning Time: 0.064 ms
Execution Time: 60.116 ms",58.219,10544.43,29537,"HashAggregate  (cost=8824.50..10544.43 rows=14615 width=18) (actual rows=29537 loops=1)
  Group Key: email
  Filter: (1 < count(email))
  Batches: 5  Memory Usage: 4657kB  Disk Usage: 1736kB
  Rows Removed by Filter: 22328
  Buffers: shared hit=637, temp read=195 written=360
  ->  Seq Scan on person t_person_0  (cost=0.00..1637.00 rows=100000 width=18) (actual rows=100000 loops=1)
        Buffers: shared hit=637
Planning Time: 0.064 ms
Execution Time: 58.219 ms",57.106,10544.43,29537,"HashAggregate  (cost=8824.50..10544.43 rows=14615 width=18) (actual rows=29537 loops=1)
  Group Key: email
  Filter: (1 < count(email))
  Batches: 5  Memory Usage: 4657kB  Disk Usage: 1736kB
  Rows Removed by Filter: 22328
  Buffers: shared hit=637, temp read=195 written=360
  ->  Seq Scan on person t_person_0  (cost=0.00..1637.00 rows=100000 width=18) (actual rows=100000 loops=1)
        Buffers: shared hit=637
Planning Time: 0.073 ms
Execution Time: 57.106 ms",57.5608,57.106,59.1675,60.8748,10544.43,10544.43,29537,29537,29537,29537
147,182,131,Easy,select a.c_email0 as email from (select t_person_0.email as c_email0 from schema_182.person as t_person_0 group by t_person_0.email having 1 < count(t_person_0.email)) as a,53.866,10544.43,29537,"HashAggregate  (cost=8824.50..10544.43 rows=14615 width=18) (actual rows=29537 loops=1)
  Group Key: t_person_0.email
  Filter: (1 < count(t_person_0.email))
  Batches: 5  Memory Usage: 4657kB  Disk Usage: 1736kB
  Rows Removed by Filter: 22328
  Buffers: shared hit=637, temp read=195 written=360
  ->  Seq Scan on person t_person_0  (cost=0.00..1637.00 rows=100000 width=18) (actual rows=100000 loops=1)
        Buffers: shared hit=637
Planning Time: 0.065 ms
Execution Time: 53.866 ms",58.968,10544.43,29537,"HashAggregate  (cost=8824.50..10544.43 rows=14615 width=18) (actual rows=29537 loops=1)
  Group Key: t_person_0.email
  Filter: (1 < count(t_person_0.email))
  Batches: 5  Memory Usage: 4657kB  Disk Usage: 1736kB
  Rows Removed by Filter: 22328
  Buffers: shared hit=637, temp read=195 written=360
  ->  Seq Scan on person t_person_0  (cost=0.00..1637.00 rows=100000 width=18) (actual rows=100000 loops=1)
        Buffers: shared hit=637
Planning Time: 0.074 ms
Execution Time: 58.968 ms",60.081,10544.43,29537,"HashAggregate  (cost=8824.50..10544.43 rows=14615 width=18) (actual rows=29537 loops=1)
  Group Key: t_person_0.email
  Filter: (1 < count(t_person_0.email))
  Batches: 5  Memory Usage: 4657kB  Disk Usage: 1736kB
  Rows Removed by Filter: 22328
  Buffers: shared hit=637, temp read=195 written=360
  ->  Seq Scan on person t_person_0  (cost=0.00..1637.00 rows=100000 width=18) (actual rows=100000 loops=1)
        Buffers: shared hit=637
Planning Time: 0.092 ms
Execution Time: 60.081 ms",55.9,10544.43,29537,"HashAggregate  (cost=8824.50..10544.43 rows=14615 width=18) (actual rows=29537 loops=1)
  Group Key: t_person_0.email
  Filter: (1 < count(t_person_0.email))
  Batches: 5  Memory Usage: 4657kB  Disk Usage: 1736kB
  Rows Removed by Filter: 22328
  Buffers: shared hit=637, temp read=195 written=360
  ->  Seq Scan on person t_person_0  (cost=0.00..1637.00 rows=100000 width=18) (actual rows=100000 loops=1)
        Buffers: shared hit=637
Planning Time: 0.137 ms
Execution Time: 55.900 ms",59.357,10544.43,29537,"HashAggregate  (cost=8824.50..10544.43 rows=14615 width=18) (actual rows=29537 loops=1)
  Group Key: t_person_0.email
  Filter: (1 < count(t_person_0.email))
  Batches: 5  Memory Usage: 4657kB  Disk Usage: 1736kB
  Rows Removed by Filter: 22328
  Buffers: shared hit=637, temp read=195 written=360
  ->  Seq Scan on person t_person_0  (cost=0.00..1637.00 rows=100000 width=18) (actual rows=100000 loops=1)
        Buffers: shared hit=637
Planning Time: 0.079 ms
Execution Time: 59.357 ms",57.6344,58.968,59.719,60.3706,10544.43,10544.43,29537,29537,29537,29537
148,182,134,Easy,select t_person_0.email as email from schema_182.person as t_person_0 group by t_person_0.email having 1 < count(t_person_0.email),53.746,10544.43,29537,"HashAggregate  (cost=8824.50..10544.43 rows=14615 width=18) (actual rows=29537 loops=1)
  Group Key: email
  Filter: (1 < count(email))
  Batches: 5  Memory Usage: 4657kB  Disk Usage: 1736kB
  Rows Removed by Filter: 22328
  Buffers: shared hit=637, temp read=195 written=360
  ->  Seq Scan on person t_person_0  (cost=0.00..1637.00 rows=100000 width=18) (actual rows=100000 loops=1)
        Buffers: shared hit=637
Planning Time: 0.052 ms
Execution Time: 53.746 ms",60.672,10544.43,29537,"HashAggregate  (cost=8824.50..10544.43 rows=14615 width=18) (actual rows=29537 loops=1)
  Group Key: email
  Filter: (1 < count(email))
  Batches: 5  Memory Usage: 4657kB  Disk Usage: 1736kB
  Rows Removed by Filter: 22328
  Buffers: shared hit=637, temp read=195 written=360
  ->  Seq Scan on person t_person_0  (cost=0.00..1637.00 rows=100000 width=18) (actual rows=100000 loops=1)
        Buffers: shared hit=637
Planning Time: 0.064 ms
Execution Time: 60.672 ms",58.37,10544.43,29537,"HashAggregate  (cost=8824.50..10544.43 rows=14615 width=18) (actual rows=29537 loops=1)
  Group Key: email
  Filter: (1 < count(email))
  Batches: 5  Memory Usage: 4657kB  Disk Usage: 1736kB
  Rows Removed by Filter: 22328
  Buffers: shared hit=637, temp read=195 written=360
  ->  Seq Scan on person t_person_0  (cost=0.00..1637.00 rows=100000 width=18) (actual rows=100000 loops=1)
        Buffers: shared hit=637
Planning Time: 0.068 ms
Execution Time: 58.370 ms",59.183,10544.43,29537,"HashAggregate  (cost=8824.50..10544.43 rows=14615 width=18) (actual rows=29537 loops=1)
  Group Key: email
  Filter: (1 < count(email))
  Batches: 5  Memory Usage: 4657kB  Disk Usage: 1736kB
  Rows Removed by Filter: 22328
  Buffers: shared hit=637, temp read=195 written=360
  ->  Seq Scan on person t_person_0  (cost=0.00..1637.00 rows=100000 width=18) (actual rows=100000 loops=1)
        Buffers: shared hit=637
Planning Time: 0.066 ms
Execution Time: 59.183 ms",59.265,10544.43,29537,"HashAggregate  (cost=8824.50..10544.43 rows=14615 width=18) (actual rows=29537 loops=1)
  Group Key: email
  Filter: (1 < count(email))
  Batches: 5  Memory Usage: 4657kB  Disk Usage: 1736kB
  Rows Removed by Filter: 22328
  Buffers: shared hit=637, temp read=195 written=360
  ->  Seq Scan on person t_person_0  (cost=0.00..1637.00 rows=100000 width=18) (actual rows=100000 loops=1)
        Buffers: shared hit=637
Planning Time: 0.063 ms
Execution Time: 59.265 ms",58.2472,59.183,59.9685,61.2348,10544.43,10544.43,29537,29537,29537,29537
149,182,136,Easy,select t_person_0.email as email from schema_182.person as t_person_0 group by t_person_0.email having 1 < count(t_person_0.email),55.983,10544.43,29537,"HashAggregate  (cost=8824.50..10544.43 rows=14615 width=18) (actual rows=29537 loops=1)
  Group Key: email
  Filter: (1 < count(email))
  Batches: 5  Memory Usage: 4657kB  Disk Usage: 1736kB
  Rows Removed by Filter: 22328
  Buffers: shared hit=637, temp read=195 written=360
  ->  Seq Scan on person t_person_0  (cost=0.00..1637.00 rows=100000 width=18) (actual rows=100000 loops=1)
        Buffers: shared hit=637
Planning Time: 0.062 ms
Execution Time: 55.983 ms",59.918,10544.43,29537,"HashAggregate  (cost=8824.50..10544.43 rows=14615 width=18) (actual rows=29537 loops=1)
  Group Key: email
  Filter: (1 < count(email))
  Batches: 5  Memory Usage: 4657kB  Disk Usage: 1736kB
  Rows Removed by Filter: 22328
  Buffers: shared hit=637, temp read=195 written=360
  ->  Seq Scan on person t_person_0  (cost=0.00..1637.00 rows=100000 width=18) (actual rows=100000 loops=1)
        Buffers: shared hit=637
Planning Time: 0.128 ms
Execution Time: 59.918 ms",57.877,10544.43,29537,"HashAggregate  (cost=8824.50..10544.43 rows=14615 width=18) (actual rows=29537 loops=1)
  Group Key: email
  Filter: (1 < count(email))
  Batches: 5  Memory Usage: 4657kB  Disk Usage: 1736kB
  Rows Removed by Filter: 22328
  Buffers: shared hit=637, temp read=195 written=360
  ->  Seq Scan on person t_person_0  (cost=0.00..1637.00 rows=100000 width=18) (actual rows=100000 loops=1)
        Buffers: shared hit=637
Planning Time: 0.071 ms
Execution Time: 57.877 ms",58.487,10544.43,29537,"HashAggregate  (cost=8824.50..10544.43 rows=14615 width=18) (actual rows=29537 loops=1)
  Group Key: email
  Filter: (1 < count(email))
  Batches: 5  Memory Usage: 4657kB  Disk Usage: 1736kB
  Rows Removed by Filter: 22328
  Buffers: shared hit=637, temp read=195 written=360
  ->  Seq Scan on person t_person_0  (cost=0.00..1637.00 rows=100000 width=18) (actual rows=100000 loops=1)
        Buffers: shared hit=637
Planning Time: 0.068 ms
Execution Time: 58.487 ms",58.812,10544.43,29537,"HashAggregate  (cost=8824.50..10544.43 rows=14615 width=18) (actual rows=29537 loops=1)
  Group Key: email
  Filter: (1 < count(email))
  Batches: 5  Memory Usage: 4657kB  Disk Usage: 1736kB
  Rows Removed by Filter: 22328
  Buffers: shared hit=637, temp read=195 written=360
  ->  Seq Scan on person t_person_0  (cost=0.00..1637.00 rows=100000 width=18) (actual rows=100000 loops=1)
        Buffers: shared hit=637
Planning Time: 0.070 ms
Execution Time: 58.812 ms",58.2154,58.487,59.365,60.3604,10544.43,10544.43,29537,29537,29537,29537
150,182,137,Easy,select t_person_0.email as email from schema_182.person as t_person_0 group by t_person_0.email having 1 < count(t_person_0.id),59.939,10544.43,29537,"HashAggregate  (cost=8824.50..10544.43 rows=14615 width=18) (actual rows=29537 loops=1)
  Group Key: email
  Filter: (1 < count(id))
  Batches: 5  Memory Usage: 4657kB  Disk Usage: 1776kB
  Rows Removed by Filter: 22328
  Buffers: shared hit=637, temp read=215 written=380
  ->  Seq Scan on person t_person_0  (cost=0.00..1637.00 rows=100000 width=22) (actual rows=100000 loops=1)
        Buffers: shared hit=637
Planning Time: 0.049 ms
Execution Time: 59.939 ms",56.743,10544.43,29537,"HashAggregate  (cost=8824.50..10544.43 rows=14615 width=18) (actual rows=29537 loops=1)
  Group Key: email
  Filter: (1 < count(id))
  Batches: 5  Memory Usage: 4657kB  Disk Usage: 1776kB
  Rows Removed by Filter: 22328
  Buffers: shared hit=637, temp read=215 written=380
  ->  Seq Scan on person t_person_0  (cost=0.00..1637.00 rows=100000 width=22) (actual rows=100000 loops=1)
        Buffers: shared hit=637
Planning Time: 0.069 ms
Execution Time: 56.743 ms",57.711,10544.43,29537,"HashAggregate  (cost=8824.50..10544.43 rows=14615 width=18) (actual rows=29537 loops=1)
  Group Key: email
  Filter: (1 < count(id))
  Batches: 5  Memory Usage: 4657kB  Disk Usage: 1776kB
  Rows Removed by Filter: 22328
  Buffers: shared hit=637, temp read=215 written=380
  ->  Seq Scan on person t_person_0  (cost=0.00..1637.00 rows=100000 width=22) (actual rows=100000 loops=1)
        Buffers: shared hit=637
Planning Time: 0.079 ms
Execution Time: 57.711 ms",57.254,10544.43,29537,"HashAggregate  (cost=8824.50..10544.43 rows=14615 width=18) (actual rows=29537 loops=1)
  Group Key: email
  Filter: (1 < count(id))
  Batches: 5  Memory Usage: 4657kB  Disk Usage: 1776kB
  Rows Removed by Filter: 22328
  Buffers: shared hit=637, temp read=215 written=380
  ->  Seq Scan on person t_person_0  (cost=0.00..1637.00 rows=100000 width=22) (actual rows=100000 loops=1)
        Buffers: shared hit=637
Planning Time: 0.065 ms
Execution Time: 57.254 ms",68.095,10544.43,29537,"HashAggregate  (cost=8824.50..10544.43 rows=14615 width=18) (actual rows=29537 loops=1)
  Group Key: email
  Filter: (1 < count(id))
  Batches: 5  Memory Usage: 4657kB  Disk Usage: 1776kB
  Rows Removed by Filter: 22328
  Buffers: shared hit=637, temp read=215 written=380
  ->  Seq Scan on person t_person_0  (cost=0.00..1637.00 rows=100000 width=22) (actual rows=100000 loops=1)
        Buffers: shared hit=637
Planning Time: 0.065 ms
Execution Time: 68.095 ms",59.9484,57.711,64.017,71.3574,10544.43,10544.43,29537,29537,29537,29537
151,182,140,Easy,select t_person_0.email as email from schema_182.person as t_person_0 group by t_person_0.email having 1 < count(t_person_0.email),53.425,10544.43,29537,"HashAggregate  (cost=8824.50..10544.43 rows=14615 width=18) (actual rows=29537 loops=1)
  Group Key: email
  Filter: (1 < count(email))
  Batches: 5  Memory Usage: 4657kB  Disk Usage: 1736kB
  Rows Removed by Filter: 22328
  Buffers: shared hit=637, temp read=195 written=360
  ->  Seq Scan on person t_person_0  (cost=0.00..1637.00 rows=100000 width=18) (actual rows=100000 loops=1)
        Buffers: shared hit=637
Planning Time: 0.046 ms
Execution Time: 53.425 ms",60.792,10544.43,29537,"HashAggregate  (cost=8824.50..10544.43 rows=14615 width=18) (actual rows=29537 loops=1)
  Group Key: email
  Filter: (1 < count(email))
  Batches: 5  Memory Usage: 4657kB  Disk Usage: 1736kB
  Rows Removed by Filter: 22328
  Buffers: shared hit=637, temp read=195 written=360
  ->  Seq Scan on person t_person_0  (cost=0.00..1637.00 rows=100000 width=18) (actual rows=100000 loops=1)
        Buffers: shared hit=637
Planning Time: 0.065 ms
Execution Time: 60.792 ms",59.887,10544.43,29537,"HashAggregate  (cost=8824.50..10544.43 rows=14615 width=18) (actual rows=29537 loops=1)
  Group Key: email
  Filter: (1 < count(email))
  Batches: 5  Memory Usage: 4657kB  Disk Usage: 1736kB
  Rows Removed by Filter: 22328
  Buffers: shared hit=637, temp read=195 written=360
  ->  Seq Scan on person t_person_0  (cost=0.00..1637.00 rows=100000 width=18) (actual rows=100000 loops=1)
        Buffers: shared hit=637
Planning Time: 0.058 ms
Execution Time: 59.887 ms",62.326,10544.43,29537,"HashAggregate  (cost=8824.50..10544.43 rows=14615 width=18) (actual rows=29537 loops=1)
  Group Key: email
  Filter: (1 < count(email))
  Batches: 5  Memory Usage: 4657kB  Disk Usage: 1736kB
  Rows Removed by Filter: 22328
  Buffers: shared hit=637, temp read=195 written=360
  ->  Seq Scan on person t_person_0  (cost=0.00..1637.00 rows=100000 width=18) (actual rows=100000 loops=1)
        Buffers: shared hit=637
Planning Time: 0.056 ms
Execution Time: 62.326 ms",60.513,10544.43,29537,"HashAggregate  (cost=8824.50..10544.43 rows=14615 width=18) (actual rows=29537 loops=1)
  Group Key: email
  Filter: (1 < count(email))
  Batches: 5  Memory Usage: 4657kB  Disk Usage: 1736kB
  Rows Removed by Filter: 22328
  Buffers: shared hit=637, temp read=195 written=360
  ->  Seq Scan on person t_person_0  (cost=0.00..1637.00 rows=100000 width=18) (actual rows=100000 loops=1)
        Buffers: shared hit=637
Planning Time: 0.059 ms
Execution Time: 60.513 ms",59.3886,60.513,61.559,62.9396,10544.43,10544.43,29537,29537,29537,29537
152,182,141,Easy,select t_person_0.email as email from schema_182.person as t_person_0 group by t_person_0.email having 1 < count(t_person_0.email),54.836,10544.43,29537,"HashAggregate  (cost=8824.50..10544.43 rows=14615 width=18) (actual rows=29537 loops=1)
  Group Key: email
  Filter: (1 < count(email))
  Batches: 5  Memory Usage: 4657kB  Disk Usage: 1736kB
  Rows Removed by Filter: 22328
  Buffers: shared hit=637, temp read=195 written=360
  ->  Seq Scan on person t_person_0  (cost=0.00..1637.00 rows=100000 width=18) (actual rows=100000 loops=1)
        Buffers: shared hit=637
Planning Time: 0.086 ms
Execution Time: 54.836 ms",61.263,10544.43,29537,"HashAggregate  (cost=8824.50..10544.43 rows=14615 width=18) (actual rows=29537 loops=1)
  Group Key: email
  Filter: (1 < count(email))
  Batches: 5  Memory Usage: 4657kB  Disk Usage: 1736kB
  Rows Removed by Filter: 22328
  Buffers: shared hit=637, temp read=195 written=360
  ->  Seq Scan on person t_person_0  (cost=0.00..1637.00 rows=100000 width=18) (actual rows=100000 loops=1)
        Buffers: shared hit=637
Planning Time: 0.071 ms
Execution Time: 61.263 ms",56.923,10544.43,29537,"HashAggregate  (cost=8824.50..10544.43 rows=14615 width=18) (actual rows=29537 loops=1)
  Group Key: email
  Filter: (1 < count(email))
  Batches: 5  Memory Usage: 4657kB  Disk Usage: 1736kB
  Rows Removed by Filter: 22328
  Buffers: shared hit=637, temp read=195 written=360
  ->  Seq Scan on person t_person_0  (cost=0.00..1637.00 rows=100000 width=18) (actual rows=100000 loops=1)
        Buffers: shared hit=637
Planning Time: 0.077 ms
Execution Time: 56.923 ms",59.719,10544.43,29537,"HashAggregate  (cost=8824.50..10544.43 rows=14615 width=18) (actual rows=29537 loops=1)
  Group Key: email
  Filter: (1 < count(email))
  Batches: 5  Memory Usage: 4657kB  Disk Usage: 1736kB
  Rows Removed by Filter: 22328
  Buffers: shared hit=637, temp read=195 written=360
  ->  Seq Scan on person t_person_0  (cost=0.00..1637.00 rows=100000 width=18) (actual rows=100000 loops=1)
        Buffers: shared hit=637
Planning Time: 0.068 ms
Execution Time: 59.719 ms",60.764,10544.43,29537,"HashAggregate  (cost=8824.50..10544.43 rows=14615 width=18) (actual rows=29537 loops=1)
  Group Key: email
  Filter: (1 < count(email))
  Batches: 5  Memory Usage: 4657kB  Disk Usage: 1736kB
  Rows Removed by Filter: 22328
  Buffers: shared hit=637, temp read=195 written=360
  ->  Seq Scan on person t_person_0  (cost=0.00..1637.00 rows=100000 width=18) (actual rows=100000 loops=1)
        Buffers: shared hit=637
Planning Time: 0.062 ms
Execution Time: 60.764 ms",58.701,59.719,61.0135,61.4626,10544.43,10544.43,29537,29537,29537,29537
153,182,142,Easy,select t_person_0.email as email from schema_182.person as t_person_0 group by t_person_0.email having 1 < count(t_person_0.email),54,10544.43,29537,"HashAggregate  (cost=8824.50..10544.43 rows=14615 width=18) (actual rows=29537 loops=1)
  Group Key: email
  Filter: (1 < count(email))
  Batches: 5  Memory Usage: 4657kB  Disk Usage: 1736kB
  Rows Removed by Filter: 22328
  Buffers: shared hit=637, temp read=195 written=360
  ->  Seq Scan on person t_person_0  (cost=0.00..1637.00 rows=100000 width=18) (actual rows=100000 loops=1)
        Buffers: shared hit=637
Planning Time: 0.045 ms
Execution Time: 54.000 ms",61.719,10544.43,29537,"HashAggregate  (cost=8824.50..10544.43 rows=14615 width=18) (actual rows=29537 loops=1)
  Group Key: email
  Filter: (1 < count(email))
  Batches: 5  Memory Usage: 4657kB  Disk Usage: 1736kB
  Rows Removed by Filter: 22328
  Buffers: shared hit=637, temp read=195 written=360
  ->  Seq Scan on person t_person_0  (cost=0.00..1637.00 rows=100000 width=18) (actual rows=100000 loops=1)
        Buffers: shared hit=637
Planning Time: 0.068 ms
Execution Time: 61.719 ms",57.355,10544.43,29537,"HashAggregate  (cost=8824.50..10544.43 rows=14615 width=18) (actual rows=29537 loops=1)
  Group Key: email
  Filter: (1 < count(email))
  Batches: 5  Memory Usage: 4657kB  Disk Usage: 1736kB
  Rows Removed by Filter: 22328
  Buffers: shared hit=637, temp read=195 written=360
  ->  Seq Scan on person t_person_0  (cost=0.00..1637.00 rows=100000 width=18) (actual rows=100000 loops=1)
        Buffers: shared hit=637
Planning Time: 0.063 ms
Execution Time: 57.355 ms",56.736,10544.43,29537,"HashAggregate  (cost=8824.50..10544.43 rows=14615 width=18) (actual rows=29537 loops=1)
  Group Key: email
  Filter: (1 < count(email))
  Batches: 5  Memory Usage: 4657kB  Disk Usage: 1736kB
  Rows Removed by Filter: 22328
  Buffers: shared hit=637, temp read=195 written=360
  ->  Seq Scan on person t_person_0  (cost=0.00..1637.00 rows=100000 width=18) (actual rows=100000 loops=1)
        Buffers: shared hit=637
Planning Time: 0.077 ms
Execution Time: 56.736 ms",58.533,10544.43,29537,"HashAggregate  (cost=8824.50..10544.43 rows=14615 width=18) (actual rows=29537 loops=1)
  Group Key: email
  Filter: (1 < count(email))
  Batches: 5  Memory Usage: 4657kB  Disk Usage: 1736kB
  Rows Removed by Filter: 22328
  Buffers: shared hit=637, temp read=195 written=360
  ->  Seq Scan on person t_person_0  (cost=0.00..1637.00 rows=100000 width=18) (actual rows=100000 loops=1)
        Buffers: shared hit=637
Planning Time: 0.076 ms
Execution Time: 58.533 ms",57.6686,57.355,60.126,62.9934,10544.43,10544.43,29537,29537,29537,29537
154,182,146,Easy,select t_person_0.email as email from schema_182.person as t_person_0 group by t_person_0.email having 1 < count(t_person_0.email),56.912,10544.43,29537,"HashAggregate  (cost=8824.50..10544.43 rows=14615 width=18) (actual rows=29537 loops=1)
  Group Key: email
  Filter: (1 < count(email))
  Batches: 5  Memory Usage: 4657kB  Disk Usage: 1736kB
  Rows Removed by Filter: 22328
  Buffers: shared hit=637, temp read=195 written=360
  ->  Seq Scan on person t_person_0  (cost=0.00..1637.00 rows=100000 width=18) (actual rows=100000 loops=1)
        Buffers: shared hit=637
Planning Time: 0.062 ms
Execution Time: 56.912 ms",55.88,10544.43,29537,"HashAggregate  (cost=8824.50..10544.43 rows=14615 width=18) (actual rows=29537 loops=1)
  Group Key: email
  Filter: (1 < count(email))
  Batches: 5  Memory Usage: 4657kB  Disk Usage: 1736kB
  Rows Removed by Filter: 22328
  Buffers: shared hit=637, temp read=195 written=360
  ->  Seq Scan on person t_person_0  (cost=0.00..1637.00 rows=100000 width=18) (actual rows=100000 loops=1)
        Buffers: shared hit=637
Planning Time: 0.052 ms
Execution Time: 55.880 ms",58.27,10544.43,29537,"HashAggregate  (cost=8824.50..10544.43 rows=14615 width=18) (actual rows=29537 loops=1)
  Group Key: email
  Filter: (1 < count(email))
  Batches: 5  Memory Usage: 4657kB  Disk Usage: 1736kB
  Rows Removed by Filter: 22328
  Buffers: shared hit=637, temp read=195 written=360
  ->  Seq Scan on person t_person_0  (cost=0.00..1637.00 rows=100000 width=18) (actual rows=100000 loops=1)
        Buffers: shared hit=637
Planning Time: 0.059 ms
Execution Time: 58.270 ms",63.235,10544.43,29537,"HashAggregate  (cost=8824.50..10544.43 rows=14615 width=18) (actual rows=29537 loops=1)
  Group Key: email
  Filter: (1 < count(email))
  Batches: 5  Memory Usage: 4657kB  Disk Usage: 1736kB
  Rows Removed by Filter: 22328
  Buffers: shared hit=637, temp read=195 written=360
  ->  Seq Scan on person t_person_0  (cost=0.00..1637.00 rows=100000 width=18) (actual rows=100000 loops=1)
        Buffers: shared hit=637
Planning Time: 0.058 ms
Execution Time: 63.235 ms",56.733,10544.43,29537,"HashAggregate  (cost=8824.50..10544.43 rows=14615 width=18) (actual rows=29537 loops=1)
  Group Key: email
  Filter: (1 < count(email))
  Batches: 5  Memory Usage: 4657kB  Disk Usage: 1736kB
  Rows Removed by Filter: 22328
  Buffers: shared hit=637, temp read=195 written=360
  ->  Seq Scan on person t_person_0  (cost=0.00..1637.00 rows=100000 width=18) (actual rows=100000 loops=1)
        Buffers: shared hit=637
Planning Time: 0.065 ms
Execution Time: 56.733 ms",58.206,56.912,60.7525,65.221,10544.43,10544.43,29537,29537,29537,29537
156,182,183,Easy,select t_person_0.email as email from schema_182.person as t_person_0 group by t_person_0.email having 1 < count(t_person_0.email),53.703,10544.43,29537,"HashAggregate  (cost=8824.50..10544.43 rows=14615 width=18) (actual rows=29537 loops=1)
  Group Key: email
  Filter: (1 < count(email))
  Batches: 5  Memory Usage: 4657kB  Disk Usage: 1736kB
  Rows Removed by Filter: 22328
  Buffers: shared hit=637, temp read=195 written=360
  ->  Seq Scan on person t_person_0  (cost=0.00..1637.00 rows=100000 width=18) (actual rows=100000 loops=1)
        Buffers: shared hit=637
Planning Time: 0.051 ms
Execution Time: 53.703 ms",55.237,10544.43,29537,"HashAggregate  (cost=8824.50..10544.43 rows=14615 width=18) (actual rows=29537 loops=1)
  Group Key: email
  Filter: (1 < count(email))
  Batches: 5  Memory Usage: 4657kB  Disk Usage: 1736kB
  Rows Removed by Filter: 22328
  Buffers: shared hit=637, temp read=195 written=360
  ->  Seq Scan on person t_person_0  (cost=0.00..1637.00 rows=100000 width=18) (actual rows=100000 loops=1)
        Buffers: shared hit=637
Planning Time: 0.056 ms
Execution Time: 55.237 ms",62.654,10544.43,29537,"HashAggregate  (cost=8824.50..10544.43 rows=14615 width=18) (actual rows=29537 loops=1)
  Group Key: email
  Filter: (1 < count(email))
  Batches: 5  Memory Usage: 4657kB  Disk Usage: 1736kB
  Rows Removed by Filter: 22328
  Buffers: shared hit=637, temp read=195 written=360
  ->  Seq Scan on person t_person_0  (cost=0.00..1637.00 rows=100000 width=18) (actual rows=100000 loops=1)
        Buffers: shared hit=637
Planning Time: 0.070 ms
Execution Time: 62.654 ms",66.954,10544.43,29537,"HashAggregate  (cost=8824.50..10544.43 rows=14615 width=18) (actual rows=29537 loops=1)
  Group Key: email
  Filter: (1 < count(email))
  Batches: 5  Memory Usage: 4657kB  Disk Usage: 1736kB
  Rows Removed by Filter: 22328
  Buffers: shared hit=637, temp read=195 written=360
  ->  Seq Scan on person t_person_0  (cost=0.00..1637.00 rows=100000 width=18) (actual rows=100000 loops=1)
        Buffers: shared hit=637
Planning Time: 0.063 ms
Execution Time: 66.954 ms",57.704,10544.43,29537,"HashAggregate  (cost=8824.50..10544.43 rows=14615 width=18) (actual rows=29537 loops=1)
  Group Key: email
  Filter: (1 < count(email))
  Batches: 5  Memory Usage: 4657kB  Disk Usage: 1736kB
  Rows Removed by Filter: 22328
  Buffers: shared hit=637, temp read=195 written=360
  ->  Seq Scan on person t_person_0  (cost=0.00..1637.00 rows=100000 width=18) (actual rows=100000 loops=1)
        Buffers: shared hit=637
Planning Time: 0.058 ms
Execution Time: 57.704 ms",59.2504,57.704,64.804,68.674,10544.43,10544.43,29537,29537,29537,29537
157,182,196,Easy,select t_person_0.email as email from schema_182.person as t_person_0 group by t_person_0.email having 1 < count(t_person_0.id),50.96,10544.43,29537,"HashAggregate  (cost=8824.50..10544.43 rows=14615 width=18) (actual rows=29537 loops=1)
  Group Key: email
  Filter: (1 < count(id))
  Batches: 5  Memory Usage: 4657kB  Disk Usage: 1776kB
  Rows Removed by Filter: 22328
  Buffers: shared hit=637, temp read=215 written=380
  ->  Seq Scan on person t_person_0  (cost=0.00..1637.00 rows=100000 width=22) (actual rows=100000 loops=1)
        Buffers: shared hit=637
Planning Time: 0.064 ms
Execution Time: 50.960 ms",60.354,10544.43,29537,"HashAggregate  (cost=8824.50..10544.43 rows=14615 width=18) (actual rows=29537 loops=1)
  Group Key: email
  Filter: (1 < count(id))
  Batches: 5  Memory Usage: 4657kB  Disk Usage: 1776kB
  Rows Removed by Filter: 22328
  Buffers: shared hit=637, temp read=215 written=380
  ->  Seq Scan on person t_person_0  (cost=0.00..1637.00 rows=100000 width=22) (actual rows=100000 loops=1)
        Buffers: shared hit=637
Planning Time: 0.070 ms
Execution Time: 60.354 ms",57.084,10544.43,29537,"HashAggregate  (cost=8824.50..10544.43 rows=14615 width=18) (actual rows=29537 loops=1)
  Group Key: email
  Filter: (1 < count(id))
  Batches: 5  Memory Usage: 4657kB  Disk Usage: 1776kB
  Rows Removed by Filter: 22328
  Buffers: shared hit=637, temp read=215 written=380
  ->  Seq Scan on person t_person_0  (cost=0.00..1637.00 rows=100000 width=22) (actual rows=100000 loops=1)
        Buffers: shared hit=637
Planning Time: 0.059 ms
Execution Time: 57.084 ms",59.977,10544.43,29537,"HashAggregate  (cost=8824.50..10544.43 rows=14615 width=18) (actual rows=29537 loops=1)
  Group Key: email
  Filter: (1 < count(id))
  Batches: 5  Memory Usage: 4657kB  Disk Usage: 1776kB
  Rows Removed by Filter: 22328
  Buffers: shared hit=637, temp read=215 written=380
  ->  Seq Scan on person t_person_0  (cost=0.00..1637.00 rows=100000 width=22) (actual rows=100000 loops=1)
        Buffers: shared hit=637
Planning Time: 0.067 ms
Execution Time: 59.977 ms",58.272,10544.43,29537,"HashAggregate  (cost=8824.50..10544.43 rows=14615 width=18) (actual rows=29537 loops=1)
  Group Key: email
  Filter: (1 < count(id))
  Batches: 5  Memory Usage: 4657kB  Disk Usage: 1776kB
  Rows Removed by Filter: 22328
  Buffers: shared hit=637, temp read=215 written=380
  ->  Seq Scan on person t_person_0  (cost=0.00..1637.00 rows=100000 width=22) (actual rows=100000 loops=1)
        Buffers: shared hit=637
Planning Time: 0.065 ms
Execution Time: 58.272 ms",57.3294,58.272,60.1655,60.5048,10544.43,10544.43,29537,29537,29537,29537
158,182,198,Easy,select t_person_0.email as email from schema_182.person as t_person_0 group by t_person_0.email having 1 < count(t_person_0.email),52.406,10544.43,29537,"HashAggregate  (cost=8824.50..10544.43 rows=14615 width=18) (actual rows=29537 loops=1)
  Group Key: email
  Filter: (1 < count(email))
  Batches: 5  Memory Usage: 4657kB  Disk Usage: 1736kB
  Rows Removed by Filter: 22328
  Buffers: shared hit=637, temp read=195 written=360
  ->  Seq Scan on person t_person_0  (cost=0.00..1637.00 rows=100000 width=18) (actual rows=100000 loops=1)
        Buffers: shared hit=637
Planning Time: 0.061 ms
Execution Time: 52.406 ms",58.037,10544.43,29537,"HashAggregate  (cost=8824.50..10544.43 rows=14615 width=18) (actual rows=29537 loops=1)
  Group Key: email
  Filter: (1 < count(email))
  Batches: 5  Memory Usage: 4657kB  Disk Usage: 1736kB
  Rows Removed by Filter: 22328
  Buffers: shared hit=637, temp read=195 written=360
  ->  Seq Scan on person t_person_0  (cost=0.00..1637.00 rows=100000 width=18) (actual rows=100000 loops=1)
        Buffers: shared hit=637
Planning Time: 0.061 ms
Execution Time: 58.037 ms",59.242,10544.43,29537,"HashAggregate  (cost=8824.50..10544.43 rows=14615 width=18) (actual rows=29537 loops=1)
  Group Key: email
  Filter: (1 < count(email))
  Batches: 5  Memory Usage: 4657kB  Disk Usage: 1736kB
  Rows Removed by Filter: 22328
  Buffers: shared hit=637, temp read=195 written=360
  ->  Seq Scan on person t_person_0  (cost=0.00..1637.00 rows=100000 width=18) (actual rows=100000 loops=1)
        Buffers: shared hit=637
Planning Time: 0.058 ms
Execution Time: 59.242 ms",61.004,10544.43,29537,"HashAggregate  (cost=8824.50..10544.43 rows=14615 width=18) (actual rows=29537 loops=1)
  Group Key: email
  Filter: (1 < count(email))
  Batches: 5  Memory Usage: 4657kB  Disk Usage: 1736kB
  Rows Removed by Filter: 22328
  Buffers: shared hit=637, temp read=195 written=360
  ->  Seq Scan on person t_person_0  (cost=0.00..1637.00 rows=100000 width=18) (actual rows=100000 loops=1)
        Buffers: shared hit=637
Planning Time: 0.073 ms
Execution Time: 61.004 ms",57.219,10544.43,29537,"HashAggregate  (cost=8824.50..10544.43 rows=14615 width=18) (actual rows=29537 loops=1)
  Group Key: email
  Filter: (1 < count(email))
  Batches: 5  Memory Usage: 4657kB  Disk Usage: 1736kB
  Rows Removed by Filter: 22328
  Buffers: shared hit=637, temp read=195 written=360
  ->  Seq Scan on person t_person_0  (cost=0.00..1637.00 rows=100000 width=18) (actual rows=100000 loops=1)
        Buffers: shared hit=637
Planning Time: 0.075 ms
Execution Time: 57.219 ms",57.5816,58.037,60.123,61.7088,10544.43,10544.43,29537,29537,29537,29537
159,182,200,Easy,select t_person_0.email as email from schema_182.person as t_person_0 group by t_person_0.email having 1 < count(t_person_0.email),54.234,10544.43,29537,"HashAggregate  (cost=8824.50..10544.43 rows=14615 width=18) (actual rows=29537 loops=1)
  Group Key: email
  Filter: (1 < count(email))
  Batches: 5  Memory Usage: 4657kB  Disk Usage: 1736kB
  Rows Removed by Filter: 22328
  Buffers: shared hit=637, temp read=195 written=360
  ->  Seq Scan on person t_person_0  (cost=0.00..1637.00 rows=100000 width=18) (actual rows=100000 loops=1)
        Buffers: shared hit=637
Planning Time: 0.046 ms
Execution Time: 54.234 ms",58.925,10544.43,29537,"HashAggregate  (cost=8824.50..10544.43 rows=14615 width=18) (actual rows=29537 loops=1)
  Group Key: email
  Filter: (1 < count(email))
  Batches: 5  Memory Usage: 4657kB  Disk Usage: 1736kB
  Rows Removed by Filter: 22328
  Buffers: shared hit=637, temp read=195 written=360
  ->  Seq Scan on person t_person_0  (cost=0.00..1637.00 rows=100000 width=18) (actual rows=100000 loops=1)
        Buffers: shared hit=637
Planning Time: 0.069 ms
Execution Time: 58.925 ms",58.011,10544.43,29537,"HashAggregate  (cost=8824.50..10544.43 rows=14615 width=18) (actual rows=29537 loops=1)
  Group Key: email
  Filter: (1 < count(email))
  Batches: 5  Memory Usage: 4657kB  Disk Usage: 1736kB
  Rows Removed by Filter: 22328
  Buffers: shared hit=637, temp read=195 written=360
  ->  Seq Scan on person t_person_0  (cost=0.00..1637.00 rows=100000 width=18) (actual rows=100000 loops=1)
        Buffers: shared hit=637
Planning Time: 0.069 ms
Execution Time: 58.011 ms",57.421,10544.43,29537,"HashAggregate  (cost=8824.50..10544.43 rows=14615 width=18) (actual rows=29537 loops=1)
  Group Key: email
  Filter: (1 < count(email))
  Batches: 5  Memory Usage: 4657kB  Disk Usage: 1736kB
  Rows Removed by Filter: 22328
  Buffers: shared hit=637, temp read=195 written=360
  ->  Seq Scan on person t_person_0  (cost=0.00..1637.00 rows=100000 width=18) (actual rows=100000 loops=1)
        Buffers: shared hit=637
Planning Time: 0.065 ms
Execution Time: 57.421 ms",59.708,10544.43,29537,"HashAggregate  (cost=8824.50..10544.43 rows=14615 width=18) (actual rows=29537 loops=1)
  Group Key: email
  Filter: (1 < count(email))
  Batches: 5  Memory Usage: 4657kB  Disk Usage: 1736kB
  Rows Removed by Filter: 22328
  Buffers: shared hit=637, temp read=195 written=360
  ->  Seq Scan on person t_person_0  (cost=0.00..1637.00 rows=100000 width=18) (actual rows=100000 loops=1)
        Buffers: shared hit=637
Planning Time: 0.063 ms
Execution Time: 59.708 ms",57.6598,58.011,59.3165,60.0212,10544.43,10544.43,29537,29537,29537,29537
160,182,206,Easy,select t_person_0.email as email from schema_182.person as t_person_0 group by t_person_0.email having 1 < count(t_person_0.email),55.249,10544.43,29537,"HashAggregate  (cost=8824.50..10544.43 rows=14615 width=18) (actual rows=29537 loops=1)
  Group Key: email
  Filter: (1 < count(email))
  Batches: 5  Memory Usage: 4657kB  Disk Usage: 1736kB
  Rows Removed by Filter: 22328
  Buffers: shared hit=637, temp read=195 written=360
  ->  Seq Scan on person t_person_0  (cost=0.00..1637.00 rows=100000 width=18) (actual rows=100000 loops=1)
        Buffers: shared hit=637
Planning Time: 0.063 ms
Execution Time: 55.249 ms",59.076,10544.43,29537,"HashAggregate  (cost=8824.50..10544.43 rows=14615 width=18) (actual rows=29537 loops=1)
  Group Key: email
  Filter: (1 < count(email))
  Batches: 5  Memory Usage: 4657kB  Disk Usage: 1736kB
  Rows Removed by Filter: 22328
  Buffers: shared hit=637, temp read=195 written=360
  ->  Seq Scan on person t_person_0  (cost=0.00..1637.00 rows=100000 width=18) (actual rows=100000 loops=1)
        Buffers: shared hit=637
Planning Time: 0.065 ms
Execution Time: 59.076 ms",55.865,10544.43,29537,"HashAggregate  (cost=8824.50..10544.43 rows=14615 width=18) (actual rows=29537 loops=1)
  Group Key: email
  Filter: (1 < count(email))
  Batches: 5  Memory Usage: 4657kB  Disk Usage: 1736kB
  Rows Removed by Filter: 22328
  Buffers: shared hit=637, temp read=195 written=360
  ->  Seq Scan on person t_person_0  (cost=0.00..1637.00 rows=100000 width=18) (actual rows=100000 loops=1)
        Buffers: shared hit=637
Planning Time: 0.099 ms
Execution Time: 55.865 ms",61.4,10544.43,29537,"HashAggregate  (cost=8824.50..10544.43 rows=14615 width=18) (actual rows=29537 loops=1)
  Group Key: email
  Filter: (1 < count(email))
  Batches: 5  Memory Usage: 4657kB  Disk Usage: 1736kB
  Rows Removed by Filter: 22328
  Buffers: shared hit=637, temp read=195 written=360
  ->  Seq Scan on person t_person_0  (cost=0.00..1637.00 rows=100000 width=18) (actual rows=100000 loops=1)
        Buffers: shared hit=637
Planning Time: 0.064 ms
Execution Time: 61.400 ms",62.162,10544.43,29537,"HashAggregate  (cost=8824.50..10544.43 rows=14615 width=18) (actual rows=29537 loops=1)
  Group Key: email
  Filter: (1 < count(email))
  Batches: 5  Memory Usage: 4657kB  Disk Usage: 1736kB
  Rows Removed by Filter: 22328
  Buffers: shared hit=637, temp read=195 written=360
  ->  Seq Scan on person t_person_0  (cost=0.00..1637.00 rows=100000 width=18) (actual rows=100000 loops=1)
        Buffers: shared hit=637
Planning Time: 0.059 ms
Execution Time: 62.162 ms",58.7504,59.076,61.781,62.4668,10544.43,10544.43,29537,29537,29537,29537
161,182,207,Easy,select t_person_0.email as email from schema_182.person as t_person_0 group by t_person_0.email having 1 < count(t_person_0.email),57.536,10544.43,29537,"HashAggregate  (cost=8824.50..10544.43 rows=14615 width=18) (actual rows=29537 loops=1)
  Group Key: email
  Filter: (1 < count(email))
  Batches: 5  Memory Usage: 4657kB  Disk Usage: 1736kB
  Rows Removed by Filter: 22328
  Buffers: shared hit=637, temp read=195 written=360
  ->  Seq Scan on person t_person_0  (cost=0.00..1637.00 rows=100000 width=18) (actual rows=100000 loops=1)
        Buffers: shared hit=637
Planning Time: 0.064 ms
Execution Time: 57.536 ms",57.883,10544.43,29537,"HashAggregate  (cost=8824.50..10544.43 rows=14615 width=18) (actual rows=29537 loops=1)
  Group Key: email
  Filter: (1 < count(email))
  Batches: 5  Memory Usage: 4657kB  Disk Usage: 1736kB
  Rows Removed by Filter: 22328
  Buffers: shared hit=637, temp read=195 written=360
  ->  Seq Scan on person t_person_0  (cost=0.00..1637.00 rows=100000 width=18) (actual rows=100000 loops=1)
        Buffers: shared hit=637
Planning Time: 0.068 ms
Execution Time: 57.883 ms",56.349,10544.43,29537,"HashAggregate  (cost=8824.50..10544.43 rows=14615 width=18) (actual rows=29537 loops=1)
  Group Key: email
  Filter: (1 < count(email))
  Batches: 5  Memory Usage: 4657kB  Disk Usage: 1736kB
  Rows Removed by Filter: 22328
  Buffers: shared hit=637, temp read=195 written=360
  ->  Seq Scan on person t_person_0  (cost=0.00..1637.00 rows=100000 width=18) (actual rows=100000 loops=1)
        Buffers: shared hit=637
Planning Time: 0.101 ms
Execution Time: 56.349 ms",57.884,10544.43,29537,"HashAggregate  (cost=8824.50..10544.43 rows=14615 width=18) (actual rows=29537 loops=1)
  Group Key: email
  Filter: (1 < count(email))
  Batches: 5  Memory Usage: 4657kB  Disk Usage: 1736kB
  Rows Removed by Filter: 22328
  Buffers: shared hit=637, temp read=195 written=360
  ->  Seq Scan on person t_person_0  (cost=0.00..1637.00 rows=100000 width=18) (actual rows=100000 loops=1)
        Buffers: shared hit=637
Planning Time: 0.062 ms
Execution Time: 57.884 ms",56.906,10544.43,29537,"HashAggregate  (cost=8824.50..10544.43 rows=14615 width=18) (actual rows=29537 loops=1)
  Group Key: email
  Filter: (1 < count(email))
  Batches: 5  Memory Usage: 4657kB  Disk Usage: 1736kB
  Rows Removed by Filter: 22328
  Buffers: shared hit=637, temp read=195 written=360
  ->  Seq Scan on person t_person_0  (cost=0.00..1637.00 rows=100000 width=18) (actual rows=100000 loops=1)
        Buffers: shared hit=637
Planning Time: 0.140 ms
Execution Time: 56.906 ms",57.3116,57.536,57.8835,57.8844,10544.43,10544.43,29537,29537,29537,29537
162,182,209,Easy,select t_person_0.email as email from schema_182.person as t_person_0 group by t_person_0.email having 1 < count(t_person_0.email),56.652,10544.43,29537,"HashAggregate  (cost=8824.50..10544.43 rows=14615 width=18) (actual rows=29537 loops=1)
  Group Key: email
  Filter: (1 < count(email))
  Batches: 5  Memory Usage: 4657kB  Disk Usage: 1736kB
  Rows Removed by Filter: 22328
  Buffers: shared hit=637, temp read=195 written=360
  ->  Seq Scan on person t_person_0  (cost=0.00..1637.00 rows=100000 width=18) (actual rows=100000 loops=1)
        Buffers: shared hit=637
Planning Time: 0.046 ms
Execution Time: 56.652 ms",58.029,10544.43,29537,"HashAggregate  (cost=8824.50..10544.43 rows=14615 width=18) (actual rows=29537 loops=1)
  Group Key: email
  Filter: (1 < count(email))
  Batches: 5  Memory Usage: 4657kB  Disk Usage: 1736kB
  Rows Removed by Filter: 22328
  Buffers: shared hit=637, temp read=195 written=360
  ->  Seq Scan on person t_person_0  (cost=0.00..1637.00 rows=100000 width=18) (actual rows=100000 loops=1)
        Buffers: shared hit=637
Planning Time: 0.065 ms
Execution Time: 58.029 ms",62.354,10544.43,29537,"HashAggregate  (cost=8824.50..10544.43 rows=14615 width=18) (actual rows=29537 loops=1)
  Group Key: email
  Filter: (1 < count(email))
  Batches: 5  Memory Usage: 4657kB  Disk Usage: 1736kB
  Rows Removed by Filter: 22328
  Buffers: shared hit=637, temp read=195 written=360
  ->  Seq Scan on person t_person_0  (cost=0.00..1637.00 rows=100000 width=18) (actual rows=100000 loops=1)
        Buffers: shared hit=637
Planning Time: 0.061 ms
Execution Time: 62.354 ms",57.525,10544.43,29537,"HashAggregate  (cost=8824.50..10544.43 rows=14615 width=18) (actual rows=29537 loops=1)
  Group Key: email
  Filter: (1 < count(email))
  Batches: 5  Memory Usage: 4657kB  Disk Usage: 1736kB
  Rows Removed by Filter: 22328
  Buffers: shared hit=637, temp read=195 written=360
  ->  Seq Scan on person t_person_0  (cost=0.00..1637.00 rows=100000 width=18) (actual rows=100000 loops=1)
        Buffers: shared hit=637
Planning Time: 0.103 ms
Execution Time: 57.525 ms",57.197,10544.43,29537,"HashAggregate  (cost=8824.50..10544.43 rows=14615 width=18) (actual rows=29537 loops=1)
  Group Key: email
  Filter: (1 < count(email))
  Batches: 5  Memory Usage: 4657kB  Disk Usage: 1736kB
  Rows Removed by Filter: 22328
  Buffers: shared hit=637, temp read=195 written=360
  ->  Seq Scan on person t_person_0  (cost=0.00..1637.00 rows=100000 width=18) (actual rows=100000 loops=1)
        Buffers: shared hit=637
Planning Time: 0.065 ms
Execution Time: 57.197 ms",58.3514,57.525,60.1915,64.084,10544.43,10544.43,29537,29537,29537,29537
164,182,231,Easy,select t_person_0.email as email from schema_182.person as t_person_0 group by t_person_0.email having 1 < count(t_person_0.id),50.415,10544.43,29537,"HashAggregate  (cost=8824.50..10544.43 rows=14615 width=18) (actual rows=29537 loops=1)
  Group Key: email
  Filter: (1 < count(id))
  Batches: 5  Memory Usage: 4657kB  Disk Usage: 1776kB
  Rows Removed by Filter: 22328
  Buffers: shared hit=637, temp read=215 written=380
  ->  Seq Scan on person t_person_0  (cost=0.00..1637.00 rows=100000 width=22) (actual rows=100000 loops=1)
        Buffers: shared hit=637
Planning Time: 0.052 ms
Execution Time: 50.415 ms",57.19,10544.43,29537,"HashAggregate  (cost=8824.50..10544.43 rows=14615 width=18) (actual rows=29537 loops=1)
  Group Key: email
  Filter: (1 < count(id))
  Batches: 5  Memory Usage: 4657kB  Disk Usage: 1776kB
  Rows Removed by Filter: 22328
  Buffers: shared hit=637, temp read=215 written=380
  ->  Seq Scan on person t_person_0  (cost=0.00..1637.00 rows=100000 width=22) (actual rows=100000 loops=1)
        Buffers: shared hit=637
Planning Time: 0.064 ms
Execution Time: 57.190 ms",56.748,10544.43,29537,"HashAggregate  (cost=8824.50..10544.43 rows=14615 width=18) (actual rows=29537 loops=1)
  Group Key: email
  Filter: (1 < count(id))
  Batches: 5  Memory Usage: 4657kB  Disk Usage: 1776kB
  Rows Removed by Filter: 22328
  Buffers: shared hit=637, temp read=215 written=380
  ->  Seq Scan on person t_person_0  (cost=0.00..1637.00 rows=100000 width=22) (actual rows=100000 loops=1)
        Buffers: shared hit=637
Planning Time: 0.065 ms
Execution Time: 56.748 ms",55.281,10544.43,29537,"HashAggregate  (cost=8824.50..10544.43 rows=14615 width=18) (actual rows=29537 loops=1)
  Group Key: email
  Filter: (1 < count(id))
  Batches: 5  Memory Usage: 4657kB  Disk Usage: 1776kB
  Rows Removed by Filter: 22328
  Buffers: shared hit=637, temp read=215 written=380
  ->  Seq Scan on person t_person_0  (cost=0.00..1637.00 rows=100000 width=22) (actual rows=100000 loops=1)
        Buffers: shared hit=637
Planning Time: 0.092 ms
Execution Time: 55.281 ms",56.577,10544.43,29537,"HashAggregate  (cost=8824.50..10544.43 rows=14615 width=18) (actual rows=29537 loops=1)
  Group Key: email
  Filter: (1 < count(id))
  Batches: 5  Memory Usage: 4657kB  Disk Usage: 1776kB
  Rows Removed by Filter: 22328
  Buffers: shared hit=637, temp read=215 written=380
  ->  Seq Scan on person t_person_0  (cost=0.00..1637.00 rows=100000 width=22) (actual rows=100000 loops=1)
        Buffers: shared hit=637
Planning Time: 0.066 ms
Execution Time: 56.577 ms",55.2422,56.577,56.969,57.3668,10544.43,10544.43,29537,29537,29537,29537
165,182,232,Easy,select t_person_0.email as email from schema_182.person as t_person_0 group by t_person_0.email having 1 < count(t_person_0.email),54.48,10544.43,29537,"HashAggregate  (cost=8824.50..10544.43 rows=14615 width=18) (actual rows=29537 loops=1)
  Group Key: email
  Filter: (1 < count(email))
  Batches: 5  Memory Usage: 4657kB  Disk Usage: 1736kB
  Rows Removed by Filter: 22328
  Buffers: shared hit=637, temp read=195 written=360
  ->  Seq Scan on person t_person_0  (cost=0.00..1637.00 rows=100000 width=18) (actual rows=100000 loops=1)
        Buffers: shared hit=637
Planning Time: 0.085 ms
Execution Time: 54.480 ms",62.002,10544.43,29537,"HashAggregate  (cost=8824.50..10544.43 rows=14615 width=18) (actual rows=29537 loops=1)
  Group Key: email
  Filter: (1 < count(email))
  Batches: 5  Memory Usage: 4657kB  Disk Usage: 1736kB
  Rows Removed by Filter: 22328
  Buffers: shared hit=637, temp read=195 written=360
  ->  Seq Scan on person t_person_0  (cost=0.00..1637.00 rows=100000 width=18) (actual rows=100000 loops=1)
        Buffers: shared hit=637
Planning Time: 0.056 ms
Execution Time: 62.002 ms",61.26,10544.43,29537,"HashAggregate  (cost=8824.50..10544.43 rows=14615 width=18) (actual rows=29537 loops=1)
  Group Key: email
  Filter: (1 < count(email))
  Batches: 5  Memory Usage: 4657kB  Disk Usage: 1736kB
  Rows Removed by Filter: 22328
  Buffers: shared hit=637, temp read=195 written=360
  ->  Seq Scan on person t_person_0  (cost=0.00..1637.00 rows=100000 width=18) (actual rows=100000 loops=1)
        Buffers: shared hit=637
Planning Time: 0.065 ms
Execution Time: 61.260 ms",61.328,10544.43,29537,"HashAggregate  (cost=8824.50..10544.43 rows=14615 width=18) (actual rows=29537 loops=1)
  Group Key: email
  Filter: (1 < count(email))
  Batches: 5  Memory Usage: 4657kB  Disk Usage: 1736kB
  Rows Removed by Filter: 22328
  Buffers: shared hit=637, temp read=195 written=360
  ->  Seq Scan on person t_person_0  (cost=0.00..1637.00 rows=100000 width=18) (actual rows=100000 loops=1)
        Buffers: shared hit=637
Planning Time: 0.066 ms
Execution Time: 61.328 ms",61.63,10544.43,29537,"HashAggregate  (cost=8824.50..10544.43 rows=14615 width=18) (actual rows=29537 loops=1)
  Group Key: email
  Filter: (1 < count(email))
  Batches: 5  Memory Usage: 4657kB  Disk Usage: 1736kB
  Rows Removed by Filter: 22328
  Buffers: shared hit=637, temp read=195 written=360
  ->  Seq Scan on person t_person_0  (cost=0.00..1637.00 rows=100000 width=18) (actual rows=100000 loops=1)
        Buffers: shared hit=637
Planning Time: 0.062 ms
Execution Time: 61.630 ms",60.14,61.328,61.816,62.1508,10544.43,10544.43,29537,29537,29537,29537
172,184,77,Medium,"select d.name as employee, t_cte_7.c_name0 as department, t_cte_7.c_salary1 as salary from schema_184.department as d inner join (select e.name as c_name0, e.departmentid as c_departmentid1, e.salary as c_salary1, max(e.salary) over ( partition by e.departmentid ) as c_1 from schema_184.employee as e) as t_cte_7 on t_cte_7.c_departmentid1 = d.id where t_cte_7.c_salary1 = t_cte_7.c_1",82.164,12920.87,100000,"Merge Join  (cost=9974.14..12920.87 rows=500 width=14) (actual rows=100000 loops=1)
  Merge Cond: (t_cte_7.c_departmentid1 = d.id)
  Buffers: shared hit=665, temp read=270 written=271
  ->  Subquery Scan on t_cte_7  (cost=9968.82..12968.82 rows=500 width=10) (actual rows=100000 loops=1)
        Filter: (t_cte_7.c_salary1 = t_cte_7.c_1)
        Buffers: shared hit=664, temp read=270 written=271
        ->  WindowAgg  (cost=9968.82..11718.82 rows=100000 width=14) (actual rows=100000 loops=1)
              Buffers: shared hit=664, temp read=270 written=271
              ->  Sort  (cost=9968.82..10218.82 rows=100000 width=10) (actual rows=100000 loops=1)
                    Sort Key: e.departmentid
                    Sort Method: external merge  Disk: 2160kB
                    Buffers: shared hit=664, temp read=270 written=271
                    ->  Seq Scan on employee e  (cost=0.00..1664.00 rows=100000 width=10) (actual rows=100000 loops=1)
                          Buffers: shared hit=664
  ->  Sort  (cost=5.32..5.57 rows=100 width=12) (actual rows=51 loops=1)
        Sort Key: d.id
        Sort Method: quicksort  Memory: 29kB
        Buffers: shared hit=1
        ->  Seq Scan on department d  (cost=0.00..2.00 rows=100 width=12) (actual rows=100 loops=1)
              Buffers: shared hit=1
Planning:
  Buffers: shared hit=4
Planning Time: 0.139 ms
Execution Time: 82.164 ms",91.343,12920.87,100000,"Merge Join  (cost=9974.14..12920.87 rows=500 width=14) (actual rows=100000 loops=1)
  Merge Cond: (t_cte_7.c_departmentid1 = d.id)
  Buffers: shared hit=665, temp read=270 written=271
  ->  Subquery Scan on t_cte_7  (cost=9968.82..12968.82 rows=500 width=10) (actual rows=100000 loops=1)
        Filter: (t_cte_7.c_salary1 = t_cte_7.c_1)
        Buffers: shared hit=664, temp read=270 written=271
        ->  WindowAgg  (cost=9968.82..11718.82 rows=100000 width=14) (actual rows=100000 loops=1)
              Buffers: shared hit=664, temp read=270 written=271
              ->  Sort  (cost=9968.82..10218.82 rows=100000 width=10) (actual rows=100000 loops=1)
                    Sort Key: e.departmentid
                    Sort Method: external merge  Disk: 2160kB
                    Buffers: shared hit=664, temp read=270 written=271
                    ->  Seq Scan on employee e  (cost=0.00..1664.00 rows=100000 width=10) (actual rows=100000 loops=1)
                          Buffers: shared hit=664
  ->  Sort  (cost=5.32..5.57 rows=100 width=12) (actual rows=51 loops=1)
        Sort Key: d.id
        Sort Method: quicksort  Memory: 29kB
        Buffers: shared hit=1
        ->  Seq Scan on department d  (cost=0.00..2.00 rows=100 width=12) (actual rows=100 loops=1)
              Buffers: shared hit=1
Planning:
  Buffers: shared hit=4
Planning Time: 0.230 ms
Execution Time: 91.343 ms",85.456,12920.87,100000,"Merge Join  (cost=9974.14..12920.87 rows=500 width=14) (actual rows=100000 loops=1)
  Merge Cond: (t_cte_7.c_departmentid1 = d.id)
  Buffers: shared hit=665, temp read=270 written=271
  ->  Subquery Scan on t_cte_7  (cost=9968.82..12968.82 rows=500 width=10) (actual rows=100000 loops=1)
        Filter: (t_cte_7.c_salary1 = t_cte_7.c_1)
        Buffers: shared hit=664, temp read=270 written=271
        ->  WindowAgg  (cost=9968.82..11718.82 rows=100000 width=14) (actual rows=100000 loops=1)
              Buffers: shared hit=664, temp read=270 written=271
              ->  Sort  (cost=9968.82..10218.82 rows=100000 width=10) (actual rows=100000 loops=1)
                    Sort Key: e.departmentid
                    Sort Method: external merge  Disk: 2160kB
                    Buffers: shared hit=664, temp read=270 written=271
                    ->  Seq Scan on employee e  (cost=0.00..1664.00 rows=100000 width=10) (actual rows=100000 loops=1)
                          Buffers: shared hit=664
  ->  Sort  (cost=5.32..5.57 rows=100 width=12) (actual rows=51 loops=1)
        Sort Key: d.id
        Sort Method: quicksort  Memory: 29kB
        Buffers: shared hit=1
        ->  Seq Scan on department d  (cost=0.00..2.00 rows=100 width=12) (actual rows=100 loops=1)
              Buffers: shared hit=1
Planning:
  Buffers: shared hit=4
Planning Time: 0.230 ms
Execution Time: 85.456 ms",89.953,12920.87,100000,"Merge Join  (cost=9974.14..12920.87 rows=500 width=14) (actual rows=100000 loops=1)
  Merge Cond: (t_cte_7.c_departmentid1 = d.id)
  Buffers: shared hit=665, temp read=270 written=271
  ->  Subquery Scan on t_cte_7  (cost=9968.82..12968.82 rows=500 width=10) (actual rows=100000 loops=1)
        Filter: (t_cte_7.c_salary1 = t_cte_7.c_1)
        Buffers: shared hit=664, temp read=270 written=271
        ->  WindowAgg  (cost=9968.82..11718.82 rows=100000 width=14) (actual rows=100000 loops=1)
              Buffers: shared hit=664, temp read=270 written=271
              ->  Sort  (cost=9968.82..10218.82 rows=100000 width=10) (actual rows=100000 loops=1)
                    Sort Key: e.departmentid
                    Sort Method: external merge  Disk: 2160kB
                    Buffers: shared hit=664, temp read=270 written=271
                    ->  Seq Scan on employee e  (cost=0.00..1664.00 rows=100000 width=10) (actual rows=100000 loops=1)
                          Buffers: shared hit=664
  ->  Sort  (cost=5.32..5.57 rows=100 width=12) (actual rows=51 loops=1)
        Sort Key: d.id
        Sort Method: quicksort  Memory: 29kB
        Buffers: shared hit=1
        ->  Seq Scan on department d  (cost=0.00..2.00 rows=100 width=12) (actual rows=100 loops=1)
              Buffers: shared hit=1
Planning:
  Buffers: shared hit=4
Planning Time: 0.244 ms
Execution Time: 89.953 ms",84.21,12920.87,100000,"Merge Join  (cost=9974.14..12920.87 rows=500 width=14) (actual rows=100000 loops=1)
  Merge Cond: (t_cte_7.c_departmentid1 = d.id)
  Buffers: shared hit=665, temp read=270 written=271
  ->  Subquery Scan on t_cte_7  (cost=9968.82..12968.82 rows=500 width=10) (actual rows=100000 loops=1)
        Filter: (t_cte_7.c_salary1 = t_cte_7.c_1)
        Buffers: shared hit=664, temp read=270 written=271
        ->  WindowAgg  (cost=9968.82..11718.82 rows=100000 width=14) (actual rows=100000 loops=1)
              Buffers: shared hit=664, temp read=270 written=271
              ->  Sort  (cost=9968.82..10218.82 rows=100000 width=10) (actual rows=100000 loops=1)
                    Sort Key: e.departmentid
                    Sort Method: external merge  Disk: 2160kB
                    Buffers: shared hit=664, temp read=270 written=271
                    ->  Seq Scan on employee e  (cost=0.00..1664.00 rows=100000 width=10) (actual rows=100000 loops=1)
                          Buffers: shared hit=664
  ->  Sort  (cost=5.32..5.57 rows=100 width=12) (actual rows=51 loops=1)
        Sort Key: d.id
        Sort Method: quicksort  Memory: 29kB
        Buffers: shared hit=1
        ->  Seq Scan on department d  (cost=0.00..2.00 rows=100 width=12) (actual rows=100 loops=1)
              Buffers: shared hit=1
Planning:
  Buffers: shared hit=4
Planning Time: 0.226 ms
Execution Time: 84.210 ms",86.6252,85.456,90.648,91.899,12920.87,12920.87,100000,100000,100000,100000
173,184,78,Medium,"select t_cte_6.c_name1 as department, d.name as employee, t_cte_6.c_salary1 as salary from (select e.salary as c_salary1, max(e.salary) over ( partition by e.departmentid ) as c_1, e.name as c_name1, e.departmentid as c_departmentid1 from schema_184.employee as e) as t_cte_6 inner join schema_184.department as d on d.id = t_cte_6.c_departmentid1 where t_cte_6.c_salary1 = t_cte_6.c_1",82.726,12920.87,100000,"Merge Join  (cost=9974.14..12920.87 rows=500 width=14) (actual rows=100000 loops=1)
  Merge Cond: (t_cte_6.c_departmentid1 = d.id)
  Buffers: shared hit=665, temp read=256 written=257
  ->  Subquery Scan on t_cte_6  (cost=9968.82..12968.82 rows=500 width=10) (actual rows=100000 loops=1)
        Filter: (t_cte_6.c_salary1 = t_cte_6.c_1)
        Buffers: shared hit=664, temp read=256 written=257
        ->  WindowAgg  (cost=9968.82..11718.82 rows=100000 width=14) (actual rows=100000 loops=1)
              Buffers: shared hit=664, temp read=256 written=257
              ->  Sort  (cost=9968.82..10218.82 rows=100000 width=10) (actual rows=100000 loops=1)
                    Sort Key: e.departmentid
                    Sort Method: external merge  Disk: 2048kB
                    Buffers: shared hit=664, temp read=256 written=257
                    ->  Seq Scan on employee e  (cost=0.00..1664.00 rows=100000 width=10) (actual rows=100000 loops=1)
                          Buffers: shared hit=664
  ->  Sort  (cost=5.32..5.57 rows=100 width=12) (actual rows=51 loops=1)
        Sort Key: d.id
        Sort Method: quicksort  Memory: 29kB
        Buffers: shared hit=1
        ->  Seq Scan on department d  (cost=0.00..2.00 rows=100 width=12) (actual rows=100 loops=1)
              Buffers: shared hit=1
Planning:
  Buffers: shared hit=4
Planning Time: 0.206 ms
Execution Time: 82.726 ms",84.465,12920.87,100000,"Merge Join  (cost=9974.14..12920.87 rows=500 width=14) (actual rows=100000 loops=1)
  Merge Cond: (t_cte_6.c_departmentid1 = d.id)
  Buffers: shared hit=665, temp read=256 written=257
  ->  Subquery Scan on t_cte_6  (cost=9968.82..12968.82 rows=500 width=10) (actual rows=100000 loops=1)
        Filter: (t_cte_6.c_salary1 = t_cte_6.c_1)
        Buffers: shared hit=664, temp read=256 written=257
        ->  WindowAgg  (cost=9968.82..11718.82 rows=100000 width=14) (actual rows=100000 loops=1)
              Buffers: shared hit=664, temp read=256 written=257
              ->  Sort  (cost=9968.82..10218.82 rows=100000 width=10) (actual rows=100000 loops=1)
                    Sort Key: e.departmentid
                    Sort Method: external merge  Disk: 2048kB
                    Buffers: shared hit=664, temp read=256 written=257
                    ->  Seq Scan on employee e  (cost=0.00..1664.00 rows=100000 width=10) (actual rows=100000 loops=1)
                          Buffers: shared hit=664
  ->  Sort  (cost=5.32..5.57 rows=100 width=12) (actual rows=51 loops=1)
        Sort Key: d.id
        Sort Method: quicksort  Memory: 29kB
        Buffers: shared hit=1
        ->  Seq Scan on department d  (cost=0.00..2.00 rows=100 width=12) (actual rows=100 loops=1)
              Buffers: shared hit=1
Planning:
  Buffers: shared hit=4
Planning Time: 0.188 ms
Execution Time: 84.465 ms",84.945,12920.87,100000,"Merge Join  (cost=9974.14..12920.87 rows=500 width=14) (actual rows=100000 loops=1)
  Merge Cond: (t_cte_6.c_departmentid1 = d.id)
  Buffers: shared hit=665, temp read=256 written=257
  ->  Subquery Scan on t_cte_6  (cost=9968.82..12968.82 rows=500 width=10) (actual rows=100000 loops=1)
        Filter: (t_cte_6.c_salary1 = t_cte_6.c_1)
        Buffers: shared hit=664, temp read=256 written=257
        ->  WindowAgg  (cost=9968.82..11718.82 rows=100000 width=14) (actual rows=100000 loops=1)
              Buffers: shared hit=664, temp read=256 written=257
              ->  Sort  (cost=9968.82..10218.82 rows=100000 width=10) (actual rows=100000 loops=1)
                    Sort Key: e.departmentid
                    Sort Method: external merge  Disk: 2048kB
                    Buffers: shared hit=664, temp read=256 written=257
                    ->  Seq Scan on employee e  (cost=0.00..1664.00 rows=100000 width=10) (actual rows=100000 loops=1)
                          Buffers: shared hit=664
  ->  Sort  (cost=5.32..5.57 rows=100 width=12) (actual rows=51 loops=1)
        Sort Key: d.id
        Sort Method: quicksort  Memory: 29kB
        Buffers: shared hit=1
        ->  Seq Scan on department d  (cost=0.00..2.00 rows=100 width=12) (actual rows=100 loops=1)
              Buffers: shared hit=1
Planning:
  Buffers: shared hit=4
Planning Time: 0.214 ms
Execution Time: 84.945 ms",89.296,12920.87,100000,"Merge Join  (cost=9974.14..12920.87 rows=500 width=14) (actual rows=100000 loops=1)
  Merge Cond: (t_cte_6.c_departmentid1 = d.id)
  Buffers: shared hit=665, temp read=256 written=257
  ->  Subquery Scan on t_cte_6  (cost=9968.82..12968.82 rows=500 width=10) (actual rows=100000 loops=1)
        Filter: (t_cte_6.c_salary1 = t_cte_6.c_1)
        Buffers: shared hit=664, temp read=256 written=257
        ->  WindowAgg  (cost=9968.82..11718.82 rows=100000 width=14) (actual rows=100000 loops=1)
              Buffers: shared hit=664, temp read=256 written=257
              ->  Sort  (cost=9968.82..10218.82 rows=100000 width=10) (actual rows=100000 loops=1)
                    Sort Key: e.departmentid
                    Sort Method: external merge  Disk: 2048kB
                    Buffers: shared hit=664, temp read=256 written=257
                    ->  Seq Scan on employee e  (cost=0.00..1664.00 rows=100000 width=10) (actual rows=100000 loops=1)
                          Buffers: shared hit=664
  ->  Sort  (cost=5.32..5.57 rows=100 width=12) (actual rows=51 loops=1)
        Sort Key: d.id
        Sort Method: quicksort  Memory: 29kB
        Buffers: shared hit=1
        ->  Seq Scan on department d  (cost=0.00..2.00 rows=100 width=12) (actual rows=100 loops=1)
              Buffers: shared hit=1
Planning:
  Buffers: shared hit=4
Planning Time: 0.222 ms
Execution Time: 89.296 ms",82.883,12920.87,100000,"Merge Join  (cost=9974.14..12920.87 rows=500 width=14) (actual rows=100000 loops=1)
  Merge Cond: (t_cte_6.c_departmentid1 = d.id)
  Buffers: shared hit=665, temp read=256 written=257
  ->  Subquery Scan on t_cte_6  (cost=9968.82..12968.82 rows=500 width=10) (actual rows=100000 loops=1)
        Filter: (t_cte_6.c_salary1 = t_cte_6.c_1)
        Buffers: shared hit=664, temp read=256 written=257
        ->  WindowAgg  (cost=9968.82..11718.82 rows=100000 width=14) (actual rows=100000 loops=1)
              Buffers: shared hit=664, temp read=256 written=257
              ->  Sort  (cost=9968.82..10218.82 rows=100000 width=10) (actual rows=100000 loops=1)
                    Sort Key: e.departmentid
                    Sort Method: external merge  Disk: 2048kB
                    Buffers: shared hit=664, temp read=256 written=257
                    ->  Seq Scan on employee e  (cost=0.00..1664.00 rows=100000 width=10) (actual rows=100000 loops=1)
                          Buffers: shared hit=664
  ->  Sort  (cost=5.32..5.57 rows=100 width=12) (actual rows=51 loops=1)
        Sort Key: d.id
        Sort Method: quicksort  Memory: 29kB
        Buffers: shared hit=1
        ->  Seq Scan on department d  (cost=0.00..2.00 rows=100 width=12) (actual rows=100 loops=1)
              Buffers: shared hit=1
Planning:
  Buffers: shared hit=4
Planning Time: 0.228 ms
Execution Time: 82.883 ms",84.863,84.465,87.1205,91.0364,12920.87,12920.87,100000,100000,100000,100000
187,184,179,Medium,"select d.name as department, t_cte_9.c_name0 as employee, t_cte_9.c_salary1 as salary from (select max(e1.salary) over ( partition by e1.departmentid ) as c_1, e1.departmentid as c_departmentid1, e1.name as c_name0, e1.salary as c_salary1 from schema_184.employee as e1) as t_cte_9 inner join schema_184.department as d on t_cte_9.c_departmentid1 = d.id where t_cte_9.c_salary1 = t_cte_9.c_1",80.703,12920.87,100000,"Merge Join  (cost=9974.14..12920.87 rows=500 width=14) (actual rows=100000 loops=1)
  Merge Cond: (t_cte_9.c_departmentid1 = d.id)
  Buffers: shared hit=665, temp read=256 written=257
  ->  Subquery Scan on t_cte_9  (cost=9968.82..12968.82 rows=500 width=10) (actual rows=100000 loops=1)
        Filter: (t_cte_9.c_salary1 = t_cte_9.c_1)
        Buffers: shared hit=664, temp read=256 written=257
        ->  WindowAgg  (cost=9968.82..11718.82 rows=100000 width=14) (actual rows=100000 loops=1)
              Buffers: shared hit=664, temp read=256 written=257
              ->  Sort  (cost=9968.82..10218.82 rows=100000 width=10) (actual rows=100000 loops=1)
                    Sort Key: e1.departmentid
                    Sort Method: external merge  Disk: 2048kB
                    Buffers: shared hit=664, temp read=256 written=257
                    ->  Seq Scan on employee e1  (cost=0.00..1664.00 rows=100000 width=10) (actual rows=100000 loops=1)
                          Buffers: shared hit=664
  ->  Sort  (cost=5.32..5.57 rows=100 width=12) (actual rows=51 loops=1)
        Sort Key: d.id
        Sort Method: quicksort  Memory: 29kB
        Buffers: shared hit=1
        ->  Seq Scan on department d  (cost=0.00..2.00 rows=100 width=12) (actual rows=100 loops=1)
              Buffers: shared hit=1
Planning:
  Buffers: shared hit=4
Planning Time: 0.138 ms
Execution Time: 80.703 ms",84.491,12920.87,100000,"Merge Join  (cost=9974.14..12920.87 rows=500 width=14) (actual rows=100000 loops=1)
  Merge Cond: (t_cte_9.c_departmentid1 = d.id)
  Buffers: shared hit=665, temp read=256 written=257
  ->  Subquery Scan on t_cte_9  (cost=9968.82..12968.82 rows=500 width=10) (actual rows=100000 loops=1)
        Filter: (t_cte_9.c_salary1 = t_cte_9.c_1)
        Buffers: shared hit=664, temp read=256 written=257
        ->  WindowAgg  (cost=9968.82..11718.82 rows=100000 width=14) (actual rows=100000 loops=1)
              Buffers: shared hit=664, temp read=256 written=257
              ->  Sort  (cost=9968.82..10218.82 rows=100000 width=10) (actual rows=100000 loops=1)
                    Sort Key: e1.departmentid
                    Sort Method: external merge  Disk: 2048kB
                    Buffers: shared hit=664, temp read=256 written=257
                    ->  Seq Scan on employee e1  (cost=0.00..1664.00 rows=100000 width=10) (actual rows=100000 loops=1)
                          Buffers: shared hit=664
  ->  Sort  (cost=5.32..5.57 rows=100 width=12) (actual rows=51 loops=1)
        Sort Key: d.id
        Sort Method: quicksort  Memory: 29kB
        Buffers: shared hit=1
        ->  Seq Scan on department d  (cost=0.00..2.00 rows=100 width=12) (actual rows=100 loops=1)
              Buffers: shared hit=1
Planning:
  Buffers: shared hit=4
Planning Time: 0.217 ms
Execution Time: 84.491 ms",86.938,12920.87,100000,"Merge Join  (cost=9974.14..12920.87 rows=500 width=14) (actual rows=100000 loops=1)
  Merge Cond: (t_cte_9.c_departmentid1 = d.id)
  Buffers: shared hit=665, temp read=256 written=257
  ->  Subquery Scan on t_cte_9  (cost=9968.82..12968.82 rows=500 width=10) (actual rows=100000 loops=1)
        Filter: (t_cte_9.c_salary1 = t_cte_9.c_1)
        Buffers: shared hit=664, temp read=256 written=257
        ->  WindowAgg  (cost=9968.82..11718.82 rows=100000 width=14) (actual rows=100000 loops=1)
              Buffers: shared hit=664, temp read=256 written=257
              ->  Sort  (cost=9968.82..10218.82 rows=100000 width=10) (actual rows=100000 loops=1)
                    Sort Key: e1.departmentid
                    Sort Method: external merge  Disk: 2048kB
                    Buffers: shared hit=664, temp read=256 written=257
                    ->  Seq Scan on employee e1  (cost=0.00..1664.00 rows=100000 width=10) (actual rows=100000 loops=1)
                          Buffers: shared hit=664
  ->  Sort  (cost=5.32..5.57 rows=100 width=12) (actual rows=51 loops=1)
        Sort Key: d.id
        Sort Method: quicksort  Memory: 29kB
        Buffers: shared hit=1
        ->  Seq Scan on department d  (cost=0.00..2.00 rows=100 width=12) (actual rows=100 loops=1)
              Buffers: shared hit=1
Planning:
  Buffers: shared hit=4
Planning Time: 0.216 ms
Execution Time: 86.938 ms",87.401,12920.87,100000,"Merge Join  (cost=9974.14..12920.87 rows=500 width=14) (actual rows=100000 loops=1)
  Merge Cond: (t_cte_9.c_departmentid1 = d.id)
  Buffers: shared hit=665, temp read=256 written=257
  ->  Subquery Scan on t_cte_9  (cost=9968.82..12968.82 rows=500 width=10) (actual rows=100000 loops=1)
        Filter: (t_cte_9.c_salary1 = t_cte_9.c_1)
        Buffers: shared hit=664, temp read=256 written=257
        ->  WindowAgg  (cost=9968.82..11718.82 rows=100000 width=14) (actual rows=100000 loops=1)
              Buffers: shared hit=664, temp read=256 written=257
              ->  Sort  (cost=9968.82..10218.82 rows=100000 width=10) (actual rows=100000 loops=1)
                    Sort Key: e1.departmentid
                    Sort Method: external merge  Disk: 2048kB
                    Buffers: shared hit=664, temp read=256 written=257
                    ->  Seq Scan on employee e1  (cost=0.00..1664.00 rows=100000 width=10) (actual rows=100000 loops=1)
                          Buffers: shared hit=664
  ->  Sort  (cost=5.32..5.57 rows=100 width=12) (actual rows=51 loops=1)
        Sort Key: d.id
        Sort Method: quicksort  Memory: 29kB
        Buffers: shared hit=1
        ->  Seq Scan on department d  (cost=0.00..2.00 rows=100 width=12) (actual rows=100 loops=1)
              Buffers: shared hit=1
Planning:
  Buffers: shared hit=4
Planning Time: 0.191 ms
Execution Time: 87.401 ms",84.85,12920.87,100000,"Merge Join  (cost=9974.14..12920.87 rows=500 width=14) (actual rows=100000 loops=1)
  Merge Cond: (t_cte_9.c_departmentid1 = d.id)
  Buffers: shared hit=665, temp read=256 written=257
  ->  Subquery Scan on t_cte_9  (cost=9968.82..12968.82 rows=500 width=10) (actual rows=100000 loops=1)
        Filter: (t_cte_9.c_salary1 = t_cte_9.c_1)
        Buffers: shared hit=664, temp read=256 written=257
        ->  WindowAgg  (cost=9968.82..11718.82 rows=100000 width=14) (actual rows=100000 loops=1)
              Buffers: shared hit=664, temp read=256 written=257
              ->  Sort  (cost=9968.82..10218.82 rows=100000 width=10) (actual rows=100000 loops=1)
                    Sort Key: e1.departmentid
                    Sort Method: external merge  Disk: 2048kB
                    Buffers: shared hit=664, temp read=256 written=257
                    ->  Seq Scan on employee e1  (cost=0.00..1664.00 rows=100000 width=10) (actual rows=100000 loops=1)
                          Buffers: shared hit=664
  ->  Sort  (cost=5.32..5.57 rows=100 width=12) (actual rows=51 loops=1)
        Sort Key: d.id
        Sort Method: quicksort  Memory: 29kB
        Buffers: shared hit=1
        ->  Seq Scan on department d  (cost=0.00..2.00 rows=100 width=12) (actual rows=100 loops=1)
              Buffers: shared hit=1
Planning:
  Buffers: shared hit=4
Planning Time: 0.188 ms
Execution Time: 84.850 ms",84.8766,84.85,87.1695,87.5862,12920.87,12920.87,100000,100000,100000,100000
207,184,366,Medium,"select e.name as department, d.name as employee, e.salary as salary from schema_184.employee as e inner join schema_184.department as d on e.departmentid = d.id inner join (select e.departmentid as c_departmentid1, max(e.salary) as c_max1 from schema_184.employee as e group by e.departmentid) as t_cte_6 on e.departmentid = t_cte_6.c_departmentid1 where e.salary = t_cte_6.c_max1",58.496,4363.96,100000,"Hash Join  (cost=2169.00..4363.96 rows=2000 width=14) (actual rows=100000 loops=1)
  Hash Cond: (e.departmentid = d.id)
  Buffers: shared hit=1329
  ->  Hash Join  (cost=2165.75..4355.24 rows=2000 width=14) (actual rows=100000 loops=1)
        Hash Cond: ((e.departmentid = e_1.departmentid) AND (e.salary = (max(e_1.salary))))
        Buffers: shared hit=1328
        ->  Seq Scan on employee e  (cost=0.00..1664.00 rows=100000 width=10) (actual rows=100000 loops=1)
              Buffers: shared hit=664
        ->  Hash  (cost=2165.00..2165.00 rows=50 width=8) (actual rows=50 loops=1)
              Buckets: 1024  Batches: 1  Memory Usage: 10kB
              Buffers: shared hit=664
              ->  HashAggregate  (cost=2164.00..2164.50 rows=50 width=8) (actual rows=50 loops=1)
                    Group Key: e_1.departmentid
                    Batches: 1  Memory Usage: 24kB
                    Buffers: shared hit=664
                    ->  Seq Scan on employee e_1  (cost=0.00..1664.00 rows=100000 width=8) (actual rows=100000 loops=1)
                          Buffers: shared hit=664
  ->  Hash  (cost=2.00..2.00 rows=100 width=12) (actual rows=100 loops=1)
        Buckets: 1024  Batches: 1  Memory Usage: 13kB
        Buffers: shared hit=1
        ->  Seq Scan on department d  (cost=0.00..2.00 rows=100 width=12) (actual rows=100 loops=1)
              Buffers: shared hit=1
Planning:
  Buffers: shared hit=8
Planning Time: 0.226 ms
Execution Time: 58.496 ms",68.94,4363.96,100000,"Hash Join  (cost=2169.00..4363.96 rows=2000 width=14) (actual rows=100000 loops=1)
  Hash Cond: (e.departmentid = d.id)
  Buffers: shared hit=1329
  ->  Hash Join  (cost=2165.75..4355.24 rows=2000 width=14) (actual rows=100000 loops=1)
        Hash Cond: ((e.departmentid = e_1.departmentid) AND (e.salary = (max(e_1.salary))))
        Buffers: shared hit=1328
        ->  Seq Scan on employee e  (cost=0.00..1664.00 rows=100000 width=10) (actual rows=100000 loops=1)
              Buffers: shared hit=664
        ->  Hash  (cost=2165.00..2165.00 rows=50 width=8) (actual rows=50 loops=1)
              Buckets: 1024  Batches: 1  Memory Usage: 10kB
              Buffers: shared hit=664
              ->  HashAggregate  (cost=2164.00..2164.50 rows=50 width=8) (actual rows=50 loops=1)
                    Group Key: e_1.departmentid
                    Batches: 1  Memory Usage: 24kB
                    Buffers: shared hit=664
                    ->  Seq Scan on employee e_1  (cost=0.00..1664.00 rows=100000 width=8) (actual rows=100000 loops=1)
                          Buffers: shared hit=664
  ->  Hash  (cost=2.00..2.00 rows=100 width=12) (actual rows=100 loops=1)
        Buckets: 1024  Batches: 1  Memory Usage: 13kB
        Buffers: shared hit=1
        ->  Seq Scan on department d  (cost=0.00..2.00 rows=100 width=12) (actual rows=100 loops=1)
              Buffers: shared hit=1
Planning:
  Buffers: shared hit=8
Planning Time: 0.372 ms
Execution Time: 68.940 ms",64.211,4363.96,100000,"Hash Join  (cost=2169.00..4363.96 rows=2000 width=14) (actual rows=100000 loops=1)
  Hash Cond: (e.departmentid = d.id)
  Buffers: shared hit=1329
  ->  Hash Join  (cost=2165.75..4355.24 rows=2000 width=14) (actual rows=100000 loops=1)
        Hash Cond: ((e.departmentid = e_1.departmentid) AND (e.salary = (max(e_1.salary))))
        Buffers: shared hit=1328
        ->  Seq Scan on employee e  (cost=0.00..1664.00 rows=100000 width=10) (actual rows=100000 loops=1)
              Buffers: shared hit=664
        ->  Hash  (cost=2165.00..2165.00 rows=50 width=8) (actual rows=50 loops=1)
              Buckets: 1024  Batches: 1  Memory Usage: 10kB
              Buffers: shared hit=664
              ->  HashAggregate  (cost=2164.00..2164.50 rows=50 width=8) (actual rows=50 loops=1)
                    Group Key: e_1.departmentid
                    Batches: 1  Memory Usage: 24kB
                    Buffers: shared hit=664
                    ->  Seq Scan on employee e_1  (cost=0.00..1664.00 rows=100000 width=8) (actual rows=100000 loops=1)
                          Buffers: shared hit=664
  ->  Hash  (cost=2.00..2.00 rows=100 width=12) (actual rows=100 loops=1)
        Buckets: 1024  Batches: 1  Memory Usage: 13kB
        Buffers: shared hit=1
        ->  Seq Scan on department d  (cost=0.00..2.00 rows=100 width=12) (actual rows=100 loops=1)
              Buffers: shared hit=1
Planning:
  Buffers: shared hit=8
Planning Time: 0.238 ms
Execution Time: 64.211 ms",62.616,4363.96,100000,"Hash Join  (cost=2169.00..4363.96 rows=2000 width=14) (actual rows=100000 loops=1)
  Hash Cond: (e.departmentid = d.id)
  Buffers: shared hit=1329
  ->  Hash Join  (cost=2165.75..4355.24 rows=2000 width=14) (actual rows=100000 loops=1)
        Hash Cond: ((e.departmentid = e_1.departmentid) AND (e.salary = (max(e_1.salary))))
        Buffers: shared hit=1328
        ->  Seq Scan on employee e  (cost=0.00..1664.00 rows=100000 width=10) (actual rows=100000 loops=1)
              Buffers: shared hit=664
        ->  Hash  (cost=2165.00..2165.00 rows=50 width=8) (actual rows=50 loops=1)
              Buckets: 1024  Batches: 1  Memory Usage: 10kB
              Buffers: shared hit=664
              ->  HashAggregate  (cost=2164.00..2164.50 rows=50 width=8) (actual rows=50 loops=1)
                    Group Key: e_1.departmentid
                    Batches: 1  Memory Usage: 24kB
                    Buffers: shared hit=664
                    ->  Seq Scan on employee e_1  (cost=0.00..1664.00 rows=100000 width=8) (actual rows=100000 loops=1)
                          Buffers: shared hit=664
  ->  Hash  (cost=2.00..2.00 rows=100 width=12) (actual rows=100 loops=1)
        Buckets: 1024  Batches: 1  Memory Usage: 13kB
        Buffers: shared hit=1
        ->  Seq Scan on department d  (cost=0.00..2.00 rows=100 width=12) (actual rows=100 loops=1)
              Buffers: shared hit=1
Planning:
  Buffers: shared hit=8
Planning Time: 0.515 ms
Execution Time: 62.616 ms",62.988,4363.96,100000,"Hash Join  (cost=2169.00..4363.96 rows=2000 width=14) (actual rows=100000 loops=1)
  Hash Cond: (e.departmentid = d.id)
  Buffers: shared hit=1329
  ->  Hash Join  (cost=2165.75..4355.24 rows=2000 width=14) (actual rows=100000 loops=1)
        Hash Cond: ((e.departmentid = e_1.departmentid) AND (e.salary = (max(e_1.salary))))
        Buffers: shared hit=1328
        ->  Seq Scan on employee e  (cost=0.00..1664.00 rows=100000 width=10) (actual rows=100000 loops=1)
              Buffers: shared hit=664
        ->  Hash  (cost=2165.00..2165.00 rows=50 width=8) (actual rows=50 loops=1)
              Buckets: 1024  Batches: 1  Memory Usage: 10kB
              Buffers: shared hit=664
              ->  HashAggregate  (cost=2164.00..2164.50 rows=50 width=8) (actual rows=50 loops=1)
                    Group Key: e_1.departmentid
                    Batches: 1  Memory Usage: 24kB
                    Buffers: shared hit=664
                    ->  Seq Scan on employee e_1  (cost=0.00..1664.00 rows=100000 width=8) (actual rows=100000 loops=1)
                          Buffers: shared hit=664
  ->  Hash  (cost=2.00..2.00 rows=100 width=12) (actual rows=100 loops=1)
        Buckets: 1024  Batches: 1  Memory Usage: 13kB
        Buffers: shared hit=1
        ->  Seq Scan on department d  (cost=0.00..2.00 rows=100 width=12) (actual rows=100 loops=1)
              Buffers: shared hit=1
Planning:
  Buffers: shared hit=8
Planning Time: 0.354 ms
Execution Time: 62.988 ms",63.4502,62.988,66.5755,70.8316,4363.96,4363.96,100000,100000,100000,100000
222,534,1,Medium,"SELECT T_activity_0.player_id AS player_id, T_activity_0.event_date AS event_date, SUM(T_activity_0.games_played) OVER ( PARTITION BY T_activity_0.player_id ORDER BY T_activity_0.event_date ASC ) AS games_played_so_far from schema_534.activity AS T_activity_0 ORDER BY player_id ASC,event_date ASC",94.566,6722.28,100000,"WindowAgg  (cost=0.29..6722.28 rows=100000 width=16) (actual rows=100000 loops=1)
  Buffers: shared hit=100137
  ->  Index Scan using activity_pkey on activity t_activity_0  (cost=0.29..4972.28 rows=100000 width=12) (actual rows=100000 loops=1)
        Buffers: shared hit=100137
Planning Time: 0.066 ms
Execution Time: 94.566 ms",101.566,6722.28,100000,"WindowAgg  (cost=0.29..6722.28 rows=100000 width=16) (actual rows=100000 loops=1)
  Buffers: shared hit=100137
  ->  Index Scan using activity_pkey on activity t_activity_0  (cost=0.29..4972.28 rows=100000 width=12) (actual rows=100000 loops=1)
        Buffers: shared hit=100137
Planning Time: 0.070 ms
Execution Time: 101.566 ms",100.864,6722.28,100000,"WindowAgg  (cost=0.29..6722.28 rows=100000 width=16) (actual rows=100000 loops=1)
  Buffers: shared hit=100137
  ->  Index Scan using activity_pkey on activity t_activity_0  (cost=0.29..4972.28 rows=100000 width=12) (actual rows=100000 loops=1)
        Buffers: shared hit=100137
Planning Time: 0.112 ms
Execution Time: 100.864 ms",105.921,6722.28,100000,"WindowAgg  (cost=0.29..6722.28 rows=100000 width=16) (actual rows=100000 loops=1)
  Buffers: shared hit=100137
  ->  Index Scan using activity_pkey on activity t_activity_0  (cost=0.29..4972.28 rows=100000 width=12) (actual rows=100000 loops=1)
        Buffers: shared hit=100137
Planning Time: 0.074 ms
Execution Time: 105.921 ms",99.484,6722.28,100000,"WindowAgg  (cost=0.29..6722.28 rows=100000 width=16) (actual rows=100000 loops=1)
  Buffers: shared hit=100137
  ->  Index Scan using activity_pkey on activity t_activity_0  (cost=0.29..4972.28 rows=100000 width=12) (actual rows=100000 loops=1)
        Buffers: shared hit=100137
Planning Time: 0.087 ms
Execution Time: 99.484 ms",100.4802,100.864,103.7435,107.663,6722.28,6722.28,100000,100000,100000,100000
224,534,3,Medium,"SELECT b.player_id AS player_id, b.event_date AS event_date, SUM(b.games_played) OVER ( PARTITION BY b.player_id ORDER BY b.event_date ASC ) AS games_played_so_far from schema_534.activity AS b GROUP BY b.event_date,b.player_id",165.358,3005.39,100000,"WindowAgg  (cost=2805.39..3005.39 rows=10000 width=16) (actual rows=100000 loops=1)
  Buffers: shared hit=541, temp read=471 written=633
  ->  Sort  (cost=2805.39..2830.39 rows=10000 width=12) (actual rows=100000 loops=1)
        Sort Key: player_id, event_date
        Sort Method: external merge  Disk: 2160kB
        Buffers: shared hit=541, temp read=471 written=633
        ->  HashAggregate  (cost=2041.00..2141.00 rows=10000 width=12) (actual rows=100000 loops=1)
              Group Key: event_date, player_id
              Batches: 5  Memory Usage: 4145kB  Disk Usage: 1744kB
              Buffers: shared hit=541, temp read=201 written=362
              ->  Seq Scan on activity b  (cost=0.00..1541.00 rows=100000 width=12) (actual rows=100000 loops=1)
                    Buffers: shared hit=541
Planning:
  Buffers: shared hit=3
Planning Time: 0.087 ms
Execution Time: 165.358 ms",171.622,3005.39,100000,"WindowAgg  (cost=2805.39..3005.39 rows=10000 width=16) (actual rows=100000 loops=1)
  Buffers: shared hit=541, temp read=471 written=633
  ->  Sort  (cost=2805.39..2830.39 rows=10000 width=12) (actual rows=100000 loops=1)
        Sort Key: player_id, event_date
        Sort Method: external merge  Disk: 2160kB
        Buffers: shared hit=541, temp read=471 written=633
        ->  HashAggregate  (cost=2041.00..2141.00 rows=10000 width=12) (actual rows=100000 loops=1)
              Group Key: event_date, player_id
              Batches: 5  Memory Usage: 4145kB  Disk Usage: 1744kB
              Buffers: shared hit=541, temp read=201 written=362
              ->  Seq Scan on activity b  (cost=0.00..1541.00 rows=100000 width=12) (actual rows=100000 loops=1)
                    Buffers: shared hit=541
Planning:
  Buffers: shared hit=3
Planning Time: 0.056 ms
Execution Time: 171.622 ms",178.243,3005.39,100000,"WindowAgg  (cost=2805.39..3005.39 rows=10000 width=16) (actual rows=100000 loops=1)
  Buffers: shared hit=541, temp read=471 written=633
  ->  Sort  (cost=2805.39..2830.39 rows=10000 width=12) (actual rows=100000 loops=1)
        Sort Key: player_id, event_date
        Sort Method: external merge  Disk: 2160kB
        Buffers: shared hit=541, temp read=471 written=633
        ->  HashAggregate  (cost=2041.00..2141.00 rows=10000 width=12) (actual rows=100000 loops=1)
              Group Key: event_date, player_id
              Batches: 5  Memory Usage: 4145kB  Disk Usage: 1744kB
              Buffers: shared hit=541, temp read=201 written=362
              ->  Seq Scan on activity b  (cost=0.00..1541.00 rows=100000 width=12) (actual rows=100000 loops=1)
                    Buffers: shared hit=541
Planning:
  Buffers: shared hit=3
Planning Time: 0.148 ms
Execution Time: 178.243 ms",170.151,3005.39,100000,"WindowAgg  (cost=2805.39..3005.39 rows=10000 width=16) (actual rows=100000 loops=1)
  Buffers: shared hit=541, temp read=471 written=633
  ->  Sort  (cost=2805.39..2830.39 rows=10000 width=12) (actual rows=100000 loops=1)
        Sort Key: player_id, event_date
        Sort Method: external merge  Disk: 2160kB
        Buffers: shared hit=541, temp read=471 written=633
        ->  HashAggregate  (cost=2041.00..2141.00 rows=10000 width=12) (actual rows=100000 loops=1)
              Group Key: event_date, player_id
              Batches: 5  Memory Usage: 4145kB  Disk Usage: 1744kB
              Buffers: shared hit=541, temp read=201 written=362
              ->  Seq Scan on activity b  (cost=0.00..1541.00 rows=100000 width=12) (actual rows=100000 loops=1)
                    Buffers: shared hit=541
Planning:
  Buffers: shared hit=3
Planning Time: 0.083 ms
Execution Time: 170.151 ms",171.219,3005.39,100000,"WindowAgg  (cost=2805.39..3005.39 rows=10000 width=16) (actual rows=100000 loops=1)
  Buffers: shared hit=541, temp read=471 written=633
  ->  Sort  (cost=2805.39..2830.39 rows=10000 width=12) (actual rows=100000 loops=1)
        Sort Key: player_id, event_date
        Sort Method: external merge  Disk: 2160kB
        Buffers: shared hit=541, temp read=471 written=633
        ->  HashAggregate  (cost=2041.00..2141.00 rows=10000 width=12) (actual rows=100000 loops=1)
              Group Key: event_date, player_id
              Batches: 5  Memory Usage: 4145kB  Disk Usage: 1744kB
              Buffers: shared hit=541, temp read=201 written=362
              ->  Seq Scan on activity b  (cost=0.00..1541.00 rows=100000 width=12) (actual rows=100000 loops=1)
                    Buffers: shared hit=541
Planning:
  Buffers: shared hit=3
Planning Time: 0.078 ms
Execution Time: 171.219 ms",171.3186,171.219,174.9325,180.8914,3005.39,3005.39,100000,100000,100000,100000
225,534,4,Medium,"SELECT a2.player_id AS player_id, a2.event_date AS event_date, SUM(a2.games_played) OVER ( PARTITION BY a2.player_id ORDER BY a2.event_date ASC ) AS games_played_so_far from schema_534.activity AS a2 GROUP BY a2.player_id,a2.event_date",162.026,3005.39,100000,"WindowAgg  (cost=2805.39..3005.39 rows=10000 width=16) (actual rows=100000 loops=1)
  Buffers: shared hit=541, temp read=471 written=633
  ->  Sort  (cost=2805.39..2830.39 rows=10000 width=12) (actual rows=100000 loops=1)
        Sort Key: player_id, event_date
        Sort Method: external merge  Disk: 2160kB
        Buffers: shared hit=541, temp read=471 written=633
        ->  HashAggregate  (cost=2041.00..2141.00 rows=10000 width=12) (actual rows=100000 loops=1)
              Group Key: player_id, event_date
              Batches: 5  Memory Usage: 4145kB  Disk Usage: 1744kB
              Buffers: shared hit=541, temp read=201 written=362
              ->  Seq Scan on activity a2  (cost=0.00..1541.00 rows=100000 width=12) (actual rows=100000 loops=1)
                    Buffers: shared hit=541
Planning:
  Buffers: shared hit=3
Planning Time: 0.120 ms
Execution Time: 162.026 ms",170.894,3005.39,100000,"WindowAgg  (cost=2805.39..3005.39 rows=10000 width=16) (actual rows=100000 loops=1)
  Buffers: shared hit=541, temp read=471 written=633
  ->  Sort  (cost=2805.39..2830.39 rows=10000 width=12) (actual rows=100000 loops=1)
        Sort Key: player_id, event_date
        Sort Method: external merge  Disk: 2160kB
        Buffers: shared hit=541, temp read=471 written=633
        ->  HashAggregate  (cost=2041.00..2141.00 rows=10000 width=12) (actual rows=100000 loops=1)
              Group Key: player_id, event_date
              Batches: 5  Memory Usage: 4145kB  Disk Usage: 1744kB
              Buffers: shared hit=541, temp read=201 written=362
              ->  Seq Scan on activity a2  (cost=0.00..1541.00 rows=100000 width=12) (actual rows=100000 loops=1)
                    Buffers: shared hit=541
Planning:
  Buffers: shared hit=3
Planning Time: 0.088 ms
Execution Time: 170.894 ms",169.191,3005.39,100000,"WindowAgg  (cost=2805.39..3005.39 rows=10000 width=16) (actual rows=100000 loops=1)
  Buffers: shared hit=541, temp read=471 written=633
  ->  Sort  (cost=2805.39..2830.39 rows=10000 width=12) (actual rows=100000 loops=1)
        Sort Key: player_id, event_date
        Sort Method: external merge  Disk: 2160kB
        Buffers: shared hit=541, temp read=471 written=633
        ->  HashAggregate  (cost=2041.00..2141.00 rows=10000 width=12) (actual rows=100000 loops=1)
              Group Key: player_id, event_date
              Batches: 5  Memory Usage: 4145kB  Disk Usage: 1744kB
              Buffers: shared hit=541, temp read=201 written=362
              ->  Seq Scan on activity a2  (cost=0.00..1541.00 rows=100000 width=12) (actual rows=100000 loops=1)
                    Buffers: shared hit=541
Planning:
  Buffers: shared hit=3
Planning Time: 0.103 ms
Execution Time: 169.191 ms",179.039,3005.39,100000,"WindowAgg  (cost=2805.39..3005.39 rows=10000 width=16) (actual rows=100000 loops=1)
  Buffers: shared hit=541, temp read=471 written=633
  ->  Sort  (cost=2805.39..2830.39 rows=10000 width=12) (actual rows=100000 loops=1)
        Sort Key: player_id, event_date
        Sort Method: external merge  Disk: 2160kB
        Buffers: shared hit=541, temp read=471 written=633
        ->  HashAggregate  (cost=2041.00..2141.00 rows=10000 width=12) (actual rows=100000 loops=1)
              Group Key: player_id, event_date
              Batches: 5  Memory Usage: 4145kB  Disk Usage: 1744kB
              Buffers: shared hit=541, temp read=201 written=362
              ->  Seq Scan on activity a2  (cost=0.00..1541.00 rows=100000 width=12) (actual rows=100000 loops=1)
                    Buffers: shared hit=541
Planning:
  Buffers: shared hit=3
Planning Time: 0.094 ms
Execution Time: 179.039 ms",173.218,3005.39,100000,"WindowAgg  (cost=2805.39..3005.39 rows=10000 width=16) (actual rows=100000 loops=1)
  Buffers: shared hit=541, temp read=471 written=633
  ->  Sort  (cost=2805.39..2830.39 rows=10000 width=12) (actual rows=100000 loops=1)
        Sort Key: player_id, event_date
        Sort Method: external merge  Disk: 2160kB
        Buffers: shared hit=541, temp read=471 written=633
        ->  HashAggregate  (cost=2041.00..2141.00 rows=10000 width=12) (actual rows=100000 loops=1)
              Group Key: player_id, event_date
              Batches: 5  Memory Usage: 4145kB  Disk Usage: 1744kB
              Buffers: shared hit=541, temp read=201 written=362
              ->  Seq Scan on activity a2  (cost=0.00..1541.00 rows=100000 width=12) (actual rows=100000 loops=1)
                    Buffers: shared hit=541
Planning:
  Buffers: shared hit=3
Planning Time: 0.094 ms
Execution Time: 173.218 ms",170.8736,170.894,176.1285,181.3674,3005.39,3005.39,100000,100000,100000,100000
226,534,10,Medium,"SELECT a2.player_id AS player_id, a2.event_date AS event_date, SUM(a2.games_played) OVER ( PARTITION BY a2.player_id ORDER BY a2.event_date ASC ) AS games_played_so_far from schema_534.activity AS a2 GROUP BY a2.event_date,a2.player_id",160.763,3005.39,100000,"WindowAgg  (cost=2805.39..3005.39 rows=10000 width=16) (actual rows=100000 loops=1)
  Buffers: shared hit=541, temp read=471 written=633
  ->  Sort  (cost=2805.39..2830.39 rows=10000 width=12) (actual rows=100000 loops=1)
        Sort Key: player_id, event_date
        Sort Method: external merge  Disk: 2160kB
        Buffers: shared hit=541, temp read=471 written=633
        ->  HashAggregate  (cost=2041.00..2141.00 rows=10000 width=12) (actual rows=100000 loops=1)
              Group Key: event_date, player_id
              Batches: 5  Memory Usage: 4145kB  Disk Usage: 1744kB
              Buffers: shared hit=541, temp read=201 written=362
              ->  Seq Scan on activity a2  (cost=0.00..1541.00 rows=100000 width=12) (actual rows=100000 loops=1)
                    Buffers: shared hit=541
Planning:
  Buffers: shared hit=3
Planning Time: 0.067 ms
Execution Time: 160.763 ms",172.24,3005.39,100000,"WindowAgg  (cost=2805.39..3005.39 rows=10000 width=16) (actual rows=100000 loops=1)
  Buffers: shared hit=541, temp read=471 written=633
  ->  Sort  (cost=2805.39..2830.39 rows=10000 width=12) (actual rows=100000 loops=1)
        Sort Key: player_id, event_date
        Sort Method: external merge  Disk: 2160kB
        Buffers: shared hit=541, temp read=471 written=633
        ->  HashAggregate  (cost=2041.00..2141.00 rows=10000 width=12) (actual rows=100000 loops=1)
              Group Key: event_date, player_id
              Batches: 5  Memory Usage: 4145kB  Disk Usage: 1744kB
              Buffers: shared hit=541, temp read=201 written=362
              ->  Seq Scan on activity a2  (cost=0.00..1541.00 rows=100000 width=12) (actual rows=100000 loops=1)
                    Buffers: shared hit=541
Planning:
  Buffers: shared hit=3
Planning Time: 0.084 ms
Execution Time: 172.240 ms",166.158,3005.39,100000,"WindowAgg  (cost=2805.39..3005.39 rows=10000 width=16) (actual rows=100000 loops=1)
  Buffers: shared hit=541, temp read=471 written=633
  ->  Sort  (cost=2805.39..2830.39 rows=10000 width=12) (actual rows=100000 loops=1)
        Sort Key: player_id, event_date
        Sort Method: external merge  Disk: 2160kB
        Buffers: shared hit=541, temp read=471 written=633
        ->  HashAggregate  (cost=2041.00..2141.00 rows=10000 width=12) (actual rows=100000 loops=1)
              Group Key: event_date, player_id
              Batches: 5  Memory Usage: 4145kB  Disk Usage: 1744kB
              Buffers: shared hit=541, temp read=201 written=362
              ->  Seq Scan on activity a2  (cost=0.00..1541.00 rows=100000 width=12) (actual rows=100000 loops=1)
                    Buffers: shared hit=541
Planning:
  Buffers: shared hit=3
Planning Time: 0.072 ms
Execution Time: 166.158 ms",169.984,3005.39,100000,"WindowAgg  (cost=2805.39..3005.39 rows=10000 width=16) (actual rows=100000 loops=1)
  Buffers: shared hit=541, temp read=471 written=633
  ->  Sort  (cost=2805.39..2830.39 rows=10000 width=12) (actual rows=100000 loops=1)
        Sort Key: player_id, event_date
        Sort Method: external merge  Disk: 2160kB
        Buffers: shared hit=541, temp read=471 written=633
        ->  HashAggregate  (cost=2041.00..2141.00 rows=10000 width=12) (actual rows=100000 loops=1)
              Group Key: event_date, player_id
              Batches: 5  Memory Usage: 4145kB  Disk Usage: 1744kB
              Buffers: shared hit=541, temp read=201 written=362
              ->  Seq Scan on activity a2  (cost=0.00..1541.00 rows=100000 width=12) (actual rows=100000 loops=1)
                    Buffers: shared hit=541
Planning:
  Buffers: shared hit=3
Planning Time: 0.086 ms
Execution Time: 169.984 ms",168.072,3005.39,100000,"WindowAgg  (cost=2805.39..3005.39 rows=10000 width=16) (actual rows=100000 loops=1)
  Buffers: shared hit=541, temp read=471 written=633
  ->  Sort  (cost=2805.39..2830.39 rows=10000 width=12) (actual rows=100000 loops=1)
        Sort Key: player_id, event_date
        Sort Method: external merge  Disk: 2160kB
        Buffers: shared hit=541, temp read=471 written=633
        ->  HashAggregate  (cost=2041.00..2141.00 rows=10000 width=12) (actual rows=100000 loops=1)
              Group Key: event_date, player_id
              Batches: 5  Memory Usage: 4145kB  Disk Usage: 1744kB
              Buffers: shared hit=541, temp read=201 written=362
              ->  Seq Scan on activity a2  (cost=0.00..1541.00 rows=100000 width=12) (actual rows=100000 loops=1)
                    Buffers: shared hit=541
Planning:
  Buffers: shared hit=3
Planning Time: 0.095 ms
Execution Time: 168.072 ms",167.4434,168.072,171.112,173.1424,3005.39,3005.39,100000,100000,100000,100000
227,534,11,Medium,"SELECT a2.player_id AS player_id, a2.event_date AS event_date, SUM(a2.games_played) OVER ( PARTITION BY a2.player_id ORDER BY a2.event_date ASC ) AS games_played_so_far from schema_534.activity AS a2 GROUP BY a2.player_id,a2.event_date",162.505,3005.39,100000,"WindowAgg  (cost=2805.39..3005.39 rows=10000 width=16) (actual rows=100000 loops=1)
  Buffers: shared hit=541, temp read=471 written=633
  ->  Sort  (cost=2805.39..2830.39 rows=10000 width=12) (actual rows=100000 loops=1)
        Sort Key: player_id, event_date
        Sort Method: external merge  Disk: 2160kB
        Buffers: shared hit=541, temp read=471 written=633
        ->  HashAggregate  (cost=2041.00..2141.00 rows=10000 width=12) (actual rows=100000 loops=1)
              Group Key: player_id, event_date
              Batches: 5  Memory Usage: 4145kB  Disk Usage: 1744kB
              Buffers: shared hit=541, temp read=201 written=362
              ->  Seq Scan on activity a2  (cost=0.00..1541.00 rows=100000 width=12) (actual rows=100000 loops=1)
                    Buffers: shared hit=541
Planning:
  Buffers: shared hit=3
Planning Time: 0.072 ms
Execution Time: 162.505 ms",166.878,3005.39,100000,"WindowAgg  (cost=2805.39..3005.39 rows=10000 width=16) (actual rows=100000 loops=1)
  Buffers: shared hit=541, temp read=471 written=633
  ->  Sort  (cost=2805.39..2830.39 rows=10000 width=12) (actual rows=100000 loops=1)
        Sort Key: player_id, event_date
        Sort Method: external merge  Disk: 2160kB
        Buffers: shared hit=541, temp read=471 written=633
        ->  HashAggregate  (cost=2041.00..2141.00 rows=10000 width=12) (actual rows=100000 loops=1)
              Group Key: player_id, event_date
              Batches: 5  Memory Usage: 4145kB  Disk Usage: 1744kB
              Buffers: shared hit=541, temp read=201 written=362
              ->  Seq Scan on activity a2  (cost=0.00..1541.00 rows=100000 width=12) (actual rows=100000 loops=1)
                    Buffers: shared hit=541
Planning:
  Buffers: shared hit=3
Planning Time: 0.084 ms
Execution Time: 166.878 ms",198.452,3005.39,100000,"WindowAgg  (cost=2805.39..3005.39 rows=10000 width=16) (actual rows=100000 loops=1)
  Buffers: shared hit=541, temp read=471 written=633
  ->  Sort  (cost=2805.39..2830.39 rows=10000 width=12) (actual rows=100000 loops=1)
        Sort Key: player_id, event_date
        Sort Method: external merge  Disk: 2160kB
        Buffers: shared hit=541, temp read=471 written=633
        ->  HashAggregate  (cost=2041.00..2141.00 rows=10000 width=12) (actual rows=100000 loops=1)
              Group Key: player_id, event_date
              Batches: 5  Memory Usage: 4145kB  Disk Usage: 1744kB
              Buffers: shared hit=541, temp read=201 written=362
              ->  Seq Scan on activity a2  (cost=0.00..1541.00 rows=100000 width=12) (actual rows=100000 loops=1)
                    Buffers: shared hit=541
Planning:
  Buffers: shared hit=3
Planning Time: 0.082 ms
Execution Time: 198.452 ms",165.136,3005.39,100000,"WindowAgg  (cost=2805.39..3005.39 rows=10000 width=16) (actual rows=100000 loops=1)
  Buffers: shared hit=541, temp read=471 written=633
  ->  Sort  (cost=2805.39..2830.39 rows=10000 width=12) (actual rows=100000 loops=1)
        Sort Key: player_id, event_date
        Sort Method: external merge  Disk: 2160kB
        Buffers: shared hit=541, temp read=471 written=633
        ->  HashAggregate  (cost=2041.00..2141.00 rows=10000 width=12) (actual rows=100000 loops=1)
              Group Key: player_id, event_date
              Batches: 5  Memory Usage: 4145kB  Disk Usage: 1744kB
              Buffers: shared hit=541, temp read=201 written=362
              ->  Seq Scan on activity a2  (cost=0.00..1541.00 rows=100000 width=12) (actual rows=100000 loops=1)
                    Buffers: shared hit=541
Planning:
  Buffers: shared hit=3
Planning Time: 0.105 ms
Execution Time: 165.136 ms",166.767,3005.39,100000,"WindowAgg  (cost=2805.39..3005.39 rows=10000 width=16) (actual rows=100000 loops=1)
  Buffers: shared hit=541, temp read=471 written=633
  ->  Sort  (cost=2805.39..2830.39 rows=10000 width=12) (actual rows=100000 loops=1)
        Sort Key: player_id, event_date
        Sort Method: external merge  Disk: 2160kB
        Buffers: shared hit=541, temp read=471 written=633
        ->  HashAggregate  (cost=2041.00..2141.00 rows=10000 width=12) (actual rows=100000 loops=1)
              Group Key: player_id, event_date
              Batches: 5  Memory Usage: 4145kB  Disk Usage: 1744kB
              Buffers: shared hit=541, temp read=201 written=362
              ->  Seq Scan on activity a2  (cost=0.00..1541.00 rows=100000 width=12) (actual rows=100000 loops=1)
                    Buffers: shared hit=541
Planning:
  Buffers: shared hit=3
Planning Time: 0.075 ms
Execution Time: 166.767 ms",171.9476,166.767,182.665,211.0816,3005.39,3005.39,100000,100000,100000,100000
242,534,65,Medium,"SELECT a2.player_id AS player_id, a2.event_date AS event_date, SUM(a2.games_played) OVER ( PARTITION BY a2.player_id ORDER BY a2.event_date ASC ) AS games_played_so_far from schema_534.activity AS a2 GROUP BY a2.event_date,a2.player_id",160.256,3005.39,100000,"WindowAgg  (cost=2805.39..3005.39 rows=10000 width=16) (actual rows=100000 loops=1)
  Buffers: shared hit=541, temp read=471 written=633
  ->  Sort  (cost=2805.39..2830.39 rows=10000 width=12) (actual rows=100000 loops=1)
        Sort Key: player_id, event_date
        Sort Method: external merge  Disk: 2160kB
        Buffers: shared hit=541, temp read=471 written=633
        ->  HashAggregate  (cost=2041.00..2141.00 rows=10000 width=12) (actual rows=100000 loops=1)
              Group Key: event_date, player_id
              Batches: 5  Memory Usage: 4145kB  Disk Usage: 1744kB
              Buffers: shared hit=541, temp read=201 written=362
              ->  Seq Scan on activity a2  (cost=0.00..1541.00 rows=100000 width=12) (actual rows=100000 loops=1)
                    Buffers: shared hit=541
Planning:
  Buffers: shared hit=3
Planning Time: 0.056 ms
Execution Time: 160.256 ms",167.557,3005.39,100000,"WindowAgg  (cost=2805.39..3005.39 rows=10000 width=16) (actual rows=100000 loops=1)
  Buffers: shared hit=541, temp read=471 written=633
  ->  Sort  (cost=2805.39..2830.39 rows=10000 width=12) (actual rows=100000 loops=1)
        Sort Key: player_id, event_date
        Sort Method: external merge  Disk: 2160kB
        Buffers: shared hit=541, temp read=471 written=633
        ->  HashAggregate  (cost=2041.00..2141.00 rows=10000 width=12) (actual rows=100000 loops=1)
              Group Key: event_date, player_id
              Batches: 5  Memory Usage: 4145kB  Disk Usage: 1744kB
              Buffers: shared hit=541, temp read=201 written=362
              ->  Seq Scan on activity a2  (cost=0.00..1541.00 rows=100000 width=12) (actual rows=100000 loops=1)
                    Buffers: shared hit=541
Planning:
  Buffers: shared hit=3
Planning Time: 0.084 ms
Execution Time: 167.557 ms",170.425,3005.39,100000,"WindowAgg  (cost=2805.39..3005.39 rows=10000 width=16) (actual rows=100000 loops=1)
  Buffers: shared hit=541, temp read=471 written=633
  ->  Sort  (cost=2805.39..2830.39 rows=10000 width=12) (actual rows=100000 loops=1)
        Sort Key: player_id, event_date
        Sort Method: external merge  Disk: 2160kB
        Buffers: shared hit=541, temp read=471 written=633
        ->  HashAggregate  (cost=2041.00..2141.00 rows=10000 width=12) (actual rows=100000 loops=1)
              Group Key: event_date, player_id
              Batches: 5  Memory Usage: 4145kB  Disk Usage: 1744kB
              Buffers: shared hit=541, temp read=201 written=362
              ->  Seq Scan on activity a2  (cost=0.00..1541.00 rows=100000 width=12) (actual rows=100000 loops=1)
                    Buffers: shared hit=541
Planning:
  Buffers: shared hit=3
Planning Time: 0.073 ms
Execution Time: 170.425 ms",176.441,3005.39,100000,"WindowAgg  (cost=2805.39..3005.39 rows=10000 width=16) (actual rows=100000 loops=1)
  Buffers: shared hit=541, temp read=471 written=633
  ->  Sort  (cost=2805.39..2830.39 rows=10000 width=12) (actual rows=100000 loops=1)
        Sort Key: player_id, event_date
        Sort Method: external merge  Disk: 2160kB
        Buffers: shared hit=541, temp read=471 written=633
        ->  HashAggregate  (cost=2041.00..2141.00 rows=10000 width=12) (actual rows=100000 loops=1)
              Group Key: event_date, player_id
              Batches: 5  Memory Usage: 4145kB  Disk Usage: 1744kB
              Buffers: shared hit=541, temp read=201 written=362
              ->  Seq Scan on activity a2  (cost=0.00..1541.00 rows=100000 width=12) (actual rows=100000 loops=1)
                    Buffers: shared hit=541
Planning:
  Buffers: shared hit=3
Planning Time: 0.077 ms
Execution Time: 176.441 ms",168.338,3005.39,100000,"WindowAgg  (cost=2805.39..3005.39 rows=10000 width=16) (actual rows=100000 loops=1)
  Buffers: shared hit=541, temp read=471 written=633
  ->  Sort  (cost=2805.39..2830.39 rows=10000 width=12) (actual rows=100000 loops=1)
        Sort Key: player_id, event_date
        Sort Method: external merge  Disk: 2160kB
        Buffers: shared hit=541, temp read=471 written=633
        ->  HashAggregate  (cost=2041.00..2141.00 rows=10000 width=12) (actual rows=100000 loops=1)
              Group Key: event_date, player_id
              Batches: 5  Memory Usage: 4145kB  Disk Usage: 1744kB
              Buffers: shared hit=541, temp read=201 written=362
              ->  Seq Scan on activity a2  (cost=0.00..1541.00 rows=100000 width=12) (actual rows=100000 loops=1)
                    Buffers: shared hit=541
Planning:
  Buffers: shared hit=3
Planning Time: 0.077 ms
Execution Time: 168.338 ms",168.6034,168.338,173.433,178.8474,3005.39,3005.39,100000,100000,100000,100000
243,534,66,Medium,"SELECT b.player_id AS player_id, b.event_date AS event_date, SUM(b.games_played) OVER ( PARTITION BY b.player_id ORDER BY b.event_date ASC ) AS games_played_so_far from schema_534.activity AS b GROUP BY b.event_date,b.player_id",162.432,3005.39,100000,"WindowAgg  (cost=2805.39..3005.39 rows=10000 width=16) (actual rows=100000 loops=1)
  Buffers: shared hit=541, temp read=471 written=633
  ->  Sort  (cost=2805.39..2830.39 rows=10000 width=12) (actual rows=100000 loops=1)
        Sort Key: player_id, event_date
        Sort Method: external merge  Disk: 2160kB
        Buffers: shared hit=541, temp read=471 written=633
        ->  HashAggregate  (cost=2041.00..2141.00 rows=10000 width=12) (actual rows=100000 loops=1)
              Group Key: event_date, player_id
              Batches: 5  Memory Usage: 4145kB  Disk Usage: 1744kB
              Buffers: shared hit=541, temp read=201 written=362
              ->  Seq Scan on activity b  (cost=0.00..1541.00 rows=100000 width=12) (actual rows=100000 loops=1)
                    Buffers: shared hit=541
Planning:
  Buffers: shared hit=3
Planning Time: 0.078 ms
Execution Time: 162.432 ms",166.942,3005.39,100000,"WindowAgg  (cost=2805.39..3005.39 rows=10000 width=16) (actual rows=100000 loops=1)
  Buffers: shared hit=541, temp read=471 written=633
  ->  Sort  (cost=2805.39..2830.39 rows=10000 width=12) (actual rows=100000 loops=1)
        Sort Key: player_id, event_date
        Sort Method: external merge  Disk: 2160kB
        Buffers: shared hit=541, temp read=471 written=633
        ->  HashAggregate  (cost=2041.00..2141.00 rows=10000 width=12) (actual rows=100000 loops=1)
              Group Key: event_date, player_id
              Batches: 5  Memory Usage: 4145kB  Disk Usage: 1744kB
              Buffers: shared hit=541, temp read=201 written=362
              ->  Seq Scan on activity b  (cost=0.00..1541.00 rows=100000 width=12) (actual rows=100000 loops=1)
                    Buffers: shared hit=541
Planning:
  Buffers: shared hit=3
Planning Time: 0.075 ms
Execution Time: 166.942 ms",165.998,3005.39,100000,"WindowAgg  (cost=2805.39..3005.39 rows=10000 width=16) (actual rows=100000 loops=1)
  Buffers: shared hit=541, temp read=471 written=633
  ->  Sort  (cost=2805.39..2830.39 rows=10000 width=12) (actual rows=100000 loops=1)
        Sort Key: player_id, event_date
        Sort Method: external merge  Disk: 2160kB
        Buffers: shared hit=541, temp read=471 written=633
        ->  HashAggregate  (cost=2041.00..2141.00 rows=10000 width=12) (actual rows=100000 loops=1)
              Group Key: event_date, player_id
              Batches: 5  Memory Usage: 4145kB  Disk Usage: 1744kB
              Buffers: shared hit=541, temp read=201 written=362
              ->  Seq Scan on activity b  (cost=0.00..1541.00 rows=100000 width=12) (actual rows=100000 loops=1)
                    Buffers: shared hit=541
Planning:
  Buffers: shared hit=3
Planning Time: 0.091 ms
Execution Time: 165.998 ms",176.129,3005.39,100000,"WindowAgg  (cost=2805.39..3005.39 rows=10000 width=16) (actual rows=100000 loops=1)
  Buffers: shared hit=541, temp read=471 written=633
  ->  Sort  (cost=2805.39..2830.39 rows=10000 width=12) (actual rows=100000 loops=1)
        Sort Key: player_id, event_date
        Sort Method: external merge  Disk: 2160kB
        Buffers: shared hit=541, temp read=471 written=633
        ->  HashAggregate  (cost=2041.00..2141.00 rows=10000 width=12) (actual rows=100000 loops=1)
              Group Key: event_date, player_id
              Batches: 5  Memory Usage: 4145kB  Disk Usage: 1744kB
              Buffers: shared hit=541, temp read=201 written=362
              ->  Seq Scan on activity b  (cost=0.00..1541.00 rows=100000 width=12) (actual rows=100000 loops=1)
                    Buffers: shared hit=541
Planning:
  Buffers: shared hit=3
Planning Time: 0.092 ms
Execution Time: 176.129 ms",169.568,3005.39,100000,"WindowAgg  (cost=2805.39..3005.39 rows=10000 width=16) (actual rows=100000 loops=1)
  Buffers: shared hit=541, temp read=471 written=633
  ->  Sort  (cost=2805.39..2830.39 rows=10000 width=12) (actual rows=100000 loops=1)
        Sort Key: player_id, event_date
        Sort Method: external merge  Disk: 2160kB
        Buffers: shared hit=541, temp read=471 written=633
        ->  HashAggregate  (cost=2041.00..2141.00 rows=10000 width=12) (actual rows=100000 loops=1)
              Group Key: event_date, player_id
              Batches: 5  Memory Usage: 4145kB  Disk Usage: 1744kB
              Buffers: shared hit=541, temp read=201 written=362
              ->  Seq Scan on activity b  (cost=0.00..1541.00 rows=100000 width=12) (actual rows=100000 loops=1)
                    Buffers: shared hit=541
Planning:
  Buffers: shared hit=3
Planning Time: 0.079 ms
Execution Time: 169.568 ms",168.2138,166.942,172.8485,178.7534,3005.39,3005.39,100000,100000,100000,100000
244,534,67,Medium,"SELECT a2.player_id AS player_id, a2.event_date AS event_date, SUM(a2.games_played) OVER ( PARTITION BY a2.player_id ORDER BY a2.event_date ASC ) AS games_played_so_far from schema_534.activity AS a2 GROUP BY a2.event_date,a2.player_id",162.158,3005.39,100000,"WindowAgg  (cost=2805.39..3005.39 rows=10000 width=16) (actual rows=100000 loops=1)
  Buffers: shared hit=541, temp read=471 written=633
  ->  Sort  (cost=2805.39..2830.39 rows=10000 width=12) (actual rows=100000 loops=1)
        Sort Key: player_id, event_date
        Sort Method: external merge  Disk: 2160kB
        Buffers: shared hit=541, temp read=471 written=633
        ->  HashAggregate  (cost=2041.00..2141.00 rows=10000 width=12) (actual rows=100000 loops=1)
              Group Key: event_date, player_id
              Batches: 5  Memory Usage: 4145kB  Disk Usage: 1744kB
              Buffers: shared hit=541, temp read=201 written=362
              ->  Seq Scan on activity a2  (cost=0.00..1541.00 rows=100000 width=12) (actual rows=100000 loops=1)
                    Buffers: shared hit=541
Planning:
  Buffers: shared hit=3
Planning Time: 0.054 ms
Execution Time: 162.158 ms",173.415,3005.39,100000,"WindowAgg  (cost=2805.39..3005.39 rows=10000 width=16) (actual rows=100000 loops=1)
  Buffers: shared hit=541, temp read=471 written=633
  ->  Sort  (cost=2805.39..2830.39 rows=10000 width=12) (actual rows=100000 loops=1)
        Sort Key: player_id, event_date
        Sort Method: external merge  Disk: 2160kB
        Buffers: shared hit=541, temp read=471 written=633
        ->  HashAggregate  (cost=2041.00..2141.00 rows=10000 width=12) (actual rows=100000 loops=1)
              Group Key: event_date, player_id
              Batches: 5  Memory Usage: 4145kB  Disk Usage: 1744kB
              Buffers: shared hit=541, temp read=201 written=362
              ->  Seq Scan on activity a2  (cost=0.00..1541.00 rows=100000 width=12) (actual rows=100000 loops=1)
                    Buffers: shared hit=541
Planning:
  Buffers: shared hit=3
Planning Time: 0.091 ms
Execution Time: 173.415 ms",179.456,3005.39,100000,"WindowAgg  (cost=2805.39..3005.39 rows=10000 width=16) (actual rows=100000 loops=1)
  Buffers: shared hit=541, temp read=471 written=633
  ->  Sort  (cost=2805.39..2830.39 rows=10000 width=12) (actual rows=100000 loops=1)
        Sort Key: player_id, event_date
        Sort Method: external merge  Disk: 2160kB
        Buffers: shared hit=541, temp read=471 written=633
        ->  HashAggregate  (cost=2041.00..2141.00 rows=10000 width=12) (actual rows=100000 loops=1)
              Group Key: event_date, player_id
              Batches: 5  Memory Usage: 4145kB  Disk Usage: 1744kB
              Buffers: shared hit=541, temp read=201 written=362
              ->  Seq Scan on activity a2  (cost=0.00..1541.00 rows=100000 width=12) (actual rows=100000 loops=1)
                    Buffers: shared hit=541
Planning:
  Buffers: shared hit=3
Planning Time: 0.077 ms
Execution Time: 179.456 ms",171.767,3005.39,100000,"WindowAgg  (cost=2805.39..3005.39 rows=10000 width=16) (actual rows=100000 loops=1)
  Buffers: shared hit=541, temp read=471 written=633
  ->  Sort  (cost=2805.39..2830.39 rows=10000 width=12) (actual rows=100000 loops=1)
        Sort Key: player_id, event_date
        Sort Method: external merge  Disk: 2160kB
        Buffers: shared hit=541, temp read=471 written=633
        ->  HashAggregate  (cost=2041.00..2141.00 rows=10000 width=12) (actual rows=100000 loops=1)
              Group Key: event_date, player_id
              Batches: 5  Memory Usage: 4145kB  Disk Usage: 1744kB
              Buffers: shared hit=541, temp read=201 written=362
              ->  Seq Scan on activity a2  (cost=0.00..1541.00 rows=100000 width=12) (actual rows=100000 loops=1)
                    Buffers: shared hit=541
Planning:
  Buffers: shared hit=3
Planning Time: 0.076 ms
Execution Time: 171.767 ms",175.097,3005.39,100000,"WindowAgg  (cost=2805.39..3005.39 rows=10000 width=16) (actual rows=100000 loops=1)
  Buffers: shared hit=541, temp read=471 written=633
  ->  Sort  (cost=2805.39..2830.39 rows=10000 width=12) (actual rows=100000 loops=1)
        Sort Key: player_id, event_date
        Sort Method: external merge  Disk: 2160kB
        Buffers: shared hit=541, temp read=471 written=633
        ->  HashAggregate  (cost=2041.00..2141.00 rows=10000 width=12) (actual rows=100000 loops=1)
              Group Key: event_date, player_id
              Batches: 5  Memory Usage: 4145kB  Disk Usage: 1744kB
              Buffers: shared hit=541, temp read=201 written=362
              ->  Seq Scan on activity a2  (cost=0.00..1541.00 rows=100000 width=12) (actual rows=100000 loops=1)
                    Buffers: shared hit=541
Planning:
  Buffers: shared hit=3
Planning Time: 0.078 ms
Execution Time: 175.097 ms",172.3786,173.415,177.2765,181.1996,3005.39,3005.39,100000,100000,100000,100000
245,534,71,Medium,"SELECT T_activity_0.player_id AS player_id, T_activity_0.event_date AS event_date, SUM(T_activity_0.games_played) OVER ( PARTITION BY T_activity_0.player_id ORDER BY T_activity_0.event_date ASC ) AS games_played_so_far from schema_534.activity AS T_activity_0",92.855,6722.28,100000,"WindowAgg  (cost=0.29..6722.28 rows=100000 width=16) (actual rows=100000 loops=1)
  Buffers: shared hit=100137
  ->  Index Scan using activity_pkey on activity t_activity_0  (cost=0.29..4972.28 rows=100000 width=12) (actual rows=100000 loops=1)
        Buffers: shared hit=100137
Planning Time: 0.060 ms
Execution Time: 92.855 ms",103.113,6722.28,100000,"WindowAgg  (cost=0.29..6722.28 rows=100000 width=16) (actual rows=100000 loops=1)
  Buffers: shared hit=100137
  ->  Index Scan using activity_pkey on activity t_activity_0  (cost=0.29..4972.28 rows=100000 width=12) (actual rows=100000 loops=1)
        Buffers: shared hit=100137
Planning Time: 0.058 ms
Execution Time: 103.113 ms",100.279,6722.28,100000,"WindowAgg  (cost=0.29..6722.28 rows=100000 width=16) (actual rows=100000 loops=1)
  Buffers: shared hit=100137
  ->  Index Scan using activity_pkey on activity t_activity_0  (cost=0.29..4972.28 rows=100000 width=12) (actual rows=100000 loops=1)
        Buffers: shared hit=100137
Planning Time: 0.089 ms
Execution Time: 100.279 ms",101.64,6722.28,100000,"WindowAgg  (cost=0.29..6722.28 rows=100000 width=16) (actual rows=100000 loops=1)
  Buffers: shared hit=100137
  ->  Index Scan using activity_pkey on activity t_activity_0  (cost=0.29..4972.28 rows=100000 width=12) (actual rows=100000 loops=1)
        Buffers: shared hit=100137
Planning Time: 0.072 ms
Execution Time: 101.640 ms",103.243,6722.28,100000,"WindowAgg  (cost=0.29..6722.28 rows=100000 width=16) (actual rows=100000 loops=1)
  Buffers: shared hit=100137
  ->  Index Scan using activity_pkey on activity t_activity_0  (cost=0.29..4972.28 rows=100000 width=12) (actual rows=100000 loops=1)
        Buffers: shared hit=100137
Planning Time: 0.079 ms
Execution Time: 103.243 ms",100.226,101.64,103.178,103.295,6722.28,6722.28,100000,100000,100000,100000
248,534,81,Medium,"SELECT b.player_id AS player_id, b.event_date AS event_date, SUM(b.games_played) OVER ( PARTITION BY b.player_id ORDER BY b.event_date ASC ) AS games_played_so_far from schema_534.activity AS b GROUP BY b.event_date,b.player_id",159.939,3005.39,100000,"WindowAgg  (cost=2805.39..3005.39 rows=10000 width=16) (actual rows=100000 loops=1)
  Buffers: shared hit=541, temp read=471 written=633
  ->  Sort  (cost=2805.39..2830.39 rows=10000 width=12) (actual rows=100000 loops=1)
        Sort Key: player_id, event_date
        Sort Method: external merge  Disk: 2160kB
        Buffers: shared hit=541, temp read=471 written=633
        ->  HashAggregate  (cost=2041.00..2141.00 rows=10000 width=12) (actual rows=100000 loops=1)
              Group Key: event_date, player_id
              Batches: 5  Memory Usage: 4145kB  Disk Usage: 1744kB
              Buffers: shared hit=541, temp read=201 written=362
              ->  Seq Scan on activity b  (cost=0.00..1541.00 rows=100000 width=12) (actual rows=100000 loops=1)
                    Buffers: shared hit=541
Planning:
  Buffers: shared hit=3
Planning Time: 0.054 ms
Execution Time: 159.939 ms",176.415,3005.39,100000,"WindowAgg  (cost=2805.39..3005.39 rows=10000 width=16) (actual rows=100000 loops=1)
  Buffers: shared hit=541, temp read=471 written=633
  ->  Sort  (cost=2805.39..2830.39 rows=10000 width=12) (actual rows=100000 loops=1)
        Sort Key: player_id, event_date
        Sort Method: external merge  Disk: 2160kB
        Buffers: shared hit=541, temp read=471 written=633
        ->  HashAggregate  (cost=2041.00..2141.00 rows=10000 width=12) (actual rows=100000 loops=1)
              Group Key: event_date, player_id
              Batches: 5  Memory Usage: 4145kB  Disk Usage: 1744kB
              Buffers: shared hit=541, temp read=201 written=362
              ->  Seq Scan on activity b  (cost=0.00..1541.00 rows=100000 width=12) (actual rows=100000 loops=1)
                    Buffers: shared hit=541
Planning:
  Buffers: shared hit=3
Planning Time: 0.088 ms
Execution Time: 176.415 ms",170.485,3005.39,100000,"WindowAgg  (cost=2805.39..3005.39 rows=10000 width=16) (actual rows=100000 loops=1)
  Buffers: shared hit=541, temp read=471 written=633
  ->  Sort  (cost=2805.39..2830.39 rows=10000 width=12) (actual rows=100000 loops=1)
        Sort Key: player_id, event_date
        Sort Method: external merge  Disk: 2160kB
        Buffers: shared hit=541, temp read=471 written=633
        ->  HashAggregate  (cost=2041.00..2141.00 rows=10000 width=12) (actual rows=100000 loops=1)
              Group Key: event_date, player_id
              Batches: 5  Memory Usage: 4145kB  Disk Usage: 1744kB
              Buffers: shared hit=541, temp read=201 written=362
              ->  Seq Scan on activity b  (cost=0.00..1541.00 rows=100000 width=12) (actual rows=100000 loops=1)
                    Buffers: shared hit=541
Planning:
  Buffers: shared hit=3
Planning Time: 0.083 ms
Execution Time: 170.485 ms",172.451,3005.39,100000,"WindowAgg  (cost=2805.39..3005.39 rows=10000 width=16) (actual rows=100000 loops=1)
  Buffers: shared hit=541, temp read=471 written=633
  ->  Sort  (cost=2805.39..2830.39 rows=10000 width=12) (actual rows=100000 loops=1)
        Sort Key: player_id, event_date
        Sort Method: external merge  Disk: 2160kB
        Buffers: shared hit=541, temp read=471 written=633
        ->  HashAggregate  (cost=2041.00..2141.00 rows=10000 width=12) (actual rows=100000 loops=1)
              Group Key: event_date, player_id
              Batches: 5  Memory Usage: 4145kB  Disk Usage: 1744kB
              Buffers: shared hit=541, temp read=201 written=362
              ->  Seq Scan on activity b  (cost=0.00..1541.00 rows=100000 width=12) (actual rows=100000 loops=1)
                    Buffers: shared hit=541
Planning:
  Buffers: shared hit=3
Planning Time: 0.143 ms
Execution Time: 172.451 ms",173.347,3005.39,100000,"WindowAgg  (cost=2805.39..3005.39 rows=10000 width=16) (actual rows=100000 loops=1)
  Buffers: shared hit=541, temp read=471 written=633
  ->  Sort  (cost=2805.39..2830.39 rows=10000 width=12) (actual rows=100000 loops=1)
        Sort Key: player_id, event_date
        Sort Method: external merge  Disk: 2160kB
        Buffers: shared hit=541, temp read=471 written=633
        ->  HashAggregate  (cost=2041.00..2141.00 rows=10000 width=12) (actual rows=100000 loops=1)
              Group Key: event_date, player_id
              Batches: 5  Memory Usage: 4145kB  Disk Usage: 1744kB
              Buffers: shared hit=541, temp read=201 written=362
              ->  Seq Scan on activity b  (cost=0.00..1541.00 rows=100000 width=12) (actual rows=100000 loops=1)
                    Buffers: shared hit=541
Planning:
  Buffers: shared hit=3
Planning Time: 0.083 ms
Execution Time: 173.347 ms",170.5274,172.451,174.881,177.6422,3005.39,3005.39,100000,100000,100000,100000
249,534,82,Medium,"SELECT b.player_id AS player_id, b.event_date AS event_date, SUM(b.games_played) OVER ( PARTITION BY b.player_id ORDER BY b.event_date ASC ) AS games_played_so_far from schema_534.activity AS b GROUP BY b.player_id,b.event_date",163.099,3005.39,100000,"WindowAgg  (cost=2805.39..3005.39 rows=10000 width=16) (actual rows=100000 loops=1)
  Buffers: shared hit=541, temp read=471 written=633
  ->  Sort  (cost=2805.39..2830.39 rows=10000 width=12) (actual rows=100000 loops=1)
        Sort Key: player_id, event_date
        Sort Method: external merge  Disk: 2160kB
        Buffers: shared hit=541, temp read=471 written=633
        ->  HashAggregate  (cost=2041.00..2141.00 rows=10000 width=12) (actual rows=100000 loops=1)
              Group Key: player_id, event_date
              Batches: 5  Memory Usage: 4145kB  Disk Usage: 1744kB
              Buffers: shared hit=541, temp read=201 written=362
              ->  Seq Scan on activity b  (cost=0.00..1541.00 rows=100000 width=12) (actual rows=100000 loops=1)
                    Buffers: shared hit=541
Planning:
  Buffers: shared hit=3
Planning Time: 0.058 ms
Execution Time: 163.099 ms",173.223,3005.39,100000,"WindowAgg  (cost=2805.39..3005.39 rows=10000 width=16) (actual rows=100000 loops=1)
  Buffers: shared hit=541, temp read=471 written=633
  ->  Sort  (cost=2805.39..2830.39 rows=10000 width=12) (actual rows=100000 loops=1)
        Sort Key: player_id, event_date
        Sort Method: external merge  Disk: 2160kB
        Buffers: shared hit=541, temp read=471 written=633
        ->  HashAggregate  (cost=2041.00..2141.00 rows=10000 width=12) (actual rows=100000 loops=1)
              Group Key: player_id, event_date
              Batches: 5  Memory Usage: 4145kB  Disk Usage: 1744kB
              Buffers: shared hit=541, temp read=201 written=362
              ->  Seq Scan on activity b  (cost=0.00..1541.00 rows=100000 width=12) (actual rows=100000 loops=1)
                    Buffers: shared hit=541
Planning:
  Buffers: shared hit=3
Planning Time: 0.081 ms
Execution Time: 173.223 ms",169.299,3005.39,100000,"WindowAgg  (cost=2805.39..3005.39 rows=10000 width=16) (actual rows=100000 loops=1)
  Buffers: shared hit=541, temp read=471 written=633
  ->  Sort  (cost=2805.39..2830.39 rows=10000 width=12) (actual rows=100000 loops=1)
        Sort Key: player_id, event_date
        Sort Method: external merge  Disk: 2160kB
        Buffers: shared hit=541, temp read=471 written=633
        ->  HashAggregate  (cost=2041.00..2141.00 rows=10000 width=12) (actual rows=100000 loops=1)
              Group Key: player_id, event_date
              Batches: 5  Memory Usage: 4145kB  Disk Usage: 1744kB
              Buffers: shared hit=541, temp read=201 written=362
              ->  Seq Scan on activity b  (cost=0.00..1541.00 rows=100000 width=12) (actual rows=100000 loops=1)
                    Buffers: shared hit=541
Planning:
  Buffers: shared hit=3
Planning Time: 0.131 ms
Execution Time: 169.299 ms",168.35,3005.39,100000,"WindowAgg  (cost=2805.39..3005.39 rows=10000 width=16) (actual rows=100000 loops=1)
  Buffers: shared hit=541, temp read=471 written=633
  ->  Sort  (cost=2805.39..2830.39 rows=10000 width=12) (actual rows=100000 loops=1)
        Sort Key: player_id, event_date
        Sort Method: external merge  Disk: 2160kB
        Buffers: shared hit=541, temp read=471 written=633
        ->  HashAggregate  (cost=2041.00..2141.00 rows=10000 width=12) (actual rows=100000 loops=1)
              Group Key: player_id, event_date
              Batches: 5  Memory Usage: 4145kB  Disk Usage: 1744kB
              Buffers: shared hit=541, temp read=201 written=362
              ->  Seq Scan on activity b  (cost=0.00..1541.00 rows=100000 width=12) (actual rows=100000 loops=1)
                    Buffers: shared hit=541
Planning:
  Buffers: shared hit=3
Planning Time: 0.094 ms
Execution Time: 168.350 ms",170.198,3005.39,100000,"WindowAgg  (cost=2805.39..3005.39 rows=10000 width=16) (actual rows=100000 loops=1)
  Buffers: shared hit=541, temp read=471 written=633
  ->  Sort  (cost=2805.39..2830.39 rows=10000 width=12) (actual rows=100000 loops=1)
        Sort Key: player_id, event_date
        Sort Method: external merge  Disk: 2160kB
        Buffers: shared hit=541, temp read=471 written=633
        ->  HashAggregate  (cost=2041.00..2141.00 rows=10000 width=12) (actual rows=100000 loops=1)
              Group Key: player_id, event_date
              Batches: 5  Memory Usage: 4145kB  Disk Usage: 1744kB
              Buffers: shared hit=541, temp read=201 written=362
              ->  Seq Scan on activity b  (cost=0.00..1541.00 rows=100000 width=12) (actual rows=100000 loops=1)
                    Buffers: shared hit=541
Planning:
  Buffers: shared hit=3
Planning Time: 0.083 ms
Execution Time: 170.198 ms",168.8338,169.299,171.7105,174.433,3005.39,3005.39,100000,100000,100000,100000
250,534,85,Medium,"SELECT b.player_id AS player_id, b.event_date AS event_date, SUM(b.games_played) OVER ( PARTITION BY b.player_id ORDER BY b.event_date ASC ) AS games_played_so_far from schema_534.activity AS b GROUP BY b.player_id,b.event_date",159.804,3005.39,100000,"WindowAgg  (cost=2805.39..3005.39 rows=10000 width=16) (actual rows=100000 loops=1)
  Buffers: shared hit=541, temp read=471 written=633
  ->  Sort  (cost=2805.39..2830.39 rows=10000 width=12) (actual rows=100000 loops=1)
        Sort Key: player_id, event_date
        Sort Method: external merge  Disk: 2160kB
        Buffers: shared hit=541, temp read=471 written=633
        ->  HashAggregate  (cost=2041.00..2141.00 rows=10000 width=12) (actual rows=100000 loops=1)
              Group Key: player_id, event_date
              Batches: 5  Memory Usage: 4145kB  Disk Usage: 1744kB
              Buffers: shared hit=541, temp read=201 written=362
              ->  Seq Scan on activity b  (cost=0.00..1541.00 rows=100000 width=12) (actual rows=100000 loops=1)
                    Buffers: shared hit=541
Planning:
  Buffers: shared hit=3
Planning Time: 0.059 ms
Execution Time: 159.804 ms",168.535,3005.39,100000,"WindowAgg  (cost=2805.39..3005.39 rows=10000 width=16) (actual rows=100000 loops=1)
  Buffers: shared hit=541, temp read=471 written=633
  ->  Sort  (cost=2805.39..2830.39 rows=10000 width=12) (actual rows=100000 loops=1)
        Sort Key: player_id, event_date
        Sort Method: external merge  Disk: 2160kB
        Buffers: shared hit=541, temp read=471 written=633
        ->  HashAggregate  (cost=2041.00..2141.00 rows=10000 width=12) (actual rows=100000 loops=1)
              Group Key: player_id, event_date
              Batches: 5  Memory Usage: 4145kB  Disk Usage: 1744kB
              Buffers: shared hit=541, temp read=201 written=362
              ->  Seq Scan on activity b  (cost=0.00..1541.00 rows=100000 width=12) (actual rows=100000 loops=1)
                    Buffers: shared hit=541
Planning:
  Buffers: shared hit=3
Planning Time: 0.102 ms
Execution Time: 168.535 ms",176.257,3005.39,100000,"WindowAgg  (cost=2805.39..3005.39 rows=10000 width=16) (actual rows=100000 loops=1)
  Buffers: shared hit=541, temp read=471 written=633
  ->  Sort  (cost=2805.39..2830.39 rows=10000 width=12) (actual rows=100000 loops=1)
        Sort Key: player_id, event_date
        Sort Method: external merge  Disk: 2160kB
        Buffers: shared hit=541, temp read=471 written=633
        ->  HashAggregate  (cost=2041.00..2141.00 rows=10000 width=12) (actual rows=100000 loops=1)
              Group Key: player_id, event_date
              Batches: 5  Memory Usage: 4145kB  Disk Usage: 1744kB
              Buffers: shared hit=541, temp read=201 written=362
              ->  Seq Scan on activity b  (cost=0.00..1541.00 rows=100000 width=12) (actual rows=100000 loops=1)
                    Buffers: shared hit=541
Planning:
  Buffers: shared hit=3
Planning Time: 0.075 ms
Execution Time: 176.257 ms",166.859,3005.39,100000,"WindowAgg  (cost=2805.39..3005.39 rows=10000 width=16) (actual rows=100000 loops=1)
  Buffers: shared hit=541, temp read=471 written=633
  ->  Sort  (cost=2805.39..2830.39 rows=10000 width=12) (actual rows=100000 loops=1)
        Sort Key: player_id, event_date
        Sort Method: external merge  Disk: 2160kB
        Buffers: shared hit=541, temp read=471 written=633
        ->  HashAggregate  (cost=2041.00..2141.00 rows=10000 width=12) (actual rows=100000 loops=1)
              Group Key: player_id, event_date
              Batches: 5  Memory Usage: 4145kB  Disk Usage: 1744kB
              Buffers: shared hit=541, temp read=201 written=362
              ->  Seq Scan on activity b  (cost=0.00..1541.00 rows=100000 width=12) (actual rows=100000 loops=1)
                    Buffers: shared hit=541
Planning:
  Buffers: shared hit=3
Planning Time: 0.096 ms
Execution Time: 166.859 ms",170.25,3005.39,100000,"WindowAgg  (cost=2805.39..3005.39 rows=10000 width=16) (actual rows=100000 loops=1)
  Buffers: shared hit=541, temp read=471 written=633
  ->  Sort  (cost=2805.39..2830.39 rows=10000 width=12) (actual rows=100000 loops=1)
        Sort Key: player_id, event_date
        Sort Method: external merge  Disk: 2160kB
        Buffers: shared hit=541, temp read=471 written=633
        ->  HashAggregate  (cost=2041.00..2141.00 rows=10000 width=12) (actual rows=100000 loops=1)
              Group Key: player_id, event_date
              Batches: 5  Memory Usage: 4145kB  Disk Usage: 1744kB
              Buffers: shared hit=541, temp read=201 written=362
              ->  Seq Scan on activity b  (cost=0.00..1541.00 rows=100000 width=12) (actual rows=100000 loops=1)
                    Buffers: shared hit=541
Planning:
  Buffers: shared hit=3
Planning Time: 0.087 ms
Execution Time: 170.250 ms",168.341,168.535,173.2535,178.6598,3005.39,3005.39,100000,100000,100000,100000
251,534,90,Medium,"SELECT b.player_id AS player_id, b.event_date AS event_date, SUM(b.games_played) OVER ( PARTITION BY b.player_id ORDER BY b.event_date ASC ) AS games_played_so_far from schema_534.activity AS b GROUP BY b.event_date,b.games_played,b.player_id",163.229,3005.39,100000,"WindowAgg  (cost=2805.39..3005.39 rows=10000 width=20) (actual rows=100000 loops=1)
  Buffers: shared hit=541, temp read=471 written=633
  ->  Sort  (cost=2805.39..2830.39 rows=10000 width=12) (actual rows=100000 loops=1)
        Sort Key: player_id, event_date
        Sort Method: external merge  Disk: 2160kB
        Buffers: shared hit=541, temp read=471 written=633
        ->  HashAggregate  (cost=2041.00..2141.00 rows=10000 width=12) (actual rows=100000 loops=1)
              Group Key: event_date, player_id
              Batches: 5  Memory Usage: 4145kB  Disk Usage: 1744kB
              Buffers: shared hit=541, temp read=201 written=362
              ->  Seq Scan on activity b  (cost=0.00..1541.00 rows=100000 width=12) (actual rows=100000 loops=1)
                    Buffers: shared hit=541
Planning:
  Buffers: shared hit=3
Planning Time: 0.069 ms
Execution Time: 163.229 ms",172.559,3005.39,100000,"WindowAgg  (cost=2805.39..3005.39 rows=10000 width=20) (actual rows=100000 loops=1)
  Buffers: shared hit=541, temp read=471 written=633
  ->  Sort  (cost=2805.39..2830.39 rows=10000 width=12) (actual rows=100000 loops=1)
        Sort Key: player_id, event_date
        Sort Method: external merge  Disk: 2160kB
        Buffers: shared hit=541, temp read=471 written=633
        ->  HashAggregate  (cost=2041.00..2141.00 rows=10000 width=12) (actual rows=100000 loops=1)
              Group Key: event_date, player_id
              Batches: 5  Memory Usage: 4145kB  Disk Usage: 1744kB
              Buffers: shared hit=541, temp read=201 written=362
              ->  Seq Scan on activity b  (cost=0.00..1541.00 rows=100000 width=12) (actual rows=100000 loops=1)
                    Buffers: shared hit=541
Planning:
  Buffers: shared hit=3
Planning Time: 0.096 ms
Execution Time: 172.559 ms",171.72,3005.39,100000,"WindowAgg  (cost=2805.39..3005.39 rows=10000 width=20) (actual rows=100000 loops=1)
  Buffers: shared hit=541, temp read=471 written=633
  ->  Sort  (cost=2805.39..2830.39 rows=10000 width=12) (actual rows=100000 loops=1)
        Sort Key: player_id, event_date
        Sort Method: external merge  Disk: 2160kB
        Buffers: shared hit=541, temp read=471 written=633
        ->  HashAggregate  (cost=2041.00..2141.00 rows=10000 width=12) (actual rows=100000 loops=1)
              Group Key: event_date, player_id
              Batches: 5  Memory Usage: 4145kB  Disk Usage: 1744kB
              Buffers: shared hit=541, temp read=201 written=362
              ->  Seq Scan on activity b  (cost=0.00..1541.00 rows=100000 width=12) (actual rows=100000 loops=1)
                    Buffers: shared hit=541
Planning:
  Buffers: shared hit=3
Planning Time: 0.139 ms
Execution Time: 171.720 ms",174.561,3005.39,100000,"WindowAgg  (cost=2805.39..3005.39 rows=10000 width=20) (actual rows=100000 loops=1)
  Buffers: shared hit=541, temp read=471 written=633
  ->  Sort  (cost=2805.39..2830.39 rows=10000 width=12) (actual rows=100000 loops=1)
        Sort Key: player_id, event_date
        Sort Method: external merge  Disk: 2160kB
        Buffers: shared hit=541, temp read=471 written=633
        ->  HashAggregate  (cost=2041.00..2141.00 rows=10000 width=12) (actual rows=100000 loops=1)
              Group Key: event_date, player_id
              Batches: 5  Memory Usage: 4145kB  Disk Usage: 1744kB
              Buffers: shared hit=541, temp read=201 written=362
              ->  Seq Scan on activity b  (cost=0.00..1541.00 rows=100000 width=12) (actual rows=100000 loops=1)
                    Buffers: shared hit=541
Planning:
  Buffers: shared hit=3
Planning Time: 0.099 ms
Execution Time: 174.561 ms",169.729,3005.39,100000,"WindowAgg  (cost=2805.39..3005.39 rows=10000 width=20) (actual rows=100000 loops=1)
  Buffers: shared hit=541, temp read=471 written=633
  ->  Sort  (cost=2805.39..2830.39 rows=10000 width=12) (actual rows=100000 loops=1)
        Sort Key: player_id, event_date
        Sort Method: external merge  Disk: 2160kB
        Buffers: shared hit=541, temp read=471 written=633
        ->  HashAggregate  (cost=2041.00..2141.00 rows=10000 width=12) (actual rows=100000 loops=1)
              Group Key: event_date, player_id
              Batches: 5  Memory Usage: 4145kB  Disk Usage: 1744kB
              Buffers: shared hit=541, temp read=201 written=362
              ->  Seq Scan on activity b  (cost=0.00..1541.00 rows=100000 width=12) (actual rows=100000 loops=1)
                    Buffers: shared hit=541
Planning:
  Buffers: shared hit=3
Planning Time: 0.104 ms
Execution Time: 169.729 ms",170.3596,171.72,173.56,175.3618,3005.39,3005.39,100000,100000,100000,100000
254,534,93,Medium,"SELECT b.player_id AS player_id, b.event_date AS event_date, SUM(b.games_played) OVER ( PARTITION BY b.player_id ORDER BY b.event_date ASC ) AS games_played_so_far from schema_534.activity AS b GROUP BY b.player_id,b.event_date",161.802,3005.39,100000,"WindowAgg  (cost=2805.39..3005.39 rows=10000 width=16) (actual rows=100000 loops=1)
  Buffers: shared hit=541, temp read=471 written=633
  ->  Sort  (cost=2805.39..2830.39 rows=10000 width=12) (actual rows=100000 loops=1)
        Sort Key: player_id, event_date
        Sort Method: external merge  Disk: 2160kB
        Buffers: shared hit=541, temp read=471 written=633
        ->  HashAggregate  (cost=2041.00..2141.00 rows=10000 width=12) (actual rows=100000 loops=1)
              Group Key: player_id, event_date
              Batches: 5  Memory Usage: 4145kB  Disk Usage: 1744kB
              Buffers: shared hit=541, temp read=201 written=362
              ->  Seq Scan on activity b  (cost=0.00..1541.00 rows=100000 width=12) (actual rows=100000 loops=1)
                    Buffers: shared hit=541
Planning:
  Buffers: shared hit=3
Planning Time: 0.169 ms
Execution Time: 161.802 ms",169.477,3005.39,100000,"WindowAgg  (cost=2805.39..3005.39 rows=10000 width=16) (actual rows=100000 loops=1)
  Buffers: shared hit=541, temp read=471 written=633
  ->  Sort  (cost=2805.39..2830.39 rows=10000 width=12) (actual rows=100000 loops=1)
        Sort Key: player_id, event_date
        Sort Method: external merge  Disk: 2160kB
        Buffers: shared hit=541, temp read=471 written=633
        ->  HashAggregate  (cost=2041.00..2141.00 rows=10000 width=12) (actual rows=100000 loops=1)
              Group Key: player_id, event_date
              Batches: 5  Memory Usage: 4145kB  Disk Usage: 1744kB
              Buffers: shared hit=541, temp read=201 written=362
              ->  Seq Scan on activity b  (cost=0.00..1541.00 rows=100000 width=12) (actual rows=100000 loops=1)
                    Buffers: shared hit=541
Planning:
  Buffers: shared hit=3
Planning Time: 0.143 ms
Execution Time: 169.477 ms",166.731,3005.39,100000,"WindowAgg  (cost=2805.39..3005.39 rows=10000 width=16) (actual rows=100000 loops=1)
  Buffers: shared hit=541, temp read=471 written=633
  ->  Sort  (cost=2805.39..2830.39 rows=10000 width=12) (actual rows=100000 loops=1)
        Sort Key: player_id, event_date
        Sort Method: external merge  Disk: 2160kB
        Buffers: shared hit=541, temp read=471 written=633
        ->  HashAggregate  (cost=2041.00..2141.00 rows=10000 width=12) (actual rows=100000 loops=1)
              Group Key: player_id, event_date
              Batches: 5  Memory Usage: 4145kB  Disk Usage: 1744kB
              Buffers: shared hit=541, temp read=201 written=362
              ->  Seq Scan on activity b  (cost=0.00..1541.00 rows=100000 width=12) (actual rows=100000 loops=1)
                    Buffers: shared hit=541
Planning:
  Buffers: shared hit=3
Planning Time: 0.061 ms
Execution Time: 166.731 ms",180.899,3005.39,100000,"WindowAgg  (cost=2805.39..3005.39 rows=10000 width=16) (actual rows=100000 loops=1)
  Buffers: shared hit=541, temp read=471 written=633
  ->  Sort  (cost=2805.39..2830.39 rows=10000 width=12) (actual rows=100000 loops=1)
        Sort Key: player_id, event_date
        Sort Method: external merge  Disk: 2160kB
        Buffers: shared hit=541, temp read=471 written=633
        ->  HashAggregate  (cost=2041.00..2141.00 rows=10000 width=12) (actual rows=100000 loops=1)
              Group Key: player_id, event_date
              Batches: 5  Memory Usage: 4145kB  Disk Usage: 1744kB
              Buffers: shared hit=541, temp read=201 written=362
              ->  Seq Scan on activity b  (cost=0.00..1541.00 rows=100000 width=12) (actual rows=100000 loops=1)
                    Buffers: shared hit=541
Planning:
  Buffers: shared hit=3
Planning Time: 0.085 ms
Execution Time: 180.899 ms",172.47,3005.39,100000,"WindowAgg  (cost=2805.39..3005.39 rows=10000 width=16) (actual rows=100000 loops=1)
  Buffers: shared hit=541, temp read=471 written=633
  ->  Sort  (cost=2805.39..2830.39 rows=10000 width=12) (actual rows=100000 loops=1)
        Sort Key: player_id, event_date
        Sort Method: external merge  Disk: 2160kB
        Buffers: shared hit=541, temp read=471 written=633
        ->  HashAggregate  (cost=2041.00..2141.00 rows=10000 width=12) (actual rows=100000 loops=1)
              Group Key: player_id, event_date
              Batches: 5  Memory Usage: 4145kB  Disk Usage: 1744kB
              Buffers: shared hit=541, temp read=201 written=362
              ->  Seq Scan on activity b  (cost=0.00..1541.00 rows=100000 width=12) (actual rows=100000 loops=1)
                    Buffers: shared hit=541
Planning:
  Buffers: shared hit=3
Planning Time: 0.104 ms
Execution Time: 172.470 ms",170.2758,169.477,176.6845,184.2706,3005.39,3005.39,100000,100000,100000,100000
255,534,95,Medium,"SELECT a2.player_id AS player_id, a2.event_date AS event_date, SUM(a2.games_played) OVER ( PARTITION BY a2.player_id ORDER BY a2.event_date ASC ) AS games_played_so_far from schema_534.activity AS a2 GROUP BY a2.player_id,a2.event_date",159.056,3005.39,100000,"WindowAgg  (cost=2805.39..3005.39 rows=10000 width=16) (actual rows=100000 loops=1)
  Buffers: shared hit=541, temp read=471 written=633
  ->  Sort  (cost=2805.39..2830.39 rows=10000 width=12) (actual rows=100000 loops=1)
        Sort Key: player_id, event_date
        Sort Method: external merge  Disk: 2160kB
        Buffers: shared hit=541, temp read=471 written=633
        ->  HashAggregate  (cost=2041.00..2141.00 rows=10000 width=12) (actual rows=100000 loops=1)
              Group Key: player_id, event_date
              Batches: 5  Memory Usage: 4145kB  Disk Usage: 1744kB
              Buffers: shared hit=541, temp read=201 written=362
              ->  Seq Scan on activity a2  (cost=0.00..1541.00 rows=100000 width=12) (actual rows=100000 loops=1)
                    Buffers: shared hit=541
Planning:
  Buffers: shared hit=3
Planning Time: 0.059 ms
Execution Time: 159.056 ms",170.884,3005.39,100000,"WindowAgg  (cost=2805.39..3005.39 rows=10000 width=16) (actual rows=100000 loops=1)
  Buffers: shared hit=541, temp read=471 written=633
  ->  Sort  (cost=2805.39..2830.39 rows=10000 width=12) (actual rows=100000 loops=1)
        Sort Key: player_id, event_date
        Sort Method: external merge  Disk: 2160kB
        Buffers: shared hit=541, temp read=471 written=633
        ->  HashAggregate  (cost=2041.00..2141.00 rows=10000 width=12) (actual rows=100000 loops=1)
              Group Key: player_id, event_date
              Batches: 5  Memory Usage: 4145kB  Disk Usage: 1744kB
              Buffers: shared hit=541, temp read=201 written=362
              ->  Seq Scan on activity a2  (cost=0.00..1541.00 rows=100000 width=12) (actual rows=100000 loops=1)
                    Buffers: shared hit=541
Planning:
  Buffers: shared hit=3
Planning Time: 0.091 ms
Execution Time: 170.884 ms",170.966,3005.39,100000,"WindowAgg  (cost=2805.39..3005.39 rows=10000 width=16) (actual rows=100000 loops=1)
  Buffers: shared hit=541, temp read=471 written=633
  ->  Sort  (cost=2805.39..2830.39 rows=10000 width=12) (actual rows=100000 loops=1)
        Sort Key: player_id, event_date
        Sort Method: external merge  Disk: 2160kB
        Buffers: shared hit=541, temp read=471 written=633
        ->  HashAggregate  (cost=2041.00..2141.00 rows=10000 width=12) (actual rows=100000 loops=1)
              Group Key: player_id, event_date
              Batches: 5  Memory Usage: 4145kB  Disk Usage: 1744kB
              Buffers: shared hit=541, temp read=201 written=362
              ->  Seq Scan on activity a2  (cost=0.00..1541.00 rows=100000 width=12) (actual rows=100000 loops=1)
                    Buffers: shared hit=541
Planning:
  Buffers: shared hit=3
Planning Time: 0.097 ms
Execution Time: 170.966 ms",166.866,3005.39,100000,"WindowAgg  (cost=2805.39..3005.39 rows=10000 width=16) (actual rows=100000 loops=1)
  Buffers: shared hit=541, temp read=471 written=633
  ->  Sort  (cost=2805.39..2830.39 rows=10000 width=12) (actual rows=100000 loops=1)
        Sort Key: player_id, event_date
        Sort Method: external merge  Disk: 2160kB
        Buffers: shared hit=541, temp read=471 written=633
        ->  HashAggregate  (cost=2041.00..2141.00 rows=10000 width=12) (actual rows=100000 loops=1)
              Group Key: player_id, event_date
              Batches: 5  Memory Usage: 4145kB  Disk Usage: 1744kB
              Buffers: shared hit=541, temp read=201 written=362
              ->  Seq Scan on activity a2  (cost=0.00..1541.00 rows=100000 width=12) (actual rows=100000 loops=1)
                    Buffers: shared hit=541
Planning:
  Buffers: shared hit=3
Planning Time: 0.072 ms
Execution Time: 166.866 ms",169.507,3005.39,100000,"WindowAgg  (cost=2805.39..3005.39 rows=10000 width=16) (actual rows=100000 loops=1)
  Buffers: shared hit=541, temp read=471 written=633
  ->  Sort  (cost=2805.39..2830.39 rows=10000 width=12) (actual rows=100000 loops=1)
        Sort Key: player_id, event_date
        Sort Method: external merge  Disk: 2160kB
        Buffers: shared hit=541, temp read=471 written=633
        ->  HashAggregate  (cost=2041.00..2141.00 rows=10000 width=12) (actual rows=100000 loops=1)
              Group Key: player_id, event_date
              Batches: 5  Memory Usage: 4145kB  Disk Usage: 1744kB
              Buffers: shared hit=541, temp read=201 written=362
              ->  Seq Scan on activity a2  (cost=0.00..1541.00 rows=100000 width=12) (actual rows=100000 loops=1)
                    Buffers: shared hit=541
Planning:
  Buffers: shared hit=3
Planning Time: 0.101 ms
Execution Time: 169.507 ms",167.4558,169.507,170.925,170.9988,3005.39,3005.39,100000,100000,100000,100000
257,534,100,Medium,"SELECT a2.player_id AS player_id, a2.event_date AS event_date, SUM(a2.games_played) OVER ( PARTITION BY a2.player_id ORDER BY a2.event_date ASC ) AS games_played_so_far from schema_534.activity AS a2 GROUP BY a2.player_id,a2.event_date",162.51,3005.39,100000,"WindowAgg  (cost=2805.39..3005.39 rows=10000 width=16) (actual rows=100000 loops=1)
  Buffers: shared hit=541, temp read=471 written=633
  ->  Sort  (cost=2805.39..2830.39 rows=10000 width=12) (actual rows=100000 loops=1)
        Sort Key: player_id, event_date
        Sort Method: external merge  Disk: 2160kB
        Buffers: shared hit=541, temp read=471 written=633
        ->  HashAggregate  (cost=2041.00..2141.00 rows=10000 width=12) (actual rows=100000 loops=1)
              Group Key: player_id, event_date
              Batches: 5  Memory Usage: 4145kB  Disk Usage: 1744kB
              Buffers: shared hit=541, temp read=201 written=362
              ->  Seq Scan on activity a2  (cost=0.00..1541.00 rows=100000 width=12) (actual rows=100000 loops=1)
                    Buffers: shared hit=541
Planning:
  Buffers: shared hit=3
Planning Time: 0.076 ms
Execution Time: 162.510 ms",169.537,3005.39,100000,"WindowAgg  (cost=2805.39..3005.39 rows=10000 width=16) (actual rows=100000 loops=1)
  Buffers: shared hit=541, temp read=471 written=633
  ->  Sort  (cost=2805.39..2830.39 rows=10000 width=12) (actual rows=100000 loops=1)
        Sort Key: player_id, event_date
        Sort Method: external merge  Disk: 2160kB
        Buffers: shared hit=541, temp read=471 written=633
        ->  HashAggregate  (cost=2041.00..2141.00 rows=10000 width=12) (actual rows=100000 loops=1)
              Group Key: player_id, event_date
              Batches: 5  Memory Usage: 4145kB  Disk Usage: 1744kB
              Buffers: shared hit=541, temp read=201 written=362
              ->  Seq Scan on activity a2  (cost=0.00..1541.00 rows=100000 width=12) (actual rows=100000 loops=1)
                    Buffers: shared hit=541
Planning:
  Buffers: shared hit=3
Planning Time: 0.084 ms
Execution Time: 169.537 ms",172.687,3005.39,100000,"WindowAgg  (cost=2805.39..3005.39 rows=10000 width=16) (actual rows=100000 loops=1)
  Buffers: shared hit=541, temp read=471 written=633
  ->  Sort  (cost=2805.39..2830.39 rows=10000 width=12) (actual rows=100000 loops=1)
        Sort Key: player_id, event_date
        Sort Method: external merge  Disk: 2160kB
        Buffers: shared hit=541, temp read=471 written=633
        ->  HashAggregate  (cost=2041.00..2141.00 rows=10000 width=12) (actual rows=100000 loops=1)
              Group Key: player_id, event_date
              Batches: 5  Memory Usage: 4145kB  Disk Usage: 1744kB
              Buffers: shared hit=541, temp read=201 written=362
              ->  Seq Scan on activity a2  (cost=0.00..1541.00 rows=100000 width=12) (actual rows=100000 loops=1)
                    Buffers: shared hit=541
Planning:
  Buffers: shared hit=3
Planning Time: 0.086 ms
Execution Time: 172.687 ms",173.346,3005.39,100000,"WindowAgg  (cost=2805.39..3005.39 rows=10000 width=16) (actual rows=100000 loops=1)
  Buffers: shared hit=541, temp read=471 written=633
  ->  Sort  (cost=2805.39..2830.39 rows=10000 width=12) (actual rows=100000 loops=1)
        Sort Key: player_id, event_date
        Sort Method: external merge  Disk: 2160kB
        Buffers: shared hit=541, temp read=471 written=633
        ->  HashAggregate  (cost=2041.00..2141.00 rows=10000 width=12) (actual rows=100000 loops=1)
              Group Key: player_id, event_date
              Batches: 5  Memory Usage: 4145kB  Disk Usage: 1744kB
              Buffers: shared hit=541, temp read=201 written=362
              ->  Seq Scan on activity a2  (cost=0.00..1541.00 rows=100000 width=12) (actual rows=100000 loops=1)
                    Buffers: shared hit=541
Planning:
  Buffers: shared hit=3
Planning Time: 0.082 ms
Execution Time: 173.346 ms",179.514,3005.39,100000,"WindowAgg  (cost=2805.39..3005.39 rows=10000 width=16) (actual rows=100000 loops=1)
  Buffers: shared hit=541, temp read=471 written=633
  ->  Sort  (cost=2805.39..2830.39 rows=10000 width=12) (actual rows=100000 loops=1)
        Sort Key: player_id, event_date
        Sort Method: external merge  Disk: 2160kB
        Buffers: shared hit=541, temp read=471 written=633
        ->  HashAggregate  (cost=2041.00..2141.00 rows=10000 width=12) (actual rows=100000 loops=1)
              Group Key: player_id, event_date
              Batches: 5  Memory Usage: 4145kB  Disk Usage: 1744kB
              Buffers: shared hit=541, temp read=201 written=362
              ->  Seq Scan on activity a2  (cost=0.00..1541.00 rows=100000 width=12) (actual rows=100000 loops=1)
                    Buffers: shared hit=541
Planning:
  Buffers: shared hit=3
Planning Time: 0.105 ms
Execution Time: 179.514 ms",171.5188,172.687,176.43,181.9812,3005.39,3005.39,100000,100000,100000,100000
258,534,105,Medium,"SELECT a2.player_id AS player_id, a2.event_date AS event_date, SUM(a2.games_played) OVER ( PARTITION BY a2.player_id ORDER BY a2.event_date ASC ) AS games_played_so_far from schema_534.activity AS a2 GROUP BY a2.player_id,a2.event_date",161.163,3005.39,100000,"WindowAgg  (cost=2805.39..3005.39 rows=10000 width=16) (actual rows=100000 loops=1)
  Buffers: shared hit=541, temp read=471 written=633
  ->  Sort  (cost=2805.39..2830.39 rows=10000 width=12) (actual rows=100000 loops=1)
        Sort Key: player_id, event_date
        Sort Method: external merge  Disk: 2160kB
        Buffers: shared hit=541, temp read=471 written=633
        ->  HashAggregate  (cost=2041.00..2141.00 rows=10000 width=12) (actual rows=100000 loops=1)
              Group Key: player_id, event_date
              Batches: 5  Memory Usage: 4145kB  Disk Usage: 1744kB
              Buffers: shared hit=541, temp read=201 written=362
              ->  Seq Scan on activity a2  (cost=0.00..1541.00 rows=100000 width=12) (actual rows=100000 loops=1)
                    Buffers: shared hit=541
Planning:
  Buffers: shared hit=3
Planning Time: 0.060 ms
Execution Time: 161.163 ms",171.519,3005.39,100000,"WindowAgg  (cost=2805.39..3005.39 rows=10000 width=16) (actual rows=100000 loops=1)
  Buffers: shared hit=541, temp read=471 written=633
  ->  Sort  (cost=2805.39..2830.39 rows=10000 width=12) (actual rows=100000 loops=1)
        Sort Key: player_id, event_date
        Sort Method: external merge  Disk: 2160kB
        Buffers: shared hit=541, temp read=471 written=633
        ->  HashAggregate  (cost=2041.00..2141.00 rows=10000 width=12) (actual rows=100000 loops=1)
              Group Key: player_id, event_date
              Batches: 5  Memory Usage: 4145kB  Disk Usage: 1744kB
              Buffers: shared hit=541, temp read=201 written=362
              ->  Seq Scan on activity a2  (cost=0.00..1541.00 rows=100000 width=12) (actual rows=100000 loops=1)
                    Buffers: shared hit=541
Planning:
  Buffers: shared hit=3
Planning Time: 0.077 ms
Execution Time: 171.519 ms",170.543,3005.39,100000,"WindowAgg  (cost=2805.39..3005.39 rows=10000 width=16) (actual rows=100000 loops=1)
  Buffers: shared hit=541, temp read=471 written=633
  ->  Sort  (cost=2805.39..2830.39 rows=10000 width=12) (actual rows=100000 loops=1)
        Sort Key: player_id, event_date
        Sort Method: external merge  Disk: 2160kB
        Buffers: shared hit=541, temp read=471 written=633
        ->  HashAggregate  (cost=2041.00..2141.00 rows=10000 width=12) (actual rows=100000 loops=1)
              Group Key: player_id, event_date
              Batches: 5  Memory Usage: 4145kB  Disk Usage: 1744kB
              Buffers: shared hit=541, temp read=201 written=362
              ->  Seq Scan on activity a2  (cost=0.00..1541.00 rows=100000 width=12) (actual rows=100000 loops=1)
                    Buffers: shared hit=541
Planning:
  Buffers: shared hit=3
Planning Time: 0.121 ms
Execution Time: 170.543 ms",171.206,3005.39,100000,"WindowAgg  (cost=2805.39..3005.39 rows=10000 width=16) (actual rows=100000 loops=1)
  Buffers: shared hit=541, temp read=471 written=633
  ->  Sort  (cost=2805.39..2830.39 rows=10000 width=12) (actual rows=100000 loops=1)
        Sort Key: player_id, event_date
        Sort Method: external merge  Disk: 2160kB
        Buffers: shared hit=541, temp read=471 written=633
        ->  HashAggregate  (cost=2041.00..2141.00 rows=10000 width=12) (actual rows=100000 loops=1)
              Group Key: player_id, event_date
              Batches: 5  Memory Usage: 4145kB  Disk Usage: 1744kB
              Buffers: shared hit=541, temp read=201 written=362
              ->  Seq Scan on activity a2  (cost=0.00..1541.00 rows=100000 width=12) (actual rows=100000 loops=1)
                    Buffers: shared hit=541
Planning:
  Buffers: shared hit=3
Planning Time: 0.093 ms
Execution Time: 171.206 ms",213.567,3005.39,100000,"WindowAgg  (cost=2805.39..3005.39 rows=10000 width=16) (actual rows=100000 loops=1)
  Buffers: shared hit=541, temp read=471 written=633
  ->  Sort  (cost=2805.39..2830.39 rows=10000 width=12) (actual rows=100000 loops=1)
        Sort Key: player_id, event_date
        Sort Method: external merge  Disk: 2160kB
        Buffers: shared hit=541, temp read=471 written=633
        ->  HashAggregate  (cost=2041.00..2141.00 rows=10000 width=12) (actual rows=100000 loops=1)
              Group Key: player_id, event_date
              Batches: 5  Memory Usage: 4145kB  Disk Usage: 1744kB
              Buffers: shared hit=541, temp read=201 written=362
              ->  Seq Scan on activity a2  (cost=0.00..1541.00 rows=100000 width=12) (actual rows=100000 loops=1)
                    Buffers: shared hit=541
Planning:
  Buffers: shared hit=3
Planning Time: 0.078 ms
Execution Time: 213.567 ms",177.5996,171.206,192.543,230.3862,3005.39,3005.39,100000,100000,100000,100000
259,534,112,Medium,"SELECT a1.player_id AS player_id, a1.event_date AS event_date, SUM(a1.games_played) OVER ( PARTITION BY a1.player_id ORDER BY a1.event_date ASC ) AS games_played_so_far from schema_534.activity AS a1 GROUP BY a1.player_id,a1.event_date",159.392,3005.39,100000,"WindowAgg  (cost=2805.39..3005.39 rows=10000 width=16) (actual rows=100000 loops=1)
  Buffers: shared hit=541, temp read=471 written=633
  ->  Sort  (cost=2805.39..2830.39 rows=10000 width=12) (actual rows=100000 loops=1)
        Sort Key: player_id, event_date
        Sort Method: external merge  Disk: 2160kB
        Buffers: shared hit=541, temp read=471 written=633
        ->  HashAggregate  (cost=2041.00..2141.00 rows=10000 width=12) (actual rows=100000 loops=1)
              Group Key: player_id, event_date
              Batches: 5  Memory Usage: 4145kB  Disk Usage: 1744kB
              Buffers: shared hit=541, temp read=201 written=362
              ->  Seq Scan on activity a1  (cost=0.00..1541.00 rows=100000 width=12) (actual rows=100000 loops=1)
                    Buffers: shared hit=541
Planning:
  Buffers: shared hit=3
Planning Time: 0.060 ms
Execution Time: 159.392 ms",182.816,3005.39,100000,"WindowAgg  (cost=2805.39..3005.39 rows=10000 width=16) (actual rows=100000 loops=1)
  Buffers: shared hit=541, temp read=471 written=633
  ->  Sort  (cost=2805.39..2830.39 rows=10000 width=12) (actual rows=100000 loops=1)
        Sort Key: player_id, event_date
        Sort Method: external merge  Disk: 2160kB
        Buffers: shared hit=541, temp read=471 written=633
        ->  HashAggregate  (cost=2041.00..2141.00 rows=10000 width=12) (actual rows=100000 loops=1)
              Group Key: player_id, event_date
              Batches: 5  Memory Usage: 4145kB  Disk Usage: 1744kB
              Buffers: shared hit=541, temp read=201 written=362
              ->  Seq Scan on activity a1  (cost=0.00..1541.00 rows=100000 width=12) (actual rows=100000 loops=1)
                    Buffers: shared hit=541
Planning:
  Buffers: shared hit=3
Planning Time: 0.100 ms
Execution Time: 182.816 ms",169.998,3005.39,100000,"WindowAgg  (cost=2805.39..3005.39 rows=10000 width=16) (actual rows=100000 loops=1)
  Buffers: shared hit=541, temp read=471 written=633
  ->  Sort  (cost=2805.39..2830.39 rows=10000 width=12) (actual rows=100000 loops=1)
        Sort Key: player_id, event_date
        Sort Method: external merge  Disk: 2160kB
        Buffers: shared hit=541, temp read=471 written=633
        ->  HashAggregate  (cost=2041.00..2141.00 rows=10000 width=12) (actual rows=100000 loops=1)
              Group Key: player_id, event_date
              Batches: 5  Memory Usage: 4145kB  Disk Usage: 1744kB
              Buffers: shared hit=541, temp read=201 written=362
              ->  Seq Scan on activity a1  (cost=0.00..1541.00 rows=100000 width=12) (actual rows=100000 loops=1)
                    Buffers: shared hit=541
Planning:
  Buffers: shared hit=3
Planning Time: 0.087 ms
Execution Time: 169.998 ms",171.457,3005.39,100000,"WindowAgg  (cost=2805.39..3005.39 rows=10000 width=16) (actual rows=100000 loops=1)
  Buffers: shared hit=541, temp read=471 written=633
  ->  Sort  (cost=2805.39..2830.39 rows=10000 width=12) (actual rows=100000 loops=1)
        Sort Key: player_id, event_date
        Sort Method: external merge  Disk: 2160kB
        Buffers: shared hit=541, temp read=471 written=633
        ->  HashAggregate  (cost=2041.00..2141.00 rows=10000 width=12) (actual rows=100000 loops=1)
              Group Key: player_id, event_date
              Batches: 5  Memory Usage: 4145kB  Disk Usage: 1744kB
              Buffers: shared hit=541, temp read=201 written=362
              ->  Seq Scan on activity a1  (cost=0.00..1541.00 rows=100000 width=12) (actual rows=100000 loops=1)
                    Buffers: shared hit=541
Planning:
  Buffers: shared hit=3
Planning Time: 0.102 ms
Execution Time: 171.457 ms",175.05,3005.39,100000,"WindowAgg  (cost=2805.39..3005.39 rows=10000 width=16) (actual rows=100000 loops=1)
  Buffers: shared hit=541, temp read=471 written=633
  ->  Sort  (cost=2805.39..2830.39 rows=10000 width=12) (actual rows=100000 loops=1)
        Sort Key: player_id, event_date
        Sort Method: external merge  Disk: 2160kB
        Buffers: shared hit=541, temp read=471 written=633
        ->  HashAggregate  (cost=2041.00..2141.00 rows=10000 width=12) (actual rows=100000 loops=1)
              Group Key: player_id, event_date
              Batches: 5  Memory Usage: 4145kB  Disk Usage: 1744kB
              Buffers: shared hit=541, temp read=201 written=362
              ->  Seq Scan on activity a1  (cost=0.00..1541.00 rows=100000 width=12) (actual rows=100000 loops=1)
                    Buffers: shared hit=541
Planning:
  Buffers: shared hit=3
Planning Time: 0.093 ms
Execution Time: 175.050 ms",171.7426,171.457,178.933,185.9224,3005.39,3005.39,100000,100000,100000,100000
260,534,113,Medium,"SELECT a2.player_id AS player_id, a2.event_date AS event_date, SUM(a2.games_played) OVER ( PARTITION BY a2.player_id ORDER BY a2.event_date ASC ) AS games_played_so_far from schema_534.activity AS a2 GROUP BY a2.event_date,a2.player_id",159.345,3005.39,100000,"WindowAgg  (cost=2805.39..3005.39 rows=10000 width=16) (actual rows=100000 loops=1)
  Buffers: shared hit=541, temp read=471 written=633
  ->  Sort  (cost=2805.39..2830.39 rows=10000 width=12) (actual rows=100000 loops=1)
        Sort Key: player_id, event_date
        Sort Method: external merge  Disk: 2160kB
        Buffers: shared hit=541, temp read=471 written=633
        ->  HashAggregate  (cost=2041.00..2141.00 rows=10000 width=12) (actual rows=100000 loops=1)
              Group Key: event_date, player_id
              Batches: 5  Memory Usage: 4145kB  Disk Usage: 1744kB
              Buffers: shared hit=541, temp read=201 written=362
              ->  Seq Scan on activity a2  (cost=0.00..1541.00 rows=100000 width=12) (actual rows=100000 loops=1)
                    Buffers: shared hit=541
Planning:
  Buffers: shared hit=3
Planning Time: 0.053 ms
Execution Time: 159.345 ms",167.926,3005.39,100000,"WindowAgg  (cost=2805.39..3005.39 rows=10000 width=16) (actual rows=100000 loops=1)
  Buffers: shared hit=541, temp read=471 written=633
  ->  Sort  (cost=2805.39..2830.39 rows=10000 width=12) (actual rows=100000 loops=1)
        Sort Key: player_id, event_date
        Sort Method: external merge  Disk: 2160kB
        Buffers: shared hit=541, temp read=471 written=633
        ->  HashAggregate  (cost=2041.00..2141.00 rows=10000 width=12) (actual rows=100000 loops=1)
              Group Key: event_date, player_id
              Batches: 5  Memory Usage: 4145kB  Disk Usage: 1744kB
              Buffers: shared hit=541, temp read=201 written=362
              ->  Seq Scan on activity a2  (cost=0.00..1541.00 rows=100000 width=12) (actual rows=100000 loops=1)
                    Buffers: shared hit=541
Planning:
  Buffers: shared hit=3
Planning Time: 0.077 ms
Execution Time: 167.926 ms",177.681,3005.39,100000,"WindowAgg  (cost=2805.39..3005.39 rows=10000 width=16) (actual rows=100000 loops=1)
  Buffers: shared hit=541, temp read=471 written=633
  ->  Sort  (cost=2805.39..2830.39 rows=10000 width=12) (actual rows=100000 loops=1)
        Sort Key: player_id, event_date
        Sort Method: external merge  Disk: 2160kB
        Buffers: shared hit=541, temp read=471 written=633
        ->  HashAggregate  (cost=2041.00..2141.00 rows=10000 width=12) (actual rows=100000 loops=1)
              Group Key: event_date, player_id
              Batches: 5  Memory Usage: 4145kB  Disk Usage: 1744kB
              Buffers: shared hit=541, temp read=201 written=362
              ->  Seq Scan on activity a2  (cost=0.00..1541.00 rows=100000 width=12) (actual rows=100000 loops=1)
                    Buffers: shared hit=541
Planning:
  Buffers: shared hit=3
Planning Time: 0.106 ms
Execution Time: 177.681 ms",177.282,3005.39,100000,"WindowAgg  (cost=2805.39..3005.39 rows=10000 width=16) (actual rows=100000 loops=1)
  Buffers: shared hit=541, temp read=471 written=633
  ->  Sort  (cost=2805.39..2830.39 rows=10000 width=12) (actual rows=100000 loops=1)
        Sort Key: player_id, event_date
        Sort Method: external merge  Disk: 2160kB
        Buffers: shared hit=541, temp read=471 written=633
        ->  HashAggregate  (cost=2041.00..2141.00 rows=10000 width=12) (actual rows=100000 loops=1)
              Group Key: event_date, player_id
              Batches: 5  Memory Usage: 4145kB  Disk Usage: 1744kB
              Buffers: shared hit=541, temp read=201 written=362
              ->  Seq Scan on activity a2  (cost=0.00..1541.00 rows=100000 width=12) (actual rows=100000 loops=1)
                    Buffers: shared hit=541
Planning:
  Buffers: shared hit=3
Planning Time: 0.078 ms
Execution Time: 177.282 ms",172.356,3005.39,100000,"WindowAgg  (cost=2805.39..3005.39 rows=10000 width=16) (actual rows=100000 loops=1)
  Buffers: shared hit=541, temp read=471 written=633
  ->  Sort  (cost=2805.39..2830.39 rows=10000 width=12) (actual rows=100000 loops=1)
        Sort Key: player_id, event_date
        Sort Method: external merge  Disk: 2160kB
        Buffers: shared hit=541, temp read=471 written=633
        ->  HashAggregate  (cost=2041.00..2141.00 rows=10000 width=12) (actual rows=100000 loops=1)
              Group Key: event_date, player_id
              Batches: 5  Memory Usage: 4145kB  Disk Usage: 1744kB
              Buffers: shared hit=541, temp read=201 written=362
              ->  Seq Scan on activity a2  (cost=0.00..1541.00 rows=100000 width=12) (actual rows=100000 loops=1)
                    Buffers: shared hit=541
Planning:
  Buffers: shared hit=3
Planning Time: 0.088 ms
Execution Time: 172.356 ms",170.918,172.356,177.4815,177.8406,3005.39,3005.39,100000,100000,100000,100000
261,534,115,Medium,"SELECT a1.player_id AS player_id, a1.event_date AS event_date, SUM(a1.games_played) OVER ( PARTITION BY a1.player_id ORDER BY a1.event_date ASC ) AS games_played_so_far from schema_534.activity AS a1 GROUP BY a1.event_date,a1.player_id",164.634,3005.39,100000,"WindowAgg  (cost=2805.39..3005.39 rows=10000 width=16) (actual rows=100000 loops=1)
  Buffers: shared hit=541, temp read=471 written=633
  ->  Sort  (cost=2805.39..2830.39 rows=10000 width=12) (actual rows=100000 loops=1)
        Sort Key: player_id, event_date
        Sort Method: external merge  Disk: 2160kB
        Buffers: shared hit=541, temp read=471 written=633
        ->  HashAggregate  (cost=2041.00..2141.00 rows=10000 width=12) (actual rows=100000 loops=1)
              Group Key: event_date, player_id
              Batches: 5  Memory Usage: 4145kB  Disk Usage: 1744kB
              Buffers: shared hit=541, temp read=201 written=362
              ->  Seq Scan on activity a1  (cost=0.00..1541.00 rows=100000 width=12) (actual rows=100000 loops=1)
                    Buffers: shared hit=541
Planning:
  Buffers: shared hit=3
Planning Time: 0.068 ms
Execution Time: 164.634 ms",173.727,3005.39,100000,"WindowAgg  (cost=2805.39..3005.39 rows=10000 width=16) (actual rows=100000 loops=1)
  Buffers: shared hit=541, temp read=471 written=633
  ->  Sort  (cost=2805.39..2830.39 rows=10000 width=12) (actual rows=100000 loops=1)
        Sort Key: player_id, event_date
        Sort Method: external merge  Disk: 2160kB
        Buffers: shared hit=541, temp read=471 written=633
        ->  HashAggregate  (cost=2041.00..2141.00 rows=10000 width=12) (actual rows=100000 loops=1)
              Group Key: event_date, player_id
              Batches: 5  Memory Usage: 4145kB  Disk Usage: 1744kB
              Buffers: shared hit=541, temp read=201 written=362
              ->  Seq Scan on activity a1  (cost=0.00..1541.00 rows=100000 width=12) (actual rows=100000 loops=1)
                    Buffers: shared hit=541
Planning:
  Buffers: shared hit=3
Planning Time: 0.077 ms
Execution Time: 173.727 ms",174.925,3005.39,100000,"WindowAgg  (cost=2805.39..3005.39 rows=10000 width=16) (actual rows=100000 loops=1)
  Buffers: shared hit=541, temp read=471 written=633
  ->  Sort  (cost=2805.39..2830.39 rows=10000 width=12) (actual rows=100000 loops=1)
        Sort Key: player_id, event_date
        Sort Method: external merge  Disk: 2160kB
        Buffers: shared hit=541, temp read=471 written=633
        ->  HashAggregate  (cost=2041.00..2141.00 rows=10000 width=12) (actual rows=100000 loops=1)
              Group Key: event_date, player_id
              Batches: 5  Memory Usage: 4145kB  Disk Usage: 1744kB
              Buffers: shared hit=541, temp read=201 written=362
              ->  Seq Scan on activity a1  (cost=0.00..1541.00 rows=100000 width=12) (actual rows=100000 loops=1)
                    Buffers: shared hit=541
Planning:
  Buffers: shared hit=3
Planning Time: 0.076 ms
Execution Time: 174.925 ms",171.951,3005.39,100000,"WindowAgg  (cost=2805.39..3005.39 rows=10000 width=16) (actual rows=100000 loops=1)
  Buffers: shared hit=541, temp read=471 written=633
  ->  Sort  (cost=2805.39..2830.39 rows=10000 width=12) (actual rows=100000 loops=1)
        Sort Key: player_id, event_date
        Sort Method: external merge  Disk: 2160kB
        Buffers: shared hit=541, temp read=471 written=633
        ->  HashAggregate  (cost=2041.00..2141.00 rows=10000 width=12) (actual rows=100000 loops=1)
              Group Key: event_date, player_id
              Batches: 5  Memory Usage: 4145kB  Disk Usage: 1744kB
              Buffers: shared hit=541, temp read=201 written=362
              ->  Seq Scan on activity a1  (cost=0.00..1541.00 rows=100000 width=12) (actual rows=100000 loops=1)
                    Buffers: shared hit=541
Planning:
  Buffers: shared hit=3
Planning Time: 0.071 ms
Execution Time: 171.951 ms",177.703,3005.39,100000,"WindowAgg  (cost=2805.39..3005.39 rows=10000 width=16) (actual rows=100000 loops=1)
  Buffers: shared hit=541, temp read=471 written=633
  ->  Sort  (cost=2805.39..2830.39 rows=10000 width=12) (actual rows=100000 loops=1)
        Sort Key: player_id, event_date
        Sort Method: external merge  Disk: 2160kB
        Buffers: shared hit=541, temp read=471 written=633
        ->  HashAggregate  (cost=2041.00..2141.00 rows=10000 width=12) (actual rows=100000 loops=1)
              Group Key: event_date, player_id
              Batches: 5  Memory Usage: 4145kB  Disk Usage: 1744kB
              Buffers: shared hit=541, temp read=201 written=362
              ->  Seq Scan on activity a1  (cost=0.00..1541.00 rows=100000 width=12) (actual rows=100000 loops=1)
                    Buffers: shared hit=541
Planning:
  Buffers: shared hit=3
Planning Time: 0.082 ms
Execution Time: 177.703 ms",172.588,173.727,176.314,178.8142,3005.39,3005.39,100000,100000,100000,100000
262,534,116,Medium,"SELECT a.player_id AS player_id, a.event_date AS event_date, SUM(a.games_played) OVER ( PARTITION BY a.player_id ORDER BY a.event_date ASC ) AS games_played_so_far from schema_534.activity AS a GROUP BY a.event_date,a.player_id",163.412,3005.39,100000,"WindowAgg  (cost=2805.39..3005.39 rows=10000 width=16) (actual rows=100000 loops=1)
  Buffers: shared hit=541, temp read=471 written=633
  ->  Sort  (cost=2805.39..2830.39 rows=10000 width=12) (actual rows=100000 loops=1)
        Sort Key: player_id, event_date
        Sort Method: external merge  Disk: 2160kB
        Buffers: shared hit=541, temp read=471 written=633
        ->  HashAggregate  (cost=2041.00..2141.00 rows=10000 width=12) (actual rows=100000 loops=1)
              Group Key: event_date, player_id
              Batches: 5  Memory Usage: 4145kB  Disk Usage: 1744kB
              Buffers: shared hit=541, temp read=201 written=362
              ->  Seq Scan on activity a  (cost=0.00..1541.00 rows=100000 width=12) (actual rows=100000 loops=1)
                    Buffers: shared hit=541
Planning:
  Buffers: shared hit=3
Planning Time: 0.055 ms
Execution Time: 163.412 ms",177.085,3005.39,100000,"WindowAgg  (cost=2805.39..3005.39 rows=10000 width=16) (actual rows=100000 loops=1)
  Buffers: shared hit=541, temp read=471 written=633
  ->  Sort  (cost=2805.39..2830.39 rows=10000 width=12) (actual rows=100000 loops=1)
        Sort Key: player_id, event_date
        Sort Method: external merge  Disk: 2160kB
        Buffers: shared hit=541, temp read=471 written=633
        ->  HashAggregate  (cost=2041.00..2141.00 rows=10000 width=12) (actual rows=100000 loops=1)
              Group Key: event_date, player_id
              Batches: 5  Memory Usage: 4145kB  Disk Usage: 1744kB
              Buffers: shared hit=541, temp read=201 written=362
              ->  Seq Scan on activity a  (cost=0.00..1541.00 rows=100000 width=12) (actual rows=100000 loops=1)
                    Buffers: shared hit=541
Planning:
  Buffers: shared hit=3
Planning Time: 0.073 ms
Execution Time: 177.085 ms",171.054,3005.39,100000,"WindowAgg  (cost=2805.39..3005.39 rows=10000 width=16) (actual rows=100000 loops=1)
  Buffers: shared hit=541, temp read=471 written=633
  ->  Sort  (cost=2805.39..2830.39 rows=10000 width=12) (actual rows=100000 loops=1)
        Sort Key: player_id, event_date
        Sort Method: external merge  Disk: 2160kB
        Buffers: shared hit=541, temp read=471 written=633
        ->  HashAggregate  (cost=2041.00..2141.00 rows=10000 width=12) (actual rows=100000 loops=1)
              Group Key: event_date, player_id
              Batches: 5  Memory Usage: 4145kB  Disk Usage: 1744kB
              Buffers: shared hit=541, temp read=201 written=362
              ->  Seq Scan on activity a  (cost=0.00..1541.00 rows=100000 width=12) (actual rows=100000 loops=1)
                    Buffers: shared hit=541
Planning:
  Buffers: shared hit=3
Planning Time: 0.078 ms
Execution Time: 171.054 ms",170.058,3005.39,100000,"WindowAgg  (cost=2805.39..3005.39 rows=10000 width=16) (actual rows=100000 loops=1)
  Buffers: shared hit=541, temp read=471 written=633
  ->  Sort  (cost=2805.39..2830.39 rows=10000 width=12) (actual rows=100000 loops=1)
        Sort Key: player_id, event_date
        Sort Method: external merge  Disk: 2160kB
        Buffers: shared hit=541, temp read=471 written=633
        ->  HashAggregate  (cost=2041.00..2141.00 rows=10000 width=12) (actual rows=100000 loops=1)
              Group Key: event_date, player_id
              Batches: 5  Memory Usage: 4145kB  Disk Usage: 1744kB
              Buffers: shared hit=541, temp read=201 written=362
              ->  Seq Scan on activity a  (cost=0.00..1541.00 rows=100000 width=12) (actual rows=100000 loops=1)
                    Buffers: shared hit=541
Planning:
  Buffers: shared hit=3
Planning Time: 0.095 ms
Execution Time: 170.058 ms",168.662,3005.39,100000,"WindowAgg  (cost=2805.39..3005.39 rows=10000 width=16) (actual rows=100000 loops=1)
  Buffers: shared hit=541, temp read=471 written=633
  ->  Sort  (cost=2805.39..2830.39 rows=10000 width=12) (actual rows=100000 loops=1)
        Sort Key: player_id, event_date
        Sort Method: external merge  Disk: 2160kB
        Buffers: shared hit=541, temp read=471 written=633
        ->  HashAggregate  (cost=2041.00..2141.00 rows=10000 width=12) (actual rows=100000 loops=1)
              Group Key: event_date, player_id
              Batches: 5  Memory Usage: 4145kB  Disk Usage: 1744kB
              Buffers: shared hit=541, temp read=201 written=362
              ->  Seq Scan on activity a  (cost=0.00..1541.00 rows=100000 width=12) (actual rows=100000 loops=1)
                    Buffers: shared hit=541
Planning:
  Buffers: shared hit=3
Planning Time: 0.082 ms
Execution Time: 168.662 ms",170.0542,170.058,174.0695,179.4974,3005.39,3005.39,100000,100000,100000,100000
263,534,117,Medium,"SELECT b.player_id AS player_id, b.event_date AS event_date, SUM(b.games_played) OVER ( PARTITION BY b.player_id ORDER BY b.event_date ASC ) AS games_played_so_far from schema_534.activity AS b GROUP BY b.event_date,b.player_id",160.961,3005.39,100000,"WindowAgg  (cost=2805.39..3005.39 rows=10000 width=16) (actual rows=100000 loops=1)
  Buffers: shared hit=541, temp read=471 written=633
  ->  Sort  (cost=2805.39..2830.39 rows=10000 width=12) (actual rows=100000 loops=1)
        Sort Key: player_id, event_date
        Sort Method: external merge  Disk: 2160kB
        Buffers: shared hit=541, temp read=471 written=633
        ->  HashAggregate  (cost=2041.00..2141.00 rows=10000 width=12) (actual rows=100000 loops=1)
              Group Key: event_date, player_id
              Batches: 5  Memory Usage: 4145kB  Disk Usage: 1744kB
              Buffers: shared hit=541, temp read=201 written=362
              ->  Seq Scan on activity b  (cost=0.00..1541.00 rows=100000 width=12) (actual rows=100000 loops=1)
                    Buffers: shared hit=541
Planning:
  Buffers: shared hit=3
Planning Time: 0.055 ms
Execution Time: 160.961 ms",170.776,3005.39,100000,"WindowAgg  (cost=2805.39..3005.39 rows=10000 width=16) (actual rows=100000 loops=1)
  Buffers: shared hit=541, temp read=471 written=633
  ->  Sort  (cost=2805.39..2830.39 rows=10000 width=12) (actual rows=100000 loops=1)
        Sort Key: player_id, event_date
        Sort Method: external merge  Disk: 2160kB
        Buffers: shared hit=541, temp read=471 written=633
        ->  HashAggregate  (cost=2041.00..2141.00 rows=10000 width=12) (actual rows=100000 loops=1)
              Group Key: event_date, player_id
              Batches: 5  Memory Usage: 4145kB  Disk Usage: 1744kB
              Buffers: shared hit=541, temp read=201 written=362
              ->  Seq Scan on activity b  (cost=0.00..1541.00 rows=100000 width=12) (actual rows=100000 loops=1)
                    Buffers: shared hit=541
Planning:
  Buffers: shared hit=3
Planning Time: 0.091 ms
Execution Time: 170.776 ms",175.32,3005.39,100000,"WindowAgg  (cost=2805.39..3005.39 rows=10000 width=16) (actual rows=100000 loops=1)
  Buffers: shared hit=541, temp read=471 written=633
  ->  Sort  (cost=2805.39..2830.39 rows=10000 width=12) (actual rows=100000 loops=1)
        Sort Key: player_id, event_date
        Sort Method: external merge  Disk: 2160kB
        Buffers: shared hit=541, temp read=471 written=633
        ->  HashAggregate  (cost=2041.00..2141.00 rows=10000 width=12) (actual rows=100000 loops=1)
              Group Key: event_date, player_id
              Batches: 5  Memory Usage: 4145kB  Disk Usage: 1744kB
              Buffers: shared hit=541, temp read=201 written=362
              ->  Seq Scan on activity b  (cost=0.00..1541.00 rows=100000 width=12) (actual rows=100000 loops=1)
                    Buffers: shared hit=541
Planning:
  Buffers: shared hit=3
Planning Time: 0.077 ms
Execution Time: 175.320 ms",180.219,3005.39,100000,"WindowAgg  (cost=2805.39..3005.39 rows=10000 width=16) (actual rows=100000 loops=1)
  Buffers: shared hit=541, temp read=471 written=633
  ->  Sort  (cost=2805.39..2830.39 rows=10000 width=12) (actual rows=100000 loops=1)
        Sort Key: player_id, event_date
        Sort Method: external merge  Disk: 2160kB
        Buffers: shared hit=541, temp read=471 written=633
        ->  HashAggregate  (cost=2041.00..2141.00 rows=10000 width=12) (actual rows=100000 loops=1)
              Group Key: event_date, player_id
              Batches: 5  Memory Usage: 4145kB  Disk Usage: 1744kB
              Buffers: shared hit=541, temp read=201 written=362
              ->  Seq Scan on activity b  (cost=0.00..1541.00 rows=100000 width=12) (actual rows=100000 loops=1)
                    Buffers: shared hit=541
Planning:
  Buffers: shared hit=3
Planning Time: 0.082 ms
Execution Time: 180.219 ms",171.802,3005.39,100000,"WindowAgg  (cost=2805.39..3005.39 rows=10000 width=16) (actual rows=100000 loops=1)
  Buffers: shared hit=541, temp read=471 written=633
  ->  Sort  (cost=2805.39..2830.39 rows=10000 width=12) (actual rows=100000 loops=1)
        Sort Key: player_id, event_date
        Sort Method: external merge  Disk: 2160kB
        Buffers: shared hit=541, temp read=471 written=633
        ->  HashAggregate  (cost=2041.00..2141.00 rows=10000 width=12) (actual rows=100000 loops=1)
              Group Key: event_date, player_id
              Batches: 5  Memory Usage: 4145kB  Disk Usage: 1744kB
              Buffers: shared hit=541, temp read=201 written=362
              ->  Seq Scan on activity b  (cost=0.00..1541.00 rows=100000 width=12) (actual rows=100000 loops=1)
                    Buffers: shared hit=541
Planning:
  Buffers: shared hit=3
Planning Time: 0.089 ms
Execution Time: 171.802 ms",171.8156,171.802,177.7695,182.1786,3005.39,3005.39,100000,100000,100000,100000
264,534,123,Medium,"SELECT T_cte_15.c_player_id8 AS player_id, T_cte_15.c_event_date8 AS event_date, SUM(T_cte_15.c_7) AS games_played_so_far FROM (SELECT SUM(T_activity_0.games_played) OVER ( PARTITION BY T_activity_0.player_id ORDER BY T_activity_0.event_date ASC ) AS c_7, T_activity_0.player_id AS c_player_id8, T_activity_0.event_date AS c_event_date8 from schema_534.activity AS T_activity_0 GROUP BY T_activity_0.event_date,T_activity_0.player_id) AS T_cte_15 GROUP BY T_cte_15.c_event_date8,T_cte_15.c_player_id8",237.307,3192.89,100000,"HashAggregate  (cost=3180.39..3192.89 rows=1000 width=40) (actual rows=100000 loops=1)
  Group Key: t_activity_0.event_date, t_activity_0.player_id
  Batches: 21  Memory Usage: 4153kB  Disk Usage: 3584kB
  Buffers: shared hit=541, temp read=927 written=1439
  ->  WindowAgg  (cost=2805.39..3005.39 rows=10000 width=16) (actual rows=100000 loops=1)
        Buffers: shared hit=541, temp read=471 written=633
        ->  Sort  (cost=2805.39..2830.39 rows=10000 width=12) (actual rows=100000 loops=1)
              Sort Key: t_activity_0.player_id, t_activity_0.event_date
              Sort Method: external merge  Disk: 2160kB
              Buffers: shared hit=541, temp read=471 written=633
              ->  HashAggregate  (cost=2041.00..2141.00 rows=10000 width=12) (actual rows=100000 loops=1)
                    Group Key: t_activity_0.event_date, t_activity_0.player_id
                    Batches: 5  Memory Usage: 4145kB  Disk Usage: 1744kB
                    Buffers: shared hit=541, temp read=201 written=362
                    ->  Seq Scan on activity t_activity_0  (cost=0.00..1541.00 rows=100000 width=12) (actual rows=100000 loops=1)
                          Buffers: shared hit=541
Planning:
  Buffers: shared hit=3
Planning Time: 0.077 ms
Execution Time: 237.307 ms",245.214,3192.89,100000,"HashAggregate  (cost=3180.39..3192.89 rows=1000 width=40) (actual rows=100000 loops=1)
  Group Key: t_activity_0.event_date, t_activity_0.player_id
  Batches: 21  Memory Usage: 4153kB  Disk Usage: 3584kB
  Buffers: shared hit=541, temp read=927 written=1439
  ->  WindowAgg  (cost=2805.39..3005.39 rows=10000 width=16) (actual rows=100000 loops=1)
        Buffers: shared hit=541, temp read=471 written=633
        ->  Sort  (cost=2805.39..2830.39 rows=10000 width=12) (actual rows=100000 loops=1)
              Sort Key: t_activity_0.player_id, t_activity_0.event_date
              Sort Method: external merge  Disk: 2160kB
              Buffers: shared hit=541, temp read=471 written=633
              ->  HashAggregate  (cost=2041.00..2141.00 rows=10000 width=12) (actual rows=100000 loops=1)
                    Group Key: t_activity_0.event_date, t_activity_0.player_id
                    Batches: 5  Memory Usage: 4145kB  Disk Usage: 1744kB
                    Buffers: shared hit=541, temp read=201 written=362
                    ->  Seq Scan on activity t_activity_0  (cost=0.00..1541.00 rows=100000 width=12) (actual rows=100000 loops=1)
                          Buffers: shared hit=541
Planning:
  Buffers: shared hit=3
Planning Time: 0.127 ms
Execution Time: 245.214 ms",252.337,3192.89,100000,"HashAggregate  (cost=3180.39..3192.89 rows=1000 width=40) (actual rows=100000 loops=1)
  Group Key: t_activity_0.event_date, t_activity_0.player_id
  Batches: 21  Memory Usage: 4153kB  Disk Usage: 3584kB
  Buffers: shared hit=541, temp read=927 written=1439
  ->  WindowAgg  (cost=2805.39..3005.39 rows=10000 width=16) (actual rows=100000 loops=1)
        Buffers: shared hit=541, temp read=471 written=633
        ->  Sort  (cost=2805.39..2830.39 rows=10000 width=12) (actual rows=100000 loops=1)
              Sort Key: t_activity_0.player_id, t_activity_0.event_date
              Sort Method: external merge  Disk: 2160kB
              Buffers: shared hit=541, temp read=471 written=633
              ->  HashAggregate  (cost=2041.00..2141.00 rows=10000 width=12) (actual rows=100000 loops=1)
                    Group Key: t_activity_0.event_date, t_activity_0.player_id
                    Batches: 5  Memory Usage: 4145kB  Disk Usage: 1744kB
                    Buffers: shared hit=541, temp read=201 written=362
                    ->  Seq Scan on activity t_activity_0  (cost=0.00..1541.00 rows=100000 width=12) (actual rows=100000 loops=1)
                          Buffers: shared hit=541
Planning:
  Buffers: shared hit=3
Planning Time: 0.110 ms
Execution Time: 252.337 ms",247.224,3192.89,100000,"HashAggregate  (cost=3180.39..3192.89 rows=1000 width=40) (actual rows=100000 loops=1)
  Group Key: t_activity_0.event_date, t_activity_0.player_id
  Batches: 21  Memory Usage: 4153kB  Disk Usage: 3584kB
  Buffers: shared hit=541, temp read=927 written=1439
  ->  WindowAgg  (cost=2805.39..3005.39 rows=10000 width=16) (actual rows=100000 loops=1)
        Buffers: shared hit=541, temp read=471 written=633
        ->  Sort  (cost=2805.39..2830.39 rows=10000 width=12) (actual rows=100000 loops=1)
              Sort Key: t_activity_0.player_id, t_activity_0.event_date
              Sort Method: external merge  Disk: 2160kB
              Buffers: shared hit=541, temp read=471 written=633
              ->  HashAggregate  (cost=2041.00..2141.00 rows=10000 width=12) (actual rows=100000 loops=1)
                    Group Key: t_activity_0.event_date, t_activity_0.player_id
                    Batches: 5  Memory Usage: 4145kB  Disk Usage: 1744kB
                    Buffers: shared hit=541, temp read=201 written=362
                    ->  Seq Scan on activity t_activity_0  (cost=0.00..1541.00 rows=100000 width=12) (actual rows=100000 loops=1)
                          Buffers: shared hit=541
Planning:
  Buffers: shared hit=3
Planning Time: 0.117 ms
Execution Time: 247.224 ms",256.494,3192.89,100000,"HashAggregate  (cost=3180.39..3192.89 rows=1000 width=40) (actual rows=100000 loops=1)
  Group Key: t_activity_0.event_date, t_activity_0.player_id
  Batches: 21  Memory Usage: 4153kB  Disk Usage: 3584kB
  Buffers: shared hit=541, temp read=927 written=1439
  ->  WindowAgg  (cost=2805.39..3005.39 rows=10000 width=16) (actual rows=100000 loops=1)
        Buffers: shared hit=541, temp read=471 written=633
        ->  Sort  (cost=2805.39..2830.39 rows=10000 width=12) (actual rows=100000 loops=1)
              Sort Key: t_activity_0.player_id, t_activity_0.event_date
              Sort Method: external merge  Disk: 2160kB
              Buffers: shared hit=541, temp read=471 written=633
              ->  HashAggregate  (cost=2041.00..2141.00 rows=10000 width=12) (actual rows=100000 loops=1)
                    Group Key: t_activity_0.event_date, t_activity_0.player_id
                    Batches: 5  Memory Usage: 4145kB  Disk Usage: 1744kB
                    Buffers: shared hit=541, temp read=201 written=362
                    ->  Seq Scan on activity t_activity_0  (cost=0.00..1541.00 rows=100000 width=12) (actual rows=100000 loops=1)
                          Buffers: shared hit=541
Planning:
  Buffers: shared hit=3
Planning Time: 0.197 ms
Execution Time: 256.494 ms",247.7152,247.224,254.4155,258.1568,3192.89,3192.89,100000,100000,100000,100000
268,534,136,Medium,"SELECT b.player_id AS player_id, b.event_date AS event_date, SUM(b.games_played) OVER ( PARTITION BY b.player_id ORDER BY b.event_date ASC ) AS games_played_so_far from schema_534.activity AS b GROUP BY b.player_id,b.event_date",162.67,3005.39,100000,"WindowAgg  (cost=2805.39..3005.39 rows=10000 width=16) (actual rows=100000 loops=1)
  Buffers: shared hit=541, temp read=471 written=633
  ->  Sort  (cost=2805.39..2830.39 rows=10000 width=12) (actual rows=100000 loops=1)
        Sort Key: player_id, event_date
        Sort Method: external merge  Disk: 2160kB
        Buffers: shared hit=541, temp read=471 written=633
        ->  HashAggregate  (cost=2041.00..2141.00 rows=10000 width=12) (actual rows=100000 loops=1)
              Group Key: player_id, event_date
              Batches: 5  Memory Usage: 4145kB  Disk Usage: 1744kB
              Buffers: shared hit=541, temp read=201 written=362
              ->  Seq Scan on activity b  (cost=0.00..1541.00 rows=100000 width=12) (actual rows=100000 loops=1)
                    Buffers: shared hit=541
Planning:
  Buffers: shared hit=3
Planning Time: 0.085 ms
Execution Time: 162.670 ms",169.009,3005.39,100000,"WindowAgg  (cost=2805.39..3005.39 rows=10000 width=16) (actual rows=100000 loops=1)
  Buffers: shared hit=541, temp read=471 written=633
  ->  Sort  (cost=2805.39..2830.39 rows=10000 width=12) (actual rows=100000 loops=1)
        Sort Key: player_id, event_date
        Sort Method: external merge  Disk: 2160kB
        Buffers: shared hit=541, temp read=471 written=633
        ->  HashAggregate  (cost=2041.00..2141.00 rows=10000 width=12) (actual rows=100000 loops=1)
              Group Key: player_id, event_date
              Batches: 5  Memory Usage: 4145kB  Disk Usage: 1744kB
              Buffers: shared hit=541, temp read=201 written=362
              ->  Seq Scan on activity b  (cost=0.00..1541.00 rows=100000 width=12) (actual rows=100000 loops=1)
                    Buffers: shared hit=541
Planning:
  Buffers: shared hit=3
Planning Time: 0.165 ms
Execution Time: 169.009 ms",172.828,3005.39,100000,"WindowAgg  (cost=2805.39..3005.39 rows=10000 width=16) (actual rows=100000 loops=1)
  Buffers: shared hit=541, temp read=471 written=633
  ->  Sort  (cost=2805.39..2830.39 rows=10000 width=12) (actual rows=100000 loops=1)
        Sort Key: player_id, event_date
        Sort Method: external merge  Disk: 2160kB
        Buffers: shared hit=541, temp read=471 written=633
        ->  HashAggregate  (cost=2041.00..2141.00 rows=10000 width=12) (actual rows=100000 loops=1)
              Group Key: player_id, event_date
              Batches: 5  Memory Usage: 4145kB  Disk Usage: 1744kB
              Buffers: shared hit=541, temp read=201 written=362
              ->  Seq Scan on activity b  (cost=0.00..1541.00 rows=100000 width=12) (actual rows=100000 loops=1)
                    Buffers: shared hit=541
Planning:
  Buffers: shared hit=3
Planning Time: 0.106 ms
Execution Time: 172.828 ms",174.78,3005.39,100000,"WindowAgg  (cost=2805.39..3005.39 rows=10000 width=16) (actual rows=100000 loops=1)
  Buffers: shared hit=541, temp read=471 written=633
  ->  Sort  (cost=2805.39..2830.39 rows=10000 width=12) (actual rows=100000 loops=1)
        Sort Key: player_id, event_date
        Sort Method: external merge  Disk: 2160kB
        Buffers: shared hit=541, temp read=471 written=633
        ->  HashAggregate  (cost=2041.00..2141.00 rows=10000 width=12) (actual rows=100000 loops=1)
              Group Key: player_id, event_date
              Batches: 5  Memory Usage: 4145kB  Disk Usage: 1744kB
              Buffers: shared hit=541, temp read=201 written=362
              ->  Seq Scan on activity b  (cost=0.00..1541.00 rows=100000 width=12) (actual rows=100000 loops=1)
                    Buffers: shared hit=541
Planning:
  Buffers: shared hit=3
Planning Time: 0.093 ms
Execution Time: 174.780 ms",178.988,3005.39,100000,"WindowAgg  (cost=2805.39..3005.39 rows=10000 width=16) (actual rows=100000 loops=1)
  Buffers: shared hit=541, temp read=471 written=633
  ->  Sort  (cost=2805.39..2830.39 rows=10000 width=12) (actual rows=100000 loops=1)
        Sort Key: player_id, event_date
        Sort Method: external merge  Disk: 2160kB
        Buffers: shared hit=541, temp read=471 written=633
        ->  HashAggregate  (cost=2041.00..2141.00 rows=10000 width=12) (actual rows=100000 loops=1)
              Group Key: player_id, event_date
              Batches: 5  Memory Usage: 4145kB  Disk Usage: 1744kB
              Buffers: shared hit=541, temp read=201 written=362
              ->  Seq Scan on activity b  (cost=0.00..1541.00 rows=100000 width=12) (actual rows=100000 loops=1)
                    Buffers: shared hit=541
Planning:
  Buffers: shared hit=3
Planning Time: 0.091 ms
Execution Time: 178.988 ms",171.655,172.828,176.884,180.6712,3005.39,3005.39,100000,100000,100000,100000
275,534,163,Medium,"SELECT T_activity_0.player_id AS player_id, T_activity_0.event_date AS event_date, SUM(T_activity_0.games_played) OVER ( PARTITION BY T_activity_0.player_id ORDER BY T_activity_0.event_date ASC ) AS games_played_so_far from schema_534.activity AS T_activity_0",93.912,6722.28,100000,"WindowAgg  (cost=0.29..6722.28 rows=100000 width=16) (actual rows=100000 loops=1)
  Buffers: shared hit=100137
  ->  Index Scan using activity_pkey on activity t_activity_0  (cost=0.29..4972.28 rows=100000 width=12) (actual rows=100000 loops=1)
        Buffers: shared hit=100137
Planning Time: 0.053 ms
Execution Time: 93.912 ms",104.843,6722.28,100000,"WindowAgg  (cost=0.29..6722.28 rows=100000 width=16) (actual rows=100000 loops=1)
  Buffers: shared hit=100137
  ->  Index Scan using activity_pkey on activity t_activity_0  (cost=0.29..4972.28 rows=100000 width=12) (actual rows=100000 loops=1)
        Buffers: shared hit=100137
Planning Time: 0.095 ms
Execution Time: 104.843 ms",100.764,6722.28,100000,"WindowAgg  (cost=0.29..6722.28 rows=100000 width=16) (actual rows=100000 loops=1)
  Buffers: shared hit=100137
  ->  Index Scan using activity_pkey on activity t_activity_0  (cost=0.29..4972.28 rows=100000 width=12) (actual rows=100000 loops=1)
        Buffers: shared hit=100137
Planning Time: 0.067 ms
Execution Time: 100.764 ms",104.286,6722.28,100000,"WindowAgg  (cost=0.29..6722.28 rows=100000 width=16) (actual rows=100000 loops=1)
  Buffers: shared hit=100137
  ->  Index Scan using activity_pkey on activity t_activity_0  (cost=0.29..4972.28 rows=100000 width=12) (actual rows=100000 loops=1)
        Buffers: shared hit=100137
Planning Time: 0.073 ms
Execution Time: 104.286 ms",100.191,6722.28,100000,"WindowAgg  (cost=0.29..6722.28 rows=100000 width=16) (actual rows=100000 loops=1)
  Buffers: shared hit=100137
  ->  Index Scan using activity_pkey on activity t_activity_0  (cost=0.29..4972.28 rows=100000 width=12) (actual rows=100000 loops=1)
        Buffers: shared hit=100137
Planning Time: 0.060 ms
Execution Time: 100.191 ms",100.7992,100.764,104.5645,105.0658,6722.28,6722.28,100000,100000,100000,100000
279,534,212,Medium,"SELECT t2.player_id AS player_id, t2.event_date AS event_date, SUM(t2.games_played) OVER ( PARTITION BY t2.player_id ORDER BY t2.event_date ASC ) AS games_played_so_far from schema_534.activity AS t2 GROUP BY t2.event_date,t2.player_id",164.02,3005.39,100000,"WindowAgg  (cost=2805.39..3005.39 rows=10000 width=16) (actual rows=100000 loops=1)
  Buffers: shared hit=541, temp read=471 written=633
  ->  Sort  (cost=2805.39..2830.39 rows=10000 width=12) (actual rows=100000 loops=1)
        Sort Key: player_id, event_date
        Sort Method: external merge  Disk: 2160kB
        Buffers: shared hit=541, temp read=471 written=633
        ->  HashAggregate  (cost=2041.00..2141.00 rows=10000 width=12) (actual rows=100000 loops=1)
              Group Key: event_date, player_id
              Batches: 5  Memory Usage: 4145kB  Disk Usage: 1744kB
              Buffers: shared hit=541, temp read=201 written=362
              ->  Seq Scan on activity t2  (cost=0.00..1541.00 rows=100000 width=12) (actual rows=100000 loops=1)
                    Buffers: shared hit=541
Planning:
  Buffers: shared hit=3
Planning Time: 0.083 ms
Execution Time: 164.020 ms",174.765,3005.39,100000,"WindowAgg  (cost=2805.39..3005.39 rows=10000 width=16) (actual rows=100000 loops=1)
  Buffers: shared hit=541, temp read=471 written=633
  ->  Sort  (cost=2805.39..2830.39 rows=10000 width=12) (actual rows=100000 loops=1)
        Sort Key: player_id, event_date
        Sort Method: external merge  Disk: 2160kB
        Buffers: shared hit=541, temp read=471 written=633
        ->  HashAggregate  (cost=2041.00..2141.00 rows=10000 width=12) (actual rows=100000 loops=1)
              Group Key: event_date, player_id
              Batches: 5  Memory Usage: 4145kB  Disk Usage: 1744kB
              Buffers: shared hit=541, temp read=201 written=362
              ->  Seq Scan on activity t2  (cost=0.00..1541.00 rows=100000 width=12) (actual rows=100000 loops=1)
                    Buffers: shared hit=541
Planning:
  Buffers: shared hit=3
Planning Time: 0.181 ms
Execution Time: 174.765 ms",175.92,3005.39,100000,"WindowAgg  (cost=2805.39..3005.39 rows=10000 width=16) (actual rows=100000 loops=1)
  Buffers: shared hit=541, temp read=471 written=633
  ->  Sort  (cost=2805.39..2830.39 rows=10000 width=12) (actual rows=100000 loops=1)
        Sort Key: player_id, event_date
        Sort Method: external merge  Disk: 2160kB
        Buffers: shared hit=541, temp read=471 written=633
        ->  HashAggregate  (cost=2041.00..2141.00 rows=10000 width=12) (actual rows=100000 loops=1)
              Group Key: event_date, player_id
              Batches: 5  Memory Usage: 4145kB  Disk Usage: 1744kB
              Buffers: shared hit=541, temp read=201 written=362
              ->  Seq Scan on activity t2  (cost=0.00..1541.00 rows=100000 width=12) (actual rows=100000 loops=1)
                    Buffers: shared hit=541
Planning:
  Buffers: shared hit=3
Planning Time: 0.093 ms
Execution Time: 175.920 ms",170.515,3005.39,100000,"WindowAgg  (cost=2805.39..3005.39 rows=10000 width=16) (actual rows=100000 loops=1)
  Buffers: shared hit=541, temp read=471 written=633
  ->  Sort  (cost=2805.39..2830.39 rows=10000 width=12) (actual rows=100000 loops=1)
        Sort Key: player_id, event_date
        Sort Method: external merge  Disk: 2160kB
        Buffers: shared hit=541, temp read=471 written=633
        ->  HashAggregate  (cost=2041.00..2141.00 rows=10000 width=12) (actual rows=100000 loops=1)
              Group Key: event_date, player_id
              Batches: 5  Memory Usage: 4145kB  Disk Usage: 1744kB
              Buffers: shared hit=541, temp read=201 written=362
              ->  Seq Scan on activity t2  (cost=0.00..1541.00 rows=100000 width=12) (actual rows=100000 loops=1)
                    Buffers: shared hit=541
Planning:
  Buffers: shared hit=3
Planning Time: 0.135 ms
Execution Time: 170.515 ms",173.92,3005.39,100000,"WindowAgg  (cost=2805.39..3005.39 rows=10000 width=16) (actual rows=100000 loops=1)
  Buffers: shared hit=541, temp read=471 written=633
  ->  Sort  (cost=2805.39..2830.39 rows=10000 width=12) (actual rows=100000 loops=1)
        Sort Key: player_id, event_date
        Sort Method: external merge  Disk: 2160kB
        Buffers: shared hit=541, temp read=471 written=633
        ->  HashAggregate  (cost=2041.00..2141.00 rows=10000 width=12) (actual rows=100000 loops=1)
              Group Key: event_date, player_id
              Batches: 5  Memory Usage: 4145kB  Disk Usage: 1744kB
              Buffers: shared hit=541, temp read=201 written=362
              ->  Seq Scan on activity t2  (cost=0.00..1541.00 rows=100000 width=12) (actual rows=100000 loops=1)
                    Buffers: shared hit=541
Planning:
  Buffers: shared hit=3
Planning Time: 0.094 ms
Execution Time: 173.920 ms",171.828,173.92,175.3425,176.382,3005.39,3005.39,100000,100000,100000,100000
280,534,213,Medium,"SELECT t2.player_id AS player_id, t2.event_date AS event_date, SUM(t2.games_played) OVER ( PARTITION BY t2.player_id ORDER BY t2.event_date ASC ) AS games_played_so_far from schema_534.activity AS t2 GROUP BY t2.event_date,t2.player_id",161.185,3005.39,100000,"WindowAgg  (cost=2805.39..3005.39 rows=10000 width=16) (actual rows=100000 loops=1)
  Buffers: shared hit=541, temp read=471 written=633
  ->  Sort  (cost=2805.39..2830.39 rows=10000 width=12) (actual rows=100000 loops=1)
        Sort Key: player_id, event_date
        Sort Method: external merge  Disk: 2160kB
        Buffers: shared hit=541, temp read=471 written=633
        ->  HashAggregate  (cost=2041.00..2141.00 rows=10000 width=12) (actual rows=100000 loops=1)
              Group Key: event_date, player_id
              Batches: 5  Memory Usage: 4145kB  Disk Usage: 1744kB
              Buffers: shared hit=541, temp read=201 written=362
              ->  Seq Scan on activity t2  (cost=0.00..1541.00 rows=100000 width=12) (actual rows=100000 loops=1)
                    Buffers: shared hit=541
Planning:
  Buffers: shared hit=3
Planning Time: 0.054 ms
Execution Time: 161.185 ms",171.745,3005.39,100000,"WindowAgg  (cost=2805.39..3005.39 rows=10000 width=16) (actual rows=100000 loops=1)
  Buffers: shared hit=541, temp read=471 written=633
  ->  Sort  (cost=2805.39..2830.39 rows=10000 width=12) (actual rows=100000 loops=1)
        Sort Key: player_id, event_date
        Sort Method: external merge  Disk: 2160kB
        Buffers: shared hit=541, temp read=471 written=633
        ->  HashAggregate  (cost=2041.00..2141.00 rows=10000 width=12) (actual rows=100000 loops=1)
              Group Key: event_date, player_id
              Batches: 5  Memory Usage: 4145kB  Disk Usage: 1744kB
              Buffers: shared hit=541, temp read=201 written=362
              ->  Seq Scan on activity t2  (cost=0.00..1541.00 rows=100000 width=12) (actual rows=100000 loops=1)
                    Buffers: shared hit=541
Planning:
  Buffers: shared hit=3
Planning Time: 0.080 ms
Execution Time: 171.745 ms",174.524,3005.39,100000,"WindowAgg  (cost=2805.39..3005.39 rows=10000 width=16) (actual rows=100000 loops=1)
  Buffers: shared hit=541, temp read=471 written=633
  ->  Sort  (cost=2805.39..2830.39 rows=10000 width=12) (actual rows=100000 loops=1)
        Sort Key: player_id, event_date
        Sort Method: external merge  Disk: 2160kB
        Buffers: shared hit=541, temp read=471 written=633
        ->  HashAggregate  (cost=2041.00..2141.00 rows=10000 width=12) (actual rows=100000 loops=1)
              Group Key: event_date, player_id
              Batches: 5  Memory Usage: 4145kB  Disk Usage: 1744kB
              Buffers: shared hit=541, temp read=201 written=362
              ->  Seq Scan on activity t2  (cost=0.00..1541.00 rows=100000 width=12) (actual rows=100000 loops=1)
                    Buffers: shared hit=541
Planning:
  Buffers: shared hit=3
Planning Time: 0.087 ms
Execution Time: 174.524 ms",169.247,3005.39,100000,"WindowAgg  (cost=2805.39..3005.39 rows=10000 width=16) (actual rows=100000 loops=1)
  Buffers: shared hit=541, temp read=471 written=633
  ->  Sort  (cost=2805.39..2830.39 rows=10000 width=12) (actual rows=100000 loops=1)
        Sort Key: player_id, event_date
        Sort Method: external merge  Disk: 2160kB
        Buffers: shared hit=541, temp read=471 written=633
        ->  HashAggregate  (cost=2041.00..2141.00 rows=10000 width=12) (actual rows=100000 loops=1)
              Group Key: event_date, player_id
              Batches: 5  Memory Usage: 4145kB  Disk Usage: 1744kB
              Buffers: shared hit=541, temp read=201 written=362
              ->  Seq Scan on activity t2  (cost=0.00..1541.00 rows=100000 width=12) (actual rows=100000 loops=1)
                    Buffers: shared hit=541
Planning:
  Buffers: shared hit=3
Planning Time: 0.087 ms
Execution Time: 169.247 ms",173.114,3005.39,100000,"WindowAgg  (cost=2805.39..3005.39 rows=10000 width=16) (actual rows=100000 loops=1)
  Buffers: shared hit=541, temp read=471 written=633
  ->  Sort  (cost=2805.39..2830.39 rows=10000 width=12) (actual rows=100000 loops=1)
        Sort Key: player_id, event_date
        Sort Method: external merge  Disk: 2160kB
        Buffers: shared hit=541, temp read=471 written=633
        ->  HashAggregate  (cost=2041.00..2141.00 rows=10000 width=12) (actual rows=100000 loops=1)
              Group Key: event_date, player_id
              Batches: 5  Memory Usage: 4145kB  Disk Usage: 1744kB
              Buffers: shared hit=541, temp read=201 written=362
              ->  Seq Scan on activity t2  (cost=0.00..1541.00 rows=100000 width=12) (actual rows=100000 loops=1)
                    Buffers: shared hit=541
Planning:
  Buffers: shared hit=3
Planning Time: 0.101 ms
Execution Time: 173.114 ms",169.963,171.745,173.819,175.088,3005.39,3005.39,100000,100000,100000,100000
281,534,215,Medium,"SELECT t1.player_id AS player_id, t1.event_date AS event_date, SUM(t1.games_played) OVER ( PARTITION BY t1.player_id ORDER BY t1.event_date ASC ) AS games_played_so_far from schema_534.activity AS t1 GROUP BY t1.player_id,t1.event_date",163.934,3005.39,100000,"WindowAgg  (cost=2805.39..3005.39 rows=10000 width=16) (actual rows=100000 loops=1)
  Buffers: shared hit=541, temp read=471 written=633
  ->  Sort  (cost=2805.39..2830.39 rows=10000 width=12) (actual rows=100000 loops=1)
        Sort Key: player_id, event_date
        Sort Method: external merge  Disk: 2160kB
        Buffers: shared hit=541, temp read=471 written=633
        ->  HashAggregate  (cost=2041.00..2141.00 rows=10000 width=12) (actual rows=100000 loops=1)
              Group Key: player_id, event_date
              Batches: 5  Memory Usage: 4145kB  Disk Usage: 1744kB
              Buffers: shared hit=541, temp read=201 written=362
              ->  Seq Scan on activity t1  (cost=0.00..1541.00 rows=100000 width=12) (actual rows=100000 loops=1)
                    Buffers: shared hit=541
Planning:
  Buffers: shared hit=3
Planning Time: 0.058 ms
Execution Time: 163.934 ms",170.939,3005.39,100000,"WindowAgg  (cost=2805.39..3005.39 rows=10000 width=16) (actual rows=100000 loops=1)
  Buffers: shared hit=541, temp read=471 written=633
  ->  Sort  (cost=2805.39..2830.39 rows=10000 width=12) (actual rows=100000 loops=1)
        Sort Key: player_id, event_date
        Sort Method: external merge  Disk: 2160kB
        Buffers: shared hit=541, temp read=471 written=633
        ->  HashAggregate  (cost=2041.00..2141.00 rows=10000 width=12) (actual rows=100000 loops=1)
              Group Key: player_id, event_date
              Batches: 5  Memory Usage: 4145kB  Disk Usage: 1744kB
              Buffers: shared hit=541, temp read=201 written=362
              ->  Seq Scan on activity t1  (cost=0.00..1541.00 rows=100000 width=12) (actual rows=100000 loops=1)
                    Buffers: shared hit=541
Planning:
  Buffers: shared hit=3
Planning Time: 0.099 ms
Execution Time: 170.939 ms",177.319,3005.39,100000,"WindowAgg  (cost=2805.39..3005.39 rows=10000 width=16) (actual rows=100000 loops=1)
  Buffers: shared hit=541, temp read=471 written=633
  ->  Sort  (cost=2805.39..2830.39 rows=10000 width=12) (actual rows=100000 loops=1)
        Sort Key: player_id, event_date
        Sort Method: external merge  Disk: 2160kB
        Buffers: shared hit=541, temp read=471 written=633
        ->  HashAggregate  (cost=2041.00..2141.00 rows=10000 width=12) (actual rows=100000 loops=1)
              Group Key: player_id, event_date
              Batches: 5  Memory Usage: 4145kB  Disk Usage: 1744kB
              Buffers: shared hit=541, temp read=201 written=362
              ->  Seq Scan on activity t1  (cost=0.00..1541.00 rows=100000 width=12) (actual rows=100000 loops=1)
                    Buffers: shared hit=541
Planning:
  Buffers: shared hit=3
Planning Time: 0.135 ms
Execution Time: 177.319 ms",169.072,3005.39,100000,"WindowAgg  (cost=2805.39..3005.39 rows=10000 width=16) (actual rows=100000 loops=1)
  Buffers: shared hit=541, temp read=471 written=633
  ->  Sort  (cost=2805.39..2830.39 rows=10000 width=12) (actual rows=100000 loops=1)
        Sort Key: player_id, event_date
        Sort Method: external merge  Disk: 2160kB
        Buffers: shared hit=541, temp read=471 written=633
        ->  HashAggregate  (cost=2041.00..2141.00 rows=10000 width=12) (actual rows=100000 loops=1)
              Group Key: player_id, event_date
              Batches: 5  Memory Usage: 4145kB  Disk Usage: 1744kB
              Buffers: shared hit=541, temp read=201 written=362
              ->  Seq Scan on activity t1  (cost=0.00..1541.00 rows=100000 width=12) (actual rows=100000 loops=1)
                    Buffers: shared hit=541
Planning:
  Buffers: shared hit=3
Planning Time: 0.096 ms
Execution Time: 169.072 ms",171.174,3005.39,100000,"WindowAgg  (cost=2805.39..3005.39 rows=10000 width=16) (actual rows=100000 loops=1)
  Buffers: shared hit=541, temp read=471 written=633
  ->  Sort  (cost=2805.39..2830.39 rows=10000 width=12) (actual rows=100000 loops=1)
        Sort Key: player_id, event_date
        Sort Method: external merge  Disk: 2160kB
        Buffers: shared hit=541, temp read=471 written=633
        ->  HashAggregate  (cost=2041.00..2141.00 rows=10000 width=12) (actual rows=100000 loops=1)
              Group Key: player_id, event_date
              Batches: 5  Memory Usage: 4145kB  Disk Usage: 1744kB
              Buffers: shared hit=541, temp read=201 written=362
              ->  Seq Scan on activity t1  (cost=0.00..1541.00 rows=100000 width=12) (actual rows=100000 loops=1)
                    Buffers: shared hit=541
Planning:
  Buffers: shared hit=3
Planning Time: 0.085 ms
Execution Time: 171.174 ms",170.4876,170.939,174.2465,179.777,3005.39,3005.39,100000,100000,100000,100000
290,570,85,Medium,"select t_cte_14.c_name0 as name from (select t_employee_1.name as c_name0, t_employee_1.id as c_id0 from schema_570.employee as t_employee_1) as t_cte_14 inner join (select count(t_employee_0.id) as c_count0, t_employee_0.managerid as c_managerid0 from schema_570.employee as t_employee_0 group by t_employee_0.managerid) as t_cte_6 on t_cte_6.c_managerid0 = t_cte_14.c_id0 where 5 <= t_cte_6.c_count0",45.099,4489.24,10819,"Hash Join  (cost=2528.73..4489.24 rows=5512 width=9) (actual rows=10819 loops=1)
  Hash Cond: (t_employee_1.id = t_cte_6.c_managerid0)
  Buffers: shared hit=1396
  ->  Seq Scan on employee t_employee_1  (cost=0.00..1698.00 rows=100000 width=13) (actual rows=100000 loops=1)
        Buffers: shared hit=698
  ->  Hash  (cost=2459.83..2459.83 rows=5512 width=4) (actual rows=10819 loops=1)
        Buckets: 16384 (originally 8192)  Batches: 1 (originally 1)  Memory Usage: 509kB
        Buffers: shared hit=698
        ->  Subquery Scan on t_cte_6  (cost=2198.00..2459.83 rows=5512 width=4) (actual rows=10819 loops=1)
              Buffers: shared hit=698
              ->  HashAggregate  (cost=2198.00..2404.71 rows=5512 width=12) (actual rows=10819 loops=1)
                    Group Key: t_employee_0.managerid
                    Filter: (5 <= count(t_employee_0.id))
                    Batches: 1  Memory Usage: 2321kB
                    Rows Removed by Filter: 7196
                    Buffers: shared hit=698
                    ->  Seq Scan on employee t_employee_0  (cost=0.00..1698.00 rows=100000 width=8) (actual rows=100000 loops=1)
                          Buffers: shared hit=698
Planning Time: 0.171 ms
Execution Time: 45.099 ms",49.545,4489.24,10819,"Hash Join  (cost=2528.73..4489.24 rows=5512 width=9) (actual rows=10819 loops=1)
  Hash Cond: (t_employee_1.id = t_cte_6.c_managerid0)
  Buffers: shared hit=1396
  ->  Seq Scan on employee t_employee_1  (cost=0.00..1698.00 rows=100000 width=13) (actual rows=100000 loops=1)
        Buffers: shared hit=698
  ->  Hash  (cost=2459.83..2459.83 rows=5512 width=4) (actual rows=10819 loops=1)
        Buckets: 16384 (originally 8192)  Batches: 1 (originally 1)  Memory Usage: 509kB
        Buffers: shared hit=698
        ->  Subquery Scan on t_cte_6  (cost=2198.00..2459.83 rows=5512 width=4) (actual rows=10819 loops=1)
              Buffers: shared hit=698
              ->  HashAggregate  (cost=2198.00..2404.71 rows=5512 width=12) (actual rows=10819 loops=1)
                    Group Key: t_employee_0.managerid
                    Filter: (5 <= count(t_employee_0.id))
                    Batches: 1  Memory Usage: 2321kB
                    Rows Removed by Filter: 7196
                    Buffers: shared hit=698
                    ->  Seq Scan on employee t_employee_0  (cost=0.00..1698.00 rows=100000 width=8) (actual rows=100000 loops=1)
                          Buffers: shared hit=698
Planning Time: 0.122 ms
Execution Time: 49.545 ms",52.261,4489.24,10819,"Hash Join  (cost=2528.73..4489.24 rows=5512 width=9) (actual rows=10819 loops=1)
  Hash Cond: (t_employee_1.id = t_cte_6.c_managerid0)
  Buffers: shared hit=1396
  ->  Seq Scan on employee t_employee_1  (cost=0.00..1698.00 rows=100000 width=13) (actual rows=100000 loops=1)
        Buffers: shared hit=698
  ->  Hash  (cost=2459.83..2459.83 rows=5512 width=4) (actual rows=10819 loops=1)
        Buckets: 16384 (originally 8192)  Batches: 1 (originally 1)  Memory Usage: 509kB
        Buffers: shared hit=698
        ->  Subquery Scan on t_cte_6  (cost=2198.00..2459.83 rows=5512 width=4) (actual rows=10819 loops=1)
              Buffers: shared hit=698
              ->  HashAggregate  (cost=2198.00..2404.71 rows=5512 width=12) (actual rows=10819 loops=1)
                    Group Key: t_employee_0.managerid
                    Filter: (5 <= count(t_employee_0.id))
                    Batches: 1  Memory Usage: 2321kB
                    Rows Removed by Filter: 7196
                    Buffers: shared hit=698
                    ->  Seq Scan on employee t_employee_0  (cost=0.00..1698.00 rows=100000 width=8) (actual rows=100000 loops=1)
                          Buffers: shared hit=698
Planning Time: 0.176 ms
Execution Time: 52.261 ms",53.174,4489.24,10819,"Hash Join  (cost=2528.73..4489.24 rows=5512 width=9) (actual rows=10819 loops=1)
  Hash Cond: (t_employee_1.id = t_cte_6.c_managerid0)
  Buffers: shared hit=1396
  ->  Seq Scan on employee t_employee_1  (cost=0.00..1698.00 rows=100000 width=13) (actual rows=100000 loops=1)
        Buffers: shared hit=698
  ->  Hash  (cost=2459.83..2459.83 rows=5512 width=4) (actual rows=10819 loops=1)
        Buckets: 16384 (originally 8192)  Batches: 1 (originally 1)  Memory Usage: 509kB
        Buffers: shared hit=698
        ->  Subquery Scan on t_cte_6  (cost=2198.00..2459.83 rows=5512 width=4) (actual rows=10819 loops=1)
              Buffers: shared hit=698
              ->  HashAggregate  (cost=2198.00..2404.71 rows=5512 width=12) (actual rows=10819 loops=1)
                    Group Key: t_employee_0.managerid
                    Filter: (5 <= count(t_employee_0.id))
                    Batches: 1  Memory Usage: 2321kB
                    Rows Removed by Filter: 7196
                    Buffers: shared hit=698
                    ->  Seq Scan on employee t_employee_0  (cost=0.00..1698.00 rows=100000 width=8) (actual rows=100000 loops=1)
                          Buffers: shared hit=698
Planning Time: 0.193 ms
Execution Time: 53.174 ms",52.84,4489.24,10819,"Hash Join  (cost=2528.73..4489.24 rows=5512 width=9) (actual rows=10819 loops=1)
  Hash Cond: (t_employee_1.id = t_cte_6.c_managerid0)
  Buffers: shared hit=1396
  ->  Seq Scan on employee t_employee_1  (cost=0.00..1698.00 rows=100000 width=13) (actual rows=100000 loops=1)
        Buffers: shared hit=698
  ->  Hash  (cost=2459.83..2459.83 rows=5512 width=4) (actual rows=10819 loops=1)
        Buckets: 16384 (originally 8192)  Batches: 1 (originally 1)  Memory Usage: 509kB
        Buffers: shared hit=698
        ->  Subquery Scan on t_cte_6  (cost=2198.00..2459.83 rows=5512 width=4) (actual rows=10819 loops=1)
              Buffers: shared hit=698
              ->  HashAggregate  (cost=2198.00..2404.71 rows=5512 width=12) (actual rows=10819 loops=1)
                    Group Key: t_employee_0.managerid
                    Filter: (5 <= count(t_employee_0.id))
                    Batches: 1  Memory Usage: 2321kB
                    Rows Removed by Filter: 7196
                    Buffers: shared hit=698
                    ->  Seq Scan on employee t_employee_0  (cost=0.00..1698.00 rows=100000 width=8) (actual rows=100000 loops=1)
                          Buffers: shared hit=698
Planning Time: 0.184 ms
Execution Time: 52.840 ms",50.5838,52.261,53.007,53.3076,4489.24,4489.24,10819,10819,10819,10819
291,570,88,Medium,"select e1.name as name from schema_570.employee as e1 left join schema_570.employee as e2 on e2.managerid = e1.id group by e1.id,e1.name having 5 <= count(e2.id)",170.035,16277.89,10819,"HashAggregate  (cost=13856.01..16277.89 rows=33333 width=13) (actual rows=10819 loops=1)
  Group Key: e1.id
  Filter: (5 <= count(e2.id))
  Planned Partitions: 4  Batches: 5  Memory Usage: 4145kB  Disk Usage: 6936kB
  Rows Removed by Filter: 89181
  Buffers: shared hit=1396, temp read=885 written=1616
  ->  Hash Right Join  (cost=3437.00..6668.51 rows=100000 width=17) (actual rows=181985 loops=1)
        Hash Cond: (e2.managerid = e1.id)
        Buffers: shared hit=1396, temp read=388 written=388
        ->  Seq Scan on employee e2  (cost=0.00..1698.00 rows=100000 width=8) (actual rows=100000 loops=1)
              Buffers: shared hit=698
        ->  Hash  (cost=1698.00..1698.00 rows=100000 width=13) (actual rows=100000 loops=1)
              Buckets: 131072  Batches: 2  Memory Usage: 3372kB
              Buffers: shared hit=698, temp written=219
              ->  Seq Scan on employee e1  (cost=0.00..1698.00 rows=100000 width=13) (actual rows=100000 loops=1)
                    Buffers: shared hit=698
Planning:
  Buffers: shared hit=9
Planning Time: 0.138 ms
Execution Time: 170.035 ms",180.53,16277.89,10819,"HashAggregate  (cost=13856.01..16277.89 rows=33333 width=13) (actual rows=10819 loops=1)
  Group Key: e1.id
  Filter: (5 <= count(e2.id))
  Planned Partitions: 4  Batches: 5  Memory Usage: 4145kB  Disk Usage: 6936kB
  Rows Removed by Filter: 89181
  Buffers: shared hit=1396, temp read=885 written=1616
  ->  Hash Right Join  (cost=3437.00..6668.51 rows=100000 width=17) (actual rows=181985 loops=1)
        Hash Cond: (e2.managerid = e1.id)
        Buffers: shared hit=1396, temp read=388 written=388
        ->  Seq Scan on employee e2  (cost=0.00..1698.00 rows=100000 width=8) (actual rows=100000 loops=1)
              Buffers: shared hit=698
        ->  Hash  (cost=1698.00..1698.00 rows=100000 width=13) (actual rows=100000 loops=1)
              Buckets: 131072  Batches: 2  Memory Usage: 3372kB
              Buffers: shared hit=698, temp written=219
              ->  Seq Scan on employee e1  (cost=0.00..1698.00 rows=100000 width=13) (actual rows=100000 loops=1)
                    Buffers: shared hit=698
Planning:
  Buffers: shared hit=9
Planning Time: 0.181 ms
Execution Time: 180.530 ms",179.985,16277.89,10819,"HashAggregate  (cost=13856.01..16277.89 rows=33333 width=13) (actual rows=10819 loops=1)
  Group Key: e1.id
  Filter: (5 <= count(e2.id))
  Planned Partitions: 4  Batches: 5  Memory Usage: 4145kB  Disk Usage: 6936kB
  Rows Removed by Filter: 89181
  Buffers: shared hit=1396, temp read=885 written=1616
  ->  Hash Right Join  (cost=3437.00..6668.51 rows=100000 width=17) (actual rows=181985 loops=1)
        Hash Cond: (e2.managerid = e1.id)
        Buffers: shared hit=1396, temp read=388 written=388
        ->  Seq Scan on employee e2  (cost=0.00..1698.00 rows=100000 width=8) (actual rows=100000 loops=1)
              Buffers: shared hit=698
        ->  Hash  (cost=1698.00..1698.00 rows=100000 width=13) (actual rows=100000 loops=1)
              Buckets: 131072  Batches: 2  Memory Usage: 3372kB
              Buffers: shared hit=698, temp written=219
              ->  Seq Scan on employee e1  (cost=0.00..1698.00 rows=100000 width=13) (actual rows=100000 loops=1)
                    Buffers: shared hit=698
Planning:
  Buffers: shared hit=9
Planning Time: 0.206 ms
Execution Time: 179.985 ms",180.482,16277.89,10819,"HashAggregate  (cost=13856.01..16277.89 rows=33333 width=13) (actual rows=10819 loops=1)
  Group Key: e1.id
  Filter: (5 <= count(e2.id))
  Planned Partitions: 4  Batches: 5  Memory Usage: 4145kB  Disk Usage: 6936kB
  Rows Removed by Filter: 89181
  Buffers: shared hit=1396, temp read=885 written=1616
  ->  Hash Right Join  (cost=3437.00..6668.51 rows=100000 width=17) (actual rows=181985 loops=1)
        Hash Cond: (e2.managerid = e1.id)
        Buffers: shared hit=1396, temp read=388 written=388
        ->  Seq Scan on employee e2  (cost=0.00..1698.00 rows=100000 width=8) (actual rows=100000 loops=1)
              Buffers: shared hit=698
        ->  Hash  (cost=1698.00..1698.00 rows=100000 width=13) (actual rows=100000 loops=1)
              Buckets: 131072  Batches: 2  Memory Usage: 3372kB
              Buffers: shared hit=698, temp written=219
              ->  Seq Scan on employee e1  (cost=0.00..1698.00 rows=100000 width=13) (actual rows=100000 loops=1)
                    Buffers: shared hit=698
Planning:
  Buffers: shared hit=9
Planning Time: 0.226 ms
Execution Time: 180.482 ms",180.799,16277.89,10819,"HashAggregate  (cost=13856.01..16277.89 rows=33333 width=13) (actual rows=10819 loops=1)
  Group Key: e1.id
  Filter: (5 <= count(e2.id))
  Planned Partitions: 4  Batches: 5  Memory Usage: 4145kB  Disk Usage: 6936kB
  Rows Removed by Filter: 89181
  Buffers: shared hit=1396, temp read=885 written=1616
  ->  Hash Right Join  (cost=3437.00..6668.51 rows=100000 width=17) (actual rows=181985 loops=1)
        Hash Cond: (e2.managerid = e1.id)
        Buffers: shared hit=1396, temp read=388 written=388
        ->  Seq Scan on employee e2  (cost=0.00..1698.00 rows=100000 width=8) (actual rows=100000 loops=1)
              Buffers: shared hit=698
        ->  Hash  (cost=1698.00..1698.00 rows=100000 width=13) (actual rows=100000 loops=1)
              Buckets: 131072  Batches: 2  Memory Usage: 3372kB
              Buffers: shared hit=698, temp written=219
              ->  Seq Scan on employee e1  (cost=0.00..1698.00 rows=100000 width=13) (actual rows=100000 loops=1)
                    Buffers: shared hit=698
Planning:
  Buffers: shared hit=9
Planning Time: 0.268 ms
Execution Time: 180.799 ms",178.3662,180.482,180.6645,180.9066,16277.89,16277.89,10819,10819,10819,10819
294,570,115,Medium,"select t_cte_7.c_name0 as name from (select a.name as c_name0, a.id as c_id0 from schema_570.employee as a) as t_cte_7 inner join (select count(t_employee_0.id) as c_count0, t_employee_0.managerid as c_managerid0 from schema_570.employee as t_employee_0 group by t_employee_0.managerid) as t_cte_18 on 5 <= t_cte_18.c_count0 where t_cte_7.c_id0 = t_cte_18.c_managerid0",44.771,4489.24,10819,"Hash Join  (cost=2528.73..4489.24 rows=5512 width=9) (actual rows=10819 loops=1)
  Hash Cond: (a.id = t_cte_18.c_managerid0)
  Buffers: shared hit=1396
  ->  Seq Scan on employee a  (cost=0.00..1698.00 rows=100000 width=13) (actual rows=100000 loops=1)
        Buffers: shared hit=698
  ->  Hash  (cost=2459.83..2459.83 rows=5512 width=4) (actual rows=10819 loops=1)
        Buckets: 16384 (originally 8192)  Batches: 1 (originally 1)  Memory Usage: 509kB
        Buffers: shared hit=698
        ->  Subquery Scan on t_cte_18  (cost=2198.00..2459.83 rows=5512 width=4) (actual rows=10819 loops=1)
              Buffers: shared hit=698
              ->  HashAggregate  (cost=2198.00..2404.71 rows=5512 width=12) (actual rows=10819 loops=1)
                    Group Key: t_employee_0.managerid
                    Filter: (5 <= count(t_employee_0.id))
                    Batches: 1  Memory Usage: 2321kB
                    Rows Removed by Filter: 7196
                    Buffers: shared hit=698
                    ->  Seq Scan on employee t_employee_0  (cost=0.00..1698.00 rows=100000 width=8) (actual rows=100000 loops=1)
                          Buffers: shared hit=698
Planning Time: 0.114 ms
Execution Time: 44.771 ms",53.398,4489.24,10819,"Hash Join  (cost=2528.73..4489.24 rows=5512 width=9) (actual rows=10819 loops=1)
  Hash Cond: (a.id = t_cte_18.c_managerid0)
  Buffers: shared hit=1396
  ->  Seq Scan on employee a  (cost=0.00..1698.00 rows=100000 width=13) (actual rows=100000 loops=1)
        Buffers: shared hit=698
  ->  Hash  (cost=2459.83..2459.83 rows=5512 width=4) (actual rows=10819 loops=1)
        Buckets: 16384 (originally 8192)  Batches: 1 (originally 1)  Memory Usage: 509kB
        Buffers: shared hit=698
        ->  Subquery Scan on t_cte_18  (cost=2198.00..2459.83 rows=5512 width=4) (actual rows=10819 loops=1)
              Buffers: shared hit=698
              ->  HashAggregate  (cost=2198.00..2404.71 rows=5512 width=12) (actual rows=10819 loops=1)
                    Group Key: t_employee_0.managerid
                    Filter: (5 <= count(t_employee_0.id))
                    Batches: 1  Memory Usage: 2321kB
                    Rows Removed by Filter: 7196
                    Buffers: shared hit=698
                    ->  Seq Scan on employee t_employee_0  (cost=0.00..1698.00 rows=100000 width=8) (actual rows=100000 loops=1)
                          Buffers: shared hit=698
Planning Time: 0.215 ms
Execution Time: 53.398 ms",54.885,4489.24,10819,"Hash Join  (cost=2528.73..4489.24 rows=5512 width=9) (actual rows=10819 loops=1)
  Hash Cond: (a.id = t_cte_18.c_managerid0)
  Buffers: shared hit=1396
  ->  Seq Scan on employee a  (cost=0.00..1698.00 rows=100000 width=13) (actual rows=100000 loops=1)
        Buffers: shared hit=698
  ->  Hash  (cost=2459.83..2459.83 rows=5512 width=4) (actual rows=10819 loops=1)
        Buckets: 16384 (originally 8192)  Batches: 1 (originally 1)  Memory Usage: 509kB
        Buffers: shared hit=698
        ->  Subquery Scan on t_cte_18  (cost=2198.00..2459.83 rows=5512 width=4) (actual rows=10819 loops=1)
              Buffers: shared hit=698
              ->  HashAggregate  (cost=2198.00..2404.71 rows=5512 width=12) (actual rows=10819 loops=1)
                    Group Key: t_employee_0.managerid
                    Filter: (5 <= count(t_employee_0.id))
                    Batches: 1  Memory Usage: 2321kB
                    Rows Removed by Filter: 7196
                    Buffers: shared hit=698
                    ->  Seq Scan on employee t_employee_0  (cost=0.00..1698.00 rows=100000 width=8) (actual rows=100000 loops=1)
                          Buffers: shared hit=698
Planning Time: 0.177 ms
Execution Time: 54.885 ms",52.833,4489.24,10819,"Hash Join  (cost=2528.73..4489.24 rows=5512 width=9) (actual rows=10819 loops=1)
  Hash Cond: (a.id = t_cte_18.c_managerid0)
  Buffers: shared hit=1396
  ->  Seq Scan on employee a  (cost=0.00..1698.00 rows=100000 width=13) (actual rows=100000 loops=1)
        Buffers: shared hit=698
  ->  Hash  (cost=2459.83..2459.83 rows=5512 width=4) (actual rows=10819 loops=1)
        Buckets: 16384 (originally 8192)  Batches: 1 (originally 1)  Memory Usage: 509kB
        Buffers: shared hit=698
        ->  Subquery Scan on t_cte_18  (cost=2198.00..2459.83 rows=5512 width=4) (actual rows=10819 loops=1)
              Buffers: shared hit=698
              ->  HashAggregate  (cost=2198.00..2404.71 rows=5512 width=12) (actual rows=10819 loops=1)
                    Group Key: t_employee_0.managerid
                    Filter: (5 <= count(t_employee_0.id))
                    Batches: 1  Memory Usage: 2321kB
                    Rows Removed by Filter: 7196
                    Buffers: shared hit=698
                    ->  Seq Scan on employee t_employee_0  (cost=0.00..1698.00 rows=100000 width=8) (actual rows=100000 loops=1)
                          Buffers: shared hit=698
Planning Time: 0.160 ms
Execution Time: 52.833 ms",50.908,4489.24,10819,"Hash Join  (cost=2528.73..4489.24 rows=5512 width=9) (actual rows=10819 loops=1)
  Hash Cond: (a.id = t_cte_18.c_managerid0)
  Buffers: shared hit=1396
  ->  Seq Scan on employee a  (cost=0.00..1698.00 rows=100000 width=13) (actual rows=100000 loops=1)
        Buffers: shared hit=698
  ->  Hash  (cost=2459.83..2459.83 rows=5512 width=4) (actual rows=10819 loops=1)
        Buckets: 16384 (originally 8192)  Batches: 1 (originally 1)  Memory Usage: 509kB
        Buffers: shared hit=698
        ->  Subquery Scan on t_cte_18  (cost=2198.00..2459.83 rows=5512 width=4) (actual rows=10819 loops=1)
              Buffers: shared hit=698
              ->  HashAggregate  (cost=2198.00..2404.71 rows=5512 width=12) (actual rows=10819 loops=1)
                    Group Key: t_employee_0.managerid
                    Filter: (5 <= count(t_employee_0.id))
                    Batches: 1  Memory Usage: 2321kB
                    Rows Removed by Filter: 7196
                    Buffers: shared hit=698
                    ->  Seq Scan on employee t_employee_0  (cost=0.00..1698.00 rows=100000 width=8) (actual rows=100000 loops=1)
                          Buffers: shared hit=698
Planning Time: 0.162 ms
Execution Time: 50.908 ms",51.359,52.833,54.1415,55.4798,4489.24,4489.24,10819,10819,10819,10819
311,585,231,Medium,"select sum(sub.c_tiv_20160) as tiv_2016 from (select t_insurance_0.tiv_2016 as c_tiv_20160, count(t_insurance_0.tiv_2015) over ( partition by t_insurance_0.tiv_2015 ) as c_0, count(t_insurance_0.lon) over ( partition by t_insurance_0.lat,t_insurance_0.lon ) as c_1 from schema_585.insurance as t_insurance_0) as sub where 1 < sub.c_0 and sub.c_1 = 1",231.776,27942.07,1,"Aggregate  (cost=27942.06..27942.07 rows=1 width=32) (actual rows=1 loops=1)
  Buffers: shared hit=637, temp read=881 written=885
  ->  Subquery Scan on sub  (cost=24691.64..27941.64 rows=167 width=5) (actual rows=0 loops=1)
        Filter: ((1 < sub.c_0) AND (sub.c_1 = 1))
        Rows Removed by Filter: 100000
        Buffers: shared hit=637, temp read=881 written=885
        ->  WindowAgg  (cost=24691.64..26441.64 rows=100000 width=34) (actual rows=100000 loops=1)
              Buffers: shared hit=637, temp read=881 written=885
              ->  Sort  (cost=24691.64..24941.64 rows=100000 width=26) (actual rows=100000 loops=1)
                    Sort Key: t_insurance_0.tiv_2015
                    Sort Method: external merge  Disk: 4104kB
                    Buffers: shared hit=637, temp read=881 written=885
                    ->  WindowAgg  (cost=11992.82..13992.82 rows=100000 width=26) (actual rows=100000 loops=1)
                          Buffers: shared hit=637, temp read=368 written=370
                          ->  Sort  (cost=11992.82..12242.82 rows=100000 width=18) (actual rows=100000 loops=1)
                                Sort Key: t_insurance_0.lat, t_insurance_0.lon
                                Sort Method: external merge  Disk: 2944kB
                                Buffers: shared hit=637, temp read=368 written=370
                                ->  Seq Scan on insurance t_insurance_0  (cost=0.00..1637.00 rows=100000 width=18) (actual rows=100000 loops=1)
                                      Buffers: shared hit=637
Planning Time: 0.074 ms
Execution Time: 231.776 ms",239.11,27942.07,1,"Aggregate  (cost=27942.06..27942.07 rows=1 width=32) (actual rows=1 loops=1)
  Buffers: shared hit=637, temp read=881 written=885
  ->  Subquery Scan on sub  (cost=24691.64..27941.64 rows=167 width=5) (actual rows=0 loops=1)
        Filter: ((1 < sub.c_0) AND (sub.c_1 = 1))
        Rows Removed by Filter: 100000
        Buffers: shared hit=637, temp read=881 written=885
        ->  WindowAgg  (cost=24691.64..26441.64 rows=100000 width=34) (actual rows=100000 loops=1)
              Buffers: shared hit=637, temp read=881 written=885
              ->  Sort  (cost=24691.64..24941.64 rows=100000 width=26) (actual rows=100000 loops=1)
                    Sort Key: t_insurance_0.tiv_2015
                    Sort Method: external merge  Disk: 4104kB
                    Buffers: shared hit=637, temp read=881 written=885
                    ->  WindowAgg  (cost=11992.82..13992.82 rows=100000 width=26) (actual rows=100000 loops=1)
                          Buffers: shared hit=637, temp read=368 written=370
                          ->  Sort  (cost=11992.82..12242.82 rows=100000 width=18) (actual rows=100000 loops=1)
                                Sort Key: t_insurance_0.lat, t_insurance_0.lon
                                Sort Method: external merge  Disk: 2944kB
                                Buffers: shared hit=637, temp read=368 written=370
                                ->  Seq Scan on insurance t_insurance_0  (cost=0.00..1637.00 rows=100000 width=18) (actual rows=100000 loops=1)
                                      Buffers: shared hit=637
Planning Time: 0.156 ms
Execution Time: 239.110 ms",242.163,27942.07,1,"Aggregate  (cost=27942.06..27942.07 rows=1 width=32) (actual rows=1 loops=1)
  Buffers: shared hit=637, temp read=881 written=885
  ->  Subquery Scan on sub  (cost=24691.64..27941.64 rows=167 width=5) (actual rows=0 loops=1)
        Filter: ((1 < sub.c_0) AND (sub.c_1 = 1))
        Rows Removed by Filter: 100000
        Buffers: shared hit=637, temp read=881 written=885
        ->  WindowAgg  (cost=24691.64..26441.64 rows=100000 width=34) (actual rows=100000 loops=1)
              Buffers: shared hit=637, temp read=881 written=885
              ->  Sort  (cost=24691.64..24941.64 rows=100000 width=26) (actual rows=100000 loops=1)
                    Sort Key: t_insurance_0.tiv_2015
                    Sort Method: external merge  Disk: 4104kB
                    Buffers: shared hit=637, temp read=881 written=885
                    ->  WindowAgg  (cost=11992.82..13992.82 rows=100000 width=26) (actual rows=100000 loops=1)
                          Buffers: shared hit=637, temp read=368 written=370
                          ->  Sort  (cost=11992.82..12242.82 rows=100000 width=18) (actual rows=100000 loops=1)
                                Sort Key: t_insurance_0.lat, t_insurance_0.lon
                                Sort Method: external merge  Disk: 2944kB
                                Buffers: shared hit=637, temp read=368 written=370
                                ->  Seq Scan on insurance t_insurance_0  (cost=0.00..1637.00 rows=100000 width=18) (actual rows=100000 loops=1)
                                      Buffers: shared hit=637
Planning Time: 0.081 ms
Execution Time: 242.163 ms",247.048,27942.07,1,"Aggregate  (cost=27942.06..27942.07 rows=1 width=32) (actual rows=1 loops=1)
  Buffers: shared hit=637, temp read=881 written=885
  ->  Subquery Scan on sub  (cost=24691.64..27941.64 rows=167 width=5) (actual rows=0 loops=1)
        Filter: ((1 < sub.c_0) AND (sub.c_1 = 1))
        Rows Removed by Filter: 100000
        Buffers: shared hit=637, temp read=881 written=885
        ->  WindowAgg  (cost=24691.64..26441.64 rows=100000 width=34) (actual rows=100000 loops=1)
              Buffers: shared hit=637, temp read=881 written=885
              ->  Sort  (cost=24691.64..24941.64 rows=100000 width=26) (actual rows=100000 loops=1)
                    Sort Key: t_insurance_0.tiv_2015
                    Sort Method: external merge  Disk: 4104kB
                    Buffers: shared hit=637, temp read=881 written=885
                    ->  WindowAgg  (cost=11992.82..13992.82 rows=100000 width=26) (actual rows=100000 loops=1)
                          Buffers: shared hit=637, temp read=368 written=370
                          ->  Sort  (cost=11992.82..12242.82 rows=100000 width=18) (actual rows=100000 loops=1)
                                Sort Key: t_insurance_0.lat, t_insurance_0.lon
                                Sort Method: external merge  Disk: 2944kB
                                Buffers: shared hit=637, temp read=368 written=370
                                ->  Seq Scan on insurance t_insurance_0  (cost=0.00..1637.00 rows=100000 width=18) (actual rows=100000 loops=1)
                                      Buffers: shared hit=637
Planning Time: 0.111 ms
Execution Time: 247.048 ms",242.164,27942.07,1,"Aggregate  (cost=27942.06..27942.07 rows=1 width=32) (actual rows=1 loops=1)
  Buffers: shared hit=637, temp read=881 written=885
  ->  Subquery Scan on sub  (cost=24691.64..27941.64 rows=167 width=5) (actual rows=0 loops=1)
        Filter: ((1 < sub.c_0) AND (sub.c_1 = 1))
        Rows Removed by Filter: 100000
        Buffers: shared hit=637, temp read=881 written=885
        ->  WindowAgg  (cost=24691.64..26441.64 rows=100000 width=34) (actual rows=100000 loops=1)
              Buffers: shared hit=637, temp read=881 written=885
              ->  Sort  (cost=24691.64..24941.64 rows=100000 width=26) (actual rows=100000 loops=1)
                    Sort Key: t_insurance_0.tiv_2015
                    Sort Method: external merge  Disk: 4104kB
                    Buffers: shared hit=637, temp read=881 written=885
                    ->  WindowAgg  (cost=11992.82..13992.82 rows=100000 width=26) (actual rows=100000 loops=1)
                          Buffers: shared hit=637, temp read=368 written=370
                          ->  Sort  (cost=11992.82..12242.82 rows=100000 width=18) (actual rows=100000 loops=1)
                                Sort Key: t_insurance_0.lat, t_insurance_0.lon
                                Sort Method: external merge  Disk: 2944kB
                                Buffers: shared hit=637, temp read=368 written=370
                                ->  Seq Scan on insurance t_insurance_0  (cost=0.00..1637.00 rows=100000 width=18) (actual rows=100000 loops=1)
                                      Buffers: shared hit=637
Planning Time: 0.118 ms
Execution Time: 242.164 ms",240.4522,242.163,244.606,249.0016,27942.07,27942.07,1,1,1,1
312,596,2,Easy,select t_courses_0.class as class from schema_596.courses as t_courses_0 group by t_courses_0.class having 5 <= count(t_courses_0.student),32.474,2272.85,11299,"HashAggregate  (cost=2041.02..2272.85 rows=6182 width=7) (actual rows=11299 loops=1)
  Group Key: class
  Filter: (5 <= count(student))
  Batches: 1  Memory Usage: 2577kB
  Rows Removed by Filter: 8569
  Buffers: shared hit=541
  ->  Seq Scan on courses t_courses_0  (cost=0.00..1541.01 rows=100001 width=12) (actual rows=100000 loops=1)
        Buffers: shared hit=541
Planning Time: 0.064 ms
Execution Time: 32.474 ms",41.622,2272.85,11299,"HashAggregate  (cost=2041.02..2272.85 rows=6182 width=7) (actual rows=11299 loops=1)
  Group Key: class
  Filter: (5 <= count(student))
  Batches: 1  Memory Usage: 2577kB
  Rows Removed by Filter: 8569
  Buffers: shared hit=541
  ->  Seq Scan on courses t_courses_0  (cost=0.00..1541.01 rows=100001 width=12) (actual rows=100000 loops=1)
        Buffers: shared hit=541
Planning Time: 0.085 ms
Execution Time: 41.622 ms",36.361,2272.85,11299,"HashAggregate  (cost=2041.02..2272.85 rows=6182 width=7) (actual rows=11299 loops=1)
  Group Key: class
  Filter: (5 <= count(student))
  Batches: 1  Memory Usage: 2577kB
  Rows Removed by Filter: 8569
  Buffers: shared hit=541
  ->  Seq Scan on courses t_courses_0  (cost=0.00..1541.01 rows=100001 width=12) (actual rows=100000 loops=1)
        Buffers: shared hit=541
Planning Time: 0.064 ms
Execution Time: 36.361 ms",40.978,2272.85,11299,"HashAggregate  (cost=2041.02..2272.85 rows=6182 width=7) (actual rows=11299 loops=1)
  Group Key: class
  Filter: (5 <= count(student))
  Batches: 1  Memory Usage: 2577kB
  Rows Removed by Filter: 8569
  Buffers: shared hit=541
  ->  Seq Scan on courses t_courses_0  (cost=0.00..1541.01 rows=100001 width=12) (actual rows=100000 loops=1)
        Buffers: shared hit=541
Planning Time: 0.067 ms
Execution Time: 40.978 ms",40.752,2272.85,11299,"HashAggregate  (cost=2041.02..2272.85 rows=6182 width=7) (actual rows=11299 loops=1)
  Group Key: class
  Filter: (5 <= count(student))
  Batches: 1  Memory Usage: 2577kB
  Rows Removed by Filter: 8569
  Buffers: shared hit=541
  ->  Seq Scan on courses t_courses_0  (cost=0.00..1541.01 rows=100001 width=12) (actual rows=100000 loops=1)
        Buffers: shared hit=541
Planning Time: 0.070 ms
Execution Time: 40.752 ms",38.4374,40.752,41.3,41.8796,2272.85,2272.85,11299,11299,11299,11299
313,596,4,Easy,select t_courses_0.class as class from schema_596.courses as t_courses_0 group by t_courses_0.class having 5 <= count(t_courses_0.student),33.17,2272.85,11299,"HashAggregate  (cost=2041.02..2272.85 rows=6182 width=7) (actual rows=11299 loops=1)
  Group Key: class
  Filter: (5 <= count(student))
  Batches: 1  Memory Usage: 2577kB
  Rows Removed by Filter: 8569
  Buffers: shared hit=541
  ->  Seq Scan on courses t_courses_0  (cost=0.00..1541.01 rows=100001 width=12) (actual rows=100000 loops=1)
        Buffers: shared hit=541
Planning Time: 0.075 ms
Execution Time: 33.170 ms",39.308,2272.85,11299,"HashAggregate  (cost=2041.02..2272.85 rows=6182 width=7) (actual rows=11299 loops=1)
  Group Key: class
  Filter: (5 <= count(student))
  Batches: 1  Memory Usage: 2577kB
  Rows Removed by Filter: 8569
  Buffers: shared hit=541
  ->  Seq Scan on courses t_courses_0  (cost=0.00..1541.01 rows=100001 width=12) (actual rows=100000 loops=1)
        Buffers: shared hit=541
Planning Time: 0.072 ms
Execution Time: 39.308 ms",41.069,2272.85,11299,"HashAggregate  (cost=2041.02..2272.85 rows=6182 width=7) (actual rows=11299 loops=1)
  Group Key: class
  Filter: (5 <= count(student))
  Batches: 1  Memory Usage: 2577kB
  Rows Removed by Filter: 8569
  Buffers: shared hit=541
  ->  Seq Scan on courses t_courses_0  (cost=0.00..1541.01 rows=100001 width=12) (actual rows=100000 loops=1)
        Buffers: shared hit=541
Planning Time: 0.073 ms
Execution Time: 41.069 ms",38.857,2272.85,11299,"HashAggregate  (cost=2041.02..2272.85 rows=6182 width=7) (actual rows=11299 loops=1)
  Group Key: class
  Filter: (5 <= count(student))
  Batches: 1  Memory Usage: 2577kB
  Rows Removed by Filter: 8569
  Buffers: shared hit=541
  ->  Seq Scan on courses t_courses_0  (cost=0.00..1541.01 rows=100001 width=12) (actual rows=100000 loops=1)
        Buffers: shared hit=541
Planning Time: 0.089 ms
Execution Time: 38.857 ms",39.866,2272.85,11299,"HashAggregate  (cost=2041.02..2272.85 rows=6182 width=7) (actual rows=11299 loops=1)
  Group Key: class
  Filter: (5 <= count(student))
  Batches: 1  Memory Usage: 2577kB
  Rows Removed by Filter: 8569
  Buffers: shared hit=541
  ->  Seq Scan on courses t_courses_0  (cost=0.00..1541.01 rows=100001 width=12) (actual rows=100000 loops=1)
        Buffers: shared hit=541
Planning Time: 0.117 ms
Execution Time: 39.866 ms",38.454,39.308,40.4675,41.5502,2272.85,2272.85,11299,11299,11299,11299
314,596,6,Easy,select t_courses_0.class as class from schema_596.courses as t_courses_0 group by t_courses_0.class having 5 <= count(t_courses_0.student),42.67,2272.85,11299,"HashAggregate  (cost=2041.02..2272.85 rows=6182 width=7) (actual rows=11299 loops=1)
  Group Key: class
  Filter: (5 <= count(student))
  Batches: 1  Memory Usage: 2577kB
  Rows Removed by Filter: 8569
  Buffers: shared hit=541
  ->  Seq Scan on courses t_courses_0  (cost=0.00..1541.01 rows=100001 width=12) (actual rows=100000 loops=1)
        Buffers: shared hit=541
Planning Time: 0.070 ms
Execution Time: 42.670 ms",47.558,2272.85,11299,"HashAggregate  (cost=2041.02..2272.85 rows=6182 width=7) (actual rows=11299 loops=1)
  Group Key: class
  Filter: (5 <= count(student))
  Batches: 1  Memory Usage: 2577kB
  Rows Removed by Filter: 8569
  Buffers: shared hit=541
  ->  Seq Scan on courses t_courses_0  (cost=0.00..1541.01 rows=100001 width=12) (actual rows=100000 loops=1)
        Buffers: shared hit=541
Planning Time: 0.079 ms
Execution Time: 47.558 ms",38.732,2272.85,11299,"HashAggregate  (cost=2041.02..2272.85 rows=6182 width=7) (actual rows=11299 loops=1)
  Group Key: class
  Filter: (5 <= count(student))
  Batches: 1  Memory Usage: 2577kB
  Rows Removed by Filter: 8569
  Buffers: shared hit=541
  ->  Seq Scan on courses t_courses_0  (cost=0.00..1541.01 rows=100001 width=12) (actual rows=100000 loops=1)
        Buffers: shared hit=541
Planning Time: 0.077 ms
Execution Time: 38.732 ms",48.973,2272.85,11299,"HashAggregate  (cost=2041.02..2272.85 rows=6182 width=7) (actual rows=11299 loops=1)
  Group Key: class
  Filter: (5 <= count(student))
  Batches: 1  Memory Usage: 2577kB
  Rows Removed by Filter: 8569
  Buffers: shared hit=541
  ->  Seq Scan on courses t_courses_0  (cost=0.00..1541.01 rows=100001 width=12) (actual rows=100000 loops=1)
        Buffers: shared hit=541
Planning Time: 0.068 ms
Execution Time: 48.973 ms",48.736,2272.85,11299,"HashAggregate  (cost=2041.02..2272.85 rows=6182 width=7) (actual rows=11299 loops=1)
  Group Key: class
  Filter: (5 <= count(student))
  Batches: 1  Memory Usage: 2577kB
  Rows Removed by Filter: 8569
  Buffers: shared hit=541
  ->  Seq Scan on courses t_courses_0  (cost=0.00..1541.01 rows=100001 width=12) (actual rows=100000 loops=1)
        Buffers: shared hit=541
Planning Time: 0.065 ms
Execution Time: 48.736 ms",45.3338,47.558,48.8545,49.0678,2272.85,2272.85,11299,11299,11299,11299
315,596,7,Easy,select a.class as class from schema_596.courses as a group by a.class having 5 <= count(a.student),38.759,2272.85,11299,"HashAggregate  (cost=2041.02..2272.85 rows=6182 width=7) (actual rows=11299 loops=1)
  Group Key: class
  Filter: (5 <= count(student))
  Batches: 1  Memory Usage: 2577kB
  Rows Removed by Filter: 8569
  Buffers: shared hit=541
  ->  Seq Scan on courses a  (cost=0.00..1541.01 rows=100001 width=12) (actual rows=100000 loops=1)
        Buffers: shared hit=541
Planning Time: 0.070 ms
Execution Time: 38.759 ms",39.578,2272.85,11299,"HashAggregate  (cost=2041.02..2272.85 rows=6182 width=7) (actual rows=11299 loops=1)
  Group Key: class
  Filter: (5 <= count(student))
  Batches: 1  Memory Usage: 2577kB
  Rows Removed by Filter: 8569
  Buffers: shared hit=541
  ->  Seq Scan on courses a  (cost=0.00..1541.01 rows=100001 width=12) (actual rows=100000 loops=1)
        Buffers: shared hit=541
Planning Time: 0.159 ms
Execution Time: 39.578 ms",36.686,2272.85,11299,"HashAggregate  (cost=2041.02..2272.85 rows=6182 width=7) (actual rows=11299 loops=1)
  Group Key: class
  Filter: (5 <= count(student))
  Batches: 1  Memory Usage: 2577kB
  Rows Removed by Filter: 8569
  Buffers: shared hit=541
  ->  Seq Scan on courses a  (cost=0.00..1541.01 rows=100001 width=12) (actual rows=100000 loops=1)
        Buffers: shared hit=541
Planning Time: 0.081 ms
Execution Time: 36.686 ms",66.45,2272.85,11299,"HashAggregate  (cost=2041.02..2272.85 rows=6182 width=7) (actual rows=11299 loops=1)
  Group Key: class
  Filter: (5 <= count(student))
  Batches: 1  Memory Usage: 2577kB
  Rows Removed by Filter: 8569
  Buffers: shared hit=541
  ->  Seq Scan on courses a  (cost=0.00..1541.01 rows=100001 width=12) (actual rows=100000 loops=1)
        Buffers: shared hit=541
Planning Time: 0.076 ms
Execution Time: 66.450 ms",55.618,2272.85,11299,"HashAggregate  (cost=2041.02..2272.85 rows=6182 width=7) (actual rows=11299 loops=1)
  Group Key: class
  Filter: (5 <= count(student))
  Batches: 1  Memory Usage: 2577kB
  Rows Removed by Filter: 8569
  Buffers: shared hit=541
  ->  Seq Scan on courses a  (cost=0.00..1541.01 rows=100001 width=12) (actual rows=100000 loops=1)
        Buffers: shared hit=541
Planning Time: 0.074 ms
Execution Time: 55.618 ms",47.4182,39.578,61.034,70.7828,2272.85,2272.85,11299,11299,11299,11299
316,596,10,Easy,select t_courses_0.class as class from schema_596.courses as t_courses_0 group by t_courses_0.class having 5 <= count(t_courses_0.class),34.885,2272.85,11299,"HashAggregate  (cost=2041.02..2272.85 rows=6182 width=7) (actual rows=11299 loops=1)
  Group Key: class
  Filter: (5 <= count(class))
  Batches: 1  Memory Usage: 2577kB
  Rows Removed by Filter: 8569
  Buffers: shared hit=541
  ->  Seq Scan on courses t_courses_0  (cost=0.00..1541.01 rows=100001 width=7) (actual rows=100000 loops=1)
        Buffers: shared hit=541
Planning Time: 0.072 ms
Execution Time: 34.885 ms",43.22,2272.85,11299,"HashAggregate  (cost=2041.02..2272.85 rows=6182 width=7) (actual rows=11299 loops=1)
  Group Key: class
  Filter: (5 <= count(class))
  Batches: 1  Memory Usage: 2577kB
  Rows Removed by Filter: 8569
  Buffers: shared hit=541
  ->  Seq Scan on courses t_courses_0  (cost=0.00..1541.01 rows=100001 width=7) (actual rows=100000 loops=1)
        Buffers: shared hit=541
Planning Time: 0.073 ms
Execution Time: 43.220 ms",39.78,2272.85,11299,"HashAggregate  (cost=2041.02..2272.85 rows=6182 width=7) (actual rows=11299 loops=1)
  Group Key: class
  Filter: (5 <= count(class))
  Batches: 1  Memory Usage: 2577kB
  Rows Removed by Filter: 8569
  Buffers: shared hit=541
  ->  Seq Scan on courses t_courses_0  (cost=0.00..1541.01 rows=100001 width=7) (actual rows=100000 loops=1)
        Buffers: shared hit=541
Planning Time: 0.085 ms
Execution Time: 39.780 ms",39.092,2272.85,11299,"HashAggregate  (cost=2041.02..2272.85 rows=6182 width=7) (actual rows=11299 loops=1)
  Group Key: class
  Filter: (5 <= count(class))
  Batches: 1  Memory Usage: 2577kB
  Rows Removed by Filter: 8569
  Buffers: shared hit=541
  ->  Seq Scan on courses t_courses_0  (cost=0.00..1541.01 rows=100001 width=7) (actual rows=100000 loops=1)
        Buffers: shared hit=541
Planning Time: 0.069 ms
Execution Time: 39.092 ms",38.598,2272.85,11299,"HashAggregate  (cost=2041.02..2272.85 rows=6182 width=7) (actual rows=11299 loops=1)
  Group Key: class
  Filter: (5 <= count(class))
  Batches: 1  Memory Usage: 2577kB
  Rows Removed by Filter: 8569
  Buffers: shared hit=541
  ->  Seq Scan on courses t_courses_0  (cost=0.00..1541.01 rows=100001 width=7) (actual rows=100000 loops=1)
        Buffers: shared hit=541
Planning Time: 0.096 ms
Execution Time: 38.598 ms",39.115,39.092,41.5,44.596,2272.85,2272.85,11299,11299,11299,11299
317,596,11,Easy,select t_courses_0.class as class from schema_596.courses as t_courses_0 group by t_courses_0.class having 5 <= count(t_courses_0.class),31.33,2272.85,11299,"HashAggregate  (cost=2041.02..2272.85 rows=6182 width=7) (actual rows=11299 loops=1)
  Group Key: class
  Filter: (5 <= count(class))
  Batches: 1  Memory Usage: 2577kB
  Rows Removed by Filter: 8569
  Buffers: shared hit=541
  ->  Seq Scan on courses t_courses_0  (cost=0.00..1541.01 rows=100001 width=7) (actual rows=100000 loops=1)
        Buffers: shared hit=541
Planning Time: 0.050 ms
Execution Time: 31.330 ms",35.6,2272.85,11299,"HashAggregate  (cost=2041.02..2272.85 rows=6182 width=7) (actual rows=11299 loops=1)
  Group Key: class
  Filter: (5 <= count(class))
  Batches: 1  Memory Usage: 2577kB
  Rows Removed by Filter: 8569
  Buffers: shared hit=541
  ->  Seq Scan on courses t_courses_0  (cost=0.00..1541.01 rows=100001 width=7) (actual rows=100000 loops=1)
        Buffers: shared hit=541
Planning Time: 0.073 ms
Execution Time: 35.600 ms",41.081,2272.85,11299,"HashAggregate  (cost=2041.02..2272.85 rows=6182 width=7) (actual rows=11299 loops=1)
  Group Key: class
  Filter: (5 <= count(class))
  Batches: 1  Memory Usage: 2577kB
  Rows Removed by Filter: 8569
  Buffers: shared hit=541
  ->  Seq Scan on courses t_courses_0  (cost=0.00..1541.01 rows=100001 width=7) (actual rows=100000 loops=1)
        Buffers: shared hit=541
Planning Time: 0.073 ms
Execution Time: 41.081 ms",37.278,2272.85,11299,"HashAggregate  (cost=2041.02..2272.85 rows=6182 width=7) (actual rows=11299 loops=1)
  Group Key: class
  Filter: (5 <= count(class))
  Batches: 1  Memory Usage: 2577kB
  Rows Removed by Filter: 8569
  Buffers: shared hit=541
  ->  Seq Scan on courses t_courses_0  (cost=0.00..1541.01 rows=100001 width=7) (actual rows=100000 loops=1)
        Buffers: shared hit=541
Planning Time: 0.090 ms
Execution Time: 37.278 ms",47.304,2272.85,11299,"HashAggregate  (cost=2041.02..2272.85 rows=6182 width=7) (actual rows=11299 loops=1)
  Group Key: class
  Filter: (5 <= count(class))
  Batches: 1  Memory Usage: 2577kB
  Rows Removed by Filter: 8569
  Buffers: shared hit=541
  ->  Seq Scan on courses t_courses_0  (cost=0.00..1541.01 rows=100001 width=7) (actual rows=100000 loops=1)
        Buffers: shared hit=541
Planning Time: 0.068 ms
Execution Time: 47.304 ms",38.5186,37.278,44.1925,49.7932,2272.85,2272.85,11299,11299,11299,11299
318,596,12,Easy,select t_courses_0.class as class from schema_596.courses as t_courses_0 group by t_courses_0.class having 5 <= count(t_courses_0.student),38.172,2272.85,11299,"HashAggregate  (cost=2041.02..2272.85 rows=6182 width=7) (actual rows=11299 loops=1)
  Group Key: class
  Filter: (5 <= count(student))
  Batches: 1  Memory Usage: 2577kB
  Rows Removed by Filter: 8569
  Buffers: shared hit=541
  ->  Seq Scan on courses t_courses_0  (cost=0.00..1541.01 rows=100001 width=12) (actual rows=100000 loops=1)
        Buffers: shared hit=541
Planning Time: 0.057 ms
Execution Time: 38.172 ms",54.301,2272.85,11299,"HashAggregate  (cost=2041.02..2272.85 rows=6182 width=7) (actual rows=11299 loops=1)
  Group Key: class
  Filter: (5 <= count(student))
  Batches: 1  Memory Usage: 2577kB
  Rows Removed by Filter: 8569
  Buffers: shared hit=541
  ->  Seq Scan on courses t_courses_0  (cost=0.00..1541.01 rows=100001 width=12) (actual rows=100000 loops=1)
        Buffers: shared hit=541
Planning Time: 0.083 ms
Execution Time: 54.301 ms",47.332,2272.85,11299,"HashAggregate  (cost=2041.02..2272.85 rows=6182 width=7) (actual rows=11299 loops=1)
  Group Key: class
  Filter: (5 <= count(student))
  Batches: 1  Memory Usage: 2577kB
  Rows Removed by Filter: 8569
  Buffers: shared hit=541
  ->  Seq Scan on courses t_courses_0  (cost=0.00..1541.01 rows=100001 width=12) (actual rows=100000 loops=1)
        Buffers: shared hit=541
Planning Time: 0.069 ms
Execution Time: 47.332 ms",37.381,2272.85,11299,"HashAggregate  (cost=2041.02..2272.85 rows=6182 width=7) (actual rows=11299 loops=1)
  Group Key: class
  Filter: (5 <= count(student))
  Batches: 1  Memory Usage: 2577kB
  Rows Removed by Filter: 8569
  Buffers: shared hit=541
  ->  Seq Scan on courses t_courses_0  (cost=0.00..1541.01 rows=100001 width=12) (actual rows=100000 loops=1)
        Buffers: shared hit=541
Planning Time: 0.089 ms
Execution Time: 37.381 ms",39.005,2272.85,11299,"HashAggregate  (cost=2041.02..2272.85 rows=6182 width=7) (actual rows=11299 loops=1)
  Group Key: class
  Filter: (5 <= count(student))
  Batches: 1  Memory Usage: 2577kB
  Rows Removed by Filter: 8569
  Buffers: shared hit=541
  ->  Seq Scan on courses t_courses_0  (cost=0.00..1541.01 rows=100001 width=12) (actual rows=100000 loops=1)
        Buffers: shared hit=541
Planning Time: 0.110 ms
Execution Time: 39.005 ms",43.2382,39.005,50.8165,57.0886,2272.85,2272.85,11299,11299,11299,11299
319,596,13,Easy,select t_courses_0.class as class from schema_596.courses as t_courses_0 group by t_courses_0.class having 5 <= count(t_courses_0.student),33.044,2272.85,11299,"HashAggregate  (cost=2041.02..2272.85 rows=6182 width=7) (actual rows=11299 loops=1)
  Group Key: class
  Filter: (5 <= count(student))
  Batches: 1  Memory Usage: 2577kB
  Rows Removed by Filter: 8569
  Buffers: shared hit=541
  ->  Seq Scan on courses t_courses_0  (cost=0.00..1541.01 rows=100001 width=12) (actual rows=100000 loops=1)
        Buffers: shared hit=541
Planning Time: 0.069 ms
Execution Time: 33.044 ms",43.912,2272.85,11299,"HashAggregate  (cost=2041.02..2272.85 rows=6182 width=7) (actual rows=11299 loops=1)
  Group Key: class
  Filter: (5 <= count(student))
  Batches: 1  Memory Usage: 2577kB
  Rows Removed by Filter: 8569
  Buffers: shared hit=541
  ->  Seq Scan on courses t_courses_0  (cost=0.00..1541.01 rows=100001 width=12) (actual rows=100000 loops=1)
        Buffers: shared hit=541
Planning Time: 0.072 ms
Execution Time: 43.912 ms",39.599,2272.85,11299,"HashAggregate  (cost=2041.02..2272.85 rows=6182 width=7) (actual rows=11299 loops=1)
  Group Key: class
  Filter: (5 <= count(student))
  Batches: 1  Memory Usage: 2577kB
  Rows Removed by Filter: 8569
  Buffers: shared hit=541
  ->  Seq Scan on courses t_courses_0  (cost=0.00..1541.01 rows=100001 width=12) (actual rows=100000 loops=1)
        Buffers: shared hit=541
Planning Time: 0.088 ms
Execution Time: 39.599 ms",40.678,2272.85,11299,"HashAggregate  (cost=2041.02..2272.85 rows=6182 width=7) (actual rows=11299 loops=1)
  Group Key: class
  Filter: (5 <= count(student))
  Batches: 1  Memory Usage: 2577kB
  Rows Removed by Filter: 8569
  Buffers: shared hit=541
  ->  Seq Scan on courses t_courses_0  (cost=0.00..1541.01 rows=100001 width=12) (actual rows=100000 loops=1)
        Buffers: shared hit=541
Planning Time: 0.073 ms
Execution Time: 40.678 ms",39.273,2272.85,11299,"HashAggregate  (cost=2041.02..2272.85 rows=6182 width=7) (actual rows=11299 loops=1)
  Group Key: class
  Filter: (5 <= count(student))
  Batches: 1  Memory Usage: 2577kB
  Rows Removed by Filter: 8569
  Buffers: shared hit=541
  ->  Seq Scan on courses t_courses_0  (cost=0.00..1541.01 rows=100001 width=12) (actual rows=100000 loops=1)
        Buffers: shared hit=541
Planning Time: 0.072 ms
Execution Time: 39.273 ms",39.3012,39.599,42.295,45.2056,2272.85,2272.85,11299,11299,11299,11299
320,596,14,Easy,select t_courses_0.class as class from schema_596.courses as t_courses_0 group by t_courses_0.class having 5 <= count(t_courses_0.student),31.363,2272.85,11299,"HashAggregate  (cost=2041.02..2272.85 rows=6182 width=7) (actual rows=11299 loops=1)
  Group Key: class
  Filter: (5 <= count(student))
  Batches: 1  Memory Usage: 2577kB
  Rows Removed by Filter: 8569
  Buffers: shared hit=541
  ->  Seq Scan on courses t_courses_0  (cost=0.00..1541.01 rows=100001 width=12) (actual rows=100000 loops=1)
        Buffers: shared hit=541
Planning Time: 0.057 ms
Execution Time: 31.363 ms",40.157,2272.85,11299,"HashAggregate  (cost=2041.02..2272.85 rows=6182 width=7) (actual rows=11299 loops=1)
  Group Key: class
  Filter: (5 <= count(student))
  Batches: 1  Memory Usage: 2577kB
  Rows Removed by Filter: 8569
  Buffers: shared hit=541
  ->  Seq Scan on courses t_courses_0  (cost=0.00..1541.01 rows=100001 width=12) (actual rows=100000 loops=1)
        Buffers: shared hit=541
Planning Time: 0.061 ms
Execution Time: 40.157 ms",41.551,2272.85,11299,"HashAggregate  (cost=2041.02..2272.85 rows=6182 width=7) (actual rows=11299 loops=1)
  Group Key: class
  Filter: (5 <= count(student))
  Batches: 1  Memory Usage: 2577kB
  Rows Removed by Filter: 8569
  Buffers: shared hit=541
  ->  Seq Scan on courses t_courses_0  (cost=0.00..1541.01 rows=100001 width=12) (actual rows=100000 loops=1)
        Buffers: shared hit=541
Planning Time: 0.074 ms
Execution Time: 41.551 ms",44.012,2272.85,11299,"HashAggregate  (cost=2041.02..2272.85 rows=6182 width=7) (actual rows=11299 loops=1)
  Group Key: class
  Filter: (5 <= count(student))
  Batches: 1  Memory Usage: 2577kB
  Rows Removed by Filter: 8569
  Buffers: shared hit=541
  ->  Seq Scan on courses t_courses_0  (cost=0.00..1541.01 rows=100001 width=12) (actual rows=100000 loops=1)
        Buffers: shared hit=541
Planning Time: 0.074 ms
Execution Time: 44.012 ms",43.667,2272.85,11299,"HashAggregate  (cost=2041.02..2272.85 rows=6182 width=7) (actual rows=11299 loops=1)
  Group Key: class
  Filter: (5 <= count(student))
  Batches: 1  Memory Usage: 2577kB
  Rows Removed by Filter: 8569
  Buffers: shared hit=541
  ->  Seq Scan on courses t_courses_0  (cost=0.00..1541.01 rows=100001 width=12) (actual rows=100000 loops=1)
        Buffers: shared hit=541
Planning Time: 0.078 ms
Execution Time: 43.667 ms",40.15,41.551,43.8395,44.15,2272.85,2272.85,11299,11299,11299,11299
321,596,15,Easy,select t_courses_0.class as class from schema_596.courses as t_courses_0 group by t_courses_0.class having 5 <= count(t_courses_0.student),32.027,2272.85,11299,"HashAggregate  (cost=2041.02..2272.85 rows=6182 width=7) (actual rows=11299 loops=1)
  Group Key: class
  Filter: (5 <= count(student))
  Batches: 1  Memory Usage: 2577kB
  Rows Removed by Filter: 8569
  Buffers: shared hit=541
  ->  Seq Scan on courses t_courses_0  (cost=0.00..1541.01 rows=100001 width=12) (actual rows=100000 loops=1)
        Buffers: shared hit=541
Planning Time: 0.076 ms
Execution Time: 32.027 ms",44.401,2272.85,11299,"HashAggregate  (cost=2041.02..2272.85 rows=6182 width=7) (actual rows=11299 loops=1)
  Group Key: class
  Filter: (5 <= count(student))
  Batches: 1  Memory Usage: 2577kB
  Rows Removed by Filter: 8569
  Buffers: shared hit=541
  ->  Seq Scan on courses t_courses_0  (cost=0.00..1541.01 rows=100001 width=12) (actual rows=100000 loops=1)
        Buffers: shared hit=541
Planning Time: 0.086 ms
Execution Time: 44.401 ms",41.393,2272.85,11299,"HashAggregate  (cost=2041.02..2272.85 rows=6182 width=7) (actual rows=11299 loops=1)
  Group Key: class
  Filter: (5 <= count(student))
  Batches: 1  Memory Usage: 2577kB
  Rows Removed by Filter: 8569
  Buffers: shared hit=541
  ->  Seq Scan on courses t_courses_0  (cost=0.00..1541.01 rows=100001 width=12) (actual rows=100000 loops=1)
        Buffers: shared hit=541
Planning Time: 0.105 ms
Execution Time: 41.393 ms",38.575,2272.85,11299,"HashAggregate  (cost=2041.02..2272.85 rows=6182 width=7) (actual rows=11299 loops=1)
  Group Key: class
  Filter: (5 <= count(student))
  Batches: 1  Memory Usage: 2577kB
  Rows Removed by Filter: 8569
  Buffers: shared hit=541
  ->  Seq Scan on courses t_courses_0  (cost=0.00..1541.01 rows=100001 width=12) (actual rows=100000 loops=1)
        Buffers: shared hit=541
Planning Time: 0.078 ms
Execution Time: 38.575 ms",40.307,2272.85,11299,"HashAggregate  (cost=2041.02..2272.85 rows=6182 width=7) (actual rows=11299 loops=1)
  Group Key: class
  Filter: (5 <= count(student))
  Batches: 1  Memory Usage: 2577kB
  Rows Removed by Filter: 8569
  Buffers: shared hit=541
  ->  Seq Scan on courses t_courses_0  (cost=0.00..1541.01 rows=100001 width=12) (actual rows=100000 loops=1)
        Buffers: shared hit=541
Planning Time: 0.088 ms
Execution Time: 40.307 ms",39.3406,40.307,42.897,45.6042,2272.85,2272.85,11299,11299,11299,11299
322,596,16,Easy,select t_courses_0.class as class from schema_596.courses as t_courses_0 group by t_courses_0.class having 5 <= count(t_courses_0.student),34.343,2272.85,11299,"HashAggregate  (cost=2041.02..2272.85 rows=6182 width=7) (actual rows=11299 loops=1)
  Group Key: class
  Filter: (5 <= count(student))
  Batches: 1  Memory Usage: 2577kB
  Rows Removed by Filter: 8569
  Buffers: shared hit=541
  ->  Seq Scan on courses t_courses_0  (cost=0.00..1541.01 rows=100001 width=12) (actual rows=100000 loops=1)
        Buffers: shared hit=541
Planning Time: 0.049 ms
Execution Time: 34.343 ms",40.454,2272.85,11299,"HashAggregate  (cost=2041.02..2272.85 rows=6182 width=7) (actual rows=11299 loops=1)
  Group Key: class
  Filter: (5 <= count(student))
  Batches: 1  Memory Usage: 2577kB
  Rows Removed by Filter: 8569
  Buffers: shared hit=541
  ->  Seq Scan on courses t_courses_0  (cost=0.00..1541.01 rows=100001 width=12) (actual rows=100000 loops=1)
        Buffers: shared hit=541
Planning Time: 0.081 ms
Execution Time: 40.454 ms",40.145,2272.85,11299,"HashAggregate  (cost=2041.02..2272.85 rows=6182 width=7) (actual rows=11299 loops=1)
  Group Key: class
  Filter: (5 <= count(student))
  Batches: 1  Memory Usage: 2577kB
  Rows Removed by Filter: 8569
  Buffers: shared hit=541
  ->  Seq Scan on courses t_courses_0  (cost=0.00..1541.01 rows=100001 width=12) (actual rows=100000 loops=1)
        Buffers: shared hit=541
Planning Time: 0.072 ms
Execution Time: 40.145 ms",39.459,2272.85,11299,"HashAggregate  (cost=2041.02..2272.85 rows=6182 width=7) (actual rows=11299 loops=1)
  Group Key: class
  Filter: (5 <= count(student))
  Batches: 1  Memory Usage: 2577kB
  Rows Removed by Filter: 8569
  Buffers: shared hit=541
  ->  Seq Scan on courses t_courses_0  (cost=0.00..1541.01 rows=100001 width=12) (actual rows=100000 loops=1)
        Buffers: shared hit=541
Planning Time: 0.083 ms
Execution Time: 39.459 ms",41.812,2272.85,11299,"HashAggregate  (cost=2041.02..2272.85 rows=6182 width=7) (actual rows=11299 loops=1)
  Group Key: class
  Filter: (5 <= count(student))
  Batches: 1  Memory Usage: 2577kB
  Rows Removed by Filter: 8569
  Buffers: shared hit=541
  ->  Seq Scan on courses t_courses_0  (cost=0.00..1541.01 rows=100001 width=12) (actual rows=100000 loops=1)
        Buffers: shared hit=541
Planning Time: 0.074 ms
Execution Time: 41.812 ms",39.2426,40.145,41.133,42.3552,2272.85,2272.85,11299,11299,11299,11299
323,596,17,Easy,select t_courses_0.class as class from schema_596.courses as t_courses_0 group by t_courses_0.class having 5 <= count(t_courses_0.student),31.338,2272.85,11299,"HashAggregate  (cost=2041.02..2272.85 rows=6182 width=7) (actual rows=11299 loops=1)
  Group Key: class
  Filter: (5 <= count(student))
  Batches: 1  Memory Usage: 2577kB
  Rows Removed by Filter: 8569
  Buffers: shared hit=541
  ->  Seq Scan on courses t_courses_0  (cost=0.00..1541.01 rows=100001 width=12) (actual rows=100000 loops=1)
        Buffers: shared hit=541
Planning Time: 0.051 ms
Execution Time: 31.338 ms",44.242,2272.85,11299,"HashAggregate  (cost=2041.02..2272.85 rows=6182 width=7) (actual rows=11299 loops=1)
  Group Key: class
  Filter: (5 <= count(student))
  Batches: 1  Memory Usage: 2577kB
  Rows Removed by Filter: 8569
  Buffers: shared hit=541
  ->  Seq Scan on courses t_courses_0  (cost=0.00..1541.01 rows=100001 width=12) (actual rows=100000 loops=1)
        Buffers: shared hit=541
Planning Time: 0.071 ms
Execution Time: 44.242 ms",39.511,2272.85,11299,"HashAggregate  (cost=2041.02..2272.85 rows=6182 width=7) (actual rows=11299 loops=1)
  Group Key: class
  Filter: (5 <= count(student))
  Batches: 1  Memory Usage: 2577kB
  Rows Removed by Filter: 8569
  Buffers: shared hit=541
  ->  Seq Scan on courses t_courses_0  (cost=0.00..1541.01 rows=100001 width=12) (actual rows=100000 loops=1)
        Buffers: shared hit=541
Planning Time: 0.087 ms
Execution Time: 39.511 ms",40.325,2272.85,11299,"HashAggregate  (cost=2041.02..2272.85 rows=6182 width=7) (actual rows=11299 loops=1)
  Group Key: class
  Filter: (5 <= count(student))
  Batches: 1  Memory Usage: 2577kB
  Rows Removed by Filter: 8569
  Buffers: shared hit=541
  ->  Seq Scan on courses t_courses_0  (cost=0.00..1541.01 rows=100001 width=12) (actual rows=100000 loops=1)
        Buffers: shared hit=541
Planning Time: 0.065 ms
Execution Time: 40.325 ms",38.911,2272.85,11299,"HashAggregate  (cost=2041.02..2272.85 rows=6182 width=7) (actual rows=11299 loops=1)
  Group Key: class
  Filter: (5 <= count(student))
  Batches: 1  Memory Usage: 2577kB
  Rows Removed by Filter: 8569
  Buffers: shared hit=541
  ->  Seq Scan on courses t_courses_0  (cost=0.00..1541.01 rows=100001 width=12) (actual rows=100000 loops=1)
        Buffers: shared hit=541
Planning Time: 0.057 ms
Execution Time: 38.911 ms",38.8654,39.511,42.2835,45.8088,2272.85,2272.85,11299,11299,11299,11299
324,596,21,Easy,select t_courses_0.class as class from schema_596.courses as t_courses_0 group by t_courses_0.class having 5 <= count(t_courses_0.class),31.595,2272.85,11299,"HashAggregate  (cost=2041.02..2272.85 rows=6182 width=7) (actual rows=11299 loops=1)
  Group Key: class
  Filter: (5 <= count(class))
  Batches: 1  Memory Usage: 2577kB
  Rows Removed by Filter: 8569
  Buffers: shared hit=541
  ->  Seq Scan on courses t_courses_0  (cost=0.00..1541.01 rows=100001 width=7) (actual rows=100000 loops=1)
        Buffers: shared hit=541
Planning Time: 0.050 ms
Execution Time: 31.595 ms",41.617,2272.85,11299,"HashAggregate  (cost=2041.02..2272.85 rows=6182 width=7) (actual rows=11299 loops=1)
  Group Key: class
  Filter: (5 <= count(class))
  Batches: 1  Memory Usage: 2577kB
  Rows Removed by Filter: 8569
  Buffers: shared hit=541
  ->  Seq Scan on courses t_courses_0  (cost=0.00..1541.01 rows=100001 width=7) (actual rows=100000 loops=1)
        Buffers: shared hit=541
Planning Time: 0.073 ms
Execution Time: 41.617 ms",41.061,2272.85,11299,"HashAggregate  (cost=2041.02..2272.85 rows=6182 width=7) (actual rows=11299 loops=1)
  Group Key: class
  Filter: (5 <= count(class))
  Batches: 1  Memory Usage: 2577kB
  Rows Removed by Filter: 8569
  Buffers: shared hit=541
  ->  Seq Scan on courses t_courses_0  (cost=0.00..1541.01 rows=100001 width=7) (actual rows=100000 loops=1)
        Buffers: shared hit=541
Planning Time: 0.076 ms
Execution Time: 41.061 ms",41.318,2272.85,11299,"HashAggregate  (cost=2041.02..2272.85 rows=6182 width=7) (actual rows=11299 loops=1)
  Group Key: class
  Filter: (5 <= count(class))
  Batches: 1  Memory Usage: 2577kB
  Rows Removed by Filter: 8569
  Buffers: shared hit=541
  ->  Seq Scan on courses t_courses_0  (cost=0.00..1541.01 rows=100001 width=7) (actual rows=100000 loops=1)
        Buffers: shared hit=541
Planning Time: 0.069 ms
Execution Time: 41.318 ms",42.109,2272.85,11299,"HashAggregate  (cost=2041.02..2272.85 rows=6182 width=7) (actual rows=11299 loops=1)
  Group Key: class
  Filter: (5 <= count(class))
  Batches: 1  Memory Usage: 2577kB
  Rows Removed by Filter: 8569
  Buffers: shared hit=541
  ->  Seq Scan on courses t_courses_0  (cost=0.00..1541.01 rows=100001 width=7) (actual rows=100000 loops=1)
        Buffers: shared hit=541
Planning Time: 0.076 ms
Execution Time: 42.109 ms",39.54,41.318,41.863,42.3058,2272.85,2272.85,11299,11299,11299,11299
325,596,23,Easy,select t_courses_0.class as class from schema_596.courses as t_courses_0 group by t_courses_0.class having 5 <= count(t_courses_0.student),30.769,2272.85,11299,"HashAggregate  (cost=2041.02..2272.85 rows=6182 width=7) (actual rows=11299 loops=1)
  Group Key: class
  Filter: (5 <= count(student))
  Batches: 1  Memory Usage: 2577kB
  Rows Removed by Filter: 8569
  Buffers: shared hit=541
  ->  Seq Scan on courses t_courses_0  (cost=0.00..1541.01 rows=100001 width=12) (actual rows=100000 loops=1)
        Buffers: shared hit=541
Planning Time: 0.051 ms
Execution Time: 30.769 ms",40.522,2272.85,11299,"HashAggregate  (cost=2041.02..2272.85 rows=6182 width=7) (actual rows=11299 loops=1)
  Group Key: class
  Filter: (5 <= count(student))
  Batches: 1  Memory Usage: 2577kB
  Rows Removed by Filter: 8569
  Buffers: shared hit=541
  ->  Seq Scan on courses t_courses_0  (cost=0.00..1541.01 rows=100001 width=12) (actual rows=100000 loops=1)
        Buffers: shared hit=541
Planning Time: 0.083 ms
Execution Time: 40.522 ms",38.978,2272.85,11299,"HashAggregate  (cost=2041.02..2272.85 rows=6182 width=7) (actual rows=11299 loops=1)
  Group Key: class
  Filter: (5 <= count(student))
  Batches: 1  Memory Usage: 2577kB
  Rows Removed by Filter: 8569
  Buffers: shared hit=541
  ->  Seq Scan on courses t_courses_0  (cost=0.00..1541.01 rows=100001 width=12) (actual rows=100000 loops=1)
        Buffers: shared hit=541
Planning Time: 0.072 ms
Execution Time: 38.978 ms",37.828,2272.85,11299,"HashAggregate  (cost=2041.02..2272.85 rows=6182 width=7) (actual rows=11299 loops=1)
  Group Key: class
  Filter: (5 <= count(student))
  Batches: 1  Memory Usage: 2577kB
  Rows Removed by Filter: 8569
  Buffers: shared hit=541
  ->  Seq Scan on courses t_courses_0  (cost=0.00..1541.01 rows=100001 width=12) (actual rows=100000 loops=1)
        Buffers: shared hit=541
Planning Time: 0.078 ms
Execution Time: 37.828 ms",40.091,2272.85,11299,"HashAggregate  (cost=2041.02..2272.85 rows=6182 width=7) (actual rows=11299 loops=1)
  Group Key: class
  Filter: (5 <= count(student))
  Batches: 1  Memory Usage: 2577kB
  Rows Removed by Filter: 8569
  Buffers: shared hit=541
  ->  Seq Scan on courses t_courses_0  (cost=0.00..1541.01 rows=100001 width=12) (actual rows=100000 loops=1)
        Buffers: shared hit=541
Planning Time: 0.072 ms
Execution Time: 40.091 ms",37.6376,38.978,40.3065,40.6944,2272.85,2272.85,11299,11299,11299,11299
326,596,24,Easy,select t_courses_0.class as class from schema_596.courses as t_courses_0 group by t_courses_0.class having 5 <= count(t_courses_0.student),40.265,2272.85,11299,"HashAggregate  (cost=2041.02..2272.85 rows=6182 width=7) (actual rows=11299 loops=1)
  Group Key: class
  Filter: (5 <= count(student))
  Batches: 1  Memory Usage: 2577kB
  Rows Removed by Filter: 8569
  Buffers: shared hit=541
  ->  Seq Scan on courses t_courses_0  (cost=0.00..1541.01 rows=100001 width=12) (actual rows=100000 loops=1)
        Buffers: shared hit=541
Planning Time: 0.051 ms
Execution Time: 40.265 ms",49.84,2272.85,11299,"HashAggregate  (cost=2041.02..2272.85 rows=6182 width=7) (actual rows=11299 loops=1)
  Group Key: class
  Filter: (5 <= count(student))
  Batches: 1  Memory Usage: 2577kB
  Rows Removed by Filter: 8569
  Buffers: shared hit=541
  ->  Seq Scan on courses t_courses_0  (cost=0.00..1541.01 rows=100001 width=12) (actual rows=100000 loops=1)
        Buffers: shared hit=541
Planning Time: 0.078 ms
Execution Time: 49.840 ms",40.755,2272.85,11299,"HashAggregate  (cost=2041.02..2272.85 rows=6182 width=7) (actual rows=11299 loops=1)
  Group Key: class
  Filter: (5 <= count(student))
  Batches: 1  Memory Usage: 2577kB
  Rows Removed by Filter: 8569
  Buffers: shared hit=541
  ->  Seq Scan on courses t_courses_0  (cost=0.00..1541.01 rows=100001 width=12) (actual rows=100000 loops=1)
        Buffers: shared hit=541
Planning Time: 0.079 ms
Execution Time: 40.755 ms",38.7,2272.85,11299,"HashAggregate  (cost=2041.02..2272.85 rows=6182 width=7) (actual rows=11299 loops=1)
  Group Key: class
  Filter: (5 <= count(student))
  Batches: 1  Memory Usage: 2577kB
  Rows Removed by Filter: 8569
  Buffers: shared hit=541
  ->  Seq Scan on courses t_courses_0  (cost=0.00..1541.01 rows=100001 width=12) (actual rows=100000 loops=1)
        Buffers: shared hit=541
Planning Time: 0.063 ms
Execution Time: 38.700 ms",46.748,2272.85,11299,"HashAggregate  (cost=2041.02..2272.85 rows=6182 width=7) (actual rows=11299 loops=1)
  Group Key: class
  Filter: (5 <= count(student))
  Batches: 1  Memory Usage: 2577kB
  Rows Removed by Filter: 8569
  Buffers: shared hit=541
  ->  Seq Scan on courses t_courses_0  (cost=0.00..1541.01 rows=100001 width=12) (actual rows=100000 loops=1)
        Buffers: shared hit=541
Planning Time: 0.072 ms
Execution Time: 46.748 ms",43.2616,40.755,48.294,51.0768,2272.85,2272.85,11299,11299,11299,11299
327,596,26,Easy,select t_courses_0.class as class from schema_596.courses as t_courses_0 group by t_courses_0.class having 5 <= count(t_courses_0.student),46.059,2272.85,11299,"HashAggregate  (cost=2041.02..2272.85 rows=6182 width=7) (actual rows=11299 loops=1)
  Group Key: class
  Filter: (5 <= count(student))
  Batches: 1  Memory Usage: 2577kB
  Rows Removed by Filter: 8569
  Buffers: shared hit=541
  ->  Seq Scan on courses t_courses_0  (cost=0.00..1541.01 rows=100001 width=12) (actual rows=100000 loops=1)
        Buffers: shared hit=541
Planning Time: 0.052 ms
Execution Time: 46.059 ms",48.008,2272.85,11299,"HashAggregate  (cost=2041.02..2272.85 rows=6182 width=7) (actual rows=11299 loops=1)
  Group Key: class
  Filter: (5 <= count(student))
  Batches: 1  Memory Usage: 2577kB
  Rows Removed by Filter: 8569
  Buffers: shared hit=541
  ->  Seq Scan on courses t_courses_0  (cost=0.00..1541.01 rows=100001 width=12) (actual rows=100000 loops=1)
        Buffers: shared hit=541
Planning Time: 0.079 ms
Execution Time: 48.008 ms",59.607,2272.85,11299,"HashAggregate  (cost=2041.02..2272.85 rows=6182 width=7) (actual rows=11299 loops=1)
  Group Key: class
  Filter: (5 <= count(student))
  Batches: 1  Memory Usage: 2577kB
  Rows Removed by Filter: 8569
  Buffers: shared hit=541
  ->  Seq Scan on courses t_courses_0  (cost=0.00..1541.01 rows=100001 width=12) (actual rows=100000 loops=1)
        Buffers: shared hit=541
Planning Time: 0.098 ms
Execution Time: 59.607 ms",39.013,2272.85,11299,"HashAggregate  (cost=2041.02..2272.85 rows=6182 width=7) (actual rows=11299 loops=1)
  Group Key: class
  Filter: (5 <= count(student))
  Batches: 1  Memory Usage: 2577kB
  Rows Removed by Filter: 8569
  Buffers: shared hit=541
  ->  Seq Scan on courses t_courses_0  (cost=0.00..1541.01 rows=100001 width=12) (actual rows=100000 loops=1)
        Buffers: shared hit=541
Planning Time: 0.098 ms
Execution Time: 39.013 ms",45.881,2272.85,11299,"HashAggregate  (cost=2041.02..2272.85 rows=6182 width=7) (actual rows=11299 loops=1)
  Group Key: class
  Filter: (5 <= count(student))
  Batches: 1  Memory Usage: 2577kB
  Rows Removed by Filter: 8569
  Buffers: shared hit=541
  ->  Seq Scan on courses t_courses_0  (cost=0.00..1541.01 rows=100001 width=12) (actual rows=100000 loops=1)
        Buffers: shared hit=541
Planning Time: 0.071 ms
Execution Time: 45.881 ms",47.7136,46.059,53.8075,64.2466,2272.85,2272.85,11299,11299,11299,11299
328,596,31,Easy,select t_courses_0.class as class from schema_596.courses as t_courses_0 group by t_courses_0.class having 5 <= count(t_courses_0.student),31.122,2272.85,11299,"HashAggregate  (cost=2041.02..2272.85 rows=6182 width=7) (actual rows=11299 loops=1)
  Group Key: class
  Filter: (5 <= count(student))
  Batches: 1  Memory Usage: 2577kB
  Rows Removed by Filter: 8569
  Buffers: shared hit=541
  ->  Seq Scan on courses t_courses_0  (cost=0.00..1541.01 rows=100001 width=12) (actual rows=100000 loops=1)
        Buffers: shared hit=541
Planning Time: 0.051 ms
Execution Time: 31.122 ms",41.203,2272.85,11299,"HashAggregate  (cost=2041.02..2272.85 rows=6182 width=7) (actual rows=11299 loops=1)
  Group Key: class
  Filter: (5 <= count(student))
  Batches: 1  Memory Usage: 2577kB
  Rows Removed by Filter: 8569
  Buffers: shared hit=541
  ->  Seq Scan on courses t_courses_0  (cost=0.00..1541.01 rows=100001 width=12) (actual rows=100000 loops=1)
        Buffers: shared hit=541
Planning Time: 0.076 ms
Execution Time: 41.203 ms",36.497,2272.85,11299,"HashAggregate  (cost=2041.02..2272.85 rows=6182 width=7) (actual rows=11299 loops=1)
  Group Key: class
  Filter: (5 <= count(student))
  Batches: 1  Memory Usage: 2577kB
  Rows Removed by Filter: 8569
  Buffers: shared hit=541
  ->  Seq Scan on courses t_courses_0  (cost=0.00..1541.01 rows=100001 width=12) (actual rows=100000 loops=1)
        Buffers: shared hit=541
Planning Time: 0.092 ms
Execution Time: 36.497 ms",38.812,2272.85,11299,"HashAggregate  (cost=2041.02..2272.85 rows=6182 width=7) (actual rows=11299 loops=1)
  Group Key: class
  Filter: (5 <= count(student))
  Batches: 1  Memory Usage: 2577kB
  Rows Removed by Filter: 8569
  Buffers: shared hit=541
  ->  Seq Scan on courses t_courses_0  (cost=0.00..1541.01 rows=100001 width=12) (actual rows=100000 loops=1)
        Buffers: shared hit=541
Planning Time: 0.082 ms
Execution Time: 38.812 ms",40.453,2272.85,11299,"HashAggregate  (cost=2041.02..2272.85 rows=6182 width=7) (actual rows=11299 loops=1)
  Group Key: class
  Filter: (5 <= count(student))
  Batches: 1  Memory Usage: 2577kB
  Rows Removed by Filter: 8569
  Buffers: shared hit=541
  ->  Seq Scan on courses t_courses_0  (cost=0.00..1541.01 rows=100001 width=12) (actual rows=100000 loops=1)
        Buffers: shared hit=541
Planning Time: 0.070 ms
Execution Time: 40.453 ms",37.6174,38.812,40.828,41.503,2272.85,2272.85,11299,11299,11299,11299
329,596,34,Easy,select t_courses_0.class as class from schema_596.courses as t_courses_0 group by t_courses_0.class having 4 < count(t_courses_0.student),32.81,2272.85,11299,"HashAggregate  (cost=2041.02..2272.85 rows=6182 width=7) (actual rows=11299 loops=1)
  Group Key: class
  Filter: (4 < count(student))
  Batches: 1  Memory Usage: 2577kB
  Rows Removed by Filter: 8569
  Buffers: shared hit=541
  ->  Seq Scan on courses t_courses_0  (cost=0.00..1541.01 rows=100001 width=12) (actual rows=100000 loops=1)
        Buffers: shared hit=541
Planning Time: 0.080 ms
Execution Time: 32.810 ms",41.966,2272.85,11299,"HashAggregate  (cost=2041.02..2272.85 rows=6182 width=7) (actual rows=11299 loops=1)
  Group Key: class
  Filter: (4 < count(student))
  Batches: 1  Memory Usage: 2577kB
  Rows Removed by Filter: 8569
  Buffers: shared hit=541
  ->  Seq Scan on courses t_courses_0  (cost=0.00..1541.01 rows=100001 width=12) (actual rows=100000 loops=1)
        Buffers: shared hit=541
Planning Time: 0.082 ms
Execution Time: 41.966 ms",37.027,2272.85,11299,"HashAggregate  (cost=2041.02..2272.85 rows=6182 width=7) (actual rows=11299 loops=1)
  Group Key: class
  Filter: (4 < count(student))
  Batches: 1  Memory Usage: 2577kB
  Rows Removed by Filter: 8569
  Buffers: shared hit=541
  ->  Seq Scan on courses t_courses_0  (cost=0.00..1541.01 rows=100001 width=12) (actual rows=100000 loops=1)
        Buffers: shared hit=541
Planning Time: 0.093 ms
Execution Time: 37.027 ms",38.926,2272.85,11299,"HashAggregate  (cost=2041.02..2272.85 rows=6182 width=7) (actual rows=11299 loops=1)
  Group Key: class
  Filter: (4 < count(student))
  Batches: 1  Memory Usage: 2577kB
  Rows Removed by Filter: 8569
  Buffers: shared hit=541
  ->  Seq Scan on courses t_courses_0  (cost=0.00..1541.01 rows=100001 width=12) (actual rows=100000 loops=1)
        Buffers: shared hit=541
Planning Time: 0.122 ms
Execution Time: 38.926 ms",40.919,2272.85,11299,"HashAggregate  (cost=2041.02..2272.85 rows=6182 width=7) (actual rows=11299 loops=1)
  Group Key: class
  Filter: (4 < count(student))
  Batches: 1  Memory Usage: 2577kB
  Rows Removed by Filter: 8569
  Buffers: shared hit=541
  ->  Seq Scan on courses t_courses_0  (cost=0.00..1541.01 rows=100001 width=12) (actual rows=100000 loops=1)
        Buffers: shared hit=541
Planning Time: 0.071 ms
Execution Time: 40.919 ms",38.3296,38.926,41.4425,42.3848,2272.85,2272.85,11299,11299,11299,11299
330,596,52,Easy,select t_courses_0.class as class from schema_596.courses as t_courses_0 group by t_courses_0.class having 5 <= count(t_courses_0.student),33.06,2272.85,11299,"HashAggregate  (cost=2041.02..2272.85 rows=6182 width=7) (actual rows=11299 loops=1)
  Group Key: class
  Filter: (5 <= count(student))
  Batches: 1  Memory Usage: 2577kB
  Rows Removed by Filter: 8569
  Buffers: shared hit=541
  ->  Seq Scan on courses t_courses_0  (cost=0.00..1541.01 rows=100001 width=12) (actual rows=100000 loops=1)
        Buffers: shared hit=541
Planning Time: 0.058 ms
Execution Time: 33.060 ms",39.388,2272.85,11299,"HashAggregate  (cost=2041.02..2272.85 rows=6182 width=7) (actual rows=11299 loops=1)
  Group Key: class
  Filter: (5 <= count(student))
  Batches: 1  Memory Usage: 2577kB
  Rows Removed by Filter: 8569
  Buffers: shared hit=541
  ->  Seq Scan on courses t_courses_0  (cost=0.00..1541.01 rows=100001 width=12) (actual rows=100000 loops=1)
        Buffers: shared hit=541
Planning Time: 0.083 ms
Execution Time: 39.388 ms",43.907,2272.85,11299,"HashAggregate  (cost=2041.02..2272.85 rows=6182 width=7) (actual rows=11299 loops=1)
  Group Key: class
  Filter: (5 <= count(student))
  Batches: 1  Memory Usage: 2577kB
  Rows Removed by Filter: 8569
  Buffers: shared hit=541
  ->  Seq Scan on courses t_courses_0  (cost=0.00..1541.01 rows=100001 width=12) (actual rows=100000 loops=1)
        Buffers: shared hit=541
Planning Time: 0.065 ms
Execution Time: 43.907 ms",37.521,2272.85,11299,"HashAggregate  (cost=2041.02..2272.85 rows=6182 width=7) (actual rows=11299 loops=1)
  Group Key: class
  Filter: (5 <= count(student))
  Batches: 1  Memory Usage: 2577kB
  Rows Removed by Filter: 8569
  Buffers: shared hit=541
  ->  Seq Scan on courses t_courses_0  (cost=0.00..1541.01 rows=100001 width=12) (actual rows=100000 loops=1)
        Buffers: shared hit=541
Planning Time: 0.075 ms
Execution Time: 37.521 ms",51.927,2272.85,11299,"HashAggregate  (cost=2041.02..2272.85 rows=6182 width=7) (actual rows=11299 loops=1)
  Group Key: class
  Filter: (5 <= count(student))
  Batches: 1  Memory Usage: 2577kB
  Rows Removed by Filter: 8569
  Buffers: shared hit=541
  ->  Seq Scan on courses t_courses_0  (cost=0.00..1541.01 rows=100001 width=12) (actual rows=100000 loops=1)
        Buffers: shared hit=541
Planning Time: 0.086 ms
Execution Time: 51.927 ms",41.1606,39.388,47.917,55.135,2272.85,2272.85,11299,11299,11299,11299
331,596,53,Easy,select t_courses_0.class as class from schema_596.courses as t_courses_0 group by t_courses_0.class having 5 <= count(t_courses_0.student),31.197,2272.85,11299,"HashAggregate  (cost=2041.02..2272.85 rows=6182 width=7) (actual rows=11299 loops=1)
  Group Key: class
  Filter: (5 <= count(student))
  Batches: 1  Memory Usage: 2577kB
  Rows Removed by Filter: 8569
  Buffers: shared hit=541
  ->  Seq Scan on courses t_courses_0  (cost=0.00..1541.01 rows=100001 width=12) (actual rows=100000 loops=1)
        Buffers: shared hit=541
Planning Time: 0.062 ms
Execution Time: 31.197 ms",39.812,2272.85,11299,"HashAggregate  (cost=2041.02..2272.85 rows=6182 width=7) (actual rows=11299 loops=1)
  Group Key: class
  Filter: (5 <= count(student))
  Batches: 1  Memory Usage: 2577kB
  Rows Removed by Filter: 8569
  Buffers: shared hit=541
  ->  Seq Scan on courses t_courses_0  (cost=0.00..1541.01 rows=100001 width=12) (actual rows=100000 loops=1)
        Buffers: shared hit=541
Planning Time: 0.075 ms
Execution Time: 39.812 ms",39.895,2272.85,11299,"HashAggregate  (cost=2041.02..2272.85 rows=6182 width=7) (actual rows=11299 loops=1)
  Group Key: class
  Filter: (5 <= count(student))
  Batches: 1  Memory Usage: 2577kB
  Rows Removed by Filter: 8569
  Buffers: shared hit=541
  ->  Seq Scan on courses t_courses_0  (cost=0.00..1541.01 rows=100001 width=12) (actual rows=100000 loops=1)
        Buffers: shared hit=541
Planning Time: 0.071 ms
Execution Time: 39.895 ms",43.011,2272.85,11299,"HashAggregate  (cost=2041.02..2272.85 rows=6182 width=7) (actual rows=11299 loops=1)
  Group Key: class
  Filter: (5 <= count(student))
  Batches: 1  Memory Usage: 2577kB
  Rows Removed by Filter: 8569
  Buffers: shared hit=541
  ->  Seq Scan on courses t_courses_0  (cost=0.00..1541.01 rows=100001 width=12) (actual rows=100000 loops=1)
        Buffers: shared hit=541
Planning Time: 0.107 ms
Execution Time: 43.011 ms",40.943,2272.85,11299,"HashAggregate  (cost=2041.02..2272.85 rows=6182 width=7) (actual rows=11299 loops=1)
  Group Key: class
  Filter: (5 <= count(student))
  Batches: 1  Memory Usage: 2577kB
  Rows Removed by Filter: 8569
  Buffers: shared hit=541
  ->  Seq Scan on courses t_courses_0  (cost=0.00..1541.01 rows=100001 width=12) (actual rows=100000 loops=1)
        Buffers: shared hit=541
Planning Time: 0.147 ms
Execution Time: 40.943 ms",38.9716,39.895,41.977,43.8382,2272.85,2272.85,11299,11299,11299,11299
332,596,60,Easy,select t_courses_0.class as class from schema_596.courses as t_courses_0 group by t_courses_0.class having 5 <= count(t_courses_0.student),41.127,2272.85,11299,"HashAggregate  (cost=2041.02..2272.85 rows=6182 width=7) (actual rows=11299 loops=1)
  Group Key: class
  Filter: (5 <= count(student))
  Batches: 1  Memory Usage: 2577kB
  Rows Removed by Filter: 8569
  Buffers: shared hit=541
  ->  Seq Scan on courses t_courses_0  (cost=0.00..1541.01 rows=100001 width=12) (actual rows=100000 loops=1)
        Buffers: shared hit=541
Planning Time: 0.070 ms
Execution Time: 41.127 ms",44.976,2272.85,11299,"HashAggregate  (cost=2041.02..2272.85 rows=6182 width=7) (actual rows=11299 loops=1)
  Group Key: class
  Filter: (5 <= count(student))
  Batches: 1  Memory Usage: 2577kB
  Rows Removed by Filter: 8569
  Buffers: shared hit=541
  ->  Seq Scan on courses t_courses_0  (cost=0.00..1541.01 rows=100001 width=12) (actual rows=100000 loops=1)
        Buffers: shared hit=541
Planning Time: 0.074 ms
Execution Time: 44.976 ms",38.523,2272.85,11299,"HashAggregate  (cost=2041.02..2272.85 rows=6182 width=7) (actual rows=11299 loops=1)
  Group Key: class
  Filter: (5 <= count(student))
  Batches: 1  Memory Usage: 2577kB
  Rows Removed by Filter: 8569
  Buffers: shared hit=541
  ->  Seq Scan on courses t_courses_0  (cost=0.00..1541.01 rows=100001 width=12) (actual rows=100000 loops=1)
        Buffers: shared hit=541
Planning Time: 0.068 ms
Execution Time: 38.523 ms",37.693,2272.85,11299,"HashAggregate  (cost=2041.02..2272.85 rows=6182 width=7) (actual rows=11299 loops=1)
  Group Key: class
  Filter: (5 <= count(student))
  Batches: 1  Memory Usage: 2577kB
  Rows Removed by Filter: 8569
  Buffers: shared hit=541
  ->  Seq Scan on courses t_courses_0  (cost=0.00..1541.01 rows=100001 width=12) (actual rows=100000 loops=1)
        Buffers: shared hit=541
Planning Time: 0.072 ms
Execution Time: 37.693 ms",45.782,2272.85,11299,"HashAggregate  (cost=2041.02..2272.85 rows=6182 width=7) (actual rows=11299 loops=1)
  Group Key: class
  Filter: (5 <= count(student))
  Batches: 1  Memory Usage: 2577kB
  Rows Removed by Filter: 8569
  Buffers: shared hit=541
  ->  Seq Scan on courses t_courses_0  (cost=0.00..1541.01 rows=100001 width=12) (actual rows=100000 loops=1)
        Buffers: shared hit=541
Planning Time: 0.068 ms
Execution Time: 45.782 ms",41.6202,41.127,45.379,46.1044,2272.85,2272.85,11299,11299,11299,11299
333,596,61,Easy,select t_courses_0.class as class from schema_596.courses as t_courses_0 group by t_courses_0.class having 5 <= count(t_courses_0.student),31.774,2272.85,11299,"HashAggregate  (cost=2041.02..2272.85 rows=6182 width=7) (actual rows=11299 loops=1)
  Group Key: class
  Filter: (5 <= count(student))
  Batches: 1  Memory Usage: 2577kB
  Rows Removed by Filter: 8569
  Buffers: shared hit=541
  ->  Seq Scan on courses t_courses_0  (cost=0.00..1541.01 rows=100001 width=12) (actual rows=100000 loops=1)
        Buffers: shared hit=541
Planning Time: 0.051 ms
Execution Time: 31.774 ms",37.234,2272.85,11299,"HashAggregate  (cost=2041.02..2272.85 rows=6182 width=7) (actual rows=11299 loops=1)
  Group Key: class
  Filter: (5 <= count(student))
  Batches: 1  Memory Usage: 2577kB
  Rows Removed by Filter: 8569
  Buffers: shared hit=541
  ->  Seq Scan on courses t_courses_0  (cost=0.00..1541.01 rows=100001 width=12) (actual rows=100000 loops=1)
        Buffers: shared hit=541
Planning Time: 0.082 ms
Execution Time: 37.234 ms",38.18,2272.85,11299,"HashAggregate  (cost=2041.02..2272.85 rows=6182 width=7) (actual rows=11299 loops=1)
  Group Key: class
  Filter: (5 <= count(student))
  Batches: 1  Memory Usage: 2577kB
  Rows Removed by Filter: 8569
  Buffers: shared hit=541
  ->  Seq Scan on courses t_courses_0  (cost=0.00..1541.01 rows=100001 width=12) (actual rows=100000 loops=1)
        Buffers: shared hit=541
Planning Time: 0.132 ms
Execution Time: 38.180 ms",50.805,2272.85,11299,"HashAggregate  (cost=2041.02..2272.85 rows=6182 width=7) (actual rows=11299 loops=1)
  Group Key: class
  Filter: (5 <= count(student))
  Batches: 1  Memory Usage: 2577kB
  Rows Removed by Filter: 8569
  Buffers: shared hit=541
  ->  Seq Scan on courses t_courses_0  (cost=0.00..1541.01 rows=100001 width=12) (actual rows=100000 loops=1)
        Buffers: shared hit=541
Planning Time: 0.068 ms
Execution Time: 50.805 ms",39.789,2272.85,11299,"HashAggregate  (cost=2041.02..2272.85 rows=6182 width=7) (actual rows=11299 loops=1)
  Group Key: class
  Filter: (5 <= count(student))
  Batches: 1  Memory Usage: 2577kB
  Rows Removed by Filter: 8569
  Buffers: shared hit=541
  ->  Seq Scan on courses t_courses_0  (cost=0.00..1541.01 rows=100001 width=12) (actual rows=100000 loops=1)
        Buffers: shared hit=541
Planning Time: 0.142 ms
Execution Time: 39.789 ms",39.5564,38.18,45.297,55.2114,2272.85,2272.85,11299,11299,11299,11299
334,596,62,Easy,select t_courses_0.class as class from schema_596.courses as t_courses_0 group by t_courses_0.class having 5 <= count(t_courses_0.student),33.169,2272.85,11299,"HashAggregate  (cost=2041.02..2272.85 rows=6182 width=7) (actual rows=11299 loops=1)
  Group Key: class
  Filter: (5 <= count(student))
  Batches: 1  Memory Usage: 2577kB
  Rows Removed by Filter: 8569
  Buffers: shared hit=541
  ->  Seq Scan on courses t_courses_0  (cost=0.00..1541.01 rows=100001 width=12) (actual rows=100000 loops=1)
        Buffers: shared hit=541
Planning Time: 0.067 ms
Execution Time: 33.169 ms",41.281,2272.85,11299,"HashAggregate  (cost=2041.02..2272.85 rows=6182 width=7) (actual rows=11299 loops=1)
  Group Key: class
  Filter: (5 <= count(student))
  Batches: 1  Memory Usage: 2577kB
  Rows Removed by Filter: 8569
  Buffers: shared hit=541
  ->  Seq Scan on courses t_courses_0  (cost=0.00..1541.01 rows=100001 width=12) (actual rows=100000 loops=1)
        Buffers: shared hit=541
Planning Time: 0.104 ms
Execution Time: 41.281 ms",39.306,2272.85,11299,"HashAggregate  (cost=2041.02..2272.85 rows=6182 width=7) (actual rows=11299 loops=1)
  Group Key: class
  Filter: (5 <= count(student))
  Batches: 1  Memory Usage: 2577kB
  Rows Removed by Filter: 8569
  Buffers: shared hit=541
  ->  Seq Scan on courses t_courses_0  (cost=0.00..1541.01 rows=100001 width=12) (actual rows=100000 loops=1)
        Buffers: shared hit=541
Planning Time: 0.090 ms
Execution Time: 39.306 ms",38.264,2272.85,11299,"HashAggregate  (cost=2041.02..2272.85 rows=6182 width=7) (actual rows=11299 loops=1)
  Group Key: class
  Filter: (5 <= count(student))
  Batches: 1  Memory Usage: 2577kB
  Rows Removed by Filter: 8569
  Buffers: shared hit=541
  ->  Seq Scan on courses t_courses_0  (cost=0.00..1541.01 rows=100001 width=12) (actual rows=100000 loops=1)
        Buffers: shared hit=541
Planning Time: 0.074 ms
Execution Time: 38.264 ms",50.777,2272.85,11299,"HashAggregate  (cost=2041.02..2272.85 rows=6182 width=7) (actual rows=11299 loops=1)
  Group Key: class
  Filter: (5 <= count(student))
  Batches: 1  Memory Usage: 2577kB
  Rows Removed by Filter: 8569
  Buffers: shared hit=541
  ->  Seq Scan on courses t_courses_0  (cost=0.00..1541.01 rows=100001 width=12) (actual rows=100000 loops=1)
        Buffers: shared hit=541
Planning Time: 0.077 ms
Execution Time: 50.777 ms",40.5594,39.306,46.029,54.5754,2272.85,2272.85,11299,11299,11299,11299
335,596,63,Easy,select t_courses_0.class as class from schema_596.courses as t_courses_0 group by t_courses_0.class having 5 <= count(t_courses_0.class),31.484,2272.85,11299,"HashAggregate  (cost=2041.02..2272.85 rows=6182 width=7) (actual rows=11299 loops=1)
  Group Key: class
  Filter: (5 <= count(class))
  Batches: 1  Memory Usage: 2577kB
  Rows Removed by Filter: 8569
  Buffers: shared hit=541
  ->  Seq Scan on courses t_courses_0  (cost=0.00..1541.01 rows=100001 width=7) (actual rows=100000 loops=1)
        Buffers: shared hit=541
Planning Time: 0.065 ms
Execution Time: 31.484 ms",40.772,2272.85,11299,"HashAggregate  (cost=2041.02..2272.85 rows=6182 width=7) (actual rows=11299 loops=1)
  Group Key: class
  Filter: (5 <= count(class))
  Batches: 1  Memory Usage: 2577kB
  Rows Removed by Filter: 8569
  Buffers: shared hit=541
  ->  Seq Scan on courses t_courses_0  (cost=0.00..1541.01 rows=100001 width=7) (actual rows=100000 loops=1)
        Buffers: shared hit=541
Planning Time: 0.132 ms
Execution Time: 40.772 ms",42.779,2272.85,11299,"HashAggregate  (cost=2041.02..2272.85 rows=6182 width=7) (actual rows=11299 loops=1)
  Group Key: class
  Filter: (5 <= count(class))
  Batches: 1  Memory Usage: 2577kB
  Rows Removed by Filter: 8569
  Buffers: shared hit=541
  ->  Seq Scan on courses t_courses_0  (cost=0.00..1541.01 rows=100001 width=7) (actual rows=100000 loops=1)
        Buffers: shared hit=541
Planning Time: 0.069 ms
Execution Time: 42.779 ms",42.698,2272.85,11299,"HashAggregate  (cost=2041.02..2272.85 rows=6182 width=7) (actual rows=11299 loops=1)
  Group Key: class
  Filter: (5 <= count(class))
  Batches: 1  Memory Usage: 2577kB
  Rows Removed by Filter: 8569
  Buffers: shared hit=541
  ->  Seq Scan on courses t_courses_0  (cost=0.00..1541.01 rows=100001 width=7) (actual rows=100000 loops=1)
        Buffers: shared hit=541
Planning Time: 0.068 ms
Execution Time: 42.698 ms",40.989,2272.85,11299,"HashAggregate  (cost=2041.02..2272.85 rows=6182 width=7) (actual rows=11299 loops=1)
  Group Key: class
  Filter: (5 <= count(class))
  Batches: 1  Memory Usage: 2577kB
  Rows Removed by Filter: 8569
  Buffers: shared hit=541
  ->  Seq Scan on courses t_courses_0  (cost=0.00..1541.01 rows=100001 width=7) (actual rows=100000 loops=1)
        Buffers: shared hit=541
Planning Time: 0.069 ms
Execution Time: 40.989 ms",39.7444,40.989,42.7385,42.8114,2272.85,2272.85,11299,11299,11299,11299
336,596,77,Easy,select t_courses_0.class as class from schema_596.courses as t_courses_0 group by t_courses_0.class having 5 <= count(t_courses_0.class),31.431,2272.85,11299,"HashAggregate  (cost=2041.02..2272.85 rows=6182 width=7) (actual rows=11299 loops=1)
  Group Key: class
  Filter: (5 <= count(class))
  Batches: 1  Memory Usage: 2577kB
  Rows Removed by Filter: 8569
  Buffers: shared hit=541
  ->  Seq Scan on courses t_courses_0  (cost=0.00..1541.01 rows=100001 width=7) (actual rows=100000 loops=1)
        Buffers: shared hit=541
Planning Time: 0.050 ms
Execution Time: 31.431 ms",42.181,2272.85,11299,"HashAggregate  (cost=2041.02..2272.85 rows=6182 width=7) (actual rows=11299 loops=1)
  Group Key: class
  Filter: (5 <= count(class))
  Batches: 1  Memory Usage: 2577kB
  Rows Removed by Filter: 8569
  Buffers: shared hit=541
  ->  Seq Scan on courses t_courses_0  (cost=0.00..1541.01 rows=100001 width=7) (actual rows=100000 loops=1)
        Buffers: shared hit=541
Planning Time: 0.073 ms
Execution Time: 42.181 ms",46.743,2272.85,11299,"HashAggregate  (cost=2041.02..2272.85 rows=6182 width=7) (actual rows=11299 loops=1)
  Group Key: class
  Filter: (5 <= count(class))
  Batches: 1  Memory Usage: 2577kB
  Rows Removed by Filter: 8569
  Buffers: shared hit=541
  ->  Seq Scan on courses t_courses_0  (cost=0.00..1541.01 rows=100001 width=7) (actual rows=100000 loops=1)
        Buffers: shared hit=541
Planning Time: 0.056 ms
Execution Time: 46.743 ms",38.501,2272.85,11299,"HashAggregate  (cost=2041.02..2272.85 rows=6182 width=7) (actual rows=11299 loops=1)
  Group Key: class
  Filter: (5 <= count(class))
  Batches: 1  Memory Usage: 2577kB
  Rows Removed by Filter: 8569
  Buffers: shared hit=541
  ->  Seq Scan on courses t_courses_0  (cost=0.00..1541.01 rows=100001 width=7) (actual rows=100000 loops=1)
        Buffers: shared hit=541
Planning Time: 0.086 ms
Execution Time: 38.501 ms",39.431,2272.85,11299,"HashAggregate  (cost=2041.02..2272.85 rows=6182 width=7) (actual rows=11299 loops=1)
  Group Key: class
  Filter: (5 <= count(class))
  Batches: 1  Memory Usage: 2577kB
  Rows Removed by Filter: 8569
  Buffers: shared hit=541
  ->  Seq Scan on courses t_courses_0  (cost=0.00..1541.01 rows=100001 width=7) (actual rows=100000 loops=1)
        Buffers: shared hit=541
Planning Time: 0.079 ms
Execution Time: 39.431 ms",39.6574,39.431,44.462,48.5678,2272.85,2272.85,11299,11299,11299,11299
337,596,78,Easy,select t_courses_0.class as class from schema_596.courses as t_courses_0 group by t_courses_0.class having 5 <= count(t_courses_0.class),33.38,2272.85,11299,"HashAggregate  (cost=2041.02..2272.85 rows=6182 width=7) (actual rows=11299 loops=1)
  Group Key: class
  Filter: (5 <= count(class))
  Batches: 1  Memory Usage: 2577kB
  Rows Removed by Filter: 8569
  Buffers: shared hit=541
  ->  Seq Scan on courses t_courses_0  (cost=0.00..1541.01 rows=100001 width=7) (actual rows=100000 loops=1)
        Buffers: shared hit=541
Planning Time: 0.093 ms
Execution Time: 33.380 ms",37.931,2272.85,11299,"HashAggregate  (cost=2041.02..2272.85 rows=6182 width=7) (actual rows=11299 loops=1)
  Group Key: class
  Filter: (5 <= count(class))
  Batches: 1  Memory Usage: 2577kB
  Rows Removed by Filter: 8569
  Buffers: shared hit=541
  ->  Seq Scan on courses t_courses_0  (cost=0.00..1541.01 rows=100001 width=7) (actual rows=100000 loops=1)
        Buffers: shared hit=541
Planning Time: 0.090 ms
Execution Time: 37.931 ms",40.815,2272.85,11299,"HashAggregate  (cost=2041.02..2272.85 rows=6182 width=7) (actual rows=11299 loops=1)
  Group Key: class
  Filter: (5 <= count(class))
  Batches: 1  Memory Usage: 2577kB
  Rows Removed by Filter: 8569
  Buffers: shared hit=541
  ->  Seq Scan on courses t_courses_0  (cost=0.00..1541.01 rows=100001 width=7) (actual rows=100000 loops=1)
        Buffers: shared hit=541
Planning Time: 0.074 ms
Execution Time: 40.815 ms",38.613,2272.85,11299,"HashAggregate  (cost=2041.02..2272.85 rows=6182 width=7) (actual rows=11299 loops=1)
  Group Key: class
  Filter: (5 <= count(class))
  Batches: 1  Memory Usage: 2577kB
  Rows Removed by Filter: 8569
  Buffers: shared hit=541
  ->  Seq Scan on courses t_courses_0  (cost=0.00..1541.01 rows=100001 width=7) (actual rows=100000 loops=1)
        Buffers: shared hit=541
Planning Time: 0.086 ms
Execution Time: 38.613 ms",67.483,2272.85,11299,"HashAggregate  (cost=2041.02..2272.85 rows=6182 width=7) (actual rows=11299 loops=1)
  Group Key: class
  Filter: (5 <= count(class))
  Batches: 1  Memory Usage: 2577kB
  Rows Removed by Filter: 8569
  Buffers: shared hit=541
  ->  Seq Scan on courses t_courses_0  (cost=0.00..1541.01 rows=100001 width=7) (actual rows=100000 loops=1)
        Buffers: shared hit=541
Planning Time: 0.111 ms
Execution Time: 67.483 ms",43.6444,38.613,54.149,78.1502,2272.85,2272.85,11299,11299,11299,11299
338,596,80,Easy,select t_courses_0.class as class from schema_596.courses as t_courses_0 group by t_courses_0.class having 5 <= count(t_courses_0.student),33.731,2272.85,11299,"HashAggregate  (cost=2041.02..2272.85 rows=6182 width=7) (actual rows=11299 loops=1)
  Group Key: class
  Filter: (5 <= count(student))
  Batches: 1  Memory Usage: 2577kB
  Rows Removed by Filter: 8569
  Buffers: shared hit=541
  ->  Seq Scan on courses t_courses_0  (cost=0.00..1541.01 rows=100001 width=12) (actual rows=100000 loops=1)
        Buffers: shared hit=541
Planning Time: 0.071 ms
Execution Time: 33.731 ms",43.893,2272.85,11299,"HashAggregate  (cost=2041.02..2272.85 rows=6182 width=7) (actual rows=11299 loops=1)
  Group Key: class
  Filter: (5 <= count(student))
  Batches: 1  Memory Usage: 2577kB
  Rows Removed by Filter: 8569
  Buffers: shared hit=541
  ->  Seq Scan on courses t_courses_0  (cost=0.00..1541.01 rows=100001 width=12) (actual rows=100000 loops=1)
        Buffers: shared hit=541
Planning Time: 0.067 ms
Execution Time: 43.893 ms",37.943,2272.85,11299,"HashAggregate  (cost=2041.02..2272.85 rows=6182 width=7) (actual rows=11299 loops=1)
  Group Key: class
  Filter: (5 <= count(student))
  Batches: 1  Memory Usage: 2577kB
  Rows Removed by Filter: 8569
  Buffers: shared hit=541
  ->  Seq Scan on courses t_courses_0  (cost=0.00..1541.01 rows=100001 width=12) (actual rows=100000 loops=1)
        Buffers: shared hit=541
Planning Time: 0.064 ms
Execution Time: 37.943 ms",39.196,2272.85,11299,"HashAggregate  (cost=2041.02..2272.85 rows=6182 width=7) (actual rows=11299 loops=1)
  Group Key: class
  Filter: (5 <= count(student))
  Batches: 1  Memory Usage: 2577kB
  Rows Removed by Filter: 8569
  Buffers: shared hit=541
  ->  Seq Scan on courses t_courses_0  (cost=0.00..1541.01 rows=100001 width=12) (actual rows=100000 loops=1)
        Buffers: shared hit=541
Planning Time: 0.080 ms
Execution Time: 39.196 ms",39.022,2272.85,11299,"HashAggregate  (cost=2041.02..2272.85 rows=6182 width=7) (actual rows=11299 loops=1)
  Group Key: class
  Filter: (5 <= count(student))
  Batches: 1  Memory Usage: 2577kB
  Rows Removed by Filter: 8569
  Buffers: shared hit=541
  ->  Seq Scan on courses t_courses_0  (cost=0.00..1541.01 rows=100001 width=12) (actual rows=100000 loops=1)
        Buffers: shared hit=541
Planning Time: 0.060 ms
Execution Time: 39.022 ms",38.757,39.022,41.5445,45.7718,2272.85,2272.85,11299,11299,11299,11299
339,596,81,Easy,select t_courses_0.class as class from schema_596.courses as t_courses_0 group by t_courses_0.class having 4 < count(t_courses_0.student),33.329,2272.85,11299,"HashAggregate  (cost=2041.02..2272.85 rows=6182 width=7) (actual rows=11299 loops=1)
  Group Key: class
  Filter: (4 < count(student))
  Batches: 1  Memory Usage: 2577kB
  Rows Removed by Filter: 8569
  Buffers: shared hit=541
  ->  Seq Scan on courses t_courses_0  (cost=0.00..1541.01 rows=100001 width=12) (actual rows=100000 loops=1)
        Buffers: shared hit=541
Planning Time: 0.071 ms
Execution Time: 33.329 ms",41.77,2272.85,11299,"HashAggregate  (cost=2041.02..2272.85 rows=6182 width=7) (actual rows=11299 loops=1)
  Group Key: class
  Filter: (4 < count(student))
  Batches: 1  Memory Usage: 2577kB
  Rows Removed by Filter: 8569
  Buffers: shared hit=541
  ->  Seq Scan on courses t_courses_0  (cost=0.00..1541.01 rows=100001 width=12) (actual rows=100000 loops=1)
        Buffers: shared hit=541
Planning Time: 0.068 ms
Execution Time: 41.770 ms",51.148,2272.85,11299,"HashAggregate  (cost=2041.02..2272.85 rows=6182 width=7) (actual rows=11299 loops=1)
  Group Key: class
  Filter: (4 < count(student))
  Batches: 1  Memory Usage: 2577kB
  Rows Removed by Filter: 8569
  Buffers: shared hit=541
  ->  Seq Scan on courses t_courses_0  (cost=0.00..1541.01 rows=100001 width=12) (actual rows=100000 loops=1)
        Buffers: shared hit=541
Planning Time: 0.061 ms
Execution Time: 51.148 ms",47.913,2272.85,11299,"HashAggregate  (cost=2041.02..2272.85 rows=6182 width=7) (actual rows=11299 loops=1)
  Group Key: class
  Filter: (4 < count(student))
  Batches: 1  Memory Usage: 2577kB
  Rows Removed by Filter: 8569
  Buffers: shared hit=541
  ->  Seq Scan on courses t_courses_0  (cost=0.00..1541.01 rows=100001 width=12) (actual rows=100000 loops=1)
        Buffers: shared hit=541
Planning Time: 0.080 ms
Execution Time: 47.913 ms",39.125,2272.85,11299,"HashAggregate  (cost=2041.02..2272.85 rows=6182 width=7) (actual rows=11299 loops=1)
  Group Key: class
  Filter: (4 < count(student))
  Batches: 1  Memory Usage: 2577kB
  Rows Removed by Filter: 8569
  Buffers: shared hit=541
  ->  Seq Scan on courses t_courses_0  (cost=0.00..1541.01 rows=100001 width=12) (actual rows=100000 loops=1)
        Buffers: shared hit=541
Planning Time: 0.089 ms
Execution Time: 39.125 ms",42.657,41.77,49.5305,52.442,2272.85,2272.85,11299,11299,11299,11299
340,596,84,Easy,select t_courses_0.class as class from schema_596.courses as t_courses_0 group by t_courses_0.class having 5 <= count(t_courses_0.student),30.505,2272.85,11299,"HashAggregate  (cost=2041.02..2272.85 rows=6182 width=7) (actual rows=11299 loops=1)
  Group Key: class
  Filter: (5 <= count(student))
  Batches: 1  Memory Usage: 2577kB
  Rows Removed by Filter: 8569
  Buffers: shared hit=541
  ->  Seq Scan on courses t_courses_0  (cost=0.00..1541.01 rows=100001 width=12) (actual rows=100000 loops=1)
        Buffers: shared hit=541
Planning Time: 0.052 ms
Execution Time: 30.505 ms",39.179,2272.85,11299,"HashAggregate  (cost=2041.02..2272.85 rows=6182 width=7) (actual rows=11299 loops=1)
  Group Key: class
  Filter: (5 <= count(student))
  Batches: 1  Memory Usage: 2577kB
  Rows Removed by Filter: 8569
  Buffers: shared hit=541
  ->  Seq Scan on courses t_courses_0  (cost=0.00..1541.01 rows=100001 width=12) (actual rows=100000 loops=1)
        Buffers: shared hit=541
Planning Time: 0.135 ms
Execution Time: 39.179 ms",44.333,2272.85,11299,"HashAggregate  (cost=2041.02..2272.85 rows=6182 width=7) (actual rows=11299 loops=1)
  Group Key: class
  Filter: (5 <= count(student))
  Batches: 1  Memory Usage: 2577kB
  Rows Removed by Filter: 8569
  Buffers: shared hit=541
  ->  Seq Scan on courses t_courses_0  (cost=0.00..1541.01 rows=100001 width=12) (actual rows=100000 loops=1)
        Buffers: shared hit=541
Planning Time: 0.074 ms
Execution Time: 44.333 ms",39.122,2272.85,11299,"HashAggregate  (cost=2041.02..2272.85 rows=6182 width=7) (actual rows=11299 loops=1)
  Group Key: class
  Filter: (5 <= count(student))
  Batches: 1  Memory Usage: 2577kB
  Rows Removed by Filter: 8569
  Buffers: shared hit=541
  ->  Seq Scan on courses t_courses_0  (cost=0.00..1541.01 rows=100001 width=12) (actual rows=100000 loops=1)
        Buffers: shared hit=541
Planning Time: 0.082 ms
Execution Time: 39.122 ms",39.822,2272.85,11299,"HashAggregate  (cost=2041.02..2272.85 rows=6182 width=7) (actual rows=11299 loops=1)
  Group Key: class
  Filter: (5 <= count(student))
  Batches: 1  Memory Usage: 2577kB
  Rows Removed by Filter: 8569
  Buffers: shared hit=541
  ->  Seq Scan on courses t_courses_0  (cost=0.00..1541.01 rows=100001 width=12) (actual rows=100000 loops=1)
        Buffers: shared hit=541
Planning Time: 0.116 ms
Execution Time: 39.822 ms",38.5922,39.179,42.0775,46.1374,2272.85,2272.85,11299,11299,11299,11299
341,596,86,Easy,select t_courses_0.class as class from schema_596.courses as t_courses_0 group by t_courses_0.class having 4 < count(t_courses_0.student),30.93,2272.85,11299,"HashAggregate  (cost=2041.02..2272.85 rows=6182 width=7) (actual rows=11299 loops=1)
  Group Key: class
  Filter: (4 < count(student))
  Batches: 1  Memory Usage: 2577kB
  Rows Removed by Filter: 8569
  Buffers: shared hit=541
  ->  Seq Scan on courses t_courses_0  (cost=0.00..1541.01 rows=100001 width=12) (actual rows=100000 loops=1)
        Buffers: shared hit=541
Planning Time: 0.050 ms
Execution Time: 30.930 ms",40.67,2272.85,11299,"HashAggregate  (cost=2041.02..2272.85 rows=6182 width=7) (actual rows=11299 loops=1)
  Group Key: class
  Filter: (4 < count(student))
  Batches: 1  Memory Usage: 2577kB
  Rows Removed by Filter: 8569
  Buffers: shared hit=541
  ->  Seq Scan on courses t_courses_0  (cost=0.00..1541.01 rows=100001 width=12) (actual rows=100000 loops=1)
        Buffers: shared hit=541
Planning Time: 0.070 ms
Execution Time: 40.670 ms",40.931,2272.85,11299,"HashAggregate  (cost=2041.02..2272.85 rows=6182 width=7) (actual rows=11299 loops=1)
  Group Key: class
  Filter: (4 < count(student))
  Batches: 1  Memory Usage: 2577kB
  Rows Removed by Filter: 8569
  Buffers: shared hit=541
  ->  Seq Scan on courses t_courses_0  (cost=0.00..1541.01 rows=100001 width=12) (actual rows=100000 loops=1)
        Buffers: shared hit=541
Planning Time: 0.069 ms
Execution Time: 40.931 ms",39.828,2272.85,11299,"HashAggregate  (cost=2041.02..2272.85 rows=6182 width=7) (actual rows=11299 loops=1)
  Group Key: class
  Filter: (4 < count(student))
  Batches: 1  Memory Usage: 2577kB
  Rows Removed by Filter: 8569
  Buffers: shared hit=541
  ->  Seq Scan on courses t_courses_0  (cost=0.00..1541.01 rows=100001 width=12) (actual rows=100000 loops=1)
        Buffers: shared hit=541
Planning Time: 0.074 ms
Execution Time: 39.828 ms",37.426,2272.85,11299,"HashAggregate  (cost=2041.02..2272.85 rows=6182 width=7) (actual rows=11299 loops=1)
  Group Key: class
  Filter: (4 < count(student))
  Batches: 1  Memory Usage: 2577kB
  Rows Removed by Filter: 8569
  Buffers: shared hit=541
  ->  Seq Scan on courses t_courses_0  (cost=0.00..1541.01 rows=100001 width=12) (actual rows=100000 loops=1)
        Buffers: shared hit=541
Planning Time: 0.093 ms
Execution Time: 37.426 ms",37.957,39.828,40.8005,41.0354,2272.85,2272.85,11299,11299,11299,11299
342,596,89,Easy,select t_courses_0.class as class from schema_596.courses as t_courses_0 group by t_courses_0.class having 5 <= count(t_courses_0.class),32.967,2272.85,11299,"HashAggregate  (cost=2041.02..2272.85 rows=6182 width=7) (actual rows=11299 loops=1)
  Group Key: class
  Filter: (5 <= count(class))
  Batches: 1  Memory Usage: 2577kB
  Rows Removed by Filter: 8569
  Buffers: shared hit=541
  ->  Seq Scan on courses t_courses_0  (cost=0.00..1541.01 rows=100001 width=7) (actual rows=100000 loops=1)
        Buffers: shared hit=541
Planning Time: 0.072 ms
Execution Time: 32.967 ms",44.373,2272.85,11299,"HashAggregate  (cost=2041.02..2272.85 rows=6182 width=7) (actual rows=11299 loops=1)
  Group Key: class
  Filter: (5 <= count(class))
  Batches: 1  Memory Usage: 2577kB
  Rows Removed by Filter: 8569
  Buffers: shared hit=541
  ->  Seq Scan on courses t_courses_0  (cost=0.00..1541.01 rows=100001 width=7) (actual rows=100000 loops=1)
        Buffers: shared hit=541
Planning Time: 0.071 ms
Execution Time: 44.373 ms",40.093,2272.85,11299,"HashAggregate  (cost=2041.02..2272.85 rows=6182 width=7) (actual rows=11299 loops=1)
  Group Key: class
  Filter: (5 <= count(class))
  Batches: 1  Memory Usage: 2577kB
  Rows Removed by Filter: 8569
  Buffers: shared hit=541
  ->  Seq Scan on courses t_courses_0  (cost=0.00..1541.01 rows=100001 width=7) (actual rows=100000 loops=1)
        Buffers: shared hit=541
Planning Time: 0.058 ms
Execution Time: 40.093 ms",38.458,2272.85,11299,"HashAggregate  (cost=2041.02..2272.85 rows=6182 width=7) (actual rows=11299 loops=1)
  Group Key: class
  Filter: (5 <= count(class))
  Batches: 1  Memory Usage: 2577kB
  Rows Removed by Filter: 8569
  Buffers: shared hit=541
  ->  Seq Scan on courses t_courses_0  (cost=0.00..1541.01 rows=100001 width=7) (actual rows=100000 loops=1)
        Buffers: shared hit=541
Planning Time: 0.112 ms
Execution Time: 38.458 ms",39.796,2272.85,11299,"HashAggregate  (cost=2041.02..2272.85 rows=6182 width=7) (actual rows=11299 loops=1)
  Group Key: class
  Filter: (5 <= count(class))
  Batches: 1  Memory Usage: 2577kB
  Rows Removed by Filter: 8569
  Buffers: shared hit=541
  ->  Seq Scan on courses t_courses_0  (cost=0.00..1541.01 rows=100001 width=7) (actual rows=100000 loops=1)
        Buffers: shared hit=541
Planning Time: 0.156 ms
Execution Time: 39.796 ms",39.1374,39.796,42.233,46.085,2272.85,2272.85,11299,11299,11299,11299
343,596,90,Easy,select t_courses_0.class as class from schema_596.courses as t_courses_0 group by t_courses_0.class having 5 <= count(t_courses_0.student),44.299,2272.85,11299,"HashAggregate  (cost=2041.02..2272.85 rows=6182 width=7) (actual rows=11299 loops=1)
  Group Key: class
  Filter: (5 <= count(student))
  Batches: 1  Memory Usage: 2577kB
  Rows Removed by Filter: 8569
  Buffers: shared hit=541
  ->  Seq Scan on courses t_courses_0  (cost=0.00..1541.01 rows=100001 width=12) (actual rows=100000 loops=1)
        Buffers: shared hit=541
Planning Time: 0.054 ms
Execution Time: 44.299 ms",37.75,2272.85,11299,"HashAggregate  (cost=2041.02..2272.85 rows=6182 width=7) (actual rows=11299 loops=1)
  Group Key: class
  Filter: (5 <= count(student))
  Batches: 1  Memory Usage: 2577kB
  Rows Removed by Filter: 8569
  Buffers: shared hit=541
  ->  Seq Scan on courses t_courses_0  (cost=0.00..1541.01 rows=100001 width=12) (actual rows=100000 loops=1)
        Buffers: shared hit=541
Planning Time: 0.072 ms
Execution Time: 37.750 ms",41.384,2272.85,11299,"HashAggregate  (cost=2041.02..2272.85 rows=6182 width=7) (actual rows=11299 loops=1)
  Group Key: class
  Filter: (5 <= count(student))
  Batches: 1  Memory Usage: 2577kB
  Rows Removed by Filter: 8569
  Buffers: shared hit=541
  ->  Seq Scan on courses t_courses_0  (cost=0.00..1541.01 rows=100001 width=12) (actual rows=100000 loops=1)
        Buffers: shared hit=541
Planning Time: 0.072 ms
Execution Time: 41.384 ms",40.566,2272.85,11299,"HashAggregate  (cost=2041.02..2272.85 rows=6182 width=7) (actual rows=11299 loops=1)
  Group Key: class
  Filter: (5 <= count(student))
  Batches: 1  Memory Usage: 2577kB
  Rows Removed by Filter: 8569
  Buffers: shared hit=541
  ->  Seq Scan on courses t_courses_0  (cost=0.00..1541.01 rows=100001 width=12) (actual rows=100000 loops=1)
        Buffers: shared hit=541
Planning Time: 0.073 ms
Execution Time: 40.566 ms",40.422,2272.85,11299,"HashAggregate  (cost=2041.02..2272.85 rows=6182 width=7) (actual rows=11299 loops=1)
  Group Key: class
  Filter: (5 <= count(student))
  Batches: 1  Memory Usage: 2577kB
  Rows Removed by Filter: 8569
  Buffers: shared hit=541
  ->  Seq Scan on courses t_courses_0  (cost=0.00..1541.01 rows=100001 width=12) (actual rows=100000 loops=1)
        Buffers: shared hit=541
Planning Time: 0.112 ms
Execution Time: 40.422 ms",40.8842,40.566,42.8415,45.465,2272.85,2272.85,11299,11299,11299,11299
344,596,91,Easy,select t_courses_0.class as class from schema_596.courses as t_courses_0 group by t_courses_0.class having 5 <= count(t_courses_0.student),33.163,2272.85,11299,"HashAggregate  (cost=2041.02..2272.85 rows=6182 width=7) (actual rows=11299 loops=1)
  Group Key: class
  Filter: (5 <= count(student))
  Batches: 1  Memory Usage: 2577kB
  Rows Removed by Filter: 8569
  Buffers: shared hit=541
  ->  Seq Scan on courses t_courses_0  (cost=0.00..1541.01 rows=100001 width=12) (actual rows=100000 loops=1)
        Buffers: shared hit=541
Planning Time: 0.071 ms
Execution Time: 33.163 ms",40.213,2272.85,11299,"HashAggregate  (cost=2041.02..2272.85 rows=6182 width=7) (actual rows=11299 loops=1)
  Group Key: class
  Filter: (5 <= count(student))
  Batches: 1  Memory Usage: 2577kB
  Rows Removed by Filter: 8569
  Buffers: shared hit=541
  ->  Seq Scan on courses t_courses_0  (cost=0.00..1541.01 rows=100001 width=12) (actual rows=100000 loops=1)
        Buffers: shared hit=541
Planning Time: 0.129 ms
Execution Time: 40.213 ms",37.592,2272.85,11299,"HashAggregate  (cost=2041.02..2272.85 rows=6182 width=7) (actual rows=11299 loops=1)
  Group Key: class
  Filter: (5 <= count(student))
  Batches: 1  Memory Usage: 2577kB
  Rows Removed by Filter: 8569
  Buffers: shared hit=541
  ->  Seq Scan on courses t_courses_0  (cost=0.00..1541.01 rows=100001 width=12) (actual rows=100000 loops=1)
        Buffers: shared hit=541
Planning Time: 0.093 ms
Execution Time: 37.592 ms",37.398,2272.85,11299,"HashAggregate  (cost=2041.02..2272.85 rows=6182 width=7) (actual rows=11299 loops=1)
  Group Key: class
  Filter: (5 <= count(student))
  Batches: 1  Memory Usage: 2577kB
  Rows Removed by Filter: 8569
  Buffers: shared hit=541
  ->  Seq Scan on courses t_courses_0  (cost=0.00..1541.01 rows=100001 width=12) (actual rows=100000 loops=1)
        Buffers: shared hit=541
Planning Time: 0.077 ms
Execution Time: 37.398 ms",45.781,2272.85,11299,"HashAggregate  (cost=2041.02..2272.85 rows=6182 width=7) (actual rows=11299 loops=1)
  Group Key: class
  Filter: (5 <= count(student))
  Batches: 1  Memory Usage: 2577kB
  Rows Removed by Filter: 8569
  Buffers: shared hit=541
  ->  Seq Scan on courses t_courses_0  (cost=0.00..1541.01 rows=100001 width=12) (actual rows=100000 loops=1)
        Buffers: shared hit=541
Planning Time: 0.066 ms
Execution Time: 45.781 ms",38.8294,37.592,42.997,48.0082,2272.85,2272.85,11299,11299,11299,11299
345,596,92,Easy,select t_courses_0.class as class from schema_596.courses as t_courses_0 group by t_courses_0.class having 5 <= count(t_courses_0.student),33.235,2272.85,11299,"HashAggregate  (cost=2041.02..2272.85 rows=6182 width=7) (actual rows=11299 loops=1)
  Group Key: class
  Filter: (5 <= count(student))
  Batches: 1  Memory Usage: 2577kB
  Rows Removed by Filter: 8569
  Buffers: shared hit=541
  ->  Seq Scan on courses t_courses_0  (cost=0.00..1541.01 rows=100001 width=12) (actual rows=100000 loops=1)
        Buffers: shared hit=541
Planning Time: 0.068 ms
Execution Time: 33.235 ms",40.547,2272.85,11299,"HashAggregate  (cost=2041.02..2272.85 rows=6182 width=7) (actual rows=11299 loops=1)
  Group Key: class
  Filter: (5 <= count(student))
  Batches: 1  Memory Usage: 2577kB
  Rows Removed by Filter: 8569
  Buffers: shared hit=541
  ->  Seq Scan on courses t_courses_0  (cost=0.00..1541.01 rows=100001 width=12) (actual rows=100000 loops=1)
        Buffers: shared hit=541
Planning Time: 0.118 ms
Execution Time: 40.547 ms",39.687,2272.85,11299,"HashAggregate  (cost=2041.02..2272.85 rows=6182 width=7) (actual rows=11299 loops=1)
  Group Key: class
  Filter: (5 <= count(student))
  Batches: 1  Memory Usage: 2577kB
  Rows Removed by Filter: 8569
  Buffers: shared hit=541
  ->  Seq Scan on courses t_courses_0  (cost=0.00..1541.01 rows=100001 width=12) (actual rows=100000 loops=1)
        Buffers: shared hit=541
Planning Time: 0.067 ms
Execution Time: 39.687 ms",45.889,2272.85,11299,"HashAggregate  (cost=2041.02..2272.85 rows=6182 width=7) (actual rows=11299 loops=1)
  Group Key: class
  Filter: (5 <= count(student))
  Batches: 1  Memory Usage: 2577kB
  Rows Removed by Filter: 8569
  Buffers: shared hit=541
  ->  Seq Scan on courses t_courses_0  (cost=0.00..1541.01 rows=100001 width=12) (actual rows=100000 loops=1)
        Buffers: shared hit=541
Planning Time: 0.083 ms
Execution Time: 45.889 ms",38.074,2272.85,11299,"HashAggregate  (cost=2041.02..2272.85 rows=6182 width=7) (actual rows=11299 loops=1)
  Group Key: class
  Filter: (5 <= count(student))
  Batches: 1  Memory Usage: 2577kB
  Rows Removed by Filter: 8569
  Buffers: shared hit=541
  ->  Seq Scan on courses t_courses_0  (cost=0.00..1541.01 rows=100001 width=12) (actual rows=100000 loops=1)
        Buffers: shared hit=541
Planning Time: 0.076 ms
Execution Time: 38.074 ms",39.4864,39.687,43.218,48.0258,2272.85,2272.85,11299,11299,11299,11299
346,596,93,Easy,select t_courses_0.class as class from schema_596.courses as t_courses_0 group by t_courses_0.class having 5 <= count(t_courses_0.student),31.255,2272.85,11299,"HashAggregate  (cost=2041.02..2272.85 rows=6182 width=7) (actual rows=11299 loops=1)
  Group Key: class
  Filter: (5 <= count(student))
  Batches: 1  Memory Usage: 2577kB
  Rows Removed by Filter: 8569
  Buffers: shared hit=541
  ->  Seq Scan on courses t_courses_0  (cost=0.00..1541.01 rows=100001 width=12) (actual rows=100000 loops=1)
        Buffers: shared hit=541
Planning Time: 0.085 ms
Execution Time: 31.255 ms",40.275,2272.85,11299,"HashAggregate  (cost=2041.02..2272.85 rows=6182 width=7) (actual rows=11299 loops=1)
  Group Key: class
  Filter: (5 <= count(student))
  Batches: 1  Memory Usage: 2577kB
  Rows Removed by Filter: 8569
  Buffers: shared hit=541
  ->  Seq Scan on courses t_courses_0  (cost=0.00..1541.01 rows=100001 width=12) (actual rows=100000 loops=1)
        Buffers: shared hit=541
Planning Time: 0.062 ms
Execution Time: 40.275 ms",39.1,2272.85,11299,"HashAggregate  (cost=2041.02..2272.85 rows=6182 width=7) (actual rows=11299 loops=1)
  Group Key: class
  Filter: (5 <= count(student))
  Batches: 1  Memory Usage: 2577kB
  Rows Removed by Filter: 8569
  Buffers: shared hit=541
  ->  Seq Scan on courses t_courses_0  (cost=0.00..1541.01 rows=100001 width=12) (actual rows=100000 loops=1)
        Buffers: shared hit=541
Planning Time: 0.090 ms
Execution Time: 39.100 ms",39.744,2272.85,11299,"HashAggregate  (cost=2041.02..2272.85 rows=6182 width=7) (actual rows=11299 loops=1)
  Group Key: class
  Filter: (5 <= count(student))
  Batches: 1  Memory Usage: 2577kB
  Rows Removed by Filter: 8569
  Buffers: shared hit=541
  ->  Seq Scan on courses t_courses_0  (cost=0.00..1541.01 rows=100001 width=12) (actual rows=100000 loops=1)
        Buffers: shared hit=541
Planning Time: 0.145 ms
Execution Time: 39.744 ms",43.018,2272.85,11299,"HashAggregate  (cost=2041.02..2272.85 rows=6182 width=7) (actual rows=11299 loops=1)
  Group Key: class
  Filter: (5 <= count(student))
  Batches: 1  Memory Usage: 2577kB
  Rows Removed by Filter: 8569
  Buffers: shared hit=541
  ->  Seq Scan on courses t_courses_0  (cost=0.00..1541.01 rows=100001 width=12) (actual rows=100000 loops=1)
        Buffers: shared hit=541
Planning Time: 0.076 ms
Execution Time: 43.018 ms",38.6784,39.744,41.6465,44.1152,2272.85,2272.85,11299,11299,11299,11299
347,596,95,Easy,select t_courses_0.class as class from schema_596.courses as t_courses_0 group by t_courses_0.class having 5 <= count(t_courses_0.student),34.29,2272.85,11299,"HashAggregate  (cost=2041.02..2272.85 rows=6182 width=7) (actual rows=11299 loops=1)
  Group Key: class
  Filter: (5 <= count(student))
  Batches: 1  Memory Usage: 2577kB
  Rows Removed by Filter: 8569
  Buffers: shared hit=541
  ->  Seq Scan on courses t_courses_0  (cost=0.00..1541.01 rows=100001 width=12) (actual rows=100000 loops=1)
        Buffers: shared hit=541
Planning Time: 0.124 ms
Execution Time: 34.290 ms",49.788,2272.85,11299,"HashAggregate  (cost=2041.02..2272.85 rows=6182 width=7) (actual rows=11299 loops=1)
  Group Key: class
  Filter: (5 <= count(student))
  Batches: 1  Memory Usage: 2577kB
  Rows Removed by Filter: 8569
  Buffers: shared hit=541
  ->  Seq Scan on courses t_courses_0  (cost=0.00..1541.01 rows=100001 width=12) (actual rows=100000 loops=1)
        Buffers: shared hit=541
Planning Time: 0.076 ms
Execution Time: 49.788 ms",47.393,2272.85,11299,"HashAggregate  (cost=2041.02..2272.85 rows=6182 width=7) (actual rows=11299 loops=1)
  Group Key: class
  Filter: (5 <= count(student))
  Batches: 1  Memory Usage: 2577kB
  Rows Removed by Filter: 8569
  Buffers: shared hit=541
  ->  Seq Scan on courses t_courses_0  (cost=0.00..1541.01 rows=100001 width=12) (actual rows=100000 loops=1)
        Buffers: shared hit=541
Planning Time: 0.068 ms
Execution Time: 47.393 ms",41.633,2272.85,11299,"HashAggregate  (cost=2041.02..2272.85 rows=6182 width=7) (actual rows=11299 loops=1)
  Group Key: class
  Filter: (5 <= count(student))
  Batches: 1  Memory Usage: 2577kB
  Rows Removed by Filter: 8569
  Buffers: shared hit=541
  ->  Seq Scan on courses t_courses_0  (cost=0.00..1541.01 rows=100001 width=12) (actual rows=100000 loops=1)
        Buffers: shared hit=541
Planning Time: 0.073 ms
Execution Time: 41.633 ms",37.576,2272.85,11299,"HashAggregate  (cost=2041.02..2272.85 rows=6182 width=7) (actual rows=11299 loops=1)
  Group Key: class
  Filter: (5 <= count(student))
  Batches: 1  Memory Usage: 2577kB
  Rows Removed by Filter: 8569
  Buffers: shared hit=541
  ->  Seq Scan on courses t_courses_0  (cost=0.00..1541.01 rows=100001 width=12) (actual rows=100000 loops=1)
        Buffers: shared hit=541
Planning Time: 0.112 ms
Execution Time: 37.576 ms",42.136,41.633,48.5905,50.746,2272.85,2272.85,11299,11299,11299,11299
348,596,96,Easy,select t_courses_0.class as class from schema_596.courses as t_courses_0 group by t_courses_0.class having 5 <= count(t_courses_0.student),31.35,2272.85,11299,"HashAggregate  (cost=2041.02..2272.85 rows=6182 width=7) (actual rows=11299 loops=1)
  Group Key: class
  Filter: (5 <= count(student))
  Batches: 1  Memory Usage: 2577kB
  Rows Removed by Filter: 8569
  Buffers: shared hit=541
  ->  Seq Scan on courses t_courses_0  (cost=0.00..1541.01 rows=100001 width=12) (actual rows=100000 loops=1)
        Buffers: shared hit=541
Planning Time: 0.057 ms
Execution Time: 31.350 ms",42.392,2272.85,11299,"HashAggregate  (cost=2041.02..2272.85 rows=6182 width=7) (actual rows=11299 loops=1)
  Group Key: class
  Filter: (5 <= count(student))
  Batches: 1  Memory Usage: 2577kB
  Rows Removed by Filter: 8569
  Buffers: shared hit=541
  ->  Seq Scan on courses t_courses_0  (cost=0.00..1541.01 rows=100001 width=12) (actual rows=100000 loops=1)
        Buffers: shared hit=541
Planning Time: 0.077 ms
Execution Time: 42.392 ms",38.577,2272.85,11299,"HashAggregate  (cost=2041.02..2272.85 rows=6182 width=7) (actual rows=11299 loops=1)
  Group Key: class
  Filter: (5 <= count(student))
  Batches: 1  Memory Usage: 2577kB
  Rows Removed by Filter: 8569
  Buffers: shared hit=541
  ->  Seq Scan on courses t_courses_0  (cost=0.00..1541.01 rows=100001 width=12) (actual rows=100000 loops=1)
        Buffers: shared hit=541
Planning Time: 0.079 ms
Execution Time: 38.577 ms",38.077,2272.85,11299,"HashAggregate  (cost=2041.02..2272.85 rows=6182 width=7) (actual rows=11299 loops=1)
  Group Key: class
  Filter: (5 <= count(student))
  Batches: 1  Memory Usage: 2577kB
  Rows Removed by Filter: 8569
  Buffers: shared hit=541
  ->  Seq Scan on courses t_courses_0  (cost=0.00..1541.01 rows=100001 width=12) (actual rows=100000 loops=1)
        Buffers: shared hit=541
Planning Time: 0.074 ms
Execution Time: 38.077 ms",39.95,2272.85,11299,"HashAggregate  (cost=2041.02..2272.85 rows=6182 width=7) (actual rows=11299 loops=1)
  Group Key: class
  Filter: (5 <= count(student))
  Batches: 1  Memory Usage: 2577kB
  Rows Removed by Filter: 8569
  Buffers: shared hit=541
  ->  Seq Scan on courses t_courses_0  (cost=0.00..1541.01 rows=100001 width=12) (actual rows=100000 loops=1)
        Buffers: shared hit=541
Planning Time: 0.104 ms
Execution Time: 39.950 ms",38.0692,38.577,41.171,43.3688,2272.85,2272.85,11299,11299,11299,11299
349,596,99,Easy,select t_courses_0.class as class from schema_596.courses as t_courses_0 group by t_courses_0.class having 5 <= count(t_courses_0.student),31.969,2272.85,11299,"HashAggregate  (cost=2041.02..2272.85 rows=6182 width=7) (actual rows=11299 loops=1)
  Group Key: class
  Filter: (5 <= count(student))
  Batches: 1  Memory Usage: 2577kB
  Rows Removed by Filter: 8569
  Buffers: shared hit=541
  ->  Seq Scan on courses t_courses_0  (cost=0.00..1541.01 rows=100001 width=12) (actual rows=100000 loops=1)
        Buffers: shared hit=541
Planning Time: 0.051 ms
Execution Time: 31.969 ms",39.363,2272.85,11299,"HashAggregate  (cost=2041.02..2272.85 rows=6182 width=7) (actual rows=11299 loops=1)
  Group Key: class
  Filter: (5 <= count(student))
  Batches: 1  Memory Usage: 2577kB
  Rows Removed by Filter: 8569
  Buffers: shared hit=541
  ->  Seq Scan on courses t_courses_0  (cost=0.00..1541.01 rows=100001 width=12) (actual rows=100000 loops=1)
        Buffers: shared hit=541
Planning Time: 0.112 ms
Execution Time: 39.363 ms",46.399,2272.85,11299,"HashAggregate  (cost=2041.02..2272.85 rows=6182 width=7) (actual rows=11299 loops=1)
  Group Key: class
  Filter: (5 <= count(student))
  Batches: 1  Memory Usage: 2577kB
  Rows Removed by Filter: 8569
  Buffers: shared hit=541
  ->  Seq Scan on courses t_courses_0  (cost=0.00..1541.01 rows=100001 width=12) (actual rows=100000 loops=1)
        Buffers: shared hit=541
Planning Time: 0.072 ms
Execution Time: 46.399 ms",38.558,2272.85,11299,"HashAggregate  (cost=2041.02..2272.85 rows=6182 width=7) (actual rows=11299 loops=1)
  Group Key: class
  Filter: (5 <= count(student))
  Batches: 1  Memory Usage: 2577kB
  Rows Removed by Filter: 8569
  Buffers: shared hit=541
  ->  Seq Scan on courses t_courses_0  (cost=0.00..1541.01 rows=100001 width=12) (actual rows=100000 loops=1)
        Buffers: shared hit=541
Planning Time: 0.123 ms
Execution Time: 38.558 ms",37.888,2272.85,11299,"HashAggregate  (cost=2041.02..2272.85 rows=6182 width=7) (actual rows=11299 loops=1)
  Group Key: class
  Filter: (5 <= count(student))
  Batches: 1  Memory Usage: 2577kB
  Rows Removed by Filter: 8569
  Buffers: shared hit=541
  ->  Seq Scan on courses t_courses_0  (cost=0.00..1541.01 rows=100001 width=12) (actual rows=100000 loops=1)
        Buffers: shared hit=541
Planning Time: 0.136 ms
Execution Time: 37.888 ms",38.8354,38.558,42.881,49.2134,2272.85,2272.85,11299,11299,11299,11299
350,596,102,Easy,select t_courses_0.class as class from schema_596.courses as t_courses_0 group by t_courses_0.class having 5 <= count(t_courses_0.student),42.225,2272.85,11299,"HashAggregate  (cost=2041.02..2272.85 rows=6182 width=7) (actual rows=11299 loops=1)
  Group Key: class
  Filter: (5 <= count(student))
  Batches: 1  Memory Usage: 2577kB
  Rows Removed by Filter: 8569
  Buffers: shared hit=541
  ->  Seq Scan on courses t_courses_0  (cost=0.00..1541.01 rows=100001 width=12) (actual rows=100000 loops=1)
        Buffers: shared hit=541
Planning Time: 0.062 ms
Execution Time: 42.225 ms",45.883,2272.85,11299,"HashAggregate  (cost=2041.02..2272.85 rows=6182 width=7) (actual rows=11299 loops=1)
  Group Key: class
  Filter: (5 <= count(student))
  Batches: 1  Memory Usage: 2577kB
  Rows Removed by Filter: 8569
  Buffers: shared hit=541
  ->  Seq Scan on courses t_courses_0  (cost=0.00..1541.01 rows=100001 width=12) (actual rows=100000 loops=1)
        Buffers: shared hit=541
Planning Time: 0.072 ms
Execution Time: 45.883 ms",35.024,2272.85,11299,"HashAggregate  (cost=2041.02..2272.85 rows=6182 width=7) (actual rows=11299 loops=1)
  Group Key: class
  Filter: (5 <= count(student))
  Batches: 1  Memory Usage: 2577kB
  Rows Removed by Filter: 8569
  Buffers: shared hit=541
  ->  Seq Scan on courses t_courses_0  (cost=0.00..1541.01 rows=100001 width=12) (actual rows=100000 loops=1)
        Buffers: shared hit=541
Planning Time: 0.056 ms
Execution Time: 35.024 ms",40.567,2272.85,11299,"HashAggregate  (cost=2041.02..2272.85 rows=6182 width=7) (actual rows=11299 loops=1)
  Group Key: class
  Filter: (5 <= count(student))
  Batches: 1  Memory Usage: 2577kB
  Rows Removed by Filter: 8569
  Buffers: shared hit=541
  ->  Seq Scan on courses t_courses_0  (cost=0.00..1541.01 rows=100001 width=12) (actual rows=100000 loops=1)
        Buffers: shared hit=541
Planning Time: 0.063 ms
Execution Time: 40.567 ms",41.223,2272.85,11299,"HashAggregate  (cost=2041.02..2272.85 rows=6182 width=7) (actual rows=11299 loops=1)
  Group Key: class
  Filter: (5 <= count(student))
  Batches: 1  Memory Usage: 2577kB
  Rows Removed by Filter: 8569
  Buffers: shared hit=541
  ->  Seq Scan on courses t_courses_0  (cost=0.00..1541.01 rows=100001 width=12) (actual rows=100000 loops=1)
        Buffers: shared hit=541
Planning Time: 0.100 ms
Execution Time: 41.223 ms",40.9844,41.223,44.054,47.3462,2272.85,2272.85,11299,11299,11299,11299
351,596,103,Easy,select t_courses_0.class as class from schema_596.courses as t_courses_0 group by t_courses_0.class having 5 <= count(t_courses_0.student),43.537,2272.85,11299,"HashAggregate  (cost=2041.02..2272.85 rows=6182 width=7) (actual rows=11299 loops=1)
  Group Key: class
  Filter: (5 <= count(student))
  Batches: 1  Memory Usage: 2577kB
  Rows Removed by Filter: 8569
  Buffers: shared hit=541
  ->  Seq Scan on courses t_courses_0  (cost=0.00..1541.01 rows=100001 width=12) (actual rows=100000 loops=1)
        Buffers: shared hit=541
Planning Time: 0.070 ms
Execution Time: 43.537 ms",71.449,2272.85,11299,"HashAggregate  (cost=2041.02..2272.85 rows=6182 width=7) (actual rows=11299 loops=1)
  Group Key: class
  Filter: (5 <= count(student))
  Batches: 1  Memory Usage: 2577kB
  Rows Removed by Filter: 8569
  Buffers: shared hit=541
  ->  Seq Scan on courses t_courses_0  (cost=0.00..1541.01 rows=100001 width=12) (actual rows=100000 loops=1)
        Buffers: shared hit=541
Planning Time: 0.087 ms
Execution Time: 71.449 ms",51.098,2272.85,11299,"HashAggregate  (cost=2041.02..2272.85 rows=6182 width=7) (actual rows=11299 loops=1)
  Group Key: class
  Filter: (5 <= count(student))
  Batches: 1  Memory Usage: 2577kB
  Rows Removed by Filter: 8569
  Buffers: shared hit=541
  ->  Seq Scan on courses t_courses_0  (cost=0.00..1541.01 rows=100001 width=12) (actual rows=100000 loops=1)
        Buffers: shared hit=541
Planning Time: 0.071 ms
Execution Time: 51.098 ms",50.545,2272.85,11299,"HashAggregate  (cost=2041.02..2272.85 rows=6182 width=7) (actual rows=11299 loops=1)
  Group Key: class
  Filter: (5 <= count(student))
  Batches: 1  Memory Usage: 2577kB
  Rows Removed by Filter: 8569
  Buffers: shared hit=541
  ->  Seq Scan on courses t_courses_0  (cost=0.00..1541.01 rows=100001 width=12) (actual rows=100000 loops=1)
        Buffers: shared hit=541
Planning Time: 0.051 ms
Execution Time: 50.545 ms",43.973,2272.85,11299,"HashAggregate  (cost=2041.02..2272.85 rows=6182 width=7) (actual rows=11299 loops=1)
  Group Key: class
  Filter: (5 <= count(student))
  Batches: 1  Memory Usage: 2577kB
  Rows Removed by Filter: 8569
  Buffers: shared hit=541
  ->  Seq Scan on courses t_courses_0  (cost=0.00..1541.01 rows=100001 width=12) (actual rows=100000 loops=1)
        Buffers: shared hit=541
Planning Time: 0.068 ms
Execution Time: 43.973 ms",52.1204,50.545,61.2735,79.5894,2272.85,2272.85,11299,11299,11299,11299
352,596,104,Easy,select t_courses_0.class as class from schema_596.courses as t_courses_0 group by t_courses_0.class having 5 <= count(t_courses_0.student),33.025,2272.85,11299,"HashAggregate  (cost=2041.02..2272.85 rows=6182 width=7) (actual rows=11299 loops=1)
  Group Key: class
  Filter: (5 <= count(student))
  Batches: 1  Memory Usage: 2577kB
  Rows Removed by Filter: 8569
  Buffers: shared hit=541
  ->  Seq Scan on courses t_courses_0  (cost=0.00..1541.01 rows=100001 width=12) (actual rows=100000 loops=1)
        Buffers: shared hit=541
Planning Time: 0.071 ms
Execution Time: 33.025 ms",43.485,2272.85,11299,"HashAggregate  (cost=2041.02..2272.85 rows=6182 width=7) (actual rows=11299 loops=1)
  Group Key: class
  Filter: (5 <= count(student))
  Batches: 1  Memory Usage: 2577kB
  Rows Removed by Filter: 8569
  Buffers: shared hit=541
  ->  Seq Scan on courses t_courses_0  (cost=0.00..1541.01 rows=100001 width=12) (actual rows=100000 loops=1)
        Buffers: shared hit=541
Planning Time: 0.069 ms
Execution Time: 43.485 ms",41.716,2272.85,11299,"HashAggregate  (cost=2041.02..2272.85 rows=6182 width=7) (actual rows=11299 loops=1)
  Group Key: class
  Filter: (5 <= count(student))
  Batches: 1  Memory Usage: 2577kB
  Rows Removed by Filter: 8569
  Buffers: shared hit=541
  ->  Seq Scan on courses t_courses_0  (cost=0.00..1541.01 rows=100001 width=12) (actual rows=100000 loops=1)
        Buffers: shared hit=541
Planning Time: 0.101 ms
Execution Time: 41.716 ms",40.165,2272.85,11299,"HashAggregate  (cost=2041.02..2272.85 rows=6182 width=7) (actual rows=11299 loops=1)
  Group Key: class
  Filter: (5 <= count(student))
  Batches: 1  Memory Usage: 2577kB
  Rows Removed by Filter: 8569
  Buffers: shared hit=541
  ->  Seq Scan on courses t_courses_0  (cost=0.00..1541.01 rows=100001 width=12) (actual rows=100000 loops=1)
        Buffers: shared hit=541
Planning Time: 0.074 ms
Execution Time: 40.165 ms",39.618,2272.85,11299,"HashAggregate  (cost=2041.02..2272.85 rows=6182 width=7) (actual rows=11299 loops=1)
  Group Key: class
  Filter: (5 <= count(student))
  Batches: 1  Memory Usage: 2577kB
  Rows Removed by Filter: 8569
  Buffers: shared hit=541
  ->  Seq Scan on courses t_courses_0  (cost=0.00..1541.01 rows=100001 width=12) (actual rows=100000 loops=1)
        Buffers: shared hit=541
Planning Time: 0.112 ms
Execution Time: 39.618 ms",39.6018,40.165,42.6005,44.1926,2272.85,2272.85,11299,11299,11299,11299
353,596,107,Easy,select t_courses_0.class as class from schema_596.courses as t_courses_0 group by t_courses_0.class having 5 <= count(t_courses_0.student),33.288,2272.85,11299,"HashAggregate  (cost=2041.02..2272.85 rows=6182 width=7) (actual rows=11299 loops=1)
  Group Key: class
  Filter: (5 <= count(student))
  Batches: 1  Memory Usage: 2577kB
  Rows Removed by Filter: 8569
  Buffers: shared hit=541
  ->  Seq Scan on courses t_courses_0  (cost=0.00..1541.01 rows=100001 width=12) (actual rows=100000 loops=1)
        Buffers: shared hit=541
Planning Time: 0.051 ms
Execution Time: 33.288 ms",39.836,2272.85,11299,"HashAggregate  (cost=2041.02..2272.85 rows=6182 width=7) (actual rows=11299 loops=1)
  Group Key: class
  Filter: (5 <= count(student))
  Batches: 1  Memory Usage: 2577kB
  Rows Removed by Filter: 8569
  Buffers: shared hit=541
  ->  Seq Scan on courses t_courses_0  (cost=0.00..1541.01 rows=100001 width=12) (actual rows=100000 loops=1)
        Buffers: shared hit=541
Planning Time: 0.075 ms
Execution Time: 39.836 ms",50.322,2272.85,11299,"HashAggregate  (cost=2041.02..2272.85 rows=6182 width=7) (actual rows=11299 loops=1)
  Group Key: class
  Filter: (5 <= count(student))
  Batches: 1  Memory Usage: 2577kB
  Rows Removed by Filter: 8569
  Buffers: shared hit=541
  ->  Seq Scan on courses t_courses_0  (cost=0.00..1541.01 rows=100001 width=12) (actual rows=100000 loops=1)
        Buffers: shared hit=541
Planning Time: 0.090 ms
Execution Time: 50.322 ms",38.705,2272.85,11299,"HashAggregate  (cost=2041.02..2272.85 rows=6182 width=7) (actual rows=11299 loops=1)
  Group Key: class
  Filter: (5 <= count(student))
  Batches: 1  Memory Usage: 2577kB
  Rows Removed by Filter: 8569
  Buffers: shared hit=541
  ->  Seq Scan on courses t_courses_0  (cost=0.00..1541.01 rows=100001 width=12) (actual rows=100000 loops=1)
        Buffers: shared hit=541
Planning Time: 0.065 ms
Execution Time: 38.705 ms",39.11,2272.85,11299,"HashAggregate  (cost=2041.02..2272.85 rows=6182 width=7) (actual rows=11299 loops=1)
  Group Key: class
  Filter: (5 <= count(student))
  Batches: 1  Memory Usage: 2577kB
  Rows Removed by Filter: 8569
  Buffers: shared hit=541
  ->  Seq Scan on courses t_courses_0  (cost=0.00..1541.01 rows=100001 width=12) (actual rows=100000 loops=1)
        Buffers: shared hit=541
Planning Time: 0.057 ms
Execution Time: 39.110 ms",40.2522,39.11,45.079,54.5164,2272.85,2272.85,11299,11299,11299,11299
354,596,108,Easy,select t_courses_0.class as class from schema_596.courses as t_courses_0 group by t_courses_0.class having 4 < count(t_courses_0.student),31.302,2272.85,11299,"HashAggregate  (cost=2041.02..2272.85 rows=6182 width=7) (actual rows=11299 loops=1)
  Group Key: class
  Filter: (4 < count(student))
  Batches: 1  Memory Usage: 2577kB
  Rows Removed by Filter: 8569
  Buffers: shared hit=541
  ->  Seq Scan on courses t_courses_0  (cost=0.00..1541.01 rows=100001 width=12) (actual rows=100000 loops=1)
        Buffers: shared hit=541
Planning Time: 0.051 ms
Execution Time: 31.302 ms",39.667,2272.85,11299,"HashAggregate  (cost=2041.02..2272.85 rows=6182 width=7) (actual rows=11299 loops=1)
  Group Key: class
  Filter: (4 < count(student))
  Batches: 1  Memory Usage: 2577kB
  Rows Removed by Filter: 8569
  Buffers: shared hit=541
  ->  Seq Scan on courses t_courses_0  (cost=0.00..1541.01 rows=100001 width=12) (actual rows=100000 loops=1)
        Buffers: shared hit=541
Planning Time: 0.081 ms
Execution Time: 39.667 ms",48.811,2272.85,11299,"HashAggregate  (cost=2041.02..2272.85 rows=6182 width=7) (actual rows=11299 loops=1)
  Group Key: class
  Filter: (4 < count(student))
  Batches: 1  Memory Usage: 2577kB
  Rows Removed by Filter: 8569
  Buffers: shared hit=541
  ->  Seq Scan on courses t_courses_0  (cost=0.00..1541.01 rows=100001 width=12) (actual rows=100000 loops=1)
        Buffers: shared hit=541
Planning Time: 0.051 ms
Execution Time: 48.811 ms",40.391,2272.85,11299,"HashAggregate  (cost=2041.02..2272.85 rows=6182 width=7) (actual rows=11299 loops=1)
  Group Key: class
  Filter: (4 < count(student))
  Batches: 1  Memory Usage: 2577kB
  Rows Removed by Filter: 8569
  Buffers: shared hit=541
  ->  Seq Scan on courses t_courses_0  (cost=0.00..1541.01 rows=100001 width=12) (actual rows=100000 loops=1)
        Buffers: shared hit=541
Planning Time: 0.072 ms
Execution Time: 40.391 ms",37.618,2272.85,11299,"HashAggregate  (cost=2041.02..2272.85 rows=6182 width=7) (actual rows=11299 loops=1)
  Group Key: class
  Filter: (4 < count(student))
  Batches: 1  Memory Usage: 2577kB
  Rows Removed by Filter: 8569
  Buffers: shared hit=541
  ->  Seq Scan on courses t_courses_0  (cost=0.00..1541.01 rows=100001 width=12) (actual rows=100000 loops=1)
        Buffers: shared hit=541
Planning Time: 0.089 ms
Execution Time: 37.618 ms",39.5578,39.667,44.601,52.179,2272.85,2272.85,11299,11299,11299,11299
355,596,109,Easy,select t_courses_0.class as class from schema_596.courses as t_courses_0 group by t_courses_0.class having 5 <= count(t_courses_0.student),33.127,2272.85,11299,"HashAggregate  (cost=2041.02..2272.85 rows=6182 width=7) (actual rows=11299 loops=1)
  Group Key: class
  Filter: (5 <= count(student))
  Batches: 1  Memory Usage: 2577kB
  Rows Removed by Filter: 8569
  Buffers: shared hit=541
  ->  Seq Scan on courses t_courses_0  (cost=0.00..1541.01 rows=100001 width=12) (actual rows=100000 loops=1)
        Buffers: shared hit=541
Planning Time: 0.095 ms
Execution Time: 33.127 ms",37.47,2272.85,11299,"HashAggregate  (cost=2041.02..2272.85 rows=6182 width=7) (actual rows=11299 loops=1)
  Group Key: class
  Filter: (5 <= count(student))
  Batches: 1  Memory Usage: 2577kB
  Rows Removed by Filter: 8569
  Buffers: shared hit=541
  ->  Seq Scan on courses t_courses_0  (cost=0.00..1541.01 rows=100001 width=12) (actual rows=100000 loops=1)
        Buffers: shared hit=541
Planning Time: 0.073 ms
Execution Time: 37.470 ms",37.113,2272.85,11299,"HashAggregate  (cost=2041.02..2272.85 rows=6182 width=7) (actual rows=11299 loops=1)
  Group Key: class
  Filter: (5 <= count(student))
  Batches: 1  Memory Usage: 2577kB
  Rows Removed by Filter: 8569
  Buffers: shared hit=541
  ->  Seq Scan on courses t_courses_0  (cost=0.00..1541.01 rows=100001 width=12) (actual rows=100000 loops=1)
        Buffers: shared hit=541
Planning Time: 0.102 ms
Execution Time: 37.113 ms",39.758,2272.85,11299,"HashAggregate  (cost=2041.02..2272.85 rows=6182 width=7) (actual rows=11299 loops=1)
  Group Key: class
  Filter: (5 <= count(student))
  Batches: 1  Memory Usage: 2577kB
  Rows Removed by Filter: 8569
  Buffers: shared hit=541
  ->  Seq Scan on courses t_courses_0  (cost=0.00..1541.01 rows=100001 width=12) (actual rows=100000 loops=1)
        Buffers: shared hit=541
Planning Time: 0.069 ms
Execution Time: 39.758 ms",42.674,2272.85,11299,"HashAggregate  (cost=2041.02..2272.85 rows=6182 width=7) (actual rows=11299 loops=1)
  Group Key: class
  Filter: (5 <= count(student))
  Batches: 1  Memory Usage: 2577kB
  Rows Removed by Filter: 8569
  Buffers: shared hit=541
  ->  Seq Scan on courses t_courses_0  (cost=0.00..1541.01 rows=100001 width=12) (actual rows=100000 loops=1)
        Buffers: shared hit=541
Planning Time: 0.081 ms
Execution Time: 42.674 ms",38.0284,37.47,41.216,43.8404,2272.85,2272.85,11299,11299,11299,11299
356,596,115,Easy,select t_courses_0.class as class from schema_596.courses as t_courses_0 group by t_courses_0.class having 5 <= count(t_courses_0.class),34.393,2272.85,11299,"HashAggregate  (cost=2041.02..2272.85 rows=6182 width=7) (actual rows=11299 loops=1)
  Group Key: class
  Filter: (5 <= count(class))
  Batches: 1  Memory Usage: 2577kB
  Rows Removed by Filter: 8569
  Buffers: shared hit=541
  ->  Seq Scan on courses t_courses_0  (cost=0.00..1541.01 rows=100001 width=7) (actual rows=100000 loops=1)
        Buffers: shared hit=541
Planning Time: 0.068 ms
Execution Time: 34.393 ms",37.102,2272.85,11299,"HashAggregate  (cost=2041.02..2272.85 rows=6182 width=7) (actual rows=11299 loops=1)
  Group Key: class
  Filter: (5 <= count(class))
  Batches: 1  Memory Usage: 2577kB
  Rows Removed by Filter: 8569
  Buffers: shared hit=541
  ->  Seq Scan on courses t_courses_0  (cost=0.00..1541.01 rows=100001 width=7) (actual rows=100000 loops=1)
        Buffers: shared hit=541
Planning Time: 0.074 ms
Execution Time: 37.102 ms",46.083,2272.85,11299,"HashAggregate  (cost=2041.02..2272.85 rows=6182 width=7) (actual rows=11299 loops=1)
  Group Key: class
  Filter: (5 <= count(class))
  Batches: 1  Memory Usage: 2577kB
  Rows Removed by Filter: 8569
  Buffers: shared hit=541
  ->  Seq Scan on courses t_courses_0  (cost=0.00..1541.01 rows=100001 width=7) (actual rows=100000 loops=1)
        Buffers: shared hit=541
Planning Time: 0.065 ms
Execution Time: 46.083 ms",40.048,2272.85,11299,"HashAggregate  (cost=2041.02..2272.85 rows=6182 width=7) (actual rows=11299 loops=1)
  Group Key: class
  Filter: (5 <= count(class))
  Batches: 1  Memory Usage: 2577kB
  Rows Removed by Filter: 8569
  Buffers: shared hit=541
  ->  Seq Scan on courses t_courses_0  (cost=0.00..1541.01 rows=100001 width=7) (actual rows=100000 loops=1)
        Buffers: shared hit=541
Planning Time: 0.076 ms
Execution Time: 40.048 ms",41.167,2272.85,11299,"HashAggregate  (cost=2041.02..2272.85 rows=6182 width=7) (actual rows=11299 loops=1)
  Group Key: class
  Filter: (5 <= count(class))
  Batches: 1  Memory Usage: 2577kB
  Rows Removed by Filter: 8569
  Buffers: shared hit=541
  ->  Seq Scan on courses t_courses_0  (cost=0.00..1541.01 rows=100001 width=7) (actual rows=100000 loops=1)
        Buffers: shared hit=541
Planning Time: 0.074 ms
Execution Time: 41.167 ms",39.7586,40.048,43.625,48.0494,2272.85,2272.85,11299,11299,11299,11299
357,596,145,Easy,select t_courses_0.class as class from schema_596.courses as t_courses_0 group by t_courses_0.class having 5 <= count(t_courses_0.student),31.436,2272.85,11299,"HashAggregate  (cost=2041.02..2272.85 rows=6182 width=7) (actual rows=11299 loops=1)
  Group Key: class
  Filter: (5 <= count(student))
  Batches: 1  Memory Usage: 2577kB
  Rows Removed by Filter: 8569
  Buffers: shared hit=541
  ->  Seq Scan on courses t_courses_0  (cost=0.00..1541.01 rows=100001 width=12) (actual rows=100000 loops=1)
        Buffers: shared hit=541
Planning Time: 0.074 ms
Execution Time: 31.436 ms",39.507,2272.85,11299,"HashAggregate  (cost=2041.02..2272.85 rows=6182 width=7) (actual rows=11299 loops=1)
  Group Key: class
  Filter: (5 <= count(student))
  Batches: 1  Memory Usage: 2577kB
  Rows Removed by Filter: 8569
  Buffers: shared hit=541
  ->  Seq Scan on courses t_courses_0  (cost=0.00..1541.01 rows=100001 width=12) (actual rows=100000 loops=1)
        Buffers: shared hit=541
Planning Time: 0.072 ms
Execution Time: 39.507 ms",47.958,2272.85,11299,"HashAggregate  (cost=2041.02..2272.85 rows=6182 width=7) (actual rows=11299 loops=1)
  Group Key: class
  Filter: (5 <= count(student))
  Batches: 1  Memory Usage: 2577kB
  Rows Removed by Filter: 8569
  Buffers: shared hit=541
  ->  Seq Scan on courses t_courses_0  (cost=0.00..1541.01 rows=100001 width=12) (actual rows=100000 loops=1)
        Buffers: shared hit=541
Planning Time: 0.067 ms
Execution Time: 47.958 ms",40.222,2272.85,11299,"HashAggregate  (cost=2041.02..2272.85 rows=6182 width=7) (actual rows=11299 loops=1)
  Group Key: class
  Filter: (5 <= count(student))
  Batches: 1  Memory Usage: 2577kB
  Rows Removed by Filter: 8569
  Buffers: shared hit=541
  ->  Seq Scan on courses t_courses_0  (cost=0.00..1541.01 rows=100001 width=12) (actual rows=100000 loops=1)
        Buffers: shared hit=541
Planning Time: 0.073 ms
Execution Time: 40.222 ms",41.451,2272.85,11299,"HashAggregate  (cost=2041.02..2272.85 rows=6182 width=7) (actual rows=11299 loops=1)
  Group Key: class
  Filter: (5 <= count(student))
  Batches: 1  Memory Usage: 2577kB
  Rows Removed by Filter: 8569
  Buffers: shared hit=541
  ->  Seq Scan on courses t_courses_0  (cost=0.00..1541.01 rows=100001 width=12) (actual rows=100000 loops=1)
        Buffers: shared hit=541
Planning Time: 0.095 ms
Execution Time: 41.451 ms",40.1148,40.222,44.7045,50.5608,2272.85,2272.85,11299,11299,11299,11299
360,614,14,Medium,"select t_cte_13.c_follower0 as follower, count(f2.follower) as num from (select f1.follower as c_follower0 from schema_614.follow as f1 group by f1.follower) as t_cte_13 inner join schema_614.follow as f2 on t_cte_13.c_follower0 = f2.followee group by t_cte_13.c_follower0",98.929,6658.12,25020,"HashAggregate  (cost=6656.12..6658.12 rows=200 width=13) (actual rows=25020 loops=1)
  Group Key: f1.follower
  Batches: 1  Memory Usage: 2849kB
  Buffers: shared hit=1068, temp read=8 written=31
  ->  Hash Join  (cost=3396.67..5193.18 rows=292588 width=10) (actual rows=99704 loops=1)
        Hash Cond: ((f2.followee)::text = (f1.follower)::text)
        Buffers: shared hit=1068, temp read=8 written=31
        ->  Seq Scan on follow f2  (cost=0.00..1533.96 rows=99996 width=9) (actual rows=99996 loops=1)
              Buffers: shared hit=534
        ->  Hash  (cost=2776.39..2776.39 rows=49622 width=5) (actual rows=49999 loops=1)
              Buckets: 65536  Batches: 1  Memory Usage: 2357kB
              Buffers: shared hit=534, temp read=8 written=31
              ->  HashAggregate  (cost=1783.95..2280.17 rows=49622 width=5) (actual rows=49999 loops=1)
                    Group Key: f1.follower
                    Batches: 5  Memory Usage: 4145kB  Disk Usage: 208kB
                    Buffers: shared hit=534, temp read=8 written=31
                    ->  Seq Scan on follow f1  (cost=0.00..1533.96 rows=99996 width=5) (actual rows=99996 loops=1)
                          Buffers: shared hit=534
Planning Time: 0.154 ms
Execution Time: 98.929 ms",111.135,6658.12,25020,"HashAggregate  (cost=6656.12..6658.12 rows=200 width=13) (actual rows=25020 loops=1)
  Group Key: f1.follower
  Batches: 1  Memory Usage: 2849kB
  Buffers: shared hit=1068, temp read=8 written=31
  ->  Hash Join  (cost=3396.67..5193.18 rows=292588 width=10) (actual rows=99704 loops=1)
        Hash Cond: ((f2.followee)::text = (f1.follower)::text)
        Buffers: shared hit=1068, temp read=8 written=31
        ->  Seq Scan on follow f2  (cost=0.00..1533.96 rows=99996 width=9) (actual rows=99996 loops=1)
              Buffers: shared hit=534
        ->  Hash  (cost=2776.39..2776.39 rows=49622 width=5) (actual rows=49999 loops=1)
              Buckets: 65536  Batches: 1  Memory Usage: 2357kB
              Buffers: shared hit=534, temp read=8 written=31
              ->  HashAggregate  (cost=1783.95..2280.17 rows=49622 width=5) (actual rows=49999 loops=1)
                    Group Key: f1.follower
                    Batches: 5  Memory Usage: 4145kB  Disk Usage: 208kB
                    Buffers: shared hit=534, temp read=8 written=31
                    ->  Seq Scan on follow f1  (cost=0.00..1533.96 rows=99996 width=5) (actual rows=99996 loops=1)
                          Buffers: shared hit=534
Planning Time: 0.181 ms
Execution Time: 111.135 ms",107.553,6658.12,25020,"HashAggregate  (cost=6656.12..6658.12 rows=200 width=13) (actual rows=25020 loops=1)
  Group Key: f1.follower
  Batches: 1  Memory Usage: 2849kB
  Buffers: shared hit=1068, temp read=8 written=31
  ->  Hash Join  (cost=3396.67..5193.18 rows=292588 width=10) (actual rows=99704 loops=1)
        Hash Cond: ((f2.followee)::text = (f1.follower)::text)
        Buffers: shared hit=1068, temp read=8 written=31
        ->  Seq Scan on follow f2  (cost=0.00..1533.96 rows=99996 width=9) (actual rows=99996 loops=1)
              Buffers: shared hit=534
        ->  Hash  (cost=2776.39..2776.39 rows=49622 width=5) (actual rows=49999 loops=1)
              Buckets: 65536  Batches: 1  Memory Usage: 2357kB
              Buffers: shared hit=534, temp read=8 written=31
              ->  HashAggregate  (cost=1783.95..2280.17 rows=49622 width=5) (actual rows=49999 loops=1)
                    Group Key: f1.follower
                    Batches: 5  Memory Usage: 4145kB  Disk Usage: 208kB
                    Buffers: shared hit=534, temp read=8 written=31
                    ->  Seq Scan on follow f1  (cost=0.00..1533.96 rows=99996 width=5) (actual rows=99996 loops=1)
                          Buffers: shared hit=534
Planning Time: 0.163 ms
Execution Time: 107.553 ms",109.98,6658.12,25020,"HashAggregate  (cost=6656.12..6658.12 rows=200 width=13) (actual rows=25020 loops=1)
  Group Key: f1.follower
  Batches: 1  Memory Usage: 2849kB
  Buffers: shared hit=1068, temp read=8 written=31
  ->  Hash Join  (cost=3396.67..5193.18 rows=292588 width=10) (actual rows=99704 loops=1)
        Hash Cond: ((f2.followee)::text = (f1.follower)::text)
        Buffers: shared hit=1068, temp read=8 written=31
        ->  Seq Scan on follow f2  (cost=0.00..1533.96 rows=99996 width=9) (actual rows=99996 loops=1)
              Buffers: shared hit=534
        ->  Hash  (cost=2776.39..2776.39 rows=49622 width=5) (actual rows=49999 loops=1)
              Buckets: 65536  Batches: 1  Memory Usage: 2357kB
              Buffers: shared hit=534, temp read=8 written=31
              ->  HashAggregate  (cost=1783.95..2280.17 rows=49622 width=5) (actual rows=49999 loops=1)
                    Group Key: f1.follower
                    Batches: 5  Memory Usage: 4145kB  Disk Usage: 208kB
                    Buffers: shared hit=534, temp read=8 written=31
                    ->  Seq Scan on follow f1  (cost=0.00..1533.96 rows=99996 width=5) (actual rows=99996 loops=1)
                          Buffers: shared hit=534
Planning Time: 0.181 ms
Execution Time: 109.980 ms",108.411,6658.12,25020,"HashAggregate  (cost=6656.12..6658.12 rows=200 width=13) (actual rows=25020 loops=1)
  Group Key: f1.follower
  Batches: 1  Memory Usage: 2849kB
  Buffers: shared hit=1068, temp read=8 written=31
  ->  Hash Join  (cost=3396.67..5193.18 rows=292588 width=10) (actual rows=99704 loops=1)
        Hash Cond: ((f2.followee)::text = (f1.follower)::text)
        Buffers: shared hit=1068, temp read=8 written=31
        ->  Seq Scan on follow f2  (cost=0.00..1533.96 rows=99996 width=9) (actual rows=99996 loops=1)
              Buffers: shared hit=534
        ->  Hash  (cost=2776.39..2776.39 rows=49622 width=5) (actual rows=49999 loops=1)
              Buckets: 65536  Batches: 1  Memory Usage: 2357kB
              Buffers: shared hit=534, temp read=8 written=31
              ->  HashAggregate  (cost=1783.95..2280.17 rows=49622 width=5) (actual rows=49999 loops=1)
                    Group Key: f1.follower
                    Batches: 5  Memory Usage: 4145kB  Disk Usage: 208kB
                    Buffers: shared hit=534, temp read=8 written=31
                    ->  Seq Scan on follow f1  (cost=0.00..1533.96 rows=99996 width=5) (actual rows=99996 loops=1)
                          Buffers: shared hit=534
Planning Time: 0.167 ms
Execution Time: 108.411 ms",107.2016,108.411,110.5575,111.597,6658.12,6658.12,25020,25020,25020,25020
362,614,19,Medium,"select distinct t_cte_20.c_followee0 as follower, t_cte_20.c_count0 as num from schema_614.follow as b inner join (select a.followee as c_followee0, count(a.follower) as c_count0 from schema_614.follow as a group by a.followee) as t_cte_20 on t_cte_20.c_followee0 = b.follower where 0 < t_cte_20.c_count0",75.75,4232.2,25020,"HashAggregate  (cost=4226.55..4232.20 rows=565 width=12) (actual rows=25020 loops=1)
  Group Key: a.followee, (count(a.follower))
  Batches: 1  Memory Usage: 2065kB
  Buffers: shared hit=1068
  ->  Hash Join  (cost=2373.12..4169.59 rows=11392 width=12) (actual rows=50038 loops=1)
        Hash Cond: ((b.follower)::text = (a.followee)::text)
        Buffers: shared hit=1068
        ->  Seq Scan on follow b  (cost=0.00..1533.96 rows=99996 width=5) (actual rows=99996 loops=1)
              Buffers: shared hit=534
        ->  Hash  (cost=2302.46..2302.46 rows=5653 width=12) (actual rows=25021 loops=1)
              Buckets: 32768 (originally 8192)  Batches: 1 (originally 1)  Memory Usage: 1429kB
              Buffers: shared hit=534
              ->  HashAggregate  (cost=2033.94..2245.93 rows=5653 width=12) (actual rows=25021 loops=1)
                    Group Key: a.followee
                    Filter: (0 < count(a.follower))
                    Batches: 1  Memory Usage: 2833kB
                    Buffers: shared hit=534
                    ->  Seq Scan on follow a  (cost=0.00..1533.96 rows=99996 width=9) (actual rows=99996 loops=1)
                          Buffers: shared hit=534
Planning Time: 0.152 ms
Execution Time: 75.750 ms",83.821,4232.2,25020,"HashAggregate  (cost=4226.55..4232.20 rows=565 width=12) (actual rows=25020 loops=1)
  Group Key: a.followee, (count(a.follower))
  Batches: 1  Memory Usage: 2065kB
  Buffers: shared hit=1068
  ->  Hash Join  (cost=2373.12..4169.59 rows=11392 width=12) (actual rows=50038 loops=1)
        Hash Cond: ((b.follower)::text = (a.followee)::text)
        Buffers: shared hit=1068
        ->  Seq Scan on follow b  (cost=0.00..1533.96 rows=99996 width=5) (actual rows=99996 loops=1)
              Buffers: shared hit=534
        ->  Hash  (cost=2302.46..2302.46 rows=5653 width=12) (actual rows=25021 loops=1)
              Buckets: 32768 (originally 8192)  Batches: 1 (originally 1)  Memory Usage: 1429kB
              Buffers: shared hit=534
              ->  HashAggregate  (cost=2033.94..2245.93 rows=5653 width=12) (actual rows=25021 loops=1)
                    Group Key: a.followee
                    Filter: (0 < count(a.follower))
                    Batches: 1  Memory Usage: 2833kB
                    Buffers: shared hit=534
                    ->  Seq Scan on follow a  (cost=0.00..1533.96 rows=99996 width=9) (actual rows=99996 loops=1)
                          Buffers: shared hit=534
Planning Time: 0.224 ms
Execution Time: 83.821 ms",100.038,4232.2,25020,"HashAggregate  (cost=4226.55..4232.20 rows=565 width=12) (actual rows=25020 loops=1)
  Group Key: a.followee, (count(a.follower))
  Batches: 1  Memory Usage: 2065kB
  Buffers: shared hit=1068
  ->  Hash Join  (cost=2373.12..4169.59 rows=11392 width=12) (actual rows=50038 loops=1)
        Hash Cond: ((b.follower)::text = (a.followee)::text)
        Buffers: shared hit=1068
        ->  Seq Scan on follow b  (cost=0.00..1533.96 rows=99996 width=5) (actual rows=99996 loops=1)
              Buffers: shared hit=534
        ->  Hash  (cost=2302.46..2302.46 rows=5653 width=12) (actual rows=25021 loops=1)
              Buckets: 32768 (originally 8192)  Batches: 1 (originally 1)  Memory Usage: 1429kB
              Buffers: shared hit=534
              ->  HashAggregate  (cost=2033.94..2245.93 rows=5653 width=12) (actual rows=25021 loops=1)
                    Group Key: a.followee
                    Filter: (0 < count(a.follower))
                    Batches: 1  Memory Usage: 2833kB
                    Buffers: shared hit=534
                    ->  Seq Scan on follow a  (cost=0.00..1533.96 rows=99996 width=9) (actual rows=99996 loops=1)
                          Buffers: shared hit=534
Planning Time: 0.311 ms
Execution Time: 100.038 ms",85.61,4232.2,25020,"HashAggregate  (cost=4226.55..4232.20 rows=565 width=12) (actual rows=25020 loops=1)
  Group Key: a.followee, (count(a.follower))
  Batches: 1  Memory Usage: 2065kB
  Buffers: shared hit=1068
  ->  Hash Join  (cost=2373.12..4169.59 rows=11392 width=12) (actual rows=50038 loops=1)
        Hash Cond: ((b.follower)::text = (a.followee)::text)
        Buffers: shared hit=1068
        ->  Seq Scan on follow b  (cost=0.00..1533.96 rows=99996 width=5) (actual rows=99996 loops=1)
              Buffers: shared hit=534
        ->  Hash  (cost=2302.46..2302.46 rows=5653 width=12) (actual rows=25021 loops=1)
              Buckets: 32768 (originally 8192)  Batches: 1 (originally 1)  Memory Usage: 1429kB
              Buffers: shared hit=534
              ->  HashAggregate  (cost=2033.94..2245.93 rows=5653 width=12) (actual rows=25021 loops=1)
                    Group Key: a.followee
                    Filter: (0 < count(a.follower))
                    Batches: 1  Memory Usage: 2833kB
                    Buffers: shared hit=534
                    ->  Seq Scan on follow a  (cost=0.00..1533.96 rows=99996 width=9) (actual rows=99996 loops=1)
                          Buffers: shared hit=534
Planning Time: 0.178 ms
Execution Time: 85.610 ms",81.891,4232.2,25020,"HashAggregate  (cost=4226.55..4232.20 rows=565 width=12) (actual rows=25020 loops=1)
  Group Key: a.followee, (count(a.follower))
  Batches: 1  Memory Usage: 2065kB
  Buffers: shared hit=1068
  ->  Hash Join  (cost=2373.12..4169.59 rows=11392 width=12) (actual rows=50038 loops=1)
        Hash Cond: ((b.follower)::text = (a.followee)::text)
        Buffers: shared hit=1068
        ->  Seq Scan on follow b  (cost=0.00..1533.96 rows=99996 width=5) (actual rows=99996 loops=1)
              Buffers: shared hit=534
        ->  Hash  (cost=2302.46..2302.46 rows=5653 width=12) (actual rows=25021 loops=1)
              Buckets: 32768 (originally 8192)  Batches: 1 (originally 1)  Memory Usage: 1429kB
              Buffers: shared hit=534
              ->  HashAggregate  (cost=2033.94..2245.93 rows=5653 width=12) (actual rows=25021 loops=1)
                    Group Key: a.followee
                    Filter: (0 < count(a.follower))
                    Batches: 1  Memory Usage: 2833kB
                    Buffers: shared hit=534
                    ->  Seq Scan on follow a  (cost=0.00..1533.96 rows=99996 width=9) (actual rows=99996 loops=1)
                          Buffers: shared hit=534
Planning Time: 0.178 ms
Execution Time: 81.891 ms",85.422,83.821,92.824,105.8092,4232.2,4232.2,25020,25020,25020,25020
363,614,24,Medium,"select t_cte_6.c_follower0 as follower, count(b.follower) as num from schema_614.follow as b inner join (select a.follower as c_follower0 from schema_614.follow as a group by a.follower) as t_cte_6 on t_cte_6.c_follower0 = b.followee group by t_cte_6.c_follower0",99.213,6658.12,25020,"HashAggregate  (cost=6656.12..6658.12 rows=200 width=13) (actual rows=25020 loops=1)
  Group Key: a.follower
  Batches: 1  Memory Usage: 2849kB
  Buffers: shared hit=1068, temp read=8 written=31
  ->  Hash Join  (cost=3396.67..5193.18 rows=292588 width=10) (actual rows=99704 loops=1)
        Hash Cond: ((b.followee)::text = (a.follower)::text)
        Buffers: shared hit=1068, temp read=8 written=31
        ->  Seq Scan on follow b  (cost=0.00..1533.96 rows=99996 width=9) (actual rows=99996 loops=1)
              Buffers: shared hit=534
        ->  Hash  (cost=2776.39..2776.39 rows=49622 width=5) (actual rows=49999 loops=1)
              Buckets: 65536  Batches: 1  Memory Usage: 2357kB
              Buffers: shared hit=534, temp read=8 written=31
              ->  HashAggregate  (cost=1783.95..2280.17 rows=49622 width=5) (actual rows=49999 loops=1)
                    Group Key: a.follower
                    Batches: 5  Memory Usage: 4145kB  Disk Usage: 208kB
                    Buffers: shared hit=534, temp read=8 written=31
                    ->  Seq Scan on follow a  (cost=0.00..1533.96 rows=99996 width=5) (actual rows=99996 loops=1)
                          Buffers: shared hit=534
Planning Time: 0.166 ms
Execution Time: 99.213 ms",108.93,6658.12,25020,"HashAggregate  (cost=6656.12..6658.12 rows=200 width=13) (actual rows=25020 loops=1)
  Group Key: a.follower
  Batches: 1  Memory Usage: 2849kB
  Buffers: shared hit=1068, temp read=8 written=31
  ->  Hash Join  (cost=3396.67..5193.18 rows=292588 width=10) (actual rows=99704 loops=1)
        Hash Cond: ((b.followee)::text = (a.follower)::text)
        Buffers: shared hit=1068, temp read=8 written=31
        ->  Seq Scan on follow b  (cost=0.00..1533.96 rows=99996 width=9) (actual rows=99996 loops=1)
              Buffers: shared hit=534
        ->  Hash  (cost=2776.39..2776.39 rows=49622 width=5) (actual rows=49999 loops=1)
              Buckets: 65536  Batches: 1  Memory Usage: 2357kB
              Buffers: shared hit=534, temp read=8 written=31
              ->  HashAggregate  (cost=1783.95..2280.17 rows=49622 width=5) (actual rows=49999 loops=1)
                    Group Key: a.follower
                    Batches: 5  Memory Usage: 4145kB  Disk Usage: 208kB
                    Buffers: shared hit=534, temp read=8 written=31
                    ->  Seq Scan on follow a  (cost=0.00..1533.96 rows=99996 width=5) (actual rows=99996 loops=1)
                          Buffers: shared hit=534
Planning Time: 0.198 ms
Execution Time: 108.930 ms",107.67,6658.12,25020,"HashAggregate  (cost=6656.12..6658.12 rows=200 width=13) (actual rows=25020 loops=1)
  Group Key: a.follower
  Batches: 1  Memory Usage: 2849kB
  Buffers: shared hit=1068, temp read=8 written=31
  ->  Hash Join  (cost=3396.67..5193.18 rows=292588 width=10) (actual rows=99704 loops=1)
        Hash Cond: ((b.followee)::text = (a.follower)::text)
        Buffers: shared hit=1068, temp read=8 written=31
        ->  Seq Scan on follow b  (cost=0.00..1533.96 rows=99996 width=9) (actual rows=99996 loops=1)
              Buffers: shared hit=534
        ->  Hash  (cost=2776.39..2776.39 rows=49622 width=5) (actual rows=49999 loops=1)
              Buckets: 65536  Batches: 1  Memory Usage: 2357kB
              Buffers: shared hit=534, temp read=8 written=31
              ->  HashAggregate  (cost=1783.95..2280.17 rows=49622 width=5) (actual rows=49999 loops=1)
                    Group Key: a.follower
                    Batches: 5  Memory Usage: 4145kB  Disk Usage: 208kB
                    Buffers: shared hit=534, temp read=8 written=31
                    ->  Seq Scan on follow a  (cost=0.00..1533.96 rows=99996 width=5) (actual rows=99996 loops=1)
                          Buffers: shared hit=534
Planning Time: 0.238 ms
Execution Time: 107.670 ms",110.901,6658.12,25020,"HashAggregate  (cost=6656.12..6658.12 rows=200 width=13) (actual rows=25020 loops=1)
  Group Key: a.follower
  Batches: 1  Memory Usage: 2849kB
  Buffers: shared hit=1068, temp read=8 written=31
  ->  Hash Join  (cost=3396.67..5193.18 rows=292588 width=10) (actual rows=99704 loops=1)
        Hash Cond: ((b.followee)::text = (a.follower)::text)
        Buffers: shared hit=1068, temp read=8 written=31
        ->  Seq Scan on follow b  (cost=0.00..1533.96 rows=99996 width=9) (actual rows=99996 loops=1)
              Buffers: shared hit=534
        ->  Hash  (cost=2776.39..2776.39 rows=49622 width=5) (actual rows=49999 loops=1)
              Buckets: 65536  Batches: 1  Memory Usage: 2357kB
              Buffers: shared hit=534, temp read=8 written=31
              ->  HashAggregate  (cost=1783.95..2280.17 rows=49622 width=5) (actual rows=49999 loops=1)
                    Group Key: a.follower
                    Batches: 5  Memory Usage: 4145kB  Disk Usage: 208kB
                    Buffers: shared hit=534, temp read=8 written=31
                    ->  Seq Scan on follow a  (cost=0.00..1533.96 rows=99996 width=5) (actual rows=99996 loops=1)
                          Buffers: shared hit=534
Planning Time: 0.217 ms
Execution Time: 110.901 ms",111.603,6658.12,25020,"HashAggregate  (cost=6656.12..6658.12 rows=200 width=13) (actual rows=25020 loops=1)
  Group Key: a.follower
  Batches: 1  Memory Usage: 2849kB
  Buffers: shared hit=1068, temp read=8 written=31
  ->  Hash Join  (cost=3396.67..5193.18 rows=292588 width=10) (actual rows=99704 loops=1)
        Hash Cond: ((b.followee)::text = (a.follower)::text)
        Buffers: shared hit=1068, temp read=8 written=31
        ->  Seq Scan on follow b  (cost=0.00..1533.96 rows=99996 width=9) (actual rows=99996 loops=1)
              Buffers: shared hit=534
        ->  Hash  (cost=2776.39..2776.39 rows=49622 width=5) (actual rows=49999 loops=1)
              Buckets: 65536  Batches: 1  Memory Usage: 2357kB
              Buffers: shared hit=534, temp read=8 written=31
              ->  HashAggregate  (cost=1783.95..2280.17 rows=49622 width=5) (actual rows=49999 loops=1)
                    Group Key: a.follower
                    Batches: 5  Memory Usage: 4145kB  Disk Usage: 208kB
                    Buffers: shared hit=534, temp read=8 written=31
                    ->  Seq Scan on follow a  (cost=0.00..1533.96 rows=99996 width=5) (actual rows=99996 loops=1)
                          Buffers: shared hit=534
Planning Time: 0.214 ms
Execution Time: 111.603 ms",107.6634,108.93,111.252,111.8838,6658.12,6658.12,25020,25020,25020,25020
365,614,27,Medium,"select t_cte_7.c_follower0 as follower, count(b.follower) as num from (select a.follower as c_follower0 from schema_614.follow as a group by a.follower) as t_cte_7 inner join schema_614.follow as b on t_cte_7.c_follower0 = b.followee group by t_cte_7.c_follower0",99.212,6658.12,25020,"HashAggregate  (cost=6656.12..6658.12 rows=200 width=13) (actual rows=25020 loops=1)
  Group Key: a.follower
  Batches: 1  Memory Usage: 2849kB
  Buffers: shared hit=1068, temp read=8 written=31
  ->  Hash Join  (cost=3396.67..5193.18 rows=292588 width=10) (actual rows=99704 loops=1)
        Hash Cond: ((b.followee)::text = (a.follower)::text)
        Buffers: shared hit=1068, temp read=8 written=31
        ->  Seq Scan on follow b  (cost=0.00..1533.96 rows=99996 width=9) (actual rows=99996 loops=1)
              Buffers: shared hit=534
        ->  Hash  (cost=2776.39..2776.39 rows=49622 width=5) (actual rows=49999 loops=1)
              Buckets: 65536  Batches: 1  Memory Usage: 2357kB
              Buffers: shared hit=534, temp read=8 written=31
              ->  HashAggregate  (cost=1783.95..2280.17 rows=49622 width=5) (actual rows=49999 loops=1)
                    Group Key: a.follower
                    Batches: 5  Memory Usage: 4145kB  Disk Usage: 208kB
                    Buffers: shared hit=534, temp read=8 written=31
                    ->  Seq Scan on follow a  (cost=0.00..1533.96 rows=99996 width=5) (actual rows=99996 loops=1)
                          Buffers: shared hit=534
Planning Time: 0.140 ms
Execution Time: 99.212 ms",107.338,6658.12,25020,"HashAggregate  (cost=6656.12..6658.12 rows=200 width=13) (actual rows=25020 loops=1)
  Group Key: a.follower
  Batches: 1  Memory Usage: 2849kB
  Buffers: shared hit=1068, temp read=8 written=31
  ->  Hash Join  (cost=3396.67..5193.18 rows=292588 width=10) (actual rows=99704 loops=1)
        Hash Cond: ((b.followee)::text = (a.follower)::text)
        Buffers: shared hit=1068, temp read=8 written=31
        ->  Seq Scan on follow b  (cost=0.00..1533.96 rows=99996 width=9) (actual rows=99996 loops=1)
              Buffers: shared hit=534
        ->  Hash  (cost=2776.39..2776.39 rows=49622 width=5) (actual rows=49999 loops=1)
              Buckets: 65536  Batches: 1  Memory Usage: 2357kB
              Buffers: shared hit=534, temp read=8 written=31
              ->  HashAggregate  (cost=1783.95..2280.17 rows=49622 width=5) (actual rows=49999 loops=1)
                    Group Key: a.follower
                    Batches: 5  Memory Usage: 4145kB  Disk Usage: 208kB
                    Buffers: shared hit=534, temp read=8 written=31
                    ->  Seq Scan on follow a  (cost=0.00..1533.96 rows=99996 width=5) (actual rows=99996 loops=1)
                          Buffers: shared hit=534
Planning Time: 0.247 ms
Execution Time: 107.338 ms",106.615,6658.12,25020,"HashAggregate  (cost=6656.12..6658.12 rows=200 width=13) (actual rows=25020 loops=1)
  Group Key: a.follower
  Batches: 1  Memory Usage: 2849kB
  Buffers: shared hit=1068, temp read=8 written=31
  ->  Hash Join  (cost=3396.67..5193.18 rows=292588 width=10) (actual rows=99704 loops=1)
        Hash Cond: ((b.followee)::text = (a.follower)::text)
        Buffers: shared hit=1068, temp read=8 written=31
        ->  Seq Scan on follow b  (cost=0.00..1533.96 rows=99996 width=9) (actual rows=99996 loops=1)
              Buffers: shared hit=534
        ->  Hash  (cost=2776.39..2776.39 rows=49622 width=5) (actual rows=49999 loops=1)
              Buckets: 65536  Batches: 1  Memory Usage: 2357kB
              Buffers: shared hit=534, temp read=8 written=31
              ->  HashAggregate  (cost=1783.95..2280.17 rows=49622 width=5) (actual rows=49999 loops=1)
                    Group Key: a.follower
                    Batches: 5  Memory Usage: 4145kB  Disk Usage: 208kB
                    Buffers: shared hit=534, temp read=8 written=31
                    ->  Seq Scan on follow a  (cost=0.00..1533.96 rows=99996 width=5) (actual rows=99996 loops=1)
                          Buffers: shared hit=534
Planning Time: 0.180 ms
Execution Time: 106.615 ms",107.474,6658.12,25020,"HashAggregate  (cost=6656.12..6658.12 rows=200 width=13) (actual rows=25020 loops=1)
  Group Key: a.follower
  Batches: 1  Memory Usage: 2849kB
  Buffers: shared hit=1068, temp read=8 written=31
  ->  Hash Join  (cost=3396.67..5193.18 rows=292588 width=10) (actual rows=99704 loops=1)
        Hash Cond: ((b.followee)::text = (a.follower)::text)
        Buffers: shared hit=1068, temp read=8 written=31
        ->  Seq Scan on follow b  (cost=0.00..1533.96 rows=99996 width=9) (actual rows=99996 loops=1)
              Buffers: shared hit=534
        ->  Hash  (cost=2776.39..2776.39 rows=49622 width=5) (actual rows=49999 loops=1)
              Buckets: 65536  Batches: 1  Memory Usage: 2357kB
              Buffers: shared hit=534, temp read=8 written=31
              ->  HashAggregate  (cost=1783.95..2280.17 rows=49622 width=5) (actual rows=49999 loops=1)
                    Group Key: a.follower
                    Batches: 5  Memory Usage: 4145kB  Disk Usage: 208kB
                    Buffers: shared hit=534, temp read=8 written=31
                    ->  Seq Scan on follow a  (cost=0.00..1533.96 rows=99996 width=5) (actual rows=99996 loops=1)
                          Buffers: shared hit=534
Planning Time: 0.201 ms
Execution Time: 107.474 ms",108.837,6658.12,25020,"HashAggregate  (cost=6656.12..6658.12 rows=200 width=13) (actual rows=25020 loops=1)
  Group Key: a.follower
  Batches: 1  Memory Usage: 2849kB
  Buffers: shared hit=1068, temp read=8 written=31
  ->  Hash Join  (cost=3396.67..5193.18 rows=292588 width=10) (actual rows=99704 loops=1)
        Hash Cond: ((b.followee)::text = (a.follower)::text)
        Buffers: shared hit=1068, temp read=8 written=31
        ->  Seq Scan on follow b  (cost=0.00..1533.96 rows=99996 width=9) (actual rows=99996 loops=1)
              Buffers: shared hit=534
        ->  Hash  (cost=2776.39..2776.39 rows=49622 width=5) (actual rows=49999 loops=1)
              Buckets: 65536  Batches: 1  Memory Usage: 2357kB
              Buffers: shared hit=534, temp read=8 written=31
              ->  HashAggregate  (cost=1783.95..2280.17 rows=49622 width=5) (actual rows=49999 loops=1)
                    Group Key: a.follower
                    Batches: 5  Memory Usage: 4145kB  Disk Usage: 208kB
                    Buffers: shared hit=534, temp read=8 written=31
                    ->  Seq Scan on follow a  (cost=0.00..1533.96 rows=99996 width=5) (actual rows=99996 loops=1)
                          Buffers: shared hit=534
Planning Time: 0.163 ms
Execution Time: 108.837 ms",105.8952,107.338,108.1555,109.3822,6658.12,6658.12,25020,25020,25020,25020
366,614,28,Medium,"select t_cte_13.c_follower0 as follower, count(b.follower) as num from schema_614.follow as b inner join (select a.follower as c_follower0 from schema_614.follow as a group by a.follower) as t_cte_13 on t_cte_13.c_follower0 = b.followee group by t_cte_13.c_follower0",99.127,6658.12,25020,"HashAggregate  (cost=6656.12..6658.12 rows=200 width=13) (actual rows=25020 loops=1)
  Group Key: a.follower
  Batches: 1  Memory Usage: 2849kB
  Buffers: shared hit=1068, temp read=8 written=31
  ->  Hash Join  (cost=3396.67..5193.18 rows=292588 width=10) (actual rows=99704 loops=1)
        Hash Cond: ((b.followee)::text = (a.follower)::text)
        Buffers: shared hit=1068, temp read=8 written=31
        ->  Seq Scan on follow b  (cost=0.00..1533.96 rows=99996 width=9) (actual rows=99996 loops=1)
              Buffers: shared hit=534
        ->  Hash  (cost=2776.39..2776.39 rows=49622 width=5) (actual rows=49999 loops=1)
              Buckets: 65536  Batches: 1  Memory Usage: 2357kB
              Buffers: shared hit=534, temp read=8 written=31
              ->  HashAggregate  (cost=1783.95..2280.17 rows=49622 width=5) (actual rows=49999 loops=1)
                    Group Key: a.follower
                    Batches: 5  Memory Usage: 4145kB  Disk Usage: 208kB
                    Buffers: shared hit=534, temp read=8 written=31
                    ->  Seq Scan on follow a  (cost=0.00..1533.96 rows=99996 width=5) (actual rows=99996 loops=1)
                          Buffers: shared hit=534
Planning Time: 0.141 ms
Execution Time: 99.127 ms",109.933,6658.12,25020,"HashAggregate  (cost=6656.12..6658.12 rows=200 width=13) (actual rows=25020 loops=1)
  Group Key: a.follower
  Batches: 1  Memory Usage: 2849kB
  Buffers: shared hit=1068, temp read=8 written=31
  ->  Hash Join  (cost=3396.67..5193.18 rows=292588 width=10) (actual rows=99704 loops=1)
        Hash Cond: ((b.followee)::text = (a.follower)::text)
        Buffers: shared hit=1068, temp read=8 written=31
        ->  Seq Scan on follow b  (cost=0.00..1533.96 rows=99996 width=9) (actual rows=99996 loops=1)
              Buffers: shared hit=534
        ->  Hash  (cost=2776.39..2776.39 rows=49622 width=5) (actual rows=49999 loops=1)
              Buckets: 65536  Batches: 1  Memory Usage: 2357kB
              Buffers: shared hit=534, temp read=8 written=31
              ->  HashAggregate  (cost=1783.95..2280.17 rows=49622 width=5) (actual rows=49999 loops=1)
                    Group Key: a.follower
                    Batches: 5  Memory Usage: 4145kB  Disk Usage: 208kB
                    Buffers: shared hit=534, temp read=8 written=31
                    ->  Seq Scan on follow a  (cost=0.00..1533.96 rows=99996 width=5) (actual rows=99996 loops=1)
                          Buffers: shared hit=534
Planning Time: 0.244 ms
Execution Time: 109.933 ms",107.015,6658.12,25020,"HashAggregate  (cost=6656.12..6658.12 rows=200 width=13) (actual rows=25020 loops=1)
  Group Key: a.follower
  Batches: 1  Memory Usage: 2849kB
  Buffers: shared hit=1068, temp read=8 written=31
  ->  Hash Join  (cost=3396.67..5193.18 rows=292588 width=10) (actual rows=99704 loops=1)
        Hash Cond: ((b.followee)::text = (a.follower)::text)
        Buffers: shared hit=1068, temp read=8 written=31
        ->  Seq Scan on follow b  (cost=0.00..1533.96 rows=99996 width=9) (actual rows=99996 loops=1)
              Buffers: shared hit=534
        ->  Hash  (cost=2776.39..2776.39 rows=49622 width=5) (actual rows=49999 loops=1)
              Buckets: 65536  Batches: 1  Memory Usage: 2357kB
              Buffers: shared hit=534, temp read=8 written=31
              ->  HashAggregate  (cost=1783.95..2280.17 rows=49622 width=5) (actual rows=49999 loops=1)
                    Group Key: a.follower
                    Batches: 5  Memory Usage: 4145kB  Disk Usage: 208kB
                    Buffers: shared hit=534, temp read=8 written=31
                    ->  Seq Scan on follow a  (cost=0.00..1533.96 rows=99996 width=5) (actual rows=99996 loops=1)
                          Buffers: shared hit=534
Planning Time: 0.199 ms
Execution Time: 107.015 ms",106.153,6658.12,25020,"HashAggregate  (cost=6656.12..6658.12 rows=200 width=13) (actual rows=25020 loops=1)
  Group Key: a.follower
  Batches: 1  Memory Usage: 2849kB
  Buffers: shared hit=1068, temp read=8 written=31
  ->  Hash Join  (cost=3396.67..5193.18 rows=292588 width=10) (actual rows=99704 loops=1)
        Hash Cond: ((b.followee)::text = (a.follower)::text)
        Buffers: shared hit=1068, temp read=8 written=31
        ->  Seq Scan on follow b  (cost=0.00..1533.96 rows=99996 width=9) (actual rows=99996 loops=1)
              Buffers: shared hit=534
        ->  Hash  (cost=2776.39..2776.39 rows=49622 width=5) (actual rows=49999 loops=1)
              Buckets: 65536  Batches: 1  Memory Usage: 2357kB
              Buffers: shared hit=534, temp read=8 written=31
              ->  HashAggregate  (cost=1783.95..2280.17 rows=49622 width=5) (actual rows=49999 loops=1)
                    Group Key: a.follower
                    Batches: 5  Memory Usage: 4145kB  Disk Usage: 208kB
                    Buffers: shared hit=534, temp read=8 written=31
                    ->  Seq Scan on follow a  (cost=0.00..1533.96 rows=99996 width=5) (actual rows=99996 loops=1)
                          Buffers: shared hit=534
Planning Time: 0.186 ms
Execution Time: 106.153 ms",109.31,6658.12,25020,"HashAggregate  (cost=6656.12..6658.12 rows=200 width=13) (actual rows=25020 loops=1)
  Group Key: a.follower
  Batches: 1  Memory Usage: 2849kB
  Buffers: shared hit=1068, temp read=8 written=31
  ->  Hash Join  (cost=3396.67..5193.18 rows=292588 width=10) (actual rows=99704 loops=1)
        Hash Cond: ((b.followee)::text = (a.follower)::text)
        Buffers: shared hit=1068, temp read=8 written=31
        ->  Seq Scan on follow b  (cost=0.00..1533.96 rows=99996 width=9) (actual rows=99996 loops=1)
              Buffers: shared hit=534
        ->  Hash  (cost=2776.39..2776.39 rows=49622 width=5) (actual rows=49999 loops=1)
              Buckets: 65536  Batches: 1  Memory Usage: 2357kB
              Buffers: shared hit=534, temp read=8 written=31
              ->  HashAggregate  (cost=1783.95..2280.17 rows=49622 width=5) (actual rows=49999 loops=1)
                    Group Key: a.follower
                    Batches: 5  Memory Usage: 4145kB  Disk Usage: 208kB
                    Buffers: shared hit=534, temp read=8 written=31
                    ->  Seq Scan on follow a  (cost=0.00..1533.96 rows=99996 width=5) (actual rows=99996 loops=1)
                          Buffers: shared hit=534
Planning Time: 0.242 ms
Execution Time: 109.310 ms",106.3076,107.015,109.6215,110.1822,6658.12,6658.12,25020,25020,25020,25020
369,614,35,Medium,"select t_cte_18.c_follower0 as follower, count(t_cte_8.c_follower1) as num from (select a.follower as c_follower0 from schema_614.follow as a group by a.follower) as t_cte_18 left join (select b.follower as c_follower1, b.followee as c_followee0 from schema_614.follow as b) as t_cte_8 on t_cte_18.c_follower0 = t_cte_8.c_followee0 group by t_cte_18.c_follower0 having 0 < count(t_cte_8.c_follower1)",117.027,6658.62,25020,"HashAggregate  (cost=6656.12..6658.62 rows=67 width=13) (actual rows=25020 loops=1)
  Group Key: a.follower
  Filter: (0 < count(b.follower))
  Batches: 5  Memory Usage: 4161kB  Disk Usage: 712kB
  Rows Removed by Filter: 24979
  Buffers: shared hit=1068, temp read=76 written=167
  ->  Hash Right Join  (cost=3396.67..5193.18 rows=292588 width=10) (actual rows=124683 loops=1)
        Hash Cond: ((b.followee)::text = (a.follower)::text)
        Buffers: shared hit=1068, temp read=8 written=31
        ->  Seq Scan on follow b  (cost=0.00..1533.96 rows=99996 width=9) (actual rows=99996 loops=1)
              Buffers: shared hit=534
        ->  Hash  (cost=2776.39..2776.39 rows=49622 width=5) (actual rows=49999 loops=1)
              Buckets: 65536  Batches: 1  Memory Usage: 2357kB
              Buffers: shared hit=534, temp read=8 written=31
              ->  HashAggregate  (cost=1783.95..2280.17 rows=49622 width=5) (actual rows=49999 loops=1)
                    Group Key: a.follower
                    Batches: 5  Memory Usage: 4145kB  Disk Usage: 208kB
                    Buffers: shared hit=534, temp read=8 written=31
                    ->  Seq Scan on follow a  (cost=0.00..1533.96 rows=99996 width=5) (actual rows=99996 loops=1)
                          Buffers: shared hit=534
Planning Time: 0.122 ms
Execution Time: 117.027 ms",130.577,6658.62,25020,"HashAggregate  (cost=6656.12..6658.62 rows=67 width=13) (actual rows=25020 loops=1)
  Group Key: a.follower
  Filter: (0 < count(b.follower))
  Batches: 5  Memory Usage: 4161kB  Disk Usage: 712kB
  Rows Removed by Filter: 24979
  Buffers: shared hit=1068, temp read=76 written=167
  ->  Hash Right Join  (cost=3396.67..5193.18 rows=292588 width=10) (actual rows=124683 loops=1)
        Hash Cond: ((b.followee)::text = (a.follower)::text)
        Buffers: shared hit=1068, temp read=8 written=31
        ->  Seq Scan on follow b  (cost=0.00..1533.96 rows=99996 width=9) (actual rows=99996 loops=1)
              Buffers: shared hit=534
        ->  Hash  (cost=2776.39..2776.39 rows=49622 width=5) (actual rows=49999 loops=1)
              Buckets: 65536  Batches: 1  Memory Usage: 2357kB
              Buffers: shared hit=534, temp read=8 written=31
              ->  HashAggregate  (cost=1783.95..2280.17 rows=49622 width=5) (actual rows=49999 loops=1)
                    Group Key: a.follower
                    Batches: 5  Memory Usage: 4145kB  Disk Usage: 208kB
                    Buffers: shared hit=534, temp read=8 written=31
                    ->  Seq Scan on follow a  (cost=0.00..1533.96 rows=99996 width=5) (actual rows=99996 loops=1)
                          Buffers: shared hit=534
Planning Time: 0.278 ms
Execution Time: 130.577 ms",129.644,6658.62,25020,"HashAggregate  (cost=6656.12..6658.62 rows=67 width=13) (actual rows=25020 loops=1)
  Group Key: a.follower
  Filter: (0 < count(b.follower))
  Batches: 5  Memory Usage: 4161kB  Disk Usage: 712kB
  Rows Removed by Filter: 24979
  Buffers: shared hit=1068, temp read=76 written=167
  ->  Hash Right Join  (cost=3396.67..5193.18 rows=292588 width=10) (actual rows=124683 loops=1)
        Hash Cond: ((b.followee)::text = (a.follower)::text)
        Buffers: shared hit=1068, temp read=8 written=31
        ->  Seq Scan on follow b  (cost=0.00..1533.96 rows=99996 width=9) (actual rows=99996 loops=1)
              Buffers: shared hit=534
        ->  Hash  (cost=2776.39..2776.39 rows=49622 width=5) (actual rows=49999 loops=1)
              Buckets: 65536  Batches: 1  Memory Usage: 2357kB
              Buffers: shared hit=534, temp read=8 written=31
              ->  HashAggregate  (cost=1783.95..2280.17 rows=49622 width=5) (actual rows=49999 loops=1)
                    Group Key: a.follower
                    Batches: 5  Memory Usage: 4145kB  Disk Usage: 208kB
                    Buffers: shared hit=534, temp read=8 written=31
                    ->  Seq Scan on follow a  (cost=0.00..1533.96 rows=99996 width=5) (actual rows=99996 loops=1)
                          Buffers: shared hit=534
Planning Time: 0.230 ms
Execution Time: 129.644 ms",128.116,6658.62,25020,"HashAggregate  (cost=6656.12..6658.62 rows=67 width=13) (actual rows=25020 loops=1)
  Group Key: a.follower
  Filter: (0 < count(b.follower))
  Batches: 5  Memory Usage: 4161kB  Disk Usage: 712kB
  Rows Removed by Filter: 24979
  Buffers: shared hit=1068, temp read=76 written=167
  ->  Hash Right Join  (cost=3396.67..5193.18 rows=292588 width=10) (actual rows=124683 loops=1)
        Hash Cond: ((b.followee)::text = (a.follower)::text)
        Buffers: shared hit=1068, temp read=8 written=31
        ->  Seq Scan on follow b  (cost=0.00..1533.96 rows=99996 width=9) (actual rows=99996 loops=1)
              Buffers: shared hit=534
        ->  Hash  (cost=2776.39..2776.39 rows=49622 width=5) (actual rows=49999 loops=1)
              Buckets: 65536  Batches: 1  Memory Usage: 2357kB
              Buffers: shared hit=534, temp read=8 written=31
              ->  HashAggregate  (cost=1783.95..2280.17 rows=49622 width=5) (actual rows=49999 loops=1)
                    Group Key: a.follower
                    Batches: 5  Memory Usage: 4145kB  Disk Usage: 208kB
                    Buffers: shared hit=534, temp read=8 written=31
                    ->  Seq Scan on follow a  (cost=0.00..1533.96 rows=99996 width=5) (actual rows=99996 loops=1)
                          Buffers: shared hit=534
Planning Time: 0.236 ms
Execution Time: 128.116 ms",125.866,6658.62,25020,"HashAggregate  (cost=6656.12..6658.62 rows=67 width=13) (actual rows=25020 loops=1)
  Group Key: a.follower
  Filter: (0 < count(b.follower))
  Batches: 5  Memory Usage: 4161kB  Disk Usage: 712kB
  Rows Removed by Filter: 24979
  Buffers: shared hit=1068, temp read=76 written=167
  ->  Hash Right Join  (cost=3396.67..5193.18 rows=292588 width=10) (actual rows=124683 loops=1)
        Hash Cond: ((b.followee)::text = (a.follower)::text)
        Buffers: shared hit=1068, temp read=8 written=31
        ->  Seq Scan on follow b  (cost=0.00..1533.96 rows=99996 width=9) (actual rows=99996 loops=1)
              Buffers: shared hit=534
        ->  Hash  (cost=2776.39..2776.39 rows=49622 width=5) (actual rows=49999 loops=1)
              Buckets: 65536  Batches: 1  Memory Usage: 2357kB
              Buffers: shared hit=534, temp read=8 written=31
              ->  HashAggregate  (cost=1783.95..2280.17 rows=49622 width=5) (actual rows=49999 loops=1)
                    Group Key: a.follower
                    Batches: 5  Memory Usage: 4145kB  Disk Usage: 208kB
                    Buffers: shared hit=534, temp read=8 written=31
                    ->  Seq Scan on follow a  (cost=0.00..1533.96 rows=99996 width=5) (actual rows=99996 loops=1)
                          Buffers: shared hit=534
Planning Time: 0.131 ms
Execution Time: 125.866 ms",126.246,128.116,130.1105,130.9502,6658.62,6658.62,25020,25020,25020,25020
370,614,36,Medium,"select t_cte_19.c_followee0 as follower, count(t_cte_19.c_follower0) as num from (select distinct b.followee as c_followee0, b.follower as c_follower0 from schema_614.follow as b) as t_cte_19 inner join (select distinct a.follower as c_follower1 from schema_614.follow as a) as t_cte_10 on t_cte_10.c_follower1 = t_cte_19.c_followee0 group by t_cte_10.c_follower1,t_cte_19.c_followee0",156.972,10837.09,25020,"HashAggregate  (cost=9856.28..10837.09 rows=49622 width=17) (actual rows=25020 loops=1)
  Group Key: a.follower, b.followee
  Batches: 1  Memory Usage: 3601kB
  Buffers: shared hit=1068, temp read=201 written=386
  ->  Hash Join  (cost=5430.60..6553.31 rows=49622 width=14) (actual rows=99704 loops=1)
        Hash Cond: ((b.followee)::text = (a.follower)::text)
        Buffers: shared hit=1068, temp read=201 written=386
        ->  HashAggregate  (cost=2033.94..2530.16 rows=49622 width=9) (actual rows=99996 loops=1)
              Group Key: b.followee, b.follower
              Batches: 5  Memory Usage: 4145kB  Disk Usage: 1728kB
              Buffers: shared hit=534, temp read=193 written=355
              ->  Seq Scan on follow b  (cost=0.00..1533.96 rows=99996 width=9) (actual rows=99996 loops=1)
                    Buffers: shared hit=534
        ->  Hash  (cost=2776.39..2776.39 rows=49622 width=5) (actual rows=49999 loops=1)
              Buckets: 65536  Batches: 1  Memory Usage: 2357kB
              Buffers: shared hit=534, temp read=8 written=31
              ->  HashAggregate  (cost=1783.95..2280.17 rows=49622 width=5) (actual rows=49999 loops=1)
                    Group Key: a.follower
                    Batches: 5  Memory Usage: 4145kB  Disk Usage: 208kB
                    Buffers: shared hit=534, temp read=8 written=31
                    ->  Seq Scan on follow a  (cost=0.00..1533.96 rows=99996 width=5) (actual rows=99996 loops=1)
                          Buffers: shared hit=534
Planning Time: 0.124 ms
Execution Time: 156.972 ms",169.19,10837.09,25020,"HashAggregate  (cost=9856.28..10837.09 rows=49622 width=17) (actual rows=25020 loops=1)
  Group Key: a.follower, b.followee
  Batches: 1  Memory Usage: 3601kB
  Buffers: shared hit=1068, temp read=201 written=386
  ->  Hash Join  (cost=5430.60..6553.31 rows=49622 width=14) (actual rows=99704 loops=1)
        Hash Cond: ((b.followee)::text = (a.follower)::text)
        Buffers: shared hit=1068, temp read=201 written=386
        ->  HashAggregate  (cost=2033.94..2530.16 rows=49622 width=9) (actual rows=99996 loops=1)
              Group Key: b.followee, b.follower
              Batches: 5  Memory Usage: 4145kB  Disk Usage: 1728kB
              Buffers: shared hit=534, temp read=193 written=355
              ->  Seq Scan on follow b  (cost=0.00..1533.96 rows=99996 width=9) (actual rows=99996 loops=1)
                    Buffers: shared hit=534
        ->  Hash  (cost=2776.39..2776.39 rows=49622 width=5) (actual rows=49999 loops=1)
              Buckets: 65536  Batches: 1  Memory Usage: 2357kB
              Buffers: shared hit=534, temp read=8 written=31
              ->  HashAggregate  (cost=1783.95..2280.17 rows=49622 width=5) (actual rows=49999 loops=1)
                    Group Key: a.follower
                    Batches: 5  Memory Usage: 4145kB  Disk Usage: 208kB
                    Buffers: shared hit=534, temp read=8 written=31
                    ->  Seq Scan on follow a  (cost=0.00..1533.96 rows=99996 width=5) (actual rows=99996 loops=1)
                          Buffers: shared hit=534
Planning Time: 0.168 ms
Execution Time: 169.190 ms",166.198,10837.09,25020,"HashAggregate  (cost=9856.28..10837.09 rows=49622 width=17) (actual rows=25020 loops=1)
  Group Key: a.follower, b.followee
  Batches: 1  Memory Usage: 3601kB
  Buffers: shared hit=1068, temp read=201 written=386
  ->  Hash Join  (cost=5430.60..6553.31 rows=49622 width=14) (actual rows=99704 loops=1)
        Hash Cond: ((b.followee)::text = (a.follower)::text)
        Buffers: shared hit=1068, temp read=201 written=386
        ->  HashAggregate  (cost=2033.94..2530.16 rows=49622 width=9) (actual rows=99996 loops=1)
              Group Key: b.followee, b.follower
              Batches: 5  Memory Usage: 4145kB  Disk Usage: 1728kB
              Buffers: shared hit=534, temp read=193 written=355
              ->  Seq Scan on follow b  (cost=0.00..1533.96 rows=99996 width=9) (actual rows=99996 loops=1)
                    Buffers: shared hit=534
        ->  Hash  (cost=2776.39..2776.39 rows=49622 width=5) (actual rows=49999 loops=1)
              Buckets: 65536  Batches: 1  Memory Usage: 2357kB
              Buffers: shared hit=534, temp read=8 written=31
              ->  HashAggregate  (cost=1783.95..2280.17 rows=49622 width=5) (actual rows=49999 loops=1)
                    Group Key: a.follower
                    Batches: 5  Memory Usage: 4145kB  Disk Usage: 208kB
                    Buffers: shared hit=534, temp read=8 written=31
                    ->  Seq Scan on follow a  (cost=0.00..1533.96 rows=99996 width=5) (actual rows=99996 loops=1)
                          Buffers: shared hit=534
Planning Time: 0.182 ms
Execution Time: 166.198 ms",165.99,10837.09,25020,"HashAggregate  (cost=9856.28..10837.09 rows=49622 width=17) (actual rows=25020 loops=1)
  Group Key: a.follower, b.followee
  Batches: 1  Memory Usage: 3601kB
  Buffers: shared hit=1068, temp read=201 written=386
  ->  Hash Join  (cost=5430.60..6553.31 rows=49622 width=14) (actual rows=99704 loops=1)
        Hash Cond: ((b.followee)::text = (a.follower)::text)
        Buffers: shared hit=1068, temp read=201 written=386
        ->  HashAggregate  (cost=2033.94..2530.16 rows=49622 width=9) (actual rows=99996 loops=1)
              Group Key: b.followee, b.follower
              Batches: 5  Memory Usage: 4145kB  Disk Usage: 1728kB
              Buffers: shared hit=534, temp read=193 written=355
              ->  Seq Scan on follow b  (cost=0.00..1533.96 rows=99996 width=9) (actual rows=99996 loops=1)
                    Buffers: shared hit=534
        ->  Hash  (cost=2776.39..2776.39 rows=49622 width=5) (actual rows=49999 loops=1)
              Buckets: 65536  Batches: 1  Memory Usage: 2357kB
              Buffers: shared hit=534, temp read=8 written=31
              ->  HashAggregate  (cost=1783.95..2280.17 rows=49622 width=5) (actual rows=49999 loops=1)
                    Group Key: a.follower
                    Batches: 5  Memory Usage: 4145kB  Disk Usage: 208kB
                    Buffers: shared hit=534, temp read=8 written=31
                    ->  Seq Scan on follow a  (cost=0.00..1533.96 rows=99996 width=5) (actual rows=99996 loops=1)
                          Buffers: shared hit=534
Planning Time: 0.147 ms
Execution Time: 165.990 ms",170.832,10837.09,25020,"HashAggregate  (cost=9856.28..10837.09 rows=49622 width=17) (actual rows=25020 loops=1)
  Group Key: a.follower, b.followee
  Batches: 1  Memory Usage: 3601kB
  Buffers: shared hit=1068, temp read=201 written=386
  ->  Hash Join  (cost=5430.60..6553.31 rows=49622 width=14) (actual rows=99704 loops=1)
        Hash Cond: ((b.followee)::text = (a.follower)::text)
        Buffers: shared hit=1068, temp read=201 written=386
        ->  HashAggregate  (cost=2033.94..2530.16 rows=49622 width=9) (actual rows=99996 loops=1)
              Group Key: b.followee, b.follower
              Batches: 5  Memory Usage: 4145kB  Disk Usage: 1728kB
              Buffers: shared hit=534, temp read=193 written=355
              ->  Seq Scan on follow b  (cost=0.00..1533.96 rows=99996 width=9) (actual rows=99996 loops=1)
                    Buffers: shared hit=534
        ->  Hash  (cost=2776.39..2776.39 rows=49622 width=5) (actual rows=49999 loops=1)
              Buckets: 65536  Batches: 1  Memory Usage: 2357kB
              Buffers: shared hit=534, temp read=8 written=31
              ->  HashAggregate  (cost=1783.95..2280.17 rows=49622 width=5) (actual rows=49999 loops=1)
                    Group Key: a.follower
                    Batches: 5  Memory Usage: 4145kB  Disk Usage: 208kB
                    Buffers: shared hit=534, temp read=8 written=31
                    ->  Seq Scan on follow a  (cost=0.00..1533.96 rows=99996 width=5) (actual rows=99996 loops=1)
                          Buffers: shared hit=534
Planning Time: 0.185 ms
Execution Time: 170.832 ms",165.8364,166.198,170.011,171.4888,10837.09,10837.09,25020,25020,25020,25020
372,614,41,Medium,"select t_cte_7.c_follower0 as follower, count(ff.follower) as num from (select f.follower as c_follower0 from schema_614.follow as f group by f.follower) as t_cte_7 inner join schema_614.follow as ff on t_cte_7.c_follower0 = ff.followee group by t_cte_7.c_follower0",98.676,6658.12,25020,"HashAggregate  (cost=6656.12..6658.12 rows=200 width=13) (actual rows=25020 loops=1)
  Group Key: f.follower
  Batches: 1  Memory Usage: 2849kB
  Buffers: shared hit=1068, temp read=8 written=31
  ->  Hash Join  (cost=3396.67..5193.18 rows=292588 width=10) (actual rows=99704 loops=1)
        Hash Cond: ((ff.followee)::text = (f.follower)::text)
        Buffers: shared hit=1068, temp read=8 written=31
        ->  Seq Scan on follow ff  (cost=0.00..1533.96 rows=99996 width=9) (actual rows=99996 loops=1)
              Buffers: shared hit=534
        ->  Hash  (cost=2776.39..2776.39 rows=49622 width=5) (actual rows=49999 loops=1)
              Buckets: 65536  Batches: 1  Memory Usage: 2357kB
              Buffers: shared hit=534, temp read=8 written=31
              ->  HashAggregate  (cost=1783.95..2280.17 rows=49622 width=5) (actual rows=49999 loops=1)
                    Group Key: f.follower
                    Batches: 5  Memory Usage: 4145kB  Disk Usage: 208kB
                    Buffers: shared hit=534, temp read=8 written=31
                    ->  Seq Scan on follow f  (cost=0.00..1533.96 rows=99996 width=5) (actual rows=99996 loops=1)
                          Buffers: shared hit=534
Planning Time: 0.111 ms
Execution Time: 98.676 ms",109.685,6658.12,25020,"HashAggregate  (cost=6656.12..6658.12 rows=200 width=13) (actual rows=25020 loops=1)
  Group Key: f.follower
  Batches: 1  Memory Usage: 2849kB
  Buffers: shared hit=1068, temp read=8 written=31
  ->  Hash Join  (cost=3396.67..5193.18 rows=292588 width=10) (actual rows=99704 loops=1)
        Hash Cond: ((ff.followee)::text = (f.follower)::text)
        Buffers: shared hit=1068, temp read=8 written=31
        ->  Seq Scan on follow ff  (cost=0.00..1533.96 rows=99996 width=9) (actual rows=99996 loops=1)
              Buffers: shared hit=534
        ->  Hash  (cost=2776.39..2776.39 rows=49622 width=5) (actual rows=49999 loops=1)
              Buckets: 65536  Batches: 1  Memory Usage: 2357kB
              Buffers: shared hit=534, temp read=8 written=31
              ->  HashAggregate  (cost=1783.95..2280.17 rows=49622 width=5) (actual rows=49999 loops=1)
                    Group Key: f.follower
                    Batches: 5  Memory Usage: 4145kB  Disk Usage: 208kB
                    Buffers: shared hit=534, temp read=8 written=31
                    ->  Seq Scan on follow f  (cost=0.00..1533.96 rows=99996 width=5) (actual rows=99996 loops=1)
                          Buffers: shared hit=534
Planning Time: 0.186 ms
Execution Time: 109.685 ms",120.409,6658.12,25020,"HashAggregate  (cost=6656.12..6658.12 rows=200 width=13) (actual rows=25020 loops=1)
  Group Key: f.follower
  Batches: 1  Memory Usage: 2849kB
  Buffers: shared hit=1068, temp read=8 written=31
  ->  Hash Join  (cost=3396.67..5193.18 rows=292588 width=10) (actual rows=99704 loops=1)
        Hash Cond: ((ff.followee)::text = (f.follower)::text)
        Buffers: shared hit=1068, temp read=8 written=31
        ->  Seq Scan on follow ff  (cost=0.00..1533.96 rows=99996 width=9) (actual rows=99996 loops=1)
              Buffers: shared hit=534
        ->  Hash  (cost=2776.39..2776.39 rows=49622 width=5) (actual rows=49999 loops=1)
              Buckets: 65536  Batches: 1  Memory Usage: 2357kB
              Buffers: shared hit=534, temp read=8 written=31
              ->  HashAggregate  (cost=1783.95..2280.17 rows=49622 width=5) (actual rows=49999 loops=1)
                    Group Key: f.follower
                    Batches: 5  Memory Usage: 4145kB  Disk Usage: 208kB
                    Buffers: shared hit=534, temp read=8 written=31
                    ->  Seq Scan on follow f  (cost=0.00..1533.96 rows=99996 width=5) (actual rows=99996 loops=1)
                          Buffers: shared hit=534
Planning Time: 0.184 ms
Execution Time: 120.409 ms",110.404,6658.12,25020,"HashAggregate  (cost=6656.12..6658.12 rows=200 width=13) (actual rows=25020 loops=1)
  Group Key: f.follower
  Batches: 1  Memory Usage: 2849kB
  Buffers: shared hit=1068, temp read=8 written=31
  ->  Hash Join  (cost=3396.67..5193.18 rows=292588 width=10) (actual rows=99704 loops=1)
        Hash Cond: ((ff.followee)::text = (f.follower)::text)
        Buffers: shared hit=1068, temp read=8 written=31
        ->  Seq Scan on follow ff  (cost=0.00..1533.96 rows=99996 width=9) (actual rows=99996 loops=1)
              Buffers: shared hit=534
        ->  Hash  (cost=2776.39..2776.39 rows=49622 width=5) (actual rows=49999 loops=1)
              Buckets: 65536  Batches: 1  Memory Usage: 2357kB
              Buffers: shared hit=534, temp read=8 written=31
              ->  HashAggregate  (cost=1783.95..2280.17 rows=49622 width=5) (actual rows=49999 loops=1)
                    Group Key: f.follower
                    Batches: 5  Memory Usage: 4145kB  Disk Usage: 208kB
                    Buffers: shared hit=534, temp read=8 written=31
                    ->  Seq Scan on follow f  (cost=0.00..1533.96 rows=99996 width=5) (actual rows=99996 loops=1)
                          Buffers: shared hit=534
Planning Time: 0.160 ms
Execution Time: 110.404 ms",109.277,6658.12,25020,"HashAggregate  (cost=6656.12..6658.12 rows=200 width=13) (actual rows=25020 loops=1)
  Group Key: f.follower
  Batches: 1  Memory Usage: 2849kB
  Buffers: shared hit=1068, temp read=8 written=31
  ->  Hash Join  (cost=3396.67..5193.18 rows=292588 width=10) (actual rows=99704 loops=1)
        Hash Cond: ((ff.followee)::text = (f.follower)::text)
        Buffers: shared hit=1068, temp read=8 written=31
        ->  Seq Scan on follow ff  (cost=0.00..1533.96 rows=99996 width=9) (actual rows=99996 loops=1)
              Buffers: shared hit=534
        ->  Hash  (cost=2776.39..2776.39 rows=49622 width=5) (actual rows=49999 loops=1)
              Buckets: 65536  Batches: 1  Memory Usage: 2357kB
              Buffers: shared hit=534, temp read=8 written=31
              ->  HashAggregate  (cost=1783.95..2280.17 rows=49622 width=5) (actual rows=49999 loops=1)
                    Group Key: f.follower
                    Batches: 5  Memory Usage: 4145kB  Disk Usage: 208kB
                    Buffers: shared hit=534, temp read=8 written=31
                    ->  Seq Scan on follow f  (cost=0.00..1533.96 rows=99996 width=5) (actual rows=99996 loops=1)
                          Buffers: shared hit=534
Planning Time: 0.171 ms
Execution Time: 109.277 ms",109.6902,109.685,115.4065,124.411,6658.12,6658.12,25020,25020,25020,25020
374,614,45,Medium,"select distinct t_cte_19.c_followee0 as follower, t_cte_19.c_count0 as num from (select count(f1.follower) as c_count0, f1.followee as c_followee0 from schema_614.follow as f1 group by f1.followee) as t_cte_19 inner join schema_614.follow as f2 on t_cte_19.c_followee0 = f2.follower",78.746,4569.41,25020,"HashAggregate  (cost=4552.45..4569.41 rows=1696 width=12) (actual rows=25020 loops=1)
  Group Key: t_cte_19.c_followee0, t_cte_19.c_count0
  Batches: 1  Memory Usage: 2065kB
  Buffers: shared hit=1068
  ->  Hash Join  (cost=2585.11..4381.58 rows=34175 width=12) (actual rows=50038 loops=1)
        Hash Cond: ((f2.follower)::text = (t_cte_19.c_followee0)::text)
        Buffers: shared hit=1068
        ->  Seq Scan on follow f2  (cost=0.00..1533.96 rows=99996 width=5) (actual rows=99996 loops=1)
              Buffers: shared hit=534
        ->  Hash  (cost=2373.12..2373.12 rows=16959 width=12) (actual rows=25021 loops=1)
              Buckets: 32768  Batches: 1  Memory Usage: 1429kB
              Buffers: shared hit=534
              ->  Subquery Scan on t_cte_19  (cost=2033.94..2373.12 rows=16959 width=12) (actual rows=25021 loops=1)
                    Buffers: shared hit=534
                    ->  HashAggregate  (cost=2033.94..2203.53 rows=16959 width=12) (actual rows=25021 loops=1)
                          Group Key: f1.followee
                          Batches: 1  Memory Usage: 2833kB
                          Buffers: shared hit=534
                          ->  Seq Scan on follow f1  (cost=0.00..1533.96 rows=99996 width=9) (actual rows=99996 loops=1)
                                Buffers: shared hit=534
Planning Time: 0.156 ms
Execution Time: 78.746 ms",85.758,4569.41,25020,"HashAggregate  (cost=4552.45..4569.41 rows=1696 width=12) (actual rows=25020 loops=1)
  Group Key: t_cte_19.c_followee0, t_cte_19.c_count0
  Batches: 1  Memory Usage: 2065kB
  Buffers: shared hit=1068
  ->  Hash Join  (cost=2585.11..4381.58 rows=34175 width=12) (actual rows=50038 loops=1)
        Hash Cond: ((f2.follower)::text = (t_cte_19.c_followee0)::text)
        Buffers: shared hit=1068
        ->  Seq Scan on follow f2  (cost=0.00..1533.96 rows=99996 width=5) (actual rows=99996 loops=1)
              Buffers: shared hit=534
        ->  Hash  (cost=2373.12..2373.12 rows=16959 width=12) (actual rows=25021 loops=1)
              Buckets: 32768  Batches: 1  Memory Usage: 1429kB
              Buffers: shared hit=534
              ->  Subquery Scan on t_cte_19  (cost=2033.94..2373.12 rows=16959 width=12) (actual rows=25021 loops=1)
                    Buffers: shared hit=534
                    ->  HashAggregate  (cost=2033.94..2203.53 rows=16959 width=12) (actual rows=25021 loops=1)
                          Group Key: f1.followee
                          Batches: 1  Memory Usage: 2833kB
                          Buffers: shared hit=534
                          ->  Seq Scan on follow f1  (cost=0.00..1533.96 rows=99996 width=9) (actual rows=99996 loops=1)
                                Buffers: shared hit=534
Planning Time: 0.186 ms
Execution Time: 85.758 ms",85.088,4569.41,25020,"HashAggregate  (cost=4552.45..4569.41 rows=1696 width=12) (actual rows=25020 loops=1)
  Group Key: t_cte_19.c_followee0, t_cte_19.c_count0
  Batches: 1  Memory Usage: 2065kB
  Buffers: shared hit=1068
  ->  Hash Join  (cost=2585.11..4381.58 rows=34175 width=12) (actual rows=50038 loops=1)
        Hash Cond: ((f2.follower)::text = (t_cte_19.c_followee0)::text)
        Buffers: shared hit=1068
        ->  Seq Scan on follow f2  (cost=0.00..1533.96 rows=99996 width=5) (actual rows=99996 loops=1)
              Buffers: shared hit=534
        ->  Hash  (cost=2373.12..2373.12 rows=16959 width=12) (actual rows=25021 loops=1)
              Buckets: 32768  Batches: 1  Memory Usage: 1429kB
              Buffers: shared hit=534
              ->  Subquery Scan on t_cte_19  (cost=2033.94..2373.12 rows=16959 width=12) (actual rows=25021 loops=1)
                    Buffers: shared hit=534
                    ->  HashAggregate  (cost=2033.94..2203.53 rows=16959 width=12) (actual rows=25021 loops=1)
                          Group Key: f1.followee
                          Batches: 1  Memory Usage: 2833kB
                          Buffers: shared hit=534
                          ->  Seq Scan on follow f1  (cost=0.00..1533.96 rows=99996 width=9) (actual rows=99996 loops=1)
                                Buffers: shared hit=534
Planning Time: 0.169 ms
Execution Time: 85.088 ms",98.332,4569.41,25020,"HashAggregate  (cost=4552.45..4569.41 rows=1696 width=12) (actual rows=25020 loops=1)
  Group Key: t_cte_19.c_followee0, t_cte_19.c_count0
  Batches: 1  Memory Usage: 2065kB
  Buffers: shared hit=1068
  ->  Hash Join  (cost=2585.11..4381.58 rows=34175 width=12) (actual rows=50038 loops=1)
        Hash Cond: ((f2.follower)::text = (t_cte_19.c_followee0)::text)
        Buffers: shared hit=1068
        ->  Seq Scan on follow f2  (cost=0.00..1533.96 rows=99996 width=5) (actual rows=99996 loops=1)
              Buffers: shared hit=534
        ->  Hash  (cost=2373.12..2373.12 rows=16959 width=12) (actual rows=25021 loops=1)
              Buckets: 32768  Batches: 1  Memory Usage: 1429kB
              Buffers: shared hit=534
              ->  Subquery Scan on t_cte_19  (cost=2033.94..2373.12 rows=16959 width=12) (actual rows=25021 loops=1)
                    Buffers: shared hit=534
                    ->  HashAggregate  (cost=2033.94..2203.53 rows=16959 width=12) (actual rows=25021 loops=1)
                          Group Key: f1.followee
                          Batches: 1  Memory Usage: 2833kB
                          Buffers: shared hit=534
                          ->  Seq Scan on follow f1  (cost=0.00..1533.96 rows=99996 width=9) (actual rows=99996 loops=1)
                                Buffers: shared hit=534
Planning Time: 0.194 ms
Execution Time: 98.332 ms",81.703,4569.41,25020,"HashAggregate  (cost=4552.45..4569.41 rows=1696 width=12) (actual rows=25020 loops=1)
  Group Key: t_cte_19.c_followee0, t_cte_19.c_count0
  Batches: 1  Memory Usage: 2065kB
  Buffers: shared hit=1068
  ->  Hash Join  (cost=2585.11..4381.58 rows=34175 width=12) (actual rows=50038 loops=1)
        Hash Cond: ((f2.follower)::text = (t_cte_19.c_followee0)::text)
        Buffers: shared hit=1068
        ->  Seq Scan on follow f2  (cost=0.00..1533.96 rows=99996 width=5) (actual rows=99996 loops=1)
              Buffers: shared hit=534
        ->  Hash  (cost=2373.12..2373.12 rows=16959 width=12) (actual rows=25021 loops=1)
              Buckets: 32768  Batches: 1  Memory Usage: 1429kB
              Buffers: shared hit=534
              ->  Subquery Scan on t_cte_19  (cost=2033.94..2373.12 rows=16959 width=12) (actual rows=25021 loops=1)
                    Buffers: shared hit=534
                    ->  HashAggregate  (cost=2033.94..2203.53 rows=16959 width=12) (actual rows=25021 loops=1)
                          Group Key: f1.followee
                          Batches: 1  Memory Usage: 2833kB
                          Buffers: shared hit=534
                          ->  Seq Scan on follow f1  (cost=0.00..1533.96 rows=99996 width=9) (actual rows=99996 loops=1)
                                Buffers: shared hit=534
Planning Time: 0.249 ms
Execution Time: 81.703 ms",85.9254,85.088,92.045,103.3616,4569.41,4569.41,25020,25020,25020,25020
377,614,73,Medium,"select distinct t_cte_6.c_followee0 as follower, t_cte_6.c_count0 as num from schema_614.follow as f1 inner join (select f2.followee as c_followee0, count(f2.follower) as c_count0 from schema_614.follow as f2 group by f2.followee) as t_cte_6 on f1.follower = t_cte_6.c_followee0",76.318,4569.41,25020,"HashAggregate  (cost=4552.45..4569.41 rows=1696 width=12) (actual rows=25020 loops=1)
  Group Key: f2.followee, (count(f2.follower))
  Batches: 1  Memory Usage: 2065kB
  Buffers: shared hit=1068
  ->  Hash Join  (cost=2585.11..4381.58 rows=34175 width=12) (actual rows=50038 loops=1)
        Hash Cond: ((f1.follower)::text = (f2.followee)::text)
        Buffers: shared hit=1068
        ->  Seq Scan on follow f1  (cost=0.00..1533.96 rows=99996 width=5) (actual rows=99996 loops=1)
              Buffers: shared hit=534
        ->  Hash  (cost=2373.12..2373.12 rows=16959 width=12) (actual rows=25021 loops=1)
              Buckets: 32768  Batches: 1  Memory Usage: 1429kB
              Buffers: shared hit=534
              ->  HashAggregate  (cost=2033.94..2203.53 rows=16959 width=12) (actual rows=25021 loops=1)
                    Group Key: f2.followee
                    Batches: 1  Memory Usage: 2833kB
                    Buffers: shared hit=534
                    ->  Seq Scan on follow f2  (cost=0.00..1533.96 rows=99996 width=9) (actual rows=99996 loops=1)
                          Buffers: shared hit=534
Planning Time: 0.185 ms
Execution Time: 76.318 ms",86.308,4569.41,25020,"HashAggregate  (cost=4552.45..4569.41 rows=1696 width=12) (actual rows=25020 loops=1)
  Group Key: f2.followee, (count(f2.follower))
  Batches: 1  Memory Usage: 2065kB
  Buffers: shared hit=1068
  ->  Hash Join  (cost=2585.11..4381.58 rows=34175 width=12) (actual rows=50038 loops=1)
        Hash Cond: ((f1.follower)::text = (f2.followee)::text)
        Buffers: shared hit=1068
        ->  Seq Scan on follow f1  (cost=0.00..1533.96 rows=99996 width=5) (actual rows=99996 loops=1)
              Buffers: shared hit=534
        ->  Hash  (cost=2373.12..2373.12 rows=16959 width=12) (actual rows=25021 loops=1)
              Buckets: 32768  Batches: 1  Memory Usage: 1429kB
              Buffers: shared hit=534
              ->  HashAggregate  (cost=2033.94..2203.53 rows=16959 width=12) (actual rows=25021 loops=1)
                    Group Key: f2.followee
                    Batches: 1  Memory Usage: 2833kB
                    Buffers: shared hit=534
                    ->  Seq Scan on follow f2  (cost=0.00..1533.96 rows=99996 width=9) (actual rows=99996 loops=1)
                          Buffers: shared hit=534
Planning Time: 0.162 ms
Execution Time: 86.308 ms",87.309,4569.41,25020,"HashAggregate  (cost=4552.45..4569.41 rows=1696 width=12) (actual rows=25020 loops=1)
  Group Key: f2.followee, (count(f2.follower))
  Batches: 1  Memory Usage: 2065kB
  Buffers: shared hit=1068
  ->  Hash Join  (cost=2585.11..4381.58 rows=34175 width=12) (actual rows=50038 loops=1)
        Hash Cond: ((f1.follower)::text = (f2.followee)::text)
        Buffers: shared hit=1068
        ->  Seq Scan on follow f1  (cost=0.00..1533.96 rows=99996 width=5) (actual rows=99996 loops=1)
              Buffers: shared hit=534
        ->  Hash  (cost=2373.12..2373.12 rows=16959 width=12) (actual rows=25021 loops=1)
              Buckets: 32768  Batches: 1  Memory Usage: 1429kB
              Buffers: shared hit=534
              ->  HashAggregate  (cost=2033.94..2203.53 rows=16959 width=12) (actual rows=25021 loops=1)
                    Group Key: f2.followee
                    Batches: 1  Memory Usage: 2833kB
                    Buffers: shared hit=534
                    ->  Seq Scan on follow f2  (cost=0.00..1533.96 rows=99996 width=9) (actual rows=99996 loops=1)
                          Buffers: shared hit=534
Planning Time: 0.192 ms
Execution Time: 87.309 ms",84.396,4569.41,25020,"HashAggregate  (cost=4552.45..4569.41 rows=1696 width=12) (actual rows=25020 loops=1)
  Group Key: f2.followee, (count(f2.follower))
  Batches: 1  Memory Usage: 2065kB
  Buffers: shared hit=1068
  ->  Hash Join  (cost=2585.11..4381.58 rows=34175 width=12) (actual rows=50038 loops=1)
        Hash Cond: ((f1.follower)::text = (f2.followee)::text)
        Buffers: shared hit=1068
        ->  Seq Scan on follow f1  (cost=0.00..1533.96 rows=99996 width=5) (actual rows=99996 loops=1)
              Buffers: shared hit=534
        ->  Hash  (cost=2373.12..2373.12 rows=16959 width=12) (actual rows=25021 loops=1)
              Buckets: 32768  Batches: 1  Memory Usage: 1429kB
              Buffers: shared hit=534
              ->  HashAggregate  (cost=2033.94..2203.53 rows=16959 width=12) (actual rows=25021 loops=1)
                    Group Key: f2.followee
                    Batches: 1  Memory Usage: 2833kB
                    Buffers: shared hit=534
                    ->  Seq Scan on follow f2  (cost=0.00..1533.96 rows=99996 width=9) (actual rows=99996 loops=1)
                          Buffers: shared hit=534
Planning Time: 0.195 ms
Execution Time: 84.396 ms",83.594,4569.41,25020,"HashAggregate  (cost=4552.45..4569.41 rows=1696 width=12) (actual rows=25020 loops=1)
  Group Key: f2.followee, (count(f2.follower))
  Batches: 1  Memory Usage: 2065kB
  Buffers: shared hit=1068
  ->  Hash Join  (cost=2585.11..4381.58 rows=34175 width=12) (actual rows=50038 loops=1)
        Hash Cond: ((f1.follower)::text = (f2.followee)::text)
        Buffers: shared hit=1068
        ->  Seq Scan on follow f1  (cost=0.00..1533.96 rows=99996 width=5) (actual rows=99996 loops=1)
              Buffers: shared hit=534
        ->  Hash  (cost=2373.12..2373.12 rows=16959 width=12) (actual rows=25021 loops=1)
              Buckets: 32768  Batches: 1  Memory Usage: 1429kB
              Buffers: shared hit=534
              ->  HashAggregate  (cost=2033.94..2203.53 rows=16959 width=12) (actual rows=25021 loops=1)
                    Group Key: f2.followee
                    Batches: 1  Memory Usage: 2833kB
                    Buffers: shared hit=534
                    ->  Seq Scan on follow f2  (cost=0.00..1533.96 rows=99996 width=9) (actual rows=99996 loops=1)
                          Buffers: shared hit=534
Planning Time: 0.239 ms
Execution Time: 83.594 ms",83.585,84.396,86.8085,87.7094,4569.41,4569.41,25020,25020,25020,25020
378,614,108,Medium,"select t_cte_1.c_follower0 as follower, count(t2.follower) as num from schema_614.follow as t2 inner join (select t1.follower as c_follower0 from schema_614.follow as t1 group by t1.follower) as t_cte_1 on t_cte_1.c_follower0 = t2.followee group by t_cte_1.c_follower0",100.128,6658.12,25020,"HashAggregate  (cost=6656.12..6658.12 rows=200 width=13) (actual rows=25020 loops=1)
  Group Key: t1.follower
  Batches: 1  Memory Usage: 2849kB
  Buffers: shared hit=1068, temp read=8 written=31
  ->  Hash Join  (cost=3396.67..5193.18 rows=292588 width=10) (actual rows=99704 loops=1)
        Hash Cond: ((t2.followee)::text = (t1.follower)::text)
        Buffers: shared hit=1068, temp read=8 written=31
        ->  Seq Scan on follow t2  (cost=0.00..1533.96 rows=99996 width=9) (actual rows=99996 loops=1)
              Buffers: shared hit=534
        ->  Hash  (cost=2776.39..2776.39 rows=49622 width=5) (actual rows=49999 loops=1)
              Buckets: 65536  Batches: 1  Memory Usage: 2357kB
              Buffers: shared hit=534, temp read=8 written=31
              ->  HashAggregate  (cost=1783.95..2280.17 rows=49622 width=5) (actual rows=49999 loops=1)
                    Group Key: t1.follower
                    Batches: 5  Memory Usage: 4145kB  Disk Usage: 208kB
                    Buffers: shared hit=534, temp read=8 written=31
                    ->  Seq Scan on follow t1  (cost=0.00..1533.96 rows=99996 width=5) (actual rows=99996 loops=1)
                          Buffers: shared hit=534
Planning Time: 0.135 ms
Execution Time: 100.128 ms",108.702,6658.12,25020,"HashAggregate  (cost=6656.12..6658.12 rows=200 width=13) (actual rows=25020 loops=1)
  Group Key: t1.follower
  Batches: 1  Memory Usage: 2849kB
  Buffers: shared hit=1068, temp read=8 written=31
  ->  Hash Join  (cost=3396.67..5193.18 rows=292588 width=10) (actual rows=99704 loops=1)
        Hash Cond: ((t2.followee)::text = (t1.follower)::text)
        Buffers: shared hit=1068, temp read=8 written=31
        ->  Seq Scan on follow t2  (cost=0.00..1533.96 rows=99996 width=9) (actual rows=99996 loops=1)
              Buffers: shared hit=534
        ->  Hash  (cost=2776.39..2776.39 rows=49622 width=5) (actual rows=49999 loops=1)
              Buckets: 65536  Batches: 1  Memory Usage: 2357kB
              Buffers: shared hit=534, temp read=8 written=31
              ->  HashAggregate  (cost=1783.95..2280.17 rows=49622 width=5) (actual rows=49999 loops=1)
                    Group Key: t1.follower
                    Batches: 5  Memory Usage: 4145kB  Disk Usage: 208kB
                    Buffers: shared hit=534, temp read=8 written=31
                    ->  Seq Scan on follow t1  (cost=0.00..1533.96 rows=99996 width=5) (actual rows=99996 loops=1)
                          Buffers: shared hit=534
Planning Time: 0.208 ms
Execution Time: 108.702 ms",110.166,6658.12,25020,"HashAggregate  (cost=6656.12..6658.12 rows=200 width=13) (actual rows=25020 loops=1)
  Group Key: t1.follower
  Batches: 1  Memory Usage: 2849kB
  Buffers: shared hit=1068, temp read=8 written=31
  ->  Hash Join  (cost=3396.67..5193.18 rows=292588 width=10) (actual rows=99704 loops=1)
        Hash Cond: ((t2.followee)::text = (t1.follower)::text)
        Buffers: shared hit=1068, temp read=8 written=31
        ->  Seq Scan on follow t2  (cost=0.00..1533.96 rows=99996 width=9) (actual rows=99996 loops=1)
              Buffers: shared hit=534
        ->  Hash  (cost=2776.39..2776.39 rows=49622 width=5) (actual rows=49999 loops=1)
              Buckets: 65536  Batches: 1  Memory Usage: 2357kB
              Buffers: shared hit=534, temp read=8 written=31
              ->  HashAggregate  (cost=1783.95..2280.17 rows=49622 width=5) (actual rows=49999 loops=1)
                    Group Key: t1.follower
                    Batches: 5  Memory Usage: 4145kB  Disk Usage: 208kB
                    Buffers: shared hit=534, temp read=8 written=31
                    ->  Seq Scan on follow t1  (cost=0.00..1533.96 rows=99996 width=5) (actual rows=99996 loops=1)
                          Buffers: shared hit=534
Planning Time: 0.209 ms
Execution Time: 110.166 ms",109.314,6658.12,25020,"HashAggregate  (cost=6656.12..6658.12 rows=200 width=13) (actual rows=25020 loops=1)
  Group Key: t1.follower
  Batches: 1  Memory Usage: 2849kB
  Buffers: shared hit=1068, temp read=8 written=31
  ->  Hash Join  (cost=3396.67..5193.18 rows=292588 width=10) (actual rows=99704 loops=1)
        Hash Cond: ((t2.followee)::text = (t1.follower)::text)
        Buffers: shared hit=1068, temp read=8 written=31
        ->  Seq Scan on follow t2  (cost=0.00..1533.96 rows=99996 width=9) (actual rows=99996 loops=1)
              Buffers: shared hit=534
        ->  Hash  (cost=2776.39..2776.39 rows=49622 width=5) (actual rows=49999 loops=1)
              Buckets: 65536  Batches: 1  Memory Usage: 2357kB
              Buffers: shared hit=534, temp read=8 written=31
              ->  HashAggregate  (cost=1783.95..2280.17 rows=49622 width=5) (actual rows=49999 loops=1)
                    Group Key: t1.follower
                    Batches: 5  Memory Usage: 4145kB  Disk Usage: 208kB
                    Buffers: shared hit=534, temp read=8 written=31
                    ->  Seq Scan on follow t1  (cost=0.00..1533.96 rows=99996 width=5) (actual rows=99996 loops=1)
                          Buffers: shared hit=534
Planning Time: 0.199 ms
Execution Time: 109.314 ms",106.421,6658.12,25020,"HashAggregate  (cost=6656.12..6658.12 rows=200 width=13) (actual rows=25020 loops=1)
  Group Key: t1.follower
  Batches: 1  Memory Usage: 2849kB
  Buffers: shared hit=1068, temp read=8 written=31
  ->  Hash Join  (cost=3396.67..5193.18 rows=292588 width=10) (actual rows=99704 loops=1)
        Hash Cond: ((t2.followee)::text = (t1.follower)::text)
        Buffers: shared hit=1068, temp read=8 written=31
        ->  Seq Scan on follow t2  (cost=0.00..1533.96 rows=99996 width=9) (actual rows=99996 loops=1)
              Buffers: shared hit=534
        ->  Hash  (cost=2776.39..2776.39 rows=49622 width=5) (actual rows=49999 loops=1)
              Buckets: 65536  Batches: 1  Memory Usage: 2357kB
              Buffers: shared hit=534, temp read=8 written=31
              ->  HashAggregate  (cost=1783.95..2280.17 rows=49622 width=5) (actual rows=49999 loops=1)
                    Group Key: t1.follower
                    Batches: 5  Memory Usage: 4145kB  Disk Usage: 208kB
                    Buffers: shared hit=534, temp read=8 written=31
                    ->  Seq Scan on follow t1  (cost=0.00..1533.96 rows=99996 width=5) (actual rows=99996 loops=1)
                          Buffers: shared hit=534
Planning Time: 0.181 ms
Execution Time: 106.421 ms",106.9462,108.702,109.74,110.5068,6658.12,6658.12,25020,25020,25020,25020
379,614,110,Medium,"select t_cte_1.c_follower0 as follower, count(t2.follower) as num from (select t1.follower as c_follower0 from schema_614.follow as t1 group by t1.follower) as t_cte_1 inner join schema_614.follow as t2 on t_cte_1.c_follower0 = t2.followee group by t_cte_1.c_follower0",99.343,6658.12,25020,"HashAggregate  (cost=6656.12..6658.12 rows=200 width=13) (actual rows=25020 loops=1)
  Group Key: t1.follower
  Batches: 1  Memory Usage: 2849kB
  Buffers: shared hit=1068, temp read=8 written=31
  ->  Hash Join  (cost=3396.67..5193.18 rows=292588 width=10) (actual rows=99704 loops=1)
        Hash Cond: ((t2.followee)::text = (t1.follower)::text)
        Buffers: shared hit=1068, temp read=8 written=31
        ->  Seq Scan on follow t2  (cost=0.00..1533.96 rows=99996 width=9) (actual rows=99996 loops=1)
              Buffers: shared hit=534
        ->  Hash  (cost=2776.39..2776.39 rows=49622 width=5) (actual rows=49999 loops=1)
              Buckets: 65536  Batches: 1  Memory Usage: 2357kB
              Buffers: shared hit=534, temp read=8 written=31
              ->  HashAggregate  (cost=1783.95..2280.17 rows=49622 width=5) (actual rows=49999 loops=1)
                    Group Key: t1.follower
                    Batches: 5  Memory Usage: 4145kB  Disk Usage: 208kB
                    Buffers: shared hit=534, temp read=8 written=31
                    ->  Seq Scan on follow t1  (cost=0.00..1533.96 rows=99996 width=5) (actual rows=99996 loops=1)
                          Buffers: shared hit=534
Planning Time: 0.126 ms
Execution Time: 99.343 ms",111.291,6658.12,25020,"HashAggregate  (cost=6656.12..6658.12 rows=200 width=13) (actual rows=25020 loops=1)
  Group Key: t1.follower
  Batches: 1  Memory Usage: 2849kB
  Buffers: shared hit=1068, temp read=8 written=31
  ->  Hash Join  (cost=3396.67..5193.18 rows=292588 width=10) (actual rows=99704 loops=1)
        Hash Cond: ((t2.followee)::text = (t1.follower)::text)
        Buffers: shared hit=1068, temp read=8 written=31
        ->  Seq Scan on follow t2  (cost=0.00..1533.96 rows=99996 width=9) (actual rows=99996 loops=1)
              Buffers: shared hit=534
        ->  Hash  (cost=2776.39..2776.39 rows=49622 width=5) (actual rows=49999 loops=1)
              Buckets: 65536  Batches: 1  Memory Usage: 2357kB
              Buffers: shared hit=534, temp read=8 written=31
              ->  HashAggregate  (cost=1783.95..2280.17 rows=49622 width=5) (actual rows=49999 loops=1)
                    Group Key: t1.follower
                    Batches: 5  Memory Usage: 4145kB  Disk Usage: 208kB
                    Buffers: shared hit=534, temp read=8 written=31
                    ->  Seq Scan on follow t1  (cost=0.00..1533.96 rows=99996 width=5) (actual rows=99996 loops=1)
                          Buffers: shared hit=534
Planning Time: 0.179 ms
Execution Time: 111.291 ms",108.514,6658.12,25020,"HashAggregate  (cost=6656.12..6658.12 rows=200 width=13) (actual rows=25020 loops=1)
  Group Key: t1.follower
  Batches: 1  Memory Usage: 2849kB
  Buffers: shared hit=1068, temp read=8 written=31
  ->  Hash Join  (cost=3396.67..5193.18 rows=292588 width=10) (actual rows=99704 loops=1)
        Hash Cond: ((t2.followee)::text = (t1.follower)::text)
        Buffers: shared hit=1068, temp read=8 written=31
        ->  Seq Scan on follow t2  (cost=0.00..1533.96 rows=99996 width=9) (actual rows=99996 loops=1)
              Buffers: shared hit=534
        ->  Hash  (cost=2776.39..2776.39 rows=49622 width=5) (actual rows=49999 loops=1)
              Buckets: 65536  Batches: 1  Memory Usage: 2357kB
              Buffers: shared hit=534, temp read=8 written=31
              ->  HashAggregate  (cost=1783.95..2280.17 rows=49622 width=5) (actual rows=49999 loops=1)
                    Group Key: t1.follower
                    Batches: 5  Memory Usage: 4145kB  Disk Usage: 208kB
                    Buffers: shared hit=534, temp read=8 written=31
                    ->  Seq Scan on follow t1  (cost=0.00..1533.96 rows=99996 width=5) (actual rows=99996 loops=1)
                          Buffers: shared hit=534
Planning Time: 0.162 ms
Execution Time: 108.514 ms",107.648,6658.12,25020,"HashAggregate  (cost=6656.12..6658.12 rows=200 width=13) (actual rows=25020 loops=1)
  Group Key: t1.follower
  Batches: 1  Memory Usage: 2849kB
  Buffers: shared hit=1068, temp read=8 written=31
  ->  Hash Join  (cost=3396.67..5193.18 rows=292588 width=10) (actual rows=99704 loops=1)
        Hash Cond: ((t2.followee)::text = (t1.follower)::text)
        Buffers: shared hit=1068, temp read=8 written=31
        ->  Seq Scan on follow t2  (cost=0.00..1533.96 rows=99996 width=9) (actual rows=99996 loops=1)
              Buffers: shared hit=534
        ->  Hash  (cost=2776.39..2776.39 rows=49622 width=5) (actual rows=49999 loops=1)
              Buckets: 65536  Batches: 1  Memory Usage: 2357kB
              Buffers: shared hit=534, temp read=8 written=31
              ->  HashAggregate  (cost=1783.95..2280.17 rows=49622 width=5) (actual rows=49999 loops=1)
                    Group Key: t1.follower
                    Batches: 5  Memory Usage: 4145kB  Disk Usage: 208kB
                    Buffers: shared hit=534, temp read=8 written=31
                    ->  Seq Scan on follow t1  (cost=0.00..1533.96 rows=99996 width=5) (actual rows=99996 loops=1)
                          Buffers: shared hit=534
Planning Time: 0.175 ms
Execution Time: 107.648 ms",108.441,6658.12,25020,"HashAggregate  (cost=6656.12..6658.12 rows=200 width=13) (actual rows=25020 loops=1)
  Group Key: t1.follower
  Batches: 1  Memory Usage: 2849kB
  Buffers: shared hit=1068, temp read=8 written=31
  ->  Hash Join  (cost=3396.67..5193.18 rows=292588 width=10) (actual rows=99704 loops=1)
        Hash Cond: ((t2.followee)::text = (t1.follower)::text)
        Buffers: shared hit=1068, temp read=8 written=31
        ->  Seq Scan on follow t2  (cost=0.00..1533.96 rows=99996 width=9) (actual rows=99996 loops=1)
              Buffers: shared hit=534
        ->  Hash  (cost=2776.39..2776.39 rows=49622 width=5) (actual rows=49999 loops=1)
              Buckets: 65536  Batches: 1  Memory Usage: 2357kB
              Buffers: shared hit=534, temp read=8 written=31
              ->  HashAggregate  (cost=1783.95..2280.17 rows=49622 width=5) (actual rows=49999 loops=1)
                    Group Key: t1.follower
                    Batches: 5  Memory Usage: 4145kB  Disk Usage: 208kB
                    Buffers: shared hit=534, temp read=8 written=31
                    ->  Seq Scan on follow t1  (cost=0.00..1533.96 rows=99996 width=5) (actual rows=99996 loops=1)
                          Buffers: shared hit=534
Planning Time: 0.194 ms
Execution Time: 108.441 ms",107.0474,108.441,109.9025,112.4018,6658.12,6658.12,25020,25020,25020,25020
380,614,113,Medium,"select t_cte_6.c_follower0 as follower, count(t_cte_4.c_follower1) as num from (select tfollower.follower as c_follower0 from schema_614.follow as tfollower group by tfollower.follower) as t_cte_6 left join (select t2nddegreefollower.follower as c_follower1, t2nddegreefollower.followee as c_followee0 from schema_614.follow as t2nddegreefollower) as t_cte_4 on t_cte_6.c_follower0 = t_cte_4.c_followee0 group by t_cte_6.c_follower0 having 0 < count(t_cte_4.c_follower1)",121.567,6658.62,25020,"HashAggregate  (cost=6656.12..6658.62 rows=67 width=13) (actual rows=25020 loops=1)
  Group Key: tfollower.follower
  Filter: (0 < count(t2nddegreefollower.follower))
  Batches: 5  Memory Usage: 4161kB  Disk Usage: 712kB
  Rows Removed by Filter: 24979
  Buffers: shared hit=1068, temp read=76 written=167
  ->  Hash Right Join  (cost=3396.67..5193.18 rows=292588 width=10) (actual rows=124683 loops=1)
        Hash Cond: ((t2nddegreefollower.followee)::text = (tfollower.follower)::text)
        Buffers: shared hit=1068, temp read=8 written=31
        ->  Seq Scan on follow t2nddegreefollower  (cost=0.00..1533.96 rows=99996 width=9) (actual rows=99996 loops=1)
              Buffers: shared hit=534
        ->  Hash  (cost=2776.39..2776.39 rows=49622 width=5) (actual rows=49999 loops=1)
              Buckets: 65536  Batches: 1  Memory Usage: 2357kB
              Buffers: shared hit=534, temp read=8 written=31
              ->  HashAggregate  (cost=1783.95..2280.17 rows=49622 width=5) (actual rows=49999 loops=1)
                    Group Key: tfollower.follower
                    Batches: 5  Memory Usage: 4145kB  Disk Usage: 208kB
                    Buffers: shared hit=534, temp read=8 written=31
                    ->  Seq Scan on follow tfollower  (cost=0.00..1533.96 rows=99996 width=5) (actual rows=99996 loops=1)
                          Buffers: shared hit=534
Planning Time: 0.225 ms
Execution Time: 121.567 ms",127.88,6658.62,25020,"HashAggregate  (cost=6656.12..6658.62 rows=67 width=13) (actual rows=25020 loops=1)
  Group Key: tfollower.follower
  Filter: (0 < count(t2nddegreefollower.follower))
  Batches: 5  Memory Usage: 4161kB  Disk Usage: 712kB
  Rows Removed by Filter: 24979
  Buffers: shared hit=1068, temp read=76 written=167
  ->  Hash Right Join  (cost=3396.67..5193.18 rows=292588 width=10) (actual rows=124683 loops=1)
        Hash Cond: ((t2nddegreefollower.followee)::text = (tfollower.follower)::text)
        Buffers: shared hit=1068, temp read=8 written=31
        ->  Seq Scan on follow t2nddegreefollower  (cost=0.00..1533.96 rows=99996 width=9) (actual rows=99996 loops=1)
              Buffers: shared hit=534
        ->  Hash  (cost=2776.39..2776.39 rows=49622 width=5) (actual rows=49999 loops=1)
              Buckets: 65536  Batches: 1  Memory Usage: 2357kB
              Buffers: shared hit=534, temp read=8 written=31
              ->  HashAggregate  (cost=1783.95..2280.17 rows=49622 width=5) (actual rows=49999 loops=1)
                    Group Key: tfollower.follower
                    Batches: 5  Memory Usage: 4145kB  Disk Usage: 208kB
                    Buffers: shared hit=534, temp read=8 written=31
                    ->  Seq Scan on follow tfollower  (cost=0.00..1533.96 rows=99996 width=5) (actual rows=99996 loops=1)
                          Buffers: shared hit=534
Planning Time: 0.174 ms
Execution Time: 127.880 ms",131.086,6658.62,25020,"HashAggregate  (cost=6656.12..6658.62 rows=67 width=13) (actual rows=25020 loops=1)
  Group Key: tfollower.follower
  Filter: (0 < count(t2nddegreefollower.follower))
  Batches: 5  Memory Usage: 4161kB  Disk Usage: 712kB
  Rows Removed by Filter: 24979
  Buffers: shared hit=1068, temp read=76 written=167
  ->  Hash Right Join  (cost=3396.67..5193.18 rows=292588 width=10) (actual rows=124683 loops=1)
        Hash Cond: ((t2nddegreefollower.followee)::text = (tfollower.follower)::text)
        Buffers: shared hit=1068, temp read=8 written=31
        ->  Seq Scan on follow t2nddegreefollower  (cost=0.00..1533.96 rows=99996 width=9) (actual rows=99996 loops=1)
              Buffers: shared hit=534
        ->  Hash  (cost=2776.39..2776.39 rows=49622 width=5) (actual rows=49999 loops=1)
              Buckets: 65536  Batches: 1  Memory Usage: 2357kB
              Buffers: shared hit=534, temp read=8 written=31
              ->  HashAggregate  (cost=1783.95..2280.17 rows=49622 width=5) (actual rows=49999 loops=1)
                    Group Key: tfollower.follower
                    Batches: 5  Memory Usage: 4145kB  Disk Usage: 208kB
                    Buffers: shared hit=534, temp read=8 written=31
                    ->  Seq Scan on follow tfollower  (cost=0.00..1533.96 rows=99996 width=5) (actual rows=99996 loops=1)
                          Buffers: shared hit=534
Planning Time: 0.206 ms
Execution Time: 131.086 ms",130.067,6658.62,25020,"HashAggregate  (cost=6656.12..6658.62 rows=67 width=13) (actual rows=25020 loops=1)
  Group Key: tfollower.follower
  Filter: (0 < count(t2nddegreefollower.follower))
  Batches: 5  Memory Usage: 4161kB  Disk Usage: 712kB
  Rows Removed by Filter: 24979
  Buffers: shared hit=1068, temp read=76 written=167
  ->  Hash Right Join  (cost=3396.67..5193.18 rows=292588 width=10) (actual rows=124683 loops=1)
        Hash Cond: ((t2nddegreefollower.followee)::text = (tfollower.follower)::text)
        Buffers: shared hit=1068, temp read=8 written=31
        ->  Seq Scan on follow t2nddegreefollower  (cost=0.00..1533.96 rows=99996 width=9) (actual rows=99996 loops=1)
              Buffers: shared hit=534
        ->  Hash  (cost=2776.39..2776.39 rows=49622 width=5) (actual rows=49999 loops=1)
              Buckets: 65536  Batches: 1  Memory Usage: 2357kB
              Buffers: shared hit=534, temp read=8 written=31
              ->  HashAggregate  (cost=1783.95..2280.17 rows=49622 width=5) (actual rows=49999 loops=1)
                    Group Key: tfollower.follower
                    Batches: 5  Memory Usage: 4145kB  Disk Usage: 208kB
                    Buffers: shared hit=534, temp read=8 written=31
                    ->  Seq Scan on follow tfollower  (cost=0.00..1533.96 rows=99996 width=5) (actual rows=99996 loops=1)
                          Buffers: shared hit=534
Planning Time: 0.165 ms
Execution Time: 130.067 ms",128.076,6658.62,25020,"HashAggregate  (cost=6656.12..6658.62 rows=67 width=13) (actual rows=25020 loops=1)
  Group Key: tfollower.follower
  Filter: (0 < count(t2nddegreefollower.follower))
  Batches: 5  Memory Usage: 4161kB  Disk Usage: 712kB
  Rows Removed by Filter: 24979
  Buffers: shared hit=1068, temp read=76 written=167
  ->  Hash Right Join  (cost=3396.67..5193.18 rows=292588 width=10) (actual rows=124683 loops=1)
        Hash Cond: ((t2nddegreefollower.followee)::text = (tfollower.follower)::text)
        Buffers: shared hit=1068, temp read=8 written=31
        ->  Seq Scan on follow t2nddegreefollower  (cost=0.00..1533.96 rows=99996 width=9) (actual rows=99996 loops=1)
              Buffers: shared hit=534
        ->  Hash  (cost=2776.39..2776.39 rows=49622 width=5) (actual rows=49999 loops=1)
              Buckets: 65536  Batches: 1  Memory Usage: 2357kB
              Buffers: shared hit=534, temp read=8 written=31
              ->  HashAggregate  (cost=1783.95..2280.17 rows=49622 width=5) (actual rows=49999 loops=1)
                    Group Key: tfollower.follower
                    Batches: 5  Memory Usage: 4145kB  Disk Usage: 208kB
                    Buffers: shared hit=534, temp read=8 written=31
                    ->  Seq Scan on follow tfollower  (cost=0.00..1533.96 rows=99996 width=5) (actual rows=99996 loops=1)
                          Buffers: shared hit=534
Planning Time: 0.207 ms
Execution Time: 128.076 ms",127.7352,128.076,130.5765,131.4936,6658.62,6658.62,25020,25020,25020,25020
381,614,121,Medium,"select t_cte_3.c_follower0 as follower, count(f1.follower) as num from schema_614.follow as f1 inner join (select f.follower as c_follower0 from schema_614.follow as f group by f.follower) as t_cte_3 on t_cte_3.c_follower0 = f1.followee group by t_cte_3.c_follower0",101.967,6658.12,25020,"HashAggregate  (cost=6656.12..6658.12 rows=200 width=13) (actual rows=25020 loops=1)
  Group Key: f.follower
  Batches: 1  Memory Usage: 2849kB
  Buffers: shared hit=1068, temp read=8 written=31
  ->  Hash Join  (cost=3396.67..5193.18 rows=292588 width=10) (actual rows=99704 loops=1)
        Hash Cond: ((f1.followee)::text = (f.follower)::text)
        Buffers: shared hit=1068, temp read=8 written=31
        ->  Seq Scan on follow f1  (cost=0.00..1533.96 rows=99996 width=9) (actual rows=99996 loops=1)
              Buffers: shared hit=534
        ->  Hash  (cost=2776.39..2776.39 rows=49622 width=5) (actual rows=49999 loops=1)
              Buckets: 65536  Batches: 1  Memory Usage: 2357kB
              Buffers: shared hit=534, temp read=8 written=31
              ->  HashAggregate  (cost=1783.95..2280.17 rows=49622 width=5) (actual rows=49999 loops=1)
                    Group Key: f.follower
                    Batches: 5  Memory Usage: 4145kB  Disk Usage: 208kB
                    Buffers: shared hit=534, temp read=8 written=31
                    ->  Seq Scan on follow f  (cost=0.00..1533.96 rows=99996 width=5) (actual rows=99996 loops=1)
                          Buffers: shared hit=534
Planning Time: 0.183 ms
Execution Time: 101.967 ms",110.14,6658.12,25020,"HashAggregate  (cost=6656.12..6658.12 rows=200 width=13) (actual rows=25020 loops=1)
  Group Key: f.follower
  Batches: 1  Memory Usage: 2849kB
  Buffers: shared hit=1068, temp read=8 written=31
  ->  Hash Join  (cost=3396.67..5193.18 rows=292588 width=10) (actual rows=99704 loops=1)
        Hash Cond: ((f1.followee)::text = (f.follower)::text)
        Buffers: shared hit=1068, temp read=8 written=31
        ->  Seq Scan on follow f1  (cost=0.00..1533.96 rows=99996 width=9) (actual rows=99996 loops=1)
              Buffers: shared hit=534
        ->  Hash  (cost=2776.39..2776.39 rows=49622 width=5) (actual rows=49999 loops=1)
              Buckets: 65536  Batches: 1  Memory Usage: 2357kB
              Buffers: shared hit=534, temp read=8 written=31
              ->  HashAggregate  (cost=1783.95..2280.17 rows=49622 width=5) (actual rows=49999 loops=1)
                    Group Key: f.follower
                    Batches: 5  Memory Usage: 4145kB  Disk Usage: 208kB
                    Buffers: shared hit=534, temp read=8 written=31
                    ->  Seq Scan on follow f  (cost=0.00..1533.96 rows=99996 width=5) (actual rows=99996 loops=1)
                          Buffers: shared hit=534
Planning Time: 0.186 ms
Execution Time: 110.140 ms",107.529,6658.12,25020,"HashAggregate  (cost=6656.12..6658.12 rows=200 width=13) (actual rows=25020 loops=1)
  Group Key: f.follower
  Batches: 1  Memory Usage: 2849kB
  Buffers: shared hit=1068, temp read=8 written=31
  ->  Hash Join  (cost=3396.67..5193.18 rows=292588 width=10) (actual rows=99704 loops=1)
        Hash Cond: ((f1.followee)::text = (f.follower)::text)
        Buffers: shared hit=1068, temp read=8 written=31
        ->  Seq Scan on follow f1  (cost=0.00..1533.96 rows=99996 width=9) (actual rows=99996 loops=1)
              Buffers: shared hit=534
        ->  Hash  (cost=2776.39..2776.39 rows=49622 width=5) (actual rows=49999 loops=1)
              Buckets: 65536  Batches: 1  Memory Usage: 2357kB
              Buffers: shared hit=534, temp read=8 written=31
              ->  HashAggregate  (cost=1783.95..2280.17 rows=49622 width=5) (actual rows=49999 loops=1)
                    Group Key: f.follower
                    Batches: 5  Memory Usage: 4145kB  Disk Usage: 208kB
                    Buffers: shared hit=534, temp read=8 written=31
                    ->  Seq Scan on follow f  (cost=0.00..1533.96 rows=99996 width=5) (actual rows=99996 loops=1)
                          Buffers: shared hit=534
Planning Time: 0.217 ms
Execution Time: 107.529 ms",107.486,6658.12,25020,"HashAggregate  (cost=6656.12..6658.12 rows=200 width=13) (actual rows=25020 loops=1)
  Group Key: f.follower
  Batches: 1  Memory Usage: 2849kB
  Buffers: shared hit=1068, temp read=8 written=31
  ->  Hash Join  (cost=3396.67..5193.18 rows=292588 width=10) (actual rows=99704 loops=1)
        Hash Cond: ((f1.followee)::text = (f.follower)::text)
        Buffers: shared hit=1068, temp read=8 written=31
        ->  Seq Scan on follow f1  (cost=0.00..1533.96 rows=99996 width=9) (actual rows=99996 loops=1)
              Buffers: shared hit=534
        ->  Hash  (cost=2776.39..2776.39 rows=49622 width=5) (actual rows=49999 loops=1)
              Buckets: 65536  Batches: 1  Memory Usage: 2357kB
              Buffers: shared hit=534, temp read=8 written=31
              ->  HashAggregate  (cost=1783.95..2280.17 rows=49622 width=5) (actual rows=49999 loops=1)
                    Group Key: f.follower
                    Batches: 5  Memory Usage: 4145kB  Disk Usage: 208kB
                    Buffers: shared hit=534, temp read=8 written=31
                    ->  Seq Scan on follow f  (cost=0.00..1533.96 rows=99996 width=5) (actual rows=99996 loops=1)
                          Buffers: shared hit=534
Planning Time: 0.226 ms
Execution Time: 107.486 ms",108.969,6658.12,25020,"HashAggregate  (cost=6656.12..6658.12 rows=200 width=13) (actual rows=25020 loops=1)
  Group Key: f.follower
  Batches: 1  Memory Usage: 2849kB
  Buffers: shared hit=1068, temp read=8 written=31
  ->  Hash Join  (cost=3396.67..5193.18 rows=292588 width=10) (actual rows=99704 loops=1)
        Hash Cond: ((f1.followee)::text = (f.follower)::text)
        Buffers: shared hit=1068, temp read=8 written=31
        ->  Seq Scan on follow f1  (cost=0.00..1533.96 rows=99996 width=9) (actual rows=99996 loops=1)
              Buffers: shared hit=534
        ->  Hash  (cost=2776.39..2776.39 rows=49622 width=5) (actual rows=49999 loops=1)
              Buckets: 65536  Batches: 1  Memory Usage: 2357kB
              Buffers: shared hit=534, temp read=8 written=31
              ->  HashAggregate  (cost=1783.95..2280.17 rows=49622 width=5) (actual rows=49999 loops=1)
                    Group Key: f.follower
                    Batches: 5  Memory Usage: 4145kB  Disk Usage: 208kB
                    Buffers: shared hit=534, temp read=8 written=31
                    ->  Seq Scan on follow f  (cost=0.00..1533.96 rows=99996 width=5) (actual rows=99996 loops=1)
                          Buffers: shared hit=534
Planning Time: 0.232 ms
Execution Time: 108.969 ms",107.2182,107.529,109.5545,110.6084,6658.12,6658.12,25020,25020,25020,25020
382,614,129,Medium,"select t_cte_13.c_follower0 as follower, count(t_cte_27.c_follower1) as num from (select f1.follower as c_follower0 from schema_614.follow as f1 group by f1.follower) as t_cte_13 left join (select f2.follower as c_follower1, f2.followee as c_followee0 from schema_614.follow as f2) as t_cte_27 on t_cte_13.c_follower0 = t_cte_27.c_followee0 group by t_cte_13.c_follower0 having 0 < count(t_cte_27.c_follower1)",118.742,6658.62,25020,"HashAggregate  (cost=6656.12..6658.62 rows=67 width=13) (actual rows=25020 loops=1)
  Group Key: f1.follower
  Filter: (0 < count(f2.follower))
  Batches: 5  Memory Usage: 4161kB  Disk Usage: 712kB
  Rows Removed by Filter: 24979
  Buffers: shared hit=1068, temp read=76 written=167
  ->  Hash Right Join  (cost=3396.67..5193.18 rows=292588 width=10) (actual rows=124683 loops=1)
        Hash Cond: ((f2.followee)::text = (f1.follower)::text)
        Buffers: shared hit=1068, temp read=8 written=31
        ->  Seq Scan on follow f2  (cost=0.00..1533.96 rows=99996 width=9) (actual rows=99996 loops=1)
              Buffers: shared hit=534
        ->  Hash  (cost=2776.39..2776.39 rows=49622 width=5) (actual rows=49999 loops=1)
              Buckets: 65536  Batches: 1  Memory Usage: 2357kB
              Buffers: shared hit=534, temp read=8 written=31
              ->  HashAggregate  (cost=1783.95..2280.17 rows=49622 width=5) (actual rows=49999 loops=1)
                    Group Key: f1.follower
                    Batches: 5  Memory Usage: 4145kB  Disk Usage: 208kB
                    Buffers: shared hit=534, temp read=8 written=31
                    ->  Seq Scan on follow f1  (cost=0.00..1533.96 rows=99996 width=5) (actual rows=99996 loops=1)
                          Buffers: shared hit=534
Planning Time: 0.123 ms
Execution Time: 118.742 ms",125.99,6658.62,25020,"HashAggregate  (cost=6656.12..6658.62 rows=67 width=13) (actual rows=25020 loops=1)
  Group Key: f1.follower
  Filter: (0 < count(f2.follower))
  Batches: 5  Memory Usage: 4161kB  Disk Usage: 712kB
  Rows Removed by Filter: 24979
  Buffers: shared hit=1068, temp read=76 written=167
  ->  Hash Right Join  (cost=3396.67..5193.18 rows=292588 width=10) (actual rows=124683 loops=1)
        Hash Cond: ((f2.followee)::text = (f1.follower)::text)
        Buffers: shared hit=1068, temp read=8 written=31
        ->  Seq Scan on follow f2  (cost=0.00..1533.96 rows=99996 width=9) (actual rows=99996 loops=1)
              Buffers: shared hit=534
        ->  Hash  (cost=2776.39..2776.39 rows=49622 width=5) (actual rows=49999 loops=1)
              Buckets: 65536  Batches: 1  Memory Usage: 2357kB
              Buffers: shared hit=534, temp read=8 written=31
              ->  HashAggregate  (cost=1783.95..2280.17 rows=49622 width=5) (actual rows=49999 loops=1)
                    Group Key: f1.follower
                    Batches: 5  Memory Usage: 4145kB  Disk Usage: 208kB
                    Buffers: shared hit=534, temp read=8 written=31
                    ->  Seq Scan on follow f1  (cost=0.00..1533.96 rows=99996 width=5) (actual rows=99996 loops=1)
                          Buffers: shared hit=534
Planning Time: 0.168 ms
Execution Time: 125.990 ms",126.862,6658.62,25020,"HashAggregate  (cost=6656.12..6658.62 rows=67 width=13) (actual rows=25020 loops=1)
  Group Key: f1.follower
  Filter: (0 < count(f2.follower))
  Batches: 5  Memory Usage: 4161kB  Disk Usage: 712kB
  Rows Removed by Filter: 24979
  Buffers: shared hit=1068, temp read=76 written=167
  ->  Hash Right Join  (cost=3396.67..5193.18 rows=292588 width=10) (actual rows=124683 loops=1)
        Hash Cond: ((f2.followee)::text = (f1.follower)::text)
        Buffers: shared hit=1068, temp read=8 written=31
        ->  Seq Scan on follow f2  (cost=0.00..1533.96 rows=99996 width=9) (actual rows=99996 loops=1)
              Buffers: shared hit=534
        ->  Hash  (cost=2776.39..2776.39 rows=49622 width=5) (actual rows=49999 loops=1)
              Buckets: 65536  Batches: 1  Memory Usage: 2357kB
              Buffers: shared hit=534, temp read=8 written=31
              ->  HashAggregate  (cost=1783.95..2280.17 rows=49622 width=5) (actual rows=49999 loops=1)
                    Group Key: f1.follower
                    Batches: 5  Memory Usage: 4145kB  Disk Usage: 208kB
                    Buffers: shared hit=534, temp read=8 written=31
                    ->  Seq Scan on follow f1  (cost=0.00..1533.96 rows=99996 width=5) (actual rows=99996 loops=1)
                          Buffers: shared hit=534
Planning Time: 0.182 ms
Execution Time: 126.862 ms",127.254,6658.62,25020,"HashAggregate  (cost=6656.12..6658.62 rows=67 width=13) (actual rows=25020 loops=1)
  Group Key: f1.follower
  Filter: (0 < count(f2.follower))
  Batches: 5  Memory Usage: 4161kB  Disk Usage: 712kB
  Rows Removed by Filter: 24979
  Buffers: shared hit=1068, temp read=76 written=167
  ->  Hash Right Join  (cost=3396.67..5193.18 rows=292588 width=10) (actual rows=124683 loops=1)
        Hash Cond: ((f2.followee)::text = (f1.follower)::text)
        Buffers: shared hit=1068, temp read=8 written=31
        ->  Seq Scan on follow f2  (cost=0.00..1533.96 rows=99996 width=9) (actual rows=99996 loops=1)
              Buffers: shared hit=534
        ->  Hash  (cost=2776.39..2776.39 rows=49622 width=5) (actual rows=49999 loops=1)
              Buckets: 65536  Batches: 1  Memory Usage: 2357kB
              Buffers: shared hit=534, temp read=8 written=31
              ->  HashAggregate  (cost=1783.95..2280.17 rows=49622 width=5) (actual rows=49999 loops=1)
                    Group Key: f1.follower
                    Batches: 5  Memory Usage: 4145kB  Disk Usage: 208kB
                    Buffers: shared hit=534, temp read=8 written=31
                    ->  Seq Scan on follow f1  (cost=0.00..1533.96 rows=99996 width=5) (actual rows=99996 loops=1)
                          Buffers: shared hit=534
Planning Time: 0.196 ms
Execution Time: 127.254 ms",128.995,6658.62,25020,"HashAggregate  (cost=6656.12..6658.62 rows=67 width=13) (actual rows=25020 loops=1)
  Group Key: f1.follower
  Filter: (0 < count(f2.follower))
  Batches: 5  Memory Usage: 4161kB  Disk Usage: 712kB
  Rows Removed by Filter: 24979
  Buffers: shared hit=1068, temp read=76 written=167
  ->  Hash Right Join  (cost=3396.67..5193.18 rows=292588 width=10) (actual rows=124683 loops=1)
        Hash Cond: ((f2.followee)::text = (f1.follower)::text)
        Buffers: shared hit=1068, temp read=8 written=31
        ->  Seq Scan on follow f2  (cost=0.00..1533.96 rows=99996 width=9) (actual rows=99996 loops=1)
              Buffers: shared hit=534
        ->  Hash  (cost=2776.39..2776.39 rows=49622 width=5) (actual rows=49999 loops=1)
              Buckets: 65536  Batches: 1  Memory Usage: 2357kB
              Buffers: shared hit=534, temp read=8 written=31
              ->  HashAggregate  (cost=1783.95..2280.17 rows=49622 width=5) (actual rows=49999 loops=1)
                    Group Key: f1.follower
                    Batches: 5  Memory Usage: 4145kB  Disk Usage: 208kB
                    Buffers: shared hit=534, temp read=8 written=31
                    ->  Seq Scan on follow f1  (cost=0.00..1533.96 rows=99996 width=5) (actual rows=99996 loops=1)
                          Buffers: shared hit=534
Planning Time: 0.183 ms
Execution Time: 128.995 ms",125.5686,126.862,128.1245,129.6914,6658.62,6658.62,25020,25020,25020,25020
383,614,146,Medium,"select t_cte_2.c_follower0 as follower, count(t_cte_15.c_follower1) as num from (select a.follower as c_follower0 from schema_614.follow as a group by a.follower) as t_cte_2 left join (select b.followee as c_followee0, b.follower as c_follower1 from schema_614.follow as b) as t_cte_15 on t_cte_2.c_follower0 = t_cte_15.c_followee0 group by t_cte_2.c_follower0 having 0 < count(t_cte_15.c_follower1)",118.349,6658.62,25020,"HashAggregate  (cost=6656.12..6658.62 rows=67 width=13) (actual rows=25020 loops=1)
  Group Key: a.follower
  Filter: (0 < count(b.follower))
  Batches: 5  Memory Usage: 4161kB  Disk Usage: 712kB
  Rows Removed by Filter: 24979
  Buffers: shared hit=1068, temp read=76 written=167
  ->  Hash Right Join  (cost=3396.67..5193.18 rows=292588 width=10) (actual rows=124683 loops=1)
        Hash Cond: ((b.followee)::text = (a.follower)::text)
        Buffers: shared hit=1068, temp read=8 written=31
        ->  Seq Scan on follow b  (cost=0.00..1533.96 rows=99996 width=9) (actual rows=99996 loops=1)
              Buffers: shared hit=534
        ->  Hash  (cost=2776.39..2776.39 rows=49622 width=5) (actual rows=49999 loops=1)
              Buckets: 65536  Batches: 1  Memory Usage: 2357kB
              Buffers: shared hit=534, temp read=8 written=31
              ->  HashAggregate  (cost=1783.95..2280.17 rows=49622 width=5) (actual rows=49999 loops=1)
                    Group Key: a.follower
                    Batches: 5  Memory Usage: 4145kB  Disk Usage: 208kB
                    Buffers: shared hit=534, temp read=8 written=31
                    ->  Seq Scan on follow a  (cost=0.00..1533.96 rows=99996 width=5) (actual rows=99996 loops=1)
                          Buffers: shared hit=534
Planning Time: 0.156 ms
Execution Time: 118.349 ms",127.851,6658.62,25020,"HashAggregate  (cost=6656.12..6658.62 rows=67 width=13) (actual rows=25020 loops=1)
  Group Key: a.follower
  Filter: (0 < count(b.follower))
  Batches: 5  Memory Usage: 4161kB  Disk Usage: 712kB
  Rows Removed by Filter: 24979
  Buffers: shared hit=1068, temp read=76 written=167
  ->  Hash Right Join  (cost=3396.67..5193.18 rows=292588 width=10) (actual rows=124683 loops=1)
        Hash Cond: ((b.followee)::text = (a.follower)::text)
        Buffers: shared hit=1068, temp read=8 written=31
        ->  Seq Scan on follow b  (cost=0.00..1533.96 rows=99996 width=9) (actual rows=99996 loops=1)
              Buffers: shared hit=534
        ->  Hash  (cost=2776.39..2776.39 rows=49622 width=5) (actual rows=49999 loops=1)
              Buckets: 65536  Batches: 1  Memory Usage: 2357kB
              Buffers: shared hit=534, temp read=8 written=31
              ->  HashAggregate  (cost=1783.95..2280.17 rows=49622 width=5) (actual rows=49999 loops=1)
                    Group Key: a.follower
                    Batches: 5  Memory Usage: 4145kB  Disk Usage: 208kB
                    Buffers: shared hit=534, temp read=8 written=31
                    ->  Seq Scan on follow a  (cost=0.00..1533.96 rows=99996 width=5) (actual rows=99996 loops=1)
                          Buffers: shared hit=534
Planning Time: 0.204 ms
Execution Time: 127.851 ms",130.727,6658.62,25020,"HashAggregate  (cost=6656.12..6658.62 rows=67 width=13) (actual rows=25020 loops=1)
  Group Key: a.follower
  Filter: (0 < count(b.follower))
  Batches: 5  Memory Usage: 4161kB  Disk Usage: 712kB
  Rows Removed by Filter: 24979
  Buffers: shared hit=1068, temp read=76 written=167
  ->  Hash Right Join  (cost=3396.67..5193.18 rows=292588 width=10) (actual rows=124683 loops=1)
        Hash Cond: ((b.followee)::text = (a.follower)::text)
        Buffers: shared hit=1068, temp read=8 written=31
        ->  Seq Scan on follow b  (cost=0.00..1533.96 rows=99996 width=9) (actual rows=99996 loops=1)
              Buffers: shared hit=534
        ->  Hash  (cost=2776.39..2776.39 rows=49622 width=5) (actual rows=49999 loops=1)
              Buckets: 65536  Batches: 1  Memory Usage: 2357kB
              Buffers: shared hit=534, temp read=8 written=31
              ->  HashAggregate  (cost=1783.95..2280.17 rows=49622 width=5) (actual rows=49999 loops=1)
                    Group Key: a.follower
                    Batches: 5  Memory Usage: 4145kB  Disk Usage: 208kB
                    Buffers: shared hit=534, temp read=8 written=31
                    ->  Seq Scan on follow a  (cost=0.00..1533.96 rows=99996 width=5) (actual rows=99996 loops=1)
                          Buffers: shared hit=534
Planning Time: 0.178 ms
Execution Time: 130.727 ms",133.909,6658.62,25020,"HashAggregate  (cost=6656.12..6658.62 rows=67 width=13) (actual rows=25020 loops=1)
  Group Key: a.follower
  Filter: (0 < count(b.follower))
  Batches: 5  Memory Usage: 4161kB  Disk Usage: 712kB
  Rows Removed by Filter: 24979
  Buffers: shared hit=1068, temp read=76 written=167
  ->  Hash Right Join  (cost=3396.67..5193.18 rows=292588 width=10) (actual rows=124683 loops=1)
        Hash Cond: ((b.followee)::text = (a.follower)::text)
        Buffers: shared hit=1068, temp read=8 written=31
        ->  Seq Scan on follow b  (cost=0.00..1533.96 rows=99996 width=9) (actual rows=99996 loops=1)
              Buffers: shared hit=534
        ->  Hash  (cost=2776.39..2776.39 rows=49622 width=5) (actual rows=49999 loops=1)
              Buckets: 65536  Batches: 1  Memory Usage: 2357kB
              Buffers: shared hit=534, temp read=8 written=31
              ->  HashAggregate  (cost=1783.95..2280.17 rows=49622 width=5) (actual rows=49999 loops=1)
                    Group Key: a.follower
                    Batches: 5  Memory Usage: 4145kB  Disk Usage: 208kB
                    Buffers: shared hit=534, temp read=8 written=31
                    ->  Seq Scan on follow a  (cost=0.00..1533.96 rows=99996 width=5) (actual rows=99996 loops=1)
                          Buffers: shared hit=534
Planning Time: 0.206 ms
Execution Time: 133.909 ms",128.461,6658.62,25020,"HashAggregate  (cost=6656.12..6658.62 rows=67 width=13) (actual rows=25020 loops=1)
  Group Key: a.follower
  Filter: (0 < count(b.follower))
  Batches: 5  Memory Usage: 4161kB  Disk Usage: 712kB
  Rows Removed by Filter: 24979
  Buffers: shared hit=1068, temp read=76 written=167
  ->  Hash Right Join  (cost=3396.67..5193.18 rows=292588 width=10) (actual rows=124683 loops=1)
        Hash Cond: ((b.followee)::text = (a.follower)::text)
        Buffers: shared hit=1068, temp read=8 written=31
        ->  Seq Scan on follow b  (cost=0.00..1533.96 rows=99996 width=9) (actual rows=99996 loops=1)
              Buffers: shared hit=534
        ->  Hash  (cost=2776.39..2776.39 rows=49622 width=5) (actual rows=49999 loops=1)
              Buckets: 65536  Batches: 1  Memory Usage: 2357kB
              Buffers: shared hit=534, temp read=8 written=31
              ->  HashAggregate  (cost=1783.95..2280.17 rows=49622 width=5) (actual rows=49999 loops=1)
                    Group Key: a.follower
                    Batches: 5  Memory Usage: 4145kB  Disk Usage: 208kB
                    Buffers: shared hit=534, temp read=8 written=31
                    ->  Seq Scan on follow a  (cost=0.00..1533.96 rows=99996 width=5) (actual rows=99996 loops=1)
                          Buffers: shared hit=534
Planning Time: 0.165 ms
Execution Time: 128.461 ms",127.8594,128.461,132.318,135.1818,6658.62,6658.62,25020,25020,25020,25020
384,614,153,Medium,"select distinct t_cte_0.c_followee0 as follower, t_cte_0.c_count0 as num from (select count(a.follower) as c_count0, a.followee as c_followee0 from schema_614.follow as a group by a.followee) as t_cte_0 inner join schema_614.follow as t_follow_0 on t_cte_0.c_followee0 = t_follow_0.follower",78.545,4569.41,25020,"HashAggregate  (cost=4552.45..4569.41 rows=1696 width=12) (actual rows=25020 loops=1)
  Group Key: t_cte_0.c_followee0, t_cte_0.c_count0
  Batches: 1  Memory Usage: 2065kB
  Buffers: shared hit=1068
  ->  Hash Join  (cost=2585.11..4381.58 rows=34175 width=12) (actual rows=50038 loops=1)
        Hash Cond: ((t_follow_0.follower)::text = (t_cte_0.c_followee0)::text)
        Buffers: shared hit=1068
        ->  Seq Scan on follow t_follow_0  (cost=0.00..1533.96 rows=99996 width=5) (actual rows=99996 loops=1)
              Buffers: shared hit=534
        ->  Hash  (cost=2373.12..2373.12 rows=16959 width=12) (actual rows=25021 loops=1)
              Buckets: 32768  Batches: 1  Memory Usage: 1429kB
              Buffers: shared hit=534
              ->  Subquery Scan on t_cte_0  (cost=2033.94..2373.12 rows=16959 width=12) (actual rows=25021 loops=1)
                    Buffers: shared hit=534
                    ->  HashAggregate  (cost=2033.94..2203.53 rows=16959 width=12) (actual rows=25021 loops=1)
                          Group Key: a.followee
                          Batches: 1  Memory Usage: 2833kB
                          Buffers: shared hit=534
                          ->  Seq Scan on follow a  (cost=0.00..1533.96 rows=99996 width=9) (actual rows=99996 loops=1)
                                Buffers: shared hit=534
Planning Time: 0.175 ms
Execution Time: 78.545 ms",87.36,4569.41,25020,"HashAggregate  (cost=4552.45..4569.41 rows=1696 width=12) (actual rows=25020 loops=1)
  Group Key: t_cte_0.c_followee0, t_cte_0.c_count0
  Batches: 1  Memory Usage: 2065kB
  Buffers: shared hit=1068
  ->  Hash Join  (cost=2585.11..4381.58 rows=34175 width=12) (actual rows=50038 loops=1)
        Hash Cond: ((t_follow_0.follower)::text = (t_cte_0.c_followee0)::text)
        Buffers: shared hit=1068
        ->  Seq Scan on follow t_follow_0  (cost=0.00..1533.96 rows=99996 width=5) (actual rows=99996 loops=1)
              Buffers: shared hit=534
        ->  Hash  (cost=2373.12..2373.12 rows=16959 width=12) (actual rows=25021 loops=1)
              Buckets: 32768  Batches: 1  Memory Usage: 1429kB
              Buffers: shared hit=534
              ->  Subquery Scan on t_cte_0  (cost=2033.94..2373.12 rows=16959 width=12) (actual rows=25021 loops=1)
                    Buffers: shared hit=534
                    ->  HashAggregate  (cost=2033.94..2203.53 rows=16959 width=12) (actual rows=25021 loops=1)
                          Group Key: a.followee
                          Batches: 1  Memory Usage: 2833kB
                          Buffers: shared hit=534
                          ->  Seq Scan on follow a  (cost=0.00..1533.96 rows=99996 width=9) (actual rows=99996 loops=1)
                                Buffers: shared hit=534
Planning Time: 0.178 ms
Execution Time: 87.360 ms",86.607,4569.41,25020,"HashAggregate  (cost=4552.45..4569.41 rows=1696 width=12) (actual rows=25020 loops=1)
  Group Key: t_cte_0.c_followee0, t_cte_0.c_count0
  Batches: 1  Memory Usage: 2065kB
  Buffers: shared hit=1068
  ->  Hash Join  (cost=2585.11..4381.58 rows=34175 width=12) (actual rows=50038 loops=1)
        Hash Cond: ((t_follow_0.follower)::text = (t_cte_0.c_followee0)::text)
        Buffers: shared hit=1068
        ->  Seq Scan on follow t_follow_0  (cost=0.00..1533.96 rows=99996 width=5) (actual rows=99996 loops=1)
              Buffers: shared hit=534
        ->  Hash  (cost=2373.12..2373.12 rows=16959 width=12) (actual rows=25021 loops=1)
              Buckets: 32768  Batches: 1  Memory Usage: 1429kB
              Buffers: shared hit=534
              ->  Subquery Scan on t_cte_0  (cost=2033.94..2373.12 rows=16959 width=12) (actual rows=25021 loops=1)
                    Buffers: shared hit=534
                    ->  HashAggregate  (cost=2033.94..2203.53 rows=16959 width=12) (actual rows=25021 loops=1)
                          Group Key: a.followee
                          Batches: 1  Memory Usage: 2833kB
                          Buffers: shared hit=534
                          ->  Seq Scan on follow a  (cost=0.00..1533.96 rows=99996 width=9) (actual rows=99996 loops=1)
                                Buffers: shared hit=534
Planning Time: 0.182 ms
Execution Time: 86.607 ms",88.288,4569.41,25020,"HashAggregate  (cost=4552.45..4569.41 rows=1696 width=12) (actual rows=25020 loops=1)
  Group Key: t_cte_0.c_followee0, t_cte_0.c_count0
  Batches: 1  Memory Usage: 2065kB
  Buffers: shared hit=1068
  ->  Hash Join  (cost=2585.11..4381.58 rows=34175 width=12) (actual rows=50038 loops=1)
        Hash Cond: ((t_follow_0.follower)::text = (t_cte_0.c_followee0)::text)
        Buffers: shared hit=1068
        ->  Seq Scan on follow t_follow_0  (cost=0.00..1533.96 rows=99996 width=5) (actual rows=99996 loops=1)
              Buffers: shared hit=534
        ->  Hash  (cost=2373.12..2373.12 rows=16959 width=12) (actual rows=25021 loops=1)
              Buckets: 32768  Batches: 1  Memory Usage: 1429kB
              Buffers: shared hit=534
              ->  Subquery Scan on t_cte_0  (cost=2033.94..2373.12 rows=16959 width=12) (actual rows=25021 loops=1)
                    Buffers: shared hit=534
                    ->  HashAggregate  (cost=2033.94..2203.53 rows=16959 width=12) (actual rows=25021 loops=1)
                          Group Key: a.followee
                          Batches: 1  Memory Usage: 2833kB
                          Buffers: shared hit=534
                          ->  Seq Scan on follow a  (cost=0.00..1533.96 rows=99996 width=9) (actual rows=99996 loops=1)
                                Buffers: shared hit=534
Planning Time: 0.178 ms
Execution Time: 88.288 ms",86.171,4569.41,25020,"HashAggregate  (cost=4552.45..4569.41 rows=1696 width=12) (actual rows=25020 loops=1)
  Group Key: t_cte_0.c_followee0, t_cte_0.c_count0
  Batches: 1  Memory Usage: 2065kB
  Buffers: shared hit=1068
  ->  Hash Join  (cost=2585.11..4381.58 rows=34175 width=12) (actual rows=50038 loops=1)
        Hash Cond: ((t_follow_0.follower)::text = (t_cte_0.c_followee0)::text)
        Buffers: shared hit=1068
        ->  Seq Scan on follow t_follow_0  (cost=0.00..1533.96 rows=99996 width=5) (actual rows=99996 loops=1)
              Buffers: shared hit=534
        ->  Hash  (cost=2373.12..2373.12 rows=16959 width=12) (actual rows=25021 loops=1)
              Buckets: 32768  Batches: 1  Memory Usage: 1429kB
              Buffers: shared hit=534
              ->  Subquery Scan on t_cte_0  (cost=2033.94..2373.12 rows=16959 width=12) (actual rows=25021 loops=1)
                    Buffers: shared hit=534
                    ->  HashAggregate  (cost=2033.94..2203.53 rows=16959 width=12) (actual rows=25021 loops=1)
                          Group Key: a.followee
                          Batches: 1  Memory Usage: 2833kB
                          Buffers: shared hit=534
                          ->  Seq Scan on follow a  (cost=0.00..1533.96 rows=99996 width=9) (actual rows=99996 loops=1)
                                Buffers: shared hit=534
Planning Time: 0.180 ms
Execution Time: 86.171 ms",85.3942,86.607,87.824,88.6592,4569.41,4569.41,25020,25020,25020,25020
385,614,155,Medium,"select distinct t_cte_16.c_followee0 as follower, t_cte_16.c_count0 as num from (select t_follow_0.follower as c_follower0 from schema_614.follow as t_follow_0) as t inner join (select count(a.follower) as c_count0, a.followee as c_followee0 from schema_614.follow as a group by a.followee) as t_cte_16 on t_cte_16.c_followee0 = t.c_follower0",75.999,4569.41,25020,"HashAggregate  (cost=4552.45..4569.41 rows=1696 width=12) (actual rows=25020 loops=1)
  Group Key: t_cte_16.c_followee0, t_cte_16.c_count0
  Batches: 1  Memory Usage: 2065kB
  Buffers: shared hit=1068
  ->  Hash Join  (cost=2585.11..4381.58 rows=34175 width=12) (actual rows=50038 loops=1)
        Hash Cond: ((t_follow_0.follower)::text = (t_cte_16.c_followee0)::text)
        Buffers: shared hit=1068
        ->  Seq Scan on follow t_follow_0  (cost=0.00..1533.96 rows=99996 width=5) (actual rows=99996 loops=1)
              Buffers: shared hit=534
        ->  Hash  (cost=2373.12..2373.12 rows=16959 width=12) (actual rows=25021 loops=1)
              Buckets: 32768  Batches: 1  Memory Usage: 1429kB
              Buffers: shared hit=534
              ->  Subquery Scan on t_cte_16  (cost=2033.94..2373.12 rows=16959 width=12) (actual rows=25021 loops=1)
                    Buffers: shared hit=534
                    ->  HashAggregate  (cost=2033.94..2203.53 rows=16959 width=12) (actual rows=25021 loops=1)
                          Group Key: a.followee
                          Batches: 1  Memory Usage: 2833kB
                          Buffers: shared hit=534
                          ->  Seq Scan on follow a  (cost=0.00..1533.96 rows=99996 width=9) (actual rows=99996 loops=1)
                                Buffers: shared hit=534
Planning Time: 0.119 ms
Execution Time: 75.999 ms",87.531,4569.41,25020,"HashAggregate  (cost=4552.45..4569.41 rows=1696 width=12) (actual rows=25020 loops=1)
  Group Key: t_cte_16.c_followee0, t_cte_16.c_count0
  Batches: 1  Memory Usage: 2065kB
  Buffers: shared hit=1068
  ->  Hash Join  (cost=2585.11..4381.58 rows=34175 width=12) (actual rows=50038 loops=1)
        Hash Cond: ((t_follow_0.follower)::text = (t_cte_16.c_followee0)::text)
        Buffers: shared hit=1068
        ->  Seq Scan on follow t_follow_0  (cost=0.00..1533.96 rows=99996 width=5) (actual rows=99996 loops=1)
              Buffers: shared hit=534
        ->  Hash  (cost=2373.12..2373.12 rows=16959 width=12) (actual rows=25021 loops=1)
              Buckets: 32768  Batches: 1  Memory Usage: 1429kB
              Buffers: shared hit=534
              ->  Subquery Scan on t_cte_16  (cost=2033.94..2373.12 rows=16959 width=12) (actual rows=25021 loops=1)
                    Buffers: shared hit=534
                    ->  HashAggregate  (cost=2033.94..2203.53 rows=16959 width=12) (actual rows=25021 loops=1)
                          Group Key: a.followee
                          Batches: 1  Memory Usage: 2833kB
                          Buffers: shared hit=534
                          ->  Seq Scan on follow a  (cost=0.00..1533.96 rows=99996 width=9) (actual rows=99996 loops=1)
                                Buffers: shared hit=534
Planning Time: 0.172 ms
Execution Time: 87.531 ms",85.212,4569.41,25020,"HashAggregate  (cost=4552.45..4569.41 rows=1696 width=12) (actual rows=25020 loops=1)
  Group Key: t_cte_16.c_followee0, t_cte_16.c_count0
  Batches: 1  Memory Usage: 2065kB
  Buffers: shared hit=1068
  ->  Hash Join  (cost=2585.11..4381.58 rows=34175 width=12) (actual rows=50038 loops=1)
        Hash Cond: ((t_follow_0.follower)::text = (t_cte_16.c_followee0)::text)
        Buffers: shared hit=1068
        ->  Seq Scan on follow t_follow_0  (cost=0.00..1533.96 rows=99996 width=5) (actual rows=99996 loops=1)
              Buffers: shared hit=534
        ->  Hash  (cost=2373.12..2373.12 rows=16959 width=12) (actual rows=25021 loops=1)
              Buckets: 32768  Batches: 1  Memory Usage: 1429kB
              Buffers: shared hit=534
              ->  Subquery Scan on t_cte_16  (cost=2033.94..2373.12 rows=16959 width=12) (actual rows=25021 loops=1)
                    Buffers: shared hit=534
                    ->  HashAggregate  (cost=2033.94..2203.53 rows=16959 width=12) (actual rows=25021 loops=1)
                          Group Key: a.followee
                          Batches: 1  Memory Usage: 2833kB
                          Buffers: shared hit=534
                          ->  Seq Scan on follow a  (cost=0.00..1533.96 rows=99996 width=9) (actual rows=99996 loops=1)
                                Buffers: shared hit=534
Planning Time: 0.203 ms
Execution Time: 85.212 ms",85.019,4569.41,25020,"HashAggregate  (cost=4552.45..4569.41 rows=1696 width=12) (actual rows=25020 loops=1)
  Group Key: t_cte_16.c_followee0, t_cte_16.c_count0
  Batches: 1  Memory Usage: 2065kB
  Buffers: shared hit=1068
  ->  Hash Join  (cost=2585.11..4381.58 rows=34175 width=12) (actual rows=50038 loops=1)
        Hash Cond: ((t_follow_0.follower)::text = (t_cte_16.c_followee0)::text)
        Buffers: shared hit=1068
        ->  Seq Scan on follow t_follow_0  (cost=0.00..1533.96 rows=99996 width=5) (actual rows=99996 loops=1)
              Buffers: shared hit=534
        ->  Hash  (cost=2373.12..2373.12 rows=16959 width=12) (actual rows=25021 loops=1)
              Buckets: 32768  Batches: 1  Memory Usage: 1429kB
              Buffers: shared hit=534
              ->  Subquery Scan on t_cte_16  (cost=2033.94..2373.12 rows=16959 width=12) (actual rows=25021 loops=1)
                    Buffers: shared hit=534
                    ->  HashAggregate  (cost=2033.94..2203.53 rows=16959 width=12) (actual rows=25021 loops=1)
                          Group Key: a.followee
                          Batches: 1  Memory Usage: 2833kB
                          Buffers: shared hit=534
                          ->  Seq Scan on follow a  (cost=0.00..1533.96 rows=99996 width=9) (actual rows=99996 loops=1)
                                Buffers: shared hit=534
Planning Time: 0.262 ms
Execution Time: 85.019 ms",87.778,4569.41,25020,"HashAggregate  (cost=4552.45..4569.41 rows=1696 width=12) (actual rows=25020 loops=1)
  Group Key: t_cte_16.c_followee0, t_cte_16.c_count0
  Batches: 1  Memory Usage: 2065kB
  Buffers: shared hit=1068
  ->  Hash Join  (cost=2585.11..4381.58 rows=34175 width=12) (actual rows=50038 loops=1)
        Hash Cond: ((t_follow_0.follower)::text = (t_cte_16.c_followee0)::text)
        Buffers: shared hit=1068
        ->  Seq Scan on follow t_follow_0  (cost=0.00..1533.96 rows=99996 width=5) (actual rows=99996 loops=1)
              Buffers: shared hit=534
        ->  Hash  (cost=2373.12..2373.12 rows=16959 width=12) (actual rows=25021 loops=1)
              Buckets: 32768  Batches: 1  Memory Usage: 1429kB
              Buffers: shared hit=534
              ->  Subquery Scan on t_cte_16  (cost=2033.94..2373.12 rows=16959 width=12) (actual rows=25021 loops=1)
                    Buffers: shared hit=534
                    ->  HashAggregate  (cost=2033.94..2203.53 rows=16959 width=12) (actual rows=25021 loops=1)
                          Group Key: a.followee
                          Batches: 1  Memory Usage: 2833kB
                          Buffers: shared hit=534
                          ->  Seq Scan on follow a  (cost=0.00..1533.96 rows=99996 width=9) (actual rows=99996 loops=1)
                                Buffers: shared hit=534
Planning Time: 0.196 ms
Execution Time: 87.778 ms",84.3078,85.212,87.6545,87.8768,4569.41,4569.41,25020,25020,25020,25020
386,614,163,Medium,"select t_cte_2.c_follower0 as follower, count(b.follower) as num from schema_614.follow as b inner join (select a.follower as c_follower0 from schema_614.follow as a group by a.follower) as t_cte_2 on b.followee = t_cte_2.c_follower0 group by t_cte_2.c_follower0",98.785,6658.12,25020,"HashAggregate  (cost=6656.12..6658.12 rows=200 width=13) (actual rows=25020 loops=1)
  Group Key: a.follower
  Batches: 1  Memory Usage: 2849kB
  Buffers: shared hit=1068, temp read=8 written=31
  ->  Hash Join  (cost=3396.67..5193.18 rows=292588 width=10) (actual rows=99704 loops=1)
        Hash Cond: ((b.followee)::text = (a.follower)::text)
        Buffers: shared hit=1068, temp read=8 written=31
        ->  Seq Scan on follow b  (cost=0.00..1533.96 rows=99996 width=9) (actual rows=99996 loops=1)
              Buffers: shared hit=534
        ->  Hash  (cost=2776.39..2776.39 rows=49622 width=5) (actual rows=49999 loops=1)
              Buckets: 65536  Batches: 1  Memory Usage: 2357kB
              Buffers: shared hit=534, temp read=8 written=31
              ->  HashAggregate  (cost=1783.95..2280.17 rows=49622 width=5) (actual rows=49999 loops=1)
                    Group Key: a.follower
                    Batches: 5  Memory Usage: 4145kB  Disk Usage: 208kB
                    Buffers: shared hit=534, temp read=8 written=31
                    ->  Seq Scan on follow a  (cost=0.00..1533.96 rows=99996 width=5) (actual rows=99996 loops=1)
                          Buffers: shared hit=534
Planning Time: 0.146 ms
Execution Time: 98.785 ms",111.379,6658.12,25020,"HashAggregate  (cost=6656.12..6658.12 rows=200 width=13) (actual rows=25020 loops=1)
  Group Key: a.follower
  Batches: 1  Memory Usage: 2849kB
  Buffers: shared hit=1068, temp read=8 written=31
  ->  Hash Join  (cost=3396.67..5193.18 rows=292588 width=10) (actual rows=99704 loops=1)
        Hash Cond: ((b.followee)::text = (a.follower)::text)
        Buffers: shared hit=1068, temp read=8 written=31
        ->  Seq Scan on follow b  (cost=0.00..1533.96 rows=99996 width=9) (actual rows=99996 loops=1)
              Buffers: shared hit=534
        ->  Hash  (cost=2776.39..2776.39 rows=49622 width=5) (actual rows=49999 loops=1)
              Buckets: 65536  Batches: 1  Memory Usage: 2357kB
              Buffers: shared hit=534, temp read=8 written=31
              ->  HashAggregate  (cost=1783.95..2280.17 rows=49622 width=5) (actual rows=49999 loops=1)
                    Group Key: a.follower
                    Batches: 5  Memory Usage: 4145kB  Disk Usage: 208kB
                    Buffers: shared hit=534, temp read=8 written=31
                    ->  Seq Scan on follow a  (cost=0.00..1533.96 rows=99996 width=5) (actual rows=99996 loops=1)
                          Buffers: shared hit=534
Planning Time: 0.232 ms
Execution Time: 111.379 ms",109.844,6658.12,25020,"HashAggregate  (cost=6656.12..6658.12 rows=200 width=13) (actual rows=25020 loops=1)
  Group Key: a.follower
  Batches: 1  Memory Usage: 2849kB
  Buffers: shared hit=1068, temp read=8 written=31
  ->  Hash Join  (cost=3396.67..5193.18 rows=292588 width=10) (actual rows=99704 loops=1)
        Hash Cond: ((b.followee)::text = (a.follower)::text)
        Buffers: shared hit=1068, temp read=8 written=31
        ->  Seq Scan on follow b  (cost=0.00..1533.96 rows=99996 width=9) (actual rows=99996 loops=1)
              Buffers: shared hit=534
        ->  Hash  (cost=2776.39..2776.39 rows=49622 width=5) (actual rows=49999 loops=1)
              Buckets: 65536  Batches: 1  Memory Usage: 2357kB
              Buffers: shared hit=534, temp read=8 written=31
              ->  HashAggregate  (cost=1783.95..2280.17 rows=49622 width=5) (actual rows=49999 loops=1)
                    Group Key: a.follower
                    Batches: 5  Memory Usage: 4145kB  Disk Usage: 208kB
                    Buffers: shared hit=534, temp read=8 written=31
                    ->  Seq Scan on follow a  (cost=0.00..1533.96 rows=99996 width=5) (actual rows=99996 loops=1)
                          Buffers: shared hit=534
Planning Time: 0.200 ms
Execution Time: 109.844 ms",108.546,6658.12,25020,"HashAggregate  (cost=6656.12..6658.12 rows=200 width=13) (actual rows=25020 loops=1)
  Group Key: a.follower
  Batches: 1  Memory Usage: 2849kB
  Buffers: shared hit=1068, temp read=8 written=31
  ->  Hash Join  (cost=3396.67..5193.18 rows=292588 width=10) (actual rows=99704 loops=1)
        Hash Cond: ((b.followee)::text = (a.follower)::text)
        Buffers: shared hit=1068, temp read=8 written=31
        ->  Seq Scan on follow b  (cost=0.00..1533.96 rows=99996 width=9) (actual rows=99996 loops=1)
              Buffers: shared hit=534
        ->  Hash  (cost=2776.39..2776.39 rows=49622 width=5) (actual rows=49999 loops=1)
              Buckets: 65536  Batches: 1  Memory Usage: 2357kB
              Buffers: shared hit=534, temp read=8 written=31
              ->  HashAggregate  (cost=1783.95..2280.17 rows=49622 width=5) (actual rows=49999 loops=1)
                    Group Key: a.follower
                    Batches: 5  Memory Usage: 4145kB  Disk Usage: 208kB
                    Buffers: shared hit=534, temp read=8 written=31
                    ->  Seq Scan on follow a  (cost=0.00..1533.96 rows=99996 width=5) (actual rows=99996 loops=1)
                          Buffers: shared hit=534
Planning Time: 0.217 ms
Execution Time: 108.546 ms",105.42,6658.12,25020,"HashAggregate  (cost=6656.12..6658.12 rows=200 width=13) (actual rows=25020 loops=1)
  Group Key: a.follower
  Batches: 1  Memory Usage: 2849kB
  Buffers: shared hit=1068, temp read=8 written=31
  ->  Hash Join  (cost=3396.67..5193.18 rows=292588 width=10) (actual rows=99704 loops=1)
        Hash Cond: ((b.followee)::text = (a.follower)::text)
        Buffers: shared hit=1068, temp read=8 written=31
        ->  Seq Scan on follow b  (cost=0.00..1533.96 rows=99996 width=9) (actual rows=99996 loops=1)
              Buffers: shared hit=534
        ->  Hash  (cost=2776.39..2776.39 rows=49622 width=5) (actual rows=49999 loops=1)
              Buckets: 65536  Batches: 1  Memory Usage: 2357kB
              Buffers: shared hit=534, temp read=8 written=31
              ->  HashAggregate  (cost=1783.95..2280.17 rows=49622 width=5) (actual rows=49999 loops=1)
                    Group Key: a.follower
                    Batches: 5  Memory Usage: 4145kB  Disk Usage: 208kB
                    Buffers: shared hit=534, temp read=8 written=31
                    ->  Seq Scan on follow a  (cost=0.00..1533.96 rows=99996 width=5) (actual rows=99996 loops=1)
                          Buffers: shared hit=534
Planning Time: 0.217 ms
Execution Time: 105.420 ms",106.7948,108.546,110.6115,111.993,6658.12,6658.12,25020,25020,25020,25020
387,614,197,Medium,"select t_cte_0.c_follower0 as follower, count(a.follower) as num from schema_614.follow as a inner join (select b.follower as c_follower0 from schema_614.follow as b group by b.follower) as t_cte_0 on a.followee = t_cte_0.c_follower0 group by t_cte_0.c_follower0",102.498,6658.12,25020,"HashAggregate  (cost=6656.12..6658.12 rows=200 width=13) (actual rows=25020 loops=1)
  Group Key: b.follower
  Batches: 1  Memory Usage: 2849kB
  Buffers: shared hit=1068, temp read=8 written=31
  ->  Hash Join  (cost=3396.67..5193.18 rows=292588 width=10) (actual rows=99704 loops=1)
        Hash Cond: ((a.followee)::text = (b.follower)::text)
        Buffers: shared hit=1068, temp read=8 written=31
        ->  Seq Scan on follow a  (cost=0.00..1533.96 rows=99996 width=9) (actual rows=99996 loops=1)
              Buffers: shared hit=534
        ->  Hash  (cost=2776.39..2776.39 rows=49622 width=5) (actual rows=49999 loops=1)
              Buckets: 65536  Batches: 1  Memory Usage: 2357kB
              Buffers: shared hit=534, temp read=8 written=31
              ->  HashAggregate  (cost=1783.95..2280.17 rows=49622 width=5) (actual rows=49999 loops=1)
                    Group Key: b.follower
                    Batches: 5  Memory Usage: 4145kB  Disk Usage: 208kB
                    Buffers: shared hit=534, temp read=8 written=31
                    ->  Seq Scan on follow b  (cost=0.00..1533.96 rows=99996 width=5) (actual rows=99996 loops=1)
                          Buffers: shared hit=534
Planning Time: 0.132 ms
Execution Time: 102.498 ms",118.963,6658.12,25020,"HashAggregate  (cost=6656.12..6658.12 rows=200 width=13) (actual rows=25020 loops=1)
  Group Key: b.follower
  Batches: 1  Memory Usage: 2849kB
  Buffers: shared hit=1068, temp read=8 written=31
  ->  Hash Join  (cost=3396.67..5193.18 rows=292588 width=10) (actual rows=99704 loops=1)
        Hash Cond: ((a.followee)::text = (b.follower)::text)
        Buffers: shared hit=1068, temp read=8 written=31
        ->  Seq Scan on follow a  (cost=0.00..1533.96 rows=99996 width=9) (actual rows=99996 loops=1)
              Buffers: shared hit=534
        ->  Hash  (cost=2776.39..2776.39 rows=49622 width=5) (actual rows=49999 loops=1)
              Buckets: 65536  Batches: 1  Memory Usage: 2357kB
              Buffers: shared hit=534, temp read=8 written=31
              ->  HashAggregate  (cost=1783.95..2280.17 rows=49622 width=5) (actual rows=49999 loops=1)
                    Group Key: b.follower
                    Batches: 5  Memory Usage: 4145kB  Disk Usage: 208kB
                    Buffers: shared hit=534, temp read=8 written=31
                    ->  Seq Scan on follow b  (cost=0.00..1533.96 rows=99996 width=5) (actual rows=99996 loops=1)
                          Buffers: shared hit=534
Planning Time: 0.178 ms
Execution Time: 118.963 ms",111.748,6658.12,25020,"HashAggregate  (cost=6656.12..6658.12 rows=200 width=13) (actual rows=25020 loops=1)
  Group Key: b.follower
  Batches: 1  Memory Usage: 2849kB
  Buffers: shared hit=1068, temp read=8 written=31
  ->  Hash Join  (cost=3396.67..5193.18 rows=292588 width=10) (actual rows=99704 loops=1)
        Hash Cond: ((a.followee)::text = (b.follower)::text)
        Buffers: shared hit=1068, temp read=8 written=31
        ->  Seq Scan on follow a  (cost=0.00..1533.96 rows=99996 width=9) (actual rows=99996 loops=1)
              Buffers: shared hit=534
        ->  Hash  (cost=2776.39..2776.39 rows=49622 width=5) (actual rows=49999 loops=1)
              Buckets: 65536  Batches: 1  Memory Usage: 2357kB
              Buffers: shared hit=534, temp read=8 written=31
              ->  HashAggregate  (cost=1783.95..2280.17 rows=49622 width=5) (actual rows=49999 loops=1)
                    Group Key: b.follower
                    Batches: 5  Memory Usage: 4145kB  Disk Usage: 208kB
                    Buffers: shared hit=534, temp read=8 written=31
                    ->  Seq Scan on follow b  (cost=0.00..1533.96 rows=99996 width=5) (actual rows=99996 loops=1)
                          Buffers: shared hit=534
Planning Time: 0.185 ms
Execution Time: 111.748 ms",109.287,6658.12,25020,"HashAggregate  (cost=6656.12..6658.12 rows=200 width=13) (actual rows=25020 loops=1)
  Group Key: b.follower
  Batches: 1  Memory Usage: 2849kB
  Buffers: shared hit=1068, temp read=8 written=31
  ->  Hash Join  (cost=3396.67..5193.18 rows=292588 width=10) (actual rows=99704 loops=1)
        Hash Cond: ((a.followee)::text = (b.follower)::text)
        Buffers: shared hit=1068, temp read=8 written=31
        ->  Seq Scan on follow a  (cost=0.00..1533.96 rows=99996 width=9) (actual rows=99996 loops=1)
              Buffers: shared hit=534
        ->  Hash  (cost=2776.39..2776.39 rows=49622 width=5) (actual rows=49999 loops=1)
              Buckets: 65536  Batches: 1  Memory Usage: 2357kB
              Buffers: shared hit=534, temp read=8 written=31
              ->  HashAggregate  (cost=1783.95..2280.17 rows=49622 width=5) (actual rows=49999 loops=1)
                    Group Key: b.follower
                    Batches: 5  Memory Usage: 4145kB  Disk Usage: 208kB
                    Buffers: shared hit=534, temp read=8 written=31
                    ->  Seq Scan on follow b  (cost=0.00..1533.96 rows=99996 width=5) (actual rows=99996 loops=1)
                          Buffers: shared hit=534
Planning Time: 0.226 ms
Execution Time: 109.287 ms",108.184,6658.12,25020,"HashAggregate  (cost=6656.12..6658.12 rows=200 width=13) (actual rows=25020 loops=1)
  Group Key: b.follower
  Batches: 1  Memory Usage: 2849kB
  Buffers: shared hit=1068, temp read=8 written=31
  ->  Hash Join  (cost=3396.67..5193.18 rows=292588 width=10) (actual rows=99704 loops=1)
        Hash Cond: ((a.followee)::text = (b.follower)::text)
        Buffers: shared hit=1068, temp read=8 written=31
        ->  Seq Scan on follow a  (cost=0.00..1533.96 rows=99996 width=9) (actual rows=99996 loops=1)
              Buffers: shared hit=534
        ->  Hash  (cost=2776.39..2776.39 rows=49622 width=5) (actual rows=49999 loops=1)
              Buckets: 65536  Batches: 1  Memory Usage: 2357kB
              Buffers: shared hit=534, temp read=8 written=31
              ->  HashAggregate  (cost=1783.95..2280.17 rows=49622 width=5) (actual rows=49999 loops=1)
                    Group Key: b.follower
                    Batches: 5  Memory Usage: 4145kB  Disk Usage: 208kB
                    Buffers: shared hit=534, temp read=8 written=31
                    ->  Seq Scan on follow b  (cost=0.00..1533.96 rows=99996 width=5) (actual rows=99996 loops=1)
                          Buffers: shared hit=534
Planning Time: 0.185 ms
Execution Time: 108.184 ms",110.136,109.287,115.3555,121.849,6658.12,6658.12,25020,25020,25020,25020
388,614,200,Medium,"select distinct a.follower as follower, t_cte_11.c_count0 as num from (select t_follow_0.followee as c_followee0, count(t_follow_0.follower) as c_count0 from schema_614.follow as t_follow_0 group by t_follow_0.followee) as t_cte_11 inner join schema_614.follow as a on a.follower = t_cte_11.c_followee0",76.285,4894.2,25020,"HashAggregate  (cost=4552.45..4894.20 rows=34175 width=13) (actual rows=25020 loops=1)
  Group Key: a.follower, t_cte_11.c_count0
  Batches: 1  Memory Usage: 2833kB
  Buffers: shared hit=1068
  ->  Hash Join  (cost=2585.11..4381.58 rows=34175 width=13) (actual rows=50038 loops=1)
        Hash Cond: ((a.follower)::text = (t_cte_11.c_followee0)::text)
        Buffers: shared hit=1068
        ->  Seq Scan on follow a  (cost=0.00..1533.96 rows=99996 width=5) (actual rows=99996 loops=1)
              Buffers: shared hit=534
        ->  Hash  (cost=2373.12..2373.12 rows=16959 width=12) (actual rows=25021 loops=1)
              Buckets: 32768  Batches: 1  Memory Usage: 1371kB
              Buffers: shared hit=534
              ->  Subquery Scan on t_cte_11  (cost=2033.94..2373.12 rows=16959 width=12) (actual rows=25021 loops=1)
                    Buffers: shared hit=534
                    ->  HashAggregate  (cost=2033.94..2203.53 rows=16959 width=12) (actual rows=25021 loops=1)
                          Group Key: t_follow_0.followee
                          Batches: 1  Memory Usage: 2833kB
                          Buffers: shared hit=534
                          ->  Seq Scan on follow t_follow_0  (cost=0.00..1533.96 rows=99996 width=9) (actual rows=99996 loops=1)
                                Buffers: shared hit=534
Planning Time: 0.123 ms
Execution Time: 76.285 ms",83.84,4894.2,25020,"HashAggregate  (cost=4552.45..4894.20 rows=34175 width=13) (actual rows=25020 loops=1)
  Group Key: a.follower, t_cte_11.c_count0
  Batches: 1  Memory Usage: 2833kB
  Buffers: shared hit=1068
  ->  Hash Join  (cost=2585.11..4381.58 rows=34175 width=13) (actual rows=50038 loops=1)
        Hash Cond: ((a.follower)::text = (t_cte_11.c_followee0)::text)
        Buffers: shared hit=1068
        ->  Seq Scan on follow a  (cost=0.00..1533.96 rows=99996 width=5) (actual rows=99996 loops=1)
              Buffers: shared hit=534
        ->  Hash  (cost=2373.12..2373.12 rows=16959 width=12) (actual rows=25021 loops=1)
              Buckets: 32768  Batches: 1  Memory Usage: 1371kB
              Buffers: shared hit=534
              ->  Subquery Scan on t_cte_11  (cost=2033.94..2373.12 rows=16959 width=12) (actual rows=25021 loops=1)
                    Buffers: shared hit=534
                    ->  HashAggregate  (cost=2033.94..2203.53 rows=16959 width=12) (actual rows=25021 loops=1)
                          Group Key: t_follow_0.followee
                          Batches: 1  Memory Usage: 2833kB
                          Buffers: shared hit=534
                          ->  Seq Scan on follow t_follow_0  (cost=0.00..1533.96 rows=99996 width=9) (actual rows=99996 loops=1)
                                Buffers: shared hit=534
Planning Time: 0.207 ms
Execution Time: 83.840 ms",90.318,4894.2,25020,"HashAggregate  (cost=4552.45..4894.20 rows=34175 width=13) (actual rows=25020 loops=1)
  Group Key: a.follower, t_cte_11.c_count0
  Batches: 1  Memory Usage: 2833kB
  Buffers: shared hit=1068
  ->  Hash Join  (cost=2585.11..4381.58 rows=34175 width=13) (actual rows=50038 loops=1)
        Hash Cond: ((a.follower)::text = (t_cte_11.c_followee0)::text)
        Buffers: shared hit=1068
        ->  Seq Scan on follow a  (cost=0.00..1533.96 rows=99996 width=5) (actual rows=99996 loops=1)
              Buffers: shared hit=534
        ->  Hash  (cost=2373.12..2373.12 rows=16959 width=12) (actual rows=25021 loops=1)
              Buckets: 32768  Batches: 1  Memory Usage: 1371kB
              Buffers: shared hit=534
              ->  Subquery Scan on t_cte_11  (cost=2033.94..2373.12 rows=16959 width=12) (actual rows=25021 loops=1)
                    Buffers: shared hit=534
                    ->  HashAggregate  (cost=2033.94..2203.53 rows=16959 width=12) (actual rows=25021 loops=1)
                          Group Key: t_follow_0.followee
                          Batches: 1  Memory Usage: 2833kB
                          Buffers: shared hit=534
                          ->  Seq Scan on follow t_follow_0  (cost=0.00..1533.96 rows=99996 width=9) (actual rows=99996 loops=1)
                                Buffers: shared hit=534
Planning Time: 0.167 ms
Execution Time: 90.318 ms",88.228,4894.2,25020,"HashAggregate  (cost=4552.45..4894.20 rows=34175 width=13) (actual rows=25020 loops=1)
  Group Key: a.follower, t_cte_11.c_count0
  Batches: 1  Memory Usage: 2833kB
  Buffers: shared hit=1068
  ->  Hash Join  (cost=2585.11..4381.58 rows=34175 width=13) (actual rows=50038 loops=1)
        Hash Cond: ((a.follower)::text = (t_cte_11.c_followee0)::text)
        Buffers: shared hit=1068
        ->  Seq Scan on follow a  (cost=0.00..1533.96 rows=99996 width=5) (actual rows=99996 loops=1)
              Buffers: shared hit=534
        ->  Hash  (cost=2373.12..2373.12 rows=16959 width=12) (actual rows=25021 loops=1)
              Buckets: 32768  Batches: 1  Memory Usage: 1371kB
              Buffers: shared hit=534
              ->  Subquery Scan on t_cte_11  (cost=2033.94..2373.12 rows=16959 width=12) (actual rows=25021 loops=1)
                    Buffers: shared hit=534
                    ->  HashAggregate  (cost=2033.94..2203.53 rows=16959 width=12) (actual rows=25021 loops=1)
                          Group Key: t_follow_0.followee
                          Batches: 1  Memory Usage: 2833kB
                          Buffers: shared hit=534
                          ->  Seq Scan on follow t_follow_0  (cost=0.00..1533.96 rows=99996 width=9) (actual rows=99996 loops=1)
                                Buffers: shared hit=534
Planning Time: 0.161 ms
Execution Time: 88.228 ms",86.8,4894.2,25020,"HashAggregate  (cost=4552.45..4894.20 rows=34175 width=13) (actual rows=25020 loops=1)
  Group Key: a.follower, t_cte_11.c_count0
  Batches: 1  Memory Usage: 2833kB
  Buffers: shared hit=1068
  ->  Hash Join  (cost=2585.11..4381.58 rows=34175 width=13) (actual rows=50038 loops=1)
        Hash Cond: ((a.follower)::text = (t_cte_11.c_followee0)::text)
        Buffers: shared hit=1068
        ->  Seq Scan on follow a  (cost=0.00..1533.96 rows=99996 width=5) (actual rows=99996 loops=1)
              Buffers: shared hit=534
        ->  Hash  (cost=2373.12..2373.12 rows=16959 width=12) (actual rows=25021 loops=1)
              Buckets: 32768  Batches: 1  Memory Usage: 1371kB
              Buffers: shared hit=534
              ->  Subquery Scan on t_cte_11  (cost=2033.94..2373.12 rows=16959 width=12) (actual rows=25021 loops=1)
                    Buffers: shared hit=534
                    ->  HashAggregate  (cost=2033.94..2203.53 rows=16959 width=12) (actual rows=25021 loops=1)
                          Group Key: t_follow_0.followee
                          Batches: 1  Memory Usage: 2833kB
                          Buffers: shared hit=534
                          ->  Seq Scan on follow t_follow_0  (cost=0.00..1533.96 rows=99996 width=9) (actual rows=99996 loops=1)
                                Buffers: shared hit=534
Planning Time: 0.165 ms
Execution Time: 86.800 ms",85.0942,86.8,89.273,91.154,4894.2,4894.2,25020,25020,25020,25020
389,614,212,Medium,"select distinct t_follow_0.follower as follower, t_cte_1.c_count0 as num from (select count(t_follow_1.follower) as c_count0, t_follow_1.followee as c_followee0 from schema_614.follow as t_follow_1 group by t_follow_1.followee) as t_cte_1 inner join schema_614.follow as t_follow_0 on t_follow_0.follower = t_cte_1.c_followee0",76.465,4894.2,25020,"HashAggregate  (cost=4552.45..4894.20 rows=34175 width=13) (actual rows=25020 loops=1)
  Group Key: t_follow_0.follower, (count(t_follow_1.follower))
  Batches: 1  Memory Usage: 2833kB
  Buffers: shared hit=1068
  ->  Hash Join  (cost=2585.11..4381.58 rows=34175 width=13) (actual rows=50038 loops=1)
        Hash Cond: ((t_follow_0.follower)::text = (t_follow_1.followee)::text)
        Buffers: shared hit=1068
        ->  Seq Scan on follow t_follow_0  (cost=0.00..1533.96 rows=99996 width=5) (actual rows=99996 loops=1)
              Buffers: shared hit=534
        ->  Hash  (cost=2373.12..2373.12 rows=16959 width=12) (actual rows=25021 loops=1)
              Buckets: 32768  Batches: 1  Memory Usage: 1371kB
              Buffers: shared hit=534
              ->  HashAggregate  (cost=2033.94..2203.53 rows=16959 width=12) (actual rows=25021 loops=1)
                    Group Key: t_follow_1.followee
                    Batches: 1  Memory Usage: 2833kB
                    Buffers: shared hit=534
                    ->  Seq Scan on follow t_follow_1  (cost=0.00..1533.96 rows=99996 width=9) (actual rows=99996 loops=1)
                          Buffers: shared hit=534
Planning Time: 0.171 ms
Execution Time: 76.465 ms",85.339,4894.2,25020,"HashAggregate  (cost=4552.45..4894.20 rows=34175 width=13) (actual rows=25020 loops=1)
  Group Key: t_follow_0.follower, (count(t_follow_1.follower))
  Batches: 1  Memory Usage: 2833kB
  Buffers: shared hit=1068
  ->  Hash Join  (cost=2585.11..4381.58 rows=34175 width=13) (actual rows=50038 loops=1)
        Hash Cond: ((t_follow_0.follower)::text = (t_follow_1.followee)::text)
        Buffers: shared hit=1068
        ->  Seq Scan on follow t_follow_0  (cost=0.00..1533.96 rows=99996 width=5) (actual rows=99996 loops=1)
              Buffers: shared hit=534
        ->  Hash  (cost=2373.12..2373.12 rows=16959 width=12) (actual rows=25021 loops=1)
              Buckets: 32768  Batches: 1  Memory Usage: 1371kB
              Buffers: shared hit=534
              ->  HashAggregate  (cost=2033.94..2203.53 rows=16959 width=12) (actual rows=25021 loops=1)
                    Group Key: t_follow_1.followee
                    Batches: 1  Memory Usage: 2833kB
                    Buffers: shared hit=534
                    ->  Seq Scan on follow t_follow_1  (cost=0.00..1533.96 rows=99996 width=9) (actual rows=99996 loops=1)
                          Buffers: shared hit=534
Planning Time: 0.219 ms
Execution Time: 85.339 ms",84.302,4894.2,25020,"HashAggregate  (cost=4552.45..4894.20 rows=34175 width=13) (actual rows=25020 loops=1)
  Group Key: t_follow_0.follower, (count(t_follow_1.follower))
  Batches: 1  Memory Usage: 2833kB
  Buffers: shared hit=1068
  ->  Hash Join  (cost=2585.11..4381.58 rows=34175 width=13) (actual rows=50038 loops=1)
        Hash Cond: ((t_follow_0.follower)::text = (t_follow_1.followee)::text)
        Buffers: shared hit=1068
        ->  Seq Scan on follow t_follow_0  (cost=0.00..1533.96 rows=99996 width=5) (actual rows=99996 loops=1)
              Buffers: shared hit=534
        ->  Hash  (cost=2373.12..2373.12 rows=16959 width=12) (actual rows=25021 loops=1)
              Buckets: 32768  Batches: 1  Memory Usage: 1371kB
              Buffers: shared hit=534
              ->  HashAggregate  (cost=2033.94..2203.53 rows=16959 width=12) (actual rows=25021 loops=1)
                    Group Key: t_follow_1.followee
                    Batches: 1  Memory Usage: 2833kB
                    Buffers: shared hit=534
                    ->  Seq Scan on follow t_follow_1  (cost=0.00..1533.96 rows=99996 width=9) (actual rows=99996 loops=1)
                          Buffers: shared hit=534
Planning Time: 0.148 ms
Execution Time: 84.302 ms",83.96,4894.2,25020,"HashAggregate  (cost=4552.45..4894.20 rows=34175 width=13) (actual rows=25020 loops=1)
  Group Key: t_follow_0.follower, (count(t_follow_1.follower))
  Batches: 1  Memory Usage: 2833kB
  Buffers: shared hit=1068
  ->  Hash Join  (cost=2585.11..4381.58 rows=34175 width=13) (actual rows=50038 loops=1)
        Hash Cond: ((t_follow_0.follower)::text = (t_follow_1.followee)::text)
        Buffers: shared hit=1068
        ->  Seq Scan on follow t_follow_0  (cost=0.00..1533.96 rows=99996 width=5) (actual rows=99996 loops=1)
              Buffers: shared hit=534
        ->  Hash  (cost=2373.12..2373.12 rows=16959 width=12) (actual rows=25021 loops=1)
              Buckets: 32768  Batches: 1  Memory Usage: 1371kB
              Buffers: shared hit=534
              ->  HashAggregate  (cost=2033.94..2203.53 rows=16959 width=12) (actual rows=25021 loops=1)
                    Group Key: t_follow_1.followee
                    Batches: 1  Memory Usage: 2833kB
                    Buffers: shared hit=534
                    ->  Seq Scan on follow t_follow_1  (cost=0.00..1533.96 rows=99996 width=9) (actual rows=99996 loops=1)
                          Buffers: shared hit=534
Planning Time: 0.190 ms
Execution Time: 83.960 ms",85.939,4894.2,25020,"HashAggregate  (cost=4552.45..4894.20 rows=34175 width=13) (actual rows=25020 loops=1)
  Group Key: t_follow_0.follower, (count(t_follow_1.follower))
  Batches: 1  Memory Usage: 2833kB
  Buffers: shared hit=1068
  ->  Hash Join  (cost=2585.11..4381.58 rows=34175 width=13) (actual rows=50038 loops=1)
        Hash Cond: ((t_follow_0.follower)::text = (t_follow_1.followee)::text)
        Buffers: shared hit=1068
        ->  Seq Scan on follow t_follow_0  (cost=0.00..1533.96 rows=99996 width=5) (actual rows=99996 loops=1)
              Buffers: shared hit=534
        ->  Hash  (cost=2373.12..2373.12 rows=16959 width=12) (actual rows=25021 loops=1)
              Buckets: 32768  Batches: 1  Memory Usage: 1371kB
              Buffers: shared hit=534
              ->  HashAggregate  (cost=2033.94..2203.53 rows=16959 width=12) (actual rows=25021 loops=1)
                    Group Key: t_follow_1.followee
                    Batches: 1  Memory Usage: 2833kB
                    Buffers: shared hit=534
                    ->  Seq Scan on follow t_follow_1  (cost=0.00..1533.96 rows=99996 width=9) (actual rows=99996 loops=1)
                          Buffers: shared hit=534
Planning Time: 0.161 ms
Execution Time: 85.939 ms",83.201,84.302,85.639,86.179,4894.2,4894.2,25020,25020,25020,25020
390,614,220,Medium,"select t_cte_10.c_follower0 as follower, count(f2.follower) as num from (select f.follower as c_follower0 from schema_614.follow as f group by f.follower) as t_cte_10 inner join schema_614.follow as f2 on t_cte_10.c_follower0 = f2.followee group by t_cte_10.c_follower0",104.09,6658.12,25020,"HashAggregate  (cost=6656.12..6658.12 rows=200 width=13) (actual rows=25020 loops=1)
  Group Key: f.follower
  Batches: 1  Memory Usage: 2849kB
  Buffers: shared hit=1068, temp read=8 written=31
  ->  Hash Join  (cost=3396.67..5193.18 rows=292588 width=10) (actual rows=99704 loops=1)
        Hash Cond: ((f2.followee)::text = (f.follower)::text)
        Buffers: shared hit=1068, temp read=8 written=31
        ->  Seq Scan on follow f2  (cost=0.00..1533.96 rows=99996 width=9) (actual rows=99996 loops=1)
              Buffers: shared hit=534
        ->  Hash  (cost=2776.39..2776.39 rows=49622 width=5) (actual rows=49999 loops=1)
              Buckets: 65536  Batches: 1  Memory Usage: 2357kB
              Buffers: shared hit=534, temp read=8 written=31
              ->  HashAggregate  (cost=1783.95..2280.17 rows=49622 width=5) (actual rows=49999 loops=1)
                    Group Key: f.follower
                    Batches: 5  Memory Usage: 4145kB  Disk Usage: 208kB
                    Buffers: shared hit=534, temp read=8 written=31
                    ->  Seq Scan on follow f  (cost=0.00..1533.96 rows=99996 width=5) (actual rows=99996 loops=1)
                          Buffers: shared hit=534
Planning Time: 0.113 ms
Execution Time: 104.090 ms",112.721,6658.12,25020,"HashAggregate  (cost=6656.12..6658.12 rows=200 width=13) (actual rows=25020 loops=1)
  Group Key: f.follower
  Batches: 1  Memory Usage: 2849kB
  Buffers: shared hit=1068, temp read=8 written=31
  ->  Hash Join  (cost=3396.67..5193.18 rows=292588 width=10) (actual rows=99704 loops=1)
        Hash Cond: ((f2.followee)::text = (f.follower)::text)
        Buffers: shared hit=1068, temp read=8 written=31
        ->  Seq Scan on follow f2  (cost=0.00..1533.96 rows=99996 width=9) (actual rows=99996 loops=1)
              Buffers: shared hit=534
        ->  Hash  (cost=2776.39..2776.39 rows=49622 width=5) (actual rows=49999 loops=1)
              Buckets: 65536  Batches: 1  Memory Usage: 2357kB
              Buffers: shared hit=534, temp read=8 written=31
              ->  HashAggregate  (cost=1783.95..2280.17 rows=49622 width=5) (actual rows=49999 loops=1)
                    Group Key: f.follower
                    Batches: 5  Memory Usage: 4145kB  Disk Usage: 208kB
                    Buffers: shared hit=534, temp read=8 written=31
                    ->  Seq Scan on follow f  (cost=0.00..1533.96 rows=99996 width=5) (actual rows=99996 loops=1)
                          Buffers: shared hit=534
Planning Time: 0.181 ms
Execution Time: 112.721 ms",108.901,6658.12,25020,"HashAggregate  (cost=6656.12..6658.12 rows=200 width=13) (actual rows=25020 loops=1)
  Group Key: f.follower
  Batches: 1  Memory Usage: 2849kB
  Buffers: shared hit=1068, temp read=8 written=31
  ->  Hash Join  (cost=3396.67..5193.18 rows=292588 width=10) (actual rows=99704 loops=1)
        Hash Cond: ((f2.followee)::text = (f.follower)::text)
        Buffers: shared hit=1068, temp read=8 written=31
        ->  Seq Scan on follow f2  (cost=0.00..1533.96 rows=99996 width=9) (actual rows=99996 loops=1)
              Buffers: shared hit=534
        ->  Hash  (cost=2776.39..2776.39 rows=49622 width=5) (actual rows=49999 loops=1)
              Buckets: 65536  Batches: 1  Memory Usage: 2357kB
              Buffers: shared hit=534, temp read=8 written=31
              ->  HashAggregate  (cost=1783.95..2280.17 rows=49622 width=5) (actual rows=49999 loops=1)
                    Group Key: f.follower
                    Batches: 5  Memory Usage: 4145kB  Disk Usage: 208kB
                    Buffers: shared hit=534, temp read=8 written=31
                    ->  Seq Scan on follow f  (cost=0.00..1533.96 rows=99996 width=5) (actual rows=99996 loops=1)
                          Buffers: shared hit=534
Planning Time: 0.147 ms
Execution Time: 108.901 ms",113.116,6658.12,25020,"HashAggregate  (cost=6656.12..6658.12 rows=200 width=13) (actual rows=25020 loops=1)
  Group Key: f.follower
  Batches: 1  Memory Usage: 2849kB
  Buffers: shared hit=1068, temp read=8 written=31
  ->  Hash Join  (cost=3396.67..5193.18 rows=292588 width=10) (actual rows=99704 loops=1)
        Hash Cond: ((f2.followee)::text = (f.follower)::text)
        Buffers: shared hit=1068, temp read=8 written=31
        ->  Seq Scan on follow f2  (cost=0.00..1533.96 rows=99996 width=9) (actual rows=99996 loops=1)
              Buffers: shared hit=534
        ->  Hash  (cost=2776.39..2776.39 rows=49622 width=5) (actual rows=49999 loops=1)
              Buckets: 65536  Batches: 1  Memory Usage: 2357kB
              Buffers: shared hit=534, temp read=8 written=31
              ->  HashAggregate  (cost=1783.95..2280.17 rows=49622 width=5) (actual rows=49999 loops=1)
                    Group Key: f.follower
                    Batches: 5  Memory Usage: 4145kB  Disk Usage: 208kB
                    Buffers: shared hit=534, temp read=8 written=31
                    ->  Seq Scan on follow f  (cost=0.00..1533.96 rows=99996 width=5) (actual rows=99996 loops=1)
                          Buffers: shared hit=534
Planning Time: 0.164 ms
Execution Time: 113.116 ms",110.158,6658.12,25020,"HashAggregate  (cost=6656.12..6658.12 rows=200 width=13) (actual rows=25020 loops=1)
  Group Key: f.follower
  Batches: 1  Memory Usage: 2849kB
  Buffers: shared hit=1068, temp read=8 written=31
  ->  Hash Join  (cost=3396.67..5193.18 rows=292588 width=10) (actual rows=99704 loops=1)
        Hash Cond: ((f2.followee)::text = (f.follower)::text)
        Buffers: shared hit=1068, temp read=8 written=31
        ->  Seq Scan on follow f2  (cost=0.00..1533.96 rows=99996 width=9) (actual rows=99996 loops=1)
              Buffers: shared hit=534
        ->  Hash  (cost=2776.39..2776.39 rows=49622 width=5) (actual rows=49999 loops=1)
              Buckets: 65536  Batches: 1  Memory Usage: 2357kB
              Buffers: shared hit=534, temp read=8 written=31
              ->  HashAggregate  (cost=1783.95..2280.17 rows=49622 width=5) (actual rows=49999 loops=1)
                    Group Key: f.follower
                    Batches: 5  Memory Usage: 4145kB  Disk Usage: 208kB
                    Buffers: shared hit=534, temp read=8 written=31
                    ->  Seq Scan on follow f  (cost=0.00..1533.96 rows=99996 width=5) (actual rows=99996 loops=1)
                          Buffers: shared hit=534
Planning Time: 0.165 ms
Execution Time: 110.158 ms",109.7972,110.158,112.9185,113.274,6658.12,6658.12,25020,25020,25020,25020
391,614,222,Medium,"select t_cte_1.c_follower0 as follower, count(f1.follower) as num from schema_614.follow as f1 inner join (select f.follower as c_follower0 from schema_614.follow as f group by f.follower) as t_cte_1 on t_cte_1.c_follower0 = f1.followee group by t_cte_1.c_follower0",99.157,6658.12,25020,"HashAggregate  (cost=6656.12..6658.12 rows=200 width=13) (actual rows=25020 loops=1)
  Group Key: f.follower
  Batches: 1  Memory Usage: 2849kB
  Buffers: shared hit=1068, temp read=8 written=31
  ->  Hash Join  (cost=3396.67..5193.18 rows=292588 width=10) (actual rows=99704 loops=1)
        Hash Cond: ((f1.followee)::text = (f.follower)::text)
        Buffers: shared hit=1068, temp read=8 written=31
        ->  Seq Scan on follow f1  (cost=0.00..1533.96 rows=99996 width=9) (actual rows=99996 loops=1)
              Buffers: shared hit=534
        ->  Hash  (cost=2776.39..2776.39 rows=49622 width=5) (actual rows=49999 loops=1)
              Buckets: 65536  Batches: 1  Memory Usage: 2357kB
              Buffers: shared hit=534, temp read=8 written=31
              ->  HashAggregate  (cost=1783.95..2280.17 rows=49622 width=5) (actual rows=49999 loops=1)
                    Group Key: f.follower
                    Batches: 5  Memory Usage: 4145kB  Disk Usage: 208kB
                    Buffers: shared hit=534, temp read=8 written=31
                    ->  Seq Scan on follow f  (cost=0.00..1533.96 rows=99996 width=5) (actual rows=99996 loops=1)
                          Buffers: shared hit=534
Planning Time: 0.148 ms
Execution Time: 99.157 ms",109.596,6658.12,25020,"HashAggregate  (cost=6656.12..6658.12 rows=200 width=13) (actual rows=25020 loops=1)
  Group Key: f.follower
  Batches: 1  Memory Usage: 2849kB
  Buffers: shared hit=1068, temp read=8 written=31
  ->  Hash Join  (cost=3396.67..5193.18 rows=292588 width=10) (actual rows=99704 loops=1)
        Hash Cond: ((f1.followee)::text = (f.follower)::text)
        Buffers: shared hit=1068, temp read=8 written=31
        ->  Seq Scan on follow f1  (cost=0.00..1533.96 rows=99996 width=9) (actual rows=99996 loops=1)
              Buffers: shared hit=534
        ->  Hash  (cost=2776.39..2776.39 rows=49622 width=5) (actual rows=49999 loops=1)
              Buckets: 65536  Batches: 1  Memory Usage: 2357kB
              Buffers: shared hit=534, temp read=8 written=31
              ->  HashAggregate  (cost=1783.95..2280.17 rows=49622 width=5) (actual rows=49999 loops=1)
                    Group Key: f.follower
                    Batches: 5  Memory Usage: 4145kB  Disk Usage: 208kB
                    Buffers: shared hit=534, temp read=8 written=31
                    ->  Seq Scan on follow f  (cost=0.00..1533.96 rows=99996 width=5) (actual rows=99996 loops=1)
                          Buffers: shared hit=534
Planning Time: 0.247 ms
Execution Time: 109.596 ms",108.116,6658.12,25020,"HashAggregate  (cost=6656.12..6658.12 rows=200 width=13) (actual rows=25020 loops=1)
  Group Key: f.follower
  Batches: 1  Memory Usage: 2849kB
  Buffers: shared hit=1068, temp read=8 written=31
  ->  Hash Join  (cost=3396.67..5193.18 rows=292588 width=10) (actual rows=99704 loops=1)
        Hash Cond: ((f1.followee)::text = (f.follower)::text)
        Buffers: shared hit=1068, temp read=8 written=31
        ->  Seq Scan on follow f1  (cost=0.00..1533.96 rows=99996 width=9) (actual rows=99996 loops=1)
              Buffers: shared hit=534
        ->  Hash  (cost=2776.39..2776.39 rows=49622 width=5) (actual rows=49999 loops=1)
              Buckets: 65536  Batches: 1  Memory Usage: 2357kB
              Buffers: shared hit=534, temp read=8 written=31
              ->  HashAggregate  (cost=1783.95..2280.17 rows=49622 width=5) (actual rows=49999 loops=1)
                    Group Key: f.follower
                    Batches: 5  Memory Usage: 4145kB  Disk Usage: 208kB
                    Buffers: shared hit=534, temp read=8 written=31
                    ->  Seq Scan on follow f  (cost=0.00..1533.96 rows=99996 width=5) (actual rows=99996 loops=1)
                          Buffers: shared hit=534
Planning Time: 0.237 ms
Execution Time: 108.116 ms",107.253,6658.12,25020,"HashAggregate  (cost=6656.12..6658.12 rows=200 width=13) (actual rows=25020 loops=1)
  Group Key: f.follower
  Batches: 1  Memory Usage: 2849kB
  Buffers: shared hit=1068, temp read=8 written=31
  ->  Hash Join  (cost=3396.67..5193.18 rows=292588 width=10) (actual rows=99704 loops=1)
        Hash Cond: ((f1.followee)::text = (f.follower)::text)
        Buffers: shared hit=1068, temp read=8 written=31
        ->  Seq Scan on follow f1  (cost=0.00..1533.96 rows=99996 width=9) (actual rows=99996 loops=1)
              Buffers: shared hit=534
        ->  Hash  (cost=2776.39..2776.39 rows=49622 width=5) (actual rows=49999 loops=1)
              Buckets: 65536  Batches: 1  Memory Usage: 2357kB
              Buffers: shared hit=534, temp read=8 written=31
              ->  HashAggregate  (cost=1783.95..2280.17 rows=49622 width=5) (actual rows=49999 loops=1)
                    Group Key: f.follower
                    Batches: 5  Memory Usage: 4145kB  Disk Usage: 208kB
                    Buffers: shared hit=534, temp read=8 written=31
                    ->  Seq Scan on follow f  (cost=0.00..1533.96 rows=99996 width=5) (actual rows=99996 loops=1)
                          Buffers: shared hit=534
Planning Time: 0.284 ms
Execution Time: 107.253 ms",108.413,6658.12,25020,"HashAggregate  (cost=6656.12..6658.12 rows=200 width=13) (actual rows=25020 loops=1)
  Group Key: f.follower
  Batches: 1  Memory Usage: 2849kB
  Buffers: shared hit=1068, temp read=8 written=31
  ->  Hash Join  (cost=3396.67..5193.18 rows=292588 width=10) (actual rows=99704 loops=1)
        Hash Cond: ((f1.followee)::text = (f.follower)::text)
        Buffers: shared hit=1068, temp read=8 written=31
        ->  Seq Scan on follow f1  (cost=0.00..1533.96 rows=99996 width=9) (actual rows=99996 loops=1)
              Buffers: shared hit=534
        ->  Hash  (cost=2776.39..2776.39 rows=49622 width=5) (actual rows=49999 loops=1)
              Buckets: 65536  Batches: 1  Memory Usage: 2357kB
              Buffers: shared hit=534, temp read=8 written=31
              ->  HashAggregate  (cost=1783.95..2280.17 rows=49622 width=5) (actual rows=49999 loops=1)
                    Group Key: f.follower
                    Batches: 5  Memory Usage: 4145kB  Disk Usage: 208kB
                    Buffers: shared hit=534, temp read=8 written=31
                    ->  Seq Scan on follow f  (cost=0.00..1533.96 rows=99996 width=5) (actual rows=99996 loops=1)
                          Buffers: shared hit=534
Planning Time: 0.205 ms
Execution Time: 108.413 ms",106.507,108.116,109.0045,110.0692,6658.12,6658.12,25020,25020,25020,25020
392,614,225,Medium,"select distinct t_cte_13.c_followee0 as follower, t_cte_13.c_count0 as num from (select count(f1.follower) as c_count0, f1.followee as c_followee0 from schema_614.follow as f1 group by f1.followee) as t_cte_13 inner join schema_614.follow as f2 on t_cte_13.c_followee0 = f2.follower",75.502,4569.41,25020,"HashAggregate  (cost=4552.45..4569.41 rows=1696 width=12) (actual rows=25020 loops=1)
  Group Key: t_cte_13.c_followee0, t_cte_13.c_count0
  Batches: 1  Memory Usage: 2065kB
  Buffers: shared hit=1068
  ->  Hash Join  (cost=2585.11..4381.58 rows=34175 width=12) (actual rows=50038 loops=1)
        Hash Cond: ((f2.follower)::text = (t_cte_13.c_followee0)::text)
        Buffers: shared hit=1068
        ->  Seq Scan on follow f2  (cost=0.00..1533.96 rows=99996 width=5) (actual rows=99996 loops=1)
              Buffers: shared hit=534
        ->  Hash  (cost=2373.12..2373.12 rows=16959 width=12) (actual rows=25021 loops=1)
              Buckets: 32768  Batches: 1  Memory Usage: 1429kB
              Buffers: shared hit=534
              ->  Subquery Scan on t_cte_13  (cost=2033.94..2373.12 rows=16959 width=12) (actual rows=25021 loops=1)
                    Buffers: shared hit=534
                    ->  HashAggregate  (cost=2033.94..2203.53 rows=16959 width=12) (actual rows=25021 loops=1)
                          Group Key: f1.followee
                          Batches: 1  Memory Usage: 2833kB
                          Buffers: shared hit=534
                          ->  Seq Scan on follow f1  (cost=0.00..1533.96 rows=99996 width=9) (actual rows=99996 loops=1)
                                Buffers: shared hit=534
Planning Time: 0.113 ms
Execution Time: 75.502 ms",89.703,4569.41,25020,"HashAggregate  (cost=4552.45..4569.41 rows=1696 width=12) (actual rows=25020 loops=1)
  Group Key: t_cte_13.c_followee0, t_cte_13.c_count0
  Batches: 1  Memory Usage: 2065kB
  Buffers: shared hit=1068
  ->  Hash Join  (cost=2585.11..4381.58 rows=34175 width=12) (actual rows=50038 loops=1)
        Hash Cond: ((f2.follower)::text = (t_cte_13.c_followee0)::text)
        Buffers: shared hit=1068
        ->  Seq Scan on follow f2  (cost=0.00..1533.96 rows=99996 width=5) (actual rows=99996 loops=1)
              Buffers: shared hit=534
        ->  Hash  (cost=2373.12..2373.12 rows=16959 width=12) (actual rows=25021 loops=1)
              Buckets: 32768  Batches: 1  Memory Usage: 1429kB
              Buffers: shared hit=534
              ->  Subquery Scan on t_cte_13  (cost=2033.94..2373.12 rows=16959 width=12) (actual rows=25021 loops=1)
                    Buffers: shared hit=534
                    ->  HashAggregate  (cost=2033.94..2203.53 rows=16959 width=12) (actual rows=25021 loops=1)
                          Group Key: f1.followee
                          Batches: 1  Memory Usage: 2833kB
                          Buffers: shared hit=534
                          ->  Seq Scan on follow f1  (cost=0.00..1533.96 rows=99996 width=9) (actual rows=99996 loops=1)
                                Buffers: shared hit=534
Planning Time: 0.157 ms
Execution Time: 89.703 ms",87.109,4569.41,25020,"HashAggregate  (cost=4552.45..4569.41 rows=1696 width=12) (actual rows=25020 loops=1)
  Group Key: t_cte_13.c_followee0, t_cte_13.c_count0
  Batches: 1  Memory Usage: 2065kB
  Buffers: shared hit=1068
  ->  Hash Join  (cost=2585.11..4381.58 rows=34175 width=12) (actual rows=50038 loops=1)
        Hash Cond: ((f2.follower)::text = (t_cte_13.c_followee0)::text)
        Buffers: shared hit=1068
        ->  Seq Scan on follow f2  (cost=0.00..1533.96 rows=99996 width=5) (actual rows=99996 loops=1)
              Buffers: shared hit=534
        ->  Hash  (cost=2373.12..2373.12 rows=16959 width=12) (actual rows=25021 loops=1)
              Buckets: 32768  Batches: 1  Memory Usage: 1429kB
              Buffers: shared hit=534
              ->  Subquery Scan on t_cte_13  (cost=2033.94..2373.12 rows=16959 width=12) (actual rows=25021 loops=1)
                    Buffers: shared hit=534
                    ->  HashAggregate  (cost=2033.94..2203.53 rows=16959 width=12) (actual rows=25021 loops=1)
                          Group Key: f1.followee
                          Batches: 1  Memory Usage: 2833kB
                          Buffers: shared hit=534
                          ->  Seq Scan on follow f1  (cost=0.00..1533.96 rows=99996 width=9) (actual rows=99996 loops=1)
                                Buffers: shared hit=534
Planning Time: 0.180 ms
Execution Time: 87.109 ms",85.197,4569.41,25020,"HashAggregate  (cost=4552.45..4569.41 rows=1696 width=12) (actual rows=25020 loops=1)
  Group Key: t_cte_13.c_followee0, t_cte_13.c_count0
  Batches: 1  Memory Usage: 2065kB
  Buffers: shared hit=1068
  ->  Hash Join  (cost=2585.11..4381.58 rows=34175 width=12) (actual rows=50038 loops=1)
        Hash Cond: ((f2.follower)::text = (t_cte_13.c_followee0)::text)
        Buffers: shared hit=1068
        ->  Seq Scan on follow f2  (cost=0.00..1533.96 rows=99996 width=5) (actual rows=99996 loops=1)
              Buffers: shared hit=534
        ->  Hash  (cost=2373.12..2373.12 rows=16959 width=12) (actual rows=25021 loops=1)
              Buckets: 32768  Batches: 1  Memory Usage: 1429kB
              Buffers: shared hit=534
              ->  Subquery Scan on t_cte_13  (cost=2033.94..2373.12 rows=16959 width=12) (actual rows=25021 loops=1)
                    Buffers: shared hit=534
                    ->  HashAggregate  (cost=2033.94..2203.53 rows=16959 width=12) (actual rows=25021 loops=1)
                          Group Key: f1.followee
                          Batches: 1  Memory Usage: 2833kB
                          Buffers: shared hit=534
                          ->  Seq Scan on follow f1  (cost=0.00..1533.96 rows=99996 width=9) (actual rows=99996 loops=1)
                                Buffers: shared hit=534
Planning Time: 0.204 ms
Execution Time: 85.197 ms",95.533,4569.41,25020,"HashAggregate  (cost=4552.45..4569.41 rows=1696 width=12) (actual rows=25020 loops=1)
  Group Key: t_cte_13.c_followee0, t_cte_13.c_count0
  Batches: 1  Memory Usage: 2065kB
  Buffers: shared hit=1068
  ->  Hash Join  (cost=2585.11..4381.58 rows=34175 width=12) (actual rows=50038 loops=1)
        Hash Cond: ((f2.follower)::text = (t_cte_13.c_followee0)::text)
        Buffers: shared hit=1068
        ->  Seq Scan on follow f2  (cost=0.00..1533.96 rows=99996 width=5) (actual rows=99996 loops=1)
              Buffers: shared hit=534
        ->  Hash  (cost=2373.12..2373.12 rows=16959 width=12) (actual rows=25021 loops=1)
              Buckets: 32768  Batches: 1  Memory Usage: 1429kB
              Buffers: shared hit=534
              ->  Subquery Scan on t_cte_13  (cost=2033.94..2373.12 rows=16959 width=12) (actual rows=25021 loops=1)
                    Buffers: shared hit=534
                    ->  HashAggregate  (cost=2033.94..2203.53 rows=16959 width=12) (actual rows=25021 loops=1)
                          Group Key: f1.followee
                          Batches: 1  Memory Usage: 2833kB
                          Buffers: shared hit=534
                          ->  Seq Scan on follow f1  (cost=0.00..1533.96 rows=99996 width=9) (actual rows=99996 loops=1)
                                Buffers: shared hit=534
Planning Time: 0.186 ms
Execution Time: 95.533 ms",86.6088,87.109,92.618,97.865,4569.41,4569.41,25020,25020,25020,25020
393,614,228,Medium,"select distinct t_cte_0.c_followee0 as follower, t_cte_0.c_count0 as num from (select t_follow_1.follower as c_follower0 from schema_614.follow as t_follow_1) as f2 inner join (select count(t_follow_0.follower) as c_count0, t_follow_0.followee as c_followee0 from schema_614.follow as t_follow_0 group by t_follow_0.followee) as t_cte_0 on t_cte_0.c_followee0 = f2.c_follower0",91.59,4569.41,25020,"HashAggregate  (cost=4552.45..4569.41 rows=1696 width=12) (actual rows=25020 loops=1)
  Group Key: t_cte_0.c_followee0, t_cte_0.c_count0
  Batches: 1  Memory Usage: 2065kB
  Buffers: shared hit=1068
  ->  Hash Join  (cost=2585.11..4381.58 rows=34175 width=12) (actual rows=50038 loops=1)
        Hash Cond: ((t_follow_1.follower)::text = (t_cte_0.c_followee0)::text)
        Buffers: shared hit=1068
        ->  Seq Scan on follow t_follow_1  (cost=0.00..1533.96 rows=99996 width=5) (actual rows=99996 loops=1)
              Buffers: shared hit=534
        ->  Hash  (cost=2373.12..2373.12 rows=16959 width=12) (actual rows=25021 loops=1)
              Buckets: 32768  Batches: 1  Memory Usage: 1429kB
              Buffers: shared hit=534
              ->  Subquery Scan on t_cte_0  (cost=2033.94..2373.12 rows=16959 width=12) (actual rows=25021 loops=1)
                    Buffers: shared hit=534
                    ->  HashAggregate  (cost=2033.94..2203.53 rows=16959 width=12) (actual rows=25021 loops=1)
                          Group Key: t_follow_0.followee
                          Batches: 1  Memory Usage: 2833kB
                          Buffers: shared hit=534
                          ->  Seq Scan on follow t_follow_0  (cost=0.00..1533.96 rows=99996 width=9) (actual rows=99996 loops=1)
                                Buffers: shared hit=534
Planning Time: 0.195 ms
Execution Time: 91.590 ms",86.902,4569.41,25020,"HashAggregate  (cost=4552.45..4569.41 rows=1696 width=12) (actual rows=25020 loops=1)
  Group Key: t_cte_0.c_followee0, t_cte_0.c_count0
  Batches: 1  Memory Usage: 2065kB
  Buffers: shared hit=1068
  ->  Hash Join  (cost=2585.11..4381.58 rows=34175 width=12) (actual rows=50038 loops=1)
        Hash Cond: ((t_follow_1.follower)::text = (t_cte_0.c_followee0)::text)
        Buffers: shared hit=1068
        ->  Seq Scan on follow t_follow_1  (cost=0.00..1533.96 rows=99996 width=5) (actual rows=99996 loops=1)
              Buffers: shared hit=534
        ->  Hash  (cost=2373.12..2373.12 rows=16959 width=12) (actual rows=25021 loops=1)
              Buckets: 32768  Batches: 1  Memory Usage: 1429kB
              Buffers: shared hit=534
              ->  Subquery Scan on t_cte_0  (cost=2033.94..2373.12 rows=16959 width=12) (actual rows=25021 loops=1)
                    Buffers: shared hit=534
                    ->  HashAggregate  (cost=2033.94..2203.53 rows=16959 width=12) (actual rows=25021 loops=1)
                          Group Key: t_follow_0.followee
                          Batches: 1  Memory Usage: 2833kB
                          Buffers: shared hit=534
                          ->  Seq Scan on follow t_follow_0  (cost=0.00..1533.96 rows=99996 width=9) (actual rows=99996 loops=1)
                                Buffers: shared hit=534
Planning Time: 0.331 ms
Execution Time: 86.902 ms",86.232,4569.41,25020,"HashAggregate  (cost=4552.45..4569.41 rows=1696 width=12) (actual rows=25020 loops=1)
  Group Key: t_cte_0.c_followee0, t_cte_0.c_count0
  Batches: 1  Memory Usage: 2065kB
  Buffers: shared hit=1068
  ->  Hash Join  (cost=2585.11..4381.58 rows=34175 width=12) (actual rows=50038 loops=1)
        Hash Cond: ((t_follow_1.follower)::text = (t_cte_0.c_followee0)::text)
        Buffers: shared hit=1068
        ->  Seq Scan on follow t_follow_1  (cost=0.00..1533.96 rows=99996 width=5) (actual rows=99996 loops=1)
              Buffers: shared hit=534
        ->  Hash  (cost=2373.12..2373.12 rows=16959 width=12) (actual rows=25021 loops=1)
              Buckets: 32768  Batches: 1  Memory Usage: 1429kB
              Buffers: shared hit=534
              ->  Subquery Scan on t_cte_0  (cost=2033.94..2373.12 rows=16959 width=12) (actual rows=25021 loops=1)
                    Buffers: shared hit=534
                    ->  HashAggregate  (cost=2033.94..2203.53 rows=16959 width=12) (actual rows=25021 loops=1)
                          Group Key: t_follow_0.followee
                          Batches: 1  Memory Usage: 2833kB
                          Buffers: shared hit=534
                          ->  Seq Scan on follow t_follow_0  (cost=0.00..1533.96 rows=99996 width=9) (actual rows=99996 loops=1)
                                Buffers: shared hit=534
Planning Time: 0.176 ms
Execution Time: 86.232 ms",88.629,4569.41,25020,"HashAggregate  (cost=4552.45..4569.41 rows=1696 width=12) (actual rows=25020 loops=1)
  Group Key: t_cte_0.c_followee0, t_cte_0.c_count0
  Batches: 1  Memory Usage: 2065kB
  Buffers: shared hit=1068
  ->  Hash Join  (cost=2585.11..4381.58 rows=34175 width=12) (actual rows=50038 loops=1)
        Hash Cond: ((t_follow_1.follower)::text = (t_cte_0.c_followee0)::text)
        Buffers: shared hit=1068
        ->  Seq Scan on follow t_follow_1  (cost=0.00..1533.96 rows=99996 width=5) (actual rows=99996 loops=1)
              Buffers: shared hit=534
        ->  Hash  (cost=2373.12..2373.12 rows=16959 width=12) (actual rows=25021 loops=1)
              Buckets: 32768  Batches: 1  Memory Usage: 1429kB
              Buffers: shared hit=534
              ->  Subquery Scan on t_cte_0  (cost=2033.94..2373.12 rows=16959 width=12) (actual rows=25021 loops=1)
                    Buffers: shared hit=534
                    ->  HashAggregate  (cost=2033.94..2203.53 rows=16959 width=12) (actual rows=25021 loops=1)
                          Group Key: t_follow_0.followee
                          Batches: 1  Memory Usage: 2833kB
                          Buffers: shared hit=534
                          ->  Seq Scan on follow t_follow_0  (cost=0.00..1533.96 rows=99996 width=9) (actual rows=99996 loops=1)
                                Buffers: shared hit=534
Planning Time: 0.176 ms
Execution Time: 88.629 ms",91.79,4569.41,25020,"HashAggregate  (cost=4552.45..4569.41 rows=1696 width=12) (actual rows=25020 loops=1)
  Group Key: t_cte_0.c_followee0, t_cte_0.c_count0
  Batches: 1  Memory Usage: 2065kB
  Buffers: shared hit=1068
  ->  Hash Join  (cost=2585.11..4381.58 rows=34175 width=12) (actual rows=50038 loops=1)
        Hash Cond: ((t_follow_1.follower)::text = (t_cte_0.c_followee0)::text)
        Buffers: shared hit=1068
        ->  Seq Scan on follow t_follow_1  (cost=0.00..1533.96 rows=99996 width=5) (actual rows=99996 loops=1)
              Buffers: shared hit=534
        ->  Hash  (cost=2373.12..2373.12 rows=16959 width=12) (actual rows=25021 loops=1)
              Buckets: 32768  Batches: 1  Memory Usage: 1429kB
              Buffers: shared hit=534
              ->  Subquery Scan on t_cte_0  (cost=2033.94..2373.12 rows=16959 width=12) (actual rows=25021 loops=1)
                    Buffers: shared hit=534
                    ->  HashAggregate  (cost=2033.94..2203.53 rows=16959 width=12) (actual rows=25021 loops=1)
                          Group Key: t_follow_0.followee
                          Batches: 1  Memory Usage: 2833kB
                          Buffers: shared hit=534
                          ->  Seq Scan on follow t_follow_0  (cost=0.00..1533.96 rows=99996 width=9) (actual rows=99996 loops=1)
                                Buffers: shared hit=534
Planning Time: 0.185 ms
Execution Time: 91.790 ms",89.0286,88.629,91.69,91.87,4569.41,4569.41,25020,25020,25020,25020
395,614,237,Medium,"select t_cte_1.c_follower0 as follower, count(f2.follower) as num from (select f1.follower as c_follower0 from schema_614.follow as f1 group by f1.follower) as t_cte_1 inner join schema_614.follow as f2 on t_cte_1.c_follower0 = f2.followee group by t_cte_1.c_follower0",99.227,6658.12,25020,"HashAggregate  (cost=6656.12..6658.12 rows=200 width=13) (actual rows=25020 loops=1)
  Group Key: f1.follower
  Batches: 1  Memory Usage: 2849kB
  Buffers: shared hit=1068, temp read=8 written=31
  ->  Hash Join  (cost=3396.67..5193.18 rows=292588 width=10) (actual rows=99704 loops=1)
        Hash Cond: ((f2.followee)::text = (f1.follower)::text)
        Buffers: shared hit=1068, temp read=8 written=31
        ->  Seq Scan on follow f2  (cost=0.00..1533.96 rows=99996 width=9) (actual rows=99996 loops=1)
              Buffers: shared hit=534
        ->  Hash  (cost=2776.39..2776.39 rows=49622 width=5) (actual rows=49999 loops=1)
              Buckets: 65536  Batches: 1  Memory Usage: 2357kB
              Buffers: shared hit=534, temp read=8 written=31
              ->  HashAggregate  (cost=1783.95..2280.17 rows=49622 width=5) (actual rows=49999 loops=1)
                    Group Key: f1.follower
                    Batches: 5  Memory Usage: 4145kB  Disk Usage: 208kB
                    Buffers: shared hit=534, temp read=8 written=31
                    ->  Seq Scan on follow f1  (cost=0.00..1533.96 rows=99996 width=5) (actual rows=99996 loops=1)
                          Buffers: shared hit=534
Planning Time: 0.140 ms
Execution Time: 99.227 ms",106.503,6658.12,25020,"HashAggregate  (cost=6656.12..6658.12 rows=200 width=13) (actual rows=25020 loops=1)
  Group Key: f1.follower
  Batches: 1  Memory Usage: 2849kB
  Buffers: shared hit=1068, temp read=8 written=31
  ->  Hash Join  (cost=3396.67..5193.18 rows=292588 width=10) (actual rows=99704 loops=1)
        Hash Cond: ((f2.followee)::text = (f1.follower)::text)
        Buffers: shared hit=1068, temp read=8 written=31
        ->  Seq Scan on follow f2  (cost=0.00..1533.96 rows=99996 width=9) (actual rows=99996 loops=1)
              Buffers: shared hit=534
        ->  Hash  (cost=2776.39..2776.39 rows=49622 width=5) (actual rows=49999 loops=1)
              Buckets: 65536  Batches: 1  Memory Usage: 2357kB
              Buffers: shared hit=534, temp read=8 written=31
              ->  HashAggregate  (cost=1783.95..2280.17 rows=49622 width=5) (actual rows=49999 loops=1)
                    Group Key: f1.follower
                    Batches: 5  Memory Usage: 4145kB  Disk Usage: 208kB
                    Buffers: shared hit=534, temp read=8 written=31
                    ->  Seq Scan on follow f1  (cost=0.00..1533.96 rows=99996 width=5) (actual rows=99996 loops=1)
                          Buffers: shared hit=534
Planning Time: 0.193 ms
Execution Time: 106.503 ms",109.047,6658.12,25020,"HashAggregate  (cost=6656.12..6658.12 rows=200 width=13) (actual rows=25020 loops=1)
  Group Key: f1.follower
  Batches: 1  Memory Usage: 2849kB
  Buffers: shared hit=1068, temp read=8 written=31
  ->  Hash Join  (cost=3396.67..5193.18 rows=292588 width=10) (actual rows=99704 loops=1)
        Hash Cond: ((f2.followee)::text = (f1.follower)::text)
        Buffers: shared hit=1068, temp read=8 written=31
        ->  Seq Scan on follow f2  (cost=0.00..1533.96 rows=99996 width=9) (actual rows=99996 loops=1)
              Buffers: shared hit=534
        ->  Hash  (cost=2776.39..2776.39 rows=49622 width=5) (actual rows=49999 loops=1)
              Buckets: 65536  Batches: 1  Memory Usage: 2357kB
              Buffers: shared hit=534, temp read=8 written=31
              ->  HashAggregate  (cost=1783.95..2280.17 rows=49622 width=5) (actual rows=49999 loops=1)
                    Group Key: f1.follower
                    Batches: 5  Memory Usage: 4145kB  Disk Usage: 208kB
                    Buffers: shared hit=534, temp read=8 written=31
                    ->  Seq Scan on follow f1  (cost=0.00..1533.96 rows=99996 width=5) (actual rows=99996 loops=1)
                          Buffers: shared hit=534
Planning Time: 0.124 ms
Execution Time: 109.047 ms",110.44,6658.12,25020,"HashAggregate  (cost=6656.12..6658.12 rows=200 width=13) (actual rows=25020 loops=1)
  Group Key: f1.follower
  Batches: 1  Memory Usage: 2849kB
  Buffers: shared hit=1068, temp read=8 written=31
  ->  Hash Join  (cost=3396.67..5193.18 rows=292588 width=10) (actual rows=99704 loops=1)
        Hash Cond: ((f2.followee)::text = (f1.follower)::text)
        Buffers: shared hit=1068, temp read=8 written=31
        ->  Seq Scan on follow f2  (cost=0.00..1533.96 rows=99996 width=9) (actual rows=99996 loops=1)
              Buffers: shared hit=534
        ->  Hash  (cost=2776.39..2776.39 rows=49622 width=5) (actual rows=49999 loops=1)
              Buckets: 65536  Batches: 1  Memory Usage: 2357kB
              Buffers: shared hit=534, temp read=8 written=31
              ->  HashAggregate  (cost=1783.95..2280.17 rows=49622 width=5) (actual rows=49999 loops=1)
                    Group Key: f1.follower
                    Batches: 5  Memory Usage: 4145kB  Disk Usage: 208kB
                    Buffers: shared hit=534, temp read=8 written=31
                    ->  Seq Scan on follow f1  (cost=0.00..1533.96 rows=99996 width=5) (actual rows=99996 loops=1)
                          Buffers: shared hit=534
Planning Time: 0.201 ms
Execution Time: 110.440 ms",110.352,6658.12,25020,"HashAggregate  (cost=6656.12..6658.12 rows=200 width=13) (actual rows=25020 loops=1)
  Group Key: f1.follower
  Batches: 1  Memory Usage: 2849kB
  Buffers: shared hit=1068, temp read=8 written=31
  ->  Hash Join  (cost=3396.67..5193.18 rows=292588 width=10) (actual rows=99704 loops=1)
        Hash Cond: ((f2.followee)::text = (f1.follower)::text)
        Buffers: shared hit=1068, temp read=8 written=31
        ->  Seq Scan on follow f2  (cost=0.00..1533.96 rows=99996 width=9) (actual rows=99996 loops=1)
              Buffers: shared hit=534
        ->  Hash  (cost=2776.39..2776.39 rows=49622 width=5) (actual rows=49999 loops=1)
              Buckets: 65536  Batches: 1  Memory Usage: 2357kB
              Buffers: shared hit=534, temp read=8 written=31
              ->  HashAggregate  (cost=1783.95..2280.17 rows=49622 width=5) (actual rows=49999 loops=1)
                    Group Key: f1.follower
                    Batches: 5  Memory Usage: 4145kB  Disk Usage: 208kB
                    Buffers: shared hit=534, temp read=8 written=31
                    ->  Seq Scan on follow f1  (cost=0.00..1533.96 rows=99996 width=5) (actual rows=99996 loops=1)
                          Buffers: shared hit=534
Planning Time: 0.165 ms
Execution Time: 110.352 ms",107.1138,109.047,110.396,110.4752,6658.12,6658.12,25020,25020,25020,25020
397,614,245,Medium,"select t_cte_1.c_follower0 as follower, count(f2.follower) as num from schema_614.follow as f2 inner join (select f1.follower as c_follower0 from schema_614.follow as f1 group by f1.follower) as t_cte_1 on t_cte_1.c_follower0 = f2.followee group by t_cte_1.c_follower0",100.605,6658.12,25020,"HashAggregate  (cost=6656.12..6658.12 rows=200 width=13) (actual rows=25020 loops=1)
  Group Key: f1.follower
  Batches: 1  Memory Usage: 2849kB
  Buffers: shared hit=1068, temp read=8 written=31
  ->  Hash Join  (cost=3396.67..5193.18 rows=292588 width=10) (actual rows=99704 loops=1)
        Hash Cond: ((f2.followee)::text = (f1.follower)::text)
        Buffers: shared hit=1068, temp read=8 written=31
        ->  Seq Scan on follow f2  (cost=0.00..1533.96 rows=99996 width=9) (actual rows=99996 loops=1)
              Buffers: shared hit=534
        ->  Hash  (cost=2776.39..2776.39 rows=49622 width=5) (actual rows=49999 loops=1)
              Buckets: 65536  Batches: 1  Memory Usage: 2357kB
              Buffers: shared hit=534, temp read=8 written=31
              ->  HashAggregate  (cost=1783.95..2280.17 rows=49622 width=5) (actual rows=49999 loops=1)
                    Group Key: f1.follower
                    Batches: 5  Memory Usage: 4145kB  Disk Usage: 208kB
                    Buffers: shared hit=534, temp read=8 written=31
                    ->  Seq Scan on follow f1  (cost=0.00..1533.96 rows=99996 width=5) (actual rows=99996 loops=1)
                          Buffers: shared hit=534
Planning Time: 0.155 ms
Execution Time: 100.605 ms",118.619,6658.12,25020,"HashAggregate  (cost=6656.12..6658.12 rows=200 width=13) (actual rows=25020 loops=1)
  Group Key: f1.follower
  Batches: 1  Memory Usage: 2849kB
  Buffers: shared hit=1068, temp read=8 written=31
  ->  Hash Join  (cost=3396.67..5193.18 rows=292588 width=10) (actual rows=99704 loops=1)
        Hash Cond: ((f2.followee)::text = (f1.follower)::text)
        Buffers: shared hit=1068, temp read=8 written=31
        ->  Seq Scan on follow f2  (cost=0.00..1533.96 rows=99996 width=9) (actual rows=99996 loops=1)
              Buffers: shared hit=534
        ->  Hash  (cost=2776.39..2776.39 rows=49622 width=5) (actual rows=49999 loops=1)
              Buckets: 65536  Batches: 1  Memory Usage: 2357kB
              Buffers: shared hit=534, temp read=8 written=31
              ->  HashAggregate  (cost=1783.95..2280.17 rows=49622 width=5) (actual rows=49999 loops=1)
                    Group Key: f1.follower
                    Batches: 5  Memory Usage: 4145kB  Disk Usage: 208kB
                    Buffers: shared hit=534, temp read=8 written=31
                    ->  Seq Scan on follow f1  (cost=0.00..1533.96 rows=99996 width=5) (actual rows=99996 loops=1)
                          Buffers: shared hit=534
Planning Time: 0.221 ms
Execution Time: 118.619 ms",106.201,6658.12,25020,"HashAggregate  (cost=6656.12..6658.12 rows=200 width=13) (actual rows=25020 loops=1)
  Group Key: f1.follower
  Batches: 1  Memory Usage: 2849kB
  Buffers: shared hit=1068, temp read=8 written=31
  ->  Hash Join  (cost=3396.67..5193.18 rows=292588 width=10) (actual rows=99704 loops=1)
        Hash Cond: ((f2.followee)::text = (f1.follower)::text)
        Buffers: shared hit=1068, temp read=8 written=31
        ->  Seq Scan on follow f2  (cost=0.00..1533.96 rows=99996 width=9) (actual rows=99996 loops=1)
              Buffers: shared hit=534
        ->  Hash  (cost=2776.39..2776.39 rows=49622 width=5) (actual rows=49999 loops=1)
              Buckets: 65536  Batches: 1  Memory Usage: 2357kB
              Buffers: shared hit=534, temp read=8 written=31
              ->  HashAggregate  (cost=1783.95..2280.17 rows=49622 width=5) (actual rows=49999 loops=1)
                    Group Key: f1.follower
                    Batches: 5  Memory Usage: 4145kB  Disk Usage: 208kB
                    Buffers: shared hit=534, temp read=8 written=31
                    ->  Seq Scan on follow f1  (cost=0.00..1533.96 rows=99996 width=5) (actual rows=99996 loops=1)
                          Buffers: shared hit=534
Planning Time: 0.206 ms
Execution Time: 106.201 ms",110.862,6658.12,25020,"HashAggregate  (cost=6656.12..6658.12 rows=200 width=13) (actual rows=25020 loops=1)
  Group Key: f1.follower
  Batches: 1  Memory Usage: 2849kB
  Buffers: shared hit=1068, temp read=8 written=31
  ->  Hash Join  (cost=3396.67..5193.18 rows=292588 width=10) (actual rows=99704 loops=1)
        Hash Cond: ((f2.followee)::text = (f1.follower)::text)
        Buffers: shared hit=1068, temp read=8 written=31
        ->  Seq Scan on follow f2  (cost=0.00..1533.96 rows=99996 width=9) (actual rows=99996 loops=1)
              Buffers: shared hit=534
        ->  Hash  (cost=2776.39..2776.39 rows=49622 width=5) (actual rows=49999 loops=1)
              Buckets: 65536  Batches: 1  Memory Usage: 2357kB
              Buffers: shared hit=534, temp read=8 written=31
              ->  HashAggregate  (cost=1783.95..2280.17 rows=49622 width=5) (actual rows=49999 loops=1)
                    Group Key: f1.follower
                    Batches: 5  Memory Usage: 4145kB  Disk Usage: 208kB
                    Buffers: shared hit=534, temp read=8 written=31
                    ->  Seq Scan on follow f1  (cost=0.00..1533.96 rows=99996 width=5) (actual rows=99996 loops=1)
                          Buffers: shared hit=534
Planning Time: 0.230 ms
Execution Time: 110.862 ms",107.257,6658.12,25020,"HashAggregate  (cost=6656.12..6658.12 rows=200 width=13) (actual rows=25020 loops=1)
  Group Key: f1.follower
  Batches: 1  Memory Usage: 2849kB
  Buffers: shared hit=1068, temp read=8 written=31
  ->  Hash Join  (cost=3396.67..5193.18 rows=292588 width=10) (actual rows=99704 loops=1)
        Hash Cond: ((f2.followee)::text = (f1.follower)::text)
        Buffers: shared hit=1068, temp read=8 written=31
        ->  Seq Scan on follow f2  (cost=0.00..1533.96 rows=99996 width=9) (actual rows=99996 loops=1)
              Buffers: shared hit=534
        ->  Hash  (cost=2776.39..2776.39 rows=49622 width=5) (actual rows=49999 loops=1)
              Buckets: 65536  Batches: 1  Memory Usage: 2357kB
              Buffers: shared hit=534, temp read=8 written=31
              ->  HashAggregate  (cost=1783.95..2280.17 rows=49622 width=5) (actual rows=49999 loops=1)
                    Group Key: f1.follower
                    Batches: 5  Memory Usage: 4145kB  Disk Usage: 208kB
                    Buffers: shared hit=534, temp read=8 written=31
                    ->  Seq Scan on follow f1  (cost=0.00..1533.96 rows=99996 width=5) (actual rows=99996 loops=1)
                          Buffers: shared hit=534
Planning Time: 0.255 ms
Execution Time: 107.257 ms",108.7088,107.257,114.7405,121.7218,6658.12,6658.12,25020,25020,25020,25020
398,614,258,Medium,"select t_cte_7.c_follower0 as follower, count(f2.follower) as num from schema_614.follow as f2 inner join (select f1.follower as c_follower0 from schema_614.follow as f1 group by f1.follower) as t_cte_7 on t_cte_7.c_follower0 = f2.followee group by t_cte_7.c_follower0",101.917,6658.12,25020,"HashAggregate  (cost=6656.12..6658.12 rows=200 width=13) (actual rows=25020 loops=1)
  Group Key: f1.follower
  Batches: 1  Memory Usage: 2849kB
  Buffers: shared hit=1068, temp read=8 written=31
  ->  Hash Join  (cost=3396.67..5193.18 rows=292588 width=10) (actual rows=99704 loops=1)
        Hash Cond: ((f2.followee)::text = (f1.follower)::text)
        Buffers: shared hit=1068, temp read=8 written=31
        ->  Seq Scan on follow f2  (cost=0.00..1533.96 rows=99996 width=9) (actual rows=99996 loops=1)
              Buffers: shared hit=534
        ->  Hash  (cost=2776.39..2776.39 rows=49622 width=5) (actual rows=49999 loops=1)
              Buckets: 65536  Batches: 1  Memory Usage: 2357kB
              Buffers: shared hit=534, temp read=8 written=31
              ->  HashAggregate  (cost=1783.95..2280.17 rows=49622 width=5) (actual rows=49999 loops=1)
                    Group Key: f1.follower
                    Batches: 5  Memory Usage: 4145kB  Disk Usage: 208kB
                    Buffers: shared hit=534, temp read=8 written=31
                    ->  Seq Scan on follow f1  (cost=0.00..1533.96 rows=99996 width=5) (actual rows=99996 loops=1)
                          Buffers: shared hit=534
Planning Time: 0.133 ms
Execution Time: 101.917 ms",109.097,6658.12,25020,"HashAggregate  (cost=6656.12..6658.12 rows=200 width=13) (actual rows=25020 loops=1)
  Group Key: f1.follower
  Batches: 1  Memory Usage: 2849kB
  Buffers: shared hit=1068, temp read=8 written=31
  ->  Hash Join  (cost=3396.67..5193.18 rows=292588 width=10) (actual rows=99704 loops=1)
        Hash Cond: ((f2.followee)::text = (f1.follower)::text)
        Buffers: shared hit=1068, temp read=8 written=31
        ->  Seq Scan on follow f2  (cost=0.00..1533.96 rows=99996 width=9) (actual rows=99996 loops=1)
              Buffers: shared hit=534
        ->  Hash  (cost=2776.39..2776.39 rows=49622 width=5) (actual rows=49999 loops=1)
              Buckets: 65536  Batches: 1  Memory Usage: 2357kB
              Buffers: shared hit=534, temp read=8 written=31
              ->  HashAggregate  (cost=1783.95..2280.17 rows=49622 width=5) (actual rows=49999 loops=1)
                    Group Key: f1.follower
                    Batches: 5  Memory Usage: 4145kB  Disk Usage: 208kB
                    Buffers: shared hit=534, temp read=8 written=31
                    ->  Seq Scan on follow f1  (cost=0.00..1533.96 rows=99996 width=5) (actual rows=99996 loops=1)
                          Buffers: shared hit=534
Planning Time: 0.204 ms
Execution Time: 109.097 ms",110.84,6658.12,25020,"HashAggregate  (cost=6656.12..6658.12 rows=200 width=13) (actual rows=25020 loops=1)
  Group Key: f1.follower
  Batches: 1  Memory Usage: 2849kB
  Buffers: shared hit=1068, temp read=8 written=31
  ->  Hash Join  (cost=3396.67..5193.18 rows=292588 width=10) (actual rows=99704 loops=1)
        Hash Cond: ((f2.followee)::text = (f1.follower)::text)
        Buffers: shared hit=1068, temp read=8 written=31
        ->  Seq Scan on follow f2  (cost=0.00..1533.96 rows=99996 width=9) (actual rows=99996 loops=1)
              Buffers: shared hit=534
        ->  Hash  (cost=2776.39..2776.39 rows=49622 width=5) (actual rows=49999 loops=1)
              Buckets: 65536  Batches: 1  Memory Usage: 2357kB
              Buffers: shared hit=534, temp read=8 written=31
              ->  HashAggregate  (cost=1783.95..2280.17 rows=49622 width=5) (actual rows=49999 loops=1)
                    Group Key: f1.follower
                    Batches: 5  Memory Usage: 4145kB  Disk Usage: 208kB
                    Buffers: shared hit=534, temp read=8 written=31
                    ->  Seq Scan on follow f1  (cost=0.00..1533.96 rows=99996 width=5) (actual rows=99996 loops=1)
                          Buffers: shared hit=534
Planning Time: 0.194 ms
Execution Time: 110.840 ms",106.225,6658.12,25020,"HashAggregate  (cost=6656.12..6658.12 rows=200 width=13) (actual rows=25020 loops=1)
  Group Key: f1.follower
  Batches: 1  Memory Usage: 2849kB
  Buffers: shared hit=1068, temp read=8 written=31
  ->  Hash Join  (cost=3396.67..5193.18 rows=292588 width=10) (actual rows=99704 loops=1)
        Hash Cond: ((f2.followee)::text = (f1.follower)::text)
        Buffers: shared hit=1068, temp read=8 written=31
        ->  Seq Scan on follow f2  (cost=0.00..1533.96 rows=99996 width=9) (actual rows=99996 loops=1)
              Buffers: shared hit=534
        ->  Hash  (cost=2776.39..2776.39 rows=49622 width=5) (actual rows=49999 loops=1)
              Buckets: 65536  Batches: 1  Memory Usage: 2357kB
              Buffers: shared hit=534, temp read=8 written=31
              ->  HashAggregate  (cost=1783.95..2280.17 rows=49622 width=5) (actual rows=49999 loops=1)
                    Group Key: f1.follower
                    Batches: 5  Memory Usage: 4145kB  Disk Usage: 208kB
                    Buffers: shared hit=534, temp read=8 written=31
                    ->  Seq Scan on follow f1  (cost=0.00..1533.96 rows=99996 width=5) (actual rows=99996 loops=1)
                          Buffers: shared hit=534
Planning Time: 0.193 ms
Execution Time: 106.225 ms",116.711,6658.12,25020,"HashAggregate  (cost=6656.12..6658.12 rows=200 width=13) (actual rows=25020 loops=1)
  Group Key: f1.follower
  Batches: 1  Memory Usage: 2849kB
  Buffers: shared hit=1068, temp read=8 written=31
  ->  Hash Join  (cost=3396.67..5193.18 rows=292588 width=10) (actual rows=99704 loops=1)
        Hash Cond: ((f2.followee)::text = (f1.follower)::text)
        Buffers: shared hit=1068, temp read=8 written=31
        ->  Seq Scan on follow f2  (cost=0.00..1533.96 rows=99996 width=9) (actual rows=99996 loops=1)
              Buffers: shared hit=534
        ->  Hash  (cost=2776.39..2776.39 rows=49622 width=5) (actual rows=49999 loops=1)
              Buckets: 65536  Batches: 1  Memory Usage: 2357kB
              Buffers: shared hit=534, temp read=8 written=31
              ->  HashAggregate  (cost=1783.95..2280.17 rows=49622 width=5) (actual rows=49999 loops=1)
                    Group Key: f1.follower
                    Batches: 5  Memory Usage: 4145kB  Disk Usage: 208kB
                    Buffers: shared hit=534, temp read=8 written=31
                    ->  Seq Scan on follow f1  (cost=0.00..1533.96 rows=99996 width=5) (actual rows=99996 loops=1)
                          Buffers: shared hit=534
Planning Time: 0.323 ms
Execution Time: 116.711 ms",108.958,109.097,113.7755,119.0594,6658.12,6658.12,25020,25020,25020,25020
399,614,290,Medium,"select distinct t_cte_21.c_followee0 as follower, t_cte_21.c_count0 as num from (select f2.followee as c_followee0, count(f2.follower) as c_count0 from schema_614.follow as f2 group by f2.followee) as t_cte_21 inner join schema_614.follow as f1 on f1.follower = t_cte_21.c_followee0",74.611,4569.41,25020,"HashAggregate  (cost=4552.45..4569.41 rows=1696 width=12) (actual rows=25020 loops=1)
  Group Key: f2.followee, (count(f2.follower))
  Batches: 1  Memory Usage: 2065kB
  Buffers: shared hit=1068
  ->  Hash Join  (cost=2585.11..4381.58 rows=34175 width=12) (actual rows=50038 loops=1)
        Hash Cond: ((f1.follower)::text = (f2.followee)::text)
        Buffers: shared hit=1068
        ->  Seq Scan on follow f1  (cost=0.00..1533.96 rows=99996 width=5) (actual rows=99996 loops=1)
              Buffers: shared hit=534
        ->  Hash  (cost=2373.12..2373.12 rows=16959 width=12) (actual rows=25021 loops=1)
              Buckets: 32768  Batches: 1  Memory Usage: 1429kB
              Buffers: shared hit=534
              ->  HashAggregate  (cost=2033.94..2203.53 rows=16959 width=12) (actual rows=25021 loops=1)
                    Group Key: f2.followee
                    Batches: 1  Memory Usage: 2833kB
                    Buffers: shared hit=534
                    ->  Seq Scan on follow f2  (cost=0.00..1533.96 rows=99996 width=9) (actual rows=99996 loops=1)
                          Buffers: shared hit=534
Planning Time: 0.114 ms
Execution Time: 74.611 ms",85.029,4569.41,25020,"HashAggregate  (cost=4552.45..4569.41 rows=1696 width=12) (actual rows=25020 loops=1)
  Group Key: f2.followee, (count(f2.follower))
  Batches: 1  Memory Usage: 2065kB
  Buffers: shared hit=1068
  ->  Hash Join  (cost=2585.11..4381.58 rows=34175 width=12) (actual rows=50038 loops=1)
        Hash Cond: ((f1.follower)::text = (f2.followee)::text)
        Buffers: shared hit=1068
        ->  Seq Scan on follow f1  (cost=0.00..1533.96 rows=99996 width=5) (actual rows=99996 loops=1)
              Buffers: shared hit=534
        ->  Hash  (cost=2373.12..2373.12 rows=16959 width=12) (actual rows=25021 loops=1)
              Buckets: 32768  Batches: 1  Memory Usage: 1429kB
              Buffers: shared hit=534
              ->  HashAggregate  (cost=2033.94..2203.53 rows=16959 width=12) (actual rows=25021 loops=1)
                    Group Key: f2.followee
                    Batches: 1  Memory Usage: 2833kB
                    Buffers: shared hit=534
                    ->  Seq Scan on follow f2  (cost=0.00..1533.96 rows=99996 width=9) (actual rows=99996 loops=1)
                          Buffers: shared hit=534
Planning Time: 0.189 ms
Execution Time: 85.029 ms",84.705,4569.41,25020,"HashAggregate  (cost=4552.45..4569.41 rows=1696 width=12) (actual rows=25020 loops=1)
  Group Key: f2.followee, (count(f2.follower))
  Batches: 1  Memory Usage: 2065kB
  Buffers: shared hit=1068
  ->  Hash Join  (cost=2585.11..4381.58 rows=34175 width=12) (actual rows=50038 loops=1)
        Hash Cond: ((f1.follower)::text = (f2.followee)::text)
        Buffers: shared hit=1068
        ->  Seq Scan on follow f1  (cost=0.00..1533.96 rows=99996 width=5) (actual rows=99996 loops=1)
              Buffers: shared hit=534
        ->  Hash  (cost=2373.12..2373.12 rows=16959 width=12) (actual rows=25021 loops=1)
              Buckets: 32768  Batches: 1  Memory Usage: 1429kB
              Buffers: shared hit=534
              ->  HashAggregate  (cost=2033.94..2203.53 rows=16959 width=12) (actual rows=25021 loops=1)
                    Group Key: f2.followee
                    Batches: 1  Memory Usage: 2833kB
                    Buffers: shared hit=534
                    ->  Seq Scan on follow f2  (cost=0.00..1533.96 rows=99996 width=9) (actual rows=99996 loops=1)
                          Buffers: shared hit=534
Planning Time: 0.176 ms
Execution Time: 84.705 ms",83.314,4569.41,25020,"HashAggregate  (cost=4552.45..4569.41 rows=1696 width=12) (actual rows=25020 loops=1)
  Group Key: f2.followee, (count(f2.follower))
  Batches: 1  Memory Usage: 2065kB
  Buffers: shared hit=1068
  ->  Hash Join  (cost=2585.11..4381.58 rows=34175 width=12) (actual rows=50038 loops=1)
        Hash Cond: ((f1.follower)::text = (f2.followee)::text)
        Buffers: shared hit=1068
        ->  Seq Scan on follow f1  (cost=0.00..1533.96 rows=99996 width=5) (actual rows=99996 loops=1)
              Buffers: shared hit=534
        ->  Hash  (cost=2373.12..2373.12 rows=16959 width=12) (actual rows=25021 loops=1)
              Buckets: 32768  Batches: 1  Memory Usage: 1429kB
              Buffers: shared hit=534
              ->  HashAggregate  (cost=2033.94..2203.53 rows=16959 width=12) (actual rows=25021 loops=1)
                    Group Key: f2.followee
                    Batches: 1  Memory Usage: 2833kB
                    Buffers: shared hit=534
                    ->  Seq Scan on follow f2  (cost=0.00..1533.96 rows=99996 width=9) (actual rows=99996 loops=1)
                          Buffers: shared hit=534
Planning Time: 0.168 ms
Execution Time: 83.314 ms",85.117,4569.41,25020,"HashAggregate  (cost=4552.45..4569.41 rows=1696 width=12) (actual rows=25020 loops=1)
  Group Key: f2.followee, (count(f2.follower))
  Batches: 1  Memory Usage: 2065kB
  Buffers: shared hit=1068
  ->  Hash Join  (cost=2585.11..4381.58 rows=34175 width=12) (actual rows=50038 loops=1)
        Hash Cond: ((f1.follower)::text = (f2.followee)::text)
        Buffers: shared hit=1068
        ->  Seq Scan on follow f1  (cost=0.00..1533.96 rows=99996 width=5) (actual rows=99996 loops=1)
              Buffers: shared hit=534
        ->  Hash  (cost=2373.12..2373.12 rows=16959 width=12) (actual rows=25021 loops=1)
              Buckets: 32768  Batches: 1  Memory Usage: 1429kB
              Buffers: shared hit=534
              ->  HashAggregate  (cost=2033.94..2203.53 rows=16959 width=12) (actual rows=25021 loops=1)
                    Group Key: f2.followee
                    Batches: 1  Memory Usage: 2833kB
                    Buffers: shared hit=534
                    ->  Seq Scan on follow f2  (cost=0.00..1533.96 rows=99996 width=9) (actual rows=99996 loops=1)
                          Buffers: shared hit=534
Planning Time: 0.170 ms
Execution Time: 85.117 ms",82.5552,84.705,85.073,85.1522,4569.41,4569.41,25020,25020,25020,25020
400,614,338,Medium,"select distinct t_cte_9.c_followee0 as follower, t_cte_9.c_count0 as num from (select f.followee as c_followee0, count(f.follower) as c_count0 from schema_614.follow as f group by f.followee) as t_cte_9 inner join schema_614.follow as t_follow_0 on t_cte_9.c_followee0 = t_follow_0.follower",74.646,4569.41,25020,"HashAggregate  (cost=4552.45..4569.41 rows=1696 width=12) (actual rows=25020 loops=1)
  Group Key: f.followee, (count(f.follower))
  Batches: 1  Memory Usage: 2065kB
  Buffers: shared hit=1068
  ->  Hash Join  (cost=2585.11..4381.58 rows=34175 width=12) (actual rows=50038 loops=1)
        Hash Cond: ((t_follow_0.follower)::text = (f.followee)::text)
        Buffers: shared hit=1068
        ->  Seq Scan on follow t_follow_0  (cost=0.00..1533.96 rows=99996 width=5) (actual rows=99996 loops=1)
              Buffers: shared hit=534
        ->  Hash  (cost=2373.12..2373.12 rows=16959 width=12) (actual rows=25021 loops=1)
              Buckets: 32768  Batches: 1  Memory Usage: 1429kB
              Buffers: shared hit=534
              ->  HashAggregate  (cost=2033.94..2203.53 rows=16959 width=12) (actual rows=25021 loops=1)
                    Group Key: f.followee
                    Batches: 1  Memory Usage: 2833kB
                    Buffers: shared hit=534
                    ->  Seq Scan on follow f  (cost=0.00..1533.96 rows=99996 width=9) (actual rows=99996 loops=1)
                          Buffers: shared hit=534
Planning Time: 0.150 ms
Execution Time: 74.646 ms",85.636,4569.41,25020,"HashAggregate  (cost=4552.45..4569.41 rows=1696 width=12) (actual rows=25020 loops=1)
  Group Key: f.followee, (count(f.follower))
  Batches: 1  Memory Usage: 2065kB
  Buffers: shared hit=1068
  ->  Hash Join  (cost=2585.11..4381.58 rows=34175 width=12) (actual rows=50038 loops=1)
        Hash Cond: ((t_follow_0.follower)::text = (f.followee)::text)
        Buffers: shared hit=1068
        ->  Seq Scan on follow t_follow_0  (cost=0.00..1533.96 rows=99996 width=5) (actual rows=99996 loops=1)
              Buffers: shared hit=534
        ->  Hash  (cost=2373.12..2373.12 rows=16959 width=12) (actual rows=25021 loops=1)
              Buckets: 32768  Batches: 1  Memory Usage: 1429kB
              Buffers: shared hit=534
              ->  HashAggregate  (cost=2033.94..2203.53 rows=16959 width=12) (actual rows=25021 loops=1)
                    Group Key: f.followee
                    Batches: 1  Memory Usage: 2833kB
                    Buffers: shared hit=534
                    ->  Seq Scan on follow f  (cost=0.00..1533.96 rows=99996 width=9) (actual rows=99996 loops=1)
                          Buffers: shared hit=534
Planning Time: 0.268 ms
Execution Time: 85.636 ms",87.618,4569.41,25020,"HashAggregate  (cost=4552.45..4569.41 rows=1696 width=12) (actual rows=25020 loops=1)
  Group Key: f.followee, (count(f.follower))
  Batches: 1  Memory Usage: 2065kB
  Buffers: shared hit=1068
  ->  Hash Join  (cost=2585.11..4381.58 rows=34175 width=12) (actual rows=50038 loops=1)
        Hash Cond: ((t_follow_0.follower)::text = (f.followee)::text)
        Buffers: shared hit=1068
        ->  Seq Scan on follow t_follow_0  (cost=0.00..1533.96 rows=99996 width=5) (actual rows=99996 loops=1)
              Buffers: shared hit=534
        ->  Hash  (cost=2373.12..2373.12 rows=16959 width=12) (actual rows=25021 loops=1)
              Buckets: 32768  Batches: 1  Memory Usage: 1429kB
              Buffers: shared hit=534
              ->  HashAggregate  (cost=2033.94..2203.53 rows=16959 width=12) (actual rows=25021 loops=1)
                    Group Key: f.followee
                    Batches: 1  Memory Usage: 2833kB
                    Buffers: shared hit=534
                    ->  Seq Scan on follow f  (cost=0.00..1533.96 rows=99996 width=9) (actual rows=99996 loops=1)
                          Buffers: shared hit=534
Planning Time: 0.196 ms
Execution Time: 87.618 ms",86.355,4569.41,25020,"HashAggregate  (cost=4552.45..4569.41 rows=1696 width=12) (actual rows=25020 loops=1)
  Group Key: f.followee, (count(f.follower))
  Batches: 1  Memory Usage: 2065kB
  Buffers: shared hit=1068
  ->  Hash Join  (cost=2585.11..4381.58 rows=34175 width=12) (actual rows=50038 loops=1)
        Hash Cond: ((t_follow_0.follower)::text = (f.followee)::text)
        Buffers: shared hit=1068
        ->  Seq Scan on follow t_follow_0  (cost=0.00..1533.96 rows=99996 width=5) (actual rows=99996 loops=1)
              Buffers: shared hit=534
        ->  Hash  (cost=2373.12..2373.12 rows=16959 width=12) (actual rows=25021 loops=1)
              Buckets: 32768  Batches: 1  Memory Usage: 1429kB
              Buffers: shared hit=534
              ->  HashAggregate  (cost=2033.94..2203.53 rows=16959 width=12) (actual rows=25021 loops=1)
                    Group Key: f.followee
                    Batches: 1  Memory Usage: 2833kB
                    Buffers: shared hit=534
                    ->  Seq Scan on follow f  (cost=0.00..1533.96 rows=99996 width=9) (actual rows=99996 loops=1)
                          Buffers: shared hit=534
Planning Time: 0.160 ms
Execution Time: 86.355 ms",88.514,4569.41,25020,"HashAggregate  (cost=4552.45..4569.41 rows=1696 width=12) (actual rows=25020 loops=1)
  Group Key: f.followee, (count(f.follower))
  Batches: 1  Memory Usage: 2065kB
  Buffers: shared hit=1068
  ->  Hash Join  (cost=2585.11..4381.58 rows=34175 width=12) (actual rows=50038 loops=1)
        Hash Cond: ((t_follow_0.follower)::text = (f.followee)::text)
        Buffers: shared hit=1068
        ->  Seq Scan on follow t_follow_0  (cost=0.00..1533.96 rows=99996 width=5) (actual rows=99996 loops=1)
              Buffers: shared hit=534
        ->  Hash  (cost=2373.12..2373.12 rows=16959 width=12) (actual rows=25021 loops=1)
              Buckets: 32768  Batches: 1  Memory Usage: 1429kB
              Buffers: shared hit=534
              ->  HashAggregate  (cost=2033.94..2203.53 rows=16959 width=12) (actual rows=25021 loops=1)
                    Group Key: f.followee
                    Batches: 1  Memory Usage: 2833kB
                    Buffers: shared hit=534
                    ->  Seq Scan on follow f  (cost=0.00..1533.96 rows=99996 width=9) (actual rows=99996 loops=1)
                          Buffers: shared hit=534
Planning Time: 0.157 ms
Execution Time: 88.514 ms",84.5538,86.355,88.066,88.8724,4569.41,4569.41,25020,25020,25020,25020
402,614,360,Medium,"select t_cte_18.c_follower0 as follower, count(b.follower) as num from (select a.follower as c_follower0 from schema_614.follow as a group by a.follower) as t_cte_18 inner join schema_614.follow as b on t_cte_18.c_follower0 = b.followee group by t_cte_18.c_follower0",99.679,6658.12,25020,"HashAggregate  (cost=6656.12..6658.12 rows=200 width=13) (actual rows=25020 loops=1)
  Group Key: a.follower
  Batches: 1  Memory Usage: 2849kB
  Buffers: shared hit=1068, temp read=8 written=31
  ->  Hash Join  (cost=3396.67..5193.18 rows=292588 width=10) (actual rows=99704 loops=1)
        Hash Cond: ((b.followee)::text = (a.follower)::text)
        Buffers: shared hit=1068, temp read=8 written=31
        ->  Seq Scan on follow b  (cost=0.00..1533.96 rows=99996 width=9) (actual rows=99996 loops=1)
              Buffers: shared hit=534
        ->  Hash  (cost=2776.39..2776.39 rows=49622 width=5) (actual rows=49999 loops=1)
              Buckets: 65536  Batches: 1  Memory Usage: 2357kB
              Buffers: shared hit=534, temp read=8 written=31
              ->  HashAggregate  (cost=1783.95..2280.17 rows=49622 width=5) (actual rows=49999 loops=1)
                    Group Key: a.follower
                    Batches: 5  Memory Usage: 4145kB  Disk Usage: 208kB
                    Buffers: shared hit=534, temp read=8 written=31
                    ->  Seq Scan on follow a  (cost=0.00..1533.96 rows=99996 width=5) (actual rows=99996 loops=1)
                          Buffers: shared hit=534
Planning Time: 0.140 ms
Execution Time: 99.679 ms",109.153,6658.12,25020,"HashAggregate  (cost=6656.12..6658.12 rows=200 width=13) (actual rows=25020 loops=1)
  Group Key: a.follower
  Batches: 1  Memory Usage: 2849kB
  Buffers: shared hit=1068, temp read=8 written=31
  ->  Hash Join  (cost=3396.67..5193.18 rows=292588 width=10) (actual rows=99704 loops=1)
        Hash Cond: ((b.followee)::text = (a.follower)::text)
        Buffers: shared hit=1068, temp read=8 written=31
        ->  Seq Scan on follow b  (cost=0.00..1533.96 rows=99996 width=9) (actual rows=99996 loops=1)
              Buffers: shared hit=534
        ->  Hash  (cost=2776.39..2776.39 rows=49622 width=5) (actual rows=49999 loops=1)
              Buckets: 65536  Batches: 1  Memory Usage: 2357kB
              Buffers: shared hit=534, temp read=8 written=31
              ->  HashAggregate  (cost=1783.95..2280.17 rows=49622 width=5) (actual rows=49999 loops=1)
                    Group Key: a.follower
                    Batches: 5  Memory Usage: 4145kB  Disk Usage: 208kB
                    Buffers: shared hit=534, temp read=8 written=31
                    ->  Seq Scan on follow a  (cost=0.00..1533.96 rows=99996 width=5) (actual rows=99996 loops=1)
                          Buffers: shared hit=534
Planning Time: 0.203 ms
Execution Time: 109.153 ms",105.215,6658.12,25020,"HashAggregate  (cost=6656.12..6658.12 rows=200 width=13) (actual rows=25020 loops=1)
  Group Key: a.follower
  Batches: 1  Memory Usage: 2849kB
  Buffers: shared hit=1068, temp read=8 written=31
  ->  Hash Join  (cost=3396.67..5193.18 rows=292588 width=10) (actual rows=99704 loops=1)
        Hash Cond: ((b.followee)::text = (a.follower)::text)
        Buffers: shared hit=1068, temp read=8 written=31
        ->  Seq Scan on follow b  (cost=0.00..1533.96 rows=99996 width=9) (actual rows=99996 loops=1)
              Buffers: shared hit=534
        ->  Hash  (cost=2776.39..2776.39 rows=49622 width=5) (actual rows=49999 loops=1)
              Buckets: 65536  Batches: 1  Memory Usage: 2357kB
              Buffers: shared hit=534, temp read=8 written=31
              ->  HashAggregate  (cost=1783.95..2280.17 rows=49622 width=5) (actual rows=49999 loops=1)
                    Group Key: a.follower
                    Batches: 5  Memory Usage: 4145kB  Disk Usage: 208kB
                    Buffers: shared hit=534, temp read=8 written=31
                    ->  Seq Scan on follow a  (cost=0.00..1533.96 rows=99996 width=5) (actual rows=99996 loops=1)
                          Buffers: shared hit=534
Planning Time: 0.173 ms
Execution Time: 105.215 ms",109.519,6658.12,25020,"HashAggregate  (cost=6656.12..6658.12 rows=200 width=13) (actual rows=25020 loops=1)
  Group Key: a.follower
  Batches: 1  Memory Usage: 2849kB
  Buffers: shared hit=1068, temp read=8 written=31
  ->  Hash Join  (cost=3396.67..5193.18 rows=292588 width=10) (actual rows=99704 loops=1)
        Hash Cond: ((b.followee)::text = (a.follower)::text)
        Buffers: shared hit=1068, temp read=8 written=31
        ->  Seq Scan on follow b  (cost=0.00..1533.96 rows=99996 width=9) (actual rows=99996 loops=1)
              Buffers: shared hit=534
        ->  Hash  (cost=2776.39..2776.39 rows=49622 width=5) (actual rows=49999 loops=1)
              Buckets: 65536  Batches: 1  Memory Usage: 2357kB
              Buffers: shared hit=534, temp read=8 written=31
              ->  HashAggregate  (cost=1783.95..2280.17 rows=49622 width=5) (actual rows=49999 loops=1)
                    Group Key: a.follower
                    Batches: 5  Memory Usage: 4145kB  Disk Usage: 208kB
                    Buffers: shared hit=534, temp read=8 written=31
                    ->  Seq Scan on follow a  (cost=0.00..1533.96 rows=99996 width=5) (actual rows=99996 loops=1)
                          Buffers: shared hit=534
Planning Time: 0.286 ms
Execution Time: 109.519 ms",147.64,6658.12,25020,"HashAggregate  (cost=6656.12..6658.12 rows=200 width=13) (actual rows=25020 loops=1)
  Group Key: a.follower
  Batches: 1  Memory Usage: 2849kB
  Buffers: shared hit=1068, temp read=8 written=31
  ->  Hash Join  (cost=3396.67..5193.18 rows=292588 width=10) (actual rows=99704 loops=1)
        Hash Cond: ((b.followee)::text = (a.follower)::text)
        Buffers: shared hit=1068, temp read=8 written=31
        ->  Seq Scan on follow b  (cost=0.00..1533.96 rows=99996 width=9) (actual rows=99996 loops=1)
              Buffers: shared hit=534
        ->  Hash  (cost=2776.39..2776.39 rows=49622 width=5) (actual rows=49999 loops=1)
              Buckets: 65536  Batches: 1  Memory Usage: 2357kB
              Buffers: shared hit=534, temp read=8 written=31
              ->  HashAggregate  (cost=1783.95..2280.17 rows=49622 width=5) (actual rows=49999 loops=1)
                    Group Key: a.follower
                    Batches: 5  Memory Usage: 4145kB  Disk Usage: 208kB
                    Buffers: shared hit=534, temp read=8 written=31
                    ->  Seq Scan on follow a  (cost=0.00..1533.96 rows=99996 width=5) (actual rows=99996 loops=1)
                          Buffers: shared hit=534
Planning Time: 0.189 ms
Execution Time: 147.640 ms",114.2412,109.153,128.5795,162.8884,6658.12,6658.12,25020,25020,25020,25020
403,614,363,Medium,"select followers.c_follower0 as follower, count(t_follow_1.follower) as num from (select t_follow_0.follower as c_follower0 from schema_614.follow as t_follow_0 group by t_follow_0.follower) as followers inner join schema_614.follow as t_follow_1 on followers.c_follower0 = t_follow_1.followee group by followers.c_follower0",99.012,6658.12,25020,"HashAggregate  (cost=6656.12..6658.12 rows=200 width=13) (actual rows=25020 loops=1)
  Group Key: t_follow_0.follower
  Batches: 1  Memory Usage: 2849kB
  Buffers: shared hit=1068, temp read=8 written=31
  ->  Hash Join  (cost=3396.67..5193.18 rows=292588 width=10) (actual rows=99704 loops=1)
        Hash Cond: ((t_follow_1.followee)::text = (t_follow_0.follower)::text)
        Buffers: shared hit=1068, temp read=8 written=31
        ->  Seq Scan on follow t_follow_1  (cost=0.00..1533.96 rows=99996 width=9) (actual rows=99996 loops=1)
              Buffers: shared hit=534
        ->  Hash  (cost=2776.39..2776.39 rows=49622 width=5) (actual rows=49999 loops=1)
              Buckets: 65536  Batches: 1  Memory Usage: 2357kB
              Buffers: shared hit=534, temp read=8 written=31
              ->  HashAggregate  (cost=1783.95..2280.17 rows=49622 width=5) (actual rows=49999 loops=1)
                    Group Key: t_follow_0.follower
                    Batches: 5  Memory Usage: 4145kB  Disk Usage: 208kB
                    Buffers: shared hit=534, temp read=8 written=31
                    ->  Seq Scan on follow t_follow_0  (cost=0.00..1533.96 rows=99996 width=5) (actual rows=99996 loops=1)
                          Buffers: shared hit=534
Planning Time: 0.113 ms
Execution Time: 99.012 ms",109.519,6658.12,25020,"HashAggregate  (cost=6656.12..6658.12 rows=200 width=13) (actual rows=25020 loops=1)
  Group Key: t_follow_0.follower
  Batches: 1  Memory Usage: 2849kB
  Buffers: shared hit=1068, temp read=8 written=31
  ->  Hash Join  (cost=3396.67..5193.18 rows=292588 width=10) (actual rows=99704 loops=1)
        Hash Cond: ((t_follow_1.followee)::text = (t_follow_0.follower)::text)
        Buffers: shared hit=1068, temp read=8 written=31
        ->  Seq Scan on follow t_follow_1  (cost=0.00..1533.96 rows=99996 width=9) (actual rows=99996 loops=1)
              Buffers: shared hit=534
        ->  Hash  (cost=2776.39..2776.39 rows=49622 width=5) (actual rows=49999 loops=1)
              Buckets: 65536  Batches: 1  Memory Usage: 2357kB
              Buffers: shared hit=534, temp read=8 written=31
              ->  HashAggregate  (cost=1783.95..2280.17 rows=49622 width=5) (actual rows=49999 loops=1)
                    Group Key: t_follow_0.follower
                    Batches: 5  Memory Usage: 4145kB  Disk Usage: 208kB
                    Buffers: shared hit=534, temp read=8 written=31
                    ->  Seq Scan on follow t_follow_0  (cost=0.00..1533.96 rows=99996 width=5) (actual rows=99996 loops=1)
                          Buffers: shared hit=534
Planning Time: 0.186 ms
Execution Time: 109.519 ms",107.284,6658.12,25020,"HashAggregate  (cost=6656.12..6658.12 rows=200 width=13) (actual rows=25020 loops=1)
  Group Key: t_follow_0.follower
  Batches: 1  Memory Usage: 2849kB
  Buffers: shared hit=1068, temp read=8 written=31
  ->  Hash Join  (cost=3396.67..5193.18 rows=292588 width=10) (actual rows=99704 loops=1)
        Hash Cond: ((t_follow_1.followee)::text = (t_follow_0.follower)::text)
        Buffers: shared hit=1068, temp read=8 written=31
        ->  Seq Scan on follow t_follow_1  (cost=0.00..1533.96 rows=99996 width=9) (actual rows=99996 loops=1)
              Buffers: shared hit=534
        ->  Hash  (cost=2776.39..2776.39 rows=49622 width=5) (actual rows=49999 loops=1)
              Buckets: 65536  Batches: 1  Memory Usage: 2357kB
              Buffers: shared hit=534, temp read=8 written=31
              ->  HashAggregate  (cost=1783.95..2280.17 rows=49622 width=5) (actual rows=49999 loops=1)
                    Group Key: t_follow_0.follower
                    Batches: 5  Memory Usage: 4145kB  Disk Usage: 208kB
                    Buffers: shared hit=534, temp read=8 written=31
                    ->  Seq Scan on follow t_follow_0  (cost=0.00..1533.96 rows=99996 width=5) (actual rows=99996 loops=1)
                          Buffers: shared hit=534
Planning Time: 0.160 ms
Execution Time: 107.284 ms",108.53,6658.12,25020,"HashAggregate  (cost=6656.12..6658.12 rows=200 width=13) (actual rows=25020 loops=1)
  Group Key: t_follow_0.follower
  Batches: 1  Memory Usage: 2849kB
  Buffers: shared hit=1068, temp read=8 written=31
  ->  Hash Join  (cost=3396.67..5193.18 rows=292588 width=10) (actual rows=99704 loops=1)
        Hash Cond: ((t_follow_1.followee)::text = (t_follow_0.follower)::text)
        Buffers: shared hit=1068, temp read=8 written=31
        ->  Seq Scan on follow t_follow_1  (cost=0.00..1533.96 rows=99996 width=9) (actual rows=99996 loops=1)
              Buffers: shared hit=534
        ->  Hash  (cost=2776.39..2776.39 rows=49622 width=5) (actual rows=49999 loops=1)
              Buckets: 65536  Batches: 1  Memory Usage: 2357kB
              Buffers: shared hit=534, temp read=8 written=31
              ->  HashAggregate  (cost=1783.95..2280.17 rows=49622 width=5) (actual rows=49999 loops=1)
                    Group Key: t_follow_0.follower
                    Batches: 5  Memory Usage: 4145kB  Disk Usage: 208kB
                    Buffers: shared hit=534, temp read=8 written=31
                    ->  Seq Scan on follow t_follow_0  (cost=0.00..1533.96 rows=99996 width=5) (actual rows=99996 loops=1)
                          Buffers: shared hit=534
Planning Time: 0.165 ms
Execution Time: 108.530 ms",111.957,6658.12,25020,"HashAggregate  (cost=6656.12..6658.12 rows=200 width=13) (actual rows=25020 loops=1)
  Group Key: t_follow_0.follower
  Batches: 1  Memory Usage: 2849kB
  Buffers: shared hit=1068, temp read=8 written=31
  ->  Hash Join  (cost=3396.67..5193.18 rows=292588 width=10) (actual rows=99704 loops=1)
        Hash Cond: ((t_follow_1.followee)::text = (t_follow_0.follower)::text)
        Buffers: shared hit=1068, temp read=8 written=31
        ->  Seq Scan on follow t_follow_1  (cost=0.00..1533.96 rows=99996 width=9) (actual rows=99996 loops=1)
              Buffers: shared hit=534
        ->  Hash  (cost=2776.39..2776.39 rows=49622 width=5) (actual rows=49999 loops=1)
              Buckets: 65536  Batches: 1  Memory Usage: 2357kB
              Buffers: shared hit=534, temp read=8 written=31
              ->  HashAggregate  (cost=1783.95..2280.17 rows=49622 width=5) (actual rows=49999 loops=1)
                    Group Key: t_follow_0.follower
                    Batches: 5  Memory Usage: 4145kB  Disk Usage: 208kB
                    Buffers: shared hit=534, temp read=8 written=31
                    ->  Seq Scan on follow t_follow_0  (cost=0.00..1533.96 rows=99996 width=5) (actual rows=99996 loops=1)
                          Buffers: shared hit=534
Planning Time: 0.189 ms
Execution Time: 111.957 ms",107.2604,108.53,110.738,112.9322,6658.12,6658.12,25020,25020,25020,25020
404,614,365,Medium,"select t_cte_4.c_follower0 as follower, count(fwer.follower) as num from schema_614.follow as fwer inner join (select fwe.follower as c_follower0 from schema_614.follow as fwe group by fwe.follower) as t_cte_4 on t_cte_4.c_follower0 = fwer.followee group by t_cte_4.c_follower0",104.613,6658.12,25020,"HashAggregate  (cost=6656.12..6658.12 rows=200 width=13) (actual rows=25020 loops=1)
  Group Key: fwe.follower
  Batches: 1  Memory Usage: 2849kB
  Buffers: shared hit=1068, temp read=8 written=31
  ->  Hash Join  (cost=3396.67..5193.18 rows=292588 width=10) (actual rows=99704 loops=1)
        Hash Cond: ((fwer.followee)::text = (fwe.follower)::text)
        Buffers: shared hit=1068, temp read=8 written=31
        ->  Seq Scan on follow fwer  (cost=0.00..1533.96 rows=99996 width=9) (actual rows=99996 loops=1)
              Buffers: shared hit=534
        ->  Hash  (cost=2776.39..2776.39 rows=49622 width=5) (actual rows=49999 loops=1)
              Buckets: 65536  Batches: 1  Memory Usage: 2357kB
              Buffers: shared hit=534, temp read=8 written=31
              ->  HashAggregate  (cost=1783.95..2280.17 rows=49622 width=5) (actual rows=49999 loops=1)
                    Group Key: fwe.follower
                    Batches: 5  Memory Usage: 4145kB  Disk Usage: 208kB
                    Buffers: shared hit=534, temp read=8 written=31
                    ->  Seq Scan on follow fwe  (cost=0.00..1533.96 rows=99996 width=5) (actual rows=99996 loops=1)
                          Buffers: shared hit=534
Planning Time: 0.133 ms
Execution Time: 104.613 ms",108.55,6658.12,25020,"HashAggregate  (cost=6656.12..6658.12 rows=200 width=13) (actual rows=25020 loops=1)
  Group Key: fwe.follower
  Batches: 1  Memory Usage: 2849kB
  Buffers: shared hit=1068, temp read=8 written=31
  ->  Hash Join  (cost=3396.67..5193.18 rows=292588 width=10) (actual rows=99704 loops=1)
        Hash Cond: ((fwer.followee)::text = (fwe.follower)::text)
        Buffers: shared hit=1068, temp read=8 written=31
        ->  Seq Scan on follow fwer  (cost=0.00..1533.96 rows=99996 width=9) (actual rows=99996 loops=1)
              Buffers: shared hit=534
        ->  Hash  (cost=2776.39..2776.39 rows=49622 width=5) (actual rows=49999 loops=1)
              Buckets: 65536  Batches: 1  Memory Usage: 2357kB
              Buffers: shared hit=534, temp read=8 written=31
              ->  HashAggregate  (cost=1783.95..2280.17 rows=49622 width=5) (actual rows=49999 loops=1)
                    Group Key: fwe.follower
                    Batches: 5  Memory Usage: 4145kB  Disk Usage: 208kB
                    Buffers: shared hit=534, temp read=8 written=31
                    ->  Seq Scan on follow fwe  (cost=0.00..1533.96 rows=99996 width=5) (actual rows=99996 loops=1)
                          Buffers: shared hit=534
Planning Time: 0.230 ms
Execution Time: 108.550 ms",105.274,6658.12,25020,"HashAggregate  (cost=6656.12..6658.12 rows=200 width=13) (actual rows=25020 loops=1)
  Group Key: fwe.follower
  Batches: 1  Memory Usage: 2849kB
  Buffers: shared hit=1068, temp read=8 written=31
  ->  Hash Join  (cost=3396.67..5193.18 rows=292588 width=10) (actual rows=99704 loops=1)
        Hash Cond: ((fwer.followee)::text = (fwe.follower)::text)
        Buffers: shared hit=1068, temp read=8 written=31
        ->  Seq Scan on follow fwer  (cost=0.00..1533.96 rows=99996 width=9) (actual rows=99996 loops=1)
              Buffers: shared hit=534
        ->  Hash  (cost=2776.39..2776.39 rows=49622 width=5) (actual rows=49999 loops=1)
              Buckets: 65536  Batches: 1  Memory Usage: 2357kB
              Buffers: shared hit=534, temp read=8 written=31
              ->  HashAggregate  (cost=1783.95..2280.17 rows=49622 width=5) (actual rows=49999 loops=1)
                    Group Key: fwe.follower
                    Batches: 5  Memory Usage: 4145kB  Disk Usage: 208kB
                    Buffers: shared hit=534, temp read=8 written=31
                    ->  Seq Scan on follow fwe  (cost=0.00..1533.96 rows=99996 width=5) (actual rows=99996 loops=1)
                          Buffers: shared hit=534
Planning Time: 0.184 ms
Execution Time: 105.274 ms",112.21,6658.12,25020,"HashAggregate  (cost=6656.12..6658.12 rows=200 width=13) (actual rows=25020 loops=1)
  Group Key: fwe.follower
  Batches: 1  Memory Usage: 2849kB
  Buffers: shared hit=1068, temp read=8 written=31
  ->  Hash Join  (cost=3396.67..5193.18 rows=292588 width=10) (actual rows=99704 loops=1)
        Hash Cond: ((fwer.followee)::text = (fwe.follower)::text)
        Buffers: shared hit=1068, temp read=8 written=31
        ->  Seq Scan on follow fwer  (cost=0.00..1533.96 rows=99996 width=9) (actual rows=99996 loops=1)
              Buffers: shared hit=534
        ->  Hash  (cost=2776.39..2776.39 rows=49622 width=5) (actual rows=49999 loops=1)
              Buckets: 65536  Batches: 1  Memory Usage: 2357kB
              Buffers: shared hit=534, temp read=8 written=31
              ->  HashAggregate  (cost=1783.95..2280.17 rows=49622 width=5) (actual rows=49999 loops=1)
                    Group Key: fwe.follower
                    Batches: 5  Memory Usage: 4145kB  Disk Usage: 208kB
                    Buffers: shared hit=534, temp read=8 written=31
                    ->  Seq Scan on follow fwe  (cost=0.00..1533.96 rows=99996 width=5) (actual rows=99996 loops=1)
                          Buffers: shared hit=534
Planning Time: 0.187 ms
Execution Time: 112.210 ms",108.067,6658.12,25020,"HashAggregate  (cost=6656.12..6658.12 rows=200 width=13) (actual rows=25020 loops=1)
  Group Key: fwe.follower
  Batches: 1  Memory Usage: 2849kB
  Buffers: shared hit=1068, temp read=8 written=31
  ->  Hash Join  (cost=3396.67..5193.18 rows=292588 width=10) (actual rows=99704 loops=1)
        Hash Cond: ((fwer.followee)::text = (fwe.follower)::text)
        Buffers: shared hit=1068, temp read=8 written=31
        ->  Seq Scan on follow fwer  (cost=0.00..1533.96 rows=99996 width=9) (actual rows=99996 loops=1)
              Buffers: shared hit=534
        ->  Hash  (cost=2776.39..2776.39 rows=49622 width=5) (actual rows=49999 loops=1)
              Buckets: 65536  Batches: 1  Memory Usage: 2357kB
              Buffers: shared hit=534, temp read=8 written=31
              ->  HashAggregate  (cost=1783.95..2280.17 rows=49622 width=5) (actual rows=49999 loops=1)
                    Group Key: fwe.follower
                    Batches: 5  Memory Usage: 4145kB  Disk Usage: 208kB
                    Buffers: shared hit=534, temp read=8 written=31
                    ->  Seq Scan on follow fwe  (cost=0.00..1533.96 rows=99996 width=5) (actual rows=99996 loops=1)
                          Buffers: shared hit=534
Planning Time: 0.204 ms
Execution Time: 108.067 ms",107.7428,108.067,110.38,113.674,6658.12,6658.12,25020,25020,25020,25020
405,614,366,Medium,"select distinct t_cte_7.c_followee2 as follower, t_cte_7.c_count1 as num from (select count(f2.follower) as c_count1, f2.followee as c_followee2 from schema_614.follow as f2 group by f2.followee) as t_cte_7 inner join (select f1.follower as c_follower1 from schema_614.follow as f1) as t_cte_41 on t_cte_41.c_follower1 = t_cte_7.c_followee2 where 1 <= t_cte_7.c_count1",78.095,4232.2,25020,"HashAggregate  (cost=4226.55..4232.20 rows=565 width=12) (actual rows=25020 loops=1)
  Group Key: t_cte_7.c_followee2, t_cte_7.c_count1
  Batches: 1  Memory Usage: 2065kB
  Buffers: shared hit=1068
  ->  Hash Join  (cost=2373.12..4169.59 rows=11392 width=12) (actual rows=50038 loops=1)
        Hash Cond: ((f1.follower)::text = (t_cte_7.c_followee2)::text)
        Buffers: shared hit=1068
        ->  Seq Scan on follow f1  (cost=0.00..1533.96 rows=99996 width=5) (actual rows=99996 loops=1)
              Buffers: shared hit=534
        ->  Hash  (cost=2302.46..2302.46 rows=5653 width=12) (actual rows=25021 loops=1)
              Buckets: 32768 (originally 8192)  Batches: 1 (originally 1)  Memory Usage: 1429kB
              Buffers: shared hit=534
              ->  Subquery Scan on t_cte_7  (cost=2033.94..2302.46 rows=5653 width=12) (actual rows=25021 loops=1)
                    Buffers: shared hit=534
                    ->  HashAggregate  (cost=2033.94..2245.93 rows=5653 width=12) (actual rows=25021 loops=1)
                          Group Key: f2.followee
                          Filter: (1 <= count(f2.follower))
                          Batches: 1  Memory Usage: 2833kB
                          Buffers: shared hit=534
                          ->  Seq Scan on follow f2  (cost=0.00..1533.96 rows=99996 width=9) (actual rows=99996 loops=1)
                                Buffers: shared hit=534
Planning Time: 0.191 ms
Execution Time: 78.095 ms",87.555,4232.2,25020,"HashAggregate  (cost=4226.55..4232.20 rows=565 width=12) (actual rows=25020 loops=1)
  Group Key: t_cte_7.c_followee2, t_cte_7.c_count1
  Batches: 1  Memory Usage: 2065kB
  Buffers: shared hit=1068
  ->  Hash Join  (cost=2373.12..4169.59 rows=11392 width=12) (actual rows=50038 loops=1)
        Hash Cond: ((f1.follower)::text = (t_cte_7.c_followee2)::text)
        Buffers: shared hit=1068
        ->  Seq Scan on follow f1  (cost=0.00..1533.96 rows=99996 width=5) (actual rows=99996 loops=1)
              Buffers: shared hit=534
        ->  Hash  (cost=2302.46..2302.46 rows=5653 width=12) (actual rows=25021 loops=1)
              Buckets: 32768 (originally 8192)  Batches: 1 (originally 1)  Memory Usage: 1429kB
              Buffers: shared hit=534
              ->  Subquery Scan on t_cte_7  (cost=2033.94..2302.46 rows=5653 width=12) (actual rows=25021 loops=1)
                    Buffers: shared hit=534
                    ->  HashAggregate  (cost=2033.94..2245.93 rows=5653 width=12) (actual rows=25021 loops=1)
                          Group Key: f2.followee
                          Filter: (1 <= count(f2.follower))
                          Batches: 1  Memory Usage: 2833kB
                          Buffers: shared hit=534
                          ->  Seq Scan on follow f2  (cost=0.00..1533.96 rows=99996 width=9) (actual rows=99996 loops=1)
                                Buffers: shared hit=534
Planning Time: 0.204 ms
Execution Time: 87.555 ms",87.041,4232.2,25020,"HashAggregate  (cost=4226.55..4232.20 rows=565 width=12) (actual rows=25020 loops=1)
  Group Key: t_cte_7.c_followee2, t_cte_7.c_count1
  Batches: 1  Memory Usage: 2065kB
  Buffers: shared hit=1068
  ->  Hash Join  (cost=2373.12..4169.59 rows=11392 width=12) (actual rows=50038 loops=1)
        Hash Cond: ((f1.follower)::text = (t_cte_7.c_followee2)::text)
        Buffers: shared hit=1068
        ->  Seq Scan on follow f1  (cost=0.00..1533.96 rows=99996 width=5) (actual rows=99996 loops=1)
              Buffers: shared hit=534
        ->  Hash  (cost=2302.46..2302.46 rows=5653 width=12) (actual rows=25021 loops=1)
              Buckets: 32768 (originally 8192)  Batches: 1 (originally 1)  Memory Usage: 1429kB
              Buffers: shared hit=534
              ->  Subquery Scan on t_cte_7  (cost=2033.94..2302.46 rows=5653 width=12) (actual rows=25021 loops=1)
                    Buffers: shared hit=534
                    ->  HashAggregate  (cost=2033.94..2245.93 rows=5653 width=12) (actual rows=25021 loops=1)
                          Group Key: f2.followee
                          Filter: (1 <= count(f2.follower))
                          Batches: 1  Memory Usage: 2833kB
                          Buffers: shared hit=534
                          ->  Seq Scan on follow f2  (cost=0.00..1533.96 rows=99996 width=9) (actual rows=99996 loops=1)
                                Buffers: shared hit=534
Planning Time: 0.211 ms
Execution Time: 87.041 ms",84.307,4232.2,25020,"HashAggregate  (cost=4226.55..4232.20 rows=565 width=12) (actual rows=25020 loops=1)
  Group Key: t_cte_7.c_followee2, t_cte_7.c_count1
  Batches: 1  Memory Usage: 2065kB
  Buffers: shared hit=1068
  ->  Hash Join  (cost=2373.12..4169.59 rows=11392 width=12) (actual rows=50038 loops=1)
        Hash Cond: ((f1.follower)::text = (t_cte_7.c_followee2)::text)
        Buffers: shared hit=1068
        ->  Seq Scan on follow f1  (cost=0.00..1533.96 rows=99996 width=5) (actual rows=99996 loops=1)
              Buffers: shared hit=534
        ->  Hash  (cost=2302.46..2302.46 rows=5653 width=12) (actual rows=25021 loops=1)
              Buckets: 32768 (originally 8192)  Batches: 1 (originally 1)  Memory Usage: 1429kB
              Buffers: shared hit=534
              ->  Subquery Scan on t_cte_7  (cost=2033.94..2302.46 rows=5653 width=12) (actual rows=25021 loops=1)
                    Buffers: shared hit=534
                    ->  HashAggregate  (cost=2033.94..2245.93 rows=5653 width=12) (actual rows=25021 loops=1)
                          Group Key: f2.followee
                          Filter: (1 <= count(f2.follower))
                          Batches: 1  Memory Usage: 2833kB
                          Buffers: shared hit=534
                          ->  Seq Scan on follow f2  (cost=0.00..1533.96 rows=99996 width=9) (actual rows=99996 loops=1)
                                Buffers: shared hit=534
Planning Time: 0.237 ms
Execution Time: 84.307 ms",84.36,4232.2,25020,"HashAggregate  (cost=4226.55..4232.20 rows=565 width=12) (actual rows=25020 loops=1)
  Group Key: t_cte_7.c_followee2, t_cte_7.c_count1
  Batches: 1  Memory Usage: 2065kB
  Buffers: shared hit=1068
  ->  Hash Join  (cost=2373.12..4169.59 rows=11392 width=12) (actual rows=50038 loops=1)
        Hash Cond: ((f1.follower)::text = (t_cte_7.c_followee2)::text)
        Buffers: shared hit=1068
        ->  Seq Scan on follow f1  (cost=0.00..1533.96 rows=99996 width=5) (actual rows=99996 loops=1)
              Buffers: shared hit=534
        ->  Hash  (cost=2302.46..2302.46 rows=5653 width=12) (actual rows=25021 loops=1)
              Buckets: 32768 (originally 8192)  Batches: 1 (originally 1)  Memory Usage: 1429kB
              Buffers: shared hit=534
              ->  Subquery Scan on t_cte_7  (cost=2033.94..2302.46 rows=5653 width=12) (actual rows=25021 loops=1)
                    Buffers: shared hit=534
                    ->  HashAggregate  (cost=2033.94..2245.93 rows=5653 width=12) (actual rows=25021 loops=1)
                          Group Key: f2.followee
                          Filter: (1 <= count(f2.follower))
                          Batches: 1  Memory Usage: 2833kB
                          Buffers: shared hit=534
                          ->  Seq Scan on follow f2  (cost=0.00..1533.96 rows=99996 width=9) (actual rows=99996 loops=1)
                                Buffers: shared hit=534
Planning Time: 0.337 ms
Execution Time: 84.360 ms",84.2716,84.36,87.298,87.7606,4232.2,4232.2,25020,25020,25020,25020
406,614,367,Medium,"select distinct t_cte_2.c_followee0 as follower, t_cte_2.c_count0 as num from (select count(a.follower) as c_count0, a.followee as c_followee0 from schema_614.follow as a group by a.followee) as t_cte_2 inner join schema_614.follow as b on t_cte_2.c_followee0 = b.follower",77.055,4569.41,25020,"HashAggregate  (cost=4552.45..4569.41 rows=1696 width=12) (actual rows=25020 loops=1)
  Group Key: t_cte_2.c_followee0, t_cte_2.c_count0
  Batches: 1  Memory Usage: 2065kB
  Buffers: shared hit=1068
  ->  Hash Join  (cost=2585.11..4381.58 rows=34175 width=12) (actual rows=50038 loops=1)
        Hash Cond: ((b.follower)::text = (t_cte_2.c_followee0)::text)
        Buffers: shared hit=1068
        ->  Seq Scan on follow b  (cost=0.00..1533.96 rows=99996 width=5) (actual rows=99996 loops=1)
              Buffers: shared hit=534
        ->  Hash  (cost=2373.12..2373.12 rows=16959 width=12) (actual rows=25021 loops=1)
              Buckets: 32768  Batches: 1  Memory Usage: 1429kB
              Buffers: shared hit=534
              ->  Subquery Scan on t_cte_2  (cost=2033.94..2373.12 rows=16959 width=12) (actual rows=25021 loops=1)
                    Buffers: shared hit=534
                    ->  HashAggregate  (cost=2033.94..2203.53 rows=16959 width=12) (actual rows=25021 loops=1)
                          Group Key: a.followee
                          Batches: 1  Memory Usage: 2833kB
                          Buffers: shared hit=534
                          ->  Seq Scan on follow a  (cost=0.00..1533.96 rows=99996 width=9) (actual rows=99996 loops=1)
                                Buffers: shared hit=534
Planning Time: 0.112 ms
Execution Time: 77.055 ms",83.046,4569.41,25020,"HashAggregate  (cost=4552.45..4569.41 rows=1696 width=12) (actual rows=25020 loops=1)
  Group Key: t_cte_2.c_followee0, t_cte_2.c_count0
  Batches: 1  Memory Usage: 2065kB
  Buffers: shared hit=1068
  ->  Hash Join  (cost=2585.11..4381.58 rows=34175 width=12) (actual rows=50038 loops=1)
        Hash Cond: ((b.follower)::text = (t_cte_2.c_followee0)::text)
        Buffers: shared hit=1068
        ->  Seq Scan on follow b  (cost=0.00..1533.96 rows=99996 width=5) (actual rows=99996 loops=1)
              Buffers: shared hit=534
        ->  Hash  (cost=2373.12..2373.12 rows=16959 width=12) (actual rows=25021 loops=1)
              Buckets: 32768  Batches: 1  Memory Usage: 1429kB
              Buffers: shared hit=534
              ->  Subquery Scan on t_cte_2  (cost=2033.94..2373.12 rows=16959 width=12) (actual rows=25021 loops=1)
                    Buffers: shared hit=534
                    ->  HashAggregate  (cost=2033.94..2203.53 rows=16959 width=12) (actual rows=25021 loops=1)
                          Group Key: a.followee
                          Batches: 1  Memory Usage: 2833kB
                          Buffers: shared hit=534
                          ->  Seq Scan on follow a  (cost=0.00..1533.96 rows=99996 width=9) (actual rows=99996 loops=1)
                                Buffers: shared hit=534
Planning Time: 0.152 ms
Execution Time: 83.046 ms",89.392,4569.41,25020,"HashAggregate  (cost=4552.45..4569.41 rows=1696 width=12) (actual rows=25020 loops=1)
  Group Key: t_cte_2.c_followee0, t_cte_2.c_count0
  Batches: 1  Memory Usage: 2065kB
  Buffers: shared hit=1068
  ->  Hash Join  (cost=2585.11..4381.58 rows=34175 width=12) (actual rows=50038 loops=1)
        Hash Cond: ((b.follower)::text = (t_cte_2.c_followee0)::text)
        Buffers: shared hit=1068
        ->  Seq Scan on follow b  (cost=0.00..1533.96 rows=99996 width=5) (actual rows=99996 loops=1)
              Buffers: shared hit=534
        ->  Hash  (cost=2373.12..2373.12 rows=16959 width=12) (actual rows=25021 loops=1)
              Buckets: 32768  Batches: 1  Memory Usage: 1429kB
              Buffers: shared hit=534
              ->  Subquery Scan on t_cte_2  (cost=2033.94..2373.12 rows=16959 width=12) (actual rows=25021 loops=1)
                    Buffers: shared hit=534
                    ->  HashAggregate  (cost=2033.94..2203.53 rows=16959 width=12) (actual rows=25021 loops=1)
                          Group Key: a.followee
                          Batches: 1  Memory Usage: 2833kB
                          Buffers: shared hit=534
                          ->  Seq Scan on follow a  (cost=0.00..1533.96 rows=99996 width=9) (actual rows=99996 loops=1)
                                Buffers: shared hit=534
Planning Time: 0.179 ms
Execution Time: 89.392 ms",84.179,4569.41,25020,"HashAggregate  (cost=4552.45..4569.41 rows=1696 width=12) (actual rows=25020 loops=1)
  Group Key: t_cte_2.c_followee0, t_cte_2.c_count0
  Batches: 1  Memory Usage: 2065kB
  Buffers: shared hit=1068
  ->  Hash Join  (cost=2585.11..4381.58 rows=34175 width=12) (actual rows=50038 loops=1)
        Hash Cond: ((b.follower)::text = (t_cte_2.c_followee0)::text)
        Buffers: shared hit=1068
        ->  Seq Scan on follow b  (cost=0.00..1533.96 rows=99996 width=5) (actual rows=99996 loops=1)
              Buffers: shared hit=534
        ->  Hash  (cost=2373.12..2373.12 rows=16959 width=12) (actual rows=25021 loops=1)
              Buckets: 32768  Batches: 1  Memory Usage: 1429kB
              Buffers: shared hit=534
              ->  Subquery Scan on t_cte_2  (cost=2033.94..2373.12 rows=16959 width=12) (actual rows=25021 loops=1)
                    Buffers: shared hit=534
                    ->  HashAggregate  (cost=2033.94..2203.53 rows=16959 width=12) (actual rows=25021 loops=1)
                          Group Key: a.followee
                          Batches: 1  Memory Usage: 2833kB
                          Buffers: shared hit=534
                          ->  Seq Scan on follow a  (cost=0.00..1533.96 rows=99996 width=9) (actual rows=99996 loops=1)
                                Buffers: shared hit=534
Planning Time: 0.194 ms
Execution Time: 84.179 ms",89.252,4569.41,25020,"HashAggregate  (cost=4552.45..4569.41 rows=1696 width=12) (actual rows=25020 loops=1)
  Group Key: t_cte_2.c_followee0, t_cte_2.c_count0
  Batches: 1  Memory Usage: 2065kB
  Buffers: shared hit=1068
  ->  Hash Join  (cost=2585.11..4381.58 rows=34175 width=12) (actual rows=50038 loops=1)
        Hash Cond: ((b.follower)::text = (t_cte_2.c_followee0)::text)
        Buffers: shared hit=1068
        ->  Seq Scan on follow b  (cost=0.00..1533.96 rows=99996 width=5) (actual rows=99996 loops=1)
              Buffers: shared hit=534
        ->  Hash  (cost=2373.12..2373.12 rows=16959 width=12) (actual rows=25021 loops=1)
              Buckets: 32768  Batches: 1  Memory Usage: 1429kB
              Buffers: shared hit=534
              ->  Subquery Scan on t_cte_2  (cost=2033.94..2373.12 rows=16959 width=12) (actual rows=25021 loops=1)
                    Buffers: shared hit=534
                    ->  HashAggregate  (cost=2033.94..2203.53 rows=16959 width=12) (actual rows=25021 loops=1)
                          Group Key: a.followee
                          Batches: 1  Memory Usage: 2833kB
                          Buffers: shared hit=534
                          ->  Seq Scan on follow a  (cost=0.00..1533.96 rows=99996 width=9) (actual rows=99996 loops=1)
                                Buffers: shared hit=534
Planning Time: 0.312 ms
Execution Time: 89.252 ms",84.5848,84.179,89.322,89.448,4569.41,4569.41,25020,25020,25020,25020
407,614,369,Medium,"select distinct t_cte_6.c_followee0 as follower, t_cte_6.c_count0 as num from schema_614.follow as t_follow_0 inner join (select count(t1.follower) as c_count0, t1.followee as c_followee0 from schema_614.follow as t1 group by t1.followee) as t_cte_6 on t_cte_6.c_followee0 = t_follow_0.follower",77.858,4569.41,25020,"HashAggregate  (cost=4552.45..4569.41 rows=1696 width=12) (actual rows=25020 loops=1)
  Group Key: t_cte_6.c_followee0, t_cte_6.c_count0
  Batches: 1  Memory Usage: 2065kB
  Buffers: shared hit=1068
  ->  Hash Join  (cost=2585.11..4381.58 rows=34175 width=12) (actual rows=50038 loops=1)
        Hash Cond: ((t_follow_0.follower)::text = (t_cte_6.c_followee0)::text)
        Buffers: shared hit=1068
        ->  Seq Scan on follow t_follow_0  (cost=0.00..1533.96 rows=99996 width=5) (actual rows=99996 loops=1)
              Buffers: shared hit=534
        ->  Hash  (cost=2373.12..2373.12 rows=16959 width=12) (actual rows=25021 loops=1)
              Buckets: 32768  Batches: 1  Memory Usage: 1429kB
              Buffers: shared hit=534
              ->  Subquery Scan on t_cte_6  (cost=2033.94..2373.12 rows=16959 width=12) (actual rows=25021 loops=1)
                    Buffers: shared hit=534
                    ->  HashAggregate  (cost=2033.94..2203.53 rows=16959 width=12) (actual rows=25021 loops=1)
                          Group Key: t1.followee
                          Batches: 1  Memory Usage: 2833kB
                          Buffers: shared hit=534
                          ->  Seq Scan on follow t1  (cost=0.00..1533.96 rows=99996 width=9) (actual rows=99996 loops=1)
                                Buffers: shared hit=534
Planning Time: 0.171 ms
Execution Time: 77.858 ms",86.035,4569.41,25020,"HashAggregate  (cost=4552.45..4569.41 rows=1696 width=12) (actual rows=25020 loops=1)
  Group Key: t_cte_6.c_followee0, t_cte_6.c_count0
  Batches: 1  Memory Usage: 2065kB
  Buffers: shared hit=1068
  ->  Hash Join  (cost=2585.11..4381.58 rows=34175 width=12) (actual rows=50038 loops=1)
        Hash Cond: ((t_follow_0.follower)::text = (t_cte_6.c_followee0)::text)
        Buffers: shared hit=1068
        ->  Seq Scan on follow t_follow_0  (cost=0.00..1533.96 rows=99996 width=5) (actual rows=99996 loops=1)
              Buffers: shared hit=534
        ->  Hash  (cost=2373.12..2373.12 rows=16959 width=12) (actual rows=25021 loops=1)
              Buckets: 32768  Batches: 1  Memory Usage: 1429kB
              Buffers: shared hit=534
              ->  Subquery Scan on t_cte_6  (cost=2033.94..2373.12 rows=16959 width=12) (actual rows=25021 loops=1)
                    Buffers: shared hit=534
                    ->  HashAggregate  (cost=2033.94..2203.53 rows=16959 width=12) (actual rows=25021 loops=1)
                          Group Key: t1.followee
                          Batches: 1  Memory Usage: 2833kB
                          Buffers: shared hit=534
                          ->  Seq Scan on follow t1  (cost=0.00..1533.96 rows=99996 width=9) (actual rows=99996 loops=1)
                                Buffers: shared hit=534
Planning Time: 0.229 ms
Execution Time: 86.035 ms",90.451,4569.41,25020,"HashAggregate  (cost=4552.45..4569.41 rows=1696 width=12) (actual rows=25020 loops=1)
  Group Key: t_cte_6.c_followee0, t_cte_6.c_count0
  Batches: 1  Memory Usage: 2065kB
  Buffers: shared hit=1068
  ->  Hash Join  (cost=2585.11..4381.58 rows=34175 width=12) (actual rows=50038 loops=1)
        Hash Cond: ((t_follow_0.follower)::text = (t_cte_6.c_followee0)::text)
        Buffers: shared hit=1068
        ->  Seq Scan on follow t_follow_0  (cost=0.00..1533.96 rows=99996 width=5) (actual rows=99996 loops=1)
              Buffers: shared hit=534
        ->  Hash  (cost=2373.12..2373.12 rows=16959 width=12) (actual rows=25021 loops=1)
              Buckets: 32768  Batches: 1  Memory Usage: 1429kB
              Buffers: shared hit=534
              ->  Subquery Scan on t_cte_6  (cost=2033.94..2373.12 rows=16959 width=12) (actual rows=25021 loops=1)
                    Buffers: shared hit=534
                    ->  HashAggregate  (cost=2033.94..2203.53 rows=16959 width=12) (actual rows=25021 loops=1)
                          Group Key: t1.followee
                          Batches: 1  Memory Usage: 2833kB
                          Buffers: shared hit=534
                          ->  Seq Scan on follow t1  (cost=0.00..1533.96 rows=99996 width=9) (actual rows=99996 loops=1)
                                Buffers: shared hit=534
Planning Time: 0.199 ms
Execution Time: 90.451 ms",88.349,4569.41,25020,"HashAggregate  (cost=4552.45..4569.41 rows=1696 width=12) (actual rows=25020 loops=1)
  Group Key: t_cte_6.c_followee0, t_cte_6.c_count0
  Batches: 1  Memory Usage: 2065kB
  Buffers: shared hit=1068
  ->  Hash Join  (cost=2585.11..4381.58 rows=34175 width=12) (actual rows=50038 loops=1)
        Hash Cond: ((t_follow_0.follower)::text = (t_cte_6.c_followee0)::text)
        Buffers: shared hit=1068
        ->  Seq Scan on follow t_follow_0  (cost=0.00..1533.96 rows=99996 width=5) (actual rows=99996 loops=1)
              Buffers: shared hit=534
        ->  Hash  (cost=2373.12..2373.12 rows=16959 width=12) (actual rows=25021 loops=1)
              Buckets: 32768  Batches: 1  Memory Usage: 1429kB
              Buffers: shared hit=534
              ->  Subquery Scan on t_cte_6  (cost=2033.94..2373.12 rows=16959 width=12) (actual rows=25021 loops=1)
                    Buffers: shared hit=534
                    ->  HashAggregate  (cost=2033.94..2203.53 rows=16959 width=12) (actual rows=25021 loops=1)
                          Group Key: t1.followee
                          Batches: 1  Memory Usage: 2833kB
                          Buffers: shared hit=534
                          ->  Seq Scan on follow t1  (cost=0.00..1533.96 rows=99996 width=9) (actual rows=99996 loops=1)
                                Buffers: shared hit=534
Planning Time: 0.180 ms
Execution Time: 88.349 ms",87.035,4569.41,25020,"HashAggregate  (cost=4552.45..4569.41 rows=1696 width=12) (actual rows=25020 loops=1)
  Group Key: t_cte_6.c_followee0, t_cte_6.c_count0
  Batches: 1  Memory Usage: 2065kB
  Buffers: shared hit=1068
  ->  Hash Join  (cost=2585.11..4381.58 rows=34175 width=12) (actual rows=50038 loops=1)
        Hash Cond: ((t_follow_0.follower)::text = (t_cte_6.c_followee0)::text)
        Buffers: shared hit=1068
        ->  Seq Scan on follow t_follow_0  (cost=0.00..1533.96 rows=99996 width=5) (actual rows=99996 loops=1)
              Buffers: shared hit=534
        ->  Hash  (cost=2373.12..2373.12 rows=16959 width=12) (actual rows=25021 loops=1)
              Buckets: 32768  Batches: 1  Memory Usage: 1429kB
              Buffers: shared hit=534
              ->  Subquery Scan on t_cte_6  (cost=2033.94..2373.12 rows=16959 width=12) (actual rows=25021 loops=1)
                    Buffers: shared hit=534
                    ->  HashAggregate  (cost=2033.94..2203.53 rows=16959 width=12) (actual rows=25021 loops=1)
                          Group Key: t1.followee
                          Batches: 1  Memory Usage: 2833kB
                          Buffers: shared hit=534
                          ->  Seq Scan on follow t1  (cost=0.00..1533.96 rows=99996 width=9) (actual rows=99996 loops=1)
                                Buffers: shared hit=534
Planning Time: 0.182 ms
Execution Time: 87.035 ms",85.9456,87.035,89.4,91.2918,4569.41,4569.41,25020,25020,25020,25020
408,614,372,Medium,"select t_cte_10.c_follower0 as follower, count(tb2.follower) as num from schema_614.follow as tb2 inner join (select tb1.follower as c_follower0 from schema_614.follow as tb1 group by tb1.follower) as t_cte_10 on t_cte_10.c_follower0 = tb2.followee group by t_cte_10.c_follower0",100.604,6658.12,25020,"HashAggregate  (cost=6656.12..6658.12 rows=200 width=13) (actual rows=25020 loops=1)
  Group Key: tb1.follower
  Batches: 1  Memory Usage: 2849kB
  Buffers: shared hit=1068, temp read=8 written=31
  ->  Hash Join  (cost=3396.67..5193.18 rows=292588 width=10) (actual rows=99704 loops=1)
        Hash Cond: ((tb2.followee)::text = (tb1.follower)::text)
        Buffers: shared hit=1068, temp read=8 written=31
        ->  Seq Scan on follow tb2  (cost=0.00..1533.96 rows=99996 width=9) (actual rows=99996 loops=1)
              Buffers: shared hit=534
        ->  Hash  (cost=2776.39..2776.39 rows=49622 width=5) (actual rows=49999 loops=1)
              Buckets: 65536  Batches: 1  Memory Usage: 2357kB
              Buffers: shared hit=534, temp read=8 written=31
              ->  HashAggregate  (cost=1783.95..2280.17 rows=49622 width=5) (actual rows=49999 loops=1)
                    Group Key: tb1.follower
                    Batches: 5  Memory Usage: 4145kB  Disk Usage: 208kB
                    Buffers: shared hit=534, temp read=8 written=31
                    ->  Seq Scan on follow tb1  (cost=0.00..1533.96 rows=99996 width=5) (actual rows=99996 loops=1)
                          Buffers: shared hit=534
Planning Time: 0.143 ms
Execution Time: 100.604 ms",110.568,6658.12,25020,"HashAggregate  (cost=6656.12..6658.12 rows=200 width=13) (actual rows=25020 loops=1)
  Group Key: tb1.follower
  Batches: 1  Memory Usage: 2849kB
  Buffers: shared hit=1068, temp read=8 written=31
  ->  Hash Join  (cost=3396.67..5193.18 rows=292588 width=10) (actual rows=99704 loops=1)
        Hash Cond: ((tb2.followee)::text = (tb1.follower)::text)
        Buffers: shared hit=1068, temp read=8 written=31
        ->  Seq Scan on follow tb2  (cost=0.00..1533.96 rows=99996 width=9) (actual rows=99996 loops=1)
              Buffers: shared hit=534
        ->  Hash  (cost=2776.39..2776.39 rows=49622 width=5) (actual rows=49999 loops=1)
              Buckets: 65536  Batches: 1  Memory Usage: 2357kB
              Buffers: shared hit=534, temp read=8 written=31
              ->  HashAggregate  (cost=1783.95..2280.17 rows=49622 width=5) (actual rows=49999 loops=1)
                    Group Key: tb1.follower
                    Batches: 5  Memory Usage: 4145kB  Disk Usage: 208kB
                    Buffers: shared hit=534, temp read=8 written=31
                    ->  Seq Scan on follow tb1  (cost=0.00..1533.96 rows=99996 width=5) (actual rows=99996 loops=1)
                          Buffers: shared hit=534
Planning Time: 0.191 ms
Execution Time: 110.568 ms",107.017,6658.12,25020,"HashAggregate  (cost=6656.12..6658.12 rows=200 width=13) (actual rows=25020 loops=1)
  Group Key: tb1.follower
  Batches: 1  Memory Usage: 2849kB
  Buffers: shared hit=1068, temp read=8 written=31
  ->  Hash Join  (cost=3396.67..5193.18 rows=292588 width=10) (actual rows=99704 loops=1)
        Hash Cond: ((tb2.followee)::text = (tb1.follower)::text)
        Buffers: shared hit=1068, temp read=8 written=31
        ->  Seq Scan on follow tb2  (cost=0.00..1533.96 rows=99996 width=9) (actual rows=99996 loops=1)
              Buffers: shared hit=534
        ->  Hash  (cost=2776.39..2776.39 rows=49622 width=5) (actual rows=49999 loops=1)
              Buckets: 65536  Batches: 1  Memory Usage: 2357kB
              Buffers: shared hit=534, temp read=8 written=31
              ->  HashAggregate  (cost=1783.95..2280.17 rows=49622 width=5) (actual rows=49999 loops=1)
                    Group Key: tb1.follower
                    Batches: 5  Memory Usage: 4145kB  Disk Usage: 208kB
                    Buffers: shared hit=534, temp read=8 written=31
                    ->  Seq Scan on follow tb1  (cost=0.00..1533.96 rows=99996 width=5) (actual rows=99996 loops=1)
                          Buffers: shared hit=534
Planning Time: 0.250 ms
Execution Time: 107.017 ms",107.892,6658.12,25020,"HashAggregate  (cost=6656.12..6658.12 rows=200 width=13) (actual rows=25020 loops=1)
  Group Key: tb1.follower
  Batches: 1  Memory Usage: 2849kB
  Buffers: shared hit=1068, temp read=8 written=31
  ->  Hash Join  (cost=3396.67..5193.18 rows=292588 width=10) (actual rows=99704 loops=1)
        Hash Cond: ((tb2.followee)::text = (tb1.follower)::text)
        Buffers: shared hit=1068, temp read=8 written=31
        ->  Seq Scan on follow tb2  (cost=0.00..1533.96 rows=99996 width=9) (actual rows=99996 loops=1)
              Buffers: shared hit=534
        ->  Hash  (cost=2776.39..2776.39 rows=49622 width=5) (actual rows=49999 loops=1)
              Buckets: 65536  Batches: 1  Memory Usage: 2357kB
              Buffers: shared hit=534, temp read=8 written=31
              ->  HashAggregate  (cost=1783.95..2280.17 rows=49622 width=5) (actual rows=49999 loops=1)
                    Group Key: tb1.follower
                    Batches: 5  Memory Usage: 4145kB  Disk Usage: 208kB
                    Buffers: shared hit=534, temp read=8 written=31
                    ->  Seq Scan on follow tb1  (cost=0.00..1533.96 rows=99996 width=5) (actual rows=99996 loops=1)
                          Buffers: shared hit=534
Planning Time: 0.234 ms
Execution Time: 107.892 ms",107.974,6658.12,25020,"HashAggregate  (cost=6656.12..6658.12 rows=200 width=13) (actual rows=25020 loops=1)
  Group Key: tb1.follower
  Batches: 1  Memory Usage: 2849kB
  Buffers: shared hit=1068, temp read=8 written=31
  ->  Hash Join  (cost=3396.67..5193.18 rows=292588 width=10) (actual rows=99704 loops=1)
        Hash Cond: ((tb2.followee)::text = (tb1.follower)::text)
        Buffers: shared hit=1068, temp read=8 written=31
        ->  Seq Scan on follow tb2  (cost=0.00..1533.96 rows=99996 width=9) (actual rows=99996 loops=1)
              Buffers: shared hit=534
        ->  Hash  (cost=2776.39..2776.39 rows=49622 width=5) (actual rows=49999 loops=1)
              Buckets: 65536  Batches: 1  Memory Usage: 2357kB
              Buffers: shared hit=534, temp read=8 written=31
              ->  HashAggregate  (cost=1783.95..2280.17 rows=49622 width=5) (actual rows=49999 loops=1)
                    Group Key: tb1.follower
                    Batches: 5  Memory Usage: 4145kB  Disk Usage: 208kB
                    Buffers: shared hit=534, temp read=8 written=31
                    ->  Seq Scan on follow tb1  (cost=0.00..1533.96 rows=99996 width=5) (actual rows=99996 loops=1)
                          Buffers: shared hit=534
Planning Time: 0.207 ms
Execution Time: 107.974 ms",106.811,107.892,109.271,111.6056,6658.12,6658.12,25020,25020,25020,25020
410,1050,5,Easy,"select t_actordirector_0.actor_id as actor_id, t_actordirector_0.director_id as director_id from schema_1050.actordirector as t_actordirector_0 group by t_actordirector_0.director_id,t_actordirector_0.actor_id having 3 <= count(t_actordirector_0.timestamp)",41.239,2416,19314,"HashAggregate  (cost=2291.00..2416.00 rows=3333 width=8) (actual rows=19314 loops=1)
  Group Key: director_id, actor_id
  Filter: (3 <= count(""timestamp""))
  Batches: 5  Memory Usage: 4145kB  Disk Usage: 216kB
  Rows Removed by Filter: 12080
  Buffers: shared hit=541, temp read=12 written=34
  ->  Seq Scan on actordirector t_actordirector_0  (cost=0.00..1541.00 rows=100000 width=12) (actual rows=100000 loops=1)
        Buffers: shared hit=541
Planning:
  Buffers: shared hit=3
Planning Time: 0.069 ms
Execution Time: 41.239 ms",48.338,2416,19314,"HashAggregate  (cost=2291.00..2416.00 rows=3333 width=8) (actual rows=19314 loops=1)
  Group Key: director_id, actor_id
  Filter: (3 <= count(""timestamp""))
  Batches: 5  Memory Usage: 4145kB  Disk Usage: 216kB
  Rows Removed by Filter: 12080
  Buffers: shared hit=541, temp read=12 written=34
  ->  Seq Scan on actordirector t_actordirector_0  (cost=0.00..1541.00 rows=100000 width=12) (actual rows=100000 loops=1)
        Buffers: shared hit=541
Planning:
  Buffers: shared hit=3
Planning Time: 0.084 ms
Execution Time: 48.338 ms",48.362,2416,19314,"HashAggregate  (cost=2291.00..2416.00 rows=3333 width=8) (actual rows=19314 loops=1)
  Group Key: director_id, actor_id
  Filter: (3 <= count(""timestamp""))
  Batches: 5  Memory Usage: 4145kB  Disk Usage: 216kB
  Rows Removed by Filter: 12080
  Buffers: shared hit=541, temp read=12 written=34
  ->  Seq Scan on actordirector t_actordirector_0  (cost=0.00..1541.00 rows=100000 width=12) (actual rows=100000 loops=1)
        Buffers: shared hit=541
Planning:
  Buffers: shared hit=3
Planning Time: 0.124 ms
Execution Time: 48.362 ms",47.148,2416,19314,"HashAggregate  (cost=2291.00..2416.00 rows=3333 width=8) (actual rows=19314 loops=1)
  Group Key: director_id, actor_id
  Filter: (3 <= count(""timestamp""))
  Batches: 5  Memory Usage: 4145kB  Disk Usage: 216kB
  Rows Removed by Filter: 12080
  Buffers: shared hit=541, temp read=12 written=34
  ->  Seq Scan on actordirector t_actordirector_0  (cost=0.00..1541.00 rows=100000 width=12) (actual rows=100000 loops=1)
        Buffers: shared hit=541
Planning:
  Buffers: shared hit=3
Planning Time: 0.092 ms
Execution Time: 47.148 ms",46.747,2416,19314,"HashAggregate  (cost=2291.00..2416.00 rows=3333 width=8) (actual rows=19314 loops=1)
  Group Key: director_id, actor_id
  Filter: (3 <= count(""timestamp""))
  Batches: 5  Memory Usage: 4145kB  Disk Usage: 216kB
  Rows Removed by Filter: 12080
  Buffers: shared hit=541, temp read=12 written=34
  ->  Seq Scan on actordirector t_actordirector_0  (cost=0.00..1541.00 rows=100000 width=12) (actual rows=100000 loops=1)
        Buffers: shared hit=541
Planning:
  Buffers: shared hit=3
Planning Time: 0.086 ms
Execution Time: 46.747 ms",46.3668,47.148,48.35,48.3716,2416,2416,19314,19314,19314,19314
411,1050,13,Easy,"select t_actordirector_0.actor_id as actor_id, t_actordirector_0.director_id as director_id from schema_1050.actordirector as t_actordirector_0 group by t_actordirector_0.actor_id,t_actordirector_0.director_id having 3 <= count(t_actordirector_0.timestamp)",36.673,2416,19314,"HashAggregate  (cost=2291.00..2416.00 rows=3333 width=8) (actual rows=19314 loops=1)
  Group Key: actor_id, director_id
  Filter: (3 <= count(""timestamp""))
  Batches: 5  Memory Usage: 4145kB  Disk Usage: 216kB
  Rows Removed by Filter: 12080
  Buffers: shared hit=541, temp read=12 written=35
  ->  Seq Scan on actordirector t_actordirector_0  (cost=0.00..1541.00 rows=100000 width=12) (actual rows=100000 loops=1)
        Buffers: shared hit=541
Planning:
  Buffers: shared hit=3
Planning Time: 0.073 ms
Execution Time: 36.673 ms",46.875,2416,19314,"HashAggregate  (cost=2291.00..2416.00 rows=3333 width=8) (actual rows=19314 loops=1)
  Group Key: actor_id, director_id
  Filter: (3 <= count(""timestamp""))
  Batches: 5  Memory Usage: 4145kB  Disk Usage: 216kB
  Rows Removed by Filter: 12080
  Buffers: shared hit=541, temp read=12 written=35
  ->  Seq Scan on actordirector t_actordirector_0  (cost=0.00..1541.00 rows=100000 width=12) (actual rows=100000 loops=1)
        Buffers: shared hit=541
Planning:
  Buffers: shared hit=3
Planning Time: 0.094 ms
Execution Time: 46.875 ms",46.813,2416,19314,"HashAggregate  (cost=2291.00..2416.00 rows=3333 width=8) (actual rows=19314 loops=1)
  Group Key: actor_id, director_id
  Filter: (3 <= count(""timestamp""))
  Batches: 5  Memory Usage: 4145kB  Disk Usage: 216kB
  Rows Removed by Filter: 12080
  Buffers: shared hit=541, temp read=12 written=35
  ->  Seq Scan on actordirector t_actordirector_0  (cost=0.00..1541.00 rows=100000 width=12) (actual rows=100000 loops=1)
        Buffers: shared hit=541
Planning:
  Buffers: shared hit=3
Planning Time: 0.132 ms
Execution Time: 46.813 ms",56.453,2416,19314,"HashAggregate  (cost=2291.00..2416.00 rows=3333 width=8) (actual rows=19314 loops=1)
  Group Key: actor_id, director_id
  Filter: (3 <= count(""timestamp""))
  Batches: 5  Memory Usage: 4145kB  Disk Usage: 216kB
  Rows Removed by Filter: 12080
  Buffers: shared hit=541, temp read=12 written=35
  ->  Seq Scan on actordirector t_actordirector_0  (cost=0.00..1541.00 rows=100000 width=12) (actual rows=100000 loops=1)
        Buffers: shared hit=541
Planning:
  Buffers: shared hit=3
Planning Time: 0.088 ms
Execution Time: 56.453 ms",49.519,2416,19314,"HashAggregate  (cost=2291.00..2416.00 rows=3333 width=8) (actual rows=19314 loops=1)
  Group Key: actor_id, director_id
  Filter: (3 <= count(""timestamp""))
  Batches: 5  Memory Usage: 4145kB  Disk Usage: 216kB
  Rows Removed by Filter: 12080
  Buffers: shared hit=541, temp read=12 written=35
  ->  Seq Scan on actordirector t_actordirector_0  (cost=0.00..1541.00 rows=100000 width=12) (actual rows=100000 loops=1)
        Buffers: shared hit=541
Planning:
  Buffers: shared hit=3
Planning Time: 0.094 ms
Execution Time: 49.519 ms",47.2666,46.875,52.986,59.2266,2416,2416,19314,19314,19314,19314
413,1050,16,Easy,"select t_actordirector_0.actor_id as actor_id, t_actordirector_0.director_id as director_id from schema_1050.actordirector as t_actordirector_0 group by t_actordirector_0.director_id,t_actordirector_0.actor_id having 3 <= count(t_actordirector_0.timestamp)",38.015,2416,19314,"HashAggregate  (cost=2291.00..2416.00 rows=3333 width=8) (actual rows=19314 loops=1)
  Group Key: director_id, actor_id
  Filter: (3 <= count(""timestamp""))
  Batches: 5  Memory Usage: 4145kB  Disk Usage: 216kB
  Rows Removed by Filter: 12080
  Buffers: shared hit=541, temp read=12 written=34
  ->  Seq Scan on actordirector t_actordirector_0  (cost=0.00..1541.00 rows=100000 width=12) (actual rows=100000 loops=1)
        Buffers: shared hit=541
Planning:
  Buffers: shared hit=3
Planning Time: 0.067 ms
Execution Time: 38.015 ms",45.752,2416,19314,"HashAggregate  (cost=2291.00..2416.00 rows=3333 width=8) (actual rows=19314 loops=1)
  Group Key: director_id, actor_id
  Filter: (3 <= count(""timestamp""))
  Batches: 5  Memory Usage: 4145kB  Disk Usage: 216kB
  Rows Removed by Filter: 12080
  Buffers: shared hit=541, temp read=12 written=34
  ->  Seq Scan on actordirector t_actordirector_0  (cost=0.00..1541.00 rows=100000 width=12) (actual rows=100000 loops=1)
        Buffers: shared hit=541
Planning:
  Buffers: shared hit=3
Planning Time: 0.097 ms
Execution Time: 45.752 ms",44.854,2416,19314,"HashAggregate  (cost=2291.00..2416.00 rows=3333 width=8) (actual rows=19314 loops=1)
  Group Key: director_id, actor_id
  Filter: (3 <= count(""timestamp""))
  Batches: 5  Memory Usage: 4145kB  Disk Usage: 216kB
  Rows Removed by Filter: 12080
  Buffers: shared hit=541, temp read=12 written=34
  ->  Seq Scan on actordirector t_actordirector_0  (cost=0.00..1541.00 rows=100000 width=12) (actual rows=100000 loops=1)
        Buffers: shared hit=541
Planning:
  Buffers: shared hit=3
Planning Time: 0.077 ms
Execution Time: 44.854 ms",85.718,2416,19314,"HashAggregate  (cost=2291.00..2416.00 rows=3333 width=8) (actual rows=19314 loops=1)
  Group Key: director_id, actor_id
  Filter: (3 <= count(""timestamp""))
  Batches: 5  Memory Usage: 4145kB  Disk Usage: 216kB
  Rows Removed by Filter: 12080
  Buffers: shared hit=541, temp read=12 written=34
  ->  Seq Scan on actordirector t_actordirector_0  (cost=0.00..1541.00 rows=100000 width=12) (actual rows=100000 loops=1)
        Buffers: shared hit=541
Planning:
  Buffers: shared hit=3
Planning Time: 0.110 ms
Execution Time: 85.718 ms",47.6,2416,19314,"HashAggregate  (cost=2291.00..2416.00 rows=3333 width=8) (actual rows=19314 loops=1)
  Group Key: director_id, actor_id
  Filter: (3 <= count(""timestamp""))
  Batches: 5  Memory Usage: 4145kB  Disk Usage: 216kB
  Rows Removed by Filter: 12080
  Buffers: shared hit=541, temp read=12 written=34
  ->  Seq Scan on actordirector t_actordirector_0  (cost=0.00..1541.00 rows=100000 width=12) (actual rows=100000 loops=1)
        Buffers: shared hit=541
Planning:
  Buffers: shared hit=3
Planning Time: 0.111 ms
Execution Time: 47.600 ms",52.3878,45.752,66.659,100.9652,2416,2416,19314,19314,19314,19314
415,1050,25,Easy,"select t_actordirector_0.actor_id as actor_id, t_actordirector_0.director_id as director_id from schema_1050.actordirector as t_actordirector_0 group by t_actordirector_0.actor_id,t_actordirector_0.director_id having 2 < count(t_actordirector_0.timestamp)",40.224,2416,19314,"HashAggregate  (cost=2291.00..2416.00 rows=3333 width=8) (actual rows=19314 loops=1)
  Group Key: actor_id, director_id
  Filter: (2 < count(""timestamp""))
  Batches: 5  Memory Usage: 4145kB  Disk Usage: 216kB
  Rows Removed by Filter: 12080
  Buffers: shared hit=541, temp read=12 written=35
  ->  Seq Scan on actordirector t_actordirector_0  (cost=0.00..1541.00 rows=100000 width=12) (actual rows=100000 loops=1)
        Buffers: shared hit=541
Planning:
  Buffers: shared hit=3
Planning Time: 0.088 ms
Execution Time: 40.224 ms",49.454,2416,19314,"HashAggregate  (cost=2291.00..2416.00 rows=3333 width=8) (actual rows=19314 loops=1)
  Group Key: actor_id, director_id
  Filter: (2 < count(""timestamp""))
  Batches: 5  Memory Usage: 4145kB  Disk Usage: 216kB
  Rows Removed by Filter: 12080
  Buffers: shared hit=541, temp read=12 written=35
  ->  Seq Scan on actordirector t_actordirector_0  (cost=0.00..1541.00 rows=100000 width=12) (actual rows=100000 loops=1)
        Buffers: shared hit=541
Planning:
  Buffers: shared hit=3
Planning Time: 0.103 ms
Execution Time: 49.454 ms",48.509,2416,19314,"HashAggregate  (cost=2291.00..2416.00 rows=3333 width=8) (actual rows=19314 loops=1)
  Group Key: actor_id, director_id
  Filter: (2 < count(""timestamp""))
  Batches: 5  Memory Usage: 4145kB  Disk Usage: 216kB
  Rows Removed by Filter: 12080
  Buffers: shared hit=541, temp read=12 written=35
  ->  Seq Scan on actordirector t_actordirector_0  (cost=0.00..1541.00 rows=100000 width=12) (actual rows=100000 loops=1)
        Buffers: shared hit=541
Planning:
  Buffers: shared hit=3
Planning Time: 0.098 ms
Execution Time: 48.509 ms",51.02,2416,19314,"HashAggregate  (cost=2291.00..2416.00 rows=3333 width=8) (actual rows=19314 loops=1)
  Group Key: actor_id, director_id
  Filter: (2 < count(""timestamp""))
  Batches: 5  Memory Usage: 4145kB  Disk Usage: 216kB
  Rows Removed by Filter: 12080
  Buffers: shared hit=541, temp read=12 written=35
  ->  Seq Scan on actordirector t_actordirector_0  (cost=0.00..1541.00 rows=100000 width=12) (actual rows=100000 loops=1)
        Buffers: shared hit=541
Planning:
  Buffers: shared hit=3
Planning Time: 0.090 ms
Execution Time: 51.020 ms",48.076,2416,19314,"HashAggregate  (cost=2291.00..2416.00 rows=3333 width=8) (actual rows=19314 loops=1)
  Group Key: actor_id, director_id
  Filter: (2 < count(""timestamp""))
  Batches: 5  Memory Usage: 4145kB  Disk Usage: 216kB
  Rows Removed by Filter: 12080
  Buffers: shared hit=541, temp read=12 written=35
  ->  Seq Scan on actordirector t_actordirector_0  (cost=0.00..1541.00 rows=100000 width=12) (actual rows=100000 loops=1)
        Buffers: shared hit=541
Planning:
  Buffers: shared hit=3
Planning Time: 0.086 ms
Execution Time: 48.076 ms",47.4566,48.509,50.237,51.6464,2416,2416,19314,19314,19314,19314
417,1050,27,Easy,"select t_actordirector_0.actor_id as actor_id, t_actordirector_0.director_id as director_id from schema_1050.actordirector as t_actordirector_0 group by t_actordirector_0.actor_id,t_actordirector_0.director_id having 3 <= count(t_actordirector_0.director_id)",37.789,2416,19314,"HashAggregate  (cost=2291.00..2416.00 rows=3333 width=8) (actual rows=19314 loops=1)
  Group Key: actor_id, director_id
  Filter: (3 <= count(director_id))
  Batches: 5  Memory Usage: 4145kB  Disk Usage: 216kB
  Rows Removed by Filter: 12080
  Buffers: shared hit=541, temp read=12 written=35
  ->  Seq Scan on actordirector t_actordirector_0  (cost=0.00..1541.00 rows=100000 width=8) (actual rows=100000 loops=1)
        Buffers: shared hit=541
Planning:
  Buffers: shared hit=3
Planning Time: 0.074 ms
Execution Time: 37.789 ms",45.531,2416,19314,"HashAggregate  (cost=2291.00..2416.00 rows=3333 width=8) (actual rows=19314 loops=1)
  Group Key: actor_id, director_id
  Filter: (3 <= count(director_id))
  Batches: 5  Memory Usage: 4145kB  Disk Usage: 216kB
  Rows Removed by Filter: 12080
  Buffers: shared hit=541, temp read=12 written=35
  ->  Seq Scan on actordirector t_actordirector_0  (cost=0.00..1541.00 rows=100000 width=8) (actual rows=100000 loops=1)
        Buffers: shared hit=541
Planning:
  Buffers: shared hit=3
Planning Time: 0.133 ms
Execution Time: 45.531 ms",48.698,2416,19314,"HashAggregate  (cost=2291.00..2416.00 rows=3333 width=8) (actual rows=19314 loops=1)
  Group Key: actor_id, director_id
  Filter: (3 <= count(director_id))
  Batches: 5  Memory Usage: 4145kB  Disk Usage: 216kB
  Rows Removed by Filter: 12080
  Buffers: shared hit=541, temp read=12 written=35
  ->  Seq Scan on actordirector t_actordirector_0  (cost=0.00..1541.00 rows=100000 width=8) (actual rows=100000 loops=1)
        Buffers: shared hit=541
Planning:
  Buffers: shared hit=3
Planning Time: 0.093 ms
Execution Time: 48.698 ms",48.273,2416,19314,"HashAggregate  (cost=2291.00..2416.00 rows=3333 width=8) (actual rows=19314 loops=1)
  Group Key: actor_id, director_id
  Filter: (3 <= count(director_id))
  Batches: 5  Memory Usage: 4145kB  Disk Usage: 216kB
  Rows Removed by Filter: 12080
  Buffers: shared hit=541, temp read=12 written=35
  ->  Seq Scan on actordirector t_actordirector_0  (cost=0.00..1541.00 rows=100000 width=8) (actual rows=100000 loops=1)
        Buffers: shared hit=541
Planning:
  Buffers: shared hit=3
Planning Time: 0.091 ms
Execution Time: 48.273 ms",55.851,2416,19314,"HashAggregate  (cost=2291.00..2416.00 rows=3333 width=8) (actual rows=19314 loops=1)
  Group Key: actor_id, director_id
  Filter: (3 <= count(director_id))
  Batches: 5  Memory Usage: 4145kB  Disk Usage: 216kB
  Rows Removed by Filter: 12080
  Buffers: shared hit=541, temp read=12 written=35
  ->  Seq Scan on actordirector t_actordirector_0  (cost=0.00..1541.00 rows=100000 width=8) (actual rows=100000 loops=1)
        Buffers: shared hit=541
Planning:
  Buffers: shared hit=3
Planning Time: 0.110 ms
Execution Time: 55.851 ms",47.2284,48.273,52.2745,58.7122,2416,2416,19314,19314,19314,19314
420,1050,41,Easy,"select a.actor_id as actor_id, a.director_id as director_id from schema_1050.actordirector as a group by a.actor_id,a.director_id having 3 <= count(a.timestamp)",40.585,2416,19314,"HashAggregate  (cost=2291.00..2416.00 rows=3333 width=8) (actual rows=19314 loops=1)
  Group Key: actor_id, director_id
  Filter: (3 <= count(""timestamp""))
  Batches: 5  Memory Usage: 4145kB  Disk Usage: 216kB
  Rows Removed by Filter: 12080
  Buffers: shared hit=541, temp read=12 written=35
  ->  Seq Scan on actordirector a  (cost=0.00..1541.00 rows=100000 width=12) (actual rows=100000 loops=1)
        Buffers: shared hit=541
Planning:
  Buffers: shared hit=3
Planning Time: 0.067 ms
Execution Time: 40.585 ms",47.204,2416,19314,"HashAggregate  (cost=2291.00..2416.00 rows=3333 width=8) (actual rows=19314 loops=1)
  Group Key: actor_id, director_id
  Filter: (3 <= count(""timestamp""))
  Batches: 5  Memory Usage: 4145kB  Disk Usage: 216kB
  Rows Removed by Filter: 12080
  Buffers: shared hit=541, temp read=12 written=35
  ->  Seq Scan on actordirector a  (cost=0.00..1541.00 rows=100000 width=12) (actual rows=100000 loops=1)
        Buffers: shared hit=541
Planning:
  Buffers: shared hit=3
Planning Time: 0.105 ms
Execution Time: 47.204 ms",45.542,2416,19314,"HashAggregate  (cost=2291.00..2416.00 rows=3333 width=8) (actual rows=19314 loops=1)
  Group Key: actor_id, director_id
  Filter: (3 <= count(""timestamp""))
  Batches: 5  Memory Usage: 4145kB  Disk Usage: 216kB
  Rows Removed by Filter: 12080
  Buffers: shared hit=541, temp read=12 written=35
  ->  Seq Scan on actordirector a  (cost=0.00..1541.00 rows=100000 width=12) (actual rows=100000 loops=1)
        Buffers: shared hit=541
Planning:
  Buffers: shared hit=3
Planning Time: 0.164 ms
Execution Time: 45.542 ms",55.719,2416,19314,"HashAggregate  (cost=2291.00..2416.00 rows=3333 width=8) (actual rows=19314 loops=1)
  Group Key: actor_id, director_id
  Filter: (3 <= count(""timestamp""))
  Batches: 5  Memory Usage: 4145kB  Disk Usage: 216kB
  Rows Removed by Filter: 12080
  Buffers: shared hit=541, temp read=12 written=35
  ->  Seq Scan on actordirector a  (cost=0.00..1541.00 rows=100000 width=12) (actual rows=100000 loops=1)
        Buffers: shared hit=541
Planning:
  Buffers: shared hit=3
Planning Time: 0.123 ms
Execution Time: 55.719 ms",46.228,2416,19314,"HashAggregate  (cost=2291.00..2416.00 rows=3333 width=8) (actual rows=19314 loops=1)
  Group Key: actor_id, director_id
  Filter: (3 <= count(""timestamp""))
  Batches: 5  Memory Usage: 4145kB  Disk Usage: 216kB
  Rows Removed by Filter: 12080
  Buffers: shared hit=541, temp read=12 written=35
  ->  Seq Scan on actordirector a  (cost=0.00..1541.00 rows=100000 width=12) (actual rows=100000 loops=1)
        Buffers: shared hit=541
Planning:
  Buffers: shared hit=3
Planning Time: 0.078 ms
Execution Time: 46.228 ms",47.0556,46.228,51.4615,59.125,2416,2416,19314,19314,19314,19314
422,1050,54,Easy,"select t_actordirector_0.actor_id as actor_id, t_actordirector_0.director_id as director_id from schema_1050.actordirector as t_actordirector_0 group by t_actordirector_0.actor_id,t_actordirector_0.director_id having 3 <= count(t_actordirector_0.timestamp)",40.072,2416,19314,"HashAggregate  (cost=2291.00..2416.00 rows=3333 width=8) (actual rows=19314 loops=1)
  Group Key: actor_id, director_id
  Filter: (3 <= count(""timestamp""))
  Batches: 5  Memory Usage: 4145kB  Disk Usage: 216kB
  Rows Removed by Filter: 12080
  Buffers: shared hit=541, temp read=12 written=35
  ->  Seq Scan on actordirector t_actordirector_0  (cost=0.00..1541.00 rows=100000 width=12) (actual rows=100000 loops=1)
        Buffers: shared hit=541
Planning:
  Buffers: shared hit=3
Planning Time: 0.073 ms
Execution Time: 40.072 ms",45.341,2416,19314,"HashAggregate  (cost=2291.00..2416.00 rows=3333 width=8) (actual rows=19314 loops=1)
  Group Key: actor_id, director_id
  Filter: (3 <= count(""timestamp""))
  Batches: 5  Memory Usage: 4145kB  Disk Usage: 216kB
  Rows Removed by Filter: 12080
  Buffers: shared hit=541, temp read=12 written=35
  ->  Seq Scan on actordirector t_actordirector_0  (cost=0.00..1541.00 rows=100000 width=12) (actual rows=100000 loops=1)
        Buffers: shared hit=541
Planning:
  Buffers: shared hit=3
Planning Time: 0.087 ms
Execution Time: 45.341 ms",46.208,2416,19314,"HashAggregate  (cost=2291.00..2416.00 rows=3333 width=8) (actual rows=19314 loops=1)
  Group Key: actor_id, director_id
  Filter: (3 <= count(""timestamp""))
  Batches: 5  Memory Usage: 4145kB  Disk Usage: 216kB
  Rows Removed by Filter: 12080
  Buffers: shared hit=541, temp read=12 written=35
  ->  Seq Scan on actordirector t_actordirector_0  (cost=0.00..1541.00 rows=100000 width=12) (actual rows=100000 loops=1)
        Buffers: shared hit=541
Planning:
  Buffers: shared hit=3
Planning Time: 0.112 ms
Execution Time: 46.208 ms",44.194,2416,19314,"HashAggregate  (cost=2291.00..2416.00 rows=3333 width=8) (actual rows=19314 loops=1)
  Group Key: actor_id, director_id
  Filter: (3 <= count(""timestamp""))
  Batches: 5  Memory Usage: 4145kB  Disk Usage: 216kB
  Rows Removed by Filter: 12080
  Buffers: shared hit=541, temp read=12 written=35
  ->  Seq Scan on actordirector t_actordirector_0  (cost=0.00..1541.00 rows=100000 width=12) (actual rows=100000 loops=1)
        Buffers: shared hit=541
Planning:
  Buffers: shared hit=3
Planning Time: 0.127 ms
Execution Time: 44.194 ms",47.617,2416,19314,"HashAggregate  (cost=2291.00..2416.00 rows=3333 width=8) (actual rows=19314 loops=1)
  Group Key: actor_id, director_id
  Filter: (3 <= count(""timestamp""))
  Batches: 5  Memory Usage: 4145kB  Disk Usage: 216kB
  Rows Removed by Filter: 12080
  Buffers: shared hit=541, temp read=12 written=35
  ->  Seq Scan on actordirector t_actordirector_0  (cost=0.00..1541.00 rows=100000 width=12) (actual rows=100000 loops=1)
        Buffers: shared hit=541
Planning:
  Buffers: shared hit=3
Planning Time: 0.097 ms
Execution Time: 47.617 ms",44.6864,45.341,46.9125,48.1806,2416,2416,19314,19314,19314,19314
425,1050,62,Easy,"select t_actordirector_0.actor_id as actor_id, t_actordirector_0.director_id as director_id from schema_1050.actordirector as t_actordirector_0 group by t_actordirector_0.director_id,t_actordirector_0.actor_id having 3 <= count(t_actordirector_0.timestamp)",37.3,2416,19314,"HashAggregate  (cost=2291.00..2416.00 rows=3333 width=8) (actual rows=19314 loops=1)
  Group Key: director_id, actor_id
  Filter: (3 <= count(""timestamp""))
  Batches: 5  Memory Usage: 4145kB  Disk Usage: 216kB
  Rows Removed by Filter: 12080
  Buffers: shared hit=541, temp read=12 written=34
  ->  Seq Scan on actordirector t_actordirector_0  (cost=0.00..1541.00 rows=100000 width=12) (actual rows=100000 loops=1)
        Buffers: shared hit=541
Planning:
  Buffers: shared hit=3
Planning Time: 0.072 ms
Execution Time: 37.300 ms",75.566,2416,19314,"HashAggregate  (cost=2291.00..2416.00 rows=3333 width=8) (actual rows=19314 loops=1)
  Group Key: director_id, actor_id
  Filter: (3 <= count(""timestamp""))
  Batches: 5  Memory Usage: 4145kB  Disk Usage: 216kB
  Rows Removed by Filter: 12080
  Buffers: shared hit=541, temp read=12 written=34
  ->  Seq Scan on actordirector t_actordirector_0  (cost=0.00..1541.00 rows=100000 width=12) (actual rows=100000 loops=1)
        Buffers: shared hit=541
Planning:
  Buffers: shared hit=3
Planning Time: 0.115 ms
Execution Time: 75.566 ms",52.86,2416,19314,"HashAggregate  (cost=2291.00..2416.00 rows=3333 width=8) (actual rows=19314 loops=1)
  Group Key: director_id, actor_id
  Filter: (3 <= count(""timestamp""))
  Batches: 5  Memory Usage: 4145kB  Disk Usage: 216kB
  Rows Removed by Filter: 12080
  Buffers: shared hit=541, temp read=12 written=34
  ->  Seq Scan on actordirector t_actordirector_0  (cost=0.00..1541.00 rows=100000 width=12) (actual rows=100000 loops=1)
        Buffers: shared hit=541
Planning:
  Buffers: shared hit=3
Planning Time: 0.099 ms
Execution Time: 52.860 ms",50.647,2416,19314,"HashAggregate  (cost=2291.00..2416.00 rows=3333 width=8) (actual rows=19314 loops=1)
  Group Key: director_id, actor_id
  Filter: (3 <= count(""timestamp""))
  Batches: 5  Memory Usage: 4145kB  Disk Usage: 216kB
  Rows Removed by Filter: 12080
  Buffers: shared hit=541, temp read=12 written=34
  ->  Seq Scan on actordirector t_actordirector_0  (cost=0.00..1541.00 rows=100000 width=12) (actual rows=100000 loops=1)
        Buffers: shared hit=541
Planning:
  Buffers: shared hit=3
Planning Time: 0.126 ms
Execution Time: 50.647 ms",46.88,2416,19314,"HashAggregate  (cost=2291.00..2416.00 rows=3333 width=8) (actual rows=19314 loops=1)
  Group Key: director_id, actor_id
  Filter: (3 <= count(""timestamp""))
  Batches: 5  Memory Usage: 4145kB  Disk Usage: 216kB
  Rows Removed by Filter: 12080
  Buffers: shared hit=541, temp read=12 written=34
  ->  Seq Scan on actordirector t_actordirector_0  (cost=0.00..1541.00 rows=100000 width=12) (actual rows=100000 loops=1)
        Buffers: shared hit=541
Planning:
  Buffers: shared hit=3
Planning Time: 0.128 ms
Execution Time: 46.880 ms",52.6506,50.647,64.213,84.6484,2416,2416,19314,19314,19314,19314
426,1050,67,Easy,"select a.actor_id as actor_id, a.director_id as director_id from schema_1050.actordirector as a group by a.actor_id,a.director_id having 3 <= count(a.timestamp)",39.048,2416,19314,"HashAggregate  (cost=2291.00..2416.00 rows=3333 width=8) (actual rows=19314 loops=1)
  Group Key: actor_id, director_id
  Filter: (3 <= count(""timestamp""))
  Batches: 5  Memory Usage: 4145kB  Disk Usage: 216kB
  Rows Removed by Filter: 12080
  Buffers: shared hit=541, temp read=12 written=35
  ->  Seq Scan on actordirector a  (cost=0.00..1541.00 rows=100000 width=12) (actual rows=100000 loops=1)
        Buffers: shared hit=541
Planning:
  Buffers: shared hit=3
Planning Time: 0.074 ms
Execution Time: 39.048 ms",44.907,2416,19314,"HashAggregate  (cost=2291.00..2416.00 rows=3333 width=8) (actual rows=19314 loops=1)
  Group Key: actor_id, director_id
  Filter: (3 <= count(""timestamp""))
  Batches: 5  Memory Usage: 4145kB  Disk Usage: 216kB
  Rows Removed by Filter: 12080
  Buffers: shared hit=541, temp read=12 written=35
  ->  Seq Scan on actordirector a  (cost=0.00..1541.00 rows=100000 width=12) (actual rows=100000 loops=1)
        Buffers: shared hit=541
Planning:
  Buffers: shared hit=3
Planning Time: 0.077 ms
Execution Time: 44.907 ms",47.509,2416,19314,"HashAggregate  (cost=2291.00..2416.00 rows=3333 width=8) (actual rows=19314 loops=1)
  Group Key: actor_id, director_id
  Filter: (3 <= count(""timestamp""))
  Batches: 5  Memory Usage: 4145kB  Disk Usage: 216kB
  Rows Removed by Filter: 12080
  Buffers: shared hit=541, temp read=12 written=35
  ->  Seq Scan on actordirector a  (cost=0.00..1541.00 rows=100000 width=12) (actual rows=100000 loops=1)
        Buffers: shared hit=541
Planning:
  Buffers: shared hit=3
Planning Time: 0.123 ms
Execution Time: 47.509 ms",45.982,2416,19314,"HashAggregate  (cost=2291.00..2416.00 rows=3333 width=8) (actual rows=19314 loops=1)
  Group Key: actor_id, director_id
  Filter: (3 <= count(""timestamp""))
  Batches: 5  Memory Usage: 4145kB  Disk Usage: 216kB
  Rows Removed by Filter: 12080
  Buffers: shared hit=541, temp read=12 written=35
  ->  Seq Scan on actordirector a  (cost=0.00..1541.00 rows=100000 width=12) (actual rows=100000 loops=1)
        Buffers: shared hit=541
Planning:
  Buffers: shared hit=3
Planning Time: 0.100 ms
Execution Time: 45.982 ms",48.782,2416,19314,"HashAggregate  (cost=2291.00..2416.00 rows=3333 width=8) (actual rows=19314 loops=1)
  Group Key: actor_id, director_id
  Filter: (3 <= count(""timestamp""))
  Batches: 5  Memory Usage: 4145kB  Disk Usage: 216kB
  Rows Removed by Filter: 12080
  Buffers: shared hit=541, temp read=12 written=35
  ->  Seq Scan on actordirector a  (cost=0.00..1541.00 rows=100000 width=12) (actual rows=100000 loops=1)
        Buffers: shared hit=541
Planning:
  Buffers: shared hit=3
Planning Time: 0.093 ms
Execution Time: 48.782 ms",45.2456,45.982,48.1455,49.2912,2416,2416,19314,19314,19314,19314
429,1050,83,Easy,"select t_actordirector_0.actor_id as actor_id, t_actordirector_0.director_id as director_id from schema_1050.actordirector as t_actordirector_0 group by t_actordirector_0.actor_id,t_actordirector_0.director_id having 3 <= count(t_actordirector_0.timestamp)",38.035,2416,19314,"HashAggregate  (cost=2291.00..2416.00 rows=3333 width=8) (actual rows=19314 loops=1)
  Group Key: actor_id, director_id
  Filter: (3 <= count(""timestamp""))
  Batches: 5  Memory Usage: 4145kB  Disk Usage: 216kB
  Rows Removed by Filter: 12080
  Buffers: shared hit=541, temp read=12 written=35
  ->  Seq Scan on actordirector t_actordirector_0  (cost=0.00..1541.00 rows=100000 width=12) (actual rows=100000 loops=1)
        Buffers: shared hit=541
Planning:
  Buffers: shared hit=3
Planning Time: 0.066 ms
Execution Time: 38.035 ms",45.724,2416,19314,"HashAggregate  (cost=2291.00..2416.00 rows=3333 width=8) (actual rows=19314 loops=1)
  Group Key: actor_id, director_id
  Filter: (3 <= count(""timestamp""))
  Batches: 5  Memory Usage: 4145kB  Disk Usage: 216kB
  Rows Removed by Filter: 12080
  Buffers: shared hit=541, temp read=12 written=35
  ->  Seq Scan on actordirector t_actordirector_0  (cost=0.00..1541.00 rows=100000 width=12) (actual rows=100000 loops=1)
        Buffers: shared hit=541
Planning:
  Buffers: shared hit=3
Planning Time: 0.144 ms
Execution Time: 45.724 ms",47.383,2416,19314,"HashAggregate  (cost=2291.00..2416.00 rows=3333 width=8) (actual rows=19314 loops=1)
  Group Key: actor_id, director_id
  Filter: (3 <= count(""timestamp""))
  Batches: 5  Memory Usage: 4145kB  Disk Usage: 216kB
  Rows Removed by Filter: 12080
  Buffers: shared hit=541, temp read=12 written=35
  ->  Seq Scan on actordirector t_actordirector_0  (cost=0.00..1541.00 rows=100000 width=12) (actual rows=100000 loops=1)
        Buffers: shared hit=541
Planning:
  Buffers: shared hit=3
Planning Time: 0.076 ms
Execution Time: 47.383 ms",52.663,2416,19314,"HashAggregate  (cost=2291.00..2416.00 rows=3333 width=8) (actual rows=19314 loops=1)
  Group Key: actor_id, director_id
  Filter: (3 <= count(""timestamp""))
  Batches: 5  Memory Usage: 4145kB  Disk Usage: 216kB
  Rows Removed by Filter: 12080
  Buffers: shared hit=541, temp read=12 written=35
  ->  Seq Scan on actordirector t_actordirector_0  (cost=0.00..1541.00 rows=100000 width=12) (actual rows=100000 loops=1)
        Buffers: shared hit=541
Planning:
  Buffers: shared hit=3
Planning Time: 0.085 ms
Execution Time: 52.663 ms",49.669,2416,19314,"HashAggregate  (cost=2291.00..2416.00 rows=3333 width=8) (actual rows=19314 loops=1)
  Group Key: actor_id, director_id
  Filter: (3 <= count(""timestamp""))
  Batches: 5  Memory Usage: 4145kB  Disk Usage: 216kB
  Rows Removed by Filter: 12080
  Buffers: shared hit=541, temp read=12 written=35
  ->  Seq Scan on actordirector t_actordirector_0  (cost=0.00..1541.00 rows=100000 width=12) (actual rows=100000 loops=1)
        Buffers: shared hit=541
Planning:
  Buffers: shared hit=3
Planning Time: 0.089 ms
Execution Time: 49.669 ms",46.6948,47.383,51.166,53.8606,2416,2416,19314,19314,19314,19314
432,1050,149,Easy,"select t_actordirector_0.actor_id as actor_id, t_actordirector_0.director_id as director_id from schema_1050.actordirector as t_actordirector_0 group by t_actordirector_0.actor_id,t_actordirector_0.director_id having 3 <= count(t_actordirector_0.timestamp)",40.666,2416,19314,"HashAggregate  (cost=2291.00..2416.00 rows=3333 width=8) (actual rows=19314 loops=1)
  Group Key: actor_id, director_id
  Filter: (3 <= count(""timestamp""))
  Batches: 5  Memory Usage: 4145kB  Disk Usage: 216kB
  Rows Removed by Filter: 12080
  Buffers: shared hit=541, temp read=12 written=35
  ->  Seq Scan on actordirector t_actordirector_0  (cost=0.00..1541.00 rows=100000 width=12) (actual rows=100000 loops=1)
        Buffers: shared hit=541
Planning:
  Buffers: shared hit=3
Planning Time: 0.066 ms
Execution Time: 40.666 ms",46.987,2416,19314,"HashAggregate  (cost=2291.00..2416.00 rows=3333 width=8) (actual rows=19314 loops=1)
  Group Key: actor_id, director_id
  Filter: (3 <= count(""timestamp""))
  Batches: 5  Memory Usage: 4145kB  Disk Usage: 216kB
  Rows Removed by Filter: 12080
  Buffers: shared hit=541, temp read=12 written=35
  ->  Seq Scan on actordirector t_actordirector_0  (cost=0.00..1541.00 rows=100000 width=12) (actual rows=100000 loops=1)
        Buffers: shared hit=541
Planning:
  Buffers: shared hit=3
Planning Time: 0.091 ms
Execution Time: 46.987 ms",43.772,2416,19314,"HashAggregate  (cost=2291.00..2416.00 rows=3333 width=8) (actual rows=19314 loops=1)
  Group Key: actor_id, director_id
  Filter: (3 <= count(""timestamp""))
  Batches: 5  Memory Usage: 4145kB  Disk Usage: 216kB
  Rows Removed by Filter: 12080
  Buffers: shared hit=541, temp read=12 written=35
  ->  Seq Scan on actordirector t_actordirector_0  (cost=0.00..1541.00 rows=100000 width=12) (actual rows=100000 loops=1)
        Buffers: shared hit=541
Planning:
  Buffers: shared hit=3
Planning Time: 0.110 ms
Execution Time: 43.772 ms",44.786,2416,19314,"HashAggregate  (cost=2291.00..2416.00 rows=3333 width=8) (actual rows=19314 loops=1)
  Group Key: actor_id, director_id
  Filter: (3 <= count(""timestamp""))
  Batches: 5  Memory Usage: 4145kB  Disk Usage: 216kB
  Rows Removed by Filter: 12080
  Buffers: shared hit=541, temp read=12 written=35
  ->  Seq Scan on actordirector t_actordirector_0  (cost=0.00..1541.00 rows=100000 width=12) (actual rows=100000 loops=1)
        Buffers: shared hit=541
Planning:
  Buffers: shared hit=3
Planning Time: 0.110 ms
Execution Time: 44.786 ms",45.923,2416,19314,"HashAggregate  (cost=2291.00..2416.00 rows=3333 width=8) (actual rows=19314 loops=1)
  Group Key: actor_id, director_id
  Filter: (3 <= count(""timestamp""))
  Batches: 5  Memory Usage: 4145kB  Disk Usage: 216kB
  Rows Removed by Filter: 12080
  Buffers: shared hit=541, temp read=12 written=35
  ->  Seq Scan on actordirector t_actordirector_0  (cost=0.00..1541.00 rows=100000 width=12) (actual rows=100000 loops=1)
        Buffers: shared hit=541
Planning:
  Buffers: shared hit=3
Planning Time: 0.118 ms
Execution Time: 45.923 ms",44.4268,44.786,46.455,47.4126,2416,2416,19314,19314,19314,19314
433,1050,151,Easy,"select t_actordirector_0.actor_id as actor_id, t_actordirector_0.director_id as director_id from schema_1050.actordirector as t_actordirector_0 group by t_actordirector_0.director_id,t_actordirector_0.actor_id having 3 <= count(t_actordirector_0.actor_id)",38.268,2416,19314,"HashAggregate  (cost=2291.00..2416.00 rows=3333 width=8) (actual rows=19314 loops=1)
  Group Key: director_id, actor_id
  Filter: (3 <= count(actor_id))
  Batches: 5  Memory Usage: 4145kB  Disk Usage: 216kB
  Rows Removed by Filter: 12080
  Buffers: shared hit=541, temp read=12 written=34
  ->  Seq Scan on actordirector t_actordirector_0  (cost=0.00..1541.00 rows=100000 width=8) (actual rows=100000 loops=1)
        Buffers: shared hit=541
Planning:
  Buffers: shared hit=3
Planning Time: 0.065 ms
Execution Time: 38.268 ms",45.723,2416,19314,"HashAggregate  (cost=2291.00..2416.00 rows=3333 width=8) (actual rows=19314 loops=1)
  Group Key: director_id, actor_id
  Filter: (3 <= count(actor_id))
  Batches: 5  Memory Usage: 4145kB  Disk Usage: 216kB
  Rows Removed by Filter: 12080
  Buffers: shared hit=541, temp read=12 written=34
  ->  Seq Scan on actordirector t_actordirector_0  (cost=0.00..1541.00 rows=100000 width=8) (actual rows=100000 loops=1)
        Buffers: shared hit=541
Planning:
  Buffers: shared hit=3
Planning Time: 0.109 ms
Execution Time: 45.723 ms",46.21,2416,19314,"HashAggregate  (cost=2291.00..2416.00 rows=3333 width=8) (actual rows=19314 loops=1)
  Group Key: director_id, actor_id
  Filter: (3 <= count(actor_id))
  Batches: 5  Memory Usage: 4145kB  Disk Usage: 216kB
  Rows Removed by Filter: 12080
  Buffers: shared hit=541, temp read=12 written=34
  ->  Seq Scan on actordirector t_actordirector_0  (cost=0.00..1541.00 rows=100000 width=8) (actual rows=100000 loops=1)
        Buffers: shared hit=541
Planning:
  Buffers: shared hit=3
Planning Time: 0.093 ms
Execution Time: 46.210 ms",56.826,2416,19314,"HashAggregate  (cost=2291.00..2416.00 rows=3333 width=8) (actual rows=19314 loops=1)
  Group Key: director_id, actor_id
  Filter: (3 <= count(actor_id))
  Batches: 5  Memory Usage: 4145kB  Disk Usage: 216kB
  Rows Removed by Filter: 12080
  Buffers: shared hit=541, temp read=12 written=34
  ->  Seq Scan on actordirector t_actordirector_0  (cost=0.00..1541.00 rows=100000 width=8) (actual rows=100000 loops=1)
        Buffers: shared hit=541
Planning:
  Buffers: shared hit=3
Planning Time: 0.085 ms
Execution Time: 56.826 ms",46.946,2416,19314,"HashAggregate  (cost=2291.00..2416.00 rows=3333 width=8) (actual rows=19314 loops=1)
  Group Key: director_id, actor_id
  Filter: (3 <= count(actor_id))
  Batches: 5  Memory Usage: 4145kB  Disk Usage: 216kB
  Rows Removed by Filter: 12080
  Buffers: shared hit=541, temp read=12 written=34
  ->  Seq Scan on actordirector t_actordirector_0  (cost=0.00..1541.00 rows=100000 width=8) (actual rows=100000 loops=1)
        Buffers: shared hit=541
Planning:
  Buffers: shared hit=3
Planning Time: 0.110 ms
Execution Time: 46.946 ms",46.7946,46.21,51.886,60.778,2416,2416,19314,19314,19314,19314
434,1050,152,Easy,"select t_actordirector_0.actor_id as actor_id, t_actordirector_0.director_id as director_id from schema_1050.actordirector as t_actordirector_0 group by t_actordirector_0.actor_id,t_actordirector_0.director_id having 3 <= count(t_actordirector_0.timestamp)",38.391,2416,19314,"HashAggregate  (cost=2291.00..2416.00 rows=3333 width=8) (actual rows=19314 loops=1)
  Group Key: actor_id, director_id
  Filter: (3 <= count(""timestamp""))
  Batches: 5  Memory Usage: 4145kB  Disk Usage: 216kB
  Rows Removed by Filter: 12080
  Buffers: shared hit=541, temp read=12 written=35
  ->  Seq Scan on actordirector t_actordirector_0  (cost=0.00..1541.00 rows=100000 width=12) (actual rows=100000 loops=1)
        Buffers: shared hit=541
Planning:
  Buffers: shared hit=3
Planning Time: 0.097 ms
Execution Time: 38.391 ms",44.776,2416,19314,"HashAggregate  (cost=2291.00..2416.00 rows=3333 width=8) (actual rows=19314 loops=1)
  Group Key: actor_id, director_id
  Filter: (3 <= count(""timestamp""))
  Batches: 5  Memory Usage: 4145kB  Disk Usage: 216kB
  Rows Removed by Filter: 12080
  Buffers: shared hit=541, temp read=12 written=35
  ->  Seq Scan on actordirector t_actordirector_0  (cost=0.00..1541.00 rows=100000 width=12) (actual rows=100000 loops=1)
        Buffers: shared hit=541
Planning:
  Buffers: shared hit=3
Planning Time: 0.099 ms
Execution Time: 44.776 ms",48.636,2416,19314,"HashAggregate  (cost=2291.00..2416.00 rows=3333 width=8) (actual rows=19314 loops=1)
  Group Key: actor_id, director_id
  Filter: (3 <= count(""timestamp""))
  Batches: 5  Memory Usage: 4145kB  Disk Usage: 216kB
  Rows Removed by Filter: 12080
  Buffers: shared hit=541, temp read=12 written=35
  ->  Seq Scan on actordirector t_actordirector_0  (cost=0.00..1541.00 rows=100000 width=12) (actual rows=100000 loops=1)
        Buffers: shared hit=541
Planning:
  Buffers: shared hit=3
Planning Time: 0.088 ms
Execution Time: 48.636 ms",45.508,2416,19314,"HashAggregate  (cost=2291.00..2416.00 rows=3333 width=8) (actual rows=19314 loops=1)
  Group Key: actor_id, director_id
  Filter: (3 <= count(""timestamp""))
  Batches: 5  Memory Usage: 4145kB  Disk Usage: 216kB
  Rows Removed by Filter: 12080
  Buffers: shared hit=541, temp read=12 written=35
  ->  Seq Scan on actordirector t_actordirector_0  (cost=0.00..1541.00 rows=100000 width=12) (actual rows=100000 loops=1)
        Buffers: shared hit=541
Planning:
  Buffers: shared hit=3
Planning Time: 0.105 ms
Execution Time: 45.508 ms",48.721,2416,19314,"HashAggregate  (cost=2291.00..2416.00 rows=3333 width=8) (actual rows=19314 loops=1)
  Group Key: actor_id, director_id
  Filter: (3 <= count(""timestamp""))
  Batches: 5  Memory Usage: 4145kB  Disk Usage: 216kB
  Rows Removed by Filter: 12080
  Buffers: shared hit=541, temp read=12 written=35
  ->  Seq Scan on actordirector t_actordirector_0  (cost=0.00..1541.00 rows=100000 width=12) (actual rows=100000 loops=1)
        Buffers: shared hit=541
Planning:
  Buffers: shared hit=3
Planning Time: 0.094 ms
Execution Time: 48.721 ms",45.2064,45.508,48.6785,48.755,2416,2416,19314,19314,19314,19314
435,1050,153,Easy,"select t_actordirector_0.actor_id as actor_id, t_actordirector_0.director_id as director_id from schema_1050.actordirector as t_actordirector_0 group by t_actordirector_0.director_id,t_actordirector_0.actor_id having 3 <= count(t_actordirector_0.timestamp)",37.299,2416,19314,"HashAggregate  (cost=2291.00..2416.00 rows=3333 width=8) (actual rows=19314 loops=1)
  Group Key: director_id, actor_id
  Filter: (3 <= count(""timestamp""))
  Batches: 5  Memory Usage: 4145kB  Disk Usage: 216kB
  Rows Removed by Filter: 12080
  Buffers: shared hit=541, temp read=12 written=34
  ->  Seq Scan on actordirector t_actordirector_0  (cost=0.00..1541.00 rows=100000 width=12) (actual rows=100000 loops=1)
        Buffers: shared hit=541
Planning:
  Buffers: shared hit=3
Planning Time: 0.082 ms
Execution Time: 37.299 ms",45.707,2416,19314,"HashAggregate  (cost=2291.00..2416.00 rows=3333 width=8) (actual rows=19314 loops=1)
  Group Key: director_id, actor_id
  Filter: (3 <= count(""timestamp""))
  Batches: 5  Memory Usage: 4145kB  Disk Usage: 216kB
  Rows Removed by Filter: 12080
  Buffers: shared hit=541, temp read=12 written=34
  ->  Seq Scan on actordirector t_actordirector_0  (cost=0.00..1541.00 rows=100000 width=12) (actual rows=100000 loops=1)
        Buffers: shared hit=541
Planning:
  Buffers: shared hit=3
Planning Time: 0.115 ms
Execution Time: 45.707 ms",45.125,2416,19314,"HashAggregate  (cost=2291.00..2416.00 rows=3333 width=8) (actual rows=19314 loops=1)
  Group Key: director_id, actor_id
  Filter: (3 <= count(""timestamp""))
  Batches: 5  Memory Usage: 4145kB  Disk Usage: 216kB
  Rows Removed by Filter: 12080
  Buffers: shared hit=541, temp read=12 written=34
  ->  Seq Scan on actordirector t_actordirector_0  (cost=0.00..1541.00 rows=100000 width=12) (actual rows=100000 loops=1)
        Buffers: shared hit=541
Planning:
  Buffers: shared hit=3
Planning Time: 0.126 ms
Execution Time: 45.125 ms",44.214,2416,19314,"HashAggregate  (cost=2291.00..2416.00 rows=3333 width=8) (actual rows=19314 loops=1)
  Group Key: director_id, actor_id
  Filter: (3 <= count(""timestamp""))
  Batches: 5  Memory Usage: 4145kB  Disk Usage: 216kB
  Rows Removed by Filter: 12080
  Buffers: shared hit=541, temp read=12 written=34
  ->  Seq Scan on actordirector t_actordirector_0  (cost=0.00..1541.00 rows=100000 width=12) (actual rows=100000 loops=1)
        Buffers: shared hit=541
Planning:
  Buffers: shared hit=3
Planning Time: 0.121 ms
Execution Time: 44.214 ms",46.294,2416,19314,"HashAggregate  (cost=2291.00..2416.00 rows=3333 width=8) (actual rows=19314 loops=1)
  Group Key: director_id, actor_id
  Filter: (3 <= count(""timestamp""))
  Batches: 5  Memory Usage: 4145kB  Disk Usage: 216kB
  Rows Removed by Filter: 12080
  Buffers: shared hit=541, temp read=12 written=34
  ->  Seq Scan on actordirector t_actordirector_0  (cost=0.00..1541.00 rows=100000 width=12) (actual rows=100000 loops=1)
        Buffers: shared hit=541
Planning:
  Buffers: shared hit=3
Planning Time: 0.096 ms
Execution Time: 46.294 ms",43.7278,45.125,46.0005,46.5288,2416,2416,19314,19314,19314,19314
436,1050,154,Easy,"select y.c_actor_id0 as actor_id, y.c_director_id0 as director_id from (select t_actordirector_0.actor_id as c_actor_id0, t_actordirector_0.director_id as c_director_id0, count(t_actordirector_0.timestamp) as c_count0 from schema_1050.actordirector as t_actordirector_0 group by t_actordirector_0.actor_id,t_actordirector_0.director_id) as y where 3 <= y.c_count0",41.742,2449.33,19314,"Subquery Scan on y  (cost=2291.00..2449.33 rows=3333 width=8) (actual rows=19314 loops=1)
  Buffers: shared hit=541, temp read=12 written=35
  ->  HashAggregate  (cost=2291.00..2416.00 rows=3333 width=16) (actual rows=19314 loops=1)
        Group Key: t_actordirector_0.actor_id, t_actordirector_0.director_id
        Filter: (3 <= count(t_actordirector_0.""timestamp""))
        Batches: 5  Memory Usage: 4145kB  Disk Usage: 216kB
        Rows Removed by Filter: 12080
        Buffers: shared hit=541, temp read=12 written=35
        ->  Seq Scan on actordirector t_actordirector_0  (cost=0.00..1541.00 rows=100000 width=12) (actual rows=100000 loops=1)
              Buffers: shared hit=541
Planning:
  Buffers: shared hit=3
Planning Time: 0.123 ms
Execution Time: 41.742 ms",44.657,2449.33,19314,"Subquery Scan on y  (cost=2291.00..2449.33 rows=3333 width=8) (actual rows=19314 loops=1)
  Buffers: shared hit=541, temp read=12 written=35
  ->  HashAggregate  (cost=2291.00..2416.00 rows=3333 width=16) (actual rows=19314 loops=1)
        Group Key: t_actordirector_0.actor_id, t_actordirector_0.director_id
        Filter: (3 <= count(t_actordirector_0.""timestamp""))
        Batches: 5  Memory Usage: 4145kB  Disk Usage: 216kB
        Rows Removed by Filter: 12080
        Buffers: shared hit=541, temp read=12 written=35
        ->  Seq Scan on actordirector t_actordirector_0  (cost=0.00..1541.00 rows=100000 width=12) (actual rows=100000 loops=1)
              Buffers: shared hit=541
Planning:
  Buffers: shared hit=3
Planning Time: 0.130 ms
Execution Time: 44.657 ms",46.88,2449.33,19314,"Subquery Scan on y  (cost=2291.00..2449.33 rows=3333 width=8) (actual rows=19314 loops=1)
  Buffers: shared hit=541, temp read=12 written=35
  ->  HashAggregate  (cost=2291.00..2416.00 rows=3333 width=16) (actual rows=19314 loops=1)
        Group Key: t_actordirector_0.actor_id, t_actordirector_0.director_id
        Filter: (3 <= count(t_actordirector_0.""timestamp""))
        Batches: 5  Memory Usage: 4145kB  Disk Usage: 216kB
        Rows Removed by Filter: 12080
        Buffers: shared hit=541, temp read=12 written=35
        ->  Seq Scan on actordirector t_actordirector_0  (cost=0.00..1541.00 rows=100000 width=12) (actual rows=100000 loops=1)
              Buffers: shared hit=541
Planning:
  Buffers: shared hit=3
Planning Time: 0.138 ms
Execution Time: 46.880 ms",51.353,2449.33,19314,"Subquery Scan on y  (cost=2291.00..2449.33 rows=3333 width=8) (actual rows=19314 loops=1)
  Buffers: shared hit=541, temp read=12 written=35
  ->  HashAggregate  (cost=2291.00..2416.00 rows=3333 width=16) (actual rows=19314 loops=1)
        Group Key: t_actordirector_0.actor_id, t_actordirector_0.director_id
        Filter: (3 <= count(t_actordirector_0.""timestamp""))
        Batches: 5  Memory Usage: 4145kB  Disk Usage: 216kB
        Rows Removed by Filter: 12080
        Buffers: shared hit=541, temp read=12 written=35
        ->  Seq Scan on actordirector t_actordirector_0  (cost=0.00..1541.00 rows=100000 width=12) (actual rows=100000 loops=1)
              Buffers: shared hit=541
Planning:
  Buffers: shared hit=3
Planning Time: 0.226 ms
Execution Time: 51.353 ms",51.567,2449.33,19314,"Subquery Scan on y  (cost=2291.00..2449.33 rows=3333 width=8) (actual rows=19314 loops=1)
  Buffers: shared hit=541, temp read=12 written=35
  ->  HashAggregate  (cost=2291.00..2416.00 rows=3333 width=16) (actual rows=19314 loops=1)
        Group Key: t_actordirector_0.actor_id, t_actordirector_0.director_id
        Filter: (3 <= count(t_actordirector_0.""timestamp""))
        Batches: 5  Memory Usage: 4145kB  Disk Usage: 216kB
        Rows Removed by Filter: 12080
        Buffers: shared hit=541, temp read=12 written=35
        ->  Seq Scan on actordirector t_actordirector_0  (cost=0.00..1541.00 rows=100000 width=12) (actual rows=100000 loops=1)
              Buffers: shared hit=541
Planning:
  Buffers: shared hit=3
Planning Time: 0.125 ms
Execution Time: 51.567 ms",47.2398,46.88,51.46,51.6526,2449.33,2449.33,19314,19314,19314,19314
509,1069,5,Easy,"select t_sales_0.product_id as product_id, sum(t_sales_0.quantity) as total_quantity from schema_1069.sales as t_sales_0 group by t_sales_0.product_id",21.921,2147,1000,"HashAggregate  (cost=2137.00..2147.00 rows=1000 width=12) (actual rows=1000 loops=1)
  Group Key: product_id
  Batches: 1  Memory Usage: 193kB
  Buffers: shared hit=637
  ->  Seq Scan on sales t_sales_0  (cost=0.00..1637.00 rows=100000 width=8) (actual rows=100000 loops=1)
        Buffers: shared hit=637
Planning Time: 0.041 ms
Execution Time: 21.921 ms",26.611,2147,1000,"HashAggregate  (cost=2137.00..2147.00 rows=1000 width=12) (actual rows=1000 loops=1)
  Group Key: product_id
  Batches: 1  Memory Usage: 193kB
  Buffers: shared hit=637
  ->  Seq Scan on sales t_sales_0  (cost=0.00..1637.00 rows=100000 width=8) (actual rows=100000 loops=1)
        Buffers: shared hit=637
Planning Time: 0.081 ms
Execution Time: 26.611 ms",27.107,2147,1000,"HashAggregate  (cost=2137.00..2147.00 rows=1000 width=12) (actual rows=1000 loops=1)
  Group Key: product_id
  Batches: 1  Memory Usage: 193kB
  Buffers: shared hit=637
  ->  Seq Scan on sales t_sales_0  (cost=0.00..1637.00 rows=100000 width=8) (actual rows=100000 loops=1)
        Buffers: shared hit=637
Planning Time: 0.064 ms
Execution Time: 27.107 ms",29.68,2147,1000,"HashAggregate  (cost=2137.00..2147.00 rows=1000 width=12) (actual rows=1000 loops=1)
  Group Key: product_id
  Batches: 1  Memory Usage: 193kB
  Buffers: shared hit=637
  ->  Seq Scan on sales t_sales_0  (cost=0.00..1637.00 rows=100000 width=8) (actual rows=100000 loops=1)
        Buffers: shared hit=637
Planning Time: 0.062 ms
Execution Time: 29.680 ms",33.308,2147,1000,"HashAggregate  (cost=2137.00..2147.00 rows=1000 width=12) (actual rows=1000 loops=1)
  Group Key: product_id
  Batches: 1  Memory Usage: 193kB
  Buffers: shared hit=637
  ->  Seq Scan on sales t_sales_0  (cost=0.00..1637.00 rows=100000 width=8) (actual rows=100000 loops=1)
        Buffers: shared hit=637
Planning Time: 0.055 ms
Execution Time: 33.308 ms",27.7254,27.107,31.494,34.7592,2147,2147,1000,1000,1000,1000
510,1069,8,Easy,"select s.product_id as product_id, sum(s.quantity) as total_quantity from schema_1069.sales as s group by s.product_id",22.361,2147,1000,"HashAggregate  (cost=2137.00..2147.00 rows=1000 width=12) (actual rows=1000 loops=1)
  Group Key: product_id
  Batches: 1  Memory Usage: 193kB
  Buffers: shared hit=637
  ->  Seq Scan on sales s  (cost=0.00..1637.00 rows=100000 width=8) (actual rows=100000 loops=1)
        Buffers: shared hit=637
Planning Time: 0.044 ms
Execution Time: 22.361 ms",51.595,2147,1000,"HashAggregate  (cost=2137.00..2147.00 rows=1000 width=12) (actual rows=1000 loops=1)
  Group Key: product_id
  Batches: 1  Memory Usage: 193kB
  Buffers: shared hit=637
  ->  Seq Scan on sales s  (cost=0.00..1637.00 rows=100000 width=8) (actual rows=100000 loops=1)
        Buffers: shared hit=637
Planning Time: 0.057 ms
Execution Time: 51.595 ms",44.01,2147,1000,"HashAggregate  (cost=2137.00..2147.00 rows=1000 width=12) (actual rows=1000 loops=1)
  Group Key: product_id
  Batches: 1  Memory Usage: 193kB
  Buffers: shared hit=637
  ->  Seq Scan on sales s  (cost=0.00..1637.00 rows=100000 width=8) (actual rows=100000 loops=1)
        Buffers: shared hit=637
Planning Time: 0.060 ms
Execution Time: 44.010 ms",38.621,2147,1000,"HashAggregate  (cost=2137.00..2147.00 rows=1000 width=12) (actual rows=1000 loops=1)
  Group Key: product_id
  Batches: 1  Memory Usage: 193kB
  Buffers: shared hit=637
  ->  Seq Scan on sales s  (cost=0.00..1637.00 rows=100000 width=8) (actual rows=100000 loops=1)
        Buffers: shared hit=637
Planning Time: 0.065 ms
Execution Time: 38.621 ms",35.536,2147,1000,"HashAggregate  (cost=2137.00..2147.00 rows=1000 width=12) (actual rows=1000 loops=1)
  Group Key: product_id
  Batches: 1  Memory Usage: 193kB
  Buffers: shared hit=637
  ->  Seq Scan on sales s  (cost=0.00..1637.00 rows=100000 width=8) (actual rows=100000 loops=1)
        Buffers: shared hit=637
Planning Time: 0.067 ms
Execution Time: 35.536 ms",38.4246,38.621,47.8025,54.629,2147,2147,1000,1000,1000,1000
515,1069,18,Easy,"select t_sales_0.product_id as product_id, sum(t_sales_0.quantity) as total_quantity from schema_1069.sales as t_sales_0 group by t_sales_0.product_id",22.971,2147,1000,"HashAggregate  (cost=2137.00..2147.00 rows=1000 width=12) (actual rows=1000 loops=1)
  Group Key: product_id
  Batches: 1  Memory Usage: 193kB
  Buffers: shared hit=637
  ->  Seq Scan on sales t_sales_0  (cost=0.00..1637.00 rows=100000 width=8) (actual rows=100000 loops=1)
        Buffers: shared hit=637
Planning Time: 0.042 ms
Execution Time: 22.971 ms",26.926,2147,1000,"HashAggregate  (cost=2137.00..2147.00 rows=1000 width=12) (actual rows=1000 loops=1)
  Group Key: product_id
  Batches: 1  Memory Usage: 193kB
  Buffers: shared hit=637
  ->  Seq Scan on sales t_sales_0  (cost=0.00..1637.00 rows=100000 width=8) (actual rows=100000 loops=1)
        Buffers: shared hit=637
Planning Time: 0.063 ms
Execution Time: 26.926 ms",31.681,2147,1000,"HashAggregate  (cost=2137.00..2147.00 rows=1000 width=12) (actual rows=1000 loops=1)
  Group Key: product_id
  Batches: 1  Memory Usage: 193kB
  Buffers: shared hit=637
  ->  Seq Scan on sales t_sales_0  (cost=0.00..1637.00 rows=100000 width=8) (actual rows=100000 loops=1)
        Buffers: shared hit=637
Planning Time: 0.056 ms
Execution Time: 31.681 ms",29.958,2147,1000,"HashAggregate  (cost=2137.00..2147.00 rows=1000 width=12) (actual rows=1000 loops=1)
  Group Key: product_id
  Batches: 1  Memory Usage: 193kB
  Buffers: shared hit=637
  ->  Seq Scan on sales t_sales_0  (cost=0.00..1637.00 rows=100000 width=8) (actual rows=100000 loops=1)
        Buffers: shared hit=637
Planning Time: 0.055 ms
Execution Time: 29.958 ms",24.712,2147,1000,"HashAggregate  (cost=2137.00..2147.00 rows=1000 width=12) (actual rows=1000 loops=1)
  Group Key: product_id
  Batches: 1  Memory Usage: 193kB
  Buffers: shared hit=637
  ->  Seq Scan on sales t_sales_0  (cost=0.00..1637.00 rows=100000 width=8) (actual rows=100000 loops=1)
        Buffers: shared hit=637
Planning Time: 0.081 ms
Execution Time: 24.712 ms",27.2496,26.926,30.8195,32.3702,2147,2147,1000,1000,1000,1000
517,1069,23,Easy,"select s.product_id as product_id, sum(s.quantity) as total_quantity from schema_1069.sales as s group by s.product_id",22.498,2147,1000,"HashAggregate  (cost=2137.00..2147.00 rows=1000 width=12) (actual rows=1000 loops=1)
  Group Key: product_id
  Batches: 1  Memory Usage: 193kB
  Buffers: shared hit=637
  ->  Seq Scan on sales s  (cost=0.00..1637.00 rows=100000 width=8) (actual rows=100000 loops=1)
        Buffers: shared hit=637
Planning Time: 0.042 ms
Execution Time: 22.498 ms",27.57,2147,1000,"HashAggregate  (cost=2137.00..2147.00 rows=1000 width=12) (actual rows=1000 loops=1)
  Group Key: product_id
  Batches: 1  Memory Usage: 193kB
  Buffers: shared hit=637
  ->  Seq Scan on sales s  (cost=0.00..1637.00 rows=100000 width=8) (actual rows=100000 loops=1)
        Buffers: shared hit=637
Planning Time: 0.064 ms
Execution Time: 27.570 ms",27.347,2147,1000,"HashAggregate  (cost=2137.00..2147.00 rows=1000 width=12) (actual rows=1000 loops=1)
  Group Key: product_id
  Batches: 1  Memory Usage: 193kB
  Buffers: shared hit=637
  ->  Seq Scan on sales s  (cost=0.00..1637.00 rows=100000 width=8) (actual rows=100000 loops=1)
        Buffers: shared hit=637
Planning Time: 0.059 ms
Execution Time: 27.347 ms",30.187,2147,1000,"HashAggregate  (cost=2137.00..2147.00 rows=1000 width=12) (actual rows=1000 loops=1)
  Group Key: product_id
  Batches: 1  Memory Usage: 193kB
  Buffers: shared hit=637
  ->  Seq Scan on sales s  (cost=0.00..1637.00 rows=100000 width=8) (actual rows=100000 loops=1)
        Buffers: shared hit=637
Planning Time: 0.061 ms
Execution Time: 30.187 ms",26.389,2147,1000,"HashAggregate  (cost=2137.00..2147.00 rows=1000 width=12) (actual rows=1000 loops=1)
  Group Key: product_id
  Batches: 1  Memory Usage: 193kB
  Buffers: shared hit=637
  ->  Seq Scan on sales s  (cost=0.00..1637.00 rows=100000 width=8) (actual rows=100000 loops=1)
        Buffers: shared hit=637
Planning Time: 0.058 ms
Execution Time: 26.389 ms",26.7982,27.347,28.8785,31.2338,2147,2147,1000,1000,1000,1000
518,1069,24,Easy,"select s.product_id as product_id, sum(s.quantity) as total_quantity from schema_1069.sales as s group by s.product_id",21.94,2147,1000,"HashAggregate  (cost=2137.00..2147.00 rows=1000 width=12) (actual rows=1000 loops=1)
  Group Key: product_id
  Batches: 1  Memory Usage: 193kB
  Buffers: shared hit=637
  ->  Seq Scan on sales s  (cost=0.00..1637.00 rows=100000 width=8) (actual rows=100000 loops=1)
        Buffers: shared hit=637
Planning Time: 0.059 ms
Execution Time: 21.940 ms",31.602,2147,1000,"HashAggregate  (cost=2137.00..2147.00 rows=1000 width=12) (actual rows=1000 loops=1)
  Group Key: product_id
  Batches: 1  Memory Usage: 193kB
  Buffers: shared hit=637
  ->  Seq Scan on sales s  (cost=0.00..1637.00 rows=100000 width=8) (actual rows=100000 loops=1)
        Buffers: shared hit=637
Planning Time: 0.056 ms
Execution Time: 31.602 ms",28.41,2147,1000,"HashAggregate  (cost=2137.00..2147.00 rows=1000 width=12) (actual rows=1000 loops=1)
  Group Key: product_id
  Batches: 1  Memory Usage: 193kB
  Buffers: shared hit=637
  ->  Seq Scan on sales s  (cost=0.00..1637.00 rows=100000 width=8) (actual rows=100000 loops=1)
        Buffers: shared hit=637
Planning Time: 0.062 ms
Execution Time: 28.410 ms",29.375,2147,1000,"HashAggregate  (cost=2137.00..2147.00 rows=1000 width=12) (actual rows=1000 loops=1)
  Group Key: product_id
  Batches: 1  Memory Usage: 193kB
  Buffers: shared hit=637
  ->  Seq Scan on sales s  (cost=0.00..1637.00 rows=100000 width=8) (actual rows=100000 loops=1)
        Buffers: shared hit=637
Planning Time: 0.086 ms
Execution Time: 29.375 ms",26.861,2147,1000,"HashAggregate  (cost=2137.00..2147.00 rows=1000 width=12) (actual rows=1000 loops=1)
  Group Key: product_id
  Batches: 1  Memory Usage: 193kB
  Buffers: shared hit=637
  ->  Seq Scan on sales s  (cost=0.00..1637.00 rows=100000 width=8) (actual rows=100000 loops=1)
        Buffers: shared hit=637
Planning Time: 0.064 ms
Execution Time: 26.861 ms",27.6376,28.41,30.4885,32.4928,2147,2147,1000,1000,1000,1000
519,1069,29,Easy,"select s.product_id as product_id, sum(s.quantity) as total_quantity from schema_1069.sales as s group by s.product_id",22.034,2147,1000,"HashAggregate  (cost=2137.00..2147.00 rows=1000 width=12) (actual rows=1000 loops=1)
  Group Key: product_id
  Batches: 1  Memory Usage: 193kB
  Buffers: shared hit=637
  ->  Seq Scan on sales s  (cost=0.00..1637.00 rows=100000 width=8) (actual rows=100000 loops=1)
        Buffers: shared hit=637
Planning Time: 0.047 ms
Execution Time: 22.034 ms",27.669,2147,1000,"HashAggregate  (cost=2137.00..2147.00 rows=1000 width=12) (actual rows=1000 loops=1)
  Group Key: product_id
  Batches: 1  Memory Usage: 193kB
  Buffers: shared hit=637
  ->  Seq Scan on sales s  (cost=0.00..1637.00 rows=100000 width=8) (actual rows=100000 loops=1)
        Buffers: shared hit=637
Planning Time: 0.055 ms
Execution Time: 27.669 ms",26.893,2147,1000,"HashAggregate  (cost=2137.00..2147.00 rows=1000 width=12) (actual rows=1000 loops=1)
  Group Key: product_id
  Batches: 1  Memory Usage: 193kB
  Buffers: shared hit=637
  ->  Seq Scan on sales s  (cost=0.00..1637.00 rows=100000 width=8) (actual rows=100000 loops=1)
        Buffers: shared hit=637
Planning Time: 0.105 ms
Execution Time: 26.893 ms",39.285,2147,1000,"HashAggregate  (cost=2137.00..2147.00 rows=1000 width=12) (actual rows=1000 loops=1)
  Group Key: product_id
  Batches: 1  Memory Usage: 193kB
  Buffers: shared hit=637
  ->  Seq Scan on sales s  (cost=0.00..1637.00 rows=100000 width=8) (actual rows=100000 loops=1)
        Buffers: shared hit=637
Planning Time: 0.042 ms
Execution Time: 39.285 ms",28.738,2147,1000,"HashAggregate  (cost=2137.00..2147.00 rows=1000 width=12) (actual rows=1000 loops=1)
  Group Key: product_id
  Batches: 1  Memory Usage: 193kB
  Buffers: shared hit=637
  ->  Seq Scan on sales s  (cost=0.00..1637.00 rows=100000 width=8) (actual rows=100000 loops=1)
        Buffers: shared hit=637
Planning Time: 0.081 ms
Execution Time: 28.738 ms",28.9238,27.669,34.0115,43.5038,2147,2147,1000,1000,1000,1000
520,1069,30,Easy,"select s.product_id as product_id, sum(s.quantity) as total_quantity from schema_1069.sales as s group by s.product_id",22.373,2147,1000,"HashAggregate  (cost=2137.00..2147.00 rows=1000 width=12) (actual rows=1000 loops=1)
  Group Key: product_id
  Batches: 1  Memory Usage: 193kB
  Buffers: shared hit=637
  ->  Seq Scan on sales s  (cost=0.00..1637.00 rows=100000 width=8) (actual rows=100000 loops=1)
        Buffers: shared hit=637
Planning Time: 0.060 ms
Execution Time: 22.373 ms",32.658,2147,1000,"HashAggregate  (cost=2137.00..2147.00 rows=1000 width=12) (actual rows=1000 loops=1)
  Group Key: product_id
  Batches: 1  Memory Usage: 193kB
  Buffers: shared hit=637
  ->  Seq Scan on sales s  (cost=0.00..1637.00 rows=100000 width=8) (actual rows=100000 loops=1)
        Buffers: shared hit=637
Planning Time: 0.065 ms
Execution Time: 32.658 ms",26.379,2147,1000,"HashAggregate  (cost=2137.00..2147.00 rows=1000 width=12) (actual rows=1000 loops=1)
  Group Key: product_id
  Batches: 1  Memory Usage: 193kB
  Buffers: shared hit=637
  ->  Seq Scan on sales s  (cost=0.00..1637.00 rows=100000 width=8) (actual rows=100000 loops=1)
        Buffers: shared hit=637
Planning Time: 0.118 ms
Execution Time: 26.379 ms",26.767,2147,1000,"HashAggregate  (cost=2137.00..2147.00 rows=1000 width=12) (actual rows=1000 loops=1)
  Group Key: product_id
  Batches: 1  Memory Usage: 193kB
  Buffers: shared hit=637
  ->  Seq Scan on sales s  (cost=0.00..1637.00 rows=100000 width=8) (actual rows=100000 loops=1)
        Buffers: shared hit=637
Planning Time: 0.060 ms
Execution Time: 26.767 ms",30.102,2147,1000,"HashAggregate  (cost=2137.00..2147.00 rows=1000 width=12) (actual rows=1000 loops=1)
  Group Key: product_id
  Batches: 1  Memory Usage: 193kB
  Buffers: shared hit=637
  ->  Seq Scan on sales s  (cost=0.00..1637.00 rows=100000 width=8) (actual rows=100000 loops=1)
        Buffers: shared hit=637
Planning Time: 0.059 ms
Execution Time: 30.102 ms",27.6558,26.767,31.38,33.6804,2147,2147,1000,1000,1000,1000
523,1069,71,Easy,"select s.product_id as product_id, sum(s.quantity) as total_quantity from schema_1069.sales as s group by s.product_id",23.496,2147,1000,"HashAggregate  (cost=2137.00..2147.00 rows=1000 width=12) (actual rows=1000 loops=1)
  Group Key: product_id
  Batches: 1  Memory Usage: 193kB
  Buffers: shared hit=637
  ->  Seq Scan on sales s  (cost=0.00..1637.00 rows=100000 width=8) (actual rows=100000 loops=1)
        Buffers: shared hit=637
Planning Time: 0.054 ms
Execution Time: 23.496 ms",25.464,2147,1000,"HashAggregate  (cost=2137.00..2147.00 rows=1000 width=12) (actual rows=1000 loops=1)
  Group Key: product_id
  Batches: 1  Memory Usage: 193kB
  Buffers: shared hit=637
  ->  Seq Scan on sales s  (cost=0.00..1637.00 rows=100000 width=8) (actual rows=100000 loops=1)
        Buffers: shared hit=637
Planning Time: 0.069 ms
Execution Time: 25.464 ms",26.52,2147,1000,"HashAggregate  (cost=2137.00..2147.00 rows=1000 width=12) (actual rows=1000 loops=1)
  Group Key: product_id
  Batches: 1  Memory Usage: 193kB
  Buffers: shared hit=637
  ->  Seq Scan on sales s  (cost=0.00..1637.00 rows=100000 width=8) (actual rows=100000 loops=1)
        Buffers: shared hit=637
Planning Time: 0.094 ms
Execution Time: 26.520 ms",30.458,2147,1000,"HashAggregate  (cost=2137.00..2147.00 rows=1000 width=12) (actual rows=1000 loops=1)
  Group Key: product_id
  Batches: 1  Memory Usage: 193kB
  Buffers: shared hit=637
  ->  Seq Scan on sales s  (cost=0.00..1637.00 rows=100000 width=8) (actual rows=100000 loops=1)
        Buffers: shared hit=637
Planning Time: 0.060 ms
Execution Time: 30.458 ms",28.482,2147,1000,"HashAggregate  (cost=2137.00..2147.00 rows=1000 width=12) (actual rows=1000 loops=1)
  Group Key: product_id
  Batches: 1  Memory Usage: 193kB
  Buffers: shared hit=637
  ->  Seq Scan on sales s  (cost=0.00..1637.00 rows=100000 width=8) (actual rows=100000 loops=1)
        Buffers: shared hit=637
Planning Time: 0.068 ms
Execution Time: 28.482 ms",26.884,26.52,29.47,31.2484,2147,2147,1000,1000,1000,1000
524,1069,73,Easy,"select s.product_id as product_id, sum(s.quantity) as total_quantity from schema_1069.sales as s group by s.product_id",22.546,2147,1000,"HashAggregate  (cost=2137.00..2147.00 rows=1000 width=12) (actual rows=1000 loops=1)
  Group Key: product_id
  Batches: 1  Memory Usage: 193kB
  Buffers: shared hit=637
  ->  Seq Scan on sales s  (cost=0.00..1637.00 rows=100000 width=8) (actual rows=100000 loops=1)
        Buffers: shared hit=637
Planning Time: 0.042 ms
Execution Time: 22.546 ms",32.73,2147,1000,"HashAggregate  (cost=2137.00..2147.00 rows=1000 width=12) (actual rows=1000 loops=1)
  Group Key: product_id
  Batches: 1  Memory Usage: 193kB
  Buffers: shared hit=637
  ->  Seq Scan on sales s  (cost=0.00..1637.00 rows=100000 width=8) (actual rows=100000 loops=1)
        Buffers: shared hit=637
Planning Time: 0.056 ms
Execution Time: 32.730 ms",41.083,2147,1000,"HashAggregate  (cost=2137.00..2147.00 rows=1000 width=12) (actual rows=1000 loops=1)
  Group Key: product_id
  Batches: 1  Memory Usage: 193kB
  Buffers: shared hit=637
  ->  Seq Scan on sales s  (cost=0.00..1637.00 rows=100000 width=8) (actual rows=100000 loops=1)
        Buffers: shared hit=637
Planning Time: 0.056 ms
Execution Time: 41.083 ms",32.397,2147,1000,"HashAggregate  (cost=2137.00..2147.00 rows=1000 width=12) (actual rows=1000 loops=1)
  Group Key: product_id
  Batches: 1  Memory Usage: 193kB
  Buffers: shared hit=637
  ->  Seq Scan on sales s  (cost=0.00..1637.00 rows=100000 width=8) (actual rows=100000 loops=1)
        Buffers: shared hit=637
Planning Time: 0.060 ms
Execution Time: 32.397 ms",26.845,2147,1000,"HashAggregate  (cost=2137.00..2147.00 rows=1000 width=12) (actual rows=1000 loops=1)
  Group Key: product_id
  Batches: 1  Memory Usage: 193kB
  Buffers: shared hit=637
  ->  Seq Scan on sales s  (cost=0.00..1637.00 rows=100000 width=8) (actual rows=100000 loops=1)
        Buffers: shared hit=637
Planning Time: 0.056 ms
Execution Time: 26.845 ms",31.1202,32.397,36.9065,44.4242,2147,2147,1000,1000,1000,1000
526,1069,76,Easy,"select s.product_id as product_id, sum(s.quantity) as total_quantity from schema_1069.sales as s group by s.product_id",23.763,2147,1000,"HashAggregate  (cost=2137.00..2147.00 rows=1000 width=12) (actual rows=1000 loops=1)
  Group Key: product_id
  Batches: 1  Memory Usage: 193kB
  Buffers: shared hit=637
  ->  Seq Scan on sales s  (cost=0.00..1637.00 rows=100000 width=8) (actual rows=100000 loops=1)
        Buffers: shared hit=637
Planning Time: 0.055 ms
Execution Time: 23.763 ms",26.851,2147,1000,"HashAggregate  (cost=2137.00..2147.00 rows=1000 width=12) (actual rows=1000 loops=1)
  Group Key: product_id
  Batches: 1  Memory Usage: 193kB
  Buffers: shared hit=637
  ->  Seq Scan on sales s  (cost=0.00..1637.00 rows=100000 width=8) (actual rows=100000 loops=1)
        Buffers: shared hit=637
Planning Time: 0.100 ms
Execution Time: 26.851 ms",27.028,2147,1000,"HashAggregate  (cost=2137.00..2147.00 rows=1000 width=12) (actual rows=1000 loops=1)
  Group Key: product_id
  Batches: 1  Memory Usage: 193kB
  Buffers: shared hit=637
  ->  Seq Scan on sales s  (cost=0.00..1637.00 rows=100000 width=8) (actual rows=100000 loops=1)
        Buffers: shared hit=637
Planning Time: 0.060 ms
Execution Time: 27.028 ms",29.784,2147,1000,"HashAggregate  (cost=2137.00..2147.00 rows=1000 width=12) (actual rows=1000 loops=1)
  Group Key: product_id
  Batches: 1  Memory Usage: 193kB
  Buffers: shared hit=637
  ->  Seq Scan on sales s  (cost=0.00..1637.00 rows=100000 width=8) (actual rows=100000 loops=1)
        Buffers: shared hit=637
Planning Time: 0.058 ms
Execution Time: 29.784 ms",27.545,2147,1000,"HashAggregate  (cost=2137.00..2147.00 rows=1000 width=12) (actual rows=1000 loops=1)
  Group Key: product_id
  Batches: 1  Memory Usage: 193kB
  Buffers: shared hit=637
  ->  Seq Scan on sales s  (cost=0.00..1637.00 rows=100000 width=8) (actual rows=100000 loops=1)
        Buffers: shared hit=637
Planning Time: 0.068 ms
Execution Time: 27.545 ms",26.9942,27.028,28.6645,30.6796,2147,2147,1000,1000,1000,1000
530,1069,83,Easy,"select a.product_id as product_id, sum(a.quantity) as total_quantity from schema_1069.sales as a group by a.product_id",21.973,2147,1000,"HashAggregate  (cost=2137.00..2147.00 rows=1000 width=12) (actual rows=1000 loops=1)
  Group Key: product_id
  Batches: 1  Memory Usage: 193kB
  Buffers: shared hit=637
  ->  Seq Scan on sales a  (cost=0.00..1637.00 rows=100000 width=8) (actual rows=100000 loops=1)
        Buffers: shared hit=637
Planning Time: 0.042 ms
Execution Time: 21.973 ms",33.128,2147,1000,"HashAggregate  (cost=2137.00..2147.00 rows=1000 width=12) (actual rows=1000 loops=1)
  Group Key: product_id
  Batches: 1  Memory Usage: 193kB
  Buffers: shared hit=637
  ->  Seq Scan on sales a  (cost=0.00..1637.00 rows=100000 width=8) (actual rows=100000 loops=1)
        Buffers: shared hit=637
Planning Time: 0.056 ms
Execution Time: 33.128 ms",27.042,2147,1000,"HashAggregate  (cost=2137.00..2147.00 rows=1000 width=12) (actual rows=1000 loops=1)
  Group Key: product_id
  Batches: 1  Memory Usage: 193kB
  Buffers: shared hit=637
  ->  Seq Scan on sales a  (cost=0.00..1637.00 rows=100000 width=8) (actual rows=100000 loops=1)
        Buffers: shared hit=637
Planning Time: 0.083 ms
Execution Time: 27.042 ms",32.003,2147,1000,"HashAggregate  (cost=2137.00..2147.00 rows=1000 width=12) (actual rows=1000 loops=1)
  Group Key: product_id
  Batches: 1  Memory Usage: 193kB
  Buffers: shared hit=637
  ->  Seq Scan on sales a  (cost=0.00..1637.00 rows=100000 width=8) (actual rows=100000 loops=1)
        Buffers: shared hit=637
Planning Time: 0.056 ms
Execution Time: 32.003 ms",26.656,2147,1000,"HashAggregate  (cost=2137.00..2147.00 rows=1000 width=12) (actual rows=1000 loops=1)
  Group Key: product_id
  Batches: 1  Memory Usage: 193kB
  Buffers: shared hit=637
  ->  Seq Scan on sales a  (cost=0.00..1637.00 rows=100000 width=8) (actual rows=100000 loops=1)
        Buffers: shared hit=637
Planning Time: 0.081 ms
Execution Time: 26.656 ms",28.1604,27.042,32.5655,33.578,2147,2147,1000,1000,1000,1000
533,1069,93,Easy,"select s.product_id as product_id, sum(s.quantity) as total_quantity from schema_1069.sales as s group by s.product_id",25.173,2147,1000,"HashAggregate  (cost=2137.00..2147.00 rows=1000 width=12) (actual rows=1000 loops=1)
  Group Key: product_id
  Batches: 1  Memory Usage: 193kB
  Buffers: shared hit=637
  ->  Seq Scan on sales s  (cost=0.00..1637.00 rows=100000 width=8) (actual rows=100000 loops=1)
        Buffers: shared hit=637
Planning Time: 0.057 ms
Execution Time: 25.173 ms",26.955,2147,1000,"HashAggregate  (cost=2137.00..2147.00 rows=1000 width=12) (actual rows=1000 loops=1)
  Group Key: product_id
  Batches: 1  Memory Usage: 193kB
  Buffers: shared hit=637
  ->  Seq Scan on sales s  (cost=0.00..1637.00 rows=100000 width=8) (actual rows=100000 loops=1)
        Buffers: shared hit=637
Planning Time: 0.076 ms
Execution Time: 26.955 ms",37.839,2147,1000,"HashAggregate  (cost=2137.00..2147.00 rows=1000 width=12) (actual rows=1000 loops=1)
  Group Key: product_id
  Batches: 1  Memory Usage: 193kB
  Buffers: shared hit=637
  ->  Seq Scan on sales s  (cost=0.00..1637.00 rows=100000 width=8) (actual rows=100000 loops=1)
        Buffers: shared hit=637
Planning Time: 0.042 ms
Execution Time: 37.839 ms",31.915,2147,1000,"HashAggregate  (cost=2137.00..2147.00 rows=1000 width=12) (actual rows=1000 loops=1)
  Group Key: product_id
  Batches: 1  Memory Usage: 193kB
  Buffers: shared hit=637
  ->  Seq Scan on sales s  (cost=0.00..1637.00 rows=100000 width=8) (actual rows=100000 loops=1)
        Buffers: shared hit=637
Planning Time: 0.070 ms
Execution Time: 31.915 ms",25.845,2147,1000,"HashAggregate  (cost=2137.00..2147.00 rows=1000 width=12) (actual rows=1000 loops=1)
  Group Key: product_id
  Batches: 1  Memory Usage: 193kB
  Buffers: shared hit=637
  ->  Seq Scan on sales s  (cost=0.00..1637.00 rows=100000 width=8) (actual rows=100000 loops=1)
        Buffers: shared hit=637
Planning Time: 0.106 ms
Execution Time: 25.845 ms",29.5454,26.955,34.877,40.2086,2147,2147,1000,1000,1000,1000
534,1069,95,Easy,"select s.product_id as product_id, sum(s.quantity) as total_quantity from schema_1069.sales as s group by s.product_id",21.993,2147,1000,"HashAggregate  (cost=2137.00..2147.00 rows=1000 width=12) (actual rows=1000 loops=1)
  Group Key: product_id
  Batches: 1  Memory Usage: 193kB
  Buffers: shared hit=637
  ->  Seq Scan on sales s  (cost=0.00..1637.00 rows=100000 width=8) (actual rows=100000 loops=1)
        Buffers: shared hit=637
Planning Time: 0.045 ms
Execution Time: 21.993 ms",32.763,2147,1000,"HashAggregate  (cost=2137.00..2147.00 rows=1000 width=12) (actual rows=1000 loops=1)
  Group Key: product_id
  Batches: 1  Memory Usage: 193kB
  Buffers: shared hit=637
  ->  Seq Scan on sales s  (cost=0.00..1637.00 rows=100000 width=8) (actual rows=100000 loops=1)
        Buffers: shared hit=637
Planning Time: 0.064 ms
Execution Time: 32.763 ms",27.114,2147,1000,"HashAggregate  (cost=2137.00..2147.00 rows=1000 width=12) (actual rows=1000 loops=1)
  Group Key: product_id
  Batches: 1  Memory Usage: 193kB
  Buffers: shared hit=637
  ->  Seq Scan on sales s  (cost=0.00..1637.00 rows=100000 width=8) (actual rows=100000 loops=1)
        Buffers: shared hit=637
Planning Time: 0.067 ms
Execution Time: 27.114 ms",30.588,2147,1000,"HashAggregate  (cost=2137.00..2147.00 rows=1000 width=12) (actual rows=1000 loops=1)
  Group Key: product_id
  Batches: 1  Memory Usage: 193kB
  Buffers: shared hit=637
  ->  Seq Scan on sales s  (cost=0.00..1637.00 rows=100000 width=8) (actual rows=100000 loops=1)
        Buffers: shared hit=637
Planning Time: 0.061 ms
Execution Time: 30.588 ms",27.954,2147,1000,"HashAggregate  (cost=2137.00..2147.00 rows=1000 width=12) (actual rows=1000 loops=1)
  Group Key: product_id
  Batches: 1  Memory Usage: 193kB
  Buffers: shared hit=637
  ->  Seq Scan on sales s  (cost=0.00..1637.00 rows=100000 width=8) (actual rows=100000 loops=1)
        Buffers: shared hit=637
Planning Time: 0.060 ms
Execution Time: 27.954 ms",28.0824,27.954,31.6755,33.633,2147,2147,1000,1000,1000,1000
535,1069,96,Easy,"select t_sales_0.product_id as product_id, sum(t_sales_0.quantity) as total_quantity from schema_1069.sales as t_sales_0 group by t_sales_0.product_id",21.748,2147,1000,"HashAggregate  (cost=2137.00..2147.00 rows=1000 width=12) (actual rows=1000 loops=1)
  Group Key: product_id
  Batches: 1  Memory Usage: 193kB
  Buffers: shared hit=637
  ->  Seq Scan on sales t_sales_0  (cost=0.00..1637.00 rows=100000 width=8) (actual rows=100000 loops=1)
        Buffers: shared hit=637
Planning Time: 0.041 ms
Execution Time: 21.748 ms",31.671,2147,1000,"HashAggregate  (cost=2137.00..2147.00 rows=1000 width=12) (actual rows=1000 loops=1)
  Group Key: product_id
  Batches: 1  Memory Usage: 193kB
  Buffers: shared hit=637
  ->  Seq Scan on sales t_sales_0  (cost=0.00..1637.00 rows=100000 width=8) (actual rows=100000 loops=1)
        Buffers: shared hit=637
Planning Time: 0.058 ms
Execution Time: 31.671 ms",29.446,2147,1000,"HashAggregate  (cost=2137.00..2147.00 rows=1000 width=12) (actual rows=1000 loops=1)
  Group Key: product_id
  Batches: 1  Memory Usage: 193kB
  Buffers: shared hit=637
  ->  Seq Scan on sales t_sales_0  (cost=0.00..1637.00 rows=100000 width=8) (actual rows=100000 loops=1)
        Buffers: shared hit=637
Planning Time: 0.058 ms
Execution Time: 29.446 ms",24.246,2147,1000,"HashAggregate  (cost=2137.00..2147.00 rows=1000 width=12) (actual rows=1000 loops=1)
  Group Key: product_id
  Batches: 1  Memory Usage: 193kB
  Buffers: shared hit=637
  ->  Seq Scan on sales t_sales_0  (cost=0.00..1637.00 rows=100000 width=8) (actual rows=100000 loops=1)
        Buffers: shared hit=637
Planning Time: 0.043 ms
Execution Time: 24.246 ms",27.526,2147,1000,"HashAggregate  (cost=2137.00..2147.00 rows=1000 width=12) (actual rows=1000 loops=1)
  Group Key: product_id
  Batches: 1  Memory Usage: 193kB
  Buffers: shared hit=637
  ->  Seq Scan on sales t_sales_0  (cost=0.00..1637.00 rows=100000 width=8) (actual rows=100000 loops=1)
        Buffers: shared hit=637
Planning Time: 0.059 ms
Execution Time: 27.526 ms",26.9274,27.526,30.5585,32.561,2147,2147,1000,1000,1000,1000
539,1069,107,Easy,"select b.product_id as product_id, sum(b.quantity) as total_quantity from schema_1069.sales as b group by b.product_id",27.19,2147,1000,"HashAggregate  (cost=2137.00..2147.00 rows=1000 width=12) (actual rows=1000 loops=1)
  Group Key: product_id
  Batches: 1  Memory Usage: 193kB
  Buffers: shared hit=637
  ->  Seq Scan on sales b  (cost=0.00..1637.00 rows=100000 width=8) (actual rows=100000 loops=1)
        Buffers: shared hit=637
Planning Time: 0.059 ms
Execution Time: 27.190 ms",26.004,2147,1000,"HashAggregate  (cost=2137.00..2147.00 rows=1000 width=12) (actual rows=1000 loops=1)
  Group Key: product_id
  Batches: 1  Memory Usage: 193kB
  Buffers: shared hit=637
  ->  Seq Scan on sales b  (cost=0.00..1637.00 rows=100000 width=8) (actual rows=100000 loops=1)
        Buffers: shared hit=637
Planning Time: 0.112 ms
Execution Time: 26.004 ms",24.839,2147,1000,"HashAggregate  (cost=2137.00..2147.00 rows=1000 width=12) (actual rows=1000 loops=1)
  Group Key: product_id
  Batches: 1  Memory Usage: 193kB
  Buffers: shared hit=637
  ->  Seq Scan on sales b  (cost=0.00..1637.00 rows=100000 width=8) (actual rows=100000 loops=1)
        Buffers: shared hit=637
Planning Time: 0.068 ms
Execution Time: 24.839 ms",38,2147,1000,"HashAggregate  (cost=2137.00..2147.00 rows=1000 width=12) (actual rows=1000 loops=1)
  Group Key: product_id
  Batches: 1  Memory Usage: 193kB
  Buffers: shared hit=637
  ->  Seq Scan on sales b  (cost=0.00..1637.00 rows=100000 width=8) (actual rows=100000 loops=1)
        Buffers: shared hit=637
Planning Time: 0.041 ms
Execution Time: 38.000 ms",33.289,2147,1000,"HashAggregate  (cost=2137.00..2147.00 rows=1000 width=12) (actual rows=1000 loops=1)
  Group Key: product_id
  Batches: 1  Memory Usage: 193kB
  Buffers: shared hit=637
  ->  Seq Scan on sales b  (cost=0.00..1637.00 rows=100000 width=8) (actual rows=100000 loops=1)
        Buffers: shared hit=637
Planning Time: 0.063 ms
Execution Time: 33.289 ms",29.8644,27.19,35.6445,39.8844,2147,2147,1000,1000,1000,1000
541,1069,111,Easy,"select distinct t_cte_7.c_product_id0 as product_id, t_cte_7.c_sum0 as total_quantity from (select t_sales_0.product_id as c_product_id0, sum(t_sales_0.quantity) as c_sum0 from schema_1069.sales as t_sales_0 group by t_sales_0.product_id) as t_cte_7 order by product_id asc",35.094,2172.14,1000,"Sort  (cost=2171.64..2172.14 rows=200 width=12) (actual rows=1000 loops=1)
  Sort Key: t_sales_0.product_id
  Sort Method: quicksort  Memory: 71kB
  Buffers: shared hit=637
  ->  HashAggregate  (cost=2162.00..2164.00 rows=200 width=12) (actual rows=1000 loops=1)
        Group Key: t_sales_0.product_id, sum(t_sales_0.quantity)
        Batches: 1  Memory Usage: 145kB
        Buffers: shared hit=637
        ->  HashAggregate  (cost=2137.00..2147.00 rows=1000 width=12) (actual rows=1000 loops=1)
              Group Key: t_sales_0.product_id
              Batches: 1  Memory Usage: 193kB
              Buffers: shared hit=637
              ->  Seq Scan on sales t_sales_0  (cost=0.00..1637.00 rows=100000 width=8) (actual rows=100000 loops=1)
                    Buffers: shared hit=637
Planning Time: 0.094 ms
Execution Time: 35.094 ms",28.374,2172.14,1000,"Sort  (cost=2171.64..2172.14 rows=200 width=12) (actual rows=1000 loops=1)
  Sort Key: t_sales_0.product_id
  Sort Method: quicksort  Memory: 71kB
  Buffers: shared hit=637
  ->  HashAggregate  (cost=2162.00..2164.00 rows=200 width=12) (actual rows=1000 loops=1)
        Group Key: t_sales_0.product_id, sum(t_sales_0.quantity)
        Batches: 1  Memory Usage: 145kB
        Buffers: shared hit=637
        ->  HashAggregate  (cost=2137.00..2147.00 rows=1000 width=12) (actual rows=1000 loops=1)
              Group Key: t_sales_0.product_id
              Batches: 1  Memory Usage: 193kB
              Buffers: shared hit=637
              ->  Seq Scan on sales t_sales_0  (cost=0.00..1637.00 rows=100000 width=8) (actual rows=100000 loops=1)
                    Buffers: shared hit=637
Planning Time: 0.152 ms
Execution Time: 28.374 ms",30.183,2172.14,1000,"Sort  (cost=2171.64..2172.14 rows=200 width=12) (actual rows=1000 loops=1)
  Sort Key: t_sales_0.product_id
  Sort Method: quicksort  Memory: 71kB
  Buffers: shared hit=637
  ->  HashAggregate  (cost=2162.00..2164.00 rows=200 width=12) (actual rows=1000 loops=1)
        Group Key: t_sales_0.product_id, sum(t_sales_0.quantity)
        Batches: 1  Memory Usage: 145kB
        Buffers: shared hit=637
        ->  HashAggregate  (cost=2137.00..2147.00 rows=1000 width=12) (actual rows=1000 loops=1)
              Group Key: t_sales_0.product_id
              Batches: 1  Memory Usage: 193kB
              Buffers: shared hit=637
              ->  Seq Scan on sales t_sales_0  (cost=0.00..1637.00 rows=100000 width=8) (actual rows=100000 loops=1)
                    Buffers: shared hit=637
Planning Time: 0.085 ms
Execution Time: 30.183 ms",30.324,2172.14,1000,"Sort  (cost=2171.64..2172.14 rows=200 width=12) (actual rows=1000 loops=1)
  Sort Key: t_sales_0.product_id
  Sort Method: quicksort  Memory: 71kB
  Buffers: shared hit=637
  ->  HashAggregate  (cost=2162.00..2164.00 rows=200 width=12) (actual rows=1000 loops=1)
        Group Key: t_sales_0.product_id, sum(t_sales_0.quantity)
        Batches: 1  Memory Usage: 145kB
        Buffers: shared hit=637
        ->  HashAggregate  (cost=2137.00..2147.00 rows=1000 width=12) (actual rows=1000 loops=1)
              Group Key: t_sales_0.product_id
              Batches: 1  Memory Usage: 193kB
              Buffers: shared hit=637
              ->  Seq Scan on sales t_sales_0  (cost=0.00..1637.00 rows=100000 width=8) (actual rows=100000 loops=1)
                    Buffers: shared hit=637
Planning Time: 0.115 ms
Execution Time: 30.324 ms",26.996,2172.14,1000,"Sort  (cost=2171.64..2172.14 rows=200 width=12) (actual rows=1000 loops=1)
  Sort Key: t_sales_0.product_id
  Sort Method: quicksort  Memory: 71kB
  Buffers: shared hit=637
  ->  HashAggregate  (cost=2162.00..2164.00 rows=200 width=12) (actual rows=1000 loops=1)
        Group Key: t_sales_0.product_id, sum(t_sales_0.quantity)
        Batches: 1  Memory Usage: 145kB
        Buffers: shared hit=637
        ->  HashAggregate  (cost=2137.00..2147.00 rows=1000 width=12) (actual rows=1000 loops=1)
              Group Key: t_sales_0.product_id
              Batches: 1  Memory Usage: 193kB
              Buffers: shared hit=637
              ->  Seq Scan on sales t_sales_0  (cost=0.00..1637.00 rows=100000 width=8) (actual rows=100000 loops=1)
                    Buffers: shared hit=637
Planning Time: 0.135 ms
Execution Time: 26.996 ms",30.1942,30.183,32.709,37.002,2172.14,2172.14,1000,1000,1000,1000
542,1069,112,Easy,"select t_sales_0.product_id as product_id, sum(t_sales_0.quantity) as total_quantity from schema_1069.sales as t_sales_0 group by t_sales_0.product_id",24.264,2147,1000,"HashAggregate  (cost=2137.00..2147.00 rows=1000 width=12) (actual rows=1000 loops=1)
  Group Key: product_id
  Batches: 1  Memory Usage: 193kB
  Buffers: shared hit=637
  ->  Seq Scan on sales t_sales_0  (cost=0.00..1637.00 rows=100000 width=8) (actual rows=100000 loops=1)
        Buffers: shared hit=637
Planning Time: 0.056 ms
Execution Time: 24.264 ms",28.708,2147,1000,"HashAggregate  (cost=2137.00..2147.00 rows=1000 width=12) (actual rows=1000 loops=1)
  Group Key: product_id
  Batches: 1  Memory Usage: 193kB
  Buffers: shared hit=637
  ->  Seq Scan on sales t_sales_0  (cost=0.00..1637.00 rows=100000 width=8) (actual rows=100000 loops=1)
        Buffers: shared hit=637
Planning Time: 0.064 ms
Execution Time: 28.708 ms",42.739,2147,1000,"HashAggregate  (cost=2137.00..2147.00 rows=1000 width=12) (actual rows=1000 loops=1)
  Group Key: product_id
  Batches: 1  Memory Usage: 193kB
  Buffers: shared hit=637
  ->  Seq Scan on sales t_sales_0  (cost=0.00..1637.00 rows=100000 width=8) (actual rows=100000 loops=1)
        Buffers: shared hit=637
Planning Time: 0.059 ms
Execution Time: 42.739 ms",31.409,2147,1000,"HashAggregate  (cost=2137.00..2147.00 rows=1000 width=12) (actual rows=1000 loops=1)
  Group Key: product_id
  Batches: 1  Memory Usage: 193kB
  Buffers: shared hit=637
  ->  Seq Scan on sales t_sales_0  (cost=0.00..1637.00 rows=100000 width=8) (actual rows=100000 loops=1)
        Buffers: shared hit=637
Planning Time: 0.080 ms
Execution Time: 31.409 ms",27.791,2147,1000,"HashAggregate  (cost=2137.00..2147.00 rows=1000 width=12) (actual rows=1000 loops=1)
  Group Key: product_id
  Batches: 1  Memory Usage: 193kB
  Buffers: shared hit=637
  ->  Seq Scan on sales t_sales_0  (cost=0.00..1637.00 rows=100000 width=8) (actual rows=100000 loops=1)
        Buffers: shared hit=637
Planning Time: 0.114 ms
Execution Time: 27.791 ms",30.9822,28.708,37.074,47.271,2147,2147,1000,1000,1000,1000
543,1069,115,Easy,"select s.product_id as product_id, sum(s.quantity) as total_quantity from schema_1069.sales as s group by s.product_id",22.069,2147,1000,"HashAggregate  (cost=2137.00..2147.00 rows=1000 width=12) (actual rows=1000 loops=1)
  Group Key: product_id
  Batches: 1  Memory Usage: 193kB
  Buffers: shared hit=637
  ->  Seq Scan on sales s  (cost=0.00..1637.00 rows=100000 width=8) (actual rows=100000 loops=1)
        Buffers: shared hit=637
Planning Time: 0.042 ms
Execution Time: 22.069 ms",27.737,2147,1000,"HashAggregate  (cost=2137.00..2147.00 rows=1000 width=12) (actual rows=1000 loops=1)
  Group Key: product_id
  Batches: 1  Memory Usage: 193kB
  Buffers: shared hit=637
  ->  Seq Scan on sales s  (cost=0.00..1637.00 rows=100000 width=8) (actual rows=100000 loops=1)
        Buffers: shared hit=637
Planning Time: 0.059 ms
Execution Time: 27.737 ms",24.773,2147,1000,"HashAggregate  (cost=2137.00..2147.00 rows=1000 width=12) (actual rows=1000 loops=1)
  Group Key: product_id
  Batches: 1  Memory Usage: 193kB
  Buffers: shared hit=637
  ->  Seq Scan on sales s  (cost=0.00..1637.00 rows=100000 width=8) (actual rows=100000 loops=1)
        Buffers: shared hit=637
Planning Time: 0.047 ms
Execution Time: 24.773 ms",25.489,2147,1000,"HashAggregate  (cost=2137.00..2147.00 rows=1000 width=12) (actual rows=1000 loops=1)
  Group Key: product_id
  Batches: 1  Memory Usage: 193kB
  Buffers: shared hit=637
  ->  Seq Scan on sales s  (cost=0.00..1637.00 rows=100000 width=8) (actual rows=100000 loops=1)
        Buffers: shared hit=637
Planning Time: 0.066 ms
Execution Time: 25.489 ms",25.984,2147,1000,"HashAggregate  (cost=2137.00..2147.00 rows=1000 width=12) (actual rows=1000 loops=1)
  Group Key: product_id
  Batches: 1  Memory Usage: 193kB
  Buffers: shared hit=637
  ->  Seq Scan on sales s  (cost=0.00..1637.00 rows=100000 width=8) (actual rows=100000 loops=1)
        Buffers: shared hit=637
Planning Time: 0.055 ms
Execution Time: 25.984 ms",25.2104,25.489,26.8605,28.4382,2147,2147,1000,1000,1000,1000
545,1069,121,Easy,"select s.product_id as product_id, sum(s.quantity) as total_quantity from schema_1069.sales as s group by s.product_id",22.283,2147,1000,"HashAggregate  (cost=2137.00..2147.00 rows=1000 width=12) (actual rows=1000 loops=1)
  Group Key: product_id
  Batches: 1  Memory Usage: 193kB
  Buffers: shared hit=637
  ->  Seq Scan on sales s  (cost=0.00..1637.00 rows=100000 width=8) (actual rows=100000 loops=1)
        Buffers: shared hit=637
Planning Time: 0.043 ms
Execution Time: 22.283 ms",28.043,2147,1000,"HashAggregate  (cost=2137.00..2147.00 rows=1000 width=12) (actual rows=1000 loops=1)
  Group Key: product_id
  Batches: 1  Memory Usage: 193kB
  Buffers: shared hit=637
  ->  Seq Scan on sales s  (cost=0.00..1637.00 rows=100000 width=8) (actual rows=100000 loops=1)
        Buffers: shared hit=637
Planning Time: 0.063 ms
Execution Time: 28.043 ms",26.993,2147,1000,"HashAggregate  (cost=2137.00..2147.00 rows=1000 width=12) (actual rows=1000 loops=1)
  Group Key: product_id
  Batches: 1  Memory Usage: 193kB
  Buffers: shared hit=637
  ->  Seq Scan on sales s  (cost=0.00..1637.00 rows=100000 width=8) (actual rows=100000 loops=1)
        Buffers: shared hit=637
Planning Time: 0.054 ms
Execution Time: 26.993 ms",30.071,2147,1000,"HashAggregate  (cost=2137.00..2147.00 rows=1000 width=12) (actual rows=1000 loops=1)
  Group Key: product_id
  Batches: 1  Memory Usage: 193kB
  Buffers: shared hit=637
  ->  Seq Scan on sales s  (cost=0.00..1637.00 rows=100000 width=8) (actual rows=100000 loops=1)
        Buffers: shared hit=637
Planning Time: 0.060 ms
Execution Time: 30.071 ms",29.281,2147,1000,"HashAggregate  (cost=2137.00..2147.00 rows=1000 width=12) (actual rows=1000 loops=1)
  Group Key: product_id
  Batches: 1  Memory Usage: 193kB
  Buffers: shared hit=637
  ->  Seq Scan on sales s  (cost=0.00..1637.00 rows=100000 width=8) (actual rows=100000 loops=1)
        Buffers: shared hit=637
Planning Time: 0.056 ms
Execution Time: 29.281 ms",27.3342,28.043,29.676,30.387,2147,2147,1000,1000,1000,1000
546,1069,122,Easy,"select s.product_id as product_id, sum(s.quantity) as total_quantity from schema_1069.sales as s group by s.product_id",24.339,2147,1000,"HashAggregate  (cost=2137.00..2147.00 rows=1000 width=12) (actual rows=1000 loops=1)
  Group Key: product_id
  Batches: 1  Memory Usage: 193kB
  Buffers: shared hit=637
  ->  Seq Scan on sales s  (cost=0.00..1637.00 rows=100000 width=8) (actual rows=100000 loops=1)
        Buffers: shared hit=637
Planning Time: 0.055 ms
Execution Time: 24.339 ms",32.36,2147,1000,"HashAggregate  (cost=2137.00..2147.00 rows=1000 width=12) (actual rows=1000 loops=1)
  Group Key: product_id
  Batches: 1  Memory Usage: 193kB
  Buffers: shared hit=637
  ->  Seq Scan on sales s  (cost=0.00..1637.00 rows=100000 width=8) (actual rows=100000 loops=1)
        Buffers: shared hit=637
Planning Time: 0.054 ms
Execution Time: 32.360 ms",24.752,2147,1000,"HashAggregate  (cost=2137.00..2147.00 rows=1000 width=12) (actual rows=1000 loops=1)
  Group Key: product_id
  Batches: 1  Memory Usage: 193kB
  Buffers: shared hit=637
  ->  Seq Scan on sales s  (cost=0.00..1637.00 rows=100000 width=8) (actual rows=100000 loops=1)
        Buffers: shared hit=637
Planning Time: 0.048 ms
Execution Time: 24.752 ms",29.377,2147,1000,"HashAggregate  (cost=2137.00..2147.00 rows=1000 width=12) (actual rows=1000 loops=1)
  Group Key: product_id
  Batches: 1  Memory Usage: 193kB
  Buffers: shared hit=637
  ->  Seq Scan on sales s  (cost=0.00..1637.00 rows=100000 width=8) (actual rows=100000 loops=1)
        Buffers: shared hit=637
Planning Time: 0.058 ms
Execution Time: 29.377 ms",25.5,2147,1000,"HashAggregate  (cost=2137.00..2147.00 rows=1000 width=12) (actual rows=1000 loops=1)
  Group Key: product_id
  Batches: 1  Memory Usage: 193kB
  Buffers: shared hit=637
  ->  Seq Scan on sales s  (cost=0.00..1637.00 rows=100000 width=8) (actual rows=100000 loops=1)
        Buffers: shared hit=637
Planning Time: 0.085 ms
Execution Time: 25.500 ms",27.2656,25.5,30.8685,33.5532,2147,2147,1000,1000,1000,1000
547,1069,124,Easy,"select s.product_id as product_id, sum(s.quantity) as total_quantity from schema_1069.sales as s group by s.product_id",21.821,2147,1000,"HashAggregate  (cost=2137.00..2147.00 rows=1000 width=12) (actual rows=1000 loops=1)
  Group Key: product_id
  Batches: 1  Memory Usage: 193kB
  Buffers: shared hit=637
  ->  Seq Scan on sales s  (cost=0.00..1637.00 rows=100000 width=8) (actual rows=100000 loops=1)
        Buffers: shared hit=637
Planning Time: 0.055 ms
Execution Time: 21.821 ms",31.024,2147,1000,"HashAggregate  (cost=2137.00..2147.00 rows=1000 width=12) (actual rows=1000 loops=1)
  Group Key: product_id
  Batches: 1  Memory Usage: 193kB
  Buffers: shared hit=637
  ->  Seq Scan on sales s  (cost=0.00..1637.00 rows=100000 width=8) (actual rows=100000 loops=1)
        Buffers: shared hit=637
Planning Time: 0.053 ms
Execution Time: 31.024 ms",27.118,2147,1000,"HashAggregate  (cost=2137.00..2147.00 rows=1000 width=12) (actual rows=1000 loops=1)
  Group Key: product_id
  Batches: 1  Memory Usage: 193kB
  Buffers: shared hit=637
  ->  Seq Scan on sales s  (cost=0.00..1637.00 rows=100000 width=8) (actual rows=100000 loops=1)
        Buffers: shared hit=637
Planning Time: 0.215 ms
Execution Time: 27.118 ms",27.117,2147,1000,"HashAggregate  (cost=2137.00..2147.00 rows=1000 width=12) (actual rows=1000 loops=1)
  Group Key: product_id
  Batches: 1  Memory Usage: 193kB
  Buffers: shared hit=637
  ->  Seq Scan on sales s  (cost=0.00..1637.00 rows=100000 width=8) (actual rows=100000 loops=1)
        Buffers: shared hit=637
Planning Time: 0.069 ms
Execution Time: 27.117 ms",26.058,2147,1000,"HashAggregate  (cost=2137.00..2147.00 rows=1000 width=12) (actual rows=1000 loops=1)
  Group Key: product_id
  Batches: 1  Memory Usage: 193kB
  Buffers: shared hit=637
  ->  Seq Scan on sales s  (cost=0.00..1637.00 rows=100000 width=8) (actual rows=100000 loops=1)
        Buffers: shared hit=637
Planning Time: 0.071 ms
Execution Time: 26.058 ms",26.6276,27.117,29.071,32.5864,2147,2147,1000,1000,1000,1000
548,1069,126,Easy,"select s.product_id as product_id, sum(s.quantity) as total_quantity from schema_1069.sales as s group by s.product_id",21.631,2147,1000,"HashAggregate  (cost=2137.00..2147.00 rows=1000 width=12) (actual rows=1000 loops=1)
  Group Key: product_id
  Batches: 1  Memory Usage: 193kB
  Buffers: shared hit=637
  ->  Seq Scan on sales s  (cost=0.00..1637.00 rows=100000 width=8) (actual rows=100000 loops=1)
        Buffers: shared hit=637
Planning Time: 0.079 ms
Execution Time: 21.631 ms",26.788,2147,1000,"HashAggregate  (cost=2137.00..2147.00 rows=1000 width=12) (actual rows=1000 loops=1)
  Group Key: product_id
  Batches: 1  Memory Usage: 193kB
  Buffers: shared hit=637
  ->  Seq Scan on sales s  (cost=0.00..1637.00 rows=100000 width=8) (actual rows=100000 loops=1)
        Buffers: shared hit=637
Planning Time: 0.085 ms
Execution Time: 26.788 ms",25.774,2147,1000,"HashAggregate  (cost=2137.00..2147.00 rows=1000 width=12) (actual rows=1000 loops=1)
  Group Key: product_id
  Batches: 1  Memory Usage: 193kB
  Buffers: shared hit=637
  ->  Seq Scan on sales s  (cost=0.00..1637.00 rows=100000 width=8) (actual rows=100000 loops=1)
        Buffers: shared hit=637
Planning Time: 0.048 ms
Execution Time: 25.774 ms",31.008,2147,1000,"HashAggregate  (cost=2137.00..2147.00 rows=1000 width=12) (actual rows=1000 loops=1)
  Group Key: product_id
  Batches: 1  Memory Usage: 193kB
  Buffers: shared hit=637
  ->  Seq Scan on sales s  (cost=0.00..1637.00 rows=100000 width=8) (actual rows=100000 loops=1)
        Buffers: shared hit=637
Planning Time: 0.064 ms
Execution Time: 31.008 ms",26.174,2147,1000,"HashAggregate  (cost=2137.00..2147.00 rows=1000 width=12) (actual rows=1000 loops=1)
  Group Key: product_id
  Batches: 1  Memory Usage: 193kB
  Buffers: shared hit=637
  ->  Seq Scan on sales s  (cost=0.00..1637.00 rows=100000 width=8) (actual rows=100000 loops=1)
        Buffers: shared hit=637
Planning Time: 0.061 ms
Execution Time: 26.174 ms",26.275,26.174,28.898,32.696,2147,2147,1000,1000,1000,1000
549,1069,142,Easy,"select t_sales_0.product_id as product_id, sum(t_sales_0.quantity) as total_quantity from schema_1069.sales as t_sales_0 group by t_sales_0.product_id",24.822,2147,1000,"HashAggregate  (cost=2137.00..2147.00 rows=1000 width=12) (actual rows=1000 loops=1)
  Group Key: product_id
  Batches: 1  Memory Usage: 193kB
  Buffers: shared hit=637
  ->  Seq Scan on sales t_sales_0  (cost=0.00..1637.00 rows=100000 width=8) (actual rows=100000 loops=1)
        Buffers: shared hit=637
Planning Time: 0.079 ms
Execution Time: 24.822 ms",36.586,2147,1000,"HashAggregate  (cost=2137.00..2147.00 rows=1000 width=12) (actual rows=1000 loops=1)
  Group Key: product_id
  Batches: 1  Memory Usage: 193kB
  Buffers: shared hit=637
  ->  Seq Scan on sales t_sales_0  (cost=0.00..1637.00 rows=100000 width=8) (actual rows=100000 loops=1)
        Buffers: shared hit=637
Planning Time: 0.063 ms
Execution Time: 36.586 ms",38.985,2147,1000,"HashAggregate  (cost=2137.00..2147.00 rows=1000 width=12) (actual rows=1000 loops=1)
  Group Key: product_id
  Batches: 1  Memory Usage: 193kB
  Buffers: shared hit=637
  ->  Seq Scan on sales t_sales_0  (cost=0.00..1637.00 rows=100000 width=8) (actual rows=100000 loops=1)
        Buffers: shared hit=637
Planning Time: 0.064 ms
Execution Time: 38.985 ms",31.563,2147,1000,"HashAggregate  (cost=2137.00..2147.00 rows=1000 width=12) (actual rows=1000 loops=1)
  Group Key: product_id
  Batches: 1  Memory Usage: 193kB
  Buffers: shared hit=637
  ->  Seq Scan on sales t_sales_0  (cost=0.00..1637.00 rows=100000 width=8) (actual rows=100000 loops=1)
        Buffers: shared hit=637
Planning Time: 0.059 ms
Execution Time: 31.563 ms",28.085,2147,1000,"HashAggregate  (cost=2137.00..2147.00 rows=1000 width=12) (actual rows=1000 loops=1)
  Group Key: product_id
  Batches: 1  Memory Usage: 193kB
  Buffers: shared hit=637
  ->  Seq Scan on sales t_sales_0  (cost=0.00..1637.00 rows=100000 width=8) (actual rows=100000 loops=1)
        Buffers: shared hit=637
Planning Time: 0.076 ms
Execution Time: 28.085 ms",32.0082,31.563,37.7855,39.9446,2147,2147,1000,1000,1000,1000
558,1069,214,Easy,"select t_sales_0.product_id as product_id, sum(t_sales_0.quantity) as total_quantity from schema_1069.sales as t_sales_0 group by t_sales_0.product_id",21.949,2147,1000,"HashAggregate  (cost=2137.00..2147.00 rows=1000 width=12) (actual rows=1000 loops=1)
  Group Key: product_id
  Batches: 1  Memory Usage: 193kB
  Buffers: shared hit=637
  ->  Seq Scan on sales t_sales_0  (cost=0.00..1637.00 rows=100000 width=8) (actual rows=100000 loops=1)
        Buffers: shared hit=637
Planning Time: 0.042 ms
Execution Time: 21.949 ms",29.36,2147,1000,"HashAggregate  (cost=2137.00..2147.00 rows=1000 width=12) (actual rows=1000 loops=1)
  Group Key: product_id
  Batches: 1  Memory Usage: 193kB
  Buffers: shared hit=637
  ->  Seq Scan on sales t_sales_0  (cost=0.00..1637.00 rows=100000 width=8) (actual rows=100000 loops=1)
        Buffers: shared hit=637
Planning Time: 0.064 ms
Execution Time: 29.360 ms",26.92,2147,1000,"HashAggregate  (cost=2137.00..2147.00 rows=1000 width=12) (actual rows=1000 loops=1)
  Group Key: product_id
  Batches: 1  Memory Usage: 193kB
  Buffers: shared hit=637
  ->  Seq Scan on sales t_sales_0  (cost=0.00..1637.00 rows=100000 width=8) (actual rows=100000 loops=1)
        Buffers: shared hit=637
Planning Time: 0.084 ms
Execution Time: 26.920 ms",33.249,2147,1000,"HashAggregate  (cost=2137.00..2147.00 rows=1000 width=12) (actual rows=1000 loops=1)
  Group Key: product_id
  Batches: 1  Memory Usage: 193kB
  Buffers: shared hit=637
  ->  Seq Scan on sales t_sales_0  (cost=0.00..1637.00 rows=100000 width=8) (actual rows=100000 loops=1)
        Buffers: shared hit=637
Planning Time: 0.062 ms
Execution Time: 33.249 ms",28.438,2147,1000,"HashAggregate  (cost=2137.00..2147.00 rows=1000 width=12) (actual rows=1000 loops=1)
  Group Key: product_id
  Batches: 1  Memory Usage: 193kB
  Buffers: shared hit=637
  ->  Seq Scan on sales t_sales_0  (cost=0.00..1637.00 rows=100000 width=8) (actual rows=100000 loops=1)
        Buffers: shared hit=637
Planning Time: 0.092 ms
Execution Time: 28.438 ms",27.9832,28.438,31.3045,34.8046,2147,2147,1000,1000,1000,1000
564,1077,121,Medium,"select proj.project_id as project_id, proj.employee_id as employee_id from (select distinct proj.project_id as c_project_id0, max(emp.experience_years) over ( partition by proj.project_id ) as c_0 from schema_1077.project as proj inner join schema_1077.employee as emp on proj.employee_id = emp.employee_id) as b inner join schema_1077.project as proj inner join schema_1077.employee as emp on proj.employee_id = emp.employee_id on proj.project_id = b.c_project_id0 where emp.experience_years = b.c_0",145.111,17314.39,11013,"Hash Join  (cost=15083.84..17314.39 rows=2250 width=8) (actual rows=11013 loops=1)
  Hash Cond: ((proj.project_id = proj_1.project_id) AND (emp.experience_years = (max(emp_1.experience_years) OVER (?))))
  Buffers: shared hit=1428, temp read=221 written=222
  ->  Hash Join  (cost=1396.00..3101.52 rows=100000 width=12) (actual rows=100000 loops=1)
        Hash Cond: (proj.employee_id = emp.employee_id)
        Buffers: shared hit=714
        ->  Seq Scan on project proj  (cost=0.00..1443.00 rows=100000 width=8) (actual rows=100000 loops=1)
              Buffers: shared hit=443
        ->  Hash  (cost=771.00..771.00 rows=50000 width=8) (actual rows=50000 loops=1)
              Buckets: 65536  Batches: 1  Memory Usage: 2466kB
              Buffers: shared hit=271
              ->  Seq Scan on employee emp  (cost=0.00..771.00 rows=50000 width=8) (actual rows=50000 loops=1)
                    Buffers: shared hit=271
  ->  Hash  (cost=13674.34..13674.34 rows=900 width=8) (actual rows=100 loops=1)
        Buckets: 1024  Batches: 1  Memory Usage: 12kB
        Buffers: shared hit=714, temp read=221 written=222
        ->  HashAggregate  (cost=13656.34..13665.34 rows=900 width=8) (actual rows=100 loops=1)
              Group Key: proj_1.project_id, max(emp_1.experience_years) OVER (?)
              Batches: 1  Memory Usage: 49kB
              Buffers: shared hit=714, temp read=221 written=222
              ->  WindowAgg  (cost=11406.34..13156.34 rows=100000 width=8) (actual rows=100000 loops=1)
                    Buffers: shared hit=714, temp read=221 written=222
                    ->  Sort  (cost=11406.34..11656.34 rows=100000 width=8) (actual rows=100000 loops=1)
                          Sort Key: proj_1.project_id
                          Sort Method: external merge  Disk: 1768kB
                          Buffers: shared hit=714, temp read=221 written=222
                          ->  Hash Join  (cost=1396.00..3101.52 rows=100000 width=8) (actual rows=100000 loops=1)
                                Hash Cond: (proj_1.employee_id = emp_1.employee_id)
                                Buffers: shared hit=714
                                ->  Seq Scan on project proj_1  (cost=0.00..1443.00 rows=100000 width=8) (actual rows=100000 loops=1)
                                      Buffers: shared hit=443
                                ->  Hash  (cost=771.00..771.00 rows=50000 width=8) (actual rows=50000 loops=1)
                                      Buckets: 65536  Batches: 1  Memory Usage: 2466kB
                                      Buffers: shared hit=271
                                      ->  Seq Scan on employee emp_1  (cost=0.00..771.00 rows=50000 width=8) (actual rows=50000 loops=1)
                                            Buffers: shared hit=271
Planning:
  Buffers: shared hit=18
Planning Time: 0.359 ms
Execution Time: 145.111 ms",159.185,17314.39,11013,"Hash Join  (cost=15083.84..17314.39 rows=2250 width=8) (actual rows=11013 loops=1)
  Hash Cond: ((proj.project_id = proj_1.project_id) AND (emp.experience_years = (max(emp_1.experience_years) OVER (?))))
  Buffers: shared hit=1428, temp read=221 written=222
  ->  Hash Join  (cost=1396.00..3101.52 rows=100000 width=12) (actual rows=100000 loops=1)
        Hash Cond: (proj.employee_id = emp.employee_id)
        Buffers: shared hit=714
        ->  Seq Scan on project proj  (cost=0.00..1443.00 rows=100000 width=8) (actual rows=100000 loops=1)
              Buffers: shared hit=443
        ->  Hash  (cost=771.00..771.00 rows=50000 width=8) (actual rows=50000 loops=1)
              Buckets: 65536  Batches: 1  Memory Usage: 2466kB
              Buffers: shared hit=271
              ->  Seq Scan on employee emp  (cost=0.00..771.00 rows=50000 width=8) (actual rows=50000 loops=1)
                    Buffers: shared hit=271
  ->  Hash  (cost=13674.34..13674.34 rows=900 width=8) (actual rows=100 loops=1)
        Buckets: 1024  Batches: 1  Memory Usage: 12kB
        Buffers: shared hit=714, temp read=221 written=222
        ->  HashAggregate  (cost=13656.34..13665.34 rows=900 width=8) (actual rows=100 loops=1)
              Group Key: proj_1.project_id, max(emp_1.experience_years) OVER (?)
              Batches: 1  Memory Usage: 49kB
              Buffers: shared hit=714, temp read=221 written=222
              ->  WindowAgg  (cost=11406.34..13156.34 rows=100000 width=8) (actual rows=100000 loops=1)
                    Buffers: shared hit=714, temp read=221 written=222
                    ->  Sort  (cost=11406.34..11656.34 rows=100000 width=8) (actual rows=100000 loops=1)
                          Sort Key: proj_1.project_id
                          Sort Method: external merge  Disk: 1768kB
                          Buffers: shared hit=714, temp read=221 written=222
                          ->  Hash Join  (cost=1396.00..3101.52 rows=100000 width=8) (actual rows=100000 loops=1)
                                Hash Cond: (proj_1.employee_id = emp_1.employee_id)
                                Buffers: shared hit=714
                                ->  Seq Scan on project proj_1  (cost=0.00..1443.00 rows=100000 width=8) (actual rows=100000 loops=1)
                                      Buffers: shared hit=443
                                ->  Hash  (cost=771.00..771.00 rows=50000 width=8) (actual rows=50000 loops=1)
                                      Buckets: 65536  Batches: 1  Memory Usage: 2466kB
                                      Buffers: shared hit=271
                                      ->  Seq Scan on employee emp_1  (cost=0.00..771.00 rows=50000 width=8) (actual rows=50000 loops=1)
                                            Buffers: shared hit=271
Planning:
  Buffers: shared hit=18
Planning Time: 0.597 ms
Execution Time: 159.185 ms",158.177,17314.39,11013,"Hash Join  (cost=15083.84..17314.39 rows=2250 width=8) (actual rows=11013 loops=1)
  Hash Cond: ((proj.project_id = proj_1.project_id) AND (emp.experience_years = (max(emp_1.experience_years) OVER (?))))
  Buffers: shared hit=1428, temp read=221 written=222
  ->  Hash Join  (cost=1396.00..3101.52 rows=100000 width=12) (actual rows=100000 loops=1)
        Hash Cond: (proj.employee_id = emp.employee_id)
        Buffers: shared hit=714
        ->  Seq Scan on project proj  (cost=0.00..1443.00 rows=100000 width=8) (actual rows=100000 loops=1)
              Buffers: shared hit=443
        ->  Hash  (cost=771.00..771.00 rows=50000 width=8) (actual rows=50000 loops=1)
              Buckets: 65536  Batches: 1  Memory Usage: 2466kB
              Buffers: shared hit=271
              ->  Seq Scan on employee emp  (cost=0.00..771.00 rows=50000 width=8) (actual rows=50000 loops=1)
                    Buffers: shared hit=271
  ->  Hash  (cost=13674.34..13674.34 rows=900 width=8) (actual rows=100 loops=1)
        Buckets: 1024  Batches: 1  Memory Usage: 12kB
        Buffers: shared hit=714, temp read=221 written=222
        ->  HashAggregate  (cost=13656.34..13665.34 rows=900 width=8) (actual rows=100 loops=1)
              Group Key: proj_1.project_id, max(emp_1.experience_years) OVER (?)
              Batches: 1  Memory Usage: 49kB
              Buffers: shared hit=714, temp read=221 written=222
              ->  WindowAgg  (cost=11406.34..13156.34 rows=100000 width=8) (actual rows=100000 loops=1)
                    Buffers: shared hit=714, temp read=221 written=222
                    ->  Sort  (cost=11406.34..11656.34 rows=100000 width=8) (actual rows=100000 loops=1)
                          Sort Key: proj_1.project_id
                          Sort Method: external merge  Disk: 1768kB
                          Buffers: shared hit=714, temp read=221 written=222
                          ->  Hash Join  (cost=1396.00..3101.52 rows=100000 width=8) (actual rows=100000 loops=1)
                                Hash Cond: (proj_1.employee_id = emp_1.employee_id)
                                Buffers: shared hit=714
                                ->  Seq Scan on project proj_1  (cost=0.00..1443.00 rows=100000 width=8) (actual rows=100000 loops=1)
                                      Buffers: shared hit=443
                                ->  Hash  (cost=771.00..771.00 rows=50000 width=8) (actual rows=50000 loops=1)
                                      Buckets: 65536  Batches: 1  Memory Usage: 2466kB
                                      Buffers: shared hit=271
                                      ->  Seq Scan on employee emp_1  (cost=0.00..771.00 rows=50000 width=8) (actual rows=50000 loops=1)
                                            Buffers: shared hit=271
Planning:
  Buffers: shared hit=18
Planning Time: 0.616 ms
Execution Time: 158.177 ms",154.078,17314.39,11013,"Hash Join  (cost=15083.84..17314.39 rows=2250 width=8) (actual rows=11013 loops=1)
  Hash Cond: ((proj.project_id = proj_1.project_id) AND (emp.experience_years = (max(emp_1.experience_years) OVER (?))))
  Buffers: shared hit=1428, temp read=221 written=222
  ->  Hash Join  (cost=1396.00..3101.52 rows=100000 width=12) (actual rows=100000 loops=1)
        Hash Cond: (proj.employee_id = emp.employee_id)
        Buffers: shared hit=714
        ->  Seq Scan on project proj  (cost=0.00..1443.00 rows=100000 width=8) (actual rows=100000 loops=1)
              Buffers: shared hit=443
        ->  Hash  (cost=771.00..771.00 rows=50000 width=8) (actual rows=50000 loops=1)
              Buckets: 65536  Batches: 1  Memory Usage: 2466kB
              Buffers: shared hit=271
              ->  Seq Scan on employee emp  (cost=0.00..771.00 rows=50000 width=8) (actual rows=50000 loops=1)
                    Buffers: shared hit=271
  ->  Hash  (cost=13674.34..13674.34 rows=900 width=8) (actual rows=100 loops=1)
        Buckets: 1024  Batches: 1  Memory Usage: 12kB
        Buffers: shared hit=714, temp read=221 written=222
        ->  HashAggregate  (cost=13656.34..13665.34 rows=900 width=8) (actual rows=100 loops=1)
              Group Key: proj_1.project_id, max(emp_1.experience_years) OVER (?)
              Batches: 1  Memory Usage: 49kB
              Buffers: shared hit=714, temp read=221 written=222
              ->  WindowAgg  (cost=11406.34..13156.34 rows=100000 width=8) (actual rows=100000 loops=1)
                    Buffers: shared hit=714, temp read=221 written=222
                    ->  Sort  (cost=11406.34..11656.34 rows=100000 width=8) (actual rows=100000 loops=1)
                          Sort Key: proj_1.project_id
                          Sort Method: external merge  Disk: 1768kB
                          Buffers: shared hit=714, temp read=221 written=222
                          ->  Hash Join  (cost=1396.00..3101.52 rows=100000 width=8) (actual rows=100000 loops=1)
                                Hash Cond: (proj_1.employee_id = emp_1.employee_id)
                                Buffers: shared hit=714
                                ->  Seq Scan on project proj_1  (cost=0.00..1443.00 rows=100000 width=8) (actual rows=100000 loops=1)
                                      Buffers: shared hit=443
                                ->  Hash  (cost=771.00..771.00 rows=50000 width=8) (actual rows=50000 loops=1)
                                      Buckets: 65536  Batches: 1  Memory Usage: 2466kB
                                      Buffers: shared hit=271
                                      ->  Seq Scan on employee emp_1  (cost=0.00..771.00 rows=50000 width=8) (actual rows=50000 loops=1)
                                            Buffers: shared hit=271
Planning:
  Buffers: shared hit=18
Planning Time: 0.615 ms
Execution Time: 154.078 ms",158.265,17314.39,11013,"Hash Join  (cost=15083.84..17314.39 rows=2250 width=8) (actual rows=11013 loops=1)
  Hash Cond: ((proj.project_id = proj_1.project_id) AND (emp.experience_years = (max(emp_1.experience_years) OVER (?))))
  Buffers: shared hit=1428, temp read=221 written=222
  ->  Hash Join  (cost=1396.00..3101.52 rows=100000 width=12) (actual rows=100000 loops=1)
        Hash Cond: (proj.employee_id = emp.employee_id)
        Buffers: shared hit=714
        ->  Seq Scan on project proj  (cost=0.00..1443.00 rows=100000 width=8) (actual rows=100000 loops=1)
              Buffers: shared hit=443
        ->  Hash  (cost=771.00..771.00 rows=50000 width=8) (actual rows=50000 loops=1)
              Buckets: 65536  Batches: 1  Memory Usage: 2466kB
              Buffers: shared hit=271
              ->  Seq Scan on employee emp  (cost=0.00..771.00 rows=50000 width=8) (actual rows=50000 loops=1)
                    Buffers: shared hit=271
  ->  Hash  (cost=13674.34..13674.34 rows=900 width=8) (actual rows=100 loops=1)
        Buckets: 1024  Batches: 1  Memory Usage: 12kB
        Buffers: shared hit=714, temp read=221 written=222
        ->  HashAggregate  (cost=13656.34..13665.34 rows=900 width=8) (actual rows=100 loops=1)
              Group Key: proj_1.project_id, max(emp_1.experience_years) OVER (?)
              Batches: 1  Memory Usage: 49kB
              Buffers: shared hit=714, temp read=221 written=222
              ->  WindowAgg  (cost=11406.34..13156.34 rows=100000 width=8) (actual rows=100000 loops=1)
                    Buffers: shared hit=714, temp read=221 written=222
                    ->  Sort  (cost=11406.34..11656.34 rows=100000 width=8) (actual rows=100000 loops=1)
                          Sort Key: proj_1.project_id
                          Sort Method: external merge  Disk: 1768kB
                          Buffers: shared hit=714, temp read=221 written=222
                          ->  Hash Join  (cost=1396.00..3101.52 rows=100000 width=8) (actual rows=100000 loops=1)
                                Hash Cond: (proj_1.employee_id = emp_1.employee_id)
                                Buffers: shared hit=714
                                ->  Seq Scan on project proj_1  (cost=0.00..1443.00 rows=100000 width=8) (actual rows=100000 loops=1)
                                      Buffers: shared hit=443
                                ->  Hash  (cost=771.00..771.00 rows=50000 width=8) (actual rows=50000 loops=1)
                                      Buckets: 65536  Batches: 1  Memory Usage: 2466kB
                                      Buffers: shared hit=271
                                      ->  Seq Scan on employee emp_1  (cost=0.00..771.00 rows=50000 width=8) (actual rows=50000 loops=1)
                                            Buffers: shared hit=271
Planning:
  Buffers: shared hit=18
Planning Time: 0.502 ms
Execution Time: 158.265 ms",154.9632,158.177,158.725,159.553,17314.39,17314.39,11013,11013,11013,11013
572,1077,181,Medium,"select t_cte_4.c_project_id0 as project_id, t_cte_4.c_employee_id0 as employee_id from (select max(e.experience_years) over ( partition by p.project_id ) as c_0, e.experience_years as c_experience_years0, p.employee_id as c_employee_id0, p.project_id as c_project_id0 from schema_1077.project as p inner join schema_1077.employee as e on p.employee_id = e.employee_id) as t_cte_4 where t_cte_4.c_experience_years0 = t_cte_4.c_0",103.483,14406.34,11013,"Subquery Scan on t_cte_4  (cost=11406.34..14406.34 rows=500 width=8) (actual rows=11013 loops=1)
  Filter: (t_cte_4.c_experience_years0 = t_cte_4.c_0)
  Rows Removed by Filter: 88987
  Buffers: shared hit=714, temp read=270 written=271
  ->  WindowAgg  (cost=11406.34..13156.34 rows=100000 width=16) (actual rows=100000 loops=1)
        Buffers: shared hit=714, temp read=270 written=271
        ->  Sort  (cost=11406.34..11656.34 rows=100000 width=12) (actual rows=100000 loops=1)
              Sort Key: p.project_id
              Sort Method: external merge  Disk: 2160kB
              Buffers: shared hit=714, temp read=270 written=271
              ->  Hash Join  (cost=1396.00..3101.52 rows=100000 width=12) (actual rows=100000 loops=1)
                    Hash Cond: (p.employee_id = e.employee_id)
                    Buffers: shared hit=714
                    ->  Seq Scan on project p  (cost=0.00..1443.00 rows=100000 width=8) (actual rows=100000 loops=1)
                          Buffers: shared hit=443
                    ->  Hash  (cost=771.00..771.00 rows=50000 width=8) (actual rows=50000 loops=1)
                          Buckets: 65536  Batches: 1  Memory Usage: 2466kB
                          Buffers: shared hit=271
                          ->  Seq Scan on employee e  (cost=0.00..771.00 rows=50000 width=8) (actual rows=50000 loops=1)
                                Buffers: shared hit=271
Planning:
  Buffers: shared hit=6
Planning Time: 0.162 ms
Execution Time: 103.483 ms",116.672,14406.34,11013,"Subquery Scan on t_cte_4  (cost=11406.34..14406.34 rows=500 width=8) (actual rows=11013 loops=1)
  Filter: (t_cte_4.c_experience_years0 = t_cte_4.c_0)
  Rows Removed by Filter: 88987
  Buffers: shared hit=714, temp read=270 written=271
  ->  WindowAgg  (cost=11406.34..13156.34 rows=100000 width=16) (actual rows=100000 loops=1)
        Buffers: shared hit=714, temp read=270 written=271
        ->  Sort  (cost=11406.34..11656.34 rows=100000 width=12) (actual rows=100000 loops=1)
              Sort Key: p.project_id
              Sort Method: external merge  Disk: 2160kB
              Buffers: shared hit=714, temp read=270 written=271
              ->  Hash Join  (cost=1396.00..3101.52 rows=100000 width=12) (actual rows=100000 loops=1)
                    Hash Cond: (p.employee_id = e.employee_id)
                    Buffers: shared hit=714
                    ->  Seq Scan on project p  (cost=0.00..1443.00 rows=100000 width=8) (actual rows=100000 loops=1)
                          Buffers: shared hit=443
                    ->  Hash  (cost=771.00..771.00 rows=50000 width=8) (actual rows=50000 loops=1)
                          Buckets: 65536  Batches: 1  Memory Usage: 2466kB
                          Buffers: shared hit=271
                          ->  Seq Scan on employee e  (cost=0.00..771.00 rows=50000 width=8) (actual rows=50000 loops=1)
                                Buffers: shared hit=271
Planning:
  Buffers: shared hit=6
Planning Time: 0.216 ms
Execution Time: 116.672 ms",113.179,14406.34,11013,"Subquery Scan on t_cte_4  (cost=11406.34..14406.34 rows=500 width=8) (actual rows=11013 loops=1)
  Filter: (t_cte_4.c_experience_years0 = t_cte_4.c_0)
  Rows Removed by Filter: 88987
  Buffers: shared hit=714, temp read=270 written=271
  ->  WindowAgg  (cost=11406.34..13156.34 rows=100000 width=16) (actual rows=100000 loops=1)
        Buffers: shared hit=714, temp read=270 written=271
        ->  Sort  (cost=11406.34..11656.34 rows=100000 width=12) (actual rows=100000 loops=1)
              Sort Key: p.project_id
              Sort Method: external merge  Disk: 2160kB
              Buffers: shared hit=714, temp read=270 written=271
              ->  Hash Join  (cost=1396.00..3101.52 rows=100000 width=12) (actual rows=100000 loops=1)
                    Hash Cond: (p.employee_id = e.employee_id)
                    Buffers: shared hit=714
                    ->  Seq Scan on project p  (cost=0.00..1443.00 rows=100000 width=8) (actual rows=100000 loops=1)
                          Buffers: shared hit=443
                    ->  Hash  (cost=771.00..771.00 rows=50000 width=8) (actual rows=50000 loops=1)
                          Buckets: 65536  Batches: 1  Memory Usage: 2466kB
                          Buffers: shared hit=271
                          ->  Seq Scan on employee e  (cost=0.00..771.00 rows=50000 width=8) (actual rows=50000 loops=1)
                                Buffers: shared hit=271
Planning:
  Buffers: shared hit=6
Planning Time: 0.213 ms
Execution Time: 113.179 ms",112.632,14406.34,11013,"Subquery Scan on t_cte_4  (cost=11406.34..14406.34 rows=500 width=8) (actual rows=11013 loops=1)
  Filter: (t_cte_4.c_experience_years0 = t_cte_4.c_0)
  Rows Removed by Filter: 88987
  Buffers: shared hit=714, temp read=270 written=271
  ->  WindowAgg  (cost=11406.34..13156.34 rows=100000 width=16) (actual rows=100000 loops=1)
        Buffers: shared hit=714, temp read=270 written=271
        ->  Sort  (cost=11406.34..11656.34 rows=100000 width=12) (actual rows=100000 loops=1)
              Sort Key: p.project_id
              Sort Method: external merge  Disk: 2160kB
              Buffers: shared hit=714, temp read=270 written=271
              ->  Hash Join  (cost=1396.00..3101.52 rows=100000 width=12) (actual rows=100000 loops=1)
                    Hash Cond: (p.employee_id = e.employee_id)
                    Buffers: shared hit=714
                    ->  Seq Scan on project p  (cost=0.00..1443.00 rows=100000 width=8) (actual rows=100000 loops=1)
                          Buffers: shared hit=443
                    ->  Hash  (cost=771.00..771.00 rows=50000 width=8) (actual rows=50000 loops=1)
                          Buckets: 65536  Batches: 1  Memory Usage: 2466kB
                          Buffers: shared hit=271
                          ->  Seq Scan on employee e  (cost=0.00..771.00 rows=50000 width=8) (actual rows=50000 loops=1)
                                Buffers: shared hit=271
Planning:
  Buffers: shared hit=6
Planning Time: 0.349 ms
Execution Time: 112.632 ms",125.153,14406.34,11013,"Subquery Scan on t_cte_4  (cost=11406.34..14406.34 rows=500 width=8) (actual rows=11013 loops=1)
  Filter: (t_cte_4.c_experience_years0 = t_cte_4.c_0)
  Rows Removed by Filter: 88987
  Buffers: shared hit=714, temp read=270 written=271
  ->  WindowAgg  (cost=11406.34..13156.34 rows=100000 width=16) (actual rows=100000 loops=1)
        Buffers: shared hit=714, temp read=270 written=271
        ->  Sort  (cost=11406.34..11656.34 rows=100000 width=12) (actual rows=100000 loops=1)
              Sort Key: p.project_id
              Sort Method: external merge  Disk: 2160kB
              Buffers: shared hit=714, temp read=270 written=271
              ->  Hash Join  (cost=1396.00..3101.52 rows=100000 width=12) (actual rows=100000 loops=1)
                    Hash Cond: (p.employee_id = e.employee_id)
                    Buffers: shared hit=714
                    ->  Seq Scan on project p  (cost=0.00..1443.00 rows=100000 width=8) (actual rows=100000 loops=1)
                          Buffers: shared hit=443
                    ->  Hash  (cost=771.00..771.00 rows=50000 width=8) (actual rows=50000 loops=1)
                          Buckets: 65536  Batches: 1  Memory Usage: 2466kB
                          Buffers: shared hit=271
                          ->  Seq Scan on employee e  (cost=0.00..771.00 rows=50000 width=8) (actual rows=50000 loops=1)
                                Buffers: shared hit=271
Planning:
  Buffers: shared hit=6
Planning Time: 0.272 ms
Execution Time: 125.153 ms",114.2238,113.179,120.9125,128.5454,14406.34,14406.34,11013,11013,11013,11013
579,1113,3,Easy,"select t_cte_22.c_extra0 as report_reason, count(t_cte_22.c_post_id0) as report_count from (select distinct t_actions_0.post_id as c_post_id0, t_actions_0.extra as c_extra0 from schema_1113.actions as t_actions_0 where t_actions_0.action_date = '2019-07-04' and t_actions_0.action = 'report') as t_cte_22 group by t_cte_22.c_extra0",8.227,2158.21,10,"HashAggregate  (cost=2156.21..2158.21 rows=200 width=9) (actual rows=10 loops=1)
  Group Key: t_actions_0.extra
  Batches: 1  Memory Usage: 40kB
  Buffers: shared hit=637
  ->  HashAggregate  (cost=2140.28..2146.65 rows=637 width=5) (actual rows=668 loops=1)
        Group Key: t_actions_0.post_id, t_actions_0.extra
        Batches: 1  Memory Usage: 73kB
        Buffers: shared hit=637
        ->  Seq Scan on actions t_actions_0  (cost=0.00..2137.00 rows=656 width=5) (actual rows=692 loops=1)
              Filter: ((action_date = '2019-07-04'::date) AND ((action)::text = 'report'::text))
              Rows Removed by Filter: 99308
              Buffers: shared hit=637
Planning Time: 0.098 ms
Execution Time: 8.227 ms",11.526,2158.21,10,"HashAggregate  (cost=2156.21..2158.21 rows=200 width=9) (actual rows=10 loops=1)
  Group Key: t_actions_0.extra
  Batches: 1  Memory Usage: 40kB
  Buffers: shared hit=637
  ->  HashAggregate  (cost=2140.28..2146.65 rows=637 width=5) (actual rows=668 loops=1)
        Group Key: t_actions_0.post_id, t_actions_0.extra
        Batches: 1  Memory Usage: 73kB
        Buffers: shared hit=637
        ->  Seq Scan on actions t_actions_0  (cost=0.00..2137.00 rows=656 width=5) (actual rows=692 loops=1)
              Filter: ((action_date = '2019-07-04'::date) AND ((action)::text = 'report'::text))
              Rows Removed by Filter: 99308
              Buffers: shared hit=637
Planning Time: 0.137 ms
Execution Time: 11.526 ms",16.087,2158.21,10,"HashAggregate  (cost=2156.21..2158.21 rows=200 width=9) (actual rows=10 loops=1)
  Group Key: t_actions_0.extra
  Batches: 1  Memory Usage: 40kB
  Buffers: shared hit=637
  ->  HashAggregate  (cost=2140.28..2146.65 rows=637 width=5) (actual rows=668 loops=1)
        Group Key: t_actions_0.post_id, t_actions_0.extra
        Batches: 1  Memory Usage: 73kB
        Buffers: shared hit=637
        ->  Seq Scan on actions t_actions_0  (cost=0.00..2137.00 rows=656 width=5) (actual rows=692 loops=1)
              Filter: ((action_date = '2019-07-04'::date) AND ((action)::text = 'report'::text))
              Rows Removed by Filter: 99308
              Buffers: shared hit=637
Planning Time: 0.100 ms
Execution Time: 16.087 ms",15.194,2158.21,10,"HashAggregate  (cost=2156.21..2158.21 rows=200 width=9) (actual rows=10 loops=1)
  Group Key: t_actions_0.extra
  Batches: 1  Memory Usage: 40kB
  Buffers: shared hit=637
  ->  HashAggregate  (cost=2140.28..2146.65 rows=637 width=5) (actual rows=668 loops=1)
        Group Key: t_actions_0.post_id, t_actions_0.extra
        Batches: 1  Memory Usage: 73kB
        Buffers: shared hit=637
        ->  Seq Scan on actions t_actions_0  (cost=0.00..2137.00 rows=656 width=5) (actual rows=692 loops=1)
              Filter: ((action_date = '2019-07-04'::date) AND ((action)::text = 'report'::text))
              Rows Removed by Filter: 99308
              Buffers: shared hit=637
Planning Time: 0.065 ms
Execution Time: 15.194 ms",15.699,2158.21,10,"HashAggregate  (cost=2156.21..2158.21 rows=200 width=9) (actual rows=10 loops=1)
  Group Key: t_actions_0.extra
  Batches: 1  Memory Usage: 40kB
  Buffers: shared hit=637
  ->  HashAggregate  (cost=2140.28..2146.65 rows=637 width=5) (actual rows=668 loops=1)
        Group Key: t_actions_0.post_id, t_actions_0.extra
        Batches: 1  Memory Usage: 73kB
        Buffers: shared hit=637
        ->  Seq Scan on actions t_actions_0  (cost=0.00..2137.00 rows=656 width=5) (actual rows=692 loops=1)
              Filter: ((action_date = '2019-07-04'::date) AND ((action)::text = 'report'::text))
              Rows Removed by Filter: 99308
              Buffers: shared hit=637
Planning Time: 0.104 ms
Execution Time: 15.699 ms",13.3466,15.194,15.893,16.2422,2158.21,2158.21,10,10,10,10
580,1113,6,Easy,"select t_cte_21.c_extra0 as report_reason, count(t_cte_21.c_post_id0) as report_count from (select distinct t_actions_0.extra as c_extra0, t_actions_0.post_id as c_post_id0 from schema_1113.actions as t_actions_0 where t_actions_0.action_date = '2019-07-04' and t_actions_0.action = 'report') as t_cte_21 group by t_cte_21.c_extra0",8.753,2158.21,10,"HashAggregate  (cost=2156.21..2158.21 rows=200 width=9) (actual rows=10 loops=1)
  Group Key: t_actions_0.extra
  Batches: 1  Memory Usage: 40kB
  Buffers: shared hit=637
  ->  HashAggregate  (cost=2140.28..2146.65 rows=637 width=5) (actual rows=668 loops=1)
        Group Key: t_actions_0.extra, t_actions_0.post_id
        Batches: 1  Memory Usage: 73kB
        Buffers: shared hit=637
        ->  Seq Scan on actions t_actions_0  (cost=0.00..2137.00 rows=656 width=5) (actual rows=692 loops=1)
              Filter: ((action_date = '2019-07-04'::date) AND ((action)::text = 'report'::text))
              Rows Removed by Filter: 99308
              Buffers: shared hit=637
Planning Time: 0.066 ms
Execution Time: 8.753 ms",17.151,2158.21,10,"HashAggregate  (cost=2156.21..2158.21 rows=200 width=9) (actual rows=10 loops=1)
  Group Key: t_actions_0.extra
  Batches: 1  Memory Usage: 40kB
  Buffers: shared hit=637
  ->  HashAggregate  (cost=2140.28..2146.65 rows=637 width=5) (actual rows=668 loops=1)
        Group Key: t_actions_0.extra, t_actions_0.post_id
        Batches: 1  Memory Usage: 73kB
        Buffers: shared hit=637
        ->  Seq Scan on actions t_actions_0  (cost=0.00..2137.00 rows=656 width=5) (actual rows=692 loops=1)
              Filter: ((action_date = '2019-07-04'::date) AND ((action)::text = 'report'::text))
              Rows Removed by Filter: 99308
              Buffers: shared hit=637
Planning Time: 0.116 ms
Execution Time: 17.151 ms",14.113,2158.21,10,"HashAggregate  (cost=2156.21..2158.21 rows=200 width=9) (actual rows=10 loops=1)
  Group Key: t_actions_0.extra
  Batches: 1  Memory Usage: 40kB
  Buffers: shared hit=637
  ->  HashAggregate  (cost=2140.28..2146.65 rows=637 width=5) (actual rows=668 loops=1)
        Group Key: t_actions_0.extra, t_actions_0.post_id
        Batches: 1  Memory Usage: 73kB
        Buffers: shared hit=637
        ->  Seq Scan on actions t_actions_0  (cost=0.00..2137.00 rows=656 width=5) (actual rows=692 loops=1)
              Filter: ((action_date = '2019-07-04'::date) AND ((action)::text = 'report'::text))
              Rows Removed by Filter: 99308
              Buffers: shared hit=637
Planning Time: 0.099 ms
Execution Time: 14.113 ms",16.972,2158.21,10,"HashAggregate  (cost=2156.21..2158.21 rows=200 width=9) (actual rows=10 loops=1)
  Group Key: t_actions_0.extra
  Batches: 1  Memory Usage: 40kB
  Buffers: shared hit=637
  ->  HashAggregate  (cost=2140.28..2146.65 rows=637 width=5) (actual rows=668 loops=1)
        Group Key: t_actions_0.extra, t_actions_0.post_id
        Batches: 1  Memory Usage: 73kB
        Buffers: shared hit=637
        ->  Seq Scan on actions t_actions_0  (cost=0.00..2137.00 rows=656 width=5) (actual rows=692 loops=1)
              Filter: ((action_date = '2019-07-04'::date) AND ((action)::text = 'report'::text))
              Rows Removed by Filter: 99308
              Buffers: shared hit=637
Planning Time: 0.088 ms
Execution Time: 16.972 ms",11.516,2158.21,10,"HashAggregate  (cost=2156.21..2158.21 rows=200 width=9) (actual rows=10 loops=1)
  Group Key: t_actions_0.extra
  Batches: 1  Memory Usage: 40kB
  Buffers: shared hit=637
  ->  HashAggregate  (cost=2140.28..2146.65 rows=637 width=5) (actual rows=668 loops=1)
        Group Key: t_actions_0.extra, t_actions_0.post_id
        Batches: 1  Memory Usage: 73kB
        Buffers: shared hit=637
        ->  Seq Scan on actions t_actions_0  (cost=0.00..2137.00 rows=656 width=5) (actual rows=692 loops=1)
              Filter: ((action_date = '2019-07-04'::date) AND ((action)::text = 'report'::text))
              Rows Removed by Filter: 99308
              Buffers: shared hit=637
Planning Time: 0.110 ms
Execution Time: 11.516 ms",13.701,14.113,17.0615,17.2226,2158.21,2158.21,10,10,10,10
581,1113,7,Easy,"select t_cte_14.c_extra0 as report_reason, count(t_cte_14.c_post_id0) as report_count from (select distinct a.extra as c_extra0, a.post_id as c_post_id0 from schema_1113.actions as a where a.action = 'report' and a.action_date = '2019-07-04') as t_cte_14 group by t_cte_14.c_extra0",11.187,2158.21,10,"HashAggregate  (cost=2156.21..2158.21 rows=200 width=9) (actual rows=10 loops=1)
  Group Key: a.extra
  Batches: 1  Memory Usage: 40kB
  Buffers: shared hit=637
  ->  HashAggregate  (cost=2140.28..2146.65 rows=637 width=5) (actual rows=668 loops=1)
        Group Key: a.extra, a.post_id
        Batches: 1  Memory Usage: 73kB
        Buffers: shared hit=637
        ->  Seq Scan on actions a  (cost=0.00..2137.00 rows=656 width=5) (actual rows=692 loops=1)
              Filter: (((action)::text = 'report'::text) AND (action_date = '2019-07-04'::date))
              Rows Removed by Filter: 99308
              Buffers: shared hit=637
Planning Time: 0.123 ms
Execution Time: 11.187 ms",13.262,2158.21,10,"HashAggregate  (cost=2156.21..2158.21 rows=200 width=9) (actual rows=10 loops=1)
  Group Key: a.extra
  Batches: 1  Memory Usage: 40kB
  Buffers: shared hit=637
  ->  HashAggregate  (cost=2140.28..2146.65 rows=637 width=5) (actual rows=668 loops=1)
        Group Key: a.extra, a.post_id
        Batches: 1  Memory Usage: 73kB
        Buffers: shared hit=637
        ->  Seq Scan on actions a  (cost=0.00..2137.00 rows=656 width=5) (actual rows=692 loops=1)
              Filter: (((action)::text = 'report'::text) AND (action_date = '2019-07-04'::date))
              Rows Removed by Filter: 99308
              Buffers: shared hit=637
Planning Time: 0.122 ms
Execution Time: 13.262 ms",17.097,2158.21,10,"HashAggregate  (cost=2156.21..2158.21 rows=200 width=9) (actual rows=10 loops=1)
  Group Key: a.extra
  Batches: 1  Memory Usage: 40kB
  Buffers: shared hit=637
  ->  HashAggregate  (cost=2140.28..2146.65 rows=637 width=5) (actual rows=668 loops=1)
        Group Key: a.extra, a.post_id
        Batches: 1  Memory Usage: 73kB
        Buffers: shared hit=637
        ->  Seq Scan on actions a  (cost=0.00..2137.00 rows=656 width=5) (actual rows=692 loops=1)
              Filter: (((action)::text = 'report'::text) AND (action_date = '2019-07-04'::date))
              Rows Removed by Filter: 99308
              Buffers: shared hit=637
Planning Time: 0.088 ms
Execution Time: 17.097 ms",19.302,2158.21,10,"HashAggregate  (cost=2156.21..2158.21 rows=200 width=9) (actual rows=10 loops=1)
  Group Key: a.extra
  Batches: 1  Memory Usage: 40kB
  Buffers: shared hit=637
  ->  HashAggregate  (cost=2140.28..2146.65 rows=637 width=5) (actual rows=668 loops=1)
        Group Key: a.extra, a.post_id
        Batches: 1  Memory Usage: 73kB
        Buffers: shared hit=637
        ->  Seq Scan on actions a  (cost=0.00..2137.00 rows=656 width=5) (actual rows=692 loops=1)
              Filter: (((action)::text = 'report'::text) AND (action_date = '2019-07-04'::date))
              Rows Removed by Filter: 99308
              Buffers: shared hit=637
Planning Time: 0.109 ms
Execution Time: 19.302 ms",15.255,2158.21,10,"HashAggregate  (cost=2156.21..2158.21 rows=200 width=9) (actual rows=10 loops=1)
  Group Key: a.extra
  Batches: 1  Memory Usage: 40kB
  Buffers: shared hit=637
  ->  HashAggregate  (cost=2140.28..2146.65 rows=637 width=5) (actual rows=668 loops=1)
        Group Key: a.extra, a.post_id
        Batches: 1  Memory Usage: 73kB
        Buffers: shared hit=637
        ->  Seq Scan on actions a  (cost=0.00..2137.00 rows=656 width=5) (actual rows=692 loops=1)
              Filter: (((action)::text = 'report'::text) AND (action_date = '2019-07-04'::date))
              Rows Removed by Filter: 99308
              Buffers: shared hit=637
Planning Time: 0.101 ms
Execution Time: 15.255 ms",15.2206,15.255,18.1995,20.184,2158.21,2158.21,10,10,10,10
582,1113,11,Easy,"select t_cte_18.c_extra0 as report_reason, count(t_cte_18.c_post_id0) as report_count from (select distinct t_actions_0.post_id as c_post_id0, t_actions_0.extra as c_extra0 from schema_1113.actions as t_actions_0 where t_actions_0.action = 'report' and t_actions_0.action_date = '2019-07-04') as t_cte_18 group by t_cte_18.c_extra0",10.301,2158.21,10,"HashAggregate  (cost=2156.21..2158.21 rows=200 width=9) (actual rows=10 loops=1)
  Group Key: t_actions_0.extra
  Batches: 1  Memory Usage: 40kB
  Buffers: shared hit=637
  ->  HashAggregate  (cost=2140.28..2146.65 rows=637 width=5) (actual rows=668 loops=1)
        Group Key: t_actions_0.post_id, t_actions_0.extra
        Batches: 1  Memory Usage: 73kB
        Buffers: shared hit=637
        ->  Seq Scan on actions t_actions_0  (cost=0.00..2137.00 rows=656 width=5) (actual rows=692 loops=1)
              Filter: (((action)::text = 'report'::text) AND (action_date = '2019-07-04'::date))
              Rows Removed by Filter: 99308
              Buffers: shared hit=637
Planning Time: 0.066 ms
Execution Time: 10.301 ms",13.006,2158.21,10,"HashAggregate  (cost=2156.21..2158.21 rows=200 width=9) (actual rows=10 loops=1)
  Group Key: t_actions_0.extra
  Batches: 1  Memory Usage: 40kB
  Buffers: shared hit=637
  ->  HashAggregate  (cost=2140.28..2146.65 rows=637 width=5) (actual rows=668 loops=1)
        Group Key: t_actions_0.post_id, t_actions_0.extra
        Batches: 1  Memory Usage: 73kB
        Buffers: shared hit=637
        ->  Seq Scan on actions t_actions_0  (cost=0.00..2137.00 rows=656 width=5) (actual rows=692 loops=1)
              Filter: (((action)::text = 'report'::text) AND (action_date = '2019-07-04'::date))
              Rows Removed by Filter: 99308
              Buffers: shared hit=637
Planning Time: 0.089 ms
Execution Time: 13.006 ms",18.304,2158.21,10,"HashAggregate  (cost=2156.21..2158.21 rows=200 width=9) (actual rows=10 loops=1)
  Group Key: t_actions_0.extra
  Batches: 1  Memory Usage: 40kB
  Buffers: shared hit=637
  ->  HashAggregate  (cost=2140.28..2146.65 rows=637 width=5) (actual rows=668 loops=1)
        Group Key: t_actions_0.post_id, t_actions_0.extra
        Batches: 1  Memory Usage: 73kB
        Buffers: shared hit=637
        ->  Seq Scan on actions t_actions_0  (cost=0.00..2137.00 rows=656 width=5) (actual rows=692 loops=1)
              Filter: (((action)::text = 'report'::text) AND (action_date = '2019-07-04'::date))
              Rows Removed by Filter: 99308
              Buffers: shared hit=637
Planning Time: 0.109 ms
Execution Time: 18.304 ms",21.749,2158.21,10,"HashAggregate  (cost=2156.21..2158.21 rows=200 width=9) (actual rows=10 loops=1)
  Group Key: t_actions_0.extra
  Batches: 1  Memory Usage: 40kB
  Buffers: shared hit=637
  ->  HashAggregate  (cost=2140.28..2146.65 rows=637 width=5) (actual rows=668 loops=1)
        Group Key: t_actions_0.post_id, t_actions_0.extra
        Batches: 1  Memory Usage: 73kB
        Buffers: shared hit=637
        ->  Seq Scan on actions t_actions_0  (cost=0.00..2137.00 rows=656 width=5) (actual rows=692 loops=1)
              Filter: (((action)::text = 'report'::text) AND (action_date = '2019-07-04'::date))
              Rows Removed by Filter: 99308
              Buffers: shared hit=637
Planning Time: 0.126 ms
Execution Time: 21.749 ms",14.759,2158.21,10,"HashAggregate  (cost=2156.21..2158.21 rows=200 width=9) (actual rows=10 loops=1)
  Group Key: t_actions_0.extra
  Batches: 1  Memory Usage: 40kB
  Buffers: shared hit=637
  ->  HashAggregate  (cost=2140.28..2146.65 rows=637 width=5) (actual rows=668 loops=1)
        Group Key: t_actions_0.post_id, t_actions_0.extra
        Batches: 1  Memory Usage: 73kB
        Buffers: shared hit=637
        ->  Seq Scan on actions t_actions_0  (cost=0.00..2137.00 rows=656 width=5) (actual rows=692 loops=1)
              Filter: (((action)::text = 'report'::text) AND (action_date = '2019-07-04'::date))
              Rows Removed by Filter: 99308
              Buffers: shared hit=637
Planning Time: 0.105 ms
Execution Time: 14.759 ms",15.6238,14.759,20.0265,23.127,2158.21,2158.21,10,10,10,10
583,1113,18,Easy,"select t_cte_8.c_extra0 as report_reason, count(t_cte_8.c_post_id0) as report_count from (select distinct t_actions_0.post_id as c_post_id0, t_actions_0.extra as c_extra0 from schema_1113.actions as t_actions_0 where 1 = 1 and t_actions_0.action_date = '2019-07-04' and t_actions_0.action = 'report') as t_cte_8 group by t_cte_8.c_extra0",11.325,2158.21,10,"HashAggregate  (cost=2156.21..2158.21 rows=200 width=9) (actual rows=10 loops=1)
  Group Key: t_actions_0.extra
  Batches: 1  Memory Usage: 40kB
  Buffers: shared hit=637
  ->  HashAggregate  (cost=2140.28..2146.65 rows=637 width=5) (actual rows=668 loops=1)
        Group Key: t_actions_0.post_id, t_actions_0.extra
        Batches: 1  Memory Usage: 73kB
        Buffers: shared hit=637
        ->  Seq Scan on actions t_actions_0  (cost=0.00..2137.00 rows=656 width=5) (actual rows=692 loops=1)
              Filter: ((action_date = '2019-07-04'::date) AND ((action)::text = 'report'::text))
              Rows Removed by Filter: 99308
              Buffers: shared hit=637
Planning Time: 0.119 ms
Execution Time: 11.325 ms",16.72,2158.21,10,"HashAggregate  (cost=2156.21..2158.21 rows=200 width=9) (actual rows=10 loops=1)
  Group Key: t_actions_0.extra
  Batches: 1  Memory Usage: 40kB
  Buffers: shared hit=637
  ->  HashAggregate  (cost=2140.28..2146.65 rows=637 width=5) (actual rows=668 loops=1)
        Group Key: t_actions_0.post_id, t_actions_0.extra
        Batches: 1  Memory Usage: 73kB
        Buffers: shared hit=637
        ->  Seq Scan on actions t_actions_0  (cost=0.00..2137.00 rows=656 width=5) (actual rows=692 loops=1)
              Filter: ((action_date = '2019-07-04'::date) AND ((action)::text = 'report'::text))
              Rows Removed by Filter: 99308
              Buffers: shared hit=637
Planning Time: 0.109 ms
Execution Time: 16.720 ms",15.218,2158.21,10,"HashAggregate  (cost=2156.21..2158.21 rows=200 width=9) (actual rows=10 loops=1)
  Group Key: t_actions_0.extra
  Batches: 1  Memory Usage: 40kB
  Buffers: shared hit=637
  ->  HashAggregate  (cost=2140.28..2146.65 rows=637 width=5) (actual rows=668 loops=1)
        Group Key: t_actions_0.post_id, t_actions_0.extra
        Batches: 1  Memory Usage: 73kB
        Buffers: shared hit=637
        ->  Seq Scan on actions t_actions_0  (cost=0.00..2137.00 rows=656 width=5) (actual rows=692 loops=1)
              Filter: ((action_date = '2019-07-04'::date) AND ((action)::text = 'report'::text))
              Rows Removed by Filter: 99308
              Buffers: shared hit=637
Planning Time: 0.106 ms
Execution Time: 15.218 ms",14.005,2158.21,10,"HashAggregate  (cost=2156.21..2158.21 rows=200 width=9) (actual rows=10 loops=1)
  Group Key: t_actions_0.extra
  Batches: 1  Memory Usage: 40kB
  Buffers: shared hit=637
  ->  HashAggregate  (cost=2140.28..2146.65 rows=637 width=5) (actual rows=668 loops=1)
        Group Key: t_actions_0.post_id, t_actions_0.extra
        Batches: 1  Memory Usage: 73kB
        Buffers: shared hit=637
        ->  Seq Scan on actions t_actions_0  (cost=0.00..2137.00 rows=656 width=5) (actual rows=692 loops=1)
              Filter: ((action_date = '2019-07-04'::date) AND ((action)::text = 'report'::text))
              Rows Removed by Filter: 99308
              Buffers: shared hit=637
Planning Time: 0.103 ms
Execution Time: 14.005 ms",19.307,2158.21,10,"HashAggregate  (cost=2156.21..2158.21 rows=200 width=9) (actual rows=10 loops=1)
  Group Key: t_actions_0.extra
  Batches: 1  Memory Usage: 40kB
  Buffers: shared hit=637
  ->  HashAggregate  (cost=2140.28..2146.65 rows=637 width=5) (actual rows=668 loops=1)
        Group Key: t_actions_0.post_id, t_actions_0.extra
        Batches: 1  Memory Usage: 73kB
        Buffers: shared hit=637
        ->  Seq Scan on actions t_actions_0  (cost=0.00..2137.00 rows=656 width=5) (actual rows=692 loops=1)
              Filter: ((action_date = '2019-07-04'::date) AND ((action)::text = 'report'::text))
              Rows Removed by Filter: 99308
              Buffers: shared hit=637
Planning Time: 0.088 ms
Execution Time: 19.307 ms",15.315,15.218,18.0135,20.3418,2158.21,2158.21,10,10,10,10
584,1113,24,Easy,"select t_cte_4.c_extra0 as report_reason, count(t_cte_4.c_post_id0) as report_count from (select distinct t_actions_0.extra as c_extra0, t_actions_0.post_id as c_post_id0 from schema_1113.actions as t_actions_0 where t_actions_0.action = 'report' and t_actions_0.action_date = '2019-07-04') as t_cte_4 group by t_cte_4.c_extra0",10.561,2158.21,10,"HashAggregate  (cost=2156.21..2158.21 rows=200 width=9) (actual rows=10 loops=1)
  Group Key: t_actions_0.extra
  Batches: 1  Memory Usage: 40kB
  Buffers: shared hit=637
  ->  HashAggregate  (cost=2140.28..2146.65 rows=637 width=5) (actual rows=668 loops=1)
        Group Key: t_actions_0.extra, t_actions_0.post_id
        Batches: 1  Memory Usage: 73kB
        Buffers: shared hit=637
        ->  Seq Scan on actions t_actions_0  (cost=0.00..2137.00 rows=656 width=5) (actual rows=692 loops=1)
              Filter: (((action)::text = 'report'::text) AND (action_date = '2019-07-04'::date))
              Rows Removed by Filter: 99308
              Buffers: shared hit=637
Planning Time: 0.068 ms
Execution Time: 10.561 ms",13.581,2158.21,10,"HashAggregate  (cost=2156.21..2158.21 rows=200 width=9) (actual rows=10 loops=1)
  Group Key: t_actions_0.extra
  Batches: 1  Memory Usage: 40kB
  Buffers: shared hit=637
  ->  HashAggregate  (cost=2140.28..2146.65 rows=637 width=5) (actual rows=668 loops=1)
        Group Key: t_actions_0.extra, t_actions_0.post_id
        Batches: 1  Memory Usage: 73kB
        Buffers: shared hit=637
        ->  Seq Scan on actions t_actions_0  (cost=0.00..2137.00 rows=656 width=5) (actual rows=692 loops=1)
              Filter: (((action)::text = 'report'::text) AND (action_date = '2019-07-04'::date))
              Rows Removed by Filter: 99308
              Buffers: shared hit=637
Planning Time: 0.096 ms
Execution Time: 13.581 ms",18.438,2158.21,10,"HashAggregate  (cost=2156.21..2158.21 rows=200 width=9) (actual rows=10 loops=1)
  Group Key: t_actions_0.extra
  Batches: 1  Memory Usage: 40kB
  Buffers: shared hit=637
  ->  HashAggregate  (cost=2140.28..2146.65 rows=637 width=5) (actual rows=668 loops=1)
        Group Key: t_actions_0.extra, t_actions_0.post_id
        Batches: 1  Memory Usage: 73kB
        Buffers: shared hit=637
        ->  Seq Scan on actions t_actions_0  (cost=0.00..2137.00 rows=656 width=5) (actual rows=692 loops=1)
              Filter: (((action)::text = 'report'::text) AND (action_date = '2019-07-04'::date))
              Rows Removed by Filter: 99308
              Buffers: shared hit=637
Planning Time: 0.089 ms
Execution Time: 18.438 ms",17.3,2158.21,10,"HashAggregate  (cost=2156.21..2158.21 rows=200 width=9) (actual rows=10 loops=1)
  Group Key: t_actions_0.extra
  Batches: 1  Memory Usage: 40kB
  Buffers: shared hit=637
  ->  HashAggregate  (cost=2140.28..2146.65 rows=637 width=5) (actual rows=668 loops=1)
        Group Key: t_actions_0.extra, t_actions_0.post_id
        Batches: 1  Memory Usage: 73kB
        Buffers: shared hit=637
        ->  Seq Scan on actions t_actions_0  (cost=0.00..2137.00 rows=656 width=5) (actual rows=692 loops=1)
              Filter: (((action)::text = 'report'::text) AND (action_date = '2019-07-04'::date))
              Rows Removed by Filter: 99308
              Buffers: shared hit=637
Planning Time: 0.101 ms
Execution Time: 17.300 ms",18.248,2158.21,10,"HashAggregate  (cost=2156.21..2158.21 rows=200 width=9) (actual rows=10 loops=1)
  Group Key: t_actions_0.extra
  Batches: 1  Memory Usage: 40kB
  Buffers: shared hit=637
  ->  HashAggregate  (cost=2140.28..2146.65 rows=637 width=5) (actual rows=668 loops=1)
        Group Key: t_actions_0.extra, t_actions_0.post_id
        Batches: 1  Memory Usage: 73kB
        Buffers: shared hit=637
        ->  Seq Scan on actions t_actions_0  (cost=0.00..2137.00 rows=656 width=5) (actual rows=692 loops=1)
              Filter: (((action)::text = 'report'::text) AND (action_date = '2019-07-04'::date))
              Rows Removed by Filter: 99308
              Buffers: shared hit=637
Planning Time: 0.097 ms
Execution Time: 18.248 ms",15.6256,17.3,18.343,18.514,2158.21,2158.21,10,10,10,10
585,1113,34,Easy,"select t_cte_29.c_extra0 as report_reason, count(t_cte_29.c_post_id0) as report_count from (select distinct t_actions_0.extra as c_extra0, t_actions_0.post_id as c_post_id0 from schema_1113.actions as t_actions_0 where t_actions_0.action_date = '2019-07-04' and t_actions_0.action = 'report') as t_cte_29 group by t_cte_29.c_extra0",9.067,2158.21,10,"HashAggregate  (cost=2156.21..2158.21 rows=200 width=9) (actual rows=10 loops=1)
  Group Key: t_actions_0.extra
  Batches: 1  Memory Usage: 40kB
  Buffers: shared hit=637
  ->  HashAggregate  (cost=2140.28..2146.65 rows=637 width=5) (actual rows=668 loops=1)
        Group Key: t_actions_0.extra, t_actions_0.post_id
        Batches: 1  Memory Usage: 73kB
        Buffers: shared hit=637
        ->  Seq Scan on actions t_actions_0  (cost=0.00..2137.00 rows=656 width=5) (actual rows=692 loops=1)
              Filter: ((action_date = '2019-07-04'::date) AND ((action)::text = 'report'::text))
              Rows Removed by Filter: 99308
              Buffers: shared hit=637
Planning Time: 0.083 ms
Execution Time: 9.067 ms",16.353,2158.21,10,"HashAggregate  (cost=2156.21..2158.21 rows=200 width=9) (actual rows=10 loops=1)
  Group Key: t_actions_0.extra
  Batches: 1  Memory Usage: 40kB
  Buffers: shared hit=637
  ->  HashAggregate  (cost=2140.28..2146.65 rows=637 width=5) (actual rows=668 loops=1)
        Group Key: t_actions_0.extra, t_actions_0.post_id
        Batches: 1  Memory Usage: 73kB
        Buffers: shared hit=637
        ->  Seq Scan on actions t_actions_0  (cost=0.00..2137.00 rows=656 width=5) (actual rows=692 loops=1)
              Filter: ((action_date = '2019-07-04'::date) AND ((action)::text = 'report'::text))
              Rows Removed by Filter: 99308
              Buffers: shared hit=637
Planning Time: 0.102 ms
Execution Time: 16.353 ms",14.793,2158.21,10,"HashAggregate  (cost=2156.21..2158.21 rows=200 width=9) (actual rows=10 loops=1)
  Group Key: t_actions_0.extra
  Batches: 1  Memory Usage: 40kB
  Buffers: shared hit=637
  ->  HashAggregate  (cost=2140.28..2146.65 rows=637 width=5) (actual rows=668 loops=1)
        Group Key: t_actions_0.extra, t_actions_0.post_id
        Batches: 1  Memory Usage: 73kB
        Buffers: shared hit=637
        ->  Seq Scan on actions t_actions_0  (cost=0.00..2137.00 rows=656 width=5) (actual rows=692 loops=1)
              Filter: ((action_date = '2019-07-04'::date) AND ((action)::text = 'report'::text))
              Rows Removed by Filter: 99308
              Buffers: shared hit=637
Planning Time: 0.107 ms
Execution Time: 14.793 ms",18.114,2158.21,10,"HashAggregate  (cost=2156.21..2158.21 rows=200 width=9) (actual rows=10 loops=1)
  Group Key: t_actions_0.extra
  Batches: 1  Memory Usage: 40kB
  Buffers: shared hit=637
  ->  HashAggregate  (cost=2140.28..2146.65 rows=637 width=5) (actual rows=668 loops=1)
        Group Key: t_actions_0.extra, t_actions_0.post_id
        Batches: 1  Memory Usage: 73kB
        Buffers: shared hit=637
        ->  Seq Scan on actions t_actions_0  (cost=0.00..2137.00 rows=656 width=5) (actual rows=692 loops=1)
              Filter: ((action_date = '2019-07-04'::date) AND ((action)::text = 'report'::text))
              Rows Removed by Filter: 99308
              Buffers: shared hit=637
Planning Time: 0.097 ms
Execution Time: 18.114 ms",16.536,2158.21,10,"HashAggregate  (cost=2156.21..2158.21 rows=200 width=9) (actual rows=10 loops=1)
  Group Key: t_actions_0.extra
  Batches: 1  Memory Usage: 40kB
  Buffers: shared hit=637
  ->  HashAggregate  (cost=2140.28..2146.65 rows=637 width=5) (actual rows=668 loops=1)
        Group Key: t_actions_0.extra, t_actions_0.post_id
        Batches: 1  Memory Usage: 73kB
        Buffers: shared hit=637
        ->  Seq Scan on actions t_actions_0  (cost=0.00..2137.00 rows=656 width=5) (actual rows=692 loops=1)
              Filter: ((action_date = '2019-07-04'::date) AND ((action)::text = 'report'::text))
              Rows Removed by Filter: 99308
              Buffers: shared hit=637
Planning Time: 0.108 ms
Execution Time: 16.536 ms",14.9726,16.353,17.325,18.7452,2158.21,2158.21,10,10,10,10
586,1113,65,Easy,"select t_cte_21.c_extra0 as report_reason, count(t_cte_21.c_post_id0) as report_count from (select distinct t_actions_0.extra as c_extra0, t_actions_0.post_id as c_post_id0 from schema_1113.actions as t_actions_0 where t_actions_0.action_date = '2019-07-04' and t_actions_0.action = 'report') as t_cte_21 group by t_cte_21.c_extra0",9.148,2158.21,10,"HashAggregate  (cost=2156.21..2158.21 rows=200 width=9) (actual rows=10 loops=1)
  Group Key: t_actions_0.extra
  Batches: 1  Memory Usage: 40kB
  Buffers: shared hit=637
  ->  HashAggregate  (cost=2140.28..2146.65 rows=637 width=5) (actual rows=668 loops=1)
        Group Key: t_actions_0.extra, t_actions_0.post_id
        Batches: 1  Memory Usage: 73kB
        Buffers: shared hit=637
        ->  Seq Scan on actions t_actions_0  (cost=0.00..2137.00 rows=656 width=5) (actual rows=692 loops=1)
              Filter: ((action_date = '2019-07-04'::date) AND ((action)::text = 'report'::text))
              Rows Removed by Filter: 99308
              Buffers: shared hit=637
Planning Time: 0.087 ms
Execution Time: 9.148 ms",11.459,2158.21,10,"HashAggregate  (cost=2156.21..2158.21 rows=200 width=9) (actual rows=10 loops=1)
  Group Key: t_actions_0.extra
  Batches: 1  Memory Usage: 40kB
  Buffers: shared hit=637
  ->  HashAggregate  (cost=2140.28..2146.65 rows=637 width=5) (actual rows=668 loops=1)
        Group Key: t_actions_0.extra, t_actions_0.post_id
        Batches: 1  Memory Usage: 73kB
        Buffers: shared hit=637
        ->  Seq Scan on actions t_actions_0  (cost=0.00..2137.00 rows=656 width=5) (actual rows=692 loops=1)
              Filter: ((action_date = '2019-07-04'::date) AND ((action)::text = 'report'::text))
              Rows Removed by Filter: 99308
              Buffers: shared hit=637
Planning Time: 0.139 ms
Execution Time: 11.459 ms",18.014,2158.21,10,"HashAggregate  (cost=2156.21..2158.21 rows=200 width=9) (actual rows=10 loops=1)
  Group Key: t_actions_0.extra
  Batches: 1  Memory Usage: 40kB
  Buffers: shared hit=637
  ->  HashAggregate  (cost=2140.28..2146.65 rows=637 width=5) (actual rows=668 loops=1)
        Group Key: t_actions_0.extra, t_actions_0.post_id
        Batches: 1  Memory Usage: 73kB
        Buffers: shared hit=637
        ->  Seq Scan on actions t_actions_0  (cost=0.00..2137.00 rows=656 width=5) (actual rows=692 loops=1)
              Filter: ((action_date = '2019-07-04'::date) AND ((action)::text = 'report'::text))
              Rows Removed by Filter: 99308
              Buffers: shared hit=637
Planning Time: 0.104 ms
Execution Time: 18.014 ms",14.264,2158.21,10,"HashAggregate  (cost=2156.21..2158.21 rows=200 width=9) (actual rows=10 loops=1)
  Group Key: t_actions_0.extra
  Batches: 1  Memory Usage: 40kB
  Buffers: shared hit=637
  ->  HashAggregate  (cost=2140.28..2146.65 rows=637 width=5) (actual rows=668 loops=1)
        Group Key: t_actions_0.extra, t_actions_0.post_id
        Batches: 1  Memory Usage: 73kB
        Buffers: shared hit=637
        ->  Seq Scan on actions t_actions_0  (cost=0.00..2137.00 rows=656 width=5) (actual rows=692 loops=1)
              Filter: ((action_date = '2019-07-04'::date) AND ((action)::text = 'report'::text))
              Rows Removed by Filter: 99308
              Buffers: shared hit=637
Planning Time: 0.106 ms
Execution Time: 14.264 ms",13.267,2158.21,10,"HashAggregate  (cost=2156.21..2158.21 rows=200 width=9) (actual rows=10 loops=1)
  Group Key: t_actions_0.extra
  Batches: 1  Memory Usage: 40kB
  Buffers: shared hit=637
  ->  HashAggregate  (cost=2140.28..2146.65 rows=637 width=5) (actual rows=668 loops=1)
        Group Key: t_actions_0.extra, t_actions_0.post_id
        Batches: 1  Memory Usage: 73kB
        Buffers: shared hit=637
        ->  Seq Scan on actions t_actions_0  (cost=0.00..2137.00 rows=656 width=5) (actual rows=692 loops=1)
              Filter: ((action_date = '2019-07-04'::date) AND ((action)::text = 'report'::text))
              Rows Removed by Filter: 99308
              Buffers: shared hit=637
Planning Time: 0.106 ms
Execution Time: 13.267 ms",13.2304,13.267,16.139,19.514,2158.21,2158.21,10,10,10,10
587,1113,72,Easy,"select t_cte_11.c_extra0 as report_reason, count(t_cte_11.c_post_id0) as report_count from (select distinct a.extra as c_extra0, a.post_id as c_post_id0 from schema_1113.actions as a where a.action = 'report' and a.action_date = '2019-07-04') as t_cte_11 group by t_cte_11.c_extra0",12.751,2158.21,10,"HashAggregate  (cost=2156.21..2158.21 rows=200 width=9) (actual rows=10 loops=1)
  Group Key: a.extra
  Batches: 1  Memory Usage: 40kB
  Buffers: shared hit=637
  ->  HashAggregate  (cost=2140.28..2146.65 rows=637 width=5) (actual rows=668 loops=1)
        Group Key: a.extra, a.post_id
        Batches: 1  Memory Usage: 73kB
        Buffers: shared hit=637
        ->  Seq Scan on actions a  (cost=0.00..2137.00 rows=656 width=5) (actual rows=692 loops=1)
              Filter: (((action)::text = 'report'::text) AND (action_date = '2019-07-04'::date))
              Rows Removed by Filter: 99308
              Buffers: shared hit=637
Planning Time: 0.120 ms
Execution Time: 12.751 ms",16.981,2158.21,10,"HashAggregate  (cost=2156.21..2158.21 rows=200 width=9) (actual rows=10 loops=1)
  Group Key: a.extra
  Batches: 1  Memory Usage: 40kB
  Buffers: shared hit=637
  ->  HashAggregate  (cost=2140.28..2146.65 rows=637 width=5) (actual rows=668 loops=1)
        Group Key: a.extra, a.post_id
        Batches: 1  Memory Usage: 73kB
        Buffers: shared hit=637
        ->  Seq Scan on actions a  (cost=0.00..2137.00 rows=656 width=5) (actual rows=692 loops=1)
              Filter: (((action)::text = 'report'::text) AND (action_date = '2019-07-04'::date))
              Rows Removed by Filter: 99308
              Buffers: shared hit=637
Planning Time: 0.104 ms
Execution Time: 16.981 ms",16.907,2158.21,10,"HashAggregate  (cost=2156.21..2158.21 rows=200 width=9) (actual rows=10 loops=1)
  Group Key: a.extra
  Batches: 1  Memory Usage: 40kB
  Buffers: shared hit=637
  ->  HashAggregate  (cost=2140.28..2146.65 rows=637 width=5) (actual rows=668 loops=1)
        Group Key: a.extra, a.post_id
        Batches: 1  Memory Usage: 73kB
        Buffers: shared hit=637
        ->  Seq Scan on actions a  (cost=0.00..2137.00 rows=656 width=5) (actual rows=692 loops=1)
              Filter: (((action)::text = 'report'::text) AND (action_date = '2019-07-04'::date))
              Rows Removed by Filter: 99308
              Buffers: shared hit=637
Planning Time: 0.110 ms
Execution Time: 16.907 ms",17.794,2158.21,10,"HashAggregate  (cost=2156.21..2158.21 rows=200 width=9) (actual rows=10 loops=1)
  Group Key: a.extra
  Batches: 1  Memory Usage: 40kB
  Buffers: shared hit=637
  ->  HashAggregate  (cost=2140.28..2146.65 rows=637 width=5) (actual rows=668 loops=1)
        Group Key: a.extra, a.post_id
        Batches: 1  Memory Usage: 73kB
        Buffers: shared hit=637
        ->  Seq Scan on actions a  (cost=0.00..2137.00 rows=656 width=5) (actual rows=692 loops=1)
              Filter: (((action)::text = 'report'::text) AND (action_date = '2019-07-04'::date))
              Rows Removed by Filter: 99308
              Buffers: shared hit=637
Planning Time: 0.096 ms
Execution Time: 17.794 ms",18.6,2158.21,10,"HashAggregate  (cost=2156.21..2158.21 rows=200 width=9) (actual rows=10 loops=1)
  Group Key: a.extra
  Batches: 1  Memory Usage: 40kB
  Buffers: shared hit=637
  ->  HashAggregate  (cost=2140.28..2146.65 rows=637 width=5) (actual rows=668 loops=1)
        Group Key: a.extra, a.post_id
        Batches: 1  Memory Usage: 73kB
        Buffers: shared hit=637
        ->  Seq Scan on actions a  (cost=0.00..2137.00 rows=656 width=5) (actual rows=692 loops=1)
              Filter: (((action)::text = 'report'::text) AND (action_date = '2019-07-04'::date))
              Rows Removed by Filter: 99308
              Buffers: shared hit=637
Planning Time: 0.088 ms
Execution Time: 18.600 ms",16.6066,16.981,18.197,18.9224,2158.21,2158.21,10,10,10,10
588,1113,79,Easy,"select t_cte_5.c_extra0 as report_reason, count(t_cte_5.c_post_id0) as report_count from (select distinct t_actions_0.extra as c_extra0, t_actions_0.post_id as c_post_id0 from schema_1113.actions as t_actions_0 where t_actions_0.action_date = '2019-07-04' and t_actions_0.action = 'report') as t_cte_5 group by t_cte_5.c_extra0",8.831,2158.21,10,"HashAggregate  (cost=2156.21..2158.21 rows=200 width=9) (actual rows=10 loops=1)
  Group Key: t_actions_0.extra
  Batches: 1  Memory Usage: 40kB
  Buffers: shared hit=637
  ->  HashAggregate  (cost=2140.28..2146.65 rows=637 width=5) (actual rows=668 loops=1)
        Group Key: t_actions_0.extra, t_actions_0.post_id
        Batches: 1  Memory Usage: 73kB
        Buffers: shared hit=637
        ->  Seq Scan on actions t_actions_0  (cost=0.00..2137.00 rows=656 width=5) (actual rows=692 loops=1)
              Filter: ((action_date = '2019-07-04'::date) AND ((action)::text = 'report'::text))
              Rows Removed by Filter: 99308
              Buffers: shared hit=637
Planning Time: 0.083 ms
Execution Time: 8.831 ms",9.845,2158.21,10,"HashAggregate  (cost=2156.21..2158.21 rows=200 width=9) (actual rows=10 loops=1)
  Group Key: t_actions_0.extra
  Batches: 1  Memory Usage: 40kB
  Buffers: shared hit=637
  ->  HashAggregate  (cost=2140.28..2146.65 rows=637 width=5) (actual rows=668 loops=1)
        Group Key: t_actions_0.extra, t_actions_0.post_id
        Batches: 1  Memory Usage: 73kB
        Buffers: shared hit=637
        ->  Seq Scan on actions t_actions_0  (cost=0.00..2137.00 rows=656 width=5) (actual rows=692 loops=1)
              Filter: ((action_date = '2019-07-04'::date) AND ((action)::text = 'report'::text))
              Rows Removed by Filter: 99308
              Buffers: shared hit=637
Planning Time: 0.070 ms
Execution Time: 9.845 ms",15.911,2158.21,10,"HashAggregate  (cost=2156.21..2158.21 rows=200 width=9) (actual rows=10 loops=1)
  Group Key: t_actions_0.extra
  Batches: 1  Memory Usage: 40kB
  Buffers: shared hit=637
  ->  HashAggregate  (cost=2140.28..2146.65 rows=637 width=5) (actual rows=668 loops=1)
        Group Key: t_actions_0.extra, t_actions_0.post_id
        Batches: 1  Memory Usage: 73kB
        Buffers: shared hit=637
        ->  Seq Scan on actions t_actions_0  (cost=0.00..2137.00 rows=656 width=5) (actual rows=692 loops=1)
              Filter: ((action_date = '2019-07-04'::date) AND ((action)::text = 'report'::text))
              Rows Removed by Filter: 99308
              Buffers: shared hit=637
Planning Time: 0.191 ms
Execution Time: 15.911 ms",18.911,2158.21,10,"HashAggregate  (cost=2156.21..2158.21 rows=200 width=9) (actual rows=10 loops=1)
  Group Key: t_actions_0.extra
  Batches: 1  Memory Usage: 40kB
  Buffers: shared hit=637
  ->  HashAggregate  (cost=2140.28..2146.65 rows=637 width=5) (actual rows=668 loops=1)
        Group Key: t_actions_0.extra, t_actions_0.post_id
        Batches: 1  Memory Usage: 73kB
        Buffers: shared hit=637
        ->  Seq Scan on actions t_actions_0  (cost=0.00..2137.00 rows=656 width=5) (actual rows=692 loops=1)
              Filter: ((action_date = '2019-07-04'::date) AND ((action)::text = 'report'::text))
              Rows Removed by Filter: 99308
              Buffers: shared hit=637
Planning Time: 0.117 ms
Execution Time: 18.911 ms",13.961,2158.21,10,"HashAggregate  (cost=2156.21..2158.21 rows=200 width=9) (actual rows=10 loops=1)
  Group Key: t_actions_0.extra
  Batches: 1  Memory Usage: 40kB
  Buffers: shared hit=637
  ->  HashAggregate  (cost=2140.28..2146.65 rows=637 width=5) (actual rows=668 loops=1)
        Group Key: t_actions_0.extra, t_actions_0.post_id
        Batches: 1  Memory Usage: 73kB
        Buffers: shared hit=637
        ->  Seq Scan on actions t_actions_0  (cost=0.00..2137.00 rows=656 width=5) (actual rows=692 loops=1)
              Filter: ((action_date = '2019-07-04'::date) AND ((action)::text = 'report'::text))
              Rows Removed by Filter: 99308
              Buffers: shared hit=637
Planning Time: 0.134 ms
Execution Time: 13.961 ms",13.4918,13.961,17.411,20.111,2158.21,2158.21,10,10,10,10
589,1113,97,Easy,"select t_cte_26.c_extra0 as report_reason, count(t_cte_26.c_post_id0) as report_count from (select distinct t_actions_0.extra as c_extra0, t_actions_0.post_id as c_post_id0 from schema_1113.actions as t_actions_0 where t_actions_0.action_date = '2019-07-04' and t_actions_0.action = 'report') as t_cte_26 group by t_cte_26.c_extra0",8.238,2158.21,10,"HashAggregate  (cost=2156.21..2158.21 rows=200 width=9) (actual rows=10 loops=1)
  Group Key: t_actions_0.extra
  Batches: 1  Memory Usage: 40kB
  Buffers: shared hit=637
  ->  HashAggregate  (cost=2140.28..2146.65 rows=637 width=5) (actual rows=668 loops=1)
        Group Key: t_actions_0.extra, t_actions_0.post_id
        Batches: 1  Memory Usage: 73kB
        Buffers: shared hit=637
        ->  Seq Scan on actions t_actions_0  (cost=0.00..2137.00 rows=656 width=5) (actual rows=692 loops=1)
              Filter: ((action_date = '2019-07-04'::date) AND ((action)::text = 'report'::text))
              Rows Removed by Filter: 99308
              Buffers: shared hit=637
Planning Time: 0.085 ms
Execution Time: 8.238 ms",12.481,2158.21,10,"HashAggregate  (cost=2156.21..2158.21 rows=200 width=9) (actual rows=10 loops=1)
  Group Key: t_actions_0.extra
  Batches: 1  Memory Usage: 40kB
  Buffers: shared hit=637
  ->  HashAggregate  (cost=2140.28..2146.65 rows=637 width=5) (actual rows=668 loops=1)
        Group Key: t_actions_0.extra, t_actions_0.post_id
        Batches: 1  Memory Usage: 73kB
        Buffers: shared hit=637
        ->  Seq Scan on actions t_actions_0  (cost=0.00..2137.00 rows=656 width=5) (actual rows=692 loops=1)
              Filter: ((action_date = '2019-07-04'::date) AND ((action)::text = 'report'::text))
              Rows Removed by Filter: 99308
              Buffers: shared hit=637
Planning Time: 0.100 ms
Execution Time: 12.481 ms",17.592,2158.21,10,"HashAggregate  (cost=2156.21..2158.21 rows=200 width=9) (actual rows=10 loops=1)
  Group Key: t_actions_0.extra
  Batches: 1  Memory Usage: 40kB
  Buffers: shared hit=637
  ->  HashAggregate  (cost=2140.28..2146.65 rows=637 width=5) (actual rows=668 loops=1)
        Group Key: t_actions_0.extra, t_actions_0.post_id
        Batches: 1  Memory Usage: 73kB
        Buffers: shared hit=637
        ->  Seq Scan on actions t_actions_0  (cost=0.00..2137.00 rows=656 width=5) (actual rows=692 loops=1)
              Filter: ((action_date = '2019-07-04'::date) AND ((action)::text = 'report'::text))
              Rows Removed by Filter: 99308
              Buffers: shared hit=637
Planning Time: 0.099 ms
Execution Time: 17.592 ms",11.17,2158.21,10,"HashAggregate  (cost=2156.21..2158.21 rows=200 width=9) (actual rows=10 loops=1)
  Group Key: t_actions_0.extra
  Batches: 1  Memory Usage: 40kB
  Buffers: shared hit=637
  ->  HashAggregate  (cost=2140.28..2146.65 rows=637 width=5) (actual rows=668 loops=1)
        Group Key: t_actions_0.extra, t_actions_0.post_id
        Batches: 1  Memory Usage: 73kB
        Buffers: shared hit=637
        ->  Seq Scan on actions t_actions_0  (cost=0.00..2137.00 rows=656 width=5) (actual rows=692 loops=1)
              Filter: ((action_date = '2019-07-04'::date) AND ((action)::text = 'report'::text))
              Rows Removed by Filter: 99308
              Buffers: shared hit=637
Planning Time: 0.097 ms
Execution Time: 11.170 ms",16.033,2158.21,10,"HashAggregate  (cost=2156.21..2158.21 rows=200 width=9) (actual rows=10 loops=1)
  Group Key: t_actions_0.extra
  Batches: 1  Memory Usage: 40kB
  Buffers: shared hit=637
  ->  HashAggregate  (cost=2140.28..2146.65 rows=637 width=5) (actual rows=668 loops=1)
        Group Key: t_actions_0.extra, t_actions_0.post_id
        Batches: 1  Memory Usage: 73kB
        Buffers: shared hit=637
        ->  Seq Scan on actions t_actions_0  (cost=0.00..2137.00 rows=656 width=5) (actual rows=692 loops=1)
              Filter: ((action_date = '2019-07-04'::date) AND ((action)::text = 'report'::text))
              Rows Removed by Filter: 99308
              Buffers: shared hit=637
Planning Time: 0.094 ms
Execution Time: 16.033 ms",13.1028,12.481,16.8125,18.2156,2158.21,2158.21,10,10,10,10
591,1113,102,Easy,"select t_cte_15.c_extra0 as report_reason, count(t_cte_15.c_post_id0) as report_count from (select distinct a.post_id as c_post_id0, a.extra as c_extra0 from schema_1113.actions as a where a.action_date = '2019-07-04' and a.action = 'report') as t_cte_15 group by t_cte_15.c_extra0",9.657,2158.21,10,"HashAggregate  (cost=2156.21..2158.21 rows=200 width=9) (actual rows=10 loops=1)
  Group Key: a.extra
  Batches: 1  Memory Usage: 40kB
  Buffers: shared hit=637
  ->  HashAggregate  (cost=2140.28..2146.65 rows=637 width=5) (actual rows=668 loops=1)
        Group Key: a.post_id, a.extra
        Batches: 1  Memory Usage: 73kB
        Buffers: shared hit=637
        ->  Seq Scan on actions a  (cost=0.00..2137.00 rows=656 width=5) (actual rows=692 loops=1)
              Filter: ((action_date = '2019-07-04'::date) AND ((action)::text = 'report'::text))
              Rows Removed by Filter: 99308
              Buffers: shared hit=637
Planning Time: 0.066 ms
Execution Time: 9.657 ms",13.323,2158.21,10,"HashAggregate  (cost=2156.21..2158.21 rows=200 width=9) (actual rows=10 loops=1)
  Group Key: a.extra
  Batches: 1  Memory Usage: 40kB
  Buffers: shared hit=637
  ->  HashAggregate  (cost=2140.28..2146.65 rows=637 width=5) (actual rows=668 loops=1)
        Group Key: a.post_id, a.extra
        Batches: 1  Memory Usage: 73kB
        Buffers: shared hit=637
        ->  Seq Scan on actions a  (cost=0.00..2137.00 rows=656 width=5) (actual rows=692 loops=1)
              Filter: ((action_date = '2019-07-04'::date) AND ((action)::text = 'report'::text))
              Rows Removed by Filter: 99308
              Buffers: shared hit=637
Planning Time: 0.098 ms
Execution Time: 13.323 ms",14.379,2158.21,10,"HashAggregate  (cost=2156.21..2158.21 rows=200 width=9) (actual rows=10 loops=1)
  Group Key: a.extra
  Batches: 1  Memory Usage: 40kB
  Buffers: shared hit=637
  ->  HashAggregate  (cost=2140.28..2146.65 rows=637 width=5) (actual rows=668 loops=1)
        Group Key: a.post_id, a.extra
        Batches: 1  Memory Usage: 73kB
        Buffers: shared hit=637
        ->  Seq Scan on actions a  (cost=0.00..2137.00 rows=656 width=5) (actual rows=692 loops=1)
              Filter: ((action_date = '2019-07-04'::date) AND ((action)::text = 'report'::text))
              Rows Removed by Filter: 99308
              Buffers: shared hit=637
Planning Time: 0.149 ms
Execution Time: 14.379 ms",16.765,2158.21,10,"HashAggregate  (cost=2156.21..2158.21 rows=200 width=9) (actual rows=10 loops=1)
  Group Key: a.extra
  Batches: 1  Memory Usage: 40kB
  Buffers: shared hit=637
  ->  HashAggregate  (cost=2140.28..2146.65 rows=637 width=5) (actual rows=668 loops=1)
        Group Key: a.post_id, a.extra
        Batches: 1  Memory Usage: 73kB
        Buffers: shared hit=637
        ->  Seq Scan on actions a  (cost=0.00..2137.00 rows=656 width=5) (actual rows=692 loops=1)
              Filter: ((action_date = '2019-07-04'::date) AND ((action)::text = 'report'::text))
              Rows Removed by Filter: 99308
              Buffers: shared hit=637
Planning Time: 0.105 ms
Execution Time: 16.765 ms",9.442,2158.21,10,"HashAggregate  (cost=2156.21..2158.21 rows=200 width=9) (actual rows=10 loops=1)
  Group Key: a.extra
  Batches: 1  Memory Usage: 40kB
  Buffers: shared hit=637
  ->  HashAggregate  (cost=2140.28..2146.65 rows=637 width=5) (actual rows=668 loops=1)
        Group Key: a.post_id, a.extra
        Batches: 1  Memory Usage: 73kB
        Buffers: shared hit=637
        ->  Seq Scan on actions a  (cost=0.00..2137.00 rows=656 width=5) (actual rows=692 loops=1)
              Filter: ((action_date = '2019-07-04'::date) AND ((action)::text = 'report'::text))
              Rows Removed by Filter: 99308
              Buffers: shared hit=637
Planning Time: 0.097 ms
Execution Time: 9.442 ms",12.7132,13.323,15.572,17.7194,2158.21,2158.21,10,10,10,10
592,1113,106,Easy,"select t_cte_13.c_extra0 as report_reason, count(t_cte_13.c_post_id0) as report_count from (select distinct t_actions_0.extra as c_extra0, t_actions_0.post_id as c_post_id0 from schema_1113.actions as t_actions_0 where t_actions_0.action = 'report' and t_actions_0.action_date = '2019-07-04') as t_cte_13 group by t_cte_13.c_extra0",9.815,2158.21,10,"HashAggregate  (cost=2156.21..2158.21 rows=200 width=9) (actual rows=10 loops=1)
  Group Key: t_actions_0.extra
  Batches: 1  Memory Usage: 40kB
  Buffers: shared hit=637
  ->  HashAggregate  (cost=2140.28..2146.65 rows=637 width=5) (actual rows=668 loops=1)
        Group Key: t_actions_0.extra, t_actions_0.post_id
        Batches: 1  Memory Usage: 73kB
        Buffers: shared hit=637
        ->  Seq Scan on actions t_actions_0  (cost=0.00..2137.00 rows=656 width=5) (actual rows=692 loops=1)
              Filter: (((action)::text = 'report'::text) AND (action_date = '2019-07-04'::date))
              Rows Removed by Filter: 99308
              Buffers: shared hit=637
Planning Time: 0.066 ms
Execution Time: 9.815 ms",10.146,2158.21,10,"HashAggregate  (cost=2156.21..2158.21 rows=200 width=9) (actual rows=10 loops=1)
  Group Key: t_actions_0.extra
  Batches: 1  Memory Usage: 40kB
  Buffers: shared hit=637
  ->  HashAggregate  (cost=2140.28..2146.65 rows=637 width=5) (actual rows=668 loops=1)
        Group Key: t_actions_0.extra, t_actions_0.post_id
        Batches: 1  Memory Usage: 73kB
        Buffers: shared hit=637
        ->  Seq Scan on actions t_actions_0  (cost=0.00..2137.00 rows=656 width=5) (actual rows=692 loops=1)
              Filter: (((action)::text = 'report'::text) AND (action_date = '2019-07-04'::date))
              Rows Removed by Filter: 99308
              Buffers: shared hit=637
Planning Time: 0.094 ms
Execution Time: 10.146 ms",20.508,2158.21,10,"HashAggregate  (cost=2156.21..2158.21 rows=200 width=9) (actual rows=10 loops=1)
  Group Key: t_actions_0.extra
  Batches: 1  Memory Usage: 40kB
  Buffers: shared hit=637
  ->  HashAggregate  (cost=2140.28..2146.65 rows=637 width=5) (actual rows=668 loops=1)
        Group Key: t_actions_0.extra, t_actions_0.post_id
        Batches: 1  Memory Usage: 73kB
        Buffers: shared hit=637
        ->  Seq Scan on actions t_actions_0  (cost=0.00..2137.00 rows=656 width=5) (actual rows=692 loops=1)
              Filter: (((action)::text = 'report'::text) AND (action_date = '2019-07-04'::date))
              Rows Removed by Filter: 99308
              Buffers: shared hit=637
Planning Time: 0.123 ms
Execution Time: 20.508 ms",19.892,2158.21,10,"HashAggregate  (cost=2156.21..2158.21 rows=200 width=9) (actual rows=10 loops=1)
  Group Key: t_actions_0.extra
  Batches: 1  Memory Usage: 40kB
  Buffers: shared hit=637
  ->  HashAggregate  (cost=2140.28..2146.65 rows=637 width=5) (actual rows=668 loops=1)
        Group Key: t_actions_0.extra, t_actions_0.post_id
        Batches: 1  Memory Usage: 73kB
        Buffers: shared hit=637
        ->  Seq Scan on actions t_actions_0  (cost=0.00..2137.00 rows=656 width=5) (actual rows=692 loops=1)
              Filter: (((action)::text = 'report'::text) AND (action_date = '2019-07-04'::date))
              Rows Removed by Filter: 99308
              Buffers: shared hit=637
Planning Time: 0.099 ms
Execution Time: 19.892 ms",18.561,2158.21,10,"HashAggregate  (cost=2156.21..2158.21 rows=200 width=9) (actual rows=10 loops=1)
  Group Key: t_actions_0.extra
  Batches: 1  Memory Usage: 40kB
  Buffers: shared hit=637
  ->  HashAggregate  (cost=2140.28..2146.65 rows=637 width=5) (actual rows=668 loops=1)
        Group Key: t_actions_0.extra, t_actions_0.post_id
        Batches: 1  Memory Usage: 73kB
        Buffers: shared hit=637
        ->  Seq Scan on actions t_actions_0  (cost=0.00..2137.00 rows=656 width=5) (actual rows=692 loops=1)
              Filter: (((action)::text = 'report'::text) AND (action_date = '2019-07-04'::date))
              Rows Removed by Filter: 99308
              Buffers: shared hit=637
Planning Time: 0.103 ms
Execution Time: 18.561 ms",15.7844,18.561,20.2,20.7544,2158.21,2158.21,10,10,10,10
593,1113,120,Easy,"select t_cte_8.c_extra0 as report_reason, count(t_cte_8.c_post_id0) as report_count from (select distinct a.extra as c_extra0, a.post_id as c_post_id0 from schema_1113.actions as a where a.action_date = '2019-07-04' and a.action = 'report') as t_cte_8 group by t_cte_8.c_extra0",11.575,2158.21,10,"HashAggregate  (cost=2156.21..2158.21 rows=200 width=9) (actual rows=10 loops=1)
  Group Key: a.extra
  Batches: 1  Memory Usage: 40kB
  Buffers: shared hit=637
  ->  HashAggregate  (cost=2140.28..2146.65 rows=637 width=5) (actual rows=668 loops=1)
        Group Key: a.extra, a.post_id
        Batches: 1  Memory Usage: 73kB
        Buffers: shared hit=637
        ->  Seq Scan on actions a  (cost=0.00..2137.00 rows=656 width=5) (actual rows=692 loops=1)
              Filter: ((action_date = '2019-07-04'::date) AND ((action)::text = 'report'::text))
              Rows Removed by Filter: 99308
              Buffers: shared hit=637
Planning Time: 0.096 ms
Execution Time: 11.575 ms",11.096,2158.21,10,"HashAggregate  (cost=2156.21..2158.21 rows=200 width=9) (actual rows=10 loops=1)
  Group Key: a.extra
  Batches: 1  Memory Usage: 40kB
  Buffers: shared hit=637
  ->  HashAggregate  (cost=2140.28..2146.65 rows=637 width=5) (actual rows=668 loops=1)
        Group Key: a.extra, a.post_id
        Batches: 1  Memory Usage: 73kB
        Buffers: shared hit=637
        ->  Seq Scan on actions a  (cost=0.00..2137.00 rows=656 width=5) (actual rows=692 loops=1)
              Filter: ((action_date = '2019-07-04'::date) AND ((action)::text = 'report'::text))
              Rows Removed by Filter: 99308
              Buffers: shared hit=637
Planning Time: 0.105 ms
Execution Time: 11.096 ms",14.416,2158.21,10,"HashAggregate  (cost=2156.21..2158.21 rows=200 width=9) (actual rows=10 loops=1)
  Group Key: a.extra
  Batches: 1  Memory Usage: 40kB
  Buffers: shared hit=637
  ->  HashAggregate  (cost=2140.28..2146.65 rows=637 width=5) (actual rows=668 loops=1)
        Group Key: a.extra, a.post_id
        Batches: 1  Memory Usage: 73kB
        Buffers: shared hit=637
        ->  Seq Scan on actions a  (cost=0.00..2137.00 rows=656 width=5) (actual rows=692 loops=1)
              Filter: ((action_date = '2019-07-04'::date) AND ((action)::text = 'report'::text))
              Rows Removed by Filter: 99308
              Buffers: shared hit=637
Planning Time: 0.095 ms
Execution Time: 14.416 ms",15.781,2158.21,10,"HashAggregate  (cost=2156.21..2158.21 rows=200 width=9) (actual rows=10 loops=1)
  Group Key: a.extra
  Batches: 1  Memory Usage: 40kB
  Buffers: shared hit=637
  ->  HashAggregate  (cost=2140.28..2146.65 rows=637 width=5) (actual rows=668 loops=1)
        Group Key: a.extra, a.post_id
        Batches: 1  Memory Usage: 73kB
        Buffers: shared hit=637
        ->  Seq Scan on actions a  (cost=0.00..2137.00 rows=656 width=5) (actual rows=692 loops=1)
              Filter: ((action_date = '2019-07-04'::date) AND ((action)::text = 'report'::text))
              Rows Removed by Filter: 99308
              Buffers: shared hit=637
Planning Time: 0.093 ms
Execution Time: 15.781 ms",16.683,2158.21,10,"HashAggregate  (cost=2156.21..2158.21 rows=200 width=9) (actual rows=10 loops=1)
  Group Key: a.extra
  Batches: 1  Memory Usage: 40kB
  Buffers: shared hit=637
  ->  HashAggregate  (cost=2140.28..2146.65 rows=637 width=5) (actual rows=668 loops=1)
        Group Key: a.extra, a.post_id
        Batches: 1  Memory Usage: 73kB
        Buffers: shared hit=637
        ->  Seq Scan on actions a  (cost=0.00..2137.00 rows=656 width=5) (actual rows=692 loops=1)
              Filter: ((action_date = '2019-07-04'::date) AND ((action)::text = 'report'::text))
              Rows Removed by Filter: 99308
              Buffers: shared hit=637
Planning Time: 0.099 ms
Execution Time: 16.683 ms",13.9102,14.416,16.232,17.0438,2158.21,2158.21,10,10,10,10
594,1113,138,Easy,"select t_cte_7.c_extra0 as report_reason, count(t_cte_7.c_post_id0) as report_count from (select distinct a.post_id as c_post_id0, a.extra as c_extra0 from schema_1113.actions as a where a.action = 'report' and a.action_date = '2019-07-04') as t_cte_7 group by t_cte_7.c_extra0",11.486,2158.21,10,"HashAggregate  (cost=2156.21..2158.21 rows=200 width=9) (actual rows=10 loops=1)
  Group Key: a.extra
  Batches: 1  Memory Usage: 40kB
  Buffers: shared hit=637
  ->  HashAggregate  (cost=2140.28..2146.65 rows=637 width=5) (actual rows=668 loops=1)
        Group Key: a.post_id, a.extra
        Batches: 1  Memory Usage: 73kB
        Buffers: shared hit=637
        ->  Seq Scan on actions a  (cost=0.00..2137.00 rows=656 width=5) (actual rows=692 loops=1)
              Filter: (((action)::text = 'report'::text) AND (action_date = '2019-07-04'::date))
              Rows Removed by Filter: 99308
              Buffers: shared hit=637
Planning Time: 0.101 ms
Execution Time: 11.486 ms",20.11,2158.21,10,"HashAggregate  (cost=2156.21..2158.21 rows=200 width=9) (actual rows=10 loops=1)
  Group Key: a.extra
  Batches: 1  Memory Usage: 40kB
  Buffers: shared hit=637
  ->  HashAggregate  (cost=2140.28..2146.65 rows=637 width=5) (actual rows=668 loops=1)
        Group Key: a.post_id, a.extra
        Batches: 1  Memory Usage: 73kB
        Buffers: shared hit=637
        ->  Seq Scan on actions a  (cost=0.00..2137.00 rows=656 width=5) (actual rows=692 loops=1)
              Filter: (((action)::text = 'report'::text) AND (action_date = '2019-07-04'::date))
              Rows Removed by Filter: 99308
              Buffers: shared hit=637
Planning Time: 0.113 ms
Execution Time: 20.110 ms",17.313,2158.21,10,"HashAggregate  (cost=2156.21..2158.21 rows=200 width=9) (actual rows=10 loops=1)
  Group Key: a.extra
  Batches: 1  Memory Usage: 40kB
  Buffers: shared hit=637
  ->  HashAggregate  (cost=2140.28..2146.65 rows=637 width=5) (actual rows=668 loops=1)
        Group Key: a.post_id, a.extra
        Batches: 1  Memory Usage: 73kB
        Buffers: shared hit=637
        ->  Seq Scan on actions a  (cost=0.00..2137.00 rows=656 width=5) (actual rows=692 loops=1)
              Filter: (((action)::text = 'report'::text) AND (action_date = '2019-07-04'::date))
              Rows Removed by Filter: 99308
              Buffers: shared hit=637
Planning Time: 0.099 ms
Execution Time: 17.313 ms",12.7,2158.21,10,"HashAggregate  (cost=2156.21..2158.21 rows=200 width=9) (actual rows=10 loops=1)
  Group Key: a.extra
  Batches: 1  Memory Usage: 40kB
  Buffers: shared hit=637
  ->  HashAggregate  (cost=2140.28..2146.65 rows=637 width=5) (actual rows=668 loops=1)
        Group Key: a.post_id, a.extra
        Batches: 1  Memory Usage: 73kB
        Buffers: shared hit=637
        ->  Seq Scan on actions a  (cost=0.00..2137.00 rows=656 width=5) (actual rows=692 loops=1)
              Filter: (((action)::text = 'report'::text) AND (action_date = '2019-07-04'::date))
              Rows Removed by Filter: 99308
              Buffers: shared hit=637
Planning Time: 0.105 ms
Execution Time: 12.700 ms",14.606,2158.21,10,"HashAggregate  (cost=2156.21..2158.21 rows=200 width=9) (actual rows=10 loops=1)
  Group Key: a.extra
  Batches: 1  Memory Usage: 40kB
  Buffers: shared hit=637
  ->  HashAggregate  (cost=2140.28..2146.65 rows=637 width=5) (actual rows=668 loops=1)
        Group Key: a.post_id, a.extra
        Batches: 1  Memory Usage: 73kB
        Buffers: shared hit=637
        ->  Seq Scan on actions a  (cost=0.00..2137.00 rows=656 width=5) (actual rows=692 loops=1)
              Filter: (((action)::text = 'report'::text) AND (action_date = '2019-07-04'::date))
              Rows Removed by Filter: 99308
              Buffers: shared hit=637
Planning Time: 0.095 ms
Execution Time: 14.606 ms",15.243,14.606,18.7115,21.2288,2158.21,2158.21,10,10,10,10
595,1113,146,Easy,"select t_cte_10.c_extra0 as report_reason, count(t_cte_10.c_post_id0) as report_count from (select distinct t_actions_0.post_id as c_post_id0, t_actions_0.extra as c_extra0 from schema_1113.actions as t_actions_0 where t_actions_0.action = 'report' and t_actions_0.action_date = '2019-07-04 ') as t_cte_10 group by t_cte_10.c_extra0",9.703,2158.21,10,"HashAggregate  (cost=2156.21..2158.21 rows=200 width=9) (actual rows=10 loops=1)
  Group Key: t_actions_0.extra
  Batches: 1  Memory Usage: 40kB
  Buffers: shared hit=637
  ->  HashAggregate  (cost=2140.28..2146.65 rows=637 width=5) (actual rows=668 loops=1)
        Group Key: t_actions_0.post_id, t_actions_0.extra
        Batches: 1  Memory Usage: 73kB
        Buffers: shared hit=637
        ->  Seq Scan on actions t_actions_0  (cost=0.00..2137.00 rows=656 width=5) (actual rows=692 loops=1)
              Filter: (((action)::text = 'report'::text) AND (action_date = '2019-07-04'::date))
              Rows Removed by Filter: 99308
              Buffers: shared hit=637
Planning Time: 0.091 ms
Execution Time: 9.703 ms",18.127,2158.21,10,"HashAggregate  (cost=2156.21..2158.21 rows=200 width=9) (actual rows=10 loops=1)
  Group Key: t_actions_0.extra
  Batches: 1  Memory Usage: 40kB
  Buffers: shared hit=637
  ->  HashAggregate  (cost=2140.28..2146.65 rows=637 width=5) (actual rows=668 loops=1)
        Group Key: t_actions_0.post_id, t_actions_0.extra
        Batches: 1  Memory Usage: 73kB
        Buffers: shared hit=637
        ->  Seq Scan on actions t_actions_0  (cost=0.00..2137.00 rows=656 width=5) (actual rows=692 loops=1)
              Filter: (((action)::text = 'report'::text) AND (action_date = '2019-07-04'::date))
              Rows Removed by Filter: 99308
              Buffers: shared hit=637
Planning Time: 0.108 ms
Execution Time: 18.127 ms",18.775,2158.21,10,"HashAggregate  (cost=2156.21..2158.21 rows=200 width=9) (actual rows=10 loops=1)
  Group Key: t_actions_0.extra
  Batches: 1  Memory Usage: 40kB
  Buffers: shared hit=637
  ->  HashAggregate  (cost=2140.28..2146.65 rows=637 width=5) (actual rows=668 loops=1)
        Group Key: t_actions_0.post_id, t_actions_0.extra
        Batches: 1  Memory Usage: 73kB
        Buffers: shared hit=637
        ->  Seq Scan on actions t_actions_0  (cost=0.00..2137.00 rows=656 width=5) (actual rows=692 loops=1)
              Filter: (((action)::text = 'report'::text) AND (action_date = '2019-07-04'::date))
              Rows Removed by Filter: 99308
              Buffers: shared hit=637
Planning Time: 0.109 ms
Execution Time: 18.775 ms",21.426,2158.21,10,"HashAggregate  (cost=2156.21..2158.21 rows=200 width=9) (actual rows=10 loops=1)
  Group Key: t_actions_0.extra
  Batches: 1  Memory Usage: 40kB
  Buffers: shared hit=637
  ->  HashAggregate  (cost=2140.28..2146.65 rows=637 width=5) (actual rows=668 loops=1)
        Group Key: t_actions_0.post_id, t_actions_0.extra
        Batches: 1  Memory Usage: 73kB
        Buffers: shared hit=637
        ->  Seq Scan on actions t_actions_0  (cost=0.00..2137.00 rows=656 width=5) (actual rows=692 loops=1)
              Filter: (((action)::text = 'report'::text) AND (action_date = '2019-07-04'::date))
              Rows Removed by Filter: 99308
              Buffers: shared hit=637
Planning Time: 0.115 ms
Execution Time: 21.426 ms",12.812,2158.21,10,"HashAggregate  (cost=2156.21..2158.21 rows=200 width=9) (actual rows=10 loops=1)
  Group Key: t_actions_0.extra
  Batches: 1  Memory Usage: 40kB
  Buffers: shared hit=637
  ->  HashAggregate  (cost=2140.28..2146.65 rows=637 width=5) (actual rows=668 loops=1)
        Group Key: t_actions_0.post_id, t_actions_0.extra
        Batches: 1  Memory Usage: 73kB
        Buffers: shared hit=637
        ->  Seq Scan on actions t_actions_0  (cost=0.00..2137.00 rows=656 width=5) (actual rows=692 loops=1)
              Filter: (((action)::text = 'report'::text) AND (action_date = '2019-07-04'::date))
              Rows Removed by Filter: 99308
              Buffers: shared hit=637
Planning Time: 0.092 ms
Execution Time: 12.812 ms",16.1686,18.127,20.1005,22.4864,2158.21,2158.21,10,10,10,10
596,1113,186,Easy,"select t_cte_23.c_extra0 as report_reason, count(t_cte_23.c_post_id0) as report_count from (select distinct t_actions_0.extra as c_extra0, t_actions_0.action_date as c_action_date0, t_actions_0.action as c_action0, t_actions_0.post_id as c_post_id0 from schema_1113.actions as t_actions_0) as t_cte_23 group by t_cte_23.c_action_date0,t_cte_23.c_action0,t_cte_23.c_extra0 having t_cte_23.c_action_date0 = '2019-07-04' and t_cte_23.c_action0 = 'report'",8.295,2164.67,10,"HashAggregate  (cost=2162.67..2164.67 rows=200 width=19) (actual rows=10 loops=1)
  Group Key: t_actions_0.action_date, t_actions_0.action, t_actions_0.extra
  Batches: 1  Memory Usage: 40kB
  Buffers: shared hit=637
  ->  HashAggregate  (cost=2143.56..2149.93 rows=637 width=15) (actual rows=668 loops=1)
        Group Key: t_actions_0.extra, t_actions_0.action_date, t_actions_0.action, t_actions_0.post_id
        Batches: 1  Memory Usage: 113kB
        Buffers: shared hit=637
        ->  Seq Scan on actions t_actions_0  (cost=0.00..2137.00 rows=656 width=15) (actual rows=692 loops=1)
              Filter: ((action_date = '2019-07-04'::date) AND ((action)::text = 'report'::text))
              Rows Removed by Filter: 99308
              Buffers: shared hit=637
Planning Time: 0.081 ms
Execution Time: 8.295 ms",13.928,2164.67,10,"HashAggregate  (cost=2162.67..2164.67 rows=200 width=19) (actual rows=10 loops=1)
  Group Key: t_actions_0.action_date, t_actions_0.action, t_actions_0.extra
  Batches: 1  Memory Usage: 40kB
  Buffers: shared hit=637
  ->  HashAggregate  (cost=2143.56..2149.93 rows=637 width=15) (actual rows=668 loops=1)
        Group Key: t_actions_0.extra, t_actions_0.action_date, t_actions_0.action, t_actions_0.post_id
        Batches: 1  Memory Usage: 113kB
        Buffers: shared hit=637
        ->  Seq Scan on actions t_actions_0  (cost=0.00..2137.00 rows=656 width=15) (actual rows=692 loops=1)
              Filter: ((action_date = '2019-07-04'::date) AND ((action)::text = 'report'::text))
              Rows Removed by Filter: 99308
              Buffers: shared hit=637
Planning Time: 0.129 ms
Execution Time: 13.928 ms",15.435,2164.67,10,"HashAggregate  (cost=2162.67..2164.67 rows=200 width=19) (actual rows=10 loops=1)
  Group Key: t_actions_0.action_date, t_actions_0.action, t_actions_0.extra
  Batches: 1  Memory Usage: 40kB
  Buffers: shared hit=637
  ->  HashAggregate  (cost=2143.56..2149.93 rows=637 width=15) (actual rows=668 loops=1)
        Group Key: t_actions_0.extra, t_actions_0.action_date, t_actions_0.action, t_actions_0.post_id
        Batches: 1  Memory Usage: 113kB
        Buffers: shared hit=637
        ->  Seq Scan on actions t_actions_0  (cost=0.00..2137.00 rows=656 width=15) (actual rows=692 loops=1)
              Filter: ((action_date = '2019-07-04'::date) AND ((action)::text = 'report'::text))
              Rows Removed by Filter: 99308
              Buffers: shared hit=637
Planning Time: 0.160 ms
Execution Time: 15.435 ms",17.465,2164.67,10,"HashAggregate  (cost=2162.67..2164.67 rows=200 width=19) (actual rows=10 loops=1)
  Group Key: t_actions_0.action_date, t_actions_0.action, t_actions_0.extra
  Batches: 1  Memory Usage: 40kB
  Buffers: shared hit=637
  ->  HashAggregate  (cost=2143.56..2149.93 rows=637 width=15) (actual rows=668 loops=1)
        Group Key: t_actions_0.extra, t_actions_0.action_date, t_actions_0.action, t_actions_0.post_id
        Batches: 1  Memory Usage: 113kB
        Buffers: shared hit=637
        ->  Seq Scan on actions t_actions_0  (cost=0.00..2137.00 rows=656 width=15) (actual rows=692 loops=1)
              Filter: ((action_date = '2019-07-04'::date) AND ((action)::text = 'report'::text))
              Rows Removed by Filter: 99308
              Buffers: shared hit=637
Planning Time: 0.161 ms
Execution Time: 17.465 ms",17.322,2164.67,10,"HashAggregate  (cost=2162.67..2164.67 rows=200 width=19) (actual rows=10 loops=1)
  Group Key: t_actions_0.action_date, t_actions_0.action, t_actions_0.extra
  Batches: 1  Memory Usage: 40kB
  Buffers: shared hit=637
  ->  HashAggregate  (cost=2143.56..2149.93 rows=637 width=15) (actual rows=668 loops=1)
        Group Key: t_actions_0.extra, t_actions_0.action_date, t_actions_0.action, t_actions_0.post_id
        Batches: 1  Memory Usage: 113kB
        Buffers: shared hit=637
        ->  Seq Scan on actions t_actions_0  (cost=0.00..2137.00 rows=656 width=15) (actual rows=692 loops=1)
              Filter: ((action_date = '2019-07-04'::date) AND ((action)::text = 'report'::text))
              Rows Removed by Filter: 99308
              Buffers: shared hit=637
Planning Time: 0.129 ms
Execution Time: 17.322 ms",14.489,15.435,17.3935,17.5222,2164.67,2164.67,10,10,10,10
597,1113,191,Easy,"select t_cte_5.c_extra0 as report_reason, count(t_cte_5.c_post_id0) as report_count from (select distinct t_actions_0.extra as c_extra0, t_actions_0.post_id as c_post_id0 from schema_1113.actions as t_actions_0 where t_actions_0.action = 'report' and t_actions_0.action_date = '2019-07-04') as t_cte_5 group by t_cte_5.c_extra0",9.552,2158.21,10,"HashAggregate  (cost=2156.21..2158.21 rows=200 width=9) (actual rows=10 loops=1)
  Group Key: t_actions_0.extra
  Batches: 1  Memory Usage: 40kB
  Buffers: shared hit=637
  ->  HashAggregate  (cost=2140.28..2146.65 rows=637 width=5) (actual rows=668 loops=1)
        Group Key: t_actions_0.extra, t_actions_0.post_id
        Batches: 1  Memory Usage: 73kB
        Buffers: shared hit=637
        ->  Seq Scan on actions t_actions_0  (cost=0.00..2137.00 rows=656 width=5) (actual rows=692 loops=1)
              Filter: (((action)::text = 'report'::text) AND (action_date = '2019-07-04'::date))
              Rows Removed by Filter: 99308
              Buffers: shared hit=637
Planning Time: 0.069 ms
Execution Time: 9.552 ms",12.425,2158.21,10,"HashAggregate  (cost=2156.21..2158.21 rows=200 width=9) (actual rows=10 loops=1)
  Group Key: t_actions_0.extra
  Batches: 1  Memory Usage: 40kB
  Buffers: shared hit=637
  ->  HashAggregate  (cost=2140.28..2146.65 rows=637 width=5) (actual rows=668 loops=1)
        Group Key: t_actions_0.extra, t_actions_0.post_id
        Batches: 1  Memory Usage: 73kB
        Buffers: shared hit=637
        ->  Seq Scan on actions t_actions_0  (cost=0.00..2137.00 rows=656 width=5) (actual rows=692 loops=1)
              Filter: (((action)::text = 'report'::text) AND (action_date = '2019-07-04'::date))
              Rows Removed by Filter: 99308
              Buffers: shared hit=637
Planning Time: 0.116 ms
Execution Time: 12.425 ms",18.159,2158.21,10,"HashAggregate  (cost=2156.21..2158.21 rows=200 width=9) (actual rows=10 loops=1)
  Group Key: t_actions_0.extra
  Batches: 1  Memory Usage: 40kB
  Buffers: shared hit=637
  ->  HashAggregate  (cost=2140.28..2146.65 rows=637 width=5) (actual rows=668 loops=1)
        Group Key: t_actions_0.extra, t_actions_0.post_id
        Batches: 1  Memory Usage: 73kB
        Buffers: shared hit=637
        ->  Seq Scan on actions t_actions_0  (cost=0.00..2137.00 rows=656 width=5) (actual rows=692 loops=1)
              Filter: (((action)::text = 'report'::text) AND (action_date = '2019-07-04'::date))
              Rows Removed by Filter: 99308
              Buffers: shared hit=637
Planning Time: 0.089 ms
Execution Time: 18.159 ms",17.232,2158.21,10,"HashAggregate  (cost=2156.21..2158.21 rows=200 width=9) (actual rows=10 loops=1)
  Group Key: t_actions_0.extra
  Batches: 1  Memory Usage: 40kB
  Buffers: shared hit=637
  ->  HashAggregate  (cost=2140.28..2146.65 rows=637 width=5) (actual rows=668 loops=1)
        Group Key: t_actions_0.extra, t_actions_0.post_id
        Batches: 1  Memory Usage: 73kB
        Buffers: shared hit=637
        ->  Seq Scan on actions t_actions_0  (cost=0.00..2137.00 rows=656 width=5) (actual rows=692 loops=1)
              Filter: (((action)::text = 'report'::text) AND (action_date = '2019-07-04'::date))
              Rows Removed by Filter: 99308
              Buffers: shared hit=637
Planning Time: 0.069 ms
Execution Time: 17.232 ms",19.587,2158.21,10,"HashAggregate  (cost=2156.21..2158.21 rows=200 width=9) (actual rows=10 loops=1)
  Group Key: t_actions_0.extra
  Batches: 1  Memory Usage: 40kB
  Buffers: shared hit=637
  ->  HashAggregate  (cost=2140.28..2146.65 rows=637 width=5) (actual rows=668 loops=1)
        Group Key: t_actions_0.extra, t_actions_0.post_id
        Batches: 1  Memory Usage: 73kB
        Buffers: shared hit=637
        ->  Seq Scan on actions t_actions_0  (cost=0.00..2137.00 rows=656 width=5) (actual rows=692 loops=1)
              Filter: (((action)::text = 'report'::text) AND (action_date = '2019-07-04'::date))
              Rows Removed by Filter: 99308
              Buffers: shared hit=637
Planning Time: 0.101 ms
Execution Time: 19.587 ms",15.391,17.232,18.873,20.1582,2158.21,2158.21,10,10,10,10
598,1113,207,Easy,"select t_cte_38.c_extra0 as report_reason, count(t_cte_38.c_post_id0) as report_count from (select distinct t_actions_0.extra as c_extra0, t_actions_0.post_id as c_post_id0 from schema_1113.actions as t_actions_0 where t_actions_0.action_date = '2019-07-04' and t_actions_0.action = 'report') as t_cte_38 group by t_cte_38.c_extra0",9.266,2158.21,10,"HashAggregate  (cost=2156.21..2158.21 rows=200 width=9) (actual rows=10 loops=1)
  Group Key: t_actions_0.extra
  Batches: 1  Memory Usage: 40kB
  Buffers: shared hit=637
  ->  HashAggregate  (cost=2140.28..2146.65 rows=637 width=5) (actual rows=668 loops=1)
        Group Key: t_actions_0.extra, t_actions_0.post_id
        Batches: 1  Memory Usage: 73kB
        Buffers: shared hit=637
        ->  Seq Scan on actions t_actions_0  (cost=0.00..2137.00 rows=656 width=5) (actual rows=692 loops=1)
              Filter: ((action_date = '2019-07-04'::date) AND ((action)::text = 'report'::text))
              Rows Removed by Filter: 99308
              Buffers: shared hit=637
Planning Time: 0.083 ms
Execution Time: 9.266 ms",10.625,2158.21,10,"HashAggregate  (cost=2156.21..2158.21 rows=200 width=9) (actual rows=10 loops=1)
  Group Key: t_actions_0.extra
  Batches: 1  Memory Usage: 40kB
  Buffers: shared hit=637
  ->  HashAggregate  (cost=2140.28..2146.65 rows=637 width=5) (actual rows=668 loops=1)
        Group Key: t_actions_0.extra, t_actions_0.post_id
        Batches: 1  Memory Usage: 73kB
        Buffers: shared hit=637
        ->  Seq Scan on actions t_actions_0  (cost=0.00..2137.00 rows=656 width=5) (actual rows=692 loops=1)
              Filter: ((action_date = '2019-07-04'::date) AND ((action)::text = 'report'::text))
              Rows Removed by Filter: 99308
              Buffers: shared hit=637
Planning Time: 0.107 ms
Execution Time: 10.625 ms",14.742,2158.21,10,"HashAggregate  (cost=2156.21..2158.21 rows=200 width=9) (actual rows=10 loops=1)
  Group Key: t_actions_0.extra
  Batches: 1  Memory Usage: 40kB
  Buffers: shared hit=637
  ->  HashAggregate  (cost=2140.28..2146.65 rows=637 width=5) (actual rows=668 loops=1)
        Group Key: t_actions_0.extra, t_actions_0.post_id
        Batches: 1  Memory Usage: 73kB
        Buffers: shared hit=637
        ->  Seq Scan on actions t_actions_0  (cost=0.00..2137.00 rows=656 width=5) (actual rows=692 loops=1)
              Filter: ((action_date = '2019-07-04'::date) AND ((action)::text = 'report'::text))
              Rows Removed by Filter: 99308
              Buffers: shared hit=637
Planning Time: 0.102 ms
Execution Time: 14.742 ms",11.632,2158.21,10,"HashAggregate  (cost=2156.21..2158.21 rows=200 width=9) (actual rows=10 loops=1)
  Group Key: t_actions_0.extra
  Batches: 1  Memory Usage: 40kB
  Buffers: shared hit=637
  ->  HashAggregate  (cost=2140.28..2146.65 rows=637 width=5) (actual rows=668 loops=1)
        Group Key: t_actions_0.extra, t_actions_0.post_id
        Batches: 1  Memory Usage: 73kB
        Buffers: shared hit=637
        ->  Seq Scan on actions t_actions_0  (cost=0.00..2137.00 rows=656 width=5) (actual rows=692 loops=1)
              Filter: ((action_date = '2019-07-04'::date) AND ((action)::text = 'report'::text))
              Rows Removed by Filter: 99308
              Buffers: shared hit=637
Planning Time: 0.798 ms
Execution Time: 11.632 ms",15.97,2158.21,10,"HashAggregate  (cost=2156.21..2158.21 rows=200 width=9) (actual rows=10 loops=1)
  Group Key: t_actions_0.extra
  Batches: 1  Memory Usage: 40kB
  Buffers: shared hit=637
  ->  HashAggregate  (cost=2140.28..2146.65 rows=637 width=5) (actual rows=668 loops=1)
        Group Key: t_actions_0.extra, t_actions_0.post_id
        Batches: 1  Memory Usage: 73kB
        Buffers: shared hit=637
        ->  Seq Scan on actions t_actions_0  (cost=0.00..2137.00 rows=656 width=5) (actual rows=692 loops=1)
              Filter: ((action_date = '2019-07-04'::date) AND ((action)::text = 'report'::text))
              Rows Removed by Filter: 99308
              Buffers: shared hit=637
Planning Time: 0.089 ms
Execution Time: 15.970 ms",12.447,11.632,15.356,16.4612,2158.21,2158.21,10,10,10,10
599,1113,225,Easy,"select t_cte_32.c_extra0 as report_reason, count(t_cte_32.c_post_id0) as report_count from (select distinct t_actions_0.extra as c_extra0, t_actions_0.post_id as c_post_id0 from schema_1113.actions as t_actions_0 where t_actions_0.action = 'report' and t_actions_0.action_date = '2019-07-04') as t_cte_32 group by t_cte_32.c_extra0",12.661,2158.21,10,"HashAggregate  (cost=2156.21..2158.21 rows=200 width=9) (actual rows=10 loops=1)
  Group Key: t_actions_0.extra
  Batches: 1  Memory Usage: 40kB
  Buffers: shared hit=637
  ->  HashAggregate  (cost=2140.28..2146.65 rows=637 width=5) (actual rows=668 loops=1)
        Group Key: t_actions_0.extra, t_actions_0.post_id
        Batches: 1  Memory Usage: 73kB
        Buffers: shared hit=637
        ->  Seq Scan on actions t_actions_0  (cost=0.00..2137.00 rows=656 width=5) (actual rows=692 loops=1)
              Filter: (((action)::text = 'report'::text) AND (action_date = '2019-07-04'::date))
              Rows Removed by Filter: 99308
              Buffers: shared hit=637
Planning Time: 0.098 ms
Execution Time: 12.661 ms",13.962,2158.21,10,"HashAggregate  (cost=2156.21..2158.21 rows=200 width=9) (actual rows=10 loops=1)
  Group Key: t_actions_0.extra
  Batches: 1  Memory Usage: 40kB
  Buffers: shared hit=637
  ->  HashAggregate  (cost=2140.28..2146.65 rows=637 width=5) (actual rows=668 loops=1)
        Group Key: t_actions_0.extra, t_actions_0.post_id
        Batches: 1  Memory Usage: 73kB
        Buffers: shared hit=637
        ->  Seq Scan on actions t_actions_0  (cost=0.00..2137.00 rows=656 width=5) (actual rows=692 loops=1)
              Filter: (((action)::text = 'report'::text) AND (action_date = '2019-07-04'::date))
              Rows Removed by Filter: 99308
              Buffers: shared hit=637
Planning Time: 0.112 ms
Execution Time: 13.962 ms",12.007,2158.21,10,"HashAggregate  (cost=2156.21..2158.21 rows=200 width=9) (actual rows=10 loops=1)
  Group Key: t_actions_0.extra
  Batches: 1  Memory Usage: 40kB
  Buffers: shared hit=637
  ->  HashAggregate  (cost=2140.28..2146.65 rows=637 width=5) (actual rows=668 loops=1)
        Group Key: t_actions_0.extra, t_actions_0.post_id
        Batches: 1  Memory Usage: 73kB
        Buffers: shared hit=637
        ->  Seq Scan on actions t_actions_0  (cost=0.00..2137.00 rows=656 width=5) (actual rows=692 loops=1)
              Filter: (((action)::text = 'report'::text) AND (action_date = '2019-07-04'::date))
              Rows Removed by Filter: 99308
              Buffers: shared hit=637
Planning Time: 0.120 ms
Execution Time: 12.007 ms",17.174,2158.21,10,"HashAggregate  (cost=2156.21..2158.21 rows=200 width=9) (actual rows=10 loops=1)
  Group Key: t_actions_0.extra
  Batches: 1  Memory Usage: 40kB
  Buffers: shared hit=637
  ->  HashAggregate  (cost=2140.28..2146.65 rows=637 width=5) (actual rows=668 loops=1)
        Group Key: t_actions_0.extra, t_actions_0.post_id
        Batches: 1  Memory Usage: 73kB
        Buffers: shared hit=637
        ->  Seq Scan on actions t_actions_0  (cost=0.00..2137.00 rows=656 width=5) (actual rows=692 loops=1)
              Filter: (((action)::text = 'report'::text) AND (action_date = '2019-07-04'::date))
              Rows Removed by Filter: 99308
              Buffers: shared hit=637
Planning Time: 0.100 ms
Execution Time: 17.174 ms",18.089,2158.21,10,"HashAggregate  (cost=2156.21..2158.21 rows=200 width=9) (actual rows=10 loops=1)
  Group Key: t_actions_0.extra
  Batches: 1  Memory Usage: 40kB
  Buffers: shared hit=637
  ->  HashAggregate  (cost=2140.28..2146.65 rows=637 width=5) (actual rows=668 loops=1)
        Group Key: t_actions_0.extra, t_actions_0.post_id
        Batches: 1  Memory Usage: 73kB
        Buffers: shared hit=637
        ->  Seq Scan on actions t_actions_0  (cost=0.00..2137.00 rows=656 width=5) (actual rows=692 loops=1)
              Filter: (((action)::text = 'report'::text) AND (action_date = '2019-07-04'::date))
              Rows Removed by Filter: 99308
              Buffers: shared hit=637
Planning Time: 0.103 ms
Execution Time: 18.089 ms",14.7786,13.962,17.6315,18.455,2158.21,2158.21,10,10,10,10
600,1113,228,Easy,"select t_cte_8.c_extra0 as report_reason, count(t_cte_8.c_post_id0) as report_count from (select distinct t_actions_0.action as c_action0, t_actions_0.post_id as c_post_id0, t_actions_0.extra as c_extra0 from schema_1113.actions as t_actions_0 where t_actions_0.action_date = '2019-07-04' and t_actions_0.action = 'report') as t_cte_8 group by t_cte_8.c_extra0,t_cte_8.c_action0",10.757,2161.44,10,"HashAggregate  (cost=2159.44..2161.44 rows=200 width=15) (actual rows=10 loops=1)
  Group Key: t_actions_0.extra, t_actions_0.action
  Batches: 1  Memory Usage: 40kB
  Buffers: shared hit=637
  ->  HashAggregate  (cost=2141.92..2148.29 rows=637 width=11) (actual rows=668 loops=1)
        Group Key: t_actions_0.action, t_actions_0.post_id, t_actions_0.extra
        Batches: 1  Memory Usage: 73kB
        Buffers: shared hit=637
        ->  Seq Scan on actions t_actions_0  (cost=0.00..2137.00 rows=656 width=11) (actual rows=692 loops=1)
              Filter: ((action_date = '2019-07-04'::date) AND ((action)::text = 'report'::text))
              Rows Removed by Filter: 99308
              Buffers: shared hit=637
Planning Time: 0.101 ms
Execution Time: 10.757 ms",15.76,2161.44,10,"HashAggregate  (cost=2159.44..2161.44 rows=200 width=15) (actual rows=10 loops=1)
  Group Key: t_actions_0.extra, t_actions_0.action
  Batches: 1  Memory Usage: 40kB
  Buffers: shared hit=637
  ->  HashAggregate  (cost=2141.92..2148.29 rows=637 width=11) (actual rows=668 loops=1)
        Group Key: t_actions_0.action, t_actions_0.post_id, t_actions_0.extra
        Batches: 1  Memory Usage: 73kB
        Buffers: shared hit=637
        ->  Seq Scan on actions t_actions_0  (cost=0.00..2137.00 rows=656 width=11) (actual rows=692 loops=1)
              Filter: ((action_date = '2019-07-04'::date) AND ((action)::text = 'report'::text))
              Rows Removed by Filter: 99308
              Buffers: shared hit=637
Planning Time: 0.103 ms
Execution Time: 15.760 ms",16.816,2161.44,10,"HashAggregate  (cost=2159.44..2161.44 rows=200 width=15) (actual rows=10 loops=1)
  Group Key: t_actions_0.extra, t_actions_0.action
  Batches: 1  Memory Usage: 40kB
  Buffers: shared hit=637
  ->  HashAggregate  (cost=2141.92..2148.29 rows=637 width=11) (actual rows=668 loops=1)
        Group Key: t_actions_0.action, t_actions_0.post_id, t_actions_0.extra
        Batches: 1  Memory Usage: 73kB
        Buffers: shared hit=637
        ->  Seq Scan on actions t_actions_0  (cost=0.00..2137.00 rows=656 width=11) (actual rows=692 loops=1)
              Filter: ((action_date = '2019-07-04'::date) AND ((action)::text = 'report'::text))
              Rows Removed by Filter: 99308
              Buffers: shared hit=637
Planning Time: 0.093 ms
Execution Time: 16.816 ms",16.512,2161.44,10,"HashAggregate  (cost=2159.44..2161.44 rows=200 width=15) (actual rows=10 loops=1)
  Group Key: t_actions_0.extra, t_actions_0.action
  Batches: 1  Memory Usage: 40kB
  Buffers: shared hit=637
  ->  HashAggregate  (cost=2141.92..2148.29 rows=637 width=11) (actual rows=668 loops=1)
        Group Key: t_actions_0.action, t_actions_0.post_id, t_actions_0.extra
        Batches: 1  Memory Usage: 73kB
        Buffers: shared hit=637
        ->  Seq Scan on actions t_actions_0  (cost=0.00..2137.00 rows=656 width=11) (actual rows=692 loops=1)
              Filter: ((action_date = '2019-07-04'::date) AND ((action)::text = 'report'::text))
              Rows Removed by Filter: 99308
              Buffers: shared hit=637
Planning Time: 0.100 ms
Execution Time: 16.512 ms",18.587,2161.44,10,"HashAggregate  (cost=2159.44..2161.44 rows=200 width=15) (actual rows=10 loops=1)
  Group Key: t_actions_0.extra, t_actions_0.action
  Batches: 1  Memory Usage: 40kB
  Buffers: shared hit=637
  ->  HashAggregate  (cost=2141.92..2148.29 rows=637 width=11) (actual rows=668 loops=1)
        Group Key: t_actions_0.action, t_actions_0.post_id, t_actions_0.extra
        Batches: 1  Memory Usage: 73kB
        Buffers: shared hit=637
        ->  Seq Scan on actions t_actions_0  (cost=0.00..2137.00 rows=656 width=11) (actual rows=692 loops=1)
              Filter: ((action_date = '2019-07-04'::date) AND ((action)::text = 'report'::text))
              Rows Removed by Filter: 99308
              Buffers: shared hit=637
Planning Time: 0.093 ms
Execution Time: 18.587 ms",15.6864,16.512,17.7015,19.2954,2161.44,2161.44,10,10,10,10
605,1126,2,Medium,"select t_cte_26.c_business_id0 as business_id from (select distinct t_events_0.occurences as c_occurences0, t_events_0.event_type as c_event_type0, t_events_0.business_id as c_business_id0, avg(t_events_0.occurences) over ( partition by t_events_0.event_type ) as c_0 from schema_1126.events as t_events_0) as t_cte_26 where t_cte_26.c_0 < t_cte_26.c_occurences0 group by t_cte_26.c_business_id0 having 1 < count(t_cte_26.c_event_type0)",265.85,12952.99,4995,"HashAggregate  (cost=12950.49..12952.99 rows=67 width=4) (actual rows=4995 loops=1)
  Group Key: t_cte_26.c_business_id0
  Filter: (1 < count(t_cte_26.c_event_type0))
  Batches: 1  Memory Usage: 737kB
  Rows Removed by Filter: 4
  Buffers: shared hit=629, temp read=819 written=1173
  ->  Subquery Scan on t_cte_26  (cost=12683.82..12933.82 rows=3333 width=12) (actual rows=50101 loops=1)
        Filter: (t_cte_26.c_0 < (t_cte_26.c_occurences0)::numeric)
        Rows Removed by Filter: 49899
        Buffers: shared hit=629, temp read=819 written=1173
        ->  HashAggregate  (cost=12683.82..12783.82 rows=10000 width=48) (actual rows=100000 loops=1)
              Group Key: t_events_0.occurences, t_events_0.event_type, t_events_0.business_id, avg(t_events_0.occurences) OVER (?)
              Batches: 5  Memory Usage: 4153kB  Disk Usage: 3784kB
              Buffers: shared hit=629, temp read=819 written=1173
              ->  WindowAgg  (cost=9933.82..11683.82 rows=100000 width=48) (actual rows=100000 loops=1)
                    Buffers: shared hit=629, temp read=364 written=366
                    ->  Sort  (cost=9933.82..10183.82 rows=100000 width=16) (actual rows=100000 loops=1)
                          Sort Key: t_events_0.event_type
                          Sort Method: external merge  Disk: 2912kB
                          Buffers: shared hit=629, temp read=364 written=366
                          ->  Seq Scan on events t_events_0  (cost=0.00..1629.00 rows=100000 width=16) (actual rows=100000 loops=1)
                                Buffers: shared hit=629
Planning Time: 0.140 ms
Execution Time: 265.850 ms",269.467,12952.99,4995,"HashAggregate  (cost=12950.49..12952.99 rows=67 width=4) (actual rows=4995 loops=1)
  Group Key: t_cte_26.c_business_id0
  Filter: (1 < count(t_cte_26.c_event_type0))
  Batches: 1  Memory Usage: 737kB
  Rows Removed by Filter: 4
  Buffers: shared hit=629, temp read=819 written=1173
  ->  Subquery Scan on t_cte_26  (cost=12683.82..12933.82 rows=3333 width=12) (actual rows=50101 loops=1)
        Filter: (t_cte_26.c_0 < (t_cte_26.c_occurences0)::numeric)
        Rows Removed by Filter: 49899
        Buffers: shared hit=629, temp read=819 written=1173
        ->  HashAggregate  (cost=12683.82..12783.82 rows=10000 width=48) (actual rows=100000 loops=1)
              Group Key: t_events_0.occurences, t_events_0.event_type, t_events_0.business_id, avg(t_events_0.occurences) OVER (?)
              Batches: 5  Memory Usage: 4153kB  Disk Usage: 3784kB
              Buffers: shared hit=629, temp read=819 written=1173
              ->  WindowAgg  (cost=9933.82..11683.82 rows=100000 width=48) (actual rows=100000 loops=1)
                    Buffers: shared hit=629, temp read=364 written=366
                    ->  Sort  (cost=9933.82..10183.82 rows=100000 width=16) (actual rows=100000 loops=1)
                          Sort Key: t_events_0.event_type
                          Sort Method: external merge  Disk: 2912kB
                          Buffers: shared hit=629, temp read=364 written=366
                          ->  Seq Scan on events t_events_0  (cost=0.00..1629.00 rows=100000 width=16) (actual rows=100000 loops=1)
                                Buffers: shared hit=629
Planning Time: 0.151 ms
Execution Time: 269.467 ms",271.918,12952.99,4995,"HashAggregate  (cost=12950.49..12952.99 rows=67 width=4) (actual rows=4995 loops=1)
  Group Key: t_cte_26.c_business_id0
  Filter: (1 < count(t_cte_26.c_event_type0))
  Batches: 1  Memory Usage: 737kB
  Rows Removed by Filter: 4
  Buffers: shared hit=629, temp read=819 written=1173
  ->  Subquery Scan on t_cte_26  (cost=12683.82..12933.82 rows=3333 width=12) (actual rows=50101 loops=1)
        Filter: (t_cte_26.c_0 < (t_cte_26.c_occurences0)::numeric)
        Rows Removed by Filter: 49899
        Buffers: shared hit=629, temp read=819 written=1173
        ->  HashAggregate  (cost=12683.82..12783.82 rows=10000 width=48) (actual rows=100000 loops=1)
              Group Key: t_events_0.occurences, t_events_0.event_type, t_events_0.business_id, avg(t_events_0.occurences) OVER (?)
              Batches: 5  Memory Usage: 4153kB  Disk Usage: 3784kB
              Buffers: shared hit=629, temp read=819 written=1173
              ->  WindowAgg  (cost=9933.82..11683.82 rows=100000 width=48) (actual rows=100000 loops=1)
                    Buffers: shared hit=629, temp read=364 written=366
                    ->  Sort  (cost=9933.82..10183.82 rows=100000 width=16) (actual rows=100000 loops=1)
                          Sort Key: t_events_0.event_type
                          Sort Method: external merge  Disk: 2912kB
                          Buffers: shared hit=629, temp read=364 written=366
                          ->  Seq Scan on events t_events_0  (cost=0.00..1629.00 rows=100000 width=16) (actual rows=100000 loops=1)
                                Buffers: shared hit=629
Planning Time: 0.112 ms
Execution Time: 271.918 ms",274.279,12952.99,4995,"HashAggregate  (cost=12950.49..12952.99 rows=67 width=4) (actual rows=4995 loops=1)
  Group Key: t_cte_26.c_business_id0
  Filter: (1 < count(t_cte_26.c_event_type0))
  Batches: 1  Memory Usage: 737kB
  Rows Removed by Filter: 4
  Buffers: shared hit=629, temp read=819 written=1173
  ->  Subquery Scan on t_cte_26  (cost=12683.82..12933.82 rows=3333 width=12) (actual rows=50101 loops=1)
        Filter: (t_cte_26.c_0 < (t_cte_26.c_occurences0)::numeric)
        Rows Removed by Filter: 49899
        Buffers: shared hit=629, temp read=819 written=1173
        ->  HashAggregate  (cost=12683.82..12783.82 rows=10000 width=48) (actual rows=100000 loops=1)
              Group Key: t_events_0.occurences, t_events_0.event_type, t_events_0.business_id, avg(t_events_0.occurences) OVER (?)
              Batches: 5  Memory Usage: 4153kB  Disk Usage: 3784kB
              Buffers: shared hit=629, temp read=819 written=1173
              ->  WindowAgg  (cost=9933.82..11683.82 rows=100000 width=48) (actual rows=100000 loops=1)
                    Buffers: shared hit=629, temp read=364 written=366
                    ->  Sort  (cost=9933.82..10183.82 rows=100000 width=16) (actual rows=100000 loops=1)
                          Sort Key: t_events_0.event_type
                          Sort Method: external merge  Disk: 2912kB
                          Buffers: shared hit=629, temp read=364 written=366
                          ->  Seq Scan on events t_events_0  (cost=0.00..1629.00 rows=100000 width=16) (actual rows=100000 loops=1)
                                Buffers: shared hit=629
Planning Time: 0.126 ms
Execution Time: 274.279 ms",276.264,12952.99,4995,"HashAggregate  (cost=12950.49..12952.99 rows=67 width=4) (actual rows=4995 loops=1)
  Group Key: t_cte_26.c_business_id0
  Filter: (1 < count(t_cte_26.c_event_type0))
  Batches: 1  Memory Usage: 737kB
  Rows Removed by Filter: 4
  Buffers: shared hit=629, temp read=819 written=1173
  ->  Subquery Scan on t_cte_26  (cost=12683.82..12933.82 rows=3333 width=12) (actual rows=50101 loops=1)
        Filter: (t_cte_26.c_0 < (t_cte_26.c_occurences0)::numeric)
        Rows Removed by Filter: 49899
        Buffers: shared hit=629, temp read=819 written=1173
        ->  HashAggregate  (cost=12683.82..12783.82 rows=10000 width=48) (actual rows=100000 loops=1)
              Group Key: t_events_0.occurences, t_events_0.event_type, t_events_0.business_id, avg(t_events_0.occurences) OVER (?)
              Batches: 5  Memory Usage: 4153kB  Disk Usage: 3784kB
              Buffers: shared hit=629, temp read=819 written=1173
              ->  WindowAgg  (cost=9933.82..11683.82 rows=100000 width=48) (actual rows=100000 loops=1)
                    Buffers: shared hit=629, temp read=364 written=366
                    ->  Sort  (cost=9933.82..10183.82 rows=100000 width=16) (actual rows=100000 loops=1)
                          Sort Key: t_events_0.event_type
                          Sort Method: external merge  Disk: 2912kB
                          Buffers: shared hit=629, temp read=364 written=366
                          ->  Seq Scan on events t_events_0  (cost=0.00..1629.00 rows=100000 width=16) (actual rows=100000 loops=1)
                                Buffers: shared hit=629
Planning Time: 0.133 ms
Execution Time: 276.264 ms",271.5556,271.918,275.2715,277.058,12952.99,12952.99,4995,4995,4995,4995
608,1126,8,Medium,"select e.business_id as business_id from schema_1126.events as e left join (select t_events_0.event_type as c_event_type0, avg(t_events_0.occurences) as c_avg0 from schema_1126.events as t_events_0 group by t_events_0.event_type) as x on e.event_type = x.c_event_type0 where x.c_avg0 < e.occurences group by e.business_id having 1 < count(e.event_type)",73.431,4258.46,4995,"HashAggregate  (cost=4196.03..4258.46 rows=1665 width=4) (actual rows=4995 loops=1)
  Group Key: e.business_id
  Filter: (1 < count(e.event_type))
  Batches: 1  Memory Usage: 721kB
  Rows Removed by Filter: 4
  Buffers: shared hit=1258
  ->  Hash Join  (cost=2132.50..4029.37 rows=33333 width=12) (actual rows=50101 loops=1)
        Hash Cond: ((e.event_type)::text = (t_events_0.event_type)::text)
        Join Filter: ((avg(t_events_0.occurences)) < (e.occurences)::numeric)
        Rows Removed by Join Filter: 49899
        Buffers: shared hit=1258
        ->  Seq Scan on events e  (cost=0.00..1629.00 rows=100000 width=16) (actual rows=100000 loops=1)
              Buffers: shared hit=629
        ->  Hash  (cost=2131.25..2131.25 rows=100 width=40) (actual rows=100 loops=1)
              Buckets: 1024  Batches: 1  Memory Usage: 14kB
              Buffers: shared hit=629
              ->  HashAggregate  (cost=2129.00..2130.25 rows=100 width=40) (actual rows=100 loops=1)
                    Group Key: t_events_0.event_type
                    Batches: 1  Memory Usage: 32kB
                    Buffers: shared hit=629
                    ->  Seq Scan on events t_events_0  (cost=0.00..1629.00 rows=100000 width=12) (actual rows=100000 loops=1)
                          Buffers: shared hit=629
Planning Time: 0.267 ms
Execution Time: 73.431 ms",78.197,4258.46,4995,"HashAggregate  (cost=4196.03..4258.46 rows=1665 width=4) (actual rows=4995 loops=1)
  Group Key: e.business_id
  Filter: (1 < count(e.event_type))
  Batches: 1  Memory Usage: 721kB
  Rows Removed by Filter: 4
  Buffers: shared hit=1258
  ->  Hash Join  (cost=2132.50..4029.37 rows=33333 width=12) (actual rows=50101 loops=1)
        Hash Cond: ((e.event_type)::text = (t_events_0.event_type)::text)
        Join Filter: ((avg(t_events_0.occurences)) < (e.occurences)::numeric)
        Rows Removed by Join Filter: 49899
        Buffers: shared hit=1258
        ->  Seq Scan on events e  (cost=0.00..1629.00 rows=100000 width=16) (actual rows=100000 loops=1)
              Buffers: shared hit=629
        ->  Hash  (cost=2131.25..2131.25 rows=100 width=40) (actual rows=100 loops=1)
              Buckets: 1024  Batches: 1  Memory Usage: 14kB
              Buffers: shared hit=629
              ->  HashAggregate  (cost=2129.00..2130.25 rows=100 width=40) (actual rows=100 loops=1)
                    Group Key: t_events_0.event_type
                    Batches: 1  Memory Usage: 32kB
                    Buffers: shared hit=629
                    ->  Seq Scan on events t_events_0  (cost=0.00..1629.00 rows=100000 width=12) (actual rows=100000 loops=1)
                          Buffers: shared hit=629
Planning Time: 0.382 ms
Execution Time: 78.197 ms",78.734,4258.46,4995,"HashAggregate  (cost=4196.03..4258.46 rows=1665 width=4) (actual rows=4995 loops=1)
  Group Key: e.business_id
  Filter: (1 < count(e.event_type))
  Batches: 1  Memory Usage: 721kB
  Rows Removed by Filter: 4
  Buffers: shared hit=1258
  ->  Hash Join  (cost=2132.50..4029.37 rows=33333 width=12) (actual rows=50101 loops=1)
        Hash Cond: ((e.event_type)::text = (t_events_0.event_type)::text)
        Join Filter: ((avg(t_events_0.occurences)) < (e.occurences)::numeric)
        Rows Removed by Join Filter: 49899
        Buffers: shared hit=1258
        ->  Seq Scan on events e  (cost=0.00..1629.00 rows=100000 width=16) (actual rows=100000 loops=1)
              Buffers: shared hit=629
        ->  Hash  (cost=2131.25..2131.25 rows=100 width=40) (actual rows=100 loops=1)
              Buckets: 1024  Batches: 1  Memory Usage: 14kB
              Buffers: shared hit=629
              ->  HashAggregate  (cost=2129.00..2130.25 rows=100 width=40) (actual rows=100 loops=1)
                    Group Key: t_events_0.event_type
                    Batches: 1  Memory Usage: 32kB
                    Buffers: shared hit=629
                    ->  Seq Scan on events t_events_0  (cost=0.00..1629.00 rows=100000 width=12) (actual rows=100000 loops=1)
                          Buffers: shared hit=629
Planning Time: 0.262 ms
Execution Time: 78.734 ms",84.144,4258.46,4995,"HashAggregate  (cost=4196.03..4258.46 rows=1665 width=4) (actual rows=4995 loops=1)
  Group Key: e.business_id
  Filter: (1 < count(e.event_type))
  Batches: 1  Memory Usage: 721kB
  Rows Removed by Filter: 4
  Buffers: shared hit=1258
  ->  Hash Join  (cost=2132.50..4029.37 rows=33333 width=12) (actual rows=50101 loops=1)
        Hash Cond: ((e.event_type)::text = (t_events_0.event_type)::text)
        Join Filter: ((avg(t_events_0.occurences)) < (e.occurences)::numeric)
        Rows Removed by Join Filter: 49899
        Buffers: shared hit=1258
        ->  Seq Scan on events e  (cost=0.00..1629.00 rows=100000 width=16) (actual rows=100000 loops=1)
              Buffers: shared hit=629
        ->  Hash  (cost=2131.25..2131.25 rows=100 width=40) (actual rows=100 loops=1)
              Buckets: 1024  Batches: 1  Memory Usage: 14kB
              Buffers: shared hit=629
              ->  HashAggregate  (cost=2129.00..2130.25 rows=100 width=40) (actual rows=100 loops=1)
                    Group Key: t_events_0.event_type
                    Batches: 1  Memory Usage: 32kB
                    Buffers: shared hit=629
                    ->  Seq Scan on events t_events_0  (cost=0.00..1629.00 rows=100000 width=12) (actual rows=100000 loops=1)
                          Buffers: shared hit=629
Planning Time: 0.292 ms
Execution Time: 84.144 ms",78.673,4258.46,4995,"HashAggregate  (cost=4196.03..4258.46 rows=1665 width=4) (actual rows=4995 loops=1)
  Group Key: e.business_id
  Filter: (1 < count(e.event_type))
  Batches: 1  Memory Usage: 721kB
  Rows Removed by Filter: 4
  Buffers: shared hit=1258
  ->  Hash Join  (cost=2132.50..4029.37 rows=33333 width=12) (actual rows=50101 loops=1)
        Hash Cond: ((e.event_type)::text = (t_events_0.event_type)::text)
        Join Filter: ((avg(t_events_0.occurences)) < (e.occurences)::numeric)
        Rows Removed by Join Filter: 49899
        Buffers: shared hit=1258
        ->  Seq Scan on events e  (cost=0.00..1629.00 rows=100000 width=16) (actual rows=100000 loops=1)
              Buffers: shared hit=629
        ->  Hash  (cost=2131.25..2131.25 rows=100 width=40) (actual rows=100 loops=1)
              Buckets: 1024  Batches: 1  Memory Usage: 14kB
              Buffers: shared hit=629
              ->  HashAggregate  (cost=2129.00..2130.25 rows=100 width=40) (actual rows=100 loops=1)
                    Group Key: t_events_0.event_type
                    Batches: 1  Memory Usage: 32kB
                    Buffers: shared hit=629
                    ->  Seq Scan on events t_events_0  (cost=0.00..1629.00 rows=100000 width=12) (actual rows=100000 loops=1)
                          Buffers: shared hit=629
Planning Time: 0.316 ms
Execution Time: 78.673 ms",78.6358,78.673,81.439,86.308,4258.46,4258.46,4995,4995,4995,4995
610,1126,10,Medium,"select e1.business_id as business_id from (select t_events_0.event_type as c_event_type0, avg(t_events_0.occurences) as c_avg0 from schema_1126.events as t_events_0 group by t_events_0.event_type) as e2 left join schema_1126.events as e1 on e2.c_avg0 < e1.occurences where e1.event_type = e2.c_event_type0 group by e1.business_id having 1 < count(e1.event_type)",71.783,4258.46,4995,"HashAggregate  (cost=4196.03..4258.46 rows=1665 width=4) (actual rows=4995 loops=1)
  Group Key: e1.business_id
  Filter: (1 < count(e1.event_type))
  Batches: 1  Memory Usage: 721kB
  Rows Removed by Filter: 4
  Buffers: shared hit=1258
  ->  Hash Join  (cost=2132.50..4029.37 rows=33333 width=12) (actual rows=50101 loops=1)
        Hash Cond: ((e1.event_type)::text = (e2.c_event_type0)::text)
        Join Filter: (e2.c_avg0 < (e1.occurences)::numeric)
        Rows Removed by Join Filter: 49899
        Buffers: shared hit=1258
        ->  Seq Scan on events e1  (cost=0.00..1629.00 rows=100000 width=16) (actual rows=100000 loops=1)
              Buffers: shared hit=629
        ->  Hash  (cost=2131.25..2131.25 rows=100 width=40) (actual rows=100 loops=1)
              Buckets: 1024  Batches: 1  Memory Usage: 14kB
              Buffers: shared hit=629
              ->  Subquery Scan on e2  (cost=2129.00..2131.25 rows=100 width=40) (actual rows=100 loops=1)
                    Buffers: shared hit=629
                    ->  HashAggregate  (cost=2129.00..2130.25 rows=100 width=40) (actual rows=100 loops=1)
                          Group Key: t_events_0.event_type
                          Batches: 1  Memory Usage: 32kB
                          Buffers: shared hit=629
                          ->  Seq Scan on events t_events_0  (cost=0.00..1629.00 rows=100000 width=12) (actual rows=100000 loops=1)
                                Buffers: shared hit=629
Planning Time: 0.150 ms
Execution Time: 71.783 ms",79.291,4258.46,4995,"HashAggregate  (cost=4196.03..4258.46 rows=1665 width=4) (actual rows=4995 loops=1)
  Group Key: e1.business_id
  Filter: (1 < count(e1.event_type))
  Batches: 1  Memory Usage: 721kB
  Rows Removed by Filter: 4
  Buffers: shared hit=1258
  ->  Hash Join  (cost=2132.50..4029.37 rows=33333 width=12) (actual rows=50101 loops=1)
        Hash Cond: ((e1.event_type)::text = (e2.c_event_type0)::text)
        Join Filter: (e2.c_avg0 < (e1.occurences)::numeric)
        Rows Removed by Join Filter: 49899
        Buffers: shared hit=1258
        ->  Seq Scan on events e1  (cost=0.00..1629.00 rows=100000 width=16) (actual rows=100000 loops=1)
              Buffers: shared hit=629
        ->  Hash  (cost=2131.25..2131.25 rows=100 width=40) (actual rows=100 loops=1)
              Buckets: 1024  Batches: 1  Memory Usage: 14kB
              Buffers: shared hit=629
              ->  Subquery Scan on e2  (cost=2129.00..2131.25 rows=100 width=40) (actual rows=100 loops=1)
                    Buffers: shared hit=629
                    ->  HashAggregate  (cost=2129.00..2130.25 rows=100 width=40) (actual rows=100 loops=1)
                          Group Key: t_events_0.event_type
                          Batches: 1  Memory Usage: 32kB
                          Buffers: shared hit=629
                          ->  Seq Scan on events t_events_0  (cost=0.00..1629.00 rows=100000 width=12) (actual rows=100000 loops=1)
                                Buffers: shared hit=629
Planning Time: 0.174 ms
Execution Time: 79.291 ms",77.408,4258.46,4995,"HashAggregate  (cost=4196.03..4258.46 rows=1665 width=4) (actual rows=4995 loops=1)
  Group Key: e1.business_id
  Filter: (1 < count(e1.event_type))
  Batches: 1  Memory Usage: 721kB
  Rows Removed by Filter: 4
  Buffers: shared hit=1258
  ->  Hash Join  (cost=2132.50..4029.37 rows=33333 width=12) (actual rows=50101 loops=1)
        Hash Cond: ((e1.event_type)::text = (e2.c_event_type0)::text)
        Join Filter: (e2.c_avg0 < (e1.occurences)::numeric)
        Rows Removed by Join Filter: 49899
        Buffers: shared hit=1258
        ->  Seq Scan on events e1  (cost=0.00..1629.00 rows=100000 width=16) (actual rows=100000 loops=1)
              Buffers: shared hit=629
        ->  Hash  (cost=2131.25..2131.25 rows=100 width=40) (actual rows=100 loops=1)
              Buckets: 1024  Batches: 1  Memory Usage: 14kB
              Buffers: shared hit=629
              ->  Subquery Scan on e2  (cost=2129.00..2131.25 rows=100 width=40) (actual rows=100 loops=1)
                    Buffers: shared hit=629
                    ->  HashAggregate  (cost=2129.00..2130.25 rows=100 width=40) (actual rows=100 loops=1)
                          Group Key: t_events_0.event_type
                          Batches: 1  Memory Usage: 32kB
                          Buffers: shared hit=629
                          ->  Seq Scan on events t_events_0  (cost=0.00..1629.00 rows=100000 width=12) (actual rows=100000 loops=1)
                                Buffers: shared hit=629
Planning Time: 0.222 ms
Execution Time: 77.408 ms",77.114,4258.46,4995,"HashAggregate  (cost=4196.03..4258.46 rows=1665 width=4) (actual rows=4995 loops=1)
  Group Key: e1.business_id
  Filter: (1 < count(e1.event_type))
  Batches: 1  Memory Usage: 721kB
  Rows Removed by Filter: 4
  Buffers: shared hit=1258
  ->  Hash Join  (cost=2132.50..4029.37 rows=33333 width=12) (actual rows=50101 loops=1)
        Hash Cond: ((e1.event_type)::text = (e2.c_event_type0)::text)
        Join Filter: (e2.c_avg0 < (e1.occurences)::numeric)
        Rows Removed by Join Filter: 49899
        Buffers: shared hit=1258
        ->  Seq Scan on events e1  (cost=0.00..1629.00 rows=100000 width=16) (actual rows=100000 loops=1)
              Buffers: shared hit=629
        ->  Hash  (cost=2131.25..2131.25 rows=100 width=40) (actual rows=100 loops=1)
              Buckets: 1024  Batches: 1  Memory Usage: 14kB
              Buffers: shared hit=629
              ->  Subquery Scan on e2  (cost=2129.00..2131.25 rows=100 width=40) (actual rows=100 loops=1)
                    Buffers: shared hit=629
                    ->  HashAggregate  (cost=2129.00..2130.25 rows=100 width=40) (actual rows=100 loops=1)
                          Group Key: t_events_0.event_type
                          Batches: 1  Memory Usage: 32kB
                          Buffers: shared hit=629
                          ->  Seq Scan on events t_events_0  (cost=0.00..1629.00 rows=100000 width=12) (actual rows=100000 loops=1)
                                Buffers: shared hit=629
Planning Time: 0.240 ms
Execution Time: 77.114 ms",77.766,4258.46,4995,"HashAggregate  (cost=4196.03..4258.46 rows=1665 width=4) (actual rows=4995 loops=1)
  Group Key: e1.business_id
  Filter: (1 < count(e1.event_type))
  Batches: 1  Memory Usage: 721kB
  Rows Removed by Filter: 4
  Buffers: shared hit=1258
  ->  Hash Join  (cost=2132.50..4029.37 rows=33333 width=12) (actual rows=50101 loops=1)
        Hash Cond: ((e1.event_type)::text = (e2.c_event_type0)::text)
        Join Filter: (e2.c_avg0 < (e1.occurences)::numeric)
        Rows Removed by Join Filter: 49899
        Buffers: shared hit=1258
        ->  Seq Scan on events e1  (cost=0.00..1629.00 rows=100000 width=16) (actual rows=100000 loops=1)
              Buffers: shared hit=629
        ->  Hash  (cost=2131.25..2131.25 rows=100 width=40) (actual rows=100 loops=1)
              Buckets: 1024  Batches: 1  Memory Usage: 14kB
              Buffers: shared hit=629
              ->  Subquery Scan on e2  (cost=2129.00..2131.25 rows=100 width=40) (actual rows=100 loops=1)
                    Buffers: shared hit=629
                    ->  HashAggregate  (cost=2129.00..2130.25 rows=100 width=40) (actual rows=100 loops=1)
                          Group Key: t_events_0.event_type
                          Batches: 1  Memory Usage: 32kB
                          Buffers: shared hit=629
                          ->  Seq Scan on events t_events_0  (cost=0.00..1629.00 rows=100000 width=12) (actual rows=100000 loops=1)
                                Buffers: shared hit=629
Planning Time: 0.204 ms
Execution Time: 77.766 ms",76.6724,77.408,78.5285,79.901,4258.46,4258.46,4995,4995,4995,4995
612,1126,13,Medium,"select t_cte_19.c_business_id0 as business_id from (select distinct t_events_0.occurences as c_occurences0, avg(t_events_0.occurences) over ( partition by t_events_0.event_type ) as c_0, t_events_0.business_id as c_business_id0, t_events_0.event_type as c_event_type0 from schema_1126.events as t_events_0) as t_cte_19 where t_cte_19.c_0 < t_cte_19.c_occurences0 group by t_cte_19.c_business_id0 having 1 < count(t_cte_19.c_event_type0)",263.871,12952.99,4995,"HashAggregate  (cost=12950.49..12952.99 rows=67 width=4) (actual rows=4995 loops=1)
  Group Key: t_cte_19.c_business_id0
  Filter: (1 < count(t_cte_19.c_event_type0))
  Batches: 1  Memory Usage: 737kB
  Rows Removed by Filter: 4
  Buffers: shared hit=629, temp read=821 written=1176
  ->  Subquery Scan on t_cte_19  (cost=12683.82..12933.82 rows=3333 width=12) (actual rows=50101 loops=1)
        Filter: (t_cte_19.c_0 < (t_cte_19.c_occurences0)::numeric)
        Rows Removed by Filter: 49899
        Buffers: shared hit=629, temp read=821 written=1176
        ->  HashAggregate  (cost=12683.82..12783.82 rows=10000 width=48) (actual rows=100000 loops=1)
              Group Key: t_events_0.occurences, avg(t_events_0.occurences) OVER (?), t_events_0.business_id, t_events_0.event_type
              Batches: 5  Memory Usage: 4153kB  Disk Usage: 3792kB
              Buffers: shared hit=629, temp read=821 written=1176
              ->  WindowAgg  (cost=9933.82..11683.82 rows=100000 width=48) (actual rows=100000 loops=1)
                    Buffers: shared hit=629, temp read=364 written=366
                    ->  Sort  (cost=9933.82..10183.82 rows=100000 width=16) (actual rows=100000 loops=1)
                          Sort Key: t_events_0.event_type
                          Sort Method: external merge  Disk: 2912kB
                          Buffers: shared hit=629, temp read=364 written=366
                          ->  Seq Scan on events t_events_0  (cost=0.00..1629.00 rows=100000 width=16) (actual rows=100000 loops=1)
                                Buffers: shared hit=629
Planning Time: 0.079 ms
Execution Time: 263.871 ms",272.273,12952.99,4995,"HashAggregate  (cost=12950.49..12952.99 rows=67 width=4) (actual rows=4995 loops=1)
  Group Key: t_cte_19.c_business_id0
  Filter: (1 < count(t_cte_19.c_event_type0))
  Batches: 1  Memory Usage: 737kB
  Rows Removed by Filter: 4
  Buffers: shared hit=629, temp read=821 written=1176
  ->  Subquery Scan on t_cte_19  (cost=12683.82..12933.82 rows=3333 width=12) (actual rows=50101 loops=1)
        Filter: (t_cte_19.c_0 < (t_cte_19.c_occurences0)::numeric)
        Rows Removed by Filter: 49899
        Buffers: shared hit=629, temp read=821 written=1176
        ->  HashAggregate  (cost=12683.82..12783.82 rows=10000 width=48) (actual rows=100000 loops=1)
              Group Key: t_events_0.occurences, avg(t_events_0.occurences) OVER (?), t_events_0.business_id, t_events_0.event_type
              Batches: 5  Memory Usage: 4153kB  Disk Usage: 3792kB
              Buffers: shared hit=629, temp read=821 written=1176
              ->  WindowAgg  (cost=9933.82..11683.82 rows=100000 width=48) (actual rows=100000 loops=1)
                    Buffers: shared hit=629, temp read=364 written=366
                    ->  Sort  (cost=9933.82..10183.82 rows=100000 width=16) (actual rows=100000 loops=1)
                          Sort Key: t_events_0.event_type
                          Sort Method: external merge  Disk: 2912kB
                          Buffers: shared hit=629, temp read=364 written=366
                          ->  Seq Scan on events t_events_0  (cost=0.00..1629.00 rows=100000 width=16) (actual rows=100000 loops=1)
                                Buffers: shared hit=629
Planning Time: 0.118 ms
Execution Time: 272.273 ms",272.14,12952.99,4995,"HashAggregate  (cost=12950.49..12952.99 rows=67 width=4) (actual rows=4995 loops=1)
  Group Key: t_cte_19.c_business_id0
  Filter: (1 < count(t_cte_19.c_event_type0))
  Batches: 1  Memory Usage: 737kB
  Rows Removed by Filter: 4
  Buffers: shared hit=629, temp read=821 written=1176
  ->  Subquery Scan on t_cte_19  (cost=12683.82..12933.82 rows=3333 width=12) (actual rows=50101 loops=1)
        Filter: (t_cte_19.c_0 < (t_cte_19.c_occurences0)::numeric)
        Rows Removed by Filter: 49899
        Buffers: shared hit=629, temp read=821 written=1176
        ->  HashAggregate  (cost=12683.82..12783.82 rows=10000 width=48) (actual rows=100000 loops=1)
              Group Key: t_events_0.occurences, avg(t_events_0.occurences) OVER (?), t_events_0.business_id, t_events_0.event_type
              Batches: 5  Memory Usage: 4153kB  Disk Usage: 3792kB
              Buffers: shared hit=629, temp read=821 written=1176
              ->  WindowAgg  (cost=9933.82..11683.82 rows=100000 width=48) (actual rows=100000 loops=1)
                    Buffers: shared hit=629, temp read=364 written=366
                    ->  Sort  (cost=9933.82..10183.82 rows=100000 width=16) (actual rows=100000 loops=1)
                          Sort Key: t_events_0.event_type
                          Sort Method: external merge  Disk: 2912kB
                          Buffers: shared hit=629, temp read=364 written=366
                          ->  Seq Scan on events t_events_0  (cost=0.00..1629.00 rows=100000 width=16) (actual rows=100000 loops=1)
                                Buffers: shared hit=629
Planning Time: 0.088 ms
Execution Time: 272.140 ms",274.004,12952.99,4995,"HashAggregate  (cost=12950.49..12952.99 rows=67 width=4) (actual rows=4995 loops=1)
  Group Key: t_cte_19.c_business_id0
  Filter: (1 < count(t_cte_19.c_event_type0))
  Batches: 1  Memory Usage: 737kB
  Rows Removed by Filter: 4
  Buffers: shared hit=629, temp read=821 written=1176
  ->  Subquery Scan on t_cte_19  (cost=12683.82..12933.82 rows=3333 width=12) (actual rows=50101 loops=1)
        Filter: (t_cte_19.c_0 < (t_cte_19.c_occurences0)::numeric)
        Rows Removed by Filter: 49899
        Buffers: shared hit=629, temp read=821 written=1176
        ->  HashAggregate  (cost=12683.82..12783.82 rows=10000 width=48) (actual rows=100000 loops=1)
              Group Key: t_events_0.occurences, avg(t_events_0.occurences) OVER (?), t_events_0.business_id, t_events_0.event_type
              Batches: 5  Memory Usage: 4153kB  Disk Usage: 3792kB
              Buffers: shared hit=629, temp read=821 written=1176
              ->  WindowAgg  (cost=9933.82..11683.82 rows=100000 width=48) (actual rows=100000 loops=1)
                    Buffers: shared hit=629, temp read=364 written=366
                    ->  Sort  (cost=9933.82..10183.82 rows=100000 width=16) (actual rows=100000 loops=1)
                          Sort Key: t_events_0.event_type
                          Sort Method: external merge  Disk: 2912kB
                          Buffers: shared hit=629, temp read=364 written=366
                          ->  Seq Scan on events t_events_0  (cost=0.00..1629.00 rows=100000 width=16) (actual rows=100000 loops=1)
                                Buffers: shared hit=629
Planning Time: 0.106 ms
Execution Time: 274.004 ms",274.653,12952.99,4995,"HashAggregate  (cost=12950.49..12952.99 rows=67 width=4) (actual rows=4995 loops=1)
  Group Key: t_cte_19.c_business_id0
  Filter: (1 < count(t_cte_19.c_event_type0))
  Batches: 1  Memory Usage: 737kB
  Rows Removed by Filter: 4
  Buffers: shared hit=629, temp read=821 written=1176
  ->  Subquery Scan on t_cte_19  (cost=12683.82..12933.82 rows=3333 width=12) (actual rows=50101 loops=1)
        Filter: (t_cte_19.c_0 < (t_cte_19.c_occurences0)::numeric)
        Rows Removed by Filter: 49899
        Buffers: shared hit=629, temp read=821 written=1176
        ->  HashAggregate  (cost=12683.82..12783.82 rows=10000 width=48) (actual rows=100000 loops=1)
              Group Key: t_events_0.occurences, avg(t_events_0.occurences) OVER (?), t_events_0.business_id, t_events_0.event_type
              Batches: 5  Memory Usage: 4153kB  Disk Usage: 3792kB
              Buffers: shared hit=629, temp read=821 written=1176
              ->  WindowAgg  (cost=9933.82..11683.82 rows=100000 width=48) (actual rows=100000 loops=1)
                    Buffers: shared hit=629, temp read=364 written=366
                    ->  Sort  (cost=9933.82..10183.82 rows=100000 width=16) (actual rows=100000 loops=1)
                          Sort Key: t_events_0.event_type
                          Sort Method: external merge  Disk: 2912kB
                          Buffers: shared hit=629, temp read=364 written=366
                          ->  Seq Scan on events t_events_0  (cost=0.00..1629.00 rows=100000 width=16) (actual rows=100000 loops=1)
                                Buffers: shared hit=629
Planning Time: 0.113 ms
Execution Time: 274.653 ms",271.3882,272.273,274.3285,274.9126,12952.99,12952.99,4995,4995,4995,4995
614,1126,17,Medium,"select t_cte_29.c_business_id0 as business_id from (select t_events_0.event_type as c_event_type0, avg(t_events_0.occurences) as c_avg0 from schema_1126.events as t_events_0 group by t_events_0.event_type) as t_cte_37 left join (select a.business_id as c_business_id0, a.occurences as c_occurences0, a.event_type as c_event_type1 from schema_1126.events as a) as t_cte_29 on t_cte_37.c_avg0 < t_cte_29.c_occurences0 where t_cte_29.c_event_type1 = t_cte_37.c_event_type0 group by t_cte_29.c_business_id0 having 1 < count(t_cte_29.c_event_type1)",70.87,4258.46,4995,"HashAggregate  (cost=4196.03..4258.46 rows=1665 width=4) (actual rows=4995 loops=1)
  Group Key: a.business_id
  Filter: (1 < count(a.event_type))
  Batches: 1  Memory Usage: 721kB
  Rows Removed by Filter: 4
  Buffers: shared hit=1258
  ->  Hash Join  (cost=2132.50..4029.37 rows=33333 width=12) (actual rows=50101 loops=1)
        Hash Cond: ((a.event_type)::text = (t_cte_37.c_event_type0)::text)
        Join Filter: (t_cte_37.c_avg0 < (a.occurences)::numeric)
        Rows Removed by Join Filter: 49899
        Buffers: shared hit=1258
        ->  Seq Scan on events a  (cost=0.00..1629.00 rows=100000 width=16) (actual rows=100000 loops=1)
              Buffers: shared hit=629
        ->  Hash  (cost=2131.25..2131.25 rows=100 width=40) (actual rows=100 loops=1)
              Buckets: 1024  Batches: 1  Memory Usage: 14kB
              Buffers: shared hit=629
              ->  Subquery Scan on t_cte_37  (cost=2129.00..2131.25 rows=100 width=40) (actual rows=100 loops=1)
                    Buffers: shared hit=629
                    ->  HashAggregate  (cost=2129.00..2130.25 rows=100 width=40) (actual rows=100 loops=1)
                          Group Key: t_events_0.event_type
                          Batches: 1  Memory Usage: 32kB
                          Buffers: shared hit=629
                          ->  Seq Scan on events t_events_0  (cost=0.00..1629.00 rows=100000 width=12) (actual rows=100000 loops=1)
                                Buffers: shared hit=629
Planning Time: 0.157 ms
Execution Time: 70.870 ms",82.303,4258.46,4995,"HashAggregate  (cost=4196.03..4258.46 rows=1665 width=4) (actual rows=4995 loops=1)
  Group Key: a.business_id
  Filter: (1 < count(a.event_type))
  Batches: 1  Memory Usage: 721kB
  Rows Removed by Filter: 4
  Buffers: shared hit=1258
  ->  Hash Join  (cost=2132.50..4029.37 rows=33333 width=12) (actual rows=50101 loops=1)
        Hash Cond: ((a.event_type)::text = (t_cte_37.c_event_type0)::text)
        Join Filter: (t_cte_37.c_avg0 < (a.occurences)::numeric)
        Rows Removed by Join Filter: 49899
        Buffers: shared hit=1258
        ->  Seq Scan on events a  (cost=0.00..1629.00 rows=100000 width=16) (actual rows=100000 loops=1)
              Buffers: shared hit=629
        ->  Hash  (cost=2131.25..2131.25 rows=100 width=40) (actual rows=100 loops=1)
              Buckets: 1024  Batches: 1  Memory Usage: 14kB
              Buffers: shared hit=629
              ->  Subquery Scan on t_cte_37  (cost=2129.00..2131.25 rows=100 width=40) (actual rows=100 loops=1)
                    Buffers: shared hit=629
                    ->  HashAggregate  (cost=2129.00..2130.25 rows=100 width=40) (actual rows=100 loops=1)
                          Group Key: t_events_0.event_type
                          Batches: 1  Memory Usage: 32kB
                          Buffers: shared hit=629
                          ->  Seq Scan on events t_events_0  (cost=0.00..1629.00 rows=100000 width=12) (actual rows=100000 loops=1)
                                Buffers: shared hit=629
Planning Time: 0.217 ms
Execution Time: 82.303 ms",76.966,4258.46,4995,"HashAggregate  (cost=4196.03..4258.46 rows=1665 width=4) (actual rows=4995 loops=1)
  Group Key: a.business_id
  Filter: (1 < count(a.event_type))
  Batches: 1  Memory Usage: 721kB
  Rows Removed by Filter: 4
  Buffers: shared hit=1258
  ->  Hash Join  (cost=2132.50..4029.37 rows=33333 width=12) (actual rows=50101 loops=1)
        Hash Cond: ((a.event_type)::text = (t_cte_37.c_event_type0)::text)
        Join Filter: (t_cte_37.c_avg0 < (a.occurences)::numeric)
        Rows Removed by Join Filter: 49899
        Buffers: shared hit=1258
        ->  Seq Scan on events a  (cost=0.00..1629.00 rows=100000 width=16) (actual rows=100000 loops=1)
              Buffers: shared hit=629
        ->  Hash  (cost=2131.25..2131.25 rows=100 width=40) (actual rows=100 loops=1)
              Buckets: 1024  Batches: 1  Memory Usage: 14kB
              Buffers: shared hit=629
              ->  Subquery Scan on t_cte_37  (cost=2129.00..2131.25 rows=100 width=40) (actual rows=100 loops=1)
                    Buffers: shared hit=629
                    ->  HashAggregate  (cost=2129.00..2130.25 rows=100 width=40) (actual rows=100 loops=1)
                          Group Key: t_events_0.event_type
                          Batches: 1  Memory Usage: 32kB
                          Buffers: shared hit=629
                          ->  Seq Scan on events t_events_0  (cost=0.00..1629.00 rows=100000 width=12) (actual rows=100000 loops=1)
                                Buffers: shared hit=629
Planning Time: 0.241 ms
Execution Time: 76.966 ms",77.346,4258.46,4995,"HashAggregate  (cost=4196.03..4258.46 rows=1665 width=4) (actual rows=4995 loops=1)
  Group Key: a.business_id
  Filter: (1 < count(a.event_type))
  Batches: 1  Memory Usage: 721kB
  Rows Removed by Filter: 4
  Buffers: shared hit=1258
  ->  Hash Join  (cost=2132.50..4029.37 rows=33333 width=12) (actual rows=50101 loops=1)
        Hash Cond: ((a.event_type)::text = (t_cte_37.c_event_type0)::text)
        Join Filter: (t_cte_37.c_avg0 < (a.occurences)::numeric)
        Rows Removed by Join Filter: 49899
        Buffers: shared hit=1258
        ->  Seq Scan on events a  (cost=0.00..1629.00 rows=100000 width=16) (actual rows=100000 loops=1)
              Buffers: shared hit=629
        ->  Hash  (cost=2131.25..2131.25 rows=100 width=40) (actual rows=100 loops=1)
              Buckets: 1024  Batches: 1  Memory Usage: 14kB
              Buffers: shared hit=629
              ->  Subquery Scan on t_cte_37  (cost=2129.00..2131.25 rows=100 width=40) (actual rows=100 loops=1)
                    Buffers: shared hit=629
                    ->  HashAggregate  (cost=2129.00..2130.25 rows=100 width=40) (actual rows=100 loops=1)
                          Group Key: t_events_0.event_type
                          Batches: 1  Memory Usage: 32kB
                          Buffers: shared hit=629
                          ->  Seq Scan on events t_events_0  (cost=0.00..1629.00 rows=100000 width=12) (actual rows=100000 loops=1)
                                Buffers: shared hit=629
Planning Time: 0.213 ms
Execution Time: 77.346 ms",79.572,4258.46,4995,"HashAggregate  (cost=4196.03..4258.46 rows=1665 width=4) (actual rows=4995 loops=1)
  Group Key: a.business_id
  Filter: (1 < count(a.event_type))
  Batches: 1  Memory Usage: 721kB
  Rows Removed by Filter: 4
  Buffers: shared hit=1258
  ->  Hash Join  (cost=2132.50..4029.37 rows=33333 width=12) (actual rows=50101 loops=1)
        Hash Cond: ((a.event_type)::text = (t_cte_37.c_event_type0)::text)
        Join Filter: (t_cte_37.c_avg0 < (a.occurences)::numeric)
        Rows Removed by Join Filter: 49899
        Buffers: shared hit=1258
        ->  Seq Scan on events a  (cost=0.00..1629.00 rows=100000 width=16) (actual rows=100000 loops=1)
              Buffers: shared hit=629
        ->  Hash  (cost=2131.25..2131.25 rows=100 width=40) (actual rows=100 loops=1)
              Buckets: 1024  Batches: 1  Memory Usage: 14kB
              Buffers: shared hit=629
              ->  Subquery Scan on t_cte_37  (cost=2129.00..2131.25 rows=100 width=40) (actual rows=100 loops=1)
                    Buffers: shared hit=629
                    ->  HashAggregate  (cost=2129.00..2130.25 rows=100 width=40) (actual rows=100 loops=1)
                          Group Key: t_events_0.event_type
                          Batches: 1  Memory Usage: 32kB
                          Buffers: shared hit=629
                          ->  Seq Scan on events t_events_0  (cost=0.00..1629.00 rows=100000 width=12) (actual rows=100000 loops=1)
                                Buffers: shared hit=629
Planning Time: 0.218 ms
Execution Time: 79.572 ms",77.4114,77.346,80.9375,83.3954,4258.46,4258.46,4995,4995,4995,4995
618,1126,40,Medium,"select e.business_id as business_id from schema_1126.events as e inner join (select t_events_0.event_type as c_event_type0, avg(t_events_0.occurences) as c_avg0 from schema_1126.events as t_events_0 group by t_events_0.event_type) as t on e.event_type = t.c_event_type0 and t.c_avg0 < e.occurences group by e.business_id having 1 < count(e.event_type)",82.446,4258.46,4995,"HashAggregate  (cost=4196.03..4258.46 rows=1665 width=4) (actual rows=4995 loops=1)
  Group Key: e.business_id
  Filter: (1 < count(e.event_type))
  Batches: 1  Memory Usage: 721kB
  Rows Removed by Filter: 4
  Buffers: shared hit=1258
  ->  Hash Join  (cost=2132.50..4029.37 rows=33333 width=12) (actual rows=50101 loops=1)
        Hash Cond: ((e.event_type)::text = (t_events_0.event_type)::text)
        Join Filter: ((avg(t_events_0.occurences)) < (e.occurences)::numeric)
        Rows Removed by Join Filter: 49899
        Buffers: shared hit=1258
        ->  Seq Scan on events e  (cost=0.00..1629.00 rows=100000 width=16) (actual rows=100000 loops=1)
              Buffers: shared hit=629
        ->  Hash  (cost=2131.25..2131.25 rows=100 width=40) (actual rows=100 loops=1)
              Buckets: 1024  Batches: 1  Memory Usage: 14kB
              Buffers: shared hit=629
              ->  HashAggregate  (cost=2129.00..2130.25 rows=100 width=40) (actual rows=100 loops=1)
                    Group Key: t_events_0.event_type
                    Batches: 1  Memory Usage: 32kB
                    Buffers: shared hit=629
                    ->  Seq Scan on events t_events_0  (cost=0.00..1629.00 rows=100000 width=12) (actual rows=100000 loops=1)
                          Buffers: shared hit=629
Planning Time: 0.168 ms
Execution Time: 82.446 ms",83.376,4258.46,4995,"HashAggregate  (cost=4196.03..4258.46 rows=1665 width=4) (actual rows=4995 loops=1)
  Group Key: e.business_id
  Filter: (1 < count(e.event_type))
  Batches: 1  Memory Usage: 721kB
  Rows Removed by Filter: 4
  Buffers: shared hit=1258
  ->  Hash Join  (cost=2132.50..4029.37 rows=33333 width=12) (actual rows=50101 loops=1)
        Hash Cond: ((e.event_type)::text = (t_events_0.event_type)::text)
        Join Filter: ((avg(t_events_0.occurences)) < (e.occurences)::numeric)
        Rows Removed by Join Filter: 49899
        Buffers: shared hit=1258
        ->  Seq Scan on events e  (cost=0.00..1629.00 rows=100000 width=16) (actual rows=100000 loops=1)
              Buffers: shared hit=629
        ->  Hash  (cost=2131.25..2131.25 rows=100 width=40) (actual rows=100 loops=1)
              Buckets: 1024  Batches: 1  Memory Usage: 14kB
              Buffers: shared hit=629
              ->  HashAggregate  (cost=2129.00..2130.25 rows=100 width=40) (actual rows=100 loops=1)
                    Group Key: t_events_0.event_type
                    Batches: 1  Memory Usage: 32kB
                    Buffers: shared hit=629
                    ->  Seq Scan on events t_events_0  (cost=0.00..1629.00 rows=100000 width=12) (actual rows=100000 loops=1)
                          Buffers: shared hit=629
Planning Time: 0.264 ms
Execution Time: 83.376 ms",76.256,4258.46,4995,"HashAggregate  (cost=4196.03..4258.46 rows=1665 width=4) (actual rows=4995 loops=1)
  Group Key: e.business_id
  Filter: (1 < count(e.event_type))
  Batches: 1  Memory Usage: 721kB
  Rows Removed by Filter: 4
  Buffers: shared hit=1258
  ->  Hash Join  (cost=2132.50..4029.37 rows=33333 width=12) (actual rows=50101 loops=1)
        Hash Cond: ((e.event_type)::text = (t_events_0.event_type)::text)
        Join Filter: ((avg(t_events_0.occurences)) < (e.occurences)::numeric)
        Rows Removed by Join Filter: 49899
        Buffers: shared hit=1258
        ->  Seq Scan on events e  (cost=0.00..1629.00 rows=100000 width=16) (actual rows=100000 loops=1)
              Buffers: shared hit=629
        ->  Hash  (cost=2131.25..2131.25 rows=100 width=40) (actual rows=100 loops=1)
              Buckets: 1024  Batches: 1  Memory Usage: 14kB
              Buffers: shared hit=629
              ->  HashAggregate  (cost=2129.00..2130.25 rows=100 width=40) (actual rows=100 loops=1)
                    Group Key: t_events_0.event_type
                    Batches: 1  Memory Usage: 32kB
                    Buffers: shared hit=629
                    ->  Seq Scan on events t_events_0  (cost=0.00..1629.00 rows=100000 width=12) (actual rows=100000 loops=1)
                          Buffers: shared hit=629
Planning Time: 0.383 ms
Execution Time: 76.256 ms",78.109,4258.46,4995,"HashAggregate  (cost=4196.03..4258.46 rows=1665 width=4) (actual rows=4995 loops=1)
  Group Key: e.business_id
  Filter: (1 < count(e.event_type))
  Batches: 1  Memory Usage: 721kB
  Rows Removed by Filter: 4
  Buffers: shared hit=1258
  ->  Hash Join  (cost=2132.50..4029.37 rows=33333 width=12) (actual rows=50101 loops=1)
        Hash Cond: ((e.event_type)::text = (t_events_0.event_type)::text)
        Join Filter: ((avg(t_events_0.occurences)) < (e.occurences)::numeric)
        Rows Removed by Join Filter: 49899
        Buffers: shared hit=1258
        ->  Seq Scan on events e  (cost=0.00..1629.00 rows=100000 width=16) (actual rows=100000 loops=1)
              Buffers: shared hit=629
        ->  Hash  (cost=2131.25..2131.25 rows=100 width=40) (actual rows=100 loops=1)
              Buckets: 1024  Batches: 1  Memory Usage: 14kB
              Buffers: shared hit=629
              ->  HashAggregate  (cost=2129.00..2130.25 rows=100 width=40) (actual rows=100 loops=1)
                    Group Key: t_events_0.event_type
                    Batches: 1  Memory Usage: 32kB
                    Buffers: shared hit=629
                    ->  Seq Scan on events t_events_0  (cost=0.00..1629.00 rows=100000 width=12) (actual rows=100000 loops=1)
                          Buffers: shared hit=629
Planning Time: 0.300 ms
Execution Time: 78.109 ms",120.881,4258.46,4995,"HashAggregate  (cost=4196.03..4258.46 rows=1665 width=4) (actual rows=4995 loops=1)
  Group Key: e.business_id
  Filter: (1 < count(e.event_type))
  Batches: 1  Memory Usage: 721kB
  Rows Removed by Filter: 4
  Buffers: shared hit=1258
  ->  Hash Join  (cost=2132.50..4029.37 rows=33333 width=12) (actual rows=50101 loops=1)
        Hash Cond: ((e.event_type)::text = (t_events_0.event_type)::text)
        Join Filter: ((avg(t_events_0.occurences)) < (e.occurences)::numeric)
        Rows Removed by Join Filter: 49899
        Buffers: shared hit=1258
        ->  Seq Scan on events e  (cost=0.00..1629.00 rows=100000 width=16) (actual rows=100000 loops=1)
              Buffers: shared hit=629
        ->  Hash  (cost=2131.25..2131.25 rows=100 width=40) (actual rows=100 loops=1)
              Buckets: 1024  Batches: 1  Memory Usage: 14kB
              Buffers: shared hit=629
              ->  HashAggregate  (cost=2129.00..2130.25 rows=100 width=40) (actual rows=100 loops=1)
                    Group Key: t_events_0.event_type
                    Batches: 1  Memory Usage: 32kB
                    Buffers: shared hit=629
                    ->  Seq Scan on events t_events_0  (cost=0.00..1629.00 rows=100000 width=12) (actual rows=100000 loops=1)
                          Buffers: shared hit=629
Planning Time: 0.300 ms
Execution Time: 120.881 ms",88.2136,82.446,102.1285,135.883,4258.46,4258.46,4995,4995,4995,4995
622,1126,46,Medium,"select e.business_id as business_id from schema_1126.events as e inner join (select t_events_0.event_type as c_event_type0, avg(t_events_0.occurences) as c_avg0 from schema_1126.events as t_events_0 group by t_events_0.event_type) as m on e.event_type = m.c_event_type0 where m.c_avg0 < e.occurences group by e.business_id having 1 < count(e.event_type)",71.899,4258.46,4995,"HashAggregate  (cost=4196.03..4258.46 rows=1665 width=4) (actual rows=4995 loops=1)
  Group Key: e.business_id
  Filter: (1 < count(e.event_type))
  Batches: 1  Memory Usage: 721kB
  Rows Removed by Filter: 4
  Buffers: shared hit=1258
  ->  Hash Join  (cost=2132.50..4029.37 rows=33333 width=12) (actual rows=50101 loops=1)
        Hash Cond: ((e.event_type)::text = (t_events_0.event_type)::text)
        Join Filter: ((avg(t_events_0.occurences)) < (e.occurences)::numeric)
        Rows Removed by Join Filter: 49899
        Buffers: shared hit=1258
        ->  Seq Scan on events e  (cost=0.00..1629.00 rows=100000 width=16) (actual rows=100000 loops=1)
              Buffers: shared hit=629
        ->  Hash  (cost=2131.25..2131.25 rows=100 width=40) (actual rows=100 loops=1)
              Buckets: 1024  Batches: 1  Memory Usage: 14kB
              Buffers: shared hit=629
              ->  HashAggregate  (cost=2129.00..2130.25 rows=100 width=40) (actual rows=100 loops=1)
                    Group Key: t_events_0.event_type
                    Batches: 1  Memory Usage: 32kB
                    Buffers: shared hit=629
                    ->  Seq Scan on events t_events_0  (cost=0.00..1629.00 rows=100000 width=12) (actual rows=100000 loops=1)
                          Buffers: shared hit=629
Planning Time: 0.176 ms
Execution Time: 71.899 ms",75.11,4258.46,4995,"HashAggregate  (cost=4196.03..4258.46 rows=1665 width=4) (actual rows=4995 loops=1)
  Group Key: e.business_id
  Filter: (1 < count(e.event_type))
  Batches: 1  Memory Usage: 721kB
  Rows Removed by Filter: 4
  Buffers: shared hit=1258
  ->  Hash Join  (cost=2132.50..4029.37 rows=33333 width=12) (actual rows=50101 loops=1)
        Hash Cond: ((e.event_type)::text = (t_events_0.event_type)::text)
        Join Filter: ((avg(t_events_0.occurences)) < (e.occurences)::numeric)
        Rows Removed by Join Filter: 49899
        Buffers: shared hit=1258
        ->  Seq Scan on events e  (cost=0.00..1629.00 rows=100000 width=16) (actual rows=100000 loops=1)
              Buffers: shared hit=629
        ->  Hash  (cost=2131.25..2131.25 rows=100 width=40) (actual rows=100 loops=1)
              Buckets: 1024  Batches: 1  Memory Usage: 14kB
              Buffers: shared hit=629
              ->  HashAggregate  (cost=2129.00..2130.25 rows=100 width=40) (actual rows=100 loops=1)
                    Group Key: t_events_0.event_type
                    Batches: 1  Memory Usage: 32kB
                    Buffers: shared hit=629
                    ->  Seq Scan on events t_events_0  (cost=0.00..1629.00 rows=100000 width=12) (actual rows=100000 loops=1)
                          Buffers: shared hit=629
Planning Time: 0.235 ms
Execution Time: 75.110 ms",77.196,4258.46,4995,"HashAggregate  (cost=4196.03..4258.46 rows=1665 width=4) (actual rows=4995 loops=1)
  Group Key: e.business_id
  Filter: (1 < count(e.event_type))
  Batches: 1  Memory Usage: 721kB
  Rows Removed by Filter: 4
  Buffers: shared hit=1258
  ->  Hash Join  (cost=2132.50..4029.37 rows=33333 width=12) (actual rows=50101 loops=1)
        Hash Cond: ((e.event_type)::text = (t_events_0.event_type)::text)
        Join Filter: ((avg(t_events_0.occurences)) < (e.occurences)::numeric)
        Rows Removed by Join Filter: 49899
        Buffers: shared hit=1258
        ->  Seq Scan on events e  (cost=0.00..1629.00 rows=100000 width=16) (actual rows=100000 loops=1)
              Buffers: shared hit=629
        ->  Hash  (cost=2131.25..2131.25 rows=100 width=40) (actual rows=100 loops=1)
              Buckets: 1024  Batches: 1  Memory Usage: 14kB
              Buffers: shared hit=629
              ->  HashAggregate  (cost=2129.00..2130.25 rows=100 width=40) (actual rows=100 loops=1)
                    Group Key: t_events_0.event_type
                    Batches: 1  Memory Usage: 32kB
                    Buffers: shared hit=629
                    ->  Seq Scan on events t_events_0  (cost=0.00..1629.00 rows=100000 width=12) (actual rows=100000 loops=1)
                          Buffers: shared hit=629
Planning Time: 0.363 ms
Execution Time: 77.196 ms",78.773,4258.46,4995,"HashAggregate  (cost=4196.03..4258.46 rows=1665 width=4) (actual rows=4995 loops=1)
  Group Key: e.business_id
  Filter: (1 < count(e.event_type))
  Batches: 1  Memory Usage: 721kB
  Rows Removed by Filter: 4
  Buffers: shared hit=1258
  ->  Hash Join  (cost=2132.50..4029.37 rows=33333 width=12) (actual rows=50101 loops=1)
        Hash Cond: ((e.event_type)::text = (t_events_0.event_type)::text)
        Join Filter: ((avg(t_events_0.occurences)) < (e.occurences)::numeric)
        Rows Removed by Join Filter: 49899
        Buffers: shared hit=1258
        ->  Seq Scan on events e  (cost=0.00..1629.00 rows=100000 width=16) (actual rows=100000 loops=1)
              Buffers: shared hit=629
        ->  Hash  (cost=2131.25..2131.25 rows=100 width=40) (actual rows=100 loops=1)
              Buckets: 1024  Batches: 1  Memory Usage: 14kB
              Buffers: shared hit=629
              ->  HashAggregate  (cost=2129.00..2130.25 rows=100 width=40) (actual rows=100 loops=1)
                    Group Key: t_events_0.event_type
                    Batches: 1  Memory Usage: 32kB
                    Buffers: shared hit=629
                    ->  Seq Scan on events t_events_0  (cost=0.00..1629.00 rows=100000 width=12) (actual rows=100000 loops=1)
                          Buffers: shared hit=629
Planning Time: 0.296 ms
Execution Time: 78.773 ms",79.619,4258.46,4995,"HashAggregate  (cost=4196.03..4258.46 rows=1665 width=4) (actual rows=4995 loops=1)
  Group Key: e.business_id
  Filter: (1 < count(e.event_type))
  Batches: 1  Memory Usage: 721kB
  Rows Removed by Filter: 4
  Buffers: shared hit=1258
  ->  Hash Join  (cost=2132.50..4029.37 rows=33333 width=12) (actual rows=50101 loops=1)
        Hash Cond: ((e.event_type)::text = (t_events_0.event_type)::text)
        Join Filter: ((avg(t_events_0.occurences)) < (e.occurences)::numeric)
        Rows Removed by Join Filter: 49899
        Buffers: shared hit=1258
        ->  Seq Scan on events e  (cost=0.00..1629.00 rows=100000 width=16) (actual rows=100000 loops=1)
              Buffers: shared hit=629
        ->  Hash  (cost=2131.25..2131.25 rows=100 width=40) (actual rows=100 loops=1)
              Buckets: 1024  Batches: 1  Memory Usage: 14kB
              Buffers: shared hit=629
              ->  HashAggregate  (cost=2129.00..2130.25 rows=100 width=40) (actual rows=100 loops=1)
                    Group Key: t_events_0.event_type
                    Batches: 1  Memory Usage: 32kB
                    Buffers: shared hit=629
                    ->  Seq Scan on events t_events_0  (cost=0.00..1629.00 rows=100000 width=12) (actual rows=100000 loops=1)
                          Buffers: shared hit=629
Planning Time: 0.279 ms
Execution Time: 79.619 ms",76.5194,77.196,79.196,79.9574,4258.46,4258.46,4995,4995,4995,4995
623,1126,52,Medium,"select e.business_id as business_id from schema_1126.events as e inner join (select t_events_0.event_type as c_event_type0, avg(t_events_0.occurences) as c_avg0 from schema_1126.events as t_events_0 group by t_events_0.event_type) as t on t.c_avg0 < e.occurences where e.event_type = t.c_event_type0 group by e.business_id having 1 < count(e.event_type)",70.57,4258.46,4995,"HashAggregate  (cost=4196.03..4258.46 rows=1665 width=4) (actual rows=4995 loops=1)
  Group Key: e.business_id
  Filter: (1 < count(e.event_type))
  Batches: 1  Memory Usage: 721kB
  Rows Removed by Filter: 4
  Buffers: shared hit=1258
  ->  Hash Join  (cost=2132.50..4029.37 rows=33333 width=12) (actual rows=50101 loops=1)
        Hash Cond: ((e.event_type)::text = (t.c_event_type0)::text)
        Join Filter: (t.c_avg0 < (e.occurences)::numeric)
        Rows Removed by Join Filter: 49899
        Buffers: shared hit=1258
        ->  Seq Scan on events e  (cost=0.00..1629.00 rows=100000 width=16) (actual rows=100000 loops=1)
              Buffers: shared hit=629
        ->  Hash  (cost=2131.25..2131.25 rows=100 width=40) (actual rows=100 loops=1)
              Buckets: 1024  Batches: 1  Memory Usage: 14kB
              Buffers: shared hit=629
              ->  Subquery Scan on t  (cost=2129.00..2131.25 rows=100 width=40) (actual rows=100 loops=1)
                    Buffers: shared hit=629
                    ->  HashAggregate  (cost=2129.00..2130.25 rows=100 width=40) (actual rows=100 loops=1)
                          Group Key: t_events_0.event_type
                          Batches: 1  Memory Usage: 32kB
                          Buffers: shared hit=629
                          ->  Seq Scan on events t_events_0  (cost=0.00..1629.00 rows=100000 width=12) (actual rows=100000 loops=1)
                                Buffers: shared hit=629
Planning Time: 0.168 ms
Execution Time: 70.570 ms",79.084,4258.46,4995,"HashAggregate  (cost=4196.03..4258.46 rows=1665 width=4) (actual rows=4995 loops=1)
  Group Key: e.business_id
  Filter: (1 < count(e.event_type))
  Batches: 1  Memory Usage: 721kB
  Rows Removed by Filter: 4
  Buffers: shared hit=1258
  ->  Hash Join  (cost=2132.50..4029.37 rows=33333 width=12) (actual rows=50101 loops=1)
        Hash Cond: ((e.event_type)::text = (t.c_event_type0)::text)
        Join Filter: (t.c_avg0 < (e.occurences)::numeric)
        Rows Removed by Join Filter: 49899
        Buffers: shared hit=1258
        ->  Seq Scan on events e  (cost=0.00..1629.00 rows=100000 width=16) (actual rows=100000 loops=1)
              Buffers: shared hit=629
        ->  Hash  (cost=2131.25..2131.25 rows=100 width=40) (actual rows=100 loops=1)
              Buckets: 1024  Batches: 1  Memory Usage: 14kB
              Buffers: shared hit=629
              ->  Subquery Scan on t  (cost=2129.00..2131.25 rows=100 width=40) (actual rows=100 loops=1)
                    Buffers: shared hit=629
                    ->  HashAggregate  (cost=2129.00..2130.25 rows=100 width=40) (actual rows=100 loops=1)
                          Group Key: t_events_0.event_type
                          Batches: 1  Memory Usage: 32kB
                          Buffers: shared hit=629
                          ->  Seq Scan on events t_events_0  (cost=0.00..1629.00 rows=100000 width=12) (actual rows=100000 loops=1)
                                Buffers: shared hit=629
Planning Time: 0.283 ms
Execution Time: 79.084 ms",77.744,4258.46,4995,"HashAggregate  (cost=4196.03..4258.46 rows=1665 width=4) (actual rows=4995 loops=1)
  Group Key: e.business_id
  Filter: (1 < count(e.event_type))
  Batches: 1  Memory Usage: 721kB
  Rows Removed by Filter: 4
  Buffers: shared hit=1258
  ->  Hash Join  (cost=2132.50..4029.37 rows=33333 width=12) (actual rows=50101 loops=1)
        Hash Cond: ((e.event_type)::text = (t.c_event_type0)::text)
        Join Filter: (t.c_avg0 < (e.occurences)::numeric)
        Rows Removed by Join Filter: 49899
        Buffers: shared hit=1258
        ->  Seq Scan on events e  (cost=0.00..1629.00 rows=100000 width=16) (actual rows=100000 loops=1)
              Buffers: shared hit=629
        ->  Hash  (cost=2131.25..2131.25 rows=100 width=40) (actual rows=100 loops=1)
              Buckets: 1024  Batches: 1  Memory Usage: 14kB
              Buffers: shared hit=629
              ->  Subquery Scan on t  (cost=2129.00..2131.25 rows=100 width=40) (actual rows=100 loops=1)
                    Buffers: shared hit=629
                    ->  HashAggregate  (cost=2129.00..2130.25 rows=100 width=40) (actual rows=100 loops=1)
                          Group Key: t_events_0.event_type
                          Batches: 1  Memory Usage: 32kB
                          Buffers: shared hit=629
                          ->  Seq Scan on events t_events_0  (cost=0.00..1629.00 rows=100000 width=12) (actual rows=100000 loops=1)
                                Buffers: shared hit=629
Planning Time: 0.291 ms
Execution Time: 77.744 ms",86.562,4258.46,4995,"HashAggregate  (cost=4196.03..4258.46 rows=1665 width=4) (actual rows=4995 loops=1)
  Group Key: e.business_id
  Filter: (1 < count(e.event_type))
  Batches: 1  Memory Usage: 721kB
  Rows Removed by Filter: 4
  Buffers: shared hit=1258
  ->  Hash Join  (cost=2132.50..4029.37 rows=33333 width=12) (actual rows=50101 loops=1)
        Hash Cond: ((e.event_type)::text = (t.c_event_type0)::text)
        Join Filter: (t.c_avg0 < (e.occurences)::numeric)
        Rows Removed by Join Filter: 49899
        Buffers: shared hit=1258
        ->  Seq Scan on events e  (cost=0.00..1629.00 rows=100000 width=16) (actual rows=100000 loops=1)
              Buffers: shared hit=629
        ->  Hash  (cost=2131.25..2131.25 rows=100 width=40) (actual rows=100 loops=1)
              Buckets: 1024  Batches: 1  Memory Usage: 14kB
              Buffers: shared hit=629
              ->  Subquery Scan on t  (cost=2129.00..2131.25 rows=100 width=40) (actual rows=100 loops=1)
                    Buffers: shared hit=629
                    ->  HashAggregate  (cost=2129.00..2130.25 rows=100 width=40) (actual rows=100 loops=1)
                          Group Key: t_events_0.event_type
                          Batches: 1  Memory Usage: 32kB
                          Buffers: shared hit=629
                          ->  Seq Scan on events t_events_0  (cost=0.00..1629.00 rows=100000 width=12) (actual rows=100000 loops=1)
                                Buffers: shared hit=629
Planning Time: 0.285 ms
Execution Time: 86.562 ms",84.435,4258.46,4995,"HashAggregate  (cost=4196.03..4258.46 rows=1665 width=4) (actual rows=4995 loops=1)
  Group Key: e.business_id
  Filter: (1 < count(e.event_type))
  Batches: 1  Memory Usage: 721kB
  Rows Removed by Filter: 4
  Buffers: shared hit=1258
  ->  Hash Join  (cost=2132.50..4029.37 rows=33333 width=12) (actual rows=50101 loops=1)
        Hash Cond: ((e.event_type)::text = (t.c_event_type0)::text)
        Join Filter: (t.c_avg0 < (e.occurences)::numeric)
        Rows Removed by Join Filter: 49899
        Buffers: shared hit=1258
        ->  Seq Scan on events e  (cost=0.00..1629.00 rows=100000 width=16) (actual rows=100000 loops=1)
              Buffers: shared hit=629
        ->  Hash  (cost=2131.25..2131.25 rows=100 width=40) (actual rows=100 loops=1)
              Buckets: 1024  Batches: 1  Memory Usage: 14kB
              Buffers: shared hit=629
              ->  Subquery Scan on t  (cost=2129.00..2131.25 rows=100 width=40) (actual rows=100 loops=1)
                    Buffers: shared hit=629
                    ->  HashAggregate  (cost=2129.00..2130.25 rows=100 width=40) (actual rows=100 loops=1)
                          Group Key: t_events_0.event_type
                          Batches: 1  Memory Usage: 32kB
                          Buffers: shared hit=629
                          ->  Seq Scan on events t_events_0  (cost=0.00..1629.00 rows=100000 width=12) (actual rows=100000 loops=1)
                                Buffers: shared hit=629
Planning Time: 0.661 ms
Execution Time: 84.435 ms",79.679,79.084,85.4985,87.4128,4258.46,4258.46,4995,4995,4995,4995
626,1126,56,Medium,"select e.business_id as business_id from (select avg(t_events_0.occurences) as c_avg0, t_events_0.event_type as c_event_type0 from schema_1126.events as t_events_0 group by t_events_0.event_type) as t_cte_30 left join schema_1126.events as e on t_cte_30.c_avg0 < e.occurences where e.event_type = t_cte_30.c_event_type0 group by e.business_id having 1 < count(e.event_type)",70.819,4258.46,4995,"HashAggregate  (cost=4196.03..4258.46 rows=1665 width=4) (actual rows=4995 loops=1)
  Group Key: e.business_id
  Filter: (1 < count(e.event_type))
  Batches: 1  Memory Usage: 721kB
  Rows Removed by Filter: 4
  Buffers: shared hit=1258
  ->  Hash Join  (cost=2132.50..4029.37 rows=33333 width=12) (actual rows=50101 loops=1)
        Hash Cond: ((e.event_type)::text = (t_events_0.event_type)::text)
        Join Filter: ((avg(t_events_0.occurences)) < (e.occurences)::numeric)
        Rows Removed by Join Filter: 49899
        Buffers: shared hit=1258
        ->  Seq Scan on events e  (cost=0.00..1629.00 rows=100000 width=16) (actual rows=100000 loops=1)
              Buffers: shared hit=629
        ->  Hash  (cost=2131.25..2131.25 rows=100 width=40) (actual rows=100 loops=1)
              Buckets: 1024  Batches: 1  Memory Usage: 14kB
              Buffers: shared hit=629
              ->  HashAggregate  (cost=2129.00..2130.25 rows=100 width=40) (actual rows=100 loops=1)
                    Group Key: t_events_0.event_type
                    Batches: 1  Memory Usage: 32kB
                    Buffers: shared hit=629
                    ->  Seq Scan on events t_events_0  (cost=0.00..1629.00 rows=100000 width=12) (actual rows=100000 loops=1)
                          Buffers: shared hit=629
Planning Time: 0.188 ms
Execution Time: 70.819 ms",75.618,4258.46,4995,"HashAggregate  (cost=4196.03..4258.46 rows=1665 width=4) (actual rows=4995 loops=1)
  Group Key: e.business_id
  Filter: (1 < count(e.event_type))
  Batches: 1  Memory Usage: 721kB
  Rows Removed by Filter: 4
  Buffers: shared hit=1258
  ->  Hash Join  (cost=2132.50..4029.37 rows=33333 width=12) (actual rows=50101 loops=1)
        Hash Cond: ((e.event_type)::text = (t_events_0.event_type)::text)
        Join Filter: ((avg(t_events_0.occurences)) < (e.occurences)::numeric)
        Rows Removed by Join Filter: 49899
        Buffers: shared hit=1258
        ->  Seq Scan on events e  (cost=0.00..1629.00 rows=100000 width=16) (actual rows=100000 loops=1)
              Buffers: shared hit=629
        ->  Hash  (cost=2131.25..2131.25 rows=100 width=40) (actual rows=100 loops=1)
              Buckets: 1024  Batches: 1  Memory Usage: 14kB
              Buffers: shared hit=629
              ->  HashAggregate  (cost=2129.00..2130.25 rows=100 width=40) (actual rows=100 loops=1)
                    Group Key: t_events_0.event_type
                    Batches: 1  Memory Usage: 32kB
                    Buffers: shared hit=629
                    ->  Seq Scan on events t_events_0  (cost=0.00..1629.00 rows=100000 width=12) (actual rows=100000 loops=1)
                          Buffers: shared hit=629
Planning Time: 0.221 ms
Execution Time: 75.618 ms",80.21,4258.46,4995,"HashAggregate  (cost=4196.03..4258.46 rows=1665 width=4) (actual rows=4995 loops=1)
  Group Key: e.business_id
  Filter: (1 < count(e.event_type))
  Batches: 1  Memory Usage: 721kB
  Rows Removed by Filter: 4
  Buffers: shared hit=1258
  ->  Hash Join  (cost=2132.50..4029.37 rows=33333 width=12) (actual rows=50101 loops=1)
        Hash Cond: ((e.event_type)::text = (t_events_0.event_type)::text)
        Join Filter: ((avg(t_events_0.occurences)) < (e.occurences)::numeric)
        Rows Removed by Join Filter: 49899
        Buffers: shared hit=1258
        ->  Seq Scan on events e  (cost=0.00..1629.00 rows=100000 width=16) (actual rows=100000 loops=1)
              Buffers: shared hit=629
        ->  Hash  (cost=2131.25..2131.25 rows=100 width=40) (actual rows=100 loops=1)
              Buckets: 1024  Batches: 1  Memory Usage: 14kB
              Buffers: shared hit=629
              ->  HashAggregate  (cost=2129.00..2130.25 rows=100 width=40) (actual rows=100 loops=1)
                    Group Key: t_events_0.event_type
                    Batches: 1  Memory Usage: 32kB
                    Buffers: shared hit=629
                    ->  Seq Scan on events t_events_0  (cost=0.00..1629.00 rows=100000 width=12) (actual rows=100000 loops=1)
                          Buffers: shared hit=629
Planning Time: 0.193 ms
Execution Time: 80.210 ms",76.222,4258.46,4995,"HashAggregate  (cost=4196.03..4258.46 rows=1665 width=4) (actual rows=4995 loops=1)
  Group Key: e.business_id
  Filter: (1 < count(e.event_type))
  Batches: 1  Memory Usage: 721kB
  Rows Removed by Filter: 4
  Buffers: shared hit=1258
  ->  Hash Join  (cost=2132.50..4029.37 rows=33333 width=12) (actual rows=50101 loops=1)
        Hash Cond: ((e.event_type)::text = (t_events_0.event_type)::text)
        Join Filter: ((avg(t_events_0.occurences)) < (e.occurences)::numeric)
        Rows Removed by Join Filter: 49899
        Buffers: shared hit=1258
        ->  Seq Scan on events e  (cost=0.00..1629.00 rows=100000 width=16) (actual rows=100000 loops=1)
              Buffers: shared hit=629
        ->  Hash  (cost=2131.25..2131.25 rows=100 width=40) (actual rows=100 loops=1)
              Buckets: 1024  Batches: 1  Memory Usage: 14kB
              Buffers: shared hit=629
              ->  HashAggregate  (cost=2129.00..2130.25 rows=100 width=40) (actual rows=100 loops=1)
                    Group Key: t_events_0.event_type
                    Batches: 1  Memory Usage: 32kB
                    Buffers: shared hit=629
                    ->  Seq Scan on events t_events_0  (cost=0.00..1629.00 rows=100000 width=12) (actual rows=100000 loops=1)
                          Buffers: shared hit=629
Planning Time: 0.195 ms
Execution Time: 76.222 ms",77.675,4258.46,4995,"HashAggregate  (cost=4196.03..4258.46 rows=1665 width=4) (actual rows=4995 loops=1)
  Group Key: e.business_id
  Filter: (1 < count(e.event_type))
  Batches: 1  Memory Usage: 721kB
  Rows Removed by Filter: 4
  Buffers: shared hit=1258
  ->  Hash Join  (cost=2132.50..4029.37 rows=33333 width=12) (actual rows=50101 loops=1)
        Hash Cond: ((e.event_type)::text = (t_events_0.event_type)::text)
        Join Filter: ((avg(t_events_0.occurences)) < (e.occurences)::numeric)
        Rows Removed by Join Filter: 49899
        Buffers: shared hit=1258
        ->  Seq Scan on events e  (cost=0.00..1629.00 rows=100000 width=16) (actual rows=100000 loops=1)
              Buffers: shared hit=629
        ->  Hash  (cost=2131.25..2131.25 rows=100 width=40) (actual rows=100 loops=1)
              Buckets: 1024  Batches: 1  Memory Usage: 14kB
              Buffers: shared hit=629
              ->  HashAggregate  (cost=2129.00..2130.25 rows=100 width=40) (actual rows=100 loops=1)
                    Group Key: t_events_0.event_type
                    Batches: 1  Memory Usage: 32kB
                    Buffers: shared hit=629
                    ->  Seq Scan on events t_events_0  (cost=0.00..1629.00 rows=100000 width=12) (actual rows=100000 loops=1)
                          Buffers: shared hit=629
Planning Time: 0.189 ms
Execution Time: 77.675 ms",76.1088,76.222,78.9425,81.224,4258.46,4258.46,4995,4995,4995,4995
627,1126,58,Medium,"select e.business_id as business_id from (select t_events_0.event_type as c_event_type0, avg(t_events_0.occurences) as c_avg0 from schema_1126.events as t_events_0 group by t_events_0.event_type) as t left join schema_1126.events as e on t.c_avg0 < e.occurences where e.event_type = t.c_event_type0 group by e.business_id having 1 < count(e.event_type)",70.98,4258.46,4995,"HashAggregate  (cost=4196.03..4258.46 rows=1665 width=4) (actual rows=4995 loops=1)
  Group Key: e.business_id
  Filter: (1 < count(e.event_type))
  Batches: 1  Memory Usage: 721kB
  Rows Removed by Filter: 4
  Buffers: shared hit=1258
  ->  Hash Join  (cost=2132.50..4029.37 rows=33333 width=12) (actual rows=50101 loops=1)
        Hash Cond: ((e.event_type)::text = (t.c_event_type0)::text)
        Join Filter: (t.c_avg0 < (e.occurences)::numeric)
        Rows Removed by Join Filter: 49899
        Buffers: shared hit=1258
        ->  Seq Scan on events e  (cost=0.00..1629.00 rows=100000 width=16) (actual rows=100000 loops=1)
              Buffers: shared hit=629
        ->  Hash  (cost=2131.25..2131.25 rows=100 width=40) (actual rows=100 loops=1)
              Buckets: 1024  Batches: 1  Memory Usage: 14kB
              Buffers: shared hit=629
              ->  Subquery Scan on t  (cost=2129.00..2131.25 rows=100 width=40) (actual rows=100 loops=1)
                    Buffers: shared hit=629
                    ->  HashAggregate  (cost=2129.00..2130.25 rows=100 width=40) (actual rows=100 loops=1)
                          Group Key: t_events_0.event_type
                          Batches: 1  Memory Usage: 32kB
                          Buffers: shared hit=629
                          ->  Seq Scan on events t_events_0  (cost=0.00..1629.00 rows=100000 width=12) (actual rows=100000 loops=1)
                                Buffers: shared hit=629
Planning Time: 0.164 ms
Execution Time: 70.980 ms",79.215,4258.46,4995,"HashAggregate  (cost=4196.03..4258.46 rows=1665 width=4) (actual rows=4995 loops=1)
  Group Key: e.business_id
  Filter: (1 < count(e.event_type))
  Batches: 1  Memory Usage: 721kB
  Rows Removed by Filter: 4
  Buffers: shared hit=1258
  ->  Hash Join  (cost=2132.50..4029.37 rows=33333 width=12) (actual rows=50101 loops=1)
        Hash Cond: ((e.event_type)::text = (t.c_event_type0)::text)
        Join Filter: (t.c_avg0 < (e.occurences)::numeric)
        Rows Removed by Join Filter: 49899
        Buffers: shared hit=1258
        ->  Seq Scan on events e  (cost=0.00..1629.00 rows=100000 width=16) (actual rows=100000 loops=1)
              Buffers: shared hit=629
        ->  Hash  (cost=2131.25..2131.25 rows=100 width=40) (actual rows=100 loops=1)
              Buckets: 1024  Batches: 1  Memory Usage: 14kB
              Buffers: shared hit=629
              ->  Subquery Scan on t  (cost=2129.00..2131.25 rows=100 width=40) (actual rows=100 loops=1)
                    Buffers: shared hit=629
                    ->  HashAggregate  (cost=2129.00..2130.25 rows=100 width=40) (actual rows=100 loops=1)
                          Group Key: t_events_0.event_type
                          Batches: 1  Memory Usage: 32kB
                          Buffers: shared hit=629
                          ->  Seq Scan on events t_events_0  (cost=0.00..1629.00 rows=100000 width=12) (actual rows=100000 loops=1)
                                Buffers: shared hit=629
Planning Time: 0.137 ms
Execution Time: 79.215 ms",78.51,4258.46,4995,"HashAggregate  (cost=4196.03..4258.46 rows=1665 width=4) (actual rows=4995 loops=1)
  Group Key: e.business_id
  Filter: (1 < count(e.event_type))
  Batches: 1  Memory Usage: 721kB
  Rows Removed by Filter: 4
  Buffers: shared hit=1258
  ->  Hash Join  (cost=2132.50..4029.37 rows=33333 width=12) (actual rows=50101 loops=1)
        Hash Cond: ((e.event_type)::text = (t.c_event_type0)::text)
        Join Filter: (t.c_avg0 < (e.occurences)::numeric)
        Rows Removed by Join Filter: 49899
        Buffers: shared hit=1258
        ->  Seq Scan on events e  (cost=0.00..1629.00 rows=100000 width=16) (actual rows=100000 loops=1)
              Buffers: shared hit=629
        ->  Hash  (cost=2131.25..2131.25 rows=100 width=40) (actual rows=100 loops=1)
              Buckets: 1024  Batches: 1  Memory Usage: 14kB
              Buffers: shared hit=629
              ->  Subquery Scan on t  (cost=2129.00..2131.25 rows=100 width=40) (actual rows=100 loops=1)
                    Buffers: shared hit=629
                    ->  HashAggregate  (cost=2129.00..2130.25 rows=100 width=40) (actual rows=100 loops=1)
                          Group Key: t_events_0.event_type
                          Batches: 1  Memory Usage: 32kB
                          Buffers: shared hit=629
                          ->  Seq Scan on events t_events_0  (cost=0.00..1629.00 rows=100000 width=12) (actual rows=100000 loops=1)
                                Buffers: shared hit=629
Planning Time: 0.197 ms
Execution Time: 78.510 ms",72.96,4258.46,4995,"HashAggregate  (cost=4196.03..4258.46 rows=1665 width=4) (actual rows=4995 loops=1)
  Group Key: e.business_id
  Filter: (1 < count(e.event_type))
  Batches: 1  Memory Usage: 721kB
  Rows Removed by Filter: 4
  Buffers: shared hit=1258
  ->  Hash Join  (cost=2132.50..4029.37 rows=33333 width=12) (actual rows=50101 loops=1)
        Hash Cond: ((e.event_type)::text = (t.c_event_type0)::text)
        Join Filter: (t.c_avg0 < (e.occurences)::numeric)
        Rows Removed by Join Filter: 49899
        Buffers: shared hit=1258
        ->  Seq Scan on events e  (cost=0.00..1629.00 rows=100000 width=16) (actual rows=100000 loops=1)
              Buffers: shared hit=629
        ->  Hash  (cost=2131.25..2131.25 rows=100 width=40) (actual rows=100 loops=1)
              Buckets: 1024  Batches: 1  Memory Usage: 14kB
              Buffers: shared hit=629
              ->  Subquery Scan on t  (cost=2129.00..2131.25 rows=100 width=40) (actual rows=100 loops=1)
                    Buffers: shared hit=629
                    ->  HashAggregate  (cost=2129.00..2130.25 rows=100 width=40) (actual rows=100 loops=1)
                          Group Key: t_events_0.event_type
                          Batches: 1  Memory Usage: 32kB
                          Buffers: shared hit=629
                          ->  Seq Scan on events t_events_0  (cost=0.00..1629.00 rows=100000 width=12) (actual rows=100000 loops=1)
                                Buffers: shared hit=629
Planning Time: 0.167 ms
Execution Time: 72.960 ms",77.27,4258.46,4995,"HashAggregate  (cost=4196.03..4258.46 rows=1665 width=4) (actual rows=4995 loops=1)
  Group Key: e.business_id
  Filter: (1 < count(e.event_type))
  Batches: 1  Memory Usage: 721kB
  Rows Removed by Filter: 4
  Buffers: shared hit=1258
  ->  Hash Join  (cost=2132.50..4029.37 rows=33333 width=12) (actual rows=50101 loops=1)
        Hash Cond: ((e.event_type)::text = (t.c_event_type0)::text)
        Join Filter: (t.c_avg0 < (e.occurences)::numeric)
        Rows Removed by Join Filter: 49899
        Buffers: shared hit=1258
        ->  Seq Scan on events e  (cost=0.00..1629.00 rows=100000 width=16) (actual rows=100000 loops=1)
              Buffers: shared hit=629
        ->  Hash  (cost=2131.25..2131.25 rows=100 width=40) (actual rows=100 loops=1)
              Buckets: 1024  Batches: 1  Memory Usage: 14kB
              Buffers: shared hit=629
              ->  Subquery Scan on t  (cost=2129.00..2131.25 rows=100 width=40) (actual rows=100 loops=1)
                    Buffers: shared hit=629
                    ->  HashAggregate  (cost=2129.00..2130.25 rows=100 width=40) (actual rows=100 loops=1)
                          Group Key: t_events_0.event_type
                          Batches: 1  Memory Usage: 32kB
                          Buffers: shared hit=629
                          ->  Seq Scan on events t_events_0  (cost=0.00..1629.00 rows=100000 width=12) (actual rows=100000 loops=1)
                                Buffers: shared hit=629
Planning Time: 0.188 ms
Execution Time: 77.270 ms",75.787,77.27,78.8625,79.497,4258.46,4258.46,4995,4995,4995,4995
628,1126,60,Medium,"select e.business_id as business_id from (select t_events_0.event_type as c_event_type0, avg(t_events_0.occurences) as c_avg0 from schema_1126.events as t_events_0 group by t_events_0.event_type) as t1 left join schema_1126.events as e on t1.c_avg0 < e.occurences where e.event_type = t1.c_event_type0 group by e.business_id having 1 < count(e.event_type)",71.359,4258.46,4995,"HashAggregate  (cost=4196.03..4258.46 rows=1665 width=4) (actual rows=4995 loops=1)
  Group Key: e.business_id
  Filter: (1 < count(e.event_type))
  Batches: 1  Memory Usage: 721kB
  Rows Removed by Filter: 4
  Buffers: shared hit=1258
  ->  Hash Join  (cost=2132.50..4029.37 rows=33333 width=12) (actual rows=50101 loops=1)
        Hash Cond: ((e.event_type)::text = (t1.c_event_type0)::text)
        Join Filter: (t1.c_avg0 < (e.occurences)::numeric)
        Rows Removed by Join Filter: 49899
        Buffers: shared hit=1258
        ->  Seq Scan on events e  (cost=0.00..1629.00 rows=100000 width=16) (actual rows=100000 loops=1)
              Buffers: shared hit=629
        ->  Hash  (cost=2131.25..2131.25 rows=100 width=40) (actual rows=100 loops=1)
              Buckets: 1024  Batches: 1  Memory Usage: 14kB
              Buffers: shared hit=629
              ->  Subquery Scan on t1  (cost=2129.00..2131.25 rows=100 width=40) (actual rows=100 loops=1)
                    Buffers: shared hit=629
                    ->  HashAggregate  (cost=2129.00..2130.25 rows=100 width=40) (actual rows=100 loops=1)
                          Group Key: t_events_0.event_type
                          Batches: 1  Memory Usage: 32kB
                          Buffers: shared hit=629
                          ->  Seq Scan on events t_events_0  (cost=0.00..1629.00 rows=100000 width=12) (actual rows=100000 loops=1)
                                Buffers: shared hit=629
Planning Time: 0.132 ms
Execution Time: 71.359 ms",77.147,4258.46,4995,"HashAggregate  (cost=4196.03..4258.46 rows=1665 width=4) (actual rows=4995 loops=1)
  Group Key: e.business_id
  Filter: (1 < count(e.event_type))
  Batches: 1  Memory Usage: 721kB
  Rows Removed by Filter: 4
  Buffers: shared hit=1258
  ->  Hash Join  (cost=2132.50..4029.37 rows=33333 width=12) (actual rows=50101 loops=1)
        Hash Cond: ((e.event_type)::text = (t1.c_event_type0)::text)
        Join Filter: (t1.c_avg0 < (e.occurences)::numeric)
        Rows Removed by Join Filter: 49899
        Buffers: shared hit=1258
        ->  Seq Scan on events e  (cost=0.00..1629.00 rows=100000 width=16) (actual rows=100000 loops=1)
              Buffers: shared hit=629
        ->  Hash  (cost=2131.25..2131.25 rows=100 width=40) (actual rows=100 loops=1)
              Buckets: 1024  Batches: 1  Memory Usage: 14kB
              Buffers: shared hit=629
              ->  Subquery Scan on t1  (cost=2129.00..2131.25 rows=100 width=40) (actual rows=100 loops=1)
                    Buffers: shared hit=629
                    ->  HashAggregate  (cost=2129.00..2130.25 rows=100 width=40) (actual rows=100 loops=1)
                          Group Key: t_events_0.event_type
                          Batches: 1  Memory Usage: 32kB
                          Buffers: shared hit=629
                          ->  Seq Scan on events t_events_0  (cost=0.00..1629.00 rows=100000 width=12) (actual rows=100000 loops=1)
                                Buffers: shared hit=629
Planning Time: 0.206 ms
Execution Time: 77.147 ms",74.811,4258.46,4995,"HashAggregate  (cost=4196.03..4258.46 rows=1665 width=4) (actual rows=4995 loops=1)
  Group Key: e.business_id
  Filter: (1 < count(e.event_type))
  Batches: 1  Memory Usage: 721kB
  Rows Removed by Filter: 4
  Buffers: shared hit=1258
  ->  Hash Join  (cost=2132.50..4029.37 rows=33333 width=12) (actual rows=50101 loops=1)
        Hash Cond: ((e.event_type)::text = (t1.c_event_type0)::text)
        Join Filter: (t1.c_avg0 < (e.occurences)::numeric)
        Rows Removed by Join Filter: 49899
        Buffers: shared hit=1258
        ->  Seq Scan on events e  (cost=0.00..1629.00 rows=100000 width=16) (actual rows=100000 loops=1)
              Buffers: shared hit=629
        ->  Hash  (cost=2131.25..2131.25 rows=100 width=40) (actual rows=100 loops=1)
              Buckets: 1024  Batches: 1  Memory Usage: 14kB
              Buffers: shared hit=629
              ->  Subquery Scan on t1  (cost=2129.00..2131.25 rows=100 width=40) (actual rows=100 loops=1)
                    Buffers: shared hit=629
                    ->  HashAggregate  (cost=2129.00..2130.25 rows=100 width=40) (actual rows=100 loops=1)
                          Group Key: t_events_0.event_type
                          Batches: 1  Memory Usage: 32kB
                          Buffers: shared hit=629
                          ->  Seq Scan on events t_events_0  (cost=0.00..1629.00 rows=100000 width=12) (actual rows=100000 loops=1)
                                Buffers: shared hit=629
Planning Time: 0.197 ms
Execution Time: 74.811 ms",74.41,4258.46,4995,"HashAggregate  (cost=4196.03..4258.46 rows=1665 width=4) (actual rows=4995 loops=1)
  Group Key: e.business_id
  Filter: (1 < count(e.event_type))
  Batches: 1  Memory Usage: 721kB
  Rows Removed by Filter: 4
  Buffers: shared hit=1258
  ->  Hash Join  (cost=2132.50..4029.37 rows=33333 width=12) (actual rows=50101 loops=1)
        Hash Cond: ((e.event_type)::text = (t1.c_event_type0)::text)
        Join Filter: (t1.c_avg0 < (e.occurences)::numeric)
        Rows Removed by Join Filter: 49899
        Buffers: shared hit=1258
        ->  Seq Scan on events e  (cost=0.00..1629.00 rows=100000 width=16) (actual rows=100000 loops=1)
              Buffers: shared hit=629
        ->  Hash  (cost=2131.25..2131.25 rows=100 width=40) (actual rows=100 loops=1)
              Buckets: 1024  Batches: 1  Memory Usage: 14kB
              Buffers: shared hit=629
              ->  Subquery Scan on t1  (cost=2129.00..2131.25 rows=100 width=40) (actual rows=100 loops=1)
                    Buffers: shared hit=629
                    ->  HashAggregate  (cost=2129.00..2130.25 rows=100 width=40) (actual rows=100 loops=1)
                          Group Key: t_events_0.event_type
                          Batches: 1  Memory Usage: 32kB
                          Buffers: shared hit=629
                          ->  Seq Scan on events t_events_0  (cost=0.00..1629.00 rows=100000 width=12) (actual rows=100000 loops=1)
                                Buffers: shared hit=629
Planning Time: 0.202 ms
Execution Time: 74.410 ms",72.529,4258.46,4995,"HashAggregate  (cost=4196.03..4258.46 rows=1665 width=4) (actual rows=4995 loops=1)
  Group Key: e.business_id
  Filter: (1 < count(e.event_type))
  Batches: 1  Memory Usage: 721kB
  Rows Removed by Filter: 4
  Buffers: shared hit=1258
  ->  Hash Join  (cost=2132.50..4029.37 rows=33333 width=12) (actual rows=50101 loops=1)
        Hash Cond: ((e.event_type)::text = (t1.c_event_type0)::text)
        Join Filter: (t1.c_avg0 < (e.occurences)::numeric)
        Rows Removed by Join Filter: 49899
        Buffers: shared hit=1258
        ->  Seq Scan on events e  (cost=0.00..1629.00 rows=100000 width=16) (actual rows=100000 loops=1)
              Buffers: shared hit=629
        ->  Hash  (cost=2131.25..2131.25 rows=100 width=40) (actual rows=100 loops=1)
              Buckets: 1024  Batches: 1  Memory Usage: 14kB
              Buffers: shared hit=629
              ->  Subquery Scan on t1  (cost=2129.00..2131.25 rows=100 width=40) (actual rows=100 loops=1)
                    Buffers: shared hit=629
                    ->  HashAggregate  (cost=2129.00..2130.25 rows=100 width=40) (actual rows=100 loops=1)
                          Group Key: t_events_0.event_type
                          Batches: 1  Memory Usage: 32kB
                          Buffers: shared hit=629
                          ->  Seq Scan on events t_events_0  (cost=0.00..1629.00 rows=100000 width=12) (actual rows=100000 loops=1)
                                Buffers: shared hit=629
Planning Time: 0.136 ms
Execution Time: 72.529 ms",74.0512,74.41,75.979,78.0814,4258.46,4258.46,4995,4995,4995,4995
631,1126,135,Medium,"select t_events_0.business_id as business_id from schema_1126.events as t_events_0 left join (select t_events_1.event_type as c_event_type0, avg(t_events_1.occurences) as c_avg0 from schema_1126.events as t_events_1 group by t_events_1.event_type) as t2 on t_events_0.event_type = t2.c_event_type0 where t2.c_avg0 < t_events_0.occurences group by t_events_0.business_id having 1 < count(t_events_0.event_type)",71.126,4258.46,4995,"HashAggregate  (cost=4196.03..4258.46 rows=1665 width=4) (actual rows=4995 loops=1)
  Group Key: t_events_0.business_id
  Filter: (1 < count(t_events_0.event_type))
  Batches: 1  Memory Usage: 721kB
  Rows Removed by Filter: 4
  Buffers: shared hit=1258
  ->  Hash Join  (cost=2132.50..4029.37 rows=33333 width=12) (actual rows=50101 loops=1)
        Hash Cond: ((t_events_0.event_type)::text = (t_events_1.event_type)::text)
        Join Filter: ((avg(t_events_1.occurences)) < (t_events_0.occurences)::numeric)
        Rows Removed by Join Filter: 49899
        Buffers: shared hit=1258
        ->  Seq Scan on events t_events_0  (cost=0.00..1629.00 rows=100000 width=16) (actual rows=100000 loops=1)
              Buffers: shared hit=629
        ->  Hash  (cost=2131.25..2131.25 rows=100 width=40) (actual rows=100 loops=1)
              Buckets: 1024  Batches: 1  Memory Usage: 14kB
              Buffers: shared hit=629
              ->  HashAggregate  (cost=2129.00..2130.25 rows=100 width=40) (actual rows=100 loops=1)
                    Group Key: t_events_1.event_type
                    Batches: 1  Memory Usage: 32kB
                    Buffers: shared hit=629
                    ->  Seq Scan on events t_events_1  (cost=0.00..1629.00 rows=100000 width=12) (actual rows=100000 loops=1)
                          Buffers: shared hit=629
Planning Time: 0.171 ms
Execution Time: 71.126 ms",78.235,4258.46,4995,"HashAggregate  (cost=4196.03..4258.46 rows=1665 width=4) (actual rows=4995 loops=1)
  Group Key: t_events_0.business_id
  Filter: (1 < count(t_events_0.event_type))
  Batches: 1  Memory Usage: 721kB
  Rows Removed by Filter: 4
  Buffers: shared hit=1258
  ->  Hash Join  (cost=2132.50..4029.37 rows=33333 width=12) (actual rows=50101 loops=1)
        Hash Cond: ((t_events_0.event_type)::text = (t_events_1.event_type)::text)
        Join Filter: ((avg(t_events_1.occurences)) < (t_events_0.occurences)::numeric)
        Rows Removed by Join Filter: 49899
        Buffers: shared hit=1258
        ->  Seq Scan on events t_events_0  (cost=0.00..1629.00 rows=100000 width=16) (actual rows=100000 loops=1)
              Buffers: shared hit=629
        ->  Hash  (cost=2131.25..2131.25 rows=100 width=40) (actual rows=100 loops=1)
              Buckets: 1024  Batches: 1  Memory Usage: 14kB
              Buffers: shared hit=629
              ->  HashAggregate  (cost=2129.00..2130.25 rows=100 width=40) (actual rows=100 loops=1)
                    Group Key: t_events_1.event_type
                    Batches: 1  Memory Usage: 32kB
                    Buffers: shared hit=629
                    ->  Seq Scan on events t_events_1  (cost=0.00..1629.00 rows=100000 width=12) (actual rows=100000 loops=1)
                          Buffers: shared hit=629
Planning Time: 0.281 ms
Execution Time: 78.235 ms",78.552,4258.46,4995,"HashAggregate  (cost=4196.03..4258.46 rows=1665 width=4) (actual rows=4995 loops=1)
  Group Key: t_events_0.business_id
  Filter: (1 < count(t_events_0.event_type))
  Batches: 1  Memory Usage: 721kB
  Rows Removed by Filter: 4
  Buffers: shared hit=1258
  ->  Hash Join  (cost=2132.50..4029.37 rows=33333 width=12) (actual rows=50101 loops=1)
        Hash Cond: ((t_events_0.event_type)::text = (t_events_1.event_type)::text)
        Join Filter: ((avg(t_events_1.occurences)) < (t_events_0.occurences)::numeric)
        Rows Removed by Join Filter: 49899
        Buffers: shared hit=1258
        ->  Seq Scan on events t_events_0  (cost=0.00..1629.00 rows=100000 width=16) (actual rows=100000 loops=1)
              Buffers: shared hit=629
        ->  Hash  (cost=2131.25..2131.25 rows=100 width=40) (actual rows=100 loops=1)
              Buckets: 1024  Batches: 1  Memory Usage: 14kB
              Buffers: shared hit=629
              ->  HashAggregate  (cost=2129.00..2130.25 rows=100 width=40) (actual rows=100 loops=1)
                    Group Key: t_events_1.event_type
                    Batches: 1  Memory Usage: 32kB
                    Buffers: shared hit=629
                    ->  Seq Scan on events t_events_1  (cost=0.00..1629.00 rows=100000 width=12) (actual rows=100000 loops=1)
                          Buffers: shared hit=629
Planning Time: 0.282 ms
Execution Time: 78.552 ms",77.117,4258.46,4995,"HashAggregate  (cost=4196.03..4258.46 rows=1665 width=4) (actual rows=4995 loops=1)
  Group Key: t_events_0.business_id
  Filter: (1 < count(t_events_0.event_type))
  Batches: 1  Memory Usage: 721kB
  Rows Removed by Filter: 4
  Buffers: shared hit=1258
  ->  Hash Join  (cost=2132.50..4029.37 rows=33333 width=12) (actual rows=50101 loops=1)
        Hash Cond: ((t_events_0.event_type)::text = (t_events_1.event_type)::text)
        Join Filter: ((avg(t_events_1.occurences)) < (t_events_0.occurences)::numeric)
        Rows Removed by Join Filter: 49899
        Buffers: shared hit=1258
        ->  Seq Scan on events t_events_0  (cost=0.00..1629.00 rows=100000 width=16) (actual rows=100000 loops=1)
              Buffers: shared hit=629
        ->  Hash  (cost=2131.25..2131.25 rows=100 width=40) (actual rows=100 loops=1)
              Buckets: 1024  Batches: 1  Memory Usage: 14kB
              Buffers: shared hit=629
              ->  HashAggregate  (cost=2129.00..2130.25 rows=100 width=40) (actual rows=100 loops=1)
                    Group Key: t_events_1.event_type
                    Batches: 1  Memory Usage: 32kB
                    Buffers: shared hit=629
                    ->  Seq Scan on events t_events_1  (cost=0.00..1629.00 rows=100000 width=12) (actual rows=100000 loops=1)
                          Buffers: shared hit=629
Planning Time: 0.302 ms
Execution Time: 77.117 ms",79.542,4258.46,4995,"HashAggregate  (cost=4196.03..4258.46 rows=1665 width=4) (actual rows=4995 loops=1)
  Group Key: t_events_0.business_id
  Filter: (1 < count(t_events_0.event_type))
  Batches: 1  Memory Usage: 721kB
  Rows Removed by Filter: 4
  Buffers: shared hit=1258
  ->  Hash Join  (cost=2132.50..4029.37 rows=33333 width=12) (actual rows=50101 loops=1)
        Hash Cond: ((t_events_0.event_type)::text = (t_events_1.event_type)::text)
        Join Filter: ((avg(t_events_1.occurences)) < (t_events_0.occurences)::numeric)
        Rows Removed by Join Filter: 49899
        Buffers: shared hit=1258
        ->  Seq Scan on events t_events_0  (cost=0.00..1629.00 rows=100000 width=16) (actual rows=100000 loops=1)
              Buffers: shared hit=629
        ->  Hash  (cost=2131.25..2131.25 rows=100 width=40) (actual rows=100 loops=1)
              Buckets: 1024  Batches: 1  Memory Usage: 14kB
              Buffers: shared hit=629
              ->  HashAggregate  (cost=2129.00..2130.25 rows=100 width=40) (actual rows=100 loops=1)
                    Group Key: t_events_1.event_type
                    Batches: 1  Memory Usage: 32kB
                    Buffers: shared hit=629
                    ->  Seq Scan on events t_events_1  (cost=0.00..1629.00 rows=100000 width=12) (actual rows=100000 loops=1)
                          Buffers: shared hit=629
Planning Time: 0.283 ms
Execution Time: 79.542 ms",76.9144,78.235,79.047,79.938,4258.46,4258.46,4995,4995,4995,4995
632,1126,138,Medium,"select a.business_id as business_id from schema_1126.events as a inner join (select t_events_0.event_type as c_event_type0, avg(t_events_0.occurences) as c_avg0 from schema_1126.events as t_events_0 group by t_events_0.event_type) as b on b.c_avg0 < a.occurences where a.event_type = b.c_event_type0 group by a.business_id having 1 < count(a.event_type)",74.308,4258.46,4995,"HashAggregate  (cost=4196.03..4258.46 rows=1665 width=4) (actual rows=4995 loops=1)
  Group Key: a.business_id
  Filter: (1 < count(a.event_type))
  Batches: 1  Memory Usage: 721kB
  Rows Removed by Filter: 4
  Buffers: shared hit=1258
  ->  Hash Join  (cost=2132.50..4029.37 rows=33333 width=12) (actual rows=50101 loops=1)
        Hash Cond: ((a.event_type)::text = (b.c_event_type0)::text)
        Join Filter: (b.c_avg0 < (a.occurences)::numeric)
        Rows Removed by Join Filter: 49899
        Buffers: shared hit=1258
        ->  Seq Scan on events a  (cost=0.00..1629.00 rows=100000 width=16) (actual rows=100000 loops=1)
              Buffers: shared hit=629
        ->  Hash  (cost=2131.25..2131.25 rows=100 width=40) (actual rows=100 loops=1)
              Buckets: 1024  Batches: 1  Memory Usage: 14kB
              Buffers: shared hit=629
              ->  Subquery Scan on b  (cost=2129.00..2131.25 rows=100 width=40) (actual rows=100 loops=1)
                    Buffers: shared hit=629
                    ->  HashAggregate  (cost=2129.00..2130.25 rows=100 width=40) (actual rows=100 loops=1)
                          Group Key: t_events_0.event_type
                          Batches: 1  Memory Usage: 32kB
                          Buffers: shared hit=629
                          ->  Seq Scan on events t_events_0  (cost=0.00..1629.00 rows=100000 width=12) (actual rows=100000 loops=1)
                                Buffers: shared hit=629
Planning Time: 0.276 ms
Execution Time: 74.308 ms",75.604,4258.46,4995,"HashAggregate  (cost=4196.03..4258.46 rows=1665 width=4) (actual rows=4995 loops=1)
  Group Key: a.business_id
  Filter: (1 < count(a.event_type))
  Batches: 1  Memory Usage: 721kB
  Rows Removed by Filter: 4
  Buffers: shared hit=1258
  ->  Hash Join  (cost=2132.50..4029.37 rows=33333 width=12) (actual rows=50101 loops=1)
        Hash Cond: ((a.event_type)::text = (b.c_event_type0)::text)
        Join Filter: (b.c_avg0 < (a.occurences)::numeric)
        Rows Removed by Join Filter: 49899
        Buffers: shared hit=1258
        ->  Seq Scan on events a  (cost=0.00..1629.00 rows=100000 width=16) (actual rows=100000 loops=1)
              Buffers: shared hit=629
        ->  Hash  (cost=2131.25..2131.25 rows=100 width=40) (actual rows=100 loops=1)
              Buckets: 1024  Batches: 1  Memory Usage: 14kB
              Buffers: shared hit=629
              ->  Subquery Scan on b  (cost=2129.00..2131.25 rows=100 width=40) (actual rows=100 loops=1)
                    Buffers: shared hit=629
                    ->  HashAggregate  (cost=2129.00..2130.25 rows=100 width=40) (actual rows=100 loops=1)
                          Group Key: t_events_0.event_type
                          Batches: 1  Memory Usage: 32kB
                          Buffers: shared hit=629
                          ->  Seq Scan on events t_events_0  (cost=0.00..1629.00 rows=100000 width=12) (actual rows=100000 loops=1)
                                Buffers: shared hit=629
Planning Time: 0.347 ms
Execution Time: 75.604 ms",72.165,4258.46,4995,"HashAggregate  (cost=4196.03..4258.46 rows=1665 width=4) (actual rows=4995 loops=1)
  Group Key: a.business_id
  Filter: (1 < count(a.event_type))
  Batches: 1  Memory Usage: 721kB
  Rows Removed by Filter: 4
  Buffers: shared hit=1258
  ->  Hash Join  (cost=2132.50..4029.37 rows=33333 width=12) (actual rows=50101 loops=1)
        Hash Cond: ((a.event_type)::text = (b.c_event_type0)::text)
        Join Filter: (b.c_avg0 < (a.occurences)::numeric)
        Rows Removed by Join Filter: 49899
        Buffers: shared hit=1258
        ->  Seq Scan on events a  (cost=0.00..1629.00 rows=100000 width=16) (actual rows=100000 loops=1)
              Buffers: shared hit=629
        ->  Hash  (cost=2131.25..2131.25 rows=100 width=40) (actual rows=100 loops=1)
              Buckets: 1024  Batches: 1  Memory Usage: 14kB
              Buffers: shared hit=629
              ->  Subquery Scan on b  (cost=2129.00..2131.25 rows=100 width=40) (actual rows=100 loops=1)
                    Buffers: shared hit=629
                    ->  HashAggregate  (cost=2129.00..2130.25 rows=100 width=40) (actual rows=100 loops=1)
                          Group Key: t_events_0.event_type
                          Batches: 1  Memory Usage: 32kB
                          Buffers: shared hit=629
                          ->  Seq Scan on events t_events_0  (cost=0.00..1629.00 rows=100000 width=12) (actual rows=100000 loops=1)
                                Buffers: shared hit=629
Planning Time: 0.174 ms
Execution Time: 72.165 ms",73.326,4258.46,4995,"HashAggregate  (cost=4196.03..4258.46 rows=1665 width=4) (actual rows=4995 loops=1)
  Group Key: a.business_id
  Filter: (1 < count(a.event_type))
  Batches: 1  Memory Usage: 721kB
  Rows Removed by Filter: 4
  Buffers: shared hit=1258
  ->  Hash Join  (cost=2132.50..4029.37 rows=33333 width=12) (actual rows=50101 loops=1)
        Hash Cond: ((a.event_type)::text = (b.c_event_type0)::text)
        Join Filter: (b.c_avg0 < (a.occurences)::numeric)
        Rows Removed by Join Filter: 49899
        Buffers: shared hit=1258
        ->  Seq Scan on events a  (cost=0.00..1629.00 rows=100000 width=16) (actual rows=100000 loops=1)
              Buffers: shared hit=629
        ->  Hash  (cost=2131.25..2131.25 rows=100 width=40) (actual rows=100 loops=1)
              Buckets: 1024  Batches: 1  Memory Usage: 14kB
              Buffers: shared hit=629
              ->  Subquery Scan on b  (cost=2129.00..2131.25 rows=100 width=40) (actual rows=100 loops=1)
                    Buffers: shared hit=629
                    ->  HashAggregate  (cost=2129.00..2130.25 rows=100 width=40) (actual rows=100 loops=1)
                          Group Key: t_events_0.event_type
                          Batches: 1  Memory Usage: 32kB
                          Buffers: shared hit=629
                          ->  Seq Scan on events t_events_0  (cost=0.00..1629.00 rows=100000 width=12) (actual rows=100000 loops=1)
                                Buffers: shared hit=629
Planning Time: 0.169 ms
Execution Time: 73.326 ms",75.355,4258.46,4995,"HashAggregate  (cost=4196.03..4258.46 rows=1665 width=4) (actual rows=4995 loops=1)
  Group Key: a.business_id
  Filter: (1 < count(a.event_type))
  Batches: 1  Memory Usage: 721kB
  Rows Removed by Filter: 4
  Buffers: shared hit=1258
  ->  Hash Join  (cost=2132.50..4029.37 rows=33333 width=12) (actual rows=50101 loops=1)
        Hash Cond: ((a.event_type)::text = (b.c_event_type0)::text)
        Join Filter: (b.c_avg0 < (a.occurences)::numeric)
        Rows Removed by Join Filter: 49899
        Buffers: shared hit=1258
        ->  Seq Scan on events a  (cost=0.00..1629.00 rows=100000 width=16) (actual rows=100000 loops=1)
              Buffers: shared hit=629
        ->  Hash  (cost=2131.25..2131.25 rows=100 width=40) (actual rows=100 loops=1)
              Buckets: 1024  Batches: 1  Memory Usage: 14kB
              Buffers: shared hit=629
              ->  Subquery Scan on b  (cost=2129.00..2131.25 rows=100 width=40) (actual rows=100 loops=1)
                    Buffers: shared hit=629
                    ->  HashAggregate  (cost=2129.00..2130.25 rows=100 width=40) (actual rows=100 loops=1)
                          Group Key: t_events_0.event_type
                          Batches: 1  Memory Usage: 32kB
                          Buffers: shared hit=629
                          ->  Seq Scan on events t_events_0  (cost=0.00..1629.00 rows=100000 width=12) (actual rows=100000 loops=1)
                                Buffers: shared hit=629
Planning Time: 0.362 ms
Execution Time: 75.355 ms",74.1516,74.308,75.4795,75.7036,4258.46,4258.46,4995,4995,4995,4995
645,1126,178,Medium,"select a.business_id as business_id from schema_1126.events as a inner join (select t_events_0.event_type as c_event_type0, avg(t_events_0.occurences) as c_avg0 from schema_1126.events as t_events_0 group by t_events_0.event_type) as b on a.event_type = b.c_event_type0 and b.c_avg0 < a.occurences group by a.business_id having 1 < count(a.event_type)",74.493,4258.46,4995,"HashAggregate  (cost=4196.03..4258.46 rows=1665 width=4) (actual rows=4995 loops=1)
  Group Key: a.business_id
  Filter: (1 < count(a.event_type))
  Batches: 1  Memory Usage: 721kB
  Rows Removed by Filter: 4
  Buffers: shared hit=1258
  ->  Hash Join  (cost=2132.50..4029.37 rows=33333 width=12) (actual rows=50101 loops=1)
        Hash Cond: ((a.event_type)::text = (t_events_0.event_type)::text)
        Join Filter: ((avg(t_events_0.occurences)) < (a.occurences)::numeric)
        Rows Removed by Join Filter: 49899
        Buffers: shared hit=1258
        ->  Seq Scan on events a  (cost=0.00..1629.00 rows=100000 width=16) (actual rows=100000 loops=1)
              Buffers: shared hit=629
        ->  Hash  (cost=2131.25..2131.25 rows=100 width=40) (actual rows=100 loops=1)
              Buckets: 1024  Batches: 1  Memory Usage: 14kB
              Buffers: shared hit=629
              ->  HashAggregate  (cost=2129.00..2130.25 rows=100 width=40) (actual rows=100 loops=1)
                    Group Key: t_events_0.event_type
                    Batches: 1  Memory Usage: 32kB
                    Buffers: shared hit=629
                    ->  Seq Scan on events t_events_0  (cost=0.00..1629.00 rows=100000 width=12) (actual rows=100000 loops=1)
                          Buffers: shared hit=629
Planning Time: 0.265 ms
Execution Time: 74.493 ms",77.457,4258.46,4995,"HashAggregate  (cost=4196.03..4258.46 rows=1665 width=4) (actual rows=4995 loops=1)
  Group Key: a.business_id
  Filter: (1 < count(a.event_type))
  Batches: 1  Memory Usage: 721kB
  Rows Removed by Filter: 4
  Buffers: shared hit=1258
  ->  Hash Join  (cost=2132.50..4029.37 rows=33333 width=12) (actual rows=50101 loops=1)
        Hash Cond: ((a.event_type)::text = (t_events_0.event_type)::text)
        Join Filter: ((avg(t_events_0.occurences)) < (a.occurences)::numeric)
        Rows Removed by Join Filter: 49899
        Buffers: shared hit=1258
        ->  Seq Scan on events a  (cost=0.00..1629.00 rows=100000 width=16) (actual rows=100000 loops=1)
              Buffers: shared hit=629
        ->  Hash  (cost=2131.25..2131.25 rows=100 width=40) (actual rows=100 loops=1)
              Buckets: 1024  Batches: 1  Memory Usage: 14kB
              Buffers: shared hit=629
              ->  HashAggregate  (cost=2129.00..2130.25 rows=100 width=40) (actual rows=100 loops=1)
                    Group Key: t_events_0.event_type
                    Batches: 1  Memory Usage: 32kB
                    Buffers: shared hit=629
                    ->  Seq Scan on events t_events_0  (cost=0.00..1629.00 rows=100000 width=12) (actual rows=100000 loops=1)
                          Buffers: shared hit=629
Planning Time: 0.178 ms
Execution Time: 77.457 ms",76.971,4258.46,4995,"HashAggregate  (cost=4196.03..4258.46 rows=1665 width=4) (actual rows=4995 loops=1)
  Group Key: a.business_id
  Filter: (1 < count(a.event_type))
  Batches: 1  Memory Usage: 721kB
  Rows Removed by Filter: 4
  Buffers: shared hit=1258
  ->  Hash Join  (cost=2132.50..4029.37 rows=33333 width=12) (actual rows=50101 loops=1)
        Hash Cond: ((a.event_type)::text = (t_events_0.event_type)::text)
        Join Filter: ((avg(t_events_0.occurences)) < (a.occurences)::numeric)
        Rows Removed by Join Filter: 49899
        Buffers: shared hit=1258
        ->  Seq Scan on events a  (cost=0.00..1629.00 rows=100000 width=16) (actual rows=100000 loops=1)
              Buffers: shared hit=629
        ->  Hash  (cost=2131.25..2131.25 rows=100 width=40) (actual rows=100 loops=1)
              Buckets: 1024  Batches: 1  Memory Usage: 14kB
              Buffers: shared hit=629
              ->  HashAggregate  (cost=2129.00..2130.25 rows=100 width=40) (actual rows=100 loops=1)
                    Group Key: t_events_0.event_type
                    Batches: 1  Memory Usage: 32kB
                    Buffers: shared hit=629
                    ->  Seq Scan on events t_events_0  (cost=0.00..1629.00 rows=100000 width=12) (actual rows=100000 loops=1)
                          Buffers: shared hit=629
Planning Time: 0.189 ms
Execution Time: 76.971 ms",79.293,4258.46,4995,"HashAggregate  (cost=4196.03..4258.46 rows=1665 width=4) (actual rows=4995 loops=1)
  Group Key: a.business_id
  Filter: (1 < count(a.event_type))
  Batches: 1  Memory Usage: 721kB
  Rows Removed by Filter: 4
  Buffers: shared hit=1258
  ->  Hash Join  (cost=2132.50..4029.37 rows=33333 width=12) (actual rows=50101 loops=1)
        Hash Cond: ((a.event_type)::text = (t_events_0.event_type)::text)
        Join Filter: ((avg(t_events_0.occurences)) < (a.occurences)::numeric)
        Rows Removed by Join Filter: 49899
        Buffers: shared hit=1258
        ->  Seq Scan on events a  (cost=0.00..1629.00 rows=100000 width=16) (actual rows=100000 loops=1)
              Buffers: shared hit=629
        ->  Hash  (cost=2131.25..2131.25 rows=100 width=40) (actual rows=100 loops=1)
              Buckets: 1024  Batches: 1  Memory Usage: 14kB
              Buffers: shared hit=629
              ->  HashAggregate  (cost=2129.00..2130.25 rows=100 width=40) (actual rows=100 loops=1)
                    Group Key: t_events_0.event_type
                    Batches: 1  Memory Usage: 32kB
                    Buffers: shared hit=629
                    ->  Seq Scan on events t_events_0  (cost=0.00..1629.00 rows=100000 width=12) (actual rows=100000 loops=1)
                          Buffers: shared hit=629
Planning Time: 0.259 ms
Execution Time: 79.293 ms",79.434,4258.46,4995,"HashAggregate  (cost=4196.03..4258.46 rows=1665 width=4) (actual rows=4995 loops=1)
  Group Key: a.business_id
  Filter: (1 < count(a.event_type))
  Batches: 1  Memory Usage: 721kB
  Rows Removed by Filter: 4
  Buffers: shared hit=1258
  ->  Hash Join  (cost=2132.50..4029.37 rows=33333 width=12) (actual rows=50101 loops=1)
        Hash Cond: ((a.event_type)::text = (t_events_0.event_type)::text)
        Join Filter: ((avg(t_events_0.occurences)) < (a.occurences)::numeric)
        Rows Removed by Join Filter: 49899
        Buffers: shared hit=1258
        ->  Seq Scan on events a  (cost=0.00..1629.00 rows=100000 width=16) (actual rows=100000 loops=1)
              Buffers: shared hit=629
        ->  Hash  (cost=2131.25..2131.25 rows=100 width=40) (actual rows=100 loops=1)
              Buckets: 1024  Batches: 1  Memory Usage: 14kB
              Buffers: shared hit=629
              ->  HashAggregate  (cost=2129.00..2130.25 rows=100 width=40) (actual rows=100 loops=1)
                    Group Key: t_events_0.event_type
                    Batches: 1  Memory Usage: 32kB
                    Buffers: shared hit=629
                    ->  Seq Scan on events t_events_0  (cost=0.00..1629.00 rows=100000 width=12) (actual rows=100000 loops=1)
                          Buffers: shared hit=629
Planning Time: 0.269 ms
Execution Time: 79.434 ms",77.5296,77.457,79.3635,79.4904,4258.46,4258.46,4995,4995,4995,4995
647,1126,188,Medium,"select t_cte_4.c_business_id0 as business_id from (select distinct t_events_0.business_id as c_business_id0, avg(t_events_0.occurences) over ( partition by t_events_0.event_type ) as c_0, t_events_0.occurences as c_occurences0, t_events_0.event_type as c_event_type0 from schema_1126.events as t_events_0) as t_cte_4 where t_cte_4.c_0 < t_cte_4.c_occurences0 group by t_cte_4.c_business_id0 having 1 < count(t_cte_4.c_event_type0)",262.304,12952.99,4995,"HashAggregate  (cost=12950.49..12952.99 rows=67 width=4) (actual rows=4995 loops=1)
  Group Key: t_cte_4.c_business_id0
  Filter: (1 < count(t_cte_4.c_event_type0))
  Batches: 1  Memory Usage: 737kB
  Rows Removed by Filter: 4
  Buffers: shared hit=629, temp read=820 written=1172
  ->  Subquery Scan on t_cte_4  (cost=12683.82..12933.82 rows=3333 width=12) (actual rows=50101 loops=1)
        Filter: (t_cte_4.c_0 < (t_cte_4.c_occurences0)::numeric)
        Rows Removed by Filter: 49899
        Buffers: shared hit=629, temp read=820 written=1172
        ->  HashAggregate  (cost=12683.82..12783.82 rows=10000 width=48) (actual rows=100000 loops=1)
              Group Key: t_events_0.business_id, avg(t_events_0.occurences) OVER (?), t_events_0.occurences, t_events_0.event_type
              Batches: 5  Memory Usage: 4153kB  Disk Usage: 3776kB
              Buffers: shared hit=629, temp read=820 written=1172
              ->  WindowAgg  (cost=9933.82..11683.82 rows=100000 width=48) (actual rows=100000 loops=1)
                    Buffers: shared hit=629, temp read=364 written=366
                    ->  Sort  (cost=9933.82..10183.82 rows=100000 width=16) (actual rows=100000 loops=1)
                          Sort Key: t_events_0.event_type
                          Sort Method: external merge  Disk: 2912kB
                          Buffers: shared hit=629, temp read=364 written=366
                          ->  Seq Scan on events t_events_0  (cost=0.00..1629.00 rows=100000 width=16) (actual rows=100000 loops=1)
                                Buffers: shared hit=629
Planning Time: 0.079 ms
Execution Time: 262.304 ms",268.074,12952.99,4995,"HashAggregate  (cost=12950.49..12952.99 rows=67 width=4) (actual rows=4995 loops=1)
  Group Key: t_cte_4.c_business_id0
  Filter: (1 < count(t_cte_4.c_event_type0))
  Batches: 1  Memory Usage: 737kB
  Rows Removed by Filter: 4
  Buffers: shared hit=629, temp read=820 written=1172
  ->  Subquery Scan on t_cte_4  (cost=12683.82..12933.82 rows=3333 width=12) (actual rows=50101 loops=1)
        Filter: (t_cte_4.c_0 < (t_cte_4.c_occurences0)::numeric)
        Rows Removed by Filter: 49899
        Buffers: shared hit=629, temp read=820 written=1172
        ->  HashAggregate  (cost=12683.82..12783.82 rows=10000 width=48) (actual rows=100000 loops=1)
              Group Key: t_events_0.business_id, avg(t_events_0.occurences) OVER (?), t_events_0.occurences, t_events_0.event_type
              Batches: 5  Memory Usage: 4153kB  Disk Usage: 3776kB
              Buffers: shared hit=629, temp read=820 written=1172
              ->  WindowAgg  (cost=9933.82..11683.82 rows=100000 width=48) (actual rows=100000 loops=1)
                    Buffers: shared hit=629, temp read=364 written=366
                    ->  Sort  (cost=9933.82..10183.82 rows=100000 width=16) (actual rows=100000 loops=1)
                          Sort Key: t_events_0.event_type
                          Sort Method: external merge  Disk: 2912kB
                          Buffers: shared hit=629, temp read=364 written=366
                          ->  Seq Scan on events t_events_0  (cost=0.00..1629.00 rows=100000 width=16) (actual rows=100000 loops=1)
                                Buffers: shared hit=629
Planning Time: 0.123 ms
Execution Time: 268.074 ms",280.504,12952.99,4995,"HashAggregate  (cost=12950.49..12952.99 rows=67 width=4) (actual rows=4995 loops=1)
  Group Key: t_cte_4.c_business_id0
  Filter: (1 < count(t_cte_4.c_event_type0))
  Batches: 1  Memory Usage: 737kB
  Rows Removed by Filter: 4
  Buffers: shared hit=629, temp read=820 written=1172
  ->  Subquery Scan on t_cte_4  (cost=12683.82..12933.82 rows=3333 width=12) (actual rows=50101 loops=1)
        Filter: (t_cte_4.c_0 < (t_cte_4.c_occurences0)::numeric)
        Rows Removed by Filter: 49899
        Buffers: shared hit=629, temp read=820 written=1172
        ->  HashAggregate  (cost=12683.82..12783.82 rows=10000 width=48) (actual rows=100000 loops=1)
              Group Key: t_events_0.business_id, avg(t_events_0.occurences) OVER (?), t_events_0.occurences, t_events_0.event_type
              Batches: 5  Memory Usage: 4153kB  Disk Usage: 3776kB
              Buffers: shared hit=629, temp read=820 written=1172
              ->  WindowAgg  (cost=9933.82..11683.82 rows=100000 width=48) (actual rows=100000 loops=1)
                    Buffers: shared hit=629, temp read=364 written=366
                    ->  Sort  (cost=9933.82..10183.82 rows=100000 width=16) (actual rows=100000 loops=1)
                          Sort Key: t_events_0.event_type
                          Sort Method: external merge  Disk: 2912kB
                          Buffers: shared hit=629, temp read=364 written=366
                          ->  Seq Scan on events t_events_0  (cost=0.00..1629.00 rows=100000 width=16) (actual rows=100000 loops=1)
                                Buffers: shared hit=629
Planning Time: 0.113 ms
Execution Time: 280.504 ms",270.307,12952.99,4995,"HashAggregate  (cost=12950.49..12952.99 rows=67 width=4) (actual rows=4995 loops=1)
  Group Key: t_cte_4.c_business_id0
  Filter: (1 < count(t_cte_4.c_event_type0))
  Batches: 1  Memory Usage: 737kB
  Rows Removed by Filter: 4
  Buffers: shared hit=629, temp read=820 written=1172
  ->  Subquery Scan on t_cte_4  (cost=12683.82..12933.82 rows=3333 width=12) (actual rows=50101 loops=1)
        Filter: (t_cte_4.c_0 < (t_cte_4.c_occurences0)::numeric)
        Rows Removed by Filter: 49899
        Buffers: shared hit=629, temp read=820 written=1172
        ->  HashAggregate  (cost=12683.82..12783.82 rows=10000 width=48) (actual rows=100000 loops=1)
              Group Key: t_events_0.business_id, avg(t_events_0.occurences) OVER (?), t_events_0.occurences, t_events_0.event_type
              Batches: 5  Memory Usage: 4153kB  Disk Usage: 3776kB
              Buffers: shared hit=629, temp read=820 written=1172
              ->  WindowAgg  (cost=9933.82..11683.82 rows=100000 width=48) (actual rows=100000 loops=1)
                    Buffers: shared hit=629, temp read=364 written=366
                    ->  Sort  (cost=9933.82..10183.82 rows=100000 width=16) (actual rows=100000 loops=1)
                          Sort Key: t_events_0.event_type
                          Sort Method: external merge  Disk: 2912kB
                          Buffers: shared hit=629, temp read=364 written=366
                          ->  Seq Scan on events t_events_0  (cost=0.00..1629.00 rows=100000 width=16) (actual rows=100000 loops=1)
                                Buffers: shared hit=629
Planning Time: 0.129 ms
Execution Time: 270.307 ms",281.892,12952.99,4995,"HashAggregate  (cost=12950.49..12952.99 rows=67 width=4) (actual rows=4995 loops=1)
  Group Key: t_cte_4.c_business_id0
  Filter: (1 < count(t_cte_4.c_event_type0))
  Batches: 1  Memory Usage: 737kB
  Rows Removed by Filter: 4
  Buffers: shared hit=629, temp read=820 written=1172
  ->  Subquery Scan on t_cte_4  (cost=12683.82..12933.82 rows=3333 width=12) (actual rows=50101 loops=1)
        Filter: (t_cte_4.c_0 < (t_cte_4.c_occurences0)::numeric)
        Rows Removed by Filter: 49899
        Buffers: shared hit=629, temp read=820 written=1172
        ->  HashAggregate  (cost=12683.82..12783.82 rows=10000 width=48) (actual rows=100000 loops=1)
              Group Key: t_events_0.business_id, avg(t_events_0.occurences) OVER (?), t_events_0.occurences, t_events_0.event_type
              Batches: 5  Memory Usage: 4153kB  Disk Usage: 3776kB
              Buffers: shared hit=629, temp read=820 written=1172
              ->  WindowAgg  (cost=9933.82..11683.82 rows=100000 width=48) (actual rows=100000 loops=1)
                    Buffers: shared hit=629, temp read=364 written=366
                    ->  Sort  (cost=9933.82..10183.82 rows=100000 width=16) (actual rows=100000 loops=1)
                          Sort Key: t_events_0.event_type
                          Sort Method: external merge  Disk: 2912kB
                          Buffers: shared hit=629, temp read=364 written=366
                          ->  Seq Scan on events t_events_0  (cost=0.00..1629.00 rows=100000 width=16) (actual rows=100000 loops=1)
                                Buffers: shared hit=629
Planning Time: 0.139 ms
Execution Time: 281.892 ms",272.6162,270.307,281.198,282.4472,12952.99,12952.99,4995,4995,4995,4995
649,1126,190,Medium,"select t_cte_27.c_business_id0 as business_id from (select distinct t_events_0.business_id as c_business_id0, t_events_0.occurences as c_occurences0, avg(t_events_0.occurences) over ( partition by t_events_0.event_type ) as c_0, t_events_0.event_type as c_event_type0 from schema_1126.events as t_events_0) as t_cte_27 where t_cte_27.c_0 < t_cte_27.c_occurences0 group by t_cte_27.c_business_id0 having 1 < count(t_cte_27.c_event_type0)",262.958,12952.99,4995,"HashAggregate  (cost=12950.49..12952.99 rows=67 width=4) (actual rows=4995 loops=1)
  Group Key: t_cte_27.c_business_id0
  Filter: (1 < count(t_cte_27.c_event_type0))
  Batches: 1  Memory Usage: 737kB
  Rows Removed by Filter: 4
  Buffers: shared hit=629, temp read=796 written=1149
  ->  Subquery Scan on t_cte_27  (cost=12683.82..12933.82 rows=3333 width=12) (actual rows=50101 loops=1)
        Filter: (t_cte_27.c_0 < (t_cte_27.c_occurences0)::numeric)
        Rows Removed by Filter: 49899
        Buffers: shared hit=629, temp read=796 written=1149
        ->  HashAggregate  (cost=12683.82..12783.82 rows=10000 width=48) (actual rows=100000 loops=1)
              Group Key: t_events_0.business_id, t_events_0.occurences, avg(t_events_0.occurences) OVER (?), t_events_0.event_type
              Batches: 5  Memory Usage: 4153kB  Disk Usage: 3736kB
              Buffers: shared hit=629, temp read=796 written=1149
              ->  WindowAgg  (cost=9933.82..11683.82 rows=100000 width=48) (actual rows=100000 loops=1)
                    Buffers: shared hit=629, temp read=364 written=366
                    ->  Sort  (cost=9933.82..10183.82 rows=100000 width=16) (actual rows=100000 loops=1)
                          Sort Key: t_events_0.event_type
                          Sort Method: external merge  Disk: 2912kB
                          Buffers: shared hit=629, temp read=364 written=366
                          ->  Seq Scan on events t_events_0  (cost=0.00..1629.00 rows=100000 width=16) (actual rows=100000 loops=1)
                                Buffers: shared hit=629
Planning Time: 0.081 ms
Execution Time: 262.958 ms",271.185,12952.99,4995,"HashAggregate  (cost=12950.49..12952.99 rows=67 width=4) (actual rows=4995 loops=1)
  Group Key: t_cte_27.c_business_id0
  Filter: (1 < count(t_cte_27.c_event_type0))
  Batches: 1  Memory Usage: 737kB
  Rows Removed by Filter: 4
  Buffers: shared hit=629, temp read=796 written=1149
  ->  Subquery Scan on t_cte_27  (cost=12683.82..12933.82 rows=3333 width=12) (actual rows=50101 loops=1)
        Filter: (t_cte_27.c_0 < (t_cte_27.c_occurences0)::numeric)
        Rows Removed by Filter: 49899
        Buffers: shared hit=629, temp read=796 written=1149
        ->  HashAggregate  (cost=12683.82..12783.82 rows=10000 width=48) (actual rows=100000 loops=1)
              Group Key: t_events_0.business_id, t_events_0.occurences, avg(t_events_0.occurences) OVER (?), t_events_0.event_type
              Batches: 5  Memory Usage: 4153kB  Disk Usage: 3736kB
              Buffers: shared hit=629, temp read=796 written=1149
              ->  WindowAgg  (cost=9933.82..11683.82 rows=100000 width=48) (actual rows=100000 loops=1)
                    Buffers: shared hit=629, temp read=364 written=366
                    ->  Sort  (cost=9933.82..10183.82 rows=100000 width=16) (actual rows=100000 loops=1)
                          Sort Key: t_events_0.event_type
                          Sort Method: external merge  Disk: 2912kB
                          Buffers: shared hit=629, temp read=364 written=366
                          ->  Seq Scan on events t_events_0  (cost=0.00..1629.00 rows=100000 width=16) (actual rows=100000 loops=1)
                                Buffers: shared hit=629
Planning Time: 0.114 ms
Execution Time: 271.185 ms",274.119,12952.99,4995,"HashAggregate  (cost=12950.49..12952.99 rows=67 width=4) (actual rows=4995 loops=1)
  Group Key: t_cte_27.c_business_id0
  Filter: (1 < count(t_cte_27.c_event_type0))
  Batches: 1  Memory Usage: 737kB
  Rows Removed by Filter: 4
  Buffers: shared hit=629, temp read=796 written=1149
  ->  Subquery Scan on t_cte_27  (cost=12683.82..12933.82 rows=3333 width=12) (actual rows=50101 loops=1)
        Filter: (t_cte_27.c_0 < (t_cte_27.c_occurences0)::numeric)
        Rows Removed by Filter: 49899
        Buffers: shared hit=629, temp read=796 written=1149
        ->  HashAggregate  (cost=12683.82..12783.82 rows=10000 width=48) (actual rows=100000 loops=1)
              Group Key: t_events_0.business_id, t_events_0.occurences, avg(t_events_0.occurences) OVER (?), t_events_0.event_type
              Batches: 5  Memory Usage: 4153kB  Disk Usage: 3736kB
              Buffers: shared hit=629, temp read=796 written=1149
              ->  WindowAgg  (cost=9933.82..11683.82 rows=100000 width=48) (actual rows=100000 loops=1)
                    Buffers: shared hit=629, temp read=364 written=366
                    ->  Sort  (cost=9933.82..10183.82 rows=100000 width=16) (actual rows=100000 loops=1)
                          Sort Key: t_events_0.event_type
                          Sort Method: external merge  Disk: 2912kB
                          Buffers: shared hit=629, temp read=364 written=366
                          ->  Seq Scan on events t_events_0  (cost=0.00..1629.00 rows=100000 width=16) (actual rows=100000 loops=1)
                                Buffers: shared hit=629
Planning Time: 0.132 ms
Execution Time: 274.119 ms",267.621,12952.99,4995,"HashAggregate  (cost=12950.49..12952.99 rows=67 width=4) (actual rows=4995 loops=1)
  Group Key: t_cte_27.c_business_id0
  Filter: (1 < count(t_cte_27.c_event_type0))
  Batches: 1  Memory Usage: 737kB
  Rows Removed by Filter: 4
  Buffers: shared hit=629, temp read=796 written=1149
  ->  Subquery Scan on t_cte_27  (cost=12683.82..12933.82 rows=3333 width=12) (actual rows=50101 loops=1)
        Filter: (t_cte_27.c_0 < (t_cte_27.c_occurences0)::numeric)
        Rows Removed by Filter: 49899
        Buffers: shared hit=629, temp read=796 written=1149
        ->  HashAggregate  (cost=12683.82..12783.82 rows=10000 width=48) (actual rows=100000 loops=1)
              Group Key: t_events_0.business_id, t_events_0.occurences, avg(t_events_0.occurences) OVER (?), t_events_0.event_type
              Batches: 5  Memory Usage: 4153kB  Disk Usage: 3736kB
              Buffers: shared hit=629, temp read=796 written=1149
              ->  WindowAgg  (cost=9933.82..11683.82 rows=100000 width=48) (actual rows=100000 loops=1)
                    Buffers: shared hit=629, temp read=364 written=366
                    ->  Sort  (cost=9933.82..10183.82 rows=100000 width=16) (actual rows=100000 loops=1)
                          Sort Key: t_events_0.event_type
                          Sort Method: external merge  Disk: 2912kB
                          Buffers: shared hit=629, temp read=364 written=366
                          ->  Seq Scan on events t_events_0  (cost=0.00..1629.00 rows=100000 width=16) (actual rows=100000 loops=1)
                                Buffers: shared hit=629
Planning Time: 0.116 ms
Execution Time: 267.621 ms",272.775,12952.99,4995,"HashAggregate  (cost=12950.49..12952.99 rows=67 width=4) (actual rows=4995 loops=1)
  Group Key: t_cte_27.c_business_id0
  Filter: (1 < count(t_cte_27.c_event_type0))
  Batches: 1  Memory Usage: 737kB
  Rows Removed by Filter: 4
  Buffers: shared hit=629, temp read=796 written=1149
  ->  Subquery Scan on t_cte_27  (cost=12683.82..12933.82 rows=3333 width=12) (actual rows=50101 loops=1)
        Filter: (t_cte_27.c_0 < (t_cte_27.c_occurences0)::numeric)
        Rows Removed by Filter: 49899
        Buffers: shared hit=629, temp read=796 written=1149
        ->  HashAggregate  (cost=12683.82..12783.82 rows=10000 width=48) (actual rows=100000 loops=1)
              Group Key: t_events_0.business_id, t_events_0.occurences, avg(t_events_0.occurences) OVER (?), t_events_0.event_type
              Batches: 5  Memory Usage: 4153kB  Disk Usage: 3736kB
              Buffers: shared hit=629, temp read=796 written=1149
              ->  WindowAgg  (cost=9933.82..11683.82 rows=100000 width=48) (actual rows=100000 loops=1)
                    Buffers: shared hit=629, temp read=364 written=366
                    ->  Sort  (cost=9933.82..10183.82 rows=100000 width=16) (actual rows=100000 loops=1)
                          Sort Key: t_events_0.event_type
                          Sort Method: external merge  Disk: 2912kB
                          Buffers: shared hit=629, temp read=364 written=366
                          ->  Seq Scan on events t_events_0  (cost=0.00..1629.00 rows=100000 width=16) (actual rows=100000 loops=1)
                                Buffers: shared hit=629
Planning Time: 0.126 ms
Execution Time: 272.775 ms",269.7316,271.185,273.447,274.6566,12952.99,12952.99,4995,4995,4995,4995
652,1126,196,Medium,"select e2.business_id as business_id from schema_1126.events as e2 inner join (select t_events_0.event_type as c_event_type0, avg(t_events_0.occurences) as c_avg0 from schema_1126.events as t_events_0 group by t_events_0.event_type) as e1 on e1.c_avg0 < e2.occurences where e1.c_event_type0 = e2.event_type group by e2.business_id having 1 < count(e1.c_event_type0)",71.749,4258.46,4995,"HashAggregate  (cost=4196.03..4258.46 rows=1665 width=4) (actual rows=4995 loops=1)
  Group Key: e2.business_id
  Filter: (1 < count(t_events_0.event_type))
  Batches: 1  Memory Usage: 721kB
  Rows Removed by Filter: 4
  Buffers: shared hit=1258
  ->  Hash Join  (cost=2132.50..4029.37 rows=33333 width=12) (actual rows=50101 loops=1)
        Hash Cond: ((e2.event_type)::text = (t_events_0.event_type)::text)
        Join Filter: ((avg(t_events_0.occurences)) < (e2.occurences)::numeric)
        Rows Removed by Join Filter: 49899
        Buffers: shared hit=1258
        ->  Seq Scan on events e2  (cost=0.00..1629.00 rows=100000 width=16) (actual rows=100000 loops=1)
              Buffers: shared hit=629
        ->  Hash  (cost=2131.25..2131.25 rows=100 width=40) (actual rows=100 loops=1)
              Buckets: 1024  Batches: 1  Memory Usage: 14kB
              Buffers: shared hit=629
              ->  HashAggregate  (cost=2129.00..2130.25 rows=100 width=40) (actual rows=100 loops=1)
                    Group Key: t_events_0.event_type
                    Batches: 1  Memory Usage: 32kB
                    Buffers: shared hit=629
                    ->  Seq Scan on events t_events_0  (cost=0.00..1629.00 rows=100000 width=12) (actual rows=100000 loops=1)
                          Buffers: shared hit=629
Planning Time: 0.195 ms
Execution Time: 71.749 ms",81.136,4258.46,4995,"HashAggregate  (cost=4196.03..4258.46 rows=1665 width=4) (actual rows=4995 loops=1)
  Group Key: e2.business_id
  Filter: (1 < count(t_events_0.event_type))
  Batches: 1  Memory Usage: 721kB
  Rows Removed by Filter: 4
  Buffers: shared hit=1258
  ->  Hash Join  (cost=2132.50..4029.37 rows=33333 width=12) (actual rows=50101 loops=1)
        Hash Cond: ((e2.event_type)::text = (t_events_0.event_type)::text)
        Join Filter: ((avg(t_events_0.occurences)) < (e2.occurences)::numeric)
        Rows Removed by Join Filter: 49899
        Buffers: shared hit=1258
        ->  Seq Scan on events e2  (cost=0.00..1629.00 rows=100000 width=16) (actual rows=100000 loops=1)
              Buffers: shared hit=629
        ->  Hash  (cost=2131.25..2131.25 rows=100 width=40) (actual rows=100 loops=1)
              Buckets: 1024  Batches: 1  Memory Usage: 14kB
              Buffers: shared hit=629
              ->  HashAggregate  (cost=2129.00..2130.25 rows=100 width=40) (actual rows=100 loops=1)
                    Group Key: t_events_0.event_type
                    Batches: 1  Memory Usage: 32kB
                    Buffers: shared hit=629
                    ->  Seq Scan on events t_events_0  (cost=0.00..1629.00 rows=100000 width=12) (actual rows=100000 loops=1)
                          Buffers: shared hit=629
Planning Time: 0.274 ms
Execution Time: 81.136 ms",77.319,4258.46,4995,"HashAggregate  (cost=4196.03..4258.46 rows=1665 width=4) (actual rows=4995 loops=1)
  Group Key: e2.business_id
  Filter: (1 < count(t_events_0.event_type))
  Batches: 1  Memory Usage: 721kB
  Rows Removed by Filter: 4
  Buffers: shared hit=1258
  ->  Hash Join  (cost=2132.50..4029.37 rows=33333 width=12) (actual rows=50101 loops=1)
        Hash Cond: ((e2.event_type)::text = (t_events_0.event_type)::text)
        Join Filter: ((avg(t_events_0.occurences)) < (e2.occurences)::numeric)
        Rows Removed by Join Filter: 49899
        Buffers: shared hit=1258
        ->  Seq Scan on events e2  (cost=0.00..1629.00 rows=100000 width=16) (actual rows=100000 loops=1)
              Buffers: shared hit=629
        ->  Hash  (cost=2131.25..2131.25 rows=100 width=40) (actual rows=100 loops=1)
              Buckets: 1024  Batches: 1  Memory Usage: 14kB
              Buffers: shared hit=629
              ->  HashAggregate  (cost=2129.00..2130.25 rows=100 width=40) (actual rows=100 loops=1)
                    Group Key: t_events_0.event_type
                    Batches: 1  Memory Usage: 32kB
                    Buffers: shared hit=629
                    ->  Seq Scan on events t_events_0  (cost=0.00..1629.00 rows=100000 width=12) (actual rows=100000 loops=1)
                          Buffers: shared hit=629
Planning Time: 0.245 ms
Execution Time: 77.319 ms",78.014,4258.46,4995,"HashAggregate  (cost=4196.03..4258.46 rows=1665 width=4) (actual rows=4995 loops=1)
  Group Key: e2.business_id
  Filter: (1 < count(t_events_0.event_type))
  Batches: 1  Memory Usage: 721kB
  Rows Removed by Filter: 4
  Buffers: shared hit=1258
  ->  Hash Join  (cost=2132.50..4029.37 rows=33333 width=12) (actual rows=50101 loops=1)
        Hash Cond: ((e2.event_type)::text = (t_events_0.event_type)::text)
        Join Filter: ((avg(t_events_0.occurences)) < (e2.occurences)::numeric)
        Rows Removed by Join Filter: 49899
        Buffers: shared hit=1258
        ->  Seq Scan on events e2  (cost=0.00..1629.00 rows=100000 width=16) (actual rows=100000 loops=1)
              Buffers: shared hit=629
        ->  Hash  (cost=2131.25..2131.25 rows=100 width=40) (actual rows=100 loops=1)
              Buckets: 1024  Batches: 1  Memory Usage: 14kB
              Buffers: shared hit=629
              ->  HashAggregate  (cost=2129.00..2130.25 rows=100 width=40) (actual rows=100 loops=1)
                    Group Key: t_events_0.event_type
                    Batches: 1  Memory Usage: 32kB
                    Buffers: shared hit=629
                    ->  Seq Scan on events t_events_0  (cost=0.00..1629.00 rows=100000 width=12) (actual rows=100000 loops=1)
                          Buffers: shared hit=629
Planning Time: 0.355 ms
Execution Time: 78.014 ms",78.339,4258.46,4995,"HashAggregate  (cost=4196.03..4258.46 rows=1665 width=4) (actual rows=4995 loops=1)
  Group Key: e2.business_id
  Filter: (1 < count(t_events_0.event_type))
  Batches: 1  Memory Usage: 721kB
  Rows Removed by Filter: 4
  Buffers: shared hit=1258
  ->  Hash Join  (cost=2132.50..4029.37 rows=33333 width=12) (actual rows=50101 loops=1)
        Hash Cond: ((e2.event_type)::text = (t_events_0.event_type)::text)
        Join Filter: ((avg(t_events_0.occurences)) < (e2.occurences)::numeric)
        Rows Removed by Join Filter: 49899
        Buffers: shared hit=1258
        ->  Seq Scan on events e2  (cost=0.00..1629.00 rows=100000 width=16) (actual rows=100000 loops=1)
              Buffers: shared hit=629
        ->  Hash  (cost=2131.25..2131.25 rows=100 width=40) (actual rows=100 loops=1)
              Buckets: 1024  Batches: 1  Memory Usage: 14kB
              Buffers: shared hit=629
              ->  HashAggregate  (cost=2129.00..2130.25 rows=100 width=40) (actual rows=100 loops=1)
                    Group Key: t_events_0.event_type
                    Batches: 1  Memory Usage: 32kB
                    Buffers: shared hit=629
                    ->  Seq Scan on events t_events_0  (cost=0.00..1629.00 rows=100000 width=12) (actual rows=100000 loops=1)
                          Buffers: shared hit=629
Planning Time: 0.279 ms
Execution Time: 78.339 ms",77.3114,78.014,79.7375,82.2548,4258.46,4258.46,4995,4995,4995,4995
653,1126,197,Medium,"select e2.business_id as business_id from schema_1126.events as e2 inner join (select t_events_0.event_type as c_event_type0, avg(t_events_0.occurences) as c_avg0 from schema_1126.events as t_events_0 group by t_events_0.event_type) as e1 on e1.c_avg0 < e2.occurences where e1.c_event_type0 = e2.event_type group by e2.business_id having 1 < count(e2.event_type)",73.147,4258.46,4995,"HashAggregate  (cost=4196.03..4258.46 rows=1665 width=4) (actual rows=4995 loops=1)
  Group Key: e2.business_id
  Filter: (1 < count(e2.event_type))
  Batches: 1  Memory Usage: 721kB
  Rows Removed by Filter: 4
  Buffers: shared hit=1258
  ->  Hash Join  (cost=2132.50..4029.37 rows=33333 width=12) (actual rows=50101 loops=1)
        Hash Cond: ((e2.event_type)::text = (e1.c_event_type0)::text)
        Join Filter: (e1.c_avg0 < (e2.occurences)::numeric)
        Rows Removed by Join Filter: 49899
        Buffers: shared hit=1258
        ->  Seq Scan on events e2  (cost=0.00..1629.00 rows=100000 width=16) (actual rows=100000 loops=1)
              Buffers: shared hit=629
        ->  Hash  (cost=2131.25..2131.25 rows=100 width=40) (actual rows=100 loops=1)
              Buckets: 1024  Batches: 1  Memory Usage: 14kB
              Buffers: shared hit=629
              ->  Subquery Scan on e1  (cost=2129.00..2131.25 rows=100 width=40) (actual rows=100 loops=1)
                    Buffers: shared hit=629
                    ->  HashAggregate  (cost=2129.00..2130.25 rows=100 width=40) (actual rows=100 loops=1)
                          Group Key: t_events_0.event_type
                          Batches: 1  Memory Usage: 32kB
                          Buffers: shared hit=629
                          ->  Seq Scan on events t_events_0  (cost=0.00..1629.00 rows=100000 width=12) (actual rows=100000 loops=1)
                                Buffers: shared hit=629
Planning Time: 0.267 ms
Execution Time: 73.147 ms",75.674,4258.46,4995,"HashAggregate  (cost=4196.03..4258.46 rows=1665 width=4) (actual rows=4995 loops=1)
  Group Key: e2.business_id
  Filter: (1 < count(e2.event_type))
  Batches: 1  Memory Usage: 721kB
  Rows Removed by Filter: 4
  Buffers: shared hit=1258
  ->  Hash Join  (cost=2132.50..4029.37 rows=33333 width=12) (actual rows=50101 loops=1)
        Hash Cond: ((e2.event_type)::text = (e1.c_event_type0)::text)
        Join Filter: (e1.c_avg0 < (e2.occurences)::numeric)
        Rows Removed by Join Filter: 49899
        Buffers: shared hit=1258
        ->  Seq Scan on events e2  (cost=0.00..1629.00 rows=100000 width=16) (actual rows=100000 loops=1)
              Buffers: shared hit=629
        ->  Hash  (cost=2131.25..2131.25 rows=100 width=40) (actual rows=100 loops=1)
              Buckets: 1024  Batches: 1  Memory Usage: 14kB
              Buffers: shared hit=629
              ->  Subquery Scan on e1  (cost=2129.00..2131.25 rows=100 width=40) (actual rows=100 loops=1)
                    Buffers: shared hit=629
                    ->  HashAggregate  (cost=2129.00..2130.25 rows=100 width=40) (actual rows=100 loops=1)
                          Group Key: t_events_0.event_type
                          Batches: 1  Memory Usage: 32kB
                          Buffers: shared hit=629
                          ->  Seq Scan on events t_events_0  (cost=0.00..1629.00 rows=100000 width=12) (actual rows=100000 loops=1)
                                Buffers: shared hit=629
Planning Time: 0.364 ms
Execution Time: 75.674 ms",78.347,4258.46,4995,"HashAggregate  (cost=4196.03..4258.46 rows=1665 width=4) (actual rows=4995 loops=1)
  Group Key: e2.business_id
  Filter: (1 < count(e2.event_type))
  Batches: 1  Memory Usage: 721kB
  Rows Removed by Filter: 4
  Buffers: shared hit=1258
  ->  Hash Join  (cost=2132.50..4029.37 rows=33333 width=12) (actual rows=50101 loops=1)
        Hash Cond: ((e2.event_type)::text = (e1.c_event_type0)::text)
        Join Filter: (e1.c_avg0 < (e2.occurences)::numeric)
        Rows Removed by Join Filter: 49899
        Buffers: shared hit=1258
        ->  Seq Scan on events e2  (cost=0.00..1629.00 rows=100000 width=16) (actual rows=100000 loops=1)
              Buffers: shared hit=629
        ->  Hash  (cost=2131.25..2131.25 rows=100 width=40) (actual rows=100 loops=1)
              Buckets: 1024  Batches: 1  Memory Usage: 14kB
              Buffers: shared hit=629
              ->  Subquery Scan on e1  (cost=2129.00..2131.25 rows=100 width=40) (actual rows=100 loops=1)
                    Buffers: shared hit=629
                    ->  HashAggregate  (cost=2129.00..2130.25 rows=100 width=40) (actual rows=100 loops=1)
                          Group Key: t_events_0.event_type
                          Batches: 1  Memory Usage: 32kB
                          Buffers: shared hit=629
                          ->  Seq Scan on events t_events_0  (cost=0.00..1629.00 rows=100000 width=12) (actual rows=100000 loops=1)
                                Buffers: shared hit=629
Planning Time: 0.280 ms
Execution Time: 78.347 ms",74.531,4258.46,4995,"HashAggregate  (cost=4196.03..4258.46 rows=1665 width=4) (actual rows=4995 loops=1)
  Group Key: e2.business_id
  Filter: (1 < count(e2.event_type))
  Batches: 1  Memory Usage: 721kB
  Rows Removed by Filter: 4
  Buffers: shared hit=1258
  ->  Hash Join  (cost=2132.50..4029.37 rows=33333 width=12) (actual rows=50101 loops=1)
        Hash Cond: ((e2.event_type)::text = (e1.c_event_type0)::text)
        Join Filter: (e1.c_avg0 < (e2.occurences)::numeric)
        Rows Removed by Join Filter: 49899
        Buffers: shared hit=1258
        ->  Seq Scan on events e2  (cost=0.00..1629.00 rows=100000 width=16) (actual rows=100000 loops=1)
              Buffers: shared hit=629
        ->  Hash  (cost=2131.25..2131.25 rows=100 width=40) (actual rows=100 loops=1)
              Buckets: 1024  Batches: 1  Memory Usage: 14kB
              Buffers: shared hit=629
              ->  Subquery Scan on e1  (cost=2129.00..2131.25 rows=100 width=40) (actual rows=100 loops=1)
                    Buffers: shared hit=629
                    ->  HashAggregate  (cost=2129.00..2130.25 rows=100 width=40) (actual rows=100 loops=1)
                          Group Key: t_events_0.event_type
                          Batches: 1  Memory Usage: 32kB
                          Buffers: shared hit=629
                          ->  Seq Scan on events t_events_0  (cost=0.00..1629.00 rows=100000 width=12) (actual rows=100000 loops=1)
                                Buffers: shared hit=629
Planning Time: 0.299 ms
Execution Time: 74.531 ms",77.137,4258.46,4995,"HashAggregate  (cost=4196.03..4258.46 rows=1665 width=4) (actual rows=4995 loops=1)
  Group Key: e2.business_id
  Filter: (1 < count(e2.event_type))
  Batches: 1  Memory Usage: 721kB
  Rows Removed by Filter: 4
  Buffers: shared hit=1258
  ->  Hash Join  (cost=2132.50..4029.37 rows=33333 width=12) (actual rows=50101 loops=1)
        Hash Cond: ((e2.event_type)::text = (e1.c_event_type0)::text)
        Join Filter: (e1.c_avg0 < (e2.occurences)::numeric)
        Rows Removed by Join Filter: 49899
        Buffers: shared hit=1258
        ->  Seq Scan on events e2  (cost=0.00..1629.00 rows=100000 width=16) (actual rows=100000 loops=1)
              Buffers: shared hit=629
        ->  Hash  (cost=2131.25..2131.25 rows=100 width=40) (actual rows=100 loops=1)
              Buckets: 1024  Batches: 1  Memory Usage: 14kB
              Buffers: shared hit=629
              ->  Subquery Scan on e1  (cost=2129.00..2131.25 rows=100 width=40) (actual rows=100 loops=1)
                    Buffers: shared hit=629
                    ->  HashAggregate  (cost=2129.00..2130.25 rows=100 width=40) (actual rows=100 loops=1)
                          Group Key: t_events_0.event_type
                          Batches: 1  Memory Usage: 32kB
                          Buffers: shared hit=629
                          ->  Seq Scan on events t_events_0  (cost=0.00..1629.00 rows=100000 width=12) (actual rows=100000 loops=1)
                                Buffers: shared hit=629
Planning Time: 0.438 ms
Execution Time: 77.137 ms",75.7672,75.674,77.742,78.831,4258.46,4258.46,4995,4995,4995,4995
654,1126,198,Medium,"select e2.business_id as business_id from schema_1126.events as e2 inner join (select e1.event_type as c_event_type0, avg(e1.occurences) as c_avg0 from schema_1126.events as e1 group by e1.event_type) as temp1 on temp1.c_event_type0 = e2.event_type where temp1.c_avg0 < e2.occurences group by e2.business_id having 1 < count(temp1.c_event_type0)",71.78,4258.46,4995,"HashAggregate  (cost=4196.03..4258.46 rows=1665 width=4) (actual rows=4995 loops=1)
  Group Key: e2.business_id
  Filter: (1 < count(e1.event_type))
  Batches: 1  Memory Usage: 721kB
  Rows Removed by Filter: 4
  Buffers: shared hit=1258
  ->  Hash Join  (cost=2132.50..4029.37 rows=33333 width=12) (actual rows=50101 loops=1)
        Hash Cond: ((e2.event_type)::text = (e1.event_type)::text)
        Join Filter: ((avg(e1.occurences)) < (e2.occurences)::numeric)
        Rows Removed by Join Filter: 49899
        Buffers: shared hit=1258
        ->  Seq Scan on events e2  (cost=0.00..1629.00 rows=100000 width=16) (actual rows=100000 loops=1)
              Buffers: shared hit=629
        ->  Hash  (cost=2131.25..2131.25 rows=100 width=40) (actual rows=100 loops=1)
              Buckets: 1024  Batches: 1  Memory Usage: 14kB
              Buffers: shared hit=629
              ->  HashAggregate  (cost=2129.00..2130.25 rows=100 width=40) (actual rows=100 loops=1)
                    Group Key: e1.event_type
                    Batches: 1  Memory Usage: 32kB
                    Buffers: shared hit=629
                    ->  Seq Scan on events e1  (cost=0.00..1629.00 rows=100000 width=12) (actual rows=100000 loops=1)
                          Buffers: shared hit=629
Planning Time: 0.187 ms
Execution Time: 71.780 ms",83.102,4258.46,4995,"HashAggregate  (cost=4196.03..4258.46 rows=1665 width=4) (actual rows=4995 loops=1)
  Group Key: e2.business_id
  Filter: (1 < count(e1.event_type))
  Batches: 1  Memory Usage: 721kB
  Rows Removed by Filter: 4
  Buffers: shared hit=1258
  ->  Hash Join  (cost=2132.50..4029.37 rows=33333 width=12) (actual rows=50101 loops=1)
        Hash Cond: ((e2.event_type)::text = (e1.event_type)::text)
        Join Filter: ((avg(e1.occurences)) < (e2.occurences)::numeric)
        Rows Removed by Join Filter: 49899
        Buffers: shared hit=1258
        ->  Seq Scan on events e2  (cost=0.00..1629.00 rows=100000 width=16) (actual rows=100000 loops=1)
              Buffers: shared hit=629
        ->  Hash  (cost=2131.25..2131.25 rows=100 width=40) (actual rows=100 loops=1)
              Buckets: 1024  Batches: 1  Memory Usage: 14kB
              Buffers: shared hit=629
              ->  HashAggregate  (cost=2129.00..2130.25 rows=100 width=40) (actual rows=100 loops=1)
                    Group Key: e1.event_type
                    Batches: 1  Memory Usage: 32kB
                    Buffers: shared hit=629
                    ->  Seq Scan on events e1  (cost=0.00..1629.00 rows=100000 width=12) (actual rows=100000 loops=1)
                          Buffers: shared hit=629
Planning Time: 0.280 ms
Execution Time: 83.102 ms",83.695,4258.46,4995,"HashAggregate  (cost=4196.03..4258.46 rows=1665 width=4) (actual rows=4995 loops=1)
  Group Key: e2.business_id
  Filter: (1 < count(e1.event_type))
  Batches: 1  Memory Usage: 721kB
  Rows Removed by Filter: 4
  Buffers: shared hit=1258
  ->  Hash Join  (cost=2132.50..4029.37 rows=33333 width=12) (actual rows=50101 loops=1)
        Hash Cond: ((e2.event_type)::text = (e1.event_type)::text)
        Join Filter: ((avg(e1.occurences)) < (e2.occurences)::numeric)
        Rows Removed by Join Filter: 49899
        Buffers: shared hit=1258
        ->  Seq Scan on events e2  (cost=0.00..1629.00 rows=100000 width=16) (actual rows=100000 loops=1)
              Buffers: shared hit=629
        ->  Hash  (cost=2131.25..2131.25 rows=100 width=40) (actual rows=100 loops=1)
              Buckets: 1024  Batches: 1  Memory Usage: 14kB
              Buffers: shared hit=629
              ->  HashAggregate  (cost=2129.00..2130.25 rows=100 width=40) (actual rows=100 loops=1)
                    Group Key: e1.event_type
                    Batches: 1  Memory Usage: 32kB
                    Buffers: shared hit=629
                    ->  Seq Scan on events e1  (cost=0.00..1629.00 rows=100000 width=12) (actual rows=100000 loops=1)
                          Buffers: shared hit=629
Planning Time: 0.286 ms
Execution Time: 83.695 ms",79.039,4258.46,4995,"HashAggregate  (cost=4196.03..4258.46 rows=1665 width=4) (actual rows=4995 loops=1)
  Group Key: e2.business_id
  Filter: (1 < count(e1.event_type))
  Batches: 1  Memory Usage: 721kB
  Rows Removed by Filter: 4
  Buffers: shared hit=1258
  ->  Hash Join  (cost=2132.50..4029.37 rows=33333 width=12) (actual rows=50101 loops=1)
        Hash Cond: ((e2.event_type)::text = (e1.event_type)::text)
        Join Filter: ((avg(e1.occurences)) < (e2.occurences)::numeric)
        Rows Removed by Join Filter: 49899
        Buffers: shared hit=1258
        ->  Seq Scan on events e2  (cost=0.00..1629.00 rows=100000 width=16) (actual rows=100000 loops=1)
              Buffers: shared hit=629
        ->  Hash  (cost=2131.25..2131.25 rows=100 width=40) (actual rows=100 loops=1)
              Buckets: 1024  Batches: 1  Memory Usage: 14kB
              Buffers: shared hit=629
              ->  HashAggregate  (cost=2129.00..2130.25 rows=100 width=40) (actual rows=100 loops=1)
                    Group Key: e1.event_type
                    Batches: 1  Memory Usage: 32kB
                    Buffers: shared hit=629
                    ->  Seq Scan on events e1  (cost=0.00..1629.00 rows=100000 width=12) (actual rows=100000 loops=1)
                          Buffers: shared hit=629
Planning Time: 0.278 ms
Execution Time: 79.039 ms",79.126,4258.46,4995,"HashAggregate  (cost=4196.03..4258.46 rows=1665 width=4) (actual rows=4995 loops=1)
  Group Key: e2.business_id
  Filter: (1 < count(e1.event_type))
  Batches: 1  Memory Usage: 721kB
  Rows Removed by Filter: 4
  Buffers: shared hit=1258
  ->  Hash Join  (cost=2132.50..4029.37 rows=33333 width=12) (actual rows=50101 loops=1)
        Hash Cond: ((e2.event_type)::text = (e1.event_type)::text)
        Join Filter: ((avg(e1.occurences)) < (e2.occurences)::numeric)
        Rows Removed by Join Filter: 49899
        Buffers: shared hit=1258
        ->  Seq Scan on events e2  (cost=0.00..1629.00 rows=100000 width=16) (actual rows=100000 loops=1)
              Buffers: shared hit=629
        ->  Hash  (cost=2131.25..2131.25 rows=100 width=40) (actual rows=100 loops=1)
              Buckets: 1024  Batches: 1  Memory Usage: 14kB
              Buffers: shared hit=629
              ->  HashAggregate  (cost=2129.00..2130.25 rows=100 width=40) (actual rows=100 loops=1)
                    Group Key: e1.event_type
                    Batches: 1  Memory Usage: 32kB
                    Buffers: shared hit=629
                    ->  Seq Scan on events e1  (cost=0.00..1629.00 rows=100000 width=12) (actual rows=100000 loops=1)
                          Buffers: shared hit=629
Planning Time: 0.294 ms
Execution Time: 79.126 ms",79.3484,79.126,83.3985,83.9322,4258.46,4258.46,4995,4995,4995,4995
655,1126,200,Medium,"select temp2.business_id as business_id from (select t_events_0.event_type as c_event_type0, avg(t_events_0.occurences) as c_avg0 from schema_1126.events as t_events_0 group by t_events_0.event_type) as temp1 inner join schema_1126.events as temp2 on temp1.c_event_type0 = temp2.event_type where temp1.c_avg0 < temp2.occurences group by temp2.business_id having 1 < count(temp2.event_type)",71.749,4258.46,4995,"HashAggregate  (cost=4196.03..4258.46 rows=1665 width=4) (actual rows=4995 loops=1)
  Group Key: temp2.business_id
  Filter: (1 < count(temp2.event_type))
  Batches: 1  Memory Usage: 721kB
  Rows Removed by Filter: 4
  Buffers: shared hit=1258
  ->  Hash Join  (cost=2132.50..4029.37 rows=33333 width=12) (actual rows=50101 loops=1)
        Hash Cond: ((temp2.event_type)::text = (t_events_0.event_type)::text)
        Join Filter: ((avg(t_events_0.occurences)) < (temp2.occurences)::numeric)
        Rows Removed by Join Filter: 49899
        Buffers: shared hit=1258
        ->  Seq Scan on events temp2  (cost=0.00..1629.00 rows=100000 width=16) (actual rows=100000 loops=1)
              Buffers: shared hit=629
        ->  Hash  (cost=2131.25..2131.25 rows=100 width=40) (actual rows=100 loops=1)
              Buckets: 1024  Batches: 1  Memory Usage: 14kB
              Buffers: shared hit=629
              ->  HashAggregate  (cost=2129.00..2130.25 rows=100 width=40) (actual rows=100 loops=1)
                    Group Key: t_events_0.event_type
                    Batches: 1  Memory Usage: 32kB
                    Buffers: shared hit=629
                    ->  Seq Scan on events t_events_0  (cost=0.00..1629.00 rows=100000 width=12) (actual rows=100000 loops=1)
                          Buffers: shared hit=629
Planning Time: 0.129 ms
Execution Time: 71.749 ms",80.366,4258.46,4995,"HashAggregate  (cost=4196.03..4258.46 rows=1665 width=4) (actual rows=4995 loops=1)
  Group Key: temp2.business_id
  Filter: (1 < count(temp2.event_type))
  Batches: 1  Memory Usage: 721kB
  Rows Removed by Filter: 4
  Buffers: shared hit=1258
  ->  Hash Join  (cost=2132.50..4029.37 rows=33333 width=12) (actual rows=50101 loops=1)
        Hash Cond: ((temp2.event_type)::text = (t_events_0.event_type)::text)
        Join Filter: ((avg(t_events_0.occurences)) < (temp2.occurences)::numeric)
        Rows Removed by Join Filter: 49899
        Buffers: shared hit=1258
        ->  Seq Scan on events temp2  (cost=0.00..1629.00 rows=100000 width=16) (actual rows=100000 loops=1)
              Buffers: shared hit=629
        ->  Hash  (cost=2131.25..2131.25 rows=100 width=40) (actual rows=100 loops=1)
              Buckets: 1024  Batches: 1  Memory Usage: 14kB
              Buffers: shared hit=629
              ->  HashAggregate  (cost=2129.00..2130.25 rows=100 width=40) (actual rows=100 loops=1)
                    Group Key: t_events_0.event_type
                    Batches: 1  Memory Usage: 32kB
                    Buffers: shared hit=629
                    ->  Seq Scan on events t_events_0  (cost=0.00..1629.00 rows=100000 width=12) (actual rows=100000 loops=1)
                          Buffers: shared hit=629
Planning Time: 0.251 ms
Execution Time: 80.366 ms",76.723,4258.46,4995,"HashAggregate  (cost=4196.03..4258.46 rows=1665 width=4) (actual rows=4995 loops=1)
  Group Key: temp2.business_id
  Filter: (1 < count(temp2.event_type))
  Batches: 1  Memory Usage: 721kB
  Rows Removed by Filter: 4
  Buffers: shared hit=1258
  ->  Hash Join  (cost=2132.50..4029.37 rows=33333 width=12) (actual rows=50101 loops=1)
        Hash Cond: ((temp2.event_type)::text = (t_events_0.event_type)::text)
        Join Filter: ((avg(t_events_0.occurences)) < (temp2.occurences)::numeric)
        Rows Removed by Join Filter: 49899
        Buffers: shared hit=1258
        ->  Seq Scan on events temp2  (cost=0.00..1629.00 rows=100000 width=16) (actual rows=100000 loops=1)
              Buffers: shared hit=629
        ->  Hash  (cost=2131.25..2131.25 rows=100 width=40) (actual rows=100 loops=1)
              Buckets: 1024  Batches: 1  Memory Usage: 14kB
              Buffers: shared hit=629
              ->  HashAggregate  (cost=2129.00..2130.25 rows=100 width=40) (actual rows=100 loops=1)
                    Group Key: t_events_0.event_type
                    Batches: 1  Memory Usage: 32kB
                    Buffers: shared hit=629
                    ->  Seq Scan on events t_events_0  (cost=0.00..1629.00 rows=100000 width=12) (actual rows=100000 loops=1)
                          Buffers: shared hit=629
Planning Time: 0.233 ms
Execution Time: 76.723 ms",77.804,4258.46,4995,"HashAggregate  (cost=4196.03..4258.46 rows=1665 width=4) (actual rows=4995 loops=1)
  Group Key: temp2.business_id
  Filter: (1 < count(temp2.event_type))
  Batches: 1  Memory Usage: 721kB
  Rows Removed by Filter: 4
  Buffers: shared hit=1258
  ->  Hash Join  (cost=2132.50..4029.37 rows=33333 width=12) (actual rows=50101 loops=1)
        Hash Cond: ((temp2.event_type)::text = (t_events_0.event_type)::text)
        Join Filter: ((avg(t_events_0.occurences)) < (temp2.occurences)::numeric)
        Rows Removed by Join Filter: 49899
        Buffers: shared hit=1258
        ->  Seq Scan on events temp2  (cost=0.00..1629.00 rows=100000 width=16) (actual rows=100000 loops=1)
              Buffers: shared hit=629
        ->  Hash  (cost=2131.25..2131.25 rows=100 width=40) (actual rows=100 loops=1)
              Buckets: 1024  Batches: 1  Memory Usage: 14kB
              Buffers: shared hit=629
              ->  HashAggregate  (cost=2129.00..2130.25 rows=100 width=40) (actual rows=100 loops=1)
                    Group Key: t_events_0.event_type
                    Batches: 1  Memory Usage: 32kB
                    Buffers: shared hit=629
                    ->  Seq Scan on events t_events_0  (cost=0.00..1629.00 rows=100000 width=12) (actual rows=100000 loops=1)
                          Buffers: shared hit=629
Planning Time: 0.207 ms
Execution Time: 77.804 ms",77.201,4258.46,4995,"HashAggregate  (cost=4196.03..4258.46 rows=1665 width=4) (actual rows=4995 loops=1)
  Group Key: temp2.business_id
  Filter: (1 < count(temp2.event_type))
  Batches: 1  Memory Usage: 721kB
  Rows Removed by Filter: 4
  Buffers: shared hit=1258
  ->  Hash Join  (cost=2132.50..4029.37 rows=33333 width=12) (actual rows=50101 loops=1)
        Hash Cond: ((temp2.event_type)::text = (t_events_0.event_type)::text)
        Join Filter: ((avg(t_events_0.occurences)) < (temp2.occurences)::numeric)
        Rows Removed by Join Filter: 49899
        Buffers: shared hit=1258
        ->  Seq Scan on events temp2  (cost=0.00..1629.00 rows=100000 width=16) (actual rows=100000 loops=1)
              Buffers: shared hit=629
        ->  Hash  (cost=2131.25..2131.25 rows=100 width=40) (actual rows=100 loops=1)
              Buckets: 1024  Batches: 1  Memory Usage: 14kB
              Buffers: shared hit=629
              ->  HashAggregate  (cost=2129.00..2130.25 rows=100 width=40) (actual rows=100 loops=1)
                    Group Key: t_events_0.event_type
                    Batches: 1  Memory Usage: 32kB
                    Buffers: shared hit=629
                    ->  Seq Scan on events t_events_0  (cost=0.00..1629.00 rows=100000 width=12) (actual rows=100000 loops=1)
                          Buffers: shared hit=629
Planning Time: 0.185 ms
Execution Time: 77.201 ms",76.7686,77.201,79.085,81.3908,4258.46,4258.46,4995,4995,4995,4995
656,1126,203,Medium,"select a.business_id as business_id from (select t_events_0.event_type as c_event_type0, avg(t_events_0.occurences) as c_avg0 from schema_1126.events as t_events_0 group by t_events_0.event_type) as b inner join schema_1126.events as a on a.event_type = b.c_event_type0 where b.c_avg0 < a.occurences group by a.business_id having 1 < count(a.event_type)",76.163,4258.46,4995,"HashAggregate  (cost=4196.03..4258.46 rows=1665 width=4) (actual rows=4995 loops=1)
  Group Key: a.business_id
  Filter: (1 < count(a.event_type))
  Batches: 1  Memory Usage: 721kB
  Rows Removed by Filter: 4
  Buffers: shared hit=1258
  ->  Hash Join  (cost=2132.50..4029.37 rows=33333 width=12) (actual rows=50101 loops=1)
        Hash Cond: ((a.event_type)::text = (t_events_0.event_type)::text)
        Join Filter: ((avg(t_events_0.occurences)) < (a.occurences)::numeric)
        Rows Removed by Join Filter: 49899
        Buffers: shared hit=1258
        ->  Seq Scan on events a  (cost=0.00..1629.00 rows=100000 width=16) (actual rows=100000 loops=1)
              Buffers: shared hit=629
        ->  Hash  (cost=2131.25..2131.25 rows=100 width=40) (actual rows=100 loops=1)
              Buckets: 1024  Batches: 1  Memory Usage: 14kB
              Buffers: shared hit=629
              ->  HashAggregate  (cost=2129.00..2130.25 rows=100 width=40) (actual rows=100 loops=1)
                    Group Key: t_events_0.event_type
                    Batches: 1  Memory Usage: 32kB
                    Buffers: shared hit=629
                    ->  Seq Scan on events t_events_0  (cost=0.00..1629.00 rows=100000 width=12) (actual rows=100000 loops=1)
                          Buffers: shared hit=629
Planning Time: 0.129 ms
Execution Time: 76.163 ms",80.394,4258.46,4995,"HashAggregate  (cost=4196.03..4258.46 rows=1665 width=4) (actual rows=4995 loops=1)
  Group Key: a.business_id
  Filter: (1 < count(a.event_type))
  Batches: 1  Memory Usage: 721kB
  Rows Removed by Filter: 4
  Buffers: shared hit=1258
  ->  Hash Join  (cost=2132.50..4029.37 rows=33333 width=12) (actual rows=50101 loops=1)
        Hash Cond: ((a.event_type)::text = (t_events_0.event_type)::text)
        Join Filter: ((avg(t_events_0.occurences)) < (a.occurences)::numeric)
        Rows Removed by Join Filter: 49899
        Buffers: shared hit=1258
        ->  Seq Scan on events a  (cost=0.00..1629.00 rows=100000 width=16) (actual rows=100000 loops=1)
              Buffers: shared hit=629
        ->  Hash  (cost=2131.25..2131.25 rows=100 width=40) (actual rows=100 loops=1)
              Buckets: 1024  Batches: 1  Memory Usage: 14kB
              Buffers: shared hit=629
              ->  HashAggregate  (cost=2129.00..2130.25 rows=100 width=40) (actual rows=100 loops=1)
                    Group Key: t_events_0.event_type
                    Batches: 1  Memory Usage: 32kB
                    Buffers: shared hit=629
                    ->  Seq Scan on events t_events_0  (cost=0.00..1629.00 rows=100000 width=12) (actual rows=100000 loops=1)
                          Buffers: shared hit=629
Planning Time: 0.203 ms
Execution Time: 80.394 ms",80.952,4258.46,4995,"HashAggregate  (cost=4196.03..4258.46 rows=1665 width=4) (actual rows=4995 loops=1)
  Group Key: a.business_id
  Filter: (1 < count(a.event_type))
  Batches: 1  Memory Usage: 721kB
  Rows Removed by Filter: 4
  Buffers: shared hit=1258
  ->  Hash Join  (cost=2132.50..4029.37 rows=33333 width=12) (actual rows=50101 loops=1)
        Hash Cond: ((a.event_type)::text = (t_events_0.event_type)::text)
        Join Filter: ((avg(t_events_0.occurences)) < (a.occurences)::numeric)
        Rows Removed by Join Filter: 49899
        Buffers: shared hit=1258
        ->  Seq Scan on events a  (cost=0.00..1629.00 rows=100000 width=16) (actual rows=100000 loops=1)
              Buffers: shared hit=629
        ->  Hash  (cost=2131.25..2131.25 rows=100 width=40) (actual rows=100 loops=1)
              Buckets: 1024  Batches: 1  Memory Usage: 14kB
              Buffers: shared hit=629
              ->  HashAggregate  (cost=2129.00..2130.25 rows=100 width=40) (actual rows=100 loops=1)
                    Group Key: t_events_0.event_type
                    Batches: 1  Memory Usage: 32kB
                    Buffers: shared hit=629
                    ->  Seq Scan on events t_events_0  (cost=0.00..1629.00 rows=100000 width=12) (actual rows=100000 loops=1)
                          Buffers: shared hit=629
Planning Time: 0.202 ms
Execution Time: 80.952 ms",90.667,4258.46,4995,"HashAggregate  (cost=4196.03..4258.46 rows=1665 width=4) (actual rows=4995 loops=1)
  Group Key: a.business_id
  Filter: (1 < count(a.event_type))
  Batches: 1  Memory Usage: 721kB
  Rows Removed by Filter: 4
  Buffers: shared hit=1258
  ->  Hash Join  (cost=2132.50..4029.37 rows=33333 width=12) (actual rows=50101 loops=1)
        Hash Cond: ((a.event_type)::text = (t_events_0.event_type)::text)
        Join Filter: ((avg(t_events_0.occurences)) < (a.occurences)::numeric)
        Rows Removed by Join Filter: 49899
        Buffers: shared hit=1258
        ->  Seq Scan on events a  (cost=0.00..1629.00 rows=100000 width=16) (actual rows=100000 loops=1)
              Buffers: shared hit=629
        ->  Hash  (cost=2131.25..2131.25 rows=100 width=40) (actual rows=100 loops=1)
              Buckets: 1024  Batches: 1  Memory Usage: 14kB
              Buffers: shared hit=629
              ->  HashAggregate  (cost=2129.00..2130.25 rows=100 width=40) (actual rows=100 loops=1)
                    Group Key: t_events_0.event_type
                    Batches: 1  Memory Usage: 32kB
                    Buffers: shared hit=629
                    ->  Seq Scan on events t_events_0  (cost=0.00..1629.00 rows=100000 width=12) (actual rows=100000 loops=1)
                          Buffers: shared hit=629
Planning Time: 0.268 ms
Execution Time: 90.667 ms",77.756,4258.46,4995,"HashAggregate  (cost=4196.03..4258.46 rows=1665 width=4) (actual rows=4995 loops=1)
  Group Key: a.business_id
  Filter: (1 < count(a.event_type))
  Batches: 1  Memory Usage: 721kB
  Rows Removed by Filter: 4
  Buffers: shared hit=1258
  ->  Hash Join  (cost=2132.50..4029.37 rows=33333 width=12) (actual rows=50101 loops=1)
        Hash Cond: ((a.event_type)::text = (t_events_0.event_type)::text)
        Join Filter: ((avg(t_events_0.occurences)) < (a.occurences)::numeric)
        Rows Removed by Join Filter: 49899
        Buffers: shared hit=1258
        ->  Seq Scan on events a  (cost=0.00..1629.00 rows=100000 width=16) (actual rows=100000 loops=1)
              Buffers: shared hit=629
        ->  Hash  (cost=2131.25..2131.25 rows=100 width=40) (actual rows=100 loops=1)
              Buckets: 1024  Batches: 1  Memory Usage: 14kB
              Buffers: shared hit=629
              ->  HashAggregate  (cost=2129.00..2130.25 rows=100 width=40) (actual rows=100 loops=1)
                    Group Key: t_events_0.event_type
                    Batches: 1  Memory Usage: 32kB
                    Buffers: shared hit=629
                    ->  Seq Scan on events t_events_0  (cost=0.00..1629.00 rows=100000 width=12) (actual rows=100000 loops=1)
                          Buffers: shared hit=629
Planning Time: 0.203 ms
Execution Time: 77.756 ms",81.1864,80.394,85.8095,94.553,4258.46,4258.46,4995,4995,4995,4995
657,1126,204,Medium,"select a.business_id as business_id from (select t_events_0.event_type as c_event_type0, avg(t_events_0.occurences) as c_avg0 from schema_1126.events as t_events_0 group by t_events_0.event_type) as b inner join schema_1126.events as a on b.c_avg0 < a.occurences where a.event_type = b.c_event_type0 group by a.business_id having 1 < count(a.event_type)",72.761,4258.46,4995,"HashAggregate  (cost=4196.03..4258.46 rows=1665 width=4) (actual rows=4995 loops=1)
  Group Key: a.business_id
  Filter: (1 < count(a.event_type))
  Batches: 1  Memory Usage: 721kB
  Rows Removed by Filter: 4
  Buffers: shared hit=1258
  ->  Hash Join  (cost=2132.50..4029.37 rows=33333 width=12) (actual rows=50101 loops=1)
        Hash Cond: ((a.event_type)::text = (b.c_event_type0)::text)
        Join Filter: (b.c_avg0 < (a.occurences)::numeric)
        Rows Removed by Join Filter: 49899
        Buffers: shared hit=1258
        ->  Seq Scan on events a  (cost=0.00..1629.00 rows=100000 width=16) (actual rows=100000 loops=1)
              Buffers: shared hit=629
        ->  Hash  (cost=2131.25..2131.25 rows=100 width=40) (actual rows=100 loops=1)
              Buckets: 1024  Batches: 1  Memory Usage: 14kB
              Buffers: shared hit=629
              ->  Subquery Scan on b  (cost=2129.00..2131.25 rows=100 width=40) (actual rows=100 loops=1)
                    Buffers: shared hit=629
                    ->  HashAggregate  (cost=2129.00..2130.25 rows=100 width=40) (actual rows=100 loops=1)
                          Group Key: t_events_0.event_type
                          Batches: 1  Memory Usage: 32kB
                          Buffers: shared hit=629
                          ->  Seq Scan on events t_events_0  (cost=0.00..1629.00 rows=100000 width=12) (actual rows=100000 loops=1)
                                Buffers: shared hit=629
Planning Time: 0.192 ms
Execution Time: 72.761 ms",76.695,4258.46,4995,"HashAggregate  (cost=4196.03..4258.46 rows=1665 width=4) (actual rows=4995 loops=1)
  Group Key: a.business_id
  Filter: (1 < count(a.event_type))
  Batches: 1  Memory Usage: 721kB
  Rows Removed by Filter: 4
  Buffers: shared hit=1258
  ->  Hash Join  (cost=2132.50..4029.37 rows=33333 width=12) (actual rows=50101 loops=1)
        Hash Cond: ((a.event_type)::text = (b.c_event_type0)::text)
        Join Filter: (b.c_avg0 < (a.occurences)::numeric)
        Rows Removed by Join Filter: 49899
        Buffers: shared hit=1258
        ->  Seq Scan on events a  (cost=0.00..1629.00 rows=100000 width=16) (actual rows=100000 loops=1)
              Buffers: shared hit=629
        ->  Hash  (cost=2131.25..2131.25 rows=100 width=40) (actual rows=100 loops=1)
              Buckets: 1024  Batches: 1  Memory Usage: 14kB
              Buffers: shared hit=629
              ->  Subquery Scan on b  (cost=2129.00..2131.25 rows=100 width=40) (actual rows=100 loops=1)
                    Buffers: shared hit=629
                    ->  HashAggregate  (cost=2129.00..2130.25 rows=100 width=40) (actual rows=100 loops=1)
                          Group Key: t_events_0.event_type
                          Batches: 1  Memory Usage: 32kB
                          Buffers: shared hit=629
                          ->  Seq Scan on events t_events_0  (cost=0.00..1629.00 rows=100000 width=12) (actual rows=100000 loops=1)
                                Buffers: shared hit=629
Planning Time: 0.210 ms
Execution Time: 76.695 ms",77.988,4258.46,4995,"HashAggregate  (cost=4196.03..4258.46 rows=1665 width=4) (actual rows=4995 loops=1)
  Group Key: a.business_id
  Filter: (1 < count(a.event_type))
  Batches: 1  Memory Usage: 721kB
  Rows Removed by Filter: 4
  Buffers: shared hit=1258
  ->  Hash Join  (cost=2132.50..4029.37 rows=33333 width=12) (actual rows=50101 loops=1)
        Hash Cond: ((a.event_type)::text = (b.c_event_type0)::text)
        Join Filter: (b.c_avg0 < (a.occurences)::numeric)
        Rows Removed by Join Filter: 49899
        Buffers: shared hit=1258
        ->  Seq Scan on events a  (cost=0.00..1629.00 rows=100000 width=16) (actual rows=100000 loops=1)
              Buffers: shared hit=629
        ->  Hash  (cost=2131.25..2131.25 rows=100 width=40) (actual rows=100 loops=1)
              Buckets: 1024  Batches: 1  Memory Usage: 14kB
              Buffers: shared hit=629
              ->  Subquery Scan on b  (cost=2129.00..2131.25 rows=100 width=40) (actual rows=100 loops=1)
                    Buffers: shared hit=629
                    ->  HashAggregate  (cost=2129.00..2130.25 rows=100 width=40) (actual rows=100 loops=1)
                          Group Key: t_events_0.event_type
                          Batches: 1  Memory Usage: 32kB
                          Buffers: shared hit=629
                          ->  Seq Scan on events t_events_0  (cost=0.00..1629.00 rows=100000 width=12) (actual rows=100000 loops=1)
                                Buffers: shared hit=629
Planning Time: 0.339 ms
Execution Time: 77.988 ms",77.375,4258.46,4995,"HashAggregate  (cost=4196.03..4258.46 rows=1665 width=4) (actual rows=4995 loops=1)
  Group Key: a.business_id
  Filter: (1 < count(a.event_type))
  Batches: 1  Memory Usage: 721kB
  Rows Removed by Filter: 4
  Buffers: shared hit=1258
  ->  Hash Join  (cost=2132.50..4029.37 rows=33333 width=12) (actual rows=50101 loops=1)
        Hash Cond: ((a.event_type)::text = (b.c_event_type0)::text)
        Join Filter: (b.c_avg0 < (a.occurences)::numeric)
        Rows Removed by Join Filter: 49899
        Buffers: shared hit=1258
        ->  Seq Scan on events a  (cost=0.00..1629.00 rows=100000 width=16) (actual rows=100000 loops=1)
              Buffers: shared hit=629
        ->  Hash  (cost=2131.25..2131.25 rows=100 width=40) (actual rows=100 loops=1)
              Buckets: 1024  Batches: 1  Memory Usage: 14kB
              Buffers: shared hit=629
              ->  Subquery Scan on b  (cost=2129.00..2131.25 rows=100 width=40) (actual rows=100 loops=1)
                    Buffers: shared hit=629
                    ->  HashAggregate  (cost=2129.00..2130.25 rows=100 width=40) (actual rows=100 loops=1)
                          Group Key: t_events_0.event_type
                          Batches: 1  Memory Usage: 32kB
                          Buffers: shared hit=629
                          ->  Seq Scan on events t_events_0  (cost=0.00..1629.00 rows=100000 width=12) (actual rows=100000 loops=1)
                                Buffers: shared hit=629
Planning Time: 0.184 ms
Execution Time: 77.375 ms",80.14,4258.46,4995,"HashAggregate  (cost=4196.03..4258.46 rows=1665 width=4) (actual rows=4995 loops=1)
  Group Key: a.business_id
  Filter: (1 < count(a.event_type))
  Batches: 1  Memory Usage: 721kB
  Rows Removed by Filter: 4
  Buffers: shared hit=1258
  ->  Hash Join  (cost=2132.50..4029.37 rows=33333 width=12) (actual rows=50101 loops=1)
        Hash Cond: ((a.event_type)::text = (b.c_event_type0)::text)
        Join Filter: (b.c_avg0 < (a.occurences)::numeric)
        Rows Removed by Join Filter: 49899
        Buffers: shared hit=1258
        ->  Seq Scan on events a  (cost=0.00..1629.00 rows=100000 width=16) (actual rows=100000 loops=1)
              Buffers: shared hit=629
        ->  Hash  (cost=2131.25..2131.25 rows=100 width=40) (actual rows=100 loops=1)
              Buckets: 1024  Batches: 1  Memory Usage: 14kB
              Buffers: shared hit=629
              ->  Subquery Scan on b  (cost=2129.00..2131.25 rows=100 width=40) (actual rows=100 loops=1)
                    Buffers: shared hit=629
                    ->  HashAggregate  (cost=2129.00..2130.25 rows=100 width=40) (actual rows=100 loops=1)
                          Group Key: t_events_0.event_type
                          Batches: 1  Memory Usage: 32kB
                          Buffers: shared hit=629
                          ->  Seq Scan on events t_events_0  (cost=0.00..1629.00 rows=100000 width=12) (actual rows=100000 loops=1)
                                Buffers: shared hit=629
Planning Time: 0.190 ms
Execution Time: 80.140 ms",76.9918,77.375,79.064,81.0008,4258.46,4258.46,4995,4995,4995,4995
660,1126,214,Medium,"select e1.business_id as business_id from schema_1126.events as e1 left join (select t_events_0.event_type as c_event_type0, avg(t_events_0.occurences) as c_avg0 from schema_1126.events as t_events_0 group by t_events_0.event_type) as e2 on e2.c_avg0 < e1.occurences where e1.event_type = e2.c_event_type0 group by e1.business_id having 1 < count(e1.event_type)",74.328,4258.46,4995,"HashAggregate  (cost=4196.03..4258.46 rows=1665 width=4) (actual rows=4995 loops=1)
  Group Key: e1.business_id
  Filter: (1 < count(e1.event_type))
  Batches: 1  Memory Usage: 721kB
  Rows Removed by Filter: 4
  Buffers: shared hit=1258
  ->  Hash Join  (cost=2132.50..4029.37 rows=33333 width=12) (actual rows=50101 loops=1)
        Hash Cond: ((e1.event_type)::text = (e2.c_event_type0)::text)
        Join Filter: (e2.c_avg0 < (e1.occurences)::numeric)
        Rows Removed by Join Filter: 49899
        Buffers: shared hit=1258
        ->  Seq Scan on events e1  (cost=0.00..1629.00 rows=100000 width=16) (actual rows=100000 loops=1)
              Buffers: shared hit=629
        ->  Hash  (cost=2131.25..2131.25 rows=100 width=40) (actual rows=100 loops=1)
              Buckets: 1024  Batches: 1  Memory Usage: 14kB
              Buffers: shared hit=629
              ->  Subquery Scan on e2  (cost=2129.00..2131.25 rows=100 width=40) (actual rows=100 loops=1)
                    Buffers: shared hit=629
                    ->  HashAggregate  (cost=2129.00..2130.25 rows=100 width=40) (actual rows=100 loops=1)
                          Group Key: t_events_0.event_type
                          Batches: 1  Memory Usage: 32kB
                          Buffers: shared hit=629
                          ->  Seq Scan on events t_events_0  (cost=0.00..1629.00 rows=100000 width=12) (actual rows=100000 loops=1)
                                Buffers: shared hit=629
Planning Time: 0.169 ms
Execution Time: 74.328 ms",78.047,4258.46,4995,"HashAggregate  (cost=4196.03..4258.46 rows=1665 width=4) (actual rows=4995 loops=1)
  Group Key: e1.business_id
  Filter: (1 < count(e1.event_type))
  Batches: 1  Memory Usage: 721kB
  Rows Removed by Filter: 4
  Buffers: shared hit=1258
  ->  Hash Join  (cost=2132.50..4029.37 rows=33333 width=12) (actual rows=50101 loops=1)
        Hash Cond: ((e1.event_type)::text = (e2.c_event_type0)::text)
        Join Filter: (e2.c_avg0 < (e1.occurences)::numeric)
        Rows Removed by Join Filter: 49899
        Buffers: shared hit=1258
        ->  Seq Scan on events e1  (cost=0.00..1629.00 rows=100000 width=16) (actual rows=100000 loops=1)
              Buffers: shared hit=629
        ->  Hash  (cost=2131.25..2131.25 rows=100 width=40) (actual rows=100 loops=1)
              Buckets: 1024  Batches: 1  Memory Usage: 14kB
              Buffers: shared hit=629
              ->  Subquery Scan on e2  (cost=2129.00..2131.25 rows=100 width=40) (actual rows=100 loops=1)
                    Buffers: shared hit=629
                    ->  HashAggregate  (cost=2129.00..2130.25 rows=100 width=40) (actual rows=100 loops=1)
                          Group Key: t_events_0.event_type
                          Batches: 1  Memory Usage: 32kB
                          Buffers: shared hit=629
                          ->  Seq Scan on events t_events_0  (cost=0.00..1629.00 rows=100000 width=12) (actual rows=100000 loops=1)
                                Buffers: shared hit=629
Planning Time: 0.367 ms
Execution Time: 78.047 ms",77.036,4258.46,4995,"HashAggregate  (cost=4196.03..4258.46 rows=1665 width=4) (actual rows=4995 loops=1)
  Group Key: e1.business_id
  Filter: (1 < count(e1.event_type))
  Batches: 1  Memory Usage: 721kB
  Rows Removed by Filter: 4
  Buffers: shared hit=1258
  ->  Hash Join  (cost=2132.50..4029.37 rows=33333 width=12) (actual rows=50101 loops=1)
        Hash Cond: ((e1.event_type)::text = (e2.c_event_type0)::text)
        Join Filter: (e2.c_avg0 < (e1.occurences)::numeric)
        Rows Removed by Join Filter: 49899
        Buffers: shared hit=1258
        ->  Seq Scan on events e1  (cost=0.00..1629.00 rows=100000 width=16) (actual rows=100000 loops=1)
              Buffers: shared hit=629
        ->  Hash  (cost=2131.25..2131.25 rows=100 width=40) (actual rows=100 loops=1)
              Buckets: 1024  Batches: 1  Memory Usage: 14kB
              Buffers: shared hit=629
              ->  Subquery Scan on e2  (cost=2129.00..2131.25 rows=100 width=40) (actual rows=100 loops=1)
                    Buffers: shared hit=629
                    ->  HashAggregate  (cost=2129.00..2130.25 rows=100 width=40) (actual rows=100 loops=1)
                          Group Key: t_events_0.event_type
                          Batches: 1  Memory Usage: 32kB
                          Buffers: shared hit=629
                          ->  Seq Scan on events t_events_0  (cost=0.00..1629.00 rows=100000 width=12) (actual rows=100000 loops=1)
                                Buffers: shared hit=629
Planning Time: 0.358 ms
Execution Time: 77.036 ms",77.123,4258.46,4995,"HashAggregate  (cost=4196.03..4258.46 rows=1665 width=4) (actual rows=4995 loops=1)
  Group Key: e1.business_id
  Filter: (1 < count(e1.event_type))
  Batches: 1  Memory Usage: 721kB
  Rows Removed by Filter: 4
  Buffers: shared hit=1258
  ->  Hash Join  (cost=2132.50..4029.37 rows=33333 width=12) (actual rows=50101 loops=1)
        Hash Cond: ((e1.event_type)::text = (e2.c_event_type0)::text)
        Join Filter: (e2.c_avg0 < (e1.occurences)::numeric)
        Rows Removed by Join Filter: 49899
        Buffers: shared hit=1258
        ->  Seq Scan on events e1  (cost=0.00..1629.00 rows=100000 width=16) (actual rows=100000 loops=1)
              Buffers: shared hit=629
        ->  Hash  (cost=2131.25..2131.25 rows=100 width=40) (actual rows=100 loops=1)
              Buckets: 1024  Batches: 1  Memory Usage: 14kB
              Buffers: shared hit=629
              ->  Subquery Scan on e2  (cost=2129.00..2131.25 rows=100 width=40) (actual rows=100 loops=1)
                    Buffers: shared hit=629
                    ->  HashAggregate  (cost=2129.00..2130.25 rows=100 width=40) (actual rows=100 loops=1)
                          Group Key: t_events_0.event_type
                          Batches: 1  Memory Usage: 32kB
                          Buffers: shared hit=629
                          ->  Seq Scan on events t_events_0  (cost=0.00..1629.00 rows=100000 width=12) (actual rows=100000 loops=1)
                                Buffers: shared hit=629
Planning Time: 0.302 ms
Execution Time: 77.123 ms",77.905,4258.46,4995,"HashAggregate  (cost=4196.03..4258.46 rows=1665 width=4) (actual rows=4995 loops=1)
  Group Key: e1.business_id
  Filter: (1 < count(e1.event_type))
  Batches: 1  Memory Usage: 721kB
  Rows Removed by Filter: 4
  Buffers: shared hit=1258
  ->  Hash Join  (cost=2132.50..4029.37 rows=33333 width=12) (actual rows=50101 loops=1)
        Hash Cond: ((e1.event_type)::text = (e2.c_event_type0)::text)
        Join Filter: (e2.c_avg0 < (e1.occurences)::numeric)
        Rows Removed by Join Filter: 49899
        Buffers: shared hit=1258
        ->  Seq Scan on events e1  (cost=0.00..1629.00 rows=100000 width=16) (actual rows=100000 loops=1)
              Buffers: shared hit=629
        ->  Hash  (cost=2131.25..2131.25 rows=100 width=40) (actual rows=100 loops=1)
              Buckets: 1024  Batches: 1  Memory Usage: 14kB
              Buffers: shared hit=629
              ->  Subquery Scan on e2  (cost=2129.00..2131.25 rows=100 width=40) (actual rows=100 loops=1)
                    Buffers: shared hit=629
                    ->  HashAggregate  (cost=2129.00..2130.25 rows=100 width=40) (actual rows=100 loops=1)
                          Group Key: t_events_0.event_type
                          Batches: 1  Memory Usage: 32kB
                          Buffers: shared hit=629
                          ->  Seq Scan on events t_events_0  (cost=0.00..1629.00 rows=100000 width=12) (actual rows=100000 loops=1)
                                Buffers: shared hit=629
Planning Time: 0.265 ms
Execution Time: 77.905 ms",76.8878,77.123,77.976,78.1038,4258.46,4258.46,4995,4995,4995,4995
666,1126,239,Medium,"select a.business_id as business_id from schema_1126.events as a inner join (select t_events_0.event_type as c_event_type0, avg(t_events_0.occurences) as c_avg0 from schema_1126.events as t_events_0 group by t_events_0.event_type) as b on b.c_avg0 < a.occurences where a.event_type = b.c_event_type0 group by a.business_id having 1 < count(a.event_type)",75.555,4258.46,4995,"HashAggregate  (cost=4196.03..4258.46 rows=1665 width=4) (actual rows=4995 loops=1)
  Group Key: a.business_id
  Filter: (1 < count(a.event_type))
  Batches: 1  Memory Usage: 721kB
  Rows Removed by Filter: 4
  Buffers: shared hit=1258
  ->  Hash Join  (cost=2132.50..4029.37 rows=33333 width=12) (actual rows=50101 loops=1)
        Hash Cond: ((a.event_type)::text = (b.c_event_type0)::text)
        Join Filter: (b.c_avg0 < (a.occurences)::numeric)
        Rows Removed by Join Filter: 49899
        Buffers: shared hit=1258
        ->  Seq Scan on events a  (cost=0.00..1629.00 rows=100000 width=16) (actual rows=100000 loops=1)
              Buffers: shared hit=629
        ->  Hash  (cost=2131.25..2131.25 rows=100 width=40) (actual rows=100 loops=1)
              Buckets: 1024  Batches: 1  Memory Usage: 14kB
              Buffers: shared hit=629
              ->  Subquery Scan on b  (cost=2129.00..2131.25 rows=100 width=40) (actual rows=100 loops=1)
                    Buffers: shared hit=629
                    ->  HashAggregate  (cost=2129.00..2130.25 rows=100 width=40) (actual rows=100 loops=1)
                          Group Key: t_events_0.event_type
                          Batches: 1  Memory Usage: 32kB
                          Buffers: shared hit=629
                          ->  Seq Scan on events t_events_0  (cost=0.00..1629.00 rows=100000 width=12) (actual rows=100000 loops=1)
                                Buffers: shared hit=629
Planning Time: 0.167 ms
Execution Time: 75.555 ms",77.894,4258.46,4995,"HashAggregate  (cost=4196.03..4258.46 rows=1665 width=4) (actual rows=4995 loops=1)
  Group Key: a.business_id
  Filter: (1 < count(a.event_type))
  Batches: 1  Memory Usage: 721kB
  Rows Removed by Filter: 4
  Buffers: shared hit=1258
  ->  Hash Join  (cost=2132.50..4029.37 rows=33333 width=12) (actual rows=50101 loops=1)
        Hash Cond: ((a.event_type)::text = (b.c_event_type0)::text)
        Join Filter: (b.c_avg0 < (a.occurences)::numeric)
        Rows Removed by Join Filter: 49899
        Buffers: shared hit=1258
        ->  Seq Scan on events a  (cost=0.00..1629.00 rows=100000 width=16) (actual rows=100000 loops=1)
              Buffers: shared hit=629
        ->  Hash  (cost=2131.25..2131.25 rows=100 width=40) (actual rows=100 loops=1)
              Buckets: 1024  Batches: 1  Memory Usage: 14kB
              Buffers: shared hit=629
              ->  Subquery Scan on b  (cost=2129.00..2131.25 rows=100 width=40) (actual rows=100 loops=1)
                    Buffers: shared hit=629
                    ->  HashAggregate  (cost=2129.00..2130.25 rows=100 width=40) (actual rows=100 loops=1)
                          Group Key: t_events_0.event_type
                          Batches: 1  Memory Usage: 32kB
                          Buffers: shared hit=629
                          ->  Seq Scan on events t_events_0  (cost=0.00..1629.00 rows=100000 width=12) (actual rows=100000 loops=1)
                                Buffers: shared hit=629
Planning Time: 0.265 ms
Execution Time: 77.894 ms",79.075,4258.46,4995,"HashAggregate  (cost=4196.03..4258.46 rows=1665 width=4) (actual rows=4995 loops=1)
  Group Key: a.business_id
  Filter: (1 < count(a.event_type))
  Batches: 1  Memory Usage: 721kB
  Rows Removed by Filter: 4
  Buffers: shared hit=1258
  ->  Hash Join  (cost=2132.50..4029.37 rows=33333 width=12) (actual rows=50101 loops=1)
        Hash Cond: ((a.event_type)::text = (b.c_event_type0)::text)
        Join Filter: (b.c_avg0 < (a.occurences)::numeric)
        Rows Removed by Join Filter: 49899
        Buffers: shared hit=1258
        ->  Seq Scan on events a  (cost=0.00..1629.00 rows=100000 width=16) (actual rows=100000 loops=1)
              Buffers: shared hit=629
        ->  Hash  (cost=2131.25..2131.25 rows=100 width=40) (actual rows=100 loops=1)
              Buckets: 1024  Batches: 1  Memory Usage: 14kB
              Buffers: shared hit=629
              ->  Subquery Scan on b  (cost=2129.00..2131.25 rows=100 width=40) (actual rows=100 loops=1)
                    Buffers: shared hit=629
                    ->  HashAggregate  (cost=2129.00..2130.25 rows=100 width=40) (actual rows=100 loops=1)
                          Group Key: t_events_0.event_type
                          Batches: 1  Memory Usage: 32kB
                          Buffers: shared hit=629
                          ->  Seq Scan on events t_events_0  (cost=0.00..1629.00 rows=100000 width=12) (actual rows=100000 loops=1)
                                Buffers: shared hit=629
Planning Time: 0.257 ms
Execution Time: 79.075 ms",78.479,4258.46,4995,"HashAggregate  (cost=4196.03..4258.46 rows=1665 width=4) (actual rows=4995 loops=1)
  Group Key: a.business_id
  Filter: (1 < count(a.event_type))
  Batches: 1  Memory Usage: 721kB
  Rows Removed by Filter: 4
  Buffers: shared hit=1258
  ->  Hash Join  (cost=2132.50..4029.37 rows=33333 width=12) (actual rows=50101 loops=1)
        Hash Cond: ((a.event_type)::text = (b.c_event_type0)::text)
        Join Filter: (b.c_avg0 < (a.occurences)::numeric)
        Rows Removed by Join Filter: 49899
        Buffers: shared hit=1258
        ->  Seq Scan on events a  (cost=0.00..1629.00 rows=100000 width=16) (actual rows=100000 loops=1)
              Buffers: shared hit=629
        ->  Hash  (cost=2131.25..2131.25 rows=100 width=40) (actual rows=100 loops=1)
              Buckets: 1024  Batches: 1  Memory Usage: 14kB
              Buffers: shared hit=629
              ->  Subquery Scan on b  (cost=2129.00..2131.25 rows=100 width=40) (actual rows=100 loops=1)
                    Buffers: shared hit=629
                    ->  HashAggregate  (cost=2129.00..2130.25 rows=100 width=40) (actual rows=100 loops=1)
                          Group Key: t_events_0.event_type
                          Batches: 1  Memory Usage: 32kB
                          Buffers: shared hit=629
                          ->  Seq Scan on events t_events_0  (cost=0.00..1629.00 rows=100000 width=12) (actual rows=100000 loops=1)
                                Buffers: shared hit=629
Planning Time: 0.289 ms
Execution Time: 78.479 ms",79.818,4258.46,4995,"HashAggregate  (cost=4196.03..4258.46 rows=1665 width=4) (actual rows=4995 loops=1)
  Group Key: a.business_id
  Filter: (1 < count(a.event_type))
  Batches: 1  Memory Usage: 721kB
  Rows Removed by Filter: 4
  Buffers: shared hit=1258
  ->  Hash Join  (cost=2132.50..4029.37 rows=33333 width=12) (actual rows=50101 loops=1)
        Hash Cond: ((a.event_type)::text = (b.c_event_type0)::text)
        Join Filter: (b.c_avg0 < (a.occurences)::numeric)
        Rows Removed by Join Filter: 49899
        Buffers: shared hit=1258
        ->  Seq Scan on events a  (cost=0.00..1629.00 rows=100000 width=16) (actual rows=100000 loops=1)
              Buffers: shared hit=629
        ->  Hash  (cost=2131.25..2131.25 rows=100 width=40) (actual rows=100 loops=1)
              Buckets: 1024  Batches: 1  Memory Usage: 14kB
              Buffers: shared hit=629
              ->  Subquery Scan on b  (cost=2129.00..2131.25 rows=100 width=40) (actual rows=100 loops=1)
                    Buffers: shared hit=629
                    ->  HashAggregate  (cost=2129.00..2130.25 rows=100 width=40) (actual rows=100 loops=1)
                          Group Key: t_events_0.event_type
                          Batches: 1  Memory Usage: 32kB
                          Buffers: shared hit=629
                          ->  Seq Scan on events t_events_0  (cost=0.00..1629.00 rows=100000 width=12) (actual rows=100000 loops=1)
                                Buffers: shared hit=629
Planning Time: 0.275 ms
Execution Time: 79.818 ms",78.1642,78.479,79.4465,80.1152,4258.46,4258.46,4995,4995,4995,4995
667,1126,241,Medium,"select e.business_id as business_id from schema_1126.events as e inner join (select t_events_0.event_type as c_event_type0, avg(t_events_0.occurences) as c_avg0 from schema_1126.events as t_events_0 group by t_events_0.event_type) as a on a.c_avg0 < e.occurences where a.c_event_type0 = e.event_type group by e.business_id having 1 < count(e.event_type)",73.128,4258.46,4995,"HashAggregate  (cost=4196.03..4258.46 rows=1665 width=4) (actual rows=4995 loops=1)
  Group Key: e.business_id
  Filter: (1 < count(e.event_type))
  Batches: 1  Memory Usage: 721kB
  Rows Removed by Filter: 4
  Buffers: shared hit=1258
  ->  Hash Join  (cost=2132.50..4029.37 rows=33333 width=12) (actual rows=50101 loops=1)
        Hash Cond: ((e.event_type)::text = (a.c_event_type0)::text)
        Join Filter: (a.c_avg0 < (e.occurences)::numeric)
        Rows Removed by Join Filter: 49899
        Buffers: shared hit=1258
        ->  Seq Scan on events e  (cost=0.00..1629.00 rows=100000 width=16) (actual rows=100000 loops=1)
              Buffers: shared hit=629
        ->  Hash  (cost=2131.25..2131.25 rows=100 width=40) (actual rows=100 loops=1)
              Buckets: 1024  Batches: 1  Memory Usage: 14kB
              Buffers: shared hit=629
              ->  Subquery Scan on a  (cost=2129.00..2131.25 rows=100 width=40) (actual rows=100 loops=1)
                    Buffers: shared hit=629
                    ->  HashAggregate  (cost=2129.00..2130.25 rows=100 width=40) (actual rows=100 loops=1)
                          Group Key: t_events_0.event_type
                          Batches: 1  Memory Usage: 32kB
                          Buffers: shared hit=629
                          ->  Seq Scan on events t_events_0  (cost=0.00..1629.00 rows=100000 width=12) (actual rows=100000 loops=1)
                                Buffers: shared hit=629
Planning Time: 0.270 ms
Execution Time: 73.128 ms",80.513,4258.46,4995,"HashAggregate  (cost=4196.03..4258.46 rows=1665 width=4) (actual rows=4995 loops=1)
  Group Key: e.business_id
  Filter: (1 < count(e.event_type))
  Batches: 1  Memory Usage: 721kB
  Rows Removed by Filter: 4
  Buffers: shared hit=1258
  ->  Hash Join  (cost=2132.50..4029.37 rows=33333 width=12) (actual rows=50101 loops=1)
        Hash Cond: ((e.event_type)::text = (a.c_event_type0)::text)
        Join Filter: (a.c_avg0 < (e.occurences)::numeric)
        Rows Removed by Join Filter: 49899
        Buffers: shared hit=1258
        ->  Seq Scan on events e  (cost=0.00..1629.00 rows=100000 width=16) (actual rows=100000 loops=1)
              Buffers: shared hit=629
        ->  Hash  (cost=2131.25..2131.25 rows=100 width=40) (actual rows=100 loops=1)
              Buckets: 1024  Batches: 1  Memory Usage: 14kB
              Buffers: shared hit=629
              ->  Subquery Scan on a  (cost=2129.00..2131.25 rows=100 width=40) (actual rows=100 loops=1)
                    Buffers: shared hit=629
                    ->  HashAggregate  (cost=2129.00..2130.25 rows=100 width=40) (actual rows=100 loops=1)
                          Group Key: t_events_0.event_type
                          Batches: 1  Memory Usage: 32kB
                          Buffers: shared hit=629
                          ->  Seq Scan on events t_events_0  (cost=0.00..1629.00 rows=100000 width=12) (actual rows=100000 loops=1)
                                Buffers: shared hit=629
Planning Time: 0.275 ms
Execution Time: 80.513 ms",79.117,4258.46,4995,"HashAggregate  (cost=4196.03..4258.46 rows=1665 width=4) (actual rows=4995 loops=1)
  Group Key: e.business_id
  Filter: (1 < count(e.event_type))
  Batches: 1  Memory Usage: 721kB
  Rows Removed by Filter: 4
  Buffers: shared hit=1258
  ->  Hash Join  (cost=2132.50..4029.37 rows=33333 width=12) (actual rows=50101 loops=1)
        Hash Cond: ((e.event_type)::text = (a.c_event_type0)::text)
        Join Filter: (a.c_avg0 < (e.occurences)::numeric)
        Rows Removed by Join Filter: 49899
        Buffers: shared hit=1258
        ->  Seq Scan on events e  (cost=0.00..1629.00 rows=100000 width=16) (actual rows=100000 loops=1)
              Buffers: shared hit=629
        ->  Hash  (cost=2131.25..2131.25 rows=100 width=40) (actual rows=100 loops=1)
              Buckets: 1024  Batches: 1  Memory Usage: 14kB
              Buffers: shared hit=629
              ->  Subquery Scan on a  (cost=2129.00..2131.25 rows=100 width=40) (actual rows=100 loops=1)
                    Buffers: shared hit=629
                    ->  HashAggregate  (cost=2129.00..2130.25 rows=100 width=40) (actual rows=100 loops=1)
                          Group Key: t_events_0.event_type
                          Batches: 1  Memory Usage: 32kB
                          Buffers: shared hit=629
                          ->  Seq Scan on events t_events_0  (cost=0.00..1629.00 rows=100000 width=12) (actual rows=100000 loops=1)
                                Buffers: shared hit=629
Planning Time: 0.179 ms
Execution Time: 79.117 ms",79.668,4258.46,4995,"HashAggregate  (cost=4196.03..4258.46 rows=1665 width=4) (actual rows=4995 loops=1)
  Group Key: e.business_id
  Filter: (1 < count(e.event_type))
  Batches: 1  Memory Usage: 721kB
  Rows Removed by Filter: 4
  Buffers: shared hit=1258
  ->  Hash Join  (cost=2132.50..4029.37 rows=33333 width=12) (actual rows=50101 loops=1)
        Hash Cond: ((e.event_type)::text = (a.c_event_type0)::text)
        Join Filter: (a.c_avg0 < (e.occurences)::numeric)
        Rows Removed by Join Filter: 49899
        Buffers: shared hit=1258
        ->  Seq Scan on events e  (cost=0.00..1629.00 rows=100000 width=16) (actual rows=100000 loops=1)
              Buffers: shared hit=629
        ->  Hash  (cost=2131.25..2131.25 rows=100 width=40) (actual rows=100 loops=1)
              Buckets: 1024  Batches: 1  Memory Usage: 14kB
              Buffers: shared hit=629
              ->  Subquery Scan on a  (cost=2129.00..2131.25 rows=100 width=40) (actual rows=100 loops=1)
                    Buffers: shared hit=629
                    ->  HashAggregate  (cost=2129.00..2130.25 rows=100 width=40) (actual rows=100 loops=1)
                          Group Key: t_events_0.event_type
                          Batches: 1  Memory Usage: 32kB
                          Buffers: shared hit=629
                          ->  Seq Scan on events t_events_0  (cost=0.00..1629.00 rows=100000 width=12) (actual rows=100000 loops=1)
                                Buffers: shared hit=629
Planning Time: 0.277 ms
Execution Time: 79.668 ms",75.581,4258.46,4995,"HashAggregate  (cost=4196.03..4258.46 rows=1665 width=4) (actual rows=4995 loops=1)
  Group Key: e.business_id
  Filter: (1 < count(e.event_type))
  Batches: 1  Memory Usage: 721kB
  Rows Removed by Filter: 4
  Buffers: shared hit=1258
  ->  Hash Join  (cost=2132.50..4029.37 rows=33333 width=12) (actual rows=50101 loops=1)
        Hash Cond: ((e.event_type)::text = (a.c_event_type0)::text)
        Join Filter: (a.c_avg0 < (e.occurences)::numeric)
        Rows Removed by Join Filter: 49899
        Buffers: shared hit=1258
        ->  Seq Scan on events e  (cost=0.00..1629.00 rows=100000 width=16) (actual rows=100000 loops=1)
              Buffers: shared hit=629
        ->  Hash  (cost=2131.25..2131.25 rows=100 width=40) (actual rows=100 loops=1)
              Buckets: 1024  Batches: 1  Memory Usage: 14kB
              Buffers: shared hit=629
              ->  Subquery Scan on a  (cost=2129.00..2131.25 rows=100 width=40) (actual rows=100 loops=1)
                    Buffers: shared hit=629
                    ->  HashAggregate  (cost=2129.00..2130.25 rows=100 width=40) (actual rows=100 loops=1)
                          Group Key: t_events_0.event_type
                          Batches: 1  Memory Usage: 32kB
                          Buffers: shared hit=629
                          ->  Seq Scan on events t_events_0  (cost=0.00..1629.00 rows=100000 width=12) (actual rows=100000 loops=1)
                                Buffers: shared hit=629
Planning Time: 0.287 ms
Execution Time: 75.581 ms",77.6014,79.117,80.0905,80.851,4258.46,4258.46,4995,4995,4995,4995
669,1126,243,Medium,"select e.business_id as business_id from schema_1126.events as e left join (select t_events_0.event_type as c_event_type0, avg(t_events_0.occurences) as c_avg0 from schema_1126.events as t_events_0 group by t_events_0.event_type) as x on e.event_type = x.c_event_type0 where x.c_avg0 < e.occurences group by e.business_id having 1 < count(e.event_type)",74.223,4258.46,4995,"HashAggregate  (cost=4196.03..4258.46 rows=1665 width=4) (actual rows=4995 loops=1)
  Group Key: e.business_id
  Filter: (1 < count(e.event_type))
  Batches: 1  Memory Usage: 721kB
  Rows Removed by Filter: 4
  Buffers: shared hit=1258
  ->  Hash Join  (cost=2132.50..4029.37 rows=33333 width=12) (actual rows=50101 loops=1)
        Hash Cond: ((e.event_type)::text = (t_events_0.event_type)::text)
        Join Filter: ((avg(t_events_0.occurences)) < (e.occurences)::numeric)
        Rows Removed by Join Filter: 49899
        Buffers: shared hit=1258
        ->  Seq Scan on events e  (cost=0.00..1629.00 rows=100000 width=16) (actual rows=100000 loops=1)
              Buffers: shared hit=629
        ->  Hash  (cost=2131.25..2131.25 rows=100 width=40) (actual rows=100 loops=1)
              Buckets: 1024  Batches: 1  Memory Usage: 14kB
              Buffers: shared hit=629
              ->  HashAggregate  (cost=2129.00..2130.25 rows=100 width=40) (actual rows=100 loops=1)
                    Group Key: t_events_0.event_type
                    Batches: 1  Memory Usage: 32kB
                    Buffers: shared hit=629
                    ->  Seq Scan on events t_events_0  (cost=0.00..1629.00 rows=100000 width=12) (actual rows=100000 loops=1)
                          Buffers: shared hit=629
Planning Time: 0.268 ms
Execution Time: 74.223 ms",77.951,4258.46,4995,"HashAggregate  (cost=4196.03..4258.46 rows=1665 width=4) (actual rows=4995 loops=1)
  Group Key: e.business_id
  Filter: (1 < count(e.event_type))
  Batches: 1  Memory Usage: 721kB
  Rows Removed by Filter: 4
  Buffers: shared hit=1258
  ->  Hash Join  (cost=2132.50..4029.37 rows=33333 width=12) (actual rows=50101 loops=1)
        Hash Cond: ((e.event_type)::text = (t_events_0.event_type)::text)
        Join Filter: ((avg(t_events_0.occurences)) < (e.occurences)::numeric)
        Rows Removed by Join Filter: 49899
        Buffers: shared hit=1258
        ->  Seq Scan on events e  (cost=0.00..1629.00 rows=100000 width=16) (actual rows=100000 loops=1)
              Buffers: shared hit=629
        ->  Hash  (cost=2131.25..2131.25 rows=100 width=40) (actual rows=100 loops=1)
              Buckets: 1024  Batches: 1  Memory Usage: 14kB
              Buffers: shared hit=629
              ->  HashAggregate  (cost=2129.00..2130.25 rows=100 width=40) (actual rows=100 loops=1)
                    Group Key: t_events_0.event_type
                    Batches: 1  Memory Usage: 32kB
                    Buffers: shared hit=629
                    ->  Seq Scan on events t_events_0  (cost=0.00..1629.00 rows=100000 width=12) (actual rows=100000 loops=1)
                          Buffers: shared hit=629
Planning Time: 0.327 ms
Execution Time: 77.951 ms",75.612,4258.46,4995,"HashAggregate  (cost=4196.03..4258.46 rows=1665 width=4) (actual rows=4995 loops=1)
  Group Key: e.business_id
  Filter: (1 < count(e.event_type))
  Batches: 1  Memory Usage: 721kB
  Rows Removed by Filter: 4
  Buffers: shared hit=1258
  ->  Hash Join  (cost=2132.50..4029.37 rows=33333 width=12) (actual rows=50101 loops=1)
        Hash Cond: ((e.event_type)::text = (t_events_0.event_type)::text)
        Join Filter: ((avg(t_events_0.occurences)) < (e.occurences)::numeric)
        Rows Removed by Join Filter: 49899
        Buffers: shared hit=1258
        ->  Seq Scan on events e  (cost=0.00..1629.00 rows=100000 width=16) (actual rows=100000 loops=1)
              Buffers: shared hit=629
        ->  Hash  (cost=2131.25..2131.25 rows=100 width=40) (actual rows=100 loops=1)
              Buckets: 1024  Batches: 1  Memory Usage: 14kB
              Buffers: shared hit=629
              ->  HashAggregate  (cost=2129.00..2130.25 rows=100 width=40) (actual rows=100 loops=1)
                    Group Key: t_events_0.event_type
                    Batches: 1  Memory Usage: 32kB
                    Buffers: shared hit=629
                    ->  Seq Scan on events t_events_0  (cost=0.00..1629.00 rows=100000 width=12) (actual rows=100000 loops=1)
                          Buffers: shared hit=629
Planning Time: 0.243 ms
Execution Time: 75.612 ms",78.82,4258.46,4995,"HashAggregate  (cost=4196.03..4258.46 rows=1665 width=4) (actual rows=4995 loops=1)
  Group Key: e.business_id
  Filter: (1 < count(e.event_type))
  Batches: 1  Memory Usage: 721kB
  Rows Removed by Filter: 4
  Buffers: shared hit=1258
  ->  Hash Join  (cost=2132.50..4029.37 rows=33333 width=12) (actual rows=50101 loops=1)
        Hash Cond: ((e.event_type)::text = (t_events_0.event_type)::text)
        Join Filter: ((avg(t_events_0.occurences)) < (e.occurences)::numeric)
        Rows Removed by Join Filter: 49899
        Buffers: shared hit=1258
        ->  Seq Scan on events e  (cost=0.00..1629.00 rows=100000 width=16) (actual rows=100000 loops=1)
              Buffers: shared hit=629
        ->  Hash  (cost=2131.25..2131.25 rows=100 width=40) (actual rows=100 loops=1)
              Buckets: 1024  Batches: 1  Memory Usage: 14kB
              Buffers: shared hit=629
              ->  HashAggregate  (cost=2129.00..2130.25 rows=100 width=40) (actual rows=100 loops=1)
                    Group Key: t_events_0.event_type
                    Batches: 1  Memory Usage: 32kB
                    Buffers: shared hit=629
                    ->  Seq Scan on events t_events_0  (cost=0.00..1629.00 rows=100000 width=12) (actual rows=100000 loops=1)
                          Buffers: shared hit=629
Planning Time: 0.279 ms
Execution Time: 78.820 ms",78.155,4258.46,4995,"HashAggregate  (cost=4196.03..4258.46 rows=1665 width=4) (actual rows=4995 loops=1)
  Group Key: e.business_id
  Filter: (1 < count(e.event_type))
  Batches: 1  Memory Usage: 721kB
  Rows Removed by Filter: 4
  Buffers: shared hit=1258
  ->  Hash Join  (cost=2132.50..4029.37 rows=33333 width=12) (actual rows=50101 loops=1)
        Hash Cond: ((e.event_type)::text = (t_events_0.event_type)::text)
        Join Filter: ((avg(t_events_0.occurences)) < (e.occurences)::numeric)
        Rows Removed by Join Filter: 49899
        Buffers: shared hit=1258
        ->  Seq Scan on events e  (cost=0.00..1629.00 rows=100000 width=16) (actual rows=100000 loops=1)
              Buffers: shared hit=629
        ->  Hash  (cost=2131.25..2131.25 rows=100 width=40) (actual rows=100 loops=1)
              Buckets: 1024  Batches: 1  Memory Usage: 14kB
              Buffers: shared hit=629
              ->  HashAggregate  (cost=2129.00..2130.25 rows=100 width=40) (actual rows=100 loops=1)
                    Group Key: t_events_0.event_type
                    Batches: 1  Memory Usage: 32kB
                    Buffers: shared hit=629
                    ->  Seq Scan on events t_events_0  (cost=0.00..1629.00 rows=100000 width=12) (actual rows=100000 loops=1)
                          Buffers: shared hit=629
Planning Time: 0.265 ms
Execution Time: 78.155 ms",76.9522,77.951,78.4875,79.086,4258.46,4258.46,4995,4995,4995,4995
670,1126,248,Medium,"select e.business_id as business_id from (select t_events_0.event_type as c_event_type0, avg(t_events_0.occurences) as c_avg0 from schema_1126.events as t_events_0 group by t_events_0.event_type) as t inner join schema_1126.events as e on t.c_event_type0 = e.event_type where t.c_avg0 < e.occurences group by e.business_id having 1 < count(t.c_event_type0)",79.259,4258.46,4995,"HashAggregate  (cost=4196.03..4258.46 rows=1665 width=4) (actual rows=4995 loops=1)
  Group Key: e.business_id
  Filter: (1 < count(t_events_0.event_type))
  Batches: 1  Memory Usage: 721kB
  Rows Removed by Filter: 4
  Buffers: shared hit=1258
  ->  Hash Join  (cost=2132.50..4029.37 rows=33333 width=12) (actual rows=50101 loops=1)
        Hash Cond: ((e.event_type)::text = (t_events_0.event_type)::text)
        Join Filter: ((avg(t_events_0.occurences)) < (e.occurences)::numeric)
        Rows Removed by Join Filter: 49899
        Buffers: shared hit=1258
        ->  Seq Scan on events e  (cost=0.00..1629.00 rows=100000 width=16) (actual rows=100000 loops=1)
              Buffers: shared hit=629
        ->  Hash  (cost=2131.25..2131.25 rows=100 width=40) (actual rows=100 loops=1)
              Buckets: 1024  Batches: 1  Memory Usage: 14kB
              Buffers: shared hit=629
              ->  HashAggregate  (cost=2129.00..2130.25 rows=100 width=40) (actual rows=100 loops=1)
                    Group Key: t_events_0.event_type
                    Batches: 1  Memory Usage: 32kB
                    Buffers: shared hit=629
                    ->  Seq Scan on events t_events_0  (cost=0.00..1629.00 rows=100000 width=12) (actual rows=100000 loops=1)
                          Buffers: shared hit=629
Planning Time: 0.200 ms
Execution Time: 79.259 ms",78.658,4258.46,4995,"HashAggregate  (cost=4196.03..4258.46 rows=1665 width=4) (actual rows=4995 loops=1)
  Group Key: e.business_id
  Filter: (1 < count(t_events_0.event_type))
  Batches: 1  Memory Usage: 721kB
  Rows Removed by Filter: 4
  Buffers: shared hit=1258
  ->  Hash Join  (cost=2132.50..4029.37 rows=33333 width=12) (actual rows=50101 loops=1)
        Hash Cond: ((e.event_type)::text = (t_events_0.event_type)::text)
        Join Filter: ((avg(t_events_0.occurences)) < (e.occurences)::numeric)
        Rows Removed by Join Filter: 49899
        Buffers: shared hit=1258
        ->  Seq Scan on events e  (cost=0.00..1629.00 rows=100000 width=16) (actual rows=100000 loops=1)
              Buffers: shared hit=629
        ->  Hash  (cost=2131.25..2131.25 rows=100 width=40) (actual rows=100 loops=1)
              Buckets: 1024  Batches: 1  Memory Usage: 14kB
              Buffers: shared hit=629
              ->  HashAggregate  (cost=2129.00..2130.25 rows=100 width=40) (actual rows=100 loops=1)
                    Group Key: t_events_0.event_type
                    Batches: 1  Memory Usage: 32kB
                    Buffers: shared hit=629
                    ->  Seq Scan on events t_events_0  (cost=0.00..1629.00 rows=100000 width=12) (actual rows=100000 loops=1)
                          Buffers: shared hit=629
Planning Time: 0.219 ms
Execution Time: 78.658 ms",89.811,4258.46,4995,"HashAggregate  (cost=4196.03..4258.46 rows=1665 width=4) (actual rows=4995 loops=1)
  Group Key: e.business_id
  Filter: (1 < count(t_events_0.event_type))
  Batches: 1  Memory Usage: 721kB
  Rows Removed by Filter: 4
  Buffers: shared hit=1258
  ->  Hash Join  (cost=2132.50..4029.37 rows=33333 width=12) (actual rows=50101 loops=1)
        Hash Cond: ((e.event_type)::text = (t_events_0.event_type)::text)
        Join Filter: ((avg(t_events_0.occurences)) < (e.occurences)::numeric)
        Rows Removed by Join Filter: 49899
        Buffers: shared hit=1258
        ->  Seq Scan on events e  (cost=0.00..1629.00 rows=100000 width=16) (actual rows=100000 loops=1)
              Buffers: shared hit=629
        ->  Hash  (cost=2131.25..2131.25 rows=100 width=40) (actual rows=100 loops=1)
              Buckets: 1024  Batches: 1  Memory Usage: 14kB
              Buffers: shared hit=629
              ->  HashAggregate  (cost=2129.00..2130.25 rows=100 width=40) (actual rows=100 loops=1)
                    Group Key: t_events_0.event_type
                    Batches: 1  Memory Usage: 32kB
                    Buffers: shared hit=629
                    ->  Seq Scan on events t_events_0  (cost=0.00..1629.00 rows=100000 width=12) (actual rows=100000 loops=1)
                          Buffers: shared hit=629
Planning Time: 0.201 ms
Execution Time: 89.811 ms",75.656,4258.46,4995,"HashAggregate  (cost=4196.03..4258.46 rows=1665 width=4) (actual rows=4995 loops=1)
  Group Key: e.business_id
  Filter: (1 < count(t_events_0.event_type))
  Batches: 1  Memory Usage: 721kB
  Rows Removed by Filter: 4
  Buffers: shared hit=1258
  ->  Hash Join  (cost=2132.50..4029.37 rows=33333 width=12) (actual rows=50101 loops=1)
        Hash Cond: ((e.event_type)::text = (t_events_0.event_type)::text)
        Join Filter: ((avg(t_events_0.occurences)) < (e.occurences)::numeric)
        Rows Removed by Join Filter: 49899
        Buffers: shared hit=1258
        ->  Seq Scan on events e  (cost=0.00..1629.00 rows=100000 width=16) (actual rows=100000 loops=1)
              Buffers: shared hit=629
        ->  Hash  (cost=2131.25..2131.25 rows=100 width=40) (actual rows=100 loops=1)
              Buckets: 1024  Batches: 1  Memory Usage: 14kB
              Buffers: shared hit=629
              ->  HashAggregate  (cost=2129.00..2130.25 rows=100 width=40) (actual rows=100 loops=1)
                    Group Key: t_events_0.event_type
                    Batches: 1  Memory Usage: 32kB
                    Buffers: shared hit=629
                    ->  Seq Scan on events t_events_0  (cost=0.00..1629.00 rows=100000 width=12) (actual rows=100000 loops=1)
                          Buffers: shared hit=629
Planning Time: 0.129 ms
Execution Time: 75.656 ms",75.521,4258.46,4995,"HashAggregate  (cost=4196.03..4258.46 rows=1665 width=4) (actual rows=4995 loops=1)
  Group Key: e.business_id
  Filter: (1 < count(t_events_0.event_type))
  Batches: 1  Memory Usage: 721kB
  Rows Removed by Filter: 4
  Buffers: shared hit=1258
  ->  Hash Join  (cost=2132.50..4029.37 rows=33333 width=12) (actual rows=50101 loops=1)
        Hash Cond: ((e.event_type)::text = (t_events_0.event_type)::text)
        Join Filter: ((avg(t_events_0.occurences)) < (e.occurences)::numeric)
        Rows Removed by Join Filter: 49899
        Buffers: shared hit=1258
        ->  Seq Scan on events e  (cost=0.00..1629.00 rows=100000 width=16) (actual rows=100000 loops=1)
              Buffers: shared hit=629
        ->  Hash  (cost=2131.25..2131.25 rows=100 width=40) (actual rows=100 loops=1)
              Buckets: 1024  Batches: 1  Memory Usage: 14kB
              Buffers: shared hit=629
              ->  HashAggregate  (cost=2129.00..2130.25 rows=100 width=40) (actual rows=100 loops=1)
                    Group Key: t_events_0.event_type
                    Batches: 1  Memory Usage: 32kB
                    Buffers: shared hit=629
                    ->  Seq Scan on events t_events_0  (cost=0.00..1629.00 rows=100000 width=12) (actual rows=100000 loops=1)
                          Buffers: shared hit=629
Planning Time: 0.224 ms
Execution Time: 75.521 ms",79.781,78.658,84.535,94.0318,4258.46,4258.46,4995,4995,4995,4995
671,1126,251,Medium,"select e.business_id as business_id from (select t_events_0.event_type as c_event_type0, avg(t_events_0.occurences) as c_avg0 from schema_1126.events as t_events_0 group by t_events_0.event_type) as a inner join schema_1126.events as e on e.event_type = a.c_event_type0 where a.c_avg0 < e.occurences group by e.business_id having 2 <= count(e.event_type)",76.131,4258.46,4995,"HashAggregate  (cost=4196.03..4258.46 rows=1665 width=4) (actual rows=4995 loops=1)
  Group Key: e.business_id
  Filter: (2 <= count(e.event_type))
  Batches: 1  Memory Usage: 721kB
  Rows Removed by Filter: 4
  Buffers: shared hit=1258
  ->  Hash Join  (cost=2132.50..4029.37 rows=33333 width=12) (actual rows=50101 loops=1)
        Hash Cond: ((e.event_type)::text = (t_events_0.event_type)::text)
        Join Filter: ((avg(t_events_0.occurences)) < (e.occurences)::numeric)
        Rows Removed by Join Filter: 49899
        Buffers: shared hit=1258
        ->  Seq Scan on events e  (cost=0.00..1629.00 rows=100000 width=16) (actual rows=100000 loops=1)
              Buffers: shared hit=629
        ->  Hash  (cost=2131.25..2131.25 rows=100 width=40) (actual rows=100 loops=1)
              Buckets: 1024  Batches: 1  Memory Usage: 14kB
              Buffers: shared hit=629
              ->  HashAggregate  (cost=2129.00..2130.25 rows=100 width=40) (actual rows=100 loops=1)
                    Group Key: t_events_0.event_type
                    Batches: 1  Memory Usage: 32kB
                    Buffers: shared hit=629
                    ->  Seq Scan on events t_events_0  (cost=0.00..1629.00 rows=100000 width=12) (actual rows=100000 loops=1)
                          Buffers: shared hit=629
Planning Time: 0.197 ms
Execution Time: 76.131 ms",79.233,4258.46,4995,"HashAggregate  (cost=4196.03..4258.46 rows=1665 width=4) (actual rows=4995 loops=1)
  Group Key: e.business_id
  Filter: (2 <= count(e.event_type))
  Batches: 1  Memory Usage: 721kB
  Rows Removed by Filter: 4
  Buffers: shared hit=1258
  ->  Hash Join  (cost=2132.50..4029.37 rows=33333 width=12) (actual rows=50101 loops=1)
        Hash Cond: ((e.event_type)::text = (t_events_0.event_type)::text)
        Join Filter: ((avg(t_events_0.occurences)) < (e.occurences)::numeric)
        Rows Removed by Join Filter: 49899
        Buffers: shared hit=1258
        ->  Seq Scan on events e  (cost=0.00..1629.00 rows=100000 width=16) (actual rows=100000 loops=1)
              Buffers: shared hit=629
        ->  Hash  (cost=2131.25..2131.25 rows=100 width=40) (actual rows=100 loops=1)
              Buckets: 1024  Batches: 1  Memory Usage: 14kB
              Buffers: shared hit=629
              ->  HashAggregate  (cost=2129.00..2130.25 rows=100 width=40) (actual rows=100 loops=1)
                    Group Key: t_events_0.event_type
                    Batches: 1  Memory Usage: 32kB
                    Buffers: shared hit=629
                    ->  Seq Scan on events t_events_0  (cost=0.00..1629.00 rows=100000 width=12) (actual rows=100000 loops=1)
                          Buffers: shared hit=629
Planning Time: 0.298 ms
Execution Time: 79.233 ms",76.428,4258.46,4995,"HashAggregate  (cost=4196.03..4258.46 rows=1665 width=4) (actual rows=4995 loops=1)
  Group Key: e.business_id
  Filter: (2 <= count(e.event_type))
  Batches: 1  Memory Usage: 721kB
  Rows Removed by Filter: 4
  Buffers: shared hit=1258
  ->  Hash Join  (cost=2132.50..4029.37 rows=33333 width=12) (actual rows=50101 loops=1)
        Hash Cond: ((e.event_type)::text = (t_events_0.event_type)::text)
        Join Filter: ((avg(t_events_0.occurences)) < (e.occurences)::numeric)
        Rows Removed by Join Filter: 49899
        Buffers: shared hit=1258
        ->  Seq Scan on events e  (cost=0.00..1629.00 rows=100000 width=16) (actual rows=100000 loops=1)
              Buffers: shared hit=629
        ->  Hash  (cost=2131.25..2131.25 rows=100 width=40) (actual rows=100 loops=1)
              Buckets: 1024  Batches: 1  Memory Usage: 14kB
              Buffers: shared hit=629
              ->  HashAggregate  (cost=2129.00..2130.25 rows=100 width=40) (actual rows=100 loops=1)
                    Group Key: t_events_0.event_type
                    Batches: 1  Memory Usage: 32kB
                    Buffers: shared hit=629
                    ->  Seq Scan on events t_events_0  (cost=0.00..1629.00 rows=100000 width=12) (actual rows=100000 loops=1)
                          Buffers: shared hit=629
Planning Time: 0.300 ms
Execution Time: 76.428 ms",77.32,4258.46,4995,"HashAggregate  (cost=4196.03..4258.46 rows=1665 width=4) (actual rows=4995 loops=1)
  Group Key: e.business_id
  Filter: (2 <= count(e.event_type))
  Batches: 1  Memory Usage: 721kB
  Rows Removed by Filter: 4
  Buffers: shared hit=1258
  ->  Hash Join  (cost=2132.50..4029.37 rows=33333 width=12) (actual rows=50101 loops=1)
        Hash Cond: ((e.event_type)::text = (t_events_0.event_type)::text)
        Join Filter: ((avg(t_events_0.occurences)) < (e.occurences)::numeric)
        Rows Removed by Join Filter: 49899
        Buffers: shared hit=1258
        ->  Seq Scan on events e  (cost=0.00..1629.00 rows=100000 width=16) (actual rows=100000 loops=1)
              Buffers: shared hit=629
        ->  Hash  (cost=2131.25..2131.25 rows=100 width=40) (actual rows=100 loops=1)
              Buckets: 1024  Batches: 1  Memory Usage: 14kB
              Buffers: shared hit=629
              ->  HashAggregate  (cost=2129.00..2130.25 rows=100 width=40) (actual rows=100 loops=1)
                    Group Key: t_events_0.event_type
                    Batches: 1  Memory Usage: 32kB
                    Buffers: shared hit=629
                    ->  Seq Scan on events t_events_0  (cost=0.00..1629.00 rows=100000 width=12) (actual rows=100000 loops=1)
                          Buffers: shared hit=629
Planning Time: 0.263 ms
Execution Time: 77.320 ms",81.825,4258.46,4995,"HashAggregate  (cost=4196.03..4258.46 rows=1665 width=4) (actual rows=4995 loops=1)
  Group Key: e.business_id
  Filter: (2 <= count(e.event_type))
  Batches: 1  Memory Usage: 721kB
  Rows Removed by Filter: 4
  Buffers: shared hit=1258
  ->  Hash Join  (cost=2132.50..4029.37 rows=33333 width=12) (actual rows=50101 loops=1)
        Hash Cond: ((e.event_type)::text = (t_events_0.event_type)::text)
        Join Filter: ((avg(t_events_0.occurences)) < (e.occurences)::numeric)
        Rows Removed by Join Filter: 49899
        Buffers: shared hit=1258
        ->  Seq Scan on events e  (cost=0.00..1629.00 rows=100000 width=16) (actual rows=100000 loops=1)
              Buffers: shared hit=629
        ->  Hash  (cost=2131.25..2131.25 rows=100 width=40) (actual rows=100 loops=1)
              Buckets: 1024  Batches: 1  Memory Usage: 14kB
              Buffers: shared hit=629
              ->  HashAggregate  (cost=2129.00..2130.25 rows=100 width=40) (actual rows=100 loops=1)
                    Group Key: t_events_0.event_type
                    Batches: 1  Memory Usage: 32kB
                    Buffers: shared hit=629
                    ->  Seq Scan on events t_events_0  (cost=0.00..1629.00 rows=100000 width=12) (actual rows=100000 loops=1)
                          Buffers: shared hit=629
Planning Time: 0.194 ms
Execution Time: 81.825 ms",78.1874,77.32,80.529,82.8618,4258.46,4258.46,4995,4995,4995,4995
680,1141,27,Easy,"select t_cte_26.c_activity_date0 as day, count(t_cte_26.c_user_id0) as active_users from (select distinct t_activity_0.activity_date as c_activity_date0, t_activity_0.user_id as c_user_id0 from schema_1141.activity as t_activity_0 where t_activity_0.activity_date <= '2019-07-27' and '2019-06-27' < t_activity_0.activity_date) as t_cte_26 group by t_cte_26.c_activity_date0",28.37,2657.65,15,"HashAggregate  (cost=2655.65..2657.65 rows=200 width=12) (actual rows=15 loops=1)
  Group Key: t_activity_0.activity_date
  Batches: 1  Memory Usage: 40kB
  Buffers: shared hit=688
  ->  HashAggregate  (cost=2406.45..2506.13 rows=9968 width=8) (actual rows=37138 loops=1)
        Group Key: t_activity_0.activity_date, t_activity_0.user_id
        Batches: 1  Memory Usage: 3345kB
        Buffers: shared hit=688
        ->  Seq Scan on activity t_activity_0  (cost=0.00..2188.00 rows=43690 width=8) (actual rows=44012 loops=1)
              Filter: ((activity_date <= '2019-07-27'::date) AND ('2019-06-27'::date < activity_date))
              Rows Removed by Filter: 55988
              Buffers: shared hit=688
Planning Time: 0.064 ms
Execution Time: 28.370 ms",37.336,2657.65,15,"HashAggregate  (cost=2655.65..2657.65 rows=200 width=12) (actual rows=15 loops=1)
  Group Key: t_activity_0.activity_date
  Batches: 1  Memory Usage: 40kB
  Buffers: shared hit=688
  ->  HashAggregate  (cost=2406.45..2506.13 rows=9968 width=8) (actual rows=37138 loops=1)
        Group Key: t_activity_0.activity_date, t_activity_0.user_id
        Batches: 1  Memory Usage: 3345kB
        Buffers: shared hit=688
        ->  Seq Scan on activity t_activity_0  (cost=0.00..2188.00 rows=43690 width=8) (actual rows=44012 loops=1)
              Filter: ((activity_date <= '2019-07-27'::date) AND ('2019-06-27'::date < activity_date))
              Rows Removed by Filter: 55988
              Buffers: shared hit=688
Planning Time: 0.093 ms
Execution Time: 37.336 ms",33.661,2657.65,15,"HashAggregate  (cost=2655.65..2657.65 rows=200 width=12) (actual rows=15 loops=1)
  Group Key: t_activity_0.activity_date
  Batches: 1  Memory Usage: 40kB
  Buffers: shared hit=688
  ->  HashAggregate  (cost=2406.45..2506.13 rows=9968 width=8) (actual rows=37138 loops=1)
        Group Key: t_activity_0.activity_date, t_activity_0.user_id
        Batches: 1  Memory Usage: 3345kB
        Buffers: shared hit=688
        ->  Seq Scan on activity t_activity_0  (cost=0.00..2188.00 rows=43690 width=8) (actual rows=44012 loops=1)
              Filter: ((activity_date <= '2019-07-27'::date) AND ('2019-06-27'::date < activity_date))
              Rows Removed by Filter: 55988
              Buffers: shared hit=688
Planning Time: 0.219 ms
Execution Time: 33.661 ms",34.717,2657.65,15,"HashAggregate  (cost=2655.65..2657.65 rows=200 width=12) (actual rows=15 loops=1)
  Group Key: t_activity_0.activity_date
  Batches: 1  Memory Usage: 40kB
  Buffers: shared hit=688
  ->  HashAggregate  (cost=2406.45..2506.13 rows=9968 width=8) (actual rows=37138 loops=1)
        Group Key: t_activity_0.activity_date, t_activity_0.user_id
        Batches: 1  Memory Usage: 3345kB
        Buffers: shared hit=688
        ->  Seq Scan on activity t_activity_0  (cost=0.00..2188.00 rows=43690 width=8) (actual rows=44012 loops=1)
              Filter: ((activity_date <= '2019-07-27'::date) AND ('2019-06-27'::date < activity_date))
              Rows Removed by Filter: 55988
              Buffers: shared hit=688
Planning Time: 0.101 ms
Execution Time: 34.717 ms",35.851,2657.65,15,"HashAggregate  (cost=2655.65..2657.65 rows=200 width=12) (actual rows=15 loops=1)
  Group Key: t_activity_0.activity_date
  Batches: 1  Memory Usage: 40kB
  Buffers: shared hit=688
  ->  HashAggregate  (cost=2406.45..2506.13 rows=9968 width=8) (actual rows=37138 loops=1)
        Group Key: t_activity_0.activity_date, t_activity_0.user_id
        Batches: 1  Memory Usage: 3345kB
        Buffers: shared hit=688
        ->  Seq Scan on activity t_activity_0  (cost=0.00..2188.00 rows=43690 width=8) (actual rows=44012 loops=1)
              Filter: ((activity_date <= '2019-07-27'::date) AND ('2019-06-27'::date < activity_date))
              Rows Removed by Filter: 55988
              Buffers: shared hit=688
Planning Time: 0.094 ms
Execution Time: 35.851 ms",33.987,34.717,36.5935,37.93,2657.65,2657.65,15,15,15,15
681,1141,45,Easy,"select t_cte_17.c_activity_date0 as day, count(t_cte_17.c_user_id0) as active_users from (select distinct t_activity_0.activity_date as c_activity_date0, t_activity_0.user_id as c_user_id0 from schema_1141.activity as t_activity_0 where '2019-06-28' <= t_activity_0.activity_date) as t_cte_17 where t_cte_17.c_activity_date0 <= '2019-07-27' group by t_cte_17.c_activity_date0",28.08,2657.65,15,"HashAggregate  (cost=2655.65..2657.65 rows=200 width=12) (actual rows=15 loops=1)
  Group Key: t_activity_0.activity_date
  Batches: 1  Memory Usage: 40kB
  Buffers: shared hit=688
  ->  HashAggregate  (cost=2406.45..2506.13 rows=9968 width=8) (actual rows=37138 loops=1)
        Group Key: t_activity_0.activity_date, t_activity_0.user_id
        Batches: 1  Memory Usage: 3345kB
        Buffers: shared hit=688
        ->  Seq Scan on activity t_activity_0  (cost=0.00..2188.00 rows=43690 width=8) (actual rows=44012 loops=1)
              Filter: (('2019-06-28'::date <= activity_date) AND (activity_date <= '2019-07-27'::date))
              Rows Removed by Filter: 55988
              Buffers: shared hit=688
Planning Time: 0.088 ms
Execution Time: 28.080 ms",33.582,2657.65,15,"HashAggregate  (cost=2655.65..2657.65 rows=200 width=12) (actual rows=15 loops=1)
  Group Key: t_activity_0.activity_date
  Batches: 1  Memory Usage: 40kB
  Buffers: shared hit=688
  ->  HashAggregate  (cost=2406.45..2506.13 rows=9968 width=8) (actual rows=37138 loops=1)
        Group Key: t_activity_0.activity_date, t_activity_0.user_id
        Batches: 1  Memory Usage: 3345kB
        Buffers: shared hit=688
        ->  Seq Scan on activity t_activity_0  (cost=0.00..2188.00 rows=43690 width=8) (actual rows=44012 loops=1)
              Filter: (('2019-06-28'::date <= activity_date) AND (activity_date <= '2019-07-27'::date))
              Rows Removed by Filter: 55988
              Buffers: shared hit=688
Planning Time: 0.114 ms
Execution Time: 33.582 ms",34.87,2657.65,15,"HashAggregate  (cost=2655.65..2657.65 rows=200 width=12) (actual rows=15 loops=1)
  Group Key: t_activity_0.activity_date
  Batches: 1  Memory Usage: 40kB
  Buffers: shared hit=688
  ->  HashAggregate  (cost=2406.45..2506.13 rows=9968 width=8) (actual rows=37138 loops=1)
        Group Key: t_activity_0.activity_date, t_activity_0.user_id
        Batches: 1  Memory Usage: 3345kB
        Buffers: shared hit=688
        ->  Seq Scan on activity t_activity_0  (cost=0.00..2188.00 rows=43690 width=8) (actual rows=44012 loops=1)
              Filter: (('2019-06-28'::date <= activity_date) AND (activity_date <= '2019-07-27'::date))
              Rows Removed by Filter: 55988
              Buffers: shared hit=688
Planning Time: 0.127 ms
Execution Time: 34.870 ms",32.241,2657.65,15,"HashAggregate  (cost=2655.65..2657.65 rows=200 width=12) (actual rows=15 loops=1)
  Group Key: t_activity_0.activity_date
  Batches: 1  Memory Usage: 40kB
  Buffers: shared hit=688
  ->  HashAggregate  (cost=2406.45..2506.13 rows=9968 width=8) (actual rows=37138 loops=1)
        Group Key: t_activity_0.activity_date, t_activity_0.user_id
        Batches: 1  Memory Usage: 3345kB
        Buffers: shared hit=688
        ->  Seq Scan on activity t_activity_0  (cost=0.00..2188.00 rows=43690 width=8) (actual rows=44012 loops=1)
              Filter: (('2019-06-28'::date <= activity_date) AND (activity_date <= '2019-07-27'::date))
              Rows Removed by Filter: 55988
              Buffers: shared hit=688
Planning Time: 0.073 ms
Execution Time: 32.241 ms",32.429,2657.65,15,"HashAggregate  (cost=2655.65..2657.65 rows=200 width=12) (actual rows=15 loops=1)
  Group Key: t_activity_0.activity_date
  Batches: 1  Memory Usage: 40kB
  Buffers: shared hit=688
  ->  HashAggregate  (cost=2406.45..2506.13 rows=9968 width=8) (actual rows=37138 loops=1)
        Group Key: t_activity_0.activity_date, t_activity_0.user_id
        Batches: 1  Memory Usage: 3345kB
        Buffers: shared hit=688
        ->  Seq Scan on activity t_activity_0  (cost=0.00..2188.00 rows=43690 width=8) (actual rows=44012 loops=1)
              Filter: (('2019-06-28'::date <= activity_date) AND (activity_date <= '2019-07-27'::date))
              Rows Removed by Filter: 55988
              Buffers: shared hit=688
Planning Time: 0.118 ms
Execution Time: 32.429 ms",32.2404,32.429,34.226,35.3852,2657.65,2657.65,15,15,15,15
682,1141,59,Easy,"select t_cte_29.c_activity_date0 as day, count(t_cte_29.c_user_id0) as active_users from (select distinct t_activity_0.user_id as c_user_id0, t_activity_0.activity_date as c_activity_date0 from schema_1141.activity as t_activity_0) as t_cte_29 where '2019-06-28' <= t_cte_29.c_activity_date0 group by t_cte_29.c_activity_date0 having t_cte_29.c_activity_date0 <= '2019-07-27'",28.12,2657.65,15,"HashAggregate  (cost=2655.65..2657.65 rows=200 width=12) (actual rows=15 loops=1)
  Group Key: t_activity_0.activity_date
  Batches: 1  Memory Usage: 40kB
  Buffers: shared hit=688
  ->  HashAggregate  (cost=2406.45..2506.13 rows=9968 width=8) (actual rows=37138 loops=1)
        Group Key: t_activity_0.user_id, t_activity_0.activity_date
        Batches: 1  Memory Usage: 3345kB
        Buffers: shared hit=688
        ->  Seq Scan on activity t_activity_0  (cost=0.00..2188.00 rows=43690 width=8) (actual rows=44012 loops=1)
              Filter: (('2019-06-28'::date <= activity_date) AND (activity_date <= '2019-07-27'::date))
              Rows Removed by Filter: 55988
              Buffers: shared hit=688
Planning Time: 0.066 ms
Execution Time: 28.120 ms",33.503,2657.65,15,"HashAggregate  (cost=2655.65..2657.65 rows=200 width=12) (actual rows=15 loops=1)
  Group Key: t_activity_0.activity_date
  Batches: 1  Memory Usage: 40kB
  Buffers: shared hit=688
  ->  HashAggregate  (cost=2406.45..2506.13 rows=9968 width=8) (actual rows=37138 loops=1)
        Group Key: t_activity_0.user_id, t_activity_0.activity_date
        Batches: 1  Memory Usage: 3345kB
        Buffers: shared hit=688
        ->  Seq Scan on activity t_activity_0  (cost=0.00..2188.00 rows=43690 width=8) (actual rows=44012 loops=1)
              Filter: (('2019-06-28'::date <= activity_date) AND (activity_date <= '2019-07-27'::date))
              Rows Removed by Filter: 55988
              Buffers: shared hit=688
Planning Time: 0.135 ms
Execution Time: 33.503 ms",35.129,2657.65,15,"HashAggregate  (cost=2655.65..2657.65 rows=200 width=12) (actual rows=15 loops=1)
  Group Key: t_activity_0.activity_date
  Batches: 1  Memory Usage: 40kB
  Buffers: shared hit=688
  ->  HashAggregate  (cost=2406.45..2506.13 rows=9968 width=8) (actual rows=37138 loops=1)
        Group Key: t_activity_0.user_id, t_activity_0.activity_date
        Batches: 1  Memory Usage: 3345kB
        Buffers: shared hit=688
        ->  Seq Scan on activity t_activity_0  (cost=0.00..2188.00 rows=43690 width=8) (actual rows=44012 loops=1)
              Filter: (('2019-06-28'::date <= activity_date) AND (activity_date <= '2019-07-27'::date))
              Rows Removed by Filter: 55988
              Buffers: shared hit=688
Planning Time: 0.112 ms
Execution Time: 35.129 ms",36.745,2657.65,15,"HashAggregate  (cost=2655.65..2657.65 rows=200 width=12) (actual rows=15 loops=1)
  Group Key: t_activity_0.activity_date
  Batches: 1  Memory Usage: 40kB
  Buffers: shared hit=688
  ->  HashAggregate  (cost=2406.45..2506.13 rows=9968 width=8) (actual rows=37138 loops=1)
        Group Key: t_activity_0.user_id, t_activity_0.activity_date
        Batches: 1  Memory Usage: 3345kB
        Buffers: shared hit=688
        ->  Seq Scan on activity t_activity_0  (cost=0.00..2188.00 rows=43690 width=8) (actual rows=44012 loops=1)
              Filter: (('2019-06-28'::date <= activity_date) AND (activity_date <= '2019-07-27'::date))
              Rows Removed by Filter: 55988
              Buffers: shared hit=688
Planning Time: 0.109 ms
Execution Time: 36.745 ms",34.294,2657.65,15,"HashAggregate  (cost=2655.65..2657.65 rows=200 width=12) (actual rows=15 loops=1)
  Group Key: t_activity_0.activity_date
  Batches: 1  Memory Usage: 40kB
  Buffers: shared hit=688
  ->  HashAggregate  (cost=2406.45..2506.13 rows=9968 width=8) (actual rows=37138 loops=1)
        Group Key: t_activity_0.user_id, t_activity_0.activity_date
        Batches: 1  Memory Usage: 3345kB
        Buffers: shared hit=688
        ->  Seq Scan on activity t_activity_0  (cost=0.00..2188.00 rows=43690 width=8) (actual rows=44012 loops=1)
              Filter: (('2019-06-28'::date <= activity_date) AND (activity_date <= '2019-07-27'::date))
              Rows Removed by Filter: 55988
              Buffers: shared hit=688
Planning Time: 0.118 ms
Execution Time: 34.294 ms",33.5582,34.294,35.937,37.3914,2657.65,2657.65,15,15,15,15
683,1141,108,Easy,"select t_cte_29.c_activity_date0 as day, count(t_cte_29.c_user_id0) as active_users from (select distinct t_activity_0.activity_date as c_activity_date0, t_activity_0.user_id as c_user_id0 from schema_1141.activity as t_activity_0 where '2019-06-27' < t_activity_0.activity_date) as t_cte_29 where t_cte_29.c_activity_date0 <= '2019-07-27' group by t_cte_29.c_activity_date0",28.26,2657.65,15,"HashAggregate  (cost=2655.65..2657.65 rows=200 width=12) (actual rows=15 loops=1)
  Group Key: t_activity_0.activity_date
  Batches: 1  Memory Usage: 40kB
  Buffers: shared hit=688
  ->  HashAggregate  (cost=2406.45..2506.13 rows=9968 width=8) (actual rows=37138 loops=1)
        Group Key: t_activity_0.activity_date, t_activity_0.user_id
        Batches: 1  Memory Usage: 3345kB
        Buffers: shared hit=688
        ->  Seq Scan on activity t_activity_0  (cost=0.00..2188.00 rows=43690 width=8) (actual rows=44012 loops=1)
              Filter: (('2019-06-27'::date < activity_date) AND (activity_date <= '2019-07-27'::date))
              Rows Removed by Filter: 55988
              Buffers: shared hit=688
Planning Time: 0.093 ms
Execution Time: 28.260 ms",35.761,2657.65,15,"HashAggregate  (cost=2655.65..2657.65 rows=200 width=12) (actual rows=15 loops=1)
  Group Key: t_activity_0.activity_date
  Batches: 1  Memory Usage: 40kB
  Buffers: shared hit=688
  ->  HashAggregate  (cost=2406.45..2506.13 rows=9968 width=8) (actual rows=37138 loops=1)
        Group Key: t_activity_0.activity_date, t_activity_0.user_id
        Batches: 1  Memory Usage: 3345kB
        Buffers: shared hit=688
        ->  Seq Scan on activity t_activity_0  (cost=0.00..2188.00 rows=43690 width=8) (actual rows=44012 loops=1)
              Filter: (('2019-06-27'::date < activity_date) AND (activity_date <= '2019-07-27'::date))
              Rows Removed by Filter: 55988
              Buffers: shared hit=688
Planning Time: 0.098 ms
Execution Time: 35.761 ms",35.62,2657.65,15,"HashAggregate  (cost=2655.65..2657.65 rows=200 width=12) (actual rows=15 loops=1)
  Group Key: t_activity_0.activity_date
  Batches: 1  Memory Usage: 40kB
  Buffers: shared hit=688
  ->  HashAggregate  (cost=2406.45..2506.13 rows=9968 width=8) (actual rows=37138 loops=1)
        Group Key: t_activity_0.activity_date, t_activity_0.user_id
        Batches: 1  Memory Usage: 3345kB
        Buffers: shared hit=688
        ->  Seq Scan on activity t_activity_0  (cost=0.00..2188.00 rows=43690 width=8) (actual rows=44012 loops=1)
              Filter: (('2019-06-27'::date < activity_date) AND (activity_date <= '2019-07-27'::date))
              Rows Removed by Filter: 55988
              Buffers: shared hit=688
Planning Time: 0.090 ms
Execution Time: 35.620 ms",36.466,2657.65,15,"HashAggregate  (cost=2655.65..2657.65 rows=200 width=12) (actual rows=15 loops=1)
  Group Key: t_activity_0.activity_date
  Batches: 1  Memory Usage: 40kB
  Buffers: shared hit=688
  ->  HashAggregate  (cost=2406.45..2506.13 rows=9968 width=8) (actual rows=37138 loops=1)
        Group Key: t_activity_0.activity_date, t_activity_0.user_id
        Batches: 1  Memory Usage: 3345kB
        Buffers: shared hit=688
        ->  Seq Scan on activity t_activity_0  (cost=0.00..2188.00 rows=43690 width=8) (actual rows=44012 loops=1)
              Filter: (('2019-06-27'::date < activity_date) AND (activity_date <= '2019-07-27'::date))
              Rows Removed by Filter: 55988
              Buffers: shared hit=688
Planning Time: 0.083 ms
Execution Time: 36.466 ms",35.79,2657.65,15,"HashAggregate  (cost=2655.65..2657.65 rows=200 width=12) (actual rows=15 loops=1)
  Group Key: t_activity_0.activity_date
  Batches: 1  Memory Usage: 40kB
  Buffers: shared hit=688
  ->  HashAggregate  (cost=2406.45..2506.13 rows=9968 width=8) (actual rows=37138 loops=1)
        Group Key: t_activity_0.activity_date, t_activity_0.user_id
        Batches: 1  Memory Usage: 3345kB
        Buffers: shared hit=688
        ->  Seq Scan on activity t_activity_0  (cost=0.00..2188.00 rows=43690 width=8) (actual rows=44012 loops=1)
              Filter: (('2019-06-27'::date < activity_date) AND (activity_date <= '2019-07-27'::date))
              Rows Removed by Filter: 55988
              Buffers: shared hit=688
Planning Time: 0.083 ms
Execution Time: 35.790 ms",34.3794,35.761,36.128,36.7364,2657.65,2657.65,15,15,15,15
684,1141,144,Easy,"select t_cte_11.c_activity_date0 as day, count(t_cte_11.c_user_id0) as active_users from (select distinct t_activity_0.activity_date as c_activity_date0, t_activity_0.user_id as c_user_id0 from schema_1141.activity as t_activity_0) as t_cte_11 group by t_cte_11.c_activity_date0 having t_cte_11.c_activity_date0 <= '2019-07-27' and '2019-06-27' < t_cte_11.c_activity_date0",35.001,2657.65,15,"HashAggregate  (cost=2655.65..2657.65 rows=200 width=12) (actual rows=15 loops=1)
  Group Key: t_activity_0.activity_date
  Batches: 1  Memory Usage: 40kB
  Buffers: shared hit=688
  ->  HashAggregate  (cost=2406.45..2506.13 rows=9968 width=8) (actual rows=37138 loops=1)
        Group Key: t_activity_0.activity_date, t_activity_0.user_id
        Batches: 1  Memory Usage: 3345kB
        Buffers: shared hit=688
        ->  Seq Scan on activity t_activity_0  (cost=0.00..2188.00 rows=43690 width=8) (actual rows=44012 loops=1)
              Filter: ((activity_date <= '2019-07-27'::date) AND ('2019-06-27'::date < activity_date))
              Rows Removed by Filter: 55988
              Buffers: shared hit=688
Planning Time: 0.074 ms
Execution Time: 35.001 ms",35.774,2657.65,15,"HashAggregate  (cost=2655.65..2657.65 rows=200 width=12) (actual rows=15 loops=1)
  Group Key: t_activity_0.activity_date
  Batches: 1  Memory Usage: 40kB
  Buffers: shared hit=688
  ->  HashAggregate  (cost=2406.45..2506.13 rows=9968 width=8) (actual rows=37138 loops=1)
        Group Key: t_activity_0.activity_date, t_activity_0.user_id
        Batches: 1  Memory Usage: 3345kB
        Buffers: shared hit=688
        ->  Seq Scan on activity t_activity_0  (cost=0.00..2188.00 rows=43690 width=8) (actual rows=44012 loops=1)
              Filter: ((activity_date <= '2019-07-27'::date) AND ('2019-06-27'::date < activity_date))
              Rows Removed by Filter: 55988
              Buffers: shared hit=688
Planning Time: 0.110 ms
Execution Time: 35.774 ms",36.49,2657.65,15,"HashAggregate  (cost=2655.65..2657.65 rows=200 width=12) (actual rows=15 loops=1)
  Group Key: t_activity_0.activity_date
  Batches: 1  Memory Usage: 40kB
  Buffers: shared hit=688
  ->  HashAggregate  (cost=2406.45..2506.13 rows=9968 width=8) (actual rows=37138 loops=1)
        Group Key: t_activity_0.activity_date, t_activity_0.user_id
        Batches: 1  Memory Usage: 3345kB
        Buffers: shared hit=688
        ->  Seq Scan on activity t_activity_0  (cost=0.00..2188.00 rows=43690 width=8) (actual rows=44012 loops=1)
              Filter: ((activity_date <= '2019-07-27'::date) AND ('2019-06-27'::date < activity_date))
              Rows Removed by Filter: 55988
              Buffers: shared hit=688
Planning Time: 0.134 ms
Execution Time: 36.490 ms",34.74,2657.65,15,"HashAggregate  (cost=2655.65..2657.65 rows=200 width=12) (actual rows=15 loops=1)
  Group Key: t_activity_0.activity_date
  Batches: 1  Memory Usage: 40kB
  Buffers: shared hit=688
  ->  HashAggregate  (cost=2406.45..2506.13 rows=9968 width=8) (actual rows=37138 loops=1)
        Group Key: t_activity_0.activity_date, t_activity_0.user_id
        Batches: 1  Memory Usage: 3345kB
        Buffers: shared hit=688
        ->  Seq Scan on activity t_activity_0  (cost=0.00..2188.00 rows=43690 width=8) (actual rows=44012 loops=1)
              Filter: ((activity_date <= '2019-07-27'::date) AND ('2019-06-27'::date < activity_date))
              Rows Removed by Filter: 55988
              Buffers: shared hit=688
Planning Time: 0.150 ms
Execution Time: 34.740 ms",34.814,2657.65,15,"HashAggregate  (cost=2655.65..2657.65 rows=200 width=12) (actual rows=15 loops=1)
  Group Key: t_activity_0.activity_date
  Batches: 1  Memory Usage: 40kB
  Buffers: shared hit=688
  ->  HashAggregate  (cost=2406.45..2506.13 rows=9968 width=8) (actual rows=37138 loops=1)
        Group Key: t_activity_0.activity_date, t_activity_0.user_id
        Batches: 1  Memory Usage: 3345kB
        Buffers: shared hit=688
        ->  Seq Scan on activity t_activity_0  (cost=0.00..2188.00 rows=43690 width=8) (actual rows=44012 loops=1)
              Filter: ((activity_date <= '2019-07-27'::date) AND ('2019-06-27'::date < activity_date))
              Rows Removed by Filter: 55988
              Buffers: shared hit=688
Planning Time: 0.120 ms
Execution Time: 34.814 ms",35.3638,35.001,36.132,36.7764,2657.65,2657.65,15,15,15,15
685,1141,147,Easy,"select t_cte_26.c_activity_date0 as day, count(t_cte_26.c_user_id0) as active_users from (select distinct t_activity_0.user_id as c_user_id0, t_activity_0.activity_date as c_activity_date0 from schema_1141.activity as t_activity_0) as t_cte_26 group by t_cte_26.c_activity_date0 having t_cte_26.c_activity_date0 <= '2019-07-27' and '2019-06-27' < t_cte_26.c_activity_date0",28.71,2657.65,15,"HashAggregate  (cost=2655.65..2657.65 rows=200 width=12) (actual rows=15 loops=1)
  Group Key: t_activity_0.activity_date
  Batches: 1  Memory Usage: 40kB
  Buffers: shared hit=688
  ->  HashAggregate  (cost=2406.45..2506.13 rows=9968 width=8) (actual rows=37138 loops=1)
        Group Key: t_activity_0.user_id, t_activity_0.activity_date
        Batches: 1  Memory Usage: 3345kB
        Buffers: shared hit=688
        ->  Seq Scan on activity t_activity_0  (cost=0.00..2188.00 rows=43690 width=8) (actual rows=44012 loops=1)
              Filter: ((activity_date <= '2019-07-27'::date) AND ('2019-06-27'::date < activity_date))
              Rows Removed by Filter: 55988
              Buffers: shared hit=688
Planning Time: 0.067 ms
Execution Time: 28.710 ms",40.062,2657.65,15,"HashAggregate  (cost=2655.65..2657.65 rows=200 width=12) (actual rows=15 loops=1)
  Group Key: t_activity_0.activity_date
  Batches: 1  Memory Usage: 40kB
  Buffers: shared hit=688
  ->  HashAggregate  (cost=2406.45..2506.13 rows=9968 width=8) (actual rows=37138 loops=1)
        Group Key: t_activity_0.user_id, t_activity_0.activity_date
        Batches: 1  Memory Usage: 3345kB
        Buffers: shared hit=688
        ->  Seq Scan on activity t_activity_0  (cost=0.00..2188.00 rows=43690 width=8) (actual rows=44012 loops=1)
              Filter: ((activity_date <= '2019-07-27'::date) AND ('2019-06-27'::date < activity_date))
              Rows Removed by Filter: 55988
              Buffers: shared hit=688
Planning Time: 0.090 ms
Execution Time: 40.062 ms",34.746,2657.65,15,"HashAggregate  (cost=2655.65..2657.65 rows=200 width=12) (actual rows=15 loops=1)
  Group Key: t_activity_0.activity_date
  Batches: 1  Memory Usage: 40kB
  Buffers: shared hit=688
  ->  HashAggregate  (cost=2406.45..2506.13 rows=9968 width=8) (actual rows=37138 loops=1)
        Group Key: t_activity_0.user_id, t_activity_0.activity_date
        Batches: 1  Memory Usage: 3345kB
        Buffers: shared hit=688
        ->  Seq Scan on activity t_activity_0  (cost=0.00..2188.00 rows=43690 width=8) (actual rows=44012 loops=1)
              Filter: ((activity_date <= '2019-07-27'::date) AND ('2019-06-27'::date < activity_date))
              Rows Removed by Filter: 55988
              Buffers: shared hit=688
Planning Time: 0.093 ms
Execution Time: 34.746 ms",35.051,2657.65,15,"HashAggregate  (cost=2655.65..2657.65 rows=200 width=12) (actual rows=15 loops=1)
  Group Key: t_activity_0.activity_date
  Batches: 1  Memory Usage: 40kB
  Buffers: shared hit=688
  ->  HashAggregate  (cost=2406.45..2506.13 rows=9968 width=8) (actual rows=37138 loops=1)
        Group Key: t_activity_0.user_id, t_activity_0.activity_date
        Batches: 1  Memory Usage: 3345kB
        Buffers: shared hit=688
        ->  Seq Scan on activity t_activity_0  (cost=0.00..2188.00 rows=43690 width=8) (actual rows=44012 loops=1)
              Filter: ((activity_date <= '2019-07-27'::date) AND ('2019-06-27'::date < activity_date))
              Rows Removed by Filter: 55988
              Buffers: shared hit=688
Planning Time: 0.153 ms
Execution Time: 35.051 ms",35.481,2657.65,15,"HashAggregate  (cost=2655.65..2657.65 rows=200 width=12) (actual rows=15 loops=1)
  Group Key: t_activity_0.activity_date
  Batches: 1  Memory Usage: 40kB
  Buffers: shared hit=688
  ->  HashAggregate  (cost=2406.45..2506.13 rows=9968 width=8) (actual rows=37138 loops=1)
        Group Key: t_activity_0.user_id, t_activity_0.activity_date
        Batches: 1  Memory Usage: 3345kB
        Buffers: shared hit=688
        ->  Seq Scan on activity t_activity_0  (cost=0.00..2188.00 rows=43690 width=8) (actual rows=44012 loops=1)
              Filter: ((activity_date <= '2019-07-27'::date) AND ('2019-06-27'::date < activity_date))
              Rows Removed by Filter: 55988
              Buffers: shared hit=688
Planning Time: 0.115 ms
Execution Time: 35.481 ms",34.81,35.051,37.7715,41.8944,2657.65,2657.65,15,15,15,15
702,1149,1,Medium,"select distinct t_cte_10.c_viewer_id0 as id from (select distinct v.view_date as c_view_date0, v.viewer_id as c_viewer_id0, v.article_id as c_article_id0 from schema_1149.views as v order by c_viewer_id0 asc) as t_cte_10 group by t_cte_10.c_viewer_id0,t_cte_10.c_view_date0 having 1 < count(t_cte_10.c_article_id0)",140.37,3283.5,100,"Unique  (cost=3281.84..3283.50 rows=333 width=8) (actual rows=100 loops=1)
  Buffers: shared hit=541, temp read=664 written=987
  ->  Sort  (cost=3281.84..3282.67 rows=333 width=8) (actual rows=27263 loops=1)
        Sort Key: v.viewer_id
        Sort Method: quicksort  Memory: 2046kB
        Buffers: shared hit=541, temp read=664 written=987
        ->  HashAggregate  (cost=3255.39..3267.89 rows=333 width=8) (actual rows=27263 loops=1)
              Group Key: v.viewer_id, v.view_date
              Filter: (1 < count(v.article_id))
              Batches: 5  Memory Usage: 4145kB  Disk Usage: 1728kB
              Rows Removed by Filter: 30784
              Buffers: shared hit=541, temp read=664 written=987
              ->  Sort  (cost=3055.39..3080.39 rows=10000 width=12) (actual rows=99992 loops=1)
                    Sort Key: v.viewer_id
                    Sort Method: external merge  Disk: 2160kB
                    Buffers: shared hit=541, temp read=470 written=632
                    ->  HashAggregate  (cost=2291.00..2391.00 rows=10000 width=12) (actual rows=99992 loops=1)
                          Group Key: v.viewer_id, v.view_date, v.article_id
                          Batches: 5  Memory Usage: 4145kB  Disk Usage: 1744kB
                          Buffers: shared hit=541, temp read=200 written=361
                          ->  Seq Scan on views v  (cost=0.00..1541.00 rows=100000 width=12) (actual rows=100000 loops=1)
                                Buffers: shared hit=541
Planning Time: 0.067 ms
Execution Time: 140.370 ms",149.579,3283.5,100,"Unique  (cost=3281.84..3283.50 rows=333 width=8) (actual rows=100 loops=1)
  Buffers: shared hit=541, temp read=664 written=987
  ->  Sort  (cost=3281.84..3282.67 rows=333 width=8) (actual rows=27263 loops=1)
        Sort Key: v.viewer_id
        Sort Method: quicksort  Memory: 2046kB
        Buffers: shared hit=541, temp read=664 written=987
        ->  HashAggregate  (cost=3255.39..3267.89 rows=333 width=8) (actual rows=27263 loops=1)
              Group Key: v.viewer_id, v.view_date
              Filter: (1 < count(v.article_id))
              Batches: 5  Memory Usage: 4145kB  Disk Usage: 1728kB
              Rows Removed by Filter: 30784
              Buffers: shared hit=541, temp read=664 written=987
              ->  Sort  (cost=3055.39..3080.39 rows=10000 width=12) (actual rows=99992 loops=1)
                    Sort Key: v.viewer_id
                    Sort Method: external merge  Disk: 2160kB
                    Buffers: shared hit=541, temp read=470 written=632
                    ->  HashAggregate  (cost=2291.00..2391.00 rows=10000 width=12) (actual rows=99992 loops=1)
                          Group Key: v.viewer_id, v.view_date, v.article_id
                          Batches: 5  Memory Usage: 4145kB  Disk Usage: 1744kB
                          Buffers: shared hit=541, temp read=200 written=361
                          ->  Seq Scan on views v  (cost=0.00..1541.00 rows=100000 width=12) (actual rows=100000 loops=1)
                                Buffers: shared hit=541
Planning Time: 0.130 ms
Execution Time: 149.579 ms",145.544,3283.5,100,"Unique  (cost=3281.84..3283.50 rows=333 width=8) (actual rows=100 loops=1)
  Buffers: shared hit=541, temp read=664 written=987
  ->  Sort  (cost=3281.84..3282.67 rows=333 width=8) (actual rows=27263 loops=1)
        Sort Key: v.viewer_id
        Sort Method: quicksort  Memory: 2046kB
        Buffers: shared hit=541, temp read=664 written=987
        ->  HashAggregate  (cost=3255.39..3267.89 rows=333 width=8) (actual rows=27263 loops=1)
              Group Key: v.viewer_id, v.view_date
              Filter: (1 < count(v.article_id))
              Batches: 5  Memory Usage: 4145kB  Disk Usage: 1728kB
              Rows Removed by Filter: 30784
              Buffers: shared hit=541, temp read=664 written=987
              ->  Sort  (cost=3055.39..3080.39 rows=10000 width=12) (actual rows=99992 loops=1)
                    Sort Key: v.viewer_id
                    Sort Method: external merge  Disk: 2160kB
                    Buffers: shared hit=541, temp read=470 written=632
                    ->  HashAggregate  (cost=2291.00..2391.00 rows=10000 width=12) (actual rows=99992 loops=1)
                          Group Key: v.viewer_id, v.view_date, v.article_id
                          Batches: 5  Memory Usage: 4145kB  Disk Usage: 1744kB
                          Buffers: shared hit=541, temp read=200 written=361
                          ->  Seq Scan on views v  (cost=0.00..1541.00 rows=100000 width=12) (actual rows=100000 loops=1)
                                Buffers: shared hit=541
Planning Time: 0.151 ms
Execution Time: 145.544 ms",148.412,3283.5,100,"Unique  (cost=3281.84..3283.50 rows=333 width=8) (actual rows=100 loops=1)
  Buffers: shared hit=541, temp read=664 written=987
  ->  Sort  (cost=3281.84..3282.67 rows=333 width=8) (actual rows=27263 loops=1)
        Sort Key: v.viewer_id
        Sort Method: quicksort  Memory: 2046kB
        Buffers: shared hit=541, temp read=664 written=987
        ->  HashAggregate  (cost=3255.39..3267.89 rows=333 width=8) (actual rows=27263 loops=1)
              Group Key: v.viewer_id, v.view_date
              Filter: (1 < count(v.article_id))
              Batches: 5  Memory Usage: 4145kB  Disk Usage: 1728kB
              Rows Removed by Filter: 30784
              Buffers: shared hit=541, temp read=664 written=987
              ->  Sort  (cost=3055.39..3080.39 rows=10000 width=12) (actual rows=99992 loops=1)
                    Sort Key: v.viewer_id
                    Sort Method: external merge  Disk: 2160kB
                    Buffers: shared hit=541, temp read=470 written=632
                    ->  HashAggregate  (cost=2291.00..2391.00 rows=10000 width=12) (actual rows=99992 loops=1)
                          Group Key: v.viewer_id, v.view_date, v.article_id
                          Batches: 5  Memory Usage: 4145kB  Disk Usage: 1744kB
                          Buffers: shared hit=541, temp read=200 written=361
                          ->  Seq Scan on views v  (cost=0.00..1541.00 rows=100000 width=12) (actual rows=100000 loops=1)
                                Buffers: shared hit=541
Planning Time: 0.138 ms
Execution Time: 148.412 ms",158.958,3283.5,100,"Unique  (cost=3281.84..3283.50 rows=333 width=8) (actual rows=100 loops=1)
  Buffers: shared hit=541, temp read=664 written=987
  ->  Sort  (cost=3281.84..3282.67 rows=333 width=8) (actual rows=27263 loops=1)
        Sort Key: v.viewer_id
        Sort Method: quicksort  Memory: 2046kB
        Buffers: shared hit=541, temp read=664 written=987
        ->  HashAggregate  (cost=3255.39..3267.89 rows=333 width=8) (actual rows=27263 loops=1)
              Group Key: v.viewer_id, v.view_date
              Filter: (1 < count(v.article_id))
              Batches: 5  Memory Usage: 4145kB  Disk Usage: 1728kB
              Rows Removed by Filter: 30784
              Buffers: shared hit=541, temp read=664 written=987
              ->  Sort  (cost=3055.39..3080.39 rows=10000 width=12) (actual rows=99992 loops=1)
                    Sort Key: v.viewer_id
                    Sort Method: external merge  Disk: 2160kB
                    Buffers: shared hit=541, temp read=470 written=632
                    ->  HashAggregate  (cost=2291.00..2391.00 rows=10000 width=12) (actual rows=99992 loops=1)
                          Group Key: v.viewer_id, v.view_date, v.article_id
                          Batches: 5  Memory Usage: 4145kB  Disk Usage: 1744kB
                          Buffers: shared hit=541, temp read=200 written=361
                          ->  Seq Scan on views v  (cost=0.00..1541.00 rows=100000 width=12) (actual rows=100000 loops=1)
                                Buffers: shared hit=541
Planning Time: 0.108 ms
Execution Time: 158.958 ms",148.5726,148.412,154.2685,162.7096,3283.5,3283.5,100,100,100,100
703,1149,5,Medium,"select distinct t_cte_22.c_viewer_id0 as id from (select distinct t_views_0.article_id as c_article_id0, t_views_0.viewer_id as c_viewer_id0, t_views_0.view_date as c_view_date0 from schema_1149.views as t_views_0 order by c_viewer_id0 asc) as t_cte_22 group by t_cte_22.c_view_date0,t_cte_22.c_viewer_id0 having 1 < count(t_cte_22.c_article_id0)",136.637,3283.5,100,"Unique  (cost=3281.84..3283.50 rows=333 width=8) (actual rows=100 loops=1)
  Buffers: shared hit=541, temp read=664 written=987
  ->  Sort  (cost=3281.84..3282.67 rows=333 width=8) (actual rows=27263 loops=1)
        Sort Key: t_views_0.viewer_id
        Sort Method: quicksort  Memory: 2046kB
        Buffers: shared hit=541, temp read=664 written=987
        ->  HashAggregate  (cost=3255.39..3267.89 rows=333 width=8) (actual rows=27263 loops=1)
              Group Key: t_views_0.view_date, t_views_0.viewer_id
              Filter: (1 < count(t_views_0.article_id))
              Batches: 5  Memory Usage: 4145kB  Disk Usage: 1728kB
              Rows Removed by Filter: 30784
              Buffers: shared hit=541, temp read=664 written=987
              ->  Sort  (cost=3055.39..3080.39 rows=10000 width=12) (actual rows=99992 loops=1)
                    Sort Key: t_views_0.viewer_id
                    Sort Method: external merge  Disk: 2160kB
                    Buffers: shared hit=541, temp read=470 written=632
                    ->  HashAggregate  (cost=2291.00..2391.00 rows=10000 width=12) (actual rows=99992 loops=1)
                          Group Key: t_views_0.viewer_id, t_views_0.article_id, t_views_0.view_date
                          Batches: 5  Memory Usage: 4145kB  Disk Usage: 1744kB
                          Buffers: shared hit=541, temp read=200 written=361
                          ->  Seq Scan on views t_views_0  (cost=0.00..1541.00 rows=100000 width=12) (actual rows=100000 loops=1)
                                Buffers: shared hit=541
Planning Time: 0.082 ms
Execution Time: 136.637 ms",145.108,3283.5,100,"Unique  (cost=3281.84..3283.50 rows=333 width=8) (actual rows=100 loops=1)
  Buffers: shared hit=541, temp read=664 written=987
  ->  Sort  (cost=3281.84..3282.67 rows=333 width=8) (actual rows=27263 loops=1)
        Sort Key: t_views_0.viewer_id
        Sort Method: quicksort  Memory: 2046kB
        Buffers: shared hit=541, temp read=664 written=987
        ->  HashAggregate  (cost=3255.39..3267.89 rows=333 width=8) (actual rows=27263 loops=1)
              Group Key: t_views_0.view_date, t_views_0.viewer_id
              Filter: (1 < count(t_views_0.article_id))
              Batches: 5  Memory Usage: 4145kB  Disk Usage: 1728kB
              Rows Removed by Filter: 30784
              Buffers: shared hit=541, temp read=664 written=987
              ->  Sort  (cost=3055.39..3080.39 rows=10000 width=12) (actual rows=99992 loops=1)
                    Sort Key: t_views_0.viewer_id
                    Sort Method: external merge  Disk: 2160kB
                    Buffers: shared hit=541, temp read=470 written=632
                    ->  HashAggregate  (cost=2291.00..2391.00 rows=10000 width=12) (actual rows=99992 loops=1)
                          Group Key: t_views_0.viewer_id, t_views_0.article_id, t_views_0.view_date
                          Batches: 5  Memory Usage: 4145kB  Disk Usage: 1744kB
                          Buffers: shared hit=541, temp read=200 written=361
                          ->  Seq Scan on views t_views_0  (cost=0.00..1541.00 rows=100000 width=12) (actual rows=100000 loops=1)
                                Buffers: shared hit=541
Planning Time: 0.102 ms
Execution Time: 145.108 ms",148.331,3283.5,100,"Unique  (cost=3281.84..3283.50 rows=333 width=8) (actual rows=100 loops=1)
  Buffers: shared hit=541, temp read=664 written=987
  ->  Sort  (cost=3281.84..3282.67 rows=333 width=8) (actual rows=27263 loops=1)
        Sort Key: t_views_0.viewer_id
        Sort Method: quicksort  Memory: 2046kB
        Buffers: shared hit=541, temp read=664 written=987
        ->  HashAggregate  (cost=3255.39..3267.89 rows=333 width=8) (actual rows=27263 loops=1)
              Group Key: t_views_0.view_date, t_views_0.viewer_id
              Filter: (1 < count(t_views_0.article_id))
              Batches: 5  Memory Usage: 4145kB  Disk Usage: 1728kB
              Rows Removed by Filter: 30784
              Buffers: shared hit=541, temp read=664 written=987
              ->  Sort  (cost=3055.39..3080.39 rows=10000 width=12) (actual rows=99992 loops=1)
                    Sort Key: t_views_0.viewer_id
                    Sort Method: external merge  Disk: 2160kB
                    Buffers: shared hit=541, temp read=470 written=632
                    ->  HashAggregate  (cost=2291.00..2391.00 rows=10000 width=12) (actual rows=99992 loops=1)
                          Group Key: t_views_0.viewer_id, t_views_0.article_id, t_views_0.view_date
                          Batches: 5  Memory Usage: 4145kB  Disk Usage: 1744kB
                          Buffers: shared hit=541, temp read=200 written=361
                          ->  Seq Scan on views t_views_0  (cost=0.00..1541.00 rows=100000 width=12) (actual rows=100000 loops=1)
                                Buffers: shared hit=541
Planning Time: 0.156 ms
Execution Time: 148.331 ms",143.189,3283.5,100,"Unique  (cost=3281.84..3283.50 rows=333 width=8) (actual rows=100 loops=1)
  Buffers: shared hit=541, temp read=664 written=987
  ->  Sort  (cost=3281.84..3282.67 rows=333 width=8) (actual rows=27263 loops=1)
        Sort Key: t_views_0.viewer_id
        Sort Method: quicksort  Memory: 2046kB
        Buffers: shared hit=541, temp read=664 written=987
        ->  HashAggregate  (cost=3255.39..3267.89 rows=333 width=8) (actual rows=27263 loops=1)
              Group Key: t_views_0.view_date, t_views_0.viewer_id
              Filter: (1 < count(t_views_0.article_id))
              Batches: 5  Memory Usage: 4145kB  Disk Usage: 1728kB
              Rows Removed by Filter: 30784
              Buffers: shared hit=541, temp read=664 written=987
              ->  Sort  (cost=3055.39..3080.39 rows=10000 width=12) (actual rows=99992 loops=1)
                    Sort Key: t_views_0.viewer_id
                    Sort Method: external merge  Disk: 2160kB
                    Buffers: shared hit=541, temp read=470 written=632
                    ->  HashAggregate  (cost=2291.00..2391.00 rows=10000 width=12) (actual rows=99992 loops=1)
                          Group Key: t_views_0.viewer_id, t_views_0.article_id, t_views_0.view_date
                          Batches: 5  Memory Usage: 4145kB  Disk Usage: 1744kB
                          Buffers: shared hit=541, temp read=200 written=361
                          ->  Seq Scan on views t_views_0  (cost=0.00..1541.00 rows=100000 width=12) (actual rows=100000 loops=1)
                                Buffers: shared hit=541
Planning Time: 0.082 ms
Execution Time: 143.189 ms",148.949,3283.5,100,"Unique  (cost=3281.84..3283.50 rows=333 width=8) (actual rows=100 loops=1)
  Buffers: shared hit=541, temp read=664 written=987
  ->  Sort  (cost=3281.84..3282.67 rows=333 width=8) (actual rows=27263 loops=1)
        Sort Key: t_views_0.viewer_id
        Sort Method: quicksort  Memory: 2046kB
        Buffers: shared hit=541, temp read=664 written=987
        ->  HashAggregate  (cost=3255.39..3267.89 rows=333 width=8) (actual rows=27263 loops=1)
              Group Key: t_views_0.view_date, t_views_0.viewer_id
              Filter: (1 < count(t_views_0.article_id))
              Batches: 5  Memory Usage: 4145kB  Disk Usage: 1728kB
              Rows Removed by Filter: 30784
              Buffers: shared hit=541, temp read=664 written=987
              ->  Sort  (cost=3055.39..3080.39 rows=10000 width=12) (actual rows=99992 loops=1)
                    Sort Key: t_views_0.viewer_id
                    Sort Method: external merge  Disk: 2160kB
                    Buffers: shared hit=541, temp read=470 written=632
                    ->  HashAggregate  (cost=2291.00..2391.00 rows=10000 width=12) (actual rows=99992 loops=1)
                          Group Key: t_views_0.viewer_id, t_views_0.article_id, t_views_0.view_date
                          Batches: 5  Memory Usage: 4145kB  Disk Usage: 1744kB
                          Buffers: shared hit=541, temp read=200 written=361
                          ->  Seq Scan on views t_views_0  (cost=0.00..1541.00 rows=100000 width=12) (actual rows=100000 loops=1)
                                Buffers: shared hit=541
Planning Time: 0.105 ms
Execution Time: 148.949 ms",144.4428,145.108,148.64,149.1962,3283.5,3283.5,100,100,100,100
704,1149,6,Medium,"select distinct t_cte_6.c_viewer_id0 as id from (select distinct t_views_0.viewer_id as c_viewer_id0, t_views_0.article_id as c_article_id0, t_views_0.view_date as c_view_date0 from schema_1149.views as t_views_0) as t_cte_6 group by t_cte_6.c_viewer_id0,t_cte_6.c_view_date0 having 1 < count(t_cte_6.c_article_id0)",110.565,2594.12,100,"Unique  (cost=2592.45..2594.12 rows=333 width=8) (actual rows=100 loops=1)
  Buffers: shared hit=541, temp read=359 written=683
  ->  Sort  (cost=2592.45..2593.28 rows=333 width=8) (actual rows=27263 loops=1)
        Sort Key: t_views_0.viewer_id
        Sort Method: quicksort  Memory: 2046kB
        Buffers: shared hit=541, temp read=359 written=683
        ->  HashAggregate  (cost=2566.00..2578.50 rows=333 width=8) (actual rows=27263 loops=1)
              Group Key: t_views_0.viewer_id, t_views_0.view_date
              Filter: (1 < count(t_views_0.article_id))
              Batches: 5  Memory Usage: 4145kB  Disk Usage: 1656kB
              Rows Removed by Filter: 30784
              Buffers: shared hit=541, temp read=359 written=683
              ->  HashAggregate  (cost=2291.00..2391.00 rows=10000 width=12) (actual rows=99992 loops=1)
                    Group Key: t_views_0.viewer_id, t_views_0.article_id, t_views_0.view_date
                    Batches: 5  Memory Usage: 4145kB  Disk Usage: 1744kB
                    Buffers: shared hit=541, temp read=200 written=361
                    ->  Seq Scan on views t_views_0  (cost=0.00..1541.00 rows=100000 width=12) (actual rows=100000 loops=1)
                          Buffers: shared hit=541
Planning Time: 0.062 ms
Execution Time: 110.565 ms",123.279,2594.12,100,"Unique  (cost=2592.45..2594.12 rows=333 width=8) (actual rows=100 loops=1)
  Buffers: shared hit=541, temp read=359 written=683
  ->  Sort  (cost=2592.45..2593.28 rows=333 width=8) (actual rows=27263 loops=1)
        Sort Key: t_views_0.viewer_id
        Sort Method: quicksort  Memory: 2046kB
        Buffers: shared hit=541, temp read=359 written=683
        ->  HashAggregate  (cost=2566.00..2578.50 rows=333 width=8) (actual rows=27263 loops=1)
              Group Key: t_views_0.viewer_id, t_views_0.view_date
              Filter: (1 < count(t_views_0.article_id))
              Batches: 5  Memory Usage: 4145kB  Disk Usage: 1656kB
              Rows Removed by Filter: 30784
              Buffers: shared hit=541, temp read=359 written=683
              ->  HashAggregate  (cost=2291.00..2391.00 rows=10000 width=12) (actual rows=99992 loops=1)
                    Group Key: t_views_0.viewer_id, t_views_0.article_id, t_views_0.view_date
                    Batches: 5  Memory Usage: 4145kB  Disk Usage: 1744kB
                    Buffers: shared hit=541, temp read=200 written=361
                    ->  Seq Scan on views t_views_0  (cost=0.00..1541.00 rows=100000 width=12) (actual rows=100000 loops=1)
                          Buffers: shared hit=541
Planning Time: 0.088 ms
Execution Time: 123.279 ms",121.6,2594.12,100,"Unique  (cost=2592.45..2594.12 rows=333 width=8) (actual rows=100 loops=1)
  Buffers: shared hit=541, temp read=359 written=683
  ->  Sort  (cost=2592.45..2593.28 rows=333 width=8) (actual rows=27263 loops=1)
        Sort Key: t_views_0.viewer_id
        Sort Method: quicksort  Memory: 2046kB
        Buffers: shared hit=541, temp read=359 written=683
        ->  HashAggregate  (cost=2566.00..2578.50 rows=333 width=8) (actual rows=27263 loops=1)
              Group Key: t_views_0.viewer_id, t_views_0.view_date
              Filter: (1 < count(t_views_0.article_id))
              Batches: 5  Memory Usage: 4145kB  Disk Usage: 1656kB
              Rows Removed by Filter: 30784
              Buffers: shared hit=541, temp read=359 written=683
              ->  HashAggregate  (cost=2291.00..2391.00 rows=10000 width=12) (actual rows=99992 loops=1)
                    Group Key: t_views_0.viewer_id, t_views_0.article_id, t_views_0.view_date
                    Batches: 5  Memory Usage: 4145kB  Disk Usage: 1744kB
                    Buffers: shared hit=541, temp read=200 written=361
                    ->  Seq Scan on views t_views_0  (cost=0.00..1541.00 rows=100000 width=12) (actual rows=100000 loops=1)
                          Buffers: shared hit=541
Planning Time: 0.085 ms
Execution Time: 121.600 ms",117.314,2594.12,100,"Unique  (cost=2592.45..2594.12 rows=333 width=8) (actual rows=100 loops=1)
  Buffers: shared hit=541, temp read=359 written=683
  ->  Sort  (cost=2592.45..2593.28 rows=333 width=8) (actual rows=27263 loops=1)
        Sort Key: t_views_0.viewer_id
        Sort Method: quicksort  Memory: 2046kB
        Buffers: shared hit=541, temp read=359 written=683
        ->  HashAggregate  (cost=2566.00..2578.50 rows=333 width=8) (actual rows=27263 loops=1)
              Group Key: t_views_0.viewer_id, t_views_0.view_date
              Filter: (1 < count(t_views_0.article_id))
              Batches: 5  Memory Usage: 4145kB  Disk Usage: 1656kB
              Rows Removed by Filter: 30784
              Buffers: shared hit=541, temp read=359 written=683
              ->  HashAggregate  (cost=2291.00..2391.00 rows=10000 width=12) (actual rows=99992 loops=1)
                    Group Key: t_views_0.viewer_id, t_views_0.article_id, t_views_0.view_date
                    Batches: 5  Memory Usage: 4145kB  Disk Usage: 1744kB
                    Buffers: shared hit=541, temp read=200 written=361
                    ->  Seq Scan on views t_views_0  (cost=0.00..1541.00 rows=100000 width=12) (actual rows=100000 loops=1)
                          Buffers: shared hit=541
Planning Time: 0.104 ms
Execution Time: 117.314 ms",118.521,2594.12,100,"Unique  (cost=2592.45..2594.12 rows=333 width=8) (actual rows=100 loops=1)
  Buffers: shared hit=541, temp read=359 written=683
  ->  Sort  (cost=2592.45..2593.28 rows=333 width=8) (actual rows=27263 loops=1)
        Sort Key: t_views_0.viewer_id
        Sort Method: quicksort  Memory: 2046kB
        Buffers: shared hit=541, temp read=359 written=683
        ->  HashAggregate  (cost=2566.00..2578.50 rows=333 width=8) (actual rows=27263 loops=1)
              Group Key: t_views_0.viewer_id, t_views_0.view_date
              Filter: (1 < count(t_views_0.article_id))
              Batches: 5  Memory Usage: 4145kB  Disk Usage: 1656kB
              Rows Removed by Filter: 30784
              Buffers: shared hit=541, temp read=359 written=683
              ->  HashAggregate  (cost=2291.00..2391.00 rows=10000 width=12) (actual rows=99992 loops=1)
                    Group Key: t_views_0.viewer_id, t_views_0.article_id, t_views_0.view_date
                    Batches: 5  Memory Usage: 4145kB  Disk Usage: 1744kB
                    Buffers: shared hit=541, temp read=200 written=361
                    ->  Seq Scan on views t_views_0  (cost=0.00..1541.00 rows=100000 width=12) (actual rows=100000 loops=1)
                          Buffers: shared hit=541
Planning Time: 0.106 ms
Execution Time: 118.521 ms",118.2558,118.521,122.4395,123.9506,2594.12,2594.12,100,100,100,100
705,1149,7,Medium,"select distinct t_cte_13.c_viewer_id0 as id from (select distinct t_views_0.view_date as c_view_date0, t_views_0.article_id as c_article_id0, t_views_0.viewer_id as c_viewer_id0 from schema_1149.views as t_views_0) as t_cte_13 group by t_cte_13.c_viewer_id0,t_cte_13.c_view_date0 having 1 < count(t_cte_13.c_article_id0)",110.367,2594.12,100,"Unique  (cost=2592.45..2594.12 rows=333 width=8) (actual rows=100 loops=1)
  Buffers: shared hit=541, temp read=360 written=682
  ->  Sort  (cost=2592.45..2593.28 rows=333 width=8) (actual rows=27263 loops=1)
        Sort Key: t_views_0.viewer_id
        Sort Method: quicksort  Memory: 2046kB
        Buffers: shared hit=541, temp read=360 written=682
        ->  HashAggregate  (cost=2566.00..2578.50 rows=333 width=8) (actual rows=27263 loops=1)
              Group Key: t_views_0.viewer_id, t_views_0.view_date
              Filter: (1 < count(t_views_0.article_id))
              Batches: 5  Memory Usage: 4145kB  Disk Usage: 1664kB
              Rows Removed by Filter: 30784
              Buffers: shared hit=541, temp read=360 written=682
              ->  HashAggregate  (cost=2291.00..2391.00 rows=10000 width=12) (actual rows=99992 loops=1)
                    Group Key: t_views_0.view_date, t_views_0.article_id, t_views_0.viewer_id
                    Batches: 5  Memory Usage: 4145kB  Disk Usage: 1744kB
                    Buffers: shared hit=541, temp read=200 written=361
                    ->  Seq Scan on views t_views_0  (cost=0.00..1541.00 rows=100000 width=12) (actual rows=100000 loops=1)
                          Buffers: shared hit=541
Planning Time: 0.062 ms
Execution Time: 110.367 ms",118.972,2594.12,100,"Unique  (cost=2592.45..2594.12 rows=333 width=8) (actual rows=100 loops=1)
  Buffers: shared hit=541, temp read=360 written=682
  ->  Sort  (cost=2592.45..2593.28 rows=333 width=8) (actual rows=27263 loops=1)
        Sort Key: t_views_0.viewer_id
        Sort Method: quicksort  Memory: 2046kB
        Buffers: shared hit=541, temp read=360 written=682
        ->  HashAggregate  (cost=2566.00..2578.50 rows=333 width=8) (actual rows=27263 loops=1)
              Group Key: t_views_0.viewer_id, t_views_0.view_date
              Filter: (1 < count(t_views_0.article_id))
              Batches: 5  Memory Usage: 4145kB  Disk Usage: 1664kB
              Rows Removed by Filter: 30784
              Buffers: shared hit=541, temp read=360 written=682
              ->  HashAggregate  (cost=2291.00..2391.00 rows=10000 width=12) (actual rows=99992 loops=1)
                    Group Key: t_views_0.view_date, t_views_0.article_id, t_views_0.viewer_id
                    Batches: 5  Memory Usage: 4145kB  Disk Usage: 1744kB
                    Buffers: shared hit=541, temp read=200 written=361
                    ->  Seq Scan on views t_views_0  (cost=0.00..1541.00 rows=100000 width=12) (actual rows=100000 loops=1)
                          Buffers: shared hit=541
Planning Time: 0.121 ms
Execution Time: 118.972 ms",117.709,2594.12,100,"Unique  (cost=2592.45..2594.12 rows=333 width=8) (actual rows=100 loops=1)
  Buffers: shared hit=541, temp read=360 written=682
  ->  Sort  (cost=2592.45..2593.28 rows=333 width=8) (actual rows=27263 loops=1)
        Sort Key: t_views_0.viewer_id
        Sort Method: quicksort  Memory: 2046kB
        Buffers: shared hit=541, temp read=360 written=682
        ->  HashAggregate  (cost=2566.00..2578.50 rows=333 width=8) (actual rows=27263 loops=1)
              Group Key: t_views_0.viewer_id, t_views_0.view_date
              Filter: (1 < count(t_views_0.article_id))
              Batches: 5  Memory Usage: 4145kB  Disk Usage: 1664kB
              Rows Removed by Filter: 30784
              Buffers: shared hit=541, temp read=360 written=682
              ->  HashAggregate  (cost=2291.00..2391.00 rows=10000 width=12) (actual rows=99992 loops=1)
                    Group Key: t_views_0.view_date, t_views_0.article_id, t_views_0.viewer_id
                    Batches: 5  Memory Usage: 4145kB  Disk Usage: 1744kB
                    Buffers: shared hit=541, temp read=200 written=361
                    ->  Seq Scan on views t_views_0  (cost=0.00..1541.00 rows=100000 width=12) (actual rows=100000 loops=1)
                          Buffers: shared hit=541
Planning Time: 0.080 ms
Execution Time: 117.709 ms",124.359,2594.12,100,"Unique  (cost=2592.45..2594.12 rows=333 width=8) (actual rows=100 loops=1)
  Buffers: shared hit=541, temp read=360 written=682
  ->  Sort  (cost=2592.45..2593.28 rows=333 width=8) (actual rows=27263 loops=1)
        Sort Key: t_views_0.viewer_id
        Sort Method: quicksort  Memory: 2046kB
        Buffers: shared hit=541, temp read=360 written=682
        ->  HashAggregate  (cost=2566.00..2578.50 rows=333 width=8) (actual rows=27263 loops=1)
              Group Key: t_views_0.viewer_id, t_views_0.view_date
              Filter: (1 < count(t_views_0.article_id))
              Batches: 5  Memory Usage: 4145kB  Disk Usage: 1664kB
              Rows Removed by Filter: 30784
              Buffers: shared hit=541, temp read=360 written=682
              ->  HashAggregate  (cost=2291.00..2391.00 rows=10000 width=12) (actual rows=99992 loops=1)
                    Group Key: t_views_0.view_date, t_views_0.article_id, t_views_0.viewer_id
                    Batches: 5  Memory Usage: 4145kB  Disk Usage: 1744kB
                    Buffers: shared hit=541, temp read=200 written=361
                    ->  Seq Scan on views t_views_0  (cost=0.00..1541.00 rows=100000 width=12) (actual rows=100000 loops=1)
                          Buffers: shared hit=541
Planning Time: 0.092 ms
Execution Time: 124.359 ms",122,2594.12,100,"Unique  (cost=2592.45..2594.12 rows=333 width=8) (actual rows=100 loops=1)
  Buffers: shared hit=541, temp read=360 written=682
  ->  Sort  (cost=2592.45..2593.28 rows=333 width=8) (actual rows=27263 loops=1)
        Sort Key: t_views_0.viewer_id
        Sort Method: quicksort  Memory: 2046kB
        Buffers: shared hit=541, temp read=360 written=682
        ->  HashAggregate  (cost=2566.00..2578.50 rows=333 width=8) (actual rows=27263 loops=1)
              Group Key: t_views_0.viewer_id, t_views_0.view_date
              Filter: (1 < count(t_views_0.article_id))
              Batches: 5  Memory Usage: 4145kB  Disk Usage: 1664kB
              Rows Removed by Filter: 30784
              Buffers: shared hit=541, temp read=360 written=682
              ->  HashAggregate  (cost=2291.00..2391.00 rows=10000 width=12) (actual rows=99992 loops=1)
                    Group Key: t_views_0.view_date, t_views_0.article_id, t_views_0.viewer_id
                    Batches: 5  Memory Usage: 4145kB  Disk Usage: 1744kB
                    Buffers: shared hit=541, temp read=200 written=361
                    ->  Seq Scan on views t_views_0  (cost=0.00..1541.00 rows=100000 width=12) (actual rows=100000 loops=1)
                          Buffers: shared hit=541
Planning Time: 0.084 ms
Execution Time: 122.000 ms",118.6814,118.972,123.1795,125.3026,2594.12,2594.12,100,100,100,100
706,1149,9,Medium,"select distinct t_cte_1.c_viewer_id0 as id from (select distinct t_views_0.article_id as c_article_id0, t_views_0.view_date as c_view_date0, t_views_0.viewer_id as c_viewer_id0 from schema_1149.views as t_views_0) as t_cte_1 group by t_cte_1.c_viewer_id0,t_cte_1.c_view_date0 having 1 < count(t_cte_1.c_article_id0) order by id asc",114.794,2594.12,100,"Unique  (cost=2592.45..2594.12 rows=333 width=8) (actual rows=100 loops=1)
  Buffers: shared hit=541, temp read=360 written=681
  ->  Sort  (cost=2592.45..2593.28 rows=333 width=8) (actual rows=27263 loops=1)
        Sort Key: t_views_0.viewer_id
        Sort Method: quicksort  Memory: 2046kB
        Buffers: shared hit=541, temp read=360 written=681
        ->  HashAggregate  (cost=2566.00..2578.50 rows=333 width=8) (actual rows=27263 loops=1)
              Group Key: t_views_0.viewer_id, t_views_0.view_date
              Filter: (1 < count(t_views_0.article_id))
              Batches: 5  Memory Usage: 4145kB  Disk Usage: 1656kB
              Rows Removed by Filter: 30784
              Buffers: shared hit=541, temp read=360 written=681
              ->  HashAggregate  (cost=2291.00..2391.00 rows=10000 width=12) (actual rows=99992 loops=1)
                    Group Key: t_views_0.article_id, t_views_0.view_date, t_views_0.viewer_id
                    Batches: 5  Memory Usage: 4145kB  Disk Usage: 1752kB
                    Buffers: shared hit=541, temp read=201 written=362
                    ->  Seq Scan on views t_views_0  (cost=0.00..1541.00 rows=100000 width=12) (actual rows=100000 loops=1)
                          Buffers: shared hit=541
Planning Time: 0.091 ms
Execution Time: 114.794 ms",118.54,2594.12,100,"Unique  (cost=2592.45..2594.12 rows=333 width=8) (actual rows=100 loops=1)
  Buffers: shared hit=541, temp read=360 written=681
  ->  Sort  (cost=2592.45..2593.28 rows=333 width=8) (actual rows=27263 loops=1)
        Sort Key: t_views_0.viewer_id
        Sort Method: quicksort  Memory: 2046kB
        Buffers: shared hit=541, temp read=360 written=681
        ->  HashAggregate  (cost=2566.00..2578.50 rows=333 width=8) (actual rows=27263 loops=1)
              Group Key: t_views_0.viewer_id, t_views_0.view_date
              Filter: (1 < count(t_views_0.article_id))
              Batches: 5  Memory Usage: 4145kB  Disk Usage: 1656kB
              Rows Removed by Filter: 30784
              Buffers: shared hit=541, temp read=360 written=681
              ->  HashAggregate  (cost=2291.00..2391.00 rows=10000 width=12) (actual rows=99992 loops=1)
                    Group Key: t_views_0.article_id, t_views_0.view_date, t_views_0.viewer_id
                    Batches: 5  Memory Usage: 4145kB  Disk Usage: 1752kB
                    Buffers: shared hit=541, temp read=201 written=362
                    ->  Seq Scan on views t_views_0  (cost=0.00..1541.00 rows=100000 width=12) (actual rows=100000 loops=1)
                          Buffers: shared hit=541
Planning Time: 0.093 ms
Execution Time: 118.540 ms",118.098,2594.12,100,"Unique  (cost=2592.45..2594.12 rows=333 width=8) (actual rows=100 loops=1)
  Buffers: shared hit=541, temp read=360 written=681
  ->  Sort  (cost=2592.45..2593.28 rows=333 width=8) (actual rows=27263 loops=1)
        Sort Key: t_views_0.viewer_id
        Sort Method: quicksort  Memory: 2046kB
        Buffers: shared hit=541, temp read=360 written=681
        ->  HashAggregate  (cost=2566.00..2578.50 rows=333 width=8) (actual rows=27263 loops=1)
              Group Key: t_views_0.viewer_id, t_views_0.view_date
              Filter: (1 < count(t_views_0.article_id))
              Batches: 5  Memory Usage: 4145kB  Disk Usage: 1656kB
              Rows Removed by Filter: 30784
              Buffers: shared hit=541, temp read=360 written=681
              ->  HashAggregate  (cost=2291.00..2391.00 rows=10000 width=12) (actual rows=99992 loops=1)
                    Group Key: t_views_0.article_id, t_views_0.view_date, t_views_0.viewer_id
                    Batches: 5  Memory Usage: 4145kB  Disk Usage: 1752kB
                    Buffers: shared hit=541, temp read=201 written=362
                    ->  Seq Scan on views t_views_0  (cost=0.00..1541.00 rows=100000 width=12) (actual rows=100000 loops=1)
                          Buffers: shared hit=541
Planning Time: 0.143 ms
Execution Time: 118.098 ms",118.927,2594.12,100,"Unique  (cost=2592.45..2594.12 rows=333 width=8) (actual rows=100 loops=1)
  Buffers: shared hit=541, temp read=360 written=681
  ->  Sort  (cost=2592.45..2593.28 rows=333 width=8) (actual rows=27263 loops=1)
        Sort Key: t_views_0.viewer_id
        Sort Method: quicksort  Memory: 2046kB
        Buffers: shared hit=541, temp read=360 written=681
        ->  HashAggregate  (cost=2566.00..2578.50 rows=333 width=8) (actual rows=27263 loops=1)
              Group Key: t_views_0.viewer_id, t_views_0.view_date
              Filter: (1 < count(t_views_0.article_id))
              Batches: 5  Memory Usage: 4145kB  Disk Usage: 1656kB
              Rows Removed by Filter: 30784
              Buffers: shared hit=541, temp read=360 written=681
              ->  HashAggregate  (cost=2291.00..2391.00 rows=10000 width=12) (actual rows=99992 loops=1)
                    Group Key: t_views_0.article_id, t_views_0.view_date, t_views_0.viewer_id
                    Batches: 5  Memory Usage: 4145kB  Disk Usage: 1752kB
                    Buffers: shared hit=541, temp read=201 written=362
                    ->  Seq Scan on views t_views_0  (cost=0.00..1541.00 rows=100000 width=12) (actual rows=100000 loops=1)
                          Buffers: shared hit=541
Planning Time: 0.093 ms
Execution Time: 118.927 ms",115.637,2594.12,100,"Unique  (cost=2592.45..2594.12 rows=333 width=8) (actual rows=100 loops=1)
  Buffers: shared hit=541, temp read=360 written=681
  ->  Sort  (cost=2592.45..2593.28 rows=333 width=8) (actual rows=27263 loops=1)
        Sort Key: t_views_0.viewer_id
        Sort Method: quicksort  Memory: 2046kB
        Buffers: shared hit=541, temp read=360 written=681
        ->  HashAggregate  (cost=2566.00..2578.50 rows=333 width=8) (actual rows=27263 loops=1)
              Group Key: t_views_0.viewer_id, t_views_0.view_date
              Filter: (1 < count(t_views_0.article_id))
              Batches: 5  Memory Usage: 4145kB  Disk Usage: 1656kB
              Rows Removed by Filter: 30784
              Buffers: shared hit=541, temp read=360 written=681
              ->  HashAggregate  (cost=2291.00..2391.00 rows=10000 width=12) (actual rows=99992 loops=1)
                    Group Key: t_views_0.article_id, t_views_0.view_date, t_views_0.viewer_id
                    Batches: 5  Memory Usage: 4145kB  Disk Usage: 1752kB
                    Buffers: shared hit=541, temp read=201 written=362
                    ->  Seq Scan on views t_views_0  (cost=0.00..1541.00 rows=100000 width=12) (actual rows=100000 loops=1)
                          Buffers: shared hit=541
Planning Time: 0.112 ms
Execution Time: 115.637 ms",117.1992,118.098,118.7335,119.0818,2594.12,2594.12,100,100,100,100
707,1149,17,Medium,"select distinct t_cte_4.c_viewer_id0 as id from (select distinct t_views_0.view_date as c_view_date0, t_views_0.viewer_id as c_viewer_id0, t_views_0.article_id as c_article_id0 from schema_1149.views as t_views_0) as t_cte_4 group by t_cte_4.c_view_date0,t_cte_4.c_viewer_id0 having 1 < count(t_cte_4.c_article_id0) order by id asc",114.105,2594.12,100,"Unique  (cost=2592.45..2594.12 rows=333 width=8) (actual rows=100 loops=1)
  Buffers: shared hit=541, temp read=360 written=683
  ->  Sort  (cost=2592.45..2593.28 rows=333 width=8) (actual rows=27263 loops=1)
        Sort Key: t_views_0.viewer_id
        Sort Method: quicksort  Memory: 2046kB
        Buffers: shared hit=541, temp read=360 written=683
        ->  HashAggregate  (cost=2566.00..2578.50 rows=333 width=8) (actual rows=27263 loops=1)
              Group Key: t_views_0.viewer_id, t_views_0.view_date
              Filter: (1 < count(t_views_0.article_id))
              Batches: 5  Memory Usage: 4145kB  Disk Usage: 1656kB
              Rows Removed by Filter: 30784
              Buffers: shared hit=541, temp read=360 written=683
              ->  HashAggregate  (cost=2291.00..2391.00 rows=10000 width=12) (actual rows=99992 loops=1)
                    Group Key: t_views_0.view_date, t_views_0.viewer_id, t_views_0.article_id
                    Batches: 5  Memory Usage: 4145kB  Disk Usage: 1744kB
                    Buffers: shared hit=541, temp read=201 written=364
                    ->  Seq Scan on views t_views_0  (cost=0.00..1541.00 rows=100000 width=12) (actual rows=100000 loops=1)
                          Buffers: shared hit=541
Planning Time: 0.062 ms
Execution Time: 114.105 ms",126.293,2594.12,100,"Unique  (cost=2592.45..2594.12 rows=333 width=8) (actual rows=100 loops=1)
  Buffers: shared hit=541, temp read=360 written=683
  ->  Sort  (cost=2592.45..2593.28 rows=333 width=8) (actual rows=27263 loops=1)
        Sort Key: t_views_0.viewer_id
        Sort Method: quicksort  Memory: 2046kB
        Buffers: shared hit=541, temp read=360 written=683
        ->  HashAggregate  (cost=2566.00..2578.50 rows=333 width=8) (actual rows=27263 loops=1)
              Group Key: t_views_0.viewer_id, t_views_0.view_date
              Filter: (1 < count(t_views_0.article_id))
              Batches: 5  Memory Usage: 4145kB  Disk Usage: 1656kB
              Rows Removed by Filter: 30784
              Buffers: shared hit=541, temp read=360 written=683
              ->  HashAggregate  (cost=2291.00..2391.00 rows=10000 width=12) (actual rows=99992 loops=1)
                    Group Key: t_views_0.view_date, t_views_0.viewer_id, t_views_0.article_id
                    Batches: 5  Memory Usage: 4145kB  Disk Usage: 1744kB
                    Buffers: shared hit=541, temp read=201 written=364
                    ->  Seq Scan on views t_views_0  (cost=0.00..1541.00 rows=100000 width=12) (actual rows=100000 loops=1)
                          Buffers: shared hit=541
Planning Time: 0.089 ms
Execution Time: 126.293 ms",118.339,2594.12,100,"Unique  (cost=2592.45..2594.12 rows=333 width=8) (actual rows=100 loops=1)
  Buffers: shared hit=541, temp read=360 written=683
  ->  Sort  (cost=2592.45..2593.28 rows=333 width=8) (actual rows=27263 loops=1)
        Sort Key: t_views_0.viewer_id
        Sort Method: quicksort  Memory: 2046kB
        Buffers: shared hit=541, temp read=360 written=683
        ->  HashAggregate  (cost=2566.00..2578.50 rows=333 width=8) (actual rows=27263 loops=1)
              Group Key: t_views_0.viewer_id, t_views_0.view_date
              Filter: (1 < count(t_views_0.article_id))
              Batches: 5  Memory Usage: 4145kB  Disk Usage: 1656kB
              Rows Removed by Filter: 30784
              Buffers: shared hit=541, temp read=360 written=683
              ->  HashAggregate  (cost=2291.00..2391.00 rows=10000 width=12) (actual rows=99992 loops=1)
                    Group Key: t_views_0.view_date, t_views_0.viewer_id, t_views_0.article_id
                    Batches: 5  Memory Usage: 4145kB  Disk Usage: 1744kB
                    Buffers: shared hit=541, temp read=201 written=364
                    ->  Seq Scan on views t_views_0  (cost=0.00..1541.00 rows=100000 width=12) (actual rows=100000 loops=1)
                          Buffers: shared hit=541
Planning Time: 0.106 ms
Execution Time: 118.339 ms",118.061,2594.12,100,"Unique  (cost=2592.45..2594.12 rows=333 width=8) (actual rows=100 loops=1)
  Buffers: shared hit=541, temp read=360 written=683
  ->  Sort  (cost=2592.45..2593.28 rows=333 width=8) (actual rows=27263 loops=1)
        Sort Key: t_views_0.viewer_id
        Sort Method: quicksort  Memory: 2046kB
        Buffers: shared hit=541, temp read=360 written=683
        ->  HashAggregate  (cost=2566.00..2578.50 rows=333 width=8) (actual rows=27263 loops=1)
              Group Key: t_views_0.viewer_id, t_views_0.view_date
              Filter: (1 < count(t_views_0.article_id))
              Batches: 5  Memory Usage: 4145kB  Disk Usage: 1656kB
              Rows Removed by Filter: 30784
              Buffers: shared hit=541, temp read=360 written=683
              ->  HashAggregate  (cost=2291.00..2391.00 rows=10000 width=12) (actual rows=99992 loops=1)
                    Group Key: t_views_0.view_date, t_views_0.viewer_id, t_views_0.article_id
                    Batches: 5  Memory Usage: 4145kB  Disk Usage: 1744kB
                    Buffers: shared hit=541, temp read=201 written=364
                    ->  Seq Scan on views t_views_0  (cost=0.00..1541.00 rows=100000 width=12) (actual rows=100000 loops=1)
                          Buffers: shared hit=541
Planning Time: 0.085 ms
Execution Time: 118.061 ms",117.543,2594.12,100,"Unique  (cost=2592.45..2594.12 rows=333 width=8) (actual rows=100 loops=1)
  Buffers: shared hit=541, temp read=360 written=683
  ->  Sort  (cost=2592.45..2593.28 rows=333 width=8) (actual rows=27263 loops=1)
        Sort Key: t_views_0.viewer_id
        Sort Method: quicksort  Memory: 2046kB
        Buffers: shared hit=541, temp read=360 written=683
        ->  HashAggregate  (cost=2566.00..2578.50 rows=333 width=8) (actual rows=27263 loops=1)
              Group Key: t_views_0.viewer_id, t_views_0.view_date
              Filter: (1 < count(t_views_0.article_id))
              Batches: 5  Memory Usage: 4145kB  Disk Usage: 1656kB
              Rows Removed by Filter: 30784
              Buffers: shared hit=541, temp read=360 written=683
              ->  HashAggregate  (cost=2291.00..2391.00 rows=10000 width=12) (actual rows=99992 loops=1)
                    Group Key: t_views_0.view_date, t_views_0.viewer_id, t_views_0.article_id
                    Batches: 5  Memory Usage: 4145kB  Disk Usage: 1744kB
                    Buffers: shared hit=541, temp read=201 written=364
                    ->  Seq Scan on views t_views_0  (cost=0.00..1541.00 rows=100000 width=12) (actual rows=100000 loops=1)
                          Buffers: shared hit=541
Planning Time: 0.092 ms
Execution Time: 117.543 ms",118.8682,118.061,122.316,129.4746,2594.12,2594.12,100,100,100,100
708,1149,18,Medium,"select distinct t_cte_3.c_viewer_id0 as id from (select distinct t_views_0.viewer_id as c_viewer_id0, t_views_0.view_date as c_view_date0, t_views_0.article_id as c_article_id0 from schema_1149.views as t_views_0) as t_cte_3 group by t_cte_3.c_viewer_id0,t_cte_3.c_view_date0 having 1 < count(t_cte_3.c_article_id0)",111.115,2594.12,100,"Unique  (cost=2592.45..2594.12 rows=333 width=8) (actual rows=100 loops=1)
  Buffers: shared hit=541, temp read=359 written=682
  ->  Sort  (cost=2592.45..2593.28 rows=333 width=8) (actual rows=27263 loops=1)
        Sort Key: t_views_0.viewer_id
        Sort Method: quicksort  Memory: 2046kB
        Buffers: shared hit=541, temp read=359 written=682
        ->  HashAggregate  (cost=2566.00..2578.50 rows=333 width=8) (actual rows=27263 loops=1)
              Group Key: t_views_0.viewer_id, t_views_0.view_date
              Filter: (1 < count(t_views_0.article_id))
              Batches: 5  Memory Usage: 4145kB  Disk Usage: 1656kB
              Rows Removed by Filter: 30784
              Buffers: shared hit=541, temp read=359 written=682
              ->  HashAggregate  (cost=2291.00..2391.00 rows=10000 width=12) (actual rows=99992 loops=1)
                    Group Key: t_views_0.viewer_id, t_views_0.view_date, t_views_0.article_id
                    Batches: 5  Memory Usage: 4145kB  Disk Usage: 1744kB
                    Buffers: shared hit=541, temp read=200 written=361
                    ->  Seq Scan on views t_views_0  (cost=0.00..1541.00 rows=100000 width=12) (actual rows=100000 loops=1)
                          Buffers: shared hit=541
Planning Time: 0.083 ms
Execution Time: 111.115 ms",119.517,2594.12,100,"Unique  (cost=2592.45..2594.12 rows=333 width=8) (actual rows=100 loops=1)
  Buffers: shared hit=541, temp read=359 written=682
  ->  Sort  (cost=2592.45..2593.28 rows=333 width=8) (actual rows=27263 loops=1)
        Sort Key: t_views_0.viewer_id
        Sort Method: quicksort  Memory: 2046kB
        Buffers: shared hit=541, temp read=359 written=682
        ->  HashAggregate  (cost=2566.00..2578.50 rows=333 width=8) (actual rows=27263 loops=1)
              Group Key: t_views_0.viewer_id, t_views_0.view_date
              Filter: (1 < count(t_views_0.article_id))
              Batches: 5  Memory Usage: 4145kB  Disk Usage: 1656kB
              Rows Removed by Filter: 30784
              Buffers: shared hit=541, temp read=359 written=682
              ->  HashAggregate  (cost=2291.00..2391.00 rows=10000 width=12) (actual rows=99992 loops=1)
                    Group Key: t_views_0.viewer_id, t_views_0.view_date, t_views_0.article_id
                    Batches: 5  Memory Usage: 4145kB  Disk Usage: 1744kB
                    Buffers: shared hit=541, temp read=200 written=361
                    ->  Seq Scan on views t_views_0  (cost=0.00..1541.00 rows=100000 width=12) (actual rows=100000 loops=1)
                          Buffers: shared hit=541
Planning Time: 0.126 ms
Execution Time: 119.517 ms",120.603,2594.12,100,"Unique  (cost=2592.45..2594.12 rows=333 width=8) (actual rows=100 loops=1)
  Buffers: shared hit=541, temp read=359 written=682
  ->  Sort  (cost=2592.45..2593.28 rows=333 width=8) (actual rows=27263 loops=1)
        Sort Key: t_views_0.viewer_id
        Sort Method: quicksort  Memory: 2046kB
        Buffers: shared hit=541, temp read=359 written=682
        ->  HashAggregate  (cost=2566.00..2578.50 rows=333 width=8) (actual rows=27263 loops=1)
              Group Key: t_views_0.viewer_id, t_views_0.view_date
              Filter: (1 < count(t_views_0.article_id))
              Batches: 5  Memory Usage: 4145kB  Disk Usage: 1656kB
              Rows Removed by Filter: 30784
              Buffers: shared hit=541, temp read=359 written=682
              ->  HashAggregate  (cost=2291.00..2391.00 rows=10000 width=12) (actual rows=99992 loops=1)
                    Group Key: t_views_0.viewer_id, t_views_0.view_date, t_views_0.article_id
                    Batches: 5  Memory Usage: 4145kB  Disk Usage: 1744kB
                    Buffers: shared hit=541, temp read=200 written=361
                    ->  Seq Scan on views t_views_0  (cost=0.00..1541.00 rows=100000 width=12) (actual rows=100000 loops=1)
                          Buffers: shared hit=541
Planning Time: 0.092 ms
Execution Time: 120.603 ms",119.971,2594.12,100,"Unique  (cost=2592.45..2594.12 rows=333 width=8) (actual rows=100 loops=1)
  Buffers: shared hit=541, temp read=359 written=682
  ->  Sort  (cost=2592.45..2593.28 rows=333 width=8) (actual rows=27263 loops=1)
        Sort Key: t_views_0.viewer_id
        Sort Method: quicksort  Memory: 2046kB
        Buffers: shared hit=541, temp read=359 written=682
        ->  HashAggregate  (cost=2566.00..2578.50 rows=333 width=8) (actual rows=27263 loops=1)
              Group Key: t_views_0.viewer_id, t_views_0.view_date
              Filter: (1 < count(t_views_0.article_id))
              Batches: 5  Memory Usage: 4145kB  Disk Usage: 1656kB
              Rows Removed by Filter: 30784
              Buffers: shared hit=541, temp read=359 written=682
              ->  HashAggregate  (cost=2291.00..2391.00 rows=10000 width=12) (actual rows=99992 loops=1)
                    Group Key: t_views_0.viewer_id, t_views_0.view_date, t_views_0.article_id
                    Batches: 5  Memory Usage: 4145kB  Disk Usage: 1744kB
                    Buffers: shared hit=541, temp read=200 written=361
                    ->  Seq Scan on views t_views_0  (cost=0.00..1541.00 rows=100000 width=12) (actual rows=100000 loops=1)
                          Buffers: shared hit=541
Planning Time: 0.096 ms
Execution Time: 119.971 ms",119.288,2594.12,100,"Unique  (cost=2592.45..2594.12 rows=333 width=8) (actual rows=100 loops=1)
  Buffers: shared hit=541, temp read=359 written=682
  ->  Sort  (cost=2592.45..2593.28 rows=333 width=8) (actual rows=27263 loops=1)
        Sort Key: t_views_0.viewer_id
        Sort Method: quicksort  Memory: 2046kB
        Buffers: shared hit=541, temp read=359 written=682
        ->  HashAggregate  (cost=2566.00..2578.50 rows=333 width=8) (actual rows=27263 loops=1)
              Group Key: t_views_0.viewer_id, t_views_0.view_date
              Filter: (1 < count(t_views_0.article_id))
              Batches: 5  Memory Usage: 4145kB  Disk Usage: 1656kB
              Rows Removed by Filter: 30784
              Buffers: shared hit=541, temp read=359 written=682
              ->  HashAggregate  (cost=2291.00..2391.00 rows=10000 width=12) (actual rows=99992 loops=1)
                    Group Key: t_views_0.viewer_id, t_views_0.view_date, t_views_0.article_id
                    Batches: 5  Memory Usage: 4145kB  Disk Usage: 1744kB
                    Buffers: shared hit=541, temp read=200 written=361
                    ->  Seq Scan on views t_views_0  (cost=0.00..1541.00 rows=100000 width=12) (actual rows=100000 loops=1)
                          Buffers: shared hit=541
Planning Time: 0.070 ms
Execution Time: 119.288 ms",118.0988,119.517,120.287,120.8558,2594.12,2594.12,100,100,100,100
709,1149,23,Medium,"select distinct t_cte_1.c_viewer_id0 as id from (select distinct t_views_0.view_date as c_view_date0, t_views_0.article_id as c_article_id0, t_views_0.viewer_id as c_viewer_id0 from schema_1149.views as t_views_0 order by c_viewer_id0 asc) as t_cte_1 group by t_cte_1.c_viewer_id0,t_cte_1.c_view_date0 having 1 < count(t_cte_1.c_article_id0)",144.035,3283.5,100,"Unique  (cost=3281.84..3283.50 rows=333 width=8) (actual rows=100 loops=1)
  Buffers: shared hit=541, temp read=664 written=987
  ->  Sort  (cost=3281.84..3282.67 rows=333 width=8) (actual rows=27263 loops=1)
        Sort Key: t_views_0.viewer_id
        Sort Method: quicksort  Memory: 2046kB
        Buffers: shared hit=541, temp read=664 written=987
        ->  HashAggregate  (cost=3255.39..3267.89 rows=333 width=8) (actual rows=27263 loops=1)
              Group Key: t_views_0.viewer_id, t_views_0.view_date
              Filter: (1 < count(t_views_0.article_id))
              Batches: 5  Memory Usage: 4145kB  Disk Usage: 1728kB
              Rows Removed by Filter: 30784
              Buffers: shared hit=541, temp read=664 written=987
              ->  Sort  (cost=3055.39..3080.39 rows=10000 width=12) (actual rows=99992 loops=1)
                    Sort Key: t_views_0.viewer_id
                    Sort Method: external merge  Disk: 2160kB
                    Buffers: shared hit=541, temp read=470 written=632
                    ->  HashAggregate  (cost=2291.00..2391.00 rows=10000 width=12) (actual rows=99992 loops=1)
                          Group Key: t_views_0.viewer_id, t_views_0.view_date, t_views_0.article_id
                          Batches: 5  Memory Usage: 4145kB  Disk Usage: 1744kB
                          Buffers: shared hit=541, temp read=200 written=361
                          ->  Seq Scan on views t_views_0  (cost=0.00..1541.00 rows=100000 width=12) (actual rows=100000 loops=1)
                                Buffers: shared hit=541
Planning Time: 0.067 ms
Execution Time: 144.035 ms",145.826,3283.5,100,"Unique  (cost=3281.84..3283.50 rows=333 width=8) (actual rows=100 loops=1)
  Buffers: shared hit=541, temp read=664 written=987
  ->  Sort  (cost=3281.84..3282.67 rows=333 width=8) (actual rows=27263 loops=1)
        Sort Key: t_views_0.viewer_id
        Sort Method: quicksort  Memory: 2046kB
        Buffers: shared hit=541, temp read=664 written=987
        ->  HashAggregate  (cost=3255.39..3267.89 rows=333 width=8) (actual rows=27263 loops=1)
              Group Key: t_views_0.viewer_id, t_views_0.view_date
              Filter: (1 < count(t_views_0.article_id))
              Batches: 5  Memory Usage: 4145kB  Disk Usage: 1728kB
              Rows Removed by Filter: 30784
              Buffers: shared hit=541, temp read=664 written=987
              ->  Sort  (cost=3055.39..3080.39 rows=10000 width=12) (actual rows=99992 loops=1)
                    Sort Key: t_views_0.viewer_id
                    Sort Method: external merge  Disk: 2160kB
                    Buffers: shared hit=541, temp read=470 written=632
                    ->  HashAggregate  (cost=2291.00..2391.00 rows=10000 width=12) (actual rows=99992 loops=1)
                          Group Key: t_views_0.viewer_id, t_views_0.view_date, t_views_0.article_id
                          Batches: 5  Memory Usage: 4145kB  Disk Usage: 1744kB
                          Buffers: shared hit=541, temp read=200 written=361
                          ->  Seq Scan on views t_views_0  (cost=0.00..1541.00 rows=100000 width=12) (actual rows=100000 loops=1)
                                Buffers: shared hit=541
Planning Time: 0.100 ms
Execution Time: 145.826 ms",150.232,3283.5,100,"Unique  (cost=3281.84..3283.50 rows=333 width=8) (actual rows=100 loops=1)
  Buffers: shared hit=541, temp read=664 written=987
  ->  Sort  (cost=3281.84..3282.67 rows=333 width=8) (actual rows=27263 loops=1)
        Sort Key: t_views_0.viewer_id
        Sort Method: quicksort  Memory: 2046kB
        Buffers: shared hit=541, temp read=664 written=987
        ->  HashAggregate  (cost=3255.39..3267.89 rows=333 width=8) (actual rows=27263 loops=1)
              Group Key: t_views_0.viewer_id, t_views_0.view_date
              Filter: (1 < count(t_views_0.article_id))
              Batches: 5  Memory Usage: 4145kB  Disk Usage: 1728kB
              Rows Removed by Filter: 30784
              Buffers: shared hit=541, temp read=664 written=987
              ->  Sort  (cost=3055.39..3080.39 rows=10000 width=12) (actual rows=99992 loops=1)
                    Sort Key: t_views_0.viewer_id
                    Sort Method: external merge  Disk: 2160kB
                    Buffers: shared hit=541, temp read=470 written=632
                    ->  HashAggregate  (cost=2291.00..2391.00 rows=10000 width=12) (actual rows=99992 loops=1)
                          Group Key: t_views_0.viewer_id, t_views_0.view_date, t_views_0.article_id
                          Batches: 5  Memory Usage: 4145kB  Disk Usage: 1744kB
                          Buffers: shared hit=541, temp read=200 written=361
                          ->  Seq Scan on views t_views_0  (cost=0.00..1541.00 rows=100000 width=12) (actual rows=100000 loops=1)
                                Buffers: shared hit=541
Planning Time: 0.090 ms
Execution Time: 150.232 ms",146.321,3283.5,100,"Unique  (cost=3281.84..3283.50 rows=333 width=8) (actual rows=100 loops=1)
  Buffers: shared hit=541, temp read=664 written=987
  ->  Sort  (cost=3281.84..3282.67 rows=333 width=8) (actual rows=27263 loops=1)
        Sort Key: t_views_0.viewer_id
        Sort Method: quicksort  Memory: 2046kB
        Buffers: shared hit=541, temp read=664 written=987
        ->  HashAggregate  (cost=3255.39..3267.89 rows=333 width=8) (actual rows=27263 loops=1)
              Group Key: t_views_0.viewer_id, t_views_0.view_date
              Filter: (1 < count(t_views_0.article_id))
              Batches: 5  Memory Usage: 4145kB  Disk Usage: 1728kB
              Rows Removed by Filter: 30784
              Buffers: shared hit=541, temp read=664 written=987
              ->  Sort  (cost=3055.39..3080.39 rows=10000 width=12) (actual rows=99992 loops=1)
                    Sort Key: t_views_0.viewer_id
                    Sort Method: external merge  Disk: 2160kB
                    Buffers: shared hit=541, temp read=470 written=632
                    ->  HashAggregate  (cost=2291.00..2391.00 rows=10000 width=12) (actual rows=99992 loops=1)
                          Group Key: t_views_0.viewer_id, t_views_0.view_date, t_views_0.article_id
                          Batches: 5  Memory Usage: 4145kB  Disk Usage: 1744kB
                          Buffers: shared hit=541, temp read=200 written=361
                          ->  Seq Scan on views t_views_0  (cost=0.00..1541.00 rows=100000 width=12) (actual rows=100000 loops=1)
                                Buffers: shared hit=541
Planning Time: 0.108 ms
Execution Time: 146.321 ms",146.83,3283.5,100,"Unique  (cost=3281.84..3283.50 rows=333 width=8) (actual rows=100 loops=1)
  Buffers: shared hit=541, temp read=664 written=987
  ->  Sort  (cost=3281.84..3282.67 rows=333 width=8) (actual rows=27263 loops=1)
        Sort Key: t_views_0.viewer_id
        Sort Method: quicksort  Memory: 2046kB
        Buffers: shared hit=541, temp read=664 written=987
        ->  HashAggregate  (cost=3255.39..3267.89 rows=333 width=8) (actual rows=27263 loops=1)
              Group Key: t_views_0.viewer_id, t_views_0.view_date
              Filter: (1 < count(t_views_0.article_id))
              Batches: 5  Memory Usage: 4145kB  Disk Usage: 1728kB
              Rows Removed by Filter: 30784
              Buffers: shared hit=541, temp read=664 written=987
              ->  Sort  (cost=3055.39..3080.39 rows=10000 width=12) (actual rows=99992 loops=1)
                    Sort Key: t_views_0.viewer_id
                    Sort Method: external merge  Disk: 2160kB
                    Buffers: shared hit=541, temp read=470 written=632
                    ->  HashAggregate  (cost=2291.00..2391.00 rows=10000 width=12) (actual rows=99992 loops=1)
                          Group Key: t_views_0.viewer_id, t_views_0.view_date, t_views_0.article_id
                          Batches: 5  Memory Usage: 4145kB  Disk Usage: 1744kB
                          Buffers: shared hit=541, temp read=200 written=361
                          ->  Seq Scan on views t_views_0  (cost=0.00..1541.00 rows=100000 width=12) (actual rows=100000 loops=1)
                                Buffers: shared hit=541
Planning Time: 0.109 ms
Execution Time: 146.830 ms",146.6488,146.321,148.531,151.5928,3283.5,3283.5,100,100,100,100
710,1149,24,Medium,"select distinct t_cte_0.c_viewer_id0 as id from (select distinct t_views_0.article_id as c_article_id0, t_views_0.viewer_id as c_viewer_id0, t_views_0.view_date as c_view_date0 from schema_1149.views as t_views_0) as t_cte_0 group by t_cte_0.c_view_date0,t_cte_0.c_viewer_id0 having 1 < count(t_cte_0.c_article_id0)",112.2,2594.12,100,"Unique  (cost=2592.45..2594.12 rows=333 width=8) (actual rows=100 loops=1)
  Buffers: shared hit=541, temp read=359 written=683
  ->  Sort  (cost=2592.45..2593.28 rows=333 width=8) (actual rows=27263 loops=1)
        Sort Key: t_views_0.viewer_id
        Sort Method: quicksort  Memory: 2046kB
        Buffers: shared hit=541, temp read=359 written=683
        ->  HashAggregate  (cost=2566.00..2578.50 rows=333 width=8) (actual rows=27263 loops=1)
              Group Key: t_views_0.view_date, t_views_0.viewer_id
              Filter: (1 < count(t_views_0.article_id))
              Batches: 5  Memory Usage: 4145kB  Disk Usage: 1656kB
              Rows Removed by Filter: 30784
              Buffers: shared hit=541, temp read=359 written=683
              ->  HashAggregate  (cost=2291.00..2391.00 rows=10000 width=12) (actual rows=99992 loops=1)
                    Group Key: t_views_0.article_id, t_views_0.viewer_id, t_views_0.view_date
                    Batches: 5  Memory Usage: 4145kB  Disk Usage: 1744kB
                    Buffers: shared hit=541, temp read=201 written=362
                    ->  Seq Scan on views t_views_0  (cost=0.00..1541.00 rows=100000 width=12) (actual rows=100000 loops=1)
                          Buffers: shared hit=541
Planning Time: 0.104 ms
Execution Time: 112.200 ms",122.135,2594.12,100,"Unique  (cost=2592.45..2594.12 rows=333 width=8) (actual rows=100 loops=1)
  Buffers: shared hit=541, temp read=359 written=683
  ->  Sort  (cost=2592.45..2593.28 rows=333 width=8) (actual rows=27263 loops=1)
        Sort Key: t_views_0.viewer_id
        Sort Method: quicksort  Memory: 2046kB
        Buffers: shared hit=541, temp read=359 written=683
        ->  HashAggregate  (cost=2566.00..2578.50 rows=333 width=8) (actual rows=27263 loops=1)
              Group Key: t_views_0.view_date, t_views_0.viewer_id
              Filter: (1 < count(t_views_0.article_id))
              Batches: 5  Memory Usage: 4145kB  Disk Usage: 1656kB
              Rows Removed by Filter: 30784
              Buffers: shared hit=541, temp read=359 written=683
              ->  HashAggregate  (cost=2291.00..2391.00 rows=10000 width=12) (actual rows=99992 loops=1)
                    Group Key: t_views_0.article_id, t_views_0.viewer_id, t_views_0.view_date
                    Batches: 5  Memory Usage: 4145kB  Disk Usage: 1744kB
                    Buffers: shared hit=541, temp read=201 written=362
                    ->  Seq Scan on views t_views_0  (cost=0.00..1541.00 rows=100000 width=12) (actual rows=100000 loops=1)
                          Buffers: shared hit=541
Planning Time: 0.139 ms
Execution Time: 122.135 ms",120.615,2594.12,100,"Unique  (cost=2592.45..2594.12 rows=333 width=8) (actual rows=100 loops=1)
  Buffers: shared hit=541, temp read=359 written=683
  ->  Sort  (cost=2592.45..2593.28 rows=333 width=8) (actual rows=27263 loops=1)
        Sort Key: t_views_0.viewer_id
        Sort Method: quicksort  Memory: 2046kB
        Buffers: shared hit=541, temp read=359 written=683
        ->  HashAggregate  (cost=2566.00..2578.50 rows=333 width=8) (actual rows=27263 loops=1)
              Group Key: t_views_0.view_date, t_views_0.viewer_id
              Filter: (1 < count(t_views_0.article_id))
              Batches: 5  Memory Usage: 4145kB  Disk Usage: 1656kB
              Rows Removed by Filter: 30784
              Buffers: shared hit=541, temp read=359 written=683
              ->  HashAggregate  (cost=2291.00..2391.00 rows=10000 width=12) (actual rows=99992 loops=1)
                    Group Key: t_views_0.article_id, t_views_0.viewer_id, t_views_0.view_date
                    Batches: 5  Memory Usage: 4145kB  Disk Usage: 1744kB
                    Buffers: shared hit=541, temp read=201 written=362
                    ->  Seq Scan on views t_views_0  (cost=0.00..1541.00 rows=100000 width=12) (actual rows=100000 loops=1)
                          Buffers: shared hit=541
Planning Time: 0.121 ms
Execution Time: 120.615 ms",120.889,2594.12,100,"Unique  (cost=2592.45..2594.12 rows=333 width=8) (actual rows=100 loops=1)
  Buffers: shared hit=541, temp read=359 written=683
  ->  Sort  (cost=2592.45..2593.28 rows=333 width=8) (actual rows=27263 loops=1)
        Sort Key: t_views_0.viewer_id
        Sort Method: quicksort  Memory: 2046kB
        Buffers: shared hit=541, temp read=359 written=683
        ->  HashAggregate  (cost=2566.00..2578.50 rows=333 width=8) (actual rows=27263 loops=1)
              Group Key: t_views_0.view_date, t_views_0.viewer_id
              Filter: (1 < count(t_views_0.article_id))
              Batches: 5  Memory Usage: 4145kB  Disk Usage: 1656kB
              Rows Removed by Filter: 30784
              Buffers: shared hit=541, temp read=359 written=683
              ->  HashAggregate  (cost=2291.00..2391.00 rows=10000 width=12) (actual rows=99992 loops=1)
                    Group Key: t_views_0.article_id, t_views_0.viewer_id, t_views_0.view_date
                    Batches: 5  Memory Usage: 4145kB  Disk Usage: 1744kB
                    Buffers: shared hit=541, temp read=201 written=362
                    ->  Seq Scan on views t_views_0  (cost=0.00..1541.00 rows=100000 width=12) (actual rows=100000 loops=1)
                          Buffers: shared hit=541
Planning Time: 0.098 ms
Execution Time: 120.889 ms",117.791,2594.12,100,"Unique  (cost=2592.45..2594.12 rows=333 width=8) (actual rows=100 loops=1)
  Buffers: shared hit=541, temp read=359 written=683
  ->  Sort  (cost=2592.45..2593.28 rows=333 width=8) (actual rows=27263 loops=1)
        Sort Key: t_views_0.viewer_id
        Sort Method: quicksort  Memory: 2046kB
        Buffers: shared hit=541, temp read=359 written=683
        ->  HashAggregate  (cost=2566.00..2578.50 rows=333 width=8) (actual rows=27263 loops=1)
              Group Key: t_views_0.view_date, t_views_0.viewer_id
              Filter: (1 < count(t_views_0.article_id))
              Batches: 5  Memory Usage: 4145kB  Disk Usage: 1656kB
              Rows Removed by Filter: 30784
              Buffers: shared hit=541, temp read=359 written=683
              ->  HashAggregate  (cost=2291.00..2391.00 rows=10000 width=12) (actual rows=99992 loops=1)
                    Group Key: t_views_0.article_id, t_views_0.viewer_id, t_views_0.view_date
                    Batches: 5  Memory Usage: 4145kB  Disk Usage: 1744kB
                    Buffers: shared hit=541, temp read=201 written=362
                    ->  Seq Scan on views t_views_0  (cost=0.00..1541.00 rows=100000 width=12) (actual rows=100000 loops=1)
                          Buffers: shared hit=541
Planning Time: 0.161 ms
Execution Time: 117.791 ms",118.726,120.615,121.512,122.6334,2594.12,2594.12,100,100,100,100
711,1149,32,Medium,"select distinct t_cte_9.c_viewer_id0 as id from (select distinct t_views_0.viewer_id as c_viewer_id0, t_views_0.view_date as c_view_date0, t_views_0.article_id as c_article_id0 from schema_1149.views as t_views_0) as t_cte_9 group by t_cte_9.c_view_date0,t_cte_9.c_viewer_id0 having 1 < count(t_cte_9.c_article_id0)",111.609,2594.12,100,"Unique  (cost=2592.45..2594.12 rows=333 width=8) (actual rows=100 loops=1)
  Buffers: shared hit=541, temp read=359 written=680
  ->  Sort  (cost=2592.45..2593.28 rows=333 width=8) (actual rows=27263 loops=1)
        Sort Key: t_views_0.viewer_id
        Sort Method: quicksort  Memory: 2046kB
        Buffers: shared hit=541, temp read=359 written=680
        ->  HashAggregate  (cost=2566.00..2578.50 rows=333 width=8) (actual rows=27263 loops=1)
              Group Key: t_views_0.view_date, t_views_0.viewer_id
              Filter: (1 < count(t_views_0.article_id))
              Batches: 5  Memory Usage: 4145kB  Disk Usage: 1656kB
              Rows Removed by Filter: 30784
              Buffers: shared hit=541, temp read=359 written=680
              ->  HashAggregate  (cost=2291.00..2391.00 rows=10000 width=12) (actual rows=99992 loops=1)
                    Group Key: t_views_0.viewer_id, t_views_0.view_date, t_views_0.article_id
                    Batches: 5  Memory Usage: 4145kB  Disk Usage: 1744kB
                    Buffers: shared hit=541, temp read=200 written=361
                    ->  Seq Scan on views t_views_0  (cost=0.00..1541.00 rows=100000 width=12) (actual rows=100000 loops=1)
                          Buffers: shared hit=541
Planning Time: 0.059 ms
Execution Time: 111.609 ms",125.138,2594.12,100,"Unique  (cost=2592.45..2594.12 rows=333 width=8) (actual rows=100 loops=1)
  Buffers: shared hit=541, temp read=359 written=680
  ->  Sort  (cost=2592.45..2593.28 rows=333 width=8) (actual rows=27263 loops=1)
        Sort Key: t_views_0.viewer_id
        Sort Method: quicksort  Memory: 2046kB
        Buffers: shared hit=541, temp read=359 written=680
        ->  HashAggregate  (cost=2566.00..2578.50 rows=333 width=8) (actual rows=27263 loops=1)
              Group Key: t_views_0.view_date, t_views_0.viewer_id
              Filter: (1 < count(t_views_0.article_id))
              Batches: 5  Memory Usage: 4145kB  Disk Usage: 1656kB
              Rows Removed by Filter: 30784
              Buffers: shared hit=541, temp read=359 written=680
              ->  HashAggregate  (cost=2291.00..2391.00 rows=10000 width=12) (actual rows=99992 loops=1)
                    Group Key: t_views_0.viewer_id, t_views_0.view_date, t_views_0.article_id
                    Batches: 5  Memory Usage: 4145kB  Disk Usage: 1744kB
                    Buffers: shared hit=541, temp read=200 written=361
                    ->  Seq Scan on views t_views_0  (cost=0.00..1541.00 rows=100000 width=12) (actual rows=100000 loops=1)
                          Buffers: shared hit=541
Planning Time: 0.098 ms
Execution Time: 125.138 ms",119.246,2594.12,100,"Unique  (cost=2592.45..2594.12 rows=333 width=8) (actual rows=100 loops=1)
  Buffers: shared hit=541, temp read=359 written=680
  ->  Sort  (cost=2592.45..2593.28 rows=333 width=8) (actual rows=27263 loops=1)
        Sort Key: t_views_0.viewer_id
        Sort Method: quicksort  Memory: 2046kB
        Buffers: shared hit=541, temp read=359 written=680
        ->  HashAggregate  (cost=2566.00..2578.50 rows=333 width=8) (actual rows=27263 loops=1)
              Group Key: t_views_0.view_date, t_views_0.viewer_id
              Filter: (1 < count(t_views_0.article_id))
              Batches: 5  Memory Usage: 4145kB  Disk Usage: 1656kB
              Rows Removed by Filter: 30784
              Buffers: shared hit=541, temp read=359 written=680
              ->  HashAggregate  (cost=2291.00..2391.00 rows=10000 width=12) (actual rows=99992 loops=1)
                    Group Key: t_views_0.viewer_id, t_views_0.view_date, t_views_0.article_id
                    Batches: 5  Memory Usage: 4145kB  Disk Usage: 1744kB
                    Buffers: shared hit=541, temp read=200 written=361
                    ->  Seq Scan on views t_views_0  (cost=0.00..1541.00 rows=100000 width=12) (actual rows=100000 loops=1)
                          Buffers: shared hit=541
Planning Time: 0.104 ms
Execution Time: 119.246 ms",128.43,2594.12,100,"Unique  (cost=2592.45..2594.12 rows=333 width=8) (actual rows=100 loops=1)
  Buffers: shared hit=541, temp read=359 written=680
  ->  Sort  (cost=2592.45..2593.28 rows=333 width=8) (actual rows=27263 loops=1)
        Sort Key: t_views_0.viewer_id
        Sort Method: quicksort  Memory: 2046kB
        Buffers: shared hit=541, temp read=359 written=680
        ->  HashAggregate  (cost=2566.00..2578.50 rows=333 width=8) (actual rows=27263 loops=1)
              Group Key: t_views_0.view_date, t_views_0.viewer_id
              Filter: (1 < count(t_views_0.article_id))
              Batches: 5  Memory Usage: 4145kB  Disk Usage: 1656kB
              Rows Removed by Filter: 30784
              Buffers: shared hit=541, temp read=359 written=680
              ->  HashAggregate  (cost=2291.00..2391.00 rows=10000 width=12) (actual rows=99992 loops=1)
                    Group Key: t_views_0.viewer_id, t_views_0.view_date, t_views_0.article_id
                    Batches: 5  Memory Usage: 4145kB  Disk Usage: 1744kB
                    Buffers: shared hit=541, temp read=200 written=361
                    ->  Seq Scan on views t_views_0  (cost=0.00..1541.00 rows=100000 width=12) (actual rows=100000 loops=1)
                          Buffers: shared hit=541
Planning Time: 0.098 ms
Execution Time: 128.430 ms",121.058,2594.12,100,"Unique  (cost=2592.45..2594.12 rows=333 width=8) (actual rows=100 loops=1)
  Buffers: shared hit=541, temp read=359 written=680
  ->  Sort  (cost=2592.45..2593.28 rows=333 width=8) (actual rows=27263 loops=1)
        Sort Key: t_views_0.viewer_id
        Sort Method: quicksort  Memory: 2046kB
        Buffers: shared hit=541, temp read=359 written=680
        ->  HashAggregate  (cost=2566.00..2578.50 rows=333 width=8) (actual rows=27263 loops=1)
              Group Key: t_views_0.view_date, t_views_0.viewer_id
              Filter: (1 < count(t_views_0.article_id))
              Batches: 5  Memory Usage: 4145kB  Disk Usage: 1656kB
              Rows Removed by Filter: 30784
              Buffers: shared hit=541, temp read=359 written=680
              ->  HashAggregate  (cost=2291.00..2391.00 rows=10000 width=12) (actual rows=99992 loops=1)
                    Group Key: t_views_0.viewer_id, t_views_0.view_date, t_views_0.article_id
                    Batches: 5  Memory Usage: 4145kB  Disk Usage: 1744kB
                    Buffers: shared hit=541, temp read=200 written=361
                    ->  Seq Scan on views t_views_0  (cost=0.00..1541.00 rows=100000 width=12) (actual rows=100000 loops=1)
                          Buffers: shared hit=541
Planning Time: 0.089 ms
Execution Time: 121.058 ms",121.0962,121.058,126.784,129.7468,2594.12,2594.12,100,100,100,100
712,1149,33,Medium,"select distinct t_cte_3.c_viewer_id0 as id from (select distinct a.viewer_id as c_viewer_id0, a.article_id as c_article_id0, a.view_date as c_view_date0 from schema_1149.views as a) as t_cte_3 group by t_cte_3.c_view_date0,t_cte_3.c_viewer_id0 having 2 <= count(t_cte_3.c_article_id0)",112.311,2594.12,100,"Unique  (cost=2592.45..2594.12 rows=333 width=8) (actual rows=100 loops=1)
  Buffers: shared hit=541, temp read=360 written=683
  ->  Sort  (cost=2592.45..2593.28 rows=333 width=8) (actual rows=27263 loops=1)
        Sort Key: a.viewer_id
        Sort Method: quicksort  Memory: 2046kB
        Buffers: shared hit=541, temp read=360 written=683
        ->  HashAggregate  (cost=2566.00..2578.50 rows=333 width=8) (actual rows=27263 loops=1)
              Group Key: a.view_date, a.viewer_id
              Filter: (2 <= count(a.article_id))
              Batches: 5  Memory Usage: 4145kB  Disk Usage: 1664kB
              Rows Removed by Filter: 30784
              Buffers: shared hit=541, temp read=360 written=683
              ->  HashAggregate  (cost=2291.00..2391.00 rows=10000 width=12) (actual rows=99992 loops=1)
                    Group Key: a.viewer_id, a.article_id, a.view_date
                    Batches: 5  Memory Usage: 4145kB  Disk Usage: 1744kB
                    Buffers: shared hit=541, temp read=200 written=361
                    ->  Seq Scan on views a  (cost=0.00..1541.00 rows=100000 width=12) (actual rows=100000 loops=1)
                          Buffers: shared hit=541
Planning Time: 0.070 ms
Execution Time: 112.311 ms",118.866,2594.12,100,"Unique  (cost=2592.45..2594.12 rows=333 width=8) (actual rows=100 loops=1)
  Buffers: shared hit=541, temp read=360 written=683
  ->  Sort  (cost=2592.45..2593.28 rows=333 width=8) (actual rows=27263 loops=1)
        Sort Key: a.viewer_id
        Sort Method: quicksort  Memory: 2046kB
        Buffers: shared hit=541, temp read=360 written=683
        ->  HashAggregate  (cost=2566.00..2578.50 rows=333 width=8) (actual rows=27263 loops=1)
              Group Key: a.view_date, a.viewer_id
              Filter: (2 <= count(a.article_id))
              Batches: 5  Memory Usage: 4145kB  Disk Usage: 1664kB
              Rows Removed by Filter: 30784
              Buffers: shared hit=541, temp read=360 written=683
              ->  HashAggregate  (cost=2291.00..2391.00 rows=10000 width=12) (actual rows=99992 loops=1)
                    Group Key: a.viewer_id, a.article_id, a.view_date
                    Batches: 5  Memory Usage: 4145kB  Disk Usage: 1744kB
                    Buffers: shared hit=541, temp read=200 written=361
                    ->  Seq Scan on views a  (cost=0.00..1541.00 rows=100000 width=12) (actual rows=100000 loops=1)
                          Buffers: shared hit=541
Planning Time: 0.106 ms
Execution Time: 118.866 ms",118.529,2594.12,100,"Unique  (cost=2592.45..2594.12 rows=333 width=8) (actual rows=100 loops=1)
  Buffers: shared hit=541, temp read=360 written=683
  ->  Sort  (cost=2592.45..2593.28 rows=333 width=8) (actual rows=27263 loops=1)
        Sort Key: a.viewer_id
        Sort Method: quicksort  Memory: 2046kB
        Buffers: shared hit=541, temp read=360 written=683
        ->  HashAggregate  (cost=2566.00..2578.50 rows=333 width=8) (actual rows=27263 loops=1)
              Group Key: a.view_date, a.viewer_id
              Filter: (2 <= count(a.article_id))
              Batches: 5  Memory Usage: 4145kB  Disk Usage: 1664kB
              Rows Removed by Filter: 30784
              Buffers: shared hit=541, temp read=360 written=683
              ->  HashAggregate  (cost=2291.00..2391.00 rows=10000 width=12) (actual rows=99992 loops=1)
                    Group Key: a.viewer_id, a.article_id, a.view_date
                    Batches: 5  Memory Usage: 4145kB  Disk Usage: 1744kB
                    Buffers: shared hit=541, temp read=200 written=361
                    ->  Seq Scan on views a  (cost=0.00..1541.00 rows=100000 width=12) (actual rows=100000 loops=1)
                          Buffers: shared hit=541
Planning Time: 0.101 ms
Execution Time: 118.529 ms",117.175,2594.12,100,"Unique  (cost=2592.45..2594.12 rows=333 width=8) (actual rows=100 loops=1)
  Buffers: shared hit=541, temp read=360 written=683
  ->  Sort  (cost=2592.45..2593.28 rows=333 width=8) (actual rows=27263 loops=1)
        Sort Key: a.viewer_id
        Sort Method: quicksort  Memory: 2046kB
        Buffers: shared hit=541, temp read=360 written=683
        ->  HashAggregate  (cost=2566.00..2578.50 rows=333 width=8) (actual rows=27263 loops=1)
              Group Key: a.view_date, a.viewer_id
              Filter: (2 <= count(a.article_id))
              Batches: 5  Memory Usage: 4145kB  Disk Usage: 1664kB
              Rows Removed by Filter: 30784
              Buffers: shared hit=541, temp read=360 written=683
              ->  HashAggregate  (cost=2291.00..2391.00 rows=10000 width=12) (actual rows=99992 loops=1)
                    Group Key: a.viewer_id, a.article_id, a.view_date
                    Batches: 5  Memory Usage: 4145kB  Disk Usage: 1744kB
                    Buffers: shared hit=541, temp read=200 written=361
                    ->  Seq Scan on views a  (cost=0.00..1541.00 rows=100000 width=12) (actual rows=100000 loops=1)
                          Buffers: shared hit=541
Planning Time: 0.086 ms
Execution Time: 117.175 ms",116.601,2594.12,100,"Unique  (cost=2592.45..2594.12 rows=333 width=8) (actual rows=100 loops=1)
  Buffers: shared hit=541, temp read=360 written=683
  ->  Sort  (cost=2592.45..2593.28 rows=333 width=8) (actual rows=27263 loops=1)
        Sort Key: a.viewer_id
        Sort Method: quicksort  Memory: 2046kB
        Buffers: shared hit=541, temp read=360 written=683
        ->  HashAggregate  (cost=2566.00..2578.50 rows=333 width=8) (actual rows=27263 loops=1)
              Group Key: a.view_date, a.viewer_id
              Filter: (2 <= count(a.article_id))
              Batches: 5  Memory Usage: 4145kB  Disk Usage: 1664kB
              Rows Removed by Filter: 30784
              Buffers: shared hit=541, temp read=360 written=683
              ->  HashAggregate  (cost=2291.00..2391.00 rows=10000 width=12) (actual rows=99992 loops=1)
                    Group Key: a.viewer_id, a.article_id, a.view_date
                    Batches: 5  Memory Usage: 4145kB  Disk Usage: 1744kB
                    Buffers: shared hit=541, temp read=200 written=361
                    ->  Seq Scan on views a  (cost=0.00..1541.00 rows=100000 width=12) (actual rows=100000 loops=1)
                          Buffers: shared hit=541
Planning Time: 0.105 ms
Execution Time: 116.601 ms",116.6964,117.175,118.6975,119.0008,2594.12,2594.12,100,100,100,100
713,1149,37,Medium,"select distinct t_cte_2.c_viewer_id0 as id from (select distinct t_views_0.article_id as c_article_id0, t_views_0.viewer_id as c_viewer_id0, t_views_0.view_date as c_view_date0 from schema_1149.views as t_views_0) as t_cte_2 group by t_cte_2.c_view_date0,t_cte_2.c_viewer_id0 having 1 < count(t_cte_2.c_article_id0)",110.457,2594.12,100,"Unique  (cost=2592.45..2594.12 rows=333 width=8) (actual rows=100 loops=1)
  Buffers: shared hit=541, temp read=359 written=683
  ->  Sort  (cost=2592.45..2593.28 rows=333 width=8) (actual rows=27263 loops=1)
        Sort Key: t_views_0.viewer_id
        Sort Method: quicksort  Memory: 2046kB
        Buffers: shared hit=541, temp read=359 written=683
        ->  HashAggregate  (cost=2566.00..2578.50 rows=333 width=8) (actual rows=27263 loops=1)
              Group Key: t_views_0.view_date, t_views_0.viewer_id
              Filter: (1 < count(t_views_0.article_id))
              Batches: 5  Memory Usage: 4145kB  Disk Usage: 1656kB
              Rows Removed by Filter: 30784
              Buffers: shared hit=541, temp read=359 written=683
              ->  HashAggregate  (cost=2291.00..2391.00 rows=10000 width=12) (actual rows=99992 loops=1)
                    Group Key: t_views_0.article_id, t_views_0.viewer_id, t_views_0.view_date
                    Batches: 5  Memory Usage: 4145kB  Disk Usage: 1744kB
                    Buffers: shared hit=541, temp read=201 written=362
                    ->  Seq Scan on views t_views_0  (cost=0.00..1541.00 rows=100000 width=12) (actual rows=100000 loops=1)
                          Buffers: shared hit=541
Planning Time: 0.063 ms
Execution Time: 110.457 ms",122.724,2594.12,100,"Unique  (cost=2592.45..2594.12 rows=333 width=8) (actual rows=100 loops=1)
  Buffers: shared hit=541, temp read=359 written=683
  ->  Sort  (cost=2592.45..2593.28 rows=333 width=8) (actual rows=27263 loops=1)
        Sort Key: t_views_0.viewer_id
        Sort Method: quicksort  Memory: 2046kB
        Buffers: shared hit=541, temp read=359 written=683
        ->  HashAggregate  (cost=2566.00..2578.50 rows=333 width=8) (actual rows=27263 loops=1)
              Group Key: t_views_0.view_date, t_views_0.viewer_id
              Filter: (1 < count(t_views_0.article_id))
              Batches: 5  Memory Usage: 4145kB  Disk Usage: 1656kB
              Rows Removed by Filter: 30784
              Buffers: shared hit=541, temp read=359 written=683
              ->  HashAggregate  (cost=2291.00..2391.00 rows=10000 width=12) (actual rows=99992 loops=1)
                    Group Key: t_views_0.article_id, t_views_0.viewer_id, t_views_0.view_date
                    Batches: 5  Memory Usage: 4145kB  Disk Usage: 1744kB
                    Buffers: shared hit=541, temp read=201 written=362
                    ->  Seq Scan on views t_views_0  (cost=0.00..1541.00 rows=100000 width=12) (actual rows=100000 loops=1)
                          Buffers: shared hit=541
Planning Time: 0.090 ms
Execution Time: 122.724 ms",118.944,2594.12,100,"Unique  (cost=2592.45..2594.12 rows=333 width=8) (actual rows=100 loops=1)
  Buffers: shared hit=541, temp read=359 written=683
  ->  Sort  (cost=2592.45..2593.28 rows=333 width=8) (actual rows=27263 loops=1)
        Sort Key: t_views_0.viewer_id
        Sort Method: quicksort  Memory: 2046kB
        Buffers: shared hit=541, temp read=359 written=683
        ->  HashAggregate  (cost=2566.00..2578.50 rows=333 width=8) (actual rows=27263 loops=1)
              Group Key: t_views_0.view_date, t_views_0.viewer_id
              Filter: (1 < count(t_views_0.article_id))
              Batches: 5  Memory Usage: 4145kB  Disk Usage: 1656kB
              Rows Removed by Filter: 30784
              Buffers: shared hit=541, temp read=359 written=683
              ->  HashAggregate  (cost=2291.00..2391.00 rows=10000 width=12) (actual rows=99992 loops=1)
                    Group Key: t_views_0.article_id, t_views_0.viewer_id, t_views_0.view_date
                    Batches: 5  Memory Usage: 4145kB  Disk Usage: 1744kB
                    Buffers: shared hit=541, temp read=201 written=362
                    ->  Seq Scan on views t_views_0  (cost=0.00..1541.00 rows=100000 width=12) (actual rows=100000 loops=1)
                          Buffers: shared hit=541
Planning Time: 0.083 ms
Execution Time: 118.944 ms",119.744,2594.12,100,"Unique  (cost=2592.45..2594.12 rows=333 width=8) (actual rows=100 loops=1)
  Buffers: shared hit=541, temp read=359 written=683
  ->  Sort  (cost=2592.45..2593.28 rows=333 width=8) (actual rows=27263 loops=1)
        Sort Key: t_views_0.viewer_id
        Sort Method: quicksort  Memory: 2046kB
        Buffers: shared hit=541, temp read=359 written=683
        ->  HashAggregate  (cost=2566.00..2578.50 rows=333 width=8) (actual rows=27263 loops=1)
              Group Key: t_views_0.view_date, t_views_0.viewer_id
              Filter: (1 < count(t_views_0.article_id))
              Batches: 5  Memory Usage: 4145kB  Disk Usage: 1656kB
              Rows Removed by Filter: 30784
              Buffers: shared hit=541, temp read=359 written=683
              ->  HashAggregate  (cost=2291.00..2391.00 rows=10000 width=12) (actual rows=99992 loops=1)
                    Group Key: t_views_0.article_id, t_views_0.viewer_id, t_views_0.view_date
                    Batches: 5  Memory Usage: 4145kB  Disk Usage: 1744kB
                    Buffers: shared hit=541, temp read=201 written=362
                    ->  Seq Scan on views t_views_0  (cost=0.00..1541.00 rows=100000 width=12) (actual rows=100000 loops=1)
                          Buffers: shared hit=541
Planning Time: 0.102 ms
Execution Time: 119.744 ms",118.373,2594.12,100,"Unique  (cost=2592.45..2594.12 rows=333 width=8) (actual rows=100 loops=1)
  Buffers: shared hit=541, temp read=359 written=683
  ->  Sort  (cost=2592.45..2593.28 rows=333 width=8) (actual rows=27263 loops=1)
        Sort Key: t_views_0.viewer_id
        Sort Method: quicksort  Memory: 2046kB
        Buffers: shared hit=541, temp read=359 written=683
        ->  HashAggregate  (cost=2566.00..2578.50 rows=333 width=8) (actual rows=27263 loops=1)
              Group Key: t_views_0.view_date, t_views_0.viewer_id
              Filter: (1 < count(t_views_0.article_id))
              Batches: 5  Memory Usage: 4145kB  Disk Usage: 1656kB
              Rows Removed by Filter: 30784
              Buffers: shared hit=541, temp read=359 written=683
              ->  HashAggregate  (cost=2291.00..2391.00 rows=10000 width=12) (actual rows=99992 loops=1)
                    Group Key: t_views_0.article_id, t_views_0.viewer_id, t_views_0.view_date
                    Batches: 5  Memory Usage: 4145kB  Disk Usage: 1744kB
                    Buffers: shared hit=541, temp read=201 written=362
                    ->  Seq Scan on views t_views_0  (cost=0.00..1541.00 rows=100000 width=12) (actual rows=100000 loops=1)
                          Buffers: shared hit=541
Planning Time: 0.092 ms
Execution Time: 118.373 ms",118.0484,118.944,121.234,123.916,2594.12,2594.12,100,100,100,100
715,1149,52,Medium,"select distinct t_cte_2.c_viewer_id0 as id from (select distinct t_views_0.viewer_id as c_viewer_id0, t_views_0.article_id as c_article_id0, t_views_0.view_date as c_view_date0 from schema_1149.views as t_views_0) as t_cte_2 group by t_cte_2.c_view_date0,t_cte_2.c_viewer_id0 having 2 <= count(t_cte_2.c_article_id0)",116.444,2594.12,100,"Unique  (cost=2592.45..2594.12 rows=333 width=8) (actual rows=100 loops=1)
  Buffers: shared hit=541, temp read=360 written=683
  ->  Sort  (cost=2592.45..2593.28 rows=333 width=8) (actual rows=27263 loops=1)
        Sort Key: t_views_0.viewer_id
        Sort Method: quicksort  Memory: 2046kB
        Buffers: shared hit=541, temp read=360 written=683
        ->  HashAggregate  (cost=2566.00..2578.50 rows=333 width=8) (actual rows=27263 loops=1)
              Group Key: t_views_0.view_date, t_views_0.viewer_id
              Filter: (2 <= count(t_views_0.article_id))
              Batches: 5  Memory Usage: 4145kB  Disk Usage: 1664kB
              Rows Removed by Filter: 30784
              Buffers: shared hit=541, temp read=360 written=683
              ->  HashAggregate  (cost=2291.00..2391.00 rows=10000 width=12) (actual rows=99992 loops=1)
                    Group Key: t_views_0.viewer_id, t_views_0.article_id, t_views_0.view_date
                    Batches: 5  Memory Usage: 4145kB  Disk Usage: 1744kB
                    Buffers: shared hit=541, temp read=200 written=361
                    ->  Seq Scan on views t_views_0  (cost=0.00..1541.00 rows=100000 width=12) (actual rows=100000 loops=1)
                          Buffers: shared hit=541
Planning Time: 0.088 ms
Execution Time: 116.444 ms",122.014,2594.12,100,"Unique  (cost=2592.45..2594.12 rows=333 width=8) (actual rows=100 loops=1)
  Buffers: shared hit=541, temp read=360 written=683
  ->  Sort  (cost=2592.45..2593.28 rows=333 width=8) (actual rows=27263 loops=1)
        Sort Key: t_views_0.viewer_id
        Sort Method: quicksort  Memory: 2046kB
        Buffers: shared hit=541, temp read=360 written=683
        ->  HashAggregate  (cost=2566.00..2578.50 rows=333 width=8) (actual rows=27263 loops=1)
              Group Key: t_views_0.view_date, t_views_0.viewer_id
              Filter: (2 <= count(t_views_0.article_id))
              Batches: 5  Memory Usage: 4145kB  Disk Usage: 1664kB
              Rows Removed by Filter: 30784
              Buffers: shared hit=541, temp read=360 written=683
              ->  HashAggregate  (cost=2291.00..2391.00 rows=10000 width=12) (actual rows=99992 loops=1)
                    Group Key: t_views_0.viewer_id, t_views_0.article_id, t_views_0.view_date
                    Batches: 5  Memory Usage: 4145kB  Disk Usage: 1744kB
                    Buffers: shared hit=541, temp read=200 written=361
                    ->  Seq Scan on views t_views_0  (cost=0.00..1541.00 rows=100000 width=12) (actual rows=100000 loops=1)
                          Buffers: shared hit=541
Planning Time: 0.144 ms
Execution Time: 122.014 ms",121.184,2594.12,100,"Unique  (cost=2592.45..2594.12 rows=333 width=8) (actual rows=100 loops=1)
  Buffers: shared hit=541, temp read=360 written=683
  ->  Sort  (cost=2592.45..2593.28 rows=333 width=8) (actual rows=27263 loops=1)
        Sort Key: t_views_0.viewer_id
        Sort Method: quicksort  Memory: 2046kB
        Buffers: shared hit=541, temp read=360 written=683
        ->  HashAggregate  (cost=2566.00..2578.50 rows=333 width=8) (actual rows=27263 loops=1)
              Group Key: t_views_0.view_date, t_views_0.viewer_id
              Filter: (2 <= count(t_views_0.article_id))
              Batches: 5  Memory Usage: 4145kB  Disk Usage: 1664kB
              Rows Removed by Filter: 30784
              Buffers: shared hit=541, temp read=360 written=683
              ->  HashAggregate  (cost=2291.00..2391.00 rows=10000 width=12) (actual rows=99992 loops=1)
                    Group Key: t_views_0.viewer_id, t_views_0.article_id, t_views_0.view_date
                    Batches: 5  Memory Usage: 4145kB  Disk Usage: 1744kB
                    Buffers: shared hit=541, temp read=200 written=361
                    ->  Seq Scan on views t_views_0  (cost=0.00..1541.00 rows=100000 width=12) (actual rows=100000 loops=1)
                          Buffers: shared hit=541
Planning Time: 0.092 ms
Execution Time: 121.184 ms",120.33,2594.12,100,"Unique  (cost=2592.45..2594.12 rows=333 width=8) (actual rows=100 loops=1)
  Buffers: shared hit=541, temp read=360 written=683
  ->  Sort  (cost=2592.45..2593.28 rows=333 width=8) (actual rows=27263 loops=1)
        Sort Key: t_views_0.viewer_id
        Sort Method: quicksort  Memory: 2046kB
        Buffers: shared hit=541, temp read=360 written=683
        ->  HashAggregate  (cost=2566.00..2578.50 rows=333 width=8) (actual rows=27263 loops=1)
              Group Key: t_views_0.view_date, t_views_0.viewer_id
              Filter: (2 <= count(t_views_0.article_id))
              Batches: 5  Memory Usage: 4145kB  Disk Usage: 1664kB
              Rows Removed by Filter: 30784
              Buffers: shared hit=541, temp read=360 written=683
              ->  HashAggregate  (cost=2291.00..2391.00 rows=10000 width=12) (actual rows=99992 loops=1)
                    Group Key: t_views_0.viewer_id, t_views_0.article_id, t_views_0.view_date
                    Batches: 5  Memory Usage: 4145kB  Disk Usage: 1744kB
                    Buffers: shared hit=541, temp read=200 written=361
                    ->  Seq Scan on views t_views_0  (cost=0.00..1541.00 rows=100000 width=12) (actual rows=100000 loops=1)
                          Buffers: shared hit=541
Planning Time: 0.134 ms
Execution Time: 120.330 ms",117.316,2594.12,100,"Unique  (cost=2592.45..2594.12 rows=333 width=8) (actual rows=100 loops=1)
  Buffers: shared hit=541, temp read=360 written=683
  ->  Sort  (cost=2592.45..2593.28 rows=333 width=8) (actual rows=27263 loops=1)
        Sort Key: t_views_0.viewer_id
        Sort Method: quicksort  Memory: 2046kB
        Buffers: shared hit=541, temp read=360 written=683
        ->  HashAggregate  (cost=2566.00..2578.50 rows=333 width=8) (actual rows=27263 loops=1)
              Group Key: t_views_0.view_date, t_views_0.viewer_id
              Filter: (2 <= count(t_views_0.article_id))
              Batches: 5  Memory Usage: 4145kB  Disk Usage: 1664kB
              Rows Removed by Filter: 30784
              Buffers: shared hit=541, temp read=360 written=683
              ->  HashAggregate  (cost=2291.00..2391.00 rows=10000 width=12) (actual rows=99992 loops=1)
                    Group Key: t_views_0.viewer_id, t_views_0.article_id, t_views_0.view_date
                    Batches: 5  Memory Usage: 4145kB  Disk Usage: 1744kB
                    Buffers: shared hit=541, temp read=200 written=361
                    ->  Seq Scan on views t_views_0  (cost=0.00..1541.00 rows=100000 width=12) (actual rows=100000 loops=1)
                          Buffers: shared hit=541
Planning Time: 0.080 ms
Execution Time: 117.316 ms",119.4576,120.33,121.599,122.346,2594.12,2594.12,100,100,100,100
716,1149,53,Medium,"select distinct t_cte_5.c_viewer_id0 as id from (select distinct v1.article_id as c_article_id0, v1.viewer_id as c_viewer_id0, v1.view_date as c_view_date0 from schema_1149.views as v1) as t_cte_5 group by t_cte_5.c_viewer_id0,t_cte_5.c_view_date0 having 1 < count(t_cte_5.c_article_id0)",111.052,2594.12,100,"Unique  (cost=2592.45..2594.12 rows=333 width=8) (actual rows=100 loops=1)
  Buffers: shared hit=541, temp read=360 written=684
  ->  Sort  (cost=2592.45..2593.28 rows=333 width=8) (actual rows=27263 loops=1)
        Sort Key: v1.viewer_id
        Sort Method: quicksort  Memory: 2046kB
        Buffers: shared hit=541, temp read=360 written=684
        ->  HashAggregate  (cost=2566.00..2578.50 rows=333 width=8) (actual rows=27263 loops=1)
              Group Key: v1.viewer_id, v1.view_date
              Filter: (1 < count(v1.article_id))
              Batches: 5  Memory Usage: 4145kB  Disk Usage: 1656kB
              Rows Removed by Filter: 30784
              Buffers: shared hit=541, temp read=360 written=684
              ->  HashAggregate  (cost=2291.00..2391.00 rows=10000 width=12) (actual rows=99992 loops=1)
                    Group Key: v1.article_id, v1.viewer_id, v1.view_date
                    Batches: 5  Memory Usage: 4145kB  Disk Usage: 1744kB
                    Buffers: shared hit=541, temp read=201 written=362
                    ->  Seq Scan on views v1  (cost=0.00..1541.00 rows=100000 width=12) (actual rows=100000 loops=1)
                          Buffers: shared hit=541
Planning Time: 0.061 ms
Execution Time: 111.052 ms",124.823,2594.12,100,"Unique  (cost=2592.45..2594.12 rows=333 width=8) (actual rows=100 loops=1)
  Buffers: shared hit=541, temp read=360 written=684
  ->  Sort  (cost=2592.45..2593.28 rows=333 width=8) (actual rows=27263 loops=1)
        Sort Key: v1.viewer_id
        Sort Method: quicksort  Memory: 2046kB
        Buffers: shared hit=541, temp read=360 written=684
        ->  HashAggregate  (cost=2566.00..2578.50 rows=333 width=8) (actual rows=27263 loops=1)
              Group Key: v1.viewer_id, v1.view_date
              Filter: (1 < count(v1.article_id))
              Batches: 5  Memory Usage: 4145kB  Disk Usage: 1656kB
              Rows Removed by Filter: 30784
              Buffers: shared hit=541, temp read=360 written=684
              ->  HashAggregate  (cost=2291.00..2391.00 rows=10000 width=12) (actual rows=99992 loops=1)
                    Group Key: v1.article_id, v1.viewer_id, v1.view_date
                    Batches: 5  Memory Usage: 4145kB  Disk Usage: 1744kB
                    Buffers: shared hit=541, temp read=201 written=362
                    ->  Seq Scan on views v1  (cost=0.00..1541.00 rows=100000 width=12) (actual rows=100000 loops=1)
                          Buffers: shared hit=541
Planning Time: 0.091 ms
Execution Time: 124.823 ms",126.068,2594.12,100,"Unique  (cost=2592.45..2594.12 rows=333 width=8) (actual rows=100 loops=1)
  Buffers: shared hit=541, temp read=360 written=684
  ->  Sort  (cost=2592.45..2593.28 rows=333 width=8) (actual rows=27263 loops=1)
        Sort Key: v1.viewer_id
        Sort Method: quicksort  Memory: 2046kB
        Buffers: shared hit=541, temp read=360 written=684
        ->  HashAggregate  (cost=2566.00..2578.50 rows=333 width=8) (actual rows=27263 loops=1)
              Group Key: v1.viewer_id, v1.view_date
              Filter: (1 < count(v1.article_id))
              Batches: 5  Memory Usage: 4145kB  Disk Usage: 1656kB
              Rows Removed by Filter: 30784
              Buffers: shared hit=541, temp read=360 written=684
              ->  HashAggregate  (cost=2291.00..2391.00 rows=10000 width=12) (actual rows=99992 loops=1)
                    Group Key: v1.article_id, v1.viewer_id, v1.view_date
                    Batches: 5  Memory Usage: 4145kB  Disk Usage: 1744kB
                    Buffers: shared hit=541, temp read=201 written=362
                    ->  Seq Scan on views v1  (cost=0.00..1541.00 rows=100000 width=12) (actual rows=100000 loops=1)
                          Buffers: shared hit=541
Planning Time: 0.092 ms
Execution Time: 126.068 ms",118.266,2594.12,100,"Unique  (cost=2592.45..2594.12 rows=333 width=8) (actual rows=100 loops=1)
  Buffers: shared hit=541, temp read=360 written=684
  ->  Sort  (cost=2592.45..2593.28 rows=333 width=8) (actual rows=27263 loops=1)
        Sort Key: v1.viewer_id
        Sort Method: quicksort  Memory: 2046kB
        Buffers: shared hit=541, temp read=360 written=684
        ->  HashAggregate  (cost=2566.00..2578.50 rows=333 width=8) (actual rows=27263 loops=1)
              Group Key: v1.viewer_id, v1.view_date
              Filter: (1 < count(v1.article_id))
              Batches: 5  Memory Usage: 4145kB  Disk Usage: 1656kB
              Rows Removed by Filter: 30784
              Buffers: shared hit=541, temp read=360 written=684
              ->  HashAggregate  (cost=2291.00..2391.00 rows=10000 width=12) (actual rows=99992 loops=1)
                    Group Key: v1.article_id, v1.viewer_id, v1.view_date
                    Batches: 5  Memory Usage: 4145kB  Disk Usage: 1744kB
                    Buffers: shared hit=541, temp read=201 written=362
                    ->  Seq Scan on views v1  (cost=0.00..1541.00 rows=100000 width=12) (actual rows=100000 loops=1)
                          Buffers: shared hit=541
Planning Time: 0.123 ms
Execution Time: 118.266 ms",118.616,2594.12,100,"Unique  (cost=2592.45..2594.12 rows=333 width=8) (actual rows=100 loops=1)
  Buffers: shared hit=541, temp read=360 written=684
  ->  Sort  (cost=2592.45..2593.28 rows=333 width=8) (actual rows=27263 loops=1)
        Sort Key: v1.viewer_id
        Sort Method: quicksort  Memory: 2046kB
        Buffers: shared hit=541, temp read=360 written=684
        ->  HashAggregate  (cost=2566.00..2578.50 rows=333 width=8) (actual rows=27263 loops=1)
              Group Key: v1.viewer_id, v1.view_date
              Filter: (1 < count(v1.article_id))
              Batches: 5  Memory Usage: 4145kB  Disk Usage: 1656kB
              Rows Removed by Filter: 30784
              Buffers: shared hit=541, temp read=360 written=684
              ->  HashAggregate  (cost=2291.00..2391.00 rows=10000 width=12) (actual rows=99992 loops=1)
                    Group Key: v1.article_id, v1.viewer_id, v1.view_date
                    Batches: 5  Memory Usage: 4145kB  Disk Usage: 1744kB
                    Buffers: shared hit=541, temp read=201 written=362
                    ->  Seq Scan on views v1  (cost=0.00..1541.00 rows=100000 width=12) (actual rows=100000 loops=1)
                          Buffers: shared hit=541
Planning Time: 0.084 ms
Execution Time: 118.616 ms",119.765,118.616,125.4455,126.566,2594.12,2594.12,100,100,100,100
717,1149,77,Medium,"select distinct t_cte_8.c_viewer_id0 as id from (select distinct t_views_0.view_date as c_view_date0, t_views_0.viewer_id as c_viewer_id0, t_views_0.article_id as c_article_id0 from schema_1149.views as t_views_0) as t_cte_8 group by t_cte_8.c_view_date0,t_cte_8.c_viewer_id0 having 1 < count(t_cte_8.c_article_id0) order by id asc",111.401,2594.12,100,"Unique  (cost=2592.45..2594.12 rows=333 width=8) (actual rows=100 loops=1)
  Buffers: shared hit=541, temp read=360 written=683
  ->  Sort  (cost=2592.45..2593.28 rows=333 width=8) (actual rows=27263 loops=1)
        Sort Key: t_views_0.viewer_id
        Sort Method: quicksort  Memory: 2046kB
        Buffers: shared hit=541, temp read=360 written=683
        ->  HashAggregate  (cost=2566.00..2578.50 rows=333 width=8) (actual rows=27263 loops=1)
              Group Key: t_views_0.viewer_id, t_views_0.view_date
              Filter: (1 < count(t_views_0.article_id))
              Batches: 5  Memory Usage: 4145kB  Disk Usage: 1656kB
              Rows Removed by Filter: 30784
              Buffers: shared hit=541, temp read=360 written=683
              ->  HashAggregate  (cost=2291.00..2391.00 rows=10000 width=12) (actual rows=99992 loops=1)
                    Group Key: t_views_0.view_date, t_views_0.viewer_id, t_views_0.article_id
                    Batches: 5  Memory Usage: 4145kB  Disk Usage: 1744kB
                    Buffers: shared hit=541, temp read=201 written=364
                    ->  Seq Scan on views t_views_0  (cost=0.00..1541.00 rows=100000 width=12) (actual rows=100000 loops=1)
                          Buffers: shared hit=541
Planning Time: 0.080 ms
Execution Time: 111.401 ms",118.316,2594.12,100,"Unique  (cost=2592.45..2594.12 rows=333 width=8) (actual rows=100 loops=1)
  Buffers: shared hit=541, temp read=360 written=683
  ->  Sort  (cost=2592.45..2593.28 rows=333 width=8) (actual rows=27263 loops=1)
        Sort Key: t_views_0.viewer_id
        Sort Method: quicksort  Memory: 2046kB
        Buffers: shared hit=541, temp read=360 written=683
        ->  HashAggregate  (cost=2566.00..2578.50 rows=333 width=8) (actual rows=27263 loops=1)
              Group Key: t_views_0.viewer_id, t_views_0.view_date
              Filter: (1 < count(t_views_0.article_id))
              Batches: 5  Memory Usage: 4145kB  Disk Usage: 1656kB
              Rows Removed by Filter: 30784
              Buffers: shared hit=541, temp read=360 written=683
              ->  HashAggregate  (cost=2291.00..2391.00 rows=10000 width=12) (actual rows=99992 loops=1)
                    Group Key: t_views_0.view_date, t_views_0.viewer_id, t_views_0.article_id
                    Batches: 5  Memory Usage: 4145kB  Disk Usage: 1744kB
                    Buffers: shared hit=541, temp read=201 written=364
                    ->  Seq Scan on views t_views_0  (cost=0.00..1541.00 rows=100000 width=12) (actual rows=100000 loops=1)
                          Buffers: shared hit=541
Planning Time: 0.088 ms
Execution Time: 118.316 ms",118.799,2594.12,100,"Unique  (cost=2592.45..2594.12 rows=333 width=8) (actual rows=100 loops=1)
  Buffers: shared hit=541, temp read=360 written=683
  ->  Sort  (cost=2592.45..2593.28 rows=333 width=8) (actual rows=27263 loops=1)
        Sort Key: t_views_0.viewer_id
        Sort Method: quicksort  Memory: 2046kB
        Buffers: shared hit=541, temp read=360 written=683
        ->  HashAggregate  (cost=2566.00..2578.50 rows=333 width=8) (actual rows=27263 loops=1)
              Group Key: t_views_0.viewer_id, t_views_0.view_date
              Filter: (1 < count(t_views_0.article_id))
              Batches: 5  Memory Usage: 4145kB  Disk Usage: 1656kB
              Rows Removed by Filter: 30784
              Buffers: shared hit=541, temp read=360 written=683
              ->  HashAggregate  (cost=2291.00..2391.00 rows=10000 width=12) (actual rows=99992 loops=1)
                    Group Key: t_views_0.view_date, t_views_0.viewer_id, t_views_0.article_id
                    Batches: 5  Memory Usage: 4145kB  Disk Usage: 1744kB
                    Buffers: shared hit=541, temp read=201 written=364
                    ->  Seq Scan on views t_views_0  (cost=0.00..1541.00 rows=100000 width=12) (actual rows=100000 loops=1)
                          Buffers: shared hit=541
Planning Time: 0.095 ms
Execution Time: 118.799 ms",120.445,2594.12,100,"Unique  (cost=2592.45..2594.12 rows=333 width=8) (actual rows=100 loops=1)
  Buffers: shared hit=541, temp read=360 written=683
  ->  Sort  (cost=2592.45..2593.28 rows=333 width=8) (actual rows=27263 loops=1)
        Sort Key: t_views_0.viewer_id
        Sort Method: quicksort  Memory: 2046kB
        Buffers: shared hit=541, temp read=360 written=683
        ->  HashAggregate  (cost=2566.00..2578.50 rows=333 width=8) (actual rows=27263 loops=1)
              Group Key: t_views_0.viewer_id, t_views_0.view_date
              Filter: (1 < count(t_views_0.article_id))
              Batches: 5  Memory Usage: 4145kB  Disk Usage: 1656kB
              Rows Removed by Filter: 30784
              Buffers: shared hit=541, temp read=360 written=683
              ->  HashAggregate  (cost=2291.00..2391.00 rows=10000 width=12) (actual rows=99992 loops=1)
                    Group Key: t_views_0.view_date, t_views_0.viewer_id, t_views_0.article_id
                    Batches: 5  Memory Usage: 4145kB  Disk Usage: 1744kB
                    Buffers: shared hit=541, temp read=201 written=364
                    ->  Seq Scan on views t_views_0  (cost=0.00..1541.00 rows=100000 width=12) (actual rows=100000 loops=1)
                          Buffers: shared hit=541
Planning Time: 0.137 ms
Execution Time: 120.445 ms",116.476,2594.12,100,"Unique  (cost=2592.45..2594.12 rows=333 width=8) (actual rows=100 loops=1)
  Buffers: shared hit=541, temp read=360 written=683
  ->  Sort  (cost=2592.45..2593.28 rows=333 width=8) (actual rows=27263 loops=1)
        Sort Key: t_views_0.viewer_id
        Sort Method: quicksort  Memory: 2046kB
        Buffers: shared hit=541, temp read=360 written=683
        ->  HashAggregate  (cost=2566.00..2578.50 rows=333 width=8) (actual rows=27263 loops=1)
              Group Key: t_views_0.viewer_id, t_views_0.view_date
              Filter: (1 < count(t_views_0.article_id))
              Batches: 5  Memory Usage: 4145kB  Disk Usage: 1656kB
              Rows Removed by Filter: 30784
              Buffers: shared hit=541, temp read=360 written=683
              ->  HashAggregate  (cost=2291.00..2391.00 rows=10000 width=12) (actual rows=99992 loops=1)
                    Group Key: t_views_0.view_date, t_views_0.viewer_id, t_views_0.article_id
                    Batches: 5  Memory Usage: 4145kB  Disk Usage: 1744kB
                    Buffers: shared hit=541, temp read=201 written=364
                    ->  Seq Scan on views t_views_0  (cost=0.00..1541.00 rows=100000 width=12) (actual rows=100000 loops=1)
                          Buffers: shared hit=541
Planning Time: 0.097 ms
Execution Time: 116.476 ms",117.0874,118.316,119.622,121.1034,2594.12,2594.12,100,100,100,100
718,1149,81,Medium,"select distinct t_cte_17.c_viewer_id0 as id from (select distinct t_views_0.view_date as c_view_date0, t_views_0.viewer_id as c_viewer_id0, t_views_0.article_id as c_article_id0 from schema_1149.views as t_views_0 order by c_viewer_id0 asc) as t_cte_17 group by t_cte_17.c_view_date0,t_cte_17.c_viewer_id0 having 1 < count(t_cte_17.c_article_id0)",139.004,3283.5,100,"Unique  (cost=3281.84..3283.50 rows=333 width=8) (actual rows=100 loops=1)
  Buffers: shared hit=541, temp read=664 written=989
  ->  Sort  (cost=3281.84..3282.67 rows=333 width=8) (actual rows=27263 loops=1)
        Sort Key: t_views_0.viewer_id
        Sort Method: quicksort  Memory: 2046kB
        Buffers: shared hit=541, temp read=664 written=989
        ->  HashAggregate  (cost=3255.39..3267.89 rows=333 width=8) (actual rows=27263 loops=1)
              Group Key: t_views_0.view_date, t_views_0.viewer_id
              Filter: (1 < count(t_views_0.article_id))
              Batches: 5  Memory Usage: 4145kB  Disk Usage: 1728kB
              Rows Removed by Filter: 30784
              Buffers: shared hit=541, temp read=664 written=989
              ->  Sort  (cost=3055.39..3080.39 rows=10000 width=12) (actual rows=99992 loops=1)
                    Sort Key: t_views_0.viewer_id
                    Sort Method: external merge  Disk: 2160kB
                    Buffers: shared hit=541, temp read=470 written=632
                    ->  HashAggregate  (cost=2291.00..2391.00 rows=10000 width=12) (actual rows=99992 loops=1)
                          Group Key: t_views_0.viewer_id, t_views_0.view_date, t_views_0.article_id
                          Batches: 5  Memory Usage: 4145kB  Disk Usage: 1744kB
                          Buffers: shared hit=541, temp read=200 written=361
                          ->  Seq Scan on views t_views_0  (cost=0.00..1541.00 rows=100000 width=12) (actual rows=100000 loops=1)
                                Buffers: shared hit=541
Planning Time: 0.062 ms
Execution Time: 139.004 ms",150.733,3283.5,100,"Unique  (cost=3281.84..3283.50 rows=333 width=8) (actual rows=100 loops=1)
  Buffers: shared hit=541, temp read=664 written=989
  ->  Sort  (cost=3281.84..3282.67 rows=333 width=8) (actual rows=27263 loops=1)
        Sort Key: t_views_0.viewer_id
        Sort Method: quicksort  Memory: 2046kB
        Buffers: shared hit=541, temp read=664 written=989
        ->  HashAggregate  (cost=3255.39..3267.89 rows=333 width=8) (actual rows=27263 loops=1)
              Group Key: t_views_0.view_date, t_views_0.viewer_id
              Filter: (1 < count(t_views_0.article_id))
              Batches: 5  Memory Usage: 4145kB  Disk Usage: 1728kB
              Rows Removed by Filter: 30784
              Buffers: shared hit=541, temp read=664 written=989
              ->  Sort  (cost=3055.39..3080.39 rows=10000 width=12) (actual rows=99992 loops=1)
                    Sort Key: t_views_0.viewer_id
                    Sort Method: external merge  Disk: 2160kB
                    Buffers: shared hit=541, temp read=470 written=632
                    ->  HashAggregate  (cost=2291.00..2391.00 rows=10000 width=12) (actual rows=99992 loops=1)
                          Group Key: t_views_0.viewer_id, t_views_0.view_date, t_views_0.article_id
                          Batches: 5  Memory Usage: 4145kB  Disk Usage: 1744kB
                          Buffers: shared hit=541, temp read=200 written=361
                          ->  Seq Scan on views t_views_0  (cost=0.00..1541.00 rows=100000 width=12) (actual rows=100000 loops=1)
                                Buffers: shared hit=541
Planning Time: 0.086 ms
Execution Time: 150.733 ms",149.483,3283.5,100,"Unique  (cost=3281.84..3283.50 rows=333 width=8) (actual rows=100 loops=1)
  Buffers: shared hit=541, temp read=664 written=989
  ->  Sort  (cost=3281.84..3282.67 rows=333 width=8) (actual rows=27263 loops=1)
        Sort Key: t_views_0.viewer_id
        Sort Method: quicksort  Memory: 2046kB
        Buffers: shared hit=541, temp read=664 written=989
        ->  HashAggregate  (cost=3255.39..3267.89 rows=333 width=8) (actual rows=27263 loops=1)
              Group Key: t_views_0.view_date, t_views_0.viewer_id
              Filter: (1 < count(t_views_0.article_id))
              Batches: 5  Memory Usage: 4145kB  Disk Usage: 1728kB
              Rows Removed by Filter: 30784
              Buffers: shared hit=541, temp read=664 written=989
              ->  Sort  (cost=3055.39..3080.39 rows=10000 width=12) (actual rows=99992 loops=1)
                    Sort Key: t_views_0.viewer_id
                    Sort Method: external merge  Disk: 2160kB
                    Buffers: shared hit=541, temp read=470 written=632
                    ->  HashAggregate  (cost=2291.00..2391.00 rows=10000 width=12) (actual rows=99992 loops=1)
                          Group Key: t_views_0.viewer_id, t_views_0.view_date, t_views_0.article_id
                          Batches: 5  Memory Usage: 4145kB  Disk Usage: 1744kB
                          Buffers: shared hit=541, temp read=200 written=361
                          ->  Seq Scan on views t_views_0  (cost=0.00..1541.00 rows=100000 width=12) (actual rows=100000 loops=1)
                                Buffers: shared hit=541
Planning Time: 0.098 ms
Execution Time: 149.483 ms",147.226,3283.5,100,"Unique  (cost=3281.84..3283.50 rows=333 width=8) (actual rows=100 loops=1)
  Buffers: shared hit=541, temp read=664 written=989
  ->  Sort  (cost=3281.84..3282.67 rows=333 width=8) (actual rows=27263 loops=1)
        Sort Key: t_views_0.viewer_id
        Sort Method: quicksort  Memory: 2046kB
        Buffers: shared hit=541, temp read=664 written=989
        ->  HashAggregate  (cost=3255.39..3267.89 rows=333 width=8) (actual rows=27263 loops=1)
              Group Key: t_views_0.view_date, t_views_0.viewer_id
              Filter: (1 < count(t_views_0.article_id))
              Batches: 5  Memory Usage: 4145kB  Disk Usage: 1728kB
              Rows Removed by Filter: 30784
              Buffers: shared hit=541, temp read=664 written=989
              ->  Sort  (cost=3055.39..3080.39 rows=10000 width=12) (actual rows=99992 loops=1)
                    Sort Key: t_views_0.viewer_id
                    Sort Method: external merge  Disk: 2160kB
                    Buffers: shared hit=541, temp read=470 written=632
                    ->  HashAggregate  (cost=2291.00..2391.00 rows=10000 width=12) (actual rows=99992 loops=1)
                          Group Key: t_views_0.viewer_id, t_views_0.view_date, t_views_0.article_id
                          Batches: 5  Memory Usage: 4145kB  Disk Usage: 1744kB
                          Buffers: shared hit=541, temp read=200 written=361
                          ->  Seq Scan on views t_views_0  (cost=0.00..1541.00 rows=100000 width=12) (actual rows=100000 loops=1)
                                Buffers: shared hit=541
Planning Time: 0.098 ms
Execution Time: 147.226 ms",146.956,3283.5,100,"Unique  (cost=3281.84..3283.50 rows=333 width=8) (actual rows=100 loops=1)
  Buffers: shared hit=541, temp read=664 written=989
  ->  Sort  (cost=3281.84..3282.67 rows=333 width=8) (actual rows=27263 loops=1)
        Sort Key: t_views_0.viewer_id
        Sort Method: quicksort  Memory: 2046kB
        Buffers: shared hit=541, temp read=664 written=989
        ->  HashAggregate  (cost=3255.39..3267.89 rows=333 width=8) (actual rows=27263 loops=1)
              Group Key: t_views_0.view_date, t_views_0.viewer_id
              Filter: (1 < count(t_views_0.article_id))
              Batches: 5  Memory Usage: 4145kB  Disk Usage: 1728kB
              Rows Removed by Filter: 30784
              Buffers: shared hit=541, temp read=664 written=989
              ->  Sort  (cost=3055.39..3080.39 rows=10000 width=12) (actual rows=99992 loops=1)
                    Sort Key: t_views_0.viewer_id
                    Sort Method: external merge  Disk: 2160kB
                    Buffers: shared hit=541, temp read=470 written=632
                    ->  HashAggregate  (cost=2291.00..2391.00 rows=10000 width=12) (actual rows=99992 loops=1)
                          Group Key: t_views_0.viewer_id, t_views_0.view_date, t_views_0.article_id
                          Batches: 5  Memory Usage: 4145kB  Disk Usage: 1744kB
                          Buffers: shared hit=541, temp read=200 written=361
                          ->  Seq Scan on views t_views_0  (cost=0.00..1541.00 rows=100000 width=12) (actual rows=100000 loops=1)
                                Buffers: shared hit=541
Planning Time: 0.123 ms
Execution Time: 146.956 ms",146.6804,147.226,150.108,151.233,3283.5,3283.5,100,100,100,100
720,1149,87,Medium,"select distinct t_cte_9.c_viewer_id0 as id from (select distinct t_views_0.view_date as c_view_date0, t_views_0.article_id as c_article_id0, t_views_0.viewer_id as c_viewer_id0 from schema_1149.views as t_views_0) as t_cte_9 group by t_cte_9.c_view_date0,t_cte_9.c_viewer_id0 having 1 < count(t_cte_9.c_article_id0)",113.093,2594.12,100,"Unique  (cost=2592.45..2594.12 rows=333 width=8) (actual rows=100 loops=1)
  Buffers: shared hit=541, temp read=359 written=681
  ->  Sort  (cost=2592.45..2593.28 rows=333 width=8) (actual rows=27263 loops=1)
        Sort Key: t_views_0.viewer_id
        Sort Method: quicksort  Memory: 2046kB
        Buffers: shared hit=541, temp read=359 written=681
        ->  HashAggregate  (cost=2566.00..2578.50 rows=333 width=8) (actual rows=27263 loops=1)
              Group Key: t_views_0.view_date, t_views_0.viewer_id
              Filter: (1 < count(t_views_0.article_id))
              Batches: 5  Memory Usage: 4145kB  Disk Usage: 1656kB
              Rows Removed by Filter: 30784
              Buffers: shared hit=541, temp read=359 written=681
              ->  HashAggregate  (cost=2291.00..2391.00 rows=10000 width=12) (actual rows=99992 loops=1)
                    Group Key: t_views_0.view_date, t_views_0.article_id, t_views_0.viewer_id
                    Batches: 5  Memory Usage: 4145kB  Disk Usage: 1744kB
                    Buffers: shared hit=541, temp read=200 written=361
                    ->  Seq Scan on views t_views_0  (cost=0.00..1541.00 rows=100000 width=12) (actual rows=100000 loops=1)
                          Buffers: shared hit=541
Planning Time: 0.091 ms
Execution Time: 113.093 ms",123.406,2594.12,100,"Unique  (cost=2592.45..2594.12 rows=333 width=8) (actual rows=100 loops=1)
  Buffers: shared hit=541, temp read=359 written=681
  ->  Sort  (cost=2592.45..2593.28 rows=333 width=8) (actual rows=27263 loops=1)
        Sort Key: t_views_0.viewer_id
        Sort Method: quicksort  Memory: 2046kB
        Buffers: shared hit=541, temp read=359 written=681
        ->  HashAggregate  (cost=2566.00..2578.50 rows=333 width=8) (actual rows=27263 loops=1)
              Group Key: t_views_0.view_date, t_views_0.viewer_id
              Filter: (1 < count(t_views_0.article_id))
              Batches: 5  Memory Usage: 4145kB  Disk Usage: 1656kB
              Rows Removed by Filter: 30784
              Buffers: shared hit=541, temp read=359 written=681
              ->  HashAggregate  (cost=2291.00..2391.00 rows=10000 width=12) (actual rows=99992 loops=1)
                    Group Key: t_views_0.view_date, t_views_0.article_id, t_views_0.viewer_id
                    Batches: 5  Memory Usage: 4145kB  Disk Usage: 1744kB
                    Buffers: shared hit=541, temp read=200 written=361
                    ->  Seq Scan on views t_views_0  (cost=0.00..1541.00 rows=100000 width=12) (actual rows=100000 loops=1)
                          Buffers: shared hit=541
Planning Time: 0.095 ms
Execution Time: 123.406 ms",119.606,2594.12,100,"Unique  (cost=2592.45..2594.12 rows=333 width=8) (actual rows=100 loops=1)
  Buffers: shared hit=541, temp read=359 written=681
  ->  Sort  (cost=2592.45..2593.28 rows=333 width=8) (actual rows=27263 loops=1)
        Sort Key: t_views_0.viewer_id
        Sort Method: quicksort  Memory: 2046kB
        Buffers: shared hit=541, temp read=359 written=681
        ->  HashAggregate  (cost=2566.00..2578.50 rows=333 width=8) (actual rows=27263 loops=1)
              Group Key: t_views_0.view_date, t_views_0.viewer_id
              Filter: (1 < count(t_views_0.article_id))
              Batches: 5  Memory Usage: 4145kB  Disk Usage: 1656kB
              Rows Removed by Filter: 30784
              Buffers: shared hit=541, temp read=359 written=681
              ->  HashAggregate  (cost=2291.00..2391.00 rows=10000 width=12) (actual rows=99992 loops=1)
                    Group Key: t_views_0.view_date, t_views_0.article_id, t_views_0.viewer_id
                    Batches: 5  Memory Usage: 4145kB  Disk Usage: 1744kB
                    Buffers: shared hit=541, temp read=200 written=361
                    ->  Seq Scan on views t_views_0  (cost=0.00..1541.00 rows=100000 width=12) (actual rows=100000 loops=1)
                          Buffers: shared hit=541
Planning Time: 0.069 ms
Execution Time: 119.606 ms",120.696,2594.12,100,"Unique  (cost=2592.45..2594.12 rows=333 width=8) (actual rows=100 loops=1)
  Buffers: shared hit=541, temp read=359 written=681
  ->  Sort  (cost=2592.45..2593.28 rows=333 width=8) (actual rows=27263 loops=1)
        Sort Key: t_views_0.viewer_id
        Sort Method: quicksort  Memory: 2046kB
        Buffers: shared hit=541, temp read=359 written=681
        ->  HashAggregate  (cost=2566.00..2578.50 rows=333 width=8) (actual rows=27263 loops=1)
              Group Key: t_views_0.view_date, t_views_0.viewer_id
              Filter: (1 < count(t_views_0.article_id))
              Batches: 5  Memory Usage: 4145kB  Disk Usage: 1656kB
              Rows Removed by Filter: 30784
              Buffers: shared hit=541, temp read=359 written=681
              ->  HashAggregate  (cost=2291.00..2391.00 rows=10000 width=12) (actual rows=99992 loops=1)
                    Group Key: t_views_0.view_date, t_views_0.article_id, t_views_0.viewer_id
                    Batches: 5  Memory Usage: 4145kB  Disk Usage: 1744kB
                    Buffers: shared hit=541, temp read=200 written=361
                    ->  Seq Scan on views t_views_0  (cost=0.00..1541.00 rows=100000 width=12) (actual rows=100000 loops=1)
                          Buffers: shared hit=541
Planning Time: 0.096 ms
Execution Time: 120.696 ms",120.819,2594.12,100,"Unique  (cost=2592.45..2594.12 rows=333 width=8) (actual rows=100 loops=1)
  Buffers: shared hit=541, temp read=359 written=681
  ->  Sort  (cost=2592.45..2593.28 rows=333 width=8) (actual rows=27263 loops=1)
        Sort Key: t_views_0.viewer_id
        Sort Method: quicksort  Memory: 2046kB
        Buffers: shared hit=541, temp read=359 written=681
        ->  HashAggregate  (cost=2566.00..2578.50 rows=333 width=8) (actual rows=27263 loops=1)
              Group Key: t_views_0.view_date, t_views_0.viewer_id
              Filter: (1 < count(t_views_0.article_id))
              Batches: 5  Memory Usage: 4145kB  Disk Usage: 1656kB
              Rows Removed by Filter: 30784
              Buffers: shared hit=541, temp read=359 written=681
              ->  HashAggregate  (cost=2291.00..2391.00 rows=10000 width=12) (actual rows=99992 loops=1)
                    Group Key: t_views_0.view_date, t_views_0.article_id, t_views_0.viewer_id
                    Batches: 5  Memory Usage: 4145kB  Disk Usage: 1744kB
                    Buffers: shared hit=541, temp read=200 written=361
                    ->  Seq Scan on views t_views_0  (cost=0.00..1541.00 rows=100000 width=12) (actual rows=100000 loops=1)
                          Buffers: shared hit=541
Planning Time: 0.093 ms
Execution Time: 120.819 ms",119.524,120.696,122.1125,124.4408,2594.12,2594.12,100,100,100,100
721,1149,93,Medium,"select distinct t_cte_27.c_viewer_id0 as id from (select distinct v2.article_id as c_article_id0, v2.view_date as c_view_date0, v2.viewer_id as c_viewer_id0 from schema_1149.views as v2) as t_cte_27 group by t_cte_27.c_view_date0,t_cte_27.c_viewer_id0 having 1 < count(t_cte_27.c_article_id0) order by id asc",109.773,2594.12,100,"Unique  (cost=2592.45..2594.12 rows=333 width=8) (actual rows=100 loops=1)
  Buffers: shared hit=541, temp read=360 written=681
  ->  Sort  (cost=2592.45..2593.28 rows=333 width=8) (actual rows=27263 loops=1)
        Sort Key: v2.viewer_id
        Sort Method: quicksort  Memory: 2046kB
        Buffers: shared hit=541, temp read=360 written=681
        ->  HashAggregate  (cost=2566.00..2578.50 rows=333 width=8) (actual rows=27263 loops=1)
              Group Key: v2.viewer_id, v2.view_date
              Filter: (1 < count(v2.article_id))
              Batches: 5  Memory Usage: 4145kB  Disk Usage: 1656kB
              Rows Removed by Filter: 30784
              Buffers: shared hit=541, temp read=360 written=681
              ->  HashAggregate  (cost=2291.00..2391.00 rows=10000 width=12) (actual rows=99992 loops=1)
                    Group Key: v2.article_id, v2.view_date, v2.viewer_id
                    Batches: 5  Memory Usage: 4145kB  Disk Usage: 1752kB
                    Buffers: shared hit=541, temp read=201 written=362
                    ->  Seq Scan on views v2  (cost=0.00..1541.00 rows=100000 width=12) (actual rows=100000 loops=1)
                          Buffers: shared hit=541
Planning Time: 0.061 ms
Execution Time: 109.773 ms",117.186,2594.12,100,"Unique  (cost=2592.45..2594.12 rows=333 width=8) (actual rows=100 loops=1)
  Buffers: shared hit=541, temp read=360 written=681
  ->  Sort  (cost=2592.45..2593.28 rows=333 width=8) (actual rows=27263 loops=1)
        Sort Key: v2.viewer_id
        Sort Method: quicksort  Memory: 2046kB
        Buffers: shared hit=541, temp read=360 written=681
        ->  HashAggregate  (cost=2566.00..2578.50 rows=333 width=8) (actual rows=27263 loops=1)
              Group Key: v2.viewer_id, v2.view_date
              Filter: (1 < count(v2.article_id))
              Batches: 5  Memory Usage: 4145kB  Disk Usage: 1656kB
              Rows Removed by Filter: 30784
              Buffers: shared hit=541, temp read=360 written=681
              ->  HashAggregate  (cost=2291.00..2391.00 rows=10000 width=12) (actual rows=99992 loops=1)
                    Group Key: v2.article_id, v2.view_date, v2.viewer_id
                    Batches: 5  Memory Usage: 4145kB  Disk Usage: 1752kB
                    Buffers: shared hit=541, temp read=201 written=362
                    ->  Seq Scan on views v2  (cost=0.00..1541.00 rows=100000 width=12) (actual rows=100000 loops=1)
                          Buffers: shared hit=541
Planning Time: 0.092 ms
Execution Time: 117.186 ms",118.231,2594.12,100,"Unique  (cost=2592.45..2594.12 rows=333 width=8) (actual rows=100 loops=1)
  Buffers: shared hit=541, temp read=360 written=681
  ->  Sort  (cost=2592.45..2593.28 rows=333 width=8) (actual rows=27263 loops=1)
        Sort Key: v2.viewer_id
        Sort Method: quicksort  Memory: 2046kB
        Buffers: shared hit=541, temp read=360 written=681
        ->  HashAggregate  (cost=2566.00..2578.50 rows=333 width=8) (actual rows=27263 loops=1)
              Group Key: v2.viewer_id, v2.view_date
              Filter: (1 < count(v2.article_id))
              Batches: 5  Memory Usage: 4145kB  Disk Usage: 1656kB
              Rows Removed by Filter: 30784
              Buffers: shared hit=541, temp read=360 written=681
              ->  HashAggregate  (cost=2291.00..2391.00 rows=10000 width=12) (actual rows=99992 loops=1)
                    Group Key: v2.article_id, v2.view_date, v2.viewer_id
                    Batches: 5  Memory Usage: 4145kB  Disk Usage: 1752kB
                    Buffers: shared hit=541, temp read=201 written=362
                    ->  Seq Scan on views v2  (cost=0.00..1541.00 rows=100000 width=12) (actual rows=100000 loops=1)
                          Buffers: shared hit=541
Planning Time: 0.081 ms
Execution Time: 118.231 ms",116.903,2594.12,100,"Unique  (cost=2592.45..2594.12 rows=333 width=8) (actual rows=100 loops=1)
  Buffers: shared hit=541, temp read=360 written=681
  ->  Sort  (cost=2592.45..2593.28 rows=333 width=8) (actual rows=27263 loops=1)
        Sort Key: v2.viewer_id
        Sort Method: quicksort  Memory: 2046kB
        Buffers: shared hit=541, temp read=360 written=681
        ->  HashAggregate  (cost=2566.00..2578.50 rows=333 width=8) (actual rows=27263 loops=1)
              Group Key: v2.viewer_id, v2.view_date
              Filter: (1 < count(v2.article_id))
              Batches: 5  Memory Usage: 4145kB  Disk Usage: 1656kB
              Rows Removed by Filter: 30784
              Buffers: shared hit=541, temp read=360 written=681
              ->  HashAggregate  (cost=2291.00..2391.00 rows=10000 width=12) (actual rows=99992 loops=1)
                    Group Key: v2.article_id, v2.view_date, v2.viewer_id
                    Batches: 5  Memory Usage: 4145kB  Disk Usage: 1752kB
                    Buffers: shared hit=541, temp read=201 written=362
                    ->  Seq Scan on views v2  (cost=0.00..1541.00 rows=100000 width=12) (actual rows=100000 loops=1)
                          Buffers: shared hit=541
Planning Time: 0.085 ms
Execution Time: 116.903 ms",119.605,2594.12,100,"Unique  (cost=2592.45..2594.12 rows=333 width=8) (actual rows=100 loops=1)
  Buffers: shared hit=541, temp read=360 written=681
  ->  Sort  (cost=2592.45..2593.28 rows=333 width=8) (actual rows=27263 loops=1)
        Sort Key: v2.viewer_id
        Sort Method: quicksort  Memory: 2046kB
        Buffers: shared hit=541, temp read=360 written=681
        ->  HashAggregate  (cost=2566.00..2578.50 rows=333 width=8) (actual rows=27263 loops=1)
              Group Key: v2.viewer_id, v2.view_date
              Filter: (1 < count(v2.article_id))
              Batches: 5  Memory Usage: 4145kB  Disk Usage: 1656kB
              Rows Removed by Filter: 30784
              Buffers: shared hit=541, temp read=360 written=681
              ->  HashAggregate  (cost=2291.00..2391.00 rows=10000 width=12) (actual rows=99992 loops=1)
                    Group Key: v2.article_id, v2.view_date, v2.viewer_id
                    Batches: 5  Memory Usage: 4145kB  Disk Usage: 1752kB
                    Buffers: shared hit=541, temp read=201 written=362
                    ->  Seq Scan on views v2  (cost=0.00..1541.00 rows=100000 width=12) (actual rows=100000 loops=1)
                          Buffers: shared hit=541
Planning Time: 0.099 ms
Execution Time: 119.605 ms",116.3396,117.186,118.918,120.1546,2594.12,2594.12,100,100,100,100
722,1149,99,Medium,"select distinct t_cte_13.c_viewer_id0 as id from (select distinct t_views_0.article_id as c_article_id0, t_views_0.view_date as c_view_date0, t_views_0.viewer_id as c_viewer_id0 from schema_1149.views as t_views_0) as t_cte_13 group by t_cte_13.c_view_date0,t_cte_13.c_viewer_id0 having 1 < count(t_cte_13.c_article_id0) order by id asc",110.66,2594.12,100,"Unique  (cost=2592.45..2594.12 rows=333 width=8) (actual rows=100 loops=1)
  Buffers: shared hit=541, temp read=360 written=681
  ->  Sort  (cost=2592.45..2593.28 rows=333 width=8) (actual rows=27263 loops=1)
        Sort Key: t_views_0.viewer_id
        Sort Method: quicksort  Memory: 2046kB
        Buffers: shared hit=541, temp read=360 written=681
        ->  HashAggregate  (cost=2566.00..2578.50 rows=333 width=8) (actual rows=27263 loops=1)
              Group Key: t_views_0.viewer_id, t_views_0.view_date
              Filter: (1 < count(t_views_0.article_id))
              Batches: 5  Memory Usage: 4145kB  Disk Usage: 1656kB
              Rows Removed by Filter: 30784
              Buffers: shared hit=541, temp read=360 written=681
              ->  HashAggregate  (cost=2291.00..2391.00 rows=10000 width=12) (actual rows=99992 loops=1)
                    Group Key: t_views_0.article_id, t_views_0.view_date, t_views_0.viewer_id
                    Batches: 5  Memory Usage: 4145kB  Disk Usage: 1752kB
                    Buffers: shared hit=541, temp read=201 written=362
                    ->  Seq Scan on views t_views_0  (cost=0.00..1541.00 rows=100000 width=12) (actual rows=100000 loops=1)
                          Buffers: shared hit=541
Planning Time: 0.088 ms
Execution Time: 110.660 ms",120.589,2594.12,100,"Unique  (cost=2592.45..2594.12 rows=333 width=8) (actual rows=100 loops=1)
  Buffers: shared hit=541, temp read=360 written=681
  ->  Sort  (cost=2592.45..2593.28 rows=333 width=8) (actual rows=27263 loops=1)
        Sort Key: t_views_0.viewer_id
        Sort Method: quicksort  Memory: 2046kB
        Buffers: shared hit=541, temp read=360 written=681
        ->  HashAggregate  (cost=2566.00..2578.50 rows=333 width=8) (actual rows=27263 loops=1)
              Group Key: t_views_0.viewer_id, t_views_0.view_date
              Filter: (1 < count(t_views_0.article_id))
              Batches: 5  Memory Usage: 4145kB  Disk Usage: 1656kB
              Rows Removed by Filter: 30784
              Buffers: shared hit=541, temp read=360 written=681
              ->  HashAggregate  (cost=2291.00..2391.00 rows=10000 width=12) (actual rows=99992 loops=1)
                    Group Key: t_views_0.article_id, t_views_0.view_date, t_views_0.viewer_id
                    Batches: 5  Memory Usage: 4145kB  Disk Usage: 1752kB
                    Buffers: shared hit=541, temp read=201 written=362
                    ->  Seq Scan on views t_views_0  (cost=0.00..1541.00 rows=100000 width=12) (actual rows=100000 loops=1)
                          Buffers: shared hit=541
Planning Time: 0.107 ms
Execution Time: 120.589 ms",118.793,2594.12,100,"Unique  (cost=2592.45..2594.12 rows=333 width=8) (actual rows=100 loops=1)
  Buffers: shared hit=541, temp read=360 written=681
  ->  Sort  (cost=2592.45..2593.28 rows=333 width=8) (actual rows=27263 loops=1)
        Sort Key: t_views_0.viewer_id
        Sort Method: quicksort  Memory: 2046kB
        Buffers: shared hit=541, temp read=360 written=681
        ->  HashAggregate  (cost=2566.00..2578.50 rows=333 width=8) (actual rows=27263 loops=1)
              Group Key: t_views_0.viewer_id, t_views_0.view_date
              Filter: (1 < count(t_views_0.article_id))
              Batches: 5  Memory Usage: 4145kB  Disk Usage: 1656kB
              Rows Removed by Filter: 30784
              Buffers: shared hit=541, temp read=360 written=681
              ->  HashAggregate  (cost=2291.00..2391.00 rows=10000 width=12) (actual rows=99992 loops=1)
                    Group Key: t_views_0.article_id, t_views_0.view_date, t_views_0.viewer_id
                    Batches: 5  Memory Usage: 4145kB  Disk Usage: 1752kB
                    Buffers: shared hit=541, temp read=201 written=362
                    ->  Seq Scan on views t_views_0  (cost=0.00..1541.00 rows=100000 width=12) (actual rows=100000 loops=1)
                          Buffers: shared hit=541
Planning Time: 0.094 ms
Execution Time: 118.793 ms",121.508,2594.12,100,"Unique  (cost=2592.45..2594.12 rows=333 width=8) (actual rows=100 loops=1)
  Buffers: shared hit=541, temp read=360 written=681
  ->  Sort  (cost=2592.45..2593.28 rows=333 width=8) (actual rows=27263 loops=1)
        Sort Key: t_views_0.viewer_id
        Sort Method: quicksort  Memory: 2046kB
        Buffers: shared hit=541, temp read=360 written=681
        ->  HashAggregate  (cost=2566.00..2578.50 rows=333 width=8) (actual rows=27263 loops=1)
              Group Key: t_views_0.viewer_id, t_views_0.view_date
              Filter: (1 < count(t_views_0.article_id))
              Batches: 5  Memory Usage: 4145kB  Disk Usage: 1656kB
              Rows Removed by Filter: 30784
              Buffers: shared hit=541, temp read=360 written=681
              ->  HashAggregate  (cost=2291.00..2391.00 rows=10000 width=12) (actual rows=99992 loops=1)
                    Group Key: t_views_0.article_id, t_views_0.view_date, t_views_0.viewer_id
                    Batches: 5  Memory Usage: 4145kB  Disk Usage: 1752kB
                    Buffers: shared hit=541, temp read=201 written=362
                    ->  Seq Scan on views t_views_0  (cost=0.00..1541.00 rows=100000 width=12) (actual rows=100000 loops=1)
                          Buffers: shared hit=541
Planning Time: 0.098 ms
Execution Time: 121.508 ms",117.275,2594.12,100,"Unique  (cost=2592.45..2594.12 rows=333 width=8) (actual rows=100 loops=1)
  Buffers: shared hit=541, temp read=360 written=681
  ->  Sort  (cost=2592.45..2593.28 rows=333 width=8) (actual rows=27263 loops=1)
        Sort Key: t_views_0.viewer_id
        Sort Method: quicksort  Memory: 2046kB
        Buffers: shared hit=541, temp read=360 written=681
        ->  HashAggregate  (cost=2566.00..2578.50 rows=333 width=8) (actual rows=27263 loops=1)
              Group Key: t_views_0.viewer_id, t_views_0.view_date
              Filter: (1 < count(t_views_0.article_id))
              Batches: 5  Memory Usage: 4145kB  Disk Usage: 1656kB
              Rows Removed by Filter: 30784
              Buffers: shared hit=541, temp read=360 written=681
              ->  HashAggregate  (cost=2291.00..2391.00 rows=10000 width=12) (actual rows=99992 loops=1)
                    Group Key: t_views_0.article_id, t_views_0.view_date, t_views_0.viewer_id
                    Batches: 5  Memory Usage: 4145kB  Disk Usage: 1752kB
                    Buffers: shared hit=541, temp read=201 written=362
                    ->  Seq Scan on views t_views_0  (cost=0.00..1541.00 rows=100000 width=12) (actual rows=100000 loops=1)
                          Buffers: shared hit=541
Planning Time: 0.119 ms
Execution Time: 117.275 ms",117.765,118.793,121.0485,121.8756,2594.12,2594.12,100,100,100,100
723,1149,101,Medium,"select distinct t_cte_10.c_viewer_id0 as id from (select distinct t_views_0.article_id as c_article_id0, t_views_0.view_date as c_view_date0, t_views_0.viewer_id as c_viewer_id0 from schema_1149.views as t_views_0) as t_cte_10 group by t_cte_10.c_viewer_id0,t_cte_10.c_view_date0 having 1 < count(t_cte_10.c_article_id0)",110.93,2594.12,100,"Unique  (cost=2592.45..2594.12 rows=333 width=8) (actual rows=100 loops=1)
  Buffers: shared hit=541, temp read=360 written=681
  ->  Sort  (cost=2592.45..2593.28 rows=333 width=8) (actual rows=27263 loops=1)
        Sort Key: t_views_0.viewer_id
        Sort Method: quicksort  Memory: 2046kB
        Buffers: shared hit=541, temp read=360 written=681
        ->  HashAggregate  (cost=2566.00..2578.50 rows=333 width=8) (actual rows=27263 loops=1)
              Group Key: t_views_0.viewer_id, t_views_0.view_date
              Filter: (1 < count(t_views_0.article_id))
              Batches: 5  Memory Usage: 4145kB  Disk Usage: 1656kB
              Rows Removed by Filter: 30784
              Buffers: shared hit=541, temp read=360 written=681
              ->  HashAggregate  (cost=2291.00..2391.00 rows=10000 width=12) (actual rows=99992 loops=1)
                    Group Key: t_views_0.article_id, t_views_0.view_date, t_views_0.viewer_id
                    Batches: 5  Memory Usage: 4145kB  Disk Usage: 1752kB
                    Buffers: shared hit=541, temp read=201 written=362
                    ->  Seq Scan on views t_views_0  (cost=0.00..1541.00 rows=100000 width=12) (actual rows=100000 loops=1)
                          Buffers: shared hit=541
Planning Time: 0.059 ms
Execution Time: 110.930 ms",121.55,2594.12,100,"Unique  (cost=2592.45..2594.12 rows=333 width=8) (actual rows=100 loops=1)
  Buffers: shared hit=541, temp read=360 written=681
  ->  Sort  (cost=2592.45..2593.28 rows=333 width=8) (actual rows=27263 loops=1)
        Sort Key: t_views_0.viewer_id
        Sort Method: quicksort  Memory: 2046kB
        Buffers: shared hit=541, temp read=360 written=681
        ->  HashAggregate  (cost=2566.00..2578.50 rows=333 width=8) (actual rows=27263 loops=1)
              Group Key: t_views_0.viewer_id, t_views_0.view_date
              Filter: (1 < count(t_views_0.article_id))
              Batches: 5  Memory Usage: 4145kB  Disk Usage: 1656kB
              Rows Removed by Filter: 30784
              Buffers: shared hit=541, temp read=360 written=681
              ->  HashAggregate  (cost=2291.00..2391.00 rows=10000 width=12) (actual rows=99992 loops=1)
                    Group Key: t_views_0.article_id, t_views_0.view_date, t_views_0.viewer_id
                    Batches: 5  Memory Usage: 4145kB  Disk Usage: 1752kB
                    Buffers: shared hit=541, temp read=201 written=362
                    ->  Seq Scan on views t_views_0  (cost=0.00..1541.00 rows=100000 width=12) (actual rows=100000 loops=1)
                          Buffers: shared hit=541
Planning Time: 0.107 ms
Execution Time: 121.550 ms",117.884,2594.12,100,"Unique  (cost=2592.45..2594.12 rows=333 width=8) (actual rows=100 loops=1)
  Buffers: shared hit=541, temp read=360 written=681
  ->  Sort  (cost=2592.45..2593.28 rows=333 width=8) (actual rows=27263 loops=1)
        Sort Key: t_views_0.viewer_id
        Sort Method: quicksort  Memory: 2046kB
        Buffers: shared hit=541, temp read=360 written=681
        ->  HashAggregate  (cost=2566.00..2578.50 rows=333 width=8) (actual rows=27263 loops=1)
              Group Key: t_views_0.viewer_id, t_views_0.view_date
              Filter: (1 < count(t_views_0.article_id))
              Batches: 5  Memory Usage: 4145kB  Disk Usage: 1656kB
              Rows Removed by Filter: 30784
              Buffers: shared hit=541, temp read=360 written=681
              ->  HashAggregate  (cost=2291.00..2391.00 rows=10000 width=12) (actual rows=99992 loops=1)
                    Group Key: t_views_0.article_id, t_views_0.view_date, t_views_0.viewer_id
                    Batches: 5  Memory Usage: 4145kB  Disk Usage: 1752kB
                    Buffers: shared hit=541, temp read=201 written=362
                    ->  Seq Scan on views t_views_0  (cost=0.00..1541.00 rows=100000 width=12) (actual rows=100000 loops=1)
                          Buffers: shared hit=541
Planning Time: 0.082 ms
Execution Time: 117.884 ms",118.357,2594.12,100,"Unique  (cost=2592.45..2594.12 rows=333 width=8) (actual rows=100 loops=1)
  Buffers: shared hit=541, temp read=360 written=681
  ->  Sort  (cost=2592.45..2593.28 rows=333 width=8) (actual rows=27263 loops=1)
        Sort Key: t_views_0.viewer_id
        Sort Method: quicksort  Memory: 2046kB
        Buffers: shared hit=541, temp read=360 written=681
        ->  HashAggregate  (cost=2566.00..2578.50 rows=333 width=8) (actual rows=27263 loops=1)
              Group Key: t_views_0.viewer_id, t_views_0.view_date
              Filter: (1 < count(t_views_0.article_id))
              Batches: 5  Memory Usage: 4145kB  Disk Usage: 1656kB
              Rows Removed by Filter: 30784
              Buffers: shared hit=541, temp read=360 written=681
              ->  HashAggregate  (cost=2291.00..2391.00 rows=10000 width=12) (actual rows=99992 loops=1)
                    Group Key: t_views_0.article_id, t_views_0.view_date, t_views_0.viewer_id
                    Batches: 5  Memory Usage: 4145kB  Disk Usage: 1752kB
                    Buffers: shared hit=541, temp read=201 written=362
                    ->  Seq Scan on views t_views_0  (cost=0.00..1541.00 rows=100000 width=12) (actual rows=100000 loops=1)
                          Buffers: shared hit=541
Planning Time: 0.096 ms
Execution Time: 118.357 ms",122.199,2594.12,100,"Unique  (cost=2592.45..2594.12 rows=333 width=8) (actual rows=100 loops=1)
  Buffers: shared hit=541, temp read=360 written=681
  ->  Sort  (cost=2592.45..2593.28 rows=333 width=8) (actual rows=27263 loops=1)
        Sort Key: t_views_0.viewer_id
        Sort Method: quicksort  Memory: 2046kB
        Buffers: shared hit=541, temp read=360 written=681
        ->  HashAggregate  (cost=2566.00..2578.50 rows=333 width=8) (actual rows=27263 loops=1)
              Group Key: t_views_0.viewer_id, t_views_0.view_date
              Filter: (1 < count(t_views_0.article_id))
              Batches: 5  Memory Usage: 4145kB  Disk Usage: 1656kB
              Rows Removed by Filter: 30784
              Buffers: shared hit=541, temp read=360 written=681
              ->  HashAggregate  (cost=2291.00..2391.00 rows=10000 width=12) (actual rows=99992 loops=1)
                    Group Key: t_views_0.article_id, t_views_0.view_date, t_views_0.viewer_id
                    Batches: 5  Memory Usage: 4145kB  Disk Usage: 1752kB
                    Buffers: shared hit=541, temp read=201 written=362
                    ->  Seq Scan on views t_views_0  (cost=0.00..1541.00 rows=100000 width=12) (actual rows=100000 loops=1)
                          Buffers: shared hit=541
Planning Time: 0.145 ms
Execution Time: 122.199 ms",118.184,118.357,121.8745,122.4586,2594.12,2594.12,100,100,100,100
724,1149,105,Medium,"select distinct t_cte_4.c_viewer_id0 as id from (select distinct t_views_0.view_date as c_view_date0, t_views_0.viewer_id as c_viewer_id0, t_views_0.article_id as c_article_id0 from schema_1149.views as t_views_0) as t_cte_4 group by t_cte_4.c_view_date0,t_cte_4.c_viewer_id0 having 1 < count(t_cte_4.c_article_id0)",110.43,2594.12,100,"Unique  (cost=2592.45..2594.12 rows=333 width=8) (actual rows=100 loops=1)
  Buffers: shared hit=541, temp read=360 written=685
  ->  Sort  (cost=2592.45..2593.28 rows=333 width=8) (actual rows=27263 loops=1)
        Sort Key: t_views_0.viewer_id
        Sort Method: quicksort  Memory: 2046kB
        Buffers: shared hit=541, temp read=360 written=685
        ->  HashAggregate  (cost=2566.00..2578.50 rows=333 width=8) (actual rows=27263 loops=1)
              Group Key: t_views_0.view_date, t_views_0.viewer_id
              Filter: (1 < count(t_views_0.article_id))
              Batches: 5  Memory Usage: 4145kB  Disk Usage: 1656kB
              Rows Removed by Filter: 30784
              Buffers: shared hit=541, temp read=360 written=685
              ->  HashAggregate  (cost=2291.00..2391.00 rows=10000 width=12) (actual rows=99992 loops=1)
                    Group Key: t_views_0.view_date, t_views_0.viewer_id, t_views_0.article_id
                    Batches: 5  Memory Usage: 4145kB  Disk Usage: 1744kB
                    Buffers: shared hit=541, temp read=201 written=364
                    ->  Seq Scan on views t_views_0  (cost=0.00..1541.00 rows=100000 width=12) (actual rows=100000 loops=1)
                          Buffers: shared hit=541
Planning Time: 0.061 ms
Execution Time: 110.430 ms",118.94,2594.12,100,"Unique  (cost=2592.45..2594.12 rows=333 width=8) (actual rows=100 loops=1)
  Buffers: shared hit=541, temp read=360 written=685
  ->  Sort  (cost=2592.45..2593.28 rows=333 width=8) (actual rows=27263 loops=1)
        Sort Key: t_views_0.viewer_id
        Sort Method: quicksort  Memory: 2046kB
        Buffers: shared hit=541, temp read=360 written=685
        ->  HashAggregate  (cost=2566.00..2578.50 rows=333 width=8) (actual rows=27263 loops=1)
              Group Key: t_views_0.view_date, t_views_0.viewer_id
              Filter: (1 < count(t_views_0.article_id))
              Batches: 5  Memory Usage: 4145kB  Disk Usage: 1656kB
              Rows Removed by Filter: 30784
              Buffers: shared hit=541, temp read=360 written=685
              ->  HashAggregate  (cost=2291.00..2391.00 rows=10000 width=12) (actual rows=99992 loops=1)
                    Group Key: t_views_0.view_date, t_views_0.viewer_id, t_views_0.article_id
                    Batches: 5  Memory Usage: 4145kB  Disk Usage: 1744kB
                    Buffers: shared hit=541, temp read=201 written=364
                    ->  Seq Scan on views t_views_0  (cost=0.00..1541.00 rows=100000 width=12) (actual rows=100000 loops=1)
                          Buffers: shared hit=541
Planning Time: 0.171 ms
Execution Time: 118.940 ms",119.883,2594.12,100,"Unique  (cost=2592.45..2594.12 rows=333 width=8) (actual rows=100 loops=1)
  Buffers: shared hit=541, temp read=360 written=685
  ->  Sort  (cost=2592.45..2593.28 rows=333 width=8) (actual rows=27263 loops=1)
        Sort Key: t_views_0.viewer_id
        Sort Method: quicksort  Memory: 2046kB
        Buffers: shared hit=541, temp read=360 written=685
        ->  HashAggregate  (cost=2566.00..2578.50 rows=333 width=8) (actual rows=27263 loops=1)
              Group Key: t_views_0.view_date, t_views_0.viewer_id
              Filter: (1 < count(t_views_0.article_id))
              Batches: 5  Memory Usage: 4145kB  Disk Usage: 1656kB
              Rows Removed by Filter: 30784
              Buffers: shared hit=541, temp read=360 written=685
              ->  HashAggregate  (cost=2291.00..2391.00 rows=10000 width=12) (actual rows=99992 loops=1)
                    Group Key: t_views_0.view_date, t_views_0.viewer_id, t_views_0.article_id
                    Batches: 5  Memory Usage: 4145kB  Disk Usage: 1744kB
                    Buffers: shared hit=541, temp read=201 written=364
                    ->  Seq Scan on views t_views_0  (cost=0.00..1541.00 rows=100000 width=12) (actual rows=100000 loops=1)
                          Buffers: shared hit=541
Planning Time: 0.094 ms
Execution Time: 119.883 ms",118.573,2594.12,100,"Unique  (cost=2592.45..2594.12 rows=333 width=8) (actual rows=100 loops=1)
  Buffers: shared hit=541, temp read=360 written=685
  ->  Sort  (cost=2592.45..2593.28 rows=333 width=8) (actual rows=27263 loops=1)
        Sort Key: t_views_0.viewer_id
        Sort Method: quicksort  Memory: 2046kB
        Buffers: shared hit=541, temp read=360 written=685
        ->  HashAggregate  (cost=2566.00..2578.50 rows=333 width=8) (actual rows=27263 loops=1)
              Group Key: t_views_0.view_date, t_views_0.viewer_id
              Filter: (1 < count(t_views_0.article_id))
              Batches: 5  Memory Usage: 4145kB  Disk Usage: 1656kB
              Rows Removed by Filter: 30784
              Buffers: shared hit=541, temp read=360 written=685
              ->  HashAggregate  (cost=2291.00..2391.00 rows=10000 width=12) (actual rows=99992 loops=1)
                    Group Key: t_views_0.view_date, t_views_0.viewer_id, t_views_0.article_id
                    Batches: 5  Memory Usage: 4145kB  Disk Usage: 1744kB
                    Buffers: shared hit=541, temp read=201 written=364
                    ->  Seq Scan on views t_views_0  (cost=0.00..1541.00 rows=100000 width=12) (actual rows=100000 loops=1)
                          Buffers: shared hit=541
Planning Time: 0.089 ms
Execution Time: 118.573 ms",117.094,2594.12,100,"Unique  (cost=2592.45..2594.12 rows=333 width=8) (actual rows=100 loops=1)
  Buffers: shared hit=541, temp read=360 written=685
  ->  Sort  (cost=2592.45..2593.28 rows=333 width=8) (actual rows=27263 loops=1)
        Sort Key: t_views_0.viewer_id
        Sort Method: quicksort  Memory: 2046kB
        Buffers: shared hit=541, temp read=360 written=685
        ->  HashAggregate  (cost=2566.00..2578.50 rows=333 width=8) (actual rows=27263 loops=1)
              Group Key: t_views_0.view_date, t_views_0.viewer_id
              Filter: (1 < count(t_views_0.article_id))
              Batches: 5  Memory Usage: 4145kB  Disk Usage: 1656kB
              Rows Removed by Filter: 30784
              Buffers: shared hit=541, temp read=360 written=685
              ->  HashAggregate  (cost=2291.00..2391.00 rows=10000 width=12) (actual rows=99992 loops=1)
                    Group Key: t_views_0.view_date, t_views_0.viewer_id, t_views_0.article_id
                    Batches: 5  Memory Usage: 4145kB  Disk Usage: 1744kB
                    Buffers: shared hit=541, temp read=201 written=364
                    ->  Seq Scan on views t_views_0  (cost=0.00..1541.00 rows=100000 width=12) (actual rows=100000 loops=1)
                          Buffers: shared hit=541
Planning Time: 0.105 ms
Execution Time: 117.094 ms",116.984,118.573,119.4115,120.2602,2594.12,2594.12,100,100,100,100
725,1149,111,Medium,"select distinct t_cte_15.c_viewer_id0 as id from (select distinct t_views_0.viewer_id as c_viewer_id0, t_views_0.article_id as c_article_id0, t_views_0.view_date as c_view_date0 from schema_1149.views as t_views_0) as t_cte_15 group by t_cte_15.c_view_date0,t_cte_15.c_viewer_id0 having 1 < count(t_cte_15.c_article_id0)",111.446,2594.12,100,"Unique  (cost=2592.45..2594.12 rows=333 width=8) (actual rows=100 loops=1)
  Buffers: shared hit=541, temp read=360 written=683
  ->  Sort  (cost=2592.45..2593.28 rows=333 width=8) (actual rows=27263 loops=1)
        Sort Key: t_views_0.viewer_id
        Sort Method: quicksort  Memory: 2046kB
        Buffers: shared hit=541, temp read=360 written=683
        ->  HashAggregate  (cost=2566.00..2578.50 rows=333 width=8) (actual rows=27263 loops=1)
              Group Key: t_views_0.view_date, t_views_0.viewer_id
              Filter: (1 < count(t_views_0.article_id))
              Batches: 5  Memory Usage: 4145kB  Disk Usage: 1664kB
              Rows Removed by Filter: 30784
              Buffers: shared hit=541, temp read=360 written=683
              ->  HashAggregate  (cost=2291.00..2391.00 rows=10000 width=12) (actual rows=99992 loops=1)
                    Group Key: t_views_0.viewer_id, t_views_0.article_id, t_views_0.view_date
                    Batches: 5  Memory Usage: 4145kB  Disk Usage: 1744kB
                    Buffers: shared hit=541, temp read=200 written=361
                    ->  Seq Scan on views t_views_0  (cost=0.00..1541.00 rows=100000 width=12) (actual rows=100000 loops=1)
                          Buffers: shared hit=541
Planning Time: 0.077 ms
Execution Time: 111.446 ms",119.09,2594.12,100,"Unique  (cost=2592.45..2594.12 rows=333 width=8) (actual rows=100 loops=1)
  Buffers: shared hit=541, temp read=360 written=683
  ->  Sort  (cost=2592.45..2593.28 rows=333 width=8) (actual rows=27263 loops=1)
        Sort Key: t_views_0.viewer_id
        Sort Method: quicksort  Memory: 2046kB
        Buffers: shared hit=541, temp read=360 written=683
        ->  HashAggregate  (cost=2566.00..2578.50 rows=333 width=8) (actual rows=27263 loops=1)
              Group Key: t_views_0.view_date, t_views_0.viewer_id
              Filter: (1 < count(t_views_0.article_id))
              Batches: 5  Memory Usage: 4145kB  Disk Usage: 1664kB
              Rows Removed by Filter: 30784
              Buffers: shared hit=541, temp read=360 written=683
              ->  HashAggregate  (cost=2291.00..2391.00 rows=10000 width=12) (actual rows=99992 loops=1)
                    Group Key: t_views_0.viewer_id, t_views_0.article_id, t_views_0.view_date
                    Batches: 5  Memory Usage: 4145kB  Disk Usage: 1744kB
                    Buffers: shared hit=541, temp read=200 written=361
                    ->  Seq Scan on views t_views_0  (cost=0.00..1541.00 rows=100000 width=12) (actual rows=100000 loops=1)
                          Buffers: shared hit=541
Planning Time: 0.090 ms
Execution Time: 119.090 ms",128.691,2594.12,100,"Unique  (cost=2592.45..2594.12 rows=333 width=8) (actual rows=100 loops=1)
  Buffers: shared hit=541, temp read=360 written=683
  ->  Sort  (cost=2592.45..2593.28 rows=333 width=8) (actual rows=27263 loops=1)
        Sort Key: t_views_0.viewer_id
        Sort Method: quicksort  Memory: 2046kB
        Buffers: shared hit=541, temp read=360 written=683
        ->  HashAggregate  (cost=2566.00..2578.50 rows=333 width=8) (actual rows=27263 loops=1)
              Group Key: t_views_0.view_date, t_views_0.viewer_id
              Filter: (1 < count(t_views_0.article_id))
              Batches: 5  Memory Usage: 4145kB  Disk Usage: 1664kB
              Rows Removed by Filter: 30784
              Buffers: shared hit=541, temp read=360 written=683
              ->  HashAggregate  (cost=2291.00..2391.00 rows=10000 width=12) (actual rows=99992 loops=1)
                    Group Key: t_views_0.viewer_id, t_views_0.article_id, t_views_0.view_date
                    Batches: 5  Memory Usage: 4145kB  Disk Usage: 1744kB
                    Buffers: shared hit=541, temp read=200 written=361
                    ->  Seq Scan on views t_views_0  (cost=0.00..1541.00 rows=100000 width=12) (actual rows=100000 loops=1)
                          Buffers: shared hit=541
Planning Time: 0.086 ms
Execution Time: 128.691 ms",123.504,2594.12,100,"Unique  (cost=2592.45..2594.12 rows=333 width=8) (actual rows=100 loops=1)
  Buffers: shared hit=541, temp read=360 written=683
  ->  Sort  (cost=2592.45..2593.28 rows=333 width=8) (actual rows=27263 loops=1)
        Sort Key: t_views_0.viewer_id
        Sort Method: quicksort  Memory: 2046kB
        Buffers: shared hit=541, temp read=360 written=683
        ->  HashAggregate  (cost=2566.00..2578.50 rows=333 width=8) (actual rows=27263 loops=1)
              Group Key: t_views_0.view_date, t_views_0.viewer_id
              Filter: (1 < count(t_views_0.article_id))
              Batches: 5  Memory Usage: 4145kB  Disk Usage: 1664kB
              Rows Removed by Filter: 30784
              Buffers: shared hit=541, temp read=360 written=683
              ->  HashAggregate  (cost=2291.00..2391.00 rows=10000 width=12) (actual rows=99992 loops=1)
                    Group Key: t_views_0.viewer_id, t_views_0.article_id, t_views_0.view_date
                    Batches: 5  Memory Usage: 4145kB  Disk Usage: 1744kB
                    Buffers: shared hit=541, temp read=200 written=361
                    ->  Seq Scan on views t_views_0  (cost=0.00..1541.00 rows=100000 width=12) (actual rows=100000 loops=1)
                          Buffers: shared hit=541
Planning Time: 0.080 ms
Execution Time: 123.504 ms",121.674,2594.12,100,"Unique  (cost=2592.45..2594.12 rows=333 width=8) (actual rows=100 loops=1)
  Buffers: shared hit=541, temp read=360 written=683
  ->  Sort  (cost=2592.45..2593.28 rows=333 width=8) (actual rows=27263 loops=1)
        Sort Key: t_views_0.viewer_id
        Sort Method: quicksort  Memory: 2046kB
        Buffers: shared hit=541, temp read=360 written=683
        ->  HashAggregate  (cost=2566.00..2578.50 rows=333 width=8) (actual rows=27263 loops=1)
              Group Key: t_views_0.view_date, t_views_0.viewer_id
              Filter: (1 < count(t_views_0.article_id))
              Batches: 5  Memory Usage: 4145kB  Disk Usage: 1664kB
              Rows Removed by Filter: 30784
              Buffers: shared hit=541, temp read=360 written=683
              ->  HashAggregate  (cost=2291.00..2391.00 rows=10000 width=12) (actual rows=99992 loops=1)
                    Group Key: t_views_0.viewer_id, t_views_0.article_id, t_views_0.view_date
                    Batches: 5  Memory Usage: 4145kB  Disk Usage: 1744kB
                    Buffers: shared hit=541, temp read=200 written=361
                    ->  Seq Scan on views t_views_0  (cost=0.00..1541.00 rows=100000 width=12) (actual rows=100000 loops=1)
                          Buffers: shared hit=541
Planning Time: 0.090 ms
Execution Time: 121.674 ms",120.881,121.674,126.0975,130.7658,2594.12,2594.12,100,100,100,100
726,1149,132,Medium,"select distinct t_cte_9.c_viewer_id0 as id from (select distinct t_views_0.article_id as c_article_id0, t_views_0.viewer_id as c_viewer_id0, t_views_0.view_date as c_view_date0 from schema_1149.views as t_views_0) as t_cte_9 group by t_cte_9.c_viewer_id0,t_cte_9.c_view_date0 having 1 < count(t_cte_9.c_article_id0)",113.946,2594.12,100,"Unique  (cost=2592.45..2594.12 rows=333 width=8) (actual rows=100 loops=1)
  Buffers: shared hit=541, temp read=360 written=684
  ->  Sort  (cost=2592.45..2593.28 rows=333 width=8) (actual rows=27263 loops=1)
        Sort Key: t_views_0.viewer_id
        Sort Method: quicksort  Memory: 2046kB
        Buffers: shared hit=541, temp read=360 written=684
        ->  HashAggregate  (cost=2566.00..2578.50 rows=333 width=8) (actual rows=27263 loops=1)
              Group Key: t_views_0.viewer_id, t_views_0.view_date
              Filter: (1 < count(t_views_0.article_id))
              Batches: 5  Memory Usage: 4145kB  Disk Usage: 1656kB
              Rows Removed by Filter: 30784
              Buffers: shared hit=541, temp read=360 written=684
              ->  HashAggregate  (cost=2291.00..2391.00 rows=10000 width=12) (actual rows=99992 loops=1)
                    Group Key: t_views_0.article_id, t_views_0.viewer_id, t_views_0.view_date
                    Batches: 5  Memory Usage: 4145kB  Disk Usage: 1744kB
                    Buffers: shared hit=541, temp read=201 written=362
                    ->  Seq Scan on views t_views_0  (cost=0.00..1541.00 rows=100000 width=12) (actual rows=100000 loops=1)
                          Buffers: shared hit=541
Planning Time: 0.089 ms
Execution Time: 113.946 ms",118.594,2594.12,100,"Unique  (cost=2592.45..2594.12 rows=333 width=8) (actual rows=100 loops=1)
  Buffers: shared hit=541, temp read=360 written=684
  ->  Sort  (cost=2592.45..2593.28 rows=333 width=8) (actual rows=27263 loops=1)
        Sort Key: t_views_0.viewer_id
        Sort Method: quicksort  Memory: 2046kB
        Buffers: shared hit=541, temp read=360 written=684
        ->  HashAggregate  (cost=2566.00..2578.50 rows=333 width=8) (actual rows=27263 loops=1)
              Group Key: t_views_0.viewer_id, t_views_0.view_date
              Filter: (1 < count(t_views_0.article_id))
              Batches: 5  Memory Usage: 4145kB  Disk Usage: 1656kB
              Rows Removed by Filter: 30784
              Buffers: shared hit=541, temp read=360 written=684
              ->  HashAggregate  (cost=2291.00..2391.00 rows=10000 width=12) (actual rows=99992 loops=1)
                    Group Key: t_views_0.article_id, t_views_0.viewer_id, t_views_0.view_date
                    Batches: 5  Memory Usage: 4145kB  Disk Usage: 1744kB
                    Buffers: shared hit=541, temp read=201 written=362
                    ->  Seq Scan on views t_views_0  (cost=0.00..1541.00 rows=100000 width=12) (actual rows=100000 loops=1)
                          Buffers: shared hit=541
Planning Time: 0.144 ms
Execution Time: 118.594 ms",117.643,2594.12,100,"Unique  (cost=2592.45..2594.12 rows=333 width=8) (actual rows=100 loops=1)
  Buffers: shared hit=541, temp read=360 written=684
  ->  Sort  (cost=2592.45..2593.28 rows=333 width=8) (actual rows=27263 loops=1)
        Sort Key: t_views_0.viewer_id
        Sort Method: quicksort  Memory: 2046kB
        Buffers: shared hit=541, temp read=360 written=684
        ->  HashAggregate  (cost=2566.00..2578.50 rows=333 width=8) (actual rows=27263 loops=1)
              Group Key: t_views_0.viewer_id, t_views_0.view_date
              Filter: (1 < count(t_views_0.article_id))
              Batches: 5  Memory Usage: 4145kB  Disk Usage: 1656kB
              Rows Removed by Filter: 30784
              Buffers: shared hit=541, temp read=360 written=684
              ->  HashAggregate  (cost=2291.00..2391.00 rows=10000 width=12) (actual rows=99992 loops=1)
                    Group Key: t_views_0.article_id, t_views_0.viewer_id, t_views_0.view_date
                    Batches: 5  Memory Usage: 4145kB  Disk Usage: 1744kB
                    Buffers: shared hit=541, temp read=201 written=362
                    ->  Seq Scan on views t_views_0  (cost=0.00..1541.00 rows=100000 width=12) (actual rows=100000 loops=1)
                          Buffers: shared hit=541
Planning Time: 0.088 ms
Execution Time: 117.643 ms",117.972,2594.12,100,"Unique  (cost=2592.45..2594.12 rows=333 width=8) (actual rows=100 loops=1)
  Buffers: shared hit=541, temp read=360 written=684
  ->  Sort  (cost=2592.45..2593.28 rows=333 width=8) (actual rows=27263 loops=1)
        Sort Key: t_views_0.viewer_id
        Sort Method: quicksort  Memory: 2046kB
        Buffers: shared hit=541, temp read=360 written=684
        ->  HashAggregate  (cost=2566.00..2578.50 rows=333 width=8) (actual rows=27263 loops=1)
              Group Key: t_views_0.viewer_id, t_views_0.view_date
              Filter: (1 < count(t_views_0.article_id))
              Batches: 5  Memory Usage: 4145kB  Disk Usage: 1656kB
              Rows Removed by Filter: 30784
              Buffers: shared hit=541, temp read=360 written=684
              ->  HashAggregate  (cost=2291.00..2391.00 rows=10000 width=12) (actual rows=99992 loops=1)
                    Group Key: t_views_0.article_id, t_views_0.viewer_id, t_views_0.view_date
                    Batches: 5  Memory Usage: 4145kB  Disk Usage: 1744kB
                    Buffers: shared hit=541, temp read=201 written=362
                    ->  Seq Scan on views t_views_0  (cost=0.00..1541.00 rows=100000 width=12) (actual rows=100000 loops=1)
                          Buffers: shared hit=541
Planning Time: 0.110 ms
Execution Time: 117.972 ms",117.207,2594.12,100,"Unique  (cost=2592.45..2594.12 rows=333 width=8) (actual rows=100 loops=1)
  Buffers: shared hit=541, temp read=360 written=684
  ->  Sort  (cost=2592.45..2593.28 rows=333 width=8) (actual rows=27263 loops=1)
        Sort Key: t_views_0.viewer_id
        Sort Method: quicksort  Memory: 2046kB
        Buffers: shared hit=541, temp read=360 written=684
        ->  HashAggregate  (cost=2566.00..2578.50 rows=333 width=8) (actual rows=27263 loops=1)
              Group Key: t_views_0.viewer_id, t_views_0.view_date
              Filter: (1 < count(t_views_0.article_id))
              Batches: 5  Memory Usage: 4145kB  Disk Usage: 1656kB
              Rows Removed by Filter: 30784
              Buffers: shared hit=541, temp read=360 written=684
              ->  HashAggregate  (cost=2291.00..2391.00 rows=10000 width=12) (actual rows=99992 loops=1)
                    Group Key: t_views_0.article_id, t_views_0.viewer_id, t_views_0.view_date
                    Batches: 5  Memory Usage: 4145kB  Disk Usage: 1744kB
                    Buffers: shared hit=541, temp read=201 written=362
                    ->  Seq Scan on views t_views_0  (cost=0.00..1541.00 rows=100000 width=12) (actual rows=100000 loops=1)
                          Buffers: shared hit=541
Planning Time: 0.085 ms
Execution Time: 117.207 ms",117.0724,117.643,118.283,118.8428,2594.12,2594.12,100,100,100,100
727,1149,137,Medium,"select distinct t_cte_3.c_viewer_id0 as id from (select distinct v.article_id as c_article_id0, v.view_date as c_view_date0, v.viewer_id as c_viewer_id0 from schema_1149.views as v) as t_cte_3 group by t_cte_3.c_view_date0,t_cte_3.c_viewer_id0 having 1 < count(t_cte_3.c_article_id0)",111.107,2594.12,100,"Unique  (cost=2592.45..2594.12 rows=333 width=8) (actual rows=100 loops=1)
  Buffers: shared hit=541, temp read=360 written=683
  ->  Sort  (cost=2592.45..2593.28 rows=333 width=8) (actual rows=27263 loops=1)
        Sort Key: v.viewer_id
        Sort Method: quicksort  Memory: 2046kB
        Buffers: shared hit=541, temp read=360 written=683
        ->  HashAggregate  (cost=2566.00..2578.50 rows=333 width=8) (actual rows=27263 loops=1)
              Group Key: v.view_date, v.viewer_id
              Filter: (1 < count(v.article_id))
              Batches: 5  Memory Usage: 4145kB  Disk Usage: 1656kB
              Rows Removed by Filter: 30784
              Buffers: shared hit=541, temp read=360 written=683
              ->  HashAggregate  (cost=2291.00..2391.00 rows=10000 width=12) (actual rows=99992 loops=1)
                    Group Key: v.article_id, v.view_date, v.viewer_id
                    Batches: 5  Memory Usage: 4145kB  Disk Usage: 1752kB
                    Buffers: shared hit=541, temp read=201 written=362
                    ->  Seq Scan on views v  (cost=0.00..1541.00 rows=100000 width=12) (actual rows=100000 loops=1)
                          Buffers: shared hit=541
Planning Time: 0.061 ms
Execution Time: 111.107 ms",120.782,2594.12,100,"Unique  (cost=2592.45..2594.12 rows=333 width=8) (actual rows=100 loops=1)
  Buffers: shared hit=541, temp read=360 written=683
  ->  Sort  (cost=2592.45..2593.28 rows=333 width=8) (actual rows=27263 loops=1)
        Sort Key: v.viewer_id
        Sort Method: quicksort  Memory: 2046kB
        Buffers: shared hit=541, temp read=360 written=683
        ->  HashAggregate  (cost=2566.00..2578.50 rows=333 width=8) (actual rows=27263 loops=1)
              Group Key: v.view_date, v.viewer_id
              Filter: (1 < count(v.article_id))
              Batches: 5  Memory Usage: 4145kB  Disk Usage: 1656kB
              Rows Removed by Filter: 30784
              Buffers: shared hit=541, temp read=360 written=683
              ->  HashAggregate  (cost=2291.00..2391.00 rows=10000 width=12) (actual rows=99992 loops=1)
                    Group Key: v.article_id, v.view_date, v.viewer_id
                    Batches: 5  Memory Usage: 4145kB  Disk Usage: 1752kB
                    Buffers: shared hit=541, temp read=201 written=362
                    ->  Seq Scan on views v  (cost=0.00..1541.00 rows=100000 width=12) (actual rows=100000 loops=1)
                          Buffers: shared hit=541
Planning Time: 0.070 ms
Execution Time: 120.782 ms",120.308,2594.12,100,"Unique  (cost=2592.45..2594.12 rows=333 width=8) (actual rows=100 loops=1)
  Buffers: shared hit=541, temp read=360 written=683
  ->  Sort  (cost=2592.45..2593.28 rows=333 width=8) (actual rows=27263 loops=1)
        Sort Key: v.viewer_id
        Sort Method: quicksort  Memory: 2046kB
        Buffers: shared hit=541, temp read=360 written=683
        ->  HashAggregate  (cost=2566.00..2578.50 rows=333 width=8) (actual rows=27263 loops=1)
              Group Key: v.view_date, v.viewer_id
              Filter: (1 < count(v.article_id))
              Batches: 5  Memory Usage: 4145kB  Disk Usage: 1656kB
              Rows Removed by Filter: 30784
              Buffers: shared hit=541, temp read=360 written=683
              ->  HashAggregate  (cost=2291.00..2391.00 rows=10000 width=12) (actual rows=99992 loops=1)
                    Group Key: v.article_id, v.view_date, v.viewer_id
                    Batches: 5  Memory Usage: 4145kB  Disk Usage: 1752kB
                    Buffers: shared hit=541, temp read=201 written=362
                    ->  Seq Scan on views v  (cost=0.00..1541.00 rows=100000 width=12) (actual rows=100000 loops=1)
                          Buffers: shared hit=541
Planning Time: 0.119 ms
Execution Time: 120.308 ms",119.187,2594.12,100,"Unique  (cost=2592.45..2594.12 rows=333 width=8) (actual rows=100 loops=1)
  Buffers: shared hit=541, temp read=360 written=683
  ->  Sort  (cost=2592.45..2593.28 rows=333 width=8) (actual rows=27263 loops=1)
        Sort Key: v.viewer_id
        Sort Method: quicksort  Memory: 2046kB
        Buffers: shared hit=541, temp read=360 written=683
        ->  HashAggregate  (cost=2566.00..2578.50 rows=333 width=8) (actual rows=27263 loops=1)
              Group Key: v.view_date, v.viewer_id
              Filter: (1 < count(v.article_id))
              Batches: 5  Memory Usage: 4145kB  Disk Usage: 1656kB
              Rows Removed by Filter: 30784
              Buffers: shared hit=541, temp read=360 written=683
              ->  HashAggregate  (cost=2291.00..2391.00 rows=10000 width=12) (actual rows=99992 loops=1)
                    Group Key: v.article_id, v.view_date, v.viewer_id
                    Batches: 5  Memory Usage: 4145kB  Disk Usage: 1752kB
                    Buffers: shared hit=541, temp read=201 written=362
                    ->  Seq Scan on views v  (cost=0.00..1541.00 rows=100000 width=12) (actual rows=100000 loops=1)
                          Buffers: shared hit=541
Planning Time: 0.098 ms
Execution Time: 119.187 ms",117.981,2594.12,100,"Unique  (cost=2592.45..2594.12 rows=333 width=8) (actual rows=100 loops=1)
  Buffers: shared hit=541, temp read=360 written=683
  ->  Sort  (cost=2592.45..2593.28 rows=333 width=8) (actual rows=27263 loops=1)
        Sort Key: v.viewer_id
        Sort Method: quicksort  Memory: 2046kB
        Buffers: shared hit=541, temp read=360 written=683
        ->  HashAggregate  (cost=2566.00..2578.50 rows=333 width=8) (actual rows=27263 loops=1)
              Group Key: v.view_date, v.viewer_id
              Filter: (1 < count(v.article_id))
              Batches: 5  Memory Usage: 4145kB  Disk Usage: 1656kB
              Rows Removed by Filter: 30784
              Buffers: shared hit=541, temp read=360 written=683
              ->  HashAggregate  (cost=2291.00..2391.00 rows=10000 width=12) (actual rows=99992 loops=1)
                    Group Key: v.article_id, v.view_date, v.viewer_id
                    Batches: 5  Memory Usage: 4145kB  Disk Usage: 1752kB
                    Buffers: shared hit=541, temp read=201 written=362
                    ->  Seq Scan on views v  (cost=0.00..1541.00 rows=100000 width=12) (actual rows=100000 loops=1)
                          Buffers: shared hit=541
Planning Time: 0.108 ms
Execution Time: 117.981 ms",117.873,119.187,120.545,120.9716,2594.12,2594.12,100,100,100,100
728,1149,158,Medium,"select distinct t_cte_2.c_viewer_id0 as id from (select distinct t_views_0.article_id as c_article_id0, t_views_0.viewer_id as c_viewer_id0, t_views_0.view_date as c_view_date0 from schema_1149.views as t_views_0 order by c_viewer_id0 asc) as t_cte_2 group by t_cte_2.c_viewer_id0,t_cte_2.c_view_date0 having 1 < count(t_cte_2.c_article_id0)",138.807,3283.5,100,"Unique  (cost=3281.84..3283.50 rows=333 width=8) (actual rows=100 loops=1)
  Buffers: shared hit=541, temp read=664 written=986
  ->  Sort  (cost=3281.84..3282.67 rows=333 width=8) (actual rows=27263 loops=1)
        Sort Key: t_views_0.viewer_id
        Sort Method: quicksort  Memory: 2046kB
        Buffers: shared hit=541, temp read=664 written=986
        ->  HashAggregate  (cost=3255.39..3267.89 rows=333 width=8) (actual rows=27263 loops=1)
              Group Key: t_views_0.viewer_id, t_views_0.view_date
              Filter: (1 < count(t_views_0.article_id))
              Batches: 5  Memory Usage: 4145kB  Disk Usage: 1728kB
              Rows Removed by Filter: 30784
              Buffers: shared hit=541, temp read=664 written=986
              ->  Sort  (cost=3055.39..3080.39 rows=10000 width=12) (actual rows=99992 loops=1)
                    Sort Key: t_views_0.viewer_id
                    Sort Method: external merge  Disk: 2160kB
                    Buffers: shared hit=541, temp read=470 written=632
                    ->  HashAggregate  (cost=2291.00..2391.00 rows=10000 width=12) (actual rows=99992 loops=1)
                          Group Key: t_views_0.viewer_id, t_views_0.article_id, t_views_0.view_date
                          Batches: 5  Memory Usage: 4145kB  Disk Usage: 1744kB
                          Buffers: shared hit=541, temp read=200 written=361
                          ->  Seq Scan on views t_views_0  (cost=0.00..1541.00 rows=100000 width=12) (actual rows=100000 loops=1)
                                Buffers: shared hit=541
Planning Time: 0.098 ms
Execution Time: 138.807 ms",146.812,3283.5,100,"Unique  (cost=3281.84..3283.50 rows=333 width=8) (actual rows=100 loops=1)
  Buffers: shared hit=541, temp read=664 written=986
  ->  Sort  (cost=3281.84..3282.67 rows=333 width=8) (actual rows=27263 loops=1)
        Sort Key: t_views_0.viewer_id
        Sort Method: quicksort  Memory: 2046kB
        Buffers: shared hit=541, temp read=664 written=986
        ->  HashAggregate  (cost=3255.39..3267.89 rows=333 width=8) (actual rows=27263 loops=1)
              Group Key: t_views_0.viewer_id, t_views_0.view_date
              Filter: (1 < count(t_views_0.article_id))
              Batches: 5  Memory Usage: 4145kB  Disk Usage: 1728kB
              Rows Removed by Filter: 30784
              Buffers: shared hit=541, temp read=664 written=986
              ->  Sort  (cost=3055.39..3080.39 rows=10000 width=12) (actual rows=99992 loops=1)
                    Sort Key: t_views_0.viewer_id
                    Sort Method: external merge  Disk: 2160kB
                    Buffers: shared hit=541, temp read=470 written=632
                    ->  HashAggregate  (cost=2291.00..2391.00 rows=10000 width=12) (actual rows=99992 loops=1)
                          Group Key: t_views_0.viewer_id, t_views_0.article_id, t_views_0.view_date
                          Batches: 5  Memory Usage: 4145kB  Disk Usage: 1744kB
                          Buffers: shared hit=541, temp read=200 written=361
                          ->  Seq Scan on views t_views_0  (cost=0.00..1541.00 rows=100000 width=12) (actual rows=100000 loops=1)
                                Buffers: shared hit=541
Planning Time: 0.146 ms
Execution Time: 146.812 ms",144.793,3283.5,100,"Unique  (cost=3281.84..3283.50 rows=333 width=8) (actual rows=100 loops=1)
  Buffers: shared hit=541, temp read=664 written=986
  ->  Sort  (cost=3281.84..3282.67 rows=333 width=8) (actual rows=27263 loops=1)
        Sort Key: t_views_0.viewer_id
        Sort Method: quicksort  Memory: 2046kB
        Buffers: shared hit=541, temp read=664 written=986
        ->  HashAggregate  (cost=3255.39..3267.89 rows=333 width=8) (actual rows=27263 loops=1)
              Group Key: t_views_0.viewer_id, t_views_0.view_date
              Filter: (1 < count(t_views_0.article_id))
              Batches: 5  Memory Usage: 4145kB  Disk Usage: 1728kB
              Rows Removed by Filter: 30784
              Buffers: shared hit=541, temp read=664 written=986
              ->  Sort  (cost=3055.39..3080.39 rows=10000 width=12) (actual rows=99992 loops=1)
                    Sort Key: t_views_0.viewer_id
                    Sort Method: external merge  Disk: 2160kB
                    Buffers: shared hit=541, temp read=470 written=632
                    ->  HashAggregate  (cost=2291.00..2391.00 rows=10000 width=12) (actual rows=99992 loops=1)
                          Group Key: t_views_0.viewer_id, t_views_0.article_id, t_views_0.view_date
                          Batches: 5  Memory Usage: 4145kB  Disk Usage: 1744kB
                          Buffers: shared hit=541, temp read=200 written=361
                          ->  Seq Scan on views t_views_0  (cost=0.00..1541.00 rows=100000 width=12) (actual rows=100000 loops=1)
                                Buffers: shared hit=541
Planning Time: 0.168 ms
Execution Time: 144.793 ms",148.028,3283.5,100,"Unique  (cost=3281.84..3283.50 rows=333 width=8) (actual rows=100 loops=1)
  Buffers: shared hit=541, temp read=664 written=986
  ->  Sort  (cost=3281.84..3282.67 rows=333 width=8) (actual rows=27263 loops=1)
        Sort Key: t_views_0.viewer_id
        Sort Method: quicksort  Memory: 2046kB
        Buffers: shared hit=541, temp read=664 written=986
        ->  HashAggregate  (cost=3255.39..3267.89 rows=333 width=8) (actual rows=27263 loops=1)
              Group Key: t_views_0.viewer_id, t_views_0.view_date
              Filter: (1 < count(t_views_0.article_id))
              Batches: 5  Memory Usage: 4145kB  Disk Usage: 1728kB
              Rows Removed by Filter: 30784
              Buffers: shared hit=541, temp read=664 written=986
              ->  Sort  (cost=3055.39..3080.39 rows=10000 width=12) (actual rows=99992 loops=1)
                    Sort Key: t_views_0.viewer_id
                    Sort Method: external merge  Disk: 2160kB
                    Buffers: shared hit=541, temp read=470 written=632
                    ->  HashAggregate  (cost=2291.00..2391.00 rows=10000 width=12) (actual rows=99992 loops=1)
                          Group Key: t_views_0.viewer_id, t_views_0.article_id, t_views_0.view_date
                          Batches: 5  Memory Usage: 4145kB  Disk Usage: 1744kB
                          Buffers: shared hit=541, temp read=200 written=361
                          ->  Seq Scan on views t_views_0  (cost=0.00..1541.00 rows=100000 width=12) (actual rows=100000 loops=1)
                                Buffers: shared hit=541
Planning Time: 0.102 ms
Execution Time: 148.028 ms",151.625,3283.5,100,"Unique  (cost=3281.84..3283.50 rows=333 width=8) (actual rows=100 loops=1)
  Buffers: shared hit=541, temp read=664 written=986
  ->  Sort  (cost=3281.84..3282.67 rows=333 width=8) (actual rows=27263 loops=1)
        Sort Key: t_views_0.viewer_id
        Sort Method: quicksort  Memory: 2046kB
        Buffers: shared hit=541, temp read=664 written=986
        ->  HashAggregate  (cost=3255.39..3267.89 rows=333 width=8) (actual rows=27263 loops=1)
              Group Key: t_views_0.viewer_id, t_views_0.view_date
              Filter: (1 < count(t_views_0.article_id))
              Batches: 5  Memory Usage: 4145kB  Disk Usage: 1728kB
              Rows Removed by Filter: 30784
              Buffers: shared hit=541, temp read=664 written=986
              ->  Sort  (cost=3055.39..3080.39 rows=10000 width=12) (actual rows=99992 loops=1)
                    Sort Key: t_views_0.viewer_id
                    Sort Method: external merge  Disk: 2160kB
                    Buffers: shared hit=541, temp read=470 written=632
                    ->  HashAggregate  (cost=2291.00..2391.00 rows=10000 width=12) (actual rows=99992 loops=1)
                          Group Key: t_views_0.viewer_id, t_views_0.article_id, t_views_0.view_date
                          Batches: 5  Memory Usage: 4145kB  Disk Usage: 1744kB
                          Buffers: shared hit=541, temp read=200 written=361
                          ->  Seq Scan on views t_views_0  (cost=0.00..1541.00 rows=100000 width=12) (actual rows=100000 loops=1)
                                Buffers: shared hit=541
Planning Time: 0.112 ms
Execution Time: 151.625 ms",146.013,146.812,149.8265,153.0638,3283.5,3283.5,100,100,100,100
729,1149,160,Medium,"select distinct t_cte_10.c_viewer_id0 as id from (select distinct t_views_0.viewer_id as c_viewer_id0, t_views_0.article_id as c_article_id0, t_views_0.view_date as c_view_date0 from schema_1149.views as t_views_0) as t_cte_10 group by t_cte_10.c_viewer_id0,t_cte_10.c_view_date0 having 1 < count(t_cte_10.c_article_id0)",111.04,2594.12,100,"Unique  (cost=2592.45..2594.12 rows=333 width=8) (actual rows=100 loops=1)
  Buffers: shared hit=541, temp read=359 written=683
  ->  Sort  (cost=2592.45..2593.28 rows=333 width=8) (actual rows=27263 loops=1)
        Sort Key: t_views_0.viewer_id
        Sort Method: quicksort  Memory: 2046kB
        Buffers: shared hit=541, temp read=359 written=683
        ->  HashAggregate  (cost=2566.00..2578.50 rows=333 width=8) (actual rows=27263 loops=1)
              Group Key: t_views_0.viewer_id, t_views_0.view_date
              Filter: (1 < count(t_views_0.article_id))
              Batches: 5  Memory Usage: 4145kB  Disk Usage: 1656kB
              Rows Removed by Filter: 30784
              Buffers: shared hit=541, temp read=359 written=683
              ->  HashAggregate  (cost=2291.00..2391.00 rows=10000 width=12) (actual rows=99992 loops=1)
                    Group Key: t_views_0.viewer_id, t_views_0.article_id, t_views_0.view_date
                    Batches: 5  Memory Usage: 4145kB  Disk Usage: 1744kB
                    Buffers: shared hit=541, temp read=200 written=361
                    ->  Seq Scan on views t_views_0  (cost=0.00..1541.00 rows=100000 width=12) (actual rows=100000 loops=1)
                          Buffers: shared hit=541
Planning Time: 0.062 ms
Execution Time: 111.040 ms",120.25,2594.12,100,"Unique  (cost=2592.45..2594.12 rows=333 width=8) (actual rows=100 loops=1)
  Buffers: shared hit=541, temp read=359 written=683
  ->  Sort  (cost=2592.45..2593.28 rows=333 width=8) (actual rows=27263 loops=1)
        Sort Key: t_views_0.viewer_id
        Sort Method: quicksort  Memory: 2046kB
        Buffers: shared hit=541, temp read=359 written=683
        ->  HashAggregate  (cost=2566.00..2578.50 rows=333 width=8) (actual rows=27263 loops=1)
              Group Key: t_views_0.viewer_id, t_views_0.view_date
              Filter: (1 < count(t_views_0.article_id))
              Batches: 5  Memory Usage: 4145kB  Disk Usage: 1656kB
              Rows Removed by Filter: 30784
              Buffers: shared hit=541, temp read=359 written=683
              ->  HashAggregate  (cost=2291.00..2391.00 rows=10000 width=12) (actual rows=99992 loops=1)
                    Group Key: t_views_0.viewer_id, t_views_0.article_id, t_views_0.view_date
                    Batches: 5  Memory Usage: 4145kB  Disk Usage: 1744kB
                    Buffers: shared hit=541, temp read=200 written=361
                    ->  Seq Scan on views t_views_0  (cost=0.00..1541.00 rows=100000 width=12) (actual rows=100000 loops=1)
                          Buffers: shared hit=541
Planning Time: 0.096 ms
Execution Time: 120.250 ms",121.428,2594.12,100,"Unique  (cost=2592.45..2594.12 rows=333 width=8) (actual rows=100 loops=1)
  Buffers: shared hit=541, temp read=359 written=683
  ->  Sort  (cost=2592.45..2593.28 rows=333 width=8) (actual rows=27263 loops=1)
        Sort Key: t_views_0.viewer_id
        Sort Method: quicksort  Memory: 2046kB
        Buffers: shared hit=541, temp read=359 written=683
        ->  HashAggregate  (cost=2566.00..2578.50 rows=333 width=8) (actual rows=27263 loops=1)
              Group Key: t_views_0.viewer_id, t_views_0.view_date
              Filter: (1 < count(t_views_0.article_id))
              Batches: 5  Memory Usage: 4145kB  Disk Usage: 1656kB
              Rows Removed by Filter: 30784
              Buffers: shared hit=541, temp read=359 written=683
              ->  HashAggregate  (cost=2291.00..2391.00 rows=10000 width=12) (actual rows=99992 loops=1)
                    Group Key: t_views_0.viewer_id, t_views_0.article_id, t_views_0.view_date
                    Batches: 5  Memory Usage: 4145kB  Disk Usage: 1744kB
                    Buffers: shared hit=541, temp read=200 written=361
                    ->  Seq Scan on views t_views_0  (cost=0.00..1541.00 rows=100000 width=12) (actual rows=100000 loops=1)
                          Buffers: shared hit=541
Planning Time: 0.097 ms
Execution Time: 121.428 ms",118.493,2594.12,100,"Unique  (cost=2592.45..2594.12 rows=333 width=8) (actual rows=100 loops=1)
  Buffers: shared hit=541, temp read=359 written=683
  ->  Sort  (cost=2592.45..2593.28 rows=333 width=8) (actual rows=27263 loops=1)
        Sort Key: t_views_0.viewer_id
        Sort Method: quicksort  Memory: 2046kB
        Buffers: shared hit=541, temp read=359 written=683
        ->  HashAggregate  (cost=2566.00..2578.50 rows=333 width=8) (actual rows=27263 loops=1)
              Group Key: t_views_0.viewer_id, t_views_0.view_date
              Filter: (1 < count(t_views_0.article_id))
              Batches: 5  Memory Usage: 4145kB  Disk Usage: 1656kB
              Rows Removed by Filter: 30784
              Buffers: shared hit=541, temp read=359 written=683
              ->  HashAggregate  (cost=2291.00..2391.00 rows=10000 width=12) (actual rows=99992 loops=1)
                    Group Key: t_views_0.viewer_id, t_views_0.article_id, t_views_0.view_date
                    Batches: 5  Memory Usage: 4145kB  Disk Usage: 1744kB
                    Buffers: shared hit=541, temp read=200 written=361
                    ->  Seq Scan on views t_views_0  (cost=0.00..1541.00 rows=100000 width=12) (actual rows=100000 loops=1)
                          Buffers: shared hit=541
Planning Time: 0.139 ms
Execution Time: 118.493 ms",118.413,2594.12,100,"Unique  (cost=2592.45..2594.12 rows=333 width=8) (actual rows=100 loops=1)
  Buffers: shared hit=541, temp read=359 written=683
  ->  Sort  (cost=2592.45..2593.28 rows=333 width=8) (actual rows=27263 loops=1)
        Sort Key: t_views_0.viewer_id
        Sort Method: quicksort  Memory: 2046kB
        Buffers: shared hit=541, temp read=359 written=683
        ->  HashAggregate  (cost=2566.00..2578.50 rows=333 width=8) (actual rows=27263 loops=1)
              Group Key: t_views_0.viewer_id, t_views_0.view_date
              Filter: (1 < count(t_views_0.article_id))
              Batches: 5  Memory Usage: 4145kB  Disk Usage: 1656kB
              Rows Removed by Filter: 30784
              Buffers: shared hit=541, temp read=359 written=683
              ->  HashAggregate  (cost=2291.00..2391.00 rows=10000 width=12) (actual rows=99992 loops=1)
                    Group Key: t_views_0.viewer_id, t_views_0.article_id, t_views_0.view_date
                    Batches: 5  Memory Usage: 4145kB  Disk Usage: 1744kB
                    Buffers: shared hit=541, temp read=200 written=361
                    ->  Seq Scan on views t_views_0  (cost=0.00..1541.00 rows=100000 width=12) (actual rows=100000 loops=1)
                          Buffers: shared hit=541
Planning Time: 0.091 ms
Execution Time: 118.413 ms",117.9248,118.493,120.839,121.8992,2594.12,2594.12,100,100,100,100
730,1149,161,Medium,"select distinct t_cte_22.c_viewer_id0 as id from (select distinct t_views_0.article_id as c_article_id0, t_views_0.viewer_id as c_viewer_id0, t_views_0.view_date as c_view_date0 from schema_1149.views as t_views_0) as t_cte_22 group by t_cte_22.c_view_date0,t_cte_22.c_viewer_id0 having 1 < count(t_cte_22.c_article_id0)",119.416,2594.12,100,"Unique  (cost=2592.45..2594.12 rows=333 width=8) (actual rows=100 loops=1)
  Buffers: shared hit=541, temp read=359 written=683
  ->  Sort  (cost=2592.45..2593.28 rows=333 width=8) (actual rows=27263 loops=1)
        Sort Key: t_views_0.viewer_id
        Sort Method: quicksort  Memory: 2046kB
        Buffers: shared hit=541, temp read=359 written=683
        ->  HashAggregate  (cost=2566.00..2578.50 rows=333 width=8) (actual rows=27263 loops=1)
              Group Key: t_views_0.view_date, t_views_0.viewer_id
              Filter: (1 < count(t_views_0.article_id))
              Batches: 5  Memory Usage: 4145kB  Disk Usage: 1656kB
              Rows Removed by Filter: 30784
              Buffers: shared hit=541, temp read=359 written=683
              ->  HashAggregate  (cost=2291.00..2391.00 rows=10000 width=12) (actual rows=99992 loops=1)
                    Group Key: t_views_0.article_id, t_views_0.viewer_id, t_views_0.view_date
                    Batches: 5  Memory Usage: 4145kB  Disk Usage: 1744kB
                    Buffers: shared hit=541, temp read=201 written=362
                    ->  Seq Scan on views t_views_0  (cost=0.00..1541.00 rows=100000 width=12) (actual rows=100000 loops=1)
                          Buffers: shared hit=541
Planning Time: 0.086 ms
Execution Time: 119.416 ms",128.207,2594.12,100,"Unique  (cost=2592.45..2594.12 rows=333 width=8) (actual rows=100 loops=1)
  Buffers: shared hit=541, temp read=359 written=683
  ->  Sort  (cost=2592.45..2593.28 rows=333 width=8) (actual rows=27263 loops=1)
        Sort Key: t_views_0.viewer_id
        Sort Method: quicksort  Memory: 2046kB
        Buffers: shared hit=541, temp read=359 written=683
        ->  HashAggregate  (cost=2566.00..2578.50 rows=333 width=8) (actual rows=27263 loops=1)
              Group Key: t_views_0.view_date, t_views_0.viewer_id
              Filter: (1 < count(t_views_0.article_id))
              Batches: 5  Memory Usage: 4145kB  Disk Usage: 1656kB
              Rows Removed by Filter: 30784
              Buffers: shared hit=541, temp read=359 written=683
              ->  HashAggregate  (cost=2291.00..2391.00 rows=10000 width=12) (actual rows=99992 loops=1)
                    Group Key: t_views_0.article_id, t_views_0.viewer_id, t_views_0.view_date
                    Batches: 5  Memory Usage: 4145kB  Disk Usage: 1744kB
                    Buffers: shared hit=541, temp read=201 written=362
                    ->  Seq Scan on views t_views_0  (cost=0.00..1541.00 rows=100000 width=12) (actual rows=100000 loops=1)
                          Buffers: shared hit=541
Planning Time: 0.138 ms
Execution Time: 128.207 ms",129.032,2594.12,100,"Unique  (cost=2592.45..2594.12 rows=333 width=8) (actual rows=100 loops=1)
  Buffers: shared hit=541, temp read=359 written=683
  ->  Sort  (cost=2592.45..2593.28 rows=333 width=8) (actual rows=27263 loops=1)
        Sort Key: t_views_0.viewer_id
        Sort Method: quicksort  Memory: 2046kB
        Buffers: shared hit=541, temp read=359 written=683
        ->  HashAggregate  (cost=2566.00..2578.50 rows=333 width=8) (actual rows=27263 loops=1)
              Group Key: t_views_0.view_date, t_views_0.viewer_id
              Filter: (1 < count(t_views_0.article_id))
              Batches: 5  Memory Usage: 4145kB  Disk Usage: 1656kB
              Rows Removed by Filter: 30784
              Buffers: shared hit=541, temp read=359 written=683
              ->  HashAggregate  (cost=2291.00..2391.00 rows=10000 width=12) (actual rows=99992 loops=1)
                    Group Key: t_views_0.article_id, t_views_0.viewer_id, t_views_0.view_date
                    Batches: 5  Memory Usage: 4145kB  Disk Usage: 1744kB
                    Buffers: shared hit=541, temp read=201 written=362
                    ->  Seq Scan on views t_views_0  (cost=0.00..1541.00 rows=100000 width=12) (actual rows=100000 loops=1)
                          Buffers: shared hit=541
Planning Time: 0.091 ms
Execution Time: 129.032 ms",128.619,2594.12,100,"Unique  (cost=2592.45..2594.12 rows=333 width=8) (actual rows=100 loops=1)
  Buffers: shared hit=541, temp read=359 written=683
  ->  Sort  (cost=2592.45..2593.28 rows=333 width=8) (actual rows=27263 loops=1)
        Sort Key: t_views_0.viewer_id
        Sort Method: quicksort  Memory: 2046kB
        Buffers: shared hit=541, temp read=359 written=683
        ->  HashAggregate  (cost=2566.00..2578.50 rows=333 width=8) (actual rows=27263 loops=1)
              Group Key: t_views_0.view_date, t_views_0.viewer_id
              Filter: (1 < count(t_views_0.article_id))
              Batches: 5  Memory Usage: 4145kB  Disk Usage: 1656kB
              Rows Removed by Filter: 30784
              Buffers: shared hit=541, temp read=359 written=683
              ->  HashAggregate  (cost=2291.00..2391.00 rows=10000 width=12) (actual rows=99992 loops=1)
                    Group Key: t_views_0.article_id, t_views_0.viewer_id, t_views_0.view_date
                    Batches: 5  Memory Usage: 4145kB  Disk Usage: 1744kB
                    Buffers: shared hit=541, temp read=201 written=362
                    ->  Seq Scan on views t_views_0  (cost=0.00..1541.00 rows=100000 width=12) (actual rows=100000 loops=1)
                          Buffers: shared hit=541
Planning Time: 0.121 ms
Execution Time: 128.619 ms",127.276,2594.12,100,"Unique  (cost=2592.45..2594.12 rows=333 width=8) (actual rows=100 loops=1)
  Buffers: shared hit=541, temp read=359 written=683
  ->  Sort  (cost=2592.45..2593.28 rows=333 width=8) (actual rows=27263 loops=1)
        Sort Key: t_views_0.viewer_id
        Sort Method: quicksort  Memory: 2046kB
        Buffers: shared hit=541, temp read=359 written=683
        ->  HashAggregate  (cost=2566.00..2578.50 rows=333 width=8) (actual rows=27263 loops=1)
              Group Key: t_views_0.view_date, t_views_0.viewer_id
              Filter: (1 < count(t_views_0.article_id))
              Batches: 5  Memory Usage: 4145kB  Disk Usage: 1656kB
              Rows Removed by Filter: 30784
              Buffers: shared hit=541, temp read=359 written=683
              ->  HashAggregate  (cost=2291.00..2391.00 rows=10000 width=12) (actual rows=99992 loops=1)
                    Group Key: t_views_0.article_id, t_views_0.viewer_id, t_views_0.view_date
                    Batches: 5  Memory Usage: 4145kB  Disk Usage: 1744kB
                    Buffers: shared hit=541, temp read=201 written=362
                    ->  Seq Scan on views t_views_0  (cost=0.00..1541.00 rows=100000 width=12) (actual rows=100000 loops=1)
                          Buffers: shared hit=541
Planning Time: 0.141 ms
Execution Time: 127.276 ms",126.51,128.207,128.8255,129.1972,2594.12,2594.12,100,100,100,100
731,1149,167,Medium,"select distinct t_cte_8.c_viewer_id0 as id from (select distinct v.article_id as c_article_id0, v.viewer_id as c_viewer_id0, v.view_date as c_view_date0 from schema_1149.views as v) as t_cte_8 group by t_cte_8.c_view_date0,t_cte_8.c_viewer_id0 having 1 < count(t_cte_8.c_article_id0)",110.164,2594.12,100,"Unique  (cost=2592.45..2594.12 rows=333 width=8) (actual rows=100 loops=1)
  Buffers: shared hit=541, temp read=359 written=683
  ->  Sort  (cost=2592.45..2593.28 rows=333 width=8) (actual rows=27263 loops=1)
        Sort Key: v.viewer_id
        Sort Method: quicksort  Memory: 2046kB
        Buffers: shared hit=541, temp read=359 written=683
        ->  HashAggregate  (cost=2566.00..2578.50 rows=333 width=8) (actual rows=27263 loops=1)
              Group Key: v.view_date, v.viewer_id
              Filter: (1 < count(v.article_id))
              Batches: 5  Memory Usage: 4145kB  Disk Usage: 1656kB
              Rows Removed by Filter: 30784
              Buffers: shared hit=541, temp read=359 written=683
              ->  HashAggregate  (cost=2291.00..2391.00 rows=10000 width=12) (actual rows=99992 loops=1)
                    Group Key: v.article_id, v.viewer_id, v.view_date
                    Batches: 5  Memory Usage: 4145kB  Disk Usage: 1744kB
                    Buffers: shared hit=541, temp read=201 written=362
                    ->  Seq Scan on views v  (cost=0.00..1541.00 rows=100000 width=12) (actual rows=100000 loops=1)
                          Buffers: shared hit=541
Planning Time: 0.075 ms
Execution Time: 110.164 ms",120.271,2594.12,100,"Unique  (cost=2592.45..2594.12 rows=333 width=8) (actual rows=100 loops=1)
  Buffers: shared hit=541, temp read=359 written=683
  ->  Sort  (cost=2592.45..2593.28 rows=333 width=8) (actual rows=27263 loops=1)
        Sort Key: v.viewer_id
        Sort Method: quicksort  Memory: 2046kB
        Buffers: shared hit=541, temp read=359 written=683
        ->  HashAggregate  (cost=2566.00..2578.50 rows=333 width=8) (actual rows=27263 loops=1)
              Group Key: v.view_date, v.viewer_id
              Filter: (1 < count(v.article_id))
              Batches: 5  Memory Usage: 4145kB  Disk Usage: 1656kB
              Rows Removed by Filter: 30784
              Buffers: shared hit=541, temp read=359 written=683
              ->  HashAggregate  (cost=2291.00..2391.00 rows=10000 width=12) (actual rows=99992 loops=1)
                    Group Key: v.article_id, v.viewer_id, v.view_date
                    Batches: 5  Memory Usage: 4145kB  Disk Usage: 1744kB
                    Buffers: shared hit=541, temp read=201 written=362
                    ->  Seq Scan on views v  (cost=0.00..1541.00 rows=100000 width=12) (actual rows=100000 loops=1)
                          Buffers: shared hit=541
Planning Time: 0.093 ms
Execution Time: 120.271 ms",118.069,2594.12,100,"Unique  (cost=2592.45..2594.12 rows=333 width=8) (actual rows=100 loops=1)
  Buffers: shared hit=541, temp read=359 written=683
  ->  Sort  (cost=2592.45..2593.28 rows=333 width=8) (actual rows=27263 loops=1)
        Sort Key: v.viewer_id
        Sort Method: quicksort  Memory: 2046kB
        Buffers: shared hit=541, temp read=359 written=683
        ->  HashAggregate  (cost=2566.00..2578.50 rows=333 width=8) (actual rows=27263 loops=1)
              Group Key: v.view_date, v.viewer_id
              Filter: (1 < count(v.article_id))
              Batches: 5  Memory Usage: 4145kB  Disk Usage: 1656kB
              Rows Removed by Filter: 30784
              Buffers: shared hit=541, temp read=359 written=683
              ->  HashAggregate  (cost=2291.00..2391.00 rows=10000 width=12) (actual rows=99992 loops=1)
                    Group Key: v.article_id, v.viewer_id, v.view_date
                    Batches: 5  Memory Usage: 4145kB  Disk Usage: 1744kB
                    Buffers: shared hit=541, temp read=201 written=362
                    ->  Seq Scan on views v  (cost=0.00..1541.00 rows=100000 width=12) (actual rows=100000 loops=1)
                          Buffers: shared hit=541
Planning Time: 0.109 ms
Execution Time: 118.069 ms",117.15,2594.12,100,"Unique  (cost=2592.45..2594.12 rows=333 width=8) (actual rows=100 loops=1)
  Buffers: shared hit=541, temp read=359 written=683
  ->  Sort  (cost=2592.45..2593.28 rows=333 width=8) (actual rows=27263 loops=1)
        Sort Key: v.viewer_id
        Sort Method: quicksort  Memory: 2046kB
        Buffers: shared hit=541, temp read=359 written=683
        ->  HashAggregate  (cost=2566.00..2578.50 rows=333 width=8) (actual rows=27263 loops=1)
              Group Key: v.view_date, v.viewer_id
              Filter: (1 < count(v.article_id))
              Batches: 5  Memory Usage: 4145kB  Disk Usage: 1656kB
              Rows Removed by Filter: 30784
              Buffers: shared hit=541, temp read=359 written=683
              ->  HashAggregate  (cost=2291.00..2391.00 rows=10000 width=12) (actual rows=99992 loops=1)
                    Group Key: v.article_id, v.viewer_id, v.view_date
                    Batches: 5  Memory Usage: 4145kB  Disk Usage: 1744kB
                    Buffers: shared hit=541, temp read=201 written=362
                    ->  Seq Scan on views v  (cost=0.00..1541.00 rows=100000 width=12) (actual rows=100000 loops=1)
                          Buffers: shared hit=541
Planning Time: 0.144 ms
Execution Time: 117.150 ms",117.686,2594.12,100,"Unique  (cost=2592.45..2594.12 rows=333 width=8) (actual rows=100 loops=1)
  Buffers: shared hit=541, temp read=359 written=683
  ->  Sort  (cost=2592.45..2593.28 rows=333 width=8) (actual rows=27263 loops=1)
        Sort Key: v.viewer_id
        Sort Method: quicksort  Memory: 2046kB
        Buffers: shared hit=541, temp read=359 written=683
        ->  HashAggregate  (cost=2566.00..2578.50 rows=333 width=8) (actual rows=27263 loops=1)
              Group Key: v.view_date, v.viewer_id
              Filter: (1 < count(v.article_id))
              Batches: 5  Memory Usage: 4145kB  Disk Usage: 1656kB
              Rows Removed by Filter: 30784
              Buffers: shared hit=541, temp read=359 written=683
              ->  HashAggregate  (cost=2291.00..2391.00 rows=10000 width=12) (actual rows=99992 loops=1)
                    Group Key: v.article_id, v.viewer_id, v.view_date
                    Batches: 5  Memory Usage: 4145kB  Disk Usage: 1744kB
                    Buffers: shared hit=541, temp read=201 written=362
                    ->  Seq Scan on views v  (cost=0.00..1541.00 rows=100000 width=12) (actual rows=100000 loops=1)
                          Buffers: shared hit=541
Planning Time: 0.083 ms
Execution Time: 117.686 ms",116.668,117.686,119.17,121.1518,2594.12,2594.12,100,100,100,100
739,1303,14,Easy,"select e2.employee_id as employee_id, count(e2.employee_id) as team_size from schema_1303.employee as e2 left join (select e1.team_id as c_team_id0 from schema_1303.employee as e1 group by e1.employee_id,e1.team_id) as t_cte_7 on t_cte_7.c_team_id0 = e2.team_id group by e2.employee_id,e2.team_id",3968.384,770057.29,100000,"HashAggregate  (cost=690932.29..770057.29 rows=100000 width=16) (actual rows=100000 loops=1)
  Group Key: e2.employee_id
  Planned Partitions: 4  Batches: 5  Memory Usage: 4145kB  Disk Usage: 196544kB
  Buffers: shared hit=1161, temp read=24661 written=43058
  ->  Hash Right Join  (cost=3084.29..128432.29 rows=10000000 width=8) (actual rows=10095422 loops=1)
        Hash Cond: (t_cte_7.c_team_id0 = e2.team_id)
        Buffers: shared hit=1161, temp read=320 written=320
        ->  Subquery Scan on t_cte_7  (cost=0.29..4300.29 rows=100000 width=4) (actual rows=100000 loops=1)
              Buffers: shared hit=718
              ->  Group  (cost=0.29..3300.29 rows=100000 width=8) (actual rows=100000 loops=1)
                    Group Key: e1.employee_id
                    Buffers: shared hit=718
                    ->  Index Scan using employee_pkey on employee e1  (cost=0.29..3050.29 rows=100000 width=8) (actual rows=100000 loops=1)
                          Buffers: shared hit=718
        ->  Hash  (cost=1443.00..1443.00 rows=100000 width=8) (actual rows=100000 loops=1)
              Buckets: 131072  Batches: 2  Memory Usage: 2966kB
              Buffers: shared hit=443, temp written=171
              ->  Seq Scan on employee e2  (cost=0.00..1443.00 rows=100000 width=8) (actual rows=100000 loops=1)
                    Buffers: shared hit=443
Planning:
  Buffers: shared hit=6
Planning Time: 0.126 ms
JIT:
  Functions: 18
  Options: Inlining true, Optimization true, Expressions true, Deforming true
Execution Time: 3968.384 ms",4354.345,770057.29,100000,"HashAggregate  (cost=690932.29..770057.29 rows=100000 width=16) (actual rows=100000 loops=1)
  Group Key: e2.employee_id
  Planned Partitions: 4  Batches: 5  Memory Usage: 4145kB  Disk Usage: 196544kB
  Buffers: shared hit=1161, temp read=24661 written=43058
  ->  Hash Right Join  (cost=3084.29..128432.29 rows=10000000 width=8) (actual rows=10095422 loops=1)
        Hash Cond: (t_cte_7.c_team_id0 = e2.team_id)
        Buffers: shared hit=1161, temp read=320 written=320
        ->  Subquery Scan on t_cte_7  (cost=0.29..4300.29 rows=100000 width=4) (actual rows=100000 loops=1)
              Buffers: shared hit=718
              ->  Group  (cost=0.29..3300.29 rows=100000 width=8) (actual rows=100000 loops=1)
                    Group Key: e1.employee_id
                    Buffers: shared hit=718
                    ->  Index Scan using employee_pkey on employee e1  (cost=0.29..3050.29 rows=100000 width=8) (actual rows=100000 loops=1)
                          Buffers: shared hit=718
        ->  Hash  (cost=1443.00..1443.00 rows=100000 width=8) (actual rows=100000 loops=1)
              Buckets: 131072  Batches: 2  Memory Usage: 2966kB
              Buffers: shared hit=443, temp written=171
              ->  Seq Scan on employee e2  (cost=0.00..1443.00 rows=100000 width=8) (actual rows=100000 loops=1)
                    Buffers: shared hit=443
Planning:
  Buffers: shared hit=6
Planning Time: 0.175 ms
JIT:
  Functions: 18
  Options: Inlining true, Optimization true, Expressions true, Deforming true
Execution Time: 4354.345 ms",3988.854,770057.29,100000,"HashAggregate  (cost=690932.29..770057.29 rows=100000 width=16) (actual rows=100000 loops=1)
  Group Key: e2.employee_id
  Planned Partitions: 4  Batches: 5  Memory Usage: 4145kB  Disk Usage: 196544kB
  Buffers: shared hit=1161, temp read=24661 written=43058
  ->  Hash Right Join  (cost=3084.29..128432.29 rows=10000000 width=8) (actual rows=10095422 loops=1)
        Hash Cond: (t_cte_7.c_team_id0 = e2.team_id)
        Buffers: shared hit=1161, temp read=320 written=320
        ->  Subquery Scan on t_cte_7  (cost=0.29..4300.29 rows=100000 width=4) (actual rows=100000 loops=1)
              Buffers: shared hit=718
              ->  Group  (cost=0.29..3300.29 rows=100000 width=8) (actual rows=100000 loops=1)
                    Group Key: e1.employee_id
                    Buffers: shared hit=718
                    ->  Index Scan using employee_pkey on employee e1  (cost=0.29..3050.29 rows=100000 width=8) (actual rows=100000 loops=1)
                          Buffers: shared hit=718
        ->  Hash  (cost=1443.00..1443.00 rows=100000 width=8) (actual rows=100000 loops=1)
              Buckets: 131072  Batches: 2  Memory Usage: 2966kB
              Buffers: shared hit=443, temp written=171
              ->  Seq Scan on employee e2  (cost=0.00..1443.00 rows=100000 width=8) (actual rows=100000 loops=1)
                    Buffers: shared hit=443
Planning:
  Buffers: shared hit=6
Planning Time: 0.186 ms
JIT:
  Functions: 18
  Options: Inlining true, Optimization true, Expressions true, Deforming true
Execution Time: 3988.854 ms",4004.831,770057.29,100000,"HashAggregate  (cost=690932.29..770057.29 rows=100000 width=16) (actual rows=100000 loops=1)
  Group Key: e2.employee_id
  Planned Partitions: 4  Batches: 5  Memory Usage: 4145kB  Disk Usage: 196544kB
  Buffers: shared hit=1161, temp read=24661 written=43058
  ->  Hash Right Join  (cost=3084.29..128432.29 rows=10000000 width=8) (actual rows=10095422 loops=1)
        Hash Cond: (t_cte_7.c_team_id0 = e2.team_id)
        Buffers: shared hit=1161, temp read=320 written=320
        ->  Subquery Scan on t_cte_7  (cost=0.29..4300.29 rows=100000 width=4) (actual rows=100000 loops=1)
              Buffers: shared hit=718
              ->  Group  (cost=0.29..3300.29 rows=100000 width=8) (actual rows=100000 loops=1)
                    Group Key: e1.employee_id
                    Buffers: shared hit=718
                    ->  Index Scan using employee_pkey on employee e1  (cost=0.29..3050.29 rows=100000 width=8) (actual rows=100000 loops=1)
                          Buffers: shared hit=718
        ->  Hash  (cost=1443.00..1443.00 rows=100000 width=8) (actual rows=100000 loops=1)
              Buckets: 131072  Batches: 2  Memory Usage: 2966kB
              Buffers: shared hit=443, temp written=171
              ->  Seq Scan on employee e2  (cost=0.00..1443.00 rows=100000 width=8) (actual rows=100000 loops=1)
                    Buffers: shared hit=443
Planning:
  Buffers: shared hit=6
Planning Time: 0.126 ms
JIT:
  Functions: 18
  Options: Inlining true, Optimization true, Expressions true, Deforming true
Execution Time: 4004.831 ms",3986.567,770057.29,100000,"HashAggregate  (cost=690932.29..770057.29 rows=100000 width=16) (actual rows=100000 loops=1)
  Group Key: e2.employee_id
  Planned Partitions: 4  Batches: 5  Memory Usage: 4145kB  Disk Usage: 196544kB
  Buffers: shared hit=1161, temp read=24661 written=43058
  ->  Hash Right Join  (cost=3084.29..128432.29 rows=10000000 width=8) (actual rows=10095422 loops=1)
        Hash Cond: (t_cte_7.c_team_id0 = e2.team_id)
        Buffers: shared hit=1161, temp read=320 written=320
        ->  Subquery Scan on t_cte_7  (cost=0.29..4300.29 rows=100000 width=4) (actual rows=100000 loops=1)
              Buffers: shared hit=718
              ->  Group  (cost=0.29..3300.29 rows=100000 width=8) (actual rows=100000 loops=1)
                    Group Key: e1.employee_id
                    Buffers: shared hit=718
                    ->  Index Scan using employee_pkey on employee e1  (cost=0.29..3050.29 rows=100000 width=8) (actual rows=100000 loops=1)
                          Buffers: shared hit=718
        ->  Hash  (cost=1443.00..1443.00 rows=100000 width=8) (actual rows=100000 loops=1)
              Buckets: 131072  Batches: 2  Memory Usage: 2966kB
              Buffers: shared hit=443, temp written=171
              ->  Seq Scan on employee e2  (cost=0.00..1443.00 rows=100000 width=8) (actual rows=100000 loops=1)
                    Buffers: shared hit=443
Planning:
  Buffers: shared hit=6
Planning Time: 0.200 ms
JIT:
  Functions: 18
  Options: Inlining true, Optimization true, Expressions true, Deforming true
Execution Time: 3986.567 ms",4060.5962,3988.854,4179.588,4494.1506,770057.29,770057.29,100000,100000,100000,100000
740,1303,15,Easy,"select distinct e1.employee_id as employee_id, t_cte_11.c_count0 as team_size from (select count(t_employee_0.employee_id) as c_count0, t_employee_0.team_id as c_team_id0 from schema_1303.employee as t_employee_0 group by t_employee_0.team_id) as t_cte_11 inner join schema_1303.employee as e1 on e1.team_id = t_cte_11.c_team_id0",86.848,12064.92,100000,"HashAggregate  (cost=10088.36..12064.92 rows=100000 width=12) (actual rows=100000 loops=1)
  Group Key: e1.employee_id, (count(t_employee_0.employee_id))
  Planned Partitions: 4  Batches: 5  Memory Usage: 4145kB  Disk Usage: 1800kB
  Buffers: shared hit=886, temp read=225 written=387
  ->  Hash Join  (cost=1975.50..3682.11 rows=100000 width=12) (actual rows=100000 loops=1)
        Hash Cond: (e1.team_id = t_employee_0.team_id)
        Buffers: shared hit=886
        ->  Seq Scan on employee e1  (cost=0.00..1443.00 rows=100000 width=8) (actual rows=100000 loops=1)
              Buffers: shared hit=443
        ->  Hash  (cost=1963.00..1963.00 rows=1000 width=12) (actual rows=1000 loops=1)
              Buckets: 1024  Batches: 1  Memory Usage: 51kB
              Buffers: shared hit=443
              ->  HashAggregate  (cost=1943.00..1953.00 rows=1000 width=12) (actual rows=1000 loops=1)
                    Group Key: t_employee_0.team_id
                    Batches: 1  Memory Usage: 193kB
                    Buffers: shared hit=443
                    ->  Seq Scan on employee t_employee_0  (cost=0.00..1443.00 rows=100000 width=8) (actual rows=100000 loops=1)
                          Buffers: shared hit=443
Planning Time: 0.109 ms
Execution Time: 86.848 ms",95.897,12064.92,100000,"HashAggregate  (cost=10088.36..12064.92 rows=100000 width=12) (actual rows=100000 loops=1)
  Group Key: e1.employee_id, (count(t_employee_0.employee_id))
  Planned Partitions: 4  Batches: 5  Memory Usage: 4145kB  Disk Usage: 1800kB
  Buffers: shared hit=886, temp read=225 written=387
  ->  Hash Join  (cost=1975.50..3682.11 rows=100000 width=12) (actual rows=100000 loops=1)
        Hash Cond: (e1.team_id = t_employee_0.team_id)
        Buffers: shared hit=886
        ->  Seq Scan on employee e1  (cost=0.00..1443.00 rows=100000 width=8) (actual rows=100000 loops=1)
              Buffers: shared hit=443
        ->  Hash  (cost=1963.00..1963.00 rows=1000 width=12) (actual rows=1000 loops=1)
              Buckets: 1024  Batches: 1  Memory Usage: 51kB
              Buffers: shared hit=443
              ->  HashAggregate  (cost=1943.00..1953.00 rows=1000 width=12) (actual rows=1000 loops=1)
                    Group Key: t_employee_0.team_id
                    Batches: 1  Memory Usage: 193kB
                    Buffers: shared hit=443
                    ->  Seq Scan on employee t_employee_0  (cost=0.00..1443.00 rows=100000 width=8) (actual rows=100000 loops=1)
                          Buffers: shared hit=443
Planning Time: 0.128 ms
Execution Time: 95.897 ms",93.36,12064.92,100000,"HashAggregate  (cost=10088.36..12064.92 rows=100000 width=12) (actual rows=100000 loops=1)
  Group Key: e1.employee_id, (count(t_employee_0.employee_id))
  Planned Partitions: 4  Batches: 5  Memory Usage: 4145kB  Disk Usage: 1800kB
  Buffers: shared hit=886, temp read=225 written=387
  ->  Hash Join  (cost=1975.50..3682.11 rows=100000 width=12) (actual rows=100000 loops=1)
        Hash Cond: (e1.team_id = t_employee_0.team_id)
        Buffers: shared hit=886
        ->  Seq Scan on employee e1  (cost=0.00..1443.00 rows=100000 width=8) (actual rows=100000 loops=1)
              Buffers: shared hit=443
        ->  Hash  (cost=1963.00..1963.00 rows=1000 width=12) (actual rows=1000 loops=1)
              Buckets: 1024  Batches: 1  Memory Usage: 51kB
              Buffers: shared hit=443
              ->  HashAggregate  (cost=1943.00..1953.00 rows=1000 width=12) (actual rows=1000 loops=1)
                    Group Key: t_employee_0.team_id
                    Batches: 1  Memory Usage: 193kB
                    Buffers: shared hit=443
                    ->  Seq Scan on employee t_employee_0  (cost=0.00..1443.00 rows=100000 width=8) (actual rows=100000 loops=1)
                          Buffers: shared hit=443
Planning Time: 0.144 ms
Execution Time: 93.360 ms",95.512,12064.92,100000,"HashAggregate  (cost=10088.36..12064.92 rows=100000 width=12) (actual rows=100000 loops=1)
  Group Key: e1.employee_id, (count(t_employee_0.employee_id))
  Planned Partitions: 4  Batches: 5  Memory Usage: 4145kB  Disk Usage: 1800kB
  Buffers: shared hit=886, temp read=225 written=387
  ->  Hash Join  (cost=1975.50..3682.11 rows=100000 width=12) (actual rows=100000 loops=1)
        Hash Cond: (e1.team_id = t_employee_0.team_id)
        Buffers: shared hit=886
        ->  Seq Scan on employee e1  (cost=0.00..1443.00 rows=100000 width=8) (actual rows=100000 loops=1)
              Buffers: shared hit=443
        ->  Hash  (cost=1963.00..1963.00 rows=1000 width=12) (actual rows=1000 loops=1)
              Buckets: 1024  Batches: 1  Memory Usage: 51kB
              Buffers: shared hit=443
              ->  HashAggregate  (cost=1943.00..1953.00 rows=1000 width=12) (actual rows=1000 loops=1)
                    Group Key: t_employee_0.team_id
                    Batches: 1  Memory Usage: 193kB
                    Buffers: shared hit=443
                    ->  Seq Scan on employee t_employee_0  (cost=0.00..1443.00 rows=100000 width=8) (actual rows=100000 loops=1)
                          Buffers: shared hit=443
Planning Time: 0.144 ms
Execution Time: 95.512 ms",96.706,12064.92,100000,"HashAggregate  (cost=10088.36..12064.92 rows=100000 width=12) (actual rows=100000 loops=1)
  Group Key: e1.employee_id, (count(t_employee_0.employee_id))
  Planned Partitions: 4  Batches: 5  Memory Usage: 4145kB  Disk Usage: 1800kB
  Buffers: shared hit=886, temp read=225 written=387
  ->  Hash Join  (cost=1975.50..3682.11 rows=100000 width=12) (actual rows=100000 loops=1)
        Hash Cond: (e1.team_id = t_employee_0.team_id)
        Buffers: shared hit=886
        ->  Seq Scan on employee e1  (cost=0.00..1443.00 rows=100000 width=8) (actual rows=100000 loops=1)
              Buffers: shared hit=443
        ->  Hash  (cost=1963.00..1963.00 rows=1000 width=12) (actual rows=1000 loops=1)
              Buckets: 1024  Batches: 1  Memory Usage: 51kB
              Buffers: shared hit=443
              ->  HashAggregate  (cost=1943.00..1953.00 rows=1000 width=12) (actual rows=1000 loops=1)
                    Group Key: t_employee_0.team_id
                    Batches: 1  Memory Usage: 193kB
                    Buffers: shared hit=443
                    ->  Seq Scan on employee t_employee_0  (cost=0.00..1443.00 rows=100000 width=8) (actual rows=100000 loops=1)
                          Buffers: shared hit=443
Planning Time: 0.156 ms
Execution Time: 96.706 ms",93.6646,95.512,96.3015,97.0296,12064.92,12064.92,100000,100000,100000,100000
742,1303,23,Easy,"select t_employee_0.employee_id as employee_id, count(t_employee_0.employee_id) over ( partition by t_employee_0.team_id ) as team_size from schema_1303.employee as t_employee_0",74.569,11497.82,100000,"WindowAgg  (cost=9747.82..11497.82 rows=100000 width=16) (actual rows=100000 loops=1)
  Buffers: shared hit=443, temp read=221 written=222
  ->  Sort  (cost=9747.82..9997.82 rows=100000 width=8) (actual rows=100000 loops=1)
        Sort Key: team_id
        Sort Method: external merge  Disk: 1768kB
        Buffers: shared hit=443, temp read=221 written=222
        ->  Seq Scan on employee t_employee_0  (cost=0.00..1443.00 rows=100000 width=8) (actual rows=100000 loops=1)
              Buffers: shared hit=443
Planning Time: 0.039 ms
Execution Time: 74.569 ms",80.723,11497.82,100000,"WindowAgg  (cost=9747.82..11497.82 rows=100000 width=16) (actual rows=100000 loops=1)
  Buffers: shared hit=443, temp read=221 written=222
  ->  Sort  (cost=9747.82..9997.82 rows=100000 width=8) (actual rows=100000 loops=1)
        Sort Key: team_id
        Sort Method: external merge  Disk: 1768kB
        Buffers: shared hit=443, temp read=221 written=222
        ->  Seq Scan on employee t_employee_0  (cost=0.00..1443.00 rows=100000 width=8) (actual rows=100000 loops=1)
              Buffers: shared hit=443
Planning Time: 0.105 ms
Execution Time: 80.723 ms",83.006,11497.82,100000,"WindowAgg  (cost=9747.82..11497.82 rows=100000 width=16) (actual rows=100000 loops=1)
  Buffers: shared hit=443, temp read=221 written=222
  ->  Sort  (cost=9747.82..9997.82 rows=100000 width=8) (actual rows=100000 loops=1)
        Sort Key: team_id
        Sort Method: external merge  Disk: 1768kB
        Buffers: shared hit=443, temp read=221 written=222
        ->  Seq Scan on employee t_employee_0  (cost=0.00..1443.00 rows=100000 width=8) (actual rows=100000 loops=1)
              Buffers: shared hit=443
Planning Time: 0.053 ms
Execution Time: 83.006 ms",80.159,11497.82,100000,"WindowAgg  (cost=9747.82..11497.82 rows=100000 width=16) (actual rows=100000 loops=1)
  Buffers: shared hit=443, temp read=221 written=222
  ->  Sort  (cost=9747.82..9997.82 rows=100000 width=8) (actual rows=100000 loops=1)
        Sort Key: team_id
        Sort Method: external merge  Disk: 1768kB
        Buffers: shared hit=443, temp read=221 written=222
        ->  Seq Scan on employee t_employee_0  (cost=0.00..1443.00 rows=100000 width=8) (actual rows=100000 loops=1)
              Buffers: shared hit=443
Planning Time: 0.102 ms
Execution Time: 80.159 ms",81.225,11497.82,100000,"WindowAgg  (cost=9747.82..11497.82 rows=100000 width=16) (actual rows=100000 loops=1)
  Buffers: shared hit=443, temp read=221 written=222
  ->  Sort  (cost=9747.82..9997.82 rows=100000 width=8) (actual rows=100000 loops=1)
        Sort Key: team_id
        Sort Method: external merge  Disk: 1768kB
        Buffers: shared hit=443, temp read=221 written=222
        ->  Seq Scan on employee t_employee_0  (cost=0.00..1443.00 rows=100000 width=8) (actual rows=100000 loops=1)
              Buffers: shared hit=443
Planning Time: 0.059 ms
Execution Time: 81.225 ms",79.9364,80.723,82.1155,83.7184,11497.82,11497.82,100000,100000,100000,100000
744,1303,32,Easy,"select t_employee_0.employee_id as employee_id, count(t_employee_0.team_id) over ( partition by t_employee_0.team_id ) as team_size from schema_1303.employee as t_employee_0",73.666,11497.82,100000,"WindowAgg  (cost=9747.82..11497.82 rows=100000 width=16) (actual rows=100000 loops=1)
  Buffers: shared hit=443, temp read=221 written=222
  ->  Sort  (cost=9747.82..9997.82 rows=100000 width=8) (actual rows=100000 loops=1)
        Sort Key: team_id
        Sort Method: external merge  Disk: 1768kB
        Buffers: shared hit=443, temp read=221 written=222
        ->  Seq Scan on employee t_employee_0  (cost=0.00..1443.00 rows=100000 width=8) (actual rows=100000 loops=1)
              Buffers: shared hit=443
Planning Time: 0.038 ms
Execution Time: 73.666 ms",83.157,11497.82,100000,"WindowAgg  (cost=9747.82..11497.82 rows=100000 width=16) (actual rows=100000 loops=1)
  Buffers: shared hit=443, temp read=221 written=222
  ->  Sort  (cost=9747.82..9997.82 rows=100000 width=8) (actual rows=100000 loops=1)
        Sort Key: team_id
        Sort Method: external merge  Disk: 1768kB
        Buffers: shared hit=443, temp read=221 written=222
        ->  Seq Scan on employee t_employee_0  (cost=0.00..1443.00 rows=100000 width=8) (actual rows=100000 loops=1)
              Buffers: shared hit=443
Planning Time: 0.054 ms
Execution Time: 83.157 ms",81.176,11497.82,100000,"WindowAgg  (cost=9747.82..11497.82 rows=100000 width=16) (actual rows=100000 loops=1)
  Buffers: shared hit=443, temp read=221 written=222
  ->  Sort  (cost=9747.82..9997.82 rows=100000 width=8) (actual rows=100000 loops=1)
        Sort Key: team_id
        Sort Method: external merge  Disk: 1768kB
        Buffers: shared hit=443, temp read=221 written=222
        ->  Seq Scan on employee t_employee_0  (cost=0.00..1443.00 rows=100000 width=8) (actual rows=100000 loops=1)
              Buffers: shared hit=443
Planning Time: 0.051 ms
Execution Time: 81.176 ms",80.573,11497.82,100000,"WindowAgg  (cost=9747.82..11497.82 rows=100000 width=16) (actual rows=100000 loops=1)
  Buffers: shared hit=443, temp read=221 written=222
  ->  Sort  (cost=9747.82..9997.82 rows=100000 width=8) (actual rows=100000 loops=1)
        Sort Key: team_id
        Sort Method: external merge  Disk: 1768kB
        Buffers: shared hit=443, temp read=221 written=222
        ->  Seq Scan on employee t_employee_0  (cost=0.00..1443.00 rows=100000 width=8) (actual rows=100000 loops=1)
              Buffers: shared hit=443
Planning Time: 0.052 ms
Execution Time: 80.573 ms",82.42,11497.82,100000,"WindowAgg  (cost=9747.82..11497.82 rows=100000 width=16) (actual rows=100000 loops=1)
  Buffers: shared hit=443, temp read=221 written=222
  ->  Sort  (cost=9747.82..9997.82 rows=100000 width=8) (actual rows=100000 loops=1)
        Sort Key: team_id
        Sort Method: external merge  Disk: 1768kB
        Buffers: shared hit=443, temp read=221 written=222
        ->  Seq Scan on employee t_employee_0  (cost=0.00..1443.00 rows=100000 width=8) (actual rows=100000 loops=1)
              Buffers: shared hit=443
Planning Time: 0.056 ms
Execution Time: 82.420 ms",80.1984,81.176,82.7885,83.4518,11497.82,11497.82,100000,100000,100000,100000
745,1303,35,Easy,"select t_employee_0.employee_id as employee_id, count(t_employee_0.team_id) over ( partition by t_employee_0.team_id ) as team_size from schema_1303.employee as t_employee_0",74.55,11497.82,100000,"WindowAgg  (cost=9747.82..11497.82 rows=100000 width=16) (actual rows=100000 loops=1)
  Buffers: shared hit=443, temp read=221 written=222
  ->  Sort  (cost=9747.82..9997.82 rows=100000 width=8) (actual rows=100000 loops=1)
        Sort Key: team_id
        Sort Method: external merge  Disk: 1768kB
        Buffers: shared hit=443, temp read=221 written=222
        ->  Seq Scan on employee t_employee_0  (cost=0.00..1443.00 rows=100000 width=8) (actual rows=100000 loops=1)
              Buffers: shared hit=443
Planning Time: 0.038 ms
Execution Time: 74.550 ms",90.747,11497.82,100000,"WindowAgg  (cost=9747.82..11497.82 rows=100000 width=16) (actual rows=100000 loops=1)
  Buffers: shared hit=443, temp read=221 written=222
  ->  Sort  (cost=9747.82..9997.82 rows=100000 width=8) (actual rows=100000 loops=1)
        Sort Key: team_id
        Sort Method: external merge  Disk: 1768kB
        Buffers: shared hit=443, temp read=221 written=222
        ->  Seq Scan on employee t_employee_0  (cost=0.00..1443.00 rows=100000 width=8) (actual rows=100000 loops=1)
              Buffers: shared hit=443
Planning Time: 0.059 ms
Execution Time: 90.747 ms",82.102,11497.82,100000,"WindowAgg  (cost=9747.82..11497.82 rows=100000 width=16) (actual rows=100000 loops=1)
  Buffers: shared hit=443, temp read=221 written=222
  ->  Sort  (cost=9747.82..9997.82 rows=100000 width=8) (actual rows=100000 loops=1)
        Sort Key: team_id
        Sort Method: external merge  Disk: 1768kB
        Buffers: shared hit=443, temp read=221 written=222
        ->  Seq Scan on employee t_employee_0  (cost=0.00..1443.00 rows=100000 width=8) (actual rows=100000 loops=1)
              Buffers: shared hit=443
Planning Time: 0.051 ms
Execution Time: 82.102 ms",80.904,11497.82,100000,"WindowAgg  (cost=9747.82..11497.82 rows=100000 width=16) (actual rows=100000 loops=1)
  Buffers: shared hit=443, temp read=221 written=222
  ->  Sort  (cost=9747.82..9997.82 rows=100000 width=8) (actual rows=100000 loops=1)
        Sort Key: team_id
        Sort Method: external merge  Disk: 1768kB
        Buffers: shared hit=443, temp read=221 written=222
        ->  Seq Scan on employee t_employee_0  (cost=0.00..1443.00 rows=100000 width=8) (actual rows=100000 loops=1)
              Buffers: shared hit=443
Planning Time: 0.076 ms
Execution Time: 80.904 ms",81.195,11497.82,100000,"WindowAgg  (cost=9747.82..11497.82 rows=100000 width=16) (actual rows=100000 loops=1)
  Buffers: shared hit=443, temp read=221 written=222
  ->  Sort  (cost=9747.82..9997.82 rows=100000 width=8) (actual rows=100000 loops=1)
        Sort Key: team_id
        Sort Method: external merge  Disk: 1768kB
        Buffers: shared hit=443, temp read=221 written=222
        ->  Seq Scan on employee t_employee_0  (cost=0.00..1443.00 rows=100000 width=8) (actual rows=100000 loops=1)
              Buffers: shared hit=443
Planning Time: 0.066 ms
Execution Time: 81.195 ms",81.8996,81.195,86.4245,94.205,11497.82,11497.82,100000,100000,100000,100000
746,1303,37,Easy,"select distinct e.employee_id as employee_id, t_cte_1.c_count0 as team_size from schema_1303.employee as e left join (select t_employee_0.team_id as c_team_id0, count(t_employee_0.employee_id) as c_count0 from schema_1303.employee as t_employee_0 group by t_employee_0.team_id) as t_cte_1 on e.team_id = t_cte_1.c_team_id0",87.162,12064.92,100000,"HashAggregate  (cost=10088.36..12064.92 rows=100000 width=12) (actual rows=100000 loops=1)
  Group Key: e.employee_id, t_cte_1.c_count0
  Planned Partitions: 4  Batches: 5  Memory Usage: 4145kB  Disk Usage: 1800kB
  Buffers: shared hit=886, temp read=225 written=387
  ->  Hash Left Join  (cost=1975.50..3682.11 rows=100000 width=12) (actual rows=100000 loops=1)
        Hash Cond: (e.team_id = t_cte_1.c_team_id0)
        Buffers: shared hit=886
        ->  Seq Scan on employee e  (cost=0.00..1443.00 rows=100000 width=8) (actual rows=100000 loops=1)
              Buffers: shared hit=443
        ->  Hash  (cost=1963.00..1963.00 rows=1000 width=12) (actual rows=1000 loops=1)
              Buckets: 1024  Batches: 1  Memory Usage: 51kB
              Buffers: shared hit=443
              ->  Subquery Scan on t_cte_1  (cost=1943.00..1963.00 rows=1000 width=12) (actual rows=1000 loops=1)
                    Buffers: shared hit=443
                    ->  HashAggregate  (cost=1943.00..1953.00 rows=1000 width=12) (actual rows=1000 loops=1)
                          Group Key: t_employee_0.team_id
                          Batches: 1  Memory Usage: 193kB
                          Buffers: shared hit=443
                          ->  Seq Scan on employee t_employee_0  (cost=0.00..1443.00 rows=100000 width=8) (actual rows=100000 loops=1)
                                Buffers: shared hit=443
Planning Time: 0.101 ms
Execution Time: 87.162 ms",93.921,12064.92,100000,"HashAggregate  (cost=10088.36..12064.92 rows=100000 width=12) (actual rows=100000 loops=1)
  Group Key: e.employee_id, t_cte_1.c_count0
  Planned Partitions: 4  Batches: 5  Memory Usage: 4145kB  Disk Usage: 1800kB
  Buffers: shared hit=886, temp read=225 written=387
  ->  Hash Left Join  (cost=1975.50..3682.11 rows=100000 width=12) (actual rows=100000 loops=1)
        Hash Cond: (e.team_id = t_cte_1.c_team_id0)
        Buffers: shared hit=886
        ->  Seq Scan on employee e  (cost=0.00..1443.00 rows=100000 width=8) (actual rows=100000 loops=1)
              Buffers: shared hit=443
        ->  Hash  (cost=1963.00..1963.00 rows=1000 width=12) (actual rows=1000 loops=1)
              Buckets: 1024  Batches: 1  Memory Usage: 51kB
              Buffers: shared hit=443
              ->  Subquery Scan on t_cte_1  (cost=1943.00..1963.00 rows=1000 width=12) (actual rows=1000 loops=1)
                    Buffers: shared hit=443
                    ->  HashAggregate  (cost=1943.00..1953.00 rows=1000 width=12) (actual rows=1000 loops=1)
                          Group Key: t_employee_0.team_id
                          Batches: 1  Memory Usage: 193kB
                          Buffers: shared hit=443
                          ->  Seq Scan on employee t_employee_0  (cost=0.00..1443.00 rows=100000 width=8) (actual rows=100000 loops=1)
                                Buffers: shared hit=443
Planning Time: 0.114 ms
Execution Time: 93.921 ms",95.948,12064.92,100000,"HashAggregate  (cost=10088.36..12064.92 rows=100000 width=12) (actual rows=100000 loops=1)
  Group Key: e.employee_id, t_cte_1.c_count0
  Planned Partitions: 4  Batches: 5  Memory Usage: 4145kB  Disk Usage: 1800kB
  Buffers: shared hit=886, temp read=225 written=387
  ->  Hash Left Join  (cost=1975.50..3682.11 rows=100000 width=12) (actual rows=100000 loops=1)
        Hash Cond: (e.team_id = t_cte_1.c_team_id0)
        Buffers: shared hit=886
        ->  Seq Scan on employee e  (cost=0.00..1443.00 rows=100000 width=8) (actual rows=100000 loops=1)
              Buffers: shared hit=443
        ->  Hash  (cost=1963.00..1963.00 rows=1000 width=12) (actual rows=1000 loops=1)
              Buckets: 1024  Batches: 1  Memory Usage: 51kB
              Buffers: shared hit=443
              ->  Subquery Scan on t_cte_1  (cost=1943.00..1963.00 rows=1000 width=12) (actual rows=1000 loops=1)
                    Buffers: shared hit=443
                    ->  HashAggregate  (cost=1943.00..1953.00 rows=1000 width=12) (actual rows=1000 loops=1)
                          Group Key: t_employee_0.team_id
                          Batches: 1  Memory Usage: 193kB
                          Buffers: shared hit=443
                          ->  Seq Scan on employee t_employee_0  (cost=0.00..1443.00 rows=100000 width=8) (actual rows=100000 loops=1)
                                Buffers: shared hit=443
Planning Time: 0.157 ms
Execution Time: 95.948 ms",96.71,12064.92,100000,"HashAggregate  (cost=10088.36..12064.92 rows=100000 width=12) (actual rows=100000 loops=1)
  Group Key: e.employee_id, t_cte_1.c_count0
  Planned Partitions: 4  Batches: 5  Memory Usage: 4145kB  Disk Usage: 1800kB
  Buffers: shared hit=886, temp read=225 written=387
  ->  Hash Left Join  (cost=1975.50..3682.11 rows=100000 width=12) (actual rows=100000 loops=1)
        Hash Cond: (e.team_id = t_cte_1.c_team_id0)
        Buffers: shared hit=886
        ->  Seq Scan on employee e  (cost=0.00..1443.00 rows=100000 width=8) (actual rows=100000 loops=1)
              Buffers: shared hit=443
        ->  Hash  (cost=1963.00..1963.00 rows=1000 width=12) (actual rows=1000 loops=1)
              Buckets: 1024  Batches: 1  Memory Usage: 51kB
              Buffers: shared hit=443
              ->  Subquery Scan on t_cte_1  (cost=1943.00..1963.00 rows=1000 width=12) (actual rows=1000 loops=1)
                    Buffers: shared hit=443
                    ->  HashAggregate  (cost=1943.00..1953.00 rows=1000 width=12) (actual rows=1000 loops=1)
                          Group Key: t_employee_0.team_id
                          Batches: 1  Memory Usage: 193kB
                          Buffers: shared hit=443
                          ->  Seq Scan on employee t_employee_0  (cost=0.00..1443.00 rows=100000 width=8) (actual rows=100000 loops=1)
                                Buffers: shared hit=443
Planning Time: 0.135 ms
Execution Time: 96.710 ms",91.766,12064.92,100000,"HashAggregate  (cost=10088.36..12064.92 rows=100000 width=12) (actual rows=100000 loops=1)
  Group Key: e.employee_id, t_cte_1.c_count0
  Planned Partitions: 4  Batches: 5  Memory Usage: 4145kB  Disk Usage: 1800kB
  Buffers: shared hit=886, temp read=225 written=387
  ->  Hash Left Join  (cost=1975.50..3682.11 rows=100000 width=12) (actual rows=100000 loops=1)
        Hash Cond: (e.team_id = t_cte_1.c_team_id0)
        Buffers: shared hit=886
        ->  Seq Scan on employee e  (cost=0.00..1443.00 rows=100000 width=8) (actual rows=100000 loops=1)
              Buffers: shared hit=443
        ->  Hash  (cost=1963.00..1963.00 rows=1000 width=12) (actual rows=1000 loops=1)
              Buckets: 1024  Batches: 1  Memory Usage: 51kB
              Buffers: shared hit=443
              ->  Subquery Scan on t_cte_1  (cost=1943.00..1963.00 rows=1000 width=12) (actual rows=1000 loops=1)
                    Buffers: shared hit=443
                    ->  HashAggregate  (cost=1943.00..1953.00 rows=1000 width=12) (actual rows=1000 loops=1)
                          Group Key: t_employee_0.team_id
                          Batches: 1  Memory Usage: 193kB
                          Buffers: shared hit=443
                          ->  Seq Scan on employee t_employee_0  (cost=0.00..1443.00 rows=100000 width=8) (actual rows=100000 loops=1)
                                Buffers: shared hit=443
Planning Time: 0.284 ms
Execution Time: 91.766 ms",93.1014,93.921,96.329,97.0148,12064.92,12064.92,100000,100000,100000,100000
749,1303,41,Easy,"select distinct t_employee_0.employee_id as employee_id, t_cte_5.c_count0 as team_size from schema_1303.employee as t_employee_0 left join (select count(t_employee_1.employee_id) as c_count0, t_employee_1.team_id as c_team_id0 from schema_1303.employee as t_employee_1 group by t_employee_1.team_id) as t_cte_5 on t_employee_0.team_id = t_cte_5.c_team_id0",87.3,12064.92,100000,"HashAggregate  (cost=10088.36..12064.92 rows=100000 width=12) (actual rows=100000 loops=1)
  Group Key: t_employee_0.employee_id, (count(t_employee_1.employee_id))
  Planned Partitions: 4  Batches: 5  Memory Usage: 4145kB  Disk Usage: 1800kB
  Buffers: shared hit=886, temp read=225 written=387
  ->  Hash Left Join  (cost=1975.50..3682.11 rows=100000 width=12) (actual rows=100000 loops=1)
        Hash Cond: (t_employee_0.team_id = t_employee_1.team_id)
        Buffers: shared hit=886
        ->  Seq Scan on employee t_employee_0  (cost=0.00..1443.00 rows=100000 width=8) (actual rows=100000 loops=1)
              Buffers: shared hit=443
        ->  Hash  (cost=1963.00..1963.00 rows=1000 width=12) (actual rows=1000 loops=1)
              Buckets: 1024  Batches: 1  Memory Usage: 51kB
              Buffers: shared hit=443
              ->  HashAggregate  (cost=1943.00..1953.00 rows=1000 width=12) (actual rows=1000 loops=1)
                    Group Key: t_employee_1.team_id
                    Batches: 1  Memory Usage: 193kB
                    Buffers: shared hit=443
                    ->  Seq Scan on employee t_employee_1  (cost=0.00..1443.00 rows=100000 width=8) (actual rows=100000 loops=1)
                          Buffers: shared hit=443
Planning Time: 0.101 ms
Execution Time: 87.300 ms",97.872,12064.92,100000,"HashAggregate  (cost=10088.36..12064.92 rows=100000 width=12) (actual rows=100000 loops=1)
  Group Key: t_employee_0.employee_id, (count(t_employee_1.employee_id))
  Planned Partitions: 4  Batches: 5  Memory Usage: 4145kB  Disk Usage: 1800kB
  Buffers: shared hit=886, temp read=225 written=387
  ->  Hash Left Join  (cost=1975.50..3682.11 rows=100000 width=12) (actual rows=100000 loops=1)
        Hash Cond: (t_employee_0.team_id = t_employee_1.team_id)
        Buffers: shared hit=886
        ->  Seq Scan on employee t_employee_0  (cost=0.00..1443.00 rows=100000 width=8) (actual rows=100000 loops=1)
              Buffers: shared hit=443
        ->  Hash  (cost=1963.00..1963.00 rows=1000 width=12) (actual rows=1000 loops=1)
              Buckets: 1024  Batches: 1  Memory Usage: 51kB
              Buffers: shared hit=443
              ->  HashAggregate  (cost=1943.00..1953.00 rows=1000 width=12) (actual rows=1000 loops=1)
                    Group Key: t_employee_1.team_id
                    Batches: 1  Memory Usage: 193kB
                    Buffers: shared hit=443
                    ->  Seq Scan on employee t_employee_1  (cost=0.00..1443.00 rows=100000 width=8) (actual rows=100000 loops=1)
                          Buffers: shared hit=443
Planning Time: 0.183 ms
Execution Time: 97.872 ms",96.984,12064.92,100000,"HashAggregate  (cost=10088.36..12064.92 rows=100000 width=12) (actual rows=100000 loops=1)
  Group Key: t_employee_0.employee_id, (count(t_employee_1.employee_id))
  Planned Partitions: 4  Batches: 5  Memory Usage: 4145kB  Disk Usage: 1800kB
  Buffers: shared hit=886, temp read=225 written=387
  ->  Hash Left Join  (cost=1975.50..3682.11 rows=100000 width=12) (actual rows=100000 loops=1)
        Hash Cond: (t_employee_0.team_id = t_employee_1.team_id)
        Buffers: shared hit=886
        ->  Seq Scan on employee t_employee_0  (cost=0.00..1443.00 rows=100000 width=8) (actual rows=100000 loops=1)
              Buffers: shared hit=443
        ->  Hash  (cost=1963.00..1963.00 rows=1000 width=12) (actual rows=1000 loops=1)
              Buckets: 1024  Batches: 1  Memory Usage: 51kB
              Buffers: shared hit=443
              ->  HashAggregate  (cost=1943.00..1953.00 rows=1000 width=12) (actual rows=1000 loops=1)
                    Group Key: t_employee_1.team_id
                    Batches: 1  Memory Usage: 193kB
                    Buffers: shared hit=443
                    ->  Seq Scan on employee t_employee_1  (cost=0.00..1443.00 rows=100000 width=8) (actual rows=100000 loops=1)
                          Buffers: shared hit=443
Planning Time: 0.174 ms
Execution Time: 96.984 ms",94.418,12064.92,100000,"HashAggregate  (cost=10088.36..12064.92 rows=100000 width=12) (actual rows=100000 loops=1)
  Group Key: t_employee_0.employee_id, (count(t_employee_1.employee_id))
  Planned Partitions: 4  Batches: 5  Memory Usage: 4145kB  Disk Usage: 1800kB
  Buffers: shared hit=886, temp read=225 written=387
  ->  Hash Left Join  (cost=1975.50..3682.11 rows=100000 width=12) (actual rows=100000 loops=1)
        Hash Cond: (t_employee_0.team_id = t_employee_1.team_id)
        Buffers: shared hit=886
        ->  Seq Scan on employee t_employee_0  (cost=0.00..1443.00 rows=100000 width=8) (actual rows=100000 loops=1)
              Buffers: shared hit=443
        ->  Hash  (cost=1963.00..1963.00 rows=1000 width=12) (actual rows=1000 loops=1)
              Buckets: 1024  Batches: 1  Memory Usage: 51kB
              Buffers: shared hit=443
              ->  HashAggregate  (cost=1943.00..1953.00 rows=1000 width=12) (actual rows=1000 loops=1)
                    Group Key: t_employee_1.team_id
                    Batches: 1  Memory Usage: 193kB
                    Buffers: shared hit=443
                    ->  Seq Scan on employee t_employee_1  (cost=0.00..1443.00 rows=100000 width=8) (actual rows=100000 loops=1)
                          Buffers: shared hit=443
Planning Time: 0.113 ms
Execution Time: 94.418 ms",95.157,12064.92,100000,"HashAggregate  (cost=10088.36..12064.92 rows=100000 width=12) (actual rows=100000 loops=1)
  Group Key: t_employee_0.employee_id, (count(t_employee_1.employee_id))
  Planned Partitions: 4  Batches: 5  Memory Usage: 4145kB  Disk Usage: 1800kB
  Buffers: shared hit=886, temp read=225 written=387
  ->  Hash Left Join  (cost=1975.50..3682.11 rows=100000 width=12) (actual rows=100000 loops=1)
        Hash Cond: (t_employee_0.team_id = t_employee_1.team_id)
        Buffers: shared hit=886
        ->  Seq Scan on employee t_employee_0  (cost=0.00..1443.00 rows=100000 width=8) (actual rows=100000 loops=1)
              Buffers: shared hit=443
        ->  Hash  (cost=1963.00..1963.00 rows=1000 width=12) (actual rows=1000 loops=1)
              Buckets: 1024  Batches: 1  Memory Usage: 51kB
              Buffers: shared hit=443
              ->  HashAggregate  (cost=1943.00..1953.00 rows=1000 width=12) (actual rows=1000 loops=1)
                    Group Key: t_employee_1.team_id
                    Batches: 1  Memory Usage: 193kB
                    Buffers: shared hit=443
                    ->  Seq Scan on employee t_employee_1  (cost=0.00..1443.00 rows=100000 width=8) (actual rows=100000 loops=1)
                          Buffers: shared hit=443
Planning Time: 0.148 ms
Execution Time: 95.157 ms",94.3462,95.157,97.428,98.2272,12064.92,12064.92,100000,100000,100000,100000
755,1303,72,Easy,"select distinct a.employee_id as employee_id, t_cte_3.c_count0 as team_size from schema_1303.employee as a left join (select t_employee_0.team_id as c_team_id0, count(t_employee_0.employee_id) as c_count0 from schema_1303.employee as t_employee_0 group by t_employee_0.team_id) as t_cte_3 on a.team_id = t_cte_3.c_team_id0",89.27,12064.92,100000,"HashAggregate  (cost=10088.36..12064.92 rows=100000 width=12) (actual rows=100000 loops=1)
  Group Key: a.employee_id, t_cte_3.c_count0
  Planned Partitions: 4  Batches: 5  Memory Usage: 4145kB  Disk Usage: 1800kB
  Buffers: shared hit=886, temp read=225 written=387
  ->  Hash Left Join  (cost=1975.50..3682.11 rows=100000 width=12) (actual rows=100000 loops=1)
        Hash Cond: (a.team_id = t_cte_3.c_team_id0)
        Buffers: shared hit=886
        ->  Seq Scan on employee a  (cost=0.00..1443.00 rows=100000 width=8) (actual rows=100000 loops=1)
              Buffers: shared hit=443
        ->  Hash  (cost=1963.00..1963.00 rows=1000 width=12) (actual rows=1000 loops=1)
              Buckets: 1024  Batches: 1  Memory Usage: 51kB
              Buffers: shared hit=443
              ->  Subquery Scan on t_cte_3  (cost=1943.00..1963.00 rows=1000 width=12) (actual rows=1000 loops=1)
                    Buffers: shared hit=443
                    ->  HashAggregate  (cost=1943.00..1953.00 rows=1000 width=12) (actual rows=1000 loops=1)
                          Group Key: t_employee_0.team_id
                          Batches: 1  Memory Usage: 193kB
                          Buffers: shared hit=443
                          ->  Seq Scan on employee t_employee_0  (cost=0.00..1443.00 rows=100000 width=8) (actual rows=100000 loops=1)
                                Buffers: shared hit=443
Planning Time: 0.111 ms
Execution Time: 89.270 ms",94.953,12064.92,100000,"HashAggregate  (cost=10088.36..12064.92 rows=100000 width=12) (actual rows=100000 loops=1)
  Group Key: a.employee_id, t_cte_3.c_count0
  Planned Partitions: 4  Batches: 5  Memory Usage: 4145kB  Disk Usage: 1800kB
  Buffers: shared hit=886, temp read=225 written=387
  ->  Hash Left Join  (cost=1975.50..3682.11 rows=100000 width=12) (actual rows=100000 loops=1)
        Hash Cond: (a.team_id = t_cte_3.c_team_id0)
        Buffers: shared hit=886
        ->  Seq Scan on employee a  (cost=0.00..1443.00 rows=100000 width=8) (actual rows=100000 loops=1)
              Buffers: shared hit=443
        ->  Hash  (cost=1963.00..1963.00 rows=1000 width=12) (actual rows=1000 loops=1)
              Buckets: 1024  Batches: 1  Memory Usage: 51kB
              Buffers: shared hit=443
              ->  Subquery Scan on t_cte_3  (cost=1943.00..1963.00 rows=1000 width=12) (actual rows=1000 loops=1)
                    Buffers: shared hit=443
                    ->  HashAggregate  (cost=1943.00..1953.00 rows=1000 width=12) (actual rows=1000 loops=1)
                          Group Key: t_employee_0.team_id
                          Batches: 1  Memory Usage: 193kB
                          Buffers: shared hit=443
                          ->  Seq Scan on employee t_employee_0  (cost=0.00..1443.00 rows=100000 width=8) (actual rows=100000 loops=1)
                                Buffers: shared hit=443
Planning Time: 0.165 ms
Execution Time: 94.953 ms",95.684,12064.92,100000,"HashAggregate  (cost=10088.36..12064.92 rows=100000 width=12) (actual rows=100000 loops=1)
  Group Key: a.employee_id, t_cte_3.c_count0
  Planned Partitions: 4  Batches: 5  Memory Usage: 4145kB  Disk Usage: 1800kB
  Buffers: shared hit=886, temp read=225 written=387
  ->  Hash Left Join  (cost=1975.50..3682.11 rows=100000 width=12) (actual rows=100000 loops=1)
        Hash Cond: (a.team_id = t_cte_3.c_team_id0)
        Buffers: shared hit=886
        ->  Seq Scan on employee a  (cost=0.00..1443.00 rows=100000 width=8) (actual rows=100000 loops=1)
              Buffers: shared hit=443
        ->  Hash  (cost=1963.00..1963.00 rows=1000 width=12) (actual rows=1000 loops=1)
              Buckets: 1024  Batches: 1  Memory Usage: 51kB
              Buffers: shared hit=443
              ->  Subquery Scan on t_cte_3  (cost=1943.00..1963.00 rows=1000 width=12) (actual rows=1000 loops=1)
                    Buffers: shared hit=443
                    ->  HashAggregate  (cost=1943.00..1953.00 rows=1000 width=12) (actual rows=1000 loops=1)
                          Group Key: t_employee_0.team_id
                          Batches: 1  Memory Usage: 193kB
                          Buffers: shared hit=443
                          ->  Seq Scan on employee t_employee_0  (cost=0.00..1443.00 rows=100000 width=8) (actual rows=100000 loops=1)
                                Buffers: shared hit=443
Planning Time: 0.141 ms
Execution Time: 95.684 ms",101.515,12064.92,100000,"HashAggregate  (cost=10088.36..12064.92 rows=100000 width=12) (actual rows=100000 loops=1)
  Group Key: a.employee_id, t_cte_3.c_count0
  Planned Partitions: 4  Batches: 5  Memory Usage: 4145kB  Disk Usage: 1800kB
  Buffers: shared hit=886, temp read=225 written=387
  ->  Hash Left Join  (cost=1975.50..3682.11 rows=100000 width=12) (actual rows=100000 loops=1)
        Hash Cond: (a.team_id = t_cte_3.c_team_id0)
        Buffers: shared hit=886
        ->  Seq Scan on employee a  (cost=0.00..1443.00 rows=100000 width=8) (actual rows=100000 loops=1)
              Buffers: shared hit=443
        ->  Hash  (cost=1963.00..1963.00 rows=1000 width=12) (actual rows=1000 loops=1)
              Buckets: 1024  Batches: 1  Memory Usage: 51kB
              Buffers: shared hit=443
              ->  Subquery Scan on t_cte_3  (cost=1943.00..1963.00 rows=1000 width=12) (actual rows=1000 loops=1)
                    Buffers: shared hit=443
                    ->  HashAggregate  (cost=1943.00..1953.00 rows=1000 width=12) (actual rows=1000 loops=1)
                          Group Key: t_employee_0.team_id
                          Batches: 1  Memory Usage: 193kB
                          Buffers: shared hit=443
                          ->  Seq Scan on employee t_employee_0  (cost=0.00..1443.00 rows=100000 width=8) (actual rows=100000 loops=1)
                                Buffers: shared hit=443
Planning Time: 0.172 ms
Execution Time: 101.515 ms",94.768,12064.92,100000,"HashAggregate  (cost=10088.36..12064.92 rows=100000 width=12) (actual rows=100000 loops=1)
  Group Key: a.employee_id, t_cte_3.c_count0
  Planned Partitions: 4  Batches: 5  Memory Usage: 4145kB  Disk Usage: 1800kB
  Buffers: shared hit=886, temp read=225 written=387
  ->  Hash Left Join  (cost=1975.50..3682.11 rows=100000 width=12) (actual rows=100000 loops=1)
        Hash Cond: (a.team_id = t_cte_3.c_team_id0)
        Buffers: shared hit=886
        ->  Seq Scan on employee a  (cost=0.00..1443.00 rows=100000 width=8) (actual rows=100000 loops=1)
              Buffers: shared hit=443
        ->  Hash  (cost=1963.00..1963.00 rows=1000 width=12) (actual rows=1000 loops=1)
              Buckets: 1024  Batches: 1  Memory Usage: 51kB
              Buffers: shared hit=443
              ->  Subquery Scan on t_cte_3  (cost=1943.00..1963.00 rows=1000 width=12) (actual rows=1000 loops=1)
                    Buffers: shared hit=443
                    ->  HashAggregate  (cost=1943.00..1953.00 rows=1000 width=12) (actual rows=1000 loops=1)
                          Group Key: t_employee_0.team_id
                          Batches: 1  Memory Usage: 193kB
                          Buffers: shared hit=443
                          ->  Seq Scan on employee t_employee_0  (cost=0.00..1443.00 rows=100000 width=8) (actual rows=100000 loops=1)
                                Buffers: shared hit=443
Planning Time: 0.147 ms
Execution Time: 94.768 ms",95.238,94.953,98.5995,103.8474,12064.92,12064.92,100000,100000,100000,100000
760,1303,82,Easy,"select distinct a.employee_id as employee_id, t_cte_9.c_count0 as team_size from (select count(t_employee_0.employee_id) as c_count0, t_employee_0.team_id as c_team_id0 from schema_1303.employee as t_employee_0 group by t_employee_0.team_id) as t_cte_9 left join schema_1303.employee as a on a.team_id = t_cte_9.c_team_id0",89.99,12064.92,100000,"HashAggregate  (cost=10088.36..12064.92 rows=100000 width=12) (actual rows=100000 loops=1)
  Group Key: a.employee_id, (count(t_employee_0.employee_id))
  Planned Partitions: 4  Batches: 5  Memory Usage: 4145kB  Disk Usage: 1800kB
  Buffers: shared hit=886, temp read=225 written=387
  ->  Hash Right Join  (cost=1975.50..3682.11 rows=100000 width=12) (actual rows=100000 loops=1)
        Hash Cond: (a.team_id = t_employee_0.team_id)
        Buffers: shared hit=886
        ->  Seq Scan on employee a  (cost=0.00..1443.00 rows=100000 width=8) (actual rows=100000 loops=1)
              Buffers: shared hit=443
        ->  Hash  (cost=1963.00..1963.00 rows=1000 width=12) (actual rows=1000 loops=1)
              Buckets: 1024  Batches: 1  Memory Usage: 51kB
              Buffers: shared hit=443
              ->  HashAggregate  (cost=1943.00..1953.00 rows=1000 width=12) (actual rows=1000 loops=1)
                    Group Key: t_employee_0.team_id
                    Batches: 1  Memory Usage: 193kB
                    Buffers: shared hit=443
                    ->  Seq Scan on employee t_employee_0  (cost=0.00..1443.00 rows=100000 width=8) (actual rows=100000 loops=1)
                          Buffers: shared hit=443
Planning Time: 0.150 ms
Execution Time: 89.990 ms",92.454,12064.92,100000,"HashAggregate  (cost=10088.36..12064.92 rows=100000 width=12) (actual rows=100000 loops=1)
  Group Key: a.employee_id, (count(t_employee_0.employee_id))
  Planned Partitions: 4  Batches: 5  Memory Usage: 4145kB  Disk Usage: 1800kB
  Buffers: shared hit=886, temp read=225 written=387
  ->  Hash Right Join  (cost=1975.50..3682.11 rows=100000 width=12) (actual rows=100000 loops=1)
        Hash Cond: (a.team_id = t_employee_0.team_id)
        Buffers: shared hit=886
        ->  Seq Scan on employee a  (cost=0.00..1443.00 rows=100000 width=8) (actual rows=100000 loops=1)
              Buffers: shared hit=443
        ->  Hash  (cost=1963.00..1963.00 rows=1000 width=12) (actual rows=1000 loops=1)
              Buckets: 1024  Batches: 1  Memory Usage: 51kB
              Buffers: shared hit=443
              ->  HashAggregate  (cost=1943.00..1953.00 rows=1000 width=12) (actual rows=1000 loops=1)
                    Group Key: t_employee_0.team_id
                    Batches: 1  Memory Usage: 193kB
                    Buffers: shared hit=443
                    ->  Seq Scan on employee t_employee_0  (cost=0.00..1443.00 rows=100000 width=8) (actual rows=100000 loops=1)
                          Buffers: shared hit=443
Planning Time: 0.162 ms
Execution Time: 92.454 ms",135.932,12064.92,100000,"HashAggregate  (cost=10088.36..12064.92 rows=100000 width=12) (actual rows=100000 loops=1)
  Group Key: a.employee_id, (count(t_employee_0.employee_id))
  Planned Partitions: 4  Batches: 5  Memory Usage: 4145kB  Disk Usage: 1800kB
  Buffers: shared hit=886, temp read=225 written=387
  ->  Hash Right Join  (cost=1975.50..3682.11 rows=100000 width=12) (actual rows=100000 loops=1)
        Hash Cond: (a.team_id = t_employee_0.team_id)
        Buffers: shared hit=886
        ->  Seq Scan on employee a  (cost=0.00..1443.00 rows=100000 width=8) (actual rows=100000 loops=1)
              Buffers: shared hit=443
        ->  Hash  (cost=1963.00..1963.00 rows=1000 width=12) (actual rows=1000 loops=1)
              Buckets: 1024  Batches: 1  Memory Usage: 51kB
              Buffers: shared hit=443
              ->  HashAggregate  (cost=1943.00..1953.00 rows=1000 width=12) (actual rows=1000 loops=1)
                    Group Key: t_employee_0.team_id
                    Batches: 1  Memory Usage: 193kB
                    Buffers: shared hit=443
                    ->  Seq Scan on employee t_employee_0  (cost=0.00..1443.00 rows=100000 width=8) (actual rows=100000 loops=1)
                          Buffers: shared hit=443
Planning Time: 0.144 ms
Execution Time: 135.932 ms",103.684,12064.92,100000,"HashAggregate  (cost=10088.36..12064.92 rows=100000 width=12) (actual rows=100000 loops=1)
  Group Key: a.employee_id, (count(t_employee_0.employee_id))
  Planned Partitions: 4  Batches: 5  Memory Usage: 4145kB  Disk Usage: 1800kB
  Buffers: shared hit=886, temp read=225 written=387
  ->  Hash Right Join  (cost=1975.50..3682.11 rows=100000 width=12) (actual rows=100000 loops=1)
        Hash Cond: (a.team_id = t_employee_0.team_id)
        Buffers: shared hit=886
        ->  Seq Scan on employee a  (cost=0.00..1443.00 rows=100000 width=8) (actual rows=100000 loops=1)
              Buffers: shared hit=443
        ->  Hash  (cost=1963.00..1963.00 rows=1000 width=12) (actual rows=1000 loops=1)
              Buckets: 1024  Batches: 1  Memory Usage: 51kB
              Buffers: shared hit=443
              ->  HashAggregate  (cost=1943.00..1953.00 rows=1000 width=12) (actual rows=1000 loops=1)
                    Group Key: t_employee_0.team_id
                    Batches: 1  Memory Usage: 193kB
                    Buffers: shared hit=443
                    ->  Seq Scan on employee t_employee_0  (cost=0.00..1443.00 rows=100000 width=8) (actual rows=100000 loops=1)
                          Buffers: shared hit=443
Planning Time: 0.239 ms
Execution Time: 103.684 ms",95.02,12064.92,100000,"HashAggregate  (cost=10088.36..12064.92 rows=100000 width=12) (actual rows=100000 loops=1)
  Group Key: a.employee_id, (count(t_employee_0.employee_id))
  Planned Partitions: 4  Batches: 5  Memory Usage: 4145kB  Disk Usage: 1800kB
  Buffers: shared hit=886, temp read=225 written=387
  ->  Hash Right Join  (cost=1975.50..3682.11 rows=100000 width=12) (actual rows=100000 loops=1)
        Hash Cond: (a.team_id = t_employee_0.team_id)
        Buffers: shared hit=886
        ->  Seq Scan on employee a  (cost=0.00..1443.00 rows=100000 width=8) (actual rows=100000 loops=1)
              Buffers: shared hit=443
        ->  Hash  (cost=1963.00..1963.00 rows=1000 width=12) (actual rows=1000 loops=1)
              Buckets: 1024  Batches: 1  Memory Usage: 51kB
              Buffers: shared hit=443
              ->  HashAggregate  (cost=1943.00..1953.00 rows=1000 width=12) (actual rows=1000 loops=1)
                    Group Key: t_employee_0.team_id
                    Batches: 1  Memory Usage: 193kB
                    Buffers: shared hit=443
                    ->  Seq Scan on employee t_employee_0  (cost=0.00..1443.00 rows=100000 width=8) (actual rows=100000 loops=1)
                          Buffers: shared hit=443
Planning Time: 0.144 ms
Execution Time: 95.020 ms",103.416,95.02,119.808,148.8312,12064.92,12064.92,100000,100000,100000,100000
761,1303,86,Easy,"select distinct a.employee_id as employee_id, t_cte_4.c_count0 as team_size from (select count(t_employee_0.employee_id) as c_count0, t_employee_0.team_id as c_team_id0 from schema_1303.employee as t_employee_0 group by t_employee_0.team_id) as t_cte_4 left join schema_1303.employee as a on a.team_id = t_cte_4.c_team_id0",90.461,12064.92,100000,"HashAggregate  (cost=10088.36..12064.92 rows=100000 width=12) (actual rows=100000 loops=1)
  Group Key: a.employee_id, (count(t_employee_0.employee_id))
  Planned Partitions: 4  Batches: 5  Memory Usage: 4145kB  Disk Usage: 1800kB
  Buffers: shared hit=886, temp read=225 written=387
  ->  Hash Right Join  (cost=1975.50..3682.11 rows=100000 width=12) (actual rows=100000 loops=1)
        Hash Cond: (a.team_id = t_employee_0.team_id)
        Buffers: shared hit=886
        ->  Seq Scan on employee a  (cost=0.00..1443.00 rows=100000 width=8) (actual rows=100000 loops=1)
              Buffers: shared hit=443
        ->  Hash  (cost=1963.00..1963.00 rows=1000 width=12) (actual rows=1000 loops=1)
              Buckets: 1024  Batches: 1  Memory Usage: 51kB
              Buffers: shared hit=443
              ->  HashAggregate  (cost=1943.00..1953.00 rows=1000 width=12) (actual rows=1000 loops=1)
                    Group Key: t_employee_0.team_id
                    Batches: 1  Memory Usage: 193kB
                    Buffers: shared hit=443
                    ->  Seq Scan on employee t_employee_0  (cost=0.00..1443.00 rows=100000 width=8) (actual rows=100000 loops=1)
                          Buffers: shared hit=443
Planning Time: 0.148 ms
Execution Time: 90.461 ms",95.911,12064.92,100000,"HashAggregate  (cost=10088.36..12064.92 rows=100000 width=12) (actual rows=100000 loops=1)
  Group Key: a.employee_id, (count(t_employee_0.employee_id))
  Planned Partitions: 4  Batches: 5  Memory Usage: 4145kB  Disk Usage: 1800kB
  Buffers: shared hit=886, temp read=225 written=387
  ->  Hash Right Join  (cost=1975.50..3682.11 rows=100000 width=12) (actual rows=100000 loops=1)
        Hash Cond: (a.team_id = t_employee_0.team_id)
        Buffers: shared hit=886
        ->  Seq Scan on employee a  (cost=0.00..1443.00 rows=100000 width=8) (actual rows=100000 loops=1)
              Buffers: shared hit=443
        ->  Hash  (cost=1963.00..1963.00 rows=1000 width=12) (actual rows=1000 loops=1)
              Buckets: 1024  Batches: 1  Memory Usage: 51kB
              Buffers: shared hit=443
              ->  HashAggregate  (cost=1943.00..1953.00 rows=1000 width=12) (actual rows=1000 loops=1)
                    Group Key: t_employee_0.team_id
                    Batches: 1  Memory Usage: 193kB
                    Buffers: shared hit=443
                    ->  Seq Scan on employee t_employee_0  (cost=0.00..1443.00 rows=100000 width=8) (actual rows=100000 loops=1)
                          Buffers: shared hit=443
Planning Time: 0.158 ms
Execution Time: 95.911 ms",91.476,12064.92,100000,"HashAggregate  (cost=10088.36..12064.92 rows=100000 width=12) (actual rows=100000 loops=1)
  Group Key: a.employee_id, (count(t_employee_0.employee_id))
  Planned Partitions: 4  Batches: 5  Memory Usage: 4145kB  Disk Usage: 1800kB
  Buffers: shared hit=886, temp read=225 written=387
  ->  Hash Right Join  (cost=1975.50..3682.11 rows=100000 width=12) (actual rows=100000 loops=1)
        Hash Cond: (a.team_id = t_employee_0.team_id)
        Buffers: shared hit=886
        ->  Seq Scan on employee a  (cost=0.00..1443.00 rows=100000 width=8) (actual rows=100000 loops=1)
              Buffers: shared hit=443
        ->  Hash  (cost=1963.00..1963.00 rows=1000 width=12) (actual rows=1000 loops=1)
              Buckets: 1024  Batches: 1  Memory Usage: 51kB
              Buffers: shared hit=443
              ->  HashAggregate  (cost=1943.00..1953.00 rows=1000 width=12) (actual rows=1000 loops=1)
                    Group Key: t_employee_0.team_id
                    Batches: 1  Memory Usage: 193kB
                    Buffers: shared hit=443
                    ->  Seq Scan on employee t_employee_0  (cost=0.00..1443.00 rows=100000 width=8) (actual rows=100000 loops=1)
                          Buffers: shared hit=443
Planning Time: 0.906 ms
Execution Time: 91.476 ms",91.317,12064.92,100000,"HashAggregate  (cost=10088.36..12064.92 rows=100000 width=12) (actual rows=100000 loops=1)
  Group Key: a.employee_id, (count(t_employee_0.employee_id))
  Planned Partitions: 4  Batches: 5  Memory Usage: 4145kB  Disk Usage: 1800kB
  Buffers: shared hit=886, temp read=225 written=387
  ->  Hash Right Join  (cost=1975.50..3682.11 rows=100000 width=12) (actual rows=100000 loops=1)
        Hash Cond: (a.team_id = t_employee_0.team_id)
        Buffers: shared hit=886
        ->  Seq Scan on employee a  (cost=0.00..1443.00 rows=100000 width=8) (actual rows=100000 loops=1)
              Buffers: shared hit=443
        ->  Hash  (cost=1963.00..1963.00 rows=1000 width=12) (actual rows=1000 loops=1)
              Buckets: 1024  Batches: 1  Memory Usage: 51kB
              Buffers: shared hit=443
              ->  HashAggregate  (cost=1943.00..1953.00 rows=1000 width=12) (actual rows=1000 loops=1)
                    Group Key: t_employee_0.team_id
                    Batches: 1  Memory Usage: 193kB
                    Buffers: shared hit=443
                    ->  Seq Scan on employee t_employee_0  (cost=0.00..1443.00 rows=100000 width=8) (actual rows=100000 loops=1)
                          Buffers: shared hit=443
Planning Time: 0.139 ms
Execution Time: 91.317 ms",93.942,12064.92,100000,"HashAggregate  (cost=10088.36..12064.92 rows=100000 width=12) (actual rows=100000 loops=1)
  Group Key: a.employee_id, (count(t_employee_0.employee_id))
  Planned Partitions: 4  Batches: 5  Memory Usage: 4145kB  Disk Usage: 1800kB
  Buffers: shared hit=886, temp read=225 written=387
  ->  Hash Right Join  (cost=1975.50..3682.11 rows=100000 width=12) (actual rows=100000 loops=1)
        Hash Cond: (a.team_id = t_employee_0.team_id)
        Buffers: shared hit=886
        ->  Seq Scan on employee a  (cost=0.00..1443.00 rows=100000 width=8) (actual rows=100000 loops=1)
              Buffers: shared hit=443
        ->  Hash  (cost=1963.00..1963.00 rows=1000 width=12) (actual rows=1000 loops=1)
              Buckets: 1024  Batches: 1  Memory Usage: 51kB
              Buffers: shared hit=443
              ->  HashAggregate  (cost=1943.00..1953.00 rows=1000 width=12) (actual rows=1000 loops=1)
                    Group Key: t_employee_0.team_id
                    Batches: 1  Memory Usage: 193kB
                    Buffers: shared hit=443
                    ->  Seq Scan on employee t_employee_0  (cost=0.00..1443.00 rows=100000 width=8) (actual rows=100000 loops=1)
                          Buffers: shared hit=443
Planning Time: 0.135 ms
Execution Time: 93.942 ms",92.6214,91.476,94.9265,96.6986,12064.92,12064.92,100000,100000,100000,100000
762,1303,88,Easy,"select t_employee_0.employee_id as employee_id, count(t_employee_0.employee_id) over ( partition by t_employee_0.team_id ) as team_size from schema_1303.employee as t_employee_0",72.463,11497.82,100000,"WindowAgg  (cost=9747.82..11497.82 rows=100000 width=16) (actual rows=100000 loops=1)
  Buffers: shared hit=443, temp read=221 written=222
  ->  Sort  (cost=9747.82..9997.82 rows=100000 width=8) (actual rows=100000 loops=1)
        Sort Key: team_id
        Sort Method: external merge  Disk: 1768kB
        Buffers: shared hit=443, temp read=221 written=222
        ->  Seq Scan on employee t_employee_0  (cost=0.00..1443.00 rows=100000 width=8) (actual rows=100000 loops=1)
              Buffers: shared hit=443
Planning Time: 0.053 ms
Execution Time: 72.463 ms",77.297,11497.82,100000,"WindowAgg  (cost=9747.82..11497.82 rows=100000 width=16) (actual rows=100000 loops=1)
  Buffers: shared hit=443, temp read=221 written=222
  ->  Sort  (cost=9747.82..9997.82 rows=100000 width=8) (actual rows=100000 loops=1)
        Sort Key: team_id
        Sort Method: external merge  Disk: 1768kB
        Buffers: shared hit=443, temp read=221 written=222
        ->  Seq Scan on employee t_employee_0  (cost=0.00..1443.00 rows=100000 width=8) (actual rows=100000 loops=1)
              Buffers: shared hit=443
Planning Time: 0.052 ms
Execution Time: 77.297 ms",82.384,11497.82,100000,"WindowAgg  (cost=9747.82..11497.82 rows=100000 width=16) (actual rows=100000 loops=1)
  Buffers: shared hit=443, temp read=221 written=222
  ->  Sort  (cost=9747.82..9997.82 rows=100000 width=8) (actual rows=100000 loops=1)
        Sort Key: team_id
        Sort Method: external merge  Disk: 1768kB
        Buffers: shared hit=443, temp read=221 written=222
        ->  Seq Scan on employee t_employee_0  (cost=0.00..1443.00 rows=100000 width=8) (actual rows=100000 loops=1)
              Buffers: shared hit=443
Planning Time: 0.065 ms
Execution Time: 82.384 ms",78.68,11497.82,100000,"WindowAgg  (cost=9747.82..11497.82 rows=100000 width=16) (actual rows=100000 loops=1)
  Buffers: shared hit=443, temp read=221 written=222
  ->  Sort  (cost=9747.82..9997.82 rows=100000 width=8) (actual rows=100000 loops=1)
        Sort Key: team_id
        Sort Method: external merge  Disk: 1768kB
        Buffers: shared hit=443, temp read=221 written=222
        ->  Seq Scan on employee t_employee_0  (cost=0.00..1443.00 rows=100000 width=8) (actual rows=100000 loops=1)
              Buffers: shared hit=443
Planning Time: 0.057 ms
Execution Time: 78.680 ms",75.262,11497.82,100000,"WindowAgg  (cost=9747.82..11497.82 rows=100000 width=16) (actual rows=100000 loops=1)
  Buffers: shared hit=443, temp read=221 written=222
  ->  Sort  (cost=9747.82..9997.82 rows=100000 width=8) (actual rows=100000 loops=1)
        Sort Key: team_id
        Sort Method: external merge  Disk: 1768kB
        Buffers: shared hit=443, temp read=221 written=222
        ->  Seq Scan on employee t_employee_0  (cost=0.00..1443.00 rows=100000 width=8) (actual rows=100000 loops=1)
              Buffers: shared hit=443
Planning Time: 0.075 ms
Execution Time: 75.262 ms",77.2172,77.297,80.532,83.8656,11497.82,11497.82,100000,100000,100000,100000
764,1303,90,Easy,"select distinct e.employee_id as employee_id, t_cte_11.c_count0 as team_size from (select t_employee_0.team_id as c_team_id0, count(t_employee_0.employee_id) as c_count0 from schema_1303.employee as t_employee_0 group by t_employee_0.team_id) as t_cte_11 inner join schema_1303.employee as e on e.team_id = t_cte_11.c_team_id0",87.646,12064.92,100000,"HashAggregate  (cost=10088.36..12064.92 rows=100000 width=12) (actual rows=100000 loops=1)
  Group Key: e.employee_id, t_cte_11.c_count0
  Planned Partitions: 4  Batches: 5  Memory Usage: 4145kB  Disk Usage: 1800kB
  Buffers: shared hit=886, temp read=225 written=387
  ->  Hash Join  (cost=1975.50..3682.11 rows=100000 width=12) (actual rows=100000 loops=1)
        Hash Cond: (e.team_id = t_cte_11.c_team_id0)
        Buffers: shared hit=886
        ->  Seq Scan on employee e  (cost=0.00..1443.00 rows=100000 width=8) (actual rows=100000 loops=1)
              Buffers: shared hit=443
        ->  Hash  (cost=1963.00..1963.00 rows=1000 width=12) (actual rows=1000 loops=1)
              Buckets: 1024  Batches: 1  Memory Usage: 51kB
              Buffers: shared hit=443
              ->  Subquery Scan on t_cte_11  (cost=1943.00..1963.00 rows=1000 width=12) (actual rows=1000 loops=1)
                    Buffers: shared hit=443
                    ->  HashAggregate  (cost=1943.00..1953.00 rows=1000 width=12) (actual rows=1000 loops=1)
                          Group Key: t_employee_0.team_id
                          Batches: 1  Memory Usage: 193kB
                          Buffers: shared hit=443
                          ->  Seq Scan on employee t_employee_0  (cost=0.00..1443.00 rows=100000 width=8) (actual rows=100000 loops=1)
                                Buffers: shared hit=443
Planning Time: 0.100 ms
Execution Time: 87.646 ms",92.873,12064.92,100000,"HashAggregate  (cost=10088.36..12064.92 rows=100000 width=12) (actual rows=100000 loops=1)
  Group Key: e.employee_id, t_cte_11.c_count0
  Planned Partitions: 4  Batches: 5  Memory Usage: 4145kB  Disk Usage: 1800kB
  Buffers: shared hit=886, temp read=225 written=387
  ->  Hash Join  (cost=1975.50..3682.11 rows=100000 width=12) (actual rows=100000 loops=1)
        Hash Cond: (e.team_id = t_cte_11.c_team_id0)
        Buffers: shared hit=886
        ->  Seq Scan on employee e  (cost=0.00..1443.00 rows=100000 width=8) (actual rows=100000 loops=1)
              Buffers: shared hit=443
        ->  Hash  (cost=1963.00..1963.00 rows=1000 width=12) (actual rows=1000 loops=1)
              Buckets: 1024  Batches: 1  Memory Usage: 51kB
              Buffers: shared hit=443
              ->  Subquery Scan on t_cte_11  (cost=1943.00..1963.00 rows=1000 width=12) (actual rows=1000 loops=1)
                    Buffers: shared hit=443
                    ->  HashAggregate  (cost=1943.00..1953.00 rows=1000 width=12) (actual rows=1000 loops=1)
                          Group Key: t_employee_0.team_id
                          Batches: 1  Memory Usage: 193kB
                          Buffers: shared hit=443
                          ->  Seq Scan on employee t_employee_0  (cost=0.00..1443.00 rows=100000 width=8) (actual rows=100000 loops=1)
                                Buffers: shared hit=443
Planning Time: 0.142 ms
Execution Time: 92.873 ms",93.538,12064.92,100000,"HashAggregate  (cost=10088.36..12064.92 rows=100000 width=12) (actual rows=100000 loops=1)
  Group Key: e.employee_id, t_cte_11.c_count0
  Planned Partitions: 4  Batches: 5  Memory Usage: 4145kB  Disk Usage: 1800kB
  Buffers: shared hit=886, temp read=225 written=387
  ->  Hash Join  (cost=1975.50..3682.11 rows=100000 width=12) (actual rows=100000 loops=1)
        Hash Cond: (e.team_id = t_cte_11.c_team_id0)
        Buffers: shared hit=886
        ->  Seq Scan on employee e  (cost=0.00..1443.00 rows=100000 width=8) (actual rows=100000 loops=1)
              Buffers: shared hit=443
        ->  Hash  (cost=1963.00..1963.00 rows=1000 width=12) (actual rows=1000 loops=1)
              Buckets: 1024  Batches: 1  Memory Usage: 51kB
              Buffers: shared hit=443
              ->  Subquery Scan on t_cte_11  (cost=1943.00..1963.00 rows=1000 width=12) (actual rows=1000 loops=1)
                    Buffers: shared hit=443
                    ->  HashAggregate  (cost=1943.00..1953.00 rows=1000 width=12) (actual rows=1000 loops=1)
                          Group Key: t_employee_0.team_id
                          Batches: 1  Memory Usage: 193kB
                          Buffers: shared hit=443
                          ->  Seq Scan on employee t_employee_0  (cost=0.00..1443.00 rows=100000 width=8) (actual rows=100000 loops=1)
                                Buffers: shared hit=443
Planning Time: 0.141 ms
Execution Time: 93.538 ms",95.047,12064.92,100000,"HashAggregate  (cost=10088.36..12064.92 rows=100000 width=12) (actual rows=100000 loops=1)
  Group Key: e.employee_id, t_cte_11.c_count0
  Planned Partitions: 4  Batches: 5  Memory Usage: 4145kB  Disk Usage: 1800kB
  Buffers: shared hit=886, temp read=225 written=387
  ->  Hash Join  (cost=1975.50..3682.11 rows=100000 width=12) (actual rows=100000 loops=1)
        Hash Cond: (e.team_id = t_cte_11.c_team_id0)
        Buffers: shared hit=886
        ->  Seq Scan on employee e  (cost=0.00..1443.00 rows=100000 width=8) (actual rows=100000 loops=1)
              Buffers: shared hit=443
        ->  Hash  (cost=1963.00..1963.00 rows=1000 width=12) (actual rows=1000 loops=1)
              Buckets: 1024  Batches: 1  Memory Usage: 51kB
              Buffers: shared hit=443
              ->  Subquery Scan on t_cte_11  (cost=1943.00..1963.00 rows=1000 width=12) (actual rows=1000 loops=1)
                    Buffers: shared hit=443
                    ->  HashAggregate  (cost=1943.00..1953.00 rows=1000 width=12) (actual rows=1000 loops=1)
                          Group Key: t_employee_0.team_id
                          Batches: 1  Memory Usage: 193kB
                          Buffers: shared hit=443
                          ->  Seq Scan on employee t_employee_0  (cost=0.00..1443.00 rows=100000 width=8) (actual rows=100000 loops=1)
                                Buffers: shared hit=443
Planning Time: 0.154 ms
Execution Time: 95.047 ms",93.134,12064.92,100000,"HashAggregate  (cost=10088.36..12064.92 rows=100000 width=12) (actual rows=100000 loops=1)
  Group Key: e.employee_id, t_cte_11.c_count0
  Planned Partitions: 4  Batches: 5  Memory Usage: 4145kB  Disk Usage: 1800kB
  Buffers: shared hit=886, temp read=225 written=387
  ->  Hash Join  (cost=1975.50..3682.11 rows=100000 width=12) (actual rows=100000 loops=1)
        Hash Cond: (e.team_id = t_cte_11.c_team_id0)
        Buffers: shared hit=886
        ->  Seq Scan on employee e  (cost=0.00..1443.00 rows=100000 width=8) (actual rows=100000 loops=1)
              Buffers: shared hit=443
        ->  Hash  (cost=1963.00..1963.00 rows=1000 width=12) (actual rows=1000 loops=1)
              Buckets: 1024  Batches: 1  Memory Usage: 51kB
              Buffers: shared hit=443
              ->  Subquery Scan on t_cte_11  (cost=1943.00..1963.00 rows=1000 width=12) (actual rows=1000 loops=1)
                    Buffers: shared hit=443
                    ->  HashAggregate  (cost=1943.00..1953.00 rows=1000 width=12) (actual rows=1000 loops=1)
                          Group Key: t_employee_0.team_id
                          Batches: 1  Memory Usage: 193kB
                          Buffers: shared hit=443
                          ->  Seq Scan on employee t_employee_0  (cost=0.00..1443.00 rows=100000 width=8) (actual rows=100000 loops=1)
                                Buffers: shared hit=443
Planning Time: 0.145 ms
Execution Time: 93.134 ms",92.4476,93.134,94.2925,95.6506,12064.92,12064.92,100000,100000,100000,100000
765,1303,91,Easy,"select distinct e.employee_id as employee_id, t_cte_12.c_count0 as team_size from (select t_employee_0.team_id as c_team_id0, count(t_employee_0.employee_id) as c_count0 from schema_1303.employee as t_employee_0 group by t_employee_0.team_id) as t_cte_12 inner join schema_1303.employee as e on e.team_id = t_cte_12.c_team_id0",86.792,12064.92,100000,"HashAggregate  (cost=10088.36..12064.92 rows=100000 width=12) (actual rows=100000 loops=1)
  Group Key: e.employee_id, t_cte_12.c_count0
  Planned Partitions: 4  Batches: 5  Memory Usage: 4145kB  Disk Usage: 1800kB
  Buffers: shared hit=886, temp read=225 written=387
  ->  Hash Join  (cost=1975.50..3682.11 rows=100000 width=12) (actual rows=100000 loops=1)
        Hash Cond: (e.team_id = t_cte_12.c_team_id0)
        Buffers: shared hit=886
        ->  Seq Scan on employee e  (cost=0.00..1443.00 rows=100000 width=8) (actual rows=100000 loops=1)
              Buffers: shared hit=443
        ->  Hash  (cost=1963.00..1963.00 rows=1000 width=12) (actual rows=1000 loops=1)
              Buckets: 1024  Batches: 1  Memory Usage: 51kB
              Buffers: shared hit=443
              ->  Subquery Scan on t_cte_12  (cost=1943.00..1963.00 rows=1000 width=12) (actual rows=1000 loops=1)
                    Buffers: shared hit=443
                    ->  HashAggregate  (cost=1943.00..1953.00 rows=1000 width=12) (actual rows=1000 loops=1)
                          Group Key: t_employee_0.team_id
                          Batches: 1  Memory Usage: 193kB
                          Buffers: shared hit=443
                          ->  Seq Scan on employee t_employee_0  (cost=0.00..1443.00 rows=100000 width=8) (actual rows=100000 loops=1)
                                Buffers: shared hit=443
Planning Time: 0.116 ms
Execution Time: 86.792 ms",90.54,12064.92,100000,"HashAggregate  (cost=10088.36..12064.92 rows=100000 width=12) (actual rows=100000 loops=1)
  Group Key: e.employee_id, t_cte_12.c_count0
  Planned Partitions: 4  Batches: 5  Memory Usage: 4145kB  Disk Usage: 1800kB
  Buffers: shared hit=886, temp read=225 written=387
  ->  Hash Join  (cost=1975.50..3682.11 rows=100000 width=12) (actual rows=100000 loops=1)
        Hash Cond: (e.team_id = t_cte_12.c_team_id0)
        Buffers: shared hit=886
        ->  Seq Scan on employee e  (cost=0.00..1443.00 rows=100000 width=8) (actual rows=100000 loops=1)
              Buffers: shared hit=443
        ->  Hash  (cost=1963.00..1963.00 rows=1000 width=12) (actual rows=1000 loops=1)
              Buckets: 1024  Batches: 1  Memory Usage: 51kB
              Buffers: shared hit=443
              ->  Subquery Scan on t_cte_12  (cost=1943.00..1963.00 rows=1000 width=12) (actual rows=1000 loops=1)
                    Buffers: shared hit=443
                    ->  HashAggregate  (cost=1943.00..1953.00 rows=1000 width=12) (actual rows=1000 loops=1)
                          Group Key: t_employee_0.team_id
                          Batches: 1  Memory Usage: 193kB
                          Buffers: shared hit=443
                          ->  Seq Scan on employee t_employee_0  (cost=0.00..1443.00 rows=100000 width=8) (actual rows=100000 loops=1)
                                Buffers: shared hit=443
Planning Time: 0.145 ms
Execution Time: 90.540 ms",89.034,12064.92,100000,"HashAggregate  (cost=10088.36..12064.92 rows=100000 width=12) (actual rows=100000 loops=1)
  Group Key: e.employee_id, t_cte_12.c_count0
  Planned Partitions: 4  Batches: 5  Memory Usage: 4145kB  Disk Usage: 1800kB
  Buffers: shared hit=886, temp read=225 written=387
  ->  Hash Join  (cost=1975.50..3682.11 rows=100000 width=12) (actual rows=100000 loops=1)
        Hash Cond: (e.team_id = t_cte_12.c_team_id0)
        Buffers: shared hit=886
        ->  Seq Scan on employee e  (cost=0.00..1443.00 rows=100000 width=8) (actual rows=100000 loops=1)
              Buffers: shared hit=443
        ->  Hash  (cost=1963.00..1963.00 rows=1000 width=12) (actual rows=1000 loops=1)
              Buckets: 1024  Batches: 1  Memory Usage: 51kB
              Buffers: shared hit=443
              ->  Subquery Scan on t_cte_12  (cost=1943.00..1963.00 rows=1000 width=12) (actual rows=1000 loops=1)
                    Buffers: shared hit=443
                    ->  HashAggregate  (cost=1943.00..1953.00 rows=1000 width=12) (actual rows=1000 loops=1)
                          Group Key: t_employee_0.team_id
                          Batches: 1  Memory Usage: 193kB
                          Buffers: shared hit=443
                          ->  Seq Scan on employee t_employee_0  (cost=0.00..1443.00 rows=100000 width=8) (actual rows=100000 loops=1)
                                Buffers: shared hit=443
Planning Time: 0.134 ms
Execution Time: 89.034 ms",95.145,12064.92,100000,"HashAggregate  (cost=10088.36..12064.92 rows=100000 width=12) (actual rows=100000 loops=1)
  Group Key: e.employee_id, t_cte_12.c_count0
  Planned Partitions: 4  Batches: 5  Memory Usage: 4145kB  Disk Usage: 1800kB
  Buffers: shared hit=886, temp read=225 written=387
  ->  Hash Join  (cost=1975.50..3682.11 rows=100000 width=12) (actual rows=100000 loops=1)
        Hash Cond: (e.team_id = t_cte_12.c_team_id0)
        Buffers: shared hit=886
        ->  Seq Scan on employee e  (cost=0.00..1443.00 rows=100000 width=8) (actual rows=100000 loops=1)
              Buffers: shared hit=443
        ->  Hash  (cost=1963.00..1963.00 rows=1000 width=12) (actual rows=1000 loops=1)
              Buckets: 1024  Batches: 1  Memory Usage: 51kB
              Buffers: shared hit=443
              ->  Subquery Scan on t_cte_12  (cost=1943.00..1963.00 rows=1000 width=12) (actual rows=1000 loops=1)
                    Buffers: shared hit=443
                    ->  HashAggregate  (cost=1943.00..1953.00 rows=1000 width=12) (actual rows=1000 loops=1)
                          Group Key: t_employee_0.team_id
                          Batches: 1  Memory Usage: 193kB
                          Buffers: shared hit=443
                          ->  Seq Scan on employee t_employee_0  (cost=0.00..1443.00 rows=100000 width=8) (actual rows=100000 loops=1)
                                Buffers: shared hit=443
Planning Time: 0.294 ms
Execution Time: 95.145 ms",93.078,12064.92,100000,"HashAggregate  (cost=10088.36..12064.92 rows=100000 width=12) (actual rows=100000 loops=1)
  Group Key: e.employee_id, t_cte_12.c_count0
  Planned Partitions: 4  Batches: 5  Memory Usage: 4145kB  Disk Usage: 1800kB
  Buffers: shared hit=886, temp read=225 written=387
  ->  Hash Join  (cost=1975.50..3682.11 rows=100000 width=12) (actual rows=100000 loops=1)
        Hash Cond: (e.team_id = t_cte_12.c_team_id0)
        Buffers: shared hit=886
        ->  Seq Scan on employee e  (cost=0.00..1443.00 rows=100000 width=8) (actual rows=100000 loops=1)
              Buffers: shared hit=443
        ->  Hash  (cost=1963.00..1963.00 rows=1000 width=12) (actual rows=1000 loops=1)
              Buckets: 1024  Batches: 1  Memory Usage: 51kB
              Buffers: shared hit=443
              ->  Subquery Scan on t_cte_12  (cost=1943.00..1963.00 rows=1000 width=12) (actual rows=1000 loops=1)
                    Buffers: shared hit=443
                    ->  HashAggregate  (cost=1943.00..1953.00 rows=1000 width=12) (actual rows=1000 loops=1)
                          Group Key: t_employee_0.team_id
                          Batches: 1  Memory Usage: 193kB
                          Buffers: shared hit=443
                          ->  Seq Scan on employee t_employee_0  (cost=0.00..1443.00 rows=100000 width=8) (actual rows=100000 loops=1)
                                Buffers: shared hit=443
Planning Time: 0.155 ms
Execution Time: 93.078 ms",90.9178,90.54,94.1115,95.9718,12064.92,12064.92,100000,100000,100000,100000
766,1303,95,Easy,"select distinct e.employee_id as employee_id, t_cte_9.c_count0 as team_size from schema_1303.employee as e left join (select count(t_employee_0.employee_id) as c_count0, t_employee_0.team_id as c_team_id0 from schema_1303.employee as t_employee_0 group by t_employee_0.team_id) as t_cte_9 on e.team_id = t_cte_9.c_team_id0",87.389,12064.92,100000,"HashAggregate  (cost=10088.36..12064.92 rows=100000 width=12) (actual rows=100000 loops=1)
  Group Key: e.employee_id, (count(t_employee_0.employee_id))
  Planned Partitions: 4  Batches: 5  Memory Usage: 4145kB  Disk Usage: 1800kB
  Buffers: shared hit=886, temp read=225 written=387
  ->  Hash Left Join  (cost=1975.50..3682.11 rows=100000 width=12) (actual rows=100000 loops=1)
        Hash Cond: (e.team_id = t_employee_0.team_id)
        Buffers: shared hit=886
        ->  Seq Scan on employee e  (cost=0.00..1443.00 rows=100000 width=8) (actual rows=100000 loops=1)
              Buffers: shared hit=443
        ->  Hash  (cost=1963.00..1963.00 rows=1000 width=12) (actual rows=1000 loops=1)
              Buckets: 1024  Batches: 1  Memory Usage: 51kB
              Buffers: shared hit=443
              ->  HashAggregate  (cost=1943.00..1953.00 rows=1000 width=12) (actual rows=1000 loops=1)
                    Group Key: t_employee_0.team_id
                    Batches: 1  Memory Usage: 193kB
                    Buffers: shared hit=443
                    ->  Seq Scan on employee t_employee_0  (cost=0.00..1443.00 rows=100000 width=8) (actual rows=100000 loops=1)
                          Buffers: shared hit=443
Planning Time: 0.122 ms
Execution Time: 87.389 ms",93.916,12064.92,100000,"HashAggregate  (cost=10088.36..12064.92 rows=100000 width=12) (actual rows=100000 loops=1)
  Group Key: e.employee_id, (count(t_employee_0.employee_id))
  Planned Partitions: 4  Batches: 5  Memory Usage: 4145kB  Disk Usage: 1800kB
  Buffers: shared hit=886, temp read=225 written=387
  ->  Hash Left Join  (cost=1975.50..3682.11 rows=100000 width=12) (actual rows=100000 loops=1)
        Hash Cond: (e.team_id = t_employee_0.team_id)
        Buffers: shared hit=886
        ->  Seq Scan on employee e  (cost=0.00..1443.00 rows=100000 width=8) (actual rows=100000 loops=1)
              Buffers: shared hit=443
        ->  Hash  (cost=1963.00..1963.00 rows=1000 width=12) (actual rows=1000 loops=1)
              Buckets: 1024  Batches: 1  Memory Usage: 51kB
              Buffers: shared hit=443
              ->  HashAggregate  (cost=1943.00..1953.00 rows=1000 width=12) (actual rows=1000 loops=1)
                    Group Key: t_employee_0.team_id
                    Batches: 1  Memory Usage: 193kB
                    Buffers: shared hit=443
                    ->  Seq Scan on employee t_employee_0  (cost=0.00..1443.00 rows=100000 width=8) (actual rows=100000 loops=1)
                          Buffers: shared hit=443
Planning Time: 0.175 ms
Execution Time: 93.916 ms",93.713,12064.92,100000,"HashAggregate  (cost=10088.36..12064.92 rows=100000 width=12) (actual rows=100000 loops=1)
  Group Key: e.employee_id, (count(t_employee_0.employee_id))
  Planned Partitions: 4  Batches: 5  Memory Usage: 4145kB  Disk Usage: 1800kB
  Buffers: shared hit=886, temp read=225 written=387
  ->  Hash Left Join  (cost=1975.50..3682.11 rows=100000 width=12) (actual rows=100000 loops=1)
        Hash Cond: (e.team_id = t_employee_0.team_id)
        Buffers: shared hit=886
        ->  Seq Scan on employee e  (cost=0.00..1443.00 rows=100000 width=8) (actual rows=100000 loops=1)
              Buffers: shared hit=443
        ->  Hash  (cost=1963.00..1963.00 rows=1000 width=12) (actual rows=1000 loops=1)
              Buckets: 1024  Batches: 1  Memory Usage: 51kB
              Buffers: shared hit=443
              ->  HashAggregate  (cost=1943.00..1953.00 rows=1000 width=12) (actual rows=1000 loops=1)
                    Group Key: t_employee_0.team_id
                    Batches: 1  Memory Usage: 193kB
                    Buffers: shared hit=443
                    ->  Seq Scan on employee t_employee_0  (cost=0.00..1443.00 rows=100000 width=8) (actual rows=100000 loops=1)
                          Buffers: shared hit=443
Planning Time: 0.161 ms
Execution Time: 93.713 ms",94.306,12064.92,100000,"HashAggregate  (cost=10088.36..12064.92 rows=100000 width=12) (actual rows=100000 loops=1)
  Group Key: e.employee_id, (count(t_employee_0.employee_id))
  Planned Partitions: 4  Batches: 5  Memory Usage: 4145kB  Disk Usage: 1800kB
  Buffers: shared hit=886, temp read=225 written=387
  ->  Hash Left Join  (cost=1975.50..3682.11 rows=100000 width=12) (actual rows=100000 loops=1)
        Hash Cond: (e.team_id = t_employee_0.team_id)
        Buffers: shared hit=886
        ->  Seq Scan on employee e  (cost=0.00..1443.00 rows=100000 width=8) (actual rows=100000 loops=1)
              Buffers: shared hit=443
        ->  Hash  (cost=1963.00..1963.00 rows=1000 width=12) (actual rows=1000 loops=1)
              Buckets: 1024  Batches: 1  Memory Usage: 51kB
              Buffers: shared hit=443
              ->  HashAggregate  (cost=1943.00..1953.00 rows=1000 width=12) (actual rows=1000 loops=1)
                    Group Key: t_employee_0.team_id
                    Batches: 1  Memory Usage: 193kB
                    Buffers: shared hit=443
                    ->  Seq Scan on employee t_employee_0  (cost=0.00..1443.00 rows=100000 width=8) (actual rows=100000 loops=1)
                          Buffers: shared hit=443
Planning Time: 0.142 ms
Execution Time: 94.306 ms",90.616,12064.92,100000,"HashAggregate  (cost=10088.36..12064.92 rows=100000 width=12) (actual rows=100000 loops=1)
  Group Key: e.employee_id, (count(t_employee_0.employee_id))
  Planned Partitions: 4  Batches: 5  Memory Usage: 4145kB  Disk Usage: 1800kB
  Buffers: shared hit=886, temp read=225 written=387
  ->  Hash Left Join  (cost=1975.50..3682.11 rows=100000 width=12) (actual rows=100000 loops=1)
        Hash Cond: (e.team_id = t_employee_0.team_id)
        Buffers: shared hit=886
        ->  Seq Scan on employee e  (cost=0.00..1443.00 rows=100000 width=8) (actual rows=100000 loops=1)
              Buffers: shared hit=443
        ->  Hash  (cost=1963.00..1963.00 rows=1000 width=12) (actual rows=1000 loops=1)
              Buckets: 1024  Batches: 1  Memory Usage: 51kB
              Buffers: shared hit=443
              ->  HashAggregate  (cost=1943.00..1953.00 rows=1000 width=12) (actual rows=1000 loops=1)
                    Group Key: t_employee_0.team_id
                    Batches: 1  Memory Usage: 193kB
                    Buffers: shared hit=443
                    ->  Seq Scan on employee t_employee_0  (cost=0.00..1443.00 rows=100000 width=8) (actual rows=100000 loops=1)
                          Buffers: shared hit=443
Planning Time: 0.137 ms
Execution Time: 90.616 ms",91.988,93.713,94.111,94.462,12064.92,12064.92,100000,100000,100000,100000
773,1303,106,Easy,"select distinct e.employee_id as employee_id, t_cte_1.c_count0 as team_size from (select count(t_employee_0.employee_id) as c_count0, t_employee_0.team_id as c_team_id0 from schema_1303.employee as t_employee_0 group by t_employee_0.team_id) as t_cte_1 left join schema_1303.employee as e on e.team_id = t_cte_1.c_team_id0",88.661,12064.92,100000,"HashAggregate  (cost=10088.36..12064.92 rows=100000 width=12) (actual rows=100000 loops=1)
  Group Key: e.employee_id, (count(t_employee_0.employee_id))
  Planned Partitions: 4  Batches: 5  Memory Usage: 4145kB  Disk Usage: 1800kB
  Buffers: shared hit=886, temp read=225 written=387
  ->  Hash Right Join  (cost=1975.50..3682.11 rows=100000 width=12) (actual rows=100000 loops=1)
        Hash Cond: (e.team_id = t_employee_0.team_id)
        Buffers: shared hit=886
        ->  Seq Scan on employee e  (cost=0.00..1443.00 rows=100000 width=8) (actual rows=100000 loops=1)
              Buffers: shared hit=443
        ->  Hash  (cost=1963.00..1963.00 rows=1000 width=12) (actual rows=1000 loops=1)
              Buckets: 1024  Batches: 1  Memory Usage: 51kB
              Buffers: shared hit=443
              ->  HashAggregate  (cost=1943.00..1953.00 rows=1000 width=12) (actual rows=1000 loops=1)
                    Group Key: t_employee_0.team_id
                    Batches: 1  Memory Usage: 193kB
                    Buffers: shared hit=443
                    ->  Seq Scan on employee t_employee_0  (cost=0.00..1443.00 rows=100000 width=8) (actual rows=100000 loops=1)
                          Buffers: shared hit=443
Planning Time: 0.149 ms
Execution Time: 88.661 ms",91.953,12064.92,100000,"HashAggregate  (cost=10088.36..12064.92 rows=100000 width=12) (actual rows=100000 loops=1)
  Group Key: e.employee_id, (count(t_employee_0.employee_id))
  Planned Partitions: 4  Batches: 5  Memory Usage: 4145kB  Disk Usage: 1800kB
  Buffers: shared hit=886, temp read=225 written=387
  ->  Hash Right Join  (cost=1975.50..3682.11 rows=100000 width=12) (actual rows=100000 loops=1)
        Hash Cond: (e.team_id = t_employee_0.team_id)
        Buffers: shared hit=886
        ->  Seq Scan on employee e  (cost=0.00..1443.00 rows=100000 width=8) (actual rows=100000 loops=1)
              Buffers: shared hit=443
        ->  Hash  (cost=1963.00..1963.00 rows=1000 width=12) (actual rows=1000 loops=1)
              Buckets: 1024  Batches: 1  Memory Usage: 51kB
              Buffers: shared hit=443
              ->  HashAggregate  (cost=1943.00..1953.00 rows=1000 width=12) (actual rows=1000 loops=1)
                    Group Key: t_employee_0.team_id
                    Batches: 1  Memory Usage: 193kB
                    Buffers: shared hit=443
                    ->  Seq Scan on employee t_employee_0  (cost=0.00..1443.00 rows=100000 width=8) (actual rows=100000 loops=1)
                          Buffers: shared hit=443
Planning Time: 0.146 ms
Execution Time: 91.953 ms",94.394,12064.92,100000,"HashAggregate  (cost=10088.36..12064.92 rows=100000 width=12) (actual rows=100000 loops=1)
  Group Key: e.employee_id, (count(t_employee_0.employee_id))
  Planned Partitions: 4  Batches: 5  Memory Usage: 4145kB  Disk Usage: 1800kB
  Buffers: shared hit=886, temp read=225 written=387
  ->  Hash Right Join  (cost=1975.50..3682.11 rows=100000 width=12) (actual rows=100000 loops=1)
        Hash Cond: (e.team_id = t_employee_0.team_id)
        Buffers: shared hit=886
        ->  Seq Scan on employee e  (cost=0.00..1443.00 rows=100000 width=8) (actual rows=100000 loops=1)
              Buffers: shared hit=443
        ->  Hash  (cost=1963.00..1963.00 rows=1000 width=12) (actual rows=1000 loops=1)
              Buckets: 1024  Batches: 1  Memory Usage: 51kB
              Buffers: shared hit=443
              ->  HashAggregate  (cost=1943.00..1953.00 rows=1000 width=12) (actual rows=1000 loops=1)
                    Group Key: t_employee_0.team_id
                    Batches: 1  Memory Usage: 193kB
                    Buffers: shared hit=443
                    ->  Seq Scan on employee t_employee_0  (cost=0.00..1443.00 rows=100000 width=8) (actual rows=100000 loops=1)
                          Buffers: shared hit=443
Planning Time: 0.181 ms
Execution Time: 94.394 ms",94.79,12064.92,100000,"HashAggregate  (cost=10088.36..12064.92 rows=100000 width=12) (actual rows=100000 loops=1)
  Group Key: e.employee_id, (count(t_employee_0.employee_id))
  Planned Partitions: 4  Batches: 5  Memory Usage: 4145kB  Disk Usage: 1800kB
  Buffers: shared hit=886, temp read=225 written=387
  ->  Hash Right Join  (cost=1975.50..3682.11 rows=100000 width=12) (actual rows=100000 loops=1)
        Hash Cond: (e.team_id = t_employee_0.team_id)
        Buffers: shared hit=886
        ->  Seq Scan on employee e  (cost=0.00..1443.00 rows=100000 width=8) (actual rows=100000 loops=1)
              Buffers: shared hit=443
        ->  Hash  (cost=1963.00..1963.00 rows=1000 width=12) (actual rows=1000 loops=1)
              Buckets: 1024  Batches: 1  Memory Usage: 51kB
              Buffers: shared hit=443
              ->  HashAggregate  (cost=1943.00..1953.00 rows=1000 width=12) (actual rows=1000 loops=1)
                    Group Key: t_employee_0.team_id
                    Batches: 1  Memory Usage: 193kB
                    Buffers: shared hit=443
                    ->  Seq Scan on employee t_employee_0  (cost=0.00..1443.00 rows=100000 width=8) (actual rows=100000 loops=1)
                          Buffers: shared hit=443
Planning Time: 0.152 ms
Execution Time: 94.790 ms",94.868,12064.92,100000,"HashAggregate  (cost=10088.36..12064.92 rows=100000 width=12) (actual rows=100000 loops=1)
  Group Key: e.employee_id, (count(t_employee_0.employee_id))
  Planned Partitions: 4  Batches: 5  Memory Usage: 4145kB  Disk Usage: 1800kB
  Buffers: shared hit=886, temp read=225 written=387
  ->  Hash Right Join  (cost=1975.50..3682.11 rows=100000 width=12) (actual rows=100000 loops=1)
        Hash Cond: (e.team_id = t_employee_0.team_id)
        Buffers: shared hit=886
        ->  Seq Scan on employee e  (cost=0.00..1443.00 rows=100000 width=8) (actual rows=100000 loops=1)
              Buffers: shared hit=443
        ->  Hash  (cost=1963.00..1963.00 rows=1000 width=12) (actual rows=1000 loops=1)
              Buckets: 1024  Batches: 1  Memory Usage: 51kB
              Buffers: shared hit=443
              ->  HashAggregate  (cost=1943.00..1953.00 rows=1000 width=12) (actual rows=1000 loops=1)
                    Group Key: t_employee_0.team_id
                    Batches: 1  Memory Usage: 193kB
                    Buffers: shared hit=443
                    ->  Seq Scan on employee t_employee_0  (cost=0.00..1443.00 rows=100000 width=8) (actual rows=100000 loops=1)
                          Buffers: shared hit=443
Planning Time: 0.171 ms
Execution Time: 94.868 ms",92.9332,94.394,94.829,94.8992,12064.92,12064.92,100000,100000,100000,100000
774,1303,107,Easy,"select distinct e.employee_id as employee_id, t_cte_10.c_count0 as team_size from schema_1303.employee as e inner join (select count(t_employee_0.employee_id) as c_count0, t_employee_0.team_id as c_team_id0 from schema_1303.employee as t_employee_0 group by t_employee_0.team_id) as t_cte_10 on e.team_id = t_cte_10.c_team_id0",87.853,12064.92,100000,"HashAggregate  (cost=10088.36..12064.92 rows=100000 width=12) (actual rows=100000 loops=1)
  Group Key: e.employee_id, (count(t_employee_0.employee_id))
  Planned Partitions: 4  Batches: 5  Memory Usage: 4145kB  Disk Usage: 1800kB
  Buffers: shared hit=886, temp read=225 written=387
  ->  Hash Join  (cost=1975.50..3682.11 rows=100000 width=12) (actual rows=100000 loops=1)
        Hash Cond: (e.team_id = t_employee_0.team_id)
        Buffers: shared hit=886
        ->  Seq Scan on employee e  (cost=0.00..1443.00 rows=100000 width=8) (actual rows=100000 loops=1)
              Buffers: shared hit=443
        ->  Hash  (cost=1963.00..1963.00 rows=1000 width=12) (actual rows=1000 loops=1)
              Buckets: 1024  Batches: 1  Memory Usage: 51kB
              Buffers: shared hit=443
              ->  HashAggregate  (cost=1943.00..1953.00 rows=1000 width=12) (actual rows=1000 loops=1)
                    Group Key: t_employee_0.team_id
                    Batches: 1  Memory Usage: 193kB
                    Buffers: shared hit=443
                    ->  Seq Scan on employee t_employee_0  (cost=0.00..1443.00 rows=100000 width=8) (actual rows=100000 loops=1)
                          Buffers: shared hit=443
Planning Time: 0.101 ms
Execution Time: 87.853 ms",98.759,12064.92,100000,"HashAggregate  (cost=10088.36..12064.92 rows=100000 width=12) (actual rows=100000 loops=1)
  Group Key: e.employee_id, (count(t_employee_0.employee_id))
  Planned Partitions: 4  Batches: 5  Memory Usage: 4145kB  Disk Usage: 1800kB
  Buffers: shared hit=886, temp read=225 written=387
  ->  Hash Join  (cost=1975.50..3682.11 rows=100000 width=12) (actual rows=100000 loops=1)
        Hash Cond: (e.team_id = t_employee_0.team_id)
        Buffers: shared hit=886
        ->  Seq Scan on employee e  (cost=0.00..1443.00 rows=100000 width=8) (actual rows=100000 loops=1)
              Buffers: shared hit=443
        ->  Hash  (cost=1963.00..1963.00 rows=1000 width=12) (actual rows=1000 loops=1)
              Buckets: 1024  Batches: 1  Memory Usage: 51kB
              Buffers: shared hit=443
              ->  HashAggregate  (cost=1943.00..1953.00 rows=1000 width=12) (actual rows=1000 loops=1)
                    Group Key: t_employee_0.team_id
                    Batches: 1  Memory Usage: 193kB
                    Buffers: shared hit=443
                    ->  Seq Scan on employee t_employee_0  (cost=0.00..1443.00 rows=100000 width=8) (actual rows=100000 loops=1)
                          Buffers: shared hit=443
Planning Time: 0.143 ms
Execution Time: 98.759 ms",100.547,12064.92,100000,"HashAggregate  (cost=10088.36..12064.92 rows=100000 width=12) (actual rows=100000 loops=1)
  Group Key: e.employee_id, (count(t_employee_0.employee_id))
  Planned Partitions: 4  Batches: 5  Memory Usage: 4145kB  Disk Usage: 1800kB
  Buffers: shared hit=886, temp read=225 written=387
  ->  Hash Join  (cost=1975.50..3682.11 rows=100000 width=12) (actual rows=100000 loops=1)
        Hash Cond: (e.team_id = t_employee_0.team_id)
        Buffers: shared hit=886
        ->  Seq Scan on employee e  (cost=0.00..1443.00 rows=100000 width=8) (actual rows=100000 loops=1)
              Buffers: shared hit=443
        ->  Hash  (cost=1963.00..1963.00 rows=1000 width=12) (actual rows=1000 loops=1)
              Buckets: 1024  Batches: 1  Memory Usage: 51kB
              Buffers: shared hit=443
              ->  HashAggregate  (cost=1943.00..1953.00 rows=1000 width=12) (actual rows=1000 loops=1)
                    Group Key: t_employee_0.team_id
                    Batches: 1  Memory Usage: 193kB
                    Buffers: shared hit=443
                    ->  Seq Scan on employee t_employee_0  (cost=0.00..1443.00 rows=100000 width=8) (actual rows=100000 loops=1)
                          Buffers: shared hit=443
Planning Time: 0.145 ms
Execution Time: 100.547 ms",92.85,12064.92,100000,"HashAggregate  (cost=10088.36..12064.92 rows=100000 width=12) (actual rows=100000 loops=1)
  Group Key: e.employee_id, (count(t_employee_0.employee_id))
  Planned Partitions: 4  Batches: 5  Memory Usage: 4145kB  Disk Usage: 1800kB
  Buffers: shared hit=886, temp read=225 written=387
  ->  Hash Join  (cost=1975.50..3682.11 rows=100000 width=12) (actual rows=100000 loops=1)
        Hash Cond: (e.team_id = t_employee_0.team_id)
        Buffers: shared hit=886
        ->  Seq Scan on employee e  (cost=0.00..1443.00 rows=100000 width=8) (actual rows=100000 loops=1)
              Buffers: shared hit=443
        ->  Hash  (cost=1963.00..1963.00 rows=1000 width=12) (actual rows=1000 loops=1)
              Buckets: 1024  Batches: 1  Memory Usage: 51kB
              Buffers: shared hit=443
              ->  HashAggregate  (cost=1943.00..1953.00 rows=1000 width=12) (actual rows=1000 loops=1)
                    Group Key: t_employee_0.team_id
                    Batches: 1  Memory Usage: 193kB
                    Buffers: shared hit=443
                    ->  Seq Scan on employee t_employee_0  (cost=0.00..1443.00 rows=100000 width=8) (actual rows=100000 loops=1)
                          Buffers: shared hit=443
Planning Time: 0.150 ms
Execution Time: 92.850 ms",91.839,12064.92,100000,"HashAggregate  (cost=10088.36..12064.92 rows=100000 width=12) (actual rows=100000 loops=1)
  Group Key: e.employee_id, (count(t_employee_0.employee_id))
  Planned Partitions: 4  Batches: 5  Memory Usage: 4145kB  Disk Usage: 1800kB
  Buffers: shared hit=886, temp read=225 written=387
  ->  Hash Join  (cost=1975.50..3682.11 rows=100000 width=12) (actual rows=100000 loops=1)
        Hash Cond: (e.team_id = t_employee_0.team_id)
        Buffers: shared hit=886
        ->  Seq Scan on employee e  (cost=0.00..1443.00 rows=100000 width=8) (actual rows=100000 loops=1)
              Buffers: shared hit=443
        ->  Hash  (cost=1963.00..1963.00 rows=1000 width=12) (actual rows=1000 loops=1)
              Buckets: 1024  Batches: 1  Memory Usage: 51kB
              Buffers: shared hit=443
              ->  HashAggregate  (cost=1943.00..1953.00 rows=1000 width=12) (actual rows=1000 loops=1)
                    Group Key: t_employee_0.team_id
                    Batches: 1  Memory Usage: 193kB
                    Buffers: shared hit=443
                    ->  Seq Scan on employee t_employee_0  (cost=0.00..1443.00 rows=100000 width=8) (actual rows=100000 loops=1)
                          Buffers: shared hit=443
Planning Time: 0.141 ms
Execution Time: 91.839 ms",94.3696,92.85,99.653,101.2622,12064.92,12064.92,100000,100000,100000,100000
778,1303,115,Easy,"select e2.employee_id as employee_id, count(e2.employee_id) as team_size from schema_1303.employee as e2 inner join (select e1.team_id as c_team_id0 from schema_1303.employee as e1 group by e1.employee_id,e1.team_id) as t_cte_8 on t_cte_8.c_team_id0 = e2.team_id group by e2.team_id,e2.employee_id",4008.034,770057.29,100000,"HashAggregate  (cost=690932.29..770057.29 rows=100000 width=16) (actual rows=100000 loops=1)
  Group Key: e2.employee_id
  Planned Partitions: 4  Batches: 5  Memory Usage: 4145kB  Disk Usage: 196544kB
  Buffers: shared hit=1161, temp read=24661 written=43058
  ->  Hash Join  (cost=3084.29..128432.29 rows=10000000 width=8) (actual rows=10095422 loops=1)
        Hash Cond: (t_cte_8.c_team_id0 = e2.team_id)
        Buffers: shared hit=1161, temp read=320 written=320
        ->  Subquery Scan on t_cte_8  (cost=0.29..4300.29 rows=100000 width=4) (actual rows=100000 loops=1)
              Buffers: shared hit=718
              ->  Group  (cost=0.29..3300.29 rows=100000 width=8) (actual rows=100000 loops=1)
                    Group Key: e1.employee_id
                    Buffers: shared hit=718
                    ->  Index Scan using employee_pkey on employee e1  (cost=0.29..3050.29 rows=100000 width=8) (actual rows=100000 loops=1)
                          Buffers: shared hit=718
        ->  Hash  (cost=1443.00..1443.00 rows=100000 width=8) (actual rows=100000 loops=1)
              Buckets: 131072  Batches: 2  Memory Usage: 2966kB
              Buffers: shared hit=443, temp written=171
              ->  Seq Scan on employee e2  (cost=0.00..1443.00 rows=100000 width=8) (actual rows=100000 loops=1)
                    Buffers: shared hit=443
Planning:
  Buffers: shared hit=6
Planning Time: 0.150 ms
JIT:
  Functions: 18
  Options: Inlining true, Optimization true, Expressions true, Deforming true
Execution Time: 4008.034 ms",4007.911,770057.29,100000,"HashAggregate  (cost=690932.29..770057.29 rows=100000 width=16) (actual rows=100000 loops=1)
  Group Key: e2.employee_id
  Planned Partitions: 4  Batches: 5  Memory Usage: 4145kB  Disk Usage: 196544kB
  Buffers: shared hit=1161, temp read=24661 written=43058
  ->  Hash Join  (cost=3084.29..128432.29 rows=10000000 width=8) (actual rows=10095422 loops=1)
        Hash Cond: (t_cte_8.c_team_id0 = e2.team_id)
        Buffers: shared hit=1161, temp read=320 written=320
        ->  Subquery Scan on t_cte_8  (cost=0.29..4300.29 rows=100000 width=4) (actual rows=100000 loops=1)
              Buffers: shared hit=718
              ->  Group  (cost=0.29..3300.29 rows=100000 width=8) (actual rows=100000 loops=1)
                    Group Key: e1.employee_id
                    Buffers: shared hit=718
                    ->  Index Scan using employee_pkey on employee e1  (cost=0.29..3050.29 rows=100000 width=8) (actual rows=100000 loops=1)
                          Buffers: shared hit=718
        ->  Hash  (cost=1443.00..1443.00 rows=100000 width=8) (actual rows=100000 loops=1)
              Buckets: 131072  Batches: 2  Memory Usage: 2966kB
              Buffers: shared hit=443, temp written=171
              ->  Seq Scan on employee e2  (cost=0.00..1443.00 rows=100000 width=8) (actual rows=100000 loops=1)
                    Buffers: shared hit=443
Planning:
  Buffers: shared hit=6
Planning Time: 0.207 ms
JIT:
  Functions: 18
  Options: Inlining true, Optimization true, Expressions true, Deforming true
Execution Time: 4007.911 ms",3952.432,770057.29,100000,"HashAggregate  (cost=690932.29..770057.29 rows=100000 width=16) (actual rows=100000 loops=1)
  Group Key: e2.employee_id
  Planned Partitions: 4  Batches: 5  Memory Usage: 4145kB  Disk Usage: 196544kB
  Buffers: shared hit=1161, temp read=24661 written=43058
  ->  Hash Join  (cost=3084.29..128432.29 rows=10000000 width=8) (actual rows=10095422 loops=1)
        Hash Cond: (t_cte_8.c_team_id0 = e2.team_id)
        Buffers: shared hit=1161, temp read=320 written=320
        ->  Subquery Scan on t_cte_8  (cost=0.29..4300.29 rows=100000 width=4) (actual rows=100000 loops=1)
              Buffers: shared hit=718
              ->  Group  (cost=0.29..3300.29 rows=100000 width=8) (actual rows=100000 loops=1)
                    Group Key: e1.employee_id
                    Buffers: shared hit=718
                    ->  Index Scan using employee_pkey on employee e1  (cost=0.29..3050.29 rows=100000 width=8) (actual rows=100000 loops=1)
                          Buffers: shared hit=718
        ->  Hash  (cost=1443.00..1443.00 rows=100000 width=8) (actual rows=100000 loops=1)
              Buckets: 131072  Batches: 2  Memory Usage: 2966kB
              Buffers: shared hit=443, temp written=171
              ->  Seq Scan on employee e2  (cost=0.00..1443.00 rows=100000 width=8) (actual rows=100000 loops=1)
                    Buffers: shared hit=443
Planning:
  Buffers: shared hit=6
Planning Time: 0.173 ms
JIT:
  Functions: 18
  Options: Inlining true, Optimization true, Expressions true, Deforming true
Execution Time: 3952.432 ms",3972.424,770057.29,100000,"HashAggregate  (cost=690932.29..770057.29 rows=100000 width=16) (actual rows=100000 loops=1)
  Group Key: e2.employee_id
  Planned Partitions: 4  Batches: 5  Memory Usage: 4145kB  Disk Usage: 196544kB
  Buffers: shared hit=1161, temp read=24661 written=43058
  ->  Hash Join  (cost=3084.29..128432.29 rows=10000000 width=8) (actual rows=10095422 loops=1)
        Hash Cond: (t_cte_8.c_team_id0 = e2.team_id)
        Buffers: shared hit=1161, temp read=320 written=320
        ->  Subquery Scan on t_cte_8  (cost=0.29..4300.29 rows=100000 width=4) (actual rows=100000 loops=1)
              Buffers: shared hit=718
              ->  Group  (cost=0.29..3300.29 rows=100000 width=8) (actual rows=100000 loops=1)
                    Group Key: e1.employee_id
                    Buffers: shared hit=718
                    ->  Index Scan using employee_pkey on employee e1  (cost=0.29..3050.29 rows=100000 width=8) (actual rows=100000 loops=1)
                          Buffers: shared hit=718
        ->  Hash  (cost=1443.00..1443.00 rows=100000 width=8) (actual rows=100000 loops=1)
              Buckets: 131072  Batches: 2  Memory Usage: 2966kB
              Buffers: shared hit=443, temp written=171
              ->  Seq Scan on employee e2  (cost=0.00..1443.00 rows=100000 width=8) (actual rows=100000 loops=1)
                    Buffers: shared hit=443
Planning:
  Buffers: shared hit=6
Planning Time: 0.176 ms
JIT:
  Functions: 18
  Options: Inlining true, Optimization true, Expressions true, Deforming true
Execution Time: 3972.424 ms",3966.856,770057.29,100000,"HashAggregate  (cost=690932.29..770057.29 rows=100000 width=16) (actual rows=100000 loops=1)
  Group Key: e2.employee_id
  Planned Partitions: 4  Batches: 5  Memory Usage: 4145kB  Disk Usage: 196544kB
  Buffers: shared hit=1161, temp read=24661 written=43058
  ->  Hash Join  (cost=3084.29..128432.29 rows=10000000 width=8) (actual rows=10095422 loops=1)
        Hash Cond: (t_cte_8.c_team_id0 = e2.team_id)
        Buffers: shared hit=1161, temp read=320 written=320
        ->  Subquery Scan on t_cte_8  (cost=0.29..4300.29 rows=100000 width=4) (actual rows=100000 loops=1)
              Buffers: shared hit=718
              ->  Group  (cost=0.29..3300.29 rows=100000 width=8) (actual rows=100000 loops=1)
                    Group Key: e1.employee_id
                    Buffers: shared hit=718
                    ->  Index Scan using employee_pkey on employee e1  (cost=0.29..3050.29 rows=100000 width=8) (actual rows=100000 loops=1)
                          Buffers: shared hit=718
        ->  Hash  (cost=1443.00..1443.00 rows=100000 width=8) (actual rows=100000 loops=1)
              Buckets: 131072  Batches: 2  Memory Usage: 2966kB
              Buffers: shared hit=443, temp written=171
              ->  Seq Scan on employee e2  (cost=0.00..1443.00 rows=100000 width=8) (actual rows=100000 loops=1)
                    Buffers: shared hit=443
Planning:
  Buffers: shared hit=6
Planning Time: 0.187 ms
JIT:
  Functions: 18
  Options: Inlining true, Optimization true, Expressions true, Deforming true
Execution Time: 3966.856 ms",3981.5314,3972.424,4007.9725,4008.0832,770057.29,770057.29,100000,100000,100000,100000
779,1303,116,Easy,"select e2.employee_id as employee_id, count(e2.employee_id) as team_size from schema_1303.employee as e1 inner join schema_1303.employee as e2 on e1.team_id = e2.team_id group by e2.employee_id,e2.team_id",3950.992,770217.68,100000,"HashAggregate  (cost=690774.36..770217.68 rows=100000 width=16) (actual rows=100000 loops=1)
  Group Key: e2.employee_id
  Planned Partitions: 4  Batches: 5  Memory Usage: 4145kB  Disk Usage: 196472kB
  Buffers: shared hit=886, temp read=24619 written=43005
  ->  Hash Join  (cost=3084.00..125982.45 rows=10040745 width=8) (actual rows=10095422 loops=1)
        Hash Cond: (e1.team_id = e2.team_id)
        Buffers: shared hit=886, temp read=314 written=314
        ->  Seq Scan on employee e1  (cost=0.00..1443.00 rows=100000 width=4) (actual rows=100000 loops=1)
              Buffers: shared hit=443
        ->  Hash  (cost=1443.00..1443.00 rows=100000 width=8) (actual rows=100000 loops=1)
              Buckets: 131072  Batches: 2  Memory Usage: 3008kB
              Buffers: shared hit=443, temp written=168
              ->  Seq Scan on employee e2  (cost=0.00..1443.00 rows=100000 width=8) (actual rows=100000 loops=1)
                    Buffers: shared hit=443
Planning:
  Buffers: shared hit=3
Planning Time: 0.111 ms
JIT:
  Functions: 16
  Options: Inlining true, Optimization true, Expressions true, Deforming true
Execution Time: 3950.992 ms",3986.291,770217.68,100000,"HashAggregate  (cost=690774.36..770217.68 rows=100000 width=16) (actual rows=100000 loops=1)
  Group Key: e2.employee_id
  Planned Partitions: 4  Batches: 5  Memory Usage: 4145kB  Disk Usage: 196472kB
  Buffers: shared hit=886, temp read=24619 written=43005
  ->  Hash Join  (cost=3084.00..125982.45 rows=10040745 width=8) (actual rows=10095422 loops=1)
        Hash Cond: (e1.team_id = e2.team_id)
        Buffers: shared hit=886, temp read=314 written=314
        ->  Seq Scan on employee e1  (cost=0.00..1443.00 rows=100000 width=4) (actual rows=100000 loops=1)
              Buffers: shared hit=443
        ->  Hash  (cost=1443.00..1443.00 rows=100000 width=8) (actual rows=100000 loops=1)
              Buckets: 131072  Batches: 2  Memory Usage: 3008kB
              Buffers: shared hit=443, temp written=168
              ->  Seq Scan on employee e2  (cost=0.00..1443.00 rows=100000 width=8) (actual rows=100000 loops=1)
                    Buffers: shared hit=443
Planning:
  Buffers: shared hit=3
Planning Time: 0.158 ms
JIT:
  Functions: 16
  Options: Inlining true, Optimization true, Expressions true, Deforming true
Execution Time: 3986.291 ms",3936.378,770217.68,100000,"HashAggregate  (cost=690774.36..770217.68 rows=100000 width=16) (actual rows=100000 loops=1)
  Group Key: e2.employee_id
  Planned Partitions: 4  Batches: 5  Memory Usage: 4145kB  Disk Usage: 196472kB
  Buffers: shared hit=886, temp read=24619 written=43005
  ->  Hash Join  (cost=3084.00..125982.45 rows=10040745 width=8) (actual rows=10095422 loops=1)
        Hash Cond: (e1.team_id = e2.team_id)
        Buffers: shared hit=886, temp read=314 written=314
        ->  Seq Scan on employee e1  (cost=0.00..1443.00 rows=100000 width=4) (actual rows=100000 loops=1)
              Buffers: shared hit=443
        ->  Hash  (cost=1443.00..1443.00 rows=100000 width=8) (actual rows=100000 loops=1)
              Buckets: 131072  Batches: 2  Memory Usage: 3008kB
              Buffers: shared hit=443, temp written=168
              ->  Seq Scan on employee e2  (cost=0.00..1443.00 rows=100000 width=8) (actual rows=100000 loops=1)
                    Buffers: shared hit=443
Planning:
  Buffers: shared hit=3
Planning Time: 0.158 ms
JIT:
  Functions: 16
  Options: Inlining true, Optimization true, Expressions true, Deforming true
Execution Time: 3936.378 ms",3946.282,770217.68,100000,"HashAggregate  (cost=690774.36..770217.68 rows=100000 width=16) (actual rows=100000 loops=1)
  Group Key: e2.employee_id
  Planned Partitions: 4  Batches: 5  Memory Usage: 4145kB  Disk Usage: 196472kB
  Buffers: shared hit=886, temp read=24619 written=43005
  ->  Hash Join  (cost=3084.00..125982.45 rows=10040745 width=8) (actual rows=10095422 loops=1)
        Hash Cond: (e1.team_id = e2.team_id)
        Buffers: shared hit=886, temp read=314 written=314
        ->  Seq Scan on employee e1  (cost=0.00..1443.00 rows=100000 width=4) (actual rows=100000 loops=1)
              Buffers: shared hit=443
        ->  Hash  (cost=1443.00..1443.00 rows=100000 width=8) (actual rows=100000 loops=1)
              Buckets: 131072  Batches: 2  Memory Usage: 3008kB
              Buffers: shared hit=443, temp written=168
              ->  Seq Scan on employee e2  (cost=0.00..1443.00 rows=100000 width=8) (actual rows=100000 loops=1)
                    Buffers: shared hit=443
Planning:
  Buffers: shared hit=3
Planning Time: 0.167 ms
JIT:
  Functions: 16
  Options: Inlining true, Optimization true, Expressions true, Deforming true
Execution Time: 3946.282 ms",3946.76,770217.68,100000,"HashAggregate  (cost=690774.36..770217.68 rows=100000 width=16) (actual rows=100000 loops=1)
  Group Key: e2.employee_id
  Planned Partitions: 4  Batches: 5  Memory Usage: 4145kB  Disk Usage: 196472kB
  Buffers: shared hit=886, temp read=24619 written=43005
  ->  Hash Join  (cost=3084.00..125982.45 rows=10040745 width=8) (actual rows=10095422 loops=1)
        Hash Cond: (e1.team_id = e2.team_id)
        Buffers: shared hit=886, temp read=314 written=314
        ->  Seq Scan on employee e1  (cost=0.00..1443.00 rows=100000 width=4) (actual rows=100000 loops=1)
              Buffers: shared hit=443
        ->  Hash  (cost=1443.00..1443.00 rows=100000 width=8) (actual rows=100000 loops=1)
              Buckets: 131072  Batches: 2  Memory Usage: 3008kB
              Buffers: shared hit=443, temp written=168
              ->  Seq Scan on employee e2  (cost=0.00..1443.00 rows=100000 width=8) (actual rows=100000 loops=1)
                    Buffers: shared hit=443
Planning:
  Buffers: shared hit=3
Planning Time: 0.153 ms
JIT:
  Functions: 16
  Options: Inlining true, Optimization true, Expressions true, Deforming true
Execution Time: 3946.760 ms",3953.3406,3946.76,3968.6415,4000.4106,770217.68,770217.68,100000,100000,100000,100000
785,1303,157,Easy,"select distinct e.employee_id as employee_id, t_cte_12.c_count0 as team_size from schema_1303.employee as e left join (select t_employee_0.team_id as c_team_id0, count(t_employee_0.employee_id) as c_count0 from schema_1303.employee as t_employee_0 group by t_employee_0.team_id) as t_cte_12 on e.team_id = t_cte_12.c_team_id0",89.411,12064.92,100000,"HashAggregate  (cost=10088.36..12064.92 rows=100000 width=12) (actual rows=100000 loops=1)
  Group Key: e.employee_id, t_cte_12.c_count0
  Planned Partitions: 4  Batches: 5  Memory Usage: 4145kB  Disk Usage: 1800kB
  Buffers: shared hit=886, temp read=225 written=387
  ->  Hash Left Join  (cost=1975.50..3682.11 rows=100000 width=12) (actual rows=100000 loops=1)
        Hash Cond: (e.team_id = t_cte_12.c_team_id0)
        Buffers: shared hit=886
        ->  Seq Scan on employee e  (cost=0.00..1443.00 rows=100000 width=8) (actual rows=100000 loops=1)
              Buffers: shared hit=443
        ->  Hash  (cost=1963.00..1963.00 rows=1000 width=12) (actual rows=1000 loops=1)
              Buckets: 1024  Batches: 1  Memory Usage: 51kB
              Buffers: shared hit=443
              ->  Subquery Scan on t_cte_12  (cost=1943.00..1963.00 rows=1000 width=12) (actual rows=1000 loops=1)
                    Buffers: shared hit=443
                    ->  HashAggregate  (cost=1943.00..1953.00 rows=1000 width=12) (actual rows=1000 loops=1)
                          Group Key: t_employee_0.team_id
                          Batches: 1  Memory Usage: 193kB
                          Buffers: shared hit=443
                          ->  Seq Scan on employee t_employee_0  (cost=0.00..1443.00 rows=100000 width=8) (actual rows=100000 loops=1)
                                Buffers: shared hit=443
Planning Time: 0.146 ms
Execution Time: 89.411 ms",93.095,12064.92,100000,"HashAggregate  (cost=10088.36..12064.92 rows=100000 width=12) (actual rows=100000 loops=1)
  Group Key: e.employee_id, t_cte_12.c_count0
  Planned Partitions: 4  Batches: 5  Memory Usage: 4145kB  Disk Usage: 1800kB
  Buffers: shared hit=886, temp read=225 written=387
  ->  Hash Left Join  (cost=1975.50..3682.11 rows=100000 width=12) (actual rows=100000 loops=1)
        Hash Cond: (e.team_id = t_cte_12.c_team_id0)
        Buffers: shared hit=886
        ->  Seq Scan on employee e  (cost=0.00..1443.00 rows=100000 width=8) (actual rows=100000 loops=1)
              Buffers: shared hit=443
        ->  Hash  (cost=1963.00..1963.00 rows=1000 width=12) (actual rows=1000 loops=1)
              Buckets: 1024  Batches: 1  Memory Usage: 51kB
              Buffers: shared hit=443
              ->  Subquery Scan on t_cte_12  (cost=1943.00..1963.00 rows=1000 width=12) (actual rows=1000 loops=1)
                    Buffers: shared hit=443
                    ->  HashAggregate  (cost=1943.00..1953.00 rows=1000 width=12) (actual rows=1000 loops=1)
                          Group Key: t_employee_0.team_id
                          Batches: 1  Memory Usage: 193kB
                          Buffers: shared hit=443
                          ->  Seq Scan on employee t_employee_0  (cost=0.00..1443.00 rows=100000 width=8) (actual rows=100000 loops=1)
                                Buffers: shared hit=443
Planning Time: 0.169 ms
Execution Time: 93.095 ms",94.975,12064.92,100000,"HashAggregate  (cost=10088.36..12064.92 rows=100000 width=12) (actual rows=100000 loops=1)
  Group Key: e.employee_id, t_cte_12.c_count0
  Planned Partitions: 4  Batches: 5  Memory Usage: 4145kB  Disk Usage: 1800kB
  Buffers: shared hit=886, temp read=225 written=387
  ->  Hash Left Join  (cost=1975.50..3682.11 rows=100000 width=12) (actual rows=100000 loops=1)
        Hash Cond: (e.team_id = t_cte_12.c_team_id0)
        Buffers: shared hit=886
        ->  Seq Scan on employee e  (cost=0.00..1443.00 rows=100000 width=8) (actual rows=100000 loops=1)
              Buffers: shared hit=443
        ->  Hash  (cost=1963.00..1963.00 rows=1000 width=12) (actual rows=1000 loops=1)
              Buckets: 1024  Batches: 1  Memory Usage: 51kB
              Buffers: shared hit=443
              ->  Subquery Scan on t_cte_12  (cost=1943.00..1963.00 rows=1000 width=12) (actual rows=1000 loops=1)
                    Buffers: shared hit=443
                    ->  HashAggregate  (cost=1943.00..1953.00 rows=1000 width=12) (actual rows=1000 loops=1)
                          Group Key: t_employee_0.team_id
                          Batches: 1  Memory Usage: 193kB
                          Buffers: shared hit=443
                          ->  Seq Scan on employee t_employee_0  (cost=0.00..1443.00 rows=100000 width=8) (actual rows=100000 loops=1)
                                Buffers: shared hit=443
Planning Time: 0.151 ms
Execution Time: 94.975 ms",94.045,12064.92,100000,"HashAggregate  (cost=10088.36..12064.92 rows=100000 width=12) (actual rows=100000 loops=1)
  Group Key: e.employee_id, t_cte_12.c_count0
  Planned Partitions: 4  Batches: 5  Memory Usage: 4145kB  Disk Usage: 1800kB
  Buffers: shared hit=886, temp read=225 written=387
  ->  Hash Left Join  (cost=1975.50..3682.11 rows=100000 width=12) (actual rows=100000 loops=1)
        Hash Cond: (e.team_id = t_cte_12.c_team_id0)
        Buffers: shared hit=886
        ->  Seq Scan on employee e  (cost=0.00..1443.00 rows=100000 width=8) (actual rows=100000 loops=1)
              Buffers: shared hit=443
        ->  Hash  (cost=1963.00..1963.00 rows=1000 width=12) (actual rows=1000 loops=1)
              Buckets: 1024  Batches: 1  Memory Usage: 51kB
              Buffers: shared hit=443
              ->  Subquery Scan on t_cte_12  (cost=1943.00..1963.00 rows=1000 width=12) (actual rows=1000 loops=1)
                    Buffers: shared hit=443
                    ->  HashAggregate  (cost=1943.00..1953.00 rows=1000 width=12) (actual rows=1000 loops=1)
                          Group Key: t_employee_0.team_id
                          Batches: 1  Memory Usage: 193kB
                          Buffers: shared hit=443
                          ->  Seq Scan on employee t_employee_0  (cost=0.00..1443.00 rows=100000 width=8) (actual rows=100000 loops=1)
                                Buffers: shared hit=443
Planning Time: 0.146 ms
Execution Time: 94.045 ms",93.772,12064.92,100000,"HashAggregate  (cost=10088.36..12064.92 rows=100000 width=12) (actual rows=100000 loops=1)
  Group Key: e.employee_id, t_cte_12.c_count0
  Planned Partitions: 4  Batches: 5  Memory Usage: 4145kB  Disk Usage: 1800kB
  Buffers: shared hit=886, temp read=225 written=387
  ->  Hash Left Join  (cost=1975.50..3682.11 rows=100000 width=12) (actual rows=100000 loops=1)
        Hash Cond: (e.team_id = t_cte_12.c_team_id0)
        Buffers: shared hit=886
        ->  Seq Scan on employee e  (cost=0.00..1443.00 rows=100000 width=8) (actual rows=100000 loops=1)
              Buffers: shared hit=443
        ->  Hash  (cost=1963.00..1963.00 rows=1000 width=12) (actual rows=1000 loops=1)
              Buckets: 1024  Batches: 1  Memory Usage: 51kB
              Buffers: shared hit=443
              ->  Subquery Scan on t_cte_12  (cost=1943.00..1963.00 rows=1000 width=12) (actual rows=1000 loops=1)
                    Buffers: shared hit=443
                    ->  HashAggregate  (cost=1943.00..1953.00 rows=1000 width=12) (actual rows=1000 loops=1)
                          Group Key: t_employee_0.team_id
                          Batches: 1  Memory Usage: 193kB
                          Buffers: shared hit=443
                          ->  Seq Scan on employee t_employee_0  (cost=0.00..1443.00 rows=100000 width=8) (actual rows=100000 loops=1)
                                Buffers: shared hit=443
Planning Time: 0.157 ms
Execution Time: 93.772 ms",93.0596,93.772,94.51,95.347,12064.92,12064.92,100000,100000,100000,100000
786,1303,159,Easy,"select distinct t_employee_0.employee_id as employee_id, t_cte_12.c_count0 as team_size from (select count(t_employee_1.employee_id) as c_count0, t_employee_1.team_id as c_team_id0 from schema_1303.employee as t_employee_1 group by t_employee_1.team_id) as t_cte_12 left join schema_1303.employee as t_employee_0 on t_employee_0.team_id = t_cte_12.c_team_id0",87.065,12064.92,100000,"HashAggregate  (cost=10088.36..12064.92 rows=100000 width=12) (actual rows=100000 loops=1)
  Group Key: t_employee_0.employee_id, (count(t_employee_1.employee_id))
  Planned Partitions: 4  Batches: 5  Memory Usage: 4145kB  Disk Usage: 1800kB
  Buffers: shared hit=886, temp read=225 written=387
  ->  Hash Right Join  (cost=1975.50..3682.11 rows=100000 width=12) (actual rows=100000 loops=1)
        Hash Cond: (t_employee_0.team_id = t_employee_1.team_id)
        Buffers: shared hit=886
        ->  Seq Scan on employee t_employee_0  (cost=0.00..1443.00 rows=100000 width=8) (actual rows=100000 loops=1)
              Buffers: shared hit=443
        ->  Hash  (cost=1963.00..1963.00 rows=1000 width=12) (actual rows=1000 loops=1)
              Buckets: 1024  Batches: 1  Memory Usage: 51kB
              Buffers: shared hit=443
              ->  HashAggregate  (cost=1943.00..1953.00 rows=1000 width=12) (actual rows=1000 loops=1)
                    Group Key: t_employee_1.team_id
                    Batches: 1  Memory Usage: 193kB
                    Buffers: shared hit=443
                    ->  Seq Scan on employee t_employee_1  (cost=0.00..1443.00 rows=100000 width=8) (actual rows=100000 loops=1)
                          Buffers: shared hit=443
Planning Time: 0.101 ms
Execution Time: 87.065 ms",93.077,12064.92,100000,"HashAggregate  (cost=10088.36..12064.92 rows=100000 width=12) (actual rows=100000 loops=1)
  Group Key: t_employee_0.employee_id, (count(t_employee_1.employee_id))
  Planned Partitions: 4  Batches: 5  Memory Usage: 4145kB  Disk Usage: 1800kB
  Buffers: shared hit=886, temp read=225 written=387
  ->  Hash Right Join  (cost=1975.50..3682.11 rows=100000 width=12) (actual rows=100000 loops=1)
        Hash Cond: (t_employee_0.team_id = t_employee_1.team_id)
        Buffers: shared hit=886
        ->  Seq Scan on employee t_employee_0  (cost=0.00..1443.00 rows=100000 width=8) (actual rows=100000 loops=1)
              Buffers: shared hit=443
        ->  Hash  (cost=1963.00..1963.00 rows=1000 width=12) (actual rows=1000 loops=1)
              Buckets: 1024  Batches: 1  Memory Usage: 51kB
              Buffers: shared hit=443
              ->  HashAggregate  (cost=1943.00..1953.00 rows=1000 width=12) (actual rows=1000 loops=1)
                    Group Key: t_employee_1.team_id
                    Batches: 1  Memory Usage: 193kB
                    Buffers: shared hit=443
                    ->  Seq Scan on employee t_employee_1  (cost=0.00..1443.00 rows=100000 width=8) (actual rows=100000 loops=1)
                          Buffers: shared hit=443
Planning Time: 0.150 ms
Execution Time: 93.077 ms",94.772,12064.92,100000,"HashAggregate  (cost=10088.36..12064.92 rows=100000 width=12) (actual rows=100000 loops=1)
  Group Key: t_employee_0.employee_id, (count(t_employee_1.employee_id))
  Planned Partitions: 4  Batches: 5  Memory Usage: 4145kB  Disk Usage: 1800kB
  Buffers: shared hit=886, temp read=225 written=387
  ->  Hash Right Join  (cost=1975.50..3682.11 rows=100000 width=12) (actual rows=100000 loops=1)
        Hash Cond: (t_employee_0.team_id = t_employee_1.team_id)
        Buffers: shared hit=886
        ->  Seq Scan on employee t_employee_0  (cost=0.00..1443.00 rows=100000 width=8) (actual rows=100000 loops=1)
              Buffers: shared hit=443
        ->  Hash  (cost=1963.00..1963.00 rows=1000 width=12) (actual rows=1000 loops=1)
              Buckets: 1024  Batches: 1  Memory Usage: 51kB
              Buffers: shared hit=443
              ->  HashAggregate  (cost=1943.00..1953.00 rows=1000 width=12) (actual rows=1000 loops=1)
                    Group Key: t_employee_1.team_id
                    Batches: 1  Memory Usage: 193kB
                    Buffers: shared hit=443
                    ->  Seq Scan on employee t_employee_1  (cost=0.00..1443.00 rows=100000 width=8) (actual rows=100000 loops=1)
                          Buffers: shared hit=443
Planning Time: 0.155 ms
Execution Time: 94.772 ms",92.42,12064.92,100000,"HashAggregate  (cost=10088.36..12064.92 rows=100000 width=12) (actual rows=100000 loops=1)
  Group Key: t_employee_0.employee_id, (count(t_employee_1.employee_id))
  Planned Partitions: 4  Batches: 5  Memory Usage: 4145kB  Disk Usage: 1800kB
  Buffers: shared hit=886, temp read=225 written=387
  ->  Hash Right Join  (cost=1975.50..3682.11 rows=100000 width=12) (actual rows=100000 loops=1)
        Hash Cond: (t_employee_0.team_id = t_employee_1.team_id)
        Buffers: shared hit=886
        ->  Seq Scan on employee t_employee_0  (cost=0.00..1443.00 rows=100000 width=8) (actual rows=100000 loops=1)
              Buffers: shared hit=443
        ->  Hash  (cost=1963.00..1963.00 rows=1000 width=12) (actual rows=1000 loops=1)
              Buckets: 1024  Batches: 1  Memory Usage: 51kB
              Buffers: shared hit=443
              ->  HashAggregate  (cost=1943.00..1953.00 rows=1000 width=12) (actual rows=1000 loops=1)
                    Group Key: t_employee_1.team_id
                    Batches: 1  Memory Usage: 193kB
                    Buffers: shared hit=443
                    ->  Seq Scan on employee t_employee_1  (cost=0.00..1443.00 rows=100000 width=8) (actual rows=100000 loops=1)
                          Buffers: shared hit=443
Planning Time: 0.146 ms
Execution Time: 92.420 ms",92.84,12064.92,100000,"HashAggregate  (cost=10088.36..12064.92 rows=100000 width=12) (actual rows=100000 loops=1)
  Group Key: t_employee_0.employee_id, (count(t_employee_1.employee_id))
  Planned Partitions: 4  Batches: 5  Memory Usage: 4145kB  Disk Usage: 1800kB
  Buffers: shared hit=886, temp read=225 written=387
  ->  Hash Right Join  (cost=1975.50..3682.11 rows=100000 width=12) (actual rows=100000 loops=1)
        Hash Cond: (t_employee_0.team_id = t_employee_1.team_id)
        Buffers: shared hit=886
        ->  Seq Scan on employee t_employee_0  (cost=0.00..1443.00 rows=100000 width=8) (actual rows=100000 loops=1)
              Buffers: shared hit=443
        ->  Hash  (cost=1963.00..1963.00 rows=1000 width=12) (actual rows=1000 loops=1)
              Buckets: 1024  Batches: 1  Memory Usage: 51kB
              Buffers: shared hit=443
              ->  HashAggregate  (cost=1943.00..1953.00 rows=1000 width=12) (actual rows=1000 loops=1)
                    Group Key: t_employee_1.team_id
                    Batches: 1  Memory Usage: 193kB
                    Buffers: shared hit=443
                    ->  Seq Scan on employee t_employee_1  (cost=0.00..1443.00 rows=100000 width=8) (actual rows=100000 loops=1)
                          Buffers: shared hit=443
Planning Time: 0.163 ms
Execution Time: 92.840 ms",92.0348,92.84,93.9245,95.45,12064.92,12064.92,100000,100000,100000,100000
790,1308,2,Medium,"SELECT T_scores_0.gender AS gender, T_scores_0.day AS day, SUM(T_scores_0.score_points) OVER ( PARTITION BY T_scores_0.gender ORDER BY T_scores_0.day ASC ) AS total from schema_1308.scores AS T_scores_0",97.645,6858.54,100000,"WindowAgg  (cost=0.29..6858.54 rows=100000 width=16) (actual rows=100000 loops=1)
  Buffers: shared hit=100186
  ->  Index Scan using scores_pkey on scores t_scores_0  (cost=0.29..5108.54 rows=100000 width=12) (actual rows=100000 loops=1)
        Buffers: shared hit=100186
Planning Time: 0.064 ms
Execution Time: 97.645 ms",102.269,6858.54,100000,"WindowAgg  (cost=0.29..6858.54 rows=100000 width=16) (actual rows=100000 loops=1)
  Buffers: shared hit=100186
  ->  Index Scan using scores_pkey on scores t_scores_0  (cost=0.29..5108.54 rows=100000 width=12) (actual rows=100000 loops=1)
        Buffers: shared hit=100186
Planning Time: 0.066 ms
Execution Time: 102.269 ms",104.615,6858.54,100000,"WindowAgg  (cost=0.29..6858.54 rows=100000 width=16) (actual rows=100000 loops=1)
  Buffers: shared hit=100186
  ->  Index Scan using scores_pkey on scores t_scores_0  (cost=0.29..5108.54 rows=100000 width=12) (actual rows=100000 loops=1)
        Buffers: shared hit=100186
Planning Time: 0.067 ms
Execution Time: 104.615 ms",98.879,6858.54,100000,"WindowAgg  (cost=0.29..6858.54 rows=100000 width=16) (actual rows=100000 loops=1)
  Buffers: shared hit=100186
  ->  Index Scan using scores_pkey on scores t_scores_0  (cost=0.29..5108.54 rows=100000 width=12) (actual rows=100000 loops=1)
        Buffers: shared hit=100186
Planning Time: 0.052 ms
Execution Time: 98.879 ms",99.34,6858.54,100000,"WindowAgg  (cost=0.29..6858.54 rows=100000 width=16) (actual rows=100000 loops=1)
  Buffers: shared hit=100186
  ->  Index Scan using scores_pkey on scores t_scores_0  (cost=0.29..5108.54 rows=100000 width=12) (actual rows=100000 loops=1)
        Buffers: shared hit=100186
Planning Time: 0.058 ms
Execution Time: 99.340 ms",100.5496,99.34,103.442,105.5534,6858.54,6858.54,100000,100000,100000,100000
791,1308,3,Medium,"SELECT s2.gender AS gender, s2.day AS day, SUM(s2.score_points) OVER ( PARTITION BY s2.gender ORDER BY s2.day ASC ) AS total from schema_1308.scores AS s2",95.931,6858.54,100000,"WindowAgg  (cost=0.29..6858.54 rows=100000 width=16) (actual rows=100000 loops=1)
  Buffers: shared hit=100186
  ->  Index Scan using scores_pkey on scores s2  (cost=0.29..5108.54 rows=100000 width=12) (actual rows=100000 loops=1)
        Buffers: shared hit=100186
Planning Time: 0.062 ms
Execution Time: 95.931 ms",99.207,6858.54,100000,"WindowAgg  (cost=0.29..6858.54 rows=100000 width=16) (actual rows=100000 loops=1)
  Buffers: shared hit=100186
  ->  Index Scan using scores_pkey on scores s2  (cost=0.29..5108.54 rows=100000 width=12) (actual rows=100000 loops=1)
        Buffers: shared hit=100186
Planning Time: 0.116 ms
Execution Time: 99.207 ms",102.636,6858.54,100000,"WindowAgg  (cost=0.29..6858.54 rows=100000 width=16) (actual rows=100000 loops=1)
  Buffers: shared hit=100186
  ->  Index Scan using scores_pkey on scores s2  (cost=0.29..5108.54 rows=100000 width=12) (actual rows=100000 loops=1)
        Buffers: shared hit=100186
Planning Time: 0.062 ms
Execution Time: 102.636 ms",103.749,6858.54,100000,"WindowAgg  (cost=0.29..6858.54 rows=100000 width=16) (actual rows=100000 loops=1)
  Buffers: shared hit=100186
  ->  Index Scan using scores_pkey on scores s2  (cost=0.29..5108.54 rows=100000 width=12) (actual rows=100000 loops=1)
        Buffers: shared hit=100186
Planning Time: 0.062 ms
Execution Time: 103.749 ms",103.133,6858.54,100000,"WindowAgg  (cost=0.29..6858.54 rows=100000 width=16) (actual rows=100000 loops=1)
  Buffers: shared hit=100186
  ->  Index Scan using scores_pkey on scores s2  (cost=0.29..5108.54 rows=100000 width=12) (actual rows=100000 loops=1)
        Buffers: shared hit=100186
Planning Time: 0.065 ms
Execution Time: 103.133 ms",100.9312,102.636,103.441,103.9954,6858.54,6858.54,100000,100000,100000,100000
792,1308,4,Medium,"SELECT T_scores_0.gender AS gender, T_scores_0.day AS day, SUM(T_scores_0.score_points) OVER ( PARTITION BY T_scores_0.gender ORDER BY T_scores_0.day ASC ) AS total from schema_1308.scores AS T_scores_0 ORDER BY gender ASC,day ASC",94.154,6858.54,100000,"WindowAgg  (cost=0.29..6858.54 rows=100000 width=16) (actual rows=100000 loops=1)
  Buffers: shared hit=100186
  ->  Index Scan using scores_pkey on scores t_scores_0  (cost=0.29..5108.54 rows=100000 width=12) (actual rows=100000 loops=1)
        Buffers: shared hit=100186
Planning Time: 0.045 ms
Execution Time: 94.154 ms",105.213,6858.54,100000,"WindowAgg  (cost=0.29..6858.54 rows=100000 width=16) (actual rows=100000 loops=1)
  Buffers: shared hit=100186
  ->  Index Scan using scores_pkey on scores t_scores_0  (cost=0.29..5108.54 rows=100000 width=12) (actual rows=100000 loops=1)
        Buffers: shared hit=100186
Planning Time: 0.133 ms
Execution Time: 105.213 ms",101.366,6858.54,100000,"WindowAgg  (cost=0.29..6858.54 rows=100000 width=16) (actual rows=100000 loops=1)
  Buffers: shared hit=100186
  ->  Index Scan using scores_pkey on scores t_scores_0  (cost=0.29..5108.54 rows=100000 width=12) (actual rows=100000 loops=1)
        Buffers: shared hit=100186
Planning Time: 0.068 ms
Execution Time: 101.366 ms",97.606,6858.54,100000,"WindowAgg  (cost=0.29..6858.54 rows=100000 width=16) (actual rows=100000 loops=1)
  Buffers: shared hit=100186
  ->  Index Scan using scores_pkey on scores t_scores_0  (cost=0.29..5108.54 rows=100000 width=12) (actual rows=100000 loops=1)
        Buffers: shared hit=100186
Planning Time: 0.074 ms
Execution Time: 97.606 ms",101.744,6858.54,100000,"WindowAgg  (cost=0.29..6858.54 rows=100000 width=16) (actual rows=100000 loops=1)
  Buffers: shared hit=100186
  ->  Index Scan using scores_pkey on scores t_scores_0  (cost=0.29..5108.54 rows=100000 width=12) (actual rows=100000 loops=1)
        Buffers: shared hit=100186
Planning Time: 0.070 ms
Execution Time: 101.744 ms",100.0166,101.366,103.4785,106.6006,6858.54,6858.54,100000,100000,100000,100000
797,1308,11,Medium,"SELECT b.gender AS gender, b.day AS day, SUM(b.score_points) OVER ( PARTITION BY b.gender ORDER BY b.day ASC ) AS total from schema_1308.scores AS b",95.776,6858.54,100000,"WindowAgg  (cost=0.29..6858.54 rows=100000 width=16) (actual rows=100000 loops=1)
  Buffers: shared hit=100186
  ->  Index Scan using scores_pkey on scores b  (cost=0.29..5108.54 rows=100000 width=12) (actual rows=100000 loops=1)
        Buffers: shared hit=100186
Planning Time: 0.046 ms
Execution Time: 95.776 ms",100.805,6858.54,100000,"WindowAgg  (cost=0.29..6858.54 rows=100000 width=16) (actual rows=100000 loops=1)
  Buffers: shared hit=100186
  ->  Index Scan using scores_pkey on scores b  (cost=0.29..5108.54 rows=100000 width=12) (actual rows=100000 loops=1)
        Buffers: shared hit=100186
Planning Time: 0.073 ms
Execution Time: 100.805 ms",104.016,6858.54,100000,"WindowAgg  (cost=0.29..6858.54 rows=100000 width=16) (actual rows=100000 loops=1)
  Buffers: shared hit=100186
  ->  Index Scan using scores_pkey on scores b  (cost=0.29..5108.54 rows=100000 width=12) (actual rows=100000 loops=1)
        Buffers: shared hit=100186
Planning Time: 0.076 ms
Execution Time: 104.016 ms",102.221,6858.54,100000,"WindowAgg  (cost=0.29..6858.54 rows=100000 width=16) (actual rows=100000 loops=1)
  Buffers: shared hit=100186
  ->  Index Scan using scores_pkey on scores b  (cost=0.29..5108.54 rows=100000 width=12) (actual rows=100000 loops=1)
        Buffers: shared hit=100186
Planning Time: 0.059 ms
Execution Time: 102.221 ms",102.35,6858.54,100000,"WindowAgg  (cost=0.29..6858.54 rows=100000 width=16) (actual rows=100000 loops=1)
  Buffers: shared hit=100186
  ->  Index Scan using scores_pkey on scores b  (cost=0.29..5108.54 rows=100000 width=12) (actual rows=100000 loops=1)
        Buffers: shared hit=100186
Planning Time: 0.066 ms
Execution Time: 102.350 ms",101.0336,102.221,103.183,104.6824,6858.54,6858.54,100000,100000,100000,100000
798,1308,13,Medium,"SELECT b.gender AS gender, b.day AS day, SUM(b.score_points) OVER ( PARTITION BY b.gender ORDER BY b.day ASC ) AS total from schema_1308.scores AS b",96.809,6858.54,100000,"WindowAgg  (cost=0.29..6858.54 rows=100000 width=16) (actual rows=100000 loops=1)
  Buffers: shared hit=100186
  ->  Index Scan using scores_pkey on scores b  (cost=0.29..5108.54 rows=100000 width=12) (actual rows=100000 loops=1)
        Buffers: shared hit=100186
Planning Time: 0.064 ms
Execution Time: 96.809 ms",99.763,6858.54,100000,"WindowAgg  (cost=0.29..6858.54 rows=100000 width=16) (actual rows=100000 loops=1)
  Buffers: shared hit=100186
  ->  Index Scan using scores_pkey on scores b  (cost=0.29..5108.54 rows=100000 width=12) (actual rows=100000 loops=1)
        Buffers: shared hit=100186
Planning Time: 0.075 ms
Execution Time: 99.763 ms",100.55,6858.54,100000,"WindowAgg  (cost=0.29..6858.54 rows=100000 width=16) (actual rows=100000 loops=1)
  Buffers: shared hit=100186
  ->  Index Scan using scores_pkey on scores b  (cost=0.29..5108.54 rows=100000 width=12) (actual rows=100000 loops=1)
        Buffers: shared hit=100186
Planning Time: 0.092 ms
Execution Time: 100.550 ms",99.278,6858.54,100000,"WindowAgg  (cost=0.29..6858.54 rows=100000 width=16) (actual rows=100000 loops=1)
  Buffers: shared hit=100186
  ->  Index Scan using scores_pkey on scores b  (cost=0.29..5108.54 rows=100000 width=12) (actual rows=100000 loops=1)
        Buffers: shared hit=100186
Planning Time: 0.071 ms
Execution Time: 99.278 ms",100.827,6858.54,100000,"WindowAgg  (cost=0.29..6858.54 rows=100000 width=16) (actual rows=100000 loops=1)
  Buffers: shared hit=100186
  ->  Index Scan using scores_pkey on scores b  (cost=0.29..5108.54 rows=100000 width=12) (actual rows=100000 loops=1)
        Buffers: shared hit=100186
Planning Time: 0.067 ms
Execution Time: 100.827 ms",99.4454,99.763,100.6885,100.9378,6858.54,6858.54,100000,100000,100000,100000
799,1308,14,Medium,"SELECT p.gender AS gender, p.day AS day, SUM(p.score_points) OVER ( PARTITION BY p.gender ORDER BY p.day ASC ) AS total from schema_1308.scores AS p",94.464,6858.54,100000,"WindowAgg  (cost=0.29..6858.54 rows=100000 width=16) (actual rows=100000 loops=1)
  Buffers: shared hit=100186
  ->  Index Scan using scores_pkey on scores p  (cost=0.29..5108.54 rows=100000 width=12) (actual rows=100000 loops=1)
        Buffers: shared hit=100186
Planning Time: 0.045 ms
Execution Time: 94.464 ms",100.033,6858.54,100000,"WindowAgg  (cost=0.29..6858.54 rows=100000 width=16) (actual rows=100000 loops=1)
  Buffers: shared hit=100186
  ->  Index Scan using scores_pkey on scores p  (cost=0.29..5108.54 rows=100000 width=12) (actual rows=100000 loops=1)
        Buffers: shared hit=100186
Planning Time: 0.092 ms
Execution Time: 100.033 ms",100.729,6858.54,100000,"WindowAgg  (cost=0.29..6858.54 rows=100000 width=16) (actual rows=100000 loops=1)
  Buffers: shared hit=100186
  ->  Index Scan using scores_pkey on scores p  (cost=0.29..5108.54 rows=100000 width=12) (actual rows=100000 loops=1)
        Buffers: shared hit=100186
Planning Time: 0.057 ms
Execution Time: 100.729 ms",103.824,6858.54,100000,"WindowAgg  (cost=0.29..6858.54 rows=100000 width=16) (actual rows=100000 loops=1)
  Buffers: shared hit=100186
  ->  Index Scan using scores_pkey on scores p  (cost=0.29..5108.54 rows=100000 width=12) (actual rows=100000 loops=1)
        Buffers: shared hit=100186
Planning Time: 0.062 ms
Execution Time: 103.824 ms",102.139,6858.54,100000,"WindowAgg  (cost=0.29..6858.54 rows=100000 width=16) (actual rows=100000 loops=1)
  Buffers: shared hit=100186
  ->  Index Scan using scores_pkey on scores p  (cost=0.29..5108.54 rows=100000 width=12) (actual rows=100000 loops=1)
        Buffers: shared hit=100186
Planning Time: 0.063 ms
Execution Time: 102.139 ms",100.2378,100.729,102.9815,104.498,6858.54,6858.54,100000,100000,100000,100000
800,1308,22,Medium,"SELECT T_cte_3.c_gender14 AS gender, T_cte_3.c_day14 AS day, SUM(T_cte_3.c_13) AS total FROM (SELECT SUM(T_scores_0.score_points) OVER ( PARTITION BY T_scores_0.gender ORDER BY T_scores_0.day ASC ) AS c_13, T_scores_0.day AS c_day14, T_scores_0.gender AS c_gender14 from schema_1308.scores AS T_scores_0 GROUP BY T_scores_0.gender,T_scores_0.day) AS T_cte_3 GROUP BY T_cte_3.c_gender14,T_cte_3.c_day14",146.499,7434.38,100000,"GroupAggregate  (cost=0.29..7434.38 rows=5037 width=40) (actual rows=100000 loops=1)
  Group Key: t_scores_0.gender, t_scores_0.day
  Buffers: shared hit=100186
  ->  WindowAgg  (cost=0.29..6489.98 rows=50368 width=16) (actual rows=100000 loops=1)
        Buffers: shared hit=100186
        ->  Group  (cost=0.29..5608.54 rows=50368 width=12) (actual rows=100000 loops=1)
              Group Key: t_scores_0.gender, t_scores_0.day
              Buffers: shared hit=100186
              ->  Index Scan using scores_pkey on scores t_scores_0  (cost=0.29..5108.54 rows=100000 width=12) (actual rows=100000 loops=1)
                    Buffers: shared hit=100186
Planning:
  Buffers: shared hit=3
Planning Time: 0.081 ms
Execution Time: 146.499 ms",147.543,7434.38,100000,"GroupAggregate  (cost=0.29..7434.38 rows=5037 width=40) (actual rows=100000 loops=1)
  Group Key: t_scores_0.gender, t_scores_0.day
  Buffers: shared hit=100186
  ->  WindowAgg  (cost=0.29..6489.98 rows=50368 width=16) (actual rows=100000 loops=1)
        Buffers: shared hit=100186
        ->  Group  (cost=0.29..5608.54 rows=50368 width=12) (actual rows=100000 loops=1)
              Group Key: t_scores_0.gender, t_scores_0.day
              Buffers: shared hit=100186
              ->  Index Scan using scores_pkey on scores t_scores_0  (cost=0.29..5108.54 rows=100000 width=12) (actual rows=100000 loops=1)
                    Buffers: shared hit=100186
Planning:
  Buffers: shared hit=3
Planning Time: 0.137 ms
Execution Time: 147.543 ms",155.129,7434.38,100000,"GroupAggregate  (cost=0.29..7434.38 rows=5037 width=40) (actual rows=100000 loops=1)
  Group Key: t_scores_0.gender, t_scores_0.day
  Buffers: shared hit=100186
  ->  WindowAgg  (cost=0.29..6489.98 rows=50368 width=16) (actual rows=100000 loops=1)
        Buffers: shared hit=100186
        ->  Group  (cost=0.29..5608.54 rows=50368 width=12) (actual rows=100000 loops=1)
              Group Key: t_scores_0.gender, t_scores_0.day
              Buffers: shared hit=100186
              ->  Index Scan using scores_pkey on scores t_scores_0  (cost=0.29..5108.54 rows=100000 width=12) (actual rows=100000 loops=1)
                    Buffers: shared hit=100186
Planning:
  Buffers: shared hit=3
Planning Time: 0.128 ms
Execution Time: 155.129 ms",154.652,7434.38,100000,"GroupAggregate  (cost=0.29..7434.38 rows=5037 width=40) (actual rows=100000 loops=1)
  Group Key: t_scores_0.gender, t_scores_0.day
  Buffers: shared hit=100186
  ->  WindowAgg  (cost=0.29..6489.98 rows=50368 width=16) (actual rows=100000 loops=1)
        Buffers: shared hit=100186
        ->  Group  (cost=0.29..5608.54 rows=50368 width=12) (actual rows=100000 loops=1)
              Group Key: t_scores_0.gender, t_scores_0.day
              Buffers: shared hit=100186
              ->  Index Scan using scores_pkey on scores t_scores_0  (cost=0.29..5108.54 rows=100000 width=12) (actual rows=100000 loops=1)
                    Buffers: shared hit=100186
Planning:
  Buffers: shared hit=3
Planning Time: 0.196 ms
Execution Time: 154.652 ms",154.252,7434.38,100000,"GroupAggregate  (cost=0.29..7434.38 rows=5037 width=40) (actual rows=100000 loops=1)
  Group Key: t_scores_0.gender, t_scores_0.day
  Buffers: shared hit=100186
  ->  WindowAgg  (cost=0.29..6489.98 rows=50368 width=16) (actual rows=100000 loops=1)
        Buffers: shared hit=100186
        ->  Group  (cost=0.29..5608.54 rows=50368 width=12) (actual rows=100000 loops=1)
              Group Key: t_scores_0.gender, t_scores_0.day
              Buffers: shared hit=100186
              ->  Index Scan using scores_pkey on scores t_scores_0  (cost=0.29..5108.54 rows=100000 width=12) (actual rows=100000 loops=1)
                    Buffers: shared hit=100186
Planning:
  Buffers: shared hit=3
Planning Time: 0.190 ms
Execution Time: 154.252 ms",151.615,154.252,154.8905,155.3198,7434.38,7434.38,100000,100000,100000,100000
801,1308,23,Medium,"SELECT T_cte_1.c_gender17 AS gender, T_cte_1.c_day17 AS day, SUM(T_cte_1.c_16) AS total FROM (SELECT SUM(T_scores_0.score_points) OVER ( PARTITION BY T_scores_0.gender ORDER BY T_scores_0.day ASC ) AS c_16, T_scores_0.gender AS c_gender17, T_scores_0.day AS c_day17 from schema_1308.scores AS T_scores_0 GROUP BY T_scores_0.gender,T_scores_0.day) AS T_cte_1 GROUP BY T_cte_1.c_gender17,T_cte_1.c_day17",154.418,7434.38,100000,"GroupAggregate  (cost=0.29..7434.38 rows=5037 width=40) (actual rows=100000 loops=1)
  Group Key: t_scores_0.gender, t_scores_0.day
  Buffers: shared hit=100186
  ->  WindowAgg  (cost=0.29..6489.98 rows=50368 width=16) (actual rows=100000 loops=1)
        Buffers: shared hit=100186
        ->  Group  (cost=0.29..5608.54 rows=50368 width=12) (actual rows=100000 loops=1)
              Group Key: t_scores_0.gender, t_scores_0.day
              Buffers: shared hit=100186
              ->  Index Scan using scores_pkey on scores t_scores_0  (cost=0.29..5108.54 rows=100000 width=12) (actual rows=100000 loops=1)
                    Buffers: shared hit=100186
Planning:
  Buffers: shared hit=3
Planning Time: 0.080 ms
Execution Time: 154.418 ms",153.307,7434.38,100000,"GroupAggregate  (cost=0.29..7434.38 rows=5037 width=40) (actual rows=100000 loops=1)
  Group Key: t_scores_0.gender, t_scores_0.day
  Buffers: shared hit=100186
  ->  WindowAgg  (cost=0.29..6489.98 rows=50368 width=16) (actual rows=100000 loops=1)
        Buffers: shared hit=100186
        ->  Group  (cost=0.29..5608.54 rows=50368 width=12) (actual rows=100000 loops=1)
              Group Key: t_scores_0.gender, t_scores_0.day
              Buffers: shared hit=100186
              ->  Index Scan using scores_pkey on scores t_scores_0  (cost=0.29..5108.54 rows=100000 width=12) (actual rows=100000 loops=1)
                    Buffers: shared hit=100186
Planning:
  Buffers: shared hit=3
Planning Time: 0.146 ms
Execution Time: 153.307 ms",155.488,7434.38,100000,"GroupAggregate  (cost=0.29..7434.38 rows=5037 width=40) (actual rows=100000 loops=1)
  Group Key: t_scores_0.gender, t_scores_0.day
  Buffers: shared hit=100186
  ->  WindowAgg  (cost=0.29..6489.98 rows=50368 width=16) (actual rows=100000 loops=1)
        Buffers: shared hit=100186
        ->  Group  (cost=0.29..5608.54 rows=50368 width=12) (actual rows=100000 loops=1)
              Group Key: t_scores_0.gender, t_scores_0.day
              Buffers: shared hit=100186
              ->  Index Scan using scores_pkey on scores t_scores_0  (cost=0.29..5108.54 rows=100000 width=12) (actual rows=100000 loops=1)
                    Buffers: shared hit=100186
Planning:
  Buffers: shared hit=3
Planning Time: 0.128 ms
Execution Time: 155.488 ms",149.747,7434.38,100000,"GroupAggregate  (cost=0.29..7434.38 rows=5037 width=40) (actual rows=100000 loops=1)
  Group Key: t_scores_0.gender, t_scores_0.day
  Buffers: shared hit=100186
  ->  WindowAgg  (cost=0.29..6489.98 rows=50368 width=16) (actual rows=100000 loops=1)
        Buffers: shared hit=100186
        ->  Group  (cost=0.29..5608.54 rows=50368 width=12) (actual rows=100000 loops=1)
              Group Key: t_scores_0.gender, t_scores_0.day
              Buffers: shared hit=100186
              ->  Index Scan using scores_pkey on scores t_scores_0  (cost=0.29..5108.54 rows=100000 width=12) (actual rows=100000 loops=1)
                    Buffers: shared hit=100186
Planning:
  Buffers: shared hit=3
Planning Time: 0.110 ms
Execution Time: 149.747 ms",158.875,7434.38,100000,"GroupAggregate  (cost=0.29..7434.38 rows=5037 width=40) (actual rows=100000 loops=1)
  Group Key: t_scores_0.gender, t_scores_0.day
  Buffers: shared hit=100186
  ->  WindowAgg  (cost=0.29..6489.98 rows=50368 width=16) (actual rows=100000 loops=1)
        Buffers: shared hit=100186
        ->  Group  (cost=0.29..5608.54 rows=50368 width=12) (actual rows=100000 loops=1)
              Group Key: t_scores_0.gender, t_scores_0.day
              Buffers: shared hit=100186
              ->  Index Scan using scores_pkey on scores t_scores_0  (cost=0.29..5108.54 rows=100000 width=12) (actual rows=100000 loops=1)
                    Buffers: shared hit=100186
Planning:
  Buffers: shared hit=3
Planning Time: 0.116 ms
Execution Time: 158.875 ms",154.367,154.418,157.1815,160.2298,7434.38,7434.38,100000,100000,100000,100000
803,1308,25,Medium,"SELECT T_scores_0.gender AS gender, T_scores_0.day AS day, SUM(T_scores_0.score_points) OVER ( PARTITION BY T_scores_0.gender ORDER BY T_scores_0.day ASC,T_scores_0.gender ASC ) AS total from schema_1308.scores AS T_scores_0",97.879,7108.54,100000,"WindowAgg  (cost=0.29..7108.54 rows=100000 width=16) (actual rows=100000 loops=1)
  Buffers: shared hit=100186
  ->  Index Scan using scores_pkey on scores t_scores_0  (cost=0.29..5108.54 rows=100000 width=12) (actual rows=100000 loops=1)
        Buffers: shared hit=100186
Planning Time: 0.047 ms
Execution Time: 97.879 ms",105.49,7108.54,100000,"WindowAgg  (cost=0.29..7108.54 rows=100000 width=16) (actual rows=100000 loops=1)
  Buffers: shared hit=100186
  ->  Index Scan using scores_pkey on scores t_scores_0  (cost=0.29..5108.54 rows=100000 width=12) (actual rows=100000 loops=1)
        Buffers: shared hit=100186
Planning Time: 0.068 ms
Execution Time: 105.490 ms",104.76,7108.54,100000,"WindowAgg  (cost=0.29..7108.54 rows=100000 width=16) (actual rows=100000 loops=1)
  Buffers: shared hit=100186
  ->  Index Scan using scores_pkey on scores t_scores_0  (cost=0.29..5108.54 rows=100000 width=12) (actual rows=100000 loops=1)
        Buffers: shared hit=100186
Planning Time: 0.064 ms
Execution Time: 104.760 ms",101.908,7108.54,100000,"WindowAgg  (cost=0.29..7108.54 rows=100000 width=16) (actual rows=100000 loops=1)
  Buffers: shared hit=100186
  ->  Index Scan using scores_pkey on scores t_scores_0  (cost=0.29..5108.54 rows=100000 width=12) (actual rows=100000 loops=1)
        Buffers: shared hit=100186
Planning Time: 0.069 ms
Execution Time: 101.908 ms",105.969,7108.54,100000,"WindowAgg  (cost=0.29..7108.54 rows=100000 width=16) (actual rows=100000 loops=1)
  Buffers: shared hit=100186
  ->  Index Scan using scores_pkey on scores t_scores_0  (cost=0.29..5108.54 rows=100000 width=12) (actual rows=100000 loops=1)
        Buffers: shared hit=100186
Planning Time: 0.069 ms
Execution Time: 105.969 ms",103.2012,104.76,105.7295,106.1606,7108.54,7108.54,100000,100000,100000,100000
805,1308,30,Medium,"SELECT T_cte_18.c_gender23 AS gender, T_cte_18.c_day23 AS day, SUM(T_cte_18.c_22) AS total FROM (SELECT SUM(T_scores_0.score_points) OVER ( PARTITION BY T_scores_0.gender ORDER BY T_scores_0.day ASC ) AS c_22, T_scores_0.day AS c_day23, T_scores_0.gender AS c_gender23 from schema_1308.scores AS T_scores_0 GROUP BY T_scores_0.day,T_scores_0.gender) AS T_cte_18 GROUP BY T_cte_18.c_day23,T_cte_18.c_gender23",256.857,8527.24,100000,"HashAggregate  (cost=8464.28..8527.24 rows=5037 width=40) (actual rows=100000 loops=1)
  Group Key: t_scores_0.day, t_scores_0.gender
  Batches: 21  Memory Usage: 4153kB  Disk Usage: 3584kB
  Buffers: shared hit=638, temp read=900 written=1416
  ->  WindowAgg  (cost=6575.48..7582.84 rows=50368 width=16) (actual rows=100000 loops=1)
        Buffers: shared hit=638, temp read=471 written=636
        ->  Sort  (cost=6575.48..6701.40 rows=50368 width=12) (actual rows=100000 loops=1)
              Sort Key: t_scores_0.gender, t_scores_0.day
              Sort Method: external merge  Disk: 2160kB
              Buffers: shared hit=638, temp read=471 written=636
              ->  HashAggregate  (cost=2138.00..2641.68 rows=50368 width=12) (actual rows=100000 loops=1)
                    Group Key: t_scores_0.day, t_scores_0.gender
                    Batches: 5  Memory Usage: 4145kB  Disk Usage: 1736kB
                    Buffers: shared hit=638, temp read=201 written=365
                    ->  Seq Scan on scores t_scores_0  (cost=0.00..1638.00 rows=100000 width=12) (actual rows=100000 loops=1)
                          Buffers: shared hit=638
Planning:
  Buffers: shared hit=3
Planning Time: 0.114 ms
Execution Time: 256.857 ms",262.762,8527.24,100000,"HashAggregate  (cost=8464.28..8527.24 rows=5037 width=40) (actual rows=100000 loops=1)
  Group Key: t_scores_0.day, t_scores_0.gender
  Batches: 21  Memory Usage: 4153kB  Disk Usage: 3584kB
  Buffers: shared hit=638, temp read=900 written=1416
  ->  WindowAgg  (cost=6575.48..7582.84 rows=50368 width=16) (actual rows=100000 loops=1)
        Buffers: shared hit=638, temp read=471 written=636
        ->  Sort  (cost=6575.48..6701.40 rows=50368 width=12) (actual rows=100000 loops=1)
              Sort Key: t_scores_0.gender, t_scores_0.day
              Sort Method: external merge  Disk: 2160kB
              Buffers: shared hit=638, temp read=471 written=636
              ->  HashAggregate  (cost=2138.00..2641.68 rows=50368 width=12) (actual rows=100000 loops=1)
                    Group Key: t_scores_0.day, t_scores_0.gender
                    Batches: 5  Memory Usage: 4145kB  Disk Usage: 1736kB
                    Buffers: shared hit=638, temp read=201 written=365
                    ->  Seq Scan on scores t_scores_0  (cost=0.00..1638.00 rows=100000 width=12) (actual rows=100000 loops=1)
                          Buffers: shared hit=638
Planning:
  Buffers: shared hit=3
Planning Time: 0.190 ms
Execution Time: 262.762 ms",258.969,8527.24,100000,"HashAggregate  (cost=8464.28..8527.24 rows=5037 width=40) (actual rows=100000 loops=1)
  Group Key: t_scores_0.day, t_scores_0.gender
  Batches: 21  Memory Usage: 4153kB  Disk Usage: 3584kB
  Buffers: shared hit=638, temp read=900 written=1416
  ->  WindowAgg  (cost=6575.48..7582.84 rows=50368 width=16) (actual rows=100000 loops=1)
        Buffers: shared hit=638, temp read=471 written=636
        ->  Sort  (cost=6575.48..6701.40 rows=50368 width=12) (actual rows=100000 loops=1)
              Sort Key: t_scores_0.gender, t_scores_0.day
              Sort Method: external merge  Disk: 2160kB
              Buffers: shared hit=638, temp read=471 written=636
              ->  HashAggregate  (cost=2138.00..2641.68 rows=50368 width=12) (actual rows=100000 loops=1)
                    Group Key: t_scores_0.day, t_scores_0.gender
                    Batches: 5  Memory Usage: 4145kB  Disk Usage: 1736kB
                    Buffers: shared hit=638, temp read=201 written=365
                    ->  Seq Scan on scores t_scores_0  (cost=0.00..1638.00 rows=100000 width=12) (actual rows=100000 loops=1)
                          Buffers: shared hit=638
Planning:
  Buffers: shared hit=3
Planning Time: 0.110 ms
Execution Time: 258.969 ms",261.337,8527.24,100000,"HashAggregate  (cost=8464.28..8527.24 rows=5037 width=40) (actual rows=100000 loops=1)
  Group Key: t_scores_0.day, t_scores_0.gender
  Batches: 21  Memory Usage: 4153kB  Disk Usage: 3584kB
  Buffers: shared hit=638, temp read=900 written=1416
  ->  WindowAgg  (cost=6575.48..7582.84 rows=50368 width=16) (actual rows=100000 loops=1)
        Buffers: shared hit=638, temp read=471 written=636
        ->  Sort  (cost=6575.48..6701.40 rows=50368 width=12) (actual rows=100000 loops=1)
              Sort Key: t_scores_0.gender, t_scores_0.day
              Sort Method: external merge  Disk: 2160kB
              Buffers: shared hit=638, temp read=471 written=636
              ->  HashAggregate  (cost=2138.00..2641.68 rows=50368 width=12) (actual rows=100000 loops=1)
                    Group Key: t_scores_0.day, t_scores_0.gender
                    Batches: 5  Memory Usage: 4145kB  Disk Usage: 1736kB
                    Buffers: shared hit=638, temp read=201 written=365
                    ->  Seq Scan on scores t_scores_0  (cost=0.00..1638.00 rows=100000 width=12) (actual rows=100000 loops=1)
                          Buffers: shared hit=638
Planning:
  Buffers: shared hit=3
Planning Time: 0.120 ms
Execution Time: 261.337 ms",263.114,8527.24,100000,"HashAggregate  (cost=8464.28..8527.24 rows=5037 width=40) (actual rows=100000 loops=1)
  Group Key: t_scores_0.day, t_scores_0.gender
  Batches: 21  Memory Usage: 4153kB  Disk Usage: 3584kB
  Buffers: shared hit=638, temp read=900 written=1416
  ->  WindowAgg  (cost=6575.48..7582.84 rows=50368 width=16) (actual rows=100000 loops=1)
        Buffers: shared hit=638, temp read=471 written=636
        ->  Sort  (cost=6575.48..6701.40 rows=50368 width=12) (actual rows=100000 loops=1)
              Sort Key: t_scores_0.gender, t_scores_0.day
              Sort Method: external merge  Disk: 2160kB
              Buffers: shared hit=638, temp read=471 written=636
              ->  HashAggregate  (cost=2138.00..2641.68 rows=50368 width=12) (actual rows=100000 loops=1)
                    Group Key: t_scores_0.day, t_scores_0.gender
                    Batches: 5  Memory Usage: 4145kB  Disk Usage: 1736kB
                    Buffers: shared hit=638, temp read=201 written=365
                    ->  Seq Scan on scores t_scores_0  (cost=0.00..1638.00 rows=100000 width=12) (actual rows=100000 loops=1)
                          Buffers: shared hit=638
Planning:
  Buffers: shared hit=3
Planning Time: 0.121 ms
Execution Time: 263.114 ms",260.6078,261.337,262.938,263.2548,8527.24,8527.24,100000,100000,100000,100000
807,1308,33,Medium,"SELECT T_scores_0.gender AS gender, T_scores_0.day AS day, SUM(T_scores_0.score_points) OVER ( PARTITION BY T_scores_0.gender ORDER BY T_scores_0.day ASC ) AS total from schema_1308.scores AS T_scores_0",95.53,6858.54,100000,"WindowAgg  (cost=0.29..6858.54 rows=100000 width=16) (actual rows=100000 loops=1)
  Buffers: shared hit=100186
  ->  Index Scan using scores_pkey on scores t_scores_0  (cost=0.29..5108.54 rows=100000 width=12) (actual rows=100000 loops=1)
        Buffers: shared hit=100186
Planning Time: 0.047 ms
Execution Time: 95.530 ms",102.391,6858.54,100000,"WindowAgg  (cost=0.29..6858.54 rows=100000 width=16) (actual rows=100000 loops=1)
  Buffers: shared hit=100186
  ->  Index Scan using scores_pkey on scores t_scores_0  (cost=0.29..5108.54 rows=100000 width=12) (actual rows=100000 loops=1)
        Buffers: shared hit=100186
Planning Time: 0.063 ms
Execution Time: 102.391 ms",99.163,6858.54,100000,"WindowAgg  (cost=0.29..6858.54 rows=100000 width=16) (actual rows=100000 loops=1)
  Buffers: shared hit=100186
  ->  Index Scan using scores_pkey on scores t_scores_0  (cost=0.29..5108.54 rows=100000 width=12) (actual rows=100000 loops=1)
        Buffers: shared hit=100186
Planning Time: 0.072 ms
Execution Time: 99.163 ms",99.547,6858.54,100000,"WindowAgg  (cost=0.29..6858.54 rows=100000 width=16) (actual rows=100000 loops=1)
  Buffers: shared hit=100186
  ->  Index Scan using scores_pkey on scores t_scores_0  (cost=0.29..5108.54 rows=100000 width=12) (actual rows=100000 loops=1)
        Buffers: shared hit=100186
Planning Time: 0.077 ms
Execution Time: 99.547 ms",100.63,6858.54,100000,"WindowAgg  (cost=0.29..6858.54 rows=100000 width=16) (actual rows=100000 loops=1)
  Buffers: shared hit=100186
  ->  Index Scan using scores_pkey on scores t_scores_0  (cost=0.29..5108.54 rows=100000 width=12) (actual rows=100000 loops=1)
        Buffers: shared hit=100186
Planning Time: 0.062 ms
Execution Time: 100.630 ms",99.4522,99.547,101.5105,103.0954,6858.54,6858.54,100000,100000,100000,100000
808,1308,35,Medium,"SELECT T_scores_0.gender AS gender, T_scores_0.day AS day, SUM(T_scores_0.score_points) OVER ( PARTITION BY T_scores_0.gender ORDER BY T_scores_0.day ASC ) AS total from schema_1308.scores AS T_scores_0",96.268,6858.54,100000,"WindowAgg  (cost=0.29..6858.54 rows=100000 width=16) (actual rows=100000 loops=1)
  Buffers: shared hit=100186
  ->  Index Scan using scores_pkey on scores t_scores_0  (cost=0.29..5108.54 rows=100000 width=12) (actual rows=100000 loops=1)
        Buffers: shared hit=100186
Planning Time: 0.063 ms
Execution Time: 96.268 ms",103.24,6858.54,100000,"WindowAgg  (cost=0.29..6858.54 rows=100000 width=16) (actual rows=100000 loops=1)
  Buffers: shared hit=100186
  ->  Index Scan using scores_pkey on scores t_scores_0  (cost=0.29..5108.54 rows=100000 width=12) (actual rows=100000 loops=1)
        Buffers: shared hit=100186
Planning Time: 0.070 ms
Execution Time: 103.240 ms",102.554,6858.54,100000,"WindowAgg  (cost=0.29..6858.54 rows=100000 width=16) (actual rows=100000 loops=1)
  Buffers: shared hit=100186
  ->  Index Scan using scores_pkey on scores t_scores_0  (cost=0.29..5108.54 rows=100000 width=12) (actual rows=100000 loops=1)
        Buffers: shared hit=100186
Planning Time: 0.075 ms
Execution Time: 102.554 ms",100.64,6858.54,100000,"WindowAgg  (cost=0.29..6858.54 rows=100000 width=16) (actual rows=100000 loops=1)
  Buffers: shared hit=100186
  ->  Index Scan using scores_pkey on scores t_scores_0  (cost=0.29..5108.54 rows=100000 width=12) (actual rows=100000 loops=1)
        Buffers: shared hit=100186
Planning Time: 0.067 ms
Execution Time: 100.640 ms",102.131,6858.54,100000,"WindowAgg  (cost=0.29..6858.54 rows=100000 width=16) (actual rows=100000 loops=1)
  Buffers: shared hit=100186
  ->  Index Scan using scores_pkey on scores t_scores_0  (cost=0.29..5108.54 rows=100000 width=12) (actual rows=100000 loops=1)
        Buffers: shared hit=100186
Planning Time: 0.059 ms
Execution Time: 102.131 ms",100.9666,102.131,102.897,103.5144,6858.54,6858.54,100000,100000,100000,100000
810,1308,47,Medium,"SELECT T_scores_0.gender AS gender, T_scores_0.day AS day, SUM(T_scores_0.score_points) OVER ( PARTITION BY T_scores_0.gender ORDER BY T_scores_0.day ASC ) AS total from schema_1308.scores AS T_scores_0",94.745,6858.54,100000,"WindowAgg  (cost=0.29..6858.54 rows=100000 width=16) (actual rows=100000 loops=1)
  Buffers: shared hit=100186
  ->  Index Scan using scores_pkey on scores t_scores_0  (cost=0.29..5108.54 rows=100000 width=12) (actual rows=100000 loops=1)
        Buffers: shared hit=100186
Planning Time: 0.056 ms
Execution Time: 94.745 ms",102.929,6858.54,100000,"WindowAgg  (cost=0.29..6858.54 rows=100000 width=16) (actual rows=100000 loops=1)
  Buffers: shared hit=100186
  ->  Index Scan using scores_pkey on scores t_scores_0  (cost=0.29..5108.54 rows=100000 width=12) (actual rows=100000 loops=1)
        Buffers: shared hit=100186
Planning Time: 0.069 ms
Execution Time: 102.929 ms",100.22,6858.54,100000,"WindowAgg  (cost=0.29..6858.54 rows=100000 width=16) (actual rows=100000 loops=1)
  Buffers: shared hit=100186
  ->  Index Scan using scores_pkey on scores t_scores_0  (cost=0.29..5108.54 rows=100000 width=12) (actual rows=100000 loops=1)
        Buffers: shared hit=100186
Planning Time: 0.070 ms
Execution Time: 100.220 ms",102.069,6858.54,100000,"WindowAgg  (cost=0.29..6858.54 rows=100000 width=16) (actual rows=100000 loops=1)
  Buffers: shared hit=100186
  ->  Index Scan using scores_pkey on scores t_scores_0  (cost=0.29..5108.54 rows=100000 width=12) (actual rows=100000 loops=1)
        Buffers: shared hit=100186
Planning Time: 0.063 ms
Execution Time: 102.069 ms",100.249,6858.54,100000,"WindowAgg  (cost=0.29..6858.54 rows=100000 width=16) (actual rows=100000 loops=1)
  Buffers: shared hit=100186
  ->  Index Scan using scores_pkey on scores t_scores_0  (cost=0.29..5108.54 rows=100000 width=12) (actual rows=100000 loops=1)
        Buffers: shared hit=100186
Planning Time: 0.062 ms
Execution Time: 100.249 ms",100.0424,100.249,102.499,103.273,6858.54,6858.54,100000,100000,100000,100000
811,1308,52,Medium,"SELECT T_scores_0.gender AS gender, T_scores_0.day AS day, SUM(T_scores_0.score_points) OVER ( PARTITION BY T_scores_0.gender ORDER BY T_scores_0.day ASC ) AS total from schema_1308.scores AS T_scores_0",100.564,6858.54,100000,"WindowAgg  (cost=0.29..6858.54 rows=100000 width=16) (actual rows=100000 loops=1)
  Buffers: shared hit=100186
  ->  Index Scan using scores_pkey on scores t_scores_0  (cost=0.29..5108.54 rows=100000 width=12) (actual rows=100000 loops=1)
        Buffers: shared hit=100186
Planning Time: 0.063 ms
Execution Time: 100.564 ms",102.61,6858.54,100000,"WindowAgg  (cost=0.29..6858.54 rows=100000 width=16) (actual rows=100000 loops=1)
  Buffers: shared hit=100186
  ->  Index Scan using scores_pkey on scores t_scores_0  (cost=0.29..5108.54 rows=100000 width=12) (actual rows=100000 loops=1)
        Buffers: shared hit=100186
Planning Time: 0.064 ms
Execution Time: 102.610 ms",101.004,6858.54,100000,"WindowAgg  (cost=0.29..6858.54 rows=100000 width=16) (actual rows=100000 loops=1)
  Buffers: shared hit=100186
  ->  Index Scan using scores_pkey on scores t_scores_0  (cost=0.29..5108.54 rows=100000 width=12) (actual rows=100000 loops=1)
        Buffers: shared hit=100186
Planning Time: 0.062 ms
Execution Time: 101.004 ms",102.133,6858.54,100000,"WindowAgg  (cost=0.29..6858.54 rows=100000 width=16) (actual rows=100000 loops=1)
  Buffers: shared hit=100186
  ->  Index Scan using scores_pkey on scores t_scores_0  (cost=0.29..5108.54 rows=100000 width=12) (actual rows=100000 loops=1)
        Buffers: shared hit=100186
Planning Time: 0.069 ms
Execution Time: 102.133 ms",101.115,6858.54,100000,"WindowAgg  (cost=0.29..6858.54 rows=100000 width=16) (actual rows=100000 loops=1)
  Buffers: shared hit=100186
  ->  Index Scan using scores_pkey on scores t_scores_0  (cost=0.29..5108.54 rows=100000 width=12) (actual rows=100000 loops=1)
        Buffers: shared hit=100186
Planning Time: 0.112 ms
Execution Time: 101.115 ms",101.4852,101.115,102.3715,102.8008,6858.54,6858.54,100000,100000,100000,100000
813,1308,54,Medium,"SELECT T_scores_0.gender AS gender, T_scores_0.day AS day, SUM(T_scores_0.score_points) OVER ( PARTITION BY T_scores_0.gender ORDER BY T_scores_0.day ASC ) AS total from schema_1308.scores AS T_scores_0",94.938,6858.54,100000,"WindowAgg  (cost=0.29..6858.54 rows=100000 width=16) (actual rows=100000 loops=1)
  Buffers: shared hit=100186
  ->  Index Scan using scores_pkey on scores t_scores_0  (cost=0.29..5108.54 rows=100000 width=12) (actual rows=100000 loops=1)
        Buffers: shared hit=100186
Planning Time: 0.059 ms
Execution Time: 94.938 ms",102.319,6858.54,100000,"WindowAgg  (cost=0.29..6858.54 rows=100000 width=16) (actual rows=100000 loops=1)
  Buffers: shared hit=100186
  ->  Index Scan using scores_pkey on scores t_scores_0  (cost=0.29..5108.54 rows=100000 width=12) (actual rows=100000 loops=1)
        Buffers: shared hit=100186
Planning Time: 0.071 ms
Execution Time: 102.319 ms",101.572,6858.54,100000,"WindowAgg  (cost=0.29..6858.54 rows=100000 width=16) (actual rows=100000 loops=1)
  Buffers: shared hit=100186
  ->  Index Scan using scores_pkey on scores t_scores_0  (cost=0.29..5108.54 rows=100000 width=12) (actual rows=100000 loops=1)
        Buffers: shared hit=100186
Planning Time: 0.065 ms
Execution Time: 101.572 ms",100.925,6858.54,100000,"WindowAgg  (cost=0.29..6858.54 rows=100000 width=16) (actual rows=100000 loops=1)
  Buffers: shared hit=100186
  ->  Index Scan using scores_pkey on scores t_scores_0  (cost=0.29..5108.54 rows=100000 width=12) (actual rows=100000 loops=1)
        Buffers: shared hit=100186
Planning Time: 0.066 ms
Execution Time: 100.925 ms",100.991,6858.54,100000,"WindowAgg  (cost=0.29..6858.54 rows=100000 width=16) (actual rows=100000 loops=1)
  Buffers: shared hit=100186
  ->  Index Scan using scores_pkey on scores t_scores_0  (cost=0.29..5108.54 rows=100000 width=12) (actual rows=100000 loops=1)
        Buffers: shared hit=100186
Planning Time: 0.065 ms
Execution Time: 100.991 ms",100.149,100.991,101.9455,102.6178,6858.54,6858.54,100000,100000,100000,100000
814,1308,55,Medium,"SELECT T_cte_0.c_gender20 AS gender, T_cte_0.c_day20 AS day, SUM(T_cte_0.c_19) AS total FROM (SELECT T_scores_0.day AS c_day20, SUM(T_scores_0.score_points) OVER ( PARTITION BY T_scores_0.gender ORDER BY T_scores_0.day ASC ) AS c_19, T_scores_0.gender AS c_gender20 from schema_1308.scores AS T_scores_0 GROUP BY T_scores_0.gender,T_scores_0.day) AS T_cte_0 GROUP BY T_cte_0.c_gender20,T_cte_0.c_day20",148.74,7434.38,100000,"GroupAggregate  (cost=0.29..7434.38 rows=5037 width=40) (actual rows=100000 loops=1)
  Group Key: t_scores_0.gender, t_scores_0.day
  Buffers: shared hit=100186
  ->  WindowAgg  (cost=0.29..6489.98 rows=50368 width=16) (actual rows=100000 loops=1)
        Buffers: shared hit=100186
        ->  Group  (cost=0.29..5608.54 rows=50368 width=12) (actual rows=100000 loops=1)
              Group Key: t_scores_0.gender, t_scores_0.day
              Buffers: shared hit=100186
              ->  Index Scan using scores_pkey on scores t_scores_0  (cost=0.29..5108.54 rows=100000 width=12) (actual rows=100000 loops=1)
                    Buffers: shared hit=100186
Planning:
  Buffers: shared hit=3
Planning Time: 0.101 ms
Execution Time: 148.740 ms",153.94,7434.38,100000,"GroupAggregate  (cost=0.29..7434.38 rows=5037 width=40) (actual rows=100000 loops=1)
  Group Key: t_scores_0.gender, t_scores_0.day
  Buffers: shared hit=100186
  ->  WindowAgg  (cost=0.29..6489.98 rows=50368 width=16) (actual rows=100000 loops=1)
        Buffers: shared hit=100186
        ->  Group  (cost=0.29..5608.54 rows=50368 width=12) (actual rows=100000 loops=1)
              Group Key: t_scores_0.gender, t_scores_0.day
              Buffers: shared hit=100186
              ->  Index Scan using scores_pkey on scores t_scores_0  (cost=0.29..5108.54 rows=100000 width=12) (actual rows=100000 loops=1)
                    Buffers: shared hit=100186
Planning:
  Buffers: shared hit=3
Planning Time: 0.130 ms
Execution Time: 153.940 ms",156.315,7434.38,100000,"GroupAggregate  (cost=0.29..7434.38 rows=5037 width=40) (actual rows=100000 loops=1)
  Group Key: t_scores_0.gender, t_scores_0.day
  Buffers: shared hit=100186
  ->  WindowAgg  (cost=0.29..6489.98 rows=50368 width=16) (actual rows=100000 loops=1)
        Buffers: shared hit=100186
        ->  Group  (cost=0.29..5608.54 rows=50368 width=12) (actual rows=100000 loops=1)
              Group Key: t_scores_0.gender, t_scores_0.day
              Buffers: shared hit=100186
              ->  Index Scan using scores_pkey on scores t_scores_0  (cost=0.29..5108.54 rows=100000 width=12) (actual rows=100000 loops=1)
                    Buffers: shared hit=100186
Planning:
  Buffers: shared hit=3
Planning Time: 0.107 ms
Execution Time: 156.315 ms",151.133,7434.38,100000,"GroupAggregate  (cost=0.29..7434.38 rows=5037 width=40) (actual rows=100000 loops=1)
  Group Key: t_scores_0.gender, t_scores_0.day
  Buffers: shared hit=100186
  ->  WindowAgg  (cost=0.29..6489.98 rows=50368 width=16) (actual rows=100000 loops=1)
        Buffers: shared hit=100186
        ->  Group  (cost=0.29..5608.54 rows=50368 width=12) (actual rows=100000 loops=1)
              Group Key: t_scores_0.gender, t_scores_0.day
              Buffers: shared hit=100186
              ->  Index Scan using scores_pkey on scores t_scores_0  (cost=0.29..5108.54 rows=100000 width=12) (actual rows=100000 loops=1)
                    Buffers: shared hit=100186
Planning:
  Buffers: shared hit=3
Planning Time: 0.144 ms
Execution Time: 151.133 ms",157.232,7434.38,100000,"GroupAggregate  (cost=0.29..7434.38 rows=5037 width=40) (actual rows=100000 loops=1)
  Group Key: t_scores_0.gender, t_scores_0.day
  Buffers: shared hit=100186
  ->  WindowAgg  (cost=0.29..6489.98 rows=50368 width=16) (actual rows=100000 loops=1)
        Buffers: shared hit=100186
        ->  Group  (cost=0.29..5608.54 rows=50368 width=12) (actual rows=100000 loops=1)
              Group Key: t_scores_0.gender, t_scores_0.day
              Buffers: shared hit=100186
              ->  Index Scan using scores_pkey on scores t_scores_0  (cost=0.29..5108.54 rows=100000 width=12) (actual rows=100000 loops=1)
                    Buffers: shared hit=100186
Planning:
  Buffers: shared hit=3
Planning Time: 0.137 ms
Execution Time: 157.232 ms",153.472,153.94,156.7735,157.5988,7434.38,7434.38,100000,100000,100000,100000
816,1308,77,Medium,"SELECT T_cte_4.c_gender10 AS gender, T_cte_4.c_day10 AS day, SUM(T_cte_4.c_9) AS total FROM (SELECT s.gender AS c_gender10, SUM(s.score_points) OVER ( PARTITION BY s.gender ORDER BY s.day ASC ) AS c_9, s.day AS c_day10 from schema_1308.scores AS s GROUP BY s.gender,s.day) AS T_cte_4 GROUP BY T_cte_4.c_gender10,T_cte_4.c_day10",147.942,7434.38,100000,"GroupAggregate  (cost=0.29..7434.38 rows=5037 width=40) (actual rows=100000 loops=1)
  Group Key: s.gender, s.day
  Buffers: shared hit=100186
  ->  WindowAgg  (cost=0.29..6489.98 rows=50368 width=16) (actual rows=100000 loops=1)
        Buffers: shared hit=100186
        ->  Group  (cost=0.29..5608.54 rows=50368 width=12) (actual rows=100000 loops=1)
              Group Key: s.gender, s.day
              Buffers: shared hit=100186
              ->  Index Scan using scores_pkey on scores s  (cost=0.29..5108.54 rows=100000 width=12) (actual rows=100000 loops=1)
                    Buffers: shared hit=100186
Planning:
  Buffers: shared hit=3
Planning Time: 0.081 ms
Execution Time: 147.942 ms",152.497,7434.38,100000,"GroupAggregate  (cost=0.29..7434.38 rows=5037 width=40) (actual rows=100000 loops=1)
  Group Key: s.gender, s.day
  Buffers: shared hit=100186
  ->  WindowAgg  (cost=0.29..6489.98 rows=50368 width=16) (actual rows=100000 loops=1)
        Buffers: shared hit=100186
        ->  Group  (cost=0.29..5608.54 rows=50368 width=12) (actual rows=100000 loops=1)
              Group Key: s.gender, s.day
              Buffers: shared hit=100186
              ->  Index Scan using scores_pkey on scores s  (cost=0.29..5108.54 rows=100000 width=12) (actual rows=100000 loops=1)
                    Buffers: shared hit=100186
Planning:
  Buffers: shared hit=3
Planning Time: 0.122 ms
Execution Time: 152.497 ms",150.461,7434.38,100000,"GroupAggregate  (cost=0.29..7434.38 rows=5037 width=40) (actual rows=100000 loops=1)
  Group Key: s.gender, s.day
  Buffers: shared hit=100186
  ->  WindowAgg  (cost=0.29..6489.98 rows=50368 width=16) (actual rows=100000 loops=1)
        Buffers: shared hit=100186
        ->  Group  (cost=0.29..5608.54 rows=50368 width=12) (actual rows=100000 loops=1)
              Group Key: s.gender, s.day
              Buffers: shared hit=100186
              ->  Index Scan using scores_pkey on scores s  (cost=0.29..5108.54 rows=100000 width=12) (actual rows=100000 loops=1)
                    Buffers: shared hit=100186
Planning:
  Buffers: shared hit=3
Planning Time: 0.163 ms
Execution Time: 150.461 ms",150.917,7434.38,100000,"GroupAggregate  (cost=0.29..7434.38 rows=5037 width=40) (actual rows=100000 loops=1)
  Group Key: s.gender, s.day
  Buffers: shared hit=100186
  ->  WindowAgg  (cost=0.29..6489.98 rows=50368 width=16) (actual rows=100000 loops=1)
        Buffers: shared hit=100186
        ->  Group  (cost=0.29..5608.54 rows=50368 width=12) (actual rows=100000 loops=1)
              Group Key: s.gender, s.day
              Buffers: shared hit=100186
              ->  Index Scan using scores_pkey on scores s  (cost=0.29..5108.54 rows=100000 width=12) (actual rows=100000 loops=1)
                    Buffers: shared hit=100186
Planning:
  Buffers: shared hit=3
Planning Time: 0.217 ms
Execution Time: 150.917 ms",153.204,7434.38,100000,"GroupAggregate  (cost=0.29..7434.38 rows=5037 width=40) (actual rows=100000 loops=1)
  Group Key: s.gender, s.day
  Buffers: shared hit=100186
  ->  WindowAgg  (cost=0.29..6489.98 rows=50368 width=16) (actual rows=100000 loops=1)
        Buffers: shared hit=100186
        ->  Group  (cost=0.29..5608.54 rows=50368 width=12) (actual rows=100000 loops=1)
              Group Key: s.gender, s.day
              Buffers: shared hit=100186
              ->  Index Scan using scores_pkey on scores s  (cost=0.29..5108.54 rows=100000 width=12) (actual rows=100000 loops=1)
                    Buffers: shared hit=100186
Planning:
  Buffers: shared hit=3
Planning Time: 0.113 ms
Execution Time: 153.204 ms",151.0042,150.917,152.8505,153.4868,7434.38,7434.38,100000,100000,100000,100000
817,1308,85,Medium,"SELECT s2.gender AS gender, s2.day AS day, SUM(s2.score_points) OVER ( PARTITION BY s2.gender ORDER BY s2.day ASC ) AS total from schema_1308.scores AS s2",97.332,6858.54,100000,"WindowAgg  (cost=0.29..6858.54 rows=100000 width=16) (actual rows=100000 loops=1)
  Buffers: shared hit=100186
  ->  Index Scan using scores_pkey on scores s2  (cost=0.29..5108.54 rows=100000 width=12) (actual rows=100000 loops=1)
        Buffers: shared hit=100186
Planning Time: 0.067 ms
Execution Time: 97.332 ms",101.601,6858.54,100000,"WindowAgg  (cost=0.29..6858.54 rows=100000 width=16) (actual rows=100000 loops=1)
  Buffers: shared hit=100186
  ->  Index Scan using scores_pkey on scores s2  (cost=0.29..5108.54 rows=100000 width=12) (actual rows=100000 loops=1)
        Buffers: shared hit=100186
Planning Time: 0.066 ms
Execution Time: 101.601 ms",97.945,6858.54,100000,"WindowAgg  (cost=0.29..6858.54 rows=100000 width=16) (actual rows=100000 loops=1)
  Buffers: shared hit=100186
  ->  Index Scan using scores_pkey on scores s2  (cost=0.29..5108.54 rows=100000 width=12) (actual rows=100000 loops=1)
        Buffers: shared hit=100186
Planning Time: 0.064 ms
Execution Time: 97.945 ms",100.894,6858.54,100000,"WindowAgg  (cost=0.29..6858.54 rows=100000 width=16) (actual rows=100000 loops=1)
  Buffers: shared hit=100186
  ->  Index Scan using scores_pkey on scores s2  (cost=0.29..5108.54 rows=100000 width=12) (actual rows=100000 loops=1)
        Buffers: shared hit=100186
Planning Time: 0.064 ms
Execution Time: 100.894 ms",100.409,6858.54,100000,"WindowAgg  (cost=0.29..6858.54 rows=100000 width=16) (actual rows=100000 loops=1)
  Buffers: shared hit=100186
  ->  Index Scan using scores_pkey on scores s2  (cost=0.29..5108.54 rows=100000 width=12) (actual rows=100000 loops=1)
        Buffers: shared hit=100186
Planning Time: 0.071 ms
Execution Time: 100.409 ms",99.6362,100.409,101.2475,101.8838,6858.54,6858.54,100000,100000,100000,100000
818,1308,88,Medium,"SELECT s2.gender AS gender, s2.day AS day, SUM(s2.score_points) OVER ( PARTITION BY s2.gender ORDER BY s2.day ASC ) AS total from schema_1308.scores AS s2",97.045,6858.54,100000,"WindowAgg  (cost=0.29..6858.54 rows=100000 width=16) (actual rows=100000 loops=1)
  Buffers: shared hit=100186
  ->  Index Scan using scores_pkey on scores s2  (cost=0.29..5108.54 rows=100000 width=12) (actual rows=100000 loops=1)
        Buffers: shared hit=100186
Planning Time: 0.055 ms
Execution Time: 97.045 ms",99.187,6858.54,100000,"WindowAgg  (cost=0.29..6858.54 rows=100000 width=16) (actual rows=100000 loops=1)
  Buffers: shared hit=100186
  ->  Index Scan using scores_pkey on scores s2  (cost=0.29..5108.54 rows=100000 width=12) (actual rows=100000 loops=1)
        Buffers: shared hit=100186
Planning Time: 0.071 ms
Execution Time: 99.187 ms",104.235,6858.54,100000,"WindowAgg  (cost=0.29..6858.54 rows=100000 width=16) (actual rows=100000 loops=1)
  Buffers: shared hit=100186
  ->  Index Scan using scores_pkey on scores s2  (cost=0.29..5108.54 rows=100000 width=12) (actual rows=100000 loops=1)
        Buffers: shared hit=100186
Planning Time: 0.068 ms
Execution Time: 104.235 ms",100.359,6858.54,100000,"WindowAgg  (cost=0.29..6858.54 rows=100000 width=16) (actual rows=100000 loops=1)
  Buffers: shared hit=100186
  ->  Index Scan using scores_pkey on scores s2  (cost=0.29..5108.54 rows=100000 width=12) (actual rows=100000 loops=1)
        Buffers: shared hit=100186
Planning Time: 0.065 ms
Execution Time: 100.359 ms",101.137,6858.54,100000,"WindowAgg  (cost=0.29..6858.54 rows=100000 width=16) (actual rows=100000 loops=1)
  Buffers: shared hit=100186
  ->  Index Scan using scores_pkey on scores s2  (cost=0.29..5108.54 rows=100000 width=12) (actual rows=100000 loops=1)
        Buffers: shared hit=100186
Planning Time: 0.070 ms
Execution Time: 101.137 ms",100.3926,100.359,102.686,105.4742,6858.54,6858.54,100000,100000,100000,100000
819,1308,99,Medium,"SELECT T_scores_0.gender AS gender, T_scores_0.day AS day, SUM(T_scores_0.score_points) OVER ( PARTITION BY T_scores_0.gender ORDER BY T_scores_0.day ASC ) AS total from schema_1308.scores AS T_scores_0",96.287,6858.54,100000,"WindowAgg  (cost=0.29..6858.54 rows=100000 width=16) (actual rows=100000 loops=1)
  Buffers: shared hit=100186
  ->  Index Scan using scores_pkey on scores t_scores_0  (cost=0.29..5108.54 rows=100000 width=12) (actual rows=100000 loops=1)
        Buffers: shared hit=100186
Planning Time: 0.087 ms
Execution Time: 96.287 ms",100.983,6858.54,100000,"WindowAgg  (cost=0.29..6858.54 rows=100000 width=16) (actual rows=100000 loops=1)
  Buffers: shared hit=100186
  ->  Index Scan using scores_pkey on scores t_scores_0  (cost=0.29..5108.54 rows=100000 width=12) (actual rows=100000 loops=1)
        Buffers: shared hit=100186
Planning Time: 0.049 ms
Execution Time: 100.983 ms",102.854,6858.54,100000,"WindowAgg  (cost=0.29..6858.54 rows=100000 width=16) (actual rows=100000 loops=1)
  Buffers: shared hit=100186
  ->  Index Scan using scores_pkey on scores t_scores_0  (cost=0.29..5108.54 rows=100000 width=12) (actual rows=100000 loops=1)
        Buffers: shared hit=100186
Planning Time: 0.063 ms
Execution Time: 102.854 ms",106.9,6858.54,100000,"WindowAgg  (cost=0.29..6858.54 rows=100000 width=16) (actual rows=100000 loops=1)
  Buffers: shared hit=100186
  ->  Index Scan using scores_pkey on scores t_scores_0  (cost=0.29..5108.54 rows=100000 width=12) (actual rows=100000 loops=1)
        Buffers: shared hit=100186
Planning Time: 0.060 ms
Execution Time: 106.900 ms",99.611,6858.54,100000,"WindowAgg  (cost=0.29..6858.54 rows=100000 width=16) (actual rows=100000 loops=1)
  Buffers: shared hit=100186
  ->  Index Scan using scores_pkey on scores t_scores_0  (cost=0.29..5108.54 rows=100000 width=12) (actual rows=100000 loops=1)
        Buffers: shared hit=100186
Planning Time: 0.072 ms
Execution Time: 99.611 ms",101.327,100.983,104.877,108.5184,6858.54,6858.54,100000,100000,100000,100000
820,1308,103,Medium,"SELECT T_cte_8.c_gender20 AS gender, T_cte_8.c_day20 AS day, SUM(T_cte_8.c_18) AS total FROM (SELECT SUM(T_scores_0.score_points) OVER ( PARTITION BY T_scores_0.gender ORDER BY T_scores_0.day ASC ) AS c_18, T_scores_0.gender AS c_gender20, T_scores_0.day AS c_day20 from schema_1308.scores AS T_scores_0 GROUP BY T_scores_0.gender,T_scores_0.day) AS T_cte_8 GROUP BY T_cte_8.c_gender20,T_cte_8.c_day20",145.631,7434.38,100000,"GroupAggregate  (cost=0.29..7434.38 rows=5037 width=40) (actual rows=100000 loops=1)
  Group Key: t_scores_0.gender, t_scores_0.day
  Buffers: shared hit=100186
  ->  WindowAgg  (cost=0.29..6489.98 rows=50368 width=16) (actual rows=100000 loops=1)
        Buffers: shared hit=100186
        ->  Group  (cost=0.29..5608.54 rows=50368 width=12) (actual rows=100000 loops=1)
              Group Key: t_scores_0.gender, t_scores_0.day
              Buffers: shared hit=100186
              ->  Index Scan using scores_pkey on scores t_scores_0  (cost=0.29..5108.54 rows=100000 width=12) (actual rows=100000 loops=1)
                    Buffers: shared hit=100186
Planning:
  Buffers: shared hit=3
Planning Time: 0.081 ms
Execution Time: 145.631 ms",151.909,7434.38,100000,"GroupAggregate  (cost=0.29..7434.38 rows=5037 width=40) (actual rows=100000 loops=1)
  Group Key: t_scores_0.gender, t_scores_0.day
  Buffers: shared hit=100186
  ->  WindowAgg  (cost=0.29..6489.98 rows=50368 width=16) (actual rows=100000 loops=1)
        Buffers: shared hit=100186
        ->  Group  (cost=0.29..5608.54 rows=50368 width=12) (actual rows=100000 loops=1)
              Group Key: t_scores_0.gender, t_scores_0.day
              Buffers: shared hit=100186
              ->  Index Scan using scores_pkey on scores t_scores_0  (cost=0.29..5108.54 rows=100000 width=12) (actual rows=100000 loops=1)
                    Buffers: shared hit=100186
Planning:
  Buffers: shared hit=3
Planning Time: 0.160 ms
Execution Time: 151.909 ms",150.443,7434.38,100000,"GroupAggregate  (cost=0.29..7434.38 rows=5037 width=40) (actual rows=100000 loops=1)
  Group Key: t_scores_0.gender, t_scores_0.day
  Buffers: shared hit=100186
  ->  WindowAgg  (cost=0.29..6489.98 rows=50368 width=16) (actual rows=100000 loops=1)
        Buffers: shared hit=100186
        ->  Group  (cost=0.29..5608.54 rows=50368 width=12) (actual rows=100000 loops=1)
              Group Key: t_scores_0.gender, t_scores_0.day
              Buffers: shared hit=100186
              ->  Index Scan using scores_pkey on scores t_scores_0  (cost=0.29..5108.54 rows=100000 width=12) (actual rows=100000 loops=1)
                    Buffers: shared hit=100186
Planning:
  Buffers: shared hit=3
Planning Time: 0.116 ms
Execution Time: 150.443 ms",148.156,7434.38,100000,"GroupAggregate  (cost=0.29..7434.38 rows=5037 width=40) (actual rows=100000 loops=1)
  Group Key: t_scores_0.gender, t_scores_0.day
  Buffers: shared hit=100186
  ->  WindowAgg  (cost=0.29..6489.98 rows=50368 width=16) (actual rows=100000 loops=1)
        Buffers: shared hit=100186
        ->  Group  (cost=0.29..5608.54 rows=50368 width=12) (actual rows=100000 loops=1)
              Group Key: t_scores_0.gender, t_scores_0.day
              Buffers: shared hit=100186
              ->  Index Scan using scores_pkey on scores t_scores_0  (cost=0.29..5108.54 rows=100000 width=12) (actual rows=100000 loops=1)
                    Buffers: shared hit=100186
Planning:
  Buffers: shared hit=3
Planning Time: 0.116 ms
Execution Time: 148.156 ms",151.897,7434.38,100000,"GroupAggregate  (cost=0.29..7434.38 rows=5037 width=40) (actual rows=100000 loops=1)
  Group Key: t_scores_0.gender, t_scores_0.day
  Buffers: shared hit=100186
  ->  WindowAgg  (cost=0.29..6489.98 rows=50368 width=16) (actual rows=100000 loops=1)
        Buffers: shared hit=100186
        ->  Group  (cost=0.29..5608.54 rows=50368 width=12) (actual rows=100000 loops=1)
              Group Key: t_scores_0.gender, t_scores_0.day
              Buffers: shared hit=100186
              ->  Index Scan using scores_pkey on scores t_scores_0  (cost=0.29..5108.54 rows=100000 width=12) (actual rows=100000 loops=1)
                    Buffers: shared hit=100186
Planning:
  Buffers: shared hit=3
Planning Time: 0.114 ms
Execution Time: 151.897 ms",149.6072,150.443,151.903,151.9138,7434.38,7434.38,100000,100000,100000,100000
822,1308,121,Medium,"SELECT b.gender AS gender, b.day AS day, SUM(b.score_points) OVER ( PARTITION BY b.gender ORDER BY b.day ASC ) AS total from schema_1308.scores AS b",94.174,6858.54,100000,"WindowAgg  (cost=0.29..6858.54 rows=100000 width=16) (actual rows=100000 loops=1)
  Buffers: shared hit=100186
  ->  Index Scan using scores_pkey on scores b  (cost=0.29..5108.54 rows=100000 width=12) (actual rows=100000 loops=1)
        Buffers: shared hit=100186
Planning Time: 0.053 ms
Execution Time: 94.174 ms",100.884,6858.54,100000,"WindowAgg  (cost=0.29..6858.54 rows=100000 width=16) (actual rows=100000 loops=1)
  Buffers: shared hit=100186
  ->  Index Scan using scores_pkey on scores b  (cost=0.29..5108.54 rows=100000 width=12) (actual rows=100000 loops=1)
        Buffers: shared hit=100186
Planning Time: 0.115 ms
Execution Time: 100.884 ms",99.613,6858.54,100000,"WindowAgg  (cost=0.29..6858.54 rows=100000 width=16) (actual rows=100000 loops=1)
  Buffers: shared hit=100186
  ->  Index Scan using scores_pkey on scores b  (cost=0.29..5108.54 rows=100000 width=12) (actual rows=100000 loops=1)
        Buffers: shared hit=100186
Planning Time: 0.127 ms
Execution Time: 99.613 ms",98.936,6858.54,100000,"WindowAgg  (cost=0.29..6858.54 rows=100000 width=16) (actual rows=100000 loops=1)
  Buffers: shared hit=100186
  ->  Index Scan using scores_pkey on scores b  (cost=0.29..5108.54 rows=100000 width=12) (actual rows=100000 loops=1)
        Buffers: shared hit=100186
Planning Time: 0.074 ms
Execution Time: 98.936 ms",103.709,6858.54,100000,"WindowAgg  (cost=0.29..6858.54 rows=100000 width=16) (actual rows=100000 loops=1)
  Buffers: shared hit=100186
  ->  Index Scan using scores_pkey on scores b  (cost=0.29..5108.54 rows=100000 width=12) (actual rows=100000 loops=1)
        Buffers: shared hit=100186
Planning Time: 0.080 ms
Execution Time: 103.709 ms",99.4632,99.613,102.2965,104.839,6858.54,6858.54,100000,100000,100000,100000
823,1308,122,Medium,"SELECT b.gender AS gender, b.day AS day, SUM(b.score_points) OVER ( PARTITION BY b.gender ORDER BY b.day ASC ) AS total from schema_1308.scores AS b",94.839,6858.54,100000,"WindowAgg  (cost=0.29..6858.54 rows=100000 width=16) (actual rows=100000 loops=1)
  Buffers: shared hit=100186
  ->  Index Scan using scores_pkey on scores b  (cost=0.29..5108.54 rows=100000 width=12) (actual rows=100000 loops=1)
        Buffers: shared hit=100186
Planning Time: 0.046 ms
Execution Time: 94.839 ms",106.99,6858.54,100000,"WindowAgg  (cost=0.29..6858.54 rows=100000 width=16) (actual rows=100000 loops=1)
  Buffers: shared hit=100186
  ->  Index Scan using scores_pkey on scores b  (cost=0.29..5108.54 rows=100000 width=12) (actual rows=100000 loops=1)
        Buffers: shared hit=100186
Planning Time: 0.065 ms
Execution Time: 106.990 ms",100.357,6858.54,100000,"WindowAgg  (cost=0.29..6858.54 rows=100000 width=16) (actual rows=100000 loops=1)
  Buffers: shared hit=100186
  ->  Index Scan using scores_pkey on scores b  (cost=0.29..5108.54 rows=100000 width=12) (actual rows=100000 loops=1)
        Buffers: shared hit=100186
Planning Time: 0.070 ms
Execution Time: 100.357 ms",104.822,6858.54,100000,"WindowAgg  (cost=0.29..6858.54 rows=100000 width=16) (actual rows=100000 loops=1)
  Buffers: shared hit=100186
  ->  Index Scan using scores_pkey on scores b  (cost=0.29..5108.54 rows=100000 width=12) (actual rows=100000 loops=1)
        Buffers: shared hit=100186
Planning Time: 0.057 ms
Execution Time: 104.822 ms",101.163,6858.54,100000,"WindowAgg  (cost=0.29..6858.54 rows=100000 width=16) (actual rows=100000 loops=1)
  Buffers: shared hit=100186
  ->  Index Scan using scores_pkey on scores b  (cost=0.29..5108.54 rows=100000 width=12) (actual rows=100000 loops=1)
        Buffers: shared hit=100186
Planning Time: 0.067 ms
Execution Time: 101.163 ms",101.6342,101.163,105.906,107.8572,6858.54,6858.54,100000,100000,100000,100000
824,1308,138,Medium,"SELECT b.gender AS gender, b.day AS day, SUM(b.score_points) OVER ( PARTITION BY b.gender ORDER BY b.day ASC ) AS total from schema_1308.scores AS b",94.655,6858.54,100000,"WindowAgg  (cost=0.29..6858.54 rows=100000 width=16) (actual rows=100000 loops=1)
  Buffers: shared hit=100186
  ->  Index Scan using scores_pkey on scores b  (cost=0.29..5108.54 rows=100000 width=12) (actual rows=100000 loops=1)
        Buffers: shared hit=100186
Planning Time: 0.046 ms
Execution Time: 94.655 ms",99.748,6858.54,100000,"WindowAgg  (cost=0.29..6858.54 rows=100000 width=16) (actual rows=100000 loops=1)
  Buffers: shared hit=100186
  ->  Index Scan using scores_pkey on scores b  (cost=0.29..5108.54 rows=100000 width=12) (actual rows=100000 loops=1)
        Buffers: shared hit=100186
Planning Time: 0.071 ms
Execution Time: 99.748 ms",101.637,6858.54,100000,"WindowAgg  (cost=0.29..6858.54 rows=100000 width=16) (actual rows=100000 loops=1)
  Buffers: shared hit=100186
  ->  Index Scan using scores_pkey on scores b  (cost=0.29..5108.54 rows=100000 width=12) (actual rows=100000 loops=1)
        Buffers: shared hit=100186
Planning Time: 0.067 ms
Execution Time: 101.637 ms",100.076,6858.54,100000,"WindowAgg  (cost=0.29..6858.54 rows=100000 width=16) (actual rows=100000 loops=1)
  Buffers: shared hit=100186
  ->  Index Scan using scores_pkey on scores b  (cost=0.29..5108.54 rows=100000 width=12) (actual rows=100000 loops=1)
        Buffers: shared hit=100186
Planning Time: 0.066 ms
Execution Time: 100.076 ms",103.154,6858.54,100000,"WindowAgg  (cost=0.29..6858.54 rows=100000 width=16) (actual rows=100000 loops=1)
  Buffers: shared hit=100186
  ->  Index Scan using scores_pkey on scores b  (cost=0.29..5108.54 rows=100000 width=12) (actual rows=100000 loops=1)
        Buffers: shared hit=100186
Planning Time: 0.062 ms
Execution Time: 103.154 ms",99.854,100.076,102.3955,103.7608,6858.54,6858.54,100000,100000,100000,100000
830,1308,170,Medium,"SELECT T_scores_0.gender AS gender, T_scores_0.day AS day, SUM(T_scores_0.score_points) OVER ( PARTITION BY T_scores_0.gender ORDER BY T_scores_0.day ASC ) AS total from schema_1308.scores AS T_scores_0 ORDER BY gender ASC,day ASC",96.649,6858.54,100000,"WindowAgg  (cost=0.29..6858.54 rows=100000 width=16) (actual rows=100000 loops=1)
  Buffers: shared hit=100186
  ->  Index Scan using scores_pkey on scores t_scores_0  (cost=0.29..5108.54 rows=100000 width=12) (actual rows=100000 loops=1)
        Buffers: shared hit=100186
Planning Time: 0.068 ms
Execution Time: 96.649 ms",104.043,6858.54,100000,"WindowAgg  (cost=0.29..6858.54 rows=100000 width=16) (actual rows=100000 loops=1)
  Buffers: shared hit=100186
  ->  Index Scan using scores_pkey on scores t_scores_0  (cost=0.29..5108.54 rows=100000 width=12) (actual rows=100000 loops=1)
        Buffers: shared hit=100186
Planning Time: 0.070 ms
Execution Time: 104.043 ms",103.721,6858.54,100000,"WindowAgg  (cost=0.29..6858.54 rows=100000 width=16) (actual rows=100000 loops=1)
  Buffers: shared hit=100186
  ->  Index Scan using scores_pkey on scores t_scores_0  (cost=0.29..5108.54 rows=100000 width=12) (actual rows=100000 loops=1)
        Buffers: shared hit=100186
Planning Time: 0.095 ms
Execution Time: 103.721 ms",102.217,6858.54,100000,"WindowAgg  (cost=0.29..6858.54 rows=100000 width=16) (actual rows=100000 loops=1)
  Buffers: shared hit=100186
  ->  Index Scan using scores_pkey on scores t_scores_0  (cost=0.29..5108.54 rows=100000 width=12) (actual rows=100000 loops=1)
        Buffers: shared hit=100186
Planning Time: 0.109 ms
Execution Time: 102.217 ms",105.4,6858.54,100000,"WindowAgg  (cost=0.29..6858.54 rows=100000 width=16) (actual rows=100000 loops=1)
  Buffers: shared hit=100186
  ->  Index Scan using scores_pkey on scores t_scores_0  (cost=0.29..5108.54 rows=100000 width=12) (actual rows=100000 loops=1)
        Buffers: shared hit=100186
Planning Time: 0.073 ms
Execution Time: 105.400 ms",102.406,103.721,104.7215,105.9428,6858.54,6858.54,100000,100000,100000,100000
833,1308,191,Medium,"SELECT T_scores_0.gender AS gender, T_scores_0.day AS day, SUM(T_scores_0.score_points) OVER ( PARTITION BY T_scores_0.gender ORDER BY T_scores_0.gender ASC,T_scores_0.day ASC ) AS total from schema_1308.scores AS T_scores_0",96.671,7108.54,100000,"WindowAgg  (cost=0.29..7108.54 rows=100000 width=16) (actual rows=100000 loops=1)
  Buffers: shared hit=100186
  ->  Index Scan using scores_pkey on scores t_scores_0  (cost=0.29..5108.54 rows=100000 width=12) (actual rows=100000 loops=1)
        Buffers: shared hit=100186
Planning Time: 0.046 ms
Execution Time: 96.671 ms",103.906,7108.54,100000,"WindowAgg  (cost=0.29..7108.54 rows=100000 width=16) (actual rows=100000 loops=1)
  Buffers: shared hit=100186
  ->  Index Scan using scores_pkey on scores t_scores_0  (cost=0.29..5108.54 rows=100000 width=12) (actual rows=100000 loops=1)
        Buffers: shared hit=100186
Planning Time: 0.064 ms
Execution Time: 103.906 ms",102.264,7108.54,100000,"WindowAgg  (cost=0.29..7108.54 rows=100000 width=16) (actual rows=100000 loops=1)
  Buffers: shared hit=100186
  ->  Index Scan using scores_pkey on scores t_scores_0  (cost=0.29..5108.54 rows=100000 width=12) (actual rows=100000 loops=1)
        Buffers: shared hit=100186
Planning Time: 0.064 ms
Execution Time: 102.264 ms",104.97,7108.54,100000,"WindowAgg  (cost=0.29..7108.54 rows=100000 width=16) (actual rows=100000 loops=1)
  Buffers: shared hit=100186
  ->  Index Scan using scores_pkey on scores t_scores_0  (cost=0.29..5108.54 rows=100000 width=12) (actual rows=100000 loops=1)
        Buffers: shared hit=100186
Planning Time: 0.070 ms
Execution Time: 104.970 ms",102.162,7108.54,100000,"WindowAgg  (cost=0.29..7108.54 rows=100000 width=16) (actual rows=100000 loops=1)
  Buffers: shared hit=100186
  ->  Index Scan using scores_pkey on scores t_scores_0  (cost=0.29..5108.54 rows=100000 width=12) (actual rows=100000 loops=1)
        Buffers: shared hit=100186
Planning Time: 0.102 ms
Execution Time: 102.162 ms",101.9946,102.264,104.438,105.3956,7108.54,7108.54,100000,100000,100000,100000
834,1308,202,Medium,"SELECT T_scores_0.gender AS gender, T_scores_0.day AS day, SUM(T_scores_0.score_points) OVER ( PARTITION BY T_scores_0.gender ORDER BY T_scores_0.day ASC ) AS total from schema_1308.scores AS T_scores_0",103.332,6858.54,100000,"WindowAgg  (cost=0.29..6858.54 rows=100000 width=16) (actual rows=100000 loops=1)
  Buffers: shared hit=100186
  ->  Index Scan using scores_pkey on scores t_scores_0  (cost=0.29..5108.54 rows=100000 width=12) (actual rows=100000 loops=1)
        Buffers: shared hit=100186
Planning Time: 0.067 ms
Execution Time: 103.332 ms",104.263,6858.54,100000,"WindowAgg  (cost=0.29..6858.54 rows=100000 width=16) (actual rows=100000 loops=1)
  Buffers: shared hit=100186
  ->  Index Scan using scores_pkey on scores t_scores_0  (cost=0.29..5108.54 rows=100000 width=12) (actual rows=100000 loops=1)
        Buffers: shared hit=100186
Planning Time: 0.076 ms
Execution Time: 104.263 ms",102.265,6858.54,100000,"WindowAgg  (cost=0.29..6858.54 rows=100000 width=16) (actual rows=100000 loops=1)
  Buffers: shared hit=100186
  ->  Index Scan using scores_pkey on scores t_scores_0  (cost=0.29..5108.54 rows=100000 width=12) (actual rows=100000 loops=1)
        Buffers: shared hit=100186
Planning Time: 0.076 ms
Execution Time: 102.265 ms",109.748,6858.54,100000,"WindowAgg  (cost=0.29..6858.54 rows=100000 width=16) (actual rows=100000 loops=1)
  Buffers: shared hit=100186
  ->  Index Scan using scores_pkey on scores t_scores_0  (cost=0.29..5108.54 rows=100000 width=12) (actual rows=100000 loops=1)
        Buffers: shared hit=100186
Planning Time: 0.063 ms
Execution Time: 109.748 ms",104.738,6858.54,100000,"WindowAgg  (cost=0.29..6858.54 rows=100000 width=16) (actual rows=100000 loops=1)
  Buffers: shared hit=100186
  ->  Index Scan using scores_pkey on scores t_scores_0  (cost=0.29..5108.54 rows=100000 width=12) (actual rows=100000 loops=1)
        Buffers: shared hit=100186
Planning Time: 0.064 ms
Execution Time: 104.738 ms",104.8692,104.263,107.243,111.752,6858.54,6858.54,100000,100000,100000,100000
837,1308,214,Medium,"SELECT T_scores_0.gender AS gender, T_scores_0.day AS day, SUM(T_scores_0.score_points) OVER ( PARTITION BY T_scores_0.gender ORDER BY T_scores_0.day ASC ) AS total from schema_1308.scores AS T_scores_0",101.168,6858.54,100000,"WindowAgg  (cost=0.29..6858.54 rows=100000 width=16) (actual rows=100000 loops=1)
  Buffers: shared hit=100186
  ->  Index Scan using scores_pkey on scores t_scores_0  (cost=0.29..5108.54 rows=100000 width=12) (actual rows=100000 loops=1)
        Buffers: shared hit=100186
Planning Time: 0.053 ms
Execution Time: 101.168 ms",103.275,6858.54,100000,"WindowAgg  (cost=0.29..6858.54 rows=100000 width=16) (actual rows=100000 loops=1)
  Buffers: shared hit=100186
  ->  Index Scan using scores_pkey on scores t_scores_0  (cost=0.29..5108.54 rows=100000 width=12) (actual rows=100000 loops=1)
        Buffers: shared hit=100186
Planning Time: 0.072 ms
Execution Time: 103.275 ms",103.707,6858.54,100000,"WindowAgg  (cost=0.29..6858.54 rows=100000 width=16) (actual rows=100000 loops=1)
  Buffers: shared hit=100186
  ->  Index Scan using scores_pkey on scores t_scores_0  (cost=0.29..5108.54 rows=100000 width=12) (actual rows=100000 loops=1)
        Buffers: shared hit=100186
Planning Time: 0.059 ms
Execution Time: 103.707 ms",104.216,6858.54,100000,"WindowAgg  (cost=0.29..6858.54 rows=100000 width=16) (actual rows=100000 loops=1)
  Buffers: shared hit=100186
  ->  Index Scan using scores_pkey on scores t_scores_0  (cost=0.29..5108.54 rows=100000 width=12) (actual rows=100000 loops=1)
        Buffers: shared hit=100186
Planning Time: 0.085 ms
Execution Time: 104.216 ms",103.966,6858.54,100000,"WindowAgg  (cost=0.29..6858.54 rows=100000 width=16) (actual rows=100000 loops=1)
  Buffers: shared hit=100186
  ->  Index Scan using scores_pkey on scores t_scores_0  (cost=0.29..5108.54 rows=100000 width=12) (actual rows=100000 loops=1)
        Buffers: shared hit=100186
Planning Time: 0.079 ms
Execution Time: 103.966 ms",103.2664,103.707,104.091,104.316,6858.54,6858.54,100000,100000,100000,100000
838,1308,219,Medium,"SELECT T_cte_10.c_gender6 AS gender, T_cte_10.c_day6 AS day, SUM(T_cte_10.c_5) AS total FROM (SELECT SUM(T_scores_0.score_points) OVER ( PARTITION BY T_scores_0.gender ORDER BY T_scores_0.day ASC ) AS c_5, T_scores_0.gender AS c_gender6, T_scores_0.day AS c_day6 from schema_1308.scores AS T_scores_0 GROUP BY T_scores_0.gender,T_scores_0.day) AS T_cte_10 GROUP BY T_cte_10.c_gender6,T_cte_10.c_day6",148.861,7434.38,100000,"GroupAggregate  (cost=0.29..7434.38 rows=5037 width=40) (actual rows=100000 loops=1)
  Group Key: t_scores_0.gender, t_scores_0.day
  Buffers: shared hit=100186
  ->  WindowAgg  (cost=0.29..6489.98 rows=50368 width=16) (actual rows=100000 loops=1)
        Buffers: shared hit=100186
        ->  Group  (cost=0.29..5608.54 rows=50368 width=12) (actual rows=100000 loops=1)
              Group Key: t_scores_0.gender, t_scores_0.day
              Buffers: shared hit=100186
              ->  Index Scan using scores_pkey on scores t_scores_0  (cost=0.29..5108.54 rows=100000 width=12) (actual rows=100000 loops=1)
                    Buffers: shared hit=100186
Planning:
  Buffers: shared hit=3
Planning Time: 0.092 ms
Execution Time: 148.861 ms",153.818,7434.38,100000,"GroupAggregate  (cost=0.29..7434.38 rows=5037 width=40) (actual rows=100000 loops=1)
  Group Key: t_scores_0.gender, t_scores_0.day
  Buffers: shared hit=100186
  ->  WindowAgg  (cost=0.29..6489.98 rows=50368 width=16) (actual rows=100000 loops=1)
        Buffers: shared hit=100186
        ->  Group  (cost=0.29..5608.54 rows=50368 width=12) (actual rows=100000 loops=1)
              Group Key: t_scores_0.gender, t_scores_0.day
              Buffers: shared hit=100186
              ->  Index Scan using scores_pkey on scores t_scores_0  (cost=0.29..5108.54 rows=100000 width=12) (actual rows=100000 loops=1)
                    Buffers: shared hit=100186
Planning:
  Buffers: shared hit=3
Planning Time: 0.120 ms
Execution Time: 153.818 ms",155.132,7434.38,100000,"GroupAggregate  (cost=0.29..7434.38 rows=5037 width=40) (actual rows=100000 loops=1)
  Group Key: t_scores_0.gender, t_scores_0.day
  Buffers: shared hit=100186
  ->  WindowAgg  (cost=0.29..6489.98 rows=50368 width=16) (actual rows=100000 loops=1)
        Buffers: shared hit=100186
        ->  Group  (cost=0.29..5608.54 rows=50368 width=12) (actual rows=100000 loops=1)
              Group Key: t_scores_0.gender, t_scores_0.day
              Buffers: shared hit=100186
              ->  Index Scan using scores_pkey on scores t_scores_0  (cost=0.29..5108.54 rows=100000 width=12) (actual rows=100000 loops=1)
                    Buffers: shared hit=100186
Planning:
  Buffers: shared hit=3
Planning Time: 0.117 ms
Execution Time: 155.132 ms",152.277,7434.38,100000,"GroupAggregate  (cost=0.29..7434.38 rows=5037 width=40) (actual rows=100000 loops=1)
  Group Key: t_scores_0.gender, t_scores_0.day
  Buffers: shared hit=100186
  ->  WindowAgg  (cost=0.29..6489.98 rows=50368 width=16) (actual rows=100000 loops=1)
        Buffers: shared hit=100186
        ->  Group  (cost=0.29..5608.54 rows=50368 width=12) (actual rows=100000 loops=1)
              Group Key: t_scores_0.gender, t_scores_0.day
              Buffers: shared hit=100186
              ->  Index Scan using scores_pkey on scores t_scores_0  (cost=0.29..5108.54 rows=100000 width=12) (actual rows=100000 loops=1)
                    Buffers: shared hit=100186
Planning:
  Buffers: shared hit=3
Planning Time: 0.115 ms
Execution Time: 152.277 ms",155.45,7434.38,100000,"GroupAggregate  (cost=0.29..7434.38 rows=5037 width=40) (actual rows=100000 loops=1)
  Group Key: t_scores_0.gender, t_scores_0.day
  Buffers: shared hit=100186
  ->  WindowAgg  (cost=0.29..6489.98 rows=50368 width=16) (actual rows=100000 loops=1)
        Buffers: shared hit=100186
        ->  Group  (cost=0.29..5608.54 rows=50368 width=12) (actual rows=100000 loops=1)
              Group Key: t_scores_0.gender, t_scores_0.day
              Buffers: shared hit=100186
              ->  Index Scan using scores_pkey on scores t_scores_0  (cost=0.29..5108.54 rows=100000 width=12) (actual rows=100000 loops=1)
                    Buffers: shared hit=100186
Planning:
  Buffers: shared hit=3
Planning Time: 0.127 ms
Execution Time: 155.450 ms",153.1076,153.818,155.291,155.5772,7434.38,7434.38,100000,100000,100000,100000
840,1308,249,Medium,"SELECT T_scores_0.gender AS gender, T_scores_0.day AS day, SUM(T_scores_0.score_points) OVER ( PARTITION BY T_scores_0.gender ORDER BY T_scores_0.day ASC ) AS total from schema_1308.scores AS T_scores_0 ORDER BY gender ASC,day ASC",97.769,6858.54,100000,"WindowAgg  (cost=0.29..6858.54 rows=100000 width=16) (actual rows=100000 loops=1)
  Buffers: shared hit=100186
  ->  Index Scan using scores_pkey on scores t_scores_0  (cost=0.29..5108.54 rows=100000 width=12) (actual rows=100000 loops=1)
        Buffers: shared hit=100186
Planning Time: 0.075 ms
Execution Time: 97.769 ms",101.224,6858.54,100000,"WindowAgg  (cost=0.29..6858.54 rows=100000 width=16) (actual rows=100000 loops=1)
  Buffers: shared hit=100186
  ->  Index Scan using scores_pkey on scores t_scores_0  (cost=0.29..5108.54 rows=100000 width=12) (actual rows=100000 loops=1)
        Buffers: shared hit=100186
Planning Time: 0.080 ms
Execution Time: 101.224 ms",102.898,6858.54,100000,"WindowAgg  (cost=0.29..6858.54 rows=100000 width=16) (actual rows=100000 loops=1)
  Buffers: shared hit=100186
  ->  Index Scan using scores_pkey on scores t_scores_0  (cost=0.29..5108.54 rows=100000 width=12) (actual rows=100000 loops=1)
        Buffers: shared hit=100186
Planning Time: 0.112 ms
Execution Time: 102.898 ms",103.177,6858.54,100000,"WindowAgg  (cost=0.29..6858.54 rows=100000 width=16) (actual rows=100000 loops=1)
  Buffers: shared hit=100186
  ->  Index Scan using scores_pkey on scores t_scores_0  (cost=0.29..5108.54 rows=100000 width=12) (actual rows=100000 loops=1)
        Buffers: shared hit=100186
Planning Time: 0.081 ms
Execution Time: 103.177 ms",100.15,6858.54,100000,"WindowAgg  (cost=0.29..6858.54 rows=100000 width=16) (actual rows=100000 loops=1)
  Buffers: shared hit=100186
  ->  Index Scan using scores_pkey on scores t_scores_0  (cost=0.29..5108.54 rows=100000 width=12) (actual rows=100000 loops=1)
        Buffers: shared hit=100186
Planning Time: 0.060 ms
Execution Time: 100.150 ms",101.0436,101.224,103.0375,103.2886,6858.54,6858.54,100000,100000,100000,100000
842,1308,254,Medium,"SELECT T_cte_24.c_gender12 AS gender, T_cte_24.c_day12 AS day, SUM(T_cte_24.c_11) AS total FROM (SELECT SUM(T_scores_0.score_points) OVER ( PARTITION BY T_scores_0.gender ORDER BY T_scores_0.day ASC ) AS c_11, T_scores_0.day AS c_day12, T_scores_0.gender AS c_gender12 from schema_1308.scores AS T_scores_0 GROUP BY T_scores_0.gender,T_scores_0.day) AS T_cte_24 GROUP BY T_cte_24.c_gender12,T_cte_24.c_day12",150.152,7434.38,100000,"GroupAggregate  (cost=0.29..7434.38 rows=5037 width=40) (actual rows=100000 loops=1)
  Group Key: t_scores_0.gender, t_scores_0.day
  Buffers: shared hit=100186
  ->  WindowAgg  (cost=0.29..6489.98 rows=50368 width=16) (actual rows=100000 loops=1)
        Buffers: shared hit=100186
        ->  Group  (cost=0.29..5608.54 rows=50368 width=12) (actual rows=100000 loops=1)
              Group Key: t_scores_0.gender, t_scores_0.day
              Buffers: shared hit=100186
              ->  Index Scan using scores_pkey on scores t_scores_0  (cost=0.29..5108.54 rows=100000 width=12) (actual rows=100000 loops=1)
                    Buffers: shared hit=100186
Planning:
  Buffers: shared hit=3
Planning Time: 0.121 ms
Execution Time: 150.152 ms",152.767,7434.38,100000,"GroupAggregate  (cost=0.29..7434.38 rows=5037 width=40) (actual rows=100000 loops=1)
  Group Key: t_scores_0.gender, t_scores_0.day
  Buffers: shared hit=100186
  ->  WindowAgg  (cost=0.29..6489.98 rows=50368 width=16) (actual rows=100000 loops=1)
        Buffers: shared hit=100186
        ->  Group  (cost=0.29..5608.54 rows=50368 width=12) (actual rows=100000 loops=1)
              Group Key: t_scores_0.gender, t_scores_0.day
              Buffers: shared hit=100186
              ->  Index Scan using scores_pkey on scores t_scores_0  (cost=0.29..5108.54 rows=100000 width=12) (actual rows=100000 loops=1)
                    Buffers: shared hit=100186
Planning:
  Buffers: shared hit=3
Planning Time: 0.117 ms
Execution Time: 152.767 ms",152.156,7434.38,100000,"GroupAggregate  (cost=0.29..7434.38 rows=5037 width=40) (actual rows=100000 loops=1)
  Group Key: t_scores_0.gender, t_scores_0.day
  Buffers: shared hit=100186
  ->  WindowAgg  (cost=0.29..6489.98 rows=50368 width=16) (actual rows=100000 loops=1)
        Buffers: shared hit=100186
        ->  Group  (cost=0.29..5608.54 rows=50368 width=12) (actual rows=100000 loops=1)
              Group Key: t_scores_0.gender, t_scores_0.day
              Buffers: shared hit=100186
              ->  Index Scan using scores_pkey on scores t_scores_0  (cost=0.29..5108.54 rows=100000 width=12) (actual rows=100000 loops=1)
                    Buffers: shared hit=100186
Planning:
  Buffers: shared hit=3
Planning Time: 0.128 ms
Execution Time: 152.156 ms",154.981,7434.38,100000,"GroupAggregate  (cost=0.29..7434.38 rows=5037 width=40) (actual rows=100000 loops=1)
  Group Key: t_scores_0.gender, t_scores_0.day
  Buffers: shared hit=100186
  ->  WindowAgg  (cost=0.29..6489.98 rows=50368 width=16) (actual rows=100000 loops=1)
        Buffers: shared hit=100186
        ->  Group  (cost=0.29..5608.54 rows=50368 width=12) (actual rows=100000 loops=1)
              Group Key: t_scores_0.gender, t_scores_0.day
              Buffers: shared hit=100186
              ->  Index Scan using scores_pkey on scores t_scores_0  (cost=0.29..5108.54 rows=100000 width=12) (actual rows=100000 loops=1)
                    Buffers: shared hit=100186
Planning:
  Buffers: shared hit=3
Planning Time: 0.142 ms
Execution Time: 154.981 ms",154.204,7434.38,100000,"GroupAggregate  (cost=0.29..7434.38 rows=5037 width=40) (actual rows=100000 loops=1)
  Group Key: t_scores_0.gender, t_scores_0.day
  Buffers: shared hit=100186
  ->  WindowAgg  (cost=0.29..6489.98 rows=50368 width=16) (actual rows=100000 loops=1)
        Buffers: shared hit=100186
        ->  Group  (cost=0.29..5608.54 rows=50368 width=12) (actual rows=100000 loops=1)
              Group Key: t_scores_0.gender, t_scores_0.day
              Buffers: shared hit=100186
              ->  Index Scan using scores_pkey on scores t_scores_0  (cost=0.29..5108.54 rows=100000 width=12) (actual rows=100000 loops=1)
                    Buffers: shared hit=100186
Planning:
  Buffers: shared hit=3
Planning Time: 0.126 ms
Execution Time: 154.204 ms",152.852,152.767,154.5925,155.2918,7434.38,7434.38,100000,100000,100000,100000
843,1308,255,Medium,"SELECT T_cte_22.c_gender9 AS gender, T_cte_22.c_day9 AS day, SUM(T_cte_22.c_8) AS total FROM (SELECT SUM(T_scores_0.score_points) OVER ( PARTITION BY T_scores_0.gender ORDER BY T_scores_0.day ASC ) AS c_8, T_scores_0.gender AS c_gender9, T_scores_0.day AS c_day9 from schema_1308.scores AS T_scores_0 GROUP BY T_scores_0.gender,T_scores_0.day) AS T_cte_22 GROUP BY T_cte_22.c_gender9,T_cte_22.c_day9",145.238,7434.38,100000,"GroupAggregate  (cost=0.29..7434.38 rows=5037 width=40) (actual rows=100000 loops=1)
  Group Key: t_scores_0.gender, t_scores_0.day
  Buffers: shared hit=100186
  ->  WindowAgg  (cost=0.29..6489.98 rows=50368 width=16) (actual rows=100000 loops=1)
        Buffers: shared hit=100186
        ->  Group  (cost=0.29..5608.54 rows=50368 width=12) (actual rows=100000 loops=1)
              Group Key: t_scores_0.gender, t_scores_0.day
              Buffers: shared hit=100186
              ->  Index Scan using scores_pkey on scores t_scores_0  (cost=0.29..5108.54 rows=100000 width=12) (actual rows=100000 loops=1)
                    Buffers: shared hit=100186
Planning:
  Buffers: shared hit=3
Planning Time: 0.080 ms
Execution Time: 145.238 ms",152.232,7434.38,100000,"GroupAggregate  (cost=0.29..7434.38 rows=5037 width=40) (actual rows=100000 loops=1)
  Group Key: t_scores_0.gender, t_scores_0.day
  Buffers: shared hit=100186
  ->  WindowAgg  (cost=0.29..6489.98 rows=50368 width=16) (actual rows=100000 loops=1)
        Buffers: shared hit=100186
        ->  Group  (cost=0.29..5608.54 rows=50368 width=12) (actual rows=100000 loops=1)
              Group Key: t_scores_0.gender, t_scores_0.day
              Buffers: shared hit=100186
              ->  Index Scan using scores_pkey on scores t_scores_0  (cost=0.29..5108.54 rows=100000 width=12) (actual rows=100000 loops=1)
                    Buffers: shared hit=100186
Planning:
  Buffers: shared hit=3
Planning Time: 0.185 ms
Execution Time: 152.232 ms",156.887,7434.38,100000,"GroupAggregate  (cost=0.29..7434.38 rows=5037 width=40) (actual rows=100000 loops=1)
  Group Key: t_scores_0.gender, t_scores_0.day
  Buffers: shared hit=100186
  ->  WindowAgg  (cost=0.29..6489.98 rows=50368 width=16) (actual rows=100000 loops=1)
        Buffers: shared hit=100186
        ->  Group  (cost=0.29..5608.54 rows=50368 width=12) (actual rows=100000 loops=1)
              Group Key: t_scores_0.gender, t_scores_0.day
              Buffers: shared hit=100186
              ->  Index Scan using scores_pkey on scores t_scores_0  (cost=0.29..5108.54 rows=100000 width=12) (actual rows=100000 loops=1)
                    Buffers: shared hit=100186
Planning:
  Buffers: shared hit=3
Planning Time: 0.126 ms
Execution Time: 156.887 ms",154.663,7434.38,100000,"GroupAggregate  (cost=0.29..7434.38 rows=5037 width=40) (actual rows=100000 loops=1)
  Group Key: t_scores_0.gender, t_scores_0.day
  Buffers: shared hit=100186
  ->  WindowAgg  (cost=0.29..6489.98 rows=50368 width=16) (actual rows=100000 loops=1)
        Buffers: shared hit=100186
        ->  Group  (cost=0.29..5608.54 rows=50368 width=12) (actual rows=100000 loops=1)
              Group Key: t_scores_0.gender, t_scores_0.day
              Buffers: shared hit=100186
              ->  Index Scan using scores_pkey on scores t_scores_0  (cost=0.29..5108.54 rows=100000 width=12) (actual rows=100000 loops=1)
                    Buffers: shared hit=100186
Planning:
  Buffers: shared hit=3
Planning Time: 0.140 ms
Execution Time: 154.663 ms",162.479,7434.38,100000,"GroupAggregate  (cost=0.29..7434.38 rows=5037 width=40) (actual rows=100000 loops=1)
  Group Key: t_scores_0.gender, t_scores_0.day
  Buffers: shared hit=100186
  ->  WindowAgg  (cost=0.29..6489.98 rows=50368 width=16) (actual rows=100000 loops=1)
        Buffers: shared hit=100186
        ->  Group  (cost=0.29..5608.54 rows=50368 width=12) (actual rows=100000 loops=1)
              Group Key: t_scores_0.gender, t_scores_0.day
              Buffers: shared hit=100186
              ->  Index Scan using scores_pkey on scores t_scores_0  (cost=0.29..5108.54 rows=100000 width=12) (actual rows=100000 loops=1)
                    Buffers: shared hit=100186
Planning:
  Buffers: shared hit=3
Planning Time: 0.135 ms
Execution Time: 162.479 ms",154.2998,154.663,159.683,164.7158,7434.38,7434.38,100000,100000,100000,100000
845,1308,258,Medium,"SELECT aggregate.c_gender0 AS gender, aggregate.c_day0 AS day, aggregate.c_0 AS total FROM (SELECT T_scores_0.gender AS c_gender0, T_scores_0.day AS c_day0, SUM(T_scores_0.score_points) OVER ( PARTITION BY T_scores_0.gender ORDER BY T_scores_0.day ASC ) AS c_0 from schema_1308.scores AS T_scores_0) AS aggregate",96.363,6858.54,100000,"WindowAgg  (cost=0.29..6858.54 rows=100000 width=16) (actual rows=100000 loops=1)
  Buffers: shared hit=100186
  ->  Index Scan using scores_pkey on scores t_scores_0  (cost=0.29..5108.54 rows=100000 width=12) (actual rows=100000 loops=1)
        Buffers: shared hit=100186
Planning Time: 0.055 ms
Execution Time: 96.363 ms",106.352,6858.54,100000,"WindowAgg  (cost=0.29..6858.54 rows=100000 width=16) (actual rows=100000 loops=1)
  Buffers: shared hit=100186
  ->  Index Scan using scores_pkey on scores t_scores_0  (cost=0.29..5108.54 rows=100000 width=12) (actual rows=100000 loops=1)
        Buffers: shared hit=100186
Planning Time: 0.105 ms
Execution Time: 106.352 ms",103.073,6858.54,100000,"WindowAgg  (cost=0.29..6858.54 rows=100000 width=16) (actual rows=100000 loops=1)
  Buffers: shared hit=100186
  ->  Index Scan using scores_pkey on scores t_scores_0  (cost=0.29..5108.54 rows=100000 width=12) (actual rows=100000 loops=1)
        Buffers: shared hit=100186
Planning Time: 0.083 ms
Execution Time: 103.073 ms",100.078,6858.54,100000,"WindowAgg  (cost=0.29..6858.54 rows=100000 width=16) (actual rows=100000 loops=1)
  Buffers: shared hit=100186
  ->  Index Scan using scores_pkey on scores t_scores_0  (cost=0.29..5108.54 rows=100000 width=12) (actual rows=100000 loops=1)
        Buffers: shared hit=100186
Planning Time: 0.073 ms
Execution Time: 100.078 ms",103.864,6858.54,100000,"WindowAgg  (cost=0.29..6858.54 rows=100000 width=16) (actual rows=100000 loops=1)
  Buffers: shared hit=100186
  ->  Index Scan using scores_pkey on scores t_scores_0  (cost=0.29..5108.54 rows=100000 width=12) (actual rows=100000 loops=1)
        Buffers: shared hit=100186
Planning Time: 0.151 ms
Execution Time: 103.864 ms",101.946,103.073,105.108,107.3472,6858.54,6858.54,100000,100000,100000,100000
846,1308,283,Medium,"SELECT p2.gender AS gender, p2.day AS day, SUM(p2.score_points) OVER ( PARTITION BY p2.gender ORDER BY p2.day ASC ) AS total from schema_1308.scores AS p2",95.916,6858.54,100000,"WindowAgg  (cost=0.29..6858.54 rows=100000 width=16) (actual rows=100000 loops=1)
  Buffers: shared hit=100186
  ->  Index Scan using scores_pkey on scores p2  (cost=0.29..5108.54 rows=100000 width=12) (actual rows=100000 loops=1)
        Buffers: shared hit=100186
Planning Time: 0.058 ms
Execution Time: 95.916 ms",104.002,6858.54,100000,"WindowAgg  (cost=0.29..6858.54 rows=100000 width=16) (actual rows=100000 loops=1)
  Buffers: shared hit=100186
  ->  Index Scan using scores_pkey on scores p2  (cost=0.29..5108.54 rows=100000 width=12) (actual rows=100000 loops=1)
        Buffers: shared hit=100186
Planning Time: 0.078 ms
Execution Time: 104.002 ms",104.997,6858.54,100000,"WindowAgg  (cost=0.29..6858.54 rows=100000 width=16) (actual rows=100000 loops=1)
  Buffers: shared hit=100186
  ->  Index Scan using scores_pkey on scores p2  (cost=0.29..5108.54 rows=100000 width=12) (actual rows=100000 loops=1)
        Buffers: shared hit=100186
Planning Time: 0.070 ms
Execution Time: 104.997 ms",102.596,6858.54,100000,"WindowAgg  (cost=0.29..6858.54 rows=100000 width=16) (actual rows=100000 loops=1)
  Buffers: shared hit=100186
  ->  Index Scan using scores_pkey on scores p2  (cost=0.29..5108.54 rows=100000 width=12) (actual rows=100000 loops=1)
        Buffers: shared hit=100186
Planning Time: 0.099 ms
Execution Time: 102.596 ms",103.411,6858.54,100000,"WindowAgg  (cost=0.29..6858.54 rows=100000 width=16) (actual rows=100000 loops=1)
  Buffers: shared hit=100186
  ->  Index Scan using scores_pkey on scores p2  (cost=0.29..5108.54 rows=100000 width=12) (actual rows=100000 loops=1)
        Buffers: shared hit=100186
Planning Time: 0.068 ms
Execution Time: 103.411 ms",102.1844,103.411,104.4995,105.395,6858.54,6858.54,100000,100000,100000,100000
849,1308,294,Medium,"SELECT s2.gender AS gender, s2.day AS day, SUM(s2.score_points) OVER ( PARTITION BY s2.gender ORDER BY s2.day ASC ) AS total from schema_1308.scores AS s2",95.241,6858.54,100000,"WindowAgg  (cost=0.29..6858.54 rows=100000 width=16) (actual rows=100000 loops=1)
  Buffers: shared hit=100186
  ->  Index Scan using scores_pkey on scores s2  (cost=0.29..5108.54 rows=100000 width=12) (actual rows=100000 loops=1)
        Buffers: shared hit=100186
Planning Time: 0.045 ms
Execution Time: 95.241 ms",104.405,6858.54,100000,"WindowAgg  (cost=0.29..6858.54 rows=100000 width=16) (actual rows=100000 loops=1)
  Buffers: shared hit=100186
  ->  Index Scan using scores_pkey on scores s2  (cost=0.29..5108.54 rows=100000 width=12) (actual rows=100000 loops=1)
        Buffers: shared hit=100186
Planning Time: 0.072 ms
Execution Time: 104.405 ms",104.693,6858.54,100000,"WindowAgg  (cost=0.29..6858.54 rows=100000 width=16) (actual rows=100000 loops=1)
  Buffers: shared hit=100186
  ->  Index Scan using scores_pkey on scores s2  (cost=0.29..5108.54 rows=100000 width=12) (actual rows=100000 loops=1)
        Buffers: shared hit=100186
Planning Time: 0.067 ms
Execution Time: 104.693 ms",107.147,6858.54,100000,"WindowAgg  (cost=0.29..6858.54 rows=100000 width=16) (actual rows=100000 loops=1)
  Buffers: shared hit=100186
  ->  Index Scan using scores_pkey on scores s2  (cost=0.29..5108.54 rows=100000 width=12) (actual rows=100000 loops=1)
        Buffers: shared hit=100186
Planning Time: 0.066 ms
Execution Time: 107.147 ms",103.907,6858.54,100000,"WindowAgg  (cost=0.29..6858.54 rows=100000 width=16) (actual rows=100000 loops=1)
  Buffers: shared hit=100186
  ->  Index Scan using scores_pkey on scores s2  (cost=0.29..5108.54 rows=100000 width=12) (actual rows=100000 loops=1)
        Buffers: shared hit=100186
Planning Time: 0.050 ms
Execution Time: 103.907 ms",103.0786,104.405,105.92,108.1286,6858.54,6858.54,100000,100000,100000,100000
850,1308,307,Medium,"SELECT s2.gender AS gender, s2.day AS day, SUM(s2.score_points) OVER ( PARTITION BY s2.gender ORDER BY s2.day ASC ) AS total from schema_1308.scores AS s2",95.54,6858.54,100000,"WindowAgg  (cost=0.29..6858.54 rows=100000 width=16) (actual rows=100000 loops=1)
  Buffers: shared hit=100186
  ->  Index Scan using scores_pkey on scores s2  (cost=0.29..5108.54 rows=100000 width=12) (actual rows=100000 loops=1)
        Buffers: shared hit=100186
Planning Time: 0.054 ms
Execution Time: 95.540 ms",105.479,6858.54,100000,"WindowAgg  (cost=0.29..6858.54 rows=100000 width=16) (actual rows=100000 loops=1)
  Buffers: shared hit=100186
  ->  Index Scan using scores_pkey on scores s2  (cost=0.29..5108.54 rows=100000 width=12) (actual rows=100000 loops=1)
        Buffers: shared hit=100186
Planning Time: 0.065 ms
Execution Time: 105.479 ms",103.063,6858.54,100000,"WindowAgg  (cost=0.29..6858.54 rows=100000 width=16) (actual rows=100000 loops=1)
  Buffers: shared hit=100186
  ->  Index Scan using scores_pkey on scores s2  (cost=0.29..5108.54 rows=100000 width=12) (actual rows=100000 loops=1)
        Buffers: shared hit=100186
Planning Time: 0.069 ms
Execution Time: 103.063 ms",103.614,6858.54,100000,"WindowAgg  (cost=0.29..6858.54 rows=100000 width=16) (actual rows=100000 loops=1)
  Buffers: shared hit=100186
  ->  Index Scan using scores_pkey on scores s2  (cost=0.29..5108.54 rows=100000 width=12) (actual rows=100000 loops=1)
        Buffers: shared hit=100186
Planning Time: 0.077 ms
Execution Time: 103.614 ms",103.335,6858.54,100000,"WindowAgg  (cost=0.29..6858.54 rows=100000 width=16) (actual rows=100000 loops=1)
  Buffers: shared hit=100186
  ->  Index Scan using scores_pkey on scores s2  (cost=0.29..5108.54 rows=100000 width=12) (actual rows=100000 loops=1)
        Buffers: shared hit=100186
Planning Time: 0.052 ms
Execution Time: 103.335 ms",102.2062,103.335,104.5465,106.225,6858.54,6858.54,100000,100000,100000,100000
851,1308,309,Medium,"SELECT s2.gender AS gender, s2.day AS day, SUM(s2.score_points) OVER ( PARTITION BY s2.gender ORDER BY s2.day ASC ) AS total from schema_1308.scores AS s2",95.118,6858.54,100000,"WindowAgg  (cost=0.29..6858.54 rows=100000 width=16) (actual rows=100000 loops=1)
  Buffers: shared hit=100186
  ->  Index Scan using scores_pkey on scores s2  (cost=0.29..5108.54 rows=100000 width=12) (actual rows=100000 loops=1)
        Buffers: shared hit=100186
Planning Time: 0.045 ms
Execution Time: 95.118 ms",104.865,6858.54,100000,"WindowAgg  (cost=0.29..6858.54 rows=100000 width=16) (actual rows=100000 loops=1)
  Buffers: shared hit=100186
  ->  Index Scan using scores_pkey on scores s2  (cost=0.29..5108.54 rows=100000 width=12) (actual rows=100000 loops=1)
        Buffers: shared hit=100186
Planning Time: 0.068 ms
Execution Time: 104.865 ms",102.763,6858.54,100000,"WindowAgg  (cost=0.29..6858.54 rows=100000 width=16) (actual rows=100000 loops=1)
  Buffers: shared hit=100186
  ->  Index Scan using scores_pkey on scores s2  (cost=0.29..5108.54 rows=100000 width=12) (actual rows=100000 loops=1)
        Buffers: shared hit=100186
Planning Time: 0.074 ms
Execution Time: 102.763 ms",106.068,6858.54,100000,"WindowAgg  (cost=0.29..6858.54 rows=100000 width=16) (actual rows=100000 loops=1)
  Buffers: shared hit=100186
  ->  Index Scan using scores_pkey on scores s2  (cost=0.29..5108.54 rows=100000 width=12) (actual rows=100000 loops=1)
        Buffers: shared hit=100186
Planning Time: 0.068 ms
Execution Time: 106.068 ms",105.551,6858.54,100000,"WindowAgg  (cost=0.29..6858.54 rows=100000 width=16) (actual rows=100000 loops=1)
  Buffers: shared hit=100186
  ->  Index Scan using scores_pkey on scores s2  (cost=0.29..5108.54 rows=100000 width=12) (actual rows=100000 loops=1)
        Buffers: shared hit=100186
Planning Time: 0.068 ms
Execution Time: 105.551 ms",102.873,104.865,105.8095,106.2748,6858.54,6858.54,100000,100000,100000,100000
852,1308,311,Medium,"SELECT s2.gender AS gender, s2.day AS day, SUM(s2.score_points) OVER ( PARTITION BY s2.gender ORDER BY s2.day ASC ) AS total from schema_1308.scores AS s2",94.492,6858.54,100000,"WindowAgg  (cost=0.29..6858.54 rows=100000 width=16) (actual rows=100000 loops=1)
  Buffers: shared hit=100186
  ->  Index Scan using scores_pkey on scores s2  (cost=0.29..5108.54 rows=100000 width=12) (actual rows=100000 loops=1)
        Buffers: shared hit=100186
Planning Time: 0.044 ms
Execution Time: 94.492 ms",103.792,6858.54,100000,"WindowAgg  (cost=0.29..6858.54 rows=100000 width=16) (actual rows=100000 loops=1)
  Buffers: shared hit=100186
  ->  Index Scan using scores_pkey on scores s2  (cost=0.29..5108.54 rows=100000 width=12) (actual rows=100000 loops=1)
        Buffers: shared hit=100186
Planning Time: 0.059 ms
Execution Time: 103.792 ms",103.757,6858.54,100000,"WindowAgg  (cost=0.29..6858.54 rows=100000 width=16) (actual rows=100000 loops=1)
  Buffers: shared hit=100186
  ->  Index Scan using scores_pkey on scores s2  (cost=0.29..5108.54 rows=100000 width=12) (actual rows=100000 loops=1)
        Buffers: shared hit=100186
Planning Time: 0.063 ms
Execution Time: 103.757 ms",104.506,6858.54,100000,"WindowAgg  (cost=0.29..6858.54 rows=100000 width=16) (actual rows=100000 loops=1)
  Buffers: shared hit=100186
  ->  Index Scan using scores_pkey on scores s2  (cost=0.29..5108.54 rows=100000 width=12) (actual rows=100000 loops=1)
        Buffers: shared hit=100186
Planning Time: 0.062 ms
Execution Time: 104.506 ms",115.145,6858.54,100000,"WindowAgg  (cost=0.29..6858.54 rows=100000 width=16) (actual rows=100000 loops=1)
  Buffers: shared hit=100186
  ->  Index Scan using scores_pkey on scores s2  (cost=0.29..5108.54 rows=100000 width=12) (actual rows=100000 loops=1)
        Buffers: shared hit=100186
Planning Time: 0.066 ms
Execution Time: 115.145 ms",104.3384,103.792,109.8255,119.4006,6858.54,6858.54,100000,100000,100000,100000
853,1308,314,Medium,"SELECT t2.gender AS gender, t2.day AS day, SUM(t2.score_points) OVER ( PARTITION BY t2.gender ORDER BY t2.day ASC ) AS total from schema_1308.scores AS t2",95.43,6858.54,100000,"WindowAgg  (cost=0.29..6858.54 rows=100000 width=16) (actual rows=100000 loops=1)
  Buffers: shared hit=100186
  ->  Index Scan using scores_pkey on scores t2  (cost=0.29..5108.54 rows=100000 width=12) (actual rows=100000 loops=1)
        Buffers: shared hit=100186
Planning Time: 0.045 ms
Execution Time: 95.430 ms",105.013,6858.54,100000,"WindowAgg  (cost=0.29..6858.54 rows=100000 width=16) (actual rows=100000 loops=1)
  Buffers: shared hit=100186
  ->  Index Scan using scores_pkey on scores t2  (cost=0.29..5108.54 rows=100000 width=12) (actual rows=100000 loops=1)
        Buffers: shared hit=100186
Planning Time: 0.062 ms
Execution Time: 105.013 ms",109.557,6858.54,100000,"WindowAgg  (cost=0.29..6858.54 rows=100000 width=16) (actual rows=100000 loops=1)
  Buffers: shared hit=100186
  ->  Index Scan using scores_pkey on scores t2  (cost=0.29..5108.54 rows=100000 width=12) (actual rows=100000 loops=1)
        Buffers: shared hit=100186
Planning Time: 0.070 ms
Execution Time: 109.557 ms",109.296,6858.54,100000,"WindowAgg  (cost=0.29..6858.54 rows=100000 width=16) (actual rows=100000 loops=1)
  Buffers: shared hit=100186
  ->  Index Scan using scores_pkey on scores t2  (cost=0.29..5108.54 rows=100000 width=12) (actual rows=100000 loops=1)
        Buffers: shared hit=100186
Planning Time: 0.063 ms
Execution Time: 109.296 ms",101.493,6858.54,100000,"WindowAgg  (cost=0.29..6858.54 rows=100000 width=16) (actual rows=100000 loops=1)
  Buffers: shared hit=100186
  ->  Index Scan using scores_pkey on scores t2  (cost=0.29..5108.54 rows=100000 width=12) (actual rows=100000 loops=1)
        Buffers: shared hit=100186
Planning Time: 0.052 ms
Execution Time: 101.493 ms",104.1578,105.013,109.4265,109.6614,6858.54,6858.54,100000,100000,100000,100000
856,1364,10,Medium,"select t_cte_16.c_invoice_id0 as invoice_id, t_cte_16.c_customer_name0 as customer_name, t_cte_16.c_price0 as price, count(c.user_id) as contacts_cnt, count(d.customer_name) as trusted_contacts_cnt from (select a.price as c_price0, a.invoice_id as c_invoice_id0, b.customer_name as c_customer_name0, b.customer_id as c_customer_id0 from schema_1364.invoices as a left join schema_1364.customers as b on a.user_id = b.customer_id order by c_invoice_id0 asc) as t_cte_16 left join schema_1364.customers as d left join schema_1364.contacts as c on d.customer_name = c.contact_name on t_cte_16.c_customer_id0 = c.user_id group by t_cte_16.c_invoice_id0,t_cte_16.c_customer_name0,t_cte_16.c_price0",206.989,27369.83,100000,"HashAggregate  (cost=25002.64..27369.83 rows=100000 width=33) (actual rows=100000 loops=1)
  Group Key: t_cte_16.c_invoice_id0, t_cte_16.c_customer_name0, t_cte_16.c_price0
  Planned Partitions: 4  Batches: 5  Memory Usage: 4145kB  Disk Usage: 3616kB
  Buffers: shared hit=31622, temp read=636 written=988
  ->  Hash Right Join  (cost=11779.91..16283.89 rows=100000 width=30) (actual rows=100000 loops=1)
        Hash Cond: (c.user_id = t_cte_16.c_customer_id0)
        Buffers: shared hit=31622, temp read=266 written=266
        ->  Hash Join  (cost=298.00..2945.78 rows=53978 width=13) (actual rows=0 loops=1)
              Hash Cond: ((c.contact_name)::text = (d.customer_name)::text)
              Buffers: shared hit=806
              ->  Seq Scan on contacts c  (cost=0.00..1733.00 rows=100000 width=16) (actual rows=100000 loops=1)
                    Buffers: shared hit=733
              ->  Hash  (cost=173.00..173.00 rows=10000 width=9) (actual rows=10000 loops=1)
                    Buckets: 16384  Batches: 1  Memory Usage: 538kB
                    Buffers: shared hit=73
                    ->  Seq Scan on customers d  (cost=0.00..173.00 rows=10000 width=9) (actual rows=10000 loops=1)
                          Buffers: shared hit=73
        ->  Hash  (cost=9645.91..9645.91 rows=100000 width=21) (actual rows=100000 loops=1)
              Buckets: 65536  Batches: 2  Memory Usage: 3274kB
              Buffers: shared hit=30816, temp written=265
              ->  Subquery Scan on t_cte_16  (cost=0.59..9645.91 rows=100000 width=21) (actual rows=100000 loops=1)
                    Buffers: shared hit=30816
                    ->  Nested Loop Left Join  (cost=0.59..8645.91 rows=100000 width=21) (actual rows=100000 loops=1)
                          Buffers: shared hit=30816
                          ->  Index Scan using invoices_pkey on invoices a  (cost=0.29..3148.29 rows=100000 width=12) (actual rows=100000 loops=1)
                                Buffers: shared hit=816
                          ->  Memoize  (cost=0.30..0.32 rows=1 width=13) (actual rows=1 loops=100000)
                                Cache Key: a.user_id
                                Cache Mode: logical
                                Hits: 90000  Misses: 10000  Evictions: 0  Overflows: 0  Memory Usage: 1133kB
                                Buffers: shared hit=30000
                                ->  Index Scan using customers_pkey on customers b  (cost=0.29..0.31 rows=1 width=13) (actual rows=1 loops=10000)
                                      Index Cond: (customer_id = a.user_id)
                                      Buffers: shared hit=30000
Planning:
  Buffers: shared hit=14
Planning Time: 0.290 ms
Execution Time: 206.989 ms",215.856,27369.83,100000,"HashAggregate  (cost=25002.64..27369.83 rows=100000 width=33) (actual rows=100000 loops=1)
  Group Key: t_cte_16.c_invoice_id0, t_cte_16.c_customer_name0, t_cte_16.c_price0
  Planned Partitions: 4  Batches: 5  Memory Usage: 4145kB  Disk Usage: 3616kB
  Buffers: shared hit=31622, temp read=636 written=988
  ->  Hash Right Join  (cost=11779.91..16283.89 rows=100000 width=30) (actual rows=100000 loops=1)
        Hash Cond: (c.user_id = t_cte_16.c_customer_id0)
        Buffers: shared hit=31622, temp read=266 written=266
        ->  Hash Join  (cost=298.00..2945.78 rows=53978 width=13) (actual rows=0 loops=1)
              Hash Cond: ((c.contact_name)::text = (d.customer_name)::text)
              Buffers: shared hit=806
              ->  Seq Scan on contacts c  (cost=0.00..1733.00 rows=100000 width=16) (actual rows=100000 loops=1)
                    Buffers: shared hit=733
              ->  Hash  (cost=173.00..173.00 rows=10000 width=9) (actual rows=10000 loops=1)
                    Buckets: 16384  Batches: 1  Memory Usage: 538kB
                    Buffers: shared hit=73
                    ->  Seq Scan on customers d  (cost=0.00..173.00 rows=10000 width=9) (actual rows=10000 loops=1)
                          Buffers: shared hit=73
        ->  Hash  (cost=9645.91..9645.91 rows=100000 width=21) (actual rows=100000 loops=1)
              Buckets: 65536  Batches: 2  Memory Usage: 3274kB
              Buffers: shared hit=30816, temp written=265
              ->  Subquery Scan on t_cte_16  (cost=0.59..9645.91 rows=100000 width=21) (actual rows=100000 loops=1)
                    Buffers: shared hit=30816
                    ->  Nested Loop Left Join  (cost=0.59..8645.91 rows=100000 width=21) (actual rows=100000 loops=1)
                          Buffers: shared hit=30816
                          ->  Index Scan using invoices_pkey on invoices a  (cost=0.29..3148.29 rows=100000 width=12) (actual rows=100000 loops=1)
                                Buffers: shared hit=816
                          ->  Memoize  (cost=0.30..0.32 rows=1 width=13) (actual rows=1 loops=100000)
                                Cache Key: a.user_id
                                Cache Mode: logical
                                Hits: 90000  Misses: 10000  Evictions: 0  Overflows: 0  Memory Usage: 1133kB
                                Buffers: shared hit=30000
                                ->  Index Scan using customers_pkey on customers b  (cost=0.29..0.31 rows=1 width=13) (actual rows=1 loops=10000)
                                      Index Cond: (customer_id = a.user_id)
                                      Buffers: shared hit=30000
Planning:
  Buffers: shared hit=14
Planning Time: 0.445 ms
Execution Time: 215.856 ms",216.916,27369.83,100000,"HashAggregate  (cost=25002.64..27369.83 rows=100000 width=33) (actual rows=100000 loops=1)
  Group Key: t_cte_16.c_invoice_id0, t_cte_16.c_customer_name0, t_cte_16.c_price0
  Planned Partitions: 4  Batches: 5  Memory Usage: 4145kB  Disk Usage: 3616kB
  Buffers: shared hit=31622, temp read=636 written=988
  ->  Hash Right Join  (cost=11779.91..16283.89 rows=100000 width=30) (actual rows=100000 loops=1)
        Hash Cond: (c.user_id = t_cte_16.c_customer_id0)
        Buffers: shared hit=31622, temp read=266 written=266
        ->  Hash Join  (cost=298.00..2945.78 rows=53978 width=13) (actual rows=0 loops=1)
              Hash Cond: ((c.contact_name)::text = (d.customer_name)::text)
              Buffers: shared hit=806
              ->  Seq Scan on contacts c  (cost=0.00..1733.00 rows=100000 width=16) (actual rows=100000 loops=1)
                    Buffers: shared hit=733
              ->  Hash  (cost=173.00..173.00 rows=10000 width=9) (actual rows=10000 loops=1)
                    Buckets: 16384  Batches: 1  Memory Usage: 538kB
                    Buffers: shared hit=73
                    ->  Seq Scan on customers d  (cost=0.00..173.00 rows=10000 width=9) (actual rows=10000 loops=1)
                          Buffers: shared hit=73
        ->  Hash  (cost=9645.91..9645.91 rows=100000 width=21) (actual rows=100000 loops=1)
              Buckets: 65536  Batches: 2  Memory Usage: 3274kB
              Buffers: shared hit=30816, temp written=265
              ->  Subquery Scan on t_cte_16  (cost=0.59..9645.91 rows=100000 width=21) (actual rows=100000 loops=1)
                    Buffers: shared hit=30816
                    ->  Nested Loop Left Join  (cost=0.59..8645.91 rows=100000 width=21) (actual rows=100000 loops=1)
                          Buffers: shared hit=30816
                          ->  Index Scan using invoices_pkey on invoices a  (cost=0.29..3148.29 rows=100000 width=12) (actual rows=100000 loops=1)
                                Buffers: shared hit=816
                          ->  Memoize  (cost=0.30..0.32 rows=1 width=13) (actual rows=1 loops=100000)
                                Cache Key: a.user_id
                                Cache Mode: logical
                                Hits: 90000  Misses: 10000  Evictions: 0  Overflows: 0  Memory Usage: 1133kB
                                Buffers: shared hit=30000
                                ->  Index Scan using customers_pkey on customers b  (cost=0.29..0.31 rows=1 width=13) (actual rows=1 loops=10000)
                                      Index Cond: (customer_id = a.user_id)
                                      Buffers: shared hit=30000
Planning:
  Buffers: shared hit=14
Planning Time: 0.395 ms
Execution Time: 216.916 ms",216.391,27369.83,100000,"HashAggregate  (cost=25002.64..27369.83 rows=100000 width=33) (actual rows=100000 loops=1)
  Group Key: t_cte_16.c_invoice_id0, t_cte_16.c_customer_name0, t_cte_16.c_price0
  Planned Partitions: 4  Batches: 5  Memory Usage: 4145kB  Disk Usage: 3616kB
  Buffers: shared hit=31622, temp read=636 written=988
  ->  Hash Right Join  (cost=11779.91..16283.89 rows=100000 width=30) (actual rows=100000 loops=1)
        Hash Cond: (c.user_id = t_cte_16.c_customer_id0)
        Buffers: shared hit=31622, temp read=266 written=266
        ->  Hash Join  (cost=298.00..2945.78 rows=53978 width=13) (actual rows=0 loops=1)
              Hash Cond: ((c.contact_name)::text = (d.customer_name)::text)
              Buffers: shared hit=806
              ->  Seq Scan on contacts c  (cost=0.00..1733.00 rows=100000 width=16) (actual rows=100000 loops=1)
                    Buffers: shared hit=733
              ->  Hash  (cost=173.00..173.00 rows=10000 width=9) (actual rows=10000 loops=1)
                    Buckets: 16384  Batches: 1  Memory Usage: 538kB
                    Buffers: shared hit=73
                    ->  Seq Scan on customers d  (cost=0.00..173.00 rows=10000 width=9) (actual rows=10000 loops=1)
                          Buffers: shared hit=73
        ->  Hash  (cost=9645.91..9645.91 rows=100000 width=21) (actual rows=100000 loops=1)
              Buckets: 65536  Batches: 2  Memory Usage: 3274kB
              Buffers: shared hit=30816, temp written=265
              ->  Subquery Scan on t_cte_16  (cost=0.59..9645.91 rows=100000 width=21) (actual rows=100000 loops=1)
                    Buffers: shared hit=30816
                    ->  Nested Loop Left Join  (cost=0.59..8645.91 rows=100000 width=21) (actual rows=100000 loops=1)
                          Buffers: shared hit=30816
                          ->  Index Scan using invoices_pkey on invoices a  (cost=0.29..3148.29 rows=100000 width=12) (actual rows=100000 loops=1)
                                Buffers: shared hit=816
                          ->  Memoize  (cost=0.30..0.32 rows=1 width=13) (actual rows=1 loops=100000)
                                Cache Key: a.user_id
                                Cache Mode: logical
                                Hits: 90000  Misses: 10000  Evictions: 0  Overflows: 0  Memory Usage: 1133kB
                                Buffers: shared hit=30000
                                ->  Index Scan using customers_pkey on customers b  (cost=0.29..0.31 rows=1 width=13) (actual rows=1 loops=10000)
                                      Index Cond: (customer_id = a.user_id)
                                      Buffers: shared hit=30000
Planning:
  Buffers: shared hit=14
Planning Time: 0.477 ms
Execution Time: 216.391 ms",233.08,27369.83,100000,"HashAggregate  (cost=25002.64..27369.83 rows=100000 width=33) (actual rows=100000 loops=1)
  Group Key: t_cte_16.c_invoice_id0, t_cte_16.c_customer_name0, t_cte_16.c_price0
  Planned Partitions: 4  Batches: 5  Memory Usage: 4145kB  Disk Usage: 3616kB
  Buffers: shared hit=31622, temp read=636 written=988
  ->  Hash Right Join  (cost=11779.91..16283.89 rows=100000 width=30) (actual rows=100000 loops=1)
        Hash Cond: (c.user_id = t_cte_16.c_customer_id0)
        Buffers: shared hit=31622, temp read=266 written=266
        ->  Hash Join  (cost=298.00..2945.78 rows=53978 width=13) (actual rows=0 loops=1)
              Hash Cond: ((c.contact_name)::text = (d.customer_name)::text)
              Buffers: shared hit=806
              ->  Seq Scan on contacts c  (cost=0.00..1733.00 rows=100000 width=16) (actual rows=100000 loops=1)
                    Buffers: shared hit=733
              ->  Hash  (cost=173.00..173.00 rows=10000 width=9) (actual rows=10000 loops=1)
                    Buckets: 16384  Batches: 1  Memory Usage: 538kB
                    Buffers: shared hit=73
                    ->  Seq Scan on customers d  (cost=0.00..173.00 rows=10000 width=9) (actual rows=10000 loops=1)
                          Buffers: shared hit=73
        ->  Hash  (cost=9645.91..9645.91 rows=100000 width=21) (actual rows=100000 loops=1)
              Buckets: 65536  Batches: 2  Memory Usage: 3274kB
              Buffers: shared hit=30816, temp written=265
              ->  Subquery Scan on t_cte_16  (cost=0.59..9645.91 rows=100000 width=21) (actual rows=100000 loops=1)
                    Buffers: shared hit=30816
                    ->  Nested Loop Left Join  (cost=0.59..8645.91 rows=100000 width=21) (actual rows=100000 loops=1)
                          Buffers: shared hit=30816
                          ->  Index Scan using invoices_pkey on invoices a  (cost=0.29..3148.29 rows=100000 width=12) (actual rows=100000 loops=1)
                                Buffers: shared hit=816
                          ->  Memoize  (cost=0.30..0.32 rows=1 width=13) (actual rows=1 loops=100000)
                                Cache Key: a.user_id
                                Cache Mode: logical
                                Hits: 90000  Misses: 10000  Evictions: 0  Overflows: 0  Memory Usage: 1133kB
                                Buffers: shared hit=30000
                                ->  Index Scan using customers_pkey on customers b  (cost=0.29..0.31 rows=1 width=13) (actual rows=1 loops=10000)
                                      Index Cond: (customer_id = a.user_id)
                                      Buffers: shared hit=30000
Planning:
  Buffers: shared hit=14
Planning Time: 0.498 ms
Execution Time: 233.080 ms",217.8464,216.391,224.998,239.5456,27369.83,27369.83,100000,100000,100000,100000
857,1364,15,Medium,"select t_cte_6.c_invoice_id0 as invoice_id, t_cte_6.c_customer_name0 as customer_name, t_cte_6.c_price0 as price, count(m.contact_email) as contacts_cnt, count(c2.email) as trusted_contacts_cnt from (select c1.customer_id as c_customer_id0, i.invoice_id as c_invoice_id0, i.price as c_price0, c1.customer_name as c_customer_name0 from schema_1364.invoices as i left join schema_1364.customers as c1 on i.user_id = c1.customer_id order by c_invoice_id0 asc) as t_cte_6 left join schema_1364.contacts as m left join schema_1364.customers as c2 on m.contact_name = c2.customer_name and m.contact_email = c2.email on t_cte_6.c_customer_id0 = m.user_id group by t_cte_6.c_customer_name0,t_cte_6.c_invoice_id0,t_cte_6.c_price0",1007.785,29679.44,100000,"HashAggregate  (cost=27116.94..29679.44 rows=100000 width=33) (actual rows=100000 loops=1)
  Group Key: t_cte_6.c_customer_name0, t_cte_6.c_invoice_id0, t_cte_6.c_price0
  Planned Partitions: 4  Batches: 5  Memory Usage: 4145kB  Disk Usage: 36392kB
  Buffers: shared hit=31622, temp read=5078 written=8485
  ->  Hash Left Join  (cost=11804.91..17616.94 rows=100000 width=38) (actual rows=998520 loops=1)
        Hash Cond: (((m.contact_name)::text = (c2.customer_name)::text) AND ((m.contact_email)::text = (c2.email)::text))
        Buffers: shared hit=31622, temp read=555 written=555
        ->  Hash Right Join  (cost=11481.91..16543.91 rows=100000 width=39) (actual rows=998520 loops=1)
              Hash Cond: (m.user_id = t_cte_6.c_customer_id0)
              Buffers: shared hit=31549, temp read=555 written=555
              ->  Seq Scan on contacts m  (cost=0.00..1733.00 rows=100000 width=26) (actual rows=100000 loops=1)
                    Buffers: shared hit=733
              ->  Hash  (cost=9645.91..9645.91 rows=100000 width=21) (actual rows=100000 loops=1)
                    Buckets: 65536  Batches: 2  Memory Usage: 3274kB
                    Buffers: shared hit=30816, temp written=265
                    ->  Subquery Scan on t_cte_6  (cost=0.59..9645.91 rows=100000 width=21) (actual rows=100000 loops=1)
                          Buffers: shared hit=30816
                          ->  Nested Loop Left Join  (cost=0.59..8645.91 rows=100000 width=21) (actual rows=100000 loops=1)
                                Buffers: shared hit=30816
                                ->  Index Scan using invoices_pkey on invoices i  (cost=0.29..3148.29 rows=100000 width=12) (actual rows=100000 loops=1)
                                      Buffers: shared hit=816
                                ->  Memoize  (cost=0.30..0.32 rows=1 width=13) (actual rows=1 loops=100000)
                                      Cache Key: i.user_id
                                      Cache Mode: logical
                                      Hits: 90000  Misses: 10000  Evictions: 0  Overflows: 0  Memory Usage: 1113kB
                                      Buffers: shared hit=30000
                                      ->  Index Scan using customers_pkey on customers c1  (cost=0.29..0.31 rows=1 width=13) (actual rows=1 loops=10000)
                                            Index Cond: (customer_id = i.user_id)
                                            Buffers: shared hit=30000
        ->  Hash  (cost=173.00..173.00 rows=10000 width=20) (actual rows=10000 loops=1)
              Buckets: 16384  Batches: 1  Memory Usage: 654kB
              Buffers: shared hit=73
              ->  Seq Scan on customers c2  (cost=0.00..173.00 rows=10000 width=20) (actual rows=10000 loops=1)
                    Buffers: shared hit=73
Planning:
  Buffers: shared hit=14
Planning Time: 0.526 ms
Execution Time: 1007.785 ms",1011.04,29679.44,100000,"HashAggregate  (cost=27116.94..29679.44 rows=100000 width=33) (actual rows=100000 loops=1)
  Group Key: t_cte_6.c_customer_name0, t_cte_6.c_invoice_id0, t_cte_6.c_price0
  Planned Partitions: 4  Batches: 5  Memory Usage: 4145kB  Disk Usage: 36392kB
  Buffers: shared hit=31622, temp read=5078 written=8485
  ->  Hash Left Join  (cost=11804.91..17616.94 rows=100000 width=38) (actual rows=998520 loops=1)
        Hash Cond: (((m.contact_name)::text = (c2.customer_name)::text) AND ((m.contact_email)::text = (c2.email)::text))
        Buffers: shared hit=31622, temp read=555 written=555
        ->  Hash Right Join  (cost=11481.91..16543.91 rows=100000 width=39) (actual rows=998520 loops=1)
              Hash Cond: (m.user_id = t_cte_6.c_customer_id0)
              Buffers: shared hit=31549, temp read=555 written=555
              ->  Seq Scan on contacts m  (cost=0.00..1733.00 rows=100000 width=26) (actual rows=100000 loops=1)
                    Buffers: shared hit=733
              ->  Hash  (cost=9645.91..9645.91 rows=100000 width=21) (actual rows=100000 loops=1)
                    Buckets: 65536  Batches: 2  Memory Usage: 3274kB
                    Buffers: shared hit=30816, temp written=265
                    ->  Subquery Scan on t_cte_6  (cost=0.59..9645.91 rows=100000 width=21) (actual rows=100000 loops=1)
                          Buffers: shared hit=30816
                          ->  Nested Loop Left Join  (cost=0.59..8645.91 rows=100000 width=21) (actual rows=100000 loops=1)
                                Buffers: shared hit=30816
                                ->  Index Scan using invoices_pkey on invoices i  (cost=0.29..3148.29 rows=100000 width=12) (actual rows=100000 loops=1)
                                      Buffers: shared hit=816
                                ->  Memoize  (cost=0.30..0.32 rows=1 width=13) (actual rows=1 loops=100000)
                                      Cache Key: i.user_id
                                      Cache Mode: logical
                                      Hits: 90000  Misses: 10000  Evictions: 0  Overflows: 0  Memory Usage: 1113kB
                                      Buffers: shared hit=30000
                                      ->  Index Scan using customers_pkey on customers c1  (cost=0.29..0.31 rows=1 width=13) (actual rows=1 loops=10000)
                                            Index Cond: (customer_id = i.user_id)
                                            Buffers: shared hit=30000
        ->  Hash  (cost=173.00..173.00 rows=10000 width=20) (actual rows=10000 loops=1)
              Buckets: 16384  Batches: 1  Memory Usage: 654kB
              Buffers: shared hit=73
              ->  Seq Scan on customers c2  (cost=0.00..173.00 rows=10000 width=20) (actual rows=10000 loops=1)
                    Buffers: shared hit=73
Planning:
  Buffers: shared hit=14
Planning Time: 0.547 ms
Execution Time: 1011.040 ms",999.609,29679.44,100000,"HashAggregate  (cost=27116.94..29679.44 rows=100000 width=33) (actual rows=100000 loops=1)
  Group Key: t_cte_6.c_customer_name0, t_cte_6.c_invoice_id0, t_cte_6.c_price0
  Planned Partitions: 4  Batches: 5  Memory Usage: 4145kB  Disk Usage: 36392kB
  Buffers: shared hit=31622, temp read=5078 written=8485
  ->  Hash Left Join  (cost=11804.91..17616.94 rows=100000 width=38) (actual rows=998520 loops=1)
        Hash Cond: (((m.contact_name)::text = (c2.customer_name)::text) AND ((m.contact_email)::text = (c2.email)::text))
        Buffers: shared hit=31622, temp read=555 written=555
        ->  Hash Right Join  (cost=11481.91..16543.91 rows=100000 width=39) (actual rows=998520 loops=1)
              Hash Cond: (m.user_id = t_cte_6.c_customer_id0)
              Buffers: shared hit=31549, temp read=555 written=555
              ->  Seq Scan on contacts m  (cost=0.00..1733.00 rows=100000 width=26) (actual rows=100000 loops=1)
                    Buffers: shared hit=733
              ->  Hash  (cost=9645.91..9645.91 rows=100000 width=21) (actual rows=100000 loops=1)
                    Buckets: 65536  Batches: 2  Memory Usage: 3274kB
                    Buffers: shared hit=30816, temp written=265
                    ->  Subquery Scan on t_cte_6  (cost=0.59..9645.91 rows=100000 width=21) (actual rows=100000 loops=1)
                          Buffers: shared hit=30816
                          ->  Nested Loop Left Join  (cost=0.59..8645.91 rows=100000 width=21) (actual rows=100000 loops=1)
                                Buffers: shared hit=30816
                                ->  Index Scan using invoices_pkey on invoices i  (cost=0.29..3148.29 rows=100000 width=12) (actual rows=100000 loops=1)
                                      Buffers: shared hit=816
                                ->  Memoize  (cost=0.30..0.32 rows=1 width=13) (actual rows=1 loops=100000)
                                      Cache Key: i.user_id
                                      Cache Mode: logical
                                      Hits: 90000  Misses: 10000  Evictions: 0  Overflows: 0  Memory Usage: 1113kB
                                      Buffers: shared hit=30000
                                      ->  Index Scan using customers_pkey on customers c1  (cost=0.29..0.31 rows=1 width=13) (actual rows=1 loops=10000)
                                            Index Cond: (customer_id = i.user_id)
                                            Buffers: shared hit=30000
        ->  Hash  (cost=173.00..173.00 rows=10000 width=20) (actual rows=10000 loops=1)
              Buckets: 16384  Batches: 1  Memory Usage: 654kB
              Buffers: shared hit=73
              ->  Seq Scan on customers c2  (cost=0.00..173.00 rows=10000 width=20) (actual rows=10000 loops=1)
                    Buffers: shared hit=73
Planning:
  Buffers: shared hit=14
Planning Time: 0.539 ms
Execution Time: 999.609 ms",1020.199,29679.44,100000,"HashAggregate  (cost=27116.94..29679.44 rows=100000 width=33) (actual rows=100000 loops=1)
  Group Key: t_cte_6.c_customer_name0, t_cte_6.c_invoice_id0, t_cte_6.c_price0
  Planned Partitions: 4  Batches: 5  Memory Usage: 4145kB  Disk Usage: 36392kB
  Buffers: shared hit=31622, temp read=5078 written=8485
  ->  Hash Left Join  (cost=11804.91..17616.94 rows=100000 width=38) (actual rows=998520 loops=1)
        Hash Cond: (((m.contact_name)::text = (c2.customer_name)::text) AND ((m.contact_email)::text = (c2.email)::text))
        Buffers: shared hit=31622, temp read=555 written=555
        ->  Hash Right Join  (cost=11481.91..16543.91 rows=100000 width=39) (actual rows=998520 loops=1)
              Hash Cond: (m.user_id = t_cte_6.c_customer_id0)
              Buffers: shared hit=31549, temp read=555 written=555
              ->  Seq Scan on contacts m  (cost=0.00..1733.00 rows=100000 width=26) (actual rows=100000 loops=1)
                    Buffers: shared hit=733
              ->  Hash  (cost=9645.91..9645.91 rows=100000 width=21) (actual rows=100000 loops=1)
                    Buckets: 65536  Batches: 2  Memory Usage: 3274kB
                    Buffers: shared hit=30816, temp written=265
                    ->  Subquery Scan on t_cte_6  (cost=0.59..9645.91 rows=100000 width=21) (actual rows=100000 loops=1)
                          Buffers: shared hit=30816
                          ->  Nested Loop Left Join  (cost=0.59..8645.91 rows=100000 width=21) (actual rows=100000 loops=1)
                                Buffers: shared hit=30816
                                ->  Index Scan using invoices_pkey on invoices i  (cost=0.29..3148.29 rows=100000 width=12) (actual rows=100000 loops=1)
                                      Buffers: shared hit=816
                                ->  Memoize  (cost=0.30..0.32 rows=1 width=13) (actual rows=1 loops=100000)
                                      Cache Key: i.user_id
                                      Cache Mode: logical
                                      Hits: 90000  Misses: 10000  Evictions: 0  Overflows: 0  Memory Usage: 1113kB
                                      Buffers: shared hit=30000
                                      ->  Index Scan using customers_pkey on customers c1  (cost=0.29..0.31 rows=1 width=13) (actual rows=1 loops=10000)
                                            Index Cond: (customer_id = i.user_id)
                                            Buffers: shared hit=30000
        ->  Hash  (cost=173.00..173.00 rows=10000 width=20) (actual rows=10000 loops=1)
              Buckets: 16384  Batches: 1  Memory Usage: 654kB
              Buffers: shared hit=73
              ->  Seq Scan on customers c2  (cost=0.00..173.00 rows=10000 width=20) (actual rows=10000 loops=1)
                    Buffers: shared hit=73
Planning:
  Buffers: shared hit=14
Planning Time: 0.651 ms
Execution Time: 1020.199 ms",1007.621,29679.44,100000,"HashAggregate  (cost=27116.94..29679.44 rows=100000 width=33) (actual rows=100000 loops=1)
  Group Key: t_cte_6.c_customer_name0, t_cte_6.c_invoice_id0, t_cte_6.c_price0
  Planned Partitions: 4  Batches: 5  Memory Usage: 4145kB  Disk Usage: 36392kB
  Buffers: shared hit=31622, temp read=5078 written=8485
  ->  Hash Left Join  (cost=11804.91..17616.94 rows=100000 width=38) (actual rows=998520 loops=1)
        Hash Cond: (((m.contact_name)::text = (c2.customer_name)::text) AND ((m.contact_email)::text = (c2.email)::text))
        Buffers: shared hit=31622, temp read=555 written=555
        ->  Hash Right Join  (cost=11481.91..16543.91 rows=100000 width=39) (actual rows=998520 loops=1)
              Hash Cond: (m.user_id = t_cte_6.c_customer_id0)
              Buffers: shared hit=31549, temp read=555 written=555
              ->  Seq Scan on contacts m  (cost=0.00..1733.00 rows=100000 width=26) (actual rows=100000 loops=1)
                    Buffers: shared hit=733
              ->  Hash  (cost=9645.91..9645.91 rows=100000 width=21) (actual rows=100000 loops=1)
                    Buckets: 65536  Batches: 2  Memory Usage: 3274kB
                    Buffers: shared hit=30816, temp written=265
                    ->  Subquery Scan on t_cte_6  (cost=0.59..9645.91 rows=100000 width=21) (actual rows=100000 loops=1)
                          Buffers: shared hit=30816
                          ->  Nested Loop Left Join  (cost=0.59..8645.91 rows=100000 width=21) (actual rows=100000 loops=1)
                                Buffers: shared hit=30816
                                ->  Index Scan using invoices_pkey on invoices i  (cost=0.29..3148.29 rows=100000 width=12) (actual rows=100000 loops=1)
                                      Buffers: shared hit=816
                                ->  Memoize  (cost=0.30..0.32 rows=1 width=13) (actual rows=1 loops=100000)
                                      Cache Key: i.user_id
                                      Cache Mode: logical
                                      Hits: 90000  Misses: 10000  Evictions: 0  Overflows: 0  Memory Usage: 1113kB
                                      Buffers: shared hit=30000
                                      ->  Index Scan using customers_pkey on customers c1  (cost=0.29..0.31 rows=1 width=13) (actual rows=1 loops=10000)
                                            Index Cond: (customer_id = i.user_id)
                                            Buffers: shared hit=30000
        ->  Hash  (cost=173.00..173.00 rows=10000 width=20) (actual rows=10000 loops=1)
              Buckets: 16384  Batches: 1  Memory Usage: 654kB
              Buffers: shared hit=73
              ->  Seq Scan on customers c2  (cost=0.00..173.00 rows=10000 width=20) (actual rows=10000 loops=1)
                    Buffers: shared hit=73
Planning:
  Buffers: shared hit=14
Planning Time: 0.516 ms
Execution Time: 1007.621 ms",1009.2508,1007.785,1015.6195,1023.8626,29679.44,29679.44,100000,100000,100000,100000
858,1364,43,Medium,"select i.invoice_id as invoice_id, us.customer_name as customer_name, i.price as price, count(co.contact_name) as contacts_cnt, count(cu.customer_name) as trusted_contacts_cnt from schema_1364.invoices as i left join schema_1364.customers as us on us.customer_id = i.user_id left join schema_1364.customers as cu left join schema_1364.contacts as co on co.contact_name = cu.customer_name on i.user_id = co.user_id group by i.price,us.customer_name,i.invoice_id",132.99,78696.15,100000,"HashAggregate  (cost=64651.34..78696.15 rows=548090 width=33) (actual rows=100000 loops=1)
  Group Key: us.customer_name, i.invoice_id
  Planned Partitions: 32  Batches: 33  Memory Usage: 4113kB  Disk Usage: 6048kB
  Buffers: shared hit=1420, temp read=390 written=1118
  ->  Hash Left Join  (cost=3918.50..13953.02 rows=548090 width=38) (actual rows=100000 loops=1)
        Hash Cond: (i.user_id = co.user_id)
        Buffers: shared hit=1420
        ->  Hash Left Join  (cost=298.00..2101.61 rows=100000 width=21) (actual rows=100000 loops=1)
              Hash Cond: (i.user_id = us.customer_id)
              Buffers: shared hit=614
              ->  Seq Scan on invoices i  (cost=0.00..1541.00 rows=100000 width=12) (actual rows=100000 loops=1)
                    Buffers: shared hit=541
              ->  Hash  (cost=173.00..173.00 rows=10000 width=13) (actual rows=10000 loops=1)
                    Buckets: 16384  Batches: 1  Memory Usage: 597kB
                    Buffers: shared hit=73
                    ->  Seq Scan on customers us  (cost=0.00..173.00 rows=10000 width=13) (actual rows=10000 loops=1)
                          Buffers: shared hit=73
        ->  Hash  (cost=2945.78..2945.78 rows=53978 width=25) (actual rows=0 loops=1)
              Buckets: 65536  Batches: 1  Memory Usage: 512kB
              Buffers: shared hit=806
              ->  Hash Join  (cost=298.00..2945.78 rows=53978 width=25) (actual rows=0 loops=1)
                    Hash Cond: ((co.contact_name)::text = (cu.customer_name)::text)
                    Buffers: shared hit=806
                    ->  Seq Scan on contacts co  (cost=0.00..1733.00 rows=100000 width=16) (actual rows=100000 loops=1)
                          Buffers: shared hit=733
                    ->  Hash  (cost=173.00..173.00 rows=10000 width=9) (actual rows=10000 loops=1)
                          Buckets: 16384  Batches: 1  Memory Usage: 538kB
                          Buffers: shared hit=73
                          ->  Seq Scan on customers cu  (cost=0.00..173.00 rows=10000 width=9) (actual rows=10000 loops=1)
                                Buffers: shared hit=73
Planning:
  Buffers: shared hit=17
Planning Time: 0.310 ms
Execution Time: 132.990 ms",143.853,78696.15,100000,"HashAggregate  (cost=64651.34..78696.15 rows=548090 width=33) (actual rows=100000 loops=1)
  Group Key: us.customer_name, i.invoice_id
  Planned Partitions: 32  Batches: 33  Memory Usage: 4113kB  Disk Usage: 6048kB
  Buffers: shared hit=1420, temp read=390 written=1118
  ->  Hash Left Join  (cost=3918.50..13953.02 rows=548090 width=38) (actual rows=100000 loops=1)
        Hash Cond: (i.user_id = co.user_id)
        Buffers: shared hit=1420
        ->  Hash Left Join  (cost=298.00..2101.61 rows=100000 width=21) (actual rows=100000 loops=1)
              Hash Cond: (i.user_id = us.customer_id)
              Buffers: shared hit=614
              ->  Seq Scan on invoices i  (cost=0.00..1541.00 rows=100000 width=12) (actual rows=100000 loops=1)
                    Buffers: shared hit=541
              ->  Hash  (cost=173.00..173.00 rows=10000 width=13) (actual rows=10000 loops=1)
                    Buckets: 16384  Batches: 1  Memory Usage: 597kB
                    Buffers: shared hit=73
                    ->  Seq Scan on customers us  (cost=0.00..173.00 rows=10000 width=13) (actual rows=10000 loops=1)
                          Buffers: shared hit=73
        ->  Hash  (cost=2945.78..2945.78 rows=53978 width=25) (actual rows=0 loops=1)
              Buckets: 65536  Batches: 1  Memory Usage: 512kB
              Buffers: shared hit=806
              ->  Hash Join  (cost=298.00..2945.78 rows=53978 width=25) (actual rows=0 loops=1)
                    Hash Cond: ((co.contact_name)::text = (cu.customer_name)::text)
                    Buffers: shared hit=806
                    ->  Seq Scan on contacts co  (cost=0.00..1733.00 rows=100000 width=16) (actual rows=100000 loops=1)
                          Buffers: shared hit=733
                    ->  Hash  (cost=173.00..173.00 rows=10000 width=9) (actual rows=10000 loops=1)
                          Buckets: 16384  Batches: 1  Memory Usage: 538kB
                          Buffers: shared hit=73
                          ->  Seq Scan on customers cu  (cost=0.00..173.00 rows=10000 width=9) (actual rows=10000 loops=1)
                                Buffers: shared hit=73
Planning:
  Buffers: shared hit=17
Planning Time: 0.498 ms
Execution Time: 143.853 ms",142.854,78696.15,100000,"HashAggregate  (cost=64651.34..78696.15 rows=548090 width=33) (actual rows=100000 loops=1)
  Group Key: us.customer_name, i.invoice_id
  Planned Partitions: 32  Batches: 33  Memory Usage: 4113kB  Disk Usage: 6048kB
  Buffers: shared hit=1420, temp read=390 written=1118
  ->  Hash Left Join  (cost=3918.50..13953.02 rows=548090 width=38) (actual rows=100000 loops=1)
        Hash Cond: (i.user_id = co.user_id)
        Buffers: shared hit=1420
        ->  Hash Left Join  (cost=298.00..2101.61 rows=100000 width=21) (actual rows=100000 loops=1)
              Hash Cond: (i.user_id = us.customer_id)
              Buffers: shared hit=614
              ->  Seq Scan on invoices i  (cost=0.00..1541.00 rows=100000 width=12) (actual rows=100000 loops=1)
                    Buffers: shared hit=541
              ->  Hash  (cost=173.00..173.00 rows=10000 width=13) (actual rows=10000 loops=1)
                    Buckets: 16384  Batches: 1  Memory Usage: 597kB
                    Buffers: shared hit=73
                    ->  Seq Scan on customers us  (cost=0.00..173.00 rows=10000 width=13) (actual rows=10000 loops=1)
                          Buffers: shared hit=73
        ->  Hash  (cost=2945.78..2945.78 rows=53978 width=25) (actual rows=0 loops=1)
              Buckets: 65536  Batches: 1  Memory Usage: 512kB
              Buffers: shared hit=806
              ->  Hash Join  (cost=298.00..2945.78 rows=53978 width=25) (actual rows=0 loops=1)
                    Hash Cond: ((co.contact_name)::text = (cu.customer_name)::text)
                    Buffers: shared hit=806
                    ->  Seq Scan on contacts co  (cost=0.00..1733.00 rows=100000 width=16) (actual rows=100000 loops=1)
                          Buffers: shared hit=733
                    ->  Hash  (cost=173.00..173.00 rows=10000 width=9) (actual rows=10000 loops=1)
                          Buckets: 16384  Batches: 1  Memory Usage: 538kB
                          Buffers: shared hit=73
                          ->  Seq Scan on customers cu  (cost=0.00..173.00 rows=10000 width=9) (actual rows=10000 loops=1)
                                Buffers: shared hit=73
Planning:
  Buffers: shared hit=17
Planning Time: 0.468 ms
Execution Time: 142.854 ms",145.194,78696.15,100000,"HashAggregate  (cost=64651.34..78696.15 rows=548090 width=33) (actual rows=100000 loops=1)
  Group Key: us.customer_name, i.invoice_id
  Planned Partitions: 32  Batches: 33  Memory Usage: 4113kB  Disk Usage: 6048kB
  Buffers: shared hit=1420, temp read=390 written=1118
  ->  Hash Left Join  (cost=3918.50..13953.02 rows=548090 width=38) (actual rows=100000 loops=1)
        Hash Cond: (i.user_id = co.user_id)
        Buffers: shared hit=1420
        ->  Hash Left Join  (cost=298.00..2101.61 rows=100000 width=21) (actual rows=100000 loops=1)
              Hash Cond: (i.user_id = us.customer_id)
              Buffers: shared hit=614
              ->  Seq Scan on invoices i  (cost=0.00..1541.00 rows=100000 width=12) (actual rows=100000 loops=1)
                    Buffers: shared hit=541
              ->  Hash  (cost=173.00..173.00 rows=10000 width=13) (actual rows=10000 loops=1)
                    Buckets: 16384  Batches: 1  Memory Usage: 597kB
                    Buffers: shared hit=73
                    ->  Seq Scan on customers us  (cost=0.00..173.00 rows=10000 width=13) (actual rows=10000 loops=1)
                          Buffers: shared hit=73
        ->  Hash  (cost=2945.78..2945.78 rows=53978 width=25) (actual rows=0 loops=1)
              Buckets: 65536  Batches: 1  Memory Usage: 512kB
              Buffers: shared hit=806
              ->  Hash Join  (cost=298.00..2945.78 rows=53978 width=25) (actual rows=0 loops=1)
                    Hash Cond: ((co.contact_name)::text = (cu.customer_name)::text)
                    Buffers: shared hit=806
                    ->  Seq Scan on contacts co  (cost=0.00..1733.00 rows=100000 width=16) (actual rows=100000 loops=1)
                          Buffers: shared hit=733
                    ->  Hash  (cost=173.00..173.00 rows=10000 width=9) (actual rows=10000 loops=1)
                          Buckets: 16384  Batches: 1  Memory Usage: 538kB
                          Buffers: shared hit=73
                          ->  Seq Scan on customers cu  (cost=0.00..173.00 rows=10000 width=9) (actual rows=10000 loops=1)
                                Buffers: shared hit=73
Planning:
  Buffers: shared hit=17
Planning Time: 0.498 ms
Execution Time: 145.194 ms",143.512,78696.15,100000,"HashAggregate  (cost=64651.34..78696.15 rows=548090 width=33) (actual rows=100000 loops=1)
  Group Key: us.customer_name, i.invoice_id
  Planned Partitions: 32  Batches: 33  Memory Usage: 4113kB  Disk Usage: 6048kB
  Buffers: shared hit=1420, temp read=390 written=1118
  ->  Hash Left Join  (cost=3918.50..13953.02 rows=548090 width=38) (actual rows=100000 loops=1)
        Hash Cond: (i.user_id = co.user_id)
        Buffers: shared hit=1420
        ->  Hash Left Join  (cost=298.00..2101.61 rows=100000 width=21) (actual rows=100000 loops=1)
              Hash Cond: (i.user_id = us.customer_id)
              Buffers: shared hit=614
              ->  Seq Scan on invoices i  (cost=0.00..1541.00 rows=100000 width=12) (actual rows=100000 loops=1)
                    Buffers: shared hit=541
              ->  Hash  (cost=173.00..173.00 rows=10000 width=13) (actual rows=10000 loops=1)
                    Buckets: 16384  Batches: 1  Memory Usage: 597kB
                    Buffers: shared hit=73
                    ->  Seq Scan on customers us  (cost=0.00..173.00 rows=10000 width=13) (actual rows=10000 loops=1)
                          Buffers: shared hit=73
        ->  Hash  (cost=2945.78..2945.78 rows=53978 width=25) (actual rows=0 loops=1)
              Buckets: 65536  Batches: 1  Memory Usage: 512kB
              Buffers: shared hit=806
              ->  Hash Join  (cost=298.00..2945.78 rows=53978 width=25) (actual rows=0 loops=1)
                    Hash Cond: ((co.contact_name)::text = (cu.customer_name)::text)
                    Buffers: shared hit=806
                    ->  Seq Scan on contacts co  (cost=0.00..1733.00 rows=100000 width=16) (actual rows=100000 loops=1)
                          Buffers: shared hit=733
                    ->  Hash  (cost=173.00..173.00 rows=10000 width=9) (actual rows=10000 loops=1)
                          Buckets: 16384  Batches: 1  Memory Usage: 538kB
                          Buffers: shared hit=73
                          ->  Seq Scan on customers cu  (cost=0.00..173.00 rows=10000 width=9) (actual rows=10000 loops=1)
                                Buffers: shared hit=73
Planning:
  Buffers: shared hit=17
Planning Time: 0.525 ms
Execution Time: 143.512 ms",141.6806,143.512,144.5235,145.7304,78696.15,78696.15,100000,100000,100000,100000
860,1364,188,Medium,"select i.invoice_id as invoice_id, min(cu.customer_name) as customer_name, min(i.price) as price, count(c.contact_name) as contacts_cnt, count(cu2.email) as trusted_contacts_cnt from schema_1364.invoices as i left join schema_1364.customers as cu on i.user_id = cu.customer_id left join schema_1364.customers as cu2 left join schema_1364.contacts as c on c.contact_name = cu2.customer_name on i.user_id = c.user_id group by i.invoice_id",138.851,75585.47,100000,"HashAggregate  (cost=66021.57..75585.47 rows=100000 width=56) (actual rows=100000 loops=1)
  Group Key: i.invoice_id
  Planned Partitions: 8  Batches: 9  Memory Usage: 4177kB  Disk Usage: 3528kB
  Buffers: shared hit=1420, temp read=396 written=772
  ->  Hash Left Join  (cost=3918.50..13953.02 rows=548090 width=40) (actual rows=100000 loops=1)
        Hash Cond: (i.user_id = c.user_id)
        Buffers: shared hit=1420
        ->  Hash Left Join  (cost=298.00..2101.61 rows=100000 width=21) (actual rows=100000 loops=1)
              Hash Cond: (i.user_id = cu.customer_id)
              Buffers: shared hit=614
              ->  Seq Scan on invoices i  (cost=0.00..1541.00 rows=100000 width=12) (actual rows=100000 loops=1)
                    Buffers: shared hit=541
              ->  Hash  (cost=173.00..173.00 rows=10000 width=13) (actual rows=10000 loops=1)
                    Buckets: 16384  Batches: 1  Memory Usage: 597kB
                    Buffers: shared hit=73
                    ->  Seq Scan on customers cu  (cost=0.00..173.00 rows=10000 width=13) (actual rows=10000 loops=1)
                          Buffers: shared hit=73
        ->  Hash  (cost=2945.78..2945.78 rows=53978 width=27) (actual rows=0 loops=1)
              Buckets: 65536  Batches: 1  Memory Usage: 512kB
              Buffers: shared hit=806
              ->  Hash Join  (cost=298.00..2945.78 rows=53978 width=27) (actual rows=0 loops=1)
                    Hash Cond: ((c.contact_name)::text = (cu2.customer_name)::text)
                    Buffers: shared hit=806
                    ->  Seq Scan on contacts c  (cost=0.00..1733.00 rows=100000 width=16) (actual rows=100000 loops=1)
                          Buffers: shared hit=733
                    ->  Hash  (cost=173.00..173.00 rows=10000 width=20) (actual rows=10000 loops=1)
                          Buckets: 16384  Batches: 1  Memory Usage: 654kB
                          Buffers: shared hit=73
                          ->  Seq Scan on customers cu2  (cost=0.00..173.00 rows=10000 width=20) (actual rows=10000 loops=1)
                                Buffers: shared hit=73
Planning:
  Buffers: shared hit=14
Planning Time: 0.293 ms
Execution Time: 138.851 ms",136.623,75585.47,100000,"HashAggregate  (cost=66021.57..75585.47 rows=100000 width=56) (actual rows=100000 loops=1)
  Group Key: i.invoice_id
  Planned Partitions: 8  Batches: 9  Memory Usage: 4177kB  Disk Usage: 3528kB
  Buffers: shared hit=1420, temp read=396 written=772
  ->  Hash Left Join  (cost=3918.50..13953.02 rows=548090 width=40) (actual rows=100000 loops=1)
        Hash Cond: (i.user_id = c.user_id)
        Buffers: shared hit=1420
        ->  Hash Left Join  (cost=298.00..2101.61 rows=100000 width=21) (actual rows=100000 loops=1)
              Hash Cond: (i.user_id = cu.customer_id)
              Buffers: shared hit=614
              ->  Seq Scan on invoices i  (cost=0.00..1541.00 rows=100000 width=12) (actual rows=100000 loops=1)
                    Buffers: shared hit=541
              ->  Hash  (cost=173.00..173.00 rows=10000 width=13) (actual rows=10000 loops=1)
                    Buckets: 16384  Batches: 1  Memory Usage: 597kB
                    Buffers: shared hit=73
                    ->  Seq Scan on customers cu  (cost=0.00..173.00 rows=10000 width=13) (actual rows=10000 loops=1)
                          Buffers: shared hit=73
        ->  Hash  (cost=2945.78..2945.78 rows=53978 width=27) (actual rows=0 loops=1)
              Buckets: 65536  Batches: 1  Memory Usage: 512kB
              Buffers: shared hit=806
              ->  Hash Join  (cost=298.00..2945.78 rows=53978 width=27) (actual rows=0 loops=1)
                    Hash Cond: ((c.contact_name)::text = (cu2.customer_name)::text)
                    Buffers: shared hit=806
                    ->  Seq Scan on contacts c  (cost=0.00..1733.00 rows=100000 width=16) (actual rows=100000 loops=1)
                          Buffers: shared hit=733
                    ->  Hash  (cost=173.00..173.00 rows=10000 width=20) (actual rows=10000 loops=1)
                          Buckets: 16384  Batches: 1  Memory Usage: 654kB
                          Buffers: shared hit=73
                          ->  Seq Scan on customers cu2  (cost=0.00..173.00 rows=10000 width=20) (actual rows=10000 loops=1)
                                Buffers: shared hit=73
Planning:
  Buffers: shared hit=14
Planning Time: 0.662 ms
Execution Time: 136.623 ms",140.783,75585.47,100000,"HashAggregate  (cost=66021.57..75585.47 rows=100000 width=56) (actual rows=100000 loops=1)
  Group Key: i.invoice_id
  Planned Partitions: 8  Batches: 9  Memory Usage: 4177kB  Disk Usage: 3528kB
  Buffers: shared hit=1420, temp read=396 written=772
  ->  Hash Left Join  (cost=3918.50..13953.02 rows=548090 width=40) (actual rows=100000 loops=1)
        Hash Cond: (i.user_id = c.user_id)
        Buffers: shared hit=1420
        ->  Hash Left Join  (cost=298.00..2101.61 rows=100000 width=21) (actual rows=100000 loops=1)
              Hash Cond: (i.user_id = cu.customer_id)
              Buffers: shared hit=614
              ->  Seq Scan on invoices i  (cost=0.00..1541.00 rows=100000 width=12) (actual rows=100000 loops=1)
                    Buffers: shared hit=541
              ->  Hash  (cost=173.00..173.00 rows=10000 width=13) (actual rows=10000 loops=1)
                    Buckets: 16384  Batches: 1  Memory Usage: 597kB
                    Buffers: shared hit=73
                    ->  Seq Scan on customers cu  (cost=0.00..173.00 rows=10000 width=13) (actual rows=10000 loops=1)
                          Buffers: shared hit=73
        ->  Hash  (cost=2945.78..2945.78 rows=53978 width=27) (actual rows=0 loops=1)
              Buckets: 65536  Batches: 1  Memory Usage: 512kB
              Buffers: shared hit=806
              ->  Hash Join  (cost=298.00..2945.78 rows=53978 width=27) (actual rows=0 loops=1)
                    Hash Cond: ((c.contact_name)::text = (cu2.customer_name)::text)
                    Buffers: shared hit=806
                    ->  Seq Scan on contacts c  (cost=0.00..1733.00 rows=100000 width=16) (actual rows=100000 loops=1)
                          Buffers: shared hit=733
                    ->  Hash  (cost=173.00..173.00 rows=10000 width=20) (actual rows=10000 loops=1)
                          Buckets: 16384  Batches: 1  Memory Usage: 654kB
                          Buffers: shared hit=73
                          ->  Seq Scan on customers cu2  (cost=0.00..173.00 rows=10000 width=20) (actual rows=10000 loops=1)
                                Buffers: shared hit=73
Planning:
  Buffers: shared hit=14
Planning Time: 0.488 ms
Execution Time: 140.783 ms",137.653,75585.47,100000,"HashAggregate  (cost=66021.57..75585.47 rows=100000 width=56) (actual rows=100000 loops=1)
  Group Key: i.invoice_id
  Planned Partitions: 8  Batches: 9  Memory Usage: 4177kB  Disk Usage: 3528kB
  Buffers: shared hit=1420, temp read=396 written=772
  ->  Hash Left Join  (cost=3918.50..13953.02 rows=548090 width=40) (actual rows=100000 loops=1)
        Hash Cond: (i.user_id = c.user_id)
        Buffers: shared hit=1420
        ->  Hash Left Join  (cost=298.00..2101.61 rows=100000 width=21) (actual rows=100000 loops=1)
              Hash Cond: (i.user_id = cu.customer_id)
              Buffers: shared hit=614
              ->  Seq Scan on invoices i  (cost=0.00..1541.00 rows=100000 width=12) (actual rows=100000 loops=1)
                    Buffers: shared hit=541
              ->  Hash  (cost=173.00..173.00 rows=10000 width=13) (actual rows=10000 loops=1)
                    Buckets: 16384  Batches: 1  Memory Usage: 597kB
                    Buffers: shared hit=73
                    ->  Seq Scan on customers cu  (cost=0.00..173.00 rows=10000 width=13) (actual rows=10000 loops=1)
                          Buffers: shared hit=73
        ->  Hash  (cost=2945.78..2945.78 rows=53978 width=27) (actual rows=0 loops=1)
              Buckets: 65536  Batches: 1  Memory Usage: 512kB
              Buffers: shared hit=806
              ->  Hash Join  (cost=298.00..2945.78 rows=53978 width=27) (actual rows=0 loops=1)
                    Hash Cond: ((c.contact_name)::text = (cu2.customer_name)::text)
                    Buffers: shared hit=806
                    ->  Seq Scan on contacts c  (cost=0.00..1733.00 rows=100000 width=16) (actual rows=100000 loops=1)
                          Buffers: shared hit=733
                    ->  Hash  (cost=173.00..173.00 rows=10000 width=20) (actual rows=10000 loops=1)
                          Buckets: 16384  Batches: 1  Memory Usage: 654kB
                          Buffers: shared hit=73
                          ->  Seq Scan on customers cu2  (cost=0.00..173.00 rows=10000 width=20) (actual rows=10000 loops=1)
                                Buffers: shared hit=73
Planning:
  Buffers: shared hit=14
Planning Time: 0.474 ms
Execution Time: 137.653 ms",180.894,75585.47,100000,"HashAggregate  (cost=66021.57..75585.47 rows=100000 width=56) (actual rows=100000 loops=1)
  Group Key: i.invoice_id
  Planned Partitions: 8  Batches: 9  Memory Usage: 4177kB  Disk Usage: 3528kB
  Buffers: shared hit=1420, temp read=396 written=772
  ->  Hash Left Join  (cost=3918.50..13953.02 rows=548090 width=40) (actual rows=100000 loops=1)
        Hash Cond: (i.user_id = c.user_id)
        Buffers: shared hit=1420
        ->  Hash Left Join  (cost=298.00..2101.61 rows=100000 width=21) (actual rows=100000 loops=1)
              Hash Cond: (i.user_id = cu.customer_id)
              Buffers: shared hit=614
              ->  Seq Scan on invoices i  (cost=0.00..1541.00 rows=100000 width=12) (actual rows=100000 loops=1)
                    Buffers: shared hit=541
              ->  Hash  (cost=173.00..173.00 rows=10000 width=13) (actual rows=10000 loops=1)
                    Buckets: 16384  Batches: 1  Memory Usage: 597kB
                    Buffers: shared hit=73
                    ->  Seq Scan on customers cu  (cost=0.00..173.00 rows=10000 width=13) (actual rows=10000 loops=1)
                          Buffers: shared hit=73
        ->  Hash  (cost=2945.78..2945.78 rows=53978 width=27) (actual rows=0 loops=1)
              Buckets: 65536  Batches: 1  Memory Usage: 512kB
              Buffers: shared hit=806
              ->  Hash Join  (cost=298.00..2945.78 rows=53978 width=27) (actual rows=0 loops=1)
                    Hash Cond: ((c.contact_name)::text = (cu2.customer_name)::text)
                    Buffers: shared hit=806
                    ->  Seq Scan on contacts c  (cost=0.00..1733.00 rows=100000 width=16) (actual rows=100000 loops=1)
                          Buffers: shared hit=733
                    ->  Hash  (cost=173.00..173.00 rows=10000 width=20) (actual rows=10000 loops=1)
                          Buckets: 16384  Batches: 1  Memory Usage: 654kB
                          Buffers: shared hit=73
                          ->  Seq Scan on customers cu2  (cost=0.00..173.00 rows=10000 width=20) (actual rows=10000 loops=1)
                                Buffers: shared hit=73
Planning:
  Buffers: shared hit=14
Planning Time: 0.484 ms
Execution Time: 180.894 ms",146.9608,138.851,160.8385,196.9384,75585.47,75585.47,100000,100000,100000,100000
861,1364,204,Medium,"select t_cte_4.c_invoice_id0 as invoice_id, t_cte_4.c_customer_name0 as customer_name, t_cte_4.c_price0 as price, count(o.contact_name) as contacts_cnt, count(a.email) as trusted_contacts_cnt from (select c.customer_name as c_customer_name0, c.customer_id as c_customer_id0, i.price as c_price0, i.invoice_id as c_invoice_id0 from schema_1364.invoices as i left join schema_1364.customers as c on i.user_id = c.customer_id order by c_invoice_id0 asc) as t_cte_4 left join schema_1364.contacts as o left join schema_1364.customers as a on a.email = o.contact_email on t_cte_4.c_customer_id0 = o.user_id group by t_cte_4.c_price0,t_cte_4.c_invoice_id0,t_cte_4.c_customer_name0",961.579,29819.19,100000,"HashAggregate  (cost=27256.69..29819.19 rows=100000 width=33) (actual rows=100000 loops=1)
  Group Key: t_cte_4.c_price0, t_cte_4.c_invoice_id0, t_cte_4.c_customer_name0
  Planned Partitions: 4  Batches: 5  Memory Usage: 4145kB  Disk Usage: 39848kB
  Buffers: shared hit=31622, temp read=5258 written=9047
  ->  Hash Left Join  (cost=11779.91..17756.69 rows=100000 width=40) (actual rows=998520 loops=1)
        Hash Cond: ((o.contact_email)::text = (a.email)::text)
        Buffers: shared hit=31622, temp read=555 written=555
        ->  Hash Right Join  (cost=11481.91..16543.91 rows=100000 width=39) (actual rows=998520 loops=1)
              Hash Cond: (o.user_id = t_cte_4.c_customer_id0)
              Buffers: shared hit=31549, temp read=555 written=555
              ->  Seq Scan on contacts o  (cost=0.00..1733.00 rows=100000 width=26) (actual rows=100000 loops=1)
                    Buffers: shared hit=733
              ->  Hash  (cost=9645.91..9645.91 rows=100000 width=21) (actual rows=100000 loops=1)
                    Buckets: 65536  Batches: 2  Memory Usage: 3274kB
                    Buffers: shared hit=30816, temp written=265
                    ->  Subquery Scan on t_cte_4  (cost=0.59..9645.91 rows=100000 width=21) (actual rows=100000 loops=1)
                          Buffers: shared hit=30816
                          ->  Nested Loop Left Join  (cost=0.59..8645.91 rows=100000 width=21) (actual rows=100000 loops=1)
                                Buffers: shared hit=30816
                                ->  Index Scan using invoices_pkey on invoices i  (cost=0.29..3148.29 rows=100000 width=12) (actual rows=100000 loops=1)
                                      Buffers: shared hit=816
                                ->  Memoize  (cost=0.30..0.32 rows=1 width=13) (actual rows=1 loops=100000)
                                      Cache Key: i.user_id
                                      Cache Mode: logical
                                      Hits: 90000  Misses: 10000  Evictions: 0  Overflows: 0  Memory Usage: 1133kB
                                      Buffers: shared hit=30000
                                      ->  Index Scan using customers_pkey on customers c  (cost=0.29..0.31 rows=1 width=13) (actual rows=1 loops=10000)
                                            Index Cond: (customer_id = i.user_id)
                                            Buffers: shared hit=30000
        ->  Hash  (cost=173.00..173.00 rows=10000 width=11) (actual rows=10000 loops=1)
              Buckets: 16384  Batches: 1  Memory Usage: 557kB
              Buffers: shared hit=73
              ->  Seq Scan on customers a  (cost=0.00..173.00 rows=10000 width=11) (actual rows=10000 loops=1)
                    Buffers: shared hit=73
Planning:
  Buffers: shared hit=14
Planning Time: 0.356 ms
Execution Time: 961.579 ms",971.101,29819.19,100000,"HashAggregate  (cost=27256.69..29819.19 rows=100000 width=33) (actual rows=100000 loops=1)
  Group Key: t_cte_4.c_price0, t_cte_4.c_invoice_id0, t_cte_4.c_customer_name0
  Planned Partitions: 4  Batches: 5  Memory Usage: 4145kB  Disk Usage: 39848kB
  Buffers: shared hit=31622, temp read=5258 written=9047
  ->  Hash Left Join  (cost=11779.91..17756.69 rows=100000 width=40) (actual rows=998520 loops=1)
        Hash Cond: ((o.contact_email)::text = (a.email)::text)
        Buffers: shared hit=31622, temp read=555 written=555
        ->  Hash Right Join  (cost=11481.91..16543.91 rows=100000 width=39) (actual rows=998520 loops=1)
              Hash Cond: (o.user_id = t_cte_4.c_customer_id0)
              Buffers: shared hit=31549, temp read=555 written=555
              ->  Seq Scan on contacts o  (cost=0.00..1733.00 rows=100000 width=26) (actual rows=100000 loops=1)
                    Buffers: shared hit=733
              ->  Hash  (cost=9645.91..9645.91 rows=100000 width=21) (actual rows=100000 loops=1)
                    Buckets: 65536  Batches: 2  Memory Usage: 3274kB
                    Buffers: shared hit=30816, temp written=265
                    ->  Subquery Scan on t_cte_4  (cost=0.59..9645.91 rows=100000 width=21) (actual rows=100000 loops=1)
                          Buffers: shared hit=30816
                          ->  Nested Loop Left Join  (cost=0.59..8645.91 rows=100000 width=21) (actual rows=100000 loops=1)
                                Buffers: shared hit=30816
                                ->  Index Scan using invoices_pkey on invoices i  (cost=0.29..3148.29 rows=100000 width=12) (actual rows=100000 loops=1)
                                      Buffers: shared hit=816
                                ->  Memoize  (cost=0.30..0.32 rows=1 width=13) (actual rows=1 loops=100000)
                                      Cache Key: i.user_id
                                      Cache Mode: logical
                                      Hits: 90000  Misses: 10000  Evictions: 0  Overflows: 0  Memory Usage: 1133kB
                                      Buffers: shared hit=30000
                                      ->  Index Scan using customers_pkey on customers c  (cost=0.29..0.31 rows=1 width=13) (actual rows=1 loops=10000)
                                            Index Cond: (customer_id = i.user_id)
                                            Buffers: shared hit=30000
        ->  Hash  (cost=173.00..173.00 rows=10000 width=11) (actual rows=10000 loops=1)
              Buckets: 16384  Batches: 1  Memory Usage: 557kB
              Buffers: shared hit=73
              ->  Seq Scan on customers a  (cost=0.00..173.00 rows=10000 width=11) (actual rows=10000 loops=1)
                    Buffers: shared hit=73
Planning:
  Buffers: shared hit=14
Planning Time: 0.609 ms
Execution Time: 971.101 ms",976.572,29819.19,100000,"HashAggregate  (cost=27256.69..29819.19 rows=100000 width=33) (actual rows=100000 loops=1)
  Group Key: t_cte_4.c_price0, t_cte_4.c_invoice_id0, t_cte_4.c_customer_name0
  Planned Partitions: 4  Batches: 5  Memory Usage: 4145kB  Disk Usage: 39848kB
  Buffers: shared hit=31622, temp read=5258 written=9047
  ->  Hash Left Join  (cost=11779.91..17756.69 rows=100000 width=40) (actual rows=998520 loops=1)
        Hash Cond: ((o.contact_email)::text = (a.email)::text)
        Buffers: shared hit=31622, temp read=555 written=555
        ->  Hash Right Join  (cost=11481.91..16543.91 rows=100000 width=39) (actual rows=998520 loops=1)
              Hash Cond: (o.user_id = t_cte_4.c_customer_id0)
              Buffers: shared hit=31549, temp read=555 written=555
              ->  Seq Scan on contacts o  (cost=0.00..1733.00 rows=100000 width=26) (actual rows=100000 loops=1)
                    Buffers: shared hit=733
              ->  Hash  (cost=9645.91..9645.91 rows=100000 width=21) (actual rows=100000 loops=1)
                    Buckets: 65536  Batches: 2  Memory Usage: 3274kB
                    Buffers: shared hit=30816, temp written=265
                    ->  Subquery Scan on t_cte_4  (cost=0.59..9645.91 rows=100000 width=21) (actual rows=100000 loops=1)
                          Buffers: shared hit=30816
                          ->  Nested Loop Left Join  (cost=0.59..8645.91 rows=100000 width=21) (actual rows=100000 loops=1)
                                Buffers: shared hit=30816
                                ->  Index Scan using invoices_pkey on invoices i  (cost=0.29..3148.29 rows=100000 width=12) (actual rows=100000 loops=1)
                                      Buffers: shared hit=816
                                ->  Memoize  (cost=0.30..0.32 rows=1 width=13) (actual rows=1 loops=100000)
                                      Cache Key: i.user_id
                                      Cache Mode: logical
                                      Hits: 90000  Misses: 10000  Evictions: 0  Overflows: 0  Memory Usage: 1133kB
                                      Buffers: shared hit=30000
                                      ->  Index Scan using customers_pkey on customers c  (cost=0.29..0.31 rows=1 width=13) (actual rows=1 loops=10000)
                                            Index Cond: (customer_id = i.user_id)
                                            Buffers: shared hit=30000
        ->  Hash  (cost=173.00..173.00 rows=10000 width=11) (actual rows=10000 loops=1)
              Buckets: 16384  Batches: 1  Memory Usage: 557kB
              Buffers: shared hit=73
              ->  Seq Scan on customers a  (cost=0.00..173.00 rows=10000 width=11) (actual rows=10000 loops=1)
                    Buffers: shared hit=73
Planning:
  Buffers: shared hit=14
Planning Time: 0.464 ms
Execution Time: 976.572 ms",973.745,29819.19,100000,"HashAggregate  (cost=27256.69..29819.19 rows=100000 width=33) (actual rows=100000 loops=1)
  Group Key: t_cte_4.c_price0, t_cte_4.c_invoice_id0, t_cte_4.c_customer_name0
  Planned Partitions: 4  Batches: 5  Memory Usage: 4145kB  Disk Usage: 39848kB
  Buffers: shared hit=31622, temp read=5258 written=9047
  ->  Hash Left Join  (cost=11779.91..17756.69 rows=100000 width=40) (actual rows=998520 loops=1)
        Hash Cond: ((o.contact_email)::text = (a.email)::text)
        Buffers: shared hit=31622, temp read=555 written=555
        ->  Hash Right Join  (cost=11481.91..16543.91 rows=100000 width=39) (actual rows=998520 loops=1)
              Hash Cond: (o.user_id = t_cte_4.c_customer_id0)
              Buffers: shared hit=31549, temp read=555 written=555
              ->  Seq Scan on contacts o  (cost=0.00..1733.00 rows=100000 width=26) (actual rows=100000 loops=1)
                    Buffers: shared hit=733
              ->  Hash  (cost=9645.91..9645.91 rows=100000 width=21) (actual rows=100000 loops=1)
                    Buckets: 65536  Batches: 2  Memory Usage: 3274kB
                    Buffers: shared hit=30816, temp written=265
                    ->  Subquery Scan on t_cte_4  (cost=0.59..9645.91 rows=100000 width=21) (actual rows=100000 loops=1)
                          Buffers: shared hit=30816
                          ->  Nested Loop Left Join  (cost=0.59..8645.91 rows=100000 width=21) (actual rows=100000 loops=1)
                                Buffers: shared hit=30816
                                ->  Index Scan using invoices_pkey on invoices i  (cost=0.29..3148.29 rows=100000 width=12) (actual rows=100000 loops=1)
                                      Buffers: shared hit=816
                                ->  Memoize  (cost=0.30..0.32 rows=1 width=13) (actual rows=1 loops=100000)
                                      Cache Key: i.user_id
                                      Cache Mode: logical
                                      Hits: 90000  Misses: 10000  Evictions: 0  Overflows: 0  Memory Usage: 1133kB
                                      Buffers: shared hit=30000
                                      ->  Index Scan using customers_pkey on customers c  (cost=0.29..0.31 rows=1 width=13) (actual rows=1 loops=10000)
                                            Index Cond: (customer_id = i.user_id)
                                            Buffers: shared hit=30000
        ->  Hash  (cost=173.00..173.00 rows=10000 width=11) (actual rows=10000 loops=1)
              Buckets: 16384  Batches: 1  Memory Usage: 557kB
              Buffers: shared hit=73
              ->  Seq Scan on customers a  (cost=0.00..173.00 rows=10000 width=11) (actual rows=10000 loops=1)
                    Buffers: shared hit=73
Planning:
  Buffers: shared hit=14
Planning Time: 0.465 ms
Execution Time: 973.745 ms",967.618,29819.19,100000,"HashAggregate  (cost=27256.69..29819.19 rows=100000 width=33) (actual rows=100000 loops=1)
  Group Key: t_cte_4.c_price0, t_cte_4.c_invoice_id0, t_cte_4.c_customer_name0
  Planned Partitions: 4  Batches: 5  Memory Usage: 4145kB  Disk Usage: 39848kB
  Buffers: shared hit=31622, temp read=5258 written=9047
  ->  Hash Left Join  (cost=11779.91..17756.69 rows=100000 width=40) (actual rows=998520 loops=1)
        Hash Cond: ((o.contact_email)::text = (a.email)::text)
        Buffers: shared hit=31622, temp read=555 written=555
        ->  Hash Right Join  (cost=11481.91..16543.91 rows=100000 width=39) (actual rows=998520 loops=1)
              Hash Cond: (o.user_id = t_cte_4.c_customer_id0)
              Buffers: shared hit=31549, temp read=555 written=555
              ->  Seq Scan on contacts o  (cost=0.00..1733.00 rows=100000 width=26) (actual rows=100000 loops=1)
                    Buffers: shared hit=733
              ->  Hash  (cost=9645.91..9645.91 rows=100000 width=21) (actual rows=100000 loops=1)
                    Buckets: 65536  Batches: 2  Memory Usage: 3274kB
                    Buffers: shared hit=30816, temp written=265
                    ->  Subquery Scan on t_cte_4  (cost=0.59..9645.91 rows=100000 width=21) (actual rows=100000 loops=1)
                          Buffers: shared hit=30816
                          ->  Nested Loop Left Join  (cost=0.59..8645.91 rows=100000 width=21) (actual rows=100000 loops=1)
                                Buffers: shared hit=30816
                                ->  Index Scan using invoices_pkey on invoices i  (cost=0.29..3148.29 rows=100000 width=12) (actual rows=100000 loops=1)
                                      Buffers: shared hit=816
                                ->  Memoize  (cost=0.30..0.32 rows=1 width=13) (actual rows=1 loops=100000)
                                      Cache Key: i.user_id
                                      Cache Mode: logical
                                      Hits: 90000  Misses: 10000  Evictions: 0  Overflows: 0  Memory Usage: 1133kB
                                      Buffers: shared hit=30000
                                      ->  Index Scan using customers_pkey on customers c  (cost=0.29..0.31 rows=1 width=13) (actual rows=1 loops=10000)
                                            Index Cond: (customer_id = i.user_id)
                                            Buffers: shared hit=30000
        ->  Hash  (cost=173.00..173.00 rows=10000 width=11) (actual rows=10000 loops=1)
              Buckets: 16384  Batches: 1  Memory Usage: 557kB
              Buffers: shared hit=73
              ->  Seq Scan on customers a  (cost=0.00..173.00 rows=10000 width=11) (actual rows=10000 loops=1)
                    Buffers: shared hit=73
Planning:
  Buffers: shared hit=14
Planning Time: 0.481 ms
Execution Time: 967.618 ms",970.123,971.101,975.1585,977.7028,29819.19,29819.19,100000,100000,100000,100000
862,1364,228,Medium,"select t_cte_19.c_invoice_id0 as invoice_id, t_cte_19.c_customer_name0 as customer_name, t_cte_19.c_price0 as price, count(t3.contact_name) as contacts_cnt, count(t4.customer_name) as trusted_contacts_cnt from (select distinct t2.customer_name as c_customer_name0, t1.price as c_price0, t1.user_id as c_user_id0, t1.invoice_id as c_invoice_id0 from schema_1364.invoices as t1 left join schema_1364.customers as t2 on t1.user_id = t2.customer_id) as t_cte_19 left join schema_1364.customers as t4 left join schema_1364.contacts as t3 on t3.contact_name = t4.customer_name on t_cte_19.c_user_id0 = t3.user_id group by t_cte_19.c_invoice_id0,t_cte_19.c_price0,t_cte_19.c_customer_name0",199.93,31765.25,100000,"HashAggregate  (cost=31665.25..31765.25 rows=10000 width=33) (actual rows=100000 loops=1)
  Group Key: t1.invoice_id, t1.price, t2.customer_name
  Batches: 5  Memory Usage: 4145kB  Disk Usage: 3608kB
  Buffers: shared hit=1420, temp read=751 written=1455
  ->  Hash Left Join  (cost=13409.62..24813.16 rows=548167 width=38) (actual rows=100000 loops=1)
        Hash Cond: (t1.user_id = t3.user_id)
        Buffers: shared hit=1420, temp read=382 written=734
        ->  HashAggregate  (cost=9789.11..11960.99 rows=100000 width=21) (actual rows=100000 loops=1)
              Group Key: t2.customer_name, t1.price, t1.user_id, t1.invoice_id
              Planned Partitions: 4  Batches: 5  Memory Usage: 4153kB  Disk Usage: 3640kB
              Buffers: shared hit=614, temp read=382 written=734
              ->  Hash Left Join  (cost=298.00..2101.61 rows=100000 width=21) (actual rows=100000 loops=1)
                    Hash Cond: (t1.user_id = t2.customer_id)
                    Buffers: shared hit=614
                    ->  Seq Scan on invoices t1  (cost=0.00..1541.00 rows=100000 width=12) (actual rows=100000 loops=1)
                          Buffers: shared hit=541
                    ->  Hash  (cost=173.00..173.00 rows=10000 width=13) (actual rows=10000 loops=1)
                          Buckets: 16384  Batches: 1  Memory Usage: 597kB
                          Buffers: shared hit=73
                          ->  Seq Scan on customers t2  (cost=0.00..173.00 rows=10000 width=13) (actual rows=10000 loops=1)
                                Buffers: shared hit=73
        ->  Hash  (cost=2945.78..2945.78 rows=53978 width=25) (actual rows=0 loops=1)
              Buckets: 65536  Batches: 1  Memory Usage: 512kB
              Buffers: shared hit=806
              ->  Hash Join  (cost=298.00..2945.78 rows=53978 width=25) (actual rows=0 loops=1)
                    Hash Cond: ((t3.contact_name)::text = (t4.customer_name)::text)
                    Buffers: shared hit=806
                    ->  Seq Scan on contacts t3  (cost=0.00..1733.00 rows=100000 width=16) (actual rows=100000 loops=1)
                          Buffers: shared hit=733
                    ->  Hash  (cost=173.00..173.00 rows=10000 width=9) (actual rows=10000 loops=1)
                          Buckets: 16384  Batches: 1  Memory Usage: 538kB
                          Buffers: shared hit=73
                          ->  Seq Scan on customers t4  (cost=0.00..173.00 rows=10000 width=9) (actual rows=10000 loops=1)
                                Buffers: shared hit=73
Planning:
  Buffers: shared hit=6
Planning Time: 0.268 ms
Execution Time: 199.930 ms",206.115,31765.25,100000,"HashAggregate  (cost=31665.25..31765.25 rows=10000 width=33) (actual rows=100000 loops=1)
  Group Key: t1.invoice_id, t1.price, t2.customer_name
  Batches: 5  Memory Usage: 4145kB  Disk Usage: 3608kB
  Buffers: shared hit=1420, temp read=751 written=1455
  ->  Hash Left Join  (cost=13409.62..24813.16 rows=548167 width=38) (actual rows=100000 loops=1)
        Hash Cond: (t1.user_id = t3.user_id)
        Buffers: shared hit=1420, temp read=382 written=734
        ->  HashAggregate  (cost=9789.11..11960.99 rows=100000 width=21) (actual rows=100000 loops=1)
              Group Key: t2.customer_name, t1.price, t1.user_id, t1.invoice_id
              Planned Partitions: 4  Batches: 5  Memory Usage: 4153kB  Disk Usage: 3640kB
              Buffers: shared hit=614, temp read=382 written=734
              ->  Hash Left Join  (cost=298.00..2101.61 rows=100000 width=21) (actual rows=100000 loops=1)
                    Hash Cond: (t1.user_id = t2.customer_id)
                    Buffers: shared hit=614
                    ->  Seq Scan on invoices t1  (cost=0.00..1541.00 rows=100000 width=12) (actual rows=100000 loops=1)
                          Buffers: shared hit=541
                    ->  Hash  (cost=173.00..173.00 rows=10000 width=13) (actual rows=10000 loops=1)
                          Buckets: 16384  Batches: 1  Memory Usage: 597kB
                          Buffers: shared hit=73
                          ->  Seq Scan on customers t2  (cost=0.00..173.00 rows=10000 width=13) (actual rows=10000 loops=1)
                                Buffers: shared hit=73
        ->  Hash  (cost=2945.78..2945.78 rows=53978 width=25) (actual rows=0 loops=1)
              Buckets: 65536  Batches: 1  Memory Usage: 512kB
              Buffers: shared hit=806
              ->  Hash Join  (cost=298.00..2945.78 rows=53978 width=25) (actual rows=0 loops=1)
                    Hash Cond: ((t3.contact_name)::text = (t4.customer_name)::text)
                    Buffers: shared hit=806
                    ->  Seq Scan on contacts t3  (cost=0.00..1733.00 rows=100000 width=16) (actual rows=100000 loops=1)
                          Buffers: shared hit=733
                    ->  Hash  (cost=173.00..173.00 rows=10000 width=9) (actual rows=10000 loops=1)
                          Buckets: 16384  Batches: 1  Memory Usage: 538kB
                          Buffers: shared hit=73
                          ->  Seq Scan on customers t4  (cost=0.00..173.00 rows=10000 width=9) (actual rows=10000 loops=1)
                                Buffers: shared hit=73
Planning:
  Buffers: shared hit=6
Planning Time: 0.463 ms
Execution Time: 206.115 ms",204.662,31765.25,100000,"HashAggregate  (cost=31665.25..31765.25 rows=10000 width=33) (actual rows=100000 loops=1)
  Group Key: t1.invoice_id, t1.price, t2.customer_name
  Batches: 5  Memory Usage: 4145kB  Disk Usage: 3608kB
  Buffers: shared hit=1420, temp read=751 written=1455
  ->  Hash Left Join  (cost=13409.62..24813.16 rows=548167 width=38) (actual rows=100000 loops=1)
        Hash Cond: (t1.user_id = t3.user_id)
        Buffers: shared hit=1420, temp read=382 written=734
        ->  HashAggregate  (cost=9789.11..11960.99 rows=100000 width=21) (actual rows=100000 loops=1)
              Group Key: t2.customer_name, t1.price, t1.user_id, t1.invoice_id
              Planned Partitions: 4  Batches: 5  Memory Usage: 4153kB  Disk Usage: 3640kB
              Buffers: shared hit=614, temp read=382 written=734
              ->  Hash Left Join  (cost=298.00..2101.61 rows=100000 width=21) (actual rows=100000 loops=1)
                    Hash Cond: (t1.user_id = t2.customer_id)
                    Buffers: shared hit=614
                    ->  Seq Scan on invoices t1  (cost=0.00..1541.00 rows=100000 width=12) (actual rows=100000 loops=1)
                          Buffers: shared hit=541
                    ->  Hash  (cost=173.00..173.00 rows=10000 width=13) (actual rows=10000 loops=1)
                          Buckets: 16384  Batches: 1  Memory Usage: 597kB
                          Buffers: shared hit=73
                          ->  Seq Scan on customers t2  (cost=0.00..173.00 rows=10000 width=13) (actual rows=10000 loops=1)
                                Buffers: shared hit=73
        ->  Hash  (cost=2945.78..2945.78 rows=53978 width=25) (actual rows=0 loops=1)
              Buckets: 65536  Batches: 1  Memory Usage: 512kB
              Buffers: shared hit=806
              ->  Hash Join  (cost=298.00..2945.78 rows=53978 width=25) (actual rows=0 loops=1)
                    Hash Cond: ((t3.contact_name)::text = (t4.customer_name)::text)
                    Buffers: shared hit=806
                    ->  Seq Scan on contacts t3  (cost=0.00..1733.00 rows=100000 width=16) (actual rows=100000 loops=1)
                          Buffers: shared hit=733
                    ->  Hash  (cost=173.00..173.00 rows=10000 width=9) (actual rows=10000 loops=1)
                          Buckets: 16384  Batches: 1  Memory Usage: 538kB
                          Buffers: shared hit=73
                          ->  Seq Scan on customers t4  (cost=0.00..173.00 rows=10000 width=9) (actual rows=10000 loops=1)
                                Buffers: shared hit=73
Planning:
  Buffers: shared hit=6
Planning Time: 0.535 ms
Execution Time: 204.662 ms",209.057,31765.25,100000,"HashAggregate  (cost=31665.25..31765.25 rows=10000 width=33) (actual rows=100000 loops=1)
  Group Key: t1.invoice_id, t1.price, t2.customer_name
  Batches: 5  Memory Usage: 4145kB  Disk Usage: 3608kB
  Buffers: shared hit=1420, temp read=751 written=1455
  ->  Hash Left Join  (cost=13409.62..24813.16 rows=548167 width=38) (actual rows=100000 loops=1)
        Hash Cond: (t1.user_id = t3.user_id)
        Buffers: shared hit=1420, temp read=382 written=734
        ->  HashAggregate  (cost=9789.11..11960.99 rows=100000 width=21) (actual rows=100000 loops=1)
              Group Key: t2.customer_name, t1.price, t1.user_id, t1.invoice_id
              Planned Partitions: 4  Batches: 5  Memory Usage: 4153kB  Disk Usage: 3640kB
              Buffers: shared hit=614, temp read=382 written=734
              ->  Hash Left Join  (cost=298.00..2101.61 rows=100000 width=21) (actual rows=100000 loops=1)
                    Hash Cond: (t1.user_id = t2.customer_id)
                    Buffers: shared hit=614
                    ->  Seq Scan on invoices t1  (cost=0.00..1541.00 rows=100000 width=12) (actual rows=100000 loops=1)
                          Buffers: shared hit=541
                    ->  Hash  (cost=173.00..173.00 rows=10000 width=13) (actual rows=10000 loops=1)
                          Buckets: 16384  Batches: 1  Memory Usage: 597kB
                          Buffers: shared hit=73
                          ->  Seq Scan on customers t2  (cost=0.00..173.00 rows=10000 width=13) (actual rows=10000 loops=1)
                                Buffers: shared hit=73
        ->  Hash  (cost=2945.78..2945.78 rows=53978 width=25) (actual rows=0 loops=1)
              Buckets: 65536  Batches: 1  Memory Usage: 512kB
              Buffers: shared hit=806
              ->  Hash Join  (cost=298.00..2945.78 rows=53978 width=25) (actual rows=0 loops=1)
                    Hash Cond: ((t3.contact_name)::text = (t4.customer_name)::text)
                    Buffers: shared hit=806
                    ->  Seq Scan on contacts t3  (cost=0.00..1733.00 rows=100000 width=16) (actual rows=100000 loops=1)
                          Buffers: shared hit=733
                    ->  Hash  (cost=173.00..173.00 rows=10000 width=9) (actual rows=10000 loops=1)
                          Buckets: 16384  Batches: 1  Memory Usage: 538kB
                          Buffers: shared hit=73
                          ->  Seq Scan on customers t4  (cost=0.00..173.00 rows=10000 width=9) (actual rows=10000 loops=1)
                                Buffers: shared hit=73
Planning:
  Buffers: shared hit=6
Planning Time: 0.358 ms
Execution Time: 209.057 ms",209.211,31765.25,100000,"HashAggregate  (cost=31665.25..31765.25 rows=10000 width=33) (actual rows=100000 loops=1)
  Group Key: t1.invoice_id, t1.price, t2.customer_name
  Batches: 5  Memory Usage: 4145kB  Disk Usage: 3608kB
  Buffers: shared hit=1420, temp read=751 written=1455
  ->  Hash Left Join  (cost=13409.62..24813.16 rows=548167 width=38) (actual rows=100000 loops=1)
        Hash Cond: (t1.user_id = t3.user_id)
        Buffers: shared hit=1420, temp read=382 written=734
        ->  HashAggregate  (cost=9789.11..11960.99 rows=100000 width=21) (actual rows=100000 loops=1)
              Group Key: t2.customer_name, t1.price, t1.user_id, t1.invoice_id
              Planned Partitions: 4  Batches: 5  Memory Usage: 4153kB  Disk Usage: 3640kB
              Buffers: shared hit=614, temp read=382 written=734
              ->  Hash Left Join  (cost=298.00..2101.61 rows=100000 width=21) (actual rows=100000 loops=1)
                    Hash Cond: (t1.user_id = t2.customer_id)
                    Buffers: shared hit=614
                    ->  Seq Scan on invoices t1  (cost=0.00..1541.00 rows=100000 width=12) (actual rows=100000 loops=1)
                          Buffers: shared hit=541
                    ->  Hash  (cost=173.00..173.00 rows=10000 width=13) (actual rows=10000 loops=1)
                          Buckets: 16384  Batches: 1  Memory Usage: 597kB
                          Buffers: shared hit=73
                          ->  Seq Scan on customers t2  (cost=0.00..173.00 rows=10000 width=13) (actual rows=10000 loops=1)
                                Buffers: shared hit=73
        ->  Hash  (cost=2945.78..2945.78 rows=53978 width=25) (actual rows=0 loops=1)
              Buckets: 65536  Batches: 1  Memory Usage: 512kB
              Buffers: shared hit=806
              ->  Hash Join  (cost=298.00..2945.78 rows=53978 width=25) (actual rows=0 loops=1)
                    Hash Cond: ((t3.contact_name)::text = (t4.customer_name)::text)
                    Buffers: shared hit=806
                    ->  Seq Scan on contacts t3  (cost=0.00..1733.00 rows=100000 width=16) (actual rows=100000 loops=1)
                          Buffers: shared hit=733
                    ->  Hash  (cost=173.00..173.00 rows=10000 width=9) (actual rows=10000 loops=1)
                          Buckets: 16384  Batches: 1  Memory Usage: 538kB
                          Buffers: shared hit=73
                          ->  Seq Scan on customers t4  (cost=0.00..173.00 rows=10000 width=9) (actual rows=10000 loops=1)
                                Buffers: shared hit=73
Planning:
  Buffers: shared hit=6
Planning Time: 0.412 ms
Execution Time: 209.211 ms",205.795,206.115,209.134,209.2726,31765.25,31765.25,100000,100000,100000,100000
863,1364,233,Medium,"select invoices.invoice_id as invoice_id, customers.customer_name as customer_name, invoices.price as price, count(contacts.contact_name) as contacts_cnt, count(emails.email) as trusted_contacts_cnt from schema_1364.invoices as invoices left join schema_1364.customers as customers on invoices.user_id = customers.customer_id left join schema_1364.customers as emails left join schema_1364.contacts as contacts on emails.email = contacts.contact_email on invoices.user_id = contacts.user_id group by customers.customer_name,invoices.price,invoices.invoice_id",132.338,78696.15,100000,"HashAggregate  (cost=64651.34..78696.15 rows=548090 width=33) (actual rows=100000 loops=1)
  Group Key: customers.customer_name, invoices.invoice_id
  Planned Partitions: 32  Batches: 33  Memory Usage: 4113kB  Disk Usage: 6048kB
  Buffers: shared hit=1420, temp read=390 written=1118
  ->  Hash Left Join  (cost=3918.50..13953.02 rows=548090 width=40) (actual rows=100000 loops=1)
        Hash Cond: (invoices.user_id = contacts.user_id)
        Buffers: shared hit=1420
        ->  Hash Left Join  (cost=298.00..2101.61 rows=100000 width=21) (actual rows=100000 loops=1)
              Hash Cond: (invoices.user_id = customers.customer_id)
              Buffers: shared hit=614
              ->  Seq Scan on invoices  (cost=0.00..1541.00 rows=100000 width=12) (actual rows=100000 loops=1)
                    Buffers: shared hit=541
              ->  Hash  (cost=173.00..173.00 rows=10000 width=13) (actual rows=10000 loops=1)
                    Buckets: 16384  Batches: 1  Memory Usage: 597kB
                    Buffers: shared hit=73
                    ->  Seq Scan on customers  (cost=0.00..173.00 rows=10000 width=13) (actual rows=10000 loops=1)
                          Buffers: shared hit=73
        ->  Hash  (cost=2945.78..2945.78 rows=53978 width=27) (actual rows=0 loops=1)
              Buckets: 65536  Batches: 1  Memory Usage: 512kB
              Buffers: shared hit=806
              ->  Hash Join  (cost=298.00..2945.78 rows=53978 width=27) (actual rows=0 loops=1)
                    Hash Cond: ((contacts.contact_email)::text = (emails.email)::text)
                    Buffers: shared hit=806
                    ->  Seq Scan on contacts  (cost=0.00..1733.00 rows=100000 width=26) (actual rows=100000 loops=1)
                          Buffers: shared hit=733
                    ->  Hash  (cost=173.00..173.00 rows=10000 width=11) (actual rows=10000 loops=1)
                          Buckets: 16384  Batches: 1  Memory Usage: 557kB
                          Buffers: shared hit=73
                          ->  Seq Scan on customers emails  (cost=0.00..173.00 rows=10000 width=11) (actual rows=10000 loops=1)
                                Buffers: shared hit=73
Planning:
  Buffers: shared hit=17
Planning Time: 0.321 ms
Execution Time: 132.338 ms",138.047,78696.15,100000,"HashAggregate  (cost=64651.34..78696.15 rows=548090 width=33) (actual rows=100000 loops=1)
  Group Key: customers.customer_name, invoices.invoice_id
  Planned Partitions: 32  Batches: 33  Memory Usage: 4113kB  Disk Usage: 6048kB
  Buffers: shared hit=1420, temp read=390 written=1118
  ->  Hash Left Join  (cost=3918.50..13953.02 rows=548090 width=40) (actual rows=100000 loops=1)
        Hash Cond: (invoices.user_id = contacts.user_id)
        Buffers: shared hit=1420
        ->  Hash Left Join  (cost=298.00..2101.61 rows=100000 width=21) (actual rows=100000 loops=1)
              Hash Cond: (invoices.user_id = customers.customer_id)
              Buffers: shared hit=614
              ->  Seq Scan on invoices  (cost=0.00..1541.00 rows=100000 width=12) (actual rows=100000 loops=1)
                    Buffers: shared hit=541
              ->  Hash  (cost=173.00..173.00 rows=10000 width=13) (actual rows=10000 loops=1)
                    Buckets: 16384  Batches: 1  Memory Usage: 597kB
                    Buffers: shared hit=73
                    ->  Seq Scan on customers  (cost=0.00..173.00 rows=10000 width=13) (actual rows=10000 loops=1)
                          Buffers: shared hit=73
        ->  Hash  (cost=2945.78..2945.78 rows=53978 width=27) (actual rows=0 loops=1)
              Buckets: 65536  Batches: 1  Memory Usage: 512kB
              Buffers: shared hit=806
              ->  Hash Join  (cost=298.00..2945.78 rows=53978 width=27) (actual rows=0 loops=1)
                    Hash Cond: ((contacts.contact_email)::text = (emails.email)::text)
                    Buffers: shared hit=806
                    ->  Seq Scan on contacts  (cost=0.00..1733.00 rows=100000 width=26) (actual rows=100000 loops=1)
                          Buffers: shared hit=733
                    ->  Hash  (cost=173.00..173.00 rows=10000 width=11) (actual rows=10000 loops=1)
                          Buckets: 16384  Batches: 1  Memory Usage: 557kB
                          Buffers: shared hit=73
                          ->  Seq Scan on customers emails  (cost=0.00..173.00 rows=10000 width=11) (actual rows=10000 loops=1)
                                Buffers: shared hit=73
Planning:
  Buffers: shared hit=17
Planning Time: 0.505 ms
Execution Time: 138.047 ms",141.626,78696.15,100000,"HashAggregate  (cost=64651.34..78696.15 rows=548090 width=33) (actual rows=100000 loops=1)
  Group Key: customers.customer_name, invoices.invoice_id
  Planned Partitions: 32  Batches: 33  Memory Usage: 4113kB  Disk Usage: 6048kB
  Buffers: shared hit=1420, temp read=390 written=1118
  ->  Hash Left Join  (cost=3918.50..13953.02 rows=548090 width=40) (actual rows=100000 loops=1)
        Hash Cond: (invoices.user_id = contacts.user_id)
        Buffers: shared hit=1420
        ->  Hash Left Join  (cost=298.00..2101.61 rows=100000 width=21) (actual rows=100000 loops=1)
              Hash Cond: (invoices.user_id = customers.customer_id)
              Buffers: shared hit=614
              ->  Seq Scan on invoices  (cost=0.00..1541.00 rows=100000 width=12) (actual rows=100000 loops=1)
                    Buffers: shared hit=541
              ->  Hash  (cost=173.00..173.00 rows=10000 width=13) (actual rows=10000 loops=1)
                    Buckets: 16384  Batches: 1  Memory Usage: 597kB
                    Buffers: shared hit=73
                    ->  Seq Scan on customers  (cost=0.00..173.00 rows=10000 width=13) (actual rows=10000 loops=1)
                          Buffers: shared hit=73
        ->  Hash  (cost=2945.78..2945.78 rows=53978 width=27) (actual rows=0 loops=1)
              Buckets: 65536  Batches: 1  Memory Usage: 512kB
              Buffers: shared hit=806
              ->  Hash Join  (cost=298.00..2945.78 rows=53978 width=27) (actual rows=0 loops=1)
                    Hash Cond: ((contacts.contact_email)::text = (emails.email)::text)
                    Buffers: shared hit=806
                    ->  Seq Scan on contacts  (cost=0.00..1733.00 rows=100000 width=26) (actual rows=100000 loops=1)
                          Buffers: shared hit=733
                    ->  Hash  (cost=173.00..173.00 rows=10000 width=11) (actual rows=10000 loops=1)
                          Buckets: 16384  Batches: 1  Memory Usage: 557kB
                          Buffers: shared hit=73
                          ->  Seq Scan on customers emails  (cost=0.00..173.00 rows=10000 width=11) (actual rows=10000 loops=1)
                                Buffers: shared hit=73
Planning:
  Buffers: shared hit=17
Planning Time: 0.515 ms
Execution Time: 141.626 ms",137.181,78696.15,100000,"HashAggregate  (cost=64651.34..78696.15 rows=548090 width=33) (actual rows=100000 loops=1)
  Group Key: customers.customer_name, invoices.invoice_id
  Planned Partitions: 32  Batches: 33  Memory Usage: 4113kB  Disk Usage: 6048kB
  Buffers: shared hit=1420, temp read=390 written=1118
  ->  Hash Left Join  (cost=3918.50..13953.02 rows=548090 width=40) (actual rows=100000 loops=1)
        Hash Cond: (invoices.user_id = contacts.user_id)
        Buffers: shared hit=1420
        ->  Hash Left Join  (cost=298.00..2101.61 rows=100000 width=21) (actual rows=100000 loops=1)
              Hash Cond: (invoices.user_id = customers.customer_id)
              Buffers: shared hit=614
              ->  Seq Scan on invoices  (cost=0.00..1541.00 rows=100000 width=12) (actual rows=100000 loops=1)
                    Buffers: shared hit=541
              ->  Hash  (cost=173.00..173.00 rows=10000 width=13) (actual rows=10000 loops=1)
                    Buckets: 16384  Batches: 1  Memory Usage: 597kB
                    Buffers: shared hit=73
                    ->  Seq Scan on customers  (cost=0.00..173.00 rows=10000 width=13) (actual rows=10000 loops=1)
                          Buffers: shared hit=73
        ->  Hash  (cost=2945.78..2945.78 rows=53978 width=27) (actual rows=0 loops=1)
              Buckets: 65536  Batches: 1  Memory Usage: 512kB
              Buffers: shared hit=806
              ->  Hash Join  (cost=298.00..2945.78 rows=53978 width=27) (actual rows=0 loops=1)
                    Hash Cond: ((contacts.contact_email)::text = (emails.email)::text)
                    Buffers: shared hit=806
                    ->  Seq Scan on contacts  (cost=0.00..1733.00 rows=100000 width=26) (actual rows=100000 loops=1)
                          Buffers: shared hit=733
                    ->  Hash  (cost=173.00..173.00 rows=10000 width=11) (actual rows=10000 loops=1)
                          Buckets: 16384  Batches: 1  Memory Usage: 557kB
                          Buffers: shared hit=73
                          ->  Seq Scan on customers emails  (cost=0.00..173.00 rows=10000 width=11) (actual rows=10000 loops=1)
                                Buffers: shared hit=73
Planning:
  Buffers: shared hit=17
Planning Time: 0.729 ms
Execution Time: 137.181 ms",139.759,78696.15,100000,"HashAggregate  (cost=64651.34..78696.15 rows=548090 width=33) (actual rows=100000 loops=1)
  Group Key: customers.customer_name, invoices.invoice_id
  Planned Partitions: 32  Batches: 33  Memory Usage: 4113kB  Disk Usage: 6048kB
  Buffers: shared hit=1420, temp read=390 written=1118
  ->  Hash Left Join  (cost=3918.50..13953.02 rows=548090 width=40) (actual rows=100000 loops=1)
        Hash Cond: (invoices.user_id = contacts.user_id)
        Buffers: shared hit=1420
        ->  Hash Left Join  (cost=298.00..2101.61 rows=100000 width=21) (actual rows=100000 loops=1)
              Hash Cond: (invoices.user_id = customers.customer_id)
              Buffers: shared hit=614
              ->  Seq Scan on invoices  (cost=0.00..1541.00 rows=100000 width=12) (actual rows=100000 loops=1)
                    Buffers: shared hit=541
              ->  Hash  (cost=173.00..173.00 rows=10000 width=13) (actual rows=10000 loops=1)
                    Buckets: 16384  Batches: 1  Memory Usage: 597kB
                    Buffers: shared hit=73
                    ->  Seq Scan on customers  (cost=0.00..173.00 rows=10000 width=13) (actual rows=10000 loops=1)
                          Buffers: shared hit=73
        ->  Hash  (cost=2945.78..2945.78 rows=53978 width=27) (actual rows=0 loops=1)
              Buckets: 65536  Batches: 1  Memory Usage: 512kB
              Buffers: shared hit=806
              ->  Hash Join  (cost=298.00..2945.78 rows=53978 width=27) (actual rows=0 loops=1)
                    Hash Cond: ((contacts.contact_email)::text = (emails.email)::text)
                    Buffers: shared hit=806
                    ->  Seq Scan on contacts  (cost=0.00..1733.00 rows=100000 width=26) (actual rows=100000 loops=1)
                          Buffers: shared hit=733
                    ->  Hash  (cost=173.00..173.00 rows=10000 width=11) (actual rows=10000 loops=1)
                          Buckets: 16384  Batches: 1  Memory Usage: 557kB
                          Buffers: shared hit=73
                          ->  Seq Scan on customers emails  (cost=0.00..173.00 rows=10000 width=11) (actual rows=10000 loops=1)
                                Buffers: shared hit=73
Planning:
  Buffers: shared hit=17
Planning Time: 0.514 ms
Execution Time: 139.759 ms",137.7902,138.047,140.6925,142.3728,78696.15,78696.15,100000,100000,100000,100000
991,1532,1,Medium,"select a.name as customer_name, b.customer_id as customer_id, b.order_id as order_id, b.order_date as order_date from schema_1532.customers as a inner join schema_1532.orders as b on a.customer_id = b.customer_id inner join schema_1532.orders as c on b.customer_id = c.customer_id and b.order_date <= c.order_date group by b.customer_id,a.name,b.order_date,b.order_id having count(c.order_date) <= 3",306.417,22886.61,77847,"HashAggregate  (cost=20269.40..22886.61 rows=33334 width=21) (actual rows=77847 loops=1)
  Group Key: a.name, b.order_id
  Filter: (count(c.order_date) <= 3)
  Planned Partitions: 4  Batches: 5  Memory Usage: 4401kB  Disk Usage: 11224kB
  Rows Removed by Filter: 22153
  Buffers: shared hit=1263, temp read=1572 written=2685
  ->  Hash Join  (cost=4570.53..12050.56 rows=100001 width=25) (actual rows=248783 loops=1)
        Hash Cond: (b.customer_id = a.customer_id)
        Join Filter: (b.order_date <= c.order_date)
        Rows Removed by Join Filter: 148783
        Buffers: shared hit=1263, temp read=463 written=463
        ->  Seq Scan on orders b  (cost=0.00..1541.00 rows=100000 width=12) (actual rows=100000 loops=1)
              Buffers: shared hit=541
        ->  Hash  (cost=2734.53..2734.53 rows=100000 width=21) (actual rows=100000 loops=1)
              Buckets: 65536  Batches: 2  Memory Usage: 3250kB
              Buffers: shared hit=722, temp written=267
              ->  Hash Join  (cost=930.99..2734.53 rows=100000 width=21) (actual rows=100000 loops=1)
                    Hash Cond: (c.customer_id = a.customer_id)
                    Buffers: shared hit=722
                    ->  Seq Scan on orders c  (cost=0.00..1541.00 rows=100000 width=8) (actual rows=100000 loops=1)
                          Buffers: shared hit=541
                    ->  Hash  (cost=514.33..514.33 rows=33333 width=13) (actual rows=33333 loops=1)
                          Buckets: 65536  Batches: 1  Memory Usage: 2073kB
                          Buffers: shared hit=181
                          ->  Seq Scan on customers a  (cost=0.00..514.33 rows=33333 width=13) (actual rows=33333 loops=1)
                                Buffers: shared hit=181
Planning:
  Buffers: shared hit=51
Planning Time: 0.455 ms
Execution Time: 306.417 ms",321.019,22886.61,77847,"HashAggregate  (cost=20269.40..22886.61 rows=33334 width=21) (actual rows=77847 loops=1)
  Group Key: a.name, b.order_id
  Filter: (count(c.order_date) <= 3)
  Planned Partitions: 4  Batches: 5  Memory Usage: 4401kB  Disk Usage: 11224kB
  Rows Removed by Filter: 22153
  Buffers: shared hit=1263, temp read=1572 written=2685
  ->  Hash Join  (cost=4570.53..12050.56 rows=100001 width=25) (actual rows=248783 loops=1)
        Hash Cond: (b.customer_id = a.customer_id)
        Join Filter: (b.order_date <= c.order_date)
        Rows Removed by Join Filter: 148783
        Buffers: shared hit=1263, temp read=463 written=463
        ->  Seq Scan on orders b  (cost=0.00..1541.00 rows=100000 width=12) (actual rows=100000 loops=1)
              Buffers: shared hit=541
        ->  Hash  (cost=2734.53..2734.53 rows=100000 width=21) (actual rows=100000 loops=1)
              Buckets: 65536  Batches: 2  Memory Usage: 3250kB
              Buffers: shared hit=722, temp written=267
              ->  Hash Join  (cost=930.99..2734.53 rows=100000 width=21) (actual rows=100000 loops=1)
                    Hash Cond: (c.customer_id = a.customer_id)
                    Buffers: shared hit=722
                    ->  Seq Scan on orders c  (cost=0.00..1541.00 rows=100000 width=8) (actual rows=100000 loops=1)
                          Buffers: shared hit=541
                    ->  Hash  (cost=514.33..514.33 rows=33333 width=13) (actual rows=33333 loops=1)
                          Buckets: 65536  Batches: 1  Memory Usage: 2073kB
                          Buffers: shared hit=181
                          ->  Seq Scan on customers a  (cost=0.00..514.33 rows=33333 width=13) (actual rows=33333 loops=1)
                                Buffers: shared hit=181
Planning:
  Buffers: shared hit=51
Planning Time: 0.860 ms
Execution Time: 321.019 ms",316.879,22886.61,77847,"HashAggregate  (cost=20269.40..22886.61 rows=33334 width=21) (actual rows=77847 loops=1)
  Group Key: a.name, b.order_id
  Filter: (count(c.order_date) <= 3)
  Planned Partitions: 4  Batches: 5  Memory Usage: 4401kB  Disk Usage: 11224kB
  Rows Removed by Filter: 22153
  Buffers: shared hit=1263, temp read=1572 written=2685
  ->  Hash Join  (cost=4570.53..12050.56 rows=100001 width=25) (actual rows=248783 loops=1)
        Hash Cond: (b.customer_id = a.customer_id)
        Join Filter: (b.order_date <= c.order_date)
        Rows Removed by Join Filter: 148783
        Buffers: shared hit=1263, temp read=463 written=463
        ->  Seq Scan on orders b  (cost=0.00..1541.00 rows=100000 width=12) (actual rows=100000 loops=1)
              Buffers: shared hit=541
        ->  Hash  (cost=2734.53..2734.53 rows=100000 width=21) (actual rows=100000 loops=1)
              Buckets: 65536  Batches: 2  Memory Usage: 3250kB
              Buffers: shared hit=722, temp written=267
              ->  Hash Join  (cost=930.99..2734.53 rows=100000 width=21) (actual rows=100000 loops=1)
                    Hash Cond: (c.customer_id = a.customer_id)
                    Buffers: shared hit=722
                    ->  Seq Scan on orders c  (cost=0.00..1541.00 rows=100000 width=8) (actual rows=100000 loops=1)
                          Buffers: shared hit=541
                    ->  Hash  (cost=514.33..514.33 rows=33333 width=13) (actual rows=33333 loops=1)
                          Buckets: 65536  Batches: 1  Memory Usage: 2073kB
                          Buffers: shared hit=181
                          ->  Seq Scan on customers a  (cost=0.00..514.33 rows=33333 width=13) (actual rows=33333 loops=1)
                                Buffers: shared hit=181
Planning:
  Buffers: shared hit=51
Planning Time: 0.667 ms
Execution Time: 316.879 ms",318.046,22886.61,77847,"HashAggregate  (cost=20269.40..22886.61 rows=33334 width=21) (actual rows=77847 loops=1)
  Group Key: a.name, b.order_id
  Filter: (count(c.order_date) <= 3)
  Planned Partitions: 4  Batches: 5  Memory Usage: 4401kB  Disk Usage: 11224kB
  Rows Removed by Filter: 22153
  Buffers: shared hit=1263, temp read=1572 written=2685
  ->  Hash Join  (cost=4570.53..12050.56 rows=100001 width=25) (actual rows=248783 loops=1)
        Hash Cond: (b.customer_id = a.customer_id)
        Join Filter: (b.order_date <= c.order_date)
        Rows Removed by Join Filter: 148783
        Buffers: shared hit=1263, temp read=463 written=463
        ->  Seq Scan on orders b  (cost=0.00..1541.00 rows=100000 width=12) (actual rows=100000 loops=1)
              Buffers: shared hit=541
        ->  Hash  (cost=2734.53..2734.53 rows=100000 width=21) (actual rows=100000 loops=1)
              Buckets: 65536  Batches: 2  Memory Usage: 3250kB
              Buffers: shared hit=722, temp written=267
              ->  Hash Join  (cost=930.99..2734.53 rows=100000 width=21) (actual rows=100000 loops=1)
                    Hash Cond: (c.customer_id = a.customer_id)
                    Buffers: shared hit=722
                    ->  Seq Scan on orders c  (cost=0.00..1541.00 rows=100000 width=8) (actual rows=100000 loops=1)
                          Buffers: shared hit=541
                    ->  Hash  (cost=514.33..514.33 rows=33333 width=13) (actual rows=33333 loops=1)
                          Buckets: 65536  Batches: 1  Memory Usage: 2073kB
                          Buffers: shared hit=181
                          ->  Seq Scan on customers a  (cost=0.00..514.33 rows=33333 width=13) (actual rows=33333 loops=1)
                                Buffers: shared hit=181
Planning:
  Buffers: shared hit=51
Planning Time: 0.705 ms
Execution Time: 318.046 ms",318.627,22886.61,77847,"HashAggregate  (cost=20269.40..22886.61 rows=33334 width=21) (actual rows=77847 loops=1)
  Group Key: a.name, b.order_id
  Filter: (count(c.order_date) <= 3)
  Planned Partitions: 4  Batches: 5  Memory Usage: 4401kB  Disk Usage: 11224kB
  Rows Removed by Filter: 22153
  Buffers: shared hit=1263, temp read=1572 written=2685
  ->  Hash Join  (cost=4570.53..12050.56 rows=100001 width=25) (actual rows=248783 loops=1)
        Hash Cond: (b.customer_id = a.customer_id)
        Join Filter: (b.order_date <= c.order_date)
        Rows Removed by Join Filter: 148783
        Buffers: shared hit=1263, temp read=463 written=463
        ->  Seq Scan on orders b  (cost=0.00..1541.00 rows=100000 width=12) (actual rows=100000 loops=1)
              Buffers: shared hit=541
        ->  Hash  (cost=2734.53..2734.53 rows=100000 width=21) (actual rows=100000 loops=1)
              Buckets: 65536  Batches: 2  Memory Usage: 3250kB
              Buffers: shared hit=722, temp written=267
              ->  Hash Join  (cost=930.99..2734.53 rows=100000 width=21) (actual rows=100000 loops=1)
                    Hash Cond: (c.customer_id = a.customer_id)
                    Buffers: shared hit=722
                    ->  Seq Scan on orders c  (cost=0.00..1541.00 rows=100000 width=8) (actual rows=100000 loops=1)
                          Buffers: shared hit=541
                    ->  Hash  (cost=514.33..514.33 rows=33333 width=13) (actual rows=33333 loops=1)
                          Buckets: 65536  Batches: 1  Memory Usage: 2073kB
                          Buffers: shared hit=181
                          ->  Seq Scan on customers a  (cost=0.00..514.33 rows=33333 width=13) (actual rows=33333 loops=1)
                                Buffers: shared hit=181
Planning:
  Buffers: shared hit=51
Planning Time: 0.725 ms
Execution Time: 318.627 ms",316.1976,318.046,319.823,321.9758,22886.61,22886.61,77847,77847,77847,77847
992,1532,15,Medium,"select a.name as customer_name, a.customer_id as customer_id, b.order_id as order_id, b.order_date as order_date from schema_1532.customers as a inner join schema_1532.orders as b on a.customer_id = b.customer_id inner join schema_1532.orders as c on b.customer_id = c.customer_id and b.order_date <= c.order_date group by b.order_id,a.name,b.order_date,a.customer_id having count(c.order_date) <= 3",300.397,22886.61,77847,"HashAggregate  (cost=20269.40..22886.61 rows=33334 width=21) (actual rows=77847 loops=1)
  Group Key: b.order_id, a.customer_id
  Filter: (count(c.order_date) <= 3)
  Planned Partitions: 4  Batches: 5  Memory Usage: 4657kB  Disk Usage: 11144kB
  Rows Removed by Filter: 22153
  Buffers: shared hit=1263, temp read=1529 written=2646
  ->  Hash Join  (cost=4570.53..12050.56 rows=100001 width=25) (actual rows=248783 loops=1)
        Hash Cond: (b.customer_id = a.customer_id)
        Join Filter: (b.order_date <= c.order_date)
        Rows Removed by Join Filter: 148783
        Buffers: shared hit=1263, temp read=463 written=463
        ->  Seq Scan on orders b  (cost=0.00..1541.00 rows=100000 width=12) (actual rows=100000 loops=1)
              Buffers: shared hit=541
        ->  Hash  (cost=2734.53..2734.53 rows=100000 width=21) (actual rows=100000 loops=1)
              Buckets: 65536  Batches: 2  Memory Usage: 3250kB
              Buffers: shared hit=722, temp written=267
              ->  Hash Join  (cost=930.99..2734.53 rows=100000 width=21) (actual rows=100000 loops=1)
                    Hash Cond: (c.customer_id = a.customer_id)
                    Buffers: shared hit=722
                    ->  Seq Scan on orders c  (cost=0.00..1541.00 rows=100000 width=8) (actual rows=100000 loops=1)
                          Buffers: shared hit=541
                    ->  Hash  (cost=514.33..514.33 rows=33333 width=13) (actual rows=33333 loops=1)
                          Buckets: 65536  Batches: 1  Memory Usage: 2073kB
                          Buffers: shared hit=181
                          ->  Seq Scan on customers a  (cost=0.00..514.33 rows=33333 width=13) (actual rows=33333 loops=1)
                                Buffers: shared hit=181
Planning:
  Buffers: shared hit=54
Planning Time: 0.464 ms
Execution Time: 300.397 ms",306.229,22886.61,77847,"HashAggregate  (cost=20269.40..22886.61 rows=33334 width=21) (actual rows=77847 loops=1)
  Group Key: b.order_id, a.customer_id
  Filter: (count(c.order_date) <= 3)
  Planned Partitions: 4  Batches: 5  Memory Usage: 4657kB  Disk Usage: 11144kB
  Rows Removed by Filter: 22153
  Buffers: shared hit=1263, temp read=1529 written=2646
  ->  Hash Join  (cost=4570.53..12050.56 rows=100001 width=25) (actual rows=248783 loops=1)
        Hash Cond: (b.customer_id = a.customer_id)
        Join Filter: (b.order_date <= c.order_date)
        Rows Removed by Join Filter: 148783
        Buffers: shared hit=1263, temp read=463 written=463
        ->  Seq Scan on orders b  (cost=0.00..1541.00 rows=100000 width=12) (actual rows=100000 loops=1)
              Buffers: shared hit=541
        ->  Hash  (cost=2734.53..2734.53 rows=100000 width=21) (actual rows=100000 loops=1)
              Buckets: 65536  Batches: 2  Memory Usage: 3250kB
              Buffers: shared hit=722, temp written=267
              ->  Hash Join  (cost=930.99..2734.53 rows=100000 width=21) (actual rows=100000 loops=1)
                    Hash Cond: (c.customer_id = a.customer_id)
                    Buffers: shared hit=722
                    ->  Seq Scan on orders c  (cost=0.00..1541.00 rows=100000 width=8) (actual rows=100000 loops=1)
                          Buffers: shared hit=541
                    ->  Hash  (cost=514.33..514.33 rows=33333 width=13) (actual rows=33333 loops=1)
                          Buckets: 65536  Batches: 1  Memory Usage: 2073kB
                          Buffers: shared hit=181
                          ->  Seq Scan on customers a  (cost=0.00..514.33 rows=33333 width=13) (actual rows=33333 loops=1)
                                Buffers: shared hit=181
Planning:
  Buffers: shared hit=54
Planning Time: 0.814 ms
Execution Time: 306.229 ms",302.609,22886.61,77847,"HashAggregate  (cost=20269.40..22886.61 rows=33334 width=21) (actual rows=77847 loops=1)
  Group Key: b.order_id, a.customer_id
  Filter: (count(c.order_date) <= 3)
  Planned Partitions: 4  Batches: 5  Memory Usage: 4657kB  Disk Usage: 11144kB
  Rows Removed by Filter: 22153
  Buffers: shared hit=1263, temp read=1529 written=2646
  ->  Hash Join  (cost=4570.53..12050.56 rows=100001 width=25) (actual rows=248783 loops=1)
        Hash Cond: (b.customer_id = a.customer_id)
        Join Filter: (b.order_date <= c.order_date)
        Rows Removed by Join Filter: 148783
        Buffers: shared hit=1263, temp read=463 written=463
        ->  Seq Scan on orders b  (cost=0.00..1541.00 rows=100000 width=12) (actual rows=100000 loops=1)
              Buffers: shared hit=541
        ->  Hash  (cost=2734.53..2734.53 rows=100000 width=21) (actual rows=100000 loops=1)
              Buckets: 65536  Batches: 2  Memory Usage: 3250kB
              Buffers: shared hit=722, temp written=267
              ->  Hash Join  (cost=930.99..2734.53 rows=100000 width=21) (actual rows=100000 loops=1)
                    Hash Cond: (c.customer_id = a.customer_id)
                    Buffers: shared hit=722
                    ->  Seq Scan on orders c  (cost=0.00..1541.00 rows=100000 width=8) (actual rows=100000 loops=1)
                          Buffers: shared hit=541
                    ->  Hash  (cost=514.33..514.33 rows=33333 width=13) (actual rows=33333 loops=1)
                          Buckets: 65536  Batches: 1  Memory Usage: 2073kB
                          Buffers: shared hit=181
                          ->  Seq Scan on customers a  (cost=0.00..514.33 rows=33333 width=13) (actual rows=33333 loops=1)
                                Buffers: shared hit=181
Planning:
  Buffers: shared hit=54
Planning Time: 0.474 ms
Execution Time: 302.609 ms",304.712,22886.61,77847,"HashAggregate  (cost=20269.40..22886.61 rows=33334 width=21) (actual rows=77847 loops=1)
  Group Key: b.order_id, a.customer_id
  Filter: (count(c.order_date) <= 3)
  Planned Partitions: 4  Batches: 5  Memory Usage: 4657kB  Disk Usage: 11144kB
  Rows Removed by Filter: 22153
  Buffers: shared hit=1263, temp read=1529 written=2646
  ->  Hash Join  (cost=4570.53..12050.56 rows=100001 width=25) (actual rows=248783 loops=1)
        Hash Cond: (b.customer_id = a.customer_id)
        Join Filter: (b.order_date <= c.order_date)
        Rows Removed by Join Filter: 148783
        Buffers: shared hit=1263, temp read=463 written=463
        ->  Seq Scan on orders b  (cost=0.00..1541.00 rows=100000 width=12) (actual rows=100000 loops=1)
              Buffers: shared hit=541
        ->  Hash  (cost=2734.53..2734.53 rows=100000 width=21) (actual rows=100000 loops=1)
              Buckets: 65536  Batches: 2  Memory Usage: 3250kB
              Buffers: shared hit=722, temp written=267
              ->  Hash Join  (cost=930.99..2734.53 rows=100000 width=21) (actual rows=100000 loops=1)
                    Hash Cond: (c.customer_id = a.customer_id)
                    Buffers: shared hit=722
                    ->  Seq Scan on orders c  (cost=0.00..1541.00 rows=100000 width=8) (actual rows=100000 loops=1)
                          Buffers: shared hit=541
                    ->  Hash  (cost=514.33..514.33 rows=33333 width=13) (actual rows=33333 loops=1)
                          Buckets: 65536  Batches: 1  Memory Usage: 2073kB
                          Buffers: shared hit=181
                          ->  Seq Scan on customers a  (cost=0.00..514.33 rows=33333 width=13) (actual rows=33333 loops=1)
                                Buffers: shared hit=181
Planning:
  Buffers: shared hit=54
Planning Time: 0.774 ms
Execution Time: 304.712 ms",304.551,22886.61,77847,"HashAggregate  (cost=20269.40..22886.61 rows=33334 width=21) (actual rows=77847 loops=1)
  Group Key: b.order_id, a.customer_id
  Filter: (count(c.order_date) <= 3)
  Planned Partitions: 4  Batches: 5  Memory Usage: 4657kB  Disk Usage: 11144kB
  Rows Removed by Filter: 22153
  Buffers: shared hit=1263, temp read=1529 written=2646
  ->  Hash Join  (cost=4570.53..12050.56 rows=100001 width=25) (actual rows=248783 loops=1)
        Hash Cond: (b.customer_id = a.customer_id)
        Join Filter: (b.order_date <= c.order_date)
        Rows Removed by Join Filter: 148783
        Buffers: shared hit=1263, temp read=463 written=463
        ->  Seq Scan on orders b  (cost=0.00..1541.00 rows=100000 width=12) (actual rows=100000 loops=1)
              Buffers: shared hit=541
        ->  Hash  (cost=2734.53..2734.53 rows=100000 width=21) (actual rows=100000 loops=1)
              Buckets: 65536  Batches: 2  Memory Usage: 3250kB
              Buffers: shared hit=722, temp written=267
              ->  Hash Join  (cost=930.99..2734.53 rows=100000 width=21) (actual rows=100000 loops=1)
                    Hash Cond: (c.customer_id = a.customer_id)
                    Buffers: shared hit=722
                    ->  Seq Scan on orders c  (cost=0.00..1541.00 rows=100000 width=8) (actual rows=100000 loops=1)
                          Buffers: shared hit=541
                    ->  Hash  (cost=514.33..514.33 rows=33333 width=13) (actual rows=33333 loops=1)
                          Buckets: 65536  Batches: 1  Memory Usage: 2073kB
                          Buffers: shared hit=181
                          ->  Seq Scan on customers a  (cost=0.00..514.33 rows=33333 width=13) (actual rows=33333 loops=1)
                                Buffers: shared hit=181
Planning:
  Buffers: shared hit=54
Planning Time: 0.796 ms
Execution Time: 304.551 ms",303.6996,304.551,305.4705,306.8358,22886.61,22886.61,77847,77847,77847,77847
996,1677,12,Easy,"select p.name as name, sum(i.rest) as rest, sum(i.paid) as paid, sum(i.canceled) as canceled, sum(i.refunded) as refunded from schema_1677.invoice as i inner join schema_1677.product as p on i.product_id = p.product_id group by p.name",52.247,3529.61,10000,"HashAggregate  (cost=3429.61..3529.61 rows=10000 width=42) (actual rows=10000 loops=1)
  Group Key: p.name
  Batches: 1  Memory Usage: 1681kB
  Buffers: shared hit=692
  ->  Hash Join  (cost=280.00..2179.61 rows=100000 width=26) (actual rows=100000 loops=1)
        Hash Cond: (i.product_id = p.product_id)
        Buffers: shared hit=692
        ->  Seq Scan on invoice i  (cost=0.00..1637.00 rows=100000 width=20) (actual rows=100000 loops=1)
              Buffers: shared hit=637
        ->  Hash  (cost=155.00..155.00 rows=10000 width=14) (actual rows=10000 loops=1)
              Buckets: 16384  Batches: 1  Memory Usage: 597kB
              Buffers: shared hit=55
              ->  Seq Scan on product p  (cost=0.00..155.00 rows=10000 width=14) (actual rows=10000 loops=1)
                    Buffers: shared hit=55
Planning:
  Buffers: shared hit=6
Planning Time: 0.144 ms
Execution Time: 52.247 ms",60.597,3529.61,10000,"HashAggregate  (cost=3429.61..3529.61 rows=10000 width=42) (actual rows=10000 loops=1)
  Group Key: p.name
  Batches: 1  Memory Usage: 1681kB
  Buffers: shared hit=692
  ->  Hash Join  (cost=280.00..2179.61 rows=100000 width=26) (actual rows=100000 loops=1)
        Hash Cond: (i.product_id = p.product_id)
        Buffers: shared hit=692
        ->  Seq Scan on invoice i  (cost=0.00..1637.00 rows=100000 width=20) (actual rows=100000 loops=1)
              Buffers: shared hit=637
        ->  Hash  (cost=155.00..155.00 rows=10000 width=14) (actual rows=10000 loops=1)
              Buckets: 16384  Batches: 1  Memory Usage: 597kB
              Buffers: shared hit=55
              ->  Seq Scan on product p  (cost=0.00..155.00 rows=10000 width=14) (actual rows=10000 loops=1)
                    Buffers: shared hit=55
Planning:
  Buffers: shared hit=6
Planning Time: 0.233 ms
Execution Time: 60.597 ms",63.582,3529.61,10000,"HashAggregate  (cost=3429.61..3529.61 rows=10000 width=42) (actual rows=10000 loops=1)
  Group Key: p.name
  Batches: 1  Memory Usage: 1681kB
  Buffers: shared hit=692
  ->  Hash Join  (cost=280.00..2179.61 rows=100000 width=26) (actual rows=100000 loops=1)
        Hash Cond: (i.product_id = p.product_id)
        Buffers: shared hit=692
        ->  Seq Scan on invoice i  (cost=0.00..1637.00 rows=100000 width=20) (actual rows=100000 loops=1)
              Buffers: shared hit=637
        ->  Hash  (cost=155.00..155.00 rows=10000 width=14) (actual rows=10000 loops=1)
              Buckets: 16384  Batches: 1  Memory Usage: 597kB
              Buffers: shared hit=55
              ->  Seq Scan on product p  (cost=0.00..155.00 rows=10000 width=14) (actual rows=10000 loops=1)
                    Buffers: shared hit=55
Planning:
  Buffers: shared hit=6
Planning Time: 0.232 ms
Execution Time: 63.582 ms",58.233,3529.61,10000,"HashAggregate  (cost=3429.61..3529.61 rows=10000 width=42) (actual rows=10000 loops=1)
  Group Key: p.name
  Batches: 1  Memory Usage: 1681kB
  Buffers: shared hit=692
  ->  Hash Join  (cost=280.00..2179.61 rows=100000 width=26) (actual rows=100000 loops=1)
        Hash Cond: (i.product_id = p.product_id)
        Buffers: shared hit=692
        ->  Seq Scan on invoice i  (cost=0.00..1637.00 rows=100000 width=20) (actual rows=100000 loops=1)
              Buffers: shared hit=637
        ->  Hash  (cost=155.00..155.00 rows=10000 width=14) (actual rows=10000 loops=1)
              Buckets: 16384  Batches: 1  Memory Usage: 597kB
              Buffers: shared hit=55
              ->  Seq Scan on product p  (cost=0.00..155.00 rows=10000 width=14) (actual rows=10000 loops=1)
                    Buffers: shared hit=55
Planning:
  Buffers: shared hit=6
Planning Time: 0.370 ms
Execution Time: 58.233 ms",63.129,3529.61,10000,"HashAggregate  (cost=3429.61..3529.61 rows=10000 width=42) (actual rows=10000 loops=1)
  Group Key: p.name
  Batches: 1  Memory Usage: 1681kB
  Buffers: shared hit=692
  ->  Hash Join  (cost=280.00..2179.61 rows=100000 width=26) (actual rows=100000 loops=1)
        Hash Cond: (i.product_id = p.product_id)
        Buffers: shared hit=692
        ->  Seq Scan on invoice i  (cost=0.00..1637.00 rows=100000 width=20) (actual rows=100000 loops=1)
              Buffers: shared hit=637
        ->  Hash  (cost=155.00..155.00 rows=10000 width=14) (actual rows=10000 loops=1)
              Buckets: 16384  Batches: 1  Memory Usage: 597kB
              Buffers: shared hit=55
              ->  Seq Scan on product p  (cost=0.00..155.00 rows=10000 width=14) (actual rows=10000 loops=1)
                    Buffers: shared hit=55
Planning:
  Buffers: shared hit=6
Planning Time: 0.213 ms
Execution Time: 63.129 ms",59.5576,60.597,63.3555,63.7632,3529.61,3529.61,10000,10000,10000,10000
997,1677,191,Easy,"select p.name as name, sum(i.rest) as rest, sum(i.paid) as paid, sum(i.canceled) as canceled, sum(i.refunded) as refunded from schema_1677.product as p inner join schema_1677.invoice as i on p.product_id = i.product_id group by p.product_id,p.name",51.558,3529.61,10000,"HashAggregate  (cost=3429.61..3529.61 rows=10000 width=46) (actual rows=10000 loops=1)
  Group Key: p.product_id
  Batches: 1  Memory Usage: 1681kB
  Buffers: shared hit=692
  ->  Hash Join  (cost=280.00..2179.61 rows=100000 width=30) (actual rows=100000 loops=1)
        Hash Cond: (i.product_id = p.product_id)
        Buffers: shared hit=692
        ->  Seq Scan on invoice i  (cost=0.00..1637.00 rows=100000 width=20) (actual rows=100000 loops=1)
              Buffers: shared hit=637
        ->  Hash  (cost=155.00..155.00 rows=10000 width=14) (actual rows=10000 loops=1)
              Buckets: 16384  Batches: 1  Memory Usage: 597kB
              Buffers: shared hit=55
              ->  Seq Scan on product p  (cost=0.00..155.00 rows=10000 width=14) (actual rows=10000 loops=1)
                    Buffers: shared hit=55
Planning:
  Buffers: shared hit=9
Planning Time: 0.157 ms
Execution Time: 51.558 ms",59.544,3529.61,10000,"HashAggregate  (cost=3429.61..3529.61 rows=10000 width=46) (actual rows=10000 loops=1)
  Group Key: p.product_id
  Batches: 1  Memory Usage: 1681kB
  Buffers: shared hit=692
  ->  Hash Join  (cost=280.00..2179.61 rows=100000 width=30) (actual rows=100000 loops=1)
        Hash Cond: (i.product_id = p.product_id)
        Buffers: shared hit=692
        ->  Seq Scan on invoice i  (cost=0.00..1637.00 rows=100000 width=20) (actual rows=100000 loops=1)
              Buffers: shared hit=637
        ->  Hash  (cost=155.00..155.00 rows=10000 width=14) (actual rows=10000 loops=1)
              Buckets: 16384  Batches: 1  Memory Usage: 597kB
              Buffers: shared hit=55
              ->  Seq Scan on product p  (cost=0.00..155.00 rows=10000 width=14) (actual rows=10000 loops=1)
                    Buffers: shared hit=55
Planning:
  Buffers: shared hit=9
Planning Time: 0.263 ms
Execution Time: 59.544 ms",58.295,3529.61,10000,"HashAggregate  (cost=3429.61..3529.61 rows=10000 width=46) (actual rows=10000 loops=1)
  Group Key: p.product_id
  Batches: 1  Memory Usage: 1681kB
  Buffers: shared hit=692
  ->  Hash Join  (cost=280.00..2179.61 rows=100000 width=30) (actual rows=100000 loops=1)
        Hash Cond: (i.product_id = p.product_id)
        Buffers: shared hit=692
        ->  Seq Scan on invoice i  (cost=0.00..1637.00 rows=100000 width=20) (actual rows=100000 loops=1)
              Buffers: shared hit=637
        ->  Hash  (cost=155.00..155.00 rows=10000 width=14) (actual rows=10000 loops=1)
              Buckets: 16384  Batches: 1  Memory Usage: 597kB
              Buffers: shared hit=55
              ->  Seq Scan on product p  (cost=0.00..155.00 rows=10000 width=14) (actual rows=10000 loops=1)
                    Buffers: shared hit=55
Planning:
  Buffers: shared hit=9
Planning Time: 0.239 ms
Execution Time: 58.295 ms",57.121,3529.61,10000,"HashAggregate  (cost=3429.61..3529.61 rows=10000 width=46) (actual rows=10000 loops=1)
  Group Key: p.product_id
  Batches: 1  Memory Usage: 1681kB
  Buffers: shared hit=692
  ->  Hash Join  (cost=280.00..2179.61 rows=100000 width=30) (actual rows=100000 loops=1)
        Hash Cond: (i.product_id = p.product_id)
        Buffers: shared hit=692
        ->  Seq Scan on invoice i  (cost=0.00..1637.00 rows=100000 width=20) (actual rows=100000 loops=1)
              Buffers: shared hit=637
        ->  Hash  (cost=155.00..155.00 rows=10000 width=14) (actual rows=10000 loops=1)
              Buckets: 16384  Batches: 1  Memory Usage: 597kB
              Buffers: shared hit=55
              ->  Seq Scan on product p  (cost=0.00..155.00 rows=10000 width=14) (actual rows=10000 loops=1)
                    Buffers: shared hit=55
Planning:
  Buffers: shared hit=9
Planning Time: 0.235 ms
Execution Time: 57.121 ms",55.945,3529.61,10000,"HashAggregate  (cost=3429.61..3529.61 rows=10000 width=46) (actual rows=10000 loops=1)
  Group Key: p.product_id
  Batches: 1  Memory Usage: 1681kB
  Buffers: shared hit=692
  ->  Hash Join  (cost=280.00..2179.61 rows=100000 width=30) (actual rows=100000 loops=1)
        Hash Cond: (i.product_id = p.product_id)
        Buffers: shared hit=692
        ->  Seq Scan on invoice i  (cost=0.00..1637.00 rows=100000 width=20) (actual rows=100000 loops=1)
              Buffers: shared hit=637
        ->  Hash  (cost=155.00..155.00 rows=10000 width=14) (actual rows=10000 loops=1)
              Buckets: 16384  Batches: 1  Memory Usage: 597kB
              Buffers: shared hit=55
              ->  Seq Scan on product p  (cost=0.00..155.00 rows=10000 width=14) (actual rows=10000 loops=1)
                    Buffers: shared hit=55
Planning:
  Buffers: shared hit=9
Planning Time: 0.605 ms
Execution Time: 55.945 ms",56.4926,57.121,58.9195,60.0436,3529.61,3529.61,10000,10000,10000,10000
998,1677,192,Easy,"select p.name as name, sum(i.rest) as rest, sum(i.paid) as paid, sum(i.canceled) as canceled, sum(i.refunded) as refunded from schema_1677.invoice as i inner join schema_1677.product as p on i.product_id = p.product_id group by p.name",52.215,3529.61,10000,"HashAggregate  (cost=3429.61..3529.61 rows=10000 width=42) (actual rows=10000 loops=1)
  Group Key: p.name
  Batches: 1  Memory Usage: 1681kB
  Buffers: shared hit=692
  ->  Hash Join  (cost=280.00..2179.61 rows=100000 width=26) (actual rows=100000 loops=1)
        Hash Cond: (i.product_id = p.product_id)
        Buffers: shared hit=692
        ->  Seq Scan on invoice i  (cost=0.00..1637.00 rows=100000 width=20) (actual rows=100000 loops=1)
              Buffers: shared hit=637
        ->  Hash  (cost=155.00..155.00 rows=10000 width=14) (actual rows=10000 loops=1)
              Buckets: 16384  Batches: 1  Memory Usage: 597kB
              Buffers: shared hit=55
              ->  Seq Scan on product p  (cost=0.00..155.00 rows=10000 width=14) (actual rows=10000 loops=1)
                    Buffers: shared hit=55
Planning:
  Buffers: shared hit=6
Planning Time: 0.154 ms
Execution Time: 52.215 ms",57.707,3529.61,10000,"HashAggregate  (cost=3429.61..3529.61 rows=10000 width=42) (actual rows=10000 loops=1)
  Group Key: p.name
  Batches: 1  Memory Usage: 1681kB
  Buffers: shared hit=692
  ->  Hash Join  (cost=280.00..2179.61 rows=100000 width=26) (actual rows=100000 loops=1)
        Hash Cond: (i.product_id = p.product_id)
        Buffers: shared hit=692
        ->  Seq Scan on invoice i  (cost=0.00..1637.00 rows=100000 width=20) (actual rows=100000 loops=1)
              Buffers: shared hit=637
        ->  Hash  (cost=155.00..155.00 rows=10000 width=14) (actual rows=10000 loops=1)
              Buckets: 16384  Batches: 1  Memory Usage: 597kB
              Buffers: shared hit=55
              ->  Seq Scan on product p  (cost=0.00..155.00 rows=10000 width=14) (actual rows=10000 loops=1)
                    Buffers: shared hit=55
Planning:
  Buffers: shared hit=6
Planning Time: 0.196 ms
Execution Time: 57.707 ms",61.395,3529.61,10000,"HashAggregate  (cost=3429.61..3529.61 rows=10000 width=42) (actual rows=10000 loops=1)
  Group Key: p.name
  Batches: 1  Memory Usage: 1681kB
  Buffers: shared hit=692
  ->  Hash Join  (cost=280.00..2179.61 rows=100000 width=26) (actual rows=100000 loops=1)
        Hash Cond: (i.product_id = p.product_id)
        Buffers: shared hit=692
        ->  Seq Scan on invoice i  (cost=0.00..1637.00 rows=100000 width=20) (actual rows=100000 loops=1)
              Buffers: shared hit=637
        ->  Hash  (cost=155.00..155.00 rows=10000 width=14) (actual rows=10000 loops=1)
              Buckets: 16384  Batches: 1  Memory Usage: 597kB
              Buffers: shared hit=55
              ->  Seq Scan on product p  (cost=0.00..155.00 rows=10000 width=14) (actual rows=10000 loops=1)
                    Buffers: shared hit=55
Planning:
  Buffers: shared hit=6
Planning Time: 0.214 ms
Execution Time: 61.395 ms",62.939,3529.61,10000,"HashAggregate  (cost=3429.61..3529.61 rows=10000 width=42) (actual rows=10000 loops=1)
  Group Key: p.name
  Batches: 1  Memory Usage: 1681kB
  Buffers: shared hit=692
  ->  Hash Join  (cost=280.00..2179.61 rows=100000 width=26) (actual rows=100000 loops=1)
        Hash Cond: (i.product_id = p.product_id)
        Buffers: shared hit=692
        ->  Seq Scan on invoice i  (cost=0.00..1637.00 rows=100000 width=20) (actual rows=100000 loops=1)
              Buffers: shared hit=637
        ->  Hash  (cost=155.00..155.00 rows=10000 width=14) (actual rows=10000 loops=1)
              Buckets: 16384  Batches: 1  Memory Usage: 597kB
              Buffers: shared hit=55
              ->  Seq Scan on product p  (cost=0.00..155.00 rows=10000 width=14) (actual rows=10000 loops=1)
                    Buffers: shared hit=55
Planning:
  Buffers: shared hit=6
Planning Time: 0.210 ms
Execution Time: 62.939 ms",59.479,3529.61,10000,"HashAggregate  (cost=3429.61..3529.61 rows=10000 width=42) (actual rows=10000 loops=1)
  Group Key: p.name
  Batches: 1  Memory Usage: 1681kB
  Buffers: shared hit=692
  ->  Hash Join  (cost=280.00..2179.61 rows=100000 width=26) (actual rows=100000 loops=1)
        Hash Cond: (i.product_id = p.product_id)
        Buffers: shared hit=692
        ->  Seq Scan on invoice i  (cost=0.00..1637.00 rows=100000 width=20) (actual rows=100000 loops=1)
              Buffers: shared hit=637
        ->  Hash  (cost=155.00..155.00 rows=10000 width=14) (actual rows=10000 loops=1)
              Buckets: 16384  Batches: 1  Memory Usage: 597kB
              Buffers: shared hit=55
              ->  Seq Scan on product p  (cost=0.00..155.00 rows=10000 width=14) (actual rows=10000 loops=1)
                    Buffers: shared hit=55
Planning:
  Buffers: shared hit=6
Planning Time: 0.224 ms
Execution Time: 59.479 ms",58.747,59.479,62.167,63.5566,3529.61,3529.61,10000,10000,10000,10000
999,1677,196,Easy,"select p.name as name, sum(i.rest) as rest, sum(i.paid) as paid, sum(i.canceled) as canceled, sum(i.refunded) as refunded from schema_1677.product as p inner join schema_1677.invoice as i on p.product_id = i.product_id group by p.name",54.33,3529.61,10000,"HashAggregate  (cost=3429.61..3529.61 rows=10000 width=42) (actual rows=10000 loops=1)
  Group Key: p.name
  Batches: 1  Memory Usage: 1681kB
  Buffers: shared hit=692
  ->  Hash Join  (cost=280.00..2179.61 rows=100000 width=26) (actual rows=100000 loops=1)
        Hash Cond: (i.product_id = p.product_id)
        Buffers: shared hit=692
        ->  Seq Scan on invoice i  (cost=0.00..1637.00 rows=100000 width=20) (actual rows=100000 loops=1)
              Buffers: shared hit=637
        ->  Hash  (cost=155.00..155.00 rows=10000 width=14) (actual rows=10000 loops=1)
              Buckets: 16384  Batches: 1  Memory Usage: 597kB
              Buffers: shared hit=55
              ->  Seq Scan on product p  (cost=0.00..155.00 rows=10000 width=14) (actual rows=10000 loops=1)
                    Buffers: shared hit=55
Planning:
  Buffers: shared hit=6
Planning Time: 0.145 ms
Execution Time: 54.330 ms",58.851,3529.61,10000,"HashAggregate  (cost=3429.61..3529.61 rows=10000 width=42) (actual rows=10000 loops=1)
  Group Key: p.name
  Batches: 1  Memory Usage: 1681kB
  Buffers: shared hit=692
  ->  Hash Join  (cost=280.00..2179.61 rows=100000 width=26) (actual rows=100000 loops=1)
        Hash Cond: (i.product_id = p.product_id)
        Buffers: shared hit=692
        ->  Seq Scan on invoice i  (cost=0.00..1637.00 rows=100000 width=20) (actual rows=100000 loops=1)
              Buffers: shared hit=637
        ->  Hash  (cost=155.00..155.00 rows=10000 width=14) (actual rows=10000 loops=1)
              Buckets: 16384  Batches: 1  Memory Usage: 597kB
              Buffers: shared hit=55
              ->  Seq Scan on product p  (cost=0.00..155.00 rows=10000 width=14) (actual rows=10000 loops=1)
                    Buffers: shared hit=55
Planning:
  Buffers: shared hit=6
Planning Time: 0.242 ms
Execution Time: 58.851 ms",64.923,3529.61,10000,"HashAggregate  (cost=3429.61..3529.61 rows=10000 width=42) (actual rows=10000 loops=1)
  Group Key: p.name
  Batches: 1  Memory Usage: 1681kB
  Buffers: shared hit=692
  ->  Hash Join  (cost=280.00..2179.61 rows=100000 width=26) (actual rows=100000 loops=1)
        Hash Cond: (i.product_id = p.product_id)
        Buffers: shared hit=692
        ->  Seq Scan on invoice i  (cost=0.00..1637.00 rows=100000 width=20) (actual rows=100000 loops=1)
              Buffers: shared hit=637
        ->  Hash  (cost=155.00..155.00 rows=10000 width=14) (actual rows=10000 loops=1)
              Buckets: 16384  Batches: 1  Memory Usage: 597kB
              Buffers: shared hit=55
              ->  Seq Scan on product p  (cost=0.00..155.00 rows=10000 width=14) (actual rows=10000 loops=1)
                    Buffers: shared hit=55
Planning:
  Buffers: shared hit=6
Planning Time: 0.222 ms
Execution Time: 64.923 ms",64.059,3529.61,10000,"HashAggregate  (cost=3429.61..3529.61 rows=10000 width=42) (actual rows=10000 loops=1)
  Group Key: p.name
  Batches: 1  Memory Usage: 1681kB
  Buffers: shared hit=692
  ->  Hash Join  (cost=280.00..2179.61 rows=100000 width=26) (actual rows=100000 loops=1)
        Hash Cond: (i.product_id = p.product_id)
        Buffers: shared hit=692
        ->  Seq Scan on invoice i  (cost=0.00..1637.00 rows=100000 width=20) (actual rows=100000 loops=1)
              Buffers: shared hit=637
        ->  Hash  (cost=155.00..155.00 rows=10000 width=14) (actual rows=10000 loops=1)
              Buckets: 16384  Batches: 1  Memory Usage: 597kB
              Buffers: shared hit=55
              ->  Seq Scan on product p  (cost=0.00..155.00 rows=10000 width=14) (actual rows=10000 loops=1)
                    Buffers: shared hit=55
Planning:
  Buffers: shared hit=6
Planning Time: 0.224 ms
Execution Time: 64.059 ms",59.719,3529.61,10000,"HashAggregate  (cost=3429.61..3529.61 rows=10000 width=42) (actual rows=10000 loops=1)
  Group Key: p.name
  Batches: 1  Memory Usage: 1681kB
  Buffers: shared hit=692
  ->  Hash Join  (cost=280.00..2179.61 rows=100000 width=26) (actual rows=100000 loops=1)
        Hash Cond: (i.product_id = p.product_id)
        Buffers: shared hit=692
        ->  Seq Scan on invoice i  (cost=0.00..1637.00 rows=100000 width=20) (actual rows=100000 loops=1)
              Buffers: shared hit=637
        ->  Hash  (cost=155.00..155.00 rows=10000 width=14) (actual rows=10000 loops=1)
              Buckets: 16384  Batches: 1  Memory Usage: 597kB
              Buffers: shared hit=55
              ->  Seq Scan on product p  (cost=0.00..155.00 rows=10000 width=14) (actual rows=10000 loops=1)
                    Buffers: shared hit=55
Planning:
  Buffers: shared hit=6
Planning Time: 0.271 ms
Execution Time: 59.719 ms",60.3764,59.719,64.491,65.2686,3529.61,3529.61,10000,10000,10000,10000
1000,1677,198,Easy,"select a.name as name, sum(b.rest) as rest, sum(b.paid) as paid, sum(b.canceled) as canceled, sum(b.refunded) as refunded from schema_1677.product as a inner join schema_1677.invoice as b on a.product_id = b.product_id group by a.name",54.717,3529.61,10000,"HashAggregate  (cost=3429.61..3529.61 rows=10000 width=42) (actual rows=10000 loops=1)
  Group Key: a.name
  Batches: 1  Memory Usage: 1681kB
  Buffers: shared hit=692
  ->  Hash Join  (cost=280.00..2179.61 rows=100000 width=26) (actual rows=100000 loops=1)
        Hash Cond: (b.product_id = a.product_id)
        Buffers: shared hit=692
        ->  Seq Scan on invoice b  (cost=0.00..1637.00 rows=100000 width=20) (actual rows=100000 loops=1)
              Buffers: shared hit=637
        ->  Hash  (cost=155.00..155.00 rows=10000 width=14) (actual rows=10000 loops=1)
              Buckets: 16384  Batches: 1  Memory Usage: 597kB
              Buffers: shared hit=55
              ->  Seq Scan on product a  (cost=0.00..155.00 rows=10000 width=14) (actual rows=10000 loops=1)
                    Buffers: shared hit=55
Planning:
  Buffers: shared hit=6
Planning Time: 0.216 ms
Execution Time: 54.717 ms",58.284,3529.61,10000,"HashAggregate  (cost=3429.61..3529.61 rows=10000 width=42) (actual rows=10000 loops=1)
  Group Key: a.name
  Batches: 1  Memory Usage: 1681kB
  Buffers: shared hit=692
  ->  Hash Join  (cost=280.00..2179.61 rows=100000 width=26) (actual rows=100000 loops=1)
        Hash Cond: (b.product_id = a.product_id)
        Buffers: shared hit=692
        ->  Seq Scan on invoice b  (cost=0.00..1637.00 rows=100000 width=20) (actual rows=100000 loops=1)
              Buffers: shared hit=637
        ->  Hash  (cost=155.00..155.00 rows=10000 width=14) (actual rows=10000 loops=1)
              Buckets: 16384  Batches: 1  Memory Usage: 597kB
              Buffers: shared hit=55
              ->  Seq Scan on product a  (cost=0.00..155.00 rows=10000 width=14) (actual rows=10000 loops=1)
                    Buffers: shared hit=55
Planning:
  Buffers: shared hit=6
Planning Time: 0.225 ms
Execution Time: 58.284 ms",59.136,3529.61,10000,"HashAggregate  (cost=3429.61..3529.61 rows=10000 width=42) (actual rows=10000 loops=1)
  Group Key: a.name
  Batches: 1  Memory Usage: 1681kB
  Buffers: shared hit=692
  ->  Hash Join  (cost=280.00..2179.61 rows=100000 width=26) (actual rows=100000 loops=1)
        Hash Cond: (b.product_id = a.product_id)
        Buffers: shared hit=692
        ->  Seq Scan on invoice b  (cost=0.00..1637.00 rows=100000 width=20) (actual rows=100000 loops=1)
              Buffers: shared hit=637
        ->  Hash  (cost=155.00..155.00 rows=10000 width=14) (actual rows=10000 loops=1)
              Buckets: 16384  Batches: 1  Memory Usage: 597kB
              Buffers: shared hit=55
              ->  Seq Scan on product a  (cost=0.00..155.00 rows=10000 width=14) (actual rows=10000 loops=1)
                    Buffers: shared hit=55
Planning:
  Buffers: shared hit=6
Planning Time: 0.315 ms
Execution Time: 59.136 ms",57.757,3529.61,10000,"HashAggregate  (cost=3429.61..3529.61 rows=10000 width=42) (actual rows=10000 loops=1)
  Group Key: a.name
  Batches: 1  Memory Usage: 1681kB
  Buffers: shared hit=692
  ->  Hash Join  (cost=280.00..2179.61 rows=100000 width=26) (actual rows=100000 loops=1)
        Hash Cond: (b.product_id = a.product_id)
        Buffers: shared hit=692
        ->  Seq Scan on invoice b  (cost=0.00..1637.00 rows=100000 width=20) (actual rows=100000 loops=1)
              Buffers: shared hit=637
        ->  Hash  (cost=155.00..155.00 rows=10000 width=14) (actual rows=10000 loops=1)
              Buckets: 16384  Batches: 1  Memory Usage: 597kB
              Buffers: shared hit=55
              ->  Seq Scan on product a  (cost=0.00..155.00 rows=10000 width=14) (actual rows=10000 loops=1)
                    Buffers: shared hit=55
Planning:
  Buffers: shared hit=6
Planning Time: 0.239 ms
Execution Time: 57.757 ms",58.332,3529.61,10000,"HashAggregate  (cost=3429.61..3529.61 rows=10000 width=42) (actual rows=10000 loops=1)
  Group Key: a.name
  Batches: 1  Memory Usage: 1681kB
  Buffers: shared hit=692
  ->  Hash Join  (cost=280.00..2179.61 rows=100000 width=26) (actual rows=100000 loops=1)
        Hash Cond: (b.product_id = a.product_id)
        Buffers: shared hit=692
        ->  Seq Scan on invoice b  (cost=0.00..1637.00 rows=100000 width=20) (actual rows=100000 loops=1)
              Buffers: shared hit=637
        ->  Hash  (cost=155.00..155.00 rows=10000 width=14) (actual rows=10000 loops=1)
              Buckets: 16384  Batches: 1  Memory Usage: 597kB
              Buffers: shared hit=55
              ->  Seq Scan on product a  (cost=0.00..155.00 rows=10000 width=14) (actual rows=10000 loops=1)
                    Buffers: shared hit=55
Planning:
  Buffers: shared hit=6
Planning Time: 0.322 ms
Execution Time: 58.332 ms",57.6452,58.284,58.734,59.4576,3529.61,3529.61,10000,10000,10000,10000
1001,1677,223,Easy,"select p.name as name, sum(i.rest) as rest, sum(i.paid) as paid, sum(i.canceled) as canceled, sum(i.refunded) as refunded from schema_1677.product as p inner join schema_1677.invoice as i on p.product_id = i.product_id group by p.name",52.296,3529.61,10000,"HashAggregate  (cost=3429.61..3529.61 rows=10000 width=42) (actual rows=10000 loops=1)
  Group Key: p.name
  Batches: 1  Memory Usage: 1681kB
  Buffers: shared hit=692
  ->  Hash Join  (cost=280.00..2179.61 rows=100000 width=26) (actual rows=100000 loops=1)
        Hash Cond: (i.product_id = p.product_id)
        Buffers: shared hit=692
        ->  Seq Scan on invoice i  (cost=0.00..1637.00 rows=100000 width=20) (actual rows=100000 loops=1)
              Buffers: shared hit=637
        ->  Hash  (cost=155.00..155.00 rows=10000 width=14) (actual rows=10000 loops=1)
              Buckets: 16384  Batches: 1  Memory Usage: 597kB
              Buffers: shared hit=55
              ->  Seq Scan on product p  (cost=0.00..155.00 rows=10000 width=14) (actual rows=10000 loops=1)
                    Buffers: shared hit=55
Planning:
  Buffers: shared hit=6
Planning Time: 0.159 ms
Execution Time: 52.296 ms",66.622,3529.61,10000,"HashAggregate  (cost=3429.61..3529.61 rows=10000 width=42) (actual rows=10000 loops=1)
  Group Key: p.name
  Batches: 1  Memory Usage: 1681kB
  Buffers: shared hit=692
  ->  Hash Join  (cost=280.00..2179.61 rows=100000 width=26) (actual rows=100000 loops=1)
        Hash Cond: (i.product_id = p.product_id)
        Buffers: shared hit=692
        ->  Seq Scan on invoice i  (cost=0.00..1637.00 rows=100000 width=20) (actual rows=100000 loops=1)
              Buffers: shared hit=637
        ->  Hash  (cost=155.00..155.00 rows=10000 width=14) (actual rows=10000 loops=1)
              Buckets: 16384  Batches: 1  Memory Usage: 597kB
              Buffers: shared hit=55
              ->  Seq Scan on product p  (cost=0.00..155.00 rows=10000 width=14) (actual rows=10000 loops=1)
                    Buffers: shared hit=55
Planning:
  Buffers: shared hit=6
Planning Time: 0.241 ms
Execution Time: 66.622 ms",63.778,3529.61,10000,"HashAggregate  (cost=3429.61..3529.61 rows=10000 width=42) (actual rows=10000 loops=1)
  Group Key: p.name
  Batches: 1  Memory Usage: 1681kB
  Buffers: shared hit=692
  ->  Hash Join  (cost=280.00..2179.61 rows=100000 width=26) (actual rows=100000 loops=1)
        Hash Cond: (i.product_id = p.product_id)
        Buffers: shared hit=692
        ->  Seq Scan on invoice i  (cost=0.00..1637.00 rows=100000 width=20) (actual rows=100000 loops=1)
              Buffers: shared hit=637
        ->  Hash  (cost=155.00..155.00 rows=10000 width=14) (actual rows=10000 loops=1)
              Buckets: 16384  Batches: 1  Memory Usage: 597kB
              Buffers: shared hit=55
              ->  Seq Scan on product p  (cost=0.00..155.00 rows=10000 width=14) (actual rows=10000 loops=1)
                    Buffers: shared hit=55
Planning:
  Buffers: shared hit=6
Planning Time: 0.222 ms
Execution Time: 63.778 ms",61.234,3529.61,10000,"HashAggregate  (cost=3429.61..3529.61 rows=10000 width=42) (actual rows=10000 loops=1)
  Group Key: p.name
  Batches: 1  Memory Usage: 1681kB
  Buffers: shared hit=692
  ->  Hash Join  (cost=280.00..2179.61 rows=100000 width=26) (actual rows=100000 loops=1)
        Hash Cond: (i.product_id = p.product_id)
        Buffers: shared hit=692
        ->  Seq Scan on invoice i  (cost=0.00..1637.00 rows=100000 width=20) (actual rows=100000 loops=1)
              Buffers: shared hit=637
        ->  Hash  (cost=155.00..155.00 rows=10000 width=14) (actual rows=10000 loops=1)
              Buckets: 16384  Batches: 1  Memory Usage: 597kB
              Buffers: shared hit=55
              ->  Seq Scan on product p  (cost=0.00..155.00 rows=10000 width=14) (actual rows=10000 loops=1)
                    Buffers: shared hit=55
Planning:
  Buffers: shared hit=6
Planning Time: 0.216 ms
Execution Time: 61.234 ms",58.22,3529.61,10000,"HashAggregate  (cost=3429.61..3529.61 rows=10000 width=42) (actual rows=10000 loops=1)
  Group Key: p.name
  Batches: 1  Memory Usage: 1681kB
  Buffers: shared hit=692
  ->  Hash Join  (cost=280.00..2179.61 rows=100000 width=26) (actual rows=100000 loops=1)
        Hash Cond: (i.product_id = p.product_id)
        Buffers: shared hit=692
        ->  Seq Scan on invoice i  (cost=0.00..1637.00 rows=100000 width=20) (actual rows=100000 loops=1)
              Buffers: shared hit=637
        ->  Hash  (cost=155.00..155.00 rows=10000 width=14) (actual rows=10000 loops=1)
              Buckets: 16384  Batches: 1  Memory Usage: 597kB
              Buffers: shared hit=55
              ->  Seq Scan on product p  (cost=0.00..155.00 rows=10000 width=14) (actual rows=10000 loops=1)
                    Buffers: shared hit=55
Planning:
  Buffers: shared hit=6
Planning Time: 0.188 ms
Execution Time: 58.220 ms",60.43,61.234,65.2,67.7596,3529.61,3529.61,10000,10000,10000,10000
1003,1677,267,Easy,"select p.name as name, sum(i.rest) as rest, sum(i.paid) as paid, sum(i.canceled) as canceled, sum(i.refunded) as refunded from schema_1677.product as p inner join schema_1677.invoice as i on p.product_id = i.product_id group by p.name",51.988,3529.61,10000,"HashAggregate  (cost=3429.61..3529.61 rows=10000 width=42) (actual rows=10000 loops=1)
  Group Key: p.name
  Batches: 1  Memory Usage: 1681kB
  Buffers: shared hit=692
  ->  Hash Join  (cost=280.00..2179.61 rows=100000 width=26) (actual rows=100000 loops=1)
        Hash Cond: (i.product_id = p.product_id)
        Buffers: shared hit=692
        ->  Seq Scan on invoice i  (cost=0.00..1637.00 rows=100000 width=20) (actual rows=100000 loops=1)
              Buffers: shared hit=637
        ->  Hash  (cost=155.00..155.00 rows=10000 width=14) (actual rows=10000 loops=1)
              Buckets: 16384  Batches: 1  Memory Usage: 597kB
              Buffers: shared hit=55
              ->  Seq Scan on product p  (cost=0.00..155.00 rows=10000 width=14) (actual rows=10000 loops=1)
                    Buffers: shared hit=55
Planning:
  Buffers: shared hit=6
Planning Time: 0.146 ms
Execution Time: 51.988 ms",59.071,3529.61,10000,"HashAggregate  (cost=3429.61..3529.61 rows=10000 width=42) (actual rows=10000 loops=1)
  Group Key: p.name
  Batches: 1  Memory Usage: 1681kB
  Buffers: shared hit=692
  ->  Hash Join  (cost=280.00..2179.61 rows=100000 width=26) (actual rows=100000 loops=1)
        Hash Cond: (i.product_id = p.product_id)
        Buffers: shared hit=692
        ->  Seq Scan on invoice i  (cost=0.00..1637.00 rows=100000 width=20) (actual rows=100000 loops=1)
              Buffers: shared hit=637
        ->  Hash  (cost=155.00..155.00 rows=10000 width=14) (actual rows=10000 loops=1)
              Buckets: 16384  Batches: 1  Memory Usage: 597kB
              Buffers: shared hit=55
              ->  Seq Scan on product p  (cost=0.00..155.00 rows=10000 width=14) (actual rows=10000 loops=1)
                    Buffers: shared hit=55
Planning:
  Buffers: shared hit=6
Planning Time: 0.275 ms
Execution Time: 59.071 ms",60.878,3529.61,10000,"HashAggregate  (cost=3429.61..3529.61 rows=10000 width=42) (actual rows=10000 loops=1)
  Group Key: p.name
  Batches: 1  Memory Usage: 1681kB
  Buffers: shared hit=692
  ->  Hash Join  (cost=280.00..2179.61 rows=100000 width=26) (actual rows=100000 loops=1)
        Hash Cond: (i.product_id = p.product_id)
        Buffers: shared hit=692
        ->  Seq Scan on invoice i  (cost=0.00..1637.00 rows=100000 width=20) (actual rows=100000 loops=1)
              Buffers: shared hit=637
        ->  Hash  (cost=155.00..155.00 rows=10000 width=14) (actual rows=10000 loops=1)
              Buckets: 16384  Batches: 1  Memory Usage: 597kB
              Buffers: shared hit=55
              ->  Seq Scan on product p  (cost=0.00..155.00 rows=10000 width=14) (actual rows=10000 loops=1)
                    Buffers: shared hit=55
Planning:
  Buffers: shared hit=6
Planning Time: 0.217 ms
Execution Time: 60.878 ms",64.051,3529.61,10000,"HashAggregate  (cost=3429.61..3529.61 rows=10000 width=42) (actual rows=10000 loops=1)
  Group Key: p.name
  Batches: 1  Memory Usage: 1681kB
  Buffers: shared hit=692
  ->  Hash Join  (cost=280.00..2179.61 rows=100000 width=26) (actual rows=100000 loops=1)
        Hash Cond: (i.product_id = p.product_id)
        Buffers: shared hit=692
        ->  Seq Scan on invoice i  (cost=0.00..1637.00 rows=100000 width=20) (actual rows=100000 loops=1)
              Buffers: shared hit=637
        ->  Hash  (cost=155.00..155.00 rows=10000 width=14) (actual rows=10000 loops=1)
              Buckets: 16384  Batches: 1  Memory Usage: 597kB
              Buffers: shared hit=55
              ->  Seq Scan on product p  (cost=0.00..155.00 rows=10000 width=14) (actual rows=10000 loops=1)
                    Buffers: shared hit=55
Planning:
  Buffers: shared hit=6
Planning Time: 0.224 ms
Execution Time: 64.051 ms",61.14,3529.61,10000,"HashAggregate  (cost=3429.61..3529.61 rows=10000 width=42) (actual rows=10000 loops=1)
  Group Key: p.name
  Batches: 1  Memory Usage: 1681kB
  Buffers: shared hit=692
  ->  Hash Join  (cost=280.00..2179.61 rows=100000 width=26) (actual rows=100000 loops=1)
        Hash Cond: (i.product_id = p.product_id)
        Buffers: shared hit=692
        ->  Seq Scan on invoice i  (cost=0.00..1637.00 rows=100000 width=20) (actual rows=100000 loops=1)
              Buffers: shared hit=637
        ->  Hash  (cost=155.00..155.00 rows=10000 width=14) (actual rows=10000 loops=1)
              Buckets: 16384  Batches: 1  Memory Usage: 597kB
              Buffers: shared hit=55
              ->  Seq Scan on product p  (cost=0.00..155.00 rows=10000 width=14) (actual rows=10000 loops=1)
                    Buffers: shared hit=55
Planning:
  Buffers: shared hit=6
Planning Time: 0.210 ms
Execution Time: 61.140 ms",59.4256,60.878,62.5955,65.2154,3529.61,3529.61,10000,10000,10000,10000
1004,1677,269,Easy,"select p.name as name, t_cte_2.c_sum2 as rest, t_cte_2.c_sum1 as paid, t_cte_2.c_sum0 as canceled, t_cte_2.c_sum3 as refunded from (select sum(i.canceled) as c_sum0, sum(i.paid) as c_sum1, i.product_id as c_product_id0, sum(i.rest) as c_sum2, sum(i.refunded) as c_sum3 from schema_1677.invoice as i group by i.product_id) as t_cte_2 left join schema_1677.product as p on p.product_id = t_cte_2.c_product_id0 order by name asc",65.492,4068.04,10000,"Sort  (cost=4043.41..4068.04 rows=9852 width=42) (actual rows=10000 loops=1)
  Sort Key: p.name
  Sort Method: quicksort  Memory: 1166kB
  Buffers: shared hit=692
  ->  Hash Left Join  (cost=3167.00..3389.91 rows=9852 width=42) (actual rows=10000 loops=1)
        Hash Cond: (i.product_id = p.product_id)
        Buffers: shared hit=692
        ->  HashAggregate  (cost=2887.00..2985.52 rows=9852 width=36) (actual rows=10000 loops=1)
              Group Key: i.product_id
              Batches: 1  Memory Usage: 1681kB
              Buffers: shared hit=637
              ->  Seq Scan on invoice i  (cost=0.00..1637.00 rows=100000 width=20) (actual rows=100000 loops=1)
                    Buffers: shared hit=637
        ->  Hash  (cost=155.00..155.00 rows=10000 width=14) (actual rows=10000 loops=1)
              Buckets: 16384  Batches: 1  Memory Usage: 597kB
              Buffers: shared hit=55
              ->  Seq Scan on product p  (cost=0.00..155.00 rows=10000 width=14) (actual rows=10000 loops=1)
                    Buffers: shared hit=55
Planning Time: 0.129 ms
Execution Time: 65.492 ms",72.908,4068.04,10000,"Sort  (cost=4043.41..4068.04 rows=9852 width=42) (actual rows=10000 loops=1)
  Sort Key: p.name
  Sort Method: quicksort  Memory: 1166kB
  Buffers: shared hit=692
  ->  Hash Left Join  (cost=3167.00..3389.91 rows=9852 width=42) (actual rows=10000 loops=1)
        Hash Cond: (i.product_id = p.product_id)
        Buffers: shared hit=692
        ->  HashAggregate  (cost=2887.00..2985.52 rows=9852 width=36) (actual rows=10000 loops=1)
              Group Key: i.product_id
              Batches: 1  Memory Usage: 1681kB
              Buffers: shared hit=637
              ->  Seq Scan on invoice i  (cost=0.00..1637.00 rows=100000 width=20) (actual rows=100000 loops=1)
                    Buffers: shared hit=637
        ->  Hash  (cost=155.00..155.00 rows=10000 width=14) (actual rows=10000 loops=1)
              Buckets: 16384  Batches: 1  Memory Usage: 597kB
              Buffers: shared hit=55
              ->  Seq Scan on product p  (cost=0.00..155.00 rows=10000 width=14) (actual rows=10000 loops=1)
                    Buffers: shared hit=55
Planning Time: 0.186 ms
Execution Time: 72.908 ms",74.556,4068.04,10000,"Sort  (cost=4043.41..4068.04 rows=9852 width=42) (actual rows=10000 loops=1)
  Sort Key: p.name
  Sort Method: quicksort  Memory: 1166kB
  Buffers: shared hit=692
  ->  Hash Left Join  (cost=3167.00..3389.91 rows=9852 width=42) (actual rows=10000 loops=1)
        Hash Cond: (i.product_id = p.product_id)
        Buffers: shared hit=692
        ->  HashAggregate  (cost=2887.00..2985.52 rows=9852 width=36) (actual rows=10000 loops=1)
              Group Key: i.product_id
              Batches: 1  Memory Usage: 1681kB
              Buffers: shared hit=637
              ->  Seq Scan on invoice i  (cost=0.00..1637.00 rows=100000 width=20) (actual rows=100000 loops=1)
                    Buffers: shared hit=637
        ->  Hash  (cost=155.00..155.00 rows=10000 width=14) (actual rows=10000 loops=1)
              Buckets: 16384  Batches: 1  Memory Usage: 597kB
              Buffers: shared hit=55
              ->  Seq Scan on product p  (cost=0.00..155.00 rows=10000 width=14) (actual rows=10000 loops=1)
                    Buffers: shared hit=55
Planning Time: 0.168 ms
Execution Time: 74.556 ms",71.248,4068.04,10000,"Sort  (cost=4043.41..4068.04 rows=9852 width=42) (actual rows=10000 loops=1)
  Sort Key: p.name
  Sort Method: quicksort  Memory: 1166kB
  Buffers: shared hit=692
  ->  Hash Left Join  (cost=3167.00..3389.91 rows=9852 width=42) (actual rows=10000 loops=1)
        Hash Cond: (i.product_id = p.product_id)
        Buffers: shared hit=692
        ->  HashAggregate  (cost=2887.00..2985.52 rows=9852 width=36) (actual rows=10000 loops=1)
              Group Key: i.product_id
              Batches: 1  Memory Usage: 1681kB
              Buffers: shared hit=637
              ->  Seq Scan on invoice i  (cost=0.00..1637.00 rows=100000 width=20) (actual rows=100000 loops=1)
                    Buffers: shared hit=637
        ->  Hash  (cost=155.00..155.00 rows=10000 width=14) (actual rows=10000 loops=1)
              Buckets: 16384  Batches: 1  Memory Usage: 597kB
              Buffers: shared hit=55
              ->  Seq Scan on product p  (cost=0.00..155.00 rows=10000 width=14) (actual rows=10000 loops=1)
                    Buffers: shared hit=55
Planning Time: 0.161 ms
Execution Time: 71.248 ms",70.485,4068.04,10000,"Sort  (cost=4043.41..4068.04 rows=9852 width=42) (actual rows=10000 loops=1)
  Sort Key: p.name
  Sort Method: quicksort  Memory: 1166kB
  Buffers: shared hit=692
  ->  Hash Left Join  (cost=3167.00..3389.91 rows=9852 width=42) (actual rows=10000 loops=1)
        Hash Cond: (i.product_id = p.product_id)
        Buffers: shared hit=692
        ->  HashAggregate  (cost=2887.00..2985.52 rows=9852 width=36) (actual rows=10000 loops=1)
              Group Key: i.product_id
              Batches: 1  Memory Usage: 1681kB
              Buffers: shared hit=637
              ->  Seq Scan on invoice i  (cost=0.00..1637.00 rows=100000 width=20) (actual rows=100000 loops=1)
                    Buffers: shared hit=637
        ->  Hash  (cost=155.00..155.00 rows=10000 width=14) (actual rows=10000 loops=1)
              Buckets: 16384  Batches: 1  Memory Usage: 597kB
              Buffers: shared hit=55
              ->  Seq Scan on product p  (cost=0.00..155.00 rows=10000 width=14) (actual rows=10000 loops=1)
                    Buffers: shared hit=55
Planning Time: 0.198 ms
Execution Time: 70.485 ms",70.9378,71.248,73.732,75.2152,4068.04,4068.04,10000,10000,10000,10000
1005,1677,270,Easy,"select p.name as name, t_cte_7.c_sum1 as rest, t_cte_7.c_sum0 as paid, t_cte_7.c_sum3 as canceled, t_cte_7.c_sum2 as refunded from schema_1677.product as p inner join (select sum(i.paid) as c_sum0, sum(i.rest) as c_sum1, sum(i.refunded) as c_sum2, sum(i.canceled) as c_sum3, i.product_id as c_product_id0 from schema_1677.invoice as i group by i.product_id) as t_cte_7 on t_cte_7.c_product_id0 = p.product_id order by name asc",68.295,4068.04,10000,"Sort  (cost=4043.41..4068.04 rows=9852 width=42) (actual rows=10000 loops=1)
  Sort Key: p.name
  Sort Method: quicksort  Memory: 1166kB
  Buffers: shared hit=692
  ->  Hash Join  (cost=3167.00..3389.91 rows=9852 width=42) (actual rows=10000 loops=1)
        Hash Cond: (i.product_id = p.product_id)
        Buffers: shared hit=692
        ->  HashAggregate  (cost=2887.00..2985.52 rows=9852 width=36) (actual rows=10000 loops=1)
              Group Key: i.product_id
              Batches: 1  Memory Usage: 1681kB
              Buffers: shared hit=637
              ->  Seq Scan on invoice i  (cost=0.00..1637.00 rows=100000 width=20) (actual rows=100000 loops=1)
                    Buffers: shared hit=637
        ->  Hash  (cost=155.00..155.00 rows=10000 width=14) (actual rows=10000 loops=1)
              Buckets: 16384  Batches: 1  Memory Usage: 597kB
              Buffers: shared hit=55
              ->  Seq Scan on product p  (cost=0.00..155.00 rows=10000 width=14) (actual rows=10000 loops=1)
                    Buffers: shared hit=55
Planning Time: 0.118 ms
Execution Time: 68.295 ms",71.48,4068.04,10000,"Sort  (cost=4043.41..4068.04 rows=9852 width=42) (actual rows=10000 loops=1)
  Sort Key: p.name
  Sort Method: quicksort  Memory: 1166kB
  Buffers: shared hit=692
  ->  Hash Join  (cost=3167.00..3389.91 rows=9852 width=42) (actual rows=10000 loops=1)
        Hash Cond: (i.product_id = p.product_id)
        Buffers: shared hit=692
        ->  HashAggregate  (cost=2887.00..2985.52 rows=9852 width=36) (actual rows=10000 loops=1)
              Group Key: i.product_id
              Batches: 1  Memory Usage: 1681kB
              Buffers: shared hit=637
              ->  Seq Scan on invoice i  (cost=0.00..1637.00 rows=100000 width=20) (actual rows=100000 loops=1)
                    Buffers: shared hit=637
        ->  Hash  (cost=155.00..155.00 rows=10000 width=14) (actual rows=10000 loops=1)
              Buckets: 16384  Batches: 1  Memory Usage: 597kB
              Buffers: shared hit=55
              ->  Seq Scan on product p  (cost=0.00..155.00 rows=10000 width=14) (actual rows=10000 loops=1)
                    Buffers: shared hit=55
Planning Time: 0.254 ms
Execution Time: 71.480 ms",74.07,4068.04,10000,"Sort  (cost=4043.41..4068.04 rows=9852 width=42) (actual rows=10000 loops=1)
  Sort Key: p.name
  Sort Method: quicksort  Memory: 1166kB
  Buffers: shared hit=692
  ->  Hash Join  (cost=3167.00..3389.91 rows=9852 width=42) (actual rows=10000 loops=1)
        Hash Cond: (i.product_id = p.product_id)
        Buffers: shared hit=692
        ->  HashAggregate  (cost=2887.00..2985.52 rows=9852 width=36) (actual rows=10000 loops=1)
              Group Key: i.product_id
              Batches: 1  Memory Usage: 1681kB
              Buffers: shared hit=637
              ->  Seq Scan on invoice i  (cost=0.00..1637.00 rows=100000 width=20) (actual rows=100000 loops=1)
                    Buffers: shared hit=637
        ->  Hash  (cost=155.00..155.00 rows=10000 width=14) (actual rows=10000 loops=1)
              Buckets: 16384  Batches: 1  Memory Usage: 597kB
              Buffers: shared hit=55
              ->  Seq Scan on product p  (cost=0.00..155.00 rows=10000 width=14) (actual rows=10000 loops=1)
                    Buffers: shared hit=55
Planning Time: 0.172 ms
Execution Time: 74.070 ms",70.432,4068.04,10000,"Sort  (cost=4043.41..4068.04 rows=9852 width=42) (actual rows=10000 loops=1)
  Sort Key: p.name
  Sort Method: quicksort  Memory: 1166kB
  Buffers: shared hit=692
  ->  Hash Join  (cost=3167.00..3389.91 rows=9852 width=42) (actual rows=10000 loops=1)
        Hash Cond: (i.product_id = p.product_id)
        Buffers: shared hit=692
        ->  HashAggregate  (cost=2887.00..2985.52 rows=9852 width=36) (actual rows=10000 loops=1)
              Group Key: i.product_id
              Batches: 1  Memory Usage: 1681kB
              Buffers: shared hit=637
              ->  Seq Scan on invoice i  (cost=0.00..1637.00 rows=100000 width=20) (actual rows=100000 loops=1)
                    Buffers: shared hit=637
        ->  Hash  (cost=155.00..155.00 rows=10000 width=14) (actual rows=10000 loops=1)
              Buckets: 16384  Batches: 1  Memory Usage: 597kB
              Buffers: shared hit=55
              ->  Seq Scan on product p  (cost=0.00..155.00 rows=10000 width=14) (actual rows=10000 loops=1)
                    Buffers: shared hit=55
Planning Time: 0.220 ms
Execution Time: 70.432 ms",72.427,4068.04,10000,"Sort  (cost=4043.41..4068.04 rows=9852 width=42) (actual rows=10000 loops=1)
  Sort Key: p.name
  Sort Method: quicksort  Memory: 1166kB
  Buffers: shared hit=692
  ->  Hash Join  (cost=3167.00..3389.91 rows=9852 width=42) (actual rows=10000 loops=1)
        Hash Cond: (i.product_id = p.product_id)
        Buffers: shared hit=692
        ->  HashAggregate  (cost=2887.00..2985.52 rows=9852 width=36) (actual rows=10000 loops=1)
              Group Key: i.product_id
              Batches: 1  Memory Usage: 1681kB
              Buffers: shared hit=637
              ->  Seq Scan on invoice i  (cost=0.00..1637.00 rows=100000 width=20) (actual rows=100000 loops=1)
                    Buffers: shared hit=637
        ->  Hash  (cost=155.00..155.00 rows=10000 width=14) (actual rows=10000 loops=1)
              Buckets: 16384  Batches: 1  Memory Usage: 597kB
              Buffers: shared hit=55
              ->  Seq Scan on product p  (cost=0.00..155.00 rows=10000 width=14) (actual rows=10000 loops=1)
                    Buffers: shared hit=55
Planning Time: 0.175 ms
Execution Time: 72.427 ms",71.3408,71.48,73.2485,74.7272,4068.04,4068.04,10000,10000,10000,10000
1006,1677,278,Easy,"select p.name as name, sum(i.rest) as rest, sum(i.paid) as paid, sum(i.canceled) as canceled, sum(i.refunded) as refunded from schema_1677.product as p inner join schema_1677.invoice as i on i.product_id = p.product_id group by p.name",61.643,3529.61,10000,"HashAggregate  (cost=3429.61..3529.61 rows=10000 width=42) (actual rows=10000 loops=1)
  Group Key: p.name
  Batches: 1  Memory Usage: 1681kB
  Buffers: shared hit=692
  ->  Hash Join  (cost=280.00..2179.61 rows=100000 width=26) (actual rows=100000 loops=1)
        Hash Cond: (i.product_id = p.product_id)
        Buffers: shared hit=692
        ->  Seq Scan on invoice i  (cost=0.00..1637.00 rows=100000 width=20) (actual rows=100000 loops=1)
              Buffers: shared hit=637
        ->  Hash  (cost=155.00..155.00 rows=10000 width=14) (actual rows=10000 loops=1)
              Buckets: 16384  Batches: 1  Memory Usage: 597kB
              Buffers: shared hit=55
              ->  Seq Scan on product p  (cost=0.00..155.00 rows=10000 width=14) (actual rows=10000 loops=1)
                    Buffers: shared hit=55
Planning:
  Buffers: shared hit=6
Planning Time: 0.219 ms
Execution Time: 61.643 ms",64.042,3529.61,10000,"HashAggregate  (cost=3429.61..3529.61 rows=10000 width=42) (actual rows=10000 loops=1)
  Group Key: p.name
  Batches: 1  Memory Usage: 1681kB
  Buffers: shared hit=692
  ->  Hash Join  (cost=280.00..2179.61 rows=100000 width=26) (actual rows=100000 loops=1)
        Hash Cond: (i.product_id = p.product_id)
        Buffers: shared hit=692
        ->  Seq Scan on invoice i  (cost=0.00..1637.00 rows=100000 width=20) (actual rows=100000 loops=1)
              Buffers: shared hit=637
        ->  Hash  (cost=155.00..155.00 rows=10000 width=14) (actual rows=10000 loops=1)
              Buckets: 16384  Batches: 1  Memory Usage: 597kB
              Buffers: shared hit=55
              ->  Seq Scan on product p  (cost=0.00..155.00 rows=10000 width=14) (actual rows=10000 loops=1)
                    Buffers: shared hit=55
Planning:
  Buffers: shared hit=6
Planning Time: 0.228 ms
Execution Time: 64.042 ms",58.766,3529.61,10000,"HashAggregate  (cost=3429.61..3529.61 rows=10000 width=42) (actual rows=10000 loops=1)
  Group Key: p.name
  Batches: 1  Memory Usage: 1681kB
  Buffers: shared hit=692
  ->  Hash Join  (cost=280.00..2179.61 rows=100000 width=26) (actual rows=100000 loops=1)
        Hash Cond: (i.product_id = p.product_id)
        Buffers: shared hit=692
        ->  Seq Scan on invoice i  (cost=0.00..1637.00 rows=100000 width=20) (actual rows=100000 loops=1)
              Buffers: shared hit=637
        ->  Hash  (cost=155.00..155.00 rows=10000 width=14) (actual rows=10000 loops=1)
              Buckets: 16384  Batches: 1  Memory Usage: 597kB
              Buffers: shared hit=55
              ->  Seq Scan on product p  (cost=0.00..155.00 rows=10000 width=14) (actual rows=10000 loops=1)
                    Buffers: shared hit=55
Planning:
  Buffers: shared hit=6
Planning Time: 0.211 ms
Execution Time: 58.766 ms",62.577,3529.61,10000,"HashAggregate  (cost=3429.61..3529.61 rows=10000 width=42) (actual rows=10000 loops=1)
  Group Key: p.name
  Batches: 1  Memory Usage: 1681kB
  Buffers: shared hit=692
  ->  Hash Join  (cost=280.00..2179.61 rows=100000 width=26) (actual rows=100000 loops=1)
        Hash Cond: (i.product_id = p.product_id)
        Buffers: shared hit=692
        ->  Seq Scan on invoice i  (cost=0.00..1637.00 rows=100000 width=20) (actual rows=100000 loops=1)
              Buffers: shared hit=637
        ->  Hash  (cost=155.00..155.00 rows=10000 width=14) (actual rows=10000 loops=1)
              Buckets: 16384  Batches: 1  Memory Usage: 597kB
              Buffers: shared hit=55
              ->  Seq Scan on product p  (cost=0.00..155.00 rows=10000 width=14) (actual rows=10000 loops=1)
                    Buffers: shared hit=55
Planning:
  Buffers: shared hit=6
Planning Time: 0.241 ms
Execution Time: 62.577 ms",81.455,3529.61,10000,"HashAggregate  (cost=3429.61..3529.61 rows=10000 width=42) (actual rows=10000 loops=1)
  Group Key: p.name
  Batches: 1  Memory Usage: 1681kB
  Buffers: shared hit=692
  ->  Hash Join  (cost=280.00..2179.61 rows=100000 width=26) (actual rows=100000 loops=1)
        Hash Cond: (i.product_id = p.product_id)
        Buffers: shared hit=692
        ->  Seq Scan on invoice i  (cost=0.00..1637.00 rows=100000 width=20) (actual rows=100000 loops=1)
              Buffers: shared hit=637
        ->  Hash  (cost=155.00..155.00 rows=10000 width=14) (actual rows=10000 loops=1)
              Buckets: 16384  Batches: 1  Memory Usage: 597kB
              Buffers: shared hit=55
              ->  Seq Scan on product p  (cost=0.00..155.00 rows=10000 width=14) (actual rows=10000 loops=1)
                    Buffers: shared hit=55
Planning:
  Buffers: shared hit=6
Planning Time: 0.196 ms
Execution Time: 81.455 ms",65.6966,62.577,72.7485,88.4202,3529.61,3529.61,10000,10000,10000,10000
1007,1677,282,Easy,"select t_product_0.name as name, sum(t_invoice_0.rest) as rest, sum(t_invoice_0.paid) as paid, sum(t_invoice_0.canceled) as canceled, sum(t_invoice_0.refunded) as refunded from schema_1677.invoice as t_invoice_0 inner join schema_1677.product as t_product_0 on t_invoice_0.product_id = t_product_0.product_id group by t_product_0.name",54.283,3529.61,10000,"HashAggregate  (cost=3429.61..3529.61 rows=10000 width=42) (actual rows=10000 loops=1)
  Group Key: t_product_0.name
  Batches: 1  Memory Usage: 1681kB
  Buffers: shared hit=692
  ->  Hash Join  (cost=280.00..2179.61 rows=100000 width=26) (actual rows=100000 loops=1)
        Hash Cond: (t_invoice_0.product_id = t_product_0.product_id)
        Buffers: shared hit=692
        ->  Seq Scan on invoice t_invoice_0  (cost=0.00..1637.00 rows=100000 width=20) (actual rows=100000 loops=1)
              Buffers: shared hit=637
        ->  Hash  (cost=155.00..155.00 rows=10000 width=14) (actual rows=10000 loops=1)
              Buckets: 16384  Batches: 1  Memory Usage: 597kB
              Buffers: shared hit=55
              ->  Seq Scan on product t_product_0  (cost=0.00..155.00 rows=10000 width=14) (actual rows=10000 loops=1)
                    Buffers: shared hit=55
Planning:
  Buffers: shared hit=6
Planning Time: 0.238 ms
Execution Time: 54.283 ms",57.245,3529.61,10000,"HashAggregate  (cost=3429.61..3529.61 rows=10000 width=42) (actual rows=10000 loops=1)
  Group Key: t_product_0.name
  Batches: 1  Memory Usage: 1681kB
  Buffers: shared hit=692
  ->  Hash Join  (cost=280.00..2179.61 rows=100000 width=26) (actual rows=100000 loops=1)
        Hash Cond: (t_invoice_0.product_id = t_product_0.product_id)
        Buffers: shared hit=692
        ->  Seq Scan on invoice t_invoice_0  (cost=0.00..1637.00 rows=100000 width=20) (actual rows=100000 loops=1)
              Buffers: shared hit=637
        ->  Hash  (cost=155.00..155.00 rows=10000 width=14) (actual rows=10000 loops=1)
              Buckets: 16384  Batches: 1  Memory Usage: 597kB
              Buffers: shared hit=55
              ->  Seq Scan on product t_product_0  (cost=0.00..155.00 rows=10000 width=14) (actual rows=10000 loops=1)
                    Buffers: shared hit=55
Planning:
  Buffers: shared hit=6
Planning Time: 0.262 ms
Execution Time: 57.245 ms",69.054,3529.61,10000,"HashAggregate  (cost=3429.61..3529.61 rows=10000 width=42) (actual rows=10000 loops=1)
  Group Key: t_product_0.name
  Batches: 1  Memory Usage: 1681kB
  Buffers: shared hit=692
  ->  Hash Join  (cost=280.00..2179.61 rows=100000 width=26) (actual rows=100000 loops=1)
        Hash Cond: (t_invoice_0.product_id = t_product_0.product_id)
        Buffers: shared hit=692
        ->  Seq Scan on invoice t_invoice_0  (cost=0.00..1637.00 rows=100000 width=20) (actual rows=100000 loops=1)
              Buffers: shared hit=637
        ->  Hash  (cost=155.00..155.00 rows=10000 width=14) (actual rows=10000 loops=1)
              Buckets: 16384  Batches: 1  Memory Usage: 597kB
              Buffers: shared hit=55
              ->  Seq Scan on product t_product_0  (cost=0.00..155.00 rows=10000 width=14) (actual rows=10000 loops=1)
                    Buffers: shared hit=55
Planning:
  Buffers: shared hit=6
Planning Time: 0.222 ms
Execution Time: 69.054 ms",60.365,3529.61,10000,"HashAggregate  (cost=3429.61..3529.61 rows=10000 width=42) (actual rows=10000 loops=1)
  Group Key: t_product_0.name
  Batches: 1  Memory Usage: 1681kB
  Buffers: shared hit=692
  ->  Hash Join  (cost=280.00..2179.61 rows=100000 width=26) (actual rows=100000 loops=1)
        Hash Cond: (t_invoice_0.product_id = t_product_0.product_id)
        Buffers: shared hit=692
        ->  Seq Scan on invoice t_invoice_0  (cost=0.00..1637.00 rows=100000 width=20) (actual rows=100000 loops=1)
              Buffers: shared hit=637
        ->  Hash  (cost=155.00..155.00 rows=10000 width=14) (actual rows=10000 loops=1)
              Buckets: 16384  Batches: 1  Memory Usage: 597kB
              Buffers: shared hit=55
              ->  Seq Scan on product t_product_0  (cost=0.00..155.00 rows=10000 width=14) (actual rows=10000 loops=1)
                    Buffers: shared hit=55
Planning:
  Buffers: shared hit=6
Planning Time: 0.315 ms
Execution Time: 60.365 ms",60.081,3529.61,10000,"HashAggregate  (cost=3429.61..3529.61 rows=10000 width=42) (actual rows=10000 loops=1)
  Group Key: t_product_0.name
  Batches: 1  Memory Usage: 1681kB
  Buffers: shared hit=692
  ->  Hash Join  (cost=280.00..2179.61 rows=100000 width=26) (actual rows=100000 loops=1)
        Hash Cond: (t_invoice_0.product_id = t_product_0.product_id)
        Buffers: shared hit=692
        ->  Seq Scan on invoice t_invoice_0  (cost=0.00..1637.00 rows=100000 width=20) (actual rows=100000 loops=1)
              Buffers: shared hit=637
        ->  Hash  (cost=155.00..155.00 rows=10000 width=14) (actual rows=10000 loops=1)
              Buckets: 16384  Batches: 1  Memory Usage: 597kB
              Buffers: shared hit=55
              ->  Seq Scan on product t_product_0  (cost=0.00..155.00 rows=10000 width=14) (actual rows=10000 loops=1)
                    Buffers: shared hit=55
Planning:
  Buffers: shared hit=6
Planning Time: 0.248 ms
Execution Time: 60.081 ms",60.2056,60.081,64.7095,72.5296,3529.61,3529.61,10000,10000,10000,10000
1008,1677,283,Easy,"select t_product_0.name as name, t_cte_7.c_sum0 as rest, t_cte_7.c_sum3 as paid, t_cte_7.c_sum2 as canceled, t_cte_7.c_sum1 as refunded from (select sum(t_invoice_0.rest) as c_sum0, sum(t_invoice_0.refunded) as c_sum1, sum(t_invoice_0.canceled) as c_sum2, t_invoice_0.product_id as c_product_id0, sum(t_invoice_0.paid) as c_sum3 from schema_1677.invoice as t_invoice_0 group by t_invoice_0.product_id) as t_cte_7 left join schema_1677.product as t_product_0 on t_cte_7.c_product_id0 = t_product_0.product_id order by name asc",68.232,4068.04,10000,"Sort  (cost=4043.41..4068.04 rows=9852 width=42) (actual rows=10000 loops=1)
  Sort Key: t_product_0.name
  Sort Method: quicksort  Memory: 1166kB
  Buffers: shared hit=692
  ->  Hash Left Join  (cost=3167.00..3389.91 rows=9852 width=42) (actual rows=10000 loops=1)
        Hash Cond: (t_invoice_0.product_id = t_product_0.product_id)
        Buffers: shared hit=692
        ->  HashAggregate  (cost=2887.00..2985.52 rows=9852 width=36) (actual rows=10000 loops=1)
              Group Key: t_invoice_0.product_id
              Batches: 1  Memory Usage: 1681kB
              Buffers: shared hit=637
              ->  Seq Scan on invoice t_invoice_0  (cost=0.00..1637.00 rows=100000 width=20) (actual rows=100000 loops=1)
                    Buffers: shared hit=637
        ->  Hash  (cost=155.00..155.00 rows=10000 width=14) (actual rows=10000 loops=1)
              Buckets: 16384  Batches: 1  Memory Usage: 597kB
              Buffers: shared hit=55
              ->  Seq Scan on product t_product_0  (cost=0.00..155.00 rows=10000 width=14) (actual rows=10000 loops=1)
                    Buffers: shared hit=55
Planning Time: 0.211 ms
Execution Time: 68.232 ms",74.158,4068.04,10000,"Sort  (cost=4043.41..4068.04 rows=9852 width=42) (actual rows=10000 loops=1)
  Sort Key: t_product_0.name
  Sort Method: quicksort  Memory: 1166kB
  Buffers: shared hit=692
  ->  Hash Left Join  (cost=3167.00..3389.91 rows=9852 width=42) (actual rows=10000 loops=1)
        Hash Cond: (t_invoice_0.product_id = t_product_0.product_id)
        Buffers: shared hit=692
        ->  HashAggregate  (cost=2887.00..2985.52 rows=9852 width=36) (actual rows=10000 loops=1)
              Group Key: t_invoice_0.product_id
              Batches: 1  Memory Usage: 1681kB
              Buffers: shared hit=637
              ->  Seq Scan on invoice t_invoice_0  (cost=0.00..1637.00 rows=100000 width=20) (actual rows=100000 loops=1)
                    Buffers: shared hit=637
        ->  Hash  (cost=155.00..155.00 rows=10000 width=14) (actual rows=10000 loops=1)
              Buckets: 16384  Batches: 1  Memory Usage: 597kB
              Buffers: shared hit=55
              ->  Seq Scan on product t_product_0  (cost=0.00..155.00 rows=10000 width=14) (actual rows=10000 loops=1)
                    Buffers: shared hit=55
Planning Time: 0.171 ms
Execution Time: 74.158 ms",73.561,4068.04,10000,"Sort  (cost=4043.41..4068.04 rows=9852 width=42) (actual rows=10000 loops=1)
  Sort Key: t_product_0.name
  Sort Method: quicksort  Memory: 1166kB
  Buffers: shared hit=692
  ->  Hash Left Join  (cost=3167.00..3389.91 rows=9852 width=42) (actual rows=10000 loops=1)
        Hash Cond: (t_invoice_0.product_id = t_product_0.product_id)
        Buffers: shared hit=692
        ->  HashAggregate  (cost=2887.00..2985.52 rows=9852 width=36) (actual rows=10000 loops=1)
              Group Key: t_invoice_0.product_id
              Batches: 1  Memory Usage: 1681kB
              Buffers: shared hit=637
              ->  Seq Scan on invoice t_invoice_0  (cost=0.00..1637.00 rows=100000 width=20) (actual rows=100000 loops=1)
                    Buffers: shared hit=637
        ->  Hash  (cost=155.00..155.00 rows=10000 width=14) (actual rows=10000 loops=1)
              Buckets: 16384  Batches: 1  Memory Usage: 597kB
              Buffers: shared hit=55
              ->  Seq Scan on product t_product_0  (cost=0.00..155.00 rows=10000 width=14) (actual rows=10000 loops=1)
                    Buffers: shared hit=55
Planning Time: 0.164 ms
Execution Time: 73.561 ms",70.802,4068.04,10000,"Sort  (cost=4043.41..4068.04 rows=9852 width=42) (actual rows=10000 loops=1)
  Sort Key: t_product_0.name
  Sort Method: quicksort  Memory: 1166kB
  Buffers: shared hit=692
  ->  Hash Left Join  (cost=3167.00..3389.91 rows=9852 width=42) (actual rows=10000 loops=1)
        Hash Cond: (t_invoice_0.product_id = t_product_0.product_id)
        Buffers: shared hit=692
        ->  HashAggregate  (cost=2887.00..2985.52 rows=9852 width=36) (actual rows=10000 loops=1)
              Group Key: t_invoice_0.product_id
              Batches: 1  Memory Usage: 1681kB
              Buffers: shared hit=637
              ->  Seq Scan on invoice t_invoice_0  (cost=0.00..1637.00 rows=100000 width=20) (actual rows=100000 loops=1)
                    Buffers: shared hit=637
        ->  Hash  (cost=155.00..155.00 rows=10000 width=14) (actual rows=10000 loops=1)
              Buckets: 16384  Batches: 1  Memory Usage: 597kB
              Buffers: shared hit=55
              ->  Seq Scan on product t_product_0  (cost=0.00..155.00 rows=10000 width=14) (actual rows=10000 loops=1)
                    Buffers: shared hit=55
Planning Time: 0.337 ms
Execution Time: 70.802 ms",69.144,4068.04,10000,"Sort  (cost=4043.41..4068.04 rows=9852 width=42) (actual rows=10000 loops=1)
  Sort Key: t_product_0.name
  Sort Method: quicksort  Memory: 1166kB
  Buffers: shared hit=692
  ->  Hash Left Join  (cost=3167.00..3389.91 rows=9852 width=42) (actual rows=10000 loops=1)
        Hash Cond: (t_invoice_0.product_id = t_product_0.product_id)
        Buffers: shared hit=692
        ->  HashAggregate  (cost=2887.00..2985.52 rows=9852 width=36) (actual rows=10000 loops=1)
              Group Key: t_invoice_0.product_id
              Batches: 1  Memory Usage: 1681kB
              Buffers: shared hit=637
              ->  Seq Scan on invoice t_invoice_0  (cost=0.00..1637.00 rows=100000 width=20) (actual rows=100000 loops=1)
                    Buffers: shared hit=637
        ->  Hash  (cost=155.00..155.00 rows=10000 width=14) (actual rows=10000 loops=1)
              Buckets: 16384  Batches: 1  Memory Usage: 597kB
              Buffers: shared hit=55
              ->  Seq Scan on product t_product_0  (cost=0.00..155.00 rows=10000 width=14) (actual rows=10000 loops=1)
                    Buffers: shared hit=55
Planning Time: 0.193 ms
Execution Time: 69.144 ms",71.1794,70.802,73.8595,74.3968,4068.04,4068.04,10000,10000,10000,10000
1028,1729,1,Easy,"select t_followers_0.user_id as user_id, count(t_followers_0.follower_id) as followers_count from schema_1729.followers as t_followers_0 group by t_followers_0.user_id",23.051,1974.62,3162,"HashAggregate  (cost=1943.00..1974.62 rows=3162 width=12) (actual rows=3162 loops=1)
  Group Key: user_id
  Batches: 1  Memory Usage: 369kB
  Buffers: shared hit=443
  ->  Seq Scan on followers t_followers_0  (cost=0.00..1443.00 rows=100000 width=8) (actual rows=100000 loops=1)
        Buffers: shared hit=443
Planning Time: 0.049 ms
Execution Time: 23.051 ms",25.473,1974.62,3162,"HashAggregate  (cost=1943.00..1974.62 rows=3162 width=12) (actual rows=3162 loops=1)
  Group Key: user_id
  Batches: 1  Memory Usage: 369kB
  Buffers: shared hit=443
  ->  Seq Scan on followers t_followers_0  (cost=0.00..1443.00 rows=100000 width=8) (actual rows=100000 loops=1)
        Buffers: shared hit=443
Planning Time: 0.089 ms
Execution Time: 25.473 ms",27.992,1974.62,3162,"HashAggregate  (cost=1943.00..1974.62 rows=3162 width=12) (actual rows=3162 loops=1)
  Group Key: user_id
  Batches: 1  Memory Usage: 369kB
  Buffers: shared hit=443
  ->  Seq Scan on followers t_followers_0  (cost=0.00..1443.00 rows=100000 width=8) (actual rows=100000 loops=1)
        Buffers: shared hit=443
Planning Time: 0.065 ms
Execution Time: 27.992 ms",38.666,1974.62,3162,"HashAggregate  (cost=1943.00..1974.62 rows=3162 width=12) (actual rows=3162 loops=1)
  Group Key: user_id
  Batches: 1  Memory Usage: 369kB
  Buffers: shared hit=443
  ->  Seq Scan on followers t_followers_0  (cost=0.00..1443.00 rows=100000 width=8) (actual rows=100000 loops=1)
        Buffers: shared hit=443
Planning Time: 0.064 ms
Execution Time: 38.666 ms",34.156,1974.62,3162,"HashAggregate  (cost=1943.00..1974.62 rows=3162 width=12) (actual rows=3162 loops=1)
  Group Key: user_id
  Batches: 1  Memory Usage: 369kB
  Buffers: shared hit=443
  ->  Seq Scan on followers t_followers_0  (cost=0.00..1443.00 rows=100000 width=8) (actual rows=100000 loops=1)
        Buffers: shared hit=443
Planning Time: 0.104 ms
Execution Time: 34.156 ms",29.8676,27.992,36.411,40.47,1974.62,1974.62,3162,3162,3162,3162
1029,1729,2,Easy,"select distinct t_cte_3.c_user_id0 as user_id, t_cte_3.c_count0 as followers_count from (select count(t_followers_0.user_id) as c_count0, t_followers_0.user_id as c_user_id0 from schema_1729.followers as t_followers_0 group by t_followers_0.user_id) as t_cte_3 order by user_id asc",25.178,2039.12,3162,"Sort  (cost=2038.33..2039.12 rows=316 width=12) (actual rows=3162 loops=1)
  Sort Key: t_followers_0.user_id
  Sort Method: quicksort  Memory: 245kB
  Buffers: shared hit=443
  ->  HashAggregate  (cost=2022.05..2025.21 rows=316 width=12) (actual rows=3162 loops=1)
        Group Key: t_followers_0.user_id, count(t_followers_0.user_id)
        Batches: 1  Memory Usage: 369kB
        Buffers: shared hit=443
        ->  HashAggregate  (cost=1943.00..1974.62 rows=3162 width=12) (actual rows=3162 loops=1)
              Group Key: t_followers_0.user_id
              Batches: 1  Memory Usage: 369kB
              Buffers: shared hit=443
              ->  Seq Scan on followers t_followers_0  (cost=0.00..1443.00 rows=100000 width=4) (actual rows=100000 loops=1)
                    Buffers: shared hit=443
Planning Time: 0.100 ms
Execution Time: 25.178 ms",27.039,2039.12,3162,"Sort  (cost=2038.33..2039.12 rows=316 width=12) (actual rows=3162 loops=1)
  Sort Key: t_followers_0.user_id
  Sort Method: quicksort  Memory: 245kB
  Buffers: shared hit=443
  ->  HashAggregate  (cost=2022.05..2025.21 rows=316 width=12) (actual rows=3162 loops=1)
        Group Key: t_followers_0.user_id, count(t_followers_0.user_id)
        Batches: 1  Memory Usage: 369kB
        Buffers: shared hit=443
        ->  HashAggregate  (cost=1943.00..1974.62 rows=3162 width=12) (actual rows=3162 loops=1)
              Group Key: t_followers_0.user_id
              Batches: 1  Memory Usage: 369kB
              Buffers: shared hit=443
              ->  Seq Scan on followers t_followers_0  (cost=0.00..1443.00 rows=100000 width=4) (actual rows=100000 loops=1)
                    Buffers: shared hit=443
Planning Time: 0.155 ms
Execution Time: 27.039 ms",26.698,2039.12,3162,"Sort  (cost=2038.33..2039.12 rows=316 width=12) (actual rows=3162 loops=1)
  Sort Key: t_followers_0.user_id
  Sort Method: quicksort  Memory: 245kB
  Buffers: shared hit=443
  ->  HashAggregate  (cost=2022.05..2025.21 rows=316 width=12) (actual rows=3162 loops=1)
        Group Key: t_followers_0.user_id, count(t_followers_0.user_id)
        Batches: 1  Memory Usage: 369kB
        Buffers: shared hit=443
        ->  HashAggregate  (cost=1943.00..1974.62 rows=3162 width=12) (actual rows=3162 loops=1)
              Group Key: t_followers_0.user_id
              Batches: 1  Memory Usage: 369kB
              Buffers: shared hit=443
              ->  Seq Scan on followers t_followers_0  (cost=0.00..1443.00 rows=100000 width=4) (actual rows=100000 loops=1)
                    Buffers: shared hit=443
Planning Time: 0.198 ms
Execution Time: 26.698 ms",27.718,2039.12,3162,"Sort  (cost=2038.33..2039.12 rows=316 width=12) (actual rows=3162 loops=1)
  Sort Key: t_followers_0.user_id
  Sort Method: quicksort  Memory: 245kB
  Buffers: shared hit=443
  ->  HashAggregate  (cost=2022.05..2025.21 rows=316 width=12) (actual rows=3162 loops=1)
        Group Key: t_followers_0.user_id, count(t_followers_0.user_id)
        Batches: 1  Memory Usage: 369kB
        Buffers: shared hit=443
        ->  HashAggregate  (cost=1943.00..1974.62 rows=3162 width=12) (actual rows=3162 loops=1)
              Group Key: t_followers_0.user_id
              Batches: 1  Memory Usage: 369kB
              Buffers: shared hit=443
              ->  Seq Scan on followers t_followers_0  (cost=0.00..1443.00 rows=100000 width=4) (actual rows=100000 loops=1)
                    Buffers: shared hit=443
Planning Time: 0.103 ms
Execution Time: 27.718 ms",33.234,2039.12,3162,"Sort  (cost=2038.33..2039.12 rows=316 width=12) (actual rows=3162 loops=1)
  Sort Key: t_followers_0.user_id
  Sort Method: quicksort  Memory: 245kB
  Buffers: shared hit=443
  ->  HashAggregate  (cost=2022.05..2025.21 rows=316 width=12) (actual rows=3162 loops=1)
        Group Key: t_followers_0.user_id, count(t_followers_0.user_id)
        Batches: 1  Memory Usage: 369kB
        Buffers: shared hit=443
        ->  HashAggregate  (cost=1943.00..1974.62 rows=3162 width=12) (actual rows=3162 loops=1)
              Group Key: t_followers_0.user_id
              Batches: 1  Memory Usage: 369kB
              Buffers: shared hit=443
              ->  Seq Scan on followers t_followers_0  (cost=0.00..1443.00 rows=100000 width=4) (actual rows=100000 loops=1)
                    Buffers: shared hit=443
Planning Time: 0.101 ms
Execution Time: 33.234 ms",27.9734,27.039,30.476,35.4404,2039.12,2039.12,3162,3162,3162,3162
1031,1729,5,Easy,"select t_followers_0.user_id as user_id, count(t_followers_0.follower_id) as followers_count from schema_1729.followers as t_followers_0 group by t_followers_0.user_id",25.176,1974.62,3162,"HashAggregate  (cost=1943.00..1974.62 rows=3162 width=12) (actual rows=3162 loops=1)
  Group Key: user_id
  Batches: 1  Memory Usage: 369kB
  Buffers: shared hit=443
  ->  Seq Scan on followers t_followers_0  (cost=0.00..1443.00 rows=100000 width=8) (actual rows=100000 loops=1)
        Buffers: shared hit=443
Planning Time: 0.066 ms
Execution Time: 25.176 ms",28.511,1974.62,3162,"HashAggregate  (cost=1943.00..1974.62 rows=3162 width=12) (actual rows=3162 loops=1)
  Group Key: user_id
  Batches: 1  Memory Usage: 369kB
  Buffers: shared hit=443
  ->  Seq Scan on followers t_followers_0  (cost=0.00..1443.00 rows=100000 width=8) (actual rows=100000 loops=1)
        Buffers: shared hit=443
Planning Time: 0.080 ms
Execution Time: 28.511 ms",29.499,1974.62,3162,"HashAggregate  (cost=1943.00..1974.62 rows=3162 width=12) (actual rows=3162 loops=1)
  Group Key: user_id
  Batches: 1  Memory Usage: 369kB
  Buffers: shared hit=443
  ->  Seq Scan on followers t_followers_0  (cost=0.00..1443.00 rows=100000 width=8) (actual rows=100000 loops=1)
        Buffers: shared hit=443
Planning Time: 0.073 ms
Execution Time: 29.499 ms",28.919,1974.62,3162,"HashAggregate  (cost=1943.00..1974.62 rows=3162 width=12) (actual rows=3162 loops=1)
  Group Key: user_id
  Batches: 1  Memory Usage: 369kB
  Buffers: shared hit=443
  ->  Seq Scan on followers t_followers_0  (cost=0.00..1443.00 rows=100000 width=8) (actual rows=100000 loops=1)
        Buffers: shared hit=443
Planning Time: 0.073 ms
Execution Time: 28.919 ms",27.562,1974.62,3162,"HashAggregate  (cost=1943.00..1974.62 rows=3162 width=12) (actual rows=3162 loops=1)
  Group Key: user_id
  Batches: 1  Memory Usage: 369kB
  Buffers: shared hit=443
  ->  Seq Scan on followers t_followers_0  (cost=0.00..1443.00 rows=100000 width=8) (actual rows=100000 loops=1)
        Buffers: shared hit=443
Planning Time: 0.055 ms
Execution Time: 27.562 ms",27.9334,28.511,29.209,29.731,1974.62,1974.62,3162,3162,3162,3162
1032,1729,6,Easy,"select f1.user_id as user_id, count(f1.follower_id) as followers_count from schema_1729.followers as f1 group by f1.user_id",23.025,1974.62,3162,"HashAggregate  (cost=1943.00..1974.62 rows=3162 width=12) (actual rows=3162 loops=1)
  Group Key: user_id
  Batches: 1  Memory Usage: 369kB
  Buffers: shared hit=443
  ->  Seq Scan on followers f1  (cost=0.00..1443.00 rows=100000 width=8) (actual rows=100000 loops=1)
        Buffers: shared hit=443
Planning Time: 0.054 ms
Execution Time: 23.025 ms",37.587,1974.62,3162,"HashAggregate  (cost=1943.00..1974.62 rows=3162 width=12) (actual rows=3162 loops=1)
  Group Key: user_id
  Batches: 1  Memory Usage: 369kB
  Buffers: shared hit=443
  ->  Seq Scan on followers f1  (cost=0.00..1443.00 rows=100000 width=8) (actual rows=100000 loops=1)
        Buffers: shared hit=443
Planning Time: 0.065 ms
Execution Time: 37.587 ms",27.667,1974.62,3162,"HashAggregate  (cost=1943.00..1974.62 rows=3162 width=12) (actual rows=3162 loops=1)
  Group Key: user_id
  Batches: 1  Memory Usage: 369kB
  Buffers: shared hit=443
  ->  Seq Scan on followers f1  (cost=0.00..1443.00 rows=100000 width=8) (actual rows=100000 loops=1)
        Buffers: shared hit=443
Planning Time: 0.074 ms
Execution Time: 27.667 ms",24.486,1974.62,3162,"HashAggregate  (cost=1943.00..1974.62 rows=3162 width=12) (actual rows=3162 loops=1)
  Group Key: user_id
  Batches: 1  Memory Usage: 369kB
  Buffers: shared hit=443
  ->  Seq Scan on followers f1  (cost=0.00..1443.00 rows=100000 width=8) (actual rows=100000 loops=1)
        Buffers: shared hit=443
Planning Time: 0.049 ms
Execution Time: 24.486 ms",31.147,1974.62,3162,"HashAggregate  (cost=1943.00..1974.62 rows=3162 width=12) (actual rows=3162 loops=1)
  Group Key: user_id
  Batches: 1  Memory Usage: 369kB
  Buffers: shared hit=443
  ->  Seq Scan on followers f1  (cost=0.00..1443.00 rows=100000 width=8) (actual rows=100000 loops=1)
        Buffers: shared hit=443
Planning Time: 0.074 ms
Execution Time: 31.147 ms",28.7824,27.667,34.367,40.163,1974.62,1974.62,3162,3162,3162,3162
1034,1729,17,Easy,"select t_followers_0.user_id as user_id, count(t_followers_0.follower_id) as followers_count from schema_1729.followers as t_followers_0 group by t_followers_0.user_id",22.803,1974.62,3162,"HashAggregate  (cost=1943.00..1974.62 rows=3162 width=12) (actual rows=3162 loops=1)
  Group Key: user_id
  Batches: 1  Memory Usage: 369kB
  Buffers: shared hit=443
  ->  Seq Scan on followers t_followers_0  (cost=0.00..1443.00 rows=100000 width=8) (actual rows=100000 loops=1)
        Buffers: shared hit=443
Planning Time: 0.048 ms
Execution Time: 22.803 ms",27.066,1974.62,3162,"HashAggregate  (cost=1943.00..1974.62 rows=3162 width=12) (actual rows=3162 loops=1)
  Group Key: user_id
  Batches: 1  Memory Usage: 369kB
  Buffers: shared hit=443
  ->  Seq Scan on followers t_followers_0  (cost=0.00..1443.00 rows=100000 width=8) (actual rows=100000 loops=1)
        Buffers: shared hit=443
Planning Time: 0.120 ms
Execution Time: 27.066 ms",30.581,1974.62,3162,"HashAggregate  (cost=1943.00..1974.62 rows=3162 width=12) (actual rows=3162 loops=1)
  Group Key: user_id
  Batches: 1  Memory Usage: 369kB
  Buffers: shared hit=443
  ->  Seq Scan on followers t_followers_0  (cost=0.00..1443.00 rows=100000 width=8) (actual rows=100000 loops=1)
        Buffers: shared hit=443
Planning Time: 0.070 ms
Execution Time: 30.581 ms",26.314,1974.62,3162,"HashAggregate  (cost=1943.00..1974.62 rows=3162 width=12) (actual rows=3162 loops=1)
  Group Key: user_id
  Batches: 1  Memory Usage: 369kB
  Buffers: shared hit=443
  ->  Seq Scan on followers t_followers_0  (cost=0.00..1443.00 rows=100000 width=8) (actual rows=100000 loops=1)
        Buffers: shared hit=443
Planning Time: 0.131 ms
Execution Time: 26.314 ms",29.818,1974.62,3162,"HashAggregate  (cost=1943.00..1974.62 rows=3162 width=12) (actual rows=3162 loops=1)
  Group Key: user_id
  Batches: 1  Memory Usage: 369kB
  Buffers: shared hit=443
  ->  Seq Scan on followers t_followers_0  (cost=0.00..1443.00 rows=100000 width=8) (actual rows=100000 loops=1)
        Buffers: shared hit=443
Planning Time: 0.068 ms
Execution Time: 29.818 ms",27.3164,27.066,30.1995,30.8862,1974.62,1974.62,3162,3162,3162,3162
1035,1729,21,Easy,"select distinct t_cte_1.c_user_id0 as user_id, t_cte_1.c_count0 as followers_count from (select count(t_followers_0.follower_id) as c_count0, t_followers_0.user_id as c_user_id0 from schema_1729.followers as t_followers_0 group by t_followers_0.user_id) as t_cte_1 order by user_id asc",24.42,2039.12,3162,"Sort  (cost=2038.33..2039.12 rows=316 width=12) (actual rows=3162 loops=1)
  Sort Key: t_followers_0.user_id
  Sort Method: quicksort  Memory: 245kB
  Buffers: shared hit=443
  ->  HashAggregate  (cost=2022.05..2025.21 rows=316 width=12) (actual rows=3162 loops=1)
        Group Key: t_followers_0.user_id, count(t_followers_0.follower_id)
        Batches: 1  Memory Usage: 369kB
        Buffers: shared hit=443
        ->  HashAggregate  (cost=1943.00..1974.62 rows=3162 width=12) (actual rows=3162 loops=1)
              Group Key: t_followers_0.user_id
              Batches: 1  Memory Usage: 369kB
              Buffers: shared hit=443
              ->  Seq Scan on followers t_followers_0  (cost=0.00..1443.00 rows=100000 width=8) (actual rows=100000 loops=1)
                    Buffers: shared hit=443
Planning Time: 0.085 ms
Execution Time: 24.420 ms",30.52,2039.12,3162,"Sort  (cost=2038.33..2039.12 rows=316 width=12) (actual rows=3162 loops=1)
  Sort Key: t_followers_0.user_id
  Sort Method: quicksort  Memory: 245kB
  Buffers: shared hit=443
  ->  HashAggregate  (cost=2022.05..2025.21 rows=316 width=12) (actual rows=3162 loops=1)
        Group Key: t_followers_0.user_id, count(t_followers_0.follower_id)
        Batches: 1  Memory Usage: 369kB
        Buffers: shared hit=443
        ->  HashAggregate  (cost=1943.00..1974.62 rows=3162 width=12) (actual rows=3162 loops=1)
              Group Key: t_followers_0.user_id
              Batches: 1  Memory Usage: 369kB
              Buffers: shared hit=443
              ->  Seq Scan on followers t_followers_0  (cost=0.00..1443.00 rows=100000 width=8) (actual rows=100000 loops=1)
                    Buffers: shared hit=443
Planning Time: 0.088 ms
Execution Time: 30.520 ms",31.116,2039.12,3162,"Sort  (cost=2038.33..2039.12 rows=316 width=12) (actual rows=3162 loops=1)
  Sort Key: t_followers_0.user_id
  Sort Method: quicksort  Memory: 245kB
  Buffers: shared hit=443
  ->  HashAggregate  (cost=2022.05..2025.21 rows=316 width=12) (actual rows=3162 loops=1)
        Group Key: t_followers_0.user_id, count(t_followers_0.follower_id)
        Batches: 1  Memory Usage: 369kB
        Buffers: shared hit=443
        ->  HashAggregate  (cost=1943.00..1974.62 rows=3162 width=12) (actual rows=3162 loops=1)
              Group Key: t_followers_0.user_id
              Batches: 1  Memory Usage: 369kB
              Buffers: shared hit=443
              ->  Seq Scan on followers t_followers_0  (cost=0.00..1443.00 rows=100000 width=8) (actual rows=100000 loops=1)
                    Buffers: shared hit=443
Planning Time: 0.095 ms
Execution Time: 31.116 ms",30.033,2039.12,3162,"Sort  (cost=2038.33..2039.12 rows=316 width=12) (actual rows=3162 loops=1)
  Sort Key: t_followers_0.user_id
  Sort Method: quicksort  Memory: 245kB
  Buffers: shared hit=443
  ->  HashAggregate  (cost=2022.05..2025.21 rows=316 width=12) (actual rows=3162 loops=1)
        Group Key: t_followers_0.user_id, count(t_followers_0.follower_id)
        Batches: 1  Memory Usage: 369kB
        Buffers: shared hit=443
        ->  HashAggregate  (cost=1943.00..1974.62 rows=3162 width=12) (actual rows=3162 loops=1)
              Group Key: t_followers_0.user_id
              Batches: 1  Memory Usage: 369kB
              Buffers: shared hit=443
              ->  Seq Scan on followers t_followers_0  (cost=0.00..1443.00 rows=100000 width=8) (actual rows=100000 loops=1)
                    Buffers: shared hit=443
Planning Time: 0.079 ms
Execution Time: 30.033 ms",42.649,2039.12,3162,"Sort  (cost=2038.33..2039.12 rows=316 width=12) (actual rows=3162 loops=1)
  Sort Key: t_followers_0.user_id
  Sort Method: quicksort  Memory: 245kB
  Buffers: shared hit=443
  ->  HashAggregate  (cost=2022.05..2025.21 rows=316 width=12) (actual rows=3162 loops=1)
        Group Key: t_followers_0.user_id, count(t_followers_0.follower_id)
        Batches: 1  Memory Usage: 369kB
        Buffers: shared hit=443
        ->  HashAggregate  (cost=1943.00..1974.62 rows=3162 width=12) (actual rows=3162 loops=1)
              Group Key: t_followers_0.user_id
              Batches: 1  Memory Usage: 369kB
              Buffers: shared hit=443
              ->  Seq Scan on followers t_followers_0  (cost=0.00..1443.00 rows=100000 width=8) (actual rows=100000 loops=1)
                    Buffers: shared hit=443
Planning Time: 0.064 ms
Execution Time: 42.649 ms",31.7476,30.52,36.8825,47.2622,2039.12,2039.12,3162,3162,3162,3162
1040,1729,50,Easy,"select distinct t_cte_1.c_user_id0 as user_id, t_cte_1.c_count0 as followers_count from (select t_followers_0.user_id as c_user_id0, count(t_followers_0.follower_id) as c_count0 from schema_1729.followers as t_followers_0 group by t_followers_0.user_id) as t_cte_1 order by user_id asc",24.99,2039.12,3162,"Sort  (cost=2038.33..2039.12 rows=316 width=12) (actual rows=3162 loops=1)
  Sort Key: t_followers_0.user_id
  Sort Method: quicksort  Memory: 245kB
  Buffers: shared hit=443
  ->  HashAggregate  (cost=2022.05..2025.21 rows=316 width=12) (actual rows=3162 loops=1)
        Group Key: t_followers_0.user_id, count(t_followers_0.follower_id)
        Batches: 1  Memory Usage: 369kB
        Buffers: shared hit=443
        ->  HashAggregate  (cost=1943.00..1974.62 rows=3162 width=12) (actual rows=3162 loops=1)
              Group Key: t_followers_0.user_id
              Batches: 1  Memory Usage: 369kB
              Buffers: shared hit=443
              ->  Seq Scan on followers t_followers_0  (cost=0.00..1443.00 rows=100000 width=8) (actual rows=100000 loops=1)
                    Buffers: shared hit=443
Planning Time: 0.065 ms
Execution Time: 24.990 ms",31.699,2039.12,3162,"Sort  (cost=2038.33..2039.12 rows=316 width=12) (actual rows=3162 loops=1)
  Sort Key: t_followers_0.user_id
  Sort Method: quicksort  Memory: 245kB
  Buffers: shared hit=443
  ->  HashAggregate  (cost=2022.05..2025.21 rows=316 width=12) (actual rows=3162 loops=1)
        Group Key: t_followers_0.user_id, count(t_followers_0.follower_id)
        Batches: 1  Memory Usage: 369kB
        Buffers: shared hit=443
        ->  HashAggregate  (cost=1943.00..1974.62 rows=3162 width=12) (actual rows=3162 loops=1)
              Group Key: t_followers_0.user_id
              Batches: 1  Memory Usage: 369kB
              Buffers: shared hit=443
              ->  Seq Scan on followers t_followers_0  (cost=0.00..1443.00 rows=100000 width=8) (actual rows=100000 loops=1)
                    Buffers: shared hit=443
Planning Time: 0.092 ms
Execution Time: 31.699 ms",31.469,2039.12,3162,"Sort  (cost=2038.33..2039.12 rows=316 width=12) (actual rows=3162 loops=1)
  Sort Key: t_followers_0.user_id
  Sort Method: quicksort  Memory: 245kB
  Buffers: shared hit=443
  ->  HashAggregate  (cost=2022.05..2025.21 rows=316 width=12) (actual rows=3162 loops=1)
        Group Key: t_followers_0.user_id, count(t_followers_0.follower_id)
        Batches: 1  Memory Usage: 369kB
        Buffers: shared hit=443
        ->  HashAggregate  (cost=1943.00..1974.62 rows=3162 width=12) (actual rows=3162 loops=1)
              Group Key: t_followers_0.user_id
              Batches: 1  Memory Usage: 369kB
              Buffers: shared hit=443
              ->  Seq Scan on followers t_followers_0  (cost=0.00..1443.00 rows=100000 width=8) (actual rows=100000 loops=1)
                    Buffers: shared hit=443
Planning Time: 0.159 ms
Execution Time: 31.469 ms",28.313,2039.12,3162,"Sort  (cost=2038.33..2039.12 rows=316 width=12) (actual rows=3162 loops=1)
  Sort Key: t_followers_0.user_id
  Sort Method: quicksort  Memory: 245kB
  Buffers: shared hit=443
  ->  HashAggregate  (cost=2022.05..2025.21 rows=316 width=12) (actual rows=3162 loops=1)
        Group Key: t_followers_0.user_id, count(t_followers_0.follower_id)
        Batches: 1  Memory Usage: 369kB
        Buffers: shared hit=443
        ->  HashAggregate  (cost=1943.00..1974.62 rows=3162 width=12) (actual rows=3162 loops=1)
              Group Key: t_followers_0.user_id
              Batches: 1  Memory Usage: 369kB
              Buffers: shared hit=443
              ->  Seq Scan on followers t_followers_0  (cost=0.00..1443.00 rows=100000 width=8) (actual rows=100000 loops=1)
                    Buffers: shared hit=443
Planning Time: 0.114 ms
Execution Time: 28.313 ms",32.381,2039.12,3162,"Sort  (cost=2038.33..2039.12 rows=316 width=12) (actual rows=3162 loops=1)
  Sort Key: t_followers_0.user_id
  Sort Method: quicksort  Memory: 245kB
  Buffers: shared hit=443
  ->  HashAggregate  (cost=2022.05..2025.21 rows=316 width=12) (actual rows=3162 loops=1)
        Group Key: t_followers_0.user_id, count(t_followers_0.follower_id)
        Batches: 1  Memory Usage: 369kB
        Buffers: shared hit=443
        ->  HashAggregate  (cost=1943.00..1974.62 rows=3162 width=12) (actual rows=3162 loops=1)
              Group Key: t_followers_0.user_id
              Batches: 1  Memory Usage: 369kB
              Buffers: shared hit=443
              ->  Seq Scan on followers t_followers_0  (cost=0.00..1443.00 rows=100000 width=8) (actual rows=100000 loops=1)
                    Buffers: shared hit=443
Planning Time: 0.094 ms
Execution Time: 32.381 ms",29.7704,31.469,32.04,32.6538,2039.12,2039.12,3162,3162,3162,3162
1042,1729,66,Easy,"select distinct t_cte_7.c_user_id0 as user_id, t_cte_7.c_count0 as followers_count from (select count(t_followers_0.follower_id) as c_count0, t_followers_0.user_id as c_user_id0 from schema_1729.followers as t_followers_0 group by t_followers_0.user_id) as t_cte_7 order by user_id asc",33.627,2039.12,3162,"Sort  (cost=2038.33..2039.12 rows=316 width=12) (actual rows=3162 loops=1)
  Sort Key: t_followers_0.user_id
  Sort Method: quicksort  Memory: 245kB
  Buffers: shared hit=443
  ->  HashAggregate  (cost=2022.05..2025.21 rows=316 width=12) (actual rows=3162 loops=1)
        Group Key: t_followers_0.user_id, count(t_followers_0.follower_id)
        Batches: 1  Memory Usage: 369kB
        Buffers: shared hit=443
        ->  HashAggregate  (cost=1943.00..1974.62 rows=3162 width=12) (actual rows=3162 loops=1)
              Group Key: t_followers_0.user_id
              Batches: 1  Memory Usage: 369kB
              Buffers: shared hit=443
              ->  Seq Scan on followers t_followers_0  (cost=0.00..1443.00 rows=100000 width=8) (actual rows=100000 loops=1)
                    Buffers: shared hit=443
Planning Time: 0.087 ms
Execution Time: 33.627 ms",29.914,2039.12,3162,"Sort  (cost=2038.33..2039.12 rows=316 width=12) (actual rows=3162 loops=1)
  Sort Key: t_followers_0.user_id
  Sort Method: quicksort  Memory: 245kB
  Buffers: shared hit=443
  ->  HashAggregate  (cost=2022.05..2025.21 rows=316 width=12) (actual rows=3162 loops=1)
        Group Key: t_followers_0.user_id, count(t_followers_0.follower_id)
        Batches: 1  Memory Usage: 369kB
        Buffers: shared hit=443
        ->  HashAggregate  (cost=1943.00..1974.62 rows=3162 width=12) (actual rows=3162 loops=1)
              Group Key: t_followers_0.user_id
              Batches: 1  Memory Usage: 369kB
              Buffers: shared hit=443
              ->  Seq Scan on followers t_followers_0  (cost=0.00..1443.00 rows=100000 width=8) (actual rows=100000 loops=1)
                    Buffers: shared hit=443
Planning Time: 0.180 ms
Execution Time: 29.914 ms",30.946,2039.12,3162,"Sort  (cost=2038.33..2039.12 rows=316 width=12) (actual rows=3162 loops=1)
  Sort Key: t_followers_0.user_id
  Sort Method: quicksort  Memory: 245kB
  Buffers: shared hit=443
  ->  HashAggregate  (cost=2022.05..2025.21 rows=316 width=12) (actual rows=3162 loops=1)
        Group Key: t_followers_0.user_id, count(t_followers_0.follower_id)
        Batches: 1  Memory Usage: 369kB
        Buffers: shared hit=443
        ->  HashAggregate  (cost=1943.00..1974.62 rows=3162 width=12) (actual rows=3162 loops=1)
              Group Key: t_followers_0.user_id
              Batches: 1  Memory Usage: 369kB
              Buffers: shared hit=443
              ->  Seq Scan on followers t_followers_0  (cost=0.00..1443.00 rows=100000 width=8) (actual rows=100000 loops=1)
                    Buffers: shared hit=443
Planning Time: 0.105 ms
Execution Time: 30.946 ms",28.252,2039.12,3162,"Sort  (cost=2038.33..2039.12 rows=316 width=12) (actual rows=3162 loops=1)
  Sort Key: t_followers_0.user_id
  Sort Method: quicksort  Memory: 245kB
  Buffers: shared hit=443
  ->  HashAggregate  (cost=2022.05..2025.21 rows=316 width=12) (actual rows=3162 loops=1)
        Group Key: t_followers_0.user_id, count(t_followers_0.follower_id)
        Batches: 1  Memory Usage: 369kB
        Buffers: shared hit=443
        ->  HashAggregate  (cost=1943.00..1974.62 rows=3162 width=12) (actual rows=3162 loops=1)
              Group Key: t_followers_0.user_id
              Batches: 1  Memory Usage: 369kB
              Buffers: shared hit=443
              ->  Seq Scan on followers t_followers_0  (cost=0.00..1443.00 rows=100000 width=8) (actual rows=100000 loops=1)
                    Buffers: shared hit=443
Planning Time: 0.163 ms
Execution Time: 28.252 ms",37.139,2039.12,3162,"Sort  (cost=2038.33..2039.12 rows=316 width=12) (actual rows=3162 loops=1)
  Sort Key: t_followers_0.user_id
  Sort Method: quicksort  Memory: 245kB
  Buffers: shared hit=443
  ->  HashAggregate  (cost=2022.05..2025.21 rows=316 width=12) (actual rows=3162 loops=1)
        Group Key: t_followers_0.user_id, count(t_followers_0.follower_id)
        Batches: 1  Memory Usage: 369kB
        Buffers: shared hit=443
        ->  HashAggregate  (cost=1943.00..1974.62 rows=3162 width=12) (actual rows=3162 loops=1)
              Group Key: t_followers_0.user_id
              Batches: 1  Memory Usage: 369kB
              Buffers: shared hit=443
              ->  Seq Scan on followers t_followers_0  (cost=0.00..1443.00 rows=100000 width=8) (actual rows=100000 loops=1)
                    Buffers: shared hit=443
Planning Time: 0.090 ms
Execution Time: 37.139 ms",31.9756,30.946,35.383,38.5438,2039.12,2039.12,3162,3162,3162,3162
1043,1729,80,Easy,"select t_followers_0.user_id as user_id, count(t_followers_0.user_id) as followers_count from schema_1729.followers as t_followers_0 group by t_followers_0.user_id",21.838,1974.62,3162,"HashAggregate  (cost=1943.00..1974.62 rows=3162 width=12) (actual rows=3162 loops=1)
  Group Key: user_id
  Batches: 1  Memory Usage: 369kB
  Buffers: shared hit=443
  ->  Seq Scan on followers t_followers_0  (cost=0.00..1443.00 rows=100000 width=4) (actual rows=100000 loops=1)
        Buffers: shared hit=443
Planning Time: 0.047 ms
Execution Time: 21.838 ms",26.041,1974.62,3162,"HashAggregate  (cost=1943.00..1974.62 rows=3162 width=12) (actual rows=3162 loops=1)
  Group Key: user_id
  Batches: 1  Memory Usage: 369kB
  Buffers: shared hit=443
  ->  Seq Scan on followers t_followers_0  (cost=0.00..1443.00 rows=100000 width=4) (actual rows=100000 loops=1)
        Buffers: shared hit=443
Planning Time: 0.080 ms
Execution Time: 26.041 ms",29.974,1974.62,3162,"HashAggregate  (cost=1943.00..1974.62 rows=3162 width=12) (actual rows=3162 loops=1)
  Group Key: user_id
  Batches: 1  Memory Usage: 369kB
  Buffers: shared hit=443
  ->  Seq Scan on followers t_followers_0  (cost=0.00..1443.00 rows=100000 width=4) (actual rows=100000 loops=1)
        Buffers: shared hit=443
Planning Time: 0.071 ms
Execution Time: 29.974 ms",28.971,1974.62,3162,"HashAggregate  (cost=1943.00..1974.62 rows=3162 width=12) (actual rows=3162 loops=1)
  Group Key: user_id
  Batches: 1  Memory Usage: 369kB
  Buffers: shared hit=443
  ->  Seq Scan on followers t_followers_0  (cost=0.00..1443.00 rows=100000 width=4) (actual rows=100000 loops=1)
        Buffers: shared hit=443
Planning Time: 0.064 ms
Execution Time: 28.971 ms",25.354,1974.62,3162,"HashAggregate  (cost=1943.00..1974.62 rows=3162 width=12) (actual rows=3162 loops=1)
  Group Key: user_id
  Batches: 1  Memory Usage: 369kB
  Buffers: shared hit=443
  ->  Seq Scan on followers t_followers_0  (cost=0.00..1443.00 rows=100000 width=4) (actual rows=100000 loops=1)
        Buffers: shared hit=443
Planning Time: 0.101 ms
Execution Time: 25.354 ms",26.4356,26.041,29.4725,30.3752,1974.62,1974.62,3162,3162,3162,3162
1044,1729,83,Easy,"select distinct t_cte_2.c_user_id0 as user_id, t_cte_2.c_count0 as followers_count from (select t_followers_0.user_id as c_user_id0, count(t_followers_0.follower_id) as c_count0 from schema_1729.followers as t_followers_0 group by t_followers_0.user_id) as t_cte_2 order by user_id asc",24.673,2039.12,3162,"Sort  (cost=2038.33..2039.12 rows=316 width=12) (actual rows=3162 loops=1)
  Sort Key: t_followers_0.user_id
  Sort Method: quicksort  Memory: 245kB
  Buffers: shared hit=443
  ->  HashAggregate  (cost=2022.05..2025.21 rows=316 width=12) (actual rows=3162 loops=1)
        Group Key: t_followers_0.user_id, count(t_followers_0.follower_id)
        Batches: 1  Memory Usage: 369kB
        Buffers: shared hit=443
        ->  HashAggregate  (cost=1943.00..1974.62 rows=3162 width=12) (actual rows=3162 loops=1)
              Group Key: t_followers_0.user_id
              Batches: 1  Memory Usage: 369kB
              Buffers: shared hit=443
              ->  Seq Scan on followers t_followers_0  (cost=0.00..1443.00 rows=100000 width=8) (actual rows=100000 loops=1)
                    Buffers: shared hit=443
Planning Time: 0.064 ms
Execution Time: 24.673 ms",30.129,2039.12,3162,"Sort  (cost=2038.33..2039.12 rows=316 width=12) (actual rows=3162 loops=1)
  Sort Key: t_followers_0.user_id
  Sort Method: quicksort  Memory: 245kB
  Buffers: shared hit=443
  ->  HashAggregate  (cost=2022.05..2025.21 rows=316 width=12) (actual rows=3162 loops=1)
        Group Key: t_followers_0.user_id, count(t_followers_0.follower_id)
        Batches: 1  Memory Usage: 369kB
        Buffers: shared hit=443
        ->  HashAggregate  (cost=1943.00..1974.62 rows=3162 width=12) (actual rows=3162 loops=1)
              Group Key: t_followers_0.user_id
              Batches: 1  Memory Usage: 369kB
              Buffers: shared hit=443
              ->  Seq Scan on followers t_followers_0  (cost=0.00..1443.00 rows=100000 width=8) (actual rows=100000 loops=1)
                    Buffers: shared hit=443
Planning Time: 0.096 ms
Execution Time: 30.129 ms",29.123,2039.12,3162,"Sort  (cost=2038.33..2039.12 rows=316 width=12) (actual rows=3162 loops=1)
  Sort Key: t_followers_0.user_id
  Sort Method: quicksort  Memory: 245kB
  Buffers: shared hit=443
  ->  HashAggregate  (cost=2022.05..2025.21 rows=316 width=12) (actual rows=3162 loops=1)
        Group Key: t_followers_0.user_id, count(t_followers_0.follower_id)
        Batches: 1  Memory Usage: 369kB
        Buffers: shared hit=443
        ->  HashAggregate  (cost=1943.00..1974.62 rows=3162 width=12) (actual rows=3162 loops=1)
              Group Key: t_followers_0.user_id
              Batches: 1  Memory Usage: 369kB
              Buffers: shared hit=443
              ->  Seq Scan on followers t_followers_0  (cost=0.00..1443.00 rows=100000 width=8) (actual rows=100000 loops=1)
                    Buffers: shared hit=443
Planning Time: 0.108 ms
Execution Time: 29.123 ms",27.998,2039.12,3162,"Sort  (cost=2038.33..2039.12 rows=316 width=12) (actual rows=3162 loops=1)
  Sort Key: t_followers_0.user_id
  Sort Method: quicksort  Memory: 245kB
  Buffers: shared hit=443
  ->  HashAggregate  (cost=2022.05..2025.21 rows=316 width=12) (actual rows=3162 loops=1)
        Group Key: t_followers_0.user_id, count(t_followers_0.follower_id)
        Batches: 1  Memory Usage: 369kB
        Buffers: shared hit=443
        ->  HashAggregate  (cost=1943.00..1974.62 rows=3162 width=12) (actual rows=3162 loops=1)
              Group Key: t_followers_0.user_id
              Batches: 1  Memory Usage: 369kB
              Buffers: shared hit=443
              ->  Seq Scan on followers t_followers_0  (cost=0.00..1443.00 rows=100000 width=8) (actual rows=100000 loops=1)
                    Buffers: shared hit=443
Planning Time: 0.095 ms
Execution Time: 27.998 ms",28.321,2039.12,3162,"Sort  (cost=2038.33..2039.12 rows=316 width=12) (actual rows=3162 loops=1)
  Sort Key: t_followers_0.user_id
  Sort Method: quicksort  Memory: 245kB
  Buffers: shared hit=443
  ->  HashAggregate  (cost=2022.05..2025.21 rows=316 width=12) (actual rows=3162 loops=1)
        Group Key: t_followers_0.user_id, count(t_followers_0.follower_id)
        Batches: 1  Memory Usage: 369kB
        Buffers: shared hit=443
        ->  HashAggregate  (cost=1943.00..1974.62 rows=3162 width=12) (actual rows=3162 loops=1)
              Group Key: t_followers_0.user_id
              Batches: 1  Memory Usage: 369kB
              Buffers: shared hit=443
              ->  Seq Scan on followers t_followers_0  (cost=0.00..1443.00 rows=100000 width=8) (actual rows=100000 loops=1)
                    Buffers: shared hit=443
Planning Time: 0.098 ms
Execution Time: 28.321 ms",28.0488,28.321,29.626,30.5314,2039.12,2039.12,3162,3162,3162,3162
1045,1729,84,Easy,"select t_followers_0.user_id as user_id, count(t_followers_0.follower_id) as followers_count from schema_1729.followers as t_followers_0 group by t_followers_0.user_id",23.206,1974.62,3162,"HashAggregate  (cost=1943.00..1974.62 rows=3162 width=12) (actual rows=3162 loops=1)
  Group Key: user_id
  Batches: 1  Memory Usage: 369kB
  Buffers: shared hit=443
  ->  Seq Scan on followers t_followers_0  (cost=0.00..1443.00 rows=100000 width=8) (actual rows=100000 loops=1)
        Buffers: shared hit=443
Planning Time: 0.047 ms
Execution Time: 23.206 ms",27.373,1974.62,3162,"HashAggregate  (cost=1943.00..1974.62 rows=3162 width=12) (actual rows=3162 loops=1)
  Group Key: user_id
  Batches: 1  Memory Usage: 369kB
  Buffers: shared hit=443
  ->  Seq Scan on followers t_followers_0  (cost=0.00..1443.00 rows=100000 width=8) (actual rows=100000 loops=1)
        Buffers: shared hit=443
Planning Time: 0.079 ms
Execution Time: 27.373 ms",27.941,1974.62,3162,"HashAggregate  (cost=1943.00..1974.62 rows=3162 width=12) (actual rows=3162 loops=1)
  Group Key: user_id
  Batches: 1  Memory Usage: 369kB
  Buffers: shared hit=443
  ->  Seq Scan on followers t_followers_0  (cost=0.00..1443.00 rows=100000 width=8) (actual rows=100000 loops=1)
        Buffers: shared hit=443
Planning Time: 0.078 ms
Execution Time: 27.941 ms",28.491,1974.62,3162,"HashAggregate  (cost=1943.00..1974.62 rows=3162 width=12) (actual rows=3162 loops=1)
  Group Key: user_id
  Batches: 1  Memory Usage: 369kB
  Buffers: shared hit=443
  ->  Seq Scan on followers t_followers_0  (cost=0.00..1443.00 rows=100000 width=8) (actual rows=100000 loops=1)
        Buffers: shared hit=443
Planning Time: 0.059 ms
Execution Time: 28.491 ms",26.252,1974.62,3162,"HashAggregate  (cost=1943.00..1974.62 rows=3162 width=12) (actual rows=3162 loops=1)
  Group Key: user_id
  Batches: 1  Memory Usage: 369kB
  Buffers: shared hit=443
  ->  Seq Scan on followers t_followers_0  (cost=0.00..1443.00 rows=100000 width=8) (actual rows=100000 loops=1)
        Buffers: shared hit=443
Planning Time: 0.070 ms
Execution Time: 26.252 ms",26.6526,27.373,28.216,28.711,1974.62,1974.62,3162,3162,3162,3162
1046,1729,91,Easy,"select t_followers_0.user_id as user_id, count(t_followers_0.follower_id) as followers_count from schema_1729.followers as t_followers_0 group by t_followers_0.user_id",22.763,1974.62,3162,"HashAggregate  (cost=1943.00..1974.62 rows=3162 width=12) (actual rows=3162 loops=1)
  Group Key: user_id
  Batches: 1  Memory Usage: 369kB
  Buffers: shared hit=443
  ->  Seq Scan on followers t_followers_0  (cost=0.00..1443.00 rows=100000 width=8) (actual rows=100000 loops=1)
        Buffers: shared hit=443
Planning Time: 0.047 ms
Execution Time: 22.763 ms",28.381,1974.62,3162,"HashAggregate  (cost=1943.00..1974.62 rows=3162 width=12) (actual rows=3162 loops=1)
  Group Key: user_id
  Batches: 1  Memory Usage: 369kB
  Buffers: shared hit=443
  ->  Seq Scan on followers t_followers_0  (cost=0.00..1443.00 rows=100000 width=8) (actual rows=100000 loops=1)
        Buffers: shared hit=443
Planning Time: 0.069 ms
Execution Time: 28.381 ms",26.408,1974.62,3162,"HashAggregate  (cost=1943.00..1974.62 rows=3162 width=12) (actual rows=3162 loops=1)
  Group Key: user_id
  Batches: 1  Memory Usage: 369kB
  Buffers: shared hit=443
  ->  Seq Scan on followers t_followers_0  (cost=0.00..1443.00 rows=100000 width=8) (actual rows=100000 loops=1)
        Buffers: shared hit=443
Planning Time: 0.076 ms
Execution Time: 26.408 ms",31.03,1974.62,3162,"HashAggregate  (cost=1943.00..1974.62 rows=3162 width=12) (actual rows=3162 loops=1)
  Group Key: user_id
  Batches: 1  Memory Usage: 369kB
  Buffers: shared hit=443
  ->  Seq Scan on followers t_followers_0  (cost=0.00..1443.00 rows=100000 width=8) (actual rows=100000 loops=1)
        Buffers: shared hit=443
Planning Time: 0.076 ms
Execution Time: 31.030 ms",30.763,1974.62,3162,"HashAggregate  (cost=1943.00..1974.62 rows=3162 width=12) (actual rows=3162 loops=1)
  Group Key: user_id
  Batches: 1  Memory Usage: 369kB
  Buffers: shared hit=443
  ->  Seq Scan on followers t_followers_0  (cost=0.00..1443.00 rows=100000 width=8) (actual rows=100000 loops=1)
        Buffers: shared hit=443
Planning Time: 0.067 ms
Execution Time: 30.763 ms",27.869,28.381,30.8965,31.1368,1974.62,1974.62,3162,3162,3162,3162
1048,1729,97,Easy,"select user_id.user_id as user_id, count(user_id.follower_id) as followers_count from schema_1729.followers as user_id group by user_id.user_id",30.577,1974.62,3162,"HashAggregate  (cost=1943.00..1974.62 rows=3162 width=12) (actual rows=3162 loops=1)
  Group Key: user_id
  Batches: 1  Memory Usage: 369kB
  Buffers: shared hit=443
  ->  Seq Scan on followers user_id  (cost=0.00..1443.00 rows=100000 width=8) (actual rows=100000 loops=1)
        Buffers: shared hit=443
Planning Time: 0.062 ms
Execution Time: 30.577 ms",31.117,1974.62,3162,"HashAggregate  (cost=1943.00..1974.62 rows=3162 width=12) (actual rows=3162 loops=1)
  Group Key: user_id
  Batches: 1  Memory Usage: 369kB
  Buffers: shared hit=443
  ->  Seq Scan on followers user_id  (cost=0.00..1443.00 rows=100000 width=8) (actual rows=100000 loops=1)
        Buffers: shared hit=443
Planning Time: 0.064 ms
Execution Time: 31.117 ms",26.946,1974.62,3162,"HashAggregate  (cost=1943.00..1974.62 rows=3162 width=12) (actual rows=3162 loops=1)
  Group Key: user_id
  Batches: 1  Memory Usage: 369kB
  Buffers: shared hit=443
  ->  Seq Scan on followers user_id  (cost=0.00..1443.00 rows=100000 width=8) (actual rows=100000 loops=1)
        Buffers: shared hit=443
Planning Time: 0.090 ms
Execution Time: 26.946 ms",27.877,1974.62,3162,"HashAggregate  (cost=1943.00..1974.62 rows=3162 width=12) (actual rows=3162 loops=1)
  Group Key: user_id
  Batches: 1  Memory Usage: 369kB
  Buffers: shared hit=443
  ->  Seq Scan on followers user_id  (cost=0.00..1443.00 rows=100000 width=8) (actual rows=100000 loops=1)
        Buffers: shared hit=443
Planning Time: 0.065 ms
Execution Time: 27.877 ms",33.826,1974.62,3162,"HashAggregate  (cost=1943.00..1974.62 rows=3162 width=12) (actual rows=3162 loops=1)
  Group Key: user_id
  Batches: 1  Memory Usage: 369kB
  Buffers: shared hit=443
  ->  Seq Scan on followers user_id  (cost=0.00..1443.00 rows=100000 width=8) (actual rows=100000 loops=1)
        Buffers: shared hit=443
Planning Time: 0.061 ms
Execution Time: 33.826 ms",30.0686,30.577,32.4715,34.9096,1974.62,1974.62,3162,3162,3162,3162
1049,1729,116,Easy,"select distinct t_cte_6.c_user_id0 as user_id, t_cte_6.c_count0 as followers_count from (select f.user_id as c_user_id0, count(f.follower_id) as c_count0 from schema_1729.followers as f group by f.user_id) as t_cte_6 order by user_id asc",24.489,2039.12,3162,"Sort  (cost=2038.33..2039.12 rows=316 width=12) (actual rows=3162 loops=1)
  Sort Key: f.user_id
  Sort Method: quicksort  Memory: 245kB
  Buffers: shared hit=443
  ->  HashAggregate  (cost=2022.05..2025.21 rows=316 width=12) (actual rows=3162 loops=1)
        Group Key: f.user_id, count(f.follower_id)
        Batches: 1  Memory Usage: 369kB
        Buffers: shared hit=443
        ->  HashAggregate  (cost=1943.00..1974.62 rows=3162 width=12) (actual rows=3162 loops=1)
              Group Key: f.user_id
              Batches: 1  Memory Usage: 369kB
              Buffers: shared hit=443
              ->  Seq Scan on followers f  (cost=0.00..1443.00 rows=100000 width=8) (actual rows=100000 loops=1)
                    Buffers: shared hit=443
Planning Time: 0.062 ms
Execution Time: 24.489 ms",33.898,2039.12,3162,"Sort  (cost=2038.33..2039.12 rows=316 width=12) (actual rows=3162 loops=1)
  Sort Key: f.user_id
  Sort Method: quicksort  Memory: 245kB
  Buffers: shared hit=443
  ->  HashAggregate  (cost=2022.05..2025.21 rows=316 width=12) (actual rows=3162 loops=1)
        Group Key: f.user_id, count(f.follower_id)
        Batches: 1  Memory Usage: 369kB
        Buffers: shared hit=443
        ->  HashAggregate  (cost=1943.00..1974.62 rows=3162 width=12) (actual rows=3162 loops=1)
              Group Key: f.user_id
              Batches: 1  Memory Usage: 369kB
              Buffers: shared hit=443
              ->  Seq Scan on followers f  (cost=0.00..1443.00 rows=100000 width=8) (actual rows=100000 loops=1)
                    Buffers: shared hit=443
Planning Time: 0.090 ms
Execution Time: 33.898 ms",30.984,2039.12,3162,"Sort  (cost=2038.33..2039.12 rows=316 width=12) (actual rows=3162 loops=1)
  Sort Key: f.user_id
  Sort Method: quicksort  Memory: 245kB
  Buffers: shared hit=443
  ->  HashAggregate  (cost=2022.05..2025.21 rows=316 width=12) (actual rows=3162 loops=1)
        Group Key: f.user_id, count(f.follower_id)
        Batches: 1  Memory Usage: 369kB
        Buffers: shared hit=443
        ->  HashAggregate  (cost=1943.00..1974.62 rows=3162 width=12) (actual rows=3162 loops=1)
              Group Key: f.user_id
              Batches: 1  Memory Usage: 369kB
              Buffers: shared hit=443
              ->  Seq Scan on followers f  (cost=0.00..1443.00 rows=100000 width=8) (actual rows=100000 loops=1)
                    Buffers: shared hit=443
Planning Time: 0.150 ms
Execution Time: 30.984 ms",28.881,2039.12,3162,"Sort  (cost=2038.33..2039.12 rows=316 width=12) (actual rows=3162 loops=1)
  Sort Key: f.user_id
  Sort Method: quicksort  Memory: 245kB
  Buffers: shared hit=443
  ->  HashAggregate  (cost=2022.05..2025.21 rows=316 width=12) (actual rows=3162 loops=1)
        Group Key: f.user_id, count(f.follower_id)
        Batches: 1  Memory Usage: 369kB
        Buffers: shared hit=443
        ->  HashAggregate  (cost=1943.00..1974.62 rows=3162 width=12) (actual rows=3162 loops=1)
              Group Key: f.user_id
              Batches: 1  Memory Usage: 369kB
              Buffers: shared hit=443
              ->  Seq Scan on followers f  (cost=0.00..1443.00 rows=100000 width=8) (actual rows=100000 loops=1)
                    Buffers: shared hit=443
Planning Time: 0.121 ms
Execution Time: 28.881 ms",29.25,2039.12,3162,"Sort  (cost=2038.33..2039.12 rows=316 width=12) (actual rows=3162 loops=1)
  Sort Key: f.user_id
  Sort Method: quicksort  Memory: 245kB
  Buffers: shared hit=443
  ->  HashAggregate  (cost=2022.05..2025.21 rows=316 width=12) (actual rows=3162 loops=1)
        Group Key: f.user_id, count(f.follower_id)
        Batches: 1  Memory Usage: 369kB
        Buffers: shared hit=443
        ->  HashAggregate  (cost=1943.00..1974.62 rows=3162 width=12) (actual rows=3162 loops=1)
              Group Key: f.user_id
              Batches: 1  Memory Usage: 369kB
              Buffers: shared hit=443
              ->  Seq Scan on followers f  (cost=0.00..1443.00 rows=100000 width=8) (actual rows=100000 loops=1)
                    Buffers: shared hit=443
Planning Time: 0.087 ms
Execution Time: 29.250 ms",29.5004,29.25,32.441,35.0636,2039.12,2039.12,3162,3162,3162,3162
1078,1821,3,Easy,select t_customers_0.customer_id as customer_id from schema_1821.customers as t_customers_0 where t_customers_0.year = 2021 and 0 < t_customers_0.revenue,8.232,2041,2116,"Seq Scan on customers t_customers_0  (cost=0.00..2041.00 rows=2089 width=4) (actual rows=2116 loops=1)
  Filter: ((0 < revenue) AND (year = 2021))
  Rows Removed by Filter: 97884
  Buffers: shared hit=541
Planning Time: 0.047 ms
Execution Time: 8.232 ms",10.954,2041,2116,"Seq Scan on customers t_customers_0  (cost=0.00..2041.00 rows=2089 width=4) (actual rows=2116 loops=1)
  Filter: ((0 < revenue) AND (year = 2021))
  Rows Removed by Filter: 97884
  Buffers: shared hit=541
Planning Time: 0.137 ms
Execution Time: 10.954 ms",11.9,2041,2116,"Seq Scan on customers t_customers_0  (cost=0.00..2041.00 rows=2089 width=4) (actual rows=2116 loops=1)
  Filter: ((0 < revenue) AND (year = 2021))
  Rows Removed by Filter: 97884
  Buffers: shared hit=541
Planning Time: 0.071 ms
Execution Time: 11.900 ms",12.979,2041,2116,"Seq Scan on customers t_customers_0  (cost=0.00..2041.00 rows=2089 width=4) (actual rows=2116 loops=1)
  Filter: ((0 < revenue) AND (year = 2021))
  Rows Removed by Filter: 97884
  Buffers: shared hit=541
Planning Time: 0.068 ms
Execution Time: 12.979 ms",15.949,2041,2116,"Seq Scan on customers t_customers_0  (cost=0.00..2041.00 rows=2089 width=4) (actual rows=2116 loops=1)
  Filter: ((0 < revenue) AND (year = 2021))
  Rows Removed by Filter: 97884
  Buffers: shared hit=541
Planning Time: 0.074 ms
Execution Time: 15.949 ms",12.0028,11.9,14.464,17.137,2041,2041,2116,2116,2116,2116
1080,1821,6,Easy,select t_customers_0.customer_id as customer_id from schema_1821.customers as t_customers_0 where 0 < t_customers_0.revenue and t_customers_0.year = 2021,17.389,2041,2116,"Seq Scan on customers t_customers_0  (cost=0.00..2041.00 rows=2089 width=4) (actual rows=2116 loops=1)
  Filter: ((0 < revenue) AND (year = 2021))
  Rows Removed by Filter: 97884
  Buffers: shared hit=541
Planning Time: 0.063 ms
Execution Time: 17.389 ms",13.487,2041,2116,"Seq Scan on customers t_customers_0  (cost=0.00..2041.00 rows=2089 width=4) (actual rows=2116 loops=1)
  Filter: ((0 < revenue) AND (year = 2021))
  Rows Removed by Filter: 97884
  Buffers: shared hit=541
Planning Time: 0.073 ms
Execution Time: 13.487 ms",13.375,2041,2116,"Seq Scan on customers t_customers_0  (cost=0.00..2041.00 rows=2089 width=4) (actual rows=2116 loops=1)
  Filter: ((0 < revenue) AND (year = 2021))
  Rows Removed by Filter: 97884
  Buffers: shared hit=541
Planning Time: 0.066 ms
Execution Time: 13.375 ms",13.902,2041,2116,"Seq Scan on customers t_customers_0  (cost=0.00..2041.00 rows=2089 width=4) (actual rows=2116 loops=1)
  Filter: ((0 < revenue) AND (year = 2021))
  Rows Removed by Filter: 97884
  Buffers: shared hit=541
Planning Time: 0.065 ms
Execution Time: 13.902 ms",14.463,2041,2116,"Seq Scan on customers t_customers_0  (cost=0.00..2041.00 rows=2089 width=4) (actual rows=2116 loops=1)
  Filter: ((0 < revenue) AND (year = 2021))
  Rows Removed by Filter: 97884
  Buffers: shared hit=541
Planning Time: 0.073 ms
Execution Time: 14.463 ms",14.5232,13.902,15.926,18.5594,2041,2041,2116,2116,2116,2116
1081,1821,10,Easy,select t_customers_0.customer_id as customer_id from schema_1821.customers as t_customers_0 where t_customers_0.year = '2021' and 0 < t_customers_0.revenue,10.399,2041,2116,"Seq Scan on customers t_customers_0  (cost=0.00..2041.00 rows=2089 width=4) (actual rows=2116 loops=1)
  Filter: ((0 < revenue) AND (year = 2021))
  Rows Removed by Filter: 97884
  Buffers: shared hit=541
Planning Time: 0.080 ms
Execution Time: 10.399 ms",13.001,2041,2116,"Seq Scan on customers t_customers_0  (cost=0.00..2041.00 rows=2089 width=4) (actual rows=2116 loops=1)
  Filter: ((0 < revenue) AND (year = 2021))
  Rows Removed by Filter: 97884
  Buffers: shared hit=541
Planning Time: 0.066 ms
Execution Time: 13.001 ms",17.751,2041,2116,"Seq Scan on customers t_customers_0  (cost=0.00..2041.00 rows=2089 width=4) (actual rows=2116 loops=1)
  Filter: ((0 < revenue) AND (year = 2021))
  Rows Removed by Filter: 97884
  Buffers: shared hit=541
Planning Time: 0.058 ms
Execution Time: 17.751 ms",12.644,2041,2116,"Seq Scan on customers t_customers_0  (cost=0.00..2041.00 rows=2089 width=4) (actual rows=2116 loops=1)
  Filter: ((0 < revenue) AND (year = 2021))
  Rows Removed by Filter: 97884
  Buffers: shared hit=541
Planning Time: 0.057 ms
Execution Time: 12.644 ms",15.387,2041,2116,"Seq Scan on customers t_customers_0  (cost=0.00..2041.00 rows=2089 width=4) (actual rows=2116 loops=1)
  Filter: ((0 < revenue) AND (year = 2021))
  Rows Removed by Filter: 97884
  Buffers: shared hit=541
Planning Time: 0.074 ms
Execution Time: 15.387 ms",13.8364,13.001,16.569,18.6966,2041,2041,2116,2116,2116,2116
1082,1821,11,Easy,select t_customers_0.customer_id as customer_id from schema_1821.customers as t_customers_0 where t_customers_0.year = 2021 and 0 < t_customers_0.revenue,17.336,2041,2116,"Seq Scan on customers t_customers_0  (cost=0.00..2041.00 rows=2089 width=4) (actual rows=2116 loops=1)
  Filter: ((0 < revenue) AND (year = 2021))
  Rows Removed by Filter: 97884
  Buffers: shared hit=541
Planning Time: 0.062 ms
Execution Time: 17.336 ms",16.235,2041,2116,"Seq Scan on customers t_customers_0  (cost=0.00..2041.00 rows=2089 width=4) (actual rows=2116 loops=1)
  Filter: ((0 < revenue) AND (year = 2021))
  Rows Removed by Filter: 97884
  Buffers: shared hit=541
Planning Time: 0.064 ms
Execution Time: 16.235 ms",16.422,2041,2116,"Seq Scan on customers t_customers_0  (cost=0.00..2041.00 rows=2089 width=4) (actual rows=2116 loops=1)
  Filter: ((0 < revenue) AND (year = 2021))
  Rows Removed by Filter: 97884
  Buffers: shared hit=541
Planning Time: 0.079 ms
Execution Time: 16.422 ms",16.22,2041,2116,"Seq Scan on customers t_customers_0  (cost=0.00..2041.00 rows=2089 width=4) (actual rows=2116 loops=1)
  Filter: ((0 < revenue) AND (year = 2021))
  Rows Removed by Filter: 97884
  Buffers: shared hit=541
Planning Time: 0.060 ms
Execution Time: 16.220 ms",15.603,2041,2116,"Seq Scan on customers t_customers_0  (cost=0.00..2041.00 rows=2089 width=4) (actual rows=2116 loops=1)
  Filter: ((0 < revenue) AND (year = 2021))
  Rows Removed by Filter: 97884
  Buffers: shared hit=541
Planning Time: 0.061 ms
Execution Time: 15.603 ms",16.3632,16.235,16.879,17.7016,2041,2041,2116,2116,2116,2116
1089,1821,28,Easy,select t_customers_0.customer_id as customer_id from schema_1821.customers as t_customers_0 where 0 < t_customers_0.revenue and t_customers_0.year = 2021,8.286,2041,2116,"Seq Scan on customers t_customers_0  (cost=0.00..2041.00 rows=2089 width=4) (actual rows=2116 loops=1)
  Filter: ((0 < revenue) AND (year = 2021))
  Rows Removed by Filter: 97884
  Buffers: shared hit=541
Planning Time: 0.048 ms
Execution Time: 8.286 ms",9.285,2041,2116,"Seq Scan on customers t_customers_0  (cost=0.00..2041.00 rows=2089 width=4) (actual rows=2116 loops=1)
  Filter: ((0 < revenue) AND (year = 2021))
  Rows Removed by Filter: 97884
  Buffers: shared hit=541
Planning Time: 0.048 ms
Execution Time: 9.285 ms",12.074,2041,2116,"Seq Scan on customers t_customers_0  (cost=0.00..2041.00 rows=2089 width=4) (actual rows=2116 loops=1)
  Filter: ((0 < revenue) AND (year = 2021))
  Rows Removed by Filter: 97884
  Buffers: shared hit=541
Planning Time: 0.068 ms
Execution Time: 12.074 ms",18.523,2041,2116,"Seq Scan on customers t_customers_0  (cost=0.00..2041.00 rows=2089 width=4) (actual rows=2116 loops=1)
  Filter: ((0 < revenue) AND (year = 2021))
  Rows Removed by Filter: 97884
  Buffers: shared hit=541
Planning Time: 0.076 ms
Execution Time: 18.523 ms",15.273,2041,2116,"Seq Scan on customers t_customers_0  (cost=0.00..2041.00 rows=2089 width=4) (actual rows=2116 loops=1)
  Filter: ((0 < revenue) AND (year = 2021))
  Rows Removed by Filter: 97884
  Buffers: shared hit=541
Planning Time: 0.062 ms
Execution Time: 15.273 ms",12.6882,12.074,16.898,19.823,2041,2041,2116,2116,2116,2116
1102,1821,89,Easy,select t_customers_0.customer_id as customer_id from schema_1821.customers as t_customers_0 where t_customers_0.year = '2021' and 0 < t_customers_0.revenue,11.21,2041,2116,"Seq Scan on customers t_customers_0  (cost=0.00..2041.00 rows=2089 width=4) (actual rows=2116 loops=1)
  Filter: ((0 < revenue) AND (year = 2021))
  Rows Removed by Filter: 97884
  Buffers: shared hit=541
Planning Time: 0.070 ms
Execution Time: 11.210 ms",17.466,2041,2116,"Seq Scan on customers t_customers_0  (cost=0.00..2041.00 rows=2089 width=4) (actual rows=2116 loops=1)
  Filter: ((0 < revenue) AND (year = 2021))
  Rows Removed by Filter: 97884
  Buffers: shared hit=541
Planning Time: 0.075 ms
Execution Time: 17.466 ms",13.115,2041,2116,"Seq Scan on customers t_customers_0  (cost=0.00..2041.00 rows=2089 width=4) (actual rows=2116 loops=1)
  Filter: ((0 < revenue) AND (year = 2021))
  Rows Removed by Filter: 97884
  Buffers: shared hit=541
Planning Time: 0.074 ms
Execution Time: 13.115 ms",14.875,2041,2116,"Seq Scan on customers t_customers_0  (cost=0.00..2041.00 rows=2089 width=4) (actual rows=2116 loops=1)
  Filter: ((0 < revenue) AND (year = 2021))
  Rows Removed by Filter: 97884
  Buffers: shared hit=541
Planning Time: 0.068 ms
Execution Time: 14.875 ms",16.365,2041,2116,"Seq Scan on customers t_customers_0  (cost=0.00..2041.00 rows=2089 width=4) (actual rows=2116 loops=1)
  Filter: ((0 < revenue) AND (year = 2021))
  Rows Removed by Filter: 97884
  Buffers: shared hit=541
Planning Time: 0.062 ms
Execution Time: 16.365 ms",14.6062,14.875,16.9155,17.9064,2041,2041,2116,2116,2116,2116
1105,1821,98,Easy,select t_customers_0.customer_id as customer_id from schema_1821.customers as t_customers_0 where 0 < t_customers_0.revenue and t_customers_0.year = '2021',8.752,2041,2116,"Seq Scan on customers t_customers_0  (cost=0.00..2041.00 rows=2089 width=4) (actual rows=2116 loops=1)
  Filter: ((0 < revenue) AND (year = 2021))
  Rows Removed by Filter: 97884
  Buffers: shared hit=541
Planning Time: 0.047 ms
Execution Time: 8.752 ms",10.866,2041,2116,"Seq Scan on customers t_customers_0  (cost=0.00..2041.00 rows=2089 width=4) (actual rows=2116 loops=1)
  Filter: ((0 < revenue) AND (year = 2021))
  Rows Removed by Filter: 97884
  Buffers: shared hit=541
Planning Time: 0.099 ms
Execution Time: 10.866 ms",13.212,2041,2116,"Seq Scan on customers t_customers_0  (cost=0.00..2041.00 rows=2089 width=4) (actual rows=2116 loops=1)
  Filter: ((0 < revenue) AND (year = 2021))
  Rows Removed by Filter: 97884
  Buffers: shared hit=541
Planning Time: 0.073 ms
Execution Time: 13.212 ms",15.151,2041,2116,"Seq Scan on customers t_customers_0  (cost=0.00..2041.00 rows=2089 width=4) (actual rows=2116 loops=1)
  Filter: ((0 < revenue) AND (year = 2021))
  Rows Removed by Filter: 97884
  Buffers: shared hit=541
Planning Time: 0.062 ms
Execution Time: 15.151 ms",15.117,2041,2116,"Seq Scan on customers t_customers_0  (cost=0.00..2041.00 rows=2089 width=4) (actual rows=2116 loops=1)
  Filter: ((0 < revenue) AND (year = 2021))
  Rows Removed by Filter: 97884
  Buffers: shared hit=541
Planning Time: 0.062 ms
Execution Time: 15.117 ms",12.6196,13.212,15.134,15.1646,2041,2041,2116,2116,2116,2116
1106,1821,106,Easy,select c1.customer_id as customer_id from schema_1821.customers as c1 where c1.year = 2021 group by c1.customer_id having 0 < sum(c1.revenue),10.498,1868.24,2116,"HashAggregate  (cost=1813.36..1868.24 rows=1463 width=4) (actual rows=2116 loops=1)
  Group Key: customer_id
  Filter: (0 < sum(revenue))
  Batches: 1  Memory Usage: 721kB
  Rows Removed by Filter: 2394
  Buffers: shared hit=541
  ->  Seq Scan on customers c1  (cost=0.00..1791.00 rows=4473 width=8) (actual rows=4510 loops=1)
        Filter: (year = 2021)
        Rows Removed by Filter: 95490
        Buffers: shared hit=541
Planning Time: 0.093 ms
Execution Time: 10.498 ms",18.448,1868.24,2116,"HashAggregate  (cost=1813.36..1868.24 rows=1463 width=4) (actual rows=2116 loops=1)
  Group Key: customer_id
  Filter: (0 < sum(revenue))
  Batches: 1  Memory Usage: 721kB
  Rows Removed by Filter: 2394
  Buffers: shared hit=541
  ->  Seq Scan on customers c1  (cost=0.00..1791.00 rows=4473 width=8) (actual rows=4510 loops=1)
        Filter: (year = 2021)
        Rows Removed by Filter: 95490
        Buffers: shared hit=541
Planning Time: 0.085 ms
Execution Time: 18.448 ms",14.371,1868.24,2116,"HashAggregate  (cost=1813.36..1868.24 rows=1463 width=4) (actual rows=2116 loops=1)
  Group Key: customer_id
  Filter: (0 < sum(revenue))
  Batches: 1  Memory Usage: 721kB
  Rows Removed by Filter: 2394
  Buffers: shared hit=541
  ->  Seq Scan on customers c1  (cost=0.00..1791.00 rows=4473 width=8) (actual rows=4510 loops=1)
        Filter: (year = 2021)
        Rows Removed by Filter: 95490
        Buffers: shared hit=541
Planning Time: 0.093 ms
Execution Time: 14.371 ms",17.058,1868.24,2116,"HashAggregate  (cost=1813.36..1868.24 rows=1463 width=4) (actual rows=2116 loops=1)
  Group Key: customer_id
  Filter: (0 < sum(revenue))
  Batches: 1  Memory Usage: 721kB
  Rows Removed by Filter: 2394
  Buffers: shared hit=541
  ->  Seq Scan on customers c1  (cost=0.00..1791.00 rows=4473 width=8) (actual rows=4510 loops=1)
        Filter: (year = 2021)
        Rows Removed by Filter: 95490
        Buffers: shared hit=541
Planning Time: 0.085 ms
Execution Time: 17.058 ms",17.678,1868.24,2116,"HashAggregate  (cost=1813.36..1868.24 rows=1463 width=4) (actual rows=2116 loops=1)
  Group Key: customer_id
  Filter: (0 < sum(revenue))
  Batches: 1  Memory Usage: 721kB
  Rows Removed by Filter: 2394
  Buffers: shared hit=541
  ->  Seq Scan on customers c1  (cost=0.00..1791.00 rows=4473 width=8) (actual rows=4510 loops=1)
        Filter: (year = 2021)
        Rows Removed by Filter: 95490
        Buffers: shared hit=541
Planning Time: 0.083 ms
Execution Time: 17.678 ms",15.6106,17.058,18.063,18.756,1868.24,1868.24,2116,2116,2116,2116
1111,1821,116,Easy,select i.c_customer_id0 as customer_id from (select t_customers_0.customer_id as c_customer_id0 from schema_1821.customers as t_customers_0 where t_customers_0.year = '2021' and 0 < t_customers_0.revenue) as i,8.637,2041,2116,"Seq Scan on customers t_customers_0  (cost=0.00..2041.00 rows=2089 width=4) (actual rows=2116 loops=1)
  Filter: ((0 < revenue) AND (year = 2021))
  Rows Removed by Filter: 97884
  Buffers: shared hit=541
Planning Time: 0.060 ms
Execution Time: 8.637 ms",12.527,2041,2116,"Seq Scan on customers t_customers_0  (cost=0.00..2041.00 rows=2089 width=4) (actual rows=2116 loops=1)
  Filter: ((0 < revenue) AND (year = 2021))
  Rows Removed by Filter: 97884
  Buffers: shared hit=541
Planning Time: 0.086 ms
Execution Time: 12.527 ms",11.39,2041,2116,"Seq Scan on customers t_customers_0  (cost=0.00..2041.00 rows=2089 width=4) (actual rows=2116 loops=1)
  Filter: ((0 < revenue) AND (year = 2021))
  Rows Removed by Filter: 97884
  Buffers: shared hit=541
Planning Time: 0.086 ms
Execution Time: 11.390 ms",18.775,2041,2116,"Seq Scan on customers t_customers_0  (cost=0.00..2041.00 rows=2089 width=4) (actual rows=2116 loops=1)
  Filter: ((0 < revenue) AND (year = 2021))
  Rows Removed by Filter: 97884
  Buffers: shared hit=541
Planning Time: 0.081 ms
Execution Time: 18.775 ms",16.295,2041,2116,"Seq Scan on customers t_customers_0  (cost=0.00..2041.00 rows=2089 width=4) (actual rows=2116 loops=1)
  Filter: ((0 < revenue) AND (year = 2021))
  Rows Removed by Filter: 97884
  Buffers: shared hit=541
Planning Time: 0.067 ms
Execution Time: 16.295 ms",13.5248,12.527,17.535,19.767,2041,2041,2116,2116,2116,2116
1112,1821,117,Easy,"select t_customers_0.customer_id as customer_id from schema_1821.customers as t_customers_0 where t_customers_0.year = 2021 group by t_customers_0.customer_id,t_customers_0.year having 0 < sum(t_customers_0.revenue)",10.743,1879.42,2116,"HashAggregate  (cost=1824.55..1879.42 rows=1463 width=8) (actual rows=2116 loops=1)
  Group Key: customer_id, year
  Filter: (0 < sum(revenue))
  Batches: 1  Memory Usage: 721kB
  Rows Removed by Filter: 2394
  Buffers: shared hit=541
  ->  Seq Scan on customers t_customers_0  (cost=0.00..1791.00 rows=4473 width=12) (actual rows=4510 loops=1)
        Filter: (year = 2021)
        Rows Removed by Filter: 95490
        Buffers: shared hit=541
Planning:
  Buffers: shared hit=3
Planning Time: 0.113 ms
Execution Time: 10.743 ms",11.484,1879.42,2116,"HashAggregate  (cost=1824.55..1879.42 rows=1463 width=8) (actual rows=2116 loops=1)
  Group Key: customer_id, year
  Filter: (0 < sum(revenue))
  Batches: 1  Memory Usage: 721kB
  Rows Removed by Filter: 2394
  Buffers: shared hit=541
  ->  Seq Scan on customers t_customers_0  (cost=0.00..1791.00 rows=4473 width=12) (actual rows=4510 loops=1)
        Filter: (year = 2021)
        Rows Removed by Filter: 95490
        Buffers: shared hit=541
Planning:
  Buffers: shared hit=3
Planning Time: 0.256 ms
Execution Time: 11.484 ms",19.703,1879.42,2116,"HashAggregate  (cost=1824.55..1879.42 rows=1463 width=8) (actual rows=2116 loops=1)
  Group Key: customer_id, year
  Filter: (0 < sum(revenue))
  Batches: 1  Memory Usage: 721kB
  Rows Removed by Filter: 2394
  Buffers: shared hit=541
  ->  Seq Scan on customers t_customers_0  (cost=0.00..1791.00 rows=4473 width=12) (actual rows=4510 loops=1)
        Filter: (year = 2021)
        Rows Removed by Filter: 95490
        Buffers: shared hit=541
Planning:
  Buffers: shared hit=3
Planning Time: 0.101 ms
Execution Time: 19.703 ms",16.039,1879.42,2116,"HashAggregate  (cost=1824.55..1879.42 rows=1463 width=8) (actual rows=2116 loops=1)
  Group Key: customer_id, year
  Filter: (0 < sum(revenue))
  Batches: 1  Memory Usage: 721kB
  Rows Removed by Filter: 2394
  Buffers: shared hit=541
  ->  Seq Scan on customers t_customers_0  (cost=0.00..1791.00 rows=4473 width=12) (actual rows=4510 loops=1)
        Filter: (year = 2021)
        Rows Removed by Filter: 95490
        Buffers: shared hit=541
Planning:
  Buffers: shared hit=3
Planning Time: 0.111 ms
Execution Time: 16.039 ms",18.936,1879.42,2116,"HashAggregate  (cost=1824.55..1879.42 rows=1463 width=8) (actual rows=2116 loops=1)
  Group Key: customer_id, year
  Filter: (0 < sum(revenue))
  Batches: 1  Memory Usage: 721kB
  Rows Removed by Filter: 2394
  Buffers: shared hit=541
  ->  Seq Scan on customers t_customers_0  (cost=0.00..1791.00 rows=4473 width=12) (actual rows=4510 loops=1)
        Filter: (year = 2021)
        Rows Removed by Filter: 95490
        Buffers: shared hit=541
Planning:
  Buffers: shared hit=3
Planning Time: 0.095 ms
Execution Time: 18.936 ms",15.381,16.039,19.3195,20.0098,1879.42,1879.42,2116,2116,2116,2116
1113,1821,118,Easy,select t_customers_0.customer_id as customer_id from schema_1821.customers as t_customers_0 where t_customers_0.year = 2021 group by t_customers_0.customer_id having 0 < sum(t_customers_0.revenue),8.634,1868.24,2116,"HashAggregate  (cost=1813.36..1868.24 rows=1463 width=4) (actual rows=2116 loops=1)
  Group Key: customer_id
  Filter: (0 < sum(revenue))
  Batches: 1  Memory Usage: 721kB
  Rows Removed by Filter: 2394
  Buffers: shared hit=541
  ->  Seq Scan on customers t_customers_0  (cost=0.00..1791.00 rows=4473 width=8) (actual rows=4510 loops=1)
        Filter: (year = 2021)
        Rows Removed by Filter: 95490
        Buffers: shared hit=541
Planning Time: 0.066 ms
Execution Time: 8.634 ms",14.083,1868.24,2116,"HashAggregate  (cost=1813.36..1868.24 rows=1463 width=4) (actual rows=2116 loops=1)
  Group Key: customer_id
  Filter: (0 < sum(revenue))
  Batches: 1  Memory Usage: 721kB
  Rows Removed by Filter: 2394
  Buffers: shared hit=541
  ->  Seq Scan on customers t_customers_0  (cost=0.00..1791.00 rows=4473 width=8) (actual rows=4510 loops=1)
        Filter: (year = 2021)
        Rows Removed by Filter: 95490
        Buffers: shared hit=541
Planning Time: 0.087 ms
Execution Time: 14.083 ms",22.087,1868.24,2116,"HashAggregate  (cost=1813.36..1868.24 rows=1463 width=4) (actual rows=2116 loops=1)
  Group Key: customer_id
  Filter: (0 < sum(revenue))
  Batches: 1  Memory Usage: 721kB
  Rows Removed by Filter: 2394
  Buffers: shared hit=541
  ->  Seq Scan on customers t_customers_0  (cost=0.00..1791.00 rows=4473 width=8) (actual rows=4510 loops=1)
        Filter: (year = 2021)
        Rows Removed by Filter: 95490
        Buffers: shared hit=541
Planning Time: 0.082 ms
Execution Time: 22.087 ms",10.773,1868.24,2116,"HashAggregate  (cost=1813.36..1868.24 rows=1463 width=4) (actual rows=2116 loops=1)
  Group Key: customer_id
  Filter: (0 < sum(revenue))
  Batches: 1  Memory Usage: 721kB
  Rows Removed by Filter: 2394
  Buffers: shared hit=541
  ->  Seq Scan on customers t_customers_0  (cost=0.00..1791.00 rows=4473 width=8) (actual rows=4510 loops=1)
        Filter: (year = 2021)
        Rows Removed by Filter: 95490
        Buffers: shared hit=541
Planning Time: 0.111 ms
Execution Time: 10.773 ms",11.673,1868.24,2116,"HashAggregate  (cost=1813.36..1868.24 rows=1463 width=4) (actual rows=2116 loops=1)
  Group Key: customer_id
  Filter: (0 < sum(revenue))
  Batches: 1  Memory Usage: 721kB
  Rows Removed by Filter: 2394
  Buffers: shared hit=541
  ->  Seq Scan on customers t_customers_0  (cost=0.00..1791.00 rows=4473 width=8) (actual rows=4510 loops=1)
        Filter: (year = 2021)
        Rows Removed by Filter: 95490
        Buffers: shared hit=541
Planning Time: 0.106 ms
Execution Time: 11.673 ms",13.45,11.673,18.085,25.2886,1868.24,1868.24,2116,2116,2116,2116
1122,1821,149,Easy,select t_customers_0.customer_id as customer_id from schema_1821.customers as t_customers_0 where t_customers_0.year = 2021 and 0 < t_customers_0.revenue,8.669,2041,2116,"Seq Scan on customers t_customers_0  (cost=0.00..2041.00 rows=2089 width=4) (actual rows=2116 loops=1)
  Filter: ((0 < revenue) AND (year = 2021))
  Rows Removed by Filter: 97884
  Buffers: shared hit=541
Planning Time: 0.047 ms
Execution Time: 8.669 ms",16.691,2041,2116,"Seq Scan on customers t_customers_0  (cost=0.00..2041.00 rows=2089 width=4) (actual rows=2116 loops=1)
  Filter: ((0 < revenue) AND (year = 2021))
  Rows Removed by Filter: 97884
  Buffers: shared hit=541
Planning Time: 0.084 ms
Execution Time: 16.691 ms",17.643,2041,2116,"Seq Scan on customers t_customers_0  (cost=0.00..2041.00 rows=2089 width=4) (actual rows=2116 loops=1)
  Filter: ((0 < revenue) AND (year = 2021))
  Rows Removed by Filter: 97884
  Buffers: shared hit=541
Planning Time: 0.060 ms
Execution Time: 17.643 ms",20.036,2041,2116,"Seq Scan on customers t_customers_0  (cost=0.00..2041.00 rows=2089 width=4) (actual rows=2116 loops=1)
  Filter: ((0 < revenue) AND (year = 2021))
  Rows Removed by Filter: 97884
  Buffers: shared hit=541
Planning Time: 0.068 ms
Execution Time: 20.036 ms",12.906,2041,2116,"Seq Scan on customers t_customers_0  (cost=0.00..2041.00 rows=2089 width=4) (actual rows=2116 loops=1)
  Filter: ((0 < revenue) AND (year = 2021))
  Rows Removed by Filter: 97884
  Buffers: shared hit=541
Planning Time: 0.067 ms
Execution Time: 12.906 ms",15.189,16.691,18.8395,20.9932,2041,2041,2116,2116,2116,2116
1126,1821,207,Easy,select t_customers_0.customer_id as customer_id from schema_1821.customers as t_customers_0 where t_customers_0.year = 2021 group by t_customers_0.customer_id having 0 < sum(t_customers_0.revenue),10.865,1868.24,2116,"HashAggregate  (cost=1813.36..1868.24 rows=1463 width=4) (actual rows=2116 loops=1)
  Group Key: customer_id
  Filter: (0 < sum(revenue))
  Batches: 1  Memory Usage: 721kB
  Rows Removed by Filter: 2394
  Buffers: shared hit=541
  ->  Seq Scan on customers t_customers_0  (cost=0.00..1791.00 rows=4473 width=8) (actual rows=4510 loops=1)
        Filter: (year = 2021)
        Rows Removed by Filter: 95490
        Buffers: shared hit=541
Planning Time: 0.080 ms
Execution Time: 10.865 ms",17.855,1868.24,2116,"HashAggregate  (cost=1813.36..1868.24 rows=1463 width=4) (actual rows=2116 loops=1)
  Group Key: customer_id
  Filter: (0 < sum(revenue))
  Batches: 1  Memory Usage: 721kB
  Rows Removed by Filter: 2394
  Buffers: shared hit=541
  ->  Seq Scan on customers t_customers_0  (cost=0.00..1791.00 rows=4473 width=8) (actual rows=4510 loops=1)
        Filter: (year = 2021)
        Rows Removed by Filter: 95490
        Buffers: shared hit=541
Planning Time: 0.071 ms
Execution Time: 17.855 ms",13.747,1868.24,2116,"HashAggregate  (cost=1813.36..1868.24 rows=1463 width=4) (actual rows=2116 loops=1)
  Group Key: customer_id
  Filter: (0 < sum(revenue))
  Batches: 1  Memory Usage: 721kB
  Rows Removed by Filter: 2394
  Buffers: shared hit=541
  ->  Seq Scan on customers t_customers_0  (cost=0.00..1791.00 rows=4473 width=8) (actual rows=4510 loops=1)
        Filter: (year = 2021)
        Rows Removed by Filter: 95490
        Buffers: shared hit=541
Planning Time: 0.087 ms
Execution Time: 13.747 ms",15.698,1868.24,2116,"HashAggregate  (cost=1813.36..1868.24 rows=1463 width=4) (actual rows=2116 loops=1)
  Group Key: customer_id
  Filter: (0 < sum(revenue))
  Batches: 1  Memory Usage: 721kB
  Rows Removed by Filter: 2394
  Buffers: shared hit=541
  ->  Seq Scan on customers t_customers_0  (cost=0.00..1791.00 rows=4473 width=8) (actual rows=4510 loops=1)
        Filter: (year = 2021)
        Rows Removed by Filter: 95490
        Buffers: shared hit=541
Planning Time: 0.081 ms
Execution Time: 15.698 ms",17.086,1868.24,2116,"HashAggregate  (cost=1813.36..1868.24 rows=1463 width=4) (actual rows=2116 loops=1)
  Group Key: customer_id
  Filter: (0 < sum(revenue))
  Batches: 1  Memory Usage: 721kB
  Rows Removed by Filter: 2394
  Buffers: shared hit=541
  ->  Seq Scan on customers t_customers_0  (cost=0.00..1791.00 rows=4473 width=8) (actual rows=4510 loops=1)
        Filter: (year = 2021)
        Rows Removed by Filter: 95490
        Buffers: shared hit=541
Planning Time: 0.076 ms
Execution Time: 17.086 ms",15.0502,15.698,17.4705,18.1626,1868.24,1868.24,2116,2116,2116,2116
1127,1821,208,Easy,select t_customers_0.customer_id as customer_id from schema_1821.customers as t_customers_0 where t_customers_0.year = 2021 group by t_customers_0.customer_id having 0 < sum(t_customers_0.revenue),8.6,1868.24,2116,"HashAggregate  (cost=1813.36..1868.24 rows=1463 width=4) (actual rows=2116 loops=1)
  Group Key: customer_id
  Filter: (0 < sum(revenue))
  Batches: 1  Memory Usage: 721kB
  Rows Removed by Filter: 2394
  Buffers: shared hit=541
  ->  Seq Scan on customers t_customers_0  (cost=0.00..1791.00 rows=4473 width=8) (actual rows=4510 loops=1)
        Filter: (year = 2021)
        Rows Removed by Filter: 95490
        Buffers: shared hit=541
Planning Time: 0.058 ms
Execution Time: 8.600 ms",14.487,1868.24,2116,"HashAggregate  (cost=1813.36..1868.24 rows=1463 width=4) (actual rows=2116 loops=1)
  Group Key: customer_id
  Filter: (0 < sum(revenue))
  Batches: 1  Memory Usage: 721kB
  Rows Removed by Filter: 2394
  Buffers: shared hit=541
  ->  Seq Scan on customers t_customers_0  (cost=0.00..1791.00 rows=4473 width=8) (actual rows=4510 loops=1)
        Filter: (year = 2021)
        Rows Removed by Filter: 95490
        Buffers: shared hit=541
Planning Time: 0.082 ms
Execution Time: 14.487 ms",19.424,1868.24,2116,"HashAggregate  (cost=1813.36..1868.24 rows=1463 width=4) (actual rows=2116 loops=1)
  Group Key: customer_id
  Filter: (0 < sum(revenue))
  Batches: 1  Memory Usage: 721kB
  Rows Removed by Filter: 2394
  Buffers: shared hit=541
  ->  Seq Scan on customers t_customers_0  (cost=0.00..1791.00 rows=4473 width=8) (actual rows=4510 loops=1)
        Filter: (year = 2021)
        Rows Removed by Filter: 95490
        Buffers: shared hit=541
Planning Time: 0.082 ms
Execution Time: 19.424 ms",14.916,1868.24,2116,"HashAggregate  (cost=1813.36..1868.24 rows=1463 width=4) (actual rows=2116 loops=1)
  Group Key: customer_id
  Filter: (0 < sum(revenue))
  Batches: 1  Memory Usage: 721kB
  Rows Removed by Filter: 2394
  Buffers: shared hit=541
  ->  Seq Scan on customers t_customers_0  (cost=0.00..1791.00 rows=4473 width=8) (actual rows=4510 loops=1)
        Filter: (year = 2021)
        Rows Removed by Filter: 95490
        Buffers: shared hit=541
Planning Time: 0.076 ms
Execution Time: 14.916 ms",21.356,1868.24,2116,"HashAggregate  (cost=1813.36..1868.24 rows=1463 width=4) (actual rows=2116 loops=1)
  Group Key: customer_id
  Filter: (0 < sum(revenue))
  Batches: 1  Memory Usage: 721kB
  Rows Removed by Filter: 2394
  Buffers: shared hit=541
  ->  Seq Scan on customers t_customers_0  (cost=0.00..1791.00 rows=4473 width=8) (actual rows=4510 loops=1)
        Filter: (year = 2021)
        Rows Removed by Filter: 95490
        Buffers: shared hit=541
Planning Time: 0.070 ms
Execution Time: 21.356 ms",15.7566,14.916,20.39,22.1288,1868.24,1868.24,2116,2116,2116,2116
1128,1821,209,Easy,select c.customer_id as customer_id from schema_1821.customers as c where 0 < c.revenue and c.year = 2021,8.285,2041,2116,"Seq Scan on customers c  (cost=0.00..2041.00 rows=2089 width=4) (actual rows=2116 loops=1)
  Filter: ((0 < revenue) AND (year = 2021))
  Rows Removed by Filter: 97884
  Buffers: shared hit=541
Planning Time: 0.047 ms
Execution Time: 8.285 ms",17.277,2041,2116,"Seq Scan on customers c  (cost=0.00..2041.00 rows=2089 width=4) (actual rows=2116 loops=1)
  Filter: ((0 < revenue) AND (year = 2021))
  Rows Removed by Filter: 97884
  Buffers: shared hit=541
Planning Time: 0.068 ms
Execution Time: 17.277 ms",16.384,2041,2116,"Seq Scan on customers c  (cost=0.00..2041.00 rows=2089 width=4) (actual rows=2116 loops=1)
  Filter: ((0 < revenue) AND (year = 2021))
  Rows Removed by Filter: 97884
  Buffers: shared hit=541
Planning Time: 0.067 ms
Execution Time: 16.384 ms",13.965,2041,2116,"Seq Scan on customers c  (cost=0.00..2041.00 rows=2089 width=4) (actual rows=2116 loops=1)
  Filter: ((0 < revenue) AND (year = 2021))
  Rows Removed by Filter: 97884
  Buffers: shared hit=541
Planning Time: 0.066 ms
Execution Time: 13.965 ms",17.453,2041,2116,"Seq Scan on customers c  (cost=0.00..2041.00 rows=2089 width=4) (actual rows=2116 loops=1)
  Filter: ((0 < revenue) AND (year = 2021))
  Rows Removed by Filter: 97884
  Buffers: shared hit=541
Planning Time: 0.074 ms
Execution Time: 17.453 ms",14.6728,16.384,17.365,17.5234,2041,2041,2116,2116,2116,2116
1131,1821,228,Easy,"select t_customers_0.customer_id as customer_id from schema_1821.customers as t_customers_0 where t_customers_0.year = '2021' group by t_customers_0.year,t_customers_0.customer_id having 0 < sum(t_customers_0.revenue)",11.76,1879.42,2116,"HashAggregate  (cost=1824.55..1879.42 rows=1463 width=8) (actual rows=2116 loops=1)
  Group Key: year, customer_id
  Filter: (0 < sum(revenue))
  Batches: 1  Memory Usage: 721kB
  Rows Removed by Filter: 2394
  Buffers: shared hit=541
  ->  Seq Scan on customers t_customers_0  (cost=0.00..1791.00 rows=4473 width=12) (actual rows=4510 loops=1)
        Filter: (year = 2021)
        Rows Removed by Filter: 95490
        Buffers: shared hit=541
Planning:
  Buffers: shared hit=3
Planning Time: 0.164 ms
Execution Time: 11.760 ms",19.531,1879.42,2116,"HashAggregate  (cost=1824.55..1879.42 rows=1463 width=8) (actual rows=2116 loops=1)
  Group Key: year, customer_id
  Filter: (0 < sum(revenue))
  Batches: 1  Memory Usage: 721kB
  Rows Removed by Filter: 2394
  Buffers: shared hit=541
  ->  Seq Scan on customers t_customers_0  (cost=0.00..1791.00 rows=4473 width=12) (actual rows=4510 loops=1)
        Filter: (year = 2021)
        Rows Removed by Filter: 95490
        Buffers: shared hit=541
Planning:
  Buffers: shared hit=3
Planning Time: 0.111 ms
Execution Time: 19.531 ms",16.592,1879.42,2116,"HashAggregate  (cost=1824.55..1879.42 rows=1463 width=8) (actual rows=2116 loops=1)
  Group Key: year, customer_id
  Filter: (0 < sum(revenue))
  Batches: 1  Memory Usage: 721kB
  Rows Removed by Filter: 2394
  Buffers: shared hit=541
  ->  Seq Scan on customers t_customers_0  (cost=0.00..1791.00 rows=4473 width=12) (actual rows=4510 loops=1)
        Filter: (year = 2021)
        Rows Removed by Filter: 95490
        Buffers: shared hit=541
Planning:
  Buffers: shared hit=3
Planning Time: 0.115 ms
Execution Time: 16.592 ms",18.132,1879.42,2116,"HashAggregate  (cost=1824.55..1879.42 rows=1463 width=8) (actual rows=2116 loops=1)
  Group Key: year, customer_id
  Filter: (0 < sum(revenue))
  Batches: 1  Memory Usage: 721kB
  Rows Removed by Filter: 2394
  Buffers: shared hit=541
  ->  Seq Scan on customers t_customers_0  (cost=0.00..1791.00 rows=4473 width=12) (actual rows=4510 loops=1)
        Filter: (year = 2021)
        Rows Removed by Filter: 95490
        Buffers: shared hit=541
Planning:
  Buffers: shared hit=3
Planning Time: 0.100 ms
Execution Time: 18.132 ms",11.751,1879.42,2116,"HashAggregate  (cost=1824.55..1879.42 rows=1463 width=8) (actual rows=2116 loops=1)
  Group Key: year, customer_id
  Filter: (0 < sum(revenue))
  Batches: 1  Memory Usage: 721kB
  Rows Removed by Filter: 2394
  Buffers: shared hit=541
  ->  Seq Scan on customers t_customers_0  (cost=0.00..1791.00 rows=4473 width=12) (actual rows=4510 loops=1)
        Filter: (year = 2021)
        Rows Removed by Filter: 95490
        Buffers: shared hit=541
Planning:
  Buffers: shared hit=3
Planning Time: 0.156 ms
Execution Time: 11.751 ms",15.5532,16.592,18.8315,20.0906,1879.42,1879.42,2116,2116,2116,2116
