Id_optimazed,TaskNo_optimazed,ResponseId_optimazed,Difficulty_optimazed,Query_optimazed,time_pg_1_optimazed,cost_1_optimazed,rows_1_optimazed,explain_run_1_optimazed,time_pg_2_optimazed,cost_2_optimazed,rows_2_optimazed,explain_run_2_optimazed,time_pg_3_optimazed,cost_3_optimazed,rows_3_optimazed,explain_run_3_optimazed,time_pg_4_optimazed,cost_4_optimazed,rows_4_optimazed,explain_run_4_optimazed,time_pg_5_optimazed,cost_5_optimazed,rows_5_optimazed,explain_run_5_optimazed,avg_pg_time_optimazed,median_pg_time_optimazed,p75_pg_time_optimazed,p90_pg_time_optimazed,avg_cost_optimazed,median_cost_optimazed,avg_rows_optimazed,median_rows_optimazed,p75_rows_optimazed,p90_rows_optimazed,join_key,Id_initial,TaskNo_initial,ResponseId_initial,Difficulty_initial,Query_initial,time_pg_1_initial,cost_1_initial,rows_1_initial,explain_run_1_initial,time_pg_2_initial,cost_2_initial,rows_2_initial,explain_run_2_initial,time_pg_3_initial,cost_3_initial,rows_3_initial,explain_run_3_initial,time_pg_4_initial,cost_4_initial,rows_4_initial,explain_run_4_initial,time_pg_5_initial,cost_5_initial,rows_5_initial,explain_run_5_initial,avg_pg_time_initial,median_pg_time_initial,p75_pg_time_initial,p90_pg_time_initial,avg_cost_initial,median_cost_initial,avg_rows_initial,median_rows_initial,p75_rows_initial,p90_rows_initial,normality_initial,normality_optimazed,variance_initial,variance_optimazed,variance_equality,performance_difference,p_value_mannwhitney,avg_pg_time_diff_optimazed_initial,median_pg_time_diff_optimazed_initial,avg_cost_diff_optimazed_initial,avg_rows_diff_optimazed_initial,equivalent_query
96,181,280,Easy,select t_employee_0.name as employee from schema_181.employee as e1 inner join schema_181.employee as t_employee_0 on e1.salary < t_employee_0.salary where t_employee_0.managerid = e1.id,107.944,6740.5,49842,"Hash Join  (cost=3278.00..6740.50 rows=33333 width=9) (actual rows=49842 loops=1)
  Hash Cond: (t_employee_0.managerid = e1.id)
  Join Filter: (e1.salary < t_employee_0.salary)
  Rows Removed by Join Filter: 50158
  Buffers: shared hit=1274, temp read=410 written=410
  ->  Seq Scan on employee t_employee_0  (cost=0.00..1637.00 rows=100000 width=17) (actual rows=100000 loops=1)
        Buffers: shared hit=637
  ->  Hash  (cost=1637.00..1637.00 rows=100000 width=8) (actual rows=100000 loops=1)
        Buckets: 131072  Batches: 2  Memory Usage: 2984kB
        Buffers: shared hit=637, temp written=170
        ->  Seq Scan on employee e1  (cost=0.00..1637.00 rows=100000 width=8) (actual rows=100000 loops=1)
              Buffers: shared hit=637
Planning:
  Buffers: shared hit=6
Planning Time: 0.132 ms
Execution Time: 107.944 ms",74.45,6740.5,49842,"Hash Join  (cost=3278.00..6740.50 rows=33333 width=9) (actual rows=49842 loops=1)
  Hash Cond: (t_employee_0.managerid = e1.id)
  Join Filter: (e1.salary < t_employee_0.salary)
  Rows Removed by Join Filter: 50158
  Buffers: shared hit=1274, temp read=410 written=410
  ->  Seq Scan on employee t_employee_0  (cost=0.00..1637.00 rows=100000 width=17) (actual rows=100000 loops=1)
        Buffers: shared hit=637
  ->  Hash  (cost=1637.00..1637.00 rows=100000 width=8) (actual rows=100000 loops=1)
        Buckets: 131072  Batches: 2  Memory Usage: 2984kB
        Buffers: shared hit=637, temp written=170
        ->  Seq Scan on employee e1  (cost=0.00..1637.00 rows=100000 width=8) (actual rows=100000 loops=1)
              Buffers: shared hit=637
Planning:
  Buffers: shared hit=6
Planning Time: 0.222 ms
Execution Time: 74.450 ms",75.659,6740.5,49842,"Hash Join  (cost=3278.00..6740.50 rows=33333 width=9) (actual rows=49842 loops=1)
  Hash Cond: (t_employee_0.managerid = e1.id)
  Join Filter: (e1.salary < t_employee_0.salary)
  Rows Removed by Join Filter: 50158
  Buffers: shared hit=1274, temp read=410 written=410
  ->  Seq Scan on employee t_employee_0  (cost=0.00..1637.00 rows=100000 width=17) (actual rows=100000 loops=1)
        Buffers: shared hit=637
  ->  Hash  (cost=1637.00..1637.00 rows=100000 width=8) (actual rows=100000 loops=1)
        Buckets: 131072  Batches: 2  Memory Usage: 2984kB
        Buffers: shared hit=637, temp written=170
        ->  Seq Scan on employee e1  (cost=0.00..1637.00 rows=100000 width=8) (actual rows=100000 loops=1)
              Buffers: shared hit=637
Planning:
  Buffers: shared hit=6
Planning Time: 0.183 ms
Execution Time: 75.659 ms",74.528,6740.5,49842,"Hash Join  (cost=3278.00..6740.50 rows=33333 width=9) (actual rows=49842 loops=1)
  Hash Cond: (t_employee_0.managerid = e1.id)
  Join Filter: (e1.salary < t_employee_0.salary)
  Rows Removed by Join Filter: 50158
  Buffers: shared hit=1274, temp read=410 written=410
  ->  Seq Scan on employee t_employee_0  (cost=0.00..1637.00 rows=100000 width=17) (actual rows=100000 loops=1)
        Buffers: shared hit=637
  ->  Hash  (cost=1637.00..1637.00 rows=100000 width=8) (actual rows=100000 loops=1)
        Buckets: 131072  Batches: 2  Memory Usage: 2984kB
        Buffers: shared hit=637, temp written=170
        ->  Seq Scan on employee e1  (cost=0.00..1637.00 rows=100000 width=8) (actual rows=100000 loops=1)
              Buffers: shared hit=637
Planning:
  Buffers: shared hit=6
Planning Time: 0.184 ms
Execution Time: 74.528 ms",77.952,6740.5,49842,"Hash Join  (cost=3278.00..6740.50 rows=33333 width=9) (actual rows=49842 loops=1)
  Hash Cond: (t_employee_0.managerid = e1.id)
  Join Filter: (e1.salary < t_employee_0.salary)
  Rows Removed by Join Filter: 50158
  Buffers: shared hit=1274, temp read=410 written=410
  ->  Seq Scan on employee t_employee_0  (cost=0.00..1637.00 rows=100000 width=17) (actual rows=100000 loops=1)
        Buffers: shared hit=637
  ->  Hash  (cost=1637.00..1637.00 rows=100000 width=8) (actual rows=100000 loops=1)
        Buckets: 131072  Batches: 2  Memory Usage: 2984kB
        Buffers: shared hit=637, temp written=170
        ->  Seq Scan on employee e1  (cost=0.00..1637.00 rows=100000 width=8) (actual rows=100000 loops=1)
              Buffers: shared hit=637
Planning:
  Buffers: shared hit=6
Planning Time: 0.187 ms
Execution Time: 77.952 ms",82.1066,75.659,92.948,119.9408,6740.5,6740.5,49842,49842,49842,49842,181_280,96,181,280,Easy,"select name as employee from schema_181.employee join (select distinct e1.id as manid, e1.salary as mansalary from schema_181.employee as e1 join schema_181.employee as e2 on e1.id = e2.managerid) as manager on employee.managerid = manager.manid where employee.salary > manager.mansalary",134.994,31447.05,49842,"Hash Join  (cost=15448.51..31447.05 rows=199314 width=9) (actual rows=49842 loops=1)
  Hash Cond: (e1.id = employee.managerid)
  Join Filter: (employee.salary > e1.salary)
  Rows Removed by Join Filter: 50158
  Buffers: shared hit=1911, temp read=590 written=590
  ->  HashAggregate  (cost=11975.51..13756.76 rows=100000 width=8) (actual rows=18002 loops=1)
        Group Key: e1.id, e1.salary
        Planned Partitions: 4  Batches: 1  Memory Usage: 2577kB
        Buffers: shared hit=1274, temp read=315 written=315
        ->  Hash Join  (cost=3278.00..6350.51 rows=100000 width=8) (actual rows=100000 loops=1)
              Hash Cond: (e2.managerid = e1.id)
              Buffers: shared hit=1274, temp read=315 written=315
              ->  Seq Scan on employee e2  (cost=0.00..1637.00 rows=100000 width=4) (actual rows=100000 loops=1)
                    Buffers: shared hit=637
              ->  Hash  (cost=1637.00..1637.00 rows=100000 width=8) (actual rows=100000 loops=1)
                    Buckets: 131072  Batches: 2  Memory Usage: 2984kB
                    Buffers: shared hit=637, temp written=170
                    ->  Seq Scan on employee e1  (cost=0.00..1637.00 rows=100000 width=8) (actual rows=100000 loops=1)
                          Buffers: shared hit=637
  ->  Hash  (cost=1637.00..1637.00 rows=100000 width=17) (actual rows=100000 loops=1)
        Buckets: 65536  Batches: 2  Memory Usage: 3054kB
        Buffers: shared hit=637, temp written=243
        ->  Seq Scan on employee  (cost=0.00..1637.00 rows=100000 width=17) (actual rows=100000 loops=1)
              Buffers: shared hit=637
Planning:
  Buffers: shared hit=6
Planning Time: 0.186 ms
Execution Time: 134.994 ms",141.481,31447.05,49842,"Hash Join  (cost=15448.51..31447.05 rows=199314 width=9) (actual rows=49842 loops=1)
  Hash Cond: (e1.id = employee.managerid)
  Join Filter: (employee.salary > e1.salary)
  Rows Removed by Join Filter: 50158
  Buffers: shared hit=1911, temp read=590 written=590
  ->  HashAggregate  (cost=11975.51..13756.76 rows=100000 width=8) (actual rows=18002 loops=1)
        Group Key: e1.id, e1.salary
        Planned Partitions: 4  Batches: 1  Memory Usage: 2577kB
        Buffers: shared hit=1274, temp read=315 written=315
        ->  Hash Join  (cost=3278.00..6350.51 rows=100000 width=8) (actual rows=100000 loops=1)
              Hash Cond: (e2.managerid = e1.id)
              Buffers: shared hit=1274, temp read=315 written=315
              ->  Seq Scan on employee e2  (cost=0.00..1637.00 rows=100000 width=4) (actual rows=100000 loops=1)
                    Buffers: shared hit=637
              ->  Hash  (cost=1637.00..1637.00 rows=100000 width=8) (actual rows=100000 loops=1)
                    Buckets: 131072  Batches: 2  Memory Usage: 2984kB
                    Buffers: shared hit=637, temp written=170
                    ->  Seq Scan on employee e1  (cost=0.00..1637.00 rows=100000 width=8) (actual rows=100000 loops=1)
                          Buffers: shared hit=637
  ->  Hash  (cost=1637.00..1637.00 rows=100000 width=17) (actual rows=100000 loops=1)
        Buckets: 65536  Batches: 2  Memory Usage: 3054kB
        Buffers: shared hit=637, temp written=243
        ->  Seq Scan on employee  (cost=0.00..1637.00 rows=100000 width=17) (actual rows=100000 loops=1)
              Buffers: shared hit=637
Planning:
  Buffers: shared hit=6
Planning Time: 0.253 ms
Execution Time: 141.481 ms",142.83,31447.05,49842,"Hash Join  (cost=15448.51..31447.05 rows=199314 width=9) (actual rows=49842 loops=1)
  Hash Cond: (e1.id = employee.managerid)
  Join Filter: (employee.salary > e1.salary)
  Rows Removed by Join Filter: 50158
  Buffers: shared hit=1911, temp read=590 written=590
  ->  HashAggregate  (cost=11975.51..13756.76 rows=100000 width=8) (actual rows=18002 loops=1)
        Group Key: e1.id, e1.salary
        Planned Partitions: 4  Batches: 1  Memory Usage: 2577kB
        Buffers: shared hit=1274, temp read=315 written=315
        ->  Hash Join  (cost=3278.00..6350.51 rows=100000 width=8) (actual rows=100000 loops=1)
              Hash Cond: (e2.managerid = e1.id)
              Buffers: shared hit=1274, temp read=315 written=315
              ->  Seq Scan on employee e2  (cost=0.00..1637.00 rows=100000 width=4) (actual rows=100000 loops=1)
                    Buffers: shared hit=637
              ->  Hash  (cost=1637.00..1637.00 rows=100000 width=8) (actual rows=100000 loops=1)
                    Buckets: 131072  Batches: 2  Memory Usage: 2984kB
                    Buffers: shared hit=637, temp written=170
                    ->  Seq Scan on employee e1  (cost=0.00..1637.00 rows=100000 width=8) (actual rows=100000 loops=1)
                          Buffers: shared hit=637
  ->  Hash  (cost=1637.00..1637.00 rows=100000 width=17) (actual rows=100000 loops=1)
        Buckets: 65536  Batches: 2  Memory Usage: 3054kB
        Buffers: shared hit=637, temp written=243
        ->  Seq Scan on employee  (cost=0.00..1637.00 rows=100000 width=17) (actual rows=100000 loops=1)
              Buffers: shared hit=637
Planning:
  Buffers: shared hit=6
Planning Time: 0.261 ms
Execution Time: 142.830 ms",143.014,31447.05,49842,"Hash Join  (cost=15448.51..31447.05 rows=199314 width=9) (actual rows=49842 loops=1)
  Hash Cond: (e1.id = employee.managerid)
  Join Filter: (employee.salary > e1.salary)
  Rows Removed by Join Filter: 50158
  Buffers: shared hit=1911, temp read=590 written=590
  ->  HashAggregate  (cost=11975.51..13756.76 rows=100000 width=8) (actual rows=18002 loops=1)
        Group Key: e1.id, e1.salary
        Planned Partitions: 4  Batches: 1  Memory Usage: 2577kB
        Buffers: shared hit=1274, temp read=315 written=315
        ->  Hash Join  (cost=3278.00..6350.51 rows=100000 width=8) (actual rows=100000 loops=1)
              Hash Cond: (e2.managerid = e1.id)
              Buffers: shared hit=1274, temp read=315 written=315
              ->  Seq Scan on employee e2  (cost=0.00..1637.00 rows=100000 width=4) (actual rows=100000 loops=1)
                    Buffers: shared hit=637
              ->  Hash  (cost=1637.00..1637.00 rows=100000 width=8) (actual rows=100000 loops=1)
                    Buckets: 131072  Batches: 2  Memory Usage: 2984kB
                    Buffers: shared hit=637, temp written=170
                    ->  Seq Scan on employee e1  (cost=0.00..1637.00 rows=100000 width=8) (actual rows=100000 loops=1)
                          Buffers: shared hit=637
  ->  Hash  (cost=1637.00..1637.00 rows=100000 width=17) (actual rows=100000 loops=1)
        Buckets: 65536  Batches: 2  Memory Usage: 3054kB
        Buffers: shared hit=637, temp written=243
        ->  Seq Scan on employee  (cost=0.00..1637.00 rows=100000 width=17) (actual rows=100000 loops=1)
              Buffers: shared hit=637
Planning:
  Buffers: shared hit=6
Planning Time: 0.242 ms
Execution Time: 143.014 ms",141.398,31447.05,49842,"Hash Join  (cost=15448.51..31447.05 rows=199314 width=9) (actual rows=49842 loops=1)
  Hash Cond: (e1.id = employee.managerid)
  Join Filter: (employee.salary > e1.salary)
  Rows Removed by Join Filter: 50158
  Buffers: shared hit=1911, temp read=590 written=590
  ->  HashAggregate  (cost=11975.51..13756.76 rows=100000 width=8) (actual rows=18002 loops=1)
        Group Key: e1.id, e1.salary
        Planned Partitions: 4  Batches: 1  Memory Usage: 2577kB
        Buffers: shared hit=1274, temp read=315 written=315
        ->  Hash Join  (cost=3278.00..6350.51 rows=100000 width=8) (actual rows=100000 loops=1)
              Hash Cond: (e2.managerid = e1.id)
              Buffers: shared hit=1274, temp read=315 written=315
              ->  Seq Scan on employee e2  (cost=0.00..1637.00 rows=100000 width=4) (actual rows=100000 loops=1)
                    Buffers: shared hit=637
              ->  Hash  (cost=1637.00..1637.00 rows=100000 width=8) (actual rows=100000 loops=1)
                    Buckets: 131072  Batches: 2  Memory Usage: 2984kB
                    Buffers: shared hit=637, temp written=170
                    ->  Seq Scan on employee e1  (cost=0.00..1637.00 rows=100000 width=8) (actual rows=100000 loops=1)
                          Buffers: shared hit=637
  ->  Hash  (cost=1637.00..1637.00 rows=100000 width=17) (actual rows=100000 loops=1)
        Buckets: 65536  Batches: 2  Memory Usage: 3054kB
        Buffers: shared hit=637, temp written=243
        ->  Seq Scan on employee  (cost=0.00..1637.00 rows=100000 width=17) (actual rows=100000 loops=1)
              Buffers: shared hit=637
Planning:
  Buffers: shared hit=6
Planning Time: 0.268 ms
Execution Time: 141.398 ms",140.7434,141.481,142.922,143.0876,31447.05,31447.05,49842,49842,49842,49842,not normal,not normal,10.884419800000021,210.6155468,equal variances,significant,0.003968253968253968,-58.63680000000001,-65.82199999999999,-24706.55,0,True
122,182,1,Easy,select t_person_0.email as email from schema_182.person as t_person_0 group by t_person_0.email having 2 <= count(t_person_0.email),54.114,10544.43,29537,"HashAggregate  (cost=8824.50..10544.43 rows=14615 width=18) (actual rows=29537 loops=1)
  Group Key: email
  Filter: (2 <= count(email))
  Batches: 5  Memory Usage: 4657kB  Disk Usage: 1736kB
  Rows Removed by Filter: 22328
  Buffers: shared hit=637, temp read=195 written=360
  ->  Seq Scan on person t_person_0  (cost=0.00..1637.00 rows=100000 width=18) (actual rows=100000 loops=1)
        Buffers: shared hit=637
Planning Time: 0.063 ms
Execution Time: 54.114 ms",57.642,10544.43,29537,"HashAggregate  (cost=8824.50..10544.43 rows=14615 width=18) (actual rows=29537 loops=1)
  Group Key: email
  Filter: (2 <= count(email))
  Batches: 5  Memory Usage: 4657kB  Disk Usage: 1736kB
  Rows Removed by Filter: 22328
  Buffers: shared hit=637, temp read=195 written=360
  ->  Seq Scan on person t_person_0  (cost=0.00..1637.00 rows=100000 width=18) (actual rows=100000 loops=1)
        Buffers: shared hit=637
Planning Time: 0.066 ms
Execution Time: 57.642 ms",58.063,10544.43,29537,"HashAggregate  (cost=8824.50..10544.43 rows=14615 width=18) (actual rows=29537 loops=1)
  Group Key: email
  Filter: (2 <= count(email))
  Batches: 5  Memory Usage: 4657kB  Disk Usage: 1736kB
  Rows Removed by Filter: 22328
  Buffers: shared hit=637, temp read=195 written=360
  ->  Seq Scan on person t_person_0  (cost=0.00..1637.00 rows=100000 width=18) (actual rows=100000 loops=1)
        Buffers: shared hit=637
Planning Time: 0.063 ms
Execution Time: 58.063 ms",59.886,10544.43,29537,"HashAggregate  (cost=8824.50..10544.43 rows=14615 width=18) (actual rows=29537 loops=1)
  Group Key: email
  Filter: (2 <= count(email))
  Batches: 5  Memory Usage: 4657kB  Disk Usage: 1736kB
  Rows Removed by Filter: 22328
  Buffers: shared hit=637, temp read=195 written=360
  ->  Seq Scan on person t_person_0  (cost=0.00..1637.00 rows=100000 width=18) (actual rows=100000 loops=1)
        Buffers: shared hit=637
Planning Time: 0.065 ms
Execution Time: 59.886 ms",61.537,10544.43,29537,"HashAggregate  (cost=8824.50..10544.43 rows=14615 width=18) (actual rows=29537 loops=1)
  Group Key: email
  Filter: (2 <= count(email))
  Batches: 5  Memory Usage: 4657kB  Disk Usage: 1736kB
  Rows Removed by Filter: 22328
  Buffers: shared hit=637, temp read=195 written=360
  ->  Seq Scan on person t_person_0  (cost=0.00..1637.00 rows=100000 width=18) (actual rows=100000 loops=1)
        Buffers: shared hit=637
Planning Time: 0.059 ms
Execution Time: 61.537 ms",58.2484,58.063,60.7115,62.1974,10544.43,10544.43,29537,29537,29537,29537,182_1,122,182,1,Easy,select distinct email from schema_182.person group by email having count(email) >= 2,65.878,10727.11,29537,"HashAggregate  (cost=10580.96..10727.11 rows=14615 width=18) (actual rows=29537 loops=1)
  Group Key: email
  Batches: 2  Memory Usage: 4145kB  Disk Usage: 8kB
  Buffers: shared hit=637, temp read=196 written=361
  ->  HashAggregate  (cost=8824.50..10544.43 rows=14615 width=18) (actual rows=29537 loops=1)
        Group Key: email
        Filter: (count(email) >= 2)
        Batches: 5  Memory Usage: 4657kB  Disk Usage: 1736kB
        Rows Removed by Filter: 22328
        Buffers: shared hit=637, temp read=195 written=360
        ->  Seq Scan on person  (cost=0.00..1637.00 rows=100000 width=18) (actual rows=100000 loops=1)
              Buffers: shared hit=637
Planning Time: 0.049 ms
Execution Time: 65.878 ms",71.088,10727.11,29537,"HashAggregate  (cost=10580.96..10727.11 rows=14615 width=18) (actual rows=29537 loops=1)
  Group Key: email
  Batches: 2  Memory Usage: 4145kB  Disk Usage: 8kB
  Buffers: shared hit=637, temp read=196 written=361
  ->  HashAggregate  (cost=8824.50..10544.43 rows=14615 width=18) (actual rows=29537 loops=1)
        Group Key: email
        Filter: (count(email) >= 2)
        Batches: 5  Memory Usage: 4657kB  Disk Usage: 1736kB
        Rows Removed by Filter: 22328
        Buffers: shared hit=637, temp read=195 written=360
        ->  Seq Scan on person  (cost=0.00..1637.00 rows=100000 width=18) (actual rows=100000 loops=1)
              Buffers: shared hit=637
Planning Time: 0.071 ms
Execution Time: 71.088 ms",67.803,10727.11,29537,"HashAggregate  (cost=10580.96..10727.11 rows=14615 width=18) (actual rows=29537 loops=1)
  Group Key: email
  Batches: 2  Memory Usage: 4145kB  Disk Usage: 8kB
  Buffers: shared hit=637, temp read=196 written=361
  ->  HashAggregate  (cost=8824.50..10544.43 rows=14615 width=18) (actual rows=29537 loops=1)
        Group Key: email
        Filter: (count(email) >= 2)
        Batches: 5  Memory Usage: 4657kB  Disk Usage: 1736kB
        Rows Removed by Filter: 22328
        Buffers: shared hit=637, temp read=195 written=360
        ->  Seq Scan on person  (cost=0.00..1637.00 rows=100000 width=18) (actual rows=100000 loops=1)
              Buffers: shared hit=637
Planning Time: 0.076 ms
Execution Time: 67.803 ms",67.049,10727.11,29537,"HashAggregate  (cost=10580.96..10727.11 rows=14615 width=18) (actual rows=29537 loops=1)
  Group Key: email
  Batches: 2  Memory Usage: 4145kB  Disk Usage: 8kB
  Buffers: shared hit=637, temp read=196 written=361
  ->  HashAggregate  (cost=8824.50..10544.43 rows=14615 width=18) (actual rows=29537 loops=1)
        Group Key: email
        Filter: (count(email) >= 2)
        Batches: 5  Memory Usage: 4657kB  Disk Usage: 1736kB
        Rows Removed by Filter: 22328
        Buffers: shared hit=637, temp read=195 written=360
        ->  Seq Scan on person  (cost=0.00..1637.00 rows=100000 width=18) (actual rows=100000 loops=1)
              Buffers: shared hit=637
Planning Time: 0.079 ms
Execution Time: 67.049 ms",69.892,10727.11,29537,"HashAggregate  (cost=10580.96..10727.11 rows=14615 width=18) (actual rows=29537 loops=1)
  Group Key: email
  Batches: 2  Memory Usage: 4145kB  Disk Usage: 8kB
  Buffers: shared hit=637, temp read=196 written=361
  ->  HashAggregate  (cost=8824.50..10544.43 rows=14615 width=18) (actual rows=29537 loops=1)
        Group Key: email
        Filter: (count(email) >= 2)
        Batches: 5  Memory Usage: 4657kB  Disk Usage: 1736kB
        Rows Removed by Filter: 22328
        Buffers: shared hit=637, temp read=195 written=360
        ->  Seq Scan on person  (cost=0.00..1637.00 rows=100000 width=18) (actual rows=100000 loops=1)
              Buffers: shared hit=637
Planning Time: 0.068 ms
Execution Time: 69.892 ms",68.342,67.803,70.49,71.5664,10727.11,10727.11,29537,29537,29537,29537,normal,normal,4.494170499999985,7.747995300000005,equal variances,significant,0.003968253968253968,-10.093600000000002,-9.739999999999995,-182.6800000000003,0,True
123,182,2,Easy,select t_person_0.email as email from schema_182.person as t_person_0 group by t_person_0.email having 1 < count(t_person_0.id),49.281,10544.43,29537,"HashAggregate  (cost=8824.50..10544.43 rows=14615 width=18) (actual rows=29537 loops=1)
  Group Key: email
  Filter: (1 < count(id))
  Batches: 5  Memory Usage: 4657kB  Disk Usage: 1776kB
  Rows Removed by Filter: 22328
  Buffers: shared hit=637, temp read=215 written=380
  ->  Seq Scan on person t_person_0  (cost=0.00..1637.00 rows=100000 width=22) (actual rows=100000 loops=1)
        Buffers: shared hit=637
Planning Time: 0.048 ms
Execution Time: 49.281 ms",56.203,10544.43,29537,"HashAggregate  (cost=8824.50..10544.43 rows=14615 width=18) (actual rows=29537 loops=1)
  Group Key: email
  Filter: (1 < count(id))
  Batches: 5  Memory Usage: 4657kB  Disk Usage: 1776kB
  Rows Removed by Filter: 22328
  Buffers: shared hit=637, temp read=215 written=380
  ->  Seq Scan on person t_person_0  (cost=0.00..1637.00 rows=100000 width=22) (actual rows=100000 loops=1)
        Buffers: shared hit=637
Planning Time: 0.064 ms
Execution Time: 56.203 ms",55.467,10544.43,29537,"HashAggregate  (cost=8824.50..10544.43 rows=14615 width=18) (actual rows=29537 loops=1)
  Group Key: email
  Filter: (1 < count(id))
  Batches: 5  Memory Usage: 4657kB  Disk Usage: 1776kB
  Rows Removed by Filter: 22328
  Buffers: shared hit=637, temp read=215 written=380
  ->  Seq Scan on person t_person_0  (cost=0.00..1637.00 rows=100000 width=22) (actual rows=100000 loops=1)
        Buffers: shared hit=637
Planning Time: 0.071 ms
Execution Time: 55.467 ms",55.852,10544.43,29537,"HashAggregate  (cost=8824.50..10544.43 rows=14615 width=18) (actual rows=29537 loops=1)
  Group Key: email
  Filter: (1 < count(id))
  Batches: 5  Memory Usage: 4657kB  Disk Usage: 1776kB
  Rows Removed by Filter: 22328
  Buffers: shared hit=637, temp read=215 written=380
  ->  Seq Scan on person t_person_0  (cost=0.00..1637.00 rows=100000 width=22) (actual rows=100000 loops=1)
        Buffers: shared hit=637
Planning Time: 0.063 ms
Execution Time: 55.852 ms",57.484,10544.43,29537,"HashAggregate  (cost=8824.50..10544.43 rows=14615 width=18) (actual rows=29537 loops=1)
  Group Key: email
  Filter: (1 < count(id))
  Batches: 5  Memory Usage: 4657kB  Disk Usage: 1776kB
  Rows Removed by Filter: 22328
  Buffers: shared hit=637, temp read=215 written=380
  ->  Seq Scan on person t_person_0  (cost=0.00..1637.00 rows=100000 width=22) (actual rows=100000 loops=1)
        Buffers: shared hit=637
Planning Time: 0.060 ms
Execution Time: 57.484 ms",54.8574,55.852,56.8435,57.9964,10544.43,10544.43,29537,29537,29537,29537,182_2,123,182,2,Easy,select distinct email from schema_182.person group by email having count(id) > 1,63.781,10727.11,29537,"HashAggregate  (cost=10580.96..10727.11 rows=14615 width=18) (actual rows=29537 loops=1)
  Group Key: email
  Batches: 2  Memory Usage: 4145kB  Disk Usage: 8kB
  Buffers: shared hit=637, temp read=216 written=381
  ->  HashAggregate  (cost=8824.50..10544.43 rows=14615 width=18) (actual rows=29537 loops=1)
        Group Key: email
        Filter: (count(id) > 1)
        Batches: 5  Memory Usage: 4657kB  Disk Usage: 1776kB
        Rows Removed by Filter: 22328
        Buffers: shared hit=637, temp read=215 written=380
        ->  Seq Scan on person  (cost=0.00..1637.00 rows=100000 width=22) (actual rows=100000 loops=1)
              Buffers: shared hit=637
Planning Time: 0.048 ms
Execution Time: 63.781 ms",67.266,10727.11,29537,"HashAggregate  (cost=10580.96..10727.11 rows=14615 width=18) (actual rows=29537 loops=1)
  Group Key: email
  Batches: 2  Memory Usage: 4145kB  Disk Usage: 8kB
  Buffers: shared hit=637, temp read=216 written=381
  ->  HashAggregate  (cost=8824.50..10544.43 rows=14615 width=18) (actual rows=29537 loops=1)
        Group Key: email
        Filter: (count(id) > 1)
        Batches: 5  Memory Usage: 4657kB  Disk Usage: 1776kB
        Rows Removed by Filter: 22328
        Buffers: shared hit=637, temp read=215 written=380
        ->  Seq Scan on person  (cost=0.00..1637.00 rows=100000 width=22) (actual rows=100000 loops=1)
              Buffers: shared hit=637
Planning Time: 0.071 ms
Execution Time: 67.266 ms",63.556,10727.11,29537,"HashAggregate  (cost=10580.96..10727.11 rows=14615 width=18) (actual rows=29537 loops=1)
  Group Key: email
  Batches: 2  Memory Usage: 4145kB  Disk Usage: 8kB
  Buffers: shared hit=637, temp read=216 written=381
  ->  HashAggregate  (cost=8824.50..10544.43 rows=14615 width=18) (actual rows=29537 loops=1)
        Group Key: email
        Filter: (count(id) > 1)
        Batches: 5  Memory Usage: 4657kB  Disk Usage: 1776kB
        Rows Removed by Filter: 22328
        Buffers: shared hit=637, temp read=215 written=380
        ->  Seq Scan on person  (cost=0.00..1637.00 rows=100000 width=22) (actual rows=100000 loops=1)
              Buffers: shared hit=637
Planning Time: 0.119 ms
Execution Time: 63.556 ms",63.095,10727.11,29537,"HashAggregate  (cost=10580.96..10727.11 rows=14615 width=18) (actual rows=29537 loops=1)
  Group Key: email
  Batches: 2  Memory Usage: 4145kB  Disk Usage: 8kB
  Buffers: shared hit=637, temp read=216 written=381
  ->  HashAggregate  (cost=8824.50..10544.43 rows=14615 width=18) (actual rows=29537 loops=1)
        Group Key: email
        Filter: (count(id) > 1)
        Batches: 5  Memory Usage: 4657kB  Disk Usage: 1776kB
        Rows Removed by Filter: 22328
        Buffers: shared hit=637, temp read=215 written=380
        ->  Seq Scan on person  (cost=0.00..1637.00 rows=100000 width=22) (actual rows=100000 loops=1)
              Buffers: shared hit=637
Planning Time: 0.095 ms
Execution Time: 63.095 ms",65.21,10727.11,29537,"HashAggregate  (cost=10580.96..10727.11 rows=14615 width=18) (actual rows=29537 loops=1)
  Group Key: email
  Batches: 2  Memory Usage: 4145kB  Disk Usage: 8kB
  Buffers: shared hit=637, temp read=216 written=381
  ->  HashAggregate  (cost=8824.50..10544.43 rows=14615 width=18) (actual rows=29537 loops=1)
        Group Key: email
        Filter: (count(id) > 1)
        Batches: 5  Memory Usage: 4657kB  Disk Usage: 1776kB
        Rows Removed by Filter: 22328
        Buffers: shared hit=637, temp read=215 written=380
        ->  Seq Scan on person  (cost=0.00..1637.00 rows=100000 width=22) (actual rows=100000 loops=1)
              Buffers: shared hit=637
Planning Time: 0.064 ms
Execution Time: 65.210 ms",64.5816,63.781,66.238,68.0884,10727.11,10727.11,29537,29537,29537,29537,normal,not normal,2.875921300000008,10.291686300000004,equal variances,significant,0.003968253968253968,-9.724199999999996,-7.929000000000002,-182.6800000000003,0,True
124,182,20,Easy,select t_person_0.email as email from schema_182.person as t_person_0 group by t_person_0.email having 1 < count(t_person_0.email),55.679,10544.43,29537,"HashAggregate  (cost=8824.50..10544.43 rows=14615 width=18) (actual rows=29537 loops=1)
  Group Key: email
  Filter: (1 < count(email))
  Batches: 5  Memory Usage: 4657kB  Disk Usage: 1736kB
  Rows Removed by Filter: 22328
  Buffers: shared hit=637, temp read=195 written=360
  ->  Seq Scan on person t_person_0  (cost=0.00..1637.00 rows=100000 width=18) (actual rows=100000 loops=1)
        Buffers: shared hit=637
Planning Time: 0.072 ms
Execution Time: 55.679 ms",59.517,10544.43,29537,"HashAggregate  (cost=8824.50..10544.43 rows=14615 width=18) (actual rows=29537 loops=1)
  Group Key: email
  Filter: (1 < count(email))
  Batches: 5  Memory Usage: 4657kB  Disk Usage: 1736kB
  Rows Removed by Filter: 22328
  Buffers: shared hit=637, temp read=195 written=360
  ->  Seq Scan on person t_person_0  (cost=0.00..1637.00 rows=100000 width=18) (actual rows=100000 loops=1)
        Buffers: shared hit=637
Planning Time: 0.065 ms
Execution Time: 59.517 ms",55.899,10544.43,29537,"HashAggregate  (cost=8824.50..10544.43 rows=14615 width=18) (actual rows=29537 loops=1)
  Group Key: email
  Filter: (1 < count(email))
  Batches: 5  Memory Usage: 4657kB  Disk Usage: 1736kB
  Rows Removed by Filter: 22328
  Buffers: shared hit=637, temp read=195 written=360
  ->  Seq Scan on person t_person_0  (cost=0.00..1637.00 rows=100000 width=18) (actual rows=100000 loops=1)
        Buffers: shared hit=637
Planning Time: 0.059 ms
Execution Time: 55.899 ms",58.356,10544.43,29537,"HashAggregate  (cost=8824.50..10544.43 rows=14615 width=18) (actual rows=29537 loops=1)
  Group Key: email
  Filter: (1 < count(email))
  Batches: 5  Memory Usage: 4657kB  Disk Usage: 1736kB
  Rows Removed by Filter: 22328
  Buffers: shared hit=637, temp read=195 written=360
  ->  Seq Scan on person t_person_0  (cost=0.00..1637.00 rows=100000 width=18) (actual rows=100000 loops=1)
        Buffers: shared hit=637
Planning Time: 0.064 ms
Execution Time: 58.356 ms",56.475,10544.43,29537,"HashAggregate  (cost=8824.50..10544.43 rows=14615 width=18) (actual rows=29537 loops=1)
  Group Key: email
  Filter: (1 < count(email))
  Batches: 5  Memory Usage: 4657kB  Disk Usage: 1736kB
  Rows Removed by Filter: 22328
  Buffers: shared hit=637, temp read=195 written=360
  ->  Seq Scan on person t_person_0  (cost=0.00..1637.00 rows=100000 width=18) (actual rows=100000 loops=1)
        Buffers: shared hit=637
Planning Time: 0.136 ms
Execution Time: 56.475 ms",57.1852,56.475,58.9365,59.9814,10544.43,10544.43,29537,29537,29537,29537,182_20,124,182,20,Easy,select distinct email from schema_182.person group by email having count(email) > 1,63.915,10727.11,29537,"HashAggregate  (cost=10580.96..10727.11 rows=14615 width=18) (actual rows=29537 loops=1)
  Group Key: email
  Batches: 2  Memory Usage: 4145kB  Disk Usage: 8kB
  Buffers: shared hit=637, temp read=196 written=361
  ->  HashAggregate  (cost=8824.50..10544.43 rows=14615 width=18) (actual rows=29537 loops=1)
        Group Key: email
        Filter: (count(email) > 1)
        Batches: 5  Memory Usage: 4657kB  Disk Usage: 1736kB
        Rows Removed by Filter: 22328
        Buffers: shared hit=637, temp read=195 written=360
        ->  Seq Scan on person  (cost=0.00..1637.00 rows=100000 width=18) (actual rows=100000 loops=1)
              Buffers: shared hit=637
Planning Time: 0.047 ms
Execution Time: 63.915 ms",67.936,10727.11,29537,"HashAggregate  (cost=10580.96..10727.11 rows=14615 width=18) (actual rows=29537 loops=1)
  Group Key: email
  Batches: 2  Memory Usage: 4145kB  Disk Usage: 8kB
  Buffers: shared hit=637, temp read=196 written=361
  ->  HashAggregate  (cost=8824.50..10544.43 rows=14615 width=18) (actual rows=29537 loops=1)
        Group Key: email
        Filter: (count(email) > 1)
        Batches: 5  Memory Usage: 4657kB  Disk Usage: 1736kB
        Rows Removed by Filter: 22328
        Buffers: shared hit=637, temp read=195 written=360
        ->  Seq Scan on person  (cost=0.00..1637.00 rows=100000 width=18) (actual rows=100000 loops=1)
              Buffers: shared hit=637
Planning Time: 0.098 ms
Execution Time: 67.936 ms",69.159,10727.11,29537,"HashAggregate  (cost=10580.96..10727.11 rows=14615 width=18) (actual rows=29537 loops=1)
  Group Key: email
  Batches: 2  Memory Usage: 4145kB  Disk Usage: 8kB
  Buffers: shared hit=637, temp read=196 written=361
  ->  HashAggregate  (cost=8824.50..10544.43 rows=14615 width=18) (actual rows=29537 loops=1)
        Group Key: email
        Filter: (count(email) > 1)
        Batches: 5  Memory Usage: 4657kB  Disk Usage: 1736kB
        Rows Removed by Filter: 22328
        Buffers: shared hit=637, temp read=195 written=360
        ->  Seq Scan on person  (cost=0.00..1637.00 rows=100000 width=18) (actual rows=100000 loops=1)
              Buffers: shared hit=637
Planning Time: 0.089 ms
Execution Time: 69.159 ms",66.37,10727.11,29537,"HashAggregate  (cost=10580.96..10727.11 rows=14615 width=18) (actual rows=29537 loops=1)
  Group Key: email
  Batches: 2  Memory Usage: 4145kB  Disk Usage: 8kB
  Buffers: shared hit=637, temp read=196 written=361
  ->  HashAggregate  (cost=8824.50..10544.43 rows=14615 width=18) (actual rows=29537 loops=1)
        Group Key: email
        Filter: (count(email) > 1)
        Batches: 5  Memory Usage: 4657kB  Disk Usage: 1736kB
        Rows Removed by Filter: 22328
        Buffers: shared hit=637, temp read=195 written=360
        ->  Seq Scan on person  (cost=0.00..1637.00 rows=100000 width=18) (actual rows=100000 loops=1)
              Buffers: shared hit=637
Planning Time: 0.078 ms
Execution Time: 66.370 ms",68.037,10727.11,29537,"HashAggregate  (cost=10580.96..10727.11 rows=14615 width=18) (actual rows=29537 loops=1)
  Group Key: email
  Batches: 2  Memory Usage: 4145kB  Disk Usage: 8kB
  Buffers: shared hit=637, temp read=196 written=361
  ->  HashAggregate  (cost=8824.50..10544.43 rows=14615 width=18) (actual rows=29537 loops=1)
        Group Key: email
        Filter: (count(email) > 1)
        Batches: 5  Memory Usage: 4657kB  Disk Usage: 1736kB
        Rows Removed by Filter: 22328
        Buffers: shared hit=637, temp read=195 written=360
        ->  Seq Scan on person  (cost=0.00..1637.00 rows=100000 width=18) (actual rows=100000 loops=1)
              Buffers: shared hit=637
Planning Time: 0.078 ms
Execution Time: 68.037 ms",67.0834,67.936,68.598,69.6078,10727.11,10727.11,29537,29537,29537,29537,normal,normal,4.123023300000012,2.808849200000002,equal variances,significant,0.003968253968253968,-9.898199999999996,-11.461000000000006,-182.6800000000003,0,True
125,182,24,Easy,select t_person_0.email as email from schema_182.person as t_person_0 group by t_person_0.email having 1 < count(t_person_0.email),64.071,10544.43,29537,"HashAggregate  (cost=8824.50..10544.43 rows=14615 width=18) (actual rows=29537 loops=1)
  Group Key: email
  Filter: (1 < count(email))
  Batches: 5  Memory Usage: 4657kB  Disk Usage: 1736kB
  Rows Removed by Filter: 22328
  Buffers: shared hit=637, temp read=195 written=360
  ->  Seq Scan on person t_person_0  (cost=0.00..1637.00 rows=100000 width=18) (actual rows=100000 loops=1)
        Buffers: shared hit=637
Planning Time: 0.048 ms
Execution Time: 64.071 ms",59.255,10544.43,29537,"HashAggregate  (cost=8824.50..10544.43 rows=14615 width=18) (actual rows=29537 loops=1)
  Group Key: email
  Filter: (1 < count(email))
  Batches: 5  Memory Usage: 4657kB  Disk Usage: 1736kB
  Rows Removed by Filter: 22328
  Buffers: shared hit=637, temp read=195 written=360
  ->  Seq Scan on person t_person_0  (cost=0.00..1637.00 rows=100000 width=18) (actual rows=100000 loops=1)
        Buffers: shared hit=637
Planning Time: 0.066 ms
Execution Time: 59.255 ms",55.216,10544.43,29537,"HashAggregate  (cost=8824.50..10544.43 rows=14615 width=18) (actual rows=29537 loops=1)
  Group Key: email
  Filter: (1 < count(email))
  Batches: 5  Memory Usage: 4657kB  Disk Usage: 1736kB
  Rows Removed by Filter: 22328
  Buffers: shared hit=637, temp read=195 written=360
  ->  Seq Scan on person t_person_0  (cost=0.00..1637.00 rows=100000 width=18) (actual rows=100000 loops=1)
        Buffers: shared hit=637
Planning Time: 0.067 ms
Execution Time: 55.216 ms",58.792,10544.43,29537,"HashAggregate  (cost=8824.50..10544.43 rows=14615 width=18) (actual rows=29537 loops=1)
  Group Key: email
  Filter: (1 < count(email))
  Batches: 5  Memory Usage: 4657kB  Disk Usage: 1736kB
  Rows Removed by Filter: 22328
  Buffers: shared hit=637, temp read=195 written=360
  ->  Seq Scan on person t_person_0  (cost=0.00..1637.00 rows=100000 width=18) (actual rows=100000 loops=1)
        Buffers: shared hit=637
Planning Time: 0.113 ms
Execution Time: 58.792 ms",66.146,10544.43,29537,"HashAggregate  (cost=8824.50..10544.43 rows=14615 width=18) (actual rows=29537 loops=1)
  Group Key: email
  Filter: (1 < count(email))
  Batches: 5  Memory Usage: 4657kB  Disk Usage: 1736kB
  Rows Removed by Filter: 22328
  Buffers: shared hit=637, temp read=195 written=360
  ->  Seq Scan on person t_person_0  (cost=0.00..1637.00 rows=100000 width=18) (actual rows=100000 loops=1)
        Buffers: shared hit=637
Planning Time: 0.068 ms
Execution Time: 66.146 ms",60.696,59.255,65.1085,66.976,10544.43,10544.43,29537,29537,29537,29537,182_24,125,182,24,Easy,"select email from (select email, count(email) as num from schema_182.person group by email) as statistic where num > 1",55.164,10690.58,29537,"Subquery Scan on statistic  (cost=8824.50..10690.58 rows=14615 width=18) (actual rows=29537 loops=1)
  Buffers: shared hit=637, temp read=195 written=360
  ->  HashAggregate  (cost=8824.50..10544.43 rows=14615 width=26) (actual rows=29537 loops=1)
        Group Key: person.email
        Filter: (count(person.email) > 1)
        Batches: 5  Memory Usage: 4657kB  Disk Usage: 1736kB
        Rows Removed by Filter: 22328
        Buffers: shared hit=637, temp read=195 written=360
        ->  Seq Scan on person  (cost=0.00..1637.00 rows=100000 width=18) (actual rows=100000 loops=1)
              Buffers: shared hit=637
Planning Time: 0.059 ms
Execution Time: 55.164 ms",63.811,10690.58,29537,"Subquery Scan on statistic  (cost=8824.50..10690.58 rows=14615 width=18) (actual rows=29537 loops=1)
  Buffers: shared hit=637, temp read=195 written=360
  ->  HashAggregate  (cost=8824.50..10544.43 rows=14615 width=26) (actual rows=29537 loops=1)
        Group Key: person.email
        Filter: (count(person.email) > 1)
        Batches: 5  Memory Usage: 4657kB  Disk Usage: 1736kB
        Rows Removed by Filter: 22328
        Buffers: shared hit=637, temp read=195 written=360
        ->  Seq Scan on person  (cost=0.00..1637.00 rows=100000 width=18) (actual rows=100000 loops=1)
              Buffers: shared hit=637
Planning Time: 0.093 ms
Execution Time: 63.811 ms",57.72,10690.58,29537,"Subquery Scan on statistic  (cost=8824.50..10690.58 rows=14615 width=18) (actual rows=29537 loops=1)
  Buffers: shared hit=637, temp read=195 written=360
  ->  HashAggregate  (cost=8824.50..10544.43 rows=14615 width=26) (actual rows=29537 loops=1)
        Group Key: person.email
        Filter: (count(person.email) > 1)
        Batches: 5  Memory Usage: 4657kB  Disk Usage: 1736kB
        Rows Removed by Filter: 22328
        Buffers: shared hit=637, temp read=195 written=360
        ->  Seq Scan on person  (cost=0.00..1637.00 rows=100000 width=18) (actual rows=100000 loops=1)
              Buffers: shared hit=637
Planning Time: 0.157 ms
Execution Time: 57.720 ms",57.916,10690.58,29537,"Subquery Scan on statistic  (cost=8824.50..10690.58 rows=14615 width=18) (actual rows=29537 loops=1)
  Buffers: shared hit=637, temp read=195 written=360
  ->  HashAggregate  (cost=8824.50..10544.43 rows=14615 width=26) (actual rows=29537 loops=1)
        Group Key: person.email
        Filter: (count(person.email) > 1)
        Batches: 5  Memory Usage: 4657kB  Disk Usage: 1736kB
        Rows Removed by Filter: 22328
        Buffers: shared hit=637, temp read=195 written=360
        ->  Seq Scan on person  (cost=0.00..1637.00 rows=100000 width=18) (actual rows=100000 loops=1)
              Buffers: shared hit=637
Planning Time: 0.184 ms
Execution Time: 57.916 ms",59.372,10690.58,29537,"Subquery Scan on statistic  (cost=8824.50..10690.58 rows=14615 width=18) (actual rows=29537 loops=1)
  Buffers: shared hit=637, temp read=195 written=360
  ->  HashAggregate  (cost=8824.50..10544.43 rows=14615 width=26) (actual rows=29537 loops=1)
        Group Key: person.email
        Filter: (count(person.email) > 1)
        Batches: 5  Memory Usage: 4657kB  Disk Usage: 1736kB
        Rows Removed by Filter: 22328
        Buffers: shared hit=637, temp read=195 written=360
        ->  Seq Scan on person  (cost=0.00..1637.00 rows=100000 width=18) (actual rows=100000 loops=1)
              Buffers: shared hit=637
Planning Time: 0.094 ms
Execution Time: 59.372 ms",58.7966,57.916,61.5915,65.5866,10690.58,10690.58,29537,29537,29537,29537,normal,normal,10.151399799999998,19.206305499999992,equal variances,not significant,0.8452380952380952,1.8994,1.3390000000000057,-146.14999999999964,0,True
128,182,29,Easy,select t_person_0.email as email from schema_182.person as t_person_0 group by t_person_0.email having 1 < count(t_person_0.email),65.48,10544.43,29537,"HashAggregate  (cost=8824.50..10544.43 rows=14615 width=18) (actual rows=29537 loops=1)
  Group Key: email
  Filter: (1 < count(email))
  Batches: 5  Memory Usage: 4657kB  Disk Usage: 1736kB
  Rows Removed by Filter: 22328
  Buffers: shared hit=637, temp read=195 written=360
  ->  Seq Scan on person t_person_0  (cost=0.00..1637.00 rows=100000 width=18) (actual rows=100000 loops=1)
        Buffers: shared hit=637
Planning Time: 0.052 ms
Execution Time: 65.480 ms",57.939,10544.43,29537,"HashAggregate  (cost=8824.50..10544.43 rows=14615 width=18) (actual rows=29537 loops=1)
  Group Key: email
  Filter: (1 < count(email))
  Batches: 5  Memory Usage: 4657kB  Disk Usage: 1736kB
  Rows Removed by Filter: 22328
  Buffers: shared hit=637, temp read=195 written=360
  ->  Seq Scan on person t_person_0  (cost=0.00..1637.00 rows=100000 width=18) (actual rows=100000 loops=1)
        Buffers: shared hit=637
Planning Time: 0.072 ms
Execution Time: 57.939 ms",60.547,10544.43,29537,"HashAggregate  (cost=8824.50..10544.43 rows=14615 width=18) (actual rows=29537 loops=1)
  Group Key: email
  Filter: (1 < count(email))
  Batches: 5  Memory Usage: 4657kB  Disk Usage: 1736kB
  Rows Removed by Filter: 22328
  Buffers: shared hit=637, temp read=195 written=360
  ->  Seq Scan on person t_person_0  (cost=0.00..1637.00 rows=100000 width=18) (actual rows=100000 loops=1)
        Buffers: shared hit=637
Planning Time: 0.062 ms
Execution Time: 60.547 ms",59.436,10544.43,29537,"HashAggregate  (cost=8824.50..10544.43 rows=14615 width=18) (actual rows=29537 loops=1)
  Group Key: email
  Filter: (1 < count(email))
  Batches: 5  Memory Usage: 4657kB  Disk Usage: 1736kB
  Rows Removed by Filter: 22328
  Buffers: shared hit=637, temp read=195 written=360
  ->  Seq Scan on person t_person_0  (cost=0.00..1637.00 rows=100000 width=18) (actual rows=100000 loops=1)
        Buffers: shared hit=637
Planning Time: 0.058 ms
Execution Time: 59.436 ms",56.769,10544.43,29537,"HashAggregate  (cost=8824.50..10544.43 rows=14615 width=18) (actual rows=29537 loops=1)
  Group Key: email
  Filter: (1 < count(email))
  Batches: 5  Memory Usage: 4657kB  Disk Usage: 1736kB
  Rows Removed by Filter: 22328
  Buffers: shared hit=637, temp read=195 written=360
  ->  Seq Scan on person t_person_0  (cost=0.00..1637.00 rows=100000 width=18) (actual rows=100000 loops=1)
        Buffers: shared hit=637
Planning Time: 0.098 ms
Execution Time: 56.769 ms",60.0342,59.436,63.0135,67.4532,10544.43,10544.43,29537,29537,29537,29537,182_29,128,182,29,Easy,"select email from (select count(email) as c, email from schema_182.person group by email) as dupe where c > 1",53.978,10690.58,29537,"Subquery Scan on dupe  (cost=8824.50..10690.58 rows=14615 width=18) (actual rows=29537 loops=1)
  Buffers: shared hit=637, temp read=195 written=360
  ->  HashAggregate  (cost=8824.50..10544.43 rows=14615 width=26) (actual rows=29537 loops=1)
        Group Key: person.email
        Filter: (count(person.email) > 1)
        Batches: 5  Memory Usage: 4657kB  Disk Usage: 1736kB
        Rows Removed by Filter: 22328
        Buffers: shared hit=637, temp read=195 written=360
        ->  Seq Scan on person  (cost=0.00..1637.00 rows=100000 width=18) (actual rows=100000 loops=1)
              Buffers: shared hit=637
Planning Time: 0.061 ms
Execution Time: 53.978 ms",60.387,10690.58,29537,"Subquery Scan on dupe  (cost=8824.50..10690.58 rows=14615 width=18) (actual rows=29537 loops=1)
  Buffers: shared hit=637, temp read=195 written=360
  ->  HashAggregate  (cost=8824.50..10544.43 rows=14615 width=26) (actual rows=29537 loops=1)
        Group Key: person.email
        Filter: (count(person.email) > 1)
        Batches: 5  Memory Usage: 4657kB  Disk Usage: 1736kB
        Rows Removed by Filter: 22328
        Buffers: shared hit=637, temp read=195 written=360
        ->  Seq Scan on person  (cost=0.00..1637.00 rows=100000 width=18) (actual rows=100000 loops=1)
              Buffers: shared hit=637
Planning Time: 0.088 ms
Execution Time: 60.387 ms",59.35,10690.58,29537,"Subquery Scan on dupe  (cost=8824.50..10690.58 rows=14615 width=18) (actual rows=29537 loops=1)
  Buffers: shared hit=637, temp read=195 written=360
  ->  HashAggregate  (cost=8824.50..10544.43 rows=14615 width=26) (actual rows=29537 loops=1)
        Group Key: person.email
        Filter: (count(person.email) > 1)
        Batches: 5  Memory Usage: 4657kB  Disk Usage: 1736kB
        Rows Removed by Filter: 22328
        Buffers: shared hit=637, temp read=195 written=360
        ->  Seq Scan on person  (cost=0.00..1637.00 rows=100000 width=18) (actual rows=100000 loops=1)
              Buffers: shared hit=637
Planning Time: 0.104 ms
Execution Time: 59.350 ms",60.693,10690.58,29537,"Subquery Scan on dupe  (cost=8824.50..10690.58 rows=14615 width=18) (actual rows=29537 loops=1)
  Buffers: shared hit=637, temp read=195 written=360
  ->  HashAggregate  (cost=8824.50..10544.43 rows=14615 width=26) (actual rows=29537 loops=1)
        Group Key: person.email
        Filter: (count(person.email) > 1)
        Batches: 5  Memory Usage: 4657kB  Disk Usage: 1736kB
        Rows Removed by Filter: 22328
        Buffers: shared hit=637, temp read=195 written=360
        ->  Seq Scan on person  (cost=0.00..1637.00 rows=100000 width=18) (actual rows=100000 loops=1)
              Buffers: shared hit=637
Planning Time: 0.086 ms
Execution Time: 60.693 ms",59.129,10690.58,29537,"Subquery Scan on dupe  (cost=8824.50..10690.58 rows=14615 width=18) (actual rows=29537 loops=1)
  Buffers: shared hit=637, temp read=195 written=360
  ->  HashAggregate  (cost=8824.50..10544.43 rows=14615 width=26) (actual rows=29537 loops=1)
        Group Key: person.email
        Filter: (count(person.email) > 1)
        Batches: 5  Memory Usage: 4657kB  Disk Usage: 1736kB
        Rows Removed by Filter: 22328
        Buffers: shared hit=637, temp read=195 written=360
        ->  Seq Scan on person  (cost=0.00..1637.00 rows=100000 width=18) (actual rows=100000 loops=1)
              Buffers: shared hit=637
Planning Time: 0.130 ms
Execution Time: 59.129 ms",58.7074,59.35,60.54,60.8154,10690.58,10690.58,29537,29537,29537,29537,not normal,normal,7.430392299999994,11.332234700000013,equal variances,not significant,0.6547619047619047,1.3267999999999986,0.08599999999999852,-146.14999999999964,0,True
129,182,30,Easy,select t_person_0.email as email from schema_182.person as t_person_0 group by t_person_0.email having 1 < count(t_person_0.email),52.096,10544.43,29537,"HashAggregate  (cost=8824.50..10544.43 rows=14615 width=18) (actual rows=29537 loops=1)
  Group Key: email
  Filter: (1 < count(email))
  Batches: 5  Memory Usage: 4657kB  Disk Usage: 1736kB
  Rows Removed by Filter: 22328
  Buffers: shared hit=637, temp read=195 written=360
  ->  Seq Scan on person t_person_0  (cost=0.00..1637.00 rows=100000 width=18) (actual rows=100000 loops=1)
        Buffers: shared hit=637
Planning Time: 0.051 ms
Execution Time: 52.096 ms",60.984,10544.43,29537,"HashAggregate  (cost=8824.50..10544.43 rows=14615 width=18) (actual rows=29537 loops=1)
  Group Key: email
  Filter: (1 < count(email))
  Batches: 5  Memory Usage: 4657kB  Disk Usage: 1736kB
  Rows Removed by Filter: 22328
  Buffers: shared hit=637, temp read=195 written=360
  ->  Seq Scan on person t_person_0  (cost=0.00..1637.00 rows=100000 width=18) (actual rows=100000 loops=1)
        Buffers: shared hit=637
Planning Time: 0.064 ms
Execution Time: 60.984 ms",57.703,10544.43,29537,"HashAggregate  (cost=8824.50..10544.43 rows=14615 width=18) (actual rows=29537 loops=1)
  Group Key: email
  Filter: (1 < count(email))
  Batches: 5  Memory Usage: 4657kB  Disk Usage: 1736kB
  Rows Removed by Filter: 22328
  Buffers: shared hit=637, temp read=195 written=360
  ->  Seq Scan on person t_person_0  (cost=0.00..1637.00 rows=100000 width=18) (actual rows=100000 loops=1)
        Buffers: shared hit=637
Planning Time: 0.072 ms
Execution Time: 57.703 ms",58.431,10544.43,29537,"HashAggregate  (cost=8824.50..10544.43 rows=14615 width=18) (actual rows=29537 loops=1)
  Group Key: email
  Filter: (1 < count(email))
  Batches: 5  Memory Usage: 4657kB  Disk Usage: 1736kB
  Rows Removed by Filter: 22328
  Buffers: shared hit=637, temp read=195 written=360
  ->  Seq Scan on person t_person_0  (cost=0.00..1637.00 rows=100000 width=18) (actual rows=100000 loops=1)
        Buffers: shared hit=637
Planning Time: 0.103 ms
Execution Time: 58.431 ms",59.396,10544.43,29537,"HashAggregate  (cost=8824.50..10544.43 rows=14615 width=18) (actual rows=29537 loops=1)
  Group Key: email
  Filter: (1 < count(email))
  Batches: 5  Memory Usage: 4657kB  Disk Usage: 1736kB
  Rows Removed by Filter: 22328
  Buffers: shared hit=637, temp read=195 written=360
  ->  Seq Scan on person t_person_0  (cost=0.00..1637.00 rows=100000 width=18) (actual rows=100000 loops=1)
        Buffers: shared hit=637
Planning Time: 0.079 ms
Execution Time: 59.396 ms",57.722,58.431,60.19,61.6192,10544.43,10544.43,29537,29537,29537,29537,182_30,129,182,30,Easy,"select email from (select email, count(email) as number from schema_182.person group by email) as number_emails where number > 1",65.828,10690.58,29537,"Subquery Scan on number_emails  (cost=8824.50..10690.58 rows=14615 width=18) (actual rows=29537 loops=1)
  Buffers: shared hit=637, temp read=195 written=360
  ->  HashAggregate  (cost=8824.50..10544.43 rows=14615 width=26) (actual rows=29537 loops=1)
        Group Key: person.email
        Filter: (count(person.email) > 1)
        Batches: 5  Memory Usage: 4657kB  Disk Usage: 1736kB
        Rows Removed by Filter: 22328
        Buffers: shared hit=637, temp read=195 written=360
        ->  Seq Scan on person  (cost=0.00..1637.00 rows=100000 width=18) (actual rows=100000 loops=1)
              Buffers: shared hit=637
Planning Time: 0.083 ms
Execution Time: 65.828 ms",60.448,10690.58,29537,"Subquery Scan on number_emails  (cost=8824.50..10690.58 rows=14615 width=18) (actual rows=29537 loops=1)
  Buffers: shared hit=637, temp read=195 written=360
  ->  HashAggregate  (cost=8824.50..10544.43 rows=14615 width=26) (actual rows=29537 loops=1)
        Group Key: person.email
        Filter: (count(person.email) > 1)
        Batches: 5  Memory Usage: 4657kB  Disk Usage: 1736kB
        Rows Removed by Filter: 22328
        Buffers: shared hit=637, temp read=195 written=360
        ->  Seq Scan on person  (cost=0.00..1637.00 rows=100000 width=18) (actual rows=100000 loops=1)
              Buffers: shared hit=637
Planning Time: 0.088 ms
Execution Time: 60.448 ms",58.828,10690.58,29537,"Subquery Scan on number_emails  (cost=8824.50..10690.58 rows=14615 width=18) (actual rows=29537 loops=1)
  Buffers: shared hit=637, temp read=195 written=360
  ->  HashAggregate  (cost=8824.50..10544.43 rows=14615 width=26) (actual rows=29537 loops=1)
        Group Key: person.email
        Filter: (count(person.email) > 1)
        Batches: 5  Memory Usage: 4657kB  Disk Usage: 1736kB
        Rows Removed by Filter: 22328
        Buffers: shared hit=637, temp read=195 written=360
        ->  Seq Scan on person  (cost=0.00..1637.00 rows=100000 width=18) (actual rows=100000 loops=1)
              Buffers: shared hit=637
Planning Time: 0.089 ms
Execution Time: 58.828 ms",60.992,10690.58,29537,"Subquery Scan on number_emails  (cost=8824.50..10690.58 rows=14615 width=18) (actual rows=29537 loops=1)
  Buffers: shared hit=637, temp read=195 written=360
  ->  HashAggregate  (cost=8824.50..10544.43 rows=14615 width=26) (actual rows=29537 loops=1)
        Group Key: person.email
        Filter: (count(person.email) > 1)
        Batches: 5  Memory Usage: 4657kB  Disk Usage: 1736kB
        Rows Removed by Filter: 22328
        Buffers: shared hit=637, temp read=195 written=360
        ->  Seq Scan on person  (cost=0.00..1637.00 rows=100000 width=18) (actual rows=100000 loops=1)
              Buffers: shared hit=637
Planning Time: 0.085 ms
Execution Time: 60.992 ms",60.283,10690.58,29537,"Subquery Scan on number_emails  (cost=8824.50..10690.58 rows=14615 width=18) (actual rows=29537 loops=1)
  Buffers: shared hit=637, temp read=195 written=360
  ->  HashAggregate  (cost=8824.50..10544.43 rows=14615 width=26) (actual rows=29537 loops=1)
        Group Key: person.email
        Filter: (count(person.email) > 1)
        Batches: 5  Memory Usage: 4657kB  Disk Usage: 1736kB
        Rows Removed by Filter: 22328
        Buffers: shared hit=637, temp read=195 written=360
        ->  Seq Scan on person  (cost=0.00..1637.00 rows=100000 width=18) (actual rows=100000 loops=1)
              Buffers: shared hit=637
Planning Time: 0.092 ms
Execution Time: 60.283 ms",61.2758,60.448,63.41,67.7624,10690.58,10690.58,29537,29537,29537,29537,normal,normal,7.116424200000002,11.399459500000013,equal variances,significant,0.047619047619047616,-3.5537999999999954,-2.017000000000003,-146.14999999999964,0,True
130,182,31,Easy,select t_person_0.email as email from schema_182.person as t_person_0 group by t_person_0.email having 1 < count(t_person_0.email),58.308,10544.43,29537,"HashAggregate  (cost=8824.50..10544.43 rows=14615 width=18) (actual rows=29537 loops=1)
  Group Key: email
  Filter: (1 < count(email))
  Batches: 5  Memory Usage: 4657kB  Disk Usage: 1736kB
  Rows Removed by Filter: 22328
  Buffers: shared hit=637, temp read=195 written=360
  ->  Seq Scan on person t_person_0  (cost=0.00..1637.00 rows=100000 width=18) (actual rows=100000 loops=1)
        Buffers: shared hit=637
Planning Time: 0.061 ms
Execution Time: 58.308 ms",69.062,10544.43,29537,"HashAggregate  (cost=8824.50..10544.43 rows=14615 width=18) (actual rows=29537 loops=1)
  Group Key: email
  Filter: (1 < count(email))
  Batches: 5  Memory Usage: 4657kB  Disk Usage: 1736kB
  Rows Removed by Filter: 22328
  Buffers: shared hit=637, temp read=195 written=360
  ->  Seq Scan on person t_person_0  (cost=0.00..1637.00 rows=100000 width=18) (actual rows=100000 loops=1)
        Buffers: shared hit=637
Planning Time: 0.068 ms
Execution Time: 69.062 ms",76.349,10544.43,29537,"HashAggregate  (cost=8824.50..10544.43 rows=14615 width=18) (actual rows=29537 loops=1)
  Group Key: email
  Filter: (1 < count(email))
  Batches: 5  Memory Usage: 4657kB  Disk Usage: 1736kB
  Rows Removed by Filter: 22328
  Buffers: shared hit=637, temp read=195 written=360
  ->  Seq Scan on person t_person_0  (cost=0.00..1637.00 rows=100000 width=18) (actual rows=100000 loops=1)
        Buffers: shared hit=637
Planning Time: 0.070 ms
Execution Time: 76.349 ms",56.479,10544.43,29537,"HashAggregate  (cost=8824.50..10544.43 rows=14615 width=18) (actual rows=29537 loops=1)
  Group Key: email
  Filter: (1 < count(email))
  Batches: 5  Memory Usage: 4657kB  Disk Usage: 1736kB
  Rows Removed by Filter: 22328
  Buffers: shared hit=637, temp read=195 written=360
  ->  Seq Scan on person t_person_0  (cost=0.00..1637.00 rows=100000 width=18) (actual rows=100000 loops=1)
        Buffers: shared hit=637
Planning Time: 0.074 ms
Execution Time: 56.479 ms",65.316,10544.43,29537,"HashAggregate  (cost=8824.50..10544.43 rows=14615 width=18) (actual rows=29537 loops=1)
  Group Key: email
  Filter: (1 < count(email))
  Batches: 5  Memory Usage: 4657kB  Disk Usage: 1736kB
  Rows Removed by Filter: 22328
  Buffers: shared hit=637, temp read=195 written=360
  ->  Seq Scan on person t_person_0  (cost=0.00..1637.00 rows=100000 width=18) (actual rows=100000 loops=1)
        Buffers: shared hit=637
Planning Time: 0.060 ms
Execution Time: 65.316 ms",65.1028,65.316,72.7055,79.2638,10544.43,10544.43,29537,29537,29537,29537,182_31,130,182,31,Easy,"select email from (select email, count(email) as emailcount from schema_182.person group by email) as countemail where countemail.emailcount > 1",57.008,10690.58,29537,"Subquery Scan on countemail  (cost=8824.50..10690.58 rows=14615 width=18) (actual rows=29537 loops=1)
  Buffers: shared hit=637, temp read=195 written=360
  ->  HashAggregate  (cost=8824.50..10544.43 rows=14615 width=26) (actual rows=29537 loops=1)
        Group Key: person.email
        Filter: (count(person.email) > 1)
        Batches: 5  Memory Usage: 4657kB  Disk Usage: 1736kB
        Rows Removed by Filter: 22328
        Buffers: shared hit=637, temp read=195 written=360
        ->  Seq Scan on person  (cost=0.00..1637.00 rows=100000 width=18) (actual rows=100000 loops=1)
              Buffers: shared hit=637
Planning Time: 0.084 ms
Execution Time: 57.008 ms",60.033,10690.58,29537,"Subquery Scan on countemail  (cost=8824.50..10690.58 rows=14615 width=18) (actual rows=29537 loops=1)
  Buffers: shared hit=637, temp read=195 written=360
  ->  HashAggregate  (cost=8824.50..10544.43 rows=14615 width=26) (actual rows=29537 loops=1)
        Group Key: person.email
        Filter: (count(person.email) > 1)
        Batches: 5  Memory Usage: 4657kB  Disk Usage: 1736kB
        Rows Removed by Filter: 22328
        Buffers: shared hit=637, temp read=195 written=360
        ->  Seq Scan on person  (cost=0.00..1637.00 rows=100000 width=18) (actual rows=100000 loops=1)
              Buffers: shared hit=637
Planning Time: 0.098 ms
Execution Time: 60.033 ms",59.976,10690.58,29537,"Subquery Scan on countemail  (cost=8824.50..10690.58 rows=14615 width=18) (actual rows=29537 loops=1)
  Buffers: shared hit=637, temp read=195 written=360
  ->  HashAggregate  (cost=8824.50..10544.43 rows=14615 width=26) (actual rows=29537 loops=1)
        Group Key: person.email
        Filter: (count(person.email) > 1)
        Batches: 5  Memory Usage: 4657kB  Disk Usage: 1736kB
        Rows Removed by Filter: 22328
        Buffers: shared hit=637, temp read=195 written=360
        ->  Seq Scan on person  (cost=0.00..1637.00 rows=100000 width=18) (actual rows=100000 loops=1)
              Buffers: shared hit=637
Planning Time: 0.077 ms
Execution Time: 59.976 ms",59.264,10690.58,29537,"Subquery Scan on countemail  (cost=8824.50..10690.58 rows=14615 width=18) (actual rows=29537 loops=1)
  Buffers: shared hit=637, temp read=195 written=360
  ->  HashAggregate  (cost=8824.50..10544.43 rows=14615 width=26) (actual rows=29537 loops=1)
        Group Key: person.email
        Filter: (count(person.email) > 1)
        Batches: 5  Memory Usage: 4657kB  Disk Usage: 1736kB
        Rows Removed by Filter: 22328
        Buffers: shared hit=637, temp read=195 written=360
        ->  Seq Scan on person  (cost=0.00..1637.00 rows=100000 width=18) (actual rows=100000 loops=1)
              Buffers: shared hit=637
Planning Time: 0.123 ms
Execution Time: 59.264 ms",58.857,10690.58,29537,"Subquery Scan on countemail  (cost=8824.50..10690.58 rows=14615 width=18) (actual rows=29537 loops=1)
  Buffers: shared hit=637, temp read=195 written=360
  ->  HashAggregate  (cost=8824.50..10544.43 rows=14615 width=26) (actual rows=29537 loops=1)
        Group Key: person.email
        Filter: (count(person.email) > 1)
        Batches: 5  Memory Usage: 4657kB  Disk Usage: 1736kB
        Rows Removed by Filter: 22328
        Buffers: shared hit=637, temp read=195 written=360
        ->  Seq Scan on person  (cost=0.00..1637.00 rows=100000 width=18) (actual rows=100000 loops=1)
              Buffers: shared hit=637
Planning Time: 0.102 ms
Execution Time: 58.857 ms",59.0276,59.264,60.0045,60.0558,10690.58,10690.58,29537,29537,29537,29537,normal,normal,1.518516299999998,65.68424170000003,unequal variances,not significant,0.7896825396825397,6.075200000000002,6.052,-146.14999999999964,0,True
131,182,32,Easy,select t_person_0.email as email from schema_182.person as t_person_0 group by t_person_0.email having 1 < count(t_person_0.email),54.698,10544.43,29537,"HashAggregate  (cost=8824.50..10544.43 rows=14615 width=18) (actual rows=29537 loops=1)
  Group Key: email
  Filter: (1 < count(email))
  Batches: 5  Memory Usage: 4657kB  Disk Usage: 1736kB
  Rows Removed by Filter: 22328
  Buffers: shared hit=637, temp read=195 written=360
  ->  Seq Scan on person t_person_0  (cost=0.00..1637.00 rows=100000 width=18) (actual rows=100000 loops=1)
        Buffers: shared hit=637
Planning Time: 0.045 ms
Execution Time: 54.698 ms",87.0,10544.43,29537,"HashAggregate  (cost=8824.50..10544.43 rows=14615 width=18) (actual rows=29537 loops=1)
  Group Key: email
  Filter: (1 < count(email))
  Batches: 5  Memory Usage: 4657kB  Disk Usage: 1736kB
  Rows Removed by Filter: 22328
  Buffers: shared hit=637, temp read=195 written=360
  ->  Seq Scan on person t_person_0  (cost=0.00..1637.00 rows=100000 width=18) (actual rows=100000 loops=1)
        Buffers: shared hit=637
Planning Time: 0.062 ms
Execution Time: 87.000 ms",66.514,10544.43,29537,"HashAggregate  (cost=8824.50..10544.43 rows=14615 width=18) (actual rows=29537 loops=1)
  Group Key: email
  Filter: (1 < count(email))
  Batches: 5  Memory Usage: 4657kB  Disk Usage: 1736kB
  Rows Removed by Filter: 22328
  Buffers: shared hit=637, temp read=195 written=360
  ->  Seq Scan on person t_person_0  (cost=0.00..1637.00 rows=100000 width=18) (actual rows=100000 loops=1)
        Buffers: shared hit=637
Planning Time: 0.064 ms
Execution Time: 66.514 ms",57.882,10544.43,29537,"HashAggregate  (cost=8824.50..10544.43 rows=14615 width=18) (actual rows=29537 loops=1)
  Group Key: email
  Filter: (1 < count(email))
  Batches: 5  Memory Usage: 4657kB  Disk Usage: 1736kB
  Rows Removed by Filter: 22328
  Buffers: shared hit=637, temp read=195 written=360
  ->  Seq Scan on person t_person_0  (cost=0.00..1637.00 rows=100000 width=18) (actual rows=100000 loops=1)
        Buffers: shared hit=637
Planning Time: 0.073 ms
Execution Time: 57.882 ms",55.803,10544.43,29537,"HashAggregate  (cost=8824.50..10544.43 rows=14615 width=18) (actual rows=29537 loops=1)
  Group Key: email
  Filter: (1 < count(email))
  Batches: 5  Memory Usage: 4657kB  Disk Usage: 1736kB
  Rows Removed by Filter: 22328
  Buffers: shared hit=637, temp read=195 written=360
  ->  Seq Scan on person t_person_0  (cost=0.00..1637.00 rows=100000 width=18) (actual rows=100000 loops=1)
        Buffers: shared hit=637
Planning Time: 0.079 ms
Execution Time: 55.803 ms",64.3794,57.882,76.757,95.1944,10544.43,10544.43,29537,29537,29537,29537,182_32,131,182,32,Easy,"select email from (select email, count(email) as count from schema_182.person group by email) as e where e.count > 1",58.035,10690.58,29537,"Subquery Scan on e  (cost=8824.50..10690.58 rows=14615 width=18) (actual rows=29537 loops=1)
  Buffers: shared hit=637, temp read=195 written=360
  ->  HashAggregate  (cost=8824.50..10544.43 rows=14615 width=26) (actual rows=29537 loops=1)
        Group Key: person.email
        Filter: (count(person.email) > 1)
        Batches: 5  Memory Usage: 4657kB  Disk Usage: 1736kB
        Rows Removed by Filter: 22328
        Buffers: shared hit=637, temp read=195 written=360
        ->  Seq Scan on person  (cost=0.00..1637.00 rows=100000 width=18) (actual rows=100000 loops=1)
              Buffers: shared hit=637
Planning Time: 0.060 ms
Execution Time: 58.035 ms",63.921,10690.58,29537,"Subquery Scan on e  (cost=8824.50..10690.58 rows=14615 width=18) (actual rows=29537 loops=1)
  Buffers: shared hit=637, temp read=195 written=360
  ->  HashAggregate  (cost=8824.50..10544.43 rows=14615 width=26) (actual rows=29537 loops=1)
        Group Key: person.email
        Filter: (count(person.email) > 1)
        Batches: 5  Memory Usage: 4657kB  Disk Usage: 1736kB
        Rows Removed by Filter: 22328
        Buffers: shared hit=637, temp read=195 written=360
        ->  Seq Scan on person  (cost=0.00..1637.00 rows=100000 width=18) (actual rows=100000 loops=1)
              Buffers: shared hit=637
Planning Time: 0.089 ms
Execution Time: 63.921 ms",135.579,10690.58,29537,"Subquery Scan on e  (cost=8824.50..10690.58 rows=14615 width=18) (actual rows=29537 loops=1)
  Buffers: shared hit=637, temp read=195 written=360
  ->  HashAggregate  (cost=8824.50..10544.43 rows=14615 width=26) (actual rows=29537 loops=1)
        Group Key: person.email
        Filter: (count(person.email) > 1)
        Batches: 5  Memory Usage: 4657kB  Disk Usage: 1736kB
        Rows Removed by Filter: 22328
        Buffers: shared hit=637, temp read=195 written=360
        ->  Seq Scan on person  (cost=0.00..1637.00 rows=100000 width=18) (actual rows=100000 loops=1)
              Buffers: shared hit=637
Planning Time: 0.100 ms
Execution Time: 135.579 ms",62.11,10690.58,29537,"Subquery Scan on e  (cost=8824.50..10690.58 rows=14615 width=18) (actual rows=29537 loops=1)
  Buffers: shared hit=637, temp read=195 written=360
  ->  HashAggregate  (cost=8824.50..10544.43 rows=14615 width=26) (actual rows=29537 loops=1)
        Group Key: person.email
        Filter: (count(person.email) > 1)
        Batches: 5  Memory Usage: 4657kB  Disk Usage: 1736kB
        Rows Removed by Filter: 22328
        Buffers: shared hit=637, temp read=195 written=360
        ->  Seq Scan on person  (cost=0.00..1637.00 rows=100000 width=18) (actual rows=100000 loops=1)
              Buffers: shared hit=637
Planning Time: 0.094 ms
Execution Time: 62.110 ms",62.319,10690.58,29537,"Subquery Scan on e  (cost=8824.50..10690.58 rows=14615 width=18) (actual rows=29537 loops=1)
  Buffers: shared hit=637, temp read=195 written=360
  ->  HashAggregate  (cost=8824.50..10544.43 rows=14615 width=26) (actual rows=29537 loops=1)
        Group Key: person.email
        Filter: (count(person.email) > 1)
        Batches: 5  Memory Usage: 4657kB  Disk Usage: 1736kB
        Rows Removed by Filter: 22328
        Buffers: shared hit=637, temp read=195 written=360
        ->  Seq Scan on person  (cost=0.00..1637.00 rows=100000 width=18) (actual rows=100000 loops=1)
              Buffers: shared hit=637
Planning Time: 0.088 ms
Execution Time: 62.319 ms",76.3928,62.319,99.75,164.2422,10690.58,10690.58,29537,29537,29537,29537,not normal,normal,1099.4077772,181.43710280000002,equal variances,not significant,0.21031746031746032,-12.01339999999999,-4.437000000000005,-146.14999999999964,0,True
132,182,36,Easy,select t_person_0.email as email from schema_182.person as t_person_0 group by t_person_0.email having 1 < count(t_person_0.email),53.038,10544.43,29537,"HashAggregate  (cost=8824.50..10544.43 rows=14615 width=18) (actual rows=29537 loops=1)
  Group Key: email
  Filter: (1 < count(email))
  Batches: 5  Memory Usage: 4657kB  Disk Usage: 1736kB
  Rows Removed by Filter: 22328
  Buffers: shared hit=637, temp read=195 written=360
  ->  Seq Scan on person t_person_0  (cost=0.00..1637.00 rows=100000 width=18) (actual rows=100000 loops=1)
        Buffers: shared hit=637
Planning Time: 0.051 ms
Execution Time: 53.038 ms",62.866,10544.43,29537,"HashAggregate  (cost=8824.50..10544.43 rows=14615 width=18) (actual rows=29537 loops=1)
  Group Key: email
  Filter: (1 < count(email))
  Batches: 5  Memory Usage: 4657kB  Disk Usage: 1736kB
  Rows Removed by Filter: 22328
  Buffers: shared hit=637, temp read=195 written=360
  ->  Seq Scan on person t_person_0  (cost=0.00..1637.00 rows=100000 width=18) (actual rows=100000 loops=1)
        Buffers: shared hit=637
Planning Time: 0.066 ms
Execution Time: 62.866 ms",56.901,10544.43,29537,"HashAggregate  (cost=8824.50..10544.43 rows=14615 width=18) (actual rows=29537 loops=1)
  Group Key: email
  Filter: (1 < count(email))
  Batches: 5  Memory Usage: 4657kB  Disk Usage: 1736kB
  Rows Removed by Filter: 22328
  Buffers: shared hit=637, temp read=195 written=360
  ->  Seq Scan on person t_person_0  (cost=0.00..1637.00 rows=100000 width=18) (actual rows=100000 loops=1)
        Buffers: shared hit=637
Planning Time: 0.139 ms
Execution Time: 56.901 ms",59.256,10544.43,29537,"HashAggregate  (cost=8824.50..10544.43 rows=14615 width=18) (actual rows=29537 loops=1)
  Group Key: email
  Filter: (1 < count(email))
  Batches: 5  Memory Usage: 4657kB  Disk Usage: 1736kB
  Rows Removed by Filter: 22328
  Buffers: shared hit=637, temp read=195 written=360
  ->  Seq Scan on person t_person_0  (cost=0.00..1637.00 rows=100000 width=18) (actual rows=100000 loops=1)
        Buffers: shared hit=637
Planning Time: 0.058 ms
Execution Time: 59.256 ms",59.268,10544.43,29537,"HashAggregate  (cost=8824.50..10544.43 rows=14615 width=18) (actual rows=29537 loops=1)
  Group Key: email
  Filter: (1 < count(email))
  Batches: 5  Memory Usage: 4657kB  Disk Usage: 1736kB
  Rows Removed by Filter: 22328
  Buffers: shared hit=637, temp read=195 written=360
  ->  Seq Scan on person t_person_0  (cost=0.00..1637.00 rows=100000 width=18) (actual rows=100000 loops=1)
        Buffers: shared hit=637
Planning Time: 0.071 ms
Execution Time: 59.268 ms",58.2658,59.256,61.067,64.3052,10544.43,10544.43,29537,29537,29537,29537,182_36,132,182,36,Easy,"select email from (select email, count(email) as occurences from schema_182.person group by email) as sub where occurences > 1",60.919,10690.58,29537,"Subquery Scan on sub  (cost=8824.50..10690.58 rows=14615 width=18) (actual rows=29537 loops=1)
  Buffers: shared hit=637, temp read=195 written=360
  ->  HashAggregate  (cost=8824.50..10544.43 rows=14615 width=26) (actual rows=29537 loops=1)
        Group Key: person.email
        Filter: (count(person.email) > 1)
        Batches: 5  Memory Usage: 4657kB  Disk Usage: 1736kB
        Rows Removed by Filter: 22328
        Buffers: shared hit=637, temp read=195 written=360
        ->  Seq Scan on person  (cost=0.00..1637.00 rows=100000 width=18) (actual rows=100000 loops=1)
              Buffers: shared hit=637
Planning Time: 0.089 ms
Execution Time: 60.919 ms",60.816,10690.58,29537,"Subquery Scan on sub  (cost=8824.50..10690.58 rows=14615 width=18) (actual rows=29537 loops=1)
  Buffers: shared hit=637, temp read=195 written=360
  ->  HashAggregate  (cost=8824.50..10544.43 rows=14615 width=26) (actual rows=29537 loops=1)
        Group Key: person.email
        Filter: (count(person.email) > 1)
        Batches: 5  Memory Usage: 4657kB  Disk Usage: 1736kB
        Rows Removed by Filter: 22328
        Buffers: shared hit=637, temp read=195 written=360
        ->  Seq Scan on person  (cost=0.00..1637.00 rows=100000 width=18) (actual rows=100000 loops=1)
              Buffers: shared hit=637
Planning Time: 0.084 ms
Execution Time: 60.816 ms",60.432,10690.58,29537,"Subquery Scan on sub  (cost=8824.50..10690.58 rows=14615 width=18) (actual rows=29537 loops=1)
  Buffers: shared hit=637, temp read=195 written=360
  ->  HashAggregate  (cost=8824.50..10544.43 rows=14615 width=26) (actual rows=29537 loops=1)
        Group Key: person.email
        Filter: (count(person.email) > 1)
        Batches: 5  Memory Usage: 4657kB  Disk Usage: 1736kB
        Rows Removed by Filter: 22328
        Buffers: shared hit=637, temp read=195 written=360
        ->  Seq Scan on person  (cost=0.00..1637.00 rows=100000 width=18) (actual rows=100000 loops=1)
              Buffers: shared hit=637
Planning Time: 0.084 ms
Execution Time: 60.432 ms",62.253,10690.58,29537,"Subquery Scan on sub  (cost=8824.50..10690.58 rows=14615 width=18) (actual rows=29537 loops=1)
  Buffers: shared hit=637, temp read=195 written=360
  ->  HashAggregate  (cost=8824.50..10544.43 rows=14615 width=26) (actual rows=29537 loops=1)
        Group Key: person.email
        Filter: (count(person.email) > 1)
        Batches: 5  Memory Usage: 4657kB  Disk Usage: 1736kB
        Rows Removed by Filter: 22328
        Buffers: shared hit=637, temp read=195 written=360
        ->  Seq Scan on person  (cost=0.00..1637.00 rows=100000 width=18) (actual rows=100000 loops=1)
              Buffers: shared hit=637
Planning Time: 0.090 ms
Execution Time: 62.253 ms",63.139,10690.58,29537,"Subquery Scan on sub  (cost=8824.50..10690.58 rows=14615 width=18) (actual rows=29537 loops=1)
  Buffers: shared hit=637, temp read=195 written=360
  ->  HashAggregate  (cost=8824.50..10544.43 rows=14615 width=26) (actual rows=29537 loops=1)
        Group Key: person.email
        Filter: (count(person.email) > 1)
        Batches: 5  Memory Usage: 4657kB  Disk Usage: 1736kB
        Rows Removed by Filter: 22328
        Buffers: shared hit=637, temp read=195 written=360
        ->  Seq Scan on person  (cost=0.00..1637.00 rows=100000 width=18) (actual rows=100000 loops=1)
              Buffers: shared hit=637
Planning Time: 0.083 ms
Execution Time: 63.139 ms",61.5118,60.919,62.696,63.4934,10690.58,10690.58,29537,29537,29537,29537,normal,normal,1.2996687000000011,13.084828200000008,equal variances,significant,0.047619047619047616,-3.246000000000002,-1.6629999999999967,-146.14999999999964,0,True
133,182,37,Easy,select t_person_0.email as email from schema_182.person as t_person_0 group by t_person_0.email having 1 < count(t_person_0.email),56.897,10544.43,29537,"HashAggregate  (cost=8824.50..10544.43 rows=14615 width=18) (actual rows=29537 loops=1)
  Group Key: email
  Filter: (1 < count(email))
  Batches: 5  Memory Usage: 4657kB  Disk Usage: 1736kB
  Rows Removed by Filter: 22328
  Buffers: shared hit=637, temp read=195 written=360
  ->  Seq Scan on person t_person_0  (cost=0.00..1637.00 rows=100000 width=18) (actual rows=100000 loops=1)
        Buffers: shared hit=637
Planning Time: 0.055 ms
Execution Time: 56.897 ms",59.337,10544.43,29537,"HashAggregate  (cost=8824.50..10544.43 rows=14615 width=18) (actual rows=29537 loops=1)
  Group Key: email
  Filter: (1 < count(email))
  Batches: 5  Memory Usage: 4657kB  Disk Usage: 1736kB
  Rows Removed by Filter: 22328
  Buffers: shared hit=637, temp read=195 written=360
  ->  Seq Scan on person t_person_0  (cost=0.00..1637.00 rows=100000 width=18) (actual rows=100000 loops=1)
        Buffers: shared hit=637
Planning Time: 0.063 ms
Execution Time: 59.337 ms",56.813,10544.43,29537,"HashAggregate  (cost=8824.50..10544.43 rows=14615 width=18) (actual rows=29537 loops=1)
  Group Key: email
  Filter: (1 < count(email))
  Batches: 5  Memory Usage: 4657kB  Disk Usage: 1736kB
  Rows Removed by Filter: 22328
  Buffers: shared hit=637, temp read=195 written=360
  ->  Seq Scan on person t_person_0  (cost=0.00..1637.00 rows=100000 width=18) (actual rows=100000 loops=1)
        Buffers: shared hit=637
Planning Time: 0.088 ms
Execution Time: 56.813 ms",56.65,10544.43,29537,"HashAggregate  (cost=8824.50..10544.43 rows=14615 width=18) (actual rows=29537 loops=1)
  Group Key: email
  Filter: (1 < count(email))
  Batches: 5  Memory Usage: 4657kB  Disk Usage: 1736kB
  Rows Removed by Filter: 22328
  Buffers: shared hit=637, temp read=195 written=360
  ->  Seq Scan on person t_person_0  (cost=0.00..1637.00 rows=100000 width=18) (actual rows=100000 loops=1)
        Buffers: shared hit=637
Planning Time: 0.070 ms
Execution Time: 56.650 ms",56.438,10544.43,29537,"HashAggregate  (cost=8824.50..10544.43 rows=14615 width=18) (actual rows=29537 loops=1)
  Group Key: email
  Filter: (1 < count(email))
  Batches: 5  Memory Usage: 4657kB  Disk Usage: 1736kB
  Rows Removed by Filter: 22328
  Buffers: shared hit=637, temp read=195 written=360
  ->  Seq Scan on person t_person_0  (cost=0.00..1637.00 rows=100000 width=18) (actual rows=100000 loops=1)
        Buffers: shared hit=637
Planning Time: 0.065 ms
Execution Time: 56.438 ms",57.227,56.813,58.117,60.313,10544.43,10544.43,29537,29537,29537,29537,182_37,133,182,37,Easy,"select email from (select email, count(email) as num from schema_182.person group by email) as new where num > 1",73.841,10690.58,29537,"Subquery Scan on new  (cost=8824.50..10690.58 rows=14615 width=18) (actual rows=29537 loops=1)
  Buffers: shared hit=637, temp read=195 written=360
  ->  HashAggregate  (cost=8824.50..10544.43 rows=14615 width=26) (actual rows=29537 loops=1)
        Group Key: person.email
        Filter: (count(person.email) > 1)
        Batches: 5  Memory Usage: 4657kB  Disk Usage: 1736kB
        Rows Removed by Filter: 22328
        Buffers: shared hit=637, temp read=195 written=360
        ->  Seq Scan on person  (cost=0.00..1637.00 rows=100000 width=18) (actual rows=100000 loops=1)
              Buffers: shared hit=637
Planning Time: 0.094 ms
Execution Time: 73.841 ms",61.664,10690.58,29537,"Subquery Scan on new  (cost=8824.50..10690.58 rows=14615 width=18) (actual rows=29537 loops=1)
  Buffers: shared hit=637, temp read=195 written=360
  ->  HashAggregate  (cost=8824.50..10544.43 rows=14615 width=26) (actual rows=29537 loops=1)
        Group Key: person.email
        Filter: (count(person.email) > 1)
        Batches: 5  Memory Usage: 4657kB  Disk Usage: 1736kB
        Rows Removed by Filter: 22328
        Buffers: shared hit=637, temp read=195 written=360
        ->  Seq Scan on person  (cost=0.00..1637.00 rows=100000 width=18) (actual rows=100000 loops=1)
              Buffers: shared hit=637
Planning Time: 0.095 ms
Execution Time: 61.664 ms",58.078,10690.58,29537,"Subquery Scan on new  (cost=8824.50..10690.58 rows=14615 width=18) (actual rows=29537 loops=1)
  Buffers: shared hit=637, temp read=195 written=360
  ->  HashAggregate  (cost=8824.50..10544.43 rows=14615 width=26) (actual rows=29537 loops=1)
        Group Key: person.email
        Filter: (count(person.email) > 1)
        Batches: 5  Memory Usage: 4657kB  Disk Usage: 1736kB
        Rows Removed by Filter: 22328
        Buffers: shared hit=637, temp read=195 written=360
        ->  Seq Scan on person  (cost=0.00..1637.00 rows=100000 width=18) (actual rows=100000 loops=1)
              Buffers: shared hit=637
Planning Time: 0.132 ms
Execution Time: 58.078 ms",59.829,10690.58,29537,"Subquery Scan on new  (cost=8824.50..10690.58 rows=14615 width=18) (actual rows=29537 loops=1)
  Buffers: shared hit=637, temp read=195 written=360
  ->  HashAggregate  (cost=8824.50..10544.43 rows=14615 width=26) (actual rows=29537 loops=1)
        Group Key: person.email
        Filter: (count(person.email) > 1)
        Batches: 5  Memory Usage: 4657kB  Disk Usage: 1736kB
        Rows Removed by Filter: 22328
        Buffers: shared hit=637, temp read=195 written=360
        ->  Seq Scan on person  (cost=0.00..1637.00 rows=100000 width=18) (actual rows=100000 loops=1)
              Buffers: shared hit=637
Planning Time: 0.153 ms
Execution Time: 59.829 ms",58.917,10690.58,29537,"Subquery Scan on new  (cost=8824.50..10690.58 rows=14615 width=18) (actual rows=29537 loops=1)
  Buffers: shared hit=637, temp read=195 written=360
  ->  HashAggregate  (cost=8824.50..10544.43 rows=14615 width=26) (actual rows=29537 loops=1)
        Group Key: person.email
        Filter: (count(person.email) > 1)
        Batches: 5  Memory Usage: 4657kB  Disk Usage: 1736kB
        Rows Removed by Filter: 22328
        Buffers: shared hit=637, temp read=195 written=360
        ->  Seq Scan on person  (cost=0.00..1637.00 rows=100000 width=18) (actual rows=100000 loops=1)
              Buffers: shared hit=637
Planning Time: 0.097 ms
Execution Time: 58.917 ms",62.4658,59.829,67.7525,78.7118,10690.58,10690.58,29537,29537,29537,29537,not normal,not normal,42.209385699999956,1.4219615000000025,equal variances,significant,0.015873015873015872,-5.238800000000005,-3.0159999999999982,-146.14999999999964,0,True
134,182,48,Easy,select t_person_0.email as email from schema_182.person as t_person_0 group by t_person_0.email having 1 < count(t_person_0.id),52.033,10544.43,29537,"HashAggregate  (cost=8824.50..10544.43 rows=14615 width=18) (actual rows=29537 loops=1)
  Group Key: email
  Filter: (1 < count(id))
  Batches: 5  Memory Usage: 4657kB  Disk Usage: 1776kB
  Rows Removed by Filter: 22328
  Buffers: shared hit=637, temp read=215 written=380
  ->  Seq Scan on person t_person_0  (cost=0.00..1637.00 rows=100000 width=22) (actual rows=100000 loops=1)
        Buffers: shared hit=637
Planning Time: 0.046 ms
Execution Time: 52.033 ms",57.563,10544.43,29537,"HashAggregate  (cost=8824.50..10544.43 rows=14615 width=18) (actual rows=29537 loops=1)
  Group Key: email
  Filter: (1 < count(id))
  Batches: 5  Memory Usage: 4657kB  Disk Usage: 1776kB
  Rows Removed by Filter: 22328
  Buffers: shared hit=637, temp read=215 written=380
  ->  Seq Scan on person t_person_0  (cost=0.00..1637.00 rows=100000 width=22) (actual rows=100000 loops=1)
        Buffers: shared hit=637
Planning Time: 0.063 ms
Execution Time: 57.563 ms",54.153,10544.43,29537,"HashAggregate  (cost=8824.50..10544.43 rows=14615 width=18) (actual rows=29537 loops=1)
  Group Key: email
  Filter: (1 < count(id))
  Batches: 5  Memory Usage: 4657kB  Disk Usage: 1776kB
  Rows Removed by Filter: 22328
  Buffers: shared hit=637, temp read=215 written=380
  ->  Seq Scan on person t_person_0  (cost=0.00..1637.00 rows=100000 width=22) (actual rows=100000 loops=1)
        Buffers: shared hit=637
Planning Time: 0.069 ms
Execution Time: 54.153 ms",56.806,10544.43,29537,"HashAggregate  (cost=8824.50..10544.43 rows=14615 width=18) (actual rows=29537 loops=1)
  Group Key: email
  Filter: (1 < count(id))
  Batches: 5  Memory Usage: 4657kB  Disk Usage: 1776kB
  Rows Removed by Filter: 22328
  Buffers: shared hit=637, temp read=215 written=380
  ->  Seq Scan on person t_person_0  (cost=0.00..1637.00 rows=100000 width=22) (actual rows=100000 loops=1)
        Buffers: shared hit=637
Planning Time: 0.066 ms
Execution Time: 56.806 ms",55.6,10544.43,29537,"HashAggregate  (cost=8824.50..10544.43 rows=14615 width=18) (actual rows=29537 loops=1)
  Group Key: email
  Filter: (1 < count(id))
  Batches: 5  Memory Usage: 4657kB  Disk Usage: 1776kB
  Rows Removed by Filter: 22328
  Buffers: shared hit=637, temp read=215 written=380
  ->  Seq Scan on person t_person_0  (cost=0.00..1637.00 rows=100000 width=22) (actual rows=100000 loops=1)
        Buffers: shared hit=637
Planning Time: 0.089 ms
Execution Time: 55.600 ms",55.231,55.6,57.1845,57.8658,10544.43,10544.43,29537,29537,29537,29537,182_48,134,182,48,Easy,select email from schema_182.person group by email having count(distinct id) > 1,468.749,13290.87,29537,"GroupAggregate  (cost=11992.82..13290.87 rows=14615 width=18) (actual rows=29537 loops=1)
  Group Key: email
  Filter: (count(DISTINCT id) > 1)
  Rows Removed by Filter: 22328
  Buffers: shared hit=637, temp read=417 written=419
  ->  Sort  (cost=11992.82..12242.82 rows=100000 width=22) (actual rows=100000 loops=1)
        Sort Key: email
        Sort Method: external merge  Disk: 3336kB
        Buffers: shared hit=637, temp read=417 written=419
        ->  Seq Scan on person  (cost=0.00..1637.00 rows=100000 width=22) (actual rows=100000 loops=1)
              Buffers: shared hit=637
Planning Time: 0.051 ms
Execution Time: 468.749 ms",473.781,13290.87,29537,"GroupAggregate  (cost=11992.82..13290.87 rows=14615 width=18) (actual rows=29537 loops=1)
  Group Key: email
  Filter: (count(DISTINCT id) > 1)
  Rows Removed by Filter: 22328
  Buffers: shared hit=637, temp read=417 written=419
  ->  Sort  (cost=11992.82..12242.82 rows=100000 width=22) (actual rows=100000 loops=1)
        Sort Key: email
        Sort Method: external merge  Disk: 3336kB
        Buffers: shared hit=637, temp read=417 written=419
        ->  Seq Scan on person  (cost=0.00..1637.00 rows=100000 width=22) (actual rows=100000 loops=1)
              Buffers: shared hit=637
Planning Time: 0.063 ms
Execution Time: 473.781 ms",469.387,13290.87,29537,"GroupAggregate  (cost=11992.82..13290.87 rows=14615 width=18) (actual rows=29537 loops=1)
  Group Key: email
  Filter: (count(DISTINCT id) > 1)
  Rows Removed by Filter: 22328
  Buffers: shared hit=637, temp read=417 written=419
  ->  Sort  (cost=11992.82..12242.82 rows=100000 width=22) (actual rows=100000 loops=1)
        Sort Key: email
        Sort Method: external merge  Disk: 3336kB
        Buffers: shared hit=637, temp read=417 written=419
        ->  Seq Scan on person  (cost=0.00..1637.00 rows=100000 width=22) (actual rows=100000 loops=1)
              Buffers: shared hit=637
Planning Time: 0.098 ms
Execution Time: 469.387 ms",469.627,13290.87,29537,"GroupAggregate  (cost=11992.82..13290.87 rows=14615 width=18) (actual rows=29537 loops=1)
  Group Key: email
  Filter: (count(DISTINCT id) > 1)
  Rows Removed by Filter: 22328
  Buffers: shared hit=637, temp read=417 written=419
  ->  Sort  (cost=11992.82..12242.82 rows=100000 width=22) (actual rows=100000 loops=1)
        Sort Key: email
        Sort Method: external merge  Disk: 3336kB
        Buffers: shared hit=637, temp read=417 written=419
        ->  Seq Scan on person  (cost=0.00..1637.00 rows=100000 width=22) (actual rows=100000 loops=1)
              Buffers: shared hit=637
Planning Time: 0.063 ms
Execution Time: 469.627 ms",478.112,13290.87,29537,"GroupAggregate  (cost=11992.82..13290.87 rows=14615 width=18) (actual rows=29537 loops=1)
  Group Key: email
  Filter: (count(DISTINCT id) > 1)
  Rows Removed by Filter: 22328
  Buffers: shared hit=637, temp read=417 written=419
  ->  Sort  (cost=11992.82..12242.82 rows=100000 width=22) (actual rows=100000 loops=1)
        Sort Key: email
        Sort Method: external merge  Disk: 3336kB
        Buffers: shared hit=637, temp read=417 written=419
        ->  Seq Scan on person  (cost=0.00..1637.00 rows=100000 width=22) (actual rows=100000 loops=1)
              Buffers: shared hit=637
Planning Time: 0.066 ms
Execution Time: 478.112 ms",471.9312,469.627,475.9465,479.8444,13290.87,13290.87,29537,29537,29537,29537,normal,normal,15.883184200000027,4.8610745,equal variances,significant,0.003968253968253968,-416.7002,-414.027,-2746.4400000000005,0,True
136,182,65,Easy,select t_person_0.email as email from schema_182.person as t_person_0 group by t_person_0.email having 1 < count(t_person_0.email),51.61,10544.43,29537,"HashAggregate  (cost=8824.50..10544.43 rows=14615 width=18) (actual rows=29537 loops=1)
  Group Key: email
  Filter: (1 < count(email))
  Batches: 5  Memory Usage: 4657kB  Disk Usage: 1736kB
  Rows Removed by Filter: 22328
  Buffers: shared hit=637, temp read=195 written=360
  ->  Seq Scan on person t_person_0  (cost=0.00..1637.00 rows=100000 width=18) (actual rows=100000 loops=1)
        Buffers: shared hit=637
Planning Time: 0.046 ms
Execution Time: 51.610 ms",61.537,10544.43,29537,"HashAggregate  (cost=8824.50..10544.43 rows=14615 width=18) (actual rows=29537 loops=1)
  Group Key: email
  Filter: (1 < count(email))
  Batches: 5  Memory Usage: 4657kB  Disk Usage: 1736kB
  Rows Removed by Filter: 22328
  Buffers: shared hit=637, temp read=195 written=360
  ->  Seq Scan on person t_person_0  (cost=0.00..1637.00 rows=100000 width=18) (actual rows=100000 loops=1)
        Buffers: shared hit=637
Planning Time: 0.063 ms
Execution Time: 61.537 ms",60.137,10544.43,29537,"HashAggregate  (cost=8824.50..10544.43 rows=14615 width=18) (actual rows=29537 loops=1)
  Group Key: email
  Filter: (1 < count(email))
  Batches: 5  Memory Usage: 4657kB  Disk Usage: 1736kB
  Rows Removed by Filter: 22328
  Buffers: shared hit=637, temp read=195 written=360
  ->  Seq Scan on person t_person_0  (cost=0.00..1637.00 rows=100000 width=18) (actual rows=100000 loops=1)
        Buffers: shared hit=637
Planning Time: 0.066 ms
Execution Time: 60.137 ms",59.305,10544.43,29537,"HashAggregate  (cost=8824.50..10544.43 rows=14615 width=18) (actual rows=29537 loops=1)
  Group Key: email
  Filter: (1 < count(email))
  Batches: 5  Memory Usage: 4657kB  Disk Usage: 1736kB
  Rows Removed by Filter: 22328
  Buffers: shared hit=637, temp read=195 written=360
  ->  Seq Scan on person t_person_0  (cost=0.00..1637.00 rows=100000 width=18) (actual rows=100000 loops=1)
        Buffers: shared hit=637
Planning Time: 0.064 ms
Execution Time: 59.305 ms",61.267,10544.43,29537,"HashAggregate  (cost=8824.50..10544.43 rows=14615 width=18) (actual rows=29537 loops=1)
  Group Key: email
  Filter: (1 < count(email))
  Batches: 5  Memory Usage: 4657kB  Disk Usage: 1736kB
  Rows Removed by Filter: 22328
  Buffers: shared hit=637, temp read=195 written=360
  ->  Seq Scan on person t_person_0  (cost=0.00..1637.00 rows=100000 width=18) (actual rows=100000 loops=1)
        Buffers: shared hit=637
Planning Time: 0.106 ms
Execution Time: 61.267 ms",58.7712,60.137,61.402,61.645,10544.43,10544.43,29537,29537,29537,29537,182_65,136,182,65,Easy,select email from schema_182.person group by email having count(email) > 1 order by email,162.237,11591.97,29537,"Sort  (cost=11555.43..11591.97 rows=14615 width=18) (actual rows=29537 loops=1)
  Sort Key: email
  Sort Method: quicksort  Memory: 3075kB
  Buffers: shared hit=637, temp read=195 written=360
  ->  HashAggregate  (cost=8824.50..10544.43 rows=14615 width=18) (actual rows=29537 loops=1)
        Group Key: email
        Filter: (count(email) > 1)
        Batches: 5  Memory Usage: 4657kB  Disk Usage: 1736kB
        Rows Removed by Filter: 22328
        Buffers: shared hit=637, temp read=195 written=360
        ->  Seq Scan on person  (cost=0.00..1637.00 rows=100000 width=18) (actual rows=100000 loops=1)
              Buffers: shared hit=637
Planning Time: 0.049 ms
Execution Time: 162.237 ms",173.082,11591.97,29537,"Sort  (cost=11555.43..11591.97 rows=14615 width=18) (actual rows=29537 loops=1)
  Sort Key: email
  Sort Method: quicksort  Memory: 3075kB
  Buffers: shared hit=637, temp read=195 written=360
  ->  HashAggregate  (cost=8824.50..10544.43 rows=14615 width=18) (actual rows=29537 loops=1)
        Group Key: email
        Filter: (count(email) > 1)
        Batches: 5  Memory Usage: 4657kB  Disk Usage: 1736kB
        Rows Removed by Filter: 22328
        Buffers: shared hit=637, temp read=195 written=360
        ->  Seq Scan on person  (cost=0.00..1637.00 rows=100000 width=18) (actual rows=100000 loops=1)
              Buffers: shared hit=637
Planning Time: 0.068 ms
Execution Time: 173.082 ms",171.452,11591.97,29537,"Sort  (cost=11555.43..11591.97 rows=14615 width=18) (actual rows=29537 loops=1)
  Sort Key: email
  Sort Method: quicksort  Memory: 3075kB
  Buffers: shared hit=637, temp read=195 written=360
  ->  HashAggregate  (cost=8824.50..10544.43 rows=14615 width=18) (actual rows=29537 loops=1)
        Group Key: email
        Filter: (count(email) > 1)
        Batches: 5  Memory Usage: 4657kB  Disk Usage: 1736kB
        Rows Removed by Filter: 22328
        Buffers: shared hit=637, temp read=195 written=360
        ->  Seq Scan on person  (cost=0.00..1637.00 rows=100000 width=18) (actual rows=100000 loops=1)
              Buffers: shared hit=637
Planning Time: 0.075 ms
Execution Time: 171.452 ms",167.049,11591.97,29537,"Sort  (cost=11555.43..11591.97 rows=14615 width=18) (actual rows=29537 loops=1)
  Sort Key: email
  Sort Method: quicksort  Memory: 3075kB
  Buffers: shared hit=637, temp read=195 written=360
  ->  HashAggregate  (cost=8824.50..10544.43 rows=14615 width=18) (actual rows=29537 loops=1)
        Group Key: email
        Filter: (count(email) > 1)
        Batches: 5  Memory Usage: 4657kB  Disk Usage: 1736kB
        Rows Removed by Filter: 22328
        Buffers: shared hit=637, temp read=195 written=360
        ->  Seq Scan on person  (cost=0.00..1637.00 rows=100000 width=18) (actual rows=100000 loops=1)
              Buffers: shared hit=637
Planning Time: 0.132 ms
Execution Time: 167.049 ms",170.815,11591.97,29537,"Sort  (cost=11555.43..11591.97 rows=14615 width=18) (actual rows=29537 loops=1)
  Sort Key: email
  Sort Method: quicksort  Memory: 3075kB
  Buffers: shared hit=637, temp read=195 written=360
  ->  HashAggregate  (cost=8824.50..10544.43 rows=14615 width=18) (actual rows=29537 loops=1)
        Group Key: email
        Filter: (count(email) > 1)
        Batches: 5  Memory Usage: 4657kB  Disk Usage: 1736kB
        Rows Removed by Filter: 22328
        Buffers: shared hit=637, temp read=195 written=360
        ->  Seq Scan on person  (cost=0.00..1637.00 rows=100000 width=18) (actual rows=100000 loops=1)
              Buffers: shared hit=637
Planning Time: 0.071 ms
Execution Time: 170.815 ms",168.927,170.815,172.267,173.734,11591.97,11591.97,29537,29537,29537,29537,normal,not normal,18.871794499999996,16.827951200000005,equal variances,significant,0.003968253968253968,-110.1558,-110.678,-1047.539999999999,0,True
139,182,76,Easy,select t_person_0.email as email from schema_182.person as t_person_0 group by t_person_0.email having 1 < count(t_person_0.email),53.583,10544.43,29537,"HashAggregate  (cost=8824.50..10544.43 rows=14615 width=18) (actual rows=29537 loops=1)
  Group Key: email
  Filter: (1 < count(email))
  Batches: 5  Memory Usage: 4657kB  Disk Usage: 1736kB
  Rows Removed by Filter: 22328
  Buffers: shared hit=637, temp read=195 written=360
  ->  Seq Scan on person t_person_0  (cost=0.00..1637.00 rows=100000 width=18) (actual rows=100000 loops=1)
        Buffers: shared hit=637
Planning Time: 0.048 ms
Execution Time: 53.583 ms",59.051,10544.43,29537,"HashAggregate  (cost=8824.50..10544.43 rows=14615 width=18) (actual rows=29537 loops=1)
  Group Key: email
  Filter: (1 < count(email))
  Batches: 5  Memory Usage: 4657kB  Disk Usage: 1736kB
  Rows Removed by Filter: 22328
  Buffers: shared hit=637, temp read=195 written=360
  ->  Seq Scan on person t_person_0  (cost=0.00..1637.00 rows=100000 width=18) (actual rows=100000 loops=1)
        Buffers: shared hit=637
Planning Time: 0.061 ms
Execution Time: 59.051 ms",59.399,10544.43,29537,"HashAggregate  (cost=8824.50..10544.43 rows=14615 width=18) (actual rows=29537 loops=1)
  Group Key: email
  Filter: (1 < count(email))
  Batches: 5  Memory Usage: 4657kB  Disk Usage: 1736kB
  Rows Removed by Filter: 22328
  Buffers: shared hit=637, temp read=195 written=360
  ->  Seq Scan on person t_person_0  (cost=0.00..1637.00 rows=100000 width=18) (actual rows=100000 loops=1)
        Buffers: shared hit=637
Planning Time: 0.062 ms
Execution Time: 59.399 ms",61.239,10544.43,29537,"HashAggregate  (cost=8824.50..10544.43 rows=14615 width=18) (actual rows=29537 loops=1)
  Group Key: email
  Filter: (1 < count(email))
  Batches: 5  Memory Usage: 4657kB  Disk Usage: 1736kB
  Rows Removed by Filter: 22328
  Buffers: shared hit=637, temp read=195 written=360
  ->  Seq Scan on person t_person_0  (cost=0.00..1637.00 rows=100000 width=18) (actual rows=100000 loops=1)
        Buffers: shared hit=637
Planning Time: 0.062 ms
Execution Time: 61.239 ms",64.958,10544.43,29537,"HashAggregate  (cost=8824.50..10544.43 rows=14615 width=18) (actual rows=29537 loops=1)
  Group Key: email
  Filter: (1 < count(email))
  Batches: 5  Memory Usage: 4657kB  Disk Usage: 1736kB
  Rows Removed by Filter: 22328
  Buffers: shared hit=637, temp read=195 written=360
  ->  Seq Scan on person t_person_0  (cost=0.00..1637.00 rows=100000 width=18) (actual rows=100000 loops=1)
        Buffers: shared hit=637
Planning Time: 0.068 ms
Execution Time: 64.958 ms",59.646,59.399,63.0985,66.4456,10544.43,10544.43,29537,29537,29537,29537,182_76,139,182,76,Easy,"select email from (select email, count(email) as num from schema_182.person group by email) as statictic where num > 1",55.74,10690.58,29537,"Subquery Scan on statictic  (cost=8824.50..10690.58 rows=14615 width=18) (actual rows=29537 loops=1)
  Buffers: shared hit=637, temp read=195 written=360
  ->  HashAggregate  (cost=8824.50..10544.43 rows=14615 width=26) (actual rows=29537 loops=1)
        Group Key: person.email
        Filter: (count(person.email) > 1)
        Batches: 5  Memory Usage: 4657kB  Disk Usage: 1736kB
        Rows Removed by Filter: 22328
        Buffers: shared hit=637, temp read=195 written=360
        ->  Seq Scan on person  (cost=0.00..1637.00 rows=100000 width=18) (actual rows=100000 loops=1)
              Buffers: shared hit=637
Planning Time: 0.083 ms
Execution Time: 55.740 ms",59.384,10690.58,29537,"Subquery Scan on statictic  (cost=8824.50..10690.58 rows=14615 width=18) (actual rows=29537 loops=1)
  Buffers: shared hit=637, temp read=195 written=360
  ->  HashAggregate  (cost=8824.50..10544.43 rows=14615 width=26) (actual rows=29537 loops=1)
        Group Key: person.email
        Filter: (count(person.email) > 1)
        Batches: 5  Memory Usage: 4657kB  Disk Usage: 1736kB
        Rows Removed by Filter: 22328
        Buffers: shared hit=637, temp read=195 written=360
        ->  Seq Scan on person  (cost=0.00..1637.00 rows=100000 width=18) (actual rows=100000 loops=1)
              Buffers: shared hit=637
Planning Time: 0.124 ms
Execution Time: 59.384 ms",64.358,10690.58,29537,"Subquery Scan on statictic  (cost=8824.50..10690.58 rows=14615 width=18) (actual rows=29537 loops=1)
  Buffers: shared hit=637, temp read=195 written=360
  ->  HashAggregate  (cost=8824.50..10544.43 rows=14615 width=26) (actual rows=29537 loops=1)
        Group Key: person.email
        Filter: (count(person.email) > 1)
        Batches: 5  Memory Usage: 4657kB  Disk Usage: 1736kB
        Rows Removed by Filter: 22328
        Buffers: shared hit=637, temp read=195 written=360
        ->  Seq Scan on person  (cost=0.00..1637.00 rows=100000 width=18) (actual rows=100000 loops=1)
              Buffers: shared hit=637
Planning Time: 0.162 ms
Execution Time: 64.358 ms",59.253,10690.58,29537,"Subquery Scan on statictic  (cost=8824.50..10690.58 rows=14615 width=18) (actual rows=29537 loops=1)
  Buffers: shared hit=637, temp read=195 written=360
  ->  HashAggregate  (cost=8824.50..10544.43 rows=14615 width=26) (actual rows=29537 loops=1)
        Group Key: person.email
        Filter: (count(person.email) > 1)
        Batches: 5  Memory Usage: 4657kB  Disk Usage: 1736kB
        Rows Removed by Filter: 22328
        Buffers: shared hit=637, temp read=195 written=360
        ->  Seq Scan on person  (cost=0.00..1637.00 rows=100000 width=18) (actual rows=100000 loops=1)
              Buffers: shared hit=637
Planning Time: 0.093 ms
Execution Time: 59.253 ms",63.753,10690.58,29537,"Subquery Scan on statictic  (cost=8824.50..10690.58 rows=14615 width=18) (actual rows=29537 loops=1)
  Buffers: shared hit=637, temp read=195 written=360
  ->  HashAggregate  (cost=8824.50..10544.43 rows=14615 width=26) (actual rows=29537 loops=1)
        Group Key: person.email
        Filter: (count(person.email) > 1)
        Batches: 5  Memory Usage: 4657kB  Disk Usage: 1736kB
        Rows Removed by Filter: 22328
        Buffers: shared hit=637, temp read=195 written=360
        ->  Seq Scan on person  (cost=0.00..1637.00 rows=100000 width=18) (actual rows=100000 loops=1)
              Buffers: shared hit=637
Planning Time: 0.095 ms
Execution Time: 63.753 ms",60.4976,59.384,64.0555,64.6,10690.58,10690.58,29537,29537,29537,29537,normal,normal,12.731052300000004,16.982498999999997,equal variances,not significant,0.5,-0.8515999999999977,0.015000000000000568,-146.14999999999964,0,True
140,182,77,Easy,select t_person_0.email as email from schema_182.person as t_person_0 group by t_person_0.email having 1 < count(t_person_0.email),52.294,10544.43,29537,"HashAggregate  (cost=8824.50..10544.43 rows=14615 width=18) (actual rows=29537 loops=1)
  Group Key: email
  Filter: (1 < count(email))
  Batches: 5  Memory Usage: 4657kB  Disk Usage: 1736kB
  Rows Removed by Filter: 22328
  Buffers: shared hit=637, temp read=195 written=360
  ->  Seq Scan on person t_person_0  (cost=0.00..1637.00 rows=100000 width=18) (actual rows=100000 loops=1)
        Buffers: shared hit=637
Planning Time: 0.060 ms
Execution Time: 52.294 ms",58.036,10544.43,29537,"HashAggregate  (cost=8824.50..10544.43 rows=14615 width=18) (actual rows=29537 loops=1)
  Group Key: email
  Filter: (1 < count(email))
  Batches: 5  Memory Usage: 4657kB  Disk Usage: 1736kB
  Rows Removed by Filter: 22328
  Buffers: shared hit=637, temp read=195 written=360
  ->  Seq Scan on person t_person_0  (cost=0.00..1637.00 rows=100000 width=18) (actual rows=100000 loops=1)
        Buffers: shared hit=637
Planning Time: 0.078 ms
Execution Time: 58.036 ms",59.464,10544.43,29537,"HashAggregate  (cost=8824.50..10544.43 rows=14615 width=18) (actual rows=29537 loops=1)
  Group Key: email
  Filter: (1 < count(email))
  Batches: 5  Memory Usage: 4657kB  Disk Usage: 1736kB
  Rows Removed by Filter: 22328
  Buffers: shared hit=637, temp read=195 written=360
  ->  Seq Scan on person t_person_0  (cost=0.00..1637.00 rows=100000 width=18) (actual rows=100000 loops=1)
        Buffers: shared hit=637
Planning Time: 0.066 ms
Execution Time: 59.464 ms",54.693,10544.43,29537,"HashAggregate  (cost=8824.50..10544.43 rows=14615 width=18) (actual rows=29537 loops=1)
  Group Key: email
  Filter: (1 < count(email))
  Batches: 5  Memory Usage: 4657kB  Disk Usage: 1736kB
  Rows Removed by Filter: 22328
  Buffers: shared hit=637, temp read=195 written=360
  ->  Seq Scan on person t_person_0  (cost=0.00..1637.00 rows=100000 width=18) (actual rows=100000 loops=1)
        Buffers: shared hit=637
Planning Time: 0.049 ms
Execution Time: 54.693 ms",56.973,10544.43,29537,"HashAggregate  (cost=8824.50..10544.43 rows=14615 width=18) (actual rows=29537 loops=1)
  Group Key: email
  Filter: (1 < count(email))
  Batches: 5  Memory Usage: 4657kB  Disk Usage: 1736kB
  Rows Removed by Filter: 22328
  Buffers: shared hit=637, temp read=195 written=360
  ->  Seq Scan on person t_person_0  (cost=0.00..1637.00 rows=100000 width=18) (actual rows=100000 loops=1)
        Buffers: shared hit=637
Planning Time: 0.086 ms
Execution Time: 56.973 ms",56.292,56.973,58.75,60.0352,10544.43,10544.43,29537,29537,29537,29537,182_77,140,182,77,Easy,"select email from (select email, count(email) as cnt from schema_182.person group by email) as data where cnt > 1",67.951,10690.58,29537,"Subquery Scan on data  (cost=8824.50..10690.58 rows=14615 width=18) (actual rows=29537 loops=1)
  Buffers: shared hit=637, temp read=195 written=360
  ->  HashAggregate  (cost=8824.50..10544.43 rows=14615 width=26) (actual rows=29537 loops=1)
        Group Key: person.email
        Filter: (count(person.email) > 1)
        Batches: 5  Memory Usage: 4657kB  Disk Usage: 1736kB
        Rows Removed by Filter: 22328
        Buffers: shared hit=637, temp read=195 written=360
        ->  Seq Scan on person  (cost=0.00..1637.00 rows=100000 width=18) (actual rows=100000 loops=1)
              Buffers: shared hit=637
Planning Time: 0.082 ms
Execution Time: 67.951 ms",61.041,10690.58,29537,"Subquery Scan on data  (cost=8824.50..10690.58 rows=14615 width=18) (actual rows=29537 loops=1)
  Buffers: shared hit=637, temp read=195 written=360
  ->  HashAggregate  (cost=8824.50..10544.43 rows=14615 width=26) (actual rows=29537 loops=1)
        Group Key: person.email
        Filter: (count(person.email) > 1)
        Batches: 5  Memory Usage: 4657kB  Disk Usage: 1736kB
        Rows Removed by Filter: 22328
        Buffers: shared hit=637, temp read=195 written=360
        ->  Seq Scan on person  (cost=0.00..1637.00 rows=100000 width=18) (actual rows=100000 loops=1)
              Buffers: shared hit=637
Planning Time: 0.081 ms
Execution Time: 61.041 ms",59.749,10690.58,29537,"Subquery Scan on data  (cost=8824.50..10690.58 rows=14615 width=18) (actual rows=29537 loops=1)
  Buffers: shared hit=637, temp read=195 written=360
  ->  HashAggregate  (cost=8824.50..10544.43 rows=14615 width=26) (actual rows=29537 loops=1)
        Group Key: person.email
        Filter: (count(person.email) > 1)
        Batches: 5  Memory Usage: 4657kB  Disk Usage: 1736kB
        Rows Removed by Filter: 22328
        Buffers: shared hit=637, temp read=195 written=360
        ->  Seq Scan on person  (cost=0.00..1637.00 rows=100000 width=18) (actual rows=100000 loops=1)
              Buffers: shared hit=637
Planning Time: 0.120 ms
Execution Time: 59.749 ms",66.505,10690.58,29537,"Subquery Scan on data  (cost=8824.50..10690.58 rows=14615 width=18) (actual rows=29537 loops=1)
  Buffers: shared hit=637, temp read=195 written=360
  ->  HashAggregate  (cost=8824.50..10544.43 rows=14615 width=26) (actual rows=29537 loops=1)
        Group Key: person.email
        Filter: (count(person.email) > 1)
        Batches: 5  Memory Usage: 4657kB  Disk Usage: 1736kB
        Rows Removed by Filter: 22328
        Buffers: shared hit=637, temp read=195 written=360
        ->  Seq Scan on person  (cost=0.00..1637.00 rows=100000 width=18) (actual rows=100000 loops=1)
              Buffers: shared hit=637
Planning Time: 0.082 ms
Execution Time: 66.505 ms",59.657,10690.58,29537,"Subquery Scan on data  (cost=8824.50..10690.58 rows=14615 width=18) (actual rows=29537 loops=1)
  Buffers: shared hit=637, temp read=195 written=360
  ->  HashAggregate  (cost=8824.50..10544.43 rows=14615 width=26) (actual rows=29537 loops=1)
        Group Key: person.email
        Filter: (count(person.email) > 1)
        Batches: 5  Memory Usage: 4657kB  Disk Usage: 1736kB
        Rows Removed by Filter: 22328
        Buffers: shared hit=637, temp read=195 written=360
        ->  Seq Scan on person  (cost=0.00..1637.00 rows=100000 width=18) (actual rows=100000 loops=1)
              Buffers: shared hit=637
Planning Time: 0.201 ms
Execution Time: 59.657 ms",62.9806,61.041,67.228,68.5294,10690.58,10690.58,29537,29537,29537,29537,normal,normal,15.59446879999998,8.026921500000007,equal variances,significant,0.003968253968253968,-6.688600000000001,-4.067999999999998,-146.14999999999964,0,True
143,182,87,Easy,select t_person_0.email as email from schema_182.person as t_person_0 group by t_person_0.email having 1 < count(t_person_0.id),49.688,10544.43,29537,"HashAggregate  (cost=8824.50..10544.43 rows=14615 width=18) (actual rows=29537 loops=1)
  Group Key: email
  Filter: (1 < count(id))
  Batches: 5  Memory Usage: 4657kB  Disk Usage: 1776kB
  Rows Removed by Filter: 22328
  Buffers: shared hit=637, temp read=215 written=380
  ->  Seq Scan on person t_person_0  (cost=0.00..1637.00 rows=100000 width=22) (actual rows=100000 loops=1)
        Buffers: shared hit=637
Planning Time: 0.048 ms
Execution Time: 49.688 ms",55.382,10544.43,29537,"HashAggregate  (cost=8824.50..10544.43 rows=14615 width=18) (actual rows=29537 loops=1)
  Group Key: email
  Filter: (1 < count(id))
  Batches: 5  Memory Usage: 4657kB  Disk Usage: 1776kB
  Rows Removed by Filter: 22328
  Buffers: shared hit=637, temp read=215 written=380
  ->  Seq Scan on person t_person_0  (cost=0.00..1637.00 rows=100000 width=22) (actual rows=100000 loops=1)
        Buffers: shared hit=637
Planning Time: 0.056 ms
Execution Time: 55.382 ms",55.01,10544.43,29537,"HashAggregate  (cost=8824.50..10544.43 rows=14615 width=18) (actual rows=29537 loops=1)
  Group Key: email
  Filter: (1 < count(id))
  Batches: 5  Memory Usage: 4657kB  Disk Usage: 1776kB
  Rows Removed by Filter: 22328
  Buffers: shared hit=637, temp read=215 written=380
  ->  Seq Scan on person t_person_0  (cost=0.00..1637.00 rows=100000 width=22) (actual rows=100000 loops=1)
        Buffers: shared hit=637
Planning Time: 0.066 ms
Execution Time: 55.010 ms",55.159,10544.43,29537,"HashAggregate  (cost=8824.50..10544.43 rows=14615 width=18) (actual rows=29537 loops=1)
  Group Key: email
  Filter: (1 < count(id))
  Batches: 5  Memory Usage: 4657kB  Disk Usage: 1776kB
  Rows Removed by Filter: 22328
  Buffers: shared hit=637, temp read=215 written=380
  ->  Seq Scan on person t_person_0  (cost=0.00..1637.00 rows=100000 width=22) (actual rows=100000 loops=1)
        Buffers: shared hit=637
Planning Time: 0.074 ms
Execution Time: 55.159 ms",55.645,10544.43,29537,"HashAggregate  (cost=8824.50..10544.43 rows=14615 width=18) (actual rows=29537 loops=1)
  Group Key: email
  Filter: (1 < count(id))
  Batches: 5  Memory Usage: 4657kB  Disk Usage: 1776kB
  Rows Removed by Filter: 22328
  Buffers: shared hit=637, temp read=215 written=380
  ->  Seq Scan on person t_person_0  (cost=0.00..1637.00 rows=100000 width=22) (actual rows=100000 loops=1)
        Buffers: shared hit=637
Planning Time: 0.137 ms
Execution Time: 55.645 ms",54.1768,55.159,55.5135,55.7502,10544.43,10544.43,29537,29537,29537,29537,182_87,143,182,87,Easy,"select a.email as email from (select email, count(id) as countt from schema_182.person group by email) as a where a.countt > 1",67.433,10690.58,29537,"Subquery Scan on a  (cost=8824.50..10690.58 rows=14615 width=18) (actual rows=29537 loops=1)
  Buffers: shared hit=637, temp read=215 written=380
  ->  HashAggregate  (cost=8824.50..10544.43 rows=14615 width=26) (actual rows=29537 loops=1)
        Group Key: person.email
        Filter: (count(person.id) > 1)
        Batches: 5  Memory Usage: 4657kB  Disk Usage: 1776kB
        Rows Removed by Filter: 22328
        Buffers: shared hit=637, temp read=215 written=380
        ->  Seq Scan on person  (cost=0.00..1637.00 rows=100000 width=22) (actual rows=100000 loops=1)
              Buffers: shared hit=637
Planning Time: 0.092 ms
Execution Time: 67.433 ms",58.967,10690.58,29537,"Subquery Scan on a  (cost=8824.50..10690.58 rows=14615 width=18) (actual rows=29537 loops=1)
  Buffers: shared hit=637, temp read=215 written=380
  ->  HashAggregate  (cost=8824.50..10544.43 rows=14615 width=26) (actual rows=29537 loops=1)
        Group Key: person.email
        Filter: (count(person.id) > 1)
        Batches: 5  Memory Usage: 4657kB  Disk Usage: 1776kB
        Rows Removed by Filter: 22328
        Buffers: shared hit=637, temp read=215 written=380
        ->  Seq Scan on person  (cost=0.00..1637.00 rows=100000 width=22) (actual rows=100000 loops=1)
              Buffers: shared hit=637
Planning Time: 0.085 ms
Execution Time: 58.967 ms",57.206,10690.58,29537,"Subquery Scan on a  (cost=8824.50..10690.58 rows=14615 width=18) (actual rows=29537 loops=1)
  Buffers: shared hit=637, temp read=215 written=380
  ->  HashAggregate  (cost=8824.50..10544.43 rows=14615 width=26) (actual rows=29537 loops=1)
        Group Key: person.email
        Filter: (count(person.id) > 1)
        Batches: 5  Memory Usage: 4657kB  Disk Usage: 1776kB
        Rows Removed by Filter: 22328
        Buffers: shared hit=637, temp read=215 written=380
        ->  Seq Scan on person  (cost=0.00..1637.00 rows=100000 width=22) (actual rows=100000 loops=1)
              Buffers: shared hit=637
Planning Time: 0.068 ms
Execution Time: 57.206 ms",57.187,10690.58,29537,"Subquery Scan on a  (cost=8824.50..10690.58 rows=14615 width=18) (actual rows=29537 loops=1)
  Buffers: shared hit=637, temp read=215 written=380
  ->  HashAggregate  (cost=8824.50..10544.43 rows=14615 width=26) (actual rows=29537 loops=1)
        Group Key: person.email
        Filter: (count(person.id) > 1)
        Batches: 5  Memory Usage: 4657kB  Disk Usage: 1776kB
        Rows Removed by Filter: 22328
        Buffers: shared hit=637, temp read=215 written=380
        ->  Seq Scan on person  (cost=0.00..1637.00 rows=100000 width=22) (actual rows=100000 loops=1)
              Buffers: shared hit=637
Planning Time: 0.085 ms
Execution Time: 57.187 ms",56.619,10690.58,29537,"Subquery Scan on a  (cost=8824.50..10690.58 rows=14615 width=18) (actual rows=29537 loops=1)
  Buffers: shared hit=637, temp read=215 written=380
  ->  HashAggregate  (cost=8824.50..10544.43 rows=14615 width=26) (actual rows=29537 loops=1)
        Group Key: person.email
        Filter: (count(person.id) > 1)
        Batches: 5  Memory Usage: 4657kB  Disk Usage: 1776kB
        Rows Removed by Filter: 22328
        Buffers: shared hit=637, temp read=215 written=380
        ->  Seq Scan on person  (cost=0.00..1637.00 rows=100000 width=22) (actual rows=100000 loops=1)
              Buffers: shared hit=637
Planning Time: 0.106 ms
Execution Time: 56.619 ms",59.4824,57.206,63.2,70.8194,10690.58,10690.58,29537,29537,29537,29537,not normal,not normal,20.53189880000003,6.354095699999995,equal variances,significant,0.003968253968253968,-5.305599999999998,-2.047000000000004,-146.14999999999964,0,True
144,182,89,Easy,select t_person_0.email as email from schema_182.person as t_person_0 group by t_person_0.email having 1 < count(t_person_0.email),52.88,10544.43,29537,"HashAggregate  (cost=8824.50..10544.43 rows=14615 width=18) (actual rows=29537 loops=1)
  Group Key: email
  Filter: (1 < count(email))
  Batches: 5  Memory Usage: 4657kB  Disk Usage: 1736kB
  Rows Removed by Filter: 22328
  Buffers: shared hit=637, temp read=195 written=360
  ->  Seq Scan on person t_person_0  (cost=0.00..1637.00 rows=100000 width=18) (actual rows=100000 loops=1)
        Buffers: shared hit=637
Planning Time: 0.051 ms
Execution Time: 52.880 ms",59.702,10544.43,29537,"HashAggregate  (cost=8824.50..10544.43 rows=14615 width=18) (actual rows=29537 loops=1)
  Group Key: email
  Filter: (1 < count(email))
  Batches: 5  Memory Usage: 4657kB  Disk Usage: 1736kB
  Rows Removed by Filter: 22328
  Buffers: shared hit=637, temp read=195 written=360
  ->  Seq Scan on person t_person_0  (cost=0.00..1637.00 rows=100000 width=18) (actual rows=100000 loops=1)
        Buffers: shared hit=637
Planning Time: 0.073 ms
Execution Time: 59.702 ms",60.847,10544.43,29537,"HashAggregate  (cost=8824.50..10544.43 rows=14615 width=18) (actual rows=29537 loops=1)
  Group Key: email
  Filter: (1 < count(email))
  Batches: 5  Memory Usage: 4657kB  Disk Usage: 1736kB
  Rows Removed by Filter: 22328
  Buffers: shared hit=637, temp read=195 written=360
  ->  Seq Scan on person t_person_0  (cost=0.00..1637.00 rows=100000 width=18) (actual rows=100000 loops=1)
        Buffers: shared hit=637
Planning Time: 0.068 ms
Execution Time: 60.847 ms",59.459,10544.43,29537,"HashAggregate  (cost=8824.50..10544.43 rows=14615 width=18) (actual rows=29537 loops=1)
  Group Key: email
  Filter: (1 < count(email))
  Batches: 5  Memory Usage: 4657kB  Disk Usage: 1736kB
  Rows Removed by Filter: 22328
  Buffers: shared hit=637, temp read=195 written=360
  ->  Seq Scan on person t_person_0  (cost=0.00..1637.00 rows=100000 width=18) (actual rows=100000 loops=1)
        Buffers: shared hit=637
Planning Time: 0.062 ms
Execution Time: 59.459 ms",60.128,10544.43,29537,"HashAggregate  (cost=8824.50..10544.43 rows=14615 width=18) (actual rows=29537 loops=1)
  Group Key: email
  Filter: (1 < count(email))
  Batches: 5  Memory Usage: 4657kB  Disk Usage: 1736kB
  Rows Removed by Filter: 22328
  Buffers: shared hit=637, temp read=195 written=360
  ->  Seq Scan on person t_person_0  (cost=0.00..1637.00 rows=100000 width=18) (actual rows=100000 loops=1)
        Buffers: shared hit=637
Planning Time: 0.077 ms
Execution Time: 60.128 ms",58.6032,59.702,60.4875,61.1346,10544.43,10544.43,29537,29537,29537,29537,182_89,144,182,89,Easy,"select email from (select email, count(email) as c from schema_182.person group by email) as temp where c > 1",59.105,10690.58,29537,"Subquery Scan on temp  (cost=8824.50..10690.58 rows=14615 width=18) (actual rows=29537 loops=1)
  Buffers: shared hit=637, temp read=195 written=360
  ->  HashAggregate  (cost=8824.50..10544.43 rows=14615 width=26) (actual rows=29537 loops=1)
        Group Key: person.email
        Filter: (count(person.email) > 1)
        Batches: 5  Memory Usage: 4657kB  Disk Usage: 1736kB
        Rows Removed by Filter: 22328
        Buffers: shared hit=637, temp read=195 written=360
        ->  Seq Scan on person  (cost=0.00..1637.00 rows=100000 width=18) (actual rows=100000 loops=1)
              Buffers: shared hit=637
Planning Time: 0.082 ms
Execution Time: 59.105 ms",60.201,10690.58,29537,"Subquery Scan on temp  (cost=8824.50..10690.58 rows=14615 width=18) (actual rows=29537 loops=1)
  Buffers: shared hit=637, temp read=195 written=360
  ->  HashAggregate  (cost=8824.50..10544.43 rows=14615 width=26) (actual rows=29537 loops=1)
        Group Key: person.email
        Filter: (count(person.email) > 1)
        Batches: 5  Memory Usage: 4657kB  Disk Usage: 1736kB
        Rows Removed by Filter: 22328
        Buffers: shared hit=637, temp read=195 written=360
        ->  Seq Scan on person  (cost=0.00..1637.00 rows=100000 width=18) (actual rows=100000 loops=1)
              Buffers: shared hit=637
Planning Time: 0.089 ms
Execution Time: 60.201 ms",58.891,10690.58,29537,"Subquery Scan on temp  (cost=8824.50..10690.58 rows=14615 width=18) (actual rows=29537 loops=1)
  Buffers: shared hit=637, temp read=195 written=360
  ->  HashAggregate  (cost=8824.50..10544.43 rows=14615 width=26) (actual rows=29537 loops=1)
        Group Key: person.email
        Filter: (count(person.email) > 1)
        Batches: 5  Memory Usage: 4657kB  Disk Usage: 1736kB
        Rows Removed by Filter: 22328
        Buffers: shared hit=637, temp read=195 written=360
        ->  Seq Scan on person  (cost=0.00..1637.00 rows=100000 width=18) (actual rows=100000 loops=1)
              Buffers: shared hit=637
Planning Time: 0.093 ms
Execution Time: 58.891 ms",60.861,10690.58,29537,"Subquery Scan on temp  (cost=8824.50..10690.58 rows=14615 width=18) (actual rows=29537 loops=1)
  Buffers: shared hit=637, temp read=195 written=360
  ->  HashAggregate  (cost=8824.50..10544.43 rows=14615 width=26) (actual rows=29537 loops=1)
        Group Key: person.email
        Filter: (count(person.email) > 1)
        Batches: 5  Memory Usage: 4657kB  Disk Usage: 1736kB
        Rows Removed by Filter: 22328
        Buffers: shared hit=637, temp read=195 written=360
        ->  Seq Scan on person  (cost=0.00..1637.00 rows=100000 width=18) (actual rows=100000 loops=1)
              Buffers: shared hit=637
Planning Time: 0.089 ms
Execution Time: 60.861 ms",60.674,10690.58,29537,"Subquery Scan on temp  (cost=8824.50..10690.58 rows=14615 width=18) (actual rows=29537 loops=1)
  Buffers: shared hit=637, temp read=195 written=360
  ->  HashAggregate  (cost=8824.50..10544.43 rows=14615 width=26) (actual rows=29537 loops=1)
        Group Key: person.email
        Filter: (count(person.email) > 1)
        Batches: 5  Memory Usage: 4657kB  Disk Usage: 1736kB
        Rows Removed by Filter: 22328
        Buffers: shared hit=637, temp read=195 written=360
        ->  Seq Scan on person  (cost=0.00..1637.00 rows=100000 width=18) (actual rows=100000 loops=1)
              Buffers: shared hit=637
Planning Time: 0.084 ms
Execution Time: 60.674 ms",59.9464,60.201,60.7675,60.9358,10690.58,10690.58,29537,29537,29537,29537,normal,not normal,0.8131348000000009,10.513606699999995,equal variances,not significant,0.34523809523809523,-1.343199999999996,-0.49900000000000233,-146.14999999999964,0,True
146,182,113,Easy,select t_person_0.email as email from schema_182.person as t_person_0 group by t_person_0.email having 1 < count(t_person_0.email),56.621,10544.43,29537,"HashAggregate  (cost=8824.50..10544.43 rows=14615 width=18) (actual rows=29537 loops=1)
  Group Key: email
  Filter: (1 < count(email))
  Batches: 5  Memory Usage: 4657kB  Disk Usage: 1736kB
  Rows Removed by Filter: 22328
  Buffers: shared hit=637, temp read=195 written=360
  ->  Seq Scan on person t_person_0  (cost=0.00..1637.00 rows=100000 width=18) (actual rows=100000 loops=1)
        Buffers: shared hit=637
Planning Time: 0.060 ms
Execution Time: 56.621 ms",55.742,10544.43,29537,"HashAggregate  (cost=8824.50..10544.43 rows=14615 width=18) (actual rows=29537 loops=1)
  Group Key: email
  Filter: (1 < count(email))
  Batches: 5  Memory Usage: 4657kB  Disk Usage: 1736kB
  Rows Removed by Filter: 22328
  Buffers: shared hit=637, temp read=195 written=360
  ->  Seq Scan on person t_person_0  (cost=0.00..1637.00 rows=100000 width=18) (actual rows=100000 loops=1)
        Buffers: shared hit=637
Planning Time: 0.083 ms
Execution Time: 55.742 ms",60.116,10544.43,29537,"HashAggregate  (cost=8824.50..10544.43 rows=14615 width=18) (actual rows=29537 loops=1)
  Group Key: email
  Filter: (1 < count(email))
  Batches: 5  Memory Usage: 4657kB  Disk Usage: 1736kB
  Rows Removed by Filter: 22328
  Buffers: shared hit=637, temp read=195 written=360
  ->  Seq Scan on person t_person_0  (cost=0.00..1637.00 rows=100000 width=18) (actual rows=100000 loops=1)
        Buffers: shared hit=637
Planning Time: 0.064 ms
Execution Time: 60.116 ms",58.219,10544.43,29537,"HashAggregate  (cost=8824.50..10544.43 rows=14615 width=18) (actual rows=29537 loops=1)
  Group Key: email
  Filter: (1 < count(email))
  Batches: 5  Memory Usage: 4657kB  Disk Usage: 1736kB
  Rows Removed by Filter: 22328
  Buffers: shared hit=637, temp read=195 written=360
  ->  Seq Scan on person t_person_0  (cost=0.00..1637.00 rows=100000 width=18) (actual rows=100000 loops=1)
        Buffers: shared hit=637
Planning Time: 0.064 ms
Execution Time: 58.219 ms",57.106,10544.43,29537,"HashAggregate  (cost=8824.50..10544.43 rows=14615 width=18) (actual rows=29537 loops=1)
  Group Key: email
  Filter: (1 < count(email))
  Batches: 5  Memory Usage: 4657kB  Disk Usage: 1736kB
  Rows Removed by Filter: 22328
  Buffers: shared hit=637, temp read=195 written=360
  ->  Seq Scan on person t_person_0  (cost=0.00..1637.00 rows=100000 width=18) (actual rows=100000 loops=1)
        Buffers: shared hit=637
Planning Time: 0.073 ms
Execution Time: 57.106 ms",57.5608,57.106,59.1675,60.8748,10544.43,10544.43,29537,29537,29537,29537,182_113,146,182,113,Easy,"select email from (select email, count(email) as num from schema_182.person group by email) as statistics where num > 1",66.998,10690.58,29537,"Subquery Scan on statistics  (cost=8824.50..10690.58 rows=14615 width=18) (actual rows=29537 loops=1)
  Buffers: shared hit=637, temp read=195 written=360
  ->  HashAggregate  (cost=8824.50..10544.43 rows=14615 width=26) (actual rows=29537 loops=1)
        Group Key: person.email
        Filter: (count(person.email) > 1)
        Batches: 5  Memory Usage: 4657kB  Disk Usage: 1736kB
        Rows Removed by Filter: 22328
        Buffers: shared hit=637, temp read=195 written=360
        ->  Seq Scan on person  (cost=0.00..1637.00 rows=100000 width=18) (actual rows=100000 loops=1)
              Buffers: shared hit=637
Planning Time: 0.096 ms
Execution Time: 66.998 ms",62.513,10690.58,29537,"Subquery Scan on statistics  (cost=8824.50..10690.58 rows=14615 width=18) (actual rows=29537 loops=1)
  Buffers: shared hit=637, temp read=195 written=360
  ->  HashAggregate  (cost=8824.50..10544.43 rows=14615 width=26) (actual rows=29537 loops=1)
        Group Key: person.email
        Filter: (count(person.email) > 1)
        Batches: 5  Memory Usage: 4657kB  Disk Usage: 1736kB
        Rows Removed by Filter: 22328
        Buffers: shared hit=637, temp read=195 written=360
        ->  Seq Scan on person  (cost=0.00..1637.00 rows=100000 width=18) (actual rows=100000 loops=1)
              Buffers: shared hit=637
Planning Time: 0.081 ms
Execution Time: 62.513 ms",58.57,10690.58,29537,"Subquery Scan on statistics  (cost=8824.50..10690.58 rows=14615 width=18) (actual rows=29537 loops=1)
  Buffers: shared hit=637, temp read=195 written=360
  ->  HashAggregate  (cost=8824.50..10544.43 rows=14615 width=26) (actual rows=29537 loops=1)
        Group Key: person.email
        Filter: (count(person.email) > 1)
        Batches: 5  Memory Usage: 4657kB  Disk Usage: 1736kB
        Rows Removed by Filter: 22328
        Buffers: shared hit=637, temp read=195 written=360
        ->  Seq Scan on person  (cost=0.00..1637.00 rows=100000 width=18) (actual rows=100000 loops=1)
              Buffers: shared hit=637
Planning Time: 0.093 ms
Execution Time: 58.570 ms",61.995,10690.58,29537,"Subquery Scan on statistics  (cost=8824.50..10690.58 rows=14615 width=18) (actual rows=29537 loops=1)
  Buffers: shared hit=637, temp read=195 written=360
  ->  HashAggregate  (cost=8824.50..10544.43 rows=14615 width=26) (actual rows=29537 loops=1)
        Group Key: person.email
        Filter: (count(person.email) > 1)
        Batches: 5  Memory Usage: 4657kB  Disk Usage: 1736kB
        Rows Removed by Filter: 22328
        Buffers: shared hit=637, temp read=195 written=360
        ->  Seq Scan on person  (cost=0.00..1637.00 rows=100000 width=18) (actual rows=100000 loops=1)
              Buffers: shared hit=637
Planning Time: 0.084 ms
Execution Time: 61.995 ms",61.441,10690.58,29537,"Subquery Scan on statistics  (cost=8824.50..10690.58 rows=14615 width=18) (actual rows=29537 loops=1)
  Buffers: shared hit=637, temp read=195 written=360
  ->  HashAggregate  (cost=8824.50..10544.43 rows=14615 width=26) (actual rows=29537 loops=1)
        Group Key: person.email
        Filter: (count(person.email) > 1)
        Batches: 5  Memory Usage: 4657kB  Disk Usage: 1736kB
        Rows Removed by Filter: 22328
        Buffers: shared hit=637, temp read=195 written=360
        ->  Seq Scan on person  (cost=0.00..1637.00 rows=100000 width=18) (actual rows=100000 loops=1)
              Buffers: shared hit=637
Planning Time: 0.084 ms
Execution Time: 61.441 ms",62.3034,61.995,64.7555,68.792,10690.58,10690.58,29537,29537,29537,29537,normal,normal,9.215080300000011,2.840093700000001,equal variances,significant,0.007936507936507936,-4.742600000000003,-4.888999999999996,-146.14999999999964,0,True
147,182,131,Easy,select a.c_email0 as email from (select t_person_0.email as c_email0 from schema_182.person as t_person_0 group by t_person_0.email having 1 < count(t_person_0.email)) as a,53.866,10544.43,29537,"HashAggregate  (cost=8824.50..10544.43 rows=14615 width=18) (actual rows=29537 loops=1)
  Group Key: t_person_0.email
  Filter: (1 < count(t_person_0.email))
  Batches: 5  Memory Usage: 4657kB  Disk Usage: 1736kB
  Rows Removed by Filter: 22328
  Buffers: shared hit=637, temp read=195 written=360
  ->  Seq Scan on person t_person_0  (cost=0.00..1637.00 rows=100000 width=18) (actual rows=100000 loops=1)
        Buffers: shared hit=637
Planning Time: 0.065 ms
Execution Time: 53.866 ms",58.968,10544.43,29537,"HashAggregate  (cost=8824.50..10544.43 rows=14615 width=18) (actual rows=29537 loops=1)
  Group Key: t_person_0.email
  Filter: (1 < count(t_person_0.email))
  Batches: 5  Memory Usage: 4657kB  Disk Usage: 1736kB
  Rows Removed by Filter: 22328
  Buffers: shared hit=637, temp read=195 written=360
  ->  Seq Scan on person t_person_0  (cost=0.00..1637.00 rows=100000 width=18) (actual rows=100000 loops=1)
        Buffers: shared hit=637
Planning Time: 0.074 ms
Execution Time: 58.968 ms",60.081,10544.43,29537,"HashAggregate  (cost=8824.50..10544.43 rows=14615 width=18) (actual rows=29537 loops=1)
  Group Key: t_person_0.email
  Filter: (1 < count(t_person_0.email))
  Batches: 5  Memory Usage: 4657kB  Disk Usage: 1736kB
  Rows Removed by Filter: 22328
  Buffers: shared hit=637, temp read=195 written=360
  ->  Seq Scan on person t_person_0  (cost=0.00..1637.00 rows=100000 width=18) (actual rows=100000 loops=1)
        Buffers: shared hit=637
Planning Time: 0.092 ms
Execution Time: 60.081 ms",55.9,10544.43,29537,"HashAggregate  (cost=8824.50..10544.43 rows=14615 width=18) (actual rows=29537 loops=1)
  Group Key: t_person_0.email
  Filter: (1 < count(t_person_0.email))
  Batches: 5  Memory Usage: 4657kB  Disk Usage: 1736kB
  Rows Removed by Filter: 22328
  Buffers: shared hit=637, temp read=195 written=360
  ->  Seq Scan on person t_person_0  (cost=0.00..1637.00 rows=100000 width=18) (actual rows=100000 loops=1)
        Buffers: shared hit=637
Planning Time: 0.137 ms
Execution Time: 55.900 ms",59.357,10544.43,29537,"HashAggregate  (cost=8824.50..10544.43 rows=14615 width=18) (actual rows=29537 loops=1)
  Group Key: t_person_0.email
  Filter: (1 < count(t_person_0.email))
  Batches: 5  Memory Usage: 4657kB  Disk Usage: 1736kB
  Rows Removed by Filter: 22328
  Buffers: shared hit=637, temp read=195 written=360
  ->  Seq Scan on person t_person_0  (cost=0.00..1637.00 rows=100000 width=18) (actual rows=100000 loops=1)
        Buffers: shared hit=637
Planning Time: 0.079 ms
Execution Time: 59.357 ms",57.6344,58.968,59.719,60.3706,10544.43,10544.43,29537,29537,29537,29537,182_131,147,182,131,Easy,"select email from (select email, count(email) as number from schema_182.person group by 1 having count(email) > 1) as a",53.884,10690.58,29537,"Subquery Scan on a  (cost=8824.50..10690.58 rows=14615 width=18) (actual rows=29537 loops=1)
  Buffers: shared hit=637, temp read=195 written=360
  ->  HashAggregate  (cost=8824.50..10544.43 rows=14615 width=26) (actual rows=29537 loops=1)
        Group Key: person.email
        Filter: (count(person.email) > 1)
        Batches: 5  Memory Usage: 4657kB  Disk Usage: 1736kB
        Rows Removed by Filter: 22328
        Buffers: shared hit=637, temp read=195 written=360
        ->  Seq Scan on person  (cost=0.00..1637.00 rows=100000 width=18) (actual rows=100000 loops=1)
              Buffers: shared hit=637
Planning Time: 0.056 ms
Execution Time: 53.884 ms",64.955,10690.58,29537,"Subquery Scan on a  (cost=8824.50..10690.58 rows=14615 width=18) (actual rows=29537 loops=1)
  Buffers: shared hit=637, temp read=195 written=360
  ->  HashAggregate  (cost=8824.50..10544.43 rows=14615 width=26) (actual rows=29537 loops=1)
        Group Key: person.email
        Filter: (count(person.email) > 1)
        Batches: 5  Memory Usage: 4657kB  Disk Usage: 1736kB
        Rows Removed by Filter: 22328
        Buffers: shared hit=637, temp read=195 written=360
        ->  Seq Scan on person  (cost=0.00..1637.00 rows=100000 width=18) (actual rows=100000 loops=1)
              Buffers: shared hit=637
Planning Time: 0.086 ms
Execution Time: 64.955 ms",58.503,10690.58,29537,"Subquery Scan on a  (cost=8824.50..10690.58 rows=14615 width=18) (actual rows=29537 loops=1)
  Buffers: shared hit=637, temp read=195 written=360
  ->  HashAggregate  (cost=8824.50..10544.43 rows=14615 width=26) (actual rows=29537 loops=1)
        Group Key: person.email
        Filter: (count(person.email) > 1)
        Batches: 5  Memory Usage: 4657kB  Disk Usage: 1736kB
        Rows Removed by Filter: 22328
        Buffers: shared hit=637, temp read=195 written=360
        ->  Seq Scan on person  (cost=0.00..1637.00 rows=100000 width=18) (actual rows=100000 loops=1)
              Buffers: shared hit=637
Planning Time: 0.092 ms
Execution Time: 58.503 ms",62.923,10690.58,29537,"Subquery Scan on a  (cost=8824.50..10690.58 rows=14615 width=18) (actual rows=29537 loops=1)
  Buffers: shared hit=637, temp read=195 written=360
  ->  HashAggregate  (cost=8824.50..10544.43 rows=14615 width=26) (actual rows=29537 loops=1)
        Group Key: person.email
        Filter: (count(person.email) > 1)
        Batches: 5  Memory Usage: 4657kB  Disk Usage: 1736kB
        Rows Removed by Filter: 22328
        Buffers: shared hit=637, temp read=195 written=360
        ->  Seq Scan on person  (cost=0.00..1637.00 rows=100000 width=18) (actual rows=100000 loops=1)
              Buffers: shared hit=637
Planning Time: 0.083 ms
Execution Time: 62.923 ms",59.81,10690.58,29537,"Subquery Scan on a  (cost=8824.50..10690.58 rows=14615 width=18) (actual rows=29537 loops=1)
  Buffers: shared hit=637, temp read=195 written=360
  ->  HashAggregate  (cost=8824.50..10544.43 rows=14615 width=26) (actual rows=29537 loops=1)
        Group Key: person.email
        Filter: (count(person.email) > 1)
        Batches: 5  Memory Usage: 4657kB  Disk Usage: 1736kB
        Rows Removed by Filter: 22328
        Buffers: shared hit=637, temp read=195 written=360
        ->  Seq Scan on person  (cost=0.00..1637.00 rows=100000 width=18) (actual rows=100000 loops=1)
              Buffers: shared hit=637
Planning Time: 0.145 ms
Execution Time: 59.810 ms",60.015,59.81,63.939,65.7678,10690.58,10690.58,29537,29537,29537,29537,normal,normal,18.194348499999997,6.985168300000007,equal variances,not significant,0.21031746031746032,-2.380600000000001,-0.8419999999999987,-146.14999999999964,0,True
148,182,134,Easy,select t_person_0.email as email from schema_182.person as t_person_0 group by t_person_0.email having 1 < count(t_person_0.email),53.746,10544.43,29537,"HashAggregate  (cost=8824.50..10544.43 rows=14615 width=18) (actual rows=29537 loops=1)
  Group Key: email
  Filter: (1 < count(email))
  Batches: 5  Memory Usage: 4657kB  Disk Usage: 1736kB
  Rows Removed by Filter: 22328
  Buffers: shared hit=637, temp read=195 written=360
  ->  Seq Scan on person t_person_0  (cost=0.00..1637.00 rows=100000 width=18) (actual rows=100000 loops=1)
        Buffers: shared hit=637
Planning Time: 0.052 ms
Execution Time: 53.746 ms",60.672,10544.43,29537,"HashAggregate  (cost=8824.50..10544.43 rows=14615 width=18) (actual rows=29537 loops=1)
  Group Key: email
  Filter: (1 < count(email))
  Batches: 5  Memory Usage: 4657kB  Disk Usage: 1736kB
  Rows Removed by Filter: 22328
  Buffers: shared hit=637, temp read=195 written=360
  ->  Seq Scan on person t_person_0  (cost=0.00..1637.00 rows=100000 width=18) (actual rows=100000 loops=1)
        Buffers: shared hit=637
Planning Time: 0.064 ms
Execution Time: 60.672 ms",58.37,10544.43,29537,"HashAggregate  (cost=8824.50..10544.43 rows=14615 width=18) (actual rows=29537 loops=1)
  Group Key: email
  Filter: (1 < count(email))
  Batches: 5  Memory Usage: 4657kB  Disk Usage: 1736kB
  Rows Removed by Filter: 22328
  Buffers: shared hit=637, temp read=195 written=360
  ->  Seq Scan on person t_person_0  (cost=0.00..1637.00 rows=100000 width=18) (actual rows=100000 loops=1)
        Buffers: shared hit=637
Planning Time: 0.068 ms
Execution Time: 58.370 ms",59.183,10544.43,29537,"HashAggregate  (cost=8824.50..10544.43 rows=14615 width=18) (actual rows=29537 loops=1)
  Group Key: email
  Filter: (1 < count(email))
  Batches: 5  Memory Usage: 4657kB  Disk Usage: 1736kB
  Rows Removed by Filter: 22328
  Buffers: shared hit=637, temp read=195 written=360
  ->  Seq Scan on person t_person_0  (cost=0.00..1637.00 rows=100000 width=18) (actual rows=100000 loops=1)
        Buffers: shared hit=637
Planning Time: 0.066 ms
Execution Time: 59.183 ms",59.265,10544.43,29537,"HashAggregate  (cost=8824.50..10544.43 rows=14615 width=18) (actual rows=29537 loops=1)
  Group Key: email
  Filter: (1 < count(email))
  Batches: 5  Memory Usage: 4657kB  Disk Usage: 1736kB
  Rows Removed by Filter: 22328
  Buffers: shared hit=637, temp read=195 written=360
  ->  Seq Scan on person t_person_0  (cost=0.00..1637.00 rows=100000 width=18) (actual rows=100000 loops=1)
        Buffers: shared hit=637
Planning Time: 0.063 ms
Execution Time: 59.265 ms",58.2472,59.183,59.9685,61.2348,10544.43,10544.43,29537,29537,29537,29537,182_134,148,182,134,Easy,"select email from (select email, count(email) as num from schema_182.person group by email) as statistic where statistic.num > 1",56.047,10690.58,29537,"Subquery Scan on statistic  (cost=8824.50..10690.58 rows=14615 width=18) (actual rows=29537 loops=1)
  Buffers: shared hit=637, temp read=195 written=360
  ->  HashAggregate  (cost=8824.50..10544.43 rows=14615 width=26) (actual rows=29537 loops=1)
        Group Key: person.email
        Filter: (count(person.email) > 1)
        Batches: 5  Memory Usage: 4657kB  Disk Usage: 1736kB
        Rows Removed by Filter: 22328
        Buffers: shared hit=637, temp read=195 written=360
        ->  Seq Scan on person  (cost=0.00..1637.00 rows=100000 width=18) (actual rows=100000 loops=1)
              Buffers: shared hit=637
Planning Time: 0.060 ms
Execution Time: 56.047 ms",59.744,10690.58,29537,"Subquery Scan on statistic  (cost=8824.50..10690.58 rows=14615 width=18) (actual rows=29537 loops=1)
  Buffers: shared hit=637, temp read=195 written=360
  ->  HashAggregate  (cost=8824.50..10544.43 rows=14615 width=26) (actual rows=29537 loops=1)
        Group Key: person.email
        Filter: (count(person.email) > 1)
        Batches: 5  Memory Usage: 4657kB  Disk Usage: 1736kB
        Rows Removed by Filter: 22328
        Buffers: shared hit=637, temp read=195 written=360
        ->  Seq Scan on person  (cost=0.00..1637.00 rows=100000 width=18) (actual rows=100000 loops=1)
              Buffers: shared hit=637
Planning Time: 0.094 ms
Execution Time: 59.744 ms",63.164,10690.58,29537,"Subquery Scan on statistic  (cost=8824.50..10690.58 rows=14615 width=18) (actual rows=29537 loops=1)
  Buffers: shared hit=637, temp read=195 written=360
  ->  HashAggregate  (cost=8824.50..10544.43 rows=14615 width=26) (actual rows=29537 loops=1)
        Group Key: person.email
        Filter: (count(person.email) > 1)
        Batches: 5  Memory Usage: 4657kB  Disk Usage: 1736kB
        Rows Removed by Filter: 22328
        Buffers: shared hit=637, temp read=195 written=360
        ->  Seq Scan on person  (cost=0.00..1637.00 rows=100000 width=18) (actual rows=100000 loops=1)
              Buffers: shared hit=637
Planning Time: 0.101 ms
Execution Time: 63.164 ms",59.976,10690.58,29537,"Subquery Scan on statistic  (cost=8824.50..10690.58 rows=14615 width=18) (actual rows=29537 loops=1)
  Buffers: shared hit=637, temp read=195 written=360
  ->  HashAggregate  (cost=8824.50..10544.43 rows=14615 width=26) (actual rows=29537 loops=1)
        Group Key: person.email
        Filter: (count(person.email) > 1)
        Batches: 5  Memory Usage: 4657kB  Disk Usage: 1736kB
        Rows Removed by Filter: 22328
        Buffers: shared hit=637, temp read=195 written=360
        ->  Seq Scan on person  (cost=0.00..1637.00 rows=100000 width=18) (actual rows=100000 loops=1)
              Buffers: shared hit=637
Planning Time: 0.087 ms
Execution Time: 59.976 ms",62.613,10690.58,29537,"Subquery Scan on statistic  (cost=8824.50..10690.58 rows=14615 width=18) (actual rows=29537 loops=1)
  Buffers: shared hit=637, temp read=195 written=360
  ->  HashAggregate  (cost=8824.50..10544.43 rows=14615 width=26) (actual rows=29537 loops=1)
        Group Key: person.email
        Filter: (count(person.email) > 1)
        Batches: 5  Memory Usage: 4657kB  Disk Usage: 1736kB
        Rows Removed by Filter: 22328
        Buffers: shared hit=637, temp read=195 written=360
        ->  Seq Scan on person  (cost=0.00..1637.00 rows=100000 width=18) (actual rows=100000 loops=1)
              Buffers: shared hit=637
Planning Time: 0.091 ms
Execution Time: 62.613 ms",60.3088,59.976,62.8885,63.3844,10690.58,10690.58,29537,29537,29537,29537,normal,normal,8.013549700000008,7.016793699999991,equal variances,not significant,0.1111111111111111,-2.0615999999999985,-0.7929999999999993,-146.14999999999964,0,True
149,182,136,Easy,select t_person_0.email as email from schema_182.person as t_person_0 group by t_person_0.email having 1 < count(t_person_0.email),55.983,10544.43,29537,"HashAggregate  (cost=8824.50..10544.43 rows=14615 width=18) (actual rows=29537 loops=1)
  Group Key: email
  Filter: (1 < count(email))
  Batches: 5  Memory Usage: 4657kB  Disk Usage: 1736kB
  Rows Removed by Filter: 22328
  Buffers: shared hit=637, temp read=195 written=360
  ->  Seq Scan on person t_person_0  (cost=0.00..1637.00 rows=100000 width=18) (actual rows=100000 loops=1)
        Buffers: shared hit=637
Planning Time: 0.062 ms
Execution Time: 55.983 ms",59.918,10544.43,29537,"HashAggregate  (cost=8824.50..10544.43 rows=14615 width=18) (actual rows=29537 loops=1)
  Group Key: email
  Filter: (1 < count(email))
  Batches: 5  Memory Usage: 4657kB  Disk Usage: 1736kB
  Rows Removed by Filter: 22328
  Buffers: shared hit=637, temp read=195 written=360
  ->  Seq Scan on person t_person_0  (cost=0.00..1637.00 rows=100000 width=18) (actual rows=100000 loops=1)
        Buffers: shared hit=637
Planning Time: 0.128 ms
Execution Time: 59.918 ms",57.877,10544.43,29537,"HashAggregate  (cost=8824.50..10544.43 rows=14615 width=18) (actual rows=29537 loops=1)
  Group Key: email
  Filter: (1 < count(email))
  Batches: 5  Memory Usage: 4657kB  Disk Usage: 1736kB
  Rows Removed by Filter: 22328
  Buffers: shared hit=637, temp read=195 written=360
  ->  Seq Scan on person t_person_0  (cost=0.00..1637.00 rows=100000 width=18) (actual rows=100000 loops=1)
        Buffers: shared hit=637
Planning Time: 0.071 ms
Execution Time: 57.877 ms",58.487,10544.43,29537,"HashAggregate  (cost=8824.50..10544.43 rows=14615 width=18) (actual rows=29537 loops=1)
  Group Key: email
  Filter: (1 < count(email))
  Batches: 5  Memory Usage: 4657kB  Disk Usage: 1736kB
  Rows Removed by Filter: 22328
  Buffers: shared hit=637, temp read=195 written=360
  ->  Seq Scan on person t_person_0  (cost=0.00..1637.00 rows=100000 width=18) (actual rows=100000 loops=1)
        Buffers: shared hit=637
Planning Time: 0.068 ms
Execution Time: 58.487 ms",58.812,10544.43,29537,"HashAggregate  (cost=8824.50..10544.43 rows=14615 width=18) (actual rows=29537 loops=1)
  Group Key: email
  Filter: (1 < count(email))
  Batches: 5  Memory Usage: 4657kB  Disk Usage: 1736kB
  Rows Removed by Filter: 22328
  Buffers: shared hit=637, temp read=195 written=360
  ->  Seq Scan on person t_person_0  (cost=0.00..1637.00 rows=100000 width=18) (actual rows=100000 loops=1)
        Buffers: shared hit=637
Planning Time: 0.070 ms
Execution Time: 58.812 ms",58.2154,58.487,59.365,60.3604,10544.43,10544.43,29537,29537,29537,29537,182_136,149,182,136,Easy,"select email from (select email, count(email) as c from schema_182.person group by email) as email where c > 1",57.859,10690.58,29537,"Subquery Scan on email  (cost=8824.50..10690.58 rows=14615 width=18) (actual rows=29537 loops=1)
  Buffers: shared hit=637, temp read=195 written=360
  ->  HashAggregate  (cost=8824.50..10544.43 rows=14615 width=26) (actual rows=29537 loops=1)
        Group Key: person.email
        Filter: (count(person.email) > 1)
        Batches: 5  Memory Usage: 4657kB  Disk Usage: 1736kB
        Rows Removed by Filter: 22328
        Buffers: shared hit=637, temp read=195 written=360
        ->  Seq Scan on person  (cost=0.00..1637.00 rows=100000 width=18) (actual rows=100000 loops=1)
              Buffers: shared hit=637
Planning Time: 0.060 ms
Execution Time: 57.859 ms",58.295,10690.58,29537,"Subquery Scan on email  (cost=8824.50..10690.58 rows=14615 width=18) (actual rows=29537 loops=1)
  Buffers: shared hit=637, temp read=195 written=360
  ->  HashAggregate  (cost=8824.50..10544.43 rows=14615 width=26) (actual rows=29537 loops=1)
        Group Key: person.email
        Filter: (count(person.email) > 1)
        Batches: 5  Memory Usage: 4657kB  Disk Usage: 1736kB
        Rows Removed by Filter: 22328
        Buffers: shared hit=637, temp read=195 written=360
        ->  Seq Scan on person  (cost=0.00..1637.00 rows=100000 width=18) (actual rows=100000 loops=1)
              Buffers: shared hit=637
Planning Time: 0.090 ms
Execution Time: 58.295 ms",57.355,10690.58,29537,"Subquery Scan on email  (cost=8824.50..10690.58 rows=14615 width=18) (actual rows=29537 loops=1)
  Buffers: shared hit=637, temp read=195 written=360
  ->  HashAggregate  (cost=8824.50..10544.43 rows=14615 width=26) (actual rows=29537 loops=1)
        Group Key: person.email
        Filter: (count(person.email) > 1)
        Batches: 5  Memory Usage: 4657kB  Disk Usage: 1736kB
        Rows Removed by Filter: 22328
        Buffers: shared hit=637, temp read=195 written=360
        ->  Seq Scan on person  (cost=0.00..1637.00 rows=100000 width=18) (actual rows=100000 loops=1)
              Buffers: shared hit=637
Planning Time: 0.085 ms
Execution Time: 57.355 ms",59.478,10690.58,29537,"Subquery Scan on email  (cost=8824.50..10690.58 rows=14615 width=18) (actual rows=29537 loops=1)
  Buffers: shared hit=637, temp read=195 written=360
  ->  HashAggregate  (cost=8824.50..10544.43 rows=14615 width=26) (actual rows=29537 loops=1)
        Group Key: person.email
        Filter: (count(person.email) > 1)
        Batches: 5  Memory Usage: 4657kB  Disk Usage: 1736kB
        Rows Removed by Filter: 22328
        Buffers: shared hit=637, temp read=195 written=360
        ->  Seq Scan on person  (cost=0.00..1637.00 rows=100000 width=18) (actual rows=100000 loops=1)
              Buffers: shared hit=637
Planning Time: 0.094 ms
Execution Time: 59.478 ms",58.504,10690.58,29537,"Subquery Scan on email  (cost=8824.50..10690.58 rows=14615 width=18) (actual rows=29537 loops=1)
  Buffers: shared hit=637, temp read=195 written=360
  ->  HashAggregate  (cost=8824.50..10544.43 rows=14615 width=26) (actual rows=29537 loops=1)
        Group Key: person.email
        Filter: (count(person.email) > 1)
        Batches: 5  Memory Usage: 4657kB  Disk Usage: 1736kB
        Rows Removed by Filter: 22328
        Buffers: shared hit=637, temp read=195 written=360
        ->  Seq Scan on person  (cost=0.00..1637.00 rows=100000 width=18) (actual rows=100000 loops=1)
              Buffers: shared hit=637
Planning Time: 0.141 ms
Execution Time: 58.504 ms",58.2982,58.295,58.991,59.8676,10690.58,10690.58,29537,29537,29537,29537,normal,normal,0.6292037000000017,2.106667300000002,equal variances,not significant,0.6547619047619047,-0.08279999999999887,0.19200000000000017,-146.14999999999964,0,True
150,182,137,Easy,select t_person_0.email as email from schema_182.person as t_person_0 group by t_person_0.email having 1 < count(t_person_0.id),59.939,10544.43,29537,"HashAggregate  (cost=8824.50..10544.43 rows=14615 width=18) (actual rows=29537 loops=1)
  Group Key: email
  Filter: (1 < count(id))
  Batches: 5  Memory Usage: 4657kB  Disk Usage: 1776kB
  Rows Removed by Filter: 22328
  Buffers: shared hit=637, temp read=215 written=380
  ->  Seq Scan on person t_person_0  (cost=0.00..1637.00 rows=100000 width=22) (actual rows=100000 loops=1)
        Buffers: shared hit=637
Planning Time: 0.049 ms
Execution Time: 59.939 ms",56.743,10544.43,29537,"HashAggregate  (cost=8824.50..10544.43 rows=14615 width=18) (actual rows=29537 loops=1)
  Group Key: email
  Filter: (1 < count(id))
  Batches: 5  Memory Usage: 4657kB  Disk Usage: 1776kB
  Rows Removed by Filter: 22328
  Buffers: shared hit=637, temp read=215 written=380
  ->  Seq Scan on person t_person_0  (cost=0.00..1637.00 rows=100000 width=22) (actual rows=100000 loops=1)
        Buffers: shared hit=637
Planning Time: 0.069 ms
Execution Time: 56.743 ms",57.711,10544.43,29537,"HashAggregate  (cost=8824.50..10544.43 rows=14615 width=18) (actual rows=29537 loops=1)
  Group Key: email
  Filter: (1 < count(id))
  Batches: 5  Memory Usage: 4657kB  Disk Usage: 1776kB
  Rows Removed by Filter: 22328
  Buffers: shared hit=637, temp read=215 written=380
  ->  Seq Scan on person t_person_0  (cost=0.00..1637.00 rows=100000 width=22) (actual rows=100000 loops=1)
        Buffers: shared hit=637
Planning Time: 0.079 ms
Execution Time: 57.711 ms",57.254,10544.43,29537,"HashAggregate  (cost=8824.50..10544.43 rows=14615 width=18) (actual rows=29537 loops=1)
  Group Key: email
  Filter: (1 < count(id))
  Batches: 5  Memory Usage: 4657kB  Disk Usage: 1776kB
  Rows Removed by Filter: 22328
  Buffers: shared hit=637, temp read=215 written=380
  ->  Seq Scan on person t_person_0  (cost=0.00..1637.00 rows=100000 width=22) (actual rows=100000 loops=1)
        Buffers: shared hit=637
Planning Time: 0.065 ms
Execution Time: 57.254 ms",68.095,10544.43,29537,"HashAggregate  (cost=8824.50..10544.43 rows=14615 width=18) (actual rows=29537 loops=1)
  Group Key: email
  Filter: (1 < count(id))
  Batches: 5  Memory Usage: 4657kB  Disk Usage: 1776kB
  Rows Removed by Filter: 22328
  Buffers: shared hit=637, temp read=215 written=380
  ->  Seq Scan on person t_person_0  (cost=0.00..1637.00 rows=100000 width=22) (actual rows=100000 loops=1)
        Buffers: shared hit=637
Planning Time: 0.065 ms
Execution Time: 68.095 ms",59.9484,57.711,64.017,71.3574,10544.43,10544.43,29537,29537,29537,29537,182_137,150,182,137,Easy,"select email from (select email, count(id) as countofemail from schema_182.person group by email) as t where t.countofemail > 1",53.947,10690.58,29537,"Subquery Scan on t  (cost=8824.50..10690.58 rows=14615 width=18) (actual rows=29537 loops=1)
  Buffers: shared hit=637, temp read=215 written=380
  ->  HashAggregate  (cost=8824.50..10544.43 rows=14615 width=26) (actual rows=29537 loops=1)
        Group Key: person.email
        Filter: (count(person.id) > 1)
        Batches: 5  Memory Usage: 4657kB  Disk Usage: 1776kB
        Rows Removed by Filter: 22328
        Buffers: shared hit=637, temp read=215 written=380
        ->  Seq Scan on person  (cost=0.00..1637.00 rows=100000 width=22) (actual rows=100000 loops=1)
              Buffers: shared hit=637
Planning Time: 0.083 ms
Execution Time: 53.947 ms",58.654,10690.58,29537,"Subquery Scan on t  (cost=8824.50..10690.58 rows=14615 width=18) (actual rows=29537 loops=1)
  Buffers: shared hit=637, temp read=215 written=380
  ->  HashAggregate  (cost=8824.50..10544.43 rows=14615 width=26) (actual rows=29537 loops=1)
        Group Key: person.email
        Filter: (count(person.id) > 1)
        Batches: 5  Memory Usage: 4657kB  Disk Usage: 1776kB
        Rows Removed by Filter: 22328
        Buffers: shared hit=637, temp read=215 written=380
        ->  Seq Scan on person  (cost=0.00..1637.00 rows=100000 width=22) (actual rows=100000 loops=1)
              Buffers: shared hit=637
Planning Time: 0.091 ms
Execution Time: 58.654 ms",58.024,10690.58,29537,"Subquery Scan on t  (cost=8824.50..10690.58 rows=14615 width=18) (actual rows=29537 loops=1)
  Buffers: shared hit=637, temp read=215 written=380
  ->  HashAggregate  (cost=8824.50..10544.43 rows=14615 width=26) (actual rows=29537 loops=1)
        Group Key: person.email
        Filter: (count(person.id) > 1)
        Batches: 5  Memory Usage: 4657kB  Disk Usage: 1776kB
        Rows Removed by Filter: 22328
        Buffers: shared hit=637, temp read=215 written=380
        ->  Seq Scan on person  (cost=0.00..1637.00 rows=100000 width=22) (actual rows=100000 loops=1)
              Buffers: shared hit=637
Planning Time: 0.091 ms
Execution Time: 58.024 ms",56.948,10690.58,29537,"Subquery Scan on t  (cost=8824.50..10690.58 rows=14615 width=18) (actual rows=29537 loops=1)
  Buffers: shared hit=637, temp read=215 written=380
  ->  HashAggregate  (cost=8824.50..10544.43 rows=14615 width=26) (actual rows=29537 loops=1)
        Group Key: person.email
        Filter: (count(person.id) > 1)
        Batches: 5  Memory Usage: 4657kB  Disk Usage: 1776kB
        Rows Removed by Filter: 22328
        Buffers: shared hit=637, temp read=215 written=380
        ->  Seq Scan on person  (cost=0.00..1637.00 rows=100000 width=22) (actual rows=100000 loops=1)
              Buffers: shared hit=637
Planning Time: 0.099 ms
Execution Time: 56.948 ms",58.155,10690.58,29537,"Subquery Scan on t  (cost=8824.50..10690.58 rows=14615 width=18) (actual rows=29537 loops=1)
  Buffers: shared hit=637, temp read=215 written=380
  ->  HashAggregate  (cost=8824.50..10544.43 rows=14615 width=26) (actual rows=29537 loops=1)
        Group Key: person.email
        Filter: (count(person.id) > 1)
        Batches: 5  Memory Usage: 4657kB  Disk Usage: 1776kB
        Rows Removed by Filter: 22328
        Buffers: shared hit=637, temp read=215 written=380
        ->  Seq Scan on person  (cost=0.00..1637.00 rows=100000 width=22) (actual rows=100000 loops=1)
              Buffers: shared hit=637
Planning Time: 0.084 ms
Execution Time: 58.155 ms",57.1456,58.024,58.4045,58.8536,10690.58,10690.58,29537,29537,29537,29537,normal,not normal,3.583958299999999,22.2268798,equal variances,not significant,0.7261904761904762,2.8027999999999977,-0.3130000000000024,-146.14999999999964,0,True
151,182,140,Easy,select t_person_0.email as email from schema_182.person as t_person_0 group by t_person_0.email having 1 < count(t_person_0.email),53.425,10544.43,29537,"HashAggregate  (cost=8824.50..10544.43 rows=14615 width=18) (actual rows=29537 loops=1)
  Group Key: email
  Filter: (1 < count(email))
  Batches: 5  Memory Usage: 4657kB  Disk Usage: 1736kB
  Rows Removed by Filter: 22328
  Buffers: shared hit=637, temp read=195 written=360
  ->  Seq Scan on person t_person_0  (cost=0.00..1637.00 rows=100000 width=18) (actual rows=100000 loops=1)
        Buffers: shared hit=637
Planning Time: 0.046 ms
Execution Time: 53.425 ms",60.792,10544.43,29537,"HashAggregate  (cost=8824.50..10544.43 rows=14615 width=18) (actual rows=29537 loops=1)
  Group Key: email
  Filter: (1 < count(email))
  Batches: 5  Memory Usage: 4657kB  Disk Usage: 1736kB
  Rows Removed by Filter: 22328
  Buffers: shared hit=637, temp read=195 written=360
  ->  Seq Scan on person t_person_0  (cost=0.00..1637.00 rows=100000 width=18) (actual rows=100000 loops=1)
        Buffers: shared hit=637
Planning Time: 0.065 ms
Execution Time: 60.792 ms",59.887,10544.43,29537,"HashAggregate  (cost=8824.50..10544.43 rows=14615 width=18) (actual rows=29537 loops=1)
  Group Key: email
  Filter: (1 < count(email))
  Batches: 5  Memory Usage: 4657kB  Disk Usage: 1736kB
  Rows Removed by Filter: 22328
  Buffers: shared hit=637, temp read=195 written=360
  ->  Seq Scan on person t_person_0  (cost=0.00..1637.00 rows=100000 width=18) (actual rows=100000 loops=1)
        Buffers: shared hit=637
Planning Time: 0.058 ms
Execution Time: 59.887 ms",62.326,10544.43,29537,"HashAggregate  (cost=8824.50..10544.43 rows=14615 width=18) (actual rows=29537 loops=1)
  Group Key: email
  Filter: (1 < count(email))
  Batches: 5  Memory Usage: 4657kB  Disk Usage: 1736kB
  Rows Removed by Filter: 22328
  Buffers: shared hit=637, temp read=195 written=360
  ->  Seq Scan on person t_person_0  (cost=0.00..1637.00 rows=100000 width=18) (actual rows=100000 loops=1)
        Buffers: shared hit=637
Planning Time: 0.056 ms
Execution Time: 62.326 ms",60.513,10544.43,29537,"HashAggregate  (cost=8824.50..10544.43 rows=14615 width=18) (actual rows=29537 loops=1)
  Group Key: email
  Filter: (1 < count(email))
  Batches: 5  Memory Usage: 4657kB  Disk Usage: 1736kB
  Rows Removed by Filter: 22328
  Buffers: shared hit=637, temp read=195 written=360
  ->  Seq Scan on person t_person_0  (cost=0.00..1637.00 rows=100000 width=18) (actual rows=100000 loops=1)
        Buffers: shared hit=637
Planning Time: 0.059 ms
Execution Time: 60.513 ms",59.3886,60.513,61.559,62.9396,10544.43,10544.43,29537,29537,29537,29537,182_140,151,182,140,Easy,"select email from (select email, count(email) as cnt from schema_182.person group by 1) as x where cnt > 1",55.762,10690.58,29537,"Subquery Scan on x  (cost=8824.50..10690.58 rows=14615 width=18) (actual rows=29537 loops=1)
  Buffers: shared hit=637, temp read=195 written=360
  ->  HashAggregate  (cost=8824.50..10544.43 rows=14615 width=26) (actual rows=29537 loops=1)
        Group Key: person.email
        Filter: (count(person.email) > 1)
        Batches: 5  Memory Usage: 4657kB  Disk Usage: 1736kB
        Rows Removed by Filter: 22328
        Buffers: shared hit=637, temp read=195 written=360
        ->  Seq Scan on person  (cost=0.00..1637.00 rows=100000 width=18) (actual rows=100000 loops=1)
              Buffers: shared hit=637
Planning Time: 0.070 ms
Execution Time: 55.762 ms",62.255,10690.58,29537,"Subquery Scan on x  (cost=8824.50..10690.58 rows=14615 width=18) (actual rows=29537 loops=1)
  Buffers: shared hit=637, temp read=195 written=360
  ->  HashAggregate  (cost=8824.50..10544.43 rows=14615 width=26) (actual rows=29537 loops=1)
        Group Key: person.email
        Filter: (count(person.email) > 1)
        Batches: 5  Memory Usage: 4657kB  Disk Usage: 1736kB
        Rows Removed by Filter: 22328
        Buffers: shared hit=637, temp read=195 written=360
        ->  Seq Scan on person  (cost=0.00..1637.00 rows=100000 width=18) (actual rows=100000 loops=1)
              Buffers: shared hit=637
Planning Time: 0.089 ms
Execution Time: 62.255 ms",60.313,10690.58,29537,"Subquery Scan on x  (cost=8824.50..10690.58 rows=14615 width=18) (actual rows=29537 loops=1)
  Buffers: shared hit=637, temp read=195 written=360
  ->  HashAggregate  (cost=8824.50..10544.43 rows=14615 width=26) (actual rows=29537 loops=1)
        Group Key: person.email
        Filter: (count(person.email) > 1)
        Batches: 5  Memory Usage: 4657kB  Disk Usage: 1736kB
        Rows Removed by Filter: 22328
        Buffers: shared hit=637, temp read=195 written=360
        ->  Seq Scan on person  (cost=0.00..1637.00 rows=100000 width=18) (actual rows=100000 loops=1)
              Buffers: shared hit=637
Planning Time: 0.144 ms
Execution Time: 60.313 ms",61.963,10690.58,29537,"Subquery Scan on x  (cost=8824.50..10690.58 rows=14615 width=18) (actual rows=29537 loops=1)
  Buffers: shared hit=637, temp read=195 written=360
  ->  HashAggregate  (cost=8824.50..10544.43 rows=14615 width=26) (actual rows=29537 loops=1)
        Group Key: person.email
        Filter: (count(person.email) > 1)
        Batches: 5  Memory Usage: 4657kB  Disk Usage: 1736kB
        Rows Removed by Filter: 22328
        Buffers: shared hit=637, temp read=195 written=360
        ->  Seq Scan on person  (cost=0.00..1637.00 rows=100000 width=18) (actual rows=100000 loops=1)
              Buffers: shared hit=637
Planning Time: 0.086 ms
Execution Time: 61.963 ms",58.218,10690.58,29537,"Subquery Scan on x  (cost=8824.50..10690.58 rows=14615 width=18) (actual rows=29537 loops=1)
  Buffers: shared hit=637, temp read=195 written=360
  ->  HashAggregate  (cost=8824.50..10544.43 rows=14615 width=26) (actual rows=29537 loops=1)
        Group Key: person.email
        Filter: (count(person.email) > 1)
        Batches: 5  Memory Usage: 4657kB  Disk Usage: 1736kB
        Rows Removed by Filter: 22328
        Buffers: shared hit=637, temp read=195 written=360
        ->  Seq Scan on person  (cost=0.00..1637.00 rows=100000 width=18) (actual rows=100000 loops=1)
              Buffers: shared hit=637
Planning Time: 0.081 ms
Execution Time: 58.218 ms",59.7022,60.313,62.109,62.3718,10690.58,10690.58,29537,29537,29537,29537,normal,normal,7.432276700000001,11.918763300000009,equal variances,not significant,0.5793650793650793,-0.313600000000001,0.19999999999999574,-146.14999999999964,0,True
152,182,141,Easy,select t_person_0.email as email from schema_182.person as t_person_0 group by t_person_0.email having 1 < count(t_person_0.email),54.836,10544.43,29537,"HashAggregate  (cost=8824.50..10544.43 rows=14615 width=18) (actual rows=29537 loops=1)
  Group Key: email
  Filter: (1 < count(email))
  Batches: 5  Memory Usage: 4657kB  Disk Usage: 1736kB
  Rows Removed by Filter: 22328
  Buffers: shared hit=637, temp read=195 written=360
  ->  Seq Scan on person t_person_0  (cost=0.00..1637.00 rows=100000 width=18) (actual rows=100000 loops=1)
        Buffers: shared hit=637
Planning Time: 0.086 ms
Execution Time: 54.836 ms",61.263,10544.43,29537,"HashAggregate  (cost=8824.50..10544.43 rows=14615 width=18) (actual rows=29537 loops=1)
  Group Key: email
  Filter: (1 < count(email))
  Batches: 5  Memory Usage: 4657kB  Disk Usage: 1736kB
  Rows Removed by Filter: 22328
  Buffers: shared hit=637, temp read=195 written=360
  ->  Seq Scan on person t_person_0  (cost=0.00..1637.00 rows=100000 width=18) (actual rows=100000 loops=1)
        Buffers: shared hit=637
Planning Time: 0.071 ms
Execution Time: 61.263 ms",56.923,10544.43,29537,"HashAggregate  (cost=8824.50..10544.43 rows=14615 width=18) (actual rows=29537 loops=1)
  Group Key: email
  Filter: (1 < count(email))
  Batches: 5  Memory Usage: 4657kB  Disk Usage: 1736kB
  Rows Removed by Filter: 22328
  Buffers: shared hit=637, temp read=195 written=360
  ->  Seq Scan on person t_person_0  (cost=0.00..1637.00 rows=100000 width=18) (actual rows=100000 loops=1)
        Buffers: shared hit=637
Planning Time: 0.077 ms
Execution Time: 56.923 ms",59.719,10544.43,29537,"HashAggregate  (cost=8824.50..10544.43 rows=14615 width=18) (actual rows=29537 loops=1)
  Group Key: email
  Filter: (1 < count(email))
  Batches: 5  Memory Usage: 4657kB  Disk Usage: 1736kB
  Rows Removed by Filter: 22328
  Buffers: shared hit=637, temp read=195 written=360
  ->  Seq Scan on person t_person_0  (cost=0.00..1637.00 rows=100000 width=18) (actual rows=100000 loops=1)
        Buffers: shared hit=637
Planning Time: 0.068 ms
Execution Time: 59.719 ms",60.764,10544.43,29537,"HashAggregate  (cost=8824.50..10544.43 rows=14615 width=18) (actual rows=29537 loops=1)
  Group Key: email
  Filter: (1 < count(email))
  Batches: 5  Memory Usage: 4657kB  Disk Usage: 1736kB
  Rows Removed by Filter: 22328
  Buffers: shared hit=637, temp read=195 written=360
  ->  Seq Scan on person t_person_0  (cost=0.00..1637.00 rows=100000 width=18) (actual rows=100000 loops=1)
        Buffers: shared hit=637
Planning Time: 0.062 ms
Execution Time: 60.764 ms",58.701,59.719,61.0135,61.4626,10544.43,10544.43,29537,29537,29537,29537,182_141,152,182,141,Easy,"select email from (select email, count(email) as count_ from schema_182.person group by person.email) as foo where count_ > 1",53.83,10690.58,29537,"Subquery Scan on foo  (cost=8824.50..10690.58 rows=14615 width=18) (actual rows=29537 loops=1)
  Buffers: shared hit=637, temp read=195 written=360
  ->  HashAggregate  (cost=8824.50..10544.43 rows=14615 width=26) (actual rows=29537 loops=1)
        Group Key: person.email
        Filter: (count(person.email) > 1)
        Batches: 5  Memory Usage: 4657kB  Disk Usage: 1736kB
        Rows Removed by Filter: 22328
        Buffers: shared hit=637, temp read=195 written=360
        ->  Seq Scan on person  (cost=0.00..1637.00 rows=100000 width=18) (actual rows=100000 loops=1)
              Buffers: shared hit=637
Planning Time: 0.084 ms
Execution Time: 53.830 ms",61.011,10690.58,29537,"Subquery Scan on foo  (cost=8824.50..10690.58 rows=14615 width=18) (actual rows=29537 loops=1)
  Buffers: shared hit=637, temp read=195 written=360
  ->  HashAggregate  (cost=8824.50..10544.43 rows=14615 width=26) (actual rows=29537 loops=1)
        Group Key: person.email
        Filter: (count(person.email) > 1)
        Batches: 5  Memory Usage: 4657kB  Disk Usage: 1736kB
        Rows Removed by Filter: 22328
        Buffers: shared hit=637, temp read=195 written=360
        ->  Seq Scan on person  (cost=0.00..1637.00 rows=100000 width=18) (actual rows=100000 loops=1)
              Buffers: shared hit=637
Planning Time: 0.089 ms
Execution Time: 61.011 ms",62.745,10690.58,29537,"Subquery Scan on foo  (cost=8824.50..10690.58 rows=14615 width=18) (actual rows=29537 loops=1)
  Buffers: shared hit=637, temp read=195 written=360
  ->  HashAggregate  (cost=8824.50..10544.43 rows=14615 width=26) (actual rows=29537 loops=1)
        Group Key: person.email
        Filter: (count(person.email) > 1)
        Batches: 5  Memory Usage: 4657kB  Disk Usage: 1736kB
        Rows Removed by Filter: 22328
        Buffers: shared hit=637, temp read=195 written=360
        ->  Seq Scan on person  (cost=0.00..1637.00 rows=100000 width=18) (actual rows=100000 loops=1)
              Buffers: shared hit=637
Planning Time: 0.092 ms
Execution Time: 62.745 ms",99.963,10690.58,29537,"Subquery Scan on foo  (cost=8824.50..10690.58 rows=14615 width=18) (actual rows=29537 loops=1)
  Buffers: shared hit=637, temp read=195 written=360
  ->  HashAggregate  (cost=8824.50..10544.43 rows=14615 width=26) (actual rows=29537 loops=1)
        Group Key: person.email
        Filter: (count(person.email) > 1)
        Batches: 5  Memory Usage: 4657kB  Disk Usage: 1736kB
        Rows Removed by Filter: 22328
        Buffers: shared hit=637, temp read=195 written=360
        ->  Seq Scan on person  (cost=0.00..1637.00 rows=100000 width=18) (actual rows=100000 loops=1)
              Buffers: shared hit=637
Planning Time: 0.095 ms
Execution Time: 99.963 ms",61.298,10690.58,29537,"Subquery Scan on foo  (cost=8824.50..10690.58 rows=14615 width=18) (actual rows=29537 loops=1)
  Buffers: shared hit=637, temp read=195 written=360
  ->  HashAggregate  (cost=8824.50..10544.43 rows=14615 width=26) (actual rows=29537 loops=1)
        Group Key: person.email
        Filter: (count(person.email) > 1)
        Batches: 5  Memory Usage: 4657kB  Disk Usage: 1736kB
        Rows Removed by Filter: 22328
        Buffers: shared hit=637, temp read=195 written=360
        ->  Seq Scan on person  (cost=0.00..1637.00 rows=100000 width=18) (actual rows=100000 loops=1)
              Buffers: shared hit=637
Planning Time: 0.088 ms
Execution Time: 61.298 ms",67.7694,61.298,81.354,114.8502,10690.58,10690.58,29537,29537,29537,29537,not normal,normal,335.8835842999999,7.488911500000002,equal variances,not significant,0.1111111111111111,-9.068400000000004,-1.5790000000000006,-146.14999999999964,0,True
153,182,142,Easy,select t_person_0.email as email from schema_182.person as t_person_0 group by t_person_0.email having 1 < count(t_person_0.email),54.0,10544.43,29537,"HashAggregate  (cost=8824.50..10544.43 rows=14615 width=18) (actual rows=29537 loops=1)
  Group Key: email
  Filter: (1 < count(email))
  Batches: 5  Memory Usage: 4657kB  Disk Usage: 1736kB
  Rows Removed by Filter: 22328
  Buffers: shared hit=637, temp read=195 written=360
  ->  Seq Scan on person t_person_0  (cost=0.00..1637.00 rows=100000 width=18) (actual rows=100000 loops=1)
        Buffers: shared hit=637
Planning Time: 0.045 ms
Execution Time: 54.000 ms",61.719,10544.43,29537,"HashAggregate  (cost=8824.50..10544.43 rows=14615 width=18) (actual rows=29537 loops=1)
  Group Key: email
  Filter: (1 < count(email))
  Batches: 5  Memory Usage: 4657kB  Disk Usage: 1736kB
  Rows Removed by Filter: 22328
  Buffers: shared hit=637, temp read=195 written=360
  ->  Seq Scan on person t_person_0  (cost=0.00..1637.00 rows=100000 width=18) (actual rows=100000 loops=1)
        Buffers: shared hit=637
Planning Time: 0.068 ms
Execution Time: 61.719 ms",57.355,10544.43,29537,"HashAggregate  (cost=8824.50..10544.43 rows=14615 width=18) (actual rows=29537 loops=1)
  Group Key: email
  Filter: (1 < count(email))
  Batches: 5  Memory Usage: 4657kB  Disk Usage: 1736kB
  Rows Removed by Filter: 22328
  Buffers: shared hit=637, temp read=195 written=360
  ->  Seq Scan on person t_person_0  (cost=0.00..1637.00 rows=100000 width=18) (actual rows=100000 loops=1)
        Buffers: shared hit=637
Planning Time: 0.063 ms
Execution Time: 57.355 ms",56.736,10544.43,29537,"HashAggregate  (cost=8824.50..10544.43 rows=14615 width=18) (actual rows=29537 loops=1)
  Group Key: email
  Filter: (1 < count(email))
  Batches: 5  Memory Usage: 4657kB  Disk Usage: 1736kB
  Rows Removed by Filter: 22328
  Buffers: shared hit=637, temp read=195 written=360
  ->  Seq Scan on person t_person_0  (cost=0.00..1637.00 rows=100000 width=18) (actual rows=100000 loops=1)
        Buffers: shared hit=637
Planning Time: 0.077 ms
Execution Time: 56.736 ms",58.533,10544.43,29537,"HashAggregate  (cost=8824.50..10544.43 rows=14615 width=18) (actual rows=29537 loops=1)
  Group Key: email
  Filter: (1 < count(email))
  Batches: 5  Memory Usage: 4657kB  Disk Usage: 1736kB
  Rows Removed by Filter: 22328
  Buffers: shared hit=637, temp read=195 written=360
  ->  Seq Scan on person t_person_0  (cost=0.00..1637.00 rows=100000 width=18) (actual rows=100000 loops=1)
        Buffers: shared hit=637
Planning Time: 0.076 ms
Execution Time: 58.533 ms",57.6686,57.355,60.126,62.9934,10544.43,10544.43,29537,29537,29537,29537,182_142,153,182,142,Easy,"select email from (select email, count(email) as num from schema_182.person group by email) as t where num > 1",53.827,10690.58,29537,"Subquery Scan on t  (cost=8824.50..10690.58 rows=14615 width=18) (actual rows=29537 loops=1)
  Buffers: shared hit=637, temp read=195 written=360
  ->  HashAggregate  (cost=8824.50..10544.43 rows=14615 width=26) (actual rows=29537 loops=1)
        Group Key: person.email
        Filter: (count(person.email) > 1)
        Batches: 5  Memory Usage: 4657kB  Disk Usage: 1736kB
        Rows Removed by Filter: 22328
        Buffers: shared hit=637, temp read=195 written=360
        ->  Seq Scan on person  (cost=0.00..1637.00 rows=100000 width=18) (actual rows=100000 loops=1)
              Buffers: shared hit=637
Planning Time: 0.061 ms
Execution Time: 53.827 ms",59.702,10690.58,29537,"Subquery Scan on t  (cost=8824.50..10690.58 rows=14615 width=18) (actual rows=29537 loops=1)
  Buffers: shared hit=637, temp read=195 written=360
  ->  HashAggregate  (cost=8824.50..10544.43 rows=14615 width=26) (actual rows=29537 loops=1)
        Group Key: person.email
        Filter: (count(person.email) > 1)
        Batches: 5  Memory Usage: 4657kB  Disk Usage: 1736kB
        Rows Removed by Filter: 22328
        Buffers: shared hit=637, temp read=195 written=360
        ->  Seq Scan on person  (cost=0.00..1637.00 rows=100000 width=18) (actual rows=100000 loops=1)
              Buffers: shared hit=637
Planning Time: 0.067 ms
Execution Time: 59.702 ms",63.183,10690.58,29537,"Subquery Scan on t  (cost=8824.50..10690.58 rows=14615 width=18) (actual rows=29537 loops=1)
  Buffers: shared hit=637, temp read=195 written=360
  ->  HashAggregate  (cost=8824.50..10544.43 rows=14615 width=26) (actual rows=29537 loops=1)
        Group Key: person.email
        Filter: (count(person.email) > 1)
        Batches: 5  Memory Usage: 4657kB  Disk Usage: 1736kB
        Rows Removed by Filter: 22328
        Buffers: shared hit=637, temp read=195 written=360
        ->  Seq Scan on person  (cost=0.00..1637.00 rows=100000 width=18) (actual rows=100000 loops=1)
              Buffers: shared hit=637
Planning Time: 0.089 ms
Execution Time: 63.183 ms",59.252,10690.58,29537,"Subquery Scan on t  (cost=8824.50..10690.58 rows=14615 width=18) (actual rows=29537 loops=1)
  Buffers: shared hit=637, temp read=195 written=360
  ->  HashAggregate  (cost=8824.50..10544.43 rows=14615 width=26) (actual rows=29537 loops=1)
        Group Key: person.email
        Filter: (count(person.email) > 1)
        Batches: 5  Memory Usage: 4657kB  Disk Usage: 1736kB
        Rows Removed by Filter: 22328
        Buffers: shared hit=637, temp read=195 written=360
        ->  Seq Scan on person  (cost=0.00..1637.00 rows=100000 width=18) (actual rows=100000 loops=1)
              Buffers: shared hit=637
Planning Time: 0.098 ms
Execution Time: 59.252 ms",60.322,10690.58,29537,"Subquery Scan on t  (cost=8824.50..10690.58 rows=14615 width=18) (actual rows=29537 loops=1)
  Buffers: shared hit=637, temp read=195 written=360
  ->  HashAggregate  (cost=8824.50..10544.43 rows=14615 width=26) (actual rows=29537 loops=1)
        Group Key: person.email
        Filter: (count(person.email) > 1)
        Batches: 5  Memory Usage: 4657kB  Disk Usage: 1736kB
        Rows Removed by Filter: 22328
        Buffers: shared hit=637, temp read=195 written=360
        ->  Seq Scan on person  (cost=0.00..1637.00 rows=100000 width=18) (actual rows=100000 loops=1)
              Buffers: shared hit=637
Planning Time: 0.096 ms
Execution Time: 60.322 ms",59.2572,59.702,61.7525,64.3274,10690.58,10690.58,29537,29537,29537,29537,normal,normal,11.557662700000005,7.894910300000005,equal variances,not significant,0.21031746031746032,-1.5885999999999996,-2.3470000000000013,-146.14999999999964,0,True
154,182,146,Easy,select t_person_0.email as email from schema_182.person as t_person_0 group by t_person_0.email having 1 < count(t_person_0.email),56.912,10544.43,29537,"HashAggregate  (cost=8824.50..10544.43 rows=14615 width=18) (actual rows=29537 loops=1)
  Group Key: email
  Filter: (1 < count(email))
  Batches: 5  Memory Usage: 4657kB  Disk Usage: 1736kB
  Rows Removed by Filter: 22328
  Buffers: shared hit=637, temp read=195 written=360
  ->  Seq Scan on person t_person_0  (cost=0.00..1637.00 rows=100000 width=18) (actual rows=100000 loops=1)
        Buffers: shared hit=637
Planning Time: 0.062 ms
Execution Time: 56.912 ms",55.88,10544.43,29537,"HashAggregate  (cost=8824.50..10544.43 rows=14615 width=18) (actual rows=29537 loops=1)
  Group Key: email
  Filter: (1 < count(email))
  Batches: 5  Memory Usage: 4657kB  Disk Usage: 1736kB
  Rows Removed by Filter: 22328
  Buffers: shared hit=637, temp read=195 written=360
  ->  Seq Scan on person t_person_0  (cost=0.00..1637.00 rows=100000 width=18) (actual rows=100000 loops=1)
        Buffers: shared hit=637
Planning Time: 0.052 ms
Execution Time: 55.880 ms",58.27,10544.43,29537,"HashAggregate  (cost=8824.50..10544.43 rows=14615 width=18) (actual rows=29537 loops=1)
  Group Key: email
  Filter: (1 < count(email))
  Batches: 5  Memory Usage: 4657kB  Disk Usage: 1736kB
  Rows Removed by Filter: 22328
  Buffers: shared hit=637, temp read=195 written=360
  ->  Seq Scan on person t_person_0  (cost=0.00..1637.00 rows=100000 width=18) (actual rows=100000 loops=1)
        Buffers: shared hit=637
Planning Time: 0.059 ms
Execution Time: 58.270 ms",63.235,10544.43,29537,"HashAggregate  (cost=8824.50..10544.43 rows=14615 width=18) (actual rows=29537 loops=1)
  Group Key: email
  Filter: (1 < count(email))
  Batches: 5  Memory Usage: 4657kB  Disk Usage: 1736kB
  Rows Removed by Filter: 22328
  Buffers: shared hit=637, temp read=195 written=360
  ->  Seq Scan on person t_person_0  (cost=0.00..1637.00 rows=100000 width=18) (actual rows=100000 loops=1)
        Buffers: shared hit=637
Planning Time: 0.058 ms
Execution Time: 63.235 ms",56.733,10544.43,29537,"HashAggregate  (cost=8824.50..10544.43 rows=14615 width=18) (actual rows=29537 loops=1)
  Group Key: email
  Filter: (1 < count(email))
  Batches: 5  Memory Usage: 4657kB  Disk Usage: 1736kB
  Rows Removed by Filter: 22328
  Buffers: shared hit=637, temp read=195 written=360
  ->  Seq Scan on person t_person_0  (cost=0.00..1637.00 rows=100000 width=18) (actual rows=100000 loops=1)
        Buffers: shared hit=637
Planning Time: 0.065 ms
Execution Time: 56.733 ms",58.206,56.912,60.7525,65.221,10544.43,10544.43,29537,29537,29537,29537,182_146,154,182,146,Easy,"select email from (select email, count(email) as email_quantity from schema_182.person group by email) as table_info where email_quantity > 1",75.722,10690.58,29537,"Subquery Scan on table_info  (cost=8824.50..10690.58 rows=14615 width=18) (actual rows=29537 loops=1)
  Buffers: shared hit=637, temp read=195 written=360
  ->  HashAggregate  (cost=8824.50..10544.43 rows=14615 width=26) (actual rows=29537 loops=1)
        Group Key: person.email
        Filter: (count(person.email) > 1)
        Batches: 5  Memory Usage: 4657kB  Disk Usage: 1736kB
        Rows Removed by Filter: 22328
        Buffers: shared hit=637, temp read=195 written=360
        ->  Seq Scan on person  (cost=0.00..1637.00 rows=100000 width=18) (actual rows=100000 loops=1)
              Buffers: shared hit=637
Planning Time: 0.090 ms
Execution Time: 75.722 ms",61.964,10690.58,29537,"Subquery Scan on table_info  (cost=8824.50..10690.58 rows=14615 width=18) (actual rows=29537 loops=1)
  Buffers: shared hit=637, temp read=195 written=360
  ->  HashAggregate  (cost=8824.50..10544.43 rows=14615 width=26) (actual rows=29537 loops=1)
        Group Key: person.email
        Filter: (count(person.email) > 1)
        Batches: 5  Memory Usage: 4657kB  Disk Usage: 1736kB
        Rows Removed by Filter: 22328
        Buffers: shared hit=637, temp read=195 written=360
        ->  Seq Scan on person  (cost=0.00..1637.00 rows=100000 width=18) (actual rows=100000 loops=1)
              Buffers: shared hit=637
Planning Time: 0.089 ms
Execution Time: 61.964 ms",58.126,10690.58,29537,"Subquery Scan on table_info  (cost=8824.50..10690.58 rows=14615 width=18) (actual rows=29537 loops=1)
  Buffers: shared hit=637, temp read=195 written=360
  ->  HashAggregate  (cost=8824.50..10544.43 rows=14615 width=26) (actual rows=29537 loops=1)
        Group Key: person.email
        Filter: (count(person.email) > 1)
        Batches: 5  Memory Usage: 4657kB  Disk Usage: 1736kB
        Rows Removed by Filter: 22328
        Buffers: shared hit=637, temp read=195 written=360
        ->  Seq Scan on person  (cost=0.00..1637.00 rows=100000 width=18) (actual rows=100000 loops=1)
              Buffers: shared hit=637
Planning Time: 0.164 ms
Execution Time: 58.126 ms",59.904,10690.58,29537,"Subquery Scan on table_info  (cost=8824.50..10690.58 rows=14615 width=18) (actual rows=29537 loops=1)
  Buffers: shared hit=637, temp read=195 written=360
  ->  HashAggregate  (cost=8824.50..10544.43 rows=14615 width=26) (actual rows=29537 loops=1)
        Group Key: person.email
        Filter: (count(person.email) > 1)
        Batches: 5  Memory Usage: 4657kB  Disk Usage: 1736kB
        Rows Removed by Filter: 22328
        Buffers: shared hit=637, temp read=195 written=360
        ->  Seq Scan on person  (cost=0.00..1637.00 rows=100000 width=18) (actual rows=100000 loops=1)
              Buffers: shared hit=637
Planning Time: 0.095 ms
Execution Time: 59.904 ms",59.29,10690.58,29537,"Subquery Scan on table_info  (cost=8824.50..10690.58 rows=14615 width=18) (actual rows=29537 loops=1)
  Buffers: shared hit=637, temp read=195 written=360
  ->  HashAggregate  (cost=8824.50..10544.43 rows=14615 width=26) (actual rows=29537 loops=1)
        Group Key: person.email
        Filter: (count(person.email) > 1)
        Batches: 5  Memory Usage: 4657kB  Disk Usage: 1736kB
        Rows Removed by Filter: 22328
        Buffers: shared hit=637, temp read=195 written=360
        ->  Seq Scan on person  (cost=0.00..1637.00 rows=100000 width=18) (actual rows=100000 loops=1)
              Buffers: shared hit=637
Planning Time: 0.094 ms
Execution Time: 59.290 ms",63.0012,59.904,68.843,81.2252,10690.58,10690.58,29537,29537,29537,29537,not normal,normal,52.506941199999964,8.6373445,equal variances,not significant,0.07539682539682539,-4.795199999999994,-2.9920000000000044,-146.14999999999964,0,True
156,182,183,Easy,select t_person_0.email as email from schema_182.person as t_person_0 group by t_person_0.email having 1 < count(t_person_0.email),53.703,10544.43,29537,"HashAggregate  (cost=8824.50..10544.43 rows=14615 width=18) (actual rows=29537 loops=1)
  Group Key: email
  Filter: (1 < count(email))
  Batches: 5  Memory Usage: 4657kB  Disk Usage: 1736kB
  Rows Removed by Filter: 22328
  Buffers: shared hit=637, temp read=195 written=360
  ->  Seq Scan on person t_person_0  (cost=0.00..1637.00 rows=100000 width=18) (actual rows=100000 loops=1)
        Buffers: shared hit=637
Planning Time: 0.051 ms
Execution Time: 53.703 ms",55.237,10544.43,29537,"HashAggregate  (cost=8824.50..10544.43 rows=14615 width=18) (actual rows=29537 loops=1)
  Group Key: email
  Filter: (1 < count(email))
  Batches: 5  Memory Usage: 4657kB  Disk Usage: 1736kB
  Rows Removed by Filter: 22328
  Buffers: shared hit=637, temp read=195 written=360
  ->  Seq Scan on person t_person_0  (cost=0.00..1637.00 rows=100000 width=18) (actual rows=100000 loops=1)
        Buffers: shared hit=637
Planning Time: 0.056 ms
Execution Time: 55.237 ms",62.654,10544.43,29537,"HashAggregate  (cost=8824.50..10544.43 rows=14615 width=18) (actual rows=29537 loops=1)
  Group Key: email
  Filter: (1 < count(email))
  Batches: 5  Memory Usage: 4657kB  Disk Usage: 1736kB
  Rows Removed by Filter: 22328
  Buffers: shared hit=637, temp read=195 written=360
  ->  Seq Scan on person t_person_0  (cost=0.00..1637.00 rows=100000 width=18) (actual rows=100000 loops=1)
        Buffers: shared hit=637
Planning Time: 0.070 ms
Execution Time: 62.654 ms",66.954,10544.43,29537,"HashAggregate  (cost=8824.50..10544.43 rows=14615 width=18) (actual rows=29537 loops=1)
  Group Key: email
  Filter: (1 < count(email))
  Batches: 5  Memory Usage: 4657kB  Disk Usage: 1736kB
  Rows Removed by Filter: 22328
  Buffers: shared hit=637, temp read=195 written=360
  ->  Seq Scan on person t_person_0  (cost=0.00..1637.00 rows=100000 width=18) (actual rows=100000 loops=1)
        Buffers: shared hit=637
Planning Time: 0.063 ms
Execution Time: 66.954 ms",57.704,10544.43,29537,"HashAggregate  (cost=8824.50..10544.43 rows=14615 width=18) (actual rows=29537 loops=1)
  Group Key: email
  Filter: (1 < count(email))
  Batches: 5  Memory Usage: 4657kB  Disk Usage: 1736kB
  Rows Removed by Filter: 22328
  Buffers: shared hit=637, temp read=195 written=360
  ->  Seq Scan on person t_person_0  (cost=0.00..1637.00 rows=100000 width=18) (actual rows=100000 loops=1)
        Buffers: shared hit=637
Planning Time: 0.058 ms
Execution Time: 57.704 ms",59.2504,57.704,64.804,68.674,10544.43,10544.43,29537,29537,29537,29537,182_183,156,182,183,Easy,select distinct email from (select email from schema_182.person group by email having count(email) > 1) as p,64.777,10729.11,29537,"HashAggregate  (cost=10727.11..10729.11 rows=200 width=18) (actual rows=29537 loops=1)
  Group Key: person.email
  Batches: 2  Memory Usage: 4161kB  Disk Usage: 8kB
  Buffers: shared hit=637, temp read=196 written=361
  ->  HashAggregate  (cost=8824.50..10544.43 rows=14615 width=18) (actual rows=29537 loops=1)
        Group Key: person.email
        Filter: (count(person.email) > 1)
        Batches: 5  Memory Usage: 4657kB  Disk Usage: 1736kB
        Rows Removed by Filter: 22328
        Buffers: shared hit=637, temp read=195 written=360
        ->  Seq Scan on person  (cost=0.00..1637.00 rows=100000 width=18) (actual rows=100000 loops=1)
              Buffers: shared hit=637
Planning Time: 0.083 ms
Execution Time: 64.777 ms",66.785,10729.11,29537,"HashAggregate  (cost=10727.11..10729.11 rows=200 width=18) (actual rows=29537 loops=1)
  Group Key: person.email
  Batches: 2  Memory Usage: 4161kB  Disk Usage: 8kB
  Buffers: shared hit=637, temp read=196 written=361
  ->  HashAggregate  (cost=8824.50..10544.43 rows=14615 width=18) (actual rows=29537 loops=1)
        Group Key: person.email
        Filter: (count(person.email) > 1)
        Batches: 5  Memory Usage: 4657kB  Disk Usage: 1736kB
        Rows Removed by Filter: 22328
        Buffers: shared hit=637, temp read=195 written=360
        ->  Seq Scan on person  (cost=0.00..1637.00 rows=100000 width=18) (actual rows=100000 loops=1)
              Buffers: shared hit=637
Planning Time: 0.125 ms
Execution Time: 66.785 ms",67.334,10729.11,29537,"HashAggregate  (cost=10727.11..10729.11 rows=200 width=18) (actual rows=29537 loops=1)
  Group Key: person.email
  Batches: 2  Memory Usage: 4161kB  Disk Usage: 8kB
  Buffers: shared hit=637, temp read=196 written=361
  ->  HashAggregate  (cost=8824.50..10544.43 rows=14615 width=18) (actual rows=29537 loops=1)
        Group Key: person.email
        Filter: (count(person.email) > 1)
        Batches: 5  Memory Usage: 4657kB  Disk Usage: 1736kB
        Rows Removed by Filter: 22328
        Buffers: shared hit=637, temp read=195 written=360
        ->  Seq Scan on person  (cost=0.00..1637.00 rows=100000 width=18) (actual rows=100000 loops=1)
              Buffers: shared hit=637
Planning Time: 0.167 ms
Execution Time: 67.334 ms",68.903,10729.11,29537,"HashAggregate  (cost=10727.11..10729.11 rows=200 width=18) (actual rows=29537 loops=1)
  Group Key: person.email
  Batches: 2  Memory Usage: 4161kB  Disk Usage: 8kB
  Buffers: shared hit=637, temp read=196 written=361
  ->  HashAggregate  (cost=8824.50..10544.43 rows=14615 width=18) (actual rows=29537 loops=1)
        Group Key: person.email
        Filter: (count(person.email) > 1)
        Batches: 5  Memory Usage: 4657kB  Disk Usage: 1736kB
        Rows Removed by Filter: 22328
        Buffers: shared hit=637, temp read=195 written=360
        ->  Seq Scan on person  (cost=0.00..1637.00 rows=100000 width=18) (actual rows=100000 loops=1)
              Buffers: shared hit=637
Planning Time: 0.087 ms
Execution Time: 68.903 ms",67.91,10729.11,29537,"HashAggregate  (cost=10727.11..10729.11 rows=200 width=18) (actual rows=29537 loops=1)
  Group Key: person.email
  Batches: 2  Memory Usage: 4161kB  Disk Usage: 8kB
  Buffers: shared hit=637, temp read=196 written=361
  ->  HashAggregate  (cost=8824.50..10544.43 rows=14615 width=18) (actual rows=29537 loops=1)
        Group Key: person.email
        Filter: (count(person.email) > 1)
        Batches: 5  Memory Usage: 4657kB  Disk Usage: 1736kB
        Rows Removed by Filter: 22328
        Buffers: shared hit=637, temp read=195 written=360
        ->  Seq Scan on person  (cost=0.00..1637.00 rows=100000 width=18) (actual rows=100000 loops=1)
              Buffers: shared hit=637
Planning Time: 0.094 ms
Execution Time: 67.910 ms",67.1418,67.334,68.4065,69.3002,10729.11,10729.11,29537,29537,29537,29537,normal,normal,2.3621207000000037,30.05058129999997,equal variances,significant,0.015873015873015872,-7.891400000000004,-9.630000000000003,-184.6800000000003,0,True
157,182,196,Easy,select t_person_0.email as email from schema_182.person as t_person_0 group by t_person_0.email having 1 < count(t_person_0.id),50.96,10544.43,29537,"HashAggregate  (cost=8824.50..10544.43 rows=14615 width=18) (actual rows=29537 loops=1)
  Group Key: email
  Filter: (1 < count(id))
  Batches: 5  Memory Usage: 4657kB  Disk Usage: 1776kB
  Rows Removed by Filter: 22328
  Buffers: shared hit=637, temp read=215 written=380
  ->  Seq Scan on person t_person_0  (cost=0.00..1637.00 rows=100000 width=22) (actual rows=100000 loops=1)
        Buffers: shared hit=637
Planning Time: 0.064 ms
Execution Time: 50.960 ms",60.354,10544.43,29537,"HashAggregate  (cost=8824.50..10544.43 rows=14615 width=18) (actual rows=29537 loops=1)
  Group Key: email
  Filter: (1 < count(id))
  Batches: 5  Memory Usage: 4657kB  Disk Usage: 1776kB
  Rows Removed by Filter: 22328
  Buffers: shared hit=637, temp read=215 written=380
  ->  Seq Scan on person t_person_0  (cost=0.00..1637.00 rows=100000 width=22) (actual rows=100000 loops=1)
        Buffers: shared hit=637
Planning Time: 0.070 ms
Execution Time: 60.354 ms",57.084,10544.43,29537,"HashAggregate  (cost=8824.50..10544.43 rows=14615 width=18) (actual rows=29537 loops=1)
  Group Key: email
  Filter: (1 < count(id))
  Batches: 5  Memory Usage: 4657kB  Disk Usage: 1776kB
  Rows Removed by Filter: 22328
  Buffers: shared hit=637, temp read=215 written=380
  ->  Seq Scan on person t_person_0  (cost=0.00..1637.00 rows=100000 width=22) (actual rows=100000 loops=1)
        Buffers: shared hit=637
Planning Time: 0.059 ms
Execution Time: 57.084 ms",59.977,10544.43,29537,"HashAggregate  (cost=8824.50..10544.43 rows=14615 width=18) (actual rows=29537 loops=1)
  Group Key: email
  Filter: (1 < count(id))
  Batches: 5  Memory Usage: 4657kB  Disk Usage: 1776kB
  Rows Removed by Filter: 22328
  Buffers: shared hit=637, temp read=215 written=380
  ->  Seq Scan on person t_person_0  (cost=0.00..1637.00 rows=100000 width=22) (actual rows=100000 loops=1)
        Buffers: shared hit=637
Planning Time: 0.067 ms
Execution Time: 59.977 ms",58.272,10544.43,29537,"HashAggregate  (cost=8824.50..10544.43 rows=14615 width=18) (actual rows=29537 loops=1)
  Group Key: email
  Filter: (1 < count(id))
  Batches: 5  Memory Usage: 4657kB  Disk Usage: 1776kB
  Rows Removed by Filter: 22328
  Buffers: shared hit=637, temp read=215 written=380
  ->  Seq Scan on person t_person_0  (cost=0.00..1637.00 rows=100000 width=22) (actual rows=100000 loops=1)
        Buffers: shared hit=637
Planning Time: 0.065 ms
Execution Time: 58.272 ms",57.3294,58.272,60.1655,60.5048,10544.43,10544.43,29537,29537,29537,29537,182_196,157,182,196,Easy,"select distinct email from (select email, count(id) as cnt from schema_182.person group by email) as tb1 where cnt > 1",60.443,10729.11,29537,"HashAggregate  (cost=10727.11..10729.11 rows=200 width=18) (actual rows=29537 loops=1)
  Group Key: person.email
  Batches: 2  Memory Usage: 4161kB  Disk Usage: 8kB
  Buffers: shared hit=637, temp read=216 written=381
  ->  HashAggregate  (cost=8824.50..10544.43 rows=14615 width=26) (actual rows=29537 loops=1)
        Group Key: person.email
        Filter: (count(person.id) > 1)
        Batches: 5  Memory Usage: 4657kB  Disk Usage: 1776kB
        Rows Removed by Filter: 22328
        Buffers: shared hit=637, temp read=215 written=380
        ->  Seq Scan on person  (cost=0.00..1637.00 rows=100000 width=22) (actual rows=100000 loops=1)
              Buffers: shared hit=637
Planning Time: 0.077 ms
Execution Time: 60.443 ms",71.733,10729.11,29537,"HashAggregate  (cost=10727.11..10729.11 rows=200 width=18) (actual rows=29537 loops=1)
  Group Key: person.email
  Batches: 2  Memory Usage: 4161kB  Disk Usage: 8kB
  Buffers: shared hit=637, temp read=216 written=381
  ->  HashAggregate  (cost=8824.50..10544.43 rows=14615 width=26) (actual rows=29537 loops=1)
        Group Key: person.email
        Filter: (count(person.id) > 1)
        Batches: 5  Memory Usage: 4657kB  Disk Usage: 1776kB
        Rows Removed by Filter: 22328
        Buffers: shared hit=637, temp read=215 written=380
        ->  Seq Scan on person  (cost=0.00..1637.00 rows=100000 width=22) (actual rows=100000 loops=1)
              Buffers: shared hit=637
Planning Time: 0.216 ms
Execution Time: 71.733 ms",66.465,10729.11,29537,"HashAggregate  (cost=10727.11..10729.11 rows=200 width=18) (actual rows=29537 loops=1)
  Group Key: person.email
  Batches: 2  Memory Usage: 4161kB  Disk Usage: 8kB
  Buffers: shared hit=637, temp read=216 written=381
  ->  HashAggregate  (cost=8824.50..10544.43 rows=14615 width=26) (actual rows=29537 loops=1)
        Group Key: person.email
        Filter: (count(person.id) > 1)
        Batches: 5  Memory Usage: 4657kB  Disk Usage: 1776kB
        Rows Removed by Filter: 22328
        Buffers: shared hit=637, temp read=215 written=380
        ->  Seq Scan on person  (cost=0.00..1637.00 rows=100000 width=22) (actual rows=100000 loops=1)
              Buffers: shared hit=637
Planning Time: 0.122 ms
Execution Time: 66.465 ms",66.323,10729.11,29537,"HashAggregate  (cost=10727.11..10729.11 rows=200 width=18) (actual rows=29537 loops=1)
  Group Key: person.email
  Batches: 2  Memory Usage: 4161kB  Disk Usage: 8kB
  Buffers: shared hit=637, temp read=216 written=381
  ->  HashAggregate  (cost=8824.50..10544.43 rows=14615 width=26) (actual rows=29537 loops=1)
        Group Key: person.email
        Filter: (count(person.id) > 1)
        Batches: 5  Memory Usage: 4657kB  Disk Usage: 1776kB
        Rows Removed by Filter: 22328
        Buffers: shared hit=637, temp read=215 written=380
        ->  Seq Scan on person  (cost=0.00..1637.00 rows=100000 width=22) (actual rows=100000 loops=1)
              Buffers: shared hit=637
Planning Time: 0.102 ms
Execution Time: 66.323 ms",70.834,10729.11,29537,"HashAggregate  (cost=10727.11..10729.11 rows=200 width=18) (actual rows=29537 loops=1)
  Group Key: person.email
  Batches: 2  Memory Usage: 4161kB  Disk Usage: 8kB
  Buffers: shared hit=637, temp read=216 written=381
  ->  HashAggregate  (cost=8824.50..10544.43 rows=14615 width=26) (actual rows=29537 loops=1)
        Group Key: person.email
        Filter: (count(person.id) > 1)
        Batches: 5  Memory Usage: 4657kB  Disk Usage: 1776kB
        Rows Removed by Filter: 22328
        Buffers: shared hit=637, temp read=215 written=380
        ->  Seq Scan on person  (cost=0.00..1637.00 rows=100000 width=22) (actual rows=100000 loops=1)
              Buffers: shared hit=637
Planning Time: 0.099 ms
Execution Time: 70.834 ms",67.1596,66.465,71.2835,72.0926,10729.11,10729.11,29537,29537,29537,29537,normal,normal,20.178071800000026,14.41899079999999,equal variances,significant,0.003968253968253968,-9.830199999999998,-8.193000000000005,-184.6800000000003,0,True
158,182,198,Easy,select t_person_0.email as email from schema_182.person as t_person_0 group by t_person_0.email having 1 < count(t_person_0.email),52.406,10544.43,29537,"HashAggregate  (cost=8824.50..10544.43 rows=14615 width=18) (actual rows=29537 loops=1)
  Group Key: email
  Filter: (1 < count(email))
  Batches: 5  Memory Usage: 4657kB  Disk Usage: 1736kB
  Rows Removed by Filter: 22328
  Buffers: shared hit=637, temp read=195 written=360
  ->  Seq Scan on person t_person_0  (cost=0.00..1637.00 rows=100000 width=18) (actual rows=100000 loops=1)
        Buffers: shared hit=637
Planning Time: 0.061 ms
Execution Time: 52.406 ms",58.037,10544.43,29537,"HashAggregate  (cost=8824.50..10544.43 rows=14615 width=18) (actual rows=29537 loops=1)
  Group Key: email
  Filter: (1 < count(email))
  Batches: 5  Memory Usage: 4657kB  Disk Usage: 1736kB
  Rows Removed by Filter: 22328
  Buffers: shared hit=637, temp read=195 written=360
  ->  Seq Scan on person t_person_0  (cost=0.00..1637.00 rows=100000 width=18) (actual rows=100000 loops=1)
        Buffers: shared hit=637
Planning Time: 0.061 ms
Execution Time: 58.037 ms",59.242,10544.43,29537,"HashAggregate  (cost=8824.50..10544.43 rows=14615 width=18) (actual rows=29537 loops=1)
  Group Key: email
  Filter: (1 < count(email))
  Batches: 5  Memory Usage: 4657kB  Disk Usage: 1736kB
  Rows Removed by Filter: 22328
  Buffers: shared hit=637, temp read=195 written=360
  ->  Seq Scan on person t_person_0  (cost=0.00..1637.00 rows=100000 width=18) (actual rows=100000 loops=1)
        Buffers: shared hit=637
Planning Time: 0.058 ms
Execution Time: 59.242 ms",61.004,10544.43,29537,"HashAggregate  (cost=8824.50..10544.43 rows=14615 width=18) (actual rows=29537 loops=1)
  Group Key: email
  Filter: (1 < count(email))
  Batches: 5  Memory Usage: 4657kB  Disk Usage: 1736kB
  Rows Removed by Filter: 22328
  Buffers: shared hit=637, temp read=195 written=360
  ->  Seq Scan on person t_person_0  (cost=0.00..1637.00 rows=100000 width=18) (actual rows=100000 loops=1)
        Buffers: shared hit=637
Planning Time: 0.073 ms
Execution Time: 61.004 ms",57.219,10544.43,29537,"HashAggregate  (cost=8824.50..10544.43 rows=14615 width=18) (actual rows=29537 loops=1)
  Group Key: email
  Filter: (1 < count(email))
  Batches: 5  Memory Usage: 4657kB  Disk Usage: 1736kB
  Rows Removed by Filter: 22328
  Buffers: shared hit=637, temp read=195 written=360
  ->  Seq Scan on person t_person_0  (cost=0.00..1637.00 rows=100000 width=18) (actual rows=100000 loops=1)
        Buffers: shared hit=637
Planning Time: 0.075 ms
Execution Time: 57.219 ms",57.5816,58.037,60.123,61.7088,10544.43,10544.43,29537,29537,29537,29537,182_198,158,182,198,Easy,"select email from (select email, count(email) as a from schema_182.person group by email) as t where a > 1",54.578,10690.58,29537,"Subquery Scan on t  (cost=8824.50..10690.58 rows=14615 width=18) (actual rows=29537 loops=1)
  Buffers: shared hit=637, temp read=195 written=360
  ->  HashAggregate  (cost=8824.50..10544.43 rows=14615 width=26) (actual rows=29537 loops=1)
        Group Key: person.email
        Filter: (count(person.email) > 1)
        Batches: 5  Memory Usage: 4657kB  Disk Usage: 1736kB
        Rows Removed by Filter: 22328
        Buffers: shared hit=637, temp read=195 written=360
        ->  Seq Scan on person  (cost=0.00..1637.00 rows=100000 width=18) (actual rows=100000 loops=1)
              Buffers: shared hit=637
Planning Time: 0.058 ms
Execution Time: 54.578 ms",68.801,10690.58,29537,"Subquery Scan on t  (cost=8824.50..10690.58 rows=14615 width=18) (actual rows=29537 loops=1)
  Buffers: shared hit=637, temp read=195 written=360
  ->  HashAggregate  (cost=8824.50..10544.43 rows=14615 width=26) (actual rows=29537 loops=1)
        Group Key: person.email
        Filter: (count(person.email) > 1)
        Batches: 5  Memory Usage: 4657kB  Disk Usage: 1736kB
        Rows Removed by Filter: 22328
        Buffers: shared hit=637, temp read=195 written=360
        ->  Seq Scan on person  (cost=0.00..1637.00 rows=100000 width=18) (actual rows=100000 loops=1)
              Buffers: shared hit=637
Planning Time: 0.087 ms
Execution Time: 68.801 ms",61.486,10690.58,29537,"Subquery Scan on t  (cost=8824.50..10690.58 rows=14615 width=18) (actual rows=29537 loops=1)
  Buffers: shared hit=637, temp read=195 written=360
  ->  HashAggregate  (cost=8824.50..10544.43 rows=14615 width=26) (actual rows=29537 loops=1)
        Group Key: person.email
        Filter: (count(person.email) > 1)
        Batches: 5  Memory Usage: 4657kB  Disk Usage: 1736kB
        Rows Removed by Filter: 22328
        Buffers: shared hit=637, temp read=195 written=360
        ->  Seq Scan on person  (cost=0.00..1637.00 rows=100000 width=18) (actual rows=100000 loops=1)
              Buffers: shared hit=637
Planning Time: 0.097 ms
Execution Time: 61.486 ms",59.151,10690.58,29537,"Subquery Scan on t  (cost=8824.50..10690.58 rows=14615 width=18) (actual rows=29537 loops=1)
  Buffers: shared hit=637, temp read=195 written=360
  ->  HashAggregate  (cost=8824.50..10544.43 rows=14615 width=26) (actual rows=29537 loops=1)
        Group Key: person.email
        Filter: (count(person.email) > 1)
        Batches: 5  Memory Usage: 4657kB  Disk Usage: 1736kB
        Rows Removed by Filter: 22328
        Buffers: shared hit=637, temp read=195 written=360
        ->  Seq Scan on person  (cost=0.00..1637.00 rows=100000 width=18) (actual rows=100000 loops=1)
              Buffers: shared hit=637
Planning Time: 0.086 ms
Execution Time: 59.151 ms",60.13,10690.58,29537,"Subquery Scan on t  (cost=8824.50..10690.58 rows=14615 width=18) (actual rows=29537 loops=1)
  Buffers: shared hit=637, temp read=195 written=360
  ->  HashAggregate  (cost=8824.50..10544.43 rows=14615 width=26) (actual rows=29537 loops=1)
        Group Key: person.email
        Filter: (count(person.email) > 1)
        Batches: 5  Memory Usage: 4657kB  Disk Usage: 1736kB
        Rows Removed by Filter: 22328
        Buffers: shared hit=637, temp read=195 written=360
        ->  Seq Scan on person  (cost=0.00..1637.00 rows=100000 width=18) (actual rows=100000 loops=1)
              Buffers: shared hit=637
Planning Time: 0.068 ms
Execution Time: 60.130 ms",60.8292,60.13,65.1435,71.727,10690.58,10690.58,29537,29537,29537,29537,normal,normal,26.590929699999993,10.398863299999997,equal variances,not significant,0.15476190476190477,-3.2475999999999985,-2.0930000000000035,-146.14999999999964,0,True
159,182,200,Easy,select t_person_0.email as email from schema_182.person as t_person_0 group by t_person_0.email having 1 < count(t_person_0.email),54.234,10544.43,29537,"HashAggregate  (cost=8824.50..10544.43 rows=14615 width=18) (actual rows=29537 loops=1)
  Group Key: email
  Filter: (1 < count(email))
  Batches: 5  Memory Usage: 4657kB  Disk Usage: 1736kB
  Rows Removed by Filter: 22328
  Buffers: shared hit=637, temp read=195 written=360
  ->  Seq Scan on person t_person_0  (cost=0.00..1637.00 rows=100000 width=18) (actual rows=100000 loops=1)
        Buffers: shared hit=637
Planning Time: 0.046 ms
Execution Time: 54.234 ms",58.925,10544.43,29537,"HashAggregate  (cost=8824.50..10544.43 rows=14615 width=18) (actual rows=29537 loops=1)
  Group Key: email
  Filter: (1 < count(email))
  Batches: 5  Memory Usage: 4657kB  Disk Usage: 1736kB
  Rows Removed by Filter: 22328
  Buffers: shared hit=637, temp read=195 written=360
  ->  Seq Scan on person t_person_0  (cost=0.00..1637.00 rows=100000 width=18) (actual rows=100000 loops=1)
        Buffers: shared hit=637
Planning Time: 0.069 ms
Execution Time: 58.925 ms",58.011,10544.43,29537,"HashAggregate  (cost=8824.50..10544.43 rows=14615 width=18) (actual rows=29537 loops=1)
  Group Key: email
  Filter: (1 < count(email))
  Batches: 5  Memory Usage: 4657kB  Disk Usage: 1736kB
  Rows Removed by Filter: 22328
  Buffers: shared hit=637, temp read=195 written=360
  ->  Seq Scan on person t_person_0  (cost=0.00..1637.00 rows=100000 width=18) (actual rows=100000 loops=1)
        Buffers: shared hit=637
Planning Time: 0.069 ms
Execution Time: 58.011 ms",57.421,10544.43,29537,"HashAggregate  (cost=8824.50..10544.43 rows=14615 width=18) (actual rows=29537 loops=1)
  Group Key: email
  Filter: (1 < count(email))
  Batches: 5  Memory Usage: 4657kB  Disk Usage: 1736kB
  Rows Removed by Filter: 22328
  Buffers: shared hit=637, temp read=195 written=360
  ->  Seq Scan on person t_person_0  (cost=0.00..1637.00 rows=100000 width=18) (actual rows=100000 loops=1)
        Buffers: shared hit=637
Planning Time: 0.065 ms
Execution Time: 57.421 ms",59.708,10544.43,29537,"HashAggregate  (cost=8824.50..10544.43 rows=14615 width=18) (actual rows=29537 loops=1)
  Group Key: email
  Filter: (1 < count(email))
  Batches: 5  Memory Usage: 4657kB  Disk Usage: 1736kB
  Rows Removed by Filter: 22328
  Buffers: shared hit=637, temp read=195 written=360
  ->  Seq Scan on person t_person_0  (cost=0.00..1637.00 rows=100000 width=18) (actual rows=100000 loops=1)
        Buffers: shared hit=637
Planning Time: 0.063 ms
Execution Time: 59.708 ms",57.6598,58.011,59.3165,60.0212,10544.43,10544.43,29537,29537,29537,29537,182_200,159,182,200,Easy,"select email from (select email, count(email) as cnt from schema_182.person group by email) as temp where cnt > 1",53.77,10690.58,29537,"Subquery Scan on temp  (cost=8824.50..10690.58 rows=14615 width=18) (actual rows=29537 loops=1)
  Buffers: shared hit=637, temp read=195 written=360
  ->  HashAggregate  (cost=8824.50..10544.43 rows=14615 width=26) (actual rows=29537 loops=1)
        Group Key: person.email
        Filter: (count(person.email) > 1)
        Batches: 5  Memory Usage: 4657kB  Disk Usage: 1736kB
        Rows Removed by Filter: 22328
        Buffers: shared hit=637, temp read=195 written=360
        ->  Seq Scan on person  (cost=0.00..1637.00 rows=100000 width=18) (actual rows=100000 loops=1)
              Buffers: shared hit=637
Planning Time: 0.059 ms
Execution Time: 53.770 ms",60.933,10690.58,29537,"Subquery Scan on temp  (cost=8824.50..10690.58 rows=14615 width=18) (actual rows=29537 loops=1)
  Buffers: shared hit=637, temp read=195 written=360
  ->  HashAggregate  (cost=8824.50..10544.43 rows=14615 width=26) (actual rows=29537 loops=1)
        Group Key: person.email
        Filter: (count(person.email) > 1)
        Batches: 5  Memory Usage: 4657kB  Disk Usage: 1736kB
        Rows Removed by Filter: 22328
        Buffers: shared hit=637, temp read=195 written=360
        ->  Seq Scan on person  (cost=0.00..1637.00 rows=100000 width=18) (actual rows=100000 loops=1)
              Buffers: shared hit=637
Planning Time: 0.081 ms
Execution Time: 60.933 ms",57.267,10690.58,29537,"Subquery Scan on temp  (cost=8824.50..10690.58 rows=14615 width=18) (actual rows=29537 loops=1)
  Buffers: shared hit=637, temp read=195 written=360
  ->  HashAggregate  (cost=8824.50..10544.43 rows=14615 width=26) (actual rows=29537 loops=1)
        Group Key: person.email
        Filter: (count(person.email) > 1)
        Batches: 5  Memory Usage: 4657kB  Disk Usage: 1736kB
        Rows Removed by Filter: 22328
        Buffers: shared hit=637, temp read=195 written=360
        ->  Seq Scan on person  (cost=0.00..1637.00 rows=100000 width=18) (actual rows=100000 loops=1)
              Buffers: shared hit=637
Planning Time: 0.100 ms
Execution Time: 57.267 ms",59.049,10690.58,29537,"Subquery Scan on temp  (cost=8824.50..10690.58 rows=14615 width=18) (actual rows=29537 loops=1)
  Buffers: shared hit=637, temp read=195 written=360
  ->  HashAggregate  (cost=8824.50..10544.43 rows=14615 width=26) (actual rows=29537 loops=1)
        Group Key: person.email
        Filter: (count(person.email) > 1)
        Batches: 5  Memory Usage: 4657kB  Disk Usage: 1736kB
        Rows Removed by Filter: 22328
        Buffers: shared hit=637, temp read=195 written=360
        ->  Seq Scan on person  (cost=0.00..1637.00 rows=100000 width=18) (actual rows=100000 loops=1)
              Buffers: shared hit=637
Planning Time: 0.096 ms
Execution Time: 59.049 ms",59.324,10690.58,29537,"Subquery Scan on temp  (cost=8824.50..10690.58 rows=14615 width=18) (actual rows=29537 loops=1)
  Buffers: shared hit=637, temp read=195 written=360
  ->  HashAggregate  (cost=8824.50..10544.43 rows=14615 width=26) (actual rows=29537 loops=1)
        Group Key: person.email
        Filter: (count(person.email) > 1)
        Batches: 5  Memory Usage: 4657kB  Disk Usage: 1736kB
        Rows Removed by Filter: 22328
        Buffers: shared hit=637, temp read=195 written=360
        ->  Seq Scan on person  (cost=0.00..1637.00 rows=100000 width=18) (actual rows=100000 loops=1)
              Buffers: shared hit=637
Planning Time: 0.089 ms
Execution Time: 59.324 ms",58.0686,59.049,60.1285,61.5766,10690.58,10690.58,29537,29537,29537,29537,normal,normal,7.465631299999991,4.428081699999995,equal variances,not significant,0.42063492063492064,-0.4088000000000065,-1.0379999999999967,-146.14999999999964,0,True
160,182,206,Easy,select t_person_0.email as email from schema_182.person as t_person_0 group by t_person_0.email having 1 < count(t_person_0.email),55.249,10544.43,29537,"HashAggregate  (cost=8824.50..10544.43 rows=14615 width=18) (actual rows=29537 loops=1)
  Group Key: email
  Filter: (1 < count(email))
  Batches: 5  Memory Usage: 4657kB  Disk Usage: 1736kB
  Rows Removed by Filter: 22328
  Buffers: shared hit=637, temp read=195 written=360
  ->  Seq Scan on person t_person_0  (cost=0.00..1637.00 rows=100000 width=18) (actual rows=100000 loops=1)
        Buffers: shared hit=637
Planning Time: 0.063 ms
Execution Time: 55.249 ms",59.076,10544.43,29537,"HashAggregate  (cost=8824.50..10544.43 rows=14615 width=18) (actual rows=29537 loops=1)
  Group Key: email
  Filter: (1 < count(email))
  Batches: 5  Memory Usage: 4657kB  Disk Usage: 1736kB
  Rows Removed by Filter: 22328
  Buffers: shared hit=637, temp read=195 written=360
  ->  Seq Scan on person t_person_0  (cost=0.00..1637.00 rows=100000 width=18) (actual rows=100000 loops=1)
        Buffers: shared hit=637
Planning Time: 0.065 ms
Execution Time: 59.076 ms",55.865,10544.43,29537,"HashAggregate  (cost=8824.50..10544.43 rows=14615 width=18) (actual rows=29537 loops=1)
  Group Key: email
  Filter: (1 < count(email))
  Batches: 5  Memory Usage: 4657kB  Disk Usage: 1736kB
  Rows Removed by Filter: 22328
  Buffers: shared hit=637, temp read=195 written=360
  ->  Seq Scan on person t_person_0  (cost=0.00..1637.00 rows=100000 width=18) (actual rows=100000 loops=1)
        Buffers: shared hit=637
Planning Time: 0.099 ms
Execution Time: 55.865 ms",61.4,10544.43,29537,"HashAggregate  (cost=8824.50..10544.43 rows=14615 width=18) (actual rows=29537 loops=1)
  Group Key: email
  Filter: (1 < count(email))
  Batches: 5  Memory Usage: 4657kB  Disk Usage: 1736kB
  Rows Removed by Filter: 22328
  Buffers: shared hit=637, temp read=195 written=360
  ->  Seq Scan on person t_person_0  (cost=0.00..1637.00 rows=100000 width=18) (actual rows=100000 loops=1)
        Buffers: shared hit=637
Planning Time: 0.064 ms
Execution Time: 61.400 ms",62.162,10544.43,29537,"HashAggregate  (cost=8824.50..10544.43 rows=14615 width=18) (actual rows=29537 loops=1)
  Group Key: email
  Filter: (1 < count(email))
  Batches: 5  Memory Usage: 4657kB  Disk Usage: 1736kB
  Rows Removed by Filter: 22328
  Buffers: shared hit=637, temp read=195 written=360
  ->  Seq Scan on person t_person_0  (cost=0.00..1637.00 rows=100000 width=18) (actual rows=100000 loops=1)
        Buffers: shared hit=637
Planning Time: 0.059 ms
Execution Time: 62.162 ms",58.7504,59.076,61.781,62.4668,10544.43,10544.43,29537,29537,29537,29537,182_206,160,182,206,Easy,"select email from (select email, count(email) as countemail from schema_182.person group by email) as c where countemail > 1",57.426,10690.58,29537,"Subquery Scan on c  (cost=8824.50..10690.58 rows=14615 width=18) (actual rows=29537 loops=1)
  Buffers: shared hit=637, temp read=195 written=360
  ->  HashAggregate  (cost=8824.50..10544.43 rows=14615 width=26) (actual rows=29537 loops=1)
        Group Key: person.email
        Filter: (count(person.email) > 1)
        Batches: 5  Memory Usage: 4657kB  Disk Usage: 1736kB
        Rows Removed by Filter: 22328
        Buffers: shared hit=637, temp read=195 written=360
        ->  Seq Scan on person  (cost=0.00..1637.00 rows=100000 width=18) (actual rows=100000 loops=1)
              Buffers: shared hit=637
Planning Time: 0.070 ms
Execution Time: 57.426 ms",59.119,10690.58,29537,"Subquery Scan on c  (cost=8824.50..10690.58 rows=14615 width=18) (actual rows=29537 loops=1)
  Buffers: shared hit=637, temp read=195 written=360
  ->  HashAggregate  (cost=8824.50..10544.43 rows=14615 width=26) (actual rows=29537 loops=1)
        Group Key: person.email
        Filter: (count(person.email) > 1)
        Batches: 5  Memory Usage: 4657kB  Disk Usage: 1736kB
        Rows Removed by Filter: 22328
        Buffers: shared hit=637, temp read=195 written=360
        ->  Seq Scan on person  (cost=0.00..1637.00 rows=100000 width=18) (actual rows=100000 loops=1)
              Buffers: shared hit=637
Planning Time: 0.147 ms
Execution Time: 59.119 ms",57.092,10690.58,29537,"Subquery Scan on c  (cost=8824.50..10690.58 rows=14615 width=18) (actual rows=29537 loops=1)
  Buffers: shared hit=637, temp read=195 written=360
  ->  HashAggregate  (cost=8824.50..10544.43 rows=14615 width=26) (actual rows=29537 loops=1)
        Group Key: person.email
        Filter: (count(person.email) > 1)
        Batches: 5  Memory Usage: 4657kB  Disk Usage: 1736kB
        Rows Removed by Filter: 22328
        Buffers: shared hit=637, temp read=195 written=360
        ->  Seq Scan on person  (cost=0.00..1637.00 rows=100000 width=18) (actual rows=100000 loops=1)
              Buffers: shared hit=637
Planning Time: 0.085 ms
Execution Time: 57.092 ms",60.424,10690.58,29537,"Subquery Scan on c  (cost=8824.50..10690.58 rows=14615 width=18) (actual rows=29537 loops=1)
  Buffers: shared hit=637, temp read=195 written=360
  ->  HashAggregate  (cost=8824.50..10544.43 rows=14615 width=26) (actual rows=29537 loops=1)
        Group Key: person.email
        Filter: (count(person.email) > 1)
        Batches: 5  Memory Usage: 4657kB  Disk Usage: 1736kB
        Rows Removed by Filter: 22328
        Buffers: shared hit=637, temp read=195 written=360
        ->  Seq Scan on person  (cost=0.00..1637.00 rows=100000 width=18) (actual rows=100000 loops=1)
              Buffers: shared hit=637
Planning Time: 0.087 ms
Execution Time: 60.424 ms",61.479,10690.58,29537,"Subquery Scan on c  (cost=8824.50..10690.58 rows=14615 width=18) (actual rows=29537 loops=1)
  Buffers: shared hit=637, temp read=195 written=360
  ->  HashAggregate  (cost=8824.50..10544.43 rows=14615 width=26) (actual rows=29537 loops=1)
        Group Key: person.email
        Filter: (count(person.email) > 1)
        Batches: 5  Memory Usage: 4657kB  Disk Usage: 1736kB
        Rows Removed by Filter: 22328
        Buffers: shared hit=637, temp read=195 written=360
        ->  Seq Scan on person  (cost=0.00..1637.00 rows=100000 width=18) (actual rows=100000 loops=1)
              Buffers: shared hit=637
Planning Time: 0.082 ms
Execution Time: 61.479 ms",59.108,59.119,60.9515,61.901,10690.58,10690.58,29537,29537,29537,29537,normal,normal,3.5617494999999986,9.83768629999999,equal variances,not significant,0.42063492063492064,-0.3575999999999979,-0.04299999999999926,-146.14999999999964,0,True
161,182,207,Easy,select t_person_0.email as email from schema_182.person as t_person_0 group by t_person_0.email having 1 < count(t_person_0.email),57.536,10544.43,29537,"HashAggregate  (cost=8824.50..10544.43 rows=14615 width=18) (actual rows=29537 loops=1)
  Group Key: email
  Filter: (1 < count(email))
  Batches: 5  Memory Usage: 4657kB  Disk Usage: 1736kB
  Rows Removed by Filter: 22328
  Buffers: shared hit=637, temp read=195 written=360
  ->  Seq Scan on person t_person_0  (cost=0.00..1637.00 rows=100000 width=18) (actual rows=100000 loops=1)
        Buffers: shared hit=637
Planning Time: 0.064 ms
Execution Time: 57.536 ms",57.883,10544.43,29537,"HashAggregate  (cost=8824.50..10544.43 rows=14615 width=18) (actual rows=29537 loops=1)
  Group Key: email
  Filter: (1 < count(email))
  Batches: 5  Memory Usage: 4657kB  Disk Usage: 1736kB
  Rows Removed by Filter: 22328
  Buffers: shared hit=637, temp read=195 written=360
  ->  Seq Scan on person t_person_0  (cost=0.00..1637.00 rows=100000 width=18) (actual rows=100000 loops=1)
        Buffers: shared hit=637
Planning Time: 0.068 ms
Execution Time: 57.883 ms",56.349,10544.43,29537,"HashAggregate  (cost=8824.50..10544.43 rows=14615 width=18) (actual rows=29537 loops=1)
  Group Key: email
  Filter: (1 < count(email))
  Batches: 5  Memory Usage: 4657kB  Disk Usage: 1736kB
  Rows Removed by Filter: 22328
  Buffers: shared hit=637, temp read=195 written=360
  ->  Seq Scan on person t_person_0  (cost=0.00..1637.00 rows=100000 width=18) (actual rows=100000 loops=1)
        Buffers: shared hit=637
Planning Time: 0.101 ms
Execution Time: 56.349 ms",57.884,10544.43,29537,"HashAggregate  (cost=8824.50..10544.43 rows=14615 width=18) (actual rows=29537 loops=1)
  Group Key: email
  Filter: (1 < count(email))
  Batches: 5  Memory Usage: 4657kB  Disk Usage: 1736kB
  Rows Removed by Filter: 22328
  Buffers: shared hit=637, temp read=195 written=360
  ->  Seq Scan on person t_person_0  (cost=0.00..1637.00 rows=100000 width=18) (actual rows=100000 loops=1)
        Buffers: shared hit=637
Planning Time: 0.062 ms
Execution Time: 57.884 ms",56.906,10544.43,29537,"HashAggregate  (cost=8824.50..10544.43 rows=14615 width=18) (actual rows=29537 loops=1)
  Group Key: email
  Filter: (1 < count(email))
  Batches: 5  Memory Usage: 4657kB  Disk Usage: 1736kB
  Rows Removed by Filter: 22328
  Buffers: shared hit=637, temp read=195 written=360
  ->  Seq Scan on person t_person_0  (cost=0.00..1637.00 rows=100000 width=18) (actual rows=100000 loops=1)
        Buffers: shared hit=637
Planning Time: 0.140 ms
Execution Time: 56.906 ms",57.3116,57.536,57.8835,57.8844,10544.43,10544.43,29537,29537,29537,29537,182_207,161,182,207,Easy,"select email from (select email, count(email) as num from schema_182.person group by email) as segregation where num > 1",57.953,10690.58,29537,"Subquery Scan on segregation  (cost=8824.50..10690.58 rows=14615 width=18) (actual rows=29537 loops=1)
  Buffers: shared hit=637, temp read=195 written=360
  ->  HashAggregate  (cost=8824.50..10544.43 rows=14615 width=26) (actual rows=29537 loops=1)
        Group Key: person.email
        Filter: (count(person.email) > 1)
        Batches: 5  Memory Usage: 4657kB  Disk Usage: 1736kB
        Rows Removed by Filter: 22328
        Buffers: shared hit=637, temp read=195 written=360
        ->  Seq Scan on person  (cost=0.00..1637.00 rows=100000 width=18) (actual rows=100000 loops=1)
              Buffers: shared hit=637
Planning Time: 0.059 ms
Execution Time: 57.953 ms",62.256,10690.58,29537,"Subquery Scan on segregation  (cost=8824.50..10690.58 rows=14615 width=18) (actual rows=29537 loops=1)
  Buffers: shared hit=637, temp read=195 written=360
  ->  HashAggregate  (cost=8824.50..10544.43 rows=14615 width=26) (actual rows=29537 loops=1)
        Group Key: person.email
        Filter: (count(person.email) > 1)
        Batches: 5  Memory Usage: 4657kB  Disk Usage: 1736kB
        Rows Removed by Filter: 22328
        Buffers: shared hit=637, temp read=195 written=360
        ->  Seq Scan on person  (cost=0.00..1637.00 rows=100000 width=18) (actual rows=100000 loops=1)
              Buffers: shared hit=637
Planning Time: 0.088 ms
Execution Time: 62.256 ms",56.831,10690.58,29537,"Subquery Scan on segregation  (cost=8824.50..10690.58 rows=14615 width=18) (actual rows=29537 loops=1)
  Buffers: shared hit=637, temp read=195 written=360
  ->  HashAggregate  (cost=8824.50..10544.43 rows=14615 width=26) (actual rows=29537 loops=1)
        Group Key: person.email
        Filter: (count(person.email) > 1)
        Batches: 5  Memory Usage: 4657kB  Disk Usage: 1736kB
        Rows Removed by Filter: 22328
        Buffers: shared hit=637, temp read=195 written=360
        ->  Seq Scan on person  (cost=0.00..1637.00 rows=100000 width=18) (actual rows=100000 loops=1)
              Buffers: shared hit=637
Planning Time: 0.129 ms
Execution Time: 56.831 ms",62.41,10690.58,29537,"Subquery Scan on segregation  (cost=8824.50..10690.58 rows=14615 width=18) (actual rows=29537 loops=1)
  Buffers: shared hit=637, temp read=195 written=360
  ->  HashAggregate  (cost=8824.50..10544.43 rows=14615 width=26) (actual rows=29537 loops=1)
        Group Key: person.email
        Filter: (count(person.email) > 1)
        Batches: 5  Memory Usage: 4657kB  Disk Usage: 1736kB
        Rows Removed by Filter: 22328
        Buffers: shared hit=637, temp read=195 written=360
        ->  Seq Scan on person  (cost=0.00..1637.00 rows=100000 width=18) (actual rows=100000 loops=1)
              Buffers: shared hit=637
Planning Time: 0.101 ms
Execution Time: 62.410 ms",57.704,10690.58,29537,"Subquery Scan on segregation  (cost=8824.50..10690.58 rows=14615 width=18) (actual rows=29537 loops=1)
  Buffers: shared hit=637, temp read=195 written=360
  ->  HashAggregate  (cost=8824.50..10544.43 rows=14615 width=26) (actual rows=29537 loops=1)
        Group Key: person.email
        Filter: (count(person.email) > 1)
        Batches: 5  Memory Usage: 4657kB  Disk Usage: 1736kB
        Rows Removed by Filter: 22328
        Buffers: shared hit=637, temp read=195 written=360
        ->  Seq Scan on person  (cost=0.00..1637.00 rows=100000 width=18) (actual rows=100000 loops=1)
              Buffers: shared hit=637
Planning Time: 0.081 ms
Execution Time: 57.704 ms",59.4308,57.953,62.333,62.4716,10690.58,10690.58,29537,29537,29537,29537,normal,normal,7.195519699999989,0.4489013000000029,equal variances,not significant,0.1111111111111111,-2.1191999999999993,-0.4170000000000016,-146.14999999999964,0,True
162,182,209,Easy,select t_person_0.email as email from schema_182.person as t_person_0 group by t_person_0.email having 1 < count(t_person_0.email),56.652,10544.43,29537,"HashAggregate  (cost=8824.50..10544.43 rows=14615 width=18) (actual rows=29537 loops=1)
  Group Key: email
  Filter: (1 < count(email))
  Batches: 5  Memory Usage: 4657kB  Disk Usage: 1736kB
  Rows Removed by Filter: 22328
  Buffers: shared hit=637, temp read=195 written=360
  ->  Seq Scan on person t_person_0  (cost=0.00..1637.00 rows=100000 width=18) (actual rows=100000 loops=1)
        Buffers: shared hit=637
Planning Time: 0.046 ms
Execution Time: 56.652 ms",58.029,10544.43,29537,"HashAggregate  (cost=8824.50..10544.43 rows=14615 width=18) (actual rows=29537 loops=1)
  Group Key: email
  Filter: (1 < count(email))
  Batches: 5  Memory Usage: 4657kB  Disk Usage: 1736kB
  Rows Removed by Filter: 22328
  Buffers: shared hit=637, temp read=195 written=360
  ->  Seq Scan on person t_person_0  (cost=0.00..1637.00 rows=100000 width=18) (actual rows=100000 loops=1)
        Buffers: shared hit=637
Planning Time: 0.065 ms
Execution Time: 58.029 ms",62.354,10544.43,29537,"HashAggregate  (cost=8824.50..10544.43 rows=14615 width=18) (actual rows=29537 loops=1)
  Group Key: email
  Filter: (1 < count(email))
  Batches: 5  Memory Usage: 4657kB  Disk Usage: 1736kB
  Rows Removed by Filter: 22328
  Buffers: shared hit=637, temp read=195 written=360
  ->  Seq Scan on person t_person_0  (cost=0.00..1637.00 rows=100000 width=18) (actual rows=100000 loops=1)
        Buffers: shared hit=637
Planning Time: 0.061 ms
Execution Time: 62.354 ms",57.525,10544.43,29537,"HashAggregate  (cost=8824.50..10544.43 rows=14615 width=18) (actual rows=29537 loops=1)
  Group Key: email
  Filter: (1 < count(email))
  Batches: 5  Memory Usage: 4657kB  Disk Usage: 1736kB
  Rows Removed by Filter: 22328
  Buffers: shared hit=637, temp read=195 written=360
  ->  Seq Scan on person t_person_0  (cost=0.00..1637.00 rows=100000 width=18) (actual rows=100000 loops=1)
        Buffers: shared hit=637
Planning Time: 0.103 ms
Execution Time: 57.525 ms",57.197,10544.43,29537,"HashAggregate  (cost=8824.50..10544.43 rows=14615 width=18) (actual rows=29537 loops=1)
  Group Key: email
  Filter: (1 < count(email))
  Batches: 5  Memory Usage: 4657kB  Disk Usage: 1736kB
  Rows Removed by Filter: 22328
  Buffers: shared hit=637, temp read=195 written=360
  ->  Seq Scan on person t_person_0  (cost=0.00..1637.00 rows=100000 width=18) (actual rows=100000 loops=1)
        Buffers: shared hit=637
Planning Time: 0.065 ms
Execution Time: 57.197 ms",58.3514,57.525,60.1915,64.084,10544.43,10544.43,29537,29537,29537,29537,182_209,162,182,209,Easy,"select email from (select email, count(email) as num from schema_182.person group by email) as derived where num > 1",66.171,10690.58,29537,"Subquery Scan on derived  (cost=8824.50..10690.58 rows=14615 width=18) (actual rows=29537 loops=1)
  Buffers: shared hit=637, temp read=195 written=360
  ->  HashAggregate  (cost=8824.50..10544.43 rows=14615 width=26) (actual rows=29537 loops=1)
        Group Key: person.email
        Filter: (count(person.email) > 1)
        Batches: 5  Memory Usage: 4657kB  Disk Usage: 1736kB
        Rows Removed by Filter: 22328
        Buffers: shared hit=637, temp read=195 written=360
        ->  Seq Scan on person  (cost=0.00..1637.00 rows=100000 width=18) (actual rows=100000 loops=1)
              Buffers: shared hit=637
Planning Time: 0.090 ms
Execution Time: 66.171 ms",59.945,10690.58,29537,"Subquery Scan on derived  (cost=8824.50..10690.58 rows=14615 width=18) (actual rows=29537 loops=1)
  Buffers: shared hit=637, temp read=195 written=360
  ->  HashAggregate  (cost=8824.50..10544.43 rows=14615 width=26) (actual rows=29537 loops=1)
        Group Key: person.email
        Filter: (count(person.email) > 1)
        Batches: 5  Memory Usage: 4657kB  Disk Usage: 1736kB
        Rows Removed by Filter: 22328
        Buffers: shared hit=637, temp read=195 written=360
        ->  Seq Scan on person  (cost=0.00..1637.00 rows=100000 width=18) (actual rows=100000 loops=1)
              Buffers: shared hit=637
Planning Time: 0.087 ms
Execution Time: 59.945 ms",59.683,10690.58,29537,"Subquery Scan on derived  (cost=8824.50..10690.58 rows=14615 width=18) (actual rows=29537 loops=1)
  Buffers: shared hit=637, temp read=195 written=360
  ->  HashAggregate  (cost=8824.50..10544.43 rows=14615 width=26) (actual rows=29537 loops=1)
        Group Key: person.email
        Filter: (count(person.email) > 1)
        Batches: 5  Memory Usage: 4657kB  Disk Usage: 1736kB
        Rows Removed by Filter: 22328
        Buffers: shared hit=637, temp read=195 written=360
        ->  Seq Scan on person  (cost=0.00..1637.00 rows=100000 width=18) (actual rows=100000 loops=1)
              Buffers: shared hit=637
Planning Time: 0.085 ms
Execution Time: 59.683 ms",58.094,10690.58,29537,"Subquery Scan on derived  (cost=8824.50..10690.58 rows=14615 width=18) (actual rows=29537 loops=1)
  Buffers: shared hit=637, temp read=195 written=360
  ->  HashAggregate  (cost=8824.50..10544.43 rows=14615 width=26) (actual rows=29537 loops=1)
        Group Key: person.email
        Filter: (count(person.email) > 1)
        Batches: 5  Memory Usage: 4657kB  Disk Usage: 1736kB
        Rows Removed by Filter: 22328
        Buffers: shared hit=637, temp read=195 written=360
        ->  Seq Scan on person  (cost=0.00..1637.00 rows=100000 width=18) (actual rows=100000 loops=1)
              Buffers: shared hit=637
Planning Time: 0.076 ms
Execution Time: 58.094 ms",57.602,10690.58,29537,"Subquery Scan on derived  (cost=8824.50..10690.58 rows=14615 width=18) (actual rows=29537 loops=1)
  Buffers: shared hit=637, temp read=195 written=360
  ->  HashAggregate  (cost=8824.50..10544.43 rows=14615 width=26) (actual rows=29537 loops=1)
        Group Key: person.email
        Filter: (count(person.email) > 1)
        Batches: 5  Memory Usage: 4657kB  Disk Usage: 1736kB
        Rows Removed by Filter: 22328
        Buffers: shared hit=637, temp read=195 written=360
        ->  Seq Scan on person  (cost=0.00..1637.00 rows=100000 width=18) (actual rows=100000 loops=1)
              Buffers: shared hit=637
Planning Time: 0.094 ms
Execution Time: 57.602 ms",60.299,59.683,63.058,68.6614,10690.58,10690.58,29537,29537,29537,29537,normal,not normal,11.78024750000002,5.257071299999997,equal variances,not significant,0.07539682539682539,-1.9476000000000013,-2.1580000000000013,-146.14999999999964,0,True
164,182,231,Easy,select t_person_0.email as email from schema_182.person as t_person_0 group by t_person_0.email having 1 < count(t_person_0.id),50.415,10544.43,29537,"HashAggregate  (cost=8824.50..10544.43 rows=14615 width=18) (actual rows=29537 loops=1)
  Group Key: email
  Filter: (1 < count(id))
  Batches: 5  Memory Usage: 4657kB  Disk Usage: 1776kB
  Rows Removed by Filter: 22328
  Buffers: shared hit=637, temp read=215 written=380
  ->  Seq Scan on person t_person_0  (cost=0.00..1637.00 rows=100000 width=22) (actual rows=100000 loops=1)
        Buffers: shared hit=637
Planning Time: 0.052 ms
Execution Time: 50.415 ms",57.19,10544.43,29537,"HashAggregate  (cost=8824.50..10544.43 rows=14615 width=18) (actual rows=29537 loops=1)
  Group Key: email
  Filter: (1 < count(id))
  Batches: 5  Memory Usage: 4657kB  Disk Usage: 1776kB
  Rows Removed by Filter: 22328
  Buffers: shared hit=637, temp read=215 written=380
  ->  Seq Scan on person t_person_0  (cost=0.00..1637.00 rows=100000 width=22) (actual rows=100000 loops=1)
        Buffers: shared hit=637
Planning Time: 0.064 ms
Execution Time: 57.190 ms",56.748,10544.43,29537,"HashAggregate  (cost=8824.50..10544.43 rows=14615 width=18) (actual rows=29537 loops=1)
  Group Key: email
  Filter: (1 < count(id))
  Batches: 5  Memory Usage: 4657kB  Disk Usage: 1776kB
  Rows Removed by Filter: 22328
  Buffers: shared hit=637, temp read=215 written=380
  ->  Seq Scan on person t_person_0  (cost=0.00..1637.00 rows=100000 width=22) (actual rows=100000 loops=1)
        Buffers: shared hit=637
Planning Time: 0.065 ms
Execution Time: 56.748 ms",55.281,10544.43,29537,"HashAggregate  (cost=8824.50..10544.43 rows=14615 width=18) (actual rows=29537 loops=1)
  Group Key: email
  Filter: (1 < count(id))
  Batches: 5  Memory Usage: 4657kB  Disk Usage: 1776kB
  Rows Removed by Filter: 22328
  Buffers: shared hit=637, temp read=215 written=380
  ->  Seq Scan on person t_person_0  (cost=0.00..1637.00 rows=100000 width=22) (actual rows=100000 loops=1)
        Buffers: shared hit=637
Planning Time: 0.092 ms
Execution Time: 55.281 ms",56.577,10544.43,29537,"HashAggregate  (cost=8824.50..10544.43 rows=14615 width=18) (actual rows=29537 loops=1)
  Group Key: email
  Filter: (1 < count(id))
  Batches: 5  Memory Usage: 4657kB  Disk Usage: 1776kB
  Rows Removed by Filter: 22328
  Buffers: shared hit=637, temp read=215 written=380
  ->  Seq Scan on person t_person_0  (cost=0.00..1637.00 rows=100000 width=22) (actual rows=100000 loops=1)
        Buffers: shared hit=637
Planning Time: 0.066 ms
Execution Time: 56.577 ms",55.2422,56.577,56.969,57.3668,10544.43,10544.43,29537,29537,29537,29537,182_231,164,182,231,Easy,"select tab.email from (select email, count(id) as num from schema_182.person group by email having count(id) > 1) as tab",51.946,10690.58,29537,"Subquery Scan on tab  (cost=8824.50..10690.58 rows=14615 width=18) (actual rows=29537 loops=1)
  Buffers: shared hit=637, temp read=215 written=380
  ->  HashAggregate  (cost=8824.50..10544.43 rows=14615 width=26) (actual rows=29537 loops=1)
        Group Key: person.email
        Filter: (count(person.id) > 1)
        Batches: 5  Memory Usage: 4657kB  Disk Usage: 1776kB
        Rows Removed by Filter: 22328
        Buffers: shared hit=637, temp read=215 written=380
        ->  Seq Scan on person  (cost=0.00..1637.00 rows=100000 width=22) (actual rows=100000 loops=1)
              Buffers: shared hit=637
Planning Time: 0.058 ms
Execution Time: 51.946 ms",56.081,10690.58,29537,"Subquery Scan on tab  (cost=8824.50..10690.58 rows=14615 width=18) (actual rows=29537 loops=1)
  Buffers: shared hit=637, temp read=215 written=380
  ->  HashAggregate  (cost=8824.50..10544.43 rows=14615 width=26) (actual rows=29537 loops=1)
        Group Key: person.email
        Filter: (count(person.id) > 1)
        Batches: 5  Memory Usage: 4657kB  Disk Usage: 1776kB
        Rows Removed by Filter: 22328
        Buffers: shared hit=637, temp read=215 written=380
        ->  Seq Scan on person  (cost=0.00..1637.00 rows=100000 width=22) (actual rows=100000 loops=1)
              Buffers: shared hit=637
Planning Time: 0.099 ms
Execution Time: 56.081 ms",57.264,10690.58,29537,"Subquery Scan on tab  (cost=8824.50..10690.58 rows=14615 width=18) (actual rows=29537 loops=1)
  Buffers: shared hit=637, temp read=215 written=380
  ->  HashAggregate  (cost=8824.50..10544.43 rows=14615 width=26) (actual rows=29537 loops=1)
        Group Key: person.email
        Filter: (count(person.id) > 1)
        Batches: 5  Memory Usage: 4657kB  Disk Usage: 1776kB
        Rows Removed by Filter: 22328
        Buffers: shared hit=637, temp read=215 written=380
        ->  Seq Scan on person  (cost=0.00..1637.00 rows=100000 width=22) (actual rows=100000 loops=1)
              Buffers: shared hit=637
Planning Time: 0.090 ms
Execution Time: 57.264 ms",57.205,10690.58,29537,"Subquery Scan on tab  (cost=8824.50..10690.58 rows=14615 width=18) (actual rows=29537 loops=1)
  Buffers: shared hit=637, temp read=215 written=380
  ->  HashAggregate  (cost=8824.50..10544.43 rows=14615 width=26) (actual rows=29537 loops=1)
        Group Key: person.email
        Filter: (count(person.id) > 1)
        Batches: 5  Memory Usage: 4657kB  Disk Usage: 1776kB
        Rows Removed by Filter: 22328
        Buffers: shared hit=637, temp read=215 written=380
        ->  Seq Scan on person  (cost=0.00..1637.00 rows=100000 width=22) (actual rows=100000 loops=1)
              Buffers: shared hit=637
Planning Time: 0.149 ms
Execution Time: 57.205 ms",57.102,10690.58,29537,"Subquery Scan on tab  (cost=8824.50..10690.58 rows=14615 width=18) (actual rows=29537 loops=1)
  Buffers: shared hit=637, temp read=215 written=380
  ->  HashAggregate  (cost=8824.50..10544.43 rows=14615 width=26) (actual rows=29537 loops=1)
        Group Key: person.email
        Filter: (count(person.id) > 1)
        Batches: 5  Memory Usage: 4657kB  Disk Usage: 1776kB
        Rows Removed by Filter: 22328
        Buffers: shared hit=637, temp read=215 written=380
        ->  Seq Scan on person  (cost=0.00..1637.00 rows=100000 width=22) (actual rows=100000 loops=1)
              Buffers: shared hit=637
Planning Time: 0.092 ms
Execution Time: 57.102 ms",55.9196,57.102,57.2345,57.2876,10690.58,10690.58,29537,29537,29537,29537,not normal,not normal,5.168320300000004,7.786603699999996,equal variances,not significant,0.21031746031746032,-0.6774000000000058,-0.5249999999999986,-146.14999999999964,0,True
165,182,232,Easy,select t_person_0.email as email from schema_182.person as t_person_0 group by t_person_0.email having 1 < count(t_person_0.email),54.48,10544.43,29537,"HashAggregate  (cost=8824.50..10544.43 rows=14615 width=18) (actual rows=29537 loops=1)
  Group Key: email
  Filter: (1 < count(email))
  Batches: 5  Memory Usage: 4657kB  Disk Usage: 1736kB
  Rows Removed by Filter: 22328
  Buffers: shared hit=637, temp read=195 written=360
  ->  Seq Scan on person t_person_0  (cost=0.00..1637.00 rows=100000 width=18) (actual rows=100000 loops=1)
        Buffers: shared hit=637
Planning Time: 0.085 ms
Execution Time: 54.480 ms",62.002,10544.43,29537,"HashAggregate  (cost=8824.50..10544.43 rows=14615 width=18) (actual rows=29537 loops=1)
  Group Key: email
  Filter: (1 < count(email))
  Batches: 5  Memory Usage: 4657kB  Disk Usage: 1736kB
  Rows Removed by Filter: 22328
  Buffers: shared hit=637, temp read=195 written=360
  ->  Seq Scan on person t_person_0  (cost=0.00..1637.00 rows=100000 width=18) (actual rows=100000 loops=1)
        Buffers: shared hit=637
Planning Time: 0.056 ms
Execution Time: 62.002 ms",61.26,10544.43,29537,"HashAggregate  (cost=8824.50..10544.43 rows=14615 width=18) (actual rows=29537 loops=1)
  Group Key: email
  Filter: (1 < count(email))
  Batches: 5  Memory Usage: 4657kB  Disk Usage: 1736kB
  Rows Removed by Filter: 22328
  Buffers: shared hit=637, temp read=195 written=360
  ->  Seq Scan on person t_person_0  (cost=0.00..1637.00 rows=100000 width=18) (actual rows=100000 loops=1)
        Buffers: shared hit=637
Planning Time: 0.065 ms
Execution Time: 61.260 ms",61.328,10544.43,29537,"HashAggregate  (cost=8824.50..10544.43 rows=14615 width=18) (actual rows=29537 loops=1)
  Group Key: email
  Filter: (1 < count(email))
  Batches: 5  Memory Usage: 4657kB  Disk Usage: 1736kB
  Rows Removed by Filter: 22328
  Buffers: shared hit=637, temp read=195 written=360
  ->  Seq Scan on person t_person_0  (cost=0.00..1637.00 rows=100000 width=18) (actual rows=100000 loops=1)
        Buffers: shared hit=637
Planning Time: 0.066 ms
Execution Time: 61.328 ms",61.63,10544.43,29537,"HashAggregate  (cost=8824.50..10544.43 rows=14615 width=18) (actual rows=29537 loops=1)
  Group Key: email
  Filter: (1 < count(email))
  Batches: 5  Memory Usage: 4657kB  Disk Usage: 1736kB
  Rows Removed by Filter: 22328
  Buffers: shared hit=637, temp read=195 written=360
  ->  Seq Scan on person t_person_0  (cost=0.00..1637.00 rows=100000 width=18) (actual rows=100000 loops=1)
        Buffers: shared hit=637
Planning Time: 0.062 ms
Execution Time: 61.630 ms",60.14,61.328,61.816,62.1508,10544.43,10544.43,29537,29537,29537,29537,182_232,165,182,232,Easy,"select tmp.email from (select email, count(email) as cnt from schema_182.person group by email) as tmp where tmp.cnt > 1",66.749,10690.58,29537,"Subquery Scan on tmp  (cost=8824.50..10690.58 rows=14615 width=18) (actual rows=29537 loops=1)
  Buffers: shared hit=637, temp read=195 written=360
  ->  HashAggregate  (cost=8824.50..10544.43 rows=14615 width=26) (actual rows=29537 loops=1)
        Group Key: person.email
        Filter: (count(person.email) > 1)
        Batches: 5  Memory Usage: 4657kB  Disk Usage: 1736kB
        Rows Removed by Filter: 22328
        Buffers: shared hit=637, temp read=195 written=360
        ->  Seq Scan on person  (cost=0.00..1637.00 rows=100000 width=18) (actual rows=100000 loops=1)
              Buffers: shared hit=637
Planning Time: 0.091 ms
Execution Time: 66.749 ms",57.731,10690.58,29537,"Subquery Scan on tmp  (cost=8824.50..10690.58 rows=14615 width=18) (actual rows=29537 loops=1)
  Buffers: shared hit=637, temp read=195 written=360
  ->  HashAggregate  (cost=8824.50..10544.43 rows=14615 width=26) (actual rows=29537 loops=1)
        Group Key: person.email
        Filter: (count(person.email) > 1)
        Batches: 5  Memory Usage: 4657kB  Disk Usage: 1736kB
        Rows Removed by Filter: 22328
        Buffers: shared hit=637, temp read=195 written=360
        ->  Seq Scan on person  (cost=0.00..1637.00 rows=100000 width=18) (actual rows=100000 loops=1)
              Buffers: shared hit=637
Planning Time: 0.098 ms
Execution Time: 57.731 ms",68.908,10690.58,29537,"Subquery Scan on tmp  (cost=8824.50..10690.58 rows=14615 width=18) (actual rows=29537 loops=1)
  Buffers: shared hit=637, temp read=195 written=360
  ->  HashAggregate  (cost=8824.50..10544.43 rows=14615 width=26) (actual rows=29537 loops=1)
        Group Key: person.email
        Filter: (count(person.email) > 1)
        Batches: 5  Memory Usage: 4657kB  Disk Usage: 1736kB
        Rows Removed by Filter: 22328
        Buffers: shared hit=637, temp read=195 written=360
        ->  Seq Scan on person  (cost=0.00..1637.00 rows=100000 width=18) (actual rows=100000 loops=1)
              Buffers: shared hit=637
Planning Time: 0.079 ms
Execution Time: 68.908 ms",59.028,10690.58,29537,"Subquery Scan on tmp  (cost=8824.50..10690.58 rows=14615 width=18) (actual rows=29537 loops=1)
  Buffers: shared hit=637, temp read=195 written=360
  ->  HashAggregate  (cost=8824.50..10544.43 rows=14615 width=26) (actual rows=29537 loops=1)
        Group Key: person.email
        Filter: (count(person.email) > 1)
        Batches: 5  Memory Usage: 4657kB  Disk Usage: 1736kB
        Rows Removed by Filter: 22328
        Buffers: shared hit=637, temp read=195 written=360
        ->  Seq Scan on person  (cost=0.00..1637.00 rows=100000 width=18) (actual rows=100000 loops=1)
              Buffers: shared hit=637
Planning Time: 0.104 ms
Execution Time: 59.028 ms",58.116,10690.58,29537,"Subquery Scan on tmp  (cost=8824.50..10690.58 rows=14615 width=18) (actual rows=29537 loops=1)
  Buffers: shared hit=637, temp read=195 written=360
  ->  HashAggregate  (cost=8824.50..10544.43 rows=14615 width=26) (actual rows=29537 loops=1)
        Group Key: person.email
        Filter: (count(person.email) > 1)
        Batches: 5  Memory Usage: 4657kB  Disk Usage: 1736kB
        Rows Removed by Filter: 22328
        Buffers: shared hit=637, temp read=195 written=360
        ->  Seq Scan on person  (cost=0.00..1637.00 rows=100000 width=18) (actual rows=100000 loops=1)
              Buffers: shared hit=637
Planning Time: 0.090 ms
Execution Time: 58.116 ms",62.1064,59.028,67.8285,69.7716,10690.58,10690.58,29537,29537,29537,29537,normal,not normal,28.08986529999999,10.097122000000017,equal variances,not significant,0.5,-1.9664000000000001,2.3000000000000043,-146.14999999999964,0,True
172,184,77,Medium,"select d.name as employee, t_cte_7.c_name0 as department, t_cte_7.c_salary1 as salary from schema_184.department as d inner join (select e.name as c_name0, e.departmentid as c_departmentid1, e.salary as c_salary1, max(e.salary) over ( partition by e.departmentid ) as c_1 from schema_184.employee as e) as t_cte_7 on t_cte_7.c_departmentid1 = d.id where t_cte_7.c_salary1 = t_cte_7.c_1",82.164,12920.87,100000,"Merge Join  (cost=9974.14..12920.87 rows=500 width=14) (actual rows=100000 loops=1)
  Merge Cond: (t_cte_7.c_departmentid1 = d.id)
  Buffers: shared hit=665, temp read=270 written=271
  ->  Subquery Scan on t_cte_7  (cost=9968.82..12968.82 rows=500 width=10) (actual rows=100000 loops=1)
        Filter: (t_cte_7.c_salary1 = t_cte_7.c_1)
        Buffers: shared hit=664, temp read=270 written=271
        ->  WindowAgg  (cost=9968.82..11718.82 rows=100000 width=14) (actual rows=100000 loops=1)
              Buffers: shared hit=664, temp read=270 written=271
              ->  Sort  (cost=9968.82..10218.82 rows=100000 width=10) (actual rows=100000 loops=1)
                    Sort Key: e.departmentid
                    Sort Method: external merge  Disk: 2160kB
                    Buffers: shared hit=664, temp read=270 written=271
                    ->  Seq Scan on employee e  (cost=0.00..1664.00 rows=100000 width=10) (actual rows=100000 loops=1)
                          Buffers: shared hit=664
  ->  Sort  (cost=5.32..5.57 rows=100 width=12) (actual rows=51 loops=1)
        Sort Key: d.id
        Sort Method: quicksort  Memory: 29kB
        Buffers: shared hit=1
        ->  Seq Scan on department d  (cost=0.00..2.00 rows=100 width=12) (actual rows=100 loops=1)
              Buffers: shared hit=1
Planning:
  Buffers: shared hit=4
Planning Time: 0.139 ms
Execution Time: 82.164 ms",91.343,12920.87,100000,"Merge Join  (cost=9974.14..12920.87 rows=500 width=14) (actual rows=100000 loops=1)
  Merge Cond: (t_cte_7.c_departmentid1 = d.id)
  Buffers: shared hit=665, temp read=270 written=271
  ->  Subquery Scan on t_cte_7  (cost=9968.82..12968.82 rows=500 width=10) (actual rows=100000 loops=1)
        Filter: (t_cte_7.c_salary1 = t_cte_7.c_1)
        Buffers: shared hit=664, temp read=270 written=271
        ->  WindowAgg  (cost=9968.82..11718.82 rows=100000 width=14) (actual rows=100000 loops=1)
              Buffers: shared hit=664, temp read=270 written=271
              ->  Sort  (cost=9968.82..10218.82 rows=100000 width=10) (actual rows=100000 loops=1)
                    Sort Key: e.departmentid
                    Sort Method: external merge  Disk: 2160kB
                    Buffers: shared hit=664, temp read=270 written=271
                    ->  Seq Scan on employee e  (cost=0.00..1664.00 rows=100000 width=10) (actual rows=100000 loops=1)
                          Buffers: shared hit=664
  ->  Sort  (cost=5.32..5.57 rows=100 width=12) (actual rows=51 loops=1)
        Sort Key: d.id
        Sort Method: quicksort  Memory: 29kB
        Buffers: shared hit=1
        ->  Seq Scan on department d  (cost=0.00..2.00 rows=100 width=12) (actual rows=100 loops=1)
              Buffers: shared hit=1
Planning:
  Buffers: shared hit=4
Planning Time: 0.230 ms
Execution Time: 91.343 ms",85.456,12920.87,100000,"Merge Join  (cost=9974.14..12920.87 rows=500 width=14) (actual rows=100000 loops=1)
  Merge Cond: (t_cte_7.c_departmentid1 = d.id)
  Buffers: shared hit=665, temp read=270 written=271
  ->  Subquery Scan on t_cte_7  (cost=9968.82..12968.82 rows=500 width=10) (actual rows=100000 loops=1)
        Filter: (t_cte_7.c_salary1 = t_cte_7.c_1)
        Buffers: shared hit=664, temp read=270 written=271
        ->  WindowAgg  (cost=9968.82..11718.82 rows=100000 width=14) (actual rows=100000 loops=1)
              Buffers: shared hit=664, temp read=270 written=271
              ->  Sort  (cost=9968.82..10218.82 rows=100000 width=10) (actual rows=100000 loops=1)
                    Sort Key: e.departmentid
                    Sort Method: external merge  Disk: 2160kB
                    Buffers: shared hit=664, temp read=270 written=271
                    ->  Seq Scan on employee e  (cost=0.00..1664.00 rows=100000 width=10) (actual rows=100000 loops=1)
                          Buffers: shared hit=664
  ->  Sort  (cost=5.32..5.57 rows=100 width=12) (actual rows=51 loops=1)
        Sort Key: d.id
        Sort Method: quicksort  Memory: 29kB
        Buffers: shared hit=1
        ->  Seq Scan on department d  (cost=0.00..2.00 rows=100 width=12) (actual rows=100 loops=1)
              Buffers: shared hit=1
Planning:
  Buffers: shared hit=4
Planning Time: 0.230 ms
Execution Time: 85.456 ms",89.953,12920.87,100000,"Merge Join  (cost=9974.14..12920.87 rows=500 width=14) (actual rows=100000 loops=1)
  Merge Cond: (t_cte_7.c_departmentid1 = d.id)
  Buffers: shared hit=665, temp read=270 written=271
  ->  Subquery Scan on t_cte_7  (cost=9968.82..12968.82 rows=500 width=10) (actual rows=100000 loops=1)
        Filter: (t_cte_7.c_salary1 = t_cte_7.c_1)
        Buffers: shared hit=664, temp read=270 written=271
        ->  WindowAgg  (cost=9968.82..11718.82 rows=100000 width=14) (actual rows=100000 loops=1)
              Buffers: shared hit=664, temp read=270 written=271
              ->  Sort  (cost=9968.82..10218.82 rows=100000 width=10) (actual rows=100000 loops=1)
                    Sort Key: e.departmentid
                    Sort Method: external merge  Disk: 2160kB
                    Buffers: shared hit=664, temp read=270 written=271
                    ->  Seq Scan on employee e  (cost=0.00..1664.00 rows=100000 width=10) (actual rows=100000 loops=1)
                          Buffers: shared hit=664
  ->  Sort  (cost=5.32..5.57 rows=100 width=12) (actual rows=51 loops=1)
        Sort Key: d.id
        Sort Method: quicksort  Memory: 29kB
        Buffers: shared hit=1
        ->  Seq Scan on department d  (cost=0.00..2.00 rows=100 width=12) (actual rows=100 loops=1)
              Buffers: shared hit=1
Planning:
  Buffers: shared hit=4
Planning Time: 0.244 ms
Execution Time: 89.953 ms",84.21,12920.87,100000,"Merge Join  (cost=9974.14..12920.87 rows=500 width=14) (actual rows=100000 loops=1)
  Merge Cond: (t_cte_7.c_departmentid1 = d.id)
  Buffers: shared hit=665, temp read=270 written=271
  ->  Subquery Scan on t_cte_7  (cost=9968.82..12968.82 rows=500 width=10) (actual rows=100000 loops=1)
        Filter: (t_cte_7.c_salary1 = t_cte_7.c_1)
        Buffers: shared hit=664, temp read=270 written=271
        ->  WindowAgg  (cost=9968.82..11718.82 rows=100000 width=14) (actual rows=100000 loops=1)
              Buffers: shared hit=664, temp read=270 written=271
              ->  Sort  (cost=9968.82..10218.82 rows=100000 width=10) (actual rows=100000 loops=1)
                    Sort Key: e.departmentid
                    Sort Method: external merge  Disk: 2160kB
                    Buffers: shared hit=664, temp read=270 written=271
                    ->  Seq Scan on employee e  (cost=0.00..1664.00 rows=100000 width=10) (actual rows=100000 loops=1)
                          Buffers: shared hit=664
  ->  Sort  (cost=5.32..5.57 rows=100 width=12) (actual rows=51 loops=1)
        Sort Key: d.id
        Sort Method: quicksort  Memory: 29kB
        Buffers: shared hit=1
        ->  Seq Scan on department d  (cost=0.00..2.00 rows=100 width=12) (actual rows=100 loops=1)
              Buffers: shared hit=1
Planning:
  Buffers: shared hit=4
Planning Time: 0.226 ms
Execution Time: 84.210 ms",86.6252,85.456,90.648,91.899,12920.87,12920.87,100000,100000,100000,100000,184_77,172,184,77,Medium,"select employee, department, salary from (select e.name as employee, d.name as department, salary, max(salary) over (partition by e.departmentid) as m from schema_184.employee as e join schema_184.department as d on e.departmentid = d.id) as r where salary = m",97.413,14214.41,100000,"Subquery Scan on r  (cost=9974.14..14214.41 rows=500 width=14) (actual rows=100000 loops=1)
  Filter: (r.salary = r.m)
  Buffers: shared hit=665, temp read=270 written=271
  ->  WindowAgg  (cost=9974.14..12964.41 rows=100000 width=22) (actual rows=100000 loops=1)
        Buffers: shared hit=665, temp read=270 written=271
        ->  Merge Join  (cost=9974.14..11464.41 rows=100000 width=18) (actual rows=100000 loops=1)
              Merge Cond: (e.departmentid = d.id)
              Buffers: shared hit=665, temp read=270 written=271
              ->  Sort  (cost=9968.82..10218.82 rows=100000 width=10) (actual rows=100000 loops=1)
                    Sort Key: e.departmentid
                    Sort Method: external merge  Disk: 2160kB
                    Buffers: shared hit=664, temp read=270 written=271
                    ->  Seq Scan on employee e  (cost=0.00..1664.00 rows=100000 width=10) (actual rows=100000 loops=1)
                          Buffers: shared hit=664
              ->  Sort  (cost=5.32..5.57 rows=100 width=12) (actual rows=51 loops=1)
                    Sort Key: d.id
                    Sort Method: quicksort  Memory: 29kB
                    Buffers: shared hit=1
                    ->  Seq Scan on department d  (cost=0.00..2.00 rows=100 width=12) (actual rows=100 loops=1)
                          Buffers: shared hit=1
Planning:
  Buffers: shared hit=4
Planning Time: 0.142 ms
Execution Time: 97.413 ms",106.268,14214.41,100000,"Subquery Scan on r  (cost=9974.14..14214.41 rows=500 width=14) (actual rows=100000 loops=1)
  Filter: (r.salary = r.m)
  Buffers: shared hit=665, temp read=270 written=271
  ->  WindowAgg  (cost=9974.14..12964.41 rows=100000 width=22) (actual rows=100000 loops=1)
        Buffers: shared hit=665, temp read=270 written=271
        ->  Merge Join  (cost=9974.14..11464.41 rows=100000 width=18) (actual rows=100000 loops=1)
              Merge Cond: (e.departmentid = d.id)
              Buffers: shared hit=665, temp read=270 written=271
              ->  Sort  (cost=9968.82..10218.82 rows=100000 width=10) (actual rows=100000 loops=1)
                    Sort Key: e.departmentid
                    Sort Method: external merge  Disk: 2160kB
                    Buffers: shared hit=664, temp read=270 written=271
                    ->  Seq Scan on employee e  (cost=0.00..1664.00 rows=100000 width=10) (actual rows=100000 loops=1)
                          Buffers: shared hit=664
              ->  Sort  (cost=5.32..5.57 rows=100 width=12) (actual rows=51 loops=1)
                    Sort Key: d.id
                    Sort Method: quicksort  Memory: 29kB
                    Buffers: shared hit=1
                    ->  Seq Scan on department d  (cost=0.00..2.00 rows=100 width=12) (actual rows=100 loops=1)
                          Buffers: shared hit=1
Planning:
  Buffers: shared hit=4
Planning Time: 0.241 ms
Execution Time: 106.268 ms",103.203,14214.41,100000,"Subquery Scan on r  (cost=9974.14..14214.41 rows=500 width=14) (actual rows=100000 loops=1)
  Filter: (r.salary = r.m)
  Buffers: shared hit=665, temp read=270 written=271
  ->  WindowAgg  (cost=9974.14..12964.41 rows=100000 width=22) (actual rows=100000 loops=1)
        Buffers: shared hit=665, temp read=270 written=271
        ->  Merge Join  (cost=9974.14..11464.41 rows=100000 width=18) (actual rows=100000 loops=1)
              Merge Cond: (e.departmentid = d.id)
              Buffers: shared hit=665, temp read=270 written=271
              ->  Sort  (cost=9968.82..10218.82 rows=100000 width=10) (actual rows=100000 loops=1)
                    Sort Key: e.departmentid
                    Sort Method: external merge  Disk: 2160kB
                    Buffers: shared hit=664, temp read=270 written=271
                    ->  Seq Scan on employee e  (cost=0.00..1664.00 rows=100000 width=10) (actual rows=100000 loops=1)
                          Buffers: shared hit=664
              ->  Sort  (cost=5.32..5.57 rows=100 width=12) (actual rows=51 loops=1)
                    Sort Key: d.id
                    Sort Method: quicksort  Memory: 29kB
                    Buffers: shared hit=1
                    ->  Seq Scan on department d  (cost=0.00..2.00 rows=100 width=12) (actual rows=100 loops=1)
                          Buffers: shared hit=1
Planning:
  Buffers: shared hit=4
Planning Time: 0.273 ms
Execution Time: 103.203 ms",103.946,14214.41,100000,"Subquery Scan on r  (cost=9974.14..14214.41 rows=500 width=14) (actual rows=100000 loops=1)
  Filter: (r.salary = r.m)
  Buffers: shared hit=665, temp read=270 written=271
  ->  WindowAgg  (cost=9974.14..12964.41 rows=100000 width=22) (actual rows=100000 loops=1)
        Buffers: shared hit=665, temp read=270 written=271
        ->  Merge Join  (cost=9974.14..11464.41 rows=100000 width=18) (actual rows=100000 loops=1)
              Merge Cond: (e.departmentid = d.id)
              Buffers: shared hit=665, temp read=270 written=271
              ->  Sort  (cost=9968.82..10218.82 rows=100000 width=10) (actual rows=100000 loops=1)
                    Sort Key: e.departmentid
                    Sort Method: external merge  Disk: 2160kB
                    Buffers: shared hit=664, temp read=270 written=271
                    ->  Seq Scan on employee e  (cost=0.00..1664.00 rows=100000 width=10) (actual rows=100000 loops=1)
                          Buffers: shared hit=664
              ->  Sort  (cost=5.32..5.57 rows=100 width=12) (actual rows=51 loops=1)
                    Sort Key: d.id
                    Sort Method: quicksort  Memory: 29kB
                    Buffers: shared hit=1
                    ->  Seq Scan on department d  (cost=0.00..2.00 rows=100 width=12) (actual rows=100 loops=1)
                          Buffers: shared hit=1
Planning:
  Buffers: shared hit=4
Planning Time: 0.288 ms
Execution Time: 103.946 ms",104.619,14214.41,100000,"Subquery Scan on r  (cost=9974.14..14214.41 rows=500 width=14) (actual rows=100000 loops=1)
  Filter: (r.salary = r.m)
  Buffers: shared hit=665, temp read=270 written=271
  ->  WindowAgg  (cost=9974.14..12964.41 rows=100000 width=22) (actual rows=100000 loops=1)
        Buffers: shared hit=665, temp read=270 written=271
        ->  Merge Join  (cost=9974.14..11464.41 rows=100000 width=18) (actual rows=100000 loops=1)
              Merge Cond: (e.departmentid = d.id)
              Buffers: shared hit=665, temp read=270 written=271
              ->  Sort  (cost=9968.82..10218.82 rows=100000 width=10) (actual rows=100000 loops=1)
                    Sort Key: e.departmentid
                    Sort Method: external merge  Disk: 2160kB
                    Buffers: shared hit=664, temp read=270 written=271
                    ->  Seq Scan on employee e  (cost=0.00..1664.00 rows=100000 width=10) (actual rows=100000 loops=1)
                          Buffers: shared hit=664
              ->  Sort  (cost=5.32..5.57 rows=100 width=12) (actual rows=51 loops=1)
                    Sort Key: d.id
                    Sort Method: quicksort  Memory: 29kB
                    Buffers: shared hit=1
                    ->  Seq Scan on department d  (cost=0.00..2.00 rows=100 width=12) (actual rows=100 loops=1)
                          Buffers: shared hit=1
Planning:
  Buffers: shared hit=4
Planning Time: 0.208 ms
Execution Time: 104.619 ms",103.0898,103.946,105.4435,106.9276,14214.41,14214.41,100000,100000,100000,100000,normal,normal,11.35283970000001,15.108603700000014,equal variances,significant,0.003968253968253968,-16.46459999999999,-18.489999999999995,-1293.539999999999,0,True
173,184,78,Medium,"select t_cte_6.c_name1 as department, d.name as employee, t_cte_6.c_salary1 as salary from (select e.salary as c_salary1, max(e.salary) over ( partition by e.departmentid ) as c_1, e.name as c_name1, e.departmentid as c_departmentid1 from schema_184.employee as e) as t_cte_6 inner join schema_184.department as d on d.id = t_cte_6.c_departmentid1 where t_cte_6.c_salary1 = t_cte_6.c_1",82.726,12920.87,100000,"Merge Join  (cost=9974.14..12920.87 rows=500 width=14) (actual rows=100000 loops=1)
  Merge Cond: (t_cte_6.c_departmentid1 = d.id)
  Buffers: shared hit=665, temp read=256 written=257
  ->  Subquery Scan on t_cte_6  (cost=9968.82..12968.82 rows=500 width=10) (actual rows=100000 loops=1)
        Filter: (t_cte_6.c_salary1 = t_cte_6.c_1)
        Buffers: shared hit=664, temp read=256 written=257
        ->  WindowAgg  (cost=9968.82..11718.82 rows=100000 width=14) (actual rows=100000 loops=1)
              Buffers: shared hit=664, temp read=256 written=257
              ->  Sort  (cost=9968.82..10218.82 rows=100000 width=10) (actual rows=100000 loops=1)
                    Sort Key: e.departmentid
                    Sort Method: external merge  Disk: 2048kB
                    Buffers: shared hit=664, temp read=256 written=257
                    ->  Seq Scan on employee e  (cost=0.00..1664.00 rows=100000 width=10) (actual rows=100000 loops=1)
                          Buffers: shared hit=664
  ->  Sort  (cost=5.32..5.57 rows=100 width=12) (actual rows=51 loops=1)
        Sort Key: d.id
        Sort Method: quicksort  Memory: 29kB
        Buffers: shared hit=1
        ->  Seq Scan on department d  (cost=0.00..2.00 rows=100 width=12) (actual rows=100 loops=1)
              Buffers: shared hit=1
Planning:
  Buffers: shared hit=4
Planning Time: 0.206 ms
Execution Time: 82.726 ms",84.465,12920.87,100000,"Merge Join  (cost=9974.14..12920.87 rows=500 width=14) (actual rows=100000 loops=1)
  Merge Cond: (t_cte_6.c_departmentid1 = d.id)
  Buffers: shared hit=665, temp read=256 written=257
  ->  Subquery Scan on t_cte_6  (cost=9968.82..12968.82 rows=500 width=10) (actual rows=100000 loops=1)
        Filter: (t_cte_6.c_salary1 = t_cte_6.c_1)
        Buffers: shared hit=664, temp read=256 written=257
        ->  WindowAgg  (cost=9968.82..11718.82 rows=100000 width=14) (actual rows=100000 loops=1)
              Buffers: shared hit=664, temp read=256 written=257
              ->  Sort  (cost=9968.82..10218.82 rows=100000 width=10) (actual rows=100000 loops=1)
                    Sort Key: e.departmentid
                    Sort Method: external merge  Disk: 2048kB
                    Buffers: shared hit=664, temp read=256 written=257
                    ->  Seq Scan on employee e  (cost=0.00..1664.00 rows=100000 width=10) (actual rows=100000 loops=1)
                          Buffers: shared hit=664
  ->  Sort  (cost=5.32..5.57 rows=100 width=12) (actual rows=51 loops=1)
        Sort Key: d.id
        Sort Method: quicksort  Memory: 29kB
        Buffers: shared hit=1
        ->  Seq Scan on department d  (cost=0.00..2.00 rows=100 width=12) (actual rows=100 loops=1)
              Buffers: shared hit=1
Planning:
  Buffers: shared hit=4
Planning Time: 0.188 ms
Execution Time: 84.465 ms",84.945,12920.87,100000,"Merge Join  (cost=9974.14..12920.87 rows=500 width=14) (actual rows=100000 loops=1)
  Merge Cond: (t_cte_6.c_departmentid1 = d.id)
  Buffers: shared hit=665, temp read=256 written=257
  ->  Subquery Scan on t_cte_6  (cost=9968.82..12968.82 rows=500 width=10) (actual rows=100000 loops=1)
        Filter: (t_cte_6.c_salary1 = t_cte_6.c_1)
        Buffers: shared hit=664, temp read=256 written=257
        ->  WindowAgg  (cost=9968.82..11718.82 rows=100000 width=14) (actual rows=100000 loops=1)
              Buffers: shared hit=664, temp read=256 written=257
              ->  Sort  (cost=9968.82..10218.82 rows=100000 width=10) (actual rows=100000 loops=1)
                    Sort Key: e.departmentid
                    Sort Method: external merge  Disk: 2048kB
                    Buffers: shared hit=664, temp read=256 written=257
                    ->  Seq Scan on employee e  (cost=0.00..1664.00 rows=100000 width=10) (actual rows=100000 loops=1)
                          Buffers: shared hit=664
  ->  Sort  (cost=5.32..5.57 rows=100 width=12) (actual rows=51 loops=1)
        Sort Key: d.id
        Sort Method: quicksort  Memory: 29kB
        Buffers: shared hit=1
        ->  Seq Scan on department d  (cost=0.00..2.00 rows=100 width=12) (actual rows=100 loops=1)
              Buffers: shared hit=1
Planning:
  Buffers: shared hit=4
Planning Time: 0.214 ms
Execution Time: 84.945 ms",89.296,12920.87,100000,"Merge Join  (cost=9974.14..12920.87 rows=500 width=14) (actual rows=100000 loops=1)
  Merge Cond: (t_cte_6.c_departmentid1 = d.id)
  Buffers: shared hit=665, temp read=256 written=257
  ->  Subquery Scan on t_cte_6  (cost=9968.82..12968.82 rows=500 width=10) (actual rows=100000 loops=1)
        Filter: (t_cte_6.c_salary1 = t_cte_6.c_1)
        Buffers: shared hit=664, temp read=256 written=257
        ->  WindowAgg  (cost=9968.82..11718.82 rows=100000 width=14) (actual rows=100000 loops=1)
              Buffers: shared hit=664, temp read=256 written=257
              ->  Sort  (cost=9968.82..10218.82 rows=100000 width=10) (actual rows=100000 loops=1)
                    Sort Key: e.departmentid
                    Sort Method: external merge  Disk: 2048kB
                    Buffers: shared hit=664, temp read=256 written=257
                    ->  Seq Scan on employee e  (cost=0.00..1664.00 rows=100000 width=10) (actual rows=100000 loops=1)
                          Buffers: shared hit=664
  ->  Sort  (cost=5.32..5.57 rows=100 width=12) (actual rows=51 loops=1)
        Sort Key: d.id
        Sort Method: quicksort  Memory: 29kB
        Buffers: shared hit=1
        ->  Seq Scan on department d  (cost=0.00..2.00 rows=100 width=12) (actual rows=100 loops=1)
              Buffers: shared hit=1
Planning:
  Buffers: shared hit=4
Planning Time: 0.222 ms
Execution Time: 89.296 ms",82.883,12920.87,100000,"Merge Join  (cost=9974.14..12920.87 rows=500 width=14) (actual rows=100000 loops=1)
  Merge Cond: (t_cte_6.c_departmentid1 = d.id)
  Buffers: shared hit=665, temp read=256 written=257
  ->  Subquery Scan on t_cte_6  (cost=9968.82..12968.82 rows=500 width=10) (actual rows=100000 loops=1)
        Filter: (t_cte_6.c_salary1 = t_cte_6.c_1)
        Buffers: shared hit=664, temp read=256 written=257
        ->  WindowAgg  (cost=9968.82..11718.82 rows=100000 width=14) (actual rows=100000 loops=1)
              Buffers: shared hit=664, temp read=256 written=257
              ->  Sort  (cost=9968.82..10218.82 rows=100000 width=10) (actual rows=100000 loops=1)
                    Sort Key: e.departmentid
                    Sort Method: external merge  Disk: 2048kB
                    Buffers: shared hit=664, temp read=256 written=257
                    ->  Seq Scan on employee e  (cost=0.00..1664.00 rows=100000 width=10) (actual rows=100000 loops=1)
                          Buffers: shared hit=664
  ->  Sort  (cost=5.32..5.57 rows=100 width=12) (actual rows=51 loops=1)
        Sort Key: d.id
        Sort Method: quicksort  Memory: 29kB
        Buffers: shared hit=1
        ->  Seq Scan on department d  (cost=0.00..2.00 rows=100 width=12) (actual rows=100 loops=1)
              Buffers: shared hit=1
Planning:
  Buffers: shared hit=4
Planning Time: 0.228 ms
Execution Time: 82.883 ms",84.863,84.465,87.1205,91.0364,12920.87,12920.87,100000,100000,100000,100000,184_78,173,184,78,Medium,"select r.d_name as department, r.name as employee, r.salary from (select e.id, e.salary, e.name, d.name as d_name, max(e.salary) over (partition by e.departmentid) as max_sal from schema_184.employee as e join schema_184.department as d on d.id = e.departmentid) as r where r.salary = r.max_sal",100.872,14214.41,100000,"Subquery Scan on r  (cost=9974.14..14214.41 rows=500 width=14) (actual rows=100000 loops=1)
  Filter: (r.salary = r.max_sal)
  Buffers: shared hit=665, temp read=270 written=271
  ->  WindowAgg  (cost=9974.14..12964.41 rows=100000 width=26) (actual rows=100000 loops=1)
        Buffers: shared hit=665, temp read=270 written=271
        ->  Merge Join  (cost=9974.14..11464.41 rows=100000 width=18) (actual rows=100000 loops=1)
              Merge Cond: (e.departmentid = d.id)
              Buffers: shared hit=665, temp read=270 written=271
              ->  Sort  (cost=9968.82..10218.82 rows=100000 width=10) (actual rows=100000 loops=1)
                    Sort Key: e.departmentid
                    Sort Method: external merge  Disk: 2160kB
                    Buffers: shared hit=664, temp read=270 written=271
                    ->  Seq Scan on employee e  (cost=0.00..1664.00 rows=100000 width=10) (actual rows=100000 loops=1)
                          Buffers: shared hit=664
              ->  Sort  (cost=5.32..5.57 rows=100 width=12) (actual rows=51 loops=1)
                    Sort Key: d.id
                    Sort Method: quicksort  Memory: 29kB
                    Buffers: shared hit=1
                    ->  Seq Scan on department d  (cost=0.00..2.00 rows=100 width=12) (actual rows=100 loops=1)
                          Buffers: shared hit=1
Planning:
  Buffers: shared hit=4
Planning Time: 0.143 ms
Execution Time: 100.872 ms",107.854,14214.41,100000,"Subquery Scan on r  (cost=9974.14..14214.41 rows=500 width=14) (actual rows=100000 loops=1)
  Filter: (r.salary = r.max_sal)
  Buffers: shared hit=665, temp read=270 written=271
  ->  WindowAgg  (cost=9974.14..12964.41 rows=100000 width=26) (actual rows=100000 loops=1)
        Buffers: shared hit=665, temp read=270 written=271
        ->  Merge Join  (cost=9974.14..11464.41 rows=100000 width=18) (actual rows=100000 loops=1)
              Merge Cond: (e.departmentid = d.id)
              Buffers: shared hit=665, temp read=270 written=271
              ->  Sort  (cost=9968.82..10218.82 rows=100000 width=10) (actual rows=100000 loops=1)
                    Sort Key: e.departmentid
                    Sort Method: external merge  Disk: 2160kB
                    Buffers: shared hit=664, temp read=270 written=271
                    ->  Seq Scan on employee e  (cost=0.00..1664.00 rows=100000 width=10) (actual rows=100000 loops=1)
                          Buffers: shared hit=664
              ->  Sort  (cost=5.32..5.57 rows=100 width=12) (actual rows=51 loops=1)
                    Sort Key: d.id
                    Sort Method: quicksort  Memory: 29kB
                    Buffers: shared hit=1
                    ->  Seq Scan on department d  (cost=0.00..2.00 rows=100 width=12) (actual rows=100 loops=1)
                          Buffers: shared hit=1
Planning:
  Buffers: shared hit=4
Planning Time: 0.201 ms
Execution Time: 107.854 ms",109.606,14214.41,100000,"Subquery Scan on r  (cost=9974.14..14214.41 rows=500 width=14) (actual rows=100000 loops=1)
  Filter: (r.salary = r.max_sal)
  Buffers: shared hit=665, temp read=270 written=271
  ->  WindowAgg  (cost=9974.14..12964.41 rows=100000 width=26) (actual rows=100000 loops=1)
        Buffers: shared hit=665, temp read=270 written=271
        ->  Merge Join  (cost=9974.14..11464.41 rows=100000 width=18) (actual rows=100000 loops=1)
              Merge Cond: (e.departmentid = d.id)
              Buffers: shared hit=665, temp read=270 written=271
              ->  Sort  (cost=9968.82..10218.82 rows=100000 width=10) (actual rows=100000 loops=1)
                    Sort Key: e.departmentid
                    Sort Method: external merge  Disk: 2160kB
                    Buffers: shared hit=664, temp read=270 written=271
                    ->  Seq Scan on employee e  (cost=0.00..1664.00 rows=100000 width=10) (actual rows=100000 loops=1)
                          Buffers: shared hit=664
              ->  Sort  (cost=5.32..5.57 rows=100 width=12) (actual rows=51 loops=1)
                    Sort Key: d.id
                    Sort Method: quicksort  Memory: 29kB
                    Buffers: shared hit=1
                    ->  Seq Scan on department d  (cost=0.00..2.00 rows=100 width=12) (actual rows=100 loops=1)
                          Buffers: shared hit=1
Planning:
  Buffers: shared hit=4
Planning Time: 0.213 ms
Execution Time: 109.606 ms",103.343,14214.41,100000,"Subquery Scan on r  (cost=9974.14..14214.41 rows=500 width=14) (actual rows=100000 loops=1)
  Filter: (r.salary = r.max_sal)
  Buffers: shared hit=665, temp read=270 written=271
  ->  WindowAgg  (cost=9974.14..12964.41 rows=100000 width=26) (actual rows=100000 loops=1)
        Buffers: shared hit=665, temp read=270 written=271
        ->  Merge Join  (cost=9974.14..11464.41 rows=100000 width=18) (actual rows=100000 loops=1)
              Merge Cond: (e.departmentid = d.id)
              Buffers: shared hit=665, temp read=270 written=271
              ->  Sort  (cost=9968.82..10218.82 rows=100000 width=10) (actual rows=100000 loops=1)
                    Sort Key: e.departmentid
                    Sort Method: external merge  Disk: 2160kB
                    Buffers: shared hit=664, temp read=270 written=271
                    ->  Seq Scan on employee e  (cost=0.00..1664.00 rows=100000 width=10) (actual rows=100000 loops=1)
                          Buffers: shared hit=664
              ->  Sort  (cost=5.32..5.57 rows=100 width=12) (actual rows=51 loops=1)
                    Sort Key: d.id
                    Sort Method: quicksort  Memory: 29kB
                    Buffers: shared hit=1
                    ->  Seq Scan on department d  (cost=0.00..2.00 rows=100 width=12) (actual rows=100 loops=1)
                          Buffers: shared hit=1
Planning:
  Buffers: shared hit=4
Planning Time: 0.206 ms
Execution Time: 103.343 ms",104.531,14214.41,100000,"Subquery Scan on r  (cost=9974.14..14214.41 rows=500 width=14) (actual rows=100000 loops=1)
  Filter: (r.salary = r.max_sal)
  Buffers: shared hit=665, temp read=270 written=271
  ->  WindowAgg  (cost=9974.14..12964.41 rows=100000 width=26) (actual rows=100000 loops=1)
        Buffers: shared hit=665, temp read=270 written=271
        ->  Merge Join  (cost=9974.14..11464.41 rows=100000 width=18) (actual rows=100000 loops=1)
              Merge Cond: (e.departmentid = d.id)
              Buffers: shared hit=665, temp read=270 written=271
              ->  Sort  (cost=9968.82..10218.82 rows=100000 width=10) (actual rows=100000 loops=1)
                    Sort Key: e.departmentid
                    Sort Method: external merge  Disk: 2160kB
                    Buffers: shared hit=664, temp read=270 written=271
                    ->  Seq Scan on employee e  (cost=0.00..1664.00 rows=100000 width=10) (actual rows=100000 loops=1)
                          Buffers: shared hit=664
              ->  Sort  (cost=5.32..5.57 rows=100 width=12) (actual rows=51 loops=1)
                    Sort Key: d.id
                    Sort Method: quicksort  Memory: 29kB
                    Buffers: shared hit=1
                    ->  Seq Scan on department d  (cost=0.00..2.00 rows=100 width=12) (actual rows=100 loops=1)
                          Buffers: shared hit=1
Planning:
  Buffers: shared hit=4
Planning Time: 0.212 ms
Execution Time: 104.531 ms",105.2412,104.531,108.73,110.3068,14214.41,14214.41,100000,100000,100000,100000,normal,normal,12.268914699999982,7.075946500000018,equal variances,significant,0.003968253968253968,-20.378200000000007,-20.066000000000003,-1293.539999999999,0,True
187,184,179,Medium,"select d.name as department, t_cte_9.c_name0 as employee, t_cte_9.c_salary1 as salary from (select max(e1.salary) over ( partition by e1.departmentid ) as c_1, e1.departmentid as c_departmentid1, e1.name as c_name0, e1.salary as c_salary1 from schema_184.employee as e1) as t_cte_9 inner join schema_184.department as d on t_cte_9.c_departmentid1 = d.id where t_cte_9.c_salary1 = t_cte_9.c_1",80.703,12920.87,100000,"Merge Join  (cost=9974.14..12920.87 rows=500 width=14) (actual rows=100000 loops=1)
  Merge Cond: (t_cte_9.c_departmentid1 = d.id)
  Buffers: shared hit=665, temp read=256 written=257
  ->  Subquery Scan on t_cte_9  (cost=9968.82..12968.82 rows=500 width=10) (actual rows=100000 loops=1)
        Filter: (t_cte_9.c_salary1 = t_cte_9.c_1)
        Buffers: shared hit=664, temp read=256 written=257
        ->  WindowAgg  (cost=9968.82..11718.82 rows=100000 width=14) (actual rows=100000 loops=1)
              Buffers: shared hit=664, temp read=256 written=257
              ->  Sort  (cost=9968.82..10218.82 rows=100000 width=10) (actual rows=100000 loops=1)
                    Sort Key: e1.departmentid
                    Sort Method: external merge  Disk: 2048kB
                    Buffers: shared hit=664, temp read=256 written=257
                    ->  Seq Scan on employee e1  (cost=0.00..1664.00 rows=100000 width=10) (actual rows=100000 loops=1)
                          Buffers: shared hit=664
  ->  Sort  (cost=5.32..5.57 rows=100 width=12) (actual rows=51 loops=1)
        Sort Key: d.id
        Sort Method: quicksort  Memory: 29kB
        Buffers: shared hit=1
        ->  Seq Scan on department d  (cost=0.00..2.00 rows=100 width=12) (actual rows=100 loops=1)
              Buffers: shared hit=1
Planning:
  Buffers: shared hit=4
Planning Time: 0.138 ms
Execution Time: 80.703 ms",84.491,12920.87,100000,"Merge Join  (cost=9974.14..12920.87 rows=500 width=14) (actual rows=100000 loops=1)
  Merge Cond: (t_cte_9.c_departmentid1 = d.id)
  Buffers: shared hit=665, temp read=256 written=257
  ->  Subquery Scan on t_cte_9  (cost=9968.82..12968.82 rows=500 width=10) (actual rows=100000 loops=1)
        Filter: (t_cte_9.c_salary1 = t_cte_9.c_1)
        Buffers: shared hit=664, temp read=256 written=257
        ->  WindowAgg  (cost=9968.82..11718.82 rows=100000 width=14) (actual rows=100000 loops=1)
              Buffers: shared hit=664, temp read=256 written=257
              ->  Sort  (cost=9968.82..10218.82 rows=100000 width=10) (actual rows=100000 loops=1)
                    Sort Key: e1.departmentid
                    Sort Method: external merge  Disk: 2048kB
                    Buffers: shared hit=664, temp read=256 written=257
                    ->  Seq Scan on employee e1  (cost=0.00..1664.00 rows=100000 width=10) (actual rows=100000 loops=1)
                          Buffers: shared hit=664
  ->  Sort  (cost=5.32..5.57 rows=100 width=12) (actual rows=51 loops=1)
        Sort Key: d.id
        Sort Method: quicksort  Memory: 29kB
        Buffers: shared hit=1
        ->  Seq Scan on department d  (cost=0.00..2.00 rows=100 width=12) (actual rows=100 loops=1)
              Buffers: shared hit=1
Planning:
  Buffers: shared hit=4
Planning Time: 0.217 ms
Execution Time: 84.491 ms",86.938,12920.87,100000,"Merge Join  (cost=9974.14..12920.87 rows=500 width=14) (actual rows=100000 loops=1)
  Merge Cond: (t_cte_9.c_departmentid1 = d.id)
  Buffers: shared hit=665, temp read=256 written=257
  ->  Subquery Scan on t_cte_9  (cost=9968.82..12968.82 rows=500 width=10) (actual rows=100000 loops=1)
        Filter: (t_cte_9.c_salary1 = t_cte_9.c_1)
        Buffers: shared hit=664, temp read=256 written=257
        ->  WindowAgg  (cost=9968.82..11718.82 rows=100000 width=14) (actual rows=100000 loops=1)
              Buffers: shared hit=664, temp read=256 written=257
              ->  Sort  (cost=9968.82..10218.82 rows=100000 width=10) (actual rows=100000 loops=1)
                    Sort Key: e1.departmentid
                    Sort Method: external merge  Disk: 2048kB
                    Buffers: shared hit=664, temp read=256 written=257
                    ->  Seq Scan on employee e1  (cost=0.00..1664.00 rows=100000 width=10) (actual rows=100000 loops=1)
                          Buffers: shared hit=664
  ->  Sort  (cost=5.32..5.57 rows=100 width=12) (actual rows=51 loops=1)
        Sort Key: d.id
        Sort Method: quicksort  Memory: 29kB
        Buffers: shared hit=1
        ->  Seq Scan on department d  (cost=0.00..2.00 rows=100 width=12) (actual rows=100 loops=1)
              Buffers: shared hit=1
Planning:
  Buffers: shared hit=4
Planning Time: 0.216 ms
Execution Time: 86.938 ms",87.401,12920.87,100000,"Merge Join  (cost=9974.14..12920.87 rows=500 width=14) (actual rows=100000 loops=1)
  Merge Cond: (t_cte_9.c_departmentid1 = d.id)
  Buffers: shared hit=665, temp read=256 written=257
  ->  Subquery Scan on t_cte_9  (cost=9968.82..12968.82 rows=500 width=10) (actual rows=100000 loops=1)
        Filter: (t_cte_9.c_salary1 = t_cte_9.c_1)
        Buffers: shared hit=664, temp read=256 written=257
        ->  WindowAgg  (cost=9968.82..11718.82 rows=100000 width=14) (actual rows=100000 loops=1)
              Buffers: shared hit=664, temp read=256 written=257
              ->  Sort  (cost=9968.82..10218.82 rows=100000 width=10) (actual rows=100000 loops=1)
                    Sort Key: e1.departmentid
                    Sort Method: external merge  Disk: 2048kB
                    Buffers: shared hit=664, temp read=256 written=257
                    ->  Seq Scan on employee e1  (cost=0.00..1664.00 rows=100000 width=10) (actual rows=100000 loops=1)
                          Buffers: shared hit=664
  ->  Sort  (cost=5.32..5.57 rows=100 width=12) (actual rows=51 loops=1)
        Sort Key: d.id
        Sort Method: quicksort  Memory: 29kB
        Buffers: shared hit=1
        ->  Seq Scan on department d  (cost=0.00..2.00 rows=100 width=12) (actual rows=100 loops=1)
              Buffers: shared hit=1
Planning:
  Buffers: shared hit=4
Planning Time: 0.191 ms
Execution Time: 87.401 ms",84.85,12920.87,100000,"Merge Join  (cost=9974.14..12920.87 rows=500 width=14) (actual rows=100000 loops=1)
  Merge Cond: (t_cte_9.c_departmentid1 = d.id)
  Buffers: shared hit=665, temp read=256 written=257
  ->  Subquery Scan on t_cte_9  (cost=9968.82..12968.82 rows=500 width=10) (actual rows=100000 loops=1)
        Filter: (t_cte_9.c_salary1 = t_cte_9.c_1)
        Buffers: shared hit=664, temp read=256 written=257
        ->  WindowAgg  (cost=9968.82..11718.82 rows=100000 width=14) (actual rows=100000 loops=1)
              Buffers: shared hit=664, temp read=256 written=257
              ->  Sort  (cost=9968.82..10218.82 rows=100000 width=10) (actual rows=100000 loops=1)
                    Sort Key: e1.departmentid
                    Sort Method: external merge  Disk: 2048kB
                    Buffers: shared hit=664, temp read=256 written=257
                    ->  Seq Scan on employee e1  (cost=0.00..1664.00 rows=100000 width=10) (actual rows=100000 loops=1)
                          Buffers: shared hit=664
  ->  Sort  (cost=5.32..5.57 rows=100 width=12) (actual rows=51 loops=1)
        Sort Key: d.id
        Sort Method: quicksort  Memory: 29kB
        Buffers: shared hit=1
        ->  Seq Scan on department d  (cost=0.00..2.00 rows=100 width=12) (actual rows=100 loops=1)
              Buffers: shared hit=1
Planning:
  Buffers: shared hit=4
Planning Time: 0.188 ms
Execution Time: 84.850 ms",84.8766,84.85,87.1695,87.5862,12920.87,12920.87,100000,100000,100000,100000,184_179,187,184,179,Medium,"select department, employee, salary from (select d.name as department, e1.name as employee, e1.salary as salary, max(salary) over (partition by departmentid) as maxsalary from schema_184.employee as e1 join schema_184.department as d on e1.departmentid = d.id) as a where salary = maxsalary",99.419,14214.41,100000,"Subquery Scan on a  (cost=9974.14..14214.41 rows=500 width=14) (actual rows=100000 loops=1)
  Filter: (a.salary = a.maxsalary)
  Buffers: shared hit=665, temp read=270 written=271
  ->  WindowAgg  (cost=9974.14..12964.41 rows=100000 width=22) (actual rows=100000 loops=1)
        Buffers: shared hit=665, temp read=270 written=271
        ->  Merge Join  (cost=9974.14..11464.41 rows=100000 width=18) (actual rows=100000 loops=1)
              Merge Cond: (e1.departmentid = d.id)
              Buffers: shared hit=665, temp read=270 written=271
              ->  Sort  (cost=9968.82..10218.82 rows=100000 width=10) (actual rows=100000 loops=1)
                    Sort Key: e1.departmentid
                    Sort Method: external merge  Disk: 2160kB
                    Buffers: shared hit=664, temp read=270 written=271
                    ->  Seq Scan on employee e1  (cost=0.00..1664.00 rows=100000 width=10) (actual rows=100000 loops=1)
                          Buffers: shared hit=664
              ->  Sort  (cost=5.32..5.57 rows=100 width=12) (actual rows=51 loops=1)
                    Sort Key: d.id
                    Sort Method: quicksort  Memory: 29kB
                    Buffers: shared hit=1
                    ->  Seq Scan on department d  (cost=0.00..2.00 rows=100 width=12) (actual rows=100 loops=1)
                          Buffers: shared hit=1
Planning:
  Buffers: shared hit=4
Planning Time: 0.177 ms
Execution Time: 99.419 ms",103.207,14214.41,100000,"Subquery Scan on a  (cost=9974.14..14214.41 rows=500 width=14) (actual rows=100000 loops=1)
  Filter: (a.salary = a.maxsalary)
  Buffers: shared hit=665, temp read=270 written=271
  ->  WindowAgg  (cost=9974.14..12964.41 rows=100000 width=22) (actual rows=100000 loops=1)
        Buffers: shared hit=665, temp read=270 written=271
        ->  Merge Join  (cost=9974.14..11464.41 rows=100000 width=18) (actual rows=100000 loops=1)
              Merge Cond: (e1.departmentid = d.id)
              Buffers: shared hit=665, temp read=270 written=271
              ->  Sort  (cost=9968.82..10218.82 rows=100000 width=10) (actual rows=100000 loops=1)
                    Sort Key: e1.departmentid
                    Sort Method: external merge  Disk: 2160kB
                    Buffers: shared hit=664, temp read=270 written=271
                    ->  Seq Scan on employee e1  (cost=0.00..1664.00 rows=100000 width=10) (actual rows=100000 loops=1)
                          Buffers: shared hit=664
              ->  Sort  (cost=5.32..5.57 rows=100 width=12) (actual rows=51 loops=1)
                    Sort Key: d.id
                    Sort Method: quicksort  Memory: 29kB
                    Buffers: shared hit=1
                    ->  Seq Scan on department d  (cost=0.00..2.00 rows=100 width=12) (actual rows=100 loops=1)
                          Buffers: shared hit=1
Planning:
  Buffers: shared hit=4
Planning Time: 0.238 ms
Execution Time: 103.207 ms",102.526,14214.41,100000,"Subquery Scan on a  (cost=9974.14..14214.41 rows=500 width=14) (actual rows=100000 loops=1)
  Filter: (a.salary = a.maxsalary)
  Buffers: shared hit=665, temp read=270 written=271
  ->  WindowAgg  (cost=9974.14..12964.41 rows=100000 width=22) (actual rows=100000 loops=1)
        Buffers: shared hit=665, temp read=270 written=271
        ->  Merge Join  (cost=9974.14..11464.41 rows=100000 width=18) (actual rows=100000 loops=1)
              Merge Cond: (e1.departmentid = d.id)
              Buffers: shared hit=665, temp read=270 written=271
              ->  Sort  (cost=9968.82..10218.82 rows=100000 width=10) (actual rows=100000 loops=1)
                    Sort Key: e1.departmentid
                    Sort Method: external merge  Disk: 2160kB
                    Buffers: shared hit=664, temp read=270 written=271
                    ->  Seq Scan on employee e1  (cost=0.00..1664.00 rows=100000 width=10) (actual rows=100000 loops=1)
                          Buffers: shared hit=664
              ->  Sort  (cost=5.32..5.57 rows=100 width=12) (actual rows=51 loops=1)
                    Sort Key: d.id
                    Sort Method: quicksort  Memory: 29kB
                    Buffers: shared hit=1
                    ->  Seq Scan on department d  (cost=0.00..2.00 rows=100 width=12) (actual rows=100 loops=1)
                          Buffers: shared hit=1
Planning:
  Buffers: shared hit=4
Planning Time: 0.272 ms
Execution Time: 102.526 ms",102.29,14214.41,100000,"Subquery Scan on a  (cost=9974.14..14214.41 rows=500 width=14) (actual rows=100000 loops=1)
  Filter: (a.salary = a.maxsalary)
  Buffers: shared hit=665, temp read=270 written=271
  ->  WindowAgg  (cost=9974.14..12964.41 rows=100000 width=22) (actual rows=100000 loops=1)
        Buffers: shared hit=665, temp read=270 written=271
        ->  Merge Join  (cost=9974.14..11464.41 rows=100000 width=18) (actual rows=100000 loops=1)
              Merge Cond: (e1.departmentid = d.id)
              Buffers: shared hit=665, temp read=270 written=271
              ->  Sort  (cost=9968.82..10218.82 rows=100000 width=10) (actual rows=100000 loops=1)
                    Sort Key: e1.departmentid
                    Sort Method: external merge  Disk: 2160kB
                    Buffers: shared hit=664, temp read=270 written=271
                    ->  Seq Scan on employee e1  (cost=0.00..1664.00 rows=100000 width=10) (actual rows=100000 loops=1)
                          Buffers: shared hit=664
              ->  Sort  (cost=5.32..5.57 rows=100 width=12) (actual rows=51 loops=1)
                    Sort Key: d.id
                    Sort Method: quicksort  Memory: 29kB
                    Buffers: shared hit=1
                    ->  Seq Scan on department d  (cost=0.00..2.00 rows=100 width=12) (actual rows=100 loops=1)
                          Buffers: shared hit=1
Planning:
  Buffers: shared hit=4
Planning Time: 0.209 ms
Execution Time: 102.290 ms",104.998,14214.41,100000,"Subquery Scan on a  (cost=9974.14..14214.41 rows=500 width=14) (actual rows=100000 loops=1)
  Filter: (a.salary = a.maxsalary)
  Buffers: shared hit=665, temp read=270 written=271
  ->  WindowAgg  (cost=9974.14..12964.41 rows=100000 width=22) (actual rows=100000 loops=1)
        Buffers: shared hit=665, temp read=270 written=271
        ->  Merge Join  (cost=9974.14..11464.41 rows=100000 width=18) (actual rows=100000 loops=1)
              Merge Cond: (e1.departmentid = d.id)
              Buffers: shared hit=665, temp read=270 written=271
              ->  Sort  (cost=9968.82..10218.82 rows=100000 width=10) (actual rows=100000 loops=1)
                    Sort Key: e1.departmentid
                    Sort Method: external merge  Disk: 2160kB
                    Buffers: shared hit=664, temp read=270 written=271
                    ->  Seq Scan on employee e1  (cost=0.00..1664.00 rows=100000 width=10) (actual rows=100000 loops=1)
                          Buffers: shared hit=664
              ->  Sort  (cost=5.32..5.57 rows=100 width=12) (actual rows=51 loops=1)
                    Sort Key: d.id
                    Sort Method: quicksort  Memory: 29kB
                    Buffers: shared hit=1
                    ->  Seq Scan on department d  (cost=0.00..2.00 rows=100 width=12) (actual rows=100 loops=1)
                          Buffers: shared hit=1
Planning:
  Buffers: shared hit=4
Planning Time: 0.217 ms
Execution Time: 104.998 ms",102.488,102.526,104.1025,105.7144,14214.41,14214.41,100000,100000,100000,100000,normal,normal,4.069117500000008,7.047574299999992,equal variances,significant,0.003968253968253968,-17.611400000000003,-17.676000000000002,-1293.539999999999,0,True
207,184,366,Medium,"select e.name as department, d.name as employee, e.salary as salary from schema_184.employee as e inner join schema_184.department as d on e.departmentid = d.id inner join (select e.departmentid as c_departmentid1, max(e.salary) as c_max1 from schema_184.employee as e group by e.departmentid) as t_cte_6 on e.departmentid = t_cte_6.c_departmentid1 where e.salary = t_cte_6.c_max1",58.496,4363.96,100000,"Hash Join  (cost=2169.00..4363.96 rows=2000 width=14) (actual rows=100000 loops=1)
  Hash Cond: (e.departmentid = d.id)
  Buffers: shared hit=1329
  ->  Hash Join  (cost=2165.75..4355.24 rows=2000 width=14) (actual rows=100000 loops=1)
        Hash Cond: ((e.departmentid = e_1.departmentid) AND (e.salary = (max(e_1.salary))))
        Buffers: shared hit=1328
        ->  Seq Scan on employee e  (cost=0.00..1664.00 rows=100000 width=10) (actual rows=100000 loops=1)
              Buffers: shared hit=664
        ->  Hash  (cost=2165.00..2165.00 rows=50 width=8) (actual rows=50 loops=1)
              Buckets: 1024  Batches: 1  Memory Usage: 10kB
              Buffers: shared hit=664
              ->  HashAggregate  (cost=2164.00..2164.50 rows=50 width=8) (actual rows=50 loops=1)
                    Group Key: e_1.departmentid
                    Batches: 1  Memory Usage: 24kB
                    Buffers: shared hit=664
                    ->  Seq Scan on employee e_1  (cost=0.00..1664.00 rows=100000 width=8) (actual rows=100000 loops=1)
                          Buffers: shared hit=664
  ->  Hash  (cost=2.00..2.00 rows=100 width=12) (actual rows=100 loops=1)
        Buckets: 1024  Batches: 1  Memory Usage: 13kB
        Buffers: shared hit=1
        ->  Seq Scan on department d  (cost=0.00..2.00 rows=100 width=12) (actual rows=100 loops=1)
              Buffers: shared hit=1
Planning:
  Buffers: shared hit=8
Planning Time: 0.226 ms
Execution Time: 58.496 ms",68.94,4363.96,100000,"Hash Join  (cost=2169.00..4363.96 rows=2000 width=14) (actual rows=100000 loops=1)
  Hash Cond: (e.departmentid = d.id)
  Buffers: shared hit=1329
  ->  Hash Join  (cost=2165.75..4355.24 rows=2000 width=14) (actual rows=100000 loops=1)
        Hash Cond: ((e.departmentid = e_1.departmentid) AND (e.salary = (max(e_1.salary))))
        Buffers: shared hit=1328
        ->  Seq Scan on employee e  (cost=0.00..1664.00 rows=100000 width=10) (actual rows=100000 loops=1)
              Buffers: shared hit=664
        ->  Hash  (cost=2165.00..2165.00 rows=50 width=8) (actual rows=50 loops=1)
              Buckets: 1024  Batches: 1  Memory Usage: 10kB
              Buffers: shared hit=664
              ->  HashAggregate  (cost=2164.00..2164.50 rows=50 width=8) (actual rows=50 loops=1)
                    Group Key: e_1.departmentid
                    Batches: 1  Memory Usage: 24kB
                    Buffers: shared hit=664
                    ->  Seq Scan on employee e_1  (cost=0.00..1664.00 rows=100000 width=8) (actual rows=100000 loops=1)
                          Buffers: shared hit=664
  ->  Hash  (cost=2.00..2.00 rows=100 width=12) (actual rows=100 loops=1)
        Buckets: 1024  Batches: 1  Memory Usage: 13kB
        Buffers: shared hit=1
        ->  Seq Scan on department d  (cost=0.00..2.00 rows=100 width=12) (actual rows=100 loops=1)
              Buffers: shared hit=1
Planning:
  Buffers: shared hit=8
Planning Time: 0.372 ms
Execution Time: 68.940 ms",64.211,4363.96,100000,"Hash Join  (cost=2169.00..4363.96 rows=2000 width=14) (actual rows=100000 loops=1)
  Hash Cond: (e.departmentid = d.id)
  Buffers: shared hit=1329
  ->  Hash Join  (cost=2165.75..4355.24 rows=2000 width=14) (actual rows=100000 loops=1)
        Hash Cond: ((e.departmentid = e_1.departmentid) AND (e.salary = (max(e_1.salary))))
        Buffers: shared hit=1328
        ->  Seq Scan on employee e  (cost=0.00..1664.00 rows=100000 width=10) (actual rows=100000 loops=1)
              Buffers: shared hit=664
        ->  Hash  (cost=2165.00..2165.00 rows=50 width=8) (actual rows=50 loops=1)
              Buckets: 1024  Batches: 1  Memory Usage: 10kB
              Buffers: shared hit=664
              ->  HashAggregate  (cost=2164.00..2164.50 rows=50 width=8) (actual rows=50 loops=1)
                    Group Key: e_1.departmentid
                    Batches: 1  Memory Usage: 24kB
                    Buffers: shared hit=664
                    ->  Seq Scan on employee e_1  (cost=0.00..1664.00 rows=100000 width=8) (actual rows=100000 loops=1)
                          Buffers: shared hit=664
  ->  Hash  (cost=2.00..2.00 rows=100 width=12) (actual rows=100 loops=1)
        Buckets: 1024  Batches: 1  Memory Usage: 13kB
        Buffers: shared hit=1
        ->  Seq Scan on department d  (cost=0.00..2.00 rows=100 width=12) (actual rows=100 loops=1)
              Buffers: shared hit=1
Planning:
  Buffers: shared hit=8
Planning Time: 0.238 ms
Execution Time: 64.211 ms",62.616,4363.96,100000,"Hash Join  (cost=2169.00..4363.96 rows=2000 width=14) (actual rows=100000 loops=1)
  Hash Cond: (e.departmentid = d.id)
  Buffers: shared hit=1329
  ->  Hash Join  (cost=2165.75..4355.24 rows=2000 width=14) (actual rows=100000 loops=1)
        Hash Cond: ((e.departmentid = e_1.departmentid) AND (e.salary = (max(e_1.salary))))
        Buffers: shared hit=1328
        ->  Seq Scan on employee e  (cost=0.00..1664.00 rows=100000 width=10) (actual rows=100000 loops=1)
              Buffers: shared hit=664
        ->  Hash  (cost=2165.00..2165.00 rows=50 width=8) (actual rows=50 loops=1)
              Buckets: 1024  Batches: 1  Memory Usage: 10kB
              Buffers: shared hit=664
              ->  HashAggregate  (cost=2164.00..2164.50 rows=50 width=8) (actual rows=50 loops=1)
                    Group Key: e_1.departmentid
                    Batches: 1  Memory Usage: 24kB
                    Buffers: shared hit=664
                    ->  Seq Scan on employee e_1  (cost=0.00..1664.00 rows=100000 width=8) (actual rows=100000 loops=1)
                          Buffers: shared hit=664
  ->  Hash  (cost=2.00..2.00 rows=100 width=12) (actual rows=100 loops=1)
        Buckets: 1024  Batches: 1  Memory Usage: 13kB
        Buffers: shared hit=1
        ->  Seq Scan on department d  (cost=0.00..2.00 rows=100 width=12) (actual rows=100 loops=1)
              Buffers: shared hit=1
Planning:
  Buffers: shared hit=8
Planning Time: 0.515 ms
Execution Time: 62.616 ms",62.988,4363.96,100000,"Hash Join  (cost=2169.00..4363.96 rows=2000 width=14) (actual rows=100000 loops=1)
  Hash Cond: (e.departmentid = d.id)
  Buffers: shared hit=1329
  ->  Hash Join  (cost=2165.75..4355.24 rows=2000 width=14) (actual rows=100000 loops=1)
        Hash Cond: ((e.departmentid = e_1.departmentid) AND (e.salary = (max(e_1.salary))))
        Buffers: shared hit=1328
        ->  Seq Scan on employee e  (cost=0.00..1664.00 rows=100000 width=10) (actual rows=100000 loops=1)
              Buffers: shared hit=664
        ->  Hash  (cost=2165.00..2165.00 rows=50 width=8) (actual rows=50 loops=1)
              Buckets: 1024  Batches: 1  Memory Usage: 10kB
              Buffers: shared hit=664
              ->  HashAggregate  (cost=2164.00..2164.50 rows=50 width=8) (actual rows=50 loops=1)
                    Group Key: e_1.departmentid
                    Batches: 1  Memory Usage: 24kB
                    Buffers: shared hit=664
                    ->  Seq Scan on employee e_1  (cost=0.00..1664.00 rows=100000 width=8) (actual rows=100000 loops=1)
                          Buffers: shared hit=664
  ->  Hash  (cost=2.00..2.00 rows=100 width=12) (actual rows=100 loops=1)
        Buckets: 1024  Batches: 1  Memory Usage: 13kB
        Buffers: shared hit=1
        ->  Seq Scan on department d  (cost=0.00..2.00 rows=100 width=12) (actual rows=100 loops=1)
              Buffers: shared hit=1
Planning:
  Buffers: shared hit=8
Planning Time: 0.354 ms
Execution Time: 62.988 ms",63.4502,62.988,66.5755,70.8316,4363.96,4363.96,100000,100000,100000,100000,184_366,207,184,366,Medium,"select d.name as department, e.name as employee, e.salary as salary from schema_184.employee as e join (select e.departmentid as did, max(salary) as maxs from schema_184.employee as e join schema_184.department as d on e.departmentid = d.id group by e.departmentid) as edm on (e.salary = edm.maxs and e.departmentid = edm.did) join schema_184.department as d on e.departmentid = d.id",74.676,4640.84,100000,"Hash Join  (cost=2445.88..4640.84 rows=2000 width=14) (actual rows=100000 loops=1)
  Hash Cond: (e.departmentid = d.id)
  Buffers: shared hit=1330
  ->  Hash Join  (cost=2442.62..4632.11 rows=2000 width=14) (actual rows=100000 loops=1)
        Hash Cond: ((e.salary = edm.maxs) AND (e.departmentid = edm.did))
        Buffers: shared hit=1329
        ->  Seq Scan on employee e  (cost=0.00..1664.00 rows=100000 width=10) (actual rows=100000 loops=1)
              Buffers: shared hit=664
        ->  Hash  (cost=2441.88..2441.88 rows=50 width=8) (actual rows=50 loops=1)
              Buckets: 1024  Batches: 1  Memory Usage: 10kB
              Buffers: shared hit=665
              ->  Subquery Scan on edm  (cost=2440.88..2441.88 rows=50 width=8) (actual rows=50 loops=1)
                    Buffers: shared hit=665
                    ->  HashAggregate  (cost=2440.88..2441.38 rows=50 width=8) (actual rows=50 loops=1)
                          Group Key: e_1.departmentid
                          Batches: 1  Memory Usage: 24kB
                          Buffers: shared hit=665
                          ->  Hash Join  (cost=3.25..1940.88 rows=100000 width=8) (actual rows=100000 loops=1)
                                Hash Cond: (e_1.departmentid = d_1.id)
                                Buffers: shared hit=665
                                ->  Seq Scan on employee e_1  (cost=0.00..1664.00 rows=100000 width=8) (actual rows=100000 loops=1)
                                      Buffers: shared hit=664
                                ->  Hash  (cost=2.00..2.00 rows=100 width=4) (actual rows=100 loops=1)
                                      Buckets: 1024  Batches: 1  Memory Usage: 12kB
                                      Buffers: shared hit=1
                                      ->  Seq Scan on department d_1  (cost=0.00..2.00 rows=100 width=4) (actual rows=100 loops=1)
                                            Buffers: shared hit=1
  ->  Hash  (cost=2.00..2.00 rows=100 width=12) (actual rows=100 loops=1)
        Buckets: 1024  Batches: 1  Memory Usage: 13kB
        Buffers: shared hit=1
        ->  Seq Scan on department d  (cost=0.00..2.00 rows=100 width=12) (actual rows=100 loops=1)
              Buffers: shared hit=1
Planning:
  Buffers: shared hit=8
Planning Time: 0.388 ms
Execution Time: 74.676 ms",78.688,4640.84,100000,"Hash Join  (cost=2445.88..4640.84 rows=2000 width=14) (actual rows=100000 loops=1)
  Hash Cond: (e.departmentid = d.id)
  Buffers: shared hit=1330
  ->  Hash Join  (cost=2442.62..4632.11 rows=2000 width=14) (actual rows=100000 loops=1)
        Hash Cond: ((e.salary = edm.maxs) AND (e.departmentid = edm.did))
        Buffers: shared hit=1329
        ->  Seq Scan on employee e  (cost=0.00..1664.00 rows=100000 width=10) (actual rows=100000 loops=1)
              Buffers: shared hit=664
        ->  Hash  (cost=2441.88..2441.88 rows=50 width=8) (actual rows=50 loops=1)
              Buckets: 1024  Batches: 1  Memory Usage: 10kB
              Buffers: shared hit=665
              ->  Subquery Scan on edm  (cost=2440.88..2441.88 rows=50 width=8) (actual rows=50 loops=1)
                    Buffers: shared hit=665
                    ->  HashAggregate  (cost=2440.88..2441.38 rows=50 width=8) (actual rows=50 loops=1)
                          Group Key: e_1.departmentid
                          Batches: 1  Memory Usage: 24kB
                          Buffers: shared hit=665
                          ->  Hash Join  (cost=3.25..1940.88 rows=100000 width=8) (actual rows=100000 loops=1)
                                Hash Cond: (e_1.departmentid = d_1.id)
                                Buffers: shared hit=665
                                ->  Seq Scan on employee e_1  (cost=0.00..1664.00 rows=100000 width=8) (actual rows=100000 loops=1)
                                      Buffers: shared hit=664
                                ->  Hash  (cost=2.00..2.00 rows=100 width=4) (actual rows=100 loops=1)
                                      Buckets: 1024  Batches: 1  Memory Usage: 12kB
                                      Buffers: shared hit=1
                                      ->  Seq Scan on department d_1  (cost=0.00..2.00 rows=100 width=4) (actual rows=100 loops=1)
                                            Buffers: shared hit=1
  ->  Hash  (cost=2.00..2.00 rows=100 width=12) (actual rows=100 loops=1)
        Buckets: 1024  Batches: 1  Memory Usage: 13kB
        Buffers: shared hit=1
        ->  Seq Scan on department d  (cost=0.00..2.00 rows=100 width=12) (actual rows=100 loops=1)
              Buffers: shared hit=1
Planning:
  Buffers: shared hit=8
Planning Time: 0.472 ms
Execution Time: 78.688 ms",74.927,4640.84,100000,"Hash Join  (cost=2445.88..4640.84 rows=2000 width=14) (actual rows=100000 loops=1)
  Hash Cond: (e.departmentid = d.id)
  Buffers: shared hit=1330
  ->  Hash Join  (cost=2442.62..4632.11 rows=2000 width=14) (actual rows=100000 loops=1)
        Hash Cond: ((e.salary = edm.maxs) AND (e.departmentid = edm.did))
        Buffers: shared hit=1329
        ->  Seq Scan on employee e  (cost=0.00..1664.00 rows=100000 width=10) (actual rows=100000 loops=1)
              Buffers: shared hit=664
        ->  Hash  (cost=2441.88..2441.88 rows=50 width=8) (actual rows=50 loops=1)
              Buckets: 1024  Batches: 1  Memory Usage: 10kB
              Buffers: shared hit=665
              ->  Subquery Scan on edm  (cost=2440.88..2441.88 rows=50 width=8) (actual rows=50 loops=1)
                    Buffers: shared hit=665
                    ->  HashAggregate  (cost=2440.88..2441.38 rows=50 width=8) (actual rows=50 loops=1)
                          Group Key: e_1.departmentid
                          Batches: 1  Memory Usage: 24kB
                          Buffers: shared hit=665
                          ->  Hash Join  (cost=3.25..1940.88 rows=100000 width=8) (actual rows=100000 loops=1)
                                Hash Cond: (e_1.departmentid = d_1.id)
                                Buffers: shared hit=665
                                ->  Seq Scan on employee e_1  (cost=0.00..1664.00 rows=100000 width=8) (actual rows=100000 loops=1)
                                      Buffers: shared hit=664
                                ->  Hash  (cost=2.00..2.00 rows=100 width=4) (actual rows=100 loops=1)
                                      Buckets: 1024  Batches: 1  Memory Usage: 12kB
                                      Buffers: shared hit=1
                                      ->  Seq Scan on department d_1  (cost=0.00..2.00 rows=100 width=4) (actual rows=100 loops=1)
                                            Buffers: shared hit=1
  ->  Hash  (cost=2.00..2.00 rows=100 width=12) (actual rows=100 loops=1)
        Buckets: 1024  Batches: 1  Memory Usage: 13kB
        Buffers: shared hit=1
        ->  Seq Scan on department d  (cost=0.00..2.00 rows=100 width=12) (actual rows=100 loops=1)
              Buffers: shared hit=1
Planning:
  Buffers: shared hit=8
Planning Time: 0.266 ms
Execution Time: 74.927 ms",76.662,4640.84,100000,"Hash Join  (cost=2445.88..4640.84 rows=2000 width=14) (actual rows=100000 loops=1)
  Hash Cond: (e.departmentid = d.id)
  Buffers: shared hit=1330
  ->  Hash Join  (cost=2442.62..4632.11 rows=2000 width=14) (actual rows=100000 loops=1)
        Hash Cond: ((e.salary = edm.maxs) AND (e.departmentid = edm.did))
        Buffers: shared hit=1329
        ->  Seq Scan on employee e  (cost=0.00..1664.00 rows=100000 width=10) (actual rows=100000 loops=1)
              Buffers: shared hit=664
        ->  Hash  (cost=2441.88..2441.88 rows=50 width=8) (actual rows=50 loops=1)
              Buckets: 1024  Batches: 1  Memory Usage: 10kB
              Buffers: shared hit=665
              ->  Subquery Scan on edm  (cost=2440.88..2441.88 rows=50 width=8) (actual rows=50 loops=1)
                    Buffers: shared hit=665
                    ->  HashAggregate  (cost=2440.88..2441.38 rows=50 width=8) (actual rows=50 loops=1)
                          Group Key: e_1.departmentid
                          Batches: 1  Memory Usage: 24kB
                          Buffers: shared hit=665
                          ->  Hash Join  (cost=3.25..1940.88 rows=100000 width=8) (actual rows=100000 loops=1)
                                Hash Cond: (e_1.departmentid = d_1.id)
                                Buffers: shared hit=665
                                ->  Seq Scan on employee e_1  (cost=0.00..1664.00 rows=100000 width=8) (actual rows=100000 loops=1)
                                      Buffers: shared hit=664
                                ->  Hash  (cost=2.00..2.00 rows=100 width=4) (actual rows=100 loops=1)
                                      Buckets: 1024  Batches: 1  Memory Usage: 12kB
                                      Buffers: shared hit=1
                                      ->  Seq Scan on department d_1  (cost=0.00..2.00 rows=100 width=4) (actual rows=100 loops=1)
                                            Buffers: shared hit=1
  ->  Hash  (cost=2.00..2.00 rows=100 width=12) (actual rows=100 loops=1)
        Buckets: 1024  Batches: 1  Memory Usage: 13kB
        Buffers: shared hit=1
        ->  Seq Scan on department d  (cost=0.00..2.00 rows=100 width=12) (actual rows=100 loops=1)
              Buffers: shared hit=1
Planning:
  Buffers: shared hit=8
Planning Time: 0.485 ms
Execution Time: 76.662 ms",76.955,4640.84,100000,"Hash Join  (cost=2445.88..4640.84 rows=2000 width=14) (actual rows=100000 loops=1)
  Hash Cond: (e.departmentid = d.id)
  Buffers: shared hit=1330
  ->  Hash Join  (cost=2442.62..4632.11 rows=2000 width=14) (actual rows=100000 loops=1)
        Hash Cond: ((e.salary = edm.maxs) AND (e.departmentid = edm.did))
        Buffers: shared hit=1329
        ->  Seq Scan on employee e  (cost=0.00..1664.00 rows=100000 width=10) (actual rows=100000 loops=1)
              Buffers: shared hit=664
        ->  Hash  (cost=2441.88..2441.88 rows=50 width=8) (actual rows=50 loops=1)
              Buckets: 1024  Batches: 1  Memory Usage: 10kB
              Buffers: shared hit=665
              ->  Subquery Scan on edm  (cost=2440.88..2441.88 rows=50 width=8) (actual rows=50 loops=1)
                    Buffers: shared hit=665
                    ->  HashAggregate  (cost=2440.88..2441.38 rows=50 width=8) (actual rows=50 loops=1)
                          Group Key: e_1.departmentid
                          Batches: 1  Memory Usage: 24kB
                          Buffers: shared hit=665
                          ->  Hash Join  (cost=3.25..1940.88 rows=100000 width=8) (actual rows=100000 loops=1)
                                Hash Cond: (e_1.departmentid = d_1.id)
                                Buffers: shared hit=665
                                ->  Seq Scan on employee e_1  (cost=0.00..1664.00 rows=100000 width=8) (actual rows=100000 loops=1)
                                      Buffers: shared hit=664
                                ->  Hash  (cost=2.00..2.00 rows=100 width=4) (actual rows=100 loops=1)
                                      Buckets: 1024  Batches: 1  Memory Usage: 12kB
                                      Buffers: shared hit=1
                                      ->  Seq Scan on department d_1  (cost=0.00..2.00 rows=100 width=4) (actual rows=100 loops=1)
                                            Buffers: shared hit=1
  ->  Hash  (cost=2.00..2.00 rows=100 width=12) (actual rows=100 loops=1)
        Buckets: 1024  Batches: 1  Memory Usage: 13kB
        Buffers: shared hit=1
        ->  Seq Scan on department d  (cost=0.00..2.00 rows=100 width=12) (actual rows=100 loops=1)
              Buffers: shared hit=1
Planning:
  Buffers: shared hit=8
Planning Time: 0.578 ms
Execution Time: 76.955 ms",76.3816,76.662,77.8215,79.3812,4640.84,4640.84,100000,100000,100000,100000,normal,normal,2.6879562999999966,14.042584199999988,equal variances,significant,0.003968253968253968,-12.931400000000004,-13.674000000000007,-276.8800000000001,0,True
222,534,1,Medium,"SELECT T_activity_0.player_id AS player_id, T_activity_0.event_date AS event_date, SUM(T_activity_0.games_played) OVER ( PARTITION BY T_activity_0.player_id ORDER BY T_activity_0.event_date ASC ) AS games_played_so_far from schema_534.activity AS T_activity_0 ORDER BY player_id ASC,event_date ASC",94.566,6722.28,100000,"WindowAgg  (cost=0.29..6722.28 rows=100000 width=16) (actual rows=100000 loops=1)
  Buffers: shared hit=100137
  ->  Index Scan using activity_pkey on activity t_activity_0  (cost=0.29..4972.28 rows=100000 width=12) (actual rows=100000 loops=1)
        Buffers: shared hit=100137
Planning Time: 0.066 ms
Execution Time: 94.566 ms",101.566,6722.28,100000,"WindowAgg  (cost=0.29..6722.28 rows=100000 width=16) (actual rows=100000 loops=1)
  Buffers: shared hit=100137
  ->  Index Scan using activity_pkey on activity t_activity_0  (cost=0.29..4972.28 rows=100000 width=12) (actual rows=100000 loops=1)
        Buffers: shared hit=100137
Planning Time: 0.070 ms
Execution Time: 101.566 ms",100.864,6722.28,100000,"WindowAgg  (cost=0.29..6722.28 rows=100000 width=16) (actual rows=100000 loops=1)
  Buffers: shared hit=100137
  ->  Index Scan using activity_pkey on activity t_activity_0  (cost=0.29..4972.28 rows=100000 width=12) (actual rows=100000 loops=1)
        Buffers: shared hit=100137
Planning Time: 0.112 ms
Execution Time: 100.864 ms",105.921,6722.28,100000,"WindowAgg  (cost=0.29..6722.28 rows=100000 width=16) (actual rows=100000 loops=1)
  Buffers: shared hit=100137
  ->  Index Scan using activity_pkey on activity t_activity_0  (cost=0.29..4972.28 rows=100000 width=12) (actual rows=100000 loops=1)
        Buffers: shared hit=100137
Planning Time: 0.074 ms
Execution Time: 105.921 ms",99.484,6722.28,100000,"WindowAgg  (cost=0.29..6722.28 rows=100000 width=16) (actual rows=100000 loops=1)
  Buffers: shared hit=100137
  ->  Index Scan using activity_pkey on activity t_activity_0  (cost=0.29..4972.28 rows=100000 width=12) (actual rows=100000 loops=1)
        Buffers: shared hit=100137
Planning Time: 0.087 ms
Execution Time: 99.484 ms",100.4802,100.864,103.7435,107.663,6722.28,6722.28,100000,100000,100000,100000,534_1,222,534,1,Medium,"select distinct player_id, event_date, sum(games_played) over (partition by player_id order by event_date) as games_played_so_far from schema_534.activity order by player_id, event_date",207.436,8261.66,100000,"Sort  (cost=8236.66..8261.66 rows=10000 width=16) (actual rows=100000 loops=1)
  Sort Key: player_id, event_date
  Sort Method: external merge  Disk: 2552kB
  Buffers: shared hit=100137, temp read=545 written=769
  ->  HashAggregate  (cost=7472.28..7572.28 rows=10000 width=16) (actual rows=100000 loops=1)
        Group Key: player_id, event_date, sum(games_played) OVER (?)
        Batches: 5  Memory Usage: 4145kB  Disk Usage: 2312kB
        Buffers: shared hit=100137, temp read=226 written=449
        ->  WindowAgg  (cost=0.29..6722.28 rows=100000 width=16) (actual rows=100000 loops=1)
              Buffers: shared hit=100137
              ->  Index Scan using activity_pkey on activity  (cost=0.29..4972.28 rows=100000 width=12) (actual rows=100000 loops=1)
                    Buffers: shared hit=100137
Planning Time: 0.085 ms
Execution Time: 207.436 ms",217.622,8261.66,100000,"Sort  (cost=8236.66..8261.66 rows=10000 width=16) (actual rows=100000 loops=1)
  Sort Key: player_id, event_date
  Sort Method: external merge  Disk: 2552kB
  Buffers: shared hit=100137, temp read=545 written=769
  ->  HashAggregate  (cost=7472.28..7572.28 rows=10000 width=16) (actual rows=100000 loops=1)
        Group Key: player_id, event_date, sum(games_played) OVER (?)
        Batches: 5  Memory Usage: 4145kB  Disk Usage: 2312kB
        Buffers: shared hit=100137, temp read=226 written=449
        ->  WindowAgg  (cost=0.29..6722.28 rows=100000 width=16) (actual rows=100000 loops=1)
              Buffers: shared hit=100137
              ->  Index Scan using activity_pkey on activity  (cost=0.29..4972.28 rows=100000 width=12) (actual rows=100000 loops=1)
                    Buffers: shared hit=100137
Planning Time: 0.090 ms
Execution Time: 217.622 ms",235.337,8261.66,100000,"Sort  (cost=8236.66..8261.66 rows=10000 width=16) (actual rows=100000 loops=1)
  Sort Key: player_id, event_date
  Sort Method: external merge  Disk: 2552kB
  Buffers: shared hit=100137, temp read=545 written=769
  ->  HashAggregate  (cost=7472.28..7572.28 rows=10000 width=16) (actual rows=100000 loops=1)
        Group Key: player_id, event_date, sum(games_played) OVER (?)
        Batches: 5  Memory Usage: 4145kB  Disk Usage: 2312kB
        Buffers: shared hit=100137, temp read=226 written=449
        ->  WindowAgg  (cost=0.29..6722.28 rows=100000 width=16) (actual rows=100000 loops=1)
              Buffers: shared hit=100137
              ->  Index Scan using activity_pkey on activity  (cost=0.29..4972.28 rows=100000 width=12) (actual rows=100000 loops=1)
                    Buffers: shared hit=100137
Planning Time: 0.091 ms
Execution Time: 235.337 ms",214.612,8261.66,100000,"Sort  (cost=8236.66..8261.66 rows=10000 width=16) (actual rows=100000 loops=1)
  Sort Key: player_id, event_date
  Sort Method: external merge  Disk: 2552kB
  Buffers: shared hit=100137, temp read=545 written=769
  ->  HashAggregate  (cost=7472.28..7572.28 rows=10000 width=16) (actual rows=100000 loops=1)
        Group Key: player_id, event_date, sum(games_played) OVER (?)
        Batches: 5  Memory Usage: 4145kB  Disk Usage: 2312kB
        Buffers: shared hit=100137, temp read=226 written=449
        ->  WindowAgg  (cost=0.29..6722.28 rows=100000 width=16) (actual rows=100000 loops=1)
              Buffers: shared hit=100137
              ->  Index Scan using activity_pkey on activity  (cost=0.29..4972.28 rows=100000 width=12) (actual rows=100000 loops=1)
                    Buffers: shared hit=100137
Planning Time: 0.103 ms
Execution Time: 214.612 ms",216.997,8261.66,100000,"Sort  (cost=8236.66..8261.66 rows=10000 width=16) (actual rows=100000 loops=1)
  Sort Key: player_id, event_date
  Sort Method: external merge  Disk: 2552kB
  Buffers: shared hit=100137, temp read=545 written=769
  ->  HashAggregate  (cost=7472.28..7572.28 rows=10000 width=16) (actual rows=100000 loops=1)
        Group Key: player_id, event_date, sum(games_played) OVER (?)
        Batches: 5  Memory Usage: 4145kB  Disk Usage: 2312kB
        Buffers: shared hit=100137, temp read=226 written=449
        ->  WindowAgg  (cost=0.29..6722.28 rows=100000 width=16) (actual rows=100000 loops=1)
              Buffers: shared hit=100137
              ->  Index Scan using activity_pkey on activity  (cost=0.29..4972.28 rows=100000 width=12) (actual rows=100000 loops=1)
                    Buffers: shared hit=100137
Planning Time: 0.101 ms
Execution Time: 216.997 ms",218.4008,216.997,226.4795,242.423,8261.66,8261.66,100000,100000,100000,100000,normal,normal,105.99847469999987,16.724686200000015,equal variances,significant,0.003968253968253968,-117.92060000000001,-116.13300000000001,-1539.38,0,True
224,534,3,Medium,"SELECT b.player_id AS player_id, b.event_date AS event_date, SUM(b.games_played) OVER ( PARTITION BY b.player_id ORDER BY b.event_date ASC ) AS games_played_so_far from schema_534.activity AS b GROUP BY b.event_date,b.player_id",165.358,3005.39,100000,"WindowAgg  (cost=2805.39..3005.39 rows=10000 width=16) (actual rows=100000 loops=1)
  Buffers: shared hit=541, temp read=471 written=633
  ->  Sort  (cost=2805.39..2830.39 rows=10000 width=12) (actual rows=100000 loops=1)
        Sort Key: player_id, event_date
        Sort Method: external merge  Disk: 2160kB
        Buffers: shared hit=541, temp read=471 written=633
        ->  HashAggregate  (cost=2041.00..2141.00 rows=10000 width=12) (actual rows=100000 loops=1)
              Group Key: event_date, player_id
              Batches: 5  Memory Usage: 4145kB  Disk Usage: 1744kB
              Buffers: shared hit=541, temp read=201 written=362
              ->  Seq Scan on activity b  (cost=0.00..1541.00 rows=100000 width=12) (actual rows=100000 loops=1)
                    Buffers: shared hit=541
Planning:
  Buffers: shared hit=3
Planning Time: 0.087 ms
Execution Time: 165.358 ms",171.622,3005.39,100000,"WindowAgg  (cost=2805.39..3005.39 rows=10000 width=16) (actual rows=100000 loops=1)
  Buffers: shared hit=541, temp read=471 written=633
  ->  Sort  (cost=2805.39..2830.39 rows=10000 width=12) (actual rows=100000 loops=1)
        Sort Key: player_id, event_date
        Sort Method: external merge  Disk: 2160kB
        Buffers: shared hit=541, temp read=471 written=633
        ->  HashAggregate  (cost=2041.00..2141.00 rows=10000 width=12) (actual rows=100000 loops=1)
              Group Key: event_date, player_id
              Batches: 5  Memory Usage: 4145kB  Disk Usage: 1744kB
              Buffers: shared hit=541, temp read=201 written=362
              ->  Seq Scan on activity b  (cost=0.00..1541.00 rows=100000 width=12) (actual rows=100000 loops=1)
                    Buffers: shared hit=541
Planning:
  Buffers: shared hit=3
Planning Time: 0.056 ms
Execution Time: 171.622 ms",178.243,3005.39,100000,"WindowAgg  (cost=2805.39..3005.39 rows=10000 width=16) (actual rows=100000 loops=1)
  Buffers: shared hit=541, temp read=471 written=633
  ->  Sort  (cost=2805.39..2830.39 rows=10000 width=12) (actual rows=100000 loops=1)
        Sort Key: player_id, event_date
        Sort Method: external merge  Disk: 2160kB
        Buffers: shared hit=541, temp read=471 written=633
        ->  HashAggregate  (cost=2041.00..2141.00 rows=10000 width=12) (actual rows=100000 loops=1)
              Group Key: event_date, player_id
              Batches: 5  Memory Usage: 4145kB  Disk Usage: 1744kB
              Buffers: shared hit=541, temp read=201 written=362
              ->  Seq Scan on activity b  (cost=0.00..1541.00 rows=100000 width=12) (actual rows=100000 loops=1)
                    Buffers: shared hit=541
Planning:
  Buffers: shared hit=3
Planning Time: 0.148 ms
Execution Time: 178.243 ms",170.151,3005.39,100000,"WindowAgg  (cost=2805.39..3005.39 rows=10000 width=16) (actual rows=100000 loops=1)
  Buffers: shared hit=541, temp read=471 written=633
  ->  Sort  (cost=2805.39..2830.39 rows=10000 width=12) (actual rows=100000 loops=1)
        Sort Key: player_id, event_date
        Sort Method: external merge  Disk: 2160kB
        Buffers: shared hit=541, temp read=471 written=633
        ->  HashAggregate  (cost=2041.00..2141.00 rows=10000 width=12) (actual rows=100000 loops=1)
              Group Key: event_date, player_id
              Batches: 5  Memory Usage: 4145kB  Disk Usage: 1744kB
              Buffers: shared hit=541, temp read=201 written=362
              ->  Seq Scan on activity b  (cost=0.00..1541.00 rows=100000 width=12) (actual rows=100000 loops=1)
                    Buffers: shared hit=541
Planning:
  Buffers: shared hit=3
Planning Time: 0.083 ms
Execution Time: 170.151 ms",171.219,3005.39,100000,"WindowAgg  (cost=2805.39..3005.39 rows=10000 width=16) (actual rows=100000 loops=1)
  Buffers: shared hit=541, temp read=471 written=633
  ->  Sort  (cost=2805.39..2830.39 rows=10000 width=12) (actual rows=100000 loops=1)
        Sort Key: player_id, event_date
        Sort Method: external merge  Disk: 2160kB
        Buffers: shared hit=541, temp read=471 written=633
        ->  HashAggregate  (cost=2041.00..2141.00 rows=10000 width=12) (actual rows=100000 loops=1)
              Group Key: event_date, player_id
              Batches: 5  Memory Usage: 4145kB  Disk Usage: 1744kB
              Buffers: shared hit=541, temp read=201 written=362
              ->  Seq Scan on activity b  (cost=0.00..1541.00 rows=100000 width=12) (actual rows=100000 loops=1)
                    Buffers: shared hit=541
Planning:
  Buffers: shared hit=3
Planning Time: 0.078 ms
Execution Time: 171.219 ms",171.3186,171.219,174.9325,180.8914,3005.39,3005.39,100000,100000,100000,100000,534_3,224,534,3,Medium,"select a.player_id, a.event_date, sum(b.games_played) as games_played_so_far from schema_534.activity as a left outer join schema_534.activity as b on (a.player_id = b.player_id and a.event_date >= b.event_date) group by a.player_id, a.event_date order by a.player_id, a.event_date asc",4532.739,286744.31,100000,"GroupAggregate  (cost=0.58..286744.31 rows=10000 width=16) (actual rows=100000 loops=1)
  Group Key: a.player_id, a.event_date
  Buffers: shared hit=10284038
  ->  Nested Loop Left Join  (cost=0.58..236530.29 rows=6681869 width=12) (actual rows=10090526 loops=1)
        Buffers: shared hit=10284038
        ->  Index Only Scan using activity_pkey on activity a  (cost=0.29..2808.29 rows=100000 width=8) (actual rows=100000 loops=1)
              Heap Fetches: 0
              Buffers: shared hit=327
        ->  Index Scan using activity_pkey on activity b  (cost=0.29..1.67 rows=67 width=12) (actual rows=101 loops=100000)
              Index Cond: ((player_id = a.player_id) AND (event_date <= a.event_date))
              Buffers: shared hit=10283711
Planning:
  Buffers: shared hit=15
Planning Time: 0.228 ms
JIT:
  Functions: 9
  Options: Inlining false, Optimization false, Expressions true, Deforming true
Execution Time: 4532.739 ms",4553.451,286744.31,100000,"GroupAggregate  (cost=0.58..286744.31 rows=10000 width=16) (actual rows=100000 loops=1)
  Group Key: a.player_id, a.event_date
  Buffers: shared hit=10284038
  ->  Nested Loop Left Join  (cost=0.58..236530.29 rows=6681869 width=12) (actual rows=10090526 loops=1)
        Buffers: shared hit=10284038
        ->  Index Only Scan using activity_pkey on activity a  (cost=0.29..2808.29 rows=100000 width=8) (actual rows=100000 loops=1)
              Heap Fetches: 0
              Buffers: shared hit=327
        ->  Index Scan using activity_pkey on activity b  (cost=0.29..1.67 rows=67 width=12) (actual rows=101 loops=100000)
              Index Cond: ((player_id = a.player_id) AND (event_date <= a.event_date))
              Buffers: shared hit=10283711
Planning:
  Buffers: shared hit=15
Planning Time: 0.397 ms
JIT:
  Functions: 9
  Options: Inlining false, Optimization false, Expressions true, Deforming true
Execution Time: 4553.451 ms",4548.951,286744.31,100000,"GroupAggregate  (cost=0.58..286744.31 rows=10000 width=16) (actual rows=100000 loops=1)
  Group Key: a.player_id, a.event_date
  Buffers: shared hit=10284038
  ->  Nested Loop Left Join  (cost=0.58..236530.29 rows=6681869 width=12) (actual rows=10090526 loops=1)
        Buffers: shared hit=10284038
        ->  Index Only Scan using activity_pkey on activity a  (cost=0.29..2808.29 rows=100000 width=8) (actual rows=100000 loops=1)
              Heap Fetches: 0
              Buffers: shared hit=327
        ->  Index Scan using activity_pkey on activity b  (cost=0.29..1.67 rows=67 width=12) (actual rows=101 loops=100000)
              Index Cond: ((player_id = a.player_id) AND (event_date <= a.event_date))
              Buffers: shared hit=10283711
Planning:
  Buffers: shared hit=15
Planning Time: 0.291 ms
JIT:
  Functions: 9
  Options: Inlining false, Optimization false, Expressions true, Deforming true
Execution Time: 4548.951 ms",4548.104,286744.31,100000,"GroupAggregate  (cost=0.58..286744.31 rows=10000 width=16) (actual rows=100000 loops=1)
  Group Key: a.player_id, a.event_date
  Buffers: shared hit=10284038
  ->  Nested Loop Left Join  (cost=0.58..236530.29 rows=6681869 width=12) (actual rows=10090526 loops=1)
        Buffers: shared hit=10284038
        ->  Index Only Scan using activity_pkey on activity a  (cost=0.29..2808.29 rows=100000 width=8) (actual rows=100000 loops=1)
              Heap Fetches: 0
              Buffers: shared hit=327
        ->  Index Scan using activity_pkey on activity b  (cost=0.29..1.67 rows=67 width=12) (actual rows=101 loops=100000)
              Index Cond: ((player_id = a.player_id) AND (event_date <= a.event_date))
              Buffers: shared hit=10283711
Planning:
  Buffers: shared hit=15
Planning Time: 0.299 ms
JIT:
  Functions: 9
  Options: Inlining false, Optimization false, Expressions true, Deforming true
Execution Time: 4548.104 ms",4545.784,286744.31,100000,"GroupAggregate  (cost=0.58..286744.31 rows=10000 width=16) (actual rows=100000 loops=1)
  Group Key: a.player_id, a.event_date
  Buffers: shared hit=10284038
  ->  Nested Loop Left Join  (cost=0.58..236530.29 rows=6681869 width=12) (actual rows=10090526 loops=1)
        Buffers: shared hit=10284038
        ->  Index Only Scan using activity_pkey on activity a  (cost=0.29..2808.29 rows=100000 width=8) (actual rows=100000 loops=1)
              Heap Fetches: 0
              Buffers: shared hit=327
        ->  Index Scan using activity_pkey on activity b  (cost=0.29..1.67 rows=67 width=12) (actual rows=101 loops=100000)
              Index Cond: ((player_id = a.player_id) AND (event_date <= a.event_date))
              Buffers: shared hit=10283711
Planning:
  Buffers: shared hit=15
Planning Time: 0.312 ms
JIT:
  Functions: 9
  Options: Inlining false, Optimization false, Expressions true, Deforming true
Execution Time: 4545.784 ms",4545.8058,4548.104,4551.201,4555.251,286744.31,286744.31,100000,100000,100000,100000,normal,normal,61.091206700003184,21.235332299999968,equal variances,significant,0.003968253968253968,-4374.4872000000005,-4376.885,-283738.92,0,True
225,534,4,Medium,"SELECT a2.player_id AS player_id, a2.event_date AS event_date, SUM(a2.games_played) OVER ( PARTITION BY a2.player_id ORDER BY a2.event_date ASC ) AS games_played_so_far from schema_534.activity AS a2 GROUP BY a2.player_id,a2.event_date",162.026,3005.39,100000,"WindowAgg  (cost=2805.39..3005.39 rows=10000 width=16) (actual rows=100000 loops=1)
  Buffers: shared hit=541, temp read=471 written=633
  ->  Sort  (cost=2805.39..2830.39 rows=10000 width=12) (actual rows=100000 loops=1)
        Sort Key: player_id, event_date
        Sort Method: external merge  Disk: 2160kB
        Buffers: shared hit=541, temp read=471 written=633
        ->  HashAggregate  (cost=2041.00..2141.00 rows=10000 width=12) (actual rows=100000 loops=1)
              Group Key: player_id, event_date
              Batches: 5  Memory Usage: 4145kB  Disk Usage: 1744kB
              Buffers: shared hit=541, temp read=201 written=362
              ->  Seq Scan on activity a2  (cost=0.00..1541.00 rows=100000 width=12) (actual rows=100000 loops=1)
                    Buffers: shared hit=541
Planning:
  Buffers: shared hit=3
Planning Time: 0.120 ms
Execution Time: 162.026 ms",170.894,3005.39,100000,"WindowAgg  (cost=2805.39..3005.39 rows=10000 width=16) (actual rows=100000 loops=1)
  Buffers: shared hit=541, temp read=471 written=633
  ->  Sort  (cost=2805.39..2830.39 rows=10000 width=12) (actual rows=100000 loops=1)
        Sort Key: player_id, event_date
        Sort Method: external merge  Disk: 2160kB
        Buffers: shared hit=541, temp read=471 written=633
        ->  HashAggregate  (cost=2041.00..2141.00 rows=10000 width=12) (actual rows=100000 loops=1)
              Group Key: player_id, event_date
              Batches: 5  Memory Usage: 4145kB  Disk Usage: 1744kB
              Buffers: shared hit=541, temp read=201 written=362
              ->  Seq Scan on activity a2  (cost=0.00..1541.00 rows=100000 width=12) (actual rows=100000 loops=1)
                    Buffers: shared hit=541
Planning:
  Buffers: shared hit=3
Planning Time: 0.088 ms
Execution Time: 170.894 ms",169.191,3005.39,100000,"WindowAgg  (cost=2805.39..3005.39 rows=10000 width=16) (actual rows=100000 loops=1)
  Buffers: shared hit=541, temp read=471 written=633
  ->  Sort  (cost=2805.39..2830.39 rows=10000 width=12) (actual rows=100000 loops=1)
        Sort Key: player_id, event_date
        Sort Method: external merge  Disk: 2160kB
        Buffers: shared hit=541, temp read=471 written=633
        ->  HashAggregate  (cost=2041.00..2141.00 rows=10000 width=12) (actual rows=100000 loops=1)
              Group Key: player_id, event_date
              Batches: 5  Memory Usage: 4145kB  Disk Usage: 1744kB
              Buffers: shared hit=541, temp read=201 written=362
              ->  Seq Scan on activity a2  (cost=0.00..1541.00 rows=100000 width=12) (actual rows=100000 loops=1)
                    Buffers: shared hit=541
Planning:
  Buffers: shared hit=3
Planning Time: 0.103 ms
Execution Time: 169.191 ms",179.039,3005.39,100000,"WindowAgg  (cost=2805.39..3005.39 rows=10000 width=16) (actual rows=100000 loops=1)
  Buffers: shared hit=541, temp read=471 written=633
  ->  Sort  (cost=2805.39..2830.39 rows=10000 width=12) (actual rows=100000 loops=1)
        Sort Key: player_id, event_date
        Sort Method: external merge  Disk: 2160kB
        Buffers: shared hit=541, temp read=471 written=633
        ->  HashAggregate  (cost=2041.00..2141.00 rows=10000 width=12) (actual rows=100000 loops=1)
              Group Key: player_id, event_date
              Batches: 5  Memory Usage: 4145kB  Disk Usage: 1744kB
              Buffers: shared hit=541, temp read=201 written=362
              ->  Seq Scan on activity a2  (cost=0.00..1541.00 rows=100000 width=12) (actual rows=100000 loops=1)
                    Buffers: shared hit=541
Planning:
  Buffers: shared hit=3
Planning Time: 0.094 ms
Execution Time: 179.039 ms",173.218,3005.39,100000,"WindowAgg  (cost=2805.39..3005.39 rows=10000 width=16) (actual rows=100000 loops=1)
  Buffers: shared hit=541, temp read=471 written=633
  ->  Sort  (cost=2805.39..2830.39 rows=10000 width=12) (actual rows=100000 loops=1)
        Sort Key: player_id, event_date
        Sort Method: external merge  Disk: 2160kB
        Buffers: shared hit=541, temp read=471 written=633
        ->  HashAggregate  (cost=2041.00..2141.00 rows=10000 width=12) (actual rows=100000 loops=1)
              Group Key: player_id, event_date
              Batches: 5  Memory Usage: 4145kB  Disk Usage: 1744kB
              Buffers: shared hit=541, temp read=201 written=362
              ->  Seq Scan on activity a2  (cost=0.00..1541.00 rows=100000 width=12) (actual rows=100000 loops=1)
                    Buffers: shared hit=541
Planning:
  Buffers: shared hit=3
Planning Time: 0.094 ms
Execution Time: 173.218 ms",170.8736,170.894,176.1285,181.3674,3005.39,3005.39,100000,100000,100000,100000,534_4,225,534,4,Medium,"select a.player_id, a.event_date, sum(a2.games_played) as games_played_so_far from schema_534.activity as a join schema_534.activity as a2 on (a.event_date >= a2.event_date and a.player_id = a2.player_id) group by 1, 2",4938.709,283313.02,100000,"HashAggregate  (cost=283213.02..283313.02 rows=10000 width=16) (actual rows=100000 loops=1)
  Group Key: a.player_id, a.event_date
  Batches: 5  Memory Usage: 4145kB  Disk Usage: 195544kB
  Buffers: shared hit=212745, temp read=24313 written=42597
  ->  Nested Loop  (cost=0.29..233099.00 rows=6681869 width=12) (actual rows=10090526 loops=1)
        Buffers: shared hit=212745
        ->  Seq Scan on activity a2  (cost=0.00..1541.00 rows=100000 width=12) (actual rows=100000 loops=1)
              Buffers: shared hit=541
        ->  Index Only Scan using activity_pkey on activity a  (cost=0.29..1.65 rows=67 width=8) (actual rows=101 loops=100000)
              Index Cond: ((player_id = a2.player_id) AND (event_date >= a2.event_date))
              Heap Fetches: 0
              Buffers: shared hit=212204
Planning:
  Buffers: shared hit=15
Planning Time: 0.190 ms
JIT:
  Functions: 12
  Options: Inlining false, Optimization false, Expressions true, Deforming true
Execution Time: 4938.709 ms",4963.977,283313.02,100000,"HashAggregate  (cost=283213.02..283313.02 rows=10000 width=16) (actual rows=100000 loops=1)
  Group Key: a.player_id, a.event_date
  Batches: 5  Memory Usage: 4145kB  Disk Usage: 195544kB
  Buffers: shared hit=212745, temp read=24313 written=42597
  ->  Nested Loop  (cost=0.29..233099.00 rows=6681869 width=12) (actual rows=10090526 loops=1)
        Buffers: shared hit=212745
        ->  Seq Scan on activity a2  (cost=0.00..1541.00 rows=100000 width=12) (actual rows=100000 loops=1)
              Buffers: shared hit=541
        ->  Index Only Scan using activity_pkey on activity a  (cost=0.29..1.65 rows=67 width=8) (actual rows=101 loops=100000)
              Index Cond: ((player_id = a2.player_id) AND (event_date >= a2.event_date))
              Heap Fetches: 0
              Buffers: shared hit=212204
Planning:
  Buffers: shared hit=15
Planning Time: 0.393 ms
JIT:
  Functions: 12
  Options: Inlining false, Optimization false, Expressions true, Deforming true
Execution Time: 4963.977 ms",4953.988,283313.02,100000,"HashAggregate  (cost=283213.02..283313.02 rows=10000 width=16) (actual rows=100000 loops=1)
  Group Key: a.player_id, a.event_date
  Batches: 5  Memory Usage: 4145kB  Disk Usage: 195544kB
  Buffers: shared hit=212745, temp read=24313 written=42597
  ->  Nested Loop  (cost=0.29..233099.00 rows=6681869 width=12) (actual rows=10090526 loops=1)
        Buffers: shared hit=212745
        ->  Seq Scan on activity a2  (cost=0.00..1541.00 rows=100000 width=12) (actual rows=100000 loops=1)
              Buffers: shared hit=541
        ->  Index Only Scan using activity_pkey on activity a  (cost=0.29..1.65 rows=67 width=8) (actual rows=101 loops=100000)
              Index Cond: ((player_id = a2.player_id) AND (event_date >= a2.event_date))
              Heap Fetches: 0
              Buffers: shared hit=212204
Planning:
  Buffers: shared hit=15
Planning Time: 0.300 ms
JIT:
  Functions: 12
  Options: Inlining false, Optimization false, Expressions true, Deforming true
Execution Time: 4953.988 ms",4954.12,283313.02,100000,"HashAggregate  (cost=283213.02..283313.02 rows=10000 width=16) (actual rows=100000 loops=1)
  Group Key: a.player_id, a.event_date
  Batches: 5  Memory Usage: 4145kB  Disk Usage: 195544kB
  Buffers: shared hit=212745, temp read=24313 written=42597
  ->  Nested Loop  (cost=0.29..233099.00 rows=6681869 width=12) (actual rows=10090526 loops=1)
        Buffers: shared hit=212745
        ->  Seq Scan on activity a2  (cost=0.00..1541.00 rows=100000 width=12) (actual rows=100000 loops=1)
              Buffers: shared hit=541
        ->  Index Only Scan using activity_pkey on activity a  (cost=0.29..1.65 rows=67 width=8) (actual rows=101 loops=100000)
              Index Cond: ((player_id = a2.player_id) AND (event_date >= a2.event_date))
              Heap Fetches: 0
              Buffers: shared hit=212204
Planning:
  Buffers: shared hit=15
Planning Time: 0.311 ms
JIT:
  Functions: 12
  Options: Inlining false, Optimization false, Expressions true, Deforming true
Execution Time: 4954.120 ms",4955.886,283313.02,100000,"HashAggregate  (cost=283213.02..283313.02 rows=10000 width=16) (actual rows=100000 loops=1)
  Group Key: a.player_id, a.event_date
  Batches: 5  Memory Usage: 4145kB  Disk Usage: 195544kB
  Buffers: shared hit=212745, temp read=24313 written=42597
  ->  Nested Loop  (cost=0.29..233099.00 rows=6681869 width=12) (actual rows=10090526 loops=1)
        Buffers: shared hit=212745
        ->  Seq Scan on activity a2  (cost=0.00..1541.00 rows=100000 width=12) (actual rows=100000 loops=1)
              Buffers: shared hit=541
        ->  Index Only Scan using activity_pkey on activity a  (cost=0.29..1.65 rows=67 width=8) (actual rows=101 loops=100000)
              Index Cond: ((player_id = a2.player_id) AND (event_date >= a2.event_date))
              Heap Fetches: 0
              Buffers: shared hit=212204
Planning:
  Buffers: shared hit=15
Planning Time: 0.284 ms
JIT:
  Functions: 12
  Options: Inlining false, Optimization false, Expressions true, Deforming true
Execution Time: 4955.886 ms",4953.336,4954.12,4959.9315,4967.2134,283313.02,283313.02,100000,100000,100000,100000,normal,normal,83.68056750000106,38.32038829999989,equal variances,significant,0.003968253968253968,-4782.4624,-4783.226,-280307.63,0,True
226,534,10,Medium,"SELECT a2.player_id AS player_id, a2.event_date AS event_date, SUM(a2.games_played) OVER ( PARTITION BY a2.player_id ORDER BY a2.event_date ASC ) AS games_played_so_far from schema_534.activity AS a2 GROUP BY a2.event_date,a2.player_id",160.763,3005.39,100000,"WindowAgg  (cost=2805.39..3005.39 rows=10000 width=16) (actual rows=100000 loops=1)
  Buffers: shared hit=541, temp read=471 written=633
  ->  Sort  (cost=2805.39..2830.39 rows=10000 width=12) (actual rows=100000 loops=1)
        Sort Key: player_id, event_date
        Sort Method: external merge  Disk: 2160kB
        Buffers: shared hit=541, temp read=471 written=633
        ->  HashAggregate  (cost=2041.00..2141.00 rows=10000 width=12) (actual rows=100000 loops=1)
              Group Key: event_date, player_id
              Batches: 5  Memory Usage: 4145kB  Disk Usage: 1744kB
              Buffers: shared hit=541, temp read=201 written=362
              ->  Seq Scan on activity a2  (cost=0.00..1541.00 rows=100000 width=12) (actual rows=100000 loops=1)
                    Buffers: shared hit=541
Planning:
  Buffers: shared hit=3
Planning Time: 0.067 ms
Execution Time: 160.763 ms",172.24,3005.39,100000,"WindowAgg  (cost=2805.39..3005.39 rows=10000 width=16) (actual rows=100000 loops=1)
  Buffers: shared hit=541, temp read=471 written=633
  ->  Sort  (cost=2805.39..2830.39 rows=10000 width=12) (actual rows=100000 loops=1)
        Sort Key: player_id, event_date
        Sort Method: external merge  Disk: 2160kB
        Buffers: shared hit=541, temp read=471 written=633
        ->  HashAggregate  (cost=2041.00..2141.00 rows=10000 width=12) (actual rows=100000 loops=1)
              Group Key: event_date, player_id
              Batches: 5  Memory Usage: 4145kB  Disk Usage: 1744kB
              Buffers: shared hit=541, temp read=201 written=362
              ->  Seq Scan on activity a2  (cost=0.00..1541.00 rows=100000 width=12) (actual rows=100000 loops=1)
                    Buffers: shared hit=541
Planning:
  Buffers: shared hit=3
Planning Time: 0.084 ms
Execution Time: 172.240 ms",166.158,3005.39,100000,"WindowAgg  (cost=2805.39..3005.39 rows=10000 width=16) (actual rows=100000 loops=1)
  Buffers: shared hit=541, temp read=471 written=633
  ->  Sort  (cost=2805.39..2830.39 rows=10000 width=12) (actual rows=100000 loops=1)
        Sort Key: player_id, event_date
        Sort Method: external merge  Disk: 2160kB
        Buffers: shared hit=541, temp read=471 written=633
        ->  HashAggregate  (cost=2041.00..2141.00 rows=10000 width=12) (actual rows=100000 loops=1)
              Group Key: event_date, player_id
              Batches: 5  Memory Usage: 4145kB  Disk Usage: 1744kB
              Buffers: shared hit=541, temp read=201 written=362
              ->  Seq Scan on activity a2  (cost=0.00..1541.00 rows=100000 width=12) (actual rows=100000 loops=1)
                    Buffers: shared hit=541
Planning:
  Buffers: shared hit=3
Planning Time: 0.072 ms
Execution Time: 166.158 ms",169.984,3005.39,100000,"WindowAgg  (cost=2805.39..3005.39 rows=10000 width=16) (actual rows=100000 loops=1)
  Buffers: shared hit=541, temp read=471 written=633
  ->  Sort  (cost=2805.39..2830.39 rows=10000 width=12) (actual rows=100000 loops=1)
        Sort Key: player_id, event_date
        Sort Method: external merge  Disk: 2160kB
        Buffers: shared hit=541, temp read=471 written=633
        ->  HashAggregate  (cost=2041.00..2141.00 rows=10000 width=12) (actual rows=100000 loops=1)
              Group Key: event_date, player_id
              Batches: 5  Memory Usage: 4145kB  Disk Usage: 1744kB
              Buffers: shared hit=541, temp read=201 written=362
              ->  Seq Scan on activity a2  (cost=0.00..1541.00 rows=100000 width=12) (actual rows=100000 loops=1)
                    Buffers: shared hit=541
Planning:
  Buffers: shared hit=3
Planning Time: 0.086 ms
Execution Time: 169.984 ms",168.072,3005.39,100000,"WindowAgg  (cost=2805.39..3005.39 rows=10000 width=16) (actual rows=100000 loops=1)
  Buffers: shared hit=541, temp read=471 written=633
  ->  Sort  (cost=2805.39..2830.39 rows=10000 width=12) (actual rows=100000 loops=1)
        Sort Key: player_id, event_date
        Sort Method: external merge  Disk: 2160kB
        Buffers: shared hit=541, temp read=471 written=633
        ->  HashAggregate  (cost=2041.00..2141.00 rows=10000 width=12) (actual rows=100000 loops=1)
              Group Key: event_date, player_id
              Batches: 5  Memory Usage: 4145kB  Disk Usage: 1744kB
              Buffers: shared hit=541, temp read=201 written=362
              ->  Seq Scan on activity a2  (cost=0.00..1541.00 rows=100000 width=12) (actual rows=100000 loops=1)
                    Buffers: shared hit=541
Planning:
  Buffers: shared hit=3
Planning Time: 0.095 ms
Execution Time: 168.072 ms",167.4434,168.072,171.112,173.1424,3005.39,3005.39,100000,100000,100000,100000,534_10,226,534,10,Medium,"select a1.player_id, a1.event_date, sum(a2.games_played) as games_played_so_far from schema_534.activity as a1 join schema_534.activity as a2 on (a1.event_date >= a2.event_date and a1.player_id = a2.player_id) group by a1.player_id, a1.event_date",4914.837,283313.02,100000,"HashAggregate  (cost=283213.02..283313.02 rows=10000 width=16) (actual rows=100000 loops=1)
  Group Key: a1.player_id, a1.event_date
  Batches: 5  Memory Usage: 4145kB  Disk Usage: 195544kB
  Buffers: shared hit=212745, temp read=24313 written=42597
  ->  Nested Loop  (cost=0.29..233099.00 rows=6681869 width=12) (actual rows=10090526 loops=1)
        Buffers: shared hit=212745
        ->  Seq Scan on activity a2  (cost=0.00..1541.00 rows=100000 width=12) (actual rows=100000 loops=1)
              Buffers: shared hit=541
        ->  Index Only Scan using activity_pkey on activity a1  (cost=0.29..1.65 rows=67 width=8) (actual rows=101 loops=100000)
              Index Cond: ((player_id = a2.player_id) AND (event_date >= a2.event_date))
              Heap Fetches: 0
              Buffers: shared hit=212204
Planning:
  Buffers: shared hit=15
Planning Time: 0.216 ms
JIT:
  Functions: 12
  Options: Inlining false, Optimization false, Expressions true, Deforming true
Execution Time: 4914.837 ms",4944.576,283313.02,100000,"HashAggregate  (cost=283213.02..283313.02 rows=10000 width=16) (actual rows=100000 loops=1)
  Group Key: a1.player_id, a1.event_date
  Batches: 5  Memory Usage: 4145kB  Disk Usage: 195544kB
  Buffers: shared hit=212745, temp read=24313 written=42597
  ->  Nested Loop  (cost=0.29..233099.00 rows=6681869 width=12) (actual rows=10090526 loops=1)
        Buffers: shared hit=212745
        ->  Seq Scan on activity a2  (cost=0.00..1541.00 rows=100000 width=12) (actual rows=100000 loops=1)
              Buffers: shared hit=541
        ->  Index Only Scan using activity_pkey on activity a1  (cost=0.29..1.65 rows=67 width=8) (actual rows=101 loops=100000)
              Index Cond: ((player_id = a2.player_id) AND (event_date >= a2.event_date))
              Heap Fetches: 0
              Buffers: shared hit=212204
Planning:
  Buffers: shared hit=15
Planning Time: 0.317 ms
JIT:
  Functions: 12
  Options: Inlining false, Optimization false, Expressions true, Deforming true
Execution Time: 4944.576 ms",4929.977,283313.02,100000,"HashAggregate  (cost=283213.02..283313.02 rows=10000 width=16) (actual rows=100000 loops=1)
  Group Key: a1.player_id, a1.event_date
  Batches: 5  Memory Usage: 4145kB  Disk Usage: 195544kB
  Buffers: shared hit=212745, temp read=24313 written=42597
  ->  Nested Loop  (cost=0.29..233099.00 rows=6681869 width=12) (actual rows=10090526 loops=1)
        Buffers: shared hit=212745
        ->  Seq Scan on activity a2  (cost=0.00..1541.00 rows=100000 width=12) (actual rows=100000 loops=1)
              Buffers: shared hit=541
        ->  Index Only Scan using activity_pkey on activity a1  (cost=0.29..1.65 rows=67 width=8) (actual rows=101 loops=100000)
              Index Cond: ((player_id = a2.player_id) AND (event_date >= a2.event_date))
              Heap Fetches: 0
              Buffers: shared hit=212204
Planning:
  Buffers: shared hit=15
Planning Time: 0.288 ms
JIT:
  Functions: 12
  Options: Inlining false, Optimization false, Expressions true, Deforming true
Execution Time: 4929.977 ms",4927.567,283313.02,100000,"HashAggregate  (cost=283213.02..283313.02 rows=10000 width=16) (actual rows=100000 loops=1)
  Group Key: a1.player_id, a1.event_date
  Batches: 5  Memory Usage: 4145kB  Disk Usage: 195544kB
  Buffers: shared hit=212745, temp read=24313 written=42597
  ->  Nested Loop  (cost=0.29..233099.00 rows=6681869 width=12) (actual rows=10090526 loops=1)
        Buffers: shared hit=212745
        ->  Seq Scan on activity a2  (cost=0.00..1541.00 rows=100000 width=12) (actual rows=100000 loops=1)
              Buffers: shared hit=541
        ->  Index Only Scan using activity_pkey on activity a1  (cost=0.29..1.65 rows=67 width=8) (actual rows=101 loops=100000)
              Index Cond: ((player_id = a2.player_id) AND (event_date >= a2.event_date))
              Heap Fetches: 0
              Buffers: shared hit=212204
Planning:
  Buffers: shared hit=15
Planning Time: 0.279 ms
JIT:
  Functions: 12
  Options: Inlining false, Optimization false, Expressions true, Deforming true
Execution Time: 4927.567 ms",4927.525,283313.02,100000,"HashAggregate  (cost=283213.02..283313.02 rows=10000 width=16) (actual rows=100000 loops=1)
  Group Key: a1.player_id, a1.event_date
  Batches: 5  Memory Usage: 4145kB  Disk Usage: 195544kB
  Buffers: shared hit=212745, temp read=24313 written=42597
  ->  Nested Loop  (cost=0.29..233099.00 rows=6681869 width=12) (actual rows=10090526 loops=1)
        Buffers: shared hit=212745
        ->  Seq Scan on activity a2  (cost=0.00..1541.00 rows=100000 width=12) (actual rows=100000 loops=1)
              Buffers: shared hit=541
        ->  Index Only Scan using activity_pkey on activity a1  (cost=0.29..1.65 rows=67 width=8) (actual rows=101 loops=100000)
              Index Cond: ((player_id = a2.player_id) AND (event_date >= a2.event_date))
              Heap Fetches: 0
              Buffers: shared hit=212204
Planning:
  Buffers: shared hit=15
Planning Time: 0.361 ms
JIT:
  Functions: 12
  Options: Inlining false, Optimization false, Expressions true, Deforming true
Execution Time: 4927.525 ms",4928.8964,4927.567,4937.2765,4950.4156,283313.02,283313.02,100000,100000,100000,100000,normal,normal,112.08308079999722,19.034288800000027,equal variances,significant,0.003968253968253968,-4761.4529999999995,-4759.495,-280307.63,0,True
227,534,11,Medium,"SELECT a2.player_id AS player_id, a2.event_date AS event_date, SUM(a2.games_played) OVER ( PARTITION BY a2.player_id ORDER BY a2.event_date ASC ) AS games_played_so_far from schema_534.activity AS a2 GROUP BY a2.player_id,a2.event_date",162.505,3005.39,100000,"WindowAgg  (cost=2805.39..3005.39 rows=10000 width=16) (actual rows=100000 loops=1)
  Buffers: shared hit=541, temp read=471 written=633
  ->  Sort  (cost=2805.39..2830.39 rows=10000 width=12) (actual rows=100000 loops=1)
        Sort Key: player_id, event_date
        Sort Method: external merge  Disk: 2160kB
        Buffers: shared hit=541, temp read=471 written=633
        ->  HashAggregate  (cost=2041.00..2141.00 rows=10000 width=12) (actual rows=100000 loops=1)
              Group Key: player_id, event_date
              Batches: 5  Memory Usage: 4145kB  Disk Usage: 1744kB
              Buffers: shared hit=541, temp read=201 written=362
              ->  Seq Scan on activity a2  (cost=0.00..1541.00 rows=100000 width=12) (actual rows=100000 loops=1)
                    Buffers: shared hit=541
Planning:
  Buffers: shared hit=3
Planning Time: 0.072 ms
Execution Time: 162.505 ms",166.878,3005.39,100000,"WindowAgg  (cost=2805.39..3005.39 rows=10000 width=16) (actual rows=100000 loops=1)
  Buffers: shared hit=541, temp read=471 written=633
  ->  Sort  (cost=2805.39..2830.39 rows=10000 width=12) (actual rows=100000 loops=1)
        Sort Key: player_id, event_date
        Sort Method: external merge  Disk: 2160kB
        Buffers: shared hit=541, temp read=471 written=633
        ->  HashAggregate  (cost=2041.00..2141.00 rows=10000 width=12) (actual rows=100000 loops=1)
              Group Key: player_id, event_date
              Batches: 5  Memory Usage: 4145kB  Disk Usage: 1744kB
              Buffers: shared hit=541, temp read=201 written=362
              ->  Seq Scan on activity a2  (cost=0.00..1541.00 rows=100000 width=12) (actual rows=100000 loops=1)
                    Buffers: shared hit=541
Planning:
  Buffers: shared hit=3
Planning Time: 0.084 ms
Execution Time: 166.878 ms",198.452,3005.39,100000,"WindowAgg  (cost=2805.39..3005.39 rows=10000 width=16) (actual rows=100000 loops=1)
  Buffers: shared hit=541, temp read=471 written=633
  ->  Sort  (cost=2805.39..2830.39 rows=10000 width=12) (actual rows=100000 loops=1)
        Sort Key: player_id, event_date
        Sort Method: external merge  Disk: 2160kB
        Buffers: shared hit=541, temp read=471 written=633
        ->  HashAggregate  (cost=2041.00..2141.00 rows=10000 width=12) (actual rows=100000 loops=1)
              Group Key: player_id, event_date
              Batches: 5  Memory Usage: 4145kB  Disk Usage: 1744kB
              Buffers: shared hit=541, temp read=201 written=362
              ->  Seq Scan on activity a2  (cost=0.00..1541.00 rows=100000 width=12) (actual rows=100000 loops=1)
                    Buffers: shared hit=541
Planning:
  Buffers: shared hit=3
Planning Time: 0.082 ms
Execution Time: 198.452 ms",165.136,3005.39,100000,"WindowAgg  (cost=2805.39..3005.39 rows=10000 width=16) (actual rows=100000 loops=1)
  Buffers: shared hit=541, temp read=471 written=633
  ->  Sort  (cost=2805.39..2830.39 rows=10000 width=12) (actual rows=100000 loops=1)
        Sort Key: player_id, event_date
        Sort Method: external merge  Disk: 2160kB
        Buffers: shared hit=541, temp read=471 written=633
        ->  HashAggregate  (cost=2041.00..2141.00 rows=10000 width=12) (actual rows=100000 loops=1)
              Group Key: player_id, event_date
              Batches: 5  Memory Usage: 4145kB  Disk Usage: 1744kB
              Buffers: shared hit=541, temp read=201 written=362
              ->  Seq Scan on activity a2  (cost=0.00..1541.00 rows=100000 width=12) (actual rows=100000 loops=1)
                    Buffers: shared hit=541
Planning:
  Buffers: shared hit=3
Planning Time: 0.105 ms
Execution Time: 165.136 ms",166.767,3005.39,100000,"WindowAgg  (cost=2805.39..3005.39 rows=10000 width=16) (actual rows=100000 loops=1)
  Buffers: shared hit=541, temp read=471 written=633
  ->  Sort  (cost=2805.39..2830.39 rows=10000 width=12) (actual rows=100000 loops=1)
        Sort Key: player_id, event_date
        Sort Method: external merge  Disk: 2160kB
        Buffers: shared hit=541, temp read=471 written=633
        ->  HashAggregate  (cost=2041.00..2141.00 rows=10000 width=12) (actual rows=100000 loops=1)
              Group Key: player_id, event_date
              Batches: 5  Memory Usage: 4145kB  Disk Usage: 1744kB
              Buffers: shared hit=541, temp read=201 written=362
              ->  Seq Scan on activity a2  (cost=0.00..1541.00 rows=100000 width=12) (actual rows=100000 loops=1)
                    Buffers: shared hit=541
Planning:
  Buffers: shared hit=3
Planning Time: 0.075 ms
Execution Time: 166.767 ms",171.9476,166.767,182.665,211.0816,3005.39,3005.39,100000,100000,100000,100000,534_11,227,534,11,Medium,"select a1.player_id, a1.event_date, sum(a2.games_played) as games_played_so_far from schema_534.activity as a1 left outer join schema_534.activity as a2 on (a1.player_id = a2.player_id and a2.event_date <= a1.event_date) group by a1.player_id, a1.event_date",4529.417,286744.31,100000,"GroupAggregate  (cost=0.58..286744.31 rows=10000 width=16) (actual rows=100000 loops=1)
  Group Key: a1.player_id, a1.event_date
  Buffers: shared hit=10284038
  ->  Nested Loop Left Join  (cost=0.58..236530.29 rows=6681869 width=12) (actual rows=10090526 loops=1)
        Buffers: shared hit=10284038
        ->  Index Only Scan using activity_pkey on activity a1  (cost=0.29..2808.29 rows=100000 width=8) (actual rows=100000 loops=1)
              Heap Fetches: 0
              Buffers: shared hit=327
        ->  Index Scan using activity_pkey on activity a2  (cost=0.29..1.67 rows=67 width=12) (actual rows=101 loops=100000)
              Index Cond: ((player_id = a1.player_id) AND (event_date <= a1.event_date))
              Buffers: shared hit=10283711
Planning:
  Buffers: shared hit=15
Planning Time: 0.281 ms
JIT:
  Functions: 9
  Options: Inlining false, Optimization false, Expressions true, Deforming true
Execution Time: 4529.417 ms",4543.734,286744.31,100000,"GroupAggregate  (cost=0.58..286744.31 rows=10000 width=16) (actual rows=100000 loops=1)
  Group Key: a1.player_id, a1.event_date
  Buffers: shared hit=10284038
  ->  Nested Loop Left Join  (cost=0.58..236530.29 rows=6681869 width=12) (actual rows=10090526 loops=1)
        Buffers: shared hit=10284038
        ->  Index Only Scan using activity_pkey on activity a1  (cost=0.29..2808.29 rows=100000 width=8) (actual rows=100000 loops=1)
              Heap Fetches: 0
              Buffers: shared hit=327
        ->  Index Scan using activity_pkey on activity a2  (cost=0.29..1.67 rows=67 width=12) (actual rows=101 loops=100000)
              Index Cond: ((player_id = a1.player_id) AND (event_date <= a1.event_date))
              Buffers: shared hit=10283711
Planning:
  Buffers: shared hit=15
Planning Time: 0.282 ms
JIT:
  Functions: 9
  Options: Inlining false, Optimization false, Expressions true, Deforming true
Execution Time: 4543.734 ms",4541.965,286744.31,100000,"GroupAggregate  (cost=0.58..286744.31 rows=10000 width=16) (actual rows=100000 loops=1)
  Group Key: a1.player_id, a1.event_date
  Buffers: shared hit=10284038
  ->  Nested Loop Left Join  (cost=0.58..236530.29 rows=6681869 width=12) (actual rows=10090526 loops=1)
        Buffers: shared hit=10284038
        ->  Index Only Scan using activity_pkey on activity a1  (cost=0.29..2808.29 rows=100000 width=8) (actual rows=100000 loops=1)
              Heap Fetches: 0
              Buffers: shared hit=327
        ->  Index Scan using activity_pkey on activity a2  (cost=0.29..1.67 rows=67 width=12) (actual rows=101 loops=100000)
              Index Cond: ((player_id = a1.player_id) AND (event_date <= a1.event_date))
              Buffers: shared hit=10283711
Planning:
  Buffers: shared hit=15
Planning Time: 0.294 ms
JIT:
  Functions: 9
  Options: Inlining false, Optimization false, Expressions true, Deforming true
Execution Time: 4541.965 ms",4544.733,286744.31,100000,"GroupAggregate  (cost=0.58..286744.31 rows=10000 width=16) (actual rows=100000 loops=1)
  Group Key: a1.player_id, a1.event_date
  Buffers: shared hit=10284038
  ->  Nested Loop Left Join  (cost=0.58..236530.29 rows=6681869 width=12) (actual rows=10090526 loops=1)
        Buffers: shared hit=10284038
        ->  Index Only Scan using activity_pkey on activity a1  (cost=0.29..2808.29 rows=100000 width=8) (actual rows=100000 loops=1)
              Heap Fetches: 0
              Buffers: shared hit=327
        ->  Index Scan using activity_pkey on activity a2  (cost=0.29..1.67 rows=67 width=12) (actual rows=101 loops=100000)
              Index Cond: ((player_id = a1.player_id) AND (event_date <= a1.event_date))
              Buffers: shared hit=10283711
Planning:
  Buffers: shared hit=15
Planning Time: 0.294 ms
JIT:
  Functions: 9
  Options: Inlining false, Optimization false, Expressions true, Deforming true
Execution Time: 4544.733 ms",4546.375,286744.31,100000,"GroupAggregate  (cost=0.58..286744.31 rows=10000 width=16) (actual rows=100000 loops=1)
  Group Key: a1.player_id, a1.event_date
  Buffers: shared hit=10284038
  ->  Nested Loop Left Join  (cost=0.58..236530.29 rows=6681869 width=12) (actual rows=10090526 loops=1)
        Buffers: shared hit=10284038
        ->  Index Only Scan using activity_pkey on activity a1  (cost=0.29..2808.29 rows=100000 width=8) (actual rows=100000 loops=1)
              Heap Fetches: 0
              Buffers: shared hit=327
        ->  Index Scan using activity_pkey on activity a2  (cost=0.29..1.67 rows=67 width=12) (actual rows=101 loops=100000)
              Index Cond: ((player_id = a1.player_id) AND (event_date <= a1.event_date))
              Buffers: shared hit=10283711
Planning:
  Buffers: shared hit=15
Planning Time: 0.277 ms
JIT:
  Functions: 9
  Options: Inlining false, Optimization false, Expressions true, Deforming true
Execution Time: 4546.375 ms",4541.2448,4543.734,4545.554,4547.0318,286744.31,286744.31,100000,100000,100000,100000,not normal,not normal,46.274537199998626,222.64581730000006,equal variances,significant,0.003968253968253968,-4369.2972,-4376.967000000001,-283738.92,0,True
242,534,65,Medium,"SELECT a2.player_id AS player_id, a2.event_date AS event_date, SUM(a2.games_played) OVER ( PARTITION BY a2.player_id ORDER BY a2.event_date ASC ) AS games_played_so_far from schema_534.activity AS a2 GROUP BY a2.event_date,a2.player_id",160.256,3005.39,100000,"WindowAgg  (cost=2805.39..3005.39 rows=10000 width=16) (actual rows=100000 loops=1)
  Buffers: shared hit=541, temp read=471 written=633
  ->  Sort  (cost=2805.39..2830.39 rows=10000 width=12) (actual rows=100000 loops=1)
        Sort Key: player_id, event_date
        Sort Method: external merge  Disk: 2160kB
        Buffers: shared hit=541, temp read=471 written=633
        ->  HashAggregate  (cost=2041.00..2141.00 rows=10000 width=12) (actual rows=100000 loops=1)
              Group Key: event_date, player_id
              Batches: 5  Memory Usage: 4145kB  Disk Usage: 1744kB
              Buffers: shared hit=541, temp read=201 written=362
              ->  Seq Scan on activity a2  (cost=0.00..1541.00 rows=100000 width=12) (actual rows=100000 loops=1)
                    Buffers: shared hit=541
Planning:
  Buffers: shared hit=3
Planning Time: 0.056 ms
Execution Time: 160.256 ms",167.557,3005.39,100000,"WindowAgg  (cost=2805.39..3005.39 rows=10000 width=16) (actual rows=100000 loops=1)
  Buffers: shared hit=541, temp read=471 written=633
  ->  Sort  (cost=2805.39..2830.39 rows=10000 width=12) (actual rows=100000 loops=1)
        Sort Key: player_id, event_date
        Sort Method: external merge  Disk: 2160kB
        Buffers: shared hit=541, temp read=471 written=633
        ->  HashAggregate  (cost=2041.00..2141.00 rows=10000 width=12) (actual rows=100000 loops=1)
              Group Key: event_date, player_id
              Batches: 5  Memory Usage: 4145kB  Disk Usage: 1744kB
              Buffers: shared hit=541, temp read=201 written=362
              ->  Seq Scan on activity a2  (cost=0.00..1541.00 rows=100000 width=12) (actual rows=100000 loops=1)
                    Buffers: shared hit=541
Planning:
  Buffers: shared hit=3
Planning Time: 0.084 ms
Execution Time: 167.557 ms",170.425,3005.39,100000,"WindowAgg  (cost=2805.39..3005.39 rows=10000 width=16) (actual rows=100000 loops=1)
  Buffers: shared hit=541, temp read=471 written=633
  ->  Sort  (cost=2805.39..2830.39 rows=10000 width=12) (actual rows=100000 loops=1)
        Sort Key: player_id, event_date
        Sort Method: external merge  Disk: 2160kB
        Buffers: shared hit=541, temp read=471 written=633
        ->  HashAggregate  (cost=2041.00..2141.00 rows=10000 width=12) (actual rows=100000 loops=1)
              Group Key: event_date, player_id
              Batches: 5  Memory Usage: 4145kB  Disk Usage: 1744kB
              Buffers: shared hit=541, temp read=201 written=362
              ->  Seq Scan on activity a2  (cost=0.00..1541.00 rows=100000 width=12) (actual rows=100000 loops=1)
                    Buffers: shared hit=541
Planning:
  Buffers: shared hit=3
Planning Time: 0.073 ms
Execution Time: 170.425 ms",176.441,3005.39,100000,"WindowAgg  (cost=2805.39..3005.39 rows=10000 width=16) (actual rows=100000 loops=1)
  Buffers: shared hit=541, temp read=471 written=633
  ->  Sort  (cost=2805.39..2830.39 rows=10000 width=12) (actual rows=100000 loops=1)
        Sort Key: player_id, event_date
        Sort Method: external merge  Disk: 2160kB
        Buffers: shared hit=541, temp read=471 written=633
        ->  HashAggregate  (cost=2041.00..2141.00 rows=10000 width=12) (actual rows=100000 loops=1)
              Group Key: event_date, player_id
              Batches: 5  Memory Usage: 4145kB  Disk Usage: 1744kB
              Buffers: shared hit=541, temp read=201 written=362
              ->  Seq Scan on activity a2  (cost=0.00..1541.00 rows=100000 width=12) (actual rows=100000 loops=1)
                    Buffers: shared hit=541
Planning:
  Buffers: shared hit=3
Planning Time: 0.077 ms
Execution Time: 176.441 ms",168.338,3005.39,100000,"WindowAgg  (cost=2805.39..3005.39 rows=10000 width=16) (actual rows=100000 loops=1)
  Buffers: shared hit=541, temp read=471 written=633
  ->  Sort  (cost=2805.39..2830.39 rows=10000 width=12) (actual rows=100000 loops=1)
        Sort Key: player_id, event_date
        Sort Method: external merge  Disk: 2160kB
        Buffers: shared hit=541, temp read=471 written=633
        ->  HashAggregate  (cost=2041.00..2141.00 rows=10000 width=12) (actual rows=100000 loops=1)
              Group Key: event_date, player_id
              Batches: 5  Memory Usage: 4145kB  Disk Usage: 1744kB
              Buffers: shared hit=541, temp read=201 written=362
              ->  Seq Scan on activity a2  (cost=0.00..1541.00 rows=100000 width=12) (actual rows=100000 loops=1)
                    Buffers: shared hit=541
Planning:
  Buffers: shared hit=3
Planning Time: 0.077 ms
Execution Time: 168.338 ms",168.6034,168.338,173.433,178.8474,3005.39,3005.39,100000,100000,100000,100000,534_65,242,534,65,Medium,"select a1.player_id, a1.event_date, sum(a2.games_played) as games_played_so_far from schema_534.activity as a1 join schema_534.activity as a2 on (a1.player_id = a2.player_id and a1.event_date >= a2.event_date) group by a1.player_id, a1.event_date",4978.623,283313.02,100000,"HashAggregate  (cost=283213.02..283313.02 rows=10000 width=16) (actual rows=100000 loops=1)
  Group Key: a1.player_id, a1.event_date
  Batches: 5  Memory Usage: 4145kB  Disk Usage: 195544kB
  Buffers: shared hit=212745, temp read=24313 written=42597
  ->  Nested Loop  (cost=0.29..233099.00 rows=6681869 width=12) (actual rows=10090526 loops=1)
        Buffers: shared hit=212745
        ->  Seq Scan on activity a2  (cost=0.00..1541.00 rows=100000 width=12) (actual rows=100000 loops=1)
              Buffers: shared hit=541
        ->  Index Only Scan using activity_pkey on activity a1  (cost=0.29..1.65 rows=67 width=8) (actual rows=101 loops=100000)
              Index Cond: ((player_id = a2.player_id) AND (event_date >= a2.event_date))
              Heap Fetches: 0
              Buffers: shared hit=212204
Planning:
  Buffers: shared hit=15
Planning Time: 0.191 ms
JIT:
  Functions: 12
  Options: Inlining false, Optimization false, Expressions true, Deforming true
Execution Time: 4978.623 ms",4980.033,283313.02,100000,"HashAggregate  (cost=283213.02..283313.02 rows=10000 width=16) (actual rows=100000 loops=1)
  Group Key: a1.player_id, a1.event_date
  Batches: 5  Memory Usage: 4145kB  Disk Usage: 195544kB
  Buffers: shared hit=212745, temp read=24313 written=42597
  ->  Nested Loop  (cost=0.29..233099.00 rows=6681869 width=12) (actual rows=10090526 loops=1)
        Buffers: shared hit=212745
        ->  Seq Scan on activity a2  (cost=0.00..1541.00 rows=100000 width=12) (actual rows=100000 loops=1)
              Buffers: shared hit=541
        ->  Index Only Scan using activity_pkey on activity a1  (cost=0.29..1.65 rows=67 width=8) (actual rows=101 loops=100000)
              Index Cond: ((player_id = a2.player_id) AND (event_date >= a2.event_date))
              Heap Fetches: 0
              Buffers: shared hit=212204
Planning:
  Buffers: shared hit=15
Planning Time: 0.552 ms
JIT:
  Functions: 12
  Options: Inlining false, Optimization false, Expressions true, Deforming true
Execution Time: 4980.033 ms",4990.873,283313.02,100000,"HashAggregate  (cost=283213.02..283313.02 rows=10000 width=16) (actual rows=100000 loops=1)
  Group Key: a1.player_id, a1.event_date
  Batches: 5  Memory Usage: 4145kB  Disk Usage: 195544kB
  Buffers: shared hit=212745, temp read=24313 written=42597
  ->  Nested Loop  (cost=0.29..233099.00 rows=6681869 width=12) (actual rows=10090526 loops=1)
        Buffers: shared hit=212745
        ->  Seq Scan on activity a2  (cost=0.00..1541.00 rows=100000 width=12) (actual rows=100000 loops=1)
              Buffers: shared hit=541
        ->  Index Only Scan using activity_pkey on activity a1  (cost=0.29..1.65 rows=67 width=8) (actual rows=101 loops=100000)
              Index Cond: ((player_id = a2.player_id) AND (event_date >= a2.event_date))
              Heap Fetches: 0
              Buffers: shared hit=212204
Planning:
  Buffers: shared hit=15
Planning Time: 0.331 ms
JIT:
  Functions: 12
  Options: Inlining false, Optimization false, Expressions true, Deforming true
Execution Time: 4990.873 ms",4978.638,283313.02,100000,"HashAggregate  (cost=283213.02..283313.02 rows=10000 width=16) (actual rows=100000 loops=1)
  Group Key: a1.player_id, a1.event_date
  Batches: 5  Memory Usage: 4145kB  Disk Usage: 195544kB
  Buffers: shared hit=212745, temp read=24313 written=42597
  ->  Nested Loop  (cost=0.29..233099.00 rows=6681869 width=12) (actual rows=10090526 loops=1)
        Buffers: shared hit=212745
        ->  Seq Scan on activity a2  (cost=0.00..1541.00 rows=100000 width=12) (actual rows=100000 loops=1)
              Buffers: shared hit=541
        ->  Index Only Scan using activity_pkey on activity a1  (cost=0.29..1.65 rows=67 width=8) (actual rows=101 loops=100000)
              Index Cond: ((player_id = a2.player_id) AND (event_date >= a2.event_date))
              Heap Fetches: 0
              Buffers: shared hit=212204
Planning:
  Buffers: shared hit=15
Planning Time: 0.291 ms
JIT:
  Functions: 12
  Options: Inlining false, Optimization false, Expressions true, Deforming true
Execution Time: 4978.638 ms",4989.655,283313.02,100000,"HashAggregate  (cost=283213.02..283313.02 rows=10000 width=16) (actual rows=100000 loops=1)
  Group Key: a1.player_id, a1.event_date
  Batches: 5  Memory Usage: 4145kB  Disk Usage: 195544kB
  Buffers: shared hit=212745, temp read=24313 written=42597
  ->  Nested Loop  (cost=0.29..233099.00 rows=6681869 width=12) (actual rows=10090526 loops=1)
        Buffers: shared hit=212745
        ->  Seq Scan on activity a2  (cost=0.00..1541.00 rows=100000 width=12) (actual rows=100000 loops=1)
              Buffers: shared hit=541
        ->  Index Only Scan using activity_pkey on activity a1  (cost=0.29..1.65 rows=67 width=8) (actual rows=101 loops=100000)
              Index Cond: ((player_id = a2.player_id) AND (event_date >= a2.event_date))
              Heap Fetches: 0
              Buffers: shared hit=212204
Planning:
  Buffers: shared hit=15
Planning Time: 0.283 ms
JIT:
  Functions: 12
  Options: Inlining false, Optimization false, Expressions true, Deforming true
Execution Time: 4989.655 ms",4983.5644,4980.033,4990.264,4991.3602,283313.02,283313.02,100000,100000,100000,100000,not normal,normal,37.917169799998305,33.89766930000003,equal variances,significant,0.003968253968253968,-4814.961,-4811.695000000001,-280307.63,0,True
243,534,66,Medium,"SELECT b.player_id AS player_id, b.event_date AS event_date, SUM(b.games_played) OVER ( PARTITION BY b.player_id ORDER BY b.event_date ASC ) AS games_played_so_far from schema_534.activity AS b GROUP BY b.event_date,b.player_id",162.432,3005.39,100000,"WindowAgg  (cost=2805.39..3005.39 rows=10000 width=16) (actual rows=100000 loops=1)
  Buffers: shared hit=541, temp read=471 written=633
  ->  Sort  (cost=2805.39..2830.39 rows=10000 width=12) (actual rows=100000 loops=1)
        Sort Key: player_id, event_date
        Sort Method: external merge  Disk: 2160kB
        Buffers: shared hit=541, temp read=471 written=633
        ->  HashAggregate  (cost=2041.00..2141.00 rows=10000 width=12) (actual rows=100000 loops=1)
              Group Key: event_date, player_id
              Batches: 5  Memory Usage: 4145kB  Disk Usage: 1744kB
              Buffers: shared hit=541, temp read=201 written=362
              ->  Seq Scan on activity b  (cost=0.00..1541.00 rows=100000 width=12) (actual rows=100000 loops=1)
                    Buffers: shared hit=541
Planning:
  Buffers: shared hit=3
Planning Time: 0.078 ms
Execution Time: 162.432 ms",166.942,3005.39,100000,"WindowAgg  (cost=2805.39..3005.39 rows=10000 width=16) (actual rows=100000 loops=1)
  Buffers: shared hit=541, temp read=471 written=633
  ->  Sort  (cost=2805.39..2830.39 rows=10000 width=12) (actual rows=100000 loops=1)
        Sort Key: player_id, event_date
        Sort Method: external merge  Disk: 2160kB
        Buffers: shared hit=541, temp read=471 written=633
        ->  HashAggregate  (cost=2041.00..2141.00 rows=10000 width=12) (actual rows=100000 loops=1)
              Group Key: event_date, player_id
              Batches: 5  Memory Usage: 4145kB  Disk Usage: 1744kB
              Buffers: shared hit=541, temp read=201 written=362
              ->  Seq Scan on activity b  (cost=0.00..1541.00 rows=100000 width=12) (actual rows=100000 loops=1)
                    Buffers: shared hit=541
Planning:
  Buffers: shared hit=3
Planning Time: 0.075 ms
Execution Time: 166.942 ms",165.998,3005.39,100000,"WindowAgg  (cost=2805.39..3005.39 rows=10000 width=16) (actual rows=100000 loops=1)
  Buffers: shared hit=541, temp read=471 written=633
  ->  Sort  (cost=2805.39..2830.39 rows=10000 width=12) (actual rows=100000 loops=1)
        Sort Key: player_id, event_date
        Sort Method: external merge  Disk: 2160kB
        Buffers: shared hit=541, temp read=471 written=633
        ->  HashAggregate  (cost=2041.00..2141.00 rows=10000 width=12) (actual rows=100000 loops=1)
              Group Key: event_date, player_id
              Batches: 5  Memory Usage: 4145kB  Disk Usage: 1744kB
              Buffers: shared hit=541, temp read=201 written=362
              ->  Seq Scan on activity b  (cost=0.00..1541.00 rows=100000 width=12) (actual rows=100000 loops=1)
                    Buffers: shared hit=541
Planning:
  Buffers: shared hit=3
Planning Time: 0.091 ms
Execution Time: 165.998 ms",176.129,3005.39,100000,"WindowAgg  (cost=2805.39..3005.39 rows=10000 width=16) (actual rows=100000 loops=1)
  Buffers: shared hit=541, temp read=471 written=633
  ->  Sort  (cost=2805.39..2830.39 rows=10000 width=12) (actual rows=100000 loops=1)
        Sort Key: player_id, event_date
        Sort Method: external merge  Disk: 2160kB
        Buffers: shared hit=541, temp read=471 written=633
        ->  HashAggregate  (cost=2041.00..2141.00 rows=10000 width=12) (actual rows=100000 loops=1)
              Group Key: event_date, player_id
              Batches: 5  Memory Usage: 4145kB  Disk Usage: 1744kB
              Buffers: shared hit=541, temp read=201 written=362
              ->  Seq Scan on activity b  (cost=0.00..1541.00 rows=100000 width=12) (actual rows=100000 loops=1)
                    Buffers: shared hit=541
Planning:
  Buffers: shared hit=3
Planning Time: 0.092 ms
Execution Time: 176.129 ms",169.568,3005.39,100000,"WindowAgg  (cost=2805.39..3005.39 rows=10000 width=16) (actual rows=100000 loops=1)
  Buffers: shared hit=541, temp read=471 written=633
  ->  Sort  (cost=2805.39..2830.39 rows=10000 width=12) (actual rows=100000 loops=1)
        Sort Key: player_id, event_date
        Sort Method: external merge  Disk: 2160kB
        Buffers: shared hit=541, temp read=471 written=633
        ->  HashAggregate  (cost=2041.00..2141.00 rows=10000 width=12) (actual rows=100000 loops=1)
              Group Key: event_date, player_id
              Batches: 5  Memory Usage: 4145kB  Disk Usage: 1744kB
              Buffers: shared hit=541, temp read=201 written=362
              ->  Seq Scan on activity b  (cost=0.00..1541.00 rows=100000 width=12) (actual rows=100000 loops=1)
                    Buffers: shared hit=541
Planning:
  Buffers: shared hit=3
Planning Time: 0.079 ms
Execution Time: 169.568 ms",168.2138,166.942,172.8485,178.7534,3005.39,3005.39,100000,100000,100000,100000,534_66,243,534,66,Medium,"select a.player_id as player_id, a.event_date as event_date, sum(b.games_played) as games_played_so_far from schema_534.activity as a join schema_534.activity as b on (a.player_id = b.player_id and a.event_date >= b.event_date) group by a.player_id, a.event_date",4929.593,283313.02,100000,"HashAggregate  (cost=283213.02..283313.02 rows=10000 width=16) (actual rows=100000 loops=1)
  Group Key: a.player_id, a.event_date
  Batches: 5  Memory Usage: 4145kB  Disk Usage: 195544kB
  Buffers: shared hit=212745, temp read=24313 written=42597
  ->  Nested Loop  (cost=0.29..233099.00 rows=6681869 width=12) (actual rows=10090526 loops=1)
        Buffers: shared hit=212745
        ->  Seq Scan on activity b  (cost=0.00..1541.00 rows=100000 width=12) (actual rows=100000 loops=1)
              Buffers: shared hit=541
        ->  Index Only Scan using activity_pkey on activity a  (cost=0.29..1.65 rows=67 width=8) (actual rows=101 loops=100000)
              Index Cond: ((player_id = b.player_id) AND (event_date >= b.event_date))
              Heap Fetches: 0
              Buffers: shared hit=212204
Planning:
  Buffers: shared hit=15
Planning Time: 0.215 ms
JIT:
  Functions: 12
  Options: Inlining false, Optimization false, Expressions true, Deforming true
Execution Time: 4929.593 ms",4981.843,283313.02,100000,"HashAggregate  (cost=283213.02..283313.02 rows=10000 width=16) (actual rows=100000 loops=1)
  Group Key: a.player_id, a.event_date
  Batches: 5  Memory Usage: 4145kB  Disk Usage: 195544kB
  Buffers: shared hit=212745, temp read=24313 written=42597
  ->  Nested Loop  (cost=0.29..233099.00 rows=6681869 width=12) (actual rows=10090526 loops=1)
        Buffers: shared hit=212745
        ->  Seq Scan on activity b  (cost=0.00..1541.00 rows=100000 width=12) (actual rows=100000 loops=1)
              Buffers: shared hit=541
        ->  Index Only Scan using activity_pkey on activity a  (cost=0.29..1.65 rows=67 width=8) (actual rows=101 loops=100000)
              Index Cond: ((player_id = b.player_id) AND (event_date >= b.event_date))
              Heap Fetches: 0
              Buffers: shared hit=212204
Planning:
  Buffers: shared hit=15
Planning Time: 0.286 ms
JIT:
  Functions: 12
  Options: Inlining false, Optimization false, Expressions true, Deforming true
Execution Time: 4981.843 ms",4930.24,283313.02,100000,"HashAggregate  (cost=283213.02..283313.02 rows=10000 width=16) (actual rows=100000 loops=1)
  Group Key: a.player_id, a.event_date
  Batches: 5  Memory Usage: 4145kB  Disk Usage: 195544kB
  Buffers: shared hit=212745, temp read=24313 written=42597
  ->  Nested Loop  (cost=0.29..233099.00 rows=6681869 width=12) (actual rows=10090526 loops=1)
        Buffers: shared hit=212745
        ->  Seq Scan on activity b  (cost=0.00..1541.00 rows=100000 width=12) (actual rows=100000 loops=1)
              Buffers: shared hit=541
        ->  Index Only Scan using activity_pkey on activity a  (cost=0.29..1.65 rows=67 width=8) (actual rows=101 loops=100000)
              Index Cond: ((player_id = b.player_id) AND (event_date >= b.event_date))
              Heap Fetches: 0
              Buffers: shared hit=212204
Planning:
  Buffers: shared hit=15
Planning Time: 0.295 ms
JIT:
  Functions: 12
  Options: Inlining false, Optimization false, Expressions true, Deforming true
Execution Time: 4930.240 ms",4944.654,283313.02,100000,"HashAggregate  (cost=283213.02..283313.02 rows=10000 width=16) (actual rows=100000 loops=1)
  Group Key: a.player_id, a.event_date
  Batches: 5  Memory Usage: 4145kB  Disk Usage: 195544kB
  Buffers: shared hit=212745, temp read=24313 written=42597
  ->  Nested Loop  (cost=0.29..233099.00 rows=6681869 width=12) (actual rows=10090526 loops=1)
        Buffers: shared hit=212745
        ->  Seq Scan on activity b  (cost=0.00..1541.00 rows=100000 width=12) (actual rows=100000 loops=1)
              Buffers: shared hit=541
        ->  Index Only Scan using activity_pkey on activity a  (cost=0.29..1.65 rows=67 width=8) (actual rows=101 loops=100000)
              Index Cond: ((player_id = b.player_id) AND (event_date >= b.event_date))
              Heap Fetches: 0
              Buffers: shared hit=212204
Planning:
  Buffers: shared hit=15
Planning Time: 0.319 ms
JIT:
  Functions: 12
  Options: Inlining false, Optimization false, Expressions true, Deforming true
Execution Time: 4944.654 ms",4937.362,283313.02,100000,"HashAggregate  (cost=283213.02..283313.02 rows=10000 width=16) (actual rows=100000 loops=1)
  Group Key: a.player_id, a.event_date
  Batches: 5  Memory Usage: 4145kB  Disk Usage: 195544kB
  Buffers: shared hit=212745, temp read=24313 written=42597
  ->  Nested Loop  (cost=0.29..233099.00 rows=6681869 width=12) (actual rows=10090526 loops=1)
        Buffers: shared hit=212745
        ->  Seq Scan on activity b  (cost=0.00..1541.00 rows=100000 width=12) (actual rows=100000 loops=1)
              Buffers: shared hit=541
        ->  Index Only Scan using activity_pkey on activity a  (cost=0.29..1.65 rows=67 width=8) (actual rows=101 loops=100000)
              Index Cond: ((player_id = b.player_id) AND (event_date >= b.event_date))
              Heap Fetches: 0
              Buffers: shared hit=212204
Planning:
  Buffers: shared hit=15
Planning Time: 0.335 ms
JIT:
  Functions: 12
  Options: Inlining false, Optimization false, Expressions true, Deforming true
Execution Time: 4937.362 ms",4944.7384,4937.362,4963.2485,4996.7186,283313.02,283313.02,100000,100000,100000,100000,normal,normal,467.68912129999956,26.110176200000012,equal variances,significant,0.003968253968253968,-4776.524600000001,-4770.42,-280307.63,0,True
244,534,67,Medium,"SELECT a2.player_id AS player_id, a2.event_date AS event_date, SUM(a2.games_played) OVER ( PARTITION BY a2.player_id ORDER BY a2.event_date ASC ) AS games_played_so_far from schema_534.activity AS a2 GROUP BY a2.event_date,a2.player_id",162.158,3005.39,100000,"WindowAgg  (cost=2805.39..3005.39 rows=10000 width=16) (actual rows=100000 loops=1)
  Buffers: shared hit=541, temp read=471 written=633
  ->  Sort  (cost=2805.39..2830.39 rows=10000 width=12) (actual rows=100000 loops=1)
        Sort Key: player_id, event_date
        Sort Method: external merge  Disk: 2160kB
        Buffers: shared hit=541, temp read=471 written=633
        ->  HashAggregate  (cost=2041.00..2141.00 rows=10000 width=12) (actual rows=100000 loops=1)
              Group Key: event_date, player_id
              Batches: 5  Memory Usage: 4145kB  Disk Usage: 1744kB
              Buffers: shared hit=541, temp read=201 written=362
              ->  Seq Scan on activity a2  (cost=0.00..1541.00 rows=100000 width=12) (actual rows=100000 loops=1)
                    Buffers: shared hit=541
Planning:
  Buffers: shared hit=3
Planning Time: 0.054 ms
Execution Time: 162.158 ms",173.415,3005.39,100000,"WindowAgg  (cost=2805.39..3005.39 rows=10000 width=16) (actual rows=100000 loops=1)
  Buffers: shared hit=541, temp read=471 written=633
  ->  Sort  (cost=2805.39..2830.39 rows=10000 width=12) (actual rows=100000 loops=1)
        Sort Key: player_id, event_date
        Sort Method: external merge  Disk: 2160kB
        Buffers: shared hit=541, temp read=471 written=633
        ->  HashAggregate  (cost=2041.00..2141.00 rows=10000 width=12) (actual rows=100000 loops=1)
              Group Key: event_date, player_id
              Batches: 5  Memory Usage: 4145kB  Disk Usage: 1744kB
              Buffers: shared hit=541, temp read=201 written=362
              ->  Seq Scan on activity a2  (cost=0.00..1541.00 rows=100000 width=12) (actual rows=100000 loops=1)
                    Buffers: shared hit=541
Planning:
  Buffers: shared hit=3
Planning Time: 0.091 ms
Execution Time: 173.415 ms",179.456,3005.39,100000,"WindowAgg  (cost=2805.39..3005.39 rows=10000 width=16) (actual rows=100000 loops=1)
  Buffers: shared hit=541, temp read=471 written=633
  ->  Sort  (cost=2805.39..2830.39 rows=10000 width=12) (actual rows=100000 loops=1)
        Sort Key: player_id, event_date
        Sort Method: external merge  Disk: 2160kB
        Buffers: shared hit=541, temp read=471 written=633
        ->  HashAggregate  (cost=2041.00..2141.00 rows=10000 width=12) (actual rows=100000 loops=1)
              Group Key: event_date, player_id
              Batches: 5  Memory Usage: 4145kB  Disk Usage: 1744kB
              Buffers: shared hit=541, temp read=201 written=362
              ->  Seq Scan on activity a2  (cost=0.00..1541.00 rows=100000 width=12) (actual rows=100000 loops=1)
                    Buffers: shared hit=541
Planning:
  Buffers: shared hit=3
Planning Time: 0.077 ms
Execution Time: 179.456 ms",171.767,3005.39,100000,"WindowAgg  (cost=2805.39..3005.39 rows=10000 width=16) (actual rows=100000 loops=1)
  Buffers: shared hit=541, temp read=471 written=633
  ->  Sort  (cost=2805.39..2830.39 rows=10000 width=12) (actual rows=100000 loops=1)
        Sort Key: player_id, event_date
        Sort Method: external merge  Disk: 2160kB
        Buffers: shared hit=541, temp read=471 written=633
        ->  HashAggregate  (cost=2041.00..2141.00 rows=10000 width=12) (actual rows=100000 loops=1)
              Group Key: event_date, player_id
              Batches: 5  Memory Usage: 4145kB  Disk Usage: 1744kB
              Buffers: shared hit=541, temp read=201 written=362
              ->  Seq Scan on activity a2  (cost=0.00..1541.00 rows=100000 width=12) (actual rows=100000 loops=1)
                    Buffers: shared hit=541
Planning:
  Buffers: shared hit=3
Planning Time: 0.076 ms
Execution Time: 171.767 ms",175.097,3005.39,100000,"WindowAgg  (cost=2805.39..3005.39 rows=10000 width=16) (actual rows=100000 loops=1)
  Buffers: shared hit=541, temp read=471 written=633
  ->  Sort  (cost=2805.39..2830.39 rows=10000 width=12) (actual rows=100000 loops=1)
        Sort Key: player_id, event_date
        Sort Method: external merge  Disk: 2160kB
        Buffers: shared hit=541, temp read=471 written=633
        ->  HashAggregate  (cost=2041.00..2141.00 rows=10000 width=12) (actual rows=100000 loops=1)
              Group Key: event_date, player_id
              Batches: 5  Memory Usage: 4145kB  Disk Usage: 1744kB
              Buffers: shared hit=541, temp read=201 written=362
              ->  Seq Scan on activity a2  (cost=0.00..1541.00 rows=100000 width=12) (actual rows=100000 loops=1)
                    Buffers: shared hit=541
Planning:
  Buffers: shared hit=3
Planning Time: 0.078 ms
Execution Time: 175.097 ms",172.3786,173.415,177.2765,181.1996,3005.39,3005.39,100000,100000,100000,100000,534_67,244,534,67,Medium,"select a1.player_id, a1.event_date, sum(a2.games_played) as games_played_so_far from schema_534.activity as a1 join schema_534.activity as a2 on (a2.event_date <= a1.event_date and a1.player_id = a2.player_id) group by a1.player_id, a1.event_date",5492.345,283313.02,100000,"HashAggregate  (cost=283213.02..283313.02 rows=10000 width=16) (actual rows=100000 loops=1)
  Group Key: a1.player_id, a1.event_date
  Batches: 5  Memory Usage: 4145kB  Disk Usage: 195544kB
  Buffers: shared hit=212745, temp read=24313 written=42597
  ->  Nested Loop  (cost=0.29..233099.00 rows=6681869 width=12) (actual rows=10090526 loops=1)
        Buffers: shared hit=212745
        ->  Seq Scan on activity a2  (cost=0.00..1541.00 rows=100000 width=12) (actual rows=100000 loops=1)
              Buffers: shared hit=541
        ->  Index Only Scan using activity_pkey on activity a1  (cost=0.29..1.65 rows=67 width=8) (actual rows=101 loops=100000)
              Index Cond: ((player_id = a2.player_id) AND (event_date >= a2.event_date))
              Heap Fetches: 0
              Buffers: shared hit=212204
Planning:
  Buffers: shared hit=15
Planning Time: 0.199 ms
JIT:
  Functions: 12
  Options: Inlining false, Optimization false, Expressions true, Deforming true
Execution Time: 5492.345 ms",5449.878,283313.02,100000,"HashAggregate  (cost=283213.02..283313.02 rows=10000 width=16) (actual rows=100000 loops=1)
  Group Key: a1.player_id, a1.event_date
  Batches: 5  Memory Usage: 4145kB  Disk Usage: 195544kB
  Buffers: shared hit=212745, temp read=24313 written=42597
  ->  Nested Loop  (cost=0.29..233099.00 rows=6681869 width=12) (actual rows=10090526 loops=1)
        Buffers: shared hit=212745
        ->  Seq Scan on activity a2  (cost=0.00..1541.00 rows=100000 width=12) (actual rows=100000 loops=1)
              Buffers: shared hit=541
        ->  Index Only Scan using activity_pkey on activity a1  (cost=0.29..1.65 rows=67 width=8) (actual rows=101 loops=100000)
              Index Cond: ((player_id = a2.player_id) AND (event_date >= a2.event_date))
              Heap Fetches: 0
              Buffers: shared hit=212204
Planning:
  Buffers: shared hit=15
Planning Time: 0.324 ms
JIT:
  Functions: 12
  Options: Inlining false, Optimization false, Expressions true, Deforming true
Execution Time: 5449.878 ms",4959.596,283313.02,100000,"HashAggregate  (cost=283213.02..283313.02 rows=10000 width=16) (actual rows=100000 loops=1)
  Group Key: a1.player_id, a1.event_date
  Batches: 5  Memory Usage: 4145kB  Disk Usage: 195544kB
  Buffers: shared hit=212745, temp read=24313 written=42597
  ->  Nested Loop  (cost=0.29..233099.00 rows=6681869 width=12) (actual rows=10090526 loops=1)
        Buffers: shared hit=212745
        ->  Seq Scan on activity a2  (cost=0.00..1541.00 rows=100000 width=12) (actual rows=100000 loops=1)
              Buffers: shared hit=541
        ->  Index Only Scan using activity_pkey on activity a1  (cost=0.29..1.65 rows=67 width=8) (actual rows=101 loops=100000)
              Index Cond: ((player_id = a2.player_id) AND (event_date >= a2.event_date))
              Heap Fetches: 0
              Buffers: shared hit=212204
Planning:
  Buffers: shared hit=15
Planning Time: 0.317 ms
JIT:
  Functions: 12
  Options: Inlining false, Optimization false, Expressions true, Deforming true
Execution Time: 4959.596 ms",4955.322,283313.02,100000,"HashAggregate  (cost=283213.02..283313.02 rows=10000 width=16) (actual rows=100000 loops=1)
  Group Key: a1.player_id, a1.event_date
  Batches: 5  Memory Usage: 4145kB  Disk Usage: 195544kB
  Buffers: shared hit=212745, temp read=24313 written=42597
  ->  Nested Loop  (cost=0.29..233099.00 rows=6681869 width=12) (actual rows=10090526 loops=1)
        Buffers: shared hit=212745
        ->  Seq Scan on activity a2  (cost=0.00..1541.00 rows=100000 width=12) (actual rows=100000 loops=1)
              Buffers: shared hit=541
        ->  Index Only Scan using activity_pkey on activity a1  (cost=0.29..1.65 rows=67 width=8) (actual rows=101 loops=100000)
              Index Cond: ((player_id = a2.player_id) AND (event_date >= a2.event_date))
              Heap Fetches: 0
              Buffers: shared hit=212204
Planning:
  Buffers: shared hit=15
Planning Time: 0.319 ms
JIT:
  Functions: 12
  Options: Inlining false, Optimization false, Expressions true, Deforming true
Execution Time: 4955.322 ms",4941.187,283313.02,100000,"HashAggregate  (cost=283213.02..283313.02 rows=10000 width=16) (actual rows=100000 loops=1)
  Group Key: a1.player_id, a1.event_date
  Batches: 5  Memory Usage: 4145kB  Disk Usage: 195544kB
  Buffers: shared hit=212745, temp read=24313 written=42597
  ->  Nested Loop  (cost=0.29..233099.00 rows=6681869 width=12) (actual rows=10090526 loops=1)
        Buffers: shared hit=212745
        ->  Seq Scan on activity a2  (cost=0.00..1541.00 rows=100000 width=12) (actual rows=100000 loops=1)
              Buffers: shared hit=541
        ->  Index Only Scan using activity_pkey on activity a1  (cost=0.29..1.65 rows=67 width=8) (actual rows=101 loops=100000)
              Index Cond: ((player_id = a2.player_id) AND (event_date >= a2.event_date))
              Heap Fetches: 0
              Buffers: shared hit=212204
Planning:
  Buffers: shared hit=15
Planning Time: 0.429 ms
JIT:
  Functions: 12
  Options: Inlining false, Optimization false, Expressions true, Deforming true
Execution Time: 4941.187 ms",5159.6656,4959.596,5471.1115,5509.3318,283313.02,283313.02,100000,100000,100000,100000,not normal,normal,81103.96766530005,40.84703330000004,equal variances,significant,0.003968253968253968,-4987.287,-4786.181,-280307.63,0,True
245,534,71,Medium,"SELECT T_activity_0.player_id AS player_id, T_activity_0.event_date AS event_date, SUM(T_activity_0.games_played) OVER ( PARTITION BY T_activity_0.player_id ORDER BY T_activity_0.event_date ASC ) AS games_played_so_far from schema_534.activity AS T_activity_0",92.855,6722.28,100000,"WindowAgg  (cost=0.29..6722.28 rows=100000 width=16) (actual rows=100000 loops=1)
  Buffers: shared hit=100137
  ->  Index Scan using activity_pkey on activity t_activity_0  (cost=0.29..4972.28 rows=100000 width=12) (actual rows=100000 loops=1)
        Buffers: shared hit=100137
Planning Time: 0.060 ms
Execution Time: 92.855 ms",103.113,6722.28,100000,"WindowAgg  (cost=0.29..6722.28 rows=100000 width=16) (actual rows=100000 loops=1)
  Buffers: shared hit=100137
  ->  Index Scan using activity_pkey on activity t_activity_0  (cost=0.29..4972.28 rows=100000 width=12) (actual rows=100000 loops=1)
        Buffers: shared hit=100137
Planning Time: 0.058 ms
Execution Time: 103.113 ms",100.279,6722.28,100000,"WindowAgg  (cost=0.29..6722.28 rows=100000 width=16) (actual rows=100000 loops=1)
  Buffers: shared hit=100137
  ->  Index Scan using activity_pkey on activity t_activity_0  (cost=0.29..4972.28 rows=100000 width=12) (actual rows=100000 loops=1)
        Buffers: shared hit=100137
Planning Time: 0.089 ms
Execution Time: 100.279 ms",101.64,6722.28,100000,"WindowAgg  (cost=0.29..6722.28 rows=100000 width=16) (actual rows=100000 loops=1)
  Buffers: shared hit=100137
  ->  Index Scan using activity_pkey on activity t_activity_0  (cost=0.29..4972.28 rows=100000 width=12) (actual rows=100000 loops=1)
        Buffers: shared hit=100137
Planning Time: 0.072 ms
Execution Time: 101.640 ms",103.243,6722.28,100000,"WindowAgg  (cost=0.29..6722.28 rows=100000 width=16) (actual rows=100000 loops=1)
  Buffers: shared hit=100137
  ->  Index Scan using activity_pkey on activity t_activity_0  (cost=0.29..4972.28 rows=100000 width=12) (actual rows=100000 loops=1)
        Buffers: shared hit=100137
Planning Time: 0.079 ms
Execution Time: 103.243 ms",100.226,101.64,103.178,103.295,6722.28,6722.28,100000,100000,100000,100000,534_71,245,534,71,Medium,"select player_id, event_date, games_played_so_far from (select player_id, event_date, sum(games_played) over (partition by player_id order by event_date) as games_played_so_far from schema_534.activity) as t order by games_played_so_far desc",130.694,16277.1,100000,"Sort  (cost=16027.10..16277.10 rows=100000 width=16) (actual rows=100000 loops=1)
  Sort Key: (sum(activity.games_played) OVER (?)) DESC
  Sort Method: external merge  Disk: 2552kB
  Buffers: shared hit=100137, temp read=319 written=320
  ->  WindowAgg  (cost=0.29..6722.28 rows=100000 width=16) (actual rows=100000 loops=1)
        Buffers: shared hit=100137
        ->  Index Scan using activity_pkey on activity  (cost=0.29..4972.28 rows=100000 width=12) (actual rows=100000 loops=1)
              Buffers: shared hit=100137
Planning Time: 0.060 ms
Execution Time: 130.694 ms",139.344,16277.1,100000,"Sort  (cost=16027.10..16277.10 rows=100000 width=16) (actual rows=100000 loops=1)
  Sort Key: (sum(activity.games_played) OVER (?)) DESC
  Sort Method: external merge  Disk: 2552kB
  Buffers: shared hit=100137, temp read=319 written=320
  ->  WindowAgg  (cost=0.29..6722.28 rows=100000 width=16) (actual rows=100000 loops=1)
        Buffers: shared hit=100137
        ->  Index Scan using activity_pkey on activity  (cost=0.29..4972.28 rows=100000 width=12) (actual rows=100000 loops=1)
              Buffers: shared hit=100137
Planning Time: 0.088 ms
Execution Time: 139.344 ms",142.631,16277.1,100000,"Sort  (cost=16027.10..16277.10 rows=100000 width=16) (actual rows=100000 loops=1)
  Sort Key: (sum(activity.games_played) OVER (?)) DESC
  Sort Method: external merge  Disk: 2552kB
  Buffers: shared hit=100137, temp read=319 written=320
  ->  WindowAgg  (cost=0.29..6722.28 rows=100000 width=16) (actual rows=100000 loops=1)
        Buffers: shared hit=100137
        ->  Index Scan using activity_pkey on activity  (cost=0.29..4972.28 rows=100000 width=12) (actual rows=100000 loops=1)
              Buffers: shared hit=100137
Planning Time: 0.090 ms
Execution Time: 142.631 ms",138.022,16277.1,100000,"Sort  (cost=16027.10..16277.10 rows=100000 width=16) (actual rows=100000 loops=1)
  Sort Key: (sum(activity.games_played) OVER (?)) DESC
  Sort Method: external merge  Disk: 2552kB
  Buffers: shared hit=100137, temp read=319 written=320
  ->  WindowAgg  (cost=0.29..6722.28 rows=100000 width=16) (actual rows=100000 loops=1)
        Buffers: shared hit=100137
        ->  Index Scan using activity_pkey on activity  (cost=0.29..4972.28 rows=100000 width=12) (actual rows=100000 loops=1)
              Buffers: shared hit=100137
Planning Time: 0.111 ms
Execution Time: 138.022 ms",139.668,16277.1,100000,"Sort  (cost=16027.10..16277.10 rows=100000 width=16) (actual rows=100000 loops=1)
  Sort Key: (sum(activity.games_played) OVER (?)) DESC
  Sort Method: external merge  Disk: 2552kB
  Buffers: shared hit=100137, temp read=319 written=320
  ->  WindowAgg  (cost=0.29..6722.28 rows=100000 width=16) (actual rows=100000 loops=1)
        Buffers: shared hit=100137
        ->  Index Scan using activity_pkey on activity  (cost=0.29..4972.28 rows=100000 width=12) (actual rows=100000 loops=1)
              Buffers: shared hit=100137
Planning Time: 0.140 ms
Execution Time: 139.668 ms",138.0718,139.344,141.1495,143.8162,16277.1,16277.1,100000,100000,100000,100000,normal,normal,19.846766200000044,18.442725999999976,equal variances,significant,0.003968253968253968,-37.8458,-37.70399999999999,-9554.82,0,True
248,534,81,Medium,"SELECT b.player_id AS player_id, b.event_date AS event_date, SUM(b.games_played) OVER ( PARTITION BY b.player_id ORDER BY b.event_date ASC ) AS games_played_so_far from schema_534.activity AS b GROUP BY b.event_date,b.player_id",159.939,3005.39,100000,"WindowAgg  (cost=2805.39..3005.39 rows=10000 width=16) (actual rows=100000 loops=1)
  Buffers: shared hit=541, temp read=471 written=633
  ->  Sort  (cost=2805.39..2830.39 rows=10000 width=12) (actual rows=100000 loops=1)
        Sort Key: player_id, event_date
        Sort Method: external merge  Disk: 2160kB
        Buffers: shared hit=541, temp read=471 written=633
        ->  HashAggregate  (cost=2041.00..2141.00 rows=10000 width=12) (actual rows=100000 loops=1)
              Group Key: event_date, player_id
              Batches: 5  Memory Usage: 4145kB  Disk Usage: 1744kB
              Buffers: shared hit=541, temp read=201 written=362
              ->  Seq Scan on activity b  (cost=0.00..1541.00 rows=100000 width=12) (actual rows=100000 loops=1)
                    Buffers: shared hit=541
Planning:
  Buffers: shared hit=3
Planning Time: 0.054 ms
Execution Time: 159.939 ms",176.415,3005.39,100000,"WindowAgg  (cost=2805.39..3005.39 rows=10000 width=16) (actual rows=100000 loops=1)
  Buffers: shared hit=541, temp read=471 written=633
  ->  Sort  (cost=2805.39..2830.39 rows=10000 width=12) (actual rows=100000 loops=1)
        Sort Key: player_id, event_date
        Sort Method: external merge  Disk: 2160kB
        Buffers: shared hit=541, temp read=471 written=633
        ->  HashAggregate  (cost=2041.00..2141.00 rows=10000 width=12) (actual rows=100000 loops=1)
              Group Key: event_date, player_id
              Batches: 5  Memory Usage: 4145kB  Disk Usage: 1744kB
              Buffers: shared hit=541, temp read=201 written=362
              ->  Seq Scan on activity b  (cost=0.00..1541.00 rows=100000 width=12) (actual rows=100000 loops=1)
                    Buffers: shared hit=541
Planning:
  Buffers: shared hit=3
Planning Time: 0.088 ms
Execution Time: 176.415 ms",170.485,3005.39,100000,"WindowAgg  (cost=2805.39..3005.39 rows=10000 width=16) (actual rows=100000 loops=1)
  Buffers: shared hit=541, temp read=471 written=633
  ->  Sort  (cost=2805.39..2830.39 rows=10000 width=12) (actual rows=100000 loops=1)
        Sort Key: player_id, event_date
        Sort Method: external merge  Disk: 2160kB
        Buffers: shared hit=541, temp read=471 written=633
        ->  HashAggregate  (cost=2041.00..2141.00 rows=10000 width=12) (actual rows=100000 loops=1)
              Group Key: event_date, player_id
              Batches: 5  Memory Usage: 4145kB  Disk Usage: 1744kB
              Buffers: shared hit=541, temp read=201 written=362
              ->  Seq Scan on activity b  (cost=0.00..1541.00 rows=100000 width=12) (actual rows=100000 loops=1)
                    Buffers: shared hit=541
Planning:
  Buffers: shared hit=3
Planning Time: 0.083 ms
Execution Time: 170.485 ms",172.451,3005.39,100000,"WindowAgg  (cost=2805.39..3005.39 rows=10000 width=16) (actual rows=100000 loops=1)
  Buffers: shared hit=541, temp read=471 written=633
  ->  Sort  (cost=2805.39..2830.39 rows=10000 width=12) (actual rows=100000 loops=1)
        Sort Key: player_id, event_date
        Sort Method: external merge  Disk: 2160kB
        Buffers: shared hit=541, temp read=471 written=633
        ->  HashAggregate  (cost=2041.00..2141.00 rows=10000 width=12) (actual rows=100000 loops=1)
              Group Key: event_date, player_id
              Batches: 5  Memory Usage: 4145kB  Disk Usage: 1744kB
              Buffers: shared hit=541, temp read=201 written=362
              ->  Seq Scan on activity b  (cost=0.00..1541.00 rows=100000 width=12) (actual rows=100000 loops=1)
                    Buffers: shared hit=541
Planning:
  Buffers: shared hit=3
Planning Time: 0.143 ms
Execution Time: 172.451 ms",173.347,3005.39,100000,"WindowAgg  (cost=2805.39..3005.39 rows=10000 width=16) (actual rows=100000 loops=1)
  Buffers: shared hit=541, temp read=471 written=633
  ->  Sort  (cost=2805.39..2830.39 rows=10000 width=12) (actual rows=100000 loops=1)
        Sort Key: player_id, event_date
        Sort Method: external merge  Disk: 2160kB
        Buffers: shared hit=541, temp read=471 written=633
        ->  HashAggregate  (cost=2041.00..2141.00 rows=10000 width=12) (actual rows=100000 loops=1)
              Group Key: event_date, player_id
              Batches: 5  Memory Usage: 4145kB  Disk Usage: 1744kB
              Buffers: shared hit=541, temp read=201 written=362
              ->  Seq Scan on activity b  (cost=0.00..1541.00 rows=100000 width=12) (actual rows=100000 loops=1)
                    Buffers: shared hit=541
Planning:
  Buffers: shared hit=3
Planning Time: 0.083 ms
Execution Time: 173.347 ms",170.5274,172.451,174.881,177.6422,3005.39,3005.39,100000,100000,100000,100000,534_81,248,534,81,Medium,"select a.player_id, a.event_date, sum(b.games_played) as games_played_so_far from schema_534.activity as a join schema_534.activity as b on (a.player_id = b.player_id and a.event_date >= b.event_date) group by a.player_id, a.event_date",4927.57,283313.02,100000,"HashAggregate  (cost=283213.02..283313.02 rows=10000 width=16) (actual rows=100000 loops=1)
  Group Key: a.player_id, a.event_date
  Batches: 5  Memory Usage: 4145kB  Disk Usage: 195544kB
  Buffers: shared hit=212745, temp read=24313 written=42597
  ->  Nested Loop  (cost=0.29..233099.00 rows=6681869 width=12) (actual rows=10090526 loops=1)
        Buffers: shared hit=212745
        ->  Seq Scan on activity b  (cost=0.00..1541.00 rows=100000 width=12) (actual rows=100000 loops=1)
              Buffers: shared hit=541
        ->  Index Only Scan using activity_pkey on activity a  (cost=0.29..1.65 rows=67 width=8) (actual rows=101 loops=100000)
              Index Cond: ((player_id = b.player_id) AND (event_date >= b.event_date))
              Heap Fetches: 0
              Buffers: shared hit=212204
Planning:
  Buffers: shared hit=15
Planning Time: 0.191 ms
JIT:
  Functions: 12
  Options: Inlining false, Optimization false, Expressions true, Deforming true
Execution Time: 4927.570 ms",4947.751,283313.02,100000,"HashAggregate  (cost=283213.02..283313.02 rows=10000 width=16) (actual rows=100000 loops=1)
  Group Key: a.player_id, a.event_date
  Batches: 5  Memory Usage: 4145kB  Disk Usage: 195544kB
  Buffers: shared hit=212745, temp read=24313 written=42597
  ->  Nested Loop  (cost=0.29..233099.00 rows=6681869 width=12) (actual rows=10090526 loops=1)
        Buffers: shared hit=212745
        ->  Seq Scan on activity b  (cost=0.00..1541.00 rows=100000 width=12) (actual rows=100000 loops=1)
              Buffers: shared hit=541
        ->  Index Only Scan using activity_pkey on activity a  (cost=0.29..1.65 rows=67 width=8) (actual rows=101 loops=100000)
              Index Cond: ((player_id = b.player_id) AND (event_date >= b.event_date))
              Heap Fetches: 0
              Buffers: shared hit=212204
Planning:
  Buffers: shared hit=15
Planning Time: 0.352 ms
JIT:
  Functions: 12
  Options: Inlining false, Optimization false, Expressions true, Deforming true
Execution Time: 4947.751 ms",4935.505,283313.02,100000,"HashAggregate  (cost=283213.02..283313.02 rows=10000 width=16) (actual rows=100000 loops=1)
  Group Key: a.player_id, a.event_date
  Batches: 5  Memory Usage: 4145kB  Disk Usage: 195544kB
  Buffers: shared hit=212745, temp read=24313 written=42597
  ->  Nested Loop  (cost=0.29..233099.00 rows=6681869 width=12) (actual rows=10090526 loops=1)
        Buffers: shared hit=212745
        ->  Seq Scan on activity b  (cost=0.00..1541.00 rows=100000 width=12) (actual rows=100000 loops=1)
              Buffers: shared hit=541
        ->  Index Only Scan using activity_pkey on activity a  (cost=0.29..1.65 rows=67 width=8) (actual rows=101 loops=100000)
              Index Cond: ((player_id = b.player_id) AND (event_date >= b.event_date))
              Heap Fetches: 0
              Buffers: shared hit=212204
Planning:
  Buffers: shared hit=15
Planning Time: 0.271 ms
JIT:
  Functions: 12
  Options: Inlining false, Optimization false, Expressions true, Deforming true
Execution Time: 4935.505 ms",4937.978,283313.02,100000,"HashAggregate  (cost=283213.02..283313.02 rows=10000 width=16) (actual rows=100000 loops=1)
  Group Key: a.player_id, a.event_date
  Batches: 5  Memory Usage: 4145kB  Disk Usage: 195544kB
  Buffers: shared hit=212745, temp read=24313 written=42597
  ->  Nested Loop  (cost=0.29..233099.00 rows=6681869 width=12) (actual rows=10090526 loops=1)
        Buffers: shared hit=212745
        ->  Seq Scan on activity b  (cost=0.00..1541.00 rows=100000 width=12) (actual rows=100000 loops=1)
              Buffers: shared hit=541
        ->  Index Only Scan using activity_pkey on activity a  (cost=0.29..1.65 rows=67 width=8) (actual rows=101 loops=100000)
              Index Cond: ((player_id = b.player_id) AND (event_date >= b.event_date))
              Heap Fetches: 0
              Buffers: shared hit=212204
Planning:
  Buffers: shared hit=15
Planning Time: 0.323 ms
JIT:
  Functions: 12
  Options: Inlining false, Optimization false, Expressions true, Deforming true
Execution Time: 4937.978 ms",4935.987,283313.02,100000,"HashAggregate  (cost=283213.02..283313.02 rows=10000 width=16) (actual rows=100000 loops=1)
  Group Key: a.player_id, a.event_date
  Batches: 5  Memory Usage: 4145kB  Disk Usage: 195544kB
  Buffers: shared hit=212745, temp read=24313 written=42597
  ->  Nested Loop  (cost=0.29..233099.00 rows=6681869 width=12) (actual rows=10090526 loops=1)
        Buffers: shared hit=212745
        ->  Seq Scan on activity b  (cost=0.00..1541.00 rows=100000 width=12) (actual rows=100000 loops=1)
              Buffers: shared hit=541
        ->  Index Only Scan using activity_pkey on activity a  (cost=0.29..1.65 rows=67 width=8) (actual rows=101 loops=100000)
              Index Cond: ((player_id = b.player_id) AND (event_date >= b.event_date))
              Heap Fetches: 0
              Buffers: shared hit=212204
Planning:
  Buffers: shared hit=15
Planning Time: 0.298 ms
JIT:
  Functions: 12
  Options: Inlining false, Optimization false, Expressions true, Deforming true
Execution Time: 4935.987 ms",4936.9582,4935.987,4942.8645,4951.6602,283313.02,283313.02,100000,100000,100000,100000,normal,normal,52.17946070000237,39.60755680000001,equal variances,significant,0.003968253968253968,-4766.4308,-4763.536,-280307.63,0,True
249,534,82,Medium,"SELECT b.player_id AS player_id, b.event_date AS event_date, SUM(b.games_played) OVER ( PARTITION BY b.player_id ORDER BY b.event_date ASC ) AS games_played_so_far from schema_534.activity AS b GROUP BY b.player_id,b.event_date",163.099,3005.39,100000,"WindowAgg  (cost=2805.39..3005.39 rows=10000 width=16) (actual rows=100000 loops=1)
  Buffers: shared hit=541, temp read=471 written=633
  ->  Sort  (cost=2805.39..2830.39 rows=10000 width=12) (actual rows=100000 loops=1)
        Sort Key: player_id, event_date
        Sort Method: external merge  Disk: 2160kB
        Buffers: shared hit=541, temp read=471 written=633
        ->  HashAggregate  (cost=2041.00..2141.00 rows=10000 width=12) (actual rows=100000 loops=1)
              Group Key: player_id, event_date
              Batches: 5  Memory Usage: 4145kB  Disk Usage: 1744kB
              Buffers: shared hit=541, temp read=201 written=362
              ->  Seq Scan on activity b  (cost=0.00..1541.00 rows=100000 width=12) (actual rows=100000 loops=1)
                    Buffers: shared hit=541
Planning:
  Buffers: shared hit=3
Planning Time: 0.058 ms
Execution Time: 163.099 ms",173.223,3005.39,100000,"WindowAgg  (cost=2805.39..3005.39 rows=10000 width=16) (actual rows=100000 loops=1)
  Buffers: shared hit=541, temp read=471 written=633
  ->  Sort  (cost=2805.39..2830.39 rows=10000 width=12) (actual rows=100000 loops=1)
        Sort Key: player_id, event_date
        Sort Method: external merge  Disk: 2160kB
        Buffers: shared hit=541, temp read=471 written=633
        ->  HashAggregate  (cost=2041.00..2141.00 rows=10000 width=12) (actual rows=100000 loops=1)
              Group Key: player_id, event_date
              Batches: 5  Memory Usage: 4145kB  Disk Usage: 1744kB
              Buffers: shared hit=541, temp read=201 written=362
              ->  Seq Scan on activity b  (cost=0.00..1541.00 rows=100000 width=12) (actual rows=100000 loops=1)
                    Buffers: shared hit=541
Planning:
  Buffers: shared hit=3
Planning Time: 0.081 ms
Execution Time: 173.223 ms",169.299,3005.39,100000,"WindowAgg  (cost=2805.39..3005.39 rows=10000 width=16) (actual rows=100000 loops=1)
  Buffers: shared hit=541, temp read=471 written=633
  ->  Sort  (cost=2805.39..2830.39 rows=10000 width=12) (actual rows=100000 loops=1)
        Sort Key: player_id, event_date
        Sort Method: external merge  Disk: 2160kB
        Buffers: shared hit=541, temp read=471 written=633
        ->  HashAggregate  (cost=2041.00..2141.00 rows=10000 width=12) (actual rows=100000 loops=1)
              Group Key: player_id, event_date
              Batches: 5  Memory Usage: 4145kB  Disk Usage: 1744kB
              Buffers: shared hit=541, temp read=201 written=362
              ->  Seq Scan on activity b  (cost=0.00..1541.00 rows=100000 width=12) (actual rows=100000 loops=1)
                    Buffers: shared hit=541
Planning:
  Buffers: shared hit=3
Planning Time: 0.131 ms
Execution Time: 169.299 ms",168.35,3005.39,100000,"WindowAgg  (cost=2805.39..3005.39 rows=10000 width=16) (actual rows=100000 loops=1)
  Buffers: shared hit=541, temp read=471 written=633
  ->  Sort  (cost=2805.39..2830.39 rows=10000 width=12) (actual rows=100000 loops=1)
        Sort Key: player_id, event_date
        Sort Method: external merge  Disk: 2160kB
        Buffers: shared hit=541, temp read=471 written=633
        ->  HashAggregate  (cost=2041.00..2141.00 rows=10000 width=12) (actual rows=100000 loops=1)
              Group Key: player_id, event_date
              Batches: 5  Memory Usage: 4145kB  Disk Usage: 1744kB
              Buffers: shared hit=541, temp read=201 written=362
              ->  Seq Scan on activity b  (cost=0.00..1541.00 rows=100000 width=12) (actual rows=100000 loops=1)
                    Buffers: shared hit=541
Planning:
  Buffers: shared hit=3
Planning Time: 0.094 ms
Execution Time: 168.350 ms",170.198,3005.39,100000,"WindowAgg  (cost=2805.39..3005.39 rows=10000 width=16) (actual rows=100000 loops=1)
  Buffers: shared hit=541, temp read=471 written=633
  ->  Sort  (cost=2805.39..2830.39 rows=10000 width=12) (actual rows=100000 loops=1)
        Sort Key: player_id, event_date
        Sort Method: external merge  Disk: 2160kB
        Buffers: shared hit=541, temp read=471 written=633
        ->  HashAggregate  (cost=2041.00..2141.00 rows=10000 width=12) (actual rows=100000 loops=1)
              Group Key: player_id, event_date
              Batches: 5  Memory Usage: 4145kB  Disk Usage: 1744kB
              Buffers: shared hit=541, temp read=201 written=362
              ->  Seq Scan on activity b  (cost=0.00..1541.00 rows=100000 width=12) (actual rows=100000 loops=1)
                    Buffers: shared hit=541
Planning:
  Buffers: shared hit=3
Planning Time: 0.083 ms
Execution Time: 170.198 ms",168.8338,169.299,171.7105,174.433,3005.39,3005.39,100000,100000,100000,100000,534_82,249,534,82,Medium,"select a.player_id, a.event_date, sum(b.games_played) as games_played_so_far from schema_534.activity as a join schema_534.activity as b on (a.event_date >= b.event_date and a.player_id = b.player_id) group by a.player_id, a.event_date",4935.808,283313.02,100000,"HashAggregate  (cost=283213.02..283313.02 rows=10000 width=16) (actual rows=100000 loops=1)
  Group Key: a.player_id, a.event_date
  Batches: 5  Memory Usage: 4145kB  Disk Usage: 195544kB
  Buffers: shared hit=212745, temp read=24313 written=42597
  ->  Nested Loop  (cost=0.29..233099.00 rows=6681869 width=12) (actual rows=10090526 loops=1)
        Buffers: shared hit=212745
        ->  Seq Scan on activity b  (cost=0.00..1541.00 rows=100000 width=12) (actual rows=100000 loops=1)
              Buffers: shared hit=541
        ->  Index Only Scan using activity_pkey on activity a  (cost=0.29..1.65 rows=67 width=8) (actual rows=101 loops=100000)
              Index Cond: ((player_id = b.player_id) AND (event_date >= b.event_date))
              Heap Fetches: 0
              Buffers: shared hit=212204
Planning:
  Buffers: shared hit=15
Planning Time: 0.238 ms
JIT:
  Functions: 12
  Options: Inlining false, Optimization false, Expressions true, Deforming true
Execution Time: 4935.808 ms",4960.433,283313.02,100000,"HashAggregate  (cost=283213.02..283313.02 rows=10000 width=16) (actual rows=100000 loops=1)
  Group Key: a.player_id, a.event_date
  Batches: 5  Memory Usage: 4145kB  Disk Usage: 195544kB
  Buffers: shared hit=212745, temp read=24313 written=42597
  ->  Nested Loop  (cost=0.29..233099.00 rows=6681869 width=12) (actual rows=10090526 loops=1)
        Buffers: shared hit=212745
        ->  Seq Scan on activity b  (cost=0.00..1541.00 rows=100000 width=12) (actual rows=100000 loops=1)
              Buffers: shared hit=541
        ->  Index Only Scan using activity_pkey on activity a  (cost=0.29..1.65 rows=67 width=8) (actual rows=101 loops=100000)
              Index Cond: ((player_id = b.player_id) AND (event_date >= b.event_date))
              Heap Fetches: 0
              Buffers: shared hit=212204
Planning:
  Buffers: shared hit=15
Planning Time: 0.289 ms
JIT:
  Functions: 12
  Options: Inlining false, Optimization false, Expressions true, Deforming true
Execution Time: 4960.433 ms",4937.822,283313.02,100000,"HashAggregate  (cost=283213.02..283313.02 rows=10000 width=16) (actual rows=100000 loops=1)
  Group Key: a.player_id, a.event_date
  Batches: 5  Memory Usage: 4145kB  Disk Usage: 195544kB
  Buffers: shared hit=212745, temp read=24313 written=42597
  ->  Nested Loop  (cost=0.29..233099.00 rows=6681869 width=12) (actual rows=10090526 loops=1)
        Buffers: shared hit=212745
        ->  Seq Scan on activity b  (cost=0.00..1541.00 rows=100000 width=12) (actual rows=100000 loops=1)
              Buffers: shared hit=541
        ->  Index Only Scan using activity_pkey on activity a  (cost=0.29..1.65 rows=67 width=8) (actual rows=101 loops=100000)
              Index Cond: ((player_id = b.player_id) AND (event_date >= b.event_date))
              Heap Fetches: 0
              Buffers: shared hit=212204
Planning:
  Buffers: shared hit=15
Planning Time: 0.313 ms
JIT:
  Functions: 12
  Options: Inlining false, Optimization false, Expressions true, Deforming true
Execution Time: 4937.822 ms",4963.957,283313.02,100000,"HashAggregate  (cost=283213.02..283313.02 rows=10000 width=16) (actual rows=100000 loops=1)
  Group Key: a.player_id, a.event_date
  Batches: 5  Memory Usage: 4145kB  Disk Usage: 195544kB
  Buffers: shared hit=212745, temp read=24313 written=42597
  ->  Nested Loop  (cost=0.29..233099.00 rows=6681869 width=12) (actual rows=10090526 loops=1)
        Buffers: shared hit=212745
        ->  Seq Scan on activity b  (cost=0.00..1541.00 rows=100000 width=12) (actual rows=100000 loops=1)
              Buffers: shared hit=541
        ->  Index Only Scan using activity_pkey on activity a  (cost=0.29..1.65 rows=67 width=8) (actual rows=101 loops=100000)
              Index Cond: ((player_id = b.player_id) AND (event_date >= b.event_date))
              Heap Fetches: 0
              Buffers: shared hit=212204
Planning:
  Buffers: shared hit=15
Planning Time: 0.255 ms
JIT:
  Functions: 12
  Options: Inlining false, Optimization false, Expressions true, Deforming true
Execution Time: 4963.957 ms",4947.929,283313.02,100000,"HashAggregate  (cost=283213.02..283313.02 rows=10000 width=16) (actual rows=100000 loops=1)
  Group Key: a.player_id, a.event_date
  Batches: 5  Memory Usage: 4145kB  Disk Usage: 195544kB
  Buffers: shared hit=212745, temp read=24313 written=42597
  ->  Nested Loop  (cost=0.29..233099.00 rows=6681869 width=12) (actual rows=10090526 loops=1)
        Buffers: shared hit=212745
        ->  Seq Scan on activity b  (cost=0.00..1541.00 rows=100000 width=12) (actual rows=100000 loops=1)
              Buffers: shared hit=541
        ->  Index Only Scan using activity_pkey on activity a  (cost=0.29..1.65 rows=67 width=8) (actual rows=101 loops=100000)
              Index Cond: ((player_id = b.player_id) AND (event_date >= b.event_date))
              Heap Fetches: 0
              Buffers: shared hit=212204
Planning:
  Buffers: shared hit=15
Planning Time: 0.300 ms
JIT:
  Functions: 12
  Options: Inlining false, Optimization false, Expressions true, Deforming true
Execution Time: 4947.929 ms",4949.1898,4947.929,4962.195,4965.3666,283313.02,283313.02,100000,100000,100000,100000,normal,normal,163.59220170000177,13.616130700000069,unequal variances,significant,0.003968253968253968,-4780.356,-4778.63,-280307.63,0,True
250,534,85,Medium,"SELECT b.player_id AS player_id, b.event_date AS event_date, SUM(b.games_played) OVER ( PARTITION BY b.player_id ORDER BY b.event_date ASC ) AS games_played_so_far from schema_534.activity AS b GROUP BY b.player_id,b.event_date",159.804,3005.39,100000,"WindowAgg  (cost=2805.39..3005.39 rows=10000 width=16) (actual rows=100000 loops=1)
  Buffers: shared hit=541, temp read=471 written=633
  ->  Sort  (cost=2805.39..2830.39 rows=10000 width=12) (actual rows=100000 loops=1)
        Sort Key: player_id, event_date
        Sort Method: external merge  Disk: 2160kB
        Buffers: shared hit=541, temp read=471 written=633
        ->  HashAggregate  (cost=2041.00..2141.00 rows=10000 width=12) (actual rows=100000 loops=1)
              Group Key: player_id, event_date
              Batches: 5  Memory Usage: 4145kB  Disk Usage: 1744kB
              Buffers: shared hit=541, temp read=201 written=362
              ->  Seq Scan on activity b  (cost=0.00..1541.00 rows=100000 width=12) (actual rows=100000 loops=1)
                    Buffers: shared hit=541
Planning:
  Buffers: shared hit=3
Planning Time: 0.059 ms
Execution Time: 159.804 ms",168.535,3005.39,100000,"WindowAgg  (cost=2805.39..3005.39 rows=10000 width=16) (actual rows=100000 loops=1)
  Buffers: shared hit=541, temp read=471 written=633
  ->  Sort  (cost=2805.39..2830.39 rows=10000 width=12) (actual rows=100000 loops=1)
        Sort Key: player_id, event_date
        Sort Method: external merge  Disk: 2160kB
        Buffers: shared hit=541, temp read=471 written=633
        ->  HashAggregate  (cost=2041.00..2141.00 rows=10000 width=12) (actual rows=100000 loops=1)
              Group Key: player_id, event_date
              Batches: 5  Memory Usage: 4145kB  Disk Usage: 1744kB
              Buffers: shared hit=541, temp read=201 written=362
              ->  Seq Scan on activity b  (cost=0.00..1541.00 rows=100000 width=12) (actual rows=100000 loops=1)
                    Buffers: shared hit=541
Planning:
  Buffers: shared hit=3
Planning Time: 0.102 ms
Execution Time: 168.535 ms",176.257,3005.39,100000,"WindowAgg  (cost=2805.39..3005.39 rows=10000 width=16) (actual rows=100000 loops=1)
  Buffers: shared hit=541, temp read=471 written=633
  ->  Sort  (cost=2805.39..2830.39 rows=10000 width=12) (actual rows=100000 loops=1)
        Sort Key: player_id, event_date
        Sort Method: external merge  Disk: 2160kB
        Buffers: shared hit=541, temp read=471 written=633
        ->  HashAggregate  (cost=2041.00..2141.00 rows=10000 width=12) (actual rows=100000 loops=1)
              Group Key: player_id, event_date
              Batches: 5  Memory Usage: 4145kB  Disk Usage: 1744kB
              Buffers: shared hit=541, temp read=201 written=362
              ->  Seq Scan on activity b  (cost=0.00..1541.00 rows=100000 width=12) (actual rows=100000 loops=1)
                    Buffers: shared hit=541
Planning:
  Buffers: shared hit=3
Planning Time: 0.075 ms
Execution Time: 176.257 ms",166.859,3005.39,100000,"WindowAgg  (cost=2805.39..3005.39 rows=10000 width=16) (actual rows=100000 loops=1)
  Buffers: shared hit=541, temp read=471 written=633
  ->  Sort  (cost=2805.39..2830.39 rows=10000 width=12) (actual rows=100000 loops=1)
        Sort Key: player_id, event_date
        Sort Method: external merge  Disk: 2160kB
        Buffers: shared hit=541, temp read=471 written=633
        ->  HashAggregate  (cost=2041.00..2141.00 rows=10000 width=12) (actual rows=100000 loops=1)
              Group Key: player_id, event_date
              Batches: 5  Memory Usage: 4145kB  Disk Usage: 1744kB
              Buffers: shared hit=541, temp read=201 written=362
              ->  Seq Scan on activity b  (cost=0.00..1541.00 rows=100000 width=12) (actual rows=100000 loops=1)
                    Buffers: shared hit=541
Planning:
  Buffers: shared hit=3
Planning Time: 0.096 ms
Execution Time: 166.859 ms",170.25,3005.39,100000,"WindowAgg  (cost=2805.39..3005.39 rows=10000 width=16) (actual rows=100000 loops=1)
  Buffers: shared hit=541, temp read=471 written=633
  ->  Sort  (cost=2805.39..2830.39 rows=10000 width=12) (actual rows=100000 loops=1)
        Sort Key: player_id, event_date
        Sort Method: external merge  Disk: 2160kB
        Buffers: shared hit=541, temp read=471 written=633
        ->  HashAggregate  (cost=2041.00..2141.00 rows=10000 width=12) (actual rows=100000 loops=1)
              Group Key: player_id, event_date
              Batches: 5  Memory Usage: 4145kB  Disk Usage: 1744kB
              Buffers: shared hit=541, temp read=201 written=362
              ->  Seq Scan on activity b  (cost=0.00..1541.00 rows=100000 width=12) (actual rows=100000 loops=1)
                    Buffers: shared hit=541
Planning:
  Buffers: shared hit=3
Planning Time: 0.087 ms
Execution Time: 170.250 ms",168.341,168.535,173.2535,178.6598,3005.39,3005.39,100000,100000,100000,100000,534_85,250,534,85,Medium,"select a.player_id, a.event_date, sum(b.games_played) as games_played_so_far from schema_534.activity as a join schema_534.activity as b on a.player_id = b.player_id where a.event_date >= b.event_date group by a.player_id, a.event_date order by a.player_id, a.event_date",4557.105,286744.31,100000,"GroupAggregate  (cost=0.58..286744.31 rows=10000 width=16) (actual rows=100000 loops=1)
  Group Key: a.player_id, a.event_date
  Buffers: shared hit=10284038
  ->  Nested Loop  (cost=0.58..236530.29 rows=6681869 width=12) (actual rows=10090526 loops=1)
        Buffers: shared hit=10284038
        ->  Index Only Scan using activity_pkey on activity a  (cost=0.29..2808.29 rows=100000 width=8) (actual rows=100000 loops=1)
              Heap Fetches: 0
              Buffers: shared hit=327
        ->  Index Scan using activity_pkey on activity b  (cost=0.29..1.67 rows=67 width=12) (actual rows=101 loops=100000)
              Index Cond: ((player_id = a.player_id) AND (event_date <= a.event_date))
              Buffers: shared hit=10283711
Planning:
  Buffers: shared hit=15
Planning Time: 0.189 ms
JIT:
  Functions: 9
  Options: Inlining false, Optimization false, Expressions true, Deforming true
Execution Time: 4557.105 ms",4574.832,286744.31,100000,"GroupAggregate  (cost=0.58..286744.31 rows=10000 width=16) (actual rows=100000 loops=1)
  Group Key: a.player_id, a.event_date
  Buffers: shared hit=10284038
  ->  Nested Loop  (cost=0.58..236530.29 rows=6681869 width=12) (actual rows=10090526 loops=1)
        Buffers: shared hit=10284038
        ->  Index Only Scan using activity_pkey on activity a  (cost=0.29..2808.29 rows=100000 width=8) (actual rows=100000 loops=1)
              Heap Fetches: 0
              Buffers: shared hit=327
        ->  Index Scan using activity_pkey on activity b  (cost=0.29..1.67 rows=67 width=12) (actual rows=101 loops=100000)
              Index Cond: ((player_id = a.player_id) AND (event_date <= a.event_date))
              Buffers: shared hit=10283711
Planning:
  Buffers: shared hit=15
Planning Time: 0.290 ms
JIT:
  Functions: 9
  Options: Inlining false, Optimization false, Expressions true, Deforming true
Execution Time: 4574.832 ms",4558.493,286744.31,100000,"GroupAggregate  (cost=0.58..286744.31 rows=10000 width=16) (actual rows=100000 loops=1)
  Group Key: a.player_id, a.event_date
  Buffers: shared hit=10284038
  ->  Nested Loop  (cost=0.58..236530.29 rows=6681869 width=12) (actual rows=10090526 loops=1)
        Buffers: shared hit=10284038
        ->  Index Only Scan using activity_pkey on activity a  (cost=0.29..2808.29 rows=100000 width=8) (actual rows=100000 loops=1)
              Heap Fetches: 0
              Buffers: shared hit=327
        ->  Index Scan using activity_pkey on activity b  (cost=0.29..1.67 rows=67 width=12) (actual rows=101 loops=100000)
              Index Cond: ((player_id = a.player_id) AND (event_date <= a.event_date))
              Buffers: shared hit=10283711
Planning:
  Buffers: shared hit=15
Planning Time: 0.203 ms
JIT:
  Functions: 9
  Options: Inlining false, Optimization false, Expressions true, Deforming true
Execution Time: 4558.493 ms",4553.883,286744.31,100000,"GroupAggregate  (cost=0.58..286744.31 rows=10000 width=16) (actual rows=100000 loops=1)
  Group Key: a.player_id, a.event_date
  Buffers: shared hit=10284038
  ->  Nested Loop  (cost=0.58..236530.29 rows=6681869 width=12) (actual rows=10090526 loops=1)
        Buffers: shared hit=10284038
        ->  Index Only Scan using activity_pkey on activity a  (cost=0.29..2808.29 rows=100000 width=8) (actual rows=100000 loops=1)
              Heap Fetches: 0
              Buffers: shared hit=327
        ->  Index Scan using activity_pkey on activity b  (cost=0.29..1.67 rows=67 width=12) (actual rows=101 loops=100000)
              Index Cond: ((player_id = a.player_id) AND (event_date <= a.event_date))
              Buffers: shared hit=10283711
Planning:
  Buffers: shared hit=15
Planning Time: 0.378 ms
JIT:
  Functions: 9
  Options: Inlining false, Optimization false, Expressions true, Deforming true
Execution Time: 4553.883 ms",4559.002,286744.31,100000,"GroupAggregate  (cost=0.58..286744.31 rows=10000 width=16) (actual rows=100000 loops=1)
  Group Key: a.player_id, a.event_date
  Buffers: shared hit=10284038
  ->  Nested Loop  (cost=0.58..236530.29 rows=6681869 width=12) (actual rows=10090526 loops=1)
        Buffers: shared hit=10284038
        ->  Index Only Scan using activity_pkey on activity a  (cost=0.29..2808.29 rows=100000 width=8) (actual rows=100000 loops=1)
              Heap Fetches: 0
              Buffers: shared hit=327
        ->  Index Scan using activity_pkey on activity b  (cost=0.29..1.67 rows=67 width=12) (actual rows=101 loops=100000)
              Index Cond: ((player_id = a.player_id) AND (event_date <= a.event_date))
              Buffers: shared hit=10283711
Planning:
  Buffers: shared hit=15
Planning Time: 0.286 ms
JIT:
  Functions: 9
  Options: Inlining false, Optimization false, Expressions true, Deforming true
Execution Time: 4559.002 ms",4560.663,4558.493,4566.917,4581.164,286744.31,286744.31,100000,100000,100000,100000,not normal,normal,66.71403650000303,35.355416500000004,equal variances,significant,0.003968253968253968,-4392.321999999999,-4389.9580000000005,-283738.92,0,True
251,534,90,Medium,"SELECT b.player_id AS player_id, b.event_date AS event_date, SUM(b.games_played) OVER ( PARTITION BY b.player_id ORDER BY b.event_date ASC ) AS games_played_so_far from schema_534.activity AS b GROUP BY b.event_date,b.games_played,b.player_id",163.229,3005.39,100000,"WindowAgg  (cost=2805.39..3005.39 rows=10000 width=20) (actual rows=100000 loops=1)
  Buffers: shared hit=541, temp read=471 written=633
  ->  Sort  (cost=2805.39..2830.39 rows=10000 width=12) (actual rows=100000 loops=1)
        Sort Key: player_id, event_date
        Sort Method: external merge  Disk: 2160kB
        Buffers: shared hit=541, temp read=471 written=633
        ->  HashAggregate  (cost=2041.00..2141.00 rows=10000 width=12) (actual rows=100000 loops=1)
              Group Key: event_date, player_id
              Batches: 5  Memory Usage: 4145kB  Disk Usage: 1744kB
              Buffers: shared hit=541, temp read=201 written=362
              ->  Seq Scan on activity b  (cost=0.00..1541.00 rows=100000 width=12) (actual rows=100000 loops=1)
                    Buffers: shared hit=541
Planning:
  Buffers: shared hit=3
Planning Time: 0.069 ms
Execution Time: 163.229 ms",172.559,3005.39,100000,"WindowAgg  (cost=2805.39..3005.39 rows=10000 width=20) (actual rows=100000 loops=1)
  Buffers: shared hit=541, temp read=471 written=633
  ->  Sort  (cost=2805.39..2830.39 rows=10000 width=12) (actual rows=100000 loops=1)
        Sort Key: player_id, event_date
        Sort Method: external merge  Disk: 2160kB
        Buffers: shared hit=541, temp read=471 written=633
        ->  HashAggregate  (cost=2041.00..2141.00 rows=10000 width=12) (actual rows=100000 loops=1)
              Group Key: event_date, player_id
              Batches: 5  Memory Usage: 4145kB  Disk Usage: 1744kB
              Buffers: shared hit=541, temp read=201 written=362
              ->  Seq Scan on activity b  (cost=0.00..1541.00 rows=100000 width=12) (actual rows=100000 loops=1)
                    Buffers: shared hit=541
Planning:
  Buffers: shared hit=3
Planning Time: 0.096 ms
Execution Time: 172.559 ms",171.72,3005.39,100000,"WindowAgg  (cost=2805.39..3005.39 rows=10000 width=20) (actual rows=100000 loops=1)
  Buffers: shared hit=541, temp read=471 written=633
  ->  Sort  (cost=2805.39..2830.39 rows=10000 width=12) (actual rows=100000 loops=1)
        Sort Key: player_id, event_date
        Sort Method: external merge  Disk: 2160kB
        Buffers: shared hit=541, temp read=471 written=633
        ->  HashAggregate  (cost=2041.00..2141.00 rows=10000 width=12) (actual rows=100000 loops=1)
              Group Key: event_date, player_id
              Batches: 5  Memory Usage: 4145kB  Disk Usage: 1744kB
              Buffers: shared hit=541, temp read=201 written=362
              ->  Seq Scan on activity b  (cost=0.00..1541.00 rows=100000 width=12) (actual rows=100000 loops=1)
                    Buffers: shared hit=541
Planning:
  Buffers: shared hit=3
Planning Time: 0.139 ms
Execution Time: 171.720 ms",174.561,3005.39,100000,"WindowAgg  (cost=2805.39..3005.39 rows=10000 width=20) (actual rows=100000 loops=1)
  Buffers: shared hit=541, temp read=471 written=633
  ->  Sort  (cost=2805.39..2830.39 rows=10000 width=12) (actual rows=100000 loops=1)
        Sort Key: player_id, event_date
        Sort Method: external merge  Disk: 2160kB
        Buffers: shared hit=541, temp read=471 written=633
        ->  HashAggregate  (cost=2041.00..2141.00 rows=10000 width=12) (actual rows=100000 loops=1)
              Group Key: event_date, player_id
              Batches: 5  Memory Usage: 4145kB  Disk Usage: 1744kB
              Buffers: shared hit=541, temp read=201 written=362
              ->  Seq Scan on activity b  (cost=0.00..1541.00 rows=100000 width=12) (actual rows=100000 loops=1)
                    Buffers: shared hit=541
Planning:
  Buffers: shared hit=3
Planning Time: 0.099 ms
Execution Time: 174.561 ms",169.729,3005.39,100000,"WindowAgg  (cost=2805.39..3005.39 rows=10000 width=20) (actual rows=100000 loops=1)
  Buffers: shared hit=541, temp read=471 written=633
  ->  Sort  (cost=2805.39..2830.39 rows=10000 width=12) (actual rows=100000 loops=1)
        Sort Key: player_id, event_date
        Sort Method: external merge  Disk: 2160kB
        Buffers: shared hit=541, temp read=471 written=633
        ->  HashAggregate  (cost=2041.00..2141.00 rows=10000 width=12) (actual rows=100000 loops=1)
              Group Key: event_date, player_id
              Batches: 5  Memory Usage: 4145kB  Disk Usage: 1744kB
              Buffers: shared hit=541, temp read=201 written=362
              ->  Seq Scan on activity b  (cost=0.00..1541.00 rows=100000 width=12) (actual rows=100000 loops=1)
                    Buffers: shared hit=541
Planning:
  Buffers: shared hit=3
Planning Time: 0.104 ms
Execution Time: 169.729 ms",170.3596,171.72,173.56,175.3618,3005.39,3005.39,100000,100000,100000,100000,534_90,251,534,90,Medium,"select a.player_id, a.event_date, sum(b.games_played) as games_played_so_far from schema_534.activity as a join schema_534.activity as b on (a.event_date >= b.event_date and a.player_id = b.player_id) group by a.player_id, a.event_date, a.games_played",8172.215,285477.02,100000,"HashAggregate  (cost=285377.02..285477.02 rows=10000 width=20) (actual rows=100000 loops=1)
  Group Key: a.player_id, a.event_date
  Batches: 5  Memory Usage: 4145kB  Disk Usage: 251280kB
  Buffers: shared hit=10284252, temp read=31354 written=54718
  ->  Nested Loop  (cost=0.29..235263.00 rows=6681869 width=16) (actual rows=10090526 loops=1)
        Buffers: shared hit=10284252
        ->  Seq Scan on activity a  (cost=0.00..1541.00 rows=100000 width=12) (actual rows=100000 loops=1)
              Buffers: shared hit=541
        ->  Index Scan using activity_pkey on activity b  (cost=0.29..1.67 rows=67 width=12) (actual rows=101 loops=100000)
              Index Cond: ((player_id = a.player_id) AND (event_date <= a.event_date))
              Buffers: shared hit=10283711
Planning:
  Buffers: shared hit=15
Planning Time: 0.194 ms
JIT:
  Functions: 14
  Options: Inlining false, Optimization false, Expressions true, Deforming true
Execution Time: 8172.215 ms",8175.886,285477.02,100000,"HashAggregate  (cost=285377.02..285477.02 rows=10000 width=20) (actual rows=100000 loops=1)
  Group Key: a.player_id, a.event_date
  Batches: 5  Memory Usage: 4145kB  Disk Usage: 251280kB
  Buffers: shared hit=10284252, temp read=31354 written=54718
  ->  Nested Loop  (cost=0.29..235263.00 rows=6681869 width=16) (actual rows=10090526 loops=1)
        Buffers: shared hit=10284252
        ->  Seq Scan on activity a  (cost=0.00..1541.00 rows=100000 width=12) (actual rows=100000 loops=1)
              Buffers: shared hit=541
        ->  Index Scan using activity_pkey on activity b  (cost=0.29..1.67 rows=67 width=12) (actual rows=101 loops=100000)
              Index Cond: ((player_id = a.player_id) AND (event_date <= a.event_date))
              Buffers: shared hit=10283711
Planning:
  Buffers: shared hit=15
Planning Time: 0.279 ms
JIT:
  Functions: 14
  Options: Inlining false, Optimization false, Expressions true, Deforming true
Execution Time: 8175.886 ms",8180.239,285477.02,100000,"HashAggregate  (cost=285377.02..285477.02 rows=10000 width=20) (actual rows=100000 loops=1)
  Group Key: a.player_id, a.event_date
  Batches: 5  Memory Usage: 4145kB  Disk Usage: 251280kB
  Buffers: shared hit=10284252, temp read=31354 written=54718
  ->  Nested Loop  (cost=0.29..235263.00 rows=6681869 width=16) (actual rows=10090526 loops=1)
        Buffers: shared hit=10284252
        ->  Seq Scan on activity a  (cost=0.00..1541.00 rows=100000 width=12) (actual rows=100000 loops=1)
              Buffers: shared hit=541
        ->  Index Scan using activity_pkey on activity b  (cost=0.29..1.67 rows=67 width=12) (actual rows=101 loops=100000)
              Index Cond: ((player_id = a.player_id) AND (event_date <= a.event_date))
              Buffers: shared hit=10283711
Planning:
  Buffers: shared hit=15
Planning Time: 0.510 ms
JIT:
  Functions: 14
  Options: Inlining false, Optimization false, Expressions true, Deforming true
Execution Time: 8180.239 ms",8176.319,285477.02,100000,"HashAggregate  (cost=285377.02..285477.02 rows=10000 width=20) (actual rows=100000 loops=1)
  Group Key: a.player_id, a.event_date
  Batches: 5  Memory Usage: 4145kB  Disk Usage: 251280kB
  Buffers: shared hit=10284252, temp read=31354 written=54718
  ->  Nested Loop  (cost=0.29..235263.00 rows=6681869 width=16) (actual rows=10090526 loops=1)
        Buffers: shared hit=10284252
        ->  Seq Scan on activity a  (cost=0.00..1541.00 rows=100000 width=12) (actual rows=100000 loops=1)
              Buffers: shared hit=541
        ->  Index Scan using activity_pkey on activity b  (cost=0.29..1.67 rows=67 width=12) (actual rows=101 loops=100000)
              Index Cond: ((player_id = a.player_id) AND (event_date <= a.event_date))
              Buffers: shared hit=10283711
Planning:
  Buffers: shared hit=15
Planning Time: 0.302 ms
JIT:
  Functions: 14
  Options: Inlining false, Optimization false, Expressions true, Deforming true
Execution Time: 8176.319 ms",8176.378,285477.02,100000,"HashAggregate  (cost=285377.02..285477.02 rows=10000 width=20) (actual rows=100000 loops=1)
  Group Key: a.player_id, a.event_date
  Batches: 5  Memory Usage: 4145kB  Disk Usage: 251280kB
  Buffers: shared hit=10284252, temp read=31354 written=54718
  ->  Nested Loop  (cost=0.29..235263.00 rows=6681869 width=16) (actual rows=10090526 loops=1)
        Buffers: shared hit=10284252
        ->  Seq Scan on activity a  (cost=0.00..1541.00 rows=100000 width=12) (actual rows=100000 loops=1)
              Buffers: shared hit=541
        ->  Index Scan using activity_pkey on activity b  (cost=0.29..1.67 rows=67 width=12) (actual rows=101 loops=100000)
              Index Cond: ((player_id = a.player_id) AND (event_date <= a.event_date))
              Buffers: shared hit=10283711
Planning:
  Buffers: shared hit=15
Planning Time: 0.297 ms
JIT:
  Functions: 14
  Options: Inlining false, Optimization false, Expressions true, Deforming true
Execution Time: 8176.378 ms",8176.2074,8176.319,8178.3085,8181.7834,285477.02,285477.02,100000,100000,100000,100000,normal,normal,8.08447829999879,18.89573079999996,equal variances,significant,0.003968253968253968,-8005.8478000000005,-8004.599,-282471.63,0,True
254,534,93,Medium,"SELECT b.player_id AS player_id, b.event_date AS event_date, SUM(b.games_played) OVER ( PARTITION BY b.player_id ORDER BY b.event_date ASC ) AS games_played_so_far from schema_534.activity AS b GROUP BY b.player_id,b.event_date",161.802,3005.39,100000,"WindowAgg  (cost=2805.39..3005.39 rows=10000 width=16) (actual rows=100000 loops=1)
  Buffers: shared hit=541, temp read=471 written=633
  ->  Sort  (cost=2805.39..2830.39 rows=10000 width=12) (actual rows=100000 loops=1)
        Sort Key: player_id, event_date
        Sort Method: external merge  Disk: 2160kB
        Buffers: shared hit=541, temp read=471 written=633
        ->  HashAggregate  (cost=2041.00..2141.00 rows=10000 width=12) (actual rows=100000 loops=1)
              Group Key: player_id, event_date
              Batches: 5  Memory Usage: 4145kB  Disk Usage: 1744kB
              Buffers: shared hit=541, temp read=201 written=362
              ->  Seq Scan on activity b  (cost=0.00..1541.00 rows=100000 width=12) (actual rows=100000 loops=1)
                    Buffers: shared hit=541
Planning:
  Buffers: shared hit=3
Planning Time: 0.169 ms
Execution Time: 161.802 ms",169.477,3005.39,100000,"WindowAgg  (cost=2805.39..3005.39 rows=10000 width=16) (actual rows=100000 loops=1)
  Buffers: shared hit=541, temp read=471 written=633
  ->  Sort  (cost=2805.39..2830.39 rows=10000 width=12) (actual rows=100000 loops=1)
        Sort Key: player_id, event_date
        Sort Method: external merge  Disk: 2160kB
        Buffers: shared hit=541, temp read=471 written=633
        ->  HashAggregate  (cost=2041.00..2141.00 rows=10000 width=12) (actual rows=100000 loops=1)
              Group Key: player_id, event_date
              Batches: 5  Memory Usage: 4145kB  Disk Usage: 1744kB
              Buffers: shared hit=541, temp read=201 written=362
              ->  Seq Scan on activity b  (cost=0.00..1541.00 rows=100000 width=12) (actual rows=100000 loops=1)
                    Buffers: shared hit=541
Planning:
  Buffers: shared hit=3
Planning Time: 0.143 ms
Execution Time: 169.477 ms",166.731,3005.39,100000,"WindowAgg  (cost=2805.39..3005.39 rows=10000 width=16) (actual rows=100000 loops=1)
  Buffers: shared hit=541, temp read=471 written=633
  ->  Sort  (cost=2805.39..2830.39 rows=10000 width=12) (actual rows=100000 loops=1)
        Sort Key: player_id, event_date
        Sort Method: external merge  Disk: 2160kB
        Buffers: shared hit=541, temp read=471 written=633
        ->  HashAggregate  (cost=2041.00..2141.00 rows=10000 width=12) (actual rows=100000 loops=1)
              Group Key: player_id, event_date
              Batches: 5  Memory Usage: 4145kB  Disk Usage: 1744kB
              Buffers: shared hit=541, temp read=201 written=362
              ->  Seq Scan on activity b  (cost=0.00..1541.00 rows=100000 width=12) (actual rows=100000 loops=1)
                    Buffers: shared hit=541
Planning:
  Buffers: shared hit=3
Planning Time: 0.061 ms
Execution Time: 166.731 ms",180.899,3005.39,100000,"WindowAgg  (cost=2805.39..3005.39 rows=10000 width=16) (actual rows=100000 loops=1)
  Buffers: shared hit=541, temp read=471 written=633
  ->  Sort  (cost=2805.39..2830.39 rows=10000 width=12) (actual rows=100000 loops=1)
        Sort Key: player_id, event_date
        Sort Method: external merge  Disk: 2160kB
        Buffers: shared hit=541, temp read=471 written=633
        ->  HashAggregate  (cost=2041.00..2141.00 rows=10000 width=12) (actual rows=100000 loops=1)
              Group Key: player_id, event_date
              Batches: 5  Memory Usage: 4145kB  Disk Usage: 1744kB
              Buffers: shared hit=541, temp read=201 written=362
              ->  Seq Scan on activity b  (cost=0.00..1541.00 rows=100000 width=12) (actual rows=100000 loops=1)
                    Buffers: shared hit=541
Planning:
  Buffers: shared hit=3
Planning Time: 0.085 ms
Execution Time: 180.899 ms",172.47,3005.39,100000,"WindowAgg  (cost=2805.39..3005.39 rows=10000 width=16) (actual rows=100000 loops=1)
  Buffers: shared hit=541, temp read=471 written=633
  ->  Sort  (cost=2805.39..2830.39 rows=10000 width=12) (actual rows=100000 loops=1)
        Sort Key: player_id, event_date
        Sort Method: external merge  Disk: 2160kB
        Buffers: shared hit=541, temp read=471 written=633
        ->  HashAggregate  (cost=2041.00..2141.00 rows=10000 width=12) (actual rows=100000 loops=1)
              Group Key: player_id, event_date
              Batches: 5  Memory Usage: 4145kB  Disk Usage: 1744kB
              Buffers: shared hit=541, temp read=201 written=362
              ->  Seq Scan on activity b  (cost=0.00..1541.00 rows=100000 width=12) (actual rows=100000 loops=1)
                    Buffers: shared hit=541
Planning:
  Buffers: shared hit=3
Planning Time: 0.104 ms
Execution Time: 172.470 ms",170.2758,169.477,176.6845,184.2706,3005.39,3005.39,100000,100000,100000,100000,534_93,254,534,93,Medium,"select a.player_id, a.event_date, sum(b.games_played) as games_played_so_far from schema_534.activity as a join schema_534.activity as b on a.player_id = b.player_id where a.event_date >= b.event_date group by a.player_id, a.event_date",4917.752,283313.02,100000,"HashAggregate  (cost=283213.02..283313.02 rows=10000 width=16) (actual rows=100000 loops=1)
  Group Key: a.player_id, a.event_date
  Batches: 5  Memory Usage: 4145kB  Disk Usage: 195544kB
  Buffers: shared hit=212745, temp read=24313 written=42597
  ->  Nested Loop  (cost=0.29..233099.00 rows=6681869 width=12) (actual rows=10090526 loops=1)
        Buffers: shared hit=212745
        ->  Seq Scan on activity b  (cost=0.00..1541.00 rows=100000 width=12) (actual rows=100000 loops=1)
              Buffers: shared hit=541
        ->  Index Only Scan using activity_pkey on activity a  (cost=0.29..1.65 rows=67 width=8) (actual rows=101 loops=100000)
              Index Cond: ((player_id = b.player_id) AND (event_date >= b.event_date))
              Heap Fetches: 0
              Buffers: shared hit=212204
Planning:
  Buffers: shared hit=15
Planning Time: 0.240 ms
JIT:
  Functions: 12
  Options: Inlining false, Optimization false, Expressions true, Deforming true
Execution Time: 4917.752 ms",4929.558,283313.02,100000,"HashAggregate  (cost=283213.02..283313.02 rows=10000 width=16) (actual rows=100000 loops=1)
  Group Key: a.player_id, a.event_date
  Batches: 5  Memory Usage: 4145kB  Disk Usage: 195544kB
  Buffers: shared hit=212745, temp read=24313 written=42597
  ->  Nested Loop  (cost=0.29..233099.00 rows=6681869 width=12) (actual rows=10090526 loops=1)
        Buffers: shared hit=212745
        ->  Seq Scan on activity b  (cost=0.00..1541.00 rows=100000 width=12) (actual rows=100000 loops=1)
              Buffers: shared hit=541
        ->  Index Only Scan using activity_pkey on activity a  (cost=0.29..1.65 rows=67 width=8) (actual rows=101 loops=100000)
              Index Cond: ((player_id = b.player_id) AND (event_date >= b.event_date))
              Heap Fetches: 0
              Buffers: shared hit=212204
Planning:
  Buffers: shared hit=15
Planning Time: 0.324 ms
JIT:
  Functions: 12
  Options: Inlining false, Optimization false, Expressions true, Deforming true
Execution Time: 4929.558 ms",4946.159,283313.02,100000,"HashAggregate  (cost=283213.02..283313.02 rows=10000 width=16) (actual rows=100000 loops=1)
  Group Key: a.player_id, a.event_date
  Batches: 5  Memory Usage: 4145kB  Disk Usage: 195544kB
  Buffers: shared hit=212745, temp read=24313 written=42597
  ->  Nested Loop  (cost=0.29..233099.00 rows=6681869 width=12) (actual rows=10090526 loops=1)
        Buffers: shared hit=212745
        ->  Seq Scan on activity b  (cost=0.00..1541.00 rows=100000 width=12) (actual rows=100000 loops=1)
              Buffers: shared hit=541
        ->  Index Only Scan using activity_pkey on activity a  (cost=0.29..1.65 rows=67 width=8) (actual rows=101 loops=100000)
              Index Cond: ((player_id = b.player_id) AND (event_date >= b.event_date))
              Heap Fetches: 0
              Buffers: shared hit=212204
Planning:
  Buffers: shared hit=15
Planning Time: 0.265 ms
JIT:
  Functions: 12
  Options: Inlining false, Optimization false, Expressions true, Deforming true
Execution Time: 4946.159 ms",4937.322,283313.02,100000,"HashAggregate  (cost=283213.02..283313.02 rows=10000 width=16) (actual rows=100000 loops=1)
  Group Key: a.player_id, a.event_date
  Batches: 5  Memory Usage: 4145kB  Disk Usage: 195544kB
  Buffers: shared hit=212745, temp read=24313 written=42597
  ->  Nested Loop  (cost=0.29..233099.00 rows=6681869 width=12) (actual rows=10090526 loops=1)
        Buffers: shared hit=212745
        ->  Seq Scan on activity b  (cost=0.00..1541.00 rows=100000 width=12) (actual rows=100000 loops=1)
              Buffers: shared hit=541
        ->  Index Only Scan using activity_pkey on activity a  (cost=0.29..1.65 rows=67 width=8) (actual rows=101 loops=100000)
              Index Cond: ((player_id = b.player_id) AND (event_date >= b.event_date))
              Heap Fetches: 0
              Buffers: shared hit=212204
Planning:
  Buffers: shared hit=15
Planning Time: 0.295 ms
JIT:
  Functions: 12
  Options: Inlining false, Optimization false, Expressions true, Deforming true
Execution Time: 4937.322 ms",4944.043,283313.02,100000,"HashAggregate  (cost=283213.02..283313.02 rows=10000 width=16) (actual rows=100000 loops=1)
  Group Key: a.player_id, a.event_date
  Batches: 5  Memory Usage: 4145kB  Disk Usage: 195544kB
  Buffers: shared hit=212745, temp read=24313 written=42597
  ->  Nested Loop  (cost=0.29..233099.00 rows=6681869 width=12) (actual rows=10090526 loops=1)
        Buffers: shared hit=212745
        ->  Seq Scan on activity b  (cost=0.00..1541.00 rows=100000 width=12) (actual rows=100000 loops=1)
              Buffers: shared hit=541
        ->  Index Only Scan using activity_pkey on activity a  (cost=0.29..1.65 rows=67 width=8) (actual rows=101 loops=100000)
              Index Cond: ((player_id = b.player_id) AND (event_date >= b.event_date))
              Heap Fetches: 0
              Buffers: shared hit=212204
Planning:
  Buffers: shared hit=15
Planning Time: 0.316 ms
JIT:
  Functions: 12
  Options: Inlining false, Optimization false, Expressions true, Deforming true
Execution Time: 4944.043 ms",4934.9668,4937.322,4945.101,4947.0054,283313.02,283313.02,100000,100000,100000,100000,normal,normal,134.6985426999932,50.66896670000004,equal variances,significant,0.003968253968253968,-4764.691,-4767.845,-280307.63,0,True
255,534,95,Medium,"SELECT a2.player_id AS player_id, a2.event_date AS event_date, SUM(a2.games_played) OVER ( PARTITION BY a2.player_id ORDER BY a2.event_date ASC ) AS games_played_so_far from schema_534.activity AS a2 GROUP BY a2.player_id,a2.event_date",159.056,3005.39,100000,"WindowAgg  (cost=2805.39..3005.39 rows=10000 width=16) (actual rows=100000 loops=1)
  Buffers: shared hit=541, temp read=471 written=633
  ->  Sort  (cost=2805.39..2830.39 rows=10000 width=12) (actual rows=100000 loops=1)
        Sort Key: player_id, event_date
        Sort Method: external merge  Disk: 2160kB
        Buffers: shared hit=541, temp read=471 written=633
        ->  HashAggregate  (cost=2041.00..2141.00 rows=10000 width=12) (actual rows=100000 loops=1)
              Group Key: player_id, event_date
              Batches: 5  Memory Usage: 4145kB  Disk Usage: 1744kB
              Buffers: shared hit=541, temp read=201 written=362
              ->  Seq Scan on activity a2  (cost=0.00..1541.00 rows=100000 width=12) (actual rows=100000 loops=1)
                    Buffers: shared hit=541
Planning:
  Buffers: shared hit=3
Planning Time: 0.059 ms
Execution Time: 159.056 ms",170.884,3005.39,100000,"WindowAgg  (cost=2805.39..3005.39 rows=10000 width=16) (actual rows=100000 loops=1)
  Buffers: shared hit=541, temp read=471 written=633
  ->  Sort  (cost=2805.39..2830.39 rows=10000 width=12) (actual rows=100000 loops=1)
        Sort Key: player_id, event_date
        Sort Method: external merge  Disk: 2160kB
        Buffers: shared hit=541, temp read=471 written=633
        ->  HashAggregate  (cost=2041.00..2141.00 rows=10000 width=12) (actual rows=100000 loops=1)
              Group Key: player_id, event_date
              Batches: 5  Memory Usage: 4145kB  Disk Usage: 1744kB
              Buffers: shared hit=541, temp read=201 written=362
              ->  Seq Scan on activity a2  (cost=0.00..1541.00 rows=100000 width=12) (actual rows=100000 loops=1)
                    Buffers: shared hit=541
Planning:
  Buffers: shared hit=3
Planning Time: 0.091 ms
Execution Time: 170.884 ms",170.966,3005.39,100000,"WindowAgg  (cost=2805.39..3005.39 rows=10000 width=16) (actual rows=100000 loops=1)
  Buffers: shared hit=541, temp read=471 written=633
  ->  Sort  (cost=2805.39..2830.39 rows=10000 width=12) (actual rows=100000 loops=1)
        Sort Key: player_id, event_date
        Sort Method: external merge  Disk: 2160kB
        Buffers: shared hit=541, temp read=471 written=633
        ->  HashAggregate  (cost=2041.00..2141.00 rows=10000 width=12) (actual rows=100000 loops=1)
              Group Key: player_id, event_date
              Batches: 5  Memory Usage: 4145kB  Disk Usage: 1744kB
              Buffers: shared hit=541, temp read=201 written=362
              ->  Seq Scan on activity a2  (cost=0.00..1541.00 rows=100000 width=12) (actual rows=100000 loops=1)
                    Buffers: shared hit=541
Planning:
  Buffers: shared hit=3
Planning Time: 0.097 ms
Execution Time: 170.966 ms",166.866,3005.39,100000,"WindowAgg  (cost=2805.39..3005.39 rows=10000 width=16) (actual rows=100000 loops=1)
  Buffers: shared hit=541, temp read=471 written=633
  ->  Sort  (cost=2805.39..2830.39 rows=10000 width=12) (actual rows=100000 loops=1)
        Sort Key: player_id, event_date
        Sort Method: external merge  Disk: 2160kB
        Buffers: shared hit=541, temp read=471 written=633
        ->  HashAggregate  (cost=2041.00..2141.00 rows=10000 width=12) (actual rows=100000 loops=1)
              Group Key: player_id, event_date
              Batches: 5  Memory Usage: 4145kB  Disk Usage: 1744kB
              Buffers: shared hit=541, temp read=201 written=362
              ->  Seq Scan on activity a2  (cost=0.00..1541.00 rows=100000 width=12) (actual rows=100000 loops=1)
                    Buffers: shared hit=541
Planning:
  Buffers: shared hit=3
Planning Time: 0.072 ms
Execution Time: 166.866 ms",169.507,3005.39,100000,"WindowAgg  (cost=2805.39..3005.39 rows=10000 width=16) (actual rows=100000 loops=1)
  Buffers: shared hit=541, temp read=471 written=633
  ->  Sort  (cost=2805.39..2830.39 rows=10000 width=12) (actual rows=100000 loops=1)
        Sort Key: player_id, event_date
        Sort Method: external merge  Disk: 2160kB
        Buffers: shared hit=541, temp read=471 written=633
        ->  HashAggregate  (cost=2041.00..2141.00 rows=10000 width=12) (actual rows=100000 loops=1)
              Group Key: player_id, event_date
              Batches: 5  Memory Usage: 4145kB  Disk Usage: 1744kB
              Buffers: shared hit=541, temp read=201 written=362
              ->  Seq Scan on activity a2  (cost=0.00..1541.00 rows=100000 width=12) (actual rows=100000 loops=1)
                    Buffers: shared hit=541
Planning:
  Buffers: shared hit=3
Planning Time: 0.101 ms
Execution Time: 169.507 ms",167.4558,169.507,170.925,170.9988,3005.39,3005.39,100000,100000,100000,100000,534_95,255,534,95,Medium,"select a1.player_id, a1.event_date, sum(a2.games_played) as games_played_so_far from schema_534.activity as a1 join schema_534.activity as a2 on a1.player_id = a2.player_id where a1.event_date >= a2.event_date group by a1.player_id, a1.event_date",4952.843,283313.02,100000,"HashAggregate  (cost=283213.02..283313.02 rows=10000 width=16) (actual rows=100000 loops=1)
  Group Key: a1.player_id, a1.event_date
  Batches: 5  Memory Usage: 4145kB  Disk Usage: 195544kB
  Buffers: shared hit=212745, temp read=24313 written=42597
  ->  Nested Loop  (cost=0.29..233099.00 rows=6681869 width=12) (actual rows=10090526 loops=1)
        Buffers: shared hit=212745
        ->  Seq Scan on activity a2  (cost=0.00..1541.00 rows=100000 width=12) (actual rows=100000 loops=1)
              Buffers: shared hit=541
        ->  Index Only Scan using activity_pkey on activity a1  (cost=0.29..1.65 rows=67 width=8) (actual rows=101 loops=100000)
              Index Cond: ((player_id = a2.player_id) AND (event_date >= a2.event_date))
              Heap Fetches: 0
              Buffers: shared hit=212204
Planning:
  Buffers: shared hit=15
Planning Time: 0.192 ms
JIT:
  Functions: 12
  Options: Inlining false, Optimization false, Expressions true, Deforming true
Execution Time: 4952.843 ms",4985.681,283313.02,100000,"HashAggregate  (cost=283213.02..283313.02 rows=10000 width=16) (actual rows=100000 loops=1)
  Group Key: a1.player_id, a1.event_date
  Batches: 5  Memory Usage: 4145kB  Disk Usage: 195544kB
  Buffers: shared hit=212745, temp read=24313 written=42597
  ->  Nested Loop  (cost=0.29..233099.00 rows=6681869 width=12) (actual rows=10090526 loops=1)
        Buffers: shared hit=212745
        ->  Seq Scan on activity a2  (cost=0.00..1541.00 rows=100000 width=12) (actual rows=100000 loops=1)
              Buffers: shared hit=541
        ->  Index Only Scan using activity_pkey on activity a1  (cost=0.29..1.65 rows=67 width=8) (actual rows=101 loops=100000)
              Index Cond: ((player_id = a2.player_id) AND (event_date >= a2.event_date))
              Heap Fetches: 0
              Buffers: shared hit=212204
Planning:
  Buffers: shared hit=15
Planning Time: 0.307 ms
JIT:
  Functions: 12
  Options: Inlining false, Optimization false, Expressions true, Deforming true
Execution Time: 4985.681 ms",4961.188,283313.02,100000,"HashAggregate  (cost=283213.02..283313.02 rows=10000 width=16) (actual rows=100000 loops=1)
  Group Key: a1.player_id, a1.event_date
  Batches: 5  Memory Usage: 4145kB  Disk Usage: 195544kB
  Buffers: shared hit=212745, temp read=24313 written=42597
  ->  Nested Loop  (cost=0.29..233099.00 rows=6681869 width=12) (actual rows=10090526 loops=1)
        Buffers: shared hit=212745
        ->  Seq Scan on activity a2  (cost=0.00..1541.00 rows=100000 width=12) (actual rows=100000 loops=1)
              Buffers: shared hit=541
        ->  Index Only Scan using activity_pkey on activity a1  (cost=0.29..1.65 rows=67 width=8) (actual rows=101 loops=100000)
              Index Cond: ((player_id = a2.player_id) AND (event_date >= a2.event_date))
              Heap Fetches: 0
              Buffers: shared hit=212204
Planning:
  Buffers: shared hit=15
Planning Time: 0.304 ms
JIT:
  Functions: 12
  Options: Inlining false, Optimization false, Expressions true, Deforming true
Execution Time: 4961.188 ms",4959.507,283313.02,100000,"HashAggregate  (cost=283213.02..283313.02 rows=10000 width=16) (actual rows=100000 loops=1)
  Group Key: a1.player_id, a1.event_date
  Batches: 5  Memory Usage: 4145kB  Disk Usage: 195544kB
  Buffers: shared hit=212745, temp read=24313 written=42597
  ->  Nested Loop  (cost=0.29..233099.00 rows=6681869 width=12) (actual rows=10090526 loops=1)
        Buffers: shared hit=212745
        ->  Seq Scan on activity a2  (cost=0.00..1541.00 rows=100000 width=12) (actual rows=100000 loops=1)
              Buffers: shared hit=541
        ->  Index Only Scan using activity_pkey on activity a1  (cost=0.29..1.65 rows=67 width=8) (actual rows=101 loops=100000)
              Index Cond: ((player_id = a2.player_id) AND (event_date >= a2.event_date))
              Heap Fetches: 0
              Buffers: shared hit=212204
Planning:
  Buffers: shared hit=15
Planning Time: 0.307 ms
JIT:
  Functions: 12
  Options: Inlining false, Optimization false, Expressions true, Deforming true
Execution Time: 4959.507 ms",4988.905,283313.02,100000,"HashAggregate  (cost=283213.02..283313.02 rows=10000 width=16) (actual rows=100000 loops=1)
  Group Key: a1.player_id, a1.event_date
  Batches: 5  Memory Usage: 4145kB  Disk Usage: 195544kB
  Buffers: shared hit=212745, temp read=24313 written=42597
  ->  Nested Loop  (cost=0.29..233099.00 rows=6681869 width=12) (actual rows=10090526 loops=1)
        Buffers: shared hit=212745
        ->  Seq Scan on activity a2  (cost=0.00..1541.00 rows=100000 width=12) (actual rows=100000 loops=1)
              Buffers: shared hit=541
        ->  Index Only Scan using activity_pkey on activity a1  (cost=0.29..1.65 rows=67 width=8) (actual rows=101 loops=100000)
              Index Cond: ((player_id = a2.player_id) AND (event_date >= a2.event_date))
              Heap Fetches: 0
              Buffers: shared hit=212204
Planning:
  Buffers: shared hit=15
Planning Time: 0.316 ms
JIT:
  Functions: 12
  Options: Inlining false, Optimization false, Expressions true, Deforming true
Execution Time: 4988.905 ms",4969.6248,4961.188,4987.293,4990.1946,283313.02,283313.02,100000,100000,100000,100000,normal,normal,271.17648819999704,24.796496199999943,equal variances,significant,0.003968253968253968,-4802.169,-4791.6810000000005,-280307.63,0,True
257,534,100,Medium,"SELECT a2.player_id AS player_id, a2.event_date AS event_date, SUM(a2.games_played) OVER ( PARTITION BY a2.player_id ORDER BY a2.event_date ASC ) AS games_played_so_far from schema_534.activity AS a2 GROUP BY a2.player_id,a2.event_date",162.51,3005.39,100000,"WindowAgg  (cost=2805.39..3005.39 rows=10000 width=16) (actual rows=100000 loops=1)
  Buffers: shared hit=541, temp read=471 written=633
  ->  Sort  (cost=2805.39..2830.39 rows=10000 width=12) (actual rows=100000 loops=1)
        Sort Key: player_id, event_date
        Sort Method: external merge  Disk: 2160kB
        Buffers: shared hit=541, temp read=471 written=633
        ->  HashAggregate  (cost=2041.00..2141.00 rows=10000 width=12) (actual rows=100000 loops=1)
              Group Key: player_id, event_date
              Batches: 5  Memory Usage: 4145kB  Disk Usage: 1744kB
              Buffers: shared hit=541, temp read=201 written=362
              ->  Seq Scan on activity a2  (cost=0.00..1541.00 rows=100000 width=12) (actual rows=100000 loops=1)
                    Buffers: shared hit=541
Planning:
  Buffers: shared hit=3
Planning Time: 0.076 ms
Execution Time: 162.510 ms",169.537,3005.39,100000,"WindowAgg  (cost=2805.39..3005.39 rows=10000 width=16) (actual rows=100000 loops=1)
  Buffers: shared hit=541, temp read=471 written=633
  ->  Sort  (cost=2805.39..2830.39 rows=10000 width=12) (actual rows=100000 loops=1)
        Sort Key: player_id, event_date
        Sort Method: external merge  Disk: 2160kB
        Buffers: shared hit=541, temp read=471 written=633
        ->  HashAggregate  (cost=2041.00..2141.00 rows=10000 width=12) (actual rows=100000 loops=1)
              Group Key: player_id, event_date
              Batches: 5  Memory Usage: 4145kB  Disk Usage: 1744kB
              Buffers: shared hit=541, temp read=201 written=362
              ->  Seq Scan on activity a2  (cost=0.00..1541.00 rows=100000 width=12) (actual rows=100000 loops=1)
                    Buffers: shared hit=541
Planning:
  Buffers: shared hit=3
Planning Time: 0.084 ms
Execution Time: 169.537 ms",172.687,3005.39,100000,"WindowAgg  (cost=2805.39..3005.39 rows=10000 width=16) (actual rows=100000 loops=1)
  Buffers: shared hit=541, temp read=471 written=633
  ->  Sort  (cost=2805.39..2830.39 rows=10000 width=12) (actual rows=100000 loops=1)
        Sort Key: player_id, event_date
        Sort Method: external merge  Disk: 2160kB
        Buffers: shared hit=541, temp read=471 written=633
        ->  HashAggregate  (cost=2041.00..2141.00 rows=10000 width=12) (actual rows=100000 loops=1)
              Group Key: player_id, event_date
              Batches: 5  Memory Usage: 4145kB  Disk Usage: 1744kB
              Buffers: shared hit=541, temp read=201 written=362
              ->  Seq Scan on activity a2  (cost=0.00..1541.00 rows=100000 width=12) (actual rows=100000 loops=1)
                    Buffers: shared hit=541
Planning:
  Buffers: shared hit=3
Planning Time: 0.086 ms
Execution Time: 172.687 ms",173.346,3005.39,100000,"WindowAgg  (cost=2805.39..3005.39 rows=10000 width=16) (actual rows=100000 loops=1)
  Buffers: shared hit=541, temp read=471 written=633
  ->  Sort  (cost=2805.39..2830.39 rows=10000 width=12) (actual rows=100000 loops=1)
        Sort Key: player_id, event_date
        Sort Method: external merge  Disk: 2160kB
        Buffers: shared hit=541, temp read=471 written=633
        ->  HashAggregate  (cost=2041.00..2141.00 rows=10000 width=12) (actual rows=100000 loops=1)
              Group Key: player_id, event_date
              Batches: 5  Memory Usage: 4145kB  Disk Usage: 1744kB
              Buffers: shared hit=541, temp read=201 written=362
              ->  Seq Scan on activity a2  (cost=0.00..1541.00 rows=100000 width=12) (actual rows=100000 loops=1)
                    Buffers: shared hit=541
Planning:
  Buffers: shared hit=3
Planning Time: 0.082 ms
Execution Time: 173.346 ms",179.514,3005.39,100000,"WindowAgg  (cost=2805.39..3005.39 rows=10000 width=16) (actual rows=100000 loops=1)
  Buffers: shared hit=541, temp read=471 written=633
  ->  Sort  (cost=2805.39..2830.39 rows=10000 width=12) (actual rows=100000 loops=1)
        Sort Key: player_id, event_date
        Sort Method: external merge  Disk: 2160kB
        Buffers: shared hit=541, temp read=471 written=633
        ->  HashAggregate  (cost=2041.00..2141.00 rows=10000 width=12) (actual rows=100000 loops=1)
              Group Key: player_id, event_date
              Batches: 5  Memory Usage: 4145kB  Disk Usage: 1744kB
              Buffers: shared hit=541, temp read=201 written=362
              ->  Seq Scan on activity a2  (cost=0.00..1541.00 rows=100000 width=12) (actual rows=100000 loops=1)
                    Buffers: shared hit=541
Planning:
  Buffers: shared hit=3
Planning Time: 0.105 ms
Execution Time: 179.514 ms",171.5188,172.687,176.43,181.9812,3005.39,3005.39,100000,100000,100000,100000,534_100,257,534,100,Medium,"select a1.player_id, a1.event_date, sum(a2.games_played) as games_played_so_far from schema_534.activity as a1 join schema_534.activity as a2 on (a1.player_id = a2.player_id and a1.event_date >= a2.event_date) group by 1, 2",4924.434,283313.02,100000,"HashAggregate  (cost=283213.02..283313.02 rows=10000 width=16) (actual rows=100000 loops=1)
  Group Key: a1.player_id, a1.event_date
  Batches: 5  Memory Usage: 4145kB  Disk Usage: 195544kB
  Buffers: shared hit=212745, temp read=24313 written=42597
  ->  Nested Loop  (cost=0.29..233099.00 rows=6681869 width=12) (actual rows=10090526 loops=1)
        Buffers: shared hit=212745
        ->  Seq Scan on activity a2  (cost=0.00..1541.00 rows=100000 width=12) (actual rows=100000 loops=1)
              Buffers: shared hit=541
        ->  Index Only Scan using activity_pkey on activity a1  (cost=0.29..1.65 rows=67 width=8) (actual rows=101 loops=100000)
              Index Cond: ((player_id = a2.player_id) AND (event_date >= a2.event_date))
              Heap Fetches: 0
              Buffers: shared hit=212204
Planning:
  Buffers: shared hit=15
Planning Time: 0.215 ms
JIT:
  Functions: 12
  Options: Inlining false, Optimization false, Expressions true, Deforming true
Execution Time: 4924.434 ms",4945.029,283313.02,100000,"HashAggregate  (cost=283213.02..283313.02 rows=10000 width=16) (actual rows=100000 loops=1)
  Group Key: a1.player_id, a1.event_date
  Batches: 5  Memory Usage: 4145kB  Disk Usage: 195544kB
  Buffers: shared hit=212745, temp read=24313 written=42597
  ->  Nested Loop  (cost=0.29..233099.00 rows=6681869 width=12) (actual rows=10090526 loops=1)
        Buffers: shared hit=212745
        ->  Seq Scan on activity a2  (cost=0.00..1541.00 rows=100000 width=12) (actual rows=100000 loops=1)
              Buffers: shared hit=541
        ->  Index Only Scan using activity_pkey on activity a1  (cost=0.29..1.65 rows=67 width=8) (actual rows=101 loops=100000)
              Index Cond: ((player_id = a2.player_id) AND (event_date >= a2.event_date))
              Heap Fetches: 0
              Buffers: shared hit=212204
Planning:
  Buffers: shared hit=15
Planning Time: 0.348 ms
JIT:
  Functions: 12
  Options: Inlining false, Optimization false, Expressions true, Deforming true
Execution Time: 4945.029 ms",4941.821,283313.02,100000,"HashAggregate  (cost=283213.02..283313.02 rows=10000 width=16) (actual rows=100000 loops=1)
  Group Key: a1.player_id, a1.event_date
  Batches: 5  Memory Usage: 4145kB  Disk Usage: 195544kB
  Buffers: shared hit=212745, temp read=24313 written=42597
  ->  Nested Loop  (cost=0.29..233099.00 rows=6681869 width=12) (actual rows=10090526 loops=1)
        Buffers: shared hit=212745
        ->  Seq Scan on activity a2  (cost=0.00..1541.00 rows=100000 width=12) (actual rows=100000 loops=1)
              Buffers: shared hit=541
        ->  Index Only Scan using activity_pkey on activity a1  (cost=0.29..1.65 rows=67 width=8) (actual rows=101 loops=100000)
              Index Cond: ((player_id = a2.player_id) AND (event_date >= a2.event_date))
              Heap Fetches: 0
              Buffers: shared hit=212204
Planning:
  Buffers: shared hit=15
Planning Time: 0.293 ms
JIT:
  Functions: 12
  Options: Inlining false, Optimization false, Expressions true, Deforming true
Execution Time: 4941.821 ms",4940.002,283313.02,100000,"HashAggregate  (cost=283213.02..283313.02 rows=10000 width=16) (actual rows=100000 loops=1)
  Group Key: a1.player_id, a1.event_date
  Batches: 5  Memory Usage: 4145kB  Disk Usage: 195544kB
  Buffers: shared hit=212745, temp read=24313 written=42597
  ->  Nested Loop  (cost=0.29..233099.00 rows=6681869 width=12) (actual rows=10090526 loops=1)
        Buffers: shared hit=212745
        ->  Seq Scan on activity a2  (cost=0.00..1541.00 rows=100000 width=12) (actual rows=100000 loops=1)
              Buffers: shared hit=541
        ->  Index Only Scan using activity_pkey on activity a1  (cost=0.29..1.65 rows=67 width=8) (actual rows=101 loops=100000)
              Index Cond: ((player_id = a2.player_id) AND (event_date >= a2.event_date))
              Heap Fetches: 0
              Buffers: shared hit=212204
Planning:
  Buffers: shared hit=15
Planning Time: 0.317 ms
JIT:
  Functions: 12
  Options: Inlining false, Optimization false, Expressions true, Deforming true
Execution Time: 4940.002 ms",4941.809,283313.02,100000,"HashAggregate  (cost=283213.02..283313.02 rows=10000 width=16) (actual rows=100000 loops=1)
  Group Key: a1.player_id, a1.event_date
  Batches: 5  Memory Usage: 4145kB  Disk Usage: 195544kB
  Buffers: shared hit=212745, temp read=24313 written=42597
  ->  Nested Loop  (cost=0.29..233099.00 rows=6681869 width=12) (actual rows=10090526 loops=1)
        Buffers: shared hit=212745
        ->  Seq Scan on activity a2  (cost=0.00..1541.00 rows=100000 width=12) (actual rows=100000 loops=1)
              Buffers: shared hit=541
        ->  Index Only Scan using activity_pkey on activity a1  (cost=0.29..1.65 rows=67 width=8) (actual rows=101 loops=100000)
              Index Cond: ((player_id = a2.player_id) AND (event_date >= a2.event_date))
              Heap Fetches: 0
              Buffers: shared hit=212204
Planning:
  Buffers: shared hit=15
Planning Time: 0.273 ms
JIT:
  Functions: 12
  Options: Inlining false, Optimization false, Expressions true, Deforming true
Execution Time: 4941.809 ms",4938.619,4941.809,4943.425,4946.3122,283313.02,283313.02,100000,100000,100000,100000,not normal,normal,66.16097950000051,38.42814570000009,equal variances,significant,0.003968253968253968,-4767.1002,-4769.122,-280307.63,0,True
258,534,105,Medium,"SELECT a2.player_id AS player_id, a2.event_date AS event_date, SUM(a2.games_played) OVER ( PARTITION BY a2.player_id ORDER BY a2.event_date ASC ) AS games_played_so_far from schema_534.activity AS a2 GROUP BY a2.player_id,a2.event_date",161.163,3005.39,100000,"WindowAgg  (cost=2805.39..3005.39 rows=10000 width=16) (actual rows=100000 loops=1)
  Buffers: shared hit=541, temp read=471 written=633
  ->  Sort  (cost=2805.39..2830.39 rows=10000 width=12) (actual rows=100000 loops=1)
        Sort Key: player_id, event_date
        Sort Method: external merge  Disk: 2160kB
        Buffers: shared hit=541, temp read=471 written=633
        ->  HashAggregate  (cost=2041.00..2141.00 rows=10000 width=12) (actual rows=100000 loops=1)
              Group Key: player_id, event_date
              Batches: 5  Memory Usage: 4145kB  Disk Usage: 1744kB
              Buffers: shared hit=541, temp read=201 written=362
              ->  Seq Scan on activity a2  (cost=0.00..1541.00 rows=100000 width=12) (actual rows=100000 loops=1)
                    Buffers: shared hit=541
Planning:
  Buffers: shared hit=3
Planning Time: 0.060 ms
Execution Time: 161.163 ms",171.519,3005.39,100000,"WindowAgg  (cost=2805.39..3005.39 rows=10000 width=16) (actual rows=100000 loops=1)
  Buffers: shared hit=541, temp read=471 written=633
  ->  Sort  (cost=2805.39..2830.39 rows=10000 width=12) (actual rows=100000 loops=1)
        Sort Key: player_id, event_date
        Sort Method: external merge  Disk: 2160kB
        Buffers: shared hit=541, temp read=471 written=633
        ->  HashAggregate  (cost=2041.00..2141.00 rows=10000 width=12) (actual rows=100000 loops=1)
              Group Key: player_id, event_date
              Batches: 5  Memory Usage: 4145kB  Disk Usage: 1744kB
              Buffers: shared hit=541, temp read=201 written=362
              ->  Seq Scan on activity a2  (cost=0.00..1541.00 rows=100000 width=12) (actual rows=100000 loops=1)
                    Buffers: shared hit=541
Planning:
  Buffers: shared hit=3
Planning Time: 0.077 ms
Execution Time: 171.519 ms",170.543,3005.39,100000,"WindowAgg  (cost=2805.39..3005.39 rows=10000 width=16) (actual rows=100000 loops=1)
  Buffers: shared hit=541, temp read=471 written=633
  ->  Sort  (cost=2805.39..2830.39 rows=10000 width=12) (actual rows=100000 loops=1)
        Sort Key: player_id, event_date
        Sort Method: external merge  Disk: 2160kB
        Buffers: shared hit=541, temp read=471 written=633
        ->  HashAggregate  (cost=2041.00..2141.00 rows=10000 width=12) (actual rows=100000 loops=1)
              Group Key: player_id, event_date
              Batches: 5  Memory Usage: 4145kB  Disk Usage: 1744kB
              Buffers: shared hit=541, temp read=201 written=362
              ->  Seq Scan on activity a2  (cost=0.00..1541.00 rows=100000 width=12) (actual rows=100000 loops=1)
                    Buffers: shared hit=541
Planning:
  Buffers: shared hit=3
Planning Time: 0.121 ms
Execution Time: 170.543 ms",171.206,3005.39,100000,"WindowAgg  (cost=2805.39..3005.39 rows=10000 width=16) (actual rows=100000 loops=1)
  Buffers: shared hit=541, temp read=471 written=633
  ->  Sort  (cost=2805.39..2830.39 rows=10000 width=12) (actual rows=100000 loops=1)
        Sort Key: player_id, event_date
        Sort Method: external merge  Disk: 2160kB
        Buffers: shared hit=541, temp read=471 written=633
        ->  HashAggregate  (cost=2041.00..2141.00 rows=10000 width=12) (actual rows=100000 loops=1)
              Group Key: player_id, event_date
              Batches: 5  Memory Usage: 4145kB  Disk Usage: 1744kB
              Buffers: shared hit=541, temp read=201 written=362
              ->  Seq Scan on activity a2  (cost=0.00..1541.00 rows=100000 width=12) (actual rows=100000 loops=1)
                    Buffers: shared hit=541
Planning:
  Buffers: shared hit=3
Planning Time: 0.093 ms
Execution Time: 171.206 ms",213.567,3005.39,100000,"WindowAgg  (cost=2805.39..3005.39 rows=10000 width=16) (actual rows=100000 loops=1)
  Buffers: shared hit=541, temp read=471 written=633
  ->  Sort  (cost=2805.39..2830.39 rows=10000 width=12) (actual rows=100000 loops=1)
        Sort Key: player_id, event_date
        Sort Method: external merge  Disk: 2160kB
        Buffers: shared hit=541, temp read=471 written=633
        ->  HashAggregate  (cost=2041.00..2141.00 rows=10000 width=12) (actual rows=100000 loops=1)
              Group Key: player_id, event_date
              Batches: 5  Memory Usage: 4145kB  Disk Usage: 1744kB
              Buffers: shared hit=541, temp read=201 written=362
              ->  Seq Scan on activity a2  (cost=0.00..1541.00 rows=100000 width=12) (actual rows=100000 loops=1)
                    Buffers: shared hit=541
Planning:
  Buffers: shared hit=3
Planning Time: 0.078 ms
Execution Time: 213.567 ms",177.5996,171.206,192.543,230.3862,3005.39,3005.39,100000,100000,100000,100000,534_105,258,534,105,Medium,"select a1.player_id, a1.event_date, sum(a2.games_played) as games_played_so_far from schema_534.activity as a1 join schema_534.activity as a2 on (a1.event_date >= a2.event_date and a1.player_id = a2.player_id) group by 1, 2",4917.246,283313.02,100000,"HashAggregate  (cost=283213.02..283313.02 rows=10000 width=16) (actual rows=100000 loops=1)
  Group Key: a1.player_id, a1.event_date
  Batches: 5  Memory Usage: 4145kB  Disk Usage: 195544kB
  Buffers: shared hit=212745, temp read=24313 written=42597
  ->  Nested Loop  (cost=0.29..233099.00 rows=6681869 width=12) (actual rows=10090526 loops=1)
        Buffers: shared hit=212745
        ->  Seq Scan on activity a2  (cost=0.00..1541.00 rows=100000 width=12) (actual rows=100000 loops=1)
              Buffers: shared hit=541
        ->  Index Only Scan using activity_pkey on activity a1  (cost=0.29..1.65 rows=67 width=8) (actual rows=101 loops=100000)
              Index Cond: ((player_id = a2.player_id) AND (event_date >= a2.event_date))
              Heap Fetches: 0
              Buffers: shared hit=212204
Planning:
  Buffers: shared hit=15
Planning Time: 0.327 ms
JIT:
  Functions: 12
  Options: Inlining false, Optimization false, Expressions true, Deforming true
Execution Time: 4917.246 ms",4958.017,283313.02,100000,"HashAggregate  (cost=283213.02..283313.02 rows=10000 width=16) (actual rows=100000 loops=1)
  Group Key: a1.player_id, a1.event_date
  Batches: 5  Memory Usage: 4145kB  Disk Usage: 195544kB
  Buffers: shared hit=212745, temp read=24313 written=42597
  ->  Nested Loop  (cost=0.29..233099.00 rows=6681869 width=12) (actual rows=10090526 loops=1)
        Buffers: shared hit=212745
        ->  Seq Scan on activity a2  (cost=0.00..1541.00 rows=100000 width=12) (actual rows=100000 loops=1)
              Buffers: shared hit=541
        ->  Index Only Scan using activity_pkey on activity a1  (cost=0.29..1.65 rows=67 width=8) (actual rows=101 loops=100000)
              Index Cond: ((player_id = a2.player_id) AND (event_date >= a2.event_date))
              Heap Fetches: 0
              Buffers: shared hit=212204
Planning:
  Buffers: shared hit=15
Planning Time: 0.346 ms
JIT:
  Functions: 12
  Options: Inlining false, Optimization false, Expressions true, Deforming true
Execution Time: 4958.017 ms",4950.673,283313.02,100000,"HashAggregate  (cost=283213.02..283313.02 rows=10000 width=16) (actual rows=100000 loops=1)
  Group Key: a1.player_id, a1.event_date
  Batches: 5  Memory Usage: 4145kB  Disk Usage: 195544kB
  Buffers: shared hit=212745, temp read=24313 written=42597
  ->  Nested Loop  (cost=0.29..233099.00 rows=6681869 width=12) (actual rows=10090526 loops=1)
        Buffers: shared hit=212745
        ->  Seq Scan on activity a2  (cost=0.00..1541.00 rows=100000 width=12) (actual rows=100000 loops=1)
              Buffers: shared hit=541
        ->  Index Only Scan using activity_pkey on activity a1  (cost=0.29..1.65 rows=67 width=8) (actual rows=101 loops=100000)
              Index Cond: ((player_id = a2.player_id) AND (event_date >= a2.event_date))
              Heap Fetches: 0
              Buffers: shared hit=212204
Planning:
  Buffers: shared hit=15
Planning Time: 0.324 ms
JIT:
  Functions: 12
  Options: Inlining false, Optimization false, Expressions true, Deforming true
Execution Time: 4950.673 ms",4945.519,283313.02,100000,"HashAggregate  (cost=283213.02..283313.02 rows=10000 width=16) (actual rows=100000 loops=1)
  Group Key: a1.player_id, a1.event_date
  Batches: 5  Memory Usage: 4145kB  Disk Usage: 195544kB
  Buffers: shared hit=212745, temp read=24313 written=42597
  ->  Nested Loop  (cost=0.29..233099.00 rows=6681869 width=12) (actual rows=10090526 loops=1)
        Buffers: shared hit=212745
        ->  Seq Scan on activity a2  (cost=0.00..1541.00 rows=100000 width=12) (actual rows=100000 loops=1)
              Buffers: shared hit=541
        ->  Index Only Scan using activity_pkey on activity a1  (cost=0.29..1.65 rows=67 width=8) (actual rows=101 loops=100000)
              Index Cond: ((player_id = a2.player_id) AND (event_date >= a2.event_date))
              Heap Fetches: 0
              Buffers: shared hit=212204
Planning:
  Buffers: shared hit=15
Planning Time: 0.333 ms
JIT:
  Functions: 12
  Options: Inlining false, Optimization false, Expressions true, Deforming true
Execution Time: 4945.519 ms",4942.306,283313.02,100000,"HashAggregate  (cost=283213.02..283313.02 rows=10000 width=16) (actual rows=100000 loops=1)
  Group Key: a1.player_id, a1.event_date
  Batches: 5  Memory Usage: 4145kB  Disk Usage: 195544kB
  Buffers: shared hit=212745, temp read=24313 written=42597
  ->  Nested Loop  (cost=0.29..233099.00 rows=6681869 width=12) (actual rows=10090526 loops=1)
        Buffers: shared hit=212745
        ->  Seq Scan on activity a2  (cost=0.00..1541.00 rows=100000 width=12) (actual rows=100000 loops=1)
              Buffers: shared hit=541
        ->  Index Only Scan using activity_pkey on activity a1  (cost=0.29..1.65 rows=67 width=8) (actual rows=101 loops=100000)
              Index Cond: ((player_id = a2.player_id) AND (event_date >= a2.event_date))
              Heap Fetches: 0
              Buffers: shared hit=212204
Planning:
  Buffers: shared hit=15
Planning Time: 0.302 ms
JIT:
  Functions: 12
  Options: Inlining false, Optimization false, Expressions true, Deforming true
Execution Time: 4942.306 ms",4942.7522,4945.519,4954.345,4960.9546,283313.02,283313.02,100000,100000,100000,100000,normal,not normal,238.543426699997,422.86577580000005,equal variances,significant,0.003968253968253968,-4765.152599999999,-4774.313,-280307.63,0,True
259,534,112,Medium,"SELECT a1.player_id AS player_id, a1.event_date AS event_date, SUM(a1.games_played) OVER ( PARTITION BY a1.player_id ORDER BY a1.event_date ASC ) AS games_played_so_far from schema_534.activity AS a1 GROUP BY a1.player_id,a1.event_date",159.392,3005.39,100000,"WindowAgg  (cost=2805.39..3005.39 rows=10000 width=16) (actual rows=100000 loops=1)
  Buffers: shared hit=541, temp read=471 written=633
  ->  Sort  (cost=2805.39..2830.39 rows=10000 width=12) (actual rows=100000 loops=1)
        Sort Key: player_id, event_date
        Sort Method: external merge  Disk: 2160kB
        Buffers: shared hit=541, temp read=471 written=633
        ->  HashAggregate  (cost=2041.00..2141.00 rows=10000 width=12) (actual rows=100000 loops=1)
              Group Key: player_id, event_date
              Batches: 5  Memory Usage: 4145kB  Disk Usage: 1744kB
              Buffers: shared hit=541, temp read=201 written=362
              ->  Seq Scan on activity a1  (cost=0.00..1541.00 rows=100000 width=12) (actual rows=100000 loops=1)
                    Buffers: shared hit=541
Planning:
  Buffers: shared hit=3
Planning Time: 0.060 ms
Execution Time: 159.392 ms",182.816,3005.39,100000,"WindowAgg  (cost=2805.39..3005.39 rows=10000 width=16) (actual rows=100000 loops=1)
  Buffers: shared hit=541, temp read=471 written=633
  ->  Sort  (cost=2805.39..2830.39 rows=10000 width=12) (actual rows=100000 loops=1)
        Sort Key: player_id, event_date
        Sort Method: external merge  Disk: 2160kB
        Buffers: shared hit=541, temp read=471 written=633
        ->  HashAggregate  (cost=2041.00..2141.00 rows=10000 width=12) (actual rows=100000 loops=1)
              Group Key: player_id, event_date
              Batches: 5  Memory Usage: 4145kB  Disk Usage: 1744kB
              Buffers: shared hit=541, temp read=201 written=362
              ->  Seq Scan on activity a1  (cost=0.00..1541.00 rows=100000 width=12) (actual rows=100000 loops=1)
                    Buffers: shared hit=541
Planning:
  Buffers: shared hit=3
Planning Time: 0.100 ms
Execution Time: 182.816 ms",169.998,3005.39,100000,"WindowAgg  (cost=2805.39..3005.39 rows=10000 width=16) (actual rows=100000 loops=1)
  Buffers: shared hit=541, temp read=471 written=633
  ->  Sort  (cost=2805.39..2830.39 rows=10000 width=12) (actual rows=100000 loops=1)
        Sort Key: player_id, event_date
        Sort Method: external merge  Disk: 2160kB
        Buffers: shared hit=541, temp read=471 written=633
        ->  HashAggregate  (cost=2041.00..2141.00 rows=10000 width=12) (actual rows=100000 loops=1)
              Group Key: player_id, event_date
              Batches: 5  Memory Usage: 4145kB  Disk Usage: 1744kB
              Buffers: shared hit=541, temp read=201 written=362
              ->  Seq Scan on activity a1  (cost=0.00..1541.00 rows=100000 width=12) (actual rows=100000 loops=1)
                    Buffers: shared hit=541
Planning:
  Buffers: shared hit=3
Planning Time: 0.087 ms
Execution Time: 169.998 ms",171.457,3005.39,100000,"WindowAgg  (cost=2805.39..3005.39 rows=10000 width=16) (actual rows=100000 loops=1)
  Buffers: shared hit=541, temp read=471 written=633
  ->  Sort  (cost=2805.39..2830.39 rows=10000 width=12) (actual rows=100000 loops=1)
        Sort Key: player_id, event_date
        Sort Method: external merge  Disk: 2160kB
        Buffers: shared hit=541, temp read=471 written=633
        ->  HashAggregate  (cost=2041.00..2141.00 rows=10000 width=12) (actual rows=100000 loops=1)
              Group Key: player_id, event_date
              Batches: 5  Memory Usage: 4145kB  Disk Usage: 1744kB
              Buffers: shared hit=541, temp read=201 written=362
              ->  Seq Scan on activity a1  (cost=0.00..1541.00 rows=100000 width=12) (actual rows=100000 loops=1)
                    Buffers: shared hit=541
Planning:
  Buffers: shared hit=3
Planning Time: 0.102 ms
Execution Time: 171.457 ms",175.05,3005.39,100000,"WindowAgg  (cost=2805.39..3005.39 rows=10000 width=16) (actual rows=100000 loops=1)
  Buffers: shared hit=541, temp read=471 written=633
  ->  Sort  (cost=2805.39..2830.39 rows=10000 width=12) (actual rows=100000 loops=1)
        Sort Key: player_id, event_date
        Sort Method: external merge  Disk: 2160kB
        Buffers: shared hit=541, temp read=471 written=633
        ->  HashAggregate  (cost=2041.00..2141.00 rows=10000 width=12) (actual rows=100000 loops=1)
              Group Key: player_id, event_date
              Batches: 5  Memory Usage: 4145kB  Disk Usage: 1744kB
              Buffers: shared hit=541, temp read=201 written=362
              ->  Seq Scan on activity a1  (cost=0.00..1541.00 rows=100000 width=12) (actual rows=100000 loops=1)
                    Buffers: shared hit=541
Planning:
  Buffers: shared hit=3
Planning Time: 0.093 ms
Execution Time: 175.050 ms",171.7426,171.457,178.933,185.9224,3005.39,3005.39,100000,100000,100000,100000,534_112,259,534,112,Medium,"select a1.player_id, a2.event_date, sum(a1.games_played) as games_played_so_far from schema_534.activity as a1 left outer join schema_534.activity as a2 on (a1.player_id = a2.player_id and a1.event_date <= a2.event_date) group by a1.player_id, a2.event_date",4734.123,748113.53,100000,"HashAggregate  (cost=677860.91..748113.53 rows=500000 width=16) (actual rows=100000 loops=1)
  Group Key: a1.player_id, a2.event_date
  Planned Partitions: 16  Batches: 17  Memory Usage: 4241kB  Disk Usage: 203784kB
  Buffers: shared hit=212745, temp read=24319 written=48200
  ->  Nested Loop Left Join  (cost=0.29..233099.00 rows=6681869 width=12) (actual rows=10090526 loops=1)
        Buffers: shared hit=212745
        ->  Seq Scan on activity a1  (cost=0.00..1541.00 rows=100000 width=12) (actual rows=100000 loops=1)
              Buffers: shared hit=541
        ->  Index Only Scan using activity_pkey on activity a2  (cost=0.29..1.65 rows=67 width=8) (actual rows=101 loops=100000)
              Index Cond: ((player_id = a1.player_id) AND (event_date >= a1.event_date))
              Heap Fetches: 0
              Buffers: shared hit=212204
Planning:
  Buffers: shared hit=12
Planning Time: 0.171 ms
JIT:
  Functions: 12
  Options: Inlining true, Optimization true, Expressions true, Deforming true
Execution Time: 4734.123 ms",4795.13,748113.53,100000,"HashAggregate  (cost=677860.91..748113.53 rows=500000 width=16) (actual rows=100000 loops=1)
  Group Key: a1.player_id, a2.event_date
  Planned Partitions: 16  Batches: 17  Memory Usage: 4241kB  Disk Usage: 203784kB
  Buffers: shared hit=212745, temp read=24319 written=48200
  ->  Nested Loop Left Join  (cost=0.29..233099.00 rows=6681869 width=12) (actual rows=10090526 loops=1)
        Buffers: shared hit=212745
        ->  Seq Scan on activity a1  (cost=0.00..1541.00 rows=100000 width=12) (actual rows=100000 loops=1)
              Buffers: shared hit=541
        ->  Index Only Scan using activity_pkey on activity a2  (cost=0.29..1.65 rows=67 width=8) (actual rows=101 loops=100000)
              Index Cond: ((player_id = a1.player_id) AND (event_date >= a1.event_date))
              Heap Fetches: 0
              Buffers: shared hit=212204
Planning:
  Buffers: shared hit=12
Planning Time: 0.288 ms
JIT:
  Functions: 12
  Options: Inlining true, Optimization true, Expressions true, Deforming true
Execution Time: 4795.130 ms",4784.601,748113.53,100000,"HashAggregate  (cost=677860.91..748113.53 rows=500000 width=16) (actual rows=100000 loops=1)
  Group Key: a1.player_id, a2.event_date
  Planned Partitions: 16  Batches: 17  Memory Usage: 4241kB  Disk Usage: 203784kB
  Buffers: shared hit=212745, temp read=24319 written=48200
  ->  Nested Loop Left Join  (cost=0.29..233099.00 rows=6681869 width=12) (actual rows=10090526 loops=1)
        Buffers: shared hit=212745
        ->  Seq Scan on activity a1  (cost=0.00..1541.00 rows=100000 width=12) (actual rows=100000 loops=1)
              Buffers: shared hit=541
        ->  Index Only Scan using activity_pkey on activity a2  (cost=0.29..1.65 rows=67 width=8) (actual rows=101 loops=100000)
              Index Cond: ((player_id = a1.player_id) AND (event_date >= a1.event_date))
              Heap Fetches: 0
              Buffers: shared hit=212204
Planning:
  Buffers: shared hit=12
Planning Time: 0.287 ms
JIT:
  Functions: 12
  Options: Inlining true, Optimization true, Expressions true, Deforming true
Execution Time: 4784.601 ms",4768.541,748113.53,100000,"HashAggregate  (cost=677860.91..748113.53 rows=500000 width=16) (actual rows=100000 loops=1)
  Group Key: a1.player_id, a2.event_date
  Planned Partitions: 16  Batches: 17  Memory Usage: 4241kB  Disk Usage: 203784kB
  Buffers: shared hit=212745, temp read=24319 written=48200
  ->  Nested Loop Left Join  (cost=0.29..233099.00 rows=6681869 width=12) (actual rows=10090526 loops=1)
        Buffers: shared hit=212745
        ->  Seq Scan on activity a1  (cost=0.00..1541.00 rows=100000 width=12) (actual rows=100000 loops=1)
              Buffers: shared hit=541
        ->  Index Only Scan using activity_pkey on activity a2  (cost=0.29..1.65 rows=67 width=8) (actual rows=101 loops=100000)
              Index Cond: ((player_id = a1.player_id) AND (event_date >= a1.event_date))
              Heap Fetches: 0
              Buffers: shared hit=212204
Planning:
  Buffers: shared hit=12
Planning Time: 0.260 ms
JIT:
  Functions: 12
  Options: Inlining true, Optimization true, Expressions true, Deforming true
Execution Time: 4768.541 ms",4786.521,748113.53,100000,"HashAggregate  (cost=677860.91..748113.53 rows=500000 width=16) (actual rows=100000 loops=1)
  Group Key: a1.player_id, a2.event_date
  Planned Partitions: 16  Batches: 17  Memory Usage: 4241kB  Disk Usage: 203784kB
  Buffers: shared hit=212745, temp read=24319 written=48200
  ->  Nested Loop Left Join  (cost=0.29..233099.00 rows=6681869 width=12) (actual rows=10090526 loops=1)
        Buffers: shared hit=212745
        ->  Seq Scan on activity a1  (cost=0.00..1541.00 rows=100000 width=12) (actual rows=100000 loops=1)
              Buffers: shared hit=541
        ->  Index Only Scan using activity_pkey on activity a2  (cost=0.29..1.65 rows=67 width=8) (actual rows=101 loops=100000)
              Index Cond: ((player_id = a1.player_id) AND (event_date >= a1.event_date))
              Heap Fetches: 0
              Buffers: shared hit=212204
Planning:
  Buffers: shared hit=12
Planning Time: 0.248 ms
JIT:
  Functions: 12
  Options: Inlining true, Optimization true, Expressions true, Deforming true
Execution Time: 4786.521 ms",4773.7832,4784.601,4790.8255,4798.5736,748113.53,748113.53,100000,100000,100000,100000,normal,normal,583.8435852000052,72.30539980000007,equal variances,significant,0.003968253968253968,-4602.0406,-4613.143999999999,-745108.14,0,True
260,534,113,Medium,"SELECT a2.player_id AS player_id, a2.event_date AS event_date, SUM(a2.games_played) OVER ( PARTITION BY a2.player_id ORDER BY a2.event_date ASC ) AS games_played_so_far from schema_534.activity AS a2 GROUP BY a2.event_date,a2.player_id",159.345,3005.39,100000,"WindowAgg  (cost=2805.39..3005.39 rows=10000 width=16) (actual rows=100000 loops=1)
  Buffers: shared hit=541, temp read=471 written=633
  ->  Sort  (cost=2805.39..2830.39 rows=10000 width=12) (actual rows=100000 loops=1)
        Sort Key: player_id, event_date
        Sort Method: external merge  Disk: 2160kB
        Buffers: shared hit=541, temp read=471 written=633
        ->  HashAggregate  (cost=2041.00..2141.00 rows=10000 width=12) (actual rows=100000 loops=1)
              Group Key: event_date, player_id
              Batches: 5  Memory Usage: 4145kB  Disk Usage: 1744kB
              Buffers: shared hit=541, temp read=201 written=362
              ->  Seq Scan on activity a2  (cost=0.00..1541.00 rows=100000 width=12) (actual rows=100000 loops=1)
                    Buffers: shared hit=541
Planning:
  Buffers: shared hit=3
Planning Time: 0.053 ms
Execution Time: 159.345 ms",167.926,3005.39,100000,"WindowAgg  (cost=2805.39..3005.39 rows=10000 width=16) (actual rows=100000 loops=1)
  Buffers: shared hit=541, temp read=471 written=633
  ->  Sort  (cost=2805.39..2830.39 rows=10000 width=12) (actual rows=100000 loops=1)
        Sort Key: player_id, event_date
        Sort Method: external merge  Disk: 2160kB
        Buffers: shared hit=541, temp read=471 written=633
        ->  HashAggregate  (cost=2041.00..2141.00 rows=10000 width=12) (actual rows=100000 loops=1)
              Group Key: event_date, player_id
              Batches: 5  Memory Usage: 4145kB  Disk Usage: 1744kB
              Buffers: shared hit=541, temp read=201 written=362
              ->  Seq Scan on activity a2  (cost=0.00..1541.00 rows=100000 width=12) (actual rows=100000 loops=1)
                    Buffers: shared hit=541
Planning:
  Buffers: shared hit=3
Planning Time: 0.077 ms
Execution Time: 167.926 ms",177.681,3005.39,100000,"WindowAgg  (cost=2805.39..3005.39 rows=10000 width=16) (actual rows=100000 loops=1)
  Buffers: shared hit=541, temp read=471 written=633
  ->  Sort  (cost=2805.39..2830.39 rows=10000 width=12) (actual rows=100000 loops=1)
        Sort Key: player_id, event_date
        Sort Method: external merge  Disk: 2160kB
        Buffers: shared hit=541, temp read=471 written=633
        ->  HashAggregate  (cost=2041.00..2141.00 rows=10000 width=12) (actual rows=100000 loops=1)
              Group Key: event_date, player_id
              Batches: 5  Memory Usage: 4145kB  Disk Usage: 1744kB
              Buffers: shared hit=541, temp read=201 written=362
              ->  Seq Scan on activity a2  (cost=0.00..1541.00 rows=100000 width=12) (actual rows=100000 loops=1)
                    Buffers: shared hit=541
Planning:
  Buffers: shared hit=3
Planning Time: 0.106 ms
Execution Time: 177.681 ms",177.282,3005.39,100000,"WindowAgg  (cost=2805.39..3005.39 rows=10000 width=16) (actual rows=100000 loops=1)
  Buffers: shared hit=541, temp read=471 written=633
  ->  Sort  (cost=2805.39..2830.39 rows=10000 width=12) (actual rows=100000 loops=1)
        Sort Key: player_id, event_date
        Sort Method: external merge  Disk: 2160kB
        Buffers: shared hit=541, temp read=471 written=633
        ->  HashAggregate  (cost=2041.00..2141.00 rows=10000 width=12) (actual rows=100000 loops=1)
              Group Key: event_date, player_id
              Batches: 5  Memory Usage: 4145kB  Disk Usage: 1744kB
              Buffers: shared hit=541, temp read=201 written=362
              ->  Seq Scan on activity a2  (cost=0.00..1541.00 rows=100000 width=12) (actual rows=100000 loops=1)
                    Buffers: shared hit=541
Planning:
  Buffers: shared hit=3
Planning Time: 0.078 ms
Execution Time: 177.282 ms",172.356,3005.39,100000,"WindowAgg  (cost=2805.39..3005.39 rows=10000 width=16) (actual rows=100000 loops=1)
  Buffers: shared hit=541, temp read=471 written=633
  ->  Sort  (cost=2805.39..2830.39 rows=10000 width=12) (actual rows=100000 loops=1)
        Sort Key: player_id, event_date
        Sort Method: external merge  Disk: 2160kB
        Buffers: shared hit=541, temp read=471 written=633
        ->  HashAggregate  (cost=2041.00..2141.00 rows=10000 width=12) (actual rows=100000 loops=1)
              Group Key: event_date, player_id
              Batches: 5  Memory Usage: 4145kB  Disk Usage: 1744kB
              Buffers: shared hit=541, temp read=201 written=362
              ->  Seq Scan on activity a2  (cost=0.00..1541.00 rows=100000 width=12) (actual rows=100000 loops=1)
                    Buffers: shared hit=541
Planning:
  Buffers: shared hit=3
Planning Time: 0.088 ms
Execution Time: 172.356 ms",170.918,172.356,177.4815,177.8406,3005.39,3005.39,100000,100000,100000,100000,534_113,260,534,113,Medium,"select a1.player_id, a1.event_date, sum(a2.games_played) as games_played_so_far from schema_534.activity as a1 left outer join schema_534.activity as a2 on (a1.player_id = a2.player_id and a1.event_date >= a2.event_date) group by a1.player_id, a1.event_date order by a1.player_id, a1.event_date asc",4532.694,286744.31,100000,"GroupAggregate  (cost=0.58..286744.31 rows=10000 width=16) (actual rows=100000 loops=1)
  Group Key: a1.player_id, a1.event_date
  Buffers: shared hit=10284038
  ->  Nested Loop Left Join  (cost=0.58..236530.29 rows=6681869 width=12) (actual rows=10090526 loops=1)
        Buffers: shared hit=10284038
        ->  Index Only Scan using activity_pkey on activity a1  (cost=0.29..2808.29 rows=100000 width=8) (actual rows=100000 loops=1)
              Heap Fetches: 0
              Buffers: shared hit=327
        ->  Index Scan using activity_pkey on activity a2  (cost=0.29..1.67 rows=67 width=12) (actual rows=101 loops=100000)
              Index Cond: ((player_id = a1.player_id) AND (event_date <= a1.event_date))
              Buffers: shared hit=10283711
Planning:
  Buffers: shared hit=15
Planning Time: 0.183 ms
JIT:
  Functions: 9
  Options: Inlining false, Optimization false, Expressions true, Deforming true
Execution Time: 4532.694 ms",4568.084,286744.31,100000,"GroupAggregate  (cost=0.58..286744.31 rows=10000 width=16) (actual rows=100000 loops=1)
  Group Key: a1.player_id, a1.event_date
  Buffers: shared hit=10284038
  ->  Nested Loop Left Join  (cost=0.58..236530.29 rows=6681869 width=12) (actual rows=10090526 loops=1)
        Buffers: shared hit=10284038
        ->  Index Only Scan using activity_pkey on activity a1  (cost=0.29..2808.29 rows=100000 width=8) (actual rows=100000 loops=1)
              Heap Fetches: 0
              Buffers: shared hit=327
        ->  Index Scan using activity_pkey on activity a2  (cost=0.29..1.67 rows=67 width=12) (actual rows=101 loops=100000)
              Index Cond: ((player_id = a1.player_id) AND (event_date <= a1.event_date))
              Buffers: shared hit=10283711
Planning:
  Buffers: shared hit=15
Planning Time: 0.271 ms
JIT:
  Functions: 9
  Options: Inlining false, Optimization false, Expressions true, Deforming true
Execution Time: 4568.084 ms",4555.371,286744.31,100000,"GroupAggregate  (cost=0.58..286744.31 rows=10000 width=16) (actual rows=100000 loops=1)
  Group Key: a1.player_id, a1.event_date
  Buffers: shared hit=10284038
  ->  Nested Loop Left Join  (cost=0.58..236530.29 rows=6681869 width=12) (actual rows=10090526 loops=1)
        Buffers: shared hit=10284038
        ->  Index Only Scan using activity_pkey on activity a1  (cost=0.29..2808.29 rows=100000 width=8) (actual rows=100000 loops=1)
              Heap Fetches: 0
              Buffers: shared hit=327
        ->  Index Scan using activity_pkey on activity a2  (cost=0.29..1.67 rows=67 width=12) (actual rows=101 loops=100000)
              Index Cond: ((player_id = a1.player_id) AND (event_date <= a1.event_date))
              Buffers: shared hit=10283711
Planning:
  Buffers: shared hit=15
Planning Time: 0.253 ms
JIT:
  Functions: 9
  Options: Inlining false, Optimization false, Expressions true, Deforming true
Execution Time: 4555.371 ms",4545.276,286744.31,100000,"GroupAggregate  (cost=0.58..286744.31 rows=10000 width=16) (actual rows=100000 loops=1)
  Group Key: a1.player_id, a1.event_date
  Buffers: shared hit=10284038
  ->  Nested Loop Left Join  (cost=0.58..236530.29 rows=6681869 width=12) (actual rows=10090526 loops=1)
        Buffers: shared hit=10284038
        ->  Index Only Scan using activity_pkey on activity a1  (cost=0.29..2808.29 rows=100000 width=8) (actual rows=100000 loops=1)
              Heap Fetches: 0
              Buffers: shared hit=327
        ->  Index Scan using activity_pkey on activity a2  (cost=0.29..1.67 rows=67 width=12) (actual rows=101 loops=100000)
              Index Cond: ((player_id = a1.player_id) AND (event_date <= a1.event_date))
              Buffers: shared hit=10283711
Planning:
  Buffers: shared hit=15
Planning Time: 0.222 ms
JIT:
  Functions: 9
  Options: Inlining false, Optimization false, Expressions true, Deforming true
Execution Time: 4545.276 ms",4545.052,286744.31,100000,"GroupAggregate  (cost=0.58..286744.31 rows=10000 width=16) (actual rows=100000 loops=1)
  Group Key: a1.player_id, a1.event_date
  Buffers: shared hit=10284038
  ->  Nested Loop Left Join  (cost=0.58..236530.29 rows=6681869 width=12) (actual rows=10090526 loops=1)
        Buffers: shared hit=10284038
        ->  Index Only Scan using activity_pkey on activity a1  (cost=0.29..2808.29 rows=100000 width=8) (actual rows=100000 loops=1)
              Heap Fetches: 0
              Buffers: shared hit=327
        ->  Index Scan using activity_pkey on activity a2  (cost=0.29..1.67 rows=67 width=12) (actual rows=101 loops=100000)
              Index Cond: ((player_id = a1.player_id) AND (event_date <= a1.event_date))
              Buffers: shared hit=10283711
Planning:
  Buffers: shared hit=15
Planning Time: 0.197 ms
JIT:
  Functions: 9
  Options: Inlining false, Optimization false, Expressions true, Deforming true
Execution Time: 4545.052 ms",4549.2954,4545.276,4561.7275,4573.1692,286744.31,286744.31,100000,100000,100000,100000,normal,normal,174.92322679999626,57.7982255000001,equal variances,significant,0.003968253968253968,-4378.3774,-4372.92,-283738.92,0,True
261,534,115,Medium,"SELECT a1.player_id AS player_id, a1.event_date AS event_date, SUM(a1.games_played) OVER ( PARTITION BY a1.player_id ORDER BY a1.event_date ASC ) AS games_played_so_far from schema_534.activity AS a1 GROUP BY a1.event_date,a1.player_id",164.634,3005.39,100000,"WindowAgg  (cost=2805.39..3005.39 rows=10000 width=16) (actual rows=100000 loops=1)
  Buffers: shared hit=541, temp read=471 written=633
  ->  Sort  (cost=2805.39..2830.39 rows=10000 width=12) (actual rows=100000 loops=1)
        Sort Key: player_id, event_date
        Sort Method: external merge  Disk: 2160kB
        Buffers: shared hit=541, temp read=471 written=633
        ->  HashAggregate  (cost=2041.00..2141.00 rows=10000 width=12) (actual rows=100000 loops=1)
              Group Key: event_date, player_id
              Batches: 5  Memory Usage: 4145kB  Disk Usage: 1744kB
              Buffers: shared hit=541, temp read=201 written=362
              ->  Seq Scan on activity a1  (cost=0.00..1541.00 rows=100000 width=12) (actual rows=100000 loops=1)
                    Buffers: shared hit=541
Planning:
  Buffers: shared hit=3
Planning Time: 0.068 ms
Execution Time: 164.634 ms",173.727,3005.39,100000,"WindowAgg  (cost=2805.39..3005.39 rows=10000 width=16) (actual rows=100000 loops=1)
  Buffers: shared hit=541, temp read=471 written=633
  ->  Sort  (cost=2805.39..2830.39 rows=10000 width=12) (actual rows=100000 loops=1)
        Sort Key: player_id, event_date
        Sort Method: external merge  Disk: 2160kB
        Buffers: shared hit=541, temp read=471 written=633
        ->  HashAggregate  (cost=2041.00..2141.00 rows=10000 width=12) (actual rows=100000 loops=1)
              Group Key: event_date, player_id
              Batches: 5  Memory Usage: 4145kB  Disk Usage: 1744kB
              Buffers: shared hit=541, temp read=201 written=362
              ->  Seq Scan on activity a1  (cost=0.00..1541.00 rows=100000 width=12) (actual rows=100000 loops=1)
                    Buffers: shared hit=541
Planning:
  Buffers: shared hit=3
Planning Time: 0.077 ms
Execution Time: 173.727 ms",174.925,3005.39,100000,"WindowAgg  (cost=2805.39..3005.39 rows=10000 width=16) (actual rows=100000 loops=1)
  Buffers: shared hit=541, temp read=471 written=633
  ->  Sort  (cost=2805.39..2830.39 rows=10000 width=12) (actual rows=100000 loops=1)
        Sort Key: player_id, event_date
        Sort Method: external merge  Disk: 2160kB
        Buffers: shared hit=541, temp read=471 written=633
        ->  HashAggregate  (cost=2041.00..2141.00 rows=10000 width=12) (actual rows=100000 loops=1)
              Group Key: event_date, player_id
              Batches: 5  Memory Usage: 4145kB  Disk Usage: 1744kB
              Buffers: shared hit=541, temp read=201 written=362
              ->  Seq Scan on activity a1  (cost=0.00..1541.00 rows=100000 width=12) (actual rows=100000 loops=1)
                    Buffers: shared hit=541
Planning:
  Buffers: shared hit=3
Planning Time: 0.076 ms
Execution Time: 174.925 ms",171.951,3005.39,100000,"WindowAgg  (cost=2805.39..3005.39 rows=10000 width=16) (actual rows=100000 loops=1)
  Buffers: shared hit=541, temp read=471 written=633
  ->  Sort  (cost=2805.39..2830.39 rows=10000 width=12) (actual rows=100000 loops=1)
        Sort Key: player_id, event_date
        Sort Method: external merge  Disk: 2160kB
        Buffers: shared hit=541, temp read=471 written=633
        ->  HashAggregate  (cost=2041.00..2141.00 rows=10000 width=12) (actual rows=100000 loops=1)
              Group Key: event_date, player_id
              Batches: 5  Memory Usage: 4145kB  Disk Usage: 1744kB
              Buffers: shared hit=541, temp read=201 written=362
              ->  Seq Scan on activity a1  (cost=0.00..1541.00 rows=100000 width=12) (actual rows=100000 loops=1)
                    Buffers: shared hit=541
Planning:
  Buffers: shared hit=3
Planning Time: 0.071 ms
Execution Time: 171.951 ms",177.703,3005.39,100000,"WindowAgg  (cost=2805.39..3005.39 rows=10000 width=16) (actual rows=100000 loops=1)
  Buffers: shared hit=541, temp read=471 written=633
  ->  Sort  (cost=2805.39..2830.39 rows=10000 width=12) (actual rows=100000 loops=1)
        Sort Key: player_id, event_date
        Sort Method: external merge  Disk: 2160kB
        Buffers: shared hit=541, temp read=471 written=633
        ->  HashAggregate  (cost=2041.00..2141.00 rows=10000 width=12) (actual rows=100000 loops=1)
              Group Key: event_date, player_id
              Batches: 5  Memory Usage: 4145kB  Disk Usage: 1744kB
              Buffers: shared hit=541, temp read=201 written=362
              ->  Seq Scan on activity a1  (cost=0.00..1541.00 rows=100000 width=12) (actual rows=100000 loops=1)
                    Buffers: shared hit=541
Planning:
  Buffers: shared hit=3
Planning Time: 0.082 ms
Execution Time: 177.703 ms",172.588,173.727,176.314,178.8142,3005.39,3005.39,100000,100000,100000,100000,534_115,261,534,115,Medium,"select a2.player_id, a2.event_date, sum(a1.games_played) as games_played_so_far from schema_534.activity as a1 join schema_534.activity as a2 on (a1.player_id = a2.player_id and a1.event_date <= a2.event_date) group by 1, 2",4916.462,283313.02,100000,"HashAggregate  (cost=283213.02..283313.02 rows=10000 width=16) (actual rows=100000 loops=1)
  Group Key: a2.player_id, a2.event_date
  Batches: 5  Memory Usage: 4145kB  Disk Usage: 195544kB
  Buffers: shared hit=212745, temp read=24313 written=42597
  ->  Nested Loop  (cost=0.29..233099.00 rows=6681869 width=12) (actual rows=10090526 loops=1)
        Buffers: shared hit=212745
        ->  Seq Scan on activity a1  (cost=0.00..1541.00 rows=100000 width=12) (actual rows=100000 loops=1)
              Buffers: shared hit=541
        ->  Index Only Scan using activity_pkey on activity a2  (cost=0.29..1.65 rows=67 width=8) (actual rows=101 loops=100000)
              Index Cond: ((player_id = a1.player_id) AND (event_date >= a1.event_date))
              Heap Fetches: 0
              Buffers: shared hit=212204
Planning:
  Buffers: shared hit=15
Planning Time: 0.192 ms
JIT:
  Functions: 12
  Options: Inlining false, Optimization false, Expressions true, Deforming true
Execution Time: 4916.462 ms",5019.615,283313.02,100000,"HashAggregate  (cost=283213.02..283313.02 rows=10000 width=16) (actual rows=100000 loops=1)
  Group Key: a2.player_id, a2.event_date
  Batches: 5  Memory Usage: 4145kB  Disk Usage: 195544kB
  Buffers: shared hit=212745, temp read=24313 written=42597
  ->  Nested Loop  (cost=0.29..233099.00 rows=6681869 width=12) (actual rows=10090526 loops=1)
        Buffers: shared hit=212745
        ->  Seq Scan on activity a1  (cost=0.00..1541.00 rows=100000 width=12) (actual rows=100000 loops=1)
              Buffers: shared hit=541
        ->  Index Only Scan using activity_pkey on activity a2  (cost=0.29..1.65 rows=67 width=8) (actual rows=101 loops=100000)
              Index Cond: ((player_id = a1.player_id) AND (event_date >= a1.event_date))
              Heap Fetches: 0
              Buffers: shared hit=212204
Planning:
  Buffers: shared hit=15
Planning Time: 0.198 ms
JIT:
  Functions: 12
  Options: Inlining false, Optimization false, Expressions true, Deforming true
Execution Time: 5019.615 ms",4960.941,283313.02,100000,"HashAggregate  (cost=283213.02..283313.02 rows=10000 width=16) (actual rows=100000 loops=1)
  Group Key: a2.player_id, a2.event_date
  Batches: 5  Memory Usage: 4145kB  Disk Usage: 195544kB
  Buffers: shared hit=212745, temp read=24313 written=42597
  ->  Nested Loop  (cost=0.29..233099.00 rows=6681869 width=12) (actual rows=10090526 loops=1)
        Buffers: shared hit=212745
        ->  Seq Scan on activity a1  (cost=0.00..1541.00 rows=100000 width=12) (actual rows=100000 loops=1)
              Buffers: shared hit=541
        ->  Index Only Scan using activity_pkey on activity a2  (cost=0.29..1.65 rows=67 width=8) (actual rows=101 loops=100000)
              Index Cond: ((player_id = a1.player_id) AND (event_date >= a1.event_date))
              Heap Fetches: 0
              Buffers: shared hit=212204
Planning:
  Buffers: shared hit=15
Planning Time: 0.395 ms
JIT:
  Functions: 12
  Options: Inlining false, Optimization false, Expressions true, Deforming true
Execution Time: 4960.941 ms",4932.914,283313.02,100000,"HashAggregate  (cost=283213.02..283313.02 rows=10000 width=16) (actual rows=100000 loops=1)
  Group Key: a2.player_id, a2.event_date
  Batches: 5  Memory Usage: 4145kB  Disk Usage: 195544kB
  Buffers: shared hit=212745, temp read=24313 written=42597
  ->  Nested Loop  (cost=0.29..233099.00 rows=6681869 width=12) (actual rows=10090526 loops=1)
        Buffers: shared hit=212745
        ->  Seq Scan on activity a1  (cost=0.00..1541.00 rows=100000 width=12) (actual rows=100000 loops=1)
              Buffers: shared hit=541
        ->  Index Only Scan using activity_pkey on activity a2  (cost=0.29..1.65 rows=67 width=8) (actual rows=101 loops=100000)
              Index Cond: ((player_id = a1.player_id) AND (event_date >= a1.event_date))
              Heap Fetches: 0
              Buffers: shared hit=212204
Planning:
  Buffers: shared hit=15
Planning Time: 0.334 ms
JIT:
  Functions: 12
  Options: Inlining false, Optimization false, Expressions true, Deforming true
Execution Time: 4932.914 ms",4931.217,283313.02,100000,"HashAggregate  (cost=283213.02..283313.02 rows=10000 width=16) (actual rows=100000 loops=1)
  Group Key: a2.player_id, a2.event_date
  Batches: 5  Memory Usage: 4145kB  Disk Usage: 195544kB
  Buffers: shared hit=212745, temp read=24313 written=42597
  ->  Nested Loop  (cost=0.29..233099.00 rows=6681869 width=12) (actual rows=10090526 loops=1)
        Buffers: shared hit=212745
        ->  Seq Scan on activity a1  (cost=0.00..1541.00 rows=100000 width=12) (actual rows=100000 loops=1)
              Buffers: shared hit=541
        ->  Index Only Scan using activity_pkey on activity a2  (cost=0.29..1.65 rows=67 width=8) (actual rows=101 loops=100000)
              Index Cond: ((player_id = a1.player_id) AND (event_date >= a1.event_date))
              Heap Fetches: 0
              Buffers: shared hit=212204
Planning:
  Buffers: shared hit=15
Planning Time: 0.306 ms
JIT:
  Functions: 12
  Options: Inlining false, Optimization false, Expressions true, Deforming true
Execution Time: 4931.217 ms",4952.2298,4932.914,4990.278,5043.0846,283313.02,283313.02,100000,100000,100000,100000,normal,normal,1677.6558986999898,24.14850000000008,equal variances,significant,0.003968253968253968,-4779.6418,-4759.187,-280307.63,0,True
262,534,116,Medium,"SELECT a.player_id AS player_id, a.event_date AS event_date, SUM(a.games_played) OVER ( PARTITION BY a.player_id ORDER BY a.event_date ASC ) AS games_played_so_far from schema_534.activity AS a GROUP BY a.event_date,a.player_id",163.412,3005.39,100000,"WindowAgg  (cost=2805.39..3005.39 rows=10000 width=16) (actual rows=100000 loops=1)
  Buffers: shared hit=541, temp read=471 written=633
  ->  Sort  (cost=2805.39..2830.39 rows=10000 width=12) (actual rows=100000 loops=1)
        Sort Key: player_id, event_date
        Sort Method: external merge  Disk: 2160kB
        Buffers: shared hit=541, temp read=471 written=633
        ->  HashAggregate  (cost=2041.00..2141.00 rows=10000 width=12) (actual rows=100000 loops=1)
              Group Key: event_date, player_id
              Batches: 5  Memory Usage: 4145kB  Disk Usage: 1744kB
              Buffers: shared hit=541, temp read=201 written=362
              ->  Seq Scan on activity a  (cost=0.00..1541.00 rows=100000 width=12) (actual rows=100000 loops=1)
                    Buffers: shared hit=541
Planning:
  Buffers: shared hit=3
Planning Time: 0.055 ms
Execution Time: 163.412 ms",177.085,3005.39,100000,"WindowAgg  (cost=2805.39..3005.39 rows=10000 width=16) (actual rows=100000 loops=1)
  Buffers: shared hit=541, temp read=471 written=633
  ->  Sort  (cost=2805.39..2830.39 rows=10000 width=12) (actual rows=100000 loops=1)
        Sort Key: player_id, event_date
        Sort Method: external merge  Disk: 2160kB
        Buffers: shared hit=541, temp read=471 written=633
        ->  HashAggregate  (cost=2041.00..2141.00 rows=10000 width=12) (actual rows=100000 loops=1)
              Group Key: event_date, player_id
              Batches: 5  Memory Usage: 4145kB  Disk Usage: 1744kB
              Buffers: shared hit=541, temp read=201 written=362
              ->  Seq Scan on activity a  (cost=0.00..1541.00 rows=100000 width=12) (actual rows=100000 loops=1)
                    Buffers: shared hit=541
Planning:
  Buffers: shared hit=3
Planning Time: 0.073 ms
Execution Time: 177.085 ms",171.054,3005.39,100000,"WindowAgg  (cost=2805.39..3005.39 rows=10000 width=16) (actual rows=100000 loops=1)
  Buffers: shared hit=541, temp read=471 written=633
  ->  Sort  (cost=2805.39..2830.39 rows=10000 width=12) (actual rows=100000 loops=1)
        Sort Key: player_id, event_date
        Sort Method: external merge  Disk: 2160kB
        Buffers: shared hit=541, temp read=471 written=633
        ->  HashAggregate  (cost=2041.00..2141.00 rows=10000 width=12) (actual rows=100000 loops=1)
              Group Key: event_date, player_id
              Batches: 5  Memory Usage: 4145kB  Disk Usage: 1744kB
              Buffers: shared hit=541, temp read=201 written=362
              ->  Seq Scan on activity a  (cost=0.00..1541.00 rows=100000 width=12) (actual rows=100000 loops=1)
                    Buffers: shared hit=541
Planning:
  Buffers: shared hit=3
Planning Time: 0.078 ms
Execution Time: 171.054 ms",170.058,3005.39,100000,"WindowAgg  (cost=2805.39..3005.39 rows=10000 width=16) (actual rows=100000 loops=1)
  Buffers: shared hit=541, temp read=471 written=633
  ->  Sort  (cost=2805.39..2830.39 rows=10000 width=12) (actual rows=100000 loops=1)
        Sort Key: player_id, event_date
        Sort Method: external merge  Disk: 2160kB
        Buffers: shared hit=541, temp read=471 written=633
        ->  HashAggregate  (cost=2041.00..2141.00 rows=10000 width=12) (actual rows=100000 loops=1)
              Group Key: event_date, player_id
              Batches: 5  Memory Usage: 4145kB  Disk Usage: 1744kB
              Buffers: shared hit=541, temp read=201 written=362
              ->  Seq Scan on activity a  (cost=0.00..1541.00 rows=100000 width=12) (actual rows=100000 loops=1)
                    Buffers: shared hit=541
Planning:
  Buffers: shared hit=3
Planning Time: 0.095 ms
Execution Time: 170.058 ms",168.662,3005.39,100000,"WindowAgg  (cost=2805.39..3005.39 rows=10000 width=16) (actual rows=100000 loops=1)
  Buffers: shared hit=541, temp read=471 written=633
  ->  Sort  (cost=2805.39..2830.39 rows=10000 width=12) (actual rows=100000 loops=1)
        Sort Key: player_id, event_date
        Sort Method: external merge  Disk: 2160kB
        Buffers: shared hit=541, temp read=471 written=633
        ->  HashAggregate  (cost=2041.00..2141.00 rows=10000 width=12) (actual rows=100000 loops=1)
              Group Key: event_date, player_id
              Batches: 5  Memory Usage: 4145kB  Disk Usage: 1744kB
              Buffers: shared hit=541, temp read=201 written=362
              ->  Seq Scan on activity a  (cost=0.00..1541.00 rows=100000 width=12) (actual rows=100000 loops=1)
                    Buffers: shared hit=541
Planning:
  Buffers: shared hit=3
Planning Time: 0.082 ms
Execution Time: 168.662 ms",170.0542,170.058,174.0695,179.4974,3005.39,3005.39,100000,100000,100000,100000,534_116,262,534,116,Medium,"select b.player_id, b.event_date, sum(a.games_played) as games_played_so_far from schema_534.activity as b join schema_534.activity as a on (b.event_date >= a.event_date and b.player_id = a.player_id) group by 1, 2",4899.254,283313.02,100000,"HashAggregate  (cost=283213.02..283313.02 rows=10000 width=16) (actual rows=100000 loops=1)
  Group Key: b.player_id, b.event_date
  Batches: 5  Memory Usage: 4145kB  Disk Usage: 195544kB
  Buffers: shared hit=212745, temp read=24313 written=42597
  ->  Nested Loop  (cost=0.29..233099.00 rows=6681869 width=12) (actual rows=10090526 loops=1)
        Buffers: shared hit=212745
        ->  Seq Scan on activity a  (cost=0.00..1541.00 rows=100000 width=12) (actual rows=100000 loops=1)
              Buffers: shared hit=541
        ->  Index Only Scan using activity_pkey on activity b  (cost=0.29..1.65 rows=67 width=8) (actual rows=101 loops=100000)
              Index Cond: ((player_id = a.player_id) AND (event_date >= a.event_date))
              Heap Fetches: 0
              Buffers: shared hit=212204
Planning:
  Buffers: shared hit=15
Planning Time: 0.190 ms
JIT:
  Functions: 12
  Options: Inlining false, Optimization false, Expressions true, Deforming true
Execution Time: 4899.254 ms",4932.439,283313.02,100000,"HashAggregate  (cost=283213.02..283313.02 rows=10000 width=16) (actual rows=100000 loops=1)
  Group Key: b.player_id, b.event_date
  Batches: 5  Memory Usage: 4145kB  Disk Usage: 195544kB
  Buffers: shared hit=212745, temp read=24313 written=42597
  ->  Nested Loop  (cost=0.29..233099.00 rows=6681869 width=12) (actual rows=10090526 loops=1)
        Buffers: shared hit=212745
        ->  Seq Scan on activity a  (cost=0.00..1541.00 rows=100000 width=12) (actual rows=100000 loops=1)
              Buffers: shared hit=541
        ->  Index Only Scan using activity_pkey on activity b  (cost=0.29..1.65 rows=67 width=8) (actual rows=101 loops=100000)
              Index Cond: ((player_id = a.player_id) AND (event_date >= a.event_date))
              Heap Fetches: 0
              Buffers: shared hit=212204
Planning:
  Buffers: shared hit=15
Planning Time: 0.295 ms
JIT:
  Functions: 12
  Options: Inlining false, Optimization false, Expressions true, Deforming true
Execution Time: 4932.439 ms",4912.479,283313.02,100000,"HashAggregate  (cost=283213.02..283313.02 rows=10000 width=16) (actual rows=100000 loops=1)
  Group Key: b.player_id, b.event_date
  Batches: 5  Memory Usage: 4145kB  Disk Usage: 195544kB
  Buffers: shared hit=212745, temp read=24313 written=42597
  ->  Nested Loop  (cost=0.29..233099.00 rows=6681869 width=12) (actual rows=10090526 loops=1)
        Buffers: shared hit=212745
        ->  Seq Scan on activity a  (cost=0.00..1541.00 rows=100000 width=12) (actual rows=100000 loops=1)
              Buffers: shared hit=541
        ->  Index Only Scan using activity_pkey on activity b  (cost=0.29..1.65 rows=67 width=8) (actual rows=101 loops=100000)
              Index Cond: ((player_id = a.player_id) AND (event_date >= a.event_date))
              Heap Fetches: 0
              Buffers: shared hit=212204
Planning:
  Buffers: shared hit=15
Planning Time: 0.286 ms
JIT:
  Functions: 12
  Options: Inlining false, Optimization false, Expressions true, Deforming true
Execution Time: 4912.479 ms",4922.047,283313.02,100000,"HashAggregate  (cost=283213.02..283313.02 rows=10000 width=16) (actual rows=100000 loops=1)
  Group Key: b.player_id, b.event_date
  Batches: 5  Memory Usage: 4145kB  Disk Usage: 195544kB
  Buffers: shared hit=212745, temp read=24313 written=42597
  ->  Nested Loop  (cost=0.29..233099.00 rows=6681869 width=12) (actual rows=10090526 loops=1)
        Buffers: shared hit=212745
        ->  Seq Scan on activity a  (cost=0.00..1541.00 rows=100000 width=12) (actual rows=100000 loops=1)
              Buffers: shared hit=541
        ->  Index Only Scan using activity_pkey on activity b  (cost=0.29..1.65 rows=67 width=8) (actual rows=101 loops=100000)
              Index Cond: ((player_id = a.player_id) AND (event_date >= a.event_date))
              Heap Fetches: 0
              Buffers: shared hit=212204
Planning:
  Buffers: shared hit=15
Planning Time: 0.304 ms
JIT:
  Functions: 12
  Options: Inlining false, Optimization false, Expressions true, Deforming true
Execution Time: 4922.047 ms",4930.762,283313.02,100000,"HashAggregate  (cost=283213.02..283313.02 rows=10000 width=16) (actual rows=100000 loops=1)
  Group Key: b.player_id, b.event_date
  Batches: 5  Memory Usage: 4145kB  Disk Usage: 195544kB
  Buffers: shared hit=212745, temp read=24313 written=42597
  ->  Nested Loop  (cost=0.29..233099.00 rows=6681869 width=12) (actual rows=10090526 loops=1)
        Buffers: shared hit=212745
        ->  Seq Scan on activity a  (cost=0.00..1541.00 rows=100000 width=12) (actual rows=100000 loops=1)
              Buffers: shared hit=541
        ->  Index Only Scan using activity_pkey on activity b  (cost=0.29..1.65 rows=67 width=8) (actual rows=101 loops=100000)
              Index Cond: ((player_id = a.player_id) AND (event_date >= a.event_date))
              Heap Fetches: 0
              Buffers: shared hit=212204
Planning:
  Buffers: shared hit=15
Planning Time: 0.281 ms
JIT:
  Functions: 12
  Options: Inlining false, Optimization false, Expressions true, Deforming true
Execution Time: 4930.762 ms",4919.3962,4922.047,4931.6005,4933.1098,283313.02,283313.02,100000,100000,100000,100000,normal,normal,189.9696646999998,24.122201200000006,equal variances,significant,0.003968253968253968,-4749.342000000001,-4751.989,-280307.63,0,True
263,534,117,Medium,"SELECT b.player_id AS player_id, b.event_date AS event_date, SUM(b.games_played) OVER ( PARTITION BY b.player_id ORDER BY b.event_date ASC ) AS games_played_so_far from schema_534.activity AS b GROUP BY b.event_date,b.player_id",160.961,3005.39,100000,"WindowAgg  (cost=2805.39..3005.39 rows=10000 width=16) (actual rows=100000 loops=1)
  Buffers: shared hit=541, temp read=471 written=633
  ->  Sort  (cost=2805.39..2830.39 rows=10000 width=12) (actual rows=100000 loops=1)
        Sort Key: player_id, event_date
        Sort Method: external merge  Disk: 2160kB
        Buffers: shared hit=541, temp read=471 written=633
        ->  HashAggregate  (cost=2041.00..2141.00 rows=10000 width=12) (actual rows=100000 loops=1)
              Group Key: event_date, player_id
              Batches: 5  Memory Usage: 4145kB  Disk Usage: 1744kB
              Buffers: shared hit=541, temp read=201 written=362
              ->  Seq Scan on activity b  (cost=0.00..1541.00 rows=100000 width=12) (actual rows=100000 loops=1)
                    Buffers: shared hit=541
Planning:
  Buffers: shared hit=3
Planning Time: 0.055 ms
Execution Time: 160.961 ms",170.776,3005.39,100000,"WindowAgg  (cost=2805.39..3005.39 rows=10000 width=16) (actual rows=100000 loops=1)
  Buffers: shared hit=541, temp read=471 written=633
  ->  Sort  (cost=2805.39..2830.39 rows=10000 width=12) (actual rows=100000 loops=1)
        Sort Key: player_id, event_date
        Sort Method: external merge  Disk: 2160kB
        Buffers: shared hit=541, temp read=471 written=633
        ->  HashAggregate  (cost=2041.00..2141.00 rows=10000 width=12) (actual rows=100000 loops=1)
              Group Key: event_date, player_id
              Batches: 5  Memory Usage: 4145kB  Disk Usage: 1744kB
              Buffers: shared hit=541, temp read=201 written=362
              ->  Seq Scan on activity b  (cost=0.00..1541.00 rows=100000 width=12) (actual rows=100000 loops=1)
                    Buffers: shared hit=541
Planning:
  Buffers: shared hit=3
Planning Time: 0.091 ms
Execution Time: 170.776 ms",175.32,3005.39,100000,"WindowAgg  (cost=2805.39..3005.39 rows=10000 width=16) (actual rows=100000 loops=1)
  Buffers: shared hit=541, temp read=471 written=633
  ->  Sort  (cost=2805.39..2830.39 rows=10000 width=12) (actual rows=100000 loops=1)
        Sort Key: player_id, event_date
        Sort Method: external merge  Disk: 2160kB
        Buffers: shared hit=541, temp read=471 written=633
        ->  HashAggregate  (cost=2041.00..2141.00 rows=10000 width=12) (actual rows=100000 loops=1)
              Group Key: event_date, player_id
              Batches: 5  Memory Usage: 4145kB  Disk Usage: 1744kB
              Buffers: shared hit=541, temp read=201 written=362
              ->  Seq Scan on activity b  (cost=0.00..1541.00 rows=100000 width=12) (actual rows=100000 loops=1)
                    Buffers: shared hit=541
Planning:
  Buffers: shared hit=3
Planning Time: 0.077 ms
Execution Time: 175.320 ms",180.219,3005.39,100000,"WindowAgg  (cost=2805.39..3005.39 rows=10000 width=16) (actual rows=100000 loops=1)
  Buffers: shared hit=541, temp read=471 written=633
  ->  Sort  (cost=2805.39..2830.39 rows=10000 width=12) (actual rows=100000 loops=1)
        Sort Key: player_id, event_date
        Sort Method: external merge  Disk: 2160kB
        Buffers: shared hit=541, temp read=471 written=633
        ->  HashAggregate  (cost=2041.00..2141.00 rows=10000 width=12) (actual rows=100000 loops=1)
              Group Key: event_date, player_id
              Batches: 5  Memory Usage: 4145kB  Disk Usage: 1744kB
              Buffers: shared hit=541, temp read=201 written=362
              ->  Seq Scan on activity b  (cost=0.00..1541.00 rows=100000 width=12) (actual rows=100000 loops=1)
                    Buffers: shared hit=541
Planning:
  Buffers: shared hit=3
Planning Time: 0.082 ms
Execution Time: 180.219 ms",171.802,3005.39,100000,"WindowAgg  (cost=2805.39..3005.39 rows=10000 width=16) (actual rows=100000 loops=1)
  Buffers: shared hit=541, temp read=471 written=633
  ->  Sort  (cost=2805.39..2830.39 rows=10000 width=12) (actual rows=100000 loops=1)
        Sort Key: player_id, event_date
        Sort Method: external merge  Disk: 2160kB
        Buffers: shared hit=541, temp read=471 written=633
        ->  HashAggregate  (cost=2041.00..2141.00 rows=10000 width=12) (actual rows=100000 loops=1)
              Group Key: event_date, player_id
              Batches: 5  Memory Usage: 4145kB  Disk Usage: 1744kB
              Buffers: shared hit=541, temp read=201 written=362
              ->  Seq Scan on activity b  (cost=0.00..1541.00 rows=100000 width=12) (actual rows=100000 loops=1)
                    Buffers: shared hit=541
Planning:
  Buffers: shared hit=3
Planning Time: 0.089 ms
Execution Time: 171.802 ms",171.8156,171.802,177.7695,182.1786,3005.39,3005.39,100000,100000,100000,100000,534_117,263,534,117,Medium,"select c.player_id, c.end_event_date as event_date, sum(c.games_played) as games_played_so_far from (select a.player_id, a.event_date as end_event_date, b.event_date, b.games_played from schema_534.activity as a left outer join schema_534.activity as b on (a.player_id = b.player_id and a.event_date >= b.event_date)) as c group by player_id, end_event_date",4523.787,286744.31,100000,"GroupAggregate  (cost=0.58..286744.31 rows=10000 width=16) (actual rows=100000 loops=1)
  Group Key: a.player_id, a.event_date
  Buffers: shared hit=10284038
  ->  Nested Loop Left Join  (cost=0.58..236530.29 rows=6681869 width=12) (actual rows=10090526 loops=1)
        Buffers: shared hit=10284038
        ->  Index Only Scan using activity_pkey on activity a  (cost=0.29..2808.29 rows=100000 width=8) (actual rows=100000 loops=1)
              Heap Fetches: 0
              Buffers: shared hit=327
        ->  Index Scan using activity_pkey on activity b  (cost=0.29..1.67 rows=67 width=12) (actual rows=101 loops=100000)
              Index Cond: ((player_id = a.player_id) AND (event_date <= a.event_date))
              Buffers: shared hit=10283711
Planning:
  Buffers: shared hit=15
Planning Time: 0.191 ms
JIT:
  Functions: 9
  Options: Inlining false, Optimization false, Expressions true, Deforming true
Execution Time: 4523.787 ms",4551.416,286744.31,100000,"GroupAggregate  (cost=0.58..286744.31 rows=10000 width=16) (actual rows=100000 loops=1)
  Group Key: a.player_id, a.event_date
  Buffers: shared hit=10284038
  ->  Nested Loop Left Join  (cost=0.58..236530.29 rows=6681869 width=12) (actual rows=10090526 loops=1)
        Buffers: shared hit=10284038
        ->  Index Only Scan using activity_pkey on activity a  (cost=0.29..2808.29 rows=100000 width=8) (actual rows=100000 loops=1)
              Heap Fetches: 0
              Buffers: shared hit=327
        ->  Index Scan using activity_pkey on activity b  (cost=0.29..1.67 rows=67 width=12) (actual rows=101 loops=100000)
              Index Cond: ((player_id = a.player_id) AND (event_date <= a.event_date))
              Buffers: shared hit=10283711
Planning:
  Buffers: shared hit=15
Planning Time: 0.326 ms
JIT:
  Functions: 9
  Options: Inlining false, Optimization false, Expressions true, Deforming true
Execution Time: 4551.416 ms",4545.272,286744.31,100000,"GroupAggregate  (cost=0.58..286744.31 rows=10000 width=16) (actual rows=100000 loops=1)
  Group Key: a.player_id, a.event_date
  Buffers: shared hit=10284038
  ->  Nested Loop Left Join  (cost=0.58..236530.29 rows=6681869 width=12) (actual rows=10090526 loops=1)
        Buffers: shared hit=10284038
        ->  Index Only Scan using activity_pkey on activity a  (cost=0.29..2808.29 rows=100000 width=8) (actual rows=100000 loops=1)
              Heap Fetches: 0
              Buffers: shared hit=327
        ->  Index Scan using activity_pkey on activity b  (cost=0.29..1.67 rows=67 width=12) (actual rows=101 loops=100000)
              Index Cond: ((player_id = a.player_id) AND (event_date <= a.event_date))
              Buffers: shared hit=10283711
Planning:
  Buffers: shared hit=15
Planning Time: 0.207 ms
JIT:
  Functions: 9
  Options: Inlining false, Optimization false, Expressions true, Deforming true
Execution Time: 4545.272 ms",4534.9,286744.31,100000,"GroupAggregate  (cost=0.58..286744.31 rows=10000 width=16) (actual rows=100000 loops=1)
  Group Key: a.player_id, a.event_date
  Buffers: shared hit=10284038
  ->  Nested Loop Left Join  (cost=0.58..236530.29 rows=6681869 width=12) (actual rows=10090526 loops=1)
        Buffers: shared hit=10284038
        ->  Index Only Scan using activity_pkey on activity a  (cost=0.29..2808.29 rows=100000 width=8) (actual rows=100000 loops=1)
              Heap Fetches: 0
              Buffers: shared hit=327
        ->  Index Scan using activity_pkey on activity b  (cost=0.29..1.67 rows=67 width=12) (actual rows=101 loops=100000)
              Index Cond: ((player_id = a.player_id) AND (event_date <= a.event_date))
              Buffers: shared hit=10283711
Planning:
  Buffers: shared hit=15
Planning Time: 0.315 ms
JIT:
  Functions: 9
  Options: Inlining false, Optimization false, Expressions true, Deforming true
Execution Time: 4534.900 ms",4555.726,286744.31,100000,"GroupAggregate  (cost=0.58..286744.31 rows=10000 width=16) (actual rows=100000 loops=1)
  Group Key: a.player_id, a.event_date
  Buffers: shared hit=10284038
  ->  Nested Loop Left Join  (cost=0.58..236530.29 rows=6681869 width=12) (actual rows=10090526 loops=1)
        Buffers: shared hit=10284038
        ->  Index Only Scan using activity_pkey on activity a  (cost=0.29..2808.29 rows=100000 width=8) (actual rows=100000 loops=1)
              Heap Fetches: 0
              Buffers: shared hit=327
        ->  Index Scan using activity_pkey on activity b  (cost=0.29..1.67 rows=67 width=12) (actual rows=101 loops=100000)
              Index Cond: ((player_id = a.player_id) AND (event_date <= a.event_date))
              Buffers: shared hit=10283711
Planning:
  Buffers: shared hit=15
Planning Time: 0.397 ms
JIT:
  Functions: 9
  Options: Inlining false, Optimization false, Expressions true, Deforming true
Execution Time: 4555.726 ms",4542.2202,4545.272,4553.571,4557.45,286744.31,286744.31,100000,100000,100000,100000,normal,normal,167.41276119999728,50.450311299999896,equal variances,significant,0.003968253968253968,-4370.4046,-4373.47,-283738.92,0,True
264,534,123,Medium,"SELECT T_cte_15.c_player_id8 AS player_id, T_cte_15.c_event_date8 AS event_date, SUM(T_cte_15.c_7) AS games_played_so_far FROM (SELECT SUM(T_activity_0.games_played) OVER ( PARTITION BY T_activity_0.player_id ORDER BY T_activity_0.event_date ASC ) AS c_7, T_activity_0.player_id AS c_player_id8, T_activity_0.event_date AS c_event_date8 from schema_534.activity AS T_activity_0 GROUP BY T_activity_0.event_date,T_activity_0.player_id) AS T_cte_15 GROUP BY T_cte_15.c_event_date8,T_cte_15.c_player_id8",237.307,3192.89,100000,"HashAggregate  (cost=3180.39..3192.89 rows=1000 width=40) (actual rows=100000 loops=1)
  Group Key: t_activity_0.event_date, t_activity_0.player_id
  Batches: 21  Memory Usage: 4153kB  Disk Usage: 3584kB
  Buffers: shared hit=541, temp read=927 written=1439
  ->  WindowAgg  (cost=2805.39..3005.39 rows=10000 width=16) (actual rows=100000 loops=1)
        Buffers: shared hit=541, temp read=471 written=633
        ->  Sort  (cost=2805.39..2830.39 rows=10000 width=12) (actual rows=100000 loops=1)
              Sort Key: t_activity_0.player_id, t_activity_0.event_date
              Sort Method: external merge  Disk: 2160kB
              Buffers: shared hit=541, temp read=471 written=633
              ->  HashAggregate  (cost=2041.00..2141.00 rows=10000 width=12) (actual rows=100000 loops=1)
                    Group Key: t_activity_0.event_date, t_activity_0.player_id
                    Batches: 5  Memory Usage: 4145kB  Disk Usage: 1744kB
                    Buffers: shared hit=541, temp read=201 written=362
                    ->  Seq Scan on activity t_activity_0  (cost=0.00..1541.00 rows=100000 width=12) (actual rows=100000 loops=1)
                          Buffers: shared hit=541
Planning:
  Buffers: shared hit=3
Planning Time: 0.077 ms
Execution Time: 237.307 ms",245.214,3192.89,100000,"HashAggregate  (cost=3180.39..3192.89 rows=1000 width=40) (actual rows=100000 loops=1)
  Group Key: t_activity_0.event_date, t_activity_0.player_id
  Batches: 21  Memory Usage: 4153kB  Disk Usage: 3584kB
  Buffers: shared hit=541, temp read=927 written=1439
  ->  WindowAgg  (cost=2805.39..3005.39 rows=10000 width=16) (actual rows=100000 loops=1)
        Buffers: shared hit=541, temp read=471 written=633
        ->  Sort  (cost=2805.39..2830.39 rows=10000 width=12) (actual rows=100000 loops=1)
              Sort Key: t_activity_0.player_id, t_activity_0.event_date
              Sort Method: external merge  Disk: 2160kB
              Buffers: shared hit=541, temp read=471 written=633
              ->  HashAggregate  (cost=2041.00..2141.00 rows=10000 width=12) (actual rows=100000 loops=1)
                    Group Key: t_activity_0.event_date, t_activity_0.player_id
                    Batches: 5  Memory Usage: 4145kB  Disk Usage: 1744kB
                    Buffers: shared hit=541, temp read=201 written=362
                    ->  Seq Scan on activity t_activity_0  (cost=0.00..1541.00 rows=100000 width=12) (actual rows=100000 loops=1)
                          Buffers: shared hit=541
Planning:
  Buffers: shared hit=3
Planning Time: 0.127 ms
Execution Time: 245.214 ms",252.337,3192.89,100000,"HashAggregate  (cost=3180.39..3192.89 rows=1000 width=40) (actual rows=100000 loops=1)
  Group Key: t_activity_0.event_date, t_activity_0.player_id
  Batches: 21  Memory Usage: 4153kB  Disk Usage: 3584kB
  Buffers: shared hit=541, temp read=927 written=1439
  ->  WindowAgg  (cost=2805.39..3005.39 rows=10000 width=16) (actual rows=100000 loops=1)
        Buffers: shared hit=541, temp read=471 written=633
        ->  Sort  (cost=2805.39..2830.39 rows=10000 width=12) (actual rows=100000 loops=1)
              Sort Key: t_activity_0.player_id, t_activity_0.event_date
              Sort Method: external merge  Disk: 2160kB
              Buffers: shared hit=541, temp read=471 written=633
              ->  HashAggregate  (cost=2041.00..2141.00 rows=10000 width=12) (actual rows=100000 loops=1)
                    Group Key: t_activity_0.event_date, t_activity_0.player_id
                    Batches: 5  Memory Usage: 4145kB  Disk Usage: 1744kB
                    Buffers: shared hit=541, temp read=201 written=362
                    ->  Seq Scan on activity t_activity_0  (cost=0.00..1541.00 rows=100000 width=12) (actual rows=100000 loops=1)
                          Buffers: shared hit=541
Planning:
  Buffers: shared hit=3
Planning Time: 0.110 ms
Execution Time: 252.337 ms",247.224,3192.89,100000,"HashAggregate  (cost=3180.39..3192.89 rows=1000 width=40) (actual rows=100000 loops=1)
  Group Key: t_activity_0.event_date, t_activity_0.player_id
  Batches: 21  Memory Usage: 4153kB  Disk Usage: 3584kB
  Buffers: shared hit=541, temp read=927 written=1439
  ->  WindowAgg  (cost=2805.39..3005.39 rows=10000 width=16) (actual rows=100000 loops=1)
        Buffers: shared hit=541, temp read=471 written=633
        ->  Sort  (cost=2805.39..2830.39 rows=10000 width=12) (actual rows=100000 loops=1)
              Sort Key: t_activity_0.player_id, t_activity_0.event_date
              Sort Method: external merge  Disk: 2160kB
              Buffers: shared hit=541, temp read=471 written=633
              ->  HashAggregate  (cost=2041.00..2141.00 rows=10000 width=12) (actual rows=100000 loops=1)
                    Group Key: t_activity_0.event_date, t_activity_0.player_id
                    Batches: 5  Memory Usage: 4145kB  Disk Usage: 1744kB
                    Buffers: shared hit=541, temp read=201 written=362
                    ->  Seq Scan on activity t_activity_0  (cost=0.00..1541.00 rows=100000 width=12) (actual rows=100000 loops=1)
                          Buffers: shared hit=541
Planning:
  Buffers: shared hit=3
Planning Time: 0.117 ms
Execution Time: 247.224 ms",256.494,3192.89,100000,"HashAggregate  (cost=3180.39..3192.89 rows=1000 width=40) (actual rows=100000 loops=1)
  Group Key: t_activity_0.event_date, t_activity_0.player_id
  Batches: 21  Memory Usage: 4153kB  Disk Usage: 3584kB
  Buffers: shared hit=541, temp read=927 written=1439
  ->  WindowAgg  (cost=2805.39..3005.39 rows=10000 width=16) (actual rows=100000 loops=1)
        Buffers: shared hit=541, temp read=471 written=633
        ->  Sort  (cost=2805.39..2830.39 rows=10000 width=12) (actual rows=100000 loops=1)
              Sort Key: t_activity_0.player_id, t_activity_0.event_date
              Sort Method: external merge  Disk: 2160kB
              Buffers: shared hit=541, temp read=471 written=633
              ->  HashAggregate  (cost=2041.00..2141.00 rows=10000 width=12) (actual rows=100000 loops=1)
                    Group Key: t_activity_0.event_date, t_activity_0.player_id
                    Batches: 5  Memory Usage: 4145kB  Disk Usage: 1744kB
                    Buffers: shared hit=541, temp read=201 written=362
                    ->  Seq Scan on activity t_activity_0  (cost=0.00..1541.00 rows=100000 width=12) (actual rows=100000 loops=1)
                          Buffers: shared hit=541
Planning:
  Buffers: shared hit=3
Planning Time: 0.197 ms
Execution Time: 256.494 ms",247.7152,247.224,254.4155,258.1568,3192.89,3192.89,100000,100000,100000,100000,534_123,264,534,123,Medium,"select player_id, event_date, sum(games_played) over (partition by player_id order by event_date) as games_played_so_far from (select player_id, event_date, sum(games_played) as games_played from schema_534.activity group by player_id, event_date) as x",186.962,3355.39,100000,"WindowAgg  (cost=3155.39..3355.39 rows=10000 width=40) (actual rows=100000 loops=1)
  Buffers: shared hit=541, temp read=597 written=950
  ->  Sort  (cost=3155.39..3180.39 rows=10000 width=16) (actual rows=100000 loops=1)
        Sort Key: activity.player_id, activity.event_date
        Sort Method: external merge  Disk: 2552kB
        Buffers: shared hit=541, temp read=597 written=950
        ->  HashAggregate  (cost=2291.00..2391.00 rows=10000 width=16) (actual rows=100000 loops=1)
              Group Key: activity.player_id, activity.event_date
              Batches: 5  Memory Usage: 4145kB  Disk Usage: 3432kB
              Buffers: shared hit=541, temp read=278 written=630
              ->  Seq Scan on activity  (cost=0.00..1541.00 rows=100000 width=12) (actual rows=100000 loops=1)
                    Buffers: shared hit=541
Planning:
  Buffers: shared hit=3
Planning Time: 0.132 ms
Execution Time: 186.962 ms",190.847,3355.39,100000,"WindowAgg  (cost=3155.39..3355.39 rows=10000 width=40) (actual rows=100000 loops=1)
  Buffers: shared hit=541, temp read=597 written=950
  ->  Sort  (cost=3155.39..3180.39 rows=10000 width=16) (actual rows=100000 loops=1)
        Sort Key: activity.player_id, activity.event_date
        Sort Method: external merge  Disk: 2552kB
        Buffers: shared hit=541, temp read=597 written=950
        ->  HashAggregate  (cost=2291.00..2391.00 rows=10000 width=16) (actual rows=100000 loops=1)
              Group Key: activity.player_id, activity.event_date
              Batches: 5  Memory Usage: 4145kB  Disk Usage: 3432kB
              Buffers: shared hit=541, temp read=278 written=630
              ->  Seq Scan on activity  (cost=0.00..1541.00 rows=100000 width=12) (actual rows=100000 loops=1)
                    Buffers: shared hit=541
Planning:
  Buffers: shared hit=3
Planning Time: 0.193 ms
Execution Time: 190.847 ms",205.96,3355.39,100000,"WindowAgg  (cost=3155.39..3355.39 rows=10000 width=40) (actual rows=100000 loops=1)
  Buffers: shared hit=541, temp read=597 written=950
  ->  Sort  (cost=3155.39..3180.39 rows=10000 width=16) (actual rows=100000 loops=1)
        Sort Key: activity.player_id, activity.event_date
        Sort Method: external merge  Disk: 2552kB
        Buffers: shared hit=541, temp read=597 written=950
        ->  HashAggregate  (cost=2291.00..2391.00 rows=10000 width=16) (actual rows=100000 loops=1)
              Group Key: activity.player_id, activity.event_date
              Batches: 5  Memory Usage: 4145kB  Disk Usage: 3432kB
              Buffers: shared hit=541, temp read=278 written=630
              ->  Seq Scan on activity  (cost=0.00..1541.00 rows=100000 width=12) (actual rows=100000 loops=1)
                    Buffers: shared hit=541
Planning:
  Buffers: shared hit=3
Planning Time: 0.129 ms
Execution Time: 205.960 ms",194.929,3355.39,100000,"WindowAgg  (cost=3155.39..3355.39 rows=10000 width=40) (actual rows=100000 loops=1)
  Buffers: shared hit=541, temp read=597 written=950
  ->  Sort  (cost=3155.39..3180.39 rows=10000 width=16) (actual rows=100000 loops=1)
        Sort Key: activity.player_id, activity.event_date
        Sort Method: external merge  Disk: 2552kB
        Buffers: shared hit=541, temp read=597 written=950
        ->  HashAggregate  (cost=2291.00..2391.00 rows=10000 width=16) (actual rows=100000 loops=1)
              Group Key: activity.player_id, activity.event_date
              Batches: 5  Memory Usage: 4145kB  Disk Usage: 3432kB
              Buffers: shared hit=541, temp read=278 written=630
              ->  Seq Scan on activity  (cost=0.00..1541.00 rows=100000 width=12) (actual rows=100000 loops=1)
                    Buffers: shared hit=541
Planning:
  Buffers: shared hit=3
Planning Time: 0.155 ms
Execution Time: 194.929 ms",193.923,3355.39,100000,"WindowAgg  (cost=3155.39..3355.39 rows=10000 width=40) (actual rows=100000 loops=1)
  Buffers: shared hit=541, temp read=597 written=950
  ->  Sort  (cost=3155.39..3180.39 rows=10000 width=16) (actual rows=100000 loops=1)
        Sort Key: activity.player_id, activity.event_date
        Sort Method: external merge  Disk: 2552kB
        Buffers: shared hit=541, temp read=597 written=950
        ->  HashAggregate  (cost=2291.00..2391.00 rows=10000 width=16) (actual rows=100000 loops=1)
              Group Key: activity.player_id, activity.event_date
              Batches: 5  Memory Usage: 4145kB  Disk Usage: 3432kB
              Buffers: shared hit=541, temp read=278 written=630
              ->  Seq Scan on activity  (cost=0.00..1541.00 rows=100000 width=12) (actual rows=100000 loops=1)
                    Buffers: shared hit=541
Planning:
  Buffers: shared hit=3
Planning Time: 0.188 ms
Execution Time: 193.923 ms",194.5242,193.923,200.4445,210.3724,3355.39,3355.39,100000,100000,100000,100000,normal,normal,50.502873700000066,53.314067700000166,equal variances,not significant,1.0,53.191,53.30099999999999,-162.5,0,True
268,534,136,Medium,"SELECT b.player_id AS player_id, b.event_date AS event_date, SUM(b.games_played) OVER ( PARTITION BY b.player_id ORDER BY b.event_date ASC ) AS games_played_so_far from schema_534.activity AS b GROUP BY b.player_id,b.event_date",162.67,3005.39,100000,"WindowAgg  (cost=2805.39..3005.39 rows=10000 width=16) (actual rows=100000 loops=1)
  Buffers: shared hit=541, temp read=471 written=633
  ->  Sort  (cost=2805.39..2830.39 rows=10000 width=12) (actual rows=100000 loops=1)
        Sort Key: player_id, event_date
        Sort Method: external merge  Disk: 2160kB
        Buffers: shared hit=541, temp read=471 written=633
        ->  HashAggregate  (cost=2041.00..2141.00 rows=10000 width=12) (actual rows=100000 loops=1)
              Group Key: player_id, event_date
              Batches: 5  Memory Usage: 4145kB  Disk Usage: 1744kB
              Buffers: shared hit=541, temp read=201 written=362
              ->  Seq Scan on activity b  (cost=0.00..1541.00 rows=100000 width=12) (actual rows=100000 loops=1)
                    Buffers: shared hit=541
Planning:
  Buffers: shared hit=3
Planning Time: 0.085 ms
Execution Time: 162.670 ms",169.009,3005.39,100000,"WindowAgg  (cost=2805.39..3005.39 rows=10000 width=16) (actual rows=100000 loops=1)
  Buffers: shared hit=541, temp read=471 written=633
  ->  Sort  (cost=2805.39..2830.39 rows=10000 width=12) (actual rows=100000 loops=1)
        Sort Key: player_id, event_date
        Sort Method: external merge  Disk: 2160kB
        Buffers: shared hit=541, temp read=471 written=633
        ->  HashAggregate  (cost=2041.00..2141.00 rows=10000 width=12) (actual rows=100000 loops=1)
              Group Key: player_id, event_date
              Batches: 5  Memory Usage: 4145kB  Disk Usage: 1744kB
              Buffers: shared hit=541, temp read=201 written=362
              ->  Seq Scan on activity b  (cost=0.00..1541.00 rows=100000 width=12) (actual rows=100000 loops=1)
                    Buffers: shared hit=541
Planning:
  Buffers: shared hit=3
Planning Time: 0.165 ms
Execution Time: 169.009 ms",172.828,3005.39,100000,"WindowAgg  (cost=2805.39..3005.39 rows=10000 width=16) (actual rows=100000 loops=1)
  Buffers: shared hit=541, temp read=471 written=633
  ->  Sort  (cost=2805.39..2830.39 rows=10000 width=12) (actual rows=100000 loops=1)
        Sort Key: player_id, event_date
        Sort Method: external merge  Disk: 2160kB
        Buffers: shared hit=541, temp read=471 written=633
        ->  HashAggregate  (cost=2041.00..2141.00 rows=10000 width=12) (actual rows=100000 loops=1)
              Group Key: player_id, event_date
              Batches: 5  Memory Usage: 4145kB  Disk Usage: 1744kB
              Buffers: shared hit=541, temp read=201 written=362
              ->  Seq Scan on activity b  (cost=0.00..1541.00 rows=100000 width=12) (actual rows=100000 loops=1)
                    Buffers: shared hit=541
Planning:
  Buffers: shared hit=3
Planning Time: 0.106 ms
Execution Time: 172.828 ms",174.78,3005.39,100000,"WindowAgg  (cost=2805.39..3005.39 rows=10000 width=16) (actual rows=100000 loops=1)
  Buffers: shared hit=541, temp read=471 written=633
  ->  Sort  (cost=2805.39..2830.39 rows=10000 width=12) (actual rows=100000 loops=1)
        Sort Key: player_id, event_date
        Sort Method: external merge  Disk: 2160kB
        Buffers: shared hit=541, temp read=471 written=633
        ->  HashAggregate  (cost=2041.00..2141.00 rows=10000 width=12) (actual rows=100000 loops=1)
              Group Key: player_id, event_date
              Batches: 5  Memory Usage: 4145kB  Disk Usage: 1744kB
              Buffers: shared hit=541, temp read=201 written=362
              ->  Seq Scan on activity b  (cost=0.00..1541.00 rows=100000 width=12) (actual rows=100000 loops=1)
                    Buffers: shared hit=541
Planning:
  Buffers: shared hit=3
Planning Time: 0.093 ms
Execution Time: 174.780 ms",178.988,3005.39,100000,"WindowAgg  (cost=2805.39..3005.39 rows=10000 width=16) (actual rows=100000 loops=1)
  Buffers: shared hit=541, temp read=471 written=633
  ->  Sort  (cost=2805.39..2830.39 rows=10000 width=12) (actual rows=100000 loops=1)
        Sort Key: player_id, event_date
        Sort Method: external merge  Disk: 2160kB
        Buffers: shared hit=541, temp read=471 written=633
        ->  HashAggregate  (cost=2041.00..2141.00 rows=10000 width=12) (actual rows=100000 loops=1)
              Group Key: player_id, event_date
              Batches: 5  Memory Usage: 4145kB  Disk Usage: 1744kB
              Buffers: shared hit=541, temp read=201 written=362
              ->  Seq Scan on activity b  (cost=0.00..1541.00 rows=100000 width=12) (actual rows=100000 loops=1)
                    Buffers: shared hit=541
Planning:
  Buffers: shared hit=3
Planning Time: 0.091 ms
Execution Time: 178.988 ms",171.655,172.828,176.884,180.6712,3005.39,3005.39,100000,100000,100000,100000,534_136,268,534,136,Medium,"select player_id, event_date, sum(games_played) as games_played_so_far from (select a.player_id, a.event_date, b.games_played from schema_534.activity as a left outer join schema_534.activity as b on (a.player_id = b.player_id and b.event_date <= a.event_date)) as a group by player_id, event_date",4529.334,286744.31,100000,"GroupAggregate  (cost=0.58..286744.31 rows=10000 width=16) (actual rows=100000 loops=1)
  Group Key: a.player_id, a.event_date
  Buffers: shared hit=10284038
  ->  Nested Loop Left Join  (cost=0.58..236530.29 rows=6681869 width=12) (actual rows=10090526 loops=1)
        Buffers: shared hit=10284038
        ->  Index Only Scan using activity_pkey on activity a  (cost=0.29..2808.29 rows=100000 width=8) (actual rows=100000 loops=1)
              Heap Fetches: 0
              Buffers: shared hit=327
        ->  Index Scan using activity_pkey on activity b  (cost=0.29..1.67 rows=67 width=12) (actual rows=101 loops=100000)
              Index Cond: ((player_id = a.player_id) AND (event_date <= a.event_date))
              Buffers: shared hit=10283711
Planning:
  Buffers: shared hit=15
Planning Time: 0.218 ms
JIT:
  Functions: 9
  Options: Inlining false, Optimization false, Expressions true, Deforming true
Execution Time: 4529.334 ms",4553.47,286744.31,100000,"GroupAggregate  (cost=0.58..286744.31 rows=10000 width=16) (actual rows=100000 loops=1)
  Group Key: a.player_id, a.event_date
  Buffers: shared hit=10284038
  ->  Nested Loop Left Join  (cost=0.58..236530.29 rows=6681869 width=12) (actual rows=10090526 loops=1)
        Buffers: shared hit=10284038
        ->  Index Only Scan using activity_pkey on activity a  (cost=0.29..2808.29 rows=100000 width=8) (actual rows=100000 loops=1)
              Heap Fetches: 0
              Buffers: shared hit=327
        ->  Index Scan using activity_pkey on activity b  (cost=0.29..1.67 rows=67 width=12) (actual rows=101 loops=100000)
              Index Cond: ((player_id = a.player_id) AND (event_date <= a.event_date))
              Buffers: shared hit=10283711
Planning:
  Buffers: shared hit=15
Planning Time: 0.324 ms
JIT:
  Functions: 9
  Options: Inlining false, Optimization false, Expressions true, Deforming true
Execution Time: 4553.470 ms",4539.226,286744.31,100000,"GroupAggregate  (cost=0.58..286744.31 rows=10000 width=16) (actual rows=100000 loops=1)
  Group Key: a.player_id, a.event_date
  Buffers: shared hit=10284038
  ->  Nested Loop Left Join  (cost=0.58..236530.29 rows=6681869 width=12) (actual rows=10090526 loops=1)
        Buffers: shared hit=10284038
        ->  Index Only Scan using activity_pkey on activity a  (cost=0.29..2808.29 rows=100000 width=8) (actual rows=100000 loops=1)
              Heap Fetches: 0
              Buffers: shared hit=327
        ->  Index Scan using activity_pkey on activity b  (cost=0.29..1.67 rows=67 width=12) (actual rows=101 loops=100000)
              Index Cond: ((player_id = a.player_id) AND (event_date <= a.event_date))
              Buffers: shared hit=10283711
Planning:
  Buffers: shared hit=15
Planning Time: 0.268 ms
JIT:
  Functions: 9
  Options: Inlining false, Optimization false, Expressions true, Deforming true
Execution Time: 4539.226 ms",4570.352,286744.31,100000,"GroupAggregate  (cost=0.58..286744.31 rows=10000 width=16) (actual rows=100000 loops=1)
  Group Key: a.player_id, a.event_date
  Buffers: shared hit=10284038
  ->  Nested Loop Left Join  (cost=0.58..236530.29 rows=6681869 width=12) (actual rows=10090526 loops=1)
        Buffers: shared hit=10284038
        ->  Index Only Scan using activity_pkey on activity a  (cost=0.29..2808.29 rows=100000 width=8) (actual rows=100000 loops=1)
              Heap Fetches: 0
              Buffers: shared hit=327
        ->  Index Scan using activity_pkey on activity b  (cost=0.29..1.67 rows=67 width=12) (actual rows=101 loops=100000)
              Index Cond: ((player_id = a.player_id) AND (event_date <= a.event_date))
              Buffers: shared hit=10283711
Planning:
  Buffers: shared hit=15
Planning Time: 0.308 ms
JIT:
  Functions: 9
  Options: Inlining false, Optimization false, Expressions true, Deforming true
Execution Time: 4570.352 ms",4566.39,286744.31,100000,"GroupAggregate  (cost=0.58..286744.31 rows=10000 width=16) (actual rows=100000 loops=1)
  Group Key: a.player_id, a.event_date
  Buffers: shared hit=10284038
  ->  Nested Loop Left Join  (cost=0.58..236530.29 rows=6681869 width=12) (actual rows=10090526 loops=1)
        Buffers: shared hit=10284038
        ->  Index Only Scan using activity_pkey on activity a  (cost=0.29..2808.29 rows=100000 width=8) (actual rows=100000 loops=1)
              Heap Fetches: 0
              Buffers: shared hit=327
        ->  Index Scan using activity_pkey on activity b  (cost=0.29..1.67 rows=67 width=12) (actual rows=101 loops=100000)
              Index Cond: ((player_id = a.player_id) AND (event_date <= a.event_date))
              Buffers: shared hit=10283711
Planning:
  Buffers: shared hit=15
Planning Time: 0.332 ms
JIT:
  Functions: 9
  Options: Inlining false, Optimization false, Expressions true, Deforming true
Execution Time: 4566.390 ms",4551.7544,4553.47,4568.371,4571.9368,286744.31,286744.31,100000,100000,100000,100000,normal,normal,305.66248480000536,38.16149600000008,equal variances,significant,0.003968253968253968,-4380.0994,-4380.642,-283738.92,0,True
275,534,163,Medium,"SELECT T_activity_0.player_id AS player_id, T_activity_0.event_date AS event_date, SUM(T_activity_0.games_played) OVER ( PARTITION BY T_activity_0.player_id ORDER BY T_activity_0.event_date ASC ) AS games_played_so_far from schema_534.activity AS T_activity_0",93.912,6722.28,100000,"WindowAgg  (cost=0.29..6722.28 rows=100000 width=16) (actual rows=100000 loops=1)
  Buffers: shared hit=100137
  ->  Index Scan using activity_pkey on activity t_activity_0  (cost=0.29..4972.28 rows=100000 width=12) (actual rows=100000 loops=1)
        Buffers: shared hit=100137
Planning Time: 0.053 ms
Execution Time: 93.912 ms",104.843,6722.28,100000,"WindowAgg  (cost=0.29..6722.28 rows=100000 width=16) (actual rows=100000 loops=1)
  Buffers: shared hit=100137
  ->  Index Scan using activity_pkey on activity t_activity_0  (cost=0.29..4972.28 rows=100000 width=12) (actual rows=100000 loops=1)
        Buffers: shared hit=100137
Planning Time: 0.095 ms
Execution Time: 104.843 ms",100.764,6722.28,100000,"WindowAgg  (cost=0.29..6722.28 rows=100000 width=16) (actual rows=100000 loops=1)
  Buffers: shared hit=100137
  ->  Index Scan using activity_pkey on activity t_activity_0  (cost=0.29..4972.28 rows=100000 width=12) (actual rows=100000 loops=1)
        Buffers: shared hit=100137
Planning Time: 0.067 ms
Execution Time: 100.764 ms",104.286,6722.28,100000,"WindowAgg  (cost=0.29..6722.28 rows=100000 width=16) (actual rows=100000 loops=1)
  Buffers: shared hit=100137
  ->  Index Scan using activity_pkey on activity t_activity_0  (cost=0.29..4972.28 rows=100000 width=12) (actual rows=100000 loops=1)
        Buffers: shared hit=100137
Planning Time: 0.073 ms
Execution Time: 104.286 ms",100.191,6722.28,100000,"WindowAgg  (cost=0.29..6722.28 rows=100000 width=16) (actual rows=100000 loops=1)
  Buffers: shared hit=100137
  ->  Index Scan using activity_pkey on activity t_activity_0  (cost=0.29..4972.28 rows=100000 width=12) (actual rows=100000 loops=1)
        Buffers: shared hit=100137
Planning Time: 0.060 ms
Execution Time: 100.191 ms",100.7992,100.764,104.5645,105.0658,6722.28,6722.28,100000,100000,100000,100000,534_163,275,534,163,Medium,"select player_id, event_date, sum(games_played) over (partition by player_id order by event_date) as games_played_so_far from schema_534.activity order by player_id, event_date desc",130.415,14278.89,100000,"Incremental Sort  (cost=26.08..14278.89 rows=100000 width=16) (actual rows=100000 loops=1)
  Sort Key: player_id, event_date DESC
  Presorted Key: player_id
  Full-sort Groups: 500  Sort Method: quicksort  Average Memory: 28kB  Peak Memory: 28kB
  Pre-sorted Groups: 500  Sort Method: quicksort  Average Memory: 35kB  Peak Memory: 35kB
  Buffers: shared hit=100137
  ->  WindowAgg  (cost=0.29..6722.28 rows=100000 width=16) (actual rows=100000 loops=1)
        Buffers: shared hit=100137
        ->  Index Scan using activity_pkey on activity  (cost=0.29..4972.28 rows=100000 width=12) (actual rows=100000 loops=1)
              Buffers: shared hit=100137
Planning Time: 0.073 ms
Execution Time: 130.415 ms",146.997,14278.89,100000,"Incremental Sort  (cost=26.08..14278.89 rows=100000 width=16) (actual rows=100000 loops=1)
  Sort Key: player_id, event_date DESC
  Presorted Key: player_id
  Full-sort Groups: 500  Sort Method: quicksort  Average Memory: 28kB  Peak Memory: 28kB
  Pre-sorted Groups: 500  Sort Method: quicksort  Average Memory: 35kB  Peak Memory: 35kB
  Buffers: shared hit=100137
  ->  WindowAgg  (cost=0.29..6722.28 rows=100000 width=16) (actual rows=100000 loops=1)
        Buffers: shared hit=100137
        ->  Index Scan using activity_pkey on activity  (cost=0.29..4972.28 rows=100000 width=12) (actual rows=100000 loops=1)
              Buffers: shared hit=100137
Planning Time: 0.086 ms
Execution Time: 146.997 ms",136.89,14278.89,100000,"Incremental Sort  (cost=26.08..14278.89 rows=100000 width=16) (actual rows=100000 loops=1)
  Sort Key: player_id, event_date DESC
  Presorted Key: player_id
  Full-sort Groups: 500  Sort Method: quicksort  Average Memory: 28kB  Peak Memory: 28kB
  Pre-sorted Groups: 500  Sort Method: quicksort  Average Memory: 35kB  Peak Memory: 35kB
  Buffers: shared hit=100137
  ->  WindowAgg  (cost=0.29..6722.28 rows=100000 width=16) (actual rows=100000 loops=1)
        Buffers: shared hit=100137
        ->  Index Scan using activity_pkey on activity  (cost=0.29..4972.28 rows=100000 width=12) (actual rows=100000 loops=1)
              Buffers: shared hit=100137
Planning Time: 0.075 ms
Execution Time: 136.890 ms",134.142,14278.89,100000,"Incremental Sort  (cost=26.08..14278.89 rows=100000 width=16) (actual rows=100000 loops=1)
  Sort Key: player_id, event_date DESC
  Presorted Key: player_id
  Full-sort Groups: 500  Sort Method: quicksort  Average Memory: 28kB  Peak Memory: 28kB
  Pre-sorted Groups: 500  Sort Method: quicksort  Average Memory: 35kB  Peak Memory: 35kB
  Buffers: shared hit=100137
  ->  WindowAgg  (cost=0.29..6722.28 rows=100000 width=16) (actual rows=100000 loops=1)
        Buffers: shared hit=100137
        ->  Index Scan using activity_pkey on activity  (cost=0.29..4972.28 rows=100000 width=12) (actual rows=100000 loops=1)
              Buffers: shared hit=100137
Planning Time: 0.076 ms
Execution Time: 134.142 ms",138.579,14278.89,100000,"Incremental Sort  (cost=26.08..14278.89 rows=100000 width=16) (actual rows=100000 loops=1)
  Sort Key: player_id, event_date DESC
  Presorted Key: player_id
  Full-sort Groups: 500  Sort Method: quicksort  Average Memory: 28kB  Peak Memory: 28kB
  Pre-sorted Groups: 500  Sort Method: quicksort  Average Memory: 35kB  Peak Memory: 35kB
  Buffers: shared hit=100137
  ->  WindowAgg  (cost=0.29..6722.28 rows=100000 width=16) (actual rows=100000 loops=1)
        Buffers: shared hit=100137
        ->  Index Scan using activity_pkey on activity  (cost=0.29..4972.28 rows=100000 width=12) (actual rows=100000 loops=1)
              Buffers: shared hit=100137
Planning Time: 0.069 ms
Execution Time: 138.579 ms",137.4046,136.89,142.788,150.3642,14278.89,14278.89,100000,100000,100000,100000,normal,normal,38.28930830000011,19.078690699999985,equal variances,significant,0.003968253968253968,-36.60539999999999,-36.12599999999999,-7556.61,0,True
279,534,212,Medium,"SELECT t2.player_id AS player_id, t2.event_date AS event_date, SUM(t2.games_played) OVER ( PARTITION BY t2.player_id ORDER BY t2.event_date ASC ) AS games_played_so_far from schema_534.activity AS t2 GROUP BY t2.event_date,t2.player_id",164.02,3005.39,100000,"WindowAgg  (cost=2805.39..3005.39 rows=10000 width=16) (actual rows=100000 loops=1)
  Buffers: shared hit=541, temp read=471 written=633
  ->  Sort  (cost=2805.39..2830.39 rows=10000 width=12) (actual rows=100000 loops=1)
        Sort Key: player_id, event_date
        Sort Method: external merge  Disk: 2160kB
        Buffers: shared hit=541, temp read=471 written=633
        ->  HashAggregate  (cost=2041.00..2141.00 rows=10000 width=12) (actual rows=100000 loops=1)
              Group Key: event_date, player_id
              Batches: 5  Memory Usage: 4145kB  Disk Usage: 1744kB
              Buffers: shared hit=541, temp read=201 written=362
              ->  Seq Scan on activity t2  (cost=0.00..1541.00 rows=100000 width=12) (actual rows=100000 loops=1)
                    Buffers: shared hit=541
Planning:
  Buffers: shared hit=3
Planning Time: 0.083 ms
Execution Time: 164.020 ms",174.765,3005.39,100000,"WindowAgg  (cost=2805.39..3005.39 rows=10000 width=16) (actual rows=100000 loops=1)
  Buffers: shared hit=541, temp read=471 written=633
  ->  Sort  (cost=2805.39..2830.39 rows=10000 width=12) (actual rows=100000 loops=1)
        Sort Key: player_id, event_date
        Sort Method: external merge  Disk: 2160kB
        Buffers: shared hit=541, temp read=471 written=633
        ->  HashAggregate  (cost=2041.00..2141.00 rows=10000 width=12) (actual rows=100000 loops=1)
              Group Key: event_date, player_id
              Batches: 5  Memory Usage: 4145kB  Disk Usage: 1744kB
              Buffers: shared hit=541, temp read=201 written=362
              ->  Seq Scan on activity t2  (cost=0.00..1541.00 rows=100000 width=12) (actual rows=100000 loops=1)
                    Buffers: shared hit=541
Planning:
  Buffers: shared hit=3
Planning Time: 0.181 ms
Execution Time: 174.765 ms",175.92,3005.39,100000,"WindowAgg  (cost=2805.39..3005.39 rows=10000 width=16) (actual rows=100000 loops=1)
  Buffers: shared hit=541, temp read=471 written=633
  ->  Sort  (cost=2805.39..2830.39 rows=10000 width=12) (actual rows=100000 loops=1)
        Sort Key: player_id, event_date
        Sort Method: external merge  Disk: 2160kB
        Buffers: shared hit=541, temp read=471 written=633
        ->  HashAggregate  (cost=2041.00..2141.00 rows=10000 width=12) (actual rows=100000 loops=1)
              Group Key: event_date, player_id
              Batches: 5  Memory Usage: 4145kB  Disk Usage: 1744kB
              Buffers: shared hit=541, temp read=201 written=362
              ->  Seq Scan on activity t2  (cost=0.00..1541.00 rows=100000 width=12) (actual rows=100000 loops=1)
                    Buffers: shared hit=541
Planning:
  Buffers: shared hit=3
Planning Time: 0.093 ms
Execution Time: 175.920 ms",170.515,3005.39,100000,"WindowAgg  (cost=2805.39..3005.39 rows=10000 width=16) (actual rows=100000 loops=1)
  Buffers: shared hit=541, temp read=471 written=633
  ->  Sort  (cost=2805.39..2830.39 rows=10000 width=12) (actual rows=100000 loops=1)
        Sort Key: player_id, event_date
        Sort Method: external merge  Disk: 2160kB
        Buffers: shared hit=541, temp read=471 written=633
        ->  HashAggregate  (cost=2041.00..2141.00 rows=10000 width=12) (actual rows=100000 loops=1)
              Group Key: event_date, player_id
              Batches: 5  Memory Usage: 4145kB  Disk Usage: 1744kB
              Buffers: shared hit=541, temp read=201 written=362
              ->  Seq Scan on activity t2  (cost=0.00..1541.00 rows=100000 width=12) (actual rows=100000 loops=1)
                    Buffers: shared hit=541
Planning:
  Buffers: shared hit=3
Planning Time: 0.135 ms
Execution Time: 170.515 ms",173.92,3005.39,100000,"WindowAgg  (cost=2805.39..3005.39 rows=10000 width=16) (actual rows=100000 loops=1)
  Buffers: shared hit=541, temp read=471 written=633
  ->  Sort  (cost=2805.39..2830.39 rows=10000 width=12) (actual rows=100000 loops=1)
        Sort Key: player_id, event_date
        Sort Method: external merge  Disk: 2160kB
        Buffers: shared hit=541, temp read=471 written=633
        ->  HashAggregate  (cost=2041.00..2141.00 rows=10000 width=12) (actual rows=100000 loops=1)
              Group Key: event_date, player_id
              Batches: 5  Memory Usage: 4145kB  Disk Usage: 1744kB
              Buffers: shared hit=541, temp read=201 written=362
              ->  Seq Scan on activity t2  (cost=0.00..1541.00 rows=100000 width=12) (actual rows=100000 loops=1)
                    Buffers: shared hit=541
Planning:
  Buffers: shared hit=3
Planning Time: 0.094 ms
Execution Time: 173.920 ms",171.828,173.92,175.3425,176.382,3005.39,3005.39,100000,100000,100000,100000,534_212,279,534,212,Medium,"select t1.player_id, t1.event_date, sum(t2.games_played) as games_played_so_far from schema_534.activity as t1 join schema_534.activity as t2 on t1.player_id = t2.player_id where t1.event_date >= t2.event_date group by t1.player_id, t1.event_date",5008.737,283313.02,100000,"HashAggregate  (cost=283213.02..283313.02 rows=10000 width=16) (actual rows=100000 loops=1)
  Group Key: t1.player_id, t1.event_date
  Batches: 5  Memory Usage: 4145kB  Disk Usage: 195544kB
  Buffers: shared hit=212745, temp read=24313 written=42597
  ->  Nested Loop  (cost=0.29..233099.00 rows=6681869 width=12) (actual rows=10090526 loops=1)
        Buffers: shared hit=212745
        ->  Seq Scan on activity t2  (cost=0.00..1541.00 rows=100000 width=12) (actual rows=100000 loops=1)
              Buffers: shared hit=541
        ->  Index Only Scan using activity_pkey on activity t1  (cost=0.29..1.65 rows=67 width=8) (actual rows=101 loops=100000)
              Index Cond: ((player_id = t2.player_id) AND (event_date >= t2.event_date))
              Heap Fetches: 0
              Buffers: shared hit=212204
Planning:
  Buffers: shared hit=15
Planning Time: 0.192 ms
JIT:
  Functions: 12
  Options: Inlining false, Optimization false, Expressions true, Deforming true
Execution Time: 5008.737 ms",5481.371,283313.02,100000,"HashAggregate  (cost=283213.02..283313.02 rows=10000 width=16) (actual rows=100000 loops=1)
  Group Key: t1.player_id, t1.event_date
  Batches: 5  Memory Usage: 4145kB  Disk Usage: 195544kB
  Buffers: shared hit=212745, temp read=24313 written=42597
  ->  Nested Loop  (cost=0.29..233099.00 rows=6681869 width=12) (actual rows=10090526 loops=1)
        Buffers: shared hit=212745
        ->  Seq Scan on activity t2  (cost=0.00..1541.00 rows=100000 width=12) (actual rows=100000 loops=1)
              Buffers: shared hit=541
        ->  Index Only Scan using activity_pkey on activity t1  (cost=0.29..1.65 rows=67 width=8) (actual rows=101 loops=100000)
              Index Cond: ((player_id = t2.player_id) AND (event_date >= t2.event_date))
              Heap Fetches: 0
              Buffers: shared hit=212204
Planning:
  Buffers: shared hit=15
Planning Time: 0.334 ms
JIT:
  Functions: 12
  Options: Inlining false, Optimization false, Expressions true, Deforming true
Execution Time: 5481.371 ms",5189.326,283313.02,100000,"HashAggregate  (cost=283213.02..283313.02 rows=10000 width=16) (actual rows=100000 loops=1)
  Group Key: t1.player_id, t1.event_date
  Batches: 5  Memory Usage: 4145kB  Disk Usage: 195544kB
  Buffers: shared hit=212745, temp read=24313 written=42597
  ->  Nested Loop  (cost=0.29..233099.00 rows=6681869 width=12) (actual rows=10090526 loops=1)
        Buffers: shared hit=212745
        ->  Seq Scan on activity t2  (cost=0.00..1541.00 rows=100000 width=12) (actual rows=100000 loops=1)
              Buffers: shared hit=541
        ->  Index Only Scan using activity_pkey on activity t1  (cost=0.29..1.65 rows=67 width=8) (actual rows=101 loops=100000)
              Index Cond: ((player_id = t2.player_id) AND (event_date >= t2.event_date))
              Heap Fetches: 0
              Buffers: shared hit=212204
Planning:
  Buffers: shared hit=15
Planning Time: 0.300 ms
JIT:
  Functions: 12
  Options: Inlining false, Optimization false, Expressions true, Deforming true
Execution Time: 5189.326 ms",4965.975,283313.02,100000,"HashAggregate  (cost=283213.02..283313.02 rows=10000 width=16) (actual rows=100000 loops=1)
  Group Key: t1.player_id, t1.event_date
  Batches: 5  Memory Usage: 4145kB  Disk Usage: 195544kB
  Buffers: shared hit=212745, temp read=24313 written=42597
  ->  Nested Loop  (cost=0.29..233099.00 rows=6681869 width=12) (actual rows=10090526 loops=1)
        Buffers: shared hit=212745
        ->  Seq Scan on activity t2  (cost=0.00..1541.00 rows=100000 width=12) (actual rows=100000 loops=1)
              Buffers: shared hit=541
        ->  Index Only Scan using activity_pkey on activity t1  (cost=0.29..1.65 rows=67 width=8) (actual rows=101 loops=100000)
              Index Cond: ((player_id = t2.player_id) AND (event_date >= t2.event_date))
              Heap Fetches: 0
              Buffers: shared hit=212204
Planning:
  Buffers: shared hit=15
Planning Time: 0.288 ms
JIT:
  Functions: 12
  Options: Inlining false, Optimization false, Expressions true, Deforming true
Execution Time: 4965.975 ms",4959.544,283313.02,100000,"HashAggregate  (cost=283213.02..283313.02 rows=10000 width=16) (actual rows=100000 loops=1)
  Group Key: t1.player_id, t1.event_date
  Batches: 5  Memory Usage: 4145kB  Disk Usage: 195544kB
  Buffers: shared hit=212745, temp read=24313 written=42597
  ->  Nested Loop  (cost=0.29..233099.00 rows=6681869 width=12) (actual rows=10090526 loops=1)
        Buffers: shared hit=212745
        ->  Seq Scan on activity t2  (cost=0.00..1541.00 rows=100000 width=12) (actual rows=100000 loops=1)
              Buffers: shared hit=541
        ->  Index Only Scan using activity_pkey on activity t1  (cost=0.29..1.65 rows=67 width=8) (actual rows=101 loops=100000)
              Index Cond: ((player_id = t2.player_id) AND (event_date >= t2.event_date))
              Heap Fetches: 0
              Buffers: shared hit=212204
Planning:
  Buffers: shared hit=15
Planning Time: 0.282 ms
JIT:
  Functions: 12
  Options: Inlining false, Optimization false, Expressions true, Deforming true
Execution Time: 4959.544 ms",5120.9906,5008.737,5335.3485,5598.189,283313.02,283313.02,100000,100000,100000,100000,normal,normal,49309.8678013,23.108932499999913,equal variances,significant,0.003968253968253968,-4949.1626,-4834.817,-280307.63,0,True
280,534,213,Medium,"SELECT t2.player_id AS player_id, t2.event_date AS event_date, SUM(t2.games_played) OVER ( PARTITION BY t2.player_id ORDER BY t2.event_date ASC ) AS games_played_so_far from schema_534.activity AS t2 GROUP BY t2.event_date,t2.player_id",161.185,3005.39,100000,"WindowAgg  (cost=2805.39..3005.39 rows=10000 width=16) (actual rows=100000 loops=1)
  Buffers: shared hit=541, temp read=471 written=633
  ->  Sort  (cost=2805.39..2830.39 rows=10000 width=12) (actual rows=100000 loops=1)
        Sort Key: player_id, event_date
        Sort Method: external merge  Disk: 2160kB
        Buffers: shared hit=541, temp read=471 written=633
        ->  HashAggregate  (cost=2041.00..2141.00 rows=10000 width=12) (actual rows=100000 loops=1)
              Group Key: event_date, player_id
              Batches: 5  Memory Usage: 4145kB  Disk Usage: 1744kB
              Buffers: shared hit=541, temp read=201 written=362
              ->  Seq Scan on activity t2  (cost=0.00..1541.00 rows=100000 width=12) (actual rows=100000 loops=1)
                    Buffers: shared hit=541
Planning:
  Buffers: shared hit=3
Planning Time: 0.054 ms
Execution Time: 161.185 ms",171.745,3005.39,100000,"WindowAgg  (cost=2805.39..3005.39 rows=10000 width=16) (actual rows=100000 loops=1)
  Buffers: shared hit=541, temp read=471 written=633
  ->  Sort  (cost=2805.39..2830.39 rows=10000 width=12) (actual rows=100000 loops=1)
        Sort Key: player_id, event_date
        Sort Method: external merge  Disk: 2160kB
        Buffers: shared hit=541, temp read=471 written=633
        ->  HashAggregate  (cost=2041.00..2141.00 rows=10000 width=12) (actual rows=100000 loops=1)
              Group Key: event_date, player_id
              Batches: 5  Memory Usage: 4145kB  Disk Usage: 1744kB
              Buffers: shared hit=541, temp read=201 written=362
              ->  Seq Scan on activity t2  (cost=0.00..1541.00 rows=100000 width=12) (actual rows=100000 loops=1)
                    Buffers: shared hit=541
Planning:
  Buffers: shared hit=3
Planning Time: 0.080 ms
Execution Time: 171.745 ms",174.524,3005.39,100000,"WindowAgg  (cost=2805.39..3005.39 rows=10000 width=16) (actual rows=100000 loops=1)
  Buffers: shared hit=541, temp read=471 written=633
  ->  Sort  (cost=2805.39..2830.39 rows=10000 width=12) (actual rows=100000 loops=1)
        Sort Key: player_id, event_date
        Sort Method: external merge  Disk: 2160kB
        Buffers: shared hit=541, temp read=471 written=633
        ->  HashAggregate  (cost=2041.00..2141.00 rows=10000 width=12) (actual rows=100000 loops=1)
              Group Key: event_date, player_id
              Batches: 5  Memory Usage: 4145kB  Disk Usage: 1744kB
              Buffers: shared hit=541, temp read=201 written=362
              ->  Seq Scan on activity t2  (cost=0.00..1541.00 rows=100000 width=12) (actual rows=100000 loops=1)
                    Buffers: shared hit=541
Planning:
  Buffers: shared hit=3
Planning Time: 0.087 ms
Execution Time: 174.524 ms",169.247,3005.39,100000,"WindowAgg  (cost=2805.39..3005.39 rows=10000 width=16) (actual rows=100000 loops=1)
  Buffers: shared hit=541, temp read=471 written=633
  ->  Sort  (cost=2805.39..2830.39 rows=10000 width=12) (actual rows=100000 loops=1)
        Sort Key: player_id, event_date
        Sort Method: external merge  Disk: 2160kB
        Buffers: shared hit=541, temp read=471 written=633
        ->  HashAggregate  (cost=2041.00..2141.00 rows=10000 width=12) (actual rows=100000 loops=1)
              Group Key: event_date, player_id
              Batches: 5  Memory Usage: 4145kB  Disk Usage: 1744kB
              Buffers: shared hit=541, temp read=201 written=362
              ->  Seq Scan on activity t2  (cost=0.00..1541.00 rows=100000 width=12) (actual rows=100000 loops=1)
                    Buffers: shared hit=541
Planning:
  Buffers: shared hit=3
Planning Time: 0.087 ms
Execution Time: 169.247 ms",173.114,3005.39,100000,"WindowAgg  (cost=2805.39..3005.39 rows=10000 width=16) (actual rows=100000 loops=1)
  Buffers: shared hit=541, temp read=471 written=633
  ->  Sort  (cost=2805.39..2830.39 rows=10000 width=12) (actual rows=100000 loops=1)
        Sort Key: player_id, event_date
        Sort Method: external merge  Disk: 2160kB
        Buffers: shared hit=541, temp read=471 written=633
        ->  HashAggregate  (cost=2041.00..2141.00 rows=10000 width=12) (actual rows=100000 loops=1)
              Group Key: event_date, player_id
              Batches: 5  Memory Usage: 4145kB  Disk Usage: 1744kB
              Buffers: shared hit=541, temp read=201 written=362
              ->  Seq Scan on activity t2  (cost=0.00..1541.00 rows=100000 width=12) (actual rows=100000 loops=1)
                    Buffers: shared hit=541
Planning:
  Buffers: shared hit=3
Planning Time: 0.101 ms
Execution Time: 173.114 ms",169.963,171.745,173.819,175.088,3005.39,3005.39,100000,100000,100000,100000,534_213,280,534,213,Medium,"select t1.player_id, t1.event_date, sum(t2.games_played) as games_played_so_far from schema_534.activity as t1 left outer join schema_534.activity as t2 on (t1.player_id = t2.player_id and t1.event_date >= t2.event_date) group by t1.event_date, t1.player_id",7977.337,285477.02,100000,"HashAggregate  (cost=285377.02..285477.02 rows=10000 width=16) (actual rows=100000 loops=1)
  Group Key: t1.event_date, t1.player_id
  Batches: 5  Memory Usage: 4145kB  Disk Usage: 224200kB
  Buffers: shared hit=10284252, temp read=27871 written=48847
  ->  Nested Loop Left Join  (cost=0.29..235263.00 rows=6681869 width=12) (actual rows=10090526 loops=1)
        Buffers: shared hit=10284252
        ->  Seq Scan on activity t1  (cost=0.00..1541.00 rows=100000 width=8) (actual rows=100000 loops=1)
              Buffers: shared hit=541
        ->  Index Scan using activity_pkey on activity t2  (cost=0.29..1.67 rows=67 width=12) (actual rows=101 loops=100000)
              Index Cond: ((player_id = t1.player_id) AND (event_date <= t1.event_date))
              Buffers: shared hit=10283711
Planning:
  Buffers: shared hit=15
Planning Time: 0.182 ms
JIT:
  Functions: 14
  Options: Inlining false, Optimization false, Expressions true, Deforming true
Execution Time: 7977.337 ms",7995.267,285477.02,100000,"HashAggregate  (cost=285377.02..285477.02 rows=10000 width=16) (actual rows=100000 loops=1)
  Group Key: t1.event_date, t1.player_id
  Batches: 5  Memory Usage: 4145kB  Disk Usage: 224200kB
  Buffers: shared hit=10284252, temp read=27871 written=48847
  ->  Nested Loop Left Join  (cost=0.29..235263.00 rows=6681869 width=12) (actual rows=10090526 loops=1)
        Buffers: shared hit=10284252
        ->  Seq Scan on activity t1  (cost=0.00..1541.00 rows=100000 width=8) (actual rows=100000 loops=1)
              Buffers: shared hit=541
        ->  Index Scan using activity_pkey on activity t2  (cost=0.29..1.67 rows=67 width=12) (actual rows=101 loops=100000)
              Index Cond: ((player_id = t1.player_id) AND (event_date <= t1.event_date))
              Buffers: shared hit=10283711
Planning:
  Buffers: shared hit=15
Planning Time: 0.283 ms
JIT:
  Functions: 14
  Options: Inlining false, Optimization false, Expressions true, Deforming true
Execution Time: 7995.267 ms",7991.397,285477.02,100000,"HashAggregate  (cost=285377.02..285477.02 rows=10000 width=16) (actual rows=100000 loops=1)
  Group Key: t1.event_date, t1.player_id
  Batches: 5  Memory Usage: 4145kB  Disk Usage: 224200kB
  Buffers: shared hit=10284252, temp read=27871 written=48847
  ->  Nested Loop Left Join  (cost=0.29..235263.00 rows=6681869 width=12) (actual rows=10090526 loops=1)
        Buffers: shared hit=10284252
        ->  Seq Scan on activity t1  (cost=0.00..1541.00 rows=100000 width=8) (actual rows=100000 loops=1)
              Buffers: shared hit=541
        ->  Index Scan using activity_pkey on activity t2  (cost=0.29..1.67 rows=67 width=12) (actual rows=101 loops=100000)
              Index Cond: ((player_id = t1.player_id) AND (event_date <= t1.event_date))
              Buffers: shared hit=10283711
Planning:
  Buffers: shared hit=15
Planning Time: 0.291 ms
JIT:
  Functions: 14
  Options: Inlining false, Optimization false, Expressions true, Deforming true
Execution Time: 7991.397 ms",7978.329,285477.02,100000,"HashAggregate  (cost=285377.02..285477.02 rows=10000 width=16) (actual rows=100000 loops=1)
  Group Key: t1.event_date, t1.player_id
  Batches: 5  Memory Usage: 4145kB  Disk Usage: 224200kB
  Buffers: shared hit=10284252, temp read=27871 written=48847
  ->  Nested Loop Left Join  (cost=0.29..235263.00 rows=6681869 width=12) (actual rows=10090526 loops=1)
        Buffers: shared hit=10284252
        ->  Seq Scan on activity t1  (cost=0.00..1541.00 rows=100000 width=8) (actual rows=100000 loops=1)
              Buffers: shared hit=541
        ->  Index Scan using activity_pkey on activity t2  (cost=0.29..1.67 rows=67 width=12) (actual rows=101 loops=100000)
              Index Cond: ((player_id = t1.player_id) AND (event_date <= t1.event_date))
              Buffers: shared hit=10283711
Planning:
  Buffers: shared hit=15
Planning Time: 0.232 ms
JIT:
  Functions: 14
  Options: Inlining false, Optimization false, Expressions true, Deforming true
Execution Time: 7978.329 ms",8012.315,285477.02,100000,"HashAggregate  (cost=285377.02..285477.02 rows=10000 width=16) (actual rows=100000 loops=1)
  Group Key: t1.event_date, t1.player_id
  Batches: 5  Memory Usage: 4145kB  Disk Usage: 224200kB
  Buffers: shared hit=10284252, temp read=27871 written=48847
  ->  Nested Loop Left Join  (cost=0.29..235263.00 rows=6681869 width=12) (actual rows=10090526 loops=1)
        Buffers: shared hit=10284252
        ->  Seq Scan on activity t1  (cost=0.00..1541.00 rows=100000 width=8) (actual rows=100000 loops=1)
              Buffers: shared hit=541
        ->  Index Scan using activity_pkey on activity t2  (cost=0.29..1.67 rows=67 width=12) (actual rows=101 loops=100000)
              Index Cond: ((player_id = t1.player_id) AND (event_date <= t1.event_date))
              Buffers: shared hit=10283711
Planning:
  Buffers: shared hit=15
Planning Time: 0.302 ms
JIT:
  Functions: 14
  Options: Inlining false, Optimization false, Expressions true, Deforming true
Execution Time: 8012.315 ms",7990.929,7991.397,8003.791,8019.1342,285477.02,285477.02,100000,100000,100000,100000,normal,normal,204.97518199999405,27.868246499999998,equal variances,significant,0.003968253968253968,-7820.966,-7819.652,-282471.63,0,True
281,534,215,Medium,"SELECT t1.player_id AS player_id, t1.event_date AS event_date, SUM(t1.games_played) OVER ( PARTITION BY t1.player_id ORDER BY t1.event_date ASC ) AS games_played_so_far from schema_534.activity AS t1 GROUP BY t1.player_id,t1.event_date",163.934,3005.39,100000,"WindowAgg  (cost=2805.39..3005.39 rows=10000 width=16) (actual rows=100000 loops=1)
  Buffers: shared hit=541, temp read=471 written=633
  ->  Sort  (cost=2805.39..2830.39 rows=10000 width=12) (actual rows=100000 loops=1)
        Sort Key: player_id, event_date
        Sort Method: external merge  Disk: 2160kB
        Buffers: shared hit=541, temp read=471 written=633
        ->  HashAggregate  (cost=2041.00..2141.00 rows=10000 width=12) (actual rows=100000 loops=1)
              Group Key: player_id, event_date
              Batches: 5  Memory Usage: 4145kB  Disk Usage: 1744kB
              Buffers: shared hit=541, temp read=201 written=362
              ->  Seq Scan on activity t1  (cost=0.00..1541.00 rows=100000 width=12) (actual rows=100000 loops=1)
                    Buffers: shared hit=541
Planning:
  Buffers: shared hit=3
Planning Time: 0.058 ms
Execution Time: 163.934 ms",170.939,3005.39,100000,"WindowAgg  (cost=2805.39..3005.39 rows=10000 width=16) (actual rows=100000 loops=1)
  Buffers: shared hit=541, temp read=471 written=633
  ->  Sort  (cost=2805.39..2830.39 rows=10000 width=12) (actual rows=100000 loops=1)
        Sort Key: player_id, event_date
        Sort Method: external merge  Disk: 2160kB
        Buffers: shared hit=541, temp read=471 written=633
        ->  HashAggregate  (cost=2041.00..2141.00 rows=10000 width=12) (actual rows=100000 loops=1)
              Group Key: player_id, event_date
              Batches: 5  Memory Usage: 4145kB  Disk Usage: 1744kB
              Buffers: shared hit=541, temp read=201 written=362
              ->  Seq Scan on activity t1  (cost=0.00..1541.00 rows=100000 width=12) (actual rows=100000 loops=1)
                    Buffers: shared hit=541
Planning:
  Buffers: shared hit=3
Planning Time: 0.099 ms
Execution Time: 170.939 ms",177.319,3005.39,100000,"WindowAgg  (cost=2805.39..3005.39 rows=10000 width=16) (actual rows=100000 loops=1)
  Buffers: shared hit=541, temp read=471 written=633
  ->  Sort  (cost=2805.39..2830.39 rows=10000 width=12) (actual rows=100000 loops=1)
        Sort Key: player_id, event_date
        Sort Method: external merge  Disk: 2160kB
        Buffers: shared hit=541, temp read=471 written=633
        ->  HashAggregate  (cost=2041.00..2141.00 rows=10000 width=12) (actual rows=100000 loops=1)
              Group Key: player_id, event_date
              Batches: 5  Memory Usage: 4145kB  Disk Usage: 1744kB
              Buffers: shared hit=541, temp read=201 written=362
              ->  Seq Scan on activity t1  (cost=0.00..1541.00 rows=100000 width=12) (actual rows=100000 loops=1)
                    Buffers: shared hit=541
Planning:
  Buffers: shared hit=3
Planning Time: 0.135 ms
Execution Time: 177.319 ms",169.072,3005.39,100000,"WindowAgg  (cost=2805.39..3005.39 rows=10000 width=16) (actual rows=100000 loops=1)
  Buffers: shared hit=541, temp read=471 written=633
  ->  Sort  (cost=2805.39..2830.39 rows=10000 width=12) (actual rows=100000 loops=1)
        Sort Key: player_id, event_date
        Sort Method: external merge  Disk: 2160kB
        Buffers: shared hit=541, temp read=471 written=633
        ->  HashAggregate  (cost=2041.00..2141.00 rows=10000 width=12) (actual rows=100000 loops=1)
              Group Key: player_id, event_date
              Batches: 5  Memory Usage: 4145kB  Disk Usage: 1744kB
              Buffers: shared hit=541, temp read=201 written=362
              ->  Seq Scan on activity t1  (cost=0.00..1541.00 rows=100000 width=12) (actual rows=100000 loops=1)
                    Buffers: shared hit=541
Planning:
  Buffers: shared hit=3
Planning Time: 0.096 ms
Execution Time: 169.072 ms",171.174,3005.39,100000,"WindowAgg  (cost=2805.39..3005.39 rows=10000 width=16) (actual rows=100000 loops=1)
  Buffers: shared hit=541, temp read=471 written=633
  ->  Sort  (cost=2805.39..2830.39 rows=10000 width=12) (actual rows=100000 loops=1)
        Sort Key: player_id, event_date
        Sort Method: external merge  Disk: 2160kB
        Buffers: shared hit=541, temp read=471 written=633
        ->  HashAggregate  (cost=2041.00..2141.00 rows=10000 width=12) (actual rows=100000 loops=1)
              Group Key: player_id, event_date
              Batches: 5  Memory Usage: 4145kB  Disk Usage: 1744kB
              Buffers: shared hit=541, temp read=201 written=362
              ->  Seq Scan on activity t1  (cost=0.00..1541.00 rows=100000 width=12) (actual rows=100000 loops=1)
                    Buffers: shared hit=541
Planning:
  Buffers: shared hit=3
Planning Time: 0.085 ms
Execution Time: 171.174 ms",170.4876,170.939,174.2465,179.777,3005.39,3005.39,100000,100000,100000,100000,534_215,281,534,215,Medium,"select t1.player_id, t2.event_date, sum(t1.games_played) as games_played_so_far from schema_534.activity as t1 join schema_534.activity as t2 on (t1.player_id = t2.player_id and t1.event_date <= t2.event_date) group by 1, 2",4547.858,291644.31,100000,"GroupAggregate  (cost=0.58..291644.31 rows=500000 width=16) (actual rows=100000 loops=1)
  Group Key: t1.player_id, t2.event_date
  Buffers: shared hit=10284038
  ->  Nested Loop  (cost=0.58..236530.29 rows=6681869 width=12) (actual rows=10090526 loops=1)
        Buffers: shared hit=10284038
        ->  Index Only Scan using activity_pkey on activity t2  (cost=0.29..2808.29 rows=100000 width=8) (actual rows=100000 loops=1)
              Heap Fetches: 0
              Buffers: shared hit=327
        ->  Index Scan using activity_pkey on activity t1  (cost=0.29..1.67 rows=67 width=12) (actual rows=101 loops=100000)
              Index Cond: ((player_id = t2.player_id) AND (event_date <= t2.event_date))
              Buffers: shared hit=10283711
Planning:
  Buffers: shared hit=12
Planning Time: 0.177 ms
JIT:
  Functions: 9
  Options: Inlining false, Optimization false, Expressions true, Deforming true
Execution Time: 4547.858 ms",4574.9,291644.31,100000,"GroupAggregate  (cost=0.58..291644.31 rows=500000 width=16) (actual rows=100000 loops=1)
  Group Key: t1.player_id, t2.event_date
  Buffers: shared hit=10284038
  ->  Nested Loop  (cost=0.58..236530.29 rows=6681869 width=12) (actual rows=10090526 loops=1)
        Buffers: shared hit=10284038
        ->  Index Only Scan using activity_pkey on activity t2  (cost=0.29..2808.29 rows=100000 width=8) (actual rows=100000 loops=1)
              Heap Fetches: 0
              Buffers: shared hit=327
        ->  Index Scan using activity_pkey on activity t1  (cost=0.29..1.67 rows=67 width=12) (actual rows=101 loops=100000)
              Index Cond: ((player_id = t2.player_id) AND (event_date <= t2.event_date))
              Buffers: shared hit=10283711
Planning:
  Buffers: shared hit=12
Planning Time: 0.265 ms
JIT:
  Functions: 9
  Options: Inlining false, Optimization false, Expressions true, Deforming true
Execution Time: 4574.900 ms",4581.23,291644.31,100000,"GroupAggregate  (cost=0.58..291644.31 rows=500000 width=16) (actual rows=100000 loops=1)
  Group Key: t1.player_id, t2.event_date
  Buffers: shared hit=10284038
  ->  Nested Loop  (cost=0.58..236530.29 rows=6681869 width=12) (actual rows=10090526 loops=1)
        Buffers: shared hit=10284038
        ->  Index Only Scan using activity_pkey on activity t2  (cost=0.29..2808.29 rows=100000 width=8) (actual rows=100000 loops=1)
              Heap Fetches: 0
              Buffers: shared hit=327
        ->  Index Scan using activity_pkey on activity t1  (cost=0.29..1.67 rows=67 width=12) (actual rows=101 loops=100000)
              Index Cond: ((player_id = t2.player_id) AND (event_date <= t2.event_date))
              Buffers: shared hit=10283711
Planning:
  Buffers: shared hit=12
Planning Time: 0.301 ms
JIT:
  Functions: 9
  Options: Inlining false, Optimization false, Expressions true, Deforming true
Execution Time: 4581.230 ms",4567.038,291644.31,100000,"GroupAggregate  (cost=0.58..291644.31 rows=500000 width=16) (actual rows=100000 loops=1)
  Group Key: t1.player_id, t2.event_date
  Buffers: shared hit=10284038
  ->  Nested Loop  (cost=0.58..236530.29 rows=6681869 width=12) (actual rows=10090526 loops=1)
        Buffers: shared hit=10284038
        ->  Index Only Scan using activity_pkey on activity t2  (cost=0.29..2808.29 rows=100000 width=8) (actual rows=100000 loops=1)
              Heap Fetches: 0
              Buffers: shared hit=327
        ->  Index Scan using activity_pkey on activity t1  (cost=0.29..1.67 rows=67 width=12) (actual rows=101 loops=100000)
              Index Cond: ((player_id = t2.player_id) AND (event_date <= t2.event_date))
              Buffers: shared hit=10283711
Planning:
  Buffers: shared hit=12
Planning Time: 0.296 ms
JIT:
  Functions: 9
  Options: Inlining false, Optimization false, Expressions true, Deforming true
Execution Time: 4567.038 ms",4556.59,291644.31,100000,"GroupAggregate  (cost=0.58..291644.31 rows=500000 width=16) (actual rows=100000 loops=1)
  Group Key: t1.player_id, t2.event_date
  Buffers: shared hit=10284038
  ->  Nested Loop  (cost=0.58..236530.29 rows=6681869 width=12) (actual rows=10090526 loops=1)
        Buffers: shared hit=10284038
        ->  Index Only Scan using activity_pkey on activity t2  (cost=0.29..2808.29 rows=100000 width=8) (actual rows=100000 loops=1)
              Heap Fetches: 0
              Buffers: shared hit=327
        ->  Index Scan using activity_pkey on activity t1  (cost=0.29..1.67 rows=67 width=12) (actual rows=101 loops=100000)
              Index Cond: ((player_id = t2.player_id) AND (event_date <= t2.event_date))
              Buffers: shared hit=10283711
Planning:
  Buffers: shared hit=12
Planning Time: 0.333 ms
JIT:
  Functions: 9
  Options: Inlining false, Optimization false, Expressions true, Deforming true
Execution Time: 4556.590 ms",4565.5232,4567.038,4578.065,4583.762,291644.31,291644.31,100000,100000,100000,100000,normal,normal,182.19597919999234,23.07413229999997,equal variances,significant,0.003968253968253968,-4395.035599999999,-4396.098999999999,-288638.92,0,True
290,570,85,Medium,"select t_cte_14.c_name0 as name from (select t_employee_1.name as c_name0, t_employee_1.id as c_id0 from schema_570.employee as t_employee_1) as t_cte_14 inner join (select count(t_employee_0.id) as c_count0, t_employee_0.managerid as c_managerid0 from schema_570.employee as t_employee_0 group by t_employee_0.managerid) as t_cte_6 on t_cte_6.c_managerid0 = t_cte_14.c_id0 where 5 <= t_cte_6.c_count0",45.099,4489.24,10819,"Hash Join  (cost=2528.73..4489.24 rows=5512 width=9) (actual rows=10819 loops=1)
  Hash Cond: (t_employee_1.id = t_cte_6.c_managerid0)
  Buffers: shared hit=1396
  ->  Seq Scan on employee t_employee_1  (cost=0.00..1698.00 rows=100000 width=13) (actual rows=100000 loops=1)
        Buffers: shared hit=698
  ->  Hash  (cost=2459.83..2459.83 rows=5512 width=4) (actual rows=10819 loops=1)
        Buckets: 16384 (originally 8192)  Batches: 1 (originally 1)  Memory Usage: 509kB
        Buffers: shared hit=698
        ->  Subquery Scan on t_cte_6  (cost=2198.00..2459.83 rows=5512 width=4) (actual rows=10819 loops=1)
              Buffers: shared hit=698
              ->  HashAggregate  (cost=2198.00..2404.71 rows=5512 width=12) (actual rows=10819 loops=1)
                    Group Key: t_employee_0.managerid
                    Filter: (5 <= count(t_employee_0.id))
                    Batches: 1  Memory Usage: 2321kB
                    Rows Removed by Filter: 7196
                    Buffers: shared hit=698
                    ->  Seq Scan on employee t_employee_0  (cost=0.00..1698.00 rows=100000 width=8) (actual rows=100000 loops=1)
                          Buffers: shared hit=698
Planning Time: 0.171 ms
Execution Time: 45.099 ms",49.545,4489.24,10819,"Hash Join  (cost=2528.73..4489.24 rows=5512 width=9) (actual rows=10819 loops=1)
  Hash Cond: (t_employee_1.id = t_cte_6.c_managerid0)
  Buffers: shared hit=1396
  ->  Seq Scan on employee t_employee_1  (cost=0.00..1698.00 rows=100000 width=13) (actual rows=100000 loops=1)
        Buffers: shared hit=698
  ->  Hash  (cost=2459.83..2459.83 rows=5512 width=4) (actual rows=10819 loops=1)
        Buckets: 16384 (originally 8192)  Batches: 1 (originally 1)  Memory Usage: 509kB
        Buffers: shared hit=698
        ->  Subquery Scan on t_cte_6  (cost=2198.00..2459.83 rows=5512 width=4) (actual rows=10819 loops=1)
              Buffers: shared hit=698
              ->  HashAggregate  (cost=2198.00..2404.71 rows=5512 width=12) (actual rows=10819 loops=1)
                    Group Key: t_employee_0.managerid
                    Filter: (5 <= count(t_employee_0.id))
                    Batches: 1  Memory Usage: 2321kB
                    Rows Removed by Filter: 7196
                    Buffers: shared hit=698
                    ->  Seq Scan on employee t_employee_0  (cost=0.00..1698.00 rows=100000 width=8) (actual rows=100000 loops=1)
                          Buffers: shared hit=698
Planning Time: 0.122 ms
Execution Time: 49.545 ms",52.261,4489.24,10819,"Hash Join  (cost=2528.73..4489.24 rows=5512 width=9) (actual rows=10819 loops=1)
  Hash Cond: (t_employee_1.id = t_cte_6.c_managerid0)
  Buffers: shared hit=1396
  ->  Seq Scan on employee t_employee_1  (cost=0.00..1698.00 rows=100000 width=13) (actual rows=100000 loops=1)
        Buffers: shared hit=698
  ->  Hash  (cost=2459.83..2459.83 rows=5512 width=4) (actual rows=10819 loops=1)
        Buckets: 16384 (originally 8192)  Batches: 1 (originally 1)  Memory Usage: 509kB
        Buffers: shared hit=698
        ->  Subquery Scan on t_cte_6  (cost=2198.00..2459.83 rows=5512 width=4) (actual rows=10819 loops=1)
              Buffers: shared hit=698
              ->  HashAggregate  (cost=2198.00..2404.71 rows=5512 width=12) (actual rows=10819 loops=1)
                    Group Key: t_employee_0.managerid
                    Filter: (5 <= count(t_employee_0.id))
                    Batches: 1  Memory Usage: 2321kB
                    Rows Removed by Filter: 7196
                    Buffers: shared hit=698
                    ->  Seq Scan on employee t_employee_0  (cost=0.00..1698.00 rows=100000 width=8) (actual rows=100000 loops=1)
                          Buffers: shared hit=698
Planning Time: 0.176 ms
Execution Time: 52.261 ms",53.174,4489.24,10819,"Hash Join  (cost=2528.73..4489.24 rows=5512 width=9) (actual rows=10819 loops=1)
  Hash Cond: (t_employee_1.id = t_cte_6.c_managerid0)
  Buffers: shared hit=1396
  ->  Seq Scan on employee t_employee_1  (cost=0.00..1698.00 rows=100000 width=13) (actual rows=100000 loops=1)
        Buffers: shared hit=698
  ->  Hash  (cost=2459.83..2459.83 rows=5512 width=4) (actual rows=10819 loops=1)
        Buckets: 16384 (originally 8192)  Batches: 1 (originally 1)  Memory Usage: 509kB
        Buffers: shared hit=698
        ->  Subquery Scan on t_cte_6  (cost=2198.00..2459.83 rows=5512 width=4) (actual rows=10819 loops=1)
              Buffers: shared hit=698
              ->  HashAggregate  (cost=2198.00..2404.71 rows=5512 width=12) (actual rows=10819 loops=1)
                    Group Key: t_employee_0.managerid
                    Filter: (5 <= count(t_employee_0.id))
                    Batches: 1  Memory Usage: 2321kB
                    Rows Removed by Filter: 7196
                    Buffers: shared hit=698
                    ->  Seq Scan on employee t_employee_0  (cost=0.00..1698.00 rows=100000 width=8) (actual rows=100000 loops=1)
                          Buffers: shared hit=698
Planning Time: 0.193 ms
Execution Time: 53.174 ms",52.84,4489.24,10819,"Hash Join  (cost=2528.73..4489.24 rows=5512 width=9) (actual rows=10819 loops=1)
  Hash Cond: (t_employee_1.id = t_cte_6.c_managerid0)
  Buffers: shared hit=1396
  ->  Seq Scan on employee t_employee_1  (cost=0.00..1698.00 rows=100000 width=13) (actual rows=100000 loops=1)
        Buffers: shared hit=698
  ->  Hash  (cost=2459.83..2459.83 rows=5512 width=4) (actual rows=10819 loops=1)
        Buckets: 16384 (originally 8192)  Batches: 1 (originally 1)  Memory Usage: 509kB
        Buffers: shared hit=698
        ->  Subquery Scan on t_cte_6  (cost=2198.00..2459.83 rows=5512 width=4) (actual rows=10819 loops=1)
              Buffers: shared hit=698
              ->  HashAggregate  (cost=2198.00..2404.71 rows=5512 width=12) (actual rows=10819 loops=1)
                    Group Key: t_employee_0.managerid
                    Filter: (5 <= count(t_employee_0.id))
                    Batches: 1  Memory Usage: 2321kB
                    Rows Removed by Filter: 7196
                    Buffers: shared hit=698
                    ->  Seq Scan on employee t_employee_0  (cost=0.00..1698.00 rows=100000 width=8) (actual rows=100000 loops=1)
                          Buffers: shared hit=698
Planning Time: 0.184 ms
Execution Time: 52.840 ms",50.5838,52.261,53.007,53.3076,4489.24,4489.24,10819,10819,10819,10819,570_85,290,570,85,Medium,select employee.name as name from (select distinct managerid from schema_570.employee group by managerid having count(distinct id) >= 5) as a join schema_570.employee on a.managerid = employee.id,93.843,13057.84,10819,"Hash Join  (cost=11097.33..13057.84 rows=5512 width=9) (actual rows=10819 loops=1)
  Hash Cond: (employee.id = employee_1.managerid)
  Buffers: shared hit=1396, temp read=221 written=222
  ->  Seq Scan on employee  (cost=0.00..1698.00 rows=100000 width=13) (actual rows=100000 loops=1)
        Buffers: shared hit=698
  ->  Hash  (cost=11028.43..11028.43 rows=5512 width=4) (actual rows=10819 loops=1)
        Buckets: 16384 (originally 8192)  Batches: 1 (originally 1)  Memory Usage: 509kB
        Buffers: shared hit=698, temp read=221 written=222
        ->  Unique  (cost=10002.82..10973.31 rows=5512 width=4) (actual rows=10819 loops=1)
              Buffers: shared hit=698, temp read=221 written=222
              ->  GroupAggregate  (cost=10002.82..10959.53 rows=5512 width=4) (actual rows=10819 loops=1)
                    Group Key: employee_1.managerid
                    Filter: (count(DISTINCT employee_1.id) >= 5)
                    Rows Removed by Filter: 7196
                    Buffers: shared hit=698, temp read=221 written=222
                    ->  Sort  (cost=10002.82..10252.82 rows=100000 width=8) (actual rows=100000 loops=1)
                          Sort Key: employee_1.managerid
                          Sort Method: external merge  Disk: 1768kB
                          Buffers: shared hit=698, temp read=221 written=222
                          ->  Seq Scan on employee employee_1  (cost=0.00..1698.00 rows=100000 width=8) (actual rows=100000 loops=1)
                                Buffers: shared hit=698
Planning Time: 0.130 ms
Execution Time: 93.843 ms",99.171,13057.84,10819,"Hash Join  (cost=11097.33..13057.84 rows=5512 width=9) (actual rows=10819 loops=1)
  Hash Cond: (employee.id = employee_1.managerid)
  Buffers: shared hit=1396, temp read=221 written=222
  ->  Seq Scan on employee  (cost=0.00..1698.00 rows=100000 width=13) (actual rows=100000 loops=1)
        Buffers: shared hit=698
  ->  Hash  (cost=11028.43..11028.43 rows=5512 width=4) (actual rows=10819 loops=1)
        Buckets: 16384 (originally 8192)  Batches: 1 (originally 1)  Memory Usage: 509kB
        Buffers: shared hit=698, temp read=221 written=222
        ->  Unique  (cost=10002.82..10973.31 rows=5512 width=4) (actual rows=10819 loops=1)
              Buffers: shared hit=698, temp read=221 written=222
              ->  GroupAggregate  (cost=10002.82..10959.53 rows=5512 width=4) (actual rows=10819 loops=1)
                    Group Key: employee_1.managerid
                    Filter: (count(DISTINCT employee_1.id) >= 5)
                    Rows Removed by Filter: 7196
                    Buffers: shared hit=698, temp read=221 written=222
                    ->  Sort  (cost=10002.82..10252.82 rows=100000 width=8) (actual rows=100000 loops=1)
                          Sort Key: employee_1.managerid
                          Sort Method: external merge  Disk: 1768kB
                          Buffers: shared hit=698, temp read=221 written=222
                          ->  Seq Scan on employee employee_1  (cost=0.00..1698.00 rows=100000 width=8) (actual rows=100000 loops=1)
                                Buffers: shared hit=698
Planning Time: 0.189 ms
Execution Time: 99.171 ms",97.858,13057.84,10819,"Hash Join  (cost=11097.33..13057.84 rows=5512 width=9) (actual rows=10819 loops=1)
  Hash Cond: (employee.id = employee_1.managerid)
  Buffers: shared hit=1396, temp read=221 written=222
  ->  Seq Scan on employee  (cost=0.00..1698.00 rows=100000 width=13) (actual rows=100000 loops=1)
        Buffers: shared hit=698
  ->  Hash  (cost=11028.43..11028.43 rows=5512 width=4) (actual rows=10819 loops=1)
        Buckets: 16384 (originally 8192)  Batches: 1 (originally 1)  Memory Usage: 509kB
        Buffers: shared hit=698, temp read=221 written=222
        ->  Unique  (cost=10002.82..10973.31 rows=5512 width=4) (actual rows=10819 loops=1)
              Buffers: shared hit=698, temp read=221 written=222
              ->  GroupAggregate  (cost=10002.82..10959.53 rows=5512 width=4) (actual rows=10819 loops=1)
                    Group Key: employee_1.managerid
                    Filter: (count(DISTINCT employee_1.id) >= 5)
                    Rows Removed by Filter: 7196
                    Buffers: shared hit=698, temp read=221 written=222
                    ->  Sort  (cost=10002.82..10252.82 rows=100000 width=8) (actual rows=100000 loops=1)
                          Sort Key: employee_1.managerid
                          Sort Method: external merge  Disk: 1768kB
                          Buffers: shared hit=698, temp read=221 written=222
                          ->  Seq Scan on employee employee_1  (cost=0.00..1698.00 rows=100000 width=8) (actual rows=100000 loops=1)
                                Buffers: shared hit=698
Planning Time: 0.237 ms
Execution Time: 97.858 ms",98.531,13057.84,10819,"Hash Join  (cost=11097.33..13057.84 rows=5512 width=9) (actual rows=10819 loops=1)
  Hash Cond: (employee.id = employee_1.managerid)
  Buffers: shared hit=1396, temp read=221 written=222
  ->  Seq Scan on employee  (cost=0.00..1698.00 rows=100000 width=13) (actual rows=100000 loops=1)
        Buffers: shared hit=698
  ->  Hash  (cost=11028.43..11028.43 rows=5512 width=4) (actual rows=10819 loops=1)
        Buckets: 16384 (originally 8192)  Batches: 1 (originally 1)  Memory Usage: 509kB
        Buffers: shared hit=698, temp read=221 written=222
        ->  Unique  (cost=10002.82..10973.31 rows=5512 width=4) (actual rows=10819 loops=1)
              Buffers: shared hit=698, temp read=221 written=222
              ->  GroupAggregate  (cost=10002.82..10959.53 rows=5512 width=4) (actual rows=10819 loops=1)
                    Group Key: employee_1.managerid
                    Filter: (count(DISTINCT employee_1.id) >= 5)
                    Rows Removed by Filter: 7196
                    Buffers: shared hit=698, temp read=221 written=222
                    ->  Sort  (cost=10002.82..10252.82 rows=100000 width=8) (actual rows=100000 loops=1)
                          Sort Key: employee_1.managerid
                          Sort Method: external merge  Disk: 1768kB
                          Buffers: shared hit=698, temp read=221 written=222
                          ->  Seq Scan on employee employee_1  (cost=0.00..1698.00 rows=100000 width=8) (actual rows=100000 loops=1)
                                Buffers: shared hit=698
Planning Time: 0.179 ms
Execution Time: 98.531 ms",110.492,13057.84,10819,"Hash Join  (cost=11097.33..13057.84 rows=5512 width=9) (actual rows=10819 loops=1)
  Hash Cond: (employee.id = employee_1.managerid)
  Buffers: shared hit=1396, temp read=221 written=222
  ->  Seq Scan on employee  (cost=0.00..1698.00 rows=100000 width=13) (actual rows=100000 loops=1)
        Buffers: shared hit=698
  ->  Hash  (cost=11028.43..11028.43 rows=5512 width=4) (actual rows=10819 loops=1)
        Buckets: 16384 (originally 8192)  Batches: 1 (originally 1)  Memory Usage: 509kB
        Buffers: shared hit=698, temp read=221 written=222
        ->  Unique  (cost=10002.82..10973.31 rows=5512 width=4) (actual rows=10819 loops=1)
              Buffers: shared hit=698, temp read=221 written=222
              ->  GroupAggregate  (cost=10002.82..10959.53 rows=5512 width=4) (actual rows=10819 loops=1)
                    Group Key: employee_1.managerid
                    Filter: (count(DISTINCT employee_1.id) >= 5)
                    Rows Removed by Filter: 7196
                    Buffers: shared hit=698, temp read=221 written=222
                    ->  Sort  (cost=10002.82..10252.82 rows=100000 width=8) (actual rows=100000 loops=1)
                          Sort Key: employee_1.managerid
                          Sort Method: external merge  Disk: 1768kB
                          Buffers: shared hit=698, temp read=221 written=222
                          ->  Seq Scan on employee employee_1  (cost=0.00..1698.00 rows=100000 width=8) (actual rows=100000 loops=1)
                                Buffers: shared hit=698
Planning Time: 0.175 ms
Execution Time: 110.492 ms",99.979,98.531,104.8315,115.0204,13057.84,13057.84,10819,10819,10819,10819,normal,normal,38.8554685,11.443677700000013,equal variances,significant,0.003968253968253968,-49.3952,-46.27,-8568.6,0,True
291,570,88,Medium,"select e1.name as name from schema_570.employee as e1 left join schema_570.employee as e2 on e2.managerid = e1.id group by e1.id,e1.name having 5 <= count(e2.id)",170.035,16277.89,10819,"HashAggregate  (cost=13856.01..16277.89 rows=33333 width=13) (actual rows=10819 loops=1)
  Group Key: e1.id
  Filter: (5 <= count(e2.id))
  Planned Partitions: 4  Batches: 5  Memory Usage: 4145kB  Disk Usage: 6936kB
  Rows Removed by Filter: 89181
  Buffers: shared hit=1396, temp read=885 written=1616
  ->  Hash Right Join  (cost=3437.00..6668.51 rows=100000 width=17) (actual rows=181985 loops=1)
        Hash Cond: (e2.managerid = e1.id)
        Buffers: shared hit=1396, temp read=388 written=388
        ->  Seq Scan on employee e2  (cost=0.00..1698.00 rows=100000 width=8) (actual rows=100000 loops=1)
              Buffers: shared hit=698
        ->  Hash  (cost=1698.00..1698.00 rows=100000 width=13) (actual rows=100000 loops=1)
              Buckets: 131072  Batches: 2  Memory Usage: 3372kB
              Buffers: shared hit=698, temp written=219
              ->  Seq Scan on employee e1  (cost=0.00..1698.00 rows=100000 width=13) (actual rows=100000 loops=1)
                    Buffers: shared hit=698
Planning:
  Buffers: shared hit=9
Planning Time: 0.138 ms
Execution Time: 170.035 ms",180.53,16277.89,10819,"HashAggregate  (cost=13856.01..16277.89 rows=33333 width=13) (actual rows=10819 loops=1)
  Group Key: e1.id
  Filter: (5 <= count(e2.id))
  Planned Partitions: 4  Batches: 5  Memory Usage: 4145kB  Disk Usage: 6936kB
  Rows Removed by Filter: 89181
  Buffers: shared hit=1396, temp read=885 written=1616
  ->  Hash Right Join  (cost=3437.00..6668.51 rows=100000 width=17) (actual rows=181985 loops=1)
        Hash Cond: (e2.managerid = e1.id)
        Buffers: shared hit=1396, temp read=388 written=388
        ->  Seq Scan on employee e2  (cost=0.00..1698.00 rows=100000 width=8) (actual rows=100000 loops=1)
              Buffers: shared hit=698
        ->  Hash  (cost=1698.00..1698.00 rows=100000 width=13) (actual rows=100000 loops=1)
              Buckets: 131072  Batches: 2  Memory Usage: 3372kB
              Buffers: shared hit=698, temp written=219
              ->  Seq Scan on employee e1  (cost=0.00..1698.00 rows=100000 width=13) (actual rows=100000 loops=1)
                    Buffers: shared hit=698
Planning:
  Buffers: shared hit=9
Planning Time: 0.181 ms
Execution Time: 180.530 ms",179.985,16277.89,10819,"HashAggregate  (cost=13856.01..16277.89 rows=33333 width=13) (actual rows=10819 loops=1)
  Group Key: e1.id
  Filter: (5 <= count(e2.id))
  Planned Partitions: 4  Batches: 5  Memory Usage: 4145kB  Disk Usage: 6936kB
  Rows Removed by Filter: 89181
  Buffers: shared hit=1396, temp read=885 written=1616
  ->  Hash Right Join  (cost=3437.00..6668.51 rows=100000 width=17) (actual rows=181985 loops=1)
        Hash Cond: (e2.managerid = e1.id)
        Buffers: shared hit=1396, temp read=388 written=388
        ->  Seq Scan on employee e2  (cost=0.00..1698.00 rows=100000 width=8) (actual rows=100000 loops=1)
              Buffers: shared hit=698
        ->  Hash  (cost=1698.00..1698.00 rows=100000 width=13) (actual rows=100000 loops=1)
              Buckets: 131072  Batches: 2  Memory Usage: 3372kB
              Buffers: shared hit=698, temp written=219
              ->  Seq Scan on employee e1  (cost=0.00..1698.00 rows=100000 width=13) (actual rows=100000 loops=1)
                    Buffers: shared hit=698
Planning:
  Buffers: shared hit=9
Planning Time: 0.206 ms
Execution Time: 179.985 ms",180.482,16277.89,10819,"HashAggregate  (cost=13856.01..16277.89 rows=33333 width=13) (actual rows=10819 loops=1)
  Group Key: e1.id
  Filter: (5 <= count(e2.id))
  Planned Partitions: 4  Batches: 5  Memory Usage: 4145kB  Disk Usage: 6936kB
  Rows Removed by Filter: 89181
  Buffers: shared hit=1396, temp read=885 written=1616
  ->  Hash Right Join  (cost=3437.00..6668.51 rows=100000 width=17) (actual rows=181985 loops=1)
        Hash Cond: (e2.managerid = e1.id)
        Buffers: shared hit=1396, temp read=388 written=388
        ->  Seq Scan on employee e2  (cost=0.00..1698.00 rows=100000 width=8) (actual rows=100000 loops=1)
              Buffers: shared hit=698
        ->  Hash  (cost=1698.00..1698.00 rows=100000 width=13) (actual rows=100000 loops=1)
              Buckets: 131072  Batches: 2  Memory Usage: 3372kB
              Buffers: shared hit=698, temp written=219
              ->  Seq Scan on employee e1  (cost=0.00..1698.00 rows=100000 width=13) (actual rows=100000 loops=1)
                    Buffers: shared hit=698
Planning:
  Buffers: shared hit=9
Planning Time: 0.226 ms
Execution Time: 180.482 ms",180.799,16277.89,10819,"HashAggregate  (cost=13856.01..16277.89 rows=33333 width=13) (actual rows=10819 loops=1)
  Group Key: e1.id
  Filter: (5 <= count(e2.id))
  Planned Partitions: 4  Batches: 5  Memory Usage: 4145kB  Disk Usage: 6936kB
  Rows Removed by Filter: 89181
  Buffers: shared hit=1396, temp read=885 written=1616
  ->  Hash Right Join  (cost=3437.00..6668.51 rows=100000 width=17) (actual rows=181985 loops=1)
        Hash Cond: (e2.managerid = e1.id)
        Buffers: shared hit=1396, temp read=388 written=388
        ->  Seq Scan on employee e2  (cost=0.00..1698.00 rows=100000 width=8) (actual rows=100000 loops=1)
              Buffers: shared hit=698
        ->  Hash  (cost=1698.00..1698.00 rows=100000 width=13) (actual rows=100000 loops=1)
              Buckets: 131072  Batches: 2  Memory Usage: 3372kB
              Buffers: shared hit=698, temp written=219
              ->  Seq Scan on employee e1  (cost=0.00..1698.00 rows=100000 width=13) (actual rows=100000 loops=1)
                    Buffers: shared hit=698
Planning:
  Buffers: shared hit=9
Planning Time: 0.268 ms
Execution Time: 180.799 ms",178.3662,180.482,180.6645,180.9066,16277.89,16277.89,10819,10819,10819,10819,570_88,291,570,88,Medium,"select name from (select e1.id, e1.name, count(distinct e2.id) as direct_report_count from schema_570.employee as e1 left outer join schema_570.employee as e2 on e2.managerid = e1.id group by 1, 2) as a where direct_report_count >= 5",174.273,17141.39,10819,"Subquery Scan on a  (cost=10003.11..17141.39 rows=33333 width=9) (actual rows=10819 loops=1)
  Buffers: shared hit=1671, temp read=540 written=541
  ->  GroupAggregate  (cost=10003.11..16808.06 rows=33333 width=21) (actual rows=10819 loops=1)
        Group Key: e1.id
        Filter: (count(DISTINCT e2.id) >= 5)
        Rows Removed by Filter: 89181
        Buffers: shared hit=1671, temp read=540 written=541
        ->  Merge Left Join  (cost=10003.11..15058.06 rows=100000 width=17) (actual rows=181985 loops=1)
              Merge Cond: (e1.id = e2.managerid)
              Buffers: shared hit=1671, temp read=540 written=541
              ->  Index Scan using employee_pkey on employee e1  (cost=0.29..3305.29 rows=100000 width=13) (actual rows=100000 loops=1)
                    Buffers: shared hit=973
              ->  Sort  (cost=10002.82..10252.82 rows=100000 width=8) (actual rows=100000 loops=1)
                    Sort Key: e2.managerid
                    Sort Method: external sort  Disk: 2160kB
                    Buffers: shared hit=698, temp read=540 written=541
                    ->  Seq Scan on employee e2  (cost=0.00..1698.00 rows=100000 width=8) (actual rows=100000 loops=1)
                          Buffers: shared hit=698
Planning:
  Buffers: shared hit=9
Planning Time: 0.203 ms
Execution Time: 174.273 ms",181.788,17141.39,10819,"Subquery Scan on a  (cost=10003.11..17141.39 rows=33333 width=9) (actual rows=10819 loops=1)
  Buffers: shared hit=1671, temp read=540 written=541
  ->  GroupAggregate  (cost=10003.11..16808.06 rows=33333 width=21) (actual rows=10819 loops=1)
        Group Key: e1.id
        Filter: (count(DISTINCT e2.id) >= 5)
        Rows Removed by Filter: 89181
        Buffers: shared hit=1671, temp read=540 written=541
        ->  Merge Left Join  (cost=10003.11..15058.06 rows=100000 width=17) (actual rows=181985 loops=1)
              Merge Cond: (e1.id = e2.managerid)
              Buffers: shared hit=1671, temp read=540 written=541
              ->  Index Scan using employee_pkey on employee e1  (cost=0.29..3305.29 rows=100000 width=13) (actual rows=100000 loops=1)
                    Buffers: shared hit=973
              ->  Sort  (cost=10002.82..10252.82 rows=100000 width=8) (actual rows=100000 loops=1)
                    Sort Key: e2.managerid
                    Sort Method: external sort  Disk: 2160kB
                    Buffers: shared hit=698, temp read=540 written=541
                    ->  Seq Scan on employee e2  (cost=0.00..1698.00 rows=100000 width=8) (actual rows=100000 loops=1)
                          Buffers: shared hit=698
Planning:
  Buffers: shared hit=9
Planning Time: 0.267 ms
Execution Time: 181.788 ms",182.697,17141.39,10819,"Subquery Scan on a  (cost=10003.11..17141.39 rows=33333 width=9) (actual rows=10819 loops=1)
  Buffers: shared hit=1671, temp read=540 written=541
  ->  GroupAggregate  (cost=10003.11..16808.06 rows=33333 width=21) (actual rows=10819 loops=1)
        Group Key: e1.id
        Filter: (count(DISTINCT e2.id) >= 5)
        Rows Removed by Filter: 89181
        Buffers: shared hit=1671, temp read=540 written=541
        ->  Merge Left Join  (cost=10003.11..15058.06 rows=100000 width=17) (actual rows=181985 loops=1)
              Merge Cond: (e1.id = e2.managerid)
              Buffers: shared hit=1671, temp read=540 written=541
              ->  Index Scan using employee_pkey on employee e1  (cost=0.29..3305.29 rows=100000 width=13) (actual rows=100000 loops=1)
                    Buffers: shared hit=973
              ->  Sort  (cost=10002.82..10252.82 rows=100000 width=8) (actual rows=100000 loops=1)
                    Sort Key: e2.managerid
                    Sort Method: external sort  Disk: 2160kB
                    Buffers: shared hit=698, temp read=540 written=541
                    ->  Seq Scan on employee e2  (cost=0.00..1698.00 rows=100000 width=8) (actual rows=100000 loops=1)
                          Buffers: shared hit=698
Planning:
  Buffers: shared hit=9
Planning Time: 0.257 ms
Execution Time: 182.697 ms",180.11,17141.39,10819,"Subquery Scan on a  (cost=10003.11..17141.39 rows=33333 width=9) (actual rows=10819 loops=1)
  Buffers: shared hit=1671, temp read=540 written=541
  ->  GroupAggregate  (cost=10003.11..16808.06 rows=33333 width=21) (actual rows=10819 loops=1)
        Group Key: e1.id
        Filter: (count(DISTINCT e2.id) >= 5)
        Rows Removed by Filter: 89181
        Buffers: shared hit=1671, temp read=540 written=541
        ->  Merge Left Join  (cost=10003.11..15058.06 rows=100000 width=17) (actual rows=181985 loops=1)
              Merge Cond: (e1.id = e2.managerid)
              Buffers: shared hit=1671, temp read=540 written=541
              ->  Index Scan using employee_pkey on employee e1  (cost=0.29..3305.29 rows=100000 width=13) (actual rows=100000 loops=1)
                    Buffers: shared hit=973
              ->  Sort  (cost=10002.82..10252.82 rows=100000 width=8) (actual rows=100000 loops=1)
                    Sort Key: e2.managerid
                    Sort Method: external sort  Disk: 2160kB
                    Buffers: shared hit=698, temp read=540 written=541
                    ->  Seq Scan on employee e2  (cost=0.00..1698.00 rows=100000 width=8) (actual rows=100000 loops=1)
                          Buffers: shared hit=698
Planning:
  Buffers: shared hit=9
Planning Time: 0.316 ms
Execution Time: 180.110 ms",180.832,17141.39,10819,"Subquery Scan on a  (cost=10003.11..17141.39 rows=33333 width=9) (actual rows=10819 loops=1)
  Buffers: shared hit=1671, temp read=540 written=541
  ->  GroupAggregate  (cost=10003.11..16808.06 rows=33333 width=21) (actual rows=10819 loops=1)
        Group Key: e1.id
        Filter: (count(DISTINCT e2.id) >= 5)
        Rows Removed by Filter: 89181
        Buffers: shared hit=1671, temp read=540 written=541
        ->  Merge Left Join  (cost=10003.11..15058.06 rows=100000 width=17) (actual rows=181985 loops=1)
              Merge Cond: (e1.id = e2.managerid)
              Buffers: shared hit=1671, temp read=540 written=541
              ->  Index Scan using employee_pkey on employee e1  (cost=0.29..3305.29 rows=100000 width=13) (actual rows=100000 loops=1)
                    Buffers: shared hit=973
              ->  Sort  (cost=10002.82..10252.82 rows=100000 width=8) (actual rows=100000 loops=1)
                    Sort Key: e2.managerid
                    Sort Method: external sort  Disk: 2160kB
                    Buffers: shared hit=698, temp read=540 written=541
                    ->  Seq Scan on employee e2  (cost=0.00..1698.00 rows=100000 width=8) (actual rows=100000 loops=1)
                          Buffers: shared hit=698
Planning:
  Buffers: shared hit=9
Planning Time: 0.170 ms
Execution Time: 180.832 ms",179.94,180.832,182.2425,183.0606,17141.39,17141.39,10819,10819,10819,10819,normal,not normal,10.988901500000024,21.776640700000033,equal variances,not significant,0.15476190476190477,-1.5738000000000056,-0.3499999999999943,-863.5,0,True
294,570,115,Medium,"select t_cte_7.c_name0 as name from (select a.name as c_name0, a.id as c_id0 from schema_570.employee as a) as t_cte_7 inner join (select count(t_employee_0.id) as c_count0, t_employee_0.managerid as c_managerid0 from schema_570.employee as t_employee_0 group by t_employee_0.managerid) as t_cte_18 on 5 <= t_cte_18.c_count0 where t_cte_7.c_id0 = t_cte_18.c_managerid0",44.771,4489.24,10819,"Hash Join  (cost=2528.73..4489.24 rows=5512 width=9) (actual rows=10819 loops=1)
  Hash Cond: (a.id = t_cte_18.c_managerid0)
  Buffers: shared hit=1396
  ->  Seq Scan on employee a  (cost=0.00..1698.00 rows=100000 width=13) (actual rows=100000 loops=1)
        Buffers: shared hit=698
  ->  Hash  (cost=2459.83..2459.83 rows=5512 width=4) (actual rows=10819 loops=1)
        Buckets: 16384 (originally 8192)  Batches: 1 (originally 1)  Memory Usage: 509kB
        Buffers: shared hit=698
        ->  Subquery Scan on t_cte_18  (cost=2198.00..2459.83 rows=5512 width=4) (actual rows=10819 loops=1)
              Buffers: shared hit=698
              ->  HashAggregate  (cost=2198.00..2404.71 rows=5512 width=12) (actual rows=10819 loops=1)
                    Group Key: t_employee_0.managerid
                    Filter: (5 <= count(t_employee_0.id))
                    Batches: 1  Memory Usage: 2321kB
                    Rows Removed by Filter: 7196
                    Buffers: shared hit=698
                    ->  Seq Scan on employee t_employee_0  (cost=0.00..1698.00 rows=100000 width=8) (actual rows=100000 loops=1)
                          Buffers: shared hit=698
Planning Time: 0.114 ms
Execution Time: 44.771 ms",53.398,4489.24,10819,"Hash Join  (cost=2528.73..4489.24 rows=5512 width=9) (actual rows=10819 loops=1)
  Hash Cond: (a.id = t_cte_18.c_managerid0)
  Buffers: shared hit=1396
  ->  Seq Scan on employee a  (cost=0.00..1698.00 rows=100000 width=13) (actual rows=100000 loops=1)
        Buffers: shared hit=698
  ->  Hash  (cost=2459.83..2459.83 rows=5512 width=4) (actual rows=10819 loops=1)
        Buckets: 16384 (originally 8192)  Batches: 1 (originally 1)  Memory Usage: 509kB
        Buffers: shared hit=698
        ->  Subquery Scan on t_cte_18  (cost=2198.00..2459.83 rows=5512 width=4) (actual rows=10819 loops=1)
              Buffers: shared hit=698
              ->  HashAggregate  (cost=2198.00..2404.71 rows=5512 width=12) (actual rows=10819 loops=1)
                    Group Key: t_employee_0.managerid
                    Filter: (5 <= count(t_employee_0.id))
                    Batches: 1  Memory Usage: 2321kB
                    Rows Removed by Filter: 7196
                    Buffers: shared hit=698
                    ->  Seq Scan on employee t_employee_0  (cost=0.00..1698.00 rows=100000 width=8) (actual rows=100000 loops=1)
                          Buffers: shared hit=698
Planning Time: 0.215 ms
Execution Time: 53.398 ms",54.885,4489.24,10819,"Hash Join  (cost=2528.73..4489.24 rows=5512 width=9) (actual rows=10819 loops=1)
  Hash Cond: (a.id = t_cte_18.c_managerid0)
  Buffers: shared hit=1396
  ->  Seq Scan on employee a  (cost=0.00..1698.00 rows=100000 width=13) (actual rows=100000 loops=1)
        Buffers: shared hit=698
  ->  Hash  (cost=2459.83..2459.83 rows=5512 width=4) (actual rows=10819 loops=1)
        Buckets: 16384 (originally 8192)  Batches: 1 (originally 1)  Memory Usage: 509kB
        Buffers: shared hit=698
        ->  Subquery Scan on t_cte_18  (cost=2198.00..2459.83 rows=5512 width=4) (actual rows=10819 loops=1)
              Buffers: shared hit=698
              ->  HashAggregate  (cost=2198.00..2404.71 rows=5512 width=12) (actual rows=10819 loops=1)
                    Group Key: t_employee_0.managerid
                    Filter: (5 <= count(t_employee_0.id))
                    Batches: 1  Memory Usage: 2321kB
                    Rows Removed by Filter: 7196
                    Buffers: shared hit=698
                    ->  Seq Scan on employee t_employee_0  (cost=0.00..1698.00 rows=100000 width=8) (actual rows=100000 loops=1)
                          Buffers: shared hit=698
Planning Time: 0.177 ms
Execution Time: 54.885 ms",52.833,4489.24,10819,"Hash Join  (cost=2528.73..4489.24 rows=5512 width=9) (actual rows=10819 loops=1)
  Hash Cond: (a.id = t_cte_18.c_managerid0)
  Buffers: shared hit=1396
  ->  Seq Scan on employee a  (cost=0.00..1698.00 rows=100000 width=13) (actual rows=100000 loops=1)
        Buffers: shared hit=698
  ->  Hash  (cost=2459.83..2459.83 rows=5512 width=4) (actual rows=10819 loops=1)
        Buckets: 16384 (originally 8192)  Batches: 1 (originally 1)  Memory Usage: 509kB
        Buffers: shared hit=698
        ->  Subquery Scan on t_cte_18  (cost=2198.00..2459.83 rows=5512 width=4) (actual rows=10819 loops=1)
              Buffers: shared hit=698
              ->  HashAggregate  (cost=2198.00..2404.71 rows=5512 width=12) (actual rows=10819 loops=1)
                    Group Key: t_employee_0.managerid
                    Filter: (5 <= count(t_employee_0.id))
                    Batches: 1  Memory Usage: 2321kB
                    Rows Removed by Filter: 7196
                    Buffers: shared hit=698
                    ->  Seq Scan on employee t_employee_0  (cost=0.00..1698.00 rows=100000 width=8) (actual rows=100000 loops=1)
                          Buffers: shared hit=698
Planning Time: 0.160 ms
Execution Time: 52.833 ms",50.908,4489.24,10819,"Hash Join  (cost=2528.73..4489.24 rows=5512 width=9) (actual rows=10819 loops=1)
  Hash Cond: (a.id = t_cte_18.c_managerid0)
  Buffers: shared hit=1396
  ->  Seq Scan on employee a  (cost=0.00..1698.00 rows=100000 width=13) (actual rows=100000 loops=1)
        Buffers: shared hit=698
  ->  Hash  (cost=2459.83..2459.83 rows=5512 width=4) (actual rows=10819 loops=1)
        Buckets: 16384 (originally 8192)  Batches: 1 (originally 1)  Memory Usage: 509kB
        Buffers: shared hit=698
        ->  Subquery Scan on t_cte_18  (cost=2198.00..2459.83 rows=5512 width=4) (actual rows=10819 loops=1)
              Buffers: shared hit=698
              ->  HashAggregate  (cost=2198.00..2404.71 rows=5512 width=12) (actual rows=10819 loops=1)
                    Group Key: t_employee_0.managerid
                    Filter: (5 <= count(t_employee_0.id))
                    Batches: 1  Memory Usage: 2321kB
                    Rows Removed by Filter: 7196
                    Buffers: shared hit=698
                    ->  Seq Scan on employee t_employee_0  (cost=0.00..1698.00 rows=100000 width=8) (actual rows=100000 loops=1)
                          Buffers: shared hit=698
Planning Time: 0.162 ms
Execution Time: 50.908 ms",51.359,52.833,54.1415,55.4798,4489.24,4489.24,10819,10819,10819,10819,570_115,294,570,115,Medium,select a.name from schema_570.employee as a join (select managerid from schema_570.employee group by managerid having count(distinct id) >= 5) as b on a.id = b.managerid,92.021,13044.06,10819,"Hash Join  (cost=11083.55..13044.06 rows=5512 width=9) (actual rows=10819 loops=1)
  Hash Cond: (a.id = employee.managerid)
  Buffers: shared hit=1396, temp read=221 written=222
  ->  Seq Scan on employee a  (cost=0.00..1698.00 rows=100000 width=13) (actual rows=100000 loops=1)
        Buffers: shared hit=698
  ->  Hash  (cost=11014.65..11014.65 rows=5512 width=4) (actual rows=10819 loops=1)
        Buckets: 16384 (originally 8192)  Batches: 1 (originally 1)  Memory Usage: 509kB
        Buffers: shared hit=698, temp read=221 written=222
        ->  GroupAggregate  (cost=10002.82..10959.53 rows=5512 width=4) (actual rows=10819 loops=1)
              Group Key: employee.managerid
              Filter: (count(DISTINCT employee.id) >= 5)
              Rows Removed by Filter: 7196
              Buffers: shared hit=698, temp read=221 written=222
              ->  Sort  (cost=10002.82..10252.82 rows=100000 width=8) (actual rows=100000 loops=1)
                    Sort Key: employee.managerid
                    Sort Method: external merge  Disk: 1768kB
                    Buffers: shared hit=698, temp read=221 written=222
                    ->  Seq Scan on employee  (cost=0.00..1698.00 rows=100000 width=8) (actual rows=100000 loops=1)
                          Buffers: shared hit=698
Planning Time: 0.107 ms
Execution Time: 92.021 ms",102.045,13044.06,10819,"Hash Join  (cost=11083.55..13044.06 rows=5512 width=9) (actual rows=10819 loops=1)
  Hash Cond: (a.id = employee.managerid)
  Buffers: shared hit=1396, temp read=221 written=222
  ->  Seq Scan on employee a  (cost=0.00..1698.00 rows=100000 width=13) (actual rows=100000 loops=1)
        Buffers: shared hit=698
  ->  Hash  (cost=11014.65..11014.65 rows=5512 width=4) (actual rows=10819 loops=1)
        Buckets: 16384 (originally 8192)  Batches: 1 (originally 1)  Memory Usage: 509kB
        Buffers: shared hit=698, temp read=221 written=222
        ->  GroupAggregate  (cost=10002.82..10959.53 rows=5512 width=4) (actual rows=10819 loops=1)
              Group Key: employee.managerid
              Filter: (count(DISTINCT employee.id) >= 5)
              Rows Removed by Filter: 7196
              Buffers: shared hit=698, temp read=221 written=222
              ->  Sort  (cost=10002.82..10252.82 rows=100000 width=8) (actual rows=100000 loops=1)
                    Sort Key: employee.managerid
                    Sort Method: external merge  Disk: 1768kB
                    Buffers: shared hit=698, temp read=221 written=222
                    ->  Seq Scan on employee  (cost=0.00..1698.00 rows=100000 width=8) (actual rows=100000 loops=1)
                          Buffers: shared hit=698
Planning Time: 0.170 ms
Execution Time: 102.045 ms",102.487,13044.06,10819,"Hash Join  (cost=11083.55..13044.06 rows=5512 width=9) (actual rows=10819 loops=1)
  Hash Cond: (a.id = employee.managerid)
  Buffers: shared hit=1396, temp read=221 written=222
  ->  Seq Scan on employee a  (cost=0.00..1698.00 rows=100000 width=13) (actual rows=100000 loops=1)
        Buffers: shared hit=698
  ->  Hash  (cost=11014.65..11014.65 rows=5512 width=4) (actual rows=10819 loops=1)
        Buckets: 16384 (originally 8192)  Batches: 1 (originally 1)  Memory Usage: 509kB
        Buffers: shared hit=698, temp read=221 written=222
        ->  GroupAggregate  (cost=10002.82..10959.53 rows=5512 width=4) (actual rows=10819 loops=1)
              Group Key: employee.managerid
              Filter: (count(DISTINCT employee.id) >= 5)
              Rows Removed by Filter: 7196
              Buffers: shared hit=698, temp read=221 written=222
              ->  Sort  (cost=10002.82..10252.82 rows=100000 width=8) (actual rows=100000 loops=1)
                    Sort Key: employee.managerid
                    Sort Method: external merge  Disk: 1768kB
                    Buffers: shared hit=698, temp read=221 written=222
                    ->  Seq Scan on employee  (cost=0.00..1698.00 rows=100000 width=8) (actual rows=100000 loops=1)
                          Buffers: shared hit=698
Planning Time: 0.151 ms
Execution Time: 102.487 ms",96.868,13044.06,10819,"Hash Join  (cost=11083.55..13044.06 rows=5512 width=9) (actual rows=10819 loops=1)
  Hash Cond: (a.id = employee.managerid)
  Buffers: shared hit=1396, temp read=221 written=222
  ->  Seq Scan on employee a  (cost=0.00..1698.00 rows=100000 width=13) (actual rows=100000 loops=1)
        Buffers: shared hit=698
  ->  Hash  (cost=11014.65..11014.65 rows=5512 width=4) (actual rows=10819 loops=1)
        Buckets: 16384 (originally 8192)  Batches: 1 (originally 1)  Memory Usage: 509kB
        Buffers: shared hit=698, temp read=221 written=222
        ->  GroupAggregate  (cost=10002.82..10959.53 rows=5512 width=4) (actual rows=10819 loops=1)
              Group Key: employee.managerid
              Filter: (count(DISTINCT employee.id) >= 5)
              Rows Removed by Filter: 7196
              Buffers: shared hit=698, temp read=221 written=222
              ->  Sort  (cost=10002.82..10252.82 rows=100000 width=8) (actual rows=100000 loops=1)
                    Sort Key: employee.managerid
                    Sort Method: external merge  Disk: 1768kB
                    Buffers: shared hit=698, temp read=221 written=222
                    ->  Seq Scan on employee  (cost=0.00..1698.00 rows=100000 width=8) (actual rows=100000 loops=1)
                          Buffers: shared hit=698
Planning Time: 0.129 ms
Execution Time: 96.868 ms",96.596,13044.06,10819,"Hash Join  (cost=11083.55..13044.06 rows=5512 width=9) (actual rows=10819 loops=1)
  Hash Cond: (a.id = employee.managerid)
  Buffers: shared hit=1396, temp read=221 written=222
  ->  Seq Scan on employee a  (cost=0.00..1698.00 rows=100000 width=13) (actual rows=100000 loops=1)
        Buffers: shared hit=698
  ->  Hash  (cost=11014.65..11014.65 rows=5512 width=4) (actual rows=10819 loops=1)
        Buckets: 16384 (originally 8192)  Batches: 1 (originally 1)  Memory Usage: 509kB
        Buffers: shared hit=698, temp read=221 written=222
        ->  GroupAggregate  (cost=10002.82..10959.53 rows=5512 width=4) (actual rows=10819 loops=1)
              Group Key: employee.managerid
              Filter: (count(DISTINCT employee.id) >= 5)
              Rows Removed by Filter: 7196
              Buffers: shared hit=698, temp read=221 written=222
              ->  Sort  (cost=10002.82..10252.82 rows=100000 width=8) (actual rows=100000 loops=1)
                    Sort Key: employee.managerid
                    Sort Method: external merge  Disk: 1768kB
                    Buffers: shared hit=698, temp read=221 written=222
                    ->  Seq Scan on employee  (cost=0.00..1698.00 rows=100000 width=8) (actual rows=100000 loops=1)
                          Buffers: shared hit=698
Planning Time: 0.213 ms
Execution Time: 96.596 ms",98.0034,96.868,102.266,102.6638,13044.06,13044.06,10819,10819,10819,10819,normal,normal,18.874054299999987,15.592004499999996,equal variances,significant,0.003968253968253968,-46.6444,-44.035,-8554.82,0,True
311,585,231,Medium,"select sum(sub.c_tiv_20160) as tiv_2016 from (select t_insurance_0.tiv_2016 as c_tiv_20160, count(t_insurance_0.tiv_2015) over ( partition by t_insurance_0.tiv_2015 ) as c_0, count(t_insurance_0.lon) over ( partition by t_insurance_0.lat,t_insurance_0.lon ) as c_1 from schema_585.insurance as t_insurance_0) as sub where 1 < sub.c_0 and sub.c_1 = 1",231.776,27942.07,1,"Aggregate  (cost=27942.06..27942.07 rows=1 width=32) (actual rows=1 loops=1)
  Buffers: shared hit=637, temp read=881 written=885
  ->  Subquery Scan on sub  (cost=24691.64..27941.64 rows=167 width=5) (actual rows=0 loops=1)
        Filter: ((1 < sub.c_0) AND (sub.c_1 = 1))
        Rows Removed by Filter: 100000
        Buffers: shared hit=637, temp read=881 written=885
        ->  WindowAgg  (cost=24691.64..26441.64 rows=100000 width=34) (actual rows=100000 loops=1)
              Buffers: shared hit=637, temp read=881 written=885
              ->  Sort  (cost=24691.64..24941.64 rows=100000 width=26) (actual rows=100000 loops=1)
                    Sort Key: t_insurance_0.tiv_2015
                    Sort Method: external merge  Disk: 4104kB
                    Buffers: shared hit=637, temp read=881 written=885
                    ->  WindowAgg  (cost=11992.82..13992.82 rows=100000 width=26) (actual rows=100000 loops=1)
                          Buffers: shared hit=637, temp read=368 written=370
                          ->  Sort  (cost=11992.82..12242.82 rows=100000 width=18) (actual rows=100000 loops=1)
                                Sort Key: t_insurance_0.lat, t_insurance_0.lon
                                Sort Method: external merge  Disk: 2944kB
                                Buffers: shared hit=637, temp read=368 written=370
                                ->  Seq Scan on insurance t_insurance_0  (cost=0.00..1637.00 rows=100000 width=18) (actual rows=100000 loops=1)
                                      Buffers: shared hit=637
Planning Time: 0.074 ms
Execution Time: 231.776 ms",239.11,27942.07,1,"Aggregate  (cost=27942.06..27942.07 rows=1 width=32) (actual rows=1 loops=1)
  Buffers: shared hit=637, temp read=881 written=885
  ->  Subquery Scan on sub  (cost=24691.64..27941.64 rows=167 width=5) (actual rows=0 loops=1)
        Filter: ((1 < sub.c_0) AND (sub.c_1 = 1))
        Rows Removed by Filter: 100000
        Buffers: shared hit=637, temp read=881 written=885
        ->  WindowAgg  (cost=24691.64..26441.64 rows=100000 width=34) (actual rows=100000 loops=1)
              Buffers: shared hit=637, temp read=881 written=885
              ->  Sort  (cost=24691.64..24941.64 rows=100000 width=26) (actual rows=100000 loops=1)
                    Sort Key: t_insurance_0.tiv_2015
                    Sort Method: external merge  Disk: 4104kB
                    Buffers: shared hit=637, temp read=881 written=885
                    ->  WindowAgg  (cost=11992.82..13992.82 rows=100000 width=26) (actual rows=100000 loops=1)
                          Buffers: shared hit=637, temp read=368 written=370
                          ->  Sort  (cost=11992.82..12242.82 rows=100000 width=18) (actual rows=100000 loops=1)
                                Sort Key: t_insurance_0.lat, t_insurance_0.lon
                                Sort Method: external merge  Disk: 2944kB
                                Buffers: shared hit=637, temp read=368 written=370
                                ->  Seq Scan on insurance t_insurance_0  (cost=0.00..1637.00 rows=100000 width=18) (actual rows=100000 loops=1)
                                      Buffers: shared hit=637
Planning Time: 0.156 ms
Execution Time: 239.110 ms",242.163,27942.07,1,"Aggregate  (cost=27942.06..27942.07 rows=1 width=32) (actual rows=1 loops=1)
  Buffers: shared hit=637, temp read=881 written=885
  ->  Subquery Scan on sub  (cost=24691.64..27941.64 rows=167 width=5) (actual rows=0 loops=1)
        Filter: ((1 < sub.c_0) AND (sub.c_1 = 1))
        Rows Removed by Filter: 100000
        Buffers: shared hit=637, temp read=881 written=885
        ->  WindowAgg  (cost=24691.64..26441.64 rows=100000 width=34) (actual rows=100000 loops=1)
              Buffers: shared hit=637, temp read=881 written=885
              ->  Sort  (cost=24691.64..24941.64 rows=100000 width=26) (actual rows=100000 loops=1)
                    Sort Key: t_insurance_0.tiv_2015
                    Sort Method: external merge  Disk: 4104kB
                    Buffers: shared hit=637, temp read=881 written=885
                    ->  WindowAgg  (cost=11992.82..13992.82 rows=100000 width=26) (actual rows=100000 loops=1)
                          Buffers: shared hit=637, temp read=368 written=370
                          ->  Sort  (cost=11992.82..12242.82 rows=100000 width=18) (actual rows=100000 loops=1)
                                Sort Key: t_insurance_0.lat, t_insurance_0.lon
                                Sort Method: external merge  Disk: 2944kB
                                Buffers: shared hit=637, temp read=368 written=370
                                ->  Seq Scan on insurance t_insurance_0  (cost=0.00..1637.00 rows=100000 width=18) (actual rows=100000 loops=1)
                                      Buffers: shared hit=637
Planning Time: 0.081 ms
Execution Time: 242.163 ms",247.048,27942.07,1,"Aggregate  (cost=27942.06..27942.07 rows=1 width=32) (actual rows=1 loops=1)
  Buffers: shared hit=637, temp read=881 written=885
  ->  Subquery Scan on sub  (cost=24691.64..27941.64 rows=167 width=5) (actual rows=0 loops=1)
        Filter: ((1 < sub.c_0) AND (sub.c_1 = 1))
        Rows Removed by Filter: 100000
        Buffers: shared hit=637, temp read=881 written=885
        ->  WindowAgg  (cost=24691.64..26441.64 rows=100000 width=34) (actual rows=100000 loops=1)
              Buffers: shared hit=637, temp read=881 written=885
              ->  Sort  (cost=24691.64..24941.64 rows=100000 width=26) (actual rows=100000 loops=1)
                    Sort Key: t_insurance_0.tiv_2015
                    Sort Method: external merge  Disk: 4104kB
                    Buffers: shared hit=637, temp read=881 written=885
                    ->  WindowAgg  (cost=11992.82..13992.82 rows=100000 width=26) (actual rows=100000 loops=1)
                          Buffers: shared hit=637, temp read=368 written=370
                          ->  Sort  (cost=11992.82..12242.82 rows=100000 width=18) (actual rows=100000 loops=1)
                                Sort Key: t_insurance_0.lat, t_insurance_0.lon
                                Sort Method: external merge  Disk: 2944kB
                                Buffers: shared hit=637, temp read=368 written=370
                                ->  Seq Scan on insurance t_insurance_0  (cost=0.00..1637.00 rows=100000 width=18) (actual rows=100000 loops=1)
                                      Buffers: shared hit=637
Planning Time: 0.111 ms
Execution Time: 247.048 ms",242.164,27942.07,1,"Aggregate  (cost=27942.06..27942.07 rows=1 width=32) (actual rows=1 loops=1)
  Buffers: shared hit=637, temp read=881 written=885
  ->  Subquery Scan on sub  (cost=24691.64..27941.64 rows=167 width=5) (actual rows=0 loops=1)
        Filter: ((1 < sub.c_0) AND (sub.c_1 = 1))
        Rows Removed by Filter: 100000
        Buffers: shared hit=637, temp read=881 written=885
        ->  WindowAgg  (cost=24691.64..26441.64 rows=100000 width=34) (actual rows=100000 loops=1)
              Buffers: shared hit=637, temp read=881 written=885
              ->  Sort  (cost=24691.64..24941.64 rows=100000 width=26) (actual rows=100000 loops=1)
                    Sort Key: t_insurance_0.tiv_2015
                    Sort Method: external merge  Disk: 4104kB
                    Buffers: shared hit=637, temp read=881 written=885
                    ->  WindowAgg  (cost=11992.82..13992.82 rows=100000 width=26) (actual rows=100000 loops=1)
                          Buffers: shared hit=637, temp read=368 written=370
                          ->  Sort  (cost=11992.82..12242.82 rows=100000 width=18) (actual rows=100000 loops=1)
                                Sort Key: t_insurance_0.lat, t_insurance_0.lon
                                Sort Method: external merge  Disk: 2944kB
                                Buffers: shared hit=637, temp read=368 written=370
                                ->  Seq Scan on insurance t_insurance_0  (cost=0.00..1637.00 rows=100000 width=18) (actual rows=100000 loops=1)
                                      Buffers: shared hit=637
Planning Time: 0.118 ms
Execution Time: 242.164 ms",240.4522,242.163,244.606,249.0016,27942.07,27942.07,1,1,1,1,585_231,311,585,231,Medium,"select sum(tiv_2016) as tiv_2016 from (select tiv_2015, tiv_2016, lat, lon, count(tiv_2015) over (partition by tiv_2015) as cnt_tiv_2015, count(lat) over (partition by lat, lon) as cnt_lat, count(lon) over (partition by lat, lon) as cnt_lon from schema_585.insurance) as sub where (cnt_tiv_2015 > 1 and cnt_lat = 1 and cnt_lon = 1)",237.622,28784.66,1,"Aggregate  (cost=28784.65..28784.66 rows=1 width=32) (actual rows=1 loops=1)
  Buffers: shared hit=637, temp read=979 written=983
  ->  Subquery Scan on sub  (cost=25284.64..28784.64 rows=1 width=5) (actual rows=0 loops=1)
        Filter: ((sub.cnt_tiv_2015 > 1) AND (sub.cnt_lat = 1) AND (sub.cnt_lon = 1))
        Rows Removed by Filter: 100000
        Buffers: shared hit=637, temp read=979 written=983
        ->  WindowAgg  (cost=25284.64..27034.64 rows=100000 width=42) (actual rows=100000 loops=1)
              Buffers: shared hit=637, temp read=979 written=983
              ->  Sort  (cost=25284.64..25534.64 rows=100000 width=34) (actual rows=100000 loops=1)
                    Sort Key: insurance.tiv_2015
                    Sort Method: external merge  Disk: 4888kB
                    Buffers: shared hit=637, temp read=979 written=983
                    ->  WindowAgg  (cost=11992.82..14242.82 rows=100000 width=34) (actual rows=100000 loops=1)
                          Buffers: shared hit=637, temp read=368 written=370
                          ->  Sort  (cost=11992.82..12242.82 rows=100000 width=18) (actual rows=100000 loops=1)
                                Sort Key: insurance.lat, insurance.lon
                                Sort Method: external merge  Disk: 2944kB
                                Buffers: shared hit=637, temp read=368 written=370
                                ->  Seq Scan on insurance  (cost=0.00..1637.00 rows=100000 width=18) (actual rows=100000 loops=1)
                                      Buffers: shared hit=637
Planning Time: 0.107 ms
Execution Time: 237.622 ms",246.761,28784.66,1,"Aggregate  (cost=28784.65..28784.66 rows=1 width=32) (actual rows=1 loops=1)
  Buffers: shared hit=637, temp read=979 written=983
  ->  Subquery Scan on sub  (cost=25284.64..28784.64 rows=1 width=5) (actual rows=0 loops=1)
        Filter: ((sub.cnt_tiv_2015 > 1) AND (sub.cnt_lat = 1) AND (sub.cnt_lon = 1))
        Rows Removed by Filter: 100000
        Buffers: shared hit=637, temp read=979 written=983
        ->  WindowAgg  (cost=25284.64..27034.64 rows=100000 width=42) (actual rows=100000 loops=1)
              Buffers: shared hit=637, temp read=979 written=983
              ->  Sort  (cost=25284.64..25534.64 rows=100000 width=34) (actual rows=100000 loops=1)
                    Sort Key: insurance.tiv_2015
                    Sort Method: external merge  Disk: 4888kB
                    Buffers: shared hit=637, temp read=979 written=983
                    ->  WindowAgg  (cost=11992.82..14242.82 rows=100000 width=34) (actual rows=100000 loops=1)
                          Buffers: shared hit=637, temp read=368 written=370
                          ->  Sort  (cost=11992.82..12242.82 rows=100000 width=18) (actual rows=100000 loops=1)
                                Sort Key: insurance.lat, insurance.lon
                                Sort Method: external merge  Disk: 2944kB
                                Buffers: shared hit=637, temp read=368 written=370
                                ->  Seq Scan on insurance  (cost=0.00..1637.00 rows=100000 width=18) (actual rows=100000 loops=1)
                                      Buffers: shared hit=637
Planning Time: 0.129 ms
Execution Time: 246.761 ms",246.32,28784.66,1,"Aggregate  (cost=28784.65..28784.66 rows=1 width=32) (actual rows=1 loops=1)
  Buffers: shared hit=637, temp read=979 written=983
  ->  Subquery Scan on sub  (cost=25284.64..28784.64 rows=1 width=5) (actual rows=0 loops=1)
        Filter: ((sub.cnt_tiv_2015 > 1) AND (sub.cnt_lat = 1) AND (sub.cnt_lon = 1))
        Rows Removed by Filter: 100000
        Buffers: shared hit=637, temp read=979 written=983
        ->  WindowAgg  (cost=25284.64..27034.64 rows=100000 width=42) (actual rows=100000 loops=1)
              Buffers: shared hit=637, temp read=979 written=983
              ->  Sort  (cost=25284.64..25534.64 rows=100000 width=34) (actual rows=100000 loops=1)
                    Sort Key: insurance.tiv_2015
                    Sort Method: external merge  Disk: 4888kB
                    Buffers: shared hit=637, temp read=979 written=983
                    ->  WindowAgg  (cost=11992.82..14242.82 rows=100000 width=34) (actual rows=100000 loops=1)
                          Buffers: shared hit=637, temp read=368 written=370
                          ->  Sort  (cost=11992.82..12242.82 rows=100000 width=18) (actual rows=100000 loops=1)
                                Sort Key: insurance.lat, insurance.lon
                                Sort Method: external merge  Disk: 2944kB
                                Buffers: shared hit=637, temp read=368 written=370
                                ->  Seq Scan on insurance  (cost=0.00..1637.00 rows=100000 width=18) (actual rows=100000 loops=1)
                                      Buffers: shared hit=637
Planning Time: 0.176 ms
Execution Time: 246.320 ms",245.287,28784.66,1,"Aggregate  (cost=28784.65..28784.66 rows=1 width=32) (actual rows=1 loops=1)
  Buffers: shared hit=637, temp read=979 written=983
  ->  Subquery Scan on sub  (cost=25284.64..28784.64 rows=1 width=5) (actual rows=0 loops=1)
        Filter: ((sub.cnt_tiv_2015 > 1) AND (sub.cnt_lat = 1) AND (sub.cnt_lon = 1))
        Rows Removed by Filter: 100000
        Buffers: shared hit=637, temp read=979 written=983
        ->  WindowAgg  (cost=25284.64..27034.64 rows=100000 width=42) (actual rows=100000 loops=1)
              Buffers: shared hit=637, temp read=979 written=983
              ->  Sort  (cost=25284.64..25534.64 rows=100000 width=34) (actual rows=100000 loops=1)
                    Sort Key: insurance.tiv_2015
                    Sort Method: external merge  Disk: 4888kB
                    Buffers: shared hit=637, temp read=979 written=983
                    ->  WindowAgg  (cost=11992.82..14242.82 rows=100000 width=34) (actual rows=100000 loops=1)
                          Buffers: shared hit=637, temp read=368 written=370
                          ->  Sort  (cost=11992.82..12242.82 rows=100000 width=18) (actual rows=100000 loops=1)
                                Sort Key: insurance.lat, insurance.lon
                                Sort Method: external merge  Disk: 2944kB
                                Buffers: shared hit=637, temp read=368 written=370
                                ->  Seq Scan on insurance  (cost=0.00..1637.00 rows=100000 width=18) (actual rows=100000 loops=1)
                                      Buffers: shared hit=637
Planning Time: 0.153 ms
Execution Time: 245.287 ms",246.111,28784.66,1,"Aggregate  (cost=28784.65..28784.66 rows=1 width=32) (actual rows=1 loops=1)
  Buffers: shared hit=637, temp read=979 written=983
  ->  Subquery Scan on sub  (cost=25284.64..28784.64 rows=1 width=5) (actual rows=0 loops=1)
        Filter: ((sub.cnt_tiv_2015 > 1) AND (sub.cnt_lat = 1) AND (sub.cnt_lon = 1))
        Rows Removed by Filter: 100000
        Buffers: shared hit=637, temp read=979 written=983
        ->  WindowAgg  (cost=25284.64..27034.64 rows=100000 width=42) (actual rows=100000 loops=1)
              Buffers: shared hit=637, temp read=979 written=983
              ->  Sort  (cost=25284.64..25534.64 rows=100000 width=34) (actual rows=100000 loops=1)
                    Sort Key: insurance.tiv_2015
                    Sort Method: external merge  Disk: 4888kB
                    Buffers: shared hit=637, temp read=979 written=983
                    ->  WindowAgg  (cost=11992.82..14242.82 rows=100000 width=34) (actual rows=100000 loops=1)
                          Buffers: shared hit=637, temp read=368 written=370
                          ->  Sort  (cost=11992.82..12242.82 rows=100000 width=18) (actual rows=100000 loops=1)
                                Sort Key: insurance.lat, insurance.lon
                                Sort Method: external merge  Disk: 2944kB
                                Buffers: shared hit=637, temp read=368 written=370
                                ->  Seq Scan on insurance  (cost=0.00..1637.00 rows=100000 width=18) (actual rows=100000 loops=1)
                                      Buffers: shared hit=637
Planning Time: 0.147 ms
Execution Time: 246.111 ms",244.4202,246.111,246.5405,246.9374,28784.66,28784.66,1,1,1,1,not normal,normal,14.728563699999935,31.60990519999995,equal variances,not significant,0.21031746031746032,-3.9679999999999893,-3.947999999999979,-842.5900000000001,0,True
312,596,2,Easy,select t_courses_0.class as class from schema_596.courses as t_courses_0 group by t_courses_0.class having 5 <= count(t_courses_0.student),32.474,2272.85,11299,"HashAggregate  (cost=2041.02..2272.85 rows=6182 width=7) (actual rows=11299 loops=1)
  Group Key: class
  Filter: (5 <= count(student))
  Batches: 1  Memory Usage: 2577kB
  Rows Removed by Filter: 8569
  Buffers: shared hit=541
  ->  Seq Scan on courses t_courses_0  (cost=0.00..1541.01 rows=100001 width=12) (actual rows=100000 loops=1)
        Buffers: shared hit=541
Planning Time: 0.064 ms
Execution Time: 32.474 ms",41.622,2272.85,11299,"HashAggregate  (cost=2041.02..2272.85 rows=6182 width=7) (actual rows=11299 loops=1)
  Group Key: class
  Filter: (5 <= count(student))
  Batches: 1  Memory Usage: 2577kB
  Rows Removed by Filter: 8569
  Buffers: shared hit=541
  ->  Seq Scan on courses t_courses_0  (cost=0.00..1541.01 rows=100001 width=12) (actual rows=100000 loops=1)
        Buffers: shared hit=541
Planning Time: 0.085 ms
Execution Time: 41.622 ms",36.361,2272.85,11299,"HashAggregate  (cost=2041.02..2272.85 rows=6182 width=7) (actual rows=11299 loops=1)
  Group Key: class
  Filter: (5 <= count(student))
  Batches: 1  Memory Usage: 2577kB
  Rows Removed by Filter: 8569
  Buffers: shared hit=541
  ->  Seq Scan on courses t_courses_0  (cost=0.00..1541.01 rows=100001 width=12) (actual rows=100000 loops=1)
        Buffers: shared hit=541
Planning Time: 0.064 ms
Execution Time: 36.361 ms",40.978,2272.85,11299,"HashAggregate  (cost=2041.02..2272.85 rows=6182 width=7) (actual rows=11299 loops=1)
  Group Key: class
  Filter: (5 <= count(student))
  Batches: 1  Memory Usage: 2577kB
  Rows Removed by Filter: 8569
  Buffers: shared hit=541
  ->  Seq Scan on courses t_courses_0  (cost=0.00..1541.01 rows=100001 width=12) (actual rows=100000 loops=1)
        Buffers: shared hit=541
Planning Time: 0.067 ms
Execution Time: 40.978 ms",40.752,2272.85,11299,"HashAggregate  (cost=2041.02..2272.85 rows=6182 width=7) (actual rows=11299 loops=1)
  Group Key: class
  Filter: (5 <= count(student))
  Batches: 1  Memory Usage: 2577kB
  Rows Removed by Filter: 8569
  Buffers: shared hit=541
  ->  Seq Scan on courses t_courses_0  (cost=0.00..1541.01 rows=100001 width=12) (actual rows=100000 loops=1)
        Buffers: shared hit=541
Planning Time: 0.070 ms
Execution Time: 40.752 ms",38.4374,40.752,41.3,41.8796,2272.85,2272.85,11299,11299,11299,11299,596_2,312,596,2,Easy,select class from schema_596.courses group by class having count(distinct student) >= 5,295.448,10827.77,11299,"GroupAggregate  (cost=9845.92..10827.77 rows=6182 width=7) (actual rows=11299 loops=1)
  Group Key: class
  Filter: (count(DISTINCT student) >= 5)
  Rows Removed by Filter: 8569
  Buffers: shared hit=541, temp read=287 written=288
  ->  Sort  (cost=9845.92..10095.92 rows=100001 width=12) (actual rows=100000 loops=1)
        Sort Key: class
        Sort Method: external merge  Disk: 2296kB
        Buffers: shared hit=541, temp read=287 written=288
        ->  Seq Scan on courses  (cost=0.00..1541.01 rows=100001 width=12) (actual rows=100000 loops=1)
              Buffers: shared hit=541
Planning Time: 0.063 ms
Execution Time: 295.448 ms",302.973,10827.77,11299,"GroupAggregate  (cost=9845.92..10827.77 rows=6182 width=7) (actual rows=11299 loops=1)
  Group Key: class
  Filter: (count(DISTINCT student) >= 5)
  Rows Removed by Filter: 8569
  Buffers: shared hit=541, temp read=287 written=288
  ->  Sort  (cost=9845.92..10095.92 rows=100001 width=12) (actual rows=100000 loops=1)
        Sort Key: class
        Sort Method: external merge  Disk: 2296kB
        Buffers: shared hit=541, temp read=287 written=288
        ->  Seq Scan on courses  (cost=0.00..1541.01 rows=100001 width=12) (actual rows=100000 loops=1)
              Buffers: shared hit=541
Planning Time: 0.064 ms
Execution Time: 302.973 ms",306.698,10827.77,11299,"GroupAggregate  (cost=9845.92..10827.77 rows=6182 width=7) (actual rows=11299 loops=1)
  Group Key: class
  Filter: (count(DISTINCT student) >= 5)
  Rows Removed by Filter: 8569
  Buffers: shared hit=541, temp read=287 written=288
  ->  Sort  (cost=9845.92..10095.92 rows=100001 width=12) (actual rows=100000 loops=1)
        Sort Key: class
        Sort Method: external merge  Disk: 2296kB
        Buffers: shared hit=541, temp read=287 written=288
        ->  Seq Scan on courses  (cost=0.00..1541.01 rows=100001 width=12) (actual rows=100000 loops=1)
              Buffers: shared hit=541
Planning Time: 0.078 ms
Execution Time: 306.698 ms",302.684,10827.77,11299,"GroupAggregate  (cost=9845.92..10827.77 rows=6182 width=7) (actual rows=11299 loops=1)
  Group Key: class
  Filter: (count(DISTINCT student) >= 5)
  Rows Removed by Filter: 8569
  Buffers: shared hit=541, temp read=287 written=288
  ->  Sort  (cost=9845.92..10095.92 rows=100001 width=12) (actual rows=100000 loops=1)
        Sort Key: class
        Sort Method: external merge  Disk: 2296kB
        Buffers: shared hit=541, temp read=287 written=288
        ->  Seq Scan on courses  (cost=0.00..1541.01 rows=100001 width=12) (actual rows=100000 loops=1)
              Buffers: shared hit=541
Planning Time: 0.073 ms
Execution Time: 302.684 ms",298.718,10827.77,11299,"GroupAggregate  (cost=9845.92..10827.77 rows=6182 width=7) (actual rows=11299 loops=1)
  Group Key: class
  Filter: (count(DISTINCT student) >= 5)
  Rows Removed by Filter: 8569
  Buffers: shared hit=541, temp read=287 written=288
  ->  Sort  (cost=9845.92..10095.92 rows=100001 width=12) (actual rows=100000 loops=1)
        Sort Key: class
        Sort Method: external merge  Disk: 2296kB
        Buffers: shared hit=541, temp read=287 written=288
        ->  Seq Scan on courses  (cost=0.00..1541.01 rows=100001 width=12) (actual rows=100000 loops=1)
              Buffers: shared hit=541
Planning Time: 0.069 ms
Execution Time: 298.718 ms",301.3042,302.684,304.8355,308.188,10827.77,10827.77,11299,11299,11299,11299,normal,normal,18.691332200000012,15.456818800000018,equal variances,significant,0.003968253968253968,-262.8668,-261.932,-8554.92,0,True
313,596,4,Easy,select t_courses_0.class as class from schema_596.courses as t_courses_0 group by t_courses_0.class having 5 <= count(t_courses_0.student),33.17,2272.85,11299,"HashAggregate  (cost=2041.02..2272.85 rows=6182 width=7) (actual rows=11299 loops=1)
  Group Key: class
  Filter: (5 <= count(student))
  Batches: 1  Memory Usage: 2577kB
  Rows Removed by Filter: 8569
  Buffers: shared hit=541
  ->  Seq Scan on courses t_courses_0  (cost=0.00..1541.01 rows=100001 width=12) (actual rows=100000 loops=1)
        Buffers: shared hit=541
Planning Time: 0.075 ms
Execution Time: 33.170 ms",39.308,2272.85,11299,"HashAggregate  (cost=2041.02..2272.85 rows=6182 width=7) (actual rows=11299 loops=1)
  Group Key: class
  Filter: (5 <= count(student))
  Batches: 1  Memory Usage: 2577kB
  Rows Removed by Filter: 8569
  Buffers: shared hit=541
  ->  Seq Scan on courses t_courses_0  (cost=0.00..1541.01 rows=100001 width=12) (actual rows=100000 loops=1)
        Buffers: shared hit=541
Planning Time: 0.072 ms
Execution Time: 39.308 ms",41.069,2272.85,11299,"HashAggregate  (cost=2041.02..2272.85 rows=6182 width=7) (actual rows=11299 loops=1)
  Group Key: class
  Filter: (5 <= count(student))
  Batches: 1  Memory Usage: 2577kB
  Rows Removed by Filter: 8569
  Buffers: shared hit=541
  ->  Seq Scan on courses t_courses_0  (cost=0.00..1541.01 rows=100001 width=12) (actual rows=100000 loops=1)
        Buffers: shared hit=541
Planning Time: 0.073 ms
Execution Time: 41.069 ms",38.857,2272.85,11299,"HashAggregate  (cost=2041.02..2272.85 rows=6182 width=7) (actual rows=11299 loops=1)
  Group Key: class
  Filter: (5 <= count(student))
  Batches: 1  Memory Usage: 2577kB
  Rows Removed by Filter: 8569
  Buffers: shared hit=541
  ->  Seq Scan on courses t_courses_0  (cost=0.00..1541.01 rows=100001 width=12) (actual rows=100000 loops=1)
        Buffers: shared hit=541
Planning Time: 0.089 ms
Execution Time: 38.857 ms",39.866,2272.85,11299,"HashAggregate  (cost=2041.02..2272.85 rows=6182 width=7) (actual rows=11299 loops=1)
  Group Key: class
  Filter: (5 <= count(student))
  Batches: 1  Memory Usage: 2577kB
  Rows Removed by Filter: 8569
  Buffers: shared hit=541
  ->  Seq Scan on courses t_courses_0  (cost=0.00..1541.01 rows=100001 width=12) (actual rows=100000 loops=1)
        Buffers: shared hit=541
Planning Time: 0.117 ms
Execution Time: 39.866 ms",38.454,39.308,40.4675,41.5502,2272.85,2272.85,11299,11299,11299,11299,596_4,313,596,4,Easy,select distinct class from schema_596.courses group by class having count(distinct student) >= 5,306.838,10843.22,11299,"Unique  (cost=9845.92..10843.22 rows=6182 width=7) (actual rows=11299 loops=1)
  Buffers: shared hit=541, temp read=287 written=288
  ->  GroupAggregate  (cost=9845.92..10827.77 rows=6182 width=7) (actual rows=11299 loops=1)
        Group Key: class
        Filter: (count(DISTINCT student) >= 5)
        Rows Removed by Filter: 8569
        Buffers: shared hit=541, temp read=287 written=288
        ->  Sort  (cost=9845.92..10095.92 rows=100001 width=12) (actual rows=100000 loops=1)
              Sort Key: class
              Sort Method: external merge  Disk: 2296kB
              Buffers: shared hit=541, temp read=287 written=288
              ->  Seq Scan on courses  (cost=0.00..1541.01 rows=100001 width=12) (actual rows=100000 loops=1)
                    Buffers: shared hit=541
Planning Time: 0.085 ms
Execution Time: 306.838 ms",314.3,10843.22,11299,"Unique  (cost=9845.92..10843.22 rows=6182 width=7) (actual rows=11299 loops=1)
  Buffers: shared hit=541, temp read=287 written=288
  ->  GroupAggregate  (cost=9845.92..10827.77 rows=6182 width=7) (actual rows=11299 loops=1)
        Group Key: class
        Filter: (count(DISTINCT student) >= 5)
        Rows Removed by Filter: 8569
        Buffers: shared hit=541, temp read=287 written=288
        ->  Sort  (cost=9845.92..10095.92 rows=100001 width=12) (actual rows=100000 loops=1)
              Sort Key: class
              Sort Method: external merge  Disk: 2296kB
              Buffers: shared hit=541, temp read=287 written=288
              ->  Seq Scan on courses  (cost=0.00..1541.01 rows=100001 width=12) (actual rows=100000 loops=1)
                    Buffers: shared hit=541
Planning Time: 0.070 ms
Execution Time: 314.300 ms",307.89,10843.22,11299,"Unique  (cost=9845.92..10843.22 rows=6182 width=7) (actual rows=11299 loops=1)
  Buffers: shared hit=541, temp read=287 written=288
  ->  GroupAggregate  (cost=9845.92..10827.77 rows=6182 width=7) (actual rows=11299 loops=1)
        Group Key: class
        Filter: (count(DISTINCT student) >= 5)
        Rows Removed by Filter: 8569
        Buffers: shared hit=541, temp read=287 written=288
        ->  Sort  (cost=9845.92..10095.92 rows=100001 width=12) (actual rows=100000 loops=1)
              Sort Key: class
              Sort Method: external merge  Disk: 2296kB
              Buffers: shared hit=541, temp read=287 written=288
              ->  Seq Scan on courses  (cost=0.00..1541.01 rows=100001 width=12) (actual rows=100000 loops=1)
                    Buffers: shared hit=541
Planning Time: 0.080 ms
Execution Time: 307.890 ms",307.301,10843.22,11299,"Unique  (cost=9845.92..10843.22 rows=6182 width=7) (actual rows=11299 loops=1)
  Buffers: shared hit=541, temp read=287 written=288
  ->  GroupAggregate  (cost=9845.92..10827.77 rows=6182 width=7) (actual rows=11299 loops=1)
        Group Key: class
        Filter: (count(DISTINCT student) >= 5)
        Rows Removed by Filter: 8569
        Buffers: shared hit=541, temp read=287 written=288
        ->  Sort  (cost=9845.92..10095.92 rows=100001 width=12) (actual rows=100000 loops=1)
              Sort Key: class
              Sort Method: external merge  Disk: 2296kB
              Buffers: shared hit=541, temp read=287 written=288
              ->  Seq Scan on courses  (cost=0.00..1541.01 rows=100001 width=12) (actual rows=100000 loops=1)
                    Buffers: shared hit=541
Planning Time: 0.085 ms
Execution Time: 307.301 ms",311.876,10843.22,11299,"Unique  (cost=9845.92..10843.22 rows=6182 width=7) (actual rows=11299 loops=1)
  Buffers: shared hit=541, temp read=287 written=288
  ->  GroupAggregate  (cost=9845.92..10827.77 rows=6182 width=7) (actual rows=11299 loops=1)
        Group Key: class
        Filter: (count(DISTINCT student) >= 5)
        Rows Removed by Filter: 8569
        Buffers: shared hit=541, temp read=287 written=288
        ->  Sort  (cost=9845.92..10095.92 rows=100001 width=12) (actual rows=100000 loops=1)
              Sort Key: class
              Sort Method: external merge  Disk: 2296kB
              Buffers: shared hit=541, temp read=287 written=288
              ->  Seq Scan on courses  (cost=0.00..1541.01 rows=100001 width=12) (actual rows=100000 loops=1)
                    Buffers: shared hit=541
Planning Time: 0.085 ms
Execution Time: 311.876 ms",309.641,307.89,313.088,315.2696,10843.22,10843.22,11299,11299,11299,11299,normal,normal,10.774978999999995,9.411087499999997,equal variances,significant,0.003968253968253968,-271.187,-268.582,-8570.369999999999,0,True
314,596,6,Easy,select t_courses_0.class as class from schema_596.courses as t_courses_0 group by t_courses_0.class having 5 <= count(t_courses_0.student),42.67,2272.85,11299,"HashAggregate  (cost=2041.02..2272.85 rows=6182 width=7) (actual rows=11299 loops=1)
  Group Key: class
  Filter: (5 <= count(student))
  Batches: 1  Memory Usage: 2577kB
  Rows Removed by Filter: 8569
  Buffers: shared hit=541
  ->  Seq Scan on courses t_courses_0  (cost=0.00..1541.01 rows=100001 width=12) (actual rows=100000 loops=1)
        Buffers: shared hit=541
Planning Time: 0.070 ms
Execution Time: 42.670 ms",47.558,2272.85,11299,"HashAggregate  (cost=2041.02..2272.85 rows=6182 width=7) (actual rows=11299 loops=1)
  Group Key: class
  Filter: (5 <= count(student))
  Batches: 1  Memory Usage: 2577kB
  Rows Removed by Filter: 8569
  Buffers: shared hit=541
  ->  Seq Scan on courses t_courses_0  (cost=0.00..1541.01 rows=100001 width=12) (actual rows=100000 loops=1)
        Buffers: shared hit=541
Planning Time: 0.079 ms
Execution Time: 47.558 ms",38.732,2272.85,11299,"HashAggregate  (cost=2041.02..2272.85 rows=6182 width=7) (actual rows=11299 loops=1)
  Group Key: class
  Filter: (5 <= count(student))
  Batches: 1  Memory Usage: 2577kB
  Rows Removed by Filter: 8569
  Buffers: shared hit=541
  ->  Seq Scan on courses t_courses_0  (cost=0.00..1541.01 rows=100001 width=12) (actual rows=100000 loops=1)
        Buffers: shared hit=541
Planning Time: 0.077 ms
Execution Time: 38.732 ms",48.973,2272.85,11299,"HashAggregate  (cost=2041.02..2272.85 rows=6182 width=7) (actual rows=11299 loops=1)
  Group Key: class
  Filter: (5 <= count(student))
  Batches: 1  Memory Usage: 2577kB
  Rows Removed by Filter: 8569
  Buffers: shared hit=541
  ->  Seq Scan on courses t_courses_0  (cost=0.00..1541.01 rows=100001 width=12) (actual rows=100000 loops=1)
        Buffers: shared hit=541
Planning Time: 0.068 ms
Execution Time: 48.973 ms",48.736,2272.85,11299,"HashAggregate  (cost=2041.02..2272.85 rows=6182 width=7) (actual rows=11299 loops=1)
  Group Key: class
  Filter: (5 <= count(student))
  Batches: 1  Memory Usage: 2577kB
  Rows Removed by Filter: 8569
  Buffers: shared hit=541
  ->  Seq Scan on courses t_courses_0  (cost=0.00..1541.01 rows=100001 width=12) (actual rows=100000 loops=1)
        Buffers: shared hit=541
Planning Time: 0.065 ms
Execution Time: 48.736 ms",45.3338,47.558,48.8545,49.0678,2272.85,2272.85,11299,11299,11299,11299,596_6,314,596,6,Easy,"select a.class from (select class, count(distinct student) as mycount from schema_596.courses group by class) as a where a.mycount >= 5",313.64,10889.59,11299,"Subquery Scan on a  (cost=9845.92..10889.59 rows=6182 width=7) (actual rows=11299 loops=1)
  Buffers: shared hit=541, temp read=287 written=288
  ->  GroupAggregate  (cost=9845.92..10827.77 rows=6182 width=15) (actual rows=11299 loops=1)
        Group Key: courses.class
        Filter: (count(DISTINCT courses.student) >= 5)
        Rows Removed by Filter: 8569
        Buffers: shared hit=541, temp read=287 written=288
        ->  Sort  (cost=9845.92..10095.92 rows=100001 width=12) (actual rows=100000 loops=1)
              Sort Key: courses.class
              Sort Method: external merge  Disk: 2296kB
              Buffers: shared hit=541, temp read=287 written=288
              ->  Seq Scan on courses  (cost=0.00..1541.01 rows=100001 width=12) (actual rows=100000 loops=1)
                    Buffers: shared hit=541
Planning Time: 0.120 ms
Execution Time: 313.640 ms",307.369,10889.59,11299,"Subquery Scan on a  (cost=9845.92..10889.59 rows=6182 width=7) (actual rows=11299 loops=1)
  Buffers: shared hit=541, temp read=287 written=288
  ->  GroupAggregate  (cost=9845.92..10827.77 rows=6182 width=15) (actual rows=11299 loops=1)
        Group Key: courses.class
        Filter: (count(DISTINCT courses.student) >= 5)
        Rows Removed by Filter: 8569
        Buffers: shared hit=541, temp read=287 written=288
        ->  Sort  (cost=9845.92..10095.92 rows=100001 width=12) (actual rows=100000 loops=1)
              Sort Key: courses.class
              Sort Method: external merge  Disk: 2296kB
              Buffers: shared hit=541, temp read=287 written=288
              ->  Seq Scan on courses  (cost=0.00..1541.01 rows=100001 width=12) (actual rows=100000 loops=1)
                    Buffers: shared hit=541
Planning Time: 0.093 ms
Execution Time: 307.369 ms",308.709,10889.59,11299,"Subquery Scan on a  (cost=9845.92..10889.59 rows=6182 width=7) (actual rows=11299 loops=1)
  Buffers: shared hit=541, temp read=287 written=288
  ->  GroupAggregate  (cost=9845.92..10827.77 rows=6182 width=15) (actual rows=11299 loops=1)
        Group Key: courses.class
        Filter: (count(DISTINCT courses.student) >= 5)
        Rows Removed by Filter: 8569
        Buffers: shared hit=541, temp read=287 written=288
        ->  Sort  (cost=9845.92..10095.92 rows=100001 width=12) (actual rows=100000 loops=1)
              Sort Key: courses.class
              Sort Method: external merge  Disk: 2296kB
              Buffers: shared hit=541, temp read=287 written=288
              ->  Seq Scan on courses  (cost=0.00..1541.01 rows=100001 width=12) (actual rows=100000 loops=1)
                    Buffers: shared hit=541
Planning Time: 0.088 ms
Execution Time: 308.709 ms",309.83,10889.59,11299,"Subquery Scan on a  (cost=9845.92..10889.59 rows=6182 width=7) (actual rows=11299 loops=1)
  Buffers: shared hit=541, temp read=287 written=288
  ->  GroupAggregate  (cost=9845.92..10827.77 rows=6182 width=15) (actual rows=11299 loops=1)
        Group Key: courses.class
        Filter: (count(DISTINCT courses.student) >= 5)
        Rows Removed by Filter: 8569
        Buffers: shared hit=541, temp read=287 written=288
        ->  Sort  (cost=9845.92..10095.92 rows=100001 width=12) (actual rows=100000 loops=1)
              Sort Key: courses.class
              Sort Method: external merge  Disk: 2296kB
              Buffers: shared hit=541, temp read=287 written=288
              ->  Seq Scan on courses  (cost=0.00..1541.01 rows=100001 width=12) (actual rows=100000 loops=1)
                    Buffers: shared hit=541
Planning Time: 0.082 ms
Execution Time: 309.830 ms",306.137,10889.59,11299,"Subquery Scan on a  (cost=9845.92..10889.59 rows=6182 width=7) (actual rows=11299 loops=1)
  Buffers: shared hit=541, temp read=287 written=288
  ->  GroupAggregate  (cost=9845.92..10827.77 rows=6182 width=15) (actual rows=11299 loops=1)
        Group Key: courses.class
        Filter: (count(DISTINCT courses.student) >= 5)
        Rows Removed by Filter: 8569
        Buffers: shared hit=541, temp read=287 written=288
        ->  Sort  (cost=9845.92..10095.92 rows=100001 width=12) (actual rows=100000 loops=1)
              Sort Key: courses.class
              Sort Method: external merge  Disk: 2296kB
              Buffers: shared hit=541, temp read=287 written=288
              ->  Seq Scan on courses  (cost=0.00..1541.01 rows=100001 width=12) (actual rows=100000 loops=1)
                    Buffers: shared hit=541
Planning Time: 0.104 ms
Execution Time: 306.137 ms",309.137,308.709,311.735,315.164,10889.59,10889.59,11299,11299,11299,11299,normal,normal,8.266566499999936,20.111350199999993,equal variances,significant,0.003968253968253968,-263.8032,-261.151,-8616.74,0,True
315,596,7,Easy,select a.class as class from schema_596.courses as a group by a.class having 5 <= count(a.student),38.759,2272.85,11299,"HashAggregate  (cost=2041.02..2272.85 rows=6182 width=7) (actual rows=11299 loops=1)
  Group Key: class
  Filter: (5 <= count(student))
  Batches: 1  Memory Usage: 2577kB
  Rows Removed by Filter: 8569
  Buffers: shared hit=541
  ->  Seq Scan on courses a  (cost=0.00..1541.01 rows=100001 width=12) (actual rows=100000 loops=1)
        Buffers: shared hit=541
Planning Time: 0.070 ms
Execution Time: 38.759 ms",39.578,2272.85,11299,"HashAggregate  (cost=2041.02..2272.85 rows=6182 width=7) (actual rows=11299 loops=1)
  Group Key: class
  Filter: (5 <= count(student))
  Batches: 1  Memory Usage: 2577kB
  Rows Removed by Filter: 8569
  Buffers: shared hit=541
  ->  Seq Scan on courses a  (cost=0.00..1541.01 rows=100001 width=12) (actual rows=100000 loops=1)
        Buffers: shared hit=541
Planning Time: 0.159 ms
Execution Time: 39.578 ms",36.686,2272.85,11299,"HashAggregate  (cost=2041.02..2272.85 rows=6182 width=7) (actual rows=11299 loops=1)
  Group Key: class
  Filter: (5 <= count(student))
  Batches: 1  Memory Usage: 2577kB
  Rows Removed by Filter: 8569
  Buffers: shared hit=541
  ->  Seq Scan on courses a  (cost=0.00..1541.01 rows=100001 width=12) (actual rows=100000 loops=1)
        Buffers: shared hit=541
Planning Time: 0.081 ms
Execution Time: 36.686 ms",66.45,2272.85,11299,"HashAggregate  (cost=2041.02..2272.85 rows=6182 width=7) (actual rows=11299 loops=1)
  Group Key: class
  Filter: (5 <= count(student))
  Batches: 1  Memory Usage: 2577kB
  Rows Removed by Filter: 8569
  Buffers: shared hit=541
  ->  Seq Scan on courses a  (cost=0.00..1541.01 rows=100001 width=12) (actual rows=100000 loops=1)
        Buffers: shared hit=541
Planning Time: 0.076 ms
Execution Time: 66.450 ms",55.618,2272.85,11299,"HashAggregate  (cost=2041.02..2272.85 rows=6182 width=7) (actual rows=11299 loops=1)
  Group Key: class
  Filter: (5 <= count(student))
  Batches: 1  Memory Usage: 2577kB
  Rows Removed by Filter: 8569
  Buffers: shared hit=541
  ->  Seq Scan on courses a  (cost=0.00..1541.01 rows=100001 width=12) (actual rows=100000 loops=1)
        Buffers: shared hit=541
Planning Time: 0.074 ms
Execution Time: 55.618 ms",47.4182,39.578,61.034,70.7828,2272.85,2272.85,11299,11299,11299,11299,596_7,315,596,7,Easy,select a.class from schema_596.courses as a group by a.class having count(distinct a.student) >= 5,295.074,10827.77,11299,"GroupAggregate  (cost=9845.92..10827.77 rows=6182 width=7) (actual rows=11299 loops=1)
  Group Key: class
  Filter: (count(DISTINCT student) >= 5)
  Rows Removed by Filter: 8569
  Buffers: shared hit=541, temp read=287 written=288
  ->  Sort  (cost=9845.92..10095.92 rows=100001 width=12) (actual rows=100000 loops=1)
        Sort Key: class
        Sort Method: external merge  Disk: 2296kB
        Buffers: shared hit=541, temp read=287 written=288
        ->  Seq Scan on courses a  (cost=0.00..1541.01 rows=100001 width=12) (actual rows=100000 loops=1)
              Buffers: shared hit=541
Planning Time: 0.050 ms
Execution Time: 295.074 ms",299.056,10827.77,11299,"GroupAggregate  (cost=9845.92..10827.77 rows=6182 width=7) (actual rows=11299 loops=1)
  Group Key: class
  Filter: (count(DISTINCT student) >= 5)
  Rows Removed by Filter: 8569
  Buffers: shared hit=541, temp read=287 written=288
  ->  Sort  (cost=9845.92..10095.92 rows=100001 width=12) (actual rows=100000 loops=1)
        Sort Key: class
        Sort Method: external merge  Disk: 2296kB
        Buffers: shared hit=541, temp read=287 written=288
        ->  Seq Scan on courses a  (cost=0.00..1541.01 rows=100001 width=12) (actual rows=100000 loops=1)
              Buffers: shared hit=541
Planning Time: 0.075 ms
Execution Time: 299.056 ms",301.943,10827.77,11299,"GroupAggregate  (cost=9845.92..10827.77 rows=6182 width=7) (actual rows=11299 loops=1)
  Group Key: class
  Filter: (count(DISTINCT student) >= 5)
  Rows Removed by Filter: 8569
  Buffers: shared hit=541, temp read=287 written=288
  ->  Sort  (cost=9845.92..10095.92 rows=100001 width=12) (actual rows=100000 loops=1)
        Sort Key: class
        Sort Method: external merge  Disk: 2296kB
        Buffers: shared hit=541, temp read=287 written=288
        ->  Seq Scan on courses a  (cost=0.00..1541.01 rows=100001 width=12) (actual rows=100000 loops=1)
              Buffers: shared hit=541
Planning Time: 0.068 ms
Execution Time: 301.943 ms",308.71,10827.77,11299,"GroupAggregate  (cost=9845.92..10827.77 rows=6182 width=7) (actual rows=11299 loops=1)
  Group Key: class
  Filter: (count(DISTINCT student) >= 5)
  Rows Removed by Filter: 8569
  Buffers: shared hit=541, temp read=287 written=288
  ->  Sort  (cost=9845.92..10095.92 rows=100001 width=12) (actual rows=100000 loops=1)
        Sort Key: class
        Sort Method: external merge  Disk: 2296kB
        Buffers: shared hit=541, temp read=287 written=288
        ->  Seq Scan on courses a  (cost=0.00..1541.01 rows=100001 width=12) (actual rows=100000 loops=1)
              Buffers: shared hit=541
Planning Time: 0.076 ms
Execution Time: 308.710 ms",303.018,10827.77,11299,"GroupAggregate  (cost=9845.92..10827.77 rows=6182 width=7) (actual rows=11299 loops=1)
  Group Key: class
  Filter: (count(DISTINCT student) >= 5)
  Rows Removed by Filter: 8569
  Buffers: shared hit=541, temp read=287 written=288
  ->  Sort  (cost=9845.92..10095.92 rows=100001 width=12) (actual rows=100000 loops=1)
        Sort Key: class
        Sort Method: external merge  Disk: 2296kB
        Buffers: shared hit=541, temp read=287 written=288
        ->  Seq Scan on courses a  (cost=0.00..1541.01 rows=100001 width=12) (actual rows=100000 loops=1)
              Buffers: shared hit=541
Planning Time: 0.072 ms
Execution Time: 303.018 ms",301.5602,301.943,305.864,310.9868,10827.77,10827.77,11299,11299,11299,11299,normal,normal,25.433291199999886,170.26918220000002,equal variances,significant,0.003968253968253968,-254.142,-262.365,-8554.92,0,True
316,596,10,Easy,select t_courses_0.class as class from schema_596.courses as t_courses_0 group by t_courses_0.class having 5 <= count(t_courses_0.class),34.885,2272.85,11299,"HashAggregate  (cost=2041.02..2272.85 rows=6182 width=7) (actual rows=11299 loops=1)
  Group Key: class
  Filter: (5 <= count(class))
  Batches: 1  Memory Usage: 2577kB
  Rows Removed by Filter: 8569
  Buffers: shared hit=541
  ->  Seq Scan on courses t_courses_0  (cost=0.00..1541.01 rows=100001 width=7) (actual rows=100000 loops=1)
        Buffers: shared hit=541
Planning Time: 0.072 ms
Execution Time: 34.885 ms",43.22,2272.85,11299,"HashAggregate  (cost=2041.02..2272.85 rows=6182 width=7) (actual rows=11299 loops=1)
  Group Key: class
  Filter: (5 <= count(class))
  Batches: 1  Memory Usage: 2577kB
  Rows Removed by Filter: 8569
  Buffers: shared hit=541
  ->  Seq Scan on courses t_courses_0  (cost=0.00..1541.01 rows=100001 width=7) (actual rows=100000 loops=1)
        Buffers: shared hit=541
Planning Time: 0.073 ms
Execution Time: 43.220 ms",39.78,2272.85,11299,"HashAggregate  (cost=2041.02..2272.85 rows=6182 width=7) (actual rows=11299 loops=1)
  Group Key: class
  Filter: (5 <= count(class))
  Batches: 1  Memory Usage: 2577kB
  Rows Removed by Filter: 8569
  Buffers: shared hit=541
  ->  Seq Scan on courses t_courses_0  (cost=0.00..1541.01 rows=100001 width=7) (actual rows=100000 loops=1)
        Buffers: shared hit=541
Planning Time: 0.085 ms
Execution Time: 39.780 ms",39.092,2272.85,11299,"HashAggregate  (cost=2041.02..2272.85 rows=6182 width=7) (actual rows=11299 loops=1)
  Group Key: class
  Filter: (5 <= count(class))
  Batches: 1  Memory Usage: 2577kB
  Rows Removed by Filter: 8569
  Buffers: shared hit=541
  ->  Seq Scan on courses t_courses_0  (cost=0.00..1541.01 rows=100001 width=7) (actual rows=100000 loops=1)
        Buffers: shared hit=541
Planning Time: 0.069 ms
Execution Time: 39.092 ms",38.598,2272.85,11299,"HashAggregate  (cost=2041.02..2272.85 rows=6182 width=7) (actual rows=11299 loops=1)
  Group Key: class
  Filter: (5 <= count(class))
  Batches: 1  Memory Usage: 2577kB
  Rows Removed by Filter: 8569
  Buffers: shared hit=541
  ->  Seq Scan on courses t_courses_0  (cost=0.00..1541.01 rows=100001 width=7) (actual rows=100000 loops=1)
        Buffers: shared hit=541
Planning Time: 0.096 ms
Execution Time: 38.598 ms",39.115,39.092,41.5,44.596,2272.85,2272.85,11299,11299,11299,11299,596_10,316,596,10,Easy,"select class from (select distinct class, student from schema_596.courses) as t group by class having count(class) >= 5",92.521,2507.19,11299,"HashAggregate  (cost=2504.69..2507.19 rows=67 width=7) (actual rows=11299 loops=1)
  Group Key: courses.class
  Filter: (count(courses.class) >= 5)
  Batches: 1  Memory Usage: 2593kB
  Rows Removed by Filter: 8569
  Buffers: shared hit=541, temp read=210 written=372
  ->  HashAggregate  (cost=2041.01..2226.48 rows=18547 width=12) (actual rows=100000 loops=1)
        Group Key: courses.class, courses.student
        Batches: 5  Memory Usage: 4145kB  Disk Usage: 1760kB
        Buffers: shared hit=541, temp read=210 written=372
        ->  Seq Scan on courses  (cost=0.00..1541.01 rows=100001 width=12) (actual rows=100000 loops=1)
              Buffers: shared hit=541
Planning Time: 0.070 ms
Execution Time: 92.521 ms",89.945,2507.19,11299,"HashAggregate  (cost=2504.69..2507.19 rows=67 width=7) (actual rows=11299 loops=1)
  Group Key: courses.class
  Filter: (count(courses.class) >= 5)
  Batches: 1  Memory Usage: 2593kB
  Rows Removed by Filter: 8569
  Buffers: shared hit=541, temp read=210 written=372
  ->  HashAggregate  (cost=2041.01..2226.48 rows=18547 width=12) (actual rows=100000 loops=1)
        Group Key: courses.class, courses.student
        Batches: 5  Memory Usage: 4145kB  Disk Usage: 1760kB
        Buffers: shared hit=541, temp read=210 written=372
        ->  Seq Scan on courses  (cost=0.00..1541.01 rows=100001 width=12) (actual rows=100000 loops=1)
              Buffers: shared hit=541
Planning Time: 0.114 ms
Execution Time: 89.945 ms",90.529,2507.19,11299,"HashAggregate  (cost=2504.69..2507.19 rows=67 width=7) (actual rows=11299 loops=1)
  Group Key: courses.class
  Filter: (count(courses.class) >= 5)
  Batches: 1  Memory Usage: 2593kB
  Rows Removed by Filter: 8569
  Buffers: shared hit=541, temp read=210 written=372
  ->  HashAggregate  (cost=2041.01..2226.48 rows=18547 width=12) (actual rows=100000 loops=1)
        Group Key: courses.class, courses.student
        Batches: 5  Memory Usage: 4145kB  Disk Usage: 1760kB
        Buffers: shared hit=541, temp read=210 written=372
        ->  Seq Scan on courses  (cost=0.00..1541.01 rows=100001 width=12) (actual rows=100000 loops=1)
              Buffers: shared hit=541
Planning Time: 0.097 ms
Execution Time: 90.529 ms",90.689,2507.19,11299,"HashAggregate  (cost=2504.69..2507.19 rows=67 width=7) (actual rows=11299 loops=1)
  Group Key: courses.class
  Filter: (count(courses.class) >= 5)
  Batches: 1  Memory Usage: 2593kB
  Rows Removed by Filter: 8569
  Buffers: shared hit=541, temp read=210 written=372
  ->  HashAggregate  (cost=2041.01..2226.48 rows=18547 width=12) (actual rows=100000 loops=1)
        Group Key: courses.class, courses.student
        Batches: 5  Memory Usage: 4145kB  Disk Usage: 1760kB
        Buffers: shared hit=541, temp read=210 written=372
        ->  Seq Scan on courses  (cost=0.00..1541.01 rows=100001 width=12) (actual rows=100000 loops=1)
              Buffers: shared hit=541
Planning Time: 0.104 ms
Execution Time: 90.689 ms",92.083,2507.19,11299,"HashAggregate  (cost=2504.69..2507.19 rows=67 width=7) (actual rows=11299 loops=1)
  Group Key: courses.class
  Filter: (count(courses.class) >= 5)
  Batches: 1  Memory Usage: 2593kB
  Rows Removed by Filter: 8569
  Buffers: shared hit=541, temp read=210 written=372
  ->  HashAggregate  (cost=2041.01..2226.48 rows=18547 width=12) (actual rows=100000 loops=1)
        Group Key: courses.class, courses.student
        Batches: 5  Memory Usage: 4145kB  Disk Usage: 1760kB
        Buffers: shared hit=541, temp read=210 written=372
        ->  Seq Scan on courses  (cost=0.00..1541.01 rows=100001 width=12) (actual rows=100000 loops=1)
              Buffers: shared hit=541
Planning Time: 0.101 ms
Execution Time: 92.083 ms",91.1534,90.689,92.302,92.6962,2507.19,2507.19,11299,11299,11299,11299,normal,normal,1.2000648000000067,8.863492000000003,equal variances,significant,0.003968253968253968,-52.0384,-51.596999999999994,-234.34000000000015,0,True
317,596,11,Easy,select t_courses_0.class as class from schema_596.courses as t_courses_0 group by t_courses_0.class having 5 <= count(t_courses_0.class),31.33,2272.85,11299,"HashAggregate  (cost=2041.02..2272.85 rows=6182 width=7) (actual rows=11299 loops=1)
  Group Key: class
  Filter: (5 <= count(class))
  Batches: 1  Memory Usage: 2577kB
  Rows Removed by Filter: 8569
  Buffers: shared hit=541
  ->  Seq Scan on courses t_courses_0  (cost=0.00..1541.01 rows=100001 width=7) (actual rows=100000 loops=1)
        Buffers: shared hit=541
Planning Time: 0.050 ms
Execution Time: 31.330 ms",35.6,2272.85,11299,"HashAggregate  (cost=2041.02..2272.85 rows=6182 width=7) (actual rows=11299 loops=1)
  Group Key: class
  Filter: (5 <= count(class))
  Batches: 1  Memory Usage: 2577kB
  Rows Removed by Filter: 8569
  Buffers: shared hit=541
  ->  Seq Scan on courses t_courses_0  (cost=0.00..1541.01 rows=100001 width=7) (actual rows=100000 loops=1)
        Buffers: shared hit=541
Planning Time: 0.073 ms
Execution Time: 35.600 ms",41.081,2272.85,11299,"HashAggregate  (cost=2041.02..2272.85 rows=6182 width=7) (actual rows=11299 loops=1)
  Group Key: class
  Filter: (5 <= count(class))
  Batches: 1  Memory Usage: 2577kB
  Rows Removed by Filter: 8569
  Buffers: shared hit=541
  ->  Seq Scan on courses t_courses_0  (cost=0.00..1541.01 rows=100001 width=7) (actual rows=100000 loops=1)
        Buffers: shared hit=541
Planning Time: 0.073 ms
Execution Time: 41.081 ms",37.278,2272.85,11299,"HashAggregate  (cost=2041.02..2272.85 rows=6182 width=7) (actual rows=11299 loops=1)
  Group Key: class
  Filter: (5 <= count(class))
  Batches: 1  Memory Usage: 2577kB
  Rows Removed by Filter: 8569
  Buffers: shared hit=541
  ->  Seq Scan on courses t_courses_0  (cost=0.00..1541.01 rows=100001 width=7) (actual rows=100000 loops=1)
        Buffers: shared hit=541
Planning Time: 0.090 ms
Execution Time: 37.278 ms",47.304,2272.85,11299,"HashAggregate  (cost=2041.02..2272.85 rows=6182 width=7) (actual rows=11299 loops=1)
  Group Key: class
  Filter: (5 <= count(class))
  Batches: 1  Memory Usage: 2577kB
  Rows Removed by Filter: 8569
  Buffers: shared hit=541
  ->  Seq Scan on courses t_courses_0  (cost=0.00..1541.01 rows=100001 width=7) (actual rows=100000 loops=1)
        Buffers: shared hit=541
Planning Time: 0.068 ms
Execution Time: 47.304 ms",38.5186,37.278,44.1925,49.7932,2272.85,2272.85,11299,11299,11299,11299,596_11,317,596,11,Easy,"select class from (select distinct student, class from schema_596.courses) as t1 group by class having count(class) >= 5",95.306,2507.19,11299,"HashAggregate  (cost=2504.69..2507.19 rows=67 width=7) (actual rows=11299 loops=1)
  Group Key: courses.class
  Filter: (count(courses.class) >= 5)
  Batches: 1  Memory Usage: 2593kB
  Rows Removed by Filter: 8569
  Buffers: shared hit=541, temp read=210 written=373
  ->  HashAggregate  (cost=2041.01..2226.48 rows=18547 width=12) (actual rows=100000 loops=1)
        Group Key: courses.student, courses.class
        Batches: 5  Memory Usage: 4145kB  Disk Usage: 1768kB
        Buffers: shared hit=541, temp read=210 written=373
        ->  Seq Scan on courses  (cost=0.00..1541.01 rows=100001 width=12) (actual rows=100000 loops=1)
              Buffers: shared hit=541
Planning Time: 0.091 ms
Execution Time: 95.306 ms",91.315,2507.19,11299,"HashAggregate  (cost=2504.69..2507.19 rows=67 width=7) (actual rows=11299 loops=1)
  Group Key: courses.class
  Filter: (count(courses.class) >= 5)
  Batches: 1  Memory Usage: 2593kB
  Rows Removed by Filter: 8569
  Buffers: shared hit=541, temp read=210 written=373
  ->  HashAggregate  (cost=2041.01..2226.48 rows=18547 width=12) (actual rows=100000 loops=1)
        Group Key: courses.student, courses.class
        Batches: 5  Memory Usage: 4145kB  Disk Usage: 1768kB
        Buffers: shared hit=541, temp read=210 written=373
        ->  Seq Scan on courses  (cost=0.00..1541.01 rows=100001 width=12) (actual rows=100000 loops=1)
              Buffers: shared hit=541
Planning Time: 0.174 ms
Execution Time: 91.315 ms",90.485,2507.19,11299,"HashAggregate  (cost=2504.69..2507.19 rows=67 width=7) (actual rows=11299 loops=1)
  Group Key: courses.class
  Filter: (count(courses.class) >= 5)
  Batches: 1  Memory Usage: 2593kB
  Rows Removed by Filter: 8569
  Buffers: shared hit=541, temp read=210 written=373
  ->  HashAggregate  (cost=2041.01..2226.48 rows=18547 width=12) (actual rows=100000 loops=1)
        Group Key: courses.student, courses.class
        Batches: 5  Memory Usage: 4145kB  Disk Usage: 1768kB
        Buffers: shared hit=541, temp read=210 written=373
        ->  Seq Scan on courses  (cost=0.00..1541.01 rows=100001 width=12) (actual rows=100000 loops=1)
              Buffers: shared hit=541
Planning Time: 0.102 ms
Execution Time: 90.485 ms",94.563,2507.19,11299,"HashAggregate  (cost=2504.69..2507.19 rows=67 width=7) (actual rows=11299 loops=1)
  Group Key: courses.class
  Filter: (count(courses.class) >= 5)
  Batches: 1  Memory Usage: 2593kB
  Rows Removed by Filter: 8569
  Buffers: shared hit=541, temp read=210 written=373
  ->  HashAggregate  (cost=2041.01..2226.48 rows=18547 width=12) (actual rows=100000 loops=1)
        Group Key: courses.student, courses.class
        Batches: 5  Memory Usage: 4145kB  Disk Usage: 1768kB
        Buffers: shared hit=541, temp read=210 written=373
        ->  Seq Scan on courses  (cost=0.00..1541.01 rows=100001 width=12) (actual rows=100000 loops=1)
              Buffers: shared hit=541
Planning Time: 0.100 ms
Execution Time: 94.563 ms",91.916,2507.19,11299,"HashAggregate  (cost=2504.69..2507.19 rows=67 width=7) (actual rows=11299 loops=1)
  Group Key: courses.class
  Filter: (count(courses.class) >= 5)
  Batches: 1  Memory Usage: 2593kB
  Rows Removed by Filter: 8569
  Buffers: shared hit=541, temp read=210 written=373
  ->  HashAggregate  (cost=2041.01..2226.48 rows=18547 width=12) (actual rows=100000 loops=1)
        Group Key: courses.student, courses.class
        Batches: 5  Memory Usage: 4145kB  Disk Usage: 1768kB
        Buffers: shared hit=541, temp read=210 written=373
        ->  Seq Scan on courses  (cost=0.00..1541.01 rows=100001 width=12) (actual rows=100000 loops=1)
              Buffers: shared hit=541
Planning Time: 0.118 ms
Execution Time: 91.916 ms",92.717,91.916,94.9345,95.6032,2507.19,2507.19,11299,11299,11299,11299,normal,normal,4.424916500000002,36.370607800000016,equal variances,significant,0.003968253968253968,-54.1984,-54.638,-234.34000000000015,0,True
318,596,12,Easy,select t_courses_0.class as class from schema_596.courses as t_courses_0 group by t_courses_0.class having 5 <= count(t_courses_0.student),38.172,2272.85,11299,"HashAggregate  (cost=2041.02..2272.85 rows=6182 width=7) (actual rows=11299 loops=1)
  Group Key: class
  Filter: (5 <= count(student))
  Batches: 1  Memory Usage: 2577kB
  Rows Removed by Filter: 8569
  Buffers: shared hit=541
  ->  Seq Scan on courses t_courses_0  (cost=0.00..1541.01 rows=100001 width=12) (actual rows=100000 loops=1)
        Buffers: shared hit=541
Planning Time: 0.057 ms
Execution Time: 38.172 ms",54.301,2272.85,11299,"HashAggregate  (cost=2041.02..2272.85 rows=6182 width=7) (actual rows=11299 loops=1)
  Group Key: class
  Filter: (5 <= count(student))
  Batches: 1  Memory Usage: 2577kB
  Rows Removed by Filter: 8569
  Buffers: shared hit=541
  ->  Seq Scan on courses t_courses_0  (cost=0.00..1541.01 rows=100001 width=12) (actual rows=100000 loops=1)
        Buffers: shared hit=541
Planning Time: 0.083 ms
Execution Time: 54.301 ms",47.332,2272.85,11299,"HashAggregate  (cost=2041.02..2272.85 rows=6182 width=7) (actual rows=11299 loops=1)
  Group Key: class
  Filter: (5 <= count(student))
  Batches: 1  Memory Usage: 2577kB
  Rows Removed by Filter: 8569
  Buffers: shared hit=541
  ->  Seq Scan on courses t_courses_0  (cost=0.00..1541.01 rows=100001 width=12) (actual rows=100000 loops=1)
        Buffers: shared hit=541
Planning Time: 0.069 ms
Execution Time: 47.332 ms",37.381,2272.85,11299,"HashAggregate  (cost=2041.02..2272.85 rows=6182 width=7) (actual rows=11299 loops=1)
  Group Key: class
  Filter: (5 <= count(student))
  Batches: 1  Memory Usage: 2577kB
  Rows Removed by Filter: 8569
  Buffers: shared hit=541
  ->  Seq Scan on courses t_courses_0  (cost=0.00..1541.01 rows=100001 width=12) (actual rows=100000 loops=1)
        Buffers: shared hit=541
Planning Time: 0.089 ms
Execution Time: 37.381 ms",39.005,2272.85,11299,"HashAggregate  (cost=2041.02..2272.85 rows=6182 width=7) (actual rows=11299 loops=1)
  Group Key: class
  Filter: (5 <= count(student))
  Batches: 1  Memory Usage: 2577kB
  Rows Removed by Filter: 8569
  Buffers: shared hit=541
  ->  Seq Scan on courses t_courses_0  (cost=0.00..1541.01 rows=100001 width=12) (actual rows=100000 loops=1)
        Buffers: shared hit=541
Planning Time: 0.110 ms
Execution Time: 39.005 ms",43.2382,39.005,50.8165,57.0886,2272.85,2272.85,11299,11299,11299,11299,596_12,318,596,12,Easy,"select class from (select class, count(distinct student) as count from schema_596.courses group by class) as foo where count >= 5",298.625,10889.59,11299,"Subquery Scan on foo  (cost=9845.92..10889.59 rows=6182 width=7) (actual rows=11299 loops=1)
  Buffers: shared hit=541, temp read=287 written=288
  ->  GroupAggregate  (cost=9845.92..10827.77 rows=6182 width=15) (actual rows=11299 loops=1)
        Group Key: courses.class
        Filter: (count(DISTINCT courses.student) >= 5)
        Rows Removed by Filter: 8569
        Buffers: shared hit=541, temp read=287 written=288
        ->  Sort  (cost=9845.92..10095.92 rows=100001 width=12) (actual rows=100000 loops=1)
              Sort Key: courses.class
              Sort Method: external merge  Disk: 2296kB
              Buffers: shared hit=541, temp read=287 written=288
              ->  Seq Scan on courses  (cost=0.00..1541.01 rows=100001 width=12) (actual rows=100000 loops=1)
                    Buffers: shared hit=541
Planning Time: 0.064 ms
Execution Time: 298.625 ms",309.895,10889.59,11299,"Subquery Scan on foo  (cost=9845.92..10889.59 rows=6182 width=7) (actual rows=11299 loops=1)
  Buffers: shared hit=541, temp read=287 written=288
  ->  GroupAggregate  (cost=9845.92..10827.77 rows=6182 width=15) (actual rows=11299 loops=1)
        Group Key: courses.class
        Filter: (count(DISTINCT courses.student) >= 5)
        Rows Removed by Filter: 8569
        Buffers: shared hit=541, temp read=287 written=288
        ->  Sort  (cost=9845.92..10095.92 rows=100001 width=12) (actual rows=100000 loops=1)
              Sort Key: courses.class
              Sort Method: external merge  Disk: 2296kB
              Buffers: shared hit=541, temp read=287 written=288
              ->  Seq Scan on courses  (cost=0.00..1541.01 rows=100001 width=12) (actual rows=100000 loops=1)
                    Buffers: shared hit=541
Planning Time: 0.131 ms
Execution Time: 309.895 ms",311.089,10889.59,11299,"Subquery Scan on foo  (cost=9845.92..10889.59 rows=6182 width=7) (actual rows=11299 loops=1)
  Buffers: shared hit=541, temp read=287 written=288
  ->  GroupAggregate  (cost=9845.92..10827.77 rows=6182 width=15) (actual rows=11299 loops=1)
        Group Key: courses.class
        Filter: (count(DISTINCT courses.student) >= 5)
        Rows Removed by Filter: 8569
        Buffers: shared hit=541, temp read=287 written=288
        ->  Sort  (cost=9845.92..10095.92 rows=100001 width=12) (actual rows=100000 loops=1)
              Sort Key: courses.class
              Sort Method: external merge  Disk: 2296kB
              Buffers: shared hit=541, temp read=287 written=288
              ->  Seq Scan on courses  (cost=0.00..1541.01 rows=100001 width=12) (actual rows=100000 loops=1)
                    Buffers: shared hit=541
Planning Time: 0.094 ms
Execution Time: 311.089 ms",306.332,10889.59,11299,"Subquery Scan on foo  (cost=9845.92..10889.59 rows=6182 width=7) (actual rows=11299 loops=1)
  Buffers: shared hit=541, temp read=287 written=288
  ->  GroupAggregate  (cost=9845.92..10827.77 rows=6182 width=15) (actual rows=11299 loops=1)
        Group Key: courses.class
        Filter: (count(DISTINCT courses.student) >= 5)
        Rows Removed by Filter: 8569
        Buffers: shared hit=541, temp read=287 written=288
        ->  Sort  (cost=9845.92..10095.92 rows=100001 width=12) (actual rows=100000 loops=1)
              Sort Key: courses.class
              Sort Method: external merge  Disk: 2296kB
              Buffers: shared hit=541, temp read=287 written=288
              ->  Seq Scan on courses  (cost=0.00..1541.01 rows=100001 width=12) (actual rows=100000 loops=1)
                    Buffers: shared hit=541
Planning Time: 0.094 ms
Execution Time: 306.332 ms",305.714,10889.59,11299,"Subquery Scan on foo  (cost=9845.92..10889.59 rows=6182 width=7) (actual rows=11299 loops=1)
  Buffers: shared hit=541, temp read=287 written=288
  ->  GroupAggregate  (cost=9845.92..10827.77 rows=6182 width=15) (actual rows=11299 loops=1)
        Group Key: courses.class
        Filter: (count(DISTINCT courses.student) >= 5)
        Rows Removed by Filter: 8569
        Buffers: shared hit=541, temp read=287 written=288
        ->  Sort  (cost=9845.92..10095.92 rows=100001 width=12) (actual rows=100000 loops=1)
              Sort Key: courses.class
              Sort Method: external merge  Disk: 2296kB
              Buffers: shared hit=541, temp read=287 written=288
              ->  Seq Scan on courses  (cost=0.00..1541.01 rows=100001 width=12) (actual rows=100000 loops=1)
                    Buffers: shared hit=541
Planning Time: 0.102 ms
Execution Time: 305.714 ms",306.331,306.332,310.492,311.5666,10889.59,10889.59,11299,11299,11299,11299,normal,normal,23.775946499999964,54.25947470000001,equal variances,significant,0.003968253968253968,-263.0928,-267.327,-8616.74,0,True
319,596,13,Easy,select t_courses_0.class as class from schema_596.courses as t_courses_0 group by t_courses_0.class having 5 <= count(t_courses_0.student),33.044,2272.85,11299,"HashAggregate  (cost=2041.02..2272.85 rows=6182 width=7) (actual rows=11299 loops=1)
  Group Key: class
  Filter: (5 <= count(student))
  Batches: 1  Memory Usage: 2577kB
  Rows Removed by Filter: 8569
  Buffers: shared hit=541
  ->  Seq Scan on courses t_courses_0  (cost=0.00..1541.01 rows=100001 width=12) (actual rows=100000 loops=1)
        Buffers: shared hit=541
Planning Time: 0.069 ms
Execution Time: 33.044 ms",43.912,2272.85,11299,"HashAggregate  (cost=2041.02..2272.85 rows=6182 width=7) (actual rows=11299 loops=1)
  Group Key: class
  Filter: (5 <= count(student))
  Batches: 1  Memory Usage: 2577kB
  Rows Removed by Filter: 8569
  Buffers: shared hit=541
  ->  Seq Scan on courses t_courses_0  (cost=0.00..1541.01 rows=100001 width=12) (actual rows=100000 loops=1)
        Buffers: shared hit=541
Planning Time: 0.072 ms
Execution Time: 43.912 ms",39.599,2272.85,11299,"HashAggregate  (cost=2041.02..2272.85 rows=6182 width=7) (actual rows=11299 loops=1)
  Group Key: class
  Filter: (5 <= count(student))
  Batches: 1  Memory Usage: 2577kB
  Rows Removed by Filter: 8569
  Buffers: shared hit=541
  ->  Seq Scan on courses t_courses_0  (cost=0.00..1541.01 rows=100001 width=12) (actual rows=100000 loops=1)
        Buffers: shared hit=541
Planning Time: 0.088 ms
Execution Time: 39.599 ms",40.678,2272.85,11299,"HashAggregate  (cost=2041.02..2272.85 rows=6182 width=7) (actual rows=11299 loops=1)
  Group Key: class
  Filter: (5 <= count(student))
  Batches: 1  Memory Usage: 2577kB
  Rows Removed by Filter: 8569
  Buffers: shared hit=541
  ->  Seq Scan on courses t_courses_0  (cost=0.00..1541.01 rows=100001 width=12) (actual rows=100000 loops=1)
        Buffers: shared hit=541
Planning Time: 0.073 ms
Execution Time: 40.678 ms",39.273,2272.85,11299,"HashAggregate  (cost=2041.02..2272.85 rows=6182 width=7) (actual rows=11299 loops=1)
  Group Key: class
  Filter: (5 <= count(student))
  Batches: 1  Memory Usage: 2577kB
  Rows Removed by Filter: 8569
  Buffers: shared hit=541
  ->  Seq Scan on courses t_courses_0  (cost=0.00..1541.01 rows=100001 width=12) (actual rows=100000 loops=1)
        Buffers: shared hit=541
Planning Time: 0.072 ms
Execution Time: 39.273 ms",39.3012,39.599,42.295,45.2056,2272.85,2272.85,11299,11299,11299,11299,596_13,319,596,13,Easy,"select class from (select class, count(distinct student) as num from schema_596.courses group by class) as temp_table where num >= 5",302.916,10889.59,11299,"Subquery Scan on temp_table  (cost=9845.92..10889.59 rows=6182 width=7) (actual rows=11299 loops=1)
  Buffers: shared hit=541, temp read=287 written=288
  ->  GroupAggregate  (cost=9845.92..10827.77 rows=6182 width=15) (actual rows=11299 loops=1)
        Group Key: courses.class
        Filter: (count(DISTINCT courses.student) >= 5)
        Rows Removed by Filter: 8569
        Buffers: shared hit=541, temp read=287 written=288
        ->  Sort  (cost=9845.92..10095.92 rows=100001 width=12) (actual rows=100000 loops=1)
              Sort Key: courses.class
              Sort Method: external merge  Disk: 2296kB
              Buffers: shared hit=541, temp read=287 written=288
              ->  Seq Scan on courses  (cost=0.00..1541.01 rows=100001 width=12) (actual rows=100000 loops=1)
                    Buffers: shared hit=541
Planning Time: 0.082 ms
Execution Time: 302.916 ms",307.266,10889.59,11299,"Subquery Scan on temp_table  (cost=9845.92..10889.59 rows=6182 width=7) (actual rows=11299 loops=1)
  Buffers: shared hit=541, temp read=287 written=288
  ->  GroupAggregate  (cost=9845.92..10827.77 rows=6182 width=15) (actual rows=11299 loops=1)
        Group Key: courses.class
        Filter: (count(DISTINCT courses.student) >= 5)
        Rows Removed by Filter: 8569
        Buffers: shared hit=541, temp read=287 written=288
        ->  Sort  (cost=9845.92..10095.92 rows=100001 width=12) (actual rows=100000 loops=1)
              Sort Key: courses.class
              Sort Method: external merge  Disk: 2296kB
              Buffers: shared hit=541, temp read=287 written=288
              ->  Seq Scan on courses  (cost=0.00..1541.01 rows=100001 width=12) (actual rows=100000 loops=1)
                    Buffers: shared hit=541
Planning Time: 0.087 ms
Execution Time: 307.266 ms",308.199,10889.59,11299,"Subquery Scan on temp_table  (cost=9845.92..10889.59 rows=6182 width=7) (actual rows=11299 loops=1)
  Buffers: shared hit=541, temp read=287 written=288
  ->  GroupAggregate  (cost=9845.92..10827.77 rows=6182 width=15) (actual rows=11299 loops=1)
        Group Key: courses.class
        Filter: (count(DISTINCT courses.student) >= 5)
        Rows Removed by Filter: 8569
        Buffers: shared hit=541, temp read=287 written=288
        ->  Sort  (cost=9845.92..10095.92 rows=100001 width=12) (actual rows=100000 loops=1)
              Sort Key: courses.class
              Sort Method: external merge  Disk: 2296kB
              Buffers: shared hit=541, temp read=287 written=288
              ->  Seq Scan on courses  (cost=0.00..1541.01 rows=100001 width=12) (actual rows=100000 loops=1)
                    Buffers: shared hit=541
Planning Time: 0.098 ms
Execution Time: 308.199 ms",308.609,10889.59,11299,"Subquery Scan on temp_table  (cost=9845.92..10889.59 rows=6182 width=7) (actual rows=11299 loops=1)
  Buffers: shared hit=541, temp read=287 written=288
  ->  GroupAggregate  (cost=9845.92..10827.77 rows=6182 width=15) (actual rows=11299 loops=1)
        Group Key: courses.class
        Filter: (count(DISTINCT courses.student) >= 5)
        Rows Removed by Filter: 8569
        Buffers: shared hit=541, temp read=287 written=288
        ->  Sort  (cost=9845.92..10095.92 rows=100001 width=12) (actual rows=100000 loops=1)
              Sort Key: courses.class
              Sort Method: external merge  Disk: 2296kB
              Buffers: shared hit=541, temp read=287 written=288
              ->  Seq Scan on courses  (cost=0.00..1541.01 rows=100001 width=12) (actual rows=100000 loops=1)
                    Buffers: shared hit=541
Planning Time: 0.084 ms
Execution Time: 308.609 ms",310.088,10889.59,11299,"Subquery Scan on temp_table  (cost=9845.92..10889.59 rows=6182 width=7) (actual rows=11299 loops=1)
  Buffers: shared hit=541, temp read=287 written=288
  ->  GroupAggregate  (cost=9845.92..10827.77 rows=6182 width=15) (actual rows=11299 loops=1)
        Group Key: courses.class
        Filter: (count(DISTINCT courses.student) >= 5)
        Rows Removed by Filter: 8569
        Buffers: shared hit=541, temp read=287 written=288
        ->  Sort  (cost=9845.92..10095.92 rows=100001 width=12) (actual rows=100000 loops=1)
              Sort Key: courses.class
              Sort Method: external merge  Disk: 2296kB
              Buffers: shared hit=541, temp read=287 written=288
              ->  Seq Scan on courses  (cost=0.00..1541.01 rows=100001 width=12) (actual rows=100000 loops=1)
                    Buffers: shared hit=541
Planning Time: 0.088 ms
Execution Time: 310.088 ms",307.4156,308.199,309.3485,310.6796,10889.59,10889.59,11299,11299,11299,11299,normal,normal,7.362105300000028,15.599271700000003,equal variances,significant,0.003968253968253968,-268.1144,-268.6,-8616.74,0,True
320,596,14,Easy,select t_courses_0.class as class from schema_596.courses as t_courses_0 group by t_courses_0.class having 5 <= count(t_courses_0.student),31.363,2272.85,11299,"HashAggregate  (cost=2041.02..2272.85 rows=6182 width=7) (actual rows=11299 loops=1)
  Group Key: class
  Filter: (5 <= count(student))
  Batches: 1  Memory Usage: 2577kB
  Rows Removed by Filter: 8569
  Buffers: shared hit=541
  ->  Seq Scan on courses t_courses_0  (cost=0.00..1541.01 rows=100001 width=12) (actual rows=100000 loops=1)
        Buffers: shared hit=541
Planning Time: 0.057 ms
Execution Time: 31.363 ms",40.157,2272.85,11299,"HashAggregate  (cost=2041.02..2272.85 rows=6182 width=7) (actual rows=11299 loops=1)
  Group Key: class
  Filter: (5 <= count(student))
  Batches: 1  Memory Usage: 2577kB
  Rows Removed by Filter: 8569
  Buffers: shared hit=541
  ->  Seq Scan on courses t_courses_0  (cost=0.00..1541.01 rows=100001 width=12) (actual rows=100000 loops=1)
        Buffers: shared hit=541
Planning Time: 0.061 ms
Execution Time: 40.157 ms",41.551,2272.85,11299,"HashAggregate  (cost=2041.02..2272.85 rows=6182 width=7) (actual rows=11299 loops=1)
  Group Key: class
  Filter: (5 <= count(student))
  Batches: 1  Memory Usage: 2577kB
  Rows Removed by Filter: 8569
  Buffers: shared hit=541
  ->  Seq Scan on courses t_courses_0  (cost=0.00..1541.01 rows=100001 width=12) (actual rows=100000 loops=1)
        Buffers: shared hit=541
Planning Time: 0.074 ms
Execution Time: 41.551 ms",44.012,2272.85,11299,"HashAggregate  (cost=2041.02..2272.85 rows=6182 width=7) (actual rows=11299 loops=1)
  Group Key: class
  Filter: (5 <= count(student))
  Batches: 1  Memory Usage: 2577kB
  Rows Removed by Filter: 8569
  Buffers: shared hit=541
  ->  Seq Scan on courses t_courses_0  (cost=0.00..1541.01 rows=100001 width=12) (actual rows=100000 loops=1)
        Buffers: shared hit=541
Planning Time: 0.074 ms
Execution Time: 44.012 ms",43.667,2272.85,11299,"HashAggregate  (cost=2041.02..2272.85 rows=6182 width=7) (actual rows=11299 loops=1)
  Group Key: class
  Filter: (5 <= count(student))
  Batches: 1  Memory Usage: 2577kB
  Rows Removed by Filter: 8569
  Buffers: shared hit=541
  ->  Seq Scan on courses t_courses_0  (cost=0.00..1541.01 rows=100001 width=12) (actual rows=100000 loops=1)
        Buffers: shared hit=541
Planning Time: 0.078 ms
Execution Time: 43.667 ms",40.15,41.551,43.8395,44.15,2272.85,2272.85,11299,11299,11299,11299,596_14,320,596,14,Easy,"select class from (select class, count(distinct student) as num from schema_596.courses group by class) as tmp where num >= 5",300.266,10889.59,11299,"Subquery Scan on tmp  (cost=9845.92..10889.59 rows=6182 width=7) (actual rows=11299 loops=1)
  Buffers: shared hit=541, temp read=287 written=288
  ->  GroupAggregate  (cost=9845.92..10827.77 rows=6182 width=15) (actual rows=11299 loops=1)
        Group Key: courses.class
        Filter: (count(DISTINCT courses.student) >= 5)
        Rows Removed by Filter: 8569
        Buffers: shared hit=541, temp read=287 written=288
        ->  Sort  (cost=9845.92..10095.92 rows=100001 width=12) (actual rows=100000 loops=1)
              Sort Key: courses.class
              Sort Method: external merge  Disk: 2296kB
              Buffers: shared hit=541, temp read=287 written=288
              ->  Seq Scan on courses  (cost=0.00..1541.01 rows=100001 width=12) (actual rows=100000 loops=1)
                    Buffers: shared hit=541
Planning Time: 0.064 ms
Execution Time: 300.266 ms",303.758,10889.59,11299,"Subquery Scan on tmp  (cost=9845.92..10889.59 rows=6182 width=7) (actual rows=11299 loops=1)
  Buffers: shared hit=541, temp read=287 written=288
  ->  GroupAggregate  (cost=9845.92..10827.77 rows=6182 width=15) (actual rows=11299 loops=1)
        Group Key: courses.class
        Filter: (count(DISTINCT courses.student) >= 5)
        Rows Removed by Filter: 8569
        Buffers: shared hit=541, temp read=287 written=288
        ->  Sort  (cost=9845.92..10095.92 rows=100001 width=12) (actual rows=100000 loops=1)
              Sort Key: courses.class
              Sort Method: external merge  Disk: 2296kB
              Buffers: shared hit=541, temp read=287 written=288
              ->  Seq Scan on courses  (cost=0.00..1541.01 rows=100001 width=12) (actual rows=100000 loops=1)
                    Buffers: shared hit=541
Planning Time: 0.176 ms
Execution Time: 303.758 ms",311.338,10889.59,11299,"Subquery Scan on tmp  (cost=9845.92..10889.59 rows=6182 width=7) (actual rows=11299 loops=1)
  Buffers: shared hit=541, temp read=287 written=288
  ->  GroupAggregate  (cost=9845.92..10827.77 rows=6182 width=15) (actual rows=11299 loops=1)
        Group Key: courses.class
        Filter: (count(DISTINCT courses.student) >= 5)
        Rows Removed by Filter: 8569
        Buffers: shared hit=541, temp read=287 written=288
        ->  Sort  (cost=9845.92..10095.92 rows=100001 width=12) (actual rows=100000 loops=1)
              Sort Key: courses.class
              Sort Method: external merge  Disk: 2296kB
              Buffers: shared hit=541, temp read=287 written=288
              ->  Seq Scan on courses  (cost=0.00..1541.01 rows=100001 width=12) (actual rows=100000 loops=1)
                    Buffers: shared hit=541
Planning Time: 0.146 ms
Execution Time: 311.338 ms",305.99,10889.59,11299,"Subquery Scan on tmp  (cost=9845.92..10889.59 rows=6182 width=7) (actual rows=11299 loops=1)
  Buffers: shared hit=541, temp read=287 written=288
  ->  GroupAggregate  (cost=9845.92..10827.77 rows=6182 width=15) (actual rows=11299 loops=1)
        Group Key: courses.class
        Filter: (count(DISTINCT courses.student) >= 5)
        Rows Removed by Filter: 8569
        Buffers: shared hit=541, temp read=287 written=288
        ->  Sort  (cost=9845.92..10095.92 rows=100001 width=12) (actual rows=100000 loops=1)
              Sort Key: courses.class
              Sort Method: external merge  Disk: 2296kB
              Buffers: shared hit=541, temp read=287 written=288
              ->  Seq Scan on courses  (cost=0.00..1541.01 rows=100001 width=12) (actual rows=100000 loops=1)
                    Buffers: shared hit=541
Planning Time: 0.096 ms
Execution Time: 305.990 ms",309.01,10889.59,11299,"Subquery Scan on tmp  (cost=9845.92..10889.59 rows=6182 width=7) (actual rows=11299 loops=1)
  Buffers: shared hit=541, temp read=287 written=288
  ->  GroupAggregate  (cost=9845.92..10827.77 rows=6182 width=15) (actual rows=11299 loops=1)
        Group Key: courses.class
        Filter: (count(DISTINCT courses.student) >= 5)
        Rows Removed by Filter: 8569
        Buffers: shared hit=541, temp read=287 written=288
        ->  Sort  (cost=9845.92..10095.92 rows=100001 width=12) (actual rows=100000 loops=1)
              Sort Key: courses.class
              Sort Method: external merge  Disk: 2296kB
              Buffers: shared hit=541, temp read=287 written=288
              ->  Seq Scan on courses  (cost=0.00..1541.01 rows=100001 width=12) (actual rows=100000 loops=1)
                    Buffers: shared hit=541
Planning Time: 0.085 ms
Execution Time: 309.010 ms",306.0724,305.99,310.174,312.2692,10889.59,10889.59,11299,11299,11299,11299,normal,normal,18.858388800000014,26.614638000000006,equal variances,significant,0.003968253968253968,-265.92240000000004,-264.439,-8616.74,0,True
321,596,15,Easy,select t_courses_0.class as class from schema_596.courses as t_courses_0 group by t_courses_0.class having 5 <= count(t_courses_0.student),32.027,2272.85,11299,"HashAggregate  (cost=2041.02..2272.85 rows=6182 width=7) (actual rows=11299 loops=1)
  Group Key: class
  Filter: (5 <= count(student))
  Batches: 1  Memory Usage: 2577kB
  Rows Removed by Filter: 8569
  Buffers: shared hit=541
  ->  Seq Scan on courses t_courses_0  (cost=0.00..1541.01 rows=100001 width=12) (actual rows=100000 loops=1)
        Buffers: shared hit=541
Planning Time: 0.076 ms
Execution Time: 32.027 ms",44.401,2272.85,11299,"HashAggregate  (cost=2041.02..2272.85 rows=6182 width=7) (actual rows=11299 loops=1)
  Group Key: class
  Filter: (5 <= count(student))
  Batches: 1  Memory Usage: 2577kB
  Rows Removed by Filter: 8569
  Buffers: shared hit=541
  ->  Seq Scan on courses t_courses_0  (cost=0.00..1541.01 rows=100001 width=12) (actual rows=100000 loops=1)
        Buffers: shared hit=541
Planning Time: 0.086 ms
Execution Time: 44.401 ms",41.393,2272.85,11299,"HashAggregate  (cost=2041.02..2272.85 rows=6182 width=7) (actual rows=11299 loops=1)
  Group Key: class
  Filter: (5 <= count(student))
  Batches: 1  Memory Usage: 2577kB
  Rows Removed by Filter: 8569
  Buffers: shared hit=541
  ->  Seq Scan on courses t_courses_0  (cost=0.00..1541.01 rows=100001 width=12) (actual rows=100000 loops=1)
        Buffers: shared hit=541
Planning Time: 0.105 ms
Execution Time: 41.393 ms",38.575,2272.85,11299,"HashAggregate  (cost=2041.02..2272.85 rows=6182 width=7) (actual rows=11299 loops=1)
  Group Key: class
  Filter: (5 <= count(student))
  Batches: 1  Memory Usage: 2577kB
  Rows Removed by Filter: 8569
  Buffers: shared hit=541
  ->  Seq Scan on courses t_courses_0  (cost=0.00..1541.01 rows=100001 width=12) (actual rows=100000 loops=1)
        Buffers: shared hit=541
Planning Time: 0.078 ms
Execution Time: 38.575 ms",40.307,2272.85,11299,"HashAggregate  (cost=2041.02..2272.85 rows=6182 width=7) (actual rows=11299 loops=1)
  Group Key: class
  Filter: (5 <= count(student))
  Batches: 1  Memory Usage: 2577kB
  Rows Removed by Filter: 8569
  Buffers: shared hit=541
  ->  Seq Scan on courses t_courses_0  (cost=0.00..1541.01 rows=100001 width=12) (actual rows=100000 loops=1)
        Buffers: shared hit=541
Planning Time: 0.088 ms
Execution Time: 40.307 ms",39.3406,40.307,42.897,45.6042,2272.85,2272.85,11299,11299,11299,11299,596_15,321,596,15,Easy,"select class from (select class, count(distinct student) as count_n from schema_596.courses group by 1) as tmp where count_n >= 5",302.837,10889.59,11299,"Subquery Scan on tmp  (cost=9845.92..10889.59 rows=6182 width=7) (actual rows=11299 loops=1)
  Buffers: shared hit=541, temp read=287 written=288
  ->  GroupAggregate  (cost=9845.92..10827.77 rows=6182 width=15) (actual rows=11299 loops=1)
        Group Key: courses.class
        Filter: (count(DISTINCT courses.student) >= 5)
        Rows Removed by Filter: 8569
        Buffers: shared hit=541, temp read=287 written=288
        ->  Sort  (cost=9845.92..10095.92 rows=100001 width=12) (actual rows=100000 loops=1)
              Sort Key: courses.class
              Sort Method: external merge  Disk: 2296kB
              Buffers: shared hit=541, temp read=287 written=288
              ->  Seq Scan on courses  (cost=0.00..1541.01 rows=100001 width=12) (actual rows=100000 loops=1)
                    Buffers: shared hit=541
Planning Time: 0.115 ms
Execution Time: 302.837 ms",305.66,10889.59,11299,"Subquery Scan on tmp  (cost=9845.92..10889.59 rows=6182 width=7) (actual rows=11299 loops=1)
  Buffers: shared hit=541, temp read=287 written=288
  ->  GroupAggregate  (cost=9845.92..10827.77 rows=6182 width=15) (actual rows=11299 loops=1)
        Group Key: courses.class
        Filter: (count(DISTINCT courses.student) >= 5)
        Rows Removed by Filter: 8569
        Buffers: shared hit=541, temp read=287 written=288
        ->  Sort  (cost=9845.92..10095.92 rows=100001 width=12) (actual rows=100000 loops=1)
              Sort Key: courses.class
              Sort Method: external merge  Disk: 2296kB
              Buffers: shared hit=541, temp read=287 written=288
              ->  Seq Scan on courses  (cost=0.00..1541.01 rows=100001 width=12) (actual rows=100000 loops=1)
                    Buffers: shared hit=541
Planning Time: 0.078 ms
Execution Time: 305.660 ms",313.371,10889.59,11299,"Subquery Scan on tmp  (cost=9845.92..10889.59 rows=6182 width=7) (actual rows=11299 loops=1)
  Buffers: shared hit=541, temp read=287 written=288
  ->  GroupAggregate  (cost=9845.92..10827.77 rows=6182 width=15) (actual rows=11299 loops=1)
        Group Key: courses.class
        Filter: (count(DISTINCT courses.student) >= 5)
        Rows Removed by Filter: 8569
        Buffers: shared hit=541, temp read=287 written=288
        ->  Sort  (cost=9845.92..10095.92 rows=100001 width=12) (actual rows=100000 loops=1)
              Sort Key: courses.class
              Sort Method: external merge  Disk: 2296kB
              Buffers: shared hit=541, temp read=287 written=288
              ->  Seq Scan on courses  (cost=0.00..1541.01 rows=100001 width=12) (actual rows=100000 loops=1)
                    Buffers: shared hit=541
Planning Time: 0.082 ms
Execution Time: 313.371 ms",304.195,10889.59,11299,"Subquery Scan on tmp  (cost=9845.92..10889.59 rows=6182 width=7) (actual rows=11299 loops=1)
  Buffers: shared hit=541, temp read=287 written=288
  ->  GroupAggregate  (cost=9845.92..10827.77 rows=6182 width=15) (actual rows=11299 loops=1)
        Group Key: courses.class
        Filter: (count(DISTINCT courses.student) >= 5)
        Rows Removed by Filter: 8569
        Buffers: shared hit=541, temp read=287 written=288
        ->  Sort  (cost=9845.92..10095.92 rows=100001 width=12) (actual rows=100000 loops=1)
              Sort Key: courses.class
              Sort Method: external merge  Disk: 2296kB
              Buffers: shared hit=541, temp read=287 written=288
              ->  Seq Scan on courses  (cost=0.00..1541.01 rows=100001 width=12) (actual rows=100000 loops=1)
                    Buffers: shared hit=541
Planning Time: 0.101 ms
Execution Time: 304.195 ms",353.369,10889.59,11299,"Subquery Scan on tmp  (cost=9845.92..10889.59 rows=6182 width=7) (actual rows=11299 loops=1)
  Buffers: shared hit=541, temp read=287 written=288
  ->  GroupAggregate  (cost=9845.92..10827.77 rows=6182 width=15) (actual rows=11299 loops=1)
        Group Key: courses.class
        Filter: (count(DISTINCT courses.student) >= 5)
        Rows Removed by Filter: 8569
        Buffers: shared hit=541, temp read=287 written=288
        ->  Sort  (cost=9845.92..10095.92 rows=100001 width=12) (actual rows=100000 loops=1)
              Sort Key: courses.class
              Sort Method: external merge  Disk: 2296kB
              Buffers: shared hit=541, temp read=287 written=288
              ->  Seq Scan on courses  (cost=0.00..1541.01 rows=100001 width=12) (actual rows=100000 loops=1)
                    Buffers: shared hit=541
Planning Time: 0.099 ms
Execution Time: 353.369 ms",315.8864,305.66,333.37,369.3682,10889.59,10889.59,11299,11299,11299,11299,not normal,normal,455.7068678000005,21.207202800000005,equal variances,significant,0.003968253968253968,-276.5458,-265.353,-8616.74,0,True
322,596,16,Easy,select t_courses_0.class as class from schema_596.courses as t_courses_0 group by t_courses_0.class having 5 <= count(t_courses_0.student),34.343,2272.85,11299,"HashAggregate  (cost=2041.02..2272.85 rows=6182 width=7) (actual rows=11299 loops=1)
  Group Key: class
  Filter: (5 <= count(student))
  Batches: 1  Memory Usage: 2577kB
  Rows Removed by Filter: 8569
  Buffers: shared hit=541
  ->  Seq Scan on courses t_courses_0  (cost=0.00..1541.01 rows=100001 width=12) (actual rows=100000 loops=1)
        Buffers: shared hit=541
Planning Time: 0.049 ms
Execution Time: 34.343 ms",40.454,2272.85,11299,"HashAggregate  (cost=2041.02..2272.85 rows=6182 width=7) (actual rows=11299 loops=1)
  Group Key: class
  Filter: (5 <= count(student))
  Batches: 1  Memory Usage: 2577kB
  Rows Removed by Filter: 8569
  Buffers: shared hit=541
  ->  Seq Scan on courses t_courses_0  (cost=0.00..1541.01 rows=100001 width=12) (actual rows=100000 loops=1)
        Buffers: shared hit=541
Planning Time: 0.081 ms
Execution Time: 40.454 ms",40.145,2272.85,11299,"HashAggregate  (cost=2041.02..2272.85 rows=6182 width=7) (actual rows=11299 loops=1)
  Group Key: class
  Filter: (5 <= count(student))
  Batches: 1  Memory Usage: 2577kB
  Rows Removed by Filter: 8569
  Buffers: shared hit=541
  ->  Seq Scan on courses t_courses_0  (cost=0.00..1541.01 rows=100001 width=12) (actual rows=100000 loops=1)
        Buffers: shared hit=541
Planning Time: 0.072 ms
Execution Time: 40.145 ms",39.459,2272.85,11299,"HashAggregate  (cost=2041.02..2272.85 rows=6182 width=7) (actual rows=11299 loops=1)
  Group Key: class
  Filter: (5 <= count(student))
  Batches: 1  Memory Usage: 2577kB
  Rows Removed by Filter: 8569
  Buffers: shared hit=541
  ->  Seq Scan on courses t_courses_0  (cost=0.00..1541.01 rows=100001 width=12) (actual rows=100000 loops=1)
        Buffers: shared hit=541
Planning Time: 0.083 ms
Execution Time: 39.459 ms",41.812,2272.85,11299,"HashAggregate  (cost=2041.02..2272.85 rows=6182 width=7) (actual rows=11299 loops=1)
  Group Key: class
  Filter: (5 <= count(student))
  Batches: 1  Memory Usage: 2577kB
  Rows Removed by Filter: 8569
  Buffers: shared hit=541
  ->  Seq Scan on courses t_courses_0  (cost=0.00..1541.01 rows=100001 width=12) (actual rows=100000 loops=1)
        Buffers: shared hit=541
Planning Time: 0.074 ms
Execution Time: 41.812 ms",39.2426,40.145,41.133,42.3552,2272.85,2272.85,11299,11299,11299,11299,596_16,322,596,16,Easy,"select class from (select class, count(distinct student) as number from schema_596.courses group by class) as count_table where number >= 5",302.339,10889.59,11299,"Subquery Scan on count_table  (cost=9845.92..10889.59 rows=6182 width=7) (actual rows=11299 loops=1)
  Buffers: shared hit=541, temp read=287 written=288
  ->  GroupAggregate  (cost=9845.92..10827.77 rows=6182 width=15) (actual rows=11299 loops=1)
        Group Key: courses.class
        Filter: (count(DISTINCT courses.student) >= 5)
        Rows Removed by Filter: 8569
        Buffers: shared hit=541, temp read=287 written=288
        ->  Sort  (cost=9845.92..10095.92 rows=100001 width=12) (actual rows=100000 loops=1)
              Sort Key: courses.class
              Sort Method: external merge  Disk: 2296kB
              Buffers: shared hit=541, temp read=287 written=288
              ->  Seq Scan on courses  (cost=0.00..1541.01 rows=100001 width=12) (actual rows=100000 loops=1)
                    Buffers: shared hit=541
Planning Time: 0.063 ms
Execution Time: 302.339 ms",305.101,10889.59,11299,"Subquery Scan on count_table  (cost=9845.92..10889.59 rows=6182 width=7) (actual rows=11299 loops=1)
  Buffers: shared hit=541, temp read=287 written=288
  ->  GroupAggregate  (cost=9845.92..10827.77 rows=6182 width=15) (actual rows=11299 loops=1)
        Group Key: courses.class
        Filter: (count(DISTINCT courses.student) >= 5)
        Rows Removed by Filter: 8569
        Buffers: shared hit=541, temp read=287 written=288
        ->  Sort  (cost=9845.92..10095.92 rows=100001 width=12) (actual rows=100000 loops=1)
              Sort Key: courses.class
              Sort Method: external merge  Disk: 2296kB
              Buffers: shared hit=541, temp read=287 written=288
              ->  Seq Scan on courses  (cost=0.00..1541.01 rows=100001 width=12) (actual rows=100000 loops=1)
                    Buffers: shared hit=541
Planning Time: 0.114 ms
Execution Time: 305.101 ms",305.204,10889.59,11299,"Subquery Scan on count_table  (cost=9845.92..10889.59 rows=6182 width=7) (actual rows=11299 loops=1)
  Buffers: shared hit=541, temp read=287 written=288
  ->  GroupAggregate  (cost=9845.92..10827.77 rows=6182 width=15) (actual rows=11299 loops=1)
        Group Key: courses.class
        Filter: (count(DISTINCT courses.student) >= 5)
        Rows Removed by Filter: 8569
        Buffers: shared hit=541, temp read=287 written=288
        ->  Sort  (cost=9845.92..10095.92 rows=100001 width=12) (actual rows=100000 loops=1)
              Sort Key: courses.class
              Sort Method: external merge  Disk: 2296kB
              Buffers: shared hit=541, temp read=287 written=288
              ->  Seq Scan on courses  (cost=0.00..1541.01 rows=100001 width=12) (actual rows=100000 loops=1)
                    Buffers: shared hit=541
Planning Time: 0.167 ms
Execution Time: 305.204 ms",314.575,10889.59,11299,"Subquery Scan on count_table  (cost=9845.92..10889.59 rows=6182 width=7) (actual rows=11299 loops=1)
  Buffers: shared hit=541, temp read=287 written=288
  ->  GroupAggregate  (cost=9845.92..10827.77 rows=6182 width=15) (actual rows=11299 loops=1)
        Group Key: courses.class
        Filter: (count(DISTINCT courses.student) >= 5)
        Rows Removed by Filter: 8569
        Buffers: shared hit=541, temp read=287 written=288
        ->  Sort  (cost=9845.92..10095.92 rows=100001 width=12) (actual rows=100000 loops=1)
              Sort Key: courses.class
              Sort Method: external merge  Disk: 2296kB
              Buffers: shared hit=541, temp read=287 written=288
              ->  Seq Scan on courses  (cost=0.00..1541.01 rows=100001 width=12) (actual rows=100000 loops=1)
                    Buffers: shared hit=541
Planning Time: 0.095 ms
Execution Time: 314.575 ms",305.049,10889.59,11299,"Subquery Scan on count_table  (cost=9845.92..10889.59 rows=6182 width=7) (actual rows=11299 loops=1)
  Buffers: shared hit=541, temp read=287 written=288
  ->  GroupAggregate  (cost=9845.92..10827.77 rows=6182 width=15) (actual rows=11299 loops=1)
        Group Key: courses.class
        Filter: (count(DISTINCT courses.student) >= 5)
        Rows Removed by Filter: 8569
        Buffers: shared hit=541, temp read=287 written=288
        ->  Sort  (cost=9845.92..10095.92 rows=100001 width=12) (actual rows=100000 loops=1)
              Sort Key: courses.class
              Sort Method: external merge  Disk: 2296kB
              Buffers: shared hit=541, temp read=287 written=288
              ->  Seq Scan on courses  (cost=0.00..1541.01 rows=100001 width=12) (actual rows=100000 loops=1)
                    Buffers: shared hit=541
Planning Time: 0.096 ms
Execution Time: 305.049 ms",306.4536,305.101,309.8895,318.3234,10889.59,10889.59,11299,11299,11299,11299,not normal,normal,22.06274979999997,8.234135299999991,equal variances,significant,0.003968253968253968,-267.211,-264.956,-8616.74,0,True
323,596,17,Easy,select t_courses_0.class as class from schema_596.courses as t_courses_0 group by t_courses_0.class having 5 <= count(t_courses_0.student),31.338,2272.85,11299,"HashAggregate  (cost=2041.02..2272.85 rows=6182 width=7) (actual rows=11299 loops=1)
  Group Key: class
  Filter: (5 <= count(student))
  Batches: 1  Memory Usage: 2577kB
  Rows Removed by Filter: 8569
  Buffers: shared hit=541
  ->  Seq Scan on courses t_courses_0  (cost=0.00..1541.01 rows=100001 width=12) (actual rows=100000 loops=1)
        Buffers: shared hit=541
Planning Time: 0.051 ms
Execution Time: 31.338 ms",44.242,2272.85,11299,"HashAggregate  (cost=2041.02..2272.85 rows=6182 width=7) (actual rows=11299 loops=1)
  Group Key: class
  Filter: (5 <= count(student))
  Batches: 1  Memory Usage: 2577kB
  Rows Removed by Filter: 8569
  Buffers: shared hit=541
  ->  Seq Scan on courses t_courses_0  (cost=0.00..1541.01 rows=100001 width=12) (actual rows=100000 loops=1)
        Buffers: shared hit=541
Planning Time: 0.071 ms
Execution Time: 44.242 ms",39.511,2272.85,11299,"HashAggregate  (cost=2041.02..2272.85 rows=6182 width=7) (actual rows=11299 loops=1)
  Group Key: class
  Filter: (5 <= count(student))
  Batches: 1  Memory Usage: 2577kB
  Rows Removed by Filter: 8569
  Buffers: shared hit=541
  ->  Seq Scan on courses t_courses_0  (cost=0.00..1541.01 rows=100001 width=12) (actual rows=100000 loops=1)
        Buffers: shared hit=541
Planning Time: 0.087 ms
Execution Time: 39.511 ms",40.325,2272.85,11299,"HashAggregate  (cost=2041.02..2272.85 rows=6182 width=7) (actual rows=11299 loops=1)
  Group Key: class
  Filter: (5 <= count(student))
  Batches: 1  Memory Usage: 2577kB
  Rows Removed by Filter: 8569
  Buffers: shared hit=541
  ->  Seq Scan on courses t_courses_0  (cost=0.00..1541.01 rows=100001 width=12) (actual rows=100000 loops=1)
        Buffers: shared hit=541
Planning Time: 0.065 ms
Execution Time: 40.325 ms",38.911,2272.85,11299,"HashAggregate  (cost=2041.02..2272.85 rows=6182 width=7) (actual rows=11299 loops=1)
  Group Key: class
  Filter: (5 <= count(student))
  Batches: 1  Memory Usage: 2577kB
  Rows Removed by Filter: 8569
  Buffers: shared hit=541
  ->  Seq Scan on courses t_courses_0  (cost=0.00..1541.01 rows=100001 width=12) (actual rows=100000 loops=1)
        Buffers: shared hit=541
Planning Time: 0.057 ms
Execution Time: 38.911 ms",38.8654,39.511,42.2835,45.8088,2272.85,2272.85,11299,11299,11299,11299,596_17,323,596,17,Easy,"select class from (select class, count(distinct student) as class_count from schema_596.courses group by class) as s where class_count >= 5",304.721,10889.59,11299,"Subquery Scan on s  (cost=9845.92..10889.59 rows=6182 width=7) (actual rows=11299 loops=1)
  Buffers: shared hit=541, temp read=287 written=288
  ->  GroupAggregate  (cost=9845.92..10827.77 rows=6182 width=15) (actual rows=11299 loops=1)
        Group Key: courses.class
        Filter: (count(DISTINCT courses.student) >= 5)
        Rows Removed by Filter: 8569
        Buffers: shared hit=541, temp read=287 written=288
        ->  Sort  (cost=9845.92..10095.92 rows=100001 width=12) (actual rows=100000 loops=1)
              Sort Key: courses.class
              Sort Method: external merge  Disk: 2296kB
              Buffers: shared hit=541, temp read=287 written=288
              ->  Seq Scan on courses  (cost=0.00..1541.01 rows=100001 width=12) (actual rows=100000 loops=1)
                    Buffers: shared hit=541
Planning Time: 0.064 ms
Execution Time: 304.721 ms",312.57,10889.59,11299,"Subquery Scan on s  (cost=9845.92..10889.59 rows=6182 width=7) (actual rows=11299 loops=1)
  Buffers: shared hit=541, temp read=287 written=288
  ->  GroupAggregate  (cost=9845.92..10827.77 rows=6182 width=15) (actual rows=11299 loops=1)
        Group Key: courses.class
        Filter: (count(DISTINCT courses.student) >= 5)
        Rows Removed by Filter: 8569
        Buffers: shared hit=541, temp read=287 written=288
        ->  Sort  (cost=9845.92..10095.92 rows=100001 width=12) (actual rows=100000 loops=1)
              Sort Key: courses.class
              Sort Method: external merge  Disk: 2296kB
              Buffers: shared hit=541, temp read=287 written=288
              ->  Seq Scan on courses  (cost=0.00..1541.01 rows=100001 width=12) (actual rows=100000 loops=1)
                    Buffers: shared hit=541
Planning Time: 0.106 ms
Execution Time: 312.570 ms",309.522,10889.59,11299,"Subquery Scan on s  (cost=9845.92..10889.59 rows=6182 width=7) (actual rows=11299 loops=1)
  Buffers: shared hit=541, temp read=287 written=288
  ->  GroupAggregate  (cost=9845.92..10827.77 rows=6182 width=15) (actual rows=11299 loops=1)
        Group Key: courses.class
        Filter: (count(DISTINCT courses.student) >= 5)
        Rows Removed by Filter: 8569
        Buffers: shared hit=541, temp read=287 written=288
        ->  Sort  (cost=9845.92..10095.92 rows=100001 width=12) (actual rows=100000 loops=1)
              Sort Key: courses.class
              Sort Method: external merge  Disk: 2296kB
              Buffers: shared hit=541, temp read=287 written=288
              ->  Seq Scan on courses  (cost=0.00..1541.01 rows=100001 width=12) (actual rows=100000 loops=1)
                    Buffers: shared hit=541
Planning Time: 0.110 ms
Execution Time: 309.522 ms",310.738,10889.59,11299,"Subquery Scan on s  (cost=9845.92..10889.59 rows=6182 width=7) (actual rows=11299 loops=1)
  Buffers: shared hit=541, temp read=287 written=288
  ->  GroupAggregate  (cost=9845.92..10827.77 rows=6182 width=15) (actual rows=11299 loops=1)
        Group Key: courses.class
        Filter: (count(DISTINCT courses.student) >= 5)
        Rows Removed by Filter: 8569
        Buffers: shared hit=541, temp read=287 written=288
        ->  Sort  (cost=9845.92..10095.92 rows=100001 width=12) (actual rows=100000 loops=1)
              Sort Key: courses.class
              Sort Method: external merge  Disk: 2296kB
              Buffers: shared hit=541, temp read=287 written=288
              ->  Seq Scan on courses  (cost=0.00..1541.01 rows=100001 width=12) (actual rows=100000 loops=1)
                    Buffers: shared hit=541
Planning Time: 0.092 ms
Execution Time: 310.738 ms",309.679,10889.59,11299,"Subquery Scan on s  (cost=9845.92..10889.59 rows=6182 width=7) (actual rows=11299 loops=1)
  Buffers: shared hit=541, temp read=287 written=288
  ->  GroupAggregate  (cost=9845.92..10827.77 rows=6182 width=15) (actual rows=11299 loops=1)
        Group Key: courses.class
        Filter: (count(DISTINCT courses.student) >= 5)
        Rows Removed by Filter: 8569
        Buffers: shared hit=541, temp read=287 written=288
        ->  Sort  (cost=9845.92..10095.92 rows=100001 width=12) (actual rows=100000 loops=1)
              Sort Key: courses.class
              Sort Method: external merge  Disk: 2296kB
              Buffers: shared hit=541, temp read=287 written=288
              ->  Seq Scan on courses  (cost=0.00..1541.01 rows=100001 width=12) (actual rows=100000 loops=1)
                    Buffers: shared hit=541
Planning Time: 0.161 ms
Execution Time: 309.679 ms",309.446,309.679,311.654,313.3028,10889.59,10889.59,11299,11299,11299,11299,normal,normal,8.453582499999976,22.029722299999992,equal variances,significant,0.003968253968253968,-270.5806,-270.16799999999995,-8616.74,0,True
324,596,21,Easy,select t_courses_0.class as class from schema_596.courses as t_courses_0 group by t_courses_0.class having 5 <= count(t_courses_0.class),31.595,2272.85,11299,"HashAggregate  (cost=2041.02..2272.85 rows=6182 width=7) (actual rows=11299 loops=1)
  Group Key: class
  Filter: (5 <= count(class))
  Batches: 1  Memory Usage: 2577kB
  Rows Removed by Filter: 8569
  Buffers: shared hit=541
  ->  Seq Scan on courses t_courses_0  (cost=0.00..1541.01 rows=100001 width=7) (actual rows=100000 loops=1)
        Buffers: shared hit=541
Planning Time: 0.050 ms
Execution Time: 31.595 ms",41.617,2272.85,11299,"HashAggregate  (cost=2041.02..2272.85 rows=6182 width=7) (actual rows=11299 loops=1)
  Group Key: class
  Filter: (5 <= count(class))
  Batches: 1  Memory Usage: 2577kB
  Rows Removed by Filter: 8569
  Buffers: shared hit=541
  ->  Seq Scan on courses t_courses_0  (cost=0.00..1541.01 rows=100001 width=7) (actual rows=100000 loops=1)
        Buffers: shared hit=541
Planning Time: 0.073 ms
Execution Time: 41.617 ms",41.061,2272.85,11299,"HashAggregate  (cost=2041.02..2272.85 rows=6182 width=7) (actual rows=11299 loops=1)
  Group Key: class
  Filter: (5 <= count(class))
  Batches: 1  Memory Usage: 2577kB
  Rows Removed by Filter: 8569
  Buffers: shared hit=541
  ->  Seq Scan on courses t_courses_0  (cost=0.00..1541.01 rows=100001 width=7) (actual rows=100000 loops=1)
        Buffers: shared hit=541
Planning Time: 0.076 ms
Execution Time: 41.061 ms",41.318,2272.85,11299,"HashAggregate  (cost=2041.02..2272.85 rows=6182 width=7) (actual rows=11299 loops=1)
  Group Key: class
  Filter: (5 <= count(class))
  Batches: 1  Memory Usage: 2577kB
  Rows Removed by Filter: 8569
  Buffers: shared hit=541
  ->  Seq Scan on courses t_courses_0  (cost=0.00..1541.01 rows=100001 width=7) (actual rows=100000 loops=1)
        Buffers: shared hit=541
Planning Time: 0.069 ms
Execution Time: 41.318 ms",42.109,2272.85,11299,"HashAggregate  (cost=2041.02..2272.85 rows=6182 width=7) (actual rows=11299 loops=1)
  Group Key: class
  Filter: (5 <= count(class))
  Batches: 1  Memory Usage: 2577kB
  Rows Removed by Filter: 8569
  Buffers: shared hit=541
  ->  Seq Scan on courses t_courses_0  (cost=0.00..1541.01 rows=100001 width=7) (actual rows=100000 loops=1)
        Buffers: shared hit=541
Planning Time: 0.076 ms
Execution Time: 42.109 ms",39.54,41.318,41.863,42.3058,2272.85,2272.85,11299,11299,11299,11299,596_21,324,596,21,Easy,"select class from (select distinct student, class from schema_596.courses) as s group by class having count(class) >= 5",96.58,2507.19,11299,"HashAggregate  (cost=2504.69..2507.19 rows=67 width=7) (actual rows=11299 loops=1)
  Group Key: courses.class
  Filter: (count(courses.class) >= 5)
  Batches: 1  Memory Usage: 2593kB
  Rows Removed by Filter: 8569
  Buffers: shared hit=541, temp read=210 written=373
  ->  HashAggregate  (cost=2041.01..2226.48 rows=18547 width=12) (actual rows=100000 loops=1)
        Group Key: courses.student, courses.class
        Batches: 5  Memory Usage: 4145kB  Disk Usage: 1768kB
        Buffers: shared hit=541, temp read=210 written=373
        ->  Seq Scan on courses  (cost=0.00..1541.01 rows=100001 width=12) (actual rows=100000 loops=1)
              Buffers: shared hit=541
Planning Time: 0.103 ms
Execution Time: 96.580 ms",91.592,2507.19,11299,"HashAggregate  (cost=2504.69..2507.19 rows=67 width=7) (actual rows=11299 loops=1)
  Group Key: courses.class
  Filter: (count(courses.class) >= 5)
  Batches: 1  Memory Usage: 2593kB
  Rows Removed by Filter: 8569
  Buffers: shared hit=541, temp read=210 written=373
  ->  HashAggregate  (cost=2041.01..2226.48 rows=18547 width=12) (actual rows=100000 loops=1)
        Group Key: courses.student, courses.class
        Batches: 5  Memory Usage: 4145kB  Disk Usage: 1768kB
        Buffers: shared hit=541, temp read=210 written=373
        ->  Seq Scan on courses  (cost=0.00..1541.01 rows=100001 width=12) (actual rows=100000 loops=1)
              Buffers: shared hit=541
Planning Time: 0.088 ms
Execution Time: 91.592 ms",91.756,2507.19,11299,"HashAggregate  (cost=2504.69..2507.19 rows=67 width=7) (actual rows=11299 loops=1)
  Group Key: courses.class
  Filter: (count(courses.class) >= 5)
  Batches: 1  Memory Usage: 2593kB
  Rows Removed by Filter: 8569
  Buffers: shared hit=541, temp read=210 written=373
  ->  HashAggregate  (cost=2041.01..2226.48 rows=18547 width=12) (actual rows=100000 loops=1)
        Group Key: courses.student, courses.class
        Batches: 5  Memory Usage: 4145kB  Disk Usage: 1768kB
        Buffers: shared hit=541, temp read=210 written=373
        ->  Seq Scan on courses  (cost=0.00..1541.01 rows=100001 width=12) (actual rows=100000 loops=1)
              Buffers: shared hit=541
Planning Time: 0.087 ms
Execution Time: 91.756 ms",88.994,2507.19,11299,"HashAggregate  (cost=2504.69..2507.19 rows=67 width=7) (actual rows=11299 loops=1)
  Group Key: courses.class
  Filter: (count(courses.class) >= 5)
  Batches: 1  Memory Usage: 2593kB
  Rows Removed by Filter: 8569
  Buffers: shared hit=541, temp read=210 written=373
  ->  HashAggregate  (cost=2041.01..2226.48 rows=18547 width=12) (actual rows=100000 loops=1)
        Group Key: courses.student, courses.class
        Batches: 5  Memory Usage: 4145kB  Disk Usage: 1768kB
        Buffers: shared hit=541, temp read=210 written=373
        ->  Seq Scan on courses  (cost=0.00..1541.01 rows=100001 width=12) (actual rows=100000 loops=1)
              Buffers: shared hit=541
Planning Time: 0.096 ms
Execution Time: 88.994 ms",97.917,2507.19,11299,"HashAggregate  (cost=2504.69..2507.19 rows=67 width=7) (actual rows=11299 loops=1)
  Group Key: courses.class
  Filter: (count(courses.class) >= 5)
  Batches: 1  Memory Usage: 2593kB
  Rows Removed by Filter: 8569
  Buffers: shared hit=541, temp read=210 written=373
  ->  HashAggregate  (cost=2041.01..2226.48 rows=18547 width=12) (actual rows=100000 loops=1)
        Group Key: courses.student, courses.class
        Batches: 5  Memory Usage: 4145kB  Disk Usage: 1768kB
        Buffers: shared hit=541, temp read=210 written=373
        ->  Seq Scan on courses  (cost=0.00..1541.01 rows=100001 width=12) (actual rows=100000 loops=1)
              Buffers: shared hit=541
Planning Time: 0.087 ms
Execution Time: 97.917 ms",93.3678,91.756,97.2485,98.4518,2507.19,2507.19,11299,11299,11299,11299,normal,not normal,13.973735200000002,19.877860000000002,equal variances,significant,0.003968253968253968,-53.8278,-50.438,-234.34000000000015,0,True
325,596,23,Easy,select t_courses_0.class as class from schema_596.courses as t_courses_0 group by t_courses_0.class having 5 <= count(t_courses_0.student),30.769,2272.85,11299,"HashAggregate  (cost=2041.02..2272.85 rows=6182 width=7) (actual rows=11299 loops=1)
  Group Key: class
  Filter: (5 <= count(student))
  Batches: 1  Memory Usage: 2577kB
  Rows Removed by Filter: 8569
  Buffers: shared hit=541
  ->  Seq Scan on courses t_courses_0  (cost=0.00..1541.01 rows=100001 width=12) (actual rows=100000 loops=1)
        Buffers: shared hit=541
Planning Time: 0.051 ms
Execution Time: 30.769 ms",40.522,2272.85,11299,"HashAggregate  (cost=2041.02..2272.85 rows=6182 width=7) (actual rows=11299 loops=1)
  Group Key: class
  Filter: (5 <= count(student))
  Batches: 1  Memory Usage: 2577kB
  Rows Removed by Filter: 8569
  Buffers: shared hit=541
  ->  Seq Scan on courses t_courses_0  (cost=0.00..1541.01 rows=100001 width=12) (actual rows=100000 loops=1)
        Buffers: shared hit=541
Planning Time: 0.083 ms
Execution Time: 40.522 ms",38.978,2272.85,11299,"HashAggregate  (cost=2041.02..2272.85 rows=6182 width=7) (actual rows=11299 loops=1)
  Group Key: class
  Filter: (5 <= count(student))
  Batches: 1  Memory Usage: 2577kB
  Rows Removed by Filter: 8569
  Buffers: shared hit=541
  ->  Seq Scan on courses t_courses_0  (cost=0.00..1541.01 rows=100001 width=12) (actual rows=100000 loops=1)
        Buffers: shared hit=541
Planning Time: 0.072 ms
Execution Time: 38.978 ms",37.828,2272.85,11299,"HashAggregate  (cost=2041.02..2272.85 rows=6182 width=7) (actual rows=11299 loops=1)
  Group Key: class
  Filter: (5 <= count(student))
  Batches: 1  Memory Usage: 2577kB
  Rows Removed by Filter: 8569
  Buffers: shared hit=541
  ->  Seq Scan on courses t_courses_0  (cost=0.00..1541.01 rows=100001 width=12) (actual rows=100000 loops=1)
        Buffers: shared hit=541
Planning Time: 0.078 ms
Execution Time: 37.828 ms",40.091,2272.85,11299,"HashAggregate  (cost=2041.02..2272.85 rows=6182 width=7) (actual rows=11299 loops=1)
  Group Key: class
  Filter: (5 <= count(student))
  Batches: 1  Memory Usage: 2577kB
  Rows Removed by Filter: 8569
  Buffers: shared hit=541
  ->  Seq Scan on courses t_courses_0  (cost=0.00..1541.01 rows=100001 width=12) (actual rows=100000 loops=1)
        Buffers: shared hit=541
Planning Time: 0.072 ms
Execution Time: 40.091 ms",37.6376,38.978,40.3065,40.6944,2272.85,2272.85,11299,11299,11299,11299,596_23,325,596,23,Easy,"select class from (select class, count(distinct student) as inner_number_of_values from schema_596.courses group by class) as inner_query where inner_number_of_values >= 5",302.222,10889.59,11299,"Subquery Scan on inner_query  (cost=9845.92..10889.59 rows=6182 width=7) (actual rows=11299 loops=1)
  Buffers: shared hit=541, temp read=287 written=288
  ->  GroupAggregate  (cost=9845.92..10827.77 rows=6182 width=15) (actual rows=11299 loops=1)
        Group Key: courses.class
        Filter: (count(DISTINCT courses.student) >= 5)
        Rows Removed by Filter: 8569
        Buffers: shared hit=541, temp read=287 written=288
        ->  Sort  (cost=9845.92..10095.92 rows=100001 width=12) (actual rows=100000 loops=1)
              Sort Key: courses.class
              Sort Method: external merge  Disk: 2296kB
              Buffers: shared hit=541, temp read=287 written=288
              ->  Seq Scan on courses  (cost=0.00..1541.01 rows=100001 width=12) (actual rows=100000 loops=1)
                    Buffers: shared hit=541
Planning Time: 0.064 ms
Execution Time: 302.222 ms",305.537,10889.59,11299,"Subquery Scan on inner_query  (cost=9845.92..10889.59 rows=6182 width=7) (actual rows=11299 loops=1)
  Buffers: shared hit=541, temp read=287 written=288
  ->  GroupAggregate  (cost=9845.92..10827.77 rows=6182 width=15) (actual rows=11299 loops=1)
        Group Key: courses.class
        Filter: (count(DISTINCT courses.student) >= 5)
        Rows Removed by Filter: 8569
        Buffers: shared hit=541, temp read=287 written=288
        ->  Sort  (cost=9845.92..10095.92 rows=100001 width=12) (actual rows=100000 loops=1)
              Sort Key: courses.class
              Sort Method: external merge  Disk: 2296kB
              Buffers: shared hit=541, temp read=287 written=288
              ->  Seq Scan on courses  (cost=0.00..1541.01 rows=100001 width=12) (actual rows=100000 loops=1)
                    Buffers: shared hit=541
Planning Time: 0.080 ms
Execution Time: 305.537 ms",306.337,10889.59,11299,"Subquery Scan on inner_query  (cost=9845.92..10889.59 rows=6182 width=7) (actual rows=11299 loops=1)
  Buffers: shared hit=541, temp read=287 written=288
  ->  GroupAggregate  (cost=9845.92..10827.77 rows=6182 width=15) (actual rows=11299 loops=1)
        Group Key: courses.class
        Filter: (count(DISTINCT courses.student) >= 5)
        Rows Removed by Filter: 8569
        Buffers: shared hit=541, temp read=287 written=288
        ->  Sort  (cost=9845.92..10095.92 rows=100001 width=12) (actual rows=100000 loops=1)
              Sort Key: courses.class
              Sort Method: external merge  Disk: 2296kB
              Buffers: shared hit=541, temp read=287 written=288
              ->  Seq Scan on courses  (cost=0.00..1541.01 rows=100001 width=12) (actual rows=100000 loops=1)
                    Buffers: shared hit=541
Planning Time: 0.098 ms
Execution Time: 306.337 ms",307.602,10889.59,11299,"Subquery Scan on inner_query  (cost=9845.92..10889.59 rows=6182 width=7) (actual rows=11299 loops=1)
  Buffers: shared hit=541, temp read=287 written=288
  ->  GroupAggregate  (cost=9845.92..10827.77 rows=6182 width=15) (actual rows=11299 loops=1)
        Group Key: courses.class
        Filter: (count(DISTINCT courses.student) >= 5)
        Rows Removed by Filter: 8569
        Buffers: shared hit=541, temp read=287 written=288
        ->  Sort  (cost=9845.92..10095.92 rows=100001 width=12) (actual rows=100000 loops=1)
              Sort Key: courses.class
              Sort Method: external merge  Disk: 2296kB
              Buffers: shared hit=541, temp read=287 written=288
              ->  Seq Scan on courses  (cost=0.00..1541.01 rows=100001 width=12) (actual rows=100000 loops=1)
                    Buffers: shared hit=541
Planning Time: 0.081 ms
Execution Time: 307.602 ms",305.942,10889.59,11299,"Subquery Scan on inner_query  (cost=9845.92..10889.59 rows=6182 width=7) (actual rows=11299 loops=1)
  Buffers: shared hit=541, temp read=287 written=288
  ->  GroupAggregate  (cost=9845.92..10827.77 rows=6182 width=15) (actual rows=11299 loops=1)
        Group Key: courses.class
        Filter: (count(DISTINCT courses.student) >= 5)
        Rows Removed by Filter: 8569
        Buffers: shared hit=541, temp read=287 written=288
        ->  Sort  (cost=9845.92..10095.92 rows=100001 width=12) (actual rows=100000 loops=1)
              Sort Key: courses.class
              Sort Method: external merge  Disk: 2296kB
              Buffers: shared hit=541, temp read=287 written=288
              ->  Seq Scan on courses  (cost=0.00..1541.01 rows=100001 width=12) (actual rows=100000 loops=1)
                    Buffers: shared hit=541
Planning Time: 0.102 ms
Execution Time: 305.942 ms",305.528,305.942,306.9695,308.108,10889.59,10889.59,11299,11299,11299,11299,normal,normal,4.014267500000004,15.837381300000004,equal variances,significant,0.003968253968253968,-267.8904,-266.964,-8616.74,0,True
326,596,24,Easy,select t_courses_0.class as class from schema_596.courses as t_courses_0 group by t_courses_0.class having 5 <= count(t_courses_0.student),40.265,2272.85,11299,"HashAggregate  (cost=2041.02..2272.85 rows=6182 width=7) (actual rows=11299 loops=1)
  Group Key: class
  Filter: (5 <= count(student))
  Batches: 1  Memory Usage: 2577kB
  Rows Removed by Filter: 8569
  Buffers: shared hit=541
  ->  Seq Scan on courses t_courses_0  (cost=0.00..1541.01 rows=100001 width=12) (actual rows=100000 loops=1)
        Buffers: shared hit=541
Planning Time: 0.051 ms
Execution Time: 40.265 ms",49.84,2272.85,11299,"HashAggregate  (cost=2041.02..2272.85 rows=6182 width=7) (actual rows=11299 loops=1)
  Group Key: class
  Filter: (5 <= count(student))
  Batches: 1  Memory Usage: 2577kB
  Rows Removed by Filter: 8569
  Buffers: shared hit=541
  ->  Seq Scan on courses t_courses_0  (cost=0.00..1541.01 rows=100001 width=12) (actual rows=100000 loops=1)
        Buffers: shared hit=541
Planning Time: 0.078 ms
Execution Time: 49.840 ms",40.755,2272.85,11299,"HashAggregate  (cost=2041.02..2272.85 rows=6182 width=7) (actual rows=11299 loops=1)
  Group Key: class
  Filter: (5 <= count(student))
  Batches: 1  Memory Usage: 2577kB
  Rows Removed by Filter: 8569
  Buffers: shared hit=541
  ->  Seq Scan on courses t_courses_0  (cost=0.00..1541.01 rows=100001 width=12) (actual rows=100000 loops=1)
        Buffers: shared hit=541
Planning Time: 0.079 ms
Execution Time: 40.755 ms",38.7,2272.85,11299,"HashAggregate  (cost=2041.02..2272.85 rows=6182 width=7) (actual rows=11299 loops=1)
  Group Key: class
  Filter: (5 <= count(student))
  Batches: 1  Memory Usage: 2577kB
  Rows Removed by Filter: 8569
  Buffers: shared hit=541
  ->  Seq Scan on courses t_courses_0  (cost=0.00..1541.01 rows=100001 width=12) (actual rows=100000 loops=1)
        Buffers: shared hit=541
Planning Time: 0.063 ms
Execution Time: 38.700 ms",46.748,2272.85,11299,"HashAggregate  (cost=2041.02..2272.85 rows=6182 width=7) (actual rows=11299 loops=1)
  Group Key: class
  Filter: (5 <= count(student))
  Batches: 1  Memory Usage: 2577kB
  Rows Removed by Filter: 8569
  Buffers: shared hit=541
  ->  Seq Scan on courses t_courses_0  (cost=0.00..1541.01 rows=100001 width=12) (actual rows=100000 loops=1)
        Buffers: shared hit=541
Planning Time: 0.072 ms
Execution Time: 46.748 ms",43.2616,40.755,48.294,51.0768,2272.85,2272.85,11299,11299,11299,11299,596_24,326,596,24,Easy,"select class from (select class, count(distinct student) as num from schema_596.courses group by class) as temp where num >= 5",298.573,10889.59,11299,"Subquery Scan on temp  (cost=9845.92..10889.59 rows=6182 width=7) (actual rows=11299 loops=1)
  Buffers: shared hit=541, temp read=287 written=288
  ->  GroupAggregate  (cost=9845.92..10827.77 rows=6182 width=15) (actual rows=11299 loops=1)
        Group Key: courses.class
        Filter: (count(DISTINCT courses.student) >= 5)
        Rows Removed by Filter: 8569
        Buffers: shared hit=541, temp read=287 written=288
        ->  Sort  (cost=9845.92..10095.92 rows=100001 width=12) (actual rows=100000 loops=1)
              Sort Key: courses.class
              Sort Method: external merge  Disk: 2296kB
              Buffers: shared hit=541, temp read=287 written=288
              ->  Seq Scan on courses  (cost=0.00..1541.01 rows=100001 width=12) (actual rows=100000 loops=1)
                    Buffers: shared hit=541
Planning Time: 0.062 ms
Execution Time: 298.573 ms",307.397,10889.59,11299,"Subquery Scan on temp  (cost=9845.92..10889.59 rows=6182 width=7) (actual rows=11299 loops=1)
  Buffers: shared hit=541, temp read=287 written=288
  ->  GroupAggregate  (cost=9845.92..10827.77 rows=6182 width=15) (actual rows=11299 loops=1)
        Group Key: courses.class
        Filter: (count(DISTINCT courses.student) >= 5)
        Rows Removed by Filter: 8569
        Buffers: shared hit=541, temp read=287 written=288
        ->  Sort  (cost=9845.92..10095.92 rows=100001 width=12) (actual rows=100000 loops=1)
              Sort Key: courses.class
              Sort Method: external merge  Disk: 2296kB
              Buffers: shared hit=541, temp read=287 written=288
              ->  Seq Scan on courses  (cost=0.00..1541.01 rows=100001 width=12) (actual rows=100000 loops=1)
                    Buffers: shared hit=541
Planning Time: 0.104 ms
Execution Time: 307.397 ms",305.332,10889.59,11299,"Subquery Scan on temp  (cost=9845.92..10889.59 rows=6182 width=7) (actual rows=11299 loops=1)
  Buffers: shared hit=541, temp read=287 written=288
  ->  GroupAggregate  (cost=9845.92..10827.77 rows=6182 width=15) (actual rows=11299 loops=1)
        Group Key: courses.class
        Filter: (count(DISTINCT courses.student) >= 5)
        Rows Removed by Filter: 8569
        Buffers: shared hit=541, temp read=287 written=288
        ->  Sort  (cost=9845.92..10095.92 rows=100001 width=12) (actual rows=100000 loops=1)
              Sort Key: courses.class
              Sort Method: external merge  Disk: 2296kB
              Buffers: shared hit=541, temp read=287 written=288
              ->  Seq Scan on courses  (cost=0.00..1541.01 rows=100001 width=12) (actual rows=100000 loops=1)
                    Buffers: shared hit=541
Planning Time: 0.093 ms
Execution Time: 305.332 ms",307.71,10889.59,11299,"Subquery Scan on temp  (cost=9845.92..10889.59 rows=6182 width=7) (actual rows=11299 loops=1)
  Buffers: shared hit=541, temp read=287 written=288
  ->  GroupAggregate  (cost=9845.92..10827.77 rows=6182 width=15) (actual rows=11299 loops=1)
        Group Key: courses.class
        Filter: (count(DISTINCT courses.student) >= 5)
        Rows Removed by Filter: 8569
        Buffers: shared hit=541, temp read=287 written=288
        ->  Sort  (cost=9845.92..10095.92 rows=100001 width=12) (actual rows=100000 loops=1)
              Sort Key: courses.class
              Sort Method: external merge  Disk: 2296kB
              Buffers: shared hit=541, temp read=287 written=288
              ->  Seq Scan on courses  (cost=0.00..1541.01 rows=100001 width=12) (actual rows=100000 loops=1)
                    Buffers: shared hit=541
Planning Time: 0.117 ms
Execution Time: 307.710 ms",308.35,10889.59,11299,"Subquery Scan on temp  (cost=9845.92..10889.59 rows=6182 width=7) (actual rows=11299 loops=1)
  Buffers: shared hit=541, temp read=287 written=288
  ->  GroupAggregate  (cost=9845.92..10827.77 rows=6182 width=15) (actual rows=11299 loops=1)
        Group Key: courses.class
        Filter: (count(DISTINCT courses.student) >= 5)
        Rows Removed by Filter: 8569
        Buffers: shared hit=541, temp read=287 written=288
        ->  Sort  (cost=9845.92..10095.92 rows=100001 width=12) (actual rows=100000 loops=1)
              Sort Key: courses.class
              Sort Method: external merge  Disk: 2296kB
              Buffers: shared hit=541, temp read=287 written=288
              ->  Seq Scan on courses  (cost=0.00..1541.01 rows=100001 width=12) (actual rows=100000 loops=1)
                    Buffers: shared hit=541
Planning Time: 0.109 ms
Execution Time: 308.350 ms",305.4724,307.397,308.03,308.606,10889.59,10889.59,11299,11299,11299,11299,not normal,normal,16.153238300000073,22.875295299999998,equal variances,significant,0.003968253968253968,-262.2108,-266.642,-8616.74,0,True
327,596,26,Easy,select t_courses_0.class as class from schema_596.courses as t_courses_0 group by t_courses_0.class having 5 <= count(t_courses_0.student),46.059,2272.85,11299,"HashAggregate  (cost=2041.02..2272.85 rows=6182 width=7) (actual rows=11299 loops=1)
  Group Key: class
  Filter: (5 <= count(student))
  Batches: 1  Memory Usage: 2577kB
  Rows Removed by Filter: 8569
  Buffers: shared hit=541
  ->  Seq Scan on courses t_courses_0  (cost=0.00..1541.01 rows=100001 width=12) (actual rows=100000 loops=1)
        Buffers: shared hit=541
Planning Time: 0.052 ms
Execution Time: 46.059 ms",48.008,2272.85,11299,"HashAggregate  (cost=2041.02..2272.85 rows=6182 width=7) (actual rows=11299 loops=1)
  Group Key: class
  Filter: (5 <= count(student))
  Batches: 1  Memory Usage: 2577kB
  Rows Removed by Filter: 8569
  Buffers: shared hit=541
  ->  Seq Scan on courses t_courses_0  (cost=0.00..1541.01 rows=100001 width=12) (actual rows=100000 loops=1)
        Buffers: shared hit=541
Planning Time: 0.079 ms
Execution Time: 48.008 ms",59.607,2272.85,11299,"HashAggregate  (cost=2041.02..2272.85 rows=6182 width=7) (actual rows=11299 loops=1)
  Group Key: class
  Filter: (5 <= count(student))
  Batches: 1  Memory Usage: 2577kB
  Rows Removed by Filter: 8569
  Buffers: shared hit=541
  ->  Seq Scan on courses t_courses_0  (cost=0.00..1541.01 rows=100001 width=12) (actual rows=100000 loops=1)
        Buffers: shared hit=541
Planning Time: 0.098 ms
Execution Time: 59.607 ms",39.013,2272.85,11299,"HashAggregate  (cost=2041.02..2272.85 rows=6182 width=7) (actual rows=11299 loops=1)
  Group Key: class
  Filter: (5 <= count(student))
  Batches: 1  Memory Usage: 2577kB
  Rows Removed by Filter: 8569
  Buffers: shared hit=541
  ->  Seq Scan on courses t_courses_0  (cost=0.00..1541.01 rows=100001 width=12) (actual rows=100000 loops=1)
        Buffers: shared hit=541
Planning Time: 0.098 ms
Execution Time: 39.013 ms",45.881,2272.85,11299,"HashAggregate  (cost=2041.02..2272.85 rows=6182 width=7) (actual rows=11299 loops=1)
  Group Key: class
  Filter: (5 <= count(student))
  Batches: 1  Memory Usage: 2577kB
  Rows Removed by Filter: 8569
  Buffers: shared hit=541
  ->  Seq Scan on courses t_courses_0  (cost=0.00..1541.01 rows=100001 width=12) (actual rows=100000 loops=1)
        Buffers: shared hit=541
Planning Time: 0.071 ms
Execution Time: 45.881 ms",47.7136,46.059,53.8075,64.2466,2272.85,2272.85,11299,11299,11299,11299,596_26,327,596,26,Easy,"select class from (select class, count(distinct student) as students from schema_596.courses group by 1) as a where students >= 5",299.079,10889.59,11299,"Subquery Scan on a  (cost=9845.92..10889.59 rows=6182 width=7) (actual rows=11299 loops=1)
  Buffers: shared hit=541, temp read=287 written=288
  ->  GroupAggregate  (cost=9845.92..10827.77 rows=6182 width=15) (actual rows=11299 loops=1)
        Group Key: courses.class
        Filter: (count(DISTINCT courses.student) >= 5)
        Rows Removed by Filter: 8569
        Buffers: shared hit=541, temp read=287 written=288
        ->  Sort  (cost=9845.92..10095.92 rows=100001 width=12) (actual rows=100000 loops=1)
              Sort Key: courses.class
              Sort Method: external merge  Disk: 2296kB
              Buffers: shared hit=541, temp read=287 written=288
              ->  Seq Scan on courses  (cost=0.00..1541.01 rows=100001 width=12) (actual rows=100000 loops=1)
                    Buffers: shared hit=541
Planning Time: 0.063 ms
Execution Time: 299.079 ms",306.966,10889.59,11299,"Subquery Scan on a  (cost=9845.92..10889.59 rows=6182 width=7) (actual rows=11299 loops=1)
  Buffers: shared hit=541, temp read=287 written=288
  ->  GroupAggregate  (cost=9845.92..10827.77 rows=6182 width=15) (actual rows=11299 loops=1)
        Group Key: courses.class
        Filter: (count(DISTINCT courses.student) >= 5)
        Rows Removed by Filter: 8569
        Buffers: shared hit=541, temp read=287 written=288
        ->  Sort  (cost=9845.92..10095.92 rows=100001 width=12) (actual rows=100000 loops=1)
              Sort Key: courses.class
              Sort Method: external merge  Disk: 2296kB
              Buffers: shared hit=541, temp read=287 written=288
              ->  Seq Scan on courses  (cost=0.00..1541.01 rows=100001 width=12) (actual rows=100000 loops=1)
                    Buffers: shared hit=541
Planning Time: 0.101 ms
Execution Time: 306.966 ms",309.323,10889.59,11299,"Subquery Scan on a  (cost=9845.92..10889.59 rows=6182 width=7) (actual rows=11299 loops=1)
  Buffers: shared hit=541, temp read=287 written=288
  ->  GroupAggregate  (cost=9845.92..10827.77 rows=6182 width=15) (actual rows=11299 loops=1)
        Group Key: courses.class
        Filter: (count(DISTINCT courses.student) >= 5)
        Rows Removed by Filter: 8569
        Buffers: shared hit=541, temp read=287 written=288
        ->  Sort  (cost=9845.92..10095.92 rows=100001 width=12) (actual rows=100000 loops=1)
              Sort Key: courses.class
              Sort Method: external merge  Disk: 2296kB
              Buffers: shared hit=541, temp read=287 written=288
              ->  Seq Scan on courses  (cost=0.00..1541.01 rows=100001 width=12) (actual rows=100000 loops=1)
                    Buffers: shared hit=541
Planning Time: 0.083 ms
Execution Time: 309.323 ms",305.099,10889.59,11299,"Subquery Scan on a  (cost=9845.92..10889.59 rows=6182 width=7) (actual rows=11299 loops=1)
  Buffers: shared hit=541, temp read=287 written=288
  ->  GroupAggregate  (cost=9845.92..10827.77 rows=6182 width=15) (actual rows=11299 loops=1)
        Group Key: courses.class
        Filter: (count(DISTINCT courses.student) >= 5)
        Rows Removed by Filter: 8569
        Buffers: shared hit=541, temp read=287 written=288
        ->  Sort  (cost=9845.92..10095.92 rows=100001 width=12) (actual rows=100000 loops=1)
              Sort Key: courses.class
              Sort Method: external merge  Disk: 2296kB
              Buffers: shared hit=541, temp read=287 written=288
              ->  Seq Scan on courses  (cost=0.00..1541.01 rows=100001 width=12) (actual rows=100000 loops=1)
                    Buffers: shared hit=541
Planning Time: 0.108 ms
Execution Time: 305.099 ms",308.587,10889.59,11299,"Subquery Scan on a  (cost=9845.92..10889.59 rows=6182 width=7) (actual rows=11299 loops=1)
  Buffers: shared hit=541, temp read=287 written=288
  ->  GroupAggregate  (cost=9845.92..10827.77 rows=6182 width=15) (actual rows=11299 loops=1)
        Group Key: courses.class
        Filter: (count(DISTINCT courses.student) >= 5)
        Rows Removed by Filter: 8569
        Buffers: shared hit=541, temp read=287 written=288
        ->  Sort  (cost=9845.92..10095.92 rows=100001 width=12) (actual rows=100000 loops=1)
              Sort Key: courses.class
              Sort Method: external merge  Disk: 2296kB
              Buffers: shared hit=541, temp read=287 written=288
              ->  Seq Scan on courses  (cost=0.00..1541.01 rows=100001 width=12) (actual rows=100000 loops=1)
                    Buffers: shared hit=541
Planning Time: 0.088 ms
Execution Time: 308.587 ms",305.8108,306.966,308.955,309.6174,10889.59,10889.59,11299,11299,11299,11299,normal,normal,16.80027819999993,55.8340498,equal variances,significant,0.003968253968253968,-258.0972,-260.90700000000004,-8616.74,0,True
328,596,31,Easy,select t_courses_0.class as class from schema_596.courses as t_courses_0 group by t_courses_0.class having 5 <= count(t_courses_0.student),31.122,2272.85,11299,"HashAggregate  (cost=2041.02..2272.85 rows=6182 width=7) (actual rows=11299 loops=1)
  Group Key: class
  Filter: (5 <= count(student))
  Batches: 1  Memory Usage: 2577kB
  Rows Removed by Filter: 8569
  Buffers: shared hit=541
  ->  Seq Scan on courses t_courses_0  (cost=0.00..1541.01 rows=100001 width=12) (actual rows=100000 loops=1)
        Buffers: shared hit=541
Planning Time: 0.051 ms
Execution Time: 31.122 ms",41.203,2272.85,11299,"HashAggregate  (cost=2041.02..2272.85 rows=6182 width=7) (actual rows=11299 loops=1)
  Group Key: class
  Filter: (5 <= count(student))
  Batches: 1  Memory Usage: 2577kB
  Rows Removed by Filter: 8569
  Buffers: shared hit=541
  ->  Seq Scan on courses t_courses_0  (cost=0.00..1541.01 rows=100001 width=12) (actual rows=100000 loops=1)
        Buffers: shared hit=541
Planning Time: 0.076 ms
Execution Time: 41.203 ms",36.497,2272.85,11299,"HashAggregate  (cost=2041.02..2272.85 rows=6182 width=7) (actual rows=11299 loops=1)
  Group Key: class
  Filter: (5 <= count(student))
  Batches: 1  Memory Usage: 2577kB
  Rows Removed by Filter: 8569
  Buffers: shared hit=541
  ->  Seq Scan on courses t_courses_0  (cost=0.00..1541.01 rows=100001 width=12) (actual rows=100000 loops=1)
        Buffers: shared hit=541
Planning Time: 0.092 ms
Execution Time: 36.497 ms",38.812,2272.85,11299,"HashAggregate  (cost=2041.02..2272.85 rows=6182 width=7) (actual rows=11299 loops=1)
  Group Key: class
  Filter: (5 <= count(student))
  Batches: 1  Memory Usage: 2577kB
  Rows Removed by Filter: 8569
  Buffers: shared hit=541
  ->  Seq Scan on courses t_courses_0  (cost=0.00..1541.01 rows=100001 width=12) (actual rows=100000 loops=1)
        Buffers: shared hit=541
Planning Time: 0.082 ms
Execution Time: 38.812 ms",40.453,2272.85,11299,"HashAggregate  (cost=2041.02..2272.85 rows=6182 width=7) (actual rows=11299 loops=1)
  Group Key: class
  Filter: (5 <= count(student))
  Batches: 1  Memory Usage: 2577kB
  Rows Removed by Filter: 8569
  Buffers: shared hit=541
  ->  Seq Scan on courses t_courses_0  (cost=0.00..1541.01 rows=100001 width=12) (actual rows=100000 loops=1)
        Buffers: shared hit=541
Planning Time: 0.070 ms
Execution Time: 40.453 ms",37.6174,38.812,40.828,41.503,2272.85,2272.85,11299,11299,11299,11299,596_31,328,596,31,Easy,select class from schema_596.courses group by 1 having count(distinct student) >= 5,296.489,10827.77,11299,"GroupAggregate  (cost=9845.92..10827.77 rows=6182 width=7) (actual rows=11299 loops=1)
  Group Key: class
  Filter: (count(DISTINCT student) >= 5)
  Rows Removed by Filter: 8569
  Buffers: shared hit=541, temp read=287 written=288
  ->  Sort  (cost=9845.92..10095.92 rows=100001 width=12) (actual rows=100000 loops=1)
        Sort Key: class
        Sort Method: external merge  Disk: 2296kB
        Buffers: shared hit=541, temp read=287 written=288
        ->  Seq Scan on courses  (cost=0.00..1541.01 rows=100001 width=12) (actual rows=100000 loops=1)
              Buffers: shared hit=541
Planning Time: 0.069 ms
Execution Time: 296.489 ms",301.506,10827.77,11299,"GroupAggregate  (cost=9845.92..10827.77 rows=6182 width=7) (actual rows=11299 loops=1)
  Group Key: class
  Filter: (count(DISTINCT student) >= 5)
  Rows Removed by Filter: 8569
  Buffers: shared hit=541, temp read=287 written=288
  ->  Sort  (cost=9845.92..10095.92 rows=100001 width=12) (actual rows=100000 loops=1)
        Sort Key: class
        Sort Method: external merge  Disk: 2296kB
        Buffers: shared hit=541, temp read=287 written=288
        ->  Seq Scan on courses  (cost=0.00..1541.01 rows=100001 width=12) (actual rows=100000 loops=1)
              Buffers: shared hit=541
Planning Time: 0.083 ms
Execution Time: 301.506 ms",301.489,10827.77,11299,"GroupAggregate  (cost=9845.92..10827.77 rows=6182 width=7) (actual rows=11299 loops=1)
  Group Key: class
  Filter: (count(DISTINCT student) >= 5)
  Rows Removed by Filter: 8569
  Buffers: shared hit=541, temp read=287 written=288
  ->  Sort  (cost=9845.92..10095.92 rows=100001 width=12) (actual rows=100000 loops=1)
        Sort Key: class
        Sort Method: external merge  Disk: 2296kB
        Buffers: shared hit=541, temp read=287 written=288
        ->  Seq Scan on courses  (cost=0.00..1541.01 rows=100001 width=12) (actual rows=100000 loops=1)
              Buffers: shared hit=541
Planning Time: 0.081 ms
Execution Time: 301.489 ms",310.515,10827.77,11299,"GroupAggregate  (cost=9845.92..10827.77 rows=6182 width=7) (actual rows=11299 loops=1)
  Group Key: class
  Filter: (count(DISTINCT student) >= 5)
  Rows Removed by Filter: 8569
  Buffers: shared hit=541, temp read=287 written=288
  ->  Sort  (cost=9845.92..10095.92 rows=100001 width=12) (actual rows=100000 loops=1)
        Sort Key: class
        Sort Method: external merge  Disk: 2296kB
        Buffers: shared hit=541, temp read=287 written=288
        ->  Seq Scan on courses  (cost=0.00..1541.01 rows=100001 width=12) (actual rows=100000 loops=1)
              Buffers: shared hit=541
Planning Time: 0.076 ms
Execution Time: 310.515 ms",302.515,10827.77,11299,"GroupAggregate  (cost=9845.92..10827.77 rows=6182 width=7) (actual rows=11299 loops=1)
  Group Key: class
  Filter: (count(DISTINCT student) >= 5)
  Rows Removed by Filter: 8569
  Buffers: shared hit=541, temp read=287 written=288
  ->  Sort  (cost=9845.92..10095.92 rows=100001 width=12) (actual rows=100000 loops=1)
        Sort Key: class
        Sort Method: external merge  Disk: 2296kB
        Buffers: shared hit=541, temp read=287 written=288
        ->  Seq Scan on courses  (cost=0.00..1541.01 rows=100001 width=12) (actual rows=100000 loops=1)
              Buffers: shared hit=541
Planning Time: 0.077 ms
Execution Time: 302.515 ms",302.5028,301.506,306.515,313.715,10827.77,10827.77,11299,11299,11299,11299,normal,normal,25.595672200000045,16.44243530000001,equal variances,significant,0.003968253968253968,-264.8854,-262.69399999999996,-8554.92,0,True
329,596,34,Easy,select t_courses_0.class as class from schema_596.courses as t_courses_0 group by t_courses_0.class having 4 < count(t_courses_0.student),32.81,2272.85,11299,"HashAggregate  (cost=2041.02..2272.85 rows=6182 width=7) (actual rows=11299 loops=1)
  Group Key: class
  Filter: (4 < count(student))
  Batches: 1  Memory Usage: 2577kB
  Rows Removed by Filter: 8569
  Buffers: shared hit=541
  ->  Seq Scan on courses t_courses_0  (cost=0.00..1541.01 rows=100001 width=12) (actual rows=100000 loops=1)
        Buffers: shared hit=541
Planning Time: 0.080 ms
Execution Time: 32.810 ms",41.966,2272.85,11299,"HashAggregate  (cost=2041.02..2272.85 rows=6182 width=7) (actual rows=11299 loops=1)
  Group Key: class
  Filter: (4 < count(student))
  Batches: 1  Memory Usage: 2577kB
  Rows Removed by Filter: 8569
  Buffers: shared hit=541
  ->  Seq Scan on courses t_courses_0  (cost=0.00..1541.01 rows=100001 width=12) (actual rows=100000 loops=1)
        Buffers: shared hit=541
Planning Time: 0.082 ms
Execution Time: 41.966 ms",37.027,2272.85,11299,"HashAggregate  (cost=2041.02..2272.85 rows=6182 width=7) (actual rows=11299 loops=1)
  Group Key: class
  Filter: (4 < count(student))
  Batches: 1  Memory Usage: 2577kB
  Rows Removed by Filter: 8569
  Buffers: shared hit=541
  ->  Seq Scan on courses t_courses_0  (cost=0.00..1541.01 rows=100001 width=12) (actual rows=100000 loops=1)
        Buffers: shared hit=541
Planning Time: 0.093 ms
Execution Time: 37.027 ms",38.926,2272.85,11299,"HashAggregate  (cost=2041.02..2272.85 rows=6182 width=7) (actual rows=11299 loops=1)
  Group Key: class
  Filter: (4 < count(student))
  Batches: 1  Memory Usage: 2577kB
  Rows Removed by Filter: 8569
  Buffers: shared hit=541
  ->  Seq Scan on courses t_courses_0  (cost=0.00..1541.01 rows=100001 width=12) (actual rows=100000 loops=1)
        Buffers: shared hit=541
Planning Time: 0.122 ms
Execution Time: 38.926 ms",40.919,2272.85,11299,"HashAggregate  (cost=2041.02..2272.85 rows=6182 width=7) (actual rows=11299 loops=1)
  Group Key: class
  Filter: (4 < count(student))
  Batches: 1  Memory Usage: 2577kB
  Rows Removed by Filter: 8569
  Buffers: shared hit=541
  ->  Seq Scan on courses t_courses_0  (cost=0.00..1541.01 rows=100001 width=12) (actual rows=100000 loops=1)
        Buffers: shared hit=541
Planning Time: 0.071 ms
Execution Time: 40.919 ms",38.3296,38.926,41.4425,42.3848,2272.85,2272.85,11299,11299,11299,11299,596_34,329,596,34,Easy,select class from schema_596.courses group by class having count(distinct student) > 4,292.924,10827.77,11299,"GroupAggregate  (cost=9845.92..10827.77 rows=6182 width=7) (actual rows=11299 loops=1)
  Group Key: class
  Filter: (count(DISTINCT student) > 4)
  Rows Removed by Filter: 8569
  Buffers: shared hit=541, temp read=287 written=288
  ->  Sort  (cost=9845.92..10095.92 rows=100001 width=12) (actual rows=100000 loops=1)
        Sort Key: class
        Sort Method: external merge  Disk: 2296kB
        Buffers: shared hit=541, temp read=287 written=288
        ->  Seq Scan on courses  (cost=0.00..1541.01 rows=100001 width=12) (actual rows=100000 loops=1)
              Buffers: shared hit=541
Planning Time: 0.050 ms
Execution Time: 292.924 ms",301.349,10827.77,11299,"GroupAggregate  (cost=9845.92..10827.77 rows=6182 width=7) (actual rows=11299 loops=1)
  Group Key: class
  Filter: (count(DISTINCT student) > 4)
  Rows Removed by Filter: 8569
  Buffers: shared hit=541, temp read=287 written=288
  ->  Sort  (cost=9845.92..10095.92 rows=100001 width=12) (actual rows=100000 loops=1)
        Sort Key: class
        Sort Method: external merge  Disk: 2296kB
        Buffers: shared hit=541, temp read=287 written=288
        ->  Seq Scan on courses  (cost=0.00..1541.01 rows=100001 width=12) (actual rows=100000 loops=1)
              Buffers: shared hit=541
Planning Time: 0.075 ms
Execution Time: 301.349 ms",305.732,10827.77,11299,"GroupAggregate  (cost=9845.92..10827.77 rows=6182 width=7) (actual rows=11299 loops=1)
  Group Key: class
  Filter: (count(DISTINCT student) > 4)
  Rows Removed by Filter: 8569
  Buffers: shared hit=541, temp read=287 written=288
  ->  Sort  (cost=9845.92..10095.92 rows=100001 width=12) (actual rows=100000 loops=1)
        Sort Key: class
        Sort Method: external merge  Disk: 2296kB
        Buffers: shared hit=541, temp read=287 written=288
        ->  Seq Scan on courses  (cost=0.00..1541.01 rows=100001 width=12) (actual rows=100000 loops=1)
              Buffers: shared hit=541
Planning Time: 0.072 ms
Execution Time: 305.732 ms",303.158,10827.77,11299,"GroupAggregate  (cost=9845.92..10827.77 rows=6182 width=7) (actual rows=11299 loops=1)
  Group Key: class
  Filter: (count(DISTINCT student) > 4)
  Rows Removed by Filter: 8569
  Buffers: shared hit=541, temp read=287 written=288
  ->  Sort  (cost=9845.92..10095.92 rows=100001 width=12) (actual rows=100000 loops=1)
        Sort Key: class
        Sort Method: external merge  Disk: 2296kB
        Buffers: shared hit=541, temp read=287 written=288
        ->  Seq Scan on courses  (cost=0.00..1541.01 rows=100001 width=12) (actual rows=100000 loops=1)
              Buffers: shared hit=541
Planning Time: 0.076 ms
Execution Time: 303.158 ms",301.335,10827.77,11299,"GroupAggregate  (cost=9845.92..10827.77 rows=6182 width=7) (actual rows=11299 loops=1)
  Group Key: class
  Filter: (count(DISTINCT student) > 4)
  Rows Removed by Filter: 8569
  Buffers: shared hit=541, temp read=287 written=288
  ->  Sort  (cost=9845.92..10095.92 rows=100001 width=12) (actual rows=100000 loops=1)
        Sort Key: class
        Sort Method: external merge  Disk: 2296kB
        Buffers: shared hit=541, temp read=287 written=288
        ->  Seq Scan on courses  (cost=0.00..1541.01 rows=100001 width=12) (actual rows=100000 loops=1)
              Buffers: shared hit=541
Planning Time: 0.077 ms
Execution Time: 301.335 ms",300.8996,301.349,304.445,306.7616,10827.77,10827.77,11299,11299,11299,11299,normal,normal,23.113547300000164,13.111710299999991,equal variances,significant,0.003968253968253968,-262.57000000000005,-262.423,-8554.92,0,True
330,596,52,Easy,select t_courses_0.class as class from schema_596.courses as t_courses_0 group by t_courses_0.class having 5 <= count(t_courses_0.student),33.06,2272.85,11299,"HashAggregate  (cost=2041.02..2272.85 rows=6182 width=7) (actual rows=11299 loops=1)
  Group Key: class
  Filter: (5 <= count(student))
  Batches: 1  Memory Usage: 2577kB
  Rows Removed by Filter: 8569
  Buffers: shared hit=541
  ->  Seq Scan on courses t_courses_0  (cost=0.00..1541.01 rows=100001 width=12) (actual rows=100000 loops=1)
        Buffers: shared hit=541
Planning Time: 0.058 ms
Execution Time: 33.060 ms",39.388,2272.85,11299,"HashAggregate  (cost=2041.02..2272.85 rows=6182 width=7) (actual rows=11299 loops=1)
  Group Key: class
  Filter: (5 <= count(student))
  Batches: 1  Memory Usage: 2577kB
  Rows Removed by Filter: 8569
  Buffers: shared hit=541
  ->  Seq Scan on courses t_courses_0  (cost=0.00..1541.01 rows=100001 width=12) (actual rows=100000 loops=1)
        Buffers: shared hit=541
Planning Time: 0.083 ms
Execution Time: 39.388 ms",43.907,2272.85,11299,"HashAggregate  (cost=2041.02..2272.85 rows=6182 width=7) (actual rows=11299 loops=1)
  Group Key: class
  Filter: (5 <= count(student))
  Batches: 1  Memory Usage: 2577kB
  Rows Removed by Filter: 8569
  Buffers: shared hit=541
  ->  Seq Scan on courses t_courses_0  (cost=0.00..1541.01 rows=100001 width=12) (actual rows=100000 loops=1)
        Buffers: shared hit=541
Planning Time: 0.065 ms
Execution Time: 43.907 ms",37.521,2272.85,11299,"HashAggregate  (cost=2041.02..2272.85 rows=6182 width=7) (actual rows=11299 loops=1)
  Group Key: class
  Filter: (5 <= count(student))
  Batches: 1  Memory Usage: 2577kB
  Rows Removed by Filter: 8569
  Buffers: shared hit=541
  ->  Seq Scan on courses t_courses_0  (cost=0.00..1541.01 rows=100001 width=12) (actual rows=100000 loops=1)
        Buffers: shared hit=541
Planning Time: 0.075 ms
Execution Time: 37.521 ms",51.927,2272.85,11299,"HashAggregate  (cost=2041.02..2272.85 rows=6182 width=7) (actual rows=11299 loops=1)
  Group Key: class
  Filter: (5 <= count(student))
  Batches: 1  Memory Usage: 2577kB
  Rows Removed by Filter: 8569
  Buffers: shared hit=541
  ->  Seq Scan on courses t_courses_0  (cost=0.00..1541.01 rows=100001 width=12) (actual rows=100000 loops=1)
        Buffers: shared hit=541
Planning Time: 0.086 ms
Execution Time: 51.927 ms",41.1606,39.388,47.917,55.135,2272.85,2272.85,11299,11299,11299,11299,596_52,330,596,52,Easy,"select class from (select class, count(distinct student) as num from schema_596.courses group by class) as a where num >= 5",302.247,10889.59,11299,"Subquery Scan on a  (cost=9845.92..10889.59 rows=6182 width=7) (actual rows=11299 loops=1)
  Buffers: shared hit=541, temp read=287 written=288
  ->  GroupAggregate  (cost=9845.92..10827.77 rows=6182 width=15) (actual rows=11299 loops=1)
        Group Key: courses.class
        Filter: (count(DISTINCT courses.student) >= 5)
        Rows Removed by Filter: 8569
        Buffers: shared hit=541, temp read=287 written=288
        ->  Sort  (cost=9845.92..10095.92 rows=100001 width=12) (actual rows=100000 loops=1)
              Sort Key: courses.class
              Sort Method: external merge  Disk: 2296kB
              Buffers: shared hit=541, temp read=287 written=288
              ->  Seq Scan on courses  (cost=0.00..1541.01 rows=100001 width=12) (actual rows=100000 loops=1)
                    Buffers: shared hit=541
Planning Time: 0.064 ms
Execution Time: 302.247 ms",311.054,10889.59,11299,"Subquery Scan on a  (cost=9845.92..10889.59 rows=6182 width=7) (actual rows=11299 loops=1)
  Buffers: shared hit=541, temp read=287 written=288
  ->  GroupAggregate  (cost=9845.92..10827.77 rows=6182 width=15) (actual rows=11299 loops=1)
        Group Key: courses.class
        Filter: (count(DISTINCT courses.student) >= 5)
        Rows Removed by Filter: 8569
        Buffers: shared hit=541, temp read=287 written=288
        ->  Sort  (cost=9845.92..10095.92 rows=100001 width=12) (actual rows=100000 loops=1)
              Sort Key: courses.class
              Sort Method: external merge  Disk: 2296kB
              Buffers: shared hit=541, temp read=287 written=288
              ->  Seq Scan on courses  (cost=0.00..1541.01 rows=100001 width=12) (actual rows=100000 loops=1)
                    Buffers: shared hit=541
Planning Time: 0.088 ms
Execution Time: 311.054 ms",310.967,10889.59,11299,"Subquery Scan on a  (cost=9845.92..10889.59 rows=6182 width=7) (actual rows=11299 loops=1)
  Buffers: shared hit=541, temp read=287 written=288
  ->  GroupAggregate  (cost=9845.92..10827.77 rows=6182 width=15) (actual rows=11299 loops=1)
        Group Key: courses.class
        Filter: (count(DISTINCT courses.student) >= 5)
        Rows Removed by Filter: 8569
        Buffers: shared hit=541, temp read=287 written=288
        ->  Sort  (cost=9845.92..10095.92 rows=100001 width=12) (actual rows=100000 loops=1)
              Sort Key: courses.class
              Sort Method: external merge  Disk: 2296kB
              Buffers: shared hit=541, temp read=287 written=288
              ->  Seq Scan on courses  (cost=0.00..1541.01 rows=100001 width=12) (actual rows=100000 loops=1)
                    Buffers: shared hit=541
Planning Time: 0.106 ms
Execution Time: 310.967 ms",308.273,10889.59,11299,"Subquery Scan on a  (cost=9845.92..10889.59 rows=6182 width=7) (actual rows=11299 loops=1)
  Buffers: shared hit=541, temp read=287 written=288
  ->  GroupAggregate  (cost=9845.92..10827.77 rows=6182 width=15) (actual rows=11299 loops=1)
        Group Key: courses.class
        Filter: (count(DISTINCT courses.student) >= 5)
        Rows Removed by Filter: 8569
        Buffers: shared hit=541, temp read=287 written=288
        ->  Sort  (cost=9845.92..10095.92 rows=100001 width=12) (actual rows=100000 loops=1)
              Sort Key: courses.class
              Sort Method: external merge  Disk: 2296kB
              Buffers: shared hit=541, temp read=287 written=288
              ->  Seq Scan on courses  (cost=0.00..1541.01 rows=100001 width=12) (actual rows=100000 loops=1)
                    Buffers: shared hit=541
Planning Time: 0.071 ms
Execution Time: 308.273 ms",305.979,10889.59,11299,"Subquery Scan on a  (cost=9845.92..10889.59 rows=6182 width=7) (actual rows=11299 loops=1)
  Buffers: shared hit=541, temp read=287 written=288
  ->  GroupAggregate  (cost=9845.92..10827.77 rows=6182 width=15) (actual rows=11299 loops=1)
        Group Key: courses.class
        Filter: (count(DISTINCT courses.student) >= 5)
        Rows Removed by Filter: 8569
        Buffers: shared hit=541, temp read=287 written=288
        ->  Sort  (cost=9845.92..10095.92 rows=100001 width=12) (actual rows=100000 loops=1)
              Sort Key: courses.class
              Sort Method: external merge  Disk: 2296kB
              Buffers: shared hit=541, temp read=287 written=288
              ->  Seq Scan on courses  (cost=0.00..1541.01 rows=100001 width=12) (actual rows=100000 loops=1)
                    Buffers: shared hit=541
Planning Time: 0.113 ms
Execution Time: 305.979 ms",307.704,308.273,311.0105,311.0888,10889.59,10889.59,11299,11299,11299,11299,normal,normal,13.736975999999911,51.36665029999998,equal variances,significant,0.003968253968253968,-266.5434,-268.88500000000005,-8616.74,0,True
331,596,53,Easy,select t_courses_0.class as class from schema_596.courses as t_courses_0 group by t_courses_0.class having 5 <= count(t_courses_0.student),31.197,2272.85,11299,"HashAggregate  (cost=2041.02..2272.85 rows=6182 width=7) (actual rows=11299 loops=1)
  Group Key: class
  Filter: (5 <= count(student))
  Batches: 1  Memory Usage: 2577kB
  Rows Removed by Filter: 8569
  Buffers: shared hit=541
  ->  Seq Scan on courses t_courses_0  (cost=0.00..1541.01 rows=100001 width=12) (actual rows=100000 loops=1)
        Buffers: shared hit=541
Planning Time: 0.062 ms
Execution Time: 31.197 ms",39.812,2272.85,11299,"HashAggregate  (cost=2041.02..2272.85 rows=6182 width=7) (actual rows=11299 loops=1)
  Group Key: class
  Filter: (5 <= count(student))
  Batches: 1  Memory Usage: 2577kB
  Rows Removed by Filter: 8569
  Buffers: shared hit=541
  ->  Seq Scan on courses t_courses_0  (cost=0.00..1541.01 rows=100001 width=12) (actual rows=100000 loops=1)
        Buffers: shared hit=541
Planning Time: 0.075 ms
Execution Time: 39.812 ms",39.895,2272.85,11299,"HashAggregate  (cost=2041.02..2272.85 rows=6182 width=7) (actual rows=11299 loops=1)
  Group Key: class
  Filter: (5 <= count(student))
  Batches: 1  Memory Usage: 2577kB
  Rows Removed by Filter: 8569
  Buffers: shared hit=541
  ->  Seq Scan on courses t_courses_0  (cost=0.00..1541.01 rows=100001 width=12) (actual rows=100000 loops=1)
        Buffers: shared hit=541
Planning Time: 0.071 ms
Execution Time: 39.895 ms",43.011,2272.85,11299,"HashAggregate  (cost=2041.02..2272.85 rows=6182 width=7) (actual rows=11299 loops=1)
  Group Key: class
  Filter: (5 <= count(student))
  Batches: 1  Memory Usage: 2577kB
  Rows Removed by Filter: 8569
  Buffers: shared hit=541
  ->  Seq Scan on courses t_courses_0  (cost=0.00..1541.01 rows=100001 width=12) (actual rows=100000 loops=1)
        Buffers: shared hit=541
Planning Time: 0.107 ms
Execution Time: 43.011 ms",40.943,2272.85,11299,"HashAggregate  (cost=2041.02..2272.85 rows=6182 width=7) (actual rows=11299 loops=1)
  Group Key: class
  Filter: (5 <= count(student))
  Batches: 1  Memory Usage: 2577kB
  Rows Removed by Filter: 8569
  Buffers: shared hit=541
  ->  Seq Scan on courses t_courses_0  (cost=0.00..1541.01 rows=100001 width=12) (actual rows=100000 loops=1)
        Buffers: shared hit=541
Planning Time: 0.147 ms
Execution Time: 40.943 ms",38.9716,39.895,41.977,43.8382,2272.85,2272.85,11299,11299,11299,11299,596_53,331,596,53,Easy,"select class from (select class, count(distinct student) as value from schema_596.courses group by class) as t_table where value >= 5",302.61,10889.59,11299,"Subquery Scan on t_table  (cost=9845.92..10889.59 rows=6182 width=7) (actual rows=11299 loops=1)
  Buffers: shared hit=541, temp read=287 written=288
  ->  GroupAggregate  (cost=9845.92..10827.77 rows=6182 width=15) (actual rows=11299 loops=1)
        Group Key: courses.class
        Filter: (count(DISTINCT courses.student) >= 5)
        Rows Removed by Filter: 8569
        Buffers: shared hit=541, temp read=287 written=288
        ->  Sort  (cost=9845.92..10095.92 rows=100001 width=12) (actual rows=100000 loops=1)
              Sort Key: courses.class
              Sort Method: external merge  Disk: 2296kB
              Buffers: shared hit=541, temp read=287 written=288
              ->  Seq Scan on courses  (cost=0.00..1541.01 rows=100001 width=12) (actual rows=100000 loops=1)
                    Buffers: shared hit=541
Planning Time: 0.089 ms
Execution Time: 302.610 ms",310.834,10889.59,11299,"Subquery Scan on t_table  (cost=9845.92..10889.59 rows=6182 width=7) (actual rows=11299 loops=1)
  Buffers: shared hit=541, temp read=287 written=288
  ->  GroupAggregate  (cost=9845.92..10827.77 rows=6182 width=15) (actual rows=11299 loops=1)
        Group Key: courses.class
        Filter: (count(DISTINCT courses.student) >= 5)
        Rows Removed by Filter: 8569
        Buffers: shared hit=541, temp read=287 written=288
        ->  Sort  (cost=9845.92..10095.92 rows=100001 width=12) (actual rows=100000 loops=1)
              Sort Key: courses.class
              Sort Method: external merge  Disk: 2296kB
              Buffers: shared hit=541, temp read=287 written=288
              ->  Seq Scan on courses  (cost=0.00..1541.01 rows=100001 width=12) (actual rows=100000 loops=1)
                    Buffers: shared hit=541
Planning Time: 0.083 ms
Execution Time: 310.834 ms",306.54,10889.59,11299,"Subquery Scan on t_table  (cost=9845.92..10889.59 rows=6182 width=7) (actual rows=11299 loops=1)
  Buffers: shared hit=541, temp read=287 written=288
  ->  GroupAggregate  (cost=9845.92..10827.77 rows=6182 width=15) (actual rows=11299 loops=1)
        Group Key: courses.class
        Filter: (count(DISTINCT courses.student) >= 5)
        Rows Removed by Filter: 8569
        Buffers: shared hit=541, temp read=287 written=288
        ->  Sort  (cost=9845.92..10095.92 rows=100001 width=12) (actual rows=100000 loops=1)
              Sort Key: courses.class
              Sort Method: external merge  Disk: 2296kB
              Buffers: shared hit=541, temp read=287 written=288
              ->  Seq Scan on courses  (cost=0.00..1541.01 rows=100001 width=12) (actual rows=100000 loops=1)
                    Buffers: shared hit=541
Planning Time: 0.100 ms
Execution Time: 306.540 ms",314.418,10889.59,11299,"Subquery Scan on t_table  (cost=9845.92..10889.59 rows=6182 width=7) (actual rows=11299 loops=1)
  Buffers: shared hit=541, temp read=287 written=288
  ->  GroupAggregate  (cost=9845.92..10827.77 rows=6182 width=15) (actual rows=11299 loops=1)
        Group Key: courses.class
        Filter: (count(DISTINCT courses.student) >= 5)
        Rows Removed by Filter: 8569
        Buffers: shared hit=541, temp read=287 written=288
        ->  Sort  (cost=9845.92..10095.92 rows=100001 width=12) (actual rows=100000 loops=1)
              Sort Key: courses.class
              Sort Method: external merge  Disk: 2296kB
              Buffers: shared hit=541, temp read=287 written=288
              ->  Seq Scan on courses  (cost=0.00..1541.01 rows=100001 width=12) (actual rows=100000 loops=1)
                    Buffers: shared hit=541
Planning Time: 0.093 ms
Execution Time: 314.418 ms",306.547,10889.59,11299,"Subquery Scan on t_table  (cost=9845.92..10889.59 rows=6182 width=7) (actual rows=11299 loops=1)
  Buffers: shared hit=541, temp read=287 written=288
  ->  GroupAggregate  (cost=9845.92..10827.77 rows=6182 width=15) (actual rows=11299 loops=1)
        Group Key: courses.class
        Filter: (count(DISTINCT courses.student) >= 5)
        Rows Removed by Filter: 8569
        Buffers: shared hit=541, temp read=287 written=288
        ->  Sort  (cost=9845.92..10095.92 rows=100001 width=12) (actual rows=100000 loops=1)
              Sort Key: courses.class
              Sort Method: external merge  Disk: 2296kB
              Buffers: shared hit=541, temp read=287 written=288
              ->  Seq Scan on courses  (cost=0.00..1541.01 rows=100001 width=12) (actual rows=100000 loops=1)
                    Buffers: shared hit=541
Planning Time: 0.096 ms
Execution Time: 306.547 ms",308.1898,306.547,312.626,315.8516,10889.59,10889.59,11299,11299,11299,11299,normal,normal,20.584267199999946,20.551628800000007,equal variances,significant,0.003968253968253968,-269.21819999999997,-266.65200000000004,-8616.74,0,True
332,596,60,Easy,select t_courses_0.class as class from schema_596.courses as t_courses_0 group by t_courses_0.class having 5 <= count(t_courses_0.student),41.127,2272.85,11299,"HashAggregate  (cost=2041.02..2272.85 rows=6182 width=7) (actual rows=11299 loops=1)
  Group Key: class
  Filter: (5 <= count(student))
  Batches: 1  Memory Usage: 2577kB
  Rows Removed by Filter: 8569
  Buffers: shared hit=541
  ->  Seq Scan on courses t_courses_0  (cost=0.00..1541.01 rows=100001 width=12) (actual rows=100000 loops=1)
        Buffers: shared hit=541
Planning Time: 0.070 ms
Execution Time: 41.127 ms",44.976,2272.85,11299,"HashAggregate  (cost=2041.02..2272.85 rows=6182 width=7) (actual rows=11299 loops=1)
  Group Key: class
  Filter: (5 <= count(student))
  Batches: 1  Memory Usage: 2577kB
  Rows Removed by Filter: 8569
  Buffers: shared hit=541
  ->  Seq Scan on courses t_courses_0  (cost=0.00..1541.01 rows=100001 width=12) (actual rows=100000 loops=1)
        Buffers: shared hit=541
Planning Time: 0.074 ms
Execution Time: 44.976 ms",38.523,2272.85,11299,"HashAggregate  (cost=2041.02..2272.85 rows=6182 width=7) (actual rows=11299 loops=1)
  Group Key: class
  Filter: (5 <= count(student))
  Batches: 1  Memory Usage: 2577kB
  Rows Removed by Filter: 8569
  Buffers: shared hit=541
  ->  Seq Scan on courses t_courses_0  (cost=0.00..1541.01 rows=100001 width=12) (actual rows=100000 loops=1)
        Buffers: shared hit=541
Planning Time: 0.068 ms
Execution Time: 38.523 ms",37.693,2272.85,11299,"HashAggregate  (cost=2041.02..2272.85 rows=6182 width=7) (actual rows=11299 loops=1)
  Group Key: class
  Filter: (5 <= count(student))
  Batches: 1  Memory Usage: 2577kB
  Rows Removed by Filter: 8569
  Buffers: shared hit=541
  ->  Seq Scan on courses t_courses_0  (cost=0.00..1541.01 rows=100001 width=12) (actual rows=100000 loops=1)
        Buffers: shared hit=541
Planning Time: 0.072 ms
Execution Time: 37.693 ms",45.782,2272.85,11299,"HashAggregate  (cost=2041.02..2272.85 rows=6182 width=7) (actual rows=11299 loops=1)
  Group Key: class
  Filter: (5 <= count(student))
  Batches: 1  Memory Usage: 2577kB
  Rows Removed by Filter: 8569
  Buffers: shared hit=541
  ->  Seq Scan on courses t_courses_0  (cost=0.00..1541.01 rows=100001 width=12) (actual rows=100000 loops=1)
        Buffers: shared hit=541
Planning Time: 0.068 ms
Execution Time: 45.782 ms",41.6202,41.127,45.379,46.1044,2272.85,2272.85,11299,11299,11299,11299,596_60,332,596,60,Easy,select courses.class from schema_596.courses group by courses.class having count(distinct courses.student) >= 5,298.909,10827.77,11299,"GroupAggregate  (cost=9845.92..10827.77 rows=6182 width=7) (actual rows=11299 loops=1)
  Group Key: class
  Filter: (count(DISTINCT student) >= 5)
  Rows Removed by Filter: 8569
  Buffers: shared hit=541, temp read=287 written=288
  ->  Sort  (cost=9845.92..10095.92 rows=100001 width=12) (actual rows=100000 loops=1)
        Sort Key: class
        Sort Method: external merge  Disk: 2296kB
        Buffers: shared hit=541, temp read=287 written=288
        ->  Seq Scan on courses  (cost=0.00..1541.01 rows=100001 width=12) (actual rows=100000 loops=1)
              Buffers: shared hit=541
Planning Time: 0.070 ms
Execution Time: 298.909 ms",333.461,10827.77,11299,"GroupAggregate  (cost=9845.92..10827.77 rows=6182 width=7) (actual rows=11299 loops=1)
  Group Key: class
  Filter: (count(DISTINCT student) >= 5)
  Rows Removed by Filter: 8569
  Buffers: shared hit=541, temp read=287 written=288
  ->  Sort  (cost=9845.92..10095.92 rows=100001 width=12) (actual rows=100000 loops=1)
        Sort Key: class
        Sort Method: external merge  Disk: 2296kB
        Buffers: shared hit=541, temp read=287 written=288
        ->  Seq Scan on courses  (cost=0.00..1541.01 rows=100001 width=12) (actual rows=100000 loops=1)
              Buffers: shared hit=541
Planning Time: 0.072 ms
Execution Time: 333.461 ms",300.373,10827.77,11299,"GroupAggregate  (cost=9845.92..10827.77 rows=6182 width=7) (actual rows=11299 loops=1)
  Group Key: class
  Filter: (count(DISTINCT student) >= 5)
  Rows Removed by Filter: 8569
  Buffers: shared hit=541, temp read=287 written=288
  ->  Sort  (cost=9845.92..10095.92 rows=100001 width=12) (actual rows=100000 loops=1)
        Sort Key: class
        Sort Method: external merge  Disk: 2296kB
        Buffers: shared hit=541, temp read=287 written=288
        ->  Seq Scan on courses  (cost=0.00..1541.01 rows=100001 width=12) (actual rows=100000 loops=1)
              Buffers: shared hit=541
Planning Time: 0.107 ms
Execution Time: 300.373 ms",301.294,10827.77,11299,"GroupAggregate  (cost=9845.92..10827.77 rows=6182 width=7) (actual rows=11299 loops=1)
  Group Key: class
  Filter: (count(DISTINCT student) >= 5)
  Rows Removed by Filter: 8569
  Buffers: shared hit=541, temp read=287 written=288
  ->  Sort  (cost=9845.92..10095.92 rows=100001 width=12) (actual rows=100000 loops=1)
        Sort Key: class
        Sort Method: external merge  Disk: 2296kB
        Buffers: shared hit=541, temp read=287 written=288
        ->  Seq Scan on courses  (cost=0.00..1541.01 rows=100001 width=12) (actual rows=100000 loops=1)
              Buffers: shared hit=541
Planning Time: 0.081 ms
Execution Time: 301.294 ms",302.548,10827.77,11299,"GroupAggregate  (cost=9845.92..10827.77 rows=6182 width=7) (actual rows=11299 loops=1)
  Group Key: class
  Filter: (count(DISTINCT student) >= 5)
  Rows Removed by Filter: 8569
  Buffers: shared hit=541, temp read=287 written=288
  ->  Sort  (cost=9845.92..10095.92 rows=100001 width=12) (actual rows=100000 loops=1)
        Sort Key: class
        Sort Method: external merge  Disk: 2296kB
        Buffers: shared hit=541, temp read=287 written=288
        ->  Seq Scan on courses  (cost=0.00..1541.01 rows=100001 width=12) (actual rows=100000 loops=1)
              Buffers: shared hit=541
Planning Time: 0.070 ms
Execution Time: 302.548 ms",307.317,301.294,318.0045,345.8262,10827.77,10827.77,11299,11299,11299,11299,not normal,normal,215.3605565000003,13.460191699999989,equal variances,significant,0.003968253968253968,-265.6968,-260.167,-8554.92,0,True
333,596,61,Easy,select t_courses_0.class as class from schema_596.courses as t_courses_0 group by t_courses_0.class having 5 <= count(t_courses_0.student),31.774,2272.85,11299,"HashAggregate  (cost=2041.02..2272.85 rows=6182 width=7) (actual rows=11299 loops=1)
  Group Key: class
  Filter: (5 <= count(student))
  Batches: 1  Memory Usage: 2577kB
  Rows Removed by Filter: 8569
  Buffers: shared hit=541
  ->  Seq Scan on courses t_courses_0  (cost=0.00..1541.01 rows=100001 width=12) (actual rows=100000 loops=1)
        Buffers: shared hit=541
Planning Time: 0.051 ms
Execution Time: 31.774 ms",37.234,2272.85,11299,"HashAggregate  (cost=2041.02..2272.85 rows=6182 width=7) (actual rows=11299 loops=1)
  Group Key: class
  Filter: (5 <= count(student))
  Batches: 1  Memory Usage: 2577kB
  Rows Removed by Filter: 8569
  Buffers: shared hit=541
  ->  Seq Scan on courses t_courses_0  (cost=0.00..1541.01 rows=100001 width=12) (actual rows=100000 loops=1)
        Buffers: shared hit=541
Planning Time: 0.082 ms
Execution Time: 37.234 ms",38.18,2272.85,11299,"HashAggregate  (cost=2041.02..2272.85 rows=6182 width=7) (actual rows=11299 loops=1)
  Group Key: class
  Filter: (5 <= count(student))
  Batches: 1  Memory Usage: 2577kB
  Rows Removed by Filter: 8569
  Buffers: shared hit=541
  ->  Seq Scan on courses t_courses_0  (cost=0.00..1541.01 rows=100001 width=12) (actual rows=100000 loops=1)
        Buffers: shared hit=541
Planning Time: 0.132 ms
Execution Time: 38.180 ms",50.805,2272.85,11299,"HashAggregate  (cost=2041.02..2272.85 rows=6182 width=7) (actual rows=11299 loops=1)
  Group Key: class
  Filter: (5 <= count(student))
  Batches: 1  Memory Usage: 2577kB
  Rows Removed by Filter: 8569
  Buffers: shared hit=541
  ->  Seq Scan on courses t_courses_0  (cost=0.00..1541.01 rows=100001 width=12) (actual rows=100000 loops=1)
        Buffers: shared hit=541
Planning Time: 0.068 ms
Execution Time: 50.805 ms",39.789,2272.85,11299,"HashAggregate  (cost=2041.02..2272.85 rows=6182 width=7) (actual rows=11299 loops=1)
  Group Key: class
  Filter: (5 <= count(student))
  Batches: 1  Memory Usage: 2577kB
  Rows Removed by Filter: 8569
  Buffers: shared hit=541
  ->  Seq Scan on courses t_courses_0  (cost=0.00..1541.01 rows=100001 width=12) (actual rows=100000 loops=1)
        Buffers: shared hit=541
Planning Time: 0.142 ms
Execution Time: 39.789 ms",39.5564,38.18,45.297,55.2114,2272.85,2272.85,11299,11299,11299,11299,596_61,333,596,61,Easy,"select courses_b.class from (select class, count(distinct student) as num from schema_596.courses group by class) as courses_b where num >= 5",299.015,10889.59,11299,"Subquery Scan on courses_b  (cost=9845.92..10889.59 rows=6182 width=7) (actual rows=11299 loops=1)
  Buffers: shared hit=541, temp read=287 written=288
  ->  GroupAggregate  (cost=9845.92..10827.77 rows=6182 width=15) (actual rows=11299 loops=1)
        Group Key: courses.class
        Filter: (count(DISTINCT courses.student) >= 5)
        Rows Removed by Filter: 8569
        Buffers: shared hit=541, temp read=287 written=288
        ->  Sort  (cost=9845.92..10095.92 rows=100001 width=12) (actual rows=100000 loops=1)
              Sort Key: courses.class
              Sort Method: external merge  Disk: 2296kB
              Buffers: shared hit=541, temp read=287 written=288
              ->  Seq Scan on courses  (cost=0.00..1541.01 rows=100001 width=12) (actual rows=100000 loops=1)
                    Buffers: shared hit=541
Planning Time: 0.063 ms
Execution Time: 299.015 ms",315.482,10889.59,11299,"Subquery Scan on courses_b  (cost=9845.92..10889.59 rows=6182 width=7) (actual rows=11299 loops=1)
  Buffers: shared hit=541, temp read=287 written=288
  ->  GroupAggregate  (cost=9845.92..10827.77 rows=6182 width=15) (actual rows=11299 loops=1)
        Group Key: courses.class
        Filter: (count(DISTINCT courses.student) >= 5)
        Rows Removed by Filter: 8569
        Buffers: shared hit=541, temp read=287 written=288
        ->  Sort  (cost=9845.92..10095.92 rows=100001 width=12) (actual rows=100000 loops=1)
              Sort Key: courses.class
              Sort Method: external merge  Disk: 2296kB
              Buffers: shared hit=541, temp read=287 written=288
              ->  Seq Scan on courses  (cost=0.00..1541.01 rows=100001 width=12) (actual rows=100000 loops=1)
                    Buffers: shared hit=541
Planning Time: 0.103 ms
Execution Time: 315.482 ms",310.483,10889.59,11299,"Subquery Scan on courses_b  (cost=9845.92..10889.59 rows=6182 width=7) (actual rows=11299 loops=1)
  Buffers: shared hit=541, temp read=287 written=288
  ->  GroupAggregate  (cost=9845.92..10827.77 rows=6182 width=15) (actual rows=11299 loops=1)
        Group Key: courses.class
        Filter: (count(DISTINCT courses.student) >= 5)
        Rows Removed by Filter: 8569
        Buffers: shared hit=541, temp read=287 written=288
        ->  Sort  (cost=9845.92..10095.92 rows=100001 width=12) (actual rows=100000 loops=1)
              Sort Key: courses.class
              Sort Method: external merge  Disk: 2296kB
              Buffers: shared hit=541, temp read=287 written=288
              ->  Seq Scan on courses  (cost=0.00..1541.01 rows=100001 width=12) (actual rows=100000 loops=1)
                    Buffers: shared hit=541
Planning Time: 0.092 ms
Execution Time: 310.483 ms",306.872,10889.59,11299,"Subquery Scan on courses_b  (cost=9845.92..10889.59 rows=6182 width=7) (actual rows=11299 loops=1)
  Buffers: shared hit=541, temp read=287 written=288
  ->  GroupAggregate  (cost=9845.92..10827.77 rows=6182 width=15) (actual rows=11299 loops=1)
        Group Key: courses.class
        Filter: (count(DISTINCT courses.student) >= 5)
        Rows Removed by Filter: 8569
        Buffers: shared hit=541, temp read=287 written=288
        ->  Sort  (cost=9845.92..10095.92 rows=100001 width=12) (actual rows=100000 loops=1)
              Sort Key: courses.class
              Sort Method: external merge  Disk: 2296kB
              Buffers: shared hit=541, temp read=287 written=288
              ->  Seq Scan on courses  (cost=0.00..1541.01 rows=100001 width=12) (actual rows=100000 loops=1)
                    Buffers: shared hit=541
Planning Time: 0.150 ms
Execution Time: 306.872 ms",308.197,10889.59,11299,"Subquery Scan on courses_b  (cost=9845.92..10889.59 rows=6182 width=7) (actual rows=11299 loops=1)
  Buffers: shared hit=541, temp read=287 written=288
  ->  GroupAggregate  (cost=9845.92..10827.77 rows=6182 width=15) (actual rows=11299 loops=1)
        Group Key: courses.class
        Filter: (count(DISTINCT courses.student) >= 5)
        Rows Removed by Filter: 8569
        Buffers: shared hit=541, temp read=287 written=288
        ->  Sort  (cost=9845.92..10095.92 rows=100001 width=12) (actual rows=100000 loops=1)
              Sort Key: courses.class
              Sort Method: external merge  Disk: 2296kB
              Buffers: shared hit=541, temp read=287 written=288
              ->  Seq Scan on courses  (cost=0.00..1541.01 rows=100001 width=12) (actual rows=100000 loops=1)
                    Buffers: shared hit=541
Planning Time: 0.121 ms
Execution Time: 308.197 ms",308.0098,308.197,312.9825,317.4816,10889.59,10889.59,11299,11299,11299,11299,normal,normal,36.04663770000016,48.6097183,equal variances,significant,0.003968253968253968,-268.4534,-270.017,-8616.74,0,True
334,596,62,Easy,select t_courses_0.class as class from schema_596.courses as t_courses_0 group by t_courses_0.class having 5 <= count(t_courses_0.student),33.169,2272.85,11299,"HashAggregate  (cost=2041.02..2272.85 rows=6182 width=7) (actual rows=11299 loops=1)
  Group Key: class
  Filter: (5 <= count(student))
  Batches: 1  Memory Usage: 2577kB
  Rows Removed by Filter: 8569
  Buffers: shared hit=541
  ->  Seq Scan on courses t_courses_0  (cost=0.00..1541.01 rows=100001 width=12) (actual rows=100000 loops=1)
        Buffers: shared hit=541
Planning Time: 0.067 ms
Execution Time: 33.169 ms",41.281,2272.85,11299,"HashAggregate  (cost=2041.02..2272.85 rows=6182 width=7) (actual rows=11299 loops=1)
  Group Key: class
  Filter: (5 <= count(student))
  Batches: 1  Memory Usage: 2577kB
  Rows Removed by Filter: 8569
  Buffers: shared hit=541
  ->  Seq Scan on courses t_courses_0  (cost=0.00..1541.01 rows=100001 width=12) (actual rows=100000 loops=1)
        Buffers: shared hit=541
Planning Time: 0.104 ms
Execution Time: 41.281 ms",39.306,2272.85,11299,"HashAggregate  (cost=2041.02..2272.85 rows=6182 width=7) (actual rows=11299 loops=1)
  Group Key: class
  Filter: (5 <= count(student))
  Batches: 1  Memory Usage: 2577kB
  Rows Removed by Filter: 8569
  Buffers: shared hit=541
  ->  Seq Scan on courses t_courses_0  (cost=0.00..1541.01 rows=100001 width=12) (actual rows=100000 loops=1)
        Buffers: shared hit=541
Planning Time: 0.090 ms
Execution Time: 39.306 ms",38.264,2272.85,11299,"HashAggregate  (cost=2041.02..2272.85 rows=6182 width=7) (actual rows=11299 loops=1)
  Group Key: class
  Filter: (5 <= count(student))
  Batches: 1  Memory Usage: 2577kB
  Rows Removed by Filter: 8569
  Buffers: shared hit=541
  ->  Seq Scan on courses t_courses_0  (cost=0.00..1541.01 rows=100001 width=12) (actual rows=100000 loops=1)
        Buffers: shared hit=541
Planning Time: 0.074 ms
Execution Time: 38.264 ms",50.777,2272.85,11299,"HashAggregate  (cost=2041.02..2272.85 rows=6182 width=7) (actual rows=11299 loops=1)
  Group Key: class
  Filter: (5 <= count(student))
  Batches: 1  Memory Usage: 2577kB
  Rows Removed by Filter: 8569
  Buffers: shared hit=541
  ->  Seq Scan on courses t_courses_0  (cost=0.00..1541.01 rows=100001 width=12) (actual rows=100000 loops=1)
        Buffers: shared hit=541
Planning Time: 0.077 ms
Execution Time: 50.777 ms",40.5594,39.306,46.029,54.5754,2272.85,2272.85,11299,11299,11299,11299,596_62,334,596,62,Easy,"select sub.class from (select count(distinct student) as counts, class from schema_596.courses group by class) as sub where sub.counts >= 5",305.746,10889.59,11299,"Subquery Scan on sub  (cost=9845.92..10889.59 rows=6182 width=7) (actual rows=11299 loops=1)
  Buffers: shared hit=541, temp read=287 written=288
  ->  GroupAggregate  (cost=9845.92..10827.77 rows=6182 width=15) (actual rows=11299 loops=1)
        Group Key: courses.class
        Filter: (count(DISTINCT courses.student) >= 5)
        Rows Removed by Filter: 8569
        Buffers: shared hit=541, temp read=287 written=288
        ->  Sort  (cost=9845.92..10095.92 rows=100001 width=12) (actual rows=100000 loops=1)
              Sort Key: courses.class
              Sort Method: external merge  Disk: 2296kB
              Buffers: shared hit=541, temp read=287 written=288
              ->  Seq Scan on courses  (cost=0.00..1541.01 rows=100001 width=12) (actual rows=100000 loops=1)
                    Buffers: shared hit=541
Planning Time: 0.090 ms
Execution Time: 305.746 ms",313.388,10889.59,11299,"Subquery Scan on sub  (cost=9845.92..10889.59 rows=6182 width=7) (actual rows=11299 loops=1)
  Buffers: shared hit=541, temp read=287 written=288
  ->  GroupAggregate  (cost=9845.92..10827.77 rows=6182 width=15) (actual rows=11299 loops=1)
        Group Key: courses.class
        Filter: (count(DISTINCT courses.student) >= 5)
        Rows Removed by Filter: 8569
        Buffers: shared hit=541, temp read=287 written=288
        ->  Sort  (cost=9845.92..10095.92 rows=100001 width=12) (actual rows=100000 loops=1)
              Sort Key: courses.class
              Sort Method: external merge  Disk: 2296kB
              Buffers: shared hit=541, temp read=287 written=288
              ->  Seq Scan on courses  (cost=0.00..1541.01 rows=100001 width=12) (actual rows=100000 loops=1)
                    Buffers: shared hit=541
Planning Time: 0.090 ms
Execution Time: 313.388 ms",308.777,10889.59,11299,"Subquery Scan on sub  (cost=9845.92..10889.59 rows=6182 width=7) (actual rows=11299 loops=1)
  Buffers: shared hit=541, temp read=287 written=288
  ->  GroupAggregate  (cost=9845.92..10827.77 rows=6182 width=15) (actual rows=11299 loops=1)
        Group Key: courses.class
        Filter: (count(DISTINCT courses.student) >= 5)
        Rows Removed by Filter: 8569
        Buffers: shared hit=541, temp read=287 written=288
        ->  Sort  (cost=9845.92..10095.92 rows=100001 width=12) (actual rows=100000 loops=1)
              Sort Key: courses.class
              Sort Method: external merge  Disk: 2296kB
              Buffers: shared hit=541, temp read=287 written=288
              ->  Seq Scan on courses  (cost=0.00..1541.01 rows=100001 width=12) (actual rows=100000 loops=1)
                    Buffers: shared hit=541
Planning Time: 0.094 ms
Execution Time: 308.777 ms",303.846,10889.59,11299,"Subquery Scan on sub  (cost=9845.92..10889.59 rows=6182 width=7) (actual rows=11299 loops=1)
  Buffers: shared hit=541, temp read=287 written=288
  ->  GroupAggregate  (cost=9845.92..10827.77 rows=6182 width=15) (actual rows=11299 loops=1)
        Group Key: courses.class
        Filter: (count(DISTINCT courses.student) >= 5)
        Rows Removed by Filter: 8569
        Buffers: shared hit=541, temp read=287 written=288
        ->  Sort  (cost=9845.92..10095.92 rows=100001 width=12) (actual rows=100000 loops=1)
              Sort Key: courses.class
              Sort Method: external merge  Disk: 2296kB
              Buffers: shared hit=541, temp read=287 written=288
              ->  Seq Scan on courses  (cost=0.00..1541.01 rows=100001 width=12) (actual rows=100000 loops=1)
                    Buffers: shared hit=541
Planning Time: 0.080 ms
Execution Time: 303.846 ms",309.381,10889.59,11299,"Subquery Scan on sub  (cost=9845.92..10889.59 rows=6182 width=7) (actual rows=11299 loops=1)
  Buffers: shared hit=541, temp read=287 written=288
  ->  GroupAggregate  (cost=9845.92..10827.77 rows=6182 width=15) (actual rows=11299 loops=1)
        Group Key: courses.class
        Filter: (count(DISTINCT courses.student) >= 5)
        Rows Removed by Filter: 8569
        Buffers: shared hit=541, temp read=287 written=288
        ->  Sort  (cost=9845.92..10095.92 rows=100001 width=12) (actual rows=100000 loops=1)
              Sort Key: courses.class
              Sort Method: external merge  Disk: 2296kB
              Buffers: shared hit=541, temp read=287 written=288
              ->  Seq Scan on courses  (cost=0.00..1541.01 rows=100001 width=12) (actual rows=100000 loops=1)
                    Buffers: shared hit=541
Planning Time: 0.094 ms
Execution Time: 309.381 ms",308.2276,308.777,311.3845,314.9908,10889.59,10889.59,11299,11299,11299,11299,normal,normal,13.404664299999936,41.59448530000002,equal variances,significant,0.003968253968253968,-267.6682,-269.471,-8616.74,0,True
335,596,63,Easy,select t_courses_0.class as class from schema_596.courses as t_courses_0 group by t_courses_0.class having 5 <= count(t_courses_0.class),31.484,2272.85,11299,"HashAggregate  (cost=2041.02..2272.85 rows=6182 width=7) (actual rows=11299 loops=1)
  Group Key: class
  Filter: (5 <= count(class))
  Batches: 1  Memory Usage: 2577kB
  Rows Removed by Filter: 8569
  Buffers: shared hit=541
  ->  Seq Scan on courses t_courses_0  (cost=0.00..1541.01 rows=100001 width=7) (actual rows=100000 loops=1)
        Buffers: shared hit=541
Planning Time: 0.065 ms
Execution Time: 31.484 ms",40.772,2272.85,11299,"HashAggregate  (cost=2041.02..2272.85 rows=6182 width=7) (actual rows=11299 loops=1)
  Group Key: class
  Filter: (5 <= count(class))
  Batches: 1  Memory Usage: 2577kB
  Rows Removed by Filter: 8569
  Buffers: shared hit=541
  ->  Seq Scan on courses t_courses_0  (cost=0.00..1541.01 rows=100001 width=7) (actual rows=100000 loops=1)
        Buffers: shared hit=541
Planning Time: 0.132 ms
Execution Time: 40.772 ms",42.779,2272.85,11299,"HashAggregate  (cost=2041.02..2272.85 rows=6182 width=7) (actual rows=11299 loops=1)
  Group Key: class
  Filter: (5 <= count(class))
  Batches: 1  Memory Usage: 2577kB
  Rows Removed by Filter: 8569
  Buffers: shared hit=541
  ->  Seq Scan on courses t_courses_0  (cost=0.00..1541.01 rows=100001 width=7) (actual rows=100000 loops=1)
        Buffers: shared hit=541
Planning Time: 0.069 ms
Execution Time: 42.779 ms",42.698,2272.85,11299,"HashAggregate  (cost=2041.02..2272.85 rows=6182 width=7) (actual rows=11299 loops=1)
  Group Key: class
  Filter: (5 <= count(class))
  Batches: 1  Memory Usage: 2577kB
  Rows Removed by Filter: 8569
  Buffers: shared hit=541
  ->  Seq Scan on courses t_courses_0  (cost=0.00..1541.01 rows=100001 width=7) (actual rows=100000 loops=1)
        Buffers: shared hit=541
Planning Time: 0.068 ms
Execution Time: 42.698 ms",40.989,2272.85,11299,"HashAggregate  (cost=2041.02..2272.85 rows=6182 width=7) (actual rows=11299 loops=1)
  Group Key: class
  Filter: (5 <= count(class))
  Batches: 1  Memory Usage: 2577kB
  Rows Removed by Filter: 8569
  Buffers: shared hit=541
  ->  Seq Scan on courses t_courses_0  (cost=0.00..1541.01 rows=100001 width=7) (actual rows=100000 loops=1)
        Buffers: shared hit=541
Planning Time: 0.069 ms
Execution Time: 40.989 ms",39.7444,40.989,42.7385,42.8114,2272.85,2272.85,11299,11299,11299,11299,596_63,335,596,63,Easy,"select t1.class from (select student, class from schema_596.courses group by student, class) as t1 group by t1.class having count(class) >= 5",83.503,2507.19,11299,"HashAggregate  (cost=2504.69..2507.19 rows=67 width=7) (actual rows=11299 loops=1)
  Group Key: courses.class
  Filter: (count(courses.class) >= 5)
  Batches: 1  Memory Usage: 2593kB
  Rows Removed by Filter: 8569
  Buffers: shared hit=541, temp read=210 written=373
  ->  HashAggregate  (cost=2041.01..2226.48 rows=18547 width=12) (actual rows=100000 loops=1)
        Group Key: courses.student, courses.class
        Batches: 5  Memory Usage: 4145kB  Disk Usage: 1768kB
        Buffers: shared hit=541, temp read=210 written=373
        ->  Seq Scan on courses  (cost=0.00..1541.01 rows=100001 width=12) (actual rows=100000 loops=1)
              Buffers: shared hit=541
Planning:
  Buffers: shared hit=3
Planning Time: 0.083 ms
Execution Time: 83.503 ms",93.635,2507.19,11299,"HashAggregate  (cost=2504.69..2507.19 rows=67 width=7) (actual rows=11299 loops=1)
  Group Key: courses.class
  Filter: (count(courses.class) >= 5)
  Batches: 1  Memory Usage: 2593kB
  Rows Removed by Filter: 8569
  Buffers: shared hit=541, temp read=210 written=373
  ->  HashAggregate  (cost=2041.01..2226.48 rows=18547 width=12) (actual rows=100000 loops=1)
        Group Key: courses.student, courses.class
        Batches: 5  Memory Usage: 4145kB  Disk Usage: 1768kB
        Buffers: shared hit=541, temp read=210 written=373
        ->  Seq Scan on courses  (cost=0.00..1541.01 rows=100001 width=12) (actual rows=100000 loops=1)
              Buffers: shared hit=541
Planning:
  Buffers: shared hit=3
Planning Time: 0.122 ms
Execution Time: 93.635 ms",92.289,2507.19,11299,"HashAggregate  (cost=2504.69..2507.19 rows=67 width=7) (actual rows=11299 loops=1)
  Group Key: courses.class
  Filter: (count(courses.class) >= 5)
  Batches: 1  Memory Usage: 2593kB
  Rows Removed by Filter: 8569
  Buffers: shared hit=541, temp read=210 written=373
  ->  HashAggregate  (cost=2041.01..2226.48 rows=18547 width=12) (actual rows=100000 loops=1)
        Group Key: courses.student, courses.class
        Batches: 5  Memory Usage: 4145kB  Disk Usage: 1768kB
        Buffers: shared hit=541, temp read=210 written=373
        ->  Seq Scan on courses  (cost=0.00..1541.01 rows=100001 width=12) (actual rows=100000 loops=1)
              Buffers: shared hit=541
Planning:
  Buffers: shared hit=3
Planning Time: 0.144 ms
Execution Time: 92.289 ms",89.894,2507.19,11299,"HashAggregate  (cost=2504.69..2507.19 rows=67 width=7) (actual rows=11299 loops=1)
  Group Key: courses.class
  Filter: (count(courses.class) >= 5)
  Batches: 1  Memory Usage: 2593kB
  Rows Removed by Filter: 8569
  Buffers: shared hit=541, temp read=210 written=373
  ->  HashAggregate  (cost=2041.01..2226.48 rows=18547 width=12) (actual rows=100000 loops=1)
        Group Key: courses.student, courses.class
        Batches: 5  Memory Usage: 4145kB  Disk Usage: 1768kB
        Buffers: shared hit=541, temp read=210 written=373
        ->  Seq Scan on courses  (cost=0.00..1541.01 rows=100001 width=12) (actual rows=100000 loops=1)
              Buffers: shared hit=541
Planning:
  Buffers: shared hit=3
Planning Time: 0.144 ms
Execution Time: 89.894 ms",90.935,2507.19,11299,"HashAggregate  (cost=2504.69..2507.19 rows=67 width=7) (actual rows=11299 loops=1)
  Group Key: courses.class
  Filter: (count(courses.class) >= 5)
  Batches: 1  Memory Usage: 2593kB
  Rows Removed by Filter: 8569
  Buffers: shared hit=541, temp read=210 written=373
  ->  HashAggregate  (cost=2041.01..2226.48 rows=18547 width=12) (actual rows=100000 loops=1)
        Group Key: courses.student, courses.class
        Batches: 5  Memory Usage: 4145kB  Disk Usage: 1768kB
        Buffers: shared hit=541, temp read=210 written=373
        ->  Seq Scan on courses  (cost=0.00..1541.01 rows=100001 width=12) (actual rows=100000 loops=1)
              Buffers: shared hit=541
Planning:
  Buffers: shared hit=3
Planning Time: 0.118 ms
Execution Time: 90.935 ms",90.0512,90.935,92.962,94.1734,2507.19,2507.19,11299,11299,11299,11299,normal,not normal,15.384027200000013,22.192937299999997,equal variances,significant,0.003968253968253968,-50.306799999999996,-49.946000000000005,-234.34000000000015,0,True
336,596,77,Easy,select t_courses_0.class as class from schema_596.courses as t_courses_0 group by t_courses_0.class having 5 <= count(t_courses_0.class),31.431,2272.85,11299,"HashAggregate  (cost=2041.02..2272.85 rows=6182 width=7) (actual rows=11299 loops=1)
  Group Key: class
  Filter: (5 <= count(class))
  Batches: 1  Memory Usage: 2577kB
  Rows Removed by Filter: 8569
  Buffers: shared hit=541
  ->  Seq Scan on courses t_courses_0  (cost=0.00..1541.01 rows=100001 width=7) (actual rows=100000 loops=1)
        Buffers: shared hit=541
Planning Time: 0.050 ms
Execution Time: 31.431 ms",42.181,2272.85,11299,"HashAggregate  (cost=2041.02..2272.85 rows=6182 width=7) (actual rows=11299 loops=1)
  Group Key: class
  Filter: (5 <= count(class))
  Batches: 1  Memory Usage: 2577kB
  Rows Removed by Filter: 8569
  Buffers: shared hit=541
  ->  Seq Scan on courses t_courses_0  (cost=0.00..1541.01 rows=100001 width=7) (actual rows=100000 loops=1)
        Buffers: shared hit=541
Planning Time: 0.073 ms
Execution Time: 42.181 ms",46.743,2272.85,11299,"HashAggregate  (cost=2041.02..2272.85 rows=6182 width=7) (actual rows=11299 loops=1)
  Group Key: class
  Filter: (5 <= count(class))
  Batches: 1  Memory Usage: 2577kB
  Rows Removed by Filter: 8569
  Buffers: shared hit=541
  ->  Seq Scan on courses t_courses_0  (cost=0.00..1541.01 rows=100001 width=7) (actual rows=100000 loops=1)
        Buffers: shared hit=541
Planning Time: 0.056 ms
Execution Time: 46.743 ms",38.501,2272.85,11299,"HashAggregate  (cost=2041.02..2272.85 rows=6182 width=7) (actual rows=11299 loops=1)
  Group Key: class
  Filter: (5 <= count(class))
  Batches: 1  Memory Usage: 2577kB
  Rows Removed by Filter: 8569
  Buffers: shared hit=541
  ->  Seq Scan on courses t_courses_0  (cost=0.00..1541.01 rows=100001 width=7) (actual rows=100000 loops=1)
        Buffers: shared hit=541
Planning Time: 0.086 ms
Execution Time: 38.501 ms",39.431,2272.85,11299,"HashAggregate  (cost=2041.02..2272.85 rows=6182 width=7) (actual rows=11299 loops=1)
  Group Key: class
  Filter: (5 <= count(class))
  Batches: 1  Memory Usage: 2577kB
  Rows Removed by Filter: 8569
  Buffers: shared hit=541
  ->  Seq Scan on courses t_courses_0  (cost=0.00..1541.01 rows=100001 width=7) (actual rows=100000 loops=1)
        Buffers: shared hit=541
Planning Time: 0.079 ms
Execution Time: 39.431 ms",39.6574,39.431,44.462,48.5678,2272.85,2272.85,11299,11299,11299,11299,596_77,336,596,77,Easy,"select a.class from (select distinct student, class from schema_596.courses) as a group by a.class having count(a.class) >= 5",84.645,2507.19,11299,"HashAggregate  (cost=2504.69..2507.19 rows=67 width=7) (actual rows=11299 loops=1)
  Group Key: courses.class
  Filter: (count(courses.class) >= 5)
  Batches: 1  Memory Usage: 2593kB
  Rows Removed by Filter: 8569
  Buffers: shared hit=541, temp read=210 written=373
  ->  HashAggregate  (cost=2041.01..2226.48 rows=18547 width=12) (actual rows=100000 loops=1)
        Group Key: courses.student, courses.class
        Batches: 5  Memory Usage: 4145kB  Disk Usage: 1768kB
        Buffers: shared hit=541, temp read=210 written=373
        ->  Seq Scan on courses  (cost=0.00..1541.01 rows=100001 width=12) (actual rows=100000 loops=1)
              Buffers: shared hit=541
Planning Time: 0.104 ms
Execution Time: 84.645 ms",92.964,2507.19,11299,"HashAggregate  (cost=2504.69..2507.19 rows=67 width=7) (actual rows=11299 loops=1)
  Group Key: courses.class
  Filter: (count(courses.class) >= 5)
  Batches: 1  Memory Usage: 2593kB
  Rows Removed by Filter: 8569
  Buffers: shared hit=541, temp read=210 written=373
  ->  HashAggregate  (cost=2041.01..2226.48 rows=18547 width=12) (actual rows=100000 loops=1)
        Group Key: courses.student, courses.class
        Batches: 5  Memory Usage: 4145kB  Disk Usage: 1768kB
        Buffers: shared hit=541, temp read=210 written=373
        ->  Seq Scan on courses  (cost=0.00..1541.01 rows=100001 width=12) (actual rows=100000 loops=1)
              Buffers: shared hit=541
Planning Time: 0.097 ms
Execution Time: 92.964 ms",89.266,2507.19,11299,"HashAggregate  (cost=2504.69..2507.19 rows=67 width=7) (actual rows=11299 loops=1)
  Group Key: courses.class
  Filter: (count(courses.class) >= 5)
  Batches: 1  Memory Usage: 2593kB
  Rows Removed by Filter: 8569
  Buffers: shared hit=541, temp read=210 written=373
  ->  HashAggregate  (cost=2041.01..2226.48 rows=18547 width=12) (actual rows=100000 loops=1)
        Group Key: courses.student, courses.class
        Batches: 5  Memory Usage: 4145kB  Disk Usage: 1768kB
        Buffers: shared hit=541, temp read=210 written=373
        ->  Seq Scan on courses  (cost=0.00..1541.01 rows=100001 width=12) (actual rows=100000 loops=1)
              Buffers: shared hit=541
Planning Time: 0.093 ms
Execution Time: 89.266 ms",88.954,2507.19,11299,"HashAggregate  (cost=2504.69..2507.19 rows=67 width=7) (actual rows=11299 loops=1)
  Group Key: courses.class
  Filter: (count(courses.class) >= 5)
  Batches: 1  Memory Usage: 2593kB
  Rows Removed by Filter: 8569
  Buffers: shared hit=541, temp read=210 written=373
  ->  HashAggregate  (cost=2041.01..2226.48 rows=18547 width=12) (actual rows=100000 loops=1)
        Group Key: courses.student, courses.class
        Batches: 5  Memory Usage: 4145kB  Disk Usage: 1768kB
        Buffers: shared hit=541, temp read=210 written=373
        ->  Seq Scan on courses  (cost=0.00..1541.01 rows=100001 width=12) (actual rows=100000 loops=1)
              Buffers: shared hit=541
Planning Time: 0.066 ms
Execution Time: 88.954 ms",92.24,2507.19,11299,"HashAggregate  (cost=2504.69..2507.19 rows=67 width=7) (actual rows=11299 loops=1)
  Group Key: courses.class
  Filter: (count(courses.class) >= 5)
  Batches: 1  Memory Usage: 2593kB
  Rows Removed by Filter: 8569
  Buffers: shared hit=541, temp read=210 written=373
  ->  HashAggregate  (cost=2041.01..2226.48 rows=18547 width=12) (actual rows=100000 loops=1)
        Group Key: courses.student, courses.class
        Batches: 5  Memory Usage: 4145kB  Disk Usage: 1768kB
        Buffers: shared hit=541, temp read=210 written=373
        ->  Seq Scan on courses  (cost=0.00..1541.01 rows=100001 width=12) (actual rows=100000 loops=1)
              Buffers: shared hit=541
Planning Time: 0.084 ms
Execution Time: 92.240 ms",89.6138,89.266,92.602,93.2536,2507.19,2507.19,11299,11299,11299,11299,normal,normal,10.841510200000002,31.409114800000005,equal variances,significant,0.003968253968253968,-49.956399999999995,-49.83500000000001,-234.34000000000015,0,True
337,596,78,Easy,select t_courses_0.class as class from schema_596.courses as t_courses_0 group by t_courses_0.class having 5 <= count(t_courses_0.class),33.38,2272.85,11299,"HashAggregate  (cost=2041.02..2272.85 rows=6182 width=7) (actual rows=11299 loops=1)
  Group Key: class
  Filter: (5 <= count(class))
  Batches: 1  Memory Usage: 2577kB
  Rows Removed by Filter: 8569
  Buffers: shared hit=541
  ->  Seq Scan on courses t_courses_0  (cost=0.00..1541.01 rows=100001 width=7) (actual rows=100000 loops=1)
        Buffers: shared hit=541
Planning Time: 0.093 ms
Execution Time: 33.380 ms",37.931,2272.85,11299,"HashAggregate  (cost=2041.02..2272.85 rows=6182 width=7) (actual rows=11299 loops=1)
  Group Key: class
  Filter: (5 <= count(class))
  Batches: 1  Memory Usage: 2577kB
  Rows Removed by Filter: 8569
  Buffers: shared hit=541
  ->  Seq Scan on courses t_courses_0  (cost=0.00..1541.01 rows=100001 width=7) (actual rows=100000 loops=1)
        Buffers: shared hit=541
Planning Time: 0.090 ms
Execution Time: 37.931 ms",40.815,2272.85,11299,"HashAggregate  (cost=2041.02..2272.85 rows=6182 width=7) (actual rows=11299 loops=1)
  Group Key: class
  Filter: (5 <= count(class))
  Batches: 1  Memory Usage: 2577kB
  Rows Removed by Filter: 8569
  Buffers: shared hit=541
  ->  Seq Scan on courses t_courses_0  (cost=0.00..1541.01 rows=100001 width=7) (actual rows=100000 loops=1)
        Buffers: shared hit=541
Planning Time: 0.074 ms
Execution Time: 40.815 ms",38.613,2272.85,11299,"HashAggregate  (cost=2041.02..2272.85 rows=6182 width=7) (actual rows=11299 loops=1)
  Group Key: class
  Filter: (5 <= count(class))
  Batches: 1  Memory Usage: 2577kB
  Rows Removed by Filter: 8569
  Buffers: shared hit=541
  ->  Seq Scan on courses t_courses_0  (cost=0.00..1541.01 rows=100001 width=7) (actual rows=100000 loops=1)
        Buffers: shared hit=541
Planning Time: 0.086 ms
Execution Time: 38.613 ms",67.483,2272.85,11299,"HashAggregate  (cost=2041.02..2272.85 rows=6182 width=7) (actual rows=11299 loops=1)
  Group Key: class
  Filter: (5 <= count(class))
  Batches: 1  Memory Usage: 2577kB
  Rows Removed by Filter: 8569
  Buffers: shared hit=541
  ->  Seq Scan on courses t_courses_0  (cost=0.00..1541.01 rows=100001 width=7) (actual rows=100000 loops=1)
        Buffers: shared hit=541
Planning Time: 0.111 ms
Execution Time: 67.483 ms",43.6444,38.613,54.149,78.1502,2272.85,2272.85,11299,11299,11299,11299,596_78,337,596,78,Easy,"select a.class from (select student, class from schema_596.courses group by student, class) as a group by class having count(class) >= 5",85.786,2507.19,11299,"HashAggregate  (cost=2504.69..2507.19 rows=67 width=7) (actual rows=11299 loops=1)
  Group Key: courses.class
  Filter: (count(courses.class) >= 5)
  Batches: 1  Memory Usage: 2593kB
  Rows Removed by Filter: 8569
  Buffers: shared hit=541, temp read=210 written=373
  ->  HashAggregate  (cost=2041.01..2226.48 rows=18547 width=12) (actual rows=100000 loops=1)
        Group Key: courses.student, courses.class
        Batches: 5  Memory Usage: 4145kB  Disk Usage: 1768kB
        Buffers: shared hit=541, temp read=210 written=373
        ->  Seq Scan on courses  (cost=0.00..1541.01 rows=100001 width=12) (actual rows=100000 loops=1)
              Buffers: shared hit=541
Planning:
  Buffers: shared hit=3
Planning Time: 0.114 ms
Execution Time: 85.786 ms",94.589,2507.19,11299,"HashAggregate  (cost=2504.69..2507.19 rows=67 width=7) (actual rows=11299 loops=1)
  Group Key: courses.class
  Filter: (count(courses.class) >= 5)
  Batches: 1  Memory Usage: 2593kB
  Rows Removed by Filter: 8569
  Buffers: shared hit=541, temp read=210 written=373
  ->  HashAggregate  (cost=2041.01..2226.48 rows=18547 width=12) (actual rows=100000 loops=1)
        Group Key: courses.student, courses.class
        Batches: 5  Memory Usage: 4145kB  Disk Usage: 1768kB
        Buffers: shared hit=541, temp read=210 written=373
        ->  Seq Scan on courses  (cost=0.00..1541.01 rows=100001 width=12) (actual rows=100000 loops=1)
              Buffers: shared hit=541
Planning:
  Buffers: shared hit=3
Planning Time: 0.108 ms
Execution Time: 94.589 ms",93.757,2507.19,11299,"HashAggregate  (cost=2504.69..2507.19 rows=67 width=7) (actual rows=11299 loops=1)
  Group Key: courses.class
  Filter: (count(courses.class) >= 5)
  Batches: 1  Memory Usage: 2593kB
  Rows Removed by Filter: 8569
  Buffers: shared hit=541, temp read=210 written=373
  ->  HashAggregate  (cost=2041.01..2226.48 rows=18547 width=12) (actual rows=100000 loops=1)
        Group Key: courses.student, courses.class
        Batches: 5  Memory Usage: 4145kB  Disk Usage: 1768kB
        Buffers: shared hit=541, temp read=210 written=373
        ->  Seq Scan on courses  (cost=0.00..1541.01 rows=100001 width=12) (actual rows=100000 loops=1)
              Buffers: shared hit=541
Planning:
  Buffers: shared hit=3
Planning Time: 0.152 ms
Execution Time: 93.757 ms",93.851,2507.19,11299,"HashAggregate  (cost=2504.69..2507.19 rows=67 width=7) (actual rows=11299 loops=1)
  Group Key: courses.class
  Filter: (count(courses.class) >= 5)
  Batches: 1  Memory Usage: 2593kB
  Rows Removed by Filter: 8569
  Buffers: shared hit=541, temp read=210 written=373
  ->  HashAggregate  (cost=2041.01..2226.48 rows=18547 width=12) (actual rows=100000 loops=1)
        Group Key: courses.student, courses.class
        Batches: 5  Memory Usage: 4145kB  Disk Usage: 1768kB
        Buffers: shared hit=541, temp read=210 written=373
        ->  Seq Scan on courses  (cost=0.00..1541.01 rows=100001 width=12) (actual rows=100000 loops=1)
              Buffers: shared hit=541
Planning:
  Buffers: shared hit=3
Planning Time: 0.116 ms
Execution Time: 93.851 ms",93.975,2507.19,11299,"HashAggregate  (cost=2504.69..2507.19 rows=67 width=7) (actual rows=11299 loops=1)
  Group Key: courses.class
  Filter: (count(courses.class) >= 5)
  Batches: 1  Memory Usage: 2593kB
  Rows Removed by Filter: 8569
  Buffers: shared hit=541, temp read=210 written=373
  ->  HashAggregate  (cost=2041.01..2226.48 rows=18547 width=12) (actual rows=100000 loops=1)
        Group Key: courses.student, courses.class
        Batches: 5  Memory Usage: 4145kB  Disk Usage: 1768kB
        Buffers: shared hit=541, temp read=210 written=373
        ->  Seq Scan on courses  (cost=0.00..1541.01 rows=100001 width=12) (actual rows=100000 loops=1)
              Buffers: shared hit=541
Planning:
  Buffers: shared hit=3
Planning Time: 0.121 ms
Execution Time: 93.975 ms",92.3916,93.851,94.282,94.8346,2507.19,2507.19,11299,11299,11299,11299,not normal,not normal,13.740959799999992,184.90004680000004,equal variances,significant,0.003968253968253968,-48.7472,-55.238,-234.34000000000015,0,True
338,596,80,Easy,select t_courses_0.class as class from schema_596.courses as t_courses_0 group by t_courses_0.class having 5 <= count(t_courses_0.student),33.731,2272.85,11299,"HashAggregate  (cost=2041.02..2272.85 rows=6182 width=7) (actual rows=11299 loops=1)
  Group Key: class
  Filter: (5 <= count(student))
  Batches: 1  Memory Usage: 2577kB
  Rows Removed by Filter: 8569
  Buffers: shared hit=541
  ->  Seq Scan on courses t_courses_0  (cost=0.00..1541.01 rows=100001 width=12) (actual rows=100000 loops=1)
        Buffers: shared hit=541
Planning Time: 0.071 ms
Execution Time: 33.731 ms",43.893,2272.85,11299,"HashAggregate  (cost=2041.02..2272.85 rows=6182 width=7) (actual rows=11299 loops=1)
  Group Key: class
  Filter: (5 <= count(student))
  Batches: 1  Memory Usage: 2577kB
  Rows Removed by Filter: 8569
  Buffers: shared hit=541
  ->  Seq Scan on courses t_courses_0  (cost=0.00..1541.01 rows=100001 width=12) (actual rows=100000 loops=1)
        Buffers: shared hit=541
Planning Time: 0.067 ms
Execution Time: 43.893 ms",37.943,2272.85,11299,"HashAggregate  (cost=2041.02..2272.85 rows=6182 width=7) (actual rows=11299 loops=1)
  Group Key: class
  Filter: (5 <= count(student))
  Batches: 1  Memory Usage: 2577kB
  Rows Removed by Filter: 8569
  Buffers: shared hit=541
  ->  Seq Scan on courses t_courses_0  (cost=0.00..1541.01 rows=100001 width=12) (actual rows=100000 loops=1)
        Buffers: shared hit=541
Planning Time: 0.064 ms
Execution Time: 37.943 ms",39.196,2272.85,11299,"HashAggregate  (cost=2041.02..2272.85 rows=6182 width=7) (actual rows=11299 loops=1)
  Group Key: class
  Filter: (5 <= count(student))
  Batches: 1  Memory Usage: 2577kB
  Rows Removed by Filter: 8569
  Buffers: shared hit=541
  ->  Seq Scan on courses t_courses_0  (cost=0.00..1541.01 rows=100001 width=12) (actual rows=100000 loops=1)
        Buffers: shared hit=541
Planning Time: 0.080 ms
Execution Time: 39.196 ms",39.022,2272.85,11299,"HashAggregate  (cost=2041.02..2272.85 rows=6182 width=7) (actual rows=11299 loops=1)
  Group Key: class
  Filter: (5 <= count(student))
  Batches: 1  Memory Usage: 2577kB
  Rows Removed by Filter: 8569
  Buffers: shared hit=541
  ->  Seq Scan on courses t_courses_0  (cost=0.00..1541.01 rows=100001 width=12) (actual rows=100000 loops=1)
        Buffers: shared hit=541
Planning Time: 0.060 ms
Execution Time: 39.022 ms",38.757,39.022,41.5445,45.7718,2272.85,2272.85,11299,11299,11299,11299,596_80,338,596,80,Easy,"select class from (select class, count(distinct student) as cclass from schema_596.courses group by class) as c where c.cclass >= 5",303.208,10889.59,11299,"Subquery Scan on c  (cost=9845.92..10889.59 rows=6182 width=7) (actual rows=11299 loops=1)
  Buffers: shared hit=541, temp read=287 written=288
  ->  GroupAggregate  (cost=9845.92..10827.77 rows=6182 width=15) (actual rows=11299 loops=1)
        Group Key: courses.class
        Filter: (count(DISTINCT courses.student) >= 5)
        Rows Removed by Filter: 8569
        Buffers: shared hit=541, temp read=287 written=288
        ->  Sort  (cost=9845.92..10095.92 rows=100001 width=12) (actual rows=100000 loops=1)
              Sort Key: courses.class
              Sort Method: external merge  Disk: 2296kB
              Buffers: shared hit=541, temp read=287 written=288
              ->  Seq Scan on courses  (cost=0.00..1541.01 rows=100001 width=12) (actual rows=100000 loops=1)
                    Buffers: shared hit=541
Planning Time: 0.063 ms
Execution Time: 303.208 ms",307.564,10889.59,11299,"Subquery Scan on c  (cost=9845.92..10889.59 rows=6182 width=7) (actual rows=11299 loops=1)
  Buffers: shared hit=541, temp read=287 written=288
  ->  GroupAggregate  (cost=9845.92..10827.77 rows=6182 width=15) (actual rows=11299 loops=1)
        Group Key: courses.class
        Filter: (count(DISTINCT courses.student) >= 5)
        Rows Removed by Filter: 8569
        Buffers: shared hit=541, temp read=287 written=288
        ->  Sort  (cost=9845.92..10095.92 rows=100001 width=12) (actual rows=100000 loops=1)
              Sort Key: courses.class
              Sort Method: external merge  Disk: 2296kB
              Buffers: shared hit=541, temp read=287 written=288
              ->  Seq Scan on courses  (cost=0.00..1541.01 rows=100001 width=12) (actual rows=100000 loops=1)
                    Buffers: shared hit=541
Planning Time: 0.099 ms
Execution Time: 307.564 ms",306.938,10889.59,11299,"Subquery Scan on c  (cost=9845.92..10889.59 rows=6182 width=7) (actual rows=11299 loops=1)
  Buffers: shared hit=541, temp read=287 written=288
  ->  GroupAggregate  (cost=9845.92..10827.77 rows=6182 width=15) (actual rows=11299 loops=1)
        Group Key: courses.class
        Filter: (count(DISTINCT courses.student) >= 5)
        Rows Removed by Filter: 8569
        Buffers: shared hit=541, temp read=287 written=288
        ->  Sort  (cost=9845.92..10095.92 rows=100001 width=12) (actual rows=100000 loops=1)
              Sort Key: courses.class
              Sort Method: external merge  Disk: 2296kB
              Buffers: shared hit=541, temp read=287 written=288
              ->  Seq Scan on courses  (cost=0.00..1541.01 rows=100001 width=12) (actual rows=100000 loops=1)
                    Buffers: shared hit=541
Planning Time: 0.138 ms
Execution Time: 306.938 ms",304.617,10889.59,11299,"Subquery Scan on c  (cost=9845.92..10889.59 rows=6182 width=7) (actual rows=11299 loops=1)
  Buffers: shared hit=541, temp read=287 written=288
  ->  GroupAggregate  (cost=9845.92..10827.77 rows=6182 width=15) (actual rows=11299 loops=1)
        Group Key: courses.class
        Filter: (count(DISTINCT courses.student) >= 5)
        Rows Removed by Filter: 8569
        Buffers: shared hit=541, temp read=287 written=288
        ->  Sort  (cost=9845.92..10095.92 rows=100001 width=12) (actual rows=100000 loops=1)
              Sort Key: courses.class
              Sort Method: external merge  Disk: 2296kB
              Buffers: shared hit=541, temp read=287 written=288
              ->  Seq Scan on courses  (cost=0.00..1541.01 rows=100001 width=12) (actual rows=100000 loops=1)
                    Buffers: shared hit=541
Planning Time: 0.099 ms
Execution Time: 304.617 ms",310.375,10889.59,11299,"Subquery Scan on c  (cost=9845.92..10889.59 rows=6182 width=7) (actual rows=11299 loops=1)
  Buffers: shared hit=541, temp read=287 written=288
  ->  GroupAggregate  (cost=9845.92..10827.77 rows=6182 width=15) (actual rows=11299 loops=1)
        Group Key: courses.class
        Filter: (count(DISTINCT courses.student) >= 5)
        Rows Removed by Filter: 8569
        Buffers: shared hit=541, temp read=287 written=288
        ->  Sort  (cost=9845.92..10095.92 rows=100001 width=12) (actual rows=100000 loops=1)
              Sort Key: courses.class
              Sort Method: external merge  Disk: 2296kB
              Buffers: shared hit=541, temp read=287 written=288
              ->  Seq Scan on courses  (cost=0.00..1541.01 rows=100001 width=12) (actual rows=100000 loops=1)
                    Buffers: shared hit=541
Planning Time: 0.101 ms
Execution Time: 310.375 ms",306.5404,306.938,308.9695,311.4994,10889.59,10889.59,11299,11299,11299,11299,normal,normal,7.678589299999945,13.141178499999995,equal variances,significant,0.003968253968253968,-267.7834,-267.916,-8616.74,0,True
339,596,81,Easy,select t_courses_0.class as class from schema_596.courses as t_courses_0 group by t_courses_0.class having 4 < count(t_courses_0.student),33.329,2272.85,11299,"HashAggregate  (cost=2041.02..2272.85 rows=6182 width=7) (actual rows=11299 loops=1)
  Group Key: class
  Filter: (4 < count(student))
  Batches: 1  Memory Usage: 2577kB
  Rows Removed by Filter: 8569
  Buffers: shared hit=541
  ->  Seq Scan on courses t_courses_0  (cost=0.00..1541.01 rows=100001 width=12) (actual rows=100000 loops=1)
        Buffers: shared hit=541
Planning Time: 0.071 ms
Execution Time: 33.329 ms",41.77,2272.85,11299,"HashAggregate  (cost=2041.02..2272.85 rows=6182 width=7) (actual rows=11299 loops=1)
  Group Key: class
  Filter: (4 < count(student))
  Batches: 1  Memory Usage: 2577kB
  Rows Removed by Filter: 8569
  Buffers: shared hit=541
  ->  Seq Scan on courses t_courses_0  (cost=0.00..1541.01 rows=100001 width=12) (actual rows=100000 loops=1)
        Buffers: shared hit=541
Planning Time: 0.068 ms
Execution Time: 41.770 ms",51.148,2272.85,11299,"HashAggregate  (cost=2041.02..2272.85 rows=6182 width=7) (actual rows=11299 loops=1)
  Group Key: class
  Filter: (4 < count(student))
  Batches: 1  Memory Usage: 2577kB
  Rows Removed by Filter: 8569
  Buffers: shared hit=541
  ->  Seq Scan on courses t_courses_0  (cost=0.00..1541.01 rows=100001 width=12) (actual rows=100000 loops=1)
        Buffers: shared hit=541
Planning Time: 0.061 ms
Execution Time: 51.148 ms",47.913,2272.85,11299,"HashAggregate  (cost=2041.02..2272.85 rows=6182 width=7) (actual rows=11299 loops=1)
  Group Key: class
  Filter: (4 < count(student))
  Batches: 1  Memory Usage: 2577kB
  Rows Removed by Filter: 8569
  Buffers: shared hit=541
  ->  Seq Scan on courses t_courses_0  (cost=0.00..1541.01 rows=100001 width=12) (actual rows=100000 loops=1)
        Buffers: shared hit=541
Planning Time: 0.080 ms
Execution Time: 47.913 ms",39.125,2272.85,11299,"HashAggregate  (cost=2041.02..2272.85 rows=6182 width=7) (actual rows=11299 loops=1)
  Group Key: class
  Filter: (4 < count(student))
  Batches: 1  Memory Usage: 2577kB
  Rows Removed by Filter: 8569
  Buffers: shared hit=541
  ->  Seq Scan on courses t_courses_0  (cost=0.00..1541.01 rows=100001 width=12) (actual rows=100000 loops=1)
        Buffers: shared hit=541
Planning Time: 0.089 ms
Execution Time: 39.125 ms",42.657,41.77,49.5305,52.442,2272.85,2272.85,11299,11299,11299,11299,596_81,339,596,81,Easy,"select class from (select class, count(distinct student) as cnt from schema_596.courses group by class) as a where cnt > 4",301.532,10889.59,11299,"Subquery Scan on a  (cost=9845.92..10889.59 rows=6182 width=7) (actual rows=11299 loops=1)
  Buffers: shared hit=541, temp read=287 written=288
  ->  GroupAggregate  (cost=9845.92..10827.77 rows=6182 width=15) (actual rows=11299 loops=1)
        Group Key: courses.class
        Filter: (count(DISTINCT courses.student) > 4)
        Rows Removed by Filter: 8569
        Buffers: shared hit=541, temp read=287 written=288
        ->  Sort  (cost=9845.92..10095.92 rows=100001 width=12) (actual rows=100000 loops=1)
              Sort Key: courses.class
              Sort Method: external merge  Disk: 2296kB
              Buffers: shared hit=541, temp read=287 written=288
              ->  Seq Scan on courses  (cost=0.00..1541.01 rows=100001 width=12) (actual rows=100000 loops=1)
                    Buffers: shared hit=541
Planning Time: 0.065 ms
Execution Time: 301.532 ms",306.6,10889.59,11299,"Subquery Scan on a  (cost=9845.92..10889.59 rows=6182 width=7) (actual rows=11299 loops=1)
  Buffers: shared hit=541, temp read=287 written=288
  ->  GroupAggregate  (cost=9845.92..10827.77 rows=6182 width=15) (actual rows=11299 loops=1)
        Group Key: courses.class
        Filter: (count(DISTINCT courses.student) > 4)
        Rows Removed by Filter: 8569
        Buffers: shared hit=541, temp read=287 written=288
        ->  Sort  (cost=9845.92..10095.92 rows=100001 width=12) (actual rows=100000 loops=1)
              Sort Key: courses.class
              Sort Method: external merge  Disk: 2296kB
              Buffers: shared hit=541, temp read=287 written=288
              ->  Seq Scan on courses  (cost=0.00..1541.01 rows=100001 width=12) (actual rows=100000 loops=1)
                    Buffers: shared hit=541
Planning Time: 0.098 ms
Execution Time: 306.600 ms",313.217,10889.59,11299,"Subquery Scan on a  (cost=9845.92..10889.59 rows=6182 width=7) (actual rows=11299 loops=1)
  Buffers: shared hit=541, temp read=287 written=288
  ->  GroupAggregate  (cost=9845.92..10827.77 rows=6182 width=15) (actual rows=11299 loops=1)
        Group Key: courses.class
        Filter: (count(DISTINCT courses.student) > 4)
        Rows Removed by Filter: 8569
        Buffers: shared hit=541, temp read=287 written=288
        ->  Sort  (cost=9845.92..10095.92 rows=100001 width=12) (actual rows=100000 loops=1)
              Sort Key: courses.class
              Sort Method: external merge  Disk: 2296kB
              Buffers: shared hit=541, temp read=287 written=288
              ->  Seq Scan on courses  (cost=0.00..1541.01 rows=100001 width=12) (actual rows=100000 loops=1)
                    Buffers: shared hit=541
Planning Time: 0.154 ms
Execution Time: 313.217 ms",306.402,10889.59,11299,"Subquery Scan on a  (cost=9845.92..10889.59 rows=6182 width=7) (actual rows=11299 loops=1)
  Buffers: shared hit=541, temp read=287 written=288
  ->  GroupAggregate  (cost=9845.92..10827.77 rows=6182 width=15) (actual rows=11299 loops=1)
        Group Key: courses.class
        Filter: (count(DISTINCT courses.student) > 4)
        Rows Removed by Filter: 8569
        Buffers: shared hit=541, temp read=287 written=288
        ->  Sort  (cost=9845.92..10095.92 rows=100001 width=12) (actual rows=100000 loops=1)
              Sort Key: courses.class
              Sort Method: external merge  Disk: 2296kB
              Buffers: shared hit=541, temp read=287 written=288
              ->  Seq Scan on courses  (cost=0.00..1541.01 rows=100001 width=12) (actual rows=100000 loops=1)
                    Buffers: shared hit=541
Planning Time: 0.152 ms
Execution Time: 306.402 ms",311.904,10889.59,11299,"Subquery Scan on a  (cost=9845.92..10889.59 rows=6182 width=7) (actual rows=11299 loops=1)
  Buffers: shared hit=541, temp read=287 written=288
  ->  GroupAggregate  (cost=9845.92..10827.77 rows=6182 width=15) (actual rows=11299 loops=1)
        Group Key: courses.class
        Filter: (count(DISTINCT courses.student) > 4)
        Rows Removed by Filter: 8569
        Buffers: shared hit=541, temp read=287 written=288
        ->  Sort  (cost=9845.92..10095.92 rows=100001 width=12) (actual rows=100000 loops=1)
              Sort Key: courses.class
              Sort Method: external merge  Disk: 2296kB
              Buffers: shared hit=541, temp read=287 written=288
              ->  Seq Scan on courses  (cost=0.00..1541.01 rows=100001 width=12) (actual rows=100000 loops=1)
                    Buffers: shared hit=541
Planning Time: 0.099 ms
Execution Time: 311.904 ms",307.931,306.6,312.5605,313.7422,10889.59,10889.59,11299,11299,11299,11299,normal,normal,22.195782,49.9989985,equal variances,significant,0.003968253968253968,-265.274,-264.83000000000004,-8616.74,0,True
340,596,84,Easy,select t_courses_0.class as class from schema_596.courses as t_courses_0 group by t_courses_0.class having 5 <= count(t_courses_0.student),30.505,2272.85,11299,"HashAggregate  (cost=2041.02..2272.85 rows=6182 width=7) (actual rows=11299 loops=1)
  Group Key: class
  Filter: (5 <= count(student))
  Batches: 1  Memory Usage: 2577kB
  Rows Removed by Filter: 8569
  Buffers: shared hit=541
  ->  Seq Scan on courses t_courses_0  (cost=0.00..1541.01 rows=100001 width=12) (actual rows=100000 loops=1)
        Buffers: shared hit=541
Planning Time: 0.052 ms
Execution Time: 30.505 ms",39.179,2272.85,11299,"HashAggregate  (cost=2041.02..2272.85 rows=6182 width=7) (actual rows=11299 loops=1)
  Group Key: class
  Filter: (5 <= count(student))
  Batches: 1  Memory Usage: 2577kB
  Rows Removed by Filter: 8569
  Buffers: shared hit=541
  ->  Seq Scan on courses t_courses_0  (cost=0.00..1541.01 rows=100001 width=12) (actual rows=100000 loops=1)
        Buffers: shared hit=541
Planning Time: 0.135 ms
Execution Time: 39.179 ms",44.333,2272.85,11299,"HashAggregate  (cost=2041.02..2272.85 rows=6182 width=7) (actual rows=11299 loops=1)
  Group Key: class
  Filter: (5 <= count(student))
  Batches: 1  Memory Usage: 2577kB
  Rows Removed by Filter: 8569
  Buffers: shared hit=541
  ->  Seq Scan on courses t_courses_0  (cost=0.00..1541.01 rows=100001 width=12) (actual rows=100000 loops=1)
        Buffers: shared hit=541
Planning Time: 0.074 ms
Execution Time: 44.333 ms",39.122,2272.85,11299,"HashAggregate  (cost=2041.02..2272.85 rows=6182 width=7) (actual rows=11299 loops=1)
  Group Key: class
  Filter: (5 <= count(student))
  Batches: 1  Memory Usage: 2577kB
  Rows Removed by Filter: 8569
  Buffers: shared hit=541
  ->  Seq Scan on courses t_courses_0  (cost=0.00..1541.01 rows=100001 width=12) (actual rows=100000 loops=1)
        Buffers: shared hit=541
Planning Time: 0.082 ms
Execution Time: 39.122 ms",39.822,2272.85,11299,"HashAggregate  (cost=2041.02..2272.85 rows=6182 width=7) (actual rows=11299 loops=1)
  Group Key: class
  Filter: (5 <= count(student))
  Batches: 1  Memory Usage: 2577kB
  Rows Removed by Filter: 8569
  Buffers: shared hit=541
  ->  Seq Scan on courses t_courses_0  (cost=0.00..1541.01 rows=100001 width=12) (actual rows=100000 loops=1)
        Buffers: shared hit=541
Planning Time: 0.116 ms
Execution Time: 39.822 ms",38.5922,39.179,42.0775,46.1374,2272.85,2272.85,11299,11299,11299,11299,596_84,340,596,84,Easy,"select class from (select class, count(distinct student) as num from schema_596.courses group by class) as tmp_table where num >= 5",302.197,10889.59,11299,"Subquery Scan on tmp_table  (cost=9845.92..10889.59 rows=6182 width=7) (actual rows=11299 loops=1)
  Buffers: shared hit=541, temp read=287 written=288
  ->  GroupAggregate  (cost=9845.92..10827.77 rows=6182 width=15) (actual rows=11299 loops=1)
        Group Key: courses.class
        Filter: (count(DISTINCT courses.student) >= 5)
        Rows Removed by Filter: 8569
        Buffers: shared hit=541, temp read=287 written=288
        ->  Sort  (cost=9845.92..10095.92 rows=100001 width=12) (actual rows=100000 loops=1)
              Sort Key: courses.class
              Sort Method: external merge  Disk: 2296kB
              Buffers: shared hit=541, temp read=287 written=288
              ->  Seq Scan on courses  (cost=0.00..1541.01 rows=100001 width=12) (actual rows=100000 loops=1)
                    Buffers: shared hit=541
Planning Time: 0.092 ms
Execution Time: 302.197 ms",310.217,10889.59,11299,"Subquery Scan on tmp_table  (cost=9845.92..10889.59 rows=6182 width=7) (actual rows=11299 loops=1)
  Buffers: shared hit=541, temp read=287 written=288
  ->  GroupAggregate  (cost=9845.92..10827.77 rows=6182 width=15) (actual rows=11299 loops=1)
        Group Key: courses.class
        Filter: (count(DISTINCT courses.student) >= 5)
        Rows Removed by Filter: 8569
        Buffers: shared hit=541, temp read=287 written=288
        ->  Sort  (cost=9845.92..10095.92 rows=100001 width=12) (actual rows=100000 loops=1)
              Sort Key: courses.class
              Sort Method: external merge  Disk: 2296kB
              Buffers: shared hit=541, temp read=287 written=288
              ->  Seq Scan on courses  (cost=0.00..1541.01 rows=100001 width=12) (actual rows=100000 loops=1)
                    Buffers: shared hit=541
Planning Time: 0.087 ms
Execution Time: 310.217 ms",310.546,10889.59,11299,"Subquery Scan on tmp_table  (cost=9845.92..10889.59 rows=6182 width=7) (actual rows=11299 loops=1)
  Buffers: shared hit=541, temp read=287 written=288
  ->  GroupAggregate  (cost=9845.92..10827.77 rows=6182 width=15) (actual rows=11299 loops=1)
        Group Key: courses.class
        Filter: (count(DISTINCT courses.student) >= 5)
        Rows Removed by Filter: 8569
        Buffers: shared hit=541, temp read=287 written=288
        ->  Sort  (cost=9845.92..10095.92 rows=100001 width=12) (actual rows=100000 loops=1)
              Sort Key: courses.class
              Sort Method: external merge  Disk: 2296kB
              Buffers: shared hit=541, temp read=287 written=288
              ->  Seq Scan on courses  (cost=0.00..1541.01 rows=100001 width=12) (actual rows=100000 loops=1)
                    Buffers: shared hit=541
Planning Time: 0.093 ms
Execution Time: 310.546 ms",308.921,10889.59,11299,"Subquery Scan on tmp_table  (cost=9845.92..10889.59 rows=6182 width=7) (actual rows=11299 loops=1)
  Buffers: shared hit=541, temp read=287 written=288
  ->  GroupAggregate  (cost=9845.92..10827.77 rows=6182 width=15) (actual rows=11299 loops=1)
        Group Key: courses.class
        Filter: (count(DISTINCT courses.student) >= 5)
        Rows Removed by Filter: 8569
        Buffers: shared hit=541, temp read=287 written=288
        ->  Sort  (cost=9845.92..10095.92 rows=100001 width=12) (actual rows=100000 loops=1)
              Sort Key: courses.class
              Sort Method: external merge  Disk: 2296kB
              Buffers: shared hit=541, temp read=287 written=288
              ->  Seq Scan on courses  (cost=0.00..1541.01 rows=100001 width=12) (actual rows=100000 loops=1)
                    Buffers: shared hit=541
Planning Time: 0.183 ms
Execution Time: 308.921 ms",312.267,10889.59,11299,"Subquery Scan on tmp_table  (cost=9845.92..10889.59 rows=6182 width=7) (actual rows=11299 loops=1)
  Buffers: shared hit=541, temp read=287 written=288
  ->  GroupAggregate  (cost=9845.92..10827.77 rows=6182 width=15) (actual rows=11299 loops=1)
        Group Key: courses.class
        Filter: (count(DISTINCT courses.student) >= 5)
        Rows Removed by Filter: 8569
        Buffers: shared hit=541, temp read=287 written=288
        ->  Sort  (cost=9845.92..10095.92 rows=100001 width=12) (actual rows=100000 loops=1)
              Sort Key: courses.class
              Sort Method: external merge  Disk: 2296kB
              Buffers: shared hit=541, temp read=287 written=288
              ->  Seq Scan on courses  (cost=0.00..1541.01 rows=100001 width=12) (actual rows=100000 loops=1)
                    Buffers: shared hit=541
Planning Time: 0.092 ms
Execution Time: 312.267 ms",308.8296,310.217,311.4065,312.9554,10889.59,10889.59,11299,11299,11299,11299,normal,normal,15.171590799999965,25.1242547,equal variances,significant,0.003968253968253968,-270.23740000000004,-271.038,-8616.74,0,True
341,596,86,Easy,select t_courses_0.class as class from schema_596.courses as t_courses_0 group by t_courses_0.class having 4 < count(t_courses_0.student),30.93,2272.85,11299,"HashAggregate  (cost=2041.02..2272.85 rows=6182 width=7) (actual rows=11299 loops=1)
  Group Key: class
  Filter: (4 < count(student))
  Batches: 1  Memory Usage: 2577kB
  Rows Removed by Filter: 8569
  Buffers: shared hit=541
  ->  Seq Scan on courses t_courses_0  (cost=0.00..1541.01 rows=100001 width=12) (actual rows=100000 loops=1)
        Buffers: shared hit=541
Planning Time: 0.050 ms
Execution Time: 30.930 ms",40.67,2272.85,11299,"HashAggregate  (cost=2041.02..2272.85 rows=6182 width=7) (actual rows=11299 loops=1)
  Group Key: class
  Filter: (4 < count(student))
  Batches: 1  Memory Usage: 2577kB
  Rows Removed by Filter: 8569
  Buffers: shared hit=541
  ->  Seq Scan on courses t_courses_0  (cost=0.00..1541.01 rows=100001 width=12) (actual rows=100000 loops=1)
        Buffers: shared hit=541
Planning Time: 0.070 ms
Execution Time: 40.670 ms",40.931,2272.85,11299,"HashAggregate  (cost=2041.02..2272.85 rows=6182 width=7) (actual rows=11299 loops=1)
  Group Key: class
  Filter: (4 < count(student))
  Batches: 1  Memory Usage: 2577kB
  Rows Removed by Filter: 8569
  Buffers: shared hit=541
  ->  Seq Scan on courses t_courses_0  (cost=0.00..1541.01 rows=100001 width=12) (actual rows=100000 loops=1)
        Buffers: shared hit=541
Planning Time: 0.069 ms
Execution Time: 40.931 ms",39.828,2272.85,11299,"HashAggregate  (cost=2041.02..2272.85 rows=6182 width=7) (actual rows=11299 loops=1)
  Group Key: class
  Filter: (4 < count(student))
  Batches: 1  Memory Usage: 2577kB
  Rows Removed by Filter: 8569
  Buffers: shared hit=541
  ->  Seq Scan on courses t_courses_0  (cost=0.00..1541.01 rows=100001 width=12) (actual rows=100000 loops=1)
        Buffers: shared hit=541
Planning Time: 0.074 ms
Execution Time: 39.828 ms",37.426,2272.85,11299,"HashAggregate  (cost=2041.02..2272.85 rows=6182 width=7) (actual rows=11299 loops=1)
  Group Key: class
  Filter: (4 < count(student))
  Batches: 1  Memory Usage: 2577kB
  Rows Removed by Filter: 8569
  Buffers: shared hit=541
  ->  Seq Scan on courses t_courses_0  (cost=0.00..1541.01 rows=100001 width=12) (actual rows=100000 loops=1)
        Buffers: shared hit=541
Planning Time: 0.093 ms
Execution Time: 37.426 ms",37.957,39.828,40.8005,41.0354,2272.85,2272.85,11299,11299,11299,11299,596_86,341,596,86,Easy,"select class from (select class, count(distinct student) as num from schema_596.courses group by class) as temp_table where num > 4",302.313,10889.59,11299,"Subquery Scan on temp_table  (cost=9845.92..10889.59 rows=6182 width=7) (actual rows=11299 loops=1)
  Buffers: shared hit=541, temp read=287 written=288
  ->  GroupAggregate  (cost=9845.92..10827.77 rows=6182 width=15) (actual rows=11299 loops=1)
        Group Key: courses.class
        Filter: (count(DISTINCT courses.student) > 4)
        Rows Removed by Filter: 8569
        Buffers: shared hit=541, temp read=287 written=288
        ->  Sort  (cost=9845.92..10095.92 rows=100001 width=12) (actual rows=100000 loops=1)
              Sort Key: courses.class
              Sort Method: external merge  Disk: 2296kB
              Buffers: shared hit=541, temp read=287 written=288
              ->  Seq Scan on courses  (cost=0.00..1541.01 rows=100001 width=12) (actual rows=100000 loops=1)
                    Buffers: shared hit=541
Planning Time: 0.091 ms
Execution Time: 302.313 ms",310.254,10889.59,11299,"Subquery Scan on temp_table  (cost=9845.92..10889.59 rows=6182 width=7) (actual rows=11299 loops=1)
  Buffers: shared hit=541, temp read=287 written=288
  ->  GroupAggregate  (cost=9845.92..10827.77 rows=6182 width=15) (actual rows=11299 loops=1)
        Group Key: courses.class
        Filter: (count(DISTINCT courses.student) > 4)
        Rows Removed by Filter: 8569
        Buffers: shared hit=541, temp read=287 written=288
        ->  Sort  (cost=9845.92..10095.92 rows=100001 width=12) (actual rows=100000 loops=1)
              Sort Key: courses.class
              Sort Method: external merge  Disk: 2296kB
              Buffers: shared hit=541, temp read=287 written=288
              ->  Seq Scan on courses  (cost=0.00..1541.01 rows=100001 width=12) (actual rows=100000 loops=1)
                    Buffers: shared hit=541
Planning Time: 0.100 ms
Execution Time: 310.254 ms",322.729,10889.59,11299,"Subquery Scan on temp_table  (cost=9845.92..10889.59 rows=6182 width=7) (actual rows=11299 loops=1)
  Buffers: shared hit=541, temp read=287 written=288
  ->  GroupAggregate  (cost=9845.92..10827.77 rows=6182 width=15) (actual rows=11299 loops=1)
        Group Key: courses.class
        Filter: (count(DISTINCT courses.student) > 4)
        Rows Removed by Filter: 8569
        Buffers: shared hit=541, temp read=287 written=288
        ->  Sort  (cost=9845.92..10095.92 rows=100001 width=12) (actual rows=100000 loops=1)
              Sort Key: courses.class
              Sort Method: external merge  Disk: 2296kB
              Buffers: shared hit=541, temp read=287 written=288
              ->  Seq Scan on courses  (cost=0.00..1541.01 rows=100001 width=12) (actual rows=100000 loops=1)
                    Buffers: shared hit=541
Planning Time: 0.112 ms
Execution Time: 322.729 ms",307.89,10889.59,11299,"Subquery Scan on temp_table  (cost=9845.92..10889.59 rows=6182 width=7) (actual rows=11299 loops=1)
  Buffers: shared hit=541, temp read=287 written=288
  ->  GroupAggregate  (cost=9845.92..10827.77 rows=6182 width=15) (actual rows=11299 loops=1)
        Group Key: courses.class
        Filter: (count(DISTINCT courses.student) > 4)
        Rows Removed by Filter: 8569
        Buffers: shared hit=541, temp read=287 written=288
        ->  Sort  (cost=9845.92..10095.92 rows=100001 width=12) (actual rows=100000 loops=1)
              Sort Key: courses.class
              Sort Method: external merge  Disk: 2296kB
              Buffers: shared hit=541, temp read=287 written=288
              ->  Seq Scan on courses  (cost=0.00..1541.01 rows=100001 width=12) (actual rows=100000 loops=1)
                    Buffers: shared hit=541
Planning Time: 0.103 ms
Execution Time: 307.890 ms",312.552,10889.59,11299,"Subquery Scan on temp_table  (cost=9845.92..10889.59 rows=6182 width=7) (actual rows=11299 loops=1)
  Buffers: shared hit=541, temp read=287 written=288
  ->  GroupAggregate  (cost=9845.92..10827.77 rows=6182 width=15) (actual rows=11299 loops=1)
        Group Key: courses.class
        Filter: (count(DISTINCT courses.student) > 4)
        Rows Removed by Filter: 8569
        Buffers: shared hit=541, temp read=287 written=288
        ->  Sort  (cost=9845.92..10095.92 rows=100001 width=12) (actual rows=100000 loops=1)
              Sort Key: courses.class
              Sort Method: external merge  Disk: 2296kB
              Buffers: shared hit=541, temp read=287 written=288
              ->  Seq Scan on courses  (cost=0.00..1541.01 rows=100001 width=12) (actual rows=100000 loops=1)
                    Buffers: shared hit=541
Planning Time: 0.100 ms
Execution Time: 312.552 ms",311.1476,310.254,317.6405,326.7998,10889.59,10889.59,11299,11299,11299,11299,normal,normal,56.39045029999999,17.341594,equal variances,significant,0.003968253968253968,-273.1906,-270.42600000000004,-8616.74,0,True
342,596,89,Easy,select t_courses_0.class as class from schema_596.courses as t_courses_0 group by t_courses_0.class having 5 <= count(t_courses_0.class),32.967,2272.85,11299,"HashAggregate  (cost=2041.02..2272.85 rows=6182 width=7) (actual rows=11299 loops=1)
  Group Key: class
  Filter: (5 <= count(class))
  Batches: 1  Memory Usage: 2577kB
  Rows Removed by Filter: 8569
  Buffers: shared hit=541
  ->  Seq Scan on courses t_courses_0  (cost=0.00..1541.01 rows=100001 width=7) (actual rows=100000 loops=1)
        Buffers: shared hit=541
Planning Time: 0.072 ms
Execution Time: 32.967 ms",44.373,2272.85,11299,"HashAggregate  (cost=2041.02..2272.85 rows=6182 width=7) (actual rows=11299 loops=1)
  Group Key: class
  Filter: (5 <= count(class))
  Batches: 1  Memory Usage: 2577kB
  Rows Removed by Filter: 8569
  Buffers: shared hit=541
  ->  Seq Scan on courses t_courses_0  (cost=0.00..1541.01 rows=100001 width=7) (actual rows=100000 loops=1)
        Buffers: shared hit=541
Planning Time: 0.071 ms
Execution Time: 44.373 ms",40.093,2272.85,11299,"HashAggregate  (cost=2041.02..2272.85 rows=6182 width=7) (actual rows=11299 loops=1)
  Group Key: class
  Filter: (5 <= count(class))
  Batches: 1  Memory Usage: 2577kB
  Rows Removed by Filter: 8569
  Buffers: shared hit=541
  ->  Seq Scan on courses t_courses_0  (cost=0.00..1541.01 rows=100001 width=7) (actual rows=100000 loops=1)
        Buffers: shared hit=541
Planning Time: 0.058 ms
Execution Time: 40.093 ms",38.458,2272.85,11299,"HashAggregate  (cost=2041.02..2272.85 rows=6182 width=7) (actual rows=11299 loops=1)
  Group Key: class
  Filter: (5 <= count(class))
  Batches: 1  Memory Usage: 2577kB
  Rows Removed by Filter: 8569
  Buffers: shared hit=541
  ->  Seq Scan on courses t_courses_0  (cost=0.00..1541.01 rows=100001 width=7) (actual rows=100000 loops=1)
        Buffers: shared hit=541
Planning Time: 0.112 ms
Execution Time: 38.458 ms",39.796,2272.85,11299,"HashAggregate  (cost=2041.02..2272.85 rows=6182 width=7) (actual rows=11299 loops=1)
  Group Key: class
  Filter: (5 <= count(class))
  Batches: 1  Memory Usage: 2577kB
  Rows Removed by Filter: 8569
  Buffers: shared hit=541
  ->  Seq Scan on courses t_courses_0  (cost=0.00..1541.01 rows=100001 width=7) (actual rows=100000 loops=1)
        Buffers: shared hit=541
Planning Time: 0.156 ms
Execution Time: 39.796 ms",39.1374,39.796,42.233,46.085,2272.85,2272.85,11299,11299,11299,11299,596_89,342,596,89,Easy,"select class from (select distinct student, class from schema_596.courses) as t group by class having count(class) >= 5",84.033,2507.19,11299,"HashAggregate  (cost=2504.69..2507.19 rows=67 width=7) (actual rows=11299 loops=1)
  Group Key: courses.class
  Filter: (count(courses.class) >= 5)
  Batches: 1  Memory Usage: 2593kB
  Rows Removed by Filter: 8569
  Buffers: shared hit=541, temp read=210 written=373
  ->  HashAggregate  (cost=2041.01..2226.48 rows=18547 width=12) (actual rows=100000 loops=1)
        Group Key: courses.student, courses.class
        Batches: 5  Memory Usage: 4145kB  Disk Usage: 1768kB
        Buffers: shared hit=541, temp read=210 written=373
        ->  Seq Scan on courses  (cost=0.00..1541.01 rows=100001 width=12) (actual rows=100000 loops=1)
              Buffers: shared hit=541
Planning Time: 0.063 ms
Execution Time: 84.033 ms",91.764,2507.19,11299,"HashAggregate  (cost=2504.69..2507.19 rows=67 width=7) (actual rows=11299 loops=1)
  Group Key: courses.class
  Filter: (count(courses.class) >= 5)
  Batches: 1  Memory Usage: 2593kB
  Rows Removed by Filter: 8569
  Buffers: shared hit=541, temp read=210 written=373
  ->  HashAggregate  (cost=2041.01..2226.48 rows=18547 width=12) (actual rows=100000 loops=1)
        Group Key: courses.student, courses.class
        Batches: 5  Memory Usage: 4145kB  Disk Usage: 1768kB
        Buffers: shared hit=541, temp read=210 written=373
        ->  Seq Scan on courses  (cost=0.00..1541.01 rows=100001 width=12) (actual rows=100000 loops=1)
              Buffers: shared hit=541
Planning Time: 0.114 ms
Execution Time: 91.764 ms",93.742,2507.19,11299,"HashAggregate  (cost=2504.69..2507.19 rows=67 width=7) (actual rows=11299 loops=1)
  Group Key: courses.class
  Filter: (count(courses.class) >= 5)
  Batches: 1  Memory Usage: 2593kB
  Rows Removed by Filter: 8569
  Buffers: shared hit=541, temp read=210 written=373
  ->  HashAggregate  (cost=2041.01..2226.48 rows=18547 width=12) (actual rows=100000 loops=1)
        Group Key: courses.student, courses.class
        Batches: 5  Memory Usage: 4145kB  Disk Usage: 1768kB
        Buffers: shared hit=541, temp read=210 written=373
        ->  Seq Scan on courses  (cost=0.00..1541.01 rows=100001 width=12) (actual rows=100000 loops=1)
              Buffers: shared hit=541
Planning Time: 0.106 ms
Execution Time: 93.742 ms",94.548,2507.19,11299,"HashAggregate  (cost=2504.69..2507.19 rows=67 width=7) (actual rows=11299 loops=1)
  Group Key: courses.class
  Filter: (count(courses.class) >= 5)
  Batches: 1  Memory Usage: 2593kB
  Rows Removed by Filter: 8569
  Buffers: shared hit=541, temp read=210 written=373
  ->  HashAggregate  (cost=2041.01..2226.48 rows=18547 width=12) (actual rows=100000 loops=1)
        Group Key: courses.student, courses.class
        Batches: 5  Memory Usage: 4145kB  Disk Usage: 1768kB
        Buffers: shared hit=541, temp read=210 written=373
        ->  Seq Scan on courses  (cost=0.00..1541.01 rows=100001 width=12) (actual rows=100000 loops=1)
              Buffers: shared hit=541
Planning Time: 0.109 ms
Execution Time: 94.548 ms",90.493,2507.19,11299,"HashAggregate  (cost=2504.69..2507.19 rows=67 width=7) (actual rows=11299 loops=1)
  Group Key: courses.class
  Filter: (count(courses.class) >= 5)
  Batches: 1  Memory Usage: 2593kB
  Rows Removed by Filter: 8569
  Buffers: shared hit=541, temp read=210 written=373
  ->  HashAggregate  (cost=2041.01..2226.48 rows=18547 width=12) (actual rows=100000 loops=1)
        Group Key: courses.student, courses.class
        Batches: 5  Memory Usage: 4145kB  Disk Usage: 1768kB
        Buffers: shared hit=541, temp read=210 written=373
        ->  Seq Scan on courses  (cost=0.00..1541.01 rows=100001 width=12) (actual rows=100000 loops=1)
              Buffers: shared hit=541
Planning Time: 0.089 ms
Execution Time: 90.493 ms",90.916,91.764,94.145,94.8704,2507.19,2507.19,11299,11299,11299,11299,normal,normal,17.362855500000006,16.8234633,equal variances,significant,0.003968253968253968,-51.7786,-51.967999999999996,-234.34000000000015,0,True
343,596,90,Easy,select t_courses_0.class as class from schema_596.courses as t_courses_0 group by t_courses_0.class having 5 <= count(t_courses_0.student),44.299,2272.85,11299,"HashAggregate  (cost=2041.02..2272.85 rows=6182 width=7) (actual rows=11299 loops=1)
  Group Key: class
  Filter: (5 <= count(student))
  Batches: 1  Memory Usage: 2577kB
  Rows Removed by Filter: 8569
  Buffers: shared hit=541
  ->  Seq Scan on courses t_courses_0  (cost=0.00..1541.01 rows=100001 width=12) (actual rows=100000 loops=1)
        Buffers: shared hit=541
Planning Time: 0.054 ms
Execution Time: 44.299 ms",37.75,2272.85,11299,"HashAggregate  (cost=2041.02..2272.85 rows=6182 width=7) (actual rows=11299 loops=1)
  Group Key: class
  Filter: (5 <= count(student))
  Batches: 1  Memory Usage: 2577kB
  Rows Removed by Filter: 8569
  Buffers: shared hit=541
  ->  Seq Scan on courses t_courses_0  (cost=0.00..1541.01 rows=100001 width=12) (actual rows=100000 loops=1)
        Buffers: shared hit=541
Planning Time: 0.072 ms
Execution Time: 37.750 ms",41.384,2272.85,11299,"HashAggregate  (cost=2041.02..2272.85 rows=6182 width=7) (actual rows=11299 loops=1)
  Group Key: class
  Filter: (5 <= count(student))
  Batches: 1  Memory Usage: 2577kB
  Rows Removed by Filter: 8569
  Buffers: shared hit=541
  ->  Seq Scan on courses t_courses_0  (cost=0.00..1541.01 rows=100001 width=12) (actual rows=100000 loops=1)
        Buffers: shared hit=541
Planning Time: 0.072 ms
Execution Time: 41.384 ms",40.566,2272.85,11299,"HashAggregate  (cost=2041.02..2272.85 rows=6182 width=7) (actual rows=11299 loops=1)
  Group Key: class
  Filter: (5 <= count(student))
  Batches: 1  Memory Usage: 2577kB
  Rows Removed by Filter: 8569
  Buffers: shared hit=541
  ->  Seq Scan on courses t_courses_0  (cost=0.00..1541.01 rows=100001 width=12) (actual rows=100000 loops=1)
        Buffers: shared hit=541
Planning Time: 0.073 ms
Execution Time: 40.566 ms",40.422,2272.85,11299,"HashAggregate  (cost=2041.02..2272.85 rows=6182 width=7) (actual rows=11299 loops=1)
  Group Key: class
  Filter: (5 <= count(student))
  Batches: 1  Memory Usage: 2577kB
  Rows Removed by Filter: 8569
  Buffers: shared hit=541
  ->  Seq Scan on courses t_courses_0  (cost=0.00..1541.01 rows=100001 width=12) (actual rows=100000 loops=1)
        Buffers: shared hit=541
Planning Time: 0.112 ms
Execution Time: 40.422 ms",40.8842,40.566,42.8415,45.465,2272.85,2272.85,11299,11299,11299,11299,596_90,343,596,90,Easy,"select class from (select class, count(distinct student) as numstudents from schema_596.courses group by class) as counter where numstudents >= 5",300.904,10889.59,11299,"Subquery Scan on counter  (cost=9845.92..10889.59 rows=6182 width=7) (actual rows=11299 loops=1)
  Buffers: shared hit=541, temp read=287 written=288
  ->  GroupAggregate  (cost=9845.92..10827.77 rows=6182 width=15) (actual rows=11299 loops=1)
        Group Key: courses.class
        Filter: (count(DISTINCT courses.student) >= 5)
        Rows Removed by Filter: 8569
        Buffers: shared hit=541, temp read=287 written=288
        ->  Sort  (cost=9845.92..10095.92 rows=100001 width=12) (actual rows=100000 loops=1)
              Sort Key: courses.class
              Sort Method: external merge  Disk: 2296kB
              Buffers: shared hit=541, temp read=287 written=288
              ->  Seq Scan on courses  (cost=0.00..1541.01 rows=100001 width=12) (actual rows=100000 loops=1)
                    Buffers: shared hit=541
Planning Time: 0.063 ms
Execution Time: 300.904 ms",310.293,10889.59,11299,"Subquery Scan on counter  (cost=9845.92..10889.59 rows=6182 width=7) (actual rows=11299 loops=1)
  Buffers: shared hit=541, temp read=287 written=288
  ->  GroupAggregate  (cost=9845.92..10827.77 rows=6182 width=15) (actual rows=11299 loops=1)
        Group Key: courses.class
        Filter: (count(DISTINCT courses.student) >= 5)
        Rows Removed by Filter: 8569
        Buffers: shared hit=541, temp read=287 written=288
        ->  Sort  (cost=9845.92..10095.92 rows=100001 width=12) (actual rows=100000 loops=1)
              Sort Key: courses.class
              Sort Method: external merge  Disk: 2296kB
              Buffers: shared hit=541, temp read=287 written=288
              ->  Seq Scan on courses  (cost=0.00..1541.01 rows=100001 width=12) (actual rows=100000 loops=1)
                    Buffers: shared hit=541
Planning Time: 0.087 ms
Execution Time: 310.293 ms",306.766,10889.59,11299,"Subquery Scan on counter  (cost=9845.92..10889.59 rows=6182 width=7) (actual rows=11299 loops=1)
  Buffers: shared hit=541, temp read=287 written=288
  ->  GroupAggregate  (cost=9845.92..10827.77 rows=6182 width=15) (actual rows=11299 loops=1)
        Group Key: courses.class
        Filter: (count(DISTINCT courses.student) >= 5)
        Rows Removed by Filter: 8569
        Buffers: shared hit=541, temp read=287 written=288
        ->  Sort  (cost=9845.92..10095.92 rows=100001 width=12) (actual rows=100000 loops=1)
              Sort Key: courses.class
              Sort Method: external merge  Disk: 2296kB
              Buffers: shared hit=541, temp read=287 written=288
              ->  Seq Scan on courses  (cost=0.00..1541.01 rows=100001 width=12) (actual rows=100000 loops=1)
                    Buffers: shared hit=541
Planning Time: 0.091 ms
Execution Time: 306.766 ms",308.142,10889.59,11299,"Subquery Scan on counter  (cost=9845.92..10889.59 rows=6182 width=7) (actual rows=11299 loops=1)
  Buffers: shared hit=541, temp read=287 written=288
  ->  GroupAggregate  (cost=9845.92..10827.77 rows=6182 width=15) (actual rows=11299 loops=1)
        Group Key: courses.class
        Filter: (count(DISTINCT courses.student) >= 5)
        Rows Removed by Filter: 8569
        Buffers: shared hit=541, temp read=287 written=288
        ->  Sort  (cost=9845.92..10095.92 rows=100001 width=12) (actual rows=100000 loops=1)
              Sort Key: courses.class
              Sort Method: external merge  Disk: 2296kB
              Buffers: shared hit=541, temp read=287 written=288
              ->  Seq Scan on courses  (cost=0.00..1541.01 rows=100001 width=12) (actual rows=100000 loops=1)
                    Buffers: shared hit=541
Planning Time: 0.139 ms
Execution Time: 308.142 ms",304.919,10889.59,11299,"Subquery Scan on counter  (cost=9845.92..10889.59 rows=6182 width=7) (actual rows=11299 loops=1)
  Buffers: shared hit=541, temp read=287 written=288
  ->  GroupAggregate  (cost=9845.92..10827.77 rows=6182 width=15) (actual rows=11299 loops=1)
        Group Key: courses.class
        Filter: (count(DISTINCT courses.student) >= 5)
        Rows Removed by Filter: 8569
        Buffers: shared hit=541, temp read=287 written=288
        ->  Sort  (cost=9845.92..10095.92 rows=100001 width=12) (actual rows=100000 loops=1)
              Sort Key: courses.class
              Sort Method: external merge  Disk: 2296kB
              Buffers: shared hit=541, temp read=287 written=288
              ->  Seq Scan on courses  (cost=0.00..1541.01 rows=100001 width=12) (actual rows=100000 loops=1)
                    Buffers: shared hit=541
Planning Time: 0.087 ms
Execution Time: 304.919 ms",306.2048,306.766,309.2175,311.1534,10889.59,10889.59,11299,11299,11299,11299,normal,normal,12.633207700000035,5.5121872,equal variances,significant,0.003968253968253968,-265.32059999999996,-266.20000000000005,-8616.74,0,True
344,596,91,Easy,select t_courses_0.class as class from schema_596.courses as t_courses_0 group by t_courses_0.class having 5 <= count(t_courses_0.student),33.163,2272.85,11299,"HashAggregate  (cost=2041.02..2272.85 rows=6182 width=7) (actual rows=11299 loops=1)
  Group Key: class
  Filter: (5 <= count(student))
  Batches: 1  Memory Usage: 2577kB
  Rows Removed by Filter: 8569
  Buffers: shared hit=541
  ->  Seq Scan on courses t_courses_0  (cost=0.00..1541.01 rows=100001 width=12) (actual rows=100000 loops=1)
        Buffers: shared hit=541
Planning Time: 0.071 ms
Execution Time: 33.163 ms",40.213,2272.85,11299,"HashAggregate  (cost=2041.02..2272.85 rows=6182 width=7) (actual rows=11299 loops=1)
  Group Key: class
  Filter: (5 <= count(student))
  Batches: 1  Memory Usage: 2577kB
  Rows Removed by Filter: 8569
  Buffers: shared hit=541
  ->  Seq Scan on courses t_courses_0  (cost=0.00..1541.01 rows=100001 width=12) (actual rows=100000 loops=1)
        Buffers: shared hit=541
Planning Time: 0.129 ms
Execution Time: 40.213 ms",37.592,2272.85,11299,"HashAggregate  (cost=2041.02..2272.85 rows=6182 width=7) (actual rows=11299 loops=1)
  Group Key: class
  Filter: (5 <= count(student))
  Batches: 1  Memory Usage: 2577kB
  Rows Removed by Filter: 8569
  Buffers: shared hit=541
  ->  Seq Scan on courses t_courses_0  (cost=0.00..1541.01 rows=100001 width=12) (actual rows=100000 loops=1)
        Buffers: shared hit=541
Planning Time: 0.093 ms
Execution Time: 37.592 ms",37.398,2272.85,11299,"HashAggregate  (cost=2041.02..2272.85 rows=6182 width=7) (actual rows=11299 loops=1)
  Group Key: class
  Filter: (5 <= count(student))
  Batches: 1  Memory Usage: 2577kB
  Rows Removed by Filter: 8569
  Buffers: shared hit=541
  ->  Seq Scan on courses t_courses_0  (cost=0.00..1541.01 rows=100001 width=12) (actual rows=100000 loops=1)
        Buffers: shared hit=541
Planning Time: 0.077 ms
Execution Time: 37.398 ms",45.781,2272.85,11299,"HashAggregate  (cost=2041.02..2272.85 rows=6182 width=7) (actual rows=11299 loops=1)
  Group Key: class
  Filter: (5 <= count(student))
  Batches: 1  Memory Usage: 2577kB
  Rows Removed by Filter: 8569
  Buffers: shared hit=541
  ->  Seq Scan on courses t_courses_0  (cost=0.00..1541.01 rows=100001 width=12) (actual rows=100000 loops=1)
        Buffers: shared hit=541
Planning Time: 0.066 ms
Execution Time: 45.781 ms",38.8294,37.592,42.997,48.0082,2272.85,2272.85,11299,11299,11299,11299,596_91,344,596,91,Easy,"select class from (select class, count(distinct student) as num from schema_596.courses group by class) as temptable where num >= 5",304.677,10889.59,11299,"Subquery Scan on temptable  (cost=9845.92..10889.59 rows=6182 width=7) (actual rows=11299 loops=1)
  Buffers: shared hit=541, temp read=287 written=288
  ->  GroupAggregate  (cost=9845.92..10827.77 rows=6182 width=15) (actual rows=11299 loops=1)
        Group Key: courses.class
        Filter: (count(DISTINCT courses.student) >= 5)
        Rows Removed by Filter: 8569
        Buffers: shared hit=541, temp read=287 written=288
        ->  Sort  (cost=9845.92..10095.92 rows=100001 width=12) (actual rows=100000 loops=1)
              Sort Key: courses.class
              Sort Method: external merge  Disk: 2296kB
              Buffers: shared hit=541, temp read=287 written=288
              ->  Seq Scan on courses  (cost=0.00..1541.01 rows=100001 width=12) (actual rows=100000 loops=1)
                    Buffers: shared hit=541
Planning Time: 0.089 ms
Execution Time: 304.677 ms",307.111,10889.59,11299,"Subquery Scan on temptable  (cost=9845.92..10889.59 rows=6182 width=7) (actual rows=11299 loops=1)
  Buffers: shared hit=541, temp read=287 written=288
  ->  GroupAggregate  (cost=9845.92..10827.77 rows=6182 width=15) (actual rows=11299 loops=1)
        Group Key: courses.class
        Filter: (count(DISTINCT courses.student) >= 5)
        Rows Removed by Filter: 8569
        Buffers: shared hit=541, temp read=287 written=288
        ->  Sort  (cost=9845.92..10095.92 rows=100001 width=12) (actual rows=100000 loops=1)
              Sort Key: courses.class
              Sort Method: external merge  Disk: 2296kB
              Buffers: shared hit=541, temp read=287 written=288
              ->  Seq Scan on courses  (cost=0.00..1541.01 rows=100001 width=12) (actual rows=100000 loops=1)
                    Buffers: shared hit=541
Planning Time: 0.090 ms
Execution Time: 307.111 ms",308.805,10889.59,11299,"Subquery Scan on temptable  (cost=9845.92..10889.59 rows=6182 width=7) (actual rows=11299 loops=1)
  Buffers: shared hit=541, temp read=287 written=288
  ->  GroupAggregate  (cost=9845.92..10827.77 rows=6182 width=15) (actual rows=11299 loops=1)
        Group Key: courses.class
        Filter: (count(DISTINCT courses.student) >= 5)
        Rows Removed by Filter: 8569
        Buffers: shared hit=541, temp read=287 written=288
        ->  Sort  (cost=9845.92..10095.92 rows=100001 width=12) (actual rows=100000 loops=1)
              Sort Key: courses.class
              Sort Method: external merge  Disk: 2296kB
              Buffers: shared hit=541, temp read=287 written=288
              ->  Seq Scan on courses  (cost=0.00..1541.01 rows=100001 width=12) (actual rows=100000 loops=1)
                    Buffers: shared hit=541
Planning Time: 0.127 ms
Execution Time: 308.805 ms",308.276,10889.59,11299,"Subquery Scan on temptable  (cost=9845.92..10889.59 rows=6182 width=7) (actual rows=11299 loops=1)
  Buffers: shared hit=541, temp read=287 written=288
  ->  GroupAggregate  (cost=9845.92..10827.77 rows=6182 width=15) (actual rows=11299 loops=1)
        Group Key: courses.class
        Filter: (count(DISTINCT courses.student) >= 5)
        Rows Removed by Filter: 8569
        Buffers: shared hit=541, temp read=287 written=288
        ->  Sort  (cost=9845.92..10095.92 rows=100001 width=12) (actual rows=100000 loops=1)
              Sort Key: courses.class
              Sort Method: external merge  Disk: 2296kB
              Buffers: shared hit=541, temp read=287 written=288
              ->  Seq Scan on courses  (cost=0.00..1541.01 rows=100001 width=12) (actual rows=100000 loops=1)
                    Buffers: shared hit=541
Planning Time: 0.201 ms
Execution Time: 308.276 ms",306.168,10889.59,11299,"Subquery Scan on temptable  (cost=9845.92..10889.59 rows=6182 width=7) (actual rows=11299 loops=1)
  Buffers: shared hit=541, temp read=287 written=288
  ->  GroupAggregate  (cost=9845.92..10827.77 rows=6182 width=15) (actual rows=11299 loops=1)
        Group Key: courses.class
        Filter: (count(DISTINCT courses.student) >= 5)
        Rows Removed by Filter: 8569
        Buffers: shared hit=541, temp read=287 written=288
        ->  Sort  (cost=9845.92..10095.92 rows=100001 width=12) (actual rows=100000 loops=1)
              Sort Key: courses.class
              Sort Method: external merge  Disk: 2296kB
              Buffers: shared hit=541, temp read=287 written=288
              ->  Seq Scan on courses  (cost=0.00..1541.01 rows=100001 width=12) (actual rows=100000 loops=1)
                    Buffers: shared hit=541
Planning Time: 0.106 ms
Execution Time: 306.168 ms",307.0074,307.111,308.5405,309.0166,10889.59,10889.59,11299,11299,11299,11299,normal,normal,2.746700299999985,21.481811300000004,equal variances,significant,0.003968253968253968,-268.178,-269.519,-8616.74,0,True
345,596,92,Easy,select t_courses_0.class as class from schema_596.courses as t_courses_0 group by t_courses_0.class having 5 <= count(t_courses_0.student),33.235,2272.85,11299,"HashAggregate  (cost=2041.02..2272.85 rows=6182 width=7) (actual rows=11299 loops=1)
  Group Key: class
  Filter: (5 <= count(student))
  Batches: 1  Memory Usage: 2577kB
  Rows Removed by Filter: 8569
  Buffers: shared hit=541
  ->  Seq Scan on courses t_courses_0  (cost=0.00..1541.01 rows=100001 width=12) (actual rows=100000 loops=1)
        Buffers: shared hit=541
Planning Time: 0.068 ms
Execution Time: 33.235 ms",40.547,2272.85,11299,"HashAggregate  (cost=2041.02..2272.85 rows=6182 width=7) (actual rows=11299 loops=1)
  Group Key: class
  Filter: (5 <= count(student))
  Batches: 1  Memory Usage: 2577kB
  Rows Removed by Filter: 8569
  Buffers: shared hit=541
  ->  Seq Scan on courses t_courses_0  (cost=0.00..1541.01 rows=100001 width=12) (actual rows=100000 loops=1)
        Buffers: shared hit=541
Planning Time: 0.118 ms
Execution Time: 40.547 ms",39.687,2272.85,11299,"HashAggregate  (cost=2041.02..2272.85 rows=6182 width=7) (actual rows=11299 loops=1)
  Group Key: class
  Filter: (5 <= count(student))
  Batches: 1  Memory Usage: 2577kB
  Rows Removed by Filter: 8569
  Buffers: shared hit=541
  ->  Seq Scan on courses t_courses_0  (cost=0.00..1541.01 rows=100001 width=12) (actual rows=100000 loops=1)
        Buffers: shared hit=541
Planning Time: 0.067 ms
Execution Time: 39.687 ms",45.889,2272.85,11299,"HashAggregate  (cost=2041.02..2272.85 rows=6182 width=7) (actual rows=11299 loops=1)
  Group Key: class
  Filter: (5 <= count(student))
  Batches: 1  Memory Usage: 2577kB
  Rows Removed by Filter: 8569
  Buffers: shared hit=541
  ->  Seq Scan on courses t_courses_0  (cost=0.00..1541.01 rows=100001 width=12) (actual rows=100000 loops=1)
        Buffers: shared hit=541
Planning Time: 0.083 ms
Execution Time: 45.889 ms",38.074,2272.85,11299,"HashAggregate  (cost=2041.02..2272.85 rows=6182 width=7) (actual rows=11299 loops=1)
  Group Key: class
  Filter: (5 <= count(student))
  Batches: 1  Memory Usage: 2577kB
  Rows Removed by Filter: 8569
  Buffers: shared hit=541
  ->  Seq Scan on courses t_courses_0  (cost=0.00..1541.01 rows=100001 width=12) (actual rows=100000 loops=1)
        Buffers: shared hit=541
Planning Time: 0.076 ms
Execution Time: 38.074 ms",39.4864,39.687,43.218,48.0258,2272.85,2272.85,11299,11299,11299,11299,596_92,345,596,92,Easy,"select class from (select class, count(distinct student) as a from schema_596.courses group by class) as t where a >= 5",300.8,10889.59,11299,"Subquery Scan on t  (cost=9845.92..10889.59 rows=6182 width=7) (actual rows=11299 loops=1)
  Buffers: shared hit=541, temp read=287 written=288
  ->  GroupAggregate  (cost=9845.92..10827.77 rows=6182 width=15) (actual rows=11299 loops=1)
        Group Key: courses.class
        Filter: (count(DISTINCT courses.student) >= 5)
        Rows Removed by Filter: 8569
        Buffers: shared hit=541, temp read=287 written=288
        ->  Sort  (cost=9845.92..10095.92 rows=100001 width=12) (actual rows=100000 loops=1)
              Sort Key: courses.class
              Sort Method: external merge  Disk: 2296kB
              Buffers: shared hit=541, temp read=287 written=288
              ->  Seq Scan on courses  (cost=0.00..1541.01 rows=100001 width=12) (actual rows=100000 loops=1)
                    Buffers: shared hit=541
Planning Time: 0.063 ms
Execution Time: 300.800 ms",308.916,10889.59,11299,"Subquery Scan on t  (cost=9845.92..10889.59 rows=6182 width=7) (actual rows=11299 loops=1)
  Buffers: shared hit=541, temp read=287 written=288
  ->  GroupAggregate  (cost=9845.92..10827.77 rows=6182 width=15) (actual rows=11299 loops=1)
        Group Key: courses.class
        Filter: (count(DISTINCT courses.student) >= 5)
        Rows Removed by Filter: 8569
        Buffers: shared hit=541, temp read=287 written=288
        ->  Sort  (cost=9845.92..10095.92 rows=100001 width=12) (actual rows=100000 loops=1)
              Sort Key: courses.class
              Sort Method: external merge  Disk: 2296kB
              Buffers: shared hit=541, temp read=287 written=288
              ->  Seq Scan on courses  (cost=0.00..1541.01 rows=100001 width=12) (actual rows=100000 loops=1)
                    Buffers: shared hit=541
Planning Time: 0.096 ms
Execution Time: 308.916 ms",310.536,10889.59,11299,"Subquery Scan on t  (cost=9845.92..10889.59 rows=6182 width=7) (actual rows=11299 loops=1)
  Buffers: shared hit=541, temp read=287 written=288
  ->  GroupAggregate  (cost=9845.92..10827.77 rows=6182 width=15) (actual rows=11299 loops=1)
        Group Key: courses.class
        Filter: (count(DISTINCT courses.student) >= 5)
        Rows Removed by Filter: 8569
        Buffers: shared hit=541, temp read=287 written=288
        ->  Sort  (cost=9845.92..10095.92 rows=100001 width=12) (actual rows=100000 loops=1)
              Sort Key: courses.class
              Sort Method: external merge  Disk: 2296kB
              Buffers: shared hit=541, temp read=287 written=288
              ->  Seq Scan on courses  (cost=0.00..1541.01 rows=100001 width=12) (actual rows=100000 loops=1)
                    Buffers: shared hit=541
Planning Time: 0.099 ms
Execution Time: 310.536 ms",304.022,10889.59,11299,"Subquery Scan on t  (cost=9845.92..10889.59 rows=6182 width=7) (actual rows=11299 loops=1)
  Buffers: shared hit=541, temp read=287 written=288
  ->  GroupAggregate  (cost=9845.92..10827.77 rows=6182 width=15) (actual rows=11299 loops=1)
        Group Key: courses.class
        Filter: (count(DISTINCT courses.student) >= 5)
        Rows Removed by Filter: 8569
        Buffers: shared hit=541, temp read=287 written=288
        ->  Sort  (cost=9845.92..10095.92 rows=100001 width=12) (actual rows=100000 loops=1)
              Sort Key: courses.class
              Sort Method: external merge  Disk: 2296kB
              Buffers: shared hit=541, temp read=287 written=288
              ->  Seq Scan on courses  (cost=0.00..1541.01 rows=100001 width=12) (actual rows=100000 loops=1)
                    Buffers: shared hit=541
Planning Time: 0.085 ms
Execution Time: 304.022 ms",305.496,10889.59,11299,"Subquery Scan on t  (cost=9845.92..10889.59 rows=6182 width=7) (actual rows=11299 loops=1)
  Buffers: shared hit=541, temp read=287 written=288
  ->  GroupAggregate  (cost=9845.92..10827.77 rows=6182 width=15) (actual rows=11299 loops=1)
        Group Key: courses.class
        Filter: (count(DISTINCT courses.student) >= 5)
        Rows Removed by Filter: 8569
        Buffers: shared hit=541, temp read=287 written=288
        ->  Sort  (cost=9845.92..10095.92 rows=100001 width=12) (actual rows=100000 loops=1)
              Sort Key: courses.class
              Sort Method: external merge  Disk: 2296kB
              Buffers: shared hit=541, temp read=287 written=288
              ->  Seq Scan on courses  (cost=0.00..1541.01 rows=100001 width=12) (actual rows=100000 loops=1)
                    Buffers: shared hit=541
Planning Time: 0.173 ms
Execution Time: 305.496 ms",305.954,305.496,309.726,311.184,10889.59,10889.59,11299,11299,11299,11299,normal,normal,15.068567999999981,20.80831880000001,equal variances,significant,0.003968253968253968,-266.4676,-265.80899999999997,-8616.74,0,True
346,596,93,Easy,select t_courses_0.class as class from schema_596.courses as t_courses_0 group by t_courses_0.class having 5 <= count(t_courses_0.student),31.255,2272.85,11299,"HashAggregate  (cost=2041.02..2272.85 rows=6182 width=7) (actual rows=11299 loops=1)
  Group Key: class
  Filter: (5 <= count(student))
  Batches: 1  Memory Usage: 2577kB
  Rows Removed by Filter: 8569
  Buffers: shared hit=541
  ->  Seq Scan on courses t_courses_0  (cost=0.00..1541.01 rows=100001 width=12) (actual rows=100000 loops=1)
        Buffers: shared hit=541
Planning Time: 0.085 ms
Execution Time: 31.255 ms",40.275,2272.85,11299,"HashAggregate  (cost=2041.02..2272.85 rows=6182 width=7) (actual rows=11299 loops=1)
  Group Key: class
  Filter: (5 <= count(student))
  Batches: 1  Memory Usage: 2577kB
  Rows Removed by Filter: 8569
  Buffers: shared hit=541
  ->  Seq Scan on courses t_courses_0  (cost=0.00..1541.01 rows=100001 width=12) (actual rows=100000 loops=1)
        Buffers: shared hit=541
Planning Time: 0.062 ms
Execution Time: 40.275 ms",39.1,2272.85,11299,"HashAggregate  (cost=2041.02..2272.85 rows=6182 width=7) (actual rows=11299 loops=1)
  Group Key: class
  Filter: (5 <= count(student))
  Batches: 1  Memory Usage: 2577kB
  Rows Removed by Filter: 8569
  Buffers: shared hit=541
  ->  Seq Scan on courses t_courses_0  (cost=0.00..1541.01 rows=100001 width=12) (actual rows=100000 loops=1)
        Buffers: shared hit=541
Planning Time: 0.090 ms
Execution Time: 39.100 ms",39.744,2272.85,11299,"HashAggregate  (cost=2041.02..2272.85 rows=6182 width=7) (actual rows=11299 loops=1)
  Group Key: class
  Filter: (5 <= count(student))
  Batches: 1  Memory Usage: 2577kB
  Rows Removed by Filter: 8569
  Buffers: shared hit=541
  ->  Seq Scan on courses t_courses_0  (cost=0.00..1541.01 rows=100001 width=12) (actual rows=100000 loops=1)
        Buffers: shared hit=541
Planning Time: 0.145 ms
Execution Time: 39.744 ms",43.018,2272.85,11299,"HashAggregate  (cost=2041.02..2272.85 rows=6182 width=7) (actual rows=11299 loops=1)
  Group Key: class
  Filter: (5 <= count(student))
  Batches: 1  Memory Usage: 2577kB
  Rows Removed by Filter: 8569
  Buffers: shared hit=541
  ->  Seq Scan on courses t_courses_0  (cost=0.00..1541.01 rows=100001 width=12) (actual rows=100000 loops=1)
        Buffers: shared hit=541
Planning Time: 0.076 ms
Execution Time: 43.018 ms",38.6784,39.744,41.6465,44.1152,2272.85,2272.85,11299,11299,11299,11299,596_93,346,596,93,Easy,"select class from (select class, count(distinct student) as abc from schema_596.courses group by class) as q where q.abc >= 5",300.846,10889.59,11299,"Subquery Scan on q  (cost=9845.92..10889.59 rows=6182 width=7) (actual rows=11299 loops=1)
  Buffers: shared hit=541, temp read=287 written=288
  ->  GroupAggregate  (cost=9845.92..10827.77 rows=6182 width=15) (actual rows=11299 loops=1)
        Group Key: courses.class
        Filter: (count(DISTINCT courses.student) >= 5)
        Rows Removed by Filter: 8569
        Buffers: shared hit=541, temp read=287 written=288
        ->  Sort  (cost=9845.92..10095.92 rows=100001 width=12) (actual rows=100000 loops=1)
              Sort Key: courses.class
              Sort Method: external merge  Disk: 2296kB
              Buffers: shared hit=541, temp read=287 written=288
              ->  Seq Scan on courses  (cost=0.00..1541.01 rows=100001 width=12) (actual rows=100000 loops=1)
                    Buffers: shared hit=541
Planning Time: 0.063 ms
Execution Time: 300.846 ms",307.295,10889.59,11299,"Subquery Scan on q  (cost=9845.92..10889.59 rows=6182 width=7) (actual rows=11299 loops=1)
  Buffers: shared hit=541, temp read=287 written=288
  ->  GroupAggregate  (cost=9845.92..10827.77 rows=6182 width=15) (actual rows=11299 loops=1)
        Group Key: courses.class
        Filter: (count(DISTINCT courses.student) >= 5)
        Rows Removed by Filter: 8569
        Buffers: shared hit=541, temp read=287 written=288
        ->  Sort  (cost=9845.92..10095.92 rows=100001 width=12) (actual rows=100000 loops=1)
              Sort Key: courses.class
              Sort Method: external merge  Disk: 2296kB
              Buffers: shared hit=541, temp read=287 written=288
              ->  Seq Scan on courses  (cost=0.00..1541.01 rows=100001 width=12) (actual rows=100000 loops=1)
                    Buffers: shared hit=541
Planning Time: 0.134 ms
Execution Time: 307.295 ms",308.686,10889.59,11299,"Subquery Scan on q  (cost=9845.92..10889.59 rows=6182 width=7) (actual rows=11299 loops=1)
  Buffers: shared hit=541, temp read=287 written=288
  ->  GroupAggregate  (cost=9845.92..10827.77 rows=6182 width=15) (actual rows=11299 loops=1)
        Group Key: courses.class
        Filter: (count(DISTINCT courses.student) >= 5)
        Rows Removed by Filter: 8569
        Buffers: shared hit=541, temp read=287 written=288
        ->  Sort  (cost=9845.92..10095.92 rows=100001 width=12) (actual rows=100000 loops=1)
              Sort Key: courses.class
              Sort Method: external merge  Disk: 2296kB
              Buffers: shared hit=541, temp read=287 written=288
              ->  Seq Scan on courses  (cost=0.00..1541.01 rows=100001 width=12) (actual rows=100000 loops=1)
                    Buffers: shared hit=541
Planning Time: 0.072 ms
Execution Time: 308.686 ms",308.531,10889.59,11299,"Subquery Scan on q  (cost=9845.92..10889.59 rows=6182 width=7) (actual rows=11299 loops=1)
  Buffers: shared hit=541, temp read=287 written=288
  ->  GroupAggregate  (cost=9845.92..10827.77 rows=6182 width=15) (actual rows=11299 loops=1)
        Group Key: courses.class
        Filter: (count(DISTINCT courses.student) >= 5)
        Rows Removed by Filter: 8569
        Buffers: shared hit=541, temp read=287 written=288
        ->  Sort  (cost=9845.92..10095.92 rows=100001 width=12) (actual rows=100000 loops=1)
              Sort Key: courses.class
              Sort Method: external merge  Disk: 2296kB
              Buffers: shared hit=541, temp read=287 written=288
              ->  Seq Scan on courses  (cost=0.00..1541.01 rows=100001 width=12) (actual rows=100000 loops=1)
                    Buffers: shared hit=541
Planning Time: 0.089 ms
Execution Time: 308.531 ms",310.226,10889.59,11299,"Subquery Scan on q  (cost=9845.92..10889.59 rows=6182 width=7) (actual rows=11299 loops=1)
  Buffers: shared hit=541, temp read=287 written=288
  ->  GroupAggregate  (cost=9845.92..10827.77 rows=6182 width=15) (actual rows=11299 loops=1)
        Group Key: courses.class
        Filter: (count(DISTINCT courses.student) >= 5)
        Rows Removed by Filter: 8569
        Buffers: shared hit=541, temp read=287 written=288
        ->  Sort  (cost=9845.92..10095.92 rows=100001 width=12) (actual rows=100000 loops=1)
              Sort Key: courses.class
              Sort Method: external merge  Disk: 2296kB
              Buffers: shared hit=541, temp read=287 written=288
              ->  Seq Scan on courses  (cost=0.00..1541.01 rows=100001 width=12) (actual rows=100000 loops=1)
                    Buffers: shared hit=541
Planning Time: 0.087 ms
Execution Time: 310.226 ms",307.1168,308.531,309.456,310.842,10889.59,10889.59,11299,11299,11299,11299,normal,normal,13.371040699999977,19.450344300000005,equal variances,significant,0.003968253968253968,-268.4384,-268.78700000000003,-8616.74,0,True
347,596,95,Easy,select t_courses_0.class as class from schema_596.courses as t_courses_0 group by t_courses_0.class having 5 <= count(t_courses_0.student),34.29,2272.85,11299,"HashAggregate  (cost=2041.02..2272.85 rows=6182 width=7) (actual rows=11299 loops=1)
  Group Key: class
  Filter: (5 <= count(student))
  Batches: 1  Memory Usage: 2577kB
  Rows Removed by Filter: 8569
  Buffers: shared hit=541
  ->  Seq Scan on courses t_courses_0  (cost=0.00..1541.01 rows=100001 width=12) (actual rows=100000 loops=1)
        Buffers: shared hit=541
Planning Time: 0.124 ms
Execution Time: 34.290 ms",49.788,2272.85,11299,"HashAggregate  (cost=2041.02..2272.85 rows=6182 width=7) (actual rows=11299 loops=1)
  Group Key: class
  Filter: (5 <= count(student))
  Batches: 1  Memory Usage: 2577kB
  Rows Removed by Filter: 8569
  Buffers: shared hit=541
  ->  Seq Scan on courses t_courses_0  (cost=0.00..1541.01 rows=100001 width=12) (actual rows=100000 loops=1)
        Buffers: shared hit=541
Planning Time: 0.076 ms
Execution Time: 49.788 ms",47.393,2272.85,11299,"HashAggregate  (cost=2041.02..2272.85 rows=6182 width=7) (actual rows=11299 loops=1)
  Group Key: class
  Filter: (5 <= count(student))
  Batches: 1  Memory Usage: 2577kB
  Rows Removed by Filter: 8569
  Buffers: shared hit=541
  ->  Seq Scan on courses t_courses_0  (cost=0.00..1541.01 rows=100001 width=12) (actual rows=100000 loops=1)
        Buffers: shared hit=541
Planning Time: 0.068 ms
Execution Time: 47.393 ms",41.633,2272.85,11299,"HashAggregate  (cost=2041.02..2272.85 rows=6182 width=7) (actual rows=11299 loops=1)
  Group Key: class
  Filter: (5 <= count(student))
  Batches: 1  Memory Usage: 2577kB
  Rows Removed by Filter: 8569
  Buffers: shared hit=541
  ->  Seq Scan on courses t_courses_0  (cost=0.00..1541.01 rows=100001 width=12) (actual rows=100000 loops=1)
        Buffers: shared hit=541
Planning Time: 0.073 ms
Execution Time: 41.633 ms",37.576,2272.85,11299,"HashAggregate  (cost=2041.02..2272.85 rows=6182 width=7) (actual rows=11299 loops=1)
  Group Key: class
  Filter: (5 <= count(student))
  Batches: 1  Memory Usage: 2577kB
  Rows Removed by Filter: 8569
  Buffers: shared hit=541
  ->  Seq Scan on courses t_courses_0  (cost=0.00..1541.01 rows=100001 width=12) (actual rows=100000 loops=1)
        Buffers: shared hit=541
Planning Time: 0.112 ms
Execution Time: 37.576 ms",42.136,41.633,48.5905,50.746,2272.85,2272.85,11299,11299,11299,11299,596_95,347,596,95,Easy,"select class from (select class, count(distinct student) as cnt from schema_596.courses group by class) as temp where cnt >= 5",298.629,10889.59,11299,"Subquery Scan on temp  (cost=9845.92..10889.59 rows=6182 width=7) (actual rows=11299 loops=1)
  Buffers: shared hit=541, temp read=287 written=288
  ->  GroupAggregate  (cost=9845.92..10827.77 rows=6182 width=15) (actual rows=11299 loops=1)
        Group Key: courses.class
        Filter: (count(DISTINCT courses.student) >= 5)
        Rows Removed by Filter: 8569
        Buffers: shared hit=541, temp read=287 written=288
        ->  Sort  (cost=9845.92..10095.92 rows=100001 width=12) (actual rows=100000 loops=1)
              Sort Key: courses.class
              Sort Method: external merge  Disk: 2296kB
              Buffers: shared hit=541, temp read=287 written=288
              ->  Seq Scan on courses  (cost=0.00..1541.01 rows=100001 width=12) (actual rows=100000 loops=1)
                    Buffers: shared hit=541
Planning Time: 0.075 ms
Execution Time: 298.629 ms",309.098,10889.59,11299,"Subquery Scan on temp  (cost=9845.92..10889.59 rows=6182 width=7) (actual rows=11299 loops=1)
  Buffers: shared hit=541, temp read=287 written=288
  ->  GroupAggregate  (cost=9845.92..10827.77 rows=6182 width=15) (actual rows=11299 loops=1)
        Group Key: courses.class
        Filter: (count(DISTINCT courses.student) >= 5)
        Rows Removed by Filter: 8569
        Buffers: shared hit=541, temp read=287 written=288
        ->  Sort  (cost=9845.92..10095.92 rows=100001 width=12) (actual rows=100000 loops=1)
              Sort Key: courses.class
              Sort Method: external merge  Disk: 2296kB
              Buffers: shared hit=541, temp read=287 written=288
              ->  Seq Scan on courses  (cost=0.00..1541.01 rows=100001 width=12) (actual rows=100000 loops=1)
                    Buffers: shared hit=541
Planning Time: 0.140 ms
Execution Time: 309.098 ms",307.335,10889.59,11299,"Subquery Scan on temp  (cost=9845.92..10889.59 rows=6182 width=7) (actual rows=11299 loops=1)
  Buffers: shared hit=541, temp read=287 written=288
  ->  GroupAggregate  (cost=9845.92..10827.77 rows=6182 width=15) (actual rows=11299 loops=1)
        Group Key: courses.class
        Filter: (count(DISTINCT courses.student) >= 5)
        Rows Removed by Filter: 8569
        Buffers: shared hit=541, temp read=287 written=288
        ->  Sort  (cost=9845.92..10095.92 rows=100001 width=12) (actual rows=100000 loops=1)
              Sort Key: courses.class
              Sort Method: external merge  Disk: 2296kB
              Buffers: shared hit=541, temp read=287 written=288
              ->  Seq Scan on courses  (cost=0.00..1541.01 rows=100001 width=12) (actual rows=100000 loops=1)
                    Buffers: shared hit=541
Planning Time: 0.132 ms
Execution Time: 307.335 ms",304.334,10889.59,11299,"Subquery Scan on temp  (cost=9845.92..10889.59 rows=6182 width=7) (actual rows=11299 loops=1)
  Buffers: shared hit=541, temp read=287 written=288
  ->  GroupAggregate  (cost=9845.92..10827.77 rows=6182 width=15) (actual rows=11299 loops=1)
        Group Key: courses.class
        Filter: (count(DISTINCT courses.student) >= 5)
        Rows Removed by Filter: 8569
        Buffers: shared hit=541, temp read=287 written=288
        ->  Sort  (cost=9845.92..10095.92 rows=100001 width=12) (actual rows=100000 loops=1)
              Sort Key: courses.class
              Sort Method: external merge  Disk: 2296kB
              Buffers: shared hit=541, temp read=287 written=288
              ->  Seq Scan on courses  (cost=0.00..1541.01 rows=100001 width=12) (actual rows=100000 loops=1)
                    Buffers: shared hit=541
Planning Time: 0.076 ms
Execution Time: 304.334 ms",314.917,10889.59,11299,"Subquery Scan on temp  (cost=9845.92..10889.59 rows=6182 width=7) (actual rows=11299 loops=1)
  Buffers: shared hit=541, temp read=287 written=288
  ->  GroupAggregate  (cost=9845.92..10827.77 rows=6182 width=15) (actual rows=11299 loops=1)
        Group Key: courses.class
        Filter: (count(DISTINCT courses.student) >= 5)
        Rows Removed by Filter: 8569
        Buffers: shared hit=541, temp read=287 written=288
        ->  Sort  (cost=9845.92..10095.92 rows=100001 width=12) (actual rows=100000 loops=1)
              Sort Key: courses.class
              Sort Method: external merge  Disk: 2296kB
              Buffers: shared hit=541, temp read=287 written=288
              ->  Seq Scan on courses  (cost=0.00..1541.01 rows=100001 width=12) (actual rows=100000 loops=1)
                    Buffers: shared hit=541
Planning Time: 0.126 ms
Execution Time: 314.917 ms",306.8626,307.335,312.0075,317.2446,10889.59,10889.59,11299,11299,11299,11299,normal,normal,36.069880299999824,42.198869499999994,equal variances,significant,0.003968253968253968,-264.72659999999996,-265.702,-8616.74,0,True
348,596,96,Easy,select t_courses_0.class as class from schema_596.courses as t_courses_0 group by t_courses_0.class having 5 <= count(t_courses_0.student),31.35,2272.85,11299,"HashAggregate  (cost=2041.02..2272.85 rows=6182 width=7) (actual rows=11299 loops=1)
  Group Key: class
  Filter: (5 <= count(student))
  Batches: 1  Memory Usage: 2577kB
  Rows Removed by Filter: 8569
  Buffers: shared hit=541
  ->  Seq Scan on courses t_courses_0  (cost=0.00..1541.01 rows=100001 width=12) (actual rows=100000 loops=1)
        Buffers: shared hit=541
Planning Time: 0.057 ms
Execution Time: 31.350 ms",42.392,2272.85,11299,"HashAggregate  (cost=2041.02..2272.85 rows=6182 width=7) (actual rows=11299 loops=1)
  Group Key: class
  Filter: (5 <= count(student))
  Batches: 1  Memory Usage: 2577kB
  Rows Removed by Filter: 8569
  Buffers: shared hit=541
  ->  Seq Scan on courses t_courses_0  (cost=0.00..1541.01 rows=100001 width=12) (actual rows=100000 loops=1)
        Buffers: shared hit=541
Planning Time: 0.077 ms
Execution Time: 42.392 ms",38.577,2272.85,11299,"HashAggregate  (cost=2041.02..2272.85 rows=6182 width=7) (actual rows=11299 loops=1)
  Group Key: class
  Filter: (5 <= count(student))
  Batches: 1  Memory Usage: 2577kB
  Rows Removed by Filter: 8569
  Buffers: shared hit=541
  ->  Seq Scan on courses t_courses_0  (cost=0.00..1541.01 rows=100001 width=12) (actual rows=100000 loops=1)
        Buffers: shared hit=541
Planning Time: 0.079 ms
Execution Time: 38.577 ms",38.077,2272.85,11299,"HashAggregate  (cost=2041.02..2272.85 rows=6182 width=7) (actual rows=11299 loops=1)
  Group Key: class
  Filter: (5 <= count(student))
  Batches: 1  Memory Usage: 2577kB
  Rows Removed by Filter: 8569
  Buffers: shared hit=541
  ->  Seq Scan on courses t_courses_0  (cost=0.00..1541.01 rows=100001 width=12) (actual rows=100000 loops=1)
        Buffers: shared hit=541
Planning Time: 0.074 ms
Execution Time: 38.077 ms",39.95,2272.85,11299,"HashAggregate  (cost=2041.02..2272.85 rows=6182 width=7) (actual rows=11299 loops=1)
  Group Key: class
  Filter: (5 <= count(student))
  Batches: 1  Memory Usage: 2577kB
  Rows Removed by Filter: 8569
  Buffers: shared hit=541
  ->  Seq Scan on courses t_courses_0  (cost=0.00..1541.01 rows=100001 width=12) (actual rows=100000 loops=1)
        Buffers: shared hit=541
Planning Time: 0.104 ms
Execution Time: 39.950 ms",38.0692,38.577,41.171,43.3688,2272.85,2272.85,11299,11299,11299,11299,596_96,348,596,96,Easy,"select class from (select class, count(distinct student) as n from schema_596.courses group by class) as a where n >= 5",299.427,10889.59,11299,"Subquery Scan on a  (cost=9845.92..10889.59 rows=6182 width=7) (actual rows=11299 loops=1)
  Buffers: shared hit=541, temp read=287 written=288
  ->  GroupAggregate  (cost=9845.92..10827.77 rows=6182 width=15) (actual rows=11299 loops=1)
        Group Key: courses.class
        Filter: (count(DISTINCT courses.student) >= 5)
        Rows Removed by Filter: 8569
        Buffers: shared hit=541, temp read=287 written=288
        ->  Sort  (cost=9845.92..10095.92 rows=100001 width=12) (actual rows=100000 loops=1)
              Sort Key: courses.class
              Sort Method: external merge  Disk: 2296kB
              Buffers: shared hit=541, temp read=287 written=288
              ->  Seq Scan on courses  (cost=0.00..1541.01 rows=100001 width=12) (actual rows=100000 loops=1)
                    Buffers: shared hit=541
Planning Time: 0.064 ms
Execution Time: 299.427 ms",308.483,10889.59,11299,"Subquery Scan on a  (cost=9845.92..10889.59 rows=6182 width=7) (actual rows=11299 loops=1)
  Buffers: shared hit=541, temp read=287 written=288
  ->  GroupAggregate  (cost=9845.92..10827.77 rows=6182 width=15) (actual rows=11299 loops=1)
        Group Key: courses.class
        Filter: (count(DISTINCT courses.student) >= 5)
        Rows Removed by Filter: 8569
        Buffers: shared hit=541, temp read=287 written=288
        ->  Sort  (cost=9845.92..10095.92 rows=100001 width=12) (actual rows=100000 loops=1)
              Sort Key: courses.class
              Sort Method: external merge  Disk: 2296kB
              Buffers: shared hit=541, temp read=287 written=288
              ->  Seq Scan on courses  (cost=0.00..1541.01 rows=100001 width=12) (actual rows=100000 loops=1)
                    Buffers: shared hit=541
Planning Time: 0.094 ms
Execution Time: 308.483 ms",312.038,10889.59,11299,"Subquery Scan on a  (cost=9845.92..10889.59 rows=6182 width=7) (actual rows=11299 loops=1)
  Buffers: shared hit=541, temp read=287 written=288
  ->  GroupAggregate  (cost=9845.92..10827.77 rows=6182 width=15) (actual rows=11299 loops=1)
        Group Key: courses.class
        Filter: (count(DISTINCT courses.student) >= 5)
        Rows Removed by Filter: 8569
        Buffers: shared hit=541, temp read=287 written=288
        ->  Sort  (cost=9845.92..10095.92 rows=100001 width=12) (actual rows=100000 loops=1)
              Sort Key: courses.class
              Sort Method: external merge  Disk: 2296kB
              Buffers: shared hit=541, temp read=287 written=288
              ->  Seq Scan on courses  (cost=0.00..1541.01 rows=100001 width=12) (actual rows=100000 loops=1)
                    Buffers: shared hit=541
Planning Time: 0.099 ms
Execution Time: 312.038 ms",315.165,10889.59,11299,"Subquery Scan on a  (cost=9845.92..10889.59 rows=6182 width=7) (actual rows=11299 loops=1)
  Buffers: shared hit=541, temp read=287 written=288
  ->  GroupAggregate  (cost=9845.92..10827.77 rows=6182 width=15) (actual rows=11299 loops=1)
        Group Key: courses.class
        Filter: (count(DISTINCT courses.student) >= 5)
        Rows Removed by Filter: 8569
        Buffers: shared hit=541, temp read=287 written=288
        ->  Sort  (cost=9845.92..10095.92 rows=100001 width=12) (actual rows=100000 loops=1)
              Sort Key: courses.class
              Sort Method: external merge  Disk: 2296kB
              Buffers: shared hit=541, temp read=287 written=288
              ->  Seq Scan on courses  (cost=0.00..1541.01 rows=100001 width=12) (actual rows=100000 loops=1)
                    Buffers: shared hit=541
Planning Time: 0.106 ms
Execution Time: 315.165 ms",304.283,10889.59,11299,"Subquery Scan on a  (cost=9845.92..10889.59 rows=6182 width=7) (actual rows=11299 loops=1)
  Buffers: shared hit=541, temp read=287 written=288
  ->  GroupAggregate  (cost=9845.92..10827.77 rows=6182 width=15) (actual rows=11299 loops=1)
        Group Key: courses.class
        Filter: (count(DISTINCT courses.student) >= 5)
        Rows Removed by Filter: 8569
        Buffers: shared hit=541, temp read=287 written=288
        ->  Sort  (cost=9845.92..10095.92 rows=100001 width=12) (actual rows=100000 loops=1)
              Sort Key: courses.class
              Sort Method: external merge  Disk: 2296kB
              Buffers: shared hit=541, temp read=287 written=288
              ->  Seq Scan on courses  (cost=0.00..1541.01 rows=100001 width=12) (actual rows=100000 loops=1)
                    Buffers: shared hit=541
Planning Time: 0.080 ms
Execution Time: 304.283 ms",307.8792,308.483,313.6015,316.4158,10889.59,10889.59,11299,11299,11299,11299,normal,normal,38.778853199999986,16.907394700000005,equal variances,significant,0.003968253968253968,-269.81,-269.906,-8616.74,0,True
349,596,99,Easy,select t_courses_0.class as class from schema_596.courses as t_courses_0 group by t_courses_0.class having 5 <= count(t_courses_0.student),31.969,2272.85,11299,"HashAggregate  (cost=2041.02..2272.85 rows=6182 width=7) (actual rows=11299 loops=1)
  Group Key: class
  Filter: (5 <= count(student))
  Batches: 1  Memory Usage: 2577kB
  Rows Removed by Filter: 8569
  Buffers: shared hit=541
  ->  Seq Scan on courses t_courses_0  (cost=0.00..1541.01 rows=100001 width=12) (actual rows=100000 loops=1)
        Buffers: shared hit=541
Planning Time: 0.051 ms
Execution Time: 31.969 ms",39.363,2272.85,11299,"HashAggregate  (cost=2041.02..2272.85 rows=6182 width=7) (actual rows=11299 loops=1)
  Group Key: class
  Filter: (5 <= count(student))
  Batches: 1  Memory Usage: 2577kB
  Rows Removed by Filter: 8569
  Buffers: shared hit=541
  ->  Seq Scan on courses t_courses_0  (cost=0.00..1541.01 rows=100001 width=12) (actual rows=100000 loops=1)
        Buffers: shared hit=541
Planning Time: 0.112 ms
Execution Time: 39.363 ms",46.399,2272.85,11299,"HashAggregate  (cost=2041.02..2272.85 rows=6182 width=7) (actual rows=11299 loops=1)
  Group Key: class
  Filter: (5 <= count(student))
  Batches: 1  Memory Usage: 2577kB
  Rows Removed by Filter: 8569
  Buffers: shared hit=541
  ->  Seq Scan on courses t_courses_0  (cost=0.00..1541.01 rows=100001 width=12) (actual rows=100000 loops=1)
        Buffers: shared hit=541
Planning Time: 0.072 ms
Execution Time: 46.399 ms",38.558,2272.85,11299,"HashAggregate  (cost=2041.02..2272.85 rows=6182 width=7) (actual rows=11299 loops=1)
  Group Key: class
  Filter: (5 <= count(student))
  Batches: 1  Memory Usage: 2577kB
  Rows Removed by Filter: 8569
  Buffers: shared hit=541
  ->  Seq Scan on courses t_courses_0  (cost=0.00..1541.01 rows=100001 width=12) (actual rows=100000 loops=1)
        Buffers: shared hit=541
Planning Time: 0.123 ms
Execution Time: 38.558 ms",37.888,2272.85,11299,"HashAggregate  (cost=2041.02..2272.85 rows=6182 width=7) (actual rows=11299 loops=1)
  Group Key: class
  Filter: (5 <= count(student))
  Batches: 1  Memory Usage: 2577kB
  Rows Removed by Filter: 8569
  Buffers: shared hit=541
  ->  Seq Scan on courses t_courses_0  (cost=0.00..1541.01 rows=100001 width=12) (actual rows=100000 loops=1)
        Buffers: shared hit=541
Planning Time: 0.136 ms
Execution Time: 37.888 ms",38.8354,38.558,42.881,49.2134,2272.85,2272.85,11299,11299,11299,11299,596_99,349,596,99,Easy,"select class from (select class, count(distinct student) as num from schema_596.courses group by class) as tempt where num >= 5",300.284,10889.59,11299,"Subquery Scan on tempt  (cost=9845.92..10889.59 rows=6182 width=7) (actual rows=11299 loops=1)
  Buffers: shared hit=541, temp read=287 written=288
  ->  GroupAggregate  (cost=9845.92..10827.77 rows=6182 width=15) (actual rows=11299 loops=1)
        Group Key: courses.class
        Filter: (count(DISTINCT courses.student) >= 5)
        Rows Removed by Filter: 8569
        Buffers: shared hit=541, temp read=287 written=288
        ->  Sort  (cost=9845.92..10095.92 rows=100001 width=12) (actual rows=100000 loops=1)
              Sort Key: courses.class
              Sort Method: external merge  Disk: 2296kB
              Buffers: shared hit=541, temp read=287 written=288
              ->  Seq Scan on courses  (cost=0.00..1541.01 rows=100001 width=12) (actual rows=100000 loops=1)
                    Buffers: shared hit=541
Planning Time: 0.065 ms
Execution Time: 300.284 ms",305.557,10889.59,11299,"Subquery Scan on tempt  (cost=9845.92..10889.59 rows=6182 width=7) (actual rows=11299 loops=1)
  Buffers: shared hit=541, temp read=287 written=288
  ->  GroupAggregate  (cost=9845.92..10827.77 rows=6182 width=15) (actual rows=11299 loops=1)
        Group Key: courses.class
        Filter: (count(DISTINCT courses.student) >= 5)
        Rows Removed by Filter: 8569
        Buffers: shared hit=541, temp read=287 written=288
        ->  Sort  (cost=9845.92..10095.92 rows=100001 width=12) (actual rows=100000 loops=1)
              Sort Key: courses.class
              Sort Method: external merge  Disk: 2296kB
              Buffers: shared hit=541, temp read=287 written=288
              ->  Seq Scan on courses  (cost=0.00..1541.01 rows=100001 width=12) (actual rows=100000 loops=1)
                    Buffers: shared hit=541
Planning Time: 0.100 ms
Execution Time: 305.557 ms",307.186,10889.59,11299,"Subquery Scan on tempt  (cost=9845.92..10889.59 rows=6182 width=7) (actual rows=11299 loops=1)
  Buffers: shared hit=541, temp read=287 written=288
  ->  GroupAggregate  (cost=9845.92..10827.77 rows=6182 width=15) (actual rows=11299 loops=1)
        Group Key: courses.class
        Filter: (count(DISTINCT courses.student) >= 5)
        Rows Removed by Filter: 8569
        Buffers: shared hit=541, temp read=287 written=288
        ->  Sort  (cost=9845.92..10095.92 rows=100001 width=12) (actual rows=100000 loops=1)
              Sort Key: courses.class
              Sort Method: external merge  Disk: 2296kB
              Buffers: shared hit=541, temp read=287 written=288
              ->  Seq Scan on courses  (cost=0.00..1541.01 rows=100001 width=12) (actual rows=100000 loops=1)
                    Buffers: shared hit=541
Planning Time: 0.133 ms
Execution Time: 307.186 ms",307.295,10889.59,11299,"Subquery Scan on tempt  (cost=9845.92..10889.59 rows=6182 width=7) (actual rows=11299 loops=1)
  Buffers: shared hit=541, temp read=287 written=288
  ->  GroupAggregate  (cost=9845.92..10827.77 rows=6182 width=15) (actual rows=11299 loops=1)
        Group Key: courses.class
        Filter: (count(DISTINCT courses.student) >= 5)
        Rows Removed by Filter: 8569
        Buffers: shared hit=541, temp read=287 written=288
        ->  Sort  (cost=9845.92..10095.92 rows=100001 width=12) (actual rows=100000 loops=1)
              Sort Key: courses.class
              Sort Method: external merge  Disk: 2296kB
              Buffers: shared hit=541, temp read=287 written=288
              ->  Seq Scan on courses  (cost=0.00..1541.01 rows=100001 width=12) (actual rows=100000 loops=1)
                    Buffers: shared hit=541
Planning Time: 0.107 ms
Execution Time: 307.295 ms",305.116,10889.59,11299,"Subquery Scan on tempt  (cost=9845.92..10889.59 rows=6182 width=7) (actual rows=11299 loops=1)
  Buffers: shared hit=541, temp read=287 written=288
  ->  GroupAggregate  (cost=9845.92..10827.77 rows=6182 width=15) (actual rows=11299 loops=1)
        Group Key: courses.class
        Filter: (count(DISTINCT courses.student) >= 5)
        Rows Removed by Filter: 8569
        Buffers: shared hit=541, temp read=287 written=288
        ->  Sort  (cost=9845.92..10095.92 rows=100001 width=12) (actual rows=100000 loops=1)
              Sort Key: courses.class
              Sort Method: external merge  Disk: 2296kB
              Buffers: shared hit=541, temp read=287 written=288
              ->  Seq Scan on courses  (cost=0.00..1541.01 rows=100001 width=12) (actual rows=100000 loops=1)
                    Buffers: shared hit=541
Planning Time: 0.085 ms
Execution Time: 305.116 ms",305.0876,305.557,307.2405,307.3386,10889.59,10889.59,11299,11299,11299,11299,normal,normal,8.14290330000002,26.402093300000004,equal variances,significant,0.003968253968253968,-266.2522,-266.999,-8616.74,0,True
350,596,102,Easy,select t_courses_0.class as class from schema_596.courses as t_courses_0 group by t_courses_0.class having 5 <= count(t_courses_0.student),42.225,2272.85,11299,"HashAggregate  (cost=2041.02..2272.85 rows=6182 width=7) (actual rows=11299 loops=1)
  Group Key: class
  Filter: (5 <= count(student))
  Batches: 1  Memory Usage: 2577kB
  Rows Removed by Filter: 8569
  Buffers: shared hit=541
  ->  Seq Scan on courses t_courses_0  (cost=0.00..1541.01 rows=100001 width=12) (actual rows=100000 loops=1)
        Buffers: shared hit=541
Planning Time: 0.062 ms
Execution Time: 42.225 ms",45.883,2272.85,11299,"HashAggregate  (cost=2041.02..2272.85 rows=6182 width=7) (actual rows=11299 loops=1)
  Group Key: class
  Filter: (5 <= count(student))
  Batches: 1  Memory Usage: 2577kB
  Rows Removed by Filter: 8569
  Buffers: shared hit=541
  ->  Seq Scan on courses t_courses_0  (cost=0.00..1541.01 rows=100001 width=12) (actual rows=100000 loops=1)
        Buffers: shared hit=541
Planning Time: 0.072 ms
Execution Time: 45.883 ms",35.024,2272.85,11299,"HashAggregate  (cost=2041.02..2272.85 rows=6182 width=7) (actual rows=11299 loops=1)
  Group Key: class
  Filter: (5 <= count(student))
  Batches: 1  Memory Usage: 2577kB
  Rows Removed by Filter: 8569
  Buffers: shared hit=541
  ->  Seq Scan on courses t_courses_0  (cost=0.00..1541.01 rows=100001 width=12) (actual rows=100000 loops=1)
        Buffers: shared hit=541
Planning Time: 0.056 ms
Execution Time: 35.024 ms",40.567,2272.85,11299,"HashAggregate  (cost=2041.02..2272.85 rows=6182 width=7) (actual rows=11299 loops=1)
  Group Key: class
  Filter: (5 <= count(student))
  Batches: 1  Memory Usage: 2577kB
  Rows Removed by Filter: 8569
  Buffers: shared hit=541
  ->  Seq Scan on courses t_courses_0  (cost=0.00..1541.01 rows=100001 width=12) (actual rows=100000 loops=1)
        Buffers: shared hit=541
Planning Time: 0.063 ms
Execution Time: 40.567 ms",41.223,2272.85,11299,"HashAggregate  (cost=2041.02..2272.85 rows=6182 width=7) (actual rows=11299 loops=1)
  Group Key: class
  Filter: (5 <= count(student))
  Batches: 1  Memory Usage: 2577kB
  Rows Removed by Filter: 8569
  Buffers: shared hit=541
  ->  Seq Scan on courses t_courses_0  (cost=0.00..1541.01 rows=100001 width=12) (actual rows=100000 loops=1)
        Buffers: shared hit=541
Planning Time: 0.100 ms
Execution Time: 41.223 ms",40.9844,41.223,44.054,47.3462,2272.85,2272.85,11299,11299,11299,11299,596_102,350,596,102,Easy,"select class from (select class, count(distinct student) as numstu from schema_596.courses group by class) as a where numstu >= 5",301.638,10889.59,11299,"Subquery Scan on a  (cost=9845.92..10889.59 rows=6182 width=7) (actual rows=11299 loops=1)
  Buffers: shared hit=541, temp read=287 written=288
  ->  GroupAggregate  (cost=9845.92..10827.77 rows=6182 width=15) (actual rows=11299 loops=1)
        Group Key: courses.class
        Filter: (count(DISTINCT courses.student) >= 5)
        Rows Removed by Filter: 8569
        Buffers: shared hit=541, temp read=287 written=288
        ->  Sort  (cost=9845.92..10095.92 rows=100001 width=12) (actual rows=100000 loops=1)
              Sort Key: courses.class
              Sort Method: external merge  Disk: 2296kB
              Buffers: shared hit=541, temp read=287 written=288
              ->  Seq Scan on courses  (cost=0.00..1541.01 rows=100001 width=12) (actual rows=100000 loops=1)
                    Buffers: shared hit=541
Planning Time: 0.091 ms
Execution Time: 301.638 ms",311.361,10889.59,11299,"Subquery Scan on a  (cost=9845.92..10889.59 rows=6182 width=7) (actual rows=11299 loops=1)
  Buffers: shared hit=541, temp read=287 written=288
  ->  GroupAggregate  (cost=9845.92..10827.77 rows=6182 width=15) (actual rows=11299 loops=1)
        Group Key: courses.class
        Filter: (count(DISTINCT courses.student) >= 5)
        Rows Removed by Filter: 8569
        Buffers: shared hit=541, temp read=287 written=288
        ->  Sort  (cost=9845.92..10095.92 rows=100001 width=12) (actual rows=100000 loops=1)
              Sort Key: courses.class
              Sort Method: external merge  Disk: 2296kB
              Buffers: shared hit=541, temp read=287 written=288
              ->  Seq Scan on courses  (cost=0.00..1541.01 rows=100001 width=12) (actual rows=100000 loops=1)
                    Buffers: shared hit=541
Planning Time: 0.083 ms
Execution Time: 311.361 ms",307.167,10889.59,11299,"Subquery Scan on a  (cost=9845.92..10889.59 rows=6182 width=7) (actual rows=11299 loops=1)
  Buffers: shared hit=541, temp read=287 written=288
  ->  GroupAggregate  (cost=9845.92..10827.77 rows=6182 width=15) (actual rows=11299 loops=1)
        Group Key: courses.class
        Filter: (count(DISTINCT courses.student) >= 5)
        Rows Removed by Filter: 8569
        Buffers: shared hit=541, temp read=287 written=288
        ->  Sort  (cost=9845.92..10095.92 rows=100001 width=12) (actual rows=100000 loops=1)
              Sort Key: courses.class
              Sort Method: external merge  Disk: 2296kB
              Buffers: shared hit=541, temp read=287 written=288
              ->  Seq Scan on courses  (cost=0.00..1541.01 rows=100001 width=12) (actual rows=100000 loops=1)
                    Buffers: shared hit=541
Planning Time: 0.089 ms
Execution Time: 307.167 ms",308.803,10889.59,11299,"Subquery Scan on a  (cost=9845.92..10889.59 rows=6182 width=7) (actual rows=11299 loops=1)
  Buffers: shared hit=541, temp read=287 written=288
  ->  GroupAggregate  (cost=9845.92..10827.77 rows=6182 width=15) (actual rows=11299 loops=1)
        Group Key: courses.class
        Filter: (count(DISTINCT courses.student) >= 5)
        Rows Removed by Filter: 8569
        Buffers: shared hit=541, temp read=287 written=288
        ->  Sort  (cost=9845.92..10095.92 rows=100001 width=12) (actual rows=100000 loops=1)
              Sort Key: courses.class
              Sort Method: external merge  Disk: 2296kB
              Buffers: shared hit=541, temp read=287 written=288
              ->  Seq Scan on courses  (cost=0.00..1541.01 rows=100001 width=12) (actual rows=100000 loops=1)
                    Buffers: shared hit=541
Planning Time: 0.148 ms
Execution Time: 308.803 ms",305.299,10889.59,11299,"Subquery Scan on a  (cost=9845.92..10889.59 rows=6182 width=7) (actual rows=11299 loops=1)
  Buffers: shared hit=541, temp read=287 written=288
  ->  GroupAggregate  (cost=9845.92..10827.77 rows=6182 width=15) (actual rows=11299 loops=1)
        Group Key: courses.class
        Filter: (count(DISTINCT courses.student) >= 5)
        Rows Removed by Filter: 8569
        Buffers: shared hit=541, temp read=287 written=288
        ->  Sort  (cost=9845.92..10095.92 rows=100001 width=12) (actual rows=100000 loops=1)
              Sort Key: courses.class
              Sort Method: external merge  Disk: 2296kB
              Buffers: shared hit=541, temp read=287 written=288
              ->  Seq Scan on courses  (cost=0.00..1541.01 rows=100001 width=12) (actual rows=100000 loops=1)
                    Buffers: shared hit=541
Planning Time: 0.166 ms
Execution Time: 305.299 ms",306.8536,307.167,310.082,312.3842,10889.59,10889.59,11299,11299,11299,11299,normal,normal,13.458574800000049,15.323222800000005,equal variances,significant,0.003968253968253968,-265.8692,-265.94399999999996,-8616.74,0,True
351,596,103,Easy,select t_courses_0.class as class from schema_596.courses as t_courses_0 group by t_courses_0.class having 5 <= count(t_courses_0.student),43.537,2272.85,11299,"HashAggregate  (cost=2041.02..2272.85 rows=6182 width=7) (actual rows=11299 loops=1)
  Group Key: class
  Filter: (5 <= count(student))
  Batches: 1  Memory Usage: 2577kB
  Rows Removed by Filter: 8569
  Buffers: shared hit=541
  ->  Seq Scan on courses t_courses_0  (cost=0.00..1541.01 rows=100001 width=12) (actual rows=100000 loops=1)
        Buffers: shared hit=541
Planning Time: 0.070 ms
Execution Time: 43.537 ms",71.449,2272.85,11299,"HashAggregate  (cost=2041.02..2272.85 rows=6182 width=7) (actual rows=11299 loops=1)
  Group Key: class
  Filter: (5 <= count(student))
  Batches: 1  Memory Usage: 2577kB
  Rows Removed by Filter: 8569
  Buffers: shared hit=541
  ->  Seq Scan on courses t_courses_0  (cost=0.00..1541.01 rows=100001 width=12) (actual rows=100000 loops=1)
        Buffers: shared hit=541
Planning Time: 0.087 ms
Execution Time: 71.449 ms",51.098,2272.85,11299,"HashAggregate  (cost=2041.02..2272.85 rows=6182 width=7) (actual rows=11299 loops=1)
  Group Key: class
  Filter: (5 <= count(student))
  Batches: 1  Memory Usage: 2577kB
  Rows Removed by Filter: 8569
  Buffers: shared hit=541
  ->  Seq Scan on courses t_courses_0  (cost=0.00..1541.01 rows=100001 width=12) (actual rows=100000 loops=1)
        Buffers: shared hit=541
Planning Time: 0.071 ms
Execution Time: 51.098 ms",50.545,2272.85,11299,"HashAggregate  (cost=2041.02..2272.85 rows=6182 width=7) (actual rows=11299 loops=1)
  Group Key: class
  Filter: (5 <= count(student))
  Batches: 1  Memory Usage: 2577kB
  Rows Removed by Filter: 8569
  Buffers: shared hit=541
  ->  Seq Scan on courses t_courses_0  (cost=0.00..1541.01 rows=100001 width=12) (actual rows=100000 loops=1)
        Buffers: shared hit=541
Planning Time: 0.051 ms
Execution Time: 50.545 ms",43.973,2272.85,11299,"HashAggregate  (cost=2041.02..2272.85 rows=6182 width=7) (actual rows=11299 loops=1)
  Group Key: class
  Filter: (5 <= count(student))
  Batches: 1  Memory Usage: 2577kB
  Rows Removed by Filter: 8569
  Buffers: shared hit=541
  ->  Seq Scan on courses t_courses_0  (cost=0.00..1541.01 rows=100001 width=12) (actual rows=100000 loops=1)
        Buffers: shared hit=541
Planning Time: 0.068 ms
Execution Time: 43.973 ms",52.1204,50.545,61.2735,79.5894,2272.85,2272.85,11299,11299,11299,11299,596_103,351,596,103,Easy,"select class from (select class, count(distinct student) as sc from schema_596.courses group by 1) as a where sc >= 5",299.312,10889.59,11299,"Subquery Scan on a  (cost=9845.92..10889.59 rows=6182 width=7) (actual rows=11299 loops=1)
  Buffers: shared hit=541, temp read=287 written=288
  ->  GroupAggregate  (cost=9845.92..10827.77 rows=6182 width=15) (actual rows=11299 loops=1)
        Group Key: courses.class
        Filter: (count(DISTINCT courses.student) >= 5)
        Rows Removed by Filter: 8569
        Buffers: shared hit=541, temp read=287 written=288
        ->  Sort  (cost=9845.92..10095.92 rows=100001 width=12) (actual rows=100000 loops=1)
              Sort Key: courses.class
              Sort Method: external merge  Disk: 2296kB
              Buffers: shared hit=541, temp read=287 written=288
              ->  Seq Scan on courses  (cost=0.00..1541.01 rows=100001 width=12) (actual rows=100000 loops=1)
                    Buffers: shared hit=541
Planning Time: 0.062 ms
Execution Time: 299.312 ms",308.855,10889.59,11299,"Subquery Scan on a  (cost=9845.92..10889.59 rows=6182 width=7) (actual rows=11299 loops=1)
  Buffers: shared hit=541, temp read=287 written=288
  ->  GroupAggregate  (cost=9845.92..10827.77 rows=6182 width=15) (actual rows=11299 loops=1)
        Group Key: courses.class
        Filter: (count(DISTINCT courses.student) >= 5)
        Rows Removed by Filter: 8569
        Buffers: shared hit=541, temp read=287 written=288
        ->  Sort  (cost=9845.92..10095.92 rows=100001 width=12) (actual rows=100000 loops=1)
              Sort Key: courses.class
              Sort Method: external merge  Disk: 2296kB
              Buffers: shared hit=541, temp read=287 written=288
              ->  Seq Scan on courses  (cost=0.00..1541.01 rows=100001 width=12) (actual rows=100000 loops=1)
                    Buffers: shared hit=541
Planning Time: 0.095 ms
Execution Time: 308.855 ms",305.45,10889.59,11299,"Subquery Scan on a  (cost=9845.92..10889.59 rows=6182 width=7) (actual rows=11299 loops=1)
  Buffers: shared hit=541, temp read=287 written=288
  ->  GroupAggregate  (cost=9845.92..10827.77 rows=6182 width=15) (actual rows=11299 loops=1)
        Group Key: courses.class
        Filter: (count(DISTINCT courses.student) >= 5)
        Rows Removed by Filter: 8569
        Buffers: shared hit=541, temp read=287 written=288
        ->  Sort  (cost=9845.92..10095.92 rows=100001 width=12) (actual rows=100000 loops=1)
              Sort Key: courses.class
              Sort Method: external merge  Disk: 2296kB
              Buffers: shared hit=541, temp read=287 written=288
              ->  Seq Scan on courses  (cost=0.00..1541.01 rows=100001 width=12) (actual rows=100000 loops=1)
                    Buffers: shared hit=541
Planning Time: 0.088 ms
Execution Time: 305.450 ms",309.012,10889.59,11299,"Subquery Scan on a  (cost=9845.92..10889.59 rows=6182 width=7) (actual rows=11299 loops=1)
  Buffers: shared hit=541, temp read=287 written=288
  ->  GroupAggregate  (cost=9845.92..10827.77 rows=6182 width=15) (actual rows=11299 loops=1)
        Group Key: courses.class
        Filter: (count(DISTINCT courses.student) >= 5)
        Rows Removed by Filter: 8569
        Buffers: shared hit=541, temp read=287 written=288
        ->  Sort  (cost=9845.92..10095.92 rows=100001 width=12) (actual rows=100000 loops=1)
              Sort Key: courses.class
              Sort Method: external merge  Disk: 2296kB
              Buffers: shared hit=541, temp read=287 written=288
              ->  Seq Scan on courses  (cost=0.00..1541.01 rows=100001 width=12) (actual rows=100000 loops=1)
                    Buffers: shared hit=541
Planning Time: 0.089 ms
Execution Time: 309.012 ms",317.705,10889.59,11299,"Subquery Scan on a  (cost=9845.92..10889.59 rows=6182 width=7) (actual rows=11299 loops=1)
  Buffers: shared hit=541, temp read=287 written=288
  ->  GroupAggregate  (cost=9845.92..10827.77 rows=6182 width=15) (actual rows=11299 loops=1)
        Group Key: courses.class
        Filter: (count(DISTINCT courses.student) >= 5)
        Rows Removed by Filter: 8569
        Buffers: shared hit=541, temp read=287 written=288
        ->  Sort  (cost=9845.92..10095.92 rows=100001 width=12) (actual rows=100000 loops=1)
              Sort Key: courses.class
              Sort Method: external merge  Disk: 2296kB
              Buffers: shared hit=541, temp read=287 written=288
              ->  Seq Scan on courses  (cost=0.00..1541.01 rows=100001 width=12) (actual rows=100000 loops=1)
                    Buffers: shared hit=541
Planning Time: 0.091 ms
Execution Time: 317.705 ms",308.0668,308.855,313.3585,321.1822,10889.59,10889.59,11299,11299,11299,11299,normal,normal,44.4759316999999,129.2942118,equal variances,significant,0.003968253968253968,-255.9464,-258.31,-8616.74,0,True
352,596,104,Easy,select t_courses_0.class as class from schema_596.courses as t_courses_0 group by t_courses_0.class having 5 <= count(t_courses_0.student),33.025,2272.85,11299,"HashAggregate  (cost=2041.02..2272.85 rows=6182 width=7) (actual rows=11299 loops=1)
  Group Key: class
  Filter: (5 <= count(student))
  Batches: 1  Memory Usage: 2577kB
  Rows Removed by Filter: 8569
  Buffers: shared hit=541
  ->  Seq Scan on courses t_courses_0  (cost=0.00..1541.01 rows=100001 width=12) (actual rows=100000 loops=1)
        Buffers: shared hit=541
Planning Time: 0.071 ms
Execution Time: 33.025 ms",43.485,2272.85,11299,"HashAggregate  (cost=2041.02..2272.85 rows=6182 width=7) (actual rows=11299 loops=1)
  Group Key: class
  Filter: (5 <= count(student))
  Batches: 1  Memory Usage: 2577kB
  Rows Removed by Filter: 8569
  Buffers: shared hit=541
  ->  Seq Scan on courses t_courses_0  (cost=0.00..1541.01 rows=100001 width=12) (actual rows=100000 loops=1)
        Buffers: shared hit=541
Planning Time: 0.069 ms
Execution Time: 43.485 ms",41.716,2272.85,11299,"HashAggregate  (cost=2041.02..2272.85 rows=6182 width=7) (actual rows=11299 loops=1)
  Group Key: class
  Filter: (5 <= count(student))
  Batches: 1  Memory Usage: 2577kB
  Rows Removed by Filter: 8569
  Buffers: shared hit=541
  ->  Seq Scan on courses t_courses_0  (cost=0.00..1541.01 rows=100001 width=12) (actual rows=100000 loops=1)
        Buffers: shared hit=541
Planning Time: 0.101 ms
Execution Time: 41.716 ms",40.165,2272.85,11299,"HashAggregate  (cost=2041.02..2272.85 rows=6182 width=7) (actual rows=11299 loops=1)
  Group Key: class
  Filter: (5 <= count(student))
  Batches: 1  Memory Usage: 2577kB
  Rows Removed by Filter: 8569
  Buffers: shared hit=541
  ->  Seq Scan on courses t_courses_0  (cost=0.00..1541.01 rows=100001 width=12) (actual rows=100000 loops=1)
        Buffers: shared hit=541
Planning Time: 0.074 ms
Execution Time: 40.165 ms",39.618,2272.85,11299,"HashAggregate  (cost=2041.02..2272.85 rows=6182 width=7) (actual rows=11299 loops=1)
  Group Key: class
  Filter: (5 <= count(student))
  Batches: 1  Memory Usage: 2577kB
  Rows Removed by Filter: 8569
  Buffers: shared hit=541
  ->  Seq Scan on courses t_courses_0  (cost=0.00..1541.01 rows=100001 width=12) (actual rows=100000 loops=1)
        Buffers: shared hit=541
Planning Time: 0.112 ms
Execution Time: 39.618 ms",39.6018,40.165,42.6005,44.1926,2272.85,2272.85,11299,11299,11299,11299,596_104,352,596,104,Easy,"select class from (select class, count(distinct student) as tot_count from schema_596.courses group by class) as a where tot_count >= 5",304.694,10889.59,11299,"Subquery Scan on a  (cost=9845.92..10889.59 rows=6182 width=7) (actual rows=11299 loops=1)
  Buffers: shared hit=541, temp read=287 written=288
  ->  GroupAggregate  (cost=9845.92..10827.77 rows=6182 width=15) (actual rows=11299 loops=1)
        Group Key: courses.class
        Filter: (count(DISTINCT courses.student) >= 5)
        Rows Removed by Filter: 8569
        Buffers: shared hit=541, temp read=287 written=288
        ->  Sort  (cost=9845.92..10095.92 rows=100001 width=12) (actual rows=100000 loops=1)
              Sort Key: courses.class
              Sort Method: external merge  Disk: 2296kB
              Buffers: shared hit=541, temp read=287 written=288
              ->  Seq Scan on courses  (cost=0.00..1541.01 rows=100001 width=12) (actual rows=100000 loops=1)
                    Buffers: shared hit=541
Planning Time: 0.063 ms
Execution Time: 304.694 ms",304.854,10889.59,11299,"Subquery Scan on a  (cost=9845.92..10889.59 rows=6182 width=7) (actual rows=11299 loops=1)
  Buffers: shared hit=541, temp read=287 written=288
  ->  GroupAggregate  (cost=9845.92..10827.77 rows=6182 width=15) (actual rows=11299 loops=1)
        Group Key: courses.class
        Filter: (count(DISTINCT courses.student) >= 5)
        Rows Removed by Filter: 8569
        Buffers: shared hit=541, temp read=287 written=288
        ->  Sort  (cost=9845.92..10095.92 rows=100001 width=12) (actual rows=100000 loops=1)
              Sort Key: courses.class
              Sort Method: external merge  Disk: 2296kB
              Buffers: shared hit=541, temp read=287 written=288
              ->  Seq Scan on courses  (cost=0.00..1541.01 rows=100001 width=12) (actual rows=100000 loops=1)
                    Buffers: shared hit=541
Planning Time: 0.075 ms
Execution Time: 304.854 ms",305.768,10889.59,11299,"Subquery Scan on a  (cost=9845.92..10889.59 rows=6182 width=7) (actual rows=11299 loops=1)
  Buffers: shared hit=541, temp read=287 written=288
  ->  GroupAggregate  (cost=9845.92..10827.77 rows=6182 width=15) (actual rows=11299 loops=1)
        Group Key: courses.class
        Filter: (count(DISTINCT courses.student) >= 5)
        Rows Removed by Filter: 8569
        Buffers: shared hit=541, temp read=287 written=288
        ->  Sort  (cost=9845.92..10095.92 rows=100001 width=12) (actual rows=100000 loops=1)
              Sort Key: courses.class
              Sort Method: external merge  Disk: 2296kB
              Buffers: shared hit=541, temp read=287 written=288
              ->  Seq Scan on courses  (cost=0.00..1541.01 rows=100001 width=12) (actual rows=100000 loops=1)
                    Buffers: shared hit=541
Planning Time: 0.093 ms
Execution Time: 305.768 ms",304.858,10889.59,11299,"Subquery Scan on a  (cost=9845.92..10889.59 rows=6182 width=7) (actual rows=11299 loops=1)
  Buffers: shared hit=541, temp read=287 written=288
  ->  GroupAggregate  (cost=9845.92..10827.77 rows=6182 width=15) (actual rows=11299 loops=1)
        Group Key: courses.class
        Filter: (count(DISTINCT courses.student) >= 5)
        Rows Removed by Filter: 8569
        Buffers: shared hit=541, temp read=287 written=288
        ->  Sort  (cost=9845.92..10095.92 rows=100001 width=12) (actual rows=100000 loops=1)
              Sort Key: courses.class
              Sort Method: external merge  Disk: 2296kB
              Buffers: shared hit=541, temp read=287 written=288
              ->  Seq Scan on courses  (cost=0.00..1541.01 rows=100001 width=12) (actual rows=100000 loops=1)
                    Buffers: shared hit=541
Planning Time: 0.088 ms
Execution Time: 304.858 ms",306.414,10889.59,11299,"Subquery Scan on a  (cost=9845.92..10889.59 rows=6182 width=7) (actual rows=11299 loops=1)
  Buffers: shared hit=541, temp read=287 written=288
  ->  GroupAggregate  (cost=9845.92..10827.77 rows=6182 width=15) (actual rows=11299 loops=1)
        Group Key: courses.class
        Filter: (count(DISTINCT courses.student) >= 5)
        Rows Removed by Filter: 8569
        Buffers: shared hit=541, temp read=287 written=288
        ->  Sort  (cost=9845.92..10095.92 rows=100001 width=12) (actual rows=100000 loops=1)
              Sort Key: courses.class
              Sort Method: external merge  Disk: 2296kB
              Buffers: shared hit=541, temp read=287 written=288
              ->  Seq Scan on courses  (cost=0.00..1541.01 rows=100001 width=12) (actual rows=100000 loops=1)
                    Buffers: shared hit=541
Planning Time: 0.137 ms
Execution Time: 306.414 ms",305.3176,304.858,306.091,306.6724,10889.59,10889.59,11299,11299,11299,11299,normal,normal,0.5549967999999841,15.780209700000002,equal variances,significant,0.003968253968253968,-265.71580000000006,-264.693,-8616.74,0,True
353,596,107,Easy,select t_courses_0.class as class from schema_596.courses as t_courses_0 group by t_courses_0.class having 5 <= count(t_courses_0.student),33.288,2272.85,11299,"HashAggregate  (cost=2041.02..2272.85 rows=6182 width=7) (actual rows=11299 loops=1)
  Group Key: class
  Filter: (5 <= count(student))
  Batches: 1  Memory Usage: 2577kB
  Rows Removed by Filter: 8569
  Buffers: shared hit=541
  ->  Seq Scan on courses t_courses_0  (cost=0.00..1541.01 rows=100001 width=12) (actual rows=100000 loops=1)
        Buffers: shared hit=541
Planning Time: 0.051 ms
Execution Time: 33.288 ms",39.836,2272.85,11299,"HashAggregate  (cost=2041.02..2272.85 rows=6182 width=7) (actual rows=11299 loops=1)
  Group Key: class
  Filter: (5 <= count(student))
  Batches: 1  Memory Usage: 2577kB
  Rows Removed by Filter: 8569
  Buffers: shared hit=541
  ->  Seq Scan on courses t_courses_0  (cost=0.00..1541.01 rows=100001 width=12) (actual rows=100000 loops=1)
        Buffers: shared hit=541
Planning Time: 0.075 ms
Execution Time: 39.836 ms",50.322,2272.85,11299,"HashAggregate  (cost=2041.02..2272.85 rows=6182 width=7) (actual rows=11299 loops=1)
  Group Key: class
  Filter: (5 <= count(student))
  Batches: 1  Memory Usage: 2577kB
  Rows Removed by Filter: 8569
  Buffers: shared hit=541
  ->  Seq Scan on courses t_courses_0  (cost=0.00..1541.01 rows=100001 width=12) (actual rows=100000 loops=1)
        Buffers: shared hit=541
Planning Time: 0.090 ms
Execution Time: 50.322 ms",38.705,2272.85,11299,"HashAggregate  (cost=2041.02..2272.85 rows=6182 width=7) (actual rows=11299 loops=1)
  Group Key: class
  Filter: (5 <= count(student))
  Batches: 1  Memory Usage: 2577kB
  Rows Removed by Filter: 8569
  Buffers: shared hit=541
  ->  Seq Scan on courses t_courses_0  (cost=0.00..1541.01 rows=100001 width=12) (actual rows=100000 loops=1)
        Buffers: shared hit=541
Planning Time: 0.065 ms
Execution Time: 38.705 ms",39.11,2272.85,11299,"HashAggregate  (cost=2041.02..2272.85 rows=6182 width=7) (actual rows=11299 loops=1)
  Group Key: class
  Filter: (5 <= count(student))
  Batches: 1  Memory Usage: 2577kB
  Rows Removed by Filter: 8569
  Buffers: shared hit=541
  ->  Seq Scan on courses t_courses_0  (cost=0.00..1541.01 rows=100001 width=12) (actual rows=100000 loops=1)
        Buffers: shared hit=541
Planning Time: 0.057 ms
Execution Time: 39.110 ms",40.2522,39.11,45.079,54.5164,2272.85,2272.85,11299,11299,11299,11299,596_107,353,596,107,Easy,"select class from (select class, count(distinct student) as mycount from schema_596.courses group by class) as a where mycount >= 5",298.189,10889.59,11299,"Subquery Scan on a  (cost=9845.92..10889.59 rows=6182 width=7) (actual rows=11299 loops=1)
  Buffers: shared hit=541, temp read=287 written=288
  ->  GroupAggregate  (cost=9845.92..10827.77 rows=6182 width=15) (actual rows=11299 loops=1)
        Group Key: courses.class
        Filter: (count(DISTINCT courses.student) >= 5)
        Rows Removed by Filter: 8569
        Buffers: shared hit=541, temp read=287 written=288
        ->  Sort  (cost=9845.92..10095.92 rows=100001 width=12) (actual rows=100000 loops=1)
              Sort Key: courses.class
              Sort Method: external merge  Disk: 2296kB
              Buffers: shared hit=541, temp read=287 written=288
              ->  Seq Scan on courses  (cost=0.00..1541.01 rows=100001 width=12) (actual rows=100000 loops=1)
                    Buffers: shared hit=541
Planning Time: 0.063 ms
Execution Time: 298.189 ms",307.595,10889.59,11299,"Subquery Scan on a  (cost=9845.92..10889.59 rows=6182 width=7) (actual rows=11299 loops=1)
  Buffers: shared hit=541, temp read=287 written=288
  ->  GroupAggregate  (cost=9845.92..10827.77 rows=6182 width=15) (actual rows=11299 loops=1)
        Group Key: courses.class
        Filter: (count(DISTINCT courses.student) >= 5)
        Rows Removed by Filter: 8569
        Buffers: shared hit=541, temp read=287 written=288
        ->  Sort  (cost=9845.92..10095.92 rows=100001 width=12) (actual rows=100000 loops=1)
              Sort Key: courses.class
              Sort Method: external merge  Disk: 2296kB
              Buffers: shared hit=541, temp read=287 written=288
              ->  Seq Scan on courses  (cost=0.00..1541.01 rows=100001 width=12) (actual rows=100000 loops=1)
                    Buffers: shared hit=541
Planning Time: 0.144 ms
Execution Time: 307.595 ms",307.354,10889.59,11299,"Subquery Scan on a  (cost=9845.92..10889.59 rows=6182 width=7) (actual rows=11299 loops=1)
  Buffers: shared hit=541, temp read=287 written=288
  ->  GroupAggregate  (cost=9845.92..10827.77 rows=6182 width=15) (actual rows=11299 loops=1)
        Group Key: courses.class
        Filter: (count(DISTINCT courses.student) >= 5)
        Rows Removed by Filter: 8569
        Buffers: shared hit=541, temp read=287 written=288
        ->  Sort  (cost=9845.92..10095.92 rows=100001 width=12) (actual rows=100000 loops=1)
              Sort Key: courses.class
              Sort Method: external merge  Disk: 2296kB
              Buffers: shared hit=541, temp read=287 written=288
              ->  Seq Scan on courses  (cost=0.00..1541.01 rows=100001 width=12) (actual rows=100000 loops=1)
                    Buffers: shared hit=541
Planning Time: 0.085 ms
Execution Time: 307.354 ms",308.391,10889.59,11299,"Subquery Scan on a  (cost=9845.92..10889.59 rows=6182 width=7) (actual rows=11299 loops=1)
  Buffers: shared hit=541, temp read=287 written=288
  ->  GroupAggregate  (cost=9845.92..10827.77 rows=6182 width=15) (actual rows=11299 loops=1)
        Group Key: courses.class
        Filter: (count(DISTINCT courses.student) >= 5)
        Rows Removed by Filter: 8569
        Buffers: shared hit=541, temp read=287 written=288
        ->  Sort  (cost=9845.92..10095.92 rows=100001 width=12) (actual rows=100000 loops=1)
              Sort Key: courses.class
              Sort Method: external merge  Disk: 2296kB
              Buffers: shared hit=541, temp read=287 written=288
              ->  Seq Scan on courses  (cost=0.00..1541.01 rows=100001 width=12) (actual rows=100000 loops=1)
                    Buffers: shared hit=541
Planning Time: 0.082 ms
Execution Time: 308.391 ms",304.661,10889.59,11299,"Subquery Scan on a  (cost=9845.92..10889.59 rows=6182 width=7) (actual rows=11299 loops=1)
  Buffers: shared hit=541, temp read=287 written=288
  ->  GroupAggregate  (cost=9845.92..10827.77 rows=6182 width=15) (actual rows=11299 loops=1)
        Group Key: courses.class
        Filter: (count(DISTINCT courses.student) >= 5)
        Rows Removed by Filter: 8569
        Buffers: shared hit=541, temp read=287 written=288
        ->  Sort  (cost=9845.92..10095.92 rows=100001 width=12) (actual rows=100000 loops=1)
              Sort Key: courses.class
              Sort Method: external merge  Disk: 2296kB
              Buffers: shared hit=541, temp read=287 written=288
              ->  Seq Scan on courses  (cost=0.00..1541.01 rows=100001 width=12) (actual rows=100000 loops=1)
                    Buffers: shared hit=541
Planning Time: 0.080 ms
Execution Time: 304.661 ms",305.238,307.354,307.993,308.7094,10889.59,10889.59,11299,11299,11299,11299,normal,normal,17.49891099999997,38.443156200000026,equal variances,significant,0.003968253968253968,-264.9858,-268.24399999999997,-8616.74,0,True
354,596,108,Easy,select t_courses_0.class as class from schema_596.courses as t_courses_0 group by t_courses_0.class having 4 < count(t_courses_0.student),31.302,2272.85,11299,"HashAggregate  (cost=2041.02..2272.85 rows=6182 width=7) (actual rows=11299 loops=1)
  Group Key: class
  Filter: (4 < count(student))
  Batches: 1  Memory Usage: 2577kB
  Rows Removed by Filter: 8569
  Buffers: shared hit=541
  ->  Seq Scan on courses t_courses_0  (cost=0.00..1541.01 rows=100001 width=12) (actual rows=100000 loops=1)
        Buffers: shared hit=541
Planning Time: 0.051 ms
Execution Time: 31.302 ms",39.667,2272.85,11299,"HashAggregate  (cost=2041.02..2272.85 rows=6182 width=7) (actual rows=11299 loops=1)
  Group Key: class
  Filter: (4 < count(student))
  Batches: 1  Memory Usage: 2577kB
  Rows Removed by Filter: 8569
  Buffers: shared hit=541
  ->  Seq Scan on courses t_courses_0  (cost=0.00..1541.01 rows=100001 width=12) (actual rows=100000 loops=1)
        Buffers: shared hit=541
Planning Time: 0.081 ms
Execution Time: 39.667 ms",48.811,2272.85,11299,"HashAggregate  (cost=2041.02..2272.85 rows=6182 width=7) (actual rows=11299 loops=1)
  Group Key: class
  Filter: (4 < count(student))
  Batches: 1  Memory Usage: 2577kB
  Rows Removed by Filter: 8569
  Buffers: shared hit=541
  ->  Seq Scan on courses t_courses_0  (cost=0.00..1541.01 rows=100001 width=12) (actual rows=100000 loops=1)
        Buffers: shared hit=541
Planning Time: 0.051 ms
Execution Time: 48.811 ms",40.391,2272.85,11299,"HashAggregate  (cost=2041.02..2272.85 rows=6182 width=7) (actual rows=11299 loops=1)
  Group Key: class
  Filter: (4 < count(student))
  Batches: 1  Memory Usage: 2577kB
  Rows Removed by Filter: 8569
  Buffers: shared hit=541
  ->  Seq Scan on courses t_courses_0  (cost=0.00..1541.01 rows=100001 width=12) (actual rows=100000 loops=1)
        Buffers: shared hit=541
Planning Time: 0.072 ms
Execution Time: 40.391 ms",37.618,2272.85,11299,"HashAggregate  (cost=2041.02..2272.85 rows=6182 width=7) (actual rows=11299 loops=1)
  Group Key: class
  Filter: (4 < count(student))
  Batches: 1  Memory Usage: 2577kB
  Rows Removed by Filter: 8569
  Buffers: shared hit=541
  ->  Seq Scan on courses t_courses_0  (cost=0.00..1541.01 rows=100001 width=12) (actual rows=100000 loops=1)
        Buffers: shared hit=541
Planning Time: 0.089 ms
Execution Time: 37.618 ms",39.5578,39.667,44.601,52.179,2272.85,2272.85,11299,11299,11299,11299,596_108,354,596,108,Easy,"select class from (select count(distinct student) as cnt, class from schema_596.courses group by class) as a where cnt > 4",299.465,10889.59,11299,"Subquery Scan on a  (cost=9845.92..10889.59 rows=6182 width=7) (actual rows=11299 loops=1)
  Buffers: shared hit=541, temp read=287 written=288
  ->  GroupAggregate  (cost=9845.92..10827.77 rows=6182 width=15) (actual rows=11299 loops=1)
        Group Key: courses.class
        Filter: (count(DISTINCT courses.student) > 4)
        Rows Removed by Filter: 8569
        Buffers: shared hit=541, temp read=287 written=288
        ->  Sort  (cost=9845.92..10095.92 rows=100001 width=12) (actual rows=100000 loops=1)
              Sort Key: courses.class
              Sort Method: external merge  Disk: 2296kB
              Buffers: shared hit=541, temp read=287 written=288
              ->  Seq Scan on courses  (cost=0.00..1541.01 rows=100001 width=12) (actual rows=100000 loops=1)
                    Buffers: shared hit=541
Planning Time: 0.063 ms
Execution Time: 299.465 ms",305.665,10889.59,11299,"Subquery Scan on a  (cost=9845.92..10889.59 rows=6182 width=7) (actual rows=11299 loops=1)
  Buffers: shared hit=541, temp read=287 written=288
  ->  GroupAggregate  (cost=9845.92..10827.77 rows=6182 width=15) (actual rows=11299 loops=1)
        Group Key: courses.class
        Filter: (count(DISTINCT courses.student) > 4)
        Rows Removed by Filter: 8569
        Buffers: shared hit=541, temp read=287 written=288
        ->  Sort  (cost=9845.92..10095.92 rows=100001 width=12) (actual rows=100000 loops=1)
              Sort Key: courses.class
              Sort Method: external merge  Disk: 2296kB
              Buffers: shared hit=541, temp read=287 written=288
              ->  Seq Scan on courses  (cost=0.00..1541.01 rows=100001 width=12) (actual rows=100000 loops=1)
                    Buffers: shared hit=541
Planning Time: 0.089 ms
Execution Time: 305.665 ms",308.593,10889.59,11299,"Subquery Scan on a  (cost=9845.92..10889.59 rows=6182 width=7) (actual rows=11299 loops=1)
  Buffers: shared hit=541, temp read=287 written=288
  ->  GroupAggregate  (cost=9845.92..10827.77 rows=6182 width=15) (actual rows=11299 loops=1)
        Group Key: courses.class
        Filter: (count(DISTINCT courses.student) > 4)
        Rows Removed by Filter: 8569
        Buffers: shared hit=541, temp read=287 written=288
        ->  Sort  (cost=9845.92..10095.92 rows=100001 width=12) (actual rows=100000 loops=1)
              Sort Key: courses.class
              Sort Method: external merge  Disk: 2296kB
              Buffers: shared hit=541, temp read=287 written=288
              ->  Seq Scan on courses  (cost=0.00..1541.01 rows=100001 width=12) (actual rows=100000 loops=1)
                    Buffers: shared hit=541
Planning Time: 0.101 ms
Execution Time: 308.593 ms",314.257,10889.59,11299,"Subquery Scan on a  (cost=9845.92..10889.59 rows=6182 width=7) (actual rows=11299 loops=1)
  Buffers: shared hit=541, temp read=287 written=288
  ->  GroupAggregate  (cost=9845.92..10827.77 rows=6182 width=15) (actual rows=11299 loops=1)
        Group Key: courses.class
        Filter: (count(DISTINCT courses.student) > 4)
        Rows Removed by Filter: 8569
        Buffers: shared hit=541, temp read=287 written=288
        ->  Sort  (cost=9845.92..10095.92 rows=100001 width=12) (actual rows=100000 loops=1)
              Sort Key: courses.class
              Sort Method: external merge  Disk: 2296kB
              Buffers: shared hit=541, temp read=287 written=288
              ->  Seq Scan on courses  (cost=0.00..1541.01 rows=100001 width=12) (actual rows=100000 loops=1)
                    Buffers: shared hit=541
Planning Time: 0.102 ms
Execution Time: 314.257 ms",306.321,10889.59,11299,"Subquery Scan on a  (cost=9845.92..10889.59 rows=6182 width=7) (actual rows=11299 loops=1)
  Buffers: shared hit=541, temp read=287 written=288
  ->  GroupAggregate  (cost=9845.92..10827.77 rows=6182 width=15) (actual rows=11299 loops=1)
        Group Key: courses.class
        Filter: (count(DISTINCT courses.student) > 4)
        Rows Removed by Filter: 8569
        Buffers: shared hit=541, temp read=287 written=288
        ->  Sort  (cost=9845.92..10095.92 rows=100001 width=12) (actual rows=100000 loops=1)
              Sort Key: courses.class
              Sort Method: external merge  Disk: 2296kB
              Buffers: shared hit=541, temp read=287 written=288
              ->  Seq Scan on courses  (cost=0.00..1541.01 rows=100001 width=12) (actual rows=100000 loops=1)
                    Buffers: shared hit=541
Planning Time: 0.090 ms
Execution Time: 306.321 ms",306.8602,306.321,311.425,316.5226,10889.59,10889.59,11299,11299,11299,11299,normal,normal,28.530867200000106,39.5622287,equal variances,significant,0.003968253968253968,-267.30240000000003,-266.654,-8616.74,0,True
355,596,109,Easy,select t_courses_0.class as class from schema_596.courses as t_courses_0 group by t_courses_0.class having 5 <= count(t_courses_0.student),33.127,2272.85,11299,"HashAggregate  (cost=2041.02..2272.85 rows=6182 width=7) (actual rows=11299 loops=1)
  Group Key: class
  Filter: (5 <= count(student))
  Batches: 1  Memory Usage: 2577kB
  Rows Removed by Filter: 8569
  Buffers: shared hit=541
  ->  Seq Scan on courses t_courses_0  (cost=0.00..1541.01 rows=100001 width=12) (actual rows=100000 loops=1)
        Buffers: shared hit=541
Planning Time: 0.095 ms
Execution Time: 33.127 ms",37.47,2272.85,11299,"HashAggregate  (cost=2041.02..2272.85 rows=6182 width=7) (actual rows=11299 loops=1)
  Group Key: class
  Filter: (5 <= count(student))
  Batches: 1  Memory Usage: 2577kB
  Rows Removed by Filter: 8569
  Buffers: shared hit=541
  ->  Seq Scan on courses t_courses_0  (cost=0.00..1541.01 rows=100001 width=12) (actual rows=100000 loops=1)
        Buffers: shared hit=541
Planning Time: 0.073 ms
Execution Time: 37.470 ms",37.113,2272.85,11299,"HashAggregate  (cost=2041.02..2272.85 rows=6182 width=7) (actual rows=11299 loops=1)
  Group Key: class
  Filter: (5 <= count(student))
  Batches: 1  Memory Usage: 2577kB
  Rows Removed by Filter: 8569
  Buffers: shared hit=541
  ->  Seq Scan on courses t_courses_0  (cost=0.00..1541.01 rows=100001 width=12) (actual rows=100000 loops=1)
        Buffers: shared hit=541
Planning Time: 0.102 ms
Execution Time: 37.113 ms",39.758,2272.85,11299,"HashAggregate  (cost=2041.02..2272.85 rows=6182 width=7) (actual rows=11299 loops=1)
  Group Key: class
  Filter: (5 <= count(student))
  Batches: 1  Memory Usage: 2577kB
  Rows Removed by Filter: 8569
  Buffers: shared hit=541
  ->  Seq Scan on courses t_courses_0  (cost=0.00..1541.01 rows=100001 width=12) (actual rows=100000 loops=1)
        Buffers: shared hit=541
Planning Time: 0.069 ms
Execution Time: 39.758 ms",42.674,2272.85,11299,"HashAggregate  (cost=2041.02..2272.85 rows=6182 width=7) (actual rows=11299 loops=1)
  Group Key: class
  Filter: (5 <= count(student))
  Batches: 1  Memory Usage: 2577kB
  Rows Removed by Filter: 8569
  Buffers: shared hit=541
  ->  Seq Scan on courses t_courses_0  (cost=0.00..1541.01 rows=100001 width=12) (actual rows=100000 loops=1)
        Buffers: shared hit=541
Planning Time: 0.081 ms
Execution Time: 42.674 ms",38.0284,37.47,41.216,43.8404,2272.85,2272.85,11299,11299,11299,11299,596_109,355,596,109,Easy,"select class from (select count(distinct student) as student_count, class from schema_596.courses group by class) as a where student_count >= 5",299.457,10889.59,11299,"Subquery Scan on a  (cost=9845.92..10889.59 rows=6182 width=7) (actual rows=11299 loops=1)
  Buffers: shared hit=541, temp read=287 written=288
  ->  GroupAggregate  (cost=9845.92..10827.77 rows=6182 width=15) (actual rows=11299 loops=1)
        Group Key: courses.class
        Filter: (count(DISTINCT courses.student) >= 5)
        Rows Removed by Filter: 8569
        Buffers: shared hit=541, temp read=287 written=288
        ->  Sort  (cost=9845.92..10095.92 rows=100001 width=12) (actual rows=100000 loops=1)
              Sort Key: courses.class
              Sort Method: external merge  Disk: 2296kB
              Buffers: shared hit=541, temp read=287 written=288
              ->  Seq Scan on courses  (cost=0.00..1541.01 rows=100001 width=12) (actual rows=100000 loops=1)
                    Buffers: shared hit=541
Planning Time: 0.063 ms
Execution Time: 299.457 ms",306.64,10889.59,11299,"Subquery Scan on a  (cost=9845.92..10889.59 rows=6182 width=7) (actual rows=11299 loops=1)
  Buffers: shared hit=541, temp read=287 written=288
  ->  GroupAggregate  (cost=9845.92..10827.77 rows=6182 width=15) (actual rows=11299 loops=1)
        Group Key: courses.class
        Filter: (count(DISTINCT courses.student) >= 5)
        Rows Removed by Filter: 8569
        Buffers: shared hit=541, temp read=287 written=288
        ->  Sort  (cost=9845.92..10095.92 rows=100001 width=12) (actual rows=100000 loops=1)
              Sort Key: courses.class
              Sort Method: external merge  Disk: 2296kB
              Buffers: shared hit=541, temp read=287 written=288
              ->  Seq Scan on courses  (cost=0.00..1541.01 rows=100001 width=12) (actual rows=100000 loops=1)
                    Buffers: shared hit=541
Planning Time: 0.099 ms
Execution Time: 306.640 ms",311.97,10889.59,11299,"Subquery Scan on a  (cost=9845.92..10889.59 rows=6182 width=7) (actual rows=11299 loops=1)
  Buffers: shared hit=541, temp read=287 written=288
  ->  GroupAggregate  (cost=9845.92..10827.77 rows=6182 width=15) (actual rows=11299 loops=1)
        Group Key: courses.class
        Filter: (count(DISTINCT courses.student) >= 5)
        Rows Removed by Filter: 8569
        Buffers: shared hit=541, temp read=287 written=288
        ->  Sort  (cost=9845.92..10095.92 rows=100001 width=12) (actual rows=100000 loops=1)
              Sort Key: courses.class
              Sort Method: external merge  Disk: 2296kB
              Buffers: shared hit=541, temp read=287 written=288
              ->  Seq Scan on courses  (cost=0.00..1541.01 rows=100001 width=12) (actual rows=100000 loops=1)
                    Buffers: shared hit=541
Planning Time: 0.088 ms
Execution Time: 311.970 ms",309.158,10889.59,11299,"Subquery Scan on a  (cost=9845.92..10889.59 rows=6182 width=7) (actual rows=11299 loops=1)
  Buffers: shared hit=541, temp read=287 written=288
  ->  GroupAggregate  (cost=9845.92..10827.77 rows=6182 width=15) (actual rows=11299 loops=1)
        Group Key: courses.class
        Filter: (count(DISTINCT courses.student) >= 5)
        Rows Removed by Filter: 8569
        Buffers: shared hit=541, temp read=287 written=288
        ->  Sort  (cost=9845.92..10095.92 rows=100001 width=12) (actual rows=100000 loops=1)
              Sort Key: courses.class
              Sort Method: external merge  Disk: 2296kB
              Buffers: shared hit=541, temp read=287 written=288
              ->  Seq Scan on courses  (cost=0.00..1541.01 rows=100001 width=12) (actual rows=100000 loops=1)
                    Buffers: shared hit=541
Planning Time: 0.133 ms
Execution Time: 309.158 ms",308.132,10889.59,11299,"Subquery Scan on a  (cost=9845.92..10889.59 rows=6182 width=7) (actual rows=11299 loops=1)
  Buffers: shared hit=541, temp read=287 written=288
  ->  GroupAggregate  (cost=9845.92..10827.77 rows=6182 width=15) (actual rows=11299 loops=1)
        Group Key: courses.class
        Filter: (count(DISTINCT courses.student) >= 5)
        Rows Removed by Filter: 8569
        Buffers: shared hit=541, temp read=287 written=288
        ->  Sort  (cost=9845.92..10095.92 rows=100001 width=12) (actual rows=100000 loops=1)
              Sort Key: courses.class
              Sort Method: external merge  Disk: 2296kB
              Buffers: shared hit=541, temp read=287 written=288
              ->  Seq Scan on courses  (cost=0.00..1541.01 rows=100001 width=12) (actual rows=100000 loops=1)
                    Buffers: shared hit=541
Planning Time: 0.102 ms
Execution Time: 308.132 ms",307.0714,308.132,310.564,313.0948,10889.59,10889.59,11299,11299,11299,11299,normal,normal,21.91006180000011,12.436651299999994,equal variances,significant,0.003968253968253968,-269.043,-270.66200000000003,-8616.74,0,True
356,596,115,Easy,select t_courses_0.class as class from schema_596.courses as t_courses_0 group by t_courses_0.class having 5 <= count(t_courses_0.class),34.393,2272.85,11299,"HashAggregate  (cost=2041.02..2272.85 rows=6182 width=7) (actual rows=11299 loops=1)
  Group Key: class
  Filter: (5 <= count(class))
  Batches: 1  Memory Usage: 2577kB
  Rows Removed by Filter: 8569
  Buffers: shared hit=541
  ->  Seq Scan on courses t_courses_0  (cost=0.00..1541.01 rows=100001 width=7) (actual rows=100000 loops=1)
        Buffers: shared hit=541
Planning Time: 0.068 ms
Execution Time: 34.393 ms",37.102,2272.85,11299,"HashAggregate  (cost=2041.02..2272.85 rows=6182 width=7) (actual rows=11299 loops=1)
  Group Key: class
  Filter: (5 <= count(class))
  Batches: 1  Memory Usage: 2577kB
  Rows Removed by Filter: 8569
  Buffers: shared hit=541
  ->  Seq Scan on courses t_courses_0  (cost=0.00..1541.01 rows=100001 width=7) (actual rows=100000 loops=1)
        Buffers: shared hit=541
Planning Time: 0.074 ms
Execution Time: 37.102 ms",46.083,2272.85,11299,"HashAggregate  (cost=2041.02..2272.85 rows=6182 width=7) (actual rows=11299 loops=1)
  Group Key: class
  Filter: (5 <= count(class))
  Batches: 1  Memory Usage: 2577kB
  Rows Removed by Filter: 8569
  Buffers: shared hit=541
  ->  Seq Scan on courses t_courses_0  (cost=0.00..1541.01 rows=100001 width=7) (actual rows=100000 loops=1)
        Buffers: shared hit=541
Planning Time: 0.065 ms
Execution Time: 46.083 ms",40.048,2272.85,11299,"HashAggregate  (cost=2041.02..2272.85 rows=6182 width=7) (actual rows=11299 loops=1)
  Group Key: class
  Filter: (5 <= count(class))
  Batches: 1  Memory Usage: 2577kB
  Rows Removed by Filter: 8569
  Buffers: shared hit=541
  ->  Seq Scan on courses t_courses_0  (cost=0.00..1541.01 rows=100001 width=7) (actual rows=100000 loops=1)
        Buffers: shared hit=541
Planning Time: 0.076 ms
Execution Time: 40.048 ms",41.167,2272.85,11299,"HashAggregate  (cost=2041.02..2272.85 rows=6182 width=7) (actual rows=11299 loops=1)
  Group Key: class
  Filter: (5 <= count(class))
  Batches: 1  Memory Usage: 2577kB
  Rows Removed by Filter: 8569
  Buffers: shared hit=541
  ->  Seq Scan on courses t_courses_0  (cost=0.00..1541.01 rows=100001 width=7) (actual rows=100000 loops=1)
        Buffers: shared hit=541
Planning Time: 0.074 ms
Execution Time: 41.167 ms",39.7586,40.048,43.625,48.0494,2272.85,2272.85,11299,11299,11299,11299,596_115,356,596,115,Easy,"select class from (select distinct student, class from schema_596.courses) as a group by class having count(class) >= 5",83.623,2507.19,11299,"HashAggregate  (cost=2504.69..2507.19 rows=67 width=7) (actual rows=11299 loops=1)
  Group Key: courses.class
  Filter: (count(courses.class) >= 5)
  Batches: 1  Memory Usage: 2593kB
  Rows Removed by Filter: 8569
  Buffers: shared hit=541, temp read=210 written=373
  ->  HashAggregate  (cost=2041.01..2226.48 rows=18547 width=12) (actual rows=100000 loops=1)
        Group Key: courses.student, courses.class
        Batches: 5  Memory Usage: 4145kB  Disk Usage: 1768kB
        Buffers: shared hit=541, temp read=210 written=373
        ->  Seq Scan on courses  (cost=0.00..1541.01 rows=100001 width=12) (actual rows=100000 loops=1)
              Buffers: shared hit=541
Planning Time: 0.063 ms
Execution Time: 83.623 ms",90.935,2507.19,11299,"HashAggregate  (cost=2504.69..2507.19 rows=67 width=7) (actual rows=11299 loops=1)
  Group Key: courses.class
  Filter: (count(courses.class) >= 5)
  Batches: 1  Memory Usage: 2593kB
  Rows Removed by Filter: 8569
  Buffers: shared hit=541, temp read=210 written=373
  ->  HashAggregate  (cost=2041.01..2226.48 rows=18547 width=12) (actual rows=100000 loops=1)
        Group Key: courses.student, courses.class
        Batches: 5  Memory Usage: 4145kB  Disk Usage: 1768kB
        Buffers: shared hit=541, temp read=210 written=373
        ->  Seq Scan on courses  (cost=0.00..1541.01 rows=100001 width=12) (actual rows=100000 loops=1)
              Buffers: shared hit=541
Planning Time: 0.143 ms
Execution Time: 90.935 ms",94.354,2507.19,11299,"HashAggregate  (cost=2504.69..2507.19 rows=67 width=7) (actual rows=11299 loops=1)
  Group Key: courses.class
  Filter: (count(courses.class) >= 5)
  Batches: 1  Memory Usage: 2593kB
  Rows Removed by Filter: 8569
  Buffers: shared hit=541, temp read=210 written=373
  ->  HashAggregate  (cost=2041.01..2226.48 rows=18547 width=12) (actual rows=100000 loops=1)
        Group Key: courses.student, courses.class
        Batches: 5  Memory Usage: 4145kB  Disk Usage: 1768kB
        Buffers: shared hit=541, temp read=210 written=373
        ->  Seq Scan on courses  (cost=0.00..1541.01 rows=100001 width=12) (actual rows=100000 loops=1)
              Buffers: shared hit=541
Planning Time: 0.104 ms
Execution Time: 94.354 ms",97.753,2507.19,11299,"HashAggregate  (cost=2504.69..2507.19 rows=67 width=7) (actual rows=11299 loops=1)
  Group Key: courses.class
  Filter: (count(courses.class) >= 5)
  Batches: 1  Memory Usage: 2593kB
  Rows Removed by Filter: 8569
  Buffers: shared hit=541, temp read=210 written=373
  ->  HashAggregate  (cost=2041.01..2226.48 rows=18547 width=12) (actual rows=100000 loops=1)
        Group Key: courses.student, courses.class
        Batches: 5  Memory Usage: 4145kB  Disk Usage: 1768kB
        Buffers: shared hit=541, temp read=210 written=373
        ->  Seq Scan on courses  (cost=0.00..1541.01 rows=100001 width=12) (actual rows=100000 loops=1)
              Buffers: shared hit=541
Planning Time: 0.086 ms
Execution Time: 97.753 ms",100.689,2507.19,11299,"HashAggregate  (cost=2504.69..2507.19 rows=67 width=7) (actual rows=11299 loops=1)
  Group Key: courses.class
  Filter: (count(courses.class) >= 5)
  Batches: 1  Memory Usage: 2593kB
  Rows Removed by Filter: 8569
  Buffers: shared hit=541, temp read=210 written=373
  ->  HashAggregate  (cost=2041.01..2226.48 rows=18547 width=12) (actual rows=100000 loops=1)
        Group Key: courses.student, courses.class
        Batches: 5  Memory Usage: 4145kB  Disk Usage: 1768kB
        Buffers: shared hit=541, temp read=210 written=373
        ->  Seq Scan on courses  (cost=0.00..1541.01 rows=100001 width=12) (actual rows=100000 loops=1)
              Buffers: shared hit=541
Planning Time: 0.103 ms
Execution Time: 100.689 ms",93.4708,94.354,99.221,101.8634,2507.19,2507.19,11299,11299,11299,11299,normal,normal,43.65728419999995,19.478141299999997,equal variances,significant,0.003968253968253968,-53.712199999999996,-54.306,-234.34000000000015,0,True
357,596,145,Easy,select t_courses_0.class as class from schema_596.courses as t_courses_0 group by t_courses_0.class having 5 <= count(t_courses_0.student),31.436,2272.85,11299,"HashAggregate  (cost=2041.02..2272.85 rows=6182 width=7) (actual rows=11299 loops=1)
  Group Key: class
  Filter: (5 <= count(student))
  Batches: 1  Memory Usage: 2577kB
  Rows Removed by Filter: 8569
  Buffers: shared hit=541
  ->  Seq Scan on courses t_courses_0  (cost=0.00..1541.01 rows=100001 width=12) (actual rows=100000 loops=1)
        Buffers: shared hit=541
Planning Time: 0.074 ms
Execution Time: 31.436 ms",39.507,2272.85,11299,"HashAggregate  (cost=2041.02..2272.85 rows=6182 width=7) (actual rows=11299 loops=1)
  Group Key: class
  Filter: (5 <= count(student))
  Batches: 1  Memory Usage: 2577kB
  Rows Removed by Filter: 8569
  Buffers: shared hit=541
  ->  Seq Scan on courses t_courses_0  (cost=0.00..1541.01 rows=100001 width=12) (actual rows=100000 loops=1)
        Buffers: shared hit=541
Planning Time: 0.072 ms
Execution Time: 39.507 ms",47.958,2272.85,11299,"HashAggregate  (cost=2041.02..2272.85 rows=6182 width=7) (actual rows=11299 loops=1)
  Group Key: class
  Filter: (5 <= count(student))
  Batches: 1  Memory Usage: 2577kB
  Rows Removed by Filter: 8569
  Buffers: shared hit=541
  ->  Seq Scan on courses t_courses_0  (cost=0.00..1541.01 rows=100001 width=12) (actual rows=100000 loops=1)
        Buffers: shared hit=541
Planning Time: 0.067 ms
Execution Time: 47.958 ms",40.222,2272.85,11299,"HashAggregate  (cost=2041.02..2272.85 rows=6182 width=7) (actual rows=11299 loops=1)
  Group Key: class
  Filter: (5 <= count(student))
  Batches: 1  Memory Usage: 2577kB
  Rows Removed by Filter: 8569
  Buffers: shared hit=541
  ->  Seq Scan on courses t_courses_0  (cost=0.00..1541.01 rows=100001 width=12) (actual rows=100000 loops=1)
        Buffers: shared hit=541
Planning Time: 0.073 ms
Execution Time: 40.222 ms",41.451,2272.85,11299,"HashAggregate  (cost=2041.02..2272.85 rows=6182 width=7) (actual rows=11299 loops=1)
  Group Key: class
  Filter: (5 <= count(student))
  Batches: 1  Memory Usage: 2577kB
  Rows Removed by Filter: 8569
  Buffers: shared hit=541
  ->  Seq Scan on courses t_courses_0  (cost=0.00..1541.01 rows=100001 width=12) (actual rows=100000 loops=1)
        Buffers: shared hit=541
Planning Time: 0.095 ms
Execution Time: 41.451 ms",40.1148,40.222,44.7045,50.5608,2272.85,2272.85,11299,11299,11299,11299,596_145,357,596,145,Easy,"select t.class from (select class, count(distinct student) as count from schema_596.courses group by class) as t where count >= 5",304.748,10889.59,11299,"Subquery Scan on t  (cost=9845.92..10889.59 rows=6182 width=7) (actual rows=11299 loops=1)
  Buffers: shared hit=541, temp read=287 written=288
  ->  GroupAggregate  (cost=9845.92..10827.77 rows=6182 width=15) (actual rows=11299 loops=1)
        Group Key: courses.class
        Filter: (count(DISTINCT courses.student) >= 5)
        Rows Removed by Filter: 8569
        Buffers: shared hit=541, temp read=287 written=288
        ->  Sort  (cost=9845.92..10095.92 rows=100001 width=12) (actual rows=100000 loops=1)
              Sort Key: courses.class
              Sort Method: external merge  Disk: 2296kB
              Buffers: shared hit=541, temp read=287 written=288
              ->  Seq Scan on courses  (cost=0.00..1541.01 rows=100001 width=12) (actual rows=100000 loops=1)
                    Buffers: shared hit=541
Planning Time: 0.071 ms
Execution Time: 304.748 ms",309.081,10889.59,11299,"Subquery Scan on t  (cost=9845.92..10889.59 rows=6182 width=7) (actual rows=11299 loops=1)
  Buffers: shared hit=541, temp read=287 written=288
  ->  GroupAggregate  (cost=9845.92..10827.77 rows=6182 width=15) (actual rows=11299 loops=1)
        Group Key: courses.class
        Filter: (count(DISTINCT courses.student) >= 5)
        Rows Removed by Filter: 8569
        Buffers: shared hit=541, temp read=287 written=288
        ->  Sort  (cost=9845.92..10095.92 rows=100001 width=12) (actual rows=100000 loops=1)
              Sort Key: courses.class
              Sort Method: external merge  Disk: 2296kB
              Buffers: shared hit=541, temp read=287 written=288
              ->  Seq Scan on courses  (cost=0.00..1541.01 rows=100001 width=12) (actual rows=100000 loops=1)
                    Buffers: shared hit=541
Planning Time: 0.094 ms
Execution Time: 309.081 ms",306.093,10889.59,11299,"Subquery Scan on t  (cost=9845.92..10889.59 rows=6182 width=7) (actual rows=11299 loops=1)
  Buffers: shared hit=541, temp read=287 written=288
  ->  GroupAggregate  (cost=9845.92..10827.77 rows=6182 width=15) (actual rows=11299 loops=1)
        Group Key: courses.class
        Filter: (count(DISTINCT courses.student) >= 5)
        Rows Removed by Filter: 8569
        Buffers: shared hit=541, temp read=287 written=288
        ->  Sort  (cost=9845.92..10095.92 rows=100001 width=12) (actual rows=100000 loops=1)
              Sort Key: courses.class
              Sort Method: external merge  Disk: 2296kB
              Buffers: shared hit=541, temp read=287 written=288
              ->  Seq Scan on courses  (cost=0.00..1541.01 rows=100001 width=12) (actual rows=100000 loops=1)
                    Buffers: shared hit=541
Planning Time: 0.097 ms
Execution Time: 306.093 ms",316.641,10889.59,11299,"Subquery Scan on t  (cost=9845.92..10889.59 rows=6182 width=7) (actual rows=11299 loops=1)
  Buffers: shared hit=541, temp read=287 written=288
  ->  GroupAggregate  (cost=9845.92..10827.77 rows=6182 width=15) (actual rows=11299 loops=1)
        Group Key: courses.class
        Filter: (count(DISTINCT courses.student) >= 5)
        Rows Removed by Filter: 8569
        Buffers: shared hit=541, temp read=287 written=288
        ->  Sort  (cost=9845.92..10095.92 rows=100001 width=12) (actual rows=100000 loops=1)
              Sort Key: courses.class
              Sort Method: external merge  Disk: 2296kB
              Buffers: shared hit=541, temp read=287 written=288
              ->  Seq Scan on courses  (cost=0.00..1541.01 rows=100001 width=12) (actual rows=100000 loops=1)
                    Buffers: shared hit=541
Planning Time: 0.085 ms
Execution Time: 316.641 ms",305.891,10889.59,11299,"Subquery Scan on t  (cost=9845.92..10889.59 rows=6182 width=7) (actual rows=11299 loops=1)
  Buffers: shared hit=541, temp read=287 written=288
  ->  GroupAggregate  (cost=9845.92..10827.77 rows=6182 width=15) (actual rows=11299 loops=1)
        Group Key: courses.class
        Filter: (count(DISTINCT courses.student) >= 5)
        Rows Removed by Filter: 8569
        Buffers: shared hit=541, temp read=287 written=288
        ->  Sort  (cost=9845.92..10095.92 rows=100001 width=12) (actual rows=100000 loops=1)
              Sort Key: courses.class
              Sort Method: external merge  Disk: 2296kB
              Buffers: shared hit=541, temp read=287 written=288
              ->  Seq Scan on courses  (cost=0.00..1541.01 rows=100001 width=12) (actual rows=100000 loops=1)
                    Buffers: shared hit=541
Planning Time: 0.097 ms
Execution Time: 305.891 ms",308.4908,306.093,312.861,319.665,10889.59,10889.59,11299,11299,11299,11299,normal,normal,23.32276320000006,34.7509247,equal variances,significant,0.003968253968253968,-268.376,-265.87100000000004,-8616.74,0,True
360,614,14,Medium,"select t_cte_13.c_follower0 as follower, count(f2.follower) as num from (select f1.follower as c_follower0 from schema_614.follow as f1 group by f1.follower) as t_cte_13 inner join schema_614.follow as f2 on t_cte_13.c_follower0 = f2.followee group by t_cte_13.c_follower0",98.929,6658.12,25020,"HashAggregate  (cost=6656.12..6658.12 rows=200 width=13) (actual rows=25020 loops=1)
  Group Key: f1.follower
  Batches: 1  Memory Usage: 2849kB
  Buffers: shared hit=1068, temp read=8 written=31
  ->  Hash Join  (cost=3396.67..5193.18 rows=292588 width=10) (actual rows=99704 loops=1)
        Hash Cond: ((f2.followee)::text = (f1.follower)::text)
        Buffers: shared hit=1068, temp read=8 written=31
        ->  Seq Scan on follow f2  (cost=0.00..1533.96 rows=99996 width=9) (actual rows=99996 loops=1)
              Buffers: shared hit=534
        ->  Hash  (cost=2776.39..2776.39 rows=49622 width=5) (actual rows=49999 loops=1)
              Buckets: 65536  Batches: 1  Memory Usage: 2357kB
              Buffers: shared hit=534, temp read=8 written=31
              ->  HashAggregate  (cost=1783.95..2280.17 rows=49622 width=5) (actual rows=49999 loops=1)
                    Group Key: f1.follower
                    Batches: 5  Memory Usage: 4145kB  Disk Usage: 208kB
                    Buffers: shared hit=534, temp read=8 written=31
                    ->  Seq Scan on follow f1  (cost=0.00..1533.96 rows=99996 width=5) (actual rows=99996 loops=1)
                          Buffers: shared hit=534
Planning Time: 0.154 ms
Execution Time: 98.929 ms",111.135,6658.12,25020,"HashAggregate  (cost=6656.12..6658.12 rows=200 width=13) (actual rows=25020 loops=1)
  Group Key: f1.follower
  Batches: 1  Memory Usage: 2849kB
  Buffers: shared hit=1068, temp read=8 written=31
  ->  Hash Join  (cost=3396.67..5193.18 rows=292588 width=10) (actual rows=99704 loops=1)
        Hash Cond: ((f2.followee)::text = (f1.follower)::text)
        Buffers: shared hit=1068, temp read=8 written=31
        ->  Seq Scan on follow f2  (cost=0.00..1533.96 rows=99996 width=9) (actual rows=99996 loops=1)
              Buffers: shared hit=534
        ->  Hash  (cost=2776.39..2776.39 rows=49622 width=5) (actual rows=49999 loops=1)
              Buckets: 65536  Batches: 1  Memory Usage: 2357kB
              Buffers: shared hit=534, temp read=8 written=31
              ->  HashAggregate  (cost=1783.95..2280.17 rows=49622 width=5) (actual rows=49999 loops=1)
                    Group Key: f1.follower
                    Batches: 5  Memory Usage: 4145kB  Disk Usage: 208kB
                    Buffers: shared hit=534, temp read=8 written=31
                    ->  Seq Scan on follow f1  (cost=0.00..1533.96 rows=99996 width=5) (actual rows=99996 loops=1)
                          Buffers: shared hit=534
Planning Time: 0.181 ms
Execution Time: 111.135 ms",107.553,6658.12,25020,"HashAggregate  (cost=6656.12..6658.12 rows=200 width=13) (actual rows=25020 loops=1)
  Group Key: f1.follower
  Batches: 1  Memory Usage: 2849kB
  Buffers: shared hit=1068, temp read=8 written=31
  ->  Hash Join  (cost=3396.67..5193.18 rows=292588 width=10) (actual rows=99704 loops=1)
        Hash Cond: ((f2.followee)::text = (f1.follower)::text)
        Buffers: shared hit=1068, temp read=8 written=31
        ->  Seq Scan on follow f2  (cost=0.00..1533.96 rows=99996 width=9) (actual rows=99996 loops=1)
              Buffers: shared hit=534
        ->  Hash  (cost=2776.39..2776.39 rows=49622 width=5) (actual rows=49999 loops=1)
              Buckets: 65536  Batches: 1  Memory Usage: 2357kB
              Buffers: shared hit=534, temp read=8 written=31
              ->  HashAggregate  (cost=1783.95..2280.17 rows=49622 width=5) (actual rows=49999 loops=1)
                    Group Key: f1.follower
                    Batches: 5  Memory Usage: 4145kB  Disk Usage: 208kB
                    Buffers: shared hit=534, temp read=8 written=31
                    ->  Seq Scan on follow f1  (cost=0.00..1533.96 rows=99996 width=5) (actual rows=99996 loops=1)
                          Buffers: shared hit=534
Planning Time: 0.163 ms
Execution Time: 107.553 ms",109.98,6658.12,25020,"HashAggregate  (cost=6656.12..6658.12 rows=200 width=13) (actual rows=25020 loops=1)
  Group Key: f1.follower
  Batches: 1  Memory Usage: 2849kB
  Buffers: shared hit=1068, temp read=8 written=31
  ->  Hash Join  (cost=3396.67..5193.18 rows=292588 width=10) (actual rows=99704 loops=1)
        Hash Cond: ((f2.followee)::text = (f1.follower)::text)
        Buffers: shared hit=1068, temp read=8 written=31
        ->  Seq Scan on follow f2  (cost=0.00..1533.96 rows=99996 width=9) (actual rows=99996 loops=1)
              Buffers: shared hit=534
        ->  Hash  (cost=2776.39..2776.39 rows=49622 width=5) (actual rows=49999 loops=1)
              Buckets: 65536  Batches: 1  Memory Usage: 2357kB
              Buffers: shared hit=534, temp read=8 written=31
              ->  HashAggregate  (cost=1783.95..2280.17 rows=49622 width=5) (actual rows=49999 loops=1)
                    Group Key: f1.follower
                    Batches: 5  Memory Usage: 4145kB  Disk Usage: 208kB
                    Buffers: shared hit=534, temp read=8 written=31
                    ->  Seq Scan on follow f1  (cost=0.00..1533.96 rows=99996 width=5) (actual rows=99996 loops=1)
                          Buffers: shared hit=534
Planning Time: 0.181 ms
Execution Time: 109.980 ms",108.411,6658.12,25020,"HashAggregate  (cost=6656.12..6658.12 rows=200 width=13) (actual rows=25020 loops=1)
  Group Key: f1.follower
  Batches: 1  Memory Usage: 2849kB
  Buffers: shared hit=1068, temp read=8 written=31
  ->  Hash Join  (cost=3396.67..5193.18 rows=292588 width=10) (actual rows=99704 loops=1)
        Hash Cond: ((f2.followee)::text = (f1.follower)::text)
        Buffers: shared hit=1068, temp read=8 written=31
        ->  Seq Scan on follow f2  (cost=0.00..1533.96 rows=99996 width=9) (actual rows=99996 loops=1)
              Buffers: shared hit=534
        ->  Hash  (cost=2776.39..2776.39 rows=49622 width=5) (actual rows=49999 loops=1)
              Buckets: 65536  Batches: 1  Memory Usage: 2357kB
              Buffers: shared hit=534, temp read=8 written=31
              ->  HashAggregate  (cost=1783.95..2280.17 rows=49622 width=5) (actual rows=49999 loops=1)
                    Group Key: f1.follower
                    Batches: 5  Memory Usage: 4145kB  Disk Usage: 208kB
                    Buffers: shared hit=534, temp read=8 written=31
                    ->  Seq Scan on follow f1  (cost=0.00..1533.96 rows=99996 width=5) (actual rows=99996 loops=1)
                          Buffers: shared hit=534
Planning Time: 0.167 ms
Execution Time: 108.411 ms",107.2016,108.411,110.5575,111.597,6658.12,6658.12,25020,25020,25020,25020,614_14,360,614,14,Medium,"select f1.follower, count(distinct f2.follower) as num from schema_614.follow as f1 join schema_614.follow as f2 on f1.follower = f2.followee group by f1.follower",354.286,18271.08,25020,"GroupAggregate  (cost=9893.60..18271.08 rows=49622 width=13) (actual rows=25020 loops=1)
  Group Key: f1.follower
  Buffers: shared hit=1072, temp read=810 written=485
  ->  Merge Join  (cost=9893.60..16767.32 rows=201507 width=10) (actual rows=198860 loops=1)
        Merge Cond: ((f2.followee)::text = (f1.follower)::text)
        Buffers: shared hit=1072, temp read=810 written=485
        ->  Index Only Scan using follow_pkey on follow f2  (cost=0.42..3656.36 rows=99996 width=9) (actual rows=99996 loops=1)
              Heap Fetches: 0
              Buffers: shared hit=538
        ->  Sort  (cost=9838.42..10088.41 rows=99996 width=5) (actual rows=248818 loops=1)
              Sort Key: f1.follower
              Sort Method: external sort  Disk: 1936kB
              Buffers: shared hit=534, temp read=647 written=485
              ->  Seq Scan on follow f1  (cost=0.00..1533.96 rows=99996 width=5) (actual rows=99996 loops=1)
                    Buffers: shared hit=534
Planning:
  Buffers: shared hit=8
Planning Time: 0.254 ms
Execution Time: 354.286 ms",366.902,18271.08,25020,"GroupAggregate  (cost=9893.60..18271.08 rows=49622 width=13) (actual rows=25020 loops=1)
  Group Key: f1.follower
  Buffers: shared hit=1072, temp read=810 written=485
  ->  Merge Join  (cost=9893.60..16767.32 rows=201507 width=10) (actual rows=198860 loops=1)
        Merge Cond: ((f2.followee)::text = (f1.follower)::text)
        Buffers: shared hit=1072, temp read=810 written=485
        ->  Index Only Scan using follow_pkey on follow f2  (cost=0.42..3656.36 rows=99996 width=9) (actual rows=99996 loops=1)
              Heap Fetches: 0
              Buffers: shared hit=538
        ->  Sort  (cost=9838.42..10088.41 rows=99996 width=5) (actual rows=248818 loops=1)
              Sort Key: f1.follower
              Sort Method: external sort  Disk: 1936kB
              Buffers: shared hit=534, temp read=647 written=485
              ->  Seq Scan on follow f1  (cost=0.00..1533.96 rows=99996 width=5) (actual rows=99996 loops=1)
                    Buffers: shared hit=534
Planning:
  Buffers: shared hit=8
Planning Time: 0.322 ms
Execution Time: 366.902 ms",361.876,18271.08,25020,"GroupAggregate  (cost=9893.60..18271.08 rows=49622 width=13) (actual rows=25020 loops=1)
  Group Key: f1.follower
  Buffers: shared hit=1072, temp read=810 written=485
  ->  Merge Join  (cost=9893.60..16767.32 rows=201507 width=10) (actual rows=198860 loops=1)
        Merge Cond: ((f2.followee)::text = (f1.follower)::text)
        Buffers: shared hit=1072, temp read=810 written=485
        ->  Index Only Scan using follow_pkey on follow f2  (cost=0.42..3656.36 rows=99996 width=9) (actual rows=99996 loops=1)
              Heap Fetches: 0
              Buffers: shared hit=538
        ->  Sort  (cost=9838.42..10088.41 rows=99996 width=5) (actual rows=248818 loops=1)
              Sort Key: f1.follower
              Sort Method: external sort  Disk: 1936kB
              Buffers: shared hit=534, temp read=647 written=485
              ->  Seq Scan on follow f1  (cost=0.00..1533.96 rows=99996 width=5) (actual rows=99996 loops=1)
                    Buffers: shared hit=534
Planning:
  Buffers: shared hit=8
Planning Time: 0.378 ms
Execution Time: 361.876 ms",362.197,18271.08,25020,"GroupAggregate  (cost=9893.60..18271.08 rows=49622 width=13) (actual rows=25020 loops=1)
  Group Key: f1.follower
  Buffers: shared hit=1072, temp read=810 written=485
  ->  Merge Join  (cost=9893.60..16767.32 rows=201507 width=10) (actual rows=198860 loops=1)
        Merge Cond: ((f2.followee)::text = (f1.follower)::text)
        Buffers: shared hit=1072, temp read=810 written=485
        ->  Index Only Scan using follow_pkey on follow f2  (cost=0.42..3656.36 rows=99996 width=9) (actual rows=99996 loops=1)
              Heap Fetches: 0
              Buffers: shared hit=538
        ->  Sort  (cost=9838.42..10088.41 rows=99996 width=5) (actual rows=248818 loops=1)
              Sort Key: f1.follower
              Sort Method: external sort  Disk: 1936kB
              Buffers: shared hit=534, temp read=647 written=485
              ->  Seq Scan on follow f1  (cost=0.00..1533.96 rows=99996 width=5) (actual rows=99996 loops=1)
                    Buffers: shared hit=534
Planning:
  Buffers: shared hit=8
Planning Time: 0.310 ms
Execution Time: 362.197 ms",367.215,18271.08,25020,"GroupAggregate  (cost=9893.60..18271.08 rows=49622 width=13) (actual rows=25020 loops=1)
  Group Key: f1.follower
  Buffers: shared hit=1072, temp read=810 written=485
  ->  Merge Join  (cost=9893.60..16767.32 rows=201507 width=10) (actual rows=198860 loops=1)
        Merge Cond: ((f2.followee)::text = (f1.follower)::text)
        Buffers: shared hit=1072, temp read=810 written=485
        ->  Index Only Scan using follow_pkey on follow f2  (cost=0.42..3656.36 rows=99996 width=9) (actual rows=99996 loops=1)
              Heap Fetches: 0
              Buffers: shared hit=538
        ->  Sort  (cost=9838.42..10088.41 rows=99996 width=5) (actual rows=248818 loops=1)
              Sort Key: f1.follower
              Sort Method: external sort  Disk: 1936kB
              Buffers: shared hit=534, temp read=647 written=485
              ->  Seq Scan on follow f1  (cost=0.00..1533.96 rows=99996 width=5) (actual rows=99996 loops=1)
                    Buffers: shared hit=534
Planning:
  Buffers: shared hit=8
Planning Time: 0.297 ms
Execution Time: 367.215 ms",362.4952,362.197,367.0585,367.3402,18271.08,18271.08,25020,25020,25020,25020,normal,normal,27.389923699999912,23.303295800000008,equal variances,significant,0.003968253968253968,-255.29360000000003,-253.786,-11612.960000000003,0,True
362,614,19,Medium,"select distinct t_cte_20.c_followee0 as follower, t_cte_20.c_count0 as num from schema_614.follow as b inner join (select a.followee as c_followee0, count(a.follower) as c_count0 from schema_614.follow as a group by a.followee) as t_cte_20 on t_cte_20.c_followee0 = b.follower where 0 < t_cte_20.c_count0",75.75,4232.2,25020,"HashAggregate  (cost=4226.55..4232.20 rows=565 width=12) (actual rows=25020 loops=1)
  Group Key: a.followee, (count(a.follower))
  Batches: 1  Memory Usage: 2065kB
  Buffers: shared hit=1068
  ->  Hash Join  (cost=2373.12..4169.59 rows=11392 width=12) (actual rows=50038 loops=1)
        Hash Cond: ((b.follower)::text = (a.followee)::text)
        Buffers: shared hit=1068
        ->  Seq Scan on follow b  (cost=0.00..1533.96 rows=99996 width=5) (actual rows=99996 loops=1)
              Buffers: shared hit=534
        ->  Hash  (cost=2302.46..2302.46 rows=5653 width=12) (actual rows=25021 loops=1)
              Buckets: 32768 (originally 8192)  Batches: 1 (originally 1)  Memory Usage: 1429kB
              Buffers: shared hit=534
              ->  HashAggregate  (cost=2033.94..2245.93 rows=5653 width=12) (actual rows=25021 loops=1)
                    Group Key: a.followee
                    Filter: (0 < count(a.follower))
                    Batches: 1  Memory Usage: 2833kB
                    Buffers: shared hit=534
                    ->  Seq Scan on follow a  (cost=0.00..1533.96 rows=99996 width=9) (actual rows=99996 loops=1)
                          Buffers: shared hit=534
Planning Time: 0.152 ms
Execution Time: 75.750 ms",83.821,4232.2,25020,"HashAggregate  (cost=4226.55..4232.20 rows=565 width=12) (actual rows=25020 loops=1)
  Group Key: a.followee, (count(a.follower))
  Batches: 1  Memory Usage: 2065kB
  Buffers: shared hit=1068
  ->  Hash Join  (cost=2373.12..4169.59 rows=11392 width=12) (actual rows=50038 loops=1)
        Hash Cond: ((b.follower)::text = (a.followee)::text)
        Buffers: shared hit=1068
        ->  Seq Scan on follow b  (cost=0.00..1533.96 rows=99996 width=5) (actual rows=99996 loops=1)
              Buffers: shared hit=534
        ->  Hash  (cost=2302.46..2302.46 rows=5653 width=12) (actual rows=25021 loops=1)
              Buckets: 32768 (originally 8192)  Batches: 1 (originally 1)  Memory Usage: 1429kB
              Buffers: shared hit=534
              ->  HashAggregate  (cost=2033.94..2245.93 rows=5653 width=12) (actual rows=25021 loops=1)
                    Group Key: a.followee
                    Filter: (0 < count(a.follower))
                    Batches: 1  Memory Usage: 2833kB
                    Buffers: shared hit=534
                    ->  Seq Scan on follow a  (cost=0.00..1533.96 rows=99996 width=9) (actual rows=99996 loops=1)
                          Buffers: shared hit=534
Planning Time: 0.224 ms
Execution Time: 83.821 ms",100.038,4232.2,25020,"HashAggregate  (cost=4226.55..4232.20 rows=565 width=12) (actual rows=25020 loops=1)
  Group Key: a.followee, (count(a.follower))
  Batches: 1  Memory Usage: 2065kB
  Buffers: shared hit=1068
  ->  Hash Join  (cost=2373.12..4169.59 rows=11392 width=12) (actual rows=50038 loops=1)
        Hash Cond: ((b.follower)::text = (a.followee)::text)
        Buffers: shared hit=1068
        ->  Seq Scan on follow b  (cost=0.00..1533.96 rows=99996 width=5) (actual rows=99996 loops=1)
              Buffers: shared hit=534
        ->  Hash  (cost=2302.46..2302.46 rows=5653 width=12) (actual rows=25021 loops=1)
              Buckets: 32768 (originally 8192)  Batches: 1 (originally 1)  Memory Usage: 1429kB
              Buffers: shared hit=534
              ->  HashAggregate  (cost=2033.94..2245.93 rows=5653 width=12) (actual rows=25021 loops=1)
                    Group Key: a.followee
                    Filter: (0 < count(a.follower))
                    Batches: 1  Memory Usage: 2833kB
                    Buffers: shared hit=534
                    ->  Seq Scan on follow a  (cost=0.00..1533.96 rows=99996 width=9) (actual rows=99996 loops=1)
                          Buffers: shared hit=534
Planning Time: 0.311 ms
Execution Time: 100.038 ms",85.61,4232.2,25020,"HashAggregate  (cost=4226.55..4232.20 rows=565 width=12) (actual rows=25020 loops=1)
  Group Key: a.followee, (count(a.follower))
  Batches: 1  Memory Usage: 2065kB
  Buffers: shared hit=1068
  ->  Hash Join  (cost=2373.12..4169.59 rows=11392 width=12) (actual rows=50038 loops=1)
        Hash Cond: ((b.follower)::text = (a.followee)::text)
        Buffers: shared hit=1068
        ->  Seq Scan on follow b  (cost=0.00..1533.96 rows=99996 width=5) (actual rows=99996 loops=1)
              Buffers: shared hit=534
        ->  Hash  (cost=2302.46..2302.46 rows=5653 width=12) (actual rows=25021 loops=1)
              Buckets: 32768 (originally 8192)  Batches: 1 (originally 1)  Memory Usage: 1429kB
              Buffers: shared hit=534
              ->  HashAggregate  (cost=2033.94..2245.93 rows=5653 width=12) (actual rows=25021 loops=1)
                    Group Key: a.followee
                    Filter: (0 < count(a.follower))
                    Batches: 1  Memory Usage: 2833kB
                    Buffers: shared hit=534
                    ->  Seq Scan on follow a  (cost=0.00..1533.96 rows=99996 width=9) (actual rows=99996 loops=1)
                          Buffers: shared hit=534
Planning Time: 0.178 ms
Execution Time: 85.610 ms",81.891,4232.2,25020,"HashAggregate  (cost=4226.55..4232.20 rows=565 width=12) (actual rows=25020 loops=1)
  Group Key: a.followee, (count(a.follower))
  Batches: 1  Memory Usage: 2065kB
  Buffers: shared hit=1068
  ->  Hash Join  (cost=2373.12..4169.59 rows=11392 width=12) (actual rows=50038 loops=1)
        Hash Cond: ((b.follower)::text = (a.followee)::text)
        Buffers: shared hit=1068
        ->  Seq Scan on follow b  (cost=0.00..1533.96 rows=99996 width=5) (actual rows=99996 loops=1)
              Buffers: shared hit=534
        ->  Hash  (cost=2302.46..2302.46 rows=5653 width=12) (actual rows=25021 loops=1)
              Buckets: 32768 (originally 8192)  Batches: 1 (originally 1)  Memory Usage: 1429kB
              Buffers: shared hit=534
              ->  HashAggregate  (cost=2033.94..2245.93 rows=5653 width=12) (actual rows=25021 loops=1)
                    Group Key: a.followee
                    Filter: (0 < count(a.follower))
                    Batches: 1  Memory Usage: 2833kB
                    Buffers: shared hit=534
                    ->  Seq Scan on follow a  (cost=0.00..1533.96 rows=99996 width=9) (actual rows=99996 loops=1)
                          Buffers: shared hit=534
Planning Time: 0.178 ms
Execution Time: 81.891 ms",85.422,83.821,92.824,105.8092,4232.2,4232.2,25020,25020,25020,25020,614_19,362,614,19,Medium,"select a.followee as follower, count(distinct a.follower) as num from schema_614.follow as a join schema_614.follow as b on a.followee = b.follower group by 1 having count(distinct a.follower) > 0",352.323,17986.84,25020,"GroupAggregate  (cost=9893.60..17986.84 rows=5653 width=12) (actual rows=25020 loops=1)
  Group Key: a.followee
  Filter: (count(DISTINCT a.follower) > 0)
  Buffers: shared hit=1072, temp read=810 written=485
  ->  Merge Join  (cost=9893.60..16767.32 rows=201507 width=9) (actual rows=198860 loops=1)
        Merge Cond: ((a.followee)::text = (b.follower)::text)
        Buffers: shared hit=1072, temp read=810 written=485
        ->  Index Only Scan using follow_pkey on follow a  (cost=0.42..3656.36 rows=99996 width=9) (actual rows=99996 loops=1)
              Heap Fetches: 0
              Buffers: shared hit=538
        ->  Sort  (cost=9838.42..10088.41 rows=99996 width=5) (actual rows=248818 loops=1)
              Sort Key: b.follower
              Sort Method: external sort  Disk: 1936kB
              Buffers: shared hit=534, temp read=647 written=485
              ->  Seq Scan on follow b  (cost=0.00..1533.96 rows=99996 width=5) (actual rows=99996 loops=1)
                    Buffers: shared hit=534
Planning:
  Buffers: shared hit=8
Planning Time: 0.194 ms
Execution Time: 352.323 ms",370.966,17986.84,25020,"GroupAggregate  (cost=9893.60..17986.84 rows=5653 width=12) (actual rows=25020 loops=1)
  Group Key: a.followee
  Filter: (count(DISTINCT a.follower) > 0)
  Buffers: shared hit=1072, temp read=810 written=485
  ->  Merge Join  (cost=9893.60..16767.32 rows=201507 width=9) (actual rows=198860 loops=1)
        Merge Cond: ((a.followee)::text = (b.follower)::text)
        Buffers: shared hit=1072, temp read=810 written=485
        ->  Index Only Scan using follow_pkey on follow a  (cost=0.42..3656.36 rows=99996 width=9) (actual rows=99996 loops=1)
              Heap Fetches: 0
              Buffers: shared hit=538
        ->  Sort  (cost=9838.42..10088.41 rows=99996 width=5) (actual rows=248818 loops=1)
              Sort Key: b.follower
              Sort Method: external sort  Disk: 1936kB
              Buffers: shared hit=534, temp read=647 written=485
              ->  Seq Scan on follow b  (cost=0.00..1533.96 rows=99996 width=5) (actual rows=99996 loops=1)
                    Buffers: shared hit=534
Planning:
  Buffers: shared hit=8
Planning Time: 0.276 ms
Execution Time: 370.966 ms",360.043,17986.84,25020,"GroupAggregate  (cost=9893.60..17986.84 rows=5653 width=12) (actual rows=25020 loops=1)
  Group Key: a.followee
  Filter: (count(DISTINCT a.follower) > 0)
  Buffers: shared hit=1072, temp read=810 written=485
  ->  Merge Join  (cost=9893.60..16767.32 rows=201507 width=9) (actual rows=198860 loops=1)
        Merge Cond: ((a.followee)::text = (b.follower)::text)
        Buffers: shared hit=1072, temp read=810 written=485
        ->  Index Only Scan using follow_pkey on follow a  (cost=0.42..3656.36 rows=99996 width=9) (actual rows=99996 loops=1)
              Heap Fetches: 0
              Buffers: shared hit=538
        ->  Sort  (cost=9838.42..10088.41 rows=99996 width=5) (actual rows=248818 loops=1)
              Sort Key: b.follower
              Sort Method: external sort  Disk: 1936kB
              Buffers: shared hit=534, temp read=647 written=485
              ->  Seq Scan on follow b  (cost=0.00..1533.96 rows=99996 width=5) (actual rows=99996 loops=1)
                    Buffers: shared hit=534
Planning:
  Buffers: shared hit=8
Planning Time: 0.426 ms
Execution Time: 360.043 ms",361.797,17986.84,25020,"GroupAggregate  (cost=9893.60..17986.84 rows=5653 width=12) (actual rows=25020 loops=1)
  Group Key: a.followee
  Filter: (count(DISTINCT a.follower) > 0)
  Buffers: shared hit=1072, temp read=810 written=485
  ->  Merge Join  (cost=9893.60..16767.32 rows=201507 width=9) (actual rows=198860 loops=1)
        Merge Cond: ((a.followee)::text = (b.follower)::text)
        Buffers: shared hit=1072, temp read=810 written=485
        ->  Index Only Scan using follow_pkey on follow a  (cost=0.42..3656.36 rows=99996 width=9) (actual rows=99996 loops=1)
              Heap Fetches: 0
              Buffers: shared hit=538
        ->  Sort  (cost=9838.42..10088.41 rows=99996 width=5) (actual rows=248818 loops=1)
              Sort Key: b.follower
              Sort Method: external sort  Disk: 1936kB
              Buffers: shared hit=534, temp read=647 written=485
              ->  Seq Scan on follow b  (cost=0.00..1533.96 rows=99996 width=5) (actual rows=99996 loops=1)
                    Buffers: shared hit=534
Planning:
  Buffers: shared hit=8
Planning Time: 0.320 ms
Execution Time: 361.797 ms",362.683,17986.84,25020,"GroupAggregate  (cost=9893.60..17986.84 rows=5653 width=12) (actual rows=25020 loops=1)
  Group Key: a.followee
  Filter: (count(DISTINCT a.follower) > 0)
  Buffers: shared hit=1072, temp read=810 written=485
  ->  Merge Join  (cost=9893.60..16767.32 rows=201507 width=9) (actual rows=198860 loops=1)
        Merge Cond: ((a.followee)::text = (b.follower)::text)
        Buffers: shared hit=1072, temp read=810 written=485
        ->  Index Only Scan using follow_pkey on follow a  (cost=0.42..3656.36 rows=99996 width=9) (actual rows=99996 loops=1)
              Heap Fetches: 0
              Buffers: shared hit=538
        ->  Sort  (cost=9838.42..10088.41 rows=99996 width=5) (actual rows=248818 loops=1)
              Sort Key: b.follower
              Sort Method: external sort  Disk: 1936kB
              Buffers: shared hit=534, temp read=647 written=485
              ->  Seq Scan on follow b  (cost=0.00..1533.96 rows=99996 width=5) (actual rows=99996 loops=1)
                    Buffers: shared hit=534
Planning:
  Buffers: shared hit=8
Planning Time: 0.418 ms
Execution Time: 362.683 ms",361.5624,361.797,366.8245,374.2792,17986.84,17986.84,25020,25020,25020,25020,normal,normal,44.353390800000135,80.56038649999996,equal variances,significant,0.003968253968253968,-276.1404,-277.976,-13754.64,0,True
363,614,24,Medium,"select t_cte_6.c_follower0 as follower, count(b.follower) as num from schema_614.follow as b inner join (select a.follower as c_follower0 from schema_614.follow as a group by a.follower) as t_cte_6 on t_cte_6.c_follower0 = b.followee group by t_cte_6.c_follower0",99.213,6658.12,25020,"HashAggregate  (cost=6656.12..6658.12 rows=200 width=13) (actual rows=25020 loops=1)
  Group Key: a.follower
  Batches: 1  Memory Usage: 2849kB
  Buffers: shared hit=1068, temp read=8 written=31
  ->  Hash Join  (cost=3396.67..5193.18 rows=292588 width=10) (actual rows=99704 loops=1)
        Hash Cond: ((b.followee)::text = (a.follower)::text)
        Buffers: shared hit=1068, temp read=8 written=31
        ->  Seq Scan on follow b  (cost=0.00..1533.96 rows=99996 width=9) (actual rows=99996 loops=1)
              Buffers: shared hit=534
        ->  Hash  (cost=2776.39..2776.39 rows=49622 width=5) (actual rows=49999 loops=1)
              Buckets: 65536  Batches: 1  Memory Usage: 2357kB
              Buffers: shared hit=534, temp read=8 written=31
              ->  HashAggregate  (cost=1783.95..2280.17 rows=49622 width=5) (actual rows=49999 loops=1)
                    Group Key: a.follower
                    Batches: 5  Memory Usage: 4145kB  Disk Usage: 208kB
                    Buffers: shared hit=534, temp read=8 written=31
                    ->  Seq Scan on follow a  (cost=0.00..1533.96 rows=99996 width=5) (actual rows=99996 loops=1)
                          Buffers: shared hit=534
Planning Time: 0.166 ms
Execution Time: 99.213 ms",108.93,6658.12,25020,"HashAggregate  (cost=6656.12..6658.12 rows=200 width=13) (actual rows=25020 loops=1)
  Group Key: a.follower
  Batches: 1  Memory Usage: 2849kB
  Buffers: shared hit=1068, temp read=8 written=31
  ->  Hash Join  (cost=3396.67..5193.18 rows=292588 width=10) (actual rows=99704 loops=1)
        Hash Cond: ((b.followee)::text = (a.follower)::text)
        Buffers: shared hit=1068, temp read=8 written=31
        ->  Seq Scan on follow b  (cost=0.00..1533.96 rows=99996 width=9) (actual rows=99996 loops=1)
              Buffers: shared hit=534
        ->  Hash  (cost=2776.39..2776.39 rows=49622 width=5) (actual rows=49999 loops=1)
              Buckets: 65536  Batches: 1  Memory Usage: 2357kB
              Buffers: shared hit=534, temp read=8 written=31
              ->  HashAggregate  (cost=1783.95..2280.17 rows=49622 width=5) (actual rows=49999 loops=1)
                    Group Key: a.follower
                    Batches: 5  Memory Usage: 4145kB  Disk Usage: 208kB
                    Buffers: shared hit=534, temp read=8 written=31
                    ->  Seq Scan on follow a  (cost=0.00..1533.96 rows=99996 width=5) (actual rows=99996 loops=1)
                          Buffers: shared hit=534
Planning Time: 0.198 ms
Execution Time: 108.930 ms",107.67,6658.12,25020,"HashAggregate  (cost=6656.12..6658.12 rows=200 width=13) (actual rows=25020 loops=1)
  Group Key: a.follower
  Batches: 1  Memory Usage: 2849kB
  Buffers: shared hit=1068, temp read=8 written=31
  ->  Hash Join  (cost=3396.67..5193.18 rows=292588 width=10) (actual rows=99704 loops=1)
        Hash Cond: ((b.followee)::text = (a.follower)::text)
        Buffers: shared hit=1068, temp read=8 written=31
        ->  Seq Scan on follow b  (cost=0.00..1533.96 rows=99996 width=9) (actual rows=99996 loops=1)
              Buffers: shared hit=534
        ->  Hash  (cost=2776.39..2776.39 rows=49622 width=5) (actual rows=49999 loops=1)
              Buckets: 65536  Batches: 1  Memory Usage: 2357kB
              Buffers: shared hit=534, temp read=8 written=31
              ->  HashAggregate  (cost=1783.95..2280.17 rows=49622 width=5) (actual rows=49999 loops=1)
                    Group Key: a.follower
                    Batches: 5  Memory Usage: 4145kB  Disk Usage: 208kB
                    Buffers: shared hit=534, temp read=8 written=31
                    ->  Seq Scan on follow a  (cost=0.00..1533.96 rows=99996 width=5) (actual rows=99996 loops=1)
                          Buffers: shared hit=534
Planning Time: 0.238 ms
Execution Time: 107.670 ms",110.901,6658.12,25020,"HashAggregate  (cost=6656.12..6658.12 rows=200 width=13) (actual rows=25020 loops=1)
  Group Key: a.follower
  Batches: 1  Memory Usage: 2849kB
  Buffers: shared hit=1068, temp read=8 written=31
  ->  Hash Join  (cost=3396.67..5193.18 rows=292588 width=10) (actual rows=99704 loops=1)
        Hash Cond: ((b.followee)::text = (a.follower)::text)
        Buffers: shared hit=1068, temp read=8 written=31
        ->  Seq Scan on follow b  (cost=0.00..1533.96 rows=99996 width=9) (actual rows=99996 loops=1)
              Buffers: shared hit=534
        ->  Hash  (cost=2776.39..2776.39 rows=49622 width=5) (actual rows=49999 loops=1)
              Buckets: 65536  Batches: 1  Memory Usage: 2357kB
              Buffers: shared hit=534, temp read=8 written=31
              ->  HashAggregate  (cost=1783.95..2280.17 rows=49622 width=5) (actual rows=49999 loops=1)
                    Group Key: a.follower
                    Batches: 5  Memory Usage: 4145kB  Disk Usage: 208kB
                    Buffers: shared hit=534, temp read=8 written=31
                    ->  Seq Scan on follow a  (cost=0.00..1533.96 rows=99996 width=5) (actual rows=99996 loops=1)
                          Buffers: shared hit=534
Planning Time: 0.217 ms
Execution Time: 110.901 ms",111.603,6658.12,25020,"HashAggregate  (cost=6656.12..6658.12 rows=200 width=13) (actual rows=25020 loops=1)
  Group Key: a.follower
  Batches: 1  Memory Usage: 2849kB
  Buffers: shared hit=1068, temp read=8 written=31
  ->  Hash Join  (cost=3396.67..5193.18 rows=292588 width=10) (actual rows=99704 loops=1)
        Hash Cond: ((b.followee)::text = (a.follower)::text)
        Buffers: shared hit=1068, temp read=8 written=31
        ->  Seq Scan on follow b  (cost=0.00..1533.96 rows=99996 width=9) (actual rows=99996 loops=1)
              Buffers: shared hit=534
        ->  Hash  (cost=2776.39..2776.39 rows=49622 width=5) (actual rows=49999 loops=1)
              Buckets: 65536  Batches: 1  Memory Usage: 2357kB
              Buffers: shared hit=534, temp read=8 written=31
              ->  HashAggregate  (cost=1783.95..2280.17 rows=49622 width=5) (actual rows=49999 loops=1)
                    Group Key: a.follower
                    Batches: 5  Memory Usage: 4145kB  Disk Usage: 208kB
                    Buffers: shared hit=534, temp read=8 written=31
                    ->  Seq Scan on follow a  (cost=0.00..1533.96 rows=99996 width=5) (actual rows=99996 loops=1)
                          Buffers: shared hit=534
Planning Time: 0.214 ms
Execution Time: 111.603 ms",107.6634,108.93,111.252,111.8838,6658.12,6658.12,25020,25020,25020,25020,614_24,363,614,24,Medium,"select a.follower as follower, count(distinct b.follower) as num from schema_614.follow as a join schema_614.follow as b on a.follower = b.followee group by a.follower",359.451,18271.08,25020,"GroupAggregate  (cost=9893.60..18271.08 rows=49622 width=13) (actual rows=25020 loops=1)
  Group Key: a.follower
  Buffers: shared hit=1072, temp read=810 written=485
  ->  Merge Join  (cost=9893.60..16767.32 rows=201507 width=10) (actual rows=198860 loops=1)
        Merge Cond: ((b.followee)::text = (a.follower)::text)
        Buffers: shared hit=1072, temp read=810 written=485
        ->  Index Only Scan using follow_pkey on follow b  (cost=0.42..3656.36 rows=99996 width=9) (actual rows=99996 loops=1)
              Heap Fetches: 0
              Buffers: shared hit=538
        ->  Sort  (cost=9838.42..10088.41 rows=99996 width=5) (actual rows=248818 loops=1)
              Sort Key: a.follower
              Sort Method: external sort  Disk: 1936kB
              Buffers: shared hit=534, temp read=647 written=485
              ->  Seq Scan on follow a  (cost=0.00..1533.96 rows=99996 width=5) (actual rows=99996 loops=1)
                    Buffers: shared hit=534
Planning:
  Buffers: shared hit=8
Planning Time: 0.188 ms
Execution Time: 359.451 ms",370.805,18271.08,25020,"GroupAggregate  (cost=9893.60..18271.08 rows=49622 width=13) (actual rows=25020 loops=1)
  Group Key: a.follower
  Buffers: shared hit=1072, temp read=810 written=485
  ->  Merge Join  (cost=9893.60..16767.32 rows=201507 width=10) (actual rows=198860 loops=1)
        Merge Cond: ((b.followee)::text = (a.follower)::text)
        Buffers: shared hit=1072, temp read=810 written=485
        ->  Index Only Scan using follow_pkey on follow b  (cost=0.42..3656.36 rows=99996 width=9) (actual rows=99996 loops=1)
              Heap Fetches: 0
              Buffers: shared hit=538
        ->  Sort  (cost=9838.42..10088.41 rows=99996 width=5) (actual rows=248818 loops=1)
              Sort Key: a.follower
              Sort Method: external sort  Disk: 1936kB
              Buffers: shared hit=534, temp read=647 written=485
              ->  Seq Scan on follow a  (cost=0.00..1533.96 rows=99996 width=5) (actual rows=99996 loops=1)
                    Buffers: shared hit=534
Planning:
  Buffers: shared hit=8
Planning Time: 0.311 ms
Execution Time: 370.805 ms",373.434,18271.08,25020,"GroupAggregate  (cost=9893.60..18271.08 rows=49622 width=13) (actual rows=25020 loops=1)
  Group Key: a.follower
  Buffers: shared hit=1072, temp read=810 written=485
  ->  Merge Join  (cost=9893.60..16767.32 rows=201507 width=10) (actual rows=198860 loops=1)
        Merge Cond: ((b.followee)::text = (a.follower)::text)
        Buffers: shared hit=1072, temp read=810 written=485
        ->  Index Only Scan using follow_pkey on follow b  (cost=0.42..3656.36 rows=99996 width=9) (actual rows=99996 loops=1)
              Heap Fetches: 0
              Buffers: shared hit=538
        ->  Sort  (cost=9838.42..10088.41 rows=99996 width=5) (actual rows=248818 loops=1)
              Sort Key: a.follower
              Sort Method: external sort  Disk: 1936kB
              Buffers: shared hit=534, temp read=647 written=485
              ->  Seq Scan on follow a  (cost=0.00..1533.96 rows=99996 width=5) (actual rows=99996 loops=1)
                    Buffers: shared hit=534
Planning:
  Buffers: shared hit=8
Planning Time: 0.327 ms
Execution Time: 373.434 ms",370.98,18271.08,25020,"GroupAggregate  (cost=9893.60..18271.08 rows=49622 width=13) (actual rows=25020 loops=1)
  Group Key: a.follower
  Buffers: shared hit=1072, temp read=810 written=485
  ->  Merge Join  (cost=9893.60..16767.32 rows=201507 width=10) (actual rows=198860 loops=1)
        Merge Cond: ((b.followee)::text = (a.follower)::text)
        Buffers: shared hit=1072, temp read=810 written=485
        ->  Index Only Scan using follow_pkey on follow b  (cost=0.42..3656.36 rows=99996 width=9) (actual rows=99996 loops=1)
              Heap Fetches: 0
              Buffers: shared hit=538
        ->  Sort  (cost=9838.42..10088.41 rows=99996 width=5) (actual rows=248818 loops=1)
              Sort Key: a.follower
              Sort Method: external sort  Disk: 1936kB
              Buffers: shared hit=534, temp read=647 written=485
              ->  Seq Scan on follow a  (cost=0.00..1533.96 rows=99996 width=5) (actual rows=99996 loops=1)
                    Buffers: shared hit=534
Planning:
  Buffers: shared hit=8
Planning Time: 0.324 ms
Execution Time: 370.980 ms",408.274,18271.08,25020,"GroupAggregate  (cost=9893.60..18271.08 rows=49622 width=13) (actual rows=25020 loops=1)
  Group Key: a.follower
  Buffers: shared hit=1072, temp read=810 written=485
  ->  Merge Join  (cost=9893.60..16767.32 rows=201507 width=10) (actual rows=198860 loops=1)
        Merge Cond: ((b.followee)::text = (a.follower)::text)
        Buffers: shared hit=1072, temp read=810 written=485
        ->  Index Only Scan using follow_pkey on follow b  (cost=0.42..3656.36 rows=99996 width=9) (actual rows=99996 loops=1)
              Heap Fetches: 0
              Buffers: shared hit=538
        ->  Sort  (cost=9838.42..10088.41 rows=99996 width=5) (actual rows=248818 loops=1)
              Sort Key: a.follower
              Sort Method: external sort  Disk: 1936kB
              Buffers: shared hit=534, temp read=647 written=485
              ->  Seq Scan on follow a  (cost=0.00..1533.96 rows=99996 width=5) (actual rows=99996 loops=1)
                    Buffers: shared hit=534
Planning:
  Buffers: shared hit=8
Planning Time: 0.275 ms
Execution Time: 408.274 ms",376.5888,370.98,390.854,422.21,18271.08,18271.08,25020,25020,25020,25020,normal,normal,343.12995769999975,24.75402030000001,equal variances,significant,0.003968253968253968,-268.92539999999997,-262.05,-11612.960000000003,0,True
365,614,27,Medium,"select t_cte_7.c_follower0 as follower, count(b.follower) as num from (select a.follower as c_follower0 from schema_614.follow as a group by a.follower) as t_cte_7 inner join schema_614.follow as b on t_cte_7.c_follower0 = b.followee group by t_cte_7.c_follower0",99.212,6658.12,25020,"HashAggregate  (cost=6656.12..6658.12 rows=200 width=13) (actual rows=25020 loops=1)
  Group Key: a.follower
  Batches: 1  Memory Usage: 2849kB
  Buffers: shared hit=1068, temp read=8 written=31
  ->  Hash Join  (cost=3396.67..5193.18 rows=292588 width=10) (actual rows=99704 loops=1)
        Hash Cond: ((b.followee)::text = (a.follower)::text)
        Buffers: shared hit=1068, temp read=8 written=31
        ->  Seq Scan on follow b  (cost=0.00..1533.96 rows=99996 width=9) (actual rows=99996 loops=1)
              Buffers: shared hit=534
        ->  Hash  (cost=2776.39..2776.39 rows=49622 width=5) (actual rows=49999 loops=1)
              Buckets: 65536  Batches: 1  Memory Usage: 2357kB
              Buffers: shared hit=534, temp read=8 written=31
              ->  HashAggregate  (cost=1783.95..2280.17 rows=49622 width=5) (actual rows=49999 loops=1)
                    Group Key: a.follower
                    Batches: 5  Memory Usage: 4145kB  Disk Usage: 208kB
                    Buffers: shared hit=534, temp read=8 written=31
                    ->  Seq Scan on follow a  (cost=0.00..1533.96 rows=99996 width=5) (actual rows=99996 loops=1)
                          Buffers: shared hit=534
Planning Time: 0.140 ms
Execution Time: 99.212 ms",107.338,6658.12,25020,"HashAggregate  (cost=6656.12..6658.12 rows=200 width=13) (actual rows=25020 loops=1)
  Group Key: a.follower
  Batches: 1  Memory Usage: 2849kB
  Buffers: shared hit=1068, temp read=8 written=31
  ->  Hash Join  (cost=3396.67..5193.18 rows=292588 width=10) (actual rows=99704 loops=1)
        Hash Cond: ((b.followee)::text = (a.follower)::text)
        Buffers: shared hit=1068, temp read=8 written=31
        ->  Seq Scan on follow b  (cost=0.00..1533.96 rows=99996 width=9) (actual rows=99996 loops=1)
              Buffers: shared hit=534
        ->  Hash  (cost=2776.39..2776.39 rows=49622 width=5) (actual rows=49999 loops=1)
              Buckets: 65536  Batches: 1  Memory Usage: 2357kB
              Buffers: shared hit=534, temp read=8 written=31
              ->  HashAggregate  (cost=1783.95..2280.17 rows=49622 width=5) (actual rows=49999 loops=1)
                    Group Key: a.follower
                    Batches: 5  Memory Usage: 4145kB  Disk Usage: 208kB
                    Buffers: shared hit=534, temp read=8 written=31
                    ->  Seq Scan on follow a  (cost=0.00..1533.96 rows=99996 width=5) (actual rows=99996 loops=1)
                          Buffers: shared hit=534
Planning Time: 0.247 ms
Execution Time: 107.338 ms",106.615,6658.12,25020,"HashAggregate  (cost=6656.12..6658.12 rows=200 width=13) (actual rows=25020 loops=1)
  Group Key: a.follower
  Batches: 1  Memory Usage: 2849kB
  Buffers: shared hit=1068, temp read=8 written=31
  ->  Hash Join  (cost=3396.67..5193.18 rows=292588 width=10) (actual rows=99704 loops=1)
        Hash Cond: ((b.followee)::text = (a.follower)::text)
        Buffers: shared hit=1068, temp read=8 written=31
        ->  Seq Scan on follow b  (cost=0.00..1533.96 rows=99996 width=9) (actual rows=99996 loops=1)
              Buffers: shared hit=534
        ->  Hash  (cost=2776.39..2776.39 rows=49622 width=5) (actual rows=49999 loops=1)
              Buckets: 65536  Batches: 1  Memory Usage: 2357kB
              Buffers: shared hit=534, temp read=8 written=31
              ->  HashAggregate  (cost=1783.95..2280.17 rows=49622 width=5) (actual rows=49999 loops=1)
                    Group Key: a.follower
                    Batches: 5  Memory Usage: 4145kB  Disk Usage: 208kB
                    Buffers: shared hit=534, temp read=8 written=31
                    ->  Seq Scan on follow a  (cost=0.00..1533.96 rows=99996 width=5) (actual rows=99996 loops=1)
                          Buffers: shared hit=534
Planning Time: 0.180 ms
Execution Time: 106.615 ms",107.474,6658.12,25020,"HashAggregate  (cost=6656.12..6658.12 rows=200 width=13) (actual rows=25020 loops=1)
  Group Key: a.follower
  Batches: 1  Memory Usage: 2849kB
  Buffers: shared hit=1068, temp read=8 written=31
  ->  Hash Join  (cost=3396.67..5193.18 rows=292588 width=10) (actual rows=99704 loops=1)
        Hash Cond: ((b.followee)::text = (a.follower)::text)
        Buffers: shared hit=1068, temp read=8 written=31
        ->  Seq Scan on follow b  (cost=0.00..1533.96 rows=99996 width=9) (actual rows=99996 loops=1)
              Buffers: shared hit=534
        ->  Hash  (cost=2776.39..2776.39 rows=49622 width=5) (actual rows=49999 loops=1)
              Buckets: 65536  Batches: 1  Memory Usage: 2357kB
              Buffers: shared hit=534, temp read=8 written=31
              ->  HashAggregate  (cost=1783.95..2280.17 rows=49622 width=5) (actual rows=49999 loops=1)
                    Group Key: a.follower
                    Batches: 5  Memory Usage: 4145kB  Disk Usage: 208kB
                    Buffers: shared hit=534, temp read=8 written=31
                    ->  Seq Scan on follow a  (cost=0.00..1533.96 rows=99996 width=5) (actual rows=99996 loops=1)
                          Buffers: shared hit=534
Planning Time: 0.201 ms
Execution Time: 107.474 ms",108.837,6658.12,25020,"HashAggregate  (cost=6656.12..6658.12 rows=200 width=13) (actual rows=25020 loops=1)
  Group Key: a.follower
  Batches: 1  Memory Usage: 2849kB
  Buffers: shared hit=1068, temp read=8 written=31
  ->  Hash Join  (cost=3396.67..5193.18 rows=292588 width=10) (actual rows=99704 loops=1)
        Hash Cond: ((b.followee)::text = (a.follower)::text)
        Buffers: shared hit=1068, temp read=8 written=31
        ->  Seq Scan on follow b  (cost=0.00..1533.96 rows=99996 width=9) (actual rows=99996 loops=1)
              Buffers: shared hit=534
        ->  Hash  (cost=2776.39..2776.39 rows=49622 width=5) (actual rows=49999 loops=1)
              Buckets: 65536  Batches: 1  Memory Usage: 2357kB
              Buffers: shared hit=534, temp read=8 written=31
              ->  HashAggregate  (cost=1783.95..2280.17 rows=49622 width=5) (actual rows=49999 loops=1)
                    Group Key: a.follower
                    Batches: 5  Memory Usage: 4145kB  Disk Usage: 208kB
                    Buffers: shared hit=534, temp read=8 written=31
                    ->  Seq Scan on follow a  (cost=0.00..1533.96 rows=99996 width=5) (actual rows=99996 loops=1)
                          Buffers: shared hit=534
Planning Time: 0.163 ms
Execution Time: 108.837 ms",105.8952,107.338,108.1555,109.3822,6658.12,6658.12,25020,25020,25020,25020,614_27,365,614,27,Medium,"select a.follower, count(distinct b.follower) as num from schema_614.follow as a join schema_614.follow as b on a.follower = b.followee group by a.follower",361.237,18271.08,25020,"GroupAggregate  (cost=9893.60..18271.08 rows=49622 width=13) (actual rows=25020 loops=1)
  Group Key: a.follower
  Buffers: shared hit=1072, temp read=810 written=485
  ->  Merge Join  (cost=9893.60..16767.32 rows=201507 width=10) (actual rows=198860 loops=1)
        Merge Cond: ((b.followee)::text = (a.follower)::text)
        Buffers: shared hit=1072, temp read=810 written=485
        ->  Index Only Scan using follow_pkey on follow b  (cost=0.42..3656.36 rows=99996 width=9) (actual rows=99996 loops=1)
              Heap Fetches: 0
              Buffers: shared hit=538
        ->  Sort  (cost=9838.42..10088.41 rows=99996 width=5) (actual rows=248818 loops=1)
              Sort Key: a.follower
              Sort Method: external sort  Disk: 1936kB
              Buffers: shared hit=534, temp read=647 written=485
              ->  Seq Scan on follow a  (cost=0.00..1533.96 rows=99996 width=5) (actual rows=99996 loops=1)
                    Buffers: shared hit=534
Planning:
  Buffers: shared hit=8
Planning Time: 0.192 ms
Execution Time: 361.237 ms",366.852,18271.08,25020,"GroupAggregate  (cost=9893.60..18271.08 rows=49622 width=13) (actual rows=25020 loops=1)
  Group Key: a.follower
  Buffers: shared hit=1072, temp read=810 written=485
  ->  Merge Join  (cost=9893.60..16767.32 rows=201507 width=10) (actual rows=198860 loops=1)
        Merge Cond: ((b.followee)::text = (a.follower)::text)
        Buffers: shared hit=1072, temp read=810 written=485
        ->  Index Only Scan using follow_pkey on follow b  (cost=0.42..3656.36 rows=99996 width=9) (actual rows=99996 loops=1)
              Heap Fetches: 0
              Buffers: shared hit=538
        ->  Sort  (cost=9838.42..10088.41 rows=99996 width=5) (actual rows=248818 loops=1)
              Sort Key: a.follower
              Sort Method: external sort  Disk: 1936kB
              Buffers: shared hit=534, temp read=647 written=485
              ->  Seq Scan on follow a  (cost=0.00..1533.96 rows=99996 width=5) (actual rows=99996 loops=1)
                    Buffers: shared hit=534
Planning:
  Buffers: shared hit=8
Planning Time: 0.426 ms
Execution Time: 366.852 ms",359.721,18271.08,25020,"GroupAggregate  (cost=9893.60..18271.08 rows=49622 width=13) (actual rows=25020 loops=1)
  Group Key: a.follower
  Buffers: shared hit=1072, temp read=810 written=485
  ->  Merge Join  (cost=9893.60..16767.32 rows=201507 width=10) (actual rows=198860 loops=1)
        Merge Cond: ((b.followee)::text = (a.follower)::text)
        Buffers: shared hit=1072, temp read=810 written=485
        ->  Index Only Scan using follow_pkey on follow b  (cost=0.42..3656.36 rows=99996 width=9) (actual rows=99996 loops=1)
              Heap Fetches: 0
              Buffers: shared hit=538
        ->  Sort  (cost=9838.42..10088.41 rows=99996 width=5) (actual rows=248818 loops=1)
              Sort Key: a.follower
              Sort Method: external sort  Disk: 1936kB
              Buffers: shared hit=534, temp read=647 written=485
              ->  Seq Scan on follow a  (cost=0.00..1533.96 rows=99996 width=5) (actual rows=99996 loops=1)
                    Buffers: shared hit=534
Planning:
  Buffers: shared hit=8
Planning Time: 0.310 ms
Execution Time: 359.721 ms",361.379,18271.08,25020,"GroupAggregate  (cost=9893.60..18271.08 rows=49622 width=13) (actual rows=25020 loops=1)
  Group Key: a.follower
  Buffers: shared hit=1072, temp read=810 written=485
  ->  Merge Join  (cost=9893.60..16767.32 rows=201507 width=10) (actual rows=198860 loops=1)
        Merge Cond: ((b.followee)::text = (a.follower)::text)
        Buffers: shared hit=1072, temp read=810 written=485
        ->  Index Only Scan using follow_pkey on follow b  (cost=0.42..3656.36 rows=99996 width=9) (actual rows=99996 loops=1)
              Heap Fetches: 0
              Buffers: shared hit=538
        ->  Sort  (cost=9838.42..10088.41 rows=99996 width=5) (actual rows=248818 loops=1)
              Sort Key: a.follower
              Sort Method: external sort  Disk: 1936kB
              Buffers: shared hit=534, temp read=647 written=485
              ->  Seq Scan on follow a  (cost=0.00..1533.96 rows=99996 width=5) (actual rows=99996 loops=1)
                    Buffers: shared hit=534
Planning:
  Buffers: shared hit=8
Planning Time: 0.242 ms
Execution Time: 361.379 ms",367.507,18271.08,25020,"GroupAggregate  (cost=9893.60..18271.08 rows=49622 width=13) (actual rows=25020 loops=1)
  Group Key: a.follower
  Buffers: shared hit=1072, temp read=810 written=485
  ->  Merge Join  (cost=9893.60..16767.32 rows=201507 width=10) (actual rows=198860 loops=1)
        Merge Cond: ((b.followee)::text = (a.follower)::text)
        Buffers: shared hit=1072, temp read=810 written=485
        ->  Index Only Scan using follow_pkey on follow b  (cost=0.42..3656.36 rows=99996 width=9) (actual rows=99996 loops=1)
              Heap Fetches: 0
              Buffers: shared hit=538
        ->  Sort  (cost=9838.42..10088.41 rows=99996 width=5) (actual rows=248818 loops=1)
              Sort Key: a.follower
              Sort Method: external sort  Disk: 1936kB
              Buffers: shared hit=534, temp read=647 written=485
              ->  Seq Scan on follow a  (cost=0.00..1533.96 rows=99996 width=5) (actual rows=99996 loops=1)
                    Buffers: shared hit=534
Planning:
  Buffers: shared hit=8
Planning Time: 0.270 ms
Execution Time: 367.507 ms",363.3392,361.379,367.1795,367.769,18271.08,18271.08,25020,25020,25020,25020,normal,not normal,12.765830199999918,14.602935699999993,equal variances,significant,0.003968253968253968,-257.444,-254.04100000000003,-11612.960000000003,0,True
366,614,28,Medium,"select t_cte_13.c_follower0 as follower, count(b.follower) as num from schema_614.follow as b inner join (select a.follower as c_follower0 from schema_614.follow as a group by a.follower) as t_cte_13 on t_cte_13.c_follower0 = b.followee group by t_cte_13.c_follower0",99.127,6658.12,25020,"HashAggregate  (cost=6656.12..6658.12 rows=200 width=13) (actual rows=25020 loops=1)
  Group Key: a.follower
  Batches: 1  Memory Usage: 2849kB
  Buffers: shared hit=1068, temp read=8 written=31
  ->  Hash Join  (cost=3396.67..5193.18 rows=292588 width=10) (actual rows=99704 loops=1)
        Hash Cond: ((b.followee)::text = (a.follower)::text)
        Buffers: shared hit=1068, temp read=8 written=31
        ->  Seq Scan on follow b  (cost=0.00..1533.96 rows=99996 width=9) (actual rows=99996 loops=1)
              Buffers: shared hit=534
        ->  Hash  (cost=2776.39..2776.39 rows=49622 width=5) (actual rows=49999 loops=1)
              Buckets: 65536  Batches: 1  Memory Usage: 2357kB
              Buffers: shared hit=534, temp read=8 written=31
              ->  HashAggregate  (cost=1783.95..2280.17 rows=49622 width=5) (actual rows=49999 loops=1)
                    Group Key: a.follower
                    Batches: 5  Memory Usage: 4145kB  Disk Usage: 208kB
                    Buffers: shared hit=534, temp read=8 written=31
                    ->  Seq Scan on follow a  (cost=0.00..1533.96 rows=99996 width=5) (actual rows=99996 loops=1)
                          Buffers: shared hit=534
Planning Time: 0.141 ms
Execution Time: 99.127 ms",109.933,6658.12,25020,"HashAggregate  (cost=6656.12..6658.12 rows=200 width=13) (actual rows=25020 loops=1)
  Group Key: a.follower
  Batches: 1  Memory Usage: 2849kB
  Buffers: shared hit=1068, temp read=8 written=31
  ->  Hash Join  (cost=3396.67..5193.18 rows=292588 width=10) (actual rows=99704 loops=1)
        Hash Cond: ((b.followee)::text = (a.follower)::text)
        Buffers: shared hit=1068, temp read=8 written=31
        ->  Seq Scan on follow b  (cost=0.00..1533.96 rows=99996 width=9) (actual rows=99996 loops=1)
              Buffers: shared hit=534
        ->  Hash  (cost=2776.39..2776.39 rows=49622 width=5) (actual rows=49999 loops=1)
              Buckets: 65536  Batches: 1  Memory Usage: 2357kB
              Buffers: shared hit=534, temp read=8 written=31
              ->  HashAggregate  (cost=1783.95..2280.17 rows=49622 width=5) (actual rows=49999 loops=1)
                    Group Key: a.follower
                    Batches: 5  Memory Usage: 4145kB  Disk Usage: 208kB
                    Buffers: shared hit=534, temp read=8 written=31
                    ->  Seq Scan on follow a  (cost=0.00..1533.96 rows=99996 width=5) (actual rows=99996 loops=1)
                          Buffers: shared hit=534
Planning Time: 0.244 ms
Execution Time: 109.933 ms",107.015,6658.12,25020,"HashAggregate  (cost=6656.12..6658.12 rows=200 width=13) (actual rows=25020 loops=1)
  Group Key: a.follower
  Batches: 1  Memory Usage: 2849kB
  Buffers: shared hit=1068, temp read=8 written=31
  ->  Hash Join  (cost=3396.67..5193.18 rows=292588 width=10) (actual rows=99704 loops=1)
        Hash Cond: ((b.followee)::text = (a.follower)::text)
        Buffers: shared hit=1068, temp read=8 written=31
        ->  Seq Scan on follow b  (cost=0.00..1533.96 rows=99996 width=9) (actual rows=99996 loops=1)
              Buffers: shared hit=534
        ->  Hash  (cost=2776.39..2776.39 rows=49622 width=5) (actual rows=49999 loops=1)
              Buckets: 65536  Batches: 1  Memory Usage: 2357kB
              Buffers: shared hit=534, temp read=8 written=31
              ->  HashAggregate  (cost=1783.95..2280.17 rows=49622 width=5) (actual rows=49999 loops=1)
                    Group Key: a.follower
                    Batches: 5  Memory Usage: 4145kB  Disk Usage: 208kB
                    Buffers: shared hit=534, temp read=8 written=31
                    ->  Seq Scan on follow a  (cost=0.00..1533.96 rows=99996 width=5) (actual rows=99996 loops=1)
                          Buffers: shared hit=534
Planning Time: 0.199 ms
Execution Time: 107.015 ms",106.153,6658.12,25020,"HashAggregate  (cost=6656.12..6658.12 rows=200 width=13) (actual rows=25020 loops=1)
  Group Key: a.follower
  Batches: 1  Memory Usage: 2849kB
  Buffers: shared hit=1068, temp read=8 written=31
  ->  Hash Join  (cost=3396.67..5193.18 rows=292588 width=10) (actual rows=99704 loops=1)
        Hash Cond: ((b.followee)::text = (a.follower)::text)
        Buffers: shared hit=1068, temp read=8 written=31
        ->  Seq Scan on follow b  (cost=0.00..1533.96 rows=99996 width=9) (actual rows=99996 loops=1)
              Buffers: shared hit=534
        ->  Hash  (cost=2776.39..2776.39 rows=49622 width=5) (actual rows=49999 loops=1)
              Buckets: 65536  Batches: 1  Memory Usage: 2357kB
              Buffers: shared hit=534, temp read=8 written=31
              ->  HashAggregate  (cost=1783.95..2280.17 rows=49622 width=5) (actual rows=49999 loops=1)
                    Group Key: a.follower
                    Batches: 5  Memory Usage: 4145kB  Disk Usage: 208kB
                    Buffers: shared hit=534, temp read=8 written=31
                    ->  Seq Scan on follow a  (cost=0.00..1533.96 rows=99996 width=5) (actual rows=99996 loops=1)
                          Buffers: shared hit=534
Planning Time: 0.186 ms
Execution Time: 106.153 ms",109.31,6658.12,25020,"HashAggregate  (cost=6656.12..6658.12 rows=200 width=13) (actual rows=25020 loops=1)
  Group Key: a.follower
  Batches: 1  Memory Usage: 2849kB
  Buffers: shared hit=1068, temp read=8 written=31
  ->  Hash Join  (cost=3396.67..5193.18 rows=292588 width=10) (actual rows=99704 loops=1)
        Hash Cond: ((b.followee)::text = (a.follower)::text)
        Buffers: shared hit=1068, temp read=8 written=31
        ->  Seq Scan on follow b  (cost=0.00..1533.96 rows=99996 width=9) (actual rows=99996 loops=1)
              Buffers: shared hit=534
        ->  Hash  (cost=2776.39..2776.39 rows=49622 width=5) (actual rows=49999 loops=1)
              Buckets: 65536  Batches: 1  Memory Usage: 2357kB
              Buffers: shared hit=534, temp read=8 written=31
              ->  HashAggregate  (cost=1783.95..2280.17 rows=49622 width=5) (actual rows=49999 loops=1)
                    Group Key: a.follower
                    Batches: 5  Memory Usage: 4145kB  Disk Usage: 208kB
                    Buffers: shared hit=534, temp read=8 written=31
                    ->  Seq Scan on follow a  (cost=0.00..1533.96 rows=99996 width=5) (actual rows=99996 loops=1)
                          Buffers: shared hit=534
Planning Time: 0.242 ms
Execution Time: 109.310 ms",106.3076,107.015,109.6215,110.1822,6658.12,6658.12,25020,25020,25020,25020,614_28,366,614,28,Medium,"select a.follower, count(distinct b.follower) as num from schema_614.follow as a join schema_614.follow as b on a.follower = b.followee group by 1",356.508,18271.08,25020,"GroupAggregate  (cost=9893.60..18271.08 rows=49622 width=13) (actual rows=25020 loops=1)
  Group Key: a.follower
  Buffers: shared hit=1072, temp read=810 written=485
  ->  Merge Join  (cost=9893.60..16767.32 rows=201507 width=10) (actual rows=198860 loops=1)
        Merge Cond: ((b.followee)::text = (a.follower)::text)
        Buffers: shared hit=1072, temp read=810 written=485
        ->  Index Only Scan using follow_pkey on follow b  (cost=0.42..3656.36 rows=99996 width=9) (actual rows=99996 loops=1)
              Heap Fetches: 0
              Buffers: shared hit=538
        ->  Sort  (cost=9838.42..10088.41 rows=99996 width=5) (actual rows=248818 loops=1)
              Sort Key: a.follower
              Sort Method: external sort  Disk: 1936kB
              Buffers: shared hit=534, temp read=647 written=485
              ->  Seq Scan on follow a  (cost=0.00..1533.96 rows=99996 width=5) (actual rows=99996 loops=1)
                    Buffers: shared hit=534
Planning:
  Buffers: shared hit=8
Planning Time: 0.226 ms
Execution Time: 356.508 ms",365.081,18271.08,25020,"GroupAggregate  (cost=9893.60..18271.08 rows=49622 width=13) (actual rows=25020 loops=1)
  Group Key: a.follower
  Buffers: shared hit=1072, temp read=810 written=485
  ->  Merge Join  (cost=9893.60..16767.32 rows=201507 width=10) (actual rows=198860 loops=1)
        Merge Cond: ((b.followee)::text = (a.follower)::text)
        Buffers: shared hit=1072, temp read=810 written=485
        ->  Index Only Scan using follow_pkey on follow b  (cost=0.42..3656.36 rows=99996 width=9) (actual rows=99996 loops=1)
              Heap Fetches: 0
              Buffers: shared hit=538
        ->  Sort  (cost=9838.42..10088.41 rows=99996 width=5) (actual rows=248818 loops=1)
              Sort Key: a.follower
              Sort Method: external sort  Disk: 1936kB
              Buffers: shared hit=534, temp read=647 written=485
              ->  Seq Scan on follow a  (cost=0.00..1533.96 rows=99996 width=5) (actual rows=99996 loops=1)
                    Buffers: shared hit=534
Planning:
  Buffers: shared hit=8
Planning Time: 0.289 ms
Execution Time: 365.081 ms",400.906,18271.08,25020,"GroupAggregate  (cost=9893.60..18271.08 rows=49622 width=13) (actual rows=25020 loops=1)
  Group Key: a.follower
  Buffers: shared hit=1072, temp read=810 written=485
  ->  Merge Join  (cost=9893.60..16767.32 rows=201507 width=10) (actual rows=198860 loops=1)
        Merge Cond: ((b.followee)::text = (a.follower)::text)
        Buffers: shared hit=1072, temp read=810 written=485
        ->  Index Only Scan using follow_pkey on follow b  (cost=0.42..3656.36 rows=99996 width=9) (actual rows=99996 loops=1)
              Heap Fetches: 0
              Buffers: shared hit=538
        ->  Sort  (cost=9838.42..10088.41 rows=99996 width=5) (actual rows=248818 loops=1)
              Sort Key: a.follower
              Sort Method: external sort  Disk: 1936kB
              Buffers: shared hit=534, temp read=647 written=485
              ->  Seq Scan on follow a  (cost=0.00..1533.96 rows=99996 width=5) (actual rows=99996 loops=1)
                    Buffers: shared hit=534
Planning:
  Buffers: shared hit=8
Planning Time: 0.278 ms
Execution Time: 400.906 ms",362.478,18271.08,25020,"GroupAggregate  (cost=9893.60..18271.08 rows=49622 width=13) (actual rows=25020 loops=1)
  Group Key: a.follower
  Buffers: shared hit=1072, temp read=810 written=485
  ->  Merge Join  (cost=9893.60..16767.32 rows=201507 width=10) (actual rows=198860 loops=1)
        Merge Cond: ((b.followee)::text = (a.follower)::text)
        Buffers: shared hit=1072, temp read=810 written=485
        ->  Index Only Scan using follow_pkey on follow b  (cost=0.42..3656.36 rows=99996 width=9) (actual rows=99996 loops=1)
              Heap Fetches: 0
              Buffers: shared hit=538
        ->  Sort  (cost=9838.42..10088.41 rows=99996 width=5) (actual rows=248818 loops=1)
              Sort Key: a.follower
              Sort Method: external sort  Disk: 1936kB
              Buffers: shared hit=534, temp read=647 written=485
              ->  Seq Scan on follow a  (cost=0.00..1533.96 rows=99996 width=5) (actual rows=99996 loops=1)
                    Buffers: shared hit=534
Planning:
  Buffers: shared hit=8
Planning Time: 0.307 ms
Execution Time: 362.478 ms",361.336,18271.08,25020,"GroupAggregate  (cost=9893.60..18271.08 rows=49622 width=13) (actual rows=25020 loops=1)
  Group Key: a.follower
  Buffers: shared hit=1072, temp read=810 written=485
  ->  Merge Join  (cost=9893.60..16767.32 rows=201507 width=10) (actual rows=198860 loops=1)
        Merge Cond: ((b.followee)::text = (a.follower)::text)
        Buffers: shared hit=1072, temp read=810 written=485
        ->  Index Only Scan using follow_pkey on follow b  (cost=0.42..3656.36 rows=99996 width=9) (actual rows=99996 loops=1)
              Heap Fetches: 0
              Buffers: shared hit=538
        ->  Sort  (cost=9838.42..10088.41 rows=99996 width=5) (actual rows=248818 loops=1)
              Sort Key: a.follower
              Sort Method: external sort  Disk: 1936kB
              Buffers: shared hit=534, temp read=647 written=485
              ->  Seq Scan on follow a  (cost=0.00..1533.96 rows=99996 width=5) (actual rows=99996 loops=1)
                    Buffers: shared hit=534
Planning:
  Buffers: shared hit=8
Planning Time: 0.391 ms
Execution Time: 361.336 ms",369.2618,362.478,382.9935,415.236,18271.08,18271.08,25020,25020,25020,25020,not normal,normal,322.5830362000001,18.56081580000003,equal variances,significant,0.003968253968253968,-262.9542,-255.46300000000002,-11612.960000000003,0,True
369,614,35,Medium,"select t_cte_18.c_follower0 as follower, count(t_cte_8.c_follower1) as num from (select a.follower as c_follower0 from schema_614.follow as a group by a.follower) as t_cte_18 left join (select b.follower as c_follower1, b.followee as c_followee0 from schema_614.follow as b) as t_cte_8 on t_cte_18.c_follower0 = t_cte_8.c_followee0 group by t_cte_18.c_follower0 having 0 < count(t_cte_8.c_follower1)",117.027,6658.62,25020,"HashAggregate  (cost=6656.12..6658.62 rows=67 width=13) (actual rows=25020 loops=1)
  Group Key: a.follower
  Filter: (0 < count(b.follower))
  Batches: 5  Memory Usage: 4161kB  Disk Usage: 712kB
  Rows Removed by Filter: 24979
  Buffers: shared hit=1068, temp read=76 written=167
  ->  Hash Right Join  (cost=3396.67..5193.18 rows=292588 width=10) (actual rows=124683 loops=1)
        Hash Cond: ((b.followee)::text = (a.follower)::text)
        Buffers: shared hit=1068, temp read=8 written=31
        ->  Seq Scan on follow b  (cost=0.00..1533.96 rows=99996 width=9) (actual rows=99996 loops=1)
              Buffers: shared hit=534
        ->  Hash  (cost=2776.39..2776.39 rows=49622 width=5) (actual rows=49999 loops=1)
              Buckets: 65536  Batches: 1  Memory Usage: 2357kB
              Buffers: shared hit=534, temp read=8 written=31
              ->  HashAggregate  (cost=1783.95..2280.17 rows=49622 width=5) (actual rows=49999 loops=1)
                    Group Key: a.follower
                    Batches: 5  Memory Usage: 4145kB  Disk Usage: 208kB
                    Buffers: shared hit=534, temp read=8 written=31
                    ->  Seq Scan on follow a  (cost=0.00..1533.96 rows=99996 width=5) (actual rows=99996 loops=1)
                          Buffers: shared hit=534
Planning Time: 0.122 ms
Execution Time: 117.027 ms",130.577,6658.62,25020,"HashAggregate  (cost=6656.12..6658.62 rows=67 width=13) (actual rows=25020 loops=1)
  Group Key: a.follower
  Filter: (0 < count(b.follower))
  Batches: 5  Memory Usage: 4161kB  Disk Usage: 712kB
  Rows Removed by Filter: 24979
  Buffers: shared hit=1068, temp read=76 written=167
  ->  Hash Right Join  (cost=3396.67..5193.18 rows=292588 width=10) (actual rows=124683 loops=1)
        Hash Cond: ((b.followee)::text = (a.follower)::text)
        Buffers: shared hit=1068, temp read=8 written=31
        ->  Seq Scan on follow b  (cost=0.00..1533.96 rows=99996 width=9) (actual rows=99996 loops=1)
              Buffers: shared hit=534
        ->  Hash  (cost=2776.39..2776.39 rows=49622 width=5) (actual rows=49999 loops=1)
              Buckets: 65536  Batches: 1  Memory Usage: 2357kB
              Buffers: shared hit=534, temp read=8 written=31
              ->  HashAggregate  (cost=1783.95..2280.17 rows=49622 width=5) (actual rows=49999 loops=1)
                    Group Key: a.follower
                    Batches: 5  Memory Usage: 4145kB  Disk Usage: 208kB
                    Buffers: shared hit=534, temp read=8 written=31
                    ->  Seq Scan on follow a  (cost=0.00..1533.96 rows=99996 width=5) (actual rows=99996 loops=1)
                          Buffers: shared hit=534
Planning Time: 0.278 ms
Execution Time: 130.577 ms",129.644,6658.62,25020,"HashAggregate  (cost=6656.12..6658.62 rows=67 width=13) (actual rows=25020 loops=1)
  Group Key: a.follower
  Filter: (0 < count(b.follower))
  Batches: 5  Memory Usage: 4161kB  Disk Usage: 712kB
  Rows Removed by Filter: 24979
  Buffers: shared hit=1068, temp read=76 written=167
  ->  Hash Right Join  (cost=3396.67..5193.18 rows=292588 width=10) (actual rows=124683 loops=1)
        Hash Cond: ((b.followee)::text = (a.follower)::text)
        Buffers: shared hit=1068, temp read=8 written=31
        ->  Seq Scan on follow b  (cost=0.00..1533.96 rows=99996 width=9) (actual rows=99996 loops=1)
              Buffers: shared hit=534
        ->  Hash  (cost=2776.39..2776.39 rows=49622 width=5) (actual rows=49999 loops=1)
              Buckets: 65536  Batches: 1  Memory Usage: 2357kB
              Buffers: shared hit=534, temp read=8 written=31
              ->  HashAggregate  (cost=1783.95..2280.17 rows=49622 width=5) (actual rows=49999 loops=1)
                    Group Key: a.follower
                    Batches: 5  Memory Usage: 4145kB  Disk Usage: 208kB
                    Buffers: shared hit=534, temp read=8 written=31
                    ->  Seq Scan on follow a  (cost=0.00..1533.96 rows=99996 width=5) (actual rows=99996 loops=1)
                          Buffers: shared hit=534
Planning Time: 0.230 ms
Execution Time: 129.644 ms",128.116,6658.62,25020,"HashAggregate  (cost=6656.12..6658.62 rows=67 width=13) (actual rows=25020 loops=1)
  Group Key: a.follower
  Filter: (0 < count(b.follower))
  Batches: 5  Memory Usage: 4161kB  Disk Usage: 712kB
  Rows Removed by Filter: 24979
  Buffers: shared hit=1068, temp read=76 written=167
  ->  Hash Right Join  (cost=3396.67..5193.18 rows=292588 width=10) (actual rows=124683 loops=1)
        Hash Cond: ((b.followee)::text = (a.follower)::text)
        Buffers: shared hit=1068, temp read=8 written=31
        ->  Seq Scan on follow b  (cost=0.00..1533.96 rows=99996 width=9) (actual rows=99996 loops=1)
              Buffers: shared hit=534
        ->  Hash  (cost=2776.39..2776.39 rows=49622 width=5) (actual rows=49999 loops=1)
              Buckets: 65536  Batches: 1  Memory Usage: 2357kB
              Buffers: shared hit=534, temp read=8 written=31
              ->  HashAggregate  (cost=1783.95..2280.17 rows=49622 width=5) (actual rows=49999 loops=1)
                    Group Key: a.follower
                    Batches: 5  Memory Usage: 4145kB  Disk Usage: 208kB
                    Buffers: shared hit=534, temp read=8 written=31
                    ->  Seq Scan on follow a  (cost=0.00..1533.96 rows=99996 width=5) (actual rows=99996 loops=1)
                          Buffers: shared hit=534
Planning Time: 0.236 ms
Execution Time: 128.116 ms",125.866,6658.62,25020,"HashAggregate  (cost=6656.12..6658.62 rows=67 width=13) (actual rows=25020 loops=1)
  Group Key: a.follower
  Filter: (0 < count(b.follower))
  Batches: 5  Memory Usage: 4161kB  Disk Usage: 712kB
  Rows Removed by Filter: 24979
  Buffers: shared hit=1068, temp read=76 written=167
  ->  Hash Right Join  (cost=3396.67..5193.18 rows=292588 width=10) (actual rows=124683 loops=1)
        Hash Cond: ((b.followee)::text = (a.follower)::text)
        Buffers: shared hit=1068, temp read=8 written=31
        ->  Seq Scan on follow b  (cost=0.00..1533.96 rows=99996 width=9) (actual rows=99996 loops=1)
              Buffers: shared hit=534
        ->  Hash  (cost=2776.39..2776.39 rows=49622 width=5) (actual rows=49999 loops=1)
              Buckets: 65536  Batches: 1  Memory Usage: 2357kB
              Buffers: shared hit=534, temp read=8 written=31
              ->  HashAggregate  (cost=1783.95..2280.17 rows=49622 width=5) (actual rows=49999 loops=1)
                    Group Key: a.follower
                    Batches: 5  Memory Usage: 4145kB  Disk Usage: 208kB
                    Buffers: shared hit=534, temp read=8 written=31
                    ->  Seq Scan on follow a  (cost=0.00..1533.96 rows=99996 width=5) (actual rows=99996 loops=1)
                          Buffers: shared hit=534
Planning Time: 0.131 ms
Execution Time: 125.866 ms",126.246,128.116,130.1105,130.9502,6658.62,6658.62,25020,25020,25020,25020,614_35,369,614,35,Medium,"select a.follower, count(distinct b.follower) as num from schema_614.follow as a left outer join schema_614.follow as b on a.follower = b.followee group by a.follower having count(distinct b.follower) > 0",595.678,24823.68,25020,"GroupAggregate  (cost=19687.41..24823.68 rows=16541 width=13) (actual rows=25020 loops=1)
  Group Key: a.follower
  Filter: (count(DISTINCT b.follower) > 0)
  Rows Removed by Filter: 24979
  Buffers: shared hit=1068, temp read=1401 written=803
  ->  Merge Left Join  (cost=19687.41..23195.87 rows=201507 width=10) (actual rows=248818 loops=1)
        Merge Cond: ((a.follower)::text = (b.followee)::text)
        Buffers: shared hit=1068, temp read=1401 written=803
        ->  Sort  (cost=9838.42..10088.41 rows=99996 width=5) (actual rows=99996 loops=1)
              Sort Key: a.follower
              Sort Method: external merge  Disk: 1552kB
              Buffers: shared hit=534, temp read=194 written=195
              ->  Seq Scan on follow a  (cost=0.00..1533.96 rows=99996 width=5) (actual rows=99996 loops=1)
                    Buffers: shared hit=534
        ->  Sort  (cost=9838.42..10088.41 rows=99996 width=9) (actual rows=199151 loops=1)
              Sort Key: b.followee
              Sort Method: external sort  Disk: 2432kB
              Buffers: shared hit=534, temp read=907 written=608
              ->  Seq Scan on follow b  (cost=0.00..1533.96 rows=99996 width=9) (actual rows=99996 loops=1)
                    Buffers: shared hit=534
Planning:
  Buffers: shared hit=8
Planning Time: 0.292 ms
Execution Time: 595.678 ms",597.25,24823.68,25020,"GroupAggregate  (cost=19687.41..24823.68 rows=16541 width=13) (actual rows=25020 loops=1)
  Group Key: a.follower
  Filter: (count(DISTINCT b.follower) > 0)
  Rows Removed by Filter: 24979
  Buffers: shared hit=1068, temp read=1401 written=803
  ->  Merge Left Join  (cost=19687.41..23195.87 rows=201507 width=10) (actual rows=248818 loops=1)
        Merge Cond: ((a.follower)::text = (b.followee)::text)
        Buffers: shared hit=1068, temp read=1401 written=803
        ->  Sort  (cost=9838.42..10088.41 rows=99996 width=5) (actual rows=99996 loops=1)
              Sort Key: a.follower
              Sort Method: external merge  Disk: 1552kB
              Buffers: shared hit=534, temp read=194 written=195
              ->  Seq Scan on follow a  (cost=0.00..1533.96 rows=99996 width=5) (actual rows=99996 loops=1)
                    Buffers: shared hit=534
        ->  Sort  (cost=9838.42..10088.41 rows=99996 width=9) (actual rows=199151 loops=1)
              Sort Key: b.followee
              Sort Method: external sort  Disk: 2432kB
              Buffers: shared hit=534, temp read=907 written=608
              ->  Seq Scan on follow b  (cost=0.00..1533.96 rows=99996 width=9) (actual rows=99996 loops=1)
                    Buffers: shared hit=534
Planning:
  Buffers: shared hit=8
Planning Time: 0.224 ms
Execution Time: 597.250 ms",604.747,24823.68,25020,"GroupAggregate  (cost=19687.41..24823.68 rows=16541 width=13) (actual rows=25020 loops=1)
  Group Key: a.follower
  Filter: (count(DISTINCT b.follower) > 0)
  Rows Removed by Filter: 24979
  Buffers: shared hit=1068, temp read=1401 written=803
  ->  Merge Left Join  (cost=19687.41..23195.87 rows=201507 width=10) (actual rows=248818 loops=1)
        Merge Cond: ((a.follower)::text = (b.followee)::text)
        Buffers: shared hit=1068, temp read=1401 written=803
        ->  Sort  (cost=9838.42..10088.41 rows=99996 width=5) (actual rows=99996 loops=1)
              Sort Key: a.follower
              Sort Method: external merge  Disk: 1552kB
              Buffers: shared hit=534, temp read=194 written=195
              ->  Seq Scan on follow a  (cost=0.00..1533.96 rows=99996 width=5) (actual rows=99996 loops=1)
                    Buffers: shared hit=534
        ->  Sort  (cost=9838.42..10088.41 rows=99996 width=9) (actual rows=199151 loops=1)
              Sort Key: b.followee
              Sort Method: external sort  Disk: 2432kB
              Buffers: shared hit=534, temp read=907 written=608
              ->  Seq Scan on follow b  (cost=0.00..1533.96 rows=99996 width=9) (actual rows=99996 loops=1)
                    Buffers: shared hit=534
Planning:
  Buffers: shared hit=8
Planning Time: 0.325 ms
Execution Time: 604.747 ms",601.143,24823.68,25020,"GroupAggregate  (cost=19687.41..24823.68 rows=16541 width=13) (actual rows=25020 loops=1)
  Group Key: a.follower
  Filter: (count(DISTINCT b.follower) > 0)
  Rows Removed by Filter: 24979
  Buffers: shared hit=1068, temp read=1401 written=803
  ->  Merge Left Join  (cost=19687.41..23195.87 rows=201507 width=10) (actual rows=248818 loops=1)
        Merge Cond: ((a.follower)::text = (b.followee)::text)
        Buffers: shared hit=1068, temp read=1401 written=803
        ->  Sort  (cost=9838.42..10088.41 rows=99996 width=5) (actual rows=99996 loops=1)
              Sort Key: a.follower
              Sort Method: external merge  Disk: 1552kB
              Buffers: shared hit=534, temp read=194 written=195
              ->  Seq Scan on follow a  (cost=0.00..1533.96 rows=99996 width=5) (actual rows=99996 loops=1)
                    Buffers: shared hit=534
        ->  Sort  (cost=9838.42..10088.41 rows=99996 width=9) (actual rows=199151 loops=1)
              Sort Key: b.followee
              Sort Method: external sort  Disk: 2432kB
              Buffers: shared hit=534, temp read=907 written=608
              ->  Seq Scan on follow b  (cost=0.00..1533.96 rows=99996 width=9) (actual rows=99996 loops=1)
                    Buffers: shared hit=534
Planning:
  Buffers: shared hit=8
Planning Time: 0.337 ms
Execution Time: 601.143 ms",601.311,24823.68,25020,"GroupAggregate  (cost=19687.41..24823.68 rows=16541 width=13) (actual rows=25020 loops=1)
  Group Key: a.follower
  Filter: (count(DISTINCT b.follower) > 0)
  Rows Removed by Filter: 24979
  Buffers: shared hit=1068, temp read=1401 written=803
  ->  Merge Left Join  (cost=19687.41..23195.87 rows=201507 width=10) (actual rows=248818 loops=1)
        Merge Cond: ((a.follower)::text = (b.followee)::text)
        Buffers: shared hit=1068, temp read=1401 written=803
        ->  Sort  (cost=9838.42..10088.41 rows=99996 width=5) (actual rows=99996 loops=1)
              Sort Key: a.follower
              Sort Method: external merge  Disk: 1552kB
              Buffers: shared hit=534, temp read=194 written=195
              ->  Seq Scan on follow a  (cost=0.00..1533.96 rows=99996 width=5) (actual rows=99996 loops=1)
                    Buffers: shared hit=534
        ->  Sort  (cost=9838.42..10088.41 rows=99996 width=9) (actual rows=199151 loops=1)
              Sort Key: b.followee
              Sort Method: external sort  Disk: 2432kB
              Buffers: shared hit=534, temp read=907 written=608
              ->  Seq Scan on follow b  (cost=0.00..1533.96 rows=99996 width=9) (actual rows=99996 loops=1)
                    Buffers: shared hit=534
Planning:
  Buffers: shared hit=8
Planning Time: 0.304 ms
Execution Time: 601.311 ms",600.0258,601.143,603.029,606.1214,24823.68,24823.68,25020,25020,25020,25020,normal,normal,12.949508699999944,29.73380650000001,equal variances,significant,0.003968253968253968,-473.7798,-473.02700000000004,-18165.06,0,True
370,614,36,Medium,"select t_cte_19.c_followee0 as follower, count(t_cte_19.c_follower0) as num from (select distinct b.followee as c_followee0, b.follower as c_follower0 from schema_614.follow as b) as t_cte_19 inner join (select distinct a.follower as c_follower1 from schema_614.follow as a) as t_cte_10 on t_cte_10.c_follower1 = t_cte_19.c_followee0 group by t_cte_10.c_follower1,t_cte_19.c_followee0",156.972,10837.09,25020,"HashAggregate  (cost=9856.28..10837.09 rows=49622 width=17) (actual rows=25020 loops=1)
  Group Key: a.follower, b.followee
  Batches: 1  Memory Usage: 3601kB
  Buffers: shared hit=1068, temp read=201 written=386
  ->  Hash Join  (cost=5430.60..6553.31 rows=49622 width=14) (actual rows=99704 loops=1)
        Hash Cond: ((b.followee)::text = (a.follower)::text)
        Buffers: shared hit=1068, temp read=201 written=386
        ->  HashAggregate  (cost=2033.94..2530.16 rows=49622 width=9) (actual rows=99996 loops=1)
              Group Key: b.followee, b.follower
              Batches: 5  Memory Usage: 4145kB  Disk Usage: 1728kB
              Buffers: shared hit=534, temp read=193 written=355
              ->  Seq Scan on follow b  (cost=0.00..1533.96 rows=99996 width=9) (actual rows=99996 loops=1)
                    Buffers: shared hit=534
        ->  Hash  (cost=2776.39..2776.39 rows=49622 width=5) (actual rows=49999 loops=1)
              Buckets: 65536  Batches: 1  Memory Usage: 2357kB
              Buffers: shared hit=534, temp read=8 written=31
              ->  HashAggregate  (cost=1783.95..2280.17 rows=49622 width=5) (actual rows=49999 loops=1)
                    Group Key: a.follower
                    Batches: 5  Memory Usage: 4145kB  Disk Usage: 208kB
                    Buffers: shared hit=534, temp read=8 written=31
                    ->  Seq Scan on follow a  (cost=0.00..1533.96 rows=99996 width=5) (actual rows=99996 loops=1)
                          Buffers: shared hit=534
Planning Time: 0.124 ms
Execution Time: 156.972 ms",169.19,10837.09,25020,"HashAggregate  (cost=9856.28..10837.09 rows=49622 width=17) (actual rows=25020 loops=1)
  Group Key: a.follower, b.followee
  Batches: 1  Memory Usage: 3601kB
  Buffers: shared hit=1068, temp read=201 written=386
  ->  Hash Join  (cost=5430.60..6553.31 rows=49622 width=14) (actual rows=99704 loops=1)
        Hash Cond: ((b.followee)::text = (a.follower)::text)
        Buffers: shared hit=1068, temp read=201 written=386
        ->  HashAggregate  (cost=2033.94..2530.16 rows=49622 width=9) (actual rows=99996 loops=1)
              Group Key: b.followee, b.follower
              Batches: 5  Memory Usage: 4145kB  Disk Usage: 1728kB
              Buffers: shared hit=534, temp read=193 written=355
              ->  Seq Scan on follow b  (cost=0.00..1533.96 rows=99996 width=9) (actual rows=99996 loops=1)
                    Buffers: shared hit=534
        ->  Hash  (cost=2776.39..2776.39 rows=49622 width=5) (actual rows=49999 loops=1)
              Buckets: 65536  Batches: 1  Memory Usage: 2357kB
              Buffers: shared hit=534, temp read=8 written=31
              ->  HashAggregate  (cost=1783.95..2280.17 rows=49622 width=5) (actual rows=49999 loops=1)
                    Group Key: a.follower
                    Batches: 5  Memory Usage: 4145kB  Disk Usage: 208kB
                    Buffers: shared hit=534, temp read=8 written=31
                    ->  Seq Scan on follow a  (cost=0.00..1533.96 rows=99996 width=5) (actual rows=99996 loops=1)
                          Buffers: shared hit=534
Planning Time: 0.168 ms
Execution Time: 169.190 ms",166.198,10837.09,25020,"HashAggregate  (cost=9856.28..10837.09 rows=49622 width=17) (actual rows=25020 loops=1)
  Group Key: a.follower, b.followee
  Batches: 1  Memory Usage: 3601kB
  Buffers: shared hit=1068, temp read=201 written=386
  ->  Hash Join  (cost=5430.60..6553.31 rows=49622 width=14) (actual rows=99704 loops=1)
        Hash Cond: ((b.followee)::text = (a.follower)::text)
        Buffers: shared hit=1068, temp read=201 written=386
        ->  HashAggregate  (cost=2033.94..2530.16 rows=49622 width=9) (actual rows=99996 loops=1)
              Group Key: b.followee, b.follower
              Batches: 5  Memory Usage: 4145kB  Disk Usage: 1728kB
              Buffers: shared hit=534, temp read=193 written=355
              ->  Seq Scan on follow b  (cost=0.00..1533.96 rows=99996 width=9) (actual rows=99996 loops=1)
                    Buffers: shared hit=534
        ->  Hash  (cost=2776.39..2776.39 rows=49622 width=5) (actual rows=49999 loops=1)
              Buckets: 65536  Batches: 1  Memory Usage: 2357kB
              Buffers: shared hit=534, temp read=8 written=31
              ->  HashAggregate  (cost=1783.95..2280.17 rows=49622 width=5) (actual rows=49999 loops=1)
                    Group Key: a.follower
                    Batches: 5  Memory Usage: 4145kB  Disk Usage: 208kB
                    Buffers: shared hit=534, temp read=8 written=31
                    ->  Seq Scan on follow a  (cost=0.00..1533.96 rows=99996 width=5) (actual rows=99996 loops=1)
                          Buffers: shared hit=534
Planning Time: 0.182 ms
Execution Time: 166.198 ms",165.99,10837.09,25020,"HashAggregate  (cost=9856.28..10837.09 rows=49622 width=17) (actual rows=25020 loops=1)
  Group Key: a.follower, b.followee
  Batches: 1  Memory Usage: 3601kB
  Buffers: shared hit=1068, temp read=201 written=386
  ->  Hash Join  (cost=5430.60..6553.31 rows=49622 width=14) (actual rows=99704 loops=1)
        Hash Cond: ((b.followee)::text = (a.follower)::text)
        Buffers: shared hit=1068, temp read=201 written=386
        ->  HashAggregate  (cost=2033.94..2530.16 rows=49622 width=9) (actual rows=99996 loops=1)
              Group Key: b.followee, b.follower
              Batches: 5  Memory Usage: 4145kB  Disk Usage: 1728kB
              Buffers: shared hit=534, temp read=193 written=355
              ->  Seq Scan on follow b  (cost=0.00..1533.96 rows=99996 width=9) (actual rows=99996 loops=1)
                    Buffers: shared hit=534
        ->  Hash  (cost=2776.39..2776.39 rows=49622 width=5) (actual rows=49999 loops=1)
              Buckets: 65536  Batches: 1  Memory Usage: 2357kB
              Buffers: shared hit=534, temp read=8 written=31
              ->  HashAggregate  (cost=1783.95..2280.17 rows=49622 width=5) (actual rows=49999 loops=1)
                    Group Key: a.follower
                    Batches: 5  Memory Usage: 4145kB  Disk Usage: 208kB
                    Buffers: shared hit=534, temp read=8 written=31
                    ->  Seq Scan on follow a  (cost=0.00..1533.96 rows=99996 width=5) (actual rows=99996 loops=1)
                          Buffers: shared hit=534
Planning Time: 0.147 ms
Execution Time: 165.990 ms",170.832,10837.09,25020,"HashAggregate  (cost=9856.28..10837.09 rows=49622 width=17) (actual rows=25020 loops=1)
  Group Key: a.follower, b.followee
  Batches: 1  Memory Usage: 3601kB
  Buffers: shared hit=1068, temp read=201 written=386
  ->  Hash Join  (cost=5430.60..6553.31 rows=49622 width=14) (actual rows=99704 loops=1)
        Hash Cond: ((b.followee)::text = (a.follower)::text)
        Buffers: shared hit=1068, temp read=201 written=386
        ->  HashAggregate  (cost=2033.94..2530.16 rows=49622 width=9) (actual rows=99996 loops=1)
              Group Key: b.followee, b.follower
              Batches: 5  Memory Usage: 4145kB  Disk Usage: 1728kB
              Buffers: shared hit=534, temp read=193 written=355
              ->  Seq Scan on follow b  (cost=0.00..1533.96 rows=99996 width=9) (actual rows=99996 loops=1)
                    Buffers: shared hit=534
        ->  Hash  (cost=2776.39..2776.39 rows=49622 width=5) (actual rows=49999 loops=1)
              Buckets: 65536  Batches: 1  Memory Usage: 2357kB
              Buffers: shared hit=534, temp read=8 written=31
              ->  HashAggregate  (cost=1783.95..2280.17 rows=49622 width=5) (actual rows=49999 loops=1)
                    Group Key: a.follower
                    Batches: 5  Memory Usage: 4145kB  Disk Usage: 208kB
                    Buffers: shared hit=534, temp read=8 written=31
                    ->  Seq Scan on follow a  (cost=0.00..1533.96 rows=99996 width=5) (actual rows=99996 loops=1)
                          Buffers: shared hit=534
Planning Time: 0.185 ms
Execution Time: 170.832 ms",165.8364,166.198,170.011,171.4888,10837.09,10837.09,25020,25020,25020,25020,614_36,370,614,36,Medium,"select distinct b.followee as follower, count(distinct b.follower) as num from schema_614.follow as a join schema_614.follow as b on a.follower = b.followee group by a.follower, b.followee order by b.followee",370.543,43691.74,25020,"Unique  (cost=42180.43..43691.74 rows=201507 width=17) (actual rows=25020 loops=1)
  Buffers: shared hit=1072, temp read=810 written=485
  ->  Sort  (cost=42180.43..42684.20 rows=201507 width=17) (actual rows=25020 loops=1)
        Sort Key: b.followee, (count(DISTINCT b.follower))
        Sort Method: quicksort  Memory: 2723kB
        Buffers: shared hit=1072, temp read=810 written=485
        ->  GroupAggregate  (cost=9893.60..20293.69 rows=201507 width=17) (actual rows=25020 loops=1)
              Group Key: b.followee, a.follower
              Buffers: shared hit=1072, temp read=810 written=485
              ->  Merge Join  (cost=9893.60..16767.32 rows=201507 width=14) (actual rows=198860 loops=1)
                    Merge Cond: ((b.followee)::text = (a.follower)::text)
                    Buffers: shared hit=1072, temp read=810 written=485
                    ->  Index Only Scan using follow_pkey on follow b  (cost=0.42..3656.36 rows=99996 width=9) (actual rows=99996 loops=1)
                          Heap Fetches: 0
                          Buffers: shared hit=538
                    ->  Sort  (cost=9838.42..10088.41 rows=99996 width=5) (actual rows=248818 loops=1)
                          Sort Key: a.follower
                          Sort Method: external sort  Disk: 1936kB
                          Buffers: shared hit=534, temp read=647 written=485
                          ->  Seq Scan on follow a  (cost=0.00..1533.96 rows=99996 width=5) (actual rows=99996 loops=1)
                                Buffers: shared hit=534
Planning:
  Buffers: shared hit=8
Planning Time: 0.219 ms
Execution Time: 370.543 ms",385.165,43691.74,25020,"Unique  (cost=42180.43..43691.74 rows=201507 width=17) (actual rows=25020 loops=1)
  Buffers: shared hit=1072, temp read=810 written=485
  ->  Sort  (cost=42180.43..42684.20 rows=201507 width=17) (actual rows=25020 loops=1)
        Sort Key: b.followee, (count(DISTINCT b.follower))
        Sort Method: quicksort  Memory: 2723kB
        Buffers: shared hit=1072, temp read=810 written=485
        ->  GroupAggregate  (cost=9893.60..20293.69 rows=201507 width=17) (actual rows=25020 loops=1)
              Group Key: b.followee, a.follower
              Buffers: shared hit=1072, temp read=810 written=485
              ->  Merge Join  (cost=9893.60..16767.32 rows=201507 width=14) (actual rows=198860 loops=1)
                    Merge Cond: ((b.followee)::text = (a.follower)::text)
                    Buffers: shared hit=1072, temp read=810 written=485
                    ->  Index Only Scan using follow_pkey on follow b  (cost=0.42..3656.36 rows=99996 width=9) (actual rows=99996 loops=1)
                          Heap Fetches: 0
                          Buffers: shared hit=538
                    ->  Sort  (cost=9838.42..10088.41 rows=99996 width=5) (actual rows=248818 loops=1)
                          Sort Key: a.follower
                          Sort Method: external sort  Disk: 1936kB
                          Buffers: shared hit=534, temp read=647 written=485
                          ->  Seq Scan on follow a  (cost=0.00..1533.96 rows=99996 width=5) (actual rows=99996 loops=1)
                                Buffers: shared hit=534
Planning:
  Buffers: shared hit=8
Planning Time: 0.324 ms
Execution Time: 385.165 ms",381.486,43691.74,25020,"Unique  (cost=42180.43..43691.74 rows=201507 width=17) (actual rows=25020 loops=1)
  Buffers: shared hit=1072, temp read=810 written=485
  ->  Sort  (cost=42180.43..42684.20 rows=201507 width=17) (actual rows=25020 loops=1)
        Sort Key: b.followee, (count(DISTINCT b.follower))
        Sort Method: quicksort  Memory: 2723kB
        Buffers: shared hit=1072, temp read=810 written=485
        ->  GroupAggregate  (cost=9893.60..20293.69 rows=201507 width=17) (actual rows=25020 loops=1)
              Group Key: b.followee, a.follower
              Buffers: shared hit=1072, temp read=810 written=485
              ->  Merge Join  (cost=9893.60..16767.32 rows=201507 width=14) (actual rows=198860 loops=1)
                    Merge Cond: ((b.followee)::text = (a.follower)::text)
                    Buffers: shared hit=1072, temp read=810 written=485
                    ->  Index Only Scan using follow_pkey on follow b  (cost=0.42..3656.36 rows=99996 width=9) (actual rows=99996 loops=1)
                          Heap Fetches: 0
                          Buffers: shared hit=538
                    ->  Sort  (cost=9838.42..10088.41 rows=99996 width=5) (actual rows=248818 loops=1)
                          Sort Key: a.follower
                          Sort Method: external sort  Disk: 1936kB
                          Buffers: shared hit=534, temp read=647 written=485
                          ->  Seq Scan on follow a  (cost=0.00..1533.96 rows=99996 width=5) (actual rows=99996 loops=1)
                                Buffers: shared hit=534
Planning:
  Buffers: shared hit=8
Planning Time: 0.298 ms
Execution Time: 381.486 ms",375.194,43691.74,25020,"Unique  (cost=42180.43..43691.74 rows=201507 width=17) (actual rows=25020 loops=1)
  Buffers: shared hit=1072, temp read=810 written=485
  ->  Sort  (cost=42180.43..42684.20 rows=201507 width=17) (actual rows=25020 loops=1)
        Sort Key: b.followee, (count(DISTINCT b.follower))
        Sort Method: quicksort  Memory: 2723kB
        Buffers: shared hit=1072, temp read=810 written=485
        ->  GroupAggregate  (cost=9893.60..20293.69 rows=201507 width=17) (actual rows=25020 loops=1)
              Group Key: b.followee, a.follower
              Buffers: shared hit=1072, temp read=810 written=485
              ->  Merge Join  (cost=9893.60..16767.32 rows=201507 width=14) (actual rows=198860 loops=1)
                    Merge Cond: ((b.followee)::text = (a.follower)::text)
                    Buffers: shared hit=1072, temp read=810 written=485
                    ->  Index Only Scan using follow_pkey on follow b  (cost=0.42..3656.36 rows=99996 width=9) (actual rows=99996 loops=1)
                          Heap Fetches: 0
                          Buffers: shared hit=538
                    ->  Sort  (cost=9838.42..10088.41 rows=99996 width=5) (actual rows=248818 loops=1)
                          Sort Key: a.follower
                          Sort Method: external sort  Disk: 1936kB
                          Buffers: shared hit=534, temp read=647 written=485
                          ->  Seq Scan on follow a  (cost=0.00..1533.96 rows=99996 width=5) (actual rows=99996 loops=1)
                                Buffers: shared hit=534
Planning:
  Buffers: shared hit=8
Planning Time: 0.203 ms
Execution Time: 375.194 ms",377.901,43691.74,25020,"Unique  (cost=42180.43..43691.74 rows=201507 width=17) (actual rows=25020 loops=1)
  Buffers: shared hit=1072, temp read=810 written=485
  ->  Sort  (cost=42180.43..42684.20 rows=201507 width=17) (actual rows=25020 loops=1)
        Sort Key: b.followee, (count(DISTINCT b.follower))
        Sort Method: quicksort  Memory: 2723kB
        Buffers: shared hit=1072, temp read=810 written=485
        ->  GroupAggregate  (cost=9893.60..20293.69 rows=201507 width=17) (actual rows=25020 loops=1)
              Group Key: b.followee, a.follower
              Buffers: shared hit=1072, temp read=810 written=485
              ->  Merge Join  (cost=9893.60..16767.32 rows=201507 width=14) (actual rows=198860 loops=1)
                    Merge Cond: ((b.followee)::text = (a.follower)::text)
                    Buffers: shared hit=1072, temp read=810 written=485
                    ->  Index Only Scan using follow_pkey on follow b  (cost=0.42..3656.36 rows=99996 width=9) (actual rows=99996 loops=1)
                          Heap Fetches: 0
                          Buffers: shared hit=538
                    ->  Sort  (cost=9838.42..10088.41 rows=99996 width=5) (actual rows=248818 loops=1)
                          Sort Key: a.follower
                          Sort Method: external sort  Disk: 1936kB
                          Buffers: shared hit=534, temp read=647 written=485
                          ->  Seq Scan on follow a  (cost=0.00..1533.96 rows=99996 width=5) (actual rows=99996 loops=1)
                                Buffers: shared hit=534
Planning:
  Buffers: shared hit=8
Planning Time: 0.307 ms
Execution Time: 377.901 ms",378.0578,377.901,383.3255,386.6366,43691.74,43691.74,25020,25020,25020,25020,normal,normal,31.740750700000007,28.733646799999946,equal variances,significant,0.003968253968253968,-212.2214,-211.703,-32854.649999999994,0,True
372,614,41,Medium,"select t_cte_7.c_follower0 as follower, count(ff.follower) as num from (select f.follower as c_follower0 from schema_614.follow as f group by f.follower) as t_cte_7 inner join schema_614.follow as ff on t_cte_7.c_follower0 = ff.followee group by t_cte_7.c_follower0",98.676,6658.12,25020,"HashAggregate  (cost=6656.12..6658.12 rows=200 width=13) (actual rows=25020 loops=1)
  Group Key: f.follower
  Batches: 1  Memory Usage: 2849kB
  Buffers: shared hit=1068, temp read=8 written=31
  ->  Hash Join  (cost=3396.67..5193.18 rows=292588 width=10) (actual rows=99704 loops=1)
        Hash Cond: ((ff.followee)::text = (f.follower)::text)
        Buffers: shared hit=1068, temp read=8 written=31
        ->  Seq Scan on follow ff  (cost=0.00..1533.96 rows=99996 width=9) (actual rows=99996 loops=1)
              Buffers: shared hit=534
        ->  Hash  (cost=2776.39..2776.39 rows=49622 width=5) (actual rows=49999 loops=1)
              Buckets: 65536  Batches: 1  Memory Usage: 2357kB
              Buffers: shared hit=534, temp read=8 written=31
              ->  HashAggregate  (cost=1783.95..2280.17 rows=49622 width=5) (actual rows=49999 loops=1)
                    Group Key: f.follower
                    Batches: 5  Memory Usage: 4145kB  Disk Usage: 208kB
                    Buffers: shared hit=534, temp read=8 written=31
                    ->  Seq Scan on follow f  (cost=0.00..1533.96 rows=99996 width=5) (actual rows=99996 loops=1)
                          Buffers: shared hit=534
Planning Time: 0.111 ms
Execution Time: 98.676 ms",109.685,6658.12,25020,"HashAggregate  (cost=6656.12..6658.12 rows=200 width=13) (actual rows=25020 loops=1)
  Group Key: f.follower
  Batches: 1  Memory Usage: 2849kB
  Buffers: shared hit=1068, temp read=8 written=31
  ->  Hash Join  (cost=3396.67..5193.18 rows=292588 width=10) (actual rows=99704 loops=1)
        Hash Cond: ((ff.followee)::text = (f.follower)::text)
        Buffers: shared hit=1068, temp read=8 written=31
        ->  Seq Scan on follow ff  (cost=0.00..1533.96 rows=99996 width=9) (actual rows=99996 loops=1)
              Buffers: shared hit=534
        ->  Hash  (cost=2776.39..2776.39 rows=49622 width=5) (actual rows=49999 loops=1)
              Buckets: 65536  Batches: 1  Memory Usage: 2357kB
              Buffers: shared hit=534, temp read=8 written=31
              ->  HashAggregate  (cost=1783.95..2280.17 rows=49622 width=5) (actual rows=49999 loops=1)
                    Group Key: f.follower
                    Batches: 5  Memory Usage: 4145kB  Disk Usage: 208kB
                    Buffers: shared hit=534, temp read=8 written=31
                    ->  Seq Scan on follow f  (cost=0.00..1533.96 rows=99996 width=5) (actual rows=99996 loops=1)
                          Buffers: shared hit=534
Planning Time: 0.186 ms
Execution Time: 109.685 ms",120.409,6658.12,25020,"HashAggregate  (cost=6656.12..6658.12 rows=200 width=13) (actual rows=25020 loops=1)
  Group Key: f.follower
  Batches: 1  Memory Usage: 2849kB
  Buffers: shared hit=1068, temp read=8 written=31
  ->  Hash Join  (cost=3396.67..5193.18 rows=292588 width=10) (actual rows=99704 loops=1)
        Hash Cond: ((ff.followee)::text = (f.follower)::text)
        Buffers: shared hit=1068, temp read=8 written=31
        ->  Seq Scan on follow ff  (cost=0.00..1533.96 rows=99996 width=9) (actual rows=99996 loops=1)
              Buffers: shared hit=534
        ->  Hash  (cost=2776.39..2776.39 rows=49622 width=5) (actual rows=49999 loops=1)
              Buckets: 65536  Batches: 1  Memory Usage: 2357kB
              Buffers: shared hit=534, temp read=8 written=31
              ->  HashAggregate  (cost=1783.95..2280.17 rows=49622 width=5) (actual rows=49999 loops=1)
                    Group Key: f.follower
                    Batches: 5  Memory Usage: 4145kB  Disk Usage: 208kB
                    Buffers: shared hit=534, temp read=8 written=31
                    ->  Seq Scan on follow f  (cost=0.00..1533.96 rows=99996 width=5) (actual rows=99996 loops=1)
                          Buffers: shared hit=534
Planning Time: 0.184 ms
Execution Time: 120.409 ms",110.404,6658.12,25020,"HashAggregate  (cost=6656.12..6658.12 rows=200 width=13) (actual rows=25020 loops=1)
  Group Key: f.follower
  Batches: 1  Memory Usage: 2849kB
  Buffers: shared hit=1068, temp read=8 written=31
  ->  Hash Join  (cost=3396.67..5193.18 rows=292588 width=10) (actual rows=99704 loops=1)
        Hash Cond: ((ff.followee)::text = (f.follower)::text)
        Buffers: shared hit=1068, temp read=8 written=31
        ->  Seq Scan on follow ff  (cost=0.00..1533.96 rows=99996 width=9) (actual rows=99996 loops=1)
              Buffers: shared hit=534
        ->  Hash  (cost=2776.39..2776.39 rows=49622 width=5) (actual rows=49999 loops=1)
              Buckets: 65536  Batches: 1  Memory Usage: 2357kB
              Buffers: shared hit=534, temp read=8 written=31
              ->  HashAggregate  (cost=1783.95..2280.17 rows=49622 width=5) (actual rows=49999 loops=1)
                    Group Key: f.follower
                    Batches: 5  Memory Usage: 4145kB  Disk Usage: 208kB
                    Buffers: shared hit=534, temp read=8 written=31
                    ->  Seq Scan on follow f  (cost=0.00..1533.96 rows=99996 width=5) (actual rows=99996 loops=1)
                          Buffers: shared hit=534
Planning Time: 0.160 ms
Execution Time: 110.404 ms",109.277,6658.12,25020,"HashAggregate  (cost=6656.12..6658.12 rows=200 width=13) (actual rows=25020 loops=1)
  Group Key: f.follower
  Batches: 1  Memory Usage: 2849kB
  Buffers: shared hit=1068, temp read=8 written=31
  ->  Hash Join  (cost=3396.67..5193.18 rows=292588 width=10) (actual rows=99704 loops=1)
        Hash Cond: ((ff.followee)::text = (f.follower)::text)
        Buffers: shared hit=1068, temp read=8 written=31
        ->  Seq Scan on follow ff  (cost=0.00..1533.96 rows=99996 width=9) (actual rows=99996 loops=1)
              Buffers: shared hit=534
        ->  Hash  (cost=2776.39..2776.39 rows=49622 width=5) (actual rows=49999 loops=1)
              Buckets: 65536  Batches: 1  Memory Usage: 2357kB
              Buffers: shared hit=534, temp read=8 written=31
              ->  HashAggregate  (cost=1783.95..2280.17 rows=49622 width=5) (actual rows=49999 loops=1)
                    Group Key: f.follower
                    Batches: 5  Memory Usage: 4145kB  Disk Usage: 208kB
                    Buffers: shared hit=534, temp read=8 written=31
                    ->  Seq Scan on follow f  (cost=0.00..1533.96 rows=99996 width=5) (actual rows=99996 loops=1)
                          Buffers: shared hit=534
Planning Time: 0.171 ms
Execution Time: 109.277 ms",109.6902,109.685,115.4065,124.411,6658.12,6658.12,25020,25020,25020,25020,614_41,372,614,41,Medium,"select f.follower, count(distinct ff.follower) as num from schema_614.follow as f join schema_614.follow as ff on f.follower = ff.followee group by f.follower",350.486,18271.08,25020,"GroupAggregate  (cost=9893.60..18271.08 rows=49622 width=13) (actual rows=25020 loops=1)
  Group Key: f.follower
  Buffers: shared hit=1072, temp read=810 written=485
  ->  Merge Join  (cost=9893.60..16767.32 rows=201507 width=10) (actual rows=198860 loops=1)
        Merge Cond: ((ff.followee)::text = (f.follower)::text)
        Buffers: shared hit=1072, temp read=810 written=485
        ->  Index Only Scan using follow_pkey on follow ff  (cost=0.42..3656.36 rows=99996 width=9) (actual rows=99996 loops=1)
              Heap Fetches: 0
              Buffers: shared hit=538
        ->  Sort  (cost=9838.42..10088.41 rows=99996 width=5) (actual rows=248818 loops=1)
              Sort Key: f.follower
              Sort Method: external sort  Disk: 1936kB
              Buffers: shared hit=534, temp read=647 written=485
              ->  Seq Scan on follow f  (cost=0.00..1533.96 rows=99996 width=5) (actual rows=99996 loops=1)
                    Buffers: shared hit=534
Planning:
  Buffers: shared hit=8
Planning Time: 0.264 ms
Execution Time: 350.486 ms",359.763,18271.08,25020,"GroupAggregate  (cost=9893.60..18271.08 rows=49622 width=13) (actual rows=25020 loops=1)
  Group Key: f.follower
  Buffers: shared hit=1072, temp read=810 written=485
  ->  Merge Join  (cost=9893.60..16767.32 rows=201507 width=10) (actual rows=198860 loops=1)
        Merge Cond: ((ff.followee)::text = (f.follower)::text)
        Buffers: shared hit=1072, temp read=810 written=485
        ->  Index Only Scan using follow_pkey on follow ff  (cost=0.42..3656.36 rows=99996 width=9) (actual rows=99996 loops=1)
              Heap Fetches: 0
              Buffers: shared hit=538
        ->  Sort  (cost=9838.42..10088.41 rows=99996 width=5) (actual rows=248818 loops=1)
              Sort Key: f.follower
              Sort Method: external sort  Disk: 1936kB
              Buffers: shared hit=534, temp read=647 written=485
              ->  Seq Scan on follow f  (cost=0.00..1533.96 rows=99996 width=5) (actual rows=99996 loops=1)
                    Buffers: shared hit=534
Planning:
  Buffers: shared hit=8
Planning Time: 0.283 ms
Execution Time: 359.763 ms",359.412,18271.08,25020,"GroupAggregate  (cost=9893.60..18271.08 rows=49622 width=13) (actual rows=25020 loops=1)
  Group Key: f.follower
  Buffers: shared hit=1072, temp read=810 written=485
  ->  Merge Join  (cost=9893.60..16767.32 rows=201507 width=10) (actual rows=198860 loops=1)
        Merge Cond: ((ff.followee)::text = (f.follower)::text)
        Buffers: shared hit=1072, temp read=810 written=485
        ->  Index Only Scan using follow_pkey on follow ff  (cost=0.42..3656.36 rows=99996 width=9) (actual rows=99996 loops=1)
              Heap Fetches: 0
              Buffers: shared hit=538
        ->  Sort  (cost=9838.42..10088.41 rows=99996 width=5) (actual rows=248818 loops=1)
              Sort Key: f.follower
              Sort Method: external sort  Disk: 1936kB
              Buffers: shared hit=534, temp read=647 written=485
              ->  Seq Scan on follow f  (cost=0.00..1533.96 rows=99996 width=5) (actual rows=99996 loops=1)
                    Buffers: shared hit=534
Planning:
  Buffers: shared hit=8
Planning Time: 0.279 ms
Execution Time: 359.412 ms",359.947,18271.08,25020,"GroupAggregate  (cost=9893.60..18271.08 rows=49622 width=13) (actual rows=25020 loops=1)
  Group Key: f.follower
  Buffers: shared hit=1072, temp read=810 written=485
  ->  Merge Join  (cost=9893.60..16767.32 rows=201507 width=10) (actual rows=198860 loops=1)
        Merge Cond: ((ff.followee)::text = (f.follower)::text)
        Buffers: shared hit=1072, temp read=810 written=485
        ->  Index Only Scan using follow_pkey on follow ff  (cost=0.42..3656.36 rows=99996 width=9) (actual rows=99996 loops=1)
              Heap Fetches: 0
              Buffers: shared hit=538
        ->  Sort  (cost=9838.42..10088.41 rows=99996 width=5) (actual rows=248818 loops=1)
              Sort Key: f.follower
              Sort Method: external sort  Disk: 1936kB
              Buffers: shared hit=534, temp read=647 written=485
              ->  Seq Scan on follow f  (cost=0.00..1533.96 rows=99996 width=5) (actual rows=99996 loops=1)
                    Buffers: shared hit=534
Planning:
  Buffers: shared hit=8
Planning Time: 0.286 ms
Execution Time: 359.947 ms",364.109,18271.08,25020,"GroupAggregate  (cost=9893.60..18271.08 rows=49622 width=13) (actual rows=25020 loops=1)
  Group Key: f.follower
  Buffers: shared hit=1072, temp read=810 written=485
  ->  Merge Join  (cost=9893.60..16767.32 rows=201507 width=10) (actual rows=198860 loops=1)
        Merge Cond: ((ff.followee)::text = (f.follower)::text)
        Buffers: shared hit=1072, temp read=810 written=485
        ->  Index Only Scan using follow_pkey on follow ff  (cost=0.42..3656.36 rows=99996 width=9) (actual rows=99996 loops=1)
              Heap Fetches: 0
              Buffers: shared hit=538
        ->  Sort  (cost=9838.42..10088.41 rows=99996 width=5) (actual rows=248818 loops=1)
              Sort Key: f.follower
              Sort Method: external sort  Disk: 1936kB
              Buffers: shared hit=534, temp read=647 written=485
              ->  Seq Scan on follow f  (cost=0.00..1533.96 rows=99996 width=5) (actual rows=99996 loops=1)
                    Buffers: shared hit=534
Planning:
  Buffers: shared hit=8
Planning Time: 0.312 ms
Execution Time: 364.109 ms",358.7434,359.763,362.028,365.7738,18271.08,18271.08,25020,25020,25020,25020,normal,normal,24.97739529999997,59.221386700000025,equal variances,significant,0.003968253968253968,-249.0532,-250.07799999999997,-11612.960000000003,0,True
374,614,45,Medium,"select distinct t_cte_19.c_followee0 as follower, t_cte_19.c_count0 as num from (select count(f1.follower) as c_count0, f1.followee as c_followee0 from schema_614.follow as f1 group by f1.followee) as t_cte_19 inner join schema_614.follow as f2 on t_cte_19.c_followee0 = f2.follower",78.746,4569.41,25020,"HashAggregate  (cost=4552.45..4569.41 rows=1696 width=12) (actual rows=25020 loops=1)
  Group Key: t_cte_19.c_followee0, t_cte_19.c_count0
  Batches: 1  Memory Usage: 2065kB
  Buffers: shared hit=1068
  ->  Hash Join  (cost=2585.11..4381.58 rows=34175 width=12) (actual rows=50038 loops=1)
        Hash Cond: ((f2.follower)::text = (t_cte_19.c_followee0)::text)
        Buffers: shared hit=1068
        ->  Seq Scan on follow f2  (cost=0.00..1533.96 rows=99996 width=5) (actual rows=99996 loops=1)
              Buffers: shared hit=534
        ->  Hash  (cost=2373.12..2373.12 rows=16959 width=12) (actual rows=25021 loops=1)
              Buckets: 32768  Batches: 1  Memory Usage: 1429kB
              Buffers: shared hit=534
              ->  Subquery Scan on t_cte_19  (cost=2033.94..2373.12 rows=16959 width=12) (actual rows=25021 loops=1)
                    Buffers: shared hit=534
                    ->  HashAggregate  (cost=2033.94..2203.53 rows=16959 width=12) (actual rows=25021 loops=1)
                          Group Key: f1.followee
                          Batches: 1  Memory Usage: 2833kB
                          Buffers: shared hit=534
                          ->  Seq Scan on follow f1  (cost=0.00..1533.96 rows=99996 width=9) (actual rows=99996 loops=1)
                                Buffers: shared hit=534
Planning Time: 0.156 ms
Execution Time: 78.746 ms",85.758,4569.41,25020,"HashAggregate  (cost=4552.45..4569.41 rows=1696 width=12) (actual rows=25020 loops=1)
  Group Key: t_cte_19.c_followee0, t_cte_19.c_count0
  Batches: 1  Memory Usage: 2065kB
  Buffers: shared hit=1068
  ->  Hash Join  (cost=2585.11..4381.58 rows=34175 width=12) (actual rows=50038 loops=1)
        Hash Cond: ((f2.follower)::text = (t_cte_19.c_followee0)::text)
        Buffers: shared hit=1068
        ->  Seq Scan on follow f2  (cost=0.00..1533.96 rows=99996 width=5) (actual rows=99996 loops=1)
              Buffers: shared hit=534
        ->  Hash  (cost=2373.12..2373.12 rows=16959 width=12) (actual rows=25021 loops=1)
              Buckets: 32768  Batches: 1  Memory Usage: 1429kB
              Buffers: shared hit=534
              ->  Subquery Scan on t_cte_19  (cost=2033.94..2373.12 rows=16959 width=12) (actual rows=25021 loops=1)
                    Buffers: shared hit=534
                    ->  HashAggregate  (cost=2033.94..2203.53 rows=16959 width=12) (actual rows=25021 loops=1)
                          Group Key: f1.followee
                          Batches: 1  Memory Usage: 2833kB
                          Buffers: shared hit=534
                          ->  Seq Scan on follow f1  (cost=0.00..1533.96 rows=99996 width=9) (actual rows=99996 loops=1)
                                Buffers: shared hit=534
Planning Time: 0.186 ms
Execution Time: 85.758 ms",85.088,4569.41,25020,"HashAggregate  (cost=4552.45..4569.41 rows=1696 width=12) (actual rows=25020 loops=1)
  Group Key: t_cte_19.c_followee0, t_cte_19.c_count0
  Batches: 1  Memory Usage: 2065kB
  Buffers: shared hit=1068
  ->  Hash Join  (cost=2585.11..4381.58 rows=34175 width=12) (actual rows=50038 loops=1)
        Hash Cond: ((f2.follower)::text = (t_cte_19.c_followee0)::text)
        Buffers: shared hit=1068
        ->  Seq Scan on follow f2  (cost=0.00..1533.96 rows=99996 width=5) (actual rows=99996 loops=1)
              Buffers: shared hit=534
        ->  Hash  (cost=2373.12..2373.12 rows=16959 width=12) (actual rows=25021 loops=1)
              Buckets: 32768  Batches: 1  Memory Usage: 1429kB
              Buffers: shared hit=534
              ->  Subquery Scan on t_cte_19  (cost=2033.94..2373.12 rows=16959 width=12) (actual rows=25021 loops=1)
                    Buffers: shared hit=534
                    ->  HashAggregate  (cost=2033.94..2203.53 rows=16959 width=12) (actual rows=25021 loops=1)
                          Group Key: f1.followee
                          Batches: 1  Memory Usage: 2833kB
                          Buffers: shared hit=534
                          ->  Seq Scan on follow f1  (cost=0.00..1533.96 rows=99996 width=9) (actual rows=99996 loops=1)
                                Buffers: shared hit=534
Planning Time: 0.169 ms
Execution Time: 85.088 ms",98.332,4569.41,25020,"HashAggregate  (cost=4552.45..4569.41 rows=1696 width=12) (actual rows=25020 loops=1)
  Group Key: t_cte_19.c_followee0, t_cte_19.c_count0
  Batches: 1  Memory Usage: 2065kB
  Buffers: shared hit=1068
  ->  Hash Join  (cost=2585.11..4381.58 rows=34175 width=12) (actual rows=50038 loops=1)
        Hash Cond: ((f2.follower)::text = (t_cte_19.c_followee0)::text)
        Buffers: shared hit=1068
        ->  Seq Scan on follow f2  (cost=0.00..1533.96 rows=99996 width=5) (actual rows=99996 loops=1)
              Buffers: shared hit=534
        ->  Hash  (cost=2373.12..2373.12 rows=16959 width=12) (actual rows=25021 loops=1)
              Buckets: 32768  Batches: 1  Memory Usage: 1429kB
              Buffers: shared hit=534
              ->  Subquery Scan on t_cte_19  (cost=2033.94..2373.12 rows=16959 width=12) (actual rows=25021 loops=1)
                    Buffers: shared hit=534
                    ->  HashAggregate  (cost=2033.94..2203.53 rows=16959 width=12) (actual rows=25021 loops=1)
                          Group Key: f1.followee
                          Batches: 1  Memory Usage: 2833kB
                          Buffers: shared hit=534
                          ->  Seq Scan on follow f1  (cost=0.00..1533.96 rows=99996 width=9) (actual rows=99996 loops=1)
                                Buffers: shared hit=534
Planning Time: 0.194 ms
Execution Time: 98.332 ms",81.703,4569.41,25020,"HashAggregate  (cost=4552.45..4569.41 rows=1696 width=12) (actual rows=25020 loops=1)
  Group Key: t_cte_19.c_followee0, t_cte_19.c_count0
  Batches: 1  Memory Usage: 2065kB
  Buffers: shared hit=1068
  ->  Hash Join  (cost=2585.11..4381.58 rows=34175 width=12) (actual rows=50038 loops=1)
        Hash Cond: ((f2.follower)::text = (t_cte_19.c_followee0)::text)
        Buffers: shared hit=1068
        ->  Seq Scan on follow f2  (cost=0.00..1533.96 rows=99996 width=5) (actual rows=99996 loops=1)
              Buffers: shared hit=534
        ->  Hash  (cost=2373.12..2373.12 rows=16959 width=12) (actual rows=25021 loops=1)
              Buckets: 32768  Batches: 1  Memory Usage: 1429kB
              Buffers: shared hit=534
              ->  Subquery Scan on t_cte_19  (cost=2033.94..2373.12 rows=16959 width=12) (actual rows=25021 loops=1)
                    Buffers: shared hit=534
                    ->  HashAggregate  (cost=2033.94..2203.53 rows=16959 width=12) (actual rows=25021 loops=1)
                          Group Key: f1.followee
                          Batches: 1  Memory Usage: 2833kB
                          Buffers: shared hit=534
                          ->  Seq Scan on follow f1  (cost=0.00..1533.96 rows=99996 width=9) (actual rows=99996 loops=1)
                                Buffers: shared hit=534
Planning Time: 0.249 ms
Execution Time: 81.703 ms",85.9254,85.088,92.045,103.3616,4569.41,4569.41,25020,25020,25020,25020,614_45,374,614,45,Medium,"select f1.followee as follower, count(distinct f1.follower) as num from schema_614.follow as f1 join schema_614.follow as f2 on f1.followee = f2.follower group by f1.followee order by f1.followee",352.234,17944.45,25020,"GroupAggregate  (cost=9893.60..17944.45 rows=16959 width=12) (actual rows=25020 loops=1)
  Group Key: f1.followee
  Buffers: shared hit=1072, temp read=810 written=485
  ->  Merge Join  (cost=9893.60..16767.32 rows=201507 width=9) (actual rows=198860 loops=1)
        Merge Cond: ((f1.followee)::text = (f2.follower)::text)
        Buffers: shared hit=1072, temp read=810 written=485
        ->  Index Only Scan using follow_pkey on follow f1  (cost=0.42..3656.36 rows=99996 width=9) (actual rows=99996 loops=1)
              Heap Fetches: 0
              Buffers: shared hit=538
        ->  Sort  (cost=9838.42..10088.41 rows=99996 width=5) (actual rows=248818 loops=1)
              Sort Key: f2.follower
              Sort Method: external sort  Disk: 1936kB
              Buffers: shared hit=534, temp read=647 written=485
              ->  Seq Scan on follow f2  (cost=0.00..1533.96 rows=99996 width=5) (actual rows=99996 loops=1)
                    Buffers: shared hit=534
Planning:
  Buffers: shared hit=8
Planning Time: 0.287 ms
Execution Time: 352.234 ms",364.93,17944.45,25020,"GroupAggregate  (cost=9893.60..17944.45 rows=16959 width=12) (actual rows=25020 loops=1)
  Group Key: f1.followee
  Buffers: shared hit=1072, temp read=810 written=485
  ->  Merge Join  (cost=9893.60..16767.32 rows=201507 width=9) (actual rows=198860 loops=1)
        Merge Cond: ((f1.followee)::text = (f2.follower)::text)
        Buffers: shared hit=1072, temp read=810 written=485
        ->  Index Only Scan using follow_pkey on follow f1  (cost=0.42..3656.36 rows=99996 width=9) (actual rows=99996 loops=1)
              Heap Fetches: 0
              Buffers: shared hit=538
        ->  Sort  (cost=9838.42..10088.41 rows=99996 width=5) (actual rows=248818 loops=1)
              Sort Key: f2.follower
              Sort Method: external sort  Disk: 1936kB
              Buffers: shared hit=534, temp read=647 written=485
              ->  Seq Scan on follow f2  (cost=0.00..1533.96 rows=99996 width=5) (actual rows=99996 loops=1)
                    Buffers: shared hit=534
Planning:
  Buffers: shared hit=8
Planning Time: 0.358 ms
Execution Time: 364.930 ms",364.945,17944.45,25020,"GroupAggregate  (cost=9893.60..17944.45 rows=16959 width=12) (actual rows=25020 loops=1)
  Group Key: f1.followee
  Buffers: shared hit=1072, temp read=810 written=485
  ->  Merge Join  (cost=9893.60..16767.32 rows=201507 width=9) (actual rows=198860 loops=1)
        Merge Cond: ((f1.followee)::text = (f2.follower)::text)
        Buffers: shared hit=1072, temp read=810 written=485
        ->  Index Only Scan using follow_pkey on follow f1  (cost=0.42..3656.36 rows=99996 width=9) (actual rows=99996 loops=1)
              Heap Fetches: 0
              Buffers: shared hit=538
        ->  Sort  (cost=9838.42..10088.41 rows=99996 width=5) (actual rows=248818 loops=1)
              Sort Key: f2.follower
              Sort Method: external sort  Disk: 1936kB
              Buffers: shared hit=534, temp read=647 written=485
              ->  Seq Scan on follow f2  (cost=0.00..1533.96 rows=99996 width=5) (actual rows=99996 loops=1)
                    Buffers: shared hit=534
Planning:
  Buffers: shared hit=8
Planning Time: 0.369 ms
Execution Time: 364.945 ms",357.465,17944.45,25020,"GroupAggregate  (cost=9893.60..17944.45 rows=16959 width=12) (actual rows=25020 loops=1)
  Group Key: f1.followee
  Buffers: shared hit=1072, temp read=810 written=485
  ->  Merge Join  (cost=9893.60..16767.32 rows=201507 width=9) (actual rows=198860 loops=1)
        Merge Cond: ((f1.followee)::text = (f2.follower)::text)
        Buffers: shared hit=1072, temp read=810 written=485
        ->  Index Only Scan using follow_pkey on follow f1  (cost=0.42..3656.36 rows=99996 width=9) (actual rows=99996 loops=1)
              Heap Fetches: 0
              Buffers: shared hit=538
        ->  Sort  (cost=9838.42..10088.41 rows=99996 width=5) (actual rows=248818 loops=1)
              Sort Key: f2.follower
              Sort Method: external sort  Disk: 1936kB
              Buffers: shared hit=534, temp read=647 written=485
              ->  Seq Scan on follow f2  (cost=0.00..1533.96 rows=99996 width=5) (actual rows=99996 loops=1)
                    Buffers: shared hit=534
Planning:
  Buffers: shared hit=8
Planning Time: 0.286 ms
Execution Time: 357.465 ms",360.165,17944.45,25020,"GroupAggregate  (cost=9893.60..17944.45 rows=16959 width=12) (actual rows=25020 loops=1)
  Group Key: f1.followee
  Buffers: shared hit=1072, temp read=810 written=485
  ->  Merge Join  (cost=9893.60..16767.32 rows=201507 width=9) (actual rows=198860 loops=1)
        Merge Cond: ((f1.followee)::text = (f2.follower)::text)
        Buffers: shared hit=1072, temp read=810 written=485
        ->  Index Only Scan using follow_pkey on follow f1  (cost=0.42..3656.36 rows=99996 width=9) (actual rows=99996 loops=1)
              Heap Fetches: 0
              Buffers: shared hit=538
        ->  Sort  (cost=9838.42..10088.41 rows=99996 width=5) (actual rows=248818 loops=1)
              Sort Key: f2.follower
              Sort Method: external sort  Disk: 1936kB
              Buffers: shared hit=534, temp read=647 written=485
              ->  Seq Scan on follow f2  (cost=0.00..1533.96 rows=99996 width=5) (actual rows=99996 loops=1)
                    Buffers: shared hit=534
Planning:
  Buffers: shared hit=8
Planning Time: 0.328 ms
Execution Time: 360.165 ms",359.9478,360.165,364.9375,364.951,17944.45,17944.45,25020,25020,25020,25020,normal,normal,28.877126700000105,56.00635779999997,equal variances,significant,0.003968253968253968,-274.02239999999995,-275.077,-13375.04,0,True
377,614,73,Medium,"select distinct t_cte_6.c_followee0 as follower, t_cte_6.c_count0 as num from schema_614.follow as f1 inner join (select f2.followee as c_followee0, count(f2.follower) as c_count0 from schema_614.follow as f2 group by f2.followee) as t_cte_6 on f1.follower = t_cte_6.c_followee0",76.318,4569.41,25020,"HashAggregate  (cost=4552.45..4569.41 rows=1696 width=12) (actual rows=25020 loops=1)
  Group Key: f2.followee, (count(f2.follower))
  Batches: 1  Memory Usage: 2065kB
  Buffers: shared hit=1068
  ->  Hash Join  (cost=2585.11..4381.58 rows=34175 width=12) (actual rows=50038 loops=1)
        Hash Cond: ((f1.follower)::text = (f2.followee)::text)
        Buffers: shared hit=1068
        ->  Seq Scan on follow f1  (cost=0.00..1533.96 rows=99996 width=5) (actual rows=99996 loops=1)
              Buffers: shared hit=534
        ->  Hash  (cost=2373.12..2373.12 rows=16959 width=12) (actual rows=25021 loops=1)
              Buckets: 32768  Batches: 1  Memory Usage: 1429kB
              Buffers: shared hit=534
              ->  HashAggregate  (cost=2033.94..2203.53 rows=16959 width=12) (actual rows=25021 loops=1)
                    Group Key: f2.followee
                    Batches: 1  Memory Usage: 2833kB
                    Buffers: shared hit=534
                    ->  Seq Scan on follow f2  (cost=0.00..1533.96 rows=99996 width=9) (actual rows=99996 loops=1)
                          Buffers: shared hit=534
Planning Time: 0.185 ms
Execution Time: 76.318 ms",86.308,4569.41,25020,"HashAggregate  (cost=4552.45..4569.41 rows=1696 width=12) (actual rows=25020 loops=1)
  Group Key: f2.followee, (count(f2.follower))
  Batches: 1  Memory Usage: 2065kB
  Buffers: shared hit=1068
  ->  Hash Join  (cost=2585.11..4381.58 rows=34175 width=12) (actual rows=50038 loops=1)
        Hash Cond: ((f1.follower)::text = (f2.followee)::text)
        Buffers: shared hit=1068
        ->  Seq Scan on follow f1  (cost=0.00..1533.96 rows=99996 width=5) (actual rows=99996 loops=1)
              Buffers: shared hit=534
        ->  Hash  (cost=2373.12..2373.12 rows=16959 width=12) (actual rows=25021 loops=1)
              Buckets: 32768  Batches: 1  Memory Usage: 1429kB
              Buffers: shared hit=534
              ->  HashAggregate  (cost=2033.94..2203.53 rows=16959 width=12) (actual rows=25021 loops=1)
                    Group Key: f2.followee
                    Batches: 1  Memory Usage: 2833kB
                    Buffers: shared hit=534
                    ->  Seq Scan on follow f2  (cost=0.00..1533.96 rows=99996 width=9) (actual rows=99996 loops=1)
                          Buffers: shared hit=534
Planning Time: 0.162 ms
Execution Time: 86.308 ms",87.309,4569.41,25020,"HashAggregate  (cost=4552.45..4569.41 rows=1696 width=12) (actual rows=25020 loops=1)
  Group Key: f2.followee, (count(f2.follower))
  Batches: 1  Memory Usage: 2065kB
  Buffers: shared hit=1068
  ->  Hash Join  (cost=2585.11..4381.58 rows=34175 width=12) (actual rows=50038 loops=1)
        Hash Cond: ((f1.follower)::text = (f2.followee)::text)
        Buffers: shared hit=1068
        ->  Seq Scan on follow f1  (cost=0.00..1533.96 rows=99996 width=5) (actual rows=99996 loops=1)
              Buffers: shared hit=534
        ->  Hash  (cost=2373.12..2373.12 rows=16959 width=12) (actual rows=25021 loops=1)
              Buckets: 32768  Batches: 1  Memory Usage: 1429kB
              Buffers: shared hit=534
              ->  HashAggregate  (cost=2033.94..2203.53 rows=16959 width=12) (actual rows=25021 loops=1)
                    Group Key: f2.followee
                    Batches: 1  Memory Usage: 2833kB
                    Buffers: shared hit=534
                    ->  Seq Scan on follow f2  (cost=0.00..1533.96 rows=99996 width=9) (actual rows=99996 loops=1)
                          Buffers: shared hit=534
Planning Time: 0.192 ms
Execution Time: 87.309 ms",84.396,4569.41,25020,"HashAggregate  (cost=4552.45..4569.41 rows=1696 width=12) (actual rows=25020 loops=1)
  Group Key: f2.followee, (count(f2.follower))
  Batches: 1  Memory Usage: 2065kB
  Buffers: shared hit=1068
  ->  Hash Join  (cost=2585.11..4381.58 rows=34175 width=12) (actual rows=50038 loops=1)
        Hash Cond: ((f1.follower)::text = (f2.followee)::text)
        Buffers: shared hit=1068
        ->  Seq Scan on follow f1  (cost=0.00..1533.96 rows=99996 width=5) (actual rows=99996 loops=1)
              Buffers: shared hit=534
        ->  Hash  (cost=2373.12..2373.12 rows=16959 width=12) (actual rows=25021 loops=1)
              Buckets: 32768  Batches: 1  Memory Usage: 1429kB
              Buffers: shared hit=534
              ->  HashAggregate  (cost=2033.94..2203.53 rows=16959 width=12) (actual rows=25021 loops=1)
                    Group Key: f2.followee
                    Batches: 1  Memory Usage: 2833kB
                    Buffers: shared hit=534
                    ->  Seq Scan on follow f2  (cost=0.00..1533.96 rows=99996 width=9) (actual rows=99996 loops=1)
                          Buffers: shared hit=534
Planning Time: 0.195 ms
Execution Time: 84.396 ms",83.594,4569.41,25020,"HashAggregate  (cost=4552.45..4569.41 rows=1696 width=12) (actual rows=25020 loops=1)
  Group Key: f2.followee, (count(f2.follower))
  Batches: 1  Memory Usage: 2065kB
  Buffers: shared hit=1068
  ->  Hash Join  (cost=2585.11..4381.58 rows=34175 width=12) (actual rows=50038 loops=1)
        Hash Cond: ((f1.follower)::text = (f2.followee)::text)
        Buffers: shared hit=1068
        ->  Seq Scan on follow f1  (cost=0.00..1533.96 rows=99996 width=5) (actual rows=99996 loops=1)
              Buffers: shared hit=534
        ->  Hash  (cost=2373.12..2373.12 rows=16959 width=12) (actual rows=25021 loops=1)
              Buckets: 32768  Batches: 1  Memory Usage: 1429kB
              Buffers: shared hit=534
              ->  HashAggregate  (cost=2033.94..2203.53 rows=16959 width=12) (actual rows=25021 loops=1)
                    Group Key: f2.followee
                    Batches: 1  Memory Usage: 2833kB
                    Buffers: shared hit=534
                    ->  Seq Scan on follow f2  (cost=0.00..1533.96 rows=99996 width=9) (actual rows=99996 loops=1)
                          Buffers: shared hit=534
Planning Time: 0.239 ms
Execution Time: 83.594 ms",83.585,84.396,86.8085,87.7094,4569.41,4569.41,25020,25020,25020,25020,614_73,377,614,73,Medium,"select f2.followee as follower, count(distinct f2.follower) as num from schema_614.follow as f1 join schema_614.follow as f2 on f1.follower = f2.followee group by f2.followee",355.954,17944.45,25020,"GroupAggregate  (cost=9893.60..17944.45 rows=16959 width=12) (actual rows=25020 loops=1)
  Group Key: f2.followee
  Buffers: shared hit=1072, temp read=810 written=485
  ->  Merge Join  (cost=9893.60..16767.32 rows=201507 width=9) (actual rows=198860 loops=1)
        Merge Cond: ((f2.followee)::text = (f1.follower)::text)
        Buffers: shared hit=1072, temp read=810 written=485
        ->  Index Only Scan using follow_pkey on follow f2  (cost=0.42..3656.36 rows=99996 width=9) (actual rows=99996 loops=1)
              Heap Fetches: 0
              Buffers: shared hit=538
        ->  Sort  (cost=9838.42..10088.41 rows=99996 width=5) (actual rows=248818 loops=1)
              Sort Key: f1.follower
              Sort Method: external sort  Disk: 1936kB
              Buffers: shared hit=534, temp read=647 written=485
              ->  Seq Scan on follow f1  (cost=0.00..1533.96 rows=99996 width=5) (actual rows=99996 loops=1)
                    Buffers: shared hit=534
Planning:
  Buffers: shared hit=8
Planning Time: 0.299 ms
Execution Time: 355.954 ms",359.054,17944.45,25020,"GroupAggregate  (cost=9893.60..17944.45 rows=16959 width=12) (actual rows=25020 loops=1)
  Group Key: f2.followee
  Buffers: shared hit=1072, temp read=810 written=485
  ->  Merge Join  (cost=9893.60..16767.32 rows=201507 width=9) (actual rows=198860 loops=1)
        Merge Cond: ((f2.followee)::text = (f1.follower)::text)
        Buffers: shared hit=1072, temp read=810 written=485
        ->  Index Only Scan using follow_pkey on follow f2  (cost=0.42..3656.36 rows=99996 width=9) (actual rows=99996 loops=1)
              Heap Fetches: 0
              Buffers: shared hit=538
        ->  Sort  (cost=9838.42..10088.41 rows=99996 width=5) (actual rows=248818 loops=1)
              Sort Key: f1.follower
              Sort Method: external sort  Disk: 1936kB
              Buffers: shared hit=534, temp read=647 written=485
              ->  Seq Scan on follow f1  (cost=0.00..1533.96 rows=99996 width=5) (actual rows=99996 loops=1)
                    Buffers: shared hit=534
Planning:
  Buffers: shared hit=8
Planning Time: 0.378 ms
Execution Time: 359.054 ms",365.382,17944.45,25020,"GroupAggregate  (cost=9893.60..17944.45 rows=16959 width=12) (actual rows=25020 loops=1)
  Group Key: f2.followee
  Buffers: shared hit=1072, temp read=810 written=485
  ->  Merge Join  (cost=9893.60..16767.32 rows=201507 width=9) (actual rows=198860 loops=1)
        Merge Cond: ((f2.followee)::text = (f1.follower)::text)
        Buffers: shared hit=1072, temp read=810 written=485
        ->  Index Only Scan using follow_pkey on follow f2  (cost=0.42..3656.36 rows=99996 width=9) (actual rows=99996 loops=1)
              Heap Fetches: 0
              Buffers: shared hit=538
        ->  Sort  (cost=9838.42..10088.41 rows=99996 width=5) (actual rows=248818 loops=1)
              Sort Key: f1.follower
              Sort Method: external sort  Disk: 1936kB
              Buffers: shared hit=534, temp read=647 written=485
              ->  Seq Scan on follow f1  (cost=0.00..1533.96 rows=99996 width=5) (actual rows=99996 loops=1)
                    Buffers: shared hit=534
Planning:
  Buffers: shared hit=8
Planning Time: 0.271 ms
Execution Time: 365.382 ms",359.791,17944.45,25020,"GroupAggregate  (cost=9893.60..17944.45 rows=16959 width=12) (actual rows=25020 loops=1)
  Group Key: f2.followee
  Buffers: shared hit=1072, temp read=810 written=485
  ->  Merge Join  (cost=9893.60..16767.32 rows=201507 width=9) (actual rows=198860 loops=1)
        Merge Cond: ((f2.followee)::text = (f1.follower)::text)
        Buffers: shared hit=1072, temp read=810 written=485
        ->  Index Only Scan using follow_pkey on follow f2  (cost=0.42..3656.36 rows=99996 width=9) (actual rows=99996 loops=1)
              Heap Fetches: 0
              Buffers: shared hit=538
        ->  Sort  (cost=9838.42..10088.41 rows=99996 width=5) (actual rows=248818 loops=1)
              Sort Key: f1.follower
              Sort Method: external sort  Disk: 1936kB
              Buffers: shared hit=534, temp read=647 written=485
              ->  Seq Scan on follow f1  (cost=0.00..1533.96 rows=99996 width=5) (actual rows=99996 loops=1)
                    Buffers: shared hit=534
Planning:
  Buffers: shared hit=8
Planning Time: 0.296 ms
Execution Time: 359.791 ms",359.88,17944.45,25020,"GroupAggregate  (cost=9893.60..17944.45 rows=16959 width=12) (actual rows=25020 loops=1)
  Group Key: f2.followee
  Buffers: shared hit=1072, temp read=810 written=485
  ->  Merge Join  (cost=9893.60..16767.32 rows=201507 width=9) (actual rows=198860 loops=1)
        Merge Cond: ((f2.followee)::text = (f1.follower)::text)
        Buffers: shared hit=1072, temp read=810 written=485
        ->  Index Only Scan using follow_pkey on follow f2  (cost=0.42..3656.36 rows=99996 width=9) (actual rows=99996 loops=1)
              Heap Fetches: 0
              Buffers: shared hit=538
        ->  Sort  (cost=9838.42..10088.41 rows=99996 width=5) (actual rows=248818 loops=1)
              Sort Key: f1.follower
              Sort Method: external sort  Disk: 1936kB
              Buffers: shared hit=534, temp read=647 written=485
              ->  Seq Scan on follow f1  (cost=0.00..1533.96 rows=99996 width=5) (actual rows=99996 loops=1)
                    Buffers: shared hit=534
Planning:
  Buffers: shared hit=8
Planning Time: 0.339 ms
Execution Time: 359.880 ms",360.0122,359.791,362.631,367.5828,17944.45,17944.45,25020,25020,25020,25020,normal,normal,11.572073200000009,18.687499000000013,equal variances,significant,0.003968253968253968,-276.4272,-275.395,-13375.04,0,True
378,614,108,Medium,"select t_cte_1.c_follower0 as follower, count(t2.follower) as num from schema_614.follow as t2 inner join (select t1.follower as c_follower0 from schema_614.follow as t1 group by t1.follower) as t_cte_1 on t_cte_1.c_follower0 = t2.followee group by t_cte_1.c_follower0",100.128,6658.12,25020,"HashAggregate  (cost=6656.12..6658.12 rows=200 width=13) (actual rows=25020 loops=1)
  Group Key: t1.follower
  Batches: 1  Memory Usage: 2849kB
  Buffers: shared hit=1068, temp read=8 written=31
  ->  Hash Join  (cost=3396.67..5193.18 rows=292588 width=10) (actual rows=99704 loops=1)
        Hash Cond: ((t2.followee)::text = (t1.follower)::text)
        Buffers: shared hit=1068, temp read=8 written=31
        ->  Seq Scan on follow t2  (cost=0.00..1533.96 rows=99996 width=9) (actual rows=99996 loops=1)
              Buffers: shared hit=534
        ->  Hash  (cost=2776.39..2776.39 rows=49622 width=5) (actual rows=49999 loops=1)
              Buckets: 65536  Batches: 1  Memory Usage: 2357kB
              Buffers: shared hit=534, temp read=8 written=31
              ->  HashAggregate  (cost=1783.95..2280.17 rows=49622 width=5) (actual rows=49999 loops=1)
                    Group Key: t1.follower
                    Batches: 5  Memory Usage: 4145kB  Disk Usage: 208kB
                    Buffers: shared hit=534, temp read=8 written=31
                    ->  Seq Scan on follow t1  (cost=0.00..1533.96 rows=99996 width=5) (actual rows=99996 loops=1)
                          Buffers: shared hit=534
Planning Time: 0.135 ms
Execution Time: 100.128 ms",108.702,6658.12,25020,"HashAggregate  (cost=6656.12..6658.12 rows=200 width=13) (actual rows=25020 loops=1)
  Group Key: t1.follower
  Batches: 1  Memory Usage: 2849kB
  Buffers: shared hit=1068, temp read=8 written=31
  ->  Hash Join  (cost=3396.67..5193.18 rows=292588 width=10) (actual rows=99704 loops=1)
        Hash Cond: ((t2.followee)::text = (t1.follower)::text)
        Buffers: shared hit=1068, temp read=8 written=31
        ->  Seq Scan on follow t2  (cost=0.00..1533.96 rows=99996 width=9) (actual rows=99996 loops=1)
              Buffers: shared hit=534
        ->  Hash  (cost=2776.39..2776.39 rows=49622 width=5) (actual rows=49999 loops=1)
              Buckets: 65536  Batches: 1  Memory Usage: 2357kB
              Buffers: shared hit=534, temp read=8 written=31
              ->  HashAggregate  (cost=1783.95..2280.17 rows=49622 width=5) (actual rows=49999 loops=1)
                    Group Key: t1.follower
                    Batches: 5  Memory Usage: 4145kB  Disk Usage: 208kB
                    Buffers: shared hit=534, temp read=8 written=31
                    ->  Seq Scan on follow t1  (cost=0.00..1533.96 rows=99996 width=5) (actual rows=99996 loops=1)
                          Buffers: shared hit=534
Planning Time: 0.208 ms
Execution Time: 108.702 ms",110.166,6658.12,25020,"HashAggregate  (cost=6656.12..6658.12 rows=200 width=13) (actual rows=25020 loops=1)
  Group Key: t1.follower
  Batches: 1  Memory Usage: 2849kB
  Buffers: shared hit=1068, temp read=8 written=31
  ->  Hash Join  (cost=3396.67..5193.18 rows=292588 width=10) (actual rows=99704 loops=1)
        Hash Cond: ((t2.followee)::text = (t1.follower)::text)
        Buffers: shared hit=1068, temp read=8 written=31
        ->  Seq Scan on follow t2  (cost=0.00..1533.96 rows=99996 width=9) (actual rows=99996 loops=1)
              Buffers: shared hit=534
        ->  Hash  (cost=2776.39..2776.39 rows=49622 width=5) (actual rows=49999 loops=1)
              Buckets: 65536  Batches: 1  Memory Usage: 2357kB
              Buffers: shared hit=534, temp read=8 written=31
              ->  HashAggregate  (cost=1783.95..2280.17 rows=49622 width=5) (actual rows=49999 loops=1)
                    Group Key: t1.follower
                    Batches: 5  Memory Usage: 4145kB  Disk Usage: 208kB
                    Buffers: shared hit=534, temp read=8 written=31
                    ->  Seq Scan on follow t1  (cost=0.00..1533.96 rows=99996 width=5) (actual rows=99996 loops=1)
                          Buffers: shared hit=534
Planning Time: 0.209 ms
Execution Time: 110.166 ms",109.314,6658.12,25020,"HashAggregate  (cost=6656.12..6658.12 rows=200 width=13) (actual rows=25020 loops=1)
  Group Key: t1.follower
  Batches: 1  Memory Usage: 2849kB
  Buffers: shared hit=1068, temp read=8 written=31
  ->  Hash Join  (cost=3396.67..5193.18 rows=292588 width=10) (actual rows=99704 loops=1)
        Hash Cond: ((t2.followee)::text = (t1.follower)::text)
        Buffers: shared hit=1068, temp read=8 written=31
        ->  Seq Scan on follow t2  (cost=0.00..1533.96 rows=99996 width=9) (actual rows=99996 loops=1)
              Buffers: shared hit=534
        ->  Hash  (cost=2776.39..2776.39 rows=49622 width=5) (actual rows=49999 loops=1)
              Buckets: 65536  Batches: 1  Memory Usage: 2357kB
              Buffers: shared hit=534, temp read=8 written=31
              ->  HashAggregate  (cost=1783.95..2280.17 rows=49622 width=5) (actual rows=49999 loops=1)
                    Group Key: t1.follower
                    Batches: 5  Memory Usage: 4145kB  Disk Usage: 208kB
                    Buffers: shared hit=534, temp read=8 written=31
                    ->  Seq Scan on follow t1  (cost=0.00..1533.96 rows=99996 width=5) (actual rows=99996 loops=1)
                          Buffers: shared hit=534
Planning Time: 0.199 ms
Execution Time: 109.314 ms",106.421,6658.12,25020,"HashAggregate  (cost=6656.12..6658.12 rows=200 width=13) (actual rows=25020 loops=1)
  Group Key: t1.follower
  Batches: 1  Memory Usage: 2849kB
  Buffers: shared hit=1068, temp read=8 written=31
  ->  Hash Join  (cost=3396.67..5193.18 rows=292588 width=10) (actual rows=99704 loops=1)
        Hash Cond: ((t2.followee)::text = (t1.follower)::text)
        Buffers: shared hit=1068, temp read=8 written=31
        ->  Seq Scan on follow t2  (cost=0.00..1533.96 rows=99996 width=9) (actual rows=99996 loops=1)
              Buffers: shared hit=534
        ->  Hash  (cost=2776.39..2776.39 rows=49622 width=5) (actual rows=49999 loops=1)
              Buckets: 65536  Batches: 1  Memory Usage: 2357kB
              Buffers: shared hit=534, temp read=8 written=31
              ->  HashAggregate  (cost=1783.95..2280.17 rows=49622 width=5) (actual rows=49999 loops=1)
                    Group Key: t1.follower
                    Batches: 5  Memory Usage: 4145kB  Disk Usage: 208kB
                    Buffers: shared hit=534, temp read=8 written=31
                    ->  Seq Scan on follow t1  (cost=0.00..1533.96 rows=99996 width=5) (actual rows=99996 loops=1)
                          Buffers: shared hit=534
Planning Time: 0.181 ms
Execution Time: 106.421 ms",106.9462,108.702,109.74,110.5068,6658.12,6658.12,25020,25020,25020,25020,614_108,378,614,108,Medium,"select t1.follower as follower, count(distinct t2.follower) as num from schema_614.follow as t1 join schema_614.follow as t2 on t1.follower = t2.followee group by t1.follower",353.53,18271.08,25020,"GroupAggregate  (cost=9893.60..18271.08 rows=49622 width=13) (actual rows=25020 loops=1)
  Group Key: t1.follower
  Buffers: shared hit=1072, temp read=810 written=485
  ->  Merge Join  (cost=9893.60..16767.32 rows=201507 width=10) (actual rows=198860 loops=1)
        Merge Cond: ((t2.followee)::text = (t1.follower)::text)
        Buffers: shared hit=1072, temp read=810 written=485
        ->  Index Only Scan using follow_pkey on follow t2  (cost=0.42..3656.36 rows=99996 width=9) (actual rows=99996 loops=1)
              Heap Fetches: 0
              Buffers: shared hit=538
        ->  Sort  (cost=9838.42..10088.41 rows=99996 width=5) (actual rows=248818 loops=1)
              Sort Key: t1.follower
              Sort Method: external sort  Disk: 1936kB
              Buffers: shared hit=534, temp read=647 written=485
              ->  Seq Scan on follow t1  (cost=0.00..1533.96 rows=99996 width=5) (actual rows=99996 loops=1)
                    Buffers: shared hit=534
Planning:
  Buffers: shared hit=8
Planning Time: 0.237 ms
Execution Time: 353.530 ms",360.19,18271.08,25020,"GroupAggregate  (cost=9893.60..18271.08 rows=49622 width=13) (actual rows=25020 loops=1)
  Group Key: t1.follower
  Buffers: shared hit=1072, temp read=810 written=485
  ->  Merge Join  (cost=9893.60..16767.32 rows=201507 width=10) (actual rows=198860 loops=1)
        Merge Cond: ((t2.followee)::text = (t1.follower)::text)
        Buffers: shared hit=1072, temp read=810 written=485
        ->  Index Only Scan using follow_pkey on follow t2  (cost=0.42..3656.36 rows=99996 width=9) (actual rows=99996 loops=1)
              Heap Fetches: 0
              Buffers: shared hit=538
        ->  Sort  (cost=9838.42..10088.41 rows=99996 width=5) (actual rows=248818 loops=1)
              Sort Key: t1.follower
              Sort Method: external sort  Disk: 1936kB
              Buffers: shared hit=534, temp read=647 written=485
              ->  Seq Scan on follow t1  (cost=0.00..1533.96 rows=99996 width=5) (actual rows=99996 loops=1)
                    Buffers: shared hit=534
Planning:
  Buffers: shared hit=8
Planning Time: 0.336 ms
Execution Time: 360.190 ms",363.215,18271.08,25020,"GroupAggregate  (cost=9893.60..18271.08 rows=49622 width=13) (actual rows=25020 loops=1)
  Group Key: t1.follower
  Buffers: shared hit=1072, temp read=810 written=485
  ->  Merge Join  (cost=9893.60..16767.32 rows=201507 width=10) (actual rows=198860 loops=1)
        Merge Cond: ((t2.followee)::text = (t1.follower)::text)
        Buffers: shared hit=1072, temp read=810 written=485
        ->  Index Only Scan using follow_pkey on follow t2  (cost=0.42..3656.36 rows=99996 width=9) (actual rows=99996 loops=1)
              Heap Fetches: 0
              Buffers: shared hit=538
        ->  Sort  (cost=9838.42..10088.41 rows=99996 width=5) (actual rows=248818 loops=1)
              Sort Key: t1.follower
              Sort Method: external sort  Disk: 1936kB
              Buffers: shared hit=534, temp read=647 written=485
              ->  Seq Scan on follow t1  (cost=0.00..1533.96 rows=99996 width=5) (actual rows=99996 loops=1)
                    Buffers: shared hit=534
Planning:
  Buffers: shared hit=8
Planning Time: 0.342 ms
Execution Time: 363.215 ms",364.822,18271.08,25020,"GroupAggregate  (cost=9893.60..18271.08 rows=49622 width=13) (actual rows=25020 loops=1)
  Group Key: t1.follower
  Buffers: shared hit=1072, temp read=810 written=485
  ->  Merge Join  (cost=9893.60..16767.32 rows=201507 width=10) (actual rows=198860 loops=1)
        Merge Cond: ((t2.followee)::text = (t1.follower)::text)
        Buffers: shared hit=1072, temp read=810 written=485
        ->  Index Only Scan using follow_pkey on follow t2  (cost=0.42..3656.36 rows=99996 width=9) (actual rows=99996 loops=1)
              Heap Fetches: 0
              Buffers: shared hit=538
        ->  Sort  (cost=9838.42..10088.41 rows=99996 width=5) (actual rows=248818 loops=1)
              Sort Key: t1.follower
              Sort Method: external sort  Disk: 1936kB
              Buffers: shared hit=534, temp read=647 written=485
              ->  Seq Scan on follow t1  (cost=0.00..1533.96 rows=99996 width=5) (actual rows=99996 loops=1)
                    Buffers: shared hit=534
Planning:
  Buffers: shared hit=8
Planning Time: 0.284 ms
Execution Time: 364.822 ms",362.948,18271.08,25020,"GroupAggregate  (cost=9893.60..18271.08 rows=49622 width=13) (actual rows=25020 loops=1)
  Group Key: t1.follower
  Buffers: shared hit=1072, temp read=810 written=485
  ->  Merge Join  (cost=9893.60..16767.32 rows=201507 width=10) (actual rows=198860 loops=1)
        Merge Cond: ((t2.followee)::text = (t1.follower)::text)
        Buffers: shared hit=1072, temp read=810 written=485
        ->  Index Only Scan using follow_pkey on follow t2  (cost=0.42..3656.36 rows=99996 width=9) (actual rows=99996 loops=1)
              Heap Fetches: 0
              Buffers: shared hit=538
        ->  Sort  (cost=9838.42..10088.41 rows=99996 width=5) (actual rows=248818 loops=1)
              Sort Key: t1.follower
              Sort Method: external sort  Disk: 1936kB
              Buffers: shared hit=534, temp read=647 written=485
              ->  Seq Scan on follow t1  (cost=0.00..1533.96 rows=99996 width=5) (actual rows=99996 loops=1)
                    Buffers: shared hit=534
Planning:
  Buffers: shared hit=8
Planning Time: 0.330 ms
Execution Time: 362.948 ms",360.941,362.948,364.0185,365.4648,18271.08,18271.08,25020,25020,25020,25020,normal,normal,19.937052000000058,16.455027199999986,equal variances,significant,0.003968253968253968,-253.99479999999997,-254.24599999999998,-11612.960000000003,0,True
379,614,110,Medium,"select t_cte_1.c_follower0 as follower, count(t2.follower) as num from (select t1.follower as c_follower0 from schema_614.follow as t1 group by t1.follower) as t_cte_1 inner join schema_614.follow as t2 on t_cte_1.c_follower0 = t2.followee group by t_cte_1.c_follower0",99.343,6658.12,25020,"HashAggregate  (cost=6656.12..6658.12 rows=200 width=13) (actual rows=25020 loops=1)
  Group Key: t1.follower
  Batches: 1  Memory Usage: 2849kB
  Buffers: shared hit=1068, temp read=8 written=31
  ->  Hash Join  (cost=3396.67..5193.18 rows=292588 width=10) (actual rows=99704 loops=1)
        Hash Cond: ((t2.followee)::text = (t1.follower)::text)
        Buffers: shared hit=1068, temp read=8 written=31
        ->  Seq Scan on follow t2  (cost=0.00..1533.96 rows=99996 width=9) (actual rows=99996 loops=1)
              Buffers: shared hit=534
        ->  Hash  (cost=2776.39..2776.39 rows=49622 width=5) (actual rows=49999 loops=1)
              Buckets: 65536  Batches: 1  Memory Usage: 2357kB
              Buffers: shared hit=534, temp read=8 written=31
              ->  HashAggregate  (cost=1783.95..2280.17 rows=49622 width=5) (actual rows=49999 loops=1)
                    Group Key: t1.follower
                    Batches: 5  Memory Usage: 4145kB  Disk Usage: 208kB
                    Buffers: shared hit=534, temp read=8 written=31
                    ->  Seq Scan on follow t1  (cost=0.00..1533.96 rows=99996 width=5) (actual rows=99996 loops=1)
                          Buffers: shared hit=534
Planning Time: 0.126 ms
Execution Time: 99.343 ms",111.291,6658.12,25020,"HashAggregate  (cost=6656.12..6658.12 rows=200 width=13) (actual rows=25020 loops=1)
  Group Key: t1.follower
  Batches: 1  Memory Usage: 2849kB
  Buffers: shared hit=1068, temp read=8 written=31
  ->  Hash Join  (cost=3396.67..5193.18 rows=292588 width=10) (actual rows=99704 loops=1)
        Hash Cond: ((t2.followee)::text = (t1.follower)::text)
        Buffers: shared hit=1068, temp read=8 written=31
        ->  Seq Scan on follow t2  (cost=0.00..1533.96 rows=99996 width=9) (actual rows=99996 loops=1)
              Buffers: shared hit=534
        ->  Hash  (cost=2776.39..2776.39 rows=49622 width=5) (actual rows=49999 loops=1)
              Buckets: 65536  Batches: 1  Memory Usage: 2357kB
              Buffers: shared hit=534, temp read=8 written=31
              ->  HashAggregate  (cost=1783.95..2280.17 rows=49622 width=5) (actual rows=49999 loops=1)
                    Group Key: t1.follower
                    Batches: 5  Memory Usage: 4145kB  Disk Usage: 208kB
                    Buffers: shared hit=534, temp read=8 written=31
                    ->  Seq Scan on follow t1  (cost=0.00..1533.96 rows=99996 width=5) (actual rows=99996 loops=1)
                          Buffers: shared hit=534
Planning Time: 0.179 ms
Execution Time: 111.291 ms",108.514,6658.12,25020,"HashAggregate  (cost=6656.12..6658.12 rows=200 width=13) (actual rows=25020 loops=1)
  Group Key: t1.follower
  Batches: 1  Memory Usage: 2849kB
  Buffers: shared hit=1068, temp read=8 written=31
  ->  Hash Join  (cost=3396.67..5193.18 rows=292588 width=10) (actual rows=99704 loops=1)
        Hash Cond: ((t2.followee)::text = (t1.follower)::text)
        Buffers: shared hit=1068, temp read=8 written=31
        ->  Seq Scan on follow t2  (cost=0.00..1533.96 rows=99996 width=9) (actual rows=99996 loops=1)
              Buffers: shared hit=534
        ->  Hash  (cost=2776.39..2776.39 rows=49622 width=5) (actual rows=49999 loops=1)
              Buckets: 65536  Batches: 1  Memory Usage: 2357kB
              Buffers: shared hit=534, temp read=8 written=31
              ->  HashAggregate  (cost=1783.95..2280.17 rows=49622 width=5) (actual rows=49999 loops=1)
                    Group Key: t1.follower
                    Batches: 5  Memory Usage: 4145kB  Disk Usage: 208kB
                    Buffers: shared hit=534, temp read=8 written=31
                    ->  Seq Scan on follow t1  (cost=0.00..1533.96 rows=99996 width=5) (actual rows=99996 loops=1)
                          Buffers: shared hit=534
Planning Time: 0.162 ms
Execution Time: 108.514 ms",107.648,6658.12,25020,"HashAggregate  (cost=6656.12..6658.12 rows=200 width=13) (actual rows=25020 loops=1)
  Group Key: t1.follower
  Batches: 1  Memory Usage: 2849kB
  Buffers: shared hit=1068, temp read=8 written=31
  ->  Hash Join  (cost=3396.67..5193.18 rows=292588 width=10) (actual rows=99704 loops=1)
        Hash Cond: ((t2.followee)::text = (t1.follower)::text)
        Buffers: shared hit=1068, temp read=8 written=31
        ->  Seq Scan on follow t2  (cost=0.00..1533.96 rows=99996 width=9) (actual rows=99996 loops=1)
              Buffers: shared hit=534
        ->  Hash  (cost=2776.39..2776.39 rows=49622 width=5) (actual rows=49999 loops=1)
              Buckets: 65536  Batches: 1  Memory Usage: 2357kB
              Buffers: shared hit=534, temp read=8 written=31
              ->  HashAggregate  (cost=1783.95..2280.17 rows=49622 width=5) (actual rows=49999 loops=1)
                    Group Key: t1.follower
                    Batches: 5  Memory Usage: 4145kB  Disk Usage: 208kB
                    Buffers: shared hit=534, temp read=8 written=31
                    ->  Seq Scan on follow t1  (cost=0.00..1533.96 rows=99996 width=5) (actual rows=99996 loops=1)
                          Buffers: shared hit=534
Planning Time: 0.175 ms
Execution Time: 107.648 ms",108.441,6658.12,25020,"HashAggregate  (cost=6656.12..6658.12 rows=200 width=13) (actual rows=25020 loops=1)
  Group Key: t1.follower
  Batches: 1  Memory Usage: 2849kB
  Buffers: shared hit=1068, temp read=8 written=31
  ->  Hash Join  (cost=3396.67..5193.18 rows=292588 width=10) (actual rows=99704 loops=1)
        Hash Cond: ((t2.followee)::text = (t1.follower)::text)
        Buffers: shared hit=1068, temp read=8 written=31
        ->  Seq Scan on follow t2  (cost=0.00..1533.96 rows=99996 width=9) (actual rows=99996 loops=1)
              Buffers: shared hit=534
        ->  Hash  (cost=2776.39..2776.39 rows=49622 width=5) (actual rows=49999 loops=1)
              Buckets: 65536  Batches: 1  Memory Usage: 2357kB
              Buffers: shared hit=534, temp read=8 written=31
              ->  HashAggregate  (cost=1783.95..2280.17 rows=49622 width=5) (actual rows=49999 loops=1)
                    Group Key: t1.follower
                    Batches: 5  Memory Usage: 4145kB  Disk Usage: 208kB
                    Buffers: shared hit=534, temp read=8 written=31
                    ->  Seq Scan on follow t1  (cost=0.00..1533.96 rows=99996 width=5) (actual rows=99996 loops=1)
                          Buffers: shared hit=534
Planning Time: 0.194 ms
Execution Time: 108.441 ms",107.0474,108.441,109.9025,112.4018,6658.12,6658.12,25020,25020,25020,25020,614_110,379,614,110,Medium,"select t1.follower, count(distinct t2.follower) as num from schema_614.follow as t1 join schema_614.follow as t2 on t1.follower = t2.followee group by t1.follower",359.34,18271.08,25020,"GroupAggregate  (cost=9893.60..18271.08 rows=49622 width=13) (actual rows=25020 loops=1)
  Group Key: t1.follower
  Buffers: shared hit=1072, temp read=810 written=485
  ->  Merge Join  (cost=9893.60..16767.32 rows=201507 width=10) (actual rows=198860 loops=1)
        Merge Cond: ((t2.followee)::text = (t1.follower)::text)
        Buffers: shared hit=1072, temp read=810 written=485
        ->  Index Only Scan using follow_pkey on follow t2  (cost=0.42..3656.36 rows=99996 width=9) (actual rows=99996 loops=1)
              Heap Fetches: 0
              Buffers: shared hit=538
        ->  Sort  (cost=9838.42..10088.41 rows=99996 width=5) (actual rows=248818 loops=1)
              Sort Key: t1.follower
              Sort Method: external sort  Disk: 1936kB
              Buffers: shared hit=534, temp read=647 written=485
              ->  Seq Scan on follow t1  (cost=0.00..1533.96 rows=99996 width=5) (actual rows=99996 loops=1)
                    Buffers: shared hit=534
Planning:
  Buffers: shared hit=8
Planning Time: 0.339 ms
Execution Time: 359.340 ms",357.502,18271.08,25020,"GroupAggregate  (cost=9893.60..18271.08 rows=49622 width=13) (actual rows=25020 loops=1)
  Group Key: t1.follower
  Buffers: shared hit=1072, temp read=810 written=485
  ->  Merge Join  (cost=9893.60..16767.32 rows=201507 width=10) (actual rows=198860 loops=1)
        Merge Cond: ((t2.followee)::text = (t1.follower)::text)
        Buffers: shared hit=1072, temp read=810 written=485
        ->  Index Only Scan using follow_pkey on follow t2  (cost=0.42..3656.36 rows=99996 width=9) (actual rows=99996 loops=1)
              Heap Fetches: 0
              Buffers: shared hit=538
        ->  Sort  (cost=9838.42..10088.41 rows=99996 width=5) (actual rows=248818 loops=1)
              Sort Key: t1.follower
              Sort Method: external sort  Disk: 1936kB
              Buffers: shared hit=534, temp read=647 written=485
              ->  Seq Scan on follow t1  (cost=0.00..1533.96 rows=99996 width=5) (actual rows=99996 loops=1)
                    Buffers: shared hit=534
Planning:
  Buffers: shared hit=8
Planning Time: 0.360 ms
Execution Time: 357.502 ms",362.556,18271.08,25020,"GroupAggregate  (cost=9893.60..18271.08 rows=49622 width=13) (actual rows=25020 loops=1)
  Group Key: t1.follower
  Buffers: shared hit=1072, temp read=810 written=485
  ->  Merge Join  (cost=9893.60..16767.32 rows=201507 width=10) (actual rows=198860 loops=1)
        Merge Cond: ((t2.followee)::text = (t1.follower)::text)
        Buffers: shared hit=1072, temp read=810 written=485
        ->  Index Only Scan using follow_pkey on follow t2  (cost=0.42..3656.36 rows=99996 width=9) (actual rows=99996 loops=1)
              Heap Fetches: 0
              Buffers: shared hit=538
        ->  Sort  (cost=9838.42..10088.41 rows=99996 width=5) (actual rows=248818 loops=1)
              Sort Key: t1.follower
              Sort Method: external sort  Disk: 1936kB
              Buffers: shared hit=534, temp read=647 written=485
              ->  Seq Scan on follow t1  (cost=0.00..1533.96 rows=99996 width=5) (actual rows=99996 loops=1)
                    Buffers: shared hit=534
Planning:
  Buffers: shared hit=8
Planning Time: 0.332 ms
Execution Time: 362.556 ms",361.753,18271.08,25020,"GroupAggregate  (cost=9893.60..18271.08 rows=49622 width=13) (actual rows=25020 loops=1)
  Group Key: t1.follower
  Buffers: shared hit=1072, temp read=810 written=485
  ->  Merge Join  (cost=9893.60..16767.32 rows=201507 width=10) (actual rows=198860 loops=1)
        Merge Cond: ((t2.followee)::text = (t1.follower)::text)
        Buffers: shared hit=1072, temp read=810 written=485
        ->  Index Only Scan using follow_pkey on follow t2  (cost=0.42..3656.36 rows=99996 width=9) (actual rows=99996 loops=1)
              Heap Fetches: 0
              Buffers: shared hit=538
        ->  Sort  (cost=9838.42..10088.41 rows=99996 width=5) (actual rows=248818 loops=1)
              Sort Key: t1.follower
              Sort Method: external sort  Disk: 1936kB
              Buffers: shared hit=534, temp read=647 written=485
              ->  Seq Scan on follow t1  (cost=0.00..1533.96 rows=99996 width=5) (actual rows=99996 loops=1)
                    Buffers: shared hit=534
Planning:
  Buffers: shared hit=8
Planning Time: 0.344 ms
Execution Time: 361.753 ms",360.5,18271.08,25020,"GroupAggregate  (cost=9893.60..18271.08 rows=49622 width=13) (actual rows=25020 loops=1)
  Group Key: t1.follower
  Buffers: shared hit=1072, temp read=810 written=485
  ->  Merge Join  (cost=9893.60..16767.32 rows=201507 width=10) (actual rows=198860 loops=1)
        Merge Cond: ((t2.followee)::text = (t1.follower)::text)
        Buffers: shared hit=1072, temp read=810 written=485
        ->  Index Only Scan using follow_pkey on follow t2  (cost=0.42..3656.36 rows=99996 width=9) (actual rows=99996 loops=1)
              Heap Fetches: 0
              Buffers: shared hit=538
        ->  Sort  (cost=9838.42..10088.41 rows=99996 width=5) (actual rows=248818 loops=1)
              Sort Key: t1.follower
              Sort Method: external sort  Disk: 1936kB
              Buffers: shared hit=534, temp read=647 written=485
              ->  Seq Scan on follow t1  (cost=0.00..1533.96 rows=99996 width=5) (actual rows=99996 loops=1)
                    Buffers: shared hit=534
Planning:
  Buffers: shared hit=8
Planning Time: 0.300 ms
Execution Time: 360.500 ms",360.3302,360.5,362.1545,362.8772,18271.08,18271.08,25020,25020,25020,25020,normal,normal,3.99664719999997,20.45491929999998,equal variances,significant,0.003968253968253968,-253.2828,-252.059,-11612.960000000003,0,True
380,614,113,Medium,"select t_cte_6.c_follower0 as follower, count(t_cte_4.c_follower1) as num from (select tfollower.follower as c_follower0 from schema_614.follow as tfollower group by tfollower.follower) as t_cte_6 left join (select t2nddegreefollower.follower as c_follower1, t2nddegreefollower.followee as c_followee0 from schema_614.follow as t2nddegreefollower) as t_cte_4 on t_cte_6.c_follower0 = t_cte_4.c_followee0 group by t_cte_6.c_follower0 having 0 < count(t_cte_4.c_follower1)",121.567,6658.62,25020,"HashAggregate  (cost=6656.12..6658.62 rows=67 width=13) (actual rows=25020 loops=1)
  Group Key: tfollower.follower
  Filter: (0 < count(t2nddegreefollower.follower))
  Batches: 5  Memory Usage: 4161kB  Disk Usage: 712kB
  Rows Removed by Filter: 24979
  Buffers: shared hit=1068, temp read=76 written=167
  ->  Hash Right Join  (cost=3396.67..5193.18 rows=292588 width=10) (actual rows=124683 loops=1)
        Hash Cond: ((t2nddegreefollower.followee)::text = (tfollower.follower)::text)
        Buffers: shared hit=1068, temp read=8 written=31
        ->  Seq Scan on follow t2nddegreefollower  (cost=0.00..1533.96 rows=99996 width=9) (actual rows=99996 loops=1)
              Buffers: shared hit=534
        ->  Hash  (cost=2776.39..2776.39 rows=49622 width=5) (actual rows=49999 loops=1)
              Buckets: 65536  Batches: 1  Memory Usage: 2357kB
              Buffers: shared hit=534, temp read=8 written=31
              ->  HashAggregate  (cost=1783.95..2280.17 rows=49622 width=5) (actual rows=49999 loops=1)
                    Group Key: tfollower.follower
                    Batches: 5  Memory Usage: 4145kB  Disk Usage: 208kB
                    Buffers: shared hit=534, temp read=8 written=31
                    ->  Seq Scan on follow tfollower  (cost=0.00..1533.96 rows=99996 width=5) (actual rows=99996 loops=1)
                          Buffers: shared hit=534
Planning Time: 0.225 ms
Execution Time: 121.567 ms",127.88,6658.62,25020,"HashAggregate  (cost=6656.12..6658.62 rows=67 width=13) (actual rows=25020 loops=1)
  Group Key: tfollower.follower
  Filter: (0 < count(t2nddegreefollower.follower))
  Batches: 5  Memory Usage: 4161kB  Disk Usage: 712kB
  Rows Removed by Filter: 24979
  Buffers: shared hit=1068, temp read=76 written=167
  ->  Hash Right Join  (cost=3396.67..5193.18 rows=292588 width=10) (actual rows=124683 loops=1)
        Hash Cond: ((t2nddegreefollower.followee)::text = (tfollower.follower)::text)
        Buffers: shared hit=1068, temp read=8 written=31
        ->  Seq Scan on follow t2nddegreefollower  (cost=0.00..1533.96 rows=99996 width=9) (actual rows=99996 loops=1)
              Buffers: shared hit=534
        ->  Hash  (cost=2776.39..2776.39 rows=49622 width=5) (actual rows=49999 loops=1)
              Buckets: 65536  Batches: 1  Memory Usage: 2357kB
              Buffers: shared hit=534, temp read=8 written=31
              ->  HashAggregate  (cost=1783.95..2280.17 rows=49622 width=5) (actual rows=49999 loops=1)
                    Group Key: tfollower.follower
                    Batches: 5  Memory Usage: 4145kB  Disk Usage: 208kB
                    Buffers: shared hit=534, temp read=8 written=31
                    ->  Seq Scan on follow tfollower  (cost=0.00..1533.96 rows=99996 width=5) (actual rows=99996 loops=1)
                          Buffers: shared hit=534
Planning Time: 0.174 ms
Execution Time: 127.880 ms",131.086,6658.62,25020,"HashAggregate  (cost=6656.12..6658.62 rows=67 width=13) (actual rows=25020 loops=1)
  Group Key: tfollower.follower
  Filter: (0 < count(t2nddegreefollower.follower))
  Batches: 5  Memory Usage: 4161kB  Disk Usage: 712kB
  Rows Removed by Filter: 24979
  Buffers: shared hit=1068, temp read=76 written=167
  ->  Hash Right Join  (cost=3396.67..5193.18 rows=292588 width=10) (actual rows=124683 loops=1)
        Hash Cond: ((t2nddegreefollower.followee)::text = (tfollower.follower)::text)
        Buffers: shared hit=1068, temp read=8 written=31
        ->  Seq Scan on follow t2nddegreefollower  (cost=0.00..1533.96 rows=99996 width=9) (actual rows=99996 loops=1)
              Buffers: shared hit=534
        ->  Hash  (cost=2776.39..2776.39 rows=49622 width=5) (actual rows=49999 loops=1)
              Buckets: 65536  Batches: 1  Memory Usage: 2357kB
              Buffers: shared hit=534, temp read=8 written=31
              ->  HashAggregate  (cost=1783.95..2280.17 rows=49622 width=5) (actual rows=49999 loops=1)
                    Group Key: tfollower.follower
                    Batches: 5  Memory Usage: 4145kB  Disk Usage: 208kB
                    Buffers: shared hit=534, temp read=8 written=31
                    ->  Seq Scan on follow tfollower  (cost=0.00..1533.96 rows=99996 width=5) (actual rows=99996 loops=1)
                          Buffers: shared hit=534
Planning Time: 0.206 ms
Execution Time: 131.086 ms",130.067,6658.62,25020,"HashAggregate  (cost=6656.12..6658.62 rows=67 width=13) (actual rows=25020 loops=1)
  Group Key: tfollower.follower
  Filter: (0 < count(t2nddegreefollower.follower))
  Batches: 5  Memory Usage: 4161kB  Disk Usage: 712kB
  Rows Removed by Filter: 24979
  Buffers: shared hit=1068, temp read=76 written=167
  ->  Hash Right Join  (cost=3396.67..5193.18 rows=292588 width=10) (actual rows=124683 loops=1)
        Hash Cond: ((t2nddegreefollower.followee)::text = (tfollower.follower)::text)
        Buffers: shared hit=1068, temp read=8 written=31
        ->  Seq Scan on follow t2nddegreefollower  (cost=0.00..1533.96 rows=99996 width=9) (actual rows=99996 loops=1)
              Buffers: shared hit=534
        ->  Hash  (cost=2776.39..2776.39 rows=49622 width=5) (actual rows=49999 loops=1)
              Buckets: 65536  Batches: 1  Memory Usage: 2357kB
              Buffers: shared hit=534, temp read=8 written=31
              ->  HashAggregate  (cost=1783.95..2280.17 rows=49622 width=5) (actual rows=49999 loops=1)
                    Group Key: tfollower.follower
                    Batches: 5  Memory Usage: 4145kB  Disk Usage: 208kB
                    Buffers: shared hit=534, temp read=8 written=31
                    ->  Seq Scan on follow tfollower  (cost=0.00..1533.96 rows=99996 width=5) (actual rows=99996 loops=1)
                          Buffers: shared hit=534
Planning Time: 0.165 ms
Execution Time: 130.067 ms",128.076,6658.62,25020,"HashAggregate  (cost=6656.12..6658.62 rows=67 width=13) (actual rows=25020 loops=1)
  Group Key: tfollower.follower
  Filter: (0 < count(t2nddegreefollower.follower))
  Batches: 5  Memory Usage: 4161kB  Disk Usage: 712kB
  Rows Removed by Filter: 24979
  Buffers: shared hit=1068, temp read=76 written=167
  ->  Hash Right Join  (cost=3396.67..5193.18 rows=292588 width=10) (actual rows=124683 loops=1)
        Hash Cond: ((t2nddegreefollower.followee)::text = (tfollower.follower)::text)
        Buffers: shared hit=1068, temp read=8 written=31
        ->  Seq Scan on follow t2nddegreefollower  (cost=0.00..1533.96 rows=99996 width=9) (actual rows=99996 loops=1)
              Buffers: shared hit=534
        ->  Hash  (cost=2776.39..2776.39 rows=49622 width=5) (actual rows=49999 loops=1)
              Buckets: 65536  Batches: 1  Memory Usage: 2357kB
              Buffers: shared hit=534, temp read=8 written=31
              ->  HashAggregate  (cost=1783.95..2280.17 rows=49622 width=5) (actual rows=49999 loops=1)
                    Group Key: tfollower.follower
                    Batches: 5  Memory Usage: 4145kB  Disk Usage: 208kB
                    Buffers: shared hit=534, temp read=8 written=31
                    ->  Seq Scan on follow tfollower  (cost=0.00..1533.96 rows=99996 width=5) (actual rows=99996 loops=1)
                          Buffers: shared hit=534
Planning Time: 0.207 ms
Execution Time: 128.076 ms",127.7352,128.076,130.5765,131.4936,6658.62,6658.62,25020,25020,25020,25020,614_113,380,614,113,Medium,"select tfollower.follower, count(distinct t2nddegreefollower.follower) as num from schema_614.follow as tfollower left outer join schema_614.follow as t2nddegreefollower on tfollower.follower = t2nddegreefollower.followee group by tfollower.follower having count(distinct t2nddegreefollower.follower) > 0",590.555,24823.68,25020,"GroupAggregate  (cost=19687.41..24823.68 rows=16541 width=13) (actual rows=25020 loops=1)
  Group Key: tfollower.follower
  Filter: (count(DISTINCT t2nddegreefollower.follower) > 0)
  Rows Removed by Filter: 24979
  Buffers: shared hit=1068, temp read=1401 written=803
  ->  Merge Left Join  (cost=19687.41..23195.87 rows=201507 width=10) (actual rows=248818 loops=1)
        Merge Cond: ((tfollower.follower)::text = (t2nddegreefollower.followee)::text)
        Buffers: shared hit=1068, temp read=1401 written=803
        ->  Sort  (cost=9838.42..10088.41 rows=99996 width=5) (actual rows=99996 loops=1)
              Sort Key: tfollower.follower
              Sort Method: external merge  Disk: 1552kB
              Buffers: shared hit=534, temp read=194 written=195
              ->  Seq Scan on follow tfollower  (cost=0.00..1533.96 rows=99996 width=5) (actual rows=99996 loops=1)
                    Buffers: shared hit=534
        ->  Sort  (cost=9838.42..10088.41 rows=99996 width=9) (actual rows=199151 loops=1)
              Sort Key: t2nddegreefollower.followee
              Sort Method: external sort  Disk: 2432kB
              Buffers: shared hit=534, temp read=907 written=608
              ->  Seq Scan on follow t2nddegreefollower  (cost=0.00..1533.96 rows=99996 width=9) (actual rows=99996 loops=1)
                    Buffers: shared hit=534
Planning:
  Buffers: shared hit=8
Planning Time: 0.330 ms
Execution Time: 590.555 ms",610.287,24823.68,25020,"GroupAggregate  (cost=19687.41..24823.68 rows=16541 width=13) (actual rows=25020 loops=1)
  Group Key: tfollower.follower
  Filter: (count(DISTINCT t2nddegreefollower.follower) > 0)
  Rows Removed by Filter: 24979
  Buffers: shared hit=1068, temp read=1401 written=803
  ->  Merge Left Join  (cost=19687.41..23195.87 rows=201507 width=10) (actual rows=248818 loops=1)
        Merge Cond: ((tfollower.follower)::text = (t2nddegreefollower.followee)::text)
        Buffers: shared hit=1068, temp read=1401 written=803
        ->  Sort  (cost=9838.42..10088.41 rows=99996 width=5) (actual rows=99996 loops=1)
              Sort Key: tfollower.follower
              Sort Method: external merge  Disk: 1552kB
              Buffers: shared hit=534, temp read=194 written=195
              ->  Seq Scan on follow tfollower  (cost=0.00..1533.96 rows=99996 width=5) (actual rows=99996 loops=1)
                    Buffers: shared hit=534
        ->  Sort  (cost=9838.42..10088.41 rows=99996 width=9) (actual rows=199151 loops=1)
              Sort Key: t2nddegreefollower.followee
              Sort Method: external sort  Disk: 2432kB
              Buffers: shared hit=534, temp read=907 written=608
              ->  Seq Scan on follow t2nddegreefollower  (cost=0.00..1533.96 rows=99996 width=9) (actual rows=99996 loops=1)
                    Buffers: shared hit=534
Planning:
  Buffers: shared hit=8
Planning Time: 0.323 ms
Execution Time: 610.287 ms",598.573,24823.68,25020,"GroupAggregate  (cost=19687.41..24823.68 rows=16541 width=13) (actual rows=25020 loops=1)
  Group Key: tfollower.follower
  Filter: (count(DISTINCT t2nddegreefollower.follower) > 0)
  Rows Removed by Filter: 24979
  Buffers: shared hit=1068, temp read=1401 written=803
  ->  Merge Left Join  (cost=19687.41..23195.87 rows=201507 width=10) (actual rows=248818 loops=1)
        Merge Cond: ((tfollower.follower)::text = (t2nddegreefollower.followee)::text)
        Buffers: shared hit=1068, temp read=1401 written=803
        ->  Sort  (cost=9838.42..10088.41 rows=99996 width=5) (actual rows=99996 loops=1)
              Sort Key: tfollower.follower
              Sort Method: external merge  Disk: 1552kB
              Buffers: shared hit=534, temp read=194 written=195
              ->  Seq Scan on follow tfollower  (cost=0.00..1533.96 rows=99996 width=5) (actual rows=99996 loops=1)
                    Buffers: shared hit=534
        ->  Sort  (cost=9838.42..10088.41 rows=99996 width=9) (actual rows=199151 loops=1)
              Sort Key: t2nddegreefollower.followee
              Sort Method: external sort  Disk: 2432kB
              Buffers: shared hit=534, temp read=907 written=608
              ->  Seq Scan on follow t2nddegreefollower  (cost=0.00..1533.96 rows=99996 width=9) (actual rows=99996 loops=1)
                    Buffers: shared hit=534
Planning:
  Buffers: shared hit=8
Planning Time: 0.308 ms
Execution Time: 598.573 ms",597.942,24823.68,25020,"GroupAggregate  (cost=19687.41..24823.68 rows=16541 width=13) (actual rows=25020 loops=1)
  Group Key: tfollower.follower
  Filter: (count(DISTINCT t2nddegreefollower.follower) > 0)
  Rows Removed by Filter: 24979
  Buffers: shared hit=1068, temp read=1401 written=803
  ->  Merge Left Join  (cost=19687.41..23195.87 rows=201507 width=10) (actual rows=248818 loops=1)
        Merge Cond: ((tfollower.follower)::text = (t2nddegreefollower.followee)::text)
        Buffers: shared hit=1068, temp read=1401 written=803
        ->  Sort  (cost=9838.42..10088.41 rows=99996 width=5) (actual rows=99996 loops=1)
              Sort Key: tfollower.follower
              Sort Method: external merge  Disk: 1552kB
              Buffers: shared hit=534, temp read=194 written=195
              ->  Seq Scan on follow tfollower  (cost=0.00..1533.96 rows=99996 width=5) (actual rows=99996 loops=1)
                    Buffers: shared hit=534
        ->  Sort  (cost=9838.42..10088.41 rows=99996 width=9) (actual rows=199151 loops=1)
              Sort Key: t2nddegreefollower.followee
              Sort Method: external sort  Disk: 2432kB
              Buffers: shared hit=534, temp read=907 written=608
              ->  Seq Scan on follow t2nddegreefollower  (cost=0.00..1533.96 rows=99996 width=9) (actual rows=99996 loops=1)
                    Buffers: shared hit=534
Planning:
  Buffers: shared hit=8
Planning Time: 0.264 ms
Execution Time: 597.942 ms",590.881,24823.68,25020,"GroupAggregate  (cost=19687.41..24823.68 rows=16541 width=13) (actual rows=25020 loops=1)
  Group Key: tfollower.follower
  Filter: (count(DISTINCT t2nddegreefollower.follower) > 0)
  Rows Removed by Filter: 24979
  Buffers: shared hit=1068, temp read=1401 written=803
  ->  Merge Left Join  (cost=19687.41..23195.87 rows=201507 width=10) (actual rows=248818 loops=1)
        Merge Cond: ((tfollower.follower)::text = (t2nddegreefollower.followee)::text)
        Buffers: shared hit=1068, temp read=1401 written=803
        ->  Sort  (cost=9838.42..10088.41 rows=99996 width=5) (actual rows=99996 loops=1)
              Sort Key: tfollower.follower
              Sort Method: external merge  Disk: 1552kB
              Buffers: shared hit=534, temp read=194 written=195
              ->  Seq Scan on follow tfollower  (cost=0.00..1533.96 rows=99996 width=5) (actual rows=99996 loops=1)
                    Buffers: shared hit=534
        ->  Sort  (cost=9838.42..10088.41 rows=99996 width=9) (actual rows=199151 loops=1)
              Sort Key: t2nddegreefollower.followee
              Sort Method: external sort  Disk: 2432kB
              Buffers: shared hit=534, temp read=907 written=608
              ->  Seq Scan on follow t2nddegreefollower  (cost=0.00..1533.96 rows=99996 width=9) (actual rows=99996 loops=1)
                    Buffers: shared hit=534
Planning:
  Buffers: shared hit=8
Planning Time: 0.430 ms
Execution Time: 590.881 ms",597.6476,597.942,604.43,614.9726,24823.68,24823.68,25020,25020,25020,25020,normal,normal,64.19732980000047,13.71223870000005,equal variances,significant,0.003968253968253968,-469.9124,-469.866,-18165.06,0,True
381,614,121,Medium,"select t_cte_3.c_follower0 as follower, count(f1.follower) as num from schema_614.follow as f1 inner join (select f.follower as c_follower0 from schema_614.follow as f group by f.follower) as t_cte_3 on t_cte_3.c_follower0 = f1.followee group by t_cte_3.c_follower0",101.967,6658.12,25020,"HashAggregate  (cost=6656.12..6658.12 rows=200 width=13) (actual rows=25020 loops=1)
  Group Key: f.follower
  Batches: 1  Memory Usage: 2849kB
  Buffers: shared hit=1068, temp read=8 written=31
  ->  Hash Join  (cost=3396.67..5193.18 rows=292588 width=10) (actual rows=99704 loops=1)
        Hash Cond: ((f1.followee)::text = (f.follower)::text)
        Buffers: shared hit=1068, temp read=8 written=31
        ->  Seq Scan on follow f1  (cost=0.00..1533.96 rows=99996 width=9) (actual rows=99996 loops=1)
              Buffers: shared hit=534
        ->  Hash  (cost=2776.39..2776.39 rows=49622 width=5) (actual rows=49999 loops=1)
              Buckets: 65536  Batches: 1  Memory Usage: 2357kB
              Buffers: shared hit=534, temp read=8 written=31
              ->  HashAggregate  (cost=1783.95..2280.17 rows=49622 width=5) (actual rows=49999 loops=1)
                    Group Key: f.follower
                    Batches: 5  Memory Usage: 4145kB  Disk Usage: 208kB
                    Buffers: shared hit=534, temp read=8 written=31
                    ->  Seq Scan on follow f  (cost=0.00..1533.96 rows=99996 width=5) (actual rows=99996 loops=1)
                          Buffers: shared hit=534
Planning Time: 0.183 ms
Execution Time: 101.967 ms",110.14,6658.12,25020,"HashAggregate  (cost=6656.12..6658.12 rows=200 width=13) (actual rows=25020 loops=1)
  Group Key: f.follower
  Batches: 1  Memory Usage: 2849kB
  Buffers: shared hit=1068, temp read=8 written=31
  ->  Hash Join  (cost=3396.67..5193.18 rows=292588 width=10) (actual rows=99704 loops=1)
        Hash Cond: ((f1.followee)::text = (f.follower)::text)
        Buffers: shared hit=1068, temp read=8 written=31
        ->  Seq Scan on follow f1  (cost=0.00..1533.96 rows=99996 width=9) (actual rows=99996 loops=1)
              Buffers: shared hit=534
        ->  Hash  (cost=2776.39..2776.39 rows=49622 width=5) (actual rows=49999 loops=1)
              Buckets: 65536  Batches: 1  Memory Usage: 2357kB
              Buffers: shared hit=534, temp read=8 written=31
              ->  HashAggregate  (cost=1783.95..2280.17 rows=49622 width=5) (actual rows=49999 loops=1)
                    Group Key: f.follower
                    Batches: 5  Memory Usage: 4145kB  Disk Usage: 208kB
                    Buffers: shared hit=534, temp read=8 written=31
                    ->  Seq Scan on follow f  (cost=0.00..1533.96 rows=99996 width=5) (actual rows=99996 loops=1)
                          Buffers: shared hit=534
Planning Time: 0.186 ms
Execution Time: 110.140 ms",107.529,6658.12,25020,"HashAggregate  (cost=6656.12..6658.12 rows=200 width=13) (actual rows=25020 loops=1)
  Group Key: f.follower
  Batches: 1  Memory Usage: 2849kB
  Buffers: shared hit=1068, temp read=8 written=31
  ->  Hash Join  (cost=3396.67..5193.18 rows=292588 width=10) (actual rows=99704 loops=1)
        Hash Cond: ((f1.followee)::text = (f.follower)::text)
        Buffers: shared hit=1068, temp read=8 written=31
        ->  Seq Scan on follow f1  (cost=0.00..1533.96 rows=99996 width=9) (actual rows=99996 loops=1)
              Buffers: shared hit=534
        ->  Hash  (cost=2776.39..2776.39 rows=49622 width=5) (actual rows=49999 loops=1)
              Buckets: 65536  Batches: 1  Memory Usage: 2357kB
              Buffers: shared hit=534, temp read=8 written=31
              ->  HashAggregate  (cost=1783.95..2280.17 rows=49622 width=5) (actual rows=49999 loops=1)
                    Group Key: f.follower
                    Batches: 5  Memory Usage: 4145kB  Disk Usage: 208kB
                    Buffers: shared hit=534, temp read=8 written=31
                    ->  Seq Scan on follow f  (cost=0.00..1533.96 rows=99996 width=5) (actual rows=99996 loops=1)
                          Buffers: shared hit=534
Planning Time: 0.217 ms
Execution Time: 107.529 ms",107.486,6658.12,25020,"HashAggregate  (cost=6656.12..6658.12 rows=200 width=13) (actual rows=25020 loops=1)
  Group Key: f.follower
  Batches: 1  Memory Usage: 2849kB
  Buffers: shared hit=1068, temp read=8 written=31
  ->  Hash Join  (cost=3396.67..5193.18 rows=292588 width=10) (actual rows=99704 loops=1)
        Hash Cond: ((f1.followee)::text = (f.follower)::text)
        Buffers: shared hit=1068, temp read=8 written=31
        ->  Seq Scan on follow f1  (cost=0.00..1533.96 rows=99996 width=9) (actual rows=99996 loops=1)
              Buffers: shared hit=534
        ->  Hash  (cost=2776.39..2776.39 rows=49622 width=5) (actual rows=49999 loops=1)
              Buckets: 65536  Batches: 1  Memory Usage: 2357kB
              Buffers: shared hit=534, temp read=8 written=31
              ->  HashAggregate  (cost=1783.95..2280.17 rows=49622 width=5) (actual rows=49999 loops=1)
                    Group Key: f.follower
                    Batches: 5  Memory Usage: 4145kB  Disk Usage: 208kB
                    Buffers: shared hit=534, temp read=8 written=31
                    ->  Seq Scan on follow f  (cost=0.00..1533.96 rows=99996 width=5) (actual rows=99996 loops=1)
                          Buffers: shared hit=534
Planning Time: 0.226 ms
Execution Time: 107.486 ms",108.969,6658.12,25020,"HashAggregate  (cost=6656.12..6658.12 rows=200 width=13) (actual rows=25020 loops=1)
  Group Key: f.follower
  Batches: 1  Memory Usage: 2849kB
  Buffers: shared hit=1068, temp read=8 written=31
  ->  Hash Join  (cost=3396.67..5193.18 rows=292588 width=10) (actual rows=99704 loops=1)
        Hash Cond: ((f1.followee)::text = (f.follower)::text)
        Buffers: shared hit=1068, temp read=8 written=31
        ->  Seq Scan on follow f1  (cost=0.00..1533.96 rows=99996 width=9) (actual rows=99996 loops=1)
              Buffers: shared hit=534
        ->  Hash  (cost=2776.39..2776.39 rows=49622 width=5) (actual rows=49999 loops=1)
              Buckets: 65536  Batches: 1  Memory Usage: 2357kB
              Buffers: shared hit=534, temp read=8 written=31
              ->  HashAggregate  (cost=1783.95..2280.17 rows=49622 width=5) (actual rows=49999 loops=1)
                    Group Key: f.follower
                    Batches: 5  Memory Usage: 4145kB  Disk Usage: 208kB
                    Buffers: shared hit=534, temp read=8 written=31
                    ->  Seq Scan on follow f  (cost=0.00..1533.96 rows=99996 width=5) (actual rows=99996 loops=1)
                          Buffers: shared hit=534
Planning Time: 0.232 ms
Execution Time: 108.969 ms",107.2182,107.529,109.5545,110.6084,6658.12,6658.12,25020,25020,25020,25020,614_121,381,614,121,Medium,"select f.follower, count(distinct f1.follower) as num from schema_614.follow as f join schema_614.follow as f1 on f.follower = f1.followee group by f.follower",363.141,18271.08,25020,"GroupAggregate  (cost=9893.60..18271.08 rows=49622 width=13) (actual rows=25020 loops=1)
  Group Key: f.follower
  Buffers: shared hit=1072, temp read=810 written=485
  ->  Merge Join  (cost=9893.60..16767.32 rows=201507 width=10) (actual rows=198860 loops=1)
        Merge Cond: ((f1.followee)::text = (f.follower)::text)
        Buffers: shared hit=1072, temp read=810 written=485
        ->  Index Only Scan using follow_pkey on follow f1  (cost=0.42..3656.36 rows=99996 width=9) (actual rows=99996 loops=1)
              Heap Fetches: 0
              Buffers: shared hit=538
        ->  Sort  (cost=9838.42..10088.41 rows=99996 width=5) (actual rows=248818 loops=1)
              Sort Key: f.follower
              Sort Method: external sort  Disk: 1936kB
              Buffers: shared hit=534, temp read=647 written=485
              ->  Seq Scan on follow f  (cost=0.00..1533.96 rows=99996 width=5) (actual rows=99996 loops=1)
                    Buffers: shared hit=534
Planning:
  Buffers: shared hit=8
Planning Time: 0.216 ms
Execution Time: 363.141 ms",363.006,18271.08,25020,"GroupAggregate  (cost=9893.60..18271.08 rows=49622 width=13) (actual rows=25020 loops=1)
  Group Key: f.follower
  Buffers: shared hit=1072, temp read=810 written=485
  ->  Merge Join  (cost=9893.60..16767.32 rows=201507 width=10) (actual rows=198860 loops=1)
        Merge Cond: ((f1.followee)::text = (f.follower)::text)
        Buffers: shared hit=1072, temp read=810 written=485
        ->  Index Only Scan using follow_pkey on follow f1  (cost=0.42..3656.36 rows=99996 width=9) (actual rows=99996 loops=1)
              Heap Fetches: 0
              Buffers: shared hit=538
        ->  Sort  (cost=9838.42..10088.41 rows=99996 width=5) (actual rows=248818 loops=1)
              Sort Key: f.follower
              Sort Method: external sort  Disk: 1936kB
              Buffers: shared hit=534, temp read=647 written=485
              ->  Seq Scan on follow f  (cost=0.00..1533.96 rows=99996 width=5) (actual rows=99996 loops=1)
                    Buffers: shared hit=534
Planning:
  Buffers: shared hit=8
Planning Time: 0.390 ms
Execution Time: 363.006 ms",362.373,18271.08,25020,"GroupAggregate  (cost=9893.60..18271.08 rows=49622 width=13) (actual rows=25020 loops=1)
  Group Key: f.follower
  Buffers: shared hit=1072, temp read=810 written=485
  ->  Merge Join  (cost=9893.60..16767.32 rows=201507 width=10) (actual rows=198860 loops=1)
        Merge Cond: ((f1.followee)::text = (f.follower)::text)
        Buffers: shared hit=1072, temp read=810 written=485
        ->  Index Only Scan using follow_pkey on follow f1  (cost=0.42..3656.36 rows=99996 width=9) (actual rows=99996 loops=1)
              Heap Fetches: 0
              Buffers: shared hit=538
        ->  Sort  (cost=9838.42..10088.41 rows=99996 width=5) (actual rows=248818 loops=1)
              Sort Key: f.follower
              Sort Method: external sort  Disk: 1936kB
              Buffers: shared hit=534, temp read=647 written=485
              ->  Seq Scan on follow f  (cost=0.00..1533.96 rows=99996 width=5) (actual rows=99996 loops=1)
                    Buffers: shared hit=534
Planning:
  Buffers: shared hit=8
Planning Time: 0.328 ms
Execution Time: 362.373 ms",361.756,18271.08,25020,"GroupAggregate  (cost=9893.60..18271.08 rows=49622 width=13) (actual rows=25020 loops=1)
  Group Key: f.follower
  Buffers: shared hit=1072, temp read=810 written=485
  ->  Merge Join  (cost=9893.60..16767.32 rows=201507 width=10) (actual rows=198860 loops=1)
        Merge Cond: ((f1.followee)::text = (f.follower)::text)
        Buffers: shared hit=1072, temp read=810 written=485
        ->  Index Only Scan using follow_pkey on follow f1  (cost=0.42..3656.36 rows=99996 width=9) (actual rows=99996 loops=1)
              Heap Fetches: 0
              Buffers: shared hit=538
        ->  Sort  (cost=9838.42..10088.41 rows=99996 width=5) (actual rows=248818 loops=1)
              Sort Key: f.follower
              Sort Method: external sort  Disk: 1936kB
              Buffers: shared hit=534, temp read=647 written=485
              ->  Seq Scan on follow f  (cost=0.00..1533.96 rows=99996 width=5) (actual rows=99996 loops=1)
                    Buffers: shared hit=534
Planning:
  Buffers: shared hit=8
Planning Time: 0.302 ms
Execution Time: 361.756 ms",359.187,18271.08,25020,"GroupAggregate  (cost=9893.60..18271.08 rows=49622 width=13) (actual rows=25020 loops=1)
  Group Key: f.follower
  Buffers: shared hit=1072, temp read=810 written=485
  ->  Merge Join  (cost=9893.60..16767.32 rows=201507 width=10) (actual rows=198860 loops=1)
        Merge Cond: ((f1.followee)::text = (f.follower)::text)
        Buffers: shared hit=1072, temp read=810 written=485
        ->  Index Only Scan using follow_pkey on follow f1  (cost=0.42..3656.36 rows=99996 width=9) (actual rows=99996 loops=1)
              Heap Fetches: 0
              Buffers: shared hit=538
        ->  Sort  (cost=9838.42..10088.41 rows=99996 width=5) (actual rows=248818 loops=1)
              Sort Key: f.follower
              Sort Method: external sort  Disk: 1936kB
              Buffers: shared hit=534, temp read=647 written=485
              ->  Seq Scan on follow f  (cost=0.00..1533.96 rows=99996 width=5) (actual rows=99996 loops=1)
                    Buffers: shared hit=534
Planning:
  Buffers: shared hit=8
Planning Time: 0.293 ms
Execution Time: 359.187 ms",361.8926,362.373,363.0735,363.195,18271.08,18271.08,25020,25020,25020,25020,normal,normal,2.59196929999998,9.836407699999999,equal variances,significant,0.003968253968253968,-254.67440000000002,-254.844,-11612.960000000003,0,True
382,614,129,Medium,"select t_cte_13.c_follower0 as follower, count(t_cte_27.c_follower1) as num from (select f1.follower as c_follower0 from schema_614.follow as f1 group by f1.follower) as t_cte_13 left join (select f2.follower as c_follower1, f2.followee as c_followee0 from schema_614.follow as f2) as t_cte_27 on t_cte_13.c_follower0 = t_cte_27.c_followee0 group by t_cte_13.c_follower0 having 0 < count(t_cte_27.c_follower1)",118.742,6658.62,25020,"HashAggregate  (cost=6656.12..6658.62 rows=67 width=13) (actual rows=25020 loops=1)
  Group Key: f1.follower
  Filter: (0 < count(f2.follower))
  Batches: 5  Memory Usage: 4161kB  Disk Usage: 712kB
  Rows Removed by Filter: 24979
  Buffers: shared hit=1068, temp read=76 written=167
  ->  Hash Right Join  (cost=3396.67..5193.18 rows=292588 width=10) (actual rows=124683 loops=1)
        Hash Cond: ((f2.followee)::text = (f1.follower)::text)
        Buffers: shared hit=1068, temp read=8 written=31
        ->  Seq Scan on follow f2  (cost=0.00..1533.96 rows=99996 width=9) (actual rows=99996 loops=1)
              Buffers: shared hit=534
        ->  Hash  (cost=2776.39..2776.39 rows=49622 width=5) (actual rows=49999 loops=1)
              Buckets: 65536  Batches: 1  Memory Usage: 2357kB
              Buffers: shared hit=534, temp read=8 written=31
              ->  HashAggregate  (cost=1783.95..2280.17 rows=49622 width=5) (actual rows=49999 loops=1)
                    Group Key: f1.follower
                    Batches: 5  Memory Usage: 4145kB  Disk Usage: 208kB
                    Buffers: shared hit=534, temp read=8 written=31
                    ->  Seq Scan on follow f1  (cost=0.00..1533.96 rows=99996 width=5) (actual rows=99996 loops=1)
                          Buffers: shared hit=534
Planning Time: 0.123 ms
Execution Time: 118.742 ms",125.99,6658.62,25020,"HashAggregate  (cost=6656.12..6658.62 rows=67 width=13) (actual rows=25020 loops=1)
  Group Key: f1.follower
  Filter: (0 < count(f2.follower))
  Batches: 5  Memory Usage: 4161kB  Disk Usage: 712kB
  Rows Removed by Filter: 24979
  Buffers: shared hit=1068, temp read=76 written=167
  ->  Hash Right Join  (cost=3396.67..5193.18 rows=292588 width=10) (actual rows=124683 loops=1)
        Hash Cond: ((f2.followee)::text = (f1.follower)::text)
        Buffers: shared hit=1068, temp read=8 written=31
        ->  Seq Scan on follow f2  (cost=0.00..1533.96 rows=99996 width=9) (actual rows=99996 loops=1)
              Buffers: shared hit=534
        ->  Hash  (cost=2776.39..2776.39 rows=49622 width=5) (actual rows=49999 loops=1)
              Buckets: 65536  Batches: 1  Memory Usage: 2357kB
              Buffers: shared hit=534, temp read=8 written=31
              ->  HashAggregate  (cost=1783.95..2280.17 rows=49622 width=5) (actual rows=49999 loops=1)
                    Group Key: f1.follower
                    Batches: 5  Memory Usage: 4145kB  Disk Usage: 208kB
                    Buffers: shared hit=534, temp read=8 written=31
                    ->  Seq Scan on follow f1  (cost=0.00..1533.96 rows=99996 width=5) (actual rows=99996 loops=1)
                          Buffers: shared hit=534
Planning Time: 0.168 ms
Execution Time: 125.990 ms",126.862,6658.62,25020,"HashAggregate  (cost=6656.12..6658.62 rows=67 width=13) (actual rows=25020 loops=1)
  Group Key: f1.follower
  Filter: (0 < count(f2.follower))
  Batches: 5  Memory Usage: 4161kB  Disk Usage: 712kB
  Rows Removed by Filter: 24979
  Buffers: shared hit=1068, temp read=76 written=167
  ->  Hash Right Join  (cost=3396.67..5193.18 rows=292588 width=10) (actual rows=124683 loops=1)
        Hash Cond: ((f2.followee)::text = (f1.follower)::text)
        Buffers: shared hit=1068, temp read=8 written=31
        ->  Seq Scan on follow f2  (cost=0.00..1533.96 rows=99996 width=9) (actual rows=99996 loops=1)
              Buffers: shared hit=534
        ->  Hash  (cost=2776.39..2776.39 rows=49622 width=5) (actual rows=49999 loops=1)
              Buckets: 65536  Batches: 1  Memory Usage: 2357kB
              Buffers: shared hit=534, temp read=8 written=31
              ->  HashAggregate  (cost=1783.95..2280.17 rows=49622 width=5) (actual rows=49999 loops=1)
                    Group Key: f1.follower
                    Batches: 5  Memory Usage: 4145kB  Disk Usage: 208kB
                    Buffers: shared hit=534, temp read=8 written=31
                    ->  Seq Scan on follow f1  (cost=0.00..1533.96 rows=99996 width=5) (actual rows=99996 loops=1)
                          Buffers: shared hit=534
Planning Time: 0.182 ms
Execution Time: 126.862 ms",127.254,6658.62,25020,"HashAggregate  (cost=6656.12..6658.62 rows=67 width=13) (actual rows=25020 loops=1)
  Group Key: f1.follower
  Filter: (0 < count(f2.follower))
  Batches: 5  Memory Usage: 4161kB  Disk Usage: 712kB
  Rows Removed by Filter: 24979
  Buffers: shared hit=1068, temp read=76 written=167
  ->  Hash Right Join  (cost=3396.67..5193.18 rows=292588 width=10) (actual rows=124683 loops=1)
        Hash Cond: ((f2.followee)::text = (f1.follower)::text)
        Buffers: shared hit=1068, temp read=8 written=31
        ->  Seq Scan on follow f2  (cost=0.00..1533.96 rows=99996 width=9) (actual rows=99996 loops=1)
              Buffers: shared hit=534
        ->  Hash  (cost=2776.39..2776.39 rows=49622 width=5) (actual rows=49999 loops=1)
              Buckets: 65536  Batches: 1  Memory Usage: 2357kB
              Buffers: shared hit=534, temp read=8 written=31
              ->  HashAggregate  (cost=1783.95..2280.17 rows=49622 width=5) (actual rows=49999 loops=1)
                    Group Key: f1.follower
                    Batches: 5  Memory Usage: 4145kB  Disk Usage: 208kB
                    Buffers: shared hit=534, temp read=8 written=31
                    ->  Seq Scan on follow f1  (cost=0.00..1533.96 rows=99996 width=5) (actual rows=99996 loops=1)
                          Buffers: shared hit=534
Planning Time: 0.196 ms
Execution Time: 127.254 ms",128.995,6658.62,25020,"HashAggregate  (cost=6656.12..6658.62 rows=67 width=13) (actual rows=25020 loops=1)
  Group Key: f1.follower
  Filter: (0 < count(f2.follower))
  Batches: 5  Memory Usage: 4161kB  Disk Usage: 712kB
  Rows Removed by Filter: 24979
  Buffers: shared hit=1068, temp read=76 written=167
  ->  Hash Right Join  (cost=3396.67..5193.18 rows=292588 width=10) (actual rows=124683 loops=1)
        Hash Cond: ((f2.followee)::text = (f1.follower)::text)
        Buffers: shared hit=1068, temp read=8 written=31
        ->  Seq Scan on follow f2  (cost=0.00..1533.96 rows=99996 width=9) (actual rows=99996 loops=1)
              Buffers: shared hit=534
        ->  Hash  (cost=2776.39..2776.39 rows=49622 width=5) (actual rows=49999 loops=1)
              Buckets: 65536  Batches: 1  Memory Usage: 2357kB
              Buffers: shared hit=534, temp read=8 written=31
              ->  HashAggregate  (cost=1783.95..2280.17 rows=49622 width=5) (actual rows=49999 loops=1)
                    Group Key: f1.follower
                    Batches: 5  Memory Usage: 4145kB  Disk Usage: 208kB
                    Buffers: shared hit=534, temp read=8 written=31
                    ->  Seq Scan on follow f1  (cost=0.00..1533.96 rows=99996 width=5) (actual rows=99996 loops=1)
                          Buffers: shared hit=534
Planning Time: 0.183 ms
Execution Time: 128.995 ms",125.5686,126.862,128.1245,129.6914,6658.62,6658.62,25020,25020,25020,25020,614_129,382,614,129,Medium,"select f1.follower, count(distinct f2.follower) as num from schema_614.follow as f1 left outer join schema_614.follow as f2 on f1.follower = f2.followee group by f1.follower having count(distinct f2.follower) > 0",584.745,24823.68,25020,"GroupAggregate  (cost=19687.41..24823.68 rows=16541 width=13) (actual rows=25020 loops=1)
  Group Key: f1.follower
  Filter: (count(DISTINCT f2.follower) > 0)
  Rows Removed by Filter: 24979
  Buffers: shared hit=1068, temp read=1401 written=803
  ->  Merge Left Join  (cost=19687.41..23195.87 rows=201507 width=10) (actual rows=248818 loops=1)
        Merge Cond: ((f1.follower)::text = (f2.followee)::text)
        Buffers: shared hit=1068, temp read=1401 written=803
        ->  Sort  (cost=9838.42..10088.41 rows=99996 width=5) (actual rows=99996 loops=1)
              Sort Key: f1.follower
              Sort Method: external merge  Disk: 1552kB
              Buffers: shared hit=534, temp read=194 written=195
              ->  Seq Scan on follow f1  (cost=0.00..1533.96 rows=99996 width=5) (actual rows=99996 loops=1)
                    Buffers: shared hit=534
        ->  Sort  (cost=9838.42..10088.41 rows=99996 width=9) (actual rows=199151 loops=1)
              Sort Key: f2.followee
              Sort Method: external sort  Disk: 2432kB
              Buffers: shared hit=534, temp read=907 written=608
              ->  Seq Scan on follow f2  (cost=0.00..1533.96 rows=99996 width=9) (actual rows=99996 loops=1)
                    Buffers: shared hit=534
Planning:
  Buffers: shared hit=8
Planning Time: 0.205 ms
Execution Time: 584.745 ms",595.327,24823.68,25020,"GroupAggregate  (cost=19687.41..24823.68 rows=16541 width=13) (actual rows=25020 loops=1)
  Group Key: f1.follower
  Filter: (count(DISTINCT f2.follower) > 0)
  Rows Removed by Filter: 24979
  Buffers: shared hit=1068, temp read=1401 written=803
  ->  Merge Left Join  (cost=19687.41..23195.87 rows=201507 width=10) (actual rows=248818 loops=1)
        Merge Cond: ((f1.follower)::text = (f2.followee)::text)
        Buffers: shared hit=1068, temp read=1401 written=803
        ->  Sort  (cost=9838.42..10088.41 rows=99996 width=5) (actual rows=99996 loops=1)
              Sort Key: f1.follower
              Sort Method: external merge  Disk: 1552kB
              Buffers: shared hit=534, temp read=194 written=195
              ->  Seq Scan on follow f1  (cost=0.00..1533.96 rows=99996 width=5) (actual rows=99996 loops=1)
                    Buffers: shared hit=534
        ->  Sort  (cost=9838.42..10088.41 rows=99996 width=9) (actual rows=199151 loops=1)
              Sort Key: f2.followee
              Sort Method: external sort  Disk: 2432kB
              Buffers: shared hit=534, temp read=907 written=608
              ->  Seq Scan on follow f2  (cost=0.00..1533.96 rows=99996 width=9) (actual rows=99996 loops=1)
                    Buffers: shared hit=534
Planning:
  Buffers: shared hit=8
Planning Time: 0.335 ms
Execution Time: 595.327 ms",593.389,24823.68,25020,"GroupAggregate  (cost=19687.41..24823.68 rows=16541 width=13) (actual rows=25020 loops=1)
  Group Key: f1.follower
  Filter: (count(DISTINCT f2.follower) > 0)
  Rows Removed by Filter: 24979
  Buffers: shared hit=1068, temp read=1401 written=803
  ->  Merge Left Join  (cost=19687.41..23195.87 rows=201507 width=10) (actual rows=248818 loops=1)
        Merge Cond: ((f1.follower)::text = (f2.followee)::text)
        Buffers: shared hit=1068, temp read=1401 written=803
        ->  Sort  (cost=9838.42..10088.41 rows=99996 width=5) (actual rows=99996 loops=1)
              Sort Key: f1.follower
              Sort Method: external merge  Disk: 1552kB
              Buffers: shared hit=534, temp read=194 written=195
              ->  Seq Scan on follow f1  (cost=0.00..1533.96 rows=99996 width=5) (actual rows=99996 loops=1)
                    Buffers: shared hit=534
        ->  Sort  (cost=9838.42..10088.41 rows=99996 width=9) (actual rows=199151 loops=1)
              Sort Key: f2.followee
              Sort Method: external sort  Disk: 2432kB
              Buffers: shared hit=534, temp read=907 written=608
              ->  Seq Scan on follow f2  (cost=0.00..1533.96 rows=99996 width=9) (actual rows=99996 loops=1)
                    Buffers: shared hit=534
Planning:
  Buffers: shared hit=8
Planning Time: 0.300 ms
Execution Time: 593.389 ms",606.578,24823.68,25020,"GroupAggregate  (cost=19687.41..24823.68 rows=16541 width=13) (actual rows=25020 loops=1)
  Group Key: f1.follower
  Filter: (count(DISTINCT f2.follower) > 0)
  Rows Removed by Filter: 24979
  Buffers: shared hit=1068, temp read=1401 written=803
  ->  Merge Left Join  (cost=19687.41..23195.87 rows=201507 width=10) (actual rows=248818 loops=1)
        Merge Cond: ((f1.follower)::text = (f2.followee)::text)
        Buffers: shared hit=1068, temp read=1401 written=803
        ->  Sort  (cost=9838.42..10088.41 rows=99996 width=5) (actual rows=99996 loops=1)
              Sort Key: f1.follower
              Sort Method: external merge  Disk: 1552kB
              Buffers: shared hit=534, temp read=194 written=195
              ->  Seq Scan on follow f1  (cost=0.00..1533.96 rows=99996 width=5) (actual rows=99996 loops=1)
                    Buffers: shared hit=534
        ->  Sort  (cost=9838.42..10088.41 rows=99996 width=9) (actual rows=199151 loops=1)
              Sort Key: f2.followee
              Sort Method: external sort  Disk: 2432kB
              Buffers: shared hit=534, temp read=907 written=608
              ->  Seq Scan on follow f2  (cost=0.00..1533.96 rows=99996 width=9) (actual rows=99996 loops=1)
                    Buffers: shared hit=534
Planning:
  Buffers: shared hit=8
Planning Time: 0.285 ms
Execution Time: 606.578 ms",600.093,24823.68,25020,"GroupAggregate  (cost=19687.41..24823.68 rows=16541 width=13) (actual rows=25020 loops=1)
  Group Key: f1.follower
  Filter: (count(DISTINCT f2.follower) > 0)
  Rows Removed by Filter: 24979
  Buffers: shared hit=1068, temp read=1401 written=803
  ->  Merge Left Join  (cost=19687.41..23195.87 rows=201507 width=10) (actual rows=248818 loops=1)
        Merge Cond: ((f1.follower)::text = (f2.followee)::text)
        Buffers: shared hit=1068, temp read=1401 written=803
        ->  Sort  (cost=9838.42..10088.41 rows=99996 width=5) (actual rows=99996 loops=1)
              Sort Key: f1.follower
              Sort Method: external merge  Disk: 1552kB
              Buffers: shared hit=534, temp read=194 written=195
              ->  Seq Scan on follow f1  (cost=0.00..1533.96 rows=99996 width=5) (actual rows=99996 loops=1)
                    Buffers: shared hit=534
        ->  Sort  (cost=9838.42..10088.41 rows=99996 width=9) (actual rows=199151 loops=1)
              Sort Key: f2.followee
              Sort Method: external sort  Disk: 2432kB
              Buffers: shared hit=534, temp read=907 written=608
              ->  Seq Scan on follow f2  (cost=0.00..1533.96 rows=99996 width=9) (actual rows=99996 loops=1)
                    Buffers: shared hit=534
Planning:
  Buffers: shared hit=8
Planning Time: 0.289 ms
Execution Time: 600.093 ms",596.0264,595.327,603.3355,609.172,24823.68,24823.68,25020,25020,25020,25020,normal,normal,65.64713079999974,15.758429799999991,equal variances,significant,0.003968253968253968,-470.45779999999996,-468.46500000000003,-18165.06,0,True
383,614,146,Medium,"select t_cte_2.c_follower0 as follower, count(t_cte_15.c_follower1) as num from (select a.follower as c_follower0 from schema_614.follow as a group by a.follower) as t_cte_2 left join (select b.followee as c_followee0, b.follower as c_follower1 from schema_614.follow as b) as t_cte_15 on t_cte_2.c_follower0 = t_cte_15.c_followee0 group by t_cte_2.c_follower0 having 0 < count(t_cte_15.c_follower1)",118.349,6658.62,25020,"HashAggregate  (cost=6656.12..6658.62 rows=67 width=13) (actual rows=25020 loops=1)
  Group Key: a.follower
  Filter: (0 < count(b.follower))
  Batches: 5  Memory Usage: 4161kB  Disk Usage: 712kB
  Rows Removed by Filter: 24979
  Buffers: shared hit=1068, temp read=76 written=167
  ->  Hash Right Join  (cost=3396.67..5193.18 rows=292588 width=10) (actual rows=124683 loops=1)
        Hash Cond: ((b.followee)::text = (a.follower)::text)
        Buffers: shared hit=1068, temp read=8 written=31
        ->  Seq Scan on follow b  (cost=0.00..1533.96 rows=99996 width=9) (actual rows=99996 loops=1)
              Buffers: shared hit=534
        ->  Hash  (cost=2776.39..2776.39 rows=49622 width=5) (actual rows=49999 loops=1)
              Buckets: 65536  Batches: 1  Memory Usage: 2357kB
              Buffers: shared hit=534, temp read=8 written=31
              ->  HashAggregate  (cost=1783.95..2280.17 rows=49622 width=5) (actual rows=49999 loops=1)
                    Group Key: a.follower
                    Batches: 5  Memory Usage: 4145kB  Disk Usage: 208kB
                    Buffers: shared hit=534, temp read=8 written=31
                    ->  Seq Scan on follow a  (cost=0.00..1533.96 rows=99996 width=5) (actual rows=99996 loops=1)
                          Buffers: shared hit=534
Planning Time: 0.156 ms
Execution Time: 118.349 ms",127.851,6658.62,25020,"HashAggregate  (cost=6656.12..6658.62 rows=67 width=13) (actual rows=25020 loops=1)
  Group Key: a.follower
  Filter: (0 < count(b.follower))
  Batches: 5  Memory Usage: 4161kB  Disk Usage: 712kB
  Rows Removed by Filter: 24979
  Buffers: shared hit=1068, temp read=76 written=167
  ->  Hash Right Join  (cost=3396.67..5193.18 rows=292588 width=10) (actual rows=124683 loops=1)
        Hash Cond: ((b.followee)::text = (a.follower)::text)
        Buffers: shared hit=1068, temp read=8 written=31
        ->  Seq Scan on follow b  (cost=0.00..1533.96 rows=99996 width=9) (actual rows=99996 loops=1)
              Buffers: shared hit=534
        ->  Hash  (cost=2776.39..2776.39 rows=49622 width=5) (actual rows=49999 loops=1)
              Buckets: 65536  Batches: 1  Memory Usage: 2357kB
              Buffers: shared hit=534, temp read=8 written=31
              ->  HashAggregate  (cost=1783.95..2280.17 rows=49622 width=5) (actual rows=49999 loops=1)
                    Group Key: a.follower
                    Batches: 5  Memory Usage: 4145kB  Disk Usage: 208kB
                    Buffers: shared hit=534, temp read=8 written=31
                    ->  Seq Scan on follow a  (cost=0.00..1533.96 rows=99996 width=5) (actual rows=99996 loops=1)
                          Buffers: shared hit=534
Planning Time: 0.204 ms
Execution Time: 127.851 ms",130.727,6658.62,25020,"HashAggregate  (cost=6656.12..6658.62 rows=67 width=13) (actual rows=25020 loops=1)
  Group Key: a.follower
  Filter: (0 < count(b.follower))
  Batches: 5  Memory Usage: 4161kB  Disk Usage: 712kB
  Rows Removed by Filter: 24979
  Buffers: shared hit=1068, temp read=76 written=167
  ->  Hash Right Join  (cost=3396.67..5193.18 rows=292588 width=10) (actual rows=124683 loops=1)
        Hash Cond: ((b.followee)::text = (a.follower)::text)
        Buffers: shared hit=1068, temp read=8 written=31
        ->  Seq Scan on follow b  (cost=0.00..1533.96 rows=99996 width=9) (actual rows=99996 loops=1)
              Buffers: shared hit=534
        ->  Hash  (cost=2776.39..2776.39 rows=49622 width=5) (actual rows=49999 loops=1)
              Buckets: 65536  Batches: 1  Memory Usage: 2357kB
              Buffers: shared hit=534, temp read=8 written=31
              ->  HashAggregate  (cost=1783.95..2280.17 rows=49622 width=5) (actual rows=49999 loops=1)
                    Group Key: a.follower
                    Batches: 5  Memory Usage: 4145kB  Disk Usage: 208kB
                    Buffers: shared hit=534, temp read=8 written=31
                    ->  Seq Scan on follow a  (cost=0.00..1533.96 rows=99996 width=5) (actual rows=99996 loops=1)
                          Buffers: shared hit=534
Planning Time: 0.178 ms
Execution Time: 130.727 ms",133.909,6658.62,25020,"HashAggregate  (cost=6656.12..6658.62 rows=67 width=13) (actual rows=25020 loops=1)
  Group Key: a.follower
  Filter: (0 < count(b.follower))
  Batches: 5  Memory Usage: 4161kB  Disk Usage: 712kB
  Rows Removed by Filter: 24979
  Buffers: shared hit=1068, temp read=76 written=167
  ->  Hash Right Join  (cost=3396.67..5193.18 rows=292588 width=10) (actual rows=124683 loops=1)
        Hash Cond: ((b.followee)::text = (a.follower)::text)
        Buffers: shared hit=1068, temp read=8 written=31
        ->  Seq Scan on follow b  (cost=0.00..1533.96 rows=99996 width=9) (actual rows=99996 loops=1)
              Buffers: shared hit=534
        ->  Hash  (cost=2776.39..2776.39 rows=49622 width=5) (actual rows=49999 loops=1)
              Buckets: 65536  Batches: 1  Memory Usage: 2357kB
              Buffers: shared hit=534, temp read=8 written=31
              ->  HashAggregate  (cost=1783.95..2280.17 rows=49622 width=5) (actual rows=49999 loops=1)
                    Group Key: a.follower
                    Batches: 5  Memory Usage: 4145kB  Disk Usage: 208kB
                    Buffers: shared hit=534, temp read=8 written=31
                    ->  Seq Scan on follow a  (cost=0.00..1533.96 rows=99996 width=5) (actual rows=99996 loops=1)
                          Buffers: shared hit=534
Planning Time: 0.206 ms
Execution Time: 133.909 ms",128.461,6658.62,25020,"HashAggregate  (cost=6656.12..6658.62 rows=67 width=13) (actual rows=25020 loops=1)
  Group Key: a.follower
  Filter: (0 < count(b.follower))
  Batches: 5  Memory Usage: 4161kB  Disk Usage: 712kB
  Rows Removed by Filter: 24979
  Buffers: shared hit=1068, temp read=76 written=167
  ->  Hash Right Join  (cost=3396.67..5193.18 rows=292588 width=10) (actual rows=124683 loops=1)
        Hash Cond: ((b.followee)::text = (a.follower)::text)
        Buffers: shared hit=1068, temp read=8 written=31
        ->  Seq Scan on follow b  (cost=0.00..1533.96 rows=99996 width=9) (actual rows=99996 loops=1)
              Buffers: shared hit=534
        ->  Hash  (cost=2776.39..2776.39 rows=49622 width=5) (actual rows=49999 loops=1)
              Buckets: 65536  Batches: 1  Memory Usage: 2357kB
              Buffers: shared hit=534, temp read=8 written=31
              ->  HashAggregate  (cost=1783.95..2280.17 rows=49622 width=5) (actual rows=49999 loops=1)
                    Group Key: a.follower
                    Batches: 5  Memory Usage: 4145kB  Disk Usage: 208kB
                    Buffers: shared hit=534, temp read=8 written=31
                    ->  Seq Scan on follow a  (cost=0.00..1533.96 rows=99996 width=5) (actual rows=99996 loops=1)
                          Buffers: shared hit=534
Planning Time: 0.165 ms
Execution Time: 128.461 ms",127.8594,128.461,132.318,135.1818,6658.62,6658.62,25020,25020,25020,25020,614_146,383,614,146,Medium,"select a.follower, count(distinct b.follower) as num from schema_614.follow as a left outer join schema_614.follow as b on a.follower = b.followee group by a.follower having count(b.follower) > 0",598.809,25327.44,25020,"GroupAggregate  (cost=19687.41..25327.44 rows=16541 width=13) (actual rows=25020 loops=1)
  Group Key: a.follower
  Filter: (count(b.follower) > 0)
  Rows Removed by Filter: 24979
  Buffers: shared hit=1068, temp read=1401 written=803
  ->  Merge Left Join  (cost=19687.41..23195.87 rows=201507 width=10) (actual rows=248818 loops=1)
        Merge Cond: ((a.follower)::text = (b.followee)::text)
        Buffers: shared hit=1068, temp read=1401 written=803
        ->  Sort  (cost=9838.42..10088.41 rows=99996 width=5) (actual rows=99996 loops=1)
              Sort Key: a.follower
              Sort Method: external merge  Disk: 1552kB
              Buffers: shared hit=534, temp read=194 written=195
              ->  Seq Scan on follow a  (cost=0.00..1533.96 rows=99996 width=5) (actual rows=99996 loops=1)
                    Buffers: shared hit=534
        ->  Sort  (cost=9838.42..10088.41 rows=99996 width=9) (actual rows=199151 loops=1)
              Sort Key: b.followee
              Sort Method: external sort  Disk: 2432kB
              Buffers: shared hit=534, temp read=907 written=608
              ->  Seq Scan on follow b  (cost=0.00..1533.96 rows=99996 width=9) (actual rows=99996 loops=1)
                    Buffers: shared hit=534
Planning:
  Buffers: shared hit=8
Planning Time: 0.214 ms
Execution Time: 598.809 ms",610.794,25327.44,25020,"GroupAggregate  (cost=19687.41..25327.44 rows=16541 width=13) (actual rows=25020 loops=1)
  Group Key: a.follower
  Filter: (count(b.follower) > 0)
  Rows Removed by Filter: 24979
  Buffers: shared hit=1068, temp read=1401 written=803
  ->  Merge Left Join  (cost=19687.41..23195.87 rows=201507 width=10) (actual rows=248818 loops=1)
        Merge Cond: ((a.follower)::text = (b.followee)::text)
        Buffers: shared hit=1068, temp read=1401 written=803
        ->  Sort  (cost=9838.42..10088.41 rows=99996 width=5) (actual rows=99996 loops=1)
              Sort Key: a.follower
              Sort Method: external merge  Disk: 1552kB
              Buffers: shared hit=534, temp read=194 written=195
              ->  Seq Scan on follow a  (cost=0.00..1533.96 rows=99996 width=5) (actual rows=99996 loops=1)
                    Buffers: shared hit=534
        ->  Sort  (cost=9838.42..10088.41 rows=99996 width=9) (actual rows=199151 loops=1)
              Sort Key: b.followee
              Sort Method: external sort  Disk: 2432kB
              Buffers: shared hit=534, temp read=907 written=608
              ->  Seq Scan on follow b  (cost=0.00..1533.96 rows=99996 width=9) (actual rows=99996 loops=1)
                    Buffers: shared hit=534
Planning:
  Buffers: shared hit=8
Planning Time: 0.303 ms
Execution Time: 610.794 ms",603.623,25327.44,25020,"GroupAggregate  (cost=19687.41..25327.44 rows=16541 width=13) (actual rows=25020 loops=1)
  Group Key: a.follower
  Filter: (count(b.follower) > 0)
  Rows Removed by Filter: 24979
  Buffers: shared hit=1068, temp read=1401 written=803
  ->  Merge Left Join  (cost=19687.41..23195.87 rows=201507 width=10) (actual rows=248818 loops=1)
        Merge Cond: ((a.follower)::text = (b.followee)::text)
        Buffers: shared hit=1068, temp read=1401 written=803
        ->  Sort  (cost=9838.42..10088.41 rows=99996 width=5) (actual rows=99996 loops=1)
              Sort Key: a.follower
              Sort Method: external merge  Disk: 1552kB
              Buffers: shared hit=534, temp read=194 written=195
              ->  Seq Scan on follow a  (cost=0.00..1533.96 rows=99996 width=5) (actual rows=99996 loops=1)
                    Buffers: shared hit=534
        ->  Sort  (cost=9838.42..10088.41 rows=99996 width=9) (actual rows=199151 loops=1)
              Sort Key: b.followee
              Sort Method: external sort  Disk: 2432kB
              Buffers: shared hit=534, temp read=907 written=608
              ->  Seq Scan on follow b  (cost=0.00..1533.96 rows=99996 width=9) (actual rows=99996 loops=1)
                    Buffers: shared hit=534
Planning:
  Buffers: shared hit=8
Planning Time: 0.332 ms
Execution Time: 603.623 ms",603.282,25327.44,25020,"GroupAggregate  (cost=19687.41..25327.44 rows=16541 width=13) (actual rows=25020 loops=1)
  Group Key: a.follower
  Filter: (count(b.follower) > 0)
  Rows Removed by Filter: 24979
  Buffers: shared hit=1068, temp read=1401 written=803
  ->  Merge Left Join  (cost=19687.41..23195.87 rows=201507 width=10) (actual rows=248818 loops=1)
        Merge Cond: ((a.follower)::text = (b.followee)::text)
        Buffers: shared hit=1068, temp read=1401 written=803
        ->  Sort  (cost=9838.42..10088.41 rows=99996 width=5) (actual rows=99996 loops=1)
              Sort Key: a.follower
              Sort Method: external merge  Disk: 1552kB
              Buffers: shared hit=534, temp read=194 written=195
              ->  Seq Scan on follow a  (cost=0.00..1533.96 rows=99996 width=5) (actual rows=99996 loops=1)
                    Buffers: shared hit=534
        ->  Sort  (cost=9838.42..10088.41 rows=99996 width=9) (actual rows=199151 loops=1)
              Sort Key: b.followee
              Sort Method: external sort  Disk: 2432kB
              Buffers: shared hit=534, temp read=907 written=608
              ->  Seq Scan on follow b  (cost=0.00..1533.96 rows=99996 width=9) (actual rows=99996 loops=1)
                    Buffers: shared hit=534
Planning:
  Buffers: shared hit=8
Planning Time: 0.257 ms
Execution Time: 603.282 ms",596.967,25327.44,25020,"GroupAggregate  (cost=19687.41..25327.44 rows=16541 width=13) (actual rows=25020 loops=1)
  Group Key: a.follower
  Filter: (count(b.follower) > 0)
  Rows Removed by Filter: 24979
  Buffers: shared hit=1068, temp read=1401 written=803
  ->  Merge Left Join  (cost=19687.41..23195.87 rows=201507 width=10) (actual rows=248818 loops=1)
        Merge Cond: ((a.follower)::text = (b.followee)::text)
        Buffers: shared hit=1068, temp read=1401 written=803
        ->  Sort  (cost=9838.42..10088.41 rows=99996 width=5) (actual rows=99996 loops=1)
              Sort Key: a.follower
              Sort Method: external merge  Disk: 1552kB
              Buffers: shared hit=534, temp read=194 written=195
              ->  Seq Scan on follow a  (cost=0.00..1533.96 rows=99996 width=5) (actual rows=99996 loops=1)
                    Buffers: shared hit=534
        ->  Sort  (cost=9838.42..10088.41 rows=99996 width=9) (actual rows=199151 loops=1)
              Sort Key: b.followee
              Sort Method: external sort  Disk: 2432kB
              Buffers: shared hit=534, temp read=907 written=608
              ->  Seq Scan on follow b  (cost=0.00..1533.96 rows=99996 width=9) (actual rows=99996 loops=1)
                    Buffers: shared hit=534
Planning:
  Buffers: shared hit=8
Planning Time: 0.306 ms
Execution Time: 596.967 ms",602.695,603.282,607.2085,613.6624,25327.44,25327.44,25020,25020,25020,25020,normal,normal,28.67763350000007,33.90762279999996,equal variances,significant,0.003968253968253968,-474.83560000000006,-474.821,-18668.82,0,True
384,614,153,Medium,"select distinct t_cte_0.c_followee0 as follower, t_cte_0.c_count0 as num from (select count(a.follower) as c_count0, a.followee as c_followee0 from schema_614.follow as a group by a.followee) as t_cte_0 inner join schema_614.follow as t_follow_0 on t_cte_0.c_followee0 = t_follow_0.follower",78.545,4569.41,25020,"HashAggregate  (cost=4552.45..4569.41 rows=1696 width=12) (actual rows=25020 loops=1)
  Group Key: t_cte_0.c_followee0, t_cte_0.c_count0
  Batches: 1  Memory Usage: 2065kB
  Buffers: shared hit=1068
  ->  Hash Join  (cost=2585.11..4381.58 rows=34175 width=12) (actual rows=50038 loops=1)
        Hash Cond: ((t_follow_0.follower)::text = (t_cte_0.c_followee0)::text)
        Buffers: shared hit=1068
        ->  Seq Scan on follow t_follow_0  (cost=0.00..1533.96 rows=99996 width=5) (actual rows=99996 loops=1)
              Buffers: shared hit=534
        ->  Hash  (cost=2373.12..2373.12 rows=16959 width=12) (actual rows=25021 loops=1)
              Buckets: 32768  Batches: 1  Memory Usage: 1429kB
              Buffers: shared hit=534
              ->  Subquery Scan on t_cte_0  (cost=2033.94..2373.12 rows=16959 width=12) (actual rows=25021 loops=1)
                    Buffers: shared hit=534
                    ->  HashAggregate  (cost=2033.94..2203.53 rows=16959 width=12) (actual rows=25021 loops=1)
                          Group Key: a.followee
                          Batches: 1  Memory Usage: 2833kB
                          Buffers: shared hit=534
                          ->  Seq Scan on follow a  (cost=0.00..1533.96 rows=99996 width=9) (actual rows=99996 loops=1)
                                Buffers: shared hit=534
Planning Time: 0.175 ms
Execution Time: 78.545 ms",87.36,4569.41,25020,"HashAggregate  (cost=4552.45..4569.41 rows=1696 width=12) (actual rows=25020 loops=1)
  Group Key: t_cte_0.c_followee0, t_cte_0.c_count0
  Batches: 1  Memory Usage: 2065kB
  Buffers: shared hit=1068
  ->  Hash Join  (cost=2585.11..4381.58 rows=34175 width=12) (actual rows=50038 loops=1)
        Hash Cond: ((t_follow_0.follower)::text = (t_cte_0.c_followee0)::text)
        Buffers: shared hit=1068
        ->  Seq Scan on follow t_follow_0  (cost=0.00..1533.96 rows=99996 width=5) (actual rows=99996 loops=1)
              Buffers: shared hit=534
        ->  Hash  (cost=2373.12..2373.12 rows=16959 width=12) (actual rows=25021 loops=1)
              Buckets: 32768  Batches: 1  Memory Usage: 1429kB
              Buffers: shared hit=534
              ->  Subquery Scan on t_cte_0  (cost=2033.94..2373.12 rows=16959 width=12) (actual rows=25021 loops=1)
                    Buffers: shared hit=534
                    ->  HashAggregate  (cost=2033.94..2203.53 rows=16959 width=12) (actual rows=25021 loops=1)
                          Group Key: a.followee
                          Batches: 1  Memory Usage: 2833kB
                          Buffers: shared hit=534
                          ->  Seq Scan on follow a  (cost=0.00..1533.96 rows=99996 width=9) (actual rows=99996 loops=1)
                                Buffers: shared hit=534
Planning Time: 0.178 ms
Execution Time: 87.360 ms",86.607,4569.41,25020,"HashAggregate  (cost=4552.45..4569.41 rows=1696 width=12) (actual rows=25020 loops=1)
  Group Key: t_cte_0.c_followee0, t_cte_0.c_count0
  Batches: 1  Memory Usage: 2065kB
  Buffers: shared hit=1068
  ->  Hash Join  (cost=2585.11..4381.58 rows=34175 width=12) (actual rows=50038 loops=1)
        Hash Cond: ((t_follow_0.follower)::text = (t_cte_0.c_followee0)::text)
        Buffers: shared hit=1068
        ->  Seq Scan on follow t_follow_0  (cost=0.00..1533.96 rows=99996 width=5) (actual rows=99996 loops=1)
              Buffers: shared hit=534
        ->  Hash  (cost=2373.12..2373.12 rows=16959 width=12) (actual rows=25021 loops=1)
              Buckets: 32768  Batches: 1  Memory Usage: 1429kB
              Buffers: shared hit=534
              ->  Subquery Scan on t_cte_0  (cost=2033.94..2373.12 rows=16959 width=12) (actual rows=25021 loops=1)
                    Buffers: shared hit=534
                    ->  HashAggregate  (cost=2033.94..2203.53 rows=16959 width=12) (actual rows=25021 loops=1)
                          Group Key: a.followee
                          Batches: 1  Memory Usage: 2833kB
                          Buffers: shared hit=534
                          ->  Seq Scan on follow a  (cost=0.00..1533.96 rows=99996 width=9) (actual rows=99996 loops=1)
                                Buffers: shared hit=534
Planning Time: 0.182 ms
Execution Time: 86.607 ms",88.288,4569.41,25020,"HashAggregate  (cost=4552.45..4569.41 rows=1696 width=12) (actual rows=25020 loops=1)
  Group Key: t_cte_0.c_followee0, t_cte_0.c_count0
  Batches: 1  Memory Usage: 2065kB
  Buffers: shared hit=1068
  ->  Hash Join  (cost=2585.11..4381.58 rows=34175 width=12) (actual rows=50038 loops=1)
        Hash Cond: ((t_follow_0.follower)::text = (t_cte_0.c_followee0)::text)
        Buffers: shared hit=1068
        ->  Seq Scan on follow t_follow_0  (cost=0.00..1533.96 rows=99996 width=5) (actual rows=99996 loops=1)
              Buffers: shared hit=534
        ->  Hash  (cost=2373.12..2373.12 rows=16959 width=12) (actual rows=25021 loops=1)
              Buckets: 32768  Batches: 1  Memory Usage: 1429kB
              Buffers: shared hit=534
              ->  Subquery Scan on t_cte_0  (cost=2033.94..2373.12 rows=16959 width=12) (actual rows=25021 loops=1)
                    Buffers: shared hit=534
                    ->  HashAggregate  (cost=2033.94..2203.53 rows=16959 width=12) (actual rows=25021 loops=1)
                          Group Key: a.followee
                          Batches: 1  Memory Usage: 2833kB
                          Buffers: shared hit=534
                          ->  Seq Scan on follow a  (cost=0.00..1533.96 rows=99996 width=9) (actual rows=99996 loops=1)
                                Buffers: shared hit=534
Planning Time: 0.178 ms
Execution Time: 88.288 ms",86.171,4569.41,25020,"HashAggregate  (cost=4552.45..4569.41 rows=1696 width=12) (actual rows=25020 loops=1)
  Group Key: t_cte_0.c_followee0, t_cte_0.c_count0
  Batches: 1  Memory Usage: 2065kB
  Buffers: shared hit=1068
  ->  Hash Join  (cost=2585.11..4381.58 rows=34175 width=12) (actual rows=50038 loops=1)
        Hash Cond: ((t_follow_0.follower)::text = (t_cte_0.c_followee0)::text)
        Buffers: shared hit=1068
        ->  Seq Scan on follow t_follow_0  (cost=0.00..1533.96 rows=99996 width=5) (actual rows=99996 loops=1)
              Buffers: shared hit=534
        ->  Hash  (cost=2373.12..2373.12 rows=16959 width=12) (actual rows=25021 loops=1)
              Buckets: 32768  Batches: 1  Memory Usage: 1429kB
              Buffers: shared hit=534
              ->  Subquery Scan on t_cte_0  (cost=2033.94..2373.12 rows=16959 width=12) (actual rows=25021 loops=1)
                    Buffers: shared hit=534
                    ->  HashAggregate  (cost=2033.94..2203.53 rows=16959 width=12) (actual rows=25021 loops=1)
                          Group Key: a.followee
                          Batches: 1  Memory Usage: 2833kB
                          Buffers: shared hit=534
                          ->  Seq Scan on follow a  (cost=0.00..1533.96 rows=99996 width=9) (actual rows=99996 loops=1)
                                Buffers: shared hit=534
Planning Time: 0.180 ms
Execution Time: 86.171 ms",85.3942,86.607,87.824,88.6592,4569.41,4569.41,25020,25020,25020,25020,614_153,384,614,153,Medium,"select a.followee as follower, count(distinct a.follower) as num from schema_614.follow as a join (select distinct follower from schema_614.follow) as b on a.followee = b.follower group by a.followee",212.051,12470.57,25020,"GroupAggregate  (cost=6647.00..12470.57 rows=16959 width=12) (actual rows=25020 loops=1)
  Group Key: a.followee
  Buffers: shared hit=1072, temp read=8 written=31
  ->  Merge Join  (cost=6647.00..11801.00 rows=99996 width=9) (actual rows=99704 loops=1)
        Merge Cond: ((a.followee)::text = (follow.follower)::text)
        Buffers: shared hit=1072, temp read=8 written=31
        ->  Index Only Scan using follow_pkey on follow a  (cost=0.42..3656.36 rows=99996 width=9) (actual rows=99996 loops=1)
              Heap Fetches: 0
              Buffers: shared hit=538
        ->  Sort  (cost=6646.58..6770.64 rows=49622 width=5) (actual rows=49999 loops=1)
              Sort Key: follow.follower
              Sort Method: quicksort  Memory: 3710kB
              Buffers: shared hit=534, temp read=8 written=31
              ->  HashAggregate  (cost=1783.95..2280.17 rows=49622 width=5) (actual rows=49999 loops=1)
                    Group Key: follow.follower
                    Batches: 5  Memory Usage: 4145kB  Disk Usage: 208kB
                    Buffers: shared hit=534, temp read=8 written=31
                    ->  Seq Scan on follow  (cost=0.00..1533.96 rows=99996 width=5) (actual rows=99996 loops=1)
                          Buffers: shared hit=534
Planning Time: 0.132 ms
Execution Time: 212.051 ms",221.846,12470.57,25020,"GroupAggregate  (cost=6647.00..12470.57 rows=16959 width=12) (actual rows=25020 loops=1)
  Group Key: a.followee
  Buffers: shared hit=1072, temp read=8 written=31
  ->  Merge Join  (cost=6647.00..11801.00 rows=99996 width=9) (actual rows=99704 loops=1)
        Merge Cond: ((a.followee)::text = (follow.follower)::text)
        Buffers: shared hit=1072, temp read=8 written=31
        ->  Index Only Scan using follow_pkey on follow a  (cost=0.42..3656.36 rows=99996 width=9) (actual rows=99996 loops=1)
              Heap Fetches: 0
              Buffers: shared hit=538
        ->  Sort  (cost=6646.58..6770.64 rows=49622 width=5) (actual rows=49999 loops=1)
              Sort Key: follow.follower
              Sort Method: quicksort  Memory: 3710kB
              Buffers: shared hit=534, temp read=8 written=31
              ->  HashAggregate  (cost=1783.95..2280.17 rows=49622 width=5) (actual rows=49999 loops=1)
                    Group Key: follow.follower
                    Batches: 5  Memory Usage: 4145kB  Disk Usage: 208kB
                    Buffers: shared hit=534, temp read=8 written=31
                    ->  Seq Scan on follow  (cost=0.00..1533.96 rows=99996 width=5) (actual rows=99996 loops=1)
                          Buffers: shared hit=534
Planning Time: 0.218 ms
Execution Time: 221.846 ms",218.183,12470.57,25020,"GroupAggregate  (cost=6647.00..12470.57 rows=16959 width=12) (actual rows=25020 loops=1)
  Group Key: a.followee
  Buffers: shared hit=1072, temp read=8 written=31
  ->  Merge Join  (cost=6647.00..11801.00 rows=99996 width=9) (actual rows=99704 loops=1)
        Merge Cond: ((a.followee)::text = (follow.follower)::text)
        Buffers: shared hit=1072, temp read=8 written=31
        ->  Index Only Scan using follow_pkey on follow a  (cost=0.42..3656.36 rows=99996 width=9) (actual rows=99996 loops=1)
              Heap Fetches: 0
              Buffers: shared hit=538
        ->  Sort  (cost=6646.58..6770.64 rows=49622 width=5) (actual rows=49999 loops=1)
              Sort Key: follow.follower
              Sort Method: quicksort  Memory: 3710kB
              Buffers: shared hit=534, temp read=8 written=31
              ->  HashAggregate  (cost=1783.95..2280.17 rows=49622 width=5) (actual rows=49999 loops=1)
                    Group Key: follow.follower
                    Batches: 5  Memory Usage: 4145kB  Disk Usage: 208kB
                    Buffers: shared hit=534, temp read=8 written=31
                    ->  Seq Scan on follow  (cost=0.00..1533.96 rows=99996 width=5) (actual rows=99996 loops=1)
                          Buffers: shared hit=534
Planning Time: 0.263 ms
Execution Time: 218.183 ms",221.214,12470.57,25020,"GroupAggregate  (cost=6647.00..12470.57 rows=16959 width=12) (actual rows=25020 loops=1)
  Group Key: a.followee
  Buffers: shared hit=1072, temp read=8 written=31
  ->  Merge Join  (cost=6647.00..11801.00 rows=99996 width=9) (actual rows=99704 loops=1)
        Merge Cond: ((a.followee)::text = (follow.follower)::text)
        Buffers: shared hit=1072, temp read=8 written=31
        ->  Index Only Scan using follow_pkey on follow a  (cost=0.42..3656.36 rows=99996 width=9) (actual rows=99996 loops=1)
              Heap Fetches: 0
              Buffers: shared hit=538
        ->  Sort  (cost=6646.58..6770.64 rows=49622 width=5) (actual rows=49999 loops=1)
              Sort Key: follow.follower
              Sort Method: quicksort  Memory: 3710kB
              Buffers: shared hit=534, temp read=8 written=31
              ->  HashAggregate  (cost=1783.95..2280.17 rows=49622 width=5) (actual rows=49999 loops=1)
                    Group Key: follow.follower
                    Batches: 5  Memory Usage: 4145kB  Disk Usage: 208kB
                    Buffers: shared hit=534, temp read=8 written=31
                    ->  Seq Scan on follow  (cost=0.00..1533.96 rows=99996 width=5) (actual rows=99996 loops=1)
                          Buffers: shared hit=534
Planning Time: 0.182 ms
Execution Time: 221.214 ms",229.068,12470.57,25020,"GroupAggregate  (cost=6647.00..12470.57 rows=16959 width=12) (actual rows=25020 loops=1)
  Group Key: a.followee
  Buffers: shared hit=1072, temp read=8 written=31
  ->  Merge Join  (cost=6647.00..11801.00 rows=99996 width=9) (actual rows=99704 loops=1)
        Merge Cond: ((a.followee)::text = (follow.follower)::text)
        Buffers: shared hit=1072, temp read=8 written=31
        ->  Index Only Scan using follow_pkey on follow a  (cost=0.42..3656.36 rows=99996 width=9) (actual rows=99996 loops=1)
              Heap Fetches: 0
              Buffers: shared hit=538
        ->  Sort  (cost=6646.58..6770.64 rows=49622 width=5) (actual rows=49999 loops=1)
              Sort Key: follow.follower
              Sort Method: quicksort  Memory: 3710kB
              Buffers: shared hit=534, temp read=8 written=31
              ->  HashAggregate  (cost=1783.95..2280.17 rows=49622 width=5) (actual rows=49999 loops=1)
                    Group Key: follow.follower
                    Batches: 5  Memory Usage: 4145kB  Disk Usage: 208kB
                    Buffers: shared hit=534, temp read=8 written=31
                    ->  Seq Scan on follow  (cost=0.00..1533.96 rows=99996 width=5) (actual rows=99996 loops=1)
                          Buffers: shared hit=534
Planning Time: 0.221 ms
Execution Time: 229.068 ms",220.4724,221.214,225.457,231.9568,12470.57,12470.57,25020,25020,25020,25020,normal,not normal,38.12060430000011,15.30607269999999,equal variances,significant,0.003968253968253968,-135.07819999999998,-134.607,-7901.16,0,True
385,614,155,Medium,"select distinct t_cte_16.c_followee0 as follower, t_cte_16.c_count0 as num from (select t_follow_0.follower as c_follower0 from schema_614.follow as t_follow_0) as t inner join (select count(a.follower) as c_count0, a.followee as c_followee0 from schema_614.follow as a group by a.followee) as t_cte_16 on t_cte_16.c_followee0 = t.c_follower0",75.999,4569.41,25020,"HashAggregate  (cost=4552.45..4569.41 rows=1696 width=12) (actual rows=25020 loops=1)
  Group Key: t_cte_16.c_followee0, t_cte_16.c_count0
  Batches: 1  Memory Usage: 2065kB
  Buffers: shared hit=1068
  ->  Hash Join  (cost=2585.11..4381.58 rows=34175 width=12) (actual rows=50038 loops=1)
        Hash Cond: ((t_follow_0.follower)::text = (t_cte_16.c_followee0)::text)
        Buffers: shared hit=1068
        ->  Seq Scan on follow t_follow_0  (cost=0.00..1533.96 rows=99996 width=5) (actual rows=99996 loops=1)
              Buffers: shared hit=534
        ->  Hash  (cost=2373.12..2373.12 rows=16959 width=12) (actual rows=25021 loops=1)
              Buckets: 32768  Batches: 1  Memory Usage: 1429kB
              Buffers: shared hit=534
              ->  Subquery Scan on t_cte_16  (cost=2033.94..2373.12 rows=16959 width=12) (actual rows=25021 loops=1)
                    Buffers: shared hit=534
                    ->  HashAggregate  (cost=2033.94..2203.53 rows=16959 width=12) (actual rows=25021 loops=1)
                          Group Key: a.followee
                          Batches: 1  Memory Usage: 2833kB
                          Buffers: shared hit=534
                          ->  Seq Scan on follow a  (cost=0.00..1533.96 rows=99996 width=9) (actual rows=99996 loops=1)
                                Buffers: shared hit=534
Planning Time: 0.119 ms
Execution Time: 75.999 ms",87.531,4569.41,25020,"HashAggregate  (cost=4552.45..4569.41 rows=1696 width=12) (actual rows=25020 loops=1)
  Group Key: t_cte_16.c_followee0, t_cte_16.c_count0
  Batches: 1  Memory Usage: 2065kB
  Buffers: shared hit=1068
  ->  Hash Join  (cost=2585.11..4381.58 rows=34175 width=12) (actual rows=50038 loops=1)
        Hash Cond: ((t_follow_0.follower)::text = (t_cte_16.c_followee0)::text)
        Buffers: shared hit=1068
        ->  Seq Scan on follow t_follow_0  (cost=0.00..1533.96 rows=99996 width=5) (actual rows=99996 loops=1)
              Buffers: shared hit=534
        ->  Hash  (cost=2373.12..2373.12 rows=16959 width=12) (actual rows=25021 loops=1)
              Buckets: 32768  Batches: 1  Memory Usage: 1429kB
              Buffers: shared hit=534
              ->  Subquery Scan on t_cte_16  (cost=2033.94..2373.12 rows=16959 width=12) (actual rows=25021 loops=1)
                    Buffers: shared hit=534
                    ->  HashAggregate  (cost=2033.94..2203.53 rows=16959 width=12) (actual rows=25021 loops=1)
                          Group Key: a.followee
                          Batches: 1  Memory Usage: 2833kB
                          Buffers: shared hit=534
                          ->  Seq Scan on follow a  (cost=0.00..1533.96 rows=99996 width=9) (actual rows=99996 loops=1)
                                Buffers: shared hit=534
Planning Time: 0.172 ms
Execution Time: 87.531 ms",85.212,4569.41,25020,"HashAggregate  (cost=4552.45..4569.41 rows=1696 width=12) (actual rows=25020 loops=1)
  Group Key: t_cte_16.c_followee0, t_cte_16.c_count0
  Batches: 1  Memory Usage: 2065kB
  Buffers: shared hit=1068
  ->  Hash Join  (cost=2585.11..4381.58 rows=34175 width=12) (actual rows=50038 loops=1)
        Hash Cond: ((t_follow_0.follower)::text = (t_cte_16.c_followee0)::text)
        Buffers: shared hit=1068
        ->  Seq Scan on follow t_follow_0  (cost=0.00..1533.96 rows=99996 width=5) (actual rows=99996 loops=1)
              Buffers: shared hit=534
        ->  Hash  (cost=2373.12..2373.12 rows=16959 width=12) (actual rows=25021 loops=1)
              Buckets: 32768  Batches: 1  Memory Usage: 1429kB
              Buffers: shared hit=534
              ->  Subquery Scan on t_cte_16  (cost=2033.94..2373.12 rows=16959 width=12) (actual rows=25021 loops=1)
                    Buffers: shared hit=534
                    ->  HashAggregate  (cost=2033.94..2203.53 rows=16959 width=12) (actual rows=25021 loops=1)
                          Group Key: a.followee
                          Batches: 1  Memory Usage: 2833kB
                          Buffers: shared hit=534
                          ->  Seq Scan on follow a  (cost=0.00..1533.96 rows=99996 width=9) (actual rows=99996 loops=1)
                                Buffers: shared hit=534
Planning Time: 0.203 ms
Execution Time: 85.212 ms",85.019,4569.41,25020,"HashAggregate  (cost=4552.45..4569.41 rows=1696 width=12) (actual rows=25020 loops=1)
  Group Key: t_cte_16.c_followee0, t_cte_16.c_count0
  Batches: 1  Memory Usage: 2065kB
  Buffers: shared hit=1068
  ->  Hash Join  (cost=2585.11..4381.58 rows=34175 width=12) (actual rows=50038 loops=1)
        Hash Cond: ((t_follow_0.follower)::text = (t_cte_16.c_followee0)::text)
        Buffers: shared hit=1068
        ->  Seq Scan on follow t_follow_0  (cost=0.00..1533.96 rows=99996 width=5) (actual rows=99996 loops=1)
              Buffers: shared hit=534
        ->  Hash  (cost=2373.12..2373.12 rows=16959 width=12) (actual rows=25021 loops=1)
              Buckets: 32768  Batches: 1  Memory Usage: 1429kB
              Buffers: shared hit=534
              ->  Subquery Scan on t_cte_16  (cost=2033.94..2373.12 rows=16959 width=12) (actual rows=25021 loops=1)
                    Buffers: shared hit=534
                    ->  HashAggregate  (cost=2033.94..2203.53 rows=16959 width=12) (actual rows=25021 loops=1)
                          Group Key: a.followee
                          Batches: 1  Memory Usage: 2833kB
                          Buffers: shared hit=534
                          ->  Seq Scan on follow a  (cost=0.00..1533.96 rows=99996 width=9) (actual rows=99996 loops=1)
                                Buffers: shared hit=534
Planning Time: 0.262 ms
Execution Time: 85.019 ms",87.778,4569.41,25020,"HashAggregate  (cost=4552.45..4569.41 rows=1696 width=12) (actual rows=25020 loops=1)
  Group Key: t_cte_16.c_followee0, t_cte_16.c_count0
  Batches: 1  Memory Usage: 2065kB
  Buffers: shared hit=1068
  ->  Hash Join  (cost=2585.11..4381.58 rows=34175 width=12) (actual rows=50038 loops=1)
        Hash Cond: ((t_follow_0.follower)::text = (t_cte_16.c_followee0)::text)
        Buffers: shared hit=1068
        ->  Seq Scan on follow t_follow_0  (cost=0.00..1533.96 rows=99996 width=5) (actual rows=99996 loops=1)
              Buffers: shared hit=534
        ->  Hash  (cost=2373.12..2373.12 rows=16959 width=12) (actual rows=25021 loops=1)
              Buckets: 32768  Batches: 1  Memory Usage: 1429kB
              Buffers: shared hit=534
              ->  Subquery Scan on t_cte_16  (cost=2033.94..2373.12 rows=16959 width=12) (actual rows=25021 loops=1)
                    Buffers: shared hit=534
                    ->  HashAggregate  (cost=2033.94..2203.53 rows=16959 width=12) (actual rows=25021 loops=1)
                          Group Key: a.followee
                          Batches: 1  Memory Usage: 2833kB
                          Buffers: shared hit=534
                          ->  Seq Scan on follow a  (cost=0.00..1533.96 rows=99996 width=9) (actual rows=99996 loops=1)
                                Buffers: shared hit=534
Planning Time: 0.196 ms
Execution Time: 87.778 ms",84.3078,85.212,87.6545,87.8768,4569.41,4569.41,25020,25020,25020,25020,614_155,385,614,155,Medium,"select a.followee as follower, count(distinct a.follower) as num from schema_614.follow as a join (select follower from schema_614.follow) as t on a.followee = t.follower group by a.followee order by a.followee",352.653,17944.45,25020,"GroupAggregate  (cost=9893.60..17944.45 rows=16959 width=12) (actual rows=25020 loops=1)
  Group Key: a.followee
  Buffers: shared hit=1072, temp read=810 written=485
  ->  Merge Join  (cost=9893.60..16767.32 rows=201507 width=9) (actual rows=198860 loops=1)
        Merge Cond: ((a.followee)::text = (follow.follower)::text)
        Buffers: shared hit=1072, temp read=810 written=485
        ->  Index Only Scan using follow_pkey on follow a  (cost=0.42..3656.36 rows=99996 width=9) (actual rows=99996 loops=1)
              Heap Fetches: 0
              Buffers: shared hit=538
        ->  Sort  (cost=9838.42..10088.41 rows=99996 width=5) (actual rows=248818 loops=1)
              Sort Key: follow.follower
              Sort Method: external sort  Disk: 1936kB
              Buffers: shared hit=534, temp read=647 written=485
              ->  Seq Scan on follow  (cost=0.00..1533.96 rows=99996 width=5) (actual rows=99996 loops=1)
                    Buffers: shared hit=534
Planning:
  Buffers: shared hit=8
Planning Time: 0.195 ms
Execution Time: 352.653 ms",359.692,17944.45,25020,"GroupAggregate  (cost=9893.60..17944.45 rows=16959 width=12) (actual rows=25020 loops=1)
  Group Key: a.followee
  Buffers: shared hit=1072, temp read=810 written=485
  ->  Merge Join  (cost=9893.60..16767.32 rows=201507 width=9) (actual rows=198860 loops=1)
        Merge Cond: ((a.followee)::text = (follow.follower)::text)
        Buffers: shared hit=1072, temp read=810 written=485
        ->  Index Only Scan using follow_pkey on follow a  (cost=0.42..3656.36 rows=99996 width=9) (actual rows=99996 loops=1)
              Heap Fetches: 0
              Buffers: shared hit=538
        ->  Sort  (cost=9838.42..10088.41 rows=99996 width=5) (actual rows=248818 loops=1)
              Sort Key: follow.follower
              Sort Method: external sort  Disk: 1936kB
              Buffers: shared hit=534, temp read=647 written=485
              ->  Seq Scan on follow  (cost=0.00..1533.96 rows=99996 width=5) (actual rows=99996 loops=1)
                    Buffers: shared hit=534
Planning:
  Buffers: shared hit=8
Planning Time: 0.306 ms
Execution Time: 359.692 ms",372.71,17944.45,25020,"GroupAggregate  (cost=9893.60..17944.45 rows=16959 width=12) (actual rows=25020 loops=1)
  Group Key: a.followee
  Buffers: shared hit=1072, temp read=810 written=485
  ->  Merge Join  (cost=9893.60..16767.32 rows=201507 width=9) (actual rows=198860 loops=1)
        Merge Cond: ((a.followee)::text = (follow.follower)::text)
        Buffers: shared hit=1072, temp read=810 written=485
        ->  Index Only Scan using follow_pkey on follow a  (cost=0.42..3656.36 rows=99996 width=9) (actual rows=99996 loops=1)
              Heap Fetches: 0
              Buffers: shared hit=538
        ->  Sort  (cost=9838.42..10088.41 rows=99996 width=5) (actual rows=248818 loops=1)
              Sort Key: follow.follower
              Sort Method: external sort  Disk: 1936kB
              Buffers: shared hit=534, temp read=647 written=485
              ->  Seq Scan on follow  (cost=0.00..1533.96 rows=99996 width=5) (actual rows=99996 loops=1)
                    Buffers: shared hit=534
Planning:
  Buffers: shared hit=8
Planning Time: 0.309 ms
Execution Time: 372.710 ms",362.02,17944.45,25020,"GroupAggregate  (cost=9893.60..17944.45 rows=16959 width=12) (actual rows=25020 loops=1)
  Group Key: a.followee
  Buffers: shared hit=1072, temp read=810 written=485
  ->  Merge Join  (cost=9893.60..16767.32 rows=201507 width=9) (actual rows=198860 loops=1)
        Merge Cond: ((a.followee)::text = (follow.follower)::text)
        Buffers: shared hit=1072, temp read=810 written=485
        ->  Index Only Scan using follow_pkey on follow a  (cost=0.42..3656.36 rows=99996 width=9) (actual rows=99996 loops=1)
              Heap Fetches: 0
              Buffers: shared hit=538
        ->  Sort  (cost=9838.42..10088.41 rows=99996 width=5) (actual rows=248818 loops=1)
              Sort Key: follow.follower
              Sort Method: external sort  Disk: 1936kB
              Buffers: shared hit=534, temp read=647 written=485
              ->  Seq Scan on follow  (cost=0.00..1533.96 rows=99996 width=5) (actual rows=99996 loops=1)
                    Buffers: shared hit=534
Planning:
  Buffers: shared hit=8
Planning Time: 0.359 ms
Execution Time: 362.020 ms",362.526,17944.45,25020,"GroupAggregate  (cost=9893.60..17944.45 rows=16959 width=12) (actual rows=25020 loops=1)
  Group Key: a.followee
  Buffers: shared hit=1072, temp read=810 written=485
  ->  Merge Join  (cost=9893.60..16767.32 rows=201507 width=9) (actual rows=198860 loops=1)
        Merge Cond: ((a.followee)::text = (follow.follower)::text)
        Buffers: shared hit=1072, temp read=810 written=485
        ->  Index Only Scan using follow_pkey on follow a  (cost=0.42..3656.36 rows=99996 width=9) (actual rows=99996 loops=1)
              Heap Fetches: 0
              Buffers: shared hit=538
        ->  Sort  (cost=9838.42..10088.41 rows=99996 width=5) (actual rows=248818 loops=1)
              Sort Key: follow.follower
              Sort Method: external sort  Disk: 1936kB
              Buffers: shared hit=534, temp read=647 written=485
              ->  Seq Scan on follow  (cost=0.00..1533.96 rows=99996 width=5) (actual rows=99996 loops=1)
                    Buffers: shared hit=534
Planning:
  Buffers: shared hit=8
Planning Time: 0.295 ms
Execution Time: 362.526 ms",361.9202,362.02,367.618,376.7836,17944.45,17944.45,25020,25020,25020,25020,normal,not normal,51.91065219999979,23.197711700000045,equal variances,significant,0.003968253968253968,-277.61240000000004,-276.808,-13375.04,0,True
386,614,163,Medium,"select t_cte_2.c_follower0 as follower, count(b.follower) as num from schema_614.follow as b inner join (select a.follower as c_follower0 from schema_614.follow as a group by a.follower) as t_cte_2 on b.followee = t_cte_2.c_follower0 group by t_cte_2.c_follower0",98.785,6658.12,25020,"HashAggregate  (cost=6656.12..6658.12 rows=200 width=13) (actual rows=25020 loops=1)
  Group Key: a.follower
  Batches: 1  Memory Usage: 2849kB
  Buffers: shared hit=1068, temp read=8 written=31
  ->  Hash Join  (cost=3396.67..5193.18 rows=292588 width=10) (actual rows=99704 loops=1)
        Hash Cond: ((b.followee)::text = (a.follower)::text)
        Buffers: shared hit=1068, temp read=8 written=31
        ->  Seq Scan on follow b  (cost=0.00..1533.96 rows=99996 width=9) (actual rows=99996 loops=1)
              Buffers: shared hit=534
        ->  Hash  (cost=2776.39..2776.39 rows=49622 width=5) (actual rows=49999 loops=1)
              Buckets: 65536  Batches: 1  Memory Usage: 2357kB
              Buffers: shared hit=534, temp read=8 written=31
              ->  HashAggregate  (cost=1783.95..2280.17 rows=49622 width=5) (actual rows=49999 loops=1)
                    Group Key: a.follower
                    Batches: 5  Memory Usage: 4145kB  Disk Usage: 208kB
                    Buffers: shared hit=534, temp read=8 written=31
                    ->  Seq Scan on follow a  (cost=0.00..1533.96 rows=99996 width=5) (actual rows=99996 loops=1)
                          Buffers: shared hit=534
Planning Time: 0.146 ms
Execution Time: 98.785 ms",111.379,6658.12,25020,"HashAggregate  (cost=6656.12..6658.12 rows=200 width=13) (actual rows=25020 loops=1)
  Group Key: a.follower
  Batches: 1  Memory Usage: 2849kB
  Buffers: shared hit=1068, temp read=8 written=31
  ->  Hash Join  (cost=3396.67..5193.18 rows=292588 width=10) (actual rows=99704 loops=1)
        Hash Cond: ((b.followee)::text = (a.follower)::text)
        Buffers: shared hit=1068, temp read=8 written=31
        ->  Seq Scan on follow b  (cost=0.00..1533.96 rows=99996 width=9) (actual rows=99996 loops=1)
              Buffers: shared hit=534
        ->  Hash  (cost=2776.39..2776.39 rows=49622 width=5) (actual rows=49999 loops=1)
              Buckets: 65536  Batches: 1  Memory Usage: 2357kB
              Buffers: shared hit=534, temp read=8 written=31
              ->  HashAggregate  (cost=1783.95..2280.17 rows=49622 width=5) (actual rows=49999 loops=1)
                    Group Key: a.follower
                    Batches: 5  Memory Usage: 4145kB  Disk Usage: 208kB
                    Buffers: shared hit=534, temp read=8 written=31
                    ->  Seq Scan on follow a  (cost=0.00..1533.96 rows=99996 width=5) (actual rows=99996 loops=1)
                          Buffers: shared hit=534
Planning Time: 0.232 ms
Execution Time: 111.379 ms",109.844,6658.12,25020,"HashAggregate  (cost=6656.12..6658.12 rows=200 width=13) (actual rows=25020 loops=1)
  Group Key: a.follower
  Batches: 1  Memory Usage: 2849kB
  Buffers: shared hit=1068, temp read=8 written=31
  ->  Hash Join  (cost=3396.67..5193.18 rows=292588 width=10) (actual rows=99704 loops=1)
        Hash Cond: ((b.followee)::text = (a.follower)::text)
        Buffers: shared hit=1068, temp read=8 written=31
        ->  Seq Scan on follow b  (cost=0.00..1533.96 rows=99996 width=9) (actual rows=99996 loops=1)
              Buffers: shared hit=534
        ->  Hash  (cost=2776.39..2776.39 rows=49622 width=5) (actual rows=49999 loops=1)
              Buckets: 65536  Batches: 1  Memory Usage: 2357kB
              Buffers: shared hit=534, temp read=8 written=31
              ->  HashAggregate  (cost=1783.95..2280.17 rows=49622 width=5) (actual rows=49999 loops=1)
                    Group Key: a.follower
                    Batches: 5  Memory Usage: 4145kB  Disk Usage: 208kB
                    Buffers: shared hit=534, temp read=8 written=31
                    ->  Seq Scan on follow a  (cost=0.00..1533.96 rows=99996 width=5) (actual rows=99996 loops=1)
                          Buffers: shared hit=534
Planning Time: 0.200 ms
Execution Time: 109.844 ms",108.546,6658.12,25020,"HashAggregate  (cost=6656.12..6658.12 rows=200 width=13) (actual rows=25020 loops=1)
  Group Key: a.follower
  Batches: 1  Memory Usage: 2849kB
  Buffers: shared hit=1068, temp read=8 written=31
  ->  Hash Join  (cost=3396.67..5193.18 rows=292588 width=10) (actual rows=99704 loops=1)
        Hash Cond: ((b.followee)::text = (a.follower)::text)
        Buffers: shared hit=1068, temp read=8 written=31
        ->  Seq Scan on follow b  (cost=0.00..1533.96 rows=99996 width=9) (actual rows=99996 loops=1)
              Buffers: shared hit=534
        ->  Hash  (cost=2776.39..2776.39 rows=49622 width=5) (actual rows=49999 loops=1)
              Buckets: 65536  Batches: 1  Memory Usage: 2357kB
              Buffers: shared hit=534, temp read=8 written=31
              ->  HashAggregate  (cost=1783.95..2280.17 rows=49622 width=5) (actual rows=49999 loops=1)
                    Group Key: a.follower
                    Batches: 5  Memory Usage: 4145kB  Disk Usage: 208kB
                    Buffers: shared hit=534, temp read=8 written=31
                    ->  Seq Scan on follow a  (cost=0.00..1533.96 rows=99996 width=5) (actual rows=99996 loops=1)
                          Buffers: shared hit=534
Planning Time: 0.217 ms
Execution Time: 108.546 ms",105.42,6658.12,25020,"HashAggregate  (cost=6656.12..6658.12 rows=200 width=13) (actual rows=25020 loops=1)
  Group Key: a.follower
  Batches: 1  Memory Usage: 2849kB
  Buffers: shared hit=1068, temp read=8 written=31
  ->  Hash Join  (cost=3396.67..5193.18 rows=292588 width=10) (actual rows=99704 loops=1)
        Hash Cond: ((b.followee)::text = (a.follower)::text)
        Buffers: shared hit=1068, temp read=8 written=31
        ->  Seq Scan on follow b  (cost=0.00..1533.96 rows=99996 width=9) (actual rows=99996 loops=1)
              Buffers: shared hit=534
        ->  Hash  (cost=2776.39..2776.39 rows=49622 width=5) (actual rows=49999 loops=1)
              Buckets: 65536  Batches: 1  Memory Usage: 2357kB
              Buffers: shared hit=534, temp read=8 written=31
              ->  HashAggregate  (cost=1783.95..2280.17 rows=49622 width=5) (actual rows=49999 loops=1)
                    Group Key: a.follower
                    Batches: 5  Memory Usage: 4145kB  Disk Usage: 208kB
                    Buffers: shared hit=534, temp read=8 written=31
                    ->  Seq Scan on follow a  (cost=0.00..1533.96 rows=99996 width=5) (actual rows=99996 loops=1)
                          Buffers: shared hit=534
Planning Time: 0.217 ms
Execution Time: 105.420 ms",106.7948,108.546,110.6115,111.993,6658.12,6658.12,25020,25020,25020,25020,614_163,386,614,163,Medium,"select a.follower, count(distinct b.follower) as num from schema_614.follow as a join schema_614.follow as b on b.followee = a.follower group by a.follower",354.382,18271.08,25020,"GroupAggregate  (cost=9893.60..18271.08 rows=49622 width=13) (actual rows=25020 loops=1)
  Group Key: a.follower
  Buffers: shared hit=1072, temp read=810 written=485
  ->  Merge Join  (cost=9893.60..16767.32 rows=201507 width=10) (actual rows=198860 loops=1)
        Merge Cond: ((b.followee)::text = (a.follower)::text)
        Buffers: shared hit=1072, temp read=810 written=485
        ->  Index Only Scan using follow_pkey on follow b  (cost=0.42..3656.36 rows=99996 width=9) (actual rows=99996 loops=1)
              Heap Fetches: 0
              Buffers: shared hit=538
        ->  Sort  (cost=9838.42..10088.41 rows=99996 width=5) (actual rows=248818 loops=1)
              Sort Key: a.follower
              Sort Method: external sort  Disk: 1936kB
              Buffers: shared hit=534, temp read=647 written=485
              ->  Seq Scan on follow a  (cost=0.00..1533.96 rows=99996 width=5) (actual rows=99996 loops=1)
                    Buffers: shared hit=534
Planning:
  Buffers: shared hit=8
Planning Time: 0.199 ms
Execution Time: 354.382 ms",358.977,18271.08,25020,"GroupAggregate  (cost=9893.60..18271.08 rows=49622 width=13) (actual rows=25020 loops=1)
  Group Key: a.follower
  Buffers: shared hit=1072, temp read=810 written=485
  ->  Merge Join  (cost=9893.60..16767.32 rows=201507 width=10) (actual rows=198860 loops=1)
        Merge Cond: ((b.followee)::text = (a.follower)::text)
        Buffers: shared hit=1072, temp read=810 written=485
        ->  Index Only Scan using follow_pkey on follow b  (cost=0.42..3656.36 rows=99996 width=9) (actual rows=99996 loops=1)
              Heap Fetches: 0
              Buffers: shared hit=538
        ->  Sort  (cost=9838.42..10088.41 rows=99996 width=5) (actual rows=248818 loops=1)
              Sort Key: a.follower
              Sort Method: external sort  Disk: 1936kB
              Buffers: shared hit=534, temp read=647 written=485
              ->  Seq Scan on follow a  (cost=0.00..1533.96 rows=99996 width=5) (actual rows=99996 loops=1)
                    Buffers: shared hit=534
Planning:
  Buffers: shared hit=8
Planning Time: 0.358 ms
Execution Time: 358.977 ms",362.895,18271.08,25020,"GroupAggregate  (cost=9893.60..18271.08 rows=49622 width=13) (actual rows=25020 loops=1)
  Group Key: a.follower
  Buffers: shared hit=1072, temp read=810 written=485
  ->  Merge Join  (cost=9893.60..16767.32 rows=201507 width=10) (actual rows=198860 loops=1)
        Merge Cond: ((b.followee)::text = (a.follower)::text)
        Buffers: shared hit=1072, temp read=810 written=485
        ->  Index Only Scan using follow_pkey on follow b  (cost=0.42..3656.36 rows=99996 width=9) (actual rows=99996 loops=1)
              Heap Fetches: 0
              Buffers: shared hit=538
        ->  Sort  (cost=9838.42..10088.41 rows=99996 width=5) (actual rows=248818 loops=1)
              Sort Key: a.follower
              Sort Method: external sort  Disk: 1936kB
              Buffers: shared hit=534, temp read=647 written=485
              ->  Seq Scan on follow a  (cost=0.00..1533.96 rows=99996 width=5) (actual rows=99996 loops=1)
                    Buffers: shared hit=534
Planning:
  Buffers: shared hit=8
Planning Time: 0.315 ms
Execution Time: 362.895 ms",359.339,18271.08,25020,"GroupAggregate  (cost=9893.60..18271.08 rows=49622 width=13) (actual rows=25020 loops=1)
  Group Key: a.follower
  Buffers: shared hit=1072, temp read=810 written=485
  ->  Merge Join  (cost=9893.60..16767.32 rows=201507 width=10) (actual rows=198860 loops=1)
        Merge Cond: ((b.followee)::text = (a.follower)::text)
        Buffers: shared hit=1072, temp read=810 written=485
        ->  Index Only Scan using follow_pkey on follow b  (cost=0.42..3656.36 rows=99996 width=9) (actual rows=99996 loops=1)
              Heap Fetches: 0
              Buffers: shared hit=538
        ->  Sort  (cost=9838.42..10088.41 rows=99996 width=5) (actual rows=248818 loops=1)
              Sort Key: a.follower
              Sort Method: external sort  Disk: 1936kB
              Buffers: shared hit=534, temp read=647 written=485
              ->  Seq Scan on follow a  (cost=0.00..1533.96 rows=99996 width=5) (actual rows=99996 loops=1)
                    Buffers: shared hit=534
Planning:
  Buffers: shared hit=8
Planning Time: 0.273 ms
Execution Time: 359.339 ms",359.558,18271.08,25020,"GroupAggregate  (cost=9893.60..18271.08 rows=49622 width=13) (actual rows=25020 loops=1)
  Group Key: a.follower
  Buffers: shared hit=1072, temp read=810 written=485
  ->  Merge Join  (cost=9893.60..16767.32 rows=201507 width=10) (actual rows=198860 loops=1)
        Merge Cond: ((b.followee)::text = (a.follower)::text)
        Buffers: shared hit=1072, temp read=810 written=485
        ->  Index Only Scan using follow_pkey on follow b  (cost=0.42..3656.36 rows=99996 width=9) (actual rows=99996 loops=1)
              Heap Fetches: 0
              Buffers: shared hit=538
        ->  Sort  (cost=9838.42..10088.41 rows=99996 width=5) (actual rows=248818 loops=1)
              Sort Key: a.follower
              Sort Method: external sort  Disk: 1936kB
              Buffers: shared hit=534, temp read=647 written=485
              ->  Seq Scan on follow a  (cost=0.00..1533.96 rows=99996 width=5) (actual rows=99996 loops=1)
                    Buffers: shared hit=534
Planning:
  Buffers: shared hit=8
Planning Time: 0.292 ms
Execution Time: 359.558 ms",359.0302,359.339,361.2265,364.2298,18271.08,18271.08,25020,25020,25020,25020,normal,normal,9.229800699999954,24.85654570000002,equal variances,significant,0.003968253968253968,-252.23539999999997,-250.793,-11612.960000000003,0,True
387,614,197,Medium,"select t_cte_0.c_follower0 as follower, count(a.follower) as num from schema_614.follow as a inner join (select b.follower as c_follower0 from schema_614.follow as b group by b.follower) as t_cte_0 on a.followee = t_cte_0.c_follower0 group by t_cte_0.c_follower0",102.498,6658.12,25020,"HashAggregate  (cost=6656.12..6658.12 rows=200 width=13) (actual rows=25020 loops=1)
  Group Key: b.follower
  Batches: 1  Memory Usage: 2849kB
  Buffers: shared hit=1068, temp read=8 written=31
  ->  Hash Join  (cost=3396.67..5193.18 rows=292588 width=10) (actual rows=99704 loops=1)
        Hash Cond: ((a.followee)::text = (b.follower)::text)
        Buffers: shared hit=1068, temp read=8 written=31
        ->  Seq Scan on follow a  (cost=0.00..1533.96 rows=99996 width=9) (actual rows=99996 loops=1)
              Buffers: shared hit=534
        ->  Hash  (cost=2776.39..2776.39 rows=49622 width=5) (actual rows=49999 loops=1)
              Buckets: 65536  Batches: 1  Memory Usage: 2357kB
              Buffers: shared hit=534, temp read=8 written=31
              ->  HashAggregate  (cost=1783.95..2280.17 rows=49622 width=5) (actual rows=49999 loops=1)
                    Group Key: b.follower
                    Batches: 5  Memory Usage: 4145kB  Disk Usage: 208kB
                    Buffers: shared hit=534, temp read=8 written=31
                    ->  Seq Scan on follow b  (cost=0.00..1533.96 rows=99996 width=5) (actual rows=99996 loops=1)
                          Buffers: shared hit=534
Planning Time: 0.132 ms
Execution Time: 102.498 ms",118.963,6658.12,25020,"HashAggregate  (cost=6656.12..6658.12 rows=200 width=13) (actual rows=25020 loops=1)
  Group Key: b.follower
  Batches: 1  Memory Usage: 2849kB
  Buffers: shared hit=1068, temp read=8 written=31
  ->  Hash Join  (cost=3396.67..5193.18 rows=292588 width=10) (actual rows=99704 loops=1)
        Hash Cond: ((a.followee)::text = (b.follower)::text)
        Buffers: shared hit=1068, temp read=8 written=31
        ->  Seq Scan on follow a  (cost=0.00..1533.96 rows=99996 width=9) (actual rows=99996 loops=1)
              Buffers: shared hit=534
        ->  Hash  (cost=2776.39..2776.39 rows=49622 width=5) (actual rows=49999 loops=1)
              Buckets: 65536  Batches: 1  Memory Usage: 2357kB
              Buffers: shared hit=534, temp read=8 written=31
              ->  HashAggregate  (cost=1783.95..2280.17 rows=49622 width=5) (actual rows=49999 loops=1)
                    Group Key: b.follower
                    Batches: 5  Memory Usage: 4145kB  Disk Usage: 208kB
                    Buffers: shared hit=534, temp read=8 written=31
                    ->  Seq Scan on follow b  (cost=0.00..1533.96 rows=99996 width=5) (actual rows=99996 loops=1)
                          Buffers: shared hit=534
Planning Time: 0.178 ms
Execution Time: 118.963 ms",111.748,6658.12,25020,"HashAggregate  (cost=6656.12..6658.12 rows=200 width=13) (actual rows=25020 loops=1)
  Group Key: b.follower
  Batches: 1  Memory Usage: 2849kB
  Buffers: shared hit=1068, temp read=8 written=31
  ->  Hash Join  (cost=3396.67..5193.18 rows=292588 width=10) (actual rows=99704 loops=1)
        Hash Cond: ((a.followee)::text = (b.follower)::text)
        Buffers: shared hit=1068, temp read=8 written=31
        ->  Seq Scan on follow a  (cost=0.00..1533.96 rows=99996 width=9) (actual rows=99996 loops=1)
              Buffers: shared hit=534
        ->  Hash  (cost=2776.39..2776.39 rows=49622 width=5) (actual rows=49999 loops=1)
              Buckets: 65536  Batches: 1  Memory Usage: 2357kB
              Buffers: shared hit=534, temp read=8 written=31
              ->  HashAggregate  (cost=1783.95..2280.17 rows=49622 width=5) (actual rows=49999 loops=1)
                    Group Key: b.follower
                    Batches: 5  Memory Usage: 4145kB  Disk Usage: 208kB
                    Buffers: shared hit=534, temp read=8 written=31
                    ->  Seq Scan on follow b  (cost=0.00..1533.96 rows=99996 width=5) (actual rows=99996 loops=1)
                          Buffers: shared hit=534
Planning Time: 0.185 ms
Execution Time: 111.748 ms",109.287,6658.12,25020,"HashAggregate  (cost=6656.12..6658.12 rows=200 width=13) (actual rows=25020 loops=1)
  Group Key: b.follower
  Batches: 1  Memory Usage: 2849kB
  Buffers: shared hit=1068, temp read=8 written=31
  ->  Hash Join  (cost=3396.67..5193.18 rows=292588 width=10) (actual rows=99704 loops=1)
        Hash Cond: ((a.followee)::text = (b.follower)::text)
        Buffers: shared hit=1068, temp read=8 written=31
        ->  Seq Scan on follow a  (cost=0.00..1533.96 rows=99996 width=9) (actual rows=99996 loops=1)
              Buffers: shared hit=534
        ->  Hash  (cost=2776.39..2776.39 rows=49622 width=5) (actual rows=49999 loops=1)
              Buckets: 65536  Batches: 1  Memory Usage: 2357kB
              Buffers: shared hit=534, temp read=8 written=31
              ->  HashAggregate  (cost=1783.95..2280.17 rows=49622 width=5) (actual rows=49999 loops=1)
                    Group Key: b.follower
                    Batches: 5  Memory Usage: 4145kB  Disk Usage: 208kB
                    Buffers: shared hit=534, temp read=8 written=31
                    ->  Seq Scan on follow b  (cost=0.00..1533.96 rows=99996 width=5) (actual rows=99996 loops=1)
                          Buffers: shared hit=534
Planning Time: 0.226 ms
Execution Time: 109.287 ms",108.184,6658.12,25020,"HashAggregate  (cost=6656.12..6658.12 rows=200 width=13) (actual rows=25020 loops=1)
  Group Key: b.follower
  Batches: 1  Memory Usage: 2849kB
  Buffers: shared hit=1068, temp read=8 written=31
  ->  Hash Join  (cost=3396.67..5193.18 rows=292588 width=10) (actual rows=99704 loops=1)
        Hash Cond: ((a.followee)::text = (b.follower)::text)
        Buffers: shared hit=1068, temp read=8 written=31
        ->  Seq Scan on follow a  (cost=0.00..1533.96 rows=99996 width=9) (actual rows=99996 loops=1)
              Buffers: shared hit=534
        ->  Hash  (cost=2776.39..2776.39 rows=49622 width=5) (actual rows=49999 loops=1)
              Buckets: 65536  Batches: 1  Memory Usage: 2357kB
              Buffers: shared hit=534, temp read=8 written=31
              ->  HashAggregate  (cost=1783.95..2280.17 rows=49622 width=5) (actual rows=49999 loops=1)
                    Group Key: b.follower
                    Batches: 5  Memory Usage: 4145kB  Disk Usage: 208kB
                    Buffers: shared hit=534, temp read=8 written=31
                    ->  Seq Scan on follow b  (cost=0.00..1533.96 rows=99996 width=5) (actual rows=99996 loops=1)
                          Buffers: shared hit=534
Planning Time: 0.185 ms
Execution Time: 108.184 ms",110.136,109.287,115.3555,121.849,6658.12,6658.12,25020,25020,25020,25020,614_197,387,614,197,Medium,"select b.follower, count(distinct a.follower) as num from schema_614.follow as a join schema_614.follow as b on a.followee = b.follower group by 1",353.464,18271.08,25020,"GroupAggregate  (cost=9893.60..18271.08 rows=49622 width=13) (actual rows=25020 loops=1)
  Group Key: b.follower
  Buffers: shared hit=1072, temp read=810 written=485
  ->  Merge Join  (cost=9893.60..16767.32 rows=201507 width=10) (actual rows=198860 loops=1)
        Merge Cond: ((a.followee)::text = (b.follower)::text)
        Buffers: shared hit=1072, temp read=810 written=485
        ->  Index Only Scan using follow_pkey on follow a  (cost=0.42..3656.36 rows=99996 width=9) (actual rows=99996 loops=1)
              Heap Fetches: 0
              Buffers: shared hit=538
        ->  Sort  (cost=9838.42..10088.41 rows=99996 width=5) (actual rows=248818 loops=1)
              Sort Key: b.follower
              Sort Method: external sort  Disk: 1936kB
              Buffers: shared hit=534, temp read=647 written=485
              ->  Seq Scan on follow b  (cost=0.00..1533.96 rows=99996 width=5) (actual rows=99996 loops=1)
                    Buffers: shared hit=534
Planning:
  Buffers: shared hit=8
Planning Time: 0.258 ms
Execution Time: 353.464 ms",362.719,18271.08,25020,"GroupAggregate  (cost=9893.60..18271.08 rows=49622 width=13) (actual rows=25020 loops=1)
  Group Key: b.follower
  Buffers: shared hit=1072, temp read=810 written=485
  ->  Merge Join  (cost=9893.60..16767.32 rows=201507 width=10) (actual rows=198860 loops=1)
        Merge Cond: ((a.followee)::text = (b.follower)::text)
        Buffers: shared hit=1072, temp read=810 written=485
        ->  Index Only Scan using follow_pkey on follow a  (cost=0.42..3656.36 rows=99996 width=9) (actual rows=99996 loops=1)
              Heap Fetches: 0
              Buffers: shared hit=538
        ->  Sort  (cost=9838.42..10088.41 rows=99996 width=5) (actual rows=248818 loops=1)
              Sort Key: b.follower
              Sort Method: external sort  Disk: 1936kB
              Buffers: shared hit=534, temp read=647 written=485
              ->  Seq Scan on follow b  (cost=0.00..1533.96 rows=99996 width=5) (actual rows=99996 loops=1)
                    Buffers: shared hit=534
Planning:
  Buffers: shared hit=8
Planning Time: 0.352 ms
Execution Time: 362.719 ms",358.55,18271.08,25020,"GroupAggregate  (cost=9893.60..18271.08 rows=49622 width=13) (actual rows=25020 loops=1)
  Group Key: b.follower
  Buffers: shared hit=1072, temp read=810 written=485
  ->  Merge Join  (cost=9893.60..16767.32 rows=201507 width=10) (actual rows=198860 loops=1)
        Merge Cond: ((a.followee)::text = (b.follower)::text)
        Buffers: shared hit=1072, temp read=810 written=485
        ->  Index Only Scan using follow_pkey on follow a  (cost=0.42..3656.36 rows=99996 width=9) (actual rows=99996 loops=1)
              Heap Fetches: 0
              Buffers: shared hit=538
        ->  Sort  (cost=9838.42..10088.41 rows=99996 width=5) (actual rows=248818 loops=1)
              Sort Key: b.follower
              Sort Method: external sort  Disk: 1936kB
              Buffers: shared hit=534, temp read=647 written=485
              ->  Seq Scan on follow b  (cost=0.00..1533.96 rows=99996 width=5) (actual rows=99996 loops=1)
                    Buffers: shared hit=534
Planning:
  Buffers: shared hit=8
Planning Time: 0.292 ms
Execution Time: 358.550 ms",360.038,18271.08,25020,"GroupAggregate  (cost=9893.60..18271.08 rows=49622 width=13) (actual rows=25020 loops=1)
  Group Key: b.follower
  Buffers: shared hit=1072, temp read=810 written=485
  ->  Merge Join  (cost=9893.60..16767.32 rows=201507 width=10) (actual rows=198860 loops=1)
        Merge Cond: ((a.followee)::text = (b.follower)::text)
        Buffers: shared hit=1072, temp read=810 written=485
        ->  Index Only Scan using follow_pkey on follow a  (cost=0.42..3656.36 rows=99996 width=9) (actual rows=99996 loops=1)
              Heap Fetches: 0
              Buffers: shared hit=538
        ->  Sort  (cost=9838.42..10088.41 rows=99996 width=5) (actual rows=248818 loops=1)
              Sort Key: b.follower
              Sort Method: external sort  Disk: 1936kB
              Buffers: shared hit=534, temp read=647 written=485
              ->  Seq Scan on follow b  (cost=0.00..1533.96 rows=99996 width=5) (actual rows=99996 loops=1)
                    Buffers: shared hit=534
Planning:
  Buffers: shared hit=8
Planning Time: 0.305 ms
Execution Time: 360.038 ms",360.954,18271.08,25020,"GroupAggregate  (cost=9893.60..18271.08 rows=49622 width=13) (actual rows=25020 loops=1)
  Group Key: b.follower
  Buffers: shared hit=1072, temp read=810 written=485
  ->  Merge Join  (cost=9893.60..16767.32 rows=201507 width=10) (actual rows=198860 loops=1)
        Merge Cond: ((a.followee)::text = (b.follower)::text)
        Buffers: shared hit=1072, temp read=810 written=485
        ->  Index Only Scan using follow_pkey on follow a  (cost=0.42..3656.36 rows=99996 width=9) (actual rows=99996 loops=1)
              Heap Fetches: 0
              Buffers: shared hit=538
        ->  Sort  (cost=9838.42..10088.41 rows=99996 width=5) (actual rows=248818 loops=1)
              Sort Key: b.follower
              Sort Method: external sort  Disk: 1936kB
              Buffers: shared hit=534, temp read=647 written=485
              ->  Seq Scan on follow b  (cost=0.00..1533.96 rows=99996 width=5) (actual rows=99996 loops=1)
                    Buffers: shared hit=534
Planning:
  Buffers: shared hit=8
Planning Time: 0.346 ms
Execution Time: 360.954 ms",359.145,360.038,361.8365,363.425,18271.08,18271.08,25020,25020,25020,25020,normal,normal,12.367798,35.846155499999966,equal variances,significant,0.003968253968253968,-249.009,-250.751,-11612.960000000003,0,True
388,614,200,Medium,"select distinct a.follower as follower, t_cte_11.c_count0 as num from (select t_follow_0.followee as c_followee0, count(t_follow_0.follower) as c_count0 from schema_614.follow as t_follow_0 group by t_follow_0.followee) as t_cte_11 inner join schema_614.follow as a on a.follower = t_cte_11.c_followee0",76.285,4894.2,25020,"HashAggregate  (cost=4552.45..4894.20 rows=34175 width=13) (actual rows=25020 loops=1)
  Group Key: a.follower, t_cte_11.c_count0
  Batches: 1  Memory Usage: 2833kB
  Buffers: shared hit=1068
  ->  Hash Join  (cost=2585.11..4381.58 rows=34175 width=13) (actual rows=50038 loops=1)
        Hash Cond: ((a.follower)::text = (t_cte_11.c_followee0)::text)
        Buffers: shared hit=1068
        ->  Seq Scan on follow a  (cost=0.00..1533.96 rows=99996 width=5) (actual rows=99996 loops=1)
              Buffers: shared hit=534
        ->  Hash  (cost=2373.12..2373.12 rows=16959 width=12) (actual rows=25021 loops=1)
              Buckets: 32768  Batches: 1  Memory Usage: 1371kB
              Buffers: shared hit=534
              ->  Subquery Scan on t_cte_11  (cost=2033.94..2373.12 rows=16959 width=12) (actual rows=25021 loops=1)
                    Buffers: shared hit=534
                    ->  HashAggregate  (cost=2033.94..2203.53 rows=16959 width=12) (actual rows=25021 loops=1)
                          Group Key: t_follow_0.followee
                          Batches: 1  Memory Usage: 2833kB
                          Buffers: shared hit=534
                          ->  Seq Scan on follow t_follow_0  (cost=0.00..1533.96 rows=99996 width=9) (actual rows=99996 loops=1)
                                Buffers: shared hit=534
Planning Time: 0.123 ms
Execution Time: 76.285 ms",83.84,4894.2,25020,"HashAggregate  (cost=4552.45..4894.20 rows=34175 width=13) (actual rows=25020 loops=1)
  Group Key: a.follower, t_cte_11.c_count0
  Batches: 1  Memory Usage: 2833kB
  Buffers: shared hit=1068
  ->  Hash Join  (cost=2585.11..4381.58 rows=34175 width=13) (actual rows=50038 loops=1)
        Hash Cond: ((a.follower)::text = (t_cte_11.c_followee0)::text)
        Buffers: shared hit=1068
        ->  Seq Scan on follow a  (cost=0.00..1533.96 rows=99996 width=5) (actual rows=99996 loops=1)
              Buffers: shared hit=534
        ->  Hash  (cost=2373.12..2373.12 rows=16959 width=12) (actual rows=25021 loops=1)
              Buckets: 32768  Batches: 1  Memory Usage: 1371kB
              Buffers: shared hit=534
              ->  Subquery Scan on t_cte_11  (cost=2033.94..2373.12 rows=16959 width=12) (actual rows=25021 loops=1)
                    Buffers: shared hit=534
                    ->  HashAggregate  (cost=2033.94..2203.53 rows=16959 width=12) (actual rows=25021 loops=1)
                          Group Key: t_follow_0.followee
                          Batches: 1  Memory Usage: 2833kB
                          Buffers: shared hit=534
                          ->  Seq Scan on follow t_follow_0  (cost=0.00..1533.96 rows=99996 width=9) (actual rows=99996 loops=1)
                                Buffers: shared hit=534
Planning Time: 0.207 ms
Execution Time: 83.840 ms",90.318,4894.2,25020,"HashAggregate  (cost=4552.45..4894.20 rows=34175 width=13) (actual rows=25020 loops=1)
  Group Key: a.follower, t_cte_11.c_count0
  Batches: 1  Memory Usage: 2833kB
  Buffers: shared hit=1068
  ->  Hash Join  (cost=2585.11..4381.58 rows=34175 width=13) (actual rows=50038 loops=1)
        Hash Cond: ((a.follower)::text = (t_cte_11.c_followee0)::text)
        Buffers: shared hit=1068
        ->  Seq Scan on follow a  (cost=0.00..1533.96 rows=99996 width=5) (actual rows=99996 loops=1)
              Buffers: shared hit=534
        ->  Hash  (cost=2373.12..2373.12 rows=16959 width=12) (actual rows=25021 loops=1)
              Buckets: 32768  Batches: 1  Memory Usage: 1371kB
              Buffers: shared hit=534
              ->  Subquery Scan on t_cte_11  (cost=2033.94..2373.12 rows=16959 width=12) (actual rows=25021 loops=1)
                    Buffers: shared hit=534
                    ->  HashAggregate  (cost=2033.94..2203.53 rows=16959 width=12) (actual rows=25021 loops=1)
                          Group Key: t_follow_0.followee
                          Batches: 1  Memory Usage: 2833kB
                          Buffers: shared hit=534
                          ->  Seq Scan on follow t_follow_0  (cost=0.00..1533.96 rows=99996 width=9) (actual rows=99996 loops=1)
                                Buffers: shared hit=534
Planning Time: 0.167 ms
Execution Time: 90.318 ms",88.228,4894.2,25020,"HashAggregate  (cost=4552.45..4894.20 rows=34175 width=13) (actual rows=25020 loops=1)
  Group Key: a.follower, t_cte_11.c_count0
  Batches: 1  Memory Usage: 2833kB
  Buffers: shared hit=1068
  ->  Hash Join  (cost=2585.11..4381.58 rows=34175 width=13) (actual rows=50038 loops=1)
        Hash Cond: ((a.follower)::text = (t_cte_11.c_followee0)::text)
        Buffers: shared hit=1068
        ->  Seq Scan on follow a  (cost=0.00..1533.96 rows=99996 width=5) (actual rows=99996 loops=1)
              Buffers: shared hit=534
        ->  Hash  (cost=2373.12..2373.12 rows=16959 width=12) (actual rows=25021 loops=1)
              Buckets: 32768  Batches: 1  Memory Usage: 1371kB
              Buffers: shared hit=534
              ->  Subquery Scan on t_cte_11  (cost=2033.94..2373.12 rows=16959 width=12) (actual rows=25021 loops=1)
                    Buffers: shared hit=534
                    ->  HashAggregate  (cost=2033.94..2203.53 rows=16959 width=12) (actual rows=25021 loops=1)
                          Group Key: t_follow_0.followee
                          Batches: 1  Memory Usage: 2833kB
                          Buffers: shared hit=534
                          ->  Seq Scan on follow t_follow_0  (cost=0.00..1533.96 rows=99996 width=9) (actual rows=99996 loops=1)
                                Buffers: shared hit=534
Planning Time: 0.161 ms
Execution Time: 88.228 ms",86.8,4894.2,25020,"HashAggregate  (cost=4552.45..4894.20 rows=34175 width=13) (actual rows=25020 loops=1)
  Group Key: a.follower, t_cte_11.c_count0
  Batches: 1  Memory Usage: 2833kB
  Buffers: shared hit=1068
  ->  Hash Join  (cost=2585.11..4381.58 rows=34175 width=13) (actual rows=50038 loops=1)
        Hash Cond: ((a.follower)::text = (t_cte_11.c_followee0)::text)
        Buffers: shared hit=1068
        ->  Seq Scan on follow a  (cost=0.00..1533.96 rows=99996 width=5) (actual rows=99996 loops=1)
              Buffers: shared hit=534
        ->  Hash  (cost=2373.12..2373.12 rows=16959 width=12) (actual rows=25021 loops=1)
              Buckets: 32768  Batches: 1  Memory Usage: 1371kB
              Buffers: shared hit=534
              ->  Subquery Scan on t_cte_11  (cost=2033.94..2373.12 rows=16959 width=12) (actual rows=25021 loops=1)
                    Buffers: shared hit=534
                    ->  HashAggregate  (cost=2033.94..2203.53 rows=16959 width=12) (actual rows=25021 loops=1)
                          Group Key: t_follow_0.followee
                          Batches: 1  Memory Usage: 2833kB
                          Buffers: shared hit=534
                          ->  Seq Scan on follow t_follow_0  (cost=0.00..1533.96 rows=99996 width=9) (actual rows=99996 loops=1)
                                Buffers: shared hit=534
Planning Time: 0.165 ms
Execution Time: 86.800 ms",85.0942,86.8,89.273,91.154,4894.2,4894.2,25020,25020,25020,25020,614_200,388,614,200,Medium,"select distinct a.follower as follower, num from schema_614.follow as a join (select followee, count(distinct follower) as num from schema_614.follow group by followee) as b on a.follower = b.followee order by a.follower",175.759,9333.78,25020,"Unique  (cost=9077.47..9333.78 rows=34175 width=13) (actual rows=25020 loops=1)
  Buffers: shared hit=1072
  ->  Sort  (cost=9077.47..9162.90 rows=34175 width=13) (actual rows=50038 loops=1)
        Sort Key: a.follower, b.num
        Sort Method: quicksort  Memory: 3711kB
        Buffers: shared hit=1072
        ->  Hash Join  (cost=4707.51..6503.98 rows=34175 width=13) (actual rows=50038 loops=1)
              Hash Cond: ((a.follower)::text = (b.followee)::text)
              Buffers: shared hit=1072
              ->  Seq Scan on follow a  (cost=0.00..1533.96 rows=99996 width=5) (actual rows=99996 loops=1)
                    Buffers: shared hit=534
              ->  Hash  (cost=4495.52..4495.52 rows=16959 width=12) (actual rows=25021 loops=1)
                    Buckets: 32768  Batches: 1  Memory Usage: 1371kB
                    Buffers: shared hit=538
                    ->  Subquery Scan on b  (cost=0.42..4495.52 rows=16959 width=12) (actual rows=25021 loops=1)
                          Buffers: shared hit=538
                          ->  GroupAggregate  (cost=0.42..4325.93 rows=16959 width=12) (actual rows=25021 loops=1)
                                Group Key: follow.followee
                                Buffers: shared hit=538
                                ->  Index Only Scan using follow_pkey on follow  (cost=0.42..3656.36 rows=99996 width=9) (actual rows=99996 loops=1)
                                      Heap Fetches: 0
                                      Buffers: shared hit=538
Planning Time: 0.135 ms
Execution Time: 175.759 ms",179.795,9333.78,25020,"Unique  (cost=9077.47..9333.78 rows=34175 width=13) (actual rows=25020 loops=1)
  Buffers: shared hit=1072
  ->  Sort  (cost=9077.47..9162.90 rows=34175 width=13) (actual rows=50038 loops=1)
        Sort Key: a.follower, b.num
        Sort Method: quicksort  Memory: 3711kB
        Buffers: shared hit=1072
        ->  Hash Join  (cost=4707.51..6503.98 rows=34175 width=13) (actual rows=50038 loops=1)
              Hash Cond: ((a.follower)::text = (b.followee)::text)
              Buffers: shared hit=1072
              ->  Seq Scan on follow a  (cost=0.00..1533.96 rows=99996 width=5) (actual rows=99996 loops=1)
                    Buffers: shared hit=534
              ->  Hash  (cost=4495.52..4495.52 rows=16959 width=12) (actual rows=25021 loops=1)
                    Buckets: 32768  Batches: 1  Memory Usage: 1371kB
                    Buffers: shared hit=538
                    ->  Subquery Scan on b  (cost=0.42..4495.52 rows=16959 width=12) (actual rows=25021 loops=1)
                          Buffers: shared hit=538
                          ->  GroupAggregate  (cost=0.42..4325.93 rows=16959 width=12) (actual rows=25021 loops=1)
                                Group Key: follow.followee
                                Buffers: shared hit=538
                                ->  Index Only Scan using follow_pkey on follow  (cost=0.42..3656.36 rows=99996 width=9) (actual rows=99996 loops=1)
                                      Heap Fetches: 0
                                      Buffers: shared hit=538
Planning Time: 0.247 ms
Execution Time: 179.795 ms",179.803,9333.78,25020,"Unique  (cost=9077.47..9333.78 rows=34175 width=13) (actual rows=25020 loops=1)
  Buffers: shared hit=1072
  ->  Sort  (cost=9077.47..9162.90 rows=34175 width=13) (actual rows=50038 loops=1)
        Sort Key: a.follower, b.num
        Sort Method: quicksort  Memory: 3711kB
        Buffers: shared hit=1072
        ->  Hash Join  (cost=4707.51..6503.98 rows=34175 width=13) (actual rows=50038 loops=1)
              Hash Cond: ((a.follower)::text = (b.followee)::text)
              Buffers: shared hit=1072
              ->  Seq Scan on follow a  (cost=0.00..1533.96 rows=99996 width=5) (actual rows=99996 loops=1)
                    Buffers: shared hit=534
              ->  Hash  (cost=4495.52..4495.52 rows=16959 width=12) (actual rows=25021 loops=1)
                    Buckets: 32768  Batches: 1  Memory Usage: 1371kB
                    Buffers: shared hit=538
                    ->  Subquery Scan on b  (cost=0.42..4495.52 rows=16959 width=12) (actual rows=25021 loops=1)
                          Buffers: shared hit=538
                          ->  GroupAggregate  (cost=0.42..4325.93 rows=16959 width=12) (actual rows=25021 loops=1)
                                Group Key: follow.followee
                                Buffers: shared hit=538
                                ->  Index Only Scan using follow_pkey on follow  (cost=0.42..3656.36 rows=99996 width=9) (actual rows=99996 loops=1)
                                      Heap Fetches: 0
                                      Buffers: shared hit=538
Planning Time: 0.184 ms
Execution Time: 179.803 ms",180.83,9333.78,25020,"Unique  (cost=9077.47..9333.78 rows=34175 width=13) (actual rows=25020 loops=1)
  Buffers: shared hit=1072
  ->  Sort  (cost=9077.47..9162.90 rows=34175 width=13) (actual rows=50038 loops=1)
        Sort Key: a.follower, b.num
        Sort Method: quicksort  Memory: 3711kB
        Buffers: shared hit=1072
        ->  Hash Join  (cost=4707.51..6503.98 rows=34175 width=13) (actual rows=50038 loops=1)
              Hash Cond: ((a.follower)::text = (b.followee)::text)
              Buffers: shared hit=1072
              ->  Seq Scan on follow a  (cost=0.00..1533.96 rows=99996 width=5) (actual rows=99996 loops=1)
                    Buffers: shared hit=534
              ->  Hash  (cost=4495.52..4495.52 rows=16959 width=12) (actual rows=25021 loops=1)
                    Buckets: 32768  Batches: 1  Memory Usage: 1371kB
                    Buffers: shared hit=538
                    ->  Subquery Scan on b  (cost=0.42..4495.52 rows=16959 width=12) (actual rows=25021 loops=1)
                          Buffers: shared hit=538
                          ->  GroupAggregate  (cost=0.42..4325.93 rows=16959 width=12) (actual rows=25021 loops=1)
                                Group Key: follow.followee
                                Buffers: shared hit=538
                                ->  Index Only Scan using follow_pkey on follow  (cost=0.42..3656.36 rows=99996 width=9) (actual rows=99996 loops=1)
                                      Heap Fetches: 0
                                      Buffers: shared hit=538
Planning Time: 0.120 ms
Execution Time: 180.830 ms",182.166,9333.78,25020,"Unique  (cost=9077.47..9333.78 rows=34175 width=13) (actual rows=25020 loops=1)
  Buffers: shared hit=1072
  ->  Sort  (cost=9077.47..9162.90 rows=34175 width=13) (actual rows=50038 loops=1)
        Sort Key: a.follower, b.num
        Sort Method: quicksort  Memory: 3711kB
        Buffers: shared hit=1072
        ->  Hash Join  (cost=4707.51..6503.98 rows=34175 width=13) (actual rows=50038 loops=1)
              Hash Cond: ((a.follower)::text = (b.followee)::text)
              Buffers: shared hit=1072
              ->  Seq Scan on follow a  (cost=0.00..1533.96 rows=99996 width=5) (actual rows=99996 loops=1)
                    Buffers: shared hit=534
              ->  Hash  (cost=4495.52..4495.52 rows=16959 width=12) (actual rows=25021 loops=1)
                    Buckets: 32768  Batches: 1  Memory Usage: 1371kB
                    Buffers: shared hit=538
                    ->  Subquery Scan on b  (cost=0.42..4495.52 rows=16959 width=12) (actual rows=25021 loops=1)
                          Buffers: shared hit=538
                          ->  GroupAggregate  (cost=0.42..4325.93 rows=16959 width=12) (actual rows=25021 loops=1)
                                Group Key: follow.followee
                                Buffers: shared hit=538
                                ->  Index Only Scan using follow_pkey on follow  (cost=0.42..3656.36 rows=99996 width=9) (actual rows=99996 loops=1)
                                      Heap Fetches: 0
                                      Buffers: shared hit=538
Planning Time: 0.162 ms
Execution Time: 182.166 ms",179.6706,179.803,181.498,182.7004,9333.78,9333.78,25020,25020,25020,25020,normal,normal,5.726212300000029,29.798391199999998,equal variances,significant,0.003968253968253968,-94.5764,-93.003,-4439.580000000001,0,True
389,614,212,Medium,"select distinct t_follow_0.follower as follower, t_cte_1.c_count0 as num from (select count(t_follow_1.follower) as c_count0, t_follow_1.followee as c_followee0 from schema_614.follow as t_follow_1 group by t_follow_1.followee) as t_cte_1 inner join schema_614.follow as t_follow_0 on t_follow_0.follower = t_cte_1.c_followee0",76.465,4894.2,25020,"HashAggregate  (cost=4552.45..4894.20 rows=34175 width=13) (actual rows=25020 loops=1)
  Group Key: t_follow_0.follower, (count(t_follow_1.follower))
  Batches: 1  Memory Usage: 2833kB
  Buffers: shared hit=1068
  ->  Hash Join  (cost=2585.11..4381.58 rows=34175 width=13) (actual rows=50038 loops=1)
        Hash Cond: ((t_follow_0.follower)::text = (t_follow_1.followee)::text)
        Buffers: shared hit=1068
        ->  Seq Scan on follow t_follow_0  (cost=0.00..1533.96 rows=99996 width=5) (actual rows=99996 loops=1)
              Buffers: shared hit=534
        ->  Hash  (cost=2373.12..2373.12 rows=16959 width=12) (actual rows=25021 loops=1)
              Buckets: 32768  Batches: 1  Memory Usage: 1371kB
              Buffers: shared hit=534
              ->  HashAggregate  (cost=2033.94..2203.53 rows=16959 width=12) (actual rows=25021 loops=1)
                    Group Key: t_follow_1.followee
                    Batches: 1  Memory Usage: 2833kB
                    Buffers: shared hit=534
                    ->  Seq Scan on follow t_follow_1  (cost=0.00..1533.96 rows=99996 width=9) (actual rows=99996 loops=1)
                          Buffers: shared hit=534
Planning Time: 0.171 ms
Execution Time: 76.465 ms",85.339,4894.2,25020,"HashAggregate  (cost=4552.45..4894.20 rows=34175 width=13) (actual rows=25020 loops=1)
  Group Key: t_follow_0.follower, (count(t_follow_1.follower))
  Batches: 1  Memory Usage: 2833kB
  Buffers: shared hit=1068
  ->  Hash Join  (cost=2585.11..4381.58 rows=34175 width=13) (actual rows=50038 loops=1)
        Hash Cond: ((t_follow_0.follower)::text = (t_follow_1.followee)::text)
        Buffers: shared hit=1068
        ->  Seq Scan on follow t_follow_0  (cost=0.00..1533.96 rows=99996 width=5) (actual rows=99996 loops=1)
              Buffers: shared hit=534
        ->  Hash  (cost=2373.12..2373.12 rows=16959 width=12) (actual rows=25021 loops=1)
              Buckets: 32768  Batches: 1  Memory Usage: 1371kB
              Buffers: shared hit=534
              ->  HashAggregate  (cost=2033.94..2203.53 rows=16959 width=12) (actual rows=25021 loops=1)
                    Group Key: t_follow_1.followee
                    Batches: 1  Memory Usage: 2833kB
                    Buffers: shared hit=534
                    ->  Seq Scan on follow t_follow_1  (cost=0.00..1533.96 rows=99996 width=9) (actual rows=99996 loops=1)
                          Buffers: shared hit=534
Planning Time: 0.219 ms
Execution Time: 85.339 ms",84.302,4894.2,25020,"HashAggregate  (cost=4552.45..4894.20 rows=34175 width=13) (actual rows=25020 loops=1)
  Group Key: t_follow_0.follower, (count(t_follow_1.follower))
  Batches: 1  Memory Usage: 2833kB
  Buffers: shared hit=1068
  ->  Hash Join  (cost=2585.11..4381.58 rows=34175 width=13) (actual rows=50038 loops=1)
        Hash Cond: ((t_follow_0.follower)::text = (t_follow_1.followee)::text)
        Buffers: shared hit=1068
        ->  Seq Scan on follow t_follow_0  (cost=0.00..1533.96 rows=99996 width=5) (actual rows=99996 loops=1)
              Buffers: shared hit=534
        ->  Hash  (cost=2373.12..2373.12 rows=16959 width=12) (actual rows=25021 loops=1)
              Buckets: 32768  Batches: 1  Memory Usage: 1371kB
              Buffers: shared hit=534
              ->  HashAggregate  (cost=2033.94..2203.53 rows=16959 width=12) (actual rows=25021 loops=1)
                    Group Key: t_follow_1.followee
                    Batches: 1  Memory Usage: 2833kB
                    Buffers: shared hit=534
                    ->  Seq Scan on follow t_follow_1  (cost=0.00..1533.96 rows=99996 width=9) (actual rows=99996 loops=1)
                          Buffers: shared hit=534
Planning Time: 0.148 ms
Execution Time: 84.302 ms",83.96,4894.2,25020,"HashAggregate  (cost=4552.45..4894.20 rows=34175 width=13) (actual rows=25020 loops=1)
  Group Key: t_follow_0.follower, (count(t_follow_1.follower))
  Batches: 1  Memory Usage: 2833kB
  Buffers: shared hit=1068
  ->  Hash Join  (cost=2585.11..4381.58 rows=34175 width=13) (actual rows=50038 loops=1)
        Hash Cond: ((t_follow_0.follower)::text = (t_follow_1.followee)::text)
        Buffers: shared hit=1068
        ->  Seq Scan on follow t_follow_0  (cost=0.00..1533.96 rows=99996 width=5) (actual rows=99996 loops=1)
              Buffers: shared hit=534
        ->  Hash  (cost=2373.12..2373.12 rows=16959 width=12) (actual rows=25021 loops=1)
              Buckets: 32768  Batches: 1  Memory Usage: 1371kB
              Buffers: shared hit=534
              ->  HashAggregate  (cost=2033.94..2203.53 rows=16959 width=12) (actual rows=25021 loops=1)
                    Group Key: t_follow_1.followee
                    Batches: 1  Memory Usage: 2833kB
                    Buffers: shared hit=534
                    ->  Seq Scan on follow t_follow_1  (cost=0.00..1533.96 rows=99996 width=9) (actual rows=99996 loops=1)
                          Buffers: shared hit=534
Planning Time: 0.190 ms
Execution Time: 83.960 ms",85.939,4894.2,25020,"HashAggregate  (cost=4552.45..4894.20 rows=34175 width=13) (actual rows=25020 loops=1)
  Group Key: t_follow_0.follower, (count(t_follow_1.follower))
  Batches: 1  Memory Usage: 2833kB
  Buffers: shared hit=1068
  ->  Hash Join  (cost=2585.11..4381.58 rows=34175 width=13) (actual rows=50038 loops=1)
        Hash Cond: ((t_follow_0.follower)::text = (t_follow_1.followee)::text)
        Buffers: shared hit=1068
        ->  Seq Scan on follow t_follow_0  (cost=0.00..1533.96 rows=99996 width=5) (actual rows=99996 loops=1)
              Buffers: shared hit=534
        ->  Hash  (cost=2373.12..2373.12 rows=16959 width=12) (actual rows=25021 loops=1)
              Buckets: 32768  Batches: 1  Memory Usage: 1371kB
              Buffers: shared hit=534
              ->  HashAggregate  (cost=2033.94..2203.53 rows=16959 width=12) (actual rows=25021 loops=1)
                    Group Key: t_follow_1.followee
                    Batches: 1  Memory Usage: 2833kB
                    Buffers: shared hit=534
                    ->  Seq Scan on follow t_follow_1  (cost=0.00..1533.96 rows=99996 width=9) (actual rows=99996 loops=1)
                          Buffers: shared hit=534
Planning Time: 0.161 ms
Execution Time: 85.939 ms",83.201,84.302,85.639,86.179,4894.2,4894.2,25020,25020,25020,25020,614_212,389,614,212,Medium,"select distinct follower, num from schema_614.follow join (select followee, count(distinct follower) as num from schema_614.follow group by followee) as f3 on follow.follower = f3.followee order by follower",173.304,9333.78,25020,"Unique  (cost=9077.47..9333.78 rows=34175 width=13) (actual rows=25020 loops=1)
  Buffers: shared hit=1072
  ->  Sort  (cost=9077.47..9162.90 rows=34175 width=13) (actual rows=50038 loops=1)
        Sort Key: follow.follower, f3.num
        Sort Method: quicksort  Memory: 3711kB
        Buffers: shared hit=1072
        ->  Hash Join  (cost=4707.51..6503.98 rows=34175 width=13) (actual rows=50038 loops=1)
              Hash Cond: ((follow.follower)::text = (f3.followee)::text)
              Buffers: shared hit=1072
              ->  Seq Scan on follow  (cost=0.00..1533.96 rows=99996 width=5) (actual rows=99996 loops=1)
                    Buffers: shared hit=534
              ->  Hash  (cost=4495.52..4495.52 rows=16959 width=12) (actual rows=25021 loops=1)
                    Buckets: 32768  Batches: 1  Memory Usage: 1371kB
                    Buffers: shared hit=538
                    ->  Subquery Scan on f3  (cost=0.42..4495.52 rows=16959 width=12) (actual rows=25021 loops=1)
                          Buffers: shared hit=538
                          ->  GroupAggregate  (cost=0.42..4325.93 rows=16959 width=12) (actual rows=25021 loops=1)
                                Group Key: follow_1.followee
                                Buffers: shared hit=538
                                ->  Index Only Scan using follow_pkey on follow follow_1  (cost=0.42..3656.36 rows=99996 width=9) (actual rows=99996 loops=1)
                                      Heap Fetches: 0
                                      Buffers: shared hit=538
Planning Time: 0.116 ms
Execution Time: 173.304 ms",185.574,9333.78,25020,"Unique  (cost=9077.47..9333.78 rows=34175 width=13) (actual rows=25020 loops=1)
  Buffers: shared hit=1072
  ->  Sort  (cost=9077.47..9162.90 rows=34175 width=13) (actual rows=50038 loops=1)
        Sort Key: follow.follower, f3.num
        Sort Method: quicksort  Memory: 3711kB
        Buffers: shared hit=1072
        ->  Hash Join  (cost=4707.51..6503.98 rows=34175 width=13) (actual rows=50038 loops=1)
              Hash Cond: ((follow.follower)::text = (f3.followee)::text)
              Buffers: shared hit=1072
              ->  Seq Scan on follow  (cost=0.00..1533.96 rows=99996 width=5) (actual rows=99996 loops=1)
                    Buffers: shared hit=534
              ->  Hash  (cost=4495.52..4495.52 rows=16959 width=12) (actual rows=25021 loops=1)
                    Buckets: 32768  Batches: 1  Memory Usage: 1371kB
                    Buffers: shared hit=538
                    ->  Subquery Scan on f3  (cost=0.42..4495.52 rows=16959 width=12) (actual rows=25021 loops=1)
                          Buffers: shared hit=538
                          ->  GroupAggregate  (cost=0.42..4325.93 rows=16959 width=12) (actual rows=25021 loops=1)
                                Group Key: follow_1.followee
                                Buffers: shared hit=538
                                ->  Index Only Scan using follow_pkey on follow follow_1  (cost=0.42..3656.36 rows=99996 width=9) (actual rows=99996 loops=1)
                                      Heap Fetches: 0
                                      Buffers: shared hit=538
Planning Time: 0.169 ms
Execution Time: 185.574 ms",182.678,9333.78,25020,"Unique  (cost=9077.47..9333.78 rows=34175 width=13) (actual rows=25020 loops=1)
  Buffers: shared hit=1072
  ->  Sort  (cost=9077.47..9162.90 rows=34175 width=13) (actual rows=50038 loops=1)
        Sort Key: follow.follower, f3.num
        Sort Method: quicksort  Memory: 3711kB
        Buffers: shared hit=1072
        ->  Hash Join  (cost=4707.51..6503.98 rows=34175 width=13) (actual rows=50038 loops=1)
              Hash Cond: ((follow.follower)::text = (f3.followee)::text)
              Buffers: shared hit=1072
              ->  Seq Scan on follow  (cost=0.00..1533.96 rows=99996 width=5) (actual rows=99996 loops=1)
                    Buffers: shared hit=534
              ->  Hash  (cost=4495.52..4495.52 rows=16959 width=12) (actual rows=25021 loops=1)
                    Buckets: 32768  Batches: 1  Memory Usage: 1371kB
                    Buffers: shared hit=538
                    ->  Subquery Scan on f3  (cost=0.42..4495.52 rows=16959 width=12) (actual rows=25021 loops=1)
                          Buffers: shared hit=538
                          ->  GroupAggregate  (cost=0.42..4325.93 rows=16959 width=12) (actual rows=25021 loops=1)
                                Group Key: follow_1.followee
                                Buffers: shared hit=538
                                ->  Index Only Scan using follow_pkey on follow follow_1  (cost=0.42..3656.36 rows=99996 width=9) (actual rows=99996 loops=1)
                                      Heap Fetches: 0
                                      Buffers: shared hit=538
Planning Time: 0.184 ms
Execution Time: 182.678 ms",182.772,9333.78,25020,"Unique  (cost=9077.47..9333.78 rows=34175 width=13) (actual rows=25020 loops=1)
  Buffers: shared hit=1072
  ->  Sort  (cost=9077.47..9162.90 rows=34175 width=13) (actual rows=50038 loops=1)
        Sort Key: follow.follower, f3.num
        Sort Method: quicksort  Memory: 3711kB
        Buffers: shared hit=1072
        ->  Hash Join  (cost=4707.51..6503.98 rows=34175 width=13) (actual rows=50038 loops=1)
              Hash Cond: ((follow.follower)::text = (f3.followee)::text)
              Buffers: shared hit=1072
              ->  Seq Scan on follow  (cost=0.00..1533.96 rows=99996 width=5) (actual rows=99996 loops=1)
                    Buffers: shared hit=534
              ->  Hash  (cost=4495.52..4495.52 rows=16959 width=12) (actual rows=25021 loops=1)
                    Buckets: 32768  Batches: 1  Memory Usage: 1371kB
                    Buffers: shared hit=538
                    ->  Subquery Scan on f3  (cost=0.42..4495.52 rows=16959 width=12) (actual rows=25021 loops=1)
                          Buffers: shared hit=538
                          ->  GroupAggregate  (cost=0.42..4325.93 rows=16959 width=12) (actual rows=25021 loops=1)
                                Group Key: follow_1.followee
                                Buffers: shared hit=538
                                ->  Index Only Scan using follow_pkey on follow follow_1  (cost=0.42..3656.36 rows=99996 width=9) (actual rows=99996 loops=1)
                                      Heap Fetches: 0
                                      Buffers: shared hit=538
Planning Time: 0.174 ms
Execution Time: 182.772 ms",182.388,9333.78,25020,"Unique  (cost=9077.47..9333.78 rows=34175 width=13) (actual rows=25020 loops=1)
  Buffers: shared hit=1072
  ->  Sort  (cost=9077.47..9162.90 rows=34175 width=13) (actual rows=50038 loops=1)
        Sort Key: follow.follower, f3.num
        Sort Method: quicksort  Memory: 3711kB
        Buffers: shared hit=1072
        ->  Hash Join  (cost=4707.51..6503.98 rows=34175 width=13) (actual rows=50038 loops=1)
              Hash Cond: ((follow.follower)::text = (f3.followee)::text)
              Buffers: shared hit=1072
              ->  Seq Scan on follow  (cost=0.00..1533.96 rows=99996 width=5) (actual rows=99996 loops=1)
                    Buffers: shared hit=534
              ->  Hash  (cost=4495.52..4495.52 rows=16959 width=12) (actual rows=25021 loops=1)
                    Buckets: 32768  Batches: 1  Memory Usage: 1371kB
                    Buffers: shared hit=538
                    ->  Subquery Scan on f3  (cost=0.42..4495.52 rows=16959 width=12) (actual rows=25021 loops=1)
                          Buffers: shared hit=538
                          ->  GroupAggregate  (cost=0.42..4325.93 rows=16959 width=12) (actual rows=25021 loops=1)
                                Group Key: follow_1.followee
                                Buffers: shared hit=538
                                ->  Index Only Scan using follow_pkey on follow follow_1  (cost=0.42..3656.36 rows=99996 width=9) (actual rows=99996 loops=1)
                                      Heap Fetches: 0
                                      Buffers: shared hit=538
Planning Time: 0.215 ms
Execution Time: 182.388 ms",181.3432,182.678,184.173,186.6948,9333.78,9333.78,25020,25020,25020,25020,normal,not normal,21.86079320000001,14.807416499999979,equal variances,significant,0.003968253968253968,-98.1422,-98.37599999999999,-4439.580000000001,0,True
390,614,220,Medium,"select t_cte_10.c_follower0 as follower, count(f2.follower) as num from (select f.follower as c_follower0 from schema_614.follow as f group by f.follower) as t_cte_10 inner join schema_614.follow as f2 on t_cte_10.c_follower0 = f2.followee group by t_cte_10.c_follower0",104.09,6658.12,25020,"HashAggregate  (cost=6656.12..6658.12 rows=200 width=13) (actual rows=25020 loops=1)
  Group Key: f.follower
  Batches: 1  Memory Usage: 2849kB
  Buffers: shared hit=1068, temp read=8 written=31
  ->  Hash Join  (cost=3396.67..5193.18 rows=292588 width=10) (actual rows=99704 loops=1)
        Hash Cond: ((f2.followee)::text = (f.follower)::text)
        Buffers: shared hit=1068, temp read=8 written=31
        ->  Seq Scan on follow f2  (cost=0.00..1533.96 rows=99996 width=9) (actual rows=99996 loops=1)
              Buffers: shared hit=534
        ->  Hash  (cost=2776.39..2776.39 rows=49622 width=5) (actual rows=49999 loops=1)
              Buckets: 65536  Batches: 1  Memory Usage: 2357kB
              Buffers: shared hit=534, temp read=8 written=31
              ->  HashAggregate  (cost=1783.95..2280.17 rows=49622 width=5) (actual rows=49999 loops=1)
                    Group Key: f.follower
                    Batches: 5  Memory Usage: 4145kB  Disk Usage: 208kB
                    Buffers: shared hit=534, temp read=8 written=31
                    ->  Seq Scan on follow f  (cost=0.00..1533.96 rows=99996 width=5) (actual rows=99996 loops=1)
                          Buffers: shared hit=534
Planning Time: 0.113 ms
Execution Time: 104.090 ms",112.721,6658.12,25020,"HashAggregate  (cost=6656.12..6658.12 rows=200 width=13) (actual rows=25020 loops=1)
  Group Key: f.follower
  Batches: 1  Memory Usage: 2849kB
  Buffers: shared hit=1068, temp read=8 written=31
  ->  Hash Join  (cost=3396.67..5193.18 rows=292588 width=10) (actual rows=99704 loops=1)
        Hash Cond: ((f2.followee)::text = (f.follower)::text)
        Buffers: shared hit=1068, temp read=8 written=31
        ->  Seq Scan on follow f2  (cost=0.00..1533.96 rows=99996 width=9) (actual rows=99996 loops=1)
              Buffers: shared hit=534
        ->  Hash  (cost=2776.39..2776.39 rows=49622 width=5) (actual rows=49999 loops=1)
              Buckets: 65536  Batches: 1  Memory Usage: 2357kB
              Buffers: shared hit=534, temp read=8 written=31
              ->  HashAggregate  (cost=1783.95..2280.17 rows=49622 width=5) (actual rows=49999 loops=1)
                    Group Key: f.follower
                    Batches: 5  Memory Usage: 4145kB  Disk Usage: 208kB
                    Buffers: shared hit=534, temp read=8 written=31
                    ->  Seq Scan on follow f  (cost=0.00..1533.96 rows=99996 width=5) (actual rows=99996 loops=1)
                          Buffers: shared hit=534
Planning Time: 0.181 ms
Execution Time: 112.721 ms",108.901,6658.12,25020,"HashAggregate  (cost=6656.12..6658.12 rows=200 width=13) (actual rows=25020 loops=1)
  Group Key: f.follower
  Batches: 1  Memory Usage: 2849kB
  Buffers: shared hit=1068, temp read=8 written=31
  ->  Hash Join  (cost=3396.67..5193.18 rows=292588 width=10) (actual rows=99704 loops=1)
        Hash Cond: ((f2.followee)::text = (f.follower)::text)
        Buffers: shared hit=1068, temp read=8 written=31
        ->  Seq Scan on follow f2  (cost=0.00..1533.96 rows=99996 width=9) (actual rows=99996 loops=1)
              Buffers: shared hit=534
        ->  Hash  (cost=2776.39..2776.39 rows=49622 width=5) (actual rows=49999 loops=1)
              Buckets: 65536  Batches: 1  Memory Usage: 2357kB
              Buffers: shared hit=534, temp read=8 written=31
              ->  HashAggregate  (cost=1783.95..2280.17 rows=49622 width=5) (actual rows=49999 loops=1)
                    Group Key: f.follower
                    Batches: 5  Memory Usage: 4145kB  Disk Usage: 208kB
                    Buffers: shared hit=534, temp read=8 written=31
                    ->  Seq Scan on follow f  (cost=0.00..1533.96 rows=99996 width=5) (actual rows=99996 loops=1)
                          Buffers: shared hit=534
Planning Time: 0.147 ms
Execution Time: 108.901 ms",113.116,6658.12,25020,"HashAggregate  (cost=6656.12..6658.12 rows=200 width=13) (actual rows=25020 loops=1)
  Group Key: f.follower
  Batches: 1  Memory Usage: 2849kB
  Buffers: shared hit=1068, temp read=8 written=31
  ->  Hash Join  (cost=3396.67..5193.18 rows=292588 width=10) (actual rows=99704 loops=1)
        Hash Cond: ((f2.followee)::text = (f.follower)::text)
        Buffers: shared hit=1068, temp read=8 written=31
        ->  Seq Scan on follow f2  (cost=0.00..1533.96 rows=99996 width=9) (actual rows=99996 loops=1)
              Buffers: shared hit=534
        ->  Hash  (cost=2776.39..2776.39 rows=49622 width=5) (actual rows=49999 loops=1)
              Buckets: 65536  Batches: 1  Memory Usage: 2357kB
              Buffers: shared hit=534, temp read=8 written=31
              ->  HashAggregate  (cost=1783.95..2280.17 rows=49622 width=5) (actual rows=49999 loops=1)
                    Group Key: f.follower
                    Batches: 5  Memory Usage: 4145kB  Disk Usage: 208kB
                    Buffers: shared hit=534, temp read=8 written=31
                    ->  Seq Scan on follow f  (cost=0.00..1533.96 rows=99996 width=5) (actual rows=99996 loops=1)
                          Buffers: shared hit=534
Planning Time: 0.164 ms
Execution Time: 113.116 ms",110.158,6658.12,25020,"HashAggregate  (cost=6656.12..6658.12 rows=200 width=13) (actual rows=25020 loops=1)
  Group Key: f.follower
  Batches: 1  Memory Usage: 2849kB
  Buffers: shared hit=1068, temp read=8 written=31
  ->  Hash Join  (cost=3396.67..5193.18 rows=292588 width=10) (actual rows=99704 loops=1)
        Hash Cond: ((f2.followee)::text = (f.follower)::text)
        Buffers: shared hit=1068, temp read=8 written=31
        ->  Seq Scan on follow f2  (cost=0.00..1533.96 rows=99996 width=9) (actual rows=99996 loops=1)
              Buffers: shared hit=534
        ->  Hash  (cost=2776.39..2776.39 rows=49622 width=5) (actual rows=49999 loops=1)
              Buckets: 65536  Batches: 1  Memory Usage: 2357kB
              Buffers: shared hit=534, temp read=8 written=31
              ->  HashAggregate  (cost=1783.95..2280.17 rows=49622 width=5) (actual rows=49999 loops=1)
                    Group Key: f.follower
                    Batches: 5  Memory Usage: 4145kB  Disk Usage: 208kB
                    Buffers: shared hit=534, temp read=8 written=31
                    ->  Seq Scan on follow f  (cost=0.00..1533.96 rows=99996 width=5) (actual rows=99996 loops=1)
                          Buffers: shared hit=534
Planning Time: 0.165 ms
Execution Time: 110.158 ms",109.7972,110.158,112.9185,113.274,6658.12,6658.12,25020,25020,25020,25020,614_220,390,614,220,Medium,"select f.follower, count(distinct f2.follower) as num from schema_614.follow as f join schema_614.follow as f2 on f.follower = f2.followee group by 1",353.645,18271.08,25020,"GroupAggregate  (cost=9893.60..18271.08 rows=49622 width=13) (actual rows=25020 loops=1)
  Group Key: f.follower
  Buffers: shared hit=1072, temp read=810 written=485
  ->  Merge Join  (cost=9893.60..16767.32 rows=201507 width=10) (actual rows=198860 loops=1)
        Merge Cond: ((f2.followee)::text = (f.follower)::text)
        Buffers: shared hit=1072, temp read=810 written=485
        ->  Index Only Scan using follow_pkey on follow f2  (cost=0.42..3656.36 rows=99996 width=9) (actual rows=99996 loops=1)
              Heap Fetches: 0
              Buffers: shared hit=538
        ->  Sort  (cost=9838.42..10088.41 rows=99996 width=5) (actual rows=248818 loops=1)
              Sort Key: f.follower
              Sort Method: external sort  Disk: 1936kB
              Buffers: shared hit=534, temp read=647 written=485
              ->  Seq Scan on follow f  (cost=0.00..1533.96 rows=99996 width=5) (actual rows=99996 loops=1)
                    Buffers: shared hit=534
Planning:
  Buffers: shared hit=8
Planning Time: 0.192 ms
Execution Time: 353.645 ms",360.301,18271.08,25020,"GroupAggregate  (cost=9893.60..18271.08 rows=49622 width=13) (actual rows=25020 loops=1)
  Group Key: f.follower
  Buffers: shared hit=1072, temp read=810 written=485
  ->  Merge Join  (cost=9893.60..16767.32 rows=201507 width=10) (actual rows=198860 loops=1)
        Merge Cond: ((f2.followee)::text = (f.follower)::text)
        Buffers: shared hit=1072, temp read=810 written=485
        ->  Index Only Scan using follow_pkey on follow f2  (cost=0.42..3656.36 rows=99996 width=9) (actual rows=99996 loops=1)
              Heap Fetches: 0
              Buffers: shared hit=538
        ->  Sort  (cost=9838.42..10088.41 rows=99996 width=5) (actual rows=248818 loops=1)
              Sort Key: f.follower
              Sort Method: external sort  Disk: 1936kB
              Buffers: shared hit=534, temp read=647 written=485
              ->  Seq Scan on follow f  (cost=0.00..1533.96 rows=99996 width=5) (actual rows=99996 loops=1)
                    Buffers: shared hit=534
Planning:
  Buffers: shared hit=8
Planning Time: 0.338 ms
Execution Time: 360.301 ms",360.033,18271.08,25020,"GroupAggregate  (cost=9893.60..18271.08 rows=49622 width=13) (actual rows=25020 loops=1)
  Group Key: f.follower
  Buffers: shared hit=1072, temp read=810 written=485
  ->  Merge Join  (cost=9893.60..16767.32 rows=201507 width=10) (actual rows=198860 loops=1)
        Merge Cond: ((f2.followee)::text = (f.follower)::text)
        Buffers: shared hit=1072, temp read=810 written=485
        ->  Index Only Scan using follow_pkey on follow f2  (cost=0.42..3656.36 rows=99996 width=9) (actual rows=99996 loops=1)
              Heap Fetches: 0
              Buffers: shared hit=538
        ->  Sort  (cost=9838.42..10088.41 rows=99996 width=5) (actual rows=248818 loops=1)
              Sort Key: f.follower
              Sort Method: external sort  Disk: 1936kB
              Buffers: shared hit=534, temp read=647 written=485
              ->  Seq Scan on follow f  (cost=0.00..1533.96 rows=99996 width=5) (actual rows=99996 loops=1)
                    Buffers: shared hit=534
Planning:
  Buffers: shared hit=8
Planning Time: 0.349 ms
Execution Time: 360.033 ms",363.159,18271.08,25020,"GroupAggregate  (cost=9893.60..18271.08 rows=49622 width=13) (actual rows=25020 loops=1)
  Group Key: f.follower
  Buffers: shared hit=1072, temp read=810 written=485
  ->  Merge Join  (cost=9893.60..16767.32 rows=201507 width=10) (actual rows=198860 loops=1)
        Merge Cond: ((f2.followee)::text = (f.follower)::text)
        Buffers: shared hit=1072, temp read=810 written=485
        ->  Index Only Scan using follow_pkey on follow f2  (cost=0.42..3656.36 rows=99996 width=9) (actual rows=99996 loops=1)
              Heap Fetches: 0
              Buffers: shared hit=538
        ->  Sort  (cost=9838.42..10088.41 rows=99996 width=5) (actual rows=248818 loops=1)
              Sort Key: f.follower
              Sort Method: external sort  Disk: 1936kB
              Buffers: shared hit=534, temp read=647 written=485
              ->  Seq Scan on follow f  (cost=0.00..1533.96 rows=99996 width=5) (actual rows=99996 loops=1)
                    Buffers: shared hit=534
Planning:
  Buffers: shared hit=8
Planning Time: 0.314 ms
Execution Time: 363.159 ms",359.073,18271.08,25020,"GroupAggregate  (cost=9893.60..18271.08 rows=49622 width=13) (actual rows=25020 loops=1)
  Group Key: f.follower
  Buffers: shared hit=1072, temp read=810 written=485
  ->  Merge Join  (cost=9893.60..16767.32 rows=201507 width=10) (actual rows=198860 loops=1)
        Merge Cond: ((f2.followee)::text = (f.follower)::text)
        Buffers: shared hit=1072, temp read=810 written=485
        ->  Index Only Scan using follow_pkey on follow f2  (cost=0.42..3656.36 rows=99996 width=9) (actual rows=99996 loops=1)
              Heap Fetches: 0
              Buffers: shared hit=538
        ->  Sort  (cost=9838.42..10088.41 rows=99996 width=5) (actual rows=248818 loops=1)
              Sort Key: f.follower
              Sort Method: external sort  Disk: 1936kB
              Buffers: shared hit=534, temp read=647 written=485
              ->  Seq Scan on follow f  (cost=0.00..1533.96 rows=99996 width=5) (actual rows=99996 loops=1)
                    Buffers: shared hit=534
Planning:
  Buffers: shared hit=8
Planning Time: 0.356 ms
Execution Time: 359.073 ms",359.2422,360.033,361.73,364.3022,18271.08,18271.08,25020,25020,25020,25020,normal,normal,12.111255200000034,13.267130699999997,equal variances,significant,0.003968253968253968,-249.44500000000002,-249.875,-11612.960000000003,0,True
391,614,222,Medium,"select t_cte_1.c_follower0 as follower, count(f1.follower) as num from schema_614.follow as f1 inner join (select f.follower as c_follower0 from schema_614.follow as f group by f.follower) as t_cte_1 on t_cte_1.c_follower0 = f1.followee group by t_cte_1.c_follower0",99.157,6658.12,25020,"HashAggregate  (cost=6656.12..6658.12 rows=200 width=13) (actual rows=25020 loops=1)
  Group Key: f.follower
  Batches: 1  Memory Usage: 2849kB
  Buffers: shared hit=1068, temp read=8 written=31
  ->  Hash Join  (cost=3396.67..5193.18 rows=292588 width=10) (actual rows=99704 loops=1)
        Hash Cond: ((f1.followee)::text = (f.follower)::text)
        Buffers: shared hit=1068, temp read=8 written=31
        ->  Seq Scan on follow f1  (cost=0.00..1533.96 rows=99996 width=9) (actual rows=99996 loops=1)
              Buffers: shared hit=534
        ->  Hash  (cost=2776.39..2776.39 rows=49622 width=5) (actual rows=49999 loops=1)
              Buckets: 65536  Batches: 1  Memory Usage: 2357kB
              Buffers: shared hit=534, temp read=8 written=31
              ->  HashAggregate  (cost=1783.95..2280.17 rows=49622 width=5) (actual rows=49999 loops=1)
                    Group Key: f.follower
                    Batches: 5  Memory Usage: 4145kB  Disk Usage: 208kB
                    Buffers: shared hit=534, temp read=8 written=31
                    ->  Seq Scan on follow f  (cost=0.00..1533.96 rows=99996 width=5) (actual rows=99996 loops=1)
                          Buffers: shared hit=534
Planning Time: 0.148 ms
Execution Time: 99.157 ms",109.596,6658.12,25020,"HashAggregate  (cost=6656.12..6658.12 rows=200 width=13) (actual rows=25020 loops=1)
  Group Key: f.follower
  Batches: 1  Memory Usage: 2849kB
  Buffers: shared hit=1068, temp read=8 written=31
  ->  Hash Join  (cost=3396.67..5193.18 rows=292588 width=10) (actual rows=99704 loops=1)
        Hash Cond: ((f1.followee)::text = (f.follower)::text)
        Buffers: shared hit=1068, temp read=8 written=31
        ->  Seq Scan on follow f1  (cost=0.00..1533.96 rows=99996 width=9) (actual rows=99996 loops=1)
              Buffers: shared hit=534
        ->  Hash  (cost=2776.39..2776.39 rows=49622 width=5) (actual rows=49999 loops=1)
              Buckets: 65536  Batches: 1  Memory Usage: 2357kB
              Buffers: shared hit=534, temp read=8 written=31
              ->  HashAggregate  (cost=1783.95..2280.17 rows=49622 width=5) (actual rows=49999 loops=1)
                    Group Key: f.follower
                    Batches: 5  Memory Usage: 4145kB  Disk Usage: 208kB
                    Buffers: shared hit=534, temp read=8 written=31
                    ->  Seq Scan on follow f  (cost=0.00..1533.96 rows=99996 width=5) (actual rows=99996 loops=1)
                          Buffers: shared hit=534
Planning Time: 0.247 ms
Execution Time: 109.596 ms",108.116,6658.12,25020,"HashAggregate  (cost=6656.12..6658.12 rows=200 width=13) (actual rows=25020 loops=1)
  Group Key: f.follower
  Batches: 1  Memory Usage: 2849kB
  Buffers: shared hit=1068, temp read=8 written=31
  ->  Hash Join  (cost=3396.67..5193.18 rows=292588 width=10) (actual rows=99704 loops=1)
        Hash Cond: ((f1.followee)::text = (f.follower)::text)
        Buffers: shared hit=1068, temp read=8 written=31
        ->  Seq Scan on follow f1  (cost=0.00..1533.96 rows=99996 width=9) (actual rows=99996 loops=1)
              Buffers: shared hit=534
        ->  Hash  (cost=2776.39..2776.39 rows=49622 width=5) (actual rows=49999 loops=1)
              Buckets: 65536  Batches: 1  Memory Usage: 2357kB
              Buffers: shared hit=534, temp read=8 written=31
              ->  HashAggregate  (cost=1783.95..2280.17 rows=49622 width=5) (actual rows=49999 loops=1)
                    Group Key: f.follower
                    Batches: 5  Memory Usage: 4145kB  Disk Usage: 208kB
                    Buffers: shared hit=534, temp read=8 written=31
                    ->  Seq Scan on follow f  (cost=0.00..1533.96 rows=99996 width=5) (actual rows=99996 loops=1)
                          Buffers: shared hit=534
Planning Time: 0.237 ms
Execution Time: 108.116 ms",107.253,6658.12,25020,"HashAggregate  (cost=6656.12..6658.12 rows=200 width=13) (actual rows=25020 loops=1)
  Group Key: f.follower
  Batches: 1  Memory Usage: 2849kB
  Buffers: shared hit=1068, temp read=8 written=31
  ->  Hash Join  (cost=3396.67..5193.18 rows=292588 width=10) (actual rows=99704 loops=1)
        Hash Cond: ((f1.followee)::text = (f.follower)::text)
        Buffers: shared hit=1068, temp read=8 written=31
        ->  Seq Scan on follow f1  (cost=0.00..1533.96 rows=99996 width=9) (actual rows=99996 loops=1)
              Buffers: shared hit=534
        ->  Hash  (cost=2776.39..2776.39 rows=49622 width=5) (actual rows=49999 loops=1)
              Buckets: 65536  Batches: 1  Memory Usage: 2357kB
              Buffers: shared hit=534, temp read=8 written=31
              ->  HashAggregate  (cost=1783.95..2280.17 rows=49622 width=5) (actual rows=49999 loops=1)
                    Group Key: f.follower
                    Batches: 5  Memory Usage: 4145kB  Disk Usage: 208kB
                    Buffers: shared hit=534, temp read=8 written=31
                    ->  Seq Scan on follow f  (cost=0.00..1533.96 rows=99996 width=5) (actual rows=99996 loops=1)
                          Buffers: shared hit=534
Planning Time: 0.284 ms
Execution Time: 107.253 ms",108.413,6658.12,25020,"HashAggregate  (cost=6656.12..6658.12 rows=200 width=13) (actual rows=25020 loops=1)
  Group Key: f.follower
  Batches: 1  Memory Usage: 2849kB
  Buffers: shared hit=1068, temp read=8 written=31
  ->  Hash Join  (cost=3396.67..5193.18 rows=292588 width=10) (actual rows=99704 loops=1)
        Hash Cond: ((f1.followee)::text = (f.follower)::text)
        Buffers: shared hit=1068, temp read=8 written=31
        ->  Seq Scan on follow f1  (cost=0.00..1533.96 rows=99996 width=9) (actual rows=99996 loops=1)
              Buffers: shared hit=534
        ->  Hash  (cost=2776.39..2776.39 rows=49622 width=5) (actual rows=49999 loops=1)
              Buckets: 65536  Batches: 1  Memory Usage: 2357kB
              Buffers: shared hit=534, temp read=8 written=31
              ->  HashAggregate  (cost=1783.95..2280.17 rows=49622 width=5) (actual rows=49999 loops=1)
                    Group Key: f.follower
                    Batches: 5  Memory Usage: 4145kB  Disk Usage: 208kB
                    Buffers: shared hit=534, temp read=8 written=31
                    ->  Seq Scan on follow f  (cost=0.00..1533.96 rows=99996 width=5) (actual rows=99996 loops=1)
                          Buffers: shared hit=534
Planning Time: 0.205 ms
Execution Time: 108.413 ms",106.507,108.116,109.0045,110.0692,6658.12,6658.12,25020,25020,25020,25020,614_222,391,614,222,Medium,"select f.follower, count(distinct f1.follower) as num from schema_614.follow as f join schema_614.follow as f1 on f.follower = f1.followee group by 1",363.161,18271.08,25020,"GroupAggregate  (cost=9893.60..18271.08 rows=49622 width=13) (actual rows=25020 loops=1)
  Group Key: f.follower
  Buffers: shared hit=1072, temp read=810 written=485
  ->  Merge Join  (cost=9893.60..16767.32 rows=201507 width=10) (actual rows=198860 loops=1)
        Merge Cond: ((f1.followee)::text = (f.follower)::text)
        Buffers: shared hit=1072, temp read=810 written=485
        ->  Index Only Scan using follow_pkey on follow f1  (cost=0.42..3656.36 rows=99996 width=9) (actual rows=99996 loops=1)
              Heap Fetches: 0
              Buffers: shared hit=538
        ->  Sort  (cost=9838.42..10088.41 rows=99996 width=5) (actual rows=248818 loops=1)
              Sort Key: f.follower
              Sort Method: external sort  Disk: 1936kB
              Buffers: shared hit=534, temp read=647 written=485
              ->  Seq Scan on follow f  (cost=0.00..1533.96 rows=99996 width=5) (actual rows=99996 loops=1)
                    Buffers: shared hit=534
Planning:
  Buffers: shared hit=8
Planning Time: 0.192 ms
Execution Time: 363.161 ms",361.817,18271.08,25020,"GroupAggregate  (cost=9893.60..18271.08 rows=49622 width=13) (actual rows=25020 loops=1)
  Group Key: f.follower
  Buffers: shared hit=1072, temp read=810 written=485
  ->  Merge Join  (cost=9893.60..16767.32 rows=201507 width=10) (actual rows=198860 loops=1)
        Merge Cond: ((f1.followee)::text = (f.follower)::text)
        Buffers: shared hit=1072, temp read=810 written=485
        ->  Index Only Scan using follow_pkey on follow f1  (cost=0.42..3656.36 rows=99996 width=9) (actual rows=99996 loops=1)
              Heap Fetches: 0
              Buffers: shared hit=538
        ->  Sort  (cost=9838.42..10088.41 rows=99996 width=5) (actual rows=248818 loops=1)
              Sort Key: f.follower
              Sort Method: external sort  Disk: 1936kB
              Buffers: shared hit=534, temp read=647 written=485
              ->  Seq Scan on follow f  (cost=0.00..1533.96 rows=99996 width=5) (actual rows=99996 loops=1)
                    Buffers: shared hit=534
Planning:
  Buffers: shared hit=8
Planning Time: 0.348 ms
Execution Time: 361.817 ms",364.118,18271.08,25020,"GroupAggregate  (cost=9893.60..18271.08 rows=49622 width=13) (actual rows=25020 loops=1)
  Group Key: f.follower
  Buffers: shared hit=1072, temp read=810 written=485
  ->  Merge Join  (cost=9893.60..16767.32 rows=201507 width=10) (actual rows=198860 loops=1)
        Merge Cond: ((f1.followee)::text = (f.follower)::text)
        Buffers: shared hit=1072, temp read=810 written=485
        ->  Index Only Scan using follow_pkey on follow f1  (cost=0.42..3656.36 rows=99996 width=9) (actual rows=99996 loops=1)
              Heap Fetches: 0
              Buffers: shared hit=538
        ->  Sort  (cost=9838.42..10088.41 rows=99996 width=5) (actual rows=248818 loops=1)
              Sort Key: f.follower
              Sort Method: external sort  Disk: 1936kB
              Buffers: shared hit=534, temp read=647 written=485
              ->  Seq Scan on follow f  (cost=0.00..1533.96 rows=99996 width=5) (actual rows=99996 loops=1)
                    Buffers: shared hit=534
Planning:
  Buffers: shared hit=8
Planning Time: 0.318 ms
Execution Time: 364.118 ms",358.931,18271.08,25020,"GroupAggregate  (cost=9893.60..18271.08 rows=49622 width=13) (actual rows=25020 loops=1)
  Group Key: f.follower
  Buffers: shared hit=1072, temp read=810 written=485
  ->  Merge Join  (cost=9893.60..16767.32 rows=201507 width=10) (actual rows=198860 loops=1)
        Merge Cond: ((f1.followee)::text = (f.follower)::text)
        Buffers: shared hit=1072, temp read=810 written=485
        ->  Index Only Scan using follow_pkey on follow f1  (cost=0.42..3656.36 rows=99996 width=9) (actual rows=99996 loops=1)
              Heap Fetches: 0
              Buffers: shared hit=538
        ->  Sort  (cost=9838.42..10088.41 rows=99996 width=5) (actual rows=248818 loops=1)
              Sort Key: f.follower
              Sort Method: external sort  Disk: 1936kB
              Buffers: shared hit=534, temp read=647 written=485
              ->  Seq Scan on follow f  (cost=0.00..1533.96 rows=99996 width=5) (actual rows=99996 loops=1)
                    Buffers: shared hit=534
Planning:
  Buffers: shared hit=8
Planning Time: 0.316 ms
Execution Time: 358.931 ms",363.95,18271.08,25020,"GroupAggregate  (cost=9893.60..18271.08 rows=49622 width=13) (actual rows=25020 loops=1)
  Group Key: f.follower
  Buffers: shared hit=1072, temp read=810 written=485
  ->  Merge Join  (cost=9893.60..16767.32 rows=201507 width=10) (actual rows=198860 loops=1)
        Merge Cond: ((f1.followee)::text = (f.follower)::text)
        Buffers: shared hit=1072, temp read=810 written=485
        ->  Index Only Scan using follow_pkey on follow f1  (cost=0.42..3656.36 rows=99996 width=9) (actual rows=99996 loops=1)
              Heap Fetches: 0
              Buffers: shared hit=538
        ->  Sort  (cost=9838.42..10088.41 rows=99996 width=5) (actual rows=248818 loops=1)
              Sort Key: f.follower
              Sort Method: external sort  Disk: 1936kB
              Buffers: shared hit=534, temp read=647 written=485
              ->  Seq Scan on follow f  (cost=0.00..1533.96 rows=99996 width=5) (actual rows=99996 loops=1)
                    Buffers: shared hit=534
Planning:
  Buffers: shared hit=8
Planning Time: 0.304 ms
Execution Time: 363.950 ms",362.3954,363.161,364.034,364.1852,18271.08,18271.08,25020,25020,25020,25020,normal,not normal,4.576722300000014,17.585663500000017,equal variances,significant,0.003968253968253968,-255.8884,-255.04500000000002,-11612.960000000003,0,True
392,614,225,Medium,"select distinct t_cte_13.c_followee0 as follower, t_cte_13.c_count0 as num from (select count(f1.follower) as c_count0, f1.followee as c_followee0 from schema_614.follow as f1 group by f1.followee) as t_cte_13 inner join schema_614.follow as f2 on t_cte_13.c_followee0 = f2.follower",75.502,4569.41,25020,"HashAggregate  (cost=4552.45..4569.41 rows=1696 width=12) (actual rows=25020 loops=1)
  Group Key: t_cte_13.c_followee0, t_cte_13.c_count0
  Batches: 1  Memory Usage: 2065kB
  Buffers: shared hit=1068
  ->  Hash Join  (cost=2585.11..4381.58 rows=34175 width=12) (actual rows=50038 loops=1)
        Hash Cond: ((f2.follower)::text = (t_cte_13.c_followee0)::text)
        Buffers: shared hit=1068
        ->  Seq Scan on follow f2  (cost=0.00..1533.96 rows=99996 width=5) (actual rows=99996 loops=1)
              Buffers: shared hit=534
        ->  Hash  (cost=2373.12..2373.12 rows=16959 width=12) (actual rows=25021 loops=1)
              Buckets: 32768  Batches: 1  Memory Usage: 1429kB
              Buffers: shared hit=534
              ->  Subquery Scan on t_cte_13  (cost=2033.94..2373.12 rows=16959 width=12) (actual rows=25021 loops=1)
                    Buffers: shared hit=534
                    ->  HashAggregate  (cost=2033.94..2203.53 rows=16959 width=12) (actual rows=25021 loops=1)
                          Group Key: f1.followee
                          Batches: 1  Memory Usage: 2833kB
                          Buffers: shared hit=534
                          ->  Seq Scan on follow f1  (cost=0.00..1533.96 rows=99996 width=9) (actual rows=99996 loops=1)
                                Buffers: shared hit=534
Planning Time: 0.113 ms
Execution Time: 75.502 ms",89.703,4569.41,25020,"HashAggregate  (cost=4552.45..4569.41 rows=1696 width=12) (actual rows=25020 loops=1)
  Group Key: t_cte_13.c_followee0, t_cte_13.c_count0
  Batches: 1  Memory Usage: 2065kB
  Buffers: shared hit=1068
  ->  Hash Join  (cost=2585.11..4381.58 rows=34175 width=12) (actual rows=50038 loops=1)
        Hash Cond: ((f2.follower)::text = (t_cte_13.c_followee0)::text)
        Buffers: shared hit=1068
        ->  Seq Scan on follow f2  (cost=0.00..1533.96 rows=99996 width=5) (actual rows=99996 loops=1)
              Buffers: shared hit=534
        ->  Hash  (cost=2373.12..2373.12 rows=16959 width=12) (actual rows=25021 loops=1)
              Buckets: 32768  Batches: 1  Memory Usage: 1429kB
              Buffers: shared hit=534
              ->  Subquery Scan on t_cte_13  (cost=2033.94..2373.12 rows=16959 width=12) (actual rows=25021 loops=1)
                    Buffers: shared hit=534
                    ->  HashAggregate  (cost=2033.94..2203.53 rows=16959 width=12) (actual rows=25021 loops=1)
                          Group Key: f1.followee
                          Batches: 1  Memory Usage: 2833kB
                          Buffers: shared hit=534
                          ->  Seq Scan on follow f1  (cost=0.00..1533.96 rows=99996 width=9) (actual rows=99996 loops=1)
                                Buffers: shared hit=534
Planning Time: 0.157 ms
Execution Time: 89.703 ms",87.109,4569.41,25020,"HashAggregate  (cost=4552.45..4569.41 rows=1696 width=12) (actual rows=25020 loops=1)
  Group Key: t_cte_13.c_followee0, t_cte_13.c_count0
  Batches: 1  Memory Usage: 2065kB
  Buffers: shared hit=1068
  ->  Hash Join  (cost=2585.11..4381.58 rows=34175 width=12) (actual rows=50038 loops=1)
        Hash Cond: ((f2.follower)::text = (t_cte_13.c_followee0)::text)
        Buffers: shared hit=1068
        ->  Seq Scan on follow f2  (cost=0.00..1533.96 rows=99996 width=5) (actual rows=99996 loops=1)
              Buffers: shared hit=534
        ->  Hash  (cost=2373.12..2373.12 rows=16959 width=12) (actual rows=25021 loops=1)
              Buckets: 32768  Batches: 1  Memory Usage: 1429kB
              Buffers: shared hit=534
              ->  Subquery Scan on t_cte_13  (cost=2033.94..2373.12 rows=16959 width=12) (actual rows=25021 loops=1)
                    Buffers: shared hit=534
                    ->  HashAggregate  (cost=2033.94..2203.53 rows=16959 width=12) (actual rows=25021 loops=1)
                          Group Key: f1.followee
                          Batches: 1  Memory Usage: 2833kB
                          Buffers: shared hit=534
                          ->  Seq Scan on follow f1  (cost=0.00..1533.96 rows=99996 width=9) (actual rows=99996 loops=1)
                                Buffers: shared hit=534
Planning Time: 0.180 ms
Execution Time: 87.109 ms",85.197,4569.41,25020,"HashAggregate  (cost=4552.45..4569.41 rows=1696 width=12) (actual rows=25020 loops=1)
  Group Key: t_cte_13.c_followee0, t_cte_13.c_count0
  Batches: 1  Memory Usage: 2065kB
  Buffers: shared hit=1068
  ->  Hash Join  (cost=2585.11..4381.58 rows=34175 width=12) (actual rows=50038 loops=1)
        Hash Cond: ((f2.follower)::text = (t_cte_13.c_followee0)::text)
        Buffers: shared hit=1068
        ->  Seq Scan on follow f2  (cost=0.00..1533.96 rows=99996 width=5) (actual rows=99996 loops=1)
              Buffers: shared hit=534
        ->  Hash  (cost=2373.12..2373.12 rows=16959 width=12) (actual rows=25021 loops=1)
              Buckets: 32768  Batches: 1  Memory Usage: 1429kB
              Buffers: shared hit=534
              ->  Subquery Scan on t_cte_13  (cost=2033.94..2373.12 rows=16959 width=12) (actual rows=25021 loops=1)
                    Buffers: shared hit=534
                    ->  HashAggregate  (cost=2033.94..2203.53 rows=16959 width=12) (actual rows=25021 loops=1)
                          Group Key: f1.followee
                          Batches: 1  Memory Usage: 2833kB
                          Buffers: shared hit=534
                          ->  Seq Scan on follow f1  (cost=0.00..1533.96 rows=99996 width=9) (actual rows=99996 loops=1)
                                Buffers: shared hit=534
Planning Time: 0.204 ms
Execution Time: 85.197 ms",95.533,4569.41,25020,"HashAggregate  (cost=4552.45..4569.41 rows=1696 width=12) (actual rows=25020 loops=1)
  Group Key: t_cte_13.c_followee0, t_cte_13.c_count0
  Batches: 1  Memory Usage: 2065kB
  Buffers: shared hit=1068
  ->  Hash Join  (cost=2585.11..4381.58 rows=34175 width=12) (actual rows=50038 loops=1)
        Hash Cond: ((f2.follower)::text = (t_cte_13.c_followee0)::text)
        Buffers: shared hit=1068
        ->  Seq Scan on follow f2  (cost=0.00..1533.96 rows=99996 width=5) (actual rows=99996 loops=1)
              Buffers: shared hit=534
        ->  Hash  (cost=2373.12..2373.12 rows=16959 width=12) (actual rows=25021 loops=1)
              Buckets: 32768  Batches: 1  Memory Usage: 1429kB
              Buffers: shared hit=534
              ->  Subquery Scan on t_cte_13  (cost=2033.94..2373.12 rows=16959 width=12) (actual rows=25021 loops=1)
                    Buffers: shared hit=534
                    ->  HashAggregate  (cost=2033.94..2203.53 rows=16959 width=12) (actual rows=25021 loops=1)
                          Group Key: f1.followee
                          Batches: 1  Memory Usage: 2833kB
                          Buffers: shared hit=534
                          ->  Seq Scan on follow f1  (cost=0.00..1533.96 rows=99996 width=9) (actual rows=99996 loops=1)
                                Buffers: shared hit=534
Planning Time: 0.186 ms
Execution Time: 95.533 ms",86.6088,87.109,92.618,97.865,4569.41,4569.41,25020,25020,25020,25020,614_225,392,614,225,Medium,"select f1.followee as follower, count(distinct f1.follower) as num from schema_614.follow as f1 join schema_614.follow as f2 on f1.followee = f2.follower group by f1.followee",353.228,17944.45,25020,"GroupAggregate  (cost=9893.60..17944.45 rows=16959 width=12) (actual rows=25020 loops=1)
  Group Key: f1.followee
  Buffers: shared hit=1072, temp read=810 written=485
  ->  Merge Join  (cost=9893.60..16767.32 rows=201507 width=9) (actual rows=198860 loops=1)
        Merge Cond: ((f1.followee)::text = (f2.follower)::text)
        Buffers: shared hit=1072, temp read=810 written=485
        ->  Index Only Scan using follow_pkey on follow f1  (cost=0.42..3656.36 rows=99996 width=9) (actual rows=99996 loops=1)
              Heap Fetches: 0
              Buffers: shared hit=538
        ->  Sort  (cost=9838.42..10088.41 rows=99996 width=5) (actual rows=248818 loops=1)
              Sort Key: f2.follower
              Sort Method: external sort  Disk: 1936kB
              Buffers: shared hit=534, temp read=647 written=485
              ->  Seq Scan on follow f2  (cost=0.00..1533.96 rows=99996 width=5) (actual rows=99996 loops=1)
                    Buffers: shared hit=534
Planning:
  Buffers: shared hit=8
Planning Time: 0.191 ms
Execution Time: 353.228 ms",361.01,17944.45,25020,"GroupAggregate  (cost=9893.60..17944.45 rows=16959 width=12) (actual rows=25020 loops=1)
  Group Key: f1.followee
  Buffers: shared hit=1072, temp read=810 written=485
  ->  Merge Join  (cost=9893.60..16767.32 rows=201507 width=9) (actual rows=198860 loops=1)
        Merge Cond: ((f1.followee)::text = (f2.follower)::text)
        Buffers: shared hit=1072, temp read=810 written=485
        ->  Index Only Scan using follow_pkey on follow f1  (cost=0.42..3656.36 rows=99996 width=9) (actual rows=99996 loops=1)
              Heap Fetches: 0
              Buffers: shared hit=538
        ->  Sort  (cost=9838.42..10088.41 rows=99996 width=5) (actual rows=248818 loops=1)
              Sort Key: f2.follower
              Sort Method: external sort  Disk: 1936kB
              Buffers: shared hit=534, temp read=647 written=485
              ->  Seq Scan on follow f2  (cost=0.00..1533.96 rows=99996 width=5) (actual rows=99996 loops=1)
                    Buffers: shared hit=534
Planning:
  Buffers: shared hit=8
Planning Time: 0.315 ms
Execution Time: 361.010 ms",359.371,17944.45,25020,"GroupAggregate  (cost=9893.60..17944.45 rows=16959 width=12) (actual rows=25020 loops=1)
  Group Key: f1.followee
  Buffers: shared hit=1072, temp read=810 written=485
  ->  Merge Join  (cost=9893.60..16767.32 rows=201507 width=9) (actual rows=198860 loops=1)
        Merge Cond: ((f1.followee)::text = (f2.follower)::text)
        Buffers: shared hit=1072, temp read=810 written=485
        ->  Index Only Scan using follow_pkey on follow f1  (cost=0.42..3656.36 rows=99996 width=9) (actual rows=99996 loops=1)
              Heap Fetches: 0
              Buffers: shared hit=538
        ->  Sort  (cost=9838.42..10088.41 rows=99996 width=5) (actual rows=248818 loops=1)
              Sort Key: f2.follower
              Sort Method: external sort  Disk: 1936kB
              Buffers: shared hit=534, temp read=647 written=485
              ->  Seq Scan on follow f2  (cost=0.00..1533.96 rows=99996 width=5) (actual rows=99996 loops=1)
                    Buffers: shared hit=534
Planning:
  Buffers: shared hit=8
Planning Time: 0.342 ms
Execution Time: 359.371 ms",359.992,17944.45,25020,"GroupAggregate  (cost=9893.60..17944.45 rows=16959 width=12) (actual rows=25020 loops=1)
  Group Key: f1.followee
  Buffers: shared hit=1072, temp read=810 written=485
  ->  Merge Join  (cost=9893.60..16767.32 rows=201507 width=9) (actual rows=198860 loops=1)
        Merge Cond: ((f1.followee)::text = (f2.follower)::text)
        Buffers: shared hit=1072, temp read=810 written=485
        ->  Index Only Scan using follow_pkey on follow f1  (cost=0.42..3656.36 rows=99996 width=9) (actual rows=99996 loops=1)
              Heap Fetches: 0
              Buffers: shared hit=538
        ->  Sort  (cost=9838.42..10088.41 rows=99996 width=5) (actual rows=248818 loops=1)
              Sort Key: f2.follower
              Sort Method: external sort  Disk: 1936kB
              Buffers: shared hit=534, temp read=647 written=485
              ->  Seq Scan on follow f2  (cost=0.00..1533.96 rows=99996 width=5) (actual rows=99996 loops=1)
                    Buffers: shared hit=534
Planning:
  Buffers: shared hit=8
Planning Time: 0.346 ms
Execution Time: 359.992 ms",359.541,17944.45,25020,"GroupAggregate  (cost=9893.60..17944.45 rows=16959 width=12) (actual rows=25020 loops=1)
  Group Key: f1.followee
  Buffers: shared hit=1072, temp read=810 written=485
  ->  Merge Join  (cost=9893.60..16767.32 rows=201507 width=9) (actual rows=198860 loops=1)
        Merge Cond: ((f1.followee)::text = (f2.follower)::text)
        Buffers: shared hit=1072, temp read=810 written=485
        ->  Index Only Scan using follow_pkey on follow f1  (cost=0.42..3656.36 rows=99996 width=9) (actual rows=99996 loops=1)
              Heap Fetches: 0
              Buffers: shared hit=538
        ->  Sort  (cost=9838.42..10088.41 rows=99996 width=5) (actual rows=248818 loops=1)
              Sort Key: f2.follower
              Sort Method: external sort  Disk: 1936kB
              Buffers: shared hit=534, temp read=647 written=485
              ->  Seq Scan on follow f2  (cost=0.00..1533.96 rows=99996 width=5) (actual rows=99996 loops=1)
                    Buffers: shared hit=534
Planning:
  Buffers: shared hit=8
Planning Time: 0.249 ms
Execution Time: 359.541 ms",358.6284,359.541,360.501,361.4172,17944.45,17944.45,25020,25020,25020,25020,not normal,normal,9.52000929999997,53.704951200000025,equal variances,significant,0.003968253968253968,-272.01959999999997,-272.432,-13375.04,0,True
393,614,228,Medium,"select distinct t_cte_0.c_followee0 as follower, t_cte_0.c_count0 as num from (select t_follow_1.follower as c_follower0 from schema_614.follow as t_follow_1) as f2 inner join (select count(t_follow_0.follower) as c_count0, t_follow_0.followee as c_followee0 from schema_614.follow as t_follow_0 group by t_follow_0.followee) as t_cte_0 on t_cte_0.c_followee0 = f2.c_follower0",91.59,4569.41,25020,"HashAggregate  (cost=4552.45..4569.41 rows=1696 width=12) (actual rows=25020 loops=1)
  Group Key: t_cte_0.c_followee0, t_cte_0.c_count0
  Batches: 1  Memory Usage: 2065kB
  Buffers: shared hit=1068
  ->  Hash Join  (cost=2585.11..4381.58 rows=34175 width=12) (actual rows=50038 loops=1)
        Hash Cond: ((t_follow_1.follower)::text = (t_cte_0.c_followee0)::text)
        Buffers: shared hit=1068
        ->  Seq Scan on follow t_follow_1  (cost=0.00..1533.96 rows=99996 width=5) (actual rows=99996 loops=1)
              Buffers: shared hit=534
        ->  Hash  (cost=2373.12..2373.12 rows=16959 width=12) (actual rows=25021 loops=1)
              Buckets: 32768  Batches: 1  Memory Usage: 1429kB
              Buffers: shared hit=534
              ->  Subquery Scan on t_cte_0  (cost=2033.94..2373.12 rows=16959 width=12) (actual rows=25021 loops=1)
                    Buffers: shared hit=534
                    ->  HashAggregate  (cost=2033.94..2203.53 rows=16959 width=12) (actual rows=25021 loops=1)
                          Group Key: t_follow_0.followee
                          Batches: 1  Memory Usage: 2833kB
                          Buffers: shared hit=534
                          ->  Seq Scan on follow t_follow_0  (cost=0.00..1533.96 rows=99996 width=9) (actual rows=99996 loops=1)
                                Buffers: shared hit=534
Planning Time: 0.195 ms
Execution Time: 91.590 ms",86.902,4569.41,25020,"HashAggregate  (cost=4552.45..4569.41 rows=1696 width=12) (actual rows=25020 loops=1)
  Group Key: t_cte_0.c_followee0, t_cte_0.c_count0
  Batches: 1  Memory Usage: 2065kB
  Buffers: shared hit=1068
  ->  Hash Join  (cost=2585.11..4381.58 rows=34175 width=12) (actual rows=50038 loops=1)
        Hash Cond: ((t_follow_1.follower)::text = (t_cte_0.c_followee0)::text)
        Buffers: shared hit=1068
        ->  Seq Scan on follow t_follow_1  (cost=0.00..1533.96 rows=99996 width=5) (actual rows=99996 loops=1)
              Buffers: shared hit=534
        ->  Hash  (cost=2373.12..2373.12 rows=16959 width=12) (actual rows=25021 loops=1)
              Buckets: 32768  Batches: 1  Memory Usage: 1429kB
              Buffers: shared hit=534
              ->  Subquery Scan on t_cte_0  (cost=2033.94..2373.12 rows=16959 width=12) (actual rows=25021 loops=1)
                    Buffers: shared hit=534
                    ->  HashAggregate  (cost=2033.94..2203.53 rows=16959 width=12) (actual rows=25021 loops=1)
                          Group Key: t_follow_0.followee
                          Batches: 1  Memory Usage: 2833kB
                          Buffers: shared hit=534
                          ->  Seq Scan on follow t_follow_0  (cost=0.00..1533.96 rows=99996 width=9) (actual rows=99996 loops=1)
                                Buffers: shared hit=534
Planning Time: 0.331 ms
Execution Time: 86.902 ms",86.232,4569.41,25020,"HashAggregate  (cost=4552.45..4569.41 rows=1696 width=12) (actual rows=25020 loops=1)
  Group Key: t_cte_0.c_followee0, t_cte_0.c_count0
  Batches: 1  Memory Usage: 2065kB
  Buffers: shared hit=1068
  ->  Hash Join  (cost=2585.11..4381.58 rows=34175 width=12) (actual rows=50038 loops=1)
        Hash Cond: ((t_follow_1.follower)::text = (t_cte_0.c_followee0)::text)
        Buffers: shared hit=1068
        ->  Seq Scan on follow t_follow_1  (cost=0.00..1533.96 rows=99996 width=5) (actual rows=99996 loops=1)
              Buffers: shared hit=534
        ->  Hash  (cost=2373.12..2373.12 rows=16959 width=12) (actual rows=25021 loops=1)
              Buckets: 32768  Batches: 1  Memory Usage: 1429kB
              Buffers: shared hit=534
              ->  Subquery Scan on t_cte_0  (cost=2033.94..2373.12 rows=16959 width=12) (actual rows=25021 loops=1)
                    Buffers: shared hit=534
                    ->  HashAggregate  (cost=2033.94..2203.53 rows=16959 width=12) (actual rows=25021 loops=1)
                          Group Key: t_follow_0.followee
                          Batches: 1  Memory Usage: 2833kB
                          Buffers: shared hit=534
                          ->  Seq Scan on follow t_follow_0  (cost=0.00..1533.96 rows=99996 width=9) (actual rows=99996 loops=1)
                                Buffers: shared hit=534
Planning Time: 0.176 ms
Execution Time: 86.232 ms",88.629,4569.41,25020,"HashAggregate  (cost=4552.45..4569.41 rows=1696 width=12) (actual rows=25020 loops=1)
  Group Key: t_cte_0.c_followee0, t_cte_0.c_count0
  Batches: 1  Memory Usage: 2065kB
  Buffers: shared hit=1068
  ->  Hash Join  (cost=2585.11..4381.58 rows=34175 width=12) (actual rows=50038 loops=1)
        Hash Cond: ((t_follow_1.follower)::text = (t_cte_0.c_followee0)::text)
        Buffers: shared hit=1068
        ->  Seq Scan on follow t_follow_1  (cost=0.00..1533.96 rows=99996 width=5) (actual rows=99996 loops=1)
              Buffers: shared hit=534
        ->  Hash  (cost=2373.12..2373.12 rows=16959 width=12) (actual rows=25021 loops=1)
              Buckets: 32768  Batches: 1  Memory Usage: 1429kB
              Buffers: shared hit=534
              ->  Subquery Scan on t_cte_0  (cost=2033.94..2373.12 rows=16959 width=12) (actual rows=25021 loops=1)
                    Buffers: shared hit=534
                    ->  HashAggregate  (cost=2033.94..2203.53 rows=16959 width=12) (actual rows=25021 loops=1)
                          Group Key: t_follow_0.followee
                          Batches: 1  Memory Usage: 2833kB
                          Buffers: shared hit=534
                          ->  Seq Scan on follow t_follow_0  (cost=0.00..1533.96 rows=99996 width=9) (actual rows=99996 loops=1)
                                Buffers: shared hit=534
Planning Time: 0.176 ms
Execution Time: 88.629 ms",91.79,4569.41,25020,"HashAggregate  (cost=4552.45..4569.41 rows=1696 width=12) (actual rows=25020 loops=1)
  Group Key: t_cte_0.c_followee0, t_cte_0.c_count0
  Batches: 1  Memory Usage: 2065kB
  Buffers: shared hit=1068
  ->  Hash Join  (cost=2585.11..4381.58 rows=34175 width=12) (actual rows=50038 loops=1)
        Hash Cond: ((t_follow_1.follower)::text = (t_cte_0.c_followee0)::text)
        Buffers: shared hit=1068
        ->  Seq Scan on follow t_follow_1  (cost=0.00..1533.96 rows=99996 width=5) (actual rows=99996 loops=1)
              Buffers: shared hit=534
        ->  Hash  (cost=2373.12..2373.12 rows=16959 width=12) (actual rows=25021 loops=1)
              Buckets: 32768  Batches: 1  Memory Usage: 1429kB
              Buffers: shared hit=534
              ->  Subquery Scan on t_cte_0  (cost=2033.94..2373.12 rows=16959 width=12) (actual rows=25021 loops=1)
                    Buffers: shared hit=534
                    ->  HashAggregate  (cost=2033.94..2203.53 rows=16959 width=12) (actual rows=25021 loops=1)
                          Group Key: t_follow_0.followee
                          Batches: 1  Memory Usage: 2833kB
                          Buffers: shared hit=534
                          ->  Seq Scan on follow t_follow_0  (cost=0.00..1533.96 rows=99996 width=9) (actual rows=99996 loops=1)
                                Buffers: shared hit=534
Planning Time: 0.185 ms
Execution Time: 91.790 ms",89.0286,88.629,91.69,91.87,4569.41,4569.41,25020,25020,25020,25020,614_228,393,614,228,Medium,"select f1.followee as follower, count(distinct f1.follower) as num from (select followee, follower from schema_614.follow) as f1 join (select follower from schema_614.follow) as f2 on f1.followee = f2.follower group by f1.followee",351.614,17944.45,25020,"GroupAggregate  (cost=9893.60..17944.45 rows=16959 width=12) (actual rows=25020 loops=1)
  Group Key: follow.followee
  Buffers: shared hit=1072, temp read=810 written=485
  ->  Merge Join  (cost=9893.60..16767.32 rows=201507 width=9) (actual rows=198860 loops=1)
        Merge Cond: ((follow.followee)::text = (follow_1.follower)::text)
        Buffers: shared hit=1072, temp read=810 written=485
        ->  Index Only Scan using follow_pkey on follow  (cost=0.42..3656.36 rows=99996 width=9) (actual rows=99996 loops=1)
              Heap Fetches: 0
              Buffers: shared hit=538
        ->  Sort  (cost=9838.42..10088.41 rows=99996 width=5) (actual rows=248818 loops=1)
              Sort Key: follow_1.follower
              Sort Method: external sort  Disk: 1936kB
              Buffers: shared hit=534, temp read=647 written=485
              ->  Seq Scan on follow follow_1  (cost=0.00..1533.96 rows=99996 width=5) (actual rows=99996 loops=1)
                    Buffers: shared hit=534
Planning:
  Buffers: shared hit=8
Planning Time: 0.200 ms
Execution Time: 351.614 ms",365.571,17944.45,25020,"GroupAggregate  (cost=9893.60..17944.45 rows=16959 width=12) (actual rows=25020 loops=1)
  Group Key: follow.followee
  Buffers: shared hit=1072, temp read=810 written=485
  ->  Merge Join  (cost=9893.60..16767.32 rows=201507 width=9) (actual rows=198860 loops=1)
        Merge Cond: ((follow.followee)::text = (follow_1.follower)::text)
        Buffers: shared hit=1072, temp read=810 written=485
        ->  Index Only Scan using follow_pkey on follow  (cost=0.42..3656.36 rows=99996 width=9) (actual rows=99996 loops=1)
              Heap Fetches: 0
              Buffers: shared hit=538
        ->  Sort  (cost=9838.42..10088.41 rows=99996 width=5) (actual rows=248818 loops=1)
              Sort Key: follow_1.follower
              Sort Method: external sort  Disk: 1936kB
              Buffers: shared hit=534, temp read=647 written=485
              ->  Seq Scan on follow follow_1  (cost=0.00..1533.96 rows=99996 width=5) (actual rows=99996 loops=1)
                    Buffers: shared hit=534
Planning:
  Buffers: shared hit=8
Planning Time: 0.376 ms
Execution Time: 365.571 ms",356.028,17944.45,25020,"GroupAggregate  (cost=9893.60..17944.45 rows=16959 width=12) (actual rows=25020 loops=1)
  Group Key: follow.followee
  Buffers: shared hit=1072, temp read=810 written=485
  ->  Merge Join  (cost=9893.60..16767.32 rows=201507 width=9) (actual rows=198860 loops=1)
        Merge Cond: ((follow.followee)::text = (follow_1.follower)::text)
        Buffers: shared hit=1072, temp read=810 written=485
        ->  Index Only Scan using follow_pkey on follow  (cost=0.42..3656.36 rows=99996 width=9) (actual rows=99996 loops=1)
              Heap Fetches: 0
              Buffers: shared hit=538
        ->  Sort  (cost=9838.42..10088.41 rows=99996 width=5) (actual rows=248818 loops=1)
              Sort Key: follow_1.follower
              Sort Method: external sort  Disk: 1936kB
              Buffers: shared hit=534, temp read=647 written=485
              ->  Seq Scan on follow follow_1  (cost=0.00..1533.96 rows=99996 width=5) (actual rows=99996 loops=1)
                    Buffers: shared hit=534
Planning:
  Buffers: shared hit=8
Planning Time: 0.423 ms
Execution Time: 356.028 ms",359.546,17944.45,25020,"GroupAggregate  (cost=9893.60..17944.45 rows=16959 width=12) (actual rows=25020 loops=1)
  Group Key: follow.followee
  Buffers: shared hit=1072, temp read=810 written=485
  ->  Merge Join  (cost=9893.60..16767.32 rows=201507 width=9) (actual rows=198860 loops=1)
        Merge Cond: ((follow.followee)::text = (follow_1.follower)::text)
        Buffers: shared hit=1072, temp read=810 written=485
        ->  Index Only Scan using follow_pkey on follow  (cost=0.42..3656.36 rows=99996 width=9) (actual rows=99996 loops=1)
              Heap Fetches: 0
              Buffers: shared hit=538
        ->  Sort  (cost=9838.42..10088.41 rows=99996 width=5) (actual rows=248818 loops=1)
              Sort Key: follow_1.follower
              Sort Method: external sort  Disk: 1936kB
              Buffers: shared hit=534, temp read=647 written=485
              ->  Seq Scan on follow follow_1  (cost=0.00..1533.96 rows=99996 width=5) (actual rows=99996 loops=1)
                    Buffers: shared hit=534
Planning:
  Buffers: shared hit=8
Planning Time: 0.452 ms
Execution Time: 359.546 ms",356.594,17944.45,25020,"GroupAggregate  (cost=9893.60..17944.45 rows=16959 width=12) (actual rows=25020 loops=1)
  Group Key: follow.followee
  Buffers: shared hit=1072, temp read=810 written=485
  ->  Merge Join  (cost=9893.60..16767.32 rows=201507 width=9) (actual rows=198860 loops=1)
        Merge Cond: ((follow.followee)::text = (follow_1.follower)::text)
        Buffers: shared hit=1072, temp read=810 written=485
        ->  Index Only Scan using follow_pkey on follow  (cost=0.42..3656.36 rows=99996 width=9) (actual rows=99996 loops=1)
              Heap Fetches: 0
              Buffers: shared hit=538
        ->  Sort  (cost=9838.42..10088.41 rows=99996 width=5) (actual rows=248818 loops=1)
              Sort Key: follow_1.follower
              Sort Method: external sort  Disk: 1936kB
              Buffers: shared hit=534, temp read=647 written=485
              ->  Seq Scan on follow follow_1  (cost=0.00..1533.96 rows=99996 width=5) (actual rows=99996 loops=1)
                    Buffers: shared hit=534
Planning:
  Buffers: shared hit=8
Planning Time: 0.327 ms
Execution Time: 356.594 ms",357.8706,356.594,362.5585,367.981,17944.45,17944.45,25020,25020,25020,25020,normal,normal,26.568262800000152,6.672294800000011,equal variances,significant,0.003968253968253968,-268.84200000000004,-267.965,-13375.04,0,True
395,614,237,Medium,"select t_cte_1.c_follower0 as follower, count(f2.follower) as num from (select f1.follower as c_follower0 from schema_614.follow as f1 group by f1.follower) as t_cte_1 inner join schema_614.follow as f2 on t_cte_1.c_follower0 = f2.followee group by t_cte_1.c_follower0",99.227,6658.12,25020,"HashAggregate  (cost=6656.12..6658.12 rows=200 width=13) (actual rows=25020 loops=1)
  Group Key: f1.follower
  Batches: 1  Memory Usage: 2849kB
  Buffers: shared hit=1068, temp read=8 written=31
  ->  Hash Join  (cost=3396.67..5193.18 rows=292588 width=10) (actual rows=99704 loops=1)
        Hash Cond: ((f2.followee)::text = (f1.follower)::text)
        Buffers: shared hit=1068, temp read=8 written=31
        ->  Seq Scan on follow f2  (cost=0.00..1533.96 rows=99996 width=9) (actual rows=99996 loops=1)
              Buffers: shared hit=534
        ->  Hash  (cost=2776.39..2776.39 rows=49622 width=5) (actual rows=49999 loops=1)
              Buckets: 65536  Batches: 1  Memory Usage: 2357kB
              Buffers: shared hit=534, temp read=8 written=31
              ->  HashAggregate  (cost=1783.95..2280.17 rows=49622 width=5) (actual rows=49999 loops=1)
                    Group Key: f1.follower
                    Batches: 5  Memory Usage: 4145kB  Disk Usage: 208kB
                    Buffers: shared hit=534, temp read=8 written=31
                    ->  Seq Scan on follow f1  (cost=0.00..1533.96 rows=99996 width=5) (actual rows=99996 loops=1)
                          Buffers: shared hit=534
Planning Time: 0.140 ms
Execution Time: 99.227 ms",106.503,6658.12,25020,"HashAggregate  (cost=6656.12..6658.12 rows=200 width=13) (actual rows=25020 loops=1)
  Group Key: f1.follower
  Batches: 1  Memory Usage: 2849kB
  Buffers: shared hit=1068, temp read=8 written=31
  ->  Hash Join  (cost=3396.67..5193.18 rows=292588 width=10) (actual rows=99704 loops=1)
        Hash Cond: ((f2.followee)::text = (f1.follower)::text)
        Buffers: shared hit=1068, temp read=8 written=31
        ->  Seq Scan on follow f2  (cost=0.00..1533.96 rows=99996 width=9) (actual rows=99996 loops=1)
              Buffers: shared hit=534
        ->  Hash  (cost=2776.39..2776.39 rows=49622 width=5) (actual rows=49999 loops=1)
              Buckets: 65536  Batches: 1  Memory Usage: 2357kB
              Buffers: shared hit=534, temp read=8 written=31
              ->  HashAggregate  (cost=1783.95..2280.17 rows=49622 width=5) (actual rows=49999 loops=1)
                    Group Key: f1.follower
                    Batches: 5  Memory Usage: 4145kB  Disk Usage: 208kB
                    Buffers: shared hit=534, temp read=8 written=31
                    ->  Seq Scan on follow f1  (cost=0.00..1533.96 rows=99996 width=5) (actual rows=99996 loops=1)
                          Buffers: shared hit=534
Planning Time: 0.193 ms
Execution Time: 106.503 ms",109.047,6658.12,25020,"HashAggregate  (cost=6656.12..6658.12 rows=200 width=13) (actual rows=25020 loops=1)
  Group Key: f1.follower
  Batches: 1  Memory Usage: 2849kB
  Buffers: shared hit=1068, temp read=8 written=31
  ->  Hash Join  (cost=3396.67..5193.18 rows=292588 width=10) (actual rows=99704 loops=1)
        Hash Cond: ((f2.followee)::text = (f1.follower)::text)
        Buffers: shared hit=1068, temp read=8 written=31
        ->  Seq Scan on follow f2  (cost=0.00..1533.96 rows=99996 width=9) (actual rows=99996 loops=1)
              Buffers: shared hit=534
        ->  Hash  (cost=2776.39..2776.39 rows=49622 width=5) (actual rows=49999 loops=1)
              Buckets: 65536  Batches: 1  Memory Usage: 2357kB
              Buffers: shared hit=534, temp read=8 written=31
              ->  HashAggregate  (cost=1783.95..2280.17 rows=49622 width=5) (actual rows=49999 loops=1)
                    Group Key: f1.follower
                    Batches: 5  Memory Usage: 4145kB  Disk Usage: 208kB
                    Buffers: shared hit=534, temp read=8 written=31
                    ->  Seq Scan on follow f1  (cost=0.00..1533.96 rows=99996 width=5) (actual rows=99996 loops=1)
                          Buffers: shared hit=534
Planning Time: 0.124 ms
Execution Time: 109.047 ms",110.44,6658.12,25020,"HashAggregate  (cost=6656.12..6658.12 rows=200 width=13) (actual rows=25020 loops=1)
  Group Key: f1.follower
  Batches: 1  Memory Usage: 2849kB
  Buffers: shared hit=1068, temp read=8 written=31
  ->  Hash Join  (cost=3396.67..5193.18 rows=292588 width=10) (actual rows=99704 loops=1)
        Hash Cond: ((f2.followee)::text = (f1.follower)::text)
        Buffers: shared hit=1068, temp read=8 written=31
        ->  Seq Scan on follow f2  (cost=0.00..1533.96 rows=99996 width=9) (actual rows=99996 loops=1)
              Buffers: shared hit=534
        ->  Hash  (cost=2776.39..2776.39 rows=49622 width=5) (actual rows=49999 loops=1)
              Buckets: 65536  Batches: 1  Memory Usage: 2357kB
              Buffers: shared hit=534, temp read=8 written=31
              ->  HashAggregate  (cost=1783.95..2280.17 rows=49622 width=5) (actual rows=49999 loops=1)
                    Group Key: f1.follower
                    Batches: 5  Memory Usage: 4145kB  Disk Usage: 208kB
                    Buffers: shared hit=534, temp read=8 written=31
                    ->  Seq Scan on follow f1  (cost=0.00..1533.96 rows=99996 width=5) (actual rows=99996 loops=1)
                          Buffers: shared hit=534
Planning Time: 0.201 ms
Execution Time: 110.440 ms",110.352,6658.12,25020,"HashAggregate  (cost=6656.12..6658.12 rows=200 width=13) (actual rows=25020 loops=1)
  Group Key: f1.follower
  Batches: 1  Memory Usage: 2849kB
  Buffers: shared hit=1068, temp read=8 written=31
  ->  Hash Join  (cost=3396.67..5193.18 rows=292588 width=10) (actual rows=99704 loops=1)
        Hash Cond: ((f2.followee)::text = (f1.follower)::text)
        Buffers: shared hit=1068, temp read=8 written=31
        ->  Seq Scan on follow f2  (cost=0.00..1533.96 rows=99996 width=9) (actual rows=99996 loops=1)
              Buffers: shared hit=534
        ->  Hash  (cost=2776.39..2776.39 rows=49622 width=5) (actual rows=49999 loops=1)
              Buckets: 65536  Batches: 1  Memory Usage: 2357kB
              Buffers: shared hit=534, temp read=8 written=31
              ->  HashAggregate  (cost=1783.95..2280.17 rows=49622 width=5) (actual rows=49999 loops=1)
                    Group Key: f1.follower
                    Batches: 5  Memory Usage: 4145kB  Disk Usage: 208kB
                    Buffers: shared hit=534, temp read=8 written=31
                    ->  Seq Scan on follow f1  (cost=0.00..1533.96 rows=99996 width=5) (actual rows=99996 loops=1)
                          Buffers: shared hit=534
Planning Time: 0.165 ms
Execution Time: 110.352 ms",107.1138,109.047,110.396,110.4752,6658.12,6658.12,25020,25020,25020,25020,614_237,395,614,237,Medium,"select f1.follower as follower, count(distinct f2.follower) as num from schema_614.follow as f1 join schema_614.follow as f2 on f1.follower = f2.followee group by f1.follower",358.363,18271.08,25020,"GroupAggregate  (cost=9893.60..18271.08 rows=49622 width=13) (actual rows=25020 loops=1)
  Group Key: f1.follower
  Buffers: shared hit=1072, temp read=810 written=485
  ->  Merge Join  (cost=9893.60..16767.32 rows=201507 width=10) (actual rows=198860 loops=1)
        Merge Cond: ((f2.followee)::text = (f1.follower)::text)
        Buffers: shared hit=1072, temp read=810 written=485
        ->  Index Only Scan using follow_pkey on follow f2  (cost=0.42..3656.36 rows=99996 width=9) (actual rows=99996 loops=1)
              Heap Fetches: 0
              Buffers: shared hit=538
        ->  Sort  (cost=9838.42..10088.41 rows=99996 width=5) (actual rows=248818 loops=1)
              Sort Key: f1.follower
              Sort Method: external sort  Disk: 1936kB
              Buffers: shared hit=534, temp read=647 written=485
              ->  Seq Scan on follow f1  (cost=0.00..1533.96 rows=99996 width=5) (actual rows=99996 loops=1)
                    Buffers: shared hit=534
Planning:
  Buffers: shared hit=8
Planning Time: 0.316 ms
Execution Time: 358.363 ms",368.224,18271.08,25020,"GroupAggregate  (cost=9893.60..18271.08 rows=49622 width=13) (actual rows=25020 loops=1)
  Group Key: f1.follower
  Buffers: shared hit=1072, temp read=810 written=485
  ->  Merge Join  (cost=9893.60..16767.32 rows=201507 width=10) (actual rows=198860 loops=1)
        Merge Cond: ((f2.followee)::text = (f1.follower)::text)
        Buffers: shared hit=1072, temp read=810 written=485
        ->  Index Only Scan using follow_pkey on follow f2  (cost=0.42..3656.36 rows=99996 width=9) (actual rows=99996 loops=1)
              Heap Fetches: 0
              Buffers: shared hit=538
        ->  Sort  (cost=9838.42..10088.41 rows=99996 width=5) (actual rows=248818 loops=1)
              Sort Key: f1.follower
              Sort Method: external sort  Disk: 1936kB
              Buffers: shared hit=534, temp read=647 written=485
              ->  Seq Scan on follow f1  (cost=0.00..1533.96 rows=99996 width=5) (actual rows=99996 loops=1)
                    Buffers: shared hit=534
Planning:
  Buffers: shared hit=8
Planning Time: 0.308 ms
Execution Time: 368.224 ms",361.801,18271.08,25020,"GroupAggregate  (cost=9893.60..18271.08 rows=49622 width=13) (actual rows=25020 loops=1)
  Group Key: f1.follower
  Buffers: shared hit=1072, temp read=810 written=485
  ->  Merge Join  (cost=9893.60..16767.32 rows=201507 width=10) (actual rows=198860 loops=1)
        Merge Cond: ((f2.followee)::text = (f1.follower)::text)
        Buffers: shared hit=1072, temp read=810 written=485
        ->  Index Only Scan using follow_pkey on follow f2  (cost=0.42..3656.36 rows=99996 width=9) (actual rows=99996 loops=1)
              Heap Fetches: 0
              Buffers: shared hit=538
        ->  Sort  (cost=9838.42..10088.41 rows=99996 width=5) (actual rows=248818 loops=1)
              Sort Key: f1.follower
              Sort Method: external sort  Disk: 1936kB
              Buffers: shared hit=534, temp read=647 written=485
              ->  Seq Scan on follow f1  (cost=0.00..1533.96 rows=99996 width=5) (actual rows=99996 loops=1)
                    Buffers: shared hit=534
Planning:
  Buffers: shared hit=8
Planning Time: 0.286 ms
Execution Time: 361.801 ms",362.864,18271.08,25020,"GroupAggregate  (cost=9893.60..18271.08 rows=49622 width=13) (actual rows=25020 loops=1)
  Group Key: f1.follower
  Buffers: shared hit=1072, temp read=810 written=485
  ->  Merge Join  (cost=9893.60..16767.32 rows=201507 width=10) (actual rows=198860 loops=1)
        Merge Cond: ((f2.followee)::text = (f1.follower)::text)
        Buffers: shared hit=1072, temp read=810 written=485
        ->  Index Only Scan using follow_pkey on follow f2  (cost=0.42..3656.36 rows=99996 width=9) (actual rows=99996 loops=1)
              Heap Fetches: 0
              Buffers: shared hit=538
        ->  Sort  (cost=9838.42..10088.41 rows=99996 width=5) (actual rows=248818 loops=1)
              Sort Key: f1.follower
              Sort Method: external sort  Disk: 1936kB
              Buffers: shared hit=534, temp read=647 written=485
              ->  Seq Scan on follow f1  (cost=0.00..1533.96 rows=99996 width=5) (actual rows=99996 loops=1)
                    Buffers: shared hit=534
Planning:
  Buffers: shared hit=8
Planning Time: 0.290 ms
Execution Time: 362.864 ms",370.732,18271.08,25020,"GroupAggregate  (cost=9893.60..18271.08 rows=49622 width=13) (actual rows=25020 loops=1)
  Group Key: f1.follower
  Buffers: shared hit=1072, temp read=810 written=485
  ->  Merge Join  (cost=9893.60..16767.32 rows=201507 width=10) (actual rows=198860 loops=1)
        Merge Cond: ((f2.followee)::text = (f1.follower)::text)
        Buffers: shared hit=1072, temp read=810 written=485
        ->  Index Only Scan using follow_pkey on follow f2  (cost=0.42..3656.36 rows=99996 width=9) (actual rows=99996 loops=1)
              Heap Fetches: 0
              Buffers: shared hit=538
        ->  Sort  (cost=9838.42..10088.41 rows=99996 width=5) (actual rows=248818 loops=1)
              Sort Key: f1.follower
              Sort Method: external sort  Disk: 1936kB
              Buffers: shared hit=534, temp read=647 written=485
              ->  Seq Scan on follow f1  (cost=0.00..1533.96 rows=99996 width=5) (actual rows=99996 loops=1)
                    Buffers: shared hit=534
Planning:
  Buffers: shared hit=8
Planning Time: 0.328 ms
Execution Time: 370.732 ms",364.3968,362.864,369.478,371.7352,18271.08,18271.08,25020,25020,25020,25020,normal,normal,25.069153700000104,21.965374699999984,equal variances,significant,0.003968253968253968,-257.283,-253.81699999999998,-11612.960000000003,0,True
397,614,245,Medium,"select t_cte_1.c_follower0 as follower, count(f2.follower) as num from schema_614.follow as f2 inner join (select f1.follower as c_follower0 from schema_614.follow as f1 group by f1.follower) as t_cte_1 on t_cte_1.c_follower0 = f2.followee group by t_cte_1.c_follower0",100.605,6658.12,25020,"HashAggregate  (cost=6656.12..6658.12 rows=200 width=13) (actual rows=25020 loops=1)
  Group Key: f1.follower
  Batches: 1  Memory Usage: 2849kB
  Buffers: shared hit=1068, temp read=8 written=31
  ->  Hash Join  (cost=3396.67..5193.18 rows=292588 width=10) (actual rows=99704 loops=1)
        Hash Cond: ((f2.followee)::text = (f1.follower)::text)
        Buffers: shared hit=1068, temp read=8 written=31
        ->  Seq Scan on follow f2  (cost=0.00..1533.96 rows=99996 width=9) (actual rows=99996 loops=1)
              Buffers: shared hit=534
        ->  Hash  (cost=2776.39..2776.39 rows=49622 width=5) (actual rows=49999 loops=1)
              Buckets: 65536  Batches: 1  Memory Usage: 2357kB
              Buffers: shared hit=534, temp read=8 written=31
              ->  HashAggregate  (cost=1783.95..2280.17 rows=49622 width=5) (actual rows=49999 loops=1)
                    Group Key: f1.follower
                    Batches: 5  Memory Usage: 4145kB  Disk Usage: 208kB
                    Buffers: shared hit=534, temp read=8 written=31
                    ->  Seq Scan on follow f1  (cost=0.00..1533.96 rows=99996 width=5) (actual rows=99996 loops=1)
                          Buffers: shared hit=534
Planning Time: 0.155 ms
Execution Time: 100.605 ms",118.619,6658.12,25020,"HashAggregate  (cost=6656.12..6658.12 rows=200 width=13) (actual rows=25020 loops=1)
  Group Key: f1.follower
  Batches: 1  Memory Usage: 2849kB
  Buffers: shared hit=1068, temp read=8 written=31
  ->  Hash Join  (cost=3396.67..5193.18 rows=292588 width=10) (actual rows=99704 loops=1)
        Hash Cond: ((f2.followee)::text = (f1.follower)::text)
        Buffers: shared hit=1068, temp read=8 written=31
        ->  Seq Scan on follow f2  (cost=0.00..1533.96 rows=99996 width=9) (actual rows=99996 loops=1)
              Buffers: shared hit=534
        ->  Hash  (cost=2776.39..2776.39 rows=49622 width=5) (actual rows=49999 loops=1)
              Buckets: 65536  Batches: 1  Memory Usage: 2357kB
              Buffers: shared hit=534, temp read=8 written=31
              ->  HashAggregate  (cost=1783.95..2280.17 rows=49622 width=5) (actual rows=49999 loops=1)
                    Group Key: f1.follower
                    Batches: 5  Memory Usage: 4145kB  Disk Usage: 208kB
                    Buffers: shared hit=534, temp read=8 written=31
                    ->  Seq Scan on follow f1  (cost=0.00..1533.96 rows=99996 width=5) (actual rows=99996 loops=1)
                          Buffers: shared hit=534
Planning Time: 0.221 ms
Execution Time: 118.619 ms",106.201,6658.12,25020,"HashAggregate  (cost=6656.12..6658.12 rows=200 width=13) (actual rows=25020 loops=1)
  Group Key: f1.follower
  Batches: 1  Memory Usage: 2849kB
  Buffers: shared hit=1068, temp read=8 written=31
  ->  Hash Join  (cost=3396.67..5193.18 rows=292588 width=10) (actual rows=99704 loops=1)
        Hash Cond: ((f2.followee)::text = (f1.follower)::text)
        Buffers: shared hit=1068, temp read=8 written=31
        ->  Seq Scan on follow f2  (cost=0.00..1533.96 rows=99996 width=9) (actual rows=99996 loops=1)
              Buffers: shared hit=534
        ->  Hash  (cost=2776.39..2776.39 rows=49622 width=5) (actual rows=49999 loops=1)
              Buckets: 65536  Batches: 1  Memory Usage: 2357kB
              Buffers: shared hit=534, temp read=8 written=31
              ->  HashAggregate  (cost=1783.95..2280.17 rows=49622 width=5) (actual rows=49999 loops=1)
                    Group Key: f1.follower
                    Batches: 5  Memory Usage: 4145kB  Disk Usage: 208kB
                    Buffers: shared hit=534, temp read=8 written=31
                    ->  Seq Scan on follow f1  (cost=0.00..1533.96 rows=99996 width=5) (actual rows=99996 loops=1)
                          Buffers: shared hit=534
Planning Time: 0.206 ms
Execution Time: 106.201 ms",110.862,6658.12,25020,"HashAggregate  (cost=6656.12..6658.12 rows=200 width=13) (actual rows=25020 loops=1)
  Group Key: f1.follower
  Batches: 1  Memory Usage: 2849kB
  Buffers: shared hit=1068, temp read=8 written=31
  ->  Hash Join  (cost=3396.67..5193.18 rows=292588 width=10) (actual rows=99704 loops=1)
        Hash Cond: ((f2.followee)::text = (f1.follower)::text)
        Buffers: shared hit=1068, temp read=8 written=31
        ->  Seq Scan on follow f2  (cost=0.00..1533.96 rows=99996 width=9) (actual rows=99996 loops=1)
              Buffers: shared hit=534
        ->  Hash  (cost=2776.39..2776.39 rows=49622 width=5) (actual rows=49999 loops=1)
              Buckets: 65536  Batches: 1  Memory Usage: 2357kB
              Buffers: shared hit=534, temp read=8 written=31
              ->  HashAggregate  (cost=1783.95..2280.17 rows=49622 width=5) (actual rows=49999 loops=1)
                    Group Key: f1.follower
                    Batches: 5  Memory Usage: 4145kB  Disk Usage: 208kB
                    Buffers: shared hit=534, temp read=8 written=31
                    ->  Seq Scan on follow f1  (cost=0.00..1533.96 rows=99996 width=5) (actual rows=99996 loops=1)
                          Buffers: shared hit=534
Planning Time: 0.230 ms
Execution Time: 110.862 ms",107.257,6658.12,25020,"HashAggregate  (cost=6656.12..6658.12 rows=200 width=13) (actual rows=25020 loops=1)
  Group Key: f1.follower
  Batches: 1  Memory Usage: 2849kB
  Buffers: shared hit=1068, temp read=8 written=31
  ->  Hash Join  (cost=3396.67..5193.18 rows=292588 width=10) (actual rows=99704 loops=1)
        Hash Cond: ((f2.followee)::text = (f1.follower)::text)
        Buffers: shared hit=1068, temp read=8 written=31
        ->  Seq Scan on follow f2  (cost=0.00..1533.96 rows=99996 width=9) (actual rows=99996 loops=1)
              Buffers: shared hit=534
        ->  Hash  (cost=2776.39..2776.39 rows=49622 width=5) (actual rows=49999 loops=1)
              Buckets: 65536  Batches: 1  Memory Usage: 2357kB
              Buffers: shared hit=534, temp read=8 written=31
              ->  HashAggregate  (cost=1783.95..2280.17 rows=49622 width=5) (actual rows=49999 loops=1)
                    Group Key: f1.follower
                    Batches: 5  Memory Usage: 4145kB  Disk Usage: 208kB
                    Buffers: shared hit=534, temp read=8 written=31
                    ->  Seq Scan on follow f1  (cost=0.00..1533.96 rows=99996 width=5) (actual rows=99996 loops=1)
                          Buffers: shared hit=534
Planning Time: 0.255 ms
Execution Time: 107.257 ms",108.7088,107.257,114.7405,121.7218,6658.12,6658.12,25020,25020,25020,25020,614_245,397,614,245,Medium,"select f1.follower as follower, count(distinct f2.follower) as num from schema_614.follow as f1 join schema_614.follow as f2 on f1.follower = f2.followee group by 1",354.066,18271.08,25020,"GroupAggregate  (cost=9893.60..18271.08 rows=49622 width=13) (actual rows=25020 loops=1)
  Group Key: f1.follower
  Buffers: shared hit=1072, temp read=810 written=485
  ->  Merge Join  (cost=9893.60..16767.32 rows=201507 width=10) (actual rows=198860 loops=1)
        Merge Cond: ((f2.followee)::text = (f1.follower)::text)
        Buffers: shared hit=1072, temp read=810 written=485
        ->  Index Only Scan using follow_pkey on follow f2  (cost=0.42..3656.36 rows=99996 width=9) (actual rows=99996 loops=1)
              Heap Fetches: 0
              Buffers: shared hit=538
        ->  Sort  (cost=9838.42..10088.41 rows=99996 width=5) (actual rows=248818 loops=1)
              Sort Key: f1.follower
              Sort Method: external sort  Disk: 1936kB
              Buffers: shared hit=534, temp read=647 written=485
              ->  Seq Scan on follow f1  (cost=0.00..1533.96 rows=99996 width=5) (actual rows=99996 loops=1)
                    Buffers: shared hit=534
Planning:
  Buffers: shared hit=8
Planning Time: 0.192 ms
Execution Time: 354.066 ms",364.681,18271.08,25020,"GroupAggregate  (cost=9893.60..18271.08 rows=49622 width=13) (actual rows=25020 loops=1)
  Group Key: f1.follower
  Buffers: shared hit=1072, temp read=810 written=485
  ->  Merge Join  (cost=9893.60..16767.32 rows=201507 width=10) (actual rows=198860 loops=1)
        Merge Cond: ((f2.followee)::text = (f1.follower)::text)
        Buffers: shared hit=1072, temp read=810 written=485
        ->  Index Only Scan using follow_pkey on follow f2  (cost=0.42..3656.36 rows=99996 width=9) (actual rows=99996 loops=1)
              Heap Fetches: 0
              Buffers: shared hit=538
        ->  Sort  (cost=9838.42..10088.41 rows=99996 width=5) (actual rows=248818 loops=1)
              Sort Key: f1.follower
              Sort Method: external sort  Disk: 1936kB
              Buffers: shared hit=534, temp read=647 written=485
              ->  Seq Scan on follow f1  (cost=0.00..1533.96 rows=99996 width=5) (actual rows=99996 loops=1)
                    Buffers: shared hit=534
Planning:
  Buffers: shared hit=8
Planning Time: 0.285 ms
Execution Time: 364.681 ms",371.574,18271.08,25020,"GroupAggregate  (cost=9893.60..18271.08 rows=49622 width=13) (actual rows=25020 loops=1)
  Group Key: f1.follower
  Buffers: shared hit=1072, temp read=810 written=485
  ->  Merge Join  (cost=9893.60..16767.32 rows=201507 width=10) (actual rows=198860 loops=1)
        Merge Cond: ((f2.followee)::text = (f1.follower)::text)
        Buffers: shared hit=1072, temp read=810 written=485
        ->  Index Only Scan using follow_pkey on follow f2  (cost=0.42..3656.36 rows=99996 width=9) (actual rows=99996 loops=1)
              Heap Fetches: 0
              Buffers: shared hit=538
        ->  Sort  (cost=9838.42..10088.41 rows=99996 width=5) (actual rows=248818 loops=1)
              Sort Key: f1.follower
              Sort Method: external sort  Disk: 1936kB
              Buffers: shared hit=534, temp read=647 written=485
              ->  Seq Scan on follow f1  (cost=0.00..1533.96 rows=99996 width=5) (actual rows=99996 loops=1)
                    Buffers: shared hit=534
Planning:
  Buffers: shared hit=8
Planning Time: 0.323 ms
Execution Time: 371.574 ms",359.753,18271.08,25020,"GroupAggregate  (cost=9893.60..18271.08 rows=49622 width=13) (actual rows=25020 loops=1)
  Group Key: f1.follower
  Buffers: shared hit=1072, temp read=810 written=485
  ->  Merge Join  (cost=9893.60..16767.32 rows=201507 width=10) (actual rows=198860 loops=1)
        Merge Cond: ((f2.followee)::text = (f1.follower)::text)
        Buffers: shared hit=1072, temp read=810 written=485
        ->  Index Only Scan using follow_pkey on follow f2  (cost=0.42..3656.36 rows=99996 width=9) (actual rows=99996 loops=1)
              Heap Fetches: 0
              Buffers: shared hit=538
        ->  Sort  (cost=9838.42..10088.41 rows=99996 width=5) (actual rows=248818 loops=1)
              Sort Key: f1.follower
              Sort Method: external sort  Disk: 1936kB
              Buffers: shared hit=534, temp read=647 written=485
              ->  Seq Scan on follow f1  (cost=0.00..1533.96 rows=99996 width=5) (actual rows=99996 loops=1)
                    Buffers: shared hit=534
Planning:
  Buffers: shared hit=8
Planning Time: 0.307 ms
Execution Time: 359.753 ms",363.409,18271.08,25020,"GroupAggregate  (cost=9893.60..18271.08 rows=49622 width=13) (actual rows=25020 loops=1)
  Group Key: f1.follower
  Buffers: shared hit=1072, temp read=810 written=485
  ->  Merge Join  (cost=9893.60..16767.32 rows=201507 width=10) (actual rows=198860 loops=1)
        Merge Cond: ((f2.followee)::text = (f1.follower)::text)
        Buffers: shared hit=1072, temp read=810 written=485
        ->  Index Only Scan using follow_pkey on follow f2  (cost=0.42..3656.36 rows=99996 width=9) (actual rows=99996 loops=1)
              Heap Fetches: 0
              Buffers: shared hit=538
        ->  Sort  (cost=9838.42..10088.41 rows=99996 width=5) (actual rows=248818 loops=1)
              Sort Key: f1.follower
              Sort Method: external sort  Disk: 1936kB
              Buffers: shared hit=534, temp read=647 written=485
              ->  Seq Scan on follow f1  (cost=0.00..1533.96 rows=99996 width=5) (actual rows=99996 loops=1)
                    Buffers: shared hit=534
Planning:
  Buffers: shared hit=8
Planning Time: 0.331 ms
Execution Time: 363.409 ms",362.6966,363.409,368.1275,374.3312,18271.08,18271.08,25020,25020,25020,25020,normal,normal,41.601406300000164,44.229173199999984,equal variances,significant,0.003968253968253968,-253.9878,-256.152,-11612.960000000003,0,True
398,614,258,Medium,"select t_cte_7.c_follower0 as follower, count(f2.follower) as num from schema_614.follow as f2 inner join (select f1.follower as c_follower0 from schema_614.follow as f1 group by f1.follower) as t_cte_7 on t_cte_7.c_follower0 = f2.followee group by t_cte_7.c_follower0",101.917,6658.12,25020,"HashAggregate  (cost=6656.12..6658.12 rows=200 width=13) (actual rows=25020 loops=1)
  Group Key: f1.follower
  Batches: 1  Memory Usage: 2849kB
  Buffers: shared hit=1068, temp read=8 written=31
  ->  Hash Join  (cost=3396.67..5193.18 rows=292588 width=10) (actual rows=99704 loops=1)
        Hash Cond: ((f2.followee)::text = (f1.follower)::text)
        Buffers: shared hit=1068, temp read=8 written=31
        ->  Seq Scan on follow f2  (cost=0.00..1533.96 rows=99996 width=9) (actual rows=99996 loops=1)
              Buffers: shared hit=534
        ->  Hash  (cost=2776.39..2776.39 rows=49622 width=5) (actual rows=49999 loops=1)
              Buckets: 65536  Batches: 1  Memory Usage: 2357kB
              Buffers: shared hit=534, temp read=8 written=31
              ->  HashAggregate  (cost=1783.95..2280.17 rows=49622 width=5) (actual rows=49999 loops=1)
                    Group Key: f1.follower
                    Batches: 5  Memory Usage: 4145kB  Disk Usage: 208kB
                    Buffers: shared hit=534, temp read=8 written=31
                    ->  Seq Scan on follow f1  (cost=0.00..1533.96 rows=99996 width=5) (actual rows=99996 loops=1)
                          Buffers: shared hit=534
Planning Time: 0.133 ms
Execution Time: 101.917 ms",109.097,6658.12,25020,"HashAggregate  (cost=6656.12..6658.12 rows=200 width=13) (actual rows=25020 loops=1)
  Group Key: f1.follower
  Batches: 1  Memory Usage: 2849kB
  Buffers: shared hit=1068, temp read=8 written=31
  ->  Hash Join  (cost=3396.67..5193.18 rows=292588 width=10) (actual rows=99704 loops=1)
        Hash Cond: ((f2.followee)::text = (f1.follower)::text)
        Buffers: shared hit=1068, temp read=8 written=31
        ->  Seq Scan on follow f2  (cost=0.00..1533.96 rows=99996 width=9) (actual rows=99996 loops=1)
              Buffers: shared hit=534
        ->  Hash  (cost=2776.39..2776.39 rows=49622 width=5) (actual rows=49999 loops=1)
              Buckets: 65536  Batches: 1  Memory Usage: 2357kB
              Buffers: shared hit=534, temp read=8 written=31
              ->  HashAggregate  (cost=1783.95..2280.17 rows=49622 width=5) (actual rows=49999 loops=1)
                    Group Key: f1.follower
                    Batches: 5  Memory Usage: 4145kB  Disk Usage: 208kB
                    Buffers: shared hit=534, temp read=8 written=31
                    ->  Seq Scan on follow f1  (cost=0.00..1533.96 rows=99996 width=5) (actual rows=99996 loops=1)
                          Buffers: shared hit=534
Planning Time: 0.204 ms
Execution Time: 109.097 ms",110.84,6658.12,25020,"HashAggregate  (cost=6656.12..6658.12 rows=200 width=13) (actual rows=25020 loops=1)
  Group Key: f1.follower
  Batches: 1  Memory Usage: 2849kB
  Buffers: shared hit=1068, temp read=8 written=31
  ->  Hash Join  (cost=3396.67..5193.18 rows=292588 width=10) (actual rows=99704 loops=1)
        Hash Cond: ((f2.followee)::text = (f1.follower)::text)
        Buffers: shared hit=1068, temp read=8 written=31
        ->  Seq Scan on follow f2  (cost=0.00..1533.96 rows=99996 width=9) (actual rows=99996 loops=1)
              Buffers: shared hit=534
        ->  Hash  (cost=2776.39..2776.39 rows=49622 width=5) (actual rows=49999 loops=1)
              Buckets: 65536  Batches: 1  Memory Usage: 2357kB
              Buffers: shared hit=534, temp read=8 written=31
              ->  HashAggregate  (cost=1783.95..2280.17 rows=49622 width=5) (actual rows=49999 loops=1)
                    Group Key: f1.follower
                    Batches: 5  Memory Usage: 4145kB  Disk Usage: 208kB
                    Buffers: shared hit=534, temp read=8 written=31
                    ->  Seq Scan on follow f1  (cost=0.00..1533.96 rows=99996 width=5) (actual rows=99996 loops=1)
                          Buffers: shared hit=534
Planning Time: 0.194 ms
Execution Time: 110.840 ms",106.225,6658.12,25020,"HashAggregate  (cost=6656.12..6658.12 rows=200 width=13) (actual rows=25020 loops=1)
  Group Key: f1.follower
  Batches: 1  Memory Usage: 2849kB
  Buffers: shared hit=1068, temp read=8 written=31
  ->  Hash Join  (cost=3396.67..5193.18 rows=292588 width=10) (actual rows=99704 loops=1)
        Hash Cond: ((f2.followee)::text = (f1.follower)::text)
        Buffers: shared hit=1068, temp read=8 written=31
        ->  Seq Scan on follow f2  (cost=0.00..1533.96 rows=99996 width=9) (actual rows=99996 loops=1)
              Buffers: shared hit=534
        ->  Hash  (cost=2776.39..2776.39 rows=49622 width=5) (actual rows=49999 loops=1)
              Buckets: 65536  Batches: 1  Memory Usage: 2357kB
              Buffers: shared hit=534, temp read=8 written=31
              ->  HashAggregate  (cost=1783.95..2280.17 rows=49622 width=5) (actual rows=49999 loops=1)
                    Group Key: f1.follower
                    Batches: 5  Memory Usage: 4145kB  Disk Usage: 208kB
                    Buffers: shared hit=534, temp read=8 written=31
                    ->  Seq Scan on follow f1  (cost=0.00..1533.96 rows=99996 width=5) (actual rows=99996 loops=1)
                          Buffers: shared hit=534
Planning Time: 0.193 ms
Execution Time: 106.225 ms",116.711,6658.12,25020,"HashAggregate  (cost=6656.12..6658.12 rows=200 width=13) (actual rows=25020 loops=1)
  Group Key: f1.follower
  Batches: 1  Memory Usage: 2849kB
  Buffers: shared hit=1068, temp read=8 written=31
  ->  Hash Join  (cost=3396.67..5193.18 rows=292588 width=10) (actual rows=99704 loops=1)
        Hash Cond: ((f2.followee)::text = (f1.follower)::text)
        Buffers: shared hit=1068, temp read=8 written=31
        ->  Seq Scan on follow f2  (cost=0.00..1533.96 rows=99996 width=9) (actual rows=99996 loops=1)
              Buffers: shared hit=534
        ->  Hash  (cost=2776.39..2776.39 rows=49622 width=5) (actual rows=49999 loops=1)
              Buckets: 65536  Batches: 1  Memory Usage: 2357kB
              Buffers: shared hit=534, temp read=8 written=31
              ->  HashAggregate  (cost=1783.95..2280.17 rows=49622 width=5) (actual rows=49999 loops=1)
                    Group Key: f1.follower
                    Batches: 5  Memory Usage: 4145kB  Disk Usage: 208kB
                    Buffers: shared hit=534, temp read=8 written=31
                    ->  Seq Scan on follow f1  (cost=0.00..1533.96 rows=99996 width=5) (actual rows=99996 loops=1)
                          Buffers: shared hit=534
Planning Time: 0.323 ms
Execution Time: 116.711 ms",108.958,109.097,113.7755,119.0594,6658.12,6658.12,25020,25020,25020,25020,614_258,398,614,258,Medium,"select f1.follower, count(distinct f2.follower) as num from schema_614.follow as f1 join schema_614.follow as f2 on f1.follower = f2.followee group by 1",350.809,18271.08,25020,"GroupAggregate  (cost=9893.60..18271.08 rows=49622 width=13) (actual rows=25020 loops=1)
  Group Key: f1.follower
  Buffers: shared hit=1072, temp read=810 written=485
  ->  Merge Join  (cost=9893.60..16767.32 rows=201507 width=10) (actual rows=198860 loops=1)
        Merge Cond: ((f2.followee)::text = (f1.follower)::text)
        Buffers: shared hit=1072, temp read=810 written=485
        ->  Index Only Scan using follow_pkey on follow f2  (cost=0.42..3656.36 rows=99996 width=9) (actual rows=99996 loops=1)
              Heap Fetches: 0
              Buffers: shared hit=538
        ->  Sort  (cost=9838.42..10088.41 rows=99996 width=5) (actual rows=248818 loops=1)
              Sort Key: f1.follower
              Sort Method: external sort  Disk: 1936kB
              Buffers: shared hit=534, temp read=647 written=485
              ->  Seq Scan on follow f1  (cost=0.00..1533.96 rows=99996 width=5) (actual rows=99996 loops=1)
                    Buffers: shared hit=534
Planning:
  Buffers: shared hit=8
Planning Time: 0.190 ms
Execution Time: 350.809 ms",359.468,18271.08,25020,"GroupAggregate  (cost=9893.60..18271.08 rows=49622 width=13) (actual rows=25020 loops=1)
  Group Key: f1.follower
  Buffers: shared hit=1072, temp read=810 written=485
  ->  Merge Join  (cost=9893.60..16767.32 rows=201507 width=10) (actual rows=198860 loops=1)
        Merge Cond: ((f2.followee)::text = (f1.follower)::text)
        Buffers: shared hit=1072, temp read=810 written=485
        ->  Index Only Scan using follow_pkey on follow f2  (cost=0.42..3656.36 rows=99996 width=9) (actual rows=99996 loops=1)
              Heap Fetches: 0
              Buffers: shared hit=538
        ->  Sort  (cost=9838.42..10088.41 rows=99996 width=5) (actual rows=248818 loops=1)
              Sort Key: f1.follower
              Sort Method: external sort  Disk: 1936kB
              Buffers: shared hit=534, temp read=647 written=485
              ->  Seq Scan on follow f1  (cost=0.00..1533.96 rows=99996 width=5) (actual rows=99996 loops=1)
                    Buffers: shared hit=534
Planning:
  Buffers: shared hit=8
Planning Time: 0.297 ms
Execution Time: 359.468 ms",357.516,18271.08,25020,"GroupAggregate  (cost=9893.60..18271.08 rows=49622 width=13) (actual rows=25020 loops=1)
  Group Key: f1.follower
  Buffers: shared hit=1072, temp read=810 written=485
  ->  Merge Join  (cost=9893.60..16767.32 rows=201507 width=10) (actual rows=198860 loops=1)
        Merge Cond: ((f2.followee)::text = (f1.follower)::text)
        Buffers: shared hit=1072, temp read=810 written=485
        ->  Index Only Scan using follow_pkey on follow f2  (cost=0.42..3656.36 rows=99996 width=9) (actual rows=99996 loops=1)
              Heap Fetches: 0
              Buffers: shared hit=538
        ->  Sort  (cost=9838.42..10088.41 rows=99996 width=5) (actual rows=248818 loops=1)
              Sort Key: f1.follower
              Sort Method: external sort  Disk: 1936kB
              Buffers: shared hit=534, temp read=647 written=485
              ->  Seq Scan on follow f1  (cost=0.00..1533.96 rows=99996 width=5) (actual rows=99996 loops=1)
                    Buffers: shared hit=534
Planning:
  Buffers: shared hit=8
Planning Time: 0.314 ms
Execution Time: 357.516 ms",356.094,18271.08,25020,"GroupAggregate  (cost=9893.60..18271.08 rows=49622 width=13) (actual rows=25020 loops=1)
  Group Key: f1.follower
  Buffers: shared hit=1072, temp read=810 written=485
  ->  Merge Join  (cost=9893.60..16767.32 rows=201507 width=10) (actual rows=198860 loops=1)
        Merge Cond: ((f2.followee)::text = (f1.follower)::text)
        Buffers: shared hit=1072, temp read=810 written=485
        ->  Index Only Scan using follow_pkey on follow f2  (cost=0.42..3656.36 rows=99996 width=9) (actual rows=99996 loops=1)
              Heap Fetches: 0
              Buffers: shared hit=538
        ->  Sort  (cost=9838.42..10088.41 rows=99996 width=5) (actual rows=248818 loops=1)
              Sort Key: f1.follower
              Sort Method: external sort  Disk: 1936kB
              Buffers: shared hit=534, temp read=647 written=485
              ->  Seq Scan on follow f1  (cost=0.00..1533.96 rows=99996 width=5) (actual rows=99996 loops=1)
                    Buffers: shared hit=534
Planning:
  Buffers: shared hit=8
Planning Time: 0.311 ms
Execution Time: 356.094 ms",363.322,18271.08,25020,"GroupAggregate  (cost=9893.60..18271.08 rows=49622 width=13) (actual rows=25020 loops=1)
  Group Key: f1.follower
  Buffers: shared hit=1072, temp read=810 written=485
  ->  Merge Join  (cost=9893.60..16767.32 rows=201507 width=10) (actual rows=198860 loops=1)
        Merge Cond: ((f2.followee)::text = (f1.follower)::text)
        Buffers: shared hit=1072, temp read=810 written=485
        ->  Index Only Scan using follow_pkey on follow f2  (cost=0.42..3656.36 rows=99996 width=9) (actual rows=99996 loops=1)
              Heap Fetches: 0
              Buffers: shared hit=538
        ->  Sort  (cost=9838.42..10088.41 rows=99996 width=5) (actual rows=248818 loops=1)
              Sort Key: f1.follower
              Sort Method: external sort  Disk: 1936kB
              Buffers: shared hit=534, temp read=647 written=485
              ->  Seq Scan on follow f1  (cost=0.00..1533.96 rows=99996 width=5) (actual rows=99996 loops=1)
                    Buffers: shared hit=534
Planning:
  Buffers: shared hit=8
Planning Time: 0.297 ms
Execution Time: 363.322 ms",357.4418,357.516,361.395,364.8636,18271.08,18271.08,25020,25020,25020,25020,normal,normal,21.124586199999946,30.178806,equal variances,significant,0.003968253968253968,-248.4838,-248.41900000000004,-11612.960000000003,0,True
399,614,290,Medium,"select distinct t_cte_21.c_followee0 as follower, t_cte_21.c_count0 as num from (select f2.followee as c_followee0, count(f2.follower) as c_count0 from schema_614.follow as f2 group by f2.followee) as t_cte_21 inner join schema_614.follow as f1 on f1.follower = t_cte_21.c_followee0",74.611,4569.41,25020,"HashAggregate  (cost=4552.45..4569.41 rows=1696 width=12) (actual rows=25020 loops=1)
  Group Key: f2.followee, (count(f2.follower))
  Batches: 1  Memory Usage: 2065kB
  Buffers: shared hit=1068
  ->  Hash Join  (cost=2585.11..4381.58 rows=34175 width=12) (actual rows=50038 loops=1)
        Hash Cond: ((f1.follower)::text = (f2.followee)::text)
        Buffers: shared hit=1068
        ->  Seq Scan on follow f1  (cost=0.00..1533.96 rows=99996 width=5) (actual rows=99996 loops=1)
              Buffers: shared hit=534
        ->  Hash  (cost=2373.12..2373.12 rows=16959 width=12) (actual rows=25021 loops=1)
              Buckets: 32768  Batches: 1  Memory Usage: 1429kB
              Buffers: shared hit=534
              ->  HashAggregate  (cost=2033.94..2203.53 rows=16959 width=12) (actual rows=25021 loops=1)
                    Group Key: f2.followee
                    Batches: 1  Memory Usage: 2833kB
                    Buffers: shared hit=534
                    ->  Seq Scan on follow f2  (cost=0.00..1533.96 rows=99996 width=9) (actual rows=99996 loops=1)
                          Buffers: shared hit=534
Planning Time: 0.114 ms
Execution Time: 74.611 ms",85.029,4569.41,25020,"HashAggregate  (cost=4552.45..4569.41 rows=1696 width=12) (actual rows=25020 loops=1)
  Group Key: f2.followee, (count(f2.follower))
  Batches: 1  Memory Usage: 2065kB
  Buffers: shared hit=1068
  ->  Hash Join  (cost=2585.11..4381.58 rows=34175 width=12) (actual rows=50038 loops=1)
        Hash Cond: ((f1.follower)::text = (f2.followee)::text)
        Buffers: shared hit=1068
        ->  Seq Scan on follow f1  (cost=0.00..1533.96 rows=99996 width=5) (actual rows=99996 loops=1)
              Buffers: shared hit=534
        ->  Hash  (cost=2373.12..2373.12 rows=16959 width=12) (actual rows=25021 loops=1)
              Buckets: 32768  Batches: 1  Memory Usage: 1429kB
              Buffers: shared hit=534
              ->  HashAggregate  (cost=2033.94..2203.53 rows=16959 width=12) (actual rows=25021 loops=1)
                    Group Key: f2.followee
                    Batches: 1  Memory Usage: 2833kB
                    Buffers: shared hit=534
                    ->  Seq Scan on follow f2  (cost=0.00..1533.96 rows=99996 width=9) (actual rows=99996 loops=1)
                          Buffers: shared hit=534
Planning Time: 0.189 ms
Execution Time: 85.029 ms",84.705,4569.41,25020,"HashAggregate  (cost=4552.45..4569.41 rows=1696 width=12) (actual rows=25020 loops=1)
  Group Key: f2.followee, (count(f2.follower))
  Batches: 1  Memory Usage: 2065kB
  Buffers: shared hit=1068
  ->  Hash Join  (cost=2585.11..4381.58 rows=34175 width=12) (actual rows=50038 loops=1)
        Hash Cond: ((f1.follower)::text = (f2.followee)::text)
        Buffers: shared hit=1068
        ->  Seq Scan on follow f1  (cost=0.00..1533.96 rows=99996 width=5) (actual rows=99996 loops=1)
              Buffers: shared hit=534
        ->  Hash  (cost=2373.12..2373.12 rows=16959 width=12) (actual rows=25021 loops=1)
              Buckets: 32768  Batches: 1  Memory Usage: 1429kB
              Buffers: shared hit=534
              ->  HashAggregate  (cost=2033.94..2203.53 rows=16959 width=12) (actual rows=25021 loops=1)
                    Group Key: f2.followee
                    Batches: 1  Memory Usage: 2833kB
                    Buffers: shared hit=534
                    ->  Seq Scan on follow f2  (cost=0.00..1533.96 rows=99996 width=9) (actual rows=99996 loops=1)
                          Buffers: shared hit=534
Planning Time: 0.176 ms
Execution Time: 84.705 ms",83.314,4569.41,25020,"HashAggregate  (cost=4552.45..4569.41 rows=1696 width=12) (actual rows=25020 loops=1)
  Group Key: f2.followee, (count(f2.follower))
  Batches: 1  Memory Usage: 2065kB
  Buffers: shared hit=1068
  ->  Hash Join  (cost=2585.11..4381.58 rows=34175 width=12) (actual rows=50038 loops=1)
        Hash Cond: ((f1.follower)::text = (f2.followee)::text)
        Buffers: shared hit=1068
        ->  Seq Scan on follow f1  (cost=0.00..1533.96 rows=99996 width=5) (actual rows=99996 loops=1)
              Buffers: shared hit=534
        ->  Hash  (cost=2373.12..2373.12 rows=16959 width=12) (actual rows=25021 loops=1)
              Buckets: 32768  Batches: 1  Memory Usage: 1429kB
              Buffers: shared hit=534
              ->  HashAggregate  (cost=2033.94..2203.53 rows=16959 width=12) (actual rows=25021 loops=1)
                    Group Key: f2.followee
                    Batches: 1  Memory Usage: 2833kB
                    Buffers: shared hit=534
                    ->  Seq Scan on follow f2  (cost=0.00..1533.96 rows=99996 width=9) (actual rows=99996 loops=1)
                          Buffers: shared hit=534
Planning Time: 0.168 ms
Execution Time: 83.314 ms",85.117,4569.41,25020,"HashAggregate  (cost=4552.45..4569.41 rows=1696 width=12) (actual rows=25020 loops=1)
  Group Key: f2.followee, (count(f2.follower))
  Batches: 1  Memory Usage: 2065kB
  Buffers: shared hit=1068
  ->  Hash Join  (cost=2585.11..4381.58 rows=34175 width=12) (actual rows=50038 loops=1)
        Hash Cond: ((f1.follower)::text = (f2.followee)::text)
        Buffers: shared hit=1068
        ->  Seq Scan on follow f1  (cost=0.00..1533.96 rows=99996 width=5) (actual rows=99996 loops=1)
              Buffers: shared hit=534
        ->  Hash  (cost=2373.12..2373.12 rows=16959 width=12) (actual rows=25021 loops=1)
              Buckets: 32768  Batches: 1  Memory Usage: 1429kB
              Buffers: shared hit=534
              ->  HashAggregate  (cost=2033.94..2203.53 rows=16959 width=12) (actual rows=25021 loops=1)
                    Group Key: f2.followee
                    Batches: 1  Memory Usage: 2833kB
                    Buffers: shared hit=534
                    ->  Seq Scan on follow f2  (cost=0.00..1533.96 rows=99996 width=9) (actual rows=99996 loops=1)
                          Buffers: shared hit=534
Planning Time: 0.170 ms
Execution Time: 85.117 ms",82.5552,84.705,85.073,85.1522,4569.41,4569.41,25020,25020,25020,25020,614_290,399,614,290,Medium,"select f2.followee as follower, count(distinct f2.follower) as num from schema_614.follow as f1 join schema_614.follow as f2 on f1.follower = f2.followee group by f2.followee order by f2.followee",356.304,17944.45,25020,"GroupAggregate  (cost=9893.60..17944.45 rows=16959 width=12) (actual rows=25020 loops=1)
  Group Key: f2.followee
  Buffers: shared hit=1072, temp read=810 written=485
  ->  Merge Join  (cost=9893.60..16767.32 rows=201507 width=9) (actual rows=198860 loops=1)
        Merge Cond: ((f2.followee)::text = (f1.follower)::text)
        Buffers: shared hit=1072, temp read=810 written=485
        ->  Index Only Scan using follow_pkey on follow f2  (cost=0.42..3656.36 rows=99996 width=9) (actual rows=99996 loops=1)
              Heap Fetches: 0
              Buffers: shared hit=538
        ->  Sort  (cost=9838.42..10088.41 rows=99996 width=5) (actual rows=248818 loops=1)
              Sort Key: f1.follower
              Sort Method: external sort  Disk: 1936kB
              Buffers: shared hit=534, temp read=647 written=485
              ->  Seq Scan on follow f1  (cost=0.00..1533.96 rows=99996 width=5) (actual rows=99996 loops=1)
                    Buffers: shared hit=534
Planning:
  Buffers: shared hit=8
Planning Time: 0.305 ms
Execution Time: 356.304 ms",366.567,17944.45,25020,"GroupAggregate  (cost=9893.60..17944.45 rows=16959 width=12) (actual rows=25020 loops=1)
  Group Key: f2.followee
  Buffers: shared hit=1072, temp read=810 written=485
  ->  Merge Join  (cost=9893.60..16767.32 rows=201507 width=9) (actual rows=198860 loops=1)
        Merge Cond: ((f2.followee)::text = (f1.follower)::text)
        Buffers: shared hit=1072, temp read=810 written=485
        ->  Index Only Scan using follow_pkey on follow f2  (cost=0.42..3656.36 rows=99996 width=9) (actual rows=99996 loops=1)
              Heap Fetches: 0
              Buffers: shared hit=538
        ->  Sort  (cost=9838.42..10088.41 rows=99996 width=5) (actual rows=248818 loops=1)
              Sort Key: f1.follower
              Sort Method: external sort  Disk: 1936kB
              Buffers: shared hit=534, temp read=647 written=485
              ->  Seq Scan on follow f1  (cost=0.00..1533.96 rows=99996 width=5) (actual rows=99996 loops=1)
                    Buffers: shared hit=534
Planning:
  Buffers: shared hit=8
Planning Time: 0.382 ms
Execution Time: 366.567 ms",360.884,17944.45,25020,"GroupAggregate  (cost=9893.60..17944.45 rows=16959 width=12) (actual rows=25020 loops=1)
  Group Key: f2.followee
  Buffers: shared hit=1072, temp read=810 written=485
  ->  Merge Join  (cost=9893.60..16767.32 rows=201507 width=9) (actual rows=198860 loops=1)
        Merge Cond: ((f2.followee)::text = (f1.follower)::text)
        Buffers: shared hit=1072, temp read=810 written=485
        ->  Index Only Scan using follow_pkey on follow f2  (cost=0.42..3656.36 rows=99996 width=9) (actual rows=99996 loops=1)
              Heap Fetches: 0
              Buffers: shared hit=538
        ->  Sort  (cost=9838.42..10088.41 rows=99996 width=5) (actual rows=248818 loops=1)
              Sort Key: f1.follower
              Sort Method: external sort  Disk: 1936kB
              Buffers: shared hit=534, temp read=647 written=485
              ->  Seq Scan on follow f1  (cost=0.00..1533.96 rows=99996 width=5) (actual rows=99996 loops=1)
                    Buffers: shared hit=534
Planning:
  Buffers: shared hit=8
Planning Time: 0.368 ms
Execution Time: 360.884 ms",362.822,17944.45,25020,"GroupAggregate  (cost=9893.60..17944.45 rows=16959 width=12) (actual rows=25020 loops=1)
  Group Key: f2.followee
  Buffers: shared hit=1072, temp read=810 written=485
  ->  Merge Join  (cost=9893.60..16767.32 rows=201507 width=9) (actual rows=198860 loops=1)
        Merge Cond: ((f2.followee)::text = (f1.follower)::text)
        Buffers: shared hit=1072, temp read=810 written=485
        ->  Index Only Scan using follow_pkey on follow f2  (cost=0.42..3656.36 rows=99996 width=9) (actual rows=99996 loops=1)
              Heap Fetches: 0
              Buffers: shared hit=538
        ->  Sort  (cost=9838.42..10088.41 rows=99996 width=5) (actual rows=248818 loops=1)
              Sort Key: f1.follower
              Sort Method: external sort  Disk: 1936kB
              Buffers: shared hit=534, temp read=647 written=485
              ->  Seq Scan on follow f1  (cost=0.00..1533.96 rows=99996 width=5) (actual rows=99996 loops=1)
                    Buffers: shared hit=534
Planning:
  Buffers: shared hit=8
Planning Time: 0.296 ms
Execution Time: 362.822 ms",368.121,17944.45,25020,"GroupAggregate  (cost=9893.60..17944.45 rows=16959 width=12) (actual rows=25020 loops=1)
  Group Key: f2.followee
  Buffers: shared hit=1072, temp read=810 written=485
  ->  Merge Join  (cost=9893.60..16767.32 rows=201507 width=9) (actual rows=198860 loops=1)
        Merge Cond: ((f2.followee)::text = (f1.follower)::text)
        Buffers: shared hit=1072, temp read=810 written=485
        ->  Index Only Scan using follow_pkey on follow f2  (cost=0.42..3656.36 rows=99996 width=9) (actual rows=99996 loops=1)
              Heap Fetches: 0
              Buffers: shared hit=538
        ->  Sort  (cost=9838.42..10088.41 rows=99996 width=5) (actual rows=248818 loops=1)
              Sort Key: f1.follower
              Sort Method: external sort  Disk: 1936kB
              Buffers: shared hit=534, temp read=647 written=485
              ->  Seq Scan on follow f1  (cost=0.00..1533.96 rows=99996 width=5) (actual rows=99996 loops=1)
                    Buffers: shared hit=534
Planning:
  Buffers: shared hit=8
Planning Time: 0.317 ms
Execution Time: 368.121 ms",362.9396,362.822,367.344,368.7426,17944.45,17944.45,25020,25020,25020,25020,normal,not normal,22.068861300000037,20.24755919999998,equal variances,significant,0.003968253968253968,-280.38439999999997,-278.117,-13375.04,0,True
400,614,338,Medium,"select distinct t_cte_9.c_followee0 as follower, t_cte_9.c_count0 as num from (select f.followee as c_followee0, count(f.follower) as c_count0 from schema_614.follow as f group by f.followee) as t_cte_9 inner join schema_614.follow as t_follow_0 on t_cte_9.c_followee0 = t_follow_0.follower",74.646,4569.41,25020,"HashAggregate  (cost=4552.45..4569.41 rows=1696 width=12) (actual rows=25020 loops=1)
  Group Key: f.followee, (count(f.follower))
  Batches: 1  Memory Usage: 2065kB
  Buffers: shared hit=1068
  ->  Hash Join  (cost=2585.11..4381.58 rows=34175 width=12) (actual rows=50038 loops=1)
        Hash Cond: ((t_follow_0.follower)::text = (f.followee)::text)
        Buffers: shared hit=1068
        ->  Seq Scan on follow t_follow_0  (cost=0.00..1533.96 rows=99996 width=5) (actual rows=99996 loops=1)
              Buffers: shared hit=534
        ->  Hash  (cost=2373.12..2373.12 rows=16959 width=12) (actual rows=25021 loops=1)
              Buckets: 32768  Batches: 1  Memory Usage: 1429kB
              Buffers: shared hit=534
              ->  HashAggregate  (cost=2033.94..2203.53 rows=16959 width=12) (actual rows=25021 loops=1)
                    Group Key: f.followee
                    Batches: 1  Memory Usage: 2833kB
                    Buffers: shared hit=534
                    ->  Seq Scan on follow f  (cost=0.00..1533.96 rows=99996 width=9) (actual rows=99996 loops=1)
                          Buffers: shared hit=534
Planning Time: 0.150 ms
Execution Time: 74.646 ms",85.636,4569.41,25020,"HashAggregate  (cost=4552.45..4569.41 rows=1696 width=12) (actual rows=25020 loops=1)
  Group Key: f.followee, (count(f.follower))
  Batches: 1  Memory Usage: 2065kB
  Buffers: shared hit=1068
  ->  Hash Join  (cost=2585.11..4381.58 rows=34175 width=12) (actual rows=50038 loops=1)
        Hash Cond: ((t_follow_0.follower)::text = (f.followee)::text)
        Buffers: shared hit=1068
        ->  Seq Scan on follow t_follow_0  (cost=0.00..1533.96 rows=99996 width=5) (actual rows=99996 loops=1)
              Buffers: shared hit=534
        ->  Hash  (cost=2373.12..2373.12 rows=16959 width=12) (actual rows=25021 loops=1)
              Buckets: 32768  Batches: 1  Memory Usage: 1429kB
              Buffers: shared hit=534
              ->  HashAggregate  (cost=2033.94..2203.53 rows=16959 width=12) (actual rows=25021 loops=1)
                    Group Key: f.followee
                    Batches: 1  Memory Usage: 2833kB
                    Buffers: shared hit=534
                    ->  Seq Scan on follow f  (cost=0.00..1533.96 rows=99996 width=9) (actual rows=99996 loops=1)
                          Buffers: shared hit=534
Planning Time: 0.268 ms
Execution Time: 85.636 ms",87.618,4569.41,25020,"HashAggregate  (cost=4552.45..4569.41 rows=1696 width=12) (actual rows=25020 loops=1)
  Group Key: f.followee, (count(f.follower))
  Batches: 1  Memory Usage: 2065kB
  Buffers: shared hit=1068
  ->  Hash Join  (cost=2585.11..4381.58 rows=34175 width=12) (actual rows=50038 loops=1)
        Hash Cond: ((t_follow_0.follower)::text = (f.followee)::text)
        Buffers: shared hit=1068
        ->  Seq Scan on follow t_follow_0  (cost=0.00..1533.96 rows=99996 width=5) (actual rows=99996 loops=1)
              Buffers: shared hit=534
        ->  Hash  (cost=2373.12..2373.12 rows=16959 width=12) (actual rows=25021 loops=1)
              Buckets: 32768  Batches: 1  Memory Usage: 1429kB
              Buffers: shared hit=534
              ->  HashAggregate  (cost=2033.94..2203.53 rows=16959 width=12) (actual rows=25021 loops=1)
                    Group Key: f.followee
                    Batches: 1  Memory Usage: 2833kB
                    Buffers: shared hit=534
                    ->  Seq Scan on follow f  (cost=0.00..1533.96 rows=99996 width=9) (actual rows=99996 loops=1)
                          Buffers: shared hit=534
Planning Time: 0.196 ms
Execution Time: 87.618 ms",86.355,4569.41,25020,"HashAggregate  (cost=4552.45..4569.41 rows=1696 width=12) (actual rows=25020 loops=1)
  Group Key: f.followee, (count(f.follower))
  Batches: 1  Memory Usage: 2065kB
  Buffers: shared hit=1068
  ->  Hash Join  (cost=2585.11..4381.58 rows=34175 width=12) (actual rows=50038 loops=1)
        Hash Cond: ((t_follow_0.follower)::text = (f.followee)::text)
        Buffers: shared hit=1068
        ->  Seq Scan on follow t_follow_0  (cost=0.00..1533.96 rows=99996 width=5) (actual rows=99996 loops=1)
              Buffers: shared hit=534
        ->  Hash  (cost=2373.12..2373.12 rows=16959 width=12) (actual rows=25021 loops=1)
              Buckets: 32768  Batches: 1  Memory Usage: 1429kB
              Buffers: shared hit=534
              ->  HashAggregate  (cost=2033.94..2203.53 rows=16959 width=12) (actual rows=25021 loops=1)
                    Group Key: f.followee
                    Batches: 1  Memory Usage: 2833kB
                    Buffers: shared hit=534
                    ->  Seq Scan on follow f  (cost=0.00..1533.96 rows=99996 width=9) (actual rows=99996 loops=1)
                          Buffers: shared hit=534
Planning Time: 0.160 ms
Execution Time: 86.355 ms",88.514,4569.41,25020,"HashAggregate  (cost=4552.45..4569.41 rows=1696 width=12) (actual rows=25020 loops=1)
  Group Key: f.followee, (count(f.follower))
  Batches: 1  Memory Usage: 2065kB
  Buffers: shared hit=1068
  ->  Hash Join  (cost=2585.11..4381.58 rows=34175 width=12) (actual rows=50038 loops=1)
        Hash Cond: ((t_follow_0.follower)::text = (f.followee)::text)
        Buffers: shared hit=1068
        ->  Seq Scan on follow t_follow_0  (cost=0.00..1533.96 rows=99996 width=5) (actual rows=99996 loops=1)
              Buffers: shared hit=534
        ->  Hash  (cost=2373.12..2373.12 rows=16959 width=12) (actual rows=25021 loops=1)
              Buckets: 32768  Batches: 1  Memory Usage: 1429kB
              Buffers: shared hit=534
              ->  HashAggregate  (cost=2033.94..2203.53 rows=16959 width=12) (actual rows=25021 loops=1)
                    Group Key: f.followee
                    Batches: 1  Memory Usage: 2833kB
                    Buffers: shared hit=534
                    ->  Seq Scan on follow f  (cost=0.00..1533.96 rows=99996 width=9) (actual rows=99996 loops=1)
                          Buffers: shared hit=534
Planning Time: 0.157 ms
Execution Time: 88.514 ms",84.5538,86.355,88.066,88.8724,4569.41,4569.41,25020,25020,25020,25020,614_338,400,614,338,Medium,"select followee as follower, count(distinct follower) as num from schema_614.follow as f join (select distinct follower as dfs from schema_614.follow) as df on f.followee = df.dfs group by followee",211.569,12470.57,25020,"GroupAggregate  (cost=6647.00..12470.57 rows=16959 width=12) (actual rows=25020 loops=1)
  Group Key: f.followee
  Buffers: shared hit=1072, temp read=8 written=31
  ->  Merge Join  (cost=6647.00..11801.00 rows=99996 width=9) (actual rows=99704 loops=1)
        Merge Cond: ((f.followee)::text = (follow.follower)::text)
        Buffers: shared hit=1072, temp read=8 written=31
        ->  Index Only Scan using follow_pkey on follow f  (cost=0.42..3656.36 rows=99996 width=9) (actual rows=99996 loops=1)
              Heap Fetches: 0
              Buffers: shared hit=538
        ->  Sort  (cost=6646.58..6770.64 rows=49622 width=5) (actual rows=49999 loops=1)
              Sort Key: follow.follower
              Sort Method: quicksort  Memory: 3710kB
              Buffers: shared hit=534, temp read=8 written=31
              ->  HashAggregate  (cost=1783.95..2280.17 rows=49622 width=5) (actual rows=49999 loops=1)
                    Group Key: follow.follower
                    Batches: 5  Memory Usage: 4145kB  Disk Usage: 208kB
                    Buffers: shared hit=534, temp read=8 written=31
                    ->  Seq Scan on follow  (cost=0.00..1533.96 rows=99996 width=5) (actual rows=99996 loops=1)
                          Buffers: shared hit=534
Planning Time: 0.211 ms
Execution Time: 211.569 ms",219.382,12470.57,25020,"GroupAggregate  (cost=6647.00..12470.57 rows=16959 width=12) (actual rows=25020 loops=1)
  Group Key: f.followee
  Buffers: shared hit=1072, temp read=8 written=31
  ->  Merge Join  (cost=6647.00..11801.00 rows=99996 width=9) (actual rows=99704 loops=1)
        Merge Cond: ((f.followee)::text = (follow.follower)::text)
        Buffers: shared hit=1072, temp read=8 written=31
        ->  Index Only Scan using follow_pkey on follow f  (cost=0.42..3656.36 rows=99996 width=9) (actual rows=99996 loops=1)
              Heap Fetches: 0
              Buffers: shared hit=538
        ->  Sort  (cost=6646.58..6770.64 rows=49622 width=5) (actual rows=49999 loops=1)
              Sort Key: follow.follower
              Sort Method: quicksort  Memory: 3710kB
              Buffers: shared hit=534, temp read=8 written=31
              ->  HashAggregate  (cost=1783.95..2280.17 rows=49622 width=5) (actual rows=49999 loops=1)
                    Group Key: follow.follower
                    Batches: 5  Memory Usage: 4145kB  Disk Usage: 208kB
                    Buffers: shared hit=534, temp read=8 written=31
                    ->  Seq Scan on follow  (cost=0.00..1533.96 rows=99996 width=5) (actual rows=99996 loops=1)
                          Buffers: shared hit=534
Planning Time: 0.223 ms
Execution Time: 219.382 ms",217.144,12470.57,25020,"GroupAggregate  (cost=6647.00..12470.57 rows=16959 width=12) (actual rows=25020 loops=1)
  Group Key: f.followee
  Buffers: shared hit=1072, temp read=8 written=31
  ->  Merge Join  (cost=6647.00..11801.00 rows=99996 width=9) (actual rows=99704 loops=1)
        Merge Cond: ((f.followee)::text = (follow.follower)::text)
        Buffers: shared hit=1072, temp read=8 written=31
        ->  Index Only Scan using follow_pkey on follow f  (cost=0.42..3656.36 rows=99996 width=9) (actual rows=99996 loops=1)
              Heap Fetches: 0
              Buffers: shared hit=538
        ->  Sort  (cost=6646.58..6770.64 rows=49622 width=5) (actual rows=49999 loops=1)
              Sort Key: follow.follower
              Sort Method: quicksort  Memory: 3710kB
              Buffers: shared hit=534, temp read=8 written=31
              ->  HashAggregate  (cost=1783.95..2280.17 rows=49622 width=5) (actual rows=49999 loops=1)
                    Group Key: follow.follower
                    Batches: 5  Memory Usage: 4145kB  Disk Usage: 208kB
                    Buffers: shared hit=534, temp read=8 written=31
                    ->  Seq Scan on follow  (cost=0.00..1533.96 rows=99996 width=5) (actual rows=99996 loops=1)
                          Buffers: shared hit=534
Planning Time: 0.263 ms
Execution Time: 217.144 ms",225.971,12470.57,25020,"GroupAggregate  (cost=6647.00..12470.57 rows=16959 width=12) (actual rows=25020 loops=1)
  Group Key: f.followee
  Buffers: shared hit=1072, temp read=8 written=31
  ->  Merge Join  (cost=6647.00..11801.00 rows=99996 width=9) (actual rows=99704 loops=1)
        Merge Cond: ((f.followee)::text = (follow.follower)::text)
        Buffers: shared hit=1072, temp read=8 written=31
        ->  Index Only Scan using follow_pkey on follow f  (cost=0.42..3656.36 rows=99996 width=9) (actual rows=99996 loops=1)
              Heap Fetches: 0
              Buffers: shared hit=538
        ->  Sort  (cost=6646.58..6770.64 rows=49622 width=5) (actual rows=49999 loops=1)
              Sort Key: follow.follower
              Sort Method: quicksort  Memory: 3710kB
              Buffers: shared hit=534, temp read=8 written=31
              ->  HashAggregate  (cost=1783.95..2280.17 rows=49622 width=5) (actual rows=49999 loops=1)
                    Group Key: follow.follower
                    Batches: 5  Memory Usage: 4145kB  Disk Usage: 208kB
                    Buffers: shared hit=534, temp read=8 written=31
                    ->  Seq Scan on follow  (cost=0.00..1533.96 rows=99996 width=5) (actual rows=99996 loops=1)
                          Buffers: shared hit=534
Planning Time: 0.329 ms
Execution Time: 225.971 ms",219.369,12470.57,25020,"GroupAggregate  (cost=6647.00..12470.57 rows=16959 width=12) (actual rows=25020 loops=1)
  Group Key: f.followee
  Buffers: shared hit=1072, temp read=8 written=31
  ->  Merge Join  (cost=6647.00..11801.00 rows=99996 width=9) (actual rows=99704 loops=1)
        Merge Cond: ((f.followee)::text = (follow.follower)::text)
        Buffers: shared hit=1072, temp read=8 written=31
        ->  Index Only Scan using follow_pkey on follow f  (cost=0.42..3656.36 rows=99996 width=9) (actual rows=99996 loops=1)
              Heap Fetches: 0
              Buffers: shared hit=538
        ->  Sort  (cost=6646.58..6770.64 rows=49622 width=5) (actual rows=49999 loops=1)
              Sort Key: follow.follower
              Sort Method: quicksort  Memory: 3710kB
              Buffers: shared hit=534, temp read=8 written=31
              ->  HashAggregate  (cost=1783.95..2280.17 rows=49622 width=5) (actual rows=49999 loops=1)
                    Group Key: follow.follower
                    Batches: 5  Memory Usage: 4145kB  Disk Usage: 208kB
                    Buffers: shared hit=534, temp read=8 written=31
                    ->  Seq Scan on follow  (cost=0.00..1533.96 rows=99996 width=5) (actual rows=99996 loops=1)
                          Buffers: shared hit=534
Planning Time: 0.216 ms
Execution Time: 219.369 ms",218.687,219.369,222.6765,228.6066,12470.57,12470.57,25020,25020,25020,25020,normal,not normal,26.76289450000005,31.913121199999978,equal variances,significant,0.003968253968253968,-134.13320000000002,-133.014,-7901.16,0,True
402,614,360,Medium,"select t_cte_18.c_follower0 as follower, count(b.follower) as num from (select a.follower as c_follower0 from schema_614.follow as a group by a.follower) as t_cte_18 inner join schema_614.follow as b on t_cte_18.c_follower0 = b.followee group by t_cte_18.c_follower0",99.679,6658.12,25020,"HashAggregate  (cost=6656.12..6658.12 rows=200 width=13) (actual rows=25020 loops=1)
  Group Key: a.follower
  Batches: 1  Memory Usage: 2849kB
  Buffers: shared hit=1068, temp read=8 written=31
  ->  Hash Join  (cost=3396.67..5193.18 rows=292588 width=10) (actual rows=99704 loops=1)
        Hash Cond: ((b.followee)::text = (a.follower)::text)
        Buffers: shared hit=1068, temp read=8 written=31
        ->  Seq Scan on follow b  (cost=0.00..1533.96 rows=99996 width=9) (actual rows=99996 loops=1)
              Buffers: shared hit=534
        ->  Hash  (cost=2776.39..2776.39 rows=49622 width=5) (actual rows=49999 loops=1)
              Buckets: 65536  Batches: 1  Memory Usage: 2357kB
              Buffers: shared hit=534, temp read=8 written=31
              ->  HashAggregate  (cost=1783.95..2280.17 rows=49622 width=5) (actual rows=49999 loops=1)
                    Group Key: a.follower
                    Batches: 5  Memory Usage: 4145kB  Disk Usage: 208kB
                    Buffers: shared hit=534, temp read=8 written=31
                    ->  Seq Scan on follow a  (cost=0.00..1533.96 rows=99996 width=5) (actual rows=99996 loops=1)
                          Buffers: shared hit=534
Planning Time: 0.140 ms
Execution Time: 99.679 ms",109.153,6658.12,25020,"HashAggregate  (cost=6656.12..6658.12 rows=200 width=13) (actual rows=25020 loops=1)
  Group Key: a.follower
  Batches: 1  Memory Usage: 2849kB
  Buffers: shared hit=1068, temp read=8 written=31
  ->  Hash Join  (cost=3396.67..5193.18 rows=292588 width=10) (actual rows=99704 loops=1)
        Hash Cond: ((b.followee)::text = (a.follower)::text)
        Buffers: shared hit=1068, temp read=8 written=31
        ->  Seq Scan on follow b  (cost=0.00..1533.96 rows=99996 width=9) (actual rows=99996 loops=1)
              Buffers: shared hit=534
        ->  Hash  (cost=2776.39..2776.39 rows=49622 width=5) (actual rows=49999 loops=1)
              Buckets: 65536  Batches: 1  Memory Usage: 2357kB
              Buffers: shared hit=534, temp read=8 written=31
              ->  HashAggregate  (cost=1783.95..2280.17 rows=49622 width=5) (actual rows=49999 loops=1)
                    Group Key: a.follower
                    Batches: 5  Memory Usage: 4145kB  Disk Usage: 208kB
                    Buffers: shared hit=534, temp read=8 written=31
                    ->  Seq Scan on follow a  (cost=0.00..1533.96 rows=99996 width=5) (actual rows=99996 loops=1)
                          Buffers: shared hit=534
Planning Time: 0.203 ms
Execution Time: 109.153 ms",105.215,6658.12,25020,"HashAggregate  (cost=6656.12..6658.12 rows=200 width=13) (actual rows=25020 loops=1)
  Group Key: a.follower
  Batches: 1  Memory Usage: 2849kB
  Buffers: shared hit=1068, temp read=8 written=31
  ->  Hash Join  (cost=3396.67..5193.18 rows=292588 width=10) (actual rows=99704 loops=1)
        Hash Cond: ((b.followee)::text = (a.follower)::text)
        Buffers: shared hit=1068, temp read=8 written=31
        ->  Seq Scan on follow b  (cost=0.00..1533.96 rows=99996 width=9) (actual rows=99996 loops=1)
              Buffers: shared hit=534
        ->  Hash  (cost=2776.39..2776.39 rows=49622 width=5) (actual rows=49999 loops=1)
              Buckets: 65536  Batches: 1  Memory Usage: 2357kB
              Buffers: shared hit=534, temp read=8 written=31
              ->  HashAggregate  (cost=1783.95..2280.17 rows=49622 width=5) (actual rows=49999 loops=1)
                    Group Key: a.follower
                    Batches: 5  Memory Usage: 4145kB  Disk Usage: 208kB
                    Buffers: shared hit=534, temp read=8 written=31
                    ->  Seq Scan on follow a  (cost=0.00..1533.96 rows=99996 width=5) (actual rows=99996 loops=1)
                          Buffers: shared hit=534
Planning Time: 0.173 ms
Execution Time: 105.215 ms",109.519,6658.12,25020,"HashAggregate  (cost=6656.12..6658.12 rows=200 width=13) (actual rows=25020 loops=1)
  Group Key: a.follower
  Batches: 1  Memory Usage: 2849kB
  Buffers: shared hit=1068, temp read=8 written=31
  ->  Hash Join  (cost=3396.67..5193.18 rows=292588 width=10) (actual rows=99704 loops=1)
        Hash Cond: ((b.followee)::text = (a.follower)::text)
        Buffers: shared hit=1068, temp read=8 written=31
        ->  Seq Scan on follow b  (cost=0.00..1533.96 rows=99996 width=9) (actual rows=99996 loops=1)
              Buffers: shared hit=534
        ->  Hash  (cost=2776.39..2776.39 rows=49622 width=5) (actual rows=49999 loops=1)
              Buckets: 65536  Batches: 1  Memory Usage: 2357kB
              Buffers: shared hit=534, temp read=8 written=31
              ->  HashAggregate  (cost=1783.95..2280.17 rows=49622 width=5) (actual rows=49999 loops=1)
                    Group Key: a.follower
                    Batches: 5  Memory Usage: 4145kB  Disk Usage: 208kB
                    Buffers: shared hit=534, temp read=8 written=31
                    ->  Seq Scan on follow a  (cost=0.00..1533.96 rows=99996 width=5) (actual rows=99996 loops=1)
                          Buffers: shared hit=534
Planning Time: 0.286 ms
Execution Time: 109.519 ms",147.64,6658.12,25020,"HashAggregate  (cost=6656.12..6658.12 rows=200 width=13) (actual rows=25020 loops=1)
  Group Key: a.follower
  Batches: 1  Memory Usage: 2849kB
  Buffers: shared hit=1068, temp read=8 written=31
  ->  Hash Join  (cost=3396.67..5193.18 rows=292588 width=10) (actual rows=99704 loops=1)
        Hash Cond: ((b.followee)::text = (a.follower)::text)
        Buffers: shared hit=1068, temp read=8 written=31
        ->  Seq Scan on follow b  (cost=0.00..1533.96 rows=99996 width=9) (actual rows=99996 loops=1)
              Buffers: shared hit=534
        ->  Hash  (cost=2776.39..2776.39 rows=49622 width=5) (actual rows=49999 loops=1)
              Buckets: 65536  Batches: 1  Memory Usage: 2357kB
              Buffers: shared hit=534, temp read=8 written=31
              ->  HashAggregate  (cost=1783.95..2280.17 rows=49622 width=5) (actual rows=49999 loops=1)
                    Group Key: a.follower
                    Batches: 5  Memory Usage: 4145kB  Disk Usage: 208kB
                    Buffers: shared hit=534, temp read=8 written=31
                    ->  Seq Scan on follow a  (cost=0.00..1533.96 rows=99996 width=5) (actual rows=99996 loops=1)
                          Buffers: shared hit=534
Planning Time: 0.189 ms
Execution Time: 147.640 ms",114.2412,109.153,128.5795,162.8884,6658.12,6658.12,25020,25020,25020,25020,614_360,402,614,360,Medium,"select follower, count(distinct follower_follower) as num from (select a.follower, b.follower as follower_follower from schema_614.follow as a join schema_614.follow as b on a.follower = b.followee) as c group by follower",352.225,18271.08,25020,"GroupAggregate  (cost=9893.60..18271.08 rows=49622 width=13) (actual rows=25020 loops=1)
  Group Key: a.follower
  Buffers: shared hit=1072, temp read=810 written=485
  ->  Merge Join  (cost=9893.60..16767.32 rows=201507 width=10) (actual rows=198860 loops=1)
        Merge Cond: ((b.followee)::text = (a.follower)::text)
        Buffers: shared hit=1072, temp read=810 written=485
        ->  Index Only Scan using follow_pkey on follow b  (cost=0.42..3656.36 rows=99996 width=9) (actual rows=99996 loops=1)
              Heap Fetches: 0
              Buffers: shared hit=538
        ->  Sort  (cost=9838.42..10088.41 rows=99996 width=5) (actual rows=248818 loops=1)
              Sort Key: a.follower
              Sort Method: external sort  Disk: 1936kB
              Buffers: shared hit=534, temp read=647 written=485
              ->  Seq Scan on follow a  (cost=0.00..1533.96 rows=99996 width=5) (actual rows=99996 loops=1)
                    Buffers: shared hit=534
Planning:
  Buffers: shared hit=8
Planning Time: 0.217 ms
Execution Time: 352.225 ms",361.055,18271.08,25020,"GroupAggregate  (cost=9893.60..18271.08 rows=49622 width=13) (actual rows=25020 loops=1)
  Group Key: a.follower
  Buffers: shared hit=1072, temp read=810 written=485
  ->  Merge Join  (cost=9893.60..16767.32 rows=201507 width=10) (actual rows=198860 loops=1)
        Merge Cond: ((b.followee)::text = (a.follower)::text)
        Buffers: shared hit=1072, temp read=810 written=485
        ->  Index Only Scan using follow_pkey on follow b  (cost=0.42..3656.36 rows=99996 width=9) (actual rows=99996 loops=1)
              Heap Fetches: 0
              Buffers: shared hit=538
        ->  Sort  (cost=9838.42..10088.41 rows=99996 width=5) (actual rows=248818 loops=1)
              Sort Key: a.follower
              Sort Method: external sort  Disk: 1936kB
              Buffers: shared hit=534, temp read=647 written=485
              ->  Seq Scan on follow a  (cost=0.00..1533.96 rows=99996 width=5) (actual rows=99996 loops=1)
                    Buffers: shared hit=534
Planning:
  Buffers: shared hit=8
Planning Time: 0.217 ms
Execution Time: 361.055 ms",363.647,18271.08,25020,"GroupAggregate  (cost=9893.60..18271.08 rows=49622 width=13) (actual rows=25020 loops=1)
  Group Key: a.follower
  Buffers: shared hit=1072, temp read=810 written=485
  ->  Merge Join  (cost=9893.60..16767.32 rows=201507 width=10) (actual rows=198860 loops=1)
        Merge Cond: ((b.followee)::text = (a.follower)::text)
        Buffers: shared hit=1072, temp read=810 written=485
        ->  Index Only Scan using follow_pkey on follow b  (cost=0.42..3656.36 rows=99996 width=9) (actual rows=99996 loops=1)
              Heap Fetches: 0
              Buffers: shared hit=538
        ->  Sort  (cost=9838.42..10088.41 rows=99996 width=5) (actual rows=248818 loops=1)
              Sort Key: a.follower
              Sort Method: external sort  Disk: 1936kB
              Buffers: shared hit=534, temp read=647 written=485
              ->  Seq Scan on follow a  (cost=0.00..1533.96 rows=99996 width=5) (actual rows=99996 loops=1)
                    Buffers: shared hit=534
Planning:
  Buffers: shared hit=8
Planning Time: 0.393 ms
Execution Time: 363.647 ms",373.057,18271.08,25020,"GroupAggregate  (cost=9893.60..18271.08 rows=49622 width=13) (actual rows=25020 loops=1)
  Group Key: a.follower
  Buffers: shared hit=1072, temp read=810 written=485
  ->  Merge Join  (cost=9893.60..16767.32 rows=201507 width=10) (actual rows=198860 loops=1)
        Merge Cond: ((b.followee)::text = (a.follower)::text)
        Buffers: shared hit=1072, temp read=810 written=485
        ->  Index Only Scan using follow_pkey on follow b  (cost=0.42..3656.36 rows=99996 width=9) (actual rows=99996 loops=1)
              Heap Fetches: 0
              Buffers: shared hit=538
        ->  Sort  (cost=9838.42..10088.41 rows=99996 width=5) (actual rows=248818 loops=1)
              Sort Key: a.follower
              Sort Method: external sort  Disk: 1936kB
              Buffers: shared hit=534, temp read=647 written=485
              ->  Seq Scan on follow a  (cost=0.00..1533.96 rows=99996 width=5) (actual rows=99996 loops=1)
                    Buffers: shared hit=534
Planning:
  Buffers: shared hit=8
Planning Time: 0.315 ms
Execution Time: 373.057 ms",360.097,18271.08,25020,"GroupAggregate  (cost=9893.60..18271.08 rows=49622 width=13) (actual rows=25020 loops=1)
  Group Key: a.follower
  Buffers: shared hit=1072, temp read=810 written=485
  ->  Merge Join  (cost=9893.60..16767.32 rows=201507 width=10) (actual rows=198860 loops=1)
        Merge Cond: ((b.followee)::text = (a.follower)::text)
        Buffers: shared hit=1072, temp read=810 written=485
        ->  Index Only Scan using follow_pkey on follow b  (cost=0.42..3656.36 rows=99996 width=9) (actual rows=99996 loops=1)
              Heap Fetches: 0
              Buffers: shared hit=538
        ->  Sort  (cost=9838.42..10088.41 rows=99996 width=5) (actual rows=248818 loops=1)
              Sort Key: a.follower
              Sort Method: external sort  Disk: 1936kB
              Buffers: shared hit=534, temp read=647 written=485
              ->  Seq Scan on follow a  (cost=0.00..1533.96 rows=99996 width=5) (actual rows=99996 loops=1)
                    Buffers: shared hit=534
Planning:
  Buffers: shared hit=8
Planning Time: 0.344 ms
Execution Time: 360.097 ms",362.0162,361.055,368.352,376.821,18271.08,18271.08,25020,25020,25020,25020,normal,not normal,56.25840119999999,364.2996871999997,equal variances,significant,0.003968253968253968,-247.77500000000003,-251.902,-11612.960000000003,0,True
403,614,363,Medium,"select followers.c_follower0 as follower, count(t_follow_1.follower) as num from (select t_follow_0.follower as c_follower0 from schema_614.follow as t_follow_0 group by t_follow_0.follower) as followers inner join schema_614.follow as t_follow_1 on followers.c_follower0 = t_follow_1.followee group by followers.c_follower0",99.012,6658.12,25020,"HashAggregate  (cost=6656.12..6658.12 rows=200 width=13) (actual rows=25020 loops=1)
  Group Key: t_follow_0.follower
  Batches: 1  Memory Usage: 2849kB
  Buffers: shared hit=1068, temp read=8 written=31
  ->  Hash Join  (cost=3396.67..5193.18 rows=292588 width=10) (actual rows=99704 loops=1)
        Hash Cond: ((t_follow_1.followee)::text = (t_follow_0.follower)::text)
        Buffers: shared hit=1068, temp read=8 written=31
        ->  Seq Scan on follow t_follow_1  (cost=0.00..1533.96 rows=99996 width=9) (actual rows=99996 loops=1)
              Buffers: shared hit=534
        ->  Hash  (cost=2776.39..2776.39 rows=49622 width=5) (actual rows=49999 loops=1)
              Buckets: 65536  Batches: 1  Memory Usage: 2357kB
              Buffers: shared hit=534, temp read=8 written=31
              ->  HashAggregate  (cost=1783.95..2280.17 rows=49622 width=5) (actual rows=49999 loops=1)
                    Group Key: t_follow_0.follower
                    Batches: 5  Memory Usage: 4145kB  Disk Usage: 208kB
                    Buffers: shared hit=534, temp read=8 written=31
                    ->  Seq Scan on follow t_follow_0  (cost=0.00..1533.96 rows=99996 width=5) (actual rows=99996 loops=1)
                          Buffers: shared hit=534
Planning Time: 0.113 ms
Execution Time: 99.012 ms",109.519,6658.12,25020,"HashAggregate  (cost=6656.12..6658.12 rows=200 width=13) (actual rows=25020 loops=1)
  Group Key: t_follow_0.follower
  Batches: 1  Memory Usage: 2849kB
  Buffers: shared hit=1068, temp read=8 written=31
  ->  Hash Join  (cost=3396.67..5193.18 rows=292588 width=10) (actual rows=99704 loops=1)
        Hash Cond: ((t_follow_1.followee)::text = (t_follow_0.follower)::text)
        Buffers: shared hit=1068, temp read=8 written=31
        ->  Seq Scan on follow t_follow_1  (cost=0.00..1533.96 rows=99996 width=9) (actual rows=99996 loops=1)
              Buffers: shared hit=534
        ->  Hash  (cost=2776.39..2776.39 rows=49622 width=5) (actual rows=49999 loops=1)
              Buckets: 65536  Batches: 1  Memory Usage: 2357kB
              Buffers: shared hit=534, temp read=8 written=31
              ->  HashAggregate  (cost=1783.95..2280.17 rows=49622 width=5) (actual rows=49999 loops=1)
                    Group Key: t_follow_0.follower
                    Batches: 5  Memory Usage: 4145kB  Disk Usage: 208kB
                    Buffers: shared hit=534, temp read=8 written=31
                    ->  Seq Scan on follow t_follow_0  (cost=0.00..1533.96 rows=99996 width=5) (actual rows=99996 loops=1)
                          Buffers: shared hit=534
Planning Time: 0.186 ms
Execution Time: 109.519 ms",107.284,6658.12,25020,"HashAggregate  (cost=6656.12..6658.12 rows=200 width=13) (actual rows=25020 loops=1)
  Group Key: t_follow_0.follower
  Batches: 1  Memory Usage: 2849kB
  Buffers: shared hit=1068, temp read=8 written=31
  ->  Hash Join  (cost=3396.67..5193.18 rows=292588 width=10) (actual rows=99704 loops=1)
        Hash Cond: ((t_follow_1.followee)::text = (t_follow_0.follower)::text)
        Buffers: shared hit=1068, temp read=8 written=31
        ->  Seq Scan on follow t_follow_1  (cost=0.00..1533.96 rows=99996 width=9) (actual rows=99996 loops=1)
              Buffers: shared hit=534
        ->  Hash  (cost=2776.39..2776.39 rows=49622 width=5) (actual rows=49999 loops=1)
              Buckets: 65536  Batches: 1  Memory Usage: 2357kB
              Buffers: shared hit=534, temp read=8 written=31
              ->  HashAggregate  (cost=1783.95..2280.17 rows=49622 width=5) (actual rows=49999 loops=1)
                    Group Key: t_follow_0.follower
                    Batches: 5  Memory Usage: 4145kB  Disk Usage: 208kB
                    Buffers: shared hit=534, temp read=8 written=31
                    ->  Seq Scan on follow t_follow_0  (cost=0.00..1533.96 rows=99996 width=5) (actual rows=99996 loops=1)
                          Buffers: shared hit=534
Planning Time: 0.160 ms
Execution Time: 107.284 ms",108.53,6658.12,25020,"HashAggregate  (cost=6656.12..6658.12 rows=200 width=13) (actual rows=25020 loops=1)
  Group Key: t_follow_0.follower
  Batches: 1  Memory Usage: 2849kB
  Buffers: shared hit=1068, temp read=8 written=31
  ->  Hash Join  (cost=3396.67..5193.18 rows=292588 width=10) (actual rows=99704 loops=1)
        Hash Cond: ((t_follow_1.followee)::text = (t_follow_0.follower)::text)
        Buffers: shared hit=1068, temp read=8 written=31
        ->  Seq Scan on follow t_follow_1  (cost=0.00..1533.96 rows=99996 width=9) (actual rows=99996 loops=1)
              Buffers: shared hit=534
        ->  Hash  (cost=2776.39..2776.39 rows=49622 width=5) (actual rows=49999 loops=1)
              Buckets: 65536  Batches: 1  Memory Usage: 2357kB
              Buffers: shared hit=534, temp read=8 written=31
              ->  HashAggregate  (cost=1783.95..2280.17 rows=49622 width=5) (actual rows=49999 loops=1)
                    Group Key: t_follow_0.follower
                    Batches: 5  Memory Usage: 4145kB  Disk Usage: 208kB
                    Buffers: shared hit=534, temp read=8 written=31
                    ->  Seq Scan on follow t_follow_0  (cost=0.00..1533.96 rows=99996 width=5) (actual rows=99996 loops=1)
                          Buffers: shared hit=534
Planning Time: 0.165 ms
Execution Time: 108.530 ms",111.957,6658.12,25020,"HashAggregate  (cost=6656.12..6658.12 rows=200 width=13) (actual rows=25020 loops=1)
  Group Key: t_follow_0.follower
  Batches: 1  Memory Usage: 2849kB
  Buffers: shared hit=1068, temp read=8 written=31
  ->  Hash Join  (cost=3396.67..5193.18 rows=292588 width=10) (actual rows=99704 loops=1)
        Hash Cond: ((t_follow_1.followee)::text = (t_follow_0.follower)::text)
        Buffers: shared hit=1068, temp read=8 written=31
        ->  Seq Scan on follow t_follow_1  (cost=0.00..1533.96 rows=99996 width=9) (actual rows=99996 loops=1)
              Buffers: shared hit=534
        ->  Hash  (cost=2776.39..2776.39 rows=49622 width=5) (actual rows=49999 loops=1)
              Buckets: 65536  Batches: 1  Memory Usage: 2357kB
              Buffers: shared hit=534, temp read=8 written=31
              ->  HashAggregate  (cost=1783.95..2280.17 rows=49622 width=5) (actual rows=49999 loops=1)
                    Group Key: t_follow_0.follower
                    Batches: 5  Memory Usage: 4145kB  Disk Usage: 208kB
                    Buffers: shared hit=534, temp read=8 written=31
                    ->  Seq Scan on follow t_follow_0  (cost=0.00..1533.96 rows=99996 width=5) (actual rows=99996 loops=1)
                          Buffers: shared hit=534
Planning Time: 0.189 ms
Execution Time: 111.957 ms",107.2604,108.53,110.738,112.9322,6658.12,6658.12,25020,25020,25020,25020,614_363,403,614,363,Medium,"select followers.follower, followees.num from (select follower from schema_614.follow group by follower) as followers join (select followee, count(distinct follower) as num from schema_614.follow group by followee) as followees on followers.follower = followees.followee order by follower",199.381,53509.58,25020,"Merge Join  (cost=6647.00..53509.58 rows=4207697 width=13) (actual rows=25020 loops=1)
  Merge Cond: ((follow.follower)::text = (follow_1.followee)::text)
  Buffers: shared hit=1072, temp read=8 written=31
  ->  Sort  (cost=6646.58..6770.64 rows=49622 width=5) (actual rows=49999 loops=1)
        Sort Key: follow.follower
        Sort Method: quicksort  Memory: 3710kB
        Buffers: shared hit=534, temp read=8 written=31
        ->  HashAggregate  (cost=1783.95..2280.17 rows=49622 width=5) (actual rows=49999 loops=1)
              Group Key: follow.follower
              Batches: 5  Memory Usage: 4145kB  Disk Usage: 208kB
              Buffers: shared hit=534, temp read=8 written=31
              ->  Seq Scan on follow  (cost=0.00..1533.96 rows=99996 width=5) (actual rows=99996 loops=1)
                    Buffers: shared hit=534
  ->  GroupAggregate  (cost=0.42..4325.93 rows=16959 width=12) (actual rows=25021 loops=1)
        Group Key: follow_1.followee
        Buffers: shared hit=538
        ->  Index Only Scan using follow_pkey on follow follow_1  (cost=0.42..3656.36 rows=99996 width=9) (actual rows=99996 loops=1)
              Heap Fetches: 0
              Buffers: shared hit=538
Planning Time: 0.110 ms
Execution Time: 199.381 ms",214.883,53509.58,25020,"Merge Join  (cost=6647.00..53509.58 rows=4207697 width=13) (actual rows=25020 loops=1)
  Merge Cond: ((follow.follower)::text = (follow_1.followee)::text)
  Buffers: shared hit=1072, temp read=8 written=31
  ->  Sort  (cost=6646.58..6770.64 rows=49622 width=5) (actual rows=49999 loops=1)
        Sort Key: follow.follower
        Sort Method: quicksort  Memory: 3710kB
        Buffers: shared hit=534, temp read=8 written=31
        ->  HashAggregate  (cost=1783.95..2280.17 rows=49622 width=5) (actual rows=49999 loops=1)
              Group Key: follow.follower
              Batches: 5  Memory Usage: 4145kB  Disk Usage: 208kB
              Buffers: shared hit=534, temp read=8 written=31
              ->  Seq Scan on follow  (cost=0.00..1533.96 rows=99996 width=5) (actual rows=99996 loops=1)
                    Buffers: shared hit=534
  ->  GroupAggregate  (cost=0.42..4325.93 rows=16959 width=12) (actual rows=25021 loops=1)
        Group Key: follow_1.followee
        Buffers: shared hit=538
        ->  Index Only Scan using follow_pkey on follow follow_1  (cost=0.42..3656.36 rows=99996 width=9) (actual rows=99996 loops=1)
              Heap Fetches: 0
              Buffers: shared hit=538
Planning Time: 0.168 ms
Execution Time: 214.883 ms",207.146,53509.58,25020,"Merge Join  (cost=6647.00..53509.58 rows=4207697 width=13) (actual rows=25020 loops=1)
  Merge Cond: ((follow.follower)::text = (follow_1.followee)::text)
  Buffers: shared hit=1072, temp read=8 written=31
  ->  Sort  (cost=6646.58..6770.64 rows=49622 width=5) (actual rows=49999 loops=1)
        Sort Key: follow.follower
        Sort Method: quicksort  Memory: 3710kB
        Buffers: shared hit=534, temp read=8 written=31
        ->  HashAggregate  (cost=1783.95..2280.17 rows=49622 width=5) (actual rows=49999 loops=1)
              Group Key: follow.follower
              Batches: 5  Memory Usage: 4145kB  Disk Usage: 208kB
              Buffers: shared hit=534, temp read=8 written=31
              ->  Seq Scan on follow  (cost=0.00..1533.96 rows=99996 width=5) (actual rows=99996 loops=1)
                    Buffers: shared hit=534
  ->  GroupAggregate  (cost=0.42..4325.93 rows=16959 width=12) (actual rows=25021 loops=1)
        Group Key: follow_1.followee
        Buffers: shared hit=538
        ->  Index Only Scan using follow_pkey on follow follow_1  (cost=0.42..3656.36 rows=99996 width=9) (actual rows=99996 loops=1)
              Heap Fetches: 0
              Buffers: shared hit=538
Planning Time: 0.183 ms
Execution Time: 207.146 ms",207.735,53509.58,25020,"Merge Join  (cost=6647.00..53509.58 rows=4207697 width=13) (actual rows=25020 loops=1)
  Merge Cond: ((follow.follower)::text = (follow_1.followee)::text)
  Buffers: shared hit=1072, temp read=8 written=31
  ->  Sort  (cost=6646.58..6770.64 rows=49622 width=5) (actual rows=49999 loops=1)
        Sort Key: follow.follower
        Sort Method: quicksort  Memory: 3710kB
        Buffers: shared hit=534, temp read=8 written=31
        ->  HashAggregate  (cost=1783.95..2280.17 rows=49622 width=5) (actual rows=49999 loops=1)
              Group Key: follow.follower
              Batches: 5  Memory Usage: 4145kB  Disk Usage: 208kB
              Buffers: shared hit=534, temp read=8 written=31
              ->  Seq Scan on follow  (cost=0.00..1533.96 rows=99996 width=5) (actual rows=99996 loops=1)
                    Buffers: shared hit=534
  ->  GroupAggregate  (cost=0.42..4325.93 rows=16959 width=12) (actual rows=25021 loops=1)
        Group Key: follow_1.followee
        Buffers: shared hit=538
        ->  Index Only Scan using follow_pkey on follow follow_1  (cost=0.42..3656.36 rows=99996 width=9) (actual rows=99996 loops=1)
              Heap Fetches: 0
              Buffers: shared hit=538
Planning Time: 0.153 ms
Execution Time: 207.735 ms",207.735,53509.58,25020,"Merge Join  (cost=6647.00..53509.58 rows=4207697 width=13) (actual rows=25020 loops=1)
  Merge Cond: ((follow.follower)::text = (follow_1.followee)::text)
  Buffers: shared hit=1072, temp read=8 written=31
  ->  Sort  (cost=6646.58..6770.64 rows=49622 width=5) (actual rows=49999 loops=1)
        Sort Key: follow.follower
        Sort Method: quicksort  Memory: 3710kB
        Buffers: shared hit=534, temp read=8 written=31
        ->  HashAggregate  (cost=1783.95..2280.17 rows=49622 width=5) (actual rows=49999 loops=1)
              Group Key: follow.follower
              Batches: 5  Memory Usage: 4145kB  Disk Usage: 208kB
              Buffers: shared hit=534, temp read=8 written=31
              ->  Seq Scan on follow  (cost=0.00..1533.96 rows=99996 width=5) (actual rows=99996 loops=1)
                    Buffers: shared hit=534
  ->  GroupAggregate  (cost=0.42..4325.93 rows=16959 width=12) (actual rows=25021 loops=1)
        Group Key: follow_1.followee
        Buffers: shared hit=538
        ->  Index Only Scan using follow_pkey on follow follow_1  (cost=0.42..3656.36 rows=99996 width=9) (actual rows=99996 loops=1)
              Heap Fetches: 0
              Buffers: shared hit=538
Planning Time: 0.221 ms
Execution Time: 207.735 ms",207.376,207.735,211.309,217.7422,53509.58,53509.58,25020,25020,25020,25020,normal,normal,30.146434000000045,24.201967299999986,equal variances,significant,0.005962616796508801,-100.1156,-99.20500000000001,-46851.46,0,True
404,614,365,Medium,"select t_cte_4.c_follower0 as follower, count(fwer.follower) as num from schema_614.follow as fwer inner join (select fwe.follower as c_follower0 from schema_614.follow as fwe group by fwe.follower) as t_cte_4 on t_cte_4.c_follower0 = fwer.followee group by t_cte_4.c_follower0",104.613,6658.12,25020,"HashAggregate  (cost=6656.12..6658.12 rows=200 width=13) (actual rows=25020 loops=1)
  Group Key: fwe.follower
  Batches: 1  Memory Usage: 2849kB
  Buffers: shared hit=1068, temp read=8 written=31
  ->  Hash Join  (cost=3396.67..5193.18 rows=292588 width=10) (actual rows=99704 loops=1)
        Hash Cond: ((fwer.followee)::text = (fwe.follower)::text)
        Buffers: shared hit=1068, temp read=8 written=31
        ->  Seq Scan on follow fwer  (cost=0.00..1533.96 rows=99996 width=9) (actual rows=99996 loops=1)
              Buffers: shared hit=534
        ->  Hash  (cost=2776.39..2776.39 rows=49622 width=5) (actual rows=49999 loops=1)
              Buckets: 65536  Batches: 1  Memory Usage: 2357kB
              Buffers: shared hit=534, temp read=8 written=31
              ->  HashAggregate  (cost=1783.95..2280.17 rows=49622 width=5) (actual rows=49999 loops=1)
                    Group Key: fwe.follower
                    Batches: 5  Memory Usage: 4145kB  Disk Usage: 208kB
                    Buffers: shared hit=534, temp read=8 written=31
                    ->  Seq Scan on follow fwe  (cost=0.00..1533.96 rows=99996 width=5) (actual rows=99996 loops=1)
                          Buffers: shared hit=534
Planning Time: 0.133 ms
Execution Time: 104.613 ms",108.55,6658.12,25020,"HashAggregate  (cost=6656.12..6658.12 rows=200 width=13) (actual rows=25020 loops=1)
  Group Key: fwe.follower
  Batches: 1  Memory Usage: 2849kB
  Buffers: shared hit=1068, temp read=8 written=31
  ->  Hash Join  (cost=3396.67..5193.18 rows=292588 width=10) (actual rows=99704 loops=1)
        Hash Cond: ((fwer.followee)::text = (fwe.follower)::text)
        Buffers: shared hit=1068, temp read=8 written=31
        ->  Seq Scan on follow fwer  (cost=0.00..1533.96 rows=99996 width=9) (actual rows=99996 loops=1)
              Buffers: shared hit=534
        ->  Hash  (cost=2776.39..2776.39 rows=49622 width=5) (actual rows=49999 loops=1)
              Buckets: 65536  Batches: 1  Memory Usage: 2357kB
              Buffers: shared hit=534, temp read=8 written=31
              ->  HashAggregate  (cost=1783.95..2280.17 rows=49622 width=5) (actual rows=49999 loops=1)
                    Group Key: fwe.follower
                    Batches: 5  Memory Usage: 4145kB  Disk Usage: 208kB
                    Buffers: shared hit=534, temp read=8 written=31
                    ->  Seq Scan on follow fwe  (cost=0.00..1533.96 rows=99996 width=5) (actual rows=99996 loops=1)
                          Buffers: shared hit=534
Planning Time: 0.230 ms
Execution Time: 108.550 ms",105.274,6658.12,25020,"HashAggregate  (cost=6656.12..6658.12 rows=200 width=13) (actual rows=25020 loops=1)
  Group Key: fwe.follower
  Batches: 1  Memory Usage: 2849kB
  Buffers: shared hit=1068, temp read=8 written=31
  ->  Hash Join  (cost=3396.67..5193.18 rows=292588 width=10) (actual rows=99704 loops=1)
        Hash Cond: ((fwer.followee)::text = (fwe.follower)::text)
        Buffers: shared hit=1068, temp read=8 written=31
        ->  Seq Scan on follow fwer  (cost=0.00..1533.96 rows=99996 width=9) (actual rows=99996 loops=1)
              Buffers: shared hit=534
        ->  Hash  (cost=2776.39..2776.39 rows=49622 width=5) (actual rows=49999 loops=1)
              Buckets: 65536  Batches: 1  Memory Usage: 2357kB
              Buffers: shared hit=534, temp read=8 written=31
              ->  HashAggregate  (cost=1783.95..2280.17 rows=49622 width=5) (actual rows=49999 loops=1)
                    Group Key: fwe.follower
                    Batches: 5  Memory Usage: 4145kB  Disk Usage: 208kB
                    Buffers: shared hit=534, temp read=8 written=31
                    ->  Seq Scan on follow fwe  (cost=0.00..1533.96 rows=99996 width=5) (actual rows=99996 loops=1)
                          Buffers: shared hit=534
Planning Time: 0.184 ms
Execution Time: 105.274 ms",112.21,6658.12,25020,"HashAggregate  (cost=6656.12..6658.12 rows=200 width=13) (actual rows=25020 loops=1)
  Group Key: fwe.follower
  Batches: 1  Memory Usage: 2849kB
  Buffers: shared hit=1068, temp read=8 written=31
  ->  Hash Join  (cost=3396.67..5193.18 rows=292588 width=10) (actual rows=99704 loops=1)
        Hash Cond: ((fwer.followee)::text = (fwe.follower)::text)
        Buffers: shared hit=1068, temp read=8 written=31
        ->  Seq Scan on follow fwer  (cost=0.00..1533.96 rows=99996 width=9) (actual rows=99996 loops=1)
              Buffers: shared hit=534
        ->  Hash  (cost=2776.39..2776.39 rows=49622 width=5) (actual rows=49999 loops=1)
              Buckets: 65536  Batches: 1  Memory Usage: 2357kB
              Buffers: shared hit=534, temp read=8 written=31
              ->  HashAggregate  (cost=1783.95..2280.17 rows=49622 width=5) (actual rows=49999 loops=1)
                    Group Key: fwe.follower
                    Batches: 5  Memory Usage: 4145kB  Disk Usage: 208kB
                    Buffers: shared hit=534, temp read=8 written=31
                    ->  Seq Scan on follow fwe  (cost=0.00..1533.96 rows=99996 width=5) (actual rows=99996 loops=1)
                          Buffers: shared hit=534
Planning Time: 0.187 ms
Execution Time: 112.210 ms",108.067,6658.12,25020,"HashAggregate  (cost=6656.12..6658.12 rows=200 width=13) (actual rows=25020 loops=1)
  Group Key: fwe.follower
  Batches: 1  Memory Usage: 2849kB
  Buffers: shared hit=1068, temp read=8 written=31
  ->  Hash Join  (cost=3396.67..5193.18 rows=292588 width=10) (actual rows=99704 loops=1)
        Hash Cond: ((fwer.followee)::text = (fwe.follower)::text)
        Buffers: shared hit=1068, temp read=8 written=31
        ->  Seq Scan on follow fwer  (cost=0.00..1533.96 rows=99996 width=9) (actual rows=99996 loops=1)
              Buffers: shared hit=534
        ->  Hash  (cost=2776.39..2776.39 rows=49622 width=5) (actual rows=49999 loops=1)
              Buckets: 65536  Batches: 1  Memory Usage: 2357kB
              Buffers: shared hit=534, temp read=8 written=31
              ->  HashAggregate  (cost=1783.95..2280.17 rows=49622 width=5) (actual rows=49999 loops=1)
                    Group Key: fwe.follower
                    Batches: 5  Memory Usage: 4145kB  Disk Usage: 208kB
                    Buffers: shared hit=534, temp read=8 written=31
                    ->  Seq Scan on follow fwe  (cost=0.00..1533.96 rows=99996 width=5) (actual rows=99996 loops=1)
                          Buffers: shared hit=534
Planning Time: 0.204 ms
Execution Time: 108.067 ms",107.7428,108.067,110.38,113.674,6658.12,6658.12,25020,25020,25020,25020,614_365,404,614,365,Medium,"select fwe.follower, count(distinct fwer.follower) as num from schema_614.follow as fwe join schema_614.follow as fwer on fwe.follower = fwer.followee group by fwe.follower",354.189,18271.08,25020,"GroupAggregate  (cost=9893.60..18271.08 rows=49622 width=13) (actual rows=25020 loops=1)
  Group Key: fwe.follower
  Buffers: shared hit=1072, temp read=810 written=485
  ->  Merge Join  (cost=9893.60..16767.32 rows=201507 width=10) (actual rows=198860 loops=1)
        Merge Cond: ((fwer.followee)::text = (fwe.follower)::text)
        Buffers: shared hit=1072, temp read=810 written=485
        ->  Index Only Scan using follow_pkey on follow fwer  (cost=0.42..3656.36 rows=99996 width=9) (actual rows=99996 loops=1)
              Heap Fetches: 0
              Buffers: shared hit=538
        ->  Sort  (cost=9838.42..10088.41 rows=99996 width=5) (actual rows=248818 loops=1)
              Sort Key: fwe.follower
              Sort Method: external sort  Disk: 1936kB
              Buffers: shared hit=534, temp read=647 written=485
              ->  Seq Scan on follow fwe  (cost=0.00..1533.96 rows=99996 width=5) (actual rows=99996 loops=1)
                    Buffers: shared hit=534
Planning:
  Buffers: shared hit=8
Planning Time: 0.188 ms
Execution Time: 354.189 ms",355.811,18271.08,25020,"GroupAggregate  (cost=9893.60..18271.08 rows=49622 width=13) (actual rows=25020 loops=1)
  Group Key: fwe.follower
  Buffers: shared hit=1072, temp read=810 written=485
  ->  Merge Join  (cost=9893.60..16767.32 rows=201507 width=10) (actual rows=198860 loops=1)
        Merge Cond: ((fwer.followee)::text = (fwe.follower)::text)
        Buffers: shared hit=1072, temp read=810 written=485
        ->  Index Only Scan using follow_pkey on follow fwer  (cost=0.42..3656.36 rows=99996 width=9) (actual rows=99996 loops=1)
              Heap Fetches: 0
              Buffers: shared hit=538
        ->  Sort  (cost=9838.42..10088.41 rows=99996 width=5) (actual rows=248818 loops=1)
              Sort Key: fwe.follower
              Sort Method: external sort  Disk: 1936kB
              Buffers: shared hit=534, temp read=647 written=485
              ->  Seq Scan on follow fwe  (cost=0.00..1533.96 rows=99996 width=5) (actual rows=99996 loops=1)
                    Buffers: shared hit=534
Planning:
  Buffers: shared hit=8
Planning Time: 0.274 ms
Execution Time: 355.811 ms",359.067,18271.08,25020,"GroupAggregate  (cost=9893.60..18271.08 rows=49622 width=13) (actual rows=25020 loops=1)
  Group Key: fwe.follower
  Buffers: shared hit=1072, temp read=810 written=485
  ->  Merge Join  (cost=9893.60..16767.32 rows=201507 width=10) (actual rows=198860 loops=1)
        Merge Cond: ((fwer.followee)::text = (fwe.follower)::text)
        Buffers: shared hit=1072, temp read=810 written=485
        ->  Index Only Scan using follow_pkey on follow fwer  (cost=0.42..3656.36 rows=99996 width=9) (actual rows=99996 loops=1)
              Heap Fetches: 0
              Buffers: shared hit=538
        ->  Sort  (cost=9838.42..10088.41 rows=99996 width=5) (actual rows=248818 loops=1)
              Sort Key: fwe.follower
              Sort Method: external sort  Disk: 1936kB
              Buffers: shared hit=534, temp read=647 written=485
              ->  Seq Scan on follow fwe  (cost=0.00..1533.96 rows=99996 width=5) (actual rows=99996 loops=1)
                    Buffers: shared hit=534
Planning:
  Buffers: shared hit=8
Planning Time: 0.293 ms
Execution Time: 359.067 ms",360.817,18271.08,25020,"GroupAggregate  (cost=9893.60..18271.08 rows=49622 width=13) (actual rows=25020 loops=1)
  Group Key: fwe.follower
  Buffers: shared hit=1072, temp read=810 written=485
  ->  Merge Join  (cost=9893.60..16767.32 rows=201507 width=10) (actual rows=198860 loops=1)
        Merge Cond: ((fwer.followee)::text = (fwe.follower)::text)
        Buffers: shared hit=1072, temp read=810 written=485
        ->  Index Only Scan using follow_pkey on follow fwer  (cost=0.42..3656.36 rows=99996 width=9) (actual rows=99996 loops=1)
              Heap Fetches: 0
              Buffers: shared hit=538
        ->  Sort  (cost=9838.42..10088.41 rows=99996 width=5) (actual rows=248818 loops=1)
              Sort Key: fwe.follower
              Sort Method: external sort  Disk: 1936kB
              Buffers: shared hit=534, temp read=647 written=485
              ->  Seq Scan on follow fwe  (cost=0.00..1533.96 rows=99996 width=5) (actual rows=99996 loops=1)
                    Buffers: shared hit=534
Planning:
  Buffers: shared hit=8
Planning Time: 0.285 ms
Execution Time: 360.817 ms",371.445,18271.08,25020,"GroupAggregate  (cost=9893.60..18271.08 rows=49622 width=13) (actual rows=25020 loops=1)
  Group Key: fwe.follower
  Buffers: shared hit=1072, temp read=810 written=485
  ->  Merge Join  (cost=9893.60..16767.32 rows=201507 width=10) (actual rows=198860 loops=1)
        Merge Cond: ((fwer.followee)::text = (fwe.follower)::text)
        Buffers: shared hit=1072, temp read=810 written=485
        ->  Index Only Scan using follow_pkey on follow fwer  (cost=0.42..3656.36 rows=99996 width=9) (actual rows=99996 loops=1)
              Heap Fetches: 0
              Buffers: shared hit=538
        ->  Sort  (cost=9838.42..10088.41 rows=99996 width=5) (actual rows=248818 loops=1)
              Sort Key: fwe.follower
              Sort Method: external sort  Disk: 1936kB
              Buffers: shared hit=534, temp read=647 written=485
              ->  Seq Scan on follow fwe  (cost=0.00..1533.96 rows=99996 width=5) (actual rows=99996 loops=1)
                    Buffers: shared hit=534
Planning:
  Buffers: shared hit=8
Planning Time: 0.296 ms
Execution Time: 371.445 ms",360.2658,359.067,366.131,375.6962,18271.08,18271.08,25020,25020,25020,25020,normal,normal,45.87204919999994,9.150793699999983,equal variances,significant,0.003968253968253968,-252.52300000000002,-251.0,-11612.960000000003,0,True
405,614,366,Medium,"select distinct t_cte_7.c_followee2 as follower, t_cte_7.c_count1 as num from (select count(f2.follower) as c_count1, f2.followee as c_followee2 from schema_614.follow as f2 group by f2.followee) as t_cte_7 inner join (select f1.follower as c_follower1 from schema_614.follow as f1) as t_cte_41 on t_cte_41.c_follower1 = t_cte_7.c_followee2 where 1 <= t_cte_7.c_count1",78.095,4232.2,25020,"HashAggregate  (cost=4226.55..4232.20 rows=565 width=12) (actual rows=25020 loops=1)
  Group Key: t_cte_7.c_followee2, t_cte_7.c_count1
  Batches: 1  Memory Usage: 2065kB
  Buffers: shared hit=1068
  ->  Hash Join  (cost=2373.12..4169.59 rows=11392 width=12) (actual rows=50038 loops=1)
        Hash Cond: ((f1.follower)::text = (t_cte_7.c_followee2)::text)
        Buffers: shared hit=1068
        ->  Seq Scan on follow f1  (cost=0.00..1533.96 rows=99996 width=5) (actual rows=99996 loops=1)
              Buffers: shared hit=534
        ->  Hash  (cost=2302.46..2302.46 rows=5653 width=12) (actual rows=25021 loops=1)
              Buckets: 32768 (originally 8192)  Batches: 1 (originally 1)  Memory Usage: 1429kB
              Buffers: shared hit=534
              ->  Subquery Scan on t_cte_7  (cost=2033.94..2302.46 rows=5653 width=12) (actual rows=25021 loops=1)
                    Buffers: shared hit=534
                    ->  HashAggregate  (cost=2033.94..2245.93 rows=5653 width=12) (actual rows=25021 loops=1)
                          Group Key: f2.followee
                          Filter: (1 <= count(f2.follower))
                          Batches: 1  Memory Usage: 2833kB
                          Buffers: shared hit=534
                          ->  Seq Scan on follow f2  (cost=0.00..1533.96 rows=99996 width=9) (actual rows=99996 loops=1)
                                Buffers: shared hit=534
Planning Time: 0.191 ms
Execution Time: 78.095 ms",87.555,4232.2,25020,"HashAggregate  (cost=4226.55..4232.20 rows=565 width=12) (actual rows=25020 loops=1)
  Group Key: t_cte_7.c_followee2, t_cte_7.c_count1
  Batches: 1  Memory Usage: 2065kB
  Buffers: shared hit=1068
  ->  Hash Join  (cost=2373.12..4169.59 rows=11392 width=12) (actual rows=50038 loops=1)
        Hash Cond: ((f1.follower)::text = (t_cte_7.c_followee2)::text)
        Buffers: shared hit=1068
        ->  Seq Scan on follow f1  (cost=0.00..1533.96 rows=99996 width=5) (actual rows=99996 loops=1)
              Buffers: shared hit=534
        ->  Hash  (cost=2302.46..2302.46 rows=5653 width=12) (actual rows=25021 loops=1)
              Buckets: 32768 (originally 8192)  Batches: 1 (originally 1)  Memory Usage: 1429kB
              Buffers: shared hit=534
              ->  Subquery Scan on t_cte_7  (cost=2033.94..2302.46 rows=5653 width=12) (actual rows=25021 loops=1)
                    Buffers: shared hit=534
                    ->  HashAggregate  (cost=2033.94..2245.93 rows=5653 width=12) (actual rows=25021 loops=1)
                          Group Key: f2.followee
                          Filter: (1 <= count(f2.follower))
                          Batches: 1  Memory Usage: 2833kB
                          Buffers: shared hit=534
                          ->  Seq Scan on follow f2  (cost=0.00..1533.96 rows=99996 width=9) (actual rows=99996 loops=1)
                                Buffers: shared hit=534
Planning Time: 0.204 ms
Execution Time: 87.555 ms",87.041,4232.2,25020,"HashAggregate  (cost=4226.55..4232.20 rows=565 width=12) (actual rows=25020 loops=1)
  Group Key: t_cte_7.c_followee2, t_cte_7.c_count1
  Batches: 1  Memory Usage: 2065kB
  Buffers: shared hit=1068
  ->  Hash Join  (cost=2373.12..4169.59 rows=11392 width=12) (actual rows=50038 loops=1)
        Hash Cond: ((f1.follower)::text = (t_cte_7.c_followee2)::text)
        Buffers: shared hit=1068
        ->  Seq Scan on follow f1  (cost=0.00..1533.96 rows=99996 width=5) (actual rows=99996 loops=1)
              Buffers: shared hit=534
        ->  Hash  (cost=2302.46..2302.46 rows=5653 width=12) (actual rows=25021 loops=1)
              Buckets: 32768 (originally 8192)  Batches: 1 (originally 1)  Memory Usage: 1429kB
              Buffers: shared hit=534
              ->  Subquery Scan on t_cte_7  (cost=2033.94..2302.46 rows=5653 width=12) (actual rows=25021 loops=1)
                    Buffers: shared hit=534
                    ->  HashAggregate  (cost=2033.94..2245.93 rows=5653 width=12) (actual rows=25021 loops=1)
                          Group Key: f2.followee
                          Filter: (1 <= count(f2.follower))
                          Batches: 1  Memory Usage: 2833kB
                          Buffers: shared hit=534
                          ->  Seq Scan on follow f2  (cost=0.00..1533.96 rows=99996 width=9) (actual rows=99996 loops=1)
                                Buffers: shared hit=534
Planning Time: 0.211 ms
Execution Time: 87.041 ms",84.307,4232.2,25020,"HashAggregate  (cost=4226.55..4232.20 rows=565 width=12) (actual rows=25020 loops=1)
  Group Key: t_cte_7.c_followee2, t_cte_7.c_count1
  Batches: 1  Memory Usage: 2065kB
  Buffers: shared hit=1068
  ->  Hash Join  (cost=2373.12..4169.59 rows=11392 width=12) (actual rows=50038 loops=1)
        Hash Cond: ((f1.follower)::text = (t_cte_7.c_followee2)::text)
        Buffers: shared hit=1068
        ->  Seq Scan on follow f1  (cost=0.00..1533.96 rows=99996 width=5) (actual rows=99996 loops=1)
              Buffers: shared hit=534
        ->  Hash  (cost=2302.46..2302.46 rows=5653 width=12) (actual rows=25021 loops=1)
              Buckets: 32768 (originally 8192)  Batches: 1 (originally 1)  Memory Usage: 1429kB
              Buffers: shared hit=534
              ->  Subquery Scan on t_cte_7  (cost=2033.94..2302.46 rows=5653 width=12) (actual rows=25021 loops=1)
                    Buffers: shared hit=534
                    ->  HashAggregate  (cost=2033.94..2245.93 rows=5653 width=12) (actual rows=25021 loops=1)
                          Group Key: f2.followee
                          Filter: (1 <= count(f2.follower))
                          Batches: 1  Memory Usage: 2833kB
                          Buffers: shared hit=534
                          ->  Seq Scan on follow f2  (cost=0.00..1533.96 rows=99996 width=9) (actual rows=99996 loops=1)
                                Buffers: shared hit=534
Planning Time: 0.237 ms
Execution Time: 84.307 ms",84.36,4232.2,25020,"HashAggregate  (cost=4226.55..4232.20 rows=565 width=12) (actual rows=25020 loops=1)
  Group Key: t_cte_7.c_followee2, t_cte_7.c_count1
  Batches: 1  Memory Usage: 2065kB
  Buffers: shared hit=1068
  ->  Hash Join  (cost=2373.12..4169.59 rows=11392 width=12) (actual rows=50038 loops=1)
        Hash Cond: ((f1.follower)::text = (t_cte_7.c_followee2)::text)
        Buffers: shared hit=1068
        ->  Seq Scan on follow f1  (cost=0.00..1533.96 rows=99996 width=5) (actual rows=99996 loops=1)
              Buffers: shared hit=534
        ->  Hash  (cost=2302.46..2302.46 rows=5653 width=12) (actual rows=25021 loops=1)
              Buckets: 32768 (originally 8192)  Batches: 1 (originally 1)  Memory Usage: 1429kB
              Buffers: shared hit=534
              ->  Subquery Scan on t_cte_7  (cost=2033.94..2302.46 rows=5653 width=12) (actual rows=25021 loops=1)
                    Buffers: shared hit=534
                    ->  HashAggregate  (cost=2033.94..2245.93 rows=5653 width=12) (actual rows=25021 loops=1)
                          Group Key: f2.followee
                          Filter: (1 <= count(f2.follower))
                          Batches: 1  Memory Usage: 2833kB
                          Buffers: shared hit=534
                          ->  Seq Scan on follow f2  (cost=0.00..1533.96 rows=99996 width=9) (actual rows=99996 loops=1)
                                Buffers: shared hit=534
Planning Time: 0.337 ms
Execution Time: 84.360 ms",84.2716,84.36,87.298,87.7606,4232.2,4232.2,25020,25020,25020,25020,614_366,405,614,366,Medium,"select g.f2f as follower, count(distinct g.f2wer) as num from (select f1.followee as f1f, f1.follower as f1wer, f2.followee as f2f, f2.follower as f2wer from schema_614.follow as f1 join schema_614.follow as f2 on f1.follower = f2.followee) as g group by g.f2f having count(distinct g.f2wer) >= 1",355.788,17986.84,25020,"GroupAggregate  (cost=9893.60..17986.84 rows=5653 width=12) (actual rows=25020 loops=1)
  Group Key: f2.followee
  Filter: (count(DISTINCT f2.follower) >= 1)
  Buffers: shared hit=1072, temp read=810 written=485
  ->  Merge Join  (cost=9893.60..16767.32 rows=201507 width=9) (actual rows=198860 loops=1)
        Merge Cond: ((f2.followee)::text = (f1.follower)::text)
        Buffers: shared hit=1072, temp read=810 written=485
        ->  Index Only Scan using follow_pkey on follow f2  (cost=0.42..3656.36 rows=99996 width=9) (actual rows=99996 loops=1)
              Heap Fetches: 0
              Buffers: shared hit=538
        ->  Sort  (cost=9838.42..10088.41 rows=99996 width=5) (actual rows=248818 loops=1)
              Sort Key: f1.follower
              Sort Method: external sort  Disk: 1936kB
              Buffers: shared hit=534, temp read=647 written=485
              ->  Seq Scan on follow f1  (cost=0.00..1533.96 rows=99996 width=5) (actual rows=99996 loops=1)
                    Buffers: shared hit=534
Planning:
  Buffers: shared hit=8
Planning Time: 0.205 ms
Execution Time: 355.788 ms",361.597,17986.84,25020,"GroupAggregate  (cost=9893.60..17986.84 rows=5653 width=12) (actual rows=25020 loops=1)
  Group Key: f2.followee
  Filter: (count(DISTINCT f2.follower) >= 1)
  Buffers: shared hit=1072, temp read=810 written=485
  ->  Merge Join  (cost=9893.60..16767.32 rows=201507 width=9) (actual rows=198860 loops=1)
        Merge Cond: ((f2.followee)::text = (f1.follower)::text)
        Buffers: shared hit=1072, temp read=810 written=485
        ->  Index Only Scan using follow_pkey on follow f2  (cost=0.42..3656.36 rows=99996 width=9) (actual rows=99996 loops=1)
              Heap Fetches: 0
              Buffers: shared hit=538
        ->  Sort  (cost=9838.42..10088.41 rows=99996 width=5) (actual rows=248818 loops=1)
              Sort Key: f1.follower
              Sort Method: external sort  Disk: 1936kB
              Buffers: shared hit=534, temp read=647 written=485
              ->  Seq Scan on follow f1  (cost=0.00..1533.96 rows=99996 width=5) (actual rows=99996 loops=1)
                    Buffers: shared hit=534
Planning:
  Buffers: shared hit=8
Planning Time: 0.391 ms
Execution Time: 361.597 ms",357.985,17986.84,25020,"GroupAggregate  (cost=9893.60..17986.84 rows=5653 width=12) (actual rows=25020 loops=1)
  Group Key: f2.followee
  Filter: (count(DISTINCT f2.follower) >= 1)
  Buffers: shared hit=1072, temp read=810 written=485
  ->  Merge Join  (cost=9893.60..16767.32 rows=201507 width=9) (actual rows=198860 loops=1)
        Merge Cond: ((f2.followee)::text = (f1.follower)::text)
        Buffers: shared hit=1072, temp read=810 written=485
        ->  Index Only Scan using follow_pkey on follow f2  (cost=0.42..3656.36 rows=99996 width=9) (actual rows=99996 loops=1)
              Heap Fetches: 0
              Buffers: shared hit=538
        ->  Sort  (cost=9838.42..10088.41 rows=99996 width=5) (actual rows=248818 loops=1)
              Sort Key: f1.follower
              Sort Method: external sort  Disk: 1936kB
              Buffers: shared hit=534, temp read=647 written=485
              ->  Seq Scan on follow f1  (cost=0.00..1533.96 rows=99996 width=5) (actual rows=99996 loops=1)
                    Buffers: shared hit=534
Planning:
  Buffers: shared hit=8
Planning Time: 0.414 ms
Execution Time: 357.985 ms",362.774,17986.84,25020,"GroupAggregate  (cost=9893.60..17986.84 rows=5653 width=12) (actual rows=25020 loops=1)
  Group Key: f2.followee
  Filter: (count(DISTINCT f2.follower) >= 1)
  Buffers: shared hit=1072, temp read=810 written=485
  ->  Merge Join  (cost=9893.60..16767.32 rows=201507 width=9) (actual rows=198860 loops=1)
        Merge Cond: ((f2.followee)::text = (f1.follower)::text)
        Buffers: shared hit=1072, temp read=810 written=485
        ->  Index Only Scan using follow_pkey on follow f2  (cost=0.42..3656.36 rows=99996 width=9) (actual rows=99996 loops=1)
              Heap Fetches: 0
              Buffers: shared hit=538
        ->  Sort  (cost=9838.42..10088.41 rows=99996 width=5) (actual rows=248818 loops=1)
              Sort Key: f1.follower
              Sort Method: external sort  Disk: 1936kB
              Buffers: shared hit=534, temp read=647 written=485
              ->  Seq Scan on follow f1  (cost=0.00..1533.96 rows=99996 width=5) (actual rows=99996 loops=1)
                    Buffers: shared hit=534
Planning:
  Buffers: shared hit=8
Planning Time: 0.361 ms
Execution Time: 362.774 ms",361.644,17986.84,25020,"GroupAggregate  (cost=9893.60..17986.84 rows=5653 width=12) (actual rows=25020 loops=1)
  Group Key: f2.followee
  Filter: (count(DISTINCT f2.follower) >= 1)
  Buffers: shared hit=1072, temp read=810 written=485
  ->  Merge Join  (cost=9893.60..16767.32 rows=201507 width=9) (actual rows=198860 loops=1)
        Merge Cond: ((f2.followee)::text = (f1.follower)::text)
        Buffers: shared hit=1072, temp read=810 written=485
        ->  Index Only Scan using follow_pkey on follow f2  (cost=0.42..3656.36 rows=99996 width=9) (actual rows=99996 loops=1)
              Heap Fetches: 0
              Buffers: shared hit=538
        ->  Sort  (cost=9838.42..10088.41 rows=99996 width=5) (actual rows=248818 loops=1)
              Sort Key: f1.follower
              Sort Method: external sort  Disk: 1936kB
              Buffers: shared hit=534, temp read=647 written=485
              ->  Seq Scan on follow f1  (cost=0.00..1533.96 rows=99996 width=5) (actual rows=99996 loops=1)
                    Buffers: shared hit=534
Planning:
  Buffers: shared hit=8
Planning Time: 0.437 ms
Execution Time: 361.644 ms",359.9576,361.597,362.209,363.226,17986.84,17986.84,25020,25020,25020,25020,normal,normal,8.685100299999952,14.15243680000001,equal variances,significant,0.003968253968253968,-275.68600000000004,-277.23699999999997,-13754.64,0,True
406,614,367,Medium,"select distinct t_cte_2.c_followee0 as follower, t_cte_2.c_count0 as num from (select count(a.follower) as c_count0, a.followee as c_followee0 from schema_614.follow as a group by a.followee) as t_cte_2 inner join schema_614.follow as b on t_cte_2.c_followee0 = b.follower",77.055,4569.41,25020,"HashAggregate  (cost=4552.45..4569.41 rows=1696 width=12) (actual rows=25020 loops=1)
  Group Key: t_cte_2.c_followee0, t_cte_2.c_count0
  Batches: 1  Memory Usage: 2065kB
  Buffers: shared hit=1068
  ->  Hash Join  (cost=2585.11..4381.58 rows=34175 width=12) (actual rows=50038 loops=1)
        Hash Cond: ((b.follower)::text = (t_cte_2.c_followee0)::text)
        Buffers: shared hit=1068
        ->  Seq Scan on follow b  (cost=0.00..1533.96 rows=99996 width=5) (actual rows=99996 loops=1)
              Buffers: shared hit=534
        ->  Hash  (cost=2373.12..2373.12 rows=16959 width=12) (actual rows=25021 loops=1)
              Buckets: 32768  Batches: 1  Memory Usage: 1429kB
              Buffers: shared hit=534
              ->  Subquery Scan on t_cte_2  (cost=2033.94..2373.12 rows=16959 width=12) (actual rows=25021 loops=1)
                    Buffers: shared hit=534
                    ->  HashAggregate  (cost=2033.94..2203.53 rows=16959 width=12) (actual rows=25021 loops=1)
                          Group Key: a.followee
                          Batches: 1  Memory Usage: 2833kB
                          Buffers: shared hit=534
                          ->  Seq Scan on follow a  (cost=0.00..1533.96 rows=99996 width=9) (actual rows=99996 loops=1)
                                Buffers: shared hit=534
Planning Time: 0.112 ms
Execution Time: 77.055 ms",83.046,4569.41,25020,"HashAggregate  (cost=4552.45..4569.41 rows=1696 width=12) (actual rows=25020 loops=1)
  Group Key: t_cte_2.c_followee0, t_cte_2.c_count0
  Batches: 1  Memory Usage: 2065kB
  Buffers: shared hit=1068
  ->  Hash Join  (cost=2585.11..4381.58 rows=34175 width=12) (actual rows=50038 loops=1)
        Hash Cond: ((b.follower)::text = (t_cte_2.c_followee0)::text)
        Buffers: shared hit=1068
        ->  Seq Scan on follow b  (cost=0.00..1533.96 rows=99996 width=5) (actual rows=99996 loops=1)
              Buffers: shared hit=534
        ->  Hash  (cost=2373.12..2373.12 rows=16959 width=12) (actual rows=25021 loops=1)
              Buckets: 32768  Batches: 1  Memory Usage: 1429kB
              Buffers: shared hit=534
              ->  Subquery Scan on t_cte_2  (cost=2033.94..2373.12 rows=16959 width=12) (actual rows=25021 loops=1)
                    Buffers: shared hit=534
                    ->  HashAggregate  (cost=2033.94..2203.53 rows=16959 width=12) (actual rows=25021 loops=1)
                          Group Key: a.followee
                          Batches: 1  Memory Usage: 2833kB
                          Buffers: shared hit=534
                          ->  Seq Scan on follow a  (cost=0.00..1533.96 rows=99996 width=9) (actual rows=99996 loops=1)
                                Buffers: shared hit=534
Planning Time: 0.152 ms
Execution Time: 83.046 ms",89.392,4569.41,25020,"HashAggregate  (cost=4552.45..4569.41 rows=1696 width=12) (actual rows=25020 loops=1)
  Group Key: t_cte_2.c_followee0, t_cte_2.c_count0
  Batches: 1  Memory Usage: 2065kB
  Buffers: shared hit=1068
  ->  Hash Join  (cost=2585.11..4381.58 rows=34175 width=12) (actual rows=50038 loops=1)
        Hash Cond: ((b.follower)::text = (t_cte_2.c_followee0)::text)
        Buffers: shared hit=1068
        ->  Seq Scan on follow b  (cost=0.00..1533.96 rows=99996 width=5) (actual rows=99996 loops=1)
              Buffers: shared hit=534
        ->  Hash  (cost=2373.12..2373.12 rows=16959 width=12) (actual rows=25021 loops=1)
              Buckets: 32768  Batches: 1  Memory Usage: 1429kB
              Buffers: shared hit=534
              ->  Subquery Scan on t_cte_2  (cost=2033.94..2373.12 rows=16959 width=12) (actual rows=25021 loops=1)
                    Buffers: shared hit=534
                    ->  HashAggregate  (cost=2033.94..2203.53 rows=16959 width=12) (actual rows=25021 loops=1)
                          Group Key: a.followee
                          Batches: 1  Memory Usage: 2833kB
                          Buffers: shared hit=534
                          ->  Seq Scan on follow a  (cost=0.00..1533.96 rows=99996 width=9) (actual rows=99996 loops=1)
                                Buffers: shared hit=534
Planning Time: 0.179 ms
Execution Time: 89.392 ms",84.179,4569.41,25020,"HashAggregate  (cost=4552.45..4569.41 rows=1696 width=12) (actual rows=25020 loops=1)
  Group Key: t_cte_2.c_followee0, t_cte_2.c_count0
  Batches: 1  Memory Usage: 2065kB
  Buffers: shared hit=1068
  ->  Hash Join  (cost=2585.11..4381.58 rows=34175 width=12) (actual rows=50038 loops=1)
        Hash Cond: ((b.follower)::text = (t_cte_2.c_followee0)::text)
        Buffers: shared hit=1068
        ->  Seq Scan on follow b  (cost=0.00..1533.96 rows=99996 width=5) (actual rows=99996 loops=1)
              Buffers: shared hit=534
        ->  Hash  (cost=2373.12..2373.12 rows=16959 width=12) (actual rows=25021 loops=1)
              Buckets: 32768  Batches: 1  Memory Usage: 1429kB
              Buffers: shared hit=534
              ->  Subquery Scan on t_cte_2  (cost=2033.94..2373.12 rows=16959 width=12) (actual rows=25021 loops=1)
                    Buffers: shared hit=534
                    ->  HashAggregate  (cost=2033.94..2203.53 rows=16959 width=12) (actual rows=25021 loops=1)
                          Group Key: a.followee
                          Batches: 1  Memory Usage: 2833kB
                          Buffers: shared hit=534
                          ->  Seq Scan on follow a  (cost=0.00..1533.96 rows=99996 width=9) (actual rows=99996 loops=1)
                                Buffers: shared hit=534
Planning Time: 0.194 ms
Execution Time: 84.179 ms",89.252,4569.41,25020,"HashAggregate  (cost=4552.45..4569.41 rows=1696 width=12) (actual rows=25020 loops=1)
  Group Key: t_cte_2.c_followee0, t_cte_2.c_count0
  Batches: 1  Memory Usage: 2065kB
  Buffers: shared hit=1068
  ->  Hash Join  (cost=2585.11..4381.58 rows=34175 width=12) (actual rows=50038 loops=1)
        Hash Cond: ((b.follower)::text = (t_cte_2.c_followee0)::text)
        Buffers: shared hit=1068
        ->  Seq Scan on follow b  (cost=0.00..1533.96 rows=99996 width=5) (actual rows=99996 loops=1)
              Buffers: shared hit=534
        ->  Hash  (cost=2373.12..2373.12 rows=16959 width=12) (actual rows=25021 loops=1)
              Buckets: 32768  Batches: 1  Memory Usage: 1429kB
              Buffers: shared hit=534
              ->  Subquery Scan on t_cte_2  (cost=2033.94..2373.12 rows=16959 width=12) (actual rows=25021 loops=1)
                    Buffers: shared hit=534
                    ->  HashAggregate  (cost=2033.94..2203.53 rows=16959 width=12) (actual rows=25021 loops=1)
                          Group Key: a.followee
                          Batches: 1  Memory Usage: 2833kB
                          Buffers: shared hit=534
                          ->  Seq Scan on follow a  (cost=0.00..1533.96 rows=99996 width=9) (actual rows=99996 loops=1)
                                Buffers: shared hit=534
Planning Time: 0.312 ms
Execution Time: 89.252 ms",84.5848,84.179,89.322,89.448,4569.41,4569.41,25020,25020,25020,25020,614_367,406,614,367,Medium,"select subquery.followee as follower, count(distinct subquery.follower) as num from (select a.followee, a.follower from schema_614.follow as a join schema_614.follow as b on a.followee = b.follower) as subquery group by subquery.followee",354.91,17944.45,25020,"GroupAggregate  (cost=9893.60..17944.45 rows=16959 width=12) (actual rows=25020 loops=1)
  Group Key: a.followee
  Buffers: shared hit=1072, temp read=810 written=485
  ->  Merge Join  (cost=9893.60..16767.32 rows=201507 width=9) (actual rows=198860 loops=1)
        Merge Cond: ((a.followee)::text = (b.follower)::text)
        Buffers: shared hit=1072, temp read=810 written=485
        ->  Index Only Scan using follow_pkey on follow a  (cost=0.42..3656.36 rows=99996 width=9) (actual rows=99996 loops=1)
              Heap Fetches: 0
              Buffers: shared hit=538
        ->  Sort  (cost=9838.42..10088.41 rows=99996 width=5) (actual rows=248818 loops=1)
              Sort Key: b.follower
              Sort Method: external sort  Disk: 1936kB
              Buffers: shared hit=534, temp read=647 written=485
              ->  Seq Scan on follow b  (cost=0.00..1533.96 rows=99996 width=5) (actual rows=99996 loops=1)
                    Buffers: shared hit=534
Planning:
  Buffers: shared hit=8
Planning Time: 0.200 ms
Execution Time: 354.910 ms",360.517,17944.45,25020,"GroupAggregate  (cost=9893.60..17944.45 rows=16959 width=12) (actual rows=25020 loops=1)
  Group Key: a.followee
  Buffers: shared hit=1072, temp read=810 written=485
  ->  Merge Join  (cost=9893.60..16767.32 rows=201507 width=9) (actual rows=198860 loops=1)
        Merge Cond: ((a.followee)::text = (b.follower)::text)
        Buffers: shared hit=1072, temp read=810 written=485
        ->  Index Only Scan using follow_pkey on follow a  (cost=0.42..3656.36 rows=99996 width=9) (actual rows=99996 loops=1)
              Heap Fetches: 0
              Buffers: shared hit=538
        ->  Sort  (cost=9838.42..10088.41 rows=99996 width=5) (actual rows=248818 loops=1)
              Sort Key: b.follower
              Sort Method: external sort  Disk: 1936kB
              Buffers: shared hit=534, temp read=647 written=485
              ->  Seq Scan on follow b  (cost=0.00..1533.96 rows=99996 width=5) (actual rows=99996 loops=1)
                    Buffers: shared hit=534
Planning:
  Buffers: shared hit=8
Planning Time: 0.488 ms
Execution Time: 360.517 ms",360.613,17944.45,25020,"GroupAggregate  (cost=9893.60..17944.45 rows=16959 width=12) (actual rows=25020 loops=1)
  Group Key: a.followee
  Buffers: shared hit=1072, temp read=810 written=485
  ->  Merge Join  (cost=9893.60..16767.32 rows=201507 width=9) (actual rows=198860 loops=1)
        Merge Cond: ((a.followee)::text = (b.follower)::text)
        Buffers: shared hit=1072, temp read=810 written=485
        ->  Index Only Scan using follow_pkey on follow a  (cost=0.42..3656.36 rows=99996 width=9) (actual rows=99996 loops=1)
              Heap Fetches: 0
              Buffers: shared hit=538
        ->  Sort  (cost=9838.42..10088.41 rows=99996 width=5) (actual rows=248818 loops=1)
              Sort Key: b.follower
              Sort Method: external sort  Disk: 1936kB
              Buffers: shared hit=534, temp read=647 written=485
              ->  Seq Scan on follow b  (cost=0.00..1533.96 rows=99996 width=5) (actual rows=99996 loops=1)
                    Buffers: shared hit=534
Planning:
  Buffers: shared hit=8
Planning Time: 0.430 ms
Execution Time: 360.613 ms",367.023,17944.45,25020,"GroupAggregate  (cost=9893.60..17944.45 rows=16959 width=12) (actual rows=25020 loops=1)
  Group Key: a.followee
  Buffers: shared hit=1072, temp read=810 written=485
  ->  Merge Join  (cost=9893.60..16767.32 rows=201507 width=9) (actual rows=198860 loops=1)
        Merge Cond: ((a.followee)::text = (b.follower)::text)
        Buffers: shared hit=1072, temp read=810 written=485
        ->  Index Only Scan using follow_pkey on follow a  (cost=0.42..3656.36 rows=99996 width=9) (actual rows=99996 loops=1)
              Heap Fetches: 0
              Buffers: shared hit=538
        ->  Sort  (cost=9838.42..10088.41 rows=99996 width=5) (actual rows=248818 loops=1)
              Sort Key: b.follower
              Sort Method: external sort  Disk: 1936kB
              Buffers: shared hit=534, temp read=647 written=485
              ->  Seq Scan on follow b  (cost=0.00..1533.96 rows=99996 width=5) (actual rows=99996 loops=1)
                    Buffers: shared hit=534
Planning:
  Buffers: shared hit=8
Planning Time: 0.318 ms
Execution Time: 367.023 ms",361.024,17944.45,25020,"GroupAggregate  (cost=9893.60..17944.45 rows=16959 width=12) (actual rows=25020 loops=1)
  Group Key: a.followee
  Buffers: shared hit=1072, temp read=810 written=485
  ->  Merge Join  (cost=9893.60..16767.32 rows=201507 width=9) (actual rows=198860 loops=1)
        Merge Cond: ((a.followee)::text = (b.follower)::text)
        Buffers: shared hit=1072, temp read=810 written=485
        ->  Index Only Scan using follow_pkey on follow a  (cost=0.42..3656.36 rows=99996 width=9) (actual rows=99996 loops=1)
              Heap Fetches: 0
              Buffers: shared hit=538
        ->  Sort  (cost=9838.42..10088.41 rows=99996 width=5) (actual rows=248818 loops=1)
              Sort Key: b.follower
              Sort Method: external sort  Disk: 1936kB
              Buffers: shared hit=534, temp read=647 written=485
              ->  Seq Scan on follow b  (cost=0.00..1533.96 rows=99996 width=5) (actual rows=99996 loops=1)
                    Buffers: shared hit=534
Planning:
  Buffers: shared hit=8
Planning Time: 0.325 ms
Execution Time: 361.024 ms",360.8174,360.613,364.0235,369.4226,17944.45,17944.45,25020,25020,25020,25020,normal,normal,18.3953873,26.03059869999995,equal variances,significant,0.003968253968253968,-276.23260000000005,-276.43399999999997,-13375.04,0,True
407,614,369,Medium,"select distinct t_cte_6.c_followee0 as follower, t_cte_6.c_count0 as num from schema_614.follow as t_follow_0 inner join (select count(t1.follower) as c_count0, t1.followee as c_followee0 from schema_614.follow as t1 group by t1.followee) as t_cte_6 on t_cte_6.c_followee0 = t_follow_0.follower",77.858,4569.41,25020,"HashAggregate  (cost=4552.45..4569.41 rows=1696 width=12) (actual rows=25020 loops=1)
  Group Key: t_cte_6.c_followee0, t_cte_6.c_count0
  Batches: 1  Memory Usage: 2065kB
  Buffers: shared hit=1068
  ->  Hash Join  (cost=2585.11..4381.58 rows=34175 width=12) (actual rows=50038 loops=1)
        Hash Cond: ((t_follow_0.follower)::text = (t_cte_6.c_followee0)::text)
        Buffers: shared hit=1068
        ->  Seq Scan on follow t_follow_0  (cost=0.00..1533.96 rows=99996 width=5) (actual rows=99996 loops=1)
              Buffers: shared hit=534
        ->  Hash  (cost=2373.12..2373.12 rows=16959 width=12) (actual rows=25021 loops=1)
              Buckets: 32768  Batches: 1  Memory Usage: 1429kB
              Buffers: shared hit=534
              ->  Subquery Scan on t_cte_6  (cost=2033.94..2373.12 rows=16959 width=12) (actual rows=25021 loops=1)
                    Buffers: shared hit=534
                    ->  HashAggregate  (cost=2033.94..2203.53 rows=16959 width=12) (actual rows=25021 loops=1)
                          Group Key: t1.followee
                          Batches: 1  Memory Usage: 2833kB
                          Buffers: shared hit=534
                          ->  Seq Scan on follow t1  (cost=0.00..1533.96 rows=99996 width=9) (actual rows=99996 loops=1)
                                Buffers: shared hit=534
Planning Time: 0.171 ms
Execution Time: 77.858 ms",86.035,4569.41,25020,"HashAggregate  (cost=4552.45..4569.41 rows=1696 width=12) (actual rows=25020 loops=1)
  Group Key: t_cte_6.c_followee0, t_cte_6.c_count0
  Batches: 1  Memory Usage: 2065kB
  Buffers: shared hit=1068
  ->  Hash Join  (cost=2585.11..4381.58 rows=34175 width=12) (actual rows=50038 loops=1)
        Hash Cond: ((t_follow_0.follower)::text = (t_cte_6.c_followee0)::text)
        Buffers: shared hit=1068
        ->  Seq Scan on follow t_follow_0  (cost=0.00..1533.96 rows=99996 width=5) (actual rows=99996 loops=1)
              Buffers: shared hit=534
        ->  Hash  (cost=2373.12..2373.12 rows=16959 width=12) (actual rows=25021 loops=1)
              Buckets: 32768  Batches: 1  Memory Usage: 1429kB
              Buffers: shared hit=534
              ->  Subquery Scan on t_cte_6  (cost=2033.94..2373.12 rows=16959 width=12) (actual rows=25021 loops=1)
                    Buffers: shared hit=534
                    ->  HashAggregate  (cost=2033.94..2203.53 rows=16959 width=12) (actual rows=25021 loops=1)
                          Group Key: t1.followee
                          Batches: 1  Memory Usage: 2833kB
                          Buffers: shared hit=534
                          ->  Seq Scan on follow t1  (cost=0.00..1533.96 rows=99996 width=9) (actual rows=99996 loops=1)
                                Buffers: shared hit=534
Planning Time: 0.229 ms
Execution Time: 86.035 ms",90.451,4569.41,25020,"HashAggregate  (cost=4552.45..4569.41 rows=1696 width=12) (actual rows=25020 loops=1)
  Group Key: t_cte_6.c_followee0, t_cte_6.c_count0
  Batches: 1  Memory Usage: 2065kB
  Buffers: shared hit=1068
  ->  Hash Join  (cost=2585.11..4381.58 rows=34175 width=12) (actual rows=50038 loops=1)
        Hash Cond: ((t_follow_0.follower)::text = (t_cte_6.c_followee0)::text)
        Buffers: shared hit=1068
        ->  Seq Scan on follow t_follow_0  (cost=0.00..1533.96 rows=99996 width=5) (actual rows=99996 loops=1)
              Buffers: shared hit=534
        ->  Hash  (cost=2373.12..2373.12 rows=16959 width=12) (actual rows=25021 loops=1)
              Buckets: 32768  Batches: 1  Memory Usage: 1429kB
              Buffers: shared hit=534
              ->  Subquery Scan on t_cte_6  (cost=2033.94..2373.12 rows=16959 width=12) (actual rows=25021 loops=1)
                    Buffers: shared hit=534
                    ->  HashAggregate  (cost=2033.94..2203.53 rows=16959 width=12) (actual rows=25021 loops=1)
                          Group Key: t1.followee
                          Batches: 1  Memory Usage: 2833kB
                          Buffers: shared hit=534
                          ->  Seq Scan on follow t1  (cost=0.00..1533.96 rows=99996 width=9) (actual rows=99996 loops=1)
                                Buffers: shared hit=534
Planning Time: 0.199 ms
Execution Time: 90.451 ms",88.349,4569.41,25020,"HashAggregate  (cost=4552.45..4569.41 rows=1696 width=12) (actual rows=25020 loops=1)
  Group Key: t_cte_6.c_followee0, t_cte_6.c_count0
  Batches: 1  Memory Usage: 2065kB
  Buffers: shared hit=1068
  ->  Hash Join  (cost=2585.11..4381.58 rows=34175 width=12) (actual rows=50038 loops=1)
        Hash Cond: ((t_follow_0.follower)::text = (t_cte_6.c_followee0)::text)
        Buffers: shared hit=1068
        ->  Seq Scan on follow t_follow_0  (cost=0.00..1533.96 rows=99996 width=5) (actual rows=99996 loops=1)
              Buffers: shared hit=534
        ->  Hash  (cost=2373.12..2373.12 rows=16959 width=12) (actual rows=25021 loops=1)
              Buckets: 32768  Batches: 1  Memory Usage: 1429kB
              Buffers: shared hit=534
              ->  Subquery Scan on t_cte_6  (cost=2033.94..2373.12 rows=16959 width=12) (actual rows=25021 loops=1)
                    Buffers: shared hit=534
                    ->  HashAggregate  (cost=2033.94..2203.53 rows=16959 width=12) (actual rows=25021 loops=1)
                          Group Key: t1.followee
                          Batches: 1  Memory Usage: 2833kB
                          Buffers: shared hit=534
                          ->  Seq Scan on follow t1  (cost=0.00..1533.96 rows=99996 width=9) (actual rows=99996 loops=1)
                                Buffers: shared hit=534
Planning Time: 0.180 ms
Execution Time: 88.349 ms",87.035,4569.41,25020,"HashAggregate  (cost=4552.45..4569.41 rows=1696 width=12) (actual rows=25020 loops=1)
  Group Key: t_cte_6.c_followee0, t_cte_6.c_count0
  Batches: 1  Memory Usage: 2065kB
  Buffers: shared hit=1068
  ->  Hash Join  (cost=2585.11..4381.58 rows=34175 width=12) (actual rows=50038 loops=1)
        Hash Cond: ((t_follow_0.follower)::text = (t_cte_6.c_followee0)::text)
        Buffers: shared hit=1068
        ->  Seq Scan on follow t_follow_0  (cost=0.00..1533.96 rows=99996 width=5) (actual rows=99996 loops=1)
              Buffers: shared hit=534
        ->  Hash  (cost=2373.12..2373.12 rows=16959 width=12) (actual rows=25021 loops=1)
              Buckets: 32768  Batches: 1  Memory Usage: 1429kB
              Buffers: shared hit=534
              ->  Subquery Scan on t_cte_6  (cost=2033.94..2373.12 rows=16959 width=12) (actual rows=25021 loops=1)
                    Buffers: shared hit=534
                    ->  HashAggregate  (cost=2033.94..2203.53 rows=16959 width=12) (actual rows=25021 loops=1)
                          Group Key: t1.followee
                          Batches: 1  Memory Usage: 2833kB
                          Buffers: shared hit=534
                          ->  Seq Scan on follow t1  (cost=0.00..1533.96 rows=99996 width=9) (actual rows=99996 loops=1)
                                Buffers: shared hit=534
Planning Time: 0.182 ms
Execution Time: 87.035 ms",85.9456,87.035,89.4,91.2918,4569.41,4569.41,25020,25020,25020,25020,614_369,407,614,369,Medium,"select t1.followee as follower, count(distinct t1.follower) as num from schema_614.follow as t1 join (select distinct follower from schema_614.follow) as t2 on t1.followee = t2.follower group by t1.followee",211.077,12470.57,25020,"GroupAggregate  (cost=6647.00..12470.57 rows=16959 width=12) (actual rows=25020 loops=1)
  Group Key: t1.followee
  Buffers: shared hit=1072, temp read=8 written=31
  ->  Merge Join  (cost=6647.00..11801.00 rows=99996 width=9) (actual rows=99704 loops=1)
        Merge Cond: ((t1.followee)::text = (follow.follower)::text)
        Buffers: shared hit=1072, temp read=8 written=31
        ->  Index Only Scan using follow_pkey on follow t1  (cost=0.42..3656.36 rows=99996 width=9) (actual rows=99996 loops=1)
              Heap Fetches: 0
              Buffers: shared hit=538
        ->  Sort  (cost=6646.58..6770.64 rows=49622 width=5) (actual rows=49999 loops=1)
              Sort Key: follow.follower
              Sort Method: quicksort  Memory: 3710kB
              Buffers: shared hit=534, temp read=8 written=31
              ->  HashAggregate  (cost=1783.95..2280.17 rows=49622 width=5) (actual rows=49999 loops=1)
                    Group Key: follow.follower
                    Batches: 5  Memory Usage: 4145kB  Disk Usage: 208kB
                    Buffers: shared hit=534, temp read=8 written=31
                    ->  Seq Scan on follow  (cost=0.00..1533.96 rows=99996 width=5) (actual rows=99996 loops=1)
                          Buffers: shared hit=534
Planning Time: 0.150 ms
Execution Time: 211.077 ms",216.79,12470.57,25020,"GroupAggregate  (cost=6647.00..12470.57 rows=16959 width=12) (actual rows=25020 loops=1)
  Group Key: t1.followee
  Buffers: shared hit=1072, temp read=8 written=31
  ->  Merge Join  (cost=6647.00..11801.00 rows=99996 width=9) (actual rows=99704 loops=1)
        Merge Cond: ((t1.followee)::text = (follow.follower)::text)
        Buffers: shared hit=1072, temp read=8 written=31
        ->  Index Only Scan using follow_pkey on follow t1  (cost=0.42..3656.36 rows=99996 width=9) (actual rows=99996 loops=1)
              Heap Fetches: 0
              Buffers: shared hit=538
        ->  Sort  (cost=6646.58..6770.64 rows=49622 width=5) (actual rows=49999 loops=1)
              Sort Key: follow.follower
              Sort Method: quicksort  Memory: 3710kB
              Buffers: shared hit=534, temp read=8 written=31
              ->  HashAggregate  (cost=1783.95..2280.17 rows=49622 width=5) (actual rows=49999 loops=1)
                    Group Key: follow.follower
                    Batches: 5  Memory Usage: 4145kB  Disk Usage: 208kB
                    Buffers: shared hit=534, temp read=8 written=31
                    ->  Seq Scan on follow  (cost=0.00..1533.96 rows=99996 width=5) (actual rows=99996 loops=1)
                          Buffers: shared hit=534
Planning Time: 0.203 ms
Execution Time: 216.790 ms",215.949,12470.57,25020,"GroupAggregate  (cost=6647.00..12470.57 rows=16959 width=12) (actual rows=25020 loops=1)
  Group Key: t1.followee
  Buffers: shared hit=1072, temp read=8 written=31
  ->  Merge Join  (cost=6647.00..11801.00 rows=99996 width=9) (actual rows=99704 loops=1)
        Merge Cond: ((t1.followee)::text = (follow.follower)::text)
        Buffers: shared hit=1072, temp read=8 written=31
        ->  Index Only Scan using follow_pkey on follow t1  (cost=0.42..3656.36 rows=99996 width=9) (actual rows=99996 loops=1)
              Heap Fetches: 0
              Buffers: shared hit=538
        ->  Sort  (cost=6646.58..6770.64 rows=49622 width=5) (actual rows=49999 loops=1)
              Sort Key: follow.follower
              Sort Method: quicksort  Memory: 3710kB
              Buffers: shared hit=534, temp read=8 written=31
              ->  HashAggregate  (cost=1783.95..2280.17 rows=49622 width=5) (actual rows=49999 loops=1)
                    Group Key: follow.follower
                    Batches: 5  Memory Usage: 4145kB  Disk Usage: 208kB
                    Buffers: shared hit=534, temp read=8 written=31
                    ->  Seq Scan on follow  (cost=0.00..1533.96 rows=99996 width=5) (actual rows=99996 loops=1)
                          Buffers: shared hit=534
Planning Time: 0.204 ms
Execution Time: 215.949 ms",219.091,12470.57,25020,"GroupAggregate  (cost=6647.00..12470.57 rows=16959 width=12) (actual rows=25020 loops=1)
  Group Key: t1.followee
  Buffers: shared hit=1072, temp read=8 written=31
  ->  Merge Join  (cost=6647.00..11801.00 rows=99996 width=9) (actual rows=99704 loops=1)
        Merge Cond: ((t1.followee)::text = (follow.follower)::text)
        Buffers: shared hit=1072, temp read=8 written=31
        ->  Index Only Scan using follow_pkey on follow t1  (cost=0.42..3656.36 rows=99996 width=9) (actual rows=99996 loops=1)
              Heap Fetches: 0
              Buffers: shared hit=538
        ->  Sort  (cost=6646.58..6770.64 rows=49622 width=5) (actual rows=49999 loops=1)
              Sort Key: follow.follower
              Sort Method: quicksort  Memory: 3710kB
              Buffers: shared hit=534, temp read=8 written=31
              ->  HashAggregate  (cost=1783.95..2280.17 rows=49622 width=5) (actual rows=49999 loops=1)
                    Group Key: follow.follower
                    Batches: 5  Memory Usage: 4145kB  Disk Usage: 208kB
                    Buffers: shared hit=534, temp read=8 written=31
                    ->  Seq Scan on follow  (cost=0.00..1533.96 rows=99996 width=5) (actual rows=99996 loops=1)
                          Buffers: shared hit=534
Planning Time: 0.203 ms
Execution Time: 219.091 ms",213.904,12470.57,25020,"GroupAggregate  (cost=6647.00..12470.57 rows=16959 width=12) (actual rows=25020 loops=1)
  Group Key: t1.followee
  Buffers: shared hit=1072, temp read=8 written=31
  ->  Merge Join  (cost=6647.00..11801.00 rows=99996 width=9) (actual rows=99704 loops=1)
        Merge Cond: ((t1.followee)::text = (follow.follower)::text)
        Buffers: shared hit=1072, temp read=8 written=31
        ->  Index Only Scan using follow_pkey on follow t1  (cost=0.42..3656.36 rows=99996 width=9) (actual rows=99996 loops=1)
              Heap Fetches: 0
              Buffers: shared hit=538
        ->  Sort  (cost=6646.58..6770.64 rows=49622 width=5) (actual rows=49999 loops=1)
              Sort Key: follow.follower
              Sort Method: quicksort  Memory: 3710kB
              Buffers: shared hit=534, temp read=8 written=31
              ->  HashAggregate  (cost=1783.95..2280.17 rows=49622 width=5) (actual rows=49999 loops=1)
                    Group Key: follow.follower
                    Batches: 5  Memory Usage: 4145kB  Disk Usage: 208kB
                    Buffers: shared hit=534, temp read=8 written=31
                    ->  Seq Scan on follow  (cost=0.00..1533.96 rows=99996 width=5) (actual rows=99996 loops=1)
                          Buffers: shared hit=534
Planning Time: 0.186 ms
Execution Time: 213.904 ms",215.3622,215.949,217.9405,220.0114,12470.57,12470.57,25020,25020,25020,25020,normal,normal,9.194045700000022,23.16975479999997,equal variances,significant,0.003968253968253968,-129.41660000000002,-128.91400000000002,-7901.16,0,True
408,614,372,Medium,"select t_cte_10.c_follower0 as follower, count(tb2.follower) as num from schema_614.follow as tb2 inner join (select tb1.follower as c_follower0 from schema_614.follow as tb1 group by tb1.follower) as t_cte_10 on t_cte_10.c_follower0 = tb2.followee group by t_cte_10.c_follower0",100.604,6658.12,25020,"HashAggregate  (cost=6656.12..6658.12 rows=200 width=13) (actual rows=25020 loops=1)
  Group Key: tb1.follower
  Batches: 1  Memory Usage: 2849kB
  Buffers: shared hit=1068, temp read=8 written=31
  ->  Hash Join  (cost=3396.67..5193.18 rows=292588 width=10) (actual rows=99704 loops=1)
        Hash Cond: ((tb2.followee)::text = (tb1.follower)::text)
        Buffers: shared hit=1068, temp read=8 written=31
        ->  Seq Scan on follow tb2  (cost=0.00..1533.96 rows=99996 width=9) (actual rows=99996 loops=1)
              Buffers: shared hit=534
        ->  Hash  (cost=2776.39..2776.39 rows=49622 width=5) (actual rows=49999 loops=1)
              Buckets: 65536  Batches: 1  Memory Usage: 2357kB
              Buffers: shared hit=534, temp read=8 written=31
              ->  HashAggregate  (cost=1783.95..2280.17 rows=49622 width=5) (actual rows=49999 loops=1)
                    Group Key: tb1.follower
                    Batches: 5  Memory Usage: 4145kB  Disk Usage: 208kB
                    Buffers: shared hit=534, temp read=8 written=31
                    ->  Seq Scan on follow tb1  (cost=0.00..1533.96 rows=99996 width=5) (actual rows=99996 loops=1)
                          Buffers: shared hit=534
Planning Time: 0.143 ms
Execution Time: 100.604 ms",110.568,6658.12,25020,"HashAggregate  (cost=6656.12..6658.12 rows=200 width=13) (actual rows=25020 loops=1)
  Group Key: tb1.follower
  Batches: 1  Memory Usage: 2849kB
  Buffers: shared hit=1068, temp read=8 written=31
  ->  Hash Join  (cost=3396.67..5193.18 rows=292588 width=10) (actual rows=99704 loops=1)
        Hash Cond: ((tb2.followee)::text = (tb1.follower)::text)
        Buffers: shared hit=1068, temp read=8 written=31
        ->  Seq Scan on follow tb2  (cost=0.00..1533.96 rows=99996 width=9) (actual rows=99996 loops=1)
              Buffers: shared hit=534
        ->  Hash  (cost=2776.39..2776.39 rows=49622 width=5) (actual rows=49999 loops=1)
              Buckets: 65536  Batches: 1  Memory Usage: 2357kB
              Buffers: shared hit=534, temp read=8 written=31
              ->  HashAggregate  (cost=1783.95..2280.17 rows=49622 width=5) (actual rows=49999 loops=1)
                    Group Key: tb1.follower
                    Batches: 5  Memory Usage: 4145kB  Disk Usage: 208kB
                    Buffers: shared hit=534, temp read=8 written=31
                    ->  Seq Scan on follow tb1  (cost=0.00..1533.96 rows=99996 width=5) (actual rows=99996 loops=1)
                          Buffers: shared hit=534
Planning Time: 0.191 ms
Execution Time: 110.568 ms",107.017,6658.12,25020,"HashAggregate  (cost=6656.12..6658.12 rows=200 width=13) (actual rows=25020 loops=1)
  Group Key: tb1.follower
  Batches: 1  Memory Usage: 2849kB
  Buffers: shared hit=1068, temp read=8 written=31
  ->  Hash Join  (cost=3396.67..5193.18 rows=292588 width=10) (actual rows=99704 loops=1)
        Hash Cond: ((tb2.followee)::text = (tb1.follower)::text)
        Buffers: shared hit=1068, temp read=8 written=31
        ->  Seq Scan on follow tb2  (cost=0.00..1533.96 rows=99996 width=9) (actual rows=99996 loops=1)
              Buffers: shared hit=534
        ->  Hash  (cost=2776.39..2776.39 rows=49622 width=5) (actual rows=49999 loops=1)
              Buckets: 65536  Batches: 1  Memory Usage: 2357kB
              Buffers: shared hit=534, temp read=8 written=31
              ->  HashAggregate  (cost=1783.95..2280.17 rows=49622 width=5) (actual rows=49999 loops=1)
                    Group Key: tb1.follower
                    Batches: 5  Memory Usage: 4145kB  Disk Usage: 208kB
                    Buffers: shared hit=534, temp read=8 written=31
                    ->  Seq Scan on follow tb1  (cost=0.00..1533.96 rows=99996 width=5) (actual rows=99996 loops=1)
                          Buffers: shared hit=534
Planning Time: 0.250 ms
Execution Time: 107.017 ms",107.892,6658.12,25020,"HashAggregate  (cost=6656.12..6658.12 rows=200 width=13) (actual rows=25020 loops=1)
  Group Key: tb1.follower
  Batches: 1  Memory Usage: 2849kB
  Buffers: shared hit=1068, temp read=8 written=31
  ->  Hash Join  (cost=3396.67..5193.18 rows=292588 width=10) (actual rows=99704 loops=1)
        Hash Cond: ((tb2.followee)::text = (tb1.follower)::text)
        Buffers: shared hit=1068, temp read=8 written=31
        ->  Seq Scan on follow tb2  (cost=0.00..1533.96 rows=99996 width=9) (actual rows=99996 loops=1)
              Buffers: shared hit=534
        ->  Hash  (cost=2776.39..2776.39 rows=49622 width=5) (actual rows=49999 loops=1)
              Buckets: 65536  Batches: 1  Memory Usage: 2357kB
              Buffers: shared hit=534, temp read=8 written=31
              ->  HashAggregate  (cost=1783.95..2280.17 rows=49622 width=5) (actual rows=49999 loops=1)
                    Group Key: tb1.follower
                    Batches: 5  Memory Usage: 4145kB  Disk Usage: 208kB
                    Buffers: shared hit=534, temp read=8 written=31
                    ->  Seq Scan on follow tb1  (cost=0.00..1533.96 rows=99996 width=5) (actual rows=99996 loops=1)
                          Buffers: shared hit=534
Planning Time: 0.234 ms
Execution Time: 107.892 ms",107.974,6658.12,25020,"HashAggregate  (cost=6656.12..6658.12 rows=200 width=13) (actual rows=25020 loops=1)
  Group Key: tb1.follower
  Batches: 1  Memory Usage: 2849kB
  Buffers: shared hit=1068, temp read=8 written=31
  ->  Hash Join  (cost=3396.67..5193.18 rows=292588 width=10) (actual rows=99704 loops=1)
        Hash Cond: ((tb2.followee)::text = (tb1.follower)::text)
        Buffers: shared hit=1068, temp read=8 written=31
        ->  Seq Scan on follow tb2  (cost=0.00..1533.96 rows=99996 width=9) (actual rows=99996 loops=1)
              Buffers: shared hit=534
        ->  Hash  (cost=2776.39..2776.39 rows=49622 width=5) (actual rows=49999 loops=1)
              Buckets: 65536  Batches: 1  Memory Usage: 2357kB
              Buffers: shared hit=534, temp read=8 written=31
              ->  HashAggregate  (cost=1783.95..2280.17 rows=49622 width=5) (actual rows=49999 loops=1)
                    Group Key: tb1.follower
                    Batches: 5  Memory Usage: 4145kB  Disk Usage: 208kB
                    Buffers: shared hit=534, temp read=8 written=31
                    ->  Seq Scan on follow tb1  (cost=0.00..1533.96 rows=99996 width=5) (actual rows=99996 loops=1)
                          Buffers: shared hit=534
Planning Time: 0.207 ms
Execution Time: 107.974 ms",106.811,107.892,109.271,111.6056,6658.12,6658.12,25020,25020,25020,25020,614_372,408,614,372,Medium,"select tb1.follower as follower, count(distinct tb2.follower) as num from schema_614.follow as tb1 join schema_614.follow as tb2 on tb1.follower = tb2.followee group by 1",376.267,18271.08,25020,"GroupAggregate  (cost=9893.60..18271.08 rows=49622 width=13) (actual rows=25020 loops=1)
  Group Key: tb1.follower
  Buffers: shared hit=1072, temp read=810 written=485
  ->  Merge Join  (cost=9893.60..16767.32 rows=201507 width=10) (actual rows=198860 loops=1)
        Merge Cond: ((tb2.followee)::text = (tb1.follower)::text)
        Buffers: shared hit=1072, temp read=810 written=485
        ->  Index Only Scan using follow_pkey on follow tb2  (cost=0.42..3656.36 rows=99996 width=9) (actual rows=99996 loops=1)
              Heap Fetches: 0
              Buffers: shared hit=538
        ->  Sort  (cost=9838.42..10088.41 rows=99996 width=5) (actual rows=248818 loops=1)
              Sort Key: tb1.follower
              Sort Method: external sort  Disk: 1936kB
              Buffers: shared hit=534, temp read=647 written=485
              ->  Seq Scan on follow tb1  (cost=0.00..1533.96 rows=99996 width=5) (actual rows=99996 loops=1)
                    Buffers: shared hit=534
Planning:
  Buffers: shared hit=8
Planning Time: 0.190 ms
Execution Time: 376.267 ms",361.627,18271.08,25020,"GroupAggregate  (cost=9893.60..18271.08 rows=49622 width=13) (actual rows=25020 loops=1)
  Group Key: tb1.follower
  Buffers: shared hit=1072, temp read=810 written=485
  ->  Merge Join  (cost=9893.60..16767.32 rows=201507 width=10) (actual rows=198860 loops=1)
        Merge Cond: ((tb2.followee)::text = (tb1.follower)::text)
        Buffers: shared hit=1072, temp read=810 written=485
        ->  Index Only Scan using follow_pkey on follow tb2  (cost=0.42..3656.36 rows=99996 width=9) (actual rows=99996 loops=1)
              Heap Fetches: 0
              Buffers: shared hit=538
        ->  Sort  (cost=9838.42..10088.41 rows=99996 width=5) (actual rows=248818 loops=1)
              Sort Key: tb1.follower
              Sort Method: external sort  Disk: 1936kB
              Buffers: shared hit=534, temp read=647 written=485
              ->  Seq Scan on follow tb1  (cost=0.00..1533.96 rows=99996 width=5) (actual rows=99996 loops=1)
                    Buffers: shared hit=534
Planning:
  Buffers: shared hit=8
Planning Time: 0.428 ms
Execution Time: 361.627 ms",361.091,18271.08,25020,"GroupAggregate  (cost=9893.60..18271.08 rows=49622 width=13) (actual rows=25020 loops=1)
  Group Key: tb1.follower
  Buffers: shared hit=1072, temp read=810 written=485
  ->  Merge Join  (cost=9893.60..16767.32 rows=201507 width=10) (actual rows=198860 loops=1)
        Merge Cond: ((tb2.followee)::text = (tb1.follower)::text)
        Buffers: shared hit=1072, temp read=810 written=485
        ->  Index Only Scan using follow_pkey on follow tb2  (cost=0.42..3656.36 rows=99996 width=9) (actual rows=99996 loops=1)
              Heap Fetches: 0
              Buffers: shared hit=538
        ->  Sort  (cost=9838.42..10088.41 rows=99996 width=5) (actual rows=248818 loops=1)
              Sort Key: tb1.follower
              Sort Method: external sort  Disk: 1936kB
              Buffers: shared hit=534, temp read=647 written=485
              ->  Seq Scan on follow tb1  (cost=0.00..1533.96 rows=99996 width=5) (actual rows=99996 loops=1)
                    Buffers: shared hit=534
Planning:
  Buffers: shared hit=8
Planning Time: 0.310 ms
Execution Time: 361.091 ms",364.285,18271.08,25020,"GroupAggregate  (cost=9893.60..18271.08 rows=49622 width=13) (actual rows=25020 loops=1)
  Group Key: tb1.follower
  Buffers: shared hit=1072, temp read=810 written=485
  ->  Merge Join  (cost=9893.60..16767.32 rows=201507 width=10) (actual rows=198860 loops=1)
        Merge Cond: ((tb2.followee)::text = (tb1.follower)::text)
        Buffers: shared hit=1072, temp read=810 written=485
        ->  Index Only Scan using follow_pkey on follow tb2  (cost=0.42..3656.36 rows=99996 width=9) (actual rows=99996 loops=1)
              Heap Fetches: 0
              Buffers: shared hit=538
        ->  Sort  (cost=9838.42..10088.41 rows=99996 width=5) (actual rows=248818 loops=1)
              Sort Key: tb1.follower
              Sort Method: external sort  Disk: 1936kB
              Buffers: shared hit=534, temp read=647 written=485
              ->  Seq Scan on follow tb1  (cost=0.00..1533.96 rows=99996 width=5) (actual rows=99996 loops=1)
                    Buffers: shared hit=534
Planning:
  Buffers: shared hit=8
Planning Time: 0.379 ms
Execution Time: 364.285 ms",367.373,18271.08,25020,"GroupAggregate  (cost=9893.60..18271.08 rows=49622 width=13) (actual rows=25020 loops=1)
  Group Key: tb1.follower
  Buffers: shared hit=1072, temp read=810 written=485
  ->  Merge Join  (cost=9893.60..16767.32 rows=201507 width=10) (actual rows=198860 loops=1)
        Merge Cond: ((tb2.followee)::text = (tb1.follower)::text)
        Buffers: shared hit=1072, temp read=810 written=485
        ->  Index Only Scan using follow_pkey on follow tb2  (cost=0.42..3656.36 rows=99996 width=9) (actual rows=99996 loops=1)
              Heap Fetches: 0
              Buffers: shared hit=538
        ->  Sort  (cost=9838.42..10088.41 rows=99996 width=5) (actual rows=248818 loops=1)
              Sort Key: tb1.follower
              Sort Method: external sort  Disk: 1936kB
              Buffers: shared hit=534, temp read=647 written=485
              ->  Seq Scan on follow tb1  (cost=0.00..1533.96 rows=99996 width=5) (actual rows=99996 loops=1)
                    Buffers: shared hit=534
Planning:
  Buffers: shared hit=8
Planning Time: 0.304 ms
Execution Time: 367.373 ms",366.1286,364.285,371.82,379.8246,18271.08,18271.08,25020,25020,25020,25020,normal,normal,38.34409079999991,13.801365999999996,equal variances,significant,0.003968253968253968,-259.31759999999997,-256.39300000000003,-11612.960000000003,0,True
410,1050,5,Easy,"select t_actordirector_0.actor_id as actor_id, t_actordirector_0.director_id as director_id from schema_1050.actordirector as t_actordirector_0 group by t_actordirector_0.director_id,t_actordirector_0.actor_id having 3 <= count(t_actordirector_0.timestamp)",41.239,2416.0,19314,"HashAggregate  (cost=2291.00..2416.00 rows=3333 width=8) (actual rows=19314 loops=1)
  Group Key: director_id, actor_id
  Filter: (3 <= count(""timestamp""))
  Batches: 5  Memory Usage: 4145kB  Disk Usage: 216kB
  Rows Removed by Filter: 12080
  Buffers: shared hit=541, temp read=12 written=34
  ->  Seq Scan on actordirector t_actordirector_0  (cost=0.00..1541.00 rows=100000 width=12) (actual rows=100000 loops=1)
        Buffers: shared hit=541
Planning:
  Buffers: shared hit=3
Planning Time: 0.069 ms
Execution Time: 41.239 ms",48.338,2416.0,19314,"HashAggregate  (cost=2291.00..2416.00 rows=3333 width=8) (actual rows=19314 loops=1)
  Group Key: director_id, actor_id
  Filter: (3 <= count(""timestamp""))
  Batches: 5  Memory Usage: 4145kB  Disk Usage: 216kB
  Rows Removed by Filter: 12080
  Buffers: shared hit=541, temp read=12 written=34
  ->  Seq Scan on actordirector t_actordirector_0  (cost=0.00..1541.00 rows=100000 width=12) (actual rows=100000 loops=1)
        Buffers: shared hit=541
Planning:
  Buffers: shared hit=3
Planning Time: 0.084 ms
Execution Time: 48.338 ms",48.362,2416.0,19314,"HashAggregate  (cost=2291.00..2416.00 rows=3333 width=8) (actual rows=19314 loops=1)
  Group Key: director_id, actor_id
  Filter: (3 <= count(""timestamp""))
  Batches: 5  Memory Usage: 4145kB  Disk Usage: 216kB
  Rows Removed by Filter: 12080
  Buffers: shared hit=541, temp read=12 written=34
  ->  Seq Scan on actordirector t_actordirector_0  (cost=0.00..1541.00 rows=100000 width=12) (actual rows=100000 loops=1)
        Buffers: shared hit=541
Planning:
  Buffers: shared hit=3
Planning Time: 0.124 ms
Execution Time: 48.362 ms",47.148,2416.0,19314,"HashAggregate  (cost=2291.00..2416.00 rows=3333 width=8) (actual rows=19314 loops=1)
  Group Key: director_id, actor_id
  Filter: (3 <= count(""timestamp""))
  Batches: 5  Memory Usage: 4145kB  Disk Usage: 216kB
  Rows Removed by Filter: 12080
  Buffers: shared hit=541, temp read=12 written=34
  ->  Seq Scan on actordirector t_actordirector_0  (cost=0.00..1541.00 rows=100000 width=12) (actual rows=100000 loops=1)
        Buffers: shared hit=541
Planning:
  Buffers: shared hit=3
Planning Time: 0.092 ms
Execution Time: 47.148 ms",46.747,2416.0,19314,"HashAggregate  (cost=2291.00..2416.00 rows=3333 width=8) (actual rows=19314 loops=1)
  Group Key: director_id, actor_id
  Filter: (3 <= count(""timestamp""))
  Batches: 5  Memory Usage: 4145kB  Disk Usage: 216kB
  Rows Removed by Filter: 12080
  Buffers: shared hit=541, temp read=12 written=34
  ->  Seq Scan on actordirector t_actordirector_0  (cost=0.00..1541.00 rows=100000 width=12) (actual rows=100000 loops=1)
        Buffers: shared hit=541
Planning:
  Buffers: shared hit=3
Planning Time: 0.086 ms
Execution Time: 46.747 ms",46.3668,47.148,48.35,48.3716,2416.0,2416.0,19314,19314,19314,19314,1050_5,410,1050,5,Easy,"select a.actor_id, a.director_id from (select actor_id, director_id, count(timestamp) as cooperation from schema_1050.actordirector group by actor_id, director_id) as a where a.cooperation >= 3",46.609,2449.33,19314,"Subquery Scan on a  (cost=2291.00..2449.33 rows=3333 width=8) (actual rows=19314 loops=1)
  Buffers: shared hit=541, temp read=12 written=35
  ->  HashAggregate  (cost=2291.00..2416.00 rows=3333 width=16) (actual rows=19314 loops=1)
        Group Key: actordirector.actor_id, actordirector.director_id
        Filter: (count(actordirector.""timestamp"") >= 3)
        Batches: 5  Memory Usage: 4145kB  Disk Usage: 216kB
        Rows Removed by Filter: 12080
        Buffers: shared hit=541, temp read=12 written=35
        ->  Seq Scan on actordirector  (cost=0.00..1541.00 rows=100000 width=12) (actual rows=100000 loops=1)
              Buffers: shared hit=541
Planning:
  Buffers: shared hit=3
Planning Time: 0.081 ms
Execution Time: 46.609 ms",47.193,2449.33,19314,"Subquery Scan on a  (cost=2291.00..2449.33 rows=3333 width=8) (actual rows=19314 loops=1)
  Buffers: shared hit=541, temp read=12 written=35
  ->  HashAggregate  (cost=2291.00..2416.00 rows=3333 width=16) (actual rows=19314 loops=1)
        Group Key: actordirector.actor_id, actordirector.director_id
        Filter: (count(actordirector.""timestamp"") >= 3)
        Batches: 5  Memory Usage: 4145kB  Disk Usage: 216kB
        Rows Removed by Filter: 12080
        Buffers: shared hit=541, temp read=12 written=35
        ->  Seq Scan on actordirector  (cost=0.00..1541.00 rows=100000 width=12) (actual rows=100000 loops=1)
              Buffers: shared hit=541
Planning:
  Buffers: shared hit=3
Planning Time: 0.118 ms
Execution Time: 47.193 ms",47.154,2449.33,19314,"Subquery Scan on a  (cost=2291.00..2449.33 rows=3333 width=8) (actual rows=19314 loops=1)
  Buffers: shared hit=541, temp read=12 written=35
  ->  HashAggregate  (cost=2291.00..2416.00 rows=3333 width=16) (actual rows=19314 loops=1)
        Group Key: actordirector.actor_id, actordirector.director_id
        Filter: (count(actordirector.""timestamp"") >= 3)
        Batches: 5  Memory Usage: 4145kB  Disk Usage: 216kB
        Rows Removed by Filter: 12080
        Buffers: shared hit=541, temp read=12 written=35
        ->  Seq Scan on actordirector  (cost=0.00..1541.00 rows=100000 width=12) (actual rows=100000 loops=1)
              Buffers: shared hit=541
Planning:
  Buffers: shared hit=3
Planning Time: 0.107 ms
Execution Time: 47.154 ms",48.87,2449.33,19314,"Subquery Scan on a  (cost=2291.00..2449.33 rows=3333 width=8) (actual rows=19314 loops=1)
  Buffers: shared hit=541, temp read=12 written=35
  ->  HashAggregate  (cost=2291.00..2416.00 rows=3333 width=16) (actual rows=19314 loops=1)
        Group Key: actordirector.actor_id, actordirector.director_id
        Filter: (count(actordirector.""timestamp"") >= 3)
        Batches: 5  Memory Usage: 4145kB  Disk Usage: 216kB
        Rows Removed by Filter: 12080
        Buffers: shared hit=541, temp read=12 written=35
        ->  Seq Scan on actordirector  (cost=0.00..1541.00 rows=100000 width=12) (actual rows=100000 loops=1)
              Buffers: shared hit=541
Planning:
  Buffers: shared hit=3
Planning Time: 0.126 ms
Execution Time: 48.870 ms",47.334,2449.33,19314,"Subquery Scan on a  (cost=2291.00..2449.33 rows=3333 width=8) (actual rows=19314 loops=1)
  Buffers: shared hit=541, temp read=12 written=35
  ->  HashAggregate  (cost=2291.00..2416.00 rows=3333 width=16) (actual rows=19314 loops=1)
        Group Key: actordirector.actor_id, actordirector.director_id
        Filter: (count(actordirector.""timestamp"") >= 3)
        Batches: 5  Memory Usage: 4145kB  Disk Usage: 216kB
        Rows Removed by Filter: 12080
        Buffers: shared hit=541, temp read=12 written=35
        ->  Seq Scan on actordirector  (cost=0.00..1541.00 rows=100000 width=12) (actual rows=100000 loops=1)
              Buffers: shared hit=541
Planning:
  Buffers: shared hit=3
Planning Time: 0.170 ms
Execution Time: 47.334 ms",47.432,47.193,48.102,49.4844,2449.33,2449.33,19314,19314,19314,19314,normal,not normal,0.722295499999997,8.728902700000011,equal variances,not significant,0.34523809523809523,-1.0652000000000044,-0.0449999999999946,-33.32999999999993,0,True
411,1050,13,Easy,"select t_actordirector_0.actor_id as actor_id, t_actordirector_0.director_id as director_id from schema_1050.actordirector as t_actordirector_0 group by t_actordirector_0.actor_id,t_actordirector_0.director_id having 3 <= count(t_actordirector_0.timestamp)",36.673,2416.0,19314,"HashAggregate  (cost=2291.00..2416.00 rows=3333 width=8) (actual rows=19314 loops=1)
  Group Key: actor_id, director_id
  Filter: (3 <= count(""timestamp""))
  Batches: 5  Memory Usage: 4145kB  Disk Usage: 216kB
  Rows Removed by Filter: 12080
  Buffers: shared hit=541, temp read=12 written=35
  ->  Seq Scan on actordirector t_actordirector_0  (cost=0.00..1541.00 rows=100000 width=12) (actual rows=100000 loops=1)
        Buffers: shared hit=541
Planning:
  Buffers: shared hit=3
Planning Time: 0.073 ms
Execution Time: 36.673 ms",46.875,2416.0,19314,"HashAggregate  (cost=2291.00..2416.00 rows=3333 width=8) (actual rows=19314 loops=1)
  Group Key: actor_id, director_id
  Filter: (3 <= count(""timestamp""))
  Batches: 5  Memory Usage: 4145kB  Disk Usage: 216kB
  Rows Removed by Filter: 12080
  Buffers: shared hit=541, temp read=12 written=35
  ->  Seq Scan on actordirector t_actordirector_0  (cost=0.00..1541.00 rows=100000 width=12) (actual rows=100000 loops=1)
        Buffers: shared hit=541
Planning:
  Buffers: shared hit=3
Planning Time: 0.094 ms
Execution Time: 46.875 ms",46.813,2416.0,19314,"HashAggregate  (cost=2291.00..2416.00 rows=3333 width=8) (actual rows=19314 loops=1)
  Group Key: actor_id, director_id
  Filter: (3 <= count(""timestamp""))
  Batches: 5  Memory Usage: 4145kB  Disk Usage: 216kB
  Rows Removed by Filter: 12080
  Buffers: shared hit=541, temp read=12 written=35
  ->  Seq Scan on actordirector t_actordirector_0  (cost=0.00..1541.00 rows=100000 width=12) (actual rows=100000 loops=1)
        Buffers: shared hit=541
Planning:
  Buffers: shared hit=3
Planning Time: 0.132 ms
Execution Time: 46.813 ms",56.453,2416.0,19314,"HashAggregate  (cost=2291.00..2416.00 rows=3333 width=8) (actual rows=19314 loops=1)
  Group Key: actor_id, director_id
  Filter: (3 <= count(""timestamp""))
  Batches: 5  Memory Usage: 4145kB  Disk Usage: 216kB
  Rows Removed by Filter: 12080
  Buffers: shared hit=541, temp read=12 written=35
  ->  Seq Scan on actordirector t_actordirector_0  (cost=0.00..1541.00 rows=100000 width=12) (actual rows=100000 loops=1)
        Buffers: shared hit=541
Planning:
  Buffers: shared hit=3
Planning Time: 0.088 ms
Execution Time: 56.453 ms",49.519,2416.0,19314,"HashAggregate  (cost=2291.00..2416.00 rows=3333 width=8) (actual rows=19314 loops=1)
  Group Key: actor_id, director_id
  Filter: (3 <= count(""timestamp""))
  Batches: 5  Memory Usage: 4145kB  Disk Usage: 216kB
  Rows Removed by Filter: 12080
  Buffers: shared hit=541, temp read=12 written=35
  ->  Seq Scan on actordirector t_actordirector_0  (cost=0.00..1541.00 rows=100000 width=12) (actual rows=100000 loops=1)
        Buffers: shared hit=541
Planning:
  Buffers: shared hit=3
Planning Time: 0.094 ms
Execution Time: 49.519 ms",47.2666,46.875,52.986,59.2266,2416.0,2416.0,19314,19314,19314,19314,1050_13,411,1050,13,Easy,"select actor_id, director_id from (select actor_id, director_id, count(timestamp) as cooperated_frq from schema_1050.actordirector group by 1, 2) as a where a.cooperated_frq >= 3",40.445,2449.33,19314,"Subquery Scan on a  (cost=2291.00..2449.33 rows=3333 width=8) (actual rows=19314 loops=1)
  Buffers: shared hit=541, temp read=12 written=35
  ->  HashAggregate  (cost=2291.00..2416.00 rows=3333 width=16) (actual rows=19314 loops=1)
        Group Key: actordirector.actor_id, actordirector.director_id
        Filter: (count(actordirector.""timestamp"") >= 3)
        Batches: 5  Memory Usage: 4145kB  Disk Usage: 216kB
        Rows Removed by Filter: 12080
        Buffers: shared hit=541, temp read=12 written=35
        ->  Seq Scan on actordirector  (cost=0.00..1541.00 rows=100000 width=12) (actual rows=100000 loops=1)
              Buffers: shared hit=541
Planning:
  Buffers: shared hit=3
Planning Time: 0.111 ms
Execution Time: 40.445 ms",44.981,2449.33,19314,"Subquery Scan on a  (cost=2291.00..2449.33 rows=3333 width=8) (actual rows=19314 loops=1)
  Buffers: shared hit=541, temp read=12 written=35
  ->  HashAggregate  (cost=2291.00..2416.00 rows=3333 width=16) (actual rows=19314 loops=1)
        Group Key: actordirector.actor_id, actordirector.director_id
        Filter: (count(actordirector.""timestamp"") >= 3)
        Batches: 5  Memory Usage: 4145kB  Disk Usage: 216kB
        Rows Removed by Filter: 12080
        Buffers: shared hit=541, temp read=12 written=35
        ->  Seq Scan on actordirector  (cost=0.00..1541.00 rows=100000 width=12) (actual rows=100000 loops=1)
              Buffers: shared hit=541
Planning:
  Buffers: shared hit=3
Planning Time: 0.110 ms
Execution Time: 44.981 ms",45.388,2449.33,19314,"Subquery Scan on a  (cost=2291.00..2449.33 rows=3333 width=8) (actual rows=19314 loops=1)
  Buffers: shared hit=541, temp read=12 written=35
  ->  HashAggregate  (cost=2291.00..2416.00 rows=3333 width=16) (actual rows=19314 loops=1)
        Group Key: actordirector.actor_id, actordirector.director_id
        Filter: (count(actordirector.""timestamp"") >= 3)
        Batches: 5  Memory Usage: 4145kB  Disk Usage: 216kB
        Rows Removed by Filter: 12080
        Buffers: shared hit=541, temp read=12 written=35
        ->  Seq Scan on actordirector  (cost=0.00..1541.00 rows=100000 width=12) (actual rows=100000 loops=1)
              Buffers: shared hit=541
Planning:
  Buffers: shared hit=3
Planning Time: 0.183 ms
Execution Time: 45.388 ms",47.388,2449.33,19314,"Subquery Scan on a  (cost=2291.00..2449.33 rows=3333 width=8) (actual rows=19314 loops=1)
  Buffers: shared hit=541, temp read=12 written=35
  ->  HashAggregate  (cost=2291.00..2416.00 rows=3333 width=16) (actual rows=19314 loops=1)
        Group Key: actordirector.actor_id, actordirector.director_id
        Filter: (count(actordirector.""timestamp"") >= 3)
        Batches: 5  Memory Usage: 4145kB  Disk Usage: 216kB
        Rows Removed by Filter: 12080
        Buffers: shared hit=541, temp read=12 written=35
        ->  Seq Scan on actordirector  (cost=0.00..1541.00 rows=100000 width=12) (actual rows=100000 loops=1)
              Buffers: shared hit=541
Planning:
  Buffers: shared hit=3
Planning Time: 0.196 ms
Execution Time: 47.388 ms",44.146,2449.33,19314,"Subquery Scan on a  (cost=2291.00..2449.33 rows=3333 width=8) (actual rows=19314 loops=1)
  Buffers: shared hit=541, temp read=12 written=35
  ->  HashAggregate  (cost=2291.00..2416.00 rows=3333 width=16) (actual rows=19314 loops=1)
        Group Key: actordirector.actor_id, actordirector.director_id
        Filter: (count(actordirector.""timestamp"") >= 3)
        Batches: 5  Memory Usage: 4145kB  Disk Usage: 216kB
        Rows Removed by Filter: 12080
        Buffers: shared hit=541, temp read=12 written=35
        ->  Seq Scan on actordirector  (cost=0.00..1541.00 rows=100000 width=12) (actual rows=100000 loops=1)
              Buffers: shared hit=541
Planning:
  Buffers: shared hit=3
Planning Time: 0.152 ms
Execution Time: 44.146 ms",44.4696,44.981,46.388,48.188,2449.33,2449.33,19314,19314,19314,19314,normal,normal,6.481042299999996,50.511678800000006,equal variances,not significant,0.8888888888888888,2.796999999999997,1.8939999999999984,-33.32999999999993,0,True
413,1050,16,Easy,"select t_actordirector_0.actor_id as actor_id, t_actordirector_0.director_id as director_id from schema_1050.actordirector as t_actordirector_0 group by t_actordirector_0.director_id,t_actordirector_0.actor_id having 3 <= count(t_actordirector_0.timestamp)",38.015,2416.0,19314,"HashAggregate  (cost=2291.00..2416.00 rows=3333 width=8) (actual rows=19314 loops=1)
  Group Key: director_id, actor_id
  Filter: (3 <= count(""timestamp""))
  Batches: 5  Memory Usage: 4145kB  Disk Usage: 216kB
  Rows Removed by Filter: 12080
  Buffers: shared hit=541, temp read=12 written=34
  ->  Seq Scan on actordirector t_actordirector_0  (cost=0.00..1541.00 rows=100000 width=12) (actual rows=100000 loops=1)
        Buffers: shared hit=541
Planning:
  Buffers: shared hit=3
Planning Time: 0.067 ms
Execution Time: 38.015 ms",45.752,2416.0,19314,"HashAggregate  (cost=2291.00..2416.00 rows=3333 width=8) (actual rows=19314 loops=1)
  Group Key: director_id, actor_id
  Filter: (3 <= count(""timestamp""))
  Batches: 5  Memory Usage: 4145kB  Disk Usage: 216kB
  Rows Removed by Filter: 12080
  Buffers: shared hit=541, temp read=12 written=34
  ->  Seq Scan on actordirector t_actordirector_0  (cost=0.00..1541.00 rows=100000 width=12) (actual rows=100000 loops=1)
        Buffers: shared hit=541
Planning:
  Buffers: shared hit=3
Planning Time: 0.097 ms
Execution Time: 45.752 ms",44.854,2416.0,19314,"HashAggregate  (cost=2291.00..2416.00 rows=3333 width=8) (actual rows=19314 loops=1)
  Group Key: director_id, actor_id
  Filter: (3 <= count(""timestamp""))
  Batches: 5  Memory Usage: 4145kB  Disk Usage: 216kB
  Rows Removed by Filter: 12080
  Buffers: shared hit=541, temp read=12 written=34
  ->  Seq Scan on actordirector t_actordirector_0  (cost=0.00..1541.00 rows=100000 width=12) (actual rows=100000 loops=1)
        Buffers: shared hit=541
Planning:
  Buffers: shared hit=3
Planning Time: 0.077 ms
Execution Time: 44.854 ms",85.718,2416.0,19314,"HashAggregate  (cost=2291.00..2416.00 rows=3333 width=8) (actual rows=19314 loops=1)
  Group Key: director_id, actor_id
  Filter: (3 <= count(""timestamp""))
  Batches: 5  Memory Usage: 4145kB  Disk Usage: 216kB
  Rows Removed by Filter: 12080
  Buffers: shared hit=541, temp read=12 written=34
  ->  Seq Scan on actordirector t_actordirector_0  (cost=0.00..1541.00 rows=100000 width=12) (actual rows=100000 loops=1)
        Buffers: shared hit=541
Planning:
  Buffers: shared hit=3
Planning Time: 0.110 ms
Execution Time: 85.718 ms",47.6,2416.0,19314,"HashAggregate  (cost=2291.00..2416.00 rows=3333 width=8) (actual rows=19314 loops=1)
  Group Key: director_id, actor_id
  Filter: (3 <= count(""timestamp""))
  Batches: 5  Memory Usage: 4145kB  Disk Usage: 216kB
  Rows Removed by Filter: 12080
  Buffers: shared hit=541, temp read=12 written=34
  ->  Seq Scan on actordirector t_actordirector_0  (cost=0.00..1541.00 rows=100000 width=12) (actual rows=100000 loops=1)
        Buffers: shared hit=541
Planning:
  Buffers: shared hit=3
Planning Time: 0.111 ms
Execution Time: 47.600 ms",52.3878,45.752,66.659,100.9652,2416.0,2416.0,19314,19314,19314,19314,1050_16,413,1050,16,Easy,"select actor_id, director_id from schema_1050.actordirector group by 1, 2 having count(distinct timestamp) >= 3",102.38,10970.82,19314,"GroupAggregate  (cost=9845.82..10970.82 rows=3333 width=8) (actual rows=19314 loops=1)
  Group Key: actor_id, director_id
  Filter: (count(DISTINCT ""timestamp"") >= 3)
  Rows Removed by Filter: 12080
  Buffers: shared hit=541, temp read=270 written=271
  ->  Sort  (cost=9845.82..10095.82 rows=100000 width=12) (actual rows=100000 loops=1)
        Sort Key: actor_id, director_id
        Sort Method: external merge  Disk: 2160kB
        Buffers: shared hit=541, temp read=270 written=271
        ->  Seq Scan on actordirector  (cost=0.00..1541.00 rows=100000 width=12) (actual rows=100000 loops=1)
              Buffers: shared hit=541
Planning:
  Buffers: shared hit=3
Planning Time: 0.081 ms
Execution Time: 102.380 ms",109.919,10970.82,19314,"GroupAggregate  (cost=9845.82..10970.82 rows=3333 width=8) (actual rows=19314 loops=1)
  Group Key: actor_id, director_id
  Filter: (count(DISTINCT ""timestamp"") >= 3)
  Rows Removed by Filter: 12080
  Buffers: shared hit=541, temp read=270 written=271
  ->  Sort  (cost=9845.82..10095.82 rows=100000 width=12) (actual rows=100000 loops=1)
        Sort Key: actor_id, director_id
        Sort Method: external merge  Disk: 2160kB
        Buffers: shared hit=541, temp read=270 written=271
        ->  Seq Scan on actordirector  (cost=0.00..1541.00 rows=100000 width=12) (actual rows=100000 loops=1)
              Buffers: shared hit=541
Planning:
  Buffers: shared hit=3
Planning Time: 0.116 ms
Execution Time: 109.919 ms",113.128,10970.82,19314,"GroupAggregate  (cost=9845.82..10970.82 rows=3333 width=8) (actual rows=19314 loops=1)
  Group Key: actor_id, director_id
  Filter: (count(DISTINCT ""timestamp"") >= 3)
  Rows Removed by Filter: 12080
  Buffers: shared hit=541, temp read=270 written=271
  ->  Sort  (cost=9845.82..10095.82 rows=100000 width=12) (actual rows=100000 loops=1)
        Sort Key: actor_id, director_id
        Sort Method: external merge  Disk: 2160kB
        Buffers: shared hit=541, temp read=270 written=271
        ->  Seq Scan on actordirector  (cost=0.00..1541.00 rows=100000 width=12) (actual rows=100000 loops=1)
              Buffers: shared hit=541
Planning:
  Buffers: shared hit=3
Planning Time: 0.093 ms
Execution Time: 113.128 ms",110.947,10970.82,19314,"GroupAggregate  (cost=9845.82..10970.82 rows=3333 width=8) (actual rows=19314 loops=1)
  Group Key: actor_id, director_id
  Filter: (count(DISTINCT ""timestamp"") >= 3)
  Rows Removed by Filter: 12080
  Buffers: shared hit=541, temp read=270 written=271
  ->  Sort  (cost=9845.82..10095.82 rows=100000 width=12) (actual rows=100000 loops=1)
        Sort Key: actor_id, director_id
        Sort Method: external merge  Disk: 2160kB
        Buffers: shared hit=541, temp read=270 written=271
        ->  Seq Scan on actordirector  (cost=0.00..1541.00 rows=100000 width=12) (actual rows=100000 loops=1)
              Buffers: shared hit=541
Planning:
  Buffers: shared hit=3
Planning Time: 0.128 ms
Execution Time: 110.947 ms",109.424,10970.82,19314,"GroupAggregate  (cost=9845.82..10970.82 rows=3333 width=8) (actual rows=19314 loops=1)
  Group Key: actor_id, director_id
  Filter: (count(DISTINCT ""timestamp"") >= 3)
  Rows Removed by Filter: 12080
  Buffers: shared hit=541, temp read=270 written=271
  ->  Sort  (cost=9845.82..10095.82 rows=100000 width=12) (actual rows=100000 loops=1)
        Sort Key: actor_id, director_id
        Sort Method: external merge  Disk: 2160kB
        Buffers: shared hit=541, temp read=270 written=271
        ->  Seq Scan on actordirector  (cost=0.00..1541.00 rows=100000 width=12) (actual rows=100000 loops=1)
              Buffers: shared hit=541
Planning:
  Buffers: shared hit=3
Planning Time: 0.099 ms
Execution Time: 109.424 ms",109.1596,109.919,112.0375,114.0004,10970.82,10970.82,19314,19314,19314,19314,normal,not normal,16.388142300000016,360.2986562000001,equal variances,significant,0.003968253968253968,-56.7718,-64.167,-8554.82,0,True
415,1050,25,Easy,"select t_actordirector_0.actor_id as actor_id, t_actordirector_0.director_id as director_id from schema_1050.actordirector as t_actordirector_0 group by t_actordirector_0.actor_id,t_actordirector_0.director_id having 2 < count(t_actordirector_0.timestamp)",40.224,2416.0,19314,"HashAggregate  (cost=2291.00..2416.00 rows=3333 width=8) (actual rows=19314 loops=1)
  Group Key: actor_id, director_id
  Filter: (2 < count(""timestamp""))
  Batches: 5  Memory Usage: 4145kB  Disk Usage: 216kB
  Rows Removed by Filter: 12080
  Buffers: shared hit=541, temp read=12 written=35
  ->  Seq Scan on actordirector t_actordirector_0  (cost=0.00..1541.00 rows=100000 width=12) (actual rows=100000 loops=1)
        Buffers: shared hit=541
Planning:
  Buffers: shared hit=3
Planning Time: 0.088 ms
Execution Time: 40.224 ms",49.454,2416.0,19314,"HashAggregate  (cost=2291.00..2416.00 rows=3333 width=8) (actual rows=19314 loops=1)
  Group Key: actor_id, director_id
  Filter: (2 < count(""timestamp""))
  Batches: 5  Memory Usage: 4145kB  Disk Usage: 216kB
  Rows Removed by Filter: 12080
  Buffers: shared hit=541, temp read=12 written=35
  ->  Seq Scan on actordirector t_actordirector_0  (cost=0.00..1541.00 rows=100000 width=12) (actual rows=100000 loops=1)
        Buffers: shared hit=541
Planning:
  Buffers: shared hit=3
Planning Time: 0.103 ms
Execution Time: 49.454 ms",48.509,2416.0,19314,"HashAggregate  (cost=2291.00..2416.00 rows=3333 width=8) (actual rows=19314 loops=1)
  Group Key: actor_id, director_id
  Filter: (2 < count(""timestamp""))
  Batches: 5  Memory Usage: 4145kB  Disk Usage: 216kB
  Rows Removed by Filter: 12080
  Buffers: shared hit=541, temp read=12 written=35
  ->  Seq Scan on actordirector t_actordirector_0  (cost=0.00..1541.00 rows=100000 width=12) (actual rows=100000 loops=1)
        Buffers: shared hit=541
Planning:
  Buffers: shared hit=3
Planning Time: 0.098 ms
Execution Time: 48.509 ms",51.02,2416.0,19314,"HashAggregate  (cost=2291.00..2416.00 rows=3333 width=8) (actual rows=19314 loops=1)
  Group Key: actor_id, director_id
  Filter: (2 < count(""timestamp""))
  Batches: 5  Memory Usage: 4145kB  Disk Usage: 216kB
  Rows Removed by Filter: 12080
  Buffers: shared hit=541, temp read=12 written=35
  ->  Seq Scan on actordirector t_actordirector_0  (cost=0.00..1541.00 rows=100000 width=12) (actual rows=100000 loops=1)
        Buffers: shared hit=541
Planning:
  Buffers: shared hit=3
Planning Time: 0.090 ms
Execution Time: 51.020 ms",48.076,2416.0,19314,"HashAggregate  (cost=2291.00..2416.00 rows=3333 width=8) (actual rows=19314 loops=1)
  Group Key: actor_id, director_id
  Filter: (2 < count(""timestamp""))
  Batches: 5  Memory Usage: 4145kB  Disk Usage: 216kB
  Rows Removed by Filter: 12080
  Buffers: shared hit=541, temp read=12 written=35
  ->  Seq Scan on actordirector t_actordirector_0  (cost=0.00..1541.00 rows=100000 width=12) (actual rows=100000 loops=1)
        Buffers: shared hit=541
Planning:
  Buffers: shared hit=3
Planning Time: 0.086 ms
Execution Time: 48.076 ms",47.4566,48.509,50.237,51.6464,2416.0,2416.0,19314,19314,19314,19314,1050_25,415,1050,25,Easy,"select actor_id, director_id from schema_1050.actordirector group by actor_id, director_id having count(distinct timestamp) > 2",101.655,10970.82,19314,"GroupAggregate  (cost=9845.82..10970.82 rows=3333 width=8) (actual rows=19314 loops=1)
  Group Key: actor_id, director_id
  Filter: (count(DISTINCT ""timestamp"") > 2)
  Rows Removed by Filter: 12080
  Buffers: shared hit=541, temp read=270 written=271
  ->  Sort  (cost=9845.82..10095.82 rows=100000 width=12) (actual rows=100000 loops=1)
        Sort Key: actor_id, director_id
        Sort Method: external merge  Disk: 2160kB
        Buffers: shared hit=541, temp read=270 written=271
        ->  Seq Scan on actordirector  (cost=0.00..1541.00 rows=100000 width=12) (actual rows=100000 loops=1)
              Buffers: shared hit=541
Planning:
  Buffers: shared hit=3
Planning Time: 0.076 ms
Execution Time: 101.655 ms",110.78,10970.82,19314,"GroupAggregate  (cost=9845.82..10970.82 rows=3333 width=8) (actual rows=19314 loops=1)
  Group Key: actor_id, director_id
  Filter: (count(DISTINCT ""timestamp"") > 2)
  Rows Removed by Filter: 12080
  Buffers: shared hit=541, temp read=270 written=271
  ->  Sort  (cost=9845.82..10095.82 rows=100000 width=12) (actual rows=100000 loops=1)
        Sort Key: actor_id, director_id
        Sort Method: external merge  Disk: 2160kB
        Buffers: shared hit=541, temp read=270 written=271
        ->  Seq Scan on actordirector  (cost=0.00..1541.00 rows=100000 width=12) (actual rows=100000 loops=1)
              Buffers: shared hit=541
Planning:
  Buffers: shared hit=3
Planning Time: 0.089 ms
Execution Time: 110.780 ms",116.087,10970.82,19314,"GroupAggregate  (cost=9845.82..10970.82 rows=3333 width=8) (actual rows=19314 loops=1)
  Group Key: actor_id, director_id
  Filter: (count(DISTINCT ""timestamp"") > 2)
  Rows Removed by Filter: 12080
  Buffers: shared hit=541, temp read=270 written=271
  ->  Sort  (cost=9845.82..10095.82 rows=100000 width=12) (actual rows=100000 loops=1)
        Sort Key: actor_id, director_id
        Sort Method: external merge  Disk: 2160kB
        Buffers: shared hit=541, temp read=270 written=271
        ->  Seq Scan on actordirector  (cost=0.00..1541.00 rows=100000 width=12) (actual rows=100000 loops=1)
              Buffers: shared hit=541
Planning:
  Buffers: shared hit=3
Planning Time: 0.110 ms
Execution Time: 116.087 ms",112.577,10970.82,19314,"GroupAggregate  (cost=9845.82..10970.82 rows=3333 width=8) (actual rows=19314 loops=1)
  Group Key: actor_id, director_id
  Filter: (count(DISTINCT ""timestamp"") > 2)
  Rows Removed by Filter: 12080
  Buffers: shared hit=541, temp read=270 written=271
  ->  Sort  (cost=9845.82..10095.82 rows=100000 width=12) (actual rows=100000 loops=1)
        Sort Key: actor_id, director_id
        Sort Method: external merge  Disk: 2160kB
        Buffers: shared hit=541, temp read=270 written=271
        ->  Seq Scan on actordirector  (cost=0.00..1541.00 rows=100000 width=12) (actual rows=100000 loops=1)
              Buffers: shared hit=541
Planning:
  Buffers: shared hit=3
Planning Time: 0.101 ms
Execution Time: 112.577 ms",110.135,10970.82,19314,"GroupAggregate  (cost=9845.82..10970.82 rows=3333 width=8) (actual rows=19314 loops=1)
  Group Key: actor_id, director_id
  Filter: (count(DISTINCT ""timestamp"") > 2)
  Rows Removed by Filter: 12080
  Buffers: shared hit=541, temp read=270 written=271
  ->  Sort  (cost=9845.82..10095.82 rows=100000 width=12) (actual rows=100000 loops=1)
        Sort Key: actor_id, director_id
        Sort Method: external merge  Disk: 2160kB
        Buffers: shared hit=541, temp read=270 written=271
        ->  Seq Scan on actordirector  (cost=0.00..1541.00 rows=100000 width=12) (actual rows=100000 loops=1)
              Buffers: shared hit=541
Planning:
  Buffers: shared hit=3
Planning Time: 0.092 ms
Execution Time: 110.135 ms",110.2468,110.78,114.332,117.491,10970.82,10970.82,19314,19314,19314,19314,normal,normal,28.413399199999997,17.62228280000002,equal variances,significant,0.003968253968253968,-62.79019999999999,-62.271,-8554.82,0,True
417,1050,27,Easy,"select t_actordirector_0.actor_id as actor_id, t_actordirector_0.director_id as director_id from schema_1050.actordirector as t_actordirector_0 group by t_actordirector_0.actor_id,t_actordirector_0.director_id having 3 <= count(t_actordirector_0.director_id)",37.789,2416.0,19314,"HashAggregate  (cost=2291.00..2416.00 rows=3333 width=8) (actual rows=19314 loops=1)
  Group Key: actor_id, director_id
  Filter: (3 <= count(director_id))
  Batches: 5  Memory Usage: 4145kB  Disk Usage: 216kB
  Rows Removed by Filter: 12080
  Buffers: shared hit=541, temp read=12 written=35
  ->  Seq Scan on actordirector t_actordirector_0  (cost=0.00..1541.00 rows=100000 width=8) (actual rows=100000 loops=1)
        Buffers: shared hit=541
Planning:
  Buffers: shared hit=3
Planning Time: 0.074 ms
Execution Time: 37.789 ms",45.531,2416.0,19314,"HashAggregate  (cost=2291.00..2416.00 rows=3333 width=8) (actual rows=19314 loops=1)
  Group Key: actor_id, director_id
  Filter: (3 <= count(director_id))
  Batches: 5  Memory Usage: 4145kB  Disk Usage: 216kB
  Rows Removed by Filter: 12080
  Buffers: shared hit=541, temp read=12 written=35
  ->  Seq Scan on actordirector t_actordirector_0  (cost=0.00..1541.00 rows=100000 width=8) (actual rows=100000 loops=1)
        Buffers: shared hit=541
Planning:
  Buffers: shared hit=3
Planning Time: 0.133 ms
Execution Time: 45.531 ms",48.698,2416.0,19314,"HashAggregate  (cost=2291.00..2416.00 rows=3333 width=8) (actual rows=19314 loops=1)
  Group Key: actor_id, director_id
  Filter: (3 <= count(director_id))
  Batches: 5  Memory Usage: 4145kB  Disk Usage: 216kB
  Rows Removed by Filter: 12080
  Buffers: shared hit=541, temp read=12 written=35
  ->  Seq Scan on actordirector t_actordirector_0  (cost=0.00..1541.00 rows=100000 width=8) (actual rows=100000 loops=1)
        Buffers: shared hit=541
Planning:
  Buffers: shared hit=3
Planning Time: 0.093 ms
Execution Time: 48.698 ms",48.273,2416.0,19314,"HashAggregate  (cost=2291.00..2416.00 rows=3333 width=8) (actual rows=19314 loops=1)
  Group Key: actor_id, director_id
  Filter: (3 <= count(director_id))
  Batches: 5  Memory Usage: 4145kB  Disk Usage: 216kB
  Rows Removed by Filter: 12080
  Buffers: shared hit=541, temp read=12 written=35
  ->  Seq Scan on actordirector t_actordirector_0  (cost=0.00..1541.00 rows=100000 width=8) (actual rows=100000 loops=1)
        Buffers: shared hit=541
Planning:
  Buffers: shared hit=3
Planning Time: 0.091 ms
Execution Time: 48.273 ms",55.851,2416.0,19314,"HashAggregate  (cost=2291.00..2416.00 rows=3333 width=8) (actual rows=19314 loops=1)
  Group Key: actor_id, director_id
  Filter: (3 <= count(director_id))
  Batches: 5  Memory Usage: 4145kB  Disk Usage: 216kB
  Rows Removed by Filter: 12080
  Buffers: shared hit=541, temp read=12 written=35
  ->  Seq Scan on actordirector t_actordirector_0  (cost=0.00..1541.00 rows=100000 width=8) (actual rows=100000 loops=1)
        Buffers: shared hit=541
Planning:
  Buffers: shared hit=3
Planning Time: 0.110 ms
Execution Time: 55.851 ms",47.2284,48.273,52.2745,58.7122,2416.0,2416.0,19314,19314,19314,19314,1050_27,417,1050,27,Easy,"select actor_id, director_id from schema_1050.actordirector group by actor_id, director_id having (count(actor_id) >= 3 and count(director_id) >= 3)",41.005,2691.0,19314,"HashAggregate  (cost=2541.00..2691.00 rows=1111 width=8) (actual rows=19314 loops=1)
  Group Key: actor_id, director_id
  Filter: ((count(actor_id) >= 3) AND (count(director_id) >= 3))
  Batches: 5  Memory Usage: 4145kB  Disk Usage: 256kB
  Rows Removed by Filter: 12080
  Buffers: shared hit=541, temp read=32 written=55
  ->  Seq Scan on actordirector  (cost=0.00..1541.00 rows=100000 width=8) (actual rows=100000 loops=1)
        Buffers: shared hit=541
Planning:
  Buffers: shared hit=3
Planning Time: 0.071 ms
Execution Time: 41.005 ms",50.405,2691.0,19314,"HashAggregate  (cost=2541.00..2691.00 rows=1111 width=8) (actual rows=19314 loops=1)
  Group Key: actor_id, director_id
  Filter: ((count(actor_id) >= 3) AND (count(director_id) >= 3))
  Batches: 5  Memory Usage: 4145kB  Disk Usage: 256kB
  Rows Removed by Filter: 12080
  Buffers: shared hit=541, temp read=32 written=55
  ->  Seq Scan on actordirector  (cost=0.00..1541.00 rows=100000 width=8) (actual rows=100000 loops=1)
        Buffers: shared hit=541
Planning:
  Buffers: shared hit=3
Planning Time: 0.119 ms
Execution Time: 50.405 ms",52.126,2691.0,19314,"HashAggregate  (cost=2541.00..2691.00 rows=1111 width=8) (actual rows=19314 loops=1)
  Group Key: actor_id, director_id
  Filter: ((count(actor_id) >= 3) AND (count(director_id) >= 3))
  Batches: 5  Memory Usage: 4145kB  Disk Usage: 256kB
  Rows Removed by Filter: 12080
  Buffers: shared hit=541, temp read=32 written=55
  ->  Seq Scan on actordirector  (cost=0.00..1541.00 rows=100000 width=8) (actual rows=100000 loops=1)
        Buffers: shared hit=541
Planning:
  Buffers: shared hit=3
Planning Time: 0.100 ms
Execution Time: 52.126 ms",49.215,2691.0,19314,"HashAggregate  (cost=2541.00..2691.00 rows=1111 width=8) (actual rows=19314 loops=1)
  Group Key: actor_id, director_id
  Filter: ((count(actor_id) >= 3) AND (count(director_id) >= 3))
  Batches: 5  Memory Usage: 4145kB  Disk Usage: 256kB
  Rows Removed by Filter: 12080
  Buffers: shared hit=541, temp read=32 written=55
  ->  Seq Scan on actordirector  (cost=0.00..1541.00 rows=100000 width=8) (actual rows=100000 loops=1)
        Buffers: shared hit=541
Planning:
  Buffers: shared hit=3
Planning Time: 0.082 ms
Execution Time: 49.215 ms",53.407,2691.0,19314,"HashAggregate  (cost=2541.00..2691.00 rows=1111 width=8) (actual rows=19314 loops=1)
  Group Key: actor_id, director_id
  Filter: ((count(actor_id) >= 3) AND (count(director_id) >= 3))
  Batches: 5  Memory Usage: 4145kB  Disk Usage: 256kB
  Rows Removed by Filter: 12080
  Buffers: shared hit=541, temp read=32 written=55
  ->  Seq Scan on actordirector  (cost=0.00..1541.00 rows=100000 width=8) (actual rows=100000 loops=1)
        Buffers: shared hit=541
Planning:
  Buffers: shared hit=3
Planning Time: 0.093 ms
Execution Time: 53.407 ms",49.2316,50.405,52.7665,53.9194,2691.0,2691.0,19314,19314,19314,19314,normal,normal,23.716401799999982,42.39589579999999,equal variances,not significant,0.21031746031746032,-2.0031999999999996,-2.131999999999998,-275.0,0,True
420,1050,41,Easy,"select a.actor_id as actor_id, a.director_id as director_id from schema_1050.actordirector as a group by a.actor_id,a.director_id having 3 <= count(a.timestamp)",40.585,2416.0,19314,"HashAggregate  (cost=2291.00..2416.00 rows=3333 width=8) (actual rows=19314 loops=1)
  Group Key: actor_id, director_id
  Filter: (3 <= count(""timestamp""))
  Batches: 5  Memory Usage: 4145kB  Disk Usage: 216kB
  Rows Removed by Filter: 12080
  Buffers: shared hit=541, temp read=12 written=35
  ->  Seq Scan on actordirector a  (cost=0.00..1541.00 rows=100000 width=12) (actual rows=100000 loops=1)
        Buffers: shared hit=541
Planning:
  Buffers: shared hit=3
Planning Time: 0.067 ms
Execution Time: 40.585 ms",47.204,2416.0,19314,"HashAggregate  (cost=2291.00..2416.00 rows=3333 width=8) (actual rows=19314 loops=1)
  Group Key: actor_id, director_id
  Filter: (3 <= count(""timestamp""))
  Batches: 5  Memory Usage: 4145kB  Disk Usage: 216kB
  Rows Removed by Filter: 12080
  Buffers: shared hit=541, temp read=12 written=35
  ->  Seq Scan on actordirector a  (cost=0.00..1541.00 rows=100000 width=12) (actual rows=100000 loops=1)
        Buffers: shared hit=541
Planning:
  Buffers: shared hit=3
Planning Time: 0.105 ms
Execution Time: 47.204 ms",45.542,2416.0,19314,"HashAggregate  (cost=2291.00..2416.00 rows=3333 width=8) (actual rows=19314 loops=1)
  Group Key: actor_id, director_id
  Filter: (3 <= count(""timestamp""))
  Batches: 5  Memory Usage: 4145kB  Disk Usage: 216kB
  Rows Removed by Filter: 12080
  Buffers: shared hit=541, temp read=12 written=35
  ->  Seq Scan on actordirector a  (cost=0.00..1541.00 rows=100000 width=12) (actual rows=100000 loops=1)
        Buffers: shared hit=541
Planning:
  Buffers: shared hit=3
Planning Time: 0.164 ms
Execution Time: 45.542 ms",55.719,2416.0,19314,"HashAggregate  (cost=2291.00..2416.00 rows=3333 width=8) (actual rows=19314 loops=1)
  Group Key: actor_id, director_id
  Filter: (3 <= count(""timestamp""))
  Batches: 5  Memory Usage: 4145kB  Disk Usage: 216kB
  Rows Removed by Filter: 12080
  Buffers: shared hit=541, temp read=12 written=35
  ->  Seq Scan on actordirector a  (cost=0.00..1541.00 rows=100000 width=12) (actual rows=100000 loops=1)
        Buffers: shared hit=541
Planning:
  Buffers: shared hit=3
Planning Time: 0.123 ms
Execution Time: 55.719 ms",46.228,2416.0,19314,"HashAggregate  (cost=2291.00..2416.00 rows=3333 width=8) (actual rows=19314 loops=1)
  Group Key: actor_id, director_id
  Filter: (3 <= count(""timestamp""))
  Batches: 5  Memory Usage: 4145kB  Disk Usage: 216kB
  Rows Removed by Filter: 12080
  Buffers: shared hit=541, temp read=12 written=35
  ->  Seq Scan on actordirector a  (cost=0.00..1541.00 rows=100000 width=12) (actual rows=100000 loops=1)
        Buffers: shared hit=541
Planning:
  Buffers: shared hit=3
Planning Time: 0.078 ms
Execution Time: 46.228 ms",47.0556,46.228,51.4615,59.125,2416.0,2416.0,19314,19314,19314,19314,1050_41,420,1050,41,Easy,"select actor_id, director_id from schema_1050.actordirector as a group by actor_id, director_id having count(distinct timestamp) >= 3",101.372,10970.82,19314,"GroupAggregate  (cost=9845.82..10970.82 rows=3333 width=8) (actual rows=19314 loops=1)
  Group Key: actor_id, director_id
  Filter: (count(DISTINCT ""timestamp"") >= 3)
  Rows Removed by Filter: 12080
  Buffers: shared hit=541, temp read=270 written=271
  ->  Sort  (cost=9845.82..10095.82 rows=100000 width=12) (actual rows=100000 loops=1)
        Sort Key: actor_id, director_id
        Sort Method: external merge  Disk: 2160kB
        Buffers: shared hit=541, temp read=270 written=271
        ->  Seq Scan on actordirector a  (cost=0.00..1541.00 rows=100000 width=12) (actual rows=100000 loops=1)
              Buffers: shared hit=541
Planning:
  Buffers: shared hit=3
Planning Time: 0.066 ms
Execution Time: 101.372 ms",109.905,10970.82,19314,"GroupAggregate  (cost=9845.82..10970.82 rows=3333 width=8) (actual rows=19314 loops=1)
  Group Key: actor_id, director_id
  Filter: (count(DISTINCT ""timestamp"") >= 3)
  Rows Removed by Filter: 12080
  Buffers: shared hit=541, temp read=270 written=271
  ->  Sort  (cost=9845.82..10095.82 rows=100000 width=12) (actual rows=100000 loops=1)
        Sort Key: actor_id, director_id
        Sort Method: external merge  Disk: 2160kB
        Buffers: shared hit=541, temp read=270 written=271
        ->  Seq Scan on actordirector a  (cost=0.00..1541.00 rows=100000 width=12) (actual rows=100000 loops=1)
              Buffers: shared hit=541
Planning:
  Buffers: shared hit=3
Planning Time: 0.161 ms
Execution Time: 109.905 ms",111.212,10970.82,19314,"GroupAggregate  (cost=9845.82..10970.82 rows=3333 width=8) (actual rows=19314 loops=1)
  Group Key: actor_id, director_id
  Filter: (count(DISTINCT ""timestamp"") >= 3)
  Rows Removed by Filter: 12080
  Buffers: shared hit=541, temp read=270 written=271
  ->  Sort  (cost=9845.82..10095.82 rows=100000 width=12) (actual rows=100000 loops=1)
        Sort Key: actor_id, director_id
        Sort Method: external merge  Disk: 2160kB
        Buffers: shared hit=541, temp read=270 written=271
        ->  Seq Scan on actordirector a  (cost=0.00..1541.00 rows=100000 width=12) (actual rows=100000 loops=1)
              Buffers: shared hit=541
Planning:
  Buffers: shared hit=3
Planning Time: 0.086 ms
Execution Time: 111.212 ms",110.176,10970.82,19314,"GroupAggregate  (cost=9845.82..10970.82 rows=3333 width=8) (actual rows=19314 loops=1)
  Group Key: actor_id, director_id
  Filter: (count(DISTINCT ""timestamp"") >= 3)
  Rows Removed by Filter: 12080
  Buffers: shared hit=541, temp read=270 written=271
  ->  Sort  (cost=9845.82..10095.82 rows=100000 width=12) (actual rows=100000 loops=1)
        Sort Key: actor_id, director_id
        Sort Method: external merge  Disk: 2160kB
        Buffers: shared hit=541, temp read=270 written=271
        ->  Seq Scan on actordirector a  (cost=0.00..1541.00 rows=100000 width=12) (actual rows=100000 loops=1)
              Buffers: shared hit=541
Planning:
  Buffers: shared hit=3
Planning Time: 0.090 ms
Execution Time: 110.176 ms",123.899,10970.82,19314,"GroupAggregate  (cost=9845.82..10970.82 rows=3333 width=8) (actual rows=19314 loops=1)
  Group Key: actor_id, director_id
  Filter: (count(DISTINCT ""timestamp"") >= 3)
  Rows Removed by Filter: 12080
  Buffers: shared hit=541, temp read=270 written=271
  ->  Sort  (cost=9845.82..10095.82 rows=100000 width=12) (actual rows=100000 loops=1)
        Sort Key: actor_id, director_id
        Sort Method: external merge  Disk: 2160kB
        Buffers: shared hit=541, temp read=270 written=271
        ->  Seq Scan on actordirector a  (cost=0.00..1541.00 rows=100000 width=12) (actual rows=100000 loops=1)
              Buffers: shared hit=541
Planning:
  Buffers: shared hit=3
Planning Time: 0.096 ms
Execution Time: 123.899 ms",111.3128,110.176,117.5555,128.9738,10970.82,10970.82,19314,19314,19314,19314,normal,normal,65.1290777,29.9802733,equal variances,significant,0.003968253968253968,-64.2572,-63.948,-8554.82,0,True
422,1050,54,Easy,"select t_actordirector_0.actor_id as actor_id, t_actordirector_0.director_id as director_id from schema_1050.actordirector as t_actordirector_0 group by t_actordirector_0.actor_id,t_actordirector_0.director_id having 3 <= count(t_actordirector_0.timestamp)",40.072,2416.0,19314,"HashAggregate  (cost=2291.00..2416.00 rows=3333 width=8) (actual rows=19314 loops=1)
  Group Key: actor_id, director_id
  Filter: (3 <= count(""timestamp""))
  Batches: 5  Memory Usage: 4145kB  Disk Usage: 216kB
  Rows Removed by Filter: 12080
  Buffers: shared hit=541, temp read=12 written=35
  ->  Seq Scan on actordirector t_actordirector_0  (cost=0.00..1541.00 rows=100000 width=12) (actual rows=100000 loops=1)
        Buffers: shared hit=541
Planning:
  Buffers: shared hit=3
Planning Time: 0.073 ms
Execution Time: 40.072 ms",45.341,2416.0,19314,"HashAggregate  (cost=2291.00..2416.00 rows=3333 width=8) (actual rows=19314 loops=1)
  Group Key: actor_id, director_id
  Filter: (3 <= count(""timestamp""))
  Batches: 5  Memory Usage: 4145kB  Disk Usage: 216kB
  Rows Removed by Filter: 12080
  Buffers: shared hit=541, temp read=12 written=35
  ->  Seq Scan on actordirector t_actordirector_0  (cost=0.00..1541.00 rows=100000 width=12) (actual rows=100000 loops=1)
        Buffers: shared hit=541
Planning:
  Buffers: shared hit=3
Planning Time: 0.087 ms
Execution Time: 45.341 ms",46.208,2416.0,19314,"HashAggregate  (cost=2291.00..2416.00 rows=3333 width=8) (actual rows=19314 loops=1)
  Group Key: actor_id, director_id
  Filter: (3 <= count(""timestamp""))
  Batches: 5  Memory Usage: 4145kB  Disk Usage: 216kB
  Rows Removed by Filter: 12080
  Buffers: shared hit=541, temp read=12 written=35
  ->  Seq Scan on actordirector t_actordirector_0  (cost=0.00..1541.00 rows=100000 width=12) (actual rows=100000 loops=1)
        Buffers: shared hit=541
Planning:
  Buffers: shared hit=3
Planning Time: 0.112 ms
Execution Time: 46.208 ms",44.194,2416.0,19314,"HashAggregate  (cost=2291.00..2416.00 rows=3333 width=8) (actual rows=19314 loops=1)
  Group Key: actor_id, director_id
  Filter: (3 <= count(""timestamp""))
  Batches: 5  Memory Usage: 4145kB  Disk Usage: 216kB
  Rows Removed by Filter: 12080
  Buffers: shared hit=541, temp read=12 written=35
  ->  Seq Scan on actordirector t_actordirector_0  (cost=0.00..1541.00 rows=100000 width=12) (actual rows=100000 loops=1)
        Buffers: shared hit=541
Planning:
  Buffers: shared hit=3
Planning Time: 0.127 ms
Execution Time: 44.194 ms",47.617,2416.0,19314,"HashAggregate  (cost=2291.00..2416.00 rows=3333 width=8) (actual rows=19314 loops=1)
  Group Key: actor_id, director_id
  Filter: (3 <= count(""timestamp""))
  Batches: 5  Memory Usage: 4145kB  Disk Usage: 216kB
  Rows Removed by Filter: 12080
  Buffers: shared hit=541, temp read=12 written=35
  ->  Seq Scan on actordirector t_actordirector_0  (cost=0.00..1541.00 rows=100000 width=12) (actual rows=100000 loops=1)
        Buffers: shared hit=541
Planning:
  Buffers: shared hit=3
Planning Time: 0.097 ms
Execution Time: 47.617 ms",44.6864,45.341,46.9125,48.1806,2416.0,2416.0,19314,19314,19314,19314,1050_54,422,1050,54,Easy,"select t1.actor_id, t1.director_id from (select actor_id, director_id, count(timestamp) as times_cooperated from schema_1050.actordirector group by 1, 2) as t1 where t1.times_cooperated >= 3",39.103,2449.33,19314,"Subquery Scan on t1  (cost=2291.00..2449.33 rows=3333 width=8) (actual rows=19314 loops=1)
  Buffers: shared hit=541, temp read=12 written=35
  ->  HashAggregate  (cost=2291.00..2416.00 rows=3333 width=16) (actual rows=19314 loops=1)
        Group Key: actordirector.actor_id, actordirector.director_id
        Filter: (count(actordirector.""timestamp"") >= 3)
        Batches: 5  Memory Usage: 4145kB  Disk Usage: 216kB
        Rows Removed by Filter: 12080
        Buffers: shared hit=541, temp read=12 written=35
        ->  Seq Scan on actordirector  (cost=0.00..1541.00 rows=100000 width=12) (actual rows=100000 loops=1)
              Buffers: shared hit=541
Planning:
  Buffers: shared hit=3
Planning Time: 0.080 ms
Execution Time: 39.103 ms",47.489,2449.33,19314,"Subquery Scan on t1  (cost=2291.00..2449.33 rows=3333 width=8) (actual rows=19314 loops=1)
  Buffers: shared hit=541, temp read=12 written=35
  ->  HashAggregate  (cost=2291.00..2416.00 rows=3333 width=16) (actual rows=19314 loops=1)
        Group Key: actordirector.actor_id, actordirector.director_id
        Filter: (count(actordirector.""timestamp"") >= 3)
        Batches: 5  Memory Usage: 4145kB  Disk Usage: 216kB
        Rows Removed by Filter: 12080
        Buffers: shared hit=541, temp read=12 written=35
        ->  Seq Scan on actordirector  (cost=0.00..1541.00 rows=100000 width=12) (actual rows=100000 loops=1)
              Buffers: shared hit=541
Planning:
  Buffers: shared hit=3
Planning Time: 0.133 ms
Execution Time: 47.489 ms",49.731,2449.33,19314,"Subquery Scan on t1  (cost=2291.00..2449.33 rows=3333 width=8) (actual rows=19314 loops=1)
  Buffers: shared hit=541, temp read=12 written=35
  ->  HashAggregate  (cost=2291.00..2416.00 rows=3333 width=16) (actual rows=19314 loops=1)
        Group Key: actordirector.actor_id, actordirector.director_id
        Filter: (count(actordirector.""timestamp"") >= 3)
        Batches: 5  Memory Usage: 4145kB  Disk Usage: 216kB
        Rows Removed by Filter: 12080
        Buffers: shared hit=541, temp read=12 written=35
        ->  Seq Scan on actordirector  (cost=0.00..1541.00 rows=100000 width=12) (actual rows=100000 loops=1)
              Buffers: shared hit=541
Planning:
  Buffers: shared hit=3
Planning Time: 0.108 ms
Execution Time: 49.731 ms",52.407,2449.33,19314,"Subquery Scan on t1  (cost=2291.00..2449.33 rows=3333 width=8) (actual rows=19314 loops=1)
  Buffers: shared hit=541, temp read=12 written=35
  ->  HashAggregate  (cost=2291.00..2416.00 rows=3333 width=16) (actual rows=19314 loops=1)
        Group Key: actordirector.actor_id, actordirector.director_id
        Filter: (count(actordirector.""timestamp"") >= 3)
        Batches: 5  Memory Usage: 4145kB  Disk Usage: 216kB
        Rows Removed by Filter: 12080
        Buffers: shared hit=541, temp read=12 written=35
        ->  Seq Scan on actordirector  (cost=0.00..1541.00 rows=100000 width=12) (actual rows=100000 loops=1)
              Buffers: shared hit=541
Planning:
  Buffers: shared hit=3
Planning Time: 0.111 ms
Execution Time: 52.407 ms",43.316,2449.33,19314,"Subquery Scan on t1  (cost=2291.00..2449.33 rows=3333 width=8) (actual rows=19314 loops=1)
  Buffers: shared hit=541, temp read=12 written=35
  ->  HashAggregate  (cost=2291.00..2416.00 rows=3333 width=16) (actual rows=19314 loops=1)
        Group Key: actordirector.actor_id, actordirector.director_id
        Filter: (count(actordirector.""timestamp"") >= 3)
        Batches: 5  Memory Usage: 4145kB  Disk Usage: 216kB
        Rows Removed by Filter: 12080
        Buffers: shared hit=541, temp read=12 written=35
        ->  Seq Scan on actordirector  (cost=0.00..1541.00 rows=100000 width=12) (actual rows=100000 loops=1)
              Buffers: shared hit=541
Planning:
  Buffers: shared hit=3
Planning Time: 0.097 ms
Execution Time: 43.316 ms",46.4092,47.489,51.069,53.4774,2449.33,2449.33,19314,19314,19314,19314,normal,normal,27.78059319999998,8.21683229999999,equal variances,not significant,0.34523809523809523,-1.7227999999999994,-2.147999999999996,-33.32999999999993,0,True
425,1050,62,Easy,"select t_actordirector_0.actor_id as actor_id, t_actordirector_0.director_id as director_id from schema_1050.actordirector as t_actordirector_0 group by t_actordirector_0.director_id,t_actordirector_0.actor_id having 3 <= count(t_actordirector_0.timestamp)",37.3,2416.0,19314,"HashAggregate  (cost=2291.00..2416.00 rows=3333 width=8) (actual rows=19314 loops=1)
  Group Key: director_id, actor_id
  Filter: (3 <= count(""timestamp""))
  Batches: 5  Memory Usage: 4145kB  Disk Usage: 216kB
  Rows Removed by Filter: 12080
  Buffers: shared hit=541, temp read=12 written=34
  ->  Seq Scan on actordirector t_actordirector_0  (cost=0.00..1541.00 rows=100000 width=12) (actual rows=100000 loops=1)
        Buffers: shared hit=541
Planning:
  Buffers: shared hit=3
Planning Time: 0.072 ms
Execution Time: 37.300 ms",75.566,2416.0,19314,"HashAggregate  (cost=2291.00..2416.00 rows=3333 width=8) (actual rows=19314 loops=1)
  Group Key: director_id, actor_id
  Filter: (3 <= count(""timestamp""))
  Batches: 5  Memory Usage: 4145kB  Disk Usage: 216kB
  Rows Removed by Filter: 12080
  Buffers: shared hit=541, temp read=12 written=34
  ->  Seq Scan on actordirector t_actordirector_0  (cost=0.00..1541.00 rows=100000 width=12) (actual rows=100000 loops=1)
        Buffers: shared hit=541
Planning:
  Buffers: shared hit=3
Planning Time: 0.115 ms
Execution Time: 75.566 ms",52.86,2416.0,19314,"HashAggregate  (cost=2291.00..2416.00 rows=3333 width=8) (actual rows=19314 loops=1)
  Group Key: director_id, actor_id
  Filter: (3 <= count(""timestamp""))
  Batches: 5  Memory Usage: 4145kB  Disk Usage: 216kB
  Rows Removed by Filter: 12080
  Buffers: shared hit=541, temp read=12 written=34
  ->  Seq Scan on actordirector t_actordirector_0  (cost=0.00..1541.00 rows=100000 width=12) (actual rows=100000 loops=1)
        Buffers: shared hit=541
Planning:
  Buffers: shared hit=3
Planning Time: 0.099 ms
Execution Time: 52.860 ms",50.647,2416.0,19314,"HashAggregate  (cost=2291.00..2416.00 rows=3333 width=8) (actual rows=19314 loops=1)
  Group Key: director_id, actor_id
  Filter: (3 <= count(""timestamp""))
  Batches: 5  Memory Usage: 4145kB  Disk Usage: 216kB
  Rows Removed by Filter: 12080
  Buffers: shared hit=541, temp read=12 written=34
  ->  Seq Scan on actordirector t_actordirector_0  (cost=0.00..1541.00 rows=100000 width=12) (actual rows=100000 loops=1)
        Buffers: shared hit=541
Planning:
  Buffers: shared hit=3
Planning Time: 0.126 ms
Execution Time: 50.647 ms",46.88,2416.0,19314,"HashAggregate  (cost=2291.00..2416.00 rows=3333 width=8) (actual rows=19314 loops=1)
  Group Key: director_id, actor_id
  Filter: (3 <= count(""timestamp""))
  Batches: 5  Memory Usage: 4145kB  Disk Usage: 216kB
  Rows Removed by Filter: 12080
  Buffers: shared hit=541, temp read=12 written=34
  ->  Seq Scan on actordirector t_actordirector_0  (cost=0.00..1541.00 rows=100000 width=12) (actual rows=100000 loops=1)
        Buffers: shared hit=541
Planning:
  Buffers: shared hit=3
Planning Time: 0.128 ms
Execution Time: 46.880 ms",52.6506,50.647,64.213,84.6484,2416.0,2416.0,19314,19314,19314,19314,1050_62,425,1050,62,Easy,"select actor_id, director_id from schema_1050.actordirector group by actor_id, director_id having count(distinct timestamp) >= 3",101.948,10970.82,19314,"GroupAggregate  (cost=9845.82..10970.82 rows=3333 width=8) (actual rows=19314 loops=1)
  Group Key: actor_id, director_id
  Filter: (count(DISTINCT ""timestamp"") >= 3)
  Rows Removed by Filter: 12080
  Buffers: shared hit=541, temp read=270 written=271
  ->  Sort  (cost=9845.82..10095.82 rows=100000 width=12) (actual rows=100000 loops=1)
        Sort Key: actor_id, director_id
        Sort Method: external merge  Disk: 2160kB
        Buffers: shared hit=541, temp read=270 written=271
        ->  Seq Scan on actordirector  (cost=0.00..1541.00 rows=100000 width=12) (actual rows=100000 loops=1)
              Buffers: shared hit=541
Planning:
  Buffers: shared hit=3
Planning Time: 0.065 ms
Execution Time: 101.948 ms",110.102,10970.82,19314,"GroupAggregate  (cost=9845.82..10970.82 rows=3333 width=8) (actual rows=19314 loops=1)
  Group Key: actor_id, director_id
  Filter: (count(DISTINCT ""timestamp"") >= 3)
  Rows Removed by Filter: 12080
  Buffers: shared hit=541, temp read=270 written=271
  ->  Sort  (cost=9845.82..10095.82 rows=100000 width=12) (actual rows=100000 loops=1)
        Sort Key: actor_id, director_id
        Sort Method: external merge  Disk: 2160kB
        Buffers: shared hit=541, temp read=270 written=271
        ->  Seq Scan on actordirector  (cost=0.00..1541.00 rows=100000 width=12) (actual rows=100000 loops=1)
              Buffers: shared hit=541
Planning:
  Buffers: shared hit=3
Planning Time: 0.106 ms
Execution Time: 110.102 ms",109.217,10970.82,19314,"GroupAggregate  (cost=9845.82..10970.82 rows=3333 width=8) (actual rows=19314 loops=1)
  Group Key: actor_id, director_id
  Filter: (count(DISTINCT ""timestamp"") >= 3)
  Rows Removed by Filter: 12080
  Buffers: shared hit=541, temp read=270 written=271
  ->  Sort  (cost=9845.82..10095.82 rows=100000 width=12) (actual rows=100000 loops=1)
        Sort Key: actor_id, director_id
        Sort Method: external merge  Disk: 2160kB
        Buffers: shared hit=541, temp read=270 written=271
        ->  Seq Scan on actordirector  (cost=0.00..1541.00 rows=100000 width=12) (actual rows=100000 loops=1)
              Buffers: shared hit=541
Planning:
  Buffers: shared hit=3
Planning Time: 0.086 ms
Execution Time: 109.217 ms",109.015,10970.82,19314,"GroupAggregate  (cost=9845.82..10970.82 rows=3333 width=8) (actual rows=19314 loops=1)
  Group Key: actor_id, director_id
  Filter: (count(DISTINCT ""timestamp"") >= 3)
  Rows Removed by Filter: 12080
  Buffers: shared hit=541, temp read=270 written=271
  ->  Sort  (cost=9845.82..10095.82 rows=100000 width=12) (actual rows=100000 loops=1)
        Sort Key: actor_id, director_id
        Sort Method: external merge  Disk: 2160kB
        Buffers: shared hit=541, temp read=270 written=271
        ->  Seq Scan on actordirector  (cost=0.00..1541.00 rows=100000 width=12) (actual rows=100000 loops=1)
              Buffers: shared hit=541
Planning:
  Buffers: shared hit=3
Planning Time: 0.088 ms
Execution Time: 109.015 ms",110.145,10970.82,19314,"GroupAggregate  (cost=9845.82..10970.82 rows=3333 width=8) (actual rows=19314 loops=1)
  Group Key: actor_id, director_id
  Filter: (count(DISTINCT ""timestamp"") >= 3)
  Rows Removed by Filter: 12080
  Buffers: shared hit=541, temp read=270 written=271
  ->  Sort  (cost=9845.82..10095.82 rows=100000 width=12) (actual rows=100000 loops=1)
        Sort Key: actor_id, director_id
        Sort Method: external merge  Disk: 2160kB
        Buffers: shared hit=541, temp read=270 written=271
        ->  Seq Scan on actordirector  (cost=0.00..1541.00 rows=100000 width=12) (actual rows=100000 loops=1)
              Buffers: shared hit=541
Planning:
  Buffers: shared hit=3
Planning Time: 0.136 ms
Execution Time: 110.145 ms",108.0854,109.217,110.1235,110.1622,10970.82,10970.82,19314,19314,19314,19314,not normal,normal,12.03024530000002,199.5286408,equal variances,significant,0.003968253968253968,-55.43480000000001,-58.57,-8554.82,0,True
426,1050,67,Easy,"select a.actor_id as actor_id, a.director_id as director_id from schema_1050.actordirector as a group by a.actor_id,a.director_id having 3 <= count(a.timestamp)",39.048,2416.0,19314,"HashAggregate  (cost=2291.00..2416.00 rows=3333 width=8) (actual rows=19314 loops=1)
  Group Key: actor_id, director_id
  Filter: (3 <= count(""timestamp""))
  Batches: 5  Memory Usage: 4145kB  Disk Usage: 216kB
  Rows Removed by Filter: 12080
  Buffers: shared hit=541, temp read=12 written=35
  ->  Seq Scan on actordirector a  (cost=0.00..1541.00 rows=100000 width=12) (actual rows=100000 loops=1)
        Buffers: shared hit=541
Planning:
  Buffers: shared hit=3
Planning Time: 0.074 ms
Execution Time: 39.048 ms",44.907,2416.0,19314,"HashAggregate  (cost=2291.00..2416.00 rows=3333 width=8) (actual rows=19314 loops=1)
  Group Key: actor_id, director_id
  Filter: (3 <= count(""timestamp""))
  Batches: 5  Memory Usage: 4145kB  Disk Usage: 216kB
  Rows Removed by Filter: 12080
  Buffers: shared hit=541, temp read=12 written=35
  ->  Seq Scan on actordirector a  (cost=0.00..1541.00 rows=100000 width=12) (actual rows=100000 loops=1)
        Buffers: shared hit=541
Planning:
  Buffers: shared hit=3
Planning Time: 0.077 ms
Execution Time: 44.907 ms",47.509,2416.0,19314,"HashAggregate  (cost=2291.00..2416.00 rows=3333 width=8) (actual rows=19314 loops=1)
  Group Key: actor_id, director_id
  Filter: (3 <= count(""timestamp""))
  Batches: 5  Memory Usage: 4145kB  Disk Usage: 216kB
  Rows Removed by Filter: 12080
  Buffers: shared hit=541, temp read=12 written=35
  ->  Seq Scan on actordirector a  (cost=0.00..1541.00 rows=100000 width=12) (actual rows=100000 loops=1)
        Buffers: shared hit=541
Planning:
  Buffers: shared hit=3
Planning Time: 0.123 ms
Execution Time: 47.509 ms",45.982,2416.0,19314,"HashAggregate  (cost=2291.00..2416.00 rows=3333 width=8) (actual rows=19314 loops=1)
  Group Key: actor_id, director_id
  Filter: (3 <= count(""timestamp""))
  Batches: 5  Memory Usage: 4145kB  Disk Usage: 216kB
  Rows Removed by Filter: 12080
  Buffers: shared hit=541, temp read=12 written=35
  ->  Seq Scan on actordirector a  (cost=0.00..1541.00 rows=100000 width=12) (actual rows=100000 loops=1)
        Buffers: shared hit=541
Planning:
  Buffers: shared hit=3
Planning Time: 0.100 ms
Execution Time: 45.982 ms",48.782,2416.0,19314,"HashAggregate  (cost=2291.00..2416.00 rows=3333 width=8) (actual rows=19314 loops=1)
  Group Key: actor_id, director_id
  Filter: (3 <= count(""timestamp""))
  Batches: 5  Memory Usage: 4145kB  Disk Usage: 216kB
  Rows Removed by Filter: 12080
  Buffers: shared hit=541, temp read=12 written=35
  ->  Seq Scan on actordirector a  (cost=0.00..1541.00 rows=100000 width=12) (actual rows=100000 loops=1)
        Buffers: shared hit=541
Planning:
  Buffers: shared hit=3
Planning Time: 0.093 ms
Execution Time: 48.782 ms",45.2456,45.982,48.1455,49.2912,2416.0,2416.0,19314,19314,19314,19314,1050_67,426,1050,67,Easy,"select a.actor_id, a.director_id from (select actor_id, director_id, count(timestamp) as cnt from schema_1050.actordirector as a group by actor_id, director_id) as a where a.cnt >= 3",40.387,2449.33,19314,"Subquery Scan on a  (cost=2291.00..2449.33 rows=3333 width=8) (actual rows=19314 loops=1)
  Buffers: shared hit=541, temp read=12 written=35
  ->  HashAggregate  (cost=2291.00..2416.00 rows=3333 width=16) (actual rows=19314 loops=1)
        Group Key: a_1.actor_id, a_1.director_id
        Filter: (count(a_1.""timestamp"") >= 3)
        Batches: 5  Memory Usage: 4145kB  Disk Usage: 216kB
        Rows Removed by Filter: 12080
        Buffers: shared hit=541, temp read=12 written=35
        ->  Seq Scan on actordirector a_1  (cost=0.00..1541.00 rows=100000 width=12) (actual rows=100000 loops=1)
              Buffers: shared hit=541
Planning:
  Buffers: shared hit=3
Planning Time: 0.138 ms
Execution Time: 40.387 ms",44.105,2449.33,19314,"Subquery Scan on a  (cost=2291.00..2449.33 rows=3333 width=8) (actual rows=19314 loops=1)
  Buffers: shared hit=541, temp read=12 written=35
  ->  HashAggregate  (cost=2291.00..2416.00 rows=3333 width=16) (actual rows=19314 loops=1)
        Group Key: a_1.actor_id, a_1.director_id
        Filter: (count(a_1.""timestamp"") >= 3)
        Batches: 5  Memory Usage: 4145kB  Disk Usage: 216kB
        Rows Removed by Filter: 12080
        Buffers: shared hit=541, temp read=12 written=35
        ->  Seq Scan on actordirector a_1  (cost=0.00..1541.00 rows=100000 width=12) (actual rows=100000 loops=1)
              Buffers: shared hit=541
Planning:
  Buffers: shared hit=3
Planning Time: 0.105 ms
Execution Time: 44.105 ms",44.14,2449.33,19314,"Subquery Scan on a  (cost=2291.00..2449.33 rows=3333 width=8) (actual rows=19314 loops=1)
  Buffers: shared hit=541, temp read=12 written=35
  ->  HashAggregate  (cost=2291.00..2416.00 rows=3333 width=16) (actual rows=19314 loops=1)
        Group Key: a_1.actor_id, a_1.director_id
        Filter: (count(a_1.""timestamp"") >= 3)
        Batches: 5  Memory Usage: 4145kB  Disk Usage: 216kB
        Rows Removed by Filter: 12080
        Buffers: shared hit=541, temp read=12 written=35
        ->  Seq Scan on actordirector a_1  (cost=0.00..1541.00 rows=100000 width=12) (actual rows=100000 loops=1)
              Buffers: shared hit=541
Planning:
  Buffers: shared hit=3
Planning Time: 0.124 ms
Execution Time: 44.140 ms",49.455,2449.33,19314,"Subquery Scan on a  (cost=2291.00..2449.33 rows=3333 width=8) (actual rows=19314 loops=1)
  Buffers: shared hit=541, temp read=12 written=35
  ->  HashAggregate  (cost=2291.00..2416.00 rows=3333 width=16) (actual rows=19314 loops=1)
        Group Key: a_1.actor_id, a_1.director_id
        Filter: (count(a_1.""timestamp"") >= 3)
        Batches: 5  Memory Usage: 4145kB  Disk Usage: 216kB
        Rows Removed by Filter: 12080
        Buffers: shared hit=541, temp read=12 written=35
        ->  Seq Scan on actordirector a_1  (cost=0.00..1541.00 rows=100000 width=12) (actual rows=100000 loops=1)
              Buffers: shared hit=541
Planning:
  Buffers: shared hit=3
Planning Time: 0.132 ms
Execution Time: 49.455 ms",45.32,2449.33,19314,"Subquery Scan on a  (cost=2291.00..2449.33 rows=3333 width=8) (actual rows=19314 loops=1)
  Buffers: shared hit=541, temp read=12 written=35
  ->  HashAggregate  (cost=2291.00..2416.00 rows=3333 width=16) (actual rows=19314 loops=1)
        Group Key: a_1.actor_id, a_1.director_id
        Filter: (count(a_1.""timestamp"") >= 3)
        Batches: 5  Memory Usage: 4145kB  Disk Usage: 216kB
        Rows Removed by Filter: 12080
        Buffers: shared hit=541, temp read=12 written=35
        ->  Seq Scan on actordirector a_1  (cost=0.00..1541.00 rows=100000 width=12) (actual rows=100000 loops=1)
              Buffers: shared hit=541
Planning:
  Buffers: shared hit=3
Planning Time: 0.119 ms
Execution Time: 45.320 ms",44.6814,44.14,47.3875,51.109,2449.33,2449.33,19314,19314,19314,19314,normal,normal,10.565572299999994,14.174071299999989,equal variances,not significant,0.7261904761904762,0.5642000000000067,1.8419999999999987,-33.32999999999993,0,True
429,1050,83,Easy,"select t_actordirector_0.actor_id as actor_id, t_actordirector_0.director_id as director_id from schema_1050.actordirector as t_actordirector_0 group by t_actordirector_0.actor_id,t_actordirector_0.director_id having 3 <= count(t_actordirector_0.timestamp)",38.035,2416.0,19314,"HashAggregate  (cost=2291.00..2416.00 rows=3333 width=8) (actual rows=19314 loops=1)
  Group Key: actor_id, director_id
  Filter: (3 <= count(""timestamp""))
  Batches: 5  Memory Usage: 4145kB  Disk Usage: 216kB
  Rows Removed by Filter: 12080
  Buffers: shared hit=541, temp read=12 written=35
  ->  Seq Scan on actordirector t_actordirector_0  (cost=0.00..1541.00 rows=100000 width=12) (actual rows=100000 loops=1)
        Buffers: shared hit=541
Planning:
  Buffers: shared hit=3
Planning Time: 0.066 ms
Execution Time: 38.035 ms",45.724,2416.0,19314,"HashAggregate  (cost=2291.00..2416.00 rows=3333 width=8) (actual rows=19314 loops=1)
  Group Key: actor_id, director_id
  Filter: (3 <= count(""timestamp""))
  Batches: 5  Memory Usage: 4145kB  Disk Usage: 216kB
  Rows Removed by Filter: 12080
  Buffers: shared hit=541, temp read=12 written=35
  ->  Seq Scan on actordirector t_actordirector_0  (cost=0.00..1541.00 rows=100000 width=12) (actual rows=100000 loops=1)
        Buffers: shared hit=541
Planning:
  Buffers: shared hit=3
Planning Time: 0.144 ms
Execution Time: 45.724 ms",47.383,2416.0,19314,"HashAggregate  (cost=2291.00..2416.00 rows=3333 width=8) (actual rows=19314 loops=1)
  Group Key: actor_id, director_id
  Filter: (3 <= count(""timestamp""))
  Batches: 5  Memory Usage: 4145kB  Disk Usage: 216kB
  Rows Removed by Filter: 12080
  Buffers: shared hit=541, temp read=12 written=35
  ->  Seq Scan on actordirector t_actordirector_0  (cost=0.00..1541.00 rows=100000 width=12) (actual rows=100000 loops=1)
        Buffers: shared hit=541
Planning:
  Buffers: shared hit=3
Planning Time: 0.076 ms
Execution Time: 47.383 ms",52.663,2416.0,19314,"HashAggregate  (cost=2291.00..2416.00 rows=3333 width=8) (actual rows=19314 loops=1)
  Group Key: actor_id, director_id
  Filter: (3 <= count(""timestamp""))
  Batches: 5  Memory Usage: 4145kB  Disk Usage: 216kB
  Rows Removed by Filter: 12080
  Buffers: shared hit=541, temp read=12 written=35
  ->  Seq Scan on actordirector t_actordirector_0  (cost=0.00..1541.00 rows=100000 width=12) (actual rows=100000 loops=1)
        Buffers: shared hit=541
Planning:
  Buffers: shared hit=3
Planning Time: 0.085 ms
Execution Time: 52.663 ms",49.669,2416.0,19314,"HashAggregate  (cost=2291.00..2416.00 rows=3333 width=8) (actual rows=19314 loops=1)
  Group Key: actor_id, director_id
  Filter: (3 <= count(""timestamp""))
  Batches: 5  Memory Usage: 4145kB  Disk Usage: 216kB
  Rows Removed by Filter: 12080
  Buffers: shared hit=541, temp read=12 written=35
  ->  Seq Scan on actordirector t_actordirector_0  (cost=0.00..1541.00 rows=100000 width=12) (actual rows=100000 loops=1)
        Buffers: shared hit=541
Planning:
  Buffers: shared hit=3
Planning Time: 0.089 ms
Execution Time: 49.669 ms",46.6948,47.383,51.166,53.8606,2416.0,2416.0,19314,19314,19314,19314,1050_83,429,1050,83,Easy,"select actor_id, director_id from (select actor_id, director_id, count(timestamp) as times from schema_1050.actordirector group by actor_id, director_id) as timestable where times >= 3",38.054,2449.33,19314,"Subquery Scan on timestable  (cost=2291.00..2449.33 rows=3333 width=8) (actual rows=19314 loops=1)
  Buffers: shared hit=541, temp read=12 written=35
  ->  HashAggregate  (cost=2291.00..2416.00 rows=3333 width=16) (actual rows=19314 loops=1)
        Group Key: actordirector.actor_id, actordirector.director_id
        Filter: (count(actordirector.""timestamp"") >= 3)
        Batches: 5  Memory Usage: 4145kB  Disk Usage: 216kB
        Rows Removed by Filter: 12080
        Buffers: shared hit=541, temp read=12 written=35
        ->  Seq Scan on actordirector  (cost=0.00..1541.00 rows=100000 width=12) (actual rows=100000 loops=1)
              Buffers: shared hit=541
Planning:
  Buffers: shared hit=3
Planning Time: 0.081 ms
Execution Time: 38.054 ms",47.602,2449.33,19314,"Subquery Scan on timestable  (cost=2291.00..2449.33 rows=3333 width=8) (actual rows=19314 loops=1)
  Buffers: shared hit=541, temp read=12 written=35
  ->  HashAggregate  (cost=2291.00..2416.00 rows=3333 width=16) (actual rows=19314 loops=1)
        Group Key: actordirector.actor_id, actordirector.director_id
        Filter: (count(actordirector.""timestamp"") >= 3)
        Batches: 5  Memory Usage: 4145kB  Disk Usage: 216kB
        Rows Removed by Filter: 12080
        Buffers: shared hit=541, temp read=12 written=35
        ->  Seq Scan on actordirector  (cost=0.00..1541.00 rows=100000 width=12) (actual rows=100000 loops=1)
              Buffers: shared hit=541
Planning:
  Buffers: shared hit=3
Planning Time: 0.122 ms
Execution Time: 47.602 ms",47.781,2449.33,19314,"Subquery Scan on timestable  (cost=2291.00..2449.33 rows=3333 width=8) (actual rows=19314 loops=1)
  Buffers: shared hit=541, temp read=12 written=35
  ->  HashAggregate  (cost=2291.00..2416.00 rows=3333 width=16) (actual rows=19314 loops=1)
        Group Key: actordirector.actor_id, actordirector.director_id
        Filter: (count(actordirector.""timestamp"") >= 3)
        Batches: 5  Memory Usage: 4145kB  Disk Usage: 216kB
        Rows Removed by Filter: 12080
        Buffers: shared hit=541, temp read=12 written=35
        ->  Seq Scan on actordirector  (cost=0.00..1541.00 rows=100000 width=12) (actual rows=100000 loops=1)
              Buffers: shared hit=541
Planning:
  Buffers: shared hit=3
Planning Time: 0.123 ms
Execution Time: 47.781 ms",45.184,2449.33,19314,"Subquery Scan on timestable  (cost=2291.00..2449.33 rows=3333 width=8) (actual rows=19314 loops=1)
  Buffers: shared hit=541, temp read=12 written=35
  ->  HashAggregate  (cost=2291.00..2416.00 rows=3333 width=16) (actual rows=19314 loops=1)
        Group Key: actordirector.actor_id, actordirector.director_id
        Filter: (count(actordirector.""timestamp"") >= 3)
        Batches: 5  Memory Usage: 4145kB  Disk Usage: 216kB
        Rows Removed by Filter: 12080
        Buffers: shared hit=541, temp read=12 written=35
        ->  Seq Scan on actordirector  (cost=0.00..1541.00 rows=100000 width=12) (actual rows=100000 loops=1)
              Buffers: shared hit=541
Planning:
  Buffers: shared hit=3
Planning Time: 0.133 ms
Execution Time: 45.184 ms",50.457,2449.33,19314,"Subquery Scan on timestable  (cost=2291.00..2449.33 rows=3333 width=8) (actual rows=19314 loops=1)
  Buffers: shared hit=541, temp read=12 written=35
  ->  HashAggregate  (cost=2291.00..2416.00 rows=3333 width=16) (actual rows=19314 loops=1)
        Group Key: actordirector.actor_id, actordirector.director_id
        Filter: (count(actordirector.""timestamp"") >= 3)
        Batches: 5  Memory Usage: 4145kB  Disk Usage: 216kB
        Rows Removed by Filter: 12080
        Buffers: shared hit=541, temp read=12 written=35
        ->  Seq Scan on actordirector  (cost=0.00..1541.00 rows=100000 width=12) (actual rows=100000 loops=1)
              Buffers: shared hit=541
Planning:
  Buffers: shared hit=3
Planning Time: 0.123 ms
Execution Time: 50.457 ms",45.8156,47.602,49.119,51.5274,2449.33,2449.33,19314,19314,19314,19314,normal,normal,22.30949229999999,30.218371200000004,equal variances,not significant,0.5793650793650793,0.8791999999999973,-0.2189999999999941,-33.32999999999993,0,True
432,1050,149,Easy,"select t_actordirector_0.actor_id as actor_id, t_actordirector_0.director_id as director_id from schema_1050.actordirector as t_actordirector_0 group by t_actordirector_0.actor_id,t_actordirector_0.director_id having 3 <= count(t_actordirector_0.timestamp)",40.666,2416.0,19314,"HashAggregate  (cost=2291.00..2416.00 rows=3333 width=8) (actual rows=19314 loops=1)
  Group Key: actor_id, director_id
  Filter: (3 <= count(""timestamp""))
  Batches: 5  Memory Usage: 4145kB  Disk Usage: 216kB
  Rows Removed by Filter: 12080
  Buffers: shared hit=541, temp read=12 written=35
  ->  Seq Scan on actordirector t_actordirector_0  (cost=0.00..1541.00 rows=100000 width=12) (actual rows=100000 loops=1)
        Buffers: shared hit=541
Planning:
  Buffers: shared hit=3
Planning Time: 0.066 ms
Execution Time: 40.666 ms",46.987,2416.0,19314,"HashAggregate  (cost=2291.00..2416.00 rows=3333 width=8) (actual rows=19314 loops=1)
  Group Key: actor_id, director_id
  Filter: (3 <= count(""timestamp""))
  Batches: 5  Memory Usage: 4145kB  Disk Usage: 216kB
  Rows Removed by Filter: 12080
  Buffers: shared hit=541, temp read=12 written=35
  ->  Seq Scan on actordirector t_actordirector_0  (cost=0.00..1541.00 rows=100000 width=12) (actual rows=100000 loops=1)
        Buffers: shared hit=541
Planning:
  Buffers: shared hit=3
Planning Time: 0.091 ms
Execution Time: 46.987 ms",43.772,2416.0,19314,"HashAggregate  (cost=2291.00..2416.00 rows=3333 width=8) (actual rows=19314 loops=1)
  Group Key: actor_id, director_id
  Filter: (3 <= count(""timestamp""))
  Batches: 5  Memory Usage: 4145kB  Disk Usage: 216kB
  Rows Removed by Filter: 12080
  Buffers: shared hit=541, temp read=12 written=35
  ->  Seq Scan on actordirector t_actordirector_0  (cost=0.00..1541.00 rows=100000 width=12) (actual rows=100000 loops=1)
        Buffers: shared hit=541
Planning:
  Buffers: shared hit=3
Planning Time: 0.110 ms
Execution Time: 43.772 ms",44.786,2416.0,19314,"HashAggregate  (cost=2291.00..2416.00 rows=3333 width=8) (actual rows=19314 loops=1)
  Group Key: actor_id, director_id
  Filter: (3 <= count(""timestamp""))
  Batches: 5  Memory Usage: 4145kB  Disk Usage: 216kB
  Rows Removed by Filter: 12080
  Buffers: shared hit=541, temp read=12 written=35
  ->  Seq Scan on actordirector t_actordirector_0  (cost=0.00..1541.00 rows=100000 width=12) (actual rows=100000 loops=1)
        Buffers: shared hit=541
Planning:
  Buffers: shared hit=3
Planning Time: 0.110 ms
Execution Time: 44.786 ms",45.923,2416.0,19314,"HashAggregate  (cost=2291.00..2416.00 rows=3333 width=8) (actual rows=19314 loops=1)
  Group Key: actor_id, director_id
  Filter: (3 <= count(""timestamp""))
  Batches: 5  Memory Usage: 4145kB  Disk Usage: 216kB
  Rows Removed by Filter: 12080
  Buffers: shared hit=541, temp read=12 written=35
  ->  Seq Scan on actordirector t_actordirector_0  (cost=0.00..1541.00 rows=100000 width=12) (actual rows=100000 loops=1)
        Buffers: shared hit=541
Planning:
  Buffers: shared hit=3
Planning Time: 0.118 ms
Execution Time: 45.923 ms",44.4268,44.786,46.455,47.4126,2416.0,2416.0,19314,19314,19314,19314,1050_149,432,1050,149,Easy,"select distinct a.actor_id, a.director_id from (select actor_id, director_id, count(distinct timestamp) as co_times from schema_1050.actordirector group by actor_id, director_id) as a where co_times >= 3",105.689,11020.82,19314,"Unique  (cost=9845.82..11020.82 rows=333 width=8) (actual rows=19314 loops=1)
  Buffers: shared hit=541, temp read=270 written=271
  ->  Subquery Scan on a  (cost=9845.82..11004.15 rows=3333 width=8) (actual rows=19314 loops=1)
        Buffers: shared hit=541, temp read=270 written=271
        ->  GroupAggregate  (cost=9845.82..10970.82 rows=3333 width=16) (actual rows=19314 loops=1)
              Group Key: actordirector.actor_id, actordirector.director_id
              Filter: (count(DISTINCT actordirector.""timestamp"") >= 3)
              Rows Removed by Filter: 12080
              Buffers: shared hit=541, temp read=270 written=271
              ->  Sort  (cost=9845.82..10095.82 rows=100000 width=12) (actual rows=100000 loops=1)
                    Sort Key: actordirector.actor_id, actordirector.director_id
                    Sort Method: external merge  Disk: 2160kB
                    Buffers: shared hit=541, temp read=270 written=271
                    ->  Seq Scan on actordirector  (cost=0.00..1541.00 rows=100000 width=12) (actual rows=100000 loops=1)
                          Buffers: shared hit=541
Planning:
  Buffers: shared hit=3
Planning Time: 0.101 ms
Execution Time: 105.689 ms",112.964,11020.82,19314,"Unique  (cost=9845.82..11020.82 rows=333 width=8) (actual rows=19314 loops=1)
  Buffers: shared hit=541, temp read=270 written=271
  ->  Subquery Scan on a  (cost=9845.82..11004.15 rows=3333 width=8) (actual rows=19314 loops=1)
        Buffers: shared hit=541, temp read=270 written=271
        ->  GroupAggregate  (cost=9845.82..10970.82 rows=3333 width=16) (actual rows=19314 loops=1)
              Group Key: actordirector.actor_id, actordirector.director_id
              Filter: (count(DISTINCT actordirector.""timestamp"") >= 3)
              Rows Removed by Filter: 12080
              Buffers: shared hit=541, temp read=270 written=271
              ->  Sort  (cost=9845.82..10095.82 rows=100000 width=12) (actual rows=100000 loops=1)
                    Sort Key: actordirector.actor_id, actordirector.director_id
                    Sort Method: external merge  Disk: 2160kB
                    Buffers: shared hit=541, temp read=270 written=271
                    ->  Seq Scan on actordirector  (cost=0.00..1541.00 rows=100000 width=12) (actual rows=100000 loops=1)
                          Buffers: shared hit=541
Planning:
  Buffers: shared hit=3
Planning Time: 0.131 ms
Execution Time: 112.964 ms",116.266,11020.82,19314,"Unique  (cost=9845.82..11020.82 rows=333 width=8) (actual rows=19314 loops=1)
  Buffers: shared hit=541, temp read=270 written=271
  ->  Subquery Scan on a  (cost=9845.82..11004.15 rows=3333 width=8) (actual rows=19314 loops=1)
        Buffers: shared hit=541, temp read=270 written=271
        ->  GroupAggregate  (cost=9845.82..10970.82 rows=3333 width=16) (actual rows=19314 loops=1)
              Group Key: actordirector.actor_id, actordirector.director_id
              Filter: (count(DISTINCT actordirector.""timestamp"") >= 3)
              Rows Removed by Filter: 12080
              Buffers: shared hit=541, temp read=270 written=271
              ->  Sort  (cost=9845.82..10095.82 rows=100000 width=12) (actual rows=100000 loops=1)
                    Sort Key: actordirector.actor_id, actordirector.director_id
                    Sort Method: external merge  Disk: 2160kB
                    Buffers: shared hit=541, temp read=270 written=271
                    ->  Seq Scan on actordirector  (cost=0.00..1541.00 rows=100000 width=12) (actual rows=100000 loops=1)
                          Buffers: shared hit=541
Planning:
  Buffers: shared hit=3
Planning Time: 0.144 ms
Execution Time: 116.266 ms",112.277,11020.82,19314,"Unique  (cost=9845.82..11020.82 rows=333 width=8) (actual rows=19314 loops=1)
  Buffers: shared hit=541, temp read=270 written=271
  ->  Subquery Scan on a  (cost=9845.82..11004.15 rows=3333 width=8) (actual rows=19314 loops=1)
        Buffers: shared hit=541, temp read=270 written=271
        ->  GroupAggregate  (cost=9845.82..10970.82 rows=3333 width=16) (actual rows=19314 loops=1)
              Group Key: actordirector.actor_id, actordirector.director_id
              Filter: (count(DISTINCT actordirector.""timestamp"") >= 3)
              Rows Removed by Filter: 12080
              Buffers: shared hit=541, temp read=270 written=271
              ->  Sort  (cost=9845.82..10095.82 rows=100000 width=12) (actual rows=100000 loops=1)
                    Sort Key: actordirector.actor_id, actordirector.director_id
                    Sort Method: external merge  Disk: 2160kB
                    Buffers: shared hit=541, temp read=270 written=271
                    ->  Seq Scan on actordirector  (cost=0.00..1541.00 rows=100000 width=12) (actual rows=100000 loops=1)
                          Buffers: shared hit=541
Planning:
  Buffers: shared hit=3
Planning Time: 0.214 ms
Execution Time: 112.277 ms",112.97,11020.82,19314,"Unique  (cost=9845.82..11020.82 rows=333 width=8) (actual rows=19314 loops=1)
  Buffers: shared hit=541, temp read=270 written=271
  ->  Subquery Scan on a  (cost=9845.82..11004.15 rows=3333 width=8) (actual rows=19314 loops=1)
        Buffers: shared hit=541, temp read=270 written=271
        ->  GroupAggregate  (cost=9845.82..10970.82 rows=3333 width=16) (actual rows=19314 loops=1)
              Group Key: actordirector.actor_id, actordirector.director_id
              Filter: (count(DISTINCT actordirector.""timestamp"") >= 3)
              Rows Removed by Filter: 12080
              Buffers: shared hit=541, temp read=270 written=271
              ->  Sort  (cost=9845.82..10095.82 rows=100000 width=12) (actual rows=100000 loops=1)
                    Sort Key: actordirector.actor_id, actordirector.director_id
                    Sort Method: external merge  Disk: 2160kB
                    Buffers: shared hit=541, temp read=270 written=271
                    ->  Seq Scan on actordirector  (cost=0.00..1541.00 rows=100000 width=12) (actual rows=100000 loops=1)
                          Buffers: shared hit=541
Planning:
  Buffers: shared hit=3
Planning Time: 0.117 ms
Execution Time: 112.970 ms",112.0332,112.964,114.618,117.5844,11020.82,11020.82,19314,19314,19314,19314,normal,normal,14.992222700000031,5.873660700000011,equal variances,significant,0.003968253968253968,-67.6064,-68.178,-8604.82,0,True
433,1050,151,Easy,"select t_actordirector_0.actor_id as actor_id, t_actordirector_0.director_id as director_id from schema_1050.actordirector as t_actordirector_0 group by t_actordirector_0.director_id,t_actordirector_0.actor_id having 3 <= count(t_actordirector_0.actor_id)",38.268,2416.0,19314,"HashAggregate  (cost=2291.00..2416.00 rows=3333 width=8) (actual rows=19314 loops=1)
  Group Key: director_id, actor_id
  Filter: (3 <= count(actor_id))
  Batches: 5  Memory Usage: 4145kB  Disk Usage: 216kB
  Rows Removed by Filter: 12080
  Buffers: shared hit=541, temp read=12 written=34
  ->  Seq Scan on actordirector t_actordirector_0  (cost=0.00..1541.00 rows=100000 width=8) (actual rows=100000 loops=1)
        Buffers: shared hit=541
Planning:
  Buffers: shared hit=3
Planning Time: 0.065 ms
Execution Time: 38.268 ms",45.723,2416.0,19314,"HashAggregate  (cost=2291.00..2416.00 rows=3333 width=8) (actual rows=19314 loops=1)
  Group Key: director_id, actor_id
  Filter: (3 <= count(actor_id))
  Batches: 5  Memory Usage: 4145kB  Disk Usage: 216kB
  Rows Removed by Filter: 12080
  Buffers: shared hit=541, temp read=12 written=34
  ->  Seq Scan on actordirector t_actordirector_0  (cost=0.00..1541.00 rows=100000 width=8) (actual rows=100000 loops=1)
        Buffers: shared hit=541
Planning:
  Buffers: shared hit=3
Planning Time: 0.109 ms
Execution Time: 45.723 ms",46.21,2416.0,19314,"HashAggregate  (cost=2291.00..2416.00 rows=3333 width=8) (actual rows=19314 loops=1)
  Group Key: director_id, actor_id
  Filter: (3 <= count(actor_id))
  Batches: 5  Memory Usage: 4145kB  Disk Usage: 216kB
  Rows Removed by Filter: 12080
  Buffers: shared hit=541, temp read=12 written=34
  ->  Seq Scan on actordirector t_actordirector_0  (cost=0.00..1541.00 rows=100000 width=8) (actual rows=100000 loops=1)
        Buffers: shared hit=541
Planning:
  Buffers: shared hit=3
Planning Time: 0.093 ms
Execution Time: 46.210 ms",56.826,2416.0,19314,"HashAggregate  (cost=2291.00..2416.00 rows=3333 width=8) (actual rows=19314 loops=1)
  Group Key: director_id, actor_id
  Filter: (3 <= count(actor_id))
  Batches: 5  Memory Usage: 4145kB  Disk Usage: 216kB
  Rows Removed by Filter: 12080
  Buffers: shared hit=541, temp read=12 written=34
  ->  Seq Scan on actordirector t_actordirector_0  (cost=0.00..1541.00 rows=100000 width=8) (actual rows=100000 loops=1)
        Buffers: shared hit=541
Planning:
  Buffers: shared hit=3
Planning Time: 0.085 ms
Execution Time: 56.826 ms",46.946,2416.0,19314,"HashAggregate  (cost=2291.00..2416.00 rows=3333 width=8) (actual rows=19314 loops=1)
  Group Key: director_id, actor_id
  Filter: (3 <= count(actor_id))
  Batches: 5  Memory Usage: 4145kB  Disk Usage: 216kB
  Rows Removed by Filter: 12080
  Buffers: shared hit=541, temp read=12 written=34
  ->  Seq Scan on actordirector t_actordirector_0  (cost=0.00..1541.00 rows=100000 width=8) (actual rows=100000 loops=1)
        Buffers: shared hit=541
Planning:
  Buffers: shared hit=3
Planning Time: 0.110 ms
Execution Time: 46.946 ms",46.7946,46.21,51.886,60.778,2416.0,2416.0,19314,19314,19314,19314,1050_151,433,1050,151,Easy,"select distinct actor_id, director_id from (select actor_id, director_id, count(actor_id) over (partition by actor_id, director_id order by actor_id, director_id) as cnt from schema_1050.actordirector) as a where cnt >= 3",129.69,13762.49,19314,"Unique  (cost=9845.82..13762.49 rows=9827 width=8) (actual rows=19314 loops=1)
  Buffers: shared hit=541, temp read=221 written=222
  ->  Subquery Scan on a  (cost=9845.82..13595.82 rows=33333 width=8) (actual rows=80548 loops=1)
        Filter: (a.cnt >= 3)
        Rows Removed by Filter: 19452
        Buffers: shared hit=541, temp read=221 written=222
        ->  WindowAgg  (cost=9845.82..12345.82 rows=100000 width=16) (actual rows=100000 loops=1)
              Buffers: shared hit=541, temp read=221 written=222
              ->  Sort  (cost=9845.82..10095.82 rows=100000 width=8) (actual rows=100000 loops=1)
                    Sort Key: actordirector.actor_id, actordirector.director_id
                    Sort Method: external merge  Disk: 1768kB
                    Buffers: shared hit=541, temp read=221 written=222
                    ->  Seq Scan on actordirector  (cost=0.00..1541.00 rows=100000 width=8) (actual rows=100000 loops=1)
                          Buffers: shared hit=541
Planning Time: 0.062 ms
Execution Time: 129.690 ms",132.568,13762.49,19314,"Unique  (cost=9845.82..13762.49 rows=9827 width=8) (actual rows=19314 loops=1)
  Buffers: shared hit=541, temp read=221 written=222
  ->  Subquery Scan on a  (cost=9845.82..13595.82 rows=33333 width=8) (actual rows=80548 loops=1)
        Filter: (a.cnt >= 3)
        Rows Removed by Filter: 19452
        Buffers: shared hit=541, temp read=221 written=222
        ->  WindowAgg  (cost=9845.82..12345.82 rows=100000 width=16) (actual rows=100000 loops=1)
              Buffers: shared hit=541, temp read=221 written=222
              ->  Sort  (cost=9845.82..10095.82 rows=100000 width=8) (actual rows=100000 loops=1)
                    Sort Key: actordirector.actor_id, actordirector.director_id
                    Sort Method: external merge  Disk: 1768kB
                    Buffers: shared hit=541, temp read=221 written=222
                    ->  Seq Scan on actordirector  (cost=0.00..1541.00 rows=100000 width=8) (actual rows=100000 loops=1)
                          Buffers: shared hit=541
Planning Time: 0.089 ms
Execution Time: 132.568 ms",133.946,13762.49,19314,"Unique  (cost=9845.82..13762.49 rows=9827 width=8) (actual rows=19314 loops=1)
  Buffers: shared hit=541, temp read=221 written=222
  ->  Subquery Scan on a  (cost=9845.82..13595.82 rows=33333 width=8) (actual rows=80548 loops=1)
        Filter: (a.cnt >= 3)
        Rows Removed by Filter: 19452
        Buffers: shared hit=541, temp read=221 written=222
        ->  WindowAgg  (cost=9845.82..12345.82 rows=100000 width=16) (actual rows=100000 loops=1)
              Buffers: shared hit=541, temp read=221 written=222
              ->  Sort  (cost=9845.82..10095.82 rows=100000 width=8) (actual rows=100000 loops=1)
                    Sort Key: actordirector.actor_id, actordirector.director_id
                    Sort Method: external merge  Disk: 1768kB
                    Buffers: shared hit=541, temp read=221 written=222
                    ->  Seq Scan on actordirector  (cost=0.00..1541.00 rows=100000 width=8) (actual rows=100000 loops=1)
                          Buffers: shared hit=541
Planning Time: 0.099 ms
Execution Time: 133.946 ms",135.933,13762.49,19314,"Unique  (cost=9845.82..13762.49 rows=9827 width=8) (actual rows=19314 loops=1)
  Buffers: shared hit=541, temp read=221 written=222
  ->  Subquery Scan on a  (cost=9845.82..13595.82 rows=33333 width=8) (actual rows=80548 loops=1)
        Filter: (a.cnt >= 3)
        Rows Removed by Filter: 19452
        Buffers: shared hit=541, temp read=221 written=222
        ->  WindowAgg  (cost=9845.82..12345.82 rows=100000 width=16) (actual rows=100000 loops=1)
              Buffers: shared hit=541, temp read=221 written=222
              ->  Sort  (cost=9845.82..10095.82 rows=100000 width=8) (actual rows=100000 loops=1)
                    Sort Key: actordirector.actor_id, actordirector.director_id
                    Sort Method: external merge  Disk: 1768kB
                    Buffers: shared hit=541, temp read=221 written=222
                    ->  Seq Scan on actordirector  (cost=0.00..1541.00 rows=100000 width=8) (actual rows=100000 loops=1)
                          Buffers: shared hit=541
Planning Time: 0.081 ms
Execution Time: 135.933 ms",131.091,13762.49,19314,"Unique  (cost=9845.82..13762.49 rows=9827 width=8) (actual rows=19314 loops=1)
  Buffers: shared hit=541, temp read=221 written=222
  ->  Subquery Scan on a  (cost=9845.82..13595.82 rows=33333 width=8) (actual rows=80548 loops=1)
        Filter: (a.cnt >= 3)
        Rows Removed by Filter: 19452
        Buffers: shared hit=541, temp read=221 written=222
        ->  WindowAgg  (cost=9845.82..12345.82 rows=100000 width=16) (actual rows=100000 loops=1)
              Buffers: shared hit=541, temp read=221 written=222
              ->  Sort  (cost=9845.82..10095.82 rows=100000 width=8) (actual rows=100000 loops=1)
                    Sort Key: actordirector.actor_id, actordirector.director_id
                    Sort Method: external merge  Disk: 1768kB
                    Buffers: shared hit=541, temp read=221 written=222
                    ->  Seq Scan on actordirector  (cost=0.00..1541.00 rows=100000 width=8) (actual rows=100000 loops=1)
                          Buffers: shared hit=541
Planning Time: 0.101 ms
Execution Time: 131.091 ms",132.6456,132.568,134.9395,136.7278,13762.49,13762.49,19314,19314,19314,19314,normal,normal,5.914103299999983,43.7112248,equal variances,significant,0.003968253968253968,-85.851,-86.358,-11346.49,0,True
434,1050,152,Easy,"select t_actordirector_0.actor_id as actor_id, t_actordirector_0.director_id as director_id from schema_1050.actordirector as t_actordirector_0 group by t_actordirector_0.actor_id,t_actordirector_0.director_id having 3 <= count(t_actordirector_0.timestamp)",38.391,2416.0,19314,"HashAggregate  (cost=2291.00..2416.00 rows=3333 width=8) (actual rows=19314 loops=1)
  Group Key: actor_id, director_id
  Filter: (3 <= count(""timestamp""))
  Batches: 5  Memory Usage: 4145kB  Disk Usage: 216kB
  Rows Removed by Filter: 12080
  Buffers: shared hit=541, temp read=12 written=35
  ->  Seq Scan on actordirector t_actordirector_0  (cost=0.00..1541.00 rows=100000 width=12) (actual rows=100000 loops=1)
        Buffers: shared hit=541
Planning:
  Buffers: shared hit=3
Planning Time: 0.097 ms
Execution Time: 38.391 ms",44.776,2416.0,19314,"HashAggregate  (cost=2291.00..2416.00 rows=3333 width=8) (actual rows=19314 loops=1)
  Group Key: actor_id, director_id
  Filter: (3 <= count(""timestamp""))
  Batches: 5  Memory Usage: 4145kB  Disk Usage: 216kB
  Rows Removed by Filter: 12080
  Buffers: shared hit=541, temp read=12 written=35
  ->  Seq Scan on actordirector t_actordirector_0  (cost=0.00..1541.00 rows=100000 width=12) (actual rows=100000 loops=1)
        Buffers: shared hit=541
Planning:
  Buffers: shared hit=3
Planning Time: 0.099 ms
Execution Time: 44.776 ms",48.636,2416.0,19314,"HashAggregate  (cost=2291.00..2416.00 rows=3333 width=8) (actual rows=19314 loops=1)
  Group Key: actor_id, director_id
  Filter: (3 <= count(""timestamp""))
  Batches: 5  Memory Usage: 4145kB  Disk Usage: 216kB
  Rows Removed by Filter: 12080
  Buffers: shared hit=541, temp read=12 written=35
  ->  Seq Scan on actordirector t_actordirector_0  (cost=0.00..1541.00 rows=100000 width=12) (actual rows=100000 loops=1)
        Buffers: shared hit=541
Planning:
  Buffers: shared hit=3
Planning Time: 0.088 ms
Execution Time: 48.636 ms",45.508,2416.0,19314,"HashAggregate  (cost=2291.00..2416.00 rows=3333 width=8) (actual rows=19314 loops=1)
  Group Key: actor_id, director_id
  Filter: (3 <= count(""timestamp""))
  Batches: 5  Memory Usage: 4145kB  Disk Usage: 216kB
  Rows Removed by Filter: 12080
  Buffers: shared hit=541, temp read=12 written=35
  ->  Seq Scan on actordirector t_actordirector_0  (cost=0.00..1541.00 rows=100000 width=12) (actual rows=100000 loops=1)
        Buffers: shared hit=541
Planning:
  Buffers: shared hit=3
Planning Time: 0.105 ms
Execution Time: 45.508 ms",48.721,2416.0,19314,"HashAggregate  (cost=2291.00..2416.00 rows=3333 width=8) (actual rows=19314 loops=1)
  Group Key: actor_id, director_id
  Filter: (3 <= count(""timestamp""))
  Batches: 5  Memory Usage: 4145kB  Disk Usage: 216kB
  Rows Removed by Filter: 12080
  Buffers: shared hit=541, temp read=12 written=35
  ->  Seq Scan on actordirector t_actordirector_0  (cost=0.00..1541.00 rows=100000 width=12) (actual rows=100000 loops=1)
        Buffers: shared hit=541
Planning:
  Buffers: shared hit=3
Planning Time: 0.094 ms
Execution Time: 48.721 ms",45.2064,45.508,48.6785,48.755,2416.0,2416.0,19314,19314,19314,19314,1050_152,434,1050,152,Easy,"select distinct actor_id, director_id from schema_1050.actordirector group by 1, 2 having count(timestamp) >= 3",47.057,2465.99,19314,"HashAggregate  (cost=2432.66..2465.99 rows=3333 width=8) (actual rows=19314 loops=1)
  Group Key: actor_id, director_id
  Batches: 1  Memory Usage: 1809kB
  Buffers: shared hit=541, temp read=12 written=35
  ->  HashAggregate  (cost=2291.00..2416.00 rows=3333 width=8) (actual rows=19314 loops=1)
        Group Key: actor_id, director_id
        Filter: (count(""timestamp"") >= 3)
        Batches: 5  Memory Usage: 4145kB  Disk Usage: 216kB
        Rows Removed by Filter: 12080
        Buffers: shared hit=541, temp read=12 written=35
        ->  Seq Scan on actordirector  (cost=0.00..1541.00 rows=100000 width=12) (actual rows=100000 loops=1)
              Buffers: shared hit=541
Planning:
  Buffers: shared hit=3
Planning Time: 0.069 ms
Execution Time: 47.057 ms",54.07,2465.99,19314,"HashAggregate  (cost=2432.66..2465.99 rows=3333 width=8) (actual rows=19314 loops=1)
  Group Key: actor_id, director_id
  Batches: 1  Memory Usage: 1809kB
  Buffers: shared hit=541, temp read=12 written=35
  ->  HashAggregate  (cost=2291.00..2416.00 rows=3333 width=8) (actual rows=19314 loops=1)
        Group Key: actor_id, director_id
        Filter: (count(""timestamp"") >= 3)
        Batches: 5  Memory Usage: 4145kB  Disk Usage: 216kB
        Rows Removed by Filter: 12080
        Buffers: shared hit=541, temp read=12 written=35
        ->  Seq Scan on actordirector  (cost=0.00..1541.00 rows=100000 width=12) (actual rows=100000 loops=1)
              Buffers: shared hit=541
Planning:
  Buffers: shared hit=3
Planning Time: 0.080 ms
Execution Time: 54.070 ms",50.779,2465.99,19314,"HashAggregate  (cost=2432.66..2465.99 rows=3333 width=8) (actual rows=19314 loops=1)
  Group Key: actor_id, director_id
  Batches: 1  Memory Usage: 1809kB
  Buffers: shared hit=541, temp read=12 written=35
  ->  HashAggregate  (cost=2291.00..2416.00 rows=3333 width=8) (actual rows=19314 loops=1)
        Group Key: actor_id, director_id
        Filter: (count(""timestamp"") >= 3)
        Batches: 5  Memory Usage: 4145kB  Disk Usage: 216kB
        Rows Removed by Filter: 12080
        Buffers: shared hit=541, temp read=12 written=35
        ->  Seq Scan on actordirector  (cost=0.00..1541.00 rows=100000 width=12) (actual rows=100000 loops=1)
              Buffers: shared hit=541
Planning:
  Buffers: shared hit=3
Planning Time: 0.156 ms
Execution Time: 50.779 ms",57.85,2465.99,19314,"HashAggregate  (cost=2432.66..2465.99 rows=3333 width=8) (actual rows=19314 loops=1)
  Group Key: actor_id, director_id
  Batches: 1  Memory Usage: 1809kB
  Buffers: shared hit=541, temp read=12 written=35
  ->  HashAggregate  (cost=2291.00..2416.00 rows=3333 width=8) (actual rows=19314 loops=1)
        Group Key: actor_id, director_id
        Filter: (count(""timestamp"") >= 3)
        Batches: 5  Memory Usage: 4145kB  Disk Usage: 216kB
        Rows Removed by Filter: 12080
        Buffers: shared hit=541, temp read=12 written=35
        ->  Seq Scan on actordirector  (cost=0.00..1541.00 rows=100000 width=12) (actual rows=100000 loops=1)
              Buffers: shared hit=541
Planning:
  Buffers: shared hit=3
Planning Time: 0.091 ms
Execution Time: 57.850 ms",55.101,2465.99,19314,"HashAggregate  (cost=2432.66..2465.99 rows=3333 width=8) (actual rows=19314 loops=1)
  Group Key: actor_id, director_id
  Batches: 1  Memory Usage: 1809kB
  Buffers: shared hit=541, temp read=12 written=35
  ->  HashAggregate  (cost=2291.00..2416.00 rows=3333 width=8) (actual rows=19314 loops=1)
        Group Key: actor_id, director_id
        Filter: (count(""timestamp"") >= 3)
        Batches: 5  Memory Usage: 4145kB  Disk Usage: 216kB
        Rows Removed by Filter: 12080
        Buffers: shared hit=541, temp read=12 written=35
        ->  Seq Scan on actordirector  (cost=0.00..1541.00 rows=100000 width=12) (actual rows=100000 loops=1)
              Buffers: shared hit=541
Planning:
  Buffers: shared hit=3
Planning Time: 0.097 ms
Execution Time: 55.101 ms",52.9714,54.07,56.4755,58.9496,2465.99,2465.99,19314,19314,19314,19314,normal,normal,17.332400299999993,17.710113300000003,equal variances,significant,0.015873015873015872,-7.765000000000001,-8.561999999999998,-49.98999999999978,0,True
435,1050,153,Easy,"select t_actordirector_0.actor_id as actor_id, t_actordirector_0.director_id as director_id from schema_1050.actordirector as t_actordirector_0 group by t_actordirector_0.director_id,t_actordirector_0.actor_id having 3 <= count(t_actordirector_0.timestamp)",37.299,2416.0,19314,"HashAggregate  (cost=2291.00..2416.00 rows=3333 width=8) (actual rows=19314 loops=1)
  Group Key: director_id, actor_id
  Filter: (3 <= count(""timestamp""))
  Batches: 5  Memory Usage: 4145kB  Disk Usage: 216kB
  Rows Removed by Filter: 12080
  Buffers: shared hit=541, temp read=12 written=34
  ->  Seq Scan on actordirector t_actordirector_0  (cost=0.00..1541.00 rows=100000 width=12) (actual rows=100000 loops=1)
        Buffers: shared hit=541
Planning:
  Buffers: shared hit=3
Planning Time: 0.082 ms
Execution Time: 37.299 ms",45.707,2416.0,19314,"HashAggregate  (cost=2291.00..2416.00 rows=3333 width=8) (actual rows=19314 loops=1)
  Group Key: director_id, actor_id
  Filter: (3 <= count(""timestamp""))
  Batches: 5  Memory Usage: 4145kB  Disk Usage: 216kB
  Rows Removed by Filter: 12080
  Buffers: shared hit=541, temp read=12 written=34
  ->  Seq Scan on actordirector t_actordirector_0  (cost=0.00..1541.00 rows=100000 width=12) (actual rows=100000 loops=1)
        Buffers: shared hit=541
Planning:
  Buffers: shared hit=3
Planning Time: 0.115 ms
Execution Time: 45.707 ms",45.125,2416.0,19314,"HashAggregate  (cost=2291.00..2416.00 rows=3333 width=8) (actual rows=19314 loops=1)
  Group Key: director_id, actor_id
  Filter: (3 <= count(""timestamp""))
  Batches: 5  Memory Usage: 4145kB  Disk Usage: 216kB
  Rows Removed by Filter: 12080
  Buffers: shared hit=541, temp read=12 written=34
  ->  Seq Scan on actordirector t_actordirector_0  (cost=0.00..1541.00 rows=100000 width=12) (actual rows=100000 loops=1)
        Buffers: shared hit=541
Planning:
  Buffers: shared hit=3
Planning Time: 0.126 ms
Execution Time: 45.125 ms",44.214,2416.0,19314,"HashAggregate  (cost=2291.00..2416.00 rows=3333 width=8) (actual rows=19314 loops=1)
  Group Key: director_id, actor_id
  Filter: (3 <= count(""timestamp""))
  Batches: 5  Memory Usage: 4145kB  Disk Usage: 216kB
  Rows Removed by Filter: 12080
  Buffers: shared hit=541, temp read=12 written=34
  ->  Seq Scan on actordirector t_actordirector_0  (cost=0.00..1541.00 rows=100000 width=12) (actual rows=100000 loops=1)
        Buffers: shared hit=541
Planning:
  Buffers: shared hit=3
Planning Time: 0.121 ms
Execution Time: 44.214 ms",46.294,2416.0,19314,"HashAggregate  (cost=2291.00..2416.00 rows=3333 width=8) (actual rows=19314 loops=1)
  Group Key: director_id, actor_id
  Filter: (3 <= count(""timestamp""))
  Batches: 5  Memory Usage: 4145kB  Disk Usage: 216kB
  Rows Removed by Filter: 12080
  Buffers: shared hit=541, temp read=12 written=34
  ->  Seq Scan on actordirector t_actordirector_0  (cost=0.00..1541.00 rows=100000 width=12) (actual rows=100000 loops=1)
        Buffers: shared hit=541
Planning:
  Buffers: shared hit=3
Planning Time: 0.096 ms
Execution Time: 46.294 ms",43.7278,45.125,46.0005,46.5288,2416.0,2416.0,19314,19314,19314,19314,1050_153,435,1050,153,Easy,"select distinct actor_id, director_id from schema_1050.actordirector group by actor_id, director_id having count(timestamp) >= 3",43.227,2465.99,19314,"HashAggregate  (cost=2432.66..2465.99 rows=3333 width=8) (actual rows=19314 loops=1)
  Group Key: actor_id, director_id
  Batches: 1  Memory Usage: 1809kB
  Buffers: shared hit=541, temp read=12 written=35
  ->  HashAggregate  (cost=2291.00..2416.00 rows=3333 width=8) (actual rows=19314 loops=1)
        Group Key: actor_id, director_id
        Filter: (count(""timestamp"") >= 3)
        Batches: 5  Memory Usage: 4145kB  Disk Usage: 216kB
        Rows Removed by Filter: 12080
        Buffers: shared hit=541, temp read=12 written=35
        ->  Seq Scan on actordirector  (cost=0.00..1541.00 rows=100000 width=12) (actual rows=100000 loops=1)
              Buffers: shared hit=541
Planning:
  Buffers: shared hit=3
Planning Time: 0.070 ms
Execution Time: 43.227 ms",55.656,2465.99,19314,"HashAggregate  (cost=2432.66..2465.99 rows=3333 width=8) (actual rows=19314 loops=1)
  Group Key: actor_id, director_id
  Batches: 1  Memory Usage: 1809kB
  Buffers: shared hit=541, temp read=12 written=35
  ->  HashAggregate  (cost=2291.00..2416.00 rows=3333 width=8) (actual rows=19314 loops=1)
        Group Key: actor_id, director_id
        Filter: (count(""timestamp"") >= 3)
        Batches: 5  Memory Usage: 4145kB  Disk Usage: 216kB
        Rows Removed by Filter: 12080
        Buffers: shared hit=541, temp read=12 written=35
        ->  Seq Scan on actordirector  (cost=0.00..1541.00 rows=100000 width=12) (actual rows=100000 loops=1)
              Buffers: shared hit=541
Planning:
  Buffers: shared hit=3
Planning Time: 0.094 ms
Execution Time: 55.656 ms",50.971,2465.99,19314,"HashAggregate  (cost=2432.66..2465.99 rows=3333 width=8) (actual rows=19314 loops=1)
  Group Key: actor_id, director_id
  Batches: 1  Memory Usage: 1809kB
  Buffers: shared hit=541, temp read=12 written=35
  ->  HashAggregate  (cost=2291.00..2416.00 rows=3333 width=8) (actual rows=19314 loops=1)
        Group Key: actor_id, director_id
        Filter: (count(""timestamp"") >= 3)
        Batches: 5  Memory Usage: 4145kB  Disk Usage: 216kB
        Rows Removed by Filter: 12080
        Buffers: shared hit=541, temp read=12 written=35
        ->  Seq Scan on actordirector  (cost=0.00..1541.00 rows=100000 width=12) (actual rows=100000 loops=1)
              Buffers: shared hit=541
Planning:
  Buffers: shared hit=3
Planning Time: 0.106 ms
Execution Time: 50.971 ms",52.061,2465.99,19314,"HashAggregate  (cost=2432.66..2465.99 rows=3333 width=8) (actual rows=19314 loops=1)
  Group Key: actor_id, director_id
  Batches: 1  Memory Usage: 1809kB
  Buffers: shared hit=541, temp read=12 written=35
  ->  HashAggregate  (cost=2291.00..2416.00 rows=3333 width=8) (actual rows=19314 loops=1)
        Group Key: actor_id, director_id
        Filter: (count(""timestamp"") >= 3)
        Batches: 5  Memory Usage: 4145kB  Disk Usage: 216kB
        Rows Removed by Filter: 12080
        Buffers: shared hit=541, temp read=12 written=35
        ->  Seq Scan on actordirector  (cost=0.00..1541.00 rows=100000 width=12) (actual rows=100000 loops=1)
              Buffers: shared hit=541
Planning:
  Buffers: shared hit=3
Planning Time: 0.115 ms
Execution Time: 52.061 ms",58.214,2465.99,19314,"HashAggregate  (cost=2432.66..2465.99 rows=3333 width=8) (actual rows=19314 loops=1)
  Group Key: actor_id, director_id
  Batches: 1  Memory Usage: 1809kB
  Buffers: shared hit=541, temp read=12 written=35
  ->  HashAggregate  (cost=2291.00..2416.00 rows=3333 width=8) (actual rows=19314 loops=1)
        Group Key: actor_id, director_id
        Filter: (count(""timestamp"") >= 3)
        Batches: 5  Memory Usage: 4145kB  Disk Usage: 216kB
        Rows Removed by Filter: 12080
        Buffers: shared hit=541, temp read=12 written=35
        ->  Seq Scan on actordirector  (cost=0.00..1541.00 rows=100000 width=12) (actual rows=100000 loops=1)
              Buffers: shared hit=541
Planning:
  Buffers: shared hit=3
Planning Time: 0.097 ms
Execution Time: 58.214 ms",52.0258,52.061,56.935,59.2372,2465.99,2465.99,19314,19314,19314,19314,normal,not normal,32.50122370000001,13.505160699999998,equal variances,significant,0.047619047619047616,-8.297999999999995,-6.936,-49.98999999999978,0,True
436,1050,154,Easy,"select y.c_actor_id0 as actor_id, y.c_director_id0 as director_id from (select t_actordirector_0.actor_id as c_actor_id0, t_actordirector_0.director_id as c_director_id0, count(t_actordirector_0.timestamp) as c_count0 from schema_1050.actordirector as t_actordirector_0 group by t_actordirector_0.actor_id,t_actordirector_0.director_id) as y where 3 <= y.c_count0",41.742,2449.33,19314,"Subquery Scan on y  (cost=2291.00..2449.33 rows=3333 width=8) (actual rows=19314 loops=1)
  Buffers: shared hit=541, temp read=12 written=35
  ->  HashAggregate  (cost=2291.00..2416.00 rows=3333 width=16) (actual rows=19314 loops=1)
        Group Key: t_actordirector_0.actor_id, t_actordirector_0.director_id
        Filter: (3 <= count(t_actordirector_0.""timestamp""))
        Batches: 5  Memory Usage: 4145kB  Disk Usage: 216kB
        Rows Removed by Filter: 12080
        Buffers: shared hit=541, temp read=12 written=35
        ->  Seq Scan on actordirector t_actordirector_0  (cost=0.00..1541.00 rows=100000 width=12) (actual rows=100000 loops=1)
              Buffers: shared hit=541
Planning:
  Buffers: shared hit=3
Planning Time: 0.123 ms
Execution Time: 41.742 ms",44.657,2449.33,19314,"Subquery Scan on y  (cost=2291.00..2449.33 rows=3333 width=8) (actual rows=19314 loops=1)
  Buffers: shared hit=541, temp read=12 written=35
  ->  HashAggregate  (cost=2291.00..2416.00 rows=3333 width=16) (actual rows=19314 loops=1)
        Group Key: t_actordirector_0.actor_id, t_actordirector_0.director_id
        Filter: (3 <= count(t_actordirector_0.""timestamp""))
        Batches: 5  Memory Usage: 4145kB  Disk Usage: 216kB
        Rows Removed by Filter: 12080
        Buffers: shared hit=541, temp read=12 written=35
        ->  Seq Scan on actordirector t_actordirector_0  (cost=0.00..1541.00 rows=100000 width=12) (actual rows=100000 loops=1)
              Buffers: shared hit=541
Planning:
  Buffers: shared hit=3
Planning Time: 0.130 ms
Execution Time: 44.657 ms",46.88,2449.33,19314,"Subquery Scan on y  (cost=2291.00..2449.33 rows=3333 width=8) (actual rows=19314 loops=1)
  Buffers: shared hit=541, temp read=12 written=35
  ->  HashAggregate  (cost=2291.00..2416.00 rows=3333 width=16) (actual rows=19314 loops=1)
        Group Key: t_actordirector_0.actor_id, t_actordirector_0.director_id
        Filter: (3 <= count(t_actordirector_0.""timestamp""))
        Batches: 5  Memory Usage: 4145kB  Disk Usage: 216kB
        Rows Removed by Filter: 12080
        Buffers: shared hit=541, temp read=12 written=35
        ->  Seq Scan on actordirector t_actordirector_0  (cost=0.00..1541.00 rows=100000 width=12) (actual rows=100000 loops=1)
              Buffers: shared hit=541
Planning:
  Buffers: shared hit=3
Planning Time: 0.138 ms
Execution Time: 46.880 ms",51.353,2449.33,19314,"Subquery Scan on y  (cost=2291.00..2449.33 rows=3333 width=8) (actual rows=19314 loops=1)
  Buffers: shared hit=541, temp read=12 written=35
  ->  HashAggregate  (cost=2291.00..2416.00 rows=3333 width=16) (actual rows=19314 loops=1)
        Group Key: t_actordirector_0.actor_id, t_actordirector_0.director_id
        Filter: (3 <= count(t_actordirector_0.""timestamp""))
        Batches: 5  Memory Usage: 4145kB  Disk Usage: 216kB
        Rows Removed by Filter: 12080
        Buffers: shared hit=541, temp read=12 written=35
        ->  Seq Scan on actordirector t_actordirector_0  (cost=0.00..1541.00 rows=100000 width=12) (actual rows=100000 loops=1)
              Buffers: shared hit=541
Planning:
  Buffers: shared hit=3
Planning Time: 0.226 ms
Execution Time: 51.353 ms",51.567,2449.33,19314,"Subquery Scan on y  (cost=2291.00..2449.33 rows=3333 width=8) (actual rows=19314 loops=1)
  Buffers: shared hit=541, temp read=12 written=35
  ->  HashAggregate  (cost=2291.00..2416.00 rows=3333 width=16) (actual rows=19314 loops=1)
        Group Key: t_actordirector_0.actor_id, t_actordirector_0.director_id
        Filter: (3 <= count(t_actordirector_0.""timestamp""))
        Batches: 5  Memory Usage: 4145kB  Disk Usage: 216kB
        Rows Removed by Filter: 12080
        Buffers: shared hit=541, temp read=12 written=35
        ->  Seq Scan on actordirector t_actordirector_0  (cost=0.00..1541.00 rows=100000 width=12) (actual rows=100000 loops=1)
              Buffers: shared hit=541
Planning:
  Buffers: shared hit=3
Planning Time: 0.125 ms
Execution Time: 51.567 ms",47.2398,46.88,51.46,51.6526,2449.33,2449.33,19314,19314,19314,19314,1050_154,436,1050,154,Easy,"select distinct x.actor_id, x.director_id from schema_1050.actordirector as x join (select actor_id, director_id, count(timestamp) as freq from schema_1050.actordirector group by actor_id, director_id) as y on (x.actor_id = y.actor_id and x.director_id = y.director_id and y.freq >= 3)",83.26,4590.33,19314,"HashAggregate  (cost=4573.66..4590.33 rows=1667 width=8) (actual rows=19314 loops=1)
  Group Key: x.actor_id, x.director_id
  Batches: 1  Memory Usage: 1809kB
  Buffers: shared hit=1082, temp read=12 written=35
  ->  Hash Join  (cost=2499.32..4565.32 rows=1667 width=8) (actual rows=80548 loops=1)
        Hash Cond: ((x.actor_id = y.actor_id) AND (x.director_id = y.director_id))
        Buffers: shared hit=1082, temp read=12 written=35
        ->  Seq Scan on actordirector x  (cost=0.00..1541.00 rows=100000 width=8) (actual rows=100000 loops=1)
              Buffers: shared hit=541
        ->  Hash  (cost=2449.33..2449.33 rows=3333 width=8) (actual rows=19314 loops=1)
              Buckets: 32768 (originally 4096)  Batches: 1 (originally 1)  Memory Usage: 1011kB
              Buffers: shared hit=541, temp read=12 written=35
              ->  Subquery Scan on y  (cost=2291.00..2449.33 rows=3333 width=8) (actual rows=19314 loops=1)
                    Buffers: shared hit=541, temp read=12 written=35
                    ->  HashAggregate  (cost=2291.00..2416.00 rows=3333 width=16) (actual rows=19314 loops=1)
                          Group Key: actordirector.actor_id, actordirector.director_id
                          Filter: (count(actordirector.""timestamp"") >= 3)
                          Batches: 5  Memory Usage: 4145kB  Disk Usage: 216kB
                          Rows Removed by Filter: 12080
                          Buffers: shared hit=541, temp read=12 written=35
                          ->  Seq Scan on actordirector  (cost=0.00..1541.00 rows=100000 width=12) (actual rows=100000 loops=1)
                                Buffers: shared hit=541
Planning:
  Buffers: shared hit=3
Planning Time: 0.186 ms
Execution Time: 83.260 ms",96.81,4590.33,19314,"HashAggregate  (cost=4573.66..4590.33 rows=1667 width=8) (actual rows=19314 loops=1)
  Group Key: x.actor_id, x.director_id
  Batches: 1  Memory Usage: 1809kB
  Buffers: shared hit=1082, temp read=12 written=35
  ->  Hash Join  (cost=2499.32..4565.32 rows=1667 width=8) (actual rows=80548 loops=1)
        Hash Cond: ((x.actor_id = y.actor_id) AND (x.director_id = y.director_id))
        Buffers: shared hit=1082, temp read=12 written=35
        ->  Seq Scan on actordirector x  (cost=0.00..1541.00 rows=100000 width=8) (actual rows=100000 loops=1)
              Buffers: shared hit=541
        ->  Hash  (cost=2449.33..2449.33 rows=3333 width=8) (actual rows=19314 loops=1)
              Buckets: 32768 (originally 4096)  Batches: 1 (originally 1)  Memory Usage: 1011kB
              Buffers: shared hit=541, temp read=12 written=35
              ->  Subquery Scan on y  (cost=2291.00..2449.33 rows=3333 width=8) (actual rows=19314 loops=1)
                    Buffers: shared hit=541, temp read=12 written=35
                    ->  HashAggregate  (cost=2291.00..2416.00 rows=3333 width=16) (actual rows=19314 loops=1)
                          Group Key: actordirector.actor_id, actordirector.director_id
                          Filter: (count(actordirector.""timestamp"") >= 3)
                          Batches: 5  Memory Usage: 4145kB  Disk Usage: 216kB
                          Rows Removed by Filter: 12080
                          Buffers: shared hit=541, temp read=12 written=35
                          ->  Seq Scan on actordirector  (cost=0.00..1541.00 rows=100000 width=12) (actual rows=100000 loops=1)
                                Buffers: shared hit=541
Planning:
  Buffers: shared hit=3
Planning Time: 0.199 ms
Execution Time: 96.810 ms",96.423,4590.33,19314,"HashAggregate  (cost=4573.66..4590.33 rows=1667 width=8) (actual rows=19314 loops=1)
  Group Key: x.actor_id, x.director_id
  Batches: 1  Memory Usage: 1809kB
  Buffers: shared hit=1082, temp read=12 written=35
  ->  Hash Join  (cost=2499.32..4565.32 rows=1667 width=8) (actual rows=80548 loops=1)
        Hash Cond: ((x.actor_id = y.actor_id) AND (x.director_id = y.director_id))
        Buffers: shared hit=1082, temp read=12 written=35
        ->  Seq Scan on actordirector x  (cost=0.00..1541.00 rows=100000 width=8) (actual rows=100000 loops=1)
              Buffers: shared hit=541
        ->  Hash  (cost=2449.33..2449.33 rows=3333 width=8) (actual rows=19314 loops=1)
              Buckets: 32768 (originally 4096)  Batches: 1 (originally 1)  Memory Usage: 1011kB
              Buffers: shared hit=541, temp read=12 written=35
              ->  Subquery Scan on y  (cost=2291.00..2449.33 rows=3333 width=8) (actual rows=19314 loops=1)
                    Buffers: shared hit=541, temp read=12 written=35
                    ->  HashAggregate  (cost=2291.00..2416.00 rows=3333 width=16) (actual rows=19314 loops=1)
                          Group Key: actordirector.actor_id, actordirector.director_id
                          Filter: (count(actordirector.""timestamp"") >= 3)
                          Batches: 5  Memory Usage: 4145kB  Disk Usage: 216kB
                          Rows Removed by Filter: 12080
                          Buffers: shared hit=541, temp read=12 written=35
                          ->  Seq Scan on actordirector  (cost=0.00..1541.00 rows=100000 width=12) (actual rows=100000 loops=1)
                                Buffers: shared hit=541
Planning:
  Buffers: shared hit=3
Planning Time: 0.178 ms
Execution Time: 96.423 ms",92.044,4590.33,19314,"HashAggregate  (cost=4573.66..4590.33 rows=1667 width=8) (actual rows=19314 loops=1)
  Group Key: x.actor_id, x.director_id
  Batches: 1  Memory Usage: 1809kB
  Buffers: shared hit=1082, temp read=12 written=35
  ->  Hash Join  (cost=2499.32..4565.32 rows=1667 width=8) (actual rows=80548 loops=1)
        Hash Cond: ((x.actor_id = y.actor_id) AND (x.director_id = y.director_id))
        Buffers: shared hit=1082, temp read=12 written=35
        ->  Seq Scan on actordirector x  (cost=0.00..1541.00 rows=100000 width=8) (actual rows=100000 loops=1)
              Buffers: shared hit=541
        ->  Hash  (cost=2449.33..2449.33 rows=3333 width=8) (actual rows=19314 loops=1)
              Buckets: 32768 (originally 4096)  Batches: 1 (originally 1)  Memory Usage: 1011kB
              Buffers: shared hit=541, temp read=12 written=35
              ->  Subquery Scan on y  (cost=2291.00..2449.33 rows=3333 width=8) (actual rows=19314 loops=1)
                    Buffers: shared hit=541, temp read=12 written=35
                    ->  HashAggregate  (cost=2291.00..2416.00 rows=3333 width=16) (actual rows=19314 loops=1)
                          Group Key: actordirector.actor_id, actordirector.director_id
                          Filter: (count(actordirector.""timestamp"") >= 3)
                          Batches: 5  Memory Usage: 4145kB  Disk Usage: 216kB
                          Rows Removed by Filter: 12080
                          Buffers: shared hit=541, temp read=12 written=35
                          ->  Seq Scan on actordirector  (cost=0.00..1541.00 rows=100000 width=12) (actual rows=100000 loops=1)
                                Buffers: shared hit=541
Planning:
  Buffers: shared hit=3
Planning Time: 0.182 ms
Execution Time: 92.044 ms",92.527,4590.33,19314,"HashAggregate  (cost=4573.66..4590.33 rows=1667 width=8) (actual rows=19314 loops=1)
  Group Key: x.actor_id, x.director_id
  Batches: 1  Memory Usage: 1809kB
  Buffers: shared hit=1082, temp read=12 written=35
  ->  Hash Join  (cost=2499.32..4565.32 rows=1667 width=8) (actual rows=80548 loops=1)
        Hash Cond: ((x.actor_id = y.actor_id) AND (x.director_id = y.director_id))
        Buffers: shared hit=1082, temp read=12 written=35
        ->  Seq Scan on actordirector x  (cost=0.00..1541.00 rows=100000 width=8) (actual rows=100000 loops=1)
              Buffers: shared hit=541
        ->  Hash  (cost=2449.33..2449.33 rows=3333 width=8) (actual rows=19314 loops=1)
              Buckets: 32768 (originally 4096)  Batches: 1 (originally 1)  Memory Usage: 1011kB
              Buffers: shared hit=541, temp read=12 written=35
              ->  Subquery Scan on y  (cost=2291.00..2449.33 rows=3333 width=8) (actual rows=19314 loops=1)
                    Buffers: shared hit=541, temp read=12 written=35
                    ->  HashAggregate  (cost=2291.00..2416.00 rows=3333 width=16) (actual rows=19314 loops=1)
                          Group Key: actordirector.actor_id, actordirector.director_id
                          Filter: (count(actordirector.""timestamp"") >= 3)
                          Batches: 5  Memory Usage: 4145kB  Disk Usage: 216kB
                          Rows Removed by Filter: 12080
                          Buffers: shared hit=541, temp read=12 written=35
                          ->  Seq Scan on actordirector  (cost=0.00..1541.00 rows=100000 width=12) (actual rows=100000 loops=1)
                                Buffers: shared hit=541
Planning:
  Buffers: shared hit=3
Planning Time: 0.147 ms
Execution Time: 92.527 ms",92.2128,92.527,96.6165,96.9648,4590.33,4590.33,19314,19314,19314,19314,normal,normal,29.784968699999986,18.167297700000013,equal variances,significant,0.003968253968253968,-44.973,-45.647,-2141.0,0,True
509,1069,5,Easy,"select t_sales_0.product_id as product_id, sum(t_sales_0.quantity) as total_quantity from schema_1069.sales as t_sales_0 group by t_sales_0.product_id",21.921,2147.0,1000,"HashAggregate  (cost=2137.00..2147.00 rows=1000 width=12) (actual rows=1000 loops=1)
  Group Key: product_id
  Batches: 1  Memory Usage: 193kB
  Buffers: shared hit=637
  ->  Seq Scan on sales t_sales_0  (cost=0.00..1637.00 rows=100000 width=8) (actual rows=100000 loops=1)
        Buffers: shared hit=637
Planning Time: 0.041 ms
Execution Time: 21.921 ms",26.611,2147.0,1000,"HashAggregate  (cost=2137.00..2147.00 rows=1000 width=12) (actual rows=1000 loops=1)
  Group Key: product_id
  Batches: 1  Memory Usage: 193kB
  Buffers: shared hit=637
  ->  Seq Scan on sales t_sales_0  (cost=0.00..1637.00 rows=100000 width=8) (actual rows=100000 loops=1)
        Buffers: shared hit=637
Planning Time: 0.081 ms
Execution Time: 26.611 ms",27.107,2147.0,1000,"HashAggregate  (cost=2137.00..2147.00 rows=1000 width=12) (actual rows=1000 loops=1)
  Group Key: product_id
  Batches: 1  Memory Usage: 193kB
  Buffers: shared hit=637
  ->  Seq Scan on sales t_sales_0  (cost=0.00..1637.00 rows=100000 width=8) (actual rows=100000 loops=1)
        Buffers: shared hit=637
Planning Time: 0.064 ms
Execution Time: 27.107 ms",29.68,2147.0,1000,"HashAggregate  (cost=2137.00..2147.00 rows=1000 width=12) (actual rows=1000 loops=1)
  Group Key: product_id
  Batches: 1  Memory Usage: 193kB
  Buffers: shared hit=637
  ->  Seq Scan on sales t_sales_0  (cost=0.00..1637.00 rows=100000 width=8) (actual rows=100000 loops=1)
        Buffers: shared hit=637
Planning Time: 0.062 ms
Execution Time: 29.680 ms",33.308,2147.0,1000,"HashAggregate  (cost=2137.00..2147.00 rows=1000 width=12) (actual rows=1000 loops=1)
  Group Key: product_id
  Batches: 1  Memory Usage: 193kB
  Buffers: shared hit=637
  ->  Seq Scan on sales t_sales_0  (cost=0.00..1637.00 rows=100000 width=8) (actual rows=100000 loops=1)
        Buffers: shared hit=637
Planning Time: 0.055 ms
Execution Time: 33.308 ms",27.7254,27.107,31.494,34.7592,2147.0,2147.0,1000,1000,1000,1000,1069_5,509,1069,5,Easy,"select distinct product_id, sum(quantity) over (partition by product_id) as total_quantity from schema_1069.sales",83.709,12291.82,1000,"HashAggregate  (cost=12191.82..12291.82 rows=10000 width=12) (actual rows=1000 loops=1)
  Group Key: product_id, sum(quantity) OVER (?)
  Batches: 1  Memory Usage: 465kB
  Buffers: shared hit=637, temp read=221 written=222
  ->  WindowAgg  (cost=9941.82..11691.82 rows=100000 width=12) (actual rows=100000 loops=1)
        Buffers: shared hit=637, temp read=221 written=222
        ->  Sort  (cost=9941.82..10191.82 rows=100000 width=8) (actual rows=100000 loops=1)
              Sort Key: product_id
              Sort Method: external merge  Disk: 1768kB
              Buffers: shared hit=637, temp read=221 written=222
              ->  Seq Scan on sales  (cost=0.00..1637.00 rows=100000 width=8) (actual rows=100000 loops=1)
                    Buffers: shared hit=637
Planning Time: 0.046 ms
Execution Time: 83.709 ms",96.304,12291.82,1000,"HashAggregate  (cost=12191.82..12291.82 rows=10000 width=12) (actual rows=1000 loops=1)
  Group Key: product_id, sum(quantity) OVER (?)
  Batches: 1  Memory Usage: 465kB
  Buffers: shared hit=637, temp read=221 written=222
  ->  WindowAgg  (cost=9941.82..11691.82 rows=100000 width=12) (actual rows=100000 loops=1)
        Buffers: shared hit=637, temp read=221 written=222
        ->  Sort  (cost=9941.82..10191.82 rows=100000 width=8) (actual rows=100000 loops=1)
              Sort Key: product_id
              Sort Method: external merge  Disk: 1768kB
              Buffers: shared hit=637, temp read=221 written=222
              ->  Seq Scan on sales  (cost=0.00..1637.00 rows=100000 width=8) (actual rows=100000 loops=1)
                    Buffers: shared hit=637
Planning Time: 0.078 ms
Execution Time: 96.304 ms",91.36,12291.82,1000,"HashAggregate  (cost=12191.82..12291.82 rows=10000 width=12) (actual rows=1000 loops=1)
  Group Key: product_id, sum(quantity) OVER (?)
  Batches: 1  Memory Usage: 465kB
  Buffers: shared hit=637, temp read=221 written=222
  ->  WindowAgg  (cost=9941.82..11691.82 rows=100000 width=12) (actual rows=100000 loops=1)
        Buffers: shared hit=637, temp read=221 written=222
        ->  Sort  (cost=9941.82..10191.82 rows=100000 width=8) (actual rows=100000 loops=1)
              Sort Key: product_id
              Sort Method: external merge  Disk: 1768kB
              Buffers: shared hit=637, temp read=221 written=222
              ->  Seq Scan on sales  (cost=0.00..1637.00 rows=100000 width=8) (actual rows=100000 loops=1)
                    Buffers: shared hit=637
Planning Time: 0.077 ms
Execution Time: 91.360 ms",97.329,12291.82,1000,"HashAggregate  (cost=12191.82..12291.82 rows=10000 width=12) (actual rows=1000 loops=1)
  Group Key: product_id, sum(quantity) OVER (?)
  Batches: 1  Memory Usage: 465kB
  Buffers: shared hit=637, temp read=221 written=222
  ->  WindowAgg  (cost=9941.82..11691.82 rows=100000 width=12) (actual rows=100000 loops=1)
        Buffers: shared hit=637, temp read=221 written=222
        ->  Sort  (cost=9941.82..10191.82 rows=100000 width=8) (actual rows=100000 loops=1)
              Sort Key: product_id
              Sort Method: external merge  Disk: 1768kB
              Buffers: shared hit=637, temp read=221 written=222
              ->  Seq Scan on sales  (cost=0.00..1637.00 rows=100000 width=8) (actual rows=100000 loops=1)
                    Buffers: shared hit=637
Planning Time: 0.066 ms
Execution Time: 97.329 ms",91.976,12291.82,1000,"HashAggregate  (cost=12191.82..12291.82 rows=10000 width=12) (actual rows=1000 loops=1)
  Group Key: product_id, sum(quantity) OVER (?)
  Batches: 1  Memory Usage: 465kB
  Buffers: shared hit=637, temp read=221 written=222
  ->  WindowAgg  (cost=9941.82..11691.82 rows=100000 width=12) (actual rows=100000 loops=1)
        Buffers: shared hit=637, temp read=221 written=222
        ->  Sort  (cost=9941.82..10191.82 rows=100000 width=8) (actual rows=100000 loops=1)
              Sort Key: product_id
              Sort Method: external merge  Disk: 1768kB
              Buffers: shared hit=637, temp read=221 written=222
              ->  Seq Scan on sales  (cost=0.00..1637.00 rows=100000 width=8) (actual rows=100000 loops=1)
                    Buffers: shared hit=637
Planning Time: 0.067 ms
Execution Time: 91.976 ms",92.1356,91.976,96.8165,97.739,12291.82,12291.82,1000,1000,1000,1000,normal,normal,28.995394299999973,17.5753123,equal variances,significant,0.003968253968253968,-64.4102,-64.869,-10144.82,0,True
510,1069,8,Easy,"select s.product_id as product_id, sum(s.quantity) as total_quantity from schema_1069.sales as s group by s.product_id",22.361,2147.0,1000,"HashAggregate  (cost=2137.00..2147.00 rows=1000 width=12) (actual rows=1000 loops=1)
  Group Key: product_id
  Batches: 1  Memory Usage: 193kB
  Buffers: shared hit=637
  ->  Seq Scan on sales s  (cost=0.00..1637.00 rows=100000 width=8) (actual rows=100000 loops=1)
        Buffers: shared hit=637
Planning Time: 0.044 ms
Execution Time: 22.361 ms",51.595,2147.0,1000,"HashAggregate  (cost=2137.00..2147.00 rows=1000 width=12) (actual rows=1000 loops=1)
  Group Key: product_id
  Batches: 1  Memory Usage: 193kB
  Buffers: shared hit=637
  ->  Seq Scan on sales s  (cost=0.00..1637.00 rows=100000 width=8) (actual rows=100000 loops=1)
        Buffers: shared hit=637
Planning Time: 0.057 ms
Execution Time: 51.595 ms",44.01,2147.0,1000,"HashAggregate  (cost=2137.00..2147.00 rows=1000 width=12) (actual rows=1000 loops=1)
  Group Key: product_id
  Batches: 1  Memory Usage: 193kB
  Buffers: shared hit=637
  ->  Seq Scan on sales s  (cost=0.00..1637.00 rows=100000 width=8) (actual rows=100000 loops=1)
        Buffers: shared hit=637
Planning Time: 0.060 ms
Execution Time: 44.010 ms",38.621,2147.0,1000,"HashAggregate  (cost=2137.00..2147.00 rows=1000 width=12) (actual rows=1000 loops=1)
  Group Key: product_id
  Batches: 1  Memory Usage: 193kB
  Buffers: shared hit=637
  ->  Seq Scan on sales s  (cost=0.00..1637.00 rows=100000 width=8) (actual rows=100000 loops=1)
        Buffers: shared hit=637
Planning Time: 0.065 ms
Execution Time: 38.621 ms",35.536,2147.0,1000,"HashAggregate  (cost=2137.00..2147.00 rows=1000 width=12) (actual rows=1000 loops=1)
  Group Key: product_id
  Batches: 1  Memory Usage: 193kB
  Buffers: shared hit=637
  ->  Seq Scan on sales s  (cost=0.00..1637.00 rows=100000 width=8) (actual rows=100000 loops=1)
        Buffers: shared hit=637
Planning Time: 0.067 ms
Execution Time: 35.536 ms",38.4246,38.621,47.8025,54.629,2147.0,2147.0,1000,1000,1000,1000,1069_8,510,1069,8,Easy,"select p.product_id, sum(s.quantity) as total_quantity from schema_1069.product as p join schema_1069.sales as s on p.product_id = s.product_id group by p.product_id",44.047,2439.11,1000,"HashAggregate  (cost=2429.11..2439.11 rows=1000 width=12) (actual rows=1000 loops=1)
  Group Key: p.product_id
  Batches: 1  Memory Usage: 193kB
  Buffers: shared hit=643
  ->  Hash Join  (cost=28.50..1929.11 rows=100000 width=8) (actual rows=100000 loops=1)
        Hash Cond: (s.product_id = p.product_id)
        Buffers: shared hit=643
        ->  Seq Scan on sales s  (cost=0.00..1637.00 rows=100000 width=8) (actual rows=100000 loops=1)
              Buffers: shared hit=637
        ->  Hash  (cost=16.00..16.00 rows=1000 width=4) (actual rows=1000 loops=1)
              Buckets: 1024  Batches: 1  Memory Usage: 44kB
              Buffers: shared hit=6
              ->  Seq Scan on product p  (cost=0.00..16.00 rows=1000 width=4) (actual rows=1000 loops=1)
                    Buffers: shared hit=6
Planning:
  Buffers: shared hit=6
Planning Time: 0.208 ms
Execution Time: 44.047 ms",43.935,2439.11,1000,"HashAggregate  (cost=2429.11..2439.11 rows=1000 width=12) (actual rows=1000 loops=1)
  Group Key: p.product_id
  Batches: 1  Memory Usage: 193kB
  Buffers: shared hit=643
  ->  Hash Join  (cost=28.50..1929.11 rows=100000 width=8) (actual rows=100000 loops=1)
        Hash Cond: (s.product_id = p.product_id)
        Buffers: shared hit=643
        ->  Seq Scan on sales s  (cost=0.00..1637.00 rows=100000 width=8) (actual rows=100000 loops=1)
              Buffers: shared hit=637
        ->  Hash  (cost=16.00..16.00 rows=1000 width=4) (actual rows=1000 loops=1)
              Buckets: 1024  Batches: 1  Memory Usage: 44kB
              Buffers: shared hit=6
              ->  Seq Scan on product p  (cost=0.00..16.00 rows=1000 width=4) (actual rows=1000 loops=1)
                    Buffers: shared hit=6
Planning:
  Buffers: shared hit=6
Planning Time: 0.226 ms
Execution Time: 43.935 ms",42.053,2439.11,1000,"HashAggregate  (cost=2429.11..2439.11 rows=1000 width=12) (actual rows=1000 loops=1)
  Group Key: p.product_id
  Batches: 1  Memory Usage: 193kB
  Buffers: shared hit=643
  ->  Hash Join  (cost=28.50..1929.11 rows=100000 width=8) (actual rows=100000 loops=1)
        Hash Cond: (s.product_id = p.product_id)
        Buffers: shared hit=643
        ->  Seq Scan on sales s  (cost=0.00..1637.00 rows=100000 width=8) (actual rows=100000 loops=1)
              Buffers: shared hit=637
        ->  Hash  (cost=16.00..16.00 rows=1000 width=4) (actual rows=1000 loops=1)
              Buckets: 1024  Batches: 1  Memory Usage: 44kB
              Buffers: shared hit=6
              ->  Seq Scan on product p  (cost=0.00..16.00 rows=1000 width=4) (actual rows=1000 loops=1)
                    Buffers: shared hit=6
Planning:
  Buffers: shared hit=6
Planning Time: 0.203 ms
Execution Time: 42.053 ms",44.978,2439.11,1000,"HashAggregate  (cost=2429.11..2439.11 rows=1000 width=12) (actual rows=1000 loops=1)
  Group Key: p.product_id
  Batches: 1  Memory Usage: 193kB
  Buffers: shared hit=643
  ->  Hash Join  (cost=28.50..1929.11 rows=100000 width=8) (actual rows=100000 loops=1)
        Hash Cond: (s.product_id = p.product_id)
        Buffers: shared hit=643
        ->  Seq Scan on sales s  (cost=0.00..1637.00 rows=100000 width=8) (actual rows=100000 loops=1)
              Buffers: shared hit=637
        ->  Hash  (cost=16.00..16.00 rows=1000 width=4) (actual rows=1000 loops=1)
              Buckets: 1024  Batches: 1  Memory Usage: 44kB
              Buffers: shared hit=6
              ->  Seq Scan on product p  (cost=0.00..16.00 rows=1000 width=4) (actual rows=1000 loops=1)
                    Buffers: shared hit=6
Planning:
  Buffers: shared hit=6
Planning Time: 0.227 ms
Execution Time: 44.978 ms",43.499,2439.11,1000,"HashAggregate  (cost=2429.11..2439.11 rows=1000 width=12) (actual rows=1000 loops=1)
  Group Key: p.product_id
  Batches: 1  Memory Usage: 193kB
  Buffers: shared hit=643
  ->  Hash Join  (cost=28.50..1929.11 rows=100000 width=8) (actual rows=100000 loops=1)
        Hash Cond: (s.product_id = p.product_id)
        Buffers: shared hit=643
        ->  Seq Scan on sales s  (cost=0.00..1637.00 rows=100000 width=8) (actual rows=100000 loops=1)
              Buffers: shared hit=637
        ->  Hash  (cost=16.00..16.00 rows=1000 width=4) (actual rows=1000 loops=1)
              Buckets: 1024  Batches: 1  Memory Usage: 44kB
              Buffers: shared hit=6
              ->  Seq Scan on product p  (cost=0.00..16.00 rows=1000 width=4) (actual rows=1000 loops=1)
                    Buffers: shared hit=6
Planning:
  Buffers: shared hit=6
Planning Time: 0.233 ms
Execution Time: 43.499 ms",43.7024,43.935,44.5125,45.3504,2439.11,2439.11,1000,1000,1000,1000,normal,normal,1.140474800000003,117.76948929999998,equal variances,not significant,0.21031746031746032,-5.277799999999999,-5.314,-292.1100000000001,0,True
515,1069,18,Easy,"select t_sales_0.product_id as product_id, sum(t_sales_0.quantity) as total_quantity from schema_1069.sales as t_sales_0 group by t_sales_0.product_id",22.971,2147.0,1000,"HashAggregate  (cost=2137.00..2147.00 rows=1000 width=12) (actual rows=1000 loops=1)
  Group Key: product_id
  Batches: 1  Memory Usage: 193kB
  Buffers: shared hit=637
  ->  Seq Scan on sales t_sales_0  (cost=0.00..1637.00 rows=100000 width=8) (actual rows=100000 loops=1)
        Buffers: shared hit=637
Planning Time: 0.042 ms
Execution Time: 22.971 ms",26.926,2147.0,1000,"HashAggregate  (cost=2137.00..2147.00 rows=1000 width=12) (actual rows=1000 loops=1)
  Group Key: product_id
  Batches: 1  Memory Usage: 193kB
  Buffers: shared hit=637
  ->  Seq Scan on sales t_sales_0  (cost=0.00..1637.00 rows=100000 width=8) (actual rows=100000 loops=1)
        Buffers: shared hit=637
Planning Time: 0.063 ms
Execution Time: 26.926 ms",31.681,2147.0,1000,"HashAggregate  (cost=2137.00..2147.00 rows=1000 width=12) (actual rows=1000 loops=1)
  Group Key: product_id
  Batches: 1  Memory Usage: 193kB
  Buffers: shared hit=637
  ->  Seq Scan on sales t_sales_0  (cost=0.00..1637.00 rows=100000 width=8) (actual rows=100000 loops=1)
        Buffers: shared hit=637
Planning Time: 0.056 ms
Execution Time: 31.681 ms",29.958,2147.0,1000,"HashAggregate  (cost=2137.00..2147.00 rows=1000 width=12) (actual rows=1000 loops=1)
  Group Key: product_id
  Batches: 1  Memory Usage: 193kB
  Buffers: shared hit=637
  ->  Seq Scan on sales t_sales_0  (cost=0.00..1637.00 rows=100000 width=8) (actual rows=100000 loops=1)
        Buffers: shared hit=637
Planning Time: 0.055 ms
Execution Time: 29.958 ms",24.712,2147.0,1000,"HashAggregate  (cost=2137.00..2147.00 rows=1000 width=12) (actual rows=1000 loops=1)
  Group Key: product_id
  Batches: 1  Memory Usage: 193kB
  Buffers: shared hit=637
  ->  Seq Scan on sales t_sales_0  (cost=0.00..1637.00 rows=100000 width=8) (actual rows=100000 loops=1)
        Buffers: shared hit=637
Planning Time: 0.081 ms
Execution Time: 24.712 ms",27.2496,26.926,30.8195,32.3702,2147.0,2147.0,1000,1000,1000,1000,1069_18,515,1069,18,Easy,"select sales.product_id, sum(sales.quantity) as total_quantity from schema_1069.sales join schema_1069.product on sales.product_id = product.product_id group by sales.product_id",36.058,2439.11,1000,"HashAggregate  (cost=2429.11..2439.11 rows=1000 width=12) (actual rows=1000 loops=1)
  Group Key: sales.product_id
  Batches: 1  Memory Usage: 193kB
  Buffers: shared hit=643
  ->  Hash Join  (cost=28.50..1929.11 rows=100000 width=8) (actual rows=100000 loops=1)
        Hash Cond: (sales.product_id = product.product_id)
        Buffers: shared hit=643
        ->  Seq Scan on sales  (cost=0.00..1637.00 rows=100000 width=8) (actual rows=100000 loops=1)
              Buffers: shared hit=637
        ->  Hash  (cost=16.00..16.00 rows=1000 width=4) (actual rows=1000 loops=1)
              Buckets: 1024  Batches: 1  Memory Usage: 44kB
              Buffers: shared hit=6
              ->  Seq Scan on product  (cost=0.00..16.00 rows=1000 width=4) (actual rows=1000 loops=1)
                    Buffers: shared hit=6
Planning:
  Buffers: shared hit=6
Planning Time: 0.136 ms
Execution Time: 36.058 ms",45.251,2439.11,1000,"HashAggregate  (cost=2429.11..2439.11 rows=1000 width=12) (actual rows=1000 loops=1)
  Group Key: sales.product_id
  Batches: 1  Memory Usage: 193kB
  Buffers: shared hit=643
  ->  Hash Join  (cost=28.50..1929.11 rows=100000 width=8) (actual rows=100000 loops=1)
        Hash Cond: (sales.product_id = product.product_id)
        Buffers: shared hit=643
        ->  Seq Scan on sales  (cost=0.00..1637.00 rows=100000 width=8) (actual rows=100000 loops=1)
              Buffers: shared hit=637
        ->  Hash  (cost=16.00..16.00 rows=1000 width=4) (actual rows=1000 loops=1)
              Buckets: 1024  Batches: 1  Memory Usage: 44kB
              Buffers: shared hit=6
              ->  Seq Scan on product  (cost=0.00..16.00 rows=1000 width=4) (actual rows=1000 loops=1)
                    Buffers: shared hit=6
Planning:
  Buffers: shared hit=6
Planning Time: 0.242 ms
Execution Time: 45.251 ms",43.412,2439.11,1000,"HashAggregate  (cost=2429.11..2439.11 rows=1000 width=12) (actual rows=1000 loops=1)
  Group Key: sales.product_id
  Batches: 1  Memory Usage: 193kB
  Buffers: shared hit=643
  ->  Hash Join  (cost=28.50..1929.11 rows=100000 width=8) (actual rows=100000 loops=1)
        Hash Cond: (sales.product_id = product.product_id)
        Buffers: shared hit=643
        ->  Seq Scan on sales  (cost=0.00..1637.00 rows=100000 width=8) (actual rows=100000 loops=1)
              Buffers: shared hit=637
        ->  Hash  (cost=16.00..16.00 rows=1000 width=4) (actual rows=1000 loops=1)
              Buckets: 1024  Batches: 1  Memory Usage: 44kB
              Buffers: shared hit=6
              ->  Seq Scan on product  (cost=0.00..16.00 rows=1000 width=4) (actual rows=1000 loops=1)
                    Buffers: shared hit=6
Planning:
  Buffers: shared hit=6
Planning Time: 0.285 ms
Execution Time: 43.412 ms",39.855,2439.11,1000,"HashAggregate  (cost=2429.11..2439.11 rows=1000 width=12) (actual rows=1000 loops=1)
  Group Key: sales.product_id
  Batches: 1  Memory Usage: 193kB
  Buffers: shared hit=643
  ->  Hash Join  (cost=28.50..1929.11 rows=100000 width=8) (actual rows=100000 loops=1)
        Hash Cond: (sales.product_id = product.product_id)
        Buffers: shared hit=643
        ->  Seq Scan on sales  (cost=0.00..1637.00 rows=100000 width=8) (actual rows=100000 loops=1)
              Buffers: shared hit=637
        ->  Hash  (cost=16.00..16.00 rows=1000 width=4) (actual rows=1000 loops=1)
              Buckets: 1024  Batches: 1  Memory Usage: 44kB
              Buffers: shared hit=6
              ->  Seq Scan on product  (cost=0.00..16.00 rows=1000 width=4) (actual rows=1000 loops=1)
                    Buffers: shared hit=6
Planning:
  Buffers: shared hit=6
Planning Time: 0.228 ms
Execution Time: 39.855 ms",42.679,2439.11,1000,"HashAggregate  (cost=2429.11..2439.11 rows=1000 width=12) (actual rows=1000 loops=1)
  Group Key: sales.product_id
  Batches: 1  Memory Usage: 193kB
  Buffers: shared hit=643
  ->  Hash Join  (cost=28.50..1929.11 rows=100000 width=8) (actual rows=100000 loops=1)
        Hash Cond: (sales.product_id = product.product_id)
        Buffers: shared hit=643
        ->  Seq Scan on sales  (cost=0.00..1637.00 rows=100000 width=8) (actual rows=100000 loops=1)
              Buffers: shared hit=637
        ->  Hash  (cost=16.00..16.00 rows=1000 width=4) (actual rows=1000 loops=1)
              Buckets: 1024  Batches: 1  Memory Usage: 44kB
              Buffers: shared hit=6
              ->  Seq Scan on product  (cost=0.00..16.00 rows=1000 width=4) (actual rows=1000 loops=1)
                    Buffers: shared hit=6
Planning:
  Buffers: shared hit=6
Planning Time: 0.259 ms
Execution Time: 42.679 ms",41.451,42.679,44.3315,45.9866,2439.11,2439.11,1000,1000,1000,1000,normal,normal,12.856292499999999,12.9558213,equal variances,significant,0.003968253968253968,-14.2014,-15.753000000000004,-292.1100000000001,0,True
517,1069,23,Easy,"select s.product_id as product_id, sum(s.quantity) as total_quantity from schema_1069.sales as s group by s.product_id",22.498,2147.0,1000,"HashAggregate  (cost=2137.00..2147.00 rows=1000 width=12) (actual rows=1000 loops=1)
  Group Key: product_id
  Batches: 1  Memory Usage: 193kB
  Buffers: shared hit=637
  ->  Seq Scan on sales s  (cost=0.00..1637.00 rows=100000 width=8) (actual rows=100000 loops=1)
        Buffers: shared hit=637
Planning Time: 0.042 ms
Execution Time: 22.498 ms",27.57,2147.0,1000,"HashAggregate  (cost=2137.00..2147.00 rows=1000 width=12) (actual rows=1000 loops=1)
  Group Key: product_id
  Batches: 1  Memory Usage: 193kB
  Buffers: shared hit=637
  ->  Seq Scan on sales s  (cost=0.00..1637.00 rows=100000 width=8) (actual rows=100000 loops=1)
        Buffers: shared hit=637
Planning Time: 0.064 ms
Execution Time: 27.570 ms",27.347,2147.0,1000,"HashAggregate  (cost=2137.00..2147.00 rows=1000 width=12) (actual rows=1000 loops=1)
  Group Key: product_id
  Batches: 1  Memory Usage: 193kB
  Buffers: shared hit=637
  ->  Seq Scan on sales s  (cost=0.00..1637.00 rows=100000 width=8) (actual rows=100000 loops=1)
        Buffers: shared hit=637
Planning Time: 0.059 ms
Execution Time: 27.347 ms",30.187,2147.0,1000,"HashAggregate  (cost=2137.00..2147.00 rows=1000 width=12) (actual rows=1000 loops=1)
  Group Key: product_id
  Batches: 1  Memory Usage: 193kB
  Buffers: shared hit=637
  ->  Seq Scan on sales s  (cost=0.00..1637.00 rows=100000 width=8) (actual rows=100000 loops=1)
        Buffers: shared hit=637
Planning Time: 0.061 ms
Execution Time: 30.187 ms",26.389,2147.0,1000,"HashAggregate  (cost=2137.00..2147.00 rows=1000 width=12) (actual rows=1000 loops=1)
  Group Key: product_id
  Batches: 1  Memory Usage: 193kB
  Buffers: shared hit=637
  ->  Seq Scan on sales s  (cost=0.00..1637.00 rows=100000 width=8) (actual rows=100000 loops=1)
        Buffers: shared hit=637
Planning Time: 0.058 ms
Execution Time: 26.389 ms",26.7982,27.347,28.8785,31.2338,2147.0,2147.0,1000,1000,1000,1000,1069_23,517,1069,23,Easy,"select p.product_id, sum(quantity) as total_quantity from schema_1069.sales as s join schema_1069.product as p on p.product_id = s.product_id group by p.product_id",36.01,2439.11,1000,"HashAggregate  (cost=2429.11..2439.11 rows=1000 width=12) (actual rows=1000 loops=1)
  Group Key: p.product_id
  Batches: 1  Memory Usage: 193kB
  Buffers: shared hit=643
  ->  Hash Join  (cost=28.50..1929.11 rows=100000 width=8) (actual rows=100000 loops=1)
        Hash Cond: (s.product_id = p.product_id)
        Buffers: shared hit=643
        ->  Seq Scan on sales s  (cost=0.00..1637.00 rows=100000 width=8) (actual rows=100000 loops=1)
              Buffers: shared hit=637
        ->  Hash  (cost=16.00..16.00 rows=1000 width=4) (actual rows=1000 loops=1)
              Buckets: 1024  Batches: 1  Memory Usage: 44kB
              Buffers: shared hit=6
              ->  Seq Scan on product p  (cost=0.00..16.00 rows=1000 width=4) (actual rows=1000 loops=1)
                    Buffers: shared hit=6
Planning:
  Buffers: shared hit=6
Planning Time: 0.137 ms
Execution Time: 36.010 ms",43.103,2439.11,1000,"HashAggregate  (cost=2429.11..2439.11 rows=1000 width=12) (actual rows=1000 loops=1)
  Group Key: p.product_id
  Batches: 1  Memory Usage: 193kB
  Buffers: shared hit=643
  ->  Hash Join  (cost=28.50..1929.11 rows=100000 width=8) (actual rows=100000 loops=1)
        Hash Cond: (s.product_id = p.product_id)
        Buffers: shared hit=643
        ->  Seq Scan on sales s  (cost=0.00..1637.00 rows=100000 width=8) (actual rows=100000 loops=1)
              Buffers: shared hit=637
        ->  Hash  (cost=16.00..16.00 rows=1000 width=4) (actual rows=1000 loops=1)
              Buckets: 1024  Batches: 1  Memory Usage: 44kB
              Buffers: shared hit=6
              ->  Seq Scan on product p  (cost=0.00..16.00 rows=1000 width=4) (actual rows=1000 loops=1)
                    Buffers: shared hit=6
Planning:
  Buffers: shared hit=6
Planning Time: 0.203 ms
Execution Time: 43.103 ms",73.348,2439.11,1000,"HashAggregate  (cost=2429.11..2439.11 rows=1000 width=12) (actual rows=1000 loops=1)
  Group Key: p.product_id
  Batches: 1  Memory Usage: 193kB
  Buffers: shared hit=643
  ->  Hash Join  (cost=28.50..1929.11 rows=100000 width=8) (actual rows=100000 loops=1)
        Hash Cond: (s.product_id = p.product_id)
        Buffers: shared hit=643
        ->  Seq Scan on sales s  (cost=0.00..1637.00 rows=100000 width=8) (actual rows=100000 loops=1)
              Buffers: shared hit=637
        ->  Hash  (cost=16.00..16.00 rows=1000 width=4) (actual rows=1000 loops=1)
              Buckets: 1024  Batches: 1  Memory Usage: 44kB
              Buffers: shared hit=6
              ->  Seq Scan on product p  (cost=0.00..16.00 rows=1000 width=4) (actual rows=1000 loops=1)
                    Buffers: shared hit=6
Planning:
  Buffers: shared hit=6
Planning Time: 0.199 ms
Execution Time: 73.348 ms",51.082,2439.11,1000,"HashAggregate  (cost=2429.11..2439.11 rows=1000 width=12) (actual rows=1000 loops=1)
  Group Key: p.product_id
  Batches: 1  Memory Usage: 193kB
  Buffers: shared hit=643
  ->  Hash Join  (cost=28.50..1929.11 rows=100000 width=8) (actual rows=100000 loops=1)
        Hash Cond: (s.product_id = p.product_id)
        Buffers: shared hit=643
        ->  Seq Scan on sales s  (cost=0.00..1637.00 rows=100000 width=8) (actual rows=100000 loops=1)
              Buffers: shared hit=637
        ->  Hash  (cost=16.00..16.00 rows=1000 width=4) (actual rows=1000 loops=1)
              Buckets: 1024  Batches: 1  Memory Usage: 44kB
              Buffers: shared hit=6
              ->  Seq Scan on product p  (cost=0.00..16.00 rows=1000 width=4) (actual rows=1000 loops=1)
                    Buffers: shared hit=6
Planning:
  Buffers: shared hit=6
Planning Time: 0.213 ms
Execution Time: 51.082 ms",42.628,2439.11,1000,"HashAggregate  (cost=2429.11..2439.11 rows=1000 width=12) (actual rows=1000 loops=1)
  Group Key: p.product_id
  Batches: 1  Memory Usage: 193kB
  Buffers: shared hit=643
  ->  Hash Join  (cost=28.50..1929.11 rows=100000 width=8) (actual rows=100000 loops=1)
        Hash Cond: (s.product_id = p.product_id)
        Buffers: shared hit=643
        ->  Seq Scan on sales s  (cost=0.00..1637.00 rows=100000 width=8) (actual rows=100000 loops=1)
              Buffers: shared hit=637
        ->  Hash  (cost=16.00..16.00 rows=1000 width=4) (actual rows=1000 loops=1)
              Buckets: 1024  Batches: 1  Memory Usage: 44kB
              Buffers: shared hit=6
              ->  Seq Scan on product p  (cost=0.00..16.00 rows=1000 width=4) (actual rows=1000 loops=1)
                    Buffers: shared hit=6
Planning:
  Buffers: shared hit=6
Planning Time: 0.341 ms
Execution Time: 42.628 ms",49.2342,43.103,62.215,82.2544,2439.11,2439.11,1000,1000,1000,1000,normal,normal,210.2506682,7.7599967,equal variances,significant,0.003968253968253968,-22.436,-15.756,-292.1100000000001,0,True
518,1069,24,Easy,"select s.product_id as product_id, sum(s.quantity) as total_quantity from schema_1069.sales as s group by s.product_id",21.94,2147.0,1000,"HashAggregate  (cost=2137.00..2147.00 rows=1000 width=12) (actual rows=1000 loops=1)
  Group Key: product_id
  Batches: 1  Memory Usage: 193kB
  Buffers: shared hit=637
  ->  Seq Scan on sales s  (cost=0.00..1637.00 rows=100000 width=8) (actual rows=100000 loops=1)
        Buffers: shared hit=637
Planning Time: 0.059 ms
Execution Time: 21.940 ms",31.602,2147.0,1000,"HashAggregate  (cost=2137.00..2147.00 rows=1000 width=12) (actual rows=1000 loops=1)
  Group Key: product_id
  Batches: 1  Memory Usage: 193kB
  Buffers: shared hit=637
  ->  Seq Scan on sales s  (cost=0.00..1637.00 rows=100000 width=8) (actual rows=100000 loops=1)
        Buffers: shared hit=637
Planning Time: 0.056 ms
Execution Time: 31.602 ms",28.41,2147.0,1000,"HashAggregate  (cost=2137.00..2147.00 rows=1000 width=12) (actual rows=1000 loops=1)
  Group Key: product_id
  Batches: 1  Memory Usage: 193kB
  Buffers: shared hit=637
  ->  Seq Scan on sales s  (cost=0.00..1637.00 rows=100000 width=8) (actual rows=100000 loops=1)
        Buffers: shared hit=637
Planning Time: 0.062 ms
Execution Time: 28.410 ms",29.375,2147.0,1000,"HashAggregate  (cost=2137.00..2147.00 rows=1000 width=12) (actual rows=1000 loops=1)
  Group Key: product_id
  Batches: 1  Memory Usage: 193kB
  Buffers: shared hit=637
  ->  Seq Scan on sales s  (cost=0.00..1637.00 rows=100000 width=8) (actual rows=100000 loops=1)
        Buffers: shared hit=637
Planning Time: 0.086 ms
Execution Time: 29.375 ms",26.861,2147.0,1000,"HashAggregate  (cost=2137.00..2147.00 rows=1000 width=12) (actual rows=1000 loops=1)
  Group Key: product_id
  Batches: 1  Memory Usage: 193kB
  Buffers: shared hit=637
  ->  Seq Scan on sales s  (cost=0.00..1637.00 rows=100000 width=8) (actual rows=100000 loops=1)
        Buffers: shared hit=637
Planning Time: 0.064 ms
Execution Time: 26.861 ms",27.6376,28.41,30.4885,32.4928,2147.0,2147.0,1000,1000,1000,1000,1069_24,518,1069,24,Easy,"select p.product_id, sum(quantity) as total_quantity from schema_1069.sales as s left outer join schema_1069.product as p on s.product_id = p.product_id group by p.product_id",49.877,2439.11,1000,"HashAggregate  (cost=2429.11..2439.11 rows=1000 width=12) (actual rows=1000 loops=1)
  Group Key: p.product_id
  Batches: 1  Memory Usage: 193kB
  Buffers: shared hit=643
  ->  Hash Left Join  (cost=28.50..1929.11 rows=100000 width=8) (actual rows=100000 loops=1)
        Hash Cond: (s.product_id = p.product_id)
        Buffers: shared hit=643
        ->  Seq Scan on sales s  (cost=0.00..1637.00 rows=100000 width=8) (actual rows=100000 loops=1)
              Buffers: shared hit=637
        ->  Hash  (cost=16.00..16.00 rows=1000 width=4) (actual rows=1000 loops=1)
              Buckets: 1024  Batches: 1  Memory Usage: 44kB
              Buffers: shared hit=6
              ->  Seq Scan on product p  (cost=0.00..16.00 rows=1000 width=4) (actual rows=1000 loops=1)
                    Buffers: shared hit=6
Planning:
  Buffers: shared hit=6
Planning Time: 0.158 ms
Execution Time: 49.877 ms",43.685,2439.11,1000,"HashAggregate  (cost=2429.11..2439.11 rows=1000 width=12) (actual rows=1000 loops=1)
  Group Key: p.product_id
  Batches: 1  Memory Usage: 193kB
  Buffers: shared hit=643
  ->  Hash Left Join  (cost=28.50..1929.11 rows=100000 width=8) (actual rows=100000 loops=1)
        Hash Cond: (s.product_id = p.product_id)
        Buffers: shared hit=643
        ->  Seq Scan on sales s  (cost=0.00..1637.00 rows=100000 width=8) (actual rows=100000 loops=1)
              Buffers: shared hit=637
        ->  Hash  (cost=16.00..16.00 rows=1000 width=4) (actual rows=1000 loops=1)
              Buckets: 1024  Batches: 1  Memory Usage: 44kB
              Buffers: shared hit=6
              ->  Seq Scan on product p  (cost=0.00..16.00 rows=1000 width=4) (actual rows=1000 loops=1)
                    Buffers: shared hit=6
Planning:
  Buffers: shared hit=6
Planning Time: 0.217 ms
Execution Time: 43.685 ms",41.392,2439.11,1000,"HashAggregate  (cost=2429.11..2439.11 rows=1000 width=12) (actual rows=1000 loops=1)
  Group Key: p.product_id
  Batches: 1  Memory Usage: 193kB
  Buffers: shared hit=643
  ->  Hash Left Join  (cost=28.50..1929.11 rows=100000 width=8) (actual rows=100000 loops=1)
        Hash Cond: (s.product_id = p.product_id)
        Buffers: shared hit=643
        ->  Seq Scan on sales s  (cost=0.00..1637.00 rows=100000 width=8) (actual rows=100000 loops=1)
              Buffers: shared hit=637
        ->  Hash  (cost=16.00..16.00 rows=1000 width=4) (actual rows=1000 loops=1)
              Buckets: 1024  Batches: 1  Memory Usage: 44kB
              Buffers: shared hit=6
              ->  Seq Scan on product p  (cost=0.00..16.00 rows=1000 width=4) (actual rows=1000 loops=1)
                    Buffers: shared hit=6
Planning:
  Buffers: shared hit=6
Planning Time: 0.302 ms
Execution Time: 41.392 ms",42.923,2439.11,1000,"HashAggregate  (cost=2429.11..2439.11 rows=1000 width=12) (actual rows=1000 loops=1)
  Group Key: p.product_id
  Batches: 1  Memory Usage: 193kB
  Buffers: shared hit=643
  ->  Hash Left Join  (cost=28.50..1929.11 rows=100000 width=8) (actual rows=100000 loops=1)
        Hash Cond: (s.product_id = p.product_id)
        Buffers: shared hit=643
        ->  Seq Scan on sales s  (cost=0.00..1637.00 rows=100000 width=8) (actual rows=100000 loops=1)
              Buffers: shared hit=637
        ->  Hash  (cost=16.00..16.00 rows=1000 width=4) (actual rows=1000 loops=1)
              Buckets: 1024  Batches: 1  Memory Usage: 44kB
              Buffers: shared hit=6
              ->  Seq Scan on product p  (cost=0.00..16.00 rows=1000 width=4) (actual rows=1000 loops=1)
                    Buffers: shared hit=6
Planning:
  Buffers: shared hit=6
Planning Time: 0.217 ms
Execution Time: 42.923 ms",42.032,2439.11,1000,"HashAggregate  (cost=2429.11..2439.11 rows=1000 width=12) (actual rows=1000 loops=1)
  Group Key: p.product_id
  Batches: 1  Memory Usage: 193kB
  Buffers: shared hit=643
  ->  Hash Left Join  (cost=28.50..1929.11 rows=100000 width=8) (actual rows=100000 loops=1)
        Hash Cond: (s.product_id = p.product_id)
        Buffers: shared hit=643
        ->  Seq Scan on sales s  (cost=0.00..1637.00 rows=100000 width=8) (actual rows=100000 loops=1)
              Buffers: shared hit=637
        ->  Hash  (cost=16.00..16.00 rows=1000 width=4) (actual rows=1000 loops=1)
              Buckets: 1024  Batches: 1  Memory Usage: 44kB
              Buffers: shared hit=6
              ->  Seq Scan on product p  (cost=0.00..16.00 rows=1000 width=4) (actual rows=1000 loops=1)
                    Buffers: shared hit=6
Planning:
  Buffers: shared hit=6
Planning Time: 0.208 ms
Execution Time: 42.032 ms",43.9818,42.923,46.781,52.3538,2439.11,2439.11,1000,1000,1000,1000,normal,normal,11.617828700000006,13.099345299999996,equal variances,significant,0.003968253968253968,-16.3442,-14.513000000000002,-292.1100000000001,0,True
519,1069,29,Easy,"select s.product_id as product_id, sum(s.quantity) as total_quantity from schema_1069.sales as s group by s.product_id",22.034,2147.0,1000,"HashAggregate  (cost=2137.00..2147.00 rows=1000 width=12) (actual rows=1000 loops=1)
  Group Key: product_id
  Batches: 1  Memory Usage: 193kB
  Buffers: shared hit=637
  ->  Seq Scan on sales s  (cost=0.00..1637.00 rows=100000 width=8) (actual rows=100000 loops=1)
        Buffers: shared hit=637
Planning Time: 0.047 ms
Execution Time: 22.034 ms",27.669,2147.0,1000,"HashAggregate  (cost=2137.00..2147.00 rows=1000 width=12) (actual rows=1000 loops=1)
  Group Key: product_id
  Batches: 1  Memory Usage: 193kB
  Buffers: shared hit=637
  ->  Seq Scan on sales s  (cost=0.00..1637.00 rows=100000 width=8) (actual rows=100000 loops=1)
        Buffers: shared hit=637
Planning Time: 0.055 ms
Execution Time: 27.669 ms",26.893,2147.0,1000,"HashAggregate  (cost=2137.00..2147.00 rows=1000 width=12) (actual rows=1000 loops=1)
  Group Key: product_id
  Batches: 1  Memory Usage: 193kB
  Buffers: shared hit=637
  ->  Seq Scan on sales s  (cost=0.00..1637.00 rows=100000 width=8) (actual rows=100000 loops=1)
        Buffers: shared hit=637
Planning Time: 0.105 ms
Execution Time: 26.893 ms",39.285,2147.0,1000,"HashAggregate  (cost=2137.00..2147.00 rows=1000 width=12) (actual rows=1000 loops=1)
  Group Key: product_id
  Batches: 1  Memory Usage: 193kB
  Buffers: shared hit=637
  ->  Seq Scan on sales s  (cost=0.00..1637.00 rows=100000 width=8) (actual rows=100000 loops=1)
        Buffers: shared hit=637
Planning Time: 0.042 ms
Execution Time: 39.285 ms",28.738,2147.0,1000,"HashAggregate  (cost=2137.00..2147.00 rows=1000 width=12) (actual rows=1000 loops=1)
  Group Key: product_id
  Batches: 1  Memory Usage: 193kB
  Buffers: shared hit=637
  ->  Seq Scan on sales s  (cost=0.00..1637.00 rows=100000 width=8) (actual rows=100000 loops=1)
        Buffers: shared hit=637
Planning Time: 0.081 ms
Execution Time: 28.738 ms",28.9238,27.669,34.0115,43.5038,2147.0,2147.0,1000,1000,1000,1000,1069_29,519,1069,29,Easy,"select p.product_id, sum(s.quantity) as total_quantity from schema_1069.sales as s join schema_1069.product as p on s.product_id = p.product_id group by 1",35.823,2439.11,1000,"HashAggregate  (cost=2429.11..2439.11 rows=1000 width=12) (actual rows=1000 loops=1)
  Group Key: p.product_id
  Batches: 1  Memory Usage: 193kB
  Buffers: shared hit=643
  ->  Hash Join  (cost=28.50..1929.11 rows=100000 width=8) (actual rows=100000 loops=1)
        Hash Cond: (s.product_id = p.product_id)
        Buffers: shared hit=643
        ->  Seq Scan on sales s  (cost=0.00..1637.00 rows=100000 width=8) (actual rows=100000 loops=1)
              Buffers: shared hit=637
        ->  Hash  (cost=16.00..16.00 rows=1000 width=4) (actual rows=1000 loops=1)
              Buckets: 1024  Batches: 1  Memory Usage: 44kB
              Buffers: shared hit=6
              ->  Seq Scan on product p  (cost=0.00..16.00 rows=1000 width=4) (actual rows=1000 loops=1)
                    Buffers: shared hit=6
Planning:
  Buffers: shared hit=6
Planning Time: 0.179 ms
Execution Time: 35.823 ms",42.123,2439.11,1000,"HashAggregate  (cost=2429.11..2439.11 rows=1000 width=12) (actual rows=1000 loops=1)
  Group Key: p.product_id
  Batches: 1  Memory Usage: 193kB
  Buffers: shared hit=643
  ->  Hash Join  (cost=28.50..1929.11 rows=100000 width=8) (actual rows=100000 loops=1)
        Hash Cond: (s.product_id = p.product_id)
        Buffers: shared hit=643
        ->  Seq Scan on sales s  (cost=0.00..1637.00 rows=100000 width=8) (actual rows=100000 loops=1)
              Buffers: shared hit=637
        ->  Hash  (cost=16.00..16.00 rows=1000 width=4) (actual rows=1000 loops=1)
              Buckets: 1024  Batches: 1  Memory Usage: 44kB
              Buffers: shared hit=6
              ->  Seq Scan on product p  (cost=0.00..16.00 rows=1000 width=4) (actual rows=1000 loops=1)
                    Buffers: shared hit=6
Planning:
  Buffers: shared hit=6
Planning Time: 0.233 ms
Execution Time: 42.123 ms",45.278,2439.11,1000,"HashAggregate  (cost=2429.11..2439.11 rows=1000 width=12) (actual rows=1000 loops=1)
  Group Key: p.product_id
  Batches: 1  Memory Usage: 193kB
  Buffers: shared hit=643
  ->  Hash Join  (cost=28.50..1929.11 rows=100000 width=8) (actual rows=100000 loops=1)
        Hash Cond: (s.product_id = p.product_id)
        Buffers: shared hit=643
        ->  Seq Scan on sales s  (cost=0.00..1637.00 rows=100000 width=8) (actual rows=100000 loops=1)
              Buffers: shared hit=637
        ->  Hash  (cost=16.00..16.00 rows=1000 width=4) (actual rows=1000 loops=1)
              Buckets: 1024  Batches: 1  Memory Usage: 44kB
              Buffers: shared hit=6
              ->  Seq Scan on product p  (cost=0.00..16.00 rows=1000 width=4) (actual rows=1000 loops=1)
                    Buffers: shared hit=6
Planning:
  Buffers: shared hit=6
Planning Time: 0.205 ms
Execution Time: 45.278 ms",42.946,2439.11,1000,"HashAggregate  (cost=2429.11..2439.11 rows=1000 width=12) (actual rows=1000 loops=1)
  Group Key: p.product_id
  Batches: 1  Memory Usage: 193kB
  Buffers: shared hit=643
  ->  Hash Join  (cost=28.50..1929.11 rows=100000 width=8) (actual rows=100000 loops=1)
        Hash Cond: (s.product_id = p.product_id)
        Buffers: shared hit=643
        ->  Seq Scan on sales s  (cost=0.00..1637.00 rows=100000 width=8) (actual rows=100000 loops=1)
              Buffers: shared hit=637
        ->  Hash  (cost=16.00..16.00 rows=1000 width=4) (actual rows=1000 loops=1)
              Buckets: 1024  Batches: 1  Memory Usage: 44kB
              Buffers: shared hit=6
              ->  Seq Scan on product p  (cost=0.00..16.00 rows=1000 width=4) (actual rows=1000 loops=1)
                    Buffers: shared hit=6
Planning:
  Buffers: shared hit=6
Planning Time: 0.152 ms
Execution Time: 42.946 ms",41.106,2439.11,1000,"HashAggregate  (cost=2429.11..2439.11 rows=1000 width=12) (actual rows=1000 loops=1)
  Group Key: p.product_id
  Batches: 1  Memory Usage: 193kB
  Buffers: shared hit=643
  ->  Hash Join  (cost=28.50..1929.11 rows=100000 width=8) (actual rows=100000 loops=1)
        Hash Cond: (s.product_id = p.product_id)
        Buffers: shared hit=643
        ->  Seq Scan on sales s  (cost=0.00..1637.00 rows=100000 width=8) (actual rows=100000 loops=1)
              Buffers: shared hit=637
        ->  Hash  (cost=16.00..16.00 rows=1000 width=4) (actual rows=1000 loops=1)
              Buckets: 1024  Batches: 1  Memory Usage: 44kB
              Buffers: shared hit=6
              ->  Seq Scan on product p  (cost=0.00..16.00 rows=1000 width=4) (actual rows=1000 loops=1)
                    Buffers: shared hit=6
Planning:
  Buffers: shared hit=6
Planning Time: 0.199 ms
Execution Time: 41.106 ms",41.4552,42.123,44.112,46.2108,2439.11,2439.11,1000,1000,1000,1000,normal,normal,12.281464699999994,40.139250699999984,equal variances,significant,0.007936507936507936,-12.531399999999998,-14.453999999999997,-292.1100000000001,0,True
520,1069,30,Easy,"select s.product_id as product_id, sum(s.quantity) as total_quantity from schema_1069.sales as s group by s.product_id",22.373,2147.0,1000,"HashAggregate  (cost=2137.00..2147.00 rows=1000 width=12) (actual rows=1000 loops=1)
  Group Key: product_id
  Batches: 1  Memory Usage: 193kB
  Buffers: shared hit=637
  ->  Seq Scan on sales s  (cost=0.00..1637.00 rows=100000 width=8) (actual rows=100000 loops=1)
        Buffers: shared hit=637
Planning Time: 0.060 ms
Execution Time: 22.373 ms",32.658,2147.0,1000,"HashAggregate  (cost=2137.00..2147.00 rows=1000 width=12) (actual rows=1000 loops=1)
  Group Key: product_id
  Batches: 1  Memory Usage: 193kB
  Buffers: shared hit=637
  ->  Seq Scan on sales s  (cost=0.00..1637.00 rows=100000 width=8) (actual rows=100000 loops=1)
        Buffers: shared hit=637
Planning Time: 0.065 ms
Execution Time: 32.658 ms",26.379,2147.0,1000,"HashAggregate  (cost=2137.00..2147.00 rows=1000 width=12) (actual rows=1000 loops=1)
  Group Key: product_id
  Batches: 1  Memory Usage: 193kB
  Buffers: shared hit=637
  ->  Seq Scan on sales s  (cost=0.00..1637.00 rows=100000 width=8) (actual rows=100000 loops=1)
        Buffers: shared hit=637
Planning Time: 0.118 ms
Execution Time: 26.379 ms",26.767,2147.0,1000,"HashAggregate  (cost=2137.00..2147.00 rows=1000 width=12) (actual rows=1000 loops=1)
  Group Key: product_id
  Batches: 1  Memory Usage: 193kB
  Buffers: shared hit=637
  ->  Seq Scan on sales s  (cost=0.00..1637.00 rows=100000 width=8) (actual rows=100000 loops=1)
        Buffers: shared hit=637
Planning Time: 0.060 ms
Execution Time: 26.767 ms",30.102,2147.0,1000,"HashAggregate  (cost=2137.00..2147.00 rows=1000 width=12) (actual rows=1000 loops=1)
  Group Key: product_id
  Batches: 1  Memory Usage: 193kB
  Buffers: shared hit=637
  ->  Seq Scan on sales s  (cost=0.00..1637.00 rows=100000 width=8) (actual rows=100000 loops=1)
        Buffers: shared hit=637
Planning Time: 0.059 ms
Execution Time: 30.102 ms",27.6558,26.767,31.38,33.6804,2147.0,2147.0,1000,1000,1000,1000,1069_30,520,1069,30,Easy,"select p.product_id, sum(s.quantity) as total_quantity from schema_1069.product as p join schema_1069.sales as s on p.product_id = s.product_id group by 1",36.126,2439.11,1000,"HashAggregate  (cost=2429.11..2439.11 rows=1000 width=12) (actual rows=1000 loops=1)
  Group Key: p.product_id
  Batches: 1  Memory Usage: 193kB
  Buffers: shared hit=643
  ->  Hash Join  (cost=28.50..1929.11 rows=100000 width=8) (actual rows=100000 loops=1)
        Hash Cond: (s.product_id = p.product_id)
        Buffers: shared hit=643
        ->  Seq Scan on sales s  (cost=0.00..1637.00 rows=100000 width=8) (actual rows=100000 loops=1)
              Buffers: shared hit=637
        ->  Hash  (cost=16.00..16.00 rows=1000 width=4) (actual rows=1000 loops=1)
              Buckets: 1024  Batches: 1  Memory Usage: 44kB
              Buffers: shared hit=6
              ->  Seq Scan on product p  (cost=0.00..16.00 rows=1000 width=4) (actual rows=1000 loops=1)
                    Buffers: shared hit=6
Planning:
  Buffers: shared hit=6
Planning Time: 0.139 ms
Execution Time: 36.126 ms",41.382,2439.11,1000,"HashAggregate  (cost=2429.11..2439.11 rows=1000 width=12) (actual rows=1000 loops=1)
  Group Key: p.product_id
  Batches: 1  Memory Usage: 193kB
  Buffers: shared hit=643
  ->  Hash Join  (cost=28.50..1929.11 rows=100000 width=8) (actual rows=100000 loops=1)
        Hash Cond: (s.product_id = p.product_id)
        Buffers: shared hit=643
        ->  Seq Scan on sales s  (cost=0.00..1637.00 rows=100000 width=8) (actual rows=100000 loops=1)
              Buffers: shared hit=637
        ->  Hash  (cost=16.00..16.00 rows=1000 width=4) (actual rows=1000 loops=1)
              Buckets: 1024  Batches: 1  Memory Usage: 44kB
              Buffers: shared hit=6
              ->  Seq Scan on product p  (cost=0.00..16.00 rows=1000 width=4) (actual rows=1000 loops=1)
                    Buffers: shared hit=6
Planning:
  Buffers: shared hit=6
Planning Time: 0.187 ms
Execution Time: 41.382 ms",45.428,2439.11,1000,"HashAggregate  (cost=2429.11..2439.11 rows=1000 width=12) (actual rows=1000 loops=1)
  Group Key: p.product_id
  Batches: 1  Memory Usage: 193kB
  Buffers: shared hit=643
  ->  Hash Join  (cost=28.50..1929.11 rows=100000 width=8) (actual rows=100000 loops=1)
        Hash Cond: (s.product_id = p.product_id)
        Buffers: shared hit=643
        ->  Seq Scan on sales s  (cost=0.00..1637.00 rows=100000 width=8) (actual rows=100000 loops=1)
              Buffers: shared hit=637
        ->  Hash  (cost=16.00..16.00 rows=1000 width=4) (actual rows=1000 loops=1)
              Buckets: 1024  Batches: 1  Memory Usage: 44kB
              Buffers: shared hit=6
              ->  Seq Scan on product p  (cost=0.00..16.00 rows=1000 width=4) (actual rows=1000 loops=1)
                    Buffers: shared hit=6
Planning:
  Buffers: shared hit=6
Planning Time: 0.198 ms
Execution Time: 45.428 ms",46.36,2439.11,1000,"HashAggregate  (cost=2429.11..2439.11 rows=1000 width=12) (actual rows=1000 loops=1)
  Group Key: p.product_id
  Batches: 1  Memory Usage: 193kB
  Buffers: shared hit=643
  ->  Hash Join  (cost=28.50..1929.11 rows=100000 width=8) (actual rows=100000 loops=1)
        Hash Cond: (s.product_id = p.product_id)
        Buffers: shared hit=643
        ->  Seq Scan on sales s  (cost=0.00..1637.00 rows=100000 width=8) (actual rows=100000 loops=1)
              Buffers: shared hit=637
        ->  Hash  (cost=16.00..16.00 rows=1000 width=4) (actual rows=1000 loops=1)
              Buckets: 1024  Batches: 1  Memory Usage: 44kB
              Buffers: shared hit=6
              ->  Seq Scan on product p  (cost=0.00..16.00 rows=1000 width=4) (actual rows=1000 loops=1)
                    Buffers: shared hit=6
Planning:
  Buffers: shared hit=6
Planning Time: 0.213 ms
Execution Time: 46.360 ms",44.903,2439.11,1000,"HashAggregate  (cost=2429.11..2439.11 rows=1000 width=12) (actual rows=1000 loops=1)
  Group Key: p.product_id
  Batches: 1  Memory Usage: 193kB
  Buffers: shared hit=643
  ->  Hash Join  (cost=28.50..1929.11 rows=100000 width=8) (actual rows=100000 loops=1)
        Hash Cond: (s.product_id = p.product_id)
        Buffers: shared hit=643
        ->  Seq Scan on sales s  (cost=0.00..1637.00 rows=100000 width=8) (actual rows=100000 loops=1)
              Buffers: shared hit=637
        ->  Hash  (cost=16.00..16.00 rows=1000 width=4) (actual rows=1000 loops=1)
              Buckets: 1024  Batches: 1  Memory Usage: 44kB
              Buffers: shared hit=6
              ->  Seq Scan on product p  (cost=0.00..16.00 rows=1000 width=4) (actual rows=1000 loops=1)
                    Buffers: shared hit=6
Planning:
  Buffers: shared hit=6
Planning Time: 0.214 ms
Execution Time: 44.903 ms",42.8398,44.903,45.894,46.7328,2439.11,2439.11,1000,1000,1000,1000,normal,normal,17.636918200000004,15.333514700000002,equal variances,significant,0.003968253968253968,-15.183999999999997,-18.136,-292.1100000000001,0,True
523,1069,71,Easy,"select s.product_id as product_id, sum(s.quantity) as total_quantity from schema_1069.sales as s group by s.product_id",23.496,2147.0,1000,"HashAggregate  (cost=2137.00..2147.00 rows=1000 width=12) (actual rows=1000 loops=1)
  Group Key: product_id
  Batches: 1  Memory Usage: 193kB
  Buffers: shared hit=637
  ->  Seq Scan on sales s  (cost=0.00..1637.00 rows=100000 width=8) (actual rows=100000 loops=1)
        Buffers: shared hit=637
Planning Time: 0.054 ms
Execution Time: 23.496 ms",25.464,2147.0,1000,"HashAggregate  (cost=2137.00..2147.00 rows=1000 width=12) (actual rows=1000 loops=1)
  Group Key: product_id
  Batches: 1  Memory Usage: 193kB
  Buffers: shared hit=637
  ->  Seq Scan on sales s  (cost=0.00..1637.00 rows=100000 width=8) (actual rows=100000 loops=1)
        Buffers: shared hit=637
Planning Time: 0.069 ms
Execution Time: 25.464 ms",26.52,2147.0,1000,"HashAggregate  (cost=2137.00..2147.00 rows=1000 width=12) (actual rows=1000 loops=1)
  Group Key: product_id
  Batches: 1  Memory Usage: 193kB
  Buffers: shared hit=637
  ->  Seq Scan on sales s  (cost=0.00..1637.00 rows=100000 width=8) (actual rows=100000 loops=1)
        Buffers: shared hit=637
Planning Time: 0.094 ms
Execution Time: 26.520 ms",30.458,2147.0,1000,"HashAggregate  (cost=2137.00..2147.00 rows=1000 width=12) (actual rows=1000 loops=1)
  Group Key: product_id
  Batches: 1  Memory Usage: 193kB
  Buffers: shared hit=637
  ->  Seq Scan on sales s  (cost=0.00..1637.00 rows=100000 width=8) (actual rows=100000 loops=1)
        Buffers: shared hit=637
Planning Time: 0.060 ms
Execution Time: 30.458 ms",28.482,2147.0,1000,"HashAggregate  (cost=2137.00..2147.00 rows=1000 width=12) (actual rows=1000 loops=1)
  Group Key: product_id
  Batches: 1  Memory Usage: 193kB
  Buffers: shared hit=637
  ->  Seq Scan on sales s  (cost=0.00..1637.00 rows=100000 width=8) (actual rows=100000 loops=1)
        Buffers: shared hit=637
Planning Time: 0.068 ms
Execution Time: 28.482 ms",26.884,26.52,29.47,31.2484,2147.0,2147.0,1000,1000,1000,1000,1069_71,523,1069,71,Easy,"select s.product_id, sum(quantity) as total_quantity from schema_1069.sales as s join schema_1069.product as p on s.product_id = p.product_id group by s.product_id",42.648,2439.11,1000,"HashAggregate  (cost=2429.11..2439.11 rows=1000 width=12) (actual rows=1000 loops=1)
  Group Key: s.product_id
  Batches: 1  Memory Usage: 193kB
  Buffers: shared hit=643
  ->  Hash Join  (cost=28.50..1929.11 rows=100000 width=8) (actual rows=100000 loops=1)
        Hash Cond: (s.product_id = p.product_id)
        Buffers: shared hit=643
        ->  Seq Scan on sales s  (cost=0.00..1637.00 rows=100000 width=8) (actual rows=100000 loops=1)
              Buffers: shared hit=637
        ->  Hash  (cost=16.00..16.00 rows=1000 width=4) (actual rows=1000 loops=1)
              Buckets: 1024  Batches: 1  Memory Usage: 44kB
              Buffers: shared hit=6
              ->  Seq Scan on product p  (cost=0.00..16.00 rows=1000 width=4) (actual rows=1000 loops=1)
                    Buffers: shared hit=6
Planning:
  Buffers: shared hit=6
Planning Time: 0.224 ms
Execution Time: 42.648 ms",44.649,2439.11,1000,"HashAggregate  (cost=2429.11..2439.11 rows=1000 width=12) (actual rows=1000 loops=1)
  Group Key: s.product_id
  Batches: 1  Memory Usage: 193kB
  Buffers: shared hit=643
  ->  Hash Join  (cost=28.50..1929.11 rows=100000 width=8) (actual rows=100000 loops=1)
        Hash Cond: (s.product_id = p.product_id)
        Buffers: shared hit=643
        ->  Seq Scan on sales s  (cost=0.00..1637.00 rows=100000 width=8) (actual rows=100000 loops=1)
              Buffers: shared hit=637
        ->  Hash  (cost=16.00..16.00 rows=1000 width=4) (actual rows=1000 loops=1)
              Buckets: 1024  Batches: 1  Memory Usage: 44kB
              Buffers: shared hit=6
              ->  Seq Scan on product p  (cost=0.00..16.00 rows=1000 width=4) (actual rows=1000 loops=1)
                    Buffers: shared hit=6
Planning:
  Buffers: shared hit=6
Planning Time: 0.190 ms
Execution Time: 44.649 ms",44.439,2439.11,1000,"HashAggregate  (cost=2429.11..2439.11 rows=1000 width=12) (actual rows=1000 loops=1)
  Group Key: s.product_id
  Batches: 1  Memory Usage: 193kB
  Buffers: shared hit=643
  ->  Hash Join  (cost=28.50..1929.11 rows=100000 width=8) (actual rows=100000 loops=1)
        Hash Cond: (s.product_id = p.product_id)
        Buffers: shared hit=643
        ->  Seq Scan on sales s  (cost=0.00..1637.00 rows=100000 width=8) (actual rows=100000 loops=1)
              Buffers: shared hit=637
        ->  Hash  (cost=16.00..16.00 rows=1000 width=4) (actual rows=1000 loops=1)
              Buckets: 1024  Batches: 1  Memory Usage: 44kB
              Buffers: shared hit=6
              ->  Seq Scan on product p  (cost=0.00..16.00 rows=1000 width=4) (actual rows=1000 loops=1)
                    Buffers: shared hit=6
Planning:
  Buffers: shared hit=6
Planning Time: 0.322 ms
Execution Time: 44.439 ms",42.264,2439.11,1000,"HashAggregate  (cost=2429.11..2439.11 rows=1000 width=12) (actual rows=1000 loops=1)
  Group Key: s.product_id
  Batches: 1  Memory Usage: 193kB
  Buffers: shared hit=643
  ->  Hash Join  (cost=28.50..1929.11 rows=100000 width=8) (actual rows=100000 loops=1)
        Hash Cond: (s.product_id = p.product_id)
        Buffers: shared hit=643
        ->  Seq Scan on sales s  (cost=0.00..1637.00 rows=100000 width=8) (actual rows=100000 loops=1)
              Buffers: shared hit=637
        ->  Hash  (cost=16.00..16.00 rows=1000 width=4) (actual rows=1000 loops=1)
              Buckets: 1024  Batches: 1  Memory Usage: 44kB
              Buffers: shared hit=6
              ->  Seq Scan on product p  (cost=0.00..16.00 rows=1000 width=4) (actual rows=1000 loops=1)
                    Buffers: shared hit=6
Planning:
  Buffers: shared hit=6
Planning Time: 0.212 ms
Execution Time: 42.264 ms",42.831,2439.11,1000,"HashAggregate  (cost=2429.11..2439.11 rows=1000 width=12) (actual rows=1000 loops=1)
  Group Key: s.product_id
  Batches: 1  Memory Usage: 193kB
  Buffers: shared hit=643
  ->  Hash Join  (cost=28.50..1929.11 rows=100000 width=8) (actual rows=100000 loops=1)
        Hash Cond: (s.product_id = p.product_id)
        Buffers: shared hit=643
        ->  Seq Scan on sales s  (cost=0.00..1637.00 rows=100000 width=8) (actual rows=100000 loops=1)
              Buffers: shared hit=637
        ->  Hash  (cost=16.00..16.00 rows=1000 width=4) (actual rows=1000 loops=1)
              Buckets: 1024  Batches: 1  Memory Usage: 44kB
              Buffers: shared hit=6
              ->  Seq Scan on product p  (cost=0.00..16.00 rows=1000 width=4) (actual rows=1000 loops=1)
                    Buffers: shared hit=6
Planning:
  Buffers: shared hit=6
Planning Time: 0.218 ms
Execution Time: 42.831 ms",43.3662,42.831,44.544,44.733,2439.11,2439.11,1000,1000,1000,1000,normal,normal,1.203392699999997,7.23863,equal variances,significant,0.003968253968253968,-16.4822,-16.311000000000003,-292.1100000000001,0,True
524,1069,73,Easy,"select s.product_id as product_id, sum(s.quantity) as total_quantity from schema_1069.sales as s group by s.product_id",22.546,2147.0,1000,"HashAggregate  (cost=2137.00..2147.00 rows=1000 width=12) (actual rows=1000 loops=1)
  Group Key: product_id
  Batches: 1  Memory Usage: 193kB
  Buffers: shared hit=637
  ->  Seq Scan on sales s  (cost=0.00..1637.00 rows=100000 width=8) (actual rows=100000 loops=1)
        Buffers: shared hit=637
Planning Time: 0.042 ms
Execution Time: 22.546 ms",32.73,2147.0,1000,"HashAggregate  (cost=2137.00..2147.00 rows=1000 width=12) (actual rows=1000 loops=1)
  Group Key: product_id
  Batches: 1  Memory Usage: 193kB
  Buffers: shared hit=637
  ->  Seq Scan on sales s  (cost=0.00..1637.00 rows=100000 width=8) (actual rows=100000 loops=1)
        Buffers: shared hit=637
Planning Time: 0.056 ms
Execution Time: 32.730 ms",41.083,2147.0,1000,"HashAggregate  (cost=2137.00..2147.00 rows=1000 width=12) (actual rows=1000 loops=1)
  Group Key: product_id
  Batches: 1  Memory Usage: 193kB
  Buffers: shared hit=637
  ->  Seq Scan on sales s  (cost=0.00..1637.00 rows=100000 width=8) (actual rows=100000 loops=1)
        Buffers: shared hit=637
Planning Time: 0.056 ms
Execution Time: 41.083 ms",32.397,2147.0,1000,"HashAggregate  (cost=2137.00..2147.00 rows=1000 width=12) (actual rows=1000 loops=1)
  Group Key: product_id
  Batches: 1  Memory Usage: 193kB
  Buffers: shared hit=637
  ->  Seq Scan on sales s  (cost=0.00..1637.00 rows=100000 width=8) (actual rows=100000 loops=1)
        Buffers: shared hit=637
Planning Time: 0.060 ms
Execution Time: 32.397 ms",26.845,2147.0,1000,"HashAggregate  (cost=2137.00..2147.00 rows=1000 width=12) (actual rows=1000 loops=1)
  Group Key: product_id
  Batches: 1  Memory Usage: 193kB
  Buffers: shared hit=637
  ->  Seq Scan on sales s  (cost=0.00..1637.00 rows=100000 width=8) (actual rows=100000 loops=1)
        Buffers: shared hit=637
Planning Time: 0.056 ms
Execution Time: 26.845 ms",31.1202,32.397,36.9065,44.4242,2147.0,2147.0,1000,1000,1000,1000,1069_73,524,1069,73,Easy,"select s.product_id, sum(quantity) as total_quantity from schema_1069.sales as s join schema_1069.product as p on s.product_id = p.product_id group by 1",35.706,2439.11,1000,"HashAggregate  (cost=2429.11..2439.11 rows=1000 width=12) (actual rows=1000 loops=1)
  Group Key: s.product_id
  Batches: 1  Memory Usage: 193kB
  Buffers: shared hit=643
  ->  Hash Join  (cost=28.50..1929.11 rows=100000 width=8) (actual rows=100000 loops=1)
        Hash Cond: (s.product_id = p.product_id)
        Buffers: shared hit=643
        ->  Seq Scan on sales s  (cost=0.00..1637.00 rows=100000 width=8) (actual rows=100000 loops=1)
              Buffers: shared hit=637
        ->  Hash  (cost=16.00..16.00 rows=1000 width=4) (actual rows=1000 loops=1)
              Buckets: 1024  Batches: 1  Memory Usage: 44kB
              Buffers: shared hit=6
              ->  Seq Scan on product p  (cost=0.00..16.00 rows=1000 width=4) (actual rows=1000 loops=1)
                    Buffers: shared hit=6
Planning:
  Buffers: shared hit=6
Planning Time: 0.151 ms
Execution Time: 35.706 ms",44.458,2439.11,1000,"HashAggregate  (cost=2429.11..2439.11 rows=1000 width=12) (actual rows=1000 loops=1)
  Group Key: s.product_id
  Batches: 1  Memory Usage: 193kB
  Buffers: shared hit=643
  ->  Hash Join  (cost=28.50..1929.11 rows=100000 width=8) (actual rows=100000 loops=1)
        Hash Cond: (s.product_id = p.product_id)
        Buffers: shared hit=643
        ->  Seq Scan on sales s  (cost=0.00..1637.00 rows=100000 width=8) (actual rows=100000 loops=1)
              Buffers: shared hit=637
        ->  Hash  (cost=16.00..16.00 rows=1000 width=4) (actual rows=1000 loops=1)
              Buckets: 1024  Batches: 1  Memory Usage: 44kB
              Buffers: shared hit=6
              ->  Seq Scan on product p  (cost=0.00..16.00 rows=1000 width=4) (actual rows=1000 loops=1)
                    Buffers: shared hit=6
Planning:
  Buffers: shared hit=6
Planning Time: 0.191 ms
Execution Time: 44.458 ms",44.381,2439.11,1000,"HashAggregate  (cost=2429.11..2439.11 rows=1000 width=12) (actual rows=1000 loops=1)
  Group Key: s.product_id
  Batches: 1  Memory Usage: 193kB
  Buffers: shared hit=643
  ->  Hash Join  (cost=28.50..1929.11 rows=100000 width=8) (actual rows=100000 loops=1)
        Hash Cond: (s.product_id = p.product_id)
        Buffers: shared hit=643
        ->  Seq Scan on sales s  (cost=0.00..1637.00 rows=100000 width=8) (actual rows=100000 loops=1)
              Buffers: shared hit=637
        ->  Hash  (cost=16.00..16.00 rows=1000 width=4) (actual rows=1000 loops=1)
              Buckets: 1024  Batches: 1  Memory Usage: 44kB
              Buffers: shared hit=6
              ->  Seq Scan on product p  (cost=0.00..16.00 rows=1000 width=4) (actual rows=1000 loops=1)
                    Buffers: shared hit=6
Planning:
  Buffers: shared hit=6
Planning Time: 0.234 ms
Execution Time: 44.381 ms",43.415,2439.11,1000,"HashAggregate  (cost=2429.11..2439.11 rows=1000 width=12) (actual rows=1000 loops=1)
  Group Key: s.product_id
  Batches: 1  Memory Usage: 193kB
  Buffers: shared hit=643
  ->  Hash Join  (cost=28.50..1929.11 rows=100000 width=8) (actual rows=100000 loops=1)
        Hash Cond: (s.product_id = p.product_id)
        Buffers: shared hit=643
        ->  Seq Scan on sales s  (cost=0.00..1637.00 rows=100000 width=8) (actual rows=100000 loops=1)
              Buffers: shared hit=637
        ->  Hash  (cost=16.00..16.00 rows=1000 width=4) (actual rows=1000 loops=1)
              Buckets: 1024  Batches: 1  Memory Usage: 44kB
              Buffers: shared hit=6
              ->  Seq Scan on product p  (cost=0.00..16.00 rows=1000 width=4) (actual rows=1000 loops=1)
                    Buffers: shared hit=6
Planning:
  Buffers: shared hit=6
Planning Time: 0.201 ms
Execution Time: 43.415 ms",39.311,2439.11,1000,"HashAggregate  (cost=2429.11..2439.11 rows=1000 width=12) (actual rows=1000 loops=1)
  Group Key: s.product_id
  Batches: 1  Memory Usage: 193kB
  Buffers: shared hit=643
  ->  Hash Join  (cost=28.50..1929.11 rows=100000 width=8) (actual rows=100000 loops=1)
        Hash Cond: (s.product_id = p.product_id)
        Buffers: shared hit=643
        ->  Seq Scan on sales s  (cost=0.00..1637.00 rows=100000 width=8) (actual rows=100000 loops=1)
              Buffers: shared hit=637
        ->  Hash  (cost=16.00..16.00 rows=1000 width=4) (actual rows=1000 loops=1)
              Buckets: 1024  Batches: 1  Memory Usage: 44kB
              Buffers: shared hit=6
              ->  Seq Scan on product p  (cost=0.00..16.00 rows=1000 width=4) (actual rows=1000 loops=1)
                    Buffers: shared hit=6
Planning:
  Buffers: shared hit=6
Planning Time: 0.191 ms
Execution Time: 39.311 ms",41.4542,43.415,44.4195,44.4888,2439.11,2439.11,1000,1000,1000,1000,normal,normal,14.767204699999988,48.8183247,equal variances,significant,0.015873015873015872,-10.334,-11.018,-292.1100000000001,0,True
526,1069,76,Easy,"select s.product_id as product_id, sum(s.quantity) as total_quantity from schema_1069.sales as s group by s.product_id",23.763,2147.0,1000,"HashAggregate  (cost=2137.00..2147.00 rows=1000 width=12) (actual rows=1000 loops=1)
  Group Key: product_id
  Batches: 1  Memory Usage: 193kB
  Buffers: shared hit=637
  ->  Seq Scan on sales s  (cost=0.00..1637.00 rows=100000 width=8) (actual rows=100000 loops=1)
        Buffers: shared hit=637
Planning Time: 0.055 ms
Execution Time: 23.763 ms",26.851,2147.0,1000,"HashAggregate  (cost=2137.00..2147.00 rows=1000 width=12) (actual rows=1000 loops=1)
  Group Key: product_id
  Batches: 1  Memory Usage: 193kB
  Buffers: shared hit=637
  ->  Seq Scan on sales s  (cost=0.00..1637.00 rows=100000 width=8) (actual rows=100000 loops=1)
        Buffers: shared hit=637
Planning Time: 0.100 ms
Execution Time: 26.851 ms",27.028,2147.0,1000,"HashAggregate  (cost=2137.00..2147.00 rows=1000 width=12) (actual rows=1000 loops=1)
  Group Key: product_id
  Batches: 1  Memory Usage: 193kB
  Buffers: shared hit=637
  ->  Seq Scan on sales s  (cost=0.00..1637.00 rows=100000 width=8) (actual rows=100000 loops=1)
        Buffers: shared hit=637
Planning Time: 0.060 ms
Execution Time: 27.028 ms",29.784,2147.0,1000,"HashAggregate  (cost=2137.00..2147.00 rows=1000 width=12) (actual rows=1000 loops=1)
  Group Key: product_id
  Batches: 1  Memory Usage: 193kB
  Buffers: shared hit=637
  ->  Seq Scan on sales s  (cost=0.00..1637.00 rows=100000 width=8) (actual rows=100000 loops=1)
        Buffers: shared hit=637
Planning Time: 0.058 ms
Execution Time: 29.784 ms",27.545,2147.0,1000,"HashAggregate  (cost=2137.00..2147.00 rows=1000 width=12) (actual rows=1000 loops=1)
  Group Key: product_id
  Batches: 1  Memory Usage: 193kB
  Buffers: shared hit=637
  ->  Seq Scan on sales s  (cost=0.00..1637.00 rows=100000 width=8) (actual rows=100000 loops=1)
        Buffers: shared hit=637
Planning Time: 0.068 ms
Execution Time: 27.545 ms",26.9942,27.028,28.6645,30.6796,2147.0,2147.0,1000,1000,1000,1000,1069_76,526,1069,76,Easy,"select s.product_id, sum(s.quantity) as total_quantity from schema_1069.sales as s join schema_1069.product as p on p.product_id = s.product_id group by s.product_id",36.383,2439.11,1000,"HashAggregate  (cost=2429.11..2439.11 rows=1000 width=12) (actual rows=1000 loops=1)
  Group Key: s.product_id
  Batches: 1  Memory Usage: 193kB
  Buffers: shared hit=643
  ->  Hash Join  (cost=28.50..1929.11 rows=100000 width=8) (actual rows=100000 loops=1)
        Hash Cond: (s.product_id = p.product_id)
        Buffers: shared hit=643
        ->  Seq Scan on sales s  (cost=0.00..1637.00 rows=100000 width=8) (actual rows=100000 loops=1)
              Buffers: shared hit=637
        ->  Hash  (cost=16.00..16.00 rows=1000 width=4) (actual rows=1000 loops=1)
              Buckets: 1024  Batches: 1  Memory Usage: 44kB
              Buffers: shared hit=6
              ->  Seq Scan on product p  (cost=0.00..16.00 rows=1000 width=4) (actual rows=1000 loops=1)
                    Buffers: shared hit=6
Planning:
  Buffers: shared hit=6
Planning Time: 0.136 ms
Execution Time: 36.383 ms",41.627,2439.11,1000,"HashAggregate  (cost=2429.11..2439.11 rows=1000 width=12) (actual rows=1000 loops=1)
  Group Key: s.product_id
  Batches: 1  Memory Usage: 193kB
  Buffers: shared hit=643
  ->  Hash Join  (cost=28.50..1929.11 rows=100000 width=8) (actual rows=100000 loops=1)
        Hash Cond: (s.product_id = p.product_id)
        Buffers: shared hit=643
        ->  Seq Scan on sales s  (cost=0.00..1637.00 rows=100000 width=8) (actual rows=100000 loops=1)
              Buffers: shared hit=637
        ->  Hash  (cost=16.00..16.00 rows=1000 width=4) (actual rows=1000 loops=1)
              Buckets: 1024  Batches: 1  Memory Usage: 44kB
              Buffers: shared hit=6
              ->  Seq Scan on product p  (cost=0.00..16.00 rows=1000 width=4) (actual rows=1000 loops=1)
                    Buffers: shared hit=6
Planning:
  Buffers: shared hit=6
Planning Time: 0.237 ms
Execution Time: 41.627 ms",46.811,2439.11,1000,"HashAggregate  (cost=2429.11..2439.11 rows=1000 width=12) (actual rows=1000 loops=1)
  Group Key: s.product_id
  Batches: 1  Memory Usage: 193kB
  Buffers: shared hit=643
  ->  Hash Join  (cost=28.50..1929.11 rows=100000 width=8) (actual rows=100000 loops=1)
        Hash Cond: (s.product_id = p.product_id)
        Buffers: shared hit=643
        ->  Seq Scan on sales s  (cost=0.00..1637.00 rows=100000 width=8) (actual rows=100000 loops=1)
              Buffers: shared hit=637
        ->  Hash  (cost=16.00..16.00 rows=1000 width=4) (actual rows=1000 loops=1)
              Buckets: 1024  Batches: 1  Memory Usage: 44kB
              Buffers: shared hit=6
              ->  Seq Scan on product p  (cost=0.00..16.00 rows=1000 width=4) (actual rows=1000 loops=1)
                    Buffers: shared hit=6
Planning:
  Buffers: shared hit=6
Planning Time: 0.193 ms
Execution Time: 46.811 ms",45.569,2439.11,1000,"HashAggregate  (cost=2429.11..2439.11 rows=1000 width=12) (actual rows=1000 loops=1)
  Group Key: s.product_id
  Batches: 1  Memory Usage: 193kB
  Buffers: shared hit=643
  ->  Hash Join  (cost=28.50..1929.11 rows=100000 width=8) (actual rows=100000 loops=1)
        Hash Cond: (s.product_id = p.product_id)
        Buffers: shared hit=643
        ->  Seq Scan on sales s  (cost=0.00..1637.00 rows=100000 width=8) (actual rows=100000 loops=1)
              Buffers: shared hit=637
        ->  Hash  (cost=16.00..16.00 rows=1000 width=4) (actual rows=1000 loops=1)
              Buckets: 1024  Batches: 1  Memory Usage: 44kB
              Buffers: shared hit=6
              ->  Seq Scan on product p  (cost=0.00..16.00 rows=1000 width=4) (actual rows=1000 loops=1)
                    Buffers: shared hit=6
Planning:
  Buffers: shared hit=6
Planning Time: 0.231 ms
Execution Time: 45.569 ms",42.725,2439.11,1000,"HashAggregate  (cost=2429.11..2439.11 rows=1000 width=12) (actual rows=1000 loops=1)
  Group Key: s.product_id
  Batches: 1  Memory Usage: 193kB
  Buffers: shared hit=643
  ->  Hash Join  (cost=28.50..1929.11 rows=100000 width=8) (actual rows=100000 loops=1)
        Hash Cond: (s.product_id = p.product_id)
        Buffers: shared hit=643
        ->  Seq Scan on sales s  (cost=0.00..1637.00 rows=100000 width=8) (actual rows=100000 loops=1)
              Buffers: shared hit=637
        ->  Hash  (cost=16.00..16.00 rows=1000 width=4) (actual rows=1000 loops=1)
              Buckets: 1024  Batches: 1  Memory Usage: 44kB
              Buffers: shared hit=6
              ->  Seq Scan on product p  (cost=0.00..16.00 rows=1000 width=4) (actual rows=1000 loops=1)
                    Buffers: shared hit=6
Planning:
  Buffers: shared hit=6
Planning Time: 0.152 ms
Execution Time: 42.725 ms",42.623,42.725,46.19,47.3078,2439.11,2439.11,1000,1000,1000,1000,normal,normal,16.539569999999994,4.637166699999996,equal variances,significant,0.003968253968253968,-15.628799999999998,-15.697000000000003,-292.1100000000001,0,True
530,1069,83,Easy,"select a.product_id as product_id, sum(a.quantity) as total_quantity from schema_1069.sales as a group by a.product_id",21.973,2147.0,1000,"HashAggregate  (cost=2137.00..2147.00 rows=1000 width=12) (actual rows=1000 loops=1)
  Group Key: product_id
  Batches: 1  Memory Usage: 193kB
  Buffers: shared hit=637
  ->  Seq Scan on sales a  (cost=0.00..1637.00 rows=100000 width=8) (actual rows=100000 loops=1)
        Buffers: shared hit=637
Planning Time: 0.042 ms
Execution Time: 21.973 ms",33.128,2147.0,1000,"HashAggregate  (cost=2137.00..2147.00 rows=1000 width=12) (actual rows=1000 loops=1)
  Group Key: product_id
  Batches: 1  Memory Usage: 193kB
  Buffers: shared hit=637
  ->  Seq Scan on sales a  (cost=0.00..1637.00 rows=100000 width=8) (actual rows=100000 loops=1)
        Buffers: shared hit=637
Planning Time: 0.056 ms
Execution Time: 33.128 ms",27.042,2147.0,1000,"HashAggregate  (cost=2137.00..2147.00 rows=1000 width=12) (actual rows=1000 loops=1)
  Group Key: product_id
  Batches: 1  Memory Usage: 193kB
  Buffers: shared hit=637
  ->  Seq Scan on sales a  (cost=0.00..1637.00 rows=100000 width=8) (actual rows=100000 loops=1)
        Buffers: shared hit=637
Planning Time: 0.083 ms
Execution Time: 27.042 ms",32.003,2147.0,1000,"HashAggregate  (cost=2137.00..2147.00 rows=1000 width=12) (actual rows=1000 loops=1)
  Group Key: product_id
  Batches: 1  Memory Usage: 193kB
  Buffers: shared hit=637
  ->  Seq Scan on sales a  (cost=0.00..1637.00 rows=100000 width=8) (actual rows=100000 loops=1)
        Buffers: shared hit=637
Planning Time: 0.056 ms
Execution Time: 32.003 ms",26.656,2147.0,1000,"HashAggregate  (cost=2137.00..2147.00 rows=1000 width=12) (actual rows=1000 loops=1)
  Group Key: product_id
  Batches: 1  Memory Usage: 193kB
  Buffers: shared hit=637
  ->  Seq Scan on sales a  (cost=0.00..1637.00 rows=100000 width=8) (actual rows=100000 loops=1)
        Buffers: shared hit=637
Planning Time: 0.081 ms
Execution Time: 26.656 ms",28.1604,27.042,32.5655,33.578,2147.0,2147.0,1000,1000,1000,1000,1069_83,530,1069,83,Easy,"select a.product_id, sum(a.quantity) as total_quantity from schema_1069.sales as a join schema_1069.product as b on a.product_id = b.product_id group by a.product_id",36.072,2439.11,1000,"HashAggregate  (cost=2429.11..2439.11 rows=1000 width=12) (actual rows=1000 loops=1)
  Group Key: a.product_id
  Batches: 1  Memory Usage: 193kB
  Buffers: shared hit=643
  ->  Hash Join  (cost=28.50..1929.11 rows=100000 width=8) (actual rows=100000 loops=1)
        Hash Cond: (a.product_id = b.product_id)
        Buffers: shared hit=643
        ->  Seq Scan on sales a  (cost=0.00..1637.00 rows=100000 width=8) (actual rows=100000 loops=1)
              Buffers: shared hit=637
        ->  Hash  (cost=16.00..16.00 rows=1000 width=4) (actual rows=1000 loops=1)
              Buckets: 1024  Batches: 1  Memory Usage: 44kB
              Buffers: shared hit=6
              ->  Seq Scan on product b  (cost=0.00..16.00 rows=1000 width=4) (actual rows=1000 loops=1)
                    Buffers: shared hit=6
Planning:
  Buffers: shared hit=6
Planning Time: 0.163 ms
Execution Time: 36.072 ms",40.932,2439.11,1000,"HashAggregate  (cost=2429.11..2439.11 rows=1000 width=12) (actual rows=1000 loops=1)
  Group Key: a.product_id
  Batches: 1  Memory Usage: 193kB
  Buffers: shared hit=643
  ->  Hash Join  (cost=28.50..1929.11 rows=100000 width=8) (actual rows=100000 loops=1)
        Hash Cond: (a.product_id = b.product_id)
        Buffers: shared hit=643
        ->  Seq Scan on sales a  (cost=0.00..1637.00 rows=100000 width=8) (actual rows=100000 loops=1)
              Buffers: shared hit=637
        ->  Hash  (cost=16.00..16.00 rows=1000 width=4) (actual rows=1000 loops=1)
              Buckets: 1024  Batches: 1  Memory Usage: 44kB
              Buffers: shared hit=6
              ->  Seq Scan on product b  (cost=0.00..16.00 rows=1000 width=4) (actual rows=1000 loops=1)
                    Buffers: shared hit=6
Planning:
  Buffers: shared hit=6
Planning Time: 0.147 ms
Execution Time: 40.932 ms",50.176,2439.11,1000,"HashAggregate  (cost=2429.11..2439.11 rows=1000 width=12) (actual rows=1000 loops=1)
  Group Key: a.product_id
  Batches: 1  Memory Usage: 193kB
  Buffers: shared hit=643
  ->  Hash Join  (cost=28.50..1929.11 rows=100000 width=8) (actual rows=100000 loops=1)
        Hash Cond: (a.product_id = b.product_id)
        Buffers: shared hit=643
        ->  Seq Scan on sales a  (cost=0.00..1637.00 rows=100000 width=8) (actual rows=100000 loops=1)
              Buffers: shared hit=637
        ->  Hash  (cost=16.00..16.00 rows=1000 width=4) (actual rows=1000 loops=1)
              Buckets: 1024  Batches: 1  Memory Usage: 44kB
              Buffers: shared hit=6
              ->  Seq Scan on product b  (cost=0.00..16.00 rows=1000 width=4) (actual rows=1000 loops=1)
                    Buffers: shared hit=6
Planning:
  Buffers: shared hit=6
Planning Time: 0.218 ms
Execution Time: 50.176 ms",41.152,2439.11,1000,"HashAggregate  (cost=2429.11..2439.11 rows=1000 width=12) (actual rows=1000 loops=1)
  Group Key: a.product_id
  Batches: 1  Memory Usage: 193kB
  Buffers: shared hit=643
  ->  Hash Join  (cost=28.50..1929.11 rows=100000 width=8) (actual rows=100000 loops=1)
        Hash Cond: (a.product_id = b.product_id)
        Buffers: shared hit=643
        ->  Seq Scan on sales a  (cost=0.00..1637.00 rows=100000 width=8) (actual rows=100000 loops=1)
              Buffers: shared hit=637
        ->  Hash  (cost=16.00..16.00 rows=1000 width=4) (actual rows=1000 loops=1)
              Buckets: 1024  Batches: 1  Memory Usage: 44kB
              Buffers: shared hit=6
              ->  Seq Scan on product b  (cost=0.00..16.00 rows=1000 width=4) (actual rows=1000 loops=1)
                    Buffers: shared hit=6
Planning:
  Buffers: shared hit=6
Planning Time: 0.373 ms
Execution Time: 41.152 ms",42.889,2439.11,1000,"HashAggregate  (cost=2429.11..2439.11 rows=1000 width=12) (actual rows=1000 loops=1)
  Group Key: a.product_id
  Batches: 1  Memory Usage: 193kB
  Buffers: shared hit=643
  ->  Hash Join  (cost=28.50..1929.11 rows=100000 width=8) (actual rows=100000 loops=1)
        Hash Cond: (a.product_id = b.product_id)
        Buffers: shared hit=643
        ->  Seq Scan on sales a  (cost=0.00..1637.00 rows=100000 width=8) (actual rows=100000 loops=1)
              Buffers: shared hit=637
        ->  Hash  (cost=16.00..16.00 rows=1000 width=4) (actual rows=1000 loops=1)
              Buckets: 1024  Batches: 1  Memory Usage: 44kB
              Buffers: shared hit=6
              ->  Seq Scan on product b  (cost=0.00..16.00 rows=1000 width=4) (actual rows=1000 loops=1)
                    Buffers: shared hit=6
Planning:
  Buffers: shared hit=6
Planning Time: 0.265 ms
Execution Time: 42.889 ms",42.2442,41.152,46.5325,53.0908,2439.11,2439.11,1000,1000,1000,1000,normal,normal,26.085010199999996,20.310145300000006,equal variances,significant,0.003968253968253968,-14.0838,-14.11,-292.1100000000001,0,True
533,1069,93,Easy,"select s.product_id as product_id, sum(s.quantity) as total_quantity from schema_1069.sales as s group by s.product_id",25.173,2147.0,1000,"HashAggregate  (cost=2137.00..2147.00 rows=1000 width=12) (actual rows=1000 loops=1)
  Group Key: product_id
  Batches: 1  Memory Usage: 193kB
  Buffers: shared hit=637
  ->  Seq Scan on sales s  (cost=0.00..1637.00 rows=100000 width=8) (actual rows=100000 loops=1)
        Buffers: shared hit=637
Planning Time: 0.057 ms
Execution Time: 25.173 ms",26.955,2147.0,1000,"HashAggregate  (cost=2137.00..2147.00 rows=1000 width=12) (actual rows=1000 loops=1)
  Group Key: product_id
  Batches: 1  Memory Usage: 193kB
  Buffers: shared hit=637
  ->  Seq Scan on sales s  (cost=0.00..1637.00 rows=100000 width=8) (actual rows=100000 loops=1)
        Buffers: shared hit=637
Planning Time: 0.076 ms
Execution Time: 26.955 ms",37.839,2147.0,1000,"HashAggregate  (cost=2137.00..2147.00 rows=1000 width=12) (actual rows=1000 loops=1)
  Group Key: product_id
  Batches: 1  Memory Usage: 193kB
  Buffers: shared hit=637
  ->  Seq Scan on sales s  (cost=0.00..1637.00 rows=100000 width=8) (actual rows=100000 loops=1)
        Buffers: shared hit=637
Planning Time: 0.042 ms
Execution Time: 37.839 ms",31.915,2147.0,1000,"HashAggregate  (cost=2137.00..2147.00 rows=1000 width=12) (actual rows=1000 loops=1)
  Group Key: product_id
  Batches: 1  Memory Usage: 193kB
  Buffers: shared hit=637
  ->  Seq Scan on sales s  (cost=0.00..1637.00 rows=100000 width=8) (actual rows=100000 loops=1)
        Buffers: shared hit=637
Planning Time: 0.070 ms
Execution Time: 31.915 ms",25.845,2147.0,1000,"HashAggregate  (cost=2137.00..2147.00 rows=1000 width=12) (actual rows=1000 loops=1)
  Group Key: product_id
  Batches: 1  Memory Usage: 193kB
  Buffers: shared hit=637
  ->  Seq Scan on sales s  (cost=0.00..1637.00 rows=100000 width=8) (actual rows=100000 loops=1)
        Buffers: shared hit=637
Planning Time: 0.106 ms
Execution Time: 25.845 ms",29.5454,26.955,34.877,40.2086,2147.0,2147.0,1000,1000,1000,1000,1069_93,533,1069,93,Easy,"select s.product_id, sum(s.quantity) as total_quantity from schema_1069.sales as s join schema_1069.product as p on s.product_id = p.product_id group by s.product_id",35.847,2439.11,1000,"HashAggregate  (cost=2429.11..2439.11 rows=1000 width=12) (actual rows=1000 loops=1)
  Group Key: s.product_id
  Batches: 1  Memory Usage: 193kB
  Buffers: shared hit=643
  ->  Hash Join  (cost=28.50..1929.11 rows=100000 width=8) (actual rows=100000 loops=1)
        Hash Cond: (s.product_id = p.product_id)
        Buffers: shared hit=643
        ->  Seq Scan on sales s  (cost=0.00..1637.00 rows=100000 width=8) (actual rows=100000 loops=1)
              Buffers: shared hit=637
        ->  Hash  (cost=16.00..16.00 rows=1000 width=4) (actual rows=1000 loops=1)
              Buckets: 1024  Batches: 1  Memory Usage: 44kB
              Buffers: shared hit=6
              ->  Seq Scan on product p  (cost=0.00..16.00 rows=1000 width=4) (actual rows=1000 loops=1)
                    Buffers: shared hit=6
Planning:
  Buffers: shared hit=6
Planning Time: 0.135 ms
Execution Time: 35.847 ms",43.223,2439.11,1000,"HashAggregate  (cost=2429.11..2439.11 rows=1000 width=12) (actual rows=1000 loops=1)
  Group Key: s.product_id
  Batches: 1  Memory Usage: 193kB
  Buffers: shared hit=643
  ->  Hash Join  (cost=28.50..1929.11 rows=100000 width=8) (actual rows=100000 loops=1)
        Hash Cond: (s.product_id = p.product_id)
        Buffers: shared hit=643
        ->  Seq Scan on sales s  (cost=0.00..1637.00 rows=100000 width=8) (actual rows=100000 loops=1)
              Buffers: shared hit=637
        ->  Hash  (cost=16.00..16.00 rows=1000 width=4) (actual rows=1000 loops=1)
              Buckets: 1024  Batches: 1  Memory Usage: 44kB
              Buffers: shared hit=6
              ->  Seq Scan on product p  (cost=0.00..16.00 rows=1000 width=4) (actual rows=1000 loops=1)
                    Buffers: shared hit=6
Planning:
  Buffers: shared hit=6
Planning Time: 0.207 ms
Execution Time: 43.223 ms",42.374,2439.11,1000,"HashAggregate  (cost=2429.11..2439.11 rows=1000 width=12) (actual rows=1000 loops=1)
  Group Key: s.product_id
  Batches: 1  Memory Usage: 193kB
  Buffers: shared hit=643
  ->  Hash Join  (cost=28.50..1929.11 rows=100000 width=8) (actual rows=100000 loops=1)
        Hash Cond: (s.product_id = p.product_id)
        Buffers: shared hit=643
        ->  Seq Scan on sales s  (cost=0.00..1637.00 rows=100000 width=8) (actual rows=100000 loops=1)
              Buffers: shared hit=637
        ->  Hash  (cost=16.00..16.00 rows=1000 width=4) (actual rows=1000 loops=1)
              Buckets: 1024  Batches: 1  Memory Usage: 44kB
              Buffers: shared hit=6
              ->  Seq Scan on product p  (cost=0.00..16.00 rows=1000 width=4) (actual rows=1000 loops=1)
                    Buffers: shared hit=6
Planning:
  Buffers: shared hit=6
Planning Time: 0.217 ms
Execution Time: 42.374 ms",51.892,2439.11,1000,"HashAggregate  (cost=2429.11..2439.11 rows=1000 width=12) (actual rows=1000 loops=1)
  Group Key: s.product_id
  Batches: 1  Memory Usage: 193kB
  Buffers: shared hit=643
  ->  Hash Join  (cost=28.50..1929.11 rows=100000 width=8) (actual rows=100000 loops=1)
        Hash Cond: (s.product_id = p.product_id)
        Buffers: shared hit=643
        ->  Seq Scan on sales s  (cost=0.00..1637.00 rows=100000 width=8) (actual rows=100000 loops=1)
              Buffers: shared hit=637
        ->  Hash  (cost=16.00..16.00 rows=1000 width=4) (actual rows=1000 loops=1)
              Buckets: 1024  Batches: 1  Memory Usage: 44kB
              Buffers: shared hit=6
              ->  Seq Scan on product p  (cost=0.00..16.00 rows=1000 width=4) (actual rows=1000 loops=1)
                    Buffers: shared hit=6
Planning:
  Buffers: shared hit=6
Planning Time: 0.217 ms
Execution Time: 51.892 ms",43.111,2439.11,1000,"HashAggregate  (cost=2429.11..2439.11 rows=1000 width=12) (actual rows=1000 loops=1)
  Group Key: s.product_id
  Batches: 1  Memory Usage: 193kB
  Buffers: shared hit=643
  ->  Hash Join  (cost=28.50..1929.11 rows=100000 width=8) (actual rows=100000 loops=1)
        Hash Cond: (s.product_id = p.product_id)
        Buffers: shared hit=643
        ->  Seq Scan on sales s  (cost=0.00..1637.00 rows=100000 width=8) (actual rows=100000 loops=1)
              Buffers: shared hit=637
        ->  Hash  (cost=16.00..16.00 rows=1000 width=4) (actual rows=1000 loops=1)
              Buckets: 1024  Batches: 1  Memory Usage: 44kB
              Buffers: shared hit=6
              ->  Seq Scan on product p  (cost=0.00..16.00 rows=1000 width=4) (actual rows=1000 loops=1)
                    Buffers: shared hit=6
Planning:
  Buffers: shared hit=6
Planning Time: 0.214 ms
Execution Time: 43.111 ms",43.2894,43.111,47.5575,55.3596,2439.11,2439.11,1000,1000,1000,1000,normal,normal,32.567059300000004,28.4799548,equal variances,significant,0.007936507936507936,-13.744,-16.156,-292.1100000000001,0,True
534,1069,95,Easy,"select s.product_id as product_id, sum(s.quantity) as total_quantity from schema_1069.sales as s group by s.product_id",21.993,2147.0,1000,"HashAggregate  (cost=2137.00..2147.00 rows=1000 width=12) (actual rows=1000 loops=1)
  Group Key: product_id
  Batches: 1  Memory Usage: 193kB
  Buffers: shared hit=637
  ->  Seq Scan on sales s  (cost=0.00..1637.00 rows=100000 width=8) (actual rows=100000 loops=1)
        Buffers: shared hit=637
Planning Time: 0.045 ms
Execution Time: 21.993 ms",32.763,2147.0,1000,"HashAggregate  (cost=2137.00..2147.00 rows=1000 width=12) (actual rows=1000 loops=1)
  Group Key: product_id
  Batches: 1  Memory Usage: 193kB
  Buffers: shared hit=637
  ->  Seq Scan on sales s  (cost=0.00..1637.00 rows=100000 width=8) (actual rows=100000 loops=1)
        Buffers: shared hit=637
Planning Time: 0.064 ms
Execution Time: 32.763 ms",27.114,2147.0,1000,"HashAggregate  (cost=2137.00..2147.00 rows=1000 width=12) (actual rows=1000 loops=1)
  Group Key: product_id
  Batches: 1  Memory Usage: 193kB
  Buffers: shared hit=637
  ->  Seq Scan on sales s  (cost=0.00..1637.00 rows=100000 width=8) (actual rows=100000 loops=1)
        Buffers: shared hit=637
Planning Time: 0.067 ms
Execution Time: 27.114 ms",30.588,2147.0,1000,"HashAggregate  (cost=2137.00..2147.00 rows=1000 width=12) (actual rows=1000 loops=1)
  Group Key: product_id
  Batches: 1  Memory Usage: 193kB
  Buffers: shared hit=637
  ->  Seq Scan on sales s  (cost=0.00..1637.00 rows=100000 width=8) (actual rows=100000 loops=1)
        Buffers: shared hit=637
Planning Time: 0.061 ms
Execution Time: 30.588 ms",27.954,2147.0,1000,"HashAggregate  (cost=2137.00..2147.00 rows=1000 width=12) (actual rows=1000 loops=1)
  Group Key: product_id
  Batches: 1  Memory Usage: 193kB
  Buffers: shared hit=637
  ->  Seq Scan on sales s  (cost=0.00..1637.00 rows=100000 width=8) (actual rows=100000 loops=1)
        Buffers: shared hit=637
Planning Time: 0.060 ms
Execution Time: 27.954 ms",28.0824,27.954,31.6755,33.633,2147.0,2147.0,1000,1000,1000,1000,1069_95,534,1069,95,Easy,"select p.product_id, sum(s.quantity) as total_quantity from schema_1069.sales as s join schema_1069.product as p on s.product_id = p.product_id group by p.product_id",36.845,2439.11,1000,"HashAggregate  (cost=2429.11..2439.11 rows=1000 width=12) (actual rows=1000 loops=1)
  Group Key: p.product_id
  Batches: 1  Memory Usage: 193kB
  Buffers: shared hit=643
  ->  Hash Join  (cost=28.50..1929.11 rows=100000 width=8) (actual rows=100000 loops=1)
        Hash Cond: (s.product_id = p.product_id)
        Buffers: shared hit=643
        ->  Seq Scan on sales s  (cost=0.00..1637.00 rows=100000 width=8) (actual rows=100000 loops=1)
              Buffers: shared hit=637
        ->  Hash  (cost=16.00..16.00 rows=1000 width=4) (actual rows=1000 loops=1)
              Buckets: 1024  Batches: 1  Memory Usage: 44kB
              Buffers: shared hit=6
              ->  Seq Scan on product p  (cost=0.00..16.00 rows=1000 width=4) (actual rows=1000 loops=1)
                    Buffers: shared hit=6
Planning:
  Buffers: shared hit=6
Planning Time: 0.135 ms
Execution Time: 36.845 ms",41.591,2439.11,1000,"HashAggregate  (cost=2429.11..2439.11 rows=1000 width=12) (actual rows=1000 loops=1)
  Group Key: p.product_id
  Batches: 1  Memory Usage: 193kB
  Buffers: shared hit=643
  ->  Hash Join  (cost=28.50..1929.11 rows=100000 width=8) (actual rows=100000 loops=1)
        Hash Cond: (s.product_id = p.product_id)
        Buffers: shared hit=643
        ->  Seq Scan on sales s  (cost=0.00..1637.00 rows=100000 width=8) (actual rows=100000 loops=1)
              Buffers: shared hit=637
        ->  Hash  (cost=16.00..16.00 rows=1000 width=4) (actual rows=1000 loops=1)
              Buckets: 1024  Batches: 1  Memory Usage: 44kB
              Buffers: shared hit=6
              ->  Seq Scan on product p  (cost=0.00..16.00 rows=1000 width=4) (actual rows=1000 loops=1)
                    Buffers: shared hit=6
Planning:
  Buffers: shared hit=6
Planning Time: 0.250 ms
Execution Time: 41.591 ms",45.083,2439.11,1000,"HashAggregate  (cost=2429.11..2439.11 rows=1000 width=12) (actual rows=1000 loops=1)
  Group Key: p.product_id
  Batches: 1  Memory Usage: 193kB
  Buffers: shared hit=643
  ->  Hash Join  (cost=28.50..1929.11 rows=100000 width=8) (actual rows=100000 loops=1)
        Hash Cond: (s.product_id = p.product_id)
        Buffers: shared hit=643
        ->  Seq Scan on sales s  (cost=0.00..1637.00 rows=100000 width=8) (actual rows=100000 loops=1)
              Buffers: shared hit=637
        ->  Hash  (cost=16.00..16.00 rows=1000 width=4) (actual rows=1000 loops=1)
              Buckets: 1024  Batches: 1  Memory Usage: 44kB
              Buffers: shared hit=6
              ->  Seq Scan on product p  (cost=0.00..16.00 rows=1000 width=4) (actual rows=1000 loops=1)
                    Buffers: shared hit=6
Planning:
  Buffers: shared hit=6
Planning Time: 0.227 ms
Execution Time: 45.083 ms",43.18,2439.11,1000,"HashAggregate  (cost=2429.11..2439.11 rows=1000 width=12) (actual rows=1000 loops=1)
  Group Key: p.product_id
  Batches: 1  Memory Usage: 193kB
  Buffers: shared hit=643
  ->  Hash Join  (cost=28.50..1929.11 rows=100000 width=8) (actual rows=100000 loops=1)
        Hash Cond: (s.product_id = p.product_id)
        Buffers: shared hit=643
        ->  Seq Scan on sales s  (cost=0.00..1637.00 rows=100000 width=8) (actual rows=100000 loops=1)
              Buffers: shared hit=637
        ->  Hash  (cost=16.00..16.00 rows=1000 width=4) (actual rows=1000 loops=1)
              Buckets: 1024  Batches: 1  Memory Usage: 44kB
              Buffers: shared hit=6
              ->  Seq Scan on product p  (cost=0.00..16.00 rows=1000 width=4) (actual rows=1000 loops=1)
                    Buffers: shared hit=6
Planning:
  Buffers: shared hit=6
Planning Time: 0.193 ms
Execution Time: 43.180 ms",45.396,2439.11,1000,"HashAggregate  (cost=2429.11..2439.11 rows=1000 width=12) (actual rows=1000 loops=1)
  Group Key: p.product_id
  Batches: 1  Memory Usage: 193kB
  Buffers: shared hit=643
  ->  Hash Join  (cost=28.50..1929.11 rows=100000 width=8) (actual rows=100000 loops=1)
        Hash Cond: (s.product_id = p.product_id)
        Buffers: shared hit=643
        ->  Seq Scan on sales s  (cost=0.00..1637.00 rows=100000 width=8) (actual rows=100000 loops=1)
              Buffers: shared hit=637
        ->  Hash  (cost=16.00..16.00 rows=1000 width=4) (actual rows=1000 loops=1)
              Buckets: 1024  Batches: 1  Memory Usage: 44kB
              Buffers: shared hit=6
              ->  Seq Scan on product p  (cost=0.00..16.00 rows=1000 width=4) (actual rows=1000 loops=1)
                    Buffers: shared hit=6
Planning:
  Buffers: shared hit=6
Planning Time: 0.225 ms
Execution Time: 45.396 ms",42.419,43.18,45.2395,45.5212,2439.11,2439.11,1000,1000,1000,1000,normal,normal,12.073401500000003,16.5552813,equal variances,significant,0.003968253968253968,-14.336599999999997,-15.225999999999999,-292.1100000000001,0,True
535,1069,96,Easy,"select t_sales_0.product_id as product_id, sum(t_sales_0.quantity) as total_quantity from schema_1069.sales as t_sales_0 group by t_sales_0.product_id",21.748,2147.0,1000,"HashAggregate  (cost=2137.00..2147.00 rows=1000 width=12) (actual rows=1000 loops=1)
  Group Key: product_id
  Batches: 1  Memory Usage: 193kB
  Buffers: shared hit=637
  ->  Seq Scan on sales t_sales_0  (cost=0.00..1637.00 rows=100000 width=8) (actual rows=100000 loops=1)
        Buffers: shared hit=637
Planning Time: 0.041 ms
Execution Time: 21.748 ms",31.671,2147.0,1000,"HashAggregate  (cost=2137.00..2147.00 rows=1000 width=12) (actual rows=1000 loops=1)
  Group Key: product_id
  Batches: 1  Memory Usage: 193kB
  Buffers: shared hit=637
  ->  Seq Scan on sales t_sales_0  (cost=0.00..1637.00 rows=100000 width=8) (actual rows=100000 loops=1)
        Buffers: shared hit=637
Planning Time: 0.058 ms
Execution Time: 31.671 ms",29.446,2147.0,1000,"HashAggregate  (cost=2137.00..2147.00 rows=1000 width=12) (actual rows=1000 loops=1)
  Group Key: product_id
  Batches: 1  Memory Usage: 193kB
  Buffers: shared hit=637
  ->  Seq Scan on sales t_sales_0  (cost=0.00..1637.00 rows=100000 width=8) (actual rows=100000 loops=1)
        Buffers: shared hit=637
Planning Time: 0.058 ms
Execution Time: 29.446 ms",24.246,2147.0,1000,"HashAggregate  (cost=2137.00..2147.00 rows=1000 width=12) (actual rows=1000 loops=1)
  Group Key: product_id
  Batches: 1  Memory Usage: 193kB
  Buffers: shared hit=637
  ->  Seq Scan on sales t_sales_0  (cost=0.00..1637.00 rows=100000 width=8) (actual rows=100000 loops=1)
        Buffers: shared hit=637
Planning Time: 0.043 ms
Execution Time: 24.246 ms",27.526,2147.0,1000,"HashAggregate  (cost=2137.00..2147.00 rows=1000 width=12) (actual rows=1000 loops=1)
  Group Key: product_id
  Batches: 1  Memory Usage: 193kB
  Buffers: shared hit=637
  ->  Seq Scan on sales t_sales_0  (cost=0.00..1637.00 rows=100000 width=8) (actual rows=100000 loops=1)
        Buffers: shared hit=637
Planning Time: 0.059 ms
Execution Time: 27.526 ms",26.9274,27.526,30.5585,32.561,2147.0,2147.0,1000,1000,1000,1000,1069_96,535,1069,96,Easy,"select product.product_id as product_id, sum(quantity) as total_quantity from schema_1069.sales join schema_1069.product on sales.product_id = product.product_id group by product.product_id",35.976,2439.11,1000,"HashAggregate  (cost=2429.11..2439.11 rows=1000 width=12) (actual rows=1000 loops=1)
  Group Key: product.product_id
  Batches: 1  Memory Usage: 193kB
  Buffers: shared hit=643
  ->  Hash Join  (cost=28.50..1929.11 rows=100000 width=8) (actual rows=100000 loops=1)
        Hash Cond: (sales.product_id = product.product_id)
        Buffers: shared hit=643
        ->  Seq Scan on sales  (cost=0.00..1637.00 rows=100000 width=8) (actual rows=100000 loops=1)
              Buffers: shared hit=637
        ->  Hash  (cost=16.00..16.00 rows=1000 width=4) (actual rows=1000 loops=1)
              Buckets: 1024  Batches: 1  Memory Usage: 44kB
              Buffers: shared hit=6
              ->  Seq Scan on product  (cost=0.00..16.00 rows=1000 width=4) (actual rows=1000 loops=1)
                    Buffers: shared hit=6
Planning:
  Buffers: shared hit=6
Planning Time: 0.140 ms
Execution Time: 35.976 ms",41.269,2439.11,1000,"HashAggregate  (cost=2429.11..2439.11 rows=1000 width=12) (actual rows=1000 loops=1)
  Group Key: product.product_id
  Batches: 1  Memory Usage: 193kB
  Buffers: shared hit=643
  ->  Hash Join  (cost=28.50..1929.11 rows=100000 width=8) (actual rows=100000 loops=1)
        Hash Cond: (sales.product_id = product.product_id)
        Buffers: shared hit=643
        ->  Seq Scan on sales  (cost=0.00..1637.00 rows=100000 width=8) (actual rows=100000 loops=1)
              Buffers: shared hit=637
        ->  Hash  (cost=16.00..16.00 rows=1000 width=4) (actual rows=1000 loops=1)
              Buckets: 1024  Batches: 1  Memory Usage: 44kB
              Buffers: shared hit=6
              ->  Seq Scan on product  (cost=0.00..16.00 rows=1000 width=4) (actual rows=1000 loops=1)
                    Buffers: shared hit=6
Planning:
  Buffers: shared hit=6
Planning Time: 0.231 ms
Execution Time: 41.269 ms",41.322,2439.11,1000,"HashAggregate  (cost=2429.11..2439.11 rows=1000 width=12) (actual rows=1000 loops=1)
  Group Key: product.product_id
  Batches: 1  Memory Usage: 193kB
  Buffers: shared hit=643
  ->  Hash Join  (cost=28.50..1929.11 rows=100000 width=8) (actual rows=100000 loops=1)
        Hash Cond: (sales.product_id = product.product_id)
        Buffers: shared hit=643
        ->  Seq Scan on sales  (cost=0.00..1637.00 rows=100000 width=8) (actual rows=100000 loops=1)
              Buffers: shared hit=637
        ->  Hash  (cost=16.00..16.00 rows=1000 width=4) (actual rows=1000 loops=1)
              Buckets: 1024  Batches: 1  Memory Usage: 44kB
              Buffers: shared hit=6
              ->  Seq Scan on product  (cost=0.00..16.00 rows=1000 width=4) (actual rows=1000 loops=1)
                    Buffers: shared hit=6
Planning:
  Buffers: shared hit=6
Planning Time: 0.198 ms
Execution Time: 41.322 ms",44.417,2439.11,1000,"HashAggregate  (cost=2429.11..2439.11 rows=1000 width=12) (actual rows=1000 loops=1)
  Group Key: product.product_id
  Batches: 1  Memory Usage: 193kB
  Buffers: shared hit=643
  ->  Hash Join  (cost=28.50..1929.11 rows=100000 width=8) (actual rows=100000 loops=1)
        Hash Cond: (sales.product_id = product.product_id)
        Buffers: shared hit=643
        ->  Seq Scan on sales  (cost=0.00..1637.00 rows=100000 width=8) (actual rows=100000 loops=1)
              Buffers: shared hit=637
        ->  Hash  (cost=16.00..16.00 rows=1000 width=4) (actual rows=1000 loops=1)
              Buckets: 1024  Batches: 1  Memory Usage: 44kB
              Buffers: shared hit=6
              ->  Seq Scan on product  (cost=0.00..16.00 rows=1000 width=4) (actual rows=1000 loops=1)
                    Buffers: shared hit=6
Planning:
  Buffers: shared hit=6
Planning Time: 0.215 ms
Execution Time: 44.417 ms",45.665,2439.11,1000,"HashAggregate  (cost=2429.11..2439.11 rows=1000 width=12) (actual rows=1000 loops=1)
  Group Key: product.product_id
  Batches: 1  Memory Usage: 193kB
  Buffers: shared hit=643
  ->  Hash Join  (cost=28.50..1929.11 rows=100000 width=8) (actual rows=100000 loops=1)
        Hash Cond: (sales.product_id = product.product_id)
        Buffers: shared hit=643
        ->  Seq Scan on sales  (cost=0.00..1637.00 rows=100000 width=8) (actual rows=100000 loops=1)
              Buffers: shared hit=637
        ->  Hash  (cost=16.00..16.00 rows=1000 width=4) (actual rows=1000 loops=1)
              Buckets: 1024  Batches: 1  Memory Usage: 44kB
              Buffers: shared hit=6
              ->  Seq Scan on product  (cost=0.00..16.00 rows=1000 width=4) (actual rows=1000 loops=1)
                    Buffers: shared hit=6
Planning:
  Buffers: shared hit=6
Planning Time: 0.240 ms
Execution Time: 45.665 ms",41.7298,41.322,45.041,46.1642,2439.11,2439.11,1000,1000,1000,1000,normal,normal,14.047923700000002,15.804874799999997,equal variances,significant,0.003968253968253968,-14.802399999999999,-13.796000000000003,-292.1100000000001,0,True
539,1069,107,Easy,"select b.product_id as product_id, sum(b.quantity) as total_quantity from schema_1069.sales as b group by b.product_id",27.19,2147.0,1000,"HashAggregate  (cost=2137.00..2147.00 rows=1000 width=12) (actual rows=1000 loops=1)
  Group Key: product_id
  Batches: 1  Memory Usage: 193kB
  Buffers: shared hit=637
  ->  Seq Scan on sales b  (cost=0.00..1637.00 rows=100000 width=8) (actual rows=100000 loops=1)
        Buffers: shared hit=637
Planning Time: 0.059 ms
Execution Time: 27.190 ms",26.004,2147.0,1000,"HashAggregate  (cost=2137.00..2147.00 rows=1000 width=12) (actual rows=1000 loops=1)
  Group Key: product_id
  Batches: 1  Memory Usage: 193kB
  Buffers: shared hit=637
  ->  Seq Scan on sales b  (cost=0.00..1637.00 rows=100000 width=8) (actual rows=100000 loops=1)
        Buffers: shared hit=637
Planning Time: 0.112 ms
Execution Time: 26.004 ms",24.839,2147.0,1000,"HashAggregate  (cost=2137.00..2147.00 rows=1000 width=12) (actual rows=1000 loops=1)
  Group Key: product_id
  Batches: 1  Memory Usage: 193kB
  Buffers: shared hit=637
  ->  Seq Scan on sales b  (cost=0.00..1637.00 rows=100000 width=8) (actual rows=100000 loops=1)
        Buffers: shared hit=637
Planning Time: 0.068 ms
Execution Time: 24.839 ms",38.0,2147.0,1000,"HashAggregate  (cost=2137.00..2147.00 rows=1000 width=12) (actual rows=1000 loops=1)
  Group Key: product_id
  Batches: 1  Memory Usage: 193kB
  Buffers: shared hit=637
  ->  Seq Scan on sales b  (cost=0.00..1637.00 rows=100000 width=8) (actual rows=100000 loops=1)
        Buffers: shared hit=637
Planning Time: 0.041 ms
Execution Time: 38.000 ms",33.289,2147.0,1000,"HashAggregate  (cost=2137.00..2147.00 rows=1000 width=12) (actual rows=1000 loops=1)
  Group Key: product_id
  Batches: 1  Memory Usage: 193kB
  Buffers: shared hit=637
  ->  Seq Scan on sales b  (cost=0.00..1637.00 rows=100000 width=8) (actual rows=100000 loops=1)
        Buffers: shared hit=637
Planning Time: 0.063 ms
Execution Time: 33.289 ms",29.8644,27.19,35.6445,39.8844,2147.0,2147.0,1000,1000,1000,1000,1069_107,539,1069,107,Easy,"select a.product_id, sum(b.quantity) as total_quantity from schema_1069.product as a join schema_1069.sales as b on a.product_id = b.product_id group by a.product_id",39.546,2439.11,1000,"HashAggregate  (cost=2429.11..2439.11 rows=1000 width=12) (actual rows=1000 loops=1)
  Group Key: a.product_id
  Batches: 1  Memory Usage: 193kB
  Buffers: shared hit=643
  ->  Hash Join  (cost=28.50..1929.11 rows=100000 width=8) (actual rows=100000 loops=1)
        Hash Cond: (b.product_id = a.product_id)
        Buffers: shared hit=643
        ->  Seq Scan on sales b  (cost=0.00..1637.00 rows=100000 width=8) (actual rows=100000 loops=1)
              Buffers: shared hit=637
        ->  Hash  (cost=16.00..16.00 rows=1000 width=4) (actual rows=1000 loops=1)
              Buckets: 1024  Batches: 1  Memory Usage: 44kB
              Buffers: shared hit=6
              ->  Seq Scan on product a  (cost=0.00..16.00 rows=1000 width=4) (actual rows=1000 loops=1)
                    Buffers: shared hit=6
Planning:
  Buffers: shared hit=6
Planning Time: 0.147 ms
Execution Time: 39.546 ms",49.343,2439.11,1000,"HashAggregate  (cost=2429.11..2439.11 rows=1000 width=12) (actual rows=1000 loops=1)
  Group Key: a.product_id
  Batches: 1  Memory Usage: 193kB
  Buffers: shared hit=643
  ->  Hash Join  (cost=28.50..1929.11 rows=100000 width=8) (actual rows=100000 loops=1)
        Hash Cond: (b.product_id = a.product_id)
        Buffers: shared hit=643
        ->  Seq Scan on sales b  (cost=0.00..1637.00 rows=100000 width=8) (actual rows=100000 loops=1)
              Buffers: shared hit=637
        ->  Hash  (cost=16.00..16.00 rows=1000 width=4) (actual rows=1000 loops=1)
              Buckets: 1024  Batches: 1  Memory Usage: 44kB
              Buffers: shared hit=6
              ->  Seq Scan on product a  (cost=0.00..16.00 rows=1000 width=4) (actual rows=1000 loops=1)
                    Buffers: shared hit=6
Planning:
  Buffers: shared hit=6
Planning Time: 0.235 ms
Execution Time: 49.343 ms",52.268,2439.11,1000,"HashAggregate  (cost=2429.11..2439.11 rows=1000 width=12) (actual rows=1000 loops=1)
  Group Key: a.product_id
  Batches: 1  Memory Usage: 193kB
  Buffers: shared hit=643
  ->  Hash Join  (cost=28.50..1929.11 rows=100000 width=8) (actual rows=100000 loops=1)
        Hash Cond: (b.product_id = a.product_id)
        Buffers: shared hit=643
        ->  Seq Scan on sales b  (cost=0.00..1637.00 rows=100000 width=8) (actual rows=100000 loops=1)
              Buffers: shared hit=637
        ->  Hash  (cost=16.00..16.00 rows=1000 width=4) (actual rows=1000 loops=1)
              Buckets: 1024  Batches: 1  Memory Usage: 44kB
              Buffers: shared hit=6
              ->  Seq Scan on product a  (cost=0.00..16.00 rows=1000 width=4) (actual rows=1000 loops=1)
                    Buffers: shared hit=6
Planning:
  Buffers: shared hit=6
Planning Time: 0.245 ms
Execution Time: 52.268 ms",40.144,2439.11,1000,"HashAggregate  (cost=2429.11..2439.11 rows=1000 width=12) (actual rows=1000 loops=1)
  Group Key: a.product_id
  Batches: 1  Memory Usage: 193kB
  Buffers: shared hit=643
  ->  Hash Join  (cost=28.50..1929.11 rows=100000 width=8) (actual rows=100000 loops=1)
        Hash Cond: (b.product_id = a.product_id)
        Buffers: shared hit=643
        ->  Seq Scan on sales b  (cost=0.00..1637.00 rows=100000 width=8) (actual rows=100000 loops=1)
              Buffers: shared hit=637
        ->  Hash  (cost=16.00..16.00 rows=1000 width=4) (actual rows=1000 loops=1)
              Buckets: 1024  Batches: 1  Memory Usage: 44kB
              Buffers: shared hit=6
              ->  Seq Scan on product a  (cost=0.00..16.00 rows=1000 width=4) (actual rows=1000 loops=1)
                    Buffers: shared hit=6
Planning:
  Buffers: shared hit=6
Planning Time: 0.200 ms
Execution Time: 40.144 ms",42.687,2439.11,1000,"HashAggregate  (cost=2429.11..2439.11 rows=1000 width=12) (actual rows=1000 loops=1)
  Group Key: a.product_id
  Batches: 1  Memory Usage: 193kB
  Buffers: shared hit=643
  ->  Hash Join  (cost=28.50..1929.11 rows=100000 width=8) (actual rows=100000 loops=1)
        Hash Cond: (b.product_id = a.product_id)
        Buffers: shared hit=643
        ->  Seq Scan on sales b  (cost=0.00..1637.00 rows=100000 width=8) (actual rows=100000 loops=1)
              Buffers: shared hit=637
        ->  Hash  (cost=16.00..16.00 rows=1000 width=4) (actual rows=1000 loops=1)
              Buckets: 1024  Batches: 1  Memory Usage: 44kB
              Buffers: shared hit=6
              ->  Seq Scan on product a  (cost=0.00..16.00 rows=1000 width=4) (actual rows=1000 loops=1)
                    Buffers: shared hit=6
Planning:
  Buffers: shared hit=6
Planning Time: 0.222 ms
Execution Time: 42.687 ms",44.7976,42.687,50.8055,53.438,2439.11,2439.11,1000,1000,1000,1000,normal,normal,32.53936630000002,31.306405300000005,equal variances,significant,0.003968253968253968,-14.933200000000003,-15.496999999999996,-292.1100000000001,0,True
541,1069,111,Easy,"select distinct t_cte_7.c_product_id0 as product_id, t_cte_7.c_sum0 as total_quantity from (select t_sales_0.product_id as c_product_id0, sum(t_sales_0.quantity) as c_sum0 from schema_1069.sales as t_sales_0 group by t_sales_0.product_id) as t_cte_7 order by product_id asc",35.094,2172.14,1000,"Sort  (cost=2171.64..2172.14 rows=200 width=12) (actual rows=1000 loops=1)
  Sort Key: t_sales_0.product_id
  Sort Method: quicksort  Memory: 71kB
  Buffers: shared hit=637
  ->  HashAggregate  (cost=2162.00..2164.00 rows=200 width=12) (actual rows=1000 loops=1)
        Group Key: t_sales_0.product_id, sum(t_sales_0.quantity)
        Batches: 1  Memory Usage: 145kB
        Buffers: shared hit=637
        ->  HashAggregate  (cost=2137.00..2147.00 rows=1000 width=12) (actual rows=1000 loops=1)
              Group Key: t_sales_0.product_id
              Batches: 1  Memory Usage: 193kB
              Buffers: shared hit=637
              ->  Seq Scan on sales t_sales_0  (cost=0.00..1637.00 rows=100000 width=8) (actual rows=100000 loops=1)
                    Buffers: shared hit=637
Planning Time: 0.094 ms
Execution Time: 35.094 ms",28.374,2172.14,1000,"Sort  (cost=2171.64..2172.14 rows=200 width=12) (actual rows=1000 loops=1)
  Sort Key: t_sales_0.product_id
  Sort Method: quicksort  Memory: 71kB
  Buffers: shared hit=637
  ->  HashAggregate  (cost=2162.00..2164.00 rows=200 width=12) (actual rows=1000 loops=1)
        Group Key: t_sales_0.product_id, sum(t_sales_0.quantity)
        Batches: 1  Memory Usage: 145kB
        Buffers: shared hit=637
        ->  HashAggregate  (cost=2137.00..2147.00 rows=1000 width=12) (actual rows=1000 loops=1)
              Group Key: t_sales_0.product_id
              Batches: 1  Memory Usage: 193kB
              Buffers: shared hit=637
              ->  Seq Scan on sales t_sales_0  (cost=0.00..1637.00 rows=100000 width=8) (actual rows=100000 loops=1)
                    Buffers: shared hit=637
Planning Time: 0.152 ms
Execution Time: 28.374 ms",30.183,2172.14,1000,"Sort  (cost=2171.64..2172.14 rows=200 width=12) (actual rows=1000 loops=1)
  Sort Key: t_sales_0.product_id
  Sort Method: quicksort  Memory: 71kB
  Buffers: shared hit=637
  ->  HashAggregate  (cost=2162.00..2164.00 rows=200 width=12) (actual rows=1000 loops=1)
        Group Key: t_sales_0.product_id, sum(t_sales_0.quantity)
        Batches: 1  Memory Usage: 145kB
        Buffers: shared hit=637
        ->  HashAggregate  (cost=2137.00..2147.00 rows=1000 width=12) (actual rows=1000 loops=1)
              Group Key: t_sales_0.product_id
              Batches: 1  Memory Usage: 193kB
              Buffers: shared hit=637
              ->  Seq Scan on sales t_sales_0  (cost=0.00..1637.00 rows=100000 width=8) (actual rows=100000 loops=1)
                    Buffers: shared hit=637
Planning Time: 0.085 ms
Execution Time: 30.183 ms",30.324,2172.14,1000,"Sort  (cost=2171.64..2172.14 rows=200 width=12) (actual rows=1000 loops=1)
  Sort Key: t_sales_0.product_id
  Sort Method: quicksort  Memory: 71kB
  Buffers: shared hit=637
  ->  HashAggregate  (cost=2162.00..2164.00 rows=200 width=12) (actual rows=1000 loops=1)
        Group Key: t_sales_0.product_id, sum(t_sales_0.quantity)
        Batches: 1  Memory Usage: 145kB
        Buffers: shared hit=637
        ->  HashAggregate  (cost=2137.00..2147.00 rows=1000 width=12) (actual rows=1000 loops=1)
              Group Key: t_sales_0.product_id
              Batches: 1  Memory Usage: 193kB
              Buffers: shared hit=637
              ->  Seq Scan on sales t_sales_0  (cost=0.00..1637.00 rows=100000 width=8) (actual rows=100000 loops=1)
                    Buffers: shared hit=637
Planning Time: 0.115 ms
Execution Time: 30.324 ms",26.996,2172.14,1000,"Sort  (cost=2171.64..2172.14 rows=200 width=12) (actual rows=1000 loops=1)
  Sort Key: t_sales_0.product_id
  Sort Method: quicksort  Memory: 71kB
  Buffers: shared hit=637
  ->  HashAggregate  (cost=2162.00..2164.00 rows=200 width=12) (actual rows=1000 loops=1)
        Group Key: t_sales_0.product_id, sum(t_sales_0.quantity)
        Batches: 1  Memory Usage: 145kB
        Buffers: shared hit=637
        ->  HashAggregate  (cost=2137.00..2147.00 rows=1000 width=12) (actual rows=1000 loops=1)
              Group Key: t_sales_0.product_id
              Batches: 1  Memory Usage: 193kB
              Buffers: shared hit=637
              ->  Seq Scan on sales t_sales_0  (cost=0.00..1637.00 rows=100000 width=8) (actual rows=100000 loops=1)
                    Buffers: shared hit=637
Planning Time: 0.135 ms
Execution Time: 26.996 ms",30.1942,30.183,32.709,37.002,2172.14,2172.14,1000,1000,1000,1000,1069_111,541,1069,111,Easy,"select distinct product_id, sum(quantity) as total_quantity from schema_1069.sales group by product_id order by product_id",24.072,2204.33,1000,"Unique  (cost=2196.83..2204.33 rows=1000 width=12) (actual rows=1000 loops=1)
  Buffers: shared hit=637
  ->  Sort  (cost=2196.83..2199.33 rows=1000 width=12) (actual rows=1000 loops=1)
        Sort Key: product_id, (sum(quantity))
        Sort Method: quicksort  Memory: 71kB
        Buffers: shared hit=637
        ->  HashAggregate  (cost=2137.00..2147.00 rows=1000 width=12) (actual rows=1000 loops=1)
              Group Key: product_id
              Batches: 1  Memory Usage: 193kB
              Buffers: shared hit=637
              ->  Seq Scan on sales  (cost=0.00..1637.00 rows=100000 width=8) (actual rows=100000 loops=1)
                    Buffers: shared hit=637
Planning Time: 0.086 ms
Execution Time: 24.072 ms",31.059,2204.33,1000,"Unique  (cost=2196.83..2204.33 rows=1000 width=12) (actual rows=1000 loops=1)
  Buffers: shared hit=637
  ->  Sort  (cost=2196.83..2199.33 rows=1000 width=12) (actual rows=1000 loops=1)
        Sort Key: product_id, (sum(quantity))
        Sort Method: quicksort  Memory: 71kB
        Buffers: shared hit=637
        ->  HashAggregate  (cost=2137.00..2147.00 rows=1000 width=12) (actual rows=1000 loops=1)
              Group Key: product_id
              Batches: 1  Memory Usage: 193kB
              Buffers: shared hit=637
              ->  Seq Scan on sales  (cost=0.00..1637.00 rows=100000 width=8) (actual rows=100000 loops=1)
                    Buffers: shared hit=637
Planning Time: 0.136 ms
Execution Time: 31.059 ms",27.973,2204.33,1000,"Unique  (cost=2196.83..2204.33 rows=1000 width=12) (actual rows=1000 loops=1)
  Buffers: shared hit=637
  ->  Sort  (cost=2196.83..2199.33 rows=1000 width=12) (actual rows=1000 loops=1)
        Sort Key: product_id, (sum(quantity))
        Sort Method: quicksort  Memory: 71kB
        Buffers: shared hit=637
        ->  HashAggregate  (cost=2137.00..2147.00 rows=1000 width=12) (actual rows=1000 loops=1)
              Group Key: product_id
              Batches: 1  Memory Usage: 193kB
              Buffers: shared hit=637
              ->  Seq Scan on sales  (cost=0.00..1637.00 rows=100000 width=8) (actual rows=100000 loops=1)
                    Buffers: shared hit=637
Planning Time: 0.074 ms
Execution Time: 27.973 ms",25.312,2204.33,1000,"Unique  (cost=2196.83..2204.33 rows=1000 width=12) (actual rows=1000 loops=1)
  Buffers: shared hit=637
  ->  Sort  (cost=2196.83..2199.33 rows=1000 width=12) (actual rows=1000 loops=1)
        Sort Key: product_id, (sum(quantity))
        Sort Method: quicksort  Memory: 71kB
        Buffers: shared hit=637
        ->  HashAggregate  (cost=2137.00..2147.00 rows=1000 width=12) (actual rows=1000 loops=1)
              Group Key: product_id
              Batches: 1  Memory Usage: 193kB
              Buffers: shared hit=637
              ->  Seq Scan on sales  (cost=0.00..1637.00 rows=100000 width=8) (actual rows=100000 loops=1)
                    Buffers: shared hit=637
Planning Time: 0.083 ms
Execution Time: 25.312 ms",28.572,2204.33,1000,"Unique  (cost=2196.83..2204.33 rows=1000 width=12) (actual rows=1000 loops=1)
  Buffers: shared hit=637
  ->  Sort  (cost=2196.83..2199.33 rows=1000 width=12) (actual rows=1000 loops=1)
        Sort Key: product_id, (sum(quantity))
        Sort Method: quicksort  Memory: 71kB
        Buffers: shared hit=637
        ->  HashAggregate  (cost=2137.00..2147.00 rows=1000 width=12) (actual rows=1000 loops=1)
              Group Key: product_id
              Batches: 1  Memory Usage: 193kB
              Buffers: shared hit=637
              ->  Seq Scan on sales  (cost=0.00..1637.00 rows=100000 width=8) (actual rows=100000 loops=1)
                    Buffers: shared hit=637
Planning Time: 0.118 ms
Execution Time: 28.572 ms",27.3976,27.973,29.8155,32.0538,2204.33,2204.33,1000,1000,1000,1000,normal,normal,7.631373300000002,9.391656200000007,equal variances,not significant,0.8888888888888888,2.796599999999998,2.210000000000001,-32.190000000000055,0,True
542,1069,112,Easy,"select t_sales_0.product_id as product_id, sum(t_sales_0.quantity) as total_quantity from schema_1069.sales as t_sales_0 group by t_sales_0.product_id",24.264,2147.0,1000,"HashAggregate  (cost=2137.00..2147.00 rows=1000 width=12) (actual rows=1000 loops=1)
  Group Key: product_id
  Batches: 1  Memory Usage: 193kB
  Buffers: shared hit=637
  ->  Seq Scan on sales t_sales_0  (cost=0.00..1637.00 rows=100000 width=8) (actual rows=100000 loops=1)
        Buffers: shared hit=637
Planning Time: 0.056 ms
Execution Time: 24.264 ms",28.708,2147.0,1000,"HashAggregate  (cost=2137.00..2147.00 rows=1000 width=12) (actual rows=1000 loops=1)
  Group Key: product_id
  Batches: 1  Memory Usage: 193kB
  Buffers: shared hit=637
  ->  Seq Scan on sales t_sales_0  (cost=0.00..1637.00 rows=100000 width=8) (actual rows=100000 loops=1)
        Buffers: shared hit=637
Planning Time: 0.064 ms
Execution Time: 28.708 ms",42.739,2147.0,1000,"HashAggregate  (cost=2137.00..2147.00 rows=1000 width=12) (actual rows=1000 loops=1)
  Group Key: product_id
  Batches: 1  Memory Usage: 193kB
  Buffers: shared hit=637
  ->  Seq Scan on sales t_sales_0  (cost=0.00..1637.00 rows=100000 width=8) (actual rows=100000 loops=1)
        Buffers: shared hit=637
Planning Time: 0.059 ms
Execution Time: 42.739 ms",31.409,2147.0,1000,"HashAggregate  (cost=2137.00..2147.00 rows=1000 width=12) (actual rows=1000 loops=1)
  Group Key: product_id
  Batches: 1  Memory Usage: 193kB
  Buffers: shared hit=637
  ->  Seq Scan on sales t_sales_0  (cost=0.00..1637.00 rows=100000 width=8) (actual rows=100000 loops=1)
        Buffers: shared hit=637
Planning Time: 0.080 ms
Execution Time: 31.409 ms",27.791,2147.0,1000,"HashAggregate  (cost=2137.00..2147.00 rows=1000 width=12) (actual rows=1000 loops=1)
  Group Key: product_id
  Batches: 1  Memory Usage: 193kB
  Buffers: shared hit=637
  ->  Seq Scan on sales t_sales_0  (cost=0.00..1637.00 rows=100000 width=8) (actual rows=100000 loops=1)
        Buffers: shared hit=637
Planning Time: 0.114 ms
Execution Time: 27.791 ms",30.9822,28.708,37.074,47.271,2147.0,2147.0,1000,1000,1000,1000,1069_112,542,1069,112,Easy,"select distinct product_id, sum(quantity) over (partition by product_id order by product_id) as total_quantity from schema_1069.sales",97.312,12541.82,1000,"HashAggregate  (cost=12441.82..12541.82 rows=10000 width=12) (actual rows=1000 loops=1)
  Group Key: product_id, sum(quantity) OVER (?)
  Batches: 1  Memory Usage: 465kB
  Buffers: shared hit=637, temp read=221 written=222
  ->  WindowAgg  (cost=9941.82..11941.82 rows=100000 width=12) (actual rows=100000 loops=1)
        Buffers: shared hit=637, temp read=221 written=222
        ->  Sort  (cost=9941.82..10191.82 rows=100000 width=8) (actual rows=100000 loops=1)
              Sort Key: product_id
              Sort Method: external merge  Disk: 1768kB
              Buffers: shared hit=637, temp read=221 written=222
              ->  Seq Scan on sales  (cost=0.00..1637.00 rows=100000 width=8) (actual rows=100000 loops=1)
                    Buffers: shared hit=637
Planning Time: 0.070 ms
Execution Time: 97.312 ms",106.857,12541.82,1000,"HashAggregate  (cost=12441.82..12541.82 rows=10000 width=12) (actual rows=1000 loops=1)
  Group Key: product_id, sum(quantity) OVER (?)
  Batches: 1  Memory Usage: 465kB
  Buffers: shared hit=637, temp read=221 written=222
  ->  WindowAgg  (cost=9941.82..11941.82 rows=100000 width=12) (actual rows=100000 loops=1)
        Buffers: shared hit=637, temp read=221 written=222
        ->  Sort  (cost=9941.82..10191.82 rows=100000 width=8) (actual rows=100000 loops=1)
              Sort Key: product_id
              Sort Method: external merge  Disk: 1768kB
              Buffers: shared hit=637, temp read=221 written=222
              ->  Seq Scan on sales  (cost=0.00..1637.00 rows=100000 width=8) (actual rows=100000 loops=1)
                    Buffers: shared hit=637
Planning Time: 0.068 ms
Execution Time: 106.857 ms",104.315,12541.82,1000,"HashAggregate  (cost=12441.82..12541.82 rows=10000 width=12) (actual rows=1000 loops=1)
  Group Key: product_id, sum(quantity) OVER (?)
  Batches: 1  Memory Usage: 465kB
  Buffers: shared hit=637, temp read=221 written=222
  ->  WindowAgg  (cost=9941.82..11941.82 rows=100000 width=12) (actual rows=100000 loops=1)
        Buffers: shared hit=637, temp read=221 written=222
        ->  Sort  (cost=9941.82..10191.82 rows=100000 width=8) (actual rows=100000 loops=1)
              Sort Key: product_id
              Sort Method: external merge  Disk: 1768kB
              Buffers: shared hit=637, temp read=221 written=222
              ->  Seq Scan on sales  (cost=0.00..1637.00 rows=100000 width=8) (actual rows=100000 loops=1)
                    Buffers: shared hit=637
Planning Time: 0.093 ms
Execution Time: 104.315 ms",100.93,12541.82,1000,"HashAggregate  (cost=12441.82..12541.82 rows=10000 width=12) (actual rows=1000 loops=1)
  Group Key: product_id, sum(quantity) OVER (?)
  Batches: 1  Memory Usage: 465kB
  Buffers: shared hit=637, temp read=221 written=222
  ->  WindowAgg  (cost=9941.82..11941.82 rows=100000 width=12) (actual rows=100000 loops=1)
        Buffers: shared hit=637, temp read=221 written=222
        ->  Sort  (cost=9941.82..10191.82 rows=100000 width=8) (actual rows=100000 loops=1)
              Sort Key: product_id
              Sort Method: external merge  Disk: 1768kB
              Buffers: shared hit=637, temp read=221 written=222
              ->  Seq Scan on sales  (cost=0.00..1637.00 rows=100000 width=8) (actual rows=100000 loops=1)
                    Buffers: shared hit=637
Planning Time: 0.069 ms
Execution Time: 100.930 ms",102.966,12541.82,1000,"HashAggregate  (cost=12441.82..12541.82 rows=10000 width=12) (actual rows=1000 loops=1)
  Group Key: product_id, sum(quantity) OVER (?)
  Batches: 1  Memory Usage: 465kB
  Buffers: shared hit=637, temp read=221 written=222
  ->  WindowAgg  (cost=9941.82..11941.82 rows=100000 width=12) (actual rows=100000 loops=1)
        Buffers: shared hit=637, temp read=221 written=222
        ->  Sort  (cost=9941.82..10191.82 rows=100000 width=8) (actual rows=100000 loops=1)
              Sort Key: product_id
              Sort Method: external merge  Disk: 1768kB
              Buffers: shared hit=637, temp read=221 written=222
              ->  Seq Scan on sales  (cost=0.00..1637.00 rows=100000 width=8) (actual rows=100000 loops=1)
                    Buffers: shared hit=637
Planning Time: 0.068 ms
Execution Time: 102.966 ms",102.476,102.966,105.586,107.8738,12541.82,12541.82,1000,1000,1000,1000,normal,normal,12.968048499999998,49.723614699999985,equal variances,significant,0.003968253968253968,-71.4938,-74.258,-10394.82,0,True
543,1069,115,Easy,"select s.product_id as product_id, sum(s.quantity) as total_quantity from schema_1069.sales as s group by s.product_id",22.069,2147.0,1000,"HashAggregate  (cost=2137.00..2147.00 rows=1000 width=12) (actual rows=1000 loops=1)
  Group Key: product_id
  Batches: 1  Memory Usage: 193kB
  Buffers: shared hit=637
  ->  Seq Scan on sales s  (cost=0.00..1637.00 rows=100000 width=8) (actual rows=100000 loops=1)
        Buffers: shared hit=637
Planning Time: 0.042 ms
Execution Time: 22.069 ms",27.737,2147.0,1000,"HashAggregate  (cost=2137.00..2147.00 rows=1000 width=12) (actual rows=1000 loops=1)
  Group Key: product_id
  Batches: 1  Memory Usage: 193kB
  Buffers: shared hit=637
  ->  Seq Scan on sales s  (cost=0.00..1637.00 rows=100000 width=8) (actual rows=100000 loops=1)
        Buffers: shared hit=637
Planning Time: 0.059 ms
Execution Time: 27.737 ms",24.773,2147.0,1000,"HashAggregate  (cost=2137.00..2147.00 rows=1000 width=12) (actual rows=1000 loops=1)
  Group Key: product_id
  Batches: 1  Memory Usage: 193kB
  Buffers: shared hit=637
  ->  Seq Scan on sales s  (cost=0.00..1637.00 rows=100000 width=8) (actual rows=100000 loops=1)
        Buffers: shared hit=637
Planning Time: 0.047 ms
Execution Time: 24.773 ms",25.489,2147.0,1000,"HashAggregate  (cost=2137.00..2147.00 rows=1000 width=12) (actual rows=1000 loops=1)
  Group Key: product_id
  Batches: 1  Memory Usage: 193kB
  Buffers: shared hit=637
  ->  Seq Scan on sales s  (cost=0.00..1637.00 rows=100000 width=8) (actual rows=100000 loops=1)
        Buffers: shared hit=637
Planning Time: 0.066 ms
Execution Time: 25.489 ms",25.984,2147.0,1000,"HashAggregate  (cost=2137.00..2147.00 rows=1000 width=12) (actual rows=1000 loops=1)
  Group Key: product_id
  Batches: 1  Memory Usage: 193kB
  Buffers: shared hit=637
  ->  Seq Scan on sales s  (cost=0.00..1637.00 rows=100000 width=8) (actual rows=100000 loops=1)
        Buffers: shared hit=637
Planning Time: 0.055 ms
Execution Time: 25.984 ms",25.2104,25.489,26.8605,28.4382,2147.0,2147.0,1000,1000,1000,1000,1069_115,543,1069,115,Easy,"select distinct s.product_id, sum(s.quantity) as total_quantity from schema_1069.sales as s join schema_1069.product as p on s.product_id = p.product_id group by s.product_id",36.652,2454.11,1000,"HashAggregate  (cost=2444.11..2454.11 rows=1000 width=12) (actual rows=1000 loops=1)
  Group Key: s.product_id, sum(s.quantity)
  Batches: 1  Memory Usage: 129kB
  Buffers: shared hit=643
  ->  HashAggregate  (cost=2429.11..2439.11 rows=1000 width=12) (actual rows=1000 loops=1)
        Group Key: s.product_id
        Batches: 1  Memory Usage: 193kB
        Buffers: shared hit=643
        ->  Hash Join  (cost=28.50..1929.11 rows=100000 width=8) (actual rows=100000 loops=1)
              Hash Cond: (s.product_id = p.product_id)
              Buffers: shared hit=643
              ->  Seq Scan on sales s  (cost=0.00..1637.00 rows=100000 width=8) (actual rows=100000 loops=1)
                    Buffers: shared hit=637
              ->  Hash  (cost=16.00..16.00 rows=1000 width=4) (actual rows=1000 loops=1)
                    Buckets: 1024  Batches: 1  Memory Usage: 44kB
                    Buffers: shared hit=6
                    ->  Seq Scan on product p  (cost=0.00..16.00 rows=1000 width=4) (actual rows=1000 loops=1)
                          Buffers: shared hit=6
Planning:
  Buffers: shared hit=6
Planning Time: 0.149 ms
Execution Time: 36.652 ms",46.25,2454.11,1000,"HashAggregate  (cost=2444.11..2454.11 rows=1000 width=12) (actual rows=1000 loops=1)
  Group Key: s.product_id, sum(s.quantity)
  Batches: 1  Memory Usage: 129kB
  Buffers: shared hit=643
  ->  HashAggregate  (cost=2429.11..2439.11 rows=1000 width=12) (actual rows=1000 loops=1)
        Group Key: s.product_id
        Batches: 1  Memory Usage: 193kB
        Buffers: shared hit=643
        ->  Hash Join  (cost=28.50..1929.11 rows=100000 width=8) (actual rows=100000 loops=1)
              Hash Cond: (s.product_id = p.product_id)
              Buffers: shared hit=643
              ->  Seq Scan on sales s  (cost=0.00..1637.00 rows=100000 width=8) (actual rows=100000 loops=1)
                    Buffers: shared hit=637
              ->  Hash  (cost=16.00..16.00 rows=1000 width=4) (actual rows=1000 loops=1)
                    Buckets: 1024  Batches: 1  Memory Usage: 44kB
                    Buffers: shared hit=6
                    ->  Seq Scan on product p  (cost=0.00..16.00 rows=1000 width=4) (actual rows=1000 loops=1)
                          Buffers: shared hit=6
Planning:
  Buffers: shared hit=6
Planning Time: 0.216 ms
Execution Time: 46.250 ms",42.207,2454.11,1000,"HashAggregate  (cost=2444.11..2454.11 rows=1000 width=12) (actual rows=1000 loops=1)
  Group Key: s.product_id, sum(s.quantity)
  Batches: 1  Memory Usage: 129kB
  Buffers: shared hit=643
  ->  HashAggregate  (cost=2429.11..2439.11 rows=1000 width=12) (actual rows=1000 loops=1)
        Group Key: s.product_id
        Batches: 1  Memory Usage: 193kB
        Buffers: shared hit=643
        ->  Hash Join  (cost=28.50..1929.11 rows=100000 width=8) (actual rows=100000 loops=1)
              Hash Cond: (s.product_id = p.product_id)
              Buffers: shared hit=643
              ->  Seq Scan on sales s  (cost=0.00..1637.00 rows=100000 width=8) (actual rows=100000 loops=1)
                    Buffers: shared hit=637
              ->  Hash  (cost=16.00..16.00 rows=1000 width=4) (actual rows=1000 loops=1)
                    Buckets: 1024  Batches: 1  Memory Usage: 44kB
                    Buffers: shared hit=6
                    ->  Seq Scan on product p  (cost=0.00..16.00 rows=1000 width=4) (actual rows=1000 loops=1)
                          Buffers: shared hit=6
Planning:
  Buffers: shared hit=6
Planning Time: 0.327 ms
Execution Time: 42.207 ms",42.115,2454.11,1000,"HashAggregate  (cost=2444.11..2454.11 rows=1000 width=12) (actual rows=1000 loops=1)
  Group Key: s.product_id, sum(s.quantity)
  Batches: 1  Memory Usage: 129kB
  Buffers: shared hit=643
  ->  HashAggregate  (cost=2429.11..2439.11 rows=1000 width=12) (actual rows=1000 loops=1)
        Group Key: s.product_id
        Batches: 1  Memory Usage: 193kB
        Buffers: shared hit=643
        ->  Hash Join  (cost=28.50..1929.11 rows=100000 width=8) (actual rows=100000 loops=1)
              Hash Cond: (s.product_id = p.product_id)
              Buffers: shared hit=643
              ->  Seq Scan on sales s  (cost=0.00..1637.00 rows=100000 width=8) (actual rows=100000 loops=1)
                    Buffers: shared hit=637
              ->  Hash  (cost=16.00..16.00 rows=1000 width=4) (actual rows=1000 loops=1)
                    Buckets: 1024  Batches: 1  Memory Usage: 44kB
                    Buffers: shared hit=6
                    ->  Seq Scan on product p  (cost=0.00..16.00 rows=1000 width=4) (actual rows=1000 loops=1)
                          Buffers: shared hit=6
Planning:
  Buffers: shared hit=6
Planning Time: 0.215 ms
Execution Time: 42.115 ms",44.645,2454.11,1000,"HashAggregate  (cost=2444.11..2454.11 rows=1000 width=12) (actual rows=1000 loops=1)
  Group Key: s.product_id, sum(s.quantity)
  Batches: 1  Memory Usage: 129kB
  Buffers: shared hit=643
  ->  HashAggregate  (cost=2429.11..2439.11 rows=1000 width=12) (actual rows=1000 loops=1)
        Group Key: s.product_id
        Batches: 1  Memory Usage: 193kB
        Buffers: shared hit=643
        ->  Hash Join  (cost=28.50..1929.11 rows=100000 width=8) (actual rows=100000 loops=1)
              Hash Cond: (s.product_id = p.product_id)
              Buffers: shared hit=643
              ->  Seq Scan on sales s  (cost=0.00..1637.00 rows=100000 width=8) (actual rows=100000 loops=1)
                    Buffers: shared hit=637
              ->  Hash  (cost=16.00..16.00 rows=1000 width=4) (actual rows=1000 loops=1)
                    Buckets: 1024  Batches: 1  Memory Usage: 44kB
                    Buffers: shared hit=6
                    ->  Seq Scan on product p  (cost=0.00..16.00 rows=1000 width=4) (actual rows=1000 loops=1)
                          Buffers: shared hit=6
Planning:
  Buffers: shared hit=6
Planning Time: 0.233 ms
Execution Time: 44.645 ms",42.3738,42.207,45.4475,46.892,2454.11,2454.11,1000,1000,1000,1000,normal,normal,13.254267700000002,4.279873800000001,equal variances,significant,0.003968253968253968,-17.163400000000003,-16.718,-307.1100000000001,0,True
545,1069,121,Easy,"select s.product_id as product_id, sum(s.quantity) as total_quantity from schema_1069.sales as s group by s.product_id",22.283,2147.0,1000,"HashAggregate  (cost=2137.00..2147.00 rows=1000 width=12) (actual rows=1000 loops=1)
  Group Key: product_id
  Batches: 1  Memory Usage: 193kB
  Buffers: shared hit=637
  ->  Seq Scan on sales s  (cost=0.00..1637.00 rows=100000 width=8) (actual rows=100000 loops=1)
        Buffers: shared hit=637
Planning Time: 0.043 ms
Execution Time: 22.283 ms",28.043,2147.0,1000,"HashAggregate  (cost=2137.00..2147.00 rows=1000 width=12) (actual rows=1000 loops=1)
  Group Key: product_id
  Batches: 1  Memory Usage: 193kB
  Buffers: shared hit=637
  ->  Seq Scan on sales s  (cost=0.00..1637.00 rows=100000 width=8) (actual rows=100000 loops=1)
        Buffers: shared hit=637
Planning Time: 0.063 ms
Execution Time: 28.043 ms",26.993,2147.0,1000,"HashAggregate  (cost=2137.00..2147.00 rows=1000 width=12) (actual rows=1000 loops=1)
  Group Key: product_id
  Batches: 1  Memory Usage: 193kB
  Buffers: shared hit=637
  ->  Seq Scan on sales s  (cost=0.00..1637.00 rows=100000 width=8) (actual rows=100000 loops=1)
        Buffers: shared hit=637
Planning Time: 0.054 ms
Execution Time: 26.993 ms",30.071,2147.0,1000,"HashAggregate  (cost=2137.00..2147.00 rows=1000 width=12) (actual rows=1000 loops=1)
  Group Key: product_id
  Batches: 1  Memory Usage: 193kB
  Buffers: shared hit=637
  ->  Seq Scan on sales s  (cost=0.00..1637.00 rows=100000 width=8) (actual rows=100000 loops=1)
        Buffers: shared hit=637
Planning Time: 0.060 ms
Execution Time: 30.071 ms",29.281,2147.0,1000,"HashAggregate  (cost=2137.00..2147.00 rows=1000 width=12) (actual rows=1000 loops=1)
  Group Key: product_id
  Batches: 1  Memory Usage: 193kB
  Buffers: shared hit=637
  ->  Seq Scan on sales s  (cost=0.00..1637.00 rows=100000 width=8) (actual rows=100000 loops=1)
        Buffers: shared hit=637
Planning Time: 0.056 ms
Execution Time: 29.281 ms",27.3342,28.043,29.676,30.387,2147.0,2147.0,1000,1000,1000,1000,1069_121,545,1069,121,Easy,"select p.product_id, sum(quantity) as total_quantity from schema_1069.product as p join schema_1069.sales as s on s.product_id = p.product_id group by 1",36.109,2439.11,1000,"HashAggregate  (cost=2429.11..2439.11 rows=1000 width=12) (actual rows=1000 loops=1)
  Group Key: p.product_id
  Batches: 1  Memory Usage: 193kB
  Buffers: shared hit=643
  ->  Hash Join  (cost=28.50..1929.11 rows=100000 width=8) (actual rows=100000 loops=1)
        Hash Cond: (s.product_id = p.product_id)
        Buffers: shared hit=643
        ->  Seq Scan on sales s  (cost=0.00..1637.00 rows=100000 width=8) (actual rows=100000 loops=1)
              Buffers: shared hit=637
        ->  Hash  (cost=16.00..16.00 rows=1000 width=4) (actual rows=1000 loops=1)
              Buckets: 1024  Batches: 1  Memory Usage: 44kB
              Buffers: shared hit=6
              ->  Seq Scan on product p  (cost=0.00..16.00 rows=1000 width=4) (actual rows=1000 loops=1)
                    Buffers: shared hit=6
Planning:
  Buffers: shared hit=6
Planning Time: 0.154 ms
Execution Time: 36.109 ms",41.836,2439.11,1000,"HashAggregate  (cost=2429.11..2439.11 rows=1000 width=12) (actual rows=1000 loops=1)
  Group Key: p.product_id
  Batches: 1  Memory Usage: 193kB
  Buffers: shared hit=643
  ->  Hash Join  (cost=28.50..1929.11 rows=100000 width=8) (actual rows=100000 loops=1)
        Hash Cond: (s.product_id = p.product_id)
        Buffers: shared hit=643
        ->  Seq Scan on sales s  (cost=0.00..1637.00 rows=100000 width=8) (actual rows=100000 loops=1)
              Buffers: shared hit=637
        ->  Hash  (cost=16.00..16.00 rows=1000 width=4) (actual rows=1000 loops=1)
              Buckets: 1024  Batches: 1  Memory Usage: 44kB
              Buffers: shared hit=6
              ->  Seq Scan on product p  (cost=0.00..16.00 rows=1000 width=4) (actual rows=1000 loops=1)
                    Buffers: shared hit=6
Planning:
  Buffers: shared hit=6
Planning Time: 0.286 ms
Execution Time: 41.836 ms",42.831,2439.11,1000,"HashAggregate  (cost=2429.11..2439.11 rows=1000 width=12) (actual rows=1000 loops=1)
  Group Key: p.product_id
  Batches: 1  Memory Usage: 193kB
  Buffers: shared hit=643
  ->  Hash Join  (cost=28.50..1929.11 rows=100000 width=8) (actual rows=100000 loops=1)
        Hash Cond: (s.product_id = p.product_id)
        Buffers: shared hit=643
        ->  Seq Scan on sales s  (cost=0.00..1637.00 rows=100000 width=8) (actual rows=100000 loops=1)
              Buffers: shared hit=637
        ->  Hash  (cost=16.00..16.00 rows=1000 width=4) (actual rows=1000 loops=1)
              Buckets: 1024  Batches: 1  Memory Usage: 44kB
              Buffers: shared hit=6
              ->  Seq Scan on product p  (cost=0.00..16.00 rows=1000 width=4) (actual rows=1000 loops=1)
                    Buffers: shared hit=6
Planning:
  Buffers: shared hit=6
Planning Time: 0.140 ms
Execution Time: 42.831 ms",50.047,2439.11,1000,"HashAggregate  (cost=2429.11..2439.11 rows=1000 width=12) (actual rows=1000 loops=1)
  Group Key: p.product_id
  Batches: 1  Memory Usage: 193kB
  Buffers: shared hit=643
  ->  Hash Join  (cost=28.50..1929.11 rows=100000 width=8) (actual rows=100000 loops=1)
        Hash Cond: (s.product_id = p.product_id)
        Buffers: shared hit=643
        ->  Seq Scan on sales s  (cost=0.00..1637.00 rows=100000 width=8) (actual rows=100000 loops=1)
              Buffers: shared hit=637
        ->  Hash  (cost=16.00..16.00 rows=1000 width=4) (actual rows=1000 loops=1)
              Buckets: 1024  Batches: 1  Memory Usage: 44kB
              Buffers: shared hit=6
              ->  Seq Scan on product p  (cost=0.00..16.00 rows=1000 width=4) (actual rows=1000 loops=1)
                    Buffers: shared hit=6
Planning:
  Buffers: shared hit=6
Planning Time: 0.186 ms
Execution Time: 50.047 ms",40.019,2439.11,1000,"HashAggregate  (cost=2429.11..2439.11 rows=1000 width=12) (actual rows=1000 loops=1)
  Group Key: p.product_id
  Batches: 1  Memory Usage: 193kB
  Buffers: shared hit=643
  ->  Hash Join  (cost=28.50..1929.11 rows=100000 width=8) (actual rows=100000 loops=1)
        Hash Cond: (s.product_id = p.product_id)
        Buffers: shared hit=643
        ->  Seq Scan on sales s  (cost=0.00..1637.00 rows=100000 width=8) (actual rows=100000 loops=1)
              Buffers: shared hit=637
        ->  Hash  (cost=16.00..16.00 rows=1000 width=4) (actual rows=1000 loops=1)
              Buckets: 1024  Batches: 1  Memory Usage: 44kB
              Buffers: shared hit=6
              ->  Seq Scan on product p  (cost=0.00..16.00 rows=1000 width=4) (actual rows=1000 loops=1)
                    Buffers: shared hit=6
Planning:
  Buffers: shared hit=6
Planning Time: 0.211 ms
Execution Time: 40.019 ms",42.1684,41.836,46.439,52.9334,2439.11,2439.11,1000,1000,1000,1000,normal,normal,25.989528799999984,9.353385199999996,equal variances,significant,0.003968253968253968,-14.8342,-13.793,-292.1100000000001,0,True
546,1069,122,Easy,"select s.product_id as product_id, sum(s.quantity) as total_quantity from schema_1069.sales as s group by s.product_id",24.339,2147.0,1000,"HashAggregate  (cost=2137.00..2147.00 rows=1000 width=12) (actual rows=1000 loops=1)
  Group Key: product_id
  Batches: 1  Memory Usage: 193kB
  Buffers: shared hit=637
  ->  Seq Scan on sales s  (cost=0.00..1637.00 rows=100000 width=8) (actual rows=100000 loops=1)
        Buffers: shared hit=637
Planning Time: 0.055 ms
Execution Time: 24.339 ms",32.36,2147.0,1000,"HashAggregate  (cost=2137.00..2147.00 rows=1000 width=12) (actual rows=1000 loops=1)
  Group Key: product_id
  Batches: 1  Memory Usage: 193kB
  Buffers: shared hit=637
  ->  Seq Scan on sales s  (cost=0.00..1637.00 rows=100000 width=8) (actual rows=100000 loops=1)
        Buffers: shared hit=637
Planning Time: 0.054 ms
Execution Time: 32.360 ms",24.752,2147.0,1000,"HashAggregate  (cost=2137.00..2147.00 rows=1000 width=12) (actual rows=1000 loops=1)
  Group Key: product_id
  Batches: 1  Memory Usage: 193kB
  Buffers: shared hit=637
  ->  Seq Scan on sales s  (cost=0.00..1637.00 rows=100000 width=8) (actual rows=100000 loops=1)
        Buffers: shared hit=637
Planning Time: 0.048 ms
Execution Time: 24.752 ms",29.377,2147.0,1000,"HashAggregate  (cost=2137.00..2147.00 rows=1000 width=12) (actual rows=1000 loops=1)
  Group Key: product_id
  Batches: 1  Memory Usage: 193kB
  Buffers: shared hit=637
  ->  Seq Scan on sales s  (cost=0.00..1637.00 rows=100000 width=8) (actual rows=100000 loops=1)
        Buffers: shared hit=637
Planning Time: 0.058 ms
Execution Time: 29.377 ms",25.5,2147.0,1000,"HashAggregate  (cost=2137.00..2147.00 rows=1000 width=12) (actual rows=1000 loops=1)
  Group Key: product_id
  Batches: 1  Memory Usage: 193kB
  Buffers: shared hit=637
  ->  Seq Scan on sales s  (cost=0.00..1637.00 rows=100000 width=8) (actual rows=100000 loops=1)
        Buffers: shared hit=637
Planning Time: 0.085 ms
Execution Time: 25.500 ms",27.2656,25.5,30.8685,33.5532,2147.0,2147.0,1000,1000,1000,1000,1069_122,546,1069,122,Easy,"select p.product_id, sum(quantity) as total_quantity from schema_1069.product as p join schema_1069.sales as s on p.product_id = s.product_id group by 1",37.252,2439.11,1000,"HashAggregate  (cost=2429.11..2439.11 rows=1000 width=12) (actual rows=1000 loops=1)
  Group Key: p.product_id
  Batches: 1  Memory Usage: 193kB
  Buffers: shared hit=643
  ->  Hash Join  (cost=28.50..1929.11 rows=100000 width=8) (actual rows=100000 loops=1)
        Hash Cond: (s.product_id = p.product_id)
        Buffers: shared hit=643
        ->  Seq Scan on sales s  (cost=0.00..1637.00 rows=100000 width=8) (actual rows=100000 loops=1)
              Buffers: shared hit=637
        ->  Hash  (cost=16.00..16.00 rows=1000 width=4) (actual rows=1000 loops=1)
              Buckets: 1024  Batches: 1  Memory Usage: 44kB
              Buffers: shared hit=6
              ->  Seq Scan on product p  (cost=0.00..16.00 rows=1000 width=4) (actual rows=1000 loops=1)
                    Buffers: shared hit=6
Planning:
  Buffers: shared hit=6
Planning Time: 0.144 ms
Execution Time: 37.252 ms",50.901,2439.11,1000,"HashAggregate  (cost=2429.11..2439.11 rows=1000 width=12) (actual rows=1000 loops=1)
  Group Key: p.product_id
  Batches: 1  Memory Usage: 193kB
  Buffers: shared hit=643
  ->  Hash Join  (cost=28.50..1929.11 rows=100000 width=8) (actual rows=100000 loops=1)
        Hash Cond: (s.product_id = p.product_id)
        Buffers: shared hit=643
        ->  Seq Scan on sales s  (cost=0.00..1637.00 rows=100000 width=8) (actual rows=100000 loops=1)
              Buffers: shared hit=637
        ->  Hash  (cost=16.00..16.00 rows=1000 width=4) (actual rows=1000 loops=1)
              Buckets: 1024  Batches: 1  Memory Usage: 44kB
              Buffers: shared hit=6
              ->  Seq Scan on product p  (cost=0.00..16.00 rows=1000 width=4) (actual rows=1000 loops=1)
                    Buffers: shared hit=6
Planning:
  Buffers: shared hit=6
Planning Time: 0.258 ms
Execution Time: 50.901 ms",44.625,2439.11,1000,"HashAggregate  (cost=2429.11..2439.11 rows=1000 width=12) (actual rows=1000 loops=1)
  Group Key: p.product_id
  Batches: 1  Memory Usage: 193kB
  Buffers: shared hit=643
  ->  Hash Join  (cost=28.50..1929.11 rows=100000 width=8) (actual rows=100000 loops=1)
        Hash Cond: (s.product_id = p.product_id)
        Buffers: shared hit=643
        ->  Seq Scan on sales s  (cost=0.00..1637.00 rows=100000 width=8) (actual rows=100000 loops=1)
              Buffers: shared hit=637
        ->  Hash  (cost=16.00..16.00 rows=1000 width=4) (actual rows=1000 loops=1)
              Buckets: 1024  Batches: 1  Memory Usage: 44kB
              Buffers: shared hit=6
              ->  Seq Scan on product p  (cost=0.00..16.00 rows=1000 width=4) (actual rows=1000 loops=1)
                    Buffers: shared hit=6
Planning:
  Buffers: shared hit=6
Planning Time: 0.202 ms
Execution Time: 44.625 ms",41.989,2439.11,1000,"HashAggregate  (cost=2429.11..2439.11 rows=1000 width=12) (actual rows=1000 loops=1)
  Group Key: p.product_id
  Batches: 1  Memory Usage: 193kB
  Buffers: shared hit=643
  ->  Hash Join  (cost=28.50..1929.11 rows=100000 width=8) (actual rows=100000 loops=1)
        Hash Cond: (s.product_id = p.product_id)
        Buffers: shared hit=643
        ->  Seq Scan on sales s  (cost=0.00..1637.00 rows=100000 width=8) (actual rows=100000 loops=1)
              Buffers: shared hit=637
        ->  Hash  (cost=16.00..16.00 rows=1000 width=4) (actual rows=1000 loops=1)
              Buckets: 1024  Batches: 1  Memory Usage: 44kB
              Buffers: shared hit=6
              ->  Seq Scan on product p  (cost=0.00..16.00 rows=1000 width=4) (actual rows=1000 loops=1)
                    Buffers: shared hit=6
Planning:
  Buffers: shared hit=6
Planning Time: 0.321 ms
Execution Time: 41.989 ms",41.804,2439.11,1000,"HashAggregate  (cost=2429.11..2439.11 rows=1000 width=12) (actual rows=1000 loops=1)
  Group Key: p.product_id
  Batches: 1  Memory Usage: 193kB
  Buffers: shared hit=643
  ->  Hash Join  (cost=28.50..1929.11 rows=100000 width=8) (actual rows=100000 loops=1)
        Hash Cond: (s.product_id = p.product_id)
        Buffers: shared hit=643
        ->  Seq Scan on sales s  (cost=0.00..1637.00 rows=100000 width=8) (actual rows=100000 loops=1)
              Buffers: shared hit=637
        ->  Hash  (cost=16.00..16.00 rows=1000 width=4) (actual rows=1000 loops=1)
              Buckets: 1024  Batches: 1  Memory Usage: 44kB
              Buffers: shared hit=6
              ->  Seq Scan on product p  (cost=0.00..16.00 rows=1000 width=4) (actual rows=1000 loops=1)
                    Buffers: shared hit=6
Planning:
  Buffers: shared hit=6
Planning Time: 0.215 ms
Execution Time: 41.804 ms",43.3142,41.989,47.763,53.4114,2439.11,2439.11,1000,1000,1000,1000,normal,normal,25.016214700000006,12.1028593,equal variances,significant,0.003968253968253968,-16.0486,-16.488999999999997,-292.1100000000001,0,True
547,1069,124,Easy,"select s.product_id as product_id, sum(s.quantity) as total_quantity from schema_1069.sales as s group by s.product_id",21.821,2147.0,1000,"HashAggregate  (cost=2137.00..2147.00 rows=1000 width=12) (actual rows=1000 loops=1)
  Group Key: product_id
  Batches: 1  Memory Usage: 193kB
  Buffers: shared hit=637
  ->  Seq Scan on sales s  (cost=0.00..1637.00 rows=100000 width=8) (actual rows=100000 loops=1)
        Buffers: shared hit=637
Planning Time: 0.055 ms
Execution Time: 21.821 ms",31.024,2147.0,1000,"HashAggregate  (cost=2137.00..2147.00 rows=1000 width=12) (actual rows=1000 loops=1)
  Group Key: product_id
  Batches: 1  Memory Usage: 193kB
  Buffers: shared hit=637
  ->  Seq Scan on sales s  (cost=0.00..1637.00 rows=100000 width=8) (actual rows=100000 loops=1)
        Buffers: shared hit=637
Planning Time: 0.053 ms
Execution Time: 31.024 ms",27.118,2147.0,1000,"HashAggregate  (cost=2137.00..2147.00 rows=1000 width=12) (actual rows=1000 loops=1)
  Group Key: product_id
  Batches: 1  Memory Usage: 193kB
  Buffers: shared hit=637
  ->  Seq Scan on sales s  (cost=0.00..1637.00 rows=100000 width=8) (actual rows=100000 loops=1)
        Buffers: shared hit=637
Planning Time: 0.215 ms
Execution Time: 27.118 ms",27.117,2147.0,1000,"HashAggregate  (cost=2137.00..2147.00 rows=1000 width=12) (actual rows=1000 loops=1)
  Group Key: product_id
  Batches: 1  Memory Usage: 193kB
  Buffers: shared hit=637
  ->  Seq Scan on sales s  (cost=0.00..1637.00 rows=100000 width=8) (actual rows=100000 loops=1)
        Buffers: shared hit=637
Planning Time: 0.069 ms
Execution Time: 27.117 ms",26.058,2147.0,1000,"HashAggregate  (cost=2137.00..2147.00 rows=1000 width=12) (actual rows=1000 loops=1)
  Group Key: product_id
  Batches: 1  Memory Usage: 193kB
  Buffers: shared hit=637
  ->  Seq Scan on sales s  (cost=0.00..1637.00 rows=100000 width=8) (actual rows=100000 loops=1)
        Buffers: shared hit=637
Planning Time: 0.071 ms
Execution Time: 26.058 ms",26.6276,27.117,29.071,32.5864,2147.0,2147.0,1000,1000,1000,1000,1069_124,547,1069,124,Easy,"select p.product_id, sum(quantity) as total_quantity from schema_1069.sales as s join schema_1069.product as p on s.product_id = p.product_id group by p.product_id",37.4,2439.11,1000,"HashAggregate  (cost=2429.11..2439.11 rows=1000 width=12) (actual rows=1000 loops=1)
  Group Key: p.product_id
  Batches: 1  Memory Usage: 193kB
  Buffers: shared hit=643
  ->  Hash Join  (cost=28.50..1929.11 rows=100000 width=8) (actual rows=100000 loops=1)
        Hash Cond: (s.product_id = p.product_id)
        Buffers: shared hit=643
        ->  Seq Scan on sales s  (cost=0.00..1637.00 rows=100000 width=8) (actual rows=100000 loops=1)
              Buffers: shared hit=637
        ->  Hash  (cost=16.00..16.00 rows=1000 width=4) (actual rows=1000 loops=1)
              Buckets: 1024  Batches: 1  Memory Usage: 44kB
              Buffers: shared hit=6
              ->  Seq Scan on product p  (cost=0.00..16.00 rows=1000 width=4) (actual rows=1000 loops=1)
                    Buffers: shared hit=6
Planning:
  Buffers: shared hit=6
Planning Time: 0.139 ms
Execution Time: 37.400 ms",44.201,2439.11,1000,"HashAggregate  (cost=2429.11..2439.11 rows=1000 width=12) (actual rows=1000 loops=1)
  Group Key: p.product_id
  Batches: 1  Memory Usage: 193kB
  Buffers: shared hit=643
  ->  Hash Join  (cost=28.50..1929.11 rows=100000 width=8) (actual rows=100000 loops=1)
        Hash Cond: (s.product_id = p.product_id)
        Buffers: shared hit=643
        ->  Seq Scan on sales s  (cost=0.00..1637.00 rows=100000 width=8) (actual rows=100000 loops=1)
              Buffers: shared hit=637
        ->  Hash  (cost=16.00..16.00 rows=1000 width=4) (actual rows=1000 loops=1)
              Buckets: 1024  Batches: 1  Memory Usage: 44kB
              Buffers: shared hit=6
              ->  Seq Scan on product p  (cost=0.00..16.00 rows=1000 width=4) (actual rows=1000 loops=1)
                    Buffers: shared hit=6
Planning:
  Buffers: shared hit=6
Planning Time: 0.235 ms
Execution Time: 44.201 ms",42.447,2439.11,1000,"HashAggregate  (cost=2429.11..2439.11 rows=1000 width=12) (actual rows=1000 loops=1)
  Group Key: p.product_id
  Batches: 1  Memory Usage: 193kB
  Buffers: shared hit=643
  ->  Hash Join  (cost=28.50..1929.11 rows=100000 width=8) (actual rows=100000 loops=1)
        Hash Cond: (s.product_id = p.product_id)
        Buffers: shared hit=643
        ->  Seq Scan on sales s  (cost=0.00..1637.00 rows=100000 width=8) (actual rows=100000 loops=1)
              Buffers: shared hit=637
        ->  Hash  (cost=16.00..16.00 rows=1000 width=4) (actual rows=1000 loops=1)
              Buckets: 1024  Batches: 1  Memory Usage: 44kB
              Buffers: shared hit=6
              ->  Seq Scan on product p  (cost=0.00..16.00 rows=1000 width=4) (actual rows=1000 loops=1)
                    Buffers: shared hit=6
Planning:
  Buffers: shared hit=6
Planning Time: 0.287 ms
Execution Time: 42.447 ms",43.496,2439.11,1000,"HashAggregate  (cost=2429.11..2439.11 rows=1000 width=12) (actual rows=1000 loops=1)
  Group Key: p.product_id
  Batches: 1  Memory Usage: 193kB
  Buffers: shared hit=643
  ->  Hash Join  (cost=28.50..1929.11 rows=100000 width=8) (actual rows=100000 loops=1)
        Hash Cond: (s.product_id = p.product_id)
        Buffers: shared hit=643
        ->  Seq Scan on sales s  (cost=0.00..1637.00 rows=100000 width=8) (actual rows=100000 loops=1)
              Buffers: shared hit=637
        ->  Hash  (cost=16.00..16.00 rows=1000 width=4) (actual rows=1000 loops=1)
              Buckets: 1024  Batches: 1  Memory Usage: 44kB
              Buffers: shared hit=6
              ->  Seq Scan on product p  (cost=0.00..16.00 rows=1000 width=4) (actual rows=1000 loops=1)
                    Buffers: shared hit=6
Planning:
  Buffers: shared hit=6
Planning Time: 0.174 ms
Execution Time: 43.496 ms",52.341,2439.11,1000,"HashAggregate  (cost=2429.11..2439.11 rows=1000 width=12) (actual rows=1000 loops=1)
  Group Key: p.product_id
  Batches: 1  Memory Usage: 193kB
  Buffers: shared hit=643
  ->  Hash Join  (cost=28.50..1929.11 rows=100000 width=8) (actual rows=100000 loops=1)
        Hash Cond: (s.product_id = p.product_id)
        Buffers: shared hit=643
        ->  Seq Scan on sales s  (cost=0.00..1637.00 rows=100000 width=8) (actual rows=100000 loops=1)
              Buffers: shared hit=637
        ->  Hash  (cost=16.00..16.00 rows=1000 width=4) (actual rows=1000 loops=1)
              Buckets: 1024  Batches: 1  Memory Usage: 44kB
              Buffers: shared hit=6
              ->  Seq Scan on product p  (cost=0.00..16.00 rows=1000 width=4) (actual rows=1000 loops=1)
                    Buffers: shared hit=6
Planning:
  Buffers: shared hit=6
Planning Time: 0.199 ms
Execution Time: 52.341 ms",43.977,43.496,48.271,55.597,2439.11,2439.11,1000,1000,1000,1000,normal,normal,28.95896550000001,10.809046299999997,equal variances,significant,0.003968253968253968,-17.349399999999996,-16.379,-292.1100000000001,0,True
548,1069,126,Easy,"select s.product_id as product_id, sum(s.quantity) as total_quantity from schema_1069.sales as s group by s.product_id",21.631,2147.0,1000,"HashAggregate  (cost=2137.00..2147.00 rows=1000 width=12) (actual rows=1000 loops=1)
  Group Key: product_id
  Batches: 1  Memory Usage: 193kB
  Buffers: shared hit=637
  ->  Seq Scan on sales s  (cost=0.00..1637.00 rows=100000 width=8) (actual rows=100000 loops=1)
        Buffers: shared hit=637
Planning Time: 0.079 ms
Execution Time: 21.631 ms",26.788,2147.0,1000,"HashAggregate  (cost=2137.00..2147.00 rows=1000 width=12) (actual rows=1000 loops=1)
  Group Key: product_id
  Batches: 1  Memory Usage: 193kB
  Buffers: shared hit=637
  ->  Seq Scan on sales s  (cost=0.00..1637.00 rows=100000 width=8) (actual rows=100000 loops=1)
        Buffers: shared hit=637
Planning Time: 0.085 ms
Execution Time: 26.788 ms",25.774,2147.0,1000,"HashAggregate  (cost=2137.00..2147.00 rows=1000 width=12) (actual rows=1000 loops=1)
  Group Key: product_id
  Batches: 1  Memory Usage: 193kB
  Buffers: shared hit=637
  ->  Seq Scan on sales s  (cost=0.00..1637.00 rows=100000 width=8) (actual rows=100000 loops=1)
        Buffers: shared hit=637
Planning Time: 0.048 ms
Execution Time: 25.774 ms",31.008,2147.0,1000,"HashAggregate  (cost=2137.00..2147.00 rows=1000 width=12) (actual rows=1000 loops=1)
  Group Key: product_id
  Batches: 1  Memory Usage: 193kB
  Buffers: shared hit=637
  ->  Seq Scan on sales s  (cost=0.00..1637.00 rows=100000 width=8) (actual rows=100000 loops=1)
        Buffers: shared hit=637
Planning Time: 0.064 ms
Execution Time: 31.008 ms",26.174,2147.0,1000,"HashAggregate  (cost=2137.00..2147.00 rows=1000 width=12) (actual rows=1000 loops=1)
  Group Key: product_id
  Batches: 1  Memory Usage: 193kB
  Buffers: shared hit=637
  ->  Seq Scan on sales s  (cost=0.00..1637.00 rows=100000 width=8) (actual rows=100000 loops=1)
        Buffers: shared hit=637
Planning Time: 0.061 ms
Execution Time: 26.174 ms",26.275,26.174,28.898,32.696,2147.0,2147.0,1000,1000,1000,1000,1069_126,548,1069,126,Easy,"select p.product_id, sum(quantity) as total_quantity from schema_1069.product as p join schema_1069.sales as s on p.product_id = s.product_id group by p.product_id",35.998,2439.11,1000,"HashAggregate  (cost=2429.11..2439.11 rows=1000 width=12) (actual rows=1000 loops=1)
  Group Key: p.product_id
  Batches: 1  Memory Usage: 193kB
  Buffers: shared hit=643
  ->  Hash Join  (cost=28.50..1929.11 rows=100000 width=8) (actual rows=100000 loops=1)
        Hash Cond: (s.product_id = p.product_id)
        Buffers: shared hit=643
        ->  Seq Scan on sales s  (cost=0.00..1637.00 rows=100000 width=8) (actual rows=100000 loops=1)
              Buffers: shared hit=637
        ->  Hash  (cost=16.00..16.00 rows=1000 width=4) (actual rows=1000 loops=1)
              Buckets: 1024  Batches: 1  Memory Usage: 44kB
              Buffers: shared hit=6
              ->  Seq Scan on product p  (cost=0.00..16.00 rows=1000 width=4) (actual rows=1000 loops=1)
                    Buffers: shared hit=6
Planning:
  Buffers: shared hit=6
Planning Time: 0.137 ms
Execution Time: 35.998 ms",41.081,2439.11,1000,"HashAggregate  (cost=2429.11..2439.11 rows=1000 width=12) (actual rows=1000 loops=1)
  Group Key: p.product_id
  Batches: 1  Memory Usage: 193kB
  Buffers: shared hit=643
  ->  Hash Join  (cost=28.50..1929.11 rows=100000 width=8) (actual rows=100000 loops=1)
        Hash Cond: (s.product_id = p.product_id)
        Buffers: shared hit=643
        ->  Seq Scan on sales s  (cost=0.00..1637.00 rows=100000 width=8) (actual rows=100000 loops=1)
              Buffers: shared hit=637
        ->  Hash  (cost=16.00..16.00 rows=1000 width=4) (actual rows=1000 loops=1)
              Buckets: 1024  Batches: 1  Memory Usage: 44kB
              Buffers: shared hit=6
              ->  Seq Scan on product p  (cost=0.00..16.00 rows=1000 width=4) (actual rows=1000 loops=1)
                    Buffers: shared hit=6
Planning:
  Buffers: shared hit=6
Planning Time: 0.184 ms
Execution Time: 41.081 ms",43.649,2439.11,1000,"HashAggregate  (cost=2429.11..2439.11 rows=1000 width=12) (actual rows=1000 loops=1)
  Group Key: p.product_id
  Batches: 1  Memory Usage: 193kB
  Buffers: shared hit=643
  ->  Hash Join  (cost=28.50..1929.11 rows=100000 width=8) (actual rows=100000 loops=1)
        Hash Cond: (s.product_id = p.product_id)
        Buffers: shared hit=643
        ->  Seq Scan on sales s  (cost=0.00..1637.00 rows=100000 width=8) (actual rows=100000 loops=1)
              Buffers: shared hit=637
        ->  Hash  (cost=16.00..16.00 rows=1000 width=4) (actual rows=1000 loops=1)
              Buckets: 1024  Batches: 1  Memory Usage: 44kB
              Buffers: shared hit=6
              ->  Seq Scan on product p  (cost=0.00..16.00 rows=1000 width=4) (actual rows=1000 loops=1)
                    Buffers: shared hit=6
Planning:
  Buffers: shared hit=6
Planning Time: 0.202 ms
Execution Time: 43.649 ms",41.116,2439.11,1000,"HashAggregate  (cost=2429.11..2439.11 rows=1000 width=12) (actual rows=1000 loops=1)
  Group Key: p.product_id
  Batches: 1  Memory Usage: 193kB
  Buffers: shared hit=643
  ->  Hash Join  (cost=28.50..1929.11 rows=100000 width=8) (actual rows=100000 loops=1)
        Hash Cond: (s.product_id = p.product_id)
        Buffers: shared hit=643
        ->  Seq Scan on sales s  (cost=0.00..1637.00 rows=100000 width=8) (actual rows=100000 loops=1)
              Buffers: shared hit=637
        ->  Hash  (cost=16.00..16.00 rows=1000 width=4) (actual rows=1000 loops=1)
              Buckets: 1024  Batches: 1  Memory Usage: 44kB
              Buffers: shared hit=6
              ->  Seq Scan on product p  (cost=0.00..16.00 rows=1000 width=4) (actual rows=1000 loops=1)
                    Buffers: shared hit=6
Planning:
  Buffers: shared hit=6
Planning Time: 0.178 ms
Execution Time: 41.116 ms",43.317,2439.11,1000,"HashAggregate  (cost=2429.11..2439.11 rows=1000 width=12) (actual rows=1000 loops=1)
  Group Key: p.product_id
  Batches: 1  Memory Usage: 193kB
  Buffers: shared hit=643
  ->  Hash Join  (cost=28.50..1929.11 rows=100000 width=8) (actual rows=100000 loops=1)
        Hash Cond: (s.product_id = p.product_id)
        Buffers: shared hit=643
        ->  Seq Scan on sales s  (cost=0.00..1637.00 rows=100000 width=8) (actual rows=100000 loops=1)
              Buffers: shared hit=637
        ->  Hash  (cost=16.00..16.00 rows=1000 width=4) (actual rows=1000 loops=1)
              Buckets: 1024  Batches: 1  Memory Usage: 44kB
              Buffers: shared hit=6
              ->  Seq Scan on product p  (cost=0.00..16.00 rows=1000 width=4) (actual rows=1000 loops=1)
                    Buffers: shared hit=6
Planning:
  Buffers: shared hit=6
Planning Time: 0.199 ms
Execution Time: 43.317 ms",41.0322,41.116,43.483,43.7818,2439.11,2439.11,1000,1000,1000,1000,normal,normal,9.355131700000008,11.123098999999998,equal variances,significant,0.003968253968253968,-14.757200000000005,-14.942,-292.1100000000001,0,True
549,1069,142,Easy,"select t_sales_0.product_id as product_id, sum(t_sales_0.quantity) as total_quantity from schema_1069.sales as t_sales_0 group by t_sales_0.product_id",24.822,2147.0,1000,"HashAggregate  (cost=2137.00..2147.00 rows=1000 width=12) (actual rows=1000 loops=1)
  Group Key: product_id
  Batches: 1  Memory Usage: 193kB
  Buffers: shared hit=637
  ->  Seq Scan on sales t_sales_0  (cost=0.00..1637.00 rows=100000 width=8) (actual rows=100000 loops=1)
        Buffers: shared hit=637
Planning Time: 0.079 ms
Execution Time: 24.822 ms",36.586,2147.0,1000,"HashAggregate  (cost=2137.00..2147.00 rows=1000 width=12) (actual rows=1000 loops=1)
  Group Key: product_id
  Batches: 1  Memory Usage: 193kB
  Buffers: shared hit=637
  ->  Seq Scan on sales t_sales_0  (cost=0.00..1637.00 rows=100000 width=8) (actual rows=100000 loops=1)
        Buffers: shared hit=637
Planning Time: 0.063 ms
Execution Time: 36.586 ms",38.985,2147.0,1000,"HashAggregate  (cost=2137.00..2147.00 rows=1000 width=12) (actual rows=1000 loops=1)
  Group Key: product_id
  Batches: 1  Memory Usage: 193kB
  Buffers: shared hit=637
  ->  Seq Scan on sales t_sales_0  (cost=0.00..1637.00 rows=100000 width=8) (actual rows=100000 loops=1)
        Buffers: shared hit=637
Planning Time: 0.064 ms
Execution Time: 38.985 ms",31.563,2147.0,1000,"HashAggregate  (cost=2137.00..2147.00 rows=1000 width=12) (actual rows=1000 loops=1)
  Group Key: product_id
  Batches: 1  Memory Usage: 193kB
  Buffers: shared hit=637
  ->  Seq Scan on sales t_sales_0  (cost=0.00..1637.00 rows=100000 width=8) (actual rows=100000 loops=1)
        Buffers: shared hit=637
Planning Time: 0.059 ms
Execution Time: 31.563 ms",28.085,2147.0,1000,"HashAggregate  (cost=2137.00..2147.00 rows=1000 width=12) (actual rows=1000 loops=1)
  Group Key: product_id
  Batches: 1  Memory Usage: 193kB
  Buffers: shared hit=637
  ->  Seq Scan on sales t_sales_0  (cost=0.00..1637.00 rows=100000 width=8) (actual rows=100000 loops=1)
        Buffers: shared hit=637
Planning Time: 0.076 ms
Execution Time: 28.085 ms",32.0082,31.563,37.7855,39.9446,2147.0,2147.0,1000,1000,1000,1000,1069_142,549,1069,142,Easy,"select product.product_id, sum(sales.quantity) as total_quantity from schema_1069.sales left outer join schema_1069.product on product.product_id = sales.product_id group by product.product_id",38.317,2439.11,1000,"HashAggregate  (cost=2429.11..2439.11 rows=1000 width=12) (actual rows=1000 loops=1)
  Group Key: product.product_id
  Batches: 1  Memory Usage: 193kB
  Buffers: shared hit=643
  ->  Hash Left Join  (cost=28.50..1929.11 rows=100000 width=8) (actual rows=100000 loops=1)
        Hash Cond: (sales.product_id = product.product_id)
        Buffers: shared hit=643
        ->  Seq Scan on sales  (cost=0.00..1637.00 rows=100000 width=8) (actual rows=100000 loops=1)
              Buffers: shared hit=637
        ->  Hash  (cost=16.00..16.00 rows=1000 width=4) (actual rows=1000 loops=1)
              Buckets: 1024  Batches: 1  Memory Usage: 44kB
              Buffers: shared hit=6
              ->  Seq Scan on product  (cost=0.00..16.00 rows=1000 width=4) (actual rows=1000 loops=1)
                    Buffers: shared hit=6
Planning:
  Buffers: shared hit=6
Planning Time: 0.236 ms
Execution Time: 38.317 ms",43.378,2439.11,1000,"HashAggregate  (cost=2429.11..2439.11 rows=1000 width=12) (actual rows=1000 loops=1)
  Group Key: product.product_id
  Batches: 1  Memory Usage: 193kB
  Buffers: shared hit=643
  ->  Hash Left Join  (cost=28.50..1929.11 rows=100000 width=8) (actual rows=100000 loops=1)
        Hash Cond: (sales.product_id = product.product_id)
        Buffers: shared hit=643
        ->  Seq Scan on sales  (cost=0.00..1637.00 rows=100000 width=8) (actual rows=100000 loops=1)
              Buffers: shared hit=637
        ->  Hash  (cost=16.00..16.00 rows=1000 width=4) (actual rows=1000 loops=1)
              Buckets: 1024  Batches: 1  Memory Usage: 44kB
              Buffers: shared hit=6
              ->  Seq Scan on product  (cost=0.00..16.00 rows=1000 width=4) (actual rows=1000 loops=1)
                    Buffers: shared hit=6
Planning:
  Buffers: shared hit=6
Planning Time: 0.228 ms
Execution Time: 43.378 ms",42.77,2439.11,1000,"HashAggregate  (cost=2429.11..2439.11 rows=1000 width=12) (actual rows=1000 loops=1)
  Group Key: product.product_id
  Batches: 1  Memory Usage: 193kB
  Buffers: shared hit=643
  ->  Hash Left Join  (cost=28.50..1929.11 rows=100000 width=8) (actual rows=100000 loops=1)
        Hash Cond: (sales.product_id = product.product_id)
        Buffers: shared hit=643
        ->  Seq Scan on sales  (cost=0.00..1637.00 rows=100000 width=8) (actual rows=100000 loops=1)
              Buffers: shared hit=637
        ->  Hash  (cost=16.00..16.00 rows=1000 width=4) (actual rows=1000 loops=1)
              Buckets: 1024  Batches: 1  Memory Usage: 44kB
              Buffers: shared hit=6
              ->  Seq Scan on product  (cost=0.00..16.00 rows=1000 width=4) (actual rows=1000 loops=1)
                    Buffers: shared hit=6
Planning:
  Buffers: shared hit=6
Planning Time: 0.225 ms
Execution Time: 42.770 ms",42.051,2439.11,1000,"HashAggregate  (cost=2429.11..2439.11 rows=1000 width=12) (actual rows=1000 loops=1)
  Group Key: product.product_id
  Batches: 1  Memory Usage: 193kB
  Buffers: shared hit=643
  ->  Hash Left Join  (cost=28.50..1929.11 rows=100000 width=8) (actual rows=100000 loops=1)
        Hash Cond: (sales.product_id = product.product_id)
        Buffers: shared hit=643
        ->  Seq Scan on sales  (cost=0.00..1637.00 rows=100000 width=8) (actual rows=100000 loops=1)
              Buffers: shared hit=637
        ->  Hash  (cost=16.00..16.00 rows=1000 width=4) (actual rows=1000 loops=1)
              Buckets: 1024  Batches: 1  Memory Usage: 44kB
              Buffers: shared hit=6
              ->  Seq Scan on product  (cost=0.00..16.00 rows=1000 width=4) (actual rows=1000 loops=1)
                    Buffers: shared hit=6
Planning:
  Buffers: shared hit=6
Planning Time: 0.197 ms
Execution Time: 42.051 ms",41.558,2439.11,1000,"HashAggregate  (cost=2429.11..2439.11 rows=1000 width=12) (actual rows=1000 loops=1)
  Group Key: product.product_id
  Batches: 1  Memory Usage: 193kB
  Buffers: shared hit=643
  ->  Hash Left Join  (cost=28.50..1929.11 rows=100000 width=8) (actual rows=100000 loops=1)
        Hash Cond: (sales.product_id = product.product_id)
        Buffers: shared hit=643
        ->  Seq Scan on sales  (cost=0.00..1637.00 rows=100000 width=8) (actual rows=100000 loops=1)
              Buffers: shared hit=637
        ->  Hash  (cost=16.00..16.00 rows=1000 width=4) (actual rows=1000 loops=1)
              Buckets: 1024  Batches: 1  Memory Usage: 44kB
              Buffers: shared hit=6
              ->  Seq Scan on product  (cost=0.00..16.00 rows=1000 width=4) (actual rows=1000 loops=1)
                    Buffers: shared hit=6
Planning:
  Buffers: shared hit=6
Planning Time: 0.323 ms
Execution Time: 41.558 ms",41.6148,42.051,43.074,43.6212,2439.11,2439.11,1000,1000,1000,1000,normal,normal,3.8780857000000015,34.2157907,equal variances,significant,0.007936507936507936,-9.6066,-10.488000000000003,-292.1100000000001,0,True
558,1069,214,Easy,"select t_sales_0.product_id as product_id, sum(t_sales_0.quantity) as total_quantity from schema_1069.sales as t_sales_0 group by t_sales_0.product_id",21.949,2147.0,1000,"HashAggregate  (cost=2137.00..2147.00 rows=1000 width=12) (actual rows=1000 loops=1)
  Group Key: product_id
  Batches: 1  Memory Usage: 193kB
  Buffers: shared hit=637
  ->  Seq Scan on sales t_sales_0  (cost=0.00..1637.00 rows=100000 width=8) (actual rows=100000 loops=1)
        Buffers: shared hit=637
Planning Time: 0.042 ms
Execution Time: 21.949 ms",29.36,2147.0,1000,"HashAggregate  (cost=2137.00..2147.00 rows=1000 width=12) (actual rows=1000 loops=1)
  Group Key: product_id
  Batches: 1  Memory Usage: 193kB
  Buffers: shared hit=637
  ->  Seq Scan on sales t_sales_0  (cost=0.00..1637.00 rows=100000 width=8) (actual rows=100000 loops=1)
        Buffers: shared hit=637
Planning Time: 0.064 ms
Execution Time: 29.360 ms",26.92,2147.0,1000,"HashAggregate  (cost=2137.00..2147.00 rows=1000 width=12) (actual rows=1000 loops=1)
  Group Key: product_id
  Batches: 1  Memory Usage: 193kB
  Buffers: shared hit=637
  ->  Seq Scan on sales t_sales_0  (cost=0.00..1637.00 rows=100000 width=8) (actual rows=100000 loops=1)
        Buffers: shared hit=637
Planning Time: 0.084 ms
Execution Time: 26.920 ms",33.249,2147.0,1000,"HashAggregate  (cost=2137.00..2147.00 rows=1000 width=12) (actual rows=1000 loops=1)
  Group Key: product_id
  Batches: 1  Memory Usage: 193kB
  Buffers: shared hit=637
  ->  Seq Scan on sales t_sales_0  (cost=0.00..1637.00 rows=100000 width=8) (actual rows=100000 loops=1)
        Buffers: shared hit=637
Planning Time: 0.062 ms
Execution Time: 33.249 ms",28.438,2147.0,1000,"HashAggregate  (cost=2137.00..2147.00 rows=1000 width=12) (actual rows=1000 loops=1)
  Group Key: product_id
  Batches: 1  Memory Usage: 193kB
  Buffers: shared hit=637
  ->  Seq Scan on sales t_sales_0  (cost=0.00..1637.00 rows=100000 width=8) (actual rows=100000 loops=1)
        Buffers: shared hit=637
Planning Time: 0.092 ms
Execution Time: 28.438 ms",27.9832,28.438,31.3045,34.8046,2147.0,2147.0,1000,1000,1000,1000,1069_214,558,1069,214,Easy,"select sales.product_id, sum(quantity) as total_quantity from schema_1069.sales join schema_1069.product on sales.product_id = product.product_id group by sales.product_id",36.067,2439.11,1000,"HashAggregate  (cost=2429.11..2439.11 rows=1000 width=12) (actual rows=1000 loops=1)
  Group Key: sales.product_id
  Batches: 1  Memory Usage: 193kB
  Buffers: shared hit=643
  ->  Hash Join  (cost=28.50..1929.11 rows=100000 width=8) (actual rows=100000 loops=1)
        Hash Cond: (sales.product_id = product.product_id)
        Buffers: shared hit=643
        ->  Seq Scan on sales  (cost=0.00..1637.00 rows=100000 width=8) (actual rows=100000 loops=1)
              Buffers: shared hit=637
        ->  Hash  (cost=16.00..16.00 rows=1000 width=4) (actual rows=1000 loops=1)
              Buckets: 1024  Batches: 1  Memory Usage: 44kB
              Buffers: shared hit=6
              ->  Seq Scan on product  (cost=0.00..16.00 rows=1000 width=4) (actual rows=1000 loops=1)
                    Buffers: shared hit=6
Planning:
  Buffers: shared hit=6
Planning Time: 0.137 ms
Execution Time: 36.067 ms",46.081,2439.11,1000,"HashAggregate  (cost=2429.11..2439.11 rows=1000 width=12) (actual rows=1000 loops=1)
  Group Key: sales.product_id
  Batches: 1  Memory Usage: 193kB
  Buffers: shared hit=643
  ->  Hash Join  (cost=28.50..1929.11 rows=100000 width=8) (actual rows=100000 loops=1)
        Hash Cond: (sales.product_id = product.product_id)
        Buffers: shared hit=643
        ->  Seq Scan on sales  (cost=0.00..1637.00 rows=100000 width=8) (actual rows=100000 loops=1)
              Buffers: shared hit=637
        ->  Hash  (cost=16.00..16.00 rows=1000 width=4) (actual rows=1000 loops=1)
              Buckets: 1024  Batches: 1  Memory Usage: 44kB
              Buffers: shared hit=6
              ->  Seq Scan on product  (cost=0.00..16.00 rows=1000 width=4) (actual rows=1000 loops=1)
                    Buffers: shared hit=6
Planning:
  Buffers: shared hit=6
Planning Time: 0.198 ms
Execution Time: 46.081 ms",44.291,2439.11,1000,"HashAggregate  (cost=2429.11..2439.11 rows=1000 width=12) (actual rows=1000 loops=1)
  Group Key: sales.product_id
  Batches: 1  Memory Usage: 193kB
  Buffers: shared hit=643
  ->  Hash Join  (cost=28.50..1929.11 rows=100000 width=8) (actual rows=100000 loops=1)
        Hash Cond: (sales.product_id = product.product_id)
        Buffers: shared hit=643
        ->  Seq Scan on sales  (cost=0.00..1637.00 rows=100000 width=8) (actual rows=100000 loops=1)
              Buffers: shared hit=637
        ->  Hash  (cost=16.00..16.00 rows=1000 width=4) (actual rows=1000 loops=1)
              Buckets: 1024  Batches: 1  Memory Usage: 44kB
              Buffers: shared hit=6
              ->  Seq Scan on product  (cost=0.00..16.00 rows=1000 width=4) (actual rows=1000 loops=1)
                    Buffers: shared hit=6
Planning:
  Buffers: shared hit=6
Planning Time: 0.212 ms
Execution Time: 44.291 ms",49.406,2439.11,1000,"HashAggregate  (cost=2429.11..2439.11 rows=1000 width=12) (actual rows=1000 loops=1)
  Group Key: sales.product_id
  Batches: 1  Memory Usage: 193kB
  Buffers: shared hit=643
  ->  Hash Join  (cost=28.50..1929.11 rows=100000 width=8) (actual rows=100000 loops=1)
        Hash Cond: (sales.product_id = product.product_id)
        Buffers: shared hit=643
        ->  Seq Scan on sales  (cost=0.00..1637.00 rows=100000 width=8) (actual rows=100000 loops=1)
              Buffers: shared hit=637
        ->  Hash  (cost=16.00..16.00 rows=1000 width=4) (actual rows=1000 loops=1)
              Buckets: 1024  Batches: 1  Memory Usage: 44kB
              Buffers: shared hit=6
              ->  Seq Scan on product  (cost=0.00..16.00 rows=1000 width=4) (actual rows=1000 loops=1)
                    Buffers: shared hit=6
Planning:
  Buffers: shared hit=6
Planning Time: 0.227 ms
Execution Time: 49.406 ms",43.715,2439.11,1000,"HashAggregate  (cost=2429.11..2439.11 rows=1000 width=12) (actual rows=1000 loops=1)
  Group Key: sales.product_id
  Batches: 1  Memory Usage: 193kB
  Buffers: shared hit=643
  ->  Hash Join  (cost=28.50..1929.11 rows=100000 width=8) (actual rows=100000 loops=1)
        Hash Cond: (sales.product_id = product.product_id)
        Buffers: shared hit=643
        ->  Seq Scan on sales  (cost=0.00..1637.00 rows=100000 width=8) (actual rows=100000 loops=1)
              Buffers: shared hit=637
        ->  Hash  (cost=16.00..16.00 rows=1000 width=4) (actual rows=1000 loops=1)
              Buckets: 1024  Batches: 1  Memory Usage: 44kB
              Buffers: shared hit=6
              ->  Seq Scan on product  (cost=0.00..16.00 rows=1000 width=4) (actual rows=1000 loops=1)
                    Buffers: shared hit=6
Planning:
  Buffers: shared hit=6
Planning Time: 0.237 ms
Execution Time: 43.715 ms",43.912,44.291,47.7435,50.736,2439.11,2439.11,1000,1000,1000,1000,normal,normal,24.153768000000003,16.8432587,equal variances,significant,0.003968253968253968,-15.928799999999999,-15.852999999999998,-292.1100000000001,0,True
564,1077,121,Medium,"select proj.project_id as project_id, proj.employee_id as employee_id from (select distinct proj.project_id as c_project_id0, max(emp.experience_years) over ( partition by proj.project_id ) as c_0 from schema_1077.project as proj inner join schema_1077.employee as emp on proj.employee_id = emp.employee_id) as b inner join schema_1077.project as proj inner join schema_1077.employee as emp on proj.employee_id = emp.employee_id on proj.project_id = b.c_project_id0 where emp.experience_years = b.c_0",145.111,17314.39,11013,"Hash Join  (cost=15083.84..17314.39 rows=2250 width=8) (actual rows=11013 loops=1)
  Hash Cond: ((proj.project_id = proj_1.project_id) AND (emp.experience_years = (max(emp_1.experience_years) OVER (?))))
  Buffers: shared hit=1428, temp read=221 written=222
  ->  Hash Join  (cost=1396.00..3101.52 rows=100000 width=12) (actual rows=100000 loops=1)
        Hash Cond: (proj.employee_id = emp.employee_id)
        Buffers: shared hit=714
        ->  Seq Scan on project proj  (cost=0.00..1443.00 rows=100000 width=8) (actual rows=100000 loops=1)
              Buffers: shared hit=443
        ->  Hash  (cost=771.00..771.00 rows=50000 width=8) (actual rows=50000 loops=1)
              Buckets: 65536  Batches: 1  Memory Usage: 2466kB
              Buffers: shared hit=271
              ->  Seq Scan on employee emp  (cost=0.00..771.00 rows=50000 width=8) (actual rows=50000 loops=1)
                    Buffers: shared hit=271
  ->  Hash  (cost=13674.34..13674.34 rows=900 width=8) (actual rows=100 loops=1)
        Buckets: 1024  Batches: 1  Memory Usage: 12kB
        Buffers: shared hit=714, temp read=221 written=222
        ->  HashAggregate  (cost=13656.34..13665.34 rows=900 width=8) (actual rows=100 loops=1)
              Group Key: proj_1.project_id, max(emp_1.experience_years) OVER (?)
              Batches: 1  Memory Usage: 49kB
              Buffers: shared hit=714, temp read=221 written=222
              ->  WindowAgg  (cost=11406.34..13156.34 rows=100000 width=8) (actual rows=100000 loops=1)
                    Buffers: shared hit=714, temp read=221 written=222
                    ->  Sort  (cost=11406.34..11656.34 rows=100000 width=8) (actual rows=100000 loops=1)
                          Sort Key: proj_1.project_id
                          Sort Method: external merge  Disk: 1768kB
                          Buffers: shared hit=714, temp read=221 written=222
                          ->  Hash Join  (cost=1396.00..3101.52 rows=100000 width=8) (actual rows=100000 loops=1)
                                Hash Cond: (proj_1.employee_id = emp_1.employee_id)
                                Buffers: shared hit=714
                                ->  Seq Scan on project proj_1  (cost=0.00..1443.00 rows=100000 width=8) (actual rows=100000 loops=1)
                                      Buffers: shared hit=443
                                ->  Hash  (cost=771.00..771.00 rows=50000 width=8) (actual rows=50000 loops=1)
                                      Buckets: 65536  Batches: 1  Memory Usage: 2466kB
                                      Buffers: shared hit=271
                                      ->  Seq Scan on employee emp_1  (cost=0.00..771.00 rows=50000 width=8) (actual rows=50000 loops=1)
                                            Buffers: shared hit=271
Planning:
  Buffers: shared hit=18
Planning Time: 0.359 ms
Execution Time: 145.111 ms",159.185,17314.39,11013,"Hash Join  (cost=15083.84..17314.39 rows=2250 width=8) (actual rows=11013 loops=1)
  Hash Cond: ((proj.project_id = proj_1.project_id) AND (emp.experience_years = (max(emp_1.experience_years) OVER (?))))
  Buffers: shared hit=1428, temp read=221 written=222
  ->  Hash Join  (cost=1396.00..3101.52 rows=100000 width=12) (actual rows=100000 loops=1)
        Hash Cond: (proj.employee_id = emp.employee_id)
        Buffers: shared hit=714
        ->  Seq Scan on project proj  (cost=0.00..1443.00 rows=100000 width=8) (actual rows=100000 loops=1)
              Buffers: shared hit=443
        ->  Hash  (cost=771.00..771.00 rows=50000 width=8) (actual rows=50000 loops=1)
              Buckets: 65536  Batches: 1  Memory Usage: 2466kB
              Buffers: shared hit=271
              ->  Seq Scan on employee emp  (cost=0.00..771.00 rows=50000 width=8) (actual rows=50000 loops=1)
                    Buffers: shared hit=271
  ->  Hash  (cost=13674.34..13674.34 rows=900 width=8) (actual rows=100 loops=1)
        Buckets: 1024  Batches: 1  Memory Usage: 12kB
        Buffers: shared hit=714, temp read=221 written=222
        ->  HashAggregate  (cost=13656.34..13665.34 rows=900 width=8) (actual rows=100 loops=1)
              Group Key: proj_1.project_id, max(emp_1.experience_years) OVER (?)
              Batches: 1  Memory Usage: 49kB
              Buffers: shared hit=714, temp read=221 written=222
              ->  WindowAgg  (cost=11406.34..13156.34 rows=100000 width=8) (actual rows=100000 loops=1)
                    Buffers: shared hit=714, temp read=221 written=222
                    ->  Sort  (cost=11406.34..11656.34 rows=100000 width=8) (actual rows=100000 loops=1)
                          Sort Key: proj_1.project_id
                          Sort Method: external merge  Disk: 1768kB
                          Buffers: shared hit=714, temp read=221 written=222
                          ->  Hash Join  (cost=1396.00..3101.52 rows=100000 width=8) (actual rows=100000 loops=1)
                                Hash Cond: (proj_1.employee_id = emp_1.employee_id)
                                Buffers: shared hit=714
                                ->  Seq Scan on project proj_1  (cost=0.00..1443.00 rows=100000 width=8) (actual rows=100000 loops=1)
                                      Buffers: shared hit=443
                                ->  Hash  (cost=771.00..771.00 rows=50000 width=8) (actual rows=50000 loops=1)
                                      Buckets: 65536  Batches: 1  Memory Usage: 2466kB
                                      Buffers: shared hit=271
                                      ->  Seq Scan on employee emp_1  (cost=0.00..771.00 rows=50000 width=8) (actual rows=50000 loops=1)
                                            Buffers: shared hit=271
Planning:
  Buffers: shared hit=18
Planning Time: 0.597 ms
Execution Time: 159.185 ms",158.177,17314.39,11013,"Hash Join  (cost=15083.84..17314.39 rows=2250 width=8) (actual rows=11013 loops=1)
  Hash Cond: ((proj.project_id = proj_1.project_id) AND (emp.experience_years = (max(emp_1.experience_years) OVER (?))))
  Buffers: shared hit=1428, temp read=221 written=222
  ->  Hash Join  (cost=1396.00..3101.52 rows=100000 width=12) (actual rows=100000 loops=1)
        Hash Cond: (proj.employee_id = emp.employee_id)
        Buffers: shared hit=714
        ->  Seq Scan on project proj  (cost=0.00..1443.00 rows=100000 width=8) (actual rows=100000 loops=1)
              Buffers: shared hit=443
        ->  Hash  (cost=771.00..771.00 rows=50000 width=8) (actual rows=50000 loops=1)
              Buckets: 65536  Batches: 1  Memory Usage: 2466kB
              Buffers: shared hit=271
              ->  Seq Scan on employee emp  (cost=0.00..771.00 rows=50000 width=8) (actual rows=50000 loops=1)
                    Buffers: shared hit=271
  ->  Hash  (cost=13674.34..13674.34 rows=900 width=8) (actual rows=100 loops=1)
        Buckets: 1024  Batches: 1  Memory Usage: 12kB
        Buffers: shared hit=714, temp read=221 written=222
        ->  HashAggregate  (cost=13656.34..13665.34 rows=900 width=8) (actual rows=100 loops=1)
              Group Key: proj_1.project_id, max(emp_1.experience_years) OVER (?)
              Batches: 1  Memory Usage: 49kB
              Buffers: shared hit=714, temp read=221 written=222
              ->  WindowAgg  (cost=11406.34..13156.34 rows=100000 width=8) (actual rows=100000 loops=1)
                    Buffers: shared hit=714, temp read=221 written=222
                    ->  Sort  (cost=11406.34..11656.34 rows=100000 width=8) (actual rows=100000 loops=1)
                          Sort Key: proj_1.project_id
                          Sort Method: external merge  Disk: 1768kB
                          Buffers: shared hit=714, temp read=221 written=222
                          ->  Hash Join  (cost=1396.00..3101.52 rows=100000 width=8) (actual rows=100000 loops=1)
                                Hash Cond: (proj_1.employee_id = emp_1.employee_id)
                                Buffers: shared hit=714
                                ->  Seq Scan on project proj_1  (cost=0.00..1443.00 rows=100000 width=8) (actual rows=100000 loops=1)
                                      Buffers: shared hit=443
                                ->  Hash  (cost=771.00..771.00 rows=50000 width=8) (actual rows=50000 loops=1)
                                      Buckets: 65536  Batches: 1  Memory Usage: 2466kB
                                      Buffers: shared hit=271
                                      ->  Seq Scan on employee emp_1  (cost=0.00..771.00 rows=50000 width=8) (actual rows=50000 loops=1)
                                            Buffers: shared hit=271
Planning:
  Buffers: shared hit=18
Planning Time: 0.616 ms
Execution Time: 158.177 ms",154.078,17314.39,11013,"Hash Join  (cost=15083.84..17314.39 rows=2250 width=8) (actual rows=11013 loops=1)
  Hash Cond: ((proj.project_id = proj_1.project_id) AND (emp.experience_years = (max(emp_1.experience_years) OVER (?))))
  Buffers: shared hit=1428, temp read=221 written=222
  ->  Hash Join  (cost=1396.00..3101.52 rows=100000 width=12) (actual rows=100000 loops=1)
        Hash Cond: (proj.employee_id = emp.employee_id)
        Buffers: shared hit=714
        ->  Seq Scan on project proj  (cost=0.00..1443.00 rows=100000 width=8) (actual rows=100000 loops=1)
              Buffers: shared hit=443
        ->  Hash  (cost=771.00..771.00 rows=50000 width=8) (actual rows=50000 loops=1)
              Buckets: 65536  Batches: 1  Memory Usage: 2466kB
              Buffers: shared hit=271
              ->  Seq Scan on employee emp  (cost=0.00..771.00 rows=50000 width=8) (actual rows=50000 loops=1)
                    Buffers: shared hit=271
  ->  Hash  (cost=13674.34..13674.34 rows=900 width=8) (actual rows=100 loops=1)
        Buckets: 1024  Batches: 1  Memory Usage: 12kB
        Buffers: shared hit=714, temp read=221 written=222
        ->  HashAggregate  (cost=13656.34..13665.34 rows=900 width=8) (actual rows=100 loops=1)
              Group Key: proj_1.project_id, max(emp_1.experience_years) OVER (?)
              Batches: 1  Memory Usage: 49kB
              Buffers: shared hit=714, temp read=221 written=222
              ->  WindowAgg  (cost=11406.34..13156.34 rows=100000 width=8) (actual rows=100000 loops=1)
                    Buffers: shared hit=714, temp read=221 written=222
                    ->  Sort  (cost=11406.34..11656.34 rows=100000 width=8) (actual rows=100000 loops=1)
                          Sort Key: proj_1.project_id
                          Sort Method: external merge  Disk: 1768kB
                          Buffers: shared hit=714, temp read=221 written=222
                          ->  Hash Join  (cost=1396.00..3101.52 rows=100000 width=8) (actual rows=100000 loops=1)
                                Hash Cond: (proj_1.employee_id = emp_1.employee_id)
                                Buffers: shared hit=714
                                ->  Seq Scan on project proj_1  (cost=0.00..1443.00 rows=100000 width=8) (actual rows=100000 loops=1)
                                      Buffers: shared hit=443
                                ->  Hash  (cost=771.00..771.00 rows=50000 width=8) (actual rows=50000 loops=1)
                                      Buckets: 65536  Batches: 1  Memory Usage: 2466kB
                                      Buffers: shared hit=271
                                      ->  Seq Scan on employee emp_1  (cost=0.00..771.00 rows=50000 width=8) (actual rows=50000 loops=1)
                                            Buffers: shared hit=271
Planning:
  Buffers: shared hit=18
Planning Time: 0.615 ms
Execution Time: 154.078 ms",158.265,17314.39,11013,"Hash Join  (cost=15083.84..17314.39 rows=2250 width=8) (actual rows=11013 loops=1)
  Hash Cond: ((proj.project_id = proj_1.project_id) AND (emp.experience_years = (max(emp_1.experience_years) OVER (?))))
  Buffers: shared hit=1428, temp read=221 written=222
  ->  Hash Join  (cost=1396.00..3101.52 rows=100000 width=12) (actual rows=100000 loops=1)
        Hash Cond: (proj.employee_id = emp.employee_id)
        Buffers: shared hit=714
        ->  Seq Scan on project proj  (cost=0.00..1443.00 rows=100000 width=8) (actual rows=100000 loops=1)
              Buffers: shared hit=443
        ->  Hash  (cost=771.00..771.00 rows=50000 width=8) (actual rows=50000 loops=1)
              Buckets: 65536  Batches: 1  Memory Usage: 2466kB
              Buffers: shared hit=271
              ->  Seq Scan on employee emp  (cost=0.00..771.00 rows=50000 width=8) (actual rows=50000 loops=1)
                    Buffers: shared hit=271
  ->  Hash  (cost=13674.34..13674.34 rows=900 width=8) (actual rows=100 loops=1)
        Buckets: 1024  Batches: 1  Memory Usage: 12kB
        Buffers: shared hit=714, temp read=221 written=222
        ->  HashAggregate  (cost=13656.34..13665.34 rows=900 width=8) (actual rows=100 loops=1)
              Group Key: proj_1.project_id, max(emp_1.experience_years) OVER (?)
              Batches: 1  Memory Usage: 49kB
              Buffers: shared hit=714, temp read=221 written=222
              ->  WindowAgg  (cost=11406.34..13156.34 rows=100000 width=8) (actual rows=100000 loops=1)
                    Buffers: shared hit=714, temp read=221 written=222
                    ->  Sort  (cost=11406.34..11656.34 rows=100000 width=8) (actual rows=100000 loops=1)
                          Sort Key: proj_1.project_id
                          Sort Method: external merge  Disk: 1768kB
                          Buffers: shared hit=714, temp read=221 written=222
                          ->  Hash Join  (cost=1396.00..3101.52 rows=100000 width=8) (actual rows=100000 loops=1)
                                Hash Cond: (proj_1.employee_id = emp_1.employee_id)
                                Buffers: shared hit=714
                                ->  Seq Scan on project proj_1  (cost=0.00..1443.00 rows=100000 width=8) (actual rows=100000 loops=1)
                                      Buffers: shared hit=443
                                ->  Hash  (cost=771.00..771.00 rows=50000 width=8) (actual rows=50000 loops=1)
                                      Buckets: 65536  Batches: 1  Memory Usage: 2466kB
                                      Buffers: shared hit=271
                                      ->  Seq Scan on employee emp_1  (cost=0.00..771.00 rows=50000 width=8) (actual rows=50000 loops=1)
                                            Buffers: shared hit=271
Planning:
  Buffers: shared hit=18
Planning Time: 0.502 ms
Execution Time: 158.265 ms",154.9632,158.177,158.725,159.553,17314.39,17314.39,11013,11013,11013,11013,1077_121,564,1077,121,Medium,"select a.project_id as project_id, a.employee_id as employee_id from (select distinct proj.project_id as project_id, proj.employee_id as employee_id, emp.experience_years as experience_years from schema_1077.project as proj join schema_1077.employee as emp on proj.employee_id = emp.employee_id) as a join (select distinct proj.project_id, max(emp.experience_years) over (partition by proj.project_id) as exp from schema_1077.project as proj join schema_1077.employee as emp on proj.employee_id = emp.employee_id) as b on (a.project_id = b.project_id and a.experience_years = b.exp)",198.836,26947.2,11013,"Hash Join  (cost=23445.61..26947.20 rows=2250 width=8) (actual rows=11013 loops=1)
  Hash Cond: ((proj.project_id = proj_1.project_id) AND (emp.experience_years = (max(emp_1.experience_years) OVER (?))))
  Buffers: shared hit=1428, temp read=422 written=586
  ->  HashAggregate  (cost=9757.77..11734.33 rows=100000 width=12) (actual rows=100000 loops=1)
        Group Key: proj.project_id, proj.employee_id, emp.experience_years
        Planned Partitions: 4  Batches: 5  Memory Usage: 4145kB  Disk Usage: 1744kB
        Buffers: shared hit=714, temp read=201 written=364
        ->  Hash Join  (cost=1396.00..3101.52 rows=100000 width=12) (actual rows=100000 loops=1)
              Hash Cond: (proj.employee_id = emp.employee_id)
              Buffers: shared hit=714
              ->  Seq Scan on project proj  (cost=0.00..1443.00 rows=100000 width=8) (actual rows=100000 loops=1)
                    Buffers: shared hit=443
              ->  Hash  (cost=771.00..771.00 rows=50000 width=8) (actual rows=50000 loops=1)
                    Buckets: 65536  Batches: 1  Memory Usage: 2466kB
                    Buffers: shared hit=271
                    ->  Seq Scan on employee emp  (cost=0.00..771.00 rows=50000 width=8) (actual rows=50000 loops=1)
                          Buffers: shared hit=271
  ->  Hash  (cost=13674.34..13674.34 rows=900 width=8) (actual rows=100 loops=1)
        Buckets: 1024  Batches: 1  Memory Usage: 12kB
        Buffers: shared hit=714, temp read=221 written=222
        ->  HashAggregate  (cost=13656.34..13665.34 rows=900 width=8) (actual rows=100 loops=1)
              Group Key: proj_1.project_id, max(emp_1.experience_years) OVER (?)
              Batches: 1  Memory Usage: 49kB
              Buffers: shared hit=714, temp read=221 written=222
              ->  WindowAgg  (cost=11406.34..13156.34 rows=100000 width=8) (actual rows=100000 loops=1)
                    Buffers: shared hit=714, temp read=221 written=222
                    ->  Sort  (cost=11406.34..11656.34 rows=100000 width=8) (actual rows=100000 loops=1)
                          Sort Key: proj_1.project_id
                          Sort Method: external merge  Disk: 1768kB
                          Buffers: shared hit=714, temp read=221 written=222
                          ->  Hash Join  (cost=1396.00..3101.52 rows=100000 width=8) (actual rows=100000 loops=1)
                                Hash Cond: (proj_1.employee_id = emp_1.employee_id)
                                Buffers: shared hit=714
                                ->  Seq Scan on project proj_1  (cost=0.00..1443.00 rows=100000 width=8) (actual rows=100000 loops=1)
                                      Buffers: shared hit=443
                                ->  Hash  (cost=771.00..771.00 rows=50000 width=8) (actual rows=50000 loops=1)
                                      Buckets: 65536  Batches: 1  Memory Usage: 2466kB
                                      Buffers: shared hit=271
                                      ->  Seq Scan on employee emp_1  (cost=0.00..771.00 rows=50000 width=8) (actual rows=50000 loops=1)
                                            Buffers: shared hit=271
Planning:
  Buffers: shared hit=12
Planning Time: 0.282 ms
Execution Time: 198.836 ms",211.506,26947.2,11013,"Hash Join  (cost=23445.61..26947.20 rows=2250 width=8) (actual rows=11013 loops=1)
  Hash Cond: ((proj.project_id = proj_1.project_id) AND (emp.experience_years = (max(emp_1.experience_years) OVER (?))))
  Buffers: shared hit=1428, temp read=422 written=586
  ->  HashAggregate  (cost=9757.77..11734.33 rows=100000 width=12) (actual rows=100000 loops=1)
        Group Key: proj.project_id, proj.employee_id, emp.experience_years
        Planned Partitions: 4  Batches: 5  Memory Usage: 4145kB  Disk Usage: 1744kB
        Buffers: shared hit=714, temp read=201 written=364
        ->  Hash Join  (cost=1396.00..3101.52 rows=100000 width=12) (actual rows=100000 loops=1)
              Hash Cond: (proj.employee_id = emp.employee_id)
              Buffers: shared hit=714
              ->  Seq Scan on project proj  (cost=0.00..1443.00 rows=100000 width=8) (actual rows=100000 loops=1)
                    Buffers: shared hit=443
              ->  Hash  (cost=771.00..771.00 rows=50000 width=8) (actual rows=50000 loops=1)
                    Buckets: 65536  Batches: 1  Memory Usage: 2466kB
                    Buffers: shared hit=271
                    ->  Seq Scan on employee emp  (cost=0.00..771.00 rows=50000 width=8) (actual rows=50000 loops=1)
                          Buffers: shared hit=271
  ->  Hash  (cost=13674.34..13674.34 rows=900 width=8) (actual rows=100 loops=1)
        Buckets: 1024  Batches: 1  Memory Usage: 12kB
        Buffers: shared hit=714, temp read=221 written=222
        ->  HashAggregate  (cost=13656.34..13665.34 rows=900 width=8) (actual rows=100 loops=1)
              Group Key: proj_1.project_id, max(emp_1.experience_years) OVER (?)
              Batches: 1  Memory Usage: 49kB
              Buffers: shared hit=714, temp read=221 written=222
              ->  WindowAgg  (cost=11406.34..13156.34 rows=100000 width=8) (actual rows=100000 loops=1)
                    Buffers: shared hit=714, temp read=221 written=222
                    ->  Sort  (cost=11406.34..11656.34 rows=100000 width=8) (actual rows=100000 loops=1)
                          Sort Key: proj_1.project_id
                          Sort Method: external merge  Disk: 1768kB
                          Buffers: shared hit=714, temp read=221 written=222
                          ->  Hash Join  (cost=1396.00..3101.52 rows=100000 width=8) (actual rows=100000 loops=1)
                                Hash Cond: (proj_1.employee_id = emp_1.employee_id)
                                Buffers: shared hit=714
                                ->  Seq Scan on project proj_1  (cost=0.00..1443.00 rows=100000 width=8) (actual rows=100000 loops=1)
                                      Buffers: shared hit=443
                                ->  Hash  (cost=771.00..771.00 rows=50000 width=8) (actual rows=50000 loops=1)
                                      Buckets: 65536  Batches: 1  Memory Usage: 2466kB
                                      Buffers: shared hit=271
                                      ->  Seq Scan on employee emp_1  (cost=0.00..771.00 rows=50000 width=8) (actual rows=50000 loops=1)
                                            Buffers: shared hit=271
Planning:
  Buffers: shared hit=12
Planning Time: 0.421 ms
Execution Time: 211.506 ms",210.835,26947.2,11013,"Hash Join  (cost=23445.61..26947.20 rows=2250 width=8) (actual rows=11013 loops=1)
  Hash Cond: ((proj.project_id = proj_1.project_id) AND (emp.experience_years = (max(emp_1.experience_years) OVER (?))))
  Buffers: shared hit=1428, temp read=422 written=586
  ->  HashAggregate  (cost=9757.77..11734.33 rows=100000 width=12) (actual rows=100000 loops=1)
        Group Key: proj.project_id, proj.employee_id, emp.experience_years
        Planned Partitions: 4  Batches: 5  Memory Usage: 4145kB  Disk Usage: 1744kB
        Buffers: shared hit=714, temp read=201 written=364
        ->  Hash Join  (cost=1396.00..3101.52 rows=100000 width=12) (actual rows=100000 loops=1)
              Hash Cond: (proj.employee_id = emp.employee_id)
              Buffers: shared hit=714
              ->  Seq Scan on project proj  (cost=0.00..1443.00 rows=100000 width=8) (actual rows=100000 loops=1)
                    Buffers: shared hit=443
              ->  Hash  (cost=771.00..771.00 rows=50000 width=8) (actual rows=50000 loops=1)
                    Buckets: 65536  Batches: 1  Memory Usage: 2466kB
                    Buffers: shared hit=271
                    ->  Seq Scan on employee emp  (cost=0.00..771.00 rows=50000 width=8) (actual rows=50000 loops=1)
                          Buffers: shared hit=271
  ->  Hash  (cost=13674.34..13674.34 rows=900 width=8) (actual rows=100 loops=1)
        Buckets: 1024  Batches: 1  Memory Usage: 12kB
        Buffers: shared hit=714, temp read=221 written=222
        ->  HashAggregate  (cost=13656.34..13665.34 rows=900 width=8) (actual rows=100 loops=1)
              Group Key: proj_1.project_id, max(emp_1.experience_years) OVER (?)
              Batches: 1  Memory Usage: 49kB
              Buffers: shared hit=714, temp read=221 written=222
              ->  WindowAgg  (cost=11406.34..13156.34 rows=100000 width=8) (actual rows=100000 loops=1)
                    Buffers: shared hit=714, temp read=221 written=222
                    ->  Sort  (cost=11406.34..11656.34 rows=100000 width=8) (actual rows=100000 loops=1)
                          Sort Key: proj_1.project_id
                          Sort Method: external merge  Disk: 1768kB
                          Buffers: shared hit=714, temp read=221 written=222
                          ->  Hash Join  (cost=1396.00..3101.52 rows=100000 width=8) (actual rows=100000 loops=1)
                                Hash Cond: (proj_1.employee_id = emp_1.employee_id)
                                Buffers: shared hit=714
                                ->  Seq Scan on project proj_1  (cost=0.00..1443.00 rows=100000 width=8) (actual rows=100000 loops=1)
                                      Buffers: shared hit=443
                                ->  Hash  (cost=771.00..771.00 rows=50000 width=8) (actual rows=50000 loops=1)
                                      Buckets: 65536  Batches: 1  Memory Usage: 2466kB
                                      Buffers: shared hit=271
                                      ->  Seq Scan on employee emp_1  (cost=0.00..771.00 rows=50000 width=8) (actual rows=50000 loops=1)
                                            Buffers: shared hit=271
Planning:
  Buffers: shared hit=12
Planning Time: 0.315 ms
Execution Time: 210.835 ms",211.339,26947.2,11013,"Hash Join  (cost=23445.61..26947.20 rows=2250 width=8) (actual rows=11013 loops=1)
  Hash Cond: ((proj.project_id = proj_1.project_id) AND (emp.experience_years = (max(emp_1.experience_years) OVER (?))))
  Buffers: shared hit=1428, temp read=422 written=586
  ->  HashAggregate  (cost=9757.77..11734.33 rows=100000 width=12) (actual rows=100000 loops=1)
        Group Key: proj.project_id, proj.employee_id, emp.experience_years
        Planned Partitions: 4  Batches: 5  Memory Usage: 4145kB  Disk Usage: 1744kB
        Buffers: shared hit=714, temp read=201 written=364
        ->  Hash Join  (cost=1396.00..3101.52 rows=100000 width=12) (actual rows=100000 loops=1)
              Hash Cond: (proj.employee_id = emp.employee_id)
              Buffers: shared hit=714
              ->  Seq Scan on project proj  (cost=0.00..1443.00 rows=100000 width=8) (actual rows=100000 loops=1)
                    Buffers: shared hit=443
              ->  Hash  (cost=771.00..771.00 rows=50000 width=8) (actual rows=50000 loops=1)
                    Buckets: 65536  Batches: 1  Memory Usage: 2466kB
                    Buffers: shared hit=271
                    ->  Seq Scan on employee emp  (cost=0.00..771.00 rows=50000 width=8) (actual rows=50000 loops=1)
                          Buffers: shared hit=271
  ->  Hash  (cost=13674.34..13674.34 rows=900 width=8) (actual rows=100 loops=1)
        Buckets: 1024  Batches: 1  Memory Usage: 12kB
        Buffers: shared hit=714, temp read=221 written=222
        ->  HashAggregate  (cost=13656.34..13665.34 rows=900 width=8) (actual rows=100 loops=1)
              Group Key: proj_1.project_id, max(emp_1.experience_years) OVER (?)
              Batches: 1  Memory Usage: 49kB
              Buffers: shared hit=714, temp read=221 written=222
              ->  WindowAgg  (cost=11406.34..13156.34 rows=100000 width=8) (actual rows=100000 loops=1)
                    Buffers: shared hit=714, temp read=221 written=222
                    ->  Sort  (cost=11406.34..11656.34 rows=100000 width=8) (actual rows=100000 loops=1)
                          Sort Key: proj_1.project_id
                          Sort Method: external merge  Disk: 1768kB
                          Buffers: shared hit=714, temp read=221 written=222
                          ->  Hash Join  (cost=1396.00..3101.52 rows=100000 width=8) (actual rows=100000 loops=1)
                                Hash Cond: (proj_1.employee_id = emp_1.employee_id)
                                Buffers: shared hit=714
                                ->  Seq Scan on project proj_1  (cost=0.00..1443.00 rows=100000 width=8) (actual rows=100000 loops=1)
                                      Buffers: shared hit=443
                                ->  Hash  (cost=771.00..771.00 rows=50000 width=8) (actual rows=50000 loops=1)
                                      Buckets: 65536  Batches: 1  Memory Usage: 2466kB
                                      Buffers: shared hit=271
                                      ->  Seq Scan on employee emp_1  (cost=0.00..771.00 rows=50000 width=8) (actual rows=50000 loops=1)
                                            Buffers: shared hit=271
Planning:
  Buffers: shared hit=12
Planning Time: 0.414 ms
Execution Time: 211.339 ms",209.058,26947.2,11013,"Hash Join  (cost=23445.61..26947.20 rows=2250 width=8) (actual rows=11013 loops=1)
  Hash Cond: ((proj.project_id = proj_1.project_id) AND (emp.experience_years = (max(emp_1.experience_years) OVER (?))))
  Buffers: shared hit=1428, temp read=422 written=586
  ->  HashAggregate  (cost=9757.77..11734.33 rows=100000 width=12) (actual rows=100000 loops=1)
        Group Key: proj.project_id, proj.employee_id, emp.experience_years
        Planned Partitions: 4  Batches: 5  Memory Usage: 4145kB  Disk Usage: 1744kB
        Buffers: shared hit=714, temp read=201 written=364
        ->  Hash Join  (cost=1396.00..3101.52 rows=100000 width=12) (actual rows=100000 loops=1)
              Hash Cond: (proj.employee_id = emp.employee_id)
              Buffers: shared hit=714
              ->  Seq Scan on project proj  (cost=0.00..1443.00 rows=100000 width=8) (actual rows=100000 loops=1)
                    Buffers: shared hit=443
              ->  Hash  (cost=771.00..771.00 rows=50000 width=8) (actual rows=50000 loops=1)
                    Buckets: 65536  Batches: 1  Memory Usage: 2466kB
                    Buffers: shared hit=271
                    ->  Seq Scan on employee emp  (cost=0.00..771.00 rows=50000 width=8) (actual rows=50000 loops=1)
                          Buffers: shared hit=271
  ->  Hash  (cost=13674.34..13674.34 rows=900 width=8) (actual rows=100 loops=1)
        Buckets: 1024  Batches: 1  Memory Usage: 12kB
        Buffers: shared hit=714, temp read=221 written=222
        ->  HashAggregate  (cost=13656.34..13665.34 rows=900 width=8) (actual rows=100 loops=1)
              Group Key: proj_1.project_id, max(emp_1.experience_years) OVER (?)
              Batches: 1  Memory Usage: 49kB
              Buffers: shared hit=714, temp read=221 written=222
              ->  WindowAgg  (cost=11406.34..13156.34 rows=100000 width=8) (actual rows=100000 loops=1)
                    Buffers: shared hit=714, temp read=221 written=222
                    ->  Sort  (cost=11406.34..11656.34 rows=100000 width=8) (actual rows=100000 loops=1)
                          Sort Key: proj_1.project_id
                          Sort Method: external merge  Disk: 1768kB
                          Buffers: shared hit=714, temp read=221 written=222
                          ->  Hash Join  (cost=1396.00..3101.52 rows=100000 width=8) (actual rows=100000 loops=1)
                                Hash Cond: (proj_1.employee_id = emp_1.employee_id)
                                Buffers: shared hit=714
                                ->  Seq Scan on project proj_1  (cost=0.00..1443.00 rows=100000 width=8) (actual rows=100000 loops=1)
                                      Buffers: shared hit=443
                                ->  Hash  (cost=771.00..771.00 rows=50000 width=8) (actual rows=50000 loops=1)
                                      Buckets: 65536  Batches: 1  Memory Usage: 2466kB
                                      Buffers: shared hit=271
                                      ->  Seq Scan on employee emp_1  (cost=0.00..771.00 rows=50000 width=8) (actual rows=50000 loops=1)
                                            Buffers: shared hit=271
Planning:
  Buffers: shared hit=12
Planning Time: 0.517 ms
Execution Time: 209.058 ms",208.3148,210.835,211.4225,211.5728,26947.2,26947.2,11013,11013,11013,11013,not normal,normal,29.020236699999945,34.22585320000002,equal variances,significant,0.003968253968253968,-53.35159999999999,-52.658000000000015,-9632.810000000001,0,True
572,1077,181,Medium,"select t_cte_4.c_project_id0 as project_id, t_cte_4.c_employee_id0 as employee_id from (select max(e.experience_years) over ( partition by p.project_id ) as c_0, e.experience_years as c_experience_years0, p.employee_id as c_employee_id0, p.project_id as c_project_id0 from schema_1077.project as p inner join schema_1077.employee as e on p.employee_id = e.employee_id) as t_cte_4 where t_cte_4.c_experience_years0 = t_cte_4.c_0",103.483,14406.34,11013,"Subquery Scan on t_cte_4  (cost=11406.34..14406.34 rows=500 width=8) (actual rows=11013 loops=1)
  Filter: (t_cte_4.c_experience_years0 = t_cte_4.c_0)
  Rows Removed by Filter: 88987
  Buffers: shared hit=714, temp read=270 written=271
  ->  WindowAgg  (cost=11406.34..13156.34 rows=100000 width=16) (actual rows=100000 loops=1)
        Buffers: shared hit=714, temp read=270 written=271
        ->  Sort  (cost=11406.34..11656.34 rows=100000 width=12) (actual rows=100000 loops=1)
              Sort Key: p.project_id
              Sort Method: external merge  Disk: 2160kB
              Buffers: shared hit=714, temp read=270 written=271
              ->  Hash Join  (cost=1396.00..3101.52 rows=100000 width=12) (actual rows=100000 loops=1)
                    Hash Cond: (p.employee_id = e.employee_id)
                    Buffers: shared hit=714
                    ->  Seq Scan on project p  (cost=0.00..1443.00 rows=100000 width=8) (actual rows=100000 loops=1)
                          Buffers: shared hit=443
                    ->  Hash  (cost=771.00..771.00 rows=50000 width=8) (actual rows=50000 loops=1)
                          Buckets: 65536  Batches: 1  Memory Usage: 2466kB
                          Buffers: shared hit=271
                          ->  Seq Scan on employee e  (cost=0.00..771.00 rows=50000 width=8) (actual rows=50000 loops=1)
                                Buffers: shared hit=271
Planning:
  Buffers: shared hit=6
Planning Time: 0.162 ms
Execution Time: 103.483 ms",116.672,14406.34,11013,"Subquery Scan on t_cte_4  (cost=11406.34..14406.34 rows=500 width=8) (actual rows=11013 loops=1)
  Filter: (t_cte_4.c_experience_years0 = t_cte_4.c_0)
  Rows Removed by Filter: 88987
  Buffers: shared hit=714, temp read=270 written=271
  ->  WindowAgg  (cost=11406.34..13156.34 rows=100000 width=16) (actual rows=100000 loops=1)
        Buffers: shared hit=714, temp read=270 written=271
        ->  Sort  (cost=11406.34..11656.34 rows=100000 width=12) (actual rows=100000 loops=1)
              Sort Key: p.project_id
              Sort Method: external merge  Disk: 2160kB
              Buffers: shared hit=714, temp read=270 written=271
              ->  Hash Join  (cost=1396.00..3101.52 rows=100000 width=12) (actual rows=100000 loops=1)
                    Hash Cond: (p.employee_id = e.employee_id)
                    Buffers: shared hit=714
                    ->  Seq Scan on project p  (cost=0.00..1443.00 rows=100000 width=8) (actual rows=100000 loops=1)
                          Buffers: shared hit=443
                    ->  Hash  (cost=771.00..771.00 rows=50000 width=8) (actual rows=50000 loops=1)
                          Buckets: 65536  Batches: 1  Memory Usage: 2466kB
                          Buffers: shared hit=271
                          ->  Seq Scan on employee e  (cost=0.00..771.00 rows=50000 width=8) (actual rows=50000 loops=1)
                                Buffers: shared hit=271
Planning:
  Buffers: shared hit=6
Planning Time: 0.216 ms
Execution Time: 116.672 ms",113.179,14406.34,11013,"Subquery Scan on t_cte_4  (cost=11406.34..14406.34 rows=500 width=8) (actual rows=11013 loops=1)
  Filter: (t_cte_4.c_experience_years0 = t_cte_4.c_0)
  Rows Removed by Filter: 88987
  Buffers: shared hit=714, temp read=270 written=271
  ->  WindowAgg  (cost=11406.34..13156.34 rows=100000 width=16) (actual rows=100000 loops=1)
        Buffers: shared hit=714, temp read=270 written=271
        ->  Sort  (cost=11406.34..11656.34 rows=100000 width=12) (actual rows=100000 loops=1)
              Sort Key: p.project_id
              Sort Method: external merge  Disk: 2160kB
              Buffers: shared hit=714, temp read=270 written=271
              ->  Hash Join  (cost=1396.00..3101.52 rows=100000 width=12) (actual rows=100000 loops=1)
                    Hash Cond: (p.employee_id = e.employee_id)
                    Buffers: shared hit=714
                    ->  Seq Scan on project p  (cost=0.00..1443.00 rows=100000 width=8) (actual rows=100000 loops=1)
                          Buffers: shared hit=443
                    ->  Hash  (cost=771.00..771.00 rows=50000 width=8) (actual rows=50000 loops=1)
                          Buckets: 65536  Batches: 1  Memory Usage: 2466kB
                          Buffers: shared hit=271
                          ->  Seq Scan on employee e  (cost=0.00..771.00 rows=50000 width=8) (actual rows=50000 loops=1)
                                Buffers: shared hit=271
Planning:
  Buffers: shared hit=6
Planning Time: 0.213 ms
Execution Time: 113.179 ms",112.632,14406.34,11013,"Subquery Scan on t_cte_4  (cost=11406.34..14406.34 rows=500 width=8) (actual rows=11013 loops=1)
  Filter: (t_cte_4.c_experience_years0 = t_cte_4.c_0)
  Rows Removed by Filter: 88987
  Buffers: shared hit=714, temp read=270 written=271
  ->  WindowAgg  (cost=11406.34..13156.34 rows=100000 width=16) (actual rows=100000 loops=1)
        Buffers: shared hit=714, temp read=270 written=271
        ->  Sort  (cost=11406.34..11656.34 rows=100000 width=12) (actual rows=100000 loops=1)
              Sort Key: p.project_id
              Sort Method: external merge  Disk: 2160kB
              Buffers: shared hit=714, temp read=270 written=271
              ->  Hash Join  (cost=1396.00..3101.52 rows=100000 width=12) (actual rows=100000 loops=1)
                    Hash Cond: (p.employee_id = e.employee_id)
                    Buffers: shared hit=714
                    ->  Seq Scan on project p  (cost=0.00..1443.00 rows=100000 width=8) (actual rows=100000 loops=1)
                          Buffers: shared hit=443
                    ->  Hash  (cost=771.00..771.00 rows=50000 width=8) (actual rows=50000 loops=1)
                          Buckets: 65536  Batches: 1  Memory Usage: 2466kB
                          Buffers: shared hit=271
                          ->  Seq Scan on employee e  (cost=0.00..771.00 rows=50000 width=8) (actual rows=50000 loops=1)
                                Buffers: shared hit=271
Planning:
  Buffers: shared hit=6
Planning Time: 0.349 ms
Execution Time: 112.632 ms",125.153,14406.34,11013,"Subquery Scan on t_cte_4  (cost=11406.34..14406.34 rows=500 width=8) (actual rows=11013 loops=1)
  Filter: (t_cte_4.c_experience_years0 = t_cte_4.c_0)
  Rows Removed by Filter: 88987
  Buffers: shared hit=714, temp read=270 written=271
  ->  WindowAgg  (cost=11406.34..13156.34 rows=100000 width=16) (actual rows=100000 loops=1)
        Buffers: shared hit=714, temp read=270 written=271
        ->  Sort  (cost=11406.34..11656.34 rows=100000 width=12) (actual rows=100000 loops=1)
              Sort Key: p.project_id
              Sort Method: external merge  Disk: 2160kB
              Buffers: shared hit=714, temp read=270 written=271
              ->  Hash Join  (cost=1396.00..3101.52 rows=100000 width=12) (actual rows=100000 loops=1)
                    Hash Cond: (p.employee_id = e.employee_id)
                    Buffers: shared hit=714
                    ->  Seq Scan on project p  (cost=0.00..1443.00 rows=100000 width=8) (actual rows=100000 loops=1)
                          Buffers: shared hit=443
                    ->  Hash  (cost=771.00..771.00 rows=50000 width=8) (actual rows=50000 loops=1)
                          Buckets: 65536  Batches: 1  Memory Usage: 2466kB
                          Buffers: shared hit=271
                          ->  Seq Scan on employee e  (cost=0.00..771.00 rows=50000 width=8) (actual rows=50000 loops=1)
                                Buffers: shared hit=271
Planning:
  Buffers: shared hit=6
Planning Time: 0.272 ms
Execution Time: 125.153 ms",114.2238,113.179,120.9125,128.5454,14406.34,14406.34,11013,11013,11013,11013,1077_181,572,1077,181,Medium,"select project_id, employee_id from (select distinct p.project_id, p.employee_id, e.experience_years, max(e.experience_years) over (partition by p.project_id) as max_years from schema_1077.project as p join schema_1077.employee as e on p.employee_id = e.employee_id) as tmp where experience_years = max_years",152.356,23289.15,11013,"Subquery Scan on tmp  (cost=20062.59..23289.15 rows=500 width=8) (actual rows=11013 loops=1)
  Filter: (tmp.experience_years = tmp.max_years)
  Rows Removed by Filter: 88987
  Buffers: shared hit=714, temp read=496 written=722
  ->  HashAggregate  (cost=20062.59..22039.15 rows=100000 width=16) (actual rows=100000 loops=1)
        Group Key: p.project_id, p.employee_id, e.experience_years, max(e.experience_years) OVER (?)
        Planned Partitions: 4  Batches: 5  Memory Usage: 4153kB  Disk Usage: 2312kB
        Buffers: shared hit=714, temp read=496 written=722
        ->  WindowAgg  (cost=11406.34..13156.34 rows=100000 width=16) (actual rows=100000 loops=1)
              Buffers: shared hit=714, temp read=270 written=271
              ->  Sort  (cost=11406.34..11656.34 rows=100000 width=12) (actual rows=100000 loops=1)
                    Sort Key: p.project_id
                    Sort Method: external merge  Disk: 2160kB
                    Buffers: shared hit=714, temp read=270 written=271
                    ->  Hash Join  (cost=1396.00..3101.52 rows=100000 width=12) (actual rows=100000 loops=1)
                          Hash Cond: (p.employee_id = e.employee_id)
                          Buffers: shared hit=714
                          ->  Seq Scan on project p  (cost=0.00..1443.00 rows=100000 width=8) (actual rows=100000 loops=1)
                                Buffers: shared hit=443
                          ->  Hash  (cost=771.00..771.00 rows=50000 width=8) (actual rows=50000 loops=1)
                                Buckets: 65536  Batches: 1  Memory Usage: 2466kB
                                Buffers: shared hit=271
                                ->  Seq Scan on employee e  (cost=0.00..771.00 rows=50000 width=8) (actual rows=50000 loops=1)
                                      Buffers: shared hit=271
Planning:
  Buffers: shared hit=6
Planning Time: 0.191 ms
Execution Time: 152.356 ms",170.034,23289.15,11013,"Subquery Scan on tmp  (cost=20062.59..23289.15 rows=500 width=8) (actual rows=11013 loops=1)
  Filter: (tmp.experience_years = tmp.max_years)
  Rows Removed by Filter: 88987
  Buffers: shared hit=714, temp read=496 written=722
  ->  HashAggregate  (cost=20062.59..22039.15 rows=100000 width=16) (actual rows=100000 loops=1)
        Group Key: p.project_id, p.employee_id, e.experience_years, max(e.experience_years) OVER (?)
        Planned Partitions: 4  Batches: 5  Memory Usage: 4153kB  Disk Usage: 2312kB
        Buffers: shared hit=714, temp read=496 written=722
        ->  WindowAgg  (cost=11406.34..13156.34 rows=100000 width=16) (actual rows=100000 loops=1)
              Buffers: shared hit=714, temp read=270 written=271
              ->  Sort  (cost=11406.34..11656.34 rows=100000 width=12) (actual rows=100000 loops=1)
                    Sort Key: p.project_id
                    Sort Method: external merge  Disk: 2160kB
                    Buffers: shared hit=714, temp read=270 written=271
                    ->  Hash Join  (cost=1396.00..3101.52 rows=100000 width=12) (actual rows=100000 loops=1)
                          Hash Cond: (p.employee_id = e.employee_id)
                          Buffers: shared hit=714
                          ->  Seq Scan on project p  (cost=0.00..1443.00 rows=100000 width=8) (actual rows=100000 loops=1)
                                Buffers: shared hit=443
                          ->  Hash  (cost=771.00..771.00 rows=50000 width=8) (actual rows=50000 loops=1)
                                Buckets: 65536  Batches: 1  Memory Usage: 2466kB
                                Buffers: shared hit=271
                                ->  Seq Scan on employee e  (cost=0.00..771.00 rows=50000 width=8) (actual rows=50000 loops=1)
                                      Buffers: shared hit=271
Planning:
  Buffers: shared hit=6
Planning Time: 0.272 ms
Execution Time: 170.034 ms",168.737,23289.15,11013,"Subquery Scan on tmp  (cost=20062.59..23289.15 rows=500 width=8) (actual rows=11013 loops=1)
  Filter: (tmp.experience_years = tmp.max_years)
  Rows Removed by Filter: 88987
  Buffers: shared hit=714, temp read=496 written=722
  ->  HashAggregate  (cost=20062.59..22039.15 rows=100000 width=16) (actual rows=100000 loops=1)
        Group Key: p.project_id, p.employee_id, e.experience_years, max(e.experience_years) OVER (?)
        Planned Partitions: 4  Batches: 5  Memory Usage: 4153kB  Disk Usage: 2312kB
        Buffers: shared hit=714, temp read=496 written=722
        ->  WindowAgg  (cost=11406.34..13156.34 rows=100000 width=16) (actual rows=100000 loops=1)
              Buffers: shared hit=714, temp read=270 written=271
              ->  Sort  (cost=11406.34..11656.34 rows=100000 width=12) (actual rows=100000 loops=1)
                    Sort Key: p.project_id
                    Sort Method: external merge  Disk: 2160kB
                    Buffers: shared hit=714, temp read=270 written=271
                    ->  Hash Join  (cost=1396.00..3101.52 rows=100000 width=12) (actual rows=100000 loops=1)
                          Hash Cond: (p.employee_id = e.employee_id)
                          Buffers: shared hit=714
                          ->  Seq Scan on project p  (cost=0.00..1443.00 rows=100000 width=8) (actual rows=100000 loops=1)
                                Buffers: shared hit=443
                          ->  Hash  (cost=771.00..771.00 rows=50000 width=8) (actual rows=50000 loops=1)
                                Buckets: 65536  Batches: 1  Memory Usage: 2466kB
                                Buffers: shared hit=271
                                ->  Seq Scan on employee e  (cost=0.00..771.00 rows=50000 width=8) (actual rows=50000 loops=1)
                                      Buffers: shared hit=271
Planning:
  Buffers: shared hit=6
Planning Time: 0.245 ms
Execution Time: 168.737 ms",165.329,23289.15,11013,"Subquery Scan on tmp  (cost=20062.59..23289.15 rows=500 width=8) (actual rows=11013 loops=1)
  Filter: (tmp.experience_years = tmp.max_years)
  Rows Removed by Filter: 88987
  Buffers: shared hit=714, temp read=496 written=722
  ->  HashAggregate  (cost=20062.59..22039.15 rows=100000 width=16) (actual rows=100000 loops=1)
        Group Key: p.project_id, p.employee_id, e.experience_years, max(e.experience_years) OVER (?)
        Planned Partitions: 4  Batches: 5  Memory Usage: 4153kB  Disk Usage: 2312kB
        Buffers: shared hit=714, temp read=496 written=722
        ->  WindowAgg  (cost=11406.34..13156.34 rows=100000 width=16) (actual rows=100000 loops=1)
              Buffers: shared hit=714, temp read=270 written=271
              ->  Sort  (cost=11406.34..11656.34 rows=100000 width=12) (actual rows=100000 loops=1)
                    Sort Key: p.project_id
                    Sort Method: external merge  Disk: 2160kB
                    Buffers: shared hit=714, temp read=270 written=271
                    ->  Hash Join  (cost=1396.00..3101.52 rows=100000 width=12) (actual rows=100000 loops=1)
                          Hash Cond: (p.employee_id = e.employee_id)
                          Buffers: shared hit=714
                          ->  Seq Scan on project p  (cost=0.00..1443.00 rows=100000 width=8) (actual rows=100000 loops=1)
                                Buffers: shared hit=443
                          ->  Hash  (cost=771.00..771.00 rows=50000 width=8) (actual rows=50000 loops=1)
                                Buckets: 65536  Batches: 1  Memory Usage: 2466kB
                                Buffers: shared hit=271
                                ->  Seq Scan on employee e  (cost=0.00..771.00 rows=50000 width=8) (actual rows=50000 loops=1)
                                      Buffers: shared hit=271
Planning:
  Buffers: shared hit=6
Planning Time: 0.233 ms
Execution Time: 165.329 ms",170.327,23289.15,11013,"Subquery Scan on tmp  (cost=20062.59..23289.15 rows=500 width=8) (actual rows=11013 loops=1)
  Filter: (tmp.experience_years = tmp.max_years)
  Rows Removed by Filter: 88987
  Buffers: shared hit=714, temp read=496 written=722
  ->  HashAggregate  (cost=20062.59..22039.15 rows=100000 width=16) (actual rows=100000 loops=1)
        Group Key: p.project_id, p.employee_id, e.experience_years, max(e.experience_years) OVER (?)
        Planned Partitions: 4  Batches: 5  Memory Usage: 4153kB  Disk Usage: 2312kB
        Buffers: shared hit=714, temp read=496 written=722
        ->  WindowAgg  (cost=11406.34..13156.34 rows=100000 width=16) (actual rows=100000 loops=1)
              Buffers: shared hit=714, temp read=270 written=271
              ->  Sort  (cost=11406.34..11656.34 rows=100000 width=12) (actual rows=100000 loops=1)
                    Sort Key: p.project_id
                    Sort Method: external merge  Disk: 2160kB
                    Buffers: shared hit=714, temp read=270 written=271
                    ->  Hash Join  (cost=1396.00..3101.52 rows=100000 width=12) (actual rows=100000 loops=1)
                          Hash Cond: (p.employee_id = e.employee_id)
                          Buffers: shared hit=714
                          ->  Seq Scan on project p  (cost=0.00..1443.00 rows=100000 width=8) (actual rows=100000 loops=1)
                                Buffers: shared hit=443
                          ->  Hash  (cost=771.00..771.00 rows=50000 width=8) (actual rows=50000 loops=1)
                                Buckets: 65536  Batches: 1  Memory Usage: 2466kB
                                Buffers: shared hit=271
                                ->  Seq Scan on employee e  (cost=0.00..771.00 rows=50000 width=8) (actual rows=50000 loops=1)
                                      Buffers: shared hit=271
Planning:
  Buffers: shared hit=6
Planning Time: 0.283 ms
Execution Time: 170.327 ms",165.3566,168.737,170.1805,170.4442,23289.15,23289.15,11013,11013,11013,11013,not normal,normal,56.756603299999995,61.1078287,equal variances,significant,0.003968253968253968,-51.13279999999999,-55.55799999999999,-8882.810000000001,0,True
579,1113,3,Easy,"select t_cte_22.c_extra0 as report_reason, count(t_cte_22.c_post_id0) as report_count from (select distinct t_actions_0.post_id as c_post_id0, t_actions_0.extra as c_extra0 from schema_1113.actions as t_actions_0 where t_actions_0.action_date = '2019-07-04' and t_actions_0.action = 'report') as t_cte_22 group by t_cte_22.c_extra0",8.227,2158.21,10,"HashAggregate  (cost=2156.21..2158.21 rows=200 width=9) (actual rows=10 loops=1)
  Group Key: t_actions_0.extra
  Batches: 1  Memory Usage: 40kB
  Buffers: shared hit=637
  ->  HashAggregate  (cost=2140.28..2146.65 rows=637 width=5) (actual rows=668 loops=1)
        Group Key: t_actions_0.post_id, t_actions_0.extra
        Batches: 1  Memory Usage: 73kB
        Buffers: shared hit=637
        ->  Seq Scan on actions t_actions_0  (cost=0.00..2137.00 rows=656 width=5) (actual rows=692 loops=1)
              Filter: ((action_date = '2019-07-04'::date) AND ((action)::text = 'report'::text))
              Rows Removed by Filter: 99308
              Buffers: shared hit=637
Planning Time: 0.098 ms
Execution Time: 8.227 ms",11.526,2158.21,10,"HashAggregate  (cost=2156.21..2158.21 rows=200 width=9) (actual rows=10 loops=1)
  Group Key: t_actions_0.extra
  Batches: 1  Memory Usage: 40kB
  Buffers: shared hit=637
  ->  HashAggregate  (cost=2140.28..2146.65 rows=637 width=5) (actual rows=668 loops=1)
        Group Key: t_actions_0.post_id, t_actions_0.extra
        Batches: 1  Memory Usage: 73kB
        Buffers: shared hit=637
        ->  Seq Scan on actions t_actions_0  (cost=0.00..2137.00 rows=656 width=5) (actual rows=692 loops=1)
              Filter: ((action_date = '2019-07-04'::date) AND ((action)::text = 'report'::text))
              Rows Removed by Filter: 99308
              Buffers: shared hit=637
Planning Time: 0.137 ms
Execution Time: 11.526 ms",16.087,2158.21,10,"HashAggregate  (cost=2156.21..2158.21 rows=200 width=9) (actual rows=10 loops=1)
  Group Key: t_actions_0.extra
  Batches: 1  Memory Usage: 40kB
  Buffers: shared hit=637
  ->  HashAggregate  (cost=2140.28..2146.65 rows=637 width=5) (actual rows=668 loops=1)
        Group Key: t_actions_0.post_id, t_actions_0.extra
        Batches: 1  Memory Usage: 73kB
        Buffers: shared hit=637
        ->  Seq Scan on actions t_actions_0  (cost=0.00..2137.00 rows=656 width=5) (actual rows=692 loops=1)
              Filter: ((action_date = '2019-07-04'::date) AND ((action)::text = 'report'::text))
              Rows Removed by Filter: 99308
              Buffers: shared hit=637
Planning Time: 0.100 ms
Execution Time: 16.087 ms",15.194,2158.21,10,"HashAggregate  (cost=2156.21..2158.21 rows=200 width=9) (actual rows=10 loops=1)
  Group Key: t_actions_0.extra
  Batches: 1  Memory Usage: 40kB
  Buffers: shared hit=637
  ->  HashAggregate  (cost=2140.28..2146.65 rows=637 width=5) (actual rows=668 loops=1)
        Group Key: t_actions_0.post_id, t_actions_0.extra
        Batches: 1  Memory Usage: 73kB
        Buffers: shared hit=637
        ->  Seq Scan on actions t_actions_0  (cost=0.00..2137.00 rows=656 width=5) (actual rows=692 loops=1)
              Filter: ((action_date = '2019-07-04'::date) AND ((action)::text = 'report'::text))
              Rows Removed by Filter: 99308
              Buffers: shared hit=637
Planning Time: 0.065 ms
Execution Time: 15.194 ms",15.699,2158.21,10,"HashAggregate  (cost=2156.21..2158.21 rows=200 width=9) (actual rows=10 loops=1)
  Group Key: t_actions_0.extra
  Batches: 1  Memory Usage: 40kB
  Buffers: shared hit=637
  ->  HashAggregate  (cost=2140.28..2146.65 rows=637 width=5) (actual rows=668 loops=1)
        Group Key: t_actions_0.post_id, t_actions_0.extra
        Batches: 1  Memory Usage: 73kB
        Buffers: shared hit=637
        ->  Seq Scan on actions t_actions_0  (cost=0.00..2137.00 rows=656 width=5) (actual rows=692 loops=1)
              Filter: ((action_date = '2019-07-04'::date) AND ((action)::text = 'report'::text))
              Rows Removed by Filter: 99308
              Buffers: shared hit=637
Planning Time: 0.104 ms
Execution Time: 15.699 ms",13.3466,15.194,15.893,16.2422,2158.21,2158.21,10,10,10,10,1113_3,579,1113,3,Easy,"select distinct extra as report_reason, count(distinct post_id) as report_count from schema_1113.actions where (action_date = '2019-07-04' and action = 'report') group by extra",8.057,2173.0,10,"Unique  (cost=2172.91..2173.00 rows=11 width=9) (actual rows=10 loops=1)
  Buffers: shared hit=637
  ->  Sort  (cost=2172.91..2172.94 rows=11 width=9) (actual rows=10 loops=1)
        Sort Key: extra, (count(DISTINCT post_id))
        Sort Method: quicksort  Memory: 25kB
        Buffers: shared hit=637
        ->  GroupAggregate  (cost=2167.69..2172.72 rows=11 width=9) (actual rows=10 loops=1)
              Group Key: extra
              Buffers: shared hit=637
              ->  Sort  (cost=2167.69..2169.33 rows=656 width=5) (actual rows=692 loops=1)
                    Sort Key: extra
                    Sort Method: quicksort  Memory: 57kB
                    Buffers: shared hit=637
                    ->  Seq Scan on actions  (cost=0.00..2137.00 rows=656 width=5) (actual rows=692 loops=1)
                          Filter: ((action_date = '2019-07-04'::date) AND ((action)::text = 'report'::text))
                          Rows Removed by Filter: 99308
                          Buffers: shared hit=637
Planning Time: 0.075 ms
Execution Time: 8.057 ms",13.613,2173.0,10,"Unique  (cost=2172.91..2173.00 rows=11 width=9) (actual rows=10 loops=1)
  Buffers: shared hit=637
  ->  Sort  (cost=2172.91..2172.94 rows=11 width=9) (actual rows=10 loops=1)
        Sort Key: extra, (count(DISTINCT post_id))
        Sort Method: quicksort  Memory: 25kB
        Buffers: shared hit=637
        ->  GroupAggregate  (cost=2167.69..2172.72 rows=11 width=9) (actual rows=10 loops=1)
              Group Key: extra
              Buffers: shared hit=637
              ->  Sort  (cost=2167.69..2169.33 rows=656 width=5) (actual rows=692 loops=1)
                    Sort Key: extra
                    Sort Method: quicksort  Memory: 57kB
                    Buffers: shared hit=637
                    ->  Seq Scan on actions  (cost=0.00..2137.00 rows=656 width=5) (actual rows=692 loops=1)
                          Filter: ((action_date = '2019-07-04'::date) AND ((action)::text = 'report'::text))
                          Rows Removed by Filter: 99308
                          Buffers: shared hit=637
Planning Time: 0.085 ms
Execution Time: 13.613 ms",16.373,2173.0,10,"Unique  (cost=2172.91..2173.00 rows=11 width=9) (actual rows=10 loops=1)
  Buffers: shared hit=637
  ->  Sort  (cost=2172.91..2172.94 rows=11 width=9) (actual rows=10 loops=1)
        Sort Key: extra, (count(DISTINCT post_id))
        Sort Method: quicksort  Memory: 25kB
        Buffers: shared hit=637
        ->  GroupAggregate  (cost=2167.69..2172.72 rows=11 width=9) (actual rows=10 loops=1)
              Group Key: extra
              Buffers: shared hit=637
              ->  Sort  (cost=2167.69..2169.33 rows=656 width=5) (actual rows=692 loops=1)
                    Sort Key: extra
                    Sort Method: quicksort  Memory: 57kB
                    Buffers: shared hit=637
                    ->  Seq Scan on actions  (cost=0.00..2137.00 rows=656 width=5) (actual rows=692 loops=1)
                          Filter: ((action_date = '2019-07-04'::date) AND ((action)::text = 'report'::text))
                          Rows Removed by Filter: 99308
                          Buffers: shared hit=637
Planning Time: 0.075 ms
Execution Time: 16.373 ms",16.798,2173.0,10,"Unique  (cost=2172.91..2173.00 rows=11 width=9) (actual rows=10 loops=1)
  Buffers: shared hit=637
  ->  Sort  (cost=2172.91..2172.94 rows=11 width=9) (actual rows=10 loops=1)
        Sort Key: extra, (count(DISTINCT post_id))
        Sort Method: quicksort  Memory: 25kB
        Buffers: shared hit=637
        ->  GroupAggregate  (cost=2167.69..2172.72 rows=11 width=9) (actual rows=10 loops=1)
              Group Key: extra
              Buffers: shared hit=637
              ->  Sort  (cost=2167.69..2169.33 rows=656 width=5) (actual rows=692 loops=1)
                    Sort Key: extra
                    Sort Method: quicksort  Memory: 57kB
                    Buffers: shared hit=637
                    ->  Seq Scan on actions  (cost=0.00..2137.00 rows=656 width=5) (actual rows=692 loops=1)
                          Filter: ((action_date = '2019-07-04'::date) AND ((action)::text = 'report'::text))
                          Rows Removed by Filter: 99308
                          Buffers: shared hit=637
Planning Time: 0.086 ms
Execution Time: 16.798 ms",11.659,2173.0,10,"Unique  (cost=2172.91..2173.00 rows=11 width=9) (actual rows=10 loops=1)
  Buffers: shared hit=637
  ->  Sort  (cost=2172.91..2172.94 rows=11 width=9) (actual rows=10 loops=1)
        Sort Key: extra, (count(DISTINCT post_id))
        Sort Method: quicksort  Memory: 25kB
        Buffers: shared hit=637
        ->  GroupAggregate  (cost=2167.69..2172.72 rows=11 width=9) (actual rows=10 loops=1)
              Group Key: extra
              Buffers: shared hit=637
              ->  Sort  (cost=2167.69..2169.33 rows=656 width=5) (actual rows=692 loops=1)
                    Sort Key: extra
                    Sort Method: quicksort  Memory: 57kB
                    Buffers: shared hit=637
                    ->  Seq Scan on actions  (cost=0.00..2137.00 rows=656 width=5) (actual rows=692 loops=1)
                          Filter: ((action_date = '2019-07-04'::date) AND ((action)::text = 'report'::text))
                          Rows Removed by Filter: 99308
                          Buffers: shared hit=637
Planning Time: 0.089 ms
Execution Time: 11.659 ms",13.3,13.613,16.5855,16.968,2173.0,2173.0,10,10,10,10,normal,normal,12.989807999999998,11.4953383,equal variances,not significant,0.42063492063492064,0.04659999999999975,1.5810000000000013,-14.789999999999964,0,True
580,1113,6,Easy,"select t_cte_21.c_extra0 as report_reason, count(t_cte_21.c_post_id0) as report_count from (select distinct t_actions_0.extra as c_extra0, t_actions_0.post_id as c_post_id0 from schema_1113.actions as t_actions_0 where t_actions_0.action_date = '2019-07-04' and t_actions_0.action = 'report') as t_cte_21 group by t_cte_21.c_extra0",8.753,2158.21,10,"HashAggregate  (cost=2156.21..2158.21 rows=200 width=9) (actual rows=10 loops=1)
  Group Key: t_actions_0.extra
  Batches: 1  Memory Usage: 40kB
  Buffers: shared hit=637
  ->  HashAggregate  (cost=2140.28..2146.65 rows=637 width=5) (actual rows=668 loops=1)
        Group Key: t_actions_0.extra, t_actions_0.post_id
        Batches: 1  Memory Usage: 73kB
        Buffers: shared hit=637
        ->  Seq Scan on actions t_actions_0  (cost=0.00..2137.00 rows=656 width=5) (actual rows=692 loops=1)
              Filter: ((action_date = '2019-07-04'::date) AND ((action)::text = 'report'::text))
              Rows Removed by Filter: 99308
              Buffers: shared hit=637
Planning Time: 0.066 ms
Execution Time: 8.753 ms",17.151,2158.21,10,"HashAggregate  (cost=2156.21..2158.21 rows=200 width=9) (actual rows=10 loops=1)
  Group Key: t_actions_0.extra
  Batches: 1  Memory Usage: 40kB
  Buffers: shared hit=637
  ->  HashAggregate  (cost=2140.28..2146.65 rows=637 width=5) (actual rows=668 loops=1)
        Group Key: t_actions_0.extra, t_actions_0.post_id
        Batches: 1  Memory Usage: 73kB
        Buffers: shared hit=637
        ->  Seq Scan on actions t_actions_0  (cost=0.00..2137.00 rows=656 width=5) (actual rows=692 loops=1)
              Filter: ((action_date = '2019-07-04'::date) AND ((action)::text = 'report'::text))
              Rows Removed by Filter: 99308
              Buffers: shared hit=637
Planning Time: 0.116 ms
Execution Time: 17.151 ms",14.113,2158.21,10,"HashAggregate  (cost=2156.21..2158.21 rows=200 width=9) (actual rows=10 loops=1)
  Group Key: t_actions_0.extra
  Batches: 1  Memory Usage: 40kB
  Buffers: shared hit=637
  ->  HashAggregate  (cost=2140.28..2146.65 rows=637 width=5) (actual rows=668 loops=1)
        Group Key: t_actions_0.extra, t_actions_0.post_id
        Batches: 1  Memory Usage: 73kB
        Buffers: shared hit=637
        ->  Seq Scan on actions t_actions_0  (cost=0.00..2137.00 rows=656 width=5) (actual rows=692 loops=1)
              Filter: ((action_date = '2019-07-04'::date) AND ((action)::text = 'report'::text))
              Rows Removed by Filter: 99308
              Buffers: shared hit=637
Planning Time: 0.099 ms
Execution Time: 14.113 ms",16.972,2158.21,10,"HashAggregate  (cost=2156.21..2158.21 rows=200 width=9) (actual rows=10 loops=1)
  Group Key: t_actions_0.extra
  Batches: 1  Memory Usage: 40kB
  Buffers: shared hit=637
  ->  HashAggregate  (cost=2140.28..2146.65 rows=637 width=5) (actual rows=668 loops=1)
        Group Key: t_actions_0.extra, t_actions_0.post_id
        Batches: 1  Memory Usage: 73kB
        Buffers: shared hit=637
        ->  Seq Scan on actions t_actions_0  (cost=0.00..2137.00 rows=656 width=5) (actual rows=692 loops=1)
              Filter: ((action_date = '2019-07-04'::date) AND ((action)::text = 'report'::text))
              Rows Removed by Filter: 99308
              Buffers: shared hit=637
Planning Time: 0.088 ms
Execution Time: 16.972 ms",11.516,2158.21,10,"HashAggregate  (cost=2156.21..2158.21 rows=200 width=9) (actual rows=10 loops=1)
  Group Key: t_actions_0.extra
  Batches: 1  Memory Usage: 40kB
  Buffers: shared hit=637
  ->  HashAggregate  (cost=2140.28..2146.65 rows=637 width=5) (actual rows=668 loops=1)
        Group Key: t_actions_0.extra, t_actions_0.post_id
        Batches: 1  Memory Usage: 73kB
        Buffers: shared hit=637
        ->  Seq Scan on actions t_actions_0  (cost=0.00..2137.00 rows=656 width=5) (actual rows=692 loops=1)
              Filter: ((action_date = '2019-07-04'::date) AND ((action)::text = 'report'::text))
              Rows Removed by Filter: 99308
              Buffers: shared hit=637
Planning Time: 0.110 ms
Execution Time: 11.516 ms",13.701,14.113,17.0615,17.2226,2158.21,2158.21,10,10,10,10,1113_6,580,1113,6,Easy,"select extra as report_reason, count(distinct post_id) as report_count from schema_1113.actions where (action_date = '2019-07-04' and action = 'report') group by extra",8.952,2172.72,10,"GroupAggregate  (cost=2167.69..2172.72 rows=11 width=9) (actual rows=10 loops=1)
  Group Key: extra
  Buffers: shared hit=637
  ->  Sort  (cost=2167.69..2169.33 rows=656 width=5) (actual rows=692 loops=1)
        Sort Key: extra
        Sort Method: quicksort  Memory: 57kB
        Buffers: shared hit=637
        ->  Seq Scan on actions  (cost=0.00..2137.00 rows=656 width=5) (actual rows=692 loops=1)
              Filter: ((action_date = '2019-07-04'::date) AND ((action)::text = 'report'::text))
              Rows Removed by Filter: 99308
              Buffers: shared hit=637
Planning Time: 0.053 ms
Execution Time: 8.952 ms",10.721,2172.72,10,"GroupAggregate  (cost=2167.69..2172.72 rows=11 width=9) (actual rows=10 loops=1)
  Group Key: extra
  Buffers: shared hit=637
  ->  Sort  (cost=2167.69..2169.33 rows=656 width=5) (actual rows=692 loops=1)
        Sort Key: extra
        Sort Method: quicksort  Memory: 57kB
        Buffers: shared hit=637
        ->  Seq Scan on actions  (cost=0.00..2137.00 rows=656 width=5) (actual rows=692 loops=1)
              Filter: ((action_date = '2019-07-04'::date) AND ((action)::text = 'report'::text))
              Rows Removed by Filter: 99308
              Buffers: shared hit=637
Planning Time: 0.072 ms
Execution Time: 10.721 ms",12.065,2172.72,10,"GroupAggregate  (cost=2167.69..2172.72 rows=11 width=9) (actual rows=10 loops=1)
  Group Key: extra
  Buffers: shared hit=637
  ->  Sort  (cost=2167.69..2169.33 rows=656 width=5) (actual rows=692 loops=1)
        Sort Key: extra
        Sort Method: quicksort  Memory: 57kB
        Buffers: shared hit=637
        ->  Seq Scan on actions  (cost=0.00..2137.00 rows=656 width=5) (actual rows=692 loops=1)
              Filter: ((action_date = '2019-07-04'::date) AND ((action)::text = 'report'::text))
              Rows Removed by Filter: 99308
              Buffers: shared hit=637
Planning Time: 0.076 ms
Execution Time: 12.065 ms",17.281,2172.72,10,"GroupAggregate  (cost=2167.69..2172.72 rows=11 width=9) (actual rows=10 loops=1)
  Group Key: extra
  Buffers: shared hit=637
  ->  Sort  (cost=2167.69..2169.33 rows=656 width=5) (actual rows=692 loops=1)
        Sort Key: extra
        Sort Method: quicksort  Memory: 57kB
        Buffers: shared hit=637
        ->  Seq Scan on actions  (cost=0.00..2137.00 rows=656 width=5) (actual rows=692 loops=1)
              Filter: ((action_date = '2019-07-04'::date) AND ((action)::text = 'report'::text))
              Rows Removed by Filter: 99308
              Buffers: shared hit=637
Planning Time: 0.072 ms
Execution Time: 17.281 ms",17.247,2172.72,10,"GroupAggregate  (cost=2167.69..2172.72 rows=11 width=9) (actual rows=10 loops=1)
  Group Key: extra
  Buffers: shared hit=637
  ->  Sort  (cost=2167.69..2169.33 rows=656 width=5) (actual rows=692 loops=1)
        Sort Key: extra
        Sort Method: quicksort  Memory: 57kB
        Buffers: shared hit=637
        ->  Seq Scan on actions  (cost=0.00..2137.00 rows=656 width=5) (actual rows=692 loops=1)
              Filter: ((action_date = '2019-07-04'::date) AND ((action)::text = 'report'::text))
              Rows Removed by Filter: 99308
              Buffers: shared hit=637
Planning Time: 0.081 ms
Execution Time: 17.247 ms",13.2532,12.065,17.264,17.2946,2172.72,2172.72,10,10,10,10,normal,normal,14.624447199999999,13.007153500000001,equal variances,not significant,0.42063492063492064,0.44780000000000086,2.048,-14.509999999999764,0,True
581,1113,7,Easy,"select t_cte_14.c_extra0 as report_reason, count(t_cte_14.c_post_id0) as report_count from (select distinct a.extra as c_extra0, a.post_id as c_post_id0 from schema_1113.actions as a where a.action = 'report' and a.action_date = '2019-07-04') as t_cte_14 group by t_cte_14.c_extra0",11.187,2158.21,10,"HashAggregate  (cost=2156.21..2158.21 rows=200 width=9) (actual rows=10 loops=1)
  Group Key: a.extra
  Batches: 1  Memory Usage: 40kB
  Buffers: shared hit=637
  ->  HashAggregate  (cost=2140.28..2146.65 rows=637 width=5) (actual rows=668 loops=1)
        Group Key: a.extra, a.post_id
        Batches: 1  Memory Usage: 73kB
        Buffers: shared hit=637
        ->  Seq Scan on actions a  (cost=0.00..2137.00 rows=656 width=5) (actual rows=692 loops=1)
              Filter: (((action)::text = 'report'::text) AND (action_date = '2019-07-04'::date))
              Rows Removed by Filter: 99308
              Buffers: shared hit=637
Planning Time: 0.123 ms
Execution Time: 11.187 ms",13.262,2158.21,10,"HashAggregate  (cost=2156.21..2158.21 rows=200 width=9) (actual rows=10 loops=1)
  Group Key: a.extra
  Batches: 1  Memory Usage: 40kB
  Buffers: shared hit=637
  ->  HashAggregate  (cost=2140.28..2146.65 rows=637 width=5) (actual rows=668 loops=1)
        Group Key: a.extra, a.post_id
        Batches: 1  Memory Usage: 73kB
        Buffers: shared hit=637
        ->  Seq Scan on actions a  (cost=0.00..2137.00 rows=656 width=5) (actual rows=692 loops=1)
              Filter: (((action)::text = 'report'::text) AND (action_date = '2019-07-04'::date))
              Rows Removed by Filter: 99308
              Buffers: shared hit=637
Planning Time: 0.122 ms
Execution Time: 13.262 ms",17.097,2158.21,10,"HashAggregate  (cost=2156.21..2158.21 rows=200 width=9) (actual rows=10 loops=1)
  Group Key: a.extra
  Batches: 1  Memory Usage: 40kB
  Buffers: shared hit=637
  ->  HashAggregate  (cost=2140.28..2146.65 rows=637 width=5) (actual rows=668 loops=1)
        Group Key: a.extra, a.post_id
        Batches: 1  Memory Usage: 73kB
        Buffers: shared hit=637
        ->  Seq Scan on actions a  (cost=0.00..2137.00 rows=656 width=5) (actual rows=692 loops=1)
              Filter: (((action)::text = 'report'::text) AND (action_date = '2019-07-04'::date))
              Rows Removed by Filter: 99308
              Buffers: shared hit=637
Planning Time: 0.088 ms
Execution Time: 17.097 ms",19.302,2158.21,10,"HashAggregate  (cost=2156.21..2158.21 rows=200 width=9) (actual rows=10 loops=1)
  Group Key: a.extra
  Batches: 1  Memory Usage: 40kB
  Buffers: shared hit=637
  ->  HashAggregate  (cost=2140.28..2146.65 rows=637 width=5) (actual rows=668 loops=1)
        Group Key: a.extra, a.post_id
        Batches: 1  Memory Usage: 73kB
        Buffers: shared hit=637
        ->  Seq Scan on actions a  (cost=0.00..2137.00 rows=656 width=5) (actual rows=692 loops=1)
              Filter: (((action)::text = 'report'::text) AND (action_date = '2019-07-04'::date))
              Rows Removed by Filter: 99308
              Buffers: shared hit=637
Planning Time: 0.109 ms
Execution Time: 19.302 ms",15.255,2158.21,10,"HashAggregate  (cost=2156.21..2158.21 rows=200 width=9) (actual rows=10 loops=1)
  Group Key: a.extra
  Batches: 1  Memory Usage: 40kB
  Buffers: shared hit=637
  ->  HashAggregate  (cost=2140.28..2146.65 rows=637 width=5) (actual rows=668 loops=1)
        Group Key: a.extra, a.post_id
        Batches: 1  Memory Usage: 73kB
        Buffers: shared hit=637
        ->  Seq Scan on actions a  (cost=0.00..2137.00 rows=656 width=5) (actual rows=692 loops=1)
              Filter: (((action)::text = 'report'::text) AND (action_date = '2019-07-04'::date))
              Rows Removed by Filter: 99308
              Buffers: shared hit=637
Planning Time: 0.101 ms
Execution Time: 15.255 ms",15.2206,15.255,18.1995,20.184,2158.21,2158.21,10,10,10,10,1113_7,581,1113,7,Easy,"select a.extra as report_reason, count(distinct a.post_id) as report_count from schema_1113.actions as a where (a.action = 'report' and a.action_date = '2019-07-04') group by a.extra",11.762,2172.72,10,"GroupAggregate  (cost=2167.69..2172.72 rows=11 width=9) (actual rows=10 loops=1)
  Group Key: extra
  Buffers: shared hit=637
  ->  Sort  (cost=2167.69..2169.33 rows=656 width=5) (actual rows=692 loops=1)
        Sort Key: extra
        Sort Method: quicksort  Memory: 57kB
        Buffers: shared hit=637
        ->  Seq Scan on actions a  (cost=0.00..2137.00 rows=656 width=5) (actual rows=692 loops=1)
              Filter: (((action)::text = 'report'::text) AND (action_date = '2019-07-04'::date))
              Rows Removed by Filter: 99308
              Buffers: shared hit=637
Planning Time: 0.073 ms
Execution Time: 11.762 ms",21.171,2172.72,10,"GroupAggregate  (cost=2167.69..2172.72 rows=11 width=9) (actual rows=10 loops=1)
  Group Key: extra
  Buffers: shared hit=637
  ->  Sort  (cost=2167.69..2169.33 rows=656 width=5) (actual rows=692 loops=1)
        Sort Key: extra
        Sort Method: quicksort  Memory: 57kB
        Buffers: shared hit=637
        ->  Seq Scan on actions a  (cost=0.00..2137.00 rows=656 width=5) (actual rows=692 loops=1)
              Filter: (((action)::text = 'report'::text) AND (action_date = '2019-07-04'::date))
              Rows Removed by Filter: 99308
              Buffers: shared hit=637
Planning Time: 0.097 ms
Execution Time: 21.171 ms",15.059,2172.72,10,"GroupAggregate  (cost=2167.69..2172.72 rows=11 width=9) (actual rows=10 loops=1)
  Group Key: extra
  Buffers: shared hit=637
  ->  Sort  (cost=2167.69..2169.33 rows=656 width=5) (actual rows=692 loops=1)
        Sort Key: extra
        Sort Method: quicksort  Memory: 57kB
        Buffers: shared hit=637
        ->  Seq Scan on actions a  (cost=0.00..2137.00 rows=656 width=5) (actual rows=692 loops=1)
              Filter: (((action)::text = 'report'::text) AND (action_date = '2019-07-04'::date))
              Rows Removed by Filter: 99308
              Buffers: shared hit=637
Planning Time: 0.076 ms
Execution Time: 15.059 ms",15.213,2172.72,10,"GroupAggregate  (cost=2167.69..2172.72 rows=11 width=9) (actual rows=10 loops=1)
  Group Key: extra
  Buffers: shared hit=637
  ->  Sort  (cost=2167.69..2169.33 rows=656 width=5) (actual rows=692 loops=1)
        Sort Key: extra
        Sort Method: quicksort  Memory: 57kB
        Buffers: shared hit=637
        ->  Seq Scan on actions a  (cost=0.00..2137.00 rows=656 width=5) (actual rows=692 loops=1)
              Filter: (((action)::text = 'report'::text) AND (action_date = '2019-07-04'::date))
              Rows Removed by Filter: 99308
              Buffers: shared hit=637
Planning Time: 0.071 ms
Execution Time: 15.213 ms",17.771,2172.72,10,"GroupAggregate  (cost=2167.69..2172.72 rows=11 width=9) (actual rows=10 loops=1)
  Group Key: extra
  Buffers: shared hit=637
  ->  Sort  (cost=2167.69..2169.33 rows=656 width=5) (actual rows=692 loops=1)
        Sort Key: extra
        Sort Method: quicksort  Memory: 57kB
        Buffers: shared hit=637
        ->  Seq Scan on actions a  (cost=0.00..2137.00 rows=656 width=5) (actual rows=692 loops=1)
              Filter: (((action)::text = 'report'::text) AND (action_date = '2019-07-04'::date))
              Rows Removed by Filter: 99308
              Buffers: shared hit=637
Planning Time: 0.072 ms
Execution Time: 17.771 ms",16.1952,15.213,19.471,22.531,2172.72,2172.72,10,10,10,10,normal,normal,12.2876652,10.071482300000001,equal variances,not significant,0.42063492063492064,-0.9746000000000006,0.04200000000000159,-14.509999999999764,0,True
582,1113,11,Easy,"select t_cte_18.c_extra0 as report_reason, count(t_cte_18.c_post_id0) as report_count from (select distinct t_actions_0.post_id as c_post_id0, t_actions_0.extra as c_extra0 from schema_1113.actions as t_actions_0 where t_actions_0.action = 'report' and t_actions_0.action_date = '2019-07-04') as t_cte_18 group by t_cte_18.c_extra0",10.301,2158.21,10,"HashAggregate  (cost=2156.21..2158.21 rows=200 width=9) (actual rows=10 loops=1)
  Group Key: t_actions_0.extra
  Batches: 1  Memory Usage: 40kB
  Buffers: shared hit=637
  ->  HashAggregate  (cost=2140.28..2146.65 rows=637 width=5) (actual rows=668 loops=1)
        Group Key: t_actions_0.post_id, t_actions_0.extra
        Batches: 1  Memory Usage: 73kB
        Buffers: shared hit=637
        ->  Seq Scan on actions t_actions_0  (cost=0.00..2137.00 rows=656 width=5) (actual rows=692 loops=1)
              Filter: (((action)::text = 'report'::text) AND (action_date = '2019-07-04'::date))
              Rows Removed by Filter: 99308
              Buffers: shared hit=637
Planning Time: 0.066 ms
Execution Time: 10.301 ms",13.006,2158.21,10,"HashAggregate  (cost=2156.21..2158.21 rows=200 width=9) (actual rows=10 loops=1)
  Group Key: t_actions_0.extra
  Batches: 1  Memory Usage: 40kB
  Buffers: shared hit=637
  ->  HashAggregate  (cost=2140.28..2146.65 rows=637 width=5) (actual rows=668 loops=1)
        Group Key: t_actions_0.post_id, t_actions_0.extra
        Batches: 1  Memory Usage: 73kB
        Buffers: shared hit=637
        ->  Seq Scan on actions t_actions_0  (cost=0.00..2137.00 rows=656 width=5) (actual rows=692 loops=1)
              Filter: (((action)::text = 'report'::text) AND (action_date = '2019-07-04'::date))
              Rows Removed by Filter: 99308
              Buffers: shared hit=637
Planning Time: 0.089 ms
Execution Time: 13.006 ms",18.304,2158.21,10,"HashAggregate  (cost=2156.21..2158.21 rows=200 width=9) (actual rows=10 loops=1)
  Group Key: t_actions_0.extra
  Batches: 1  Memory Usage: 40kB
  Buffers: shared hit=637
  ->  HashAggregate  (cost=2140.28..2146.65 rows=637 width=5) (actual rows=668 loops=1)
        Group Key: t_actions_0.post_id, t_actions_0.extra
        Batches: 1  Memory Usage: 73kB
        Buffers: shared hit=637
        ->  Seq Scan on actions t_actions_0  (cost=0.00..2137.00 rows=656 width=5) (actual rows=692 loops=1)
              Filter: (((action)::text = 'report'::text) AND (action_date = '2019-07-04'::date))
              Rows Removed by Filter: 99308
              Buffers: shared hit=637
Planning Time: 0.109 ms
Execution Time: 18.304 ms",21.749,2158.21,10,"HashAggregate  (cost=2156.21..2158.21 rows=200 width=9) (actual rows=10 loops=1)
  Group Key: t_actions_0.extra
  Batches: 1  Memory Usage: 40kB
  Buffers: shared hit=637
  ->  HashAggregate  (cost=2140.28..2146.65 rows=637 width=5) (actual rows=668 loops=1)
        Group Key: t_actions_0.post_id, t_actions_0.extra
        Batches: 1  Memory Usage: 73kB
        Buffers: shared hit=637
        ->  Seq Scan on actions t_actions_0  (cost=0.00..2137.00 rows=656 width=5) (actual rows=692 loops=1)
              Filter: (((action)::text = 'report'::text) AND (action_date = '2019-07-04'::date))
              Rows Removed by Filter: 99308
              Buffers: shared hit=637
Planning Time: 0.126 ms
Execution Time: 21.749 ms",14.759,2158.21,10,"HashAggregate  (cost=2156.21..2158.21 rows=200 width=9) (actual rows=10 loops=1)
  Group Key: t_actions_0.extra
  Batches: 1  Memory Usage: 40kB
  Buffers: shared hit=637
  ->  HashAggregate  (cost=2140.28..2146.65 rows=637 width=5) (actual rows=668 loops=1)
        Group Key: t_actions_0.post_id, t_actions_0.extra
        Batches: 1  Memory Usage: 73kB
        Buffers: shared hit=637
        ->  Seq Scan on actions t_actions_0  (cost=0.00..2137.00 rows=656 width=5) (actual rows=692 loops=1)
              Filter: (((action)::text = 'report'::text) AND (action_date = '2019-07-04'::date))
              Rows Removed by Filter: 99308
              Buffers: shared hit=637
Planning Time: 0.105 ms
Execution Time: 14.759 ms",15.6238,14.759,20.0265,23.127,2158.21,2158.21,10,10,10,10,1113_11,582,1113,11,Easy,"select extra as report_reason, count(distinct post_id) as report_count from schema_1113.actions where (action = 'report' and action_date = '2019-07-04') group by extra",11.484,2172.72,10,"GroupAggregate  (cost=2167.69..2172.72 rows=11 width=9) (actual rows=10 loops=1)
  Group Key: extra
  Buffers: shared hit=637
  ->  Sort  (cost=2167.69..2169.33 rows=656 width=5) (actual rows=692 loops=1)
        Sort Key: extra
        Sort Method: quicksort  Memory: 57kB
        Buffers: shared hit=637
        ->  Seq Scan on actions  (cost=0.00..2137.00 rows=656 width=5) (actual rows=692 loops=1)
              Filter: (((action)::text = 'report'::text) AND (action_date = '2019-07-04'::date))
              Rows Removed by Filter: 99308
              Buffers: shared hit=637
Planning Time: 0.071 ms
Execution Time: 11.484 ms",13.949,2172.72,10,"GroupAggregate  (cost=2167.69..2172.72 rows=11 width=9) (actual rows=10 loops=1)
  Group Key: extra
  Buffers: shared hit=637
  ->  Sort  (cost=2167.69..2169.33 rows=656 width=5) (actual rows=692 loops=1)
        Sort Key: extra
        Sort Method: quicksort  Memory: 57kB
        Buffers: shared hit=637
        ->  Seq Scan on actions  (cost=0.00..2137.00 rows=656 width=5) (actual rows=692 loops=1)
              Filter: (((action)::text = 'report'::text) AND (action_date = '2019-07-04'::date))
              Rows Removed by Filter: 99308
              Buffers: shared hit=637
Planning Time: 0.083 ms
Execution Time: 13.949 ms",12.099,2172.72,10,"GroupAggregate  (cost=2167.69..2172.72 rows=11 width=9) (actual rows=10 loops=1)
  Group Key: extra
  Buffers: shared hit=637
  ->  Sort  (cost=2167.69..2169.33 rows=656 width=5) (actual rows=692 loops=1)
        Sort Key: extra
        Sort Method: quicksort  Memory: 57kB
        Buffers: shared hit=637
        ->  Seq Scan on actions  (cost=0.00..2137.00 rows=656 width=5) (actual rows=692 loops=1)
              Filter: (((action)::text = 'report'::text) AND (action_date = '2019-07-04'::date))
              Rows Removed by Filter: 99308
              Buffers: shared hit=637
Planning Time: 0.089 ms
Execution Time: 12.099 ms",15.776,2172.72,10,"GroupAggregate  (cost=2167.69..2172.72 rows=11 width=9) (actual rows=10 loops=1)
  Group Key: extra
  Buffers: shared hit=637
  ->  Sort  (cost=2167.69..2169.33 rows=656 width=5) (actual rows=692 loops=1)
        Sort Key: extra
        Sort Method: quicksort  Memory: 57kB
        Buffers: shared hit=637
        ->  Seq Scan on actions  (cost=0.00..2137.00 rows=656 width=5) (actual rows=692 loops=1)
              Filter: (((action)::text = 'report'::text) AND (action_date = '2019-07-04'::date))
              Rows Removed by Filter: 99308
              Buffers: shared hit=637
Planning Time: 0.074 ms
Execution Time: 15.776 ms",18.071,2172.72,10,"GroupAggregate  (cost=2167.69..2172.72 rows=11 width=9) (actual rows=10 loops=1)
  Group Key: extra
  Buffers: shared hit=637
  ->  Sort  (cost=2167.69..2169.33 rows=656 width=5) (actual rows=692 loops=1)
        Sort Key: extra
        Sort Method: quicksort  Memory: 57kB
        Buffers: shared hit=637
        ->  Seq Scan on actions  (cost=0.00..2137.00 rows=656 width=5) (actual rows=692 loops=1)
              Filter: (((action)::text = 'report'::text) AND (action_date = '2019-07-04'::date))
              Rows Removed by Filter: 99308
              Buffers: shared hit=637
Planning Time: 0.082 ms
Execution Time: 18.071 ms",14.2758,13.949,16.9235,18.989,2172.72,2172.72,10,10,10,10,normal,normal,7.323386700000002,20.158625699999995,equal variances,not significant,0.7261904761904762,1.347999999999999,0.8100000000000005,-14.509999999999764,0,True
583,1113,18,Easy,"select t_cte_8.c_extra0 as report_reason, count(t_cte_8.c_post_id0) as report_count from (select distinct t_actions_0.post_id as c_post_id0, t_actions_0.extra as c_extra0 from schema_1113.actions as t_actions_0 where 1 = 1 and t_actions_0.action_date = '2019-07-04' and t_actions_0.action = 'report') as t_cte_8 group by t_cte_8.c_extra0",11.325,2158.21,10,"HashAggregate  (cost=2156.21..2158.21 rows=200 width=9) (actual rows=10 loops=1)
  Group Key: t_actions_0.extra
  Batches: 1  Memory Usage: 40kB
  Buffers: shared hit=637
  ->  HashAggregate  (cost=2140.28..2146.65 rows=637 width=5) (actual rows=668 loops=1)
        Group Key: t_actions_0.post_id, t_actions_0.extra
        Batches: 1  Memory Usage: 73kB
        Buffers: shared hit=637
        ->  Seq Scan on actions t_actions_0  (cost=0.00..2137.00 rows=656 width=5) (actual rows=692 loops=1)
              Filter: ((action_date = '2019-07-04'::date) AND ((action)::text = 'report'::text))
              Rows Removed by Filter: 99308
              Buffers: shared hit=637
Planning Time: 0.119 ms
Execution Time: 11.325 ms",16.72,2158.21,10,"HashAggregate  (cost=2156.21..2158.21 rows=200 width=9) (actual rows=10 loops=1)
  Group Key: t_actions_0.extra
  Batches: 1  Memory Usage: 40kB
  Buffers: shared hit=637
  ->  HashAggregate  (cost=2140.28..2146.65 rows=637 width=5) (actual rows=668 loops=1)
        Group Key: t_actions_0.post_id, t_actions_0.extra
        Batches: 1  Memory Usage: 73kB
        Buffers: shared hit=637
        ->  Seq Scan on actions t_actions_0  (cost=0.00..2137.00 rows=656 width=5) (actual rows=692 loops=1)
              Filter: ((action_date = '2019-07-04'::date) AND ((action)::text = 'report'::text))
              Rows Removed by Filter: 99308
              Buffers: shared hit=637
Planning Time: 0.109 ms
Execution Time: 16.720 ms",15.218,2158.21,10,"HashAggregate  (cost=2156.21..2158.21 rows=200 width=9) (actual rows=10 loops=1)
  Group Key: t_actions_0.extra
  Batches: 1  Memory Usage: 40kB
  Buffers: shared hit=637
  ->  HashAggregate  (cost=2140.28..2146.65 rows=637 width=5) (actual rows=668 loops=1)
        Group Key: t_actions_0.post_id, t_actions_0.extra
        Batches: 1  Memory Usage: 73kB
        Buffers: shared hit=637
        ->  Seq Scan on actions t_actions_0  (cost=0.00..2137.00 rows=656 width=5) (actual rows=692 loops=1)
              Filter: ((action_date = '2019-07-04'::date) AND ((action)::text = 'report'::text))
              Rows Removed by Filter: 99308
              Buffers: shared hit=637
Planning Time: 0.106 ms
Execution Time: 15.218 ms",14.005,2158.21,10,"HashAggregate  (cost=2156.21..2158.21 rows=200 width=9) (actual rows=10 loops=1)
  Group Key: t_actions_0.extra
  Batches: 1  Memory Usage: 40kB
  Buffers: shared hit=637
  ->  HashAggregate  (cost=2140.28..2146.65 rows=637 width=5) (actual rows=668 loops=1)
        Group Key: t_actions_0.post_id, t_actions_0.extra
        Batches: 1  Memory Usage: 73kB
        Buffers: shared hit=637
        ->  Seq Scan on actions t_actions_0  (cost=0.00..2137.00 rows=656 width=5) (actual rows=692 loops=1)
              Filter: ((action_date = '2019-07-04'::date) AND ((action)::text = 'report'::text))
              Rows Removed by Filter: 99308
              Buffers: shared hit=637
Planning Time: 0.103 ms
Execution Time: 14.005 ms",19.307,2158.21,10,"HashAggregate  (cost=2156.21..2158.21 rows=200 width=9) (actual rows=10 loops=1)
  Group Key: t_actions_0.extra
  Batches: 1  Memory Usage: 40kB
  Buffers: shared hit=637
  ->  HashAggregate  (cost=2140.28..2146.65 rows=637 width=5) (actual rows=668 loops=1)
        Group Key: t_actions_0.post_id, t_actions_0.extra
        Batches: 1  Memory Usage: 73kB
        Buffers: shared hit=637
        ->  Seq Scan on actions t_actions_0  (cost=0.00..2137.00 rows=656 width=5) (actual rows=692 loops=1)
              Filter: ((action_date = '2019-07-04'::date) AND ((action)::text = 'report'::text))
              Rows Removed by Filter: 99308
              Buffers: shared hit=637
Planning Time: 0.088 ms
Execution Time: 19.307 ms",15.315,15.218,18.0135,20.3418,2158.21,2158.21,10,10,10,10,1113_18,583,1113,18,Easy,"select extra as report_reason, count(distinct post_id) as report_count from schema_1113.actions where (1 = 1 and action_date = '2019-07-04' and action = 'report') group by extra",10.325,2172.72,10,"GroupAggregate  (cost=2167.69..2172.72 rows=11 width=9) (actual rows=10 loops=1)
  Group Key: extra
  Buffers: shared hit=637
  ->  Sort  (cost=2167.69..2169.33 rows=656 width=5) (actual rows=692 loops=1)
        Sort Key: extra
        Sort Method: quicksort  Memory: 57kB
        Buffers: shared hit=637
        ->  Seq Scan on actions  (cost=0.00..2137.00 rows=656 width=5) (actual rows=692 loops=1)
              Filter: ((action_date = '2019-07-04'::date) AND ((action)::text = 'report'::text))
              Rows Removed by Filter: 99308
              Buffers: shared hit=637
Planning Time: 0.062 ms
Execution Time: 10.325 ms",12.672,2172.72,10,"GroupAggregate  (cost=2167.69..2172.72 rows=11 width=9) (actual rows=10 loops=1)
  Group Key: extra
  Buffers: shared hit=637
  ->  Sort  (cost=2167.69..2169.33 rows=656 width=5) (actual rows=692 loops=1)
        Sort Key: extra
        Sort Method: quicksort  Memory: 57kB
        Buffers: shared hit=637
        ->  Seq Scan on actions  (cost=0.00..2137.00 rows=656 width=5) (actual rows=692 loops=1)
              Filter: ((action_date = '2019-07-04'::date) AND ((action)::text = 'report'::text))
              Rows Removed by Filter: 99308
              Buffers: shared hit=637
Planning Time: 0.117 ms
Execution Time: 12.672 ms",15.201,2172.72,10,"GroupAggregate  (cost=2167.69..2172.72 rows=11 width=9) (actual rows=10 loops=1)
  Group Key: extra
  Buffers: shared hit=637
  ->  Sort  (cost=2167.69..2169.33 rows=656 width=5) (actual rows=692 loops=1)
        Sort Key: extra
        Sort Method: quicksort  Memory: 57kB
        Buffers: shared hit=637
        ->  Seq Scan on actions  (cost=0.00..2137.00 rows=656 width=5) (actual rows=692 loops=1)
              Filter: ((action_date = '2019-07-04'::date) AND ((action)::text = 'report'::text))
              Rows Removed by Filter: 99308
              Buffers: shared hit=637
Planning Time: 0.063 ms
Execution Time: 15.201 ms",17.544,2172.72,10,"GroupAggregate  (cost=2167.69..2172.72 rows=11 width=9) (actual rows=10 loops=1)
  Group Key: extra
  Buffers: shared hit=637
  ->  Sort  (cost=2167.69..2169.33 rows=656 width=5) (actual rows=692 loops=1)
        Sort Key: extra
        Sort Method: quicksort  Memory: 57kB
        Buffers: shared hit=637
        ->  Seq Scan on actions  (cost=0.00..2137.00 rows=656 width=5) (actual rows=692 loops=1)
              Filter: ((action_date = '2019-07-04'::date) AND ((action)::text = 'report'::text))
              Rows Removed by Filter: 99308
              Buffers: shared hit=637
Planning Time: 0.107 ms
Execution Time: 17.544 ms",18.996,2172.72,10,"GroupAggregate  (cost=2167.69..2172.72 rows=11 width=9) (actual rows=10 loops=1)
  Group Key: extra
  Buffers: shared hit=637
  ->  Sort  (cost=2167.69..2169.33 rows=656 width=5) (actual rows=692 loops=1)
        Sort Key: extra
        Sort Method: quicksort  Memory: 57kB
        Buffers: shared hit=637
        ->  Seq Scan on actions  (cost=0.00..2137.00 rows=656 width=5) (actual rows=692 loops=1)
              Filter: ((action_date = '2019-07-04'::date) AND ((action)::text = 'report'::text))
              Rows Removed by Filter: 99308
              Buffers: shared hit=637
Planning Time: 0.077 ms
Execution Time: 18.996 ms",14.9476,15.201,18.27,19.5768,2172.72,2172.72,10,10,10,10,normal,normal,12.435458299999997,8.888924499999998,equal variances,not significant,0.6547619047619047,0.36739999999999995,0.01699999999999946,-14.509999999999764,0,True
584,1113,24,Easy,"select t_cte_4.c_extra0 as report_reason, count(t_cte_4.c_post_id0) as report_count from (select distinct t_actions_0.extra as c_extra0, t_actions_0.post_id as c_post_id0 from schema_1113.actions as t_actions_0 where t_actions_0.action = 'report' and t_actions_0.action_date = '2019-07-04') as t_cte_4 group by t_cte_4.c_extra0",10.561,2158.21,10,"HashAggregate  (cost=2156.21..2158.21 rows=200 width=9) (actual rows=10 loops=1)
  Group Key: t_actions_0.extra
  Batches: 1  Memory Usage: 40kB
  Buffers: shared hit=637
  ->  HashAggregate  (cost=2140.28..2146.65 rows=637 width=5) (actual rows=668 loops=1)
        Group Key: t_actions_0.extra, t_actions_0.post_id
        Batches: 1  Memory Usage: 73kB
        Buffers: shared hit=637
        ->  Seq Scan on actions t_actions_0  (cost=0.00..2137.00 rows=656 width=5) (actual rows=692 loops=1)
              Filter: (((action)::text = 'report'::text) AND (action_date = '2019-07-04'::date))
              Rows Removed by Filter: 99308
              Buffers: shared hit=637
Planning Time: 0.068 ms
Execution Time: 10.561 ms",13.581,2158.21,10,"HashAggregate  (cost=2156.21..2158.21 rows=200 width=9) (actual rows=10 loops=1)
  Group Key: t_actions_0.extra
  Batches: 1  Memory Usage: 40kB
  Buffers: shared hit=637
  ->  HashAggregate  (cost=2140.28..2146.65 rows=637 width=5) (actual rows=668 loops=1)
        Group Key: t_actions_0.extra, t_actions_0.post_id
        Batches: 1  Memory Usage: 73kB
        Buffers: shared hit=637
        ->  Seq Scan on actions t_actions_0  (cost=0.00..2137.00 rows=656 width=5) (actual rows=692 loops=1)
              Filter: (((action)::text = 'report'::text) AND (action_date = '2019-07-04'::date))
              Rows Removed by Filter: 99308
              Buffers: shared hit=637
Planning Time: 0.096 ms
Execution Time: 13.581 ms",18.438,2158.21,10,"HashAggregate  (cost=2156.21..2158.21 rows=200 width=9) (actual rows=10 loops=1)
  Group Key: t_actions_0.extra
  Batches: 1  Memory Usage: 40kB
  Buffers: shared hit=637
  ->  HashAggregate  (cost=2140.28..2146.65 rows=637 width=5) (actual rows=668 loops=1)
        Group Key: t_actions_0.extra, t_actions_0.post_id
        Batches: 1  Memory Usage: 73kB
        Buffers: shared hit=637
        ->  Seq Scan on actions t_actions_0  (cost=0.00..2137.00 rows=656 width=5) (actual rows=692 loops=1)
              Filter: (((action)::text = 'report'::text) AND (action_date = '2019-07-04'::date))
              Rows Removed by Filter: 99308
              Buffers: shared hit=637
Planning Time: 0.089 ms
Execution Time: 18.438 ms",17.3,2158.21,10,"HashAggregate  (cost=2156.21..2158.21 rows=200 width=9) (actual rows=10 loops=1)
  Group Key: t_actions_0.extra
  Batches: 1  Memory Usage: 40kB
  Buffers: shared hit=637
  ->  HashAggregate  (cost=2140.28..2146.65 rows=637 width=5) (actual rows=668 loops=1)
        Group Key: t_actions_0.extra, t_actions_0.post_id
        Batches: 1  Memory Usage: 73kB
        Buffers: shared hit=637
        ->  Seq Scan on actions t_actions_0  (cost=0.00..2137.00 rows=656 width=5) (actual rows=692 loops=1)
              Filter: (((action)::text = 'report'::text) AND (action_date = '2019-07-04'::date))
              Rows Removed by Filter: 99308
              Buffers: shared hit=637
Planning Time: 0.101 ms
Execution Time: 17.300 ms",18.248,2158.21,10,"HashAggregate  (cost=2156.21..2158.21 rows=200 width=9) (actual rows=10 loops=1)
  Group Key: t_actions_0.extra
  Batches: 1  Memory Usage: 40kB
  Buffers: shared hit=637
  ->  HashAggregate  (cost=2140.28..2146.65 rows=637 width=5) (actual rows=668 loops=1)
        Group Key: t_actions_0.extra, t_actions_0.post_id
        Batches: 1  Memory Usage: 73kB
        Buffers: shared hit=637
        ->  Seq Scan on actions t_actions_0  (cost=0.00..2137.00 rows=656 width=5) (actual rows=692 loops=1)
              Filter: (((action)::text = 'report'::text) AND (action_date = '2019-07-04'::date))
              Rows Removed by Filter: 99308
              Buffers: shared hit=637
Planning Time: 0.097 ms
Execution Time: 18.248 ms",15.6256,17.3,18.343,18.514,2158.21,2158.21,10,10,10,10,1113_24,584,1113,24,Easy,"select extra as report_reason, count(distinct post_id) as report_count from schema_1113.actions where (action = 'report' and action_date = '2019-07-04') group by 1",9.895,2172.72,10,"GroupAggregate  (cost=2167.69..2172.72 rows=11 width=9) (actual rows=10 loops=1)
  Group Key: extra
  Buffers: shared hit=637
  ->  Sort  (cost=2167.69..2169.33 rows=656 width=5) (actual rows=692 loops=1)
        Sort Key: extra
        Sort Method: quicksort  Memory: 57kB
        Buffers: shared hit=637
        ->  Seq Scan on actions  (cost=0.00..2137.00 rows=656 width=5) (actual rows=692 loops=1)
              Filter: (((action)::text = 'report'::text) AND (action_date = '2019-07-04'::date))
              Rows Removed by Filter: 99308
              Buffers: shared hit=637
Planning Time: 0.058 ms
Execution Time: 9.895 ms",12.623,2172.72,10,"GroupAggregate  (cost=2167.69..2172.72 rows=11 width=9) (actual rows=10 loops=1)
  Group Key: extra
  Buffers: shared hit=637
  ->  Sort  (cost=2167.69..2169.33 rows=656 width=5) (actual rows=692 loops=1)
        Sort Key: extra
        Sort Method: quicksort  Memory: 57kB
        Buffers: shared hit=637
        ->  Seq Scan on actions  (cost=0.00..2137.00 rows=656 width=5) (actual rows=692 loops=1)
              Filter: (((action)::text = 'report'::text) AND (action_date = '2019-07-04'::date))
              Rows Removed by Filter: 99308
              Buffers: shared hit=637
Planning Time: 0.100 ms
Execution Time: 12.623 ms",14.561,2172.72,10,"GroupAggregate  (cost=2167.69..2172.72 rows=11 width=9) (actual rows=10 loops=1)
  Group Key: extra
  Buffers: shared hit=637
  ->  Sort  (cost=2167.69..2169.33 rows=656 width=5) (actual rows=692 loops=1)
        Sort Key: extra
        Sort Method: quicksort  Memory: 57kB
        Buffers: shared hit=637
        ->  Seq Scan on actions  (cost=0.00..2137.00 rows=656 width=5) (actual rows=692 loops=1)
              Filter: (((action)::text = 'report'::text) AND (action_date = '2019-07-04'::date))
              Rows Removed by Filter: 99308
              Buffers: shared hit=637
Planning Time: 0.081 ms
Execution Time: 14.561 ms",15.851,2172.72,10,"GroupAggregate  (cost=2167.69..2172.72 rows=11 width=9) (actual rows=10 loops=1)
  Group Key: extra
  Buffers: shared hit=637
  ->  Sort  (cost=2167.69..2169.33 rows=656 width=5) (actual rows=692 loops=1)
        Sort Key: extra
        Sort Method: quicksort  Memory: 57kB
        Buffers: shared hit=637
        ->  Seq Scan on actions  (cost=0.00..2137.00 rows=656 width=5) (actual rows=692 loops=1)
              Filter: (((action)::text = 'report'::text) AND (action_date = '2019-07-04'::date))
              Rows Removed by Filter: 99308
              Buffers: shared hit=637
Planning Time: 0.084 ms
Execution Time: 15.851 ms",16.017,2172.72,10,"GroupAggregate  (cost=2167.69..2172.72 rows=11 width=9) (actual rows=10 loops=1)
  Group Key: extra
  Buffers: shared hit=637
  ->  Sort  (cost=2167.69..2169.33 rows=656 width=5) (actual rows=692 loops=1)
        Sort Key: extra
        Sort Method: quicksort  Memory: 57kB
        Buffers: shared hit=637
        ->  Seq Scan on actions  (cost=0.00..2137.00 rows=656 width=5) (actual rows=692 loops=1)
              Filter: (((action)::text = 'report'::text) AND (action_date = '2019-07-04'::date))
              Rows Removed by Filter: 99308
              Buffers: shared hit=637
Planning Time: 0.079 ms
Execution Time: 16.017 ms",13.7894,14.561,15.934,16.0834,2172.72,2172.72,10,10,10,10,normal,normal,6.583650800000001,11.855188300000002,equal variances,not significant,0.8888888888888888,1.8361999999999998,2.7390000000000008,-14.509999999999764,0,True
585,1113,34,Easy,"select t_cte_29.c_extra0 as report_reason, count(t_cte_29.c_post_id0) as report_count from (select distinct t_actions_0.extra as c_extra0, t_actions_0.post_id as c_post_id0 from schema_1113.actions as t_actions_0 where t_actions_0.action_date = '2019-07-04' and t_actions_0.action = 'report') as t_cte_29 group by t_cte_29.c_extra0",9.067,2158.21,10,"HashAggregate  (cost=2156.21..2158.21 rows=200 width=9) (actual rows=10 loops=1)
  Group Key: t_actions_0.extra
  Batches: 1  Memory Usage: 40kB
  Buffers: shared hit=637
  ->  HashAggregate  (cost=2140.28..2146.65 rows=637 width=5) (actual rows=668 loops=1)
        Group Key: t_actions_0.extra, t_actions_0.post_id
        Batches: 1  Memory Usage: 73kB
        Buffers: shared hit=637
        ->  Seq Scan on actions t_actions_0  (cost=0.00..2137.00 rows=656 width=5) (actual rows=692 loops=1)
              Filter: ((action_date = '2019-07-04'::date) AND ((action)::text = 'report'::text))
              Rows Removed by Filter: 99308
              Buffers: shared hit=637
Planning Time: 0.083 ms
Execution Time: 9.067 ms",16.353,2158.21,10,"HashAggregate  (cost=2156.21..2158.21 rows=200 width=9) (actual rows=10 loops=1)
  Group Key: t_actions_0.extra
  Batches: 1  Memory Usage: 40kB
  Buffers: shared hit=637
  ->  HashAggregate  (cost=2140.28..2146.65 rows=637 width=5) (actual rows=668 loops=1)
        Group Key: t_actions_0.extra, t_actions_0.post_id
        Batches: 1  Memory Usage: 73kB
        Buffers: shared hit=637
        ->  Seq Scan on actions t_actions_0  (cost=0.00..2137.00 rows=656 width=5) (actual rows=692 loops=1)
              Filter: ((action_date = '2019-07-04'::date) AND ((action)::text = 'report'::text))
              Rows Removed by Filter: 99308
              Buffers: shared hit=637
Planning Time: 0.102 ms
Execution Time: 16.353 ms",14.793,2158.21,10,"HashAggregate  (cost=2156.21..2158.21 rows=200 width=9) (actual rows=10 loops=1)
  Group Key: t_actions_0.extra
  Batches: 1  Memory Usage: 40kB
  Buffers: shared hit=637
  ->  HashAggregate  (cost=2140.28..2146.65 rows=637 width=5) (actual rows=668 loops=1)
        Group Key: t_actions_0.extra, t_actions_0.post_id
        Batches: 1  Memory Usage: 73kB
        Buffers: shared hit=637
        ->  Seq Scan on actions t_actions_0  (cost=0.00..2137.00 rows=656 width=5) (actual rows=692 loops=1)
              Filter: ((action_date = '2019-07-04'::date) AND ((action)::text = 'report'::text))
              Rows Removed by Filter: 99308
              Buffers: shared hit=637
Planning Time: 0.107 ms
Execution Time: 14.793 ms",18.114,2158.21,10,"HashAggregate  (cost=2156.21..2158.21 rows=200 width=9) (actual rows=10 loops=1)
  Group Key: t_actions_0.extra
  Batches: 1  Memory Usage: 40kB
  Buffers: shared hit=637
  ->  HashAggregate  (cost=2140.28..2146.65 rows=637 width=5) (actual rows=668 loops=1)
        Group Key: t_actions_0.extra, t_actions_0.post_id
        Batches: 1  Memory Usage: 73kB
        Buffers: shared hit=637
        ->  Seq Scan on actions t_actions_0  (cost=0.00..2137.00 rows=656 width=5) (actual rows=692 loops=1)
              Filter: ((action_date = '2019-07-04'::date) AND ((action)::text = 'report'::text))
              Rows Removed by Filter: 99308
              Buffers: shared hit=637
Planning Time: 0.097 ms
Execution Time: 18.114 ms",16.536,2158.21,10,"HashAggregate  (cost=2156.21..2158.21 rows=200 width=9) (actual rows=10 loops=1)
  Group Key: t_actions_0.extra
  Batches: 1  Memory Usage: 40kB
  Buffers: shared hit=637
  ->  HashAggregate  (cost=2140.28..2146.65 rows=637 width=5) (actual rows=668 loops=1)
        Group Key: t_actions_0.extra, t_actions_0.post_id
        Batches: 1  Memory Usage: 73kB
        Buffers: shared hit=637
        ->  Seq Scan on actions t_actions_0  (cost=0.00..2137.00 rows=656 width=5) (actual rows=692 loops=1)
              Filter: ((action_date = '2019-07-04'::date) AND ((action)::text = 'report'::text))
              Rows Removed by Filter: 99308
              Buffers: shared hit=637
Planning Time: 0.108 ms
Execution Time: 16.536 ms",14.9726,16.353,17.325,18.7452,2158.21,2158.21,10,10,10,10,1113_34,585,1113,34,Easy,"select extra as report_reason, count(distinct post_id) as report_count from schema_1113.actions where (action_date = '2019-07-04' and action = 'report') group by extra order by extra desc",8.818,2172.72,10,"GroupAggregate  (cost=2167.69..2172.72 rows=11 width=9) (actual rows=10 loops=1)
  Group Key: extra
  Buffers: shared hit=637
  ->  Sort  (cost=2167.69..2169.33 rows=656 width=5) (actual rows=692 loops=1)
        Sort Key: extra DESC
        Sort Method: quicksort  Memory: 57kB
        Buffers: shared hit=637
        ->  Seq Scan on actions  (cost=0.00..2137.00 rows=656 width=5) (actual rows=692 loops=1)
              Filter: ((action_date = '2019-07-04'::date) AND ((action)::text = 'report'::text))
              Rows Removed by Filter: 99308
              Buffers: shared hit=637
Planning Time: 0.068 ms
Execution Time: 8.818 ms",11.846,2172.72,10,"GroupAggregate  (cost=2167.69..2172.72 rows=11 width=9) (actual rows=10 loops=1)
  Group Key: extra
  Buffers: shared hit=637
  ->  Sort  (cost=2167.69..2169.33 rows=656 width=5) (actual rows=692 loops=1)
        Sort Key: extra DESC
        Sort Method: quicksort  Memory: 57kB
        Buffers: shared hit=637
        ->  Seq Scan on actions  (cost=0.00..2137.00 rows=656 width=5) (actual rows=692 loops=1)
              Filter: ((action_date = '2019-07-04'::date) AND ((action)::text = 'report'::text))
              Rows Removed by Filter: 99308
              Buffers: shared hit=637
Planning Time: 0.077 ms
Execution Time: 11.846 ms",14.746,2172.72,10,"GroupAggregate  (cost=2167.69..2172.72 rows=11 width=9) (actual rows=10 loops=1)
  Group Key: extra
  Buffers: shared hit=637
  ->  Sort  (cost=2167.69..2169.33 rows=656 width=5) (actual rows=692 loops=1)
        Sort Key: extra DESC
        Sort Method: quicksort  Memory: 57kB
        Buffers: shared hit=637
        ->  Seq Scan on actions  (cost=0.00..2137.00 rows=656 width=5) (actual rows=692 loops=1)
              Filter: ((action_date = '2019-07-04'::date) AND ((action)::text = 'report'::text))
              Rows Removed by Filter: 99308
              Buffers: shared hit=637
Planning Time: 0.072 ms
Execution Time: 14.746 ms",16.544,2172.72,10,"GroupAggregate  (cost=2167.69..2172.72 rows=11 width=9) (actual rows=10 loops=1)
  Group Key: extra
  Buffers: shared hit=637
  ->  Sort  (cost=2167.69..2169.33 rows=656 width=5) (actual rows=692 loops=1)
        Sort Key: extra DESC
        Sort Method: quicksort  Memory: 57kB
        Buffers: shared hit=637
        ->  Seq Scan on actions  (cost=0.00..2137.00 rows=656 width=5) (actual rows=692 loops=1)
              Filter: ((action_date = '2019-07-04'::date) AND ((action)::text = 'report'::text))
              Rows Removed by Filter: 99308
              Buffers: shared hit=637
Planning Time: 0.072 ms
Execution Time: 16.544 ms",12.722,2172.72,10,"GroupAggregate  (cost=2167.69..2172.72 rows=11 width=9) (actual rows=10 loops=1)
  Group Key: extra
  Buffers: shared hit=637
  ->  Sort  (cost=2167.69..2169.33 rows=656 width=5) (actual rows=692 loops=1)
        Sort Key: extra DESC
        Sort Method: quicksort  Memory: 57kB
        Buffers: shared hit=637
        ->  Seq Scan on actions  (cost=0.00..2137.00 rows=656 width=5) (actual rows=692 loops=1)
              Filter: ((action_date = '2019-07-04'::date) AND ((action)::text = 'report'::text))
              Rows Removed by Filter: 99308
              Buffers: shared hit=637
Planning Time: 0.077 ms
Execution Time: 12.722 ms",12.9352,12.722,15.645,17.2632,2172.72,2172.72,10,10,10,10,normal,normal,8.621395200000002,12.281621300000005,equal variances,not significant,0.8888888888888888,2.0374,3.631000000000002,-14.509999999999764,0,True
586,1113,65,Easy,"select t_cte_21.c_extra0 as report_reason, count(t_cte_21.c_post_id0) as report_count from (select distinct t_actions_0.extra as c_extra0, t_actions_0.post_id as c_post_id0 from schema_1113.actions as t_actions_0 where t_actions_0.action_date = '2019-07-04' and t_actions_0.action = 'report') as t_cte_21 group by t_cte_21.c_extra0",9.148,2158.21,10,"HashAggregate  (cost=2156.21..2158.21 rows=200 width=9) (actual rows=10 loops=1)
  Group Key: t_actions_0.extra
  Batches: 1  Memory Usage: 40kB
  Buffers: shared hit=637
  ->  HashAggregate  (cost=2140.28..2146.65 rows=637 width=5) (actual rows=668 loops=1)
        Group Key: t_actions_0.extra, t_actions_0.post_id
        Batches: 1  Memory Usage: 73kB
        Buffers: shared hit=637
        ->  Seq Scan on actions t_actions_0  (cost=0.00..2137.00 rows=656 width=5) (actual rows=692 loops=1)
              Filter: ((action_date = '2019-07-04'::date) AND ((action)::text = 'report'::text))
              Rows Removed by Filter: 99308
              Buffers: shared hit=637
Planning Time: 0.087 ms
Execution Time: 9.148 ms",11.459,2158.21,10,"HashAggregate  (cost=2156.21..2158.21 rows=200 width=9) (actual rows=10 loops=1)
  Group Key: t_actions_0.extra
  Batches: 1  Memory Usage: 40kB
  Buffers: shared hit=637
  ->  HashAggregate  (cost=2140.28..2146.65 rows=637 width=5) (actual rows=668 loops=1)
        Group Key: t_actions_0.extra, t_actions_0.post_id
        Batches: 1  Memory Usage: 73kB
        Buffers: shared hit=637
        ->  Seq Scan on actions t_actions_0  (cost=0.00..2137.00 rows=656 width=5) (actual rows=692 loops=1)
              Filter: ((action_date = '2019-07-04'::date) AND ((action)::text = 'report'::text))
              Rows Removed by Filter: 99308
              Buffers: shared hit=637
Planning Time: 0.139 ms
Execution Time: 11.459 ms",18.014,2158.21,10,"HashAggregate  (cost=2156.21..2158.21 rows=200 width=9) (actual rows=10 loops=1)
  Group Key: t_actions_0.extra
  Batches: 1  Memory Usage: 40kB
  Buffers: shared hit=637
  ->  HashAggregate  (cost=2140.28..2146.65 rows=637 width=5) (actual rows=668 loops=1)
        Group Key: t_actions_0.extra, t_actions_0.post_id
        Batches: 1  Memory Usage: 73kB
        Buffers: shared hit=637
        ->  Seq Scan on actions t_actions_0  (cost=0.00..2137.00 rows=656 width=5) (actual rows=692 loops=1)
              Filter: ((action_date = '2019-07-04'::date) AND ((action)::text = 'report'::text))
              Rows Removed by Filter: 99308
              Buffers: shared hit=637
Planning Time: 0.104 ms
Execution Time: 18.014 ms",14.264,2158.21,10,"HashAggregate  (cost=2156.21..2158.21 rows=200 width=9) (actual rows=10 loops=1)
  Group Key: t_actions_0.extra
  Batches: 1  Memory Usage: 40kB
  Buffers: shared hit=637
  ->  HashAggregate  (cost=2140.28..2146.65 rows=637 width=5) (actual rows=668 loops=1)
        Group Key: t_actions_0.extra, t_actions_0.post_id
        Batches: 1  Memory Usage: 73kB
        Buffers: shared hit=637
        ->  Seq Scan on actions t_actions_0  (cost=0.00..2137.00 rows=656 width=5) (actual rows=692 loops=1)
              Filter: ((action_date = '2019-07-04'::date) AND ((action)::text = 'report'::text))
              Rows Removed by Filter: 99308
              Buffers: shared hit=637
Planning Time: 0.106 ms
Execution Time: 14.264 ms",13.267,2158.21,10,"HashAggregate  (cost=2156.21..2158.21 rows=200 width=9) (actual rows=10 loops=1)
  Group Key: t_actions_0.extra
  Batches: 1  Memory Usage: 40kB
  Buffers: shared hit=637
  ->  HashAggregate  (cost=2140.28..2146.65 rows=637 width=5) (actual rows=668 loops=1)
        Group Key: t_actions_0.extra, t_actions_0.post_id
        Batches: 1  Memory Usage: 73kB
        Buffers: shared hit=637
        ->  Seq Scan on actions t_actions_0  (cost=0.00..2137.00 rows=656 width=5) (actual rows=692 loops=1)
              Filter: ((action_date = '2019-07-04'::date) AND ((action)::text = 'report'::text))
              Rows Removed by Filter: 99308
              Buffers: shared hit=637
Planning Time: 0.106 ms
Execution Time: 13.267 ms",13.2304,13.267,16.139,19.514,2158.21,2158.21,10,10,10,10,1113_65,586,1113,65,Easy,"select extra as report_reason, count(distinct post_id) as report_count from schema_1113.actions where (action_date = '2019-07-04' and action = 'report') group by 1",8.268,2172.72,10,"GroupAggregate  (cost=2167.69..2172.72 rows=11 width=9) (actual rows=10 loops=1)
  Group Key: extra
  Buffers: shared hit=637
  ->  Sort  (cost=2167.69..2169.33 rows=656 width=5) (actual rows=692 loops=1)
        Sort Key: extra
        Sort Method: quicksort  Memory: 57kB
        Buffers: shared hit=637
        ->  Seq Scan on actions  (cost=0.00..2137.00 rows=656 width=5) (actual rows=692 loops=1)
              Filter: ((action_date = '2019-07-04'::date) AND ((action)::text = 'report'::text))
              Rows Removed by Filter: 99308
              Buffers: shared hit=637
Planning Time: 0.059 ms
Execution Time: 8.268 ms",11.567,2172.72,10,"GroupAggregate  (cost=2167.69..2172.72 rows=11 width=9) (actual rows=10 loops=1)
  Group Key: extra
  Buffers: shared hit=637
  ->  Sort  (cost=2167.69..2169.33 rows=656 width=5) (actual rows=692 loops=1)
        Sort Key: extra
        Sort Method: quicksort  Memory: 57kB
        Buffers: shared hit=637
        ->  Seq Scan on actions  (cost=0.00..2137.00 rows=656 width=5) (actual rows=692 loops=1)
              Filter: ((action_date = '2019-07-04'::date) AND ((action)::text = 'report'::text))
              Rows Removed by Filter: 99308
              Buffers: shared hit=637
Planning Time: 0.080 ms
Execution Time: 11.567 ms",11.71,2172.72,10,"GroupAggregate  (cost=2167.69..2172.72 rows=11 width=9) (actual rows=10 loops=1)
  Group Key: extra
  Buffers: shared hit=637
  ->  Sort  (cost=2167.69..2169.33 rows=656 width=5) (actual rows=692 loops=1)
        Sort Key: extra
        Sort Method: quicksort  Memory: 57kB
        Buffers: shared hit=637
        ->  Seq Scan on actions  (cost=0.00..2137.00 rows=656 width=5) (actual rows=692 loops=1)
              Filter: ((action_date = '2019-07-04'::date) AND ((action)::text = 'report'::text))
              Rows Removed by Filter: 99308
              Buffers: shared hit=637
Planning Time: 0.081 ms
Execution Time: 11.710 ms",15.613,2172.72,10,"GroupAggregate  (cost=2167.69..2172.72 rows=11 width=9) (actual rows=10 loops=1)
  Group Key: extra
  Buffers: shared hit=637
  ->  Sort  (cost=2167.69..2169.33 rows=656 width=5) (actual rows=692 loops=1)
        Sort Key: extra
        Sort Method: quicksort  Memory: 57kB
        Buffers: shared hit=637
        ->  Seq Scan on actions  (cost=0.00..2137.00 rows=656 width=5) (actual rows=692 loops=1)
              Filter: ((action_date = '2019-07-04'::date) AND ((action)::text = 'report'::text))
              Rows Removed by Filter: 99308
              Buffers: shared hit=637
Planning Time: 0.066 ms
Execution Time: 15.613 ms",15.5,2172.72,10,"GroupAggregate  (cost=2167.69..2172.72 rows=11 width=9) (actual rows=10 loops=1)
  Group Key: extra
  Buffers: shared hit=637
  ->  Sort  (cost=2167.69..2169.33 rows=656 width=5) (actual rows=692 loops=1)
        Sort Key: extra
        Sort Method: quicksort  Memory: 57kB
        Buffers: shared hit=637
        ->  Seq Scan on actions  (cost=0.00..2137.00 rows=656 width=5) (actual rows=692 loops=1)
              Filter: ((action_date = '2019-07-04'::date) AND ((action)::text = 'report'::text))
              Rows Removed by Filter: 99308
              Buffers: shared hit=637
Planning Time: 0.067 ms
Execution Time: 15.500 ms",12.5316,11.71,15.5565,15.6582,2172.72,2172.72,10,10,10,10,normal,normal,9.522547299999998,10.939086299999998,equal variances,not significant,0.5793650793650793,0.6988000000000003,1.5569999999999986,-14.509999999999764,0,True
587,1113,72,Easy,"select t_cte_11.c_extra0 as report_reason, count(t_cte_11.c_post_id0) as report_count from (select distinct a.extra as c_extra0, a.post_id as c_post_id0 from schema_1113.actions as a where a.action = 'report' and a.action_date = '2019-07-04') as t_cte_11 group by t_cte_11.c_extra0",12.751,2158.21,10,"HashAggregate  (cost=2156.21..2158.21 rows=200 width=9) (actual rows=10 loops=1)
  Group Key: a.extra
  Batches: 1  Memory Usage: 40kB
  Buffers: shared hit=637
  ->  HashAggregate  (cost=2140.28..2146.65 rows=637 width=5) (actual rows=668 loops=1)
        Group Key: a.extra, a.post_id
        Batches: 1  Memory Usage: 73kB
        Buffers: shared hit=637
        ->  Seq Scan on actions a  (cost=0.00..2137.00 rows=656 width=5) (actual rows=692 loops=1)
              Filter: (((action)::text = 'report'::text) AND (action_date = '2019-07-04'::date))
              Rows Removed by Filter: 99308
              Buffers: shared hit=637
Planning Time: 0.120 ms
Execution Time: 12.751 ms",16.981,2158.21,10,"HashAggregate  (cost=2156.21..2158.21 rows=200 width=9) (actual rows=10 loops=1)
  Group Key: a.extra
  Batches: 1  Memory Usage: 40kB
  Buffers: shared hit=637
  ->  HashAggregate  (cost=2140.28..2146.65 rows=637 width=5) (actual rows=668 loops=1)
        Group Key: a.extra, a.post_id
        Batches: 1  Memory Usage: 73kB
        Buffers: shared hit=637
        ->  Seq Scan on actions a  (cost=0.00..2137.00 rows=656 width=5) (actual rows=692 loops=1)
              Filter: (((action)::text = 'report'::text) AND (action_date = '2019-07-04'::date))
              Rows Removed by Filter: 99308
              Buffers: shared hit=637
Planning Time: 0.104 ms
Execution Time: 16.981 ms",16.907,2158.21,10,"HashAggregate  (cost=2156.21..2158.21 rows=200 width=9) (actual rows=10 loops=1)
  Group Key: a.extra
  Batches: 1  Memory Usage: 40kB
  Buffers: shared hit=637
  ->  HashAggregate  (cost=2140.28..2146.65 rows=637 width=5) (actual rows=668 loops=1)
        Group Key: a.extra, a.post_id
        Batches: 1  Memory Usage: 73kB
        Buffers: shared hit=637
        ->  Seq Scan on actions a  (cost=0.00..2137.00 rows=656 width=5) (actual rows=692 loops=1)
              Filter: (((action)::text = 'report'::text) AND (action_date = '2019-07-04'::date))
              Rows Removed by Filter: 99308
              Buffers: shared hit=637
Planning Time: 0.110 ms
Execution Time: 16.907 ms",17.794,2158.21,10,"HashAggregate  (cost=2156.21..2158.21 rows=200 width=9) (actual rows=10 loops=1)
  Group Key: a.extra
  Batches: 1  Memory Usage: 40kB
  Buffers: shared hit=637
  ->  HashAggregate  (cost=2140.28..2146.65 rows=637 width=5) (actual rows=668 loops=1)
        Group Key: a.extra, a.post_id
        Batches: 1  Memory Usage: 73kB
        Buffers: shared hit=637
        ->  Seq Scan on actions a  (cost=0.00..2137.00 rows=656 width=5) (actual rows=692 loops=1)
              Filter: (((action)::text = 'report'::text) AND (action_date = '2019-07-04'::date))
              Rows Removed by Filter: 99308
              Buffers: shared hit=637
Planning Time: 0.096 ms
Execution Time: 17.794 ms",18.6,2158.21,10,"HashAggregate  (cost=2156.21..2158.21 rows=200 width=9) (actual rows=10 loops=1)
  Group Key: a.extra
  Batches: 1  Memory Usage: 40kB
  Buffers: shared hit=637
  ->  HashAggregate  (cost=2140.28..2146.65 rows=637 width=5) (actual rows=668 loops=1)
        Group Key: a.extra, a.post_id
        Batches: 1  Memory Usage: 73kB
        Buffers: shared hit=637
        ->  Seq Scan on actions a  (cost=0.00..2137.00 rows=656 width=5) (actual rows=692 loops=1)
              Filter: (((action)::text = 'report'::text) AND (action_date = '2019-07-04'::date))
              Rows Removed by Filter: 99308
              Buffers: shared hit=637
Planning Time: 0.088 ms
Execution Time: 18.600 ms",16.6066,16.981,18.197,18.9224,2158.21,2158.21,10,10,10,10,1113_72,587,1113,72,Easy,"select extra as report_reason, count(distinct post_id) as report_count from schema_1113.actions as a where (action = 'report' and action_date = '2019-07-04') group by a.extra",10.386,2172.72,10,"GroupAggregate  (cost=2167.69..2172.72 rows=11 width=9) (actual rows=10 loops=1)
  Group Key: extra
  Buffers: shared hit=637
  ->  Sort  (cost=2167.69..2169.33 rows=656 width=5) (actual rows=692 loops=1)
        Sort Key: extra
        Sort Method: quicksort  Memory: 57kB
        Buffers: shared hit=637
        ->  Seq Scan on actions a  (cost=0.00..2137.00 rows=656 width=5) (actual rows=692 loops=1)
              Filter: (((action)::text = 'report'::text) AND (action_date = '2019-07-04'::date))
              Rows Removed by Filter: 99308
              Buffers: shared hit=637
Planning Time: 0.050 ms
Execution Time: 10.386 ms",11.613,2172.72,10,"GroupAggregate  (cost=2167.69..2172.72 rows=11 width=9) (actual rows=10 loops=1)
  Group Key: extra
  Buffers: shared hit=637
  ->  Sort  (cost=2167.69..2169.33 rows=656 width=5) (actual rows=692 loops=1)
        Sort Key: extra
        Sort Method: quicksort  Memory: 57kB
        Buffers: shared hit=637
        ->  Seq Scan on actions a  (cost=0.00..2137.00 rows=656 width=5) (actual rows=692 loops=1)
              Filter: (((action)::text = 'report'::text) AND (action_date = '2019-07-04'::date))
              Rows Removed by Filter: 99308
              Buffers: shared hit=637
Planning Time: 0.071 ms
Execution Time: 11.613 ms",17.73,2172.72,10,"GroupAggregate  (cost=2167.69..2172.72 rows=11 width=9) (actual rows=10 loops=1)
  Group Key: extra
  Buffers: shared hit=637
  ->  Sort  (cost=2167.69..2169.33 rows=656 width=5) (actual rows=692 loops=1)
        Sort Key: extra
        Sort Method: quicksort  Memory: 57kB
        Buffers: shared hit=637
        ->  Seq Scan on actions a  (cost=0.00..2137.00 rows=656 width=5) (actual rows=692 loops=1)
              Filter: (((action)::text = 'report'::text) AND (action_date = '2019-07-04'::date))
              Rows Removed by Filter: 99308
              Buffers: shared hit=637
Planning Time: 0.074 ms
Execution Time: 17.730 ms",19.255,2172.72,10,"GroupAggregate  (cost=2167.69..2172.72 rows=11 width=9) (actual rows=10 loops=1)
  Group Key: extra
  Buffers: shared hit=637
  ->  Sort  (cost=2167.69..2169.33 rows=656 width=5) (actual rows=692 loops=1)
        Sort Key: extra
        Sort Method: quicksort  Memory: 57kB
        Buffers: shared hit=637
        ->  Seq Scan on actions a  (cost=0.00..2137.00 rows=656 width=5) (actual rows=692 loops=1)
              Filter: (((action)::text = 'report'::text) AND (action_date = '2019-07-04'::date))
              Rows Removed by Filter: 99308
              Buffers: shared hit=637
Planning Time: 0.070 ms
Execution Time: 19.255 ms",19.358,2172.72,10,"GroupAggregate  (cost=2167.69..2172.72 rows=11 width=9) (actual rows=10 loops=1)
  Group Key: extra
  Buffers: shared hit=637
  ->  Sort  (cost=2167.69..2169.33 rows=656 width=5) (actual rows=692 loops=1)
        Sort Key: extra
        Sort Method: quicksort  Memory: 57kB
        Buffers: shared hit=637
        ->  Seq Scan on actions a  (cost=0.00..2137.00 rows=656 width=5) (actual rows=692 loops=1)
              Filter: (((action)::text = 'report'::text) AND (action_date = '2019-07-04'::date))
              Rows Removed by Filter: 99308
              Buffers: shared hit=637
Planning Time: 0.078 ms
Execution Time: 19.358 ms",15.6684,17.73,19.3065,19.3992,2172.72,2172.72,10,10,10,10,normal,normal,18.769265300000004,5.119907300000003,equal variances,not significant,0.5,0.9382000000000001,-0.7489999999999988,-14.509999999999764,0,True
588,1113,79,Easy,"select t_cte_5.c_extra0 as report_reason, count(t_cte_5.c_post_id0) as report_count from (select distinct t_actions_0.extra as c_extra0, t_actions_0.post_id as c_post_id0 from schema_1113.actions as t_actions_0 where t_actions_0.action_date = '2019-07-04' and t_actions_0.action = 'report') as t_cte_5 group by t_cte_5.c_extra0",8.831,2158.21,10,"HashAggregate  (cost=2156.21..2158.21 rows=200 width=9) (actual rows=10 loops=1)
  Group Key: t_actions_0.extra
  Batches: 1  Memory Usage: 40kB
  Buffers: shared hit=637
  ->  HashAggregate  (cost=2140.28..2146.65 rows=637 width=5) (actual rows=668 loops=1)
        Group Key: t_actions_0.extra, t_actions_0.post_id
        Batches: 1  Memory Usage: 73kB
        Buffers: shared hit=637
        ->  Seq Scan on actions t_actions_0  (cost=0.00..2137.00 rows=656 width=5) (actual rows=692 loops=1)
              Filter: ((action_date = '2019-07-04'::date) AND ((action)::text = 'report'::text))
              Rows Removed by Filter: 99308
              Buffers: shared hit=637
Planning Time: 0.083 ms
Execution Time: 8.831 ms",9.845,2158.21,10,"HashAggregate  (cost=2156.21..2158.21 rows=200 width=9) (actual rows=10 loops=1)
  Group Key: t_actions_0.extra
  Batches: 1  Memory Usage: 40kB
  Buffers: shared hit=637
  ->  HashAggregate  (cost=2140.28..2146.65 rows=637 width=5) (actual rows=668 loops=1)
        Group Key: t_actions_0.extra, t_actions_0.post_id
        Batches: 1  Memory Usage: 73kB
        Buffers: shared hit=637
        ->  Seq Scan on actions t_actions_0  (cost=0.00..2137.00 rows=656 width=5) (actual rows=692 loops=1)
              Filter: ((action_date = '2019-07-04'::date) AND ((action)::text = 'report'::text))
              Rows Removed by Filter: 99308
              Buffers: shared hit=637
Planning Time: 0.070 ms
Execution Time: 9.845 ms",15.911,2158.21,10,"HashAggregate  (cost=2156.21..2158.21 rows=200 width=9) (actual rows=10 loops=1)
  Group Key: t_actions_0.extra
  Batches: 1  Memory Usage: 40kB
  Buffers: shared hit=637
  ->  HashAggregate  (cost=2140.28..2146.65 rows=637 width=5) (actual rows=668 loops=1)
        Group Key: t_actions_0.extra, t_actions_0.post_id
        Batches: 1  Memory Usage: 73kB
        Buffers: shared hit=637
        ->  Seq Scan on actions t_actions_0  (cost=0.00..2137.00 rows=656 width=5) (actual rows=692 loops=1)
              Filter: ((action_date = '2019-07-04'::date) AND ((action)::text = 'report'::text))
              Rows Removed by Filter: 99308
              Buffers: shared hit=637
Planning Time: 0.191 ms
Execution Time: 15.911 ms",18.911,2158.21,10,"HashAggregate  (cost=2156.21..2158.21 rows=200 width=9) (actual rows=10 loops=1)
  Group Key: t_actions_0.extra
  Batches: 1  Memory Usage: 40kB
  Buffers: shared hit=637
  ->  HashAggregate  (cost=2140.28..2146.65 rows=637 width=5) (actual rows=668 loops=1)
        Group Key: t_actions_0.extra, t_actions_0.post_id
        Batches: 1  Memory Usage: 73kB
        Buffers: shared hit=637
        ->  Seq Scan on actions t_actions_0  (cost=0.00..2137.00 rows=656 width=5) (actual rows=692 loops=1)
              Filter: ((action_date = '2019-07-04'::date) AND ((action)::text = 'report'::text))
              Rows Removed by Filter: 99308
              Buffers: shared hit=637
Planning Time: 0.117 ms
Execution Time: 18.911 ms",13.961,2158.21,10,"HashAggregate  (cost=2156.21..2158.21 rows=200 width=9) (actual rows=10 loops=1)
  Group Key: t_actions_0.extra
  Batches: 1  Memory Usage: 40kB
  Buffers: shared hit=637
  ->  HashAggregate  (cost=2140.28..2146.65 rows=637 width=5) (actual rows=668 loops=1)
        Group Key: t_actions_0.extra, t_actions_0.post_id
        Batches: 1  Memory Usage: 73kB
        Buffers: shared hit=637
        ->  Seq Scan on actions t_actions_0  (cost=0.00..2137.00 rows=656 width=5) (actual rows=692 loops=1)
              Filter: ((action_date = '2019-07-04'::date) AND ((action)::text = 'report'::text))
              Rows Removed by Filter: 99308
              Buffers: shared hit=637
Planning Time: 0.134 ms
Execution Time: 13.961 ms",13.4918,13.961,17.411,20.111,2158.21,2158.21,10,10,10,10,1113_79,588,1113,79,Easy,"select extra as report_reason, count(distinct post_id) as report_count from schema_1113.actions where (action_date = '2019-07-04' and action = 'report') group by 1 having count(distinct post_id) > 0",10.723,2172.75,10,"GroupAggregate  (cost=2167.69..2172.75 rows=4 width=9) (actual rows=10 loops=1)
  Group Key: extra
  Filter: (count(DISTINCT post_id) > 0)
  Buffers: shared hit=637
  ->  Sort  (cost=2167.69..2169.33 rows=656 width=5) (actual rows=692 loops=1)
        Sort Key: extra
        Sort Method: quicksort  Memory: 57kB
        Buffers: shared hit=637
        ->  Seq Scan on actions  (cost=0.00..2137.00 rows=656 width=5) (actual rows=692 loops=1)
              Filter: ((action_date = '2019-07-04'::date) AND ((action)::text = 'report'::text))
              Rows Removed by Filter: 99308
              Buffers: shared hit=637
Planning Time: 0.083 ms
Execution Time: 10.723 ms",14.696,2172.75,10,"GroupAggregate  (cost=2167.69..2172.75 rows=4 width=9) (actual rows=10 loops=1)
  Group Key: extra
  Filter: (count(DISTINCT post_id) > 0)
  Buffers: shared hit=637
  ->  Sort  (cost=2167.69..2169.33 rows=656 width=5) (actual rows=692 loops=1)
        Sort Key: extra
        Sort Method: quicksort  Memory: 57kB
        Buffers: shared hit=637
        ->  Seq Scan on actions  (cost=0.00..2137.00 rows=656 width=5) (actual rows=692 loops=1)
              Filter: ((action_date = '2019-07-04'::date) AND ((action)::text = 'report'::text))
              Rows Removed by Filter: 99308
              Buffers: shared hit=637
Planning Time: 0.078 ms
Execution Time: 14.696 ms",14.295,2172.75,10,"GroupAggregate  (cost=2167.69..2172.75 rows=4 width=9) (actual rows=10 loops=1)
  Group Key: extra
  Filter: (count(DISTINCT post_id) > 0)
  Buffers: shared hit=637
  ->  Sort  (cost=2167.69..2169.33 rows=656 width=5) (actual rows=692 loops=1)
        Sort Key: extra
        Sort Method: quicksort  Memory: 57kB
        Buffers: shared hit=637
        ->  Seq Scan on actions  (cost=0.00..2137.00 rows=656 width=5) (actual rows=692 loops=1)
              Filter: ((action_date = '2019-07-04'::date) AND ((action)::text = 'report'::text))
              Rows Removed by Filter: 99308
              Buffers: shared hit=637
Planning Time: 0.102 ms
Execution Time: 14.295 ms",17.203,2172.75,10,"GroupAggregate  (cost=2167.69..2172.75 rows=4 width=9) (actual rows=10 loops=1)
  Group Key: extra
  Filter: (count(DISTINCT post_id) > 0)
  Buffers: shared hit=637
  ->  Sort  (cost=2167.69..2169.33 rows=656 width=5) (actual rows=692 loops=1)
        Sort Key: extra
        Sort Method: quicksort  Memory: 57kB
        Buffers: shared hit=637
        ->  Seq Scan on actions  (cost=0.00..2137.00 rows=656 width=5) (actual rows=692 loops=1)
              Filter: ((action_date = '2019-07-04'::date) AND ((action)::text = 'report'::text))
              Rows Removed by Filter: 99308
              Buffers: shared hit=637
Planning Time: 0.085 ms
Execution Time: 17.203 ms",18.207,2172.75,10,"GroupAggregate  (cost=2167.69..2172.75 rows=4 width=9) (actual rows=10 loops=1)
  Group Key: extra
  Filter: (count(DISTINCT post_id) > 0)
  Buffers: shared hit=637
  ->  Sort  (cost=2167.69..2169.33 rows=656 width=5) (actual rows=692 loops=1)
        Sort Key: extra
        Sort Method: quicksort  Memory: 57kB
        Buffers: shared hit=637
        ->  Seq Scan on actions  (cost=0.00..2137.00 rows=656 width=5) (actual rows=692 loops=1)
              Filter: ((action_date = '2019-07-04'::date) AND ((action)::text = 'report'::text))
              Rows Removed by Filter: 99308
              Buffers: shared hit=637
Planning Time: 0.098 ms
Execution Time: 18.207 ms",15.0248,14.696,17.705,18.6086,2172.75,2172.75,10,10,10,10,normal,normal,8.5042882,17.615653200000004,equal variances,not significant,0.27380952380952384,-1.5330000000000013,-0.7349999999999994,-14.539999999999964,0,True
589,1113,97,Easy,"select t_cte_26.c_extra0 as report_reason, count(t_cte_26.c_post_id0) as report_count from (select distinct t_actions_0.extra as c_extra0, t_actions_0.post_id as c_post_id0 from schema_1113.actions as t_actions_0 where t_actions_0.action_date = '2019-07-04' and t_actions_0.action = 'report') as t_cte_26 group by t_cte_26.c_extra0",8.238,2158.21,10,"HashAggregate  (cost=2156.21..2158.21 rows=200 width=9) (actual rows=10 loops=1)
  Group Key: t_actions_0.extra
  Batches: 1  Memory Usage: 40kB
  Buffers: shared hit=637
  ->  HashAggregate  (cost=2140.28..2146.65 rows=637 width=5) (actual rows=668 loops=1)
        Group Key: t_actions_0.extra, t_actions_0.post_id
        Batches: 1  Memory Usage: 73kB
        Buffers: shared hit=637
        ->  Seq Scan on actions t_actions_0  (cost=0.00..2137.00 rows=656 width=5) (actual rows=692 loops=1)
              Filter: ((action_date = '2019-07-04'::date) AND ((action)::text = 'report'::text))
              Rows Removed by Filter: 99308
              Buffers: shared hit=637
Planning Time: 0.085 ms
Execution Time: 8.238 ms",12.481,2158.21,10,"HashAggregate  (cost=2156.21..2158.21 rows=200 width=9) (actual rows=10 loops=1)
  Group Key: t_actions_0.extra
  Batches: 1  Memory Usage: 40kB
  Buffers: shared hit=637
  ->  HashAggregate  (cost=2140.28..2146.65 rows=637 width=5) (actual rows=668 loops=1)
        Group Key: t_actions_0.extra, t_actions_0.post_id
        Batches: 1  Memory Usage: 73kB
        Buffers: shared hit=637
        ->  Seq Scan on actions t_actions_0  (cost=0.00..2137.00 rows=656 width=5) (actual rows=692 loops=1)
              Filter: ((action_date = '2019-07-04'::date) AND ((action)::text = 'report'::text))
              Rows Removed by Filter: 99308
              Buffers: shared hit=637
Planning Time: 0.100 ms
Execution Time: 12.481 ms",17.592,2158.21,10,"HashAggregate  (cost=2156.21..2158.21 rows=200 width=9) (actual rows=10 loops=1)
  Group Key: t_actions_0.extra
  Batches: 1  Memory Usage: 40kB
  Buffers: shared hit=637
  ->  HashAggregate  (cost=2140.28..2146.65 rows=637 width=5) (actual rows=668 loops=1)
        Group Key: t_actions_0.extra, t_actions_0.post_id
        Batches: 1  Memory Usage: 73kB
        Buffers: shared hit=637
        ->  Seq Scan on actions t_actions_0  (cost=0.00..2137.00 rows=656 width=5) (actual rows=692 loops=1)
              Filter: ((action_date = '2019-07-04'::date) AND ((action)::text = 'report'::text))
              Rows Removed by Filter: 99308
              Buffers: shared hit=637
Planning Time: 0.099 ms
Execution Time: 17.592 ms",11.17,2158.21,10,"HashAggregate  (cost=2156.21..2158.21 rows=200 width=9) (actual rows=10 loops=1)
  Group Key: t_actions_0.extra
  Batches: 1  Memory Usage: 40kB
  Buffers: shared hit=637
  ->  HashAggregate  (cost=2140.28..2146.65 rows=637 width=5) (actual rows=668 loops=1)
        Group Key: t_actions_0.extra, t_actions_0.post_id
        Batches: 1  Memory Usage: 73kB
        Buffers: shared hit=637
        ->  Seq Scan on actions t_actions_0  (cost=0.00..2137.00 rows=656 width=5) (actual rows=692 loops=1)
              Filter: ((action_date = '2019-07-04'::date) AND ((action)::text = 'report'::text))
              Rows Removed by Filter: 99308
              Buffers: shared hit=637
Planning Time: 0.097 ms
Execution Time: 11.170 ms",16.033,2158.21,10,"HashAggregate  (cost=2156.21..2158.21 rows=200 width=9) (actual rows=10 loops=1)
  Group Key: t_actions_0.extra
  Batches: 1  Memory Usage: 40kB
  Buffers: shared hit=637
  ->  HashAggregate  (cost=2140.28..2146.65 rows=637 width=5) (actual rows=668 loops=1)
        Group Key: t_actions_0.extra, t_actions_0.post_id
        Batches: 1  Memory Usage: 73kB
        Buffers: shared hit=637
        ->  Seq Scan on actions t_actions_0  (cost=0.00..2137.00 rows=656 width=5) (actual rows=692 loops=1)
              Filter: ((action_date = '2019-07-04'::date) AND ((action)::text = 'report'::text))
              Rows Removed by Filter: 99308
              Buffers: shared hit=637
Planning Time: 0.094 ms
Execution Time: 16.033 ms",13.1028,12.481,16.8125,18.2156,2158.21,2158.21,10,10,10,10,1113_97,589,1113,97,Easy,"select extra as report_reason, count(distinct post_id) as report_count from schema_1113.actions where (action_date = '2019-07-04' and action = 'report') group by extra order by extra",9.08,2172.72,10,"GroupAggregate  (cost=2167.69..2172.72 rows=11 width=9) (actual rows=10 loops=1)
  Group Key: extra
  Buffers: shared hit=637
  ->  Sort  (cost=2167.69..2169.33 rows=656 width=5) (actual rows=692 loops=1)
        Sort Key: extra
        Sort Method: quicksort  Memory: 57kB
        Buffers: shared hit=637
        ->  Seq Scan on actions  (cost=0.00..2137.00 rows=656 width=5) (actual rows=692 loops=1)
              Filter: ((action_date = '2019-07-04'::date) AND ((action)::text = 'report'::text))
              Rows Removed by Filter: 99308
              Buffers: shared hit=637
Planning Time: 0.076 ms
Execution Time: 9.080 ms",16.048,2172.72,10,"GroupAggregate  (cost=2167.69..2172.72 rows=11 width=9) (actual rows=10 loops=1)
  Group Key: extra
  Buffers: shared hit=637
  ->  Sort  (cost=2167.69..2169.33 rows=656 width=5) (actual rows=692 loops=1)
        Sort Key: extra
        Sort Method: quicksort  Memory: 57kB
        Buffers: shared hit=637
        ->  Seq Scan on actions  (cost=0.00..2137.00 rows=656 width=5) (actual rows=692 loops=1)
              Filter: ((action_date = '2019-07-04'::date) AND ((action)::text = 'report'::text))
              Rows Removed by Filter: 99308
              Buffers: shared hit=637
Planning Time: 0.071 ms
Execution Time: 16.048 ms",16.388,2172.72,10,"GroupAggregate  (cost=2167.69..2172.72 rows=11 width=9) (actual rows=10 loops=1)
  Group Key: extra
  Buffers: shared hit=637
  ->  Sort  (cost=2167.69..2169.33 rows=656 width=5) (actual rows=692 loops=1)
        Sort Key: extra
        Sort Method: quicksort  Memory: 57kB
        Buffers: shared hit=637
        ->  Seq Scan on actions  (cost=0.00..2137.00 rows=656 width=5) (actual rows=692 loops=1)
              Filter: ((action_date = '2019-07-04'::date) AND ((action)::text = 'report'::text))
              Rows Removed by Filter: 99308
              Buffers: shared hit=637
Planning Time: 0.067 ms
Execution Time: 16.388 ms",13.283,2172.72,10,"GroupAggregate  (cost=2167.69..2172.72 rows=11 width=9) (actual rows=10 loops=1)
  Group Key: extra
  Buffers: shared hit=637
  ->  Sort  (cost=2167.69..2169.33 rows=656 width=5) (actual rows=692 loops=1)
        Sort Key: extra
        Sort Method: quicksort  Memory: 57kB
        Buffers: shared hit=637
        ->  Seq Scan on actions  (cost=0.00..2137.00 rows=656 width=5) (actual rows=692 loops=1)
              Filter: ((action_date = '2019-07-04'::date) AND ((action)::text = 'report'::text))
              Rows Removed by Filter: 99308
              Buffers: shared hit=637
Planning Time: 0.086 ms
Execution Time: 13.283 ms",16.186,2172.72,10,"GroupAggregate  (cost=2167.69..2172.72 rows=11 width=9) (actual rows=10 loops=1)
  Group Key: extra
  Buffers: shared hit=637
  ->  Sort  (cost=2167.69..2169.33 rows=656 width=5) (actual rows=692 loops=1)
        Sort Key: extra
        Sort Method: quicksort  Memory: 57kB
        Buffers: shared hit=637
        ->  Seq Scan on actions  (cost=0.00..2137.00 rows=656 width=5) (actual rows=692 loops=1)
              Filter: ((action_date = '2019-07-04'::date) AND ((action)::text = 'report'::text))
              Rows Removed by Filter: 99308
              Buffers: shared hit=637
Planning Time: 0.088 ms
Execution Time: 16.186 ms",14.197,16.048,16.287,16.4688,2172.72,2172.72,10,10,10,10,normal,normal,9.800472,14.131904700000002,equal variances,not significant,0.27380952380952384,-1.094199999999999,-3.5669999999999984,-14.509999999999764,0,True
591,1113,102,Easy,"select t_cte_15.c_extra0 as report_reason, count(t_cte_15.c_post_id0) as report_count from (select distinct a.post_id as c_post_id0, a.extra as c_extra0 from schema_1113.actions as a where a.action_date = '2019-07-04' and a.action = 'report') as t_cte_15 group by t_cte_15.c_extra0",9.657,2158.21,10,"HashAggregate  (cost=2156.21..2158.21 rows=200 width=9) (actual rows=10 loops=1)
  Group Key: a.extra
  Batches: 1  Memory Usage: 40kB
  Buffers: shared hit=637
  ->  HashAggregate  (cost=2140.28..2146.65 rows=637 width=5) (actual rows=668 loops=1)
        Group Key: a.post_id, a.extra
        Batches: 1  Memory Usage: 73kB
        Buffers: shared hit=637
        ->  Seq Scan on actions a  (cost=0.00..2137.00 rows=656 width=5) (actual rows=692 loops=1)
              Filter: ((action_date = '2019-07-04'::date) AND ((action)::text = 'report'::text))
              Rows Removed by Filter: 99308
              Buffers: shared hit=637
Planning Time: 0.066 ms
Execution Time: 9.657 ms",13.323,2158.21,10,"HashAggregate  (cost=2156.21..2158.21 rows=200 width=9) (actual rows=10 loops=1)
  Group Key: a.extra
  Batches: 1  Memory Usage: 40kB
  Buffers: shared hit=637
  ->  HashAggregate  (cost=2140.28..2146.65 rows=637 width=5) (actual rows=668 loops=1)
        Group Key: a.post_id, a.extra
        Batches: 1  Memory Usage: 73kB
        Buffers: shared hit=637
        ->  Seq Scan on actions a  (cost=0.00..2137.00 rows=656 width=5) (actual rows=692 loops=1)
              Filter: ((action_date = '2019-07-04'::date) AND ((action)::text = 'report'::text))
              Rows Removed by Filter: 99308
              Buffers: shared hit=637
Planning Time: 0.098 ms
Execution Time: 13.323 ms",14.379,2158.21,10,"HashAggregate  (cost=2156.21..2158.21 rows=200 width=9) (actual rows=10 loops=1)
  Group Key: a.extra
  Batches: 1  Memory Usage: 40kB
  Buffers: shared hit=637
  ->  HashAggregate  (cost=2140.28..2146.65 rows=637 width=5) (actual rows=668 loops=1)
        Group Key: a.post_id, a.extra
        Batches: 1  Memory Usage: 73kB
        Buffers: shared hit=637
        ->  Seq Scan on actions a  (cost=0.00..2137.00 rows=656 width=5) (actual rows=692 loops=1)
              Filter: ((action_date = '2019-07-04'::date) AND ((action)::text = 'report'::text))
              Rows Removed by Filter: 99308
              Buffers: shared hit=637
Planning Time: 0.149 ms
Execution Time: 14.379 ms",16.765,2158.21,10,"HashAggregate  (cost=2156.21..2158.21 rows=200 width=9) (actual rows=10 loops=1)
  Group Key: a.extra
  Batches: 1  Memory Usage: 40kB
  Buffers: shared hit=637
  ->  HashAggregate  (cost=2140.28..2146.65 rows=637 width=5) (actual rows=668 loops=1)
        Group Key: a.post_id, a.extra
        Batches: 1  Memory Usage: 73kB
        Buffers: shared hit=637
        ->  Seq Scan on actions a  (cost=0.00..2137.00 rows=656 width=5) (actual rows=692 loops=1)
              Filter: ((action_date = '2019-07-04'::date) AND ((action)::text = 'report'::text))
              Rows Removed by Filter: 99308
              Buffers: shared hit=637
Planning Time: 0.105 ms
Execution Time: 16.765 ms",9.442,2158.21,10,"HashAggregate  (cost=2156.21..2158.21 rows=200 width=9) (actual rows=10 loops=1)
  Group Key: a.extra
  Batches: 1  Memory Usage: 40kB
  Buffers: shared hit=637
  ->  HashAggregate  (cost=2140.28..2146.65 rows=637 width=5) (actual rows=668 loops=1)
        Group Key: a.post_id, a.extra
        Batches: 1  Memory Usage: 73kB
        Buffers: shared hit=637
        ->  Seq Scan on actions a  (cost=0.00..2137.00 rows=656 width=5) (actual rows=692 loops=1)
              Filter: ((action_date = '2019-07-04'::date) AND ((action)::text = 'report'::text))
              Rows Removed by Filter: 99308
              Buffers: shared hit=637
Planning Time: 0.097 ms
Execution Time: 9.442 ms",12.7132,13.323,15.572,17.7194,2158.21,2158.21,10,10,10,10,1113_102,591,1113,102,Easy,"select a.extra as report_reason, count(distinct a.post_id) as report_count from schema_1113.actions as a where (a.action_date = '2019-07-04' and a.action = 'report') group by a.extra",8.038,2172.72,10,"GroupAggregate  (cost=2167.69..2172.72 rows=11 width=9) (actual rows=10 loops=1)
  Group Key: extra
  Buffers: shared hit=637
  ->  Sort  (cost=2167.69..2169.33 rows=656 width=5) (actual rows=692 loops=1)
        Sort Key: extra
        Sort Method: quicksort  Memory: 57kB
        Buffers: shared hit=637
        ->  Seq Scan on actions a  (cost=0.00..2137.00 rows=656 width=5) (actual rows=692 loops=1)
              Filter: ((action_date = '2019-07-04'::date) AND ((action)::text = 'report'::text))
              Rows Removed by Filter: 99308
              Buffers: shared hit=637
Planning Time: 0.052 ms
Execution Time: 8.038 ms",12.579,2172.72,10,"GroupAggregate  (cost=2167.69..2172.72 rows=11 width=9) (actual rows=10 loops=1)
  Group Key: extra
  Buffers: shared hit=637
  ->  Sort  (cost=2167.69..2169.33 rows=656 width=5) (actual rows=692 loops=1)
        Sort Key: extra
        Sort Method: quicksort  Memory: 57kB
        Buffers: shared hit=637
        ->  Seq Scan on actions a  (cost=0.00..2137.00 rows=656 width=5) (actual rows=692 loops=1)
              Filter: ((action_date = '2019-07-04'::date) AND ((action)::text = 'report'::text))
              Rows Removed by Filter: 99308
              Buffers: shared hit=637
Planning Time: 0.147 ms
Execution Time: 12.579 ms",17.707,2172.72,10,"GroupAggregate  (cost=2167.69..2172.72 rows=11 width=9) (actual rows=10 loops=1)
  Group Key: extra
  Buffers: shared hit=637
  ->  Sort  (cost=2167.69..2169.33 rows=656 width=5) (actual rows=692 loops=1)
        Sort Key: extra
        Sort Method: quicksort  Memory: 57kB
        Buffers: shared hit=637
        ->  Seq Scan on actions a  (cost=0.00..2137.00 rows=656 width=5) (actual rows=692 loops=1)
              Filter: ((action_date = '2019-07-04'::date) AND ((action)::text = 'report'::text))
              Rows Removed by Filter: 99308
              Buffers: shared hit=637
Planning Time: 0.079 ms
Execution Time: 17.707 ms",14.714,2172.72,10,"GroupAggregate  (cost=2167.69..2172.72 rows=11 width=9) (actual rows=10 loops=1)
  Group Key: extra
  Buffers: shared hit=637
  ->  Sort  (cost=2167.69..2169.33 rows=656 width=5) (actual rows=692 loops=1)
        Sort Key: extra
        Sort Method: quicksort  Memory: 57kB
        Buffers: shared hit=637
        ->  Seq Scan on actions a  (cost=0.00..2137.00 rows=656 width=5) (actual rows=692 loops=1)
              Filter: ((action_date = '2019-07-04'::date) AND ((action)::text = 'report'::text))
              Rows Removed by Filter: 99308
              Buffers: shared hit=637
Planning Time: 0.051 ms
Execution Time: 14.714 ms",8.436,2172.72,10,"GroupAggregate  (cost=2167.69..2172.72 rows=11 width=9) (actual rows=10 loops=1)
  Group Key: extra
  Buffers: shared hit=637
  ->  Sort  (cost=2167.69..2169.33 rows=656 width=5) (actual rows=692 loops=1)
        Sort Key: extra
        Sort Method: quicksort  Memory: 57kB
        Buffers: shared hit=637
        ->  Seq Scan on actions a  (cost=0.00..2137.00 rows=656 width=5) (actual rows=692 loops=1)
              Filter: ((action_date = '2019-07-04'::date) AND ((action)::text = 'report'::text))
              Rows Removed by Filter: 99308
              Buffers: shared hit=637
Planning Time: 0.063 ms
Execution Time: 8.436 ms",12.2948,12.579,16.2105,18.9042,2172.72,2172.72,10,10,10,10,normal,normal,17.0589727,9.901234200000001,equal variances,not significant,0.6547619047619047,0.4184000000000001,0.7439999999999998,-14.509999999999764,0,True
592,1113,106,Easy,"select t_cte_13.c_extra0 as report_reason, count(t_cte_13.c_post_id0) as report_count from (select distinct t_actions_0.extra as c_extra0, t_actions_0.post_id as c_post_id0 from schema_1113.actions as t_actions_0 where t_actions_0.action = 'report' and t_actions_0.action_date = '2019-07-04') as t_cte_13 group by t_cte_13.c_extra0",9.815,2158.21,10,"HashAggregate  (cost=2156.21..2158.21 rows=200 width=9) (actual rows=10 loops=1)
  Group Key: t_actions_0.extra
  Batches: 1  Memory Usage: 40kB
  Buffers: shared hit=637
  ->  HashAggregate  (cost=2140.28..2146.65 rows=637 width=5) (actual rows=668 loops=1)
        Group Key: t_actions_0.extra, t_actions_0.post_id
        Batches: 1  Memory Usage: 73kB
        Buffers: shared hit=637
        ->  Seq Scan on actions t_actions_0  (cost=0.00..2137.00 rows=656 width=5) (actual rows=692 loops=1)
              Filter: (((action)::text = 'report'::text) AND (action_date = '2019-07-04'::date))
              Rows Removed by Filter: 99308
              Buffers: shared hit=637
Planning Time: 0.066 ms
Execution Time: 9.815 ms",10.146,2158.21,10,"HashAggregate  (cost=2156.21..2158.21 rows=200 width=9) (actual rows=10 loops=1)
  Group Key: t_actions_0.extra
  Batches: 1  Memory Usage: 40kB
  Buffers: shared hit=637
  ->  HashAggregate  (cost=2140.28..2146.65 rows=637 width=5) (actual rows=668 loops=1)
        Group Key: t_actions_0.extra, t_actions_0.post_id
        Batches: 1  Memory Usage: 73kB
        Buffers: shared hit=637
        ->  Seq Scan on actions t_actions_0  (cost=0.00..2137.00 rows=656 width=5) (actual rows=692 loops=1)
              Filter: (((action)::text = 'report'::text) AND (action_date = '2019-07-04'::date))
              Rows Removed by Filter: 99308
              Buffers: shared hit=637
Planning Time: 0.094 ms
Execution Time: 10.146 ms",20.508,2158.21,10,"HashAggregate  (cost=2156.21..2158.21 rows=200 width=9) (actual rows=10 loops=1)
  Group Key: t_actions_0.extra
  Batches: 1  Memory Usage: 40kB
  Buffers: shared hit=637
  ->  HashAggregate  (cost=2140.28..2146.65 rows=637 width=5) (actual rows=668 loops=1)
        Group Key: t_actions_0.extra, t_actions_0.post_id
        Batches: 1  Memory Usage: 73kB
        Buffers: shared hit=637
        ->  Seq Scan on actions t_actions_0  (cost=0.00..2137.00 rows=656 width=5) (actual rows=692 loops=1)
              Filter: (((action)::text = 'report'::text) AND (action_date = '2019-07-04'::date))
              Rows Removed by Filter: 99308
              Buffers: shared hit=637
Planning Time: 0.123 ms
Execution Time: 20.508 ms",19.892,2158.21,10,"HashAggregate  (cost=2156.21..2158.21 rows=200 width=9) (actual rows=10 loops=1)
  Group Key: t_actions_0.extra
  Batches: 1  Memory Usage: 40kB
  Buffers: shared hit=637
  ->  HashAggregate  (cost=2140.28..2146.65 rows=637 width=5) (actual rows=668 loops=1)
        Group Key: t_actions_0.extra, t_actions_0.post_id
        Batches: 1  Memory Usage: 73kB
        Buffers: shared hit=637
        ->  Seq Scan on actions t_actions_0  (cost=0.00..2137.00 rows=656 width=5) (actual rows=692 loops=1)
              Filter: (((action)::text = 'report'::text) AND (action_date = '2019-07-04'::date))
              Rows Removed by Filter: 99308
              Buffers: shared hit=637
Planning Time: 0.099 ms
Execution Time: 19.892 ms",18.561,2158.21,10,"HashAggregate  (cost=2156.21..2158.21 rows=200 width=9) (actual rows=10 loops=1)
  Group Key: t_actions_0.extra
  Batches: 1  Memory Usage: 40kB
  Buffers: shared hit=637
  ->  HashAggregate  (cost=2140.28..2146.65 rows=637 width=5) (actual rows=668 loops=1)
        Group Key: t_actions_0.extra, t_actions_0.post_id
        Batches: 1  Memory Usage: 73kB
        Buffers: shared hit=637
        ->  Seq Scan on actions t_actions_0  (cost=0.00..2137.00 rows=656 width=5) (actual rows=692 loops=1)
              Filter: (((action)::text = 'report'::text) AND (action_date = '2019-07-04'::date))
              Rows Removed by Filter: 99308
              Buffers: shared hit=637
Planning Time: 0.103 ms
Execution Time: 18.561 ms",15.7844,18.561,20.2,20.7544,2158.21,2158.21,10,10,10,10,1113_106,592,1113,106,Easy,"select distinct extra as report_reason, count(distinct post_id) as report_count from schema_1113.actions where (action = 'report' and action_date = '2019-07-04') group by extra",9.452,2173.0,10,"Unique  (cost=2172.91..2173.00 rows=11 width=9) (actual rows=10 loops=1)
  Buffers: shared hit=637
  ->  Sort  (cost=2172.91..2172.94 rows=11 width=9) (actual rows=10 loops=1)
        Sort Key: extra, (count(DISTINCT post_id))
        Sort Method: quicksort  Memory: 25kB
        Buffers: shared hit=637
        ->  GroupAggregate  (cost=2167.69..2172.72 rows=11 width=9) (actual rows=10 loops=1)
              Group Key: extra
              Buffers: shared hit=637
              ->  Sort  (cost=2167.69..2169.33 rows=656 width=5) (actual rows=692 loops=1)
                    Sort Key: extra
                    Sort Method: quicksort  Memory: 57kB
                    Buffers: shared hit=637
                    ->  Seq Scan on actions  (cost=0.00..2137.00 rows=656 width=5) (actual rows=692 loops=1)
                          Filter: (((action)::text = 'report'::text) AND (action_date = '2019-07-04'::date))
                          Rows Removed by Filter: 99308
                          Buffers: shared hit=637
Planning Time: 0.057 ms
Execution Time: 9.452 ms",12.863,2173.0,10,"Unique  (cost=2172.91..2173.00 rows=11 width=9) (actual rows=10 loops=1)
  Buffers: shared hit=637
  ->  Sort  (cost=2172.91..2172.94 rows=11 width=9) (actual rows=10 loops=1)
        Sort Key: extra, (count(DISTINCT post_id))
        Sort Method: quicksort  Memory: 25kB
        Buffers: shared hit=637
        ->  GroupAggregate  (cost=2167.69..2172.72 rows=11 width=9) (actual rows=10 loops=1)
              Group Key: extra
              Buffers: shared hit=637
              ->  Sort  (cost=2167.69..2169.33 rows=656 width=5) (actual rows=692 loops=1)
                    Sort Key: extra
                    Sort Method: quicksort  Memory: 57kB
                    Buffers: shared hit=637
                    ->  Seq Scan on actions  (cost=0.00..2137.00 rows=656 width=5) (actual rows=692 loops=1)
                          Filter: (((action)::text = 'report'::text) AND (action_date = '2019-07-04'::date))
                          Rows Removed by Filter: 99308
                          Buffers: shared hit=637
Planning Time: 0.075 ms
Execution Time: 12.863 ms",19.732,2173.0,10,"Unique  (cost=2172.91..2173.00 rows=11 width=9) (actual rows=10 loops=1)
  Buffers: shared hit=637
  ->  Sort  (cost=2172.91..2172.94 rows=11 width=9) (actual rows=10 loops=1)
        Sort Key: extra, (count(DISTINCT post_id))
        Sort Method: quicksort  Memory: 25kB
        Buffers: shared hit=637
        ->  GroupAggregate  (cost=2167.69..2172.72 rows=11 width=9) (actual rows=10 loops=1)
              Group Key: extra
              Buffers: shared hit=637
              ->  Sort  (cost=2167.69..2169.33 rows=656 width=5) (actual rows=692 loops=1)
                    Sort Key: extra
                    Sort Method: quicksort  Memory: 57kB
                    Buffers: shared hit=637
                    ->  Seq Scan on actions  (cost=0.00..2137.00 rows=656 width=5) (actual rows=692 loops=1)
                          Filter: (((action)::text = 'report'::text) AND (action_date = '2019-07-04'::date))
                          Rows Removed by Filter: 99308
                          Buffers: shared hit=637
Planning Time: 0.079 ms
Execution Time: 19.732 ms",20.044,2173.0,10,"Unique  (cost=2172.91..2173.00 rows=11 width=9) (actual rows=10 loops=1)
  Buffers: shared hit=637
  ->  Sort  (cost=2172.91..2172.94 rows=11 width=9) (actual rows=10 loops=1)
        Sort Key: extra, (count(DISTINCT post_id))
        Sort Method: quicksort  Memory: 25kB
        Buffers: shared hit=637
        ->  GroupAggregate  (cost=2167.69..2172.72 rows=11 width=9) (actual rows=10 loops=1)
              Group Key: extra
              Buffers: shared hit=637
              ->  Sort  (cost=2167.69..2169.33 rows=656 width=5) (actual rows=692 loops=1)
                    Sort Key: extra
                    Sort Method: quicksort  Memory: 57kB
                    Buffers: shared hit=637
                    ->  Seq Scan on actions  (cost=0.00..2137.00 rows=656 width=5) (actual rows=692 loops=1)
                          Filter: (((action)::text = 'report'::text) AND (action_date = '2019-07-04'::date))
                          Rows Removed by Filter: 99308
                          Buffers: shared hit=637
Planning Time: 0.090 ms
Execution Time: 20.044 ms",19.107,2173.0,10,"Unique  (cost=2172.91..2173.00 rows=11 width=9) (actual rows=10 loops=1)
  Buffers: shared hit=637
  ->  Sort  (cost=2172.91..2172.94 rows=11 width=9) (actual rows=10 loops=1)
        Sort Key: extra, (count(DISTINCT post_id))
        Sort Method: quicksort  Memory: 25kB
        Buffers: shared hit=637
        ->  GroupAggregate  (cost=2167.69..2172.72 rows=11 width=9) (actual rows=10 loops=1)
              Group Key: extra
              Buffers: shared hit=637
              ->  Sort  (cost=2167.69..2169.33 rows=656 width=5) (actual rows=692 loops=1)
                    Sort Key: extra
                    Sort Method: quicksort  Memory: 57kB
                    Buffers: shared hit=637
                    ->  Seq Scan on actions  (cost=0.00..2137.00 rows=656 width=5) (actual rows=692 loops=1)
                          Filter: (((action)::text = 'report'::text) AND (action_date = '2019-07-04'::date))
                          Rows Removed by Filter: 99308
                          Buffers: shared hit=637
Planning Time: 0.075 ms
Execution Time: 19.107 ms",16.2396,19.107,19.888,20.1688,2173.0,2173.0,10,10,10,10,normal,normal,23.0913103,28.5798933,equal variances,not significant,0.5793650793650793,-0.4551999999999996,-0.5459999999999994,-14.789999999999964,0,True
593,1113,120,Easy,"select t_cte_8.c_extra0 as report_reason, count(t_cte_8.c_post_id0) as report_count from (select distinct a.extra as c_extra0, a.post_id as c_post_id0 from schema_1113.actions as a where a.action_date = '2019-07-04' and a.action = 'report') as t_cte_8 group by t_cte_8.c_extra0",11.575,2158.21,10,"HashAggregate  (cost=2156.21..2158.21 rows=200 width=9) (actual rows=10 loops=1)
  Group Key: a.extra
  Batches: 1  Memory Usage: 40kB
  Buffers: shared hit=637
  ->  HashAggregate  (cost=2140.28..2146.65 rows=637 width=5) (actual rows=668 loops=1)
        Group Key: a.extra, a.post_id
        Batches: 1  Memory Usage: 73kB
        Buffers: shared hit=637
        ->  Seq Scan on actions a  (cost=0.00..2137.00 rows=656 width=5) (actual rows=692 loops=1)
              Filter: ((action_date = '2019-07-04'::date) AND ((action)::text = 'report'::text))
              Rows Removed by Filter: 99308
              Buffers: shared hit=637
Planning Time: 0.096 ms
Execution Time: 11.575 ms",11.096,2158.21,10,"HashAggregate  (cost=2156.21..2158.21 rows=200 width=9) (actual rows=10 loops=1)
  Group Key: a.extra
  Batches: 1  Memory Usage: 40kB
  Buffers: shared hit=637
  ->  HashAggregate  (cost=2140.28..2146.65 rows=637 width=5) (actual rows=668 loops=1)
        Group Key: a.extra, a.post_id
        Batches: 1  Memory Usage: 73kB
        Buffers: shared hit=637
        ->  Seq Scan on actions a  (cost=0.00..2137.00 rows=656 width=5) (actual rows=692 loops=1)
              Filter: ((action_date = '2019-07-04'::date) AND ((action)::text = 'report'::text))
              Rows Removed by Filter: 99308
              Buffers: shared hit=637
Planning Time: 0.105 ms
Execution Time: 11.096 ms",14.416,2158.21,10,"HashAggregate  (cost=2156.21..2158.21 rows=200 width=9) (actual rows=10 loops=1)
  Group Key: a.extra
  Batches: 1  Memory Usage: 40kB
  Buffers: shared hit=637
  ->  HashAggregate  (cost=2140.28..2146.65 rows=637 width=5) (actual rows=668 loops=1)
        Group Key: a.extra, a.post_id
        Batches: 1  Memory Usage: 73kB
        Buffers: shared hit=637
        ->  Seq Scan on actions a  (cost=0.00..2137.00 rows=656 width=5) (actual rows=692 loops=1)
              Filter: ((action_date = '2019-07-04'::date) AND ((action)::text = 'report'::text))
              Rows Removed by Filter: 99308
              Buffers: shared hit=637
Planning Time: 0.095 ms
Execution Time: 14.416 ms",15.781,2158.21,10,"HashAggregate  (cost=2156.21..2158.21 rows=200 width=9) (actual rows=10 loops=1)
  Group Key: a.extra
  Batches: 1  Memory Usage: 40kB
  Buffers: shared hit=637
  ->  HashAggregate  (cost=2140.28..2146.65 rows=637 width=5) (actual rows=668 loops=1)
        Group Key: a.extra, a.post_id
        Batches: 1  Memory Usage: 73kB
        Buffers: shared hit=637
        ->  Seq Scan on actions a  (cost=0.00..2137.00 rows=656 width=5) (actual rows=692 loops=1)
              Filter: ((action_date = '2019-07-04'::date) AND ((action)::text = 'report'::text))
              Rows Removed by Filter: 99308
              Buffers: shared hit=637
Planning Time: 0.093 ms
Execution Time: 15.781 ms",16.683,2158.21,10,"HashAggregate  (cost=2156.21..2158.21 rows=200 width=9) (actual rows=10 loops=1)
  Group Key: a.extra
  Batches: 1  Memory Usage: 40kB
  Buffers: shared hit=637
  ->  HashAggregate  (cost=2140.28..2146.65 rows=637 width=5) (actual rows=668 loops=1)
        Group Key: a.extra, a.post_id
        Batches: 1  Memory Usage: 73kB
        Buffers: shared hit=637
        ->  Seq Scan on actions a  (cost=0.00..2137.00 rows=656 width=5) (actual rows=692 loops=1)
              Filter: ((action_date = '2019-07-04'::date) AND ((action)::text = 'report'::text))
              Rows Removed by Filter: 99308
              Buffers: shared hit=637
Planning Time: 0.099 ms
Execution Time: 16.683 ms",13.9102,14.416,16.232,17.0438,2158.21,2158.21,10,10,10,10,1113_120,593,1113,120,Easy,"select extra as report_reason, count(distinct post_id) as report_count from schema_1113.actions as a where (action_date = '2019-07-04' and action = 'report') group by extra",8.151,2172.72,10,"GroupAggregate  (cost=2167.69..2172.72 rows=11 width=9) (actual rows=10 loops=1)
  Group Key: extra
  Buffers: shared hit=637
  ->  Sort  (cost=2167.69..2169.33 rows=656 width=5) (actual rows=692 loops=1)
        Sort Key: extra
        Sort Method: quicksort  Memory: 57kB
        Buffers: shared hit=637
        ->  Seq Scan on actions a  (cost=0.00..2137.00 rows=656 width=5) (actual rows=692 loops=1)
              Filter: ((action_date = '2019-07-04'::date) AND ((action)::text = 'report'::text))
              Rows Removed by Filter: 99308
              Buffers: shared hit=637
Planning Time: 0.068 ms
Execution Time: 8.151 ms",11.773,2172.72,10,"GroupAggregate  (cost=2167.69..2172.72 rows=11 width=9) (actual rows=10 loops=1)
  Group Key: extra
  Buffers: shared hit=637
  ->  Sort  (cost=2167.69..2169.33 rows=656 width=5) (actual rows=692 loops=1)
        Sort Key: extra
        Sort Method: quicksort  Memory: 57kB
        Buffers: shared hit=637
        ->  Seq Scan on actions a  (cost=0.00..2137.00 rows=656 width=5) (actual rows=692 loops=1)
              Filter: ((action_date = '2019-07-04'::date) AND ((action)::text = 'report'::text))
              Rows Removed by Filter: 99308
              Buffers: shared hit=637
Planning Time: 0.085 ms
Execution Time: 11.773 ms",15.557,2172.72,10,"GroupAggregate  (cost=2167.69..2172.72 rows=11 width=9) (actual rows=10 loops=1)
  Group Key: extra
  Buffers: shared hit=637
  ->  Sort  (cost=2167.69..2169.33 rows=656 width=5) (actual rows=692 loops=1)
        Sort Key: extra
        Sort Method: quicksort  Memory: 57kB
        Buffers: shared hit=637
        ->  Seq Scan on actions a  (cost=0.00..2137.00 rows=656 width=5) (actual rows=692 loops=1)
              Filter: ((action_date = '2019-07-04'::date) AND ((action)::text = 'report'::text))
              Rows Removed by Filter: 99308
              Buffers: shared hit=637
Planning Time: 0.066 ms
Execution Time: 15.557 ms",15.449,2172.72,10,"GroupAggregate  (cost=2167.69..2172.72 rows=11 width=9) (actual rows=10 loops=1)
  Group Key: extra
  Buffers: shared hit=637
  ->  Sort  (cost=2167.69..2169.33 rows=656 width=5) (actual rows=692 loops=1)
        Sort Key: extra
        Sort Method: quicksort  Memory: 57kB
        Buffers: shared hit=637
        ->  Seq Scan on actions a  (cost=0.00..2137.00 rows=656 width=5) (actual rows=692 loops=1)
              Filter: ((action_date = '2019-07-04'::date) AND ((action)::text = 'report'::text))
              Rows Removed by Filter: 99308
              Buffers: shared hit=637
Planning Time: 0.073 ms
Execution Time: 15.449 ms",16.311,2172.72,10,"GroupAggregate  (cost=2167.69..2172.72 rows=11 width=9) (actual rows=10 loops=1)
  Group Key: extra
  Buffers: shared hit=637
  ->  Sort  (cost=2167.69..2169.33 rows=656 width=5) (actual rows=692 loops=1)
        Sort Key: extra
        Sort Method: quicksort  Memory: 57kB
        Buffers: shared hit=637
        ->  Seq Scan on actions a  (cost=0.00..2137.00 rows=656 width=5) (actual rows=692 loops=1)
              Filter: ((action_date = '2019-07-04'::date) AND ((action)::text = 'report'::text))
              Rows Removed by Filter: 99308
              Buffers: shared hit=637
Planning Time: 0.080 ms
Execution Time: 16.311 ms",13.4482,15.449,15.934,16.6126,2172.72,2172.72,10,10,10,10,normal,normal,11.878121199999999,6.204256700000001,equal variances,not significant,0.5793650793650793,0.46199999999999974,-1.0329999999999995,-14.509999999999764,0,True
594,1113,138,Easy,"select t_cte_7.c_extra0 as report_reason, count(t_cte_7.c_post_id0) as report_count from (select distinct a.post_id as c_post_id0, a.extra as c_extra0 from schema_1113.actions as a where a.action = 'report' and a.action_date = '2019-07-04') as t_cte_7 group by t_cte_7.c_extra0",11.486,2158.21,10,"HashAggregate  (cost=2156.21..2158.21 rows=200 width=9) (actual rows=10 loops=1)
  Group Key: a.extra
  Batches: 1  Memory Usage: 40kB
  Buffers: shared hit=637
  ->  HashAggregate  (cost=2140.28..2146.65 rows=637 width=5) (actual rows=668 loops=1)
        Group Key: a.post_id, a.extra
        Batches: 1  Memory Usage: 73kB
        Buffers: shared hit=637
        ->  Seq Scan on actions a  (cost=0.00..2137.00 rows=656 width=5) (actual rows=692 loops=1)
              Filter: (((action)::text = 'report'::text) AND (action_date = '2019-07-04'::date))
              Rows Removed by Filter: 99308
              Buffers: shared hit=637
Planning Time: 0.101 ms
Execution Time: 11.486 ms",20.11,2158.21,10,"HashAggregate  (cost=2156.21..2158.21 rows=200 width=9) (actual rows=10 loops=1)
  Group Key: a.extra
  Batches: 1  Memory Usage: 40kB
  Buffers: shared hit=637
  ->  HashAggregate  (cost=2140.28..2146.65 rows=637 width=5) (actual rows=668 loops=1)
        Group Key: a.post_id, a.extra
        Batches: 1  Memory Usage: 73kB
        Buffers: shared hit=637
        ->  Seq Scan on actions a  (cost=0.00..2137.00 rows=656 width=5) (actual rows=692 loops=1)
              Filter: (((action)::text = 'report'::text) AND (action_date = '2019-07-04'::date))
              Rows Removed by Filter: 99308
              Buffers: shared hit=637
Planning Time: 0.113 ms
Execution Time: 20.110 ms",17.313,2158.21,10,"HashAggregate  (cost=2156.21..2158.21 rows=200 width=9) (actual rows=10 loops=1)
  Group Key: a.extra
  Batches: 1  Memory Usage: 40kB
  Buffers: shared hit=637
  ->  HashAggregate  (cost=2140.28..2146.65 rows=637 width=5) (actual rows=668 loops=1)
        Group Key: a.post_id, a.extra
        Batches: 1  Memory Usage: 73kB
        Buffers: shared hit=637
        ->  Seq Scan on actions a  (cost=0.00..2137.00 rows=656 width=5) (actual rows=692 loops=1)
              Filter: (((action)::text = 'report'::text) AND (action_date = '2019-07-04'::date))
              Rows Removed by Filter: 99308
              Buffers: shared hit=637
Planning Time: 0.099 ms
Execution Time: 17.313 ms",12.7,2158.21,10,"HashAggregate  (cost=2156.21..2158.21 rows=200 width=9) (actual rows=10 loops=1)
  Group Key: a.extra
  Batches: 1  Memory Usage: 40kB
  Buffers: shared hit=637
  ->  HashAggregate  (cost=2140.28..2146.65 rows=637 width=5) (actual rows=668 loops=1)
        Group Key: a.post_id, a.extra
        Batches: 1  Memory Usage: 73kB
        Buffers: shared hit=637
        ->  Seq Scan on actions a  (cost=0.00..2137.00 rows=656 width=5) (actual rows=692 loops=1)
              Filter: (((action)::text = 'report'::text) AND (action_date = '2019-07-04'::date))
              Rows Removed by Filter: 99308
              Buffers: shared hit=637
Planning Time: 0.105 ms
Execution Time: 12.700 ms",14.606,2158.21,10,"HashAggregate  (cost=2156.21..2158.21 rows=200 width=9) (actual rows=10 loops=1)
  Group Key: a.extra
  Batches: 1  Memory Usage: 40kB
  Buffers: shared hit=637
  ->  HashAggregate  (cost=2140.28..2146.65 rows=637 width=5) (actual rows=668 loops=1)
        Group Key: a.post_id, a.extra
        Batches: 1  Memory Usage: 73kB
        Buffers: shared hit=637
        ->  Seq Scan on actions a  (cost=0.00..2137.00 rows=656 width=5) (actual rows=692 loops=1)
              Filter: (((action)::text = 'report'::text) AND (action_date = '2019-07-04'::date))
              Rows Removed by Filter: 99308
              Buffers: shared hit=637
Planning Time: 0.095 ms
Execution Time: 14.606 ms",15.243,14.606,18.7115,21.2288,2158.21,2158.21,10,10,10,10,1113_138,594,1113,138,Easy,"select extra as report_reason, count(distinct post_id) as report_count from schema_1113.actions as a where (action = 'report' and action_date = '2019-07-04') group by extra",11.697,2172.72,10,"GroupAggregate  (cost=2167.69..2172.72 rows=11 width=9) (actual rows=10 loops=1)
  Group Key: extra
  Buffers: shared hit=637
  ->  Sort  (cost=2167.69..2169.33 rows=656 width=5) (actual rows=692 loops=1)
        Sort Key: extra
        Sort Method: quicksort  Memory: 57kB
        Buffers: shared hit=637
        ->  Seq Scan on actions a  (cost=0.00..2137.00 rows=656 width=5) (actual rows=692 loops=1)
              Filter: (((action)::text = 'report'::text) AND (action_date = '2019-07-04'::date))
              Rows Removed by Filter: 99308
              Buffers: shared hit=637
Planning Time: 0.071 ms
Execution Time: 11.697 ms",15.679,2172.72,10,"GroupAggregate  (cost=2167.69..2172.72 rows=11 width=9) (actual rows=10 loops=1)
  Group Key: extra
  Buffers: shared hit=637
  ->  Sort  (cost=2167.69..2169.33 rows=656 width=5) (actual rows=692 loops=1)
        Sort Key: extra
        Sort Method: quicksort  Memory: 57kB
        Buffers: shared hit=637
        ->  Seq Scan on actions a  (cost=0.00..2137.00 rows=656 width=5) (actual rows=692 loops=1)
              Filter: (((action)::text = 'report'::text) AND (action_date = '2019-07-04'::date))
              Rows Removed by Filter: 99308
              Buffers: shared hit=637
Planning Time: 0.099 ms
Execution Time: 15.679 ms",14.972,2172.72,10,"GroupAggregate  (cost=2167.69..2172.72 rows=11 width=9) (actual rows=10 loops=1)
  Group Key: extra
  Buffers: shared hit=637
  ->  Sort  (cost=2167.69..2169.33 rows=656 width=5) (actual rows=692 loops=1)
        Sort Key: extra
        Sort Method: quicksort  Memory: 57kB
        Buffers: shared hit=637
        ->  Seq Scan on actions a  (cost=0.00..2137.00 rows=656 width=5) (actual rows=692 loops=1)
              Filter: (((action)::text = 'report'::text) AND (action_date = '2019-07-04'::date))
              Rows Removed by Filter: 99308
              Buffers: shared hit=637
Planning Time: 0.068 ms
Execution Time: 14.972 ms",14.378,2172.72,10,"GroupAggregate  (cost=2167.69..2172.72 rows=11 width=9) (actual rows=10 loops=1)
  Group Key: extra
  Buffers: shared hit=637
  ->  Sort  (cost=2167.69..2169.33 rows=656 width=5) (actual rows=692 loops=1)
        Sort Key: extra
        Sort Method: quicksort  Memory: 57kB
        Buffers: shared hit=637
        ->  Seq Scan on actions a  (cost=0.00..2137.00 rows=656 width=5) (actual rows=692 loops=1)
              Filter: (((action)::text = 'report'::text) AND (action_date = '2019-07-04'::date))
              Rows Removed by Filter: 99308
              Buffers: shared hit=637
Planning Time: 0.079 ms
Execution Time: 14.378 ms",18.469,2172.72,10,"GroupAggregate  (cost=2167.69..2172.72 rows=11 width=9) (actual rows=10 loops=1)
  Group Key: extra
  Buffers: shared hit=637
  ->  Sort  (cost=2167.69..2169.33 rows=656 width=5) (actual rows=692 loops=1)
        Sort Key: extra
        Sort Method: quicksort  Memory: 57kB
        Buffers: shared hit=637
        ->  Seq Scan on actions a  (cost=0.00..2137.00 rows=656 width=5) (actual rows=692 loops=1)
              Filter: (((action)::text = 'report'::text) AND (action_date = '2019-07-04'::date))
              Rows Removed by Filter: 99308
              Buffers: shared hit=637
Planning Time: 0.091 ms
Execution Time: 18.469 ms",15.039,14.972,17.074,19.585,2172.72,2172.72,10,10,10,10,normal,normal,5.946218500000003,12.240063999999997,equal variances,not significant,0.5,0.20400000000000063,-0.36599999999999966,-14.509999999999764,0,True
595,1113,146,Easy,"select t_cte_10.c_extra0 as report_reason, count(t_cte_10.c_post_id0) as report_count from (select distinct t_actions_0.post_id as c_post_id0, t_actions_0.extra as c_extra0 from schema_1113.actions as t_actions_0 where t_actions_0.action = 'report' and t_actions_0.action_date = '2019-07-04 ') as t_cte_10 group by t_cte_10.c_extra0",9.703,2158.21,10,"HashAggregate  (cost=2156.21..2158.21 rows=200 width=9) (actual rows=10 loops=1)
  Group Key: t_actions_0.extra
  Batches: 1  Memory Usage: 40kB
  Buffers: shared hit=637
  ->  HashAggregate  (cost=2140.28..2146.65 rows=637 width=5) (actual rows=668 loops=1)
        Group Key: t_actions_0.post_id, t_actions_0.extra
        Batches: 1  Memory Usage: 73kB
        Buffers: shared hit=637
        ->  Seq Scan on actions t_actions_0  (cost=0.00..2137.00 rows=656 width=5) (actual rows=692 loops=1)
              Filter: (((action)::text = 'report'::text) AND (action_date = '2019-07-04'::date))
              Rows Removed by Filter: 99308
              Buffers: shared hit=637
Planning Time: 0.091 ms
Execution Time: 9.703 ms",18.127,2158.21,10,"HashAggregate  (cost=2156.21..2158.21 rows=200 width=9) (actual rows=10 loops=1)
  Group Key: t_actions_0.extra
  Batches: 1  Memory Usage: 40kB
  Buffers: shared hit=637
  ->  HashAggregate  (cost=2140.28..2146.65 rows=637 width=5) (actual rows=668 loops=1)
        Group Key: t_actions_0.post_id, t_actions_0.extra
        Batches: 1  Memory Usage: 73kB
        Buffers: shared hit=637
        ->  Seq Scan on actions t_actions_0  (cost=0.00..2137.00 rows=656 width=5) (actual rows=692 loops=1)
              Filter: (((action)::text = 'report'::text) AND (action_date = '2019-07-04'::date))
              Rows Removed by Filter: 99308
              Buffers: shared hit=637
Planning Time: 0.108 ms
Execution Time: 18.127 ms",18.775,2158.21,10,"HashAggregate  (cost=2156.21..2158.21 rows=200 width=9) (actual rows=10 loops=1)
  Group Key: t_actions_0.extra
  Batches: 1  Memory Usage: 40kB
  Buffers: shared hit=637
  ->  HashAggregate  (cost=2140.28..2146.65 rows=637 width=5) (actual rows=668 loops=1)
        Group Key: t_actions_0.post_id, t_actions_0.extra
        Batches: 1  Memory Usage: 73kB
        Buffers: shared hit=637
        ->  Seq Scan on actions t_actions_0  (cost=0.00..2137.00 rows=656 width=5) (actual rows=692 loops=1)
              Filter: (((action)::text = 'report'::text) AND (action_date = '2019-07-04'::date))
              Rows Removed by Filter: 99308
              Buffers: shared hit=637
Planning Time: 0.109 ms
Execution Time: 18.775 ms",21.426,2158.21,10,"HashAggregate  (cost=2156.21..2158.21 rows=200 width=9) (actual rows=10 loops=1)
  Group Key: t_actions_0.extra
  Batches: 1  Memory Usage: 40kB
  Buffers: shared hit=637
  ->  HashAggregate  (cost=2140.28..2146.65 rows=637 width=5) (actual rows=668 loops=1)
        Group Key: t_actions_0.post_id, t_actions_0.extra
        Batches: 1  Memory Usage: 73kB
        Buffers: shared hit=637
        ->  Seq Scan on actions t_actions_0  (cost=0.00..2137.00 rows=656 width=5) (actual rows=692 loops=1)
              Filter: (((action)::text = 'report'::text) AND (action_date = '2019-07-04'::date))
              Rows Removed by Filter: 99308
              Buffers: shared hit=637
Planning Time: 0.115 ms
Execution Time: 21.426 ms",12.812,2158.21,10,"HashAggregate  (cost=2156.21..2158.21 rows=200 width=9) (actual rows=10 loops=1)
  Group Key: t_actions_0.extra
  Batches: 1  Memory Usage: 40kB
  Buffers: shared hit=637
  ->  HashAggregate  (cost=2140.28..2146.65 rows=637 width=5) (actual rows=668 loops=1)
        Group Key: t_actions_0.post_id, t_actions_0.extra
        Batches: 1  Memory Usage: 73kB
        Buffers: shared hit=637
        ->  Seq Scan on actions t_actions_0  (cost=0.00..2137.00 rows=656 width=5) (actual rows=692 loops=1)
              Filter: (((action)::text = 'report'::text) AND (action_date = '2019-07-04'::date))
              Rows Removed by Filter: 99308
              Buffers: shared hit=637
Planning Time: 0.092 ms
Execution Time: 12.812 ms",16.1686,18.127,20.1005,22.4864,2158.21,2158.21,10,10,10,10,1113_146,595,1113,146,Easy,"select extra as report_reason, count(distinct post_id) as report_count from schema_1113.actions where (action = 'report' and action_date = '2019-07-04 ') group by extra",9.864,2172.72,10,"GroupAggregate  (cost=2167.69..2172.72 rows=11 width=9) (actual rows=10 loops=1)
  Group Key: extra
  Buffers: shared hit=637
  ->  Sort  (cost=2167.69..2169.33 rows=656 width=5) (actual rows=692 loops=1)
        Sort Key: extra
        Sort Method: quicksort  Memory: 57kB
        Buffers: shared hit=637
        ->  Seq Scan on actions  (cost=0.00..2137.00 rows=656 width=5) (actual rows=692 loops=1)
              Filter: (((action)::text = 'report'::text) AND (action_date = '2019-07-04'::date))
              Rows Removed by Filter: 99308
              Buffers: shared hit=637
Planning Time: 0.052 ms
Execution Time: 9.864 ms",17.393,2172.72,10,"GroupAggregate  (cost=2167.69..2172.72 rows=11 width=9) (actual rows=10 loops=1)
  Group Key: extra
  Buffers: shared hit=637
  ->  Sort  (cost=2167.69..2169.33 rows=656 width=5) (actual rows=692 loops=1)
        Sort Key: extra
        Sort Method: quicksort  Memory: 57kB
        Buffers: shared hit=637
        ->  Seq Scan on actions  (cost=0.00..2137.00 rows=656 width=5) (actual rows=692 loops=1)
              Filter: (((action)::text = 'report'::text) AND (action_date = '2019-07-04'::date))
              Rows Removed by Filter: 99308
              Buffers: shared hit=637
Planning Time: 0.051 ms
Execution Time: 17.393 ms",17.419,2172.72,10,"GroupAggregate  (cost=2167.69..2172.72 rows=11 width=9) (actual rows=10 loops=1)
  Group Key: extra
  Buffers: shared hit=637
  ->  Sort  (cost=2167.69..2169.33 rows=656 width=5) (actual rows=692 loops=1)
        Sort Key: extra
        Sort Method: quicksort  Memory: 57kB
        Buffers: shared hit=637
        ->  Seq Scan on actions  (cost=0.00..2137.00 rows=656 width=5) (actual rows=692 loops=1)
              Filter: (((action)::text = 'report'::text) AND (action_date = '2019-07-04'::date))
              Rows Removed by Filter: 99308
              Buffers: shared hit=637
Planning Time: 0.077 ms
Execution Time: 17.419 ms",17.98,2172.72,10,"GroupAggregate  (cost=2167.69..2172.72 rows=11 width=9) (actual rows=10 loops=1)
  Group Key: extra
  Buffers: shared hit=637
  ->  Sort  (cost=2167.69..2169.33 rows=656 width=5) (actual rows=692 loops=1)
        Sort Key: extra
        Sort Method: quicksort  Memory: 57kB
        Buffers: shared hit=637
        ->  Seq Scan on actions  (cost=0.00..2137.00 rows=656 width=5) (actual rows=692 loops=1)
              Filter: (((action)::text = 'report'::text) AND (action_date = '2019-07-04'::date))
              Rows Removed by Filter: 99308
              Buffers: shared hit=637
Planning Time: 0.065 ms
Execution Time: 17.980 ms",12.336,2172.72,10,"GroupAggregate  (cost=2167.69..2172.72 rows=11 width=9) (actual rows=10 loops=1)
  Group Key: extra
  Buffers: shared hit=637
  ->  Sort  (cost=2167.69..2169.33 rows=656 width=5) (actual rows=692 loops=1)
        Sort Key: extra
        Sort Method: quicksort  Memory: 57kB
        Buffers: shared hit=637
        ->  Seq Scan on actions  (cost=0.00..2137.00 rows=656 width=5) (actual rows=692 loops=1)
              Filter: (((action)::text = 'report'::text) AND (action_date = '2019-07-04'::date))
              Rows Removed by Filter: 99308
              Buffers: shared hit=637
Planning Time: 0.214 ms
Execution Time: 12.336 ms",14.9984,17.393,17.6995,18.2044,2172.72,2172.72,10,10,10,10,normal,normal,13.483447299999998,22.834913299999997,equal variances,not significant,0.8452380952380952,1.1702000000000012,0.7339999999999982,-14.509999999999764,0,True
596,1113,186,Easy,"select t_cte_23.c_extra0 as report_reason, count(t_cte_23.c_post_id0) as report_count from (select distinct t_actions_0.extra as c_extra0, t_actions_0.action_date as c_action_date0, t_actions_0.action as c_action0, t_actions_0.post_id as c_post_id0 from schema_1113.actions as t_actions_0) as t_cte_23 group by t_cte_23.c_action_date0,t_cte_23.c_action0,t_cte_23.c_extra0 having t_cte_23.c_action_date0 = '2019-07-04' and t_cte_23.c_action0 = 'report'",8.295,2164.67,10,"HashAggregate  (cost=2162.67..2164.67 rows=200 width=19) (actual rows=10 loops=1)
  Group Key: t_actions_0.action_date, t_actions_0.action, t_actions_0.extra
  Batches: 1  Memory Usage: 40kB
  Buffers: shared hit=637
  ->  HashAggregate  (cost=2143.56..2149.93 rows=637 width=15) (actual rows=668 loops=1)
        Group Key: t_actions_0.extra, t_actions_0.action_date, t_actions_0.action, t_actions_0.post_id
        Batches: 1  Memory Usage: 113kB
        Buffers: shared hit=637
        ->  Seq Scan on actions t_actions_0  (cost=0.00..2137.00 rows=656 width=15) (actual rows=692 loops=1)
              Filter: ((action_date = '2019-07-04'::date) AND ((action)::text = 'report'::text))
              Rows Removed by Filter: 99308
              Buffers: shared hit=637
Planning Time: 0.081 ms
Execution Time: 8.295 ms",13.928,2164.67,10,"HashAggregate  (cost=2162.67..2164.67 rows=200 width=19) (actual rows=10 loops=1)
  Group Key: t_actions_0.action_date, t_actions_0.action, t_actions_0.extra
  Batches: 1  Memory Usage: 40kB
  Buffers: shared hit=637
  ->  HashAggregate  (cost=2143.56..2149.93 rows=637 width=15) (actual rows=668 loops=1)
        Group Key: t_actions_0.extra, t_actions_0.action_date, t_actions_0.action, t_actions_0.post_id
        Batches: 1  Memory Usage: 113kB
        Buffers: shared hit=637
        ->  Seq Scan on actions t_actions_0  (cost=0.00..2137.00 rows=656 width=15) (actual rows=692 loops=1)
              Filter: ((action_date = '2019-07-04'::date) AND ((action)::text = 'report'::text))
              Rows Removed by Filter: 99308
              Buffers: shared hit=637
Planning Time: 0.129 ms
Execution Time: 13.928 ms",15.435,2164.67,10,"HashAggregate  (cost=2162.67..2164.67 rows=200 width=19) (actual rows=10 loops=1)
  Group Key: t_actions_0.action_date, t_actions_0.action, t_actions_0.extra
  Batches: 1  Memory Usage: 40kB
  Buffers: shared hit=637
  ->  HashAggregate  (cost=2143.56..2149.93 rows=637 width=15) (actual rows=668 loops=1)
        Group Key: t_actions_0.extra, t_actions_0.action_date, t_actions_0.action, t_actions_0.post_id
        Batches: 1  Memory Usage: 113kB
        Buffers: shared hit=637
        ->  Seq Scan on actions t_actions_0  (cost=0.00..2137.00 rows=656 width=15) (actual rows=692 loops=1)
              Filter: ((action_date = '2019-07-04'::date) AND ((action)::text = 'report'::text))
              Rows Removed by Filter: 99308
              Buffers: shared hit=637
Planning Time: 0.160 ms
Execution Time: 15.435 ms",17.465,2164.67,10,"HashAggregate  (cost=2162.67..2164.67 rows=200 width=19) (actual rows=10 loops=1)
  Group Key: t_actions_0.action_date, t_actions_0.action, t_actions_0.extra
  Batches: 1  Memory Usage: 40kB
  Buffers: shared hit=637
  ->  HashAggregate  (cost=2143.56..2149.93 rows=637 width=15) (actual rows=668 loops=1)
        Group Key: t_actions_0.extra, t_actions_0.action_date, t_actions_0.action, t_actions_0.post_id
        Batches: 1  Memory Usage: 113kB
        Buffers: shared hit=637
        ->  Seq Scan on actions t_actions_0  (cost=0.00..2137.00 rows=656 width=15) (actual rows=692 loops=1)
              Filter: ((action_date = '2019-07-04'::date) AND ((action)::text = 'report'::text))
              Rows Removed by Filter: 99308
              Buffers: shared hit=637
Planning Time: 0.161 ms
Execution Time: 17.465 ms",17.322,2164.67,10,"HashAggregate  (cost=2162.67..2164.67 rows=200 width=19) (actual rows=10 loops=1)
  Group Key: t_actions_0.action_date, t_actions_0.action, t_actions_0.extra
  Batches: 1  Memory Usage: 40kB
  Buffers: shared hit=637
  ->  HashAggregate  (cost=2143.56..2149.93 rows=637 width=15) (actual rows=668 loops=1)
        Group Key: t_actions_0.extra, t_actions_0.action_date, t_actions_0.action, t_actions_0.post_id
        Batches: 1  Memory Usage: 113kB
        Buffers: shared hit=637
        ->  Seq Scan on actions t_actions_0  (cost=0.00..2137.00 rows=656 width=15) (actual rows=692 loops=1)
              Filter: ((action_date = '2019-07-04'::date) AND ((action)::text = 'report'::text))
              Rows Removed by Filter: 99308
              Buffers: shared hit=637
Planning Time: 0.129 ms
Execution Time: 17.322 ms",14.489,15.435,17.3935,17.5222,2164.67,2164.67,10,10,10,10,1113_186,596,1113,186,Easy,"select extra as report_reason, count(distinct post_id) as report_count from schema_1113.actions group by extra, action_date, action having (action_date = '2019-07-04' and action = 'report')",8.874,2180.7,10,"GroupAggregate  (cost=2167.69..2180.70 rows=481 width=19) (actual rows=10 loops=1)
  Group Key: extra, action_date, action
  Buffers: shared hit=637
  ->  Sort  (cost=2167.69..2169.33 rows=656 width=15) (actual rows=692 loops=1)
        Sort Key: extra
        Sort Method: quicksort  Memory: 79kB
        Buffers: shared hit=637
        ->  Seq Scan on actions  (cost=0.00..2137.00 rows=656 width=15) (actual rows=692 loops=1)
              Filter: ((action_date = '2019-07-04'::date) AND ((action)::text = 'report'::text))
              Rows Removed by Filter: 99308
              Buffers: shared hit=637
Planning:
  Buffers: shared hit=3
Planning Time: 0.073 ms
Execution Time: 8.874 ms",14.263,2180.7,10,"GroupAggregate  (cost=2167.69..2180.70 rows=481 width=19) (actual rows=10 loops=1)
  Group Key: extra, action_date, action
  Buffers: shared hit=637
  ->  Sort  (cost=2167.69..2169.33 rows=656 width=15) (actual rows=692 loops=1)
        Sort Key: extra
        Sort Method: quicksort  Memory: 79kB
        Buffers: shared hit=637
        ->  Seq Scan on actions  (cost=0.00..2137.00 rows=656 width=15) (actual rows=692 loops=1)
              Filter: ((action_date = '2019-07-04'::date) AND ((action)::text = 'report'::text))
              Rows Removed by Filter: 99308
              Buffers: shared hit=637
Planning:
  Buffers: shared hit=3
Planning Time: 0.168 ms
Execution Time: 14.263 ms",15.606,2180.7,10,"GroupAggregate  (cost=2167.69..2180.70 rows=481 width=19) (actual rows=10 loops=1)
  Group Key: extra, action_date, action
  Buffers: shared hit=637
  ->  Sort  (cost=2167.69..2169.33 rows=656 width=15) (actual rows=692 loops=1)
        Sort Key: extra
        Sort Method: quicksort  Memory: 79kB
        Buffers: shared hit=637
        ->  Seq Scan on actions  (cost=0.00..2137.00 rows=656 width=15) (actual rows=692 loops=1)
              Filter: ((action_date = '2019-07-04'::date) AND ((action)::text = 'report'::text))
              Rows Removed by Filter: 99308
              Buffers: shared hit=637
Planning:
  Buffers: shared hit=3
Planning Time: 0.117 ms
Execution Time: 15.606 ms",16.355,2180.7,10,"GroupAggregate  (cost=2167.69..2180.70 rows=481 width=19) (actual rows=10 loops=1)
  Group Key: extra, action_date, action
  Buffers: shared hit=637
  ->  Sort  (cost=2167.69..2169.33 rows=656 width=15) (actual rows=692 loops=1)
        Sort Key: extra
        Sort Method: quicksort  Memory: 79kB
        Buffers: shared hit=637
        ->  Seq Scan on actions  (cost=0.00..2137.00 rows=656 width=15) (actual rows=692 loops=1)
              Filter: ((action_date = '2019-07-04'::date) AND ((action)::text = 'report'::text))
              Rows Removed by Filter: 99308
              Buffers: shared hit=637
Planning:
  Buffers: shared hit=3
Planning Time: 0.122 ms
Execution Time: 16.355 ms",18.312,2180.7,10,"GroupAggregate  (cost=2167.69..2180.70 rows=481 width=19) (actual rows=10 loops=1)
  Group Key: extra, action_date, action
  Buffers: shared hit=637
  ->  Sort  (cost=2167.69..2169.33 rows=656 width=15) (actual rows=692 loops=1)
        Sort Key: extra
        Sort Method: quicksort  Memory: 79kB
        Buffers: shared hit=637
        ->  Seq Scan on actions  (cost=0.00..2137.00 rows=656 width=15) (actual rows=692 loops=1)
              Filter: ((action_date = '2019-07-04'::date) AND ((action)::text = 'report'::text))
              Rows Removed by Filter: 99308
              Buffers: shared hit=637
Planning:
  Buffers: shared hit=3
Planning Time: 0.130 ms
Execution Time: 18.312 ms",14.682,15.606,17.3335,19.0948,2180.7,2180.7,10,10,10,10,normal,normal,12.684507500000002,14.1144345,equal variances,not significant,0.42063492063492064,-0.19299999999999962,-0.17099999999999937,-16.029999999999745,0,True
597,1113,191,Easy,"select t_cte_5.c_extra0 as report_reason, count(t_cte_5.c_post_id0) as report_count from (select distinct t_actions_0.extra as c_extra0, t_actions_0.post_id as c_post_id0 from schema_1113.actions as t_actions_0 where t_actions_0.action = 'report' and t_actions_0.action_date = '2019-07-04') as t_cte_5 group by t_cte_5.c_extra0",9.552,2158.21,10,"HashAggregate  (cost=2156.21..2158.21 rows=200 width=9) (actual rows=10 loops=1)
  Group Key: t_actions_0.extra
  Batches: 1  Memory Usage: 40kB
  Buffers: shared hit=637
  ->  HashAggregate  (cost=2140.28..2146.65 rows=637 width=5) (actual rows=668 loops=1)
        Group Key: t_actions_0.extra, t_actions_0.post_id
        Batches: 1  Memory Usage: 73kB
        Buffers: shared hit=637
        ->  Seq Scan on actions t_actions_0  (cost=0.00..2137.00 rows=656 width=5) (actual rows=692 loops=1)
              Filter: (((action)::text = 'report'::text) AND (action_date = '2019-07-04'::date))
              Rows Removed by Filter: 99308
              Buffers: shared hit=637
Planning Time: 0.069 ms
Execution Time: 9.552 ms",12.425,2158.21,10,"HashAggregate  (cost=2156.21..2158.21 rows=200 width=9) (actual rows=10 loops=1)
  Group Key: t_actions_0.extra
  Batches: 1  Memory Usage: 40kB
  Buffers: shared hit=637
  ->  HashAggregate  (cost=2140.28..2146.65 rows=637 width=5) (actual rows=668 loops=1)
        Group Key: t_actions_0.extra, t_actions_0.post_id
        Batches: 1  Memory Usage: 73kB
        Buffers: shared hit=637
        ->  Seq Scan on actions t_actions_0  (cost=0.00..2137.00 rows=656 width=5) (actual rows=692 loops=1)
              Filter: (((action)::text = 'report'::text) AND (action_date = '2019-07-04'::date))
              Rows Removed by Filter: 99308
              Buffers: shared hit=637
Planning Time: 0.116 ms
Execution Time: 12.425 ms",18.159,2158.21,10,"HashAggregate  (cost=2156.21..2158.21 rows=200 width=9) (actual rows=10 loops=1)
  Group Key: t_actions_0.extra
  Batches: 1  Memory Usage: 40kB
  Buffers: shared hit=637
  ->  HashAggregate  (cost=2140.28..2146.65 rows=637 width=5) (actual rows=668 loops=1)
        Group Key: t_actions_0.extra, t_actions_0.post_id
        Batches: 1  Memory Usage: 73kB
        Buffers: shared hit=637
        ->  Seq Scan on actions t_actions_0  (cost=0.00..2137.00 rows=656 width=5) (actual rows=692 loops=1)
              Filter: (((action)::text = 'report'::text) AND (action_date = '2019-07-04'::date))
              Rows Removed by Filter: 99308
              Buffers: shared hit=637
Planning Time: 0.089 ms
Execution Time: 18.159 ms",17.232,2158.21,10,"HashAggregate  (cost=2156.21..2158.21 rows=200 width=9) (actual rows=10 loops=1)
  Group Key: t_actions_0.extra
  Batches: 1  Memory Usage: 40kB
  Buffers: shared hit=637
  ->  HashAggregate  (cost=2140.28..2146.65 rows=637 width=5) (actual rows=668 loops=1)
        Group Key: t_actions_0.extra, t_actions_0.post_id
        Batches: 1  Memory Usage: 73kB
        Buffers: shared hit=637
        ->  Seq Scan on actions t_actions_0  (cost=0.00..2137.00 rows=656 width=5) (actual rows=692 loops=1)
              Filter: (((action)::text = 'report'::text) AND (action_date = '2019-07-04'::date))
              Rows Removed by Filter: 99308
              Buffers: shared hit=637
Planning Time: 0.069 ms
Execution Time: 17.232 ms",19.587,2158.21,10,"HashAggregate  (cost=2156.21..2158.21 rows=200 width=9) (actual rows=10 loops=1)
  Group Key: t_actions_0.extra
  Batches: 1  Memory Usage: 40kB
  Buffers: shared hit=637
  ->  HashAggregate  (cost=2140.28..2146.65 rows=637 width=5) (actual rows=668 loops=1)
        Group Key: t_actions_0.extra, t_actions_0.post_id
        Batches: 1  Memory Usage: 73kB
        Buffers: shared hit=637
        ->  Seq Scan on actions t_actions_0  (cost=0.00..2137.00 rows=656 width=5) (actual rows=692 loops=1)
              Filter: (((action)::text = 'report'::text) AND (action_date = '2019-07-04'::date))
              Rows Removed by Filter: 99308
              Buffers: shared hit=637
Planning Time: 0.101 ms
Execution Time: 19.587 ms",15.391,17.232,18.873,20.1582,2158.21,2158.21,10,10,10,10,1113_191,597,1113,191,Easy,"select extra as report_reason, count(distinct post_id) as report_count from schema_1113.actions where (action = 'report' and action_date = '2019-07-04') group by extra having count(distinct post_id) > 0",10.286,2172.75,10,"GroupAggregate  (cost=2167.69..2172.75 rows=4 width=9) (actual rows=10 loops=1)
  Group Key: extra
  Filter: (count(DISTINCT post_id) > 0)
  Buffers: shared hit=637
  ->  Sort  (cost=2167.69..2169.33 rows=656 width=5) (actual rows=692 loops=1)
        Sort Key: extra
        Sort Method: quicksort  Memory: 57kB
        Buffers: shared hit=637
        ->  Seq Scan on actions  (cost=0.00..2137.00 rows=656 width=5) (actual rows=692 loops=1)
              Filter: (((action)::text = 'report'::text) AND (action_date = '2019-07-04'::date))
              Rows Removed by Filter: 99308
              Buffers: shared hit=637
Planning Time: 0.055 ms
Execution Time: 10.286 ms",13.093,2172.75,10,"GroupAggregate  (cost=2167.69..2172.75 rows=4 width=9) (actual rows=10 loops=1)
  Group Key: extra
  Filter: (count(DISTINCT post_id) > 0)
  Buffers: shared hit=637
  ->  Sort  (cost=2167.69..2169.33 rows=656 width=5) (actual rows=692 loops=1)
        Sort Key: extra
        Sort Method: quicksort  Memory: 57kB
        Buffers: shared hit=637
        ->  Seq Scan on actions  (cost=0.00..2137.00 rows=656 width=5) (actual rows=692 loops=1)
              Filter: (((action)::text = 'report'::text) AND (action_date = '2019-07-04'::date))
              Rows Removed by Filter: 99308
              Buffers: shared hit=637
Planning Time: 0.088 ms
Execution Time: 13.093 ms",19.903,2172.75,10,"GroupAggregate  (cost=2167.69..2172.75 rows=4 width=9) (actual rows=10 loops=1)
  Group Key: extra
  Filter: (count(DISTINCT post_id) > 0)
  Buffers: shared hit=637
  ->  Sort  (cost=2167.69..2169.33 rows=656 width=5) (actual rows=692 loops=1)
        Sort Key: extra
        Sort Method: quicksort  Memory: 57kB
        Buffers: shared hit=637
        ->  Seq Scan on actions  (cost=0.00..2137.00 rows=656 width=5) (actual rows=692 loops=1)
              Filter: (((action)::text = 'report'::text) AND (action_date = '2019-07-04'::date))
              Rows Removed by Filter: 99308
              Buffers: shared hit=637
Planning Time: 0.072 ms
Execution Time: 19.903 ms",21.295,2172.75,10,"GroupAggregate  (cost=2167.69..2172.75 rows=4 width=9) (actual rows=10 loops=1)
  Group Key: extra
  Filter: (count(DISTINCT post_id) > 0)
  Buffers: shared hit=637
  ->  Sort  (cost=2167.69..2169.33 rows=656 width=5) (actual rows=692 loops=1)
        Sort Key: extra
        Sort Method: quicksort  Memory: 57kB
        Buffers: shared hit=637
        ->  Seq Scan on actions  (cost=0.00..2137.00 rows=656 width=5) (actual rows=692 loops=1)
              Filter: (((action)::text = 'report'::text) AND (action_date = '2019-07-04'::date))
              Rows Removed by Filter: 99308
              Buffers: shared hit=637
Planning Time: 0.085 ms
Execution Time: 21.295 ms",15.0,2172.75,10,"GroupAggregate  (cost=2167.69..2172.75 rows=4 width=9) (actual rows=10 loops=1)
  Group Key: extra
  Filter: (count(DISTINCT post_id) > 0)
  Buffers: shared hit=637
  ->  Sort  (cost=2167.69..2169.33 rows=656 width=5) (actual rows=692 loops=1)
        Sort Key: extra
        Sort Method: quicksort  Memory: 57kB
        Buffers: shared hit=637
        ->  Seq Scan on actions  (cost=0.00..2137.00 rows=656 width=5) (actual rows=692 loops=1)
              Filter: (((action)::text = 'report'::text) AND (action_date = '2019-07-04'::date))
              Rows Removed by Filter: 99308
              Buffers: shared hit=637
Planning Time: 0.103 ms
Execution Time: 15.000 ms",15.9154,15.0,20.599,21.8518,2172.75,2172.75,10,10,10,10,normal,normal,21.333773300000004,17.887149499999996,equal variances,not significant,0.34523809523809523,-0.5244,2.2319999999999993,-14.539999999999964,0,True
598,1113,207,Easy,"select t_cte_38.c_extra0 as report_reason, count(t_cte_38.c_post_id0) as report_count from (select distinct t_actions_0.extra as c_extra0, t_actions_0.post_id as c_post_id0 from schema_1113.actions as t_actions_0 where t_actions_0.action_date = '2019-07-04' and t_actions_0.action = 'report') as t_cte_38 group by t_cte_38.c_extra0",9.266,2158.21,10,"HashAggregate  (cost=2156.21..2158.21 rows=200 width=9) (actual rows=10 loops=1)
  Group Key: t_actions_0.extra
  Batches: 1  Memory Usage: 40kB
  Buffers: shared hit=637
  ->  HashAggregate  (cost=2140.28..2146.65 rows=637 width=5) (actual rows=668 loops=1)
        Group Key: t_actions_0.extra, t_actions_0.post_id
        Batches: 1  Memory Usage: 73kB
        Buffers: shared hit=637
        ->  Seq Scan on actions t_actions_0  (cost=0.00..2137.00 rows=656 width=5) (actual rows=692 loops=1)
              Filter: ((action_date = '2019-07-04'::date) AND ((action)::text = 'report'::text))
              Rows Removed by Filter: 99308
              Buffers: shared hit=637
Planning Time: 0.083 ms
Execution Time: 9.266 ms",10.625,2158.21,10,"HashAggregate  (cost=2156.21..2158.21 rows=200 width=9) (actual rows=10 loops=1)
  Group Key: t_actions_0.extra
  Batches: 1  Memory Usage: 40kB
  Buffers: shared hit=637
  ->  HashAggregate  (cost=2140.28..2146.65 rows=637 width=5) (actual rows=668 loops=1)
        Group Key: t_actions_0.extra, t_actions_0.post_id
        Batches: 1  Memory Usage: 73kB
        Buffers: shared hit=637
        ->  Seq Scan on actions t_actions_0  (cost=0.00..2137.00 rows=656 width=5) (actual rows=692 loops=1)
              Filter: ((action_date = '2019-07-04'::date) AND ((action)::text = 'report'::text))
              Rows Removed by Filter: 99308
              Buffers: shared hit=637
Planning Time: 0.107 ms
Execution Time: 10.625 ms",14.742,2158.21,10,"HashAggregate  (cost=2156.21..2158.21 rows=200 width=9) (actual rows=10 loops=1)
  Group Key: t_actions_0.extra
  Batches: 1  Memory Usage: 40kB
  Buffers: shared hit=637
  ->  HashAggregate  (cost=2140.28..2146.65 rows=637 width=5) (actual rows=668 loops=1)
        Group Key: t_actions_0.extra, t_actions_0.post_id
        Batches: 1  Memory Usage: 73kB
        Buffers: shared hit=637
        ->  Seq Scan on actions t_actions_0  (cost=0.00..2137.00 rows=656 width=5) (actual rows=692 loops=1)
              Filter: ((action_date = '2019-07-04'::date) AND ((action)::text = 'report'::text))
              Rows Removed by Filter: 99308
              Buffers: shared hit=637
Planning Time: 0.102 ms
Execution Time: 14.742 ms",11.632,2158.21,10,"HashAggregate  (cost=2156.21..2158.21 rows=200 width=9) (actual rows=10 loops=1)
  Group Key: t_actions_0.extra
  Batches: 1  Memory Usage: 40kB
  Buffers: shared hit=637
  ->  HashAggregate  (cost=2140.28..2146.65 rows=637 width=5) (actual rows=668 loops=1)
        Group Key: t_actions_0.extra, t_actions_0.post_id
        Batches: 1  Memory Usage: 73kB
        Buffers: shared hit=637
        ->  Seq Scan on actions t_actions_0  (cost=0.00..2137.00 rows=656 width=5) (actual rows=692 loops=1)
              Filter: ((action_date = '2019-07-04'::date) AND ((action)::text = 'report'::text))
              Rows Removed by Filter: 99308
              Buffers: shared hit=637
Planning Time: 0.798 ms
Execution Time: 11.632 ms",15.97,2158.21,10,"HashAggregate  (cost=2156.21..2158.21 rows=200 width=9) (actual rows=10 loops=1)
  Group Key: t_actions_0.extra
  Batches: 1  Memory Usage: 40kB
  Buffers: shared hit=637
  ->  HashAggregate  (cost=2140.28..2146.65 rows=637 width=5) (actual rows=668 loops=1)
        Group Key: t_actions_0.extra, t_actions_0.post_id
        Batches: 1  Memory Usage: 73kB
        Buffers: shared hit=637
        ->  Seq Scan on actions t_actions_0  (cost=0.00..2137.00 rows=656 width=5) (actual rows=692 loops=1)
              Filter: ((action_date = '2019-07-04'::date) AND ((action)::text = 'report'::text))
              Rows Removed by Filter: 99308
              Buffers: shared hit=637
Planning Time: 0.089 ms
Execution Time: 15.970 ms",12.447,11.632,15.356,16.4612,2158.21,2158.21,10,10,10,10,1113_207,598,1113,207,Easy,"select extra as report_reason, count(distinct post_id) as report_count from schema_1113.actions where (action_date = '2019-07-04' and action = 'report') group by extra order by extra asc",8.036,2172.72,10,"GroupAggregate  (cost=2167.69..2172.72 rows=11 width=9) (actual rows=10 loops=1)
  Group Key: extra
  Buffers: shared hit=637
  ->  Sort  (cost=2167.69..2169.33 rows=656 width=5) (actual rows=692 loops=1)
        Sort Key: extra
        Sort Method: quicksort  Memory: 57kB
        Buffers: shared hit=637
        ->  Seq Scan on actions  (cost=0.00..2137.00 rows=656 width=5) (actual rows=692 loops=1)
              Filter: ((action_date = '2019-07-04'::date) AND ((action)::text = 'report'::text))
              Rows Removed by Filter: 99308
              Buffers: shared hit=637
Planning Time: 0.055 ms
Execution Time: 8.036 ms",13.709,2172.72,10,"GroupAggregate  (cost=2167.69..2172.72 rows=11 width=9) (actual rows=10 loops=1)
  Group Key: extra
  Buffers: shared hit=637
  ->  Sort  (cost=2167.69..2169.33 rows=656 width=5) (actual rows=692 loops=1)
        Sort Key: extra
        Sort Method: quicksort  Memory: 57kB
        Buffers: shared hit=637
        ->  Seq Scan on actions  (cost=0.00..2137.00 rows=656 width=5) (actual rows=692 loops=1)
              Filter: ((action_date = '2019-07-04'::date) AND ((action)::text = 'report'::text))
              Rows Removed by Filter: 99308
              Buffers: shared hit=637
Planning Time: 0.081 ms
Execution Time: 13.709 ms",15.099,2172.72,10,"GroupAggregate  (cost=2167.69..2172.72 rows=11 width=9) (actual rows=10 loops=1)
  Group Key: extra
  Buffers: shared hit=637
  ->  Sort  (cost=2167.69..2169.33 rows=656 width=5) (actual rows=692 loops=1)
        Sort Key: extra
        Sort Method: quicksort  Memory: 57kB
        Buffers: shared hit=637
        ->  Seq Scan on actions  (cost=0.00..2137.00 rows=656 width=5) (actual rows=692 loops=1)
              Filter: ((action_date = '2019-07-04'::date) AND ((action)::text = 'report'::text))
              Rows Removed by Filter: 99308
              Buffers: shared hit=637
Planning Time: 0.097 ms
Execution Time: 15.099 ms",19.8,2172.72,10,"GroupAggregate  (cost=2167.69..2172.72 rows=11 width=9) (actual rows=10 loops=1)
  Group Key: extra
  Buffers: shared hit=637
  ->  Sort  (cost=2167.69..2169.33 rows=656 width=5) (actual rows=692 loops=1)
        Sort Key: extra
        Sort Method: quicksort  Memory: 57kB
        Buffers: shared hit=637
        ->  Seq Scan on actions  (cost=0.00..2137.00 rows=656 width=5) (actual rows=692 loops=1)
              Filter: ((action_date = '2019-07-04'::date) AND ((action)::text = 'report'::text))
              Rows Removed by Filter: 99308
              Buffers: shared hit=637
Planning Time: 0.101 ms
Execution Time: 19.800 ms",14.519,2172.72,10,"GroupAggregate  (cost=2167.69..2172.72 rows=11 width=9) (actual rows=10 loops=1)
  Group Key: extra
  Buffers: shared hit=637
  ->  Sort  (cost=2167.69..2169.33 rows=656 width=5) (actual rows=692 loops=1)
        Sort Key: extra
        Sort Method: quicksort  Memory: 57kB
        Buffers: shared hit=637
        ->  Seq Scan on actions  (cost=0.00..2137.00 rows=656 width=5) (actual rows=692 loops=1)
              Filter: ((action_date = '2019-07-04'::date) AND ((action)::text = 'report'::text))
              Rows Removed by Filter: 99308
              Buffers: shared hit=637
Planning Time: 0.079 ms
Execution Time: 14.519 ms",14.2326,14.519,17.4495,21.6804,2172.72,2172.72,10,10,10,10,normal,normal,17.625156300000004,7.945306000000002,equal variances,not significant,0.34523809523809523,-1.7856000000000005,-2.8870000000000005,-14.509999999999764,0,True
599,1113,225,Easy,"select t_cte_32.c_extra0 as report_reason, count(t_cte_32.c_post_id0) as report_count from (select distinct t_actions_0.extra as c_extra0, t_actions_0.post_id as c_post_id0 from schema_1113.actions as t_actions_0 where t_actions_0.action = 'report' and t_actions_0.action_date = '2019-07-04') as t_cte_32 group by t_cte_32.c_extra0",12.661,2158.21,10,"HashAggregate  (cost=2156.21..2158.21 rows=200 width=9) (actual rows=10 loops=1)
  Group Key: t_actions_0.extra
  Batches: 1  Memory Usage: 40kB
  Buffers: shared hit=637
  ->  HashAggregate  (cost=2140.28..2146.65 rows=637 width=5) (actual rows=668 loops=1)
        Group Key: t_actions_0.extra, t_actions_0.post_id
        Batches: 1  Memory Usage: 73kB
        Buffers: shared hit=637
        ->  Seq Scan on actions t_actions_0  (cost=0.00..2137.00 rows=656 width=5) (actual rows=692 loops=1)
              Filter: (((action)::text = 'report'::text) AND (action_date = '2019-07-04'::date))
              Rows Removed by Filter: 99308
              Buffers: shared hit=637
Planning Time: 0.098 ms
Execution Time: 12.661 ms",13.962,2158.21,10,"HashAggregate  (cost=2156.21..2158.21 rows=200 width=9) (actual rows=10 loops=1)
  Group Key: t_actions_0.extra
  Batches: 1  Memory Usage: 40kB
  Buffers: shared hit=637
  ->  HashAggregate  (cost=2140.28..2146.65 rows=637 width=5) (actual rows=668 loops=1)
        Group Key: t_actions_0.extra, t_actions_0.post_id
        Batches: 1  Memory Usage: 73kB
        Buffers: shared hit=637
        ->  Seq Scan on actions t_actions_0  (cost=0.00..2137.00 rows=656 width=5) (actual rows=692 loops=1)
              Filter: (((action)::text = 'report'::text) AND (action_date = '2019-07-04'::date))
              Rows Removed by Filter: 99308
              Buffers: shared hit=637
Planning Time: 0.112 ms
Execution Time: 13.962 ms",12.007,2158.21,10,"HashAggregate  (cost=2156.21..2158.21 rows=200 width=9) (actual rows=10 loops=1)
  Group Key: t_actions_0.extra
  Batches: 1  Memory Usage: 40kB
  Buffers: shared hit=637
  ->  HashAggregate  (cost=2140.28..2146.65 rows=637 width=5) (actual rows=668 loops=1)
        Group Key: t_actions_0.extra, t_actions_0.post_id
        Batches: 1  Memory Usage: 73kB
        Buffers: shared hit=637
        ->  Seq Scan on actions t_actions_0  (cost=0.00..2137.00 rows=656 width=5) (actual rows=692 loops=1)
              Filter: (((action)::text = 'report'::text) AND (action_date = '2019-07-04'::date))
              Rows Removed by Filter: 99308
              Buffers: shared hit=637
Planning Time: 0.120 ms
Execution Time: 12.007 ms",17.174,2158.21,10,"HashAggregate  (cost=2156.21..2158.21 rows=200 width=9) (actual rows=10 loops=1)
  Group Key: t_actions_0.extra
  Batches: 1  Memory Usage: 40kB
  Buffers: shared hit=637
  ->  HashAggregate  (cost=2140.28..2146.65 rows=637 width=5) (actual rows=668 loops=1)
        Group Key: t_actions_0.extra, t_actions_0.post_id
        Batches: 1  Memory Usage: 73kB
        Buffers: shared hit=637
        ->  Seq Scan on actions t_actions_0  (cost=0.00..2137.00 rows=656 width=5) (actual rows=692 loops=1)
              Filter: (((action)::text = 'report'::text) AND (action_date = '2019-07-04'::date))
              Rows Removed by Filter: 99308
              Buffers: shared hit=637
Planning Time: 0.100 ms
Execution Time: 17.174 ms",18.089,2158.21,10,"HashAggregate  (cost=2156.21..2158.21 rows=200 width=9) (actual rows=10 loops=1)
  Group Key: t_actions_0.extra
  Batches: 1  Memory Usage: 40kB
  Buffers: shared hit=637
  ->  HashAggregate  (cost=2140.28..2146.65 rows=637 width=5) (actual rows=668 loops=1)
        Group Key: t_actions_0.extra, t_actions_0.post_id
        Batches: 1  Memory Usage: 73kB
        Buffers: shared hit=637
        ->  Seq Scan on actions t_actions_0  (cost=0.00..2137.00 rows=656 width=5) (actual rows=692 loops=1)
              Filter: (((action)::text = 'report'::text) AND (action_date = '2019-07-04'::date))
              Rows Removed by Filter: 99308
              Buffers: shared hit=637
Planning Time: 0.103 ms
Execution Time: 18.089 ms",14.7786,13.962,17.6315,18.455,2158.21,2158.21,10,10,10,10,1113_225,599,1113,225,Easy,"select extra as report_reason, count(distinct post_id) as report_count from schema_1113.actions where (action = 'report' and action_date = '2019-07-04') group by extra order by extra",9.442,2172.72,10,"GroupAggregate  (cost=2167.69..2172.72 rows=11 width=9) (actual rows=10 loops=1)
  Group Key: extra
  Buffers: shared hit=637
  ->  Sort  (cost=2167.69..2169.33 rows=656 width=5) (actual rows=692 loops=1)
        Sort Key: extra
        Sort Method: quicksort  Memory: 57kB
        Buffers: shared hit=637
        ->  Seq Scan on actions  (cost=0.00..2137.00 rows=656 width=5) (actual rows=692 loops=1)
              Filter: (((action)::text = 'report'::text) AND (action_date = '2019-07-04'::date))
              Rows Removed by Filter: 99308
              Buffers: shared hit=637
Planning Time: 0.054 ms
Execution Time: 9.442 ms",15.363,2172.72,10,"GroupAggregate  (cost=2167.69..2172.72 rows=11 width=9) (actual rows=10 loops=1)
  Group Key: extra
  Buffers: shared hit=637
  ->  Sort  (cost=2167.69..2169.33 rows=656 width=5) (actual rows=692 loops=1)
        Sort Key: extra
        Sort Method: quicksort  Memory: 57kB
        Buffers: shared hit=637
        ->  Seq Scan on actions  (cost=0.00..2137.00 rows=656 width=5) (actual rows=692 loops=1)
              Filter: (((action)::text = 'report'::text) AND (action_date = '2019-07-04'::date))
              Rows Removed by Filter: 99308
              Buffers: shared hit=637
Planning Time: 0.085 ms
Execution Time: 15.363 ms",15.48,2172.72,10,"GroupAggregate  (cost=2167.69..2172.72 rows=11 width=9) (actual rows=10 loops=1)
  Group Key: extra
  Buffers: shared hit=637
  ->  Sort  (cost=2167.69..2169.33 rows=656 width=5) (actual rows=692 loops=1)
        Sort Key: extra
        Sort Method: quicksort  Memory: 57kB
        Buffers: shared hit=637
        ->  Seq Scan on actions  (cost=0.00..2137.00 rows=656 width=5) (actual rows=692 loops=1)
              Filter: (((action)::text = 'report'::text) AND (action_date = '2019-07-04'::date))
              Rows Removed by Filter: 99308
              Buffers: shared hit=637
Planning Time: 0.079 ms
Execution Time: 15.480 ms",19.934,2172.72,10,"GroupAggregate  (cost=2167.69..2172.72 rows=11 width=9) (actual rows=10 loops=1)
  Group Key: extra
  Buffers: shared hit=637
  ->  Sort  (cost=2167.69..2169.33 rows=656 width=5) (actual rows=692 loops=1)
        Sort Key: extra
        Sort Method: quicksort  Memory: 57kB
        Buffers: shared hit=637
        ->  Seq Scan on actions  (cost=0.00..2137.00 rows=656 width=5) (actual rows=692 loops=1)
              Filter: (((action)::text = 'report'::text) AND (action_date = '2019-07-04'::date))
              Rows Removed by Filter: 99308
              Buffers: shared hit=637
Planning Time: 0.068 ms
Execution Time: 19.934 ms",18.944,2172.72,10,"GroupAggregate  (cost=2167.69..2172.72 rows=11 width=9) (actual rows=10 loops=1)
  Group Key: extra
  Buffers: shared hit=637
  ->  Sort  (cost=2167.69..2169.33 rows=656 width=5) (actual rows=692 loops=1)
        Sort Key: extra
        Sort Method: quicksort  Memory: 57kB
        Buffers: shared hit=637
        ->  Seq Scan on actions  (cost=0.00..2137.00 rows=656 width=5) (actual rows=692 loops=1)
              Filter: (((action)::text = 'report'::text) AND (action_date = '2019-07-04'::date))
              Rows Removed by Filter: 99308
              Buffers: shared hit=637
Planning Time: 0.077 ms
Execution Time: 18.944 ms",15.8326,15.48,19.439,20.33,2172.72,2172.72,10,10,10,10,normal,normal,16.9217278,7.382380299999999,equal variances,not significant,0.27380952380952384,-1.0539999999999985,-1.5180000000000007,-14.509999999999764,0,True
600,1113,228,Easy,"select t_cte_8.c_extra0 as report_reason, count(t_cte_8.c_post_id0) as report_count from (select distinct t_actions_0.action as c_action0, t_actions_0.post_id as c_post_id0, t_actions_0.extra as c_extra0 from schema_1113.actions as t_actions_0 where t_actions_0.action_date = '2019-07-04' and t_actions_0.action = 'report') as t_cte_8 group by t_cte_8.c_extra0,t_cte_8.c_action0",10.757,2161.44,10,"HashAggregate  (cost=2159.44..2161.44 rows=200 width=15) (actual rows=10 loops=1)
  Group Key: t_actions_0.extra, t_actions_0.action
  Batches: 1  Memory Usage: 40kB
  Buffers: shared hit=637
  ->  HashAggregate  (cost=2141.92..2148.29 rows=637 width=11) (actual rows=668 loops=1)
        Group Key: t_actions_0.action, t_actions_0.post_id, t_actions_0.extra
        Batches: 1  Memory Usage: 73kB
        Buffers: shared hit=637
        ->  Seq Scan on actions t_actions_0  (cost=0.00..2137.00 rows=656 width=11) (actual rows=692 loops=1)
              Filter: ((action_date = '2019-07-04'::date) AND ((action)::text = 'report'::text))
              Rows Removed by Filter: 99308
              Buffers: shared hit=637
Planning Time: 0.101 ms
Execution Time: 10.757 ms",15.76,2161.44,10,"HashAggregate  (cost=2159.44..2161.44 rows=200 width=15) (actual rows=10 loops=1)
  Group Key: t_actions_0.extra, t_actions_0.action
  Batches: 1  Memory Usage: 40kB
  Buffers: shared hit=637
  ->  HashAggregate  (cost=2141.92..2148.29 rows=637 width=11) (actual rows=668 loops=1)
        Group Key: t_actions_0.action, t_actions_0.post_id, t_actions_0.extra
        Batches: 1  Memory Usage: 73kB
        Buffers: shared hit=637
        ->  Seq Scan on actions t_actions_0  (cost=0.00..2137.00 rows=656 width=11) (actual rows=692 loops=1)
              Filter: ((action_date = '2019-07-04'::date) AND ((action)::text = 'report'::text))
              Rows Removed by Filter: 99308
              Buffers: shared hit=637
Planning Time: 0.103 ms
Execution Time: 15.760 ms",16.816,2161.44,10,"HashAggregate  (cost=2159.44..2161.44 rows=200 width=15) (actual rows=10 loops=1)
  Group Key: t_actions_0.extra, t_actions_0.action
  Batches: 1  Memory Usage: 40kB
  Buffers: shared hit=637
  ->  HashAggregate  (cost=2141.92..2148.29 rows=637 width=11) (actual rows=668 loops=1)
        Group Key: t_actions_0.action, t_actions_0.post_id, t_actions_0.extra
        Batches: 1  Memory Usage: 73kB
        Buffers: shared hit=637
        ->  Seq Scan on actions t_actions_0  (cost=0.00..2137.00 rows=656 width=11) (actual rows=692 loops=1)
              Filter: ((action_date = '2019-07-04'::date) AND ((action)::text = 'report'::text))
              Rows Removed by Filter: 99308
              Buffers: shared hit=637
Planning Time: 0.093 ms
Execution Time: 16.816 ms",16.512,2161.44,10,"HashAggregate  (cost=2159.44..2161.44 rows=200 width=15) (actual rows=10 loops=1)
  Group Key: t_actions_0.extra, t_actions_0.action
  Batches: 1  Memory Usage: 40kB
  Buffers: shared hit=637
  ->  HashAggregate  (cost=2141.92..2148.29 rows=637 width=11) (actual rows=668 loops=1)
        Group Key: t_actions_0.action, t_actions_0.post_id, t_actions_0.extra
        Batches: 1  Memory Usage: 73kB
        Buffers: shared hit=637
        ->  Seq Scan on actions t_actions_0  (cost=0.00..2137.00 rows=656 width=11) (actual rows=692 loops=1)
              Filter: ((action_date = '2019-07-04'::date) AND ((action)::text = 'report'::text))
              Rows Removed by Filter: 99308
              Buffers: shared hit=637
Planning Time: 0.100 ms
Execution Time: 16.512 ms",18.587,2161.44,10,"HashAggregate  (cost=2159.44..2161.44 rows=200 width=15) (actual rows=10 loops=1)
  Group Key: t_actions_0.extra, t_actions_0.action
  Batches: 1  Memory Usage: 40kB
  Buffers: shared hit=637
  ->  HashAggregate  (cost=2141.92..2148.29 rows=637 width=11) (actual rows=668 loops=1)
        Group Key: t_actions_0.action, t_actions_0.post_id, t_actions_0.extra
        Batches: 1  Memory Usage: 73kB
        Buffers: shared hit=637
        ->  Seq Scan on actions t_actions_0  (cost=0.00..2137.00 rows=656 width=11) (actual rows=692 loops=1)
              Filter: ((action_date = '2019-07-04'::date) AND ((action)::text = 'report'::text))
              Rows Removed by Filter: 99308
              Buffers: shared hit=637
Planning Time: 0.093 ms
Execution Time: 18.587 ms",15.6864,16.512,17.7015,19.2954,2161.44,2161.44,10,10,10,10,1113_228,600,1113,228,Easy,"select extra as report_reason, count(distinct post_id) as report_count from schema_1113.actions where (action_date = '2019-07-04' and action = 'report') group by action, extra",16.974,2174.91,10,"GroupAggregate  (cost=2167.69..2174.91 rows=66 width=15) (actual rows=10 loops=1)
  Group Key: action, extra
  Buffers: shared hit=637
  ->  Sort  (cost=2167.69..2169.33 rows=656 width=11) (actual rows=692 loops=1)
        Sort Key: extra
        Sort Method: quicksort  Memory: 57kB
        Buffers: shared hit=637
        ->  Seq Scan on actions  (cost=0.00..2137.00 rows=656 width=11) (actual rows=692 loops=1)
              Filter: ((action_date = '2019-07-04'::date) AND ((action)::text = 'report'::text))
              Rows Removed by Filter: 99308
              Buffers: shared hit=637
Planning:
  Buffers: shared hit=3
Planning Time: 0.103 ms
Execution Time: 16.974 ms",11.444,2174.91,10,"GroupAggregate  (cost=2167.69..2174.91 rows=66 width=15) (actual rows=10 loops=1)
  Group Key: action, extra
  Buffers: shared hit=637
  ->  Sort  (cost=2167.69..2169.33 rows=656 width=11) (actual rows=692 loops=1)
        Sort Key: extra
        Sort Method: quicksort  Memory: 57kB
        Buffers: shared hit=637
        ->  Seq Scan on actions  (cost=0.00..2137.00 rows=656 width=11) (actual rows=692 loops=1)
              Filter: ((action_date = '2019-07-04'::date) AND ((action)::text = 'report'::text))
              Rows Removed by Filter: 99308
              Buffers: shared hit=637
Planning:
  Buffers: shared hit=3
Planning Time: 0.184 ms
Execution Time: 11.444 ms",14.678,2174.91,10,"GroupAggregate  (cost=2167.69..2174.91 rows=66 width=15) (actual rows=10 loops=1)
  Group Key: action, extra
  Buffers: shared hit=637
  ->  Sort  (cost=2167.69..2169.33 rows=656 width=11) (actual rows=692 loops=1)
        Sort Key: extra
        Sort Method: quicksort  Memory: 57kB
        Buffers: shared hit=637
        ->  Seq Scan on actions  (cost=0.00..2137.00 rows=656 width=11) (actual rows=692 loops=1)
              Filter: ((action_date = '2019-07-04'::date) AND ((action)::text = 'report'::text))
              Rows Removed by Filter: 99308
              Buffers: shared hit=637
Planning:
  Buffers: shared hit=3
Planning Time: 0.072 ms
Execution Time: 14.678 ms",17.807,2174.91,10,"GroupAggregate  (cost=2167.69..2174.91 rows=66 width=15) (actual rows=10 loops=1)
  Group Key: action, extra
  Buffers: shared hit=637
  ->  Sort  (cost=2167.69..2169.33 rows=656 width=11) (actual rows=692 loops=1)
        Sort Key: extra
        Sort Method: quicksort  Memory: 57kB
        Buffers: shared hit=637
        ->  Seq Scan on actions  (cost=0.00..2137.00 rows=656 width=11) (actual rows=692 loops=1)
              Filter: ((action_date = '2019-07-04'::date) AND ((action)::text = 'report'::text))
              Rows Removed by Filter: 99308
              Buffers: shared hit=637
Planning:
  Buffers: shared hit=3
Planning Time: 0.100 ms
Execution Time: 17.807 ms",10.97,2174.91,10,"GroupAggregate  (cost=2167.69..2174.91 rows=66 width=15) (actual rows=10 loops=1)
  Group Key: action, extra
  Buffers: shared hit=637
  ->  Sort  (cost=2167.69..2169.33 rows=656 width=11) (actual rows=692 loops=1)
        Sort Key: extra
        Sort Method: quicksort  Memory: 57kB
        Buffers: shared hit=637
        ->  Seq Scan on actions  (cost=0.00..2137.00 rows=656 width=11) (actual rows=692 loops=1)
              Filter: ((action_date = '2019-07-04'::date) AND ((action)::text = 'report'::text))
              Rows Removed by Filter: 99308
              Buffers: shared hit=637
Planning:
  Buffers: shared hit=3
Planning Time: 0.103 ms
Execution Time: 10.970 ms",14.3746,14.678,17.3905,18.1402,2174.91,2174.91,10,10,10,10,normal,normal,9.702504799999996,8.6688733,equal variances,not significant,0.6547619047619047,1.3118000000000016,1.8339999999999996,-13.4699999999998,0,True
605,1126,2,Medium,"select t_cte_26.c_business_id0 as business_id from (select distinct t_events_0.occurences as c_occurences0, t_events_0.event_type as c_event_type0, t_events_0.business_id as c_business_id0, avg(t_events_0.occurences) over ( partition by t_events_0.event_type ) as c_0 from schema_1126.events as t_events_0) as t_cte_26 where t_cte_26.c_0 < t_cte_26.c_occurences0 group by t_cte_26.c_business_id0 having 1 < count(t_cte_26.c_event_type0)",265.85,12952.99,4995,"HashAggregate  (cost=12950.49..12952.99 rows=67 width=4) (actual rows=4995 loops=1)
  Group Key: t_cte_26.c_business_id0
  Filter: (1 < count(t_cte_26.c_event_type0))
  Batches: 1  Memory Usage: 737kB
  Rows Removed by Filter: 4
  Buffers: shared hit=629, temp read=819 written=1173
  ->  Subquery Scan on t_cte_26  (cost=12683.82..12933.82 rows=3333 width=12) (actual rows=50101 loops=1)
        Filter: (t_cte_26.c_0 < (t_cte_26.c_occurences0)::numeric)
        Rows Removed by Filter: 49899
        Buffers: shared hit=629, temp read=819 written=1173
        ->  HashAggregate  (cost=12683.82..12783.82 rows=10000 width=48) (actual rows=100000 loops=1)
              Group Key: t_events_0.occurences, t_events_0.event_type, t_events_0.business_id, avg(t_events_0.occurences) OVER (?)
              Batches: 5  Memory Usage: 4153kB  Disk Usage: 3784kB
              Buffers: shared hit=629, temp read=819 written=1173
              ->  WindowAgg  (cost=9933.82..11683.82 rows=100000 width=48) (actual rows=100000 loops=1)
                    Buffers: shared hit=629, temp read=364 written=366
                    ->  Sort  (cost=9933.82..10183.82 rows=100000 width=16) (actual rows=100000 loops=1)
                          Sort Key: t_events_0.event_type
                          Sort Method: external merge  Disk: 2912kB
                          Buffers: shared hit=629, temp read=364 written=366
                          ->  Seq Scan on events t_events_0  (cost=0.00..1629.00 rows=100000 width=16) (actual rows=100000 loops=1)
                                Buffers: shared hit=629
Planning Time: 0.140 ms
Execution Time: 265.850 ms",269.467,12952.99,4995,"HashAggregate  (cost=12950.49..12952.99 rows=67 width=4) (actual rows=4995 loops=1)
  Group Key: t_cte_26.c_business_id0
  Filter: (1 < count(t_cte_26.c_event_type0))
  Batches: 1  Memory Usage: 737kB
  Rows Removed by Filter: 4
  Buffers: shared hit=629, temp read=819 written=1173
  ->  Subquery Scan on t_cte_26  (cost=12683.82..12933.82 rows=3333 width=12) (actual rows=50101 loops=1)
        Filter: (t_cte_26.c_0 < (t_cte_26.c_occurences0)::numeric)
        Rows Removed by Filter: 49899
        Buffers: shared hit=629, temp read=819 written=1173
        ->  HashAggregate  (cost=12683.82..12783.82 rows=10000 width=48) (actual rows=100000 loops=1)
              Group Key: t_events_0.occurences, t_events_0.event_type, t_events_0.business_id, avg(t_events_0.occurences) OVER (?)
              Batches: 5  Memory Usage: 4153kB  Disk Usage: 3784kB
              Buffers: shared hit=629, temp read=819 written=1173
              ->  WindowAgg  (cost=9933.82..11683.82 rows=100000 width=48) (actual rows=100000 loops=1)
                    Buffers: shared hit=629, temp read=364 written=366
                    ->  Sort  (cost=9933.82..10183.82 rows=100000 width=16) (actual rows=100000 loops=1)
                          Sort Key: t_events_0.event_type
                          Sort Method: external merge  Disk: 2912kB
                          Buffers: shared hit=629, temp read=364 written=366
                          ->  Seq Scan on events t_events_0  (cost=0.00..1629.00 rows=100000 width=16) (actual rows=100000 loops=1)
                                Buffers: shared hit=629
Planning Time: 0.151 ms
Execution Time: 269.467 ms",271.918,12952.99,4995,"HashAggregate  (cost=12950.49..12952.99 rows=67 width=4) (actual rows=4995 loops=1)
  Group Key: t_cte_26.c_business_id0
  Filter: (1 < count(t_cte_26.c_event_type0))
  Batches: 1  Memory Usage: 737kB
  Rows Removed by Filter: 4
  Buffers: shared hit=629, temp read=819 written=1173
  ->  Subquery Scan on t_cte_26  (cost=12683.82..12933.82 rows=3333 width=12) (actual rows=50101 loops=1)
        Filter: (t_cte_26.c_0 < (t_cte_26.c_occurences0)::numeric)
        Rows Removed by Filter: 49899
        Buffers: shared hit=629, temp read=819 written=1173
        ->  HashAggregate  (cost=12683.82..12783.82 rows=10000 width=48) (actual rows=100000 loops=1)
              Group Key: t_events_0.occurences, t_events_0.event_type, t_events_0.business_id, avg(t_events_0.occurences) OVER (?)
              Batches: 5  Memory Usage: 4153kB  Disk Usage: 3784kB
              Buffers: shared hit=629, temp read=819 written=1173
              ->  WindowAgg  (cost=9933.82..11683.82 rows=100000 width=48) (actual rows=100000 loops=1)
                    Buffers: shared hit=629, temp read=364 written=366
                    ->  Sort  (cost=9933.82..10183.82 rows=100000 width=16) (actual rows=100000 loops=1)
                          Sort Key: t_events_0.event_type
                          Sort Method: external merge  Disk: 2912kB
                          Buffers: shared hit=629, temp read=364 written=366
                          ->  Seq Scan on events t_events_0  (cost=0.00..1629.00 rows=100000 width=16) (actual rows=100000 loops=1)
                                Buffers: shared hit=629
Planning Time: 0.112 ms
Execution Time: 271.918 ms",274.279,12952.99,4995,"HashAggregate  (cost=12950.49..12952.99 rows=67 width=4) (actual rows=4995 loops=1)
  Group Key: t_cte_26.c_business_id0
  Filter: (1 < count(t_cte_26.c_event_type0))
  Batches: 1  Memory Usage: 737kB
  Rows Removed by Filter: 4
  Buffers: shared hit=629, temp read=819 written=1173
  ->  Subquery Scan on t_cte_26  (cost=12683.82..12933.82 rows=3333 width=12) (actual rows=50101 loops=1)
        Filter: (t_cte_26.c_0 < (t_cte_26.c_occurences0)::numeric)
        Rows Removed by Filter: 49899
        Buffers: shared hit=629, temp read=819 written=1173
        ->  HashAggregate  (cost=12683.82..12783.82 rows=10000 width=48) (actual rows=100000 loops=1)
              Group Key: t_events_0.occurences, t_events_0.event_type, t_events_0.business_id, avg(t_events_0.occurences) OVER (?)
              Batches: 5  Memory Usage: 4153kB  Disk Usage: 3784kB
              Buffers: shared hit=629, temp read=819 written=1173
              ->  WindowAgg  (cost=9933.82..11683.82 rows=100000 width=48) (actual rows=100000 loops=1)
                    Buffers: shared hit=629, temp read=364 written=366
                    ->  Sort  (cost=9933.82..10183.82 rows=100000 width=16) (actual rows=100000 loops=1)
                          Sort Key: t_events_0.event_type
                          Sort Method: external merge  Disk: 2912kB
                          Buffers: shared hit=629, temp read=364 written=366
                          ->  Seq Scan on events t_events_0  (cost=0.00..1629.00 rows=100000 width=16) (actual rows=100000 loops=1)
                                Buffers: shared hit=629
Planning Time: 0.126 ms
Execution Time: 274.279 ms",276.264,12952.99,4995,"HashAggregate  (cost=12950.49..12952.99 rows=67 width=4) (actual rows=4995 loops=1)
  Group Key: t_cte_26.c_business_id0
  Filter: (1 < count(t_cte_26.c_event_type0))
  Batches: 1  Memory Usage: 737kB
  Rows Removed by Filter: 4
  Buffers: shared hit=629, temp read=819 written=1173
  ->  Subquery Scan on t_cte_26  (cost=12683.82..12933.82 rows=3333 width=12) (actual rows=50101 loops=1)
        Filter: (t_cte_26.c_0 < (t_cte_26.c_occurences0)::numeric)
        Rows Removed by Filter: 49899
        Buffers: shared hit=629, temp read=819 written=1173
        ->  HashAggregate  (cost=12683.82..12783.82 rows=10000 width=48) (actual rows=100000 loops=1)
              Group Key: t_events_0.occurences, t_events_0.event_type, t_events_0.business_id, avg(t_events_0.occurences) OVER (?)
              Batches: 5  Memory Usage: 4153kB  Disk Usage: 3784kB
              Buffers: shared hit=629, temp read=819 written=1173
              ->  WindowAgg  (cost=9933.82..11683.82 rows=100000 width=48) (actual rows=100000 loops=1)
                    Buffers: shared hit=629, temp read=364 written=366
                    ->  Sort  (cost=9933.82..10183.82 rows=100000 width=16) (actual rows=100000 loops=1)
                          Sort Key: t_events_0.event_type
                          Sort Method: external merge  Disk: 2912kB
                          Buffers: shared hit=629, temp read=364 written=366
                          ->  Seq Scan on events t_events_0  (cost=0.00..1629.00 rows=100000 width=16) (actual rows=100000 loops=1)
                                Buffers: shared hit=629
Planning Time: 0.133 ms
Execution Time: 276.264 ms",271.5556,271.918,275.2715,277.058,12952.99,12952.99,4995,4995,4995,4995,1126_2,605,1126,2,Medium,"select distinct a.business_id from (select business_id, event_type, occurences, avg(occurences) over (partition by event_type) as mean from schema_1126.events) as a where a.occurences > a.mean group by a.business_id having count(distinct a.event_type) > 1",242.508,16004.48,4995,"Unique  (cost=15687.91..16004.48 rows=1664 width=4) (actual rows=4995 loops=1)
  Buffers: shared hit=629, temp read=364 written=366
  ->  GroupAggregate  (cost=15687.91..16000.32 rows=1664 width=4) (actual rows=4995 loops=1)
        Group Key: a.business_id
        Filter: (count(DISTINCT a.event_type) > 1)
        Rows Removed by Filter: 4
        Buffers: shared hit=629, temp read=364 written=366
        ->  Sort  (cost=15687.91..15771.24 rows=33333 width=12) (actual rows=50101 loops=1)
              Sort Key: a.business_id
              Sort Method: quicksort  Memory: 3714kB
              Buffers: shared hit=629, temp read=364 written=366
              ->  Subquery Scan on a  (cost=9933.82..13183.82 rows=33333 width=12) (actual rows=50101 loops=1)
                    Filter: ((a.occurences)::numeric > a.mean)
                    Rows Removed by Filter: 49899
                    Buffers: shared hit=629, temp read=364 written=366
                    ->  WindowAgg  (cost=9933.82..11683.82 rows=100000 width=48) (actual rows=100000 loops=1)
                          Buffers: shared hit=629, temp read=364 written=366
                          ->  Sort  (cost=9933.82..10183.82 rows=100000 width=16) (actual rows=100000 loops=1)
                                Sort Key: events.event_type
                                Sort Method: external merge  Disk: 2912kB
                                Buffers: shared hit=629, temp read=364 written=366
                                ->  Seq Scan on events  (cost=0.00..1629.00 rows=100000 width=16) (actual rows=100000 loops=1)
                                      Buffers: shared hit=629
Planning Time: 0.083 ms
Execution Time: 242.508 ms",242.596,16004.48,4995,"Unique  (cost=15687.91..16004.48 rows=1664 width=4) (actual rows=4995 loops=1)
  Buffers: shared hit=629, temp read=364 written=366
  ->  GroupAggregate  (cost=15687.91..16000.32 rows=1664 width=4) (actual rows=4995 loops=1)
        Group Key: a.business_id
        Filter: (count(DISTINCT a.event_type) > 1)
        Rows Removed by Filter: 4
        Buffers: shared hit=629, temp read=364 written=366
        ->  Sort  (cost=15687.91..15771.24 rows=33333 width=12) (actual rows=50101 loops=1)
              Sort Key: a.business_id
              Sort Method: quicksort  Memory: 3714kB
              Buffers: shared hit=629, temp read=364 written=366
              ->  Subquery Scan on a  (cost=9933.82..13183.82 rows=33333 width=12) (actual rows=50101 loops=1)
                    Filter: ((a.occurences)::numeric > a.mean)
                    Rows Removed by Filter: 49899
                    Buffers: shared hit=629, temp read=364 written=366
                    ->  WindowAgg  (cost=9933.82..11683.82 rows=100000 width=48) (actual rows=100000 loops=1)
                          Buffers: shared hit=629, temp read=364 written=366
                          ->  Sort  (cost=9933.82..10183.82 rows=100000 width=16) (actual rows=100000 loops=1)
                                Sort Key: events.event_type
                                Sort Method: external merge  Disk: 2912kB
                                Buffers: shared hit=629, temp read=364 written=366
                                ->  Seq Scan on events  (cost=0.00..1629.00 rows=100000 width=16) (actual rows=100000 loops=1)
                                      Buffers: shared hit=629
Planning Time: 0.117 ms
Execution Time: 242.596 ms",244.636,16004.48,4995,"Unique  (cost=15687.91..16004.48 rows=1664 width=4) (actual rows=4995 loops=1)
  Buffers: shared hit=629, temp read=364 written=366
  ->  GroupAggregate  (cost=15687.91..16000.32 rows=1664 width=4) (actual rows=4995 loops=1)
        Group Key: a.business_id
        Filter: (count(DISTINCT a.event_type) > 1)
        Rows Removed by Filter: 4
        Buffers: shared hit=629, temp read=364 written=366
        ->  Sort  (cost=15687.91..15771.24 rows=33333 width=12) (actual rows=50101 loops=1)
              Sort Key: a.business_id
              Sort Method: quicksort  Memory: 3714kB
              Buffers: shared hit=629, temp read=364 written=366
              ->  Subquery Scan on a  (cost=9933.82..13183.82 rows=33333 width=12) (actual rows=50101 loops=1)
                    Filter: ((a.occurences)::numeric > a.mean)
                    Rows Removed by Filter: 49899
                    Buffers: shared hit=629, temp read=364 written=366
                    ->  WindowAgg  (cost=9933.82..11683.82 rows=100000 width=48) (actual rows=100000 loops=1)
                          Buffers: shared hit=629, temp read=364 written=366
                          ->  Sort  (cost=9933.82..10183.82 rows=100000 width=16) (actual rows=100000 loops=1)
                                Sort Key: events.event_type
                                Sort Method: external merge  Disk: 2912kB
                                Buffers: shared hit=629, temp read=364 written=366
                                ->  Seq Scan on events  (cost=0.00..1629.00 rows=100000 width=16) (actual rows=100000 loops=1)
                                      Buffers: shared hit=629
Planning Time: 0.097 ms
Execution Time: 244.636 ms",245.368,16004.48,4995,"Unique  (cost=15687.91..16004.48 rows=1664 width=4) (actual rows=4995 loops=1)
  Buffers: shared hit=629, temp read=364 written=366
  ->  GroupAggregate  (cost=15687.91..16000.32 rows=1664 width=4) (actual rows=4995 loops=1)
        Group Key: a.business_id
        Filter: (count(DISTINCT a.event_type) > 1)
        Rows Removed by Filter: 4
        Buffers: shared hit=629, temp read=364 written=366
        ->  Sort  (cost=15687.91..15771.24 rows=33333 width=12) (actual rows=50101 loops=1)
              Sort Key: a.business_id
              Sort Method: quicksort  Memory: 3714kB
              Buffers: shared hit=629, temp read=364 written=366
              ->  Subquery Scan on a  (cost=9933.82..13183.82 rows=33333 width=12) (actual rows=50101 loops=1)
                    Filter: ((a.occurences)::numeric > a.mean)
                    Rows Removed by Filter: 49899
                    Buffers: shared hit=629, temp read=364 written=366
                    ->  WindowAgg  (cost=9933.82..11683.82 rows=100000 width=48) (actual rows=100000 loops=1)
                          Buffers: shared hit=629, temp read=364 written=366
                          ->  Sort  (cost=9933.82..10183.82 rows=100000 width=16) (actual rows=100000 loops=1)
                                Sort Key: events.event_type
                                Sort Method: external merge  Disk: 2912kB
                                Buffers: shared hit=629, temp read=364 written=366
                                ->  Seq Scan on events  (cost=0.00..1629.00 rows=100000 width=16) (actual rows=100000 loops=1)
                                      Buffers: shared hit=629
Planning Time: 0.110 ms
Execution Time: 245.368 ms",244.202,16004.48,4995,"Unique  (cost=15687.91..16004.48 rows=1664 width=4) (actual rows=4995 loops=1)
  Buffers: shared hit=629, temp read=364 written=366
  ->  GroupAggregate  (cost=15687.91..16000.32 rows=1664 width=4) (actual rows=4995 loops=1)
        Group Key: a.business_id
        Filter: (count(DISTINCT a.event_type) > 1)
        Rows Removed by Filter: 4
        Buffers: shared hit=629, temp read=364 written=366
        ->  Sort  (cost=15687.91..15771.24 rows=33333 width=12) (actual rows=50101 loops=1)
              Sort Key: a.business_id
              Sort Method: quicksort  Memory: 3714kB
              Buffers: shared hit=629, temp read=364 written=366
              ->  Subquery Scan on a  (cost=9933.82..13183.82 rows=33333 width=12) (actual rows=50101 loops=1)
                    Filter: ((a.occurences)::numeric > a.mean)
                    Rows Removed by Filter: 49899
                    Buffers: shared hit=629, temp read=364 written=366
                    ->  WindowAgg  (cost=9933.82..11683.82 rows=100000 width=48) (actual rows=100000 loops=1)
                          Buffers: shared hit=629, temp read=364 written=366
                          ->  Sort  (cost=9933.82..10183.82 rows=100000 width=16) (actual rows=100000 loops=1)
                                Sort Key: events.event_type
                                Sort Method: external merge  Disk: 2912kB
                                Buffers: shared hit=629, temp read=364 written=366
                                ->  Seq Scan on events  (cost=0.00..1629.00 rows=100000 width=16) (actual rows=100000 loops=1)
                                      Buffers: shared hit=629
Planning Time: 0.209 ms
Execution Time: 244.202 ms",243.862,244.202,245.002,245.6608,16004.48,16004.48,4995,4995,4995,4995,normal,normal,1.6046959999999855,16.65834829999997,equal variances,not significant,1.0,27.693600000000032,27.716000000000008,-3051.49,0,True
608,1126,8,Medium,"select e.business_id as business_id from schema_1126.events as e left join (select t_events_0.event_type as c_event_type0, avg(t_events_0.occurences) as c_avg0 from schema_1126.events as t_events_0 group by t_events_0.event_type) as x on e.event_type = x.c_event_type0 where x.c_avg0 < e.occurences group by e.business_id having 1 < count(e.event_type)",73.431,4258.46,4995,"HashAggregate  (cost=4196.03..4258.46 rows=1665 width=4) (actual rows=4995 loops=1)
  Group Key: e.business_id
  Filter: (1 < count(e.event_type))
  Batches: 1  Memory Usage: 721kB
  Rows Removed by Filter: 4
  Buffers: shared hit=1258
  ->  Hash Join  (cost=2132.50..4029.37 rows=33333 width=12) (actual rows=50101 loops=1)
        Hash Cond: ((e.event_type)::text = (t_events_0.event_type)::text)
        Join Filter: ((avg(t_events_0.occurences)) < (e.occurences)::numeric)
        Rows Removed by Join Filter: 49899
        Buffers: shared hit=1258
        ->  Seq Scan on events e  (cost=0.00..1629.00 rows=100000 width=16) (actual rows=100000 loops=1)
              Buffers: shared hit=629
        ->  Hash  (cost=2131.25..2131.25 rows=100 width=40) (actual rows=100 loops=1)
              Buckets: 1024  Batches: 1  Memory Usage: 14kB
              Buffers: shared hit=629
              ->  HashAggregate  (cost=2129.00..2130.25 rows=100 width=40) (actual rows=100 loops=1)
                    Group Key: t_events_0.event_type
                    Batches: 1  Memory Usage: 32kB
                    Buffers: shared hit=629
                    ->  Seq Scan on events t_events_0  (cost=0.00..1629.00 rows=100000 width=12) (actual rows=100000 loops=1)
                          Buffers: shared hit=629
Planning Time: 0.267 ms
Execution Time: 73.431 ms",78.197,4258.46,4995,"HashAggregate  (cost=4196.03..4258.46 rows=1665 width=4) (actual rows=4995 loops=1)
  Group Key: e.business_id
  Filter: (1 < count(e.event_type))
  Batches: 1  Memory Usage: 721kB
  Rows Removed by Filter: 4
  Buffers: shared hit=1258
  ->  Hash Join  (cost=2132.50..4029.37 rows=33333 width=12) (actual rows=50101 loops=1)
        Hash Cond: ((e.event_type)::text = (t_events_0.event_type)::text)
        Join Filter: ((avg(t_events_0.occurences)) < (e.occurences)::numeric)
        Rows Removed by Join Filter: 49899
        Buffers: shared hit=1258
        ->  Seq Scan on events e  (cost=0.00..1629.00 rows=100000 width=16) (actual rows=100000 loops=1)
              Buffers: shared hit=629
        ->  Hash  (cost=2131.25..2131.25 rows=100 width=40) (actual rows=100 loops=1)
              Buckets: 1024  Batches: 1  Memory Usage: 14kB
              Buffers: shared hit=629
              ->  HashAggregate  (cost=2129.00..2130.25 rows=100 width=40) (actual rows=100 loops=1)
                    Group Key: t_events_0.event_type
                    Batches: 1  Memory Usage: 32kB
                    Buffers: shared hit=629
                    ->  Seq Scan on events t_events_0  (cost=0.00..1629.00 rows=100000 width=12) (actual rows=100000 loops=1)
                          Buffers: shared hit=629
Planning Time: 0.382 ms
Execution Time: 78.197 ms",78.734,4258.46,4995,"HashAggregate  (cost=4196.03..4258.46 rows=1665 width=4) (actual rows=4995 loops=1)
  Group Key: e.business_id
  Filter: (1 < count(e.event_type))
  Batches: 1  Memory Usage: 721kB
  Rows Removed by Filter: 4
  Buffers: shared hit=1258
  ->  Hash Join  (cost=2132.50..4029.37 rows=33333 width=12) (actual rows=50101 loops=1)
        Hash Cond: ((e.event_type)::text = (t_events_0.event_type)::text)
        Join Filter: ((avg(t_events_0.occurences)) < (e.occurences)::numeric)
        Rows Removed by Join Filter: 49899
        Buffers: shared hit=1258
        ->  Seq Scan on events e  (cost=0.00..1629.00 rows=100000 width=16) (actual rows=100000 loops=1)
              Buffers: shared hit=629
        ->  Hash  (cost=2131.25..2131.25 rows=100 width=40) (actual rows=100 loops=1)
              Buckets: 1024  Batches: 1  Memory Usage: 14kB
              Buffers: shared hit=629
              ->  HashAggregate  (cost=2129.00..2130.25 rows=100 width=40) (actual rows=100 loops=1)
                    Group Key: t_events_0.event_type
                    Batches: 1  Memory Usage: 32kB
                    Buffers: shared hit=629
                    ->  Seq Scan on events t_events_0  (cost=0.00..1629.00 rows=100000 width=12) (actual rows=100000 loops=1)
                          Buffers: shared hit=629
Planning Time: 0.262 ms
Execution Time: 78.734 ms",84.144,4258.46,4995,"HashAggregate  (cost=4196.03..4258.46 rows=1665 width=4) (actual rows=4995 loops=1)
  Group Key: e.business_id
  Filter: (1 < count(e.event_type))
  Batches: 1  Memory Usage: 721kB
  Rows Removed by Filter: 4
  Buffers: shared hit=1258
  ->  Hash Join  (cost=2132.50..4029.37 rows=33333 width=12) (actual rows=50101 loops=1)
        Hash Cond: ((e.event_type)::text = (t_events_0.event_type)::text)
        Join Filter: ((avg(t_events_0.occurences)) < (e.occurences)::numeric)
        Rows Removed by Join Filter: 49899
        Buffers: shared hit=1258
        ->  Seq Scan on events e  (cost=0.00..1629.00 rows=100000 width=16) (actual rows=100000 loops=1)
              Buffers: shared hit=629
        ->  Hash  (cost=2131.25..2131.25 rows=100 width=40) (actual rows=100 loops=1)
              Buckets: 1024  Batches: 1  Memory Usage: 14kB
              Buffers: shared hit=629
              ->  HashAggregate  (cost=2129.00..2130.25 rows=100 width=40) (actual rows=100 loops=1)
                    Group Key: t_events_0.event_type
                    Batches: 1  Memory Usage: 32kB
                    Buffers: shared hit=629
                    ->  Seq Scan on events t_events_0  (cost=0.00..1629.00 rows=100000 width=12) (actual rows=100000 loops=1)
                          Buffers: shared hit=629
Planning Time: 0.292 ms
Execution Time: 84.144 ms",78.673,4258.46,4995,"HashAggregate  (cost=4196.03..4258.46 rows=1665 width=4) (actual rows=4995 loops=1)
  Group Key: e.business_id
  Filter: (1 < count(e.event_type))
  Batches: 1  Memory Usage: 721kB
  Rows Removed by Filter: 4
  Buffers: shared hit=1258
  ->  Hash Join  (cost=2132.50..4029.37 rows=33333 width=12) (actual rows=50101 loops=1)
        Hash Cond: ((e.event_type)::text = (t_events_0.event_type)::text)
        Join Filter: ((avg(t_events_0.occurences)) < (e.occurences)::numeric)
        Rows Removed by Join Filter: 49899
        Buffers: shared hit=1258
        ->  Seq Scan on events e  (cost=0.00..1629.00 rows=100000 width=16) (actual rows=100000 loops=1)
              Buffers: shared hit=629
        ->  Hash  (cost=2131.25..2131.25 rows=100 width=40) (actual rows=100 loops=1)
              Buckets: 1024  Batches: 1  Memory Usage: 14kB
              Buffers: shared hit=629
              ->  HashAggregate  (cost=2129.00..2130.25 rows=100 width=40) (actual rows=100 loops=1)
                    Group Key: t_events_0.event_type
                    Batches: 1  Memory Usage: 32kB
                    Buffers: shared hit=629
                    ->  Seq Scan on events t_events_0  (cost=0.00..1629.00 rows=100000 width=12) (actual rows=100000 loops=1)
                          Buffers: shared hit=629
Planning Time: 0.316 ms
Execution Time: 78.673 ms",78.6358,78.673,81.439,86.308,4258.46,4258.46,4995,4995,4995,4995,1126_8,608,1126,8,Medium,"select distinct e.business_id from schema_1126.events as e left outer join (select event_type, avg(occurences) as avg_occur from schema_1126.events group by event_type) as x on e.event_type = x.event_type where e.occurences > x.avg_occur group by e.business_id having count(distinct e.event_type) > 1",120.213,6850.04,4995,"Unique  (cost=6533.46..6850.04 rows=1665 width=4) (actual rows=4995 loops=1)
  Buffers: shared hit=1258
  ->  GroupAggregate  (cost=6533.46..6845.88 rows=1665 width=4) (actual rows=4995 loops=1)
        Group Key: e.business_id
        Filter: (count(DISTINCT e.event_type) > 1)
        Rows Removed by Filter: 4
        Buffers: shared hit=1258
        ->  Sort  (cost=6533.46..6616.79 rows=33333 width=12) (actual rows=50101 loops=1)
              Sort Key: e.business_id
              Sort Method: quicksort  Memory: 3714kB
              Buffers: shared hit=1258
              ->  Hash Join  (cost=2132.50..4029.37 rows=33333 width=12) (actual rows=50101 loops=1)
                    Hash Cond: ((e.event_type)::text = (events.event_type)::text)
                    Join Filter: ((e.occurences)::numeric > (avg(events.occurences)))
                    Rows Removed by Join Filter: 49899
                    Buffers: shared hit=1258
                    ->  Seq Scan on events e  (cost=0.00..1629.00 rows=100000 width=16) (actual rows=100000 loops=1)
                          Buffers: shared hit=629
                    ->  Hash  (cost=2131.25..2131.25 rows=100 width=40) (actual rows=100 loops=1)
                          Buckets: 1024  Batches: 1  Memory Usage: 14kB
                          Buffers: shared hit=629
                          ->  HashAggregate  (cost=2129.00..2130.25 rows=100 width=40) (actual rows=100 loops=1)
                                Group Key: events.event_type
                                Batches: 1  Memory Usage: 32kB
                                Buffers: shared hit=629
                                ->  Seq Scan on events  (cost=0.00..1629.00 rows=100000 width=12) (actual rows=100000 loops=1)
                                      Buffers: shared hit=629
Planning Time: 0.220 ms
Execution Time: 120.213 ms",129.317,6850.04,4995,"Unique  (cost=6533.46..6850.04 rows=1665 width=4) (actual rows=4995 loops=1)
  Buffers: shared hit=1258
  ->  GroupAggregate  (cost=6533.46..6845.88 rows=1665 width=4) (actual rows=4995 loops=1)
        Group Key: e.business_id
        Filter: (count(DISTINCT e.event_type) > 1)
        Rows Removed by Filter: 4
        Buffers: shared hit=1258
        ->  Sort  (cost=6533.46..6616.79 rows=33333 width=12) (actual rows=50101 loops=1)
              Sort Key: e.business_id
              Sort Method: quicksort  Memory: 3714kB
              Buffers: shared hit=1258
              ->  Hash Join  (cost=2132.50..4029.37 rows=33333 width=12) (actual rows=50101 loops=1)
                    Hash Cond: ((e.event_type)::text = (events.event_type)::text)
                    Join Filter: ((e.occurences)::numeric > (avg(events.occurences)))
                    Rows Removed by Join Filter: 49899
                    Buffers: shared hit=1258
                    ->  Seq Scan on events e  (cost=0.00..1629.00 rows=100000 width=16) (actual rows=100000 loops=1)
                          Buffers: shared hit=629
                    ->  Hash  (cost=2131.25..2131.25 rows=100 width=40) (actual rows=100 loops=1)
                          Buckets: 1024  Batches: 1  Memory Usage: 14kB
                          Buffers: shared hit=629
                          ->  HashAggregate  (cost=2129.00..2130.25 rows=100 width=40) (actual rows=100 loops=1)
                                Group Key: events.event_type
                                Batches: 1  Memory Usage: 32kB
                                Buffers: shared hit=629
                                ->  Seq Scan on events  (cost=0.00..1629.00 rows=100000 width=12) (actual rows=100000 loops=1)
                                      Buffers: shared hit=629
Planning Time: 0.283 ms
Execution Time: 129.317 ms",128.689,6850.04,4995,"Unique  (cost=6533.46..6850.04 rows=1665 width=4) (actual rows=4995 loops=1)
  Buffers: shared hit=1258
  ->  GroupAggregate  (cost=6533.46..6845.88 rows=1665 width=4) (actual rows=4995 loops=1)
        Group Key: e.business_id
        Filter: (count(DISTINCT e.event_type) > 1)
        Rows Removed by Filter: 4
        Buffers: shared hit=1258
        ->  Sort  (cost=6533.46..6616.79 rows=33333 width=12) (actual rows=50101 loops=1)
              Sort Key: e.business_id
              Sort Method: quicksort  Memory: 3714kB
              Buffers: shared hit=1258
              ->  Hash Join  (cost=2132.50..4029.37 rows=33333 width=12) (actual rows=50101 loops=1)
                    Hash Cond: ((e.event_type)::text = (events.event_type)::text)
                    Join Filter: ((e.occurences)::numeric > (avg(events.occurences)))
                    Rows Removed by Join Filter: 49899
                    Buffers: shared hit=1258
                    ->  Seq Scan on events e  (cost=0.00..1629.00 rows=100000 width=16) (actual rows=100000 loops=1)
                          Buffers: shared hit=629
                    ->  Hash  (cost=2131.25..2131.25 rows=100 width=40) (actual rows=100 loops=1)
                          Buckets: 1024  Batches: 1  Memory Usage: 14kB
                          Buffers: shared hit=629
                          ->  HashAggregate  (cost=2129.00..2130.25 rows=100 width=40) (actual rows=100 loops=1)
                                Group Key: events.event_type
                                Batches: 1  Memory Usage: 32kB
                                Buffers: shared hit=629
                                ->  Seq Scan on events  (cost=0.00..1629.00 rows=100000 width=12) (actual rows=100000 loops=1)
                                      Buffers: shared hit=629
Planning Time: 0.438 ms
Execution Time: 128.689 ms",128.096,6850.04,4995,"Unique  (cost=6533.46..6850.04 rows=1665 width=4) (actual rows=4995 loops=1)
  Buffers: shared hit=1258
  ->  GroupAggregate  (cost=6533.46..6845.88 rows=1665 width=4) (actual rows=4995 loops=1)
        Group Key: e.business_id
        Filter: (count(DISTINCT e.event_type) > 1)
        Rows Removed by Filter: 4
        Buffers: shared hit=1258
        ->  Sort  (cost=6533.46..6616.79 rows=33333 width=12) (actual rows=50101 loops=1)
              Sort Key: e.business_id
              Sort Method: quicksort  Memory: 3714kB
              Buffers: shared hit=1258
              ->  Hash Join  (cost=2132.50..4029.37 rows=33333 width=12) (actual rows=50101 loops=1)
                    Hash Cond: ((e.event_type)::text = (events.event_type)::text)
                    Join Filter: ((e.occurences)::numeric > (avg(events.occurences)))
                    Rows Removed by Join Filter: 49899
                    Buffers: shared hit=1258
                    ->  Seq Scan on events e  (cost=0.00..1629.00 rows=100000 width=16) (actual rows=100000 loops=1)
                          Buffers: shared hit=629
                    ->  Hash  (cost=2131.25..2131.25 rows=100 width=40) (actual rows=100 loops=1)
                          Buckets: 1024  Batches: 1  Memory Usage: 14kB
                          Buffers: shared hit=629
                          ->  HashAggregate  (cost=2129.00..2130.25 rows=100 width=40) (actual rows=100 loops=1)
                                Group Key: events.event_type
                                Batches: 1  Memory Usage: 32kB
                                Buffers: shared hit=629
                                ->  Seq Scan on events  (cost=0.00..1629.00 rows=100000 width=12) (actual rows=100000 loops=1)
                                      Buffers: shared hit=629
Planning Time: 0.258 ms
Execution Time: 128.096 ms",129.8,6850.04,4995,"Unique  (cost=6533.46..6850.04 rows=1665 width=4) (actual rows=4995 loops=1)
  Buffers: shared hit=1258
  ->  GroupAggregate  (cost=6533.46..6845.88 rows=1665 width=4) (actual rows=4995 loops=1)
        Group Key: e.business_id
        Filter: (count(DISTINCT e.event_type) > 1)
        Rows Removed by Filter: 4
        Buffers: shared hit=1258
        ->  Sort  (cost=6533.46..6616.79 rows=33333 width=12) (actual rows=50101 loops=1)
              Sort Key: e.business_id
              Sort Method: quicksort  Memory: 3714kB
              Buffers: shared hit=1258
              ->  Hash Join  (cost=2132.50..4029.37 rows=33333 width=12) (actual rows=50101 loops=1)
                    Hash Cond: ((e.event_type)::text = (events.event_type)::text)
                    Join Filter: ((e.occurences)::numeric > (avg(events.occurences)))
                    Rows Removed by Join Filter: 49899
                    Buffers: shared hit=1258
                    ->  Seq Scan on events e  (cost=0.00..1629.00 rows=100000 width=16) (actual rows=100000 loops=1)
                          Buffers: shared hit=629
                    ->  Hash  (cost=2131.25..2131.25 rows=100 width=40) (actual rows=100 loops=1)
                          Buckets: 1024  Batches: 1  Memory Usage: 14kB
                          Buffers: shared hit=629
                          ->  HashAggregate  (cost=2129.00..2130.25 rows=100 width=40) (actual rows=100 loops=1)
                                Group Key: events.event_type
                                Batches: 1  Memory Usage: 32kB
                                Buffers: shared hit=629
                                ->  Seq Scan on events  (cost=0.00..1629.00 rows=100000 width=12) (actual rows=100000 loops=1)
                                      Buffers: shared hit=629
Planning Time: 0.285 ms
Execution Time: 129.800 ms",127.223,128.689,129.5585,129.9932,6850.04,6850.04,4995,4995,4995,4995,not normal,normal,15.769287500000042,14.408445700000023,equal variances,significant,0.003968253968253968,-48.587199999999996,-50.01599999999999,-2591.58,0,True
610,1126,10,Medium,"select e1.business_id as business_id from (select t_events_0.event_type as c_event_type0, avg(t_events_0.occurences) as c_avg0 from schema_1126.events as t_events_0 group by t_events_0.event_type) as e2 left join schema_1126.events as e1 on e2.c_avg0 < e1.occurences where e1.event_type = e2.c_event_type0 group by e1.business_id having 1 < count(e1.event_type)",71.783,4258.46,4995,"HashAggregate  (cost=4196.03..4258.46 rows=1665 width=4) (actual rows=4995 loops=1)
  Group Key: e1.business_id
  Filter: (1 < count(e1.event_type))
  Batches: 1  Memory Usage: 721kB
  Rows Removed by Filter: 4
  Buffers: shared hit=1258
  ->  Hash Join  (cost=2132.50..4029.37 rows=33333 width=12) (actual rows=50101 loops=1)
        Hash Cond: ((e1.event_type)::text = (e2.c_event_type0)::text)
        Join Filter: (e2.c_avg0 < (e1.occurences)::numeric)
        Rows Removed by Join Filter: 49899
        Buffers: shared hit=1258
        ->  Seq Scan on events e1  (cost=0.00..1629.00 rows=100000 width=16) (actual rows=100000 loops=1)
              Buffers: shared hit=629
        ->  Hash  (cost=2131.25..2131.25 rows=100 width=40) (actual rows=100 loops=1)
              Buckets: 1024  Batches: 1  Memory Usage: 14kB
              Buffers: shared hit=629
              ->  Subquery Scan on e2  (cost=2129.00..2131.25 rows=100 width=40) (actual rows=100 loops=1)
                    Buffers: shared hit=629
                    ->  HashAggregate  (cost=2129.00..2130.25 rows=100 width=40) (actual rows=100 loops=1)
                          Group Key: t_events_0.event_type
                          Batches: 1  Memory Usage: 32kB
                          Buffers: shared hit=629
                          ->  Seq Scan on events t_events_0  (cost=0.00..1629.00 rows=100000 width=12) (actual rows=100000 loops=1)
                                Buffers: shared hit=629
Planning Time: 0.150 ms
Execution Time: 71.783 ms",79.291,4258.46,4995,"HashAggregate  (cost=4196.03..4258.46 rows=1665 width=4) (actual rows=4995 loops=1)
  Group Key: e1.business_id
  Filter: (1 < count(e1.event_type))
  Batches: 1  Memory Usage: 721kB
  Rows Removed by Filter: 4
  Buffers: shared hit=1258
  ->  Hash Join  (cost=2132.50..4029.37 rows=33333 width=12) (actual rows=50101 loops=1)
        Hash Cond: ((e1.event_type)::text = (e2.c_event_type0)::text)
        Join Filter: (e2.c_avg0 < (e1.occurences)::numeric)
        Rows Removed by Join Filter: 49899
        Buffers: shared hit=1258
        ->  Seq Scan on events e1  (cost=0.00..1629.00 rows=100000 width=16) (actual rows=100000 loops=1)
              Buffers: shared hit=629
        ->  Hash  (cost=2131.25..2131.25 rows=100 width=40) (actual rows=100 loops=1)
              Buckets: 1024  Batches: 1  Memory Usage: 14kB
              Buffers: shared hit=629
              ->  Subquery Scan on e2  (cost=2129.00..2131.25 rows=100 width=40) (actual rows=100 loops=1)
                    Buffers: shared hit=629
                    ->  HashAggregate  (cost=2129.00..2130.25 rows=100 width=40) (actual rows=100 loops=1)
                          Group Key: t_events_0.event_type
                          Batches: 1  Memory Usage: 32kB
                          Buffers: shared hit=629
                          ->  Seq Scan on events t_events_0  (cost=0.00..1629.00 rows=100000 width=12) (actual rows=100000 loops=1)
                                Buffers: shared hit=629
Planning Time: 0.174 ms
Execution Time: 79.291 ms",77.408,4258.46,4995,"HashAggregate  (cost=4196.03..4258.46 rows=1665 width=4) (actual rows=4995 loops=1)
  Group Key: e1.business_id
  Filter: (1 < count(e1.event_type))
  Batches: 1  Memory Usage: 721kB
  Rows Removed by Filter: 4
  Buffers: shared hit=1258
  ->  Hash Join  (cost=2132.50..4029.37 rows=33333 width=12) (actual rows=50101 loops=1)
        Hash Cond: ((e1.event_type)::text = (e2.c_event_type0)::text)
        Join Filter: (e2.c_avg0 < (e1.occurences)::numeric)
        Rows Removed by Join Filter: 49899
        Buffers: shared hit=1258
        ->  Seq Scan on events e1  (cost=0.00..1629.00 rows=100000 width=16) (actual rows=100000 loops=1)
              Buffers: shared hit=629
        ->  Hash  (cost=2131.25..2131.25 rows=100 width=40) (actual rows=100 loops=1)
              Buckets: 1024  Batches: 1  Memory Usage: 14kB
              Buffers: shared hit=629
              ->  Subquery Scan on e2  (cost=2129.00..2131.25 rows=100 width=40) (actual rows=100 loops=1)
                    Buffers: shared hit=629
                    ->  HashAggregate  (cost=2129.00..2130.25 rows=100 width=40) (actual rows=100 loops=1)
                          Group Key: t_events_0.event_type
                          Batches: 1  Memory Usage: 32kB
                          Buffers: shared hit=629
                          ->  Seq Scan on events t_events_0  (cost=0.00..1629.00 rows=100000 width=12) (actual rows=100000 loops=1)
                                Buffers: shared hit=629
Planning Time: 0.222 ms
Execution Time: 77.408 ms",77.114,4258.46,4995,"HashAggregate  (cost=4196.03..4258.46 rows=1665 width=4) (actual rows=4995 loops=1)
  Group Key: e1.business_id
  Filter: (1 < count(e1.event_type))
  Batches: 1  Memory Usage: 721kB
  Rows Removed by Filter: 4
  Buffers: shared hit=1258
  ->  Hash Join  (cost=2132.50..4029.37 rows=33333 width=12) (actual rows=50101 loops=1)
        Hash Cond: ((e1.event_type)::text = (e2.c_event_type0)::text)
        Join Filter: (e2.c_avg0 < (e1.occurences)::numeric)
        Rows Removed by Join Filter: 49899
        Buffers: shared hit=1258
        ->  Seq Scan on events e1  (cost=0.00..1629.00 rows=100000 width=16) (actual rows=100000 loops=1)
              Buffers: shared hit=629
        ->  Hash  (cost=2131.25..2131.25 rows=100 width=40) (actual rows=100 loops=1)
              Buckets: 1024  Batches: 1  Memory Usage: 14kB
              Buffers: shared hit=629
              ->  Subquery Scan on e2  (cost=2129.00..2131.25 rows=100 width=40) (actual rows=100 loops=1)
                    Buffers: shared hit=629
                    ->  HashAggregate  (cost=2129.00..2130.25 rows=100 width=40) (actual rows=100 loops=1)
                          Group Key: t_events_0.event_type
                          Batches: 1  Memory Usage: 32kB
                          Buffers: shared hit=629
                          ->  Seq Scan on events t_events_0  (cost=0.00..1629.00 rows=100000 width=12) (actual rows=100000 loops=1)
                                Buffers: shared hit=629
Planning Time: 0.240 ms
Execution Time: 77.114 ms",77.766,4258.46,4995,"HashAggregate  (cost=4196.03..4258.46 rows=1665 width=4) (actual rows=4995 loops=1)
  Group Key: e1.business_id
  Filter: (1 < count(e1.event_type))
  Batches: 1  Memory Usage: 721kB
  Rows Removed by Filter: 4
  Buffers: shared hit=1258
  ->  Hash Join  (cost=2132.50..4029.37 rows=33333 width=12) (actual rows=50101 loops=1)
        Hash Cond: ((e1.event_type)::text = (e2.c_event_type0)::text)
        Join Filter: (e2.c_avg0 < (e1.occurences)::numeric)
        Rows Removed by Join Filter: 49899
        Buffers: shared hit=1258
        ->  Seq Scan on events e1  (cost=0.00..1629.00 rows=100000 width=16) (actual rows=100000 loops=1)
              Buffers: shared hit=629
        ->  Hash  (cost=2131.25..2131.25 rows=100 width=40) (actual rows=100 loops=1)
              Buckets: 1024  Batches: 1  Memory Usage: 14kB
              Buffers: shared hit=629
              ->  Subquery Scan on e2  (cost=2129.00..2131.25 rows=100 width=40) (actual rows=100 loops=1)
                    Buffers: shared hit=629
                    ->  HashAggregate  (cost=2129.00..2130.25 rows=100 width=40) (actual rows=100 loops=1)
                          Group Key: t_events_0.event_type
                          Batches: 1  Memory Usage: 32kB
                          Buffers: shared hit=629
                          ->  Seq Scan on events t_events_0  (cost=0.00..1629.00 rows=100000 width=12) (actual rows=100000 loops=1)
                                Buffers: shared hit=629
Planning Time: 0.204 ms
Execution Time: 77.766 ms",76.6724,77.408,78.5285,79.901,4258.46,4258.46,4995,4995,4995,4995,1126_10,610,1126,10,Medium,"select e1.business_id from schema_1126.events as e1 left outer join (select event_type, avg(occurences) as avgoc from schema_1126.events group by event_type) as e2 on e1.event_type = e2.event_type where e1.occurences > e2.avgoc group by e1.business_id having count(distinct e1.event_type) > 1",120.285,6845.88,4995,"GroupAggregate  (cost=6533.46..6845.88 rows=1665 width=4) (actual rows=4995 loops=1)
  Group Key: e1.business_id
  Filter: (count(DISTINCT e1.event_type) > 1)
  Rows Removed by Filter: 4
  Buffers: shared hit=1258
  ->  Sort  (cost=6533.46..6616.79 rows=33333 width=12) (actual rows=50101 loops=1)
        Sort Key: e1.business_id
        Sort Method: quicksort  Memory: 3714kB
        Buffers: shared hit=1258
        ->  Hash Join  (cost=2132.50..4029.37 rows=33333 width=12) (actual rows=50101 loops=1)
              Hash Cond: ((e1.event_type)::text = (events.event_type)::text)
              Join Filter: ((e1.occurences)::numeric > (avg(events.occurences)))
              Rows Removed by Join Filter: 49899
              Buffers: shared hit=1258
              ->  Seq Scan on events e1  (cost=0.00..1629.00 rows=100000 width=16) (actual rows=100000 loops=1)
                    Buffers: shared hit=629
              ->  Hash  (cost=2131.25..2131.25 rows=100 width=40) (actual rows=100 loops=1)
                    Buckets: 1024  Batches: 1  Memory Usage: 14kB
                    Buffers: shared hit=629
                    ->  HashAggregate  (cost=2129.00..2130.25 rows=100 width=40) (actual rows=100 loops=1)
                          Group Key: events.event_type
                          Batches: 1  Memory Usage: 32kB
                          Buffers: shared hit=629
                          ->  Seq Scan on events  (cost=0.00..1629.00 rows=100000 width=12) (actual rows=100000 loops=1)
                                Buffers: shared hit=629
Planning Time: 0.267 ms
Execution Time: 120.285 ms",128.137,6845.88,4995,"GroupAggregate  (cost=6533.46..6845.88 rows=1665 width=4) (actual rows=4995 loops=1)
  Group Key: e1.business_id
  Filter: (count(DISTINCT e1.event_type) > 1)
  Rows Removed by Filter: 4
  Buffers: shared hit=1258
  ->  Sort  (cost=6533.46..6616.79 rows=33333 width=12) (actual rows=50101 loops=1)
        Sort Key: e1.business_id
        Sort Method: quicksort  Memory: 3714kB
        Buffers: shared hit=1258
        ->  Hash Join  (cost=2132.50..4029.37 rows=33333 width=12) (actual rows=50101 loops=1)
              Hash Cond: ((e1.event_type)::text = (events.event_type)::text)
              Join Filter: ((e1.occurences)::numeric > (avg(events.occurences)))
              Rows Removed by Join Filter: 49899
              Buffers: shared hit=1258
              ->  Seq Scan on events e1  (cost=0.00..1629.00 rows=100000 width=16) (actual rows=100000 loops=1)
                    Buffers: shared hit=629
              ->  Hash  (cost=2131.25..2131.25 rows=100 width=40) (actual rows=100 loops=1)
                    Buckets: 1024  Batches: 1  Memory Usage: 14kB
                    Buffers: shared hit=629
                    ->  HashAggregate  (cost=2129.00..2130.25 rows=100 width=40) (actual rows=100 loops=1)
                          Group Key: events.event_type
                          Batches: 1  Memory Usage: 32kB
                          Buffers: shared hit=629
                          ->  Seq Scan on events  (cost=0.00..1629.00 rows=100000 width=12) (actual rows=100000 loops=1)
                                Buffers: shared hit=629
Planning Time: 0.264 ms
Execution Time: 128.137 ms",124.487,6845.88,4995,"GroupAggregate  (cost=6533.46..6845.88 rows=1665 width=4) (actual rows=4995 loops=1)
  Group Key: e1.business_id
  Filter: (count(DISTINCT e1.event_type) > 1)
  Rows Removed by Filter: 4
  Buffers: shared hit=1258
  ->  Sort  (cost=6533.46..6616.79 rows=33333 width=12) (actual rows=50101 loops=1)
        Sort Key: e1.business_id
        Sort Method: quicksort  Memory: 3714kB
        Buffers: shared hit=1258
        ->  Hash Join  (cost=2132.50..4029.37 rows=33333 width=12) (actual rows=50101 loops=1)
              Hash Cond: ((e1.event_type)::text = (events.event_type)::text)
              Join Filter: ((e1.occurences)::numeric > (avg(events.occurences)))
              Rows Removed by Join Filter: 49899
              Buffers: shared hit=1258
              ->  Seq Scan on events e1  (cost=0.00..1629.00 rows=100000 width=16) (actual rows=100000 loops=1)
                    Buffers: shared hit=629
              ->  Hash  (cost=2131.25..2131.25 rows=100 width=40) (actual rows=100 loops=1)
                    Buckets: 1024  Batches: 1  Memory Usage: 14kB
                    Buffers: shared hit=629
                    ->  HashAggregate  (cost=2129.00..2130.25 rows=100 width=40) (actual rows=100 loops=1)
                          Group Key: events.event_type
                          Batches: 1  Memory Usage: 32kB
                          Buffers: shared hit=629
                          ->  Seq Scan on events  (cost=0.00..1629.00 rows=100000 width=12) (actual rows=100000 loops=1)
                                Buffers: shared hit=629
Planning Time: 0.284 ms
Execution Time: 124.487 ms",126.077,6845.88,4995,"GroupAggregate  (cost=6533.46..6845.88 rows=1665 width=4) (actual rows=4995 loops=1)
  Group Key: e1.business_id
  Filter: (count(DISTINCT e1.event_type) > 1)
  Rows Removed by Filter: 4
  Buffers: shared hit=1258
  ->  Sort  (cost=6533.46..6616.79 rows=33333 width=12) (actual rows=50101 loops=1)
        Sort Key: e1.business_id
        Sort Method: quicksort  Memory: 3714kB
        Buffers: shared hit=1258
        ->  Hash Join  (cost=2132.50..4029.37 rows=33333 width=12) (actual rows=50101 loops=1)
              Hash Cond: ((e1.event_type)::text = (events.event_type)::text)
              Join Filter: ((e1.occurences)::numeric > (avg(events.occurences)))
              Rows Removed by Join Filter: 49899
              Buffers: shared hit=1258
              ->  Seq Scan on events e1  (cost=0.00..1629.00 rows=100000 width=16) (actual rows=100000 loops=1)
                    Buffers: shared hit=629
              ->  Hash  (cost=2131.25..2131.25 rows=100 width=40) (actual rows=100 loops=1)
                    Buckets: 1024  Batches: 1  Memory Usage: 14kB
                    Buffers: shared hit=629
                    ->  HashAggregate  (cost=2129.00..2130.25 rows=100 width=40) (actual rows=100 loops=1)
                          Group Key: events.event_type
                          Batches: 1  Memory Usage: 32kB
                          Buffers: shared hit=629
                          ->  Seq Scan on events  (cost=0.00..1629.00 rows=100000 width=12) (actual rows=100000 loops=1)
                                Buffers: shared hit=629
Planning Time: 0.285 ms
Execution Time: 126.077 ms",124.876,6845.88,4995,"GroupAggregate  (cost=6533.46..6845.88 rows=1665 width=4) (actual rows=4995 loops=1)
  Group Key: e1.business_id
  Filter: (count(DISTINCT e1.event_type) > 1)
  Rows Removed by Filter: 4
  Buffers: shared hit=1258
  ->  Sort  (cost=6533.46..6616.79 rows=33333 width=12) (actual rows=50101 loops=1)
        Sort Key: e1.business_id
        Sort Method: quicksort  Memory: 3714kB
        Buffers: shared hit=1258
        ->  Hash Join  (cost=2132.50..4029.37 rows=33333 width=12) (actual rows=50101 loops=1)
              Hash Cond: ((e1.event_type)::text = (events.event_type)::text)
              Join Filter: ((e1.occurences)::numeric > (avg(events.occurences)))
              Rows Removed by Join Filter: 49899
              Buffers: shared hit=1258
              ->  Seq Scan on events e1  (cost=0.00..1629.00 rows=100000 width=16) (actual rows=100000 loops=1)
                    Buffers: shared hit=629
              ->  Hash  (cost=2131.25..2131.25 rows=100 width=40) (actual rows=100 loops=1)
                    Buckets: 1024  Batches: 1  Memory Usage: 14kB
                    Buffers: shared hit=629
                    ->  HashAggregate  (cost=2129.00..2130.25 rows=100 width=40) (actual rows=100 loops=1)
                          Group Key: events.event_type
                          Batches: 1  Memory Usage: 32kB
                          Buffers: shared hit=629
                          ->  Seq Scan on events  (cost=0.00..1629.00 rows=100000 width=12) (actual rows=100000 loops=1)
                                Buffers: shared hit=629
Planning Time: 0.325 ms
Execution Time: 124.876 ms",124.7724,124.876,127.107,128.961,6845.88,6845.88,4995,4995,4995,4995,normal,normal,8.312864800000009,8.173844299999997,equal variances,significant,0.003968253968253968,-48.10000000000001,-47.468,-2587.42,0,True
612,1126,13,Medium,"select t_cte_19.c_business_id0 as business_id from (select distinct t_events_0.occurences as c_occurences0, avg(t_events_0.occurences) over ( partition by t_events_0.event_type ) as c_0, t_events_0.business_id as c_business_id0, t_events_0.event_type as c_event_type0 from schema_1126.events as t_events_0) as t_cte_19 where t_cte_19.c_0 < t_cte_19.c_occurences0 group by t_cte_19.c_business_id0 having 1 < count(t_cte_19.c_event_type0)",263.871,12952.99,4995,"HashAggregate  (cost=12950.49..12952.99 rows=67 width=4) (actual rows=4995 loops=1)
  Group Key: t_cte_19.c_business_id0
  Filter: (1 < count(t_cte_19.c_event_type0))
  Batches: 1  Memory Usage: 737kB
  Rows Removed by Filter: 4
  Buffers: shared hit=629, temp read=821 written=1176
  ->  Subquery Scan on t_cte_19  (cost=12683.82..12933.82 rows=3333 width=12) (actual rows=50101 loops=1)
        Filter: (t_cte_19.c_0 < (t_cte_19.c_occurences0)::numeric)
        Rows Removed by Filter: 49899
        Buffers: shared hit=629, temp read=821 written=1176
        ->  HashAggregate  (cost=12683.82..12783.82 rows=10000 width=48) (actual rows=100000 loops=1)
              Group Key: t_events_0.occurences, avg(t_events_0.occurences) OVER (?), t_events_0.business_id, t_events_0.event_type
              Batches: 5  Memory Usage: 4153kB  Disk Usage: 3792kB
              Buffers: shared hit=629, temp read=821 written=1176
              ->  WindowAgg  (cost=9933.82..11683.82 rows=100000 width=48) (actual rows=100000 loops=1)
                    Buffers: shared hit=629, temp read=364 written=366
                    ->  Sort  (cost=9933.82..10183.82 rows=100000 width=16) (actual rows=100000 loops=1)
                          Sort Key: t_events_0.event_type
                          Sort Method: external merge  Disk: 2912kB
                          Buffers: shared hit=629, temp read=364 written=366
                          ->  Seq Scan on events t_events_0  (cost=0.00..1629.00 rows=100000 width=16) (actual rows=100000 loops=1)
                                Buffers: shared hit=629
Planning Time: 0.079 ms
Execution Time: 263.871 ms",272.273,12952.99,4995,"HashAggregate  (cost=12950.49..12952.99 rows=67 width=4) (actual rows=4995 loops=1)
  Group Key: t_cte_19.c_business_id0
  Filter: (1 < count(t_cte_19.c_event_type0))
  Batches: 1  Memory Usage: 737kB
  Rows Removed by Filter: 4
  Buffers: shared hit=629, temp read=821 written=1176
  ->  Subquery Scan on t_cte_19  (cost=12683.82..12933.82 rows=3333 width=12) (actual rows=50101 loops=1)
        Filter: (t_cte_19.c_0 < (t_cte_19.c_occurences0)::numeric)
        Rows Removed by Filter: 49899
        Buffers: shared hit=629, temp read=821 written=1176
        ->  HashAggregate  (cost=12683.82..12783.82 rows=10000 width=48) (actual rows=100000 loops=1)
              Group Key: t_events_0.occurences, avg(t_events_0.occurences) OVER (?), t_events_0.business_id, t_events_0.event_type
              Batches: 5  Memory Usage: 4153kB  Disk Usage: 3792kB
              Buffers: shared hit=629, temp read=821 written=1176
              ->  WindowAgg  (cost=9933.82..11683.82 rows=100000 width=48) (actual rows=100000 loops=1)
                    Buffers: shared hit=629, temp read=364 written=366
                    ->  Sort  (cost=9933.82..10183.82 rows=100000 width=16) (actual rows=100000 loops=1)
                          Sort Key: t_events_0.event_type
                          Sort Method: external merge  Disk: 2912kB
                          Buffers: shared hit=629, temp read=364 written=366
                          ->  Seq Scan on events t_events_0  (cost=0.00..1629.00 rows=100000 width=16) (actual rows=100000 loops=1)
                                Buffers: shared hit=629
Planning Time: 0.118 ms
Execution Time: 272.273 ms",272.14,12952.99,4995,"HashAggregate  (cost=12950.49..12952.99 rows=67 width=4) (actual rows=4995 loops=1)
  Group Key: t_cte_19.c_business_id0
  Filter: (1 < count(t_cte_19.c_event_type0))
  Batches: 1  Memory Usage: 737kB
  Rows Removed by Filter: 4
  Buffers: shared hit=629, temp read=821 written=1176
  ->  Subquery Scan on t_cte_19  (cost=12683.82..12933.82 rows=3333 width=12) (actual rows=50101 loops=1)
        Filter: (t_cte_19.c_0 < (t_cte_19.c_occurences0)::numeric)
        Rows Removed by Filter: 49899
        Buffers: shared hit=629, temp read=821 written=1176
        ->  HashAggregate  (cost=12683.82..12783.82 rows=10000 width=48) (actual rows=100000 loops=1)
              Group Key: t_events_0.occurences, avg(t_events_0.occurences) OVER (?), t_events_0.business_id, t_events_0.event_type
              Batches: 5  Memory Usage: 4153kB  Disk Usage: 3792kB
              Buffers: shared hit=629, temp read=821 written=1176
              ->  WindowAgg  (cost=9933.82..11683.82 rows=100000 width=48) (actual rows=100000 loops=1)
                    Buffers: shared hit=629, temp read=364 written=366
                    ->  Sort  (cost=9933.82..10183.82 rows=100000 width=16) (actual rows=100000 loops=1)
                          Sort Key: t_events_0.event_type
                          Sort Method: external merge  Disk: 2912kB
                          Buffers: shared hit=629, temp read=364 written=366
                          ->  Seq Scan on events t_events_0  (cost=0.00..1629.00 rows=100000 width=16) (actual rows=100000 loops=1)
                                Buffers: shared hit=629
Planning Time: 0.088 ms
Execution Time: 272.140 ms",274.004,12952.99,4995,"HashAggregate  (cost=12950.49..12952.99 rows=67 width=4) (actual rows=4995 loops=1)
  Group Key: t_cte_19.c_business_id0
  Filter: (1 < count(t_cte_19.c_event_type0))
  Batches: 1  Memory Usage: 737kB
  Rows Removed by Filter: 4
  Buffers: shared hit=629, temp read=821 written=1176
  ->  Subquery Scan on t_cte_19  (cost=12683.82..12933.82 rows=3333 width=12) (actual rows=50101 loops=1)
        Filter: (t_cte_19.c_0 < (t_cte_19.c_occurences0)::numeric)
        Rows Removed by Filter: 49899
        Buffers: shared hit=629, temp read=821 written=1176
        ->  HashAggregate  (cost=12683.82..12783.82 rows=10000 width=48) (actual rows=100000 loops=1)
              Group Key: t_events_0.occurences, avg(t_events_0.occurences) OVER (?), t_events_0.business_id, t_events_0.event_type
              Batches: 5  Memory Usage: 4153kB  Disk Usage: 3792kB
              Buffers: shared hit=629, temp read=821 written=1176
              ->  WindowAgg  (cost=9933.82..11683.82 rows=100000 width=48) (actual rows=100000 loops=1)
                    Buffers: shared hit=629, temp read=364 written=366
                    ->  Sort  (cost=9933.82..10183.82 rows=100000 width=16) (actual rows=100000 loops=1)
                          Sort Key: t_events_0.event_type
                          Sort Method: external merge  Disk: 2912kB
                          Buffers: shared hit=629, temp read=364 written=366
                          ->  Seq Scan on events t_events_0  (cost=0.00..1629.00 rows=100000 width=16) (actual rows=100000 loops=1)
                                Buffers: shared hit=629
Planning Time: 0.106 ms
Execution Time: 274.004 ms",274.653,12952.99,4995,"HashAggregate  (cost=12950.49..12952.99 rows=67 width=4) (actual rows=4995 loops=1)
  Group Key: t_cte_19.c_business_id0
  Filter: (1 < count(t_cte_19.c_event_type0))
  Batches: 1  Memory Usage: 737kB
  Rows Removed by Filter: 4
  Buffers: shared hit=629, temp read=821 written=1176
  ->  Subquery Scan on t_cte_19  (cost=12683.82..12933.82 rows=3333 width=12) (actual rows=50101 loops=1)
        Filter: (t_cte_19.c_0 < (t_cte_19.c_occurences0)::numeric)
        Rows Removed by Filter: 49899
        Buffers: shared hit=629, temp read=821 written=1176
        ->  HashAggregate  (cost=12683.82..12783.82 rows=10000 width=48) (actual rows=100000 loops=1)
              Group Key: t_events_0.occurences, avg(t_events_0.occurences) OVER (?), t_events_0.business_id, t_events_0.event_type
              Batches: 5  Memory Usage: 4153kB  Disk Usage: 3792kB
              Buffers: shared hit=629, temp read=821 written=1176
              ->  WindowAgg  (cost=9933.82..11683.82 rows=100000 width=48) (actual rows=100000 loops=1)
                    Buffers: shared hit=629, temp read=364 written=366
                    ->  Sort  (cost=9933.82..10183.82 rows=100000 width=16) (actual rows=100000 loops=1)
                          Sort Key: t_events_0.event_type
                          Sort Method: external merge  Disk: 2912kB
                          Buffers: shared hit=629, temp read=364 written=366
                          ->  Seq Scan on events t_events_0  (cost=0.00..1629.00 rows=100000 width=16) (actual rows=100000 loops=1)
                                Buffers: shared hit=629
Planning Time: 0.113 ms
Execution Time: 274.653 ms",271.3882,272.273,274.3285,274.9126,12952.99,12952.99,4995,4995,4995,4995,1126_13,612,1126,13,Medium,"select a.business_id from (select business_id, event_type, occurences, count(event_type) over (partition by business_id) as count_event, avg(occurences) over (partition by event_type) as avg_occurences_event from schema_1126.events) as a where a.occurences > a.avg_occurences_event group by a.business_id having count(distinct a.event_type) > 1",239.369,16000.32,4995,"GroupAggregate  (cost=15687.91..16000.32 rows=1664 width=4) (actual rows=4995 loops=1)
  Group Key: a.business_id
  Filter: (count(DISTINCT a.event_type) > 1)
  Rows Removed by Filter: 4
  Buffers: shared hit=629, temp read=364 written=366
  ->  Sort  (cost=15687.91..15771.24 rows=33333 width=12) (actual rows=50101 loops=1)
        Sort Key: a.business_id
        Sort Method: quicksort  Memory: 3714kB
        Buffers: shared hit=629, temp read=364 written=366
        ->  Subquery Scan on a  (cost=9933.82..13183.82 rows=33333 width=12) (actual rows=50101 loops=1)
              Filter: ((a.occurences)::numeric > a.avg_occurences_event)
              Rows Removed by Filter: 49899
              Buffers: shared hit=629, temp read=364 written=366
              ->  WindowAgg  (cost=9933.82..11683.82 rows=100000 width=56) (actual rows=100000 loops=1)
                    Buffers: shared hit=629, temp read=364 written=366
                    ->  Sort  (cost=9933.82..10183.82 rows=100000 width=16) (actual rows=100000 loops=1)
                          Sort Key: events.event_type
                          Sort Method: external merge  Disk: 2912kB
                          Buffers: shared hit=629, temp read=364 written=366
                          ->  Seq Scan on events  (cost=0.00..1629.00 rows=100000 width=16) (actual rows=100000 loops=1)
                                Buffers: shared hit=629
Planning Time: 0.101 ms
Execution Time: 239.369 ms",246.548,16000.32,4995,"GroupAggregate  (cost=15687.91..16000.32 rows=1664 width=4) (actual rows=4995 loops=1)
  Group Key: a.business_id
  Filter: (count(DISTINCT a.event_type) > 1)
  Rows Removed by Filter: 4
  Buffers: shared hit=629, temp read=364 written=366
  ->  Sort  (cost=15687.91..15771.24 rows=33333 width=12) (actual rows=50101 loops=1)
        Sort Key: a.business_id
        Sort Method: quicksort  Memory: 3714kB
        Buffers: shared hit=629, temp read=364 written=366
        ->  Subquery Scan on a  (cost=9933.82..13183.82 rows=33333 width=12) (actual rows=50101 loops=1)
              Filter: ((a.occurences)::numeric > a.avg_occurences_event)
              Rows Removed by Filter: 49899
              Buffers: shared hit=629, temp read=364 written=366
              ->  WindowAgg  (cost=9933.82..11683.82 rows=100000 width=56) (actual rows=100000 loops=1)
                    Buffers: shared hit=629, temp read=364 written=366
                    ->  Sort  (cost=9933.82..10183.82 rows=100000 width=16) (actual rows=100000 loops=1)
                          Sort Key: events.event_type
                          Sort Method: external merge  Disk: 2912kB
                          Buffers: shared hit=629, temp read=364 written=366
                          ->  Seq Scan on events  (cost=0.00..1629.00 rows=100000 width=16) (actual rows=100000 loops=1)
                                Buffers: shared hit=629
Planning Time: 0.100 ms
Execution Time: 246.548 ms",246.687,16000.32,4995,"GroupAggregate  (cost=15687.91..16000.32 rows=1664 width=4) (actual rows=4995 loops=1)
  Group Key: a.business_id
  Filter: (count(DISTINCT a.event_type) > 1)
  Rows Removed by Filter: 4
  Buffers: shared hit=629, temp read=364 written=366
  ->  Sort  (cost=15687.91..15771.24 rows=33333 width=12) (actual rows=50101 loops=1)
        Sort Key: a.business_id
        Sort Method: quicksort  Memory: 3714kB
        Buffers: shared hit=629, temp read=364 written=366
        ->  Subquery Scan on a  (cost=9933.82..13183.82 rows=33333 width=12) (actual rows=50101 loops=1)
              Filter: ((a.occurences)::numeric > a.avg_occurences_event)
              Rows Removed by Filter: 49899
              Buffers: shared hit=629, temp read=364 written=366
              ->  WindowAgg  (cost=9933.82..11683.82 rows=100000 width=56) (actual rows=100000 loops=1)
                    Buffers: shared hit=629, temp read=364 written=366
                    ->  Sort  (cost=9933.82..10183.82 rows=100000 width=16) (actual rows=100000 loops=1)
                          Sort Key: events.event_type
                          Sort Method: external merge  Disk: 2912kB
                          Buffers: shared hit=629, temp read=364 written=366
                          ->  Seq Scan on events  (cost=0.00..1629.00 rows=100000 width=16) (actual rows=100000 loops=1)
                                Buffers: shared hit=629
Planning Time: 0.097 ms
Execution Time: 246.687 ms",247.677,16000.32,4995,"GroupAggregate  (cost=15687.91..16000.32 rows=1664 width=4) (actual rows=4995 loops=1)
  Group Key: a.business_id
  Filter: (count(DISTINCT a.event_type) > 1)
  Rows Removed by Filter: 4
  Buffers: shared hit=629, temp read=364 written=366
  ->  Sort  (cost=15687.91..15771.24 rows=33333 width=12) (actual rows=50101 loops=1)
        Sort Key: a.business_id
        Sort Method: quicksort  Memory: 3714kB
        Buffers: shared hit=629, temp read=364 written=366
        ->  Subquery Scan on a  (cost=9933.82..13183.82 rows=33333 width=12) (actual rows=50101 loops=1)
              Filter: ((a.occurences)::numeric > a.avg_occurences_event)
              Rows Removed by Filter: 49899
              Buffers: shared hit=629, temp read=364 written=366
              ->  WindowAgg  (cost=9933.82..11683.82 rows=100000 width=56) (actual rows=100000 loops=1)
                    Buffers: shared hit=629, temp read=364 written=366
                    ->  Sort  (cost=9933.82..10183.82 rows=100000 width=16) (actual rows=100000 loops=1)
                          Sort Key: events.event_type
                          Sort Method: external merge  Disk: 2912kB
                          Buffers: shared hit=629, temp read=364 written=366
                          ->  Seq Scan on events  (cost=0.00..1629.00 rows=100000 width=16) (actual rows=100000 loops=1)
                                Buffers: shared hit=629
Planning Time: 0.112 ms
Execution Time: 247.677 ms",243.111,16000.32,4995,"GroupAggregate  (cost=15687.91..16000.32 rows=1664 width=4) (actual rows=4995 loops=1)
  Group Key: a.business_id
  Filter: (count(DISTINCT a.event_type) > 1)
  Rows Removed by Filter: 4
  Buffers: shared hit=629, temp read=364 written=366
  ->  Sort  (cost=15687.91..15771.24 rows=33333 width=12) (actual rows=50101 loops=1)
        Sort Key: a.business_id
        Sort Method: quicksort  Memory: 3714kB
        Buffers: shared hit=629, temp read=364 written=366
        ->  Subquery Scan on a  (cost=9933.82..13183.82 rows=33333 width=12) (actual rows=50101 loops=1)
              Filter: ((a.occurences)::numeric > a.avg_occurences_event)
              Rows Removed by Filter: 49899
              Buffers: shared hit=629, temp read=364 written=366
              ->  WindowAgg  (cost=9933.82..11683.82 rows=100000 width=56) (actual rows=100000 loops=1)
                    Buffers: shared hit=629, temp read=364 written=366
                    ->  Sort  (cost=9933.82..10183.82 rows=100000 width=16) (actual rows=100000 loops=1)
                          Sort Key: events.event_type
                          Sort Method: external merge  Disk: 2912kB
                          Buffers: shared hit=629, temp read=364 written=366
                          ->  Seq Scan on events  (cost=0.00..1629.00 rows=100000 width=16) (actual rows=100000 loops=1)
                                Buffers: shared hit=629
Planning Time: 0.106 ms
Execution Time: 243.111 ms",244.6784,246.548,247.182,248.073,16000.32,16000.32,4995,4995,4995,4995,normal,not normal,11.79198780000001,18.839424700000137,equal variances,not significant,1.0,26.709799999999973,25.725000000000023,-3047.33,0,True
614,1126,17,Medium,"select t_cte_29.c_business_id0 as business_id from (select t_events_0.event_type as c_event_type0, avg(t_events_0.occurences) as c_avg0 from schema_1126.events as t_events_0 group by t_events_0.event_type) as t_cte_37 left join (select a.business_id as c_business_id0, a.occurences as c_occurences0, a.event_type as c_event_type1 from schema_1126.events as a) as t_cte_29 on t_cte_37.c_avg0 < t_cte_29.c_occurences0 where t_cte_29.c_event_type1 = t_cte_37.c_event_type0 group by t_cte_29.c_business_id0 having 1 < count(t_cte_29.c_event_type1)",70.87,4258.46,4995,"HashAggregate  (cost=4196.03..4258.46 rows=1665 width=4) (actual rows=4995 loops=1)
  Group Key: a.business_id
  Filter: (1 < count(a.event_type))
  Batches: 1  Memory Usage: 721kB
  Rows Removed by Filter: 4
  Buffers: shared hit=1258
  ->  Hash Join  (cost=2132.50..4029.37 rows=33333 width=12) (actual rows=50101 loops=1)
        Hash Cond: ((a.event_type)::text = (t_cte_37.c_event_type0)::text)
        Join Filter: (t_cte_37.c_avg0 < (a.occurences)::numeric)
        Rows Removed by Join Filter: 49899
        Buffers: shared hit=1258
        ->  Seq Scan on events a  (cost=0.00..1629.00 rows=100000 width=16) (actual rows=100000 loops=1)
              Buffers: shared hit=629
        ->  Hash  (cost=2131.25..2131.25 rows=100 width=40) (actual rows=100 loops=1)
              Buckets: 1024  Batches: 1  Memory Usage: 14kB
              Buffers: shared hit=629
              ->  Subquery Scan on t_cte_37  (cost=2129.00..2131.25 rows=100 width=40) (actual rows=100 loops=1)
                    Buffers: shared hit=629
                    ->  HashAggregate  (cost=2129.00..2130.25 rows=100 width=40) (actual rows=100 loops=1)
                          Group Key: t_events_0.event_type
                          Batches: 1  Memory Usage: 32kB
                          Buffers: shared hit=629
                          ->  Seq Scan on events t_events_0  (cost=0.00..1629.00 rows=100000 width=12) (actual rows=100000 loops=1)
                                Buffers: shared hit=629
Planning Time: 0.157 ms
Execution Time: 70.870 ms",82.303,4258.46,4995,"HashAggregate  (cost=4196.03..4258.46 rows=1665 width=4) (actual rows=4995 loops=1)
  Group Key: a.business_id
  Filter: (1 < count(a.event_type))
  Batches: 1  Memory Usage: 721kB
  Rows Removed by Filter: 4
  Buffers: shared hit=1258
  ->  Hash Join  (cost=2132.50..4029.37 rows=33333 width=12) (actual rows=50101 loops=1)
        Hash Cond: ((a.event_type)::text = (t_cte_37.c_event_type0)::text)
        Join Filter: (t_cte_37.c_avg0 < (a.occurences)::numeric)
        Rows Removed by Join Filter: 49899
        Buffers: shared hit=1258
        ->  Seq Scan on events a  (cost=0.00..1629.00 rows=100000 width=16) (actual rows=100000 loops=1)
              Buffers: shared hit=629
        ->  Hash  (cost=2131.25..2131.25 rows=100 width=40) (actual rows=100 loops=1)
              Buckets: 1024  Batches: 1  Memory Usage: 14kB
              Buffers: shared hit=629
              ->  Subquery Scan on t_cte_37  (cost=2129.00..2131.25 rows=100 width=40) (actual rows=100 loops=1)
                    Buffers: shared hit=629
                    ->  HashAggregate  (cost=2129.00..2130.25 rows=100 width=40) (actual rows=100 loops=1)
                          Group Key: t_events_0.event_type
                          Batches: 1  Memory Usage: 32kB
                          Buffers: shared hit=629
                          ->  Seq Scan on events t_events_0  (cost=0.00..1629.00 rows=100000 width=12) (actual rows=100000 loops=1)
                                Buffers: shared hit=629
Planning Time: 0.217 ms
Execution Time: 82.303 ms",76.966,4258.46,4995,"HashAggregate  (cost=4196.03..4258.46 rows=1665 width=4) (actual rows=4995 loops=1)
  Group Key: a.business_id
  Filter: (1 < count(a.event_type))
  Batches: 1  Memory Usage: 721kB
  Rows Removed by Filter: 4
  Buffers: shared hit=1258
  ->  Hash Join  (cost=2132.50..4029.37 rows=33333 width=12) (actual rows=50101 loops=1)
        Hash Cond: ((a.event_type)::text = (t_cte_37.c_event_type0)::text)
        Join Filter: (t_cte_37.c_avg0 < (a.occurences)::numeric)
        Rows Removed by Join Filter: 49899
        Buffers: shared hit=1258
        ->  Seq Scan on events a  (cost=0.00..1629.00 rows=100000 width=16) (actual rows=100000 loops=1)
              Buffers: shared hit=629
        ->  Hash  (cost=2131.25..2131.25 rows=100 width=40) (actual rows=100 loops=1)
              Buckets: 1024  Batches: 1  Memory Usage: 14kB
              Buffers: shared hit=629
              ->  Subquery Scan on t_cte_37  (cost=2129.00..2131.25 rows=100 width=40) (actual rows=100 loops=1)
                    Buffers: shared hit=629
                    ->  HashAggregate  (cost=2129.00..2130.25 rows=100 width=40) (actual rows=100 loops=1)
                          Group Key: t_events_0.event_type
                          Batches: 1  Memory Usage: 32kB
                          Buffers: shared hit=629
                          ->  Seq Scan on events t_events_0  (cost=0.00..1629.00 rows=100000 width=12) (actual rows=100000 loops=1)
                                Buffers: shared hit=629
Planning Time: 0.241 ms
Execution Time: 76.966 ms",77.346,4258.46,4995,"HashAggregate  (cost=4196.03..4258.46 rows=1665 width=4) (actual rows=4995 loops=1)
  Group Key: a.business_id
  Filter: (1 < count(a.event_type))
  Batches: 1  Memory Usage: 721kB
  Rows Removed by Filter: 4
  Buffers: shared hit=1258
  ->  Hash Join  (cost=2132.50..4029.37 rows=33333 width=12) (actual rows=50101 loops=1)
        Hash Cond: ((a.event_type)::text = (t_cte_37.c_event_type0)::text)
        Join Filter: (t_cte_37.c_avg0 < (a.occurences)::numeric)
        Rows Removed by Join Filter: 49899
        Buffers: shared hit=1258
        ->  Seq Scan on events a  (cost=0.00..1629.00 rows=100000 width=16) (actual rows=100000 loops=1)
              Buffers: shared hit=629
        ->  Hash  (cost=2131.25..2131.25 rows=100 width=40) (actual rows=100 loops=1)
              Buckets: 1024  Batches: 1  Memory Usage: 14kB
              Buffers: shared hit=629
              ->  Subquery Scan on t_cte_37  (cost=2129.00..2131.25 rows=100 width=40) (actual rows=100 loops=1)
                    Buffers: shared hit=629
                    ->  HashAggregate  (cost=2129.00..2130.25 rows=100 width=40) (actual rows=100 loops=1)
                          Group Key: t_events_0.event_type
                          Batches: 1  Memory Usage: 32kB
                          Buffers: shared hit=629
                          ->  Seq Scan on events t_events_0  (cost=0.00..1629.00 rows=100000 width=12) (actual rows=100000 loops=1)
                                Buffers: shared hit=629
Planning Time: 0.213 ms
Execution Time: 77.346 ms",79.572,4258.46,4995,"HashAggregate  (cost=4196.03..4258.46 rows=1665 width=4) (actual rows=4995 loops=1)
  Group Key: a.business_id
  Filter: (1 < count(a.event_type))
  Batches: 1  Memory Usage: 721kB
  Rows Removed by Filter: 4
  Buffers: shared hit=1258
  ->  Hash Join  (cost=2132.50..4029.37 rows=33333 width=12) (actual rows=50101 loops=1)
        Hash Cond: ((a.event_type)::text = (t_cte_37.c_event_type0)::text)
        Join Filter: (t_cte_37.c_avg0 < (a.occurences)::numeric)
        Rows Removed by Join Filter: 49899
        Buffers: shared hit=1258
        ->  Seq Scan on events a  (cost=0.00..1629.00 rows=100000 width=16) (actual rows=100000 loops=1)
              Buffers: shared hit=629
        ->  Hash  (cost=2131.25..2131.25 rows=100 width=40) (actual rows=100 loops=1)
              Buckets: 1024  Batches: 1  Memory Usage: 14kB
              Buffers: shared hit=629
              ->  Subquery Scan on t_cte_37  (cost=2129.00..2131.25 rows=100 width=40) (actual rows=100 loops=1)
                    Buffers: shared hit=629
                    ->  HashAggregate  (cost=2129.00..2130.25 rows=100 width=40) (actual rows=100 loops=1)
                          Group Key: t_events_0.event_type
                          Batches: 1  Memory Usage: 32kB
                          Buffers: shared hit=629
                          ->  Seq Scan on events t_events_0  (cost=0.00..1629.00 rows=100000 width=12) (actual rows=100000 loops=1)
                                Buffers: shared hit=629
Planning Time: 0.218 ms
Execution Time: 79.572 ms",77.4114,77.346,80.9375,83.3954,4258.46,4258.46,4995,4995,4995,4995,1126_17,614,1126,17,Medium,"select a.business_id from schema_1126.events as a left outer join (select distinct event_type, avg(occurences) as avg_occ_by_event from schema_1126.events group by 1) as b on a.event_type = b.event_type where a.occurences > b.avg_occ_by_event group by 1 having count(distinct a.event_type) > 1",121.242,6849.95,4995,"GroupAggregate  (cost=6537.53..6849.95 rows=1665 width=4) (actual rows=4995 loops=1)
  Group Key: a.business_id
  Filter: (count(DISTINCT a.event_type) > 1)
  Rows Removed by Filter: 4
  Buffers: shared hit=1258
  ->  Sort  (cost=6537.53..6620.86 rows=33333 width=12) (actual rows=50101 loops=1)
        Sort Key: a.business_id
        Sort Method: quicksort  Memory: 3714kB
        Buffers: shared hit=1258
        ->  Hash Join  (cost=2136.57..4033.44 rows=33333 width=12) (actual rows=50101 loops=1)
              Hash Cond: ((a.event_type)::text = (events.event_type)::text)
              Join Filter: ((a.occurences)::numeric > (avg(events.occurences)))
              Rows Removed by Join Filter: 49899
              Buffers: shared hit=1258
              ->  Seq Scan on events a  (cost=0.00..1629.00 rows=100000 width=16) (actual rows=100000 loops=1)
                    Buffers: shared hit=629
              ->  Hash  (cost=2135.32..2135.32 rows=100 width=40) (actual rows=100 loops=1)
                    Buckets: 1024  Batches: 1  Memory Usage: 14kB
                    Buffers: shared hit=629
                    ->  Unique  (cost=2133.57..2134.32 rows=100 width=40) (actual rows=100 loops=1)
                          Buffers: shared hit=629
                          ->  Sort  (cost=2133.57..2133.82 rows=100 width=40) (actual rows=100 loops=1)
                                Sort Key: events.event_type, (avg(events.occurences))
                                Sort Method: quicksort  Memory: 32kB
                                Buffers: shared hit=629
                                ->  HashAggregate  (cost=2129.00..2130.25 rows=100 width=40) (actual rows=100 loops=1)
                                      Group Key: events.event_type
                                      Batches: 1  Memory Usage: 32kB
                                      Buffers: shared hit=629
                                      ->  Seq Scan on events  (cost=0.00..1629.00 rows=100000 width=12) (actual rows=100000 loops=1)
                                            Buffers: shared hit=629
Planning Time: 0.275 ms
Execution Time: 121.242 ms",137.906,6849.95,4995,"GroupAggregate  (cost=6537.53..6849.95 rows=1665 width=4) (actual rows=4995 loops=1)
  Group Key: a.business_id
  Filter: (count(DISTINCT a.event_type) > 1)
  Rows Removed by Filter: 4
  Buffers: shared hit=1258
  ->  Sort  (cost=6537.53..6620.86 rows=33333 width=12) (actual rows=50101 loops=1)
        Sort Key: a.business_id
        Sort Method: quicksort  Memory: 3714kB
        Buffers: shared hit=1258
        ->  Hash Join  (cost=2136.57..4033.44 rows=33333 width=12) (actual rows=50101 loops=1)
              Hash Cond: ((a.event_type)::text = (events.event_type)::text)
              Join Filter: ((a.occurences)::numeric > (avg(events.occurences)))
              Rows Removed by Join Filter: 49899
              Buffers: shared hit=1258
              ->  Seq Scan on events a  (cost=0.00..1629.00 rows=100000 width=16) (actual rows=100000 loops=1)
                    Buffers: shared hit=629
              ->  Hash  (cost=2135.32..2135.32 rows=100 width=40) (actual rows=100 loops=1)
                    Buckets: 1024  Batches: 1  Memory Usage: 14kB
                    Buffers: shared hit=629
                    ->  Unique  (cost=2133.57..2134.32 rows=100 width=40) (actual rows=100 loops=1)
                          Buffers: shared hit=629
                          ->  Sort  (cost=2133.57..2133.82 rows=100 width=40) (actual rows=100 loops=1)
                                Sort Key: events.event_type, (avg(events.occurences))
                                Sort Method: quicksort  Memory: 32kB
                                Buffers: shared hit=629
                                ->  HashAggregate  (cost=2129.00..2130.25 rows=100 width=40) (actual rows=100 loops=1)
                                      Group Key: events.event_type
                                      Batches: 1  Memory Usage: 32kB
                                      Buffers: shared hit=629
                                      ->  Seq Scan on events  (cost=0.00..1629.00 rows=100000 width=12) (actual rows=100000 loops=1)
                                            Buffers: shared hit=629
Planning Time: 0.298 ms
Execution Time: 137.906 ms",122.576,6849.95,4995,"GroupAggregate  (cost=6537.53..6849.95 rows=1665 width=4) (actual rows=4995 loops=1)
  Group Key: a.business_id
  Filter: (count(DISTINCT a.event_type) > 1)
  Rows Removed by Filter: 4
  Buffers: shared hit=1258
  ->  Sort  (cost=6537.53..6620.86 rows=33333 width=12) (actual rows=50101 loops=1)
        Sort Key: a.business_id
        Sort Method: quicksort  Memory: 3714kB
        Buffers: shared hit=1258
        ->  Hash Join  (cost=2136.57..4033.44 rows=33333 width=12) (actual rows=50101 loops=1)
              Hash Cond: ((a.event_type)::text = (events.event_type)::text)
              Join Filter: ((a.occurences)::numeric > (avg(events.occurences)))
              Rows Removed by Join Filter: 49899
              Buffers: shared hit=1258
              ->  Seq Scan on events a  (cost=0.00..1629.00 rows=100000 width=16) (actual rows=100000 loops=1)
                    Buffers: shared hit=629
              ->  Hash  (cost=2135.32..2135.32 rows=100 width=40) (actual rows=100 loops=1)
                    Buckets: 1024  Batches: 1  Memory Usage: 14kB
                    Buffers: shared hit=629
                    ->  Unique  (cost=2133.57..2134.32 rows=100 width=40) (actual rows=100 loops=1)
                          Buffers: shared hit=629
                          ->  Sort  (cost=2133.57..2133.82 rows=100 width=40) (actual rows=100 loops=1)
                                Sort Key: events.event_type, (avg(events.occurences))
                                Sort Method: quicksort  Memory: 32kB
                                Buffers: shared hit=629
                                ->  HashAggregate  (cost=2129.00..2130.25 rows=100 width=40) (actual rows=100 loops=1)
                                      Group Key: events.event_type
                                      Batches: 1  Memory Usage: 32kB
                                      Buffers: shared hit=629
                                      ->  Seq Scan on events  (cost=0.00..1629.00 rows=100000 width=12) (actual rows=100000 loops=1)
                                            Buffers: shared hit=629
Planning Time: 0.263 ms
Execution Time: 122.576 ms",129.774,6849.95,4995,"GroupAggregate  (cost=6537.53..6849.95 rows=1665 width=4) (actual rows=4995 loops=1)
  Group Key: a.business_id
  Filter: (count(DISTINCT a.event_type) > 1)
  Rows Removed by Filter: 4
  Buffers: shared hit=1258
  ->  Sort  (cost=6537.53..6620.86 rows=33333 width=12) (actual rows=50101 loops=1)
        Sort Key: a.business_id
        Sort Method: quicksort  Memory: 3714kB
        Buffers: shared hit=1258
        ->  Hash Join  (cost=2136.57..4033.44 rows=33333 width=12) (actual rows=50101 loops=1)
              Hash Cond: ((a.event_type)::text = (events.event_type)::text)
              Join Filter: ((a.occurences)::numeric > (avg(events.occurences)))
              Rows Removed by Join Filter: 49899
              Buffers: shared hit=1258
              ->  Seq Scan on events a  (cost=0.00..1629.00 rows=100000 width=16) (actual rows=100000 loops=1)
                    Buffers: shared hit=629
              ->  Hash  (cost=2135.32..2135.32 rows=100 width=40) (actual rows=100 loops=1)
                    Buckets: 1024  Batches: 1  Memory Usage: 14kB
                    Buffers: shared hit=629
                    ->  Unique  (cost=2133.57..2134.32 rows=100 width=40) (actual rows=100 loops=1)
                          Buffers: shared hit=629
                          ->  Sort  (cost=2133.57..2133.82 rows=100 width=40) (actual rows=100 loops=1)
                                Sort Key: events.event_type, (avg(events.occurences))
                                Sort Method: quicksort  Memory: 32kB
                                Buffers: shared hit=629
                                ->  HashAggregate  (cost=2129.00..2130.25 rows=100 width=40) (actual rows=100 loops=1)
                                      Group Key: events.event_type
                                      Batches: 1  Memory Usage: 32kB
                                      Buffers: shared hit=629
                                      ->  Seq Scan on events  (cost=0.00..1629.00 rows=100000 width=12) (actual rows=100000 loops=1)
                                            Buffers: shared hit=629
Planning Time: 0.286 ms
Execution Time: 129.774 ms",122.93,6849.95,4995,"GroupAggregate  (cost=6537.53..6849.95 rows=1665 width=4) (actual rows=4995 loops=1)
  Group Key: a.business_id
  Filter: (count(DISTINCT a.event_type) > 1)
  Rows Removed by Filter: 4
  Buffers: shared hit=1258
  ->  Sort  (cost=6537.53..6620.86 rows=33333 width=12) (actual rows=50101 loops=1)
        Sort Key: a.business_id
        Sort Method: quicksort  Memory: 3714kB
        Buffers: shared hit=1258
        ->  Hash Join  (cost=2136.57..4033.44 rows=33333 width=12) (actual rows=50101 loops=1)
              Hash Cond: ((a.event_type)::text = (events.event_type)::text)
              Join Filter: ((a.occurences)::numeric > (avg(events.occurences)))
              Rows Removed by Join Filter: 49899
              Buffers: shared hit=1258
              ->  Seq Scan on events a  (cost=0.00..1629.00 rows=100000 width=16) (actual rows=100000 loops=1)
                    Buffers: shared hit=629
              ->  Hash  (cost=2135.32..2135.32 rows=100 width=40) (actual rows=100 loops=1)
                    Buckets: 1024  Batches: 1  Memory Usage: 14kB
                    Buffers: shared hit=629
                    ->  Unique  (cost=2133.57..2134.32 rows=100 width=40) (actual rows=100 loops=1)
                          Buffers: shared hit=629
                          ->  Sort  (cost=2133.57..2133.82 rows=100 width=40) (actual rows=100 loops=1)
                                Sort Key: events.event_type, (avg(events.occurences))
                                Sort Method: quicksort  Memory: 32kB
                                Buffers: shared hit=629
                                ->  HashAggregate  (cost=2129.00..2130.25 rows=100 width=40) (actual rows=100 loops=1)
                                      Group Key: events.event_type
                                      Batches: 1  Memory Usage: 32kB
                                      Buffers: shared hit=629
                                      ->  Seq Scan on events  (cost=0.00..1629.00 rows=100000 width=12) (actual rows=100000 loops=1)
                                            Buffers: shared hit=629
Planning Time: 0.322 ms
Execution Time: 122.930 ms",126.8856,122.93,133.84,141.1588,6849.95,6849.95,4995,4995,4995,4995,normal,normal,48.965428800000026,17.897128799999983,equal variances,significant,0.003968253968253968,-49.474199999999996,-45.584,-2591.49,0,True
618,1126,40,Medium,"select e.business_id as business_id from schema_1126.events as e inner join (select t_events_0.event_type as c_event_type0, avg(t_events_0.occurences) as c_avg0 from schema_1126.events as t_events_0 group by t_events_0.event_type) as t on e.event_type = t.c_event_type0 and t.c_avg0 < e.occurences group by e.business_id having 1 < count(e.event_type)",82.446,4258.46,4995,"HashAggregate  (cost=4196.03..4258.46 rows=1665 width=4) (actual rows=4995 loops=1)
  Group Key: e.business_id
  Filter: (1 < count(e.event_type))
  Batches: 1  Memory Usage: 721kB
  Rows Removed by Filter: 4
  Buffers: shared hit=1258
  ->  Hash Join  (cost=2132.50..4029.37 rows=33333 width=12) (actual rows=50101 loops=1)
        Hash Cond: ((e.event_type)::text = (t_events_0.event_type)::text)
        Join Filter: ((avg(t_events_0.occurences)) < (e.occurences)::numeric)
        Rows Removed by Join Filter: 49899
        Buffers: shared hit=1258
        ->  Seq Scan on events e  (cost=0.00..1629.00 rows=100000 width=16) (actual rows=100000 loops=1)
              Buffers: shared hit=629
        ->  Hash  (cost=2131.25..2131.25 rows=100 width=40) (actual rows=100 loops=1)
              Buckets: 1024  Batches: 1  Memory Usage: 14kB
              Buffers: shared hit=629
              ->  HashAggregate  (cost=2129.00..2130.25 rows=100 width=40) (actual rows=100 loops=1)
                    Group Key: t_events_0.event_type
                    Batches: 1  Memory Usage: 32kB
                    Buffers: shared hit=629
                    ->  Seq Scan on events t_events_0  (cost=0.00..1629.00 rows=100000 width=12) (actual rows=100000 loops=1)
                          Buffers: shared hit=629
Planning Time: 0.168 ms
Execution Time: 82.446 ms",83.376,4258.46,4995,"HashAggregate  (cost=4196.03..4258.46 rows=1665 width=4) (actual rows=4995 loops=1)
  Group Key: e.business_id
  Filter: (1 < count(e.event_type))
  Batches: 1  Memory Usage: 721kB
  Rows Removed by Filter: 4
  Buffers: shared hit=1258
  ->  Hash Join  (cost=2132.50..4029.37 rows=33333 width=12) (actual rows=50101 loops=1)
        Hash Cond: ((e.event_type)::text = (t_events_0.event_type)::text)
        Join Filter: ((avg(t_events_0.occurences)) < (e.occurences)::numeric)
        Rows Removed by Join Filter: 49899
        Buffers: shared hit=1258
        ->  Seq Scan on events e  (cost=0.00..1629.00 rows=100000 width=16) (actual rows=100000 loops=1)
              Buffers: shared hit=629
        ->  Hash  (cost=2131.25..2131.25 rows=100 width=40) (actual rows=100 loops=1)
              Buckets: 1024  Batches: 1  Memory Usage: 14kB
              Buffers: shared hit=629
              ->  HashAggregate  (cost=2129.00..2130.25 rows=100 width=40) (actual rows=100 loops=1)
                    Group Key: t_events_0.event_type
                    Batches: 1  Memory Usage: 32kB
                    Buffers: shared hit=629
                    ->  Seq Scan on events t_events_0  (cost=0.00..1629.00 rows=100000 width=12) (actual rows=100000 loops=1)
                          Buffers: shared hit=629
Planning Time: 0.264 ms
Execution Time: 83.376 ms",76.256,4258.46,4995,"HashAggregate  (cost=4196.03..4258.46 rows=1665 width=4) (actual rows=4995 loops=1)
  Group Key: e.business_id
  Filter: (1 < count(e.event_type))
  Batches: 1  Memory Usage: 721kB
  Rows Removed by Filter: 4
  Buffers: shared hit=1258
  ->  Hash Join  (cost=2132.50..4029.37 rows=33333 width=12) (actual rows=50101 loops=1)
        Hash Cond: ((e.event_type)::text = (t_events_0.event_type)::text)
        Join Filter: ((avg(t_events_0.occurences)) < (e.occurences)::numeric)
        Rows Removed by Join Filter: 49899
        Buffers: shared hit=1258
        ->  Seq Scan on events e  (cost=0.00..1629.00 rows=100000 width=16) (actual rows=100000 loops=1)
              Buffers: shared hit=629
        ->  Hash  (cost=2131.25..2131.25 rows=100 width=40) (actual rows=100 loops=1)
              Buckets: 1024  Batches: 1  Memory Usage: 14kB
              Buffers: shared hit=629
              ->  HashAggregate  (cost=2129.00..2130.25 rows=100 width=40) (actual rows=100 loops=1)
                    Group Key: t_events_0.event_type
                    Batches: 1  Memory Usage: 32kB
                    Buffers: shared hit=629
                    ->  Seq Scan on events t_events_0  (cost=0.00..1629.00 rows=100000 width=12) (actual rows=100000 loops=1)
                          Buffers: shared hit=629
Planning Time: 0.383 ms
Execution Time: 76.256 ms",78.109,4258.46,4995,"HashAggregate  (cost=4196.03..4258.46 rows=1665 width=4) (actual rows=4995 loops=1)
  Group Key: e.business_id
  Filter: (1 < count(e.event_type))
  Batches: 1  Memory Usage: 721kB
  Rows Removed by Filter: 4
  Buffers: shared hit=1258
  ->  Hash Join  (cost=2132.50..4029.37 rows=33333 width=12) (actual rows=50101 loops=1)
        Hash Cond: ((e.event_type)::text = (t_events_0.event_type)::text)
        Join Filter: ((avg(t_events_0.occurences)) < (e.occurences)::numeric)
        Rows Removed by Join Filter: 49899
        Buffers: shared hit=1258
        ->  Seq Scan on events e  (cost=0.00..1629.00 rows=100000 width=16) (actual rows=100000 loops=1)
              Buffers: shared hit=629
        ->  Hash  (cost=2131.25..2131.25 rows=100 width=40) (actual rows=100 loops=1)
              Buckets: 1024  Batches: 1  Memory Usage: 14kB
              Buffers: shared hit=629
              ->  HashAggregate  (cost=2129.00..2130.25 rows=100 width=40) (actual rows=100 loops=1)
                    Group Key: t_events_0.event_type
                    Batches: 1  Memory Usage: 32kB
                    Buffers: shared hit=629
                    ->  Seq Scan on events t_events_0  (cost=0.00..1629.00 rows=100000 width=12) (actual rows=100000 loops=1)
                          Buffers: shared hit=629
Planning Time: 0.300 ms
Execution Time: 78.109 ms",120.881,4258.46,4995,"HashAggregate  (cost=4196.03..4258.46 rows=1665 width=4) (actual rows=4995 loops=1)
  Group Key: e.business_id
  Filter: (1 < count(e.event_type))
  Batches: 1  Memory Usage: 721kB
  Rows Removed by Filter: 4
  Buffers: shared hit=1258
  ->  Hash Join  (cost=2132.50..4029.37 rows=33333 width=12) (actual rows=50101 loops=1)
        Hash Cond: ((e.event_type)::text = (t_events_0.event_type)::text)
        Join Filter: ((avg(t_events_0.occurences)) < (e.occurences)::numeric)
        Rows Removed by Join Filter: 49899
        Buffers: shared hit=1258
        ->  Seq Scan on events e  (cost=0.00..1629.00 rows=100000 width=16) (actual rows=100000 loops=1)
              Buffers: shared hit=629
        ->  Hash  (cost=2131.25..2131.25 rows=100 width=40) (actual rows=100 loops=1)
              Buckets: 1024  Batches: 1  Memory Usage: 14kB
              Buffers: shared hit=629
              ->  HashAggregate  (cost=2129.00..2130.25 rows=100 width=40) (actual rows=100 loops=1)
                    Group Key: t_events_0.event_type
                    Batches: 1  Memory Usage: 32kB
                    Buffers: shared hit=629
                    ->  Seq Scan on events t_events_0  (cost=0.00..1629.00 rows=100000 width=12) (actual rows=100000 loops=1)
                          Buffers: shared hit=629
Planning Time: 0.300 ms
Execution Time: 120.881 ms",88.2136,82.446,102.1285,135.883,4258.46,4258.46,4995,4995,4995,4995,1126_40,618,1126,40,Medium,"select business_id from schema_1126.events as e join (select event_type, avg(occurences) as avg_occurences from schema_1126.events group by event_type) as t on (e.event_type = t.event_type and e.occurences > t.avg_occurences) group by e.business_id having count(distinct e.event_type) > 1",120.482,6845.88,4995,"GroupAggregate  (cost=6533.46..6845.88 rows=1665 width=4) (actual rows=4995 loops=1)
  Group Key: e.business_id
  Filter: (count(DISTINCT e.event_type) > 1)
  Rows Removed by Filter: 4
  Buffers: shared hit=1258
  ->  Sort  (cost=6533.46..6616.79 rows=33333 width=12) (actual rows=50101 loops=1)
        Sort Key: e.business_id
        Sort Method: quicksort  Memory: 3714kB
        Buffers: shared hit=1258
        ->  Hash Join  (cost=2132.50..4029.37 rows=33333 width=12) (actual rows=50101 loops=1)
              Hash Cond: ((e.event_type)::text = (events.event_type)::text)
              Join Filter: ((e.occurences)::numeric > (avg(events.occurences)))
              Rows Removed by Join Filter: 49899
              Buffers: shared hit=1258
              ->  Seq Scan on events e  (cost=0.00..1629.00 rows=100000 width=16) (actual rows=100000 loops=1)
                    Buffers: shared hit=629
              ->  Hash  (cost=2131.25..2131.25 rows=100 width=40) (actual rows=100 loops=1)
                    Buckets: 1024  Batches: 1  Memory Usage: 14kB
                    Buffers: shared hit=629
                    ->  HashAggregate  (cost=2129.00..2130.25 rows=100 width=40) (actual rows=100 loops=1)
                          Group Key: events.event_type
                          Batches: 1  Memory Usage: 32kB
                          Buffers: shared hit=629
                          ->  Seq Scan on events  (cost=0.00..1629.00 rows=100000 width=12) (actual rows=100000 loops=1)
                                Buffers: shared hit=629
Planning Time: 0.191 ms
Execution Time: 120.482 ms",127.981,6845.88,4995,"GroupAggregate  (cost=6533.46..6845.88 rows=1665 width=4) (actual rows=4995 loops=1)
  Group Key: e.business_id
  Filter: (count(DISTINCT e.event_type) > 1)
  Rows Removed by Filter: 4
  Buffers: shared hit=1258
  ->  Sort  (cost=6533.46..6616.79 rows=33333 width=12) (actual rows=50101 loops=1)
        Sort Key: e.business_id
        Sort Method: quicksort  Memory: 3714kB
        Buffers: shared hit=1258
        ->  Hash Join  (cost=2132.50..4029.37 rows=33333 width=12) (actual rows=50101 loops=1)
              Hash Cond: ((e.event_type)::text = (events.event_type)::text)
              Join Filter: ((e.occurences)::numeric > (avg(events.occurences)))
              Rows Removed by Join Filter: 49899
              Buffers: shared hit=1258
              ->  Seq Scan on events e  (cost=0.00..1629.00 rows=100000 width=16) (actual rows=100000 loops=1)
                    Buffers: shared hit=629
              ->  Hash  (cost=2131.25..2131.25 rows=100 width=40) (actual rows=100 loops=1)
                    Buckets: 1024  Batches: 1  Memory Usage: 14kB
                    Buffers: shared hit=629
                    ->  HashAggregate  (cost=2129.00..2130.25 rows=100 width=40) (actual rows=100 loops=1)
                          Group Key: events.event_type
                          Batches: 1  Memory Usage: 32kB
                          Buffers: shared hit=629
                          ->  Seq Scan on events  (cost=0.00..1629.00 rows=100000 width=12) (actual rows=100000 loops=1)
                                Buffers: shared hit=629
Planning Time: 0.293 ms
Execution Time: 127.981 ms",123.412,6845.88,4995,"GroupAggregate  (cost=6533.46..6845.88 rows=1665 width=4) (actual rows=4995 loops=1)
  Group Key: e.business_id
  Filter: (count(DISTINCT e.event_type) > 1)
  Rows Removed by Filter: 4
  Buffers: shared hit=1258
  ->  Sort  (cost=6533.46..6616.79 rows=33333 width=12) (actual rows=50101 loops=1)
        Sort Key: e.business_id
        Sort Method: quicksort  Memory: 3714kB
        Buffers: shared hit=1258
        ->  Hash Join  (cost=2132.50..4029.37 rows=33333 width=12) (actual rows=50101 loops=1)
              Hash Cond: ((e.event_type)::text = (events.event_type)::text)
              Join Filter: ((e.occurences)::numeric > (avg(events.occurences)))
              Rows Removed by Join Filter: 49899
              Buffers: shared hit=1258
              ->  Seq Scan on events e  (cost=0.00..1629.00 rows=100000 width=16) (actual rows=100000 loops=1)
                    Buffers: shared hit=629
              ->  Hash  (cost=2131.25..2131.25 rows=100 width=40) (actual rows=100 loops=1)
                    Buckets: 1024  Batches: 1  Memory Usage: 14kB
                    Buffers: shared hit=629
                    ->  HashAggregate  (cost=2129.00..2130.25 rows=100 width=40) (actual rows=100 loops=1)
                          Group Key: events.event_type
                          Batches: 1  Memory Usage: 32kB
                          Buffers: shared hit=629
                          ->  Seq Scan on events  (cost=0.00..1629.00 rows=100000 width=12) (actual rows=100000 loops=1)
                                Buffers: shared hit=629
Planning Time: 0.239 ms
Execution Time: 123.412 ms",124.527,6845.88,4995,"GroupAggregate  (cost=6533.46..6845.88 rows=1665 width=4) (actual rows=4995 loops=1)
  Group Key: e.business_id
  Filter: (count(DISTINCT e.event_type) > 1)
  Rows Removed by Filter: 4
  Buffers: shared hit=1258
  ->  Sort  (cost=6533.46..6616.79 rows=33333 width=12) (actual rows=50101 loops=1)
        Sort Key: e.business_id
        Sort Method: quicksort  Memory: 3714kB
        Buffers: shared hit=1258
        ->  Hash Join  (cost=2132.50..4029.37 rows=33333 width=12) (actual rows=50101 loops=1)
              Hash Cond: ((e.event_type)::text = (events.event_type)::text)
              Join Filter: ((e.occurences)::numeric > (avg(events.occurences)))
              Rows Removed by Join Filter: 49899
              Buffers: shared hit=1258
              ->  Seq Scan on events e  (cost=0.00..1629.00 rows=100000 width=16) (actual rows=100000 loops=1)
                    Buffers: shared hit=629
              ->  Hash  (cost=2131.25..2131.25 rows=100 width=40) (actual rows=100 loops=1)
                    Buckets: 1024  Batches: 1  Memory Usage: 14kB
                    Buffers: shared hit=629
                    ->  HashAggregate  (cost=2129.00..2130.25 rows=100 width=40) (actual rows=100 loops=1)
                          Group Key: events.event_type
                          Batches: 1  Memory Usage: 32kB
                          Buffers: shared hit=629
                          ->  Seq Scan on events  (cost=0.00..1629.00 rows=100000 width=12) (actual rows=100000 loops=1)
                                Buffers: shared hit=629
Planning Time: 0.225 ms
Execution Time: 124.527 ms",123.575,6845.88,4995,"GroupAggregate  (cost=6533.46..6845.88 rows=1665 width=4) (actual rows=4995 loops=1)
  Group Key: e.business_id
  Filter: (count(DISTINCT e.event_type) > 1)
  Rows Removed by Filter: 4
  Buffers: shared hit=1258
  ->  Sort  (cost=6533.46..6616.79 rows=33333 width=12) (actual rows=50101 loops=1)
        Sort Key: e.business_id
        Sort Method: quicksort  Memory: 3714kB
        Buffers: shared hit=1258
        ->  Hash Join  (cost=2132.50..4029.37 rows=33333 width=12) (actual rows=50101 loops=1)
              Hash Cond: ((e.event_type)::text = (events.event_type)::text)
              Join Filter: ((e.occurences)::numeric > (avg(events.occurences)))
              Rows Removed by Join Filter: 49899
              Buffers: shared hit=1258
              ->  Seq Scan on events e  (cost=0.00..1629.00 rows=100000 width=16) (actual rows=100000 loops=1)
                    Buffers: shared hit=629
              ->  Hash  (cost=2131.25..2131.25 rows=100 width=40) (actual rows=100 loops=1)
                    Buckets: 1024  Batches: 1  Memory Usage: 14kB
                    Buffers: shared hit=629
                    ->  HashAggregate  (cost=2129.00..2130.25 rows=100 width=40) (actual rows=100 loops=1)
                          Group Key: events.event_type
                          Batches: 1  Memory Usage: 32kB
                          Buffers: shared hit=629
                          ->  Seq Scan on events  (cost=0.00..1629.00 rows=100000 width=12) (actual rows=100000 loops=1)
                                Buffers: shared hit=629
Planning Time: 0.322 ms
Execution Time: 123.575 ms",123.9954,123.575,126.254,129.3626,6845.88,6845.88,4995,4995,4995,4995,normal,not normal,7.257169299999988,342.2284363,equal variances,significant,0.007936507936507936,-35.781800000000004,-41.129000000000005,-2587.42,0,True
622,1126,46,Medium,"select e.business_id as business_id from schema_1126.events as e inner join (select t_events_0.event_type as c_event_type0, avg(t_events_0.occurences) as c_avg0 from schema_1126.events as t_events_0 group by t_events_0.event_type) as m on e.event_type = m.c_event_type0 where m.c_avg0 < e.occurences group by e.business_id having 1 < count(e.event_type)",71.899,4258.46,4995,"HashAggregate  (cost=4196.03..4258.46 rows=1665 width=4) (actual rows=4995 loops=1)
  Group Key: e.business_id
  Filter: (1 < count(e.event_type))
  Batches: 1  Memory Usage: 721kB
  Rows Removed by Filter: 4
  Buffers: shared hit=1258
  ->  Hash Join  (cost=2132.50..4029.37 rows=33333 width=12) (actual rows=50101 loops=1)
        Hash Cond: ((e.event_type)::text = (t_events_0.event_type)::text)
        Join Filter: ((avg(t_events_0.occurences)) < (e.occurences)::numeric)
        Rows Removed by Join Filter: 49899
        Buffers: shared hit=1258
        ->  Seq Scan on events e  (cost=0.00..1629.00 rows=100000 width=16) (actual rows=100000 loops=1)
              Buffers: shared hit=629
        ->  Hash  (cost=2131.25..2131.25 rows=100 width=40) (actual rows=100 loops=1)
              Buckets: 1024  Batches: 1  Memory Usage: 14kB
              Buffers: shared hit=629
              ->  HashAggregate  (cost=2129.00..2130.25 rows=100 width=40) (actual rows=100 loops=1)
                    Group Key: t_events_0.event_type
                    Batches: 1  Memory Usage: 32kB
                    Buffers: shared hit=629
                    ->  Seq Scan on events t_events_0  (cost=0.00..1629.00 rows=100000 width=12) (actual rows=100000 loops=1)
                          Buffers: shared hit=629
Planning Time: 0.176 ms
Execution Time: 71.899 ms",75.11,4258.46,4995,"HashAggregate  (cost=4196.03..4258.46 rows=1665 width=4) (actual rows=4995 loops=1)
  Group Key: e.business_id
  Filter: (1 < count(e.event_type))
  Batches: 1  Memory Usage: 721kB
  Rows Removed by Filter: 4
  Buffers: shared hit=1258
  ->  Hash Join  (cost=2132.50..4029.37 rows=33333 width=12) (actual rows=50101 loops=1)
        Hash Cond: ((e.event_type)::text = (t_events_0.event_type)::text)
        Join Filter: ((avg(t_events_0.occurences)) < (e.occurences)::numeric)
        Rows Removed by Join Filter: 49899
        Buffers: shared hit=1258
        ->  Seq Scan on events e  (cost=0.00..1629.00 rows=100000 width=16) (actual rows=100000 loops=1)
              Buffers: shared hit=629
        ->  Hash  (cost=2131.25..2131.25 rows=100 width=40) (actual rows=100 loops=1)
              Buckets: 1024  Batches: 1  Memory Usage: 14kB
              Buffers: shared hit=629
              ->  HashAggregate  (cost=2129.00..2130.25 rows=100 width=40) (actual rows=100 loops=1)
                    Group Key: t_events_0.event_type
                    Batches: 1  Memory Usage: 32kB
                    Buffers: shared hit=629
                    ->  Seq Scan on events t_events_0  (cost=0.00..1629.00 rows=100000 width=12) (actual rows=100000 loops=1)
                          Buffers: shared hit=629
Planning Time: 0.235 ms
Execution Time: 75.110 ms",77.196,4258.46,4995,"HashAggregate  (cost=4196.03..4258.46 rows=1665 width=4) (actual rows=4995 loops=1)
  Group Key: e.business_id
  Filter: (1 < count(e.event_type))
  Batches: 1  Memory Usage: 721kB
  Rows Removed by Filter: 4
  Buffers: shared hit=1258
  ->  Hash Join  (cost=2132.50..4029.37 rows=33333 width=12) (actual rows=50101 loops=1)
        Hash Cond: ((e.event_type)::text = (t_events_0.event_type)::text)
        Join Filter: ((avg(t_events_0.occurences)) < (e.occurences)::numeric)
        Rows Removed by Join Filter: 49899
        Buffers: shared hit=1258
        ->  Seq Scan on events e  (cost=0.00..1629.00 rows=100000 width=16) (actual rows=100000 loops=1)
              Buffers: shared hit=629
        ->  Hash  (cost=2131.25..2131.25 rows=100 width=40) (actual rows=100 loops=1)
              Buckets: 1024  Batches: 1  Memory Usage: 14kB
              Buffers: shared hit=629
              ->  HashAggregate  (cost=2129.00..2130.25 rows=100 width=40) (actual rows=100 loops=1)
                    Group Key: t_events_0.event_type
                    Batches: 1  Memory Usage: 32kB
                    Buffers: shared hit=629
                    ->  Seq Scan on events t_events_0  (cost=0.00..1629.00 rows=100000 width=12) (actual rows=100000 loops=1)
                          Buffers: shared hit=629
Planning Time: 0.363 ms
Execution Time: 77.196 ms",78.773,4258.46,4995,"HashAggregate  (cost=4196.03..4258.46 rows=1665 width=4) (actual rows=4995 loops=1)
  Group Key: e.business_id
  Filter: (1 < count(e.event_type))
  Batches: 1  Memory Usage: 721kB
  Rows Removed by Filter: 4
  Buffers: shared hit=1258
  ->  Hash Join  (cost=2132.50..4029.37 rows=33333 width=12) (actual rows=50101 loops=1)
        Hash Cond: ((e.event_type)::text = (t_events_0.event_type)::text)
        Join Filter: ((avg(t_events_0.occurences)) < (e.occurences)::numeric)
        Rows Removed by Join Filter: 49899
        Buffers: shared hit=1258
        ->  Seq Scan on events e  (cost=0.00..1629.00 rows=100000 width=16) (actual rows=100000 loops=1)
              Buffers: shared hit=629
        ->  Hash  (cost=2131.25..2131.25 rows=100 width=40) (actual rows=100 loops=1)
              Buckets: 1024  Batches: 1  Memory Usage: 14kB
              Buffers: shared hit=629
              ->  HashAggregate  (cost=2129.00..2130.25 rows=100 width=40) (actual rows=100 loops=1)
                    Group Key: t_events_0.event_type
                    Batches: 1  Memory Usage: 32kB
                    Buffers: shared hit=629
                    ->  Seq Scan on events t_events_0  (cost=0.00..1629.00 rows=100000 width=12) (actual rows=100000 loops=1)
                          Buffers: shared hit=629
Planning Time: 0.296 ms
Execution Time: 78.773 ms",79.619,4258.46,4995,"HashAggregate  (cost=4196.03..4258.46 rows=1665 width=4) (actual rows=4995 loops=1)
  Group Key: e.business_id
  Filter: (1 < count(e.event_type))
  Batches: 1  Memory Usage: 721kB
  Rows Removed by Filter: 4
  Buffers: shared hit=1258
  ->  Hash Join  (cost=2132.50..4029.37 rows=33333 width=12) (actual rows=50101 loops=1)
        Hash Cond: ((e.event_type)::text = (t_events_0.event_type)::text)
        Join Filter: ((avg(t_events_0.occurences)) < (e.occurences)::numeric)
        Rows Removed by Join Filter: 49899
        Buffers: shared hit=1258
        ->  Seq Scan on events e  (cost=0.00..1629.00 rows=100000 width=16) (actual rows=100000 loops=1)
              Buffers: shared hit=629
        ->  Hash  (cost=2131.25..2131.25 rows=100 width=40) (actual rows=100 loops=1)
              Buckets: 1024  Batches: 1  Memory Usage: 14kB
              Buffers: shared hit=629
              ->  HashAggregate  (cost=2129.00..2130.25 rows=100 width=40) (actual rows=100 loops=1)
                    Group Key: t_events_0.event_type
                    Batches: 1  Memory Usage: 32kB
                    Buffers: shared hit=629
                    ->  Seq Scan on events t_events_0  (cost=0.00..1629.00 rows=100000 width=12) (actual rows=100000 loops=1)
                          Buffers: shared hit=629
Planning Time: 0.279 ms
Execution Time: 79.619 ms",76.5194,77.196,79.196,79.9574,4258.46,4258.46,4995,4995,4995,4995,1126_46,622,1126,46,Medium,"select business_id from schema_1126.events as e join (select event_type, avg(occurences) as avgtimes from schema_1126.events group by event_type) as m on e.event_type = m.event_type where e.occurences > m.avgtimes group by business_id having count(distinct e.event_type) > 1",121.74,6845.88,4995,"GroupAggregate  (cost=6533.46..6845.88 rows=1665 width=4) (actual rows=4995 loops=1)
  Group Key: e.business_id
  Filter: (count(DISTINCT e.event_type) > 1)
  Rows Removed by Filter: 4
  Buffers: shared hit=1258
  ->  Sort  (cost=6533.46..6616.79 rows=33333 width=12) (actual rows=50101 loops=1)
        Sort Key: e.business_id
        Sort Method: quicksort  Memory: 3714kB
        Buffers: shared hit=1258
        ->  Hash Join  (cost=2132.50..4029.37 rows=33333 width=12) (actual rows=50101 loops=1)
              Hash Cond: ((e.event_type)::text = (events.event_type)::text)
              Join Filter: ((e.occurences)::numeric > (avg(events.occurences)))
              Rows Removed by Join Filter: 49899
              Buffers: shared hit=1258
              ->  Seq Scan on events e  (cost=0.00..1629.00 rows=100000 width=16) (actual rows=100000 loops=1)
                    Buffers: shared hit=629
              ->  Hash  (cost=2131.25..2131.25 rows=100 width=40) (actual rows=100 loops=1)
                    Buckets: 1024  Batches: 1  Memory Usage: 14kB
                    Buffers: shared hit=629
                    ->  HashAggregate  (cost=2129.00..2130.25 rows=100 width=40) (actual rows=100 loops=1)
                          Group Key: events.event_type
                          Batches: 1  Memory Usage: 32kB
                          Buffers: shared hit=629
                          ->  Seq Scan on events  (cost=0.00..1629.00 rows=100000 width=12) (actual rows=100000 loops=1)
                                Buffers: shared hit=629
Planning Time: 0.267 ms
Execution Time: 121.740 ms",126.012,6845.88,4995,"GroupAggregate  (cost=6533.46..6845.88 rows=1665 width=4) (actual rows=4995 loops=1)
  Group Key: e.business_id
  Filter: (count(DISTINCT e.event_type) > 1)
  Rows Removed by Filter: 4
  Buffers: shared hit=1258
  ->  Sort  (cost=6533.46..6616.79 rows=33333 width=12) (actual rows=50101 loops=1)
        Sort Key: e.business_id
        Sort Method: quicksort  Memory: 3714kB
        Buffers: shared hit=1258
        ->  Hash Join  (cost=2132.50..4029.37 rows=33333 width=12) (actual rows=50101 loops=1)
              Hash Cond: ((e.event_type)::text = (events.event_type)::text)
              Join Filter: ((e.occurences)::numeric > (avg(events.occurences)))
              Rows Removed by Join Filter: 49899
              Buffers: shared hit=1258
              ->  Seq Scan on events e  (cost=0.00..1629.00 rows=100000 width=16) (actual rows=100000 loops=1)
                    Buffers: shared hit=629
              ->  Hash  (cost=2131.25..2131.25 rows=100 width=40) (actual rows=100 loops=1)
                    Buckets: 1024  Batches: 1  Memory Usage: 14kB
                    Buffers: shared hit=629
                    ->  HashAggregate  (cost=2129.00..2130.25 rows=100 width=40) (actual rows=100 loops=1)
                          Group Key: events.event_type
                          Batches: 1  Memory Usage: 32kB
                          Buffers: shared hit=629
                          ->  Seq Scan on events  (cost=0.00..1629.00 rows=100000 width=12) (actual rows=100000 loops=1)
                                Buffers: shared hit=629
Planning Time: 0.277 ms
Execution Time: 126.012 ms",122.094,6845.88,4995,"GroupAggregate  (cost=6533.46..6845.88 rows=1665 width=4) (actual rows=4995 loops=1)
  Group Key: e.business_id
  Filter: (count(DISTINCT e.event_type) > 1)
  Rows Removed by Filter: 4
  Buffers: shared hit=1258
  ->  Sort  (cost=6533.46..6616.79 rows=33333 width=12) (actual rows=50101 loops=1)
        Sort Key: e.business_id
        Sort Method: quicksort  Memory: 3714kB
        Buffers: shared hit=1258
        ->  Hash Join  (cost=2132.50..4029.37 rows=33333 width=12) (actual rows=50101 loops=1)
              Hash Cond: ((e.event_type)::text = (events.event_type)::text)
              Join Filter: ((e.occurences)::numeric > (avg(events.occurences)))
              Rows Removed by Join Filter: 49899
              Buffers: shared hit=1258
              ->  Seq Scan on events e  (cost=0.00..1629.00 rows=100000 width=16) (actual rows=100000 loops=1)
                    Buffers: shared hit=629
              ->  Hash  (cost=2131.25..2131.25 rows=100 width=40) (actual rows=100 loops=1)
                    Buckets: 1024  Batches: 1  Memory Usage: 14kB
                    Buffers: shared hit=629
                    ->  HashAggregate  (cost=2129.00..2130.25 rows=100 width=40) (actual rows=100 loops=1)
                          Group Key: events.event_type
                          Batches: 1  Memory Usage: 32kB
                          Buffers: shared hit=629
                          ->  Seq Scan on events  (cost=0.00..1629.00 rows=100000 width=12) (actual rows=100000 loops=1)
                                Buffers: shared hit=629
Planning Time: 0.252 ms
Execution Time: 122.094 ms",125.969,6845.88,4995,"GroupAggregate  (cost=6533.46..6845.88 rows=1665 width=4) (actual rows=4995 loops=1)
  Group Key: e.business_id
  Filter: (count(DISTINCT e.event_type) > 1)
  Rows Removed by Filter: 4
  Buffers: shared hit=1258
  ->  Sort  (cost=6533.46..6616.79 rows=33333 width=12) (actual rows=50101 loops=1)
        Sort Key: e.business_id
        Sort Method: quicksort  Memory: 3714kB
        Buffers: shared hit=1258
        ->  Hash Join  (cost=2132.50..4029.37 rows=33333 width=12) (actual rows=50101 loops=1)
              Hash Cond: ((e.event_type)::text = (events.event_type)::text)
              Join Filter: ((e.occurences)::numeric > (avg(events.occurences)))
              Rows Removed by Join Filter: 49899
              Buffers: shared hit=1258
              ->  Seq Scan on events e  (cost=0.00..1629.00 rows=100000 width=16) (actual rows=100000 loops=1)
                    Buffers: shared hit=629
              ->  Hash  (cost=2131.25..2131.25 rows=100 width=40) (actual rows=100 loops=1)
                    Buckets: 1024  Batches: 1  Memory Usage: 14kB
                    Buffers: shared hit=629
                    ->  HashAggregate  (cost=2129.00..2130.25 rows=100 width=40) (actual rows=100 loops=1)
                          Group Key: events.event_type
                          Batches: 1  Memory Usage: 32kB
                          Buffers: shared hit=629
                          ->  Seq Scan on events  (cost=0.00..1629.00 rows=100000 width=12) (actual rows=100000 loops=1)
                                Buffers: shared hit=629
Planning Time: 0.315 ms
Execution Time: 125.969 ms",121.019,6845.88,4995,"GroupAggregate  (cost=6533.46..6845.88 rows=1665 width=4) (actual rows=4995 loops=1)
  Group Key: e.business_id
  Filter: (count(DISTINCT e.event_type) > 1)
  Rows Removed by Filter: 4
  Buffers: shared hit=1258
  ->  Sort  (cost=6533.46..6616.79 rows=33333 width=12) (actual rows=50101 loops=1)
        Sort Key: e.business_id
        Sort Method: quicksort  Memory: 3714kB
        Buffers: shared hit=1258
        ->  Hash Join  (cost=2132.50..4029.37 rows=33333 width=12) (actual rows=50101 loops=1)
              Hash Cond: ((e.event_type)::text = (events.event_type)::text)
              Join Filter: ((e.occurences)::numeric > (avg(events.occurences)))
              Rows Removed by Join Filter: 49899
              Buffers: shared hit=1258
              ->  Seq Scan on events e  (cost=0.00..1629.00 rows=100000 width=16) (actual rows=100000 loops=1)
                    Buffers: shared hit=629
              ->  Hash  (cost=2131.25..2131.25 rows=100 width=40) (actual rows=100 loops=1)
                    Buckets: 1024  Batches: 1  Memory Usage: 14kB
                    Buffers: shared hit=629
                    ->  HashAggregate  (cost=2129.00..2130.25 rows=100 width=40) (actual rows=100 loops=1)
                          Group Key: events.event_type
                          Batches: 1  Memory Usage: 32kB
                          Buffers: shared hit=629
                          ->  Seq Scan on events  (cost=0.00..1629.00 rows=100000 width=12) (actual rows=100000 loops=1)
                                Buffers: shared hit=629
Planning Time: 0.304 ms
Execution Time: 121.019 ms",123.3668,122.094,125.9905,126.0292,6845.88,6845.88,4995,4995,4995,4995,normal,normal,5.886797699999995,9.619631299999993,equal variances,significant,0.003968253968253968,-46.84739999999999,-44.897999999999996,-2587.42,0,True
623,1126,52,Medium,"select e.business_id as business_id from schema_1126.events as e inner join (select t_events_0.event_type as c_event_type0, avg(t_events_0.occurences) as c_avg0 from schema_1126.events as t_events_0 group by t_events_0.event_type) as t on t.c_avg0 < e.occurences where e.event_type = t.c_event_type0 group by e.business_id having 1 < count(e.event_type)",70.57,4258.46,4995,"HashAggregate  (cost=4196.03..4258.46 rows=1665 width=4) (actual rows=4995 loops=1)
  Group Key: e.business_id
  Filter: (1 < count(e.event_type))
  Batches: 1  Memory Usage: 721kB
  Rows Removed by Filter: 4
  Buffers: shared hit=1258
  ->  Hash Join  (cost=2132.50..4029.37 rows=33333 width=12) (actual rows=50101 loops=1)
        Hash Cond: ((e.event_type)::text = (t.c_event_type0)::text)
        Join Filter: (t.c_avg0 < (e.occurences)::numeric)
        Rows Removed by Join Filter: 49899
        Buffers: shared hit=1258
        ->  Seq Scan on events e  (cost=0.00..1629.00 rows=100000 width=16) (actual rows=100000 loops=1)
              Buffers: shared hit=629
        ->  Hash  (cost=2131.25..2131.25 rows=100 width=40) (actual rows=100 loops=1)
              Buckets: 1024  Batches: 1  Memory Usage: 14kB
              Buffers: shared hit=629
              ->  Subquery Scan on t  (cost=2129.00..2131.25 rows=100 width=40) (actual rows=100 loops=1)
                    Buffers: shared hit=629
                    ->  HashAggregate  (cost=2129.00..2130.25 rows=100 width=40) (actual rows=100 loops=1)
                          Group Key: t_events_0.event_type
                          Batches: 1  Memory Usage: 32kB
                          Buffers: shared hit=629
                          ->  Seq Scan on events t_events_0  (cost=0.00..1629.00 rows=100000 width=12) (actual rows=100000 loops=1)
                                Buffers: shared hit=629
Planning Time: 0.168 ms
Execution Time: 70.570 ms",79.084,4258.46,4995,"HashAggregate  (cost=4196.03..4258.46 rows=1665 width=4) (actual rows=4995 loops=1)
  Group Key: e.business_id
  Filter: (1 < count(e.event_type))
  Batches: 1  Memory Usage: 721kB
  Rows Removed by Filter: 4
  Buffers: shared hit=1258
  ->  Hash Join  (cost=2132.50..4029.37 rows=33333 width=12) (actual rows=50101 loops=1)
        Hash Cond: ((e.event_type)::text = (t.c_event_type0)::text)
        Join Filter: (t.c_avg0 < (e.occurences)::numeric)
        Rows Removed by Join Filter: 49899
        Buffers: shared hit=1258
        ->  Seq Scan on events e  (cost=0.00..1629.00 rows=100000 width=16) (actual rows=100000 loops=1)
              Buffers: shared hit=629
        ->  Hash  (cost=2131.25..2131.25 rows=100 width=40) (actual rows=100 loops=1)
              Buckets: 1024  Batches: 1  Memory Usage: 14kB
              Buffers: shared hit=629
              ->  Subquery Scan on t  (cost=2129.00..2131.25 rows=100 width=40) (actual rows=100 loops=1)
                    Buffers: shared hit=629
                    ->  HashAggregate  (cost=2129.00..2130.25 rows=100 width=40) (actual rows=100 loops=1)
                          Group Key: t_events_0.event_type
                          Batches: 1  Memory Usage: 32kB
                          Buffers: shared hit=629
                          ->  Seq Scan on events t_events_0  (cost=0.00..1629.00 rows=100000 width=12) (actual rows=100000 loops=1)
                                Buffers: shared hit=629
Planning Time: 0.283 ms
Execution Time: 79.084 ms",77.744,4258.46,4995,"HashAggregate  (cost=4196.03..4258.46 rows=1665 width=4) (actual rows=4995 loops=1)
  Group Key: e.business_id
  Filter: (1 < count(e.event_type))
  Batches: 1  Memory Usage: 721kB
  Rows Removed by Filter: 4
  Buffers: shared hit=1258
  ->  Hash Join  (cost=2132.50..4029.37 rows=33333 width=12) (actual rows=50101 loops=1)
        Hash Cond: ((e.event_type)::text = (t.c_event_type0)::text)
        Join Filter: (t.c_avg0 < (e.occurences)::numeric)
        Rows Removed by Join Filter: 49899
        Buffers: shared hit=1258
        ->  Seq Scan on events e  (cost=0.00..1629.00 rows=100000 width=16) (actual rows=100000 loops=1)
              Buffers: shared hit=629
        ->  Hash  (cost=2131.25..2131.25 rows=100 width=40) (actual rows=100 loops=1)
              Buckets: 1024  Batches: 1  Memory Usage: 14kB
              Buffers: shared hit=629
              ->  Subquery Scan on t  (cost=2129.00..2131.25 rows=100 width=40) (actual rows=100 loops=1)
                    Buffers: shared hit=629
                    ->  HashAggregate  (cost=2129.00..2130.25 rows=100 width=40) (actual rows=100 loops=1)
                          Group Key: t_events_0.event_type
                          Batches: 1  Memory Usage: 32kB
                          Buffers: shared hit=629
                          ->  Seq Scan on events t_events_0  (cost=0.00..1629.00 rows=100000 width=12) (actual rows=100000 loops=1)
                                Buffers: shared hit=629
Planning Time: 0.291 ms
Execution Time: 77.744 ms",86.562,4258.46,4995,"HashAggregate  (cost=4196.03..4258.46 rows=1665 width=4) (actual rows=4995 loops=1)
  Group Key: e.business_id
  Filter: (1 < count(e.event_type))
  Batches: 1  Memory Usage: 721kB
  Rows Removed by Filter: 4
  Buffers: shared hit=1258
  ->  Hash Join  (cost=2132.50..4029.37 rows=33333 width=12) (actual rows=50101 loops=1)
        Hash Cond: ((e.event_type)::text = (t.c_event_type0)::text)
        Join Filter: (t.c_avg0 < (e.occurences)::numeric)
        Rows Removed by Join Filter: 49899
        Buffers: shared hit=1258
        ->  Seq Scan on events e  (cost=0.00..1629.00 rows=100000 width=16) (actual rows=100000 loops=1)
              Buffers: shared hit=629
        ->  Hash  (cost=2131.25..2131.25 rows=100 width=40) (actual rows=100 loops=1)
              Buckets: 1024  Batches: 1  Memory Usage: 14kB
              Buffers: shared hit=629
              ->  Subquery Scan on t  (cost=2129.00..2131.25 rows=100 width=40) (actual rows=100 loops=1)
                    Buffers: shared hit=629
                    ->  HashAggregate  (cost=2129.00..2130.25 rows=100 width=40) (actual rows=100 loops=1)
                          Group Key: t_events_0.event_type
                          Batches: 1  Memory Usage: 32kB
                          Buffers: shared hit=629
                          ->  Seq Scan on events t_events_0  (cost=0.00..1629.00 rows=100000 width=12) (actual rows=100000 loops=1)
                                Buffers: shared hit=629
Planning Time: 0.285 ms
Execution Time: 86.562 ms",84.435,4258.46,4995,"HashAggregate  (cost=4196.03..4258.46 rows=1665 width=4) (actual rows=4995 loops=1)
  Group Key: e.business_id
  Filter: (1 < count(e.event_type))
  Batches: 1  Memory Usage: 721kB
  Rows Removed by Filter: 4
  Buffers: shared hit=1258
  ->  Hash Join  (cost=2132.50..4029.37 rows=33333 width=12) (actual rows=50101 loops=1)
        Hash Cond: ((e.event_type)::text = (t.c_event_type0)::text)
        Join Filter: (t.c_avg0 < (e.occurences)::numeric)
        Rows Removed by Join Filter: 49899
        Buffers: shared hit=1258
        ->  Seq Scan on events e  (cost=0.00..1629.00 rows=100000 width=16) (actual rows=100000 loops=1)
              Buffers: shared hit=629
        ->  Hash  (cost=2131.25..2131.25 rows=100 width=40) (actual rows=100 loops=1)
              Buckets: 1024  Batches: 1  Memory Usage: 14kB
              Buffers: shared hit=629
              ->  Subquery Scan on t  (cost=2129.00..2131.25 rows=100 width=40) (actual rows=100 loops=1)
                    Buffers: shared hit=629
                    ->  HashAggregate  (cost=2129.00..2130.25 rows=100 width=40) (actual rows=100 loops=1)
                          Group Key: t_events_0.event_type
                          Batches: 1  Memory Usage: 32kB
                          Buffers: shared hit=629
                          ->  Seq Scan on events t_events_0  (cost=0.00..1629.00 rows=100000 width=12) (actual rows=100000 loops=1)
                                Buffers: shared hit=629
Planning Time: 0.661 ms
Execution Time: 84.435 ms",79.679,79.084,85.4985,87.4128,4258.46,4258.46,4995,4995,4995,4995,1126_52,623,1126,52,Medium,"select business_id from schema_1126.events as e join (select event_type, avg(occurences) as avg_occurence from schema_1126.events group by event_type) as t on (e.event_type = t.event_type and e.occurences > avg_occurence) group by business_id having count(distinct e.event_type) > 1",121.672,6845.88,4995,"GroupAggregate  (cost=6533.46..6845.88 rows=1665 width=4) (actual rows=4995 loops=1)
  Group Key: e.business_id
  Filter: (count(DISTINCT e.event_type) > 1)
  Rows Removed by Filter: 4
  Buffers: shared hit=1258
  ->  Sort  (cost=6533.46..6616.79 rows=33333 width=12) (actual rows=50101 loops=1)
        Sort Key: e.business_id
        Sort Method: quicksort  Memory: 3714kB
        Buffers: shared hit=1258
        ->  Hash Join  (cost=2132.50..4029.37 rows=33333 width=12) (actual rows=50101 loops=1)
              Hash Cond: ((e.event_type)::text = (events.event_type)::text)
              Join Filter: ((e.occurences)::numeric > (avg(events.occurences)))
              Rows Removed by Join Filter: 49899
              Buffers: shared hit=1258
              ->  Seq Scan on events e  (cost=0.00..1629.00 rows=100000 width=16) (actual rows=100000 loops=1)
                    Buffers: shared hit=629
              ->  Hash  (cost=2131.25..2131.25 rows=100 width=40) (actual rows=100 loops=1)
                    Buckets: 1024  Batches: 1  Memory Usage: 14kB
                    Buffers: shared hit=629
                    ->  HashAggregate  (cost=2129.00..2130.25 rows=100 width=40) (actual rows=100 loops=1)
                          Group Key: events.event_type
                          Batches: 1  Memory Usage: 32kB
                          Buffers: shared hit=629
                          ->  Seq Scan on events  (cost=0.00..1629.00 rows=100000 width=12) (actual rows=100000 loops=1)
                                Buffers: shared hit=629
Planning Time: 0.295 ms
Execution Time: 121.672 ms",129.611,6845.88,4995,"GroupAggregate  (cost=6533.46..6845.88 rows=1665 width=4) (actual rows=4995 loops=1)
  Group Key: e.business_id
  Filter: (count(DISTINCT e.event_type) > 1)
  Rows Removed by Filter: 4
  Buffers: shared hit=1258
  ->  Sort  (cost=6533.46..6616.79 rows=33333 width=12) (actual rows=50101 loops=1)
        Sort Key: e.business_id
        Sort Method: quicksort  Memory: 3714kB
        Buffers: shared hit=1258
        ->  Hash Join  (cost=2132.50..4029.37 rows=33333 width=12) (actual rows=50101 loops=1)
              Hash Cond: ((e.event_type)::text = (events.event_type)::text)
              Join Filter: ((e.occurences)::numeric > (avg(events.occurences)))
              Rows Removed by Join Filter: 49899
              Buffers: shared hit=1258
              ->  Seq Scan on events e  (cost=0.00..1629.00 rows=100000 width=16) (actual rows=100000 loops=1)
                    Buffers: shared hit=629
              ->  Hash  (cost=2131.25..2131.25 rows=100 width=40) (actual rows=100 loops=1)
                    Buckets: 1024  Batches: 1  Memory Usage: 14kB
                    Buffers: shared hit=629
                    ->  HashAggregate  (cost=2129.00..2130.25 rows=100 width=40) (actual rows=100 loops=1)
                          Group Key: events.event_type
                          Batches: 1  Memory Usage: 32kB
                          Buffers: shared hit=629
                          ->  Seq Scan on events  (cost=0.00..1629.00 rows=100000 width=12) (actual rows=100000 loops=1)
                                Buffers: shared hit=629
Planning Time: 0.252 ms
Execution Time: 129.611 ms",124.22,6845.88,4995,"GroupAggregate  (cost=6533.46..6845.88 rows=1665 width=4) (actual rows=4995 loops=1)
  Group Key: e.business_id
  Filter: (count(DISTINCT e.event_type) > 1)
  Rows Removed by Filter: 4
  Buffers: shared hit=1258
  ->  Sort  (cost=6533.46..6616.79 rows=33333 width=12) (actual rows=50101 loops=1)
        Sort Key: e.business_id
        Sort Method: quicksort  Memory: 3714kB
        Buffers: shared hit=1258
        ->  Hash Join  (cost=2132.50..4029.37 rows=33333 width=12) (actual rows=50101 loops=1)
              Hash Cond: ((e.event_type)::text = (events.event_type)::text)
              Join Filter: ((e.occurences)::numeric > (avg(events.occurences)))
              Rows Removed by Join Filter: 49899
              Buffers: shared hit=1258
              ->  Seq Scan on events e  (cost=0.00..1629.00 rows=100000 width=16) (actual rows=100000 loops=1)
                    Buffers: shared hit=629
              ->  Hash  (cost=2131.25..2131.25 rows=100 width=40) (actual rows=100 loops=1)
                    Buckets: 1024  Batches: 1  Memory Usage: 14kB
                    Buffers: shared hit=629
                    ->  HashAggregate  (cost=2129.00..2130.25 rows=100 width=40) (actual rows=100 loops=1)
                          Group Key: events.event_type
                          Batches: 1  Memory Usage: 32kB
                          Buffers: shared hit=629
                          ->  Seq Scan on events  (cost=0.00..1629.00 rows=100000 width=12) (actual rows=100000 loops=1)
                                Buffers: shared hit=629
Planning Time: 0.378 ms
Execution Time: 124.220 ms",127.525,6845.88,4995,"GroupAggregate  (cost=6533.46..6845.88 rows=1665 width=4) (actual rows=4995 loops=1)
  Group Key: e.business_id
  Filter: (count(DISTINCT e.event_type) > 1)
  Rows Removed by Filter: 4
  Buffers: shared hit=1258
  ->  Sort  (cost=6533.46..6616.79 rows=33333 width=12) (actual rows=50101 loops=1)
        Sort Key: e.business_id
        Sort Method: quicksort  Memory: 3714kB
        Buffers: shared hit=1258
        ->  Hash Join  (cost=2132.50..4029.37 rows=33333 width=12) (actual rows=50101 loops=1)
              Hash Cond: ((e.event_type)::text = (events.event_type)::text)
              Join Filter: ((e.occurences)::numeric > (avg(events.occurences)))
              Rows Removed by Join Filter: 49899
              Buffers: shared hit=1258
              ->  Seq Scan on events e  (cost=0.00..1629.00 rows=100000 width=16) (actual rows=100000 loops=1)
                    Buffers: shared hit=629
              ->  Hash  (cost=2131.25..2131.25 rows=100 width=40) (actual rows=100 loops=1)
                    Buckets: 1024  Batches: 1  Memory Usage: 14kB
                    Buffers: shared hit=629
                    ->  HashAggregate  (cost=2129.00..2130.25 rows=100 width=40) (actual rows=100 loops=1)
                          Group Key: events.event_type
                          Batches: 1  Memory Usage: 32kB
                          Buffers: shared hit=629
                          ->  Seq Scan on events  (cost=0.00..1629.00 rows=100000 width=12) (actual rows=100000 loops=1)
                                Buffers: shared hit=629
Planning Time: 0.277 ms
Execution Time: 127.525 ms",122.354,6845.88,4995,"GroupAggregate  (cost=6533.46..6845.88 rows=1665 width=4) (actual rows=4995 loops=1)
  Group Key: e.business_id
  Filter: (count(DISTINCT e.event_type) > 1)
  Rows Removed by Filter: 4
  Buffers: shared hit=1258
  ->  Sort  (cost=6533.46..6616.79 rows=33333 width=12) (actual rows=50101 loops=1)
        Sort Key: e.business_id
        Sort Method: quicksort  Memory: 3714kB
        Buffers: shared hit=1258
        ->  Hash Join  (cost=2132.50..4029.37 rows=33333 width=12) (actual rows=50101 loops=1)
              Hash Cond: ((e.event_type)::text = (events.event_type)::text)
              Join Filter: ((e.occurences)::numeric > (avg(events.occurences)))
              Rows Removed by Join Filter: 49899
              Buffers: shared hit=1258
              ->  Seq Scan on events e  (cost=0.00..1629.00 rows=100000 width=16) (actual rows=100000 loops=1)
                    Buffers: shared hit=629
              ->  Hash  (cost=2131.25..2131.25 rows=100 width=40) (actual rows=100 loops=1)
                    Buckets: 1024  Batches: 1  Memory Usage: 14kB
                    Buffers: shared hit=629
                    ->  HashAggregate  (cost=2129.00..2130.25 rows=100 width=40) (actual rows=100 loops=1)
                          Group Key: events.event_type
                          Batches: 1  Memory Usage: 32kB
                          Buffers: shared hit=629
                          ->  Seq Scan on events  (cost=0.00..1629.00 rows=100000 width=12) (actual rows=100000 loops=1)
                                Buffers: shared hit=629
Planning Time: 0.267 ms
Execution Time: 122.354 ms",125.0764,124.22,128.568,130.4454,6845.88,6845.88,4995,4995,4995,4995,normal,normal,11.573265299999989,39.266839000000026,equal variances,significant,0.003968253968253968,-45.397400000000005,-45.135999999999996,-2587.42,0,True
626,1126,56,Medium,"select e.business_id as business_id from (select avg(t_events_0.occurences) as c_avg0, t_events_0.event_type as c_event_type0 from schema_1126.events as t_events_0 group by t_events_0.event_type) as t_cte_30 left join schema_1126.events as e on t_cte_30.c_avg0 < e.occurences where e.event_type = t_cte_30.c_event_type0 group by e.business_id having 1 < count(e.event_type)",70.819,4258.46,4995,"HashAggregate  (cost=4196.03..4258.46 rows=1665 width=4) (actual rows=4995 loops=1)
  Group Key: e.business_id
  Filter: (1 < count(e.event_type))
  Batches: 1  Memory Usage: 721kB
  Rows Removed by Filter: 4
  Buffers: shared hit=1258
  ->  Hash Join  (cost=2132.50..4029.37 rows=33333 width=12) (actual rows=50101 loops=1)
        Hash Cond: ((e.event_type)::text = (t_events_0.event_type)::text)
        Join Filter: ((avg(t_events_0.occurences)) < (e.occurences)::numeric)
        Rows Removed by Join Filter: 49899
        Buffers: shared hit=1258
        ->  Seq Scan on events e  (cost=0.00..1629.00 rows=100000 width=16) (actual rows=100000 loops=1)
              Buffers: shared hit=629
        ->  Hash  (cost=2131.25..2131.25 rows=100 width=40) (actual rows=100 loops=1)
              Buckets: 1024  Batches: 1  Memory Usage: 14kB
              Buffers: shared hit=629
              ->  HashAggregate  (cost=2129.00..2130.25 rows=100 width=40) (actual rows=100 loops=1)
                    Group Key: t_events_0.event_type
                    Batches: 1  Memory Usage: 32kB
                    Buffers: shared hit=629
                    ->  Seq Scan on events t_events_0  (cost=0.00..1629.00 rows=100000 width=12) (actual rows=100000 loops=1)
                          Buffers: shared hit=629
Planning Time: 0.188 ms
Execution Time: 70.819 ms",75.618,4258.46,4995,"HashAggregate  (cost=4196.03..4258.46 rows=1665 width=4) (actual rows=4995 loops=1)
  Group Key: e.business_id
  Filter: (1 < count(e.event_type))
  Batches: 1  Memory Usage: 721kB
  Rows Removed by Filter: 4
  Buffers: shared hit=1258
  ->  Hash Join  (cost=2132.50..4029.37 rows=33333 width=12) (actual rows=50101 loops=1)
        Hash Cond: ((e.event_type)::text = (t_events_0.event_type)::text)
        Join Filter: ((avg(t_events_0.occurences)) < (e.occurences)::numeric)
        Rows Removed by Join Filter: 49899
        Buffers: shared hit=1258
        ->  Seq Scan on events e  (cost=0.00..1629.00 rows=100000 width=16) (actual rows=100000 loops=1)
              Buffers: shared hit=629
        ->  Hash  (cost=2131.25..2131.25 rows=100 width=40) (actual rows=100 loops=1)
              Buckets: 1024  Batches: 1  Memory Usage: 14kB
              Buffers: shared hit=629
              ->  HashAggregate  (cost=2129.00..2130.25 rows=100 width=40) (actual rows=100 loops=1)
                    Group Key: t_events_0.event_type
                    Batches: 1  Memory Usage: 32kB
                    Buffers: shared hit=629
                    ->  Seq Scan on events t_events_0  (cost=0.00..1629.00 rows=100000 width=12) (actual rows=100000 loops=1)
                          Buffers: shared hit=629
Planning Time: 0.221 ms
Execution Time: 75.618 ms",80.21,4258.46,4995,"HashAggregate  (cost=4196.03..4258.46 rows=1665 width=4) (actual rows=4995 loops=1)
  Group Key: e.business_id
  Filter: (1 < count(e.event_type))
  Batches: 1  Memory Usage: 721kB
  Rows Removed by Filter: 4
  Buffers: shared hit=1258
  ->  Hash Join  (cost=2132.50..4029.37 rows=33333 width=12) (actual rows=50101 loops=1)
        Hash Cond: ((e.event_type)::text = (t_events_0.event_type)::text)
        Join Filter: ((avg(t_events_0.occurences)) < (e.occurences)::numeric)
        Rows Removed by Join Filter: 49899
        Buffers: shared hit=1258
        ->  Seq Scan on events e  (cost=0.00..1629.00 rows=100000 width=16) (actual rows=100000 loops=1)
              Buffers: shared hit=629
        ->  Hash  (cost=2131.25..2131.25 rows=100 width=40) (actual rows=100 loops=1)
              Buckets: 1024  Batches: 1  Memory Usage: 14kB
              Buffers: shared hit=629
              ->  HashAggregate  (cost=2129.00..2130.25 rows=100 width=40) (actual rows=100 loops=1)
                    Group Key: t_events_0.event_type
                    Batches: 1  Memory Usage: 32kB
                    Buffers: shared hit=629
                    ->  Seq Scan on events t_events_0  (cost=0.00..1629.00 rows=100000 width=12) (actual rows=100000 loops=1)
                          Buffers: shared hit=629
Planning Time: 0.193 ms
Execution Time: 80.210 ms",76.222,4258.46,4995,"HashAggregate  (cost=4196.03..4258.46 rows=1665 width=4) (actual rows=4995 loops=1)
  Group Key: e.business_id
  Filter: (1 < count(e.event_type))
  Batches: 1  Memory Usage: 721kB
  Rows Removed by Filter: 4
  Buffers: shared hit=1258
  ->  Hash Join  (cost=2132.50..4029.37 rows=33333 width=12) (actual rows=50101 loops=1)
        Hash Cond: ((e.event_type)::text = (t_events_0.event_type)::text)
        Join Filter: ((avg(t_events_0.occurences)) < (e.occurences)::numeric)
        Rows Removed by Join Filter: 49899
        Buffers: shared hit=1258
        ->  Seq Scan on events e  (cost=0.00..1629.00 rows=100000 width=16) (actual rows=100000 loops=1)
              Buffers: shared hit=629
        ->  Hash  (cost=2131.25..2131.25 rows=100 width=40) (actual rows=100 loops=1)
              Buckets: 1024  Batches: 1  Memory Usage: 14kB
              Buffers: shared hit=629
              ->  HashAggregate  (cost=2129.00..2130.25 rows=100 width=40) (actual rows=100 loops=1)
                    Group Key: t_events_0.event_type
                    Batches: 1  Memory Usage: 32kB
                    Buffers: shared hit=629
                    ->  Seq Scan on events t_events_0  (cost=0.00..1629.00 rows=100000 width=12) (actual rows=100000 loops=1)
                          Buffers: shared hit=629
Planning Time: 0.195 ms
Execution Time: 76.222 ms",77.675,4258.46,4995,"HashAggregate  (cost=4196.03..4258.46 rows=1665 width=4) (actual rows=4995 loops=1)
  Group Key: e.business_id
  Filter: (1 < count(e.event_type))
  Batches: 1  Memory Usage: 721kB
  Rows Removed by Filter: 4
  Buffers: shared hit=1258
  ->  Hash Join  (cost=2132.50..4029.37 rows=33333 width=12) (actual rows=50101 loops=1)
        Hash Cond: ((e.event_type)::text = (t_events_0.event_type)::text)
        Join Filter: ((avg(t_events_0.occurences)) < (e.occurences)::numeric)
        Rows Removed by Join Filter: 49899
        Buffers: shared hit=1258
        ->  Seq Scan on events e  (cost=0.00..1629.00 rows=100000 width=16) (actual rows=100000 loops=1)
              Buffers: shared hit=629
        ->  Hash  (cost=2131.25..2131.25 rows=100 width=40) (actual rows=100 loops=1)
              Buckets: 1024  Batches: 1  Memory Usage: 14kB
              Buffers: shared hit=629
              ->  HashAggregate  (cost=2129.00..2130.25 rows=100 width=40) (actual rows=100 loops=1)
                    Group Key: t_events_0.event_type
                    Batches: 1  Memory Usage: 32kB
                    Buffers: shared hit=629
                    ->  Seq Scan on events t_events_0  (cost=0.00..1629.00 rows=100000 width=12) (actual rows=100000 loops=1)
                          Buffers: shared hit=629
Planning Time: 0.189 ms
Execution Time: 77.675 ms",76.1088,76.222,78.9425,81.224,4258.46,4258.46,4995,4995,4995,4995,1126_56,626,1126,56,Medium,"select e.business_id from schema_1126.events as e left outer join (select distinct event_type, avg(occurences) as avg_occ from schema_1126.events group by event_type) as t on e.event_type = t.event_type where e.occurences > t.avg_occ group by e.business_id having count(distinct e.event_type) > 1",119.505,6849.95,4995,"GroupAggregate  (cost=6537.53..6849.95 rows=1665 width=4) (actual rows=4995 loops=1)
  Group Key: e.business_id
  Filter: (count(DISTINCT e.event_type) > 1)
  Rows Removed by Filter: 4
  Buffers: shared hit=1258
  ->  Sort  (cost=6537.53..6620.86 rows=33333 width=12) (actual rows=50101 loops=1)
        Sort Key: e.business_id
        Sort Method: quicksort  Memory: 3714kB
        Buffers: shared hit=1258
        ->  Hash Join  (cost=2136.57..4033.44 rows=33333 width=12) (actual rows=50101 loops=1)
              Hash Cond: ((e.event_type)::text = (events.event_type)::text)
              Join Filter: ((e.occurences)::numeric > (avg(events.occurences)))
              Rows Removed by Join Filter: 49899
              Buffers: shared hit=1258
              ->  Seq Scan on events e  (cost=0.00..1629.00 rows=100000 width=16) (actual rows=100000 loops=1)
                    Buffers: shared hit=629
              ->  Hash  (cost=2135.32..2135.32 rows=100 width=40) (actual rows=100 loops=1)
                    Buckets: 1024  Batches: 1  Memory Usage: 14kB
                    Buffers: shared hit=629
                    ->  Unique  (cost=2133.57..2134.32 rows=100 width=40) (actual rows=100 loops=1)
                          Buffers: shared hit=629
                          ->  Sort  (cost=2133.57..2133.82 rows=100 width=40) (actual rows=100 loops=1)
                                Sort Key: events.event_type, (avg(events.occurences))
                                Sort Method: quicksort  Memory: 32kB
                                Buffers: shared hit=629
                                ->  HashAggregate  (cost=2129.00..2130.25 rows=100 width=40) (actual rows=100 loops=1)
                                      Group Key: events.event_type
                                      Batches: 1  Memory Usage: 32kB
                                      Buffers: shared hit=629
                                      ->  Seq Scan on events  (cost=0.00..1629.00 rows=100000 width=12) (actual rows=100000 loops=1)
                                            Buffers: shared hit=629
Planning Time: 0.176 ms
Execution Time: 119.505 ms",123.529,6849.95,4995,"GroupAggregate  (cost=6537.53..6849.95 rows=1665 width=4) (actual rows=4995 loops=1)
  Group Key: e.business_id
  Filter: (count(DISTINCT e.event_type) > 1)
  Rows Removed by Filter: 4
  Buffers: shared hit=1258
  ->  Sort  (cost=6537.53..6620.86 rows=33333 width=12) (actual rows=50101 loops=1)
        Sort Key: e.business_id
        Sort Method: quicksort  Memory: 3714kB
        Buffers: shared hit=1258
        ->  Hash Join  (cost=2136.57..4033.44 rows=33333 width=12) (actual rows=50101 loops=1)
              Hash Cond: ((e.event_type)::text = (events.event_type)::text)
              Join Filter: ((e.occurences)::numeric > (avg(events.occurences)))
              Rows Removed by Join Filter: 49899
              Buffers: shared hit=1258
              ->  Seq Scan on events e  (cost=0.00..1629.00 rows=100000 width=16) (actual rows=100000 loops=1)
                    Buffers: shared hit=629
              ->  Hash  (cost=2135.32..2135.32 rows=100 width=40) (actual rows=100 loops=1)
                    Buckets: 1024  Batches: 1  Memory Usage: 14kB
                    Buffers: shared hit=629
                    ->  Unique  (cost=2133.57..2134.32 rows=100 width=40) (actual rows=100 loops=1)
                          Buffers: shared hit=629
                          ->  Sort  (cost=2133.57..2133.82 rows=100 width=40) (actual rows=100 loops=1)
                                Sort Key: events.event_type, (avg(events.occurences))
                                Sort Method: quicksort  Memory: 32kB
                                Buffers: shared hit=629
                                ->  HashAggregate  (cost=2129.00..2130.25 rows=100 width=40) (actual rows=100 loops=1)
                                      Group Key: events.event_type
                                      Batches: 1  Memory Usage: 32kB
                                      Buffers: shared hit=629
                                      ->  Seq Scan on events  (cost=0.00..1629.00 rows=100000 width=12) (actual rows=100000 loops=1)
                                            Buffers: shared hit=629
Planning Time: 0.225 ms
Execution Time: 123.529 ms",122.32,6849.95,4995,"GroupAggregate  (cost=6537.53..6849.95 rows=1665 width=4) (actual rows=4995 loops=1)
  Group Key: e.business_id
  Filter: (count(DISTINCT e.event_type) > 1)
  Rows Removed by Filter: 4
  Buffers: shared hit=1258
  ->  Sort  (cost=6537.53..6620.86 rows=33333 width=12) (actual rows=50101 loops=1)
        Sort Key: e.business_id
        Sort Method: quicksort  Memory: 3714kB
        Buffers: shared hit=1258
        ->  Hash Join  (cost=2136.57..4033.44 rows=33333 width=12) (actual rows=50101 loops=1)
              Hash Cond: ((e.event_type)::text = (events.event_type)::text)
              Join Filter: ((e.occurences)::numeric > (avg(events.occurences)))
              Rows Removed by Join Filter: 49899
              Buffers: shared hit=1258
              ->  Seq Scan on events e  (cost=0.00..1629.00 rows=100000 width=16) (actual rows=100000 loops=1)
                    Buffers: shared hit=629
              ->  Hash  (cost=2135.32..2135.32 rows=100 width=40) (actual rows=100 loops=1)
                    Buckets: 1024  Batches: 1  Memory Usage: 14kB
                    Buffers: shared hit=629
                    ->  Unique  (cost=2133.57..2134.32 rows=100 width=40) (actual rows=100 loops=1)
                          Buffers: shared hit=629
                          ->  Sort  (cost=2133.57..2133.82 rows=100 width=40) (actual rows=100 loops=1)
                                Sort Key: events.event_type, (avg(events.occurences))
                                Sort Method: quicksort  Memory: 32kB
                                Buffers: shared hit=629
                                ->  HashAggregate  (cost=2129.00..2130.25 rows=100 width=40) (actual rows=100 loops=1)
                                      Group Key: events.event_type
                                      Batches: 1  Memory Usage: 32kB
                                      Buffers: shared hit=629
                                      ->  Seq Scan on events  (cost=0.00..1629.00 rows=100000 width=12) (actual rows=100000 loops=1)
                                            Buffers: shared hit=629
Planning Time: 0.282 ms
Execution Time: 122.320 ms",125.412,6849.95,4995,"GroupAggregate  (cost=6537.53..6849.95 rows=1665 width=4) (actual rows=4995 loops=1)
  Group Key: e.business_id
  Filter: (count(DISTINCT e.event_type) > 1)
  Rows Removed by Filter: 4
  Buffers: shared hit=1258
  ->  Sort  (cost=6537.53..6620.86 rows=33333 width=12) (actual rows=50101 loops=1)
        Sort Key: e.business_id
        Sort Method: quicksort  Memory: 3714kB
        Buffers: shared hit=1258
        ->  Hash Join  (cost=2136.57..4033.44 rows=33333 width=12) (actual rows=50101 loops=1)
              Hash Cond: ((e.event_type)::text = (events.event_type)::text)
              Join Filter: ((e.occurences)::numeric > (avg(events.occurences)))
              Rows Removed by Join Filter: 49899
              Buffers: shared hit=1258
              ->  Seq Scan on events e  (cost=0.00..1629.00 rows=100000 width=16) (actual rows=100000 loops=1)
                    Buffers: shared hit=629
              ->  Hash  (cost=2135.32..2135.32 rows=100 width=40) (actual rows=100 loops=1)
                    Buckets: 1024  Batches: 1  Memory Usage: 14kB
                    Buffers: shared hit=629
                    ->  Unique  (cost=2133.57..2134.32 rows=100 width=40) (actual rows=100 loops=1)
                          Buffers: shared hit=629
                          ->  Sort  (cost=2133.57..2133.82 rows=100 width=40) (actual rows=100 loops=1)
                                Sort Key: events.event_type, (avg(events.occurences))
                                Sort Method: quicksort  Memory: 32kB
                                Buffers: shared hit=629
                                ->  HashAggregate  (cost=2129.00..2130.25 rows=100 width=40) (actual rows=100 loops=1)
                                      Group Key: events.event_type
                                      Batches: 1  Memory Usage: 32kB
                                      Buffers: shared hit=629
                                      ->  Seq Scan on events  (cost=0.00..1629.00 rows=100000 width=12) (actual rows=100000 loops=1)
                                            Buffers: shared hit=629
Planning Time: 0.373 ms
Execution Time: 125.412 ms",121.933,6849.95,4995,"GroupAggregate  (cost=6537.53..6849.95 rows=1665 width=4) (actual rows=4995 loops=1)
  Group Key: e.business_id
  Filter: (count(DISTINCT e.event_type) > 1)
  Rows Removed by Filter: 4
  Buffers: shared hit=1258
  ->  Sort  (cost=6537.53..6620.86 rows=33333 width=12) (actual rows=50101 loops=1)
        Sort Key: e.business_id
        Sort Method: quicksort  Memory: 3714kB
        Buffers: shared hit=1258
        ->  Hash Join  (cost=2136.57..4033.44 rows=33333 width=12) (actual rows=50101 loops=1)
              Hash Cond: ((e.event_type)::text = (events.event_type)::text)
              Join Filter: ((e.occurences)::numeric > (avg(events.occurences)))
              Rows Removed by Join Filter: 49899
              Buffers: shared hit=1258
              ->  Seq Scan on events e  (cost=0.00..1629.00 rows=100000 width=16) (actual rows=100000 loops=1)
                    Buffers: shared hit=629
              ->  Hash  (cost=2135.32..2135.32 rows=100 width=40) (actual rows=100 loops=1)
                    Buckets: 1024  Batches: 1  Memory Usage: 14kB
                    Buffers: shared hit=629
                    ->  Unique  (cost=2133.57..2134.32 rows=100 width=40) (actual rows=100 loops=1)
                          Buffers: shared hit=629
                          ->  Sort  (cost=2133.57..2133.82 rows=100 width=40) (actual rows=100 loops=1)
                                Sort Key: events.event_type, (avg(events.occurences))
                                Sort Method: quicksort  Memory: 32kB
                                Buffers: shared hit=629
                                ->  HashAggregate  (cost=2129.00..2130.25 rows=100 width=40) (actual rows=100 loops=1)
                                      Group Key: events.event_type
                                      Batches: 1  Memory Usage: 32kB
                                      Buffers: shared hit=629
                                      ->  Seq Scan on events  (cost=0.00..1629.00 rows=100000 width=12) (actual rows=100000 loops=1)
                                            Buffers: shared hit=629
Planning Time: 0.258 ms
Execution Time: 121.933 ms",122.5398,122.32,124.4705,126.1652,6849.95,6849.95,4995,4995,4995,4995,normal,normal,4.713644700000013,11.87712669999998,equal variances,significant,0.003968253968253968,-46.431,-46.098,-2591.49,0,True
627,1126,58,Medium,"select e.business_id as business_id from (select t_events_0.event_type as c_event_type0, avg(t_events_0.occurences) as c_avg0 from schema_1126.events as t_events_0 group by t_events_0.event_type) as t left join schema_1126.events as e on t.c_avg0 < e.occurences where e.event_type = t.c_event_type0 group by e.business_id having 1 < count(e.event_type)",70.98,4258.46,4995,"HashAggregate  (cost=4196.03..4258.46 rows=1665 width=4) (actual rows=4995 loops=1)
  Group Key: e.business_id
  Filter: (1 < count(e.event_type))
  Batches: 1  Memory Usage: 721kB
  Rows Removed by Filter: 4
  Buffers: shared hit=1258
  ->  Hash Join  (cost=2132.50..4029.37 rows=33333 width=12) (actual rows=50101 loops=1)
        Hash Cond: ((e.event_type)::text = (t.c_event_type0)::text)
        Join Filter: (t.c_avg0 < (e.occurences)::numeric)
        Rows Removed by Join Filter: 49899
        Buffers: shared hit=1258
        ->  Seq Scan on events e  (cost=0.00..1629.00 rows=100000 width=16) (actual rows=100000 loops=1)
              Buffers: shared hit=629
        ->  Hash  (cost=2131.25..2131.25 rows=100 width=40) (actual rows=100 loops=1)
              Buckets: 1024  Batches: 1  Memory Usage: 14kB
              Buffers: shared hit=629
              ->  Subquery Scan on t  (cost=2129.00..2131.25 rows=100 width=40) (actual rows=100 loops=1)
                    Buffers: shared hit=629
                    ->  HashAggregate  (cost=2129.00..2130.25 rows=100 width=40) (actual rows=100 loops=1)
                          Group Key: t_events_0.event_type
                          Batches: 1  Memory Usage: 32kB
                          Buffers: shared hit=629
                          ->  Seq Scan on events t_events_0  (cost=0.00..1629.00 rows=100000 width=12) (actual rows=100000 loops=1)
                                Buffers: shared hit=629
Planning Time: 0.164 ms
Execution Time: 70.980 ms",79.215,4258.46,4995,"HashAggregate  (cost=4196.03..4258.46 rows=1665 width=4) (actual rows=4995 loops=1)
  Group Key: e.business_id
  Filter: (1 < count(e.event_type))
  Batches: 1  Memory Usage: 721kB
  Rows Removed by Filter: 4
  Buffers: shared hit=1258
  ->  Hash Join  (cost=2132.50..4029.37 rows=33333 width=12) (actual rows=50101 loops=1)
        Hash Cond: ((e.event_type)::text = (t.c_event_type0)::text)
        Join Filter: (t.c_avg0 < (e.occurences)::numeric)
        Rows Removed by Join Filter: 49899
        Buffers: shared hit=1258
        ->  Seq Scan on events e  (cost=0.00..1629.00 rows=100000 width=16) (actual rows=100000 loops=1)
              Buffers: shared hit=629
        ->  Hash  (cost=2131.25..2131.25 rows=100 width=40) (actual rows=100 loops=1)
              Buckets: 1024  Batches: 1  Memory Usage: 14kB
              Buffers: shared hit=629
              ->  Subquery Scan on t  (cost=2129.00..2131.25 rows=100 width=40) (actual rows=100 loops=1)
                    Buffers: shared hit=629
                    ->  HashAggregate  (cost=2129.00..2130.25 rows=100 width=40) (actual rows=100 loops=1)
                          Group Key: t_events_0.event_type
                          Batches: 1  Memory Usage: 32kB
                          Buffers: shared hit=629
                          ->  Seq Scan on events t_events_0  (cost=0.00..1629.00 rows=100000 width=12) (actual rows=100000 loops=1)
                                Buffers: shared hit=629
Planning Time: 0.137 ms
Execution Time: 79.215 ms",78.51,4258.46,4995,"HashAggregate  (cost=4196.03..4258.46 rows=1665 width=4) (actual rows=4995 loops=1)
  Group Key: e.business_id
  Filter: (1 < count(e.event_type))
  Batches: 1  Memory Usage: 721kB
  Rows Removed by Filter: 4
  Buffers: shared hit=1258
  ->  Hash Join  (cost=2132.50..4029.37 rows=33333 width=12) (actual rows=50101 loops=1)
        Hash Cond: ((e.event_type)::text = (t.c_event_type0)::text)
        Join Filter: (t.c_avg0 < (e.occurences)::numeric)
        Rows Removed by Join Filter: 49899
        Buffers: shared hit=1258
        ->  Seq Scan on events e  (cost=0.00..1629.00 rows=100000 width=16) (actual rows=100000 loops=1)
              Buffers: shared hit=629
        ->  Hash  (cost=2131.25..2131.25 rows=100 width=40) (actual rows=100 loops=1)
              Buckets: 1024  Batches: 1  Memory Usage: 14kB
              Buffers: shared hit=629
              ->  Subquery Scan on t  (cost=2129.00..2131.25 rows=100 width=40) (actual rows=100 loops=1)
                    Buffers: shared hit=629
                    ->  HashAggregate  (cost=2129.00..2130.25 rows=100 width=40) (actual rows=100 loops=1)
                          Group Key: t_events_0.event_type
                          Batches: 1  Memory Usage: 32kB
                          Buffers: shared hit=629
                          ->  Seq Scan on events t_events_0  (cost=0.00..1629.00 rows=100000 width=12) (actual rows=100000 loops=1)
                                Buffers: shared hit=629
Planning Time: 0.197 ms
Execution Time: 78.510 ms",72.96,4258.46,4995,"HashAggregate  (cost=4196.03..4258.46 rows=1665 width=4) (actual rows=4995 loops=1)
  Group Key: e.business_id
  Filter: (1 < count(e.event_type))
  Batches: 1  Memory Usage: 721kB
  Rows Removed by Filter: 4
  Buffers: shared hit=1258
  ->  Hash Join  (cost=2132.50..4029.37 rows=33333 width=12) (actual rows=50101 loops=1)
        Hash Cond: ((e.event_type)::text = (t.c_event_type0)::text)
        Join Filter: (t.c_avg0 < (e.occurences)::numeric)
        Rows Removed by Join Filter: 49899
        Buffers: shared hit=1258
        ->  Seq Scan on events e  (cost=0.00..1629.00 rows=100000 width=16) (actual rows=100000 loops=1)
              Buffers: shared hit=629
        ->  Hash  (cost=2131.25..2131.25 rows=100 width=40) (actual rows=100 loops=1)
              Buckets: 1024  Batches: 1  Memory Usage: 14kB
              Buffers: shared hit=629
              ->  Subquery Scan on t  (cost=2129.00..2131.25 rows=100 width=40) (actual rows=100 loops=1)
                    Buffers: shared hit=629
                    ->  HashAggregate  (cost=2129.00..2130.25 rows=100 width=40) (actual rows=100 loops=1)
                          Group Key: t_events_0.event_type
                          Batches: 1  Memory Usage: 32kB
                          Buffers: shared hit=629
                          ->  Seq Scan on events t_events_0  (cost=0.00..1629.00 rows=100000 width=12) (actual rows=100000 loops=1)
                                Buffers: shared hit=629
Planning Time: 0.167 ms
Execution Time: 72.960 ms",77.27,4258.46,4995,"HashAggregate  (cost=4196.03..4258.46 rows=1665 width=4) (actual rows=4995 loops=1)
  Group Key: e.business_id
  Filter: (1 < count(e.event_type))
  Batches: 1  Memory Usage: 721kB
  Rows Removed by Filter: 4
  Buffers: shared hit=1258
  ->  Hash Join  (cost=2132.50..4029.37 rows=33333 width=12) (actual rows=50101 loops=1)
        Hash Cond: ((e.event_type)::text = (t.c_event_type0)::text)
        Join Filter: (t.c_avg0 < (e.occurences)::numeric)
        Rows Removed by Join Filter: 49899
        Buffers: shared hit=1258
        ->  Seq Scan on events e  (cost=0.00..1629.00 rows=100000 width=16) (actual rows=100000 loops=1)
              Buffers: shared hit=629
        ->  Hash  (cost=2131.25..2131.25 rows=100 width=40) (actual rows=100 loops=1)
              Buckets: 1024  Batches: 1  Memory Usage: 14kB
              Buffers: shared hit=629
              ->  Subquery Scan on t  (cost=2129.00..2131.25 rows=100 width=40) (actual rows=100 loops=1)
                    Buffers: shared hit=629
                    ->  HashAggregate  (cost=2129.00..2130.25 rows=100 width=40) (actual rows=100 loops=1)
                          Group Key: t_events_0.event_type
                          Batches: 1  Memory Usage: 32kB
                          Buffers: shared hit=629
                          ->  Seq Scan on events t_events_0  (cost=0.00..1629.00 rows=100000 width=12) (actual rows=100000 loops=1)
                                Buffers: shared hit=629
Planning Time: 0.188 ms
Execution Time: 77.270 ms",75.787,77.27,78.8625,79.497,4258.46,4258.46,4995,4995,4995,4995,1126_58,627,1126,58,Medium,"select e.business_id from schema_1126.events as e left outer join (select event_type, avg(occurences) as avg_occ from schema_1126.events group by 1) as t on e.event_type = t.event_type where e.occurences > t.avg_occ group by 1 having count(distinct e.event_type) > 1",122.77,6845.88,4995,"GroupAggregate  (cost=6533.46..6845.88 rows=1665 width=4) (actual rows=4995 loops=1)
  Group Key: e.business_id
  Filter: (count(DISTINCT e.event_type) > 1)
  Rows Removed by Filter: 4
  Buffers: shared hit=1258
  ->  Sort  (cost=6533.46..6616.79 rows=33333 width=12) (actual rows=50101 loops=1)
        Sort Key: e.business_id
        Sort Method: quicksort  Memory: 3714kB
        Buffers: shared hit=1258
        ->  Hash Join  (cost=2132.50..4029.37 rows=33333 width=12) (actual rows=50101 loops=1)
              Hash Cond: ((e.event_type)::text = (events.event_type)::text)
              Join Filter: ((e.occurences)::numeric > (avg(events.occurences)))
              Rows Removed by Join Filter: 49899
              Buffers: shared hit=1258
              ->  Seq Scan on events e  (cost=0.00..1629.00 rows=100000 width=16) (actual rows=100000 loops=1)
                    Buffers: shared hit=629
              ->  Hash  (cost=2131.25..2131.25 rows=100 width=40) (actual rows=100 loops=1)
                    Buckets: 1024  Batches: 1  Memory Usage: 14kB
                    Buffers: shared hit=629
                    ->  HashAggregate  (cost=2129.00..2130.25 rows=100 width=40) (actual rows=100 loops=1)
                          Group Key: events.event_type
                          Batches: 1  Memory Usage: 32kB
                          Buffers: shared hit=629
                          ->  Seq Scan on events  (cost=0.00..1629.00 rows=100000 width=12) (actual rows=100000 loops=1)
                                Buffers: shared hit=629
Planning Time: 0.268 ms
Execution Time: 122.770 ms",124.238,6845.88,4995,"GroupAggregate  (cost=6533.46..6845.88 rows=1665 width=4) (actual rows=4995 loops=1)
  Group Key: e.business_id
  Filter: (count(DISTINCT e.event_type) > 1)
  Rows Removed by Filter: 4
  Buffers: shared hit=1258
  ->  Sort  (cost=6533.46..6616.79 rows=33333 width=12) (actual rows=50101 loops=1)
        Sort Key: e.business_id
        Sort Method: quicksort  Memory: 3714kB
        Buffers: shared hit=1258
        ->  Hash Join  (cost=2132.50..4029.37 rows=33333 width=12) (actual rows=50101 loops=1)
              Hash Cond: ((e.event_type)::text = (events.event_type)::text)
              Join Filter: ((e.occurences)::numeric > (avg(events.occurences)))
              Rows Removed by Join Filter: 49899
              Buffers: shared hit=1258
              ->  Seq Scan on events e  (cost=0.00..1629.00 rows=100000 width=16) (actual rows=100000 loops=1)
                    Buffers: shared hit=629
              ->  Hash  (cost=2131.25..2131.25 rows=100 width=40) (actual rows=100 loops=1)
                    Buckets: 1024  Batches: 1  Memory Usage: 14kB
                    Buffers: shared hit=629
                    ->  HashAggregate  (cost=2129.00..2130.25 rows=100 width=40) (actual rows=100 loops=1)
                          Group Key: events.event_type
                          Batches: 1  Memory Usage: 32kB
                          Buffers: shared hit=629
                          ->  Seq Scan on events  (cost=0.00..1629.00 rows=100000 width=12) (actual rows=100000 loops=1)
                                Buffers: shared hit=629
Planning Time: 0.242 ms
Execution Time: 124.238 ms",123.202,6845.88,4995,"GroupAggregate  (cost=6533.46..6845.88 rows=1665 width=4) (actual rows=4995 loops=1)
  Group Key: e.business_id
  Filter: (count(DISTINCT e.event_type) > 1)
  Rows Removed by Filter: 4
  Buffers: shared hit=1258
  ->  Sort  (cost=6533.46..6616.79 rows=33333 width=12) (actual rows=50101 loops=1)
        Sort Key: e.business_id
        Sort Method: quicksort  Memory: 3714kB
        Buffers: shared hit=1258
        ->  Hash Join  (cost=2132.50..4029.37 rows=33333 width=12) (actual rows=50101 loops=1)
              Hash Cond: ((e.event_type)::text = (events.event_type)::text)
              Join Filter: ((e.occurences)::numeric > (avg(events.occurences)))
              Rows Removed by Join Filter: 49899
              Buffers: shared hit=1258
              ->  Seq Scan on events e  (cost=0.00..1629.00 rows=100000 width=16) (actual rows=100000 loops=1)
                    Buffers: shared hit=629
              ->  Hash  (cost=2131.25..2131.25 rows=100 width=40) (actual rows=100 loops=1)
                    Buckets: 1024  Batches: 1  Memory Usage: 14kB
                    Buffers: shared hit=629
                    ->  HashAggregate  (cost=2129.00..2130.25 rows=100 width=40) (actual rows=100 loops=1)
                          Group Key: events.event_type
                          Batches: 1  Memory Usage: 32kB
                          Buffers: shared hit=629
                          ->  Seq Scan on events  (cost=0.00..1629.00 rows=100000 width=12) (actual rows=100000 loops=1)
                                Buffers: shared hit=629
Planning Time: 0.284 ms
Execution Time: 123.202 ms",122.426,6845.88,4995,"GroupAggregate  (cost=6533.46..6845.88 rows=1665 width=4) (actual rows=4995 loops=1)
  Group Key: e.business_id
  Filter: (count(DISTINCT e.event_type) > 1)
  Rows Removed by Filter: 4
  Buffers: shared hit=1258
  ->  Sort  (cost=6533.46..6616.79 rows=33333 width=12) (actual rows=50101 loops=1)
        Sort Key: e.business_id
        Sort Method: quicksort  Memory: 3714kB
        Buffers: shared hit=1258
        ->  Hash Join  (cost=2132.50..4029.37 rows=33333 width=12) (actual rows=50101 loops=1)
              Hash Cond: ((e.event_type)::text = (events.event_type)::text)
              Join Filter: ((e.occurences)::numeric > (avg(events.occurences)))
              Rows Removed by Join Filter: 49899
              Buffers: shared hit=1258
              ->  Seq Scan on events e  (cost=0.00..1629.00 rows=100000 width=16) (actual rows=100000 loops=1)
                    Buffers: shared hit=629
              ->  Hash  (cost=2131.25..2131.25 rows=100 width=40) (actual rows=100 loops=1)
                    Buckets: 1024  Batches: 1  Memory Usage: 14kB
                    Buffers: shared hit=629
                    ->  HashAggregate  (cost=2129.00..2130.25 rows=100 width=40) (actual rows=100 loops=1)
                          Group Key: events.event_type
                          Batches: 1  Memory Usage: 32kB
                          Buffers: shared hit=629
                          ->  Seq Scan on events  (cost=0.00..1629.00 rows=100000 width=12) (actual rows=100000 loops=1)
                                Buffers: shared hit=629
Planning Time: 0.270 ms
Execution Time: 122.426 ms",127.176,6845.88,4995,"GroupAggregate  (cost=6533.46..6845.88 rows=1665 width=4) (actual rows=4995 loops=1)
  Group Key: e.business_id
  Filter: (count(DISTINCT e.event_type) > 1)
  Rows Removed by Filter: 4
  Buffers: shared hit=1258
  ->  Sort  (cost=6533.46..6616.79 rows=33333 width=12) (actual rows=50101 loops=1)
        Sort Key: e.business_id
        Sort Method: quicksort  Memory: 3714kB
        Buffers: shared hit=1258
        ->  Hash Join  (cost=2132.50..4029.37 rows=33333 width=12) (actual rows=50101 loops=1)
              Hash Cond: ((e.event_type)::text = (events.event_type)::text)
              Join Filter: ((e.occurences)::numeric > (avg(events.occurences)))
              Rows Removed by Join Filter: 49899
              Buffers: shared hit=1258
              ->  Seq Scan on events e  (cost=0.00..1629.00 rows=100000 width=16) (actual rows=100000 loops=1)
                    Buffers: shared hit=629
              ->  Hash  (cost=2131.25..2131.25 rows=100 width=40) (actual rows=100 loops=1)
                    Buckets: 1024  Batches: 1  Memory Usage: 14kB
                    Buffers: shared hit=629
                    ->  HashAggregate  (cost=2129.00..2130.25 rows=100 width=40) (actual rows=100 loops=1)
                          Group Key: events.event_type
                          Batches: 1  Memory Usage: 32kB
                          Buffers: shared hit=629
                          ->  Seq Scan on events  (cost=0.00..1629.00 rows=100000 width=12) (actual rows=100000 loops=1)
                                Buffers: shared hit=629
Planning Time: 0.272 ms
Execution Time: 127.176 ms",123.9624,123.202,125.707,128.3512,6845.88,6845.88,4995,4995,4995,4995,normal,normal,3.6909328000000046,13.11609500000001,equal variances,significant,0.003968253968253968,-48.175399999999996,-45.932,-2587.42,0,True
628,1126,60,Medium,"select e.business_id as business_id from (select t_events_0.event_type as c_event_type0, avg(t_events_0.occurences) as c_avg0 from schema_1126.events as t_events_0 group by t_events_0.event_type) as t1 left join schema_1126.events as e on t1.c_avg0 < e.occurences where e.event_type = t1.c_event_type0 group by e.business_id having 1 < count(e.event_type)",71.359,4258.46,4995,"HashAggregate  (cost=4196.03..4258.46 rows=1665 width=4) (actual rows=4995 loops=1)
  Group Key: e.business_id
  Filter: (1 < count(e.event_type))
  Batches: 1  Memory Usage: 721kB
  Rows Removed by Filter: 4
  Buffers: shared hit=1258
  ->  Hash Join  (cost=2132.50..4029.37 rows=33333 width=12) (actual rows=50101 loops=1)
        Hash Cond: ((e.event_type)::text = (t1.c_event_type0)::text)
        Join Filter: (t1.c_avg0 < (e.occurences)::numeric)
        Rows Removed by Join Filter: 49899
        Buffers: shared hit=1258
        ->  Seq Scan on events e  (cost=0.00..1629.00 rows=100000 width=16) (actual rows=100000 loops=1)
              Buffers: shared hit=629
        ->  Hash  (cost=2131.25..2131.25 rows=100 width=40) (actual rows=100 loops=1)
              Buckets: 1024  Batches: 1  Memory Usage: 14kB
              Buffers: shared hit=629
              ->  Subquery Scan on t1  (cost=2129.00..2131.25 rows=100 width=40) (actual rows=100 loops=1)
                    Buffers: shared hit=629
                    ->  HashAggregate  (cost=2129.00..2130.25 rows=100 width=40) (actual rows=100 loops=1)
                          Group Key: t_events_0.event_type
                          Batches: 1  Memory Usage: 32kB
                          Buffers: shared hit=629
                          ->  Seq Scan on events t_events_0  (cost=0.00..1629.00 rows=100000 width=12) (actual rows=100000 loops=1)
                                Buffers: shared hit=629
Planning Time: 0.132 ms
Execution Time: 71.359 ms",77.147,4258.46,4995,"HashAggregate  (cost=4196.03..4258.46 rows=1665 width=4) (actual rows=4995 loops=1)
  Group Key: e.business_id
  Filter: (1 < count(e.event_type))
  Batches: 1  Memory Usage: 721kB
  Rows Removed by Filter: 4
  Buffers: shared hit=1258
  ->  Hash Join  (cost=2132.50..4029.37 rows=33333 width=12) (actual rows=50101 loops=1)
        Hash Cond: ((e.event_type)::text = (t1.c_event_type0)::text)
        Join Filter: (t1.c_avg0 < (e.occurences)::numeric)
        Rows Removed by Join Filter: 49899
        Buffers: shared hit=1258
        ->  Seq Scan on events e  (cost=0.00..1629.00 rows=100000 width=16) (actual rows=100000 loops=1)
              Buffers: shared hit=629
        ->  Hash  (cost=2131.25..2131.25 rows=100 width=40) (actual rows=100 loops=1)
              Buckets: 1024  Batches: 1  Memory Usage: 14kB
              Buffers: shared hit=629
              ->  Subquery Scan on t1  (cost=2129.00..2131.25 rows=100 width=40) (actual rows=100 loops=1)
                    Buffers: shared hit=629
                    ->  HashAggregate  (cost=2129.00..2130.25 rows=100 width=40) (actual rows=100 loops=1)
                          Group Key: t_events_0.event_type
                          Batches: 1  Memory Usage: 32kB
                          Buffers: shared hit=629
                          ->  Seq Scan on events t_events_0  (cost=0.00..1629.00 rows=100000 width=12) (actual rows=100000 loops=1)
                                Buffers: shared hit=629
Planning Time: 0.206 ms
Execution Time: 77.147 ms",74.811,4258.46,4995,"HashAggregate  (cost=4196.03..4258.46 rows=1665 width=4) (actual rows=4995 loops=1)
  Group Key: e.business_id
  Filter: (1 < count(e.event_type))
  Batches: 1  Memory Usage: 721kB
  Rows Removed by Filter: 4
  Buffers: shared hit=1258
  ->  Hash Join  (cost=2132.50..4029.37 rows=33333 width=12) (actual rows=50101 loops=1)
        Hash Cond: ((e.event_type)::text = (t1.c_event_type0)::text)
        Join Filter: (t1.c_avg0 < (e.occurences)::numeric)
        Rows Removed by Join Filter: 49899
        Buffers: shared hit=1258
        ->  Seq Scan on events e  (cost=0.00..1629.00 rows=100000 width=16) (actual rows=100000 loops=1)
              Buffers: shared hit=629
        ->  Hash  (cost=2131.25..2131.25 rows=100 width=40) (actual rows=100 loops=1)
              Buckets: 1024  Batches: 1  Memory Usage: 14kB
              Buffers: shared hit=629
              ->  Subquery Scan on t1  (cost=2129.00..2131.25 rows=100 width=40) (actual rows=100 loops=1)
                    Buffers: shared hit=629
                    ->  HashAggregate  (cost=2129.00..2130.25 rows=100 width=40) (actual rows=100 loops=1)
                          Group Key: t_events_0.event_type
                          Batches: 1  Memory Usage: 32kB
                          Buffers: shared hit=629
                          ->  Seq Scan on events t_events_0  (cost=0.00..1629.00 rows=100000 width=12) (actual rows=100000 loops=1)
                                Buffers: shared hit=629
Planning Time: 0.197 ms
Execution Time: 74.811 ms",74.41,4258.46,4995,"HashAggregate  (cost=4196.03..4258.46 rows=1665 width=4) (actual rows=4995 loops=1)
  Group Key: e.business_id
  Filter: (1 < count(e.event_type))
  Batches: 1  Memory Usage: 721kB
  Rows Removed by Filter: 4
  Buffers: shared hit=1258
  ->  Hash Join  (cost=2132.50..4029.37 rows=33333 width=12) (actual rows=50101 loops=1)
        Hash Cond: ((e.event_type)::text = (t1.c_event_type0)::text)
        Join Filter: (t1.c_avg0 < (e.occurences)::numeric)
        Rows Removed by Join Filter: 49899
        Buffers: shared hit=1258
        ->  Seq Scan on events e  (cost=0.00..1629.00 rows=100000 width=16) (actual rows=100000 loops=1)
              Buffers: shared hit=629
        ->  Hash  (cost=2131.25..2131.25 rows=100 width=40) (actual rows=100 loops=1)
              Buckets: 1024  Batches: 1  Memory Usage: 14kB
              Buffers: shared hit=629
              ->  Subquery Scan on t1  (cost=2129.00..2131.25 rows=100 width=40) (actual rows=100 loops=1)
                    Buffers: shared hit=629
                    ->  HashAggregate  (cost=2129.00..2130.25 rows=100 width=40) (actual rows=100 loops=1)
                          Group Key: t_events_0.event_type
                          Batches: 1  Memory Usage: 32kB
                          Buffers: shared hit=629
                          ->  Seq Scan on events t_events_0  (cost=0.00..1629.00 rows=100000 width=12) (actual rows=100000 loops=1)
                                Buffers: shared hit=629
Planning Time: 0.202 ms
Execution Time: 74.410 ms",72.529,4258.46,4995,"HashAggregate  (cost=4196.03..4258.46 rows=1665 width=4) (actual rows=4995 loops=1)
  Group Key: e.business_id
  Filter: (1 < count(e.event_type))
  Batches: 1  Memory Usage: 721kB
  Rows Removed by Filter: 4
  Buffers: shared hit=1258
  ->  Hash Join  (cost=2132.50..4029.37 rows=33333 width=12) (actual rows=50101 loops=1)
        Hash Cond: ((e.event_type)::text = (t1.c_event_type0)::text)
        Join Filter: (t1.c_avg0 < (e.occurences)::numeric)
        Rows Removed by Join Filter: 49899
        Buffers: shared hit=1258
        ->  Seq Scan on events e  (cost=0.00..1629.00 rows=100000 width=16) (actual rows=100000 loops=1)
              Buffers: shared hit=629
        ->  Hash  (cost=2131.25..2131.25 rows=100 width=40) (actual rows=100 loops=1)
              Buckets: 1024  Batches: 1  Memory Usage: 14kB
              Buffers: shared hit=629
              ->  Subquery Scan on t1  (cost=2129.00..2131.25 rows=100 width=40) (actual rows=100 loops=1)
                    Buffers: shared hit=629
                    ->  HashAggregate  (cost=2129.00..2130.25 rows=100 width=40) (actual rows=100 loops=1)
                          Group Key: t_events_0.event_type
                          Batches: 1  Memory Usage: 32kB
                          Buffers: shared hit=629
                          ->  Seq Scan on events t_events_0  (cost=0.00..1629.00 rows=100000 width=12) (actual rows=100000 loops=1)
                                Buffers: shared hit=629
Planning Time: 0.136 ms
Execution Time: 72.529 ms",74.0512,74.41,75.979,78.0814,4258.46,4258.46,4995,4995,4995,4995,1126_60,628,1126,60,Medium,"select distinct e.business_id from schema_1126.events as e left outer join (select event_type, avg(occurences) as avg_occur from schema_1126.events group by event_type) as t1 on e.event_type = t1.event_type where e.occurences > t1.avg_occur group by e.business_id having count(distinct e.event_type) > 1",119.45,6850.04,4995,"Unique  (cost=6533.46..6850.04 rows=1665 width=4) (actual rows=4995 loops=1)
  Buffers: shared hit=1258
  ->  GroupAggregate  (cost=6533.46..6845.88 rows=1665 width=4) (actual rows=4995 loops=1)
        Group Key: e.business_id
        Filter: (count(DISTINCT e.event_type) > 1)
        Rows Removed by Filter: 4
        Buffers: shared hit=1258
        ->  Sort  (cost=6533.46..6616.79 rows=33333 width=12) (actual rows=50101 loops=1)
              Sort Key: e.business_id
              Sort Method: quicksort  Memory: 3714kB
              Buffers: shared hit=1258
              ->  Hash Join  (cost=2132.50..4029.37 rows=33333 width=12) (actual rows=50101 loops=1)
                    Hash Cond: ((e.event_type)::text = (events.event_type)::text)
                    Join Filter: ((e.occurences)::numeric > (avg(events.occurences)))
                    Rows Removed by Join Filter: 49899
                    Buffers: shared hit=1258
                    ->  Seq Scan on events e  (cost=0.00..1629.00 rows=100000 width=16) (actual rows=100000 loops=1)
                          Buffers: shared hit=629
                    ->  Hash  (cost=2131.25..2131.25 rows=100 width=40) (actual rows=100 loops=1)
                          Buckets: 1024  Batches: 1  Memory Usage: 14kB
                          Buffers: shared hit=629
                          ->  HashAggregate  (cost=2129.00..2130.25 rows=100 width=40) (actual rows=100 loops=1)
                                Group Key: events.event_type
                                Batches: 1  Memory Usage: 32kB
                                Buffers: shared hit=629
                                ->  Seq Scan on events  (cost=0.00..1629.00 rows=100000 width=12) (actual rows=100000 loops=1)
                                      Buffers: shared hit=629
Planning Time: 0.229 ms
Execution Time: 119.450 ms",128.576,6850.04,4995,"Unique  (cost=6533.46..6850.04 rows=1665 width=4) (actual rows=4995 loops=1)
  Buffers: shared hit=1258
  ->  GroupAggregate  (cost=6533.46..6845.88 rows=1665 width=4) (actual rows=4995 loops=1)
        Group Key: e.business_id
        Filter: (count(DISTINCT e.event_type) > 1)
        Rows Removed by Filter: 4
        Buffers: shared hit=1258
        ->  Sort  (cost=6533.46..6616.79 rows=33333 width=12) (actual rows=50101 loops=1)
              Sort Key: e.business_id
              Sort Method: quicksort  Memory: 3714kB
              Buffers: shared hit=1258
              ->  Hash Join  (cost=2132.50..4029.37 rows=33333 width=12) (actual rows=50101 loops=1)
                    Hash Cond: ((e.event_type)::text = (events.event_type)::text)
                    Join Filter: ((e.occurences)::numeric > (avg(events.occurences)))
                    Rows Removed by Join Filter: 49899
                    Buffers: shared hit=1258
                    ->  Seq Scan on events e  (cost=0.00..1629.00 rows=100000 width=16) (actual rows=100000 loops=1)
                          Buffers: shared hit=629
                    ->  Hash  (cost=2131.25..2131.25 rows=100 width=40) (actual rows=100 loops=1)
                          Buckets: 1024  Batches: 1  Memory Usage: 14kB
                          Buffers: shared hit=629
                          ->  HashAggregate  (cost=2129.00..2130.25 rows=100 width=40) (actual rows=100 loops=1)
                                Group Key: events.event_type
                                Batches: 1  Memory Usage: 32kB
                                Buffers: shared hit=629
                                ->  Seq Scan on events  (cost=0.00..1629.00 rows=100000 width=12) (actual rows=100000 loops=1)
                                      Buffers: shared hit=629
Planning Time: 0.298 ms
Execution Time: 128.576 ms",120.997,6850.04,4995,"Unique  (cost=6533.46..6850.04 rows=1665 width=4) (actual rows=4995 loops=1)
  Buffers: shared hit=1258
  ->  GroupAggregate  (cost=6533.46..6845.88 rows=1665 width=4) (actual rows=4995 loops=1)
        Group Key: e.business_id
        Filter: (count(DISTINCT e.event_type) > 1)
        Rows Removed by Filter: 4
        Buffers: shared hit=1258
        ->  Sort  (cost=6533.46..6616.79 rows=33333 width=12) (actual rows=50101 loops=1)
              Sort Key: e.business_id
              Sort Method: quicksort  Memory: 3714kB
              Buffers: shared hit=1258
              ->  Hash Join  (cost=2132.50..4029.37 rows=33333 width=12) (actual rows=50101 loops=1)
                    Hash Cond: ((e.event_type)::text = (events.event_type)::text)
                    Join Filter: ((e.occurences)::numeric > (avg(events.occurences)))
                    Rows Removed by Join Filter: 49899
                    Buffers: shared hit=1258
                    ->  Seq Scan on events e  (cost=0.00..1629.00 rows=100000 width=16) (actual rows=100000 loops=1)
                          Buffers: shared hit=629
                    ->  Hash  (cost=2131.25..2131.25 rows=100 width=40) (actual rows=100 loops=1)
                          Buckets: 1024  Batches: 1  Memory Usage: 14kB
                          Buffers: shared hit=629
                          ->  HashAggregate  (cost=2129.00..2130.25 rows=100 width=40) (actual rows=100 loops=1)
                                Group Key: events.event_type
                                Batches: 1  Memory Usage: 32kB
                                Buffers: shared hit=629
                                ->  Seq Scan on events  (cost=0.00..1629.00 rows=100000 width=12) (actual rows=100000 loops=1)
                                      Buffers: shared hit=629
Planning Time: 0.176 ms
Execution Time: 120.997 ms",124.077,6850.04,4995,"Unique  (cost=6533.46..6850.04 rows=1665 width=4) (actual rows=4995 loops=1)
  Buffers: shared hit=1258
  ->  GroupAggregate  (cost=6533.46..6845.88 rows=1665 width=4) (actual rows=4995 loops=1)
        Group Key: e.business_id
        Filter: (count(DISTINCT e.event_type) > 1)
        Rows Removed by Filter: 4
        Buffers: shared hit=1258
        ->  Sort  (cost=6533.46..6616.79 rows=33333 width=12) (actual rows=50101 loops=1)
              Sort Key: e.business_id
              Sort Method: quicksort  Memory: 3714kB
              Buffers: shared hit=1258
              ->  Hash Join  (cost=2132.50..4029.37 rows=33333 width=12) (actual rows=50101 loops=1)
                    Hash Cond: ((e.event_type)::text = (events.event_type)::text)
                    Join Filter: ((e.occurences)::numeric > (avg(events.occurences)))
                    Rows Removed by Join Filter: 49899
                    Buffers: shared hit=1258
                    ->  Seq Scan on events e  (cost=0.00..1629.00 rows=100000 width=16) (actual rows=100000 loops=1)
                          Buffers: shared hit=629
                    ->  Hash  (cost=2131.25..2131.25 rows=100 width=40) (actual rows=100 loops=1)
                          Buckets: 1024  Batches: 1  Memory Usage: 14kB
                          Buffers: shared hit=629
                          ->  HashAggregate  (cost=2129.00..2130.25 rows=100 width=40) (actual rows=100 loops=1)
                                Group Key: events.event_type
                                Batches: 1  Memory Usage: 32kB
                                Buffers: shared hit=629
                                ->  Seq Scan on events  (cost=0.00..1629.00 rows=100000 width=12) (actual rows=100000 loops=1)
                                      Buffers: shared hit=629
Planning Time: 0.283 ms
Execution Time: 124.077 ms",161.846,6850.04,4995,"Unique  (cost=6533.46..6850.04 rows=1665 width=4) (actual rows=4995 loops=1)
  Buffers: shared hit=1258
  ->  GroupAggregate  (cost=6533.46..6845.88 rows=1665 width=4) (actual rows=4995 loops=1)
        Group Key: e.business_id
        Filter: (count(DISTINCT e.event_type) > 1)
        Rows Removed by Filter: 4
        Buffers: shared hit=1258
        ->  Sort  (cost=6533.46..6616.79 rows=33333 width=12) (actual rows=50101 loops=1)
              Sort Key: e.business_id
              Sort Method: quicksort  Memory: 3714kB
              Buffers: shared hit=1258
              ->  Hash Join  (cost=2132.50..4029.37 rows=33333 width=12) (actual rows=50101 loops=1)
                    Hash Cond: ((e.event_type)::text = (events.event_type)::text)
                    Join Filter: ((e.occurences)::numeric > (avg(events.occurences)))
                    Rows Removed by Join Filter: 49899
                    Buffers: shared hit=1258
                    ->  Seq Scan on events e  (cost=0.00..1629.00 rows=100000 width=16) (actual rows=100000 loops=1)
                          Buffers: shared hit=629
                    ->  Hash  (cost=2131.25..2131.25 rows=100 width=40) (actual rows=100 loops=1)
                          Buckets: 1024  Batches: 1  Memory Usage: 14kB
                          Buffers: shared hit=629
                          ->  HashAggregate  (cost=2129.00..2130.25 rows=100 width=40) (actual rows=100 loops=1)
                                Group Key: events.event_type
                                Batches: 1  Memory Usage: 32kB
                                Buffers: shared hit=629
                                ->  Seq Scan on events  (cost=0.00..1629.00 rows=100000 width=12) (actual rows=100000 loops=1)
                                      Buffers: shared hit=629
Planning Time: 0.247 ms
Execution Time: 161.846 ms",130.9892,124.077,145.211,175.154,6850.04,6850.04,4995,4995,4995,4995,not normal,normal,309.68533670000005,4.963761200000021,equal variances,significant,0.003968253968253968,-56.93800000000002,-49.667,-2591.58,0,True
631,1126,135,Medium,"select t_events_0.business_id as business_id from schema_1126.events as t_events_0 left join (select t_events_1.event_type as c_event_type0, avg(t_events_1.occurences) as c_avg0 from schema_1126.events as t_events_1 group by t_events_1.event_type) as t2 on t_events_0.event_type = t2.c_event_type0 where t2.c_avg0 < t_events_0.occurences group by t_events_0.business_id having 1 < count(t_events_0.event_type)",71.126,4258.46,4995,"HashAggregate  (cost=4196.03..4258.46 rows=1665 width=4) (actual rows=4995 loops=1)
  Group Key: t_events_0.business_id
  Filter: (1 < count(t_events_0.event_type))
  Batches: 1  Memory Usage: 721kB
  Rows Removed by Filter: 4
  Buffers: shared hit=1258
  ->  Hash Join  (cost=2132.50..4029.37 rows=33333 width=12) (actual rows=50101 loops=1)
        Hash Cond: ((t_events_0.event_type)::text = (t_events_1.event_type)::text)
        Join Filter: ((avg(t_events_1.occurences)) < (t_events_0.occurences)::numeric)
        Rows Removed by Join Filter: 49899
        Buffers: shared hit=1258
        ->  Seq Scan on events t_events_0  (cost=0.00..1629.00 rows=100000 width=16) (actual rows=100000 loops=1)
              Buffers: shared hit=629
        ->  Hash  (cost=2131.25..2131.25 rows=100 width=40) (actual rows=100 loops=1)
              Buckets: 1024  Batches: 1  Memory Usage: 14kB
              Buffers: shared hit=629
              ->  HashAggregate  (cost=2129.00..2130.25 rows=100 width=40) (actual rows=100 loops=1)
                    Group Key: t_events_1.event_type
                    Batches: 1  Memory Usage: 32kB
                    Buffers: shared hit=629
                    ->  Seq Scan on events t_events_1  (cost=0.00..1629.00 rows=100000 width=12) (actual rows=100000 loops=1)
                          Buffers: shared hit=629
Planning Time: 0.171 ms
Execution Time: 71.126 ms",78.235,4258.46,4995,"HashAggregate  (cost=4196.03..4258.46 rows=1665 width=4) (actual rows=4995 loops=1)
  Group Key: t_events_0.business_id
  Filter: (1 < count(t_events_0.event_type))
  Batches: 1  Memory Usage: 721kB
  Rows Removed by Filter: 4
  Buffers: shared hit=1258
  ->  Hash Join  (cost=2132.50..4029.37 rows=33333 width=12) (actual rows=50101 loops=1)
        Hash Cond: ((t_events_0.event_type)::text = (t_events_1.event_type)::text)
        Join Filter: ((avg(t_events_1.occurences)) < (t_events_0.occurences)::numeric)
        Rows Removed by Join Filter: 49899
        Buffers: shared hit=1258
        ->  Seq Scan on events t_events_0  (cost=0.00..1629.00 rows=100000 width=16) (actual rows=100000 loops=1)
              Buffers: shared hit=629
        ->  Hash  (cost=2131.25..2131.25 rows=100 width=40) (actual rows=100 loops=1)
              Buckets: 1024  Batches: 1  Memory Usage: 14kB
              Buffers: shared hit=629
              ->  HashAggregate  (cost=2129.00..2130.25 rows=100 width=40) (actual rows=100 loops=1)
                    Group Key: t_events_1.event_type
                    Batches: 1  Memory Usage: 32kB
                    Buffers: shared hit=629
                    ->  Seq Scan on events t_events_1  (cost=0.00..1629.00 rows=100000 width=12) (actual rows=100000 loops=1)
                          Buffers: shared hit=629
Planning Time: 0.281 ms
Execution Time: 78.235 ms",78.552,4258.46,4995,"HashAggregate  (cost=4196.03..4258.46 rows=1665 width=4) (actual rows=4995 loops=1)
  Group Key: t_events_0.business_id
  Filter: (1 < count(t_events_0.event_type))
  Batches: 1  Memory Usage: 721kB
  Rows Removed by Filter: 4
  Buffers: shared hit=1258
  ->  Hash Join  (cost=2132.50..4029.37 rows=33333 width=12) (actual rows=50101 loops=1)
        Hash Cond: ((t_events_0.event_type)::text = (t_events_1.event_type)::text)
        Join Filter: ((avg(t_events_1.occurences)) < (t_events_0.occurences)::numeric)
        Rows Removed by Join Filter: 49899
        Buffers: shared hit=1258
        ->  Seq Scan on events t_events_0  (cost=0.00..1629.00 rows=100000 width=16) (actual rows=100000 loops=1)
              Buffers: shared hit=629
        ->  Hash  (cost=2131.25..2131.25 rows=100 width=40) (actual rows=100 loops=1)
              Buckets: 1024  Batches: 1  Memory Usage: 14kB
              Buffers: shared hit=629
              ->  HashAggregate  (cost=2129.00..2130.25 rows=100 width=40) (actual rows=100 loops=1)
                    Group Key: t_events_1.event_type
                    Batches: 1  Memory Usage: 32kB
                    Buffers: shared hit=629
                    ->  Seq Scan on events t_events_1  (cost=0.00..1629.00 rows=100000 width=12) (actual rows=100000 loops=1)
                          Buffers: shared hit=629
Planning Time: 0.282 ms
Execution Time: 78.552 ms",77.117,4258.46,4995,"HashAggregate  (cost=4196.03..4258.46 rows=1665 width=4) (actual rows=4995 loops=1)
  Group Key: t_events_0.business_id
  Filter: (1 < count(t_events_0.event_type))
  Batches: 1  Memory Usage: 721kB
  Rows Removed by Filter: 4
  Buffers: shared hit=1258
  ->  Hash Join  (cost=2132.50..4029.37 rows=33333 width=12) (actual rows=50101 loops=1)
        Hash Cond: ((t_events_0.event_type)::text = (t_events_1.event_type)::text)
        Join Filter: ((avg(t_events_1.occurences)) < (t_events_0.occurences)::numeric)
        Rows Removed by Join Filter: 49899
        Buffers: shared hit=1258
        ->  Seq Scan on events t_events_0  (cost=0.00..1629.00 rows=100000 width=16) (actual rows=100000 loops=1)
              Buffers: shared hit=629
        ->  Hash  (cost=2131.25..2131.25 rows=100 width=40) (actual rows=100 loops=1)
              Buckets: 1024  Batches: 1  Memory Usage: 14kB
              Buffers: shared hit=629
              ->  HashAggregate  (cost=2129.00..2130.25 rows=100 width=40) (actual rows=100 loops=1)
                    Group Key: t_events_1.event_type
                    Batches: 1  Memory Usage: 32kB
                    Buffers: shared hit=629
                    ->  Seq Scan on events t_events_1  (cost=0.00..1629.00 rows=100000 width=12) (actual rows=100000 loops=1)
                          Buffers: shared hit=629
Planning Time: 0.302 ms
Execution Time: 77.117 ms",79.542,4258.46,4995,"HashAggregate  (cost=4196.03..4258.46 rows=1665 width=4) (actual rows=4995 loops=1)
  Group Key: t_events_0.business_id
  Filter: (1 < count(t_events_0.event_type))
  Batches: 1  Memory Usage: 721kB
  Rows Removed by Filter: 4
  Buffers: shared hit=1258
  ->  Hash Join  (cost=2132.50..4029.37 rows=33333 width=12) (actual rows=50101 loops=1)
        Hash Cond: ((t_events_0.event_type)::text = (t_events_1.event_type)::text)
        Join Filter: ((avg(t_events_1.occurences)) < (t_events_0.occurences)::numeric)
        Rows Removed by Join Filter: 49899
        Buffers: shared hit=1258
        ->  Seq Scan on events t_events_0  (cost=0.00..1629.00 rows=100000 width=16) (actual rows=100000 loops=1)
              Buffers: shared hit=629
        ->  Hash  (cost=2131.25..2131.25 rows=100 width=40) (actual rows=100 loops=1)
              Buckets: 1024  Batches: 1  Memory Usage: 14kB
              Buffers: shared hit=629
              ->  HashAggregate  (cost=2129.00..2130.25 rows=100 width=40) (actual rows=100 loops=1)
                    Group Key: t_events_1.event_type
                    Batches: 1  Memory Usage: 32kB
                    Buffers: shared hit=629
                    ->  Seq Scan on events t_events_1  (cost=0.00..1629.00 rows=100000 width=12) (actual rows=100000 loops=1)
                          Buffers: shared hit=629
Planning Time: 0.283 ms
Execution Time: 79.542 ms",76.9144,78.235,79.047,79.938,4258.46,4258.46,4995,4995,4995,4995,1126_135,631,1126,135,Medium,"select events.business_id from schema_1126.events left outer join (select event_type, avg(occurences) as average from schema_1126.events group by events.event_type) as t2 on events.event_type = t2.event_type where events.occurences > t2.average group by events.business_id having count(distinct events.event_type) > 1",118.428,6845.88,4995,"GroupAggregate  (cost=6533.46..6845.88 rows=1665 width=4) (actual rows=4995 loops=1)
  Group Key: events.business_id
  Filter: (count(DISTINCT events.event_type) > 1)
  Rows Removed by Filter: 4
  Buffers: shared hit=1258
  ->  Sort  (cost=6533.46..6616.79 rows=33333 width=12) (actual rows=50101 loops=1)
        Sort Key: events.business_id
        Sort Method: quicksort  Memory: 3714kB
        Buffers: shared hit=1258
        ->  Hash Join  (cost=2132.50..4029.37 rows=33333 width=12) (actual rows=50101 loops=1)
              Hash Cond: ((events.event_type)::text = (events_1.event_type)::text)
              Join Filter: ((events.occurences)::numeric > (avg(events_1.occurences)))
              Rows Removed by Join Filter: 49899
              Buffers: shared hit=1258
              ->  Seq Scan on events  (cost=0.00..1629.00 rows=100000 width=16) (actual rows=100000 loops=1)
                    Buffers: shared hit=629
              ->  Hash  (cost=2131.25..2131.25 rows=100 width=40) (actual rows=100 loops=1)
                    Buckets: 1024  Batches: 1  Memory Usage: 14kB
                    Buffers: shared hit=629
                    ->  HashAggregate  (cost=2129.00..2130.25 rows=100 width=40) (actual rows=100 loops=1)
                          Group Key: events_1.event_type
                          Batches: 1  Memory Usage: 32kB
                          Buffers: shared hit=629
                          ->  Seq Scan on events events_1  (cost=0.00..1629.00 rows=100000 width=12) (actual rows=100000 loops=1)
                                Buffers: shared hit=629
Planning Time: 0.195 ms
Execution Time: 118.428 ms",126.567,6845.88,4995,"GroupAggregate  (cost=6533.46..6845.88 rows=1665 width=4) (actual rows=4995 loops=1)
  Group Key: events.business_id
  Filter: (count(DISTINCT events.event_type) > 1)
  Rows Removed by Filter: 4
  Buffers: shared hit=1258
  ->  Sort  (cost=6533.46..6616.79 rows=33333 width=12) (actual rows=50101 loops=1)
        Sort Key: events.business_id
        Sort Method: quicksort  Memory: 3714kB
        Buffers: shared hit=1258
        ->  Hash Join  (cost=2132.50..4029.37 rows=33333 width=12) (actual rows=50101 loops=1)
              Hash Cond: ((events.event_type)::text = (events_1.event_type)::text)
              Join Filter: ((events.occurences)::numeric > (avg(events_1.occurences)))
              Rows Removed by Join Filter: 49899
              Buffers: shared hit=1258
              ->  Seq Scan on events  (cost=0.00..1629.00 rows=100000 width=16) (actual rows=100000 loops=1)
                    Buffers: shared hit=629
              ->  Hash  (cost=2131.25..2131.25 rows=100 width=40) (actual rows=100 loops=1)
                    Buckets: 1024  Batches: 1  Memory Usage: 14kB
                    Buffers: shared hit=629
                    ->  HashAggregate  (cost=2129.00..2130.25 rows=100 width=40) (actual rows=100 loops=1)
                          Group Key: events_1.event_type
                          Batches: 1  Memory Usage: 32kB
                          Buffers: shared hit=629
                          ->  Seq Scan on events events_1  (cost=0.00..1629.00 rows=100000 width=12) (actual rows=100000 loops=1)
                                Buffers: shared hit=629
Planning Time: 0.268 ms
Execution Time: 126.567 ms",122.762,6845.88,4995,"GroupAggregate  (cost=6533.46..6845.88 rows=1665 width=4) (actual rows=4995 loops=1)
  Group Key: events.business_id
  Filter: (count(DISTINCT events.event_type) > 1)
  Rows Removed by Filter: 4
  Buffers: shared hit=1258
  ->  Sort  (cost=6533.46..6616.79 rows=33333 width=12) (actual rows=50101 loops=1)
        Sort Key: events.business_id
        Sort Method: quicksort  Memory: 3714kB
        Buffers: shared hit=1258
        ->  Hash Join  (cost=2132.50..4029.37 rows=33333 width=12) (actual rows=50101 loops=1)
              Hash Cond: ((events.event_type)::text = (events_1.event_type)::text)
              Join Filter: ((events.occurences)::numeric > (avg(events_1.occurences)))
              Rows Removed by Join Filter: 49899
              Buffers: shared hit=1258
              ->  Seq Scan on events  (cost=0.00..1629.00 rows=100000 width=16) (actual rows=100000 loops=1)
                    Buffers: shared hit=629
              ->  Hash  (cost=2131.25..2131.25 rows=100 width=40) (actual rows=100 loops=1)
                    Buckets: 1024  Batches: 1  Memory Usage: 14kB
                    Buffers: shared hit=629
                    ->  HashAggregate  (cost=2129.00..2130.25 rows=100 width=40) (actual rows=100 loops=1)
                          Group Key: events_1.event_type
                          Batches: 1  Memory Usage: 32kB
                          Buffers: shared hit=629
                          ->  Seq Scan on events events_1  (cost=0.00..1629.00 rows=100000 width=12) (actual rows=100000 loops=1)
                                Buffers: shared hit=629
Planning Time: 0.285 ms
Execution Time: 122.762 ms",128.099,6845.88,4995,"GroupAggregate  (cost=6533.46..6845.88 rows=1665 width=4) (actual rows=4995 loops=1)
  Group Key: events.business_id
  Filter: (count(DISTINCT events.event_type) > 1)
  Rows Removed by Filter: 4
  Buffers: shared hit=1258
  ->  Sort  (cost=6533.46..6616.79 rows=33333 width=12) (actual rows=50101 loops=1)
        Sort Key: events.business_id
        Sort Method: quicksort  Memory: 3714kB
        Buffers: shared hit=1258
        ->  Hash Join  (cost=2132.50..4029.37 rows=33333 width=12) (actual rows=50101 loops=1)
              Hash Cond: ((events.event_type)::text = (events_1.event_type)::text)
              Join Filter: ((events.occurences)::numeric > (avg(events_1.occurences)))
              Rows Removed by Join Filter: 49899
              Buffers: shared hit=1258
              ->  Seq Scan on events  (cost=0.00..1629.00 rows=100000 width=16) (actual rows=100000 loops=1)
                    Buffers: shared hit=629
              ->  Hash  (cost=2131.25..2131.25 rows=100 width=40) (actual rows=100 loops=1)
                    Buckets: 1024  Batches: 1  Memory Usage: 14kB
                    Buffers: shared hit=629
                    ->  HashAggregate  (cost=2129.00..2130.25 rows=100 width=40) (actual rows=100 loops=1)
                          Group Key: events_1.event_type
                          Batches: 1  Memory Usage: 32kB
                          Buffers: shared hit=629
                          ->  Seq Scan on events events_1  (cost=0.00..1629.00 rows=100000 width=12) (actual rows=100000 loops=1)
                                Buffers: shared hit=629
Planning Time: 0.275 ms
Execution Time: 128.099 ms",125.876,6845.88,4995,"GroupAggregate  (cost=6533.46..6845.88 rows=1665 width=4) (actual rows=4995 loops=1)
  Group Key: events.business_id
  Filter: (count(DISTINCT events.event_type) > 1)
  Rows Removed by Filter: 4
  Buffers: shared hit=1258
  ->  Sort  (cost=6533.46..6616.79 rows=33333 width=12) (actual rows=50101 loops=1)
        Sort Key: events.business_id
        Sort Method: quicksort  Memory: 3714kB
        Buffers: shared hit=1258
        ->  Hash Join  (cost=2132.50..4029.37 rows=33333 width=12) (actual rows=50101 loops=1)
              Hash Cond: ((events.event_type)::text = (events_1.event_type)::text)
              Join Filter: ((events.occurences)::numeric > (avg(events_1.occurences)))
              Rows Removed by Join Filter: 49899
              Buffers: shared hit=1258
              ->  Seq Scan on events  (cost=0.00..1629.00 rows=100000 width=16) (actual rows=100000 loops=1)
                    Buffers: shared hit=629
              ->  Hash  (cost=2131.25..2131.25 rows=100 width=40) (actual rows=100 loops=1)
                    Buckets: 1024  Batches: 1  Memory Usage: 14kB
                    Buffers: shared hit=629
                    ->  HashAggregate  (cost=2129.00..2130.25 rows=100 width=40) (actual rows=100 loops=1)
                          Group Key: events_1.event_type
                          Batches: 1  Memory Usage: 32kB
                          Buffers: shared hit=629
                          ->  Seq Scan on events events_1  (cost=0.00..1629.00 rows=100000 width=12) (actual rows=100000 loops=1)
                                Buffers: shared hit=629
Planning Time: 0.269 ms
Execution Time: 125.876 ms",124.3464,125.876,127.333,128.7118,6845.88,6845.88,4995,4995,4995,4995,normal,normal,14.722632299999985,11.219155299999994,equal variances,significant,0.003968253968253968,-47.432,-47.641000000000005,-2587.42,0,True
632,1126,138,Medium,"select a.business_id as business_id from schema_1126.events as a inner join (select t_events_0.event_type as c_event_type0, avg(t_events_0.occurences) as c_avg0 from schema_1126.events as t_events_0 group by t_events_0.event_type) as b on b.c_avg0 < a.occurences where a.event_type = b.c_event_type0 group by a.business_id having 1 < count(a.event_type)",74.308,4258.46,4995,"HashAggregate  (cost=4196.03..4258.46 rows=1665 width=4) (actual rows=4995 loops=1)
  Group Key: a.business_id
  Filter: (1 < count(a.event_type))
  Batches: 1  Memory Usage: 721kB
  Rows Removed by Filter: 4
  Buffers: shared hit=1258
  ->  Hash Join  (cost=2132.50..4029.37 rows=33333 width=12) (actual rows=50101 loops=1)
        Hash Cond: ((a.event_type)::text = (b.c_event_type0)::text)
        Join Filter: (b.c_avg0 < (a.occurences)::numeric)
        Rows Removed by Join Filter: 49899
        Buffers: shared hit=1258
        ->  Seq Scan on events a  (cost=0.00..1629.00 rows=100000 width=16) (actual rows=100000 loops=1)
              Buffers: shared hit=629
        ->  Hash  (cost=2131.25..2131.25 rows=100 width=40) (actual rows=100 loops=1)
              Buckets: 1024  Batches: 1  Memory Usage: 14kB
              Buffers: shared hit=629
              ->  Subquery Scan on b  (cost=2129.00..2131.25 rows=100 width=40) (actual rows=100 loops=1)
                    Buffers: shared hit=629
                    ->  HashAggregate  (cost=2129.00..2130.25 rows=100 width=40) (actual rows=100 loops=1)
                          Group Key: t_events_0.event_type
                          Batches: 1  Memory Usage: 32kB
                          Buffers: shared hit=629
                          ->  Seq Scan on events t_events_0  (cost=0.00..1629.00 rows=100000 width=12) (actual rows=100000 loops=1)
                                Buffers: shared hit=629
Planning Time: 0.276 ms
Execution Time: 74.308 ms",75.604,4258.46,4995,"HashAggregate  (cost=4196.03..4258.46 rows=1665 width=4) (actual rows=4995 loops=1)
  Group Key: a.business_id
  Filter: (1 < count(a.event_type))
  Batches: 1  Memory Usage: 721kB
  Rows Removed by Filter: 4
  Buffers: shared hit=1258
  ->  Hash Join  (cost=2132.50..4029.37 rows=33333 width=12) (actual rows=50101 loops=1)
        Hash Cond: ((a.event_type)::text = (b.c_event_type0)::text)
        Join Filter: (b.c_avg0 < (a.occurences)::numeric)
        Rows Removed by Join Filter: 49899
        Buffers: shared hit=1258
        ->  Seq Scan on events a  (cost=0.00..1629.00 rows=100000 width=16) (actual rows=100000 loops=1)
              Buffers: shared hit=629
        ->  Hash  (cost=2131.25..2131.25 rows=100 width=40) (actual rows=100 loops=1)
              Buckets: 1024  Batches: 1  Memory Usage: 14kB
              Buffers: shared hit=629
              ->  Subquery Scan on b  (cost=2129.00..2131.25 rows=100 width=40) (actual rows=100 loops=1)
                    Buffers: shared hit=629
                    ->  HashAggregate  (cost=2129.00..2130.25 rows=100 width=40) (actual rows=100 loops=1)
                          Group Key: t_events_0.event_type
                          Batches: 1  Memory Usage: 32kB
                          Buffers: shared hit=629
                          ->  Seq Scan on events t_events_0  (cost=0.00..1629.00 rows=100000 width=12) (actual rows=100000 loops=1)
                                Buffers: shared hit=629
Planning Time: 0.347 ms
Execution Time: 75.604 ms",72.165,4258.46,4995,"HashAggregate  (cost=4196.03..4258.46 rows=1665 width=4) (actual rows=4995 loops=1)
  Group Key: a.business_id
  Filter: (1 < count(a.event_type))
  Batches: 1  Memory Usage: 721kB
  Rows Removed by Filter: 4
  Buffers: shared hit=1258
  ->  Hash Join  (cost=2132.50..4029.37 rows=33333 width=12) (actual rows=50101 loops=1)
        Hash Cond: ((a.event_type)::text = (b.c_event_type0)::text)
        Join Filter: (b.c_avg0 < (a.occurences)::numeric)
        Rows Removed by Join Filter: 49899
        Buffers: shared hit=1258
        ->  Seq Scan on events a  (cost=0.00..1629.00 rows=100000 width=16) (actual rows=100000 loops=1)
              Buffers: shared hit=629
        ->  Hash  (cost=2131.25..2131.25 rows=100 width=40) (actual rows=100 loops=1)
              Buckets: 1024  Batches: 1  Memory Usage: 14kB
              Buffers: shared hit=629
              ->  Subquery Scan on b  (cost=2129.00..2131.25 rows=100 width=40) (actual rows=100 loops=1)
                    Buffers: shared hit=629
                    ->  HashAggregate  (cost=2129.00..2130.25 rows=100 width=40) (actual rows=100 loops=1)
                          Group Key: t_events_0.event_type
                          Batches: 1  Memory Usage: 32kB
                          Buffers: shared hit=629
                          ->  Seq Scan on events t_events_0  (cost=0.00..1629.00 rows=100000 width=12) (actual rows=100000 loops=1)
                                Buffers: shared hit=629
Planning Time: 0.174 ms
Execution Time: 72.165 ms",73.326,4258.46,4995,"HashAggregate  (cost=4196.03..4258.46 rows=1665 width=4) (actual rows=4995 loops=1)
  Group Key: a.business_id
  Filter: (1 < count(a.event_type))
  Batches: 1  Memory Usage: 721kB
  Rows Removed by Filter: 4
  Buffers: shared hit=1258
  ->  Hash Join  (cost=2132.50..4029.37 rows=33333 width=12) (actual rows=50101 loops=1)
        Hash Cond: ((a.event_type)::text = (b.c_event_type0)::text)
        Join Filter: (b.c_avg0 < (a.occurences)::numeric)
        Rows Removed by Join Filter: 49899
        Buffers: shared hit=1258
        ->  Seq Scan on events a  (cost=0.00..1629.00 rows=100000 width=16) (actual rows=100000 loops=1)
              Buffers: shared hit=629
        ->  Hash  (cost=2131.25..2131.25 rows=100 width=40) (actual rows=100 loops=1)
              Buckets: 1024  Batches: 1  Memory Usage: 14kB
              Buffers: shared hit=629
              ->  Subquery Scan on b  (cost=2129.00..2131.25 rows=100 width=40) (actual rows=100 loops=1)
                    Buffers: shared hit=629
                    ->  HashAggregate  (cost=2129.00..2130.25 rows=100 width=40) (actual rows=100 loops=1)
                          Group Key: t_events_0.event_type
                          Batches: 1  Memory Usage: 32kB
                          Buffers: shared hit=629
                          ->  Seq Scan on events t_events_0  (cost=0.00..1629.00 rows=100000 width=12) (actual rows=100000 loops=1)
                                Buffers: shared hit=629
Planning Time: 0.169 ms
Execution Time: 73.326 ms",75.355,4258.46,4995,"HashAggregate  (cost=4196.03..4258.46 rows=1665 width=4) (actual rows=4995 loops=1)
  Group Key: a.business_id
  Filter: (1 < count(a.event_type))
  Batches: 1  Memory Usage: 721kB
  Rows Removed by Filter: 4
  Buffers: shared hit=1258
  ->  Hash Join  (cost=2132.50..4029.37 rows=33333 width=12) (actual rows=50101 loops=1)
        Hash Cond: ((a.event_type)::text = (b.c_event_type0)::text)
        Join Filter: (b.c_avg0 < (a.occurences)::numeric)
        Rows Removed by Join Filter: 49899
        Buffers: shared hit=1258
        ->  Seq Scan on events a  (cost=0.00..1629.00 rows=100000 width=16) (actual rows=100000 loops=1)
              Buffers: shared hit=629
        ->  Hash  (cost=2131.25..2131.25 rows=100 width=40) (actual rows=100 loops=1)
              Buckets: 1024  Batches: 1  Memory Usage: 14kB
              Buffers: shared hit=629
              ->  Subquery Scan on b  (cost=2129.00..2131.25 rows=100 width=40) (actual rows=100 loops=1)
                    Buffers: shared hit=629
                    ->  HashAggregate  (cost=2129.00..2130.25 rows=100 width=40) (actual rows=100 loops=1)
                          Group Key: t_events_0.event_type
                          Batches: 1  Memory Usage: 32kB
                          Buffers: shared hit=629
                          ->  Seq Scan on events t_events_0  (cost=0.00..1629.00 rows=100000 width=12) (actual rows=100000 loops=1)
                                Buffers: shared hit=629
Planning Time: 0.362 ms
Execution Time: 75.355 ms",74.1516,74.308,75.4795,75.7036,4258.46,4258.46,4995,4995,4995,4995,1126_138,632,1126,138,Medium,"select a.business_id from schema_1126.events as a join (select event_type, avg(occurences) as avg_occurence from schema_1126.events group by event_type) as b on a.event_type = b.event_type where a.occurences > b.avg_occurence group by a.business_id having count(distinct a.event_type) > 1",120.687,6845.88,4995,"GroupAggregate  (cost=6533.46..6845.88 rows=1665 width=4) (actual rows=4995 loops=1)
  Group Key: a.business_id
  Filter: (count(DISTINCT a.event_type) > 1)
  Rows Removed by Filter: 4
  Buffers: shared hit=1258
  ->  Sort  (cost=6533.46..6616.79 rows=33333 width=12) (actual rows=50101 loops=1)
        Sort Key: a.business_id
        Sort Method: quicksort  Memory: 3714kB
        Buffers: shared hit=1258
        ->  Hash Join  (cost=2132.50..4029.37 rows=33333 width=12) (actual rows=50101 loops=1)
              Hash Cond: ((a.event_type)::text = (events.event_type)::text)
              Join Filter: ((a.occurences)::numeric > (avg(events.occurences)))
              Rows Removed by Join Filter: 49899
              Buffers: shared hit=1258
              ->  Seq Scan on events a  (cost=0.00..1629.00 rows=100000 width=16) (actual rows=100000 loops=1)
                    Buffers: shared hit=629
              ->  Hash  (cost=2131.25..2131.25 rows=100 width=40) (actual rows=100 loops=1)
                    Buckets: 1024  Batches: 1  Memory Usage: 14kB
                    Buffers: shared hit=629
                    ->  HashAggregate  (cost=2129.00..2130.25 rows=100 width=40) (actual rows=100 loops=1)
                          Group Key: events.event_type
                          Batches: 1  Memory Usage: 32kB
                          Buffers: shared hit=629
                          ->  Seq Scan on events  (cost=0.00..1629.00 rows=100000 width=12) (actual rows=100000 loops=1)
                                Buffers: shared hit=629
Planning Time: 0.304 ms
Execution Time: 120.687 ms",125.922,6845.88,4995,"GroupAggregate  (cost=6533.46..6845.88 rows=1665 width=4) (actual rows=4995 loops=1)
  Group Key: a.business_id
  Filter: (count(DISTINCT a.event_type) > 1)
  Rows Removed by Filter: 4
  Buffers: shared hit=1258
  ->  Sort  (cost=6533.46..6616.79 rows=33333 width=12) (actual rows=50101 loops=1)
        Sort Key: a.business_id
        Sort Method: quicksort  Memory: 3714kB
        Buffers: shared hit=1258
        ->  Hash Join  (cost=2132.50..4029.37 rows=33333 width=12) (actual rows=50101 loops=1)
              Hash Cond: ((a.event_type)::text = (events.event_type)::text)
              Join Filter: ((a.occurences)::numeric > (avg(events.occurences)))
              Rows Removed by Join Filter: 49899
              Buffers: shared hit=1258
              ->  Seq Scan on events a  (cost=0.00..1629.00 rows=100000 width=16) (actual rows=100000 loops=1)
                    Buffers: shared hit=629
              ->  Hash  (cost=2131.25..2131.25 rows=100 width=40) (actual rows=100 loops=1)
                    Buckets: 1024  Batches: 1  Memory Usage: 14kB
                    Buffers: shared hit=629
                    ->  HashAggregate  (cost=2129.00..2130.25 rows=100 width=40) (actual rows=100 loops=1)
                          Group Key: events.event_type
                          Batches: 1  Memory Usage: 32kB
                          Buffers: shared hit=629
                          ->  Seq Scan on events  (cost=0.00..1629.00 rows=100000 width=12) (actual rows=100000 loops=1)
                                Buffers: shared hit=629
Planning Time: 0.273 ms
Execution Time: 125.922 ms",124.267,6845.88,4995,"GroupAggregate  (cost=6533.46..6845.88 rows=1665 width=4) (actual rows=4995 loops=1)
  Group Key: a.business_id
  Filter: (count(DISTINCT a.event_type) > 1)
  Rows Removed by Filter: 4
  Buffers: shared hit=1258
  ->  Sort  (cost=6533.46..6616.79 rows=33333 width=12) (actual rows=50101 loops=1)
        Sort Key: a.business_id
        Sort Method: quicksort  Memory: 3714kB
        Buffers: shared hit=1258
        ->  Hash Join  (cost=2132.50..4029.37 rows=33333 width=12) (actual rows=50101 loops=1)
              Hash Cond: ((a.event_type)::text = (events.event_type)::text)
              Join Filter: ((a.occurences)::numeric > (avg(events.occurences)))
              Rows Removed by Join Filter: 49899
              Buffers: shared hit=1258
              ->  Seq Scan on events a  (cost=0.00..1629.00 rows=100000 width=16) (actual rows=100000 loops=1)
                    Buffers: shared hit=629
              ->  Hash  (cost=2131.25..2131.25 rows=100 width=40) (actual rows=100 loops=1)
                    Buckets: 1024  Batches: 1  Memory Usage: 14kB
                    Buffers: shared hit=629
                    ->  HashAggregate  (cost=2129.00..2130.25 rows=100 width=40) (actual rows=100 loops=1)
                          Group Key: events.event_type
                          Batches: 1  Memory Usage: 32kB
                          Buffers: shared hit=629
                          ->  Seq Scan on events  (cost=0.00..1629.00 rows=100000 width=12) (actual rows=100000 loops=1)
                                Buffers: shared hit=629
Planning Time: 0.217 ms
Execution Time: 124.267 ms",127.954,6845.88,4995,"GroupAggregate  (cost=6533.46..6845.88 rows=1665 width=4) (actual rows=4995 loops=1)
  Group Key: a.business_id
  Filter: (count(DISTINCT a.event_type) > 1)
  Rows Removed by Filter: 4
  Buffers: shared hit=1258
  ->  Sort  (cost=6533.46..6616.79 rows=33333 width=12) (actual rows=50101 loops=1)
        Sort Key: a.business_id
        Sort Method: quicksort  Memory: 3714kB
        Buffers: shared hit=1258
        ->  Hash Join  (cost=2132.50..4029.37 rows=33333 width=12) (actual rows=50101 loops=1)
              Hash Cond: ((a.event_type)::text = (events.event_type)::text)
              Join Filter: ((a.occurences)::numeric > (avg(events.occurences)))
              Rows Removed by Join Filter: 49899
              Buffers: shared hit=1258
              ->  Seq Scan on events a  (cost=0.00..1629.00 rows=100000 width=16) (actual rows=100000 loops=1)
                    Buffers: shared hit=629
              ->  Hash  (cost=2131.25..2131.25 rows=100 width=40) (actual rows=100 loops=1)
                    Buckets: 1024  Batches: 1  Memory Usage: 14kB
                    Buffers: shared hit=629
                    ->  HashAggregate  (cost=2129.00..2130.25 rows=100 width=40) (actual rows=100 loops=1)
                          Group Key: events.event_type
                          Batches: 1  Memory Usage: 32kB
                          Buffers: shared hit=629
                          ->  Seq Scan on events  (cost=0.00..1629.00 rows=100000 width=12) (actual rows=100000 loops=1)
                                Buffers: shared hit=629
Planning Time: 0.276 ms
Execution Time: 127.954 ms",122.407,6845.88,4995,"GroupAggregate  (cost=6533.46..6845.88 rows=1665 width=4) (actual rows=4995 loops=1)
  Group Key: a.business_id
  Filter: (count(DISTINCT a.event_type) > 1)
  Rows Removed by Filter: 4
  Buffers: shared hit=1258
  ->  Sort  (cost=6533.46..6616.79 rows=33333 width=12) (actual rows=50101 loops=1)
        Sort Key: a.business_id
        Sort Method: quicksort  Memory: 3714kB
        Buffers: shared hit=1258
        ->  Hash Join  (cost=2132.50..4029.37 rows=33333 width=12) (actual rows=50101 loops=1)
              Hash Cond: ((a.event_type)::text = (events.event_type)::text)
              Join Filter: ((a.occurences)::numeric > (avg(events.occurences)))
              Rows Removed by Join Filter: 49899
              Buffers: shared hit=1258
              ->  Seq Scan on events a  (cost=0.00..1629.00 rows=100000 width=16) (actual rows=100000 loops=1)
                    Buffers: shared hit=629
              ->  Hash  (cost=2131.25..2131.25 rows=100 width=40) (actual rows=100 loops=1)
                    Buckets: 1024  Batches: 1  Memory Usage: 14kB
                    Buffers: shared hit=629
                    ->  HashAggregate  (cost=2129.00..2130.25 rows=100 width=40) (actual rows=100 loops=1)
                          Group Key: events.event_type
                          Batches: 1  Memory Usage: 32kB
                          Buffers: shared hit=629
                          ->  Seq Scan on events  (cost=0.00..1629.00 rows=100000 width=12) (actual rows=100000 loops=1)
                                Buffers: shared hit=629
Planning Time: 0.362 ms
Execution Time: 122.407 ms",124.2474,124.267,126.938,128.7668,6845.88,6845.88,4995,4995,4995,4995,normal,normal,8.151768299999993,2.052573299999999,equal variances,significant,0.003968253968253968,-50.0958,-49.95899999999999,-2587.42,0,True
645,1126,178,Medium,"select a.business_id as business_id from schema_1126.events as a inner join (select t_events_0.event_type as c_event_type0, avg(t_events_0.occurences) as c_avg0 from schema_1126.events as t_events_0 group by t_events_0.event_type) as b on a.event_type = b.c_event_type0 and b.c_avg0 < a.occurences group by a.business_id having 1 < count(a.event_type)",74.493,4258.46,4995,"HashAggregate  (cost=4196.03..4258.46 rows=1665 width=4) (actual rows=4995 loops=1)
  Group Key: a.business_id
  Filter: (1 < count(a.event_type))
  Batches: 1  Memory Usage: 721kB
  Rows Removed by Filter: 4
  Buffers: shared hit=1258
  ->  Hash Join  (cost=2132.50..4029.37 rows=33333 width=12) (actual rows=50101 loops=1)
        Hash Cond: ((a.event_type)::text = (t_events_0.event_type)::text)
        Join Filter: ((avg(t_events_0.occurences)) < (a.occurences)::numeric)
        Rows Removed by Join Filter: 49899
        Buffers: shared hit=1258
        ->  Seq Scan on events a  (cost=0.00..1629.00 rows=100000 width=16) (actual rows=100000 loops=1)
              Buffers: shared hit=629
        ->  Hash  (cost=2131.25..2131.25 rows=100 width=40) (actual rows=100 loops=1)
              Buckets: 1024  Batches: 1  Memory Usage: 14kB
              Buffers: shared hit=629
              ->  HashAggregate  (cost=2129.00..2130.25 rows=100 width=40) (actual rows=100 loops=1)
                    Group Key: t_events_0.event_type
                    Batches: 1  Memory Usage: 32kB
                    Buffers: shared hit=629
                    ->  Seq Scan on events t_events_0  (cost=0.00..1629.00 rows=100000 width=12) (actual rows=100000 loops=1)
                          Buffers: shared hit=629
Planning Time: 0.265 ms
Execution Time: 74.493 ms",77.457,4258.46,4995,"HashAggregate  (cost=4196.03..4258.46 rows=1665 width=4) (actual rows=4995 loops=1)
  Group Key: a.business_id
  Filter: (1 < count(a.event_type))
  Batches: 1  Memory Usage: 721kB
  Rows Removed by Filter: 4
  Buffers: shared hit=1258
  ->  Hash Join  (cost=2132.50..4029.37 rows=33333 width=12) (actual rows=50101 loops=1)
        Hash Cond: ((a.event_type)::text = (t_events_0.event_type)::text)
        Join Filter: ((avg(t_events_0.occurences)) < (a.occurences)::numeric)
        Rows Removed by Join Filter: 49899
        Buffers: shared hit=1258
        ->  Seq Scan on events a  (cost=0.00..1629.00 rows=100000 width=16) (actual rows=100000 loops=1)
              Buffers: shared hit=629
        ->  Hash  (cost=2131.25..2131.25 rows=100 width=40) (actual rows=100 loops=1)
              Buckets: 1024  Batches: 1  Memory Usage: 14kB
              Buffers: shared hit=629
              ->  HashAggregate  (cost=2129.00..2130.25 rows=100 width=40) (actual rows=100 loops=1)
                    Group Key: t_events_0.event_type
                    Batches: 1  Memory Usage: 32kB
                    Buffers: shared hit=629
                    ->  Seq Scan on events t_events_0  (cost=0.00..1629.00 rows=100000 width=12) (actual rows=100000 loops=1)
                          Buffers: shared hit=629
Planning Time: 0.178 ms
Execution Time: 77.457 ms",76.971,4258.46,4995,"HashAggregate  (cost=4196.03..4258.46 rows=1665 width=4) (actual rows=4995 loops=1)
  Group Key: a.business_id
  Filter: (1 < count(a.event_type))
  Batches: 1  Memory Usage: 721kB
  Rows Removed by Filter: 4
  Buffers: shared hit=1258
  ->  Hash Join  (cost=2132.50..4029.37 rows=33333 width=12) (actual rows=50101 loops=1)
        Hash Cond: ((a.event_type)::text = (t_events_0.event_type)::text)
        Join Filter: ((avg(t_events_0.occurences)) < (a.occurences)::numeric)
        Rows Removed by Join Filter: 49899
        Buffers: shared hit=1258
        ->  Seq Scan on events a  (cost=0.00..1629.00 rows=100000 width=16) (actual rows=100000 loops=1)
              Buffers: shared hit=629
        ->  Hash  (cost=2131.25..2131.25 rows=100 width=40) (actual rows=100 loops=1)
              Buckets: 1024  Batches: 1  Memory Usage: 14kB
              Buffers: shared hit=629
              ->  HashAggregate  (cost=2129.00..2130.25 rows=100 width=40) (actual rows=100 loops=1)
                    Group Key: t_events_0.event_type
                    Batches: 1  Memory Usage: 32kB
                    Buffers: shared hit=629
                    ->  Seq Scan on events t_events_0  (cost=0.00..1629.00 rows=100000 width=12) (actual rows=100000 loops=1)
                          Buffers: shared hit=629
Planning Time: 0.189 ms
Execution Time: 76.971 ms",79.293,4258.46,4995,"HashAggregate  (cost=4196.03..4258.46 rows=1665 width=4) (actual rows=4995 loops=1)
  Group Key: a.business_id
  Filter: (1 < count(a.event_type))
  Batches: 1  Memory Usage: 721kB
  Rows Removed by Filter: 4
  Buffers: shared hit=1258
  ->  Hash Join  (cost=2132.50..4029.37 rows=33333 width=12) (actual rows=50101 loops=1)
        Hash Cond: ((a.event_type)::text = (t_events_0.event_type)::text)
        Join Filter: ((avg(t_events_0.occurences)) < (a.occurences)::numeric)
        Rows Removed by Join Filter: 49899
        Buffers: shared hit=1258
        ->  Seq Scan on events a  (cost=0.00..1629.00 rows=100000 width=16) (actual rows=100000 loops=1)
              Buffers: shared hit=629
        ->  Hash  (cost=2131.25..2131.25 rows=100 width=40) (actual rows=100 loops=1)
              Buckets: 1024  Batches: 1  Memory Usage: 14kB
              Buffers: shared hit=629
              ->  HashAggregate  (cost=2129.00..2130.25 rows=100 width=40) (actual rows=100 loops=1)
                    Group Key: t_events_0.event_type
                    Batches: 1  Memory Usage: 32kB
                    Buffers: shared hit=629
                    ->  Seq Scan on events t_events_0  (cost=0.00..1629.00 rows=100000 width=12) (actual rows=100000 loops=1)
                          Buffers: shared hit=629
Planning Time: 0.259 ms
Execution Time: 79.293 ms",79.434,4258.46,4995,"HashAggregate  (cost=4196.03..4258.46 rows=1665 width=4) (actual rows=4995 loops=1)
  Group Key: a.business_id
  Filter: (1 < count(a.event_type))
  Batches: 1  Memory Usage: 721kB
  Rows Removed by Filter: 4
  Buffers: shared hit=1258
  ->  Hash Join  (cost=2132.50..4029.37 rows=33333 width=12) (actual rows=50101 loops=1)
        Hash Cond: ((a.event_type)::text = (t_events_0.event_type)::text)
        Join Filter: ((avg(t_events_0.occurences)) < (a.occurences)::numeric)
        Rows Removed by Join Filter: 49899
        Buffers: shared hit=1258
        ->  Seq Scan on events a  (cost=0.00..1629.00 rows=100000 width=16) (actual rows=100000 loops=1)
              Buffers: shared hit=629
        ->  Hash  (cost=2131.25..2131.25 rows=100 width=40) (actual rows=100 loops=1)
              Buckets: 1024  Batches: 1  Memory Usage: 14kB
              Buffers: shared hit=629
              ->  HashAggregate  (cost=2129.00..2130.25 rows=100 width=40) (actual rows=100 loops=1)
                    Group Key: t_events_0.event_type
                    Batches: 1  Memory Usage: 32kB
                    Buffers: shared hit=629
                    ->  Seq Scan on events t_events_0  (cost=0.00..1629.00 rows=100000 width=12) (actual rows=100000 loops=1)
                          Buffers: shared hit=629
Planning Time: 0.269 ms
Execution Time: 79.434 ms",77.5296,77.457,79.3635,79.4904,4258.46,4258.46,4995,4995,4995,4995,1126_178,645,1126,178,Medium,"select business_id from (select a.business_id, a.event_type from schema_1126.events as a join (select event_type, avg(occurences) as avg_occur from schema_1126.events group by 1) as b on (a.event_type = b.event_type and a.occurences > b.avg_occur)) as temp group by 1 having count(distinct event_type) > 1",119.918,6845.88,4995,"GroupAggregate  (cost=6533.46..6845.88 rows=1665 width=4) (actual rows=4995 loops=1)
  Group Key: a.business_id
  Filter: (count(DISTINCT a.event_type) > 1)
  Rows Removed by Filter: 4
  Buffers: shared hit=1258
  ->  Sort  (cost=6533.46..6616.79 rows=33333 width=12) (actual rows=50101 loops=1)
        Sort Key: a.business_id
        Sort Method: quicksort  Memory: 3714kB
        Buffers: shared hit=1258
        ->  Hash Join  (cost=2132.50..4029.37 rows=33333 width=12) (actual rows=50101 loops=1)
              Hash Cond: ((a.event_type)::text = (events.event_type)::text)
              Join Filter: ((a.occurences)::numeric > (avg(events.occurences)))
              Rows Removed by Join Filter: 49899
              Buffers: shared hit=1258
              ->  Seq Scan on events a  (cost=0.00..1629.00 rows=100000 width=16) (actual rows=100000 loops=1)
                    Buffers: shared hit=629
              ->  Hash  (cost=2131.25..2131.25 rows=100 width=40) (actual rows=100 loops=1)
                    Buckets: 1024  Batches: 1  Memory Usage: 14kB
                    Buffers: shared hit=629
                    ->  HashAggregate  (cost=2129.00..2130.25 rows=100 width=40) (actual rows=100 loops=1)
                          Group Key: events.event_type
                          Batches: 1  Memory Usage: 32kB
                          Buffers: shared hit=629
                          ->  Seq Scan on events  (cost=0.00..1629.00 rows=100000 width=12) (actual rows=100000 loops=1)
                                Buffers: shared hit=629
Planning Time: 0.196 ms
Execution Time: 119.918 ms",125.025,6845.88,4995,"GroupAggregate  (cost=6533.46..6845.88 rows=1665 width=4) (actual rows=4995 loops=1)
  Group Key: a.business_id
  Filter: (count(DISTINCT a.event_type) > 1)
  Rows Removed by Filter: 4
  Buffers: shared hit=1258
  ->  Sort  (cost=6533.46..6616.79 rows=33333 width=12) (actual rows=50101 loops=1)
        Sort Key: a.business_id
        Sort Method: quicksort  Memory: 3714kB
        Buffers: shared hit=1258
        ->  Hash Join  (cost=2132.50..4029.37 rows=33333 width=12) (actual rows=50101 loops=1)
              Hash Cond: ((a.event_type)::text = (events.event_type)::text)
              Join Filter: ((a.occurences)::numeric > (avg(events.occurences)))
              Rows Removed by Join Filter: 49899
              Buffers: shared hit=1258
              ->  Seq Scan on events a  (cost=0.00..1629.00 rows=100000 width=16) (actual rows=100000 loops=1)
                    Buffers: shared hit=629
              ->  Hash  (cost=2131.25..2131.25 rows=100 width=40) (actual rows=100 loops=1)
                    Buckets: 1024  Batches: 1  Memory Usage: 14kB
                    Buffers: shared hit=629
                    ->  HashAggregate  (cost=2129.00..2130.25 rows=100 width=40) (actual rows=100 loops=1)
                          Group Key: events.event_type
                          Batches: 1  Memory Usage: 32kB
                          Buffers: shared hit=629
                          ->  Seq Scan on events  (cost=0.00..1629.00 rows=100000 width=12) (actual rows=100000 loops=1)
                                Buffers: shared hit=629
Planning Time: 0.258 ms
Execution Time: 125.025 ms",124.48,6845.88,4995,"GroupAggregate  (cost=6533.46..6845.88 rows=1665 width=4) (actual rows=4995 loops=1)
  Group Key: a.business_id
  Filter: (count(DISTINCT a.event_type) > 1)
  Rows Removed by Filter: 4
  Buffers: shared hit=1258
  ->  Sort  (cost=6533.46..6616.79 rows=33333 width=12) (actual rows=50101 loops=1)
        Sort Key: a.business_id
        Sort Method: quicksort  Memory: 3714kB
        Buffers: shared hit=1258
        ->  Hash Join  (cost=2132.50..4029.37 rows=33333 width=12) (actual rows=50101 loops=1)
              Hash Cond: ((a.event_type)::text = (events.event_type)::text)
              Join Filter: ((a.occurences)::numeric > (avg(events.occurences)))
              Rows Removed by Join Filter: 49899
              Buffers: shared hit=1258
              ->  Seq Scan on events a  (cost=0.00..1629.00 rows=100000 width=16) (actual rows=100000 loops=1)
                    Buffers: shared hit=629
              ->  Hash  (cost=2131.25..2131.25 rows=100 width=40) (actual rows=100 loops=1)
                    Buckets: 1024  Batches: 1  Memory Usage: 14kB
                    Buffers: shared hit=629
                    ->  HashAggregate  (cost=2129.00..2130.25 rows=100 width=40) (actual rows=100 loops=1)
                          Group Key: events.event_type
                          Batches: 1  Memory Usage: 32kB
                          Buffers: shared hit=629
                          ->  Seq Scan on events  (cost=0.00..1629.00 rows=100000 width=12) (actual rows=100000 loops=1)
                                Buffers: shared hit=629
Planning Time: 0.260 ms
Execution Time: 124.480 ms",129.583,6845.88,4995,"GroupAggregate  (cost=6533.46..6845.88 rows=1665 width=4) (actual rows=4995 loops=1)
  Group Key: a.business_id
  Filter: (count(DISTINCT a.event_type) > 1)
  Rows Removed by Filter: 4
  Buffers: shared hit=1258
  ->  Sort  (cost=6533.46..6616.79 rows=33333 width=12) (actual rows=50101 loops=1)
        Sort Key: a.business_id
        Sort Method: quicksort  Memory: 3714kB
        Buffers: shared hit=1258
        ->  Hash Join  (cost=2132.50..4029.37 rows=33333 width=12) (actual rows=50101 loops=1)
              Hash Cond: ((a.event_type)::text = (events.event_type)::text)
              Join Filter: ((a.occurences)::numeric > (avg(events.occurences)))
              Rows Removed by Join Filter: 49899
              Buffers: shared hit=1258
              ->  Seq Scan on events a  (cost=0.00..1629.00 rows=100000 width=16) (actual rows=100000 loops=1)
                    Buffers: shared hit=629
              ->  Hash  (cost=2131.25..2131.25 rows=100 width=40) (actual rows=100 loops=1)
                    Buckets: 1024  Batches: 1  Memory Usage: 14kB
                    Buffers: shared hit=629
                    ->  HashAggregate  (cost=2129.00..2130.25 rows=100 width=40) (actual rows=100 loops=1)
                          Group Key: events.event_type
                          Batches: 1  Memory Usage: 32kB
                          Buffers: shared hit=629
                          ->  Seq Scan on events  (cost=0.00..1629.00 rows=100000 width=12) (actual rows=100000 loops=1)
                                Buffers: shared hit=629
Planning Time: 0.312 ms
Execution Time: 129.583 ms",124.956,6845.88,4995,"GroupAggregate  (cost=6533.46..6845.88 rows=1665 width=4) (actual rows=4995 loops=1)
  Group Key: a.business_id
  Filter: (count(DISTINCT a.event_type) > 1)
  Rows Removed by Filter: 4
  Buffers: shared hit=1258
  ->  Sort  (cost=6533.46..6616.79 rows=33333 width=12) (actual rows=50101 loops=1)
        Sort Key: a.business_id
        Sort Method: quicksort  Memory: 3714kB
        Buffers: shared hit=1258
        ->  Hash Join  (cost=2132.50..4029.37 rows=33333 width=12) (actual rows=50101 loops=1)
              Hash Cond: ((a.event_type)::text = (events.event_type)::text)
              Join Filter: ((a.occurences)::numeric > (avg(events.occurences)))
              Rows Removed by Join Filter: 49899
              Buffers: shared hit=1258
              ->  Seq Scan on events a  (cost=0.00..1629.00 rows=100000 width=16) (actual rows=100000 loops=1)
                    Buffers: shared hit=629
              ->  Hash  (cost=2131.25..2131.25 rows=100 width=40) (actual rows=100 loops=1)
                    Buckets: 1024  Batches: 1  Memory Usage: 14kB
                    Buffers: shared hit=629
                    ->  HashAggregate  (cost=2129.00..2130.25 rows=100 width=40) (actual rows=100 loops=1)
                          Group Key: events.event_type
                          Batches: 1  Memory Usage: 32kB
                          Buffers: shared hit=629
                          ->  Seq Scan on events  (cost=0.00..1629.00 rows=100000 width=12) (actual rows=100000 loops=1)
                                Buffers: shared hit=629
Planning Time: 0.359 ms
Execution Time: 124.956 ms",124.7924,124.956,127.304,131.4062,6845.88,6845.88,4995,4995,4995,4995,normal,normal,11.722021299999982,4.06864080000001,equal variances,significant,0.003968253968253968,-47.2628,-47.49900000000001,-2587.42,0,True
647,1126,188,Medium,"select t_cte_4.c_business_id0 as business_id from (select distinct t_events_0.business_id as c_business_id0, avg(t_events_0.occurences) over ( partition by t_events_0.event_type ) as c_0, t_events_0.occurences as c_occurences0, t_events_0.event_type as c_event_type0 from schema_1126.events as t_events_0) as t_cte_4 where t_cte_4.c_0 < t_cte_4.c_occurences0 group by t_cte_4.c_business_id0 having 1 < count(t_cte_4.c_event_type0)",262.304,12952.99,4995,"HashAggregate  (cost=12950.49..12952.99 rows=67 width=4) (actual rows=4995 loops=1)
  Group Key: t_cte_4.c_business_id0
  Filter: (1 < count(t_cte_4.c_event_type0))
  Batches: 1  Memory Usage: 737kB
  Rows Removed by Filter: 4
  Buffers: shared hit=629, temp read=820 written=1172
  ->  Subquery Scan on t_cte_4  (cost=12683.82..12933.82 rows=3333 width=12) (actual rows=50101 loops=1)
        Filter: (t_cte_4.c_0 < (t_cte_4.c_occurences0)::numeric)
        Rows Removed by Filter: 49899
        Buffers: shared hit=629, temp read=820 written=1172
        ->  HashAggregate  (cost=12683.82..12783.82 rows=10000 width=48) (actual rows=100000 loops=1)
              Group Key: t_events_0.business_id, avg(t_events_0.occurences) OVER (?), t_events_0.occurences, t_events_0.event_type
              Batches: 5  Memory Usage: 4153kB  Disk Usage: 3776kB
              Buffers: shared hit=629, temp read=820 written=1172
              ->  WindowAgg  (cost=9933.82..11683.82 rows=100000 width=48) (actual rows=100000 loops=1)
                    Buffers: shared hit=629, temp read=364 written=366
                    ->  Sort  (cost=9933.82..10183.82 rows=100000 width=16) (actual rows=100000 loops=1)
                          Sort Key: t_events_0.event_type
                          Sort Method: external merge  Disk: 2912kB
                          Buffers: shared hit=629, temp read=364 written=366
                          ->  Seq Scan on events t_events_0  (cost=0.00..1629.00 rows=100000 width=16) (actual rows=100000 loops=1)
                                Buffers: shared hit=629
Planning Time: 0.079 ms
Execution Time: 262.304 ms",268.074,12952.99,4995,"HashAggregate  (cost=12950.49..12952.99 rows=67 width=4) (actual rows=4995 loops=1)
  Group Key: t_cte_4.c_business_id0
  Filter: (1 < count(t_cte_4.c_event_type0))
  Batches: 1  Memory Usage: 737kB
  Rows Removed by Filter: 4
  Buffers: shared hit=629, temp read=820 written=1172
  ->  Subquery Scan on t_cte_4  (cost=12683.82..12933.82 rows=3333 width=12) (actual rows=50101 loops=1)
        Filter: (t_cte_4.c_0 < (t_cte_4.c_occurences0)::numeric)
        Rows Removed by Filter: 49899
        Buffers: shared hit=629, temp read=820 written=1172
        ->  HashAggregate  (cost=12683.82..12783.82 rows=10000 width=48) (actual rows=100000 loops=1)
              Group Key: t_events_0.business_id, avg(t_events_0.occurences) OVER (?), t_events_0.occurences, t_events_0.event_type
              Batches: 5  Memory Usage: 4153kB  Disk Usage: 3776kB
              Buffers: shared hit=629, temp read=820 written=1172
              ->  WindowAgg  (cost=9933.82..11683.82 rows=100000 width=48) (actual rows=100000 loops=1)
                    Buffers: shared hit=629, temp read=364 written=366
                    ->  Sort  (cost=9933.82..10183.82 rows=100000 width=16) (actual rows=100000 loops=1)
                          Sort Key: t_events_0.event_type
                          Sort Method: external merge  Disk: 2912kB
                          Buffers: shared hit=629, temp read=364 written=366
                          ->  Seq Scan on events t_events_0  (cost=0.00..1629.00 rows=100000 width=16) (actual rows=100000 loops=1)
                                Buffers: shared hit=629
Planning Time: 0.123 ms
Execution Time: 268.074 ms",280.504,12952.99,4995,"HashAggregate  (cost=12950.49..12952.99 rows=67 width=4) (actual rows=4995 loops=1)
  Group Key: t_cte_4.c_business_id0
  Filter: (1 < count(t_cte_4.c_event_type0))
  Batches: 1  Memory Usage: 737kB
  Rows Removed by Filter: 4
  Buffers: shared hit=629, temp read=820 written=1172
  ->  Subquery Scan on t_cte_4  (cost=12683.82..12933.82 rows=3333 width=12) (actual rows=50101 loops=1)
        Filter: (t_cte_4.c_0 < (t_cte_4.c_occurences0)::numeric)
        Rows Removed by Filter: 49899
        Buffers: shared hit=629, temp read=820 written=1172
        ->  HashAggregate  (cost=12683.82..12783.82 rows=10000 width=48) (actual rows=100000 loops=1)
              Group Key: t_events_0.business_id, avg(t_events_0.occurences) OVER (?), t_events_0.occurences, t_events_0.event_type
              Batches: 5  Memory Usage: 4153kB  Disk Usage: 3776kB
              Buffers: shared hit=629, temp read=820 written=1172
              ->  WindowAgg  (cost=9933.82..11683.82 rows=100000 width=48) (actual rows=100000 loops=1)
                    Buffers: shared hit=629, temp read=364 written=366
                    ->  Sort  (cost=9933.82..10183.82 rows=100000 width=16) (actual rows=100000 loops=1)
                          Sort Key: t_events_0.event_type
                          Sort Method: external merge  Disk: 2912kB
                          Buffers: shared hit=629, temp read=364 written=366
                          ->  Seq Scan on events t_events_0  (cost=0.00..1629.00 rows=100000 width=16) (actual rows=100000 loops=1)
                                Buffers: shared hit=629
Planning Time: 0.113 ms
Execution Time: 280.504 ms",270.307,12952.99,4995,"HashAggregate  (cost=12950.49..12952.99 rows=67 width=4) (actual rows=4995 loops=1)
  Group Key: t_cte_4.c_business_id0
  Filter: (1 < count(t_cte_4.c_event_type0))
  Batches: 1  Memory Usage: 737kB
  Rows Removed by Filter: 4
  Buffers: shared hit=629, temp read=820 written=1172
  ->  Subquery Scan on t_cte_4  (cost=12683.82..12933.82 rows=3333 width=12) (actual rows=50101 loops=1)
        Filter: (t_cte_4.c_0 < (t_cte_4.c_occurences0)::numeric)
        Rows Removed by Filter: 49899
        Buffers: shared hit=629, temp read=820 written=1172
        ->  HashAggregate  (cost=12683.82..12783.82 rows=10000 width=48) (actual rows=100000 loops=1)
              Group Key: t_events_0.business_id, avg(t_events_0.occurences) OVER (?), t_events_0.occurences, t_events_0.event_type
              Batches: 5  Memory Usage: 4153kB  Disk Usage: 3776kB
              Buffers: shared hit=629, temp read=820 written=1172
              ->  WindowAgg  (cost=9933.82..11683.82 rows=100000 width=48) (actual rows=100000 loops=1)
                    Buffers: shared hit=629, temp read=364 written=366
                    ->  Sort  (cost=9933.82..10183.82 rows=100000 width=16) (actual rows=100000 loops=1)
                          Sort Key: t_events_0.event_type
                          Sort Method: external merge  Disk: 2912kB
                          Buffers: shared hit=629, temp read=364 written=366
                          ->  Seq Scan on events t_events_0  (cost=0.00..1629.00 rows=100000 width=16) (actual rows=100000 loops=1)
                                Buffers: shared hit=629
Planning Time: 0.129 ms
Execution Time: 270.307 ms",281.892,12952.99,4995,"HashAggregate  (cost=12950.49..12952.99 rows=67 width=4) (actual rows=4995 loops=1)
  Group Key: t_cte_4.c_business_id0
  Filter: (1 < count(t_cte_4.c_event_type0))
  Batches: 1  Memory Usage: 737kB
  Rows Removed by Filter: 4
  Buffers: shared hit=629, temp read=820 written=1172
  ->  Subquery Scan on t_cte_4  (cost=12683.82..12933.82 rows=3333 width=12) (actual rows=50101 loops=1)
        Filter: (t_cte_4.c_0 < (t_cte_4.c_occurences0)::numeric)
        Rows Removed by Filter: 49899
        Buffers: shared hit=629, temp read=820 written=1172
        ->  HashAggregate  (cost=12683.82..12783.82 rows=10000 width=48) (actual rows=100000 loops=1)
              Group Key: t_events_0.business_id, avg(t_events_0.occurences) OVER (?), t_events_0.occurences, t_events_0.event_type
              Batches: 5  Memory Usage: 4153kB  Disk Usage: 3776kB
              Buffers: shared hit=629, temp read=820 written=1172
              ->  WindowAgg  (cost=9933.82..11683.82 rows=100000 width=48) (actual rows=100000 loops=1)
                    Buffers: shared hit=629, temp read=364 written=366
                    ->  Sort  (cost=9933.82..10183.82 rows=100000 width=16) (actual rows=100000 loops=1)
                          Sort Key: t_events_0.event_type
                          Sort Method: external merge  Disk: 2912kB
                          Buffers: shared hit=629, temp read=364 written=366
                          ->  Seq Scan on events t_events_0  (cost=0.00..1629.00 rows=100000 width=16) (actual rows=100000 loops=1)
                                Buffers: shared hit=629
Planning Time: 0.139 ms
Execution Time: 281.892 ms",272.6162,270.307,281.198,282.4472,12952.99,12952.99,4995,4995,4995,4995,1126_188,647,1126,188,Medium,"select business_id from (select business_id, event_type from (select business_id, event_type, avg(occurences) over (partition by event_type) as event_avg, occurences from schema_1126.events) as t where occurences > event_avg) as tt group by business_id having count(distinct event_type) > 1",236.158,16000.32,4995,"GroupAggregate  (cost=15687.91..16000.32 rows=1664 width=4) (actual rows=4995 loops=1)
  Group Key: t.business_id
  Filter: (count(DISTINCT t.event_type) > 1)
  Rows Removed by Filter: 4
  Buffers: shared hit=629, temp read=364 written=366
  ->  Sort  (cost=15687.91..15771.24 rows=33333 width=12) (actual rows=50101 loops=1)
        Sort Key: t.business_id
        Sort Method: quicksort  Memory: 3714kB
        Buffers: shared hit=629, temp read=364 written=366
        ->  Subquery Scan on t  (cost=9933.82..13183.82 rows=33333 width=12) (actual rows=50101 loops=1)
              Filter: ((t.occurences)::numeric > t.event_avg)
              Rows Removed by Filter: 49899
              Buffers: shared hit=629, temp read=364 written=366
              ->  WindowAgg  (cost=9933.82..11683.82 rows=100000 width=48) (actual rows=100000 loops=1)
                    Buffers: shared hit=629, temp read=364 written=366
                    ->  Sort  (cost=9933.82..10183.82 rows=100000 width=16) (actual rows=100000 loops=1)
                          Sort Key: events.event_type
                          Sort Method: external merge  Disk: 2912kB
                          Buffers: shared hit=629, temp read=364 written=366
                          ->  Seq Scan on events  (cost=0.00..1629.00 rows=100000 width=16) (actual rows=100000 loops=1)
                                Buffers: shared hit=629
Planning Time: 0.078 ms
Execution Time: 236.158 ms",251.688,16000.32,4995,"GroupAggregate  (cost=15687.91..16000.32 rows=1664 width=4) (actual rows=4995 loops=1)
  Group Key: t.business_id
  Filter: (count(DISTINCT t.event_type) > 1)
  Rows Removed by Filter: 4
  Buffers: shared hit=629, temp read=364 written=366
  ->  Sort  (cost=15687.91..15771.24 rows=33333 width=12) (actual rows=50101 loops=1)
        Sort Key: t.business_id
        Sort Method: quicksort  Memory: 3714kB
        Buffers: shared hit=629, temp read=364 written=366
        ->  Subquery Scan on t  (cost=9933.82..13183.82 rows=33333 width=12) (actual rows=50101 loops=1)
              Filter: ((t.occurences)::numeric > t.event_avg)
              Rows Removed by Filter: 49899
              Buffers: shared hit=629, temp read=364 written=366
              ->  WindowAgg  (cost=9933.82..11683.82 rows=100000 width=48) (actual rows=100000 loops=1)
                    Buffers: shared hit=629, temp read=364 written=366
                    ->  Sort  (cost=9933.82..10183.82 rows=100000 width=16) (actual rows=100000 loops=1)
                          Sort Key: events.event_type
                          Sort Method: external merge  Disk: 2912kB
                          Buffers: shared hit=629, temp read=364 written=366
                          ->  Seq Scan on events  (cost=0.00..1629.00 rows=100000 width=16) (actual rows=100000 loops=1)
                                Buffers: shared hit=629
Planning Time: 0.114 ms
Execution Time: 251.688 ms",243.516,16000.32,4995,"GroupAggregate  (cost=15687.91..16000.32 rows=1664 width=4) (actual rows=4995 loops=1)
  Group Key: t.business_id
  Filter: (count(DISTINCT t.event_type) > 1)
  Rows Removed by Filter: 4
  Buffers: shared hit=629, temp read=364 written=366
  ->  Sort  (cost=15687.91..15771.24 rows=33333 width=12) (actual rows=50101 loops=1)
        Sort Key: t.business_id
        Sort Method: quicksort  Memory: 3714kB
        Buffers: shared hit=629, temp read=364 written=366
        ->  Subquery Scan on t  (cost=9933.82..13183.82 rows=33333 width=12) (actual rows=50101 loops=1)
              Filter: ((t.occurences)::numeric > t.event_avg)
              Rows Removed by Filter: 49899
              Buffers: shared hit=629, temp read=364 written=366
              ->  WindowAgg  (cost=9933.82..11683.82 rows=100000 width=48) (actual rows=100000 loops=1)
                    Buffers: shared hit=629, temp read=364 written=366
                    ->  Sort  (cost=9933.82..10183.82 rows=100000 width=16) (actual rows=100000 loops=1)
                          Sort Key: events.event_type
                          Sort Method: external merge  Disk: 2912kB
                          Buffers: shared hit=629, temp read=364 written=366
                          ->  Seq Scan on events  (cost=0.00..1629.00 rows=100000 width=16) (actual rows=100000 loops=1)
                                Buffers: shared hit=629
Planning Time: 0.144 ms
Execution Time: 243.516 ms",244.845,16000.32,4995,"GroupAggregate  (cost=15687.91..16000.32 rows=1664 width=4) (actual rows=4995 loops=1)
  Group Key: t.business_id
  Filter: (count(DISTINCT t.event_type) > 1)
  Rows Removed by Filter: 4
  Buffers: shared hit=629, temp read=364 written=366
  ->  Sort  (cost=15687.91..15771.24 rows=33333 width=12) (actual rows=50101 loops=1)
        Sort Key: t.business_id
        Sort Method: quicksort  Memory: 3714kB
        Buffers: shared hit=629, temp read=364 written=366
        ->  Subquery Scan on t  (cost=9933.82..13183.82 rows=33333 width=12) (actual rows=50101 loops=1)
              Filter: ((t.occurences)::numeric > t.event_avg)
              Rows Removed by Filter: 49899
              Buffers: shared hit=629, temp read=364 written=366
              ->  WindowAgg  (cost=9933.82..11683.82 rows=100000 width=48) (actual rows=100000 loops=1)
                    Buffers: shared hit=629, temp read=364 written=366
                    ->  Sort  (cost=9933.82..10183.82 rows=100000 width=16) (actual rows=100000 loops=1)
                          Sort Key: events.event_type
                          Sort Method: external merge  Disk: 2912kB
                          Buffers: shared hit=629, temp read=364 written=366
                          ->  Seq Scan on events  (cost=0.00..1629.00 rows=100000 width=16) (actual rows=100000 loops=1)
                                Buffers: shared hit=629
Planning Time: 0.104 ms
Execution Time: 244.845 ms",242.947,16000.32,4995,"GroupAggregate  (cost=15687.91..16000.32 rows=1664 width=4) (actual rows=4995 loops=1)
  Group Key: t.business_id
  Filter: (count(DISTINCT t.event_type) > 1)
  Rows Removed by Filter: 4
  Buffers: shared hit=629, temp read=364 written=366
  ->  Sort  (cost=15687.91..15771.24 rows=33333 width=12) (actual rows=50101 loops=1)
        Sort Key: t.business_id
        Sort Method: quicksort  Memory: 3714kB
        Buffers: shared hit=629, temp read=364 written=366
        ->  Subquery Scan on t  (cost=9933.82..13183.82 rows=33333 width=12) (actual rows=50101 loops=1)
              Filter: ((t.occurences)::numeric > t.event_avg)
              Rows Removed by Filter: 49899
              Buffers: shared hit=629, temp read=364 written=366
              ->  WindowAgg  (cost=9933.82..11683.82 rows=100000 width=48) (actual rows=100000 loops=1)
                    Buffers: shared hit=629, temp read=364 written=366
                    ->  Sort  (cost=9933.82..10183.82 rows=100000 width=16) (actual rows=100000 loops=1)
                          Sort Key: events.event_type
                          Sort Method: external merge  Disk: 2912kB
                          Buffers: shared hit=629, temp read=364 written=366
                          ->  Seq Scan on events  (cost=0.00..1629.00 rows=100000 width=16) (actual rows=100000 loops=1)
                                Buffers: shared hit=629
Planning Time: 0.164 ms
Execution Time: 242.947 ms",243.8308,243.516,248.2665,254.4252,16000.32,16000.32,4995,4995,4995,4995,normal,normal,30.629063700000003,70.14082720000013,equal variances,not significant,1.0,28.78539999999998,26.791000000000025,-3047.33,0,True
649,1126,190,Medium,"select t_cte_27.c_business_id0 as business_id from (select distinct t_events_0.business_id as c_business_id0, t_events_0.occurences as c_occurences0, avg(t_events_0.occurences) over ( partition by t_events_0.event_type ) as c_0, t_events_0.event_type as c_event_type0 from schema_1126.events as t_events_0) as t_cte_27 where t_cte_27.c_0 < t_cte_27.c_occurences0 group by t_cte_27.c_business_id0 having 1 < count(t_cte_27.c_event_type0)",262.958,12952.99,4995,"HashAggregate  (cost=12950.49..12952.99 rows=67 width=4) (actual rows=4995 loops=1)
  Group Key: t_cte_27.c_business_id0
  Filter: (1 < count(t_cte_27.c_event_type0))
  Batches: 1  Memory Usage: 737kB
  Rows Removed by Filter: 4
  Buffers: shared hit=629, temp read=796 written=1149
  ->  Subquery Scan on t_cte_27  (cost=12683.82..12933.82 rows=3333 width=12) (actual rows=50101 loops=1)
        Filter: (t_cte_27.c_0 < (t_cte_27.c_occurences0)::numeric)
        Rows Removed by Filter: 49899
        Buffers: shared hit=629, temp read=796 written=1149
        ->  HashAggregate  (cost=12683.82..12783.82 rows=10000 width=48) (actual rows=100000 loops=1)
              Group Key: t_events_0.business_id, t_events_0.occurences, avg(t_events_0.occurences) OVER (?), t_events_0.event_type
              Batches: 5  Memory Usage: 4153kB  Disk Usage: 3736kB
              Buffers: shared hit=629, temp read=796 written=1149
              ->  WindowAgg  (cost=9933.82..11683.82 rows=100000 width=48) (actual rows=100000 loops=1)
                    Buffers: shared hit=629, temp read=364 written=366
                    ->  Sort  (cost=9933.82..10183.82 rows=100000 width=16) (actual rows=100000 loops=1)
                          Sort Key: t_events_0.event_type
                          Sort Method: external merge  Disk: 2912kB
                          Buffers: shared hit=629, temp read=364 written=366
                          ->  Seq Scan on events t_events_0  (cost=0.00..1629.00 rows=100000 width=16) (actual rows=100000 loops=1)
                                Buffers: shared hit=629
Planning Time: 0.081 ms
Execution Time: 262.958 ms",271.185,12952.99,4995,"HashAggregate  (cost=12950.49..12952.99 rows=67 width=4) (actual rows=4995 loops=1)
  Group Key: t_cte_27.c_business_id0
  Filter: (1 < count(t_cte_27.c_event_type0))
  Batches: 1  Memory Usage: 737kB
  Rows Removed by Filter: 4
  Buffers: shared hit=629, temp read=796 written=1149
  ->  Subquery Scan on t_cte_27  (cost=12683.82..12933.82 rows=3333 width=12) (actual rows=50101 loops=1)
        Filter: (t_cte_27.c_0 < (t_cte_27.c_occurences0)::numeric)
        Rows Removed by Filter: 49899
        Buffers: shared hit=629, temp read=796 written=1149
        ->  HashAggregate  (cost=12683.82..12783.82 rows=10000 width=48) (actual rows=100000 loops=1)
              Group Key: t_events_0.business_id, t_events_0.occurences, avg(t_events_0.occurences) OVER (?), t_events_0.event_type
              Batches: 5  Memory Usage: 4153kB  Disk Usage: 3736kB
              Buffers: shared hit=629, temp read=796 written=1149
              ->  WindowAgg  (cost=9933.82..11683.82 rows=100000 width=48) (actual rows=100000 loops=1)
                    Buffers: shared hit=629, temp read=364 written=366
                    ->  Sort  (cost=9933.82..10183.82 rows=100000 width=16) (actual rows=100000 loops=1)
                          Sort Key: t_events_0.event_type
                          Sort Method: external merge  Disk: 2912kB
                          Buffers: shared hit=629, temp read=364 written=366
                          ->  Seq Scan on events t_events_0  (cost=0.00..1629.00 rows=100000 width=16) (actual rows=100000 loops=1)
                                Buffers: shared hit=629
Planning Time: 0.114 ms
Execution Time: 271.185 ms",274.119,12952.99,4995,"HashAggregate  (cost=12950.49..12952.99 rows=67 width=4) (actual rows=4995 loops=1)
  Group Key: t_cte_27.c_business_id0
  Filter: (1 < count(t_cte_27.c_event_type0))
  Batches: 1  Memory Usage: 737kB
  Rows Removed by Filter: 4
  Buffers: shared hit=629, temp read=796 written=1149
  ->  Subquery Scan on t_cte_27  (cost=12683.82..12933.82 rows=3333 width=12) (actual rows=50101 loops=1)
        Filter: (t_cte_27.c_0 < (t_cte_27.c_occurences0)::numeric)
        Rows Removed by Filter: 49899
        Buffers: shared hit=629, temp read=796 written=1149
        ->  HashAggregate  (cost=12683.82..12783.82 rows=10000 width=48) (actual rows=100000 loops=1)
              Group Key: t_events_0.business_id, t_events_0.occurences, avg(t_events_0.occurences) OVER (?), t_events_0.event_type
              Batches: 5  Memory Usage: 4153kB  Disk Usage: 3736kB
              Buffers: shared hit=629, temp read=796 written=1149
              ->  WindowAgg  (cost=9933.82..11683.82 rows=100000 width=48) (actual rows=100000 loops=1)
                    Buffers: shared hit=629, temp read=364 written=366
                    ->  Sort  (cost=9933.82..10183.82 rows=100000 width=16) (actual rows=100000 loops=1)
                          Sort Key: t_events_0.event_type
                          Sort Method: external merge  Disk: 2912kB
                          Buffers: shared hit=629, temp read=364 written=366
                          ->  Seq Scan on events t_events_0  (cost=0.00..1629.00 rows=100000 width=16) (actual rows=100000 loops=1)
                                Buffers: shared hit=629
Planning Time: 0.132 ms
Execution Time: 274.119 ms",267.621,12952.99,4995,"HashAggregate  (cost=12950.49..12952.99 rows=67 width=4) (actual rows=4995 loops=1)
  Group Key: t_cte_27.c_business_id0
  Filter: (1 < count(t_cte_27.c_event_type0))
  Batches: 1  Memory Usage: 737kB
  Rows Removed by Filter: 4
  Buffers: shared hit=629, temp read=796 written=1149
  ->  Subquery Scan on t_cte_27  (cost=12683.82..12933.82 rows=3333 width=12) (actual rows=50101 loops=1)
        Filter: (t_cte_27.c_0 < (t_cte_27.c_occurences0)::numeric)
        Rows Removed by Filter: 49899
        Buffers: shared hit=629, temp read=796 written=1149
        ->  HashAggregate  (cost=12683.82..12783.82 rows=10000 width=48) (actual rows=100000 loops=1)
              Group Key: t_events_0.business_id, t_events_0.occurences, avg(t_events_0.occurences) OVER (?), t_events_0.event_type
              Batches: 5  Memory Usage: 4153kB  Disk Usage: 3736kB
              Buffers: shared hit=629, temp read=796 written=1149
              ->  WindowAgg  (cost=9933.82..11683.82 rows=100000 width=48) (actual rows=100000 loops=1)
                    Buffers: shared hit=629, temp read=364 written=366
                    ->  Sort  (cost=9933.82..10183.82 rows=100000 width=16) (actual rows=100000 loops=1)
                          Sort Key: t_events_0.event_type
                          Sort Method: external merge  Disk: 2912kB
                          Buffers: shared hit=629, temp read=364 written=366
                          ->  Seq Scan on events t_events_0  (cost=0.00..1629.00 rows=100000 width=16) (actual rows=100000 loops=1)
                                Buffers: shared hit=629
Planning Time: 0.116 ms
Execution Time: 267.621 ms",272.775,12952.99,4995,"HashAggregate  (cost=12950.49..12952.99 rows=67 width=4) (actual rows=4995 loops=1)
  Group Key: t_cte_27.c_business_id0
  Filter: (1 < count(t_cte_27.c_event_type0))
  Batches: 1  Memory Usage: 737kB
  Rows Removed by Filter: 4
  Buffers: shared hit=629, temp read=796 written=1149
  ->  Subquery Scan on t_cte_27  (cost=12683.82..12933.82 rows=3333 width=12) (actual rows=50101 loops=1)
        Filter: (t_cte_27.c_0 < (t_cte_27.c_occurences0)::numeric)
        Rows Removed by Filter: 49899
        Buffers: shared hit=629, temp read=796 written=1149
        ->  HashAggregate  (cost=12683.82..12783.82 rows=10000 width=48) (actual rows=100000 loops=1)
              Group Key: t_events_0.business_id, t_events_0.occurences, avg(t_events_0.occurences) OVER (?), t_events_0.event_type
              Batches: 5  Memory Usage: 4153kB  Disk Usage: 3736kB
              Buffers: shared hit=629, temp read=796 written=1149
              ->  WindowAgg  (cost=9933.82..11683.82 rows=100000 width=48) (actual rows=100000 loops=1)
                    Buffers: shared hit=629, temp read=364 written=366
                    ->  Sort  (cost=9933.82..10183.82 rows=100000 width=16) (actual rows=100000 loops=1)
                          Sort Key: t_events_0.event_type
                          Sort Method: external merge  Disk: 2912kB
                          Buffers: shared hit=629, temp read=364 written=366
                          ->  Seq Scan on events t_events_0  (cost=0.00..1629.00 rows=100000 width=16) (actual rows=100000 loops=1)
                                Buffers: shared hit=629
Planning Time: 0.126 ms
Execution Time: 272.775 ms",269.7316,271.185,273.447,274.6566,12952.99,12952.99,4995,4995,4995,4995,1126_190,649,1126,190,Medium,"select business_id from (select business_id, event_type, avg(occurences) over (partition by event_type) as avg_event_occur, occurences from schema_1126.events) as sub where occurences > avg_event_occur group by 1 having count(distinct event_type) > 1",234.854,16000.32,4995,"GroupAggregate  (cost=15687.91..16000.32 rows=1664 width=4) (actual rows=4995 loops=1)
  Group Key: sub.business_id
  Filter: (count(DISTINCT sub.event_type) > 1)
  Rows Removed by Filter: 4
  Buffers: shared hit=629, temp read=364 written=366
  ->  Sort  (cost=15687.91..15771.24 rows=33333 width=12) (actual rows=50101 loops=1)
        Sort Key: sub.business_id
        Sort Method: quicksort  Memory: 3714kB
        Buffers: shared hit=629, temp read=364 written=366
        ->  Subquery Scan on sub  (cost=9933.82..13183.82 rows=33333 width=12) (actual rows=50101 loops=1)
              Filter: ((sub.occurences)::numeric > sub.avg_event_occur)
              Rows Removed by Filter: 49899
              Buffers: shared hit=629, temp read=364 written=366
              ->  WindowAgg  (cost=9933.82..11683.82 rows=100000 width=48) (actual rows=100000 loops=1)
                    Buffers: shared hit=629, temp read=364 written=366
                    ->  Sort  (cost=9933.82..10183.82 rows=100000 width=16) (actual rows=100000 loops=1)
                          Sort Key: events.event_type
                          Sort Method: external merge  Disk: 2912kB
                          Buffers: shared hit=629, temp read=364 written=366
                          ->  Seq Scan on events  (cost=0.00..1629.00 rows=100000 width=16) (actual rows=100000 loops=1)
                                Buffers: shared hit=629
Planning Time: 0.069 ms
Execution Time: 234.854 ms",243.607,16000.32,4995,"GroupAggregate  (cost=15687.91..16000.32 rows=1664 width=4) (actual rows=4995 loops=1)
  Group Key: sub.business_id
  Filter: (count(DISTINCT sub.event_type) > 1)
  Rows Removed by Filter: 4
  Buffers: shared hit=629, temp read=364 written=366
  ->  Sort  (cost=15687.91..15771.24 rows=33333 width=12) (actual rows=50101 loops=1)
        Sort Key: sub.business_id
        Sort Method: quicksort  Memory: 3714kB
        Buffers: shared hit=629, temp read=364 written=366
        ->  Subquery Scan on sub  (cost=9933.82..13183.82 rows=33333 width=12) (actual rows=50101 loops=1)
              Filter: ((sub.occurences)::numeric > sub.avg_event_occur)
              Rows Removed by Filter: 49899
              Buffers: shared hit=629, temp read=364 written=366
              ->  WindowAgg  (cost=9933.82..11683.82 rows=100000 width=48) (actual rows=100000 loops=1)
                    Buffers: shared hit=629, temp read=364 written=366
                    ->  Sort  (cost=9933.82..10183.82 rows=100000 width=16) (actual rows=100000 loops=1)
                          Sort Key: events.event_type
                          Sort Method: external merge  Disk: 2912kB
                          Buffers: shared hit=629, temp read=364 written=366
                          ->  Seq Scan on events  (cost=0.00..1629.00 rows=100000 width=16) (actual rows=100000 loops=1)
                                Buffers: shared hit=629
Planning Time: 0.116 ms
Execution Time: 243.607 ms",242.908,16000.32,4995,"GroupAggregate  (cost=15687.91..16000.32 rows=1664 width=4) (actual rows=4995 loops=1)
  Group Key: sub.business_id
  Filter: (count(DISTINCT sub.event_type) > 1)
  Rows Removed by Filter: 4
  Buffers: shared hit=629, temp read=364 written=366
  ->  Sort  (cost=15687.91..15771.24 rows=33333 width=12) (actual rows=50101 loops=1)
        Sort Key: sub.business_id
        Sort Method: quicksort  Memory: 3714kB
        Buffers: shared hit=629, temp read=364 written=366
        ->  Subquery Scan on sub  (cost=9933.82..13183.82 rows=33333 width=12) (actual rows=50101 loops=1)
              Filter: ((sub.occurences)::numeric > sub.avg_event_occur)
              Rows Removed by Filter: 49899
              Buffers: shared hit=629, temp read=364 written=366
              ->  WindowAgg  (cost=9933.82..11683.82 rows=100000 width=48) (actual rows=100000 loops=1)
                    Buffers: shared hit=629, temp read=364 written=366
                    ->  Sort  (cost=9933.82..10183.82 rows=100000 width=16) (actual rows=100000 loops=1)
                          Sort Key: events.event_type
                          Sort Method: external merge  Disk: 2912kB
                          Buffers: shared hit=629, temp read=364 written=366
                          ->  Seq Scan on events  (cost=0.00..1629.00 rows=100000 width=16) (actual rows=100000 loops=1)
                                Buffers: shared hit=629
Planning Time: 0.075 ms
Execution Time: 242.908 ms",241.854,16000.32,4995,"GroupAggregate  (cost=15687.91..16000.32 rows=1664 width=4) (actual rows=4995 loops=1)
  Group Key: sub.business_id
  Filter: (count(DISTINCT sub.event_type) > 1)
  Rows Removed by Filter: 4
  Buffers: shared hit=629, temp read=364 written=366
  ->  Sort  (cost=15687.91..15771.24 rows=33333 width=12) (actual rows=50101 loops=1)
        Sort Key: sub.business_id
        Sort Method: quicksort  Memory: 3714kB
        Buffers: shared hit=629, temp read=364 written=366
        ->  Subquery Scan on sub  (cost=9933.82..13183.82 rows=33333 width=12) (actual rows=50101 loops=1)
              Filter: ((sub.occurences)::numeric > sub.avg_event_occur)
              Rows Removed by Filter: 49899
              Buffers: shared hit=629, temp read=364 written=366
              ->  WindowAgg  (cost=9933.82..11683.82 rows=100000 width=48) (actual rows=100000 loops=1)
                    Buffers: shared hit=629, temp read=364 written=366
                    ->  Sort  (cost=9933.82..10183.82 rows=100000 width=16) (actual rows=100000 loops=1)
                          Sort Key: events.event_type
                          Sort Method: external merge  Disk: 2912kB
                          Buffers: shared hit=629, temp read=364 written=366
                          ->  Seq Scan on events  (cost=0.00..1629.00 rows=100000 width=16) (actual rows=100000 loops=1)
                                Buffers: shared hit=629
Planning Time: 0.085 ms
Execution Time: 241.854 ms",243.644,16000.32,4995,"GroupAggregate  (cost=15687.91..16000.32 rows=1664 width=4) (actual rows=4995 loops=1)
  Group Key: sub.business_id
  Filter: (count(DISTINCT sub.event_type) > 1)
  Rows Removed by Filter: 4
  Buffers: shared hit=629, temp read=364 written=366
  ->  Sort  (cost=15687.91..15771.24 rows=33333 width=12) (actual rows=50101 loops=1)
        Sort Key: sub.business_id
        Sort Method: quicksort  Memory: 3714kB
        Buffers: shared hit=629, temp read=364 written=366
        ->  Subquery Scan on sub  (cost=9933.82..13183.82 rows=33333 width=12) (actual rows=50101 loops=1)
              Filter: ((sub.occurences)::numeric > sub.avg_event_occur)
              Rows Removed by Filter: 49899
              Buffers: shared hit=629, temp read=364 written=366
              ->  WindowAgg  (cost=9933.82..11683.82 rows=100000 width=48) (actual rows=100000 loops=1)
                    Buffers: shared hit=629, temp read=364 written=366
                    ->  Sort  (cost=9933.82..10183.82 rows=100000 width=16) (actual rows=100000 loops=1)
                          Sort Key: events.event_type
                          Sort Method: external merge  Disk: 2912kB
                          Buffers: shared hit=629, temp read=364 written=366
                          ->  Seq Scan on events  (cost=0.00..1629.00 rows=100000 width=16) (actual rows=100000 loops=1)
                                Buffers: shared hit=629
Planning Time: 0.177 ms
Execution Time: 243.644 ms",241.3734,242.908,243.6255,243.6588,16000.32,16000.32,4995,4995,4995,4995,not normal,normal,13.808285799999956,20.240055799999958,equal variances,not significant,1.0,28.35820000000001,28.277000000000015,-3047.33,0,True
652,1126,196,Medium,"select e2.business_id as business_id from schema_1126.events as e2 inner join (select t_events_0.event_type as c_event_type0, avg(t_events_0.occurences) as c_avg0 from schema_1126.events as t_events_0 group by t_events_0.event_type) as e1 on e1.c_avg0 < e2.occurences where e1.c_event_type0 = e2.event_type group by e2.business_id having 1 < count(e1.c_event_type0)",71.749,4258.46,4995,"HashAggregate  (cost=4196.03..4258.46 rows=1665 width=4) (actual rows=4995 loops=1)
  Group Key: e2.business_id
  Filter: (1 < count(t_events_0.event_type))
  Batches: 1  Memory Usage: 721kB
  Rows Removed by Filter: 4
  Buffers: shared hit=1258
  ->  Hash Join  (cost=2132.50..4029.37 rows=33333 width=12) (actual rows=50101 loops=1)
        Hash Cond: ((e2.event_type)::text = (t_events_0.event_type)::text)
        Join Filter: ((avg(t_events_0.occurences)) < (e2.occurences)::numeric)
        Rows Removed by Join Filter: 49899
        Buffers: shared hit=1258
        ->  Seq Scan on events e2  (cost=0.00..1629.00 rows=100000 width=16) (actual rows=100000 loops=1)
              Buffers: shared hit=629
        ->  Hash  (cost=2131.25..2131.25 rows=100 width=40) (actual rows=100 loops=1)
              Buckets: 1024  Batches: 1  Memory Usage: 14kB
              Buffers: shared hit=629
              ->  HashAggregate  (cost=2129.00..2130.25 rows=100 width=40) (actual rows=100 loops=1)
                    Group Key: t_events_0.event_type
                    Batches: 1  Memory Usage: 32kB
                    Buffers: shared hit=629
                    ->  Seq Scan on events t_events_0  (cost=0.00..1629.00 rows=100000 width=12) (actual rows=100000 loops=1)
                          Buffers: shared hit=629
Planning Time: 0.195 ms
Execution Time: 71.749 ms",81.136,4258.46,4995,"HashAggregate  (cost=4196.03..4258.46 rows=1665 width=4) (actual rows=4995 loops=1)
  Group Key: e2.business_id
  Filter: (1 < count(t_events_0.event_type))
  Batches: 1  Memory Usage: 721kB
  Rows Removed by Filter: 4
  Buffers: shared hit=1258
  ->  Hash Join  (cost=2132.50..4029.37 rows=33333 width=12) (actual rows=50101 loops=1)
        Hash Cond: ((e2.event_type)::text = (t_events_0.event_type)::text)
        Join Filter: ((avg(t_events_0.occurences)) < (e2.occurences)::numeric)
        Rows Removed by Join Filter: 49899
        Buffers: shared hit=1258
        ->  Seq Scan on events e2  (cost=0.00..1629.00 rows=100000 width=16) (actual rows=100000 loops=1)
              Buffers: shared hit=629
        ->  Hash  (cost=2131.25..2131.25 rows=100 width=40) (actual rows=100 loops=1)
              Buckets: 1024  Batches: 1  Memory Usage: 14kB
              Buffers: shared hit=629
              ->  HashAggregate  (cost=2129.00..2130.25 rows=100 width=40) (actual rows=100 loops=1)
                    Group Key: t_events_0.event_type
                    Batches: 1  Memory Usage: 32kB
                    Buffers: shared hit=629
                    ->  Seq Scan on events t_events_0  (cost=0.00..1629.00 rows=100000 width=12) (actual rows=100000 loops=1)
                          Buffers: shared hit=629
Planning Time: 0.274 ms
Execution Time: 81.136 ms",77.319,4258.46,4995,"HashAggregate  (cost=4196.03..4258.46 rows=1665 width=4) (actual rows=4995 loops=1)
  Group Key: e2.business_id
  Filter: (1 < count(t_events_0.event_type))
  Batches: 1  Memory Usage: 721kB
  Rows Removed by Filter: 4
  Buffers: shared hit=1258
  ->  Hash Join  (cost=2132.50..4029.37 rows=33333 width=12) (actual rows=50101 loops=1)
        Hash Cond: ((e2.event_type)::text = (t_events_0.event_type)::text)
        Join Filter: ((avg(t_events_0.occurences)) < (e2.occurences)::numeric)
        Rows Removed by Join Filter: 49899
        Buffers: shared hit=1258
        ->  Seq Scan on events e2  (cost=0.00..1629.00 rows=100000 width=16) (actual rows=100000 loops=1)
              Buffers: shared hit=629
        ->  Hash  (cost=2131.25..2131.25 rows=100 width=40) (actual rows=100 loops=1)
              Buckets: 1024  Batches: 1  Memory Usage: 14kB
              Buffers: shared hit=629
              ->  HashAggregate  (cost=2129.00..2130.25 rows=100 width=40) (actual rows=100 loops=1)
                    Group Key: t_events_0.event_type
                    Batches: 1  Memory Usage: 32kB
                    Buffers: shared hit=629
                    ->  Seq Scan on events t_events_0  (cost=0.00..1629.00 rows=100000 width=12) (actual rows=100000 loops=1)
                          Buffers: shared hit=629
Planning Time: 0.245 ms
Execution Time: 77.319 ms",78.014,4258.46,4995,"HashAggregate  (cost=4196.03..4258.46 rows=1665 width=4) (actual rows=4995 loops=1)
  Group Key: e2.business_id
  Filter: (1 < count(t_events_0.event_type))
  Batches: 1  Memory Usage: 721kB
  Rows Removed by Filter: 4
  Buffers: shared hit=1258
  ->  Hash Join  (cost=2132.50..4029.37 rows=33333 width=12) (actual rows=50101 loops=1)
        Hash Cond: ((e2.event_type)::text = (t_events_0.event_type)::text)
        Join Filter: ((avg(t_events_0.occurences)) < (e2.occurences)::numeric)
        Rows Removed by Join Filter: 49899
        Buffers: shared hit=1258
        ->  Seq Scan on events e2  (cost=0.00..1629.00 rows=100000 width=16) (actual rows=100000 loops=1)
              Buffers: shared hit=629
        ->  Hash  (cost=2131.25..2131.25 rows=100 width=40) (actual rows=100 loops=1)
              Buckets: 1024  Batches: 1  Memory Usage: 14kB
              Buffers: shared hit=629
              ->  HashAggregate  (cost=2129.00..2130.25 rows=100 width=40) (actual rows=100 loops=1)
                    Group Key: t_events_0.event_type
                    Batches: 1  Memory Usage: 32kB
                    Buffers: shared hit=629
                    ->  Seq Scan on events t_events_0  (cost=0.00..1629.00 rows=100000 width=12) (actual rows=100000 loops=1)
                          Buffers: shared hit=629
Planning Time: 0.355 ms
Execution Time: 78.014 ms",78.339,4258.46,4995,"HashAggregate  (cost=4196.03..4258.46 rows=1665 width=4) (actual rows=4995 loops=1)
  Group Key: e2.business_id
  Filter: (1 < count(t_events_0.event_type))
  Batches: 1  Memory Usage: 721kB
  Rows Removed by Filter: 4
  Buffers: shared hit=1258
  ->  Hash Join  (cost=2132.50..4029.37 rows=33333 width=12) (actual rows=50101 loops=1)
        Hash Cond: ((e2.event_type)::text = (t_events_0.event_type)::text)
        Join Filter: ((avg(t_events_0.occurences)) < (e2.occurences)::numeric)
        Rows Removed by Join Filter: 49899
        Buffers: shared hit=1258
        ->  Seq Scan on events e2  (cost=0.00..1629.00 rows=100000 width=16) (actual rows=100000 loops=1)
              Buffers: shared hit=629
        ->  Hash  (cost=2131.25..2131.25 rows=100 width=40) (actual rows=100 loops=1)
              Buckets: 1024  Batches: 1  Memory Usage: 14kB
              Buffers: shared hit=629
              ->  HashAggregate  (cost=2129.00..2130.25 rows=100 width=40) (actual rows=100 loops=1)
                    Group Key: t_events_0.event_type
                    Batches: 1  Memory Usage: 32kB
                    Buffers: shared hit=629
                    ->  Seq Scan on events t_events_0  (cost=0.00..1629.00 rows=100000 width=12) (actual rows=100000 loops=1)
                          Buffers: shared hit=629
Planning Time: 0.279 ms
Execution Time: 78.339 ms",77.3114,78.014,79.7375,82.2548,4258.46,4258.46,4995,4995,4995,4995,1126_196,652,1126,196,Medium,"select business_id from (select event_type, avg(occurences) as ave_occurences from schema_1126.events group by event_type) as e1 join schema_1126.events as e2 on (e1.event_type = e2.event_type and e2.occurences > e1.ave_occurences) group by business_id having count(distinct e1.event_type) > 1",118.1,6845.88,4995,"GroupAggregate  (cost=6533.46..6845.88 rows=1665 width=4) (actual rows=4995 loops=1)
  Group Key: e2.business_id
  Filter: (count(DISTINCT events.event_type) > 1)
  Rows Removed by Filter: 4
  Buffers: shared hit=1258
  ->  Sort  (cost=6533.46..6616.79 rows=33333 width=12) (actual rows=50101 loops=1)
        Sort Key: e2.business_id
        Sort Method: quicksort  Memory: 3714kB
        Buffers: shared hit=1258
        ->  Hash Join  (cost=2132.50..4029.37 rows=33333 width=12) (actual rows=50101 loops=1)
              Hash Cond: ((e2.event_type)::text = (events.event_type)::text)
              Join Filter: ((e2.occurences)::numeric > (avg(events.occurences)))
              Rows Removed by Join Filter: 49899
              Buffers: shared hit=1258
              ->  Seq Scan on events e2  (cost=0.00..1629.00 rows=100000 width=16) (actual rows=100000 loops=1)
                    Buffers: shared hit=629
              ->  Hash  (cost=2131.25..2131.25 rows=100 width=40) (actual rows=100 loops=1)
                    Buckets: 1024  Batches: 1  Memory Usage: 14kB
                    Buffers: shared hit=629
                    ->  HashAggregate  (cost=2129.00..2130.25 rows=100 width=40) (actual rows=100 loops=1)
                          Group Key: events.event_type
                          Batches: 1  Memory Usage: 32kB
                          Buffers: shared hit=629
                          ->  Seq Scan on events  (cost=0.00..1629.00 rows=100000 width=12) (actual rows=100000 loops=1)
                                Buffers: shared hit=629
Planning Time: 0.153 ms
Execution Time: 118.100 ms",123.188,6845.88,4995,"GroupAggregate  (cost=6533.46..6845.88 rows=1665 width=4) (actual rows=4995 loops=1)
  Group Key: e2.business_id
  Filter: (count(DISTINCT events.event_type) > 1)
  Rows Removed by Filter: 4
  Buffers: shared hit=1258
  ->  Sort  (cost=6533.46..6616.79 rows=33333 width=12) (actual rows=50101 loops=1)
        Sort Key: e2.business_id
        Sort Method: quicksort  Memory: 3714kB
        Buffers: shared hit=1258
        ->  Hash Join  (cost=2132.50..4029.37 rows=33333 width=12) (actual rows=50101 loops=1)
              Hash Cond: ((e2.event_type)::text = (events.event_type)::text)
              Join Filter: ((e2.occurences)::numeric > (avg(events.occurences)))
              Rows Removed by Join Filter: 49899
              Buffers: shared hit=1258
              ->  Seq Scan on events e2  (cost=0.00..1629.00 rows=100000 width=16) (actual rows=100000 loops=1)
                    Buffers: shared hit=629
              ->  Hash  (cost=2131.25..2131.25 rows=100 width=40) (actual rows=100 loops=1)
                    Buckets: 1024  Batches: 1  Memory Usage: 14kB
                    Buffers: shared hit=629
                    ->  HashAggregate  (cost=2129.00..2130.25 rows=100 width=40) (actual rows=100 loops=1)
                          Group Key: events.event_type
                          Batches: 1  Memory Usage: 32kB
                          Buffers: shared hit=629
                          ->  Seq Scan on events  (cost=0.00..1629.00 rows=100000 width=12) (actual rows=100000 loops=1)
                                Buffers: shared hit=629
Planning Time: 0.208 ms
Execution Time: 123.188 ms",125.865,6845.88,4995,"GroupAggregate  (cost=6533.46..6845.88 rows=1665 width=4) (actual rows=4995 loops=1)
  Group Key: e2.business_id
  Filter: (count(DISTINCT events.event_type) > 1)
  Rows Removed by Filter: 4
  Buffers: shared hit=1258
  ->  Sort  (cost=6533.46..6616.79 rows=33333 width=12) (actual rows=50101 loops=1)
        Sort Key: e2.business_id
        Sort Method: quicksort  Memory: 3714kB
        Buffers: shared hit=1258
        ->  Hash Join  (cost=2132.50..4029.37 rows=33333 width=12) (actual rows=50101 loops=1)
              Hash Cond: ((e2.event_type)::text = (events.event_type)::text)
              Join Filter: ((e2.occurences)::numeric > (avg(events.occurences)))
              Rows Removed by Join Filter: 49899
              Buffers: shared hit=1258
              ->  Seq Scan on events e2  (cost=0.00..1629.00 rows=100000 width=16) (actual rows=100000 loops=1)
                    Buffers: shared hit=629
              ->  Hash  (cost=2131.25..2131.25 rows=100 width=40) (actual rows=100 loops=1)
                    Buckets: 1024  Batches: 1  Memory Usage: 14kB
                    Buffers: shared hit=629
                    ->  HashAggregate  (cost=2129.00..2130.25 rows=100 width=40) (actual rows=100 loops=1)
                          Group Key: events.event_type
                          Batches: 1  Memory Usage: 32kB
                          Buffers: shared hit=629
                          ->  Seq Scan on events  (cost=0.00..1629.00 rows=100000 width=12) (actual rows=100000 loops=1)
                                Buffers: shared hit=629
Planning Time: 0.143 ms
Execution Time: 125.865 ms",125.358,6845.88,4995,"GroupAggregate  (cost=6533.46..6845.88 rows=1665 width=4) (actual rows=4995 loops=1)
  Group Key: e2.business_id
  Filter: (count(DISTINCT events.event_type) > 1)
  Rows Removed by Filter: 4
  Buffers: shared hit=1258
  ->  Sort  (cost=6533.46..6616.79 rows=33333 width=12) (actual rows=50101 loops=1)
        Sort Key: e2.business_id
        Sort Method: quicksort  Memory: 3714kB
        Buffers: shared hit=1258
        ->  Hash Join  (cost=2132.50..4029.37 rows=33333 width=12) (actual rows=50101 loops=1)
              Hash Cond: ((e2.event_type)::text = (events.event_type)::text)
              Join Filter: ((e2.occurences)::numeric > (avg(events.occurences)))
              Rows Removed by Join Filter: 49899
              Buffers: shared hit=1258
              ->  Seq Scan on events e2  (cost=0.00..1629.00 rows=100000 width=16) (actual rows=100000 loops=1)
                    Buffers: shared hit=629
              ->  Hash  (cost=2131.25..2131.25 rows=100 width=40) (actual rows=100 loops=1)
                    Buckets: 1024  Batches: 1  Memory Usage: 14kB
                    Buffers: shared hit=629
                    ->  HashAggregate  (cost=2129.00..2130.25 rows=100 width=40) (actual rows=100 loops=1)
                          Group Key: events.event_type
                          Batches: 1  Memory Usage: 32kB
                          Buffers: shared hit=629
                          ->  Seq Scan on events  (cost=0.00..1629.00 rows=100000 width=12) (actual rows=100000 loops=1)
                                Buffers: shared hit=629
Planning Time: 0.226 ms
Execution Time: 125.358 ms",127.979,6845.88,4995,"GroupAggregate  (cost=6533.46..6845.88 rows=1665 width=4) (actual rows=4995 loops=1)
  Group Key: e2.business_id
  Filter: (count(DISTINCT events.event_type) > 1)
  Rows Removed by Filter: 4
  Buffers: shared hit=1258
  ->  Sort  (cost=6533.46..6616.79 rows=33333 width=12) (actual rows=50101 loops=1)
        Sort Key: e2.business_id
        Sort Method: quicksort  Memory: 3714kB
        Buffers: shared hit=1258
        ->  Hash Join  (cost=2132.50..4029.37 rows=33333 width=12) (actual rows=50101 loops=1)
              Hash Cond: ((e2.event_type)::text = (events.event_type)::text)
              Join Filter: ((e2.occurences)::numeric > (avg(events.occurences)))
              Rows Removed by Join Filter: 49899
              Buffers: shared hit=1258
              ->  Seq Scan on events e2  (cost=0.00..1629.00 rows=100000 width=16) (actual rows=100000 loops=1)
                    Buffers: shared hit=629
              ->  Hash  (cost=2131.25..2131.25 rows=100 width=40) (actual rows=100 loops=1)
                    Buckets: 1024  Batches: 1  Memory Usage: 14kB
                    Buffers: shared hit=629
                    ->  HashAggregate  (cost=2129.00..2130.25 rows=100 width=40) (actual rows=100 loops=1)
                          Group Key: events.event_type
                          Batches: 1  Memory Usage: 32kB
                          Buffers: shared hit=629
                          ->  Seq Scan on events  (cost=0.00..1629.00 rows=100000 width=12) (actual rows=100000 loops=1)
                                Buffers: shared hit=629
Planning Time: 0.186 ms
Execution Time: 127.979 ms",124.098,125.358,126.922,128.8246,6845.88,6845.88,4995,4995,4995,4995,normal,normal,14.144038500000013,11.7793813,equal variances,significant,0.003968253968253968,-46.78659999999999,-47.34400000000001,-2587.42,0,True
653,1126,197,Medium,"select e2.business_id as business_id from schema_1126.events as e2 inner join (select t_events_0.event_type as c_event_type0, avg(t_events_0.occurences) as c_avg0 from schema_1126.events as t_events_0 group by t_events_0.event_type) as e1 on e1.c_avg0 < e2.occurences where e1.c_event_type0 = e2.event_type group by e2.business_id having 1 < count(e2.event_type)",73.147,4258.46,4995,"HashAggregate  (cost=4196.03..4258.46 rows=1665 width=4) (actual rows=4995 loops=1)
  Group Key: e2.business_id
  Filter: (1 < count(e2.event_type))
  Batches: 1  Memory Usage: 721kB
  Rows Removed by Filter: 4
  Buffers: shared hit=1258
  ->  Hash Join  (cost=2132.50..4029.37 rows=33333 width=12) (actual rows=50101 loops=1)
        Hash Cond: ((e2.event_type)::text = (e1.c_event_type0)::text)
        Join Filter: (e1.c_avg0 < (e2.occurences)::numeric)
        Rows Removed by Join Filter: 49899
        Buffers: shared hit=1258
        ->  Seq Scan on events e2  (cost=0.00..1629.00 rows=100000 width=16) (actual rows=100000 loops=1)
              Buffers: shared hit=629
        ->  Hash  (cost=2131.25..2131.25 rows=100 width=40) (actual rows=100 loops=1)
              Buckets: 1024  Batches: 1  Memory Usage: 14kB
              Buffers: shared hit=629
              ->  Subquery Scan on e1  (cost=2129.00..2131.25 rows=100 width=40) (actual rows=100 loops=1)
                    Buffers: shared hit=629
                    ->  HashAggregate  (cost=2129.00..2130.25 rows=100 width=40) (actual rows=100 loops=1)
                          Group Key: t_events_0.event_type
                          Batches: 1  Memory Usage: 32kB
                          Buffers: shared hit=629
                          ->  Seq Scan on events t_events_0  (cost=0.00..1629.00 rows=100000 width=12) (actual rows=100000 loops=1)
                                Buffers: shared hit=629
Planning Time: 0.267 ms
Execution Time: 73.147 ms",75.674,4258.46,4995,"HashAggregate  (cost=4196.03..4258.46 rows=1665 width=4) (actual rows=4995 loops=1)
  Group Key: e2.business_id
  Filter: (1 < count(e2.event_type))
  Batches: 1  Memory Usage: 721kB
  Rows Removed by Filter: 4
  Buffers: shared hit=1258
  ->  Hash Join  (cost=2132.50..4029.37 rows=33333 width=12) (actual rows=50101 loops=1)
        Hash Cond: ((e2.event_type)::text = (e1.c_event_type0)::text)
        Join Filter: (e1.c_avg0 < (e2.occurences)::numeric)
        Rows Removed by Join Filter: 49899
        Buffers: shared hit=1258
        ->  Seq Scan on events e2  (cost=0.00..1629.00 rows=100000 width=16) (actual rows=100000 loops=1)
              Buffers: shared hit=629
        ->  Hash  (cost=2131.25..2131.25 rows=100 width=40) (actual rows=100 loops=1)
              Buckets: 1024  Batches: 1  Memory Usage: 14kB
              Buffers: shared hit=629
              ->  Subquery Scan on e1  (cost=2129.00..2131.25 rows=100 width=40) (actual rows=100 loops=1)
                    Buffers: shared hit=629
                    ->  HashAggregate  (cost=2129.00..2130.25 rows=100 width=40) (actual rows=100 loops=1)
                          Group Key: t_events_0.event_type
                          Batches: 1  Memory Usage: 32kB
                          Buffers: shared hit=629
                          ->  Seq Scan on events t_events_0  (cost=0.00..1629.00 rows=100000 width=12) (actual rows=100000 loops=1)
                                Buffers: shared hit=629
Planning Time: 0.364 ms
Execution Time: 75.674 ms",78.347,4258.46,4995,"HashAggregate  (cost=4196.03..4258.46 rows=1665 width=4) (actual rows=4995 loops=1)
  Group Key: e2.business_id
  Filter: (1 < count(e2.event_type))
  Batches: 1  Memory Usage: 721kB
  Rows Removed by Filter: 4
  Buffers: shared hit=1258
  ->  Hash Join  (cost=2132.50..4029.37 rows=33333 width=12) (actual rows=50101 loops=1)
        Hash Cond: ((e2.event_type)::text = (e1.c_event_type0)::text)
        Join Filter: (e1.c_avg0 < (e2.occurences)::numeric)
        Rows Removed by Join Filter: 49899
        Buffers: shared hit=1258
        ->  Seq Scan on events e2  (cost=0.00..1629.00 rows=100000 width=16) (actual rows=100000 loops=1)
              Buffers: shared hit=629
        ->  Hash  (cost=2131.25..2131.25 rows=100 width=40) (actual rows=100 loops=1)
              Buckets: 1024  Batches: 1  Memory Usage: 14kB
              Buffers: shared hit=629
              ->  Subquery Scan on e1  (cost=2129.00..2131.25 rows=100 width=40) (actual rows=100 loops=1)
                    Buffers: shared hit=629
                    ->  HashAggregate  (cost=2129.00..2130.25 rows=100 width=40) (actual rows=100 loops=1)
                          Group Key: t_events_0.event_type
                          Batches: 1  Memory Usage: 32kB
                          Buffers: shared hit=629
                          ->  Seq Scan on events t_events_0  (cost=0.00..1629.00 rows=100000 width=12) (actual rows=100000 loops=1)
                                Buffers: shared hit=629
Planning Time: 0.280 ms
Execution Time: 78.347 ms",74.531,4258.46,4995,"HashAggregate  (cost=4196.03..4258.46 rows=1665 width=4) (actual rows=4995 loops=1)
  Group Key: e2.business_id
  Filter: (1 < count(e2.event_type))
  Batches: 1  Memory Usage: 721kB
  Rows Removed by Filter: 4
  Buffers: shared hit=1258
  ->  Hash Join  (cost=2132.50..4029.37 rows=33333 width=12) (actual rows=50101 loops=1)
        Hash Cond: ((e2.event_type)::text = (e1.c_event_type0)::text)
        Join Filter: (e1.c_avg0 < (e2.occurences)::numeric)
        Rows Removed by Join Filter: 49899
        Buffers: shared hit=1258
        ->  Seq Scan on events e2  (cost=0.00..1629.00 rows=100000 width=16) (actual rows=100000 loops=1)
              Buffers: shared hit=629
        ->  Hash  (cost=2131.25..2131.25 rows=100 width=40) (actual rows=100 loops=1)
              Buckets: 1024  Batches: 1  Memory Usage: 14kB
              Buffers: shared hit=629
              ->  Subquery Scan on e1  (cost=2129.00..2131.25 rows=100 width=40) (actual rows=100 loops=1)
                    Buffers: shared hit=629
                    ->  HashAggregate  (cost=2129.00..2130.25 rows=100 width=40) (actual rows=100 loops=1)
                          Group Key: t_events_0.event_type
                          Batches: 1  Memory Usage: 32kB
                          Buffers: shared hit=629
                          ->  Seq Scan on events t_events_0  (cost=0.00..1629.00 rows=100000 width=12) (actual rows=100000 loops=1)
                                Buffers: shared hit=629
Planning Time: 0.299 ms
Execution Time: 74.531 ms",77.137,4258.46,4995,"HashAggregate  (cost=4196.03..4258.46 rows=1665 width=4) (actual rows=4995 loops=1)
  Group Key: e2.business_id
  Filter: (1 < count(e2.event_type))
  Batches: 1  Memory Usage: 721kB
  Rows Removed by Filter: 4
  Buffers: shared hit=1258
  ->  Hash Join  (cost=2132.50..4029.37 rows=33333 width=12) (actual rows=50101 loops=1)
        Hash Cond: ((e2.event_type)::text = (e1.c_event_type0)::text)
        Join Filter: (e1.c_avg0 < (e2.occurences)::numeric)
        Rows Removed by Join Filter: 49899
        Buffers: shared hit=1258
        ->  Seq Scan on events e2  (cost=0.00..1629.00 rows=100000 width=16) (actual rows=100000 loops=1)
              Buffers: shared hit=629
        ->  Hash  (cost=2131.25..2131.25 rows=100 width=40) (actual rows=100 loops=1)
              Buckets: 1024  Batches: 1  Memory Usage: 14kB
              Buffers: shared hit=629
              ->  Subquery Scan on e1  (cost=2129.00..2131.25 rows=100 width=40) (actual rows=100 loops=1)
                    Buffers: shared hit=629
                    ->  HashAggregate  (cost=2129.00..2130.25 rows=100 width=40) (actual rows=100 loops=1)
                          Group Key: t_events_0.event_type
                          Batches: 1  Memory Usage: 32kB
                          Buffers: shared hit=629
                          ->  Seq Scan on events t_events_0  (cost=0.00..1629.00 rows=100000 width=12) (actual rows=100000 loops=1)
                                Buffers: shared hit=629
Planning Time: 0.438 ms
Execution Time: 77.137 ms",75.7672,75.674,77.742,78.831,4258.46,4258.46,4995,4995,4995,4995,1126_197,653,1126,197,Medium,"select business_id from (select event_type, avg(occurences) as ave_occurences from schema_1126.events group by event_type) as e1 join schema_1126.events as e2 on (e1.event_type = e2.event_type and e2.occurences > e1.ave_occurences) group by business_id having count(distinct e2.event_type) > 1",118.535,6845.88,4995,"GroupAggregate  (cost=6533.46..6845.88 rows=1665 width=4) (actual rows=4995 loops=1)
  Group Key: e2.business_id
  Filter: (count(DISTINCT e2.event_type) > 1)
  Rows Removed by Filter: 4
  Buffers: shared hit=1258
  ->  Sort  (cost=6533.46..6616.79 rows=33333 width=12) (actual rows=50101 loops=1)
        Sort Key: e2.business_id
        Sort Method: quicksort  Memory: 3714kB
        Buffers: shared hit=1258
        ->  Hash Join  (cost=2132.50..4029.37 rows=33333 width=12) (actual rows=50101 loops=1)
              Hash Cond: ((e2.event_type)::text = (events.event_type)::text)
              Join Filter: ((e2.occurences)::numeric > (avg(events.occurences)))
              Rows Removed by Join Filter: 49899
              Buffers: shared hit=1258
              ->  Seq Scan on events e2  (cost=0.00..1629.00 rows=100000 width=16) (actual rows=100000 loops=1)
                    Buffers: shared hit=629
              ->  Hash  (cost=2131.25..2131.25 rows=100 width=40) (actual rows=100 loops=1)
                    Buckets: 1024  Batches: 1  Memory Usage: 14kB
                    Buffers: shared hit=629
                    ->  HashAggregate  (cost=2129.00..2130.25 rows=100 width=40) (actual rows=100 loops=1)
                          Group Key: events.event_type
                          Batches: 1  Memory Usage: 32kB
                          Buffers: shared hit=629
                          ->  Seq Scan on events  (cost=0.00..1629.00 rows=100000 width=12) (actual rows=100000 loops=1)
                                Buffers: shared hit=629
Planning Time: 0.156 ms
Execution Time: 118.535 ms",126.814,6845.88,4995,"GroupAggregate  (cost=6533.46..6845.88 rows=1665 width=4) (actual rows=4995 loops=1)
  Group Key: e2.business_id
  Filter: (count(DISTINCT e2.event_type) > 1)
  Rows Removed by Filter: 4
  Buffers: shared hit=1258
  ->  Sort  (cost=6533.46..6616.79 rows=33333 width=12) (actual rows=50101 loops=1)
        Sort Key: e2.business_id
        Sort Method: quicksort  Memory: 3714kB
        Buffers: shared hit=1258
        ->  Hash Join  (cost=2132.50..4029.37 rows=33333 width=12) (actual rows=50101 loops=1)
              Hash Cond: ((e2.event_type)::text = (events.event_type)::text)
              Join Filter: ((e2.occurences)::numeric > (avg(events.occurences)))
              Rows Removed by Join Filter: 49899
              Buffers: shared hit=1258
              ->  Seq Scan on events e2  (cost=0.00..1629.00 rows=100000 width=16) (actual rows=100000 loops=1)
                    Buffers: shared hit=629
              ->  Hash  (cost=2131.25..2131.25 rows=100 width=40) (actual rows=100 loops=1)
                    Buckets: 1024  Batches: 1  Memory Usage: 14kB
                    Buffers: shared hit=629
                    ->  HashAggregate  (cost=2129.00..2130.25 rows=100 width=40) (actual rows=100 loops=1)
                          Group Key: events.event_type
                          Batches: 1  Memory Usage: 32kB
                          Buffers: shared hit=629
                          ->  Seq Scan on events  (cost=0.00..1629.00 rows=100000 width=12) (actual rows=100000 loops=1)
                                Buffers: shared hit=629
Planning Time: 0.224 ms
Execution Time: 126.814 ms",126.076,6845.88,4995,"GroupAggregate  (cost=6533.46..6845.88 rows=1665 width=4) (actual rows=4995 loops=1)
  Group Key: e2.business_id
  Filter: (count(DISTINCT e2.event_type) > 1)
  Rows Removed by Filter: 4
  Buffers: shared hit=1258
  ->  Sort  (cost=6533.46..6616.79 rows=33333 width=12) (actual rows=50101 loops=1)
        Sort Key: e2.business_id
        Sort Method: quicksort  Memory: 3714kB
        Buffers: shared hit=1258
        ->  Hash Join  (cost=2132.50..4029.37 rows=33333 width=12) (actual rows=50101 loops=1)
              Hash Cond: ((e2.event_type)::text = (events.event_type)::text)
              Join Filter: ((e2.occurences)::numeric > (avg(events.occurences)))
              Rows Removed by Join Filter: 49899
              Buffers: shared hit=1258
              ->  Seq Scan on events e2  (cost=0.00..1629.00 rows=100000 width=16) (actual rows=100000 loops=1)
                    Buffers: shared hit=629
              ->  Hash  (cost=2131.25..2131.25 rows=100 width=40) (actual rows=100 loops=1)
                    Buckets: 1024  Batches: 1  Memory Usage: 14kB
                    Buffers: shared hit=629
                    ->  HashAggregate  (cost=2129.00..2130.25 rows=100 width=40) (actual rows=100 loops=1)
                          Group Key: events.event_type
                          Batches: 1  Memory Usage: 32kB
                          Buffers: shared hit=629
                          ->  Seq Scan on events  (cost=0.00..1629.00 rows=100000 width=12) (actual rows=100000 loops=1)
                                Buffers: shared hit=629
Planning Time: 0.212 ms
Execution Time: 126.076 ms",125.084,6845.88,4995,"GroupAggregate  (cost=6533.46..6845.88 rows=1665 width=4) (actual rows=4995 loops=1)
  Group Key: e2.business_id
  Filter: (count(DISTINCT e2.event_type) > 1)
  Rows Removed by Filter: 4
  Buffers: shared hit=1258
  ->  Sort  (cost=6533.46..6616.79 rows=33333 width=12) (actual rows=50101 loops=1)
        Sort Key: e2.business_id
        Sort Method: quicksort  Memory: 3714kB
        Buffers: shared hit=1258
        ->  Hash Join  (cost=2132.50..4029.37 rows=33333 width=12) (actual rows=50101 loops=1)
              Hash Cond: ((e2.event_type)::text = (events.event_type)::text)
              Join Filter: ((e2.occurences)::numeric > (avg(events.occurences)))
              Rows Removed by Join Filter: 49899
              Buffers: shared hit=1258
              ->  Seq Scan on events e2  (cost=0.00..1629.00 rows=100000 width=16) (actual rows=100000 loops=1)
                    Buffers: shared hit=629
              ->  Hash  (cost=2131.25..2131.25 rows=100 width=40) (actual rows=100 loops=1)
                    Buckets: 1024  Batches: 1  Memory Usage: 14kB
                    Buffers: shared hit=629
                    ->  HashAggregate  (cost=2129.00..2130.25 rows=100 width=40) (actual rows=100 loops=1)
                          Group Key: events.event_type
                          Batches: 1  Memory Usage: 32kB
                          Buffers: shared hit=629
                          ->  Seq Scan on events  (cost=0.00..1629.00 rows=100000 width=12) (actual rows=100000 loops=1)
                                Buffers: shared hit=629
Planning Time: 0.263 ms
Execution Time: 125.084 ms",126.686,6845.88,4995,"GroupAggregate  (cost=6533.46..6845.88 rows=1665 width=4) (actual rows=4995 loops=1)
  Group Key: e2.business_id
  Filter: (count(DISTINCT e2.event_type) > 1)
  Rows Removed by Filter: 4
  Buffers: shared hit=1258
  ->  Sort  (cost=6533.46..6616.79 rows=33333 width=12) (actual rows=50101 loops=1)
        Sort Key: e2.business_id
        Sort Method: quicksort  Memory: 3714kB
        Buffers: shared hit=1258
        ->  Hash Join  (cost=2132.50..4029.37 rows=33333 width=12) (actual rows=50101 loops=1)
              Hash Cond: ((e2.event_type)::text = (events.event_type)::text)
              Join Filter: ((e2.occurences)::numeric > (avg(events.occurences)))
              Rows Removed by Join Filter: 49899
              Buffers: shared hit=1258
              ->  Seq Scan on events e2  (cost=0.00..1629.00 rows=100000 width=16) (actual rows=100000 loops=1)
                    Buffers: shared hit=629
              ->  Hash  (cost=2131.25..2131.25 rows=100 width=40) (actual rows=100 loops=1)
                    Buckets: 1024  Batches: 1  Memory Usage: 14kB
                    Buffers: shared hit=629
                    ->  HashAggregate  (cost=2129.00..2130.25 rows=100 width=40) (actual rows=100 loops=1)
                          Group Key: events.event_type
                          Batches: 1  Memory Usage: 32kB
                          Buffers: shared hit=629
                          ->  Seq Scan on events  (cost=0.00..1629.00 rows=100000 width=12) (actual rows=100000 loops=1)
                                Buffers: shared hit=629
Planning Time: 0.214 ms
Execution Time: 126.686 ms",124.639,126.076,126.75,126.8652,6845.88,6845.88,4995,4995,4995,4995,not normal,normal,12.110661000000007,4.233511199999982,equal variances,significant,0.003968253968253968,-48.87179999999999,-50.40199999999999,-2587.42,0,True
654,1126,198,Medium,"select e2.business_id as business_id from schema_1126.events as e2 inner join (select e1.event_type as c_event_type0, avg(e1.occurences) as c_avg0 from schema_1126.events as e1 group by e1.event_type) as temp1 on temp1.c_event_type0 = e2.event_type where temp1.c_avg0 < e2.occurences group by e2.business_id having 1 < count(temp1.c_event_type0)",71.78,4258.46,4995,"HashAggregate  (cost=4196.03..4258.46 rows=1665 width=4) (actual rows=4995 loops=1)
  Group Key: e2.business_id
  Filter: (1 < count(e1.event_type))
  Batches: 1  Memory Usage: 721kB
  Rows Removed by Filter: 4
  Buffers: shared hit=1258
  ->  Hash Join  (cost=2132.50..4029.37 rows=33333 width=12) (actual rows=50101 loops=1)
        Hash Cond: ((e2.event_type)::text = (e1.event_type)::text)
        Join Filter: ((avg(e1.occurences)) < (e2.occurences)::numeric)
        Rows Removed by Join Filter: 49899
        Buffers: shared hit=1258
        ->  Seq Scan on events e2  (cost=0.00..1629.00 rows=100000 width=16) (actual rows=100000 loops=1)
              Buffers: shared hit=629
        ->  Hash  (cost=2131.25..2131.25 rows=100 width=40) (actual rows=100 loops=1)
              Buckets: 1024  Batches: 1  Memory Usage: 14kB
              Buffers: shared hit=629
              ->  HashAggregate  (cost=2129.00..2130.25 rows=100 width=40) (actual rows=100 loops=1)
                    Group Key: e1.event_type
                    Batches: 1  Memory Usage: 32kB
                    Buffers: shared hit=629
                    ->  Seq Scan on events e1  (cost=0.00..1629.00 rows=100000 width=12) (actual rows=100000 loops=1)
                          Buffers: shared hit=629
Planning Time: 0.187 ms
Execution Time: 71.780 ms",83.102,4258.46,4995,"HashAggregate  (cost=4196.03..4258.46 rows=1665 width=4) (actual rows=4995 loops=1)
  Group Key: e2.business_id
  Filter: (1 < count(e1.event_type))
  Batches: 1  Memory Usage: 721kB
  Rows Removed by Filter: 4
  Buffers: shared hit=1258
  ->  Hash Join  (cost=2132.50..4029.37 rows=33333 width=12) (actual rows=50101 loops=1)
        Hash Cond: ((e2.event_type)::text = (e1.event_type)::text)
        Join Filter: ((avg(e1.occurences)) < (e2.occurences)::numeric)
        Rows Removed by Join Filter: 49899
        Buffers: shared hit=1258
        ->  Seq Scan on events e2  (cost=0.00..1629.00 rows=100000 width=16) (actual rows=100000 loops=1)
              Buffers: shared hit=629
        ->  Hash  (cost=2131.25..2131.25 rows=100 width=40) (actual rows=100 loops=1)
              Buckets: 1024  Batches: 1  Memory Usage: 14kB
              Buffers: shared hit=629
              ->  HashAggregate  (cost=2129.00..2130.25 rows=100 width=40) (actual rows=100 loops=1)
                    Group Key: e1.event_type
                    Batches: 1  Memory Usage: 32kB
                    Buffers: shared hit=629
                    ->  Seq Scan on events e1  (cost=0.00..1629.00 rows=100000 width=12) (actual rows=100000 loops=1)
                          Buffers: shared hit=629
Planning Time: 0.280 ms
Execution Time: 83.102 ms",83.695,4258.46,4995,"HashAggregate  (cost=4196.03..4258.46 rows=1665 width=4) (actual rows=4995 loops=1)
  Group Key: e2.business_id
  Filter: (1 < count(e1.event_type))
  Batches: 1  Memory Usage: 721kB
  Rows Removed by Filter: 4
  Buffers: shared hit=1258
  ->  Hash Join  (cost=2132.50..4029.37 rows=33333 width=12) (actual rows=50101 loops=1)
        Hash Cond: ((e2.event_type)::text = (e1.event_type)::text)
        Join Filter: ((avg(e1.occurences)) < (e2.occurences)::numeric)
        Rows Removed by Join Filter: 49899
        Buffers: shared hit=1258
        ->  Seq Scan on events e2  (cost=0.00..1629.00 rows=100000 width=16) (actual rows=100000 loops=1)
              Buffers: shared hit=629
        ->  Hash  (cost=2131.25..2131.25 rows=100 width=40) (actual rows=100 loops=1)
              Buckets: 1024  Batches: 1  Memory Usage: 14kB
              Buffers: shared hit=629
              ->  HashAggregate  (cost=2129.00..2130.25 rows=100 width=40) (actual rows=100 loops=1)
                    Group Key: e1.event_type
                    Batches: 1  Memory Usage: 32kB
                    Buffers: shared hit=629
                    ->  Seq Scan on events e1  (cost=0.00..1629.00 rows=100000 width=12) (actual rows=100000 loops=1)
                          Buffers: shared hit=629
Planning Time: 0.286 ms
Execution Time: 83.695 ms",79.039,4258.46,4995,"HashAggregate  (cost=4196.03..4258.46 rows=1665 width=4) (actual rows=4995 loops=1)
  Group Key: e2.business_id
  Filter: (1 < count(e1.event_type))
  Batches: 1  Memory Usage: 721kB
  Rows Removed by Filter: 4
  Buffers: shared hit=1258
  ->  Hash Join  (cost=2132.50..4029.37 rows=33333 width=12) (actual rows=50101 loops=1)
        Hash Cond: ((e2.event_type)::text = (e1.event_type)::text)
        Join Filter: ((avg(e1.occurences)) < (e2.occurences)::numeric)
        Rows Removed by Join Filter: 49899
        Buffers: shared hit=1258
        ->  Seq Scan on events e2  (cost=0.00..1629.00 rows=100000 width=16) (actual rows=100000 loops=1)
              Buffers: shared hit=629
        ->  Hash  (cost=2131.25..2131.25 rows=100 width=40) (actual rows=100 loops=1)
              Buckets: 1024  Batches: 1  Memory Usage: 14kB
              Buffers: shared hit=629
              ->  HashAggregate  (cost=2129.00..2130.25 rows=100 width=40) (actual rows=100 loops=1)
                    Group Key: e1.event_type
                    Batches: 1  Memory Usage: 32kB
                    Buffers: shared hit=629
                    ->  Seq Scan on events e1  (cost=0.00..1629.00 rows=100000 width=12) (actual rows=100000 loops=1)
                          Buffers: shared hit=629
Planning Time: 0.278 ms
Execution Time: 79.039 ms",79.126,4258.46,4995,"HashAggregate  (cost=4196.03..4258.46 rows=1665 width=4) (actual rows=4995 loops=1)
  Group Key: e2.business_id
  Filter: (1 < count(e1.event_type))
  Batches: 1  Memory Usage: 721kB
  Rows Removed by Filter: 4
  Buffers: shared hit=1258
  ->  Hash Join  (cost=2132.50..4029.37 rows=33333 width=12) (actual rows=50101 loops=1)
        Hash Cond: ((e2.event_type)::text = (e1.event_type)::text)
        Join Filter: ((avg(e1.occurences)) < (e2.occurences)::numeric)
        Rows Removed by Join Filter: 49899
        Buffers: shared hit=1258
        ->  Seq Scan on events e2  (cost=0.00..1629.00 rows=100000 width=16) (actual rows=100000 loops=1)
              Buffers: shared hit=629
        ->  Hash  (cost=2131.25..2131.25 rows=100 width=40) (actual rows=100 loops=1)
              Buckets: 1024  Batches: 1  Memory Usage: 14kB
              Buffers: shared hit=629
              ->  HashAggregate  (cost=2129.00..2130.25 rows=100 width=40) (actual rows=100 loops=1)
                    Group Key: e1.event_type
                    Batches: 1  Memory Usage: 32kB
                    Buffers: shared hit=629
                    ->  Seq Scan on events e1  (cost=0.00..1629.00 rows=100000 width=12) (actual rows=100000 loops=1)
                          Buffers: shared hit=629
Planning Time: 0.294 ms
Execution Time: 79.126 ms",79.3484,79.126,83.3985,83.9322,4258.46,4258.46,4995,4995,4995,4995,1126_198,654,1126,198,Medium,"select business_id from (select event_type, avg(occurences) as ave_occurences from schema_1126.events as e1 group by event_type) as temp1 join schema_1126.events as e2 on temp1.event_type = e2.event_type where e2.occurences > temp1.ave_occurences group by business_id having count(distinct temp1.event_type) > 1",119.547,6845.88,4995,"GroupAggregate  (cost=6533.46..6845.88 rows=1665 width=4) (actual rows=4995 loops=1)
  Group Key: e2.business_id
  Filter: (count(DISTINCT e1.event_type) > 1)
  Rows Removed by Filter: 4
  Buffers: shared hit=1258
  ->  Sort  (cost=6533.46..6616.79 rows=33333 width=12) (actual rows=50101 loops=1)
        Sort Key: e2.business_id
        Sort Method: quicksort  Memory: 3714kB
        Buffers: shared hit=1258
        ->  Hash Join  (cost=2132.50..4029.37 rows=33333 width=12) (actual rows=50101 loops=1)
              Hash Cond: ((e2.event_type)::text = (e1.event_type)::text)
              Join Filter: ((e2.occurences)::numeric > (avg(e1.occurences)))
              Rows Removed by Join Filter: 49899
              Buffers: shared hit=1258
              ->  Seq Scan on events e2  (cost=0.00..1629.00 rows=100000 width=16) (actual rows=100000 loops=1)
                    Buffers: shared hit=629
              ->  Hash  (cost=2131.25..2131.25 rows=100 width=40) (actual rows=100 loops=1)
                    Buckets: 1024  Batches: 1  Memory Usage: 14kB
                    Buffers: shared hit=629
                    ->  HashAggregate  (cost=2129.00..2130.25 rows=100 width=40) (actual rows=100 loops=1)
                          Group Key: e1.event_type
                          Batches: 1  Memory Usage: 32kB
                          Buffers: shared hit=629
                          ->  Seq Scan on events e1  (cost=0.00..1629.00 rows=100000 width=12) (actual rows=100000 loops=1)
                                Buffers: shared hit=629
Planning Time: 0.130 ms
Execution Time: 119.547 ms",124.357,6845.88,4995,"GroupAggregate  (cost=6533.46..6845.88 rows=1665 width=4) (actual rows=4995 loops=1)
  Group Key: e2.business_id
  Filter: (count(DISTINCT e1.event_type) > 1)
  Rows Removed by Filter: 4
  Buffers: shared hit=1258
  ->  Sort  (cost=6533.46..6616.79 rows=33333 width=12) (actual rows=50101 loops=1)
        Sort Key: e2.business_id
        Sort Method: quicksort  Memory: 3714kB
        Buffers: shared hit=1258
        ->  Hash Join  (cost=2132.50..4029.37 rows=33333 width=12) (actual rows=50101 loops=1)
              Hash Cond: ((e2.event_type)::text = (e1.event_type)::text)
              Join Filter: ((e2.occurences)::numeric > (avg(e1.occurences)))
              Rows Removed by Join Filter: 49899
              Buffers: shared hit=1258
              ->  Seq Scan on events e2  (cost=0.00..1629.00 rows=100000 width=16) (actual rows=100000 loops=1)
                    Buffers: shared hit=629
              ->  Hash  (cost=2131.25..2131.25 rows=100 width=40) (actual rows=100 loops=1)
                    Buckets: 1024  Batches: 1  Memory Usage: 14kB
                    Buffers: shared hit=629
                    ->  HashAggregate  (cost=2129.00..2130.25 rows=100 width=40) (actual rows=100 loops=1)
                          Group Key: e1.event_type
                          Batches: 1  Memory Usage: 32kB
                          Buffers: shared hit=629
                          ->  Seq Scan on events e1  (cost=0.00..1629.00 rows=100000 width=12) (actual rows=100000 loops=1)
                                Buffers: shared hit=629
Planning Time: 0.181 ms
Execution Time: 124.357 ms",126.876,6845.88,4995,"GroupAggregate  (cost=6533.46..6845.88 rows=1665 width=4) (actual rows=4995 loops=1)
  Group Key: e2.business_id
  Filter: (count(DISTINCT e1.event_type) > 1)
  Rows Removed by Filter: 4
  Buffers: shared hit=1258
  ->  Sort  (cost=6533.46..6616.79 rows=33333 width=12) (actual rows=50101 loops=1)
        Sort Key: e2.business_id
        Sort Method: quicksort  Memory: 3714kB
        Buffers: shared hit=1258
        ->  Hash Join  (cost=2132.50..4029.37 rows=33333 width=12) (actual rows=50101 loops=1)
              Hash Cond: ((e2.event_type)::text = (e1.event_type)::text)
              Join Filter: ((e2.occurences)::numeric > (avg(e1.occurences)))
              Rows Removed by Join Filter: 49899
              Buffers: shared hit=1258
              ->  Seq Scan on events e2  (cost=0.00..1629.00 rows=100000 width=16) (actual rows=100000 loops=1)
                    Buffers: shared hit=629
              ->  Hash  (cost=2131.25..2131.25 rows=100 width=40) (actual rows=100 loops=1)
                    Buckets: 1024  Batches: 1  Memory Usage: 14kB
                    Buffers: shared hit=629
                    ->  HashAggregate  (cost=2129.00..2130.25 rows=100 width=40) (actual rows=100 loops=1)
                          Group Key: e1.event_type
                          Batches: 1  Memory Usage: 32kB
                          Buffers: shared hit=629
                          ->  Seq Scan on events e1  (cost=0.00..1629.00 rows=100000 width=12) (actual rows=100000 loops=1)
                                Buffers: shared hit=629
Planning Time: 0.220 ms
Execution Time: 126.876 ms",127.403,6845.88,4995,"GroupAggregate  (cost=6533.46..6845.88 rows=1665 width=4) (actual rows=4995 loops=1)
  Group Key: e2.business_id
  Filter: (count(DISTINCT e1.event_type) > 1)
  Rows Removed by Filter: 4
  Buffers: shared hit=1258
  ->  Sort  (cost=6533.46..6616.79 rows=33333 width=12) (actual rows=50101 loops=1)
        Sort Key: e2.business_id
        Sort Method: quicksort  Memory: 3714kB
        Buffers: shared hit=1258
        ->  Hash Join  (cost=2132.50..4029.37 rows=33333 width=12) (actual rows=50101 loops=1)
              Hash Cond: ((e2.event_type)::text = (e1.event_type)::text)
              Join Filter: ((e2.occurences)::numeric > (avg(e1.occurences)))
              Rows Removed by Join Filter: 49899
              Buffers: shared hit=1258
              ->  Seq Scan on events e2  (cost=0.00..1629.00 rows=100000 width=16) (actual rows=100000 loops=1)
                    Buffers: shared hit=629
              ->  Hash  (cost=2131.25..2131.25 rows=100 width=40) (actual rows=100 loops=1)
                    Buckets: 1024  Batches: 1  Memory Usage: 14kB
                    Buffers: shared hit=629
                    ->  HashAggregate  (cost=2129.00..2130.25 rows=100 width=40) (actual rows=100 loops=1)
                          Group Key: e1.event_type
                          Batches: 1  Memory Usage: 32kB
                          Buffers: shared hit=629
                          ->  Seq Scan on events e1  (cost=0.00..1629.00 rows=100000 width=12) (actual rows=100000 loops=1)
                                Buffers: shared hit=629
Planning Time: 0.188 ms
Execution Time: 127.403 ms",124.326,6845.88,4995,"GroupAggregate  (cost=6533.46..6845.88 rows=1665 width=4) (actual rows=4995 loops=1)
  Group Key: e2.business_id
  Filter: (count(DISTINCT e1.event_type) > 1)
  Rows Removed by Filter: 4
  Buffers: shared hit=1258
  ->  Sort  (cost=6533.46..6616.79 rows=33333 width=12) (actual rows=50101 loops=1)
        Sort Key: e2.business_id
        Sort Method: quicksort  Memory: 3714kB
        Buffers: shared hit=1258
        ->  Hash Join  (cost=2132.50..4029.37 rows=33333 width=12) (actual rows=50101 loops=1)
              Hash Cond: ((e2.event_type)::text = (e1.event_type)::text)
              Join Filter: ((e2.occurences)::numeric > (avg(e1.occurences)))
              Rows Removed by Join Filter: 49899
              Buffers: shared hit=1258
              ->  Seq Scan on events e2  (cost=0.00..1629.00 rows=100000 width=16) (actual rows=100000 loops=1)
                    Buffers: shared hit=629
              ->  Hash  (cost=2131.25..2131.25 rows=100 width=40) (actual rows=100 loops=1)
                    Buckets: 1024  Batches: 1  Memory Usage: 14kB
                    Buffers: shared hit=629
                    ->  HashAggregate  (cost=2129.00..2130.25 rows=100 width=40) (actual rows=100 loops=1)
                          Group Key: e1.event_type
                          Batches: 1  Memory Usage: 32kB
                          Buffers: shared hit=629
                          ->  Seq Scan on events e1  (cost=0.00..1629.00 rows=100000 width=12) (actual rows=100000 loops=1)
                                Buffers: shared hit=629
Planning Time: 0.217 ms
Execution Time: 124.326 ms",124.5018,124.357,127.1395,127.6138,6845.88,6845.88,4995,4995,4995,4995,normal,normal,9.663925700000021,22.602078299999988,equal variances,significant,0.003968253968253968,-45.153400000000005,-45.230999999999995,-2587.42,0,True
655,1126,200,Medium,"select temp2.business_id as business_id from (select t_events_0.event_type as c_event_type0, avg(t_events_0.occurences) as c_avg0 from schema_1126.events as t_events_0 group by t_events_0.event_type) as temp1 inner join schema_1126.events as temp2 on temp1.c_event_type0 = temp2.event_type where temp1.c_avg0 < temp2.occurences group by temp2.business_id having 1 < count(temp2.event_type)",71.749,4258.46,4995,"HashAggregate  (cost=4196.03..4258.46 rows=1665 width=4) (actual rows=4995 loops=1)
  Group Key: temp2.business_id
  Filter: (1 < count(temp2.event_type))
  Batches: 1  Memory Usage: 721kB
  Rows Removed by Filter: 4
  Buffers: shared hit=1258
  ->  Hash Join  (cost=2132.50..4029.37 rows=33333 width=12) (actual rows=50101 loops=1)
        Hash Cond: ((temp2.event_type)::text = (t_events_0.event_type)::text)
        Join Filter: ((avg(t_events_0.occurences)) < (temp2.occurences)::numeric)
        Rows Removed by Join Filter: 49899
        Buffers: shared hit=1258
        ->  Seq Scan on events temp2  (cost=0.00..1629.00 rows=100000 width=16) (actual rows=100000 loops=1)
              Buffers: shared hit=629
        ->  Hash  (cost=2131.25..2131.25 rows=100 width=40) (actual rows=100 loops=1)
              Buckets: 1024  Batches: 1  Memory Usage: 14kB
              Buffers: shared hit=629
              ->  HashAggregate  (cost=2129.00..2130.25 rows=100 width=40) (actual rows=100 loops=1)
                    Group Key: t_events_0.event_type
                    Batches: 1  Memory Usage: 32kB
                    Buffers: shared hit=629
                    ->  Seq Scan on events t_events_0  (cost=0.00..1629.00 rows=100000 width=12) (actual rows=100000 loops=1)
                          Buffers: shared hit=629
Planning Time: 0.129 ms
Execution Time: 71.749 ms",80.366,4258.46,4995,"HashAggregate  (cost=4196.03..4258.46 rows=1665 width=4) (actual rows=4995 loops=1)
  Group Key: temp2.business_id
  Filter: (1 < count(temp2.event_type))
  Batches: 1  Memory Usage: 721kB
  Rows Removed by Filter: 4
  Buffers: shared hit=1258
  ->  Hash Join  (cost=2132.50..4029.37 rows=33333 width=12) (actual rows=50101 loops=1)
        Hash Cond: ((temp2.event_type)::text = (t_events_0.event_type)::text)
        Join Filter: ((avg(t_events_0.occurences)) < (temp2.occurences)::numeric)
        Rows Removed by Join Filter: 49899
        Buffers: shared hit=1258
        ->  Seq Scan on events temp2  (cost=0.00..1629.00 rows=100000 width=16) (actual rows=100000 loops=1)
              Buffers: shared hit=629
        ->  Hash  (cost=2131.25..2131.25 rows=100 width=40) (actual rows=100 loops=1)
              Buckets: 1024  Batches: 1  Memory Usage: 14kB
              Buffers: shared hit=629
              ->  HashAggregate  (cost=2129.00..2130.25 rows=100 width=40) (actual rows=100 loops=1)
                    Group Key: t_events_0.event_type
                    Batches: 1  Memory Usage: 32kB
                    Buffers: shared hit=629
                    ->  Seq Scan on events t_events_0  (cost=0.00..1629.00 rows=100000 width=12) (actual rows=100000 loops=1)
                          Buffers: shared hit=629
Planning Time: 0.251 ms
Execution Time: 80.366 ms",76.723,4258.46,4995,"HashAggregate  (cost=4196.03..4258.46 rows=1665 width=4) (actual rows=4995 loops=1)
  Group Key: temp2.business_id
  Filter: (1 < count(temp2.event_type))
  Batches: 1  Memory Usage: 721kB
  Rows Removed by Filter: 4
  Buffers: shared hit=1258
  ->  Hash Join  (cost=2132.50..4029.37 rows=33333 width=12) (actual rows=50101 loops=1)
        Hash Cond: ((temp2.event_type)::text = (t_events_0.event_type)::text)
        Join Filter: ((avg(t_events_0.occurences)) < (temp2.occurences)::numeric)
        Rows Removed by Join Filter: 49899
        Buffers: shared hit=1258
        ->  Seq Scan on events temp2  (cost=0.00..1629.00 rows=100000 width=16) (actual rows=100000 loops=1)
              Buffers: shared hit=629
        ->  Hash  (cost=2131.25..2131.25 rows=100 width=40) (actual rows=100 loops=1)
              Buckets: 1024  Batches: 1  Memory Usage: 14kB
              Buffers: shared hit=629
              ->  HashAggregate  (cost=2129.00..2130.25 rows=100 width=40) (actual rows=100 loops=1)
                    Group Key: t_events_0.event_type
                    Batches: 1  Memory Usage: 32kB
                    Buffers: shared hit=629
                    ->  Seq Scan on events t_events_0  (cost=0.00..1629.00 rows=100000 width=12) (actual rows=100000 loops=1)
                          Buffers: shared hit=629
Planning Time: 0.233 ms
Execution Time: 76.723 ms",77.804,4258.46,4995,"HashAggregate  (cost=4196.03..4258.46 rows=1665 width=4) (actual rows=4995 loops=1)
  Group Key: temp2.business_id
  Filter: (1 < count(temp2.event_type))
  Batches: 1  Memory Usage: 721kB
  Rows Removed by Filter: 4
  Buffers: shared hit=1258
  ->  Hash Join  (cost=2132.50..4029.37 rows=33333 width=12) (actual rows=50101 loops=1)
        Hash Cond: ((temp2.event_type)::text = (t_events_0.event_type)::text)
        Join Filter: ((avg(t_events_0.occurences)) < (temp2.occurences)::numeric)
        Rows Removed by Join Filter: 49899
        Buffers: shared hit=1258
        ->  Seq Scan on events temp2  (cost=0.00..1629.00 rows=100000 width=16) (actual rows=100000 loops=1)
              Buffers: shared hit=629
        ->  Hash  (cost=2131.25..2131.25 rows=100 width=40) (actual rows=100 loops=1)
              Buckets: 1024  Batches: 1  Memory Usage: 14kB
              Buffers: shared hit=629
              ->  HashAggregate  (cost=2129.00..2130.25 rows=100 width=40) (actual rows=100 loops=1)
                    Group Key: t_events_0.event_type
                    Batches: 1  Memory Usage: 32kB
                    Buffers: shared hit=629
                    ->  Seq Scan on events t_events_0  (cost=0.00..1629.00 rows=100000 width=12) (actual rows=100000 loops=1)
                          Buffers: shared hit=629
Planning Time: 0.207 ms
Execution Time: 77.804 ms",77.201,4258.46,4995,"HashAggregate  (cost=4196.03..4258.46 rows=1665 width=4) (actual rows=4995 loops=1)
  Group Key: temp2.business_id
  Filter: (1 < count(temp2.event_type))
  Batches: 1  Memory Usage: 721kB
  Rows Removed by Filter: 4
  Buffers: shared hit=1258
  ->  Hash Join  (cost=2132.50..4029.37 rows=33333 width=12) (actual rows=50101 loops=1)
        Hash Cond: ((temp2.event_type)::text = (t_events_0.event_type)::text)
        Join Filter: ((avg(t_events_0.occurences)) < (temp2.occurences)::numeric)
        Rows Removed by Join Filter: 49899
        Buffers: shared hit=1258
        ->  Seq Scan on events temp2  (cost=0.00..1629.00 rows=100000 width=16) (actual rows=100000 loops=1)
              Buffers: shared hit=629
        ->  Hash  (cost=2131.25..2131.25 rows=100 width=40) (actual rows=100 loops=1)
              Buckets: 1024  Batches: 1  Memory Usage: 14kB
              Buffers: shared hit=629
              ->  HashAggregate  (cost=2129.00..2130.25 rows=100 width=40) (actual rows=100 loops=1)
                    Group Key: t_events_0.event_type
                    Batches: 1  Memory Usage: 32kB
                    Buffers: shared hit=629
                    ->  Seq Scan on events t_events_0  (cost=0.00..1629.00 rows=100000 width=12) (actual rows=100000 loops=1)
                          Buffers: shared hit=629
Planning Time: 0.185 ms
Execution Time: 77.201 ms",76.7686,77.201,79.085,81.3908,4258.46,4258.46,4995,4995,4995,4995,1126_200,655,1126,200,Medium,"select business_id from (select event_type, avg(occurences) as avg_events from schema_1126.events group by event_type) as temp1 join schema_1126.events as temp2 on temp1.event_type = temp2.event_type where temp2.occurences > temp1.avg_events group by business_id having count(distinct temp2.event_type) > 1",118.823,6845.88,4995,"GroupAggregate  (cost=6533.46..6845.88 rows=1665 width=4) (actual rows=4995 loops=1)
  Group Key: temp2.business_id
  Filter: (count(DISTINCT temp2.event_type) > 1)
  Rows Removed by Filter: 4
  Buffers: shared hit=1258
  ->  Sort  (cost=6533.46..6616.79 rows=33333 width=12) (actual rows=50101 loops=1)
        Sort Key: temp2.business_id
        Sort Method: quicksort  Memory: 3714kB
        Buffers: shared hit=1258
        ->  Hash Join  (cost=2132.50..4029.37 rows=33333 width=12) (actual rows=50101 loops=1)
              Hash Cond: ((temp2.event_type)::text = (events.event_type)::text)
              Join Filter: ((temp2.occurences)::numeric > (avg(events.occurences)))
              Rows Removed by Join Filter: 49899
              Buffers: shared hit=1258
              ->  Seq Scan on events temp2  (cost=0.00..1629.00 rows=100000 width=16) (actual rows=100000 loops=1)
                    Buffers: shared hit=629
              ->  Hash  (cost=2131.25..2131.25 rows=100 width=40) (actual rows=100 loops=1)
                    Buckets: 1024  Batches: 1  Memory Usage: 14kB
                    Buffers: shared hit=629
                    ->  HashAggregate  (cost=2129.00..2130.25 rows=100 width=40) (actual rows=100 loops=1)
                          Group Key: events.event_type
                          Batches: 1  Memory Usage: 32kB
                          Buffers: shared hit=629
                          ->  Seq Scan on events  (cost=0.00..1629.00 rows=100000 width=12) (actual rows=100000 loops=1)
                                Buffers: shared hit=629
Planning Time: 0.174 ms
Execution Time: 118.823 ms",127.751,6845.88,4995,"GroupAggregate  (cost=6533.46..6845.88 rows=1665 width=4) (actual rows=4995 loops=1)
  Group Key: temp2.business_id
  Filter: (count(DISTINCT temp2.event_type) > 1)
  Rows Removed by Filter: 4
  Buffers: shared hit=1258
  ->  Sort  (cost=6533.46..6616.79 rows=33333 width=12) (actual rows=50101 loops=1)
        Sort Key: temp2.business_id
        Sort Method: quicksort  Memory: 3714kB
        Buffers: shared hit=1258
        ->  Hash Join  (cost=2132.50..4029.37 rows=33333 width=12) (actual rows=50101 loops=1)
              Hash Cond: ((temp2.event_type)::text = (events.event_type)::text)
              Join Filter: ((temp2.occurences)::numeric > (avg(events.occurences)))
              Rows Removed by Join Filter: 49899
              Buffers: shared hit=1258
              ->  Seq Scan on events temp2  (cost=0.00..1629.00 rows=100000 width=16) (actual rows=100000 loops=1)
                    Buffers: shared hit=629
              ->  Hash  (cost=2131.25..2131.25 rows=100 width=40) (actual rows=100 loops=1)
                    Buckets: 1024  Batches: 1  Memory Usage: 14kB
                    Buffers: shared hit=629
                    ->  HashAggregate  (cost=2129.00..2130.25 rows=100 width=40) (actual rows=100 loops=1)
                          Group Key: events.event_type
                          Batches: 1  Memory Usage: 32kB
                          Buffers: shared hit=629
                          ->  Seq Scan on events  (cost=0.00..1629.00 rows=100000 width=12) (actual rows=100000 loops=1)
                                Buffers: shared hit=629
Planning Time: 0.198 ms
Execution Time: 127.751 ms",123.768,6845.88,4995,"GroupAggregate  (cost=6533.46..6845.88 rows=1665 width=4) (actual rows=4995 loops=1)
  Group Key: temp2.business_id
  Filter: (count(DISTINCT temp2.event_type) > 1)
  Rows Removed by Filter: 4
  Buffers: shared hit=1258
  ->  Sort  (cost=6533.46..6616.79 rows=33333 width=12) (actual rows=50101 loops=1)
        Sort Key: temp2.business_id
        Sort Method: quicksort  Memory: 3714kB
        Buffers: shared hit=1258
        ->  Hash Join  (cost=2132.50..4029.37 rows=33333 width=12) (actual rows=50101 loops=1)
              Hash Cond: ((temp2.event_type)::text = (events.event_type)::text)
              Join Filter: ((temp2.occurences)::numeric > (avg(events.occurences)))
              Rows Removed by Join Filter: 49899
              Buffers: shared hit=1258
              ->  Seq Scan on events temp2  (cost=0.00..1629.00 rows=100000 width=16) (actual rows=100000 loops=1)
                    Buffers: shared hit=629
              ->  Hash  (cost=2131.25..2131.25 rows=100 width=40) (actual rows=100 loops=1)
                    Buckets: 1024  Batches: 1  Memory Usage: 14kB
                    Buffers: shared hit=629
                    ->  HashAggregate  (cost=2129.00..2130.25 rows=100 width=40) (actual rows=100 loops=1)
                          Group Key: events.event_type
                          Batches: 1  Memory Usage: 32kB
                          Buffers: shared hit=629
                          ->  Seq Scan on events  (cost=0.00..1629.00 rows=100000 width=12) (actual rows=100000 loops=1)
                                Buffers: shared hit=629
Planning Time: 0.270 ms
Execution Time: 123.768 ms",123.242,6845.88,4995,"GroupAggregate  (cost=6533.46..6845.88 rows=1665 width=4) (actual rows=4995 loops=1)
  Group Key: temp2.business_id
  Filter: (count(DISTINCT temp2.event_type) > 1)
  Rows Removed by Filter: 4
  Buffers: shared hit=1258
  ->  Sort  (cost=6533.46..6616.79 rows=33333 width=12) (actual rows=50101 loops=1)
        Sort Key: temp2.business_id
        Sort Method: quicksort  Memory: 3714kB
        Buffers: shared hit=1258
        ->  Hash Join  (cost=2132.50..4029.37 rows=33333 width=12) (actual rows=50101 loops=1)
              Hash Cond: ((temp2.event_type)::text = (events.event_type)::text)
              Join Filter: ((temp2.occurences)::numeric > (avg(events.occurences)))
              Rows Removed by Join Filter: 49899
              Buffers: shared hit=1258
              ->  Seq Scan on events temp2  (cost=0.00..1629.00 rows=100000 width=16) (actual rows=100000 loops=1)
                    Buffers: shared hit=629
              ->  Hash  (cost=2131.25..2131.25 rows=100 width=40) (actual rows=100 loops=1)
                    Buckets: 1024  Batches: 1  Memory Usage: 14kB
                    Buffers: shared hit=629
                    ->  HashAggregate  (cost=2129.00..2130.25 rows=100 width=40) (actual rows=100 loops=1)
                          Group Key: events.event_type
                          Batches: 1  Memory Usage: 32kB
                          Buffers: shared hit=629
                          ->  Seq Scan on events  (cost=0.00..1629.00 rows=100000 width=12) (actual rows=100000 loops=1)
                                Buffers: shared hit=629
Planning Time: 0.210 ms
Execution Time: 123.242 ms",123.653,6845.88,4995,"GroupAggregate  (cost=6533.46..6845.88 rows=1665 width=4) (actual rows=4995 loops=1)
  Group Key: temp2.business_id
  Filter: (count(DISTINCT temp2.event_type) > 1)
  Rows Removed by Filter: 4
  Buffers: shared hit=1258
  ->  Sort  (cost=6533.46..6616.79 rows=33333 width=12) (actual rows=50101 loops=1)
        Sort Key: temp2.business_id
        Sort Method: quicksort  Memory: 3714kB
        Buffers: shared hit=1258
        ->  Hash Join  (cost=2132.50..4029.37 rows=33333 width=12) (actual rows=50101 loops=1)
              Hash Cond: ((temp2.event_type)::text = (events.event_type)::text)
              Join Filter: ((temp2.occurences)::numeric > (avg(events.occurences)))
              Rows Removed by Join Filter: 49899
              Buffers: shared hit=1258
              ->  Seq Scan on events temp2  (cost=0.00..1629.00 rows=100000 width=16) (actual rows=100000 loops=1)
                    Buffers: shared hit=629
              ->  Hash  (cost=2131.25..2131.25 rows=100 width=40) (actual rows=100 loops=1)
                    Buckets: 1024  Batches: 1  Memory Usage: 14kB
                    Buffers: shared hit=629
                    ->  HashAggregate  (cost=2129.00..2130.25 rows=100 width=40) (actual rows=100 loops=1)
                          Group Key: events.event_type
                          Batches: 1  Memory Usage: 32kB
                          Buffers: shared hit=629
                          ->  Seq Scan on events  (cost=0.00..1629.00 rows=100000 width=12) (actual rows=100000 loops=1)
                                Buffers: shared hit=629
Planning Time: 0.180 ms
Execution Time: 123.653 ms",123.4474,123.653,125.7595,129.3442,6845.88,6845.88,4995,4995,4995,4995,normal,normal,10.023323300000026,9.84969330000001,equal variances,significant,0.003968253968253968,-46.678799999999995,-46.45200000000001,-2587.42,0,True
656,1126,203,Medium,"select a.business_id as business_id from (select t_events_0.event_type as c_event_type0, avg(t_events_0.occurences) as c_avg0 from schema_1126.events as t_events_0 group by t_events_0.event_type) as b inner join schema_1126.events as a on a.event_type = b.c_event_type0 where b.c_avg0 < a.occurences group by a.business_id having 1 < count(a.event_type)",76.163,4258.46,4995,"HashAggregate  (cost=4196.03..4258.46 rows=1665 width=4) (actual rows=4995 loops=1)
  Group Key: a.business_id
  Filter: (1 < count(a.event_type))
  Batches: 1  Memory Usage: 721kB
  Rows Removed by Filter: 4
  Buffers: shared hit=1258
  ->  Hash Join  (cost=2132.50..4029.37 rows=33333 width=12) (actual rows=50101 loops=1)
        Hash Cond: ((a.event_type)::text = (t_events_0.event_type)::text)
        Join Filter: ((avg(t_events_0.occurences)) < (a.occurences)::numeric)
        Rows Removed by Join Filter: 49899
        Buffers: shared hit=1258
        ->  Seq Scan on events a  (cost=0.00..1629.00 rows=100000 width=16) (actual rows=100000 loops=1)
              Buffers: shared hit=629
        ->  Hash  (cost=2131.25..2131.25 rows=100 width=40) (actual rows=100 loops=1)
              Buckets: 1024  Batches: 1  Memory Usage: 14kB
              Buffers: shared hit=629
              ->  HashAggregate  (cost=2129.00..2130.25 rows=100 width=40) (actual rows=100 loops=1)
                    Group Key: t_events_0.event_type
                    Batches: 1  Memory Usage: 32kB
                    Buffers: shared hit=629
                    ->  Seq Scan on events t_events_0  (cost=0.00..1629.00 rows=100000 width=12) (actual rows=100000 loops=1)
                          Buffers: shared hit=629
Planning Time: 0.129 ms
Execution Time: 76.163 ms",80.394,4258.46,4995,"HashAggregate  (cost=4196.03..4258.46 rows=1665 width=4) (actual rows=4995 loops=1)
  Group Key: a.business_id
  Filter: (1 < count(a.event_type))
  Batches: 1  Memory Usage: 721kB
  Rows Removed by Filter: 4
  Buffers: shared hit=1258
  ->  Hash Join  (cost=2132.50..4029.37 rows=33333 width=12) (actual rows=50101 loops=1)
        Hash Cond: ((a.event_type)::text = (t_events_0.event_type)::text)
        Join Filter: ((avg(t_events_0.occurences)) < (a.occurences)::numeric)
        Rows Removed by Join Filter: 49899
        Buffers: shared hit=1258
        ->  Seq Scan on events a  (cost=0.00..1629.00 rows=100000 width=16) (actual rows=100000 loops=1)
              Buffers: shared hit=629
        ->  Hash  (cost=2131.25..2131.25 rows=100 width=40) (actual rows=100 loops=1)
              Buckets: 1024  Batches: 1  Memory Usage: 14kB
              Buffers: shared hit=629
              ->  HashAggregate  (cost=2129.00..2130.25 rows=100 width=40) (actual rows=100 loops=1)
                    Group Key: t_events_0.event_type
                    Batches: 1  Memory Usage: 32kB
                    Buffers: shared hit=629
                    ->  Seq Scan on events t_events_0  (cost=0.00..1629.00 rows=100000 width=12) (actual rows=100000 loops=1)
                          Buffers: shared hit=629
Planning Time: 0.203 ms
Execution Time: 80.394 ms",80.952,4258.46,4995,"HashAggregate  (cost=4196.03..4258.46 rows=1665 width=4) (actual rows=4995 loops=1)
  Group Key: a.business_id
  Filter: (1 < count(a.event_type))
  Batches: 1  Memory Usage: 721kB
  Rows Removed by Filter: 4
  Buffers: shared hit=1258
  ->  Hash Join  (cost=2132.50..4029.37 rows=33333 width=12) (actual rows=50101 loops=1)
        Hash Cond: ((a.event_type)::text = (t_events_0.event_type)::text)
        Join Filter: ((avg(t_events_0.occurences)) < (a.occurences)::numeric)
        Rows Removed by Join Filter: 49899
        Buffers: shared hit=1258
        ->  Seq Scan on events a  (cost=0.00..1629.00 rows=100000 width=16) (actual rows=100000 loops=1)
              Buffers: shared hit=629
        ->  Hash  (cost=2131.25..2131.25 rows=100 width=40) (actual rows=100 loops=1)
              Buckets: 1024  Batches: 1  Memory Usage: 14kB
              Buffers: shared hit=629
              ->  HashAggregate  (cost=2129.00..2130.25 rows=100 width=40) (actual rows=100 loops=1)
                    Group Key: t_events_0.event_type
                    Batches: 1  Memory Usage: 32kB
                    Buffers: shared hit=629
                    ->  Seq Scan on events t_events_0  (cost=0.00..1629.00 rows=100000 width=12) (actual rows=100000 loops=1)
                          Buffers: shared hit=629
Planning Time: 0.202 ms
Execution Time: 80.952 ms",90.667,4258.46,4995,"HashAggregate  (cost=4196.03..4258.46 rows=1665 width=4) (actual rows=4995 loops=1)
  Group Key: a.business_id
  Filter: (1 < count(a.event_type))
  Batches: 1  Memory Usage: 721kB
  Rows Removed by Filter: 4
  Buffers: shared hit=1258
  ->  Hash Join  (cost=2132.50..4029.37 rows=33333 width=12) (actual rows=50101 loops=1)
        Hash Cond: ((a.event_type)::text = (t_events_0.event_type)::text)
        Join Filter: ((avg(t_events_0.occurences)) < (a.occurences)::numeric)
        Rows Removed by Join Filter: 49899
        Buffers: shared hit=1258
        ->  Seq Scan on events a  (cost=0.00..1629.00 rows=100000 width=16) (actual rows=100000 loops=1)
              Buffers: shared hit=629
        ->  Hash  (cost=2131.25..2131.25 rows=100 width=40) (actual rows=100 loops=1)
              Buckets: 1024  Batches: 1  Memory Usage: 14kB
              Buffers: shared hit=629
              ->  HashAggregate  (cost=2129.00..2130.25 rows=100 width=40) (actual rows=100 loops=1)
                    Group Key: t_events_0.event_type
                    Batches: 1  Memory Usage: 32kB
                    Buffers: shared hit=629
                    ->  Seq Scan on events t_events_0  (cost=0.00..1629.00 rows=100000 width=12) (actual rows=100000 loops=1)
                          Buffers: shared hit=629
Planning Time: 0.268 ms
Execution Time: 90.667 ms",77.756,4258.46,4995,"HashAggregate  (cost=4196.03..4258.46 rows=1665 width=4) (actual rows=4995 loops=1)
  Group Key: a.business_id
  Filter: (1 < count(a.event_type))
  Batches: 1  Memory Usage: 721kB
  Rows Removed by Filter: 4
  Buffers: shared hit=1258
  ->  Hash Join  (cost=2132.50..4029.37 rows=33333 width=12) (actual rows=50101 loops=1)
        Hash Cond: ((a.event_type)::text = (t_events_0.event_type)::text)
        Join Filter: ((avg(t_events_0.occurences)) < (a.occurences)::numeric)
        Rows Removed by Join Filter: 49899
        Buffers: shared hit=1258
        ->  Seq Scan on events a  (cost=0.00..1629.00 rows=100000 width=16) (actual rows=100000 loops=1)
              Buffers: shared hit=629
        ->  Hash  (cost=2131.25..2131.25 rows=100 width=40) (actual rows=100 loops=1)
              Buckets: 1024  Batches: 1  Memory Usage: 14kB
              Buffers: shared hit=629
              ->  HashAggregate  (cost=2129.00..2130.25 rows=100 width=40) (actual rows=100 loops=1)
                    Group Key: t_events_0.event_type
                    Batches: 1  Memory Usage: 32kB
                    Buffers: shared hit=629
                    ->  Seq Scan on events t_events_0  (cost=0.00..1629.00 rows=100000 width=12) (actual rows=100000 loops=1)
                          Buffers: shared hit=629
Planning Time: 0.203 ms
Execution Time: 77.756 ms",81.1864,80.394,85.8095,94.553,4258.46,4258.46,4995,4995,4995,4995,1126_203,656,1126,203,Medium,"select business_id from schema_1126.events as a join (select event_type, avg(occurences) as avg_occurences from schema_1126.events group by event_type) as b on a.event_type = b.event_type where a.occurences > b.avg_occurences group by business_id having count(distinct a.event_type) > 1",119.559,6845.88,4995,"GroupAggregate  (cost=6533.46..6845.88 rows=1665 width=4) (actual rows=4995 loops=1)
  Group Key: a.business_id
  Filter: (count(DISTINCT a.event_type) > 1)
  Rows Removed by Filter: 4
  Buffers: shared hit=1258
  ->  Sort  (cost=6533.46..6616.79 rows=33333 width=12) (actual rows=50101 loops=1)
        Sort Key: a.business_id
        Sort Method: quicksort  Memory: 3714kB
        Buffers: shared hit=1258
        ->  Hash Join  (cost=2132.50..4029.37 rows=33333 width=12) (actual rows=50101 loops=1)
              Hash Cond: ((a.event_type)::text = (events.event_type)::text)
              Join Filter: ((a.occurences)::numeric > (avg(events.occurences)))
              Rows Removed by Join Filter: 49899
              Buffers: shared hit=1258
              ->  Seq Scan on events a  (cost=0.00..1629.00 rows=100000 width=16) (actual rows=100000 loops=1)
                    Buffers: shared hit=629
              ->  Hash  (cost=2131.25..2131.25 rows=100 width=40) (actual rows=100 loops=1)
                    Buckets: 1024  Batches: 1  Memory Usage: 14kB
                    Buffers: shared hit=629
                    ->  HashAggregate  (cost=2129.00..2130.25 rows=100 width=40) (actual rows=100 loops=1)
                          Group Key: events.event_type
                          Batches: 1  Memory Usage: 32kB
                          Buffers: shared hit=629
                          ->  Seq Scan on events  (cost=0.00..1629.00 rows=100000 width=12) (actual rows=100000 loops=1)
                                Buffers: shared hit=629
Planning Time: 0.203 ms
Execution Time: 119.559 ms",132.293,6845.88,4995,"GroupAggregate  (cost=6533.46..6845.88 rows=1665 width=4) (actual rows=4995 loops=1)
  Group Key: a.business_id
  Filter: (count(DISTINCT a.event_type) > 1)
  Rows Removed by Filter: 4
  Buffers: shared hit=1258
  ->  Sort  (cost=6533.46..6616.79 rows=33333 width=12) (actual rows=50101 loops=1)
        Sort Key: a.business_id
        Sort Method: quicksort  Memory: 3714kB
        Buffers: shared hit=1258
        ->  Hash Join  (cost=2132.50..4029.37 rows=33333 width=12) (actual rows=50101 loops=1)
              Hash Cond: ((a.event_type)::text = (events.event_type)::text)
              Join Filter: ((a.occurences)::numeric > (avg(events.occurences)))
              Rows Removed by Join Filter: 49899
              Buffers: shared hit=1258
              ->  Seq Scan on events a  (cost=0.00..1629.00 rows=100000 width=16) (actual rows=100000 loops=1)
                    Buffers: shared hit=629
              ->  Hash  (cost=2131.25..2131.25 rows=100 width=40) (actual rows=100 loops=1)
                    Buckets: 1024  Batches: 1  Memory Usage: 14kB
                    Buffers: shared hit=629
                    ->  HashAggregate  (cost=2129.00..2130.25 rows=100 width=40) (actual rows=100 loops=1)
                          Group Key: events.event_type
                          Batches: 1  Memory Usage: 32kB
                          Buffers: shared hit=629
                          ->  Seq Scan on events  (cost=0.00..1629.00 rows=100000 width=12) (actual rows=100000 loops=1)
                                Buffers: shared hit=629
Planning Time: 0.291 ms
Execution Time: 132.293 ms",127.626,6845.88,4995,"GroupAggregate  (cost=6533.46..6845.88 rows=1665 width=4) (actual rows=4995 loops=1)
  Group Key: a.business_id
  Filter: (count(DISTINCT a.event_type) > 1)
  Rows Removed by Filter: 4
  Buffers: shared hit=1258
  ->  Sort  (cost=6533.46..6616.79 rows=33333 width=12) (actual rows=50101 loops=1)
        Sort Key: a.business_id
        Sort Method: quicksort  Memory: 3714kB
        Buffers: shared hit=1258
        ->  Hash Join  (cost=2132.50..4029.37 rows=33333 width=12) (actual rows=50101 loops=1)
              Hash Cond: ((a.event_type)::text = (events.event_type)::text)
              Join Filter: ((a.occurences)::numeric > (avg(events.occurences)))
              Rows Removed by Join Filter: 49899
              Buffers: shared hit=1258
              ->  Seq Scan on events a  (cost=0.00..1629.00 rows=100000 width=16) (actual rows=100000 loops=1)
                    Buffers: shared hit=629
              ->  Hash  (cost=2131.25..2131.25 rows=100 width=40) (actual rows=100 loops=1)
                    Buckets: 1024  Batches: 1  Memory Usage: 14kB
                    Buffers: shared hit=629
                    ->  HashAggregate  (cost=2129.00..2130.25 rows=100 width=40) (actual rows=100 loops=1)
                          Group Key: events.event_type
                          Batches: 1  Memory Usage: 32kB
                          Buffers: shared hit=629
                          ->  Seq Scan on events  (cost=0.00..1629.00 rows=100000 width=12) (actual rows=100000 loops=1)
                                Buffers: shared hit=629
Planning Time: 0.362 ms
Execution Time: 127.626 ms",127.252,6845.88,4995,"GroupAggregate  (cost=6533.46..6845.88 rows=1665 width=4) (actual rows=4995 loops=1)
  Group Key: a.business_id
  Filter: (count(DISTINCT a.event_type) > 1)
  Rows Removed by Filter: 4
  Buffers: shared hit=1258
  ->  Sort  (cost=6533.46..6616.79 rows=33333 width=12) (actual rows=50101 loops=1)
        Sort Key: a.business_id
        Sort Method: quicksort  Memory: 3714kB
        Buffers: shared hit=1258
        ->  Hash Join  (cost=2132.50..4029.37 rows=33333 width=12) (actual rows=50101 loops=1)
              Hash Cond: ((a.event_type)::text = (events.event_type)::text)
              Join Filter: ((a.occurences)::numeric > (avg(events.occurences)))
              Rows Removed by Join Filter: 49899
              Buffers: shared hit=1258
              ->  Seq Scan on events a  (cost=0.00..1629.00 rows=100000 width=16) (actual rows=100000 loops=1)
                    Buffers: shared hit=629
              ->  Hash  (cost=2131.25..2131.25 rows=100 width=40) (actual rows=100 loops=1)
                    Buckets: 1024  Batches: 1  Memory Usage: 14kB
                    Buffers: shared hit=629
                    ->  HashAggregate  (cost=2129.00..2130.25 rows=100 width=40) (actual rows=100 loops=1)
                          Group Key: events.event_type
                          Batches: 1  Memory Usage: 32kB
                          Buffers: shared hit=629
                          ->  Seq Scan on events  (cost=0.00..1629.00 rows=100000 width=12) (actual rows=100000 loops=1)
                                Buffers: shared hit=629
Planning Time: 0.295 ms
Execution Time: 127.252 ms",123.321,6845.88,4995,"GroupAggregate  (cost=6533.46..6845.88 rows=1665 width=4) (actual rows=4995 loops=1)
  Group Key: a.business_id
  Filter: (count(DISTINCT a.event_type) > 1)
  Rows Removed by Filter: 4
  Buffers: shared hit=1258
  ->  Sort  (cost=6533.46..6616.79 rows=33333 width=12) (actual rows=50101 loops=1)
        Sort Key: a.business_id
        Sort Method: quicksort  Memory: 3714kB
        Buffers: shared hit=1258
        ->  Hash Join  (cost=2132.50..4029.37 rows=33333 width=12) (actual rows=50101 loops=1)
              Hash Cond: ((a.event_type)::text = (events.event_type)::text)
              Join Filter: ((a.occurences)::numeric > (avg(events.occurences)))
              Rows Removed by Join Filter: 49899
              Buffers: shared hit=1258
              ->  Seq Scan on events a  (cost=0.00..1629.00 rows=100000 width=16) (actual rows=100000 loops=1)
                    Buffers: shared hit=629
              ->  Hash  (cost=2131.25..2131.25 rows=100 width=40) (actual rows=100 loops=1)
                    Buckets: 1024  Batches: 1  Memory Usage: 14kB
                    Buffers: shared hit=629
                    ->  HashAggregate  (cost=2129.00..2130.25 rows=100 width=40) (actual rows=100 loops=1)
                          Group Key: events.event_type
                          Batches: 1  Memory Usage: 32kB
                          Buffers: shared hit=629
                          ->  Seq Scan on events  (cost=0.00..1629.00 rows=100000 width=12) (actual rows=100000 loops=1)
                                Buffers: shared hit=629
Planning Time: 0.333 ms
Execution Time: 123.321 ms",126.0102,127.252,129.9595,134.1598,6845.88,6845.88,4995,4995,4995,4995,normal,normal,23.11905770000003,31.891702300000016,equal variances,significant,0.003968253968253968,-44.82379999999999,-46.85799999999999,-2587.42,0,True
657,1126,204,Medium,"select a.business_id as business_id from (select t_events_0.event_type as c_event_type0, avg(t_events_0.occurences) as c_avg0 from schema_1126.events as t_events_0 group by t_events_0.event_type) as b inner join schema_1126.events as a on b.c_avg0 < a.occurences where a.event_type = b.c_event_type0 group by a.business_id having 1 < count(a.event_type)",72.761,4258.46,4995,"HashAggregate  (cost=4196.03..4258.46 rows=1665 width=4) (actual rows=4995 loops=1)
  Group Key: a.business_id
  Filter: (1 < count(a.event_type))
  Batches: 1  Memory Usage: 721kB
  Rows Removed by Filter: 4
  Buffers: shared hit=1258
  ->  Hash Join  (cost=2132.50..4029.37 rows=33333 width=12) (actual rows=50101 loops=1)
        Hash Cond: ((a.event_type)::text = (b.c_event_type0)::text)
        Join Filter: (b.c_avg0 < (a.occurences)::numeric)
        Rows Removed by Join Filter: 49899
        Buffers: shared hit=1258
        ->  Seq Scan on events a  (cost=0.00..1629.00 rows=100000 width=16) (actual rows=100000 loops=1)
              Buffers: shared hit=629
        ->  Hash  (cost=2131.25..2131.25 rows=100 width=40) (actual rows=100 loops=1)
              Buckets: 1024  Batches: 1  Memory Usage: 14kB
              Buffers: shared hit=629
              ->  Subquery Scan on b  (cost=2129.00..2131.25 rows=100 width=40) (actual rows=100 loops=1)
                    Buffers: shared hit=629
                    ->  HashAggregate  (cost=2129.00..2130.25 rows=100 width=40) (actual rows=100 loops=1)
                          Group Key: t_events_0.event_type
                          Batches: 1  Memory Usage: 32kB
                          Buffers: shared hit=629
                          ->  Seq Scan on events t_events_0  (cost=0.00..1629.00 rows=100000 width=12) (actual rows=100000 loops=1)
                                Buffers: shared hit=629
Planning Time: 0.192 ms
Execution Time: 72.761 ms",76.695,4258.46,4995,"HashAggregate  (cost=4196.03..4258.46 rows=1665 width=4) (actual rows=4995 loops=1)
  Group Key: a.business_id
  Filter: (1 < count(a.event_type))
  Batches: 1  Memory Usage: 721kB
  Rows Removed by Filter: 4
  Buffers: shared hit=1258
  ->  Hash Join  (cost=2132.50..4029.37 rows=33333 width=12) (actual rows=50101 loops=1)
        Hash Cond: ((a.event_type)::text = (b.c_event_type0)::text)
        Join Filter: (b.c_avg0 < (a.occurences)::numeric)
        Rows Removed by Join Filter: 49899
        Buffers: shared hit=1258
        ->  Seq Scan on events a  (cost=0.00..1629.00 rows=100000 width=16) (actual rows=100000 loops=1)
              Buffers: shared hit=629
        ->  Hash  (cost=2131.25..2131.25 rows=100 width=40) (actual rows=100 loops=1)
              Buckets: 1024  Batches: 1  Memory Usage: 14kB
              Buffers: shared hit=629
              ->  Subquery Scan on b  (cost=2129.00..2131.25 rows=100 width=40) (actual rows=100 loops=1)
                    Buffers: shared hit=629
                    ->  HashAggregate  (cost=2129.00..2130.25 rows=100 width=40) (actual rows=100 loops=1)
                          Group Key: t_events_0.event_type
                          Batches: 1  Memory Usage: 32kB
                          Buffers: shared hit=629
                          ->  Seq Scan on events t_events_0  (cost=0.00..1629.00 rows=100000 width=12) (actual rows=100000 loops=1)
                                Buffers: shared hit=629
Planning Time: 0.210 ms
Execution Time: 76.695 ms",77.988,4258.46,4995,"HashAggregate  (cost=4196.03..4258.46 rows=1665 width=4) (actual rows=4995 loops=1)
  Group Key: a.business_id
  Filter: (1 < count(a.event_type))
  Batches: 1  Memory Usage: 721kB
  Rows Removed by Filter: 4
  Buffers: shared hit=1258
  ->  Hash Join  (cost=2132.50..4029.37 rows=33333 width=12) (actual rows=50101 loops=1)
        Hash Cond: ((a.event_type)::text = (b.c_event_type0)::text)
        Join Filter: (b.c_avg0 < (a.occurences)::numeric)
        Rows Removed by Join Filter: 49899
        Buffers: shared hit=1258
        ->  Seq Scan on events a  (cost=0.00..1629.00 rows=100000 width=16) (actual rows=100000 loops=1)
              Buffers: shared hit=629
        ->  Hash  (cost=2131.25..2131.25 rows=100 width=40) (actual rows=100 loops=1)
              Buckets: 1024  Batches: 1  Memory Usage: 14kB
              Buffers: shared hit=629
              ->  Subquery Scan on b  (cost=2129.00..2131.25 rows=100 width=40) (actual rows=100 loops=1)
                    Buffers: shared hit=629
                    ->  HashAggregate  (cost=2129.00..2130.25 rows=100 width=40) (actual rows=100 loops=1)
                          Group Key: t_events_0.event_type
                          Batches: 1  Memory Usage: 32kB
                          Buffers: shared hit=629
                          ->  Seq Scan on events t_events_0  (cost=0.00..1629.00 rows=100000 width=12) (actual rows=100000 loops=1)
                                Buffers: shared hit=629
Planning Time: 0.339 ms
Execution Time: 77.988 ms",77.375,4258.46,4995,"HashAggregate  (cost=4196.03..4258.46 rows=1665 width=4) (actual rows=4995 loops=1)
  Group Key: a.business_id
  Filter: (1 < count(a.event_type))
  Batches: 1  Memory Usage: 721kB
  Rows Removed by Filter: 4
  Buffers: shared hit=1258
  ->  Hash Join  (cost=2132.50..4029.37 rows=33333 width=12) (actual rows=50101 loops=1)
        Hash Cond: ((a.event_type)::text = (b.c_event_type0)::text)
        Join Filter: (b.c_avg0 < (a.occurences)::numeric)
        Rows Removed by Join Filter: 49899
        Buffers: shared hit=1258
        ->  Seq Scan on events a  (cost=0.00..1629.00 rows=100000 width=16) (actual rows=100000 loops=1)
              Buffers: shared hit=629
        ->  Hash  (cost=2131.25..2131.25 rows=100 width=40) (actual rows=100 loops=1)
              Buckets: 1024  Batches: 1  Memory Usage: 14kB
              Buffers: shared hit=629
              ->  Subquery Scan on b  (cost=2129.00..2131.25 rows=100 width=40) (actual rows=100 loops=1)
                    Buffers: shared hit=629
                    ->  HashAggregate  (cost=2129.00..2130.25 rows=100 width=40) (actual rows=100 loops=1)
                          Group Key: t_events_0.event_type
                          Batches: 1  Memory Usage: 32kB
                          Buffers: shared hit=629
                          ->  Seq Scan on events t_events_0  (cost=0.00..1629.00 rows=100000 width=12) (actual rows=100000 loops=1)
                                Buffers: shared hit=629
Planning Time: 0.184 ms
Execution Time: 77.375 ms",80.14,4258.46,4995,"HashAggregate  (cost=4196.03..4258.46 rows=1665 width=4) (actual rows=4995 loops=1)
  Group Key: a.business_id
  Filter: (1 < count(a.event_type))
  Batches: 1  Memory Usage: 721kB
  Rows Removed by Filter: 4
  Buffers: shared hit=1258
  ->  Hash Join  (cost=2132.50..4029.37 rows=33333 width=12) (actual rows=50101 loops=1)
        Hash Cond: ((a.event_type)::text = (b.c_event_type0)::text)
        Join Filter: (b.c_avg0 < (a.occurences)::numeric)
        Rows Removed by Join Filter: 49899
        Buffers: shared hit=1258
        ->  Seq Scan on events a  (cost=0.00..1629.00 rows=100000 width=16) (actual rows=100000 loops=1)
              Buffers: shared hit=629
        ->  Hash  (cost=2131.25..2131.25 rows=100 width=40) (actual rows=100 loops=1)
              Buckets: 1024  Batches: 1  Memory Usage: 14kB
              Buffers: shared hit=629
              ->  Subquery Scan on b  (cost=2129.00..2131.25 rows=100 width=40) (actual rows=100 loops=1)
                    Buffers: shared hit=629
                    ->  HashAggregate  (cost=2129.00..2130.25 rows=100 width=40) (actual rows=100 loops=1)
                          Group Key: t_events_0.event_type
                          Batches: 1  Memory Usage: 32kB
                          Buffers: shared hit=629
                          ->  Seq Scan on events t_events_0  (cost=0.00..1629.00 rows=100000 width=12) (actual rows=100000 loops=1)
                                Buffers: shared hit=629
Planning Time: 0.190 ms
Execution Time: 80.140 ms",76.9918,77.375,79.064,81.0008,4258.46,4258.46,4995,4995,4995,4995,1126_204,657,1126,204,Medium,"select business_id from schema_1126.events as a join (select event_type, avg(occurences) as event_avg from schema_1126.events group by event_type) as b on a.event_type = b.event_type where a.occurences > event_avg group by a.business_id having count(distinct a.event_type) > 1",123.901,6845.88,4995,"GroupAggregate  (cost=6533.46..6845.88 rows=1665 width=4) (actual rows=4995 loops=1)
  Group Key: a.business_id
  Filter: (count(DISTINCT a.event_type) > 1)
  Rows Removed by Filter: 4
  Buffers: shared hit=1258
  ->  Sort  (cost=6533.46..6616.79 rows=33333 width=12) (actual rows=50101 loops=1)
        Sort Key: a.business_id
        Sort Method: quicksort  Memory: 3714kB
        Buffers: shared hit=1258
        ->  Hash Join  (cost=2132.50..4029.37 rows=33333 width=12) (actual rows=50101 loops=1)
              Hash Cond: ((a.event_type)::text = (events.event_type)::text)
              Join Filter: ((a.occurences)::numeric > (avg(events.occurences)))
              Rows Removed by Join Filter: 49899
              Buffers: shared hit=1258
              ->  Seq Scan on events a  (cost=0.00..1629.00 rows=100000 width=16) (actual rows=100000 loops=1)
                    Buffers: shared hit=629
              ->  Hash  (cost=2131.25..2131.25 rows=100 width=40) (actual rows=100 loops=1)
                    Buckets: 1024  Batches: 1  Memory Usage: 14kB
                    Buffers: shared hit=629
                    ->  HashAggregate  (cost=2129.00..2130.25 rows=100 width=40) (actual rows=100 loops=1)
                          Group Key: events.event_type
                          Batches: 1  Memory Usage: 32kB
                          Buffers: shared hit=629
                          ->  Seq Scan on events  (cost=0.00..1629.00 rows=100000 width=12) (actual rows=100000 loops=1)
                                Buffers: shared hit=629
Planning Time: 0.268 ms
Execution Time: 123.901 ms",125.416,6845.88,4995,"GroupAggregate  (cost=6533.46..6845.88 rows=1665 width=4) (actual rows=4995 loops=1)
  Group Key: a.business_id
  Filter: (count(DISTINCT a.event_type) > 1)
  Rows Removed by Filter: 4
  Buffers: shared hit=1258
  ->  Sort  (cost=6533.46..6616.79 rows=33333 width=12) (actual rows=50101 loops=1)
        Sort Key: a.business_id
        Sort Method: quicksort  Memory: 3714kB
        Buffers: shared hit=1258
        ->  Hash Join  (cost=2132.50..4029.37 rows=33333 width=12) (actual rows=50101 loops=1)
              Hash Cond: ((a.event_type)::text = (events.event_type)::text)
              Join Filter: ((a.occurences)::numeric > (avg(events.occurences)))
              Rows Removed by Join Filter: 49899
              Buffers: shared hit=1258
              ->  Seq Scan on events a  (cost=0.00..1629.00 rows=100000 width=16) (actual rows=100000 loops=1)
                    Buffers: shared hit=629
              ->  Hash  (cost=2131.25..2131.25 rows=100 width=40) (actual rows=100 loops=1)
                    Buckets: 1024  Batches: 1  Memory Usage: 14kB
                    Buffers: shared hit=629
                    ->  HashAggregate  (cost=2129.00..2130.25 rows=100 width=40) (actual rows=100 loops=1)
                          Group Key: events.event_type
                          Batches: 1  Memory Usage: 32kB
                          Buffers: shared hit=629
                          ->  Seq Scan on events  (cost=0.00..1629.00 rows=100000 width=12) (actual rows=100000 loops=1)
                                Buffers: shared hit=629
Planning Time: 0.323 ms
Execution Time: 125.416 ms",124.063,6845.88,4995,"GroupAggregate  (cost=6533.46..6845.88 rows=1665 width=4) (actual rows=4995 loops=1)
  Group Key: a.business_id
  Filter: (count(DISTINCT a.event_type) > 1)
  Rows Removed by Filter: 4
  Buffers: shared hit=1258
  ->  Sort  (cost=6533.46..6616.79 rows=33333 width=12) (actual rows=50101 loops=1)
        Sort Key: a.business_id
        Sort Method: quicksort  Memory: 3714kB
        Buffers: shared hit=1258
        ->  Hash Join  (cost=2132.50..4029.37 rows=33333 width=12) (actual rows=50101 loops=1)
              Hash Cond: ((a.event_type)::text = (events.event_type)::text)
              Join Filter: ((a.occurences)::numeric > (avg(events.occurences)))
              Rows Removed by Join Filter: 49899
              Buffers: shared hit=1258
              ->  Seq Scan on events a  (cost=0.00..1629.00 rows=100000 width=16) (actual rows=100000 loops=1)
                    Buffers: shared hit=629
              ->  Hash  (cost=2131.25..2131.25 rows=100 width=40) (actual rows=100 loops=1)
                    Buckets: 1024  Batches: 1  Memory Usage: 14kB
                    Buffers: shared hit=629
                    ->  HashAggregate  (cost=2129.00..2130.25 rows=100 width=40) (actual rows=100 loops=1)
                          Group Key: events.event_type
                          Batches: 1  Memory Usage: 32kB
                          Buffers: shared hit=629
                          ->  Seq Scan on events  (cost=0.00..1629.00 rows=100000 width=12) (actual rows=100000 loops=1)
                                Buffers: shared hit=629
Planning Time: 0.290 ms
Execution Time: 124.063 ms",125.336,6845.88,4995,"GroupAggregate  (cost=6533.46..6845.88 rows=1665 width=4) (actual rows=4995 loops=1)
  Group Key: a.business_id
  Filter: (count(DISTINCT a.event_type) > 1)
  Rows Removed by Filter: 4
  Buffers: shared hit=1258
  ->  Sort  (cost=6533.46..6616.79 rows=33333 width=12) (actual rows=50101 loops=1)
        Sort Key: a.business_id
        Sort Method: quicksort  Memory: 3714kB
        Buffers: shared hit=1258
        ->  Hash Join  (cost=2132.50..4029.37 rows=33333 width=12) (actual rows=50101 loops=1)
              Hash Cond: ((a.event_type)::text = (events.event_type)::text)
              Join Filter: ((a.occurences)::numeric > (avg(events.occurences)))
              Rows Removed by Join Filter: 49899
              Buffers: shared hit=1258
              ->  Seq Scan on events a  (cost=0.00..1629.00 rows=100000 width=16) (actual rows=100000 loops=1)
                    Buffers: shared hit=629
              ->  Hash  (cost=2131.25..2131.25 rows=100 width=40) (actual rows=100 loops=1)
                    Buckets: 1024  Batches: 1  Memory Usage: 14kB
                    Buffers: shared hit=629
                    ->  HashAggregate  (cost=2129.00..2130.25 rows=100 width=40) (actual rows=100 loops=1)
                          Group Key: events.event_type
                          Batches: 1  Memory Usage: 32kB
                          Buffers: shared hit=629
                          ->  Seq Scan on events  (cost=0.00..1629.00 rows=100000 width=12) (actual rows=100000 loops=1)
                                Buffers: shared hit=629
Planning Time: 0.270 ms
Execution Time: 125.336 ms",128.102,6845.88,4995,"GroupAggregate  (cost=6533.46..6845.88 rows=1665 width=4) (actual rows=4995 loops=1)
  Group Key: a.business_id
  Filter: (count(DISTINCT a.event_type) > 1)
  Rows Removed by Filter: 4
  Buffers: shared hit=1258
  ->  Sort  (cost=6533.46..6616.79 rows=33333 width=12) (actual rows=50101 loops=1)
        Sort Key: a.business_id
        Sort Method: quicksort  Memory: 3714kB
        Buffers: shared hit=1258
        ->  Hash Join  (cost=2132.50..4029.37 rows=33333 width=12) (actual rows=50101 loops=1)
              Hash Cond: ((a.event_type)::text = (events.event_type)::text)
              Join Filter: ((a.occurences)::numeric > (avg(events.occurences)))
              Rows Removed by Join Filter: 49899
              Buffers: shared hit=1258
              ->  Seq Scan on events a  (cost=0.00..1629.00 rows=100000 width=16) (actual rows=100000 loops=1)
                    Buffers: shared hit=629
              ->  Hash  (cost=2131.25..2131.25 rows=100 width=40) (actual rows=100 loops=1)
                    Buckets: 1024  Batches: 1  Memory Usage: 14kB
                    Buffers: shared hit=629
                    ->  HashAggregate  (cost=2129.00..2130.25 rows=100 width=40) (actual rows=100 loops=1)
                          Group Key: events.event_type
                          Batches: 1  Memory Usage: 32kB
                          Buffers: shared hit=629
                          ->  Seq Scan on events  (cost=0.00..1629.00 rows=100000 width=12) (actual rows=100000 loops=1)
                                Buffers: shared hit=629
Planning Time: 0.260 ms
Execution Time: 128.102 ms",125.3636,125.336,126.759,129.1764,6845.88,6845.88,4995,4995,4995,4995,normal,normal,2.8332753000000066,7.259544700000011,equal variances,significant,0.003968253968253968,-48.37180000000001,-47.961,-2587.42,0,True
660,1126,214,Medium,"select e1.business_id as business_id from schema_1126.events as e1 left join (select t_events_0.event_type as c_event_type0, avg(t_events_0.occurences) as c_avg0 from schema_1126.events as t_events_0 group by t_events_0.event_type) as e2 on e2.c_avg0 < e1.occurences where e1.event_type = e2.c_event_type0 group by e1.business_id having 1 < count(e1.event_type)",74.328,4258.46,4995,"HashAggregate  (cost=4196.03..4258.46 rows=1665 width=4) (actual rows=4995 loops=1)
  Group Key: e1.business_id
  Filter: (1 < count(e1.event_type))
  Batches: 1  Memory Usage: 721kB
  Rows Removed by Filter: 4
  Buffers: shared hit=1258
  ->  Hash Join  (cost=2132.50..4029.37 rows=33333 width=12) (actual rows=50101 loops=1)
        Hash Cond: ((e1.event_type)::text = (e2.c_event_type0)::text)
        Join Filter: (e2.c_avg0 < (e1.occurences)::numeric)
        Rows Removed by Join Filter: 49899
        Buffers: shared hit=1258
        ->  Seq Scan on events e1  (cost=0.00..1629.00 rows=100000 width=16) (actual rows=100000 loops=1)
              Buffers: shared hit=629
        ->  Hash  (cost=2131.25..2131.25 rows=100 width=40) (actual rows=100 loops=1)
              Buckets: 1024  Batches: 1  Memory Usage: 14kB
              Buffers: shared hit=629
              ->  Subquery Scan on e2  (cost=2129.00..2131.25 rows=100 width=40) (actual rows=100 loops=1)
                    Buffers: shared hit=629
                    ->  HashAggregate  (cost=2129.00..2130.25 rows=100 width=40) (actual rows=100 loops=1)
                          Group Key: t_events_0.event_type
                          Batches: 1  Memory Usage: 32kB
                          Buffers: shared hit=629
                          ->  Seq Scan on events t_events_0  (cost=0.00..1629.00 rows=100000 width=12) (actual rows=100000 loops=1)
                                Buffers: shared hit=629
Planning Time: 0.169 ms
Execution Time: 74.328 ms",78.047,4258.46,4995,"HashAggregate  (cost=4196.03..4258.46 rows=1665 width=4) (actual rows=4995 loops=1)
  Group Key: e1.business_id
  Filter: (1 < count(e1.event_type))
  Batches: 1  Memory Usage: 721kB
  Rows Removed by Filter: 4
  Buffers: shared hit=1258
  ->  Hash Join  (cost=2132.50..4029.37 rows=33333 width=12) (actual rows=50101 loops=1)
        Hash Cond: ((e1.event_type)::text = (e2.c_event_type0)::text)
        Join Filter: (e2.c_avg0 < (e1.occurences)::numeric)
        Rows Removed by Join Filter: 49899
        Buffers: shared hit=1258
        ->  Seq Scan on events e1  (cost=0.00..1629.00 rows=100000 width=16) (actual rows=100000 loops=1)
              Buffers: shared hit=629
        ->  Hash  (cost=2131.25..2131.25 rows=100 width=40) (actual rows=100 loops=1)
              Buckets: 1024  Batches: 1  Memory Usage: 14kB
              Buffers: shared hit=629
              ->  Subquery Scan on e2  (cost=2129.00..2131.25 rows=100 width=40) (actual rows=100 loops=1)
                    Buffers: shared hit=629
                    ->  HashAggregate  (cost=2129.00..2130.25 rows=100 width=40) (actual rows=100 loops=1)
                          Group Key: t_events_0.event_type
                          Batches: 1  Memory Usage: 32kB
                          Buffers: shared hit=629
                          ->  Seq Scan on events t_events_0  (cost=0.00..1629.00 rows=100000 width=12) (actual rows=100000 loops=1)
                                Buffers: shared hit=629
Planning Time: 0.367 ms
Execution Time: 78.047 ms",77.036,4258.46,4995,"HashAggregate  (cost=4196.03..4258.46 rows=1665 width=4) (actual rows=4995 loops=1)
  Group Key: e1.business_id
  Filter: (1 < count(e1.event_type))
  Batches: 1  Memory Usage: 721kB
  Rows Removed by Filter: 4
  Buffers: shared hit=1258
  ->  Hash Join  (cost=2132.50..4029.37 rows=33333 width=12) (actual rows=50101 loops=1)
        Hash Cond: ((e1.event_type)::text = (e2.c_event_type0)::text)
        Join Filter: (e2.c_avg0 < (e1.occurences)::numeric)
        Rows Removed by Join Filter: 49899
        Buffers: shared hit=1258
        ->  Seq Scan on events e1  (cost=0.00..1629.00 rows=100000 width=16) (actual rows=100000 loops=1)
              Buffers: shared hit=629
        ->  Hash  (cost=2131.25..2131.25 rows=100 width=40) (actual rows=100 loops=1)
              Buckets: 1024  Batches: 1  Memory Usage: 14kB
              Buffers: shared hit=629
              ->  Subquery Scan on e2  (cost=2129.00..2131.25 rows=100 width=40) (actual rows=100 loops=1)
                    Buffers: shared hit=629
                    ->  HashAggregate  (cost=2129.00..2130.25 rows=100 width=40) (actual rows=100 loops=1)
                          Group Key: t_events_0.event_type
                          Batches: 1  Memory Usage: 32kB
                          Buffers: shared hit=629
                          ->  Seq Scan on events t_events_0  (cost=0.00..1629.00 rows=100000 width=12) (actual rows=100000 loops=1)
                                Buffers: shared hit=629
Planning Time: 0.358 ms
Execution Time: 77.036 ms",77.123,4258.46,4995,"HashAggregate  (cost=4196.03..4258.46 rows=1665 width=4) (actual rows=4995 loops=1)
  Group Key: e1.business_id
  Filter: (1 < count(e1.event_type))
  Batches: 1  Memory Usage: 721kB
  Rows Removed by Filter: 4
  Buffers: shared hit=1258
  ->  Hash Join  (cost=2132.50..4029.37 rows=33333 width=12) (actual rows=50101 loops=1)
        Hash Cond: ((e1.event_type)::text = (e2.c_event_type0)::text)
        Join Filter: (e2.c_avg0 < (e1.occurences)::numeric)
        Rows Removed by Join Filter: 49899
        Buffers: shared hit=1258
        ->  Seq Scan on events e1  (cost=0.00..1629.00 rows=100000 width=16) (actual rows=100000 loops=1)
              Buffers: shared hit=629
        ->  Hash  (cost=2131.25..2131.25 rows=100 width=40) (actual rows=100 loops=1)
              Buckets: 1024  Batches: 1  Memory Usage: 14kB
              Buffers: shared hit=629
              ->  Subquery Scan on e2  (cost=2129.00..2131.25 rows=100 width=40) (actual rows=100 loops=1)
                    Buffers: shared hit=629
                    ->  HashAggregate  (cost=2129.00..2130.25 rows=100 width=40) (actual rows=100 loops=1)
                          Group Key: t_events_0.event_type
                          Batches: 1  Memory Usage: 32kB
                          Buffers: shared hit=629
                          ->  Seq Scan on events t_events_0  (cost=0.00..1629.00 rows=100000 width=12) (actual rows=100000 loops=1)
                                Buffers: shared hit=629
Planning Time: 0.302 ms
Execution Time: 77.123 ms",77.905,4258.46,4995,"HashAggregate  (cost=4196.03..4258.46 rows=1665 width=4) (actual rows=4995 loops=1)
  Group Key: e1.business_id
  Filter: (1 < count(e1.event_type))
  Batches: 1  Memory Usage: 721kB
  Rows Removed by Filter: 4
  Buffers: shared hit=1258
  ->  Hash Join  (cost=2132.50..4029.37 rows=33333 width=12) (actual rows=50101 loops=1)
        Hash Cond: ((e1.event_type)::text = (e2.c_event_type0)::text)
        Join Filter: (e2.c_avg0 < (e1.occurences)::numeric)
        Rows Removed by Join Filter: 49899
        Buffers: shared hit=1258
        ->  Seq Scan on events e1  (cost=0.00..1629.00 rows=100000 width=16) (actual rows=100000 loops=1)
              Buffers: shared hit=629
        ->  Hash  (cost=2131.25..2131.25 rows=100 width=40) (actual rows=100 loops=1)
              Buckets: 1024  Batches: 1  Memory Usage: 14kB
              Buffers: shared hit=629
              ->  Subquery Scan on e2  (cost=2129.00..2131.25 rows=100 width=40) (actual rows=100 loops=1)
                    Buffers: shared hit=629
                    ->  HashAggregate  (cost=2129.00..2130.25 rows=100 width=40) (actual rows=100 loops=1)
                          Group Key: t_events_0.event_type
                          Batches: 1  Memory Usage: 32kB
                          Buffers: shared hit=629
                          ->  Seq Scan on events t_events_0  (cost=0.00..1629.00 rows=100000 width=12) (actual rows=100000 loops=1)
                                Buffers: shared hit=629
Planning Time: 0.265 ms
Execution Time: 77.905 ms",76.8878,77.123,77.976,78.1038,4258.46,4258.46,4995,4995,4995,4995,1126_214,660,1126,214,Medium,"select business_id from schema_1126.events as e1 left outer join (select event_type, avg(occurences) as avg_occ from schema_1126.events group by event_type) as e2 on e1.event_type = e2.event_type where e1.occurences > e2.avg_occ group by business_id having count(distinct e1.event_type) > 1",118.585,6845.88,4995,"GroupAggregate  (cost=6533.46..6845.88 rows=1665 width=4) (actual rows=4995 loops=1)
  Group Key: e1.business_id
  Filter: (count(DISTINCT e1.event_type) > 1)
  Rows Removed by Filter: 4
  Buffers: shared hit=1258
  ->  Sort  (cost=6533.46..6616.79 rows=33333 width=12) (actual rows=50101 loops=1)
        Sort Key: e1.business_id
        Sort Method: quicksort  Memory: 3714kB
        Buffers: shared hit=1258
        ->  Hash Join  (cost=2132.50..4029.37 rows=33333 width=12) (actual rows=50101 loops=1)
              Hash Cond: ((e1.event_type)::text = (events.event_type)::text)
              Join Filter: ((e1.occurences)::numeric > (avg(events.occurences)))
              Rows Removed by Join Filter: 49899
              Buffers: shared hit=1258
              ->  Seq Scan on events e1  (cost=0.00..1629.00 rows=100000 width=16) (actual rows=100000 loops=1)
                    Buffers: shared hit=629
              ->  Hash  (cost=2131.25..2131.25 rows=100 width=40) (actual rows=100 loops=1)
                    Buckets: 1024  Batches: 1  Memory Usage: 14kB
                    Buffers: shared hit=629
                    ->  HashAggregate  (cost=2129.00..2130.25 rows=100 width=40) (actual rows=100 loops=1)
                          Group Key: events.event_type
                          Batches: 1  Memory Usage: 32kB
                          Buffers: shared hit=629
                          ->  Seq Scan on events  (cost=0.00..1629.00 rows=100000 width=12) (actual rows=100000 loops=1)
                                Buffers: shared hit=629
Planning Time: 0.172 ms
Execution Time: 118.585 ms",127.167,6845.88,4995,"GroupAggregate  (cost=6533.46..6845.88 rows=1665 width=4) (actual rows=4995 loops=1)
  Group Key: e1.business_id
  Filter: (count(DISTINCT e1.event_type) > 1)
  Rows Removed by Filter: 4
  Buffers: shared hit=1258
  ->  Sort  (cost=6533.46..6616.79 rows=33333 width=12) (actual rows=50101 loops=1)
        Sort Key: e1.business_id
        Sort Method: quicksort  Memory: 3714kB
        Buffers: shared hit=1258
        ->  Hash Join  (cost=2132.50..4029.37 rows=33333 width=12) (actual rows=50101 loops=1)
              Hash Cond: ((e1.event_type)::text = (events.event_type)::text)
              Join Filter: ((e1.occurences)::numeric > (avg(events.occurences)))
              Rows Removed by Join Filter: 49899
              Buffers: shared hit=1258
              ->  Seq Scan on events e1  (cost=0.00..1629.00 rows=100000 width=16) (actual rows=100000 loops=1)
                    Buffers: shared hit=629
              ->  Hash  (cost=2131.25..2131.25 rows=100 width=40) (actual rows=100 loops=1)
                    Buckets: 1024  Batches: 1  Memory Usage: 14kB
                    Buffers: shared hit=629
                    ->  HashAggregate  (cost=2129.00..2130.25 rows=100 width=40) (actual rows=100 loops=1)
                          Group Key: events.event_type
                          Batches: 1  Memory Usage: 32kB
                          Buffers: shared hit=629
                          ->  Seq Scan on events  (cost=0.00..1629.00 rows=100000 width=12) (actual rows=100000 loops=1)
                                Buffers: shared hit=629
Planning Time: 0.181 ms
Execution Time: 127.167 ms",124.187,6845.88,4995,"GroupAggregate  (cost=6533.46..6845.88 rows=1665 width=4) (actual rows=4995 loops=1)
  Group Key: e1.business_id
  Filter: (count(DISTINCT e1.event_type) > 1)
  Rows Removed by Filter: 4
  Buffers: shared hit=1258
  ->  Sort  (cost=6533.46..6616.79 rows=33333 width=12) (actual rows=50101 loops=1)
        Sort Key: e1.business_id
        Sort Method: quicksort  Memory: 3714kB
        Buffers: shared hit=1258
        ->  Hash Join  (cost=2132.50..4029.37 rows=33333 width=12) (actual rows=50101 loops=1)
              Hash Cond: ((e1.event_type)::text = (events.event_type)::text)
              Join Filter: ((e1.occurences)::numeric > (avg(events.occurences)))
              Rows Removed by Join Filter: 49899
              Buffers: shared hit=1258
              ->  Seq Scan on events e1  (cost=0.00..1629.00 rows=100000 width=16) (actual rows=100000 loops=1)
                    Buffers: shared hit=629
              ->  Hash  (cost=2131.25..2131.25 rows=100 width=40) (actual rows=100 loops=1)
                    Buckets: 1024  Batches: 1  Memory Usage: 14kB
                    Buffers: shared hit=629
                    ->  HashAggregate  (cost=2129.00..2130.25 rows=100 width=40) (actual rows=100 loops=1)
                          Group Key: events.event_type
                          Batches: 1  Memory Usage: 32kB
                          Buffers: shared hit=629
                          ->  Seq Scan on events  (cost=0.00..1629.00 rows=100000 width=12) (actual rows=100000 loops=1)
                                Buffers: shared hit=629
Planning Time: 0.308 ms
Execution Time: 124.187 ms",126.93,6845.88,4995,"GroupAggregate  (cost=6533.46..6845.88 rows=1665 width=4) (actual rows=4995 loops=1)
  Group Key: e1.business_id
  Filter: (count(DISTINCT e1.event_type) > 1)
  Rows Removed by Filter: 4
  Buffers: shared hit=1258
  ->  Sort  (cost=6533.46..6616.79 rows=33333 width=12) (actual rows=50101 loops=1)
        Sort Key: e1.business_id
        Sort Method: quicksort  Memory: 3714kB
        Buffers: shared hit=1258
        ->  Hash Join  (cost=2132.50..4029.37 rows=33333 width=12) (actual rows=50101 loops=1)
              Hash Cond: ((e1.event_type)::text = (events.event_type)::text)
              Join Filter: ((e1.occurences)::numeric > (avg(events.occurences)))
              Rows Removed by Join Filter: 49899
              Buffers: shared hit=1258
              ->  Seq Scan on events e1  (cost=0.00..1629.00 rows=100000 width=16) (actual rows=100000 loops=1)
                    Buffers: shared hit=629
              ->  Hash  (cost=2131.25..2131.25 rows=100 width=40) (actual rows=100 loops=1)
                    Buckets: 1024  Batches: 1  Memory Usage: 14kB
                    Buffers: shared hit=629
                    ->  HashAggregate  (cost=2129.00..2130.25 rows=100 width=40) (actual rows=100 loops=1)
                          Group Key: events.event_type
                          Batches: 1  Memory Usage: 32kB
                          Buffers: shared hit=629
                          ->  Seq Scan on events  (cost=0.00..1629.00 rows=100000 width=12) (actual rows=100000 loops=1)
                                Buffers: shared hit=629
Planning Time: 0.274 ms
Execution Time: 126.930 ms",122.55,6845.88,4995,"GroupAggregate  (cost=6533.46..6845.88 rows=1665 width=4) (actual rows=4995 loops=1)
  Group Key: e1.business_id
  Filter: (count(DISTINCT e1.event_type) > 1)
  Rows Removed by Filter: 4
  Buffers: shared hit=1258
  ->  Sort  (cost=6533.46..6616.79 rows=33333 width=12) (actual rows=50101 loops=1)
        Sort Key: e1.business_id
        Sort Method: quicksort  Memory: 3714kB
        Buffers: shared hit=1258
        ->  Hash Join  (cost=2132.50..4029.37 rows=33333 width=12) (actual rows=50101 loops=1)
              Hash Cond: ((e1.event_type)::text = (events.event_type)::text)
              Join Filter: ((e1.occurences)::numeric > (avg(events.occurences)))
              Rows Removed by Join Filter: 49899
              Buffers: shared hit=1258
              ->  Seq Scan on events e1  (cost=0.00..1629.00 rows=100000 width=16) (actual rows=100000 loops=1)
                    Buffers: shared hit=629
              ->  Hash  (cost=2131.25..2131.25 rows=100 width=40) (actual rows=100 loops=1)
                    Buckets: 1024  Batches: 1  Memory Usage: 14kB
                    Buffers: shared hit=629
                    ->  HashAggregate  (cost=2129.00..2130.25 rows=100 width=40) (actual rows=100 loops=1)
                          Group Key: events.event_type
                          Batches: 1  Memory Usage: 32kB
                          Buffers: shared hit=629
                          ->  Seq Scan on events  (cost=0.00..1629.00 rows=100000 width=12) (actual rows=100000 loops=1)
                                Buffers: shared hit=629
Planning Time: 0.221 ms
Execution Time: 122.550 ms",123.8838,124.187,127.0485,127.2618,6845.88,6845.88,4995,4995,4995,4995,normal,normal,12.501742700000031,2.2520746999999957,equal variances,significant,0.003968253968253968,-46.995999999999995,-47.06399999999999,-2587.42,0,True
666,1126,239,Medium,"select a.business_id as business_id from schema_1126.events as a inner join (select t_events_0.event_type as c_event_type0, avg(t_events_0.occurences) as c_avg0 from schema_1126.events as t_events_0 group by t_events_0.event_type) as b on b.c_avg0 < a.occurences where a.event_type = b.c_event_type0 group by a.business_id having 1 < count(a.event_type)",75.555,4258.46,4995,"HashAggregate  (cost=4196.03..4258.46 rows=1665 width=4) (actual rows=4995 loops=1)
  Group Key: a.business_id
  Filter: (1 < count(a.event_type))
  Batches: 1  Memory Usage: 721kB
  Rows Removed by Filter: 4
  Buffers: shared hit=1258
  ->  Hash Join  (cost=2132.50..4029.37 rows=33333 width=12) (actual rows=50101 loops=1)
        Hash Cond: ((a.event_type)::text = (b.c_event_type0)::text)
        Join Filter: (b.c_avg0 < (a.occurences)::numeric)
        Rows Removed by Join Filter: 49899
        Buffers: shared hit=1258
        ->  Seq Scan on events a  (cost=0.00..1629.00 rows=100000 width=16) (actual rows=100000 loops=1)
              Buffers: shared hit=629
        ->  Hash  (cost=2131.25..2131.25 rows=100 width=40) (actual rows=100 loops=1)
              Buckets: 1024  Batches: 1  Memory Usage: 14kB
              Buffers: shared hit=629
              ->  Subquery Scan on b  (cost=2129.00..2131.25 rows=100 width=40) (actual rows=100 loops=1)
                    Buffers: shared hit=629
                    ->  HashAggregate  (cost=2129.00..2130.25 rows=100 width=40) (actual rows=100 loops=1)
                          Group Key: t_events_0.event_type
                          Batches: 1  Memory Usage: 32kB
                          Buffers: shared hit=629
                          ->  Seq Scan on events t_events_0  (cost=0.00..1629.00 rows=100000 width=12) (actual rows=100000 loops=1)
                                Buffers: shared hit=629
Planning Time: 0.167 ms
Execution Time: 75.555 ms",77.894,4258.46,4995,"HashAggregate  (cost=4196.03..4258.46 rows=1665 width=4) (actual rows=4995 loops=1)
  Group Key: a.business_id
  Filter: (1 < count(a.event_type))
  Batches: 1  Memory Usage: 721kB
  Rows Removed by Filter: 4
  Buffers: shared hit=1258
  ->  Hash Join  (cost=2132.50..4029.37 rows=33333 width=12) (actual rows=50101 loops=1)
        Hash Cond: ((a.event_type)::text = (b.c_event_type0)::text)
        Join Filter: (b.c_avg0 < (a.occurences)::numeric)
        Rows Removed by Join Filter: 49899
        Buffers: shared hit=1258
        ->  Seq Scan on events a  (cost=0.00..1629.00 rows=100000 width=16) (actual rows=100000 loops=1)
              Buffers: shared hit=629
        ->  Hash  (cost=2131.25..2131.25 rows=100 width=40) (actual rows=100 loops=1)
              Buckets: 1024  Batches: 1  Memory Usage: 14kB
              Buffers: shared hit=629
              ->  Subquery Scan on b  (cost=2129.00..2131.25 rows=100 width=40) (actual rows=100 loops=1)
                    Buffers: shared hit=629
                    ->  HashAggregate  (cost=2129.00..2130.25 rows=100 width=40) (actual rows=100 loops=1)
                          Group Key: t_events_0.event_type
                          Batches: 1  Memory Usage: 32kB
                          Buffers: shared hit=629
                          ->  Seq Scan on events t_events_0  (cost=0.00..1629.00 rows=100000 width=12) (actual rows=100000 loops=1)
                                Buffers: shared hit=629
Planning Time: 0.265 ms
Execution Time: 77.894 ms",79.075,4258.46,4995,"HashAggregate  (cost=4196.03..4258.46 rows=1665 width=4) (actual rows=4995 loops=1)
  Group Key: a.business_id
  Filter: (1 < count(a.event_type))
  Batches: 1  Memory Usage: 721kB
  Rows Removed by Filter: 4
  Buffers: shared hit=1258
  ->  Hash Join  (cost=2132.50..4029.37 rows=33333 width=12) (actual rows=50101 loops=1)
        Hash Cond: ((a.event_type)::text = (b.c_event_type0)::text)
        Join Filter: (b.c_avg0 < (a.occurences)::numeric)
        Rows Removed by Join Filter: 49899
        Buffers: shared hit=1258
        ->  Seq Scan on events a  (cost=0.00..1629.00 rows=100000 width=16) (actual rows=100000 loops=1)
              Buffers: shared hit=629
        ->  Hash  (cost=2131.25..2131.25 rows=100 width=40) (actual rows=100 loops=1)
              Buckets: 1024  Batches: 1  Memory Usage: 14kB
              Buffers: shared hit=629
              ->  Subquery Scan on b  (cost=2129.00..2131.25 rows=100 width=40) (actual rows=100 loops=1)
                    Buffers: shared hit=629
                    ->  HashAggregate  (cost=2129.00..2130.25 rows=100 width=40) (actual rows=100 loops=1)
                          Group Key: t_events_0.event_type
                          Batches: 1  Memory Usage: 32kB
                          Buffers: shared hit=629
                          ->  Seq Scan on events t_events_0  (cost=0.00..1629.00 rows=100000 width=12) (actual rows=100000 loops=1)
                                Buffers: shared hit=629
Planning Time: 0.257 ms
Execution Time: 79.075 ms",78.479,4258.46,4995,"HashAggregate  (cost=4196.03..4258.46 rows=1665 width=4) (actual rows=4995 loops=1)
  Group Key: a.business_id
  Filter: (1 < count(a.event_type))
  Batches: 1  Memory Usage: 721kB
  Rows Removed by Filter: 4
  Buffers: shared hit=1258
  ->  Hash Join  (cost=2132.50..4029.37 rows=33333 width=12) (actual rows=50101 loops=1)
        Hash Cond: ((a.event_type)::text = (b.c_event_type0)::text)
        Join Filter: (b.c_avg0 < (a.occurences)::numeric)
        Rows Removed by Join Filter: 49899
        Buffers: shared hit=1258
        ->  Seq Scan on events a  (cost=0.00..1629.00 rows=100000 width=16) (actual rows=100000 loops=1)
              Buffers: shared hit=629
        ->  Hash  (cost=2131.25..2131.25 rows=100 width=40) (actual rows=100 loops=1)
              Buckets: 1024  Batches: 1  Memory Usage: 14kB
              Buffers: shared hit=629
              ->  Subquery Scan on b  (cost=2129.00..2131.25 rows=100 width=40) (actual rows=100 loops=1)
                    Buffers: shared hit=629
                    ->  HashAggregate  (cost=2129.00..2130.25 rows=100 width=40) (actual rows=100 loops=1)
                          Group Key: t_events_0.event_type
                          Batches: 1  Memory Usage: 32kB
                          Buffers: shared hit=629
                          ->  Seq Scan on events t_events_0  (cost=0.00..1629.00 rows=100000 width=12) (actual rows=100000 loops=1)
                                Buffers: shared hit=629
Planning Time: 0.289 ms
Execution Time: 78.479 ms",79.818,4258.46,4995,"HashAggregate  (cost=4196.03..4258.46 rows=1665 width=4) (actual rows=4995 loops=1)
  Group Key: a.business_id
  Filter: (1 < count(a.event_type))
  Batches: 1  Memory Usage: 721kB
  Rows Removed by Filter: 4
  Buffers: shared hit=1258
  ->  Hash Join  (cost=2132.50..4029.37 rows=33333 width=12) (actual rows=50101 loops=1)
        Hash Cond: ((a.event_type)::text = (b.c_event_type0)::text)
        Join Filter: (b.c_avg0 < (a.occurences)::numeric)
        Rows Removed by Join Filter: 49899
        Buffers: shared hit=1258
        ->  Seq Scan on events a  (cost=0.00..1629.00 rows=100000 width=16) (actual rows=100000 loops=1)
              Buffers: shared hit=629
        ->  Hash  (cost=2131.25..2131.25 rows=100 width=40) (actual rows=100 loops=1)
              Buckets: 1024  Batches: 1  Memory Usage: 14kB
              Buffers: shared hit=629
              ->  Subquery Scan on b  (cost=2129.00..2131.25 rows=100 width=40) (actual rows=100 loops=1)
                    Buffers: shared hit=629
                    ->  HashAggregate  (cost=2129.00..2130.25 rows=100 width=40) (actual rows=100 loops=1)
                          Group Key: t_events_0.event_type
                          Batches: 1  Memory Usage: 32kB
                          Buffers: shared hit=629
                          ->  Seq Scan on events t_events_0  (cost=0.00..1629.00 rows=100000 width=12) (actual rows=100000 loops=1)
                                Buffers: shared hit=629
Planning Time: 0.275 ms
Execution Time: 79.818 ms",78.1642,78.479,79.4465,80.1152,4258.46,4258.46,4995,4995,4995,4995,1126_239,666,1126,239,Medium,"select distinct business_id from schema_1126.events as a join (select event_type, avg(occurences) as avgoccurences from schema_1126.events group by event_type) as b on a.event_type = b.event_type where a.occurences > b.avgoccurences group by business_id having count(distinct a.event_type) > 1",123.597,6850.04,4995,"Unique  (cost=6533.46..6850.04 rows=1665 width=4) (actual rows=4995 loops=1)
  Buffers: shared hit=1258
  ->  GroupAggregate  (cost=6533.46..6845.88 rows=1665 width=4) (actual rows=4995 loops=1)
        Group Key: a.business_id
        Filter: (count(DISTINCT a.event_type) > 1)
        Rows Removed by Filter: 4
        Buffers: shared hit=1258
        ->  Sort  (cost=6533.46..6616.79 rows=33333 width=12) (actual rows=50101 loops=1)
              Sort Key: a.business_id
              Sort Method: quicksort  Memory: 3714kB
              Buffers: shared hit=1258
              ->  Hash Join  (cost=2132.50..4029.37 rows=33333 width=12) (actual rows=50101 loops=1)
                    Hash Cond: ((a.event_type)::text = (events.event_type)::text)
                    Join Filter: ((a.occurences)::numeric > (avg(events.occurences)))
                    Rows Removed by Join Filter: 49899
                    Buffers: shared hit=1258
                    ->  Seq Scan on events a  (cost=0.00..1629.00 rows=100000 width=16) (actual rows=100000 loops=1)
                          Buffers: shared hit=629
                    ->  Hash  (cost=2131.25..2131.25 rows=100 width=40) (actual rows=100 loops=1)
                          Buckets: 1024  Batches: 1  Memory Usage: 14kB
                          Buffers: shared hit=629
                          ->  HashAggregate  (cost=2129.00..2130.25 rows=100 width=40) (actual rows=100 loops=1)
                                Group Key: events.event_type
                                Batches: 1  Memory Usage: 32kB
                                Buffers: shared hit=629
                                ->  Seq Scan on events  (cost=0.00..1629.00 rows=100000 width=12) (actual rows=100000 loops=1)
                                      Buffers: shared hit=629
Planning Time: 0.187 ms
Execution Time: 123.597 ms",126.198,6850.04,4995,"Unique  (cost=6533.46..6850.04 rows=1665 width=4) (actual rows=4995 loops=1)
  Buffers: shared hit=1258
  ->  GroupAggregate  (cost=6533.46..6845.88 rows=1665 width=4) (actual rows=4995 loops=1)
        Group Key: a.business_id
        Filter: (count(DISTINCT a.event_type) > 1)
        Rows Removed by Filter: 4
        Buffers: shared hit=1258
        ->  Sort  (cost=6533.46..6616.79 rows=33333 width=12) (actual rows=50101 loops=1)
              Sort Key: a.business_id
              Sort Method: quicksort  Memory: 3714kB
              Buffers: shared hit=1258
              ->  Hash Join  (cost=2132.50..4029.37 rows=33333 width=12) (actual rows=50101 loops=1)
                    Hash Cond: ((a.event_type)::text = (events.event_type)::text)
                    Join Filter: ((a.occurences)::numeric > (avg(events.occurences)))
                    Rows Removed by Join Filter: 49899
                    Buffers: shared hit=1258
                    ->  Seq Scan on events a  (cost=0.00..1629.00 rows=100000 width=16) (actual rows=100000 loops=1)
                          Buffers: shared hit=629
                    ->  Hash  (cost=2131.25..2131.25 rows=100 width=40) (actual rows=100 loops=1)
                          Buckets: 1024  Batches: 1  Memory Usage: 14kB
                          Buffers: shared hit=629
                          ->  HashAggregate  (cost=2129.00..2130.25 rows=100 width=40) (actual rows=100 loops=1)
                                Group Key: events.event_type
                                Batches: 1  Memory Usage: 32kB
                                Buffers: shared hit=629
                                ->  Seq Scan on events  (cost=0.00..1629.00 rows=100000 width=12) (actual rows=100000 loops=1)
                                      Buffers: shared hit=629
Planning Time: 0.262 ms
Execution Time: 126.198 ms",127.177,6850.04,4995,"Unique  (cost=6533.46..6850.04 rows=1665 width=4) (actual rows=4995 loops=1)
  Buffers: shared hit=1258
  ->  GroupAggregate  (cost=6533.46..6845.88 rows=1665 width=4) (actual rows=4995 loops=1)
        Group Key: a.business_id
        Filter: (count(DISTINCT a.event_type) > 1)
        Rows Removed by Filter: 4
        Buffers: shared hit=1258
        ->  Sort  (cost=6533.46..6616.79 rows=33333 width=12) (actual rows=50101 loops=1)
              Sort Key: a.business_id
              Sort Method: quicksort  Memory: 3714kB
              Buffers: shared hit=1258
              ->  Hash Join  (cost=2132.50..4029.37 rows=33333 width=12) (actual rows=50101 loops=1)
                    Hash Cond: ((a.event_type)::text = (events.event_type)::text)
                    Join Filter: ((a.occurences)::numeric > (avg(events.occurences)))
                    Rows Removed by Join Filter: 49899
                    Buffers: shared hit=1258
                    ->  Seq Scan on events a  (cost=0.00..1629.00 rows=100000 width=16) (actual rows=100000 loops=1)
                          Buffers: shared hit=629
                    ->  Hash  (cost=2131.25..2131.25 rows=100 width=40) (actual rows=100 loops=1)
                          Buckets: 1024  Batches: 1  Memory Usage: 14kB
                          Buffers: shared hit=629
                          ->  HashAggregate  (cost=2129.00..2130.25 rows=100 width=40) (actual rows=100 loops=1)
                                Group Key: events.event_type
                                Batches: 1  Memory Usage: 32kB
                                Buffers: shared hit=629
                                ->  Seq Scan on events  (cost=0.00..1629.00 rows=100000 width=12) (actual rows=100000 loops=1)
                                      Buffers: shared hit=629
Planning Time: 0.280 ms
Execution Time: 127.177 ms",130.374,6850.04,4995,"Unique  (cost=6533.46..6850.04 rows=1665 width=4) (actual rows=4995 loops=1)
  Buffers: shared hit=1258
  ->  GroupAggregate  (cost=6533.46..6845.88 rows=1665 width=4) (actual rows=4995 loops=1)
        Group Key: a.business_id
        Filter: (count(DISTINCT a.event_type) > 1)
        Rows Removed by Filter: 4
        Buffers: shared hit=1258
        ->  Sort  (cost=6533.46..6616.79 rows=33333 width=12) (actual rows=50101 loops=1)
              Sort Key: a.business_id
              Sort Method: quicksort  Memory: 3714kB
              Buffers: shared hit=1258
              ->  Hash Join  (cost=2132.50..4029.37 rows=33333 width=12) (actual rows=50101 loops=1)
                    Hash Cond: ((a.event_type)::text = (events.event_type)::text)
                    Join Filter: ((a.occurences)::numeric > (avg(events.occurences)))
                    Rows Removed by Join Filter: 49899
                    Buffers: shared hit=1258
                    ->  Seq Scan on events a  (cost=0.00..1629.00 rows=100000 width=16) (actual rows=100000 loops=1)
                          Buffers: shared hit=629
                    ->  Hash  (cost=2131.25..2131.25 rows=100 width=40) (actual rows=100 loops=1)
                          Buckets: 1024  Batches: 1  Memory Usage: 14kB
                          Buffers: shared hit=629
                          ->  HashAggregate  (cost=2129.00..2130.25 rows=100 width=40) (actual rows=100 loops=1)
                                Group Key: events.event_type
                                Batches: 1  Memory Usage: 32kB
                                Buffers: shared hit=629
                                ->  Seq Scan on events  (cost=0.00..1629.00 rows=100000 width=12) (actual rows=100000 loops=1)
                                      Buffers: shared hit=629
Planning Time: 0.329 ms
Execution Time: 130.374 ms",126.26,6850.04,4995,"Unique  (cost=6533.46..6850.04 rows=1665 width=4) (actual rows=4995 loops=1)
  Buffers: shared hit=1258
  ->  GroupAggregate  (cost=6533.46..6845.88 rows=1665 width=4) (actual rows=4995 loops=1)
        Group Key: a.business_id
        Filter: (count(DISTINCT a.event_type) > 1)
        Rows Removed by Filter: 4
        Buffers: shared hit=1258
        ->  Sort  (cost=6533.46..6616.79 rows=33333 width=12) (actual rows=50101 loops=1)
              Sort Key: a.business_id
              Sort Method: quicksort  Memory: 3714kB
              Buffers: shared hit=1258
              ->  Hash Join  (cost=2132.50..4029.37 rows=33333 width=12) (actual rows=50101 loops=1)
                    Hash Cond: ((a.event_type)::text = (events.event_type)::text)
                    Join Filter: ((a.occurences)::numeric > (avg(events.occurences)))
                    Rows Removed by Join Filter: 49899
                    Buffers: shared hit=1258
                    ->  Seq Scan on events a  (cost=0.00..1629.00 rows=100000 width=16) (actual rows=100000 loops=1)
                          Buffers: shared hit=629
                    ->  Hash  (cost=2131.25..2131.25 rows=100 width=40) (actual rows=100 loops=1)
                          Buckets: 1024  Batches: 1  Memory Usage: 14kB
                          Buffers: shared hit=629
                          ->  HashAggregate  (cost=2129.00..2130.25 rows=100 width=40) (actual rows=100 loops=1)
                                Group Key: events.event_type
                                Batches: 1  Memory Usage: 32kB
                                Buffers: shared hit=629
                                ->  Seq Scan on events  (cost=0.00..1629.00 rows=100000 width=12) (actual rows=100000 loops=1)
                                      Buffers: shared hit=629
Planning Time: 0.267 ms
Execution Time: 126.260 ms",126.7212,126.26,128.7755,131.6528,6850.04,6850.04,4995,4995,4995,4995,normal,normal,5.949442700000001,2.63616069999999,equal variances,significant,0.003968253968253968,-48.557,-47.781000000000006,-2591.58,0,True
667,1126,241,Medium,"select e.business_id as business_id from schema_1126.events as e inner join (select t_events_0.event_type as c_event_type0, avg(t_events_0.occurences) as c_avg0 from schema_1126.events as t_events_0 group by t_events_0.event_type) as a on a.c_avg0 < e.occurences where a.c_event_type0 = e.event_type group by e.business_id having 1 < count(e.event_type)",73.128,4258.46,4995,"HashAggregate  (cost=4196.03..4258.46 rows=1665 width=4) (actual rows=4995 loops=1)
  Group Key: e.business_id
  Filter: (1 < count(e.event_type))
  Batches: 1  Memory Usage: 721kB
  Rows Removed by Filter: 4
  Buffers: shared hit=1258
  ->  Hash Join  (cost=2132.50..4029.37 rows=33333 width=12) (actual rows=50101 loops=1)
        Hash Cond: ((e.event_type)::text = (a.c_event_type0)::text)
        Join Filter: (a.c_avg0 < (e.occurences)::numeric)
        Rows Removed by Join Filter: 49899
        Buffers: shared hit=1258
        ->  Seq Scan on events e  (cost=0.00..1629.00 rows=100000 width=16) (actual rows=100000 loops=1)
              Buffers: shared hit=629
        ->  Hash  (cost=2131.25..2131.25 rows=100 width=40) (actual rows=100 loops=1)
              Buckets: 1024  Batches: 1  Memory Usage: 14kB
              Buffers: shared hit=629
              ->  Subquery Scan on a  (cost=2129.00..2131.25 rows=100 width=40) (actual rows=100 loops=1)
                    Buffers: shared hit=629
                    ->  HashAggregate  (cost=2129.00..2130.25 rows=100 width=40) (actual rows=100 loops=1)
                          Group Key: t_events_0.event_type
                          Batches: 1  Memory Usage: 32kB
                          Buffers: shared hit=629
                          ->  Seq Scan on events t_events_0  (cost=0.00..1629.00 rows=100000 width=12) (actual rows=100000 loops=1)
                                Buffers: shared hit=629
Planning Time: 0.270 ms
Execution Time: 73.128 ms",80.513,4258.46,4995,"HashAggregate  (cost=4196.03..4258.46 rows=1665 width=4) (actual rows=4995 loops=1)
  Group Key: e.business_id
  Filter: (1 < count(e.event_type))
  Batches: 1  Memory Usage: 721kB
  Rows Removed by Filter: 4
  Buffers: shared hit=1258
  ->  Hash Join  (cost=2132.50..4029.37 rows=33333 width=12) (actual rows=50101 loops=1)
        Hash Cond: ((e.event_type)::text = (a.c_event_type0)::text)
        Join Filter: (a.c_avg0 < (e.occurences)::numeric)
        Rows Removed by Join Filter: 49899
        Buffers: shared hit=1258
        ->  Seq Scan on events e  (cost=0.00..1629.00 rows=100000 width=16) (actual rows=100000 loops=1)
              Buffers: shared hit=629
        ->  Hash  (cost=2131.25..2131.25 rows=100 width=40) (actual rows=100 loops=1)
              Buckets: 1024  Batches: 1  Memory Usage: 14kB
              Buffers: shared hit=629
              ->  Subquery Scan on a  (cost=2129.00..2131.25 rows=100 width=40) (actual rows=100 loops=1)
                    Buffers: shared hit=629
                    ->  HashAggregate  (cost=2129.00..2130.25 rows=100 width=40) (actual rows=100 loops=1)
                          Group Key: t_events_0.event_type
                          Batches: 1  Memory Usage: 32kB
                          Buffers: shared hit=629
                          ->  Seq Scan on events t_events_0  (cost=0.00..1629.00 rows=100000 width=12) (actual rows=100000 loops=1)
                                Buffers: shared hit=629
Planning Time: 0.275 ms
Execution Time: 80.513 ms",79.117,4258.46,4995,"HashAggregate  (cost=4196.03..4258.46 rows=1665 width=4) (actual rows=4995 loops=1)
  Group Key: e.business_id
  Filter: (1 < count(e.event_type))
  Batches: 1  Memory Usage: 721kB
  Rows Removed by Filter: 4
  Buffers: shared hit=1258
  ->  Hash Join  (cost=2132.50..4029.37 rows=33333 width=12) (actual rows=50101 loops=1)
        Hash Cond: ((e.event_type)::text = (a.c_event_type0)::text)
        Join Filter: (a.c_avg0 < (e.occurences)::numeric)
        Rows Removed by Join Filter: 49899
        Buffers: shared hit=1258
        ->  Seq Scan on events e  (cost=0.00..1629.00 rows=100000 width=16) (actual rows=100000 loops=1)
              Buffers: shared hit=629
        ->  Hash  (cost=2131.25..2131.25 rows=100 width=40) (actual rows=100 loops=1)
              Buckets: 1024  Batches: 1  Memory Usage: 14kB
              Buffers: shared hit=629
              ->  Subquery Scan on a  (cost=2129.00..2131.25 rows=100 width=40) (actual rows=100 loops=1)
                    Buffers: shared hit=629
                    ->  HashAggregate  (cost=2129.00..2130.25 rows=100 width=40) (actual rows=100 loops=1)
                          Group Key: t_events_0.event_type
                          Batches: 1  Memory Usage: 32kB
                          Buffers: shared hit=629
                          ->  Seq Scan on events t_events_0  (cost=0.00..1629.00 rows=100000 width=12) (actual rows=100000 loops=1)
                                Buffers: shared hit=629
Planning Time: 0.179 ms
Execution Time: 79.117 ms",79.668,4258.46,4995,"HashAggregate  (cost=4196.03..4258.46 rows=1665 width=4) (actual rows=4995 loops=1)
  Group Key: e.business_id
  Filter: (1 < count(e.event_type))
  Batches: 1  Memory Usage: 721kB
  Rows Removed by Filter: 4
  Buffers: shared hit=1258
  ->  Hash Join  (cost=2132.50..4029.37 rows=33333 width=12) (actual rows=50101 loops=1)
        Hash Cond: ((e.event_type)::text = (a.c_event_type0)::text)
        Join Filter: (a.c_avg0 < (e.occurences)::numeric)
        Rows Removed by Join Filter: 49899
        Buffers: shared hit=1258
        ->  Seq Scan on events e  (cost=0.00..1629.00 rows=100000 width=16) (actual rows=100000 loops=1)
              Buffers: shared hit=629
        ->  Hash  (cost=2131.25..2131.25 rows=100 width=40) (actual rows=100 loops=1)
              Buckets: 1024  Batches: 1  Memory Usage: 14kB
              Buffers: shared hit=629
              ->  Subquery Scan on a  (cost=2129.00..2131.25 rows=100 width=40) (actual rows=100 loops=1)
                    Buffers: shared hit=629
                    ->  HashAggregate  (cost=2129.00..2130.25 rows=100 width=40) (actual rows=100 loops=1)
                          Group Key: t_events_0.event_type
                          Batches: 1  Memory Usage: 32kB
                          Buffers: shared hit=629
                          ->  Seq Scan on events t_events_0  (cost=0.00..1629.00 rows=100000 width=12) (actual rows=100000 loops=1)
                                Buffers: shared hit=629
Planning Time: 0.277 ms
Execution Time: 79.668 ms",75.581,4258.46,4995,"HashAggregate  (cost=4196.03..4258.46 rows=1665 width=4) (actual rows=4995 loops=1)
  Group Key: e.business_id
  Filter: (1 < count(e.event_type))
  Batches: 1  Memory Usage: 721kB
  Rows Removed by Filter: 4
  Buffers: shared hit=1258
  ->  Hash Join  (cost=2132.50..4029.37 rows=33333 width=12) (actual rows=50101 loops=1)
        Hash Cond: ((e.event_type)::text = (a.c_event_type0)::text)
        Join Filter: (a.c_avg0 < (e.occurences)::numeric)
        Rows Removed by Join Filter: 49899
        Buffers: shared hit=1258
        ->  Seq Scan on events e  (cost=0.00..1629.00 rows=100000 width=16) (actual rows=100000 loops=1)
              Buffers: shared hit=629
        ->  Hash  (cost=2131.25..2131.25 rows=100 width=40) (actual rows=100 loops=1)
              Buckets: 1024  Batches: 1  Memory Usage: 14kB
              Buffers: shared hit=629
              ->  Subquery Scan on a  (cost=2129.00..2131.25 rows=100 width=40) (actual rows=100 loops=1)
                    Buffers: shared hit=629
                    ->  HashAggregate  (cost=2129.00..2130.25 rows=100 width=40) (actual rows=100 loops=1)
                          Group Key: t_events_0.event_type
                          Batches: 1  Memory Usage: 32kB
                          Buffers: shared hit=629
                          ->  Seq Scan on events t_events_0  (cost=0.00..1629.00 rows=100000 width=12) (actual rows=100000 loops=1)
                                Buffers: shared hit=629
Planning Time: 0.287 ms
Execution Time: 75.581 ms",77.6014,79.117,80.0905,80.851,4258.46,4258.46,4995,4995,4995,4995,1126_241,667,1126,241,Medium,"select distinct e.business_id as business_id from (select event_type, avg(occurences) as avg_occ from schema_1126.events group by event_type) as a join schema_1126.events as e on (a.event_type = e.event_type and a.avg_occ < e.occurences) group by e.business_id having count(distinct e.event_type) > 1",119.166,6850.04,4995,"Unique  (cost=6533.46..6850.04 rows=1665 width=4) (actual rows=4995 loops=1)
  Buffers: shared hit=1258
  ->  GroupAggregate  (cost=6533.46..6845.88 rows=1665 width=4) (actual rows=4995 loops=1)
        Group Key: e.business_id
        Filter: (count(DISTINCT e.event_type) > 1)
        Rows Removed by Filter: 4
        Buffers: shared hit=1258
        ->  Sort  (cost=6533.46..6616.79 rows=33333 width=12) (actual rows=50101 loops=1)
              Sort Key: e.business_id
              Sort Method: quicksort  Memory: 3714kB
              Buffers: shared hit=1258
              ->  Hash Join  (cost=2132.50..4029.37 rows=33333 width=12) (actual rows=50101 loops=1)
                    Hash Cond: ((e.event_type)::text = (events.event_type)::text)
                    Join Filter: ((avg(events.occurences)) < (e.occurences)::numeric)
                    Rows Removed by Join Filter: 49899
                    Buffers: shared hit=1258
                    ->  Seq Scan on events e  (cost=0.00..1629.00 rows=100000 width=16) (actual rows=100000 loops=1)
                          Buffers: shared hit=629
                    ->  Hash  (cost=2131.25..2131.25 rows=100 width=40) (actual rows=100 loops=1)
                          Buckets: 1024  Batches: 1  Memory Usage: 14kB
                          Buffers: shared hit=629
                          ->  HashAggregate  (cost=2129.00..2130.25 rows=100 width=40) (actual rows=100 loops=1)
                                Group Key: events.event_type
                                Batches: 1  Memory Usage: 32kB
                                Buffers: shared hit=629
                                ->  Seq Scan on events  (cost=0.00..1629.00 rows=100000 width=12) (actual rows=100000 loops=1)
                                      Buffers: shared hit=629
Planning Time: 0.133 ms
Execution Time: 119.166 ms",125.093,6850.04,4995,"Unique  (cost=6533.46..6850.04 rows=1665 width=4) (actual rows=4995 loops=1)
  Buffers: shared hit=1258
  ->  GroupAggregate  (cost=6533.46..6845.88 rows=1665 width=4) (actual rows=4995 loops=1)
        Group Key: e.business_id
        Filter: (count(DISTINCT e.event_type) > 1)
        Rows Removed by Filter: 4
        Buffers: shared hit=1258
        ->  Sort  (cost=6533.46..6616.79 rows=33333 width=12) (actual rows=50101 loops=1)
              Sort Key: e.business_id
              Sort Method: quicksort  Memory: 3714kB
              Buffers: shared hit=1258
              ->  Hash Join  (cost=2132.50..4029.37 rows=33333 width=12) (actual rows=50101 loops=1)
                    Hash Cond: ((e.event_type)::text = (events.event_type)::text)
                    Join Filter: ((avg(events.occurences)) < (e.occurences)::numeric)
                    Rows Removed by Join Filter: 49899
                    Buffers: shared hit=1258
                    ->  Seq Scan on events e  (cost=0.00..1629.00 rows=100000 width=16) (actual rows=100000 loops=1)
                          Buffers: shared hit=629
                    ->  Hash  (cost=2131.25..2131.25 rows=100 width=40) (actual rows=100 loops=1)
                          Buckets: 1024  Batches: 1  Memory Usage: 14kB
                          Buffers: shared hit=629
                          ->  HashAggregate  (cost=2129.00..2130.25 rows=100 width=40) (actual rows=100 loops=1)
                                Group Key: events.event_type
                                Batches: 1  Memory Usage: 32kB
                                Buffers: shared hit=629
                                ->  Seq Scan on events  (cost=0.00..1629.00 rows=100000 width=12) (actual rows=100000 loops=1)
                                      Buffers: shared hit=629
Planning Time: 0.199 ms
Execution Time: 125.093 ms",125.917,6850.04,4995,"Unique  (cost=6533.46..6850.04 rows=1665 width=4) (actual rows=4995 loops=1)
  Buffers: shared hit=1258
  ->  GroupAggregate  (cost=6533.46..6845.88 rows=1665 width=4) (actual rows=4995 loops=1)
        Group Key: e.business_id
        Filter: (count(DISTINCT e.event_type) > 1)
        Rows Removed by Filter: 4
        Buffers: shared hit=1258
        ->  Sort  (cost=6533.46..6616.79 rows=33333 width=12) (actual rows=50101 loops=1)
              Sort Key: e.business_id
              Sort Method: quicksort  Memory: 3714kB
              Buffers: shared hit=1258
              ->  Hash Join  (cost=2132.50..4029.37 rows=33333 width=12) (actual rows=50101 loops=1)
                    Hash Cond: ((e.event_type)::text = (events.event_type)::text)
                    Join Filter: ((avg(events.occurences)) < (e.occurences)::numeric)
                    Rows Removed by Join Filter: 49899
                    Buffers: shared hit=1258
                    ->  Seq Scan on events e  (cost=0.00..1629.00 rows=100000 width=16) (actual rows=100000 loops=1)
                          Buffers: shared hit=629
                    ->  Hash  (cost=2131.25..2131.25 rows=100 width=40) (actual rows=100 loops=1)
                          Buckets: 1024  Batches: 1  Memory Usage: 14kB
                          Buffers: shared hit=629
                          ->  HashAggregate  (cost=2129.00..2130.25 rows=100 width=40) (actual rows=100 loops=1)
                                Group Key: events.event_type
                                Batches: 1  Memory Usage: 32kB
                                Buffers: shared hit=629
                                ->  Seq Scan on events  (cost=0.00..1629.00 rows=100000 width=12) (actual rows=100000 loops=1)
                                      Buffers: shared hit=629
Planning Time: 0.190 ms
Execution Time: 125.917 ms",124.674,6850.04,4995,"Unique  (cost=6533.46..6850.04 rows=1665 width=4) (actual rows=4995 loops=1)
  Buffers: shared hit=1258
  ->  GroupAggregate  (cost=6533.46..6845.88 rows=1665 width=4) (actual rows=4995 loops=1)
        Group Key: e.business_id
        Filter: (count(DISTINCT e.event_type) > 1)
        Rows Removed by Filter: 4
        Buffers: shared hit=1258
        ->  Sort  (cost=6533.46..6616.79 rows=33333 width=12) (actual rows=50101 loops=1)
              Sort Key: e.business_id
              Sort Method: quicksort  Memory: 3714kB
              Buffers: shared hit=1258
              ->  Hash Join  (cost=2132.50..4029.37 rows=33333 width=12) (actual rows=50101 loops=1)
                    Hash Cond: ((e.event_type)::text = (events.event_type)::text)
                    Join Filter: ((avg(events.occurences)) < (e.occurences)::numeric)
                    Rows Removed by Join Filter: 49899
                    Buffers: shared hit=1258
                    ->  Seq Scan on events e  (cost=0.00..1629.00 rows=100000 width=16) (actual rows=100000 loops=1)
                          Buffers: shared hit=629
                    ->  Hash  (cost=2131.25..2131.25 rows=100 width=40) (actual rows=100 loops=1)
                          Buckets: 1024  Batches: 1  Memory Usage: 14kB
                          Buffers: shared hit=629
                          ->  HashAggregate  (cost=2129.00..2130.25 rows=100 width=40) (actual rows=100 loops=1)
                                Group Key: events.event_type
                                Batches: 1  Memory Usage: 32kB
                                Buffers: shared hit=629
                                ->  Seq Scan on events  (cost=0.00..1629.00 rows=100000 width=12) (actual rows=100000 loops=1)
                                      Buffers: shared hit=629
Planning Time: 0.316 ms
Execution Time: 124.674 ms",134.785,6850.04,4995,"Unique  (cost=6533.46..6850.04 rows=1665 width=4) (actual rows=4995 loops=1)
  Buffers: shared hit=1258
  ->  GroupAggregate  (cost=6533.46..6845.88 rows=1665 width=4) (actual rows=4995 loops=1)
        Group Key: e.business_id
        Filter: (count(DISTINCT e.event_type) > 1)
        Rows Removed by Filter: 4
        Buffers: shared hit=1258
        ->  Sort  (cost=6533.46..6616.79 rows=33333 width=12) (actual rows=50101 loops=1)
              Sort Key: e.business_id
              Sort Method: quicksort  Memory: 3714kB
              Buffers: shared hit=1258
              ->  Hash Join  (cost=2132.50..4029.37 rows=33333 width=12) (actual rows=50101 loops=1)
                    Hash Cond: ((e.event_type)::text = (events.event_type)::text)
                    Join Filter: ((avg(events.occurences)) < (e.occurences)::numeric)
                    Rows Removed by Join Filter: 49899
                    Buffers: shared hit=1258
                    ->  Seq Scan on events e  (cost=0.00..1629.00 rows=100000 width=16) (actual rows=100000 loops=1)
                          Buffers: shared hit=629
                    ->  Hash  (cost=2131.25..2131.25 rows=100 width=40) (actual rows=100 loops=1)
                          Buckets: 1024  Batches: 1  Memory Usage: 14kB
                          Buffers: shared hit=629
                          ->  HashAggregate  (cost=2129.00..2130.25 rows=100 width=40) (actual rows=100 loops=1)
                                Group Key: events.event_type
                                Batches: 1  Memory Usage: 32kB
                                Buffers: shared hit=629
                                ->  Seq Scan on events  (cost=0.00..1629.00 rows=100000 width=12) (actual rows=100000 loops=1)
                                      Buffers: shared hit=629
Planning Time: 0.208 ms
Execution Time: 134.785 ms",125.927,125.093,130.351,138.3322,6850.04,6850.04,4995,4995,4995,4995,normal,normal,31.61023749999999,9.784654300000014,equal variances,significant,0.003968253968253968,-48.32560000000001,-45.976,-2591.58,0,True
669,1126,243,Medium,"select e.business_id as business_id from schema_1126.events as e left join (select t_events_0.event_type as c_event_type0, avg(t_events_0.occurences) as c_avg0 from schema_1126.events as t_events_0 group by t_events_0.event_type) as x on e.event_type = x.c_event_type0 where x.c_avg0 < e.occurences group by e.business_id having 1 < count(e.event_type)",74.223,4258.46,4995,"HashAggregate  (cost=4196.03..4258.46 rows=1665 width=4) (actual rows=4995 loops=1)
  Group Key: e.business_id
  Filter: (1 < count(e.event_type))
  Batches: 1  Memory Usage: 721kB
  Rows Removed by Filter: 4
  Buffers: shared hit=1258
  ->  Hash Join  (cost=2132.50..4029.37 rows=33333 width=12) (actual rows=50101 loops=1)
        Hash Cond: ((e.event_type)::text = (t_events_0.event_type)::text)
        Join Filter: ((avg(t_events_0.occurences)) < (e.occurences)::numeric)
        Rows Removed by Join Filter: 49899
        Buffers: shared hit=1258
        ->  Seq Scan on events e  (cost=0.00..1629.00 rows=100000 width=16) (actual rows=100000 loops=1)
              Buffers: shared hit=629
        ->  Hash  (cost=2131.25..2131.25 rows=100 width=40) (actual rows=100 loops=1)
              Buckets: 1024  Batches: 1  Memory Usage: 14kB
              Buffers: shared hit=629
              ->  HashAggregate  (cost=2129.00..2130.25 rows=100 width=40) (actual rows=100 loops=1)
                    Group Key: t_events_0.event_type
                    Batches: 1  Memory Usage: 32kB
                    Buffers: shared hit=629
                    ->  Seq Scan on events t_events_0  (cost=0.00..1629.00 rows=100000 width=12) (actual rows=100000 loops=1)
                          Buffers: shared hit=629
Planning Time: 0.268 ms
Execution Time: 74.223 ms",77.951,4258.46,4995,"HashAggregate  (cost=4196.03..4258.46 rows=1665 width=4) (actual rows=4995 loops=1)
  Group Key: e.business_id
  Filter: (1 < count(e.event_type))
  Batches: 1  Memory Usage: 721kB
  Rows Removed by Filter: 4
  Buffers: shared hit=1258
  ->  Hash Join  (cost=2132.50..4029.37 rows=33333 width=12) (actual rows=50101 loops=1)
        Hash Cond: ((e.event_type)::text = (t_events_0.event_type)::text)
        Join Filter: ((avg(t_events_0.occurences)) < (e.occurences)::numeric)
        Rows Removed by Join Filter: 49899
        Buffers: shared hit=1258
        ->  Seq Scan on events e  (cost=0.00..1629.00 rows=100000 width=16) (actual rows=100000 loops=1)
              Buffers: shared hit=629
        ->  Hash  (cost=2131.25..2131.25 rows=100 width=40) (actual rows=100 loops=1)
              Buckets: 1024  Batches: 1  Memory Usage: 14kB
              Buffers: shared hit=629
              ->  HashAggregate  (cost=2129.00..2130.25 rows=100 width=40) (actual rows=100 loops=1)
                    Group Key: t_events_0.event_type
                    Batches: 1  Memory Usage: 32kB
                    Buffers: shared hit=629
                    ->  Seq Scan on events t_events_0  (cost=0.00..1629.00 rows=100000 width=12) (actual rows=100000 loops=1)
                          Buffers: shared hit=629
Planning Time: 0.327 ms
Execution Time: 77.951 ms",75.612,4258.46,4995,"HashAggregate  (cost=4196.03..4258.46 rows=1665 width=4) (actual rows=4995 loops=1)
  Group Key: e.business_id
  Filter: (1 < count(e.event_type))
  Batches: 1  Memory Usage: 721kB
  Rows Removed by Filter: 4
  Buffers: shared hit=1258
  ->  Hash Join  (cost=2132.50..4029.37 rows=33333 width=12) (actual rows=50101 loops=1)
        Hash Cond: ((e.event_type)::text = (t_events_0.event_type)::text)
        Join Filter: ((avg(t_events_0.occurences)) < (e.occurences)::numeric)
        Rows Removed by Join Filter: 49899
        Buffers: shared hit=1258
        ->  Seq Scan on events e  (cost=0.00..1629.00 rows=100000 width=16) (actual rows=100000 loops=1)
              Buffers: shared hit=629
        ->  Hash  (cost=2131.25..2131.25 rows=100 width=40) (actual rows=100 loops=1)
              Buckets: 1024  Batches: 1  Memory Usage: 14kB
              Buffers: shared hit=629
              ->  HashAggregate  (cost=2129.00..2130.25 rows=100 width=40) (actual rows=100 loops=1)
                    Group Key: t_events_0.event_type
                    Batches: 1  Memory Usage: 32kB
                    Buffers: shared hit=629
                    ->  Seq Scan on events t_events_0  (cost=0.00..1629.00 rows=100000 width=12) (actual rows=100000 loops=1)
                          Buffers: shared hit=629
Planning Time: 0.243 ms
Execution Time: 75.612 ms",78.82,4258.46,4995,"HashAggregate  (cost=4196.03..4258.46 rows=1665 width=4) (actual rows=4995 loops=1)
  Group Key: e.business_id
  Filter: (1 < count(e.event_type))
  Batches: 1  Memory Usage: 721kB
  Rows Removed by Filter: 4
  Buffers: shared hit=1258
  ->  Hash Join  (cost=2132.50..4029.37 rows=33333 width=12) (actual rows=50101 loops=1)
        Hash Cond: ((e.event_type)::text = (t_events_0.event_type)::text)
        Join Filter: ((avg(t_events_0.occurences)) < (e.occurences)::numeric)
        Rows Removed by Join Filter: 49899
        Buffers: shared hit=1258
        ->  Seq Scan on events e  (cost=0.00..1629.00 rows=100000 width=16) (actual rows=100000 loops=1)
              Buffers: shared hit=629
        ->  Hash  (cost=2131.25..2131.25 rows=100 width=40) (actual rows=100 loops=1)
              Buckets: 1024  Batches: 1  Memory Usage: 14kB
              Buffers: shared hit=629
              ->  HashAggregate  (cost=2129.00..2130.25 rows=100 width=40) (actual rows=100 loops=1)
                    Group Key: t_events_0.event_type
                    Batches: 1  Memory Usage: 32kB
                    Buffers: shared hit=629
                    ->  Seq Scan on events t_events_0  (cost=0.00..1629.00 rows=100000 width=12) (actual rows=100000 loops=1)
                          Buffers: shared hit=629
Planning Time: 0.279 ms
Execution Time: 78.820 ms",78.155,4258.46,4995,"HashAggregate  (cost=4196.03..4258.46 rows=1665 width=4) (actual rows=4995 loops=1)
  Group Key: e.business_id
  Filter: (1 < count(e.event_type))
  Batches: 1  Memory Usage: 721kB
  Rows Removed by Filter: 4
  Buffers: shared hit=1258
  ->  Hash Join  (cost=2132.50..4029.37 rows=33333 width=12) (actual rows=50101 loops=1)
        Hash Cond: ((e.event_type)::text = (t_events_0.event_type)::text)
        Join Filter: ((avg(t_events_0.occurences)) < (e.occurences)::numeric)
        Rows Removed by Join Filter: 49899
        Buffers: shared hit=1258
        ->  Seq Scan on events e  (cost=0.00..1629.00 rows=100000 width=16) (actual rows=100000 loops=1)
              Buffers: shared hit=629
        ->  Hash  (cost=2131.25..2131.25 rows=100 width=40) (actual rows=100 loops=1)
              Buckets: 1024  Batches: 1  Memory Usage: 14kB
              Buffers: shared hit=629
              ->  HashAggregate  (cost=2129.00..2130.25 rows=100 width=40) (actual rows=100 loops=1)
                    Group Key: t_events_0.event_type
                    Batches: 1  Memory Usage: 32kB
                    Buffers: shared hit=629
                    ->  Seq Scan on events t_events_0  (cost=0.00..1629.00 rows=100000 width=12) (actual rows=100000 loops=1)
                          Buffers: shared hit=629
Planning Time: 0.265 ms
Execution Time: 78.155 ms",76.9522,77.951,78.4875,79.086,4258.46,4258.46,4995,4995,4995,4995,1126_243,669,1126,243,Medium,"select distinct e.business_id from schema_1126.events as e left outer join (select event_type, avg(occurences) as avg_occ from schema_1126.events group by event_type) as x on e.event_type = x.event_type where e.occurences > x.avg_occ group by 1 having count(distinct e.event_type) > 1",120.556,6850.04,4995,"Unique  (cost=6533.46..6850.04 rows=1665 width=4) (actual rows=4995 loops=1)
  Buffers: shared hit=1258
  ->  GroupAggregate  (cost=6533.46..6845.88 rows=1665 width=4) (actual rows=4995 loops=1)
        Group Key: e.business_id
        Filter: (count(DISTINCT e.event_type) > 1)
        Rows Removed by Filter: 4
        Buffers: shared hit=1258
        ->  Sort  (cost=6533.46..6616.79 rows=33333 width=12) (actual rows=50101 loops=1)
              Sort Key: e.business_id
              Sort Method: quicksort  Memory: 3714kB
              Buffers: shared hit=1258
              ->  Hash Join  (cost=2132.50..4029.37 rows=33333 width=12) (actual rows=50101 loops=1)
                    Hash Cond: ((e.event_type)::text = (events.event_type)::text)
                    Join Filter: ((e.occurences)::numeric > (avg(events.occurences)))
                    Rows Removed by Join Filter: 49899
                    Buffers: shared hit=1258
                    ->  Seq Scan on events e  (cost=0.00..1629.00 rows=100000 width=16) (actual rows=100000 loops=1)
                          Buffers: shared hit=629
                    ->  Hash  (cost=2131.25..2131.25 rows=100 width=40) (actual rows=100 loops=1)
                          Buckets: 1024  Batches: 1  Memory Usage: 14kB
                          Buffers: shared hit=629
                          ->  HashAggregate  (cost=2129.00..2130.25 rows=100 width=40) (actual rows=100 loops=1)
                                Group Key: events.event_type
                                Batches: 1  Memory Usage: 32kB
                                Buffers: shared hit=629
                                ->  Seq Scan on events  (cost=0.00..1629.00 rows=100000 width=12) (actual rows=100000 loops=1)
                                      Buffers: shared hit=629
Planning Time: 0.174 ms
Execution Time: 120.556 ms",129.369,6850.04,4995,"Unique  (cost=6533.46..6850.04 rows=1665 width=4) (actual rows=4995 loops=1)
  Buffers: shared hit=1258
  ->  GroupAggregate  (cost=6533.46..6845.88 rows=1665 width=4) (actual rows=4995 loops=1)
        Group Key: e.business_id
        Filter: (count(DISTINCT e.event_type) > 1)
        Rows Removed by Filter: 4
        Buffers: shared hit=1258
        ->  Sort  (cost=6533.46..6616.79 rows=33333 width=12) (actual rows=50101 loops=1)
              Sort Key: e.business_id
              Sort Method: quicksort  Memory: 3714kB
              Buffers: shared hit=1258
              ->  Hash Join  (cost=2132.50..4029.37 rows=33333 width=12) (actual rows=50101 loops=1)
                    Hash Cond: ((e.event_type)::text = (events.event_type)::text)
                    Join Filter: ((e.occurences)::numeric > (avg(events.occurences)))
                    Rows Removed by Join Filter: 49899
                    Buffers: shared hit=1258
                    ->  Seq Scan on events e  (cost=0.00..1629.00 rows=100000 width=16) (actual rows=100000 loops=1)
                          Buffers: shared hit=629
                    ->  Hash  (cost=2131.25..2131.25 rows=100 width=40) (actual rows=100 loops=1)
                          Buckets: 1024  Batches: 1  Memory Usage: 14kB
                          Buffers: shared hit=629
                          ->  HashAggregate  (cost=2129.00..2130.25 rows=100 width=40) (actual rows=100 loops=1)
                                Group Key: events.event_type
                                Batches: 1  Memory Usage: 32kB
                                Buffers: shared hit=629
                                ->  Seq Scan on events  (cost=0.00..1629.00 rows=100000 width=12) (actual rows=100000 loops=1)
                                      Buffers: shared hit=629
Planning Time: 0.268 ms
Execution Time: 129.369 ms",124.674,6850.04,4995,"Unique  (cost=6533.46..6850.04 rows=1665 width=4) (actual rows=4995 loops=1)
  Buffers: shared hit=1258
  ->  GroupAggregate  (cost=6533.46..6845.88 rows=1665 width=4) (actual rows=4995 loops=1)
        Group Key: e.business_id
        Filter: (count(DISTINCT e.event_type) > 1)
        Rows Removed by Filter: 4
        Buffers: shared hit=1258
        ->  Sort  (cost=6533.46..6616.79 rows=33333 width=12) (actual rows=50101 loops=1)
              Sort Key: e.business_id
              Sort Method: quicksort  Memory: 3714kB
              Buffers: shared hit=1258
              ->  Hash Join  (cost=2132.50..4029.37 rows=33333 width=12) (actual rows=50101 loops=1)
                    Hash Cond: ((e.event_type)::text = (events.event_type)::text)
                    Join Filter: ((e.occurences)::numeric > (avg(events.occurences)))
                    Rows Removed by Join Filter: 49899
                    Buffers: shared hit=1258
                    ->  Seq Scan on events e  (cost=0.00..1629.00 rows=100000 width=16) (actual rows=100000 loops=1)
                          Buffers: shared hit=629
                    ->  Hash  (cost=2131.25..2131.25 rows=100 width=40) (actual rows=100 loops=1)
                          Buckets: 1024  Batches: 1  Memory Usage: 14kB
                          Buffers: shared hit=629
                          ->  HashAggregate  (cost=2129.00..2130.25 rows=100 width=40) (actual rows=100 loops=1)
                                Group Key: events.event_type
                                Batches: 1  Memory Usage: 32kB
                                Buffers: shared hit=629
                                ->  Seq Scan on events  (cost=0.00..1629.00 rows=100000 width=12) (actual rows=100000 loops=1)
                                      Buffers: shared hit=629
Planning Time: 0.286 ms
Execution Time: 124.674 ms",124.433,6850.04,4995,"Unique  (cost=6533.46..6850.04 rows=1665 width=4) (actual rows=4995 loops=1)
  Buffers: shared hit=1258
  ->  GroupAggregate  (cost=6533.46..6845.88 rows=1665 width=4) (actual rows=4995 loops=1)
        Group Key: e.business_id
        Filter: (count(DISTINCT e.event_type) > 1)
        Rows Removed by Filter: 4
        Buffers: shared hit=1258
        ->  Sort  (cost=6533.46..6616.79 rows=33333 width=12) (actual rows=50101 loops=1)
              Sort Key: e.business_id
              Sort Method: quicksort  Memory: 3714kB
              Buffers: shared hit=1258
              ->  Hash Join  (cost=2132.50..4029.37 rows=33333 width=12) (actual rows=50101 loops=1)
                    Hash Cond: ((e.event_type)::text = (events.event_type)::text)
                    Join Filter: ((e.occurences)::numeric > (avg(events.occurences)))
                    Rows Removed by Join Filter: 49899
                    Buffers: shared hit=1258
                    ->  Seq Scan on events e  (cost=0.00..1629.00 rows=100000 width=16) (actual rows=100000 loops=1)
                          Buffers: shared hit=629
                    ->  Hash  (cost=2131.25..2131.25 rows=100 width=40) (actual rows=100 loops=1)
                          Buckets: 1024  Batches: 1  Memory Usage: 14kB
                          Buffers: shared hit=629
                          ->  HashAggregate  (cost=2129.00..2130.25 rows=100 width=40) (actual rows=100 loops=1)
                                Group Key: events.event_type
                                Batches: 1  Memory Usage: 32kB
                                Buffers: shared hit=629
                                ->  Seq Scan on events  (cost=0.00..1629.00 rows=100000 width=12) (actual rows=100000 loops=1)
                                      Buffers: shared hit=629
Planning Time: 0.269 ms
Execution Time: 124.433 ms",131.976,6850.04,4995,"Unique  (cost=6533.46..6850.04 rows=1665 width=4) (actual rows=4995 loops=1)
  Buffers: shared hit=1258
  ->  GroupAggregate  (cost=6533.46..6845.88 rows=1665 width=4) (actual rows=4995 loops=1)
        Group Key: e.business_id
        Filter: (count(DISTINCT e.event_type) > 1)
        Rows Removed by Filter: 4
        Buffers: shared hit=1258
        ->  Sort  (cost=6533.46..6616.79 rows=33333 width=12) (actual rows=50101 loops=1)
              Sort Key: e.business_id
              Sort Method: quicksort  Memory: 3714kB
              Buffers: shared hit=1258
              ->  Hash Join  (cost=2132.50..4029.37 rows=33333 width=12) (actual rows=50101 loops=1)
                    Hash Cond: ((e.event_type)::text = (events.event_type)::text)
                    Join Filter: ((e.occurences)::numeric > (avg(events.occurences)))
                    Rows Removed by Join Filter: 49899
                    Buffers: shared hit=1258
                    ->  Seq Scan on events e  (cost=0.00..1629.00 rows=100000 width=16) (actual rows=100000 loops=1)
                          Buffers: shared hit=629
                    ->  Hash  (cost=2131.25..2131.25 rows=100 width=40) (actual rows=100 loops=1)
                          Buckets: 1024  Batches: 1  Memory Usage: 14kB
                          Buffers: shared hit=629
                          ->  HashAggregate  (cost=2129.00..2130.25 rows=100 width=40) (actual rows=100 loops=1)
                                Group Key: events.event_type
                                Batches: 1  Memory Usage: 32kB
                                Buffers: shared hit=629
                                ->  Seq Scan on events  (cost=0.00..1629.00 rows=100000 width=12) (actual rows=100000 loops=1)
                                      Buffers: shared hit=629
Planning Time: 0.297 ms
Execution Time: 131.976 ms",126.2016,124.674,130.6725,133.0188,6850.04,6850.04,4995,4995,4995,4995,normal,normal,20.177606299999994,3.7944186999999956,equal variances,significant,0.003968253968253968,-49.249399999999994,-46.72300000000001,-2591.58,0,True
670,1126,248,Medium,"select e.business_id as business_id from (select t_events_0.event_type as c_event_type0, avg(t_events_0.occurences) as c_avg0 from schema_1126.events as t_events_0 group by t_events_0.event_type) as t inner join schema_1126.events as e on t.c_event_type0 = e.event_type where t.c_avg0 < e.occurences group by e.business_id having 1 < count(t.c_event_type0)",79.259,4258.46,4995,"HashAggregate  (cost=4196.03..4258.46 rows=1665 width=4) (actual rows=4995 loops=1)
  Group Key: e.business_id
  Filter: (1 < count(t_events_0.event_type))
  Batches: 1  Memory Usage: 721kB
  Rows Removed by Filter: 4
  Buffers: shared hit=1258
  ->  Hash Join  (cost=2132.50..4029.37 rows=33333 width=12) (actual rows=50101 loops=1)
        Hash Cond: ((e.event_type)::text = (t_events_0.event_type)::text)
        Join Filter: ((avg(t_events_0.occurences)) < (e.occurences)::numeric)
        Rows Removed by Join Filter: 49899
        Buffers: shared hit=1258
        ->  Seq Scan on events e  (cost=0.00..1629.00 rows=100000 width=16) (actual rows=100000 loops=1)
              Buffers: shared hit=629
        ->  Hash  (cost=2131.25..2131.25 rows=100 width=40) (actual rows=100 loops=1)
              Buckets: 1024  Batches: 1  Memory Usage: 14kB
              Buffers: shared hit=629
              ->  HashAggregate  (cost=2129.00..2130.25 rows=100 width=40) (actual rows=100 loops=1)
                    Group Key: t_events_0.event_type
                    Batches: 1  Memory Usage: 32kB
                    Buffers: shared hit=629
                    ->  Seq Scan on events t_events_0  (cost=0.00..1629.00 rows=100000 width=12) (actual rows=100000 loops=1)
                          Buffers: shared hit=629
Planning Time: 0.200 ms
Execution Time: 79.259 ms",78.658,4258.46,4995,"HashAggregate  (cost=4196.03..4258.46 rows=1665 width=4) (actual rows=4995 loops=1)
  Group Key: e.business_id
  Filter: (1 < count(t_events_0.event_type))
  Batches: 1  Memory Usage: 721kB
  Rows Removed by Filter: 4
  Buffers: shared hit=1258
  ->  Hash Join  (cost=2132.50..4029.37 rows=33333 width=12) (actual rows=50101 loops=1)
        Hash Cond: ((e.event_type)::text = (t_events_0.event_type)::text)
        Join Filter: ((avg(t_events_0.occurences)) < (e.occurences)::numeric)
        Rows Removed by Join Filter: 49899
        Buffers: shared hit=1258
        ->  Seq Scan on events e  (cost=0.00..1629.00 rows=100000 width=16) (actual rows=100000 loops=1)
              Buffers: shared hit=629
        ->  Hash  (cost=2131.25..2131.25 rows=100 width=40) (actual rows=100 loops=1)
              Buckets: 1024  Batches: 1  Memory Usage: 14kB
              Buffers: shared hit=629
              ->  HashAggregate  (cost=2129.00..2130.25 rows=100 width=40) (actual rows=100 loops=1)
                    Group Key: t_events_0.event_type
                    Batches: 1  Memory Usage: 32kB
                    Buffers: shared hit=629
                    ->  Seq Scan on events t_events_0  (cost=0.00..1629.00 rows=100000 width=12) (actual rows=100000 loops=1)
                          Buffers: shared hit=629
Planning Time: 0.219 ms
Execution Time: 78.658 ms",89.811,4258.46,4995,"HashAggregate  (cost=4196.03..4258.46 rows=1665 width=4) (actual rows=4995 loops=1)
  Group Key: e.business_id
  Filter: (1 < count(t_events_0.event_type))
  Batches: 1  Memory Usage: 721kB
  Rows Removed by Filter: 4
  Buffers: shared hit=1258
  ->  Hash Join  (cost=2132.50..4029.37 rows=33333 width=12) (actual rows=50101 loops=1)
        Hash Cond: ((e.event_type)::text = (t_events_0.event_type)::text)
        Join Filter: ((avg(t_events_0.occurences)) < (e.occurences)::numeric)
        Rows Removed by Join Filter: 49899
        Buffers: shared hit=1258
        ->  Seq Scan on events e  (cost=0.00..1629.00 rows=100000 width=16) (actual rows=100000 loops=1)
              Buffers: shared hit=629
        ->  Hash  (cost=2131.25..2131.25 rows=100 width=40) (actual rows=100 loops=1)
              Buckets: 1024  Batches: 1  Memory Usage: 14kB
              Buffers: shared hit=629
              ->  HashAggregate  (cost=2129.00..2130.25 rows=100 width=40) (actual rows=100 loops=1)
                    Group Key: t_events_0.event_type
                    Batches: 1  Memory Usage: 32kB
                    Buffers: shared hit=629
                    ->  Seq Scan on events t_events_0  (cost=0.00..1629.00 rows=100000 width=12) (actual rows=100000 loops=1)
                          Buffers: shared hit=629
Planning Time: 0.201 ms
Execution Time: 89.811 ms",75.656,4258.46,4995,"HashAggregate  (cost=4196.03..4258.46 rows=1665 width=4) (actual rows=4995 loops=1)
  Group Key: e.business_id
  Filter: (1 < count(t_events_0.event_type))
  Batches: 1  Memory Usage: 721kB
  Rows Removed by Filter: 4
  Buffers: shared hit=1258
  ->  Hash Join  (cost=2132.50..4029.37 rows=33333 width=12) (actual rows=50101 loops=1)
        Hash Cond: ((e.event_type)::text = (t_events_0.event_type)::text)
        Join Filter: ((avg(t_events_0.occurences)) < (e.occurences)::numeric)
        Rows Removed by Join Filter: 49899
        Buffers: shared hit=1258
        ->  Seq Scan on events e  (cost=0.00..1629.00 rows=100000 width=16) (actual rows=100000 loops=1)
              Buffers: shared hit=629
        ->  Hash  (cost=2131.25..2131.25 rows=100 width=40) (actual rows=100 loops=1)
              Buckets: 1024  Batches: 1  Memory Usage: 14kB
              Buffers: shared hit=629
              ->  HashAggregate  (cost=2129.00..2130.25 rows=100 width=40) (actual rows=100 loops=1)
                    Group Key: t_events_0.event_type
                    Batches: 1  Memory Usage: 32kB
                    Buffers: shared hit=629
                    ->  Seq Scan on events t_events_0  (cost=0.00..1629.00 rows=100000 width=12) (actual rows=100000 loops=1)
                          Buffers: shared hit=629
Planning Time: 0.129 ms
Execution Time: 75.656 ms",75.521,4258.46,4995,"HashAggregate  (cost=4196.03..4258.46 rows=1665 width=4) (actual rows=4995 loops=1)
  Group Key: e.business_id
  Filter: (1 < count(t_events_0.event_type))
  Batches: 1  Memory Usage: 721kB
  Rows Removed by Filter: 4
  Buffers: shared hit=1258
  ->  Hash Join  (cost=2132.50..4029.37 rows=33333 width=12) (actual rows=50101 loops=1)
        Hash Cond: ((e.event_type)::text = (t_events_0.event_type)::text)
        Join Filter: ((avg(t_events_0.occurences)) < (e.occurences)::numeric)
        Rows Removed by Join Filter: 49899
        Buffers: shared hit=1258
        ->  Seq Scan on events e  (cost=0.00..1629.00 rows=100000 width=16) (actual rows=100000 loops=1)
              Buffers: shared hit=629
        ->  Hash  (cost=2131.25..2131.25 rows=100 width=40) (actual rows=100 loops=1)
              Buckets: 1024  Batches: 1  Memory Usage: 14kB
              Buffers: shared hit=629
              ->  HashAggregate  (cost=2129.00..2130.25 rows=100 width=40) (actual rows=100 loops=1)
                    Group Key: t_events_0.event_type
                    Batches: 1  Memory Usage: 32kB
                    Buffers: shared hit=629
                    ->  Seq Scan on events t_events_0  (cost=0.00..1629.00 rows=100000 width=12) (actual rows=100000 loops=1)
                          Buffers: shared hit=629
Planning Time: 0.224 ms
Execution Time: 75.521 ms",79.781,78.658,84.535,94.0318,4258.46,4258.46,4995,4995,4995,4995,1126_248,670,1126,248,Medium,"select e.business_id from (select event_type, avg(occurences) as avg_occu from schema_1126.events group by 1) as t join schema_1126.events as e on t.event_type = e.event_type where e.occurences > t.avg_occu group by 1 having count(distinct t.event_type) > 1",122.985,6845.88,4995,"GroupAggregate  (cost=6533.46..6845.88 rows=1665 width=4) (actual rows=4995 loops=1)
  Group Key: e.business_id
  Filter: (count(DISTINCT events.event_type) > 1)
  Rows Removed by Filter: 4
  Buffers: shared hit=1258
  ->  Sort  (cost=6533.46..6616.79 rows=33333 width=12) (actual rows=50101 loops=1)
        Sort Key: e.business_id
        Sort Method: quicksort  Memory: 3714kB
        Buffers: shared hit=1258
        ->  Hash Join  (cost=2132.50..4029.37 rows=33333 width=12) (actual rows=50101 loops=1)
              Hash Cond: ((e.event_type)::text = (events.event_type)::text)
              Join Filter: ((e.occurences)::numeric > (avg(events.occurences)))
              Rows Removed by Join Filter: 49899
              Buffers: shared hit=1258
              ->  Seq Scan on events e  (cost=0.00..1629.00 rows=100000 width=16) (actual rows=100000 loops=1)
                    Buffers: shared hit=629
              ->  Hash  (cost=2131.25..2131.25 rows=100 width=40) (actual rows=100 loops=1)
                    Buckets: 1024  Batches: 1  Memory Usage: 14kB
                    Buffers: shared hit=629
                    ->  HashAggregate  (cost=2129.00..2130.25 rows=100 width=40) (actual rows=100 loops=1)
                          Group Key: events.event_type
                          Batches: 1  Memory Usage: 32kB
                          Buffers: shared hit=629
                          ->  Seq Scan on events  (cost=0.00..1629.00 rows=100000 width=12) (actual rows=100000 loops=1)
                                Buffers: shared hit=629
Planning Time: 0.195 ms
Execution Time: 122.985 ms",125.109,6845.88,4995,"GroupAggregate  (cost=6533.46..6845.88 rows=1665 width=4) (actual rows=4995 loops=1)
  Group Key: e.business_id
  Filter: (count(DISTINCT events.event_type) > 1)
  Rows Removed by Filter: 4
  Buffers: shared hit=1258
  ->  Sort  (cost=6533.46..6616.79 rows=33333 width=12) (actual rows=50101 loops=1)
        Sort Key: e.business_id
        Sort Method: quicksort  Memory: 3714kB
        Buffers: shared hit=1258
        ->  Hash Join  (cost=2132.50..4029.37 rows=33333 width=12) (actual rows=50101 loops=1)
              Hash Cond: ((e.event_type)::text = (events.event_type)::text)
              Join Filter: ((e.occurences)::numeric > (avg(events.occurences)))
              Rows Removed by Join Filter: 49899
              Buffers: shared hit=1258
              ->  Seq Scan on events e  (cost=0.00..1629.00 rows=100000 width=16) (actual rows=100000 loops=1)
                    Buffers: shared hit=629
              ->  Hash  (cost=2131.25..2131.25 rows=100 width=40) (actual rows=100 loops=1)
                    Buckets: 1024  Batches: 1  Memory Usage: 14kB
                    Buffers: shared hit=629
                    ->  HashAggregate  (cost=2129.00..2130.25 rows=100 width=40) (actual rows=100 loops=1)
                          Group Key: events.event_type
                          Batches: 1  Memory Usage: 32kB
                          Buffers: shared hit=629
                          ->  Seq Scan on events  (cost=0.00..1629.00 rows=100000 width=12) (actual rows=100000 loops=1)
                                Buffers: shared hit=629
Planning Time: 0.197 ms
Execution Time: 125.109 ms",125.072,6845.88,4995,"GroupAggregate  (cost=6533.46..6845.88 rows=1665 width=4) (actual rows=4995 loops=1)
  Group Key: e.business_id
  Filter: (count(DISTINCT events.event_type) > 1)
  Rows Removed by Filter: 4
  Buffers: shared hit=1258
  ->  Sort  (cost=6533.46..6616.79 rows=33333 width=12) (actual rows=50101 loops=1)
        Sort Key: e.business_id
        Sort Method: quicksort  Memory: 3714kB
        Buffers: shared hit=1258
        ->  Hash Join  (cost=2132.50..4029.37 rows=33333 width=12) (actual rows=50101 loops=1)
              Hash Cond: ((e.event_type)::text = (events.event_type)::text)
              Join Filter: ((e.occurences)::numeric > (avg(events.occurences)))
              Rows Removed by Join Filter: 49899
              Buffers: shared hit=1258
              ->  Seq Scan on events e  (cost=0.00..1629.00 rows=100000 width=16) (actual rows=100000 loops=1)
                    Buffers: shared hit=629
              ->  Hash  (cost=2131.25..2131.25 rows=100 width=40) (actual rows=100 loops=1)
                    Buckets: 1024  Batches: 1  Memory Usage: 14kB
                    Buffers: shared hit=629
                    ->  HashAggregate  (cost=2129.00..2130.25 rows=100 width=40) (actual rows=100 loops=1)
                          Group Key: events.event_type
                          Batches: 1  Memory Usage: 32kB
                          Buffers: shared hit=629
                          ->  Seq Scan on events  (cost=0.00..1629.00 rows=100000 width=12) (actual rows=100000 loops=1)
                                Buffers: shared hit=629
Planning Time: 0.193 ms
Execution Time: 125.072 ms",126.739,6845.88,4995,"GroupAggregate  (cost=6533.46..6845.88 rows=1665 width=4) (actual rows=4995 loops=1)
  Group Key: e.business_id
  Filter: (count(DISTINCT events.event_type) > 1)
  Rows Removed by Filter: 4
  Buffers: shared hit=1258
  ->  Sort  (cost=6533.46..6616.79 rows=33333 width=12) (actual rows=50101 loops=1)
        Sort Key: e.business_id
        Sort Method: quicksort  Memory: 3714kB
        Buffers: shared hit=1258
        ->  Hash Join  (cost=2132.50..4029.37 rows=33333 width=12) (actual rows=50101 loops=1)
              Hash Cond: ((e.event_type)::text = (events.event_type)::text)
              Join Filter: ((e.occurences)::numeric > (avg(events.occurences)))
              Rows Removed by Join Filter: 49899
              Buffers: shared hit=1258
              ->  Seq Scan on events e  (cost=0.00..1629.00 rows=100000 width=16) (actual rows=100000 loops=1)
                    Buffers: shared hit=629
              ->  Hash  (cost=2131.25..2131.25 rows=100 width=40) (actual rows=100 loops=1)
                    Buckets: 1024  Batches: 1  Memory Usage: 14kB
                    Buffers: shared hit=629
                    ->  HashAggregate  (cost=2129.00..2130.25 rows=100 width=40) (actual rows=100 loops=1)
                          Group Key: events.event_type
                          Batches: 1  Memory Usage: 32kB
                          Buffers: shared hit=629
                          ->  Seq Scan on events  (cost=0.00..1629.00 rows=100000 width=12) (actual rows=100000 loops=1)
                                Buffers: shared hit=629
Planning Time: 0.209 ms
Execution Time: 126.739 ms",126.936,6845.88,4995,"GroupAggregate  (cost=6533.46..6845.88 rows=1665 width=4) (actual rows=4995 loops=1)
  Group Key: e.business_id
  Filter: (count(DISTINCT events.event_type) > 1)
  Rows Removed by Filter: 4
  Buffers: shared hit=1258
  ->  Sort  (cost=6533.46..6616.79 rows=33333 width=12) (actual rows=50101 loops=1)
        Sort Key: e.business_id
        Sort Method: quicksort  Memory: 3714kB
        Buffers: shared hit=1258
        ->  Hash Join  (cost=2132.50..4029.37 rows=33333 width=12) (actual rows=50101 loops=1)
              Hash Cond: ((e.event_type)::text = (events.event_type)::text)
              Join Filter: ((e.occurences)::numeric > (avg(events.occurences)))
              Rows Removed by Join Filter: 49899
              Buffers: shared hit=1258
              ->  Seq Scan on events e  (cost=0.00..1629.00 rows=100000 width=16) (actual rows=100000 loops=1)
                    Buffers: shared hit=629
              ->  Hash  (cost=2131.25..2131.25 rows=100 width=40) (actual rows=100 loops=1)
                    Buckets: 1024  Batches: 1  Memory Usage: 14kB
                    Buffers: shared hit=629
                    ->  HashAggregate  (cost=2129.00..2130.25 rows=100 width=40) (actual rows=100 loops=1)
                          Group Key: events.event_type
                          Batches: 1  Memory Usage: 32kB
                          Buffers: shared hit=629
                          ->  Seq Scan on events  (cost=0.00..1629.00 rows=100000 width=12) (actual rows=100000 loops=1)
                                Buffers: shared hit=629
Planning Time: 0.187 ms
Execution Time: 126.936 ms",125.3682,125.109,126.8375,127.0148,6845.88,6845.88,4995,4995,4995,4995,normal,normal,2.5429127000000094,34.324434500000024,equal variances,significant,0.003968253968253968,-45.587199999999996,-46.45099999999999,-2587.42,0,True
671,1126,251,Medium,"select e.business_id as business_id from (select t_events_0.event_type as c_event_type0, avg(t_events_0.occurences) as c_avg0 from schema_1126.events as t_events_0 group by t_events_0.event_type) as a inner join schema_1126.events as e on e.event_type = a.c_event_type0 where a.c_avg0 < e.occurences group by e.business_id having 2 <= count(e.event_type)",76.131,4258.46,4995,"HashAggregate  (cost=4196.03..4258.46 rows=1665 width=4) (actual rows=4995 loops=1)
  Group Key: e.business_id
  Filter: (2 <= count(e.event_type))
  Batches: 1  Memory Usage: 721kB
  Rows Removed by Filter: 4
  Buffers: shared hit=1258
  ->  Hash Join  (cost=2132.50..4029.37 rows=33333 width=12) (actual rows=50101 loops=1)
        Hash Cond: ((e.event_type)::text = (t_events_0.event_type)::text)
        Join Filter: ((avg(t_events_0.occurences)) < (e.occurences)::numeric)
        Rows Removed by Join Filter: 49899
        Buffers: shared hit=1258
        ->  Seq Scan on events e  (cost=0.00..1629.00 rows=100000 width=16) (actual rows=100000 loops=1)
              Buffers: shared hit=629
        ->  Hash  (cost=2131.25..2131.25 rows=100 width=40) (actual rows=100 loops=1)
              Buckets: 1024  Batches: 1  Memory Usage: 14kB
              Buffers: shared hit=629
              ->  HashAggregate  (cost=2129.00..2130.25 rows=100 width=40) (actual rows=100 loops=1)
                    Group Key: t_events_0.event_type
                    Batches: 1  Memory Usage: 32kB
                    Buffers: shared hit=629
                    ->  Seq Scan on events t_events_0  (cost=0.00..1629.00 rows=100000 width=12) (actual rows=100000 loops=1)
                          Buffers: shared hit=629
Planning Time: 0.197 ms
Execution Time: 76.131 ms",79.233,4258.46,4995,"HashAggregate  (cost=4196.03..4258.46 rows=1665 width=4) (actual rows=4995 loops=1)
  Group Key: e.business_id
  Filter: (2 <= count(e.event_type))
  Batches: 1  Memory Usage: 721kB
  Rows Removed by Filter: 4
  Buffers: shared hit=1258
  ->  Hash Join  (cost=2132.50..4029.37 rows=33333 width=12) (actual rows=50101 loops=1)
        Hash Cond: ((e.event_type)::text = (t_events_0.event_type)::text)
        Join Filter: ((avg(t_events_0.occurences)) < (e.occurences)::numeric)
        Rows Removed by Join Filter: 49899
        Buffers: shared hit=1258
        ->  Seq Scan on events e  (cost=0.00..1629.00 rows=100000 width=16) (actual rows=100000 loops=1)
              Buffers: shared hit=629
        ->  Hash  (cost=2131.25..2131.25 rows=100 width=40) (actual rows=100 loops=1)
              Buckets: 1024  Batches: 1  Memory Usage: 14kB
              Buffers: shared hit=629
              ->  HashAggregate  (cost=2129.00..2130.25 rows=100 width=40) (actual rows=100 loops=1)
                    Group Key: t_events_0.event_type
                    Batches: 1  Memory Usage: 32kB
                    Buffers: shared hit=629
                    ->  Seq Scan on events t_events_0  (cost=0.00..1629.00 rows=100000 width=12) (actual rows=100000 loops=1)
                          Buffers: shared hit=629
Planning Time: 0.298 ms
Execution Time: 79.233 ms",76.428,4258.46,4995,"HashAggregate  (cost=4196.03..4258.46 rows=1665 width=4) (actual rows=4995 loops=1)
  Group Key: e.business_id
  Filter: (2 <= count(e.event_type))
  Batches: 1  Memory Usage: 721kB
  Rows Removed by Filter: 4
  Buffers: shared hit=1258
  ->  Hash Join  (cost=2132.50..4029.37 rows=33333 width=12) (actual rows=50101 loops=1)
        Hash Cond: ((e.event_type)::text = (t_events_0.event_type)::text)
        Join Filter: ((avg(t_events_0.occurences)) < (e.occurences)::numeric)
        Rows Removed by Join Filter: 49899
        Buffers: shared hit=1258
        ->  Seq Scan on events e  (cost=0.00..1629.00 rows=100000 width=16) (actual rows=100000 loops=1)
              Buffers: shared hit=629
        ->  Hash  (cost=2131.25..2131.25 rows=100 width=40) (actual rows=100 loops=1)
              Buckets: 1024  Batches: 1  Memory Usage: 14kB
              Buffers: shared hit=629
              ->  HashAggregate  (cost=2129.00..2130.25 rows=100 width=40) (actual rows=100 loops=1)
                    Group Key: t_events_0.event_type
                    Batches: 1  Memory Usage: 32kB
                    Buffers: shared hit=629
                    ->  Seq Scan on events t_events_0  (cost=0.00..1629.00 rows=100000 width=12) (actual rows=100000 loops=1)
                          Buffers: shared hit=629
Planning Time: 0.300 ms
Execution Time: 76.428 ms",77.32,4258.46,4995,"HashAggregate  (cost=4196.03..4258.46 rows=1665 width=4) (actual rows=4995 loops=1)
  Group Key: e.business_id
  Filter: (2 <= count(e.event_type))
  Batches: 1  Memory Usage: 721kB
  Rows Removed by Filter: 4
  Buffers: shared hit=1258
  ->  Hash Join  (cost=2132.50..4029.37 rows=33333 width=12) (actual rows=50101 loops=1)
        Hash Cond: ((e.event_type)::text = (t_events_0.event_type)::text)
        Join Filter: ((avg(t_events_0.occurences)) < (e.occurences)::numeric)
        Rows Removed by Join Filter: 49899
        Buffers: shared hit=1258
        ->  Seq Scan on events e  (cost=0.00..1629.00 rows=100000 width=16) (actual rows=100000 loops=1)
              Buffers: shared hit=629
        ->  Hash  (cost=2131.25..2131.25 rows=100 width=40) (actual rows=100 loops=1)
              Buckets: 1024  Batches: 1  Memory Usage: 14kB
              Buffers: shared hit=629
              ->  HashAggregate  (cost=2129.00..2130.25 rows=100 width=40) (actual rows=100 loops=1)
                    Group Key: t_events_0.event_type
                    Batches: 1  Memory Usage: 32kB
                    Buffers: shared hit=629
                    ->  Seq Scan on events t_events_0  (cost=0.00..1629.00 rows=100000 width=12) (actual rows=100000 loops=1)
                          Buffers: shared hit=629
Planning Time: 0.263 ms
Execution Time: 77.320 ms",81.825,4258.46,4995,"HashAggregate  (cost=4196.03..4258.46 rows=1665 width=4) (actual rows=4995 loops=1)
  Group Key: e.business_id
  Filter: (2 <= count(e.event_type))
  Batches: 1  Memory Usage: 721kB
  Rows Removed by Filter: 4
  Buffers: shared hit=1258
  ->  Hash Join  (cost=2132.50..4029.37 rows=33333 width=12) (actual rows=50101 loops=1)
        Hash Cond: ((e.event_type)::text = (t_events_0.event_type)::text)
        Join Filter: ((avg(t_events_0.occurences)) < (e.occurences)::numeric)
        Rows Removed by Join Filter: 49899
        Buffers: shared hit=1258
        ->  Seq Scan on events e  (cost=0.00..1629.00 rows=100000 width=16) (actual rows=100000 loops=1)
              Buffers: shared hit=629
        ->  Hash  (cost=2131.25..2131.25 rows=100 width=40) (actual rows=100 loops=1)
              Buckets: 1024  Batches: 1  Memory Usage: 14kB
              Buffers: shared hit=629
              ->  HashAggregate  (cost=2129.00..2130.25 rows=100 width=40) (actual rows=100 loops=1)
                    Group Key: t_events_0.event_type
                    Batches: 1  Memory Usage: 32kB
                    Buffers: shared hit=629
                    ->  Seq Scan on events t_events_0  (cost=0.00..1629.00 rows=100000 width=12) (actual rows=100000 loops=1)
                          Buffers: shared hit=629
Planning Time: 0.194 ms
Execution Time: 81.825 ms",78.1874,77.32,80.529,82.8618,4258.46,4258.46,4995,4995,4995,4995,1126_251,671,1126,251,Medium,"select e.business_id from schema_1126.events as e join (select event_type, avg(occurences) as avo from schema_1126.events group by event_type) as a on e.event_type = a.event_type where e.occurences > a.avo group by e.business_id having count(distinct e.event_type) >= 2",120.002,6845.88,4995,"GroupAggregate  (cost=6533.46..6845.88 rows=1665 width=4) (actual rows=4995 loops=1)
  Group Key: e.business_id
  Filter: (count(DISTINCT e.event_type) >= 2)
  Rows Removed by Filter: 4
  Buffers: shared hit=1258
  ->  Sort  (cost=6533.46..6616.79 rows=33333 width=12) (actual rows=50101 loops=1)
        Sort Key: e.business_id
        Sort Method: quicksort  Memory: 3714kB
        Buffers: shared hit=1258
        ->  Hash Join  (cost=2132.50..4029.37 rows=33333 width=12) (actual rows=50101 loops=1)
              Hash Cond: ((e.event_type)::text = (events.event_type)::text)
              Join Filter: ((e.occurences)::numeric > (avg(events.occurences)))
              Rows Removed by Join Filter: 49899
              Buffers: shared hit=1258
              ->  Seq Scan on events e  (cost=0.00..1629.00 rows=100000 width=16) (actual rows=100000 loops=1)
                    Buffers: shared hit=629
              ->  Hash  (cost=2131.25..2131.25 rows=100 width=40) (actual rows=100 loops=1)
                    Buckets: 1024  Batches: 1  Memory Usage: 14kB
                    Buffers: shared hit=629
                    ->  HashAggregate  (cost=2129.00..2130.25 rows=100 width=40) (actual rows=100 loops=1)
                          Group Key: events.event_type
                          Batches: 1  Memory Usage: 32kB
                          Buffers: shared hit=629
                          ->  Seq Scan on events  (cost=0.00..1629.00 rows=100000 width=12) (actual rows=100000 loops=1)
                                Buffers: shared hit=629
Planning Time: 0.185 ms
Execution Time: 120.002 ms",127.919,6845.88,4995,"GroupAggregate  (cost=6533.46..6845.88 rows=1665 width=4) (actual rows=4995 loops=1)
  Group Key: e.business_id
  Filter: (count(DISTINCT e.event_type) >= 2)
  Rows Removed by Filter: 4
  Buffers: shared hit=1258
  ->  Sort  (cost=6533.46..6616.79 rows=33333 width=12) (actual rows=50101 loops=1)
        Sort Key: e.business_id
        Sort Method: quicksort  Memory: 3714kB
        Buffers: shared hit=1258
        ->  Hash Join  (cost=2132.50..4029.37 rows=33333 width=12) (actual rows=50101 loops=1)
              Hash Cond: ((e.event_type)::text = (events.event_type)::text)
              Join Filter: ((e.occurences)::numeric > (avg(events.occurences)))
              Rows Removed by Join Filter: 49899
              Buffers: shared hit=1258
              ->  Seq Scan on events e  (cost=0.00..1629.00 rows=100000 width=16) (actual rows=100000 loops=1)
                    Buffers: shared hit=629
              ->  Hash  (cost=2131.25..2131.25 rows=100 width=40) (actual rows=100 loops=1)
                    Buckets: 1024  Batches: 1  Memory Usage: 14kB
                    Buffers: shared hit=629
                    ->  HashAggregate  (cost=2129.00..2130.25 rows=100 width=40) (actual rows=100 loops=1)
                          Group Key: events.event_type
                          Batches: 1  Memory Usage: 32kB
                          Buffers: shared hit=629
                          ->  Seq Scan on events  (cost=0.00..1629.00 rows=100000 width=12) (actual rows=100000 loops=1)
                                Buffers: shared hit=629
Planning Time: 0.250 ms
Execution Time: 127.919 ms",126.28,6845.88,4995,"GroupAggregate  (cost=6533.46..6845.88 rows=1665 width=4) (actual rows=4995 loops=1)
  Group Key: e.business_id
  Filter: (count(DISTINCT e.event_type) >= 2)
  Rows Removed by Filter: 4
  Buffers: shared hit=1258
  ->  Sort  (cost=6533.46..6616.79 rows=33333 width=12) (actual rows=50101 loops=1)
        Sort Key: e.business_id
        Sort Method: quicksort  Memory: 3714kB
        Buffers: shared hit=1258
        ->  Hash Join  (cost=2132.50..4029.37 rows=33333 width=12) (actual rows=50101 loops=1)
              Hash Cond: ((e.event_type)::text = (events.event_type)::text)
              Join Filter: ((e.occurences)::numeric > (avg(events.occurences)))
              Rows Removed by Join Filter: 49899
              Buffers: shared hit=1258
              ->  Seq Scan on events e  (cost=0.00..1629.00 rows=100000 width=16) (actual rows=100000 loops=1)
                    Buffers: shared hit=629
              ->  Hash  (cost=2131.25..2131.25 rows=100 width=40) (actual rows=100 loops=1)
                    Buckets: 1024  Batches: 1  Memory Usage: 14kB
                    Buffers: shared hit=629
                    ->  HashAggregate  (cost=2129.00..2130.25 rows=100 width=40) (actual rows=100 loops=1)
                          Group Key: events.event_type
                          Batches: 1  Memory Usage: 32kB
                          Buffers: shared hit=629
                          ->  Seq Scan on events  (cost=0.00..1629.00 rows=100000 width=12) (actual rows=100000 loops=1)
                                Buffers: shared hit=629
Planning Time: 0.268 ms
Execution Time: 126.280 ms",128.739,6845.88,4995,"GroupAggregate  (cost=6533.46..6845.88 rows=1665 width=4) (actual rows=4995 loops=1)
  Group Key: e.business_id
  Filter: (count(DISTINCT e.event_type) >= 2)
  Rows Removed by Filter: 4
  Buffers: shared hit=1258
  ->  Sort  (cost=6533.46..6616.79 rows=33333 width=12) (actual rows=50101 loops=1)
        Sort Key: e.business_id
        Sort Method: quicksort  Memory: 3714kB
        Buffers: shared hit=1258
        ->  Hash Join  (cost=2132.50..4029.37 rows=33333 width=12) (actual rows=50101 loops=1)
              Hash Cond: ((e.event_type)::text = (events.event_type)::text)
              Join Filter: ((e.occurences)::numeric > (avg(events.occurences)))
              Rows Removed by Join Filter: 49899
              Buffers: shared hit=1258
              ->  Seq Scan on events e  (cost=0.00..1629.00 rows=100000 width=16) (actual rows=100000 loops=1)
                    Buffers: shared hit=629
              ->  Hash  (cost=2131.25..2131.25 rows=100 width=40) (actual rows=100 loops=1)
                    Buckets: 1024  Batches: 1  Memory Usage: 14kB
                    Buffers: shared hit=629
                    ->  HashAggregate  (cost=2129.00..2130.25 rows=100 width=40) (actual rows=100 loops=1)
                          Group Key: events.event_type
                          Batches: 1  Memory Usage: 32kB
                          Buffers: shared hit=629
                          ->  Seq Scan on events  (cost=0.00..1629.00 rows=100000 width=12) (actual rows=100000 loops=1)
                                Buffers: shared hit=629
Planning Time: 0.305 ms
Execution Time: 128.739 ms",125.019,6845.88,4995,"GroupAggregate  (cost=6533.46..6845.88 rows=1665 width=4) (actual rows=4995 loops=1)
  Group Key: e.business_id
  Filter: (count(DISTINCT e.event_type) >= 2)
  Rows Removed by Filter: 4
  Buffers: shared hit=1258
  ->  Sort  (cost=6533.46..6616.79 rows=33333 width=12) (actual rows=50101 loops=1)
        Sort Key: e.business_id
        Sort Method: quicksort  Memory: 3714kB
        Buffers: shared hit=1258
        ->  Hash Join  (cost=2132.50..4029.37 rows=33333 width=12) (actual rows=50101 loops=1)
              Hash Cond: ((e.event_type)::text = (events.event_type)::text)
              Join Filter: ((e.occurences)::numeric > (avg(events.occurences)))
              Rows Removed by Join Filter: 49899
              Buffers: shared hit=1258
              ->  Seq Scan on events e  (cost=0.00..1629.00 rows=100000 width=16) (actual rows=100000 loops=1)
                    Buffers: shared hit=629
              ->  Hash  (cost=2131.25..2131.25 rows=100 width=40) (actual rows=100 loops=1)
                    Buckets: 1024  Batches: 1  Memory Usage: 14kB
                    Buffers: shared hit=629
                    ->  HashAggregate  (cost=2129.00..2130.25 rows=100 width=40) (actual rows=100 loops=1)
                          Group Key: events.event_type
                          Batches: 1  Memory Usage: 32kB
                          Buffers: shared hit=629
                          ->  Seq Scan on events  (cost=0.00..1629.00 rows=100000 width=12) (actual rows=100000 loops=1)
                                Buffers: shared hit=629
Planning Time: 0.312 ms
Execution Time: 125.019 ms",125.5918,126.28,128.329,129.067,6845.88,6845.88,4995,4995,4995,4995,normal,normal,11.842077700000013,5.600516300000013,equal variances,significant,0.003968253968253968,-47.40440000000001,-48.96000000000001,-2587.42,0,True
680,1141,27,Easy,"select t_cte_26.c_activity_date0 as day, count(t_cte_26.c_user_id0) as active_users from (select distinct t_activity_0.activity_date as c_activity_date0, t_activity_0.user_id as c_user_id0 from schema_1141.activity as t_activity_0 where t_activity_0.activity_date <= '2019-07-27' and '2019-06-27' < t_activity_0.activity_date) as t_cte_26 group by t_cte_26.c_activity_date0",28.37,2657.65,15,"HashAggregate  (cost=2655.65..2657.65 rows=200 width=12) (actual rows=15 loops=1)
  Group Key: t_activity_0.activity_date
  Batches: 1  Memory Usage: 40kB
  Buffers: shared hit=688
  ->  HashAggregate  (cost=2406.45..2506.13 rows=9968 width=8) (actual rows=37138 loops=1)
        Group Key: t_activity_0.activity_date, t_activity_0.user_id
        Batches: 1  Memory Usage: 3345kB
        Buffers: shared hit=688
        ->  Seq Scan on activity t_activity_0  (cost=0.00..2188.00 rows=43690 width=8) (actual rows=44012 loops=1)
              Filter: ((activity_date <= '2019-07-27'::date) AND ('2019-06-27'::date < activity_date))
              Rows Removed by Filter: 55988
              Buffers: shared hit=688
Planning Time: 0.064 ms
Execution Time: 28.370 ms",37.336,2657.65,15,"HashAggregate  (cost=2655.65..2657.65 rows=200 width=12) (actual rows=15 loops=1)
  Group Key: t_activity_0.activity_date
  Batches: 1  Memory Usage: 40kB
  Buffers: shared hit=688
  ->  HashAggregate  (cost=2406.45..2506.13 rows=9968 width=8) (actual rows=37138 loops=1)
        Group Key: t_activity_0.activity_date, t_activity_0.user_id
        Batches: 1  Memory Usage: 3345kB
        Buffers: shared hit=688
        ->  Seq Scan on activity t_activity_0  (cost=0.00..2188.00 rows=43690 width=8) (actual rows=44012 loops=1)
              Filter: ((activity_date <= '2019-07-27'::date) AND ('2019-06-27'::date < activity_date))
              Rows Removed by Filter: 55988
              Buffers: shared hit=688
Planning Time: 0.093 ms
Execution Time: 37.336 ms",33.661,2657.65,15,"HashAggregate  (cost=2655.65..2657.65 rows=200 width=12) (actual rows=15 loops=1)
  Group Key: t_activity_0.activity_date
  Batches: 1  Memory Usage: 40kB
  Buffers: shared hit=688
  ->  HashAggregate  (cost=2406.45..2506.13 rows=9968 width=8) (actual rows=37138 loops=1)
        Group Key: t_activity_0.activity_date, t_activity_0.user_id
        Batches: 1  Memory Usage: 3345kB
        Buffers: shared hit=688
        ->  Seq Scan on activity t_activity_0  (cost=0.00..2188.00 rows=43690 width=8) (actual rows=44012 loops=1)
              Filter: ((activity_date <= '2019-07-27'::date) AND ('2019-06-27'::date < activity_date))
              Rows Removed by Filter: 55988
              Buffers: shared hit=688
Planning Time: 0.219 ms
Execution Time: 33.661 ms",34.717,2657.65,15,"HashAggregate  (cost=2655.65..2657.65 rows=200 width=12) (actual rows=15 loops=1)
  Group Key: t_activity_0.activity_date
  Batches: 1  Memory Usage: 40kB
  Buffers: shared hit=688
  ->  HashAggregate  (cost=2406.45..2506.13 rows=9968 width=8) (actual rows=37138 loops=1)
        Group Key: t_activity_0.activity_date, t_activity_0.user_id
        Batches: 1  Memory Usage: 3345kB
        Buffers: shared hit=688
        ->  Seq Scan on activity t_activity_0  (cost=0.00..2188.00 rows=43690 width=8) (actual rows=44012 loops=1)
              Filter: ((activity_date <= '2019-07-27'::date) AND ('2019-06-27'::date < activity_date))
              Rows Removed by Filter: 55988
              Buffers: shared hit=688
Planning Time: 0.101 ms
Execution Time: 34.717 ms",35.851,2657.65,15,"HashAggregate  (cost=2655.65..2657.65 rows=200 width=12) (actual rows=15 loops=1)
  Group Key: t_activity_0.activity_date
  Batches: 1  Memory Usage: 40kB
  Buffers: shared hit=688
  ->  HashAggregate  (cost=2406.45..2506.13 rows=9968 width=8) (actual rows=37138 loops=1)
        Group Key: t_activity_0.activity_date, t_activity_0.user_id
        Batches: 1  Memory Usage: 3345kB
        Buffers: shared hit=688
        ->  Seq Scan on activity t_activity_0  (cost=0.00..2188.00 rows=43690 width=8) (actual rows=44012 loops=1)
              Filter: ((activity_date <= '2019-07-27'::date) AND ('2019-06-27'::date < activity_date))
              Rows Removed by Filter: 55988
              Buffers: shared hit=688
Planning Time: 0.094 ms
Execution Time: 35.851 ms",33.987,34.717,36.5935,37.93,2657.65,2657.65,15,15,15,15,1141_27,680,1141,27,Easy,"select activity_date as day, count(distinct user_id) as active_users from schema_1141.activity where (activity_date <= '2019-07-27' and activity_date > '2019-06-27') group by activity_date",28.519,5883.45,15,"GroupAggregate  (cost=5555.41..5883.45 rows=36 width=12) (actual rows=15 loops=1)
  Group Key: activity_date
  Buffers: shared hit=688
  ->  Sort  (cost=5555.41..5664.64 rows=43690 width=8) (actual rows=44012 loops=1)
        Sort Key: activity_date
        Sort Method: quicksort  Memory: 3429kB
        Buffers: shared hit=688
        ->  Seq Scan on activity  (cost=0.00..2188.00 rows=43690 width=8) (actual rows=44012 loops=1)
              Filter: ((activity_date <= '2019-07-27'::date) AND (activity_date > '2019-06-27'::date))
              Rows Removed by Filter: 55988
              Buffers: shared hit=688
Planning Time: 0.049 ms
Execution Time: 28.519 ms",39.076,5883.45,15,"GroupAggregate  (cost=5555.41..5883.45 rows=36 width=12) (actual rows=15 loops=1)
  Group Key: activity_date
  Buffers: shared hit=688
  ->  Sort  (cost=5555.41..5664.64 rows=43690 width=8) (actual rows=44012 loops=1)
        Sort Key: activity_date
        Sort Method: quicksort  Memory: 3429kB
        Buffers: shared hit=688
        ->  Seq Scan on activity  (cost=0.00..2188.00 rows=43690 width=8) (actual rows=44012 loops=1)
              Filter: ((activity_date <= '2019-07-27'::date) AND (activity_date > '2019-06-27'::date))
              Rows Removed by Filter: 55988
              Buffers: shared hit=688
Planning Time: 0.076 ms
Execution Time: 39.076 ms",34.843,5883.45,15,"GroupAggregate  (cost=5555.41..5883.45 rows=36 width=12) (actual rows=15 loops=1)
  Group Key: activity_date
  Buffers: shared hit=688
  ->  Sort  (cost=5555.41..5664.64 rows=43690 width=8) (actual rows=44012 loops=1)
        Sort Key: activity_date
        Sort Method: quicksort  Memory: 3429kB
        Buffers: shared hit=688
        ->  Seq Scan on activity  (cost=0.00..2188.00 rows=43690 width=8) (actual rows=44012 loops=1)
              Filter: ((activity_date <= '2019-07-27'::date) AND (activity_date > '2019-06-27'::date))
              Rows Removed by Filter: 55988
              Buffers: shared hit=688
Planning Time: 0.076 ms
Execution Time: 34.843 ms",32.734,5883.45,15,"GroupAggregate  (cost=5555.41..5883.45 rows=36 width=12) (actual rows=15 loops=1)
  Group Key: activity_date
  Buffers: shared hit=688
  ->  Sort  (cost=5555.41..5664.64 rows=43690 width=8) (actual rows=44012 loops=1)
        Sort Key: activity_date
        Sort Method: quicksort  Memory: 3429kB
        Buffers: shared hit=688
        ->  Seq Scan on activity  (cost=0.00..2188.00 rows=43690 width=8) (actual rows=44012 loops=1)
              Filter: ((activity_date <= '2019-07-27'::date) AND (activity_date > '2019-06-27'::date))
              Rows Removed by Filter: 55988
              Buffers: shared hit=688
Planning Time: 0.069 ms
Execution Time: 32.734 ms",33.835,5883.45,15,"GroupAggregate  (cost=5555.41..5883.45 rows=36 width=12) (actual rows=15 loops=1)
  Group Key: activity_date
  Buffers: shared hit=688
  ->  Sort  (cost=5555.41..5664.64 rows=43690 width=8) (actual rows=44012 loops=1)
        Sort Key: activity_date
        Sort Method: quicksort  Memory: 3429kB
        Buffers: shared hit=688
        ->  Seq Scan on activity  (cost=0.00..2188.00 rows=43690 width=8) (actual rows=44012 loops=1)
              Filter: ((activity_date <= '2019-07-27'::date) AND (activity_date > '2019-06-27'::date))
              Rows Removed by Filter: 55988
              Buffers: shared hit=688
Planning Time: 0.127 ms
Execution Time: 33.835 ms",33.8014,33.835,36.9595,40.7692,5883.45,5883.45,15,15,15,15,normal,normal,14.487639300000007,11.720040499999994,equal variances,not significant,0.5793650793650793,0.18560000000000088,0.8819999999999979,-3225.7999999999997,0,True
681,1141,45,Easy,"select t_cte_17.c_activity_date0 as day, count(t_cte_17.c_user_id0) as active_users from (select distinct t_activity_0.activity_date as c_activity_date0, t_activity_0.user_id as c_user_id0 from schema_1141.activity as t_activity_0 where '2019-06-28' <= t_activity_0.activity_date) as t_cte_17 where t_cte_17.c_activity_date0 <= '2019-07-27' group by t_cte_17.c_activity_date0",28.08,2657.65,15,"HashAggregate  (cost=2655.65..2657.65 rows=200 width=12) (actual rows=15 loops=1)
  Group Key: t_activity_0.activity_date
  Batches: 1  Memory Usage: 40kB
  Buffers: shared hit=688
  ->  HashAggregate  (cost=2406.45..2506.13 rows=9968 width=8) (actual rows=37138 loops=1)
        Group Key: t_activity_0.activity_date, t_activity_0.user_id
        Batches: 1  Memory Usage: 3345kB
        Buffers: shared hit=688
        ->  Seq Scan on activity t_activity_0  (cost=0.00..2188.00 rows=43690 width=8) (actual rows=44012 loops=1)
              Filter: (('2019-06-28'::date <= activity_date) AND (activity_date <= '2019-07-27'::date))
              Rows Removed by Filter: 55988
              Buffers: shared hit=688
Planning Time: 0.088 ms
Execution Time: 28.080 ms",33.582,2657.65,15,"HashAggregate  (cost=2655.65..2657.65 rows=200 width=12) (actual rows=15 loops=1)
  Group Key: t_activity_0.activity_date
  Batches: 1  Memory Usage: 40kB
  Buffers: shared hit=688
  ->  HashAggregate  (cost=2406.45..2506.13 rows=9968 width=8) (actual rows=37138 loops=1)
        Group Key: t_activity_0.activity_date, t_activity_0.user_id
        Batches: 1  Memory Usage: 3345kB
        Buffers: shared hit=688
        ->  Seq Scan on activity t_activity_0  (cost=0.00..2188.00 rows=43690 width=8) (actual rows=44012 loops=1)
              Filter: (('2019-06-28'::date <= activity_date) AND (activity_date <= '2019-07-27'::date))
              Rows Removed by Filter: 55988
              Buffers: shared hit=688
Planning Time: 0.114 ms
Execution Time: 33.582 ms",34.87,2657.65,15,"HashAggregate  (cost=2655.65..2657.65 rows=200 width=12) (actual rows=15 loops=1)
  Group Key: t_activity_0.activity_date
  Batches: 1  Memory Usage: 40kB
  Buffers: shared hit=688
  ->  HashAggregate  (cost=2406.45..2506.13 rows=9968 width=8) (actual rows=37138 loops=1)
        Group Key: t_activity_0.activity_date, t_activity_0.user_id
        Batches: 1  Memory Usage: 3345kB
        Buffers: shared hit=688
        ->  Seq Scan on activity t_activity_0  (cost=0.00..2188.00 rows=43690 width=8) (actual rows=44012 loops=1)
              Filter: (('2019-06-28'::date <= activity_date) AND (activity_date <= '2019-07-27'::date))
              Rows Removed by Filter: 55988
              Buffers: shared hit=688
Planning Time: 0.127 ms
Execution Time: 34.870 ms",32.241,2657.65,15,"HashAggregate  (cost=2655.65..2657.65 rows=200 width=12) (actual rows=15 loops=1)
  Group Key: t_activity_0.activity_date
  Batches: 1  Memory Usage: 40kB
  Buffers: shared hit=688
  ->  HashAggregate  (cost=2406.45..2506.13 rows=9968 width=8) (actual rows=37138 loops=1)
        Group Key: t_activity_0.activity_date, t_activity_0.user_id
        Batches: 1  Memory Usage: 3345kB
        Buffers: shared hit=688
        ->  Seq Scan on activity t_activity_0  (cost=0.00..2188.00 rows=43690 width=8) (actual rows=44012 loops=1)
              Filter: (('2019-06-28'::date <= activity_date) AND (activity_date <= '2019-07-27'::date))
              Rows Removed by Filter: 55988
              Buffers: shared hit=688
Planning Time: 0.073 ms
Execution Time: 32.241 ms",32.429,2657.65,15,"HashAggregate  (cost=2655.65..2657.65 rows=200 width=12) (actual rows=15 loops=1)
  Group Key: t_activity_0.activity_date
  Batches: 1  Memory Usage: 40kB
  Buffers: shared hit=688
  ->  HashAggregate  (cost=2406.45..2506.13 rows=9968 width=8) (actual rows=37138 loops=1)
        Group Key: t_activity_0.activity_date, t_activity_0.user_id
        Batches: 1  Memory Usage: 3345kB
        Buffers: shared hit=688
        ->  Seq Scan on activity t_activity_0  (cost=0.00..2188.00 rows=43690 width=8) (actual rows=44012 loops=1)
              Filter: (('2019-06-28'::date <= activity_date) AND (activity_date <= '2019-07-27'::date))
              Rows Removed by Filter: 55988
              Buffers: shared hit=688
Planning Time: 0.118 ms
Execution Time: 32.429 ms",32.2404,32.429,34.226,35.3852,2657.65,2657.65,15,15,15,15,1141_45,681,1141,45,Easy,"select activity_date as day, count(distinct user_id) as active_users from schema_1141.activity where (activity_date >= '2019-06-28' and activity_date <= '2019-07-27') group by 1",28.31,5883.45,15,"GroupAggregate  (cost=5555.41..5883.45 rows=36 width=12) (actual rows=15 loops=1)
  Group Key: activity_date
  Buffers: shared hit=688
  ->  Sort  (cost=5555.41..5664.64 rows=43690 width=8) (actual rows=44012 loops=1)
        Sort Key: activity_date
        Sort Method: quicksort  Memory: 3429kB
        Buffers: shared hit=688
        ->  Seq Scan on activity  (cost=0.00..2188.00 rows=43690 width=8) (actual rows=44012 loops=1)
              Filter: ((activity_date >= '2019-06-28'::date) AND (activity_date <= '2019-07-27'::date))
              Rows Removed by Filter: 55988
              Buffers: shared hit=688
Planning Time: 0.048 ms
Execution Time: 28.310 ms",34.001,5883.45,15,"GroupAggregate  (cost=5555.41..5883.45 rows=36 width=12) (actual rows=15 loops=1)
  Group Key: activity_date
  Buffers: shared hit=688
  ->  Sort  (cost=5555.41..5664.64 rows=43690 width=8) (actual rows=44012 loops=1)
        Sort Key: activity_date
        Sort Method: quicksort  Memory: 3429kB
        Buffers: shared hit=688
        ->  Seq Scan on activity  (cost=0.00..2188.00 rows=43690 width=8) (actual rows=44012 loops=1)
              Filter: ((activity_date >= '2019-06-28'::date) AND (activity_date <= '2019-07-27'::date))
              Rows Removed by Filter: 55988
              Buffers: shared hit=688
Planning Time: 0.115 ms
Execution Time: 34.001 ms",34.046,5883.45,15,"GroupAggregate  (cost=5555.41..5883.45 rows=36 width=12) (actual rows=15 loops=1)
  Group Key: activity_date
  Buffers: shared hit=688
  ->  Sort  (cost=5555.41..5664.64 rows=43690 width=8) (actual rows=44012 loops=1)
        Sort Key: activity_date
        Sort Method: quicksort  Memory: 3429kB
        Buffers: shared hit=688
        ->  Seq Scan on activity  (cost=0.00..2188.00 rows=43690 width=8) (actual rows=44012 loops=1)
              Filter: ((activity_date >= '2019-06-28'::date) AND (activity_date <= '2019-07-27'::date))
              Rows Removed by Filter: 55988
              Buffers: shared hit=688
Planning Time: 0.119 ms
Execution Time: 34.046 ms",33.459,5883.45,15,"GroupAggregate  (cost=5555.41..5883.45 rows=36 width=12) (actual rows=15 loops=1)
  Group Key: activity_date
  Buffers: shared hit=688
  ->  Sort  (cost=5555.41..5664.64 rows=43690 width=8) (actual rows=44012 loops=1)
        Sort Key: activity_date
        Sort Method: quicksort  Memory: 3429kB
        Buffers: shared hit=688
        ->  Seq Scan on activity  (cost=0.00..2188.00 rows=43690 width=8) (actual rows=44012 loops=1)
              Filter: ((activity_date >= '2019-06-28'::date) AND (activity_date <= '2019-07-27'::date))
              Rows Removed by Filter: 55988
              Buffers: shared hit=688
Planning Time: 0.066 ms
Execution Time: 33.459 ms",48.239,5883.45,15,"GroupAggregate  (cost=5555.41..5883.45 rows=36 width=12) (actual rows=15 loops=1)
  Group Key: activity_date
  Buffers: shared hit=688
  ->  Sort  (cost=5555.41..5664.64 rows=43690 width=8) (actual rows=44012 loops=1)
        Sort Key: activity_date
        Sort Method: quicksort  Memory: 3429kB
        Buffers: shared hit=688
        ->  Seq Scan on activity  (cost=0.00..2188.00 rows=43690 width=8) (actual rows=44012 loops=1)
              Filter: ((activity_date >= '2019-06-28'::date) AND (activity_date <= '2019-07-27'::date))
              Rows Removed by Filter: 55988
              Buffers: shared hit=688
Planning Time: 0.058 ms
Execution Time: 48.239 ms",35.611,34.001,41.1425,53.9162,5883.45,5883.45,15,15,15,15,normal,normal,55.61085349999999,6.5147963,equal variances,not significant,0.21031746031746032,-3.370599999999996,-1.5719999999999956,-3225.7999999999997,0,True
682,1141,59,Easy,"select t_cte_29.c_activity_date0 as day, count(t_cte_29.c_user_id0) as active_users from (select distinct t_activity_0.user_id as c_user_id0, t_activity_0.activity_date as c_activity_date0 from schema_1141.activity as t_activity_0) as t_cte_29 where '2019-06-28' <= t_cte_29.c_activity_date0 group by t_cte_29.c_activity_date0 having t_cte_29.c_activity_date0 <= '2019-07-27'",28.12,2657.65,15,"HashAggregate  (cost=2655.65..2657.65 rows=200 width=12) (actual rows=15 loops=1)
  Group Key: t_activity_0.activity_date
  Batches: 1  Memory Usage: 40kB
  Buffers: shared hit=688
  ->  HashAggregate  (cost=2406.45..2506.13 rows=9968 width=8) (actual rows=37138 loops=1)
        Group Key: t_activity_0.user_id, t_activity_0.activity_date
        Batches: 1  Memory Usage: 3345kB
        Buffers: shared hit=688
        ->  Seq Scan on activity t_activity_0  (cost=0.00..2188.00 rows=43690 width=8) (actual rows=44012 loops=1)
              Filter: (('2019-06-28'::date <= activity_date) AND (activity_date <= '2019-07-27'::date))
              Rows Removed by Filter: 55988
              Buffers: shared hit=688
Planning Time: 0.066 ms
Execution Time: 28.120 ms",33.503,2657.65,15,"HashAggregate  (cost=2655.65..2657.65 rows=200 width=12) (actual rows=15 loops=1)
  Group Key: t_activity_0.activity_date
  Batches: 1  Memory Usage: 40kB
  Buffers: shared hit=688
  ->  HashAggregate  (cost=2406.45..2506.13 rows=9968 width=8) (actual rows=37138 loops=1)
        Group Key: t_activity_0.user_id, t_activity_0.activity_date
        Batches: 1  Memory Usage: 3345kB
        Buffers: shared hit=688
        ->  Seq Scan on activity t_activity_0  (cost=0.00..2188.00 rows=43690 width=8) (actual rows=44012 loops=1)
              Filter: (('2019-06-28'::date <= activity_date) AND (activity_date <= '2019-07-27'::date))
              Rows Removed by Filter: 55988
              Buffers: shared hit=688
Planning Time: 0.135 ms
Execution Time: 33.503 ms",35.129,2657.65,15,"HashAggregate  (cost=2655.65..2657.65 rows=200 width=12) (actual rows=15 loops=1)
  Group Key: t_activity_0.activity_date
  Batches: 1  Memory Usage: 40kB
  Buffers: shared hit=688
  ->  HashAggregate  (cost=2406.45..2506.13 rows=9968 width=8) (actual rows=37138 loops=1)
        Group Key: t_activity_0.user_id, t_activity_0.activity_date
        Batches: 1  Memory Usage: 3345kB
        Buffers: shared hit=688
        ->  Seq Scan on activity t_activity_0  (cost=0.00..2188.00 rows=43690 width=8) (actual rows=44012 loops=1)
              Filter: (('2019-06-28'::date <= activity_date) AND (activity_date <= '2019-07-27'::date))
              Rows Removed by Filter: 55988
              Buffers: shared hit=688
Planning Time: 0.112 ms
Execution Time: 35.129 ms",36.745,2657.65,15,"HashAggregate  (cost=2655.65..2657.65 rows=200 width=12) (actual rows=15 loops=1)
  Group Key: t_activity_0.activity_date
  Batches: 1  Memory Usage: 40kB
  Buffers: shared hit=688
  ->  HashAggregate  (cost=2406.45..2506.13 rows=9968 width=8) (actual rows=37138 loops=1)
        Group Key: t_activity_0.user_id, t_activity_0.activity_date
        Batches: 1  Memory Usage: 3345kB
        Buffers: shared hit=688
        ->  Seq Scan on activity t_activity_0  (cost=0.00..2188.00 rows=43690 width=8) (actual rows=44012 loops=1)
              Filter: (('2019-06-28'::date <= activity_date) AND (activity_date <= '2019-07-27'::date))
              Rows Removed by Filter: 55988
              Buffers: shared hit=688
Planning Time: 0.109 ms
Execution Time: 36.745 ms",34.294,2657.65,15,"HashAggregate  (cost=2655.65..2657.65 rows=200 width=12) (actual rows=15 loops=1)
  Group Key: t_activity_0.activity_date
  Batches: 1  Memory Usage: 40kB
  Buffers: shared hit=688
  ->  HashAggregate  (cost=2406.45..2506.13 rows=9968 width=8) (actual rows=37138 loops=1)
        Group Key: t_activity_0.user_id, t_activity_0.activity_date
        Batches: 1  Memory Usage: 3345kB
        Buffers: shared hit=688
        ->  Seq Scan on activity t_activity_0  (cost=0.00..2188.00 rows=43690 width=8) (actual rows=44012 loops=1)
              Filter: (('2019-06-28'::date <= activity_date) AND (activity_date <= '2019-07-27'::date))
              Rows Removed by Filter: 55988
              Buffers: shared hit=688
Planning Time: 0.118 ms
Execution Time: 34.294 ms",33.5582,34.294,35.937,37.3914,2657.65,2657.65,15,15,15,15,1141_59,682,1141,59,Easy,"select activity_date as day, count(distinct user_id) as active_users from schema_1141.activity where (activity_date <= '2019-07-27' and activity_date >= '2019-06-28') group by activity_date",32.164,5883.45,15,"GroupAggregate  (cost=5555.41..5883.45 rows=36 width=12) (actual rows=15 loops=1)
  Group Key: activity_date
  Buffers: shared hit=688
  ->  Sort  (cost=5555.41..5664.64 rows=43690 width=8) (actual rows=44012 loops=1)
        Sort Key: activity_date
        Sort Method: quicksort  Memory: 3429kB
        Buffers: shared hit=688
        ->  Seq Scan on activity  (cost=0.00..2188.00 rows=43690 width=8) (actual rows=44012 loops=1)
              Filter: ((activity_date <= '2019-07-27'::date) AND (activity_date >= '2019-06-28'::date))
              Rows Removed by Filter: 55988
              Buffers: shared hit=688
Planning Time: 0.066 ms
Execution Time: 32.164 ms",39.051,5883.45,15,"GroupAggregate  (cost=5555.41..5883.45 rows=36 width=12) (actual rows=15 loops=1)
  Group Key: activity_date
  Buffers: shared hit=688
  ->  Sort  (cost=5555.41..5664.64 rows=43690 width=8) (actual rows=44012 loops=1)
        Sort Key: activity_date
        Sort Method: quicksort  Memory: 3429kB
        Buffers: shared hit=688
        ->  Seq Scan on activity  (cost=0.00..2188.00 rows=43690 width=8) (actual rows=44012 loops=1)
              Filter: ((activity_date <= '2019-07-27'::date) AND (activity_date >= '2019-06-28'::date))
              Rows Removed by Filter: 55988
              Buffers: shared hit=688
Planning Time: 0.072 ms
Execution Time: 39.051 ms",34.963,5883.45,15,"GroupAggregate  (cost=5555.41..5883.45 rows=36 width=12) (actual rows=15 loops=1)
  Group Key: activity_date
  Buffers: shared hit=688
  ->  Sort  (cost=5555.41..5664.64 rows=43690 width=8) (actual rows=44012 loops=1)
        Sort Key: activity_date
        Sort Method: quicksort  Memory: 3429kB
        Buffers: shared hit=688
        ->  Seq Scan on activity  (cost=0.00..2188.00 rows=43690 width=8) (actual rows=44012 loops=1)
              Filter: ((activity_date <= '2019-07-27'::date) AND (activity_date >= '2019-06-28'::date))
              Rows Removed by Filter: 55988
              Buffers: shared hit=688
Planning Time: 0.072 ms
Execution Time: 34.963 ms",33.305,5883.45,15,"GroupAggregate  (cost=5555.41..5883.45 rows=36 width=12) (actual rows=15 loops=1)
  Group Key: activity_date
  Buffers: shared hit=688
  ->  Sort  (cost=5555.41..5664.64 rows=43690 width=8) (actual rows=44012 loops=1)
        Sort Key: activity_date
        Sort Method: quicksort  Memory: 3429kB
        Buffers: shared hit=688
        ->  Seq Scan on activity  (cost=0.00..2188.00 rows=43690 width=8) (actual rows=44012 loops=1)
              Filter: ((activity_date <= '2019-07-27'::date) AND (activity_date >= '2019-06-28'::date))
              Rows Removed by Filter: 55988
              Buffers: shared hit=688
Planning Time: 0.061 ms
Execution Time: 33.305 ms",33.929,5883.45,15,"GroupAggregate  (cost=5555.41..5883.45 rows=36 width=12) (actual rows=15 loops=1)
  Group Key: activity_date
  Buffers: shared hit=688
  ->  Sort  (cost=5555.41..5664.64 rows=43690 width=8) (actual rows=44012 loops=1)
        Sort Key: activity_date
        Sort Method: quicksort  Memory: 3429kB
        Buffers: shared hit=688
        ->  Seq Scan on activity  (cost=0.00..2188.00 rows=43690 width=8) (actual rows=44012 loops=1)
              Filter: ((activity_date <= '2019-07-27'::date) AND (activity_date >= '2019-06-28'::date))
              Rows Removed by Filter: 55988
              Buffers: shared hit=688
Planning Time: 0.071 ms
Execution Time: 33.929 ms",34.6824,33.929,37.007,40.6862,5883.45,5883.45,15,15,15,15,normal,normal,6.992645800000002,10.68539369999999,equal variances,not significant,0.5793650793650793,-1.1242000000000019,0.3649999999999949,-3225.7999999999997,0,True
683,1141,108,Easy,"select t_cte_29.c_activity_date0 as day, count(t_cte_29.c_user_id0) as active_users from (select distinct t_activity_0.activity_date as c_activity_date0, t_activity_0.user_id as c_user_id0 from schema_1141.activity as t_activity_0 where '2019-06-27' < t_activity_0.activity_date) as t_cte_29 where t_cte_29.c_activity_date0 <= '2019-07-27' group by t_cte_29.c_activity_date0",28.26,2657.65,15,"HashAggregate  (cost=2655.65..2657.65 rows=200 width=12) (actual rows=15 loops=1)
  Group Key: t_activity_0.activity_date
  Batches: 1  Memory Usage: 40kB
  Buffers: shared hit=688
  ->  HashAggregate  (cost=2406.45..2506.13 rows=9968 width=8) (actual rows=37138 loops=1)
        Group Key: t_activity_0.activity_date, t_activity_0.user_id
        Batches: 1  Memory Usage: 3345kB
        Buffers: shared hit=688
        ->  Seq Scan on activity t_activity_0  (cost=0.00..2188.00 rows=43690 width=8) (actual rows=44012 loops=1)
              Filter: (('2019-06-27'::date < activity_date) AND (activity_date <= '2019-07-27'::date))
              Rows Removed by Filter: 55988
              Buffers: shared hit=688
Planning Time: 0.093 ms
Execution Time: 28.260 ms",35.761,2657.65,15,"HashAggregate  (cost=2655.65..2657.65 rows=200 width=12) (actual rows=15 loops=1)
  Group Key: t_activity_0.activity_date
  Batches: 1  Memory Usage: 40kB
  Buffers: shared hit=688
  ->  HashAggregate  (cost=2406.45..2506.13 rows=9968 width=8) (actual rows=37138 loops=1)
        Group Key: t_activity_0.activity_date, t_activity_0.user_id
        Batches: 1  Memory Usage: 3345kB
        Buffers: shared hit=688
        ->  Seq Scan on activity t_activity_0  (cost=0.00..2188.00 rows=43690 width=8) (actual rows=44012 loops=1)
              Filter: (('2019-06-27'::date < activity_date) AND (activity_date <= '2019-07-27'::date))
              Rows Removed by Filter: 55988
              Buffers: shared hit=688
Planning Time: 0.098 ms
Execution Time: 35.761 ms",35.62,2657.65,15,"HashAggregate  (cost=2655.65..2657.65 rows=200 width=12) (actual rows=15 loops=1)
  Group Key: t_activity_0.activity_date
  Batches: 1  Memory Usage: 40kB
  Buffers: shared hit=688
  ->  HashAggregate  (cost=2406.45..2506.13 rows=9968 width=8) (actual rows=37138 loops=1)
        Group Key: t_activity_0.activity_date, t_activity_0.user_id
        Batches: 1  Memory Usage: 3345kB
        Buffers: shared hit=688
        ->  Seq Scan on activity t_activity_0  (cost=0.00..2188.00 rows=43690 width=8) (actual rows=44012 loops=1)
              Filter: (('2019-06-27'::date < activity_date) AND (activity_date <= '2019-07-27'::date))
              Rows Removed by Filter: 55988
              Buffers: shared hit=688
Planning Time: 0.090 ms
Execution Time: 35.620 ms",36.466,2657.65,15,"HashAggregate  (cost=2655.65..2657.65 rows=200 width=12) (actual rows=15 loops=1)
  Group Key: t_activity_0.activity_date
  Batches: 1  Memory Usage: 40kB
  Buffers: shared hit=688
  ->  HashAggregate  (cost=2406.45..2506.13 rows=9968 width=8) (actual rows=37138 loops=1)
        Group Key: t_activity_0.activity_date, t_activity_0.user_id
        Batches: 1  Memory Usage: 3345kB
        Buffers: shared hit=688
        ->  Seq Scan on activity t_activity_0  (cost=0.00..2188.00 rows=43690 width=8) (actual rows=44012 loops=1)
              Filter: (('2019-06-27'::date < activity_date) AND (activity_date <= '2019-07-27'::date))
              Rows Removed by Filter: 55988
              Buffers: shared hit=688
Planning Time: 0.083 ms
Execution Time: 36.466 ms",35.79,2657.65,15,"HashAggregate  (cost=2655.65..2657.65 rows=200 width=12) (actual rows=15 loops=1)
  Group Key: t_activity_0.activity_date
  Batches: 1  Memory Usage: 40kB
  Buffers: shared hit=688
  ->  HashAggregate  (cost=2406.45..2506.13 rows=9968 width=8) (actual rows=37138 loops=1)
        Group Key: t_activity_0.activity_date, t_activity_0.user_id
        Batches: 1  Memory Usage: 3345kB
        Buffers: shared hit=688
        ->  Seq Scan on activity t_activity_0  (cost=0.00..2188.00 rows=43690 width=8) (actual rows=44012 loops=1)
              Filter: (('2019-06-27'::date < activity_date) AND (activity_date <= '2019-07-27'::date))
              Rows Removed by Filter: 55988
              Buffers: shared hit=688
Planning Time: 0.083 ms
Execution Time: 35.790 ms",34.3794,35.761,36.128,36.7364,2657.65,2657.65,15,15,15,15,1141_108,683,1141,108,Easy,"select activity_date as day, count(distinct user_id) as active_users from schema_1141.activity group by activity_date having (activity_date > '2019-06-27' and activity_date <= '2019-07-27')",28.703,5883.45,15,"GroupAggregate  (cost=5555.41..5883.45 rows=36 width=12) (actual rows=15 loops=1)
  Group Key: activity_date
  Buffers: shared hit=688
  ->  Sort  (cost=5555.41..5664.64 rows=43690 width=8) (actual rows=44012 loops=1)
        Sort Key: activity_date
        Sort Method: quicksort  Memory: 3429kB
        Buffers: shared hit=688
        ->  Seq Scan on activity  (cost=0.00..2188.00 rows=43690 width=8) (actual rows=44012 loops=1)
              Filter: ((activity_date > '2019-06-27'::date) AND (activity_date <= '2019-07-27'::date))
              Rows Removed by Filter: 55988
              Buffers: shared hit=688
Planning Time: 0.050 ms
Execution Time: 28.703 ms",32.747,5883.45,15,"GroupAggregate  (cost=5555.41..5883.45 rows=36 width=12) (actual rows=15 loops=1)
  Group Key: activity_date
  Buffers: shared hit=688
  ->  Sort  (cost=5555.41..5664.64 rows=43690 width=8) (actual rows=44012 loops=1)
        Sort Key: activity_date
        Sort Method: quicksort  Memory: 3429kB
        Buffers: shared hit=688
        ->  Seq Scan on activity  (cost=0.00..2188.00 rows=43690 width=8) (actual rows=44012 loops=1)
              Filter: ((activity_date > '2019-06-27'::date) AND (activity_date <= '2019-07-27'::date))
              Rows Removed by Filter: 55988
              Buffers: shared hit=688
Planning Time: 0.135 ms
Execution Time: 32.747 ms",37.112,5883.45,15,"GroupAggregate  (cost=5555.41..5883.45 rows=36 width=12) (actual rows=15 loops=1)
  Group Key: activity_date
  Buffers: shared hit=688
  ->  Sort  (cost=5555.41..5664.64 rows=43690 width=8) (actual rows=44012 loops=1)
        Sort Key: activity_date
        Sort Method: quicksort  Memory: 3429kB
        Buffers: shared hit=688
        ->  Seq Scan on activity  (cost=0.00..2188.00 rows=43690 width=8) (actual rows=44012 loops=1)
              Filter: ((activity_date > '2019-06-27'::date) AND (activity_date <= '2019-07-27'::date))
              Rows Removed by Filter: 55988
              Buffers: shared hit=688
Planning Time: 0.073 ms
Execution Time: 37.112 ms",33.044,5883.45,15,"GroupAggregate  (cost=5555.41..5883.45 rows=36 width=12) (actual rows=15 loops=1)
  Group Key: activity_date
  Buffers: shared hit=688
  ->  Sort  (cost=5555.41..5664.64 rows=43690 width=8) (actual rows=44012 loops=1)
        Sort Key: activity_date
        Sort Method: quicksort  Memory: 3429kB
        Buffers: shared hit=688
        ->  Seq Scan on activity  (cost=0.00..2188.00 rows=43690 width=8) (actual rows=44012 loops=1)
              Filter: ((activity_date > '2019-06-27'::date) AND (activity_date <= '2019-07-27'::date))
              Rows Removed by Filter: 55988
              Buffers: shared hit=688
Planning Time: 0.098 ms
Execution Time: 33.044 ms",41.037,5883.45,15,"GroupAggregate  (cost=5555.41..5883.45 rows=36 width=12) (actual rows=15 loops=1)
  Group Key: activity_date
  Buffers: shared hit=688
  ->  Sort  (cost=5555.41..5664.64 rows=43690 width=8) (actual rows=44012 loops=1)
        Sort Key: activity_date
        Sort Method: quicksort  Memory: 3429kB
        Buffers: shared hit=688
        ->  Seq Scan on activity  (cost=0.00..2188.00 rows=43690 width=8) (actual rows=44012 loops=1)
              Filter: ((activity_date > '2019-06-27'::date) AND (activity_date <= '2019-07-27'::date))
              Rows Removed by Filter: 55988
              Buffers: shared hit=688
Planning Time: 0.081 ms
Execution Time: 41.037 ms",34.5286,33.044,39.0745,42.607,5883.45,5883.45,15,15,15,15,normal,not normal,22.087244300000002,11.809663799999996,equal variances,not significant,0.5,-0.14920000000000044,2.717000000000006,-3225.7999999999997,0,True
684,1141,144,Easy,"select t_cte_11.c_activity_date0 as day, count(t_cte_11.c_user_id0) as active_users from (select distinct t_activity_0.activity_date as c_activity_date0, t_activity_0.user_id as c_user_id0 from schema_1141.activity as t_activity_0) as t_cte_11 group by t_cte_11.c_activity_date0 having t_cte_11.c_activity_date0 <= '2019-07-27' and '2019-06-27' < t_cte_11.c_activity_date0",35.001,2657.65,15,"HashAggregate  (cost=2655.65..2657.65 rows=200 width=12) (actual rows=15 loops=1)
  Group Key: t_activity_0.activity_date
  Batches: 1  Memory Usage: 40kB
  Buffers: shared hit=688
  ->  HashAggregate  (cost=2406.45..2506.13 rows=9968 width=8) (actual rows=37138 loops=1)
        Group Key: t_activity_0.activity_date, t_activity_0.user_id
        Batches: 1  Memory Usage: 3345kB
        Buffers: shared hit=688
        ->  Seq Scan on activity t_activity_0  (cost=0.00..2188.00 rows=43690 width=8) (actual rows=44012 loops=1)
              Filter: ((activity_date <= '2019-07-27'::date) AND ('2019-06-27'::date < activity_date))
              Rows Removed by Filter: 55988
              Buffers: shared hit=688
Planning Time: 0.074 ms
Execution Time: 35.001 ms",35.774,2657.65,15,"HashAggregate  (cost=2655.65..2657.65 rows=200 width=12) (actual rows=15 loops=1)
  Group Key: t_activity_0.activity_date
  Batches: 1  Memory Usage: 40kB
  Buffers: shared hit=688
  ->  HashAggregate  (cost=2406.45..2506.13 rows=9968 width=8) (actual rows=37138 loops=1)
        Group Key: t_activity_0.activity_date, t_activity_0.user_id
        Batches: 1  Memory Usage: 3345kB
        Buffers: shared hit=688
        ->  Seq Scan on activity t_activity_0  (cost=0.00..2188.00 rows=43690 width=8) (actual rows=44012 loops=1)
              Filter: ((activity_date <= '2019-07-27'::date) AND ('2019-06-27'::date < activity_date))
              Rows Removed by Filter: 55988
              Buffers: shared hit=688
Planning Time: 0.110 ms
Execution Time: 35.774 ms",36.49,2657.65,15,"HashAggregate  (cost=2655.65..2657.65 rows=200 width=12) (actual rows=15 loops=1)
  Group Key: t_activity_0.activity_date
  Batches: 1  Memory Usage: 40kB
  Buffers: shared hit=688
  ->  HashAggregate  (cost=2406.45..2506.13 rows=9968 width=8) (actual rows=37138 loops=1)
        Group Key: t_activity_0.activity_date, t_activity_0.user_id
        Batches: 1  Memory Usage: 3345kB
        Buffers: shared hit=688
        ->  Seq Scan on activity t_activity_0  (cost=0.00..2188.00 rows=43690 width=8) (actual rows=44012 loops=1)
              Filter: ((activity_date <= '2019-07-27'::date) AND ('2019-06-27'::date < activity_date))
              Rows Removed by Filter: 55988
              Buffers: shared hit=688
Planning Time: 0.134 ms
Execution Time: 36.490 ms",34.74,2657.65,15,"HashAggregate  (cost=2655.65..2657.65 rows=200 width=12) (actual rows=15 loops=1)
  Group Key: t_activity_0.activity_date
  Batches: 1  Memory Usage: 40kB
  Buffers: shared hit=688
  ->  HashAggregate  (cost=2406.45..2506.13 rows=9968 width=8) (actual rows=37138 loops=1)
        Group Key: t_activity_0.activity_date, t_activity_0.user_id
        Batches: 1  Memory Usage: 3345kB
        Buffers: shared hit=688
        ->  Seq Scan on activity t_activity_0  (cost=0.00..2188.00 rows=43690 width=8) (actual rows=44012 loops=1)
              Filter: ((activity_date <= '2019-07-27'::date) AND ('2019-06-27'::date < activity_date))
              Rows Removed by Filter: 55988
              Buffers: shared hit=688
Planning Time: 0.150 ms
Execution Time: 34.740 ms",34.814,2657.65,15,"HashAggregate  (cost=2655.65..2657.65 rows=200 width=12) (actual rows=15 loops=1)
  Group Key: t_activity_0.activity_date
  Batches: 1  Memory Usage: 40kB
  Buffers: shared hit=688
  ->  HashAggregate  (cost=2406.45..2506.13 rows=9968 width=8) (actual rows=37138 loops=1)
        Group Key: t_activity_0.activity_date, t_activity_0.user_id
        Batches: 1  Memory Usage: 3345kB
        Buffers: shared hit=688
        ->  Seq Scan on activity t_activity_0  (cost=0.00..2188.00 rows=43690 width=8) (actual rows=44012 loops=1)
              Filter: ((activity_date <= '2019-07-27'::date) AND ('2019-06-27'::date < activity_date))
              Rows Removed by Filter: 55988
              Buffers: shared hit=688
Planning Time: 0.120 ms
Execution Time: 34.814 ms",35.3638,35.001,36.132,36.7764,2657.65,2657.65,15,15,15,15,1141_144,684,1141,144,Easy,"select activity_date as day, count(distinct user_id) as active_users from schema_1141.activity where ('2019-06-27' < activity_date and activity_date <= '2019-07-27') group by 1",28.568,5883.45,15,"GroupAggregate  (cost=5555.41..5883.45 rows=36 width=12) (actual rows=15 loops=1)
  Group Key: activity_date
  Buffers: shared hit=688
  ->  Sort  (cost=5555.41..5664.64 rows=43690 width=8) (actual rows=44012 loops=1)
        Sort Key: activity_date
        Sort Method: quicksort  Memory: 3429kB
        Buffers: shared hit=688
        ->  Seq Scan on activity  (cost=0.00..2188.00 rows=43690 width=8) (actual rows=44012 loops=1)
              Filter: (('2019-06-27'::date < activity_date) AND (activity_date <= '2019-07-27'::date))
              Rows Removed by Filter: 55988
              Buffers: shared hit=688
Planning Time: 0.072 ms
Execution Time: 28.568 ms",36.607,5883.45,15,"GroupAggregate  (cost=5555.41..5883.45 rows=36 width=12) (actual rows=15 loops=1)
  Group Key: activity_date
  Buffers: shared hit=688
  ->  Sort  (cost=5555.41..5664.64 rows=43690 width=8) (actual rows=44012 loops=1)
        Sort Key: activity_date
        Sort Method: quicksort  Memory: 3429kB
        Buffers: shared hit=688
        ->  Seq Scan on activity  (cost=0.00..2188.00 rows=43690 width=8) (actual rows=44012 loops=1)
              Filter: (('2019-06-27'::date < activity_date) AND (activity_date <= '2019-07-27'::date))
              Rows Removed by Filter: 55988
              Buffers: shared hit=688
Planning Time: 0.065 ms
Execution Time: 36.607 ms",32.184,5883.45,15,"GroupAggregate  (cost=5555.41..5883.45 rows=36 width=12) (actual rows=15 loops=1)
  Group Key: activity_date
  Buffers: shared hit=688
  ->  Sort  (cost=5555.41..5664.64 rows=43690 width=8) (actual rows=44012 loops=1)
        Sort Key: activity_date
        Sort Method: quicksort  Memory: 3429kB
        Buffers: shared hit=688
        ->  Seq Scan on activity  (cost=0.00..2188.00 rows=43690 width=8) (actual rows=44012 loops=1)
              Filter: (('2019-06-27'::date < activity_date) AND (activity_date <= '2019-07-27'::date))
              Rows Removed by Filter: 55988
              Buffers: shared hit=688
Planning Time: 0.080 ms
Execution Time: 32.184 ms",34.552,5883.45,15,"GroupAggregate  (cost=5555.41..5883.45 rows=36 width=12) (actual rows=15 loops=1)
  Group Key: activity_date
  Buffers: shared hit=688
  ->  Sort  (cost=5555.41..5664.64 rows=43690 width=8) (actual rows=44012 loops=1)
        Sort Key: activity_date
        Sort Method: quicksort  Memory: 3429kB
        Buffers: shared hit=688
        ->  Seq Scan on activity  (cost=0.00..2188.00 rows=43690 width=8) (actual rows=44012 loops=1)
              Filter: (('2019-06-27'::date < activity_date) AND (activity_date <= '2019-07-27'::date))
              Rows Removed by Filter: 55988
              Buffers: shared hit=688
Planning Time: 0.124 ms
Execution Time: 34.552 ms",35.887,5883.45,15,"GroupAggregate  (cost=5555.41..5883.45 rows=36 width=12) (actual rows=15 loops=1)
  Group Key: activity_date
  Buffers: shared hit=688
  ->  Sort  (cost=5555.41..5664.64 rows=43690 width=8) (actual rows=44012 loops=1)
        Sort Key: activity_date
        Sort Method: quicksort  Memory: 3429kB
        Buffers: shared hit=688
        ->  Seq Scan on activity  (cost=0.00..2188.00 rows=43690 width=8) (actual rows=44012 loops=1)
              Filter: (('2019-06-27'::date < activity_date) AND (activity_date <= '2019-07-27'::date))
              Rows Removed by Filter: 55988
              Buffers: shared hit=688
Planning Time: 0.073 ms
Execution Time: 35.887 ms",33.5596,34.552,36.247,36.895,5883.45,5883.45,15,15,15,15,normal,normal,10.624160299999996,0.5649052000000011,equal variances,not significant,0.7896825396825397,1.8041999999999945,0.44899999999999807,-3225.7999999999997,0,True
685,1141,147,Easy,"select t_cte_26.c_activity_date0 as day, count(t_cte_26.c_user_id0) as active_users from (select distinct t_activity_0.user_id as c_user_id0, t_activity_0.activity_date as c_activity_date0 from schema_1141.activity as t_activity_0) as t_cte_26 group by t_cte_26.c_activity_date0 having t_cte_26.c_activity_date0 <= '2019-07-27' and '2019-06-27' < t_cte_26.c_activity_date0",28.71,2657.65,15,"HashAggregate  (cost=2655.65..2657.65 rows=200 width=12) (actual rows=15 loops=1)
  Group Key: t_activity_0.activity_date
  Batches: 1  Memory Usage: 40kB
  Buffers: shared hit=688
  ->  HashAggregate  (cost=2406.45..2506.13 rows=9968 width=8) (actual rows=37138 loops=1)
        Group Key: t_activity_0.user_id, t_activity_0.activity_date
        Batches: 1  Memory Usage: 3345kB
        Buffers: shared hit=688
        ->  Seq Scan on activity t_activity_0  (cost=0.00..2188.00 rows=43690 width=8) (actual rows=44012 loops=1)
              Filter: ((activity_date <= '2019-07-27'::date) AND ('2019-06-27'::date < activity_date))
              Rows Removed by Filter: 55988
              Buffers: shared hit=688
Planning Time: 0.067 ms
Execution Time: 28.710 ms",40.062,2657.65,15,"HashAggregate  (cost=2655.65..2657.65 rows=200 width=12) (actual rows=15 loops=1)
  Group Key: t_activity_0.activity_date
  Batches: 1  Memory Usage: 40kB
  Buffers: shared hit=688
  ->  HashAggregate  (cost=2406.45..2506.13 rows=9968 width=8) (actual rows=37138 loops=1)
        Group Key: t_activity_0.user_id, t_activity_0.activity_date
        Batches: 1  Memory Usage: 3345kB
        Buffers: shared hit=688
        ->  Seq Scan on activity t_activity_0  (cost=0.00..2188.00 rows=43690 width=8) (actual rows=44012 loops=1)
              Filter: ((activity_date <= '2019-07-27'::date) AND ('2019-06-27'::date < activity_date))
              Rows Removed by Filter: 55988
              Buffers: shared hit=688
Planning Time: 0.090 ms
Execution Time: 40.062 ms",34.746,2657.65,15,"HashAggregate  (cost=2655.65..2657.65 rows=200 width=12) (actual rows=15 loops=1)
  Group Key: t_activity_0.activity_date
  Batches: 1  Memory Usage: 40kB
  Buffers: shared hit=688
  ->  HashAggregate  (cost=2406.45..2506.13 rows=9968 width=8) (actual rows=37138 loops=1)
        Group Key: t_activity_0.user_id, t_activity_0.activity_date
        Batches: 1  Memory Usage: 3345kB
        Buffers: shared hit=688
        ->  Seq Scan on activity t_activity_0  (cost=0.00..2188.00 rows=43690 width=8) (actual rows=44012 loops=1)
              Filter: ((activity_date <= '2019-07-27'::date) AND ('2019-06-27'::date < activity_date))
              Rows Removed by Filter: 55988
              Buffers: shared hit=688
Planning Time: 0.093 ms
Execution Time: 34.746 ms",35.051,2657.65,15,"HashAggregate  (cost=2655.65..2657.65 rows=200 width=12) (actual rows=15 loops=1)
  Group Key: t_activity_0.activity_date
  Batches: 1  Memory Usage: 40kB
  Buffers: shared hit=688
  ->  HashAggregate  (cost=2406.45..2506.13 rows=9968 width=8) (actual rows=37138 loops=1)
        Group Key: t_activity_0.user_id, t_activity_0.activity_date
        Batches: 1  Memory Usage: 3345kB
        Buffers: shared hit=688
        ->  Seq Scan on activity t_activity_0  (cost=0.00..2188.00 rows=43690 width=8) (actual rows=44012 loops=1)
              Filter: ((activity_date <= '2019-07-27'::date) AND ('2019-06-27'::date < activity_date))
              Rows Removed by Filter: 55988
              Buffers: shared hit=688
Planning Time: 0.153 ms
Execution Time: 35.051 ms",35.481,2657.65,15,"HashAggregate  (cost=2655.65..2657.65 rows=200 width=12) (actual rows=15 loops=1)
  Group Key: t_activity_0.activity_date
  Batches: 1  Memory Usage: 40kB
  Buffers: shared hit=688
  ->  HashAggregate  (cost=2406.45..2506.13 rows=9968 width=8) (actual rows=37138 loops=1)
        Group Key: t_activity_0.user_id, t_activity_0.activity_date
        Batches: 1  Memory Usage: 3345kB
        Buffers: shared hit=688
        ->  Seq Scan on activity t_activity_0  (cost=0.00..2188.00 rows=43690 width=8) (actual rows=44012 loops=1)
              Filter: ((activity_date <= '2019-07-27'::date) AND ('2019-06-27'::date < activity_date))
              Rows Removed by Filter: 55988
              Buffers: shared hit=688
Planning Time: 0.115 ms
Execution Time: 35.481 ms",34.81,35.051,37.7715,41.8944,2657.65,2657.65,15,15,15,15,1141_147,685,1141,147,Easy,"select activity_date as day, count(distinct user_id) as active_users from schema_1141.activity where (activity_date > '2019-06-27' and activity_date <= '2019-07-27') group by activity_date",29.845,5883.45,15,"GroupAggregate  (cost=5555.41..5883.45 rows=36 width=12) (actual rows=15 loops=1)
  Group Key: activity_date
  Buffers: shared hit=688
  ->  Sort  (cost=5555.41..5664.64 rows=43690 width=8) (actual rows=44012 loops=1)
        Sort Key: activity_date
        Sort Method: quicksort  Memory: 3429kB
        Buffers: shared hit=688
        ->  Seq Scan on activity  (cost=0.00..2188.00 rows=43690 width=8) (actual rows=44012 loops=1)
              Filter: ((activity_date > '2019-06-27'::date) AND (activity_date <= '2019-07-27'::date))
              Rows Removed by Filter: 55988
              Buffers: shared hit=688
Planning Time: 0.048 ms
Execution Time: 29.845 ms",36.215,5883.45,15,"GroupAggregate  (cost=5555.41..5883.45 rows=36 width=12) (actual rows=15 loops=1)
  Group Key: activity_date
  Buffers: shared hit=688
  ->  Sort  (cost=5555.41..5664.64 rows=43690 width=8) (actual rows=44012 loops=1)
        Sort Key: activity_date
        Sort Method: quicksort  Memory: 3429kB
        Buffers: shared hit=688
        ->  Seq Scan on activity  (cost=0.00..2188.00 rows=43690 width=8) (actual rows=44012 loops=1)
              Filter: ((activity_date > '2019-06-27'::date) AND (activity_date <= '2019-07-27'::date))
              Rows Removed by Filter: 55988
              Buffers: shared hit=688
Planning Time: 0.066 ms
Execution Time: 36.215 ms",36.978,5883.45,15,"GroupAggregate  (cost=5555.41..5883.45 rows=36 width=12) (actual rows=15 loops=1)
  Group Key: activity_date
  Buffers: shared hit=688
  ->  Sort  (cost=5555.41..5664.64 rows=43690 width=8) (actual rows=44012 loops=1)
        Sort Key: activity_date
        Sort Method: quicksort  Memory: 3429kB
        Buffers: shared hit=688
        ->  Seq Scan on activity  (cost=0.00..2188.00 rows=43690 width=8) (actual rows=44012 loops=1)
              Filter: ((activity_date > '2019-06-27'::date) AND (activity_date <= '2019-07-27'::date))
              Rows Removed by Filter: 55988
              Buffers: shared hit=688
Planning Time: 0.090 ms
Execution Time: 36.978 ms",36.002,5883.45,15,"GroupAggregate  (cost=5555.41..5883.45 rows=36 width=12) (actual rows=15 loops=1)
  Group Key: activity_date
  Buffers: shared hit=688
  ->  Sort  (cost=5555.41..5664.64 rows=43690 width=8) (actual rows=44012 loops=1)
        Sort Key: activity_date
        Sort Method: quicksort  Memory: 3429kB
        Buffers: shared hit=688
        ->  Seq Scan on activity  (cost=0.00..2188.00 rows=43690 width=8) (actual rows=44012 loops=1)
              Filter: ((activity_date > '2019-06-27'::date) AND (activity_date <= '2019-07-27'::date))
              Rows Removed by Filter: 55988
              Buffers: shared hit=688
Planning Time: 0.126 ms
Execution Time: 36.002 ms",36.048,5883.45,15,"GroupAggregate  (cost=5555.41..5883.45 rows=36 width=12) (actual rows=15 loops=1)
  Group Key: activity_date
  Buffers: shared hit=688
  ->  Sort  (cost=5555.41..5664.64 rows=43690 width=8) (actual rows=44012 loops=1)
        Sort Key: activity_date
        Sort Method: quicksort  Memory: 3429kB
        Buffers: shared hit=688
        ->  Seq Scan on activity  (cost=0.00..2188.00 rows=43690 width=8) (actual rows=44012 loops=1)
              Filter: ((activity_date > '2019-06-27'::date) AND (activity_date <= '2019-07-27'::date))
              Rows Removed by Filter: 55988
              Buffers: shared hit=688
Planning Time: 0.071 ms
Execution Time: 36.048 ms",35.0176,36.048,36.5965,37.2832,5883.45,5883.45,15,15,15,15,not normal,normal,8.515873300000008,16.326480499999995,equal variances,not significant,0.21031746031746032,-0.20759999999999934,-0.9969999999999999,-3225.7999999999997,0,True
702,1149,1,Medium,"select distinct t_cte_10.c_viewer_id0 as id from (select distinct v.view_date as c_view_date0, v.viewer_id as c_viewer_id0, v.article_id as c_article_id0 from schema_1149.views as v order by c_viewer_id0 asc) as t_cte_10 group by t_cte_10.c_viewer_id0,t_cte_10.c_view_date0 having 1 < count(t_cte_10.c_article_id0)",140.37,3283.5,100,"Unique  (cost=3281.84..3283.50 rows=333 width=8) (actual rows=100 loops=1)
  Buffers: shared hit=541, temp read=664 written=987
  ->  Sort  (cost=3281.84..3282.67 rows=333 width=8) (actual rows=27263 loops=1)
        Sort Key: v.viewer_id
        Sort Method: quicksort  Memory: 2046kB
        Buffers: shared hit=541, temp read=664 written=987
        ->  HashAggregate  (cost=3255.39..3267.89 rows=333 width=8) (actual rows=27263 loops=1)
              Group Key: v.viewer_id, v.view_date
              Filter: (1 < count(v.article_id))
              Batches: 5  Memory Usage: 4145kB  Disk Usage: 1728kB
              Rows Removed by Filter: 30784
              Buffers: shared hit=541, temp read=664 written=987
              ->  Sort  (cost=3055.39..3080.39 rows=10000 width=12) (actual rows=99992 loops=1)
                    Sort Key: v.viewer_id
                    Sort Method: external merge  Disk: 2160kB
                    Buffers: shared hit=541, temp read=470 written=632
                    ->  HashAggregate  (cost=2291.00..2391.00 rows=10000 width=12) (actual rows=99992 loops=1)
                          Group Key: v.viewer_id, v.view_date, v.article_id
                          Batches: 5  Memory Usage: 4145kB  Disk Usage: 1744kB
                          Buffers: shared hit=541, temp read=200 written=361
                          ->  Seq Scan on views v  (cost=0.00..1541.00 rows=100000 width=12) (actual rows=100000 loops=1)
                                Buffers: shared hit=541
Planning Time: 0.067 ms
Execution Time: 140.370 ms",149.579,3283.5,100,"Unique  (cost=3281.84..3283.50 rows=333 width=8) (actual rows=100 loops=1)
  Buffers: shared hit=541, temp read=664 written=987
  ->  Sort  (cost=3281.84..3282.67 rows=333 width=8) (actual rows=27263 loops=1)
        Sort Key: v.viewer_id
        Sort Method: quicksort  Memory: 2046kB
        Buffers: shared hit=541, temp read=664 written=987
        ->  HashAggregate  (cost=3255.39..3267.89 rows=333 width=8) (actual rows=27263 loops=1)
              Group Key: v.viewer_id, v.view_date
              Filter: (1 < count(v.article_id))
              Batches: 5  Memory Usage: 4145kB  Disk Usage: 1728kB
              Rows Removed by Filter: 30784
              Buffers: shared hit=541, temp read=664 written=987
              ->  Sort  (cost=3055.39..3080.39 rows=10000 width=12) (actual rows=99992 loops=1)
                    Sort Key: v.viewer_id
                    Sort Method: external merge  Disk: 2160kB
                    Buffers: shared hit=541, temp read=470 written=632
                    ->  HashAggregate  (cost=2291.00..2391.00 rows=10000 width=12) (actual rows=99992 loops=1)
                          Group Key: v.viewer_id, v.view_date, v.article_id
                          Batches: 5  Memory Usage: 4145kB  Disk Usage: 1744kB
                          Buffers: shared hit=541, temp read=200 written=361
                          ->  Seq Scan on views v  (cost=0.00..1541.00 rows=100000 width=12) (actual rows=100000 loops=1)
                                Buffers: shared hit=541
Planning Time: 0.130 ms
Execution Time: 149.579 ms",145.544,3283.5,100,"Unique  (cost=3281.84..3283.50 rows=333 width=8) (actual rows=100 loops=1)
  Buffers: shared hit=541, temp read=664 written=987
  ->  Sort  (cost=3281.84..3282.67 rows=333 width=8) (actual rows=27263 loops=1)
        Sort Key: v.viewer_id
        Sort Method: quicksort  Memory: 2046kB
        Buffers: shared hit=541, temp read=664 written=987
        ->  HashAggregate  (cost=3255.39..3267.89 rows=333 width=8) (actual rows=27263 loops=1)
              Group Key: v.viewer_id, v.view_date
              Filter: (1 < count(v.article_id))
              Batches: 5  Memory Usage: 4145kB  Disk Usage: 1728kB
              Rows Removed by Filter: 30784
              Buffers: shared hit=541, temp read=664 written=987
              ->  Sort  (cost=3055.39..3080.39 rows=10000 width=12) (actual rows=99992 loops=1)
                    Sort Key: v.viewer_id
                    Sort Method: external merge  Disk: 2160kB
                    Buffers: shared hit=541, temp read=470 written=632
                    ->  HashAggregate  (cost=2291.00..2391.00 rows=10000 width=12) (actual rows=99992 loops=1)
                          Group Key: v.viewer_id, v.view_date, v.article_id
                          Batches: 5  Memory Usage: 4145kB  Disk Usage: 1744kB
                          Buffers: shared hit=541, temp read=200 written=361
                          ->  Seq Scan on views v  (cost=0.00..1541.00 rows=100000 width=12) (actual rows=100000 loops=1)
                                Buffers: shared hit=541
Planning Time: 0.151 ms
Execution Time: 145.544 ms",148.412,3283.5,100,"Unique  (cost=3281.84..3283.50 rows=333 width=8) (actual rows=100 loops=1)
  Buffers: shared hit=541, temp read=664 written=987
  ->  Sort  (cost=3281.84..3282.67 rows=333 width=8) (actual rows=27263 loops=1)
        Sort Key: v.viewer_id
        Sort Method: quicksort  Memory: 2046kB
        Buffers: shared hit=541, temp read=664 written=987
        ->  HashAggregate  (cost=3255.39..3267.89 rows=333 width=8) (actual rows=27263 loops=1)
              Group Key: v.viewer_id, v.view_date
              Filter: (1 < count(v.article_id))
              Batches: 5  Memory Usage: 4145kB  Disk Usage: 1728kB
              Rows Removed by Filter: 30784
              Buffers: shared hit=541, temp read=664 written=987
              ->  Sort  (cost=3055.39..3080.39 rows=10000 width=12) (actual rows=99992 loops=1)
                    Sort Key: v.viewer_id
                    Sort Method: external merge  Disk: 2160kB
                    Buffers: shared hit=541, temp read=470 written=632
                    ->  HashAggregate  (cost=2291.00..2391.00 rows=10000 width=12) (actual rows=99992 loops=1)
                          Group Key: v.viewer_id, v.view_date, v.article_id
                          Batches: 5  Memory Usage: 4145kB  Disk Usage: 1744kB
                          Buffers: shared hit=541, temp read=200 written=361
                          ->  Seq Scan on views v  (cost=0.00..1541.00 rows=100000 width=12) (actual rows=100000 loops=1)
                                Buffers: shared hit=541
Planning Time: 0.138 ms
Execution Time: 148.412 ms",158.958,3283.5,100,"Unique  (cost=3281.84..3283.50 rows=333 width=8) (actual rows=100 loops=1)
  Buffers: shared hit=541, temp read=664 written=987
  ->  Sort  (cost=3281.84..3282.67 rows=333 width=8) (actual rows=27263 loops=1)
        Sort Key: v.viewer_id
        Sort Method: quicksort  Memory: 2046kB
        Buffers: shared hit=541, temp read=664 written=987
        ->  HashAggregate  (cost=3255.39..3267.89 rows=333 width=8) (actual rows=27263 loops=1)
              Group Key: v.viewer_id, v.view_date
              Filter: (1 < count(v.article_id))
              Batches: 5  Memory Usage: 4145kB  Disk Usage: 1728kB
              Rows Removed by Filter: 30784
              Buffers: shared hit=541, temp read=664 written=987
              ->  Sort  (cost=3055.39..3080.39 rows=10000 width=12) (actual rows=99992 loops=1)
                    Sort Key: v.viewer_id
                    Sort Method: external merge  Disk: 2160kB
                    Buffers: shared hit=541, temp read=470 written=632
                    ->  HashAggregate  (cost=2291.00..2391.00 rows=10000 width=12) (actual rows=99992 loops=1)
                          Group Key: v.viewer_id, v.view_date, v.article_id
                          Batches: 5  Memory Usage: 4145kB  Disk Usage: 1744kB
                          Buffers: shared hit=541, temp read=200 written=361
                          ->  Seq Scan on views v  (cost=0.00..1541.00 rows=100000 width=12) (actual rows=100000 loops=1)
                                Buffers: shared hit=541
Planning Time: 0.108 ms
Execution Time: 158.958 ms",148.5726,148.412,154.2685,162.7096,3283.5,3283.5,100,100,100,100,1149_1,702,1149,1,Medium,"select distinct v.viewer_id as id from schema_1149.views as v group by v.view_date, v.viewer_id having count(distinct v.article_id) > 1 order by v.viewer_id",122.311,10979.15,100,"Unique  (cost=9845.82..10979.15 rows=3333 width=8) (actual rows=100 loops=1)
  Buffers: shared hit=541, temp read=270 written=271
  ->  GroupAggregate  (cost=9845.82..10970.82 rows=3333 width=8) (actual rows=27263 loops=1)
        Group Key: viewer_id, view_date
        Filter: (count(DISTINCT article_id) > 1)
        Rows Removed by Filter: 30784
        Buffers: shared hit=541, temp read=270 written=271
        ->  Sort  (cost=9845.82..10095.82 rows=100000 width=12) (actual rows=100000 loops=1)
              Sort Key: viewer_id, view_date
              Sort Method: external merge  Disk: 2160kB
              Buffers: shared hit=541, temp read=270 written=271
              ->  Seq Scan on views v  (cost=0.00..1541.00 rows=100000 width=12) (actual rows=100000 loops=1)
                    Buffers: shared hit=541
Planning:
  Buffers: shared hit=2
Planning Time: 0.061 ms
Execution Time: 122.311 ms",131.634,10979.15,100,"Unique  (cost=9845.82..10979.15 rows=3333 width=8) (actual rows=100 loops=1)
  Buffers: shared hit=541, temp read=270 written=271
  ->  GroupAggregate  (cost=9845.82..10970.82 rows=3333 width=8) (actual rows=27263 loops=1)
        Group Key: viewer_id, view_date
        Filter: (count(DISTINCT article_id) > 1)
        Rows Removed by Filter: 30784
        Buffers: shared hit=541, temp read=270 written=271
        ->  Sort  (cost=9845.82..10095.82 rows=100000 width=12) (actual rows=100000 loops=1)
              Sort Key: viewer_id, view_date
              Sort Method: external merge  Disk: 2160kB
              Buffers: shared hit=541, temp read=270 written=271
              ->  Seq Scan on views v  (cost=0.00..1541.00 rows=100000 width=12) (actual rows=100000 loops=1)
                    Buffers: shared hit=541
Planning:
  Buffers: shared hit=2
Planning Time: 0.160 ms
Execution Time: 131.634 ms",133.149,10979.15,100,"Unique  (cost=9845.82..10979.15 rows=3333 width=8) (actual rows=100 loops=1)
  Buffers: shared hit=541, temp read=270 written=271
  ->  GroupAggregate  (cost=9845.82..10970.82 rows=3333 width=8) (actual rows=27263 loops=1)
        Group Key: viewer_id, view_date
        Filter: (count(DISTINCT article_id) > 1)
        Rows Removed by Filter: 30784
        Buffers: shared hit=541, temp read=270 written=271
        ->  Sort  (cost=9845.82..10095.82 rows=100000 width=12) (actual rows=100000 loops=1)
              Sort Key: viewer_id, view_date
              Sort Method: external merge  Disk: 2160kB
              Buffers: shared hit=541, temp read=270 written=271
              ->  Seq Scan on views v  (cost=0.00..1541.00 rows=100000 width=12) (actual rows=100000 loops=1)
                    Buffers: shared hit=541
Planning:
  Buffers: shared hit=2
Planning Time: 0.081 ms
Execution Time: 133.149 ms",130.039,10979.15,100,"Unique  (cost=9845.82..10979.15 rows=3333 width=8) (actual rows=100 loops=1)
  Buffers: shared hit=541, temp read=270 written=271
  ->  GroupAggregate  (cost=9845.82..10970.82 rows=3333 width=8) (actual rows=27263 loops=1)
        Group Key: viewer_id, view_date
        Filter: (count(DISTINCT article_id) > 1)
        Rows Removed by Filter: 30784
        Buffers: shared hit=541, temp read=270 written=271
        ->  Sort  (cost=9845.82..10095.82 rows=100000 width=12) (actual rows=100000 loops=1)
              Sort Key: viewer_id, view_date
              Sort Method: external merge  Disk: 2160kB
              Buffers: shared hit=541, temp read=270 written=271
              ->  Seq Scan on views v  (cost=0.00..1541.00 rows=100000 width=12) (actual rows=100000 loops=1)
                    Buffers: shared hit=541
Planning:
  Buffers: shared hit=2
Planning Time: 0.073 ms
Execution Time: 130.039 ms",136.778,10979.15,100,"Unique  (cost=9845.82..10979.15 rows=3333 width=8) (actual rows=100 loops=1)
  Buffers: shared hit=541, temp read=270 written=271
  ->  GroupAggregate  (cost=9845.82..10970.82 rows=3333 width=8) (actual rows=27263 loops=1)
        Group Key: viewer_id, view_date
        Filter: (count(DISTINCT article_id) > 1)
        Rows Removed by Filter: 30784
        Buffers: shared hit=541, temp read=270 written=271
        ->  Sort  (cost=9845.82..10095.82 rows=100000 width=12) (actual rows=100000 loops=1)
              Sort Key: viewer_id, view_date
              Sort Method: external merge  Disk: 2160kB
              Buffers: shared hit=541, temp read=270 written=271
              ->  Seq Scan on views v  (cost=0.00..1541.00 rows=100000 width=12) (actual rows=100000 loops=1)
                    Buffers: shared hit=541
Planning:
  Buffers: shared hit=2
Planning Time: 0.099 ms
Execution Time: 136.778 ms",130.7822,131.634,134.9635,138.2296,10979.15,10979.15,100,100,100,100,normal,normal,28.647624699999945,46.33755779999996,equal variances,not significant,1.0,17.790400000000005,16.77800000000002,-7695.65,0,True
703,1149,5,Medium,"select distinct t_cte_22.c_viewer_id0 as id from (select distinct t_views_0.article_id as c_article_id0, t_views_0.viewer_id as c_viewer_id0, t_views_0.view_date as c_view_date0 from schema_1149.views as t_views_0 order by c_viewer_id0 asc) as t_cte_22 group by t_cte_22.c_view_date0,t_cte_22.c_viewer_id0 having 1 < count(t_cte_22.c_article_id0)",136.637,3283.5,100,"Unique  (cost=3281.84..3283.50 rows=333 width=8) (actual rows=100 loops=1)
  Buffers: shared hit=541, temp read=664 written=987
  ->  Sort  (cost=3281.84..3282.67 rows=333 width=8) (actual rows=27263 loops=1)
        Sort Key: t_views_0.viewer_id
        Sort Method: quicksort  Memory: 2046kB
        Buffers: shared hit=541, temp read=664 written=987
        ->  HashAggregate  (cost=3255.39..3267.89 rows=333 width=8) (actual rows=27263 loops=1)
              Group Key: t_views_0.view_date, t_views_0.viewer_id
              Filter: (1 < count(t_views_0.article_id))
              Batches: 5  Memory Usage: 4145kB  Disk Usage: 1728kB
              Rows Removed by Filter: 30784
              Buffers: shared hit=541, temp read=664 written=987
              ->  Sort  (cost=3055.39..3080.39 rows=10000 width=12) (actual rows=99992 loops=1)
                    Sort Key: t_views_0.viewer_id
                    Sort Method: external merge  Disk: 2160kB
                    Buffers: shared hit=541, temp read=470 written=632
                    ->  HashAggregate  (cost=2291.00..2391.00 rows=10000 width=12) (actual rows=99992 loops=1)
                          Group Key: t_views_0.viewer_id, t_views_0.article_id, t_views_0.view_date
                          Batches: 5  Memory Usage: 4145kB  Disk Usage: 1744kB
                          Buffers: shared hit=541, temp read=200 written=361
                          ->  Seq Scan on views t_views_0  (cost=0.00..1541.00 rows=100000 width=12) (actual rows=100000 loops=1)
                                Buffers: shared hit=541
Planning Time: 0.082 ms
Execution Time: 136.637 ms",145.108,3283.5,100,"Unique  (cost=3281.84..3283.50 rows=333 width=8) (actual rows=100 loops=1)
  Buffers: shared hit=541, temp read=664 written=987
  ->  Sort  (cost=3281.84..3282.67 rows=333 width=8) (actual rows=27263 loops=1)
        Sort Key: t_views_0.viewer_id
        Sort Method: quicksort  Memory: 2046kB
        Buffers: shared hit=541, temp read=664 written=987
        ->  HashAggregate  (cost=3255.39..3267.89 rows=333 width=8) (actual rows=27263 loops=1)
              Group Key: t_views_0.view_date, t_views_0.viewer_id
              Filter: (1 < count(t_views_0.article_id))
              Batches: 5  Memory Usage: 4145kB  Disk Usage: 1728kB
              Rows Removed by Filter: 30784
              Buffers: shared hit=541, temp read=664 written=987
              ->  Sort  (cost=3055.39..3080.39 rows=10000 width=12) (actual rows=99992 loops=1)
                    Sort Key: t_views_0.viewer_id
                    Sort Method: external merge  Disk: 2160kB
                    Buffers: shared hit=541, temp read=470 written=632
                    ->  HashAggregate  (cost=2291.00..2391.00 rows=10000 width=12) (actual rows=99992 loops=1)
                          Group Key: t_views_0.viewer_id, t_views_0.article_id, t_views_0.view_date
                          Batches: 5  Memory Usage: 4145kB  Disk Usage: 1744kB
                          Buffers: shared hit=541, temp read=200 written=361
                          ->  Seq Scan on views t_views_0  (cost=0.00..1541.00 rows=100000 width=12) (actual rows=100000 loops=1)
                                Buffers: shared hit=541
Planning Time: 0.102 ms
Execution Time: 145.108 ms",148.331,3283.5,100,"Unique  (cost=3281.84..3283.50 rows=333 width=8) (actual rows=100 loops=1)
  Buffers: shared hit=541, temp read=664 written=987
  ->  Sort  (cost=3281.84..3282.67 rows=333 width=8) (actual rows=27263 loops=1)
        Sort Key: t_views_0.viewer_id
        Sort Method: quicksort  Memory: 2046kB
        Buffers: shared hit=541, temp read=664 written=987
        ->  HashAggregate  (cost=3255.39..3267.89 rows=333 width=8) (actual rows=27263 loops=1)
              Group Key: t_views_0.view_date, t_views_0.viewer_id
              Filter: (1 < count(t_views_0.article_id))
              Batches: 5  Memory Usage: 4145kB  Disk Usage: 1728kB
              Rows Removed by Filter: 30784
              Buffers: shared hit=541, temp read=664 written=987
              ->  Sort  (cost=3055.39..3080.39 rows=10000 width=12) (actual rows=99992 loops=1)
                    Sort Key: t_views_0.viewer_id
                    Sort Method: external merge  Disk: 2160kB
                    Buffers: shared hit=541, temp read=470 written=632
                    ->  HashAggregate  (cost=2291.00..2391.00 rows=10000 width=12) (actual rows=99992 loops=1)
                          Group Key: t_views_0.viewer_id, t_views_0.article_id, t_views_0.view_date
                          Batches: 5  Memory Usage: 4145kB  Disk Usage: 1744kB
                          Buffers: shared hit=541, temp read=200 written=361
                          ->  Seq Scan on views t_views_0  (cost=0.00..1541.00 rows=100000 width=12) (actual rows=100000 loops=1)
                                Buffers: shared hit=541
Planning Time: 0.156 ms
Execution Time: 148.331 ms",143.189,3283.5,100,"Unique  (cost=3281.84..3283.50 rows=333 width=8) (actual rows=100 loops=1)
  Buffers: shared hit=541, temp read=664 written=987
  ->  Sort  (cost=3281.84..3282.67 rows=333 width=8) (actual rows=27263 loops=1)
        Sort Key: t_views_0.viewer_id
        Sort Method: quicksort  Memory: 2046kB
        Buffers: shared hit=541, temp read=664 written=987
        ->  HashAggregate  (cost=3255.39..3267.89 rows=333 width=8) (actual rows=27263 loops=1)
              Group Key: t_views_0.view_date, t_views_0.viewer_id
              Filter: (1 < count(t_views_0.article_id))
              Batches: 5  Memory Usage: 4145kB  Disk Usage: 1728kB
              Rows Removed by Filter: 30784
              Buffers: shared hit=541, temp read=664 written=987
              ->  Sort  (cost=3055.39..3080.39 rows=10000 width=12) (actual rows=99992 loops=1)
                    Sort Key: t_views_0.viewer_id
                    Sort Method: external merge  Disk: 2160kB
                    Buffers: shared hit=541, temp read=470 written=632
                    ->  HashAggregate  (cost=2291.00..2391.00 rows=10000 width=12) (actual rows=99992 loops=1)
                          Group Key: t_views_0.viewer_id, t_views_0.article_id, t_views_0.view_date
                          Batches: 5  Memory Usage: 4145kB  Disk Usage: 1744kB
                          Buffers: shared hit=541, temp read=200 written=361
                          ->  Seq Scan on views t_views_0  (cost=0.00..1541.00 rows=100000 width=12) (actual rows=100000 loops=1)
                                Buffers: shared hit=541
Planning Time: 0.082 ms
Execution Time: 143.189 ms",148.949,3283.5,100,"Unique  (cost=3281.84..3283.50 rows=333 width=8) (actual rows=100 loops=1)
  Buffers: shared hit=541, temp read=664 written=987
  ->  Sort  (cost=3281.84..3282.67 rows=333 width=8) (actual rows=27263 loops=1)
        Sort Key: t_views_0.viewer_id
        Sort Method: quicksort  Memory: 2046kB
        Buffers: shared hit=541, temp read=664 written=987
        ->  HashAggregate  (cost=3255.39..3267.89 rows=333 width=8) (actual rows=27263 loops=1)
              Group Key: t_views_0.view_date, t_views_0.viewer_id
              Filter: (1 < count(t_views_0.article_id))
              Batches: 5  Memory Usage: 4145kB  Disk Usage: 1728kB
              Rows Removed by Filter: 30784
              Buffers: shared hit=541, temp read=664 written=987
              ->  Sort  (cost=3055.39..3080.39 rows=10000 width=12) (actual rows=99992 loops=1)
                    Sort Key: t_views_0.viewer_id
                    Sort Method: external merge  Disk: 2160kB
                    Buffers: shared hit=541, temp read=470 written=632
                    ->  HashAggregate  (cost=2291.00..2391.00 rows=10000 width=12) (actual rows=99992 loops=1)
                          Group Key: t_views_0.viewer_id, t_views_0.article_id, t_views_0.view_date
                          Batches: 5  Memory Usage: 4145kB  Disk Usage: 1744kB
                          Buffers: shared hit=541, temp read=200 written=361
                          ->  Seq Scan on views t_views_0  (cost=0.00..1541.00 rows=100000 width=12) (actual rows=100000 loops=1)
                                Buffers: shared hit=541
Planning Time: 0.105 ms
Execution Time: 148.949 ms",144.4428,145.108,148.64,149.1962,3283.5,3283.5,100,100,100,100,1149_5,703,1149,5,Medium,"select distinct viewer_id as id from (select viewer_id, view_date, count(distinct article_id) as count from schema_1149.views group by viewer_id, view_date having count(distinct article_id) > 1) as a order by viewer_id asc",123.243,11012.48,100,"Result  (cost=9845.82..11012.48 rows=200 width=4) (actual rows=100 loops=1)
  Buffers: shared hit=541, temp read=270 written=271
  ->  Unique  (cost=9845.82..11012.48 rows=200 width=4) (actual rows=100 loops=1)
        Buffers: shared hit=541, temp read=270 written=271
        ->  GroupAggregate  (cost=9845.82..10970.82 rows=3333 width=16) (actual rows=27263 loops=1)
              Group Key: views.viewer_id, views.view_date
              Filter: (count(DISTINCT views.article_id) > 1)
              Rows Removed by Filter: 30784
              Buffers: shared hit=541, temp read=270 written=271
              ->  Sort  (cost=9845.82..10095.82 rows=100000 width=12) (actual rows=100000 loops=1)
                    Sort Key: views.viewer_id, views.view_date
                    Sort Method: external merge  Disk: 2160kB
                    Buffers: shared hit=541, temp read=270 written=271
                    ->  Seq Scan on views  (cost=0.00..1541.00 rows=100000 width=12) (actual rows=100000 loops=1)
                          Buffers: shared hit=541
Planning:
  Buffers: shared hit=2
Planning Time: 0.089 ms
Execution Time: 123.243 ms",127.476,11012.48,100,"Result  (cost=9845.82..11012.48 rows=200 width=4) (actual rows=100 loops=1)
  Buffers: shared hit=541, temp read=270 written=271
  ->  Unique  (cost=9845.82..11012.48 rows=200 width=4) (actual rows=100 loops=1)
        Buffers: shared hit=541, temp read=270 written=271
        ->  GroupAggregate  (cost=9845.82..10970.82 rows=3333 width=16) (actual rows=27263 loops=1)
              Group Key: views.viewer_id, views.view_date
              Filter: (count(DISTINCT views.article_id) > 1)
              Rows Removed by Filter: 30784
              Buffers: shared hit=541, temp read=270 written=271
              ->  Sort  (cost=9845.82..10095.82 rows=100000 width=12) (actual rows=100000 loops=1)
                    Sort Key: views.viewer_id, views.view_date
                    Sort Method: external merge  Disk: 2160kB
                    Buffers: shared hit=541, temp read=270 written=271
                    ->  Seq Scan on views  (cost=0.00..1541.00 rows=100000 width=12) (actual rows=100000 loops=1)
                          Buffers: shared hit=541
Planning:
  Buffers: shared hit=2
Planning Time: 0.096 ms
Execution Time: 127.476 ms",132.348,11012.48,100,"Result  (cost=9845.82..11012.48 rows=200 width=4) (actual rows=100 loops=1)
  Buffers: shared hit=541, temp read=270 written=271
  ->  Unique  (cost=9845.82..11012.48 rows=200 width=4) (actual rows=100 loops=1)
        Buffers: shared hit=541, temp read=270 written=271
        ->  GroupAggregate  (cost=9845.82..10970.82 rows=3333 width=16) (actual rows=27263 loops=1)
              Group Key: views.viewer_id, views.view_date
              Filter: (count(DISTINCT views.article_id) > 1)
              Rows Removed by Filter: 30784
              Buffers: shared hit=541, temp read=270 written=271
              ->  Sort  (cost=9845.82..10095.82 rows=100000 width=12) (actual rows=100000 loops=1)
                    Sort Key: views.viewer_id, views.view_date
                    Sort Method: external merge  Disk: 2160kB
                    Buffers: shared hit=541, temp read=270 written=271
                    ->  Seq Scan on views  (cost=0.00..1541.00 rows=100000 width=12) (actual rows=100000 loops=1)
                          Buffers: shared hit=541
Planning:
  Buffers: shared hit=2
Planning Time: 0.103 ms
Execution Time: 132.348 ms",132.855,11012.48,100,"Result  (cost=9845.82..11012.48 rows=200 width=4) (actual rows=100 loops=1)
  Buffers: shared hit=541, temp read=270 written=271
  ->  Unique  (cost=9845.82..11012.48 rows=200 width=4) (actual rows=100 loops=1)
        Buffers: shared hit=541, temp read=270 written=271
        ->  GroupAggregate  (cost=9845.82..10970.82 rows=3333 width=16) (actual rows=27263 loops=1)
              Group Key: views.viewer_id, views.view_date
              Filter: (count(DISTINCT views.article_id) > 1)
              Rows Removed by Filter: 30784
              Buffers: shared hit=541, temp read=270 written=271
              ->  Sort  (cost=9845.82..10095.82 rows=100000 width=12) (actual rows=100000 loops=1)
                    Sort Key: views.viewer_id, views.view_date
                    Sort Method: external merge  Disk: 2160kB
                    Buffers: shared hit=541, temp read=270 written=271
                    ->  Seq Scan on views  (cost=0.00..1541.00 rows=100000 width=12) (actual rows=100000 loops=1)
                          Buffers: shared hit=541
Planning:
  Buffers: shared hit=2
Planning Time: 0.117 ms
Execution Time: 132.855 ms",130.717,11012.48,100,"Result  (cost=9845.82..11012.48 rows=200 width=4) (actual rows=100 loops=1)
  Buffers: shared hit=541, temp read=270 written=271
  ->  Unique  (cost=9845.82..11012.48 rows=200 width=4) (actual rows=100 loops=1)
        Buffers: shared hit=541, temp read=270 written=271
        ->  GroupAggregate  (cost=9845.82..10970.82 rows=3333 width=16) (actual rows=27263 loops=1)
              Group Key: views.viewer_id, views.view_date
              Filter: (count(DISTINCT views.article_id) > 1)
              Rows Removed by Filter: 30784
              Buffers: shared hit=541, temp read=270 written=271
              ->  Sort  (cost=9845.82..10095.82 rows=100000 width=12) (actual rows=100000 loops=1)
                    Sort Key: views.viewer_id, views.view_date
                    Sort Method: external merge  Disk: 2160kB
                    Buffers: shared hit=541, temp read=270 written=271
                    ->  Seq Scan on views  (cost=0.00..1541.00 rows=100000 width=12) (actual rows=100000 loops=1)
                          Buffers: shared hit=541
Planning:
  Buffers: shared hit=2
Planning Time: 0.183 ms
Execution Time: 130.717 ms",129.3278,130.717,132.6015,133.0578,11012.48,11012.48,100,100,100,100,normal,normal,15.986644700000026,24.59223920000001,equal variances,not significant,1.0,15.115000000000009,14.390999999999991,-7728.98,0,True
704,1149,6,Medium,"select distinct t_cte_6.c_viewer_id0 as id from (select distinct t_views_0.viewer_id as c_viewer_id0, t_views_0.article_id as c_article_id0, t_views_0.view_date as c_view_date0 from schema_1149.views as t_views_0) as t_cte_6 group by t_cte_6.c_viewer_id0,t_cte_6.c_view_date0 having 1 < count(t_cte_6.c_article_id0)",110.565,2594.12,100,"Unique  (cost=2592.45..2594.12 rows=333 width=8) (actual rows=100 loops=1)
  Buffers: shared hit=541, temp read=359 written=683
  ->  Sort  (cost=2592.45..2593.28 rows=333 width=8) (actual rows=27263 loops=1)
        Sort Key: t_views_0.viewer_id
        Sort Method: quicksort  Memory: 2046kB
        Buffers: shared hit=541, temp read=359 written=683
        ->  HashAggregate  (cost=2566.00..2578.50 rows=333 width=8) (actual rows=27263 loops=1)
              Group Key: t_views_0.viewer_id, t_views_0.view_date
              Filter: (1 < count(t_views_0.article_id))
              Batches: 5  Memory Usage: 4145kB  Disk Usage: 1656kB
              Rows Removed by Filter: 30784
              Buffers: shared hit=541, temp read=359 written=683
              ->  HashAggregate  (cost=2291.00..2391.00 rows=10000 width=12) (actual rows=99992 loops=1)
                    Group Key: t_views_0.viewer_id, t_views_0.article_id, t_views_0.view_date
                    Batches: 5  Memory Usage: 4145kB  Disk Usage: 1744kB
                    Buffers: shared hit=541, temp read=200 written=361
                    ->  Seq Scan on views t_views_0  (cost=0.00..1541.00 rows=100000 width=12) (actual rows=100000 loops=1)
                          Buffers: shared hit=541
Planning Time: 0.062 ms
Execution Time: 110.565 ms",123.279,2594.12,100,"Unique  (cost=2592.45..2594.12 rows=333 width=8) (actual rows=100 loops=1)
  Buffers: shared hit=541, temp read=359 written=683
  ->  Sort  (cost=2592.45..2593.28 rows=333 width=8) (actual rows=27263 loops=1)
        Sort Key: t_views_0.viewer_id
        Sort Method: quicksort  Memory: 2046kB
        Buffers: shared hit=541, temp read=359 written=683
        ->  HashAggregate  (cost=2566.00..2578.50 rows=333 width=8) (actual rows=27263 loops=1)
              Group Key: t_views_0.viewer_id, t_views_0.view_date
              Filter: (1 < count(t_views_0.article_id))
              Batches: 5  Memory Usage: 4145kB  Disk Usage: 1656kB
              Rows Removed by Filter: 30784
              Buffers: shared hit=541, temp read=359 written=683
              ->  HashAggregate  (cost=2291.00..2391.00 rows=10000 width=12) (actual rows=99992 loops=1)
                    Group Key: t_views_0.viewer_id, t_views_0.article_id, t_views_0.view_date
                    Batches: 5  Memory Usage: 4145kB  Disk Usage: 1744kB
                    Buffers: shared hit=541, temp read=200 written=361
                    ->  Seq Scan on views t_views_0  (cost=0.00..1541.00 rows=100000 width=12) (actual rows=100000 loops=1)
                          Buffers: shared hit=541
Planning Time: 0.088 ms
Execution Time: 123.279 ms",121.6,2594.12,100,"Unique  (cost=2592.45..2594.12 rows=333 width=8) (actual rows=100 loops=1)
  Buffers: shared hit=541, temp read=359 written=683
  ->  Sort  (cost=2592.45..2593.28 rows=333 width=8) (actual rows=27263 loops=1)
        Sort Key: t_views_0.viewer_id
        Sort Method: quicksort  Memory: 2046kB
        Buffers: shared hit=541, temp read=359 written=683
        ->  HashAggregate  (cost=2566.00..2578.50 rows=333 width=8) (actual rows=27263 loops=1)
              Group Key: t_views_0.viewer_id, t_views_0.view_date
              Filter: (1 < count(t_views_0.article_id))
              Batches: 5  Memory Usage: 4145kB  Disk Usage: 1656kB
              Rows Removed by Filter: 30784
              Buffers: shared hit=541, temp read=359 written=683
              ->  HashAggregate  (cost=2291.00..2391.00 rows=10000 width=12) (actual rows=99992 loops=1)
                    Group Key: t_views_0.viewer_id, t_views_0.article_id, t_views_0.view_date
                    Batches: 5  Memory Usage: 4145kB  Disk Usage: 1744kB
                    Buffers: shared hit=541, temp read=200 written=361
                    ->  Seq Scan on views t_views_0  (cost=0.00..1541.00 rows=100000 width=12) (actual rows=100000 loops=1)
                          Buffers: shared hit=541
Planning Time: 0.085 ms
Execution Time: 121.600 ms",117.314,2594.12,100,"Unique  (cost=2592.45..2594.12 rows=333 width=8) (actual rows=100 loops=1)
  Buffers: shared hit=541, temp read=359 written=683
  ->  Sort  (cost=2592.45..2593.28 rows=333 width=8) (actual rows=27263 loops=1)
        Sort Key: t_views_0.viewer_id
        Sort Method: quicksort  Memory: 2046kB
        Buffers: shared hit=541, temp read=359 written=683
        ->  HashAggregate  (cost=2566.00..2578.50 rows=333 width=8) (actual rows=27263 loops=1)
              Group Key: t_views_0.viewer_id, t_views_0.view_date
              Filter: (1 < count(t_views_0.article_id))
              Batches: 5  Memory Usage: 4145kB  Disk Usage: 1656kB
              Rows Removed by Filter: 30784
              Buffers: shared hit=541, temp read=359 written=683
              ->  HashAggregate  (cost=2291.00..2391.00 rows=10000 width=12) (actual rows=99992 loops=1)
                    Group Key: t_views_0.viewer_id, t_views_0.article_id, t_views_0.view_date
                    Batches: 5  Memory Usage: 4145kB  Disk Usage: 1744kB
                    Buffers: shared hit=541, temp read=200 written=361
                    ->  Seq Scan on views t_views_0  (cost=0.00..1541.00 rows=100000 width=12) (actual rows=100000 loops=1)
                          Buffers: shared hit=541
Planning Time: 0.104 ms
Execution Time: 117.314 ms",118.521,2594.12,100,"Unique  (cost=2592.45..2594.12 rows=333 width=8) (actual rows=100 loops=1)
  Buffers: shared hit=541, temp read=359 written=683
  ->  Sort  (cost=2592.45..2593.28 rows=333 width=8) (actual rows=27263 loops=1)
        Sort Key: t_views_0.viewer_id
        Sort Method: quicksort  Memory: 2046kB
        Buffers: shared hit=541, temp read=359 written=683
        ->  HashAggregate  (cost=2566.00..2578.50 rows=333 width=8) (actual rows=27263 loops=1)
              Group Key: t_views_0.viewer_id, t_views_0.view_date
              Filter: (1 < count(t_views_0.article_id))
              Batches: 5  Memory Usage: 4145kB  Disk Usage: 1656kB
              Rows Removed by Filter: 30784
              Buffers: shared hit=541, temp read=359 written=683
              ->  HashAggregate  (cost=2291.00..2391.00 rows=10000 width=12) (actual rows=99992 loops=1)
                    Group Key: t_views_0.viewer_id, t_views_0.article_id, t_views_0.view_date
                    Batches: 5  Memory Usage: 4145kB  Disk Usage: 1744kB
                    Buffers: shared hit=541, temp read=200 written=361
                    ->  Seq Scan on views t_views_0  (cost=0.00..1541.00 rows=100000 width=12) (actual rows=100000 loops=1)
                          Buffers: shared hit=541
Planning Time: 0.106 ms
Execution Time: 118.521 ms",118.2558,118.521,122.4395,123.9506,2594.12,2594.12,100,100,100,100,1149_6,704,1149,6,Medium,"select distinct viewer_id as id from schema_1149.views group by view_date, viewer_id having count(distinct article_id) > 1 order by viewer_id asc",124.295,10979.15,100,"Unique  (cost=9845.82..10979.15 rows=3333 width=8) (actual rows=100 loops=1)
  Buffers: shared hit=541, temp read=270 written=271
  ->  GroupAggregate  (cost=9845.82..10970.82 rows=3333 width=8) (actual rows=27263 loops=1)
        Group Key: viewer_id, view_date
        Filter: (count(DISTINCT article_id) > 1)
        Rows Removed by Filter: 30784
        Buffers: shared hit=541, temp read=270 written=271
        ->  Sort  (cost=9845.82..10095.82 rows=100000 width=12) (actual rows=100000 loops=1)
              Sort Key: viewer_id, view_date
              Sort Method: external merge  Disk: 2160kB
              Buffers: shared hit=541, temp read=270 written=271
              ->  Seq Scan on views  (cost=0.00..1541.00 rows=100000 width=12) (actual rows=100000 loops=1)
                    Buffers: shared hit=541
Planning:
  Buffers: shared hit=2
Planning Time: 0.060 ms
Execution Time: 124.295 ms",129.546,10979.15,100,"Unique  (cost=9845.82..10979.15 rows=3333 width=8) (actual rows=100 loops=1)
  Buffers: shared hit=541, temp read=270 written=271
  ->  GroupAggregate  (cost=9845.82..10970.82 rows=3333 width=8) (actual rows=27263 loops=1)
        Group Key: viewer_id, view_date
        Filter: (count(DISTINCT article_id) > 1)
        Rows Removed by Filter: 30784
        Buffers: shared hit=541, temp read=270 written=271
        ->  Sort  (cost=9845.82..10095.82 rows=100000 width=12) (actual rows=100000 loops=1)
              Sort Key: viewer_id, view_date
              Sort Method: external merge  Disk: 2160kB
              Buffers: shared hit=541, temp read=270 written=271
              ->  Seq Scan on views  (cost=0.00..1541.00 rows=100000 width=12) (actual rows=100000 loops=1)
                    Buffers: shared hit=541
Planning:
  Buffers: shared hit=2
Planning Time: 0.096 ms
Execution Time: 129.546 ms",128.752,10979.15,100,"Unique  (cost=9845.82..10979.15 rows=3333 width=8) (actual rows=100 loops=1)
  Buffers: shared hit=541, temp read=270 written=271
  ->  GroupAggregate  (cost=9845.82..10970.82 rows=3333 width=8) (actual rows=27263 loops=1)
        Group Key: viewer_id, view_date
        Filter: (count(DISTINCT article_id) > 1)
        Rows Removed by Filter: 30784
        Buffers: shared hit=541, temp read=270 written=271
        ->  Sort  (cost=9845.82..10095.82 rows=100000 width=12) (actual rows=100000 loops=1)
              Sort Key: viewer_id, view_date
              Sort Method: external merge  Disk: 2160kB
              Buffers: shared hit=541, temp read=270 written=271
              ->  Seq Scan on views  (cost=0.00..1541.00 rows=100000 width=12) (actual rows=100000 loops=1)
                    Buffers: shared hit=541
Planning:
  Buffers: shared hit=2
Planning Time: 0.088 ms
Execution Time: 128.752 ms",132.234,10979.15,100,"Unique  (cost=9845.82..10979.15 rows=3333 width=8) (actual rows=100 loops=1)
  Buffers: shared hit=541, temp read=270 written=271
  ->  GroupAggregate  (cost=9845.82..10970.82 rows=3333 width=8) (actual rows=27263 loops=1)
        Group Key: viewer_id, view_date
        Filter: (count(DISTINCT article_id) > 1)
        Rows Removed by Filter: 30784
        Buffers: shared hit=541, temp read=270 written=271
        ->  Sort  (cost=9845.82..10095.82 rows=100000 width=12) (actual rows=100000 loops=1)
              Sort Key: viewer_id, view_date
              Sort Method: external merge  Disk: 2160kB
              Buffers: shared hit=541, temp read=270 written=271
              ->  Seq Scan on views  (cost=0.00..1541.00 rows=100000 width=12) (actual rows=100000 loops=1)
                    Buffers: shared hit=541
Planning:
  Buffers: shared hit=2
Planning Time: 0.081 ms
Execution Time: 132.234 ms",129.35,10979.15,100,"Unique  (cost=9845.82..10979.15 rows=3333 width=8) (actual rows=100 loops=1)
  Buffers: shared hit=541, temp read=270 written=271
  ->  GroupAggregate  (cost=9845.82..10970.82 rows=3333 width=8) (actual rows=27263 loops=1)
        Group Key: viewer_id, view_date
        Filter: (count(DISTINCT article_id) > 1)
        Rows Removed by Filter: 30784
        Buffers: shared hit=541, temp read=270 written=271
        ->  Sort  (cost=9845.82..10095.82 rows=100000 width=12) (actual rows=100000 loops=1)
              Sort Key: viewer_id, view_date
              Sort Method: external merge  Disk: 2160kB
              Buffers: shared hit=541, temp read=270 written=271
              ->  Seq Scan on views  (cost=0.00..1541.00 rows=100000 width=12) (actual rows=100000 loops=1)
                    Buffers: shared hit=541
Planning:
  Buffers: shared hit=2
Planning Time: 0.156 ms
Execution Time: 129.350 ms",128.8354,129.35,130.89,133.3092,10979.15,10979.15,100,100,100,100,normal,normal,8.235608800000009,24.130483699999992,equal variances,significant,0.003968253968253968,-10.5796,-10.828999999999994,-8385.029999999999,0,True
705,1149,7,Medium,"select distinct t_cte_13.c_viewer_id0 as id from (select distinct t_views_0.view_date as c_view_date0, t_views_0.article_id as c_article_id0, t_views_0.viewer_id as c_viewer_id0 from schema_1149.views as t_views_0) as t_cte_13 group by t_cte_13.c_viewer_id0,t_cte_13.c_view_date0 having 1 < count(t_cte_13.c_article_id0)",110.367,2594.12,100,"Unique  (cost=2592.45..2594.12 rows=333 width=8) (actual rows=100 loops=1)
  Buffers: shared hit=541, temp read=360 written=682
  ->  Sort  (cost=2592.45..2593.28 rows=333 width=8) (actual rows=27263 loops=1)
        Sort Key: t_views_0.viewer_id
        Sort Method: quicksort  Memory: 2046kB
        Buffers: shared hit=541, temp read=360 written=682
        ->  HashAggregate  (cost=2566.00..2578.50 rows=333 width=8) (actual rows=27263 loops=1)
              Group Key: t_views_0.viewer_id, t_views_0.view_date
              Filter: (1 < count(t_views_0.article_id))
              Batches: 5  Memory Usage: 4145kB  Disk Usage: 1664kB
              Rows Removed by Filter: 30784
              Buffers: shared hit=541, temp read=360 written=682
              ->  HashAggregate  (cost=2291.00..2391.00 rows=10000 width=12) (actual rows=99992 loops=1)
                    Group Key: t_views_0.view_date, t_views_0.article_id, t_views_0.viewer_id
                    Batches: 5  Memory Usage: 4145kB  Disk Usage: 1744kB
                    Buffers: shared hit=541, temp read=200 written=361
                    ->  Seq Scan on views t_views_0  (cost=0.00..1541.00 rows=100000 width=12) (actual rows=100000 loops=1)
                          Buffers: shared hit=541
Planning Time: 0.062 ms
Execution Time: 110.367 ms",118.972,2594.12,100,"Unique  (cost=2592.45..2594.12 rows=333 width=8) (actual rows=100 loops=1)
  Buffers: shared hit=541, temp read=360 written=682
  ->  Sort  (cost=2592.45..2593.28 rows=333 width=8) (actual rows=27263 loops=1)
        Sort Key: t_views_0.viewer_id
        Sort Method: quicksort  Memory: 2046kB
        Buffers: shared hit=541, temp read=360 written=682
        ->  HashAggregate  (cost=2566.00..2578.50 rows=333 width=8) (actual rows=27263 loops=1)
              Group Key: t_views_0.viewer_id, t_views_0.view_date
              Filter: (1 < count(t_views_0.article_id))
              Batches: 5  Memory Usage: 4145kB  Disk Usage: 1664kB
              Rows Removed by Filter: 30784
              Buffers: shared hit=541, temp read=360 written=682
              ->  HashAggregate  (cost=2291.00..2391.00 rows=10000 width=12) (actual rows=99992 loops=1)
                    Group Key: t_views_0.view_date, t_views_0.article_id, t_views_0.viewer_id
                    Batches: 5  Memory Usage: 4145kB  Disk Usage: 1744kB
                    Buffers: shared hit=541, temp read=200 written=361
                    ->  Seq Scan on views t_views_0  (cost=0.00..1541.00 rows=100000 width=12) (actual rows=100000 loops=1)
                          Buffers: shared hit=541
Planning Time: 0.121 ms
Execution Time: 118.972 ms",117.709,2594.12,100,"Unique  (cost=2592.45..2594.12 rows=333 width=8) (actual rows=100 loops=1)
  Buffers: shared hit=541, temp read=360 written=682
  ->  Sort  (cost=2592.45..2593.28 rows=333 width=8) (actual rows=27263 loops=1)
        Sort Key: t_views_0.viewer_id
        Sort Method: quicksort  Memory: 2046kB
        Buffers: shared hit=541, temp read=360 written=682
        ->  HashAggregate  (cost=2566.00..2578.50 rows=333 width=8) (actual rows=27263 loops=1)
              Group Key: t_views_0.viewer_id, t_views_0.view_date
              Filter: (1 < count(t_views_0.article_id))
              Batches: 5  Memory Usage: 4145kB  Disk Usage: 1664kB
              Rows Removed by Filter: 30784
              Buffers: shared hit=541, temp read=360 written=682
              ->  HashAggregate  (cost=2291.00..2391.00 rows=10000 width=12) (actual rows=99992 loops=1)
                    Group Key: t_views_0.view_date, t_views_0.article_id, t_views_0.viewer_id
                    Batches: 5  Memory Usage: 4145kB  Disk Usage: 1744kB
                    Buffers: shared hit=541, temp read=200 written=361
                    ->  Seq Scan on views t_views_0  (cost=0.00..1541.00 rows=100000 width=12) (actual rows=100000 loops=1)
                          Buffers: shared hit=541
Planning Time: 0.080 ms
Execution Time: 117.709 ms",124.359,2594.12,100,"Unique  (cost=2592.45..2594.12 rows=333 width=8) (actual rows=100 loops=1)
  Buffers: shared hit=541, temp read=360 written=682
  ->  Sort  (cost=2592.45..2593.28 rows=333 width=8) (actual rows=27263 loops=1)
        Sort Key: t_views_0.viewer_id
        Sort Method: quicksort  Memory: 2046kB
        Buffers: shared hit=541, temp read=360 written=682
        ->  HashAggregate  (cost=2566.00..2578.50 rows=333 width=8) (actual rows=27263 loops=1)
              Group Key: t_views_0.viewer_id, t_views_0.view_date
              Filter: (1 < count(t_views_0.article_id))
              Batches: 5  Memory Usage: 4145kB  Disk Usage: 1664kB
              Rows Removed by Filter: 30784
              Buffers: shared hit=541, temp read=360 written=682
              ->  HashAggregate  (cost=2291.00..2391.00 rows=10000 width=12) (actual rows=99992 loops=1)
                    Group Key: t_views_0.view_date, t_views_0.article_id, t_views_0.viewer_id
                    Batches: 5  Memory Usage: 4145kB  Disk Usage: 1744kB
                    Buffers: shared hit=541, temp read=200 written=361
                    ->  Seq Scan on views t_views_0  (cost=0.00..1541.00 rows=100000 width=12) (actual rows=100000 loops=1)
                          Buffers: shared hit=541
Planning Time: 0.092 ms
Execution Time: 124.359 ms",122.0,2594.12,100,"Unique  (cost=2592.45..2594.12 rows=333 width=8) (actual rows=100 loops=1)
  Buffers: shared hit=541, temp read=360 written=682
  ->  Sort  (cost=2592.45..2593.28 rows=333 width=8) (actual rows=27263 loops=1)
        Sort Key: t_views_0.viewer_id
        Sort Method: quicksort  Memory: 2046kB
        Buffers: shared hit=541, temp read=360 written=682
        ->  HashAggregate  (cost=2566.00..2578.50 rows=333 width=8) (actual rows=27263 loops=1)
              Group Key: t_views_0.viewer_id, t_views_0.view_date
              Filter: (1 < count(t_views_0.article_id))
              Batches: 5  Memory Usage: 4145kB  Disk Usage: 1664kB
              Rows Removed by Filter: 30784
              Buffers: shared hit=541, temp read=360 written=682
              ->  HashAggregate  (cost=2291.00..2391.00 rows=10000 width=12) (actual rows=99992 loops=1)
                    Group Key: t_views_0.view_date, t_views_0.article_id, t_views_0.viewer_id
                    Batches: 5  Memory Usage: 4145kB  Disk Usage: 1744kB
                    Buffers: shared hit=541, temp read=200 written=361
                    ->  Seq Scan on views t_views_0  (cost=0.00..1541.00 rows=100000 width=12) (actual rows=100000 loops=1)
                          Buffers: shared hit=541
Planning Time: 0.084 ms
Execution Time: 122.000 ms",118.6814,118.972,123.1795,125.3026,2594.12,2594.12,100,100,100,100,1149_7,705,1149,7,Medium,"select distinct viewer_id as id from (select viewer_id, view_date from schema_1149.views group by viewer_id, view_date having count(distinct article_id) > 1) as s order by viewer_id",122.76,11012.48,100,"Result  (cost=9845.82..11012.48 rows=200 width=4) (actual rows=100 loops=1)
  Buffers: shared hit=541, temp read=270 written=271
  ->  Unique  (cost=9845.82..11012.48 rows=200 width=4) (actual rows=100 loops=1)
        Buffers: shared hit=541, temp read=270 written=271
        ->  GroupAggregate  (cost=9845.82..10970.82 rows=3333 width=8) (actual rows=27263 loops=1)
              Group Key: views.viewer_id, views.view_date
              Filter: (count(DISTINCT views.article_id) > 1)
              Rows Removed by Filter: 30784
              Buffers: shared hit=541, temp read=270 written=271
              ->  Sort  (cost=9845.82..10095.82 rows=100000 width=12) (actual rows=100000 loops=1)
                    Sort Key: views.viewer_id, views.view_date
                    Sort Method: external merge  Disk: 2160kB
                    Buffers: shared hit=541, temp read=270 written=271
                    ->  Seq Scan on views  (cost=0.00..1541.00 rows=100000 width=12) (actual rows=100000 loops=1)
                          Buffers: shared hit=541
Planning:
  Buffers: shared hit=2
Planning Time: 0.073 ms
Execution Time: 122.760 ms",132.576,11012.48,100,"Result  (cost=9845.82..11012.48 rows=200 width=4) (actual rows=100 loops=1)
  Buffers: shared hit=541, temp read=270 written=271
  ->  Unique  (cost=9845.82..11012.48 rows=200 width=4) (actual rows=100 loops=1)
        Buffers: shared hit=541, temp read=270 written=271
        ->  GroupAggregate  (cost=9845.82..10970.82 rows=3333 width=8) (actual rows=27263 loops=1)
              Group Key: views.viewer_id, views.view_date
              Filter: (count(DISTINCT views.article_id) > 1)
              Rows Removed by Filter: 30784
              Buffers: shared hit=541, temp read=270 written=271
              ->  Sort  (cost=9845.82..10095.82 rows=100000 width=12) (actual rows=100000 loops=1)
                    Sort Key: views.viewer_id, views.view_date
                    Sort Method: external merge  Disk: 2160kB
                    Buffers: shared hit=541, temp read=270 written=271
                    ->  Seq Scan on views  (cost=0.00..1541.00 rows=100000 width=12) (actual rows=100000 loops=1)
                          Buffers: shared hit=541
Planning:
  Buffers: shared hit=2
Planning Time: 0.111 ms
Execution Time: 132.576 ms",129.651,11012.48,100,"Result  (cost=9845.82..11012.48 rows=200 width=4) (actual rows=100 loops=1)
  Buffers: shared hit=541, temp read=270 written=271
  ->  Unique  (cost=9845.82..11012.48 rows=200 width=4) (actual rows=100 loops=1)
        Buffers: shared hit=541, temp read=270 written=271
        ->  GroupAggregate  (cost=9845.82..10970.82 rows=3333 width=8) (actual rows=27263 loops=1)
              Group Key: views.viewer_id, views.view_date
              Filter: (count(DISTINCT views.article_id) > 1)
              Rows Removed by Filter: 30784
              Buffers: shared hit=541, temp read=270 written=271
              ->  Sort  (cost=9845.82..10095.82 rows=100000 width=12) (actual rows=100000 loops=1)
                    Sort Key: views.viewer_id, views.view_date
                    Sort Method: external merge  Disk: 2160kB
                    Buffers: shared hit=541, temp read=270 written=271
                    ->  Seq Scan on views  (cost=0.00..1541.00 rows=100000 width=12) (actual rows=100000 loops=1)
                          Buffers: shared hit=541
Planning:
  Buffers: shared hit=2
Planning Time: 0.143 ms
Execution Time: 129.651 ms",131.137,11012.48,100,"Result  (cost=9845.82..11012.48 rows=200 width=4) (actual rows=100 loops=1)
  Buffers: shared hit=541, temp read=270 written=271
  ->  Unique  (cost=9845.82..11012.48 rows=200 width=4) (actual rows=100 loops=1)
        Buffers: shared hit=541, temp read=270 written=271
        ->  GroupAggregate  (cost=9845.82..10970.82 rows=3333 width=8) (actual rows=27263 loops=1)
              Group Key: views.viewer_id, views.view_date
              Filter: (count(DISTINCT views.article_id) > 1)
              Rows Removed by Filter: 30784
              Buffers: shared hit=541, temp read=270 written=271
              ->  Sort  (cost=9845.82..10095.82 rows=100000 width=12) (actual rows=100000 loops=1)
                    Sort Key: views.viewer_id, views.view_date
                    Sort Method: external merge  Disk: 2160kB
                    Buffers: shared hit=541, temp read=270 written=271
                    ->  Seq Scan on views  (cost=0.00..1541.00 rows=100000 width=12) (actual rows=100000 loops=1)
                          Buffers: shared hit=541
Planning:
  Buffers: shared hit=2
Planning Time: 0.105 ms
Execution Time: 131.137 ms",129.424,11012.48,100,"Result  (cost=9845.82..11012.48 rows=200 width=4) (actual rows=100 loops=1)
  Buffers: shared hit=541, temp read=270 written=271
  ->  Unique  (cost=9845.82..11012.48 rows=200 width=4) (actual rows=100 loops=1)
        Buffers: shared hit=541, temp read=270 written=271
        ->  GroupAggregate  (cost=9845.82..10970.82 rows=3333 width=8) (actual rows=27263 loops=1)
              Group Key: views.viewer_id, views.view_date
              Filter: (count(DISTINCT views.article_id) > 1)
              Rows Removed by Filter: 30784
              Buffers: shared hit=541, temp read=270 written=271
              ->  Sort  (cost=9845.82..10095.82 rows=100000 width=12) (actual rows=100000 loops=1)
                    Sort Key: views.viewer_id, views.view_date
                    Sort Method: external merge  Disk: 2160kB
                    Buffers: shared hit=541, temp read=270 written=271
                    ->  Seq Scan on views  (cost=0.00..1541.00 rows=100000 width=12) (actual rows=100000 loops=1)
                          Buffers: shared hit=541
Planning:
  Buffers: shared hit=2
Planning Time: 0.105 ms
Execution Time: 129.424 ms",129.1096,129.651,131.8565,133.1516,11012.48,11012.48,100,100,100,100,normal,normal,14.208915299999978,28.35187629999996,equal variances,significant,0.007936507936507936,-10.428200000000004,-10.679000000000016,-8418.36,0,True
706,1149,9,Medium,"select distinct t_cte_1.c_viewer_id0 as id from (select distinct t_views_0.article_id as c_article_id0, t_views_0.view_date as c_view_date0, t_views_0.viewer_id as c_viewer_id0 from schema_1149.views as t_views_0) as t_cte_1 group by t_cte_1.c_viewer_id0,t_cte_1.c_view_date0 having 1 < count(t_cte_1.c_article_id0) order by id asc",114.794,2594.12,100,"Unique  (cost=2592.45..2594.12 rows=333 width=8) (actual rows=100 loops=1)
  Buffers: shared hit=541, temp read=360 written=681
  ->  Sort  (cost=2592.45..2593.28 rows=333 width=8) (actual rows=27263 loops=1)
        Sort Key: t_views_0.viewer_id
        Sort Method: quicksort  Memory: 2046kB
        Buffers: shared hit=541, temp read=360 written=681
        ->  HashAggregate  (cost=2566.00..2578.50 rows=333 width=8) (actual rows=27263 loops=1)
              Group Key: t_views_0.viewer_id, t_views_0.view_date
              Filter: (1 < count(t_views_0.article_id))
              Batches: 5  Memory Usage: 4145kB  Disk Usage: 1656kB
              Rows Removed by Filter: 30784
              Buffers: shared hit=541, temp read=360 written=681
              ->  HashAggregate  (cost=2291.00..2391.00 rows=10000 width=12) (actual rows=99992 loops=1)
                    Group Key: t_views_0.article_id, t_views_0.view_date, t_views_0.viewer_id
                    Batches: 5  Memory Usage: 4145kB  Disk Usage: 1752kB
                    Buffers: shared hit=541, temp read=201 written=362
                    ->  Seq Scan on views t_views_0  (cost=0.00..1541.00 rows=100000 width=12) (actual rows=100000 loops=1)
                          Buffers: shared hit=541
Planning Time: 0.091 ms
Execution Time: 114.794 ms",118.54,2594.12,100,"Unique  (cost=2592.45..2594.12 rows=333 width=8) (actual rows=100 loops=1)
  Buffers: shared hit=541, temp read=360 written=681
  ->  Sort  (cost=2592.45..2593.28 rows=333 width=8) (actual rows=27263 loops=1)
        Sort Key: t_views_0.viewer_id
        Sort Method: quicksort  Memory: 2046kB
        Buffers: shared hit=541, temp read=360 written=681
        ->  HashAggregate  (cost=2566.00..2578.50 rows=333 width=8) (actual rows=27263 loops=1)
              Group Key: t_views_0.viewer_id, t_views_0.view_date
              Filter: (1 < count(t_views_0.article_id))
              Batches: 5  Memory Usage: 4145kB  Disk Usage: 1656kB
              Rows Removed by Filter: 30784
              Buffers: shared hit=541, temp read=360 written=681
              ->  HashAggregate  (cost=2291.00..2391.00 rows=10000 width=12) (actual rows=99992 loops=1)
                    Group Key: t_views_0.article_id, t_views_0.view_date, t_views_0.viewer_id
                    Batches: 5  Memory Usage: 4145kB  Disk Usage: 1752kB
                    Buffers: shared hit=541, temp read=201 written=362
                    ->  Seq Scan on views t_views_0  (cost=0.00..1541.00 rows=100000 width=12) (actual rows=100000 loops=1)
                          Buffers: shared hit=541
Planning Time: 0.093 ms
Execution Time: 118.540 ms",118.098,2594.12,100,"Unique  (cost=2592.45..2594.12 rows=333 width=8) (actual rows=100 loops=1)
  Buffers: shared hit=541, temp read=360 written=681
  ->  Sort  (cost=2592.45..2593.28 rows=333 width=8) (actual rows=27263 loops=1)
        Sort Key: t_views_0.viewer_id
        Sort Method: quicksort  Memory: 2046kB
        Buffers: shared hit=541, temp read=360 written=681
        ->  HashAggregate  (cost=2566.00..2578.50 rows=333 width=8) (actual rows=27263 loops=1)
              Group Key: t_views_0.viewer_id, t_views_0.view_date
              Filter: (1 < count(t_views_0.article_id))
              Batches: 5  Memory Usage: 4145kB  Disk Usage: 1656kB
              Rows Removed by Filter: 30784
              Buffers: shared hit=541, temp read=360 written=681
              ->  HashAggregate  (cost=2291.00..2391.00 rows=10000 width=12) (actual rows=99992 loops=1)
                    Group Key: t_views_0.article_id, t_views_0.view_date, t_views_0.viewer_id
                    Batches: 5  Memory Usage: 4145kB  Disk Usage: 1752kB
                    Buffers: shared hit=541, temp read=201 written=362
                    ->  Seq Scan on views t_views_0  (cost=0.00..1541.00 rows=100000 width=12) (actual rows=100000 loops=1)
                          Buffers: shared hit=541
Planning Time: 0.143 ms
Execution Time: 118.098 ms",118.927,2594.12,100,"Unique  (cost=2592.45..2594.12 rows=333 width=8) (actual rows=100 loops=1)
  Buffers: shared hit=541, temp read=360 written=681
  ->  Sort  (cost=2592.45..2593.28 rows=333 width=8) (actual rows=27263 loops=1)
        Sort Key: t_views_0.viewer_id
        Sort Method: quicksort  Memory: 2046kB
        Buffers: shared hit=541, temp read=360 written=681
        ->  HashAggregate  (cost=2566.00..2578.50 rows=333 width=8) (actual rows=27263 loops=1)
              Group Key: t_views_0.viewer_id, t_views_0.view_date
              Filter: (1 < count(t_views_0.article_id))
              Batches: 5  Memory Usage: 4145kB  Disk Usage: 1656kB
              Rows Removed by Filter: 30784
              Buffers: shared hit=541, temp read=360 written=681
              ->  HashAggregate  (cost=2291.00..2391.00 rows=10000 width=12) (actual rows=99992 loops=1)
                    Group Key: t_views_0.article_id, t_views_0.view_date, t_views_0.viewer_id
                    Batches: 5  Memory Usage: 4145kB  Disk Usage: 1752kB
                    Buffers: shared hit=541, temp read=201 written=362
                    ->  Seq Scan on views t_views_0  (cost=0.00..1541.00 rows=100000 width=12) (actual rows=100000 loops=1)
                          Buffers: shared hit=541
Planning Time: 0.093 ms
Execution Time: 118.927 ms",115.637,2594.12,100,"Unique  (cost=2592.45..2594.12 rows=333 width=8) (actual rows=100 loops=1)
  Buffers: shared hit=541, temp read=360 written=681
  ->  Sort  (cost=2592.45..2593.28 rows=333 width=8) (actual rows=27263 loops=1)
        Sort Key: t_views_0.viewer_id
        Sort Method: quicksort  Memory: 2046kB
        Buffers: shared hit=541, temp read=360 written=681
        ->  HashAggregate  (cost=2566.00..2578.50 rows=333 width=8) (actual rows=27263 loops=1)
              Group Key: t_views_0.viewer_id, t_views_0.view_date
              Filter: (1 < count(t_views_0.article_id))
              Batches: 5  Memory Usage: 4145kB  Disk Usage: 1656kB
              Rows Removed by Filter: 30784
              Buffers: shared hit=541, temp read=360 written=681
              ->  HashAggregate  (cost=2291.00..2391.00 rows=10000 width=12) (actual rows=99992 loops=1)
                    Group Key: t_views_0.article_id, t_views_0.view_date, t_views_0.viewer_id
                    Batches: 5  Memory Usage: 4145kB  Disk Usage: 1752kB
                    Buffers: shared hit=541, temp read=201 written=362
                    ->  Seq Scan on views t_views_0  (cost=0.00..1541.00 rows=100000 width=12) (actual rows=100000 loops=1)
                          Buffers: shared hit=541
Planning Time: 0.112 ms
Execution Time: 115.637 ms",117.1992,118.098,118.7335,119.0818,2594.12,2594.12,100,100,100,100,1149_9,706,1149,9,Medium,"select distinct viewer_id as id from (select viewer_id, view_date, count(distinct article_id) as art_num from schema_1149.views group by viewer_id, view_date) as t1 where art_num > 1 order by viewer_id",123.577,11012.48,100,"Result  (cost=9845.82..11012.48 rows=200 width=4) (actual rows=100 loops=1)
  Buffers: shared hit=541, temp read=270 written=271
  ->  Unique  (cost=9845.82..11012.48 rows=200 width=4) (actual rows=100 loops=1)
        Buffers: shared hit=541, temp read=270 written=271
        ->  GroupAggregate  (cost=9845.82..10970.82 rows=3333 width=16) (actual rows=27263 loops=1)
              Group Key: views.viewer_id, views.view_date
              Filter: (count(DISTINCT views.article_id) > 1)
              Rows Removed by Filter: 30784
              Buffers: shared hit=541, temp read=270 written=271
              ->  Sort  (cost=9845.82..10095.82 rows=100000 width=12) (actual rows=100000 loops=1)
                    Sort Key: views.viewer_id, views.view_date
                    Sort Method: external merge  Disk: 2160kB
                    Buffers: shared hit=541, temp read=270 written=271
                    ->  Seq Scan on views  (cost=0.00..1541.00 rows=100000 width=12) (actual rows=100000 loops=1)
                          Buffers: shared hit=541
Planning:
  Buffers: shared hit=2
Planning Time: 0.077 ms
Execution Time: 123.577 ms",135.031,11012.48,100,"Result  (cost=9845.82..11012.48 rows=200 width=4) (actual rows=100 loops=1)
  Buffers: shared hit=541, temp read=270 written=271
  ->  Unique  (cost=9845.82..11012.48 rows=200 width=4) (actual rows=100 loops=1)
        Buffers: shared hit=541, temp read=270 written=271
        ->  GroupAggregate  (cost=9845.82..10970.82 rows=3333 width=16) (actual rows=27263 loops=1)
              Group Key: views.viewer_id, views.view_date
              Filter: (count(DISTINCT views.article_id) > 1)
              Rows Removed by Filter: 30784
              Buffers: shared hit=541, temp read=270 written=271
              ->  Sort  (cost=9845.82..10095.82 rows=100000 width=12) (actual rows=100000 loops=1)
                    Sort Key: views.viewer_id, views.view_date
                    Sort Method: external merge  Disk: 2160kB
                    Buffers: shared hit=541, temp read=270 written=271
                    ->  Seq Scan on views  (cost=0.00..1541.00 rows=100000 width=12) (actual rows=100000 loops=1)
                          Buffers: shared hit=541
Planning:
  Buffers: shared hit=2
Planning Time: 0.102 ms
Execution Time: 135.031 ms",131.516,11012.48,100,"Result  (cost=9845.82..11012.48 rows=200 width=4) (actual rows=100 loops=1)
  Buffers: shared hit=541, temp read=270 written=271
  ->  Unique  (cost=9845.82..11012.48 rows=200 width=4) (actual rows=100 loops=1)
        Buffers: shared hit=541, temp read=270 written=271
        ->  GroupAggregate  (cost=9845.82..10970.82 rows=3333 width=16) (actual rows=27263 loops=1)
              Group Key: views.viewer_id, views.view_date
              Filter: (count(DISTINCT views.article_id) > 1)
              Rows Removed by Filter: 30784
              Buffers: shared hit=541, temp read=270 written=271
              ->  Sort  (cost=9845.82..10095.82 rows=100000 width=12) (actual rows=100000 loops=1)
                    Sort Key: views.viewer_id, views.view_date
                    Sort Method: external merge  Disk: 2160kB
                    Buffers: shared hit=541, temp read=270 written=271
                    ->  Seq Scan on views  (cost=0.00..1541.00 rows=100000 width=12) (actual rows=100000 loops=1)
                          Buffers: shared hit=541
Planning:
  Buffers: shared hit=2
Planning Time: 0.137 ms
Execution Time: 131.516 ms",129.79,11012.48,100,"Result  (cost=9845.82..11012.48 rows=200 width=4) (actual rows=100 loops=1)
  Buffers: shared hit=541, temp read=270 written=271
  ->  Unique  (cost=9845.82..11012.48 rows=200 width=4) (actual rows=100 loops=1)
        Buffers: shared hit=541, temp read=270 written=271
        ->  GroupAggregate  (cost=9845.82..10970.82 rows=3333 width=16) (actual rows=27263 loops=1)
              Group Key: views.viewer_id, views.view_date
              Filter: (count(DISTINCT views.article_id) > 1)
              Rows Removed by Filter: 30784
              Buffers: shared hit=541, temp read=270 written=271
              ->  Sort  (cost=9845.82..10095.82 rows=100000 width=12) (actual rows=100000 loops=1)
                    Sort Key: views.viewer_id, views.view_date
                    Sort Method: external merge  Disk: 2160kB
                    Buffers: shared hit=541, temp read=270 written=271
                    ->  Seq Scan on views  (cost=0.00..1541.00 rows=100000 width=12) (actual rows=100000 loops=1)
                          Buffers: shared hit=541
Planning:
  Buffers: shared hit=2
Planning Time: 0.129 ms
Execution Time: 129.790 ms",136.169,11012.48,100,"Result  (cost=9845.82..11012.48 rows=200 width=4) (actual rows=100 loops=1)
  Buffers: shared hit=541, temp read=270 written=271
  ->  Unique  (cost=9845.82..11012.48 rows=200 width=4) (actual rows=100 loops=1)
        Buffers: shared hit=541, temp read=270 written=271
        ->  GroupAggregate  (cost=9845.82..10970.82 rows=3333 width=16) (actual rows=27263 loops=1)
              Group Key: views.viewer_id, views.view_date
              Filter: (count(DISTINCT views.article_id) > 1)
              Rows Removed by Filter: 30784
              Buffers: shared hit=541, temp read=270 written=271
              ->  Sort  (cost=9845.82..10095.82 rows=100000 width=12) (actual rows=100000 loops=1)
                    Sort Key: views.viewer_id, views.view_date
                    Sort Method: external merge  Disk: 2160kB
                    Buffers: shared hit=541, temp read=270 written=271
                    ->  Seq Scan on views  (cost=0.00..1541.00 rows=100000 width=12) (actual rows=100000 loops=1)
                          Buffers: shared hit=541
Planning:
  Buffers: shared hit=2
Planning Time: 0.113 ms
Execution Time: 136.169 ms",131.2166,131.516,135.6,136.6242,11012.48,11012.48,100,100,100,100,normal,normal,24.89105730000005,3.4540837000000124,equal variances,significant,0.003968253968253968,-14.017399999999995,-13.417999999999992,-8418.36,0,True
707,1149,17,Medium,"select distinct t_cte_4.c_viewer_id0 as id from (select distinct t_views_0.view_date as c_view_date0, t_views_0.viewer_id as c_viewer_id0, t_views_0.article_id as c_article_id0 from schema_1149.views as t_views_0) as t_cte_4 group by t_cte_4.c_view_date0,t_cte_4.c_viewer_id0 having 1 < count(t_cte_4.c_article_id0) order by id asc",114.105,2594.12,100,"Unique  (cost=2592.45..2594.12 rows=333 width=8) (actual rows=100 loops=1)
  Buffers: shared hit=541, temp read=360 written=683
  ->  Sort  (cost=2592.45..2593.28 rows=333 width=8) (actual rows=27263 loops=1)
        Sort Key: t_views_0.viewer_id
        Sort Method: quicksort  Memory: 2046kB
        Buffers: shared hit=541, temp read=360 written=683
        ->  HashAggregate  (cost=2566.00..2578.50 rows=333 width=8) (actual rows=27263 loops=1)
              Group Key: t_views_0.viewer_id, t_views_0.view_date
              Filter: (1 < count(t_views_0.article_id))
              Batches: 5  Memory Usage: 4145kB  Disk Usage: 1656kB
              Rows Removed by Filter: 30784
              Buffers: shared hit=541, temp read=360 written=683
              ->  HashAggregate  (cost=2291.00..2391.00 rows=10000 width=12) (actual rows=99992 loops=1)
                    Group Key: t_views_0.view_date, t_views_0.viewer_id, t_views_0.article_id
                    Batches: 5  Memory Usage: 4145kB  Disk Usage: 1744kB
                    Buffers: shared hit=541, temp read=201 written=364
                    ->  Seq Scan on views t_views_0  (cost=0.00..1541.00 rows=100000 width=12) (actual rows=100000 loops=1)
                          Buffers: shared hit=541
Planning Time: 0.062 ms
Execution Time: 114.105 ms",126.293,2594.12,100,"Unique  (cost=2592.45..2594.12 rows=333 width=8) (actual rows=100 loops=1)
  Buffers: shared hit=541, temp read=360 written=683
  ->  Sort  (cost=2592.45..2593.28 rows=333 width=8) (actual rows=27263 loops=1)
        Sort Key: t_views_0.viewer_id
        Sort Method: quicksort  Memory: 2046kB
        Buffers: shared hit=541, temp read=360 written=683
        ->  HashAggregate  (cost=2566.00..2578.50 rows=333 width=8) (actual rows=27263 loops=1)
              Group Key: t_views_0.viewer_id, t_views_0.view_date
              Filter: (1 < count(t_views_0.article_id))
              Batches: 5  Memory Usage: 4145kB  Disk Usage: 1656kB
              Rows Removed by Filter: 30784
              Buffers: shared hit=541, temp read=360 written=683
              ->  HashAggregate  (cost=2291.00..2391.00 rows=10000 width=12) (actual rows=99992 loops=1)
                    Group Key: t_views_0.view_date, t_views_0.viewer_id, t_views_0.article_id
                    Batches: 5  Memory Usage: 4145kB  Disk Usage: 1744kB
                    Buffers: shared hit=541, temp read=201 written=364
                    ->  Seq Scan on views t_views_0  (cost=0.00..1541.00 rows=100000 width=12) (actual rows=100000 loops=1)
                          Buffers: shared hit=541
Planning Time: 0.089 ms
Execution Time: 126.293 ms",118.339,2594.12,100,"Unique  (cost=2592.45..2594.12 rows=333 width=8) (actual rows=100 loops=1)
  Buffers: shared hit=541, temp read=360 written=683
  ->  Sort  (cost=2592.45..2593.28 rows=333 width=8) (actual rows=27263 loops=1)
        Sort Key: t_views_0.viewer_id
        Sort Method: quicksort  Memory: 2046kB
        Buffers: shared hit=541, temp read=360 written=683
        ->  HashAggregate  (cost=2566.00..2578.50 rows=333 width=8) (actual rows=27263 loops=1)
              Group Key: t_views_0.viewer_id, t_views_0.view_date
              Filter: (1 < count(t_views_0.article_id))
              Batches: 5  Memory Usage: 4145kB  Disk Usage: 1656kB
              Rows Removed by Filter: 30784
              Buffers: shared hit=541, temp read=360 written=683
              ->  HashAggregate  (cost=2291.00..2391.00 rows=10000 width=12) (actual rows=99992 loops=1)
                    Group Key: t_views_0.view_date, t_views_0.viewer_id, t_views_0.article_id
                    Batches: 5  Memory Usage: 4145kB  Disk Usage: 1744kB
                    Buffers: shared hit=541, temp read=201 written=364
                    ->  Seq Scan on views t_views_0  (cost=0.00..1541.00 rows=100000 width=12) (actual rows=100000 loops=1)
                          Buffers: shared hit=541
Planning Time: 0.106 ms
Execution Time: 118.339 ms",118.061,2594.12,100,"Unique  (cost=2592.45..2594.12 rows=333 width=8) (actual rows=100 loops=1)
  Buffers: shared hit=541, temp read=360 written=683
  ->  Sort  (cost=2592.45..2593.28 rows=333 width=8) (actual rows=27263 loops=1)
        Sort Key: t_views_0.viewer_id
        Sort Method: quicksort  Memory: 2046kB
        Buffers: shared hit=541, temp read=360 written=683
        ->  HashAggregate  (cost=2566.00..2578.50 rows=333 width=8) (actual rows=27263 loops=1)
              Group Key: t_views_0.viewer_id, t_views_0.view_date
              Filter: (1 < count(t_views_0.article_id))
              Batches: 5  Memory Usage: 4145kB  Disk Usage: 1656kB
              Rows Removed by Filter: 30784
              Buffers: shared hit=541, temp read=360 written=683
              ->  HashAggregate  (cost=2291.00..2391.00 rows=10000 width=12) (actual rows=99992 loops=1)
                    Group Key: t_views_0.view_date, t_views_0.viewer_id, t_views_0.article_id
                    Batches: 5  Memory Usage: 4145kB  Disk Usage: 1744kB
                    Buffers: shared hit=541, temp read=201 written=364
                    ->  Seq Scan on views t_views_0  (cost=0.00..1541.00 rows=100000 width=12) (actual rows=100000 loops=1)
                          Buffers: shared hit=541
Planning Time: 0.085 ms
Execution Time: 118.061 ms",117.543,2594.12,100,"Unique  (cost=2592.45..2594.12 rows=333 width=8) (actual rows=100 loops=1)
  Buffers: shared hit=541, temp read=360 written=683
  ->  Sort  (cost=2592.45..2593.28 rows=333 width=8) (actual rows=27263 loops=1)
        Sort Key: t_views_0.viewer_id
        Sort Method: quicksort  Memory: 2046kB
        Buffers: shared hit=541, temp read=360 written=683
        ->  HashAggregate  (cost=2566.00..2578.50 rows=333 width=8) (actual rows=27263 loops=1)
              Group Key: t_views_0.viewer_id, t_views_0.view_date
              Filter: (1 < count(t_views_0.article_id))
              Batches: 5  Memory Usage: 4145kB  Disk Usage: 1656kB
              Rows Removed by Filter: 30784
              Buffers: shared hit=541, temp read=360 written=683
              ->  HashAggregate  (cost=2291.00..2391.00 rows=10000 width=12) (actual rows=99992 loops=1)
                    Group Key: t_views_0.view_date, t_views_0.viewer_id, t_views_0.article_id
                    Batches: 5  Memory Usage: 4145kB  Disk Usage: 1744kB
                    Buffers: shared hit=541, temp read=201 written=364
                    ->  Seq Scan on views t_views_0  (cost=0.00..1541.00 rows=100000 width=12) (actual rows=100000 loops=1)
                          Buffers: shared hit=541
Planning Time: 0.092 ms
Execution Time: 117.543 ms",118.8682,118.061,122.316,129.4746,2594.12,2594.12,100,100,100,100,1149_17,707,1149,17,Medium,"select distinct viewer_id as id from schema_1149.views group by view_date, viewer_id having count(distinct article_id) > 1 order by viewer_id",126.749,10979.15,100,"Unique  (cost=9845.82..10979.15 rows=3333 width=8) (actual rows=100 loops=1)
  Buffers: shared hit=541, temp read=270 written=271
  ->  GroupAggregate  (cost=9845.82..10970.82 rows=3333 width=8) (actual rows=27263 loops=1)
        Group Key: viewer_id, view_date
        Filter: (count(DISTINCT article_id) > 1)
        Rows Removed by Filter: 30784
        Buffers: shared hit=541, temp read=270 written=271
        ->  Sort  (cost=9845.82..10095.82 rows=100000 width=12) (actual rows=100000 loops=1)
              Sort Key: viewer_id, view_date
              Sort Method: external merge  Disk: 2160kB
              Buffers: shared hit=541, temp read=270 written=271
              ->  Seq Scan on views  (cost=0.00..1541.00 rows=100000 width=12) (actual rows=100000 loops=1)
                    Buffers: shared hit=541
Planning:
  Buffers: shared hit=2
Planning Time: 0.081 ms
Execution Time: 126.749 ms",131.209,10979.15,100,"Unique  (cost=9845.82..10979.15 rows=3333 width=8) (actual rows=100 loops=1)
  Buffers: shared hit=541, temp read=270 written=271
  ->  GroupAggregate  (cost=9845.82..10970.82 rows=3333 width=8) (actual rows=27263 loops=1)
        Group Key: viewer_id, view_date
        Filter: (count(DISTINCT article_id) > 1)
        Rows Removed by Filter: 30784
        Buffers: shared hit=541, temp read=270 written=271
        ->  Sort  (cost=9845.82..10095.82 rows=100000 width=12) (actual rows=100000 loops=1)
              Sort Key: viewer_id, view_date
              Sort Method: external merge  Disk: 2160kB
              Buffers: shared hit=541, temp read=270 written=271
              ->  Seq Scan on views  (cost=0.00..1541.00 rows=100000 width=12) (actual rows=100000 loops=1)
                    Buffers: shared hit=541
Planning:
  Buffers: shared hit=2
Planning Time: 0.190 ms
Execution Time: 131.209 ms",129.649,10979.15,100,"Unique  (cost=9845.82..10979.15 rows=3333 width=8) (actual rows=100 loops=1)
  Buffers: shared hit=541, temp read=270 written=271
  ->  GroupAggregate  (cost=9845.82..10970.82 rows=3333 width=8) (actual rows=27263 loops=1)
        Group Key: viewer_id, view_date
        Filter: (count(DISTINCT article_id) > 1)
        Rows Removed by Filter: 30784
        Buffers: shared hit=541, temp read=270 written=271
        ->  Sort  (cost=9845.82..10095.82 rows=100000 width=12) (actual rows=100000 loops=1)
              Sort Key: viewer_id, view_date
              Sort Method: external merge  Disk: 2160kB
              Buffers: shared hit=541, temp read=270 written=271
              ->  Seq Scan on views  (cost=0.00..1541.00 rows=100000 width=12) (actual rows=100000 loops=1)
                    Buffers: shared hit=541
Planning:
  Buffers: shared hit=2
Planning Time: 0.212 ms
Execution Time: 129.649 ms",132.022,10979.15,100,"Unique  (cost=9845.82..10979.15 rows=3333 width=8) (actual rows=100 loops=1)
  Buffers: shared hit=541, temp read=270 written=271
  ->  GroupAggregate  (cost=9845.82..10970.82 rows=3333 width=8) (actual rows=27263 loops=1)
        Group Key: viewer_id, view_date
        Filter: (count(DISTINCT article_id) > 1)
        Rows Removed by Filter: 30784
        Buffers: shared hit=541, temp read=270 written=271
        ->  Sort  (cost=9845.82..10095.82 rows=100000 width=12) (actual rows=100000 loops=1)
              Sort Key: viewer_id, view_date
              Sort Method: external merge  Disk: 2160kB
              Buffers: shared hit=541, temp read=270 written=271
              ->  Seq Scan on views  (cost=0.00..1541.00 rows=100000 width=12) (actual rows=100000 loops=1)
                    Buffers: shared hit=541
Planning:
  Buffers: shared hit=2
Planning Time: 0.085 ms
Execution Time: 132.022 ms",129.635,10979.15,100,"Unique  (cost=9845.82..10979.15 rows=3333 width=8) (actual rows=100 loops=1)
  Buffers: shared hit=541, temp read=270 written=271
  ->  GroupAggregate  (cost=9845.82..10970.82 rows=3333 width=8) (actual rows=27263 loops=1)
        Group Key: viewer_id, view_date
        Filter: (count(DISTINCT article_id) > 1)
        Rows Removed by Filter: 30784
        Buffers: shared hit=541, temp read=270 written=271
        ->  Sort  (cost=9845.82..10095.82 rows=100000 width=12) (actual rows=100000 loops=1)
              Sort Key: viewer_id, view_date
              Sort Method: external merge  Disk: 2160kB
              Buffers: shared hit=541, temp read=270 written=271
              ->  Seq Scan on views  (cost=0.00..1541.00 rows=100000 width=12) (actual rows=100000 loops=1)
                    Buffers: shared hit=541
Planning:
  Buffers: shared hit=2
Planning Time: 0.095 ms
Execution Time: 129.635 ms",129.8528,129.649,131.6155,132.3472,10979.15,10979.15,100,100,100,100,normal,normal,4.066813200000001,20.12587720000001,equal variances,significant,0.003968253968253968,-10.9846,-11.587999999999994,-8385.029999999999,0,True
708,1149,18,Medium,"select distinct t_cte_3.c_viewer_id0 as id from (select distinct t_views_0.viewer_id as c_viewer_id0, t_views_0.view_date as c_view_date0, t_views_0.article_id as c_article_id0 from schema_1149.views as t_views_0) as t_cte_3 group by t_cte_3.c_viewer_id0,t_cte_3.c_view_date0 having 1 < count(t_cte_3.c_article_id0)",111.115,2594.12,100,"Unique  (cost=2592.45..2594.12 rows=333 width=8) (actual rows=100 loops=1)
  Buffers: shared hit=541, temp read=359 written=682
  ->  Sort  (cost=2592.45..2593.28 rows=333 width=8) (actual rows=27263 loops=1)
        Sort Key: t_views_0.viewer_id
        Sort Method: quicksort  Memory: 2046kB
        Buffers: shared hit=541, temp read=359 written=682
        ->  HashAggregate  (cost=2566.00..2578.50 rows=333 width=8) (actual rows=27263 loops=1)
              Group Key: t_views_0.viewer_id, t_views_0.view_date
              Filter: (1 < count(t_views_0.article_id))
              Batches: 5  Memory Usage: 4145kB  Disk Usage: 1656kB
              Rows Removed by Filter: 30784
              Buffers: shared hit=541, temp read=359 written=682
              ->  HashAggregate  (cost=2291.00..2391.00 rows=10000 width=12) (actual rows=99992 loops=1)
                    Group Key: t_views_0.viewer_id, t_views_0.view_date, t_views_0.article_id
                    Batches: 5  Memory Usage: 4145kB  Disk Usage: 1744kB
                    Buffers: shared hit=541, temp read=200 written=361
                    ->  Seq Scan on views t_views_0  (cost=0.00..1541.00 rows=100000 width=12) (actual rows=100000 loops=1)
                          Buffers: shared hit=541
Planning Time: 0.083 ms
Execution Time: 111.115 ms",119.517,2594.12,100,"Unique  (cost=2592.45..2594.12 rows=333 width=8) (actual rows=100 loops=1)
  Buffers: shared hit=541, temp read=359 written=682
  ->  Sort  (cost=2592.45..2593.28 rows=333 width=8) (actual rows=27263 loops=1)
        Sort Key: t_views_0.viewer_id
        Sort Method: quicksort  Memory: 2046kB
        Buffers: shared hit=541, temp read=359 written=682
        ->  HashAggregate  (cost=2566.00..2578.50 rows=333 width=8) (actual rows=27263 loops=1)
              Group Key: t_views_0.viewer_id, t_views_0.view_date
              Filter: (1 < count(t_views_0.article_id))
              Batches: 5  Memory Usage: 4145kB  Disk Usage: 1656kB
              Rows Removed by Filter: 30784
              Buffers: shared hit=541, temp read=359 written=682
              ->  HashAggregate  (cost=2291.00..2391.00 rows=10000 width=12) (actual rows=99992 loops=1)
                    Group Key: t_views_0.viewer_id, t_views_0.view_date, t_views_0.article_id
                    Batches: 5  Memory Usage: 4145kB  Disk Usage: 1744kB
                    Buffers: shared hit=541, temp read=200 written=361
                    ->  Seq Scan on views t_views_0  (cost=0.00..1541.00 rows=100000 width=12) (actual rows=100000 loops=1)
                          Buffers: shared hit=541
Planning Time: 0.126 ms
Execution Time: 119.517 ms",120.603,2594.12,100,"Unique  (cost=2592.45..2594.12 rows=333 width=8) (actual rows=100 loops=1)
  Buffers: shared hit=541, temp read=359 written=682
  ->  Sort  (cost=2592.45..2593.28 rows=333 width=8) (actual rows=27263 loops=1)
        Sort Key: t_views_0.viewer_id
        Sort Method: quicksort  Memory: 2046kB
        Buffers: shared hit=541, temp read=359 written=682
        ->  HashAggregate  (cost=2566.00..2578.50 rows=333 width=8) (actual rows=27263 loops=1)
              Group Key: t_views_0.viewer_id, t_views_0.view_date
              Filter: (1 < count(t_views_0.article_id))
              Batches: 5  Memory Usage: 4145kB  Disk Usage: 1656kB
              Rows Removed by Filter: 30784
              Buffers: shared hit=541, temp read=359 written=682
              ->  HashAggregate  (cost=2291.00..2391.00 rows=10000 width=12) (actual rows=99992 loops=1)
                    Group Key: t_views_0.viewer_id, t_views_0.view_date, t_views_0.article_id
                    Batches: 5  Memory Usage: 4145kB  Disk Usage: 1744kB
                    Buffers: shared hit=541, temp read=200 written=361
                    ->  Seq Scan on views t_views_0  (cost=0.00..1541.00 rows=100000 width=12) (actual rows=100000 loops=1)
                          Buffers: shared hit=541
Planning Time: 0.092 ms
Execution Time: 120.603 ms",119.971,2594.12,100,"Unique  (cost=2592.45..2594.12 rows=333 width=8) (actual rows=100 loops=1)
  Buffers: shared hit=541, temp read=359 written=682
  ->  Sort  (cost=2592.45..2593.28 rows=333 width=8) (actual rows=27263 loops=1)
        Sort Key: t_views_0.viewer_id
        Sort Method: quicksort  Memory: 2046kB
        Buffers: shared hit=541, temp read=359 written=682
        ->  HashAggregate  (cost=2566.00..2578.50 rows=333 width=8) (actual rows=27263 loops=1)
              Group Key: t_views_0.viewer_id, t_views_0.view_date
              Filter: (1 < count(t_views_0.article_id))
              Batches: 5  Memory Usage: 4145kB  Disk Usage: 1656kB
              Rows Removed by Filter: 30784
              Buffers: shared hit=541, temp read=359 written=682
              ->  HashAggregate  (cost=2291.00..2391.00 rows=10000 width=12) (actual rows=99992 loops=1)
                    Group Key: t_views_0.viewer_id, t_views_0.view_date, t_views_0.article_id
                    Batches: 5  Memory Usage: 4145kB  Disk Usage: 1744kB
                    Buffers: shared hit=541, temp read=200 written=361
                    ->  Seq Scan on views t_views_0  (cost=0.00..1541.00 rows=100000 width=12) (actual rows=100000 loops=1)
                          Buffers: shared hit=541
Planning Time: 0.096 ms
Execution Time: 119.971 ms",119.288,2594.12,100,"Unique  (cost=2592.45..2594.12 rows=333 width=8) (actual rows=100 loops=1)
  Buffers: shared hit=541, temp read=359 written=682
  ->  Sort  (cost=2592.45..2593.28 rows=333 width=8) (actual rows=27263 loops=1)
        Sort Key: t_views_0.viewer_id
        Sort Method: quicksort  Memory: 2046kB
        Buffers: shared hit=541, temp read=359 written=682
        ->  HashAggregate  (cost=2566.00..2578.50 rows=333 width=8) (actual rows=27263 loops=1)
              Group Key: t_views_0.viewer_id, t_views_0.view_date
              Filter: (1 < count(t_views_0.article_id))
              Batches: 5  Memory Usage: 4145kB  Disk Usage: 1656kB
              Rows Removed by Filter: 30784
              Buffers: shared hit=541, temp read=359 written=682
              ->  HashAggregate  (cost=2291.00..2391.00 rows=10000 width=12) (actual rows=99992 loops=1)
                    Group Key: t_views_0.viewer_id, t_views_0.view_date, t_views_0.article_id
                    Batches: 5  Memory Usage: 4145kB  Disk Usage: 1744kB
                    Buffers: shared hit=541, temp read=200 written=361
                    ->  Seq Scan on views t_views_0  (cost=0.00..1541.00 rows=100000 width=12) (actual rows=100000 loops=1)
                          Buffers: shared hit=541
Planning Time: 0.070 ms
Execution Time: 119.288 ms",118.0988,119.517,120.287,120.8558,2594.12,2594.12,100,100,100,100,1149_18,708,1149,18,Medium,"select distinct viewer_id as id from schema_1149.views group by viewer_id, view_date having count(distinct article_id) > 1",125.209,10979.15,100,"Unique  (cost=9845.82..10979.15 rows=3333 width=8) (actual rows=100 loops=1)
  Buffers: shared hit=541, temp read=270 written=271
  ->  GroupAggregate  (cost=9845.82..10970.82 rows=3333 width=8) (actual rows=27263 loops=1)
        Group Key: viewer_id, view_date
        Filter: (count(DISTINCT article_id) > 1)
        Rows Removed by Filter: 30784
        Buffers: shared hit=541, temp read=270 written=271
        ->  Sort  (cost=9845.82..10095.82 rows=100000 width=12) (actual rows=100000 loops=1)
              Sort Key: viewer_id, view_date
              Sort Method: external merge  Disk: 2160kB
              Buffers: shared hit=541, temp read=270 written=271
              ->  Seq Scan on views  (cost=0.00..1541.00 rows=100000 width=12) (actual rows=100000 loops=1)
                    Buffers: shared hit=541
Planning:
  Buffers: shared hit=2
Planning Time: 0.073 ms
Execution Time: 125.209 ms",132.968,10979.15,100,"Unique  (cost=9845.82..10979.15 rows=3333 width=8) (actual rows=100 loops=1)
  Buffers: shared hit=541, temp read=270 written=271
  ->  GroupAggregate  (cost=9845.82..10970.82 rows=3333 width=8) (actual rows=27263 loops=1)
        Group Key: viewer_id, view_date
        Filter: (count(DISTINCT article_id) > 1)
        Rows Removed by Filter: 30784
        Buffers: shared hit=541, temp read=270 written=271
        ->  Sort  (cost=9845.82..10095.82 rows=100000 width=12) (actual rows=100000 loops=1)
              Sort Key: viewer_id, view_date
              Sort Method: external merge  Disk: 2160kB
              Buffers: shared hit=541, temp read=270 written=271
              ->  Seq Scan on views  (cost=0.00..1541.00 rows=100000 width=12) (actual rows=100000 loops=1)
                    Buffers: shared hit=541
Planning:
  Buffers: shared hit=2
Planning Time: 0.119 ms
Execution Time: 132.968 ms",131.473,10979.15,100,"Unique  (cost=9845.82..10979.15 rows=3333 width=8) (actual rows=100 loops=1)
  Buffers: shared hit=541, temp read=270 written=271
  ->  GroupAggregate  (cost=9845.82..10970.82 rows=3333 width=8) (actual rows=27263 loops=1)
        Group Key: viewer_id, view_date
        Filter: (count(DISTINCT article_id) > 1)
        Rows Removed by Filter: 30784
        Buffers: shared hit=541, temp read=270 written=271
        ->  Sort  (cost=9845.82..10095.82 rows=100000 width=12) (actual rows=100000 loops=1)
              Sort Key: viewer_id, view_date
              Sort Method: external merge  Disk: 2160kB
              Buffers: shared hit=541, temp read=270 written=271
              ->  Seq Scan on views  (cost=0.00..1541.00 rows=100000 width=12) (actual rows=100000 loops=1)
                    Buffers: shared hit=541
Planning:
  Buffers: shared hit=2
Planning Time: 0.093 ms
Execution Time: 131.473 ms",131.267,10979.15,100,"Unique  (cost=9845.82..10979.15 rows=3333 width=8) (actual rows=100 loops=1)
  Buffers: shared hit=541, temp read=270 written=271
  ->  GroupAggregate  (cost=9845.82..10970.82 rows=3333 width=8) (actual rows=27263 loops=1)
        Group Key: viewer_id, view_date
        Filter: (count(DISTINCT article_id) > 1)
        Rows Removed by Filter: 30784
        Buffers: shared hit=541, temp read=270 written=271
        ->  Sort  (cost=9845.82..10095.82 rows=100000 width=12) (actual rows=100000 loops=1)
              Sort Key: viewer_id, view_date
              Sort Method: external merge  Disk: 2160kB
              Buffers: shared hit=541, temp read=270 written=271
              ->  Seq Scan on views  (cost=0.00..1541.00 rows=100000 width=12) (actual rows=100000 loops=1)
                    Buffers: shared hit=541
Planning:
  Buffers: shared hit=2
Planning Time: 0.102 ms
Execution Time: 131.267 ms",130.454,10979.15,100,"Unique  (cost=9845.82..10979.15 rows=3333 width=8) (actual rows=100 loops=1)
  Buffers: shared hit=541, temp read=270 written=271
  ->  GroupAggregate  (cost=9845.82..10970.82 rows=3333 width=8) (actual rows=27263 loops=1)
        Group Key: viewer_id, view_date
        Filter: (count(DISTINCT article_id) > 1)
        Rows Removed by Filter: 30784
        Buffers: shared hit=541, temp read=270 written=271
        ->  Sort  (cost=9845.82..10095.82 rows=100000 width=12) (actual rows=100000 loops=1)
              Sort Key: viewer_id, view_date
              Sort Method: external merge  Disk: 2160kB
              Buffers: shared hit=541, temp read=270 written=271
              ->  Seq Scan on views  (cost=0.00..1541.00 rows=100000 width=12) (actual rows=100000 loops=1)
                    Buffers: shared hit=541
Planning:
  Buffers: shared hit=2
Planning Time: 0.080 ms
Execution Time: 130.454 ms",130.2742,131.267,132.2205,133.566,10979.15,10979.15,100,100,100,100,normal,not normal,8.841977699999983,15.49377520000001,equal variances,significant,0.003968253968253968,-12.17540000000001,-11.75,-8385.029999999999,0,True
709,1149,23,Medium,"select distinct t_cte_1.c_viewer_id0 as id from (select distinct t_views_0.view_date as c_view_date0, t_views_0.article_id as c_article_id0, t_views_0.viewer_id as c_viewer_id0 from schema_1149.views as t_views_0 order by c_viewer_id0 asc) as t_cte_1 group by t_cte_1.c_viewer_id0,t_cte_1.c_view_date0 having 1 < count(t_cte_1.c_article_id0)",144.035,3283.5,100,"Unique  (cost=3281.84..3283.50 rows=333 width=8) (actual rows=100 loops=1)
  Buffers: shared hit=541, temp read=664 written=987
  ->  Sort  (cost=3281.84..3282.67 rows=333 width=8) (actual rows=27263 loops=1)
        Sort Key: t_views_0.viewer_id
        Sort Method: quicksort  Memory: 2046kB
        Buffers: shared hit=541, temp read=664 written=987
        ->  HashAggregate  (cost=3255.39..3267.89 rows=333 width=8) (actual rows=27263 loops=1)
              Group Key: t_views_0.viewer_id, t_views_0.view_date
              Filter: (1 < count(t_views_0.article_id))
              Batches: 5  Memory Usage: 4145kB  Disk Usage: 1728kB
              Rows Removed by Filter: 30784
              Buffers: shared hit=541, temp read=664 written=987
              ->  Sort  (cost=3055.39..3080.39 rows=10000 width=12) (actual rows=99992 loops=1)
                    Sort Key: t_views_0.viewer_id
                    Sort Method: external merge  Disk: 2160kB
                    Buffers: shared hit=541, temp read=470 written=632
                    ->  HashAggregate  (cost=2291.00..2391.00 rows=10000 width=12) (actual rows=99992 loops=1)
                          Group Key: t_views_0.viewer_id, t_views_0.view_date, t_views_0.article_id
                          Batches: 5  Memory Usage: 4145kB  Disk Usage: 1744kB
                          Buffers: shared hit=541, temp read=200 written=361
                          ->  Seq Scan on views t_views_0  (cost=0.00..1541.00 rows=100000 width=12) (actual rows=100000 loops=1)
                                Buffers: shared hit=541
Planning Time: 0.067 ms
Execution Time: 144.035 ms",145.826,3283.5,100,"Unique  (cost=3281.84..3283.50 rows=333 width=8) (actual rows=100 loops=1)
  Buffers: shared hit=541, temp read=664 written=987
  ->  Sort  (cost=3281.84..3282.67 rows=333 width=8) (actual rows=27263 loops=1)
        Sort Key: t_views_0.viewer_id
        Sort Method: quicksort  Memory: 2046kB
        Buffers: shared hit=541, temp read=664 written=987
        ->  HashAggregate  (cost=3255.39..3267.89 rows=333 width=8) (actual rows=27263 loops=1)
              Group Key: t_views_0.viewer_id, t_views_0.view_date
              Filter: (1 < count(t_views_0.article_id))
              Batches: 5  Memory Usage: 4145kB  Disk Usage: 1728kB
              Rows Removed by Filter: 30784
              Buffers: shared hit=541, temp read=664 written=987
              ->  Sort  (cost=3055.39..3080.39 rows=10000 width=12) (actual rows=99992 loops=1)
                    Sort Key: t_views_0.viewer_id
                    Sort Method: external merge  Disk: 2160kB
                    Buffers: shared hit=541, temp read=470 written=632
                    ->  HashAggregate  (cost=2291.00..2391.00 rows=10000 width=12) (actual rows=99992 loops=1)
                          Group Key: t_views_0.viewer_id, t_views_0.view_date, t_views_0.article_id
                          Batches: 5  Memory Usage: 4145kB  Disk Usage: 1744kB
                          Buffers: shared hit=541, temp read=200 written=361
                          ->  Seq Scan on views t_views_0  (cost=0.00..1541.00 rows=100000 width=12) (actual rows=100000 loops=1)
                                Buffers: shared hit=541
Planning Time: 0.100 ms
Execution Time: 145.826 ms",150.232,3283.5,100,"Unique  (cost=3281.84..3283.50 rows=333 width=8) (actual rows=100 loops=1)
  Buffers: shared hit=541, temp read=664 written=987
  ->  Sort  (cost=3281.84..3282.67 rows=333 width=8) (actual rows=27263 loops=1)
        Sort Key: t_views_0.viewer_id
        Sort Method: quicksort  Memory: 2046kB
        Buffers: shared hit=541, temp read=664 written=987
        ->  HashAggregate  (cost=3255.39..3267.89 rows=333 width=8) (actual rows=27263 loops=1)
              Group Key: t_views_0.viewer_id, t_views_0.view_date
              Filter: (1 < count(t_views_0.article_id))
              Batches: 5  Memory Usage: 4145kB  Disk Usage: 1728kB
              Rows Removed by Filter: 30784
              Buffers: shared hit=541, temp read=664 written=987
              ->  Sort  (cost=3055.39..3080.39 rows=10000 width=12) (actual rows=99992 loops=1)
                    Sort Key: t_views_0.viewer_id
                    Sort Method: external merge  Disk: 2160kB
                    Buffers: shared hit=541, temp read=470 written=632
                    ->  HashAggregate  (cost=2291.00..2391.00 rows=10000 width=12) (actual rows=99992 loops=1)
                          Group Key: t_views_0.viewer_id, t_views_0.view_date, t_views_0.article_id
                          Batches: 5  Memory Usage: 4145kB  Disk Usage: 1744kB
                          Buffers: shared hit=541, temp read=200 written=361
                          ->  Seq Scan on views t_views_0  (cost=0.00..1541.00 rows=100000 width=12) (actual rows=100000 loops=1)
                                Buffers: shared hit=541
Planning Time: 0.090 ms
Execution Time: 150.232 ms",146.321,3283.5,100,"Unique  (cost=3281.84..3283.50 rows=333 width=8) (actual rows=100 loops=1)
  Buffers: shared hit=541, temp read=664 written=987
  ->  Sort  (cost=3281.84..3282.67 rows=333 width=8) (actual rows=27263 loops=1)
        Sort Key: t_views_0.viewer_id
        Sort Method: quicksort  Memory: 2046kB
        Buffers: shared hit=541, temp read=664 written=987
        ->  HashAggregate  (cost=3255.39..3267.89 rows=333 width=8) (actual rows=27263 loops=1)
              Group Key: t_views_0.viewer_id, t_views_0.view_date
              Filter: (1 < count(t_views_0.article_id))
              Batches: 5  Memory Usage: 4145kB  Disk Usage: 1728kB
              Rows Removed by Filter: 30784
              Buffers: shared hit=541, temp read=664 written=987
              ->  Sort  (cost=3055.39..3080.39 rows=10000 width=12) (actual rows=99992 loops=1)
                    Sort Key: t_views_0.viewer_id
                    Sort Method: external merge  Disk: 2160kB
                    Buffers: shared hit=541, temp read=470 written=632
                    ->  HashAggregate  (cost=2291.00..2391.00 rows=10000 width=12) (actual rows=99992 loops=1)
                          Group Key: t_views_0.viewer_id, t_views_0.view_date, t_views_0.article_id
                          Batches: 5  Memory Usage: 4145kB  Disk Usage: 1744kB
                          Buffers: shared hit=541, temp read=200 written=361
                          ->  Seq Scan on views t_views_0  (cost=0.00..1541.00 rows=100000 width=12) (actual rows=100000 loops=1)
                                Buffers: shared hit=541
Planning Time: 0.108 ms
Execution Time: 146.321 ms",146.83,3283.5,100,"Unique  (cost=3281.84..3283.50 rows=333 width=8) (actual rows=100 loops=1)
  Buffers: shared hit=541, temp read=664 written=987
  ->  Sort  (cost=3281.84..3282.67 rows=333 width=8) (actual rows=27263 loops=1)
        Sort Key: t_views_0.viewer_id
        Sort Method: quicksort  Memory: 2046kB
        Buffers: shared hit=541, temp read=664 written=987
        ->  HashAggregate  (cost=3255.39..3267.89 rows=333 width=8) (actual rows=27263 loops=1)
              Group Key: t_views_0.viewer_id, t_views_0.view_date
              Filter: (1 < count(t_views_0.article_id))
              Batches: 5  Memory Usage: 4145kB  Disk Usage: 1728kB
              Rows Removed by Filter: 30784
              Buffers: shared hit=541, temp read=664 written=987
              ->  Sort  (cost=3055.39..3080.39 rows=10000 width=12) (actual rows=99992 loops=1)
                    Sort Key: t_views_0.viewer_id
                    Sort Method: external merge  Disk: 2160kB
                    Buffers: shared hit=541, temp read=470 written=632
                    ->  HashAggregate  (cost=2291.00..2391.00 rows=10000 width=12) (actual rows=99992 loops=1)
                          Group Key: t_views_0.viewer_id, t_views_0.view_date, t_views_0.article_id
                          Batches: 5  Memory Usage: 4145kB  Disk Usage: 1744kB
                          Buffers: shared hit=541, temp read=200 written=361
                          ->  Seq Scan on views t_views_0  (cost=0.00..1541.00 rows=100000 width=12) (actual rows=100000 loops=1)
                                Buffers: shared hit=541
Planning Time: 0.109 ms
Execution Time: 146.830 ms",146.6488,146.321,148.531,151.5928,3283.5,3283.5,100,100,100,100,1149_23,709,1149,23,Medium,"select distinct viewer_id as id from schema_1149.views group by viewer_id, view_date having count(distinct article_id) > 1 order by viewer_id",122.463,10979.15,100,"Unique  (cost=9845.82..10979.15 rows=3333 width=8) (actual rows=100 loops=1)
  Buffers: shared hit=541, temp read=270 written=271
  ->  GroupAggregate  (cost=9845.82..10970.82 rows=3333 width=8) (actual rows=27263 loops=1)
        Group Key: viewer_id, view_date
        Filter: (count(DISTINCT article_id) > 1)
        Rows Removed by Filter: 30784
        Buffers: shared hit=541, temp read=270 written=271
        ->  Sort  (cost=9845.82..10095.82 rows=100000 width=12) (actual rows=100000 loops=1)
              Sort Key: viewer_id, view_date
              Sort Method: external merge  Disk: 2160kB
              Buffers: shared hit=541, temp read=270 written=271
              ->  Seq Scan on views  (cost=0.00..1541.00 rows=100000 width=12) (actual rows=100000 loops=1)
                    Buffers: shared hit=541
Planning:
  Buffers: shared hit=2
Planning Time: 0.061 ms
Execution Time: 122.463 ms",135.638,10979.15,100,"Unique  (cost=9845.82..10979.15 rows=3333 width=8) (actual rows=100 loops=1)
  Buffers: shared hit=541, temp read=270 written=271
  ->  GroupAggregate  (cost=9845.82..10970.82 rows=3333 width=8) (actual rows=27263 loops=1)
        Group Key: viewer_id, view_date
        Filter: (count(DISTINCT article_id) > 1)
        Rows Removed by Filter: 30784
        Buffers: shared hit=541, temp read=270 written=271
        ->  Sort  (cost=9845.82..10095.82 rows=100000 width=12) (actual rows=100000 loops=1)
              Sort Key: viewer_id, view_date
              Sort Method: external merge  Disk: 2160kB
              Buffers: shared hit=541, temp read=270 written=271
              ->  Seq Scan on views  (cost=0.00..1541.00 rows=100000 width=12) (actual rows=100000 loops=1)
                    Buffers: shared hit=541
Planning:
  Buffers: shared hit=2
Planning Time: 0.076 ms
Execution Time: 135.638 ms",136.037,10979.15,100,"Unique  (cost=9845.82..10979.15 rows=3333 width=8) (actual rows=100 loops=1)
  Buffers: shared hit=541, temp read=270 written=271
  ->  GroupAggregate  (cost=9845.82..10970.82 rows=3333 width=8) (actual rows=27263 loops=1)
        Group Key: viewer_id, view_date
        Filter: (count(DISTINCT article_id) > 1)
        Rows Removed by Filter: 30784
        Buffers: shared hit=541, temp read=270 written=271
        ->  Sort  (cost=9845.82..10095.82 rows=100000 width=12) (actual rows=100000 loops=1)
              Sort Key: viewer_id, view_date
              Sort Method: external merge  Disk: 2160kB
              Buffers: shared hit=541, temp read=270 written=271
              ->  Seq Scan on views  (cost=0.00..1541.00 rows=100000 width=12) (actual rows=100000 loops=1)
                    Buffers: shared hit=541
Planning:
  Buffers: shared hit=2
Planning Time: 0.088 ms
Execution Time: 136.037 ms",128.528,10979.15,100,"Unique  (cost=9845.82..10979.15 rows=3333 width=8) (actual rows=100 loops=1)
  Buffers: shared hit=541, temp read=270 written=271
  ->  GroupAggregate  (cost=9845.82..10970.82 rows=3333 width=8) (actual rows=27263 loops=1)
        Group Key: viewer_id, view_date
        Filter: (count(DISTINCT article_id) > 1)
        Rows Removed by Filter: 30784
        Buffers: shared hit=541, temp read=270 written=271
        ->  Sort  (cost=9845.82..10095.82 rows=100000 width=12) (actual rows=100000 loops=1)
              Sort Key: viewer_id, view_date
              Sort Method: external merge  Disk: 2160kB
              Buffers: shared hit=541, temp read=270 written=271
              ->  Seq Scan on views  (cost=0.00..1541.00 rows=100000 width=12) (actual rows=100000 loops=1)
                    Buffers: shared hit=541
Planning:
  Buffers: shared hit=2
Planning Time: 0.090 ms
Execution Time: 128.528 ms",129.595,10979.15,100,"Unique  (cost=9845.82..10979.15 rows=3333 width=8) (actual rows=100 loops=1)
  Buffers: shared hit=541, temp read=270 written=271
  ->  GroupAggregate  (cost=9845.82..10970.82 rows=3333 width=8) (actual rows=27263 loops=1)
        Group Key: viewer_id, view_date
        Filter: (count(DISTINCT article_id) > 1)
        Rows Removed by Filter: 30784
        Buffers: shared hit=541, temp read=270 written=271
        ->  Sort  (cost=9845.82..10095.82 rows=100000 width=12) (actual rows=100000 loops=1)
              Sort Key: viewer_id, view_date
              Sort Method: external merge  Disk: 2160kB
              Buffers: shared hit=541, temp read=270 written=271
              ->  Seq Scan on views  (cost=0.00..1541.00 rows=100000 width=12) (actual rows=100000 loops=1)
                    Buffers: shared hit=541
Planning:
  Buffers: shared hit=2
Planning Time: 0.101 ms
Execution Time: 129.595 ms",130.4522,129.595,135.8375,136.1966,10979.15,10979.15,100,100,100,100,normal,normal,31.586791700000063,5.122139700000008,equal variances,not significant,1.0,16.19659999999999,16.726,-7695.65,0,True
710,1149,24,Medium,"select distinct t_cte_0.c_viewer_id0 as id from (select distinct t_views_0.article_id as c_article_id0, t_views_0.viewer_id as c_viewer_id0, t_views_0.view_date as c_view_date0 from schema_1149.views as t_views_0) as t_cte_0 group by t_cte_0.c_view_date0,t_cte_0.c_viewer_id0 having 1 < count(t_cte_0.c_article_id0)",112.2,2594.12,100,"Unique  (cost=2592.45..2594.12 rows=333 width=8) (actual rows=100 loops=1)
  Buffers: shared hit=541, temp read=359 written=683
  ->  Sort  (cost=2592.45..2593.28 rows=333 width=8) (actual rows=27263 loops=1)
        Sort Key: t_views_0.viewer_id
        Sort Method: quicksort  Memory: 2046kB
        Buffers: shared hit=541, temp read=359 written=683
        ->  HashAggregate  (cost=2566.00..2578.50 rows=333 width=8) (actual rows=27263 loops=1)
              Group Key: t_views_0.view_date, t_views_0.viewer_id
              Filter: (1 < count(t_views_0.article_id))
              Batches: 5  Memory Usage: 4145kB  Disk Usage: 1656kB
              Rows Removed by Filter: 30784
              Buffers: shared hit=541, temp read=359 written=683
              ->  HashAggregate  (cost=2291.00..2391.00 rows=10000 width=12) (actual rows=99992 loops=1)
                    Group Key: t_views_0.article_id, t_views_0.viewer_id, t_views_0.view_date
                    Batches: 5  Memory Usage: 4145kB  Disk Usage: 1744kB
                    Buffers: shared hit=541, temp read=201 written=362
                    ->  Seq Scan on views t_views_0  (cost=0.00..1541.00 rows=100000 width=12) (actual rows=100000 loops=1)
                          Buffers: shared hit=541
Planning Time: 0.104 ms
Execution Time: 112.200 ms",122.135,2594.12,100,"Unique  (cost=2592.45..2594.12 rows=333 width=8) (actual rows=100 loops=1)
  Buffers: shared hit=541, temp read=359 written=683
  ->  Sort  (cost=2592.45..2593.28 rows=333 width=8) (actual rows=27263 loops=1)
        Sort Key: t_views_0.viewer_id
        Sort Method: quicksort  Memory: 2046kB
        Buffers: shared hit=541, temp read=359 written=683
        ->  HashAggregate  (cost=2566.00..2578.50 rows=333 width=8) (actual rows=27263 loops=1)
              Group Key: t_views_0.view_date, t_views_0.viewer_id
              Filter: (1 < count(t_views_0.article_id))
              Batches: 5  Memory Usage: 4145kB  Disk Usage: 1656kB
              Rows Removed by Filter: 30784
              Buffers: shared hit=541, temp read=359 written=683
              ->  HashAggregate  (cost=2291.00..2391.00 rows=10000 width=12) (actual rows=99992 loops=1)
                    Group Key: t_views_0.article_id, t_views_0.viewer_id, t_views_0.view_date
                    Batches: 5  Memory Usage: 4145kB  Disk Usage: 1744kB
                    Buffers: shared hit=541, temp read=201 written=362
                    ->  Seq Scan on views t_views_0  (cost=0.00..1541.00 rows=100000 width=12) (actual rows=100000 loops=1)
                          Buffers: shared hit=541
Planning Time: 0.139 ms
Execution Time: 122.135 ms",120.615,2594.12,100,"Unique  (cost=2592.45..2594.12 rows=333 width=8) (actual rows=100 loops=1)
  Buffers: shared hit=541, temp read=359 written=683
  ->  Sort  (cost=2592.45..2593.28 rows=333 width=8) (actual rows=27263 loops=1)
        Sort Key: t_views_0.viewer_id
        Sort Method: quicksort  Memory: 2046kB
        Buffers: shared hit=541, temp read=359 written=683
        ->  HashAggregate  (cost=2566.00..2578.50 rows=333 width=8) (actual rows=27263 loops=1)
              Group Key: t_views_0.view_date, t_views_0.viewer_id
              Filter: (1 < count(t_views_0.article_id))
              Batches: 5  Memory Usage: 4145kB  Disk Usage: 1656kB
              Rows Removed by Filter: 30784
              Buffers: shared hit=541, temp read=359 written=683
              ->  HashAggregate  (cost=2291.00..2391.00 rows=10000 width=12) (actual rows=99992 loops=1)
                    Group Key: t_views_0.article_id, t_views_0.viewer_id, t_views_0.view_date
                    Batches: 5  Memory Usage: 4145kB  Disk Usage: 1744kB
                    Buffers: shared hit=541, temp read=201 written=362
                    ->  Seq Scan on views t_views_0  (cost=0.00..1541.00 rows=100000 width=12) (actual rows=100000 loops=1)
                          Buffers: shared hit=541
Planning Time: 0.121 ms
Execution Time: 120.615 ms",120.889,2594.12,100,"Unique  (cost=2592.45..2594.12 rows=333 width=8) (actual rows=100 loops=1)
  Buffers: shared hit=541, temp read=359 written=683
  ->  Sort  (cost=2592.45..2593.28 rows=333 width=8) (actual rows=27263 loops=1)
        Sort Key: t_views_0.viewer_id
        Sort Method: quicksort  Memory: 2046kB
        Buffers: shared hit=541, temp read=359 written=683
        ->  HashAggregate  (cost=2566.00..2578.50 rows=333 width=8) (actual rows=27263 loops=1)
              Group Key: t_views_0.view_date, t_views_0.viewer_id
              Filter: (1 < count(t_views_0.article_id))
              Batches: 5  Memory Usage: 4145kB  Disk Usage: 1656kB
              Rows Removed by Filter: 30784
              Buffers: shared hit=541, temp read=359 written=683
              ->  HashAggregate  (cost=2291.00..2391.00 rows=10000 width=12) (actual rows=99992 loops=1)
                    Group Key: t_views_0.article_id, t_views_0.viewer_id, t_views_0.view_date
                    Batches: 5  Memory Usage: 4145kB  Disk Usage: 1744kB
                    Buffers: shared hit=541, temp read=201 written=362
                    ->  Seq Scan on views t_views_0  (cost=0.00..1541.00 rows=100000 width=12) (actual rows=100000 loops=1)
                          Buffers: shared hit=541
Planning Time: 0.098 ms
Execution Time: 120.889 ms",117.791,2594.12,100,"Unique  (cost=2592.45..2594.12 rows=333 width=8) (actual rows=100 loops=1)
  Buffers: shared hit=541, temp read=359 written=683
  ->  Sort  (cost=2592.45..2593.28 rows=333 width=8) (actual rows=27263 loops=1)
        Sort Key: t_views_0.viewer_id
        Sort Method: quicksort  Memory: 2046kB
        Buffers: shared hit=541, temp read=359 written=683
        ->  HashAggregate  (cost=2566.00..2578.50 rows=333 width=8) (actual rows=27263 loops=1)
              Group Key: t_views_0.view_date, t_views_0.viewer_id
              Filter: (1 < count(t_views_0.article_id))
              Batches: 5  Memory Usage: 4145kB  Disk Usage: 1656kB
              Rows Removed by Filter: 30784
              Buffers: shared hit=541, temp read=359 written=683
              ->  HashAggregate  (cost=2291.00..2391.00 rows=10000 width=12) (actual rows=99992 loops=1)
                    Group Key: t_views_0.article_id, t_views_0.viewer_id, t_views_0.view_date
                    Batches: 5  Memory Usage: 4145kB  Disk Usage: 1744kB
                    Buffers: shared hit=541, temp read=201 written=362
                    ->  Seq Scan on views t_views_0  (cost=0.00..1541.00 rows=100000 width=12) (actual rows=100000 loops=1)
                          Buffers: shared hit=541
Planning Time: 0.161 ms
Execution Time: 117.791 ms",118.726,120.615,121.512,122.6334,2594.12,2594.12,100,100,100,100,1149_24,710,1149,24,Medium,"select distinct viewer_id as id from schema_1149.views group by viewer_id, view_date having count(distinct article_id) > 1 order by viewer_id asc",122.681,10979.15,100,"Unique  (cost=9845.82..10979.15 rows=3333 width=8) (actual rows=100 loops=1)
  Buffers: shared hit=541, temp read=270 written=271
  ->  GroupAggregate  (cost=9845.82..10970.82 rows=3333 width=8) (actual rows=27263 loops=1)
        Group Key: viewer_id, view_date
        Filter: (count(DISTINCT article_id) > 1)
        Rows Removed by Filter: 30784
        Buffers: shared hit=541, temp read=270 written=271
        ->  Sort  (cost=9845.82..10095.82 rows=100000 width=12) (actual rows=100000 loops=1)
              Sort Key: viewer_id, view_date
              Sort Method: external merge  Disk: 2160kB
              Buffers: shared hit=541, temp read=270 written=271
              ->  Seq Scan on views  (cost=0.00..1541.00 rows=100000 width=12) (actual rows=100000 loops=1)
                    Buffers: shared hit=541
Planning:
  Buffers: shared hit=2
Planning Time: 0.061 ms
Execution Time: 122.681 ms",133.051,10979.15,100,"Unique  (cost=9845.82..10979.15 rows=3333 width=8) (actual rows=100 loops=1)
  Buffers: shared hit=541, temp read=270 written=271
  ->  GroupAggregate  (cost=9845.82..10970.82 rows=3333 width=8) (actual rows=27263 loops=1)
        Group Key: viewer_id, view_date
        Filter: (count(DISTINCT article_id) > 1)
        Rows Removed by Filter: 30784
        Buffers: shared hit=541, temp read=270 written=271
        ->  Sort  (cost=9845.82..10095.82 rows=100000 width=12) (actual rows=100000 loops=1)
              Sort Key: viewer_id, view_date
              Sort Method: external merge  Disk: 2160kB
              Buffers: shared hit=541, temp read=270 written=271
              ->  Seq Scan on views  (cost=0.00..1541.00 rows=100000 width=12) (actual rows=100000 loops=1)
                    Buffers: shared hit=541
Planning:
  Buffers: shared hit=2
Planning Time: 0.081 ms
Execution Time: 133.051 ms",133.248,10979.15,100,"Unique  (cost=9845.82..10979.15 rows=3333 width=8) (actual rows=100 loops=1)
  Buffers: shared hit=541, temp read=270 written=271
  ->  GroupAggregate  (cost=9845.82..10970.82 rows=3333 width=8) (actual rows=27263 loops=1)
        Group Key: viewer_id, view_date
        Filter: (count(DISTINCT article_id) > 1)
        Rows Removed by Filter: 30784
        Buffers: shared hit=541, temp read=270 written=271
        ->  Sort  (cost=9845.82..10095.82 rows=100000 width=12) (actual rows=100000 loops=1)
              Sort Key: viewer_id, view_date
              Sort Method: external merge  Disk: 2160kB
              Buffers: shared hit=541, temp read=270 written=271
              ->  Seq Scan on views  (cost=0.00..1541.00 rows=100000 width=12) (actual rows=100000 loops=1)
                    Buffers: shared hit=541
Planning:
  Buffers: shared hit=2
Planning Time: 0.083 ms
Execution Time: 133.248 ms",129.007,10979.15,100,"Unique  (cost=9845.82..10979.15 rows=3333 width=8) (actual rows=100 loops=1)
  Buffers: shared hit=541, temp read=270 written=271
  ->  GroupAggregate  (cost=9845.82..10970.82 rows=3333 width=8) (actual rows=27263 loops=1)
        Group Key: viewer_id, view_date
        Filter: (count(DISTINCT article_id) > 1)
        Rows Removed by Filter: 30784
        Buffers: shared hit=541, temp read=270 written=271
        ->  Sort  (cost=9845.82..10095.82 rows=100000 width=12) (actual rows=100000 loops=1)
              Sort Key: viewer_id, view_date
              Sort Method: external merge  Disk: 2160kB
              Buffers: shared hit=541, temp read=270 written=271
              ->  Seq Scan on views  (cost=0.00..1541.00 rows=100000 width=12) (actual rows=100000 loops=1)
                    Buffers: shared hit=541
Planning:
  Buffers: shared hit=2
Planning Time: 0.086 ms
Execution Time: 129.007 ms",131.103,10979.15,100,"Unique  (cost=9845.82..10979.15 rows=3333 width=8) (actual rows=100 loops=1)
  Buffers: shared hit=541, temp read=270 written=271
  ->  GroupAggregate  (cost=9845.82..10970.82 rows=3333 width=8) (actual rows=27263 loops=1)
        Group Key: viewer_id, view_date
        Filter: (count(DISTINCT article_id) > 1)
        Rows Removed by Filter: 30784
        Buffers: shared hit=541, temp read=270 written=271
        ->  Sort  (cost=9845.82..10095.82 rows=100000 width=12) (actual rows=100000 loops=1)
              Sort Key: viewer_id, view_date
              Sort Method: external merge  Disk: 2160kB
              Buffers: shared hit=541, temp read=270 written=271
              ->  Seq Scan on views  (cost=0.00..1541.00 rows=100000 width=12) (actual rows=100000 loops=1)
                    Buffers: shared hit=541
Planning:
  Buffers: shared hit=2
Planning Time: 0.142 ms
Execution Time: 131.103 ms",129.818,131.103,133.1495,133.3268,10979.15,10979.15,100,100,100,100,normal,normal,18.865725999999977,15.832767999999989,equal variances,significant,0.003968253968253968,-11.092000000000013,-10.488000000000014,-8385.029999999999,0,True
711,1149,32,Medium,"select distinct t_cte_9.c_viewer_id0 as id from (select distinct t_views_0.viewer_id as c_viewer_id0, t_views_0.view_date as c_view_date0, t_views_0.article_id as c_article_id0 from schema_1149.views as t_views_0) as t_cte_9 group by t_cte_9.c_view_date0,t_cte_9.c_viewer_id0 having 1 < count(t_cte_9.c_article_id0)",111.609,2594.12,100,"Unique  (cost=2592.45..2594.12 rows=333 width=8) (actual rows=100 loops=1)
  Buffers: shared hit=541, temp read=359 written=680
  ->  Sort  (cost=2592.45..2593.28 rows=333 width=8) (actual rows=27263 loops=1)
        Sort Key: t_views_0.viewer_id
        Sort Method: quicksort  Memory: 2046kB
        Buffers: shared hit=541, temp read=359 written=680
        ->  HashAggregate  (cost=2566.00..2578.50 rows=333 width=8) (actual rows=27263 loops=1)
              Group Key: t_views_0.view_date, t_views_0.viewer_id
              Filter: (1 < count(t_views_0.article_id))
              Batches: 5  Memory Usage: 4145kB  Disk Usage: 1656kB
              Rows Removed by Filter: 30784
              Buffers: shared hit=541, temp read=359 written=680
              ->  HashAggregate  (cost=2291.00..2391.00 rows=10000 width=12) (actual rows=99992 loops=1)
                    Group Key: t_views_0.viewer_id, t_views_0.view_date, t_views_0.article_id
                    Batches: 5  Memory Usage: 4145kB  Disk Usage: 1744kB
                    Buffers: shared hit=541, temp read=200 written=361
                    ->  Seq Scan on views t_views_0  (cost=0.00..1541.00 rows=100000 width=12) (actual rows=100000 loops=1)
                          Buffers: shared hit=541
Planning Time: 0.059 ms
Execution Time: 111.609 ms",125.138,2594.12,100,"Unique  (cost=2592.45..2594.12 rows=333 width=8) (actual rows=100 loops=1)
  Buffers: shared hit=541, temp read=359 written=680
  ->  Sort  (cost=2592.45..2593.28 rows=333 width=8) (actual rows=27263 loops=1)
        Sort Key: t_views_0.viewer_id
        Sort Method: quicksort  Memory: 2046kB
        Buffers: shared hit=541, temp read=359 written=680
        ->  HashAggregate  (cost=2566.00..2578.50 rows=333 width=8) (actual rows=27263 loops=1)
              Group Key: t_views_0.view_date, t_views_0.viewer_id
              Filter: (1 < count(t_views_0.article_id))
              Batches: 5  Memory Usage: 4145kB  Disk Usage: 1656kB
              Rows Removed by Filter: 30784
              Buffers: shared hit=541, temp read=359 written=680
              ->  HashAggregate  (cost=2291.00..2391.00 rows=10000 width=12) (actual rows=99992 loops=1)
                    Group Key: t_views_0.viewer_id, t_views_0.view_date, t_views_0.article_id
                    Batches: 5  Memory Usage: 4145kB  Disk Usage: 1744kB
                    Buffers: shared hit=541, temp read=200 written=361
                    ->  Seq Scan on views t_views_0  (cost=0.00..1541.00 rows=100000 width=12) (actual rows=100000 loops=1)
                          Buffers: shared hit=541
Planning Time: 0.098 ms
Execution Time: 125.138 ms",119.246,2594.12,100,"Unique  (cost=2592.45..2594.12 rows=333 width=8) (actual rows=100 loops=1)
  Buffers: shared hit=541, temp read=359 written=680
  ->  Sort  (cost=2592.45..2593.28 rows=333 width=8) (actual rows=27263 loops=1)
        Sort Key: t_views_0.viewer_id
        Sort Method: quicksort  Memory: 2046kB
        Buffers: shared hit=541, temp read=359 written=680
        ->  HashAggregate  (cost=2566.00..2578.50 rows=333 width=8) (actual rows=27263 loops=1)
              Group Key: t_views_0.view_date, t_views_0.viewer_id
              Filter: (1 < count(t_views_0.article_id))
              Batches: 5  Memory Usage: 4145kB  Disk Usage: 1656kB
              Rows Removed by Filter: 30784
              Buffers: shared hit=541, temp read=359 written=680
              ->  HashAggregate  (cost=2291.00..2391.00 rows=10000 width=12) (actual rows=99992 loops=1)
                    Group Key: t_views_0.viewer_id, t_views_0.view_date, t_views_0.article_id
                    Batches: 5  Memory Usage: 4145kB  Disk Usage: 1744kB
                    Buffers: shared hit=541, temp read=200 written=361
                    ->  Seq Scan on views t_views_0  (cost=0.00..1541.00 rows=100000 width=12) (actual rows=100000 loops=1)
                          Buffers: shared hit=541
Planning Time: 0.104 ms
Execution Time: 119.246 ms",128.43,2594.12,100,"Unique  (cost=2592.45..2594.12 rows=333 width=8) (actual rows=100 loops=1)
  Buffers: shared hit=541, temp read=359 written=680
  ->  Sort  (cost=2592.45..2593.28 rows=333 width=8) (actual rows=27263 loops=1)
        Sort Key: t_views_0.viewer_id
        Sort Method: quicksort  Memory: 2046kB
        Buffers: shared hit=541, temp read=359 written=680
        ->  HashAggregate  (cost=2566.00..2578.50 rows=333 width=8) (actual rows=27263 loops=1)
              Group Key: t_views_0.view_date, t_views_0.viewer_id
              Filter: (1 < count(t_views_0.article_id))
              Batches: 5  Memory Usage: 4145kB  Disk Usage: 1656kB
              Rows Removed by Filter: 30784
              Buffers: shared hit=541, temp read=359 written=680
              ->  HashAggregate  (cost=2291.00..2391.00 rows=10000 width=12) (actual rows=99992 loops=1)
                    Group Key: t_views_0.viewer_id, t_views_0.view_date, t_views_0.article_id
                    Batches: 5  Memory Usage: 4145kB  Disk Usage: 1744kB
                    Buffers: shared hit=541, temp read=200 written=361
                    ->  Seq Scan on views t_views_0  (cost=0.00..1541.00 rows=100000 width=12) (actual rows=100000 loops=1)
                          Buffers: shared hit=541
Planning Time: 0.098 ms
Execution Time: 128.430 ms",121.058,2594.12,100,"Unique  (cost=2592.45..2594.12 rows=333 width=8) (actual rows=100 loops=1)
  Buffers: shared hit=541, temp read=359 written=680
  ->  Sort  (cost=2592.45..2593.28 rows=333 width=8) (actual rows=27263 loops=1)
        Sort Key: t_views_0.viewer_id
        Sort Method: quicksort  Memory: 2046kB
        Buffers: shared hit=541, temp read=359 written=680
        ->  HashAggregate  (cost=2566.00..2578.50 rows=333 width=8) (actual rows=27263 loops=1)
              Group Key: t_views_0.view_date, t_views_0.viewer_id
              Filter: (1 < count(t_views_0.article_id))
              Batches: 5  Memory Usage: 4145kB  Disk Usage: 1656kB
              Rows Removed by Filter: 30784
              Buffers: shared hit=541, temp read=359 written=680
              ->  HashAggregate  (cost=2291.00..2391.00 rows=10000 width=12) (actual rows=99992 loops=1)
                    Group Key: t_views_0.viewer_id, t_views_0.view_date, t_views_0.article_id
                    Batches: 5  Memory Usage: 4145kB  Disk Usage: 1744kB
                    Buffers: shared hit=541, temp read=200 written=361
                    ->  Seq Scan on views t_views_0  (cost=0.00..1541.00 rows=100000 width=12) (actual rows=100000 loops=1)
                          Buffers: shared hit=541
Planning Time: 0.089 ms
Execution Time: 121.058 ms",121.0962,121.058,126.784,129.7468,2594.12,2594.12,100,100,100,100,1149_32,711,1149,32,Medium,"select distinct viewer_id as id from (select viewer_id, view_date, count(distinct article_id) as cnt from schema_1149.views group by 1, 2) as a where cnt > 1",126.979,11012.48,100,"Unique  (cost=9845.82..11012.48 rows=200 width=4) (actual rows=100 loops=1)
  Buffers: shared hit=541, temp read=270 written=271
  ->  Subquery Scan on a  (cost=9845.82..11004.15 rows=3333 width=4) (actual rows=27263 loops=1)
        Buffers: shared hit=541, temp read=270 written=271
        ->  GroupAggregate  (cost=9845.82..10970.82 rows=3333 width=16) (actual rows=27263 loops=1)
              Group Key: views.viewer_id, views.view_date
              Filter: (count(DISTINCT views.article_id) > 1)
              Rows Removed by Filter: 30784
              Buffers: shared hit=541, temp read=270 written=271
              ->  Sort  (cost=9845.82..10095.82 rows=100000 width=12) (actual rows=100000 loops=1)
                    Sort Key: views.viewer_id, views.view_date
                    Sort Method: external merge  Disk: 2160kB
                    Buffers: shared hit=541, temp read=270 written=271
                    ->  Seq Scan on views  (cost=0.00..1541.00 rows=100000 width=12) (actual rows=100000 loops=1)
                          Buffers: shared hit=541
Planning:
  Buffers: shared hit=2
Planning Time: 0.107 ms
Execution Time: 126.979 ms",130.943,11012.48,100,"Unique  (cost=9845.82..11012.48 rows=200 width=4) (actual rows=100 loops=1)
  Buffers: shared hit=541, temp read=270 written=271
  ->  Subquery Scan on a  (cost=9845.82..11004.15 rows=3333 width=4) (actual rows=27263 loops=1)
        Buffers: shared hit=541, temp read=270 written=271
        ->  GroupAggregate  (cost=9845.82..10970.82 rows=3333 width=16) (actual rows=27263 loops=1)
              Group Key: views.viewer_id, views.view_date
              Filter: (count(DISTINCT views.article_id) > 1)
              Rows Removed by Filter: 30784
              Buffers: shared hit=541, temp read=270 written=271
              ->  Sort  (cost=9845.82..10095.82 rows=100000 width=12) (actual rows=100000 loops=1)
                    Sort Key: views.viewer_id, views.view_date
                    Sort Method: external merge  Disk: 2160kB
                    Buffers: shared hit=541, temp read=270 written=271
                    ->  Seq Scan on views  (cost=0.00..1541.00 rows=100000 width=12) (actual rows=100000 loops=1)
                          Buffers: shared hit=541
Planning:
  Buffers: shared hit=2
Planning Time: 0.159 ms
Execution Time: 130.943 ms",133.289,11012.48,100,"Unique  (cost=9845.82..11012.48 rows=200 width=4) (actual rows=100 loops=1)
  Buffers: shared hit=541, temp read=270 written=271
  ->  Subquery Scan on a  (cost=9845.82..11004.15 rows=3333 width=4) (actual rows=27263 loops=1)
        Buffers: shared hit=541, temp read=270 written=271
        ->  GroupAggregate  (cost=9845.82..10970.82 rows=3333 width=16) (actual rows=27263 loops=1)
              Group Key: views.viewer_id, views.view_date
              Filter: (count(DISTINCT views.article_id) > 1)
              Rows Removed by Filter: 30784
              Buffers: shared hit=541, temp read=270 written=271
              ->  Sort  (cost=9845.82..10095.82 rows=100000 width=12) (actual rows=100000 loops=1)
                    Sort Key: views.viewer_id, views.view_date
                    Sort Method: external merge  Disk: 2160kB
                    Buffers: shared hit=541, temp read=270 written=271
                    ->  Seq Scan on views  (cost=0.00..1541.00 rows=100000 width=12) (actual rows=100000 loops=1)
                          Buffers: shared hit=541
Planning:
  Buffers: shared hit=2
Planning Time: 0.119 ms
Execution Time: 133.289 ms",133.172,11012.48,100,"Unique  (cost=9845.82..11012.48 rows=200 width=4) (actual rows=100 loops=1)
  Buffers: shared hit=541, temp read=270 written=271
  ->  Subquery Scan on a  (cost=9845.82..11004.15 rows=3333 width=4) (actual rows=27263 loops=1)
        Buffers: shared hit=541, temp read=270 written=271
        ->  GroupAggregate  (cost=9845.82..10970.82 rows=3333 width=16) (actual rows=27263 loops=1)
              Group Key: views.viewer_id, views.view_date
              Filter: (count(DISTINCT views.article_id) > 1)
              Rows Removed by Filter: 30784
              Buffers: shared hit=541, temp read=270 written=271
              ->  Sort  (cost=9845.82..10095.82 rows=100000 width=12) (actual rows=100000 loops=1)
                    Sort Key: views.viewer_id, views.view_date
                    Sort Method: external merge  Disk: 2160kB
                    Buffers: shared hit=541, temp read=270 written=271
                    ->  Seq Scan on views  (cost=0.00..1541.00 rows=100000 width=12) (actual rows=100000 loops=1)
                          Buffers: shared hit=541
Planning:
  Buffers: shared hit=2
Planning Time: 0.169 ms
Execution Time: 133.172 ms",127.684,11012.48,100,"Unique  (cost=9845.82..11012.48 rows=200 width=4) (actual rows=100 loops=1)
  Buffers: shared hit=541, temp read=270 written=271
  ->  Subquery Scan on a  (cost=9845.82..11004.15 rows=3333 width=4) (actual rows=27263 loops=1)
        Buffers: shared hit=541, temp read=270 written=271
        ->  GroupAggregate  (cost=9845.82..10970.82 rows=3333 width=16) (actual rows=27263 loops=1)
              Group Key: views.viewer_id, views.view_date
              Filter: (count(DISTINCT views.article_id) > 1)
              Rows Removed by Filter: 30784
              Buffers: shared hit=541, temp read=270 written=271
              ->  Sort  (cost=9845.82..10095.82 rows=100000 width=12) (actual rows=100000 loops=1)
                    Sort Key: views.viewer_id, views.view_date
                    Sort Method: external merge  Disk: 2160kB
                    Buffers: shared hit=541, temp read=270 written=271
                    ->  Seq Scan on views  (cost=0.00..1541.00 rows=100000 width=12) (actual rows=100000 loops=1)
                          Buffers: shared hit=541
Planning:
  Buffers: shared hit=2
Planning Time: 0.097 ms
Execution Time: 127.684 ms",130.4134,130.943,133.2305,133.3358,11012.48,11012.48,100,100,100,100,normal,normal,8.851038299999985,40.88810820000007,equal variances,significant,0.015873015873015872,-9.3172,-9.885000000000005,-8418.36,0,True
712,1149,33,Medium,"select distinct t_cte_3.c_viewer_id0 as id from (select distinct a.viewer_id as c_viewer_id0, a.article_id as c_article_id0, a.view_date as c_view_date0 from schema_1149.views as a) as t_cte_3 group by t_cte_3.c_view_date0,t_cte_3.c_viewer_id0 having 2 <= count(t_cte_3.c_article_id0)",112.311,2594.12,100,"Unique  (cost=2592.45..2594.12 rows=333 width=8) (actual rows=100 loops=1)
  Buffers: shared hit=541, temp read=360 written=683
  ->  Sort  (cost=2592.45..2593.28 rows=333 width=8) (actual rows=27263 loops=1)
        Sort Key: a.viewer_id
        Sort Method: quicksort  Memory: 2046kB
        Buffers: shared hit=541, temp read=360 written=683
        ->  HashAggregate  (cost=2566.00..2578.50 rows=333 width=8) (actual rows=27263 loops=1)
              Group Key: a.view_date, a.viewer_id
              Filter: (2 <= count(a.article_id))
              Batches: 5  Memory Usage: 4145kB  Disk Usage: 1664kB
              Rows Removed by Filter: 30784
              Buffers: shared hit=541, temp read=360 written=683
              ->  HashAggregate  (cost=2291.00..2391.00 rows=10000 width=12) (actual rows=99992 loops=1)
                    Group Key: a.viewer_id, a.article_id, a.view_date
                    Batches: 5  Memory Usage: 4145kB  Disk Usage: 1744kB
                    Buffers: shared hit=541, temp read=200 written=361
                    ->  Seq Scan on views a  (cost=0.00..1541.00 rows=100000 width=12) (actual rows=100000 loops=1)
                          Buffers: shared hit=541
Planning Time: 0.070 ms
Execution Time: 112.311 ms",118.866,2594.12,100,"Unique  (cost=2592.45..2594.12 rows=333 width=8) (actual rows=100 loops=1)
  Buffers: shared hit=541, temp read=360 written=683
  ->  Sort  (cost=2592.45..2593.28 rows=333 width=8) (actual rows=27263 loops=1)
        Sort Key: a.viewer_id
        Sort Method: quicksort  Memory: 2046kB
        Buffers: shared hit=541, temp read=360 written=683
        ->  HashAggregate  (cost=2566.00..2578.50 rows=333 width=8) (actual rows=27263 loops=1)
              Group Key: a.view_date, a.viewer_id
              Filter: (2 <= count(a.article_id))
              Batches: 5  Memory Usage: 4145kB  Disk Usage: 1664kB
              Rows Removed by Filter: 30784
              Buffers: shared hit=541, temp read=360 written=683
              ->  HashAggregate  (cost=2291.00..2391.00 rows=10000 width=12) (actual rows=99992 loops=1)
                    Group Key: a.viewer_id, a.article_id, a.view_date
                    Batches: 5  Memory Usage: 4145kB  Disk Usage: 1744kB
                    Buffers: shared hit=541, temp read=200 written=361
                    ->  Seq Scan on views a  (cost=0.00..1541.00 rows=100000 width=12) (actual rows=100000 loops=1)
                          Buffers: shared hit=541
Planning Time: 0.106 ms
Execution Time: 118.866 ms",118.529,2594.12,100,"Unique  (cost=2592.45..2594.12 rows=333 width=8) (actual rows=100 loops=1)
  Buffers: shared hit=541, temp read=360 written=683
  ->  Sort  (cost=2592.45..2593.28 rows=333 width=8) (actual rows=27263 loops=1)
        Sort Key: a.viewer_id
        Sort Method: quicksort  Memory: 2046kB
        Buffers: shared hit=541, temp read=360 written=683
        ->  HashAggregate  (cost=2566.00..2578.50 rows=333 width=8) (actual rows=27263 loops=1)
              Group Key: a.view_date, a.viewer_id
              Filter: (2 <= count(a.article_id))
              Batches: 5  Memory Usage: 4145kB  Disk Usage: 1664kB
              Rows Removed by Filter: 30784
              Buffers: shared hit=541, temp read=360 written=683
              ->  HashAggregate  (cost=2291.00..2391.00 rows=10000 width=12) (actual rows=99992 loops=1)
                    Group Key: a.viewer_id, a.article_id, a.view_date
                    Batches: 5  Memory Usage: 4145kB  Disk Usage: 1744kB
                    Buffers: shared hit=541, temp read=200 written=361
                    ->  Seq Scan on views a  (cost=0.00..1541.00 rows=100000 width=12) (actual rows=100000 loops=1)
                          Buffers: shared hit=541
Planning Time: 0.101 ms
Execution Time: 118.529 ms",117.175,2594.12,100,"Unique  (cost=2592.45..2594.12 rows=333 width=8) (actual rows=100 loops=1)
  Buffers: shared hit=541, temp read=360 written=683
  ->  Sort  (cost=2592.45..2593.28 rows=333 width=8) (actual rows=27263 loops=1)
        Sort Key: a.viewer_id
        Sort Method: quicksort  Memory: 2046kB
        Buffers: shared hit=541, temp read=360 written=683
        ->  HashAggregate  (cost=2566.00..2578.50 rows=333 width=8) (actual rows=27263 loops=1)
              Group Key: a.view_date, a.viewer_id
              Filter: (2 <= count(a.article_id))
              Batches: 5  Memory Usage: 4145kB  Disk Usage: 1664kB
              Rows Removed by Filter: 30784
              Buffers: shared hit=541, temp read=360 written=683
              ->  HashAggregate  (cost=2291.00..2391.00 rows=10000 width=12) (actual rows=99992 loops=1)
                    Group Key: a.viewer_id, a.article_id, a.view_date
                    Batches: 5  Memory Usage: 4145kB  Disk Usage: 1744kB
                    Buffers: shared hit=541, temp read=200 written=361
                    ->  Seq Scan on views a  (cost=0.00..1541.00 rows=100000 width=12) (actual rows=100000 loops=1)
                          Buffers: shared hit=541
Planning Time: 0.086 ms
Execution Time: 117.175 ms",116.601,2594.12,100,"Unique  (cost=2592.45..2594.12 rows=333 width=8) (actual rows=100 loops=1)
  Buffers: shared hit=541, temp read=360 written=683
  ->  Sort  (cost=2592.45..2593.28 rows=333 width=8) (actual rows=27263 loops=1)
        Sort Key: a.viewer_id
        Sort Method: quicksort  Memory: 2046kB
        Buffers: shared hit=541, temp read=360 written=683
        ->  HashAggregate  (cost=2566.00..2578.50 rows=333 width=8) (actual rows=27263 loops=1)
              Group Key: a.view_date, a.viewer_id
              Filter: (2 <= count(a.article_id))
              Batches: 5  Memory Usage: 4145kB  Disk Usage: 1664kB
              Rows Removed by Filter: 30784
              Buffers: shared hit=541, temp read=360 written=683
              ->  HashAggregate  (cost=2291.00..2391.00 rows=10000 width=12) (actual rows=99992 loops=1)
                    Group Key: a.viewer_id, a.article_id, a.view_date
                    Batches: 5  Memory Usage: 4145kB  Disk Usage: 1744kB
                    Buffers: shared hit=541, temp read=200 written=361
                    ->  Seq Scan on views a  (cost=0.00..1541.00 rows=100000 width=12) (actual rows=100000 loops=1)
                          Buffers: shared hit=541
Planning Time: 0.105 ms
Execution Time: 116.601 ms",116.6964,117.175,118.6975,119.0008,2594.12,2594.12,100,100,100,100,1149_33,712,1149,33,Medium,"select distinct viewer_id as id from (select a.viewer_id, a.view_date from schema_1149.views as a group by 1, 2 having count(distinct article_id) >= 2) as tmp",122.787,11012.48,100,"Unique  (cost=9845.82..11012.48 rows=200 width=4) (actual rows=100 loops=1)
  Buffers: shared hit=541, temp read=270 written=271
  ->  Subquery Scan on tmp  (cost=9845.82..11004.15 rows=3333 width=4) (actual rows=27263 loops=1)
        Buffers: shared hit=541, temp read=270 written=271
        ->  GroupAggregate  (cost=9845.82..10970.82 rows=3333 width=8) (actual rows=27263 loops=1)
              Group Key: a.viewer_id, a.view_date
              Filter: (count(DISTINCT a.article_id) >= 2)
              Rows Removed by Filter: 30784
              Buffers: shared hit=541, temp read=270 written=271
              ->  Sort  (cost=9845.82..10095.82 rows=100000 width=12) (actual rows=100000 loops=1)
                    Sort Key: a.viewer_id, a.view_date
                    Sort Method: external merge  Disk: 2160kB
                    Buffers: shared hit=541, temp read=270 written=271
                    ->  Seq Scan on views a  (cost=0.00..1541.00 rows=100000 width=12) (actual rows=100000 loops=1)
                          Buffers: shared hit=541
Planning:
  Buffers: shared hit=2
Planning Time: 0.073 ms
Execution Time: 122.787 ms",128.903,11012.48,100,"Unique  (cost=9845.82..11012.48 rows=200 width=4) (actual rows=100 loops=1)
  Buffers: shared hit=541, temp read=270 written=271
  ->  Subquery Scan on tmp  (cost=9845.82..11004.15 rows=3333 width=4) (actual rows=27263 loops=1)
        Buffers: shared hit=541, temp read=270 written=271
        ->  GroupAggregate  (cost=9845.82..10970.82 rows=3333 width=8) (actual rows=27263 loops=1)
              Group Key: a.viewer_id, a.view_date
              Filter: (count(DISTINCT a.article_id) >= 2)
              Rows Removed by Filter: 30784
              Buffers: shared hit=541, temp read=270 written=271
              ->  Sort  (cost=9845.82..10095.82 rows=100000 width=12) (actual rows=100000 loops=1)
                    Sort Key: a.viewer_id, a.view_date
                    Sort Method: external merge  Disk: 2160kB
                    Buffers: shared hit=541, temp read=270 written=271
                    ->  Seq Scan on views a  (cost=0.00..1541.00 rows=100000 width=12) (actual rows=100000 loops=1)
                          Buffers: shared hit=541
Planning:
  Buffers: shared hit=2
Planning Time: 0.104 ms
Execution Time: 128.903 ms",134.783,11012.48,100,"Unique  (cost=9845.82..11012.48 rows=200 width=4) (actual rows=100 loops=1)
  Buffers: shared hit=541, temp read=270 written=271
  ->  Subquery Scan on tmp  (cost=9845.82..11004.15 rows=3333 width=4) (actual rows=27263 loops=1)
        Buffers: shared hit=541, temp read=270 written=271
        ->  GroupAggregate  (cost=9845.82..10970.82 rows=3333 width=8) (actual rows=27263 loops=1)
              Group Key: a.viewer_id, a.view_date
              Filter: (count(DISTINCT a.article_id) >= 2)
              Rows Removed by Filter: 30784
              Buffers: shared hit=541, temp read=270 written=271
              ->  Sort  (cost=9845.82..10095.82 rows=100000 width=12) (actual rows=100000 loops=1)
                    Sort Key: a.viewer_id, a.view_date
                    Sort Method: external merge  Disk: 2160kB
                    Buffers: shared hit=541, temp read=270 written=271
                    ->  Seq Scan on views a  (cost=0.00..1541.00 rows=100000 width=12) (actual rows=100000 loops=1)
                          Buffers: shared hit=541
Planning:
  Buffers: shared hit=2
Planning Time: 0.098 ms
Execution Time: 134.783 ms",131.752,11012.48,100,"Unique  (cost=9845.82..11012.48 rows=200 width=4) (actual rows=100 loops=1)
  Buffers: shared hit=541, temp read=270 written=271
  ->  Subquery Scan on tmp  (cost=9845.82..11004.15 rows=3333 width=4) (actual rows=27263 loops=1)
        Buffers: shared hit=541, temp read=270 written=271
        ->  GroupAggregate  (cost=9845.82..10970.82 rows=3333 width=8) (actual rows=27263 loops=1)
              Group Key: a.viewer_id, a.view_date
              Filter: (count(DISTINCT a.article_id) >= 2)
              Rows Removed by Filter: 30784
              Buffers: shared hit=541, temp read=270 written=271
              ->  Sort  (cost=9845.82..10095.82 rows=100000 width=12) (actual rows=100000 loops=1)
                    Sort Key: a.viewer_id, a.view_date
                    Sort Method: external merge  Disk: 2160kB
                    Buffers: shared hit=541, temp read=270 written=271
                    ->  Seq Scan on views a  (cost=0.00..1541.00 rows=100000 width=12) (actual rows=100000 loops=1)
                          Buffers: shared hit=541
Planning:
  Buffers: shared hit=2
Planning Time: 0.124 ms
Execution Time: 131.752 ms",132.543,11012.48,100,"Unique  (cost=9845.82..11012.48 rows=200 width=4) (actual rows=100 loops=1)
  Buffers: shared hit=541, temp read=270 written=271
  ->  Subquery Scan on tmp  (cost=9845.82..11004.15 rows=3333 width=4) (actual rows=27263 loops=1)
        Buffers: shared hit=541, temp read=270 written=271
        ->  GroupAggregate  (cost=9845.82..10970.82 rows=3333 width=8) (actual rows=27263 loops=1)
              Group Key: a.viewer_id, a.view_date
              Filter: (count(DISTINCT a.article_id) >= 2)
              Rows Removed by Filter: 30784
              Buffers: shared hit=541, temp read=270 written=271
              ->  Sort  (cost=9845.82..10095.82 rows=100000 width=12) (actual rows=100000 loops=1)
                    Sort Key: a.viewer_id, a.view_date
                    Sort Method: external merge  Disk: 2160kB
                    Buffers: shared hit=541, temp read=270 written=271
                    ->  Seq Scan on views a  (cost=0.00..1541.00 rows=100000 width=12) (actual rows=100000 loops=1)
                          Buffers: shared hit=541
Planning:
  Buffers: shared hit=2
Planning Time: 0.100 ms
Execution Time: 132.543 ms",130.1536,131.752,133.663,135.679,11012.48,11012.48,100,100,100,100,normal,normal,21.381563799999967,6.88386979999998,equal variances,significant,0.003968253968253968,-13.457200000000014,-14.577000000000012,-8418.36,0,True
713,1149,37,Medium,"select distinct t_cte_2.c_viewer_id0 as id from (select distinct t_views_0.article_id as c_article_id0, t_views_0.viewer_id as c_viewer_id0, t_views_0.view_date as c_view_date0 from schema_1149.views as t_views_0) as t_cte_2 group by t_cte_2.c_view_date0,t_cte_2.c_viewer_id0 having 1 < count(t_cte_2.c_article_id0)",110.457,2594.12,100,"Unique  (cost=2592.45..2594.12 rows=333 width=8) (actual rows=100 loops=1)
  Buffers: shared hit=541, temp read=359 written=683
  ->  Sort  (cost=2592.45..2593.28 rows=333 width=8) (actual rows=27263 loops=1)
        Sort Key: t_views_0.viewer_id
        Sort Method: quicksort  Memory: 2046kB
        Buffers: shared hit=541, temp read=359 written=683
        ->  HashAggregate  (cost=2566.00..2578.50 rows=333 width=8) (actual rows=27263 loops=1)
              Group Key: t_views_0.view_date, t_views_0.viewer_id
              Filter: (1 < count(t_views_0.article_id))
              Batches: 5  Memory Usage: 4145kB  Disk Usage: 1656kB
              Rows Removed by Filter: 30784
              Buffers: shared hit=541, temp read=359 written=683
              ->  HashAggregate  (cost=2291.00..2391.00 rows=10000 width=12) (actual rows=99992 loops=1)
                    Group Key: t_views_0.article_id, t_views_0.viewer_id, t_views_0.view_date
                    Batches: 5  Memory Usage: 4145kB  Disk Usage: 1744kB
                    Buffers: shared hit=541, temp read=201 written=362
                    ->  Seq Scan on views t_views_0  (cost=0.00..1541.00 rows=100000 width=12) (actual rows=100000 loops=1)
                          Buffers: shared hit=541
Planning Time: 0.063 ms
Execution Time: 110.457 ms",122.724,2594.12,100,"Unique  (cost=2592.45..2594.12 rows=333 width=8) (actual rows=100 loops=1)
  Buffers: shared hit=541, temp read=359 written=683
  ->  Sort  (cost=2592.45..2593.28 rows=333 width=8) (actual rows=27263 loops=1)
        Sort Key: t_views_0.viewer_id
        Sort Method: quicksort  Memory: 2046kB
        Buffers: shared hit=541, temp read=359 written=683
        ->  HashAggregate  (cost=2566.00..2578.50 rows=333 width=8) (actual rows=27263 loops=1)
              Group Key: t_views_0.view_date, t_views_0.viewer_id
              Filter: (1 < count(t_views_0.article_id))
              Batches: 5  Memory Usage: 4145kB  Disk Usage: 1656kB
              Rows Removed by Filter: 30784
              Buffers: shared hit=541, temp read=359 written=683
              ->  HashAggregate  (cost=2291.00..2391.00 rows=10000 width=12) (actual rows=99992 loops=1)
                    Group Key: t_views_0.article_id, t_views_0.viewer_id, t_views_0.view_date
                    Batches: 5  Memory Usage: 4145kB  Disk Usage: 1744kB
                    Buffers: shared hit=541, temp read=201 written=362
                    ->  Seq Scan on views t_views_0  (cost=0.00..1541.00 rows=100000 width=12) (actual rows=100000 loops=1)
                          Buffers: shared hit=541
Planning Time: 0.090 ms
Execution Time: 122.724 ms",118.944,2594.12,100,"Unique  (cost=2592.45..2594.12 rows=333 width=8) (actual rows=100 loops=1)
  Buffers: shared hit=541, temp read=359 written=683
  ->  Sort  (cost=2592.45..2593.28 rows=333 width=8) (actual rows=27263 loops=1)
        Sort Key: t_views_0.viewer_id
        Sort Method: quicksort  Memory: 2046kB
        Buffers: shared hit=541, temp read=359 written=683
        ->  HashAggregate  (cost=2566.00..2578.50 rows=333 width=8) (actual rows=27263 loops=1)
              Group Key: t_views_0.view_date, t_views_0.viewer_id
              Filter: (1 < count(t_views_0.article_id))
              Batches: 5  Memory Usage: 4145kB  Disk Usage: 1656kB
              Rows Removed by Filter: 30784
              Buffers: shared hit=541, temp read=359 written=683
              ->  HashAggregate  (cost=2291.00..2391.00 rows=10000 width=12) (actual rows=99992 loops=1)
                    Group Key: t_views_0.article_id, t_views_0.viewer_id, t_views_0.view_date
                    Batches: 5  Memory Usage: 4145kB  Disk Usage: 1744kB
                    Buffers: shared hit=541, temp read=201 written=362
                    ->  Seq Scan on views t_views_0  (cost=0.00..1541.00 rows=100000 width=12) (actual rows=100000 loops=1)
                          Buffers: shared hit=541
Planning Time: 0.083 ms
Execution Time: 118.944 ms",119.744,2594.12,100,"Unique  (cost=2592.45..2594.12 rows=333 width=8) (actual rows=100 loops=1)
  Buffers: shared hit=541, temp read=359 written=683
  ->  Sort  (cost=2592.45..2593.28 rows=333 width=8) (actual rows=27263 loops=1)
        Sort Key: t_views_0.viewer_id
        Sort Method: quicksort  Memory: 2046kB
        Buffers: shared hit=541, temp read=359 written=683
        ->  HashAggregate  (cost=2566.00..2578.50 rows=333 width=8) (actual rows=27263 loops=1)
              Group Key: t_views_0.view_date, t_views_0.viewer_id
              Filter: (1 < count(t_views_0.article_id))
              Batches: 5  Memory Usage: 4145kB  Disk Usage: 1656kB
              Rows Removed by Filter: 30784
              Buffers: shared hit=541, temp read=359 written=683
              ->  HashAggregate  (cost=2291.00..2391.00 rows=10000 width=12) (actual rows=99992 loops=1)
                    Group Key: t_views_0.article_id, t_views_0.viewer_id, t_views_0.view_date
                    Batches: 5  Memory Usage: 4145kB  Disk Usage: 1744kB
                    Buffers: shared hit=541, temp read=201 written=362
                    ->  Seq Scan on views t_views_0  (cost=0.00..1541.00 rows=100000 width=12) (actual rows=100000 loops=1)
                          Buffers: shared hit=541
Planning Time: 0.102 ms
Execution Time: 119.744 ms",118.373,2594.12,100,"Unique  (cost=2592.45..2594.12 rows=333 width=8) (actual rows=100 loops=1)
  Buffers: shared hit=541, temp read=359 written=683
  ->  Sort  (cost=2592.45..2593.28 rows=333 width=8) (actual rows=27263 loops=1)
        Sort Key: t_views_0.viewer_id
        Sort Method: quicksort  Memory: 2046kB
        Buffers: shared hit=541, temp read=359 written=683
        ->  HashAggregate  (cost=2566.00..2578.50 rows=333 width=8) (actual rows=27263 loops=1)
              Group Key: t_views_0.view_date, t_views_0.viewer_id
              Filter: (1 < count(t_views_0.article_id))
              Batches: 5  Memory Usage: 4145kB  Disk Usage: 1656kB
              Rows Removed by Filter: 30784
              Buffers: shared hit=541, temp read=359 written=683
              ->  HashAggregate  (cost=2291.00..2391.00 rows=10000 width=12) (actual rows=99992 loops=1)
                    Group Key: t_views_0.article_id, t_views_0.viewer_id, t_views_0.view_date
                    Batches: 5  Memory Usage: 4145kB  Disk Usage: 1744kB
                    Buffers: shared hit=541, temp read=201 written=362
                    ->  Seq Scan on views t_views_0  (cost=0.00..1541.00 rows=100000 width=12) (actual rows=100000 loops=1)
                          Buffers: shared hit=541
Planning Time: 0.092 ms
Execution Time: 118.373 ms",118.0484,118.944,121.234,123.916,2594.12,2594.12,100,100,100,100,1149_37,713,1149,37,Medium,"select distinct viewer_id as id from (select viewer_id, view_date, count(distinct article_id) as cnt from schema_1149.views group by viewer_id, view_date) as temp where cnt > 1",126.02,11012.48,100,"Unique  (cost=9845.82..11012.48 rows=200 width=4) (actual rows=100 loops=1)
  Buffers: shared hit=541, temp read=270 written=271
  ->  Subquery Scan on temp  (cost=9845.82..11004.15 rows=3333 width=4) (actual rows=27263 loops=1)
        Buffers: shared hit=541, temp read=270 written=271
        ->  GroupAggregate  (cost=9845.82..10970.82 rows=3333 width=16) (actual rows=27263 loops=1)
              Group Key: views.viewer_id, views.view_date
              Filter: (count(DISTINCT views.article_id) > 1)
              Rows Removed by Filter: 30784
              Buffers: shared hit=541, temp read=270 written=271
              ->  Sort  (cost=9845.82..10095.82 rows=100000 width=12) (actual rows=100000 loops=1)
                    Sort Key: views.viewer_id, views.view_date
                    Sort Method: external merge  Disk: 2160kB
                    Buffers: shared hit=541, temp read=270 written=271
                    ->  Seq Scan on views  (cost=0.00..1541.00 rows=100000 width=12) (actual rows=100000 loops=1)
                          Buffers: shared hit=541
Planning:
  Buffers: shared hit=2
Planning Time: 0.116 ms
Execution Time: 126.020 ms",133.29,11012.48,100,"Unique  (cost=9845.82..11012.48 rows=200 width=4) (actual rows=100 loops=1)
  Buffers: shared hit=541, temp read=270 written=271
  ->  Subquery Scan on temp  (cost=9845.82..11004.15 rows=3333 width=4) (actual rows=27263 loops=1)
        Buffers: shared hit=541, temp read=270 written=271
        ->  GroupAggregate  (cost=9845.82..10970.82 rows=3333 width=16) (actual rows=27263 loops=1)
              Group Key: views.viewer_id, views.view_date
              Filter: (count(DISTINCT views.article_id) > 1)
              Rows Removed by Filter: 30784
              Buffers: shared hit=541, temp read=270 written=271
              ->  Sort  (cost=9845.82..10095.82 rows=100000 width=12) (actual rows=100000 loops=1)
                    Sort Key: views.viewer_id, views.view_date
                    Sort Method: external merge  Disk: 2160kB
                    Buffers: shared hit=541, temp read=270 written=271
                    ->  Seq Scan on views  (cost=0.00..1541.00 rows=100000 width=12) (actual rows=100000 loops=1)
                          Buffers: shared hit=541
Planning:
  Buffers: shared hit=2
Planning Time: 0.158 ms
Execution Time: 133.290 ms",134.186,11012.48,100,"Unique  (cost=9845.82..11012.48 rows=200 width=4) (actual rows=100 loops=1)
  Buffers: shared hit=541, temp read=270 written=271
  ->  Subquery Scan on temp  (cost=9845.82..11004.15 rows=3333 width=4) (actual rows=27263 loops=1)
        Buffers: shared hit=541, temp read=270 written=271
        ->  GroupAggregate  (cost=9845.82..10970.82 rows=3333 width=16) (actual rows=27263 loops=1)
              Group Key: views.viewer_id, views.view_date
              Filter: (count(DISTINCT views.article_id) > 1)
              Rows Removed by Filter: 30784
              Buffers: shared hit=541, temp read=270 written=271
              ->  Sort  (cost=9845.82..10095.82 rows=100000 width=12) (actual rows=100000 loops=1)
                    Sort Key: views.viewer_id, views.view_date
                    Sort Method: external merge  Disk: 2160kB
                    Buffers: shared hit=541, temp read=270 written=271
                    ->  Seq Scan on views  (cost=0.00..1541.00 rows=100000 width=12) (actual rows=100000 loops=1)
                          Buffers: shared hit=541
Planning:
  Buffers: shared hit=2
Planning Time: 0.111 ms
Execution Time: 134.186 ms",131.972,11012.48,100,"Unique  (cost=9845.82..11012.48 rows=200 width=4) (actual rows=100 loops=1)
  Buffers: shared hit=541, temp read=270 written=271
  ->  Subquery Scan on temp  (cost=9845.82..11004.15 rows=3333 width=4) (actual rows=27263 loops=1)
        Buffers: shared hit=541, temp read=270 written=271
        ->  GroupAggregate  (cost=9845.82..10970.82 rows=3333 width=16) (actual rows=27263 loops=1)
              Group Key: views.viewer_id, views.view_date
              Filter: (count(DISTINCT views.article_id) > 1)
              Rows Removed by Filter: 30784
              Buffers: shared hit=541, temp read=270 written=271
              ->  Sort  (cost=9845.82..10095.82 rows=100000 width=12) (actual rows=100000 loops=1)
                    Sort Key: views.viewer_id, views.view_date
                    Sort Method: external merge  Disk: 2160kB
                    Buffers: shared hit=541, temp read=270 written=271
                    ->  Seq Scan on views  (cost=0.00..1541.00 rows=100000 width=12) (actual rows=100000 loops=1)
                          Buffers: shared hit=541
Planning:
  Buffers: shared hit=2
Planning Time: 0.126 ms
Execution Time: 131.972 ms",132.37,11012.48,100,"Unique  (cost=9845.82..11012.48 rows=200 width=4) (actual rows=100 loops=1)
  Buffers: shared hit=541, temp read=270 written=271
  ->  Subquery Scan on temp  (cost=9845.82..11004.15 rows=3333 width=4) (actual rows=27263 loops=1)
        Buffers: shared hit=541, temp read=270 written=271
        ->  GroupAggregate  (cost=9845.82..10970.82 rows=3333 width=16) (actual rows=27263 loops=1)
              Group Key: views.viewer_id, views.view_date
              Filter: (count(DISTINCT views.article_id) > 1)
              Rows Removed by Filter: 30784
              Buffers: shared hit=541, temp read=270 written=271
              ->  Sort  (cost=9845.82..10095.82 rows=100000 width=12) (actual rows=100000 loops=1)
                    Sort Key: views.viewer_id, views.view_date
                    Sort Method: external merge  Disk: 2160kB
                    Buffers: shared hit=541, temp read=270 written=271
                    ->  Seq Scan on views  (cost=0.00..1541.00 rows=100000 width=12) (actual rows=100000 loops=1)
                          Buffers: shared hit=541
Planning:
  Buffers: shared hit=2
Planning Time: 0.122 ms
Execution Time: 132.370 ms",131.5676,132.37,133.738,134.5444,11012.48,11012.48,100,100,100,100,normal,normal,10.351482800000019,20.818278300000035,equal variances,significant,0.003968253968253968,-13.519199999999998,-13.426000000000002,-8418.36,0,True
715,1149,52,Medium,"select distinct t_cte_2.c_viewer_id0 as id from (select distinct t_views_0.viewer_id as c_viewer_id0, t_views_0.article_id as c_article_id0, t_views_0.view_date as c_view_date0 from schema_1149.views as t_views_0) as t_cte_2 group by t_cte_2.c_view_date0,t_cte_2.c_viewer_id0 having 2 <= count(t_cte_2.c_article_id0)",116.444,2594.12,100,"Unique  (cost=2592.45..2594.12 rows=333 width=8) (actual rows=100 loops=1)
  Buffers: shared hit=541, temp read=360 written=683
  ->  Sort  (cost=2592.45..2593.28 rows=333 width=8) (actual rows=27263 loops=1)
        Sort Key: t_views_0.viewer_id
        Sort Method: quicksort  Memory: 2046kB
        Buffers: shared hit=541, temp read=360 written=683
        ->  HashAggregate  (cost=2566.00..2578.50 rows=333 width=8) (actual rows=27263 loops=1)
              Group Key: t_views_0.view_date, t_views_0.viewer_id
              Filter: (2 <= count(t_views_0.article_id))
              Batches: 5  Memory Usage: 4145kB  Disk Usage: 1664kB
              Rows Removed by Filter: 30784
              Buffers: shared hit=541, temp read=360 written=683
              ->  HashAggregate  (cost=2291.00..2391.00 rows=10000 width=12) (actual rows=99992 loops=1)
                    Group Key: t_views_0.viewer_id, t_views_0.article_id, t_views_0.view_date
                    Batches: 5  Memory Usage: 4145kB  Disk Usage: 1744kB
                    Buffers: shared hit=541, temp read=200 written=361
                    ->  Seq Scan on views t_views_0  (cost=0.00..1541.00 rows=100000 width=12) (actual rows=100000 loops=1)
                          Buffers: shared hit=541
Planning Time: 0.088 ms
Execution Time: 116.444 ms",122.014,2594.12,100,"Unique  (cost=2592.45..2594.12 rows=333 width=8) (actual rows=100 loops=1)
  Buffers: shared hit=541, temp read=360 written=683
  ->  Sort  (cost=2592.45..2593.28 rows=333 width=8) (actual rows=27263 loops=1)
        Sort Key: t_views_0.viewer_id
        Sort Method: quicksort  Memory: 2046kB
        Buffers: shared hit=541, temp read=360 written=683
        ->  HashAggregate  (cost=2566.00..2578.50 rows=333 width=8) (actual rows=27263 loops=1)
              Group Key: t_views_0.view_date, t_views_0.viewer_id
              Filter: (2 <= count(t_views_0.article_id))
              Batches: 5  Memory Usage: 4145kB  Disk Usage: 1664kB
              Rows Removed by Filter: 30784
              Buffers: shared hit=541, temp read=360 written=683
              ->  HashAggregate  (cost=2291.00..2391.00 rows=10000 width=12) (actual rows=99992 loops=1)
                    Group Key: t_views_0.viewer_id, t_views_0.article_id, t_views_0.view_date
                    Batches: 5  Memory Usage: 4145kB  Disk Usage: 1744kB
                    Buffers: shared hit=541, temp read=200 written=361
                    ->  Seq Scan on views t_views_0  (cost=0.00..1541.00 rows=100000 width=12) (actual rows=100000 loops=1)
                          Buffers: shared hit=541
Planning Time: 0.144 ms
Execution Time: 122.014 ms",121.184,2594.12,100,"Unique  (cost=2592.45..2594.12 rows=333 width=8) (actual rows=100 loops=1)
  Buffers: shared hit=541, temp read=360 written=683
  ->  Sort  (cost=2592.45..2593.28 rows=333 width=8) (actual rows=27263 loops=1)
        Sort Key: t_views_0.viewer_id
        Sort Method: quicksort  Memory: 2046kB
        Buffers: shared hit=541, temp read=360 written=683
        ->  HashAggregate  (cost=2566.00..2578.50 rows=333 width=8) (actual rows=27263 loops=1)
              Group Key: t_views_0.view_date, t_views_0.viewer_id
              Filter: (2 <= count(t_views_0.article_id))
              Batches: 5  Memory Usage: 4145kB  Disk Usage: 1664kB
              Rows Removed by Filter: 30784
              Buffers: shared hit=541, temp read=360 written=683
              ->  HashAggregate  (cost=2291.00..2391.00 rows=10000 width=12) (actual rows=99992 loops=1)
                    Group Key: t_views_0.viewer_id, t_views_0.article_id, t_views_0.view_date
                    Batches: 5  Memory Usage: 4145kB  Disk Usage: 1744kB
                    Buffers: shared hit=541, temp read=200 written=361
                    ->  Seq Scan on views t_views_0  (cost=0.00..1541.00 rows=100000 width=12) (actual rows=100000 loops=1)
                          Buffers: shared hit=541
Planning Time: 0.092 ms
Execution Time: 121.184 ms",120.33,2594.12,100,"Unique  (cost=2592.45..2594.12 rows=333 width=8) (actual rows=100 loops=1)
  Buffers: shared hit=541, temp read=360 written=683
  ->  Sort  (cost=2592.45..2593.28 rows=333 width=8) (actual rows=27263 loops=1)
        Sort Key: t_views_0.viewer_id
        Sort Method: quicksort  Memory: 2046kB
        Buffers: shared hit=541, temp read=360 written=683
        ->  HashAggregate  (cost=2566.00..2578.50 rows=333 width=8) (actual rows=27263 loops=1)
              Group Key: t_views_0.view_date, t_views_0.viewer_id
              Filter: (2 <= count(t_views_0.article_id))
              Batches: 5  Memory Usage: 4145kB  Disk Usage: 1664kB
              Rows Removed by Filter: 30784
              Buffers: shared hit=541, temp read=360 written=683
              ->  HashAggregate  (cost=2291.00..2391.00 rows=10000 width=12) (actual rows=99992 loops=1)
                    Group Key: t_views_0.viewer_id, t_views_0.article_id, t_views_0.view_date
                    Batches: 5  Memory Usage: 4145kB  Disk Usage: 1744kB
                    Buffers: shared hit=541, temp read=200 written=361
                    ->  Seq Scan on views t_views_0  (cost=0.00..1541.00 rows=100000 width=12) (actual rows=100000 loops=1)
                          Buffers: shared hit=541
Planning Time: 0.134 ms
Execution Time: 120.330 ms",117.316,2594.12,100,"Unique  (cost=2592.45..2594.12 rows=333 width=8) (actual rows=100 loops=1)
  Buffers: shared hit=541, temp read=360 written=683
  ->  Sort  (cost=2592.45..2593.28 rows=333 width=8) (actual rows=27263 loops=1)
        Sort Key: t_views_0.viewer_id
        Sort Method: quicksort  Memory: 2046kB
        Buffers: shared hit=541, temp read=360 written=683
        ->  HashAggregate  (cost=2566.00..2578.50 rows=333 width=8) (actual rows=27263 loops=1)
              Group Key: t_views_0.view_date, t_views_0.viewer_id
              Filter: (2 <= count(t_views_0.article_id))
              Batches: 5  Memory Usage: 4145kB  Disk Usage: 1664kB
              Rows Removed by Filter: 30784
              Buffers: shared hit=541, temp read=360 written=683
              ->  HashAggregate  (cost=2291.00..2391.00 rows=10000 width=12) (actual rows=99992 loops=1)
                    Group Key: t_views_0.viewer_id, t_views_0.article_id, t_views_0.view_date
                    Batches: 5  Memory Usage: 4145kB  Disk Usage: 1744kB
                    Buffers: shared hit=541, temp read=200 written=361
                    ->  Seq Scan on views t_views_0  (cost=0.00..1541.00 rows=100000 width=12) (actual rows=100000 loops=1)
                          Buffers: shared hit=541
Planning Time: 0.080 ms
Execution Time: 117.316 ms",119.4576,120.33,121.599,122.346,2594.12,2594.12,100,100,100,100,1149_52,715,1149,52,Medium,"select distinct viewer_id as id from schema_1149.views group by viewer_id, view_date having count(distinct article_id) >= 2",124.666,10979.15,100,"Unique  (cost=9845.82..10979.15 rows=3333 width=8) (actual rows=100 loops=1)
  Buffers: shared hit=541, temp read=270 written=271
  ->  GroupAggregate  (cost=9845.82..10970.82 rows=3333 width=8) (actual rows=27263 loops=1)
        Group Key: viewer_id, view_date
        Filter: (count(DISTINCT article_id) >= 2)
        Rows Removed by Filter: 30784
        Buffers: shared hit=541, temp read=270 written=271
        ->  Sort  (cost=9845.82..10095.82 rows=100000 width=12) (actual rows=100000 loops=1)
              Sort Key: viewer_id, view_date
              Sort Method: external merge  Disk: 2160kB
              Buffers: shared hit=541, temp read=270 written=271
              ->  Seq Scan on views  (cost=0.00..1541.00 rows=100000 width=12) (actual rows=100000 loops=1)
                    Buffers: shared hit=541
Planning:
  Buffers: shared hit=2
Planning Time: 0.068 ms
Execution Time: 124.666 ms",131.419,10979.15,100,"Unique  (cost=9845.82..10979.15 rows=3333 width=8) (actual rows=100 loops=1)
  Buffers: shared hit=541, temp read=270 written=271
  ->  GroupAggregate  (cost=9845.82..10970.82 rows=3333 width=8) (actual rows=27263 loops=1)
        Group Key: viewer_id, view_date
        Filter: (count(DISTINCT article_id) >= 2)
        Rows Removed by Filter: 30784
        Buffers: shared hit=541, temp read=270 written=271
        ->  Sort  (cost=9845.82..10095.82 rows=100000 width=12) (actual rows=100000 loops=1)
              Sort Key: viewer_id, view_date
              Sort Method: external merge  Disk: 2160kB
              Buffers: shared hit=541, temp read=270 written=271
              ->  Seq Scan on views  (cost=0.00..1541.00 rows=100000 width=12) (actual rows=100000 loops=1)
                    Buffers: shared hit=541
Planning:
  Buffers: shared hit=2
Planning Time: 0.081 ms
Execution Time: 131.419 ms",132.439,10979.15,100,"Unique  (cost=9845.82..10979.15 rows=3333 width=8) (actual rows=100 loops=1)
  Buffers: shared hit=541, temp read=270 written=271
  ->  GroupAggregate  (cost=9845.82..10970.82 rows=3333 width=8) (actual rows=27263 loops=1)
        Group Key: viewer_id, view_date
        Filter: (count(DISTINCT article_id) >= 2)
        Rows Removed by Filter: 30784
        Buffers: shared hit=541, temp read=270 written=271
        ->  Sort  (cost=9845.82..10095.82 rows=100000 width=12) (actual rows=100000 loops=1)
              Sort Key: viewer_id, view_date
              Sort Method: external merge  Disk: 2160kB
              Buffers: shared hit=541, temp read=270 written=271
              ->  Seq Scan on views  (cost=0.00..1541.00 rows=100000 width=12) (actual rows=100000 loops=1)
                    Buffers: shared hit=541
Planning:
  Buffers: shared hit=2
Planning Time: 0.101 ms
Execution Time: 132.439 ms",134.89,10979.15,100,"Unique  (cost=9845.82..10979.15 rows=3333 width=8) (actual rows=100 loops=1)
  Buffers: shared hit=541, temp read=270 written=271
  ->  GroupAggregate  (cost=9845.82..10970.82 rows=3333 width=8) (actual rows=27263 loops=1)
        Group Key: viewer_id, view_date
        Filter: (count(DISTINCT article_id) >= 2)
        Rows Removed by Filter: 30784
        Buffers: shared hit=541, temp read=270 written=271
        ->  Sort  (cost=9845.82..10095.82 rows=100000 width=12) (actual rows=100000 loops=1)
              Sort Key: viewer_id, view_date
              Sort Method: external merge  Disk: 2160kB
              Buffers: shared hit=541, temp read=270 written=271
              ->  Seq Scan on views  (cost=0.00..1541.00 rows=100000 width=12) (actual rows=100000 loops=1)
                    Buffers: shared hit=541
Planning:
  Buffers: shared hit=2
Planning Time: 0.089 ms
Execution Time: 134.890 ms",128.132,10979.15,100,"Unique  (cost=9845.82..10979.15 rows=3333 width=8) (actual rows=100 loops=1)
  Buffers: shared hit=541, temp read=270 written=271
  ->  GroupAggregate  (cost=9845.82..10970.82 rows=3333 width=8) (actual rows=27263 loops=1)
        Group Key: viewer_id, view_date
        Filter: (count(DISTINCT article_id) >= 2)
        Rows Removed by Filter: 30784
        Buffers: shared hit=541, temp read=270 written=271
        ->  Sort  (cost=9845.82..10095.82 rows=100000 width=12) (actual rows=100000 loops=1)
              Sort Key: viewer_id, view_date
              Sort Method: external merge  Disk: 2160kB
              Buffers: shared hit=541, temp read=270 written=271
              ->  Seq Scan on views  (cost=0.00..1541.00 rows=100000 width=12) (actual rows=100000 loops=1)
                    Buffers: shared hit=541
Planning:
  Buffers: shared hit=2
Planning Time: 0.088 ms
Execution Time: 128.132 ms",130.3092,131.419,133.6645,135.8704,10979.15,10979.15,100,100,100,100,normal,normal,15.834334699999973,5.9862387999999855,equal variances,significant,0.003968253968253968,-10.851600000000005,-11.089000000000013,-8385.029999999999,0,True
716,1149,53,Medium,"select distinct t_cte_5.c_viewer_id0 as id from (select distinct v1.article_id as c_article_id0, v1.viewer_id as c_viewer_id0, v1.view_date as c_view_date0 from schema_1149.views as v1) as t_cte_5 group by t_cte_5.c_viewer_id0,t_cte_5.c_view_date0 having 1 < count(t_cte_5.c_article_id0)",111.052,2594.12,100,"Unique  (cost=2592.45..2594.12 rows=333 width=8) (actual rows=100 loops=1)
  Buffers: shared hit=541, temp read=360 written=684
  ->  Sort  (cost=2592.45..2593.28 rows=333 width=8) (actual rows=27263 loops=1)
        Sort Key: v1.viewer_id
        Sort Method: quicksort  Memory: 2046kB
        Buffers: shared hit=541, temp read=360 written=684
        ->  HashAggregate  (cost=2566.00..2578.50 rows=333 width=8) (actual rows=27263 loops=1)
              Group Key: v1.viewer_id, v1.view_date
              Filter: (1 < count(v1.article_id))
              Batches: 5  Memory Usage: 4145kB  Disk Usage: 1656kB
              Rows Removed by Filter: 30784
              Buffers: shared hit=541, temp read=360 written=684
              ->  HashAggregate  (cost=2291.00..2391.00 rows=10000 width=12) (actual rows=99992 loops=1)
                    Group Key: v1.article_id, v1.viewer_id, v1.view_date
                    Batches: 5  Memory Usage: 4145kB  Disk Usage: 1744kB
                    Buffers: shared hit=541, temp read=201 written=362
                    ->  Seq Scan on views v1  (cost=0.00..1541.00 rows=100000 width=12) (actual rows=100000 loops=1)
                          Buffers: shared hit=541
Planning Time: 0.061 ms
Execution Time: 111.052 ms",124.823,2594.12,100,"Unique  (cost=2592.45..2594.12 rows=333 width=8) (actual rows=100 loops=1)
  Buffers: shared hit=541, temp read=360 written=684
  ->  Sort  (cost=2592.45..2593.28 rows=333 width=8) (actual rows=27263 loops=1)
        Sort Key: v1.viewer_id
        Sort Method: quicksort  Memory: 2046kB
        Buffers: shared hit=541, temp read=360 written=684
        ->  HashAggregate  (cost=2566.00..2578.50 rows=333 width=8) (actual rows=27263 loops=1)
              Group Key: v1.viewer_id, v1.view_date
              Filter: (1 < count(v1.article_id))
              Batches: 5  Memory Usage: 4145kB  Disk Usage: 1656kB
              Rows Removed by Filter: 30784
              Buffers: shared hit=541, temp read=360 written=684
              ->  HashAggregate  (cost=2291.00..2391.00 rows=10000 width=12) (actual rows=99992 loops=1)
                    Group Key: v1.article_id, v1.viewer_id, v1.view_date
                    Batches: 5  Memory Usage: 4145kB  Disk Usage: 1744kB
                    Buffers: shared hit=541, temp read=201 written=362
                    ->  Seq Scan on views v1  (cost=0.00..1541.00 rows=100000 width=12) (actual rows=100000 loops=1)
                          Buffers: shared hit=541
Planning Time: 0.091 ms
Execution Time: 124.823 ms",126.068,2594.12,100,"Unique  (cost=2592.45..2594.12 rows=333 width=8) (actual rows=100 loops=1)
  Buffers: shared hit=541, temp read=360 written=684
  ->  Sort  (cost=2592.45..2593.28 rows=333 width=8) (actual rows=27263 loops=1)
        Sort Key: v1.viewer_id
        Sort Method: quicksort  Memory: 2046kB
        Buffers: shared hit=541, temp read=360 written=684
        ->  HashAggregate  (cost=2566.00..2578.50 rows=333 width=8) (actual rows=27263 loops=1)
              Group Key: v1.viewer_id, v1.view_date
              Filter: (1 < count(v1.article_id))
              Batches: 5  Memory Usage: 4145kB  Disk Usage: 1656kB
              Rows Removed by Filter: 30784
              Buffers: shared hit=541, temp read=360 written=684
              ->  HashAggregate  (cost=2291.00..2391.00 rows=10000 width=12) (actual rows=99992 loops=1)
                    Group Key: v1.article_id, v1.viewer_id, v1.view_date
                    Batches: 5  Memory Usage: 4145kB  Disk Usage: 1744kB
                    Buffers: shared hit=541, temp read=201 written=362
                    ->  Seq Scan on views v1  (cost=0.00..1541.00 rows=100000 width=12) (actual rows=100000 loops=1)
                          Buffers: shared hit=541
Planning Time: 0.092 ms
Execution Time: 126.068 ms",118.266,2594.12,100,"Unique  (cost=2592.45..2594.12 rows=333 width=8) (actual rows=100 loops=1)
  Buffers: shared hit=541, temp read=360 written=684
  ->  Sort  (cost=2592.45..2593.28 rows=333 width=8) (actual rows=27263 loops=1)
        Sort Key: v1.viewer_id
        Sort Method: quicksort  Memory: 2046kB
        Buffers: shared hit=541, temp read=360 written=684
        ->  HashAggregate  (cost=2566.00..2578.50 rows=333 width=8) (actual rows=27263 loops=1)
              Group Key: v1.viewer_id, v1.view_date
              Filter: (1 < count(v1.article_id))
              Batches: 5  Memory Usage: 4145kB  Disk Usage: 1656kB
              Rows Removed by Filter: 30784
              Buffers: shared hit=541, temp read=360 written=684
              ->  HashAggregate  (cost=2291.00..2391.00 rows=10000 width=12) (actual rows=99992 loops=1)
                    Group Key: v1.article_id, v1.viewer_id, v1.view_date
                    Batches: 5  Memory Usage: 4145kB  Disk Usage: 1744kB
                    Buffers: shared hit=541, temp read=201 written=362
                    ->  Seq Scan on views v1  (cost=0.00..1541.00 rows=100000 width=12) (actual rows=100000 loops=1)
                          Buffers: shared hit=541
Planning Time: 0.123 ms
Execution Time: 118.266 ms",118.616,2594.12,100,"Unique  (cost=2592.45..2594.12 rows=333 width=8) (actual rows=100 loops=1)
  Buffers: shared hit=541, temp read=360 written=684
  ->  Sort  (cost=2592.45..2593.28 rows=333 width=8) (actual rows=27263 loops=1)
        Sort Key: v1.viewer_id
        Sort Method: quicksort  Memory: 2046kB
        Buffers: shared hit=541, temp read=360 written=684
        ->  HashAggregate  (cost=2566.00..2578.50 rows=333 width=8) (actual rows=27263 loops=1)
              Group Key: v1.viewer_id, v1.view_date
              Filter: (1 < count(v1.article_id))
              Batches: 5  Memory Usage: 4145kB  Disk Usage: 1656kB
              Rows Removed by Filter: 30784
              Buffers: shared hit=541, temp read=360 written=684
              ->  HashAggregate  (cost=2291.00..2391.00 rows=10000 width=12) (actual rows=99992 loops=1)
                    Group Key: v1.article_id, v1.viewer_id, v1.view_date
                    Batches: 5  Memory Usage: 4145kB  Disk Usage: 1744kB
                    Buffers: shared hit=541, temp read=201 written=362
                    ->  Seq Scan on views v1  (cost=0.00..1541.00 rows=100000 width=12) (actual rows=100000 loops=1)
                          Buffers: shared hit=541
Planning Time: 0.084 ms
Execution Time: 118.616 ms",119.765,118.616,125.4455,126.566,2594.12,2594.12,100,100,100,100,1149_53,716,1149,53,Medium,"select distinct viewer_id as id from schema_1149.views as v1 group by viewer_id, view_date having count(distinct article_id) > 1",125.72,10979.15,100,"Unique  (cost=9845.82..10979.15 rows=3333 width=8) (actual rows=100 loops=1)
  Buffers: shared hit=541, temp read=270 written=271
  ->  GroupAggregate  (cost=9845.82..10970.82 rows=3333 width=8) (actual rows=27263 loops=1)
        Group Key: viewer_id, view_date
        Filter: (count(DISTINCT article_id) > 1)
        Rows Removed by Filter: 30784
        Buffers: shared hit=541, temp read=270 written=271
        ->  Sort  (cost=9845.82..10095.82 rows=100000 width=12) (actual rows=100000 loops=1)
              Sort Key: viewer_id, view_date
              Sort Method: external merge  Disk: 2160kB
              Buffers: shared hit=541, temp read=270 written=271
              ->  Seq Scan on views v1  (cost=0.00..1541.00 rows=100000 width=12) (actual rows=100000 loops=1)
                    Buffers: shared hit=541
Planning:
  Buffers: shared hit=2
Planning Time: 0.078 ms
Execution Time: 125.720 ms",132.49,10979.15,100,"Unique  (cost=9845.82..10979.15 rows=3333 width=8) (actual rows=100 loops=1)
  Buffers: shared hit=541, temp read=270 written=271
  ->  GroupAggregate  (cost=9845.82..10970.82 rows=3333 width=8) (actual rows=27263 loops=1)
        Group Key: viewer_id, view_date
        Filter: (count(DISTINCT article_id) > 1)
        Rows Removed by Filter: 30784
        Buffers: shared hit=541, temp read=270 written=271
        ->  Sort  (cost=9845.82..10095.82 rows=100000 width=12) (actual rows=100000 loops=1)
              Sort Key: viewer_id, view_date
              Sort Method: external merge  Disk: 2160kB
              Buffers: shared hit=541, temp read=270 written=271
              ->  Seq Scan on views v1  (cost=0.00..1541.00 rows=100000 width=12) (actual rows=100000 loops=1)
                    Buffers: shared hit=541
Planning:
  Buffers: shared hit=2
Planning Time: 0.078 ms
Execution Time: 132.490 ms",128.764,10979.15,100,"Unique  (cost=9845.82..10979.15 rows=3333 width=8) (actual rows=100 loops=1)
  Buffers: shared hit=541, temp read=270 written=271
  ->  GroupAggregate  (cost=9845.82..10970.82 rows=3333 width=8) (actual rows=27263 loops=1)
        Group Key: viewer_id, view_date
        Filter: (count(DISTINCT article_id) > 1)
        Rows Removed by Filter: 30784
        Buffers: shared hit=541, temp read=270 written=271
        ->  Sort  (cost=9845.82..10095.82 rows=100000 width=12) (actual rows=100000 loops=1)
              Sort Key: viewer_id, view_date
              Sort Method: external merge  Disk: 2160kB
              Buffers: shared hit=541, temp read=270 written=271
              ->  Seq Scan on views v1  (cost=0.00..1541.00 rows=100000 width=12) (actual rows=100000 loops=1)
                    Buffers: shared hit=541
Planning:
  Buffers: shared hit=2
Planning Time: 0.145 ms
Execution Time: 128.764 ms",131.659,10979.15,100,"Unique  (cost=9845.82..10979.15 rows=3333 width=8) (actual rows=100 loops=1)
  Buffers: shared hit=541, temp read=270 written=271
  ->  GroupAggregate  (cost=9845.82..10970.82 rows=3333 width=8) (actual rows=27263 loops=1)
        Group Key: viewer_id, view_date
        Filter: (count(DISTINCT article_id) > 1)
        Rows Removed by Filter: 30784
        Buffers: shared hit=541, temp read=270 written=271
        ->  Sort  (cost=9845.82..10095.82 rows=100000 width=12) (actual rows=100000 loops=1)
              Sort Key: viewer_id, view_date
              Sort Method: external merge  Disk: 2160kB
              Buffers: shared hit=541, temp read=270 written=271
              ->  Seq Scan on views v1  (cost=0.00..1541.00 rows=100000 width=12) (actual rows=100000 loops=1)
                    Buffers: shared hit=541
Planning:
  Buffers: shared hit=2
Planning Time: 0.119 ms
Execution Time: 131.659 ms",129.171,10979.15,100,"Unique  (cost=9845.82..10979.15 rows=3333 width=8) (actual rows=100 loops=1)
  Buffers: shared hit=541, temp read=270 written=271
  ->  GroupAggregate  (cost=9845.82..10970.82 rows=3333 width=8) (actual rows=27263 loops=1)
        Group Key: viewer_id, view_date
        Filter: (count(DISTINCT article_id) > 1)
        Rows Removed by Filter: 30784
        Buffers: shared hit=541, temp read=270 written=271
        ->  Sort  (cost=9845.82..10095.82 rows=100000 width=12) (actual rows=100000 loops=1)
              Sort Key: viewer_id, view_date
              Sort Method: external merge  Disk: 2160kB
              Buffers: shared hit=541, temp read=270 written=271
              ->  Seq Scan on views v1  (cost=0.00..1541.00 rows=100000 width=12) (actual rows=100000 loops=1)
                    Buffers: shared hit=541
Planning:
  Buffers: shared hit=2
Planning Time: 0.094 ms
Execution Time: 129.171 ms",129.5608,129.171,132.0745,132.8224,10979.15,10979.15,100,100,100,100,normal,normal,7.130308700000004,36.198685999999945,equal variances,significant,0.007936507936507936,-9.7958,-10.554999999999993,-8385.029999999999,0,True
717,1149,77,Medium,"select distinct t_cte_8.c_viewer_id0 as id from (select distinct t_views_0.view_date as c_view_date0, t_views_0.viewer_id as c_viewer_id0, t_views_0.article_id as c_article_id0 from schema_1149.views as t_views_0) as t_cte_8 group by t_cte_8.c_view_date0,t_cte_8.c_viewer_id0 having 1 < count(t_cte_8.c_article_id0) order by id asc",111.401,2594.12,100,"Unique  (cost=2592.45..2594.12 rows=333 width=8) (actual rows=100 loops=1)
  Buffers: shared hit=541, temp read=360 written=683
  ->  Sort  (cost=2592.45..2593.28 rows=333 width=8) (actual rows=27263 loops=1)
        Sort Key: t_views_0.viewer_id
        Sort Method: quicksort  Memory: 2046kB
        Buffers: shared hit=541, temp read=360 written=683
        ->  HashAggregate  (cost=2566.00..2578.50 rows=333 width=8) (actual rows=27263 loops=1)
              Group Key: t_views_0.viewer_id, t_views_0.view_date
              Filter: (1 < count(t_views_0.article_id))
              Batches: 5  Memory Usage: 4145kB  Disk Usage: 1656kB
              Rows Removed by Filter: 30784
              Buffers: shared hit=541, temp read=360 written=683
              ->  HashAggregate  (cost=2291.00..2391.00 rows=10000 width=12) (actual rows=99992 loops=1)
                    Group Key: t_views_0.view_date, t_views_0.viewer_id, t_views_0.article_id
                    Batches: 5  Memory Usage: 4145kB  Disk Usage: 1744kB
                    Buffers: shared hit=541, temp read=201 written=364
                    ->  Seq Scan on views t_views_0  (cost=0.00..1541.00 rows=100000 width=12) (actual rows=100000 loops=1)
                          Buffers: shared hit=541
Planning Time: 0.080 ms
Execution Time: 111.401 ms",118.316,2594.12,100,"Unique  (cost=2592.45..2594.12 rows=333 width=8) (actual rows=100 loops=1)
  Buffers: shared hit=541, temp read=360 written=683
  ->  Sort  (cost=2592.45..2593.28 rows=333 width=8) (actual rows=27263 loops=1)
        Sort Key: t_views_0.viewer_id
        Sort Method: quicksort  Memory: 2046kB
        Buffers: shared hit=541, temp read=360 written=683
        ->  HashAggregate  (cost=2566.00..2578.50 rows=333 width=8) (actual rows=27263 loops=1)
              Group Key: t_views_0.viewer_id, t_views_0.view_date
              Filter: (1 < count(t_views_0.article_id))
              Batches: 5  Memory Usage: 4145kB  Disk Usage: 1656kB
              Rows Removed by Filter: 30784
              Buffers: shared hit=541, temp read=360 written=683
              ->  HashAggregate  (cost=2291.00..2391.00 rows=10000 width=12) (actual rows=99992 loops=1)
                    Group Key: t_views_0.view_date, t_views_0.viewer_id, t_views_0.article_id
                    Batches: 5  Memory Usage: 4145kB  Disk Usage: 1744kB
                    Buffers: shared hit=541, temp read=201 written=364
                    ->  Seq Scan on views t_views_0  (cost=0.00..1541.00 rows=100000 width=12) (actual rows=100000 loops=1)
                          Buffers: shared hit=541
Planning Time: 0.088 ms
Execution Time: 118.316 ms",118.799,2594.12,100,"Unique  (cost=2592.45..2594.12 rows=333 width=8) (actual rows=100 loops=1)
  Buffers: shared hit=541, temp read=360 written=683
  ->  Sort  (cost=2592.45..2593.28 rows=333 width=8) (actual rows=27263 loops=1)
        Sort Key: t_views_0.viewer_id
        Sort Method: quicksort  Memory: 2046kB
        Buffers: shared hit=541, temp read=360 written=683
        ->  HashAggregate  (cost=2566.00..2578.50 rows=333 width=8) (actual rows=27263 loops=1)
              Group Key: t_views_0.viewer_id, t_views_0.view_date
              Filter: (1 < count(t_views_0.article_id))
              Batches: 5  Memory Usage: 4145kB  Disk Usage: 1656kB
              Rows Removed by Filter: 30784
              Buffers: shared hit=541, temp read=360 written=683
              ->  HashAggregate  (cost=2291.00..2391.00 rows=10000 width=12) (actual rows=99992 loops=1)
                    Group Key: t_views_0.view_date, t_views_0.viewer_id, t_views_0.article_id
                    Batches: 5  Memory Usage: 4145kB  Disk Usage: 1744kB
                    Buffers: shared hit=541, temp read=201 written=364
                    ->  Seq Scan on views t_views_0  (cost=0.00..1541.00 rows=100000 width=12) (actual rows=100000 loops=1)
                          Buffers: shared hit=541
Planning Time: 0.095 ms
Execution Time: 118.799 ms",120.445,2594.12,100,"Unique  (cost=2592.45..2594.12 rows=333 width=8) (actual rows=100 loops=1)
  Buffers: shared hit=541, temp read=360 written=683
  ->  Sort  (cost=2592.45..2593.28 rows=333 width=8) (actual rows=27263 loops=1)
        Sort Key: t_views_0.viewer_id
        Sort Method: quicksort  Memory: 2046kB
        Buffers: shared hit=541, temp read=360 written=683
        ->  HashAggregate  (cost=2566.00..2578.50 rows=333 width=8) (actual rows=27263 loops=1)
              Group Key: t_views_0.viewer_id, t_views_0.view_date
              Filter: (1 < count(t_views_0.article_id))
              Batches: 5  Memory Usage: 4145kB  Disk Usage: 1656kB
              Rows Removed by Filter: 30784
              Buffers: shared hit=541, temp read=360 written=683
              ->  HashAggregate  (cost=2291.00..2391.00 rows=10000 width=12) (actual rows=99992 loops=1)
                    Group Key: t_views_0.view_date, t_views_0.viewer_id, t_views_0.article_id
                    Batches: 5  Memory Usage: 4145kB  Disk Usage: 1744kB
                    Buffers: shared hit=541, temp read=201 written=364
                    ->  Seq Scan on views t_views_0  (cost=0.00..1541.00 rows=100000 width=12) (actual rows=100000 loops=1)
                          Buffers: shared hit=541
Planning Time: 0.137 ms
Execution Time: 120.445 ms",116.476,2594.12,100,"Unique  (cost=2592.45..2594.12 rows=333 width=8) (actual rows=100 loops=1)
  Buffers: shared hit=541, temp read=360 written=683
  ->  Sort  (cost=2592.45..2593.28 rows=333 width=8) (actual rows=27263 loops=1)
        Sort Key: t_views_0.viewer_id
        Sort Method: quicksort  Memory: 2046kB
        Buffers: shared hit=541, temp read=360 written=683
        ->  HashAggregate  (cost=2566.00..2578.50 rows=333 width=8) (actual rows=27263 loops=1)
              Group Key: t_views_0.viewer_id, t_views_0.view_date
              Filter: (1 < count(t_views_0.article_id))
              Batches: 5  Memory Usage: 4145kB  Disk Usage: 1656kB
              Rows Removed by Filter: 30784
              Buffers: shared hit=541, temp read=360 written=683
              ->  HashAggregate  (cost=2291.00..2391.00 rows=10000 width=12) (actual rows=99992 loops=1)
                    Group Key: t_views_0.view_date, t_views_0.viewer_id, t_views_0.article_id
                    Batches: 5  Memory Usage: 4145kB  Disk Usage: 1744kB
                    Buffers: shared hit=541, temp read=201 written=364
                    ->  Seq Scan on views t_views_0  (cost=0.00..1541.00 rows=100000 width=12) (actual rows=100000 loops=1)
                          Buffers: shared hit=541
Planning Time: 0.097 ms
Execution Time: 116.476 ms",117.0874,118.316,119.622,121.1034,2594.12,2594.12,100,100,100,100,1149_77,717,1149,77,Medium,"select distinct a.viewer_id as id from (select viewer_id, view_date, count(distinct article_id) as article_count from schema_1149.views group by viewer_id, view_date) as a where a.article_count > 1 order by a.viewer_id",127.289,11012.48,100,"Result  (cost=9845.82..11012.48 rows=200 width=4) (actual rows=100 loops=1)
  Buffers: shared hit=541, temp read=270 written=271
  ->  Unique  (cost=9845.82..11012.48 rows=200 width=4) (actual rows=100 loops=1)
        Buffers: shared hit=541, temp read=270 written=271
        ->  GroupAggregate  (cost=9845.82..10970.82 rows=3333 width=16) (actual rows=27263 loops=1)
              Group Key: views.viewer_id, views.view_date
              Filter: (count(DISTINCT views.article_id) > 1)
              Rows Removed by Filter: 30784
              Buffers: shared hit=541, temp read=270 written=271
              ->  Sort  (cost=9845.82..10095.82 rows=100000 width=12) (actual rows=100000 loops=1)
                    Sort Key: views.viewer_id, views.view_date
                    Sort Method: external merge  Disk: 2160kB
                    Buffers: shared hit=541, temp read=270 written=271
                    ->  Seq Scan on views  (cost=0.00..1541.00 rows=100000 width=12) (actual rows=100000 loops=1)
                          Buffers: shared hit=541
Planning:
  Buffers: shared hit=2
Planning Time: 0.109 ms
Execution Time: 127.289 ms",131.595,11012.48,100,"Result  (cost=9845.82..11012.48 rows=200 width=4) (actual rows=100 loops=1)
  Buffers: shared hit=541, temp read=270 written=271
  ->  Unique  (cost=9845.82..11012.48 rows=200 width=4) (actual rows=100 loops=1)
        Buffers: shared hit=541, temp read=270 written=271
        ->  GroupAggregate  (cost=9845.82..10970.82 rows=3333 width=16) (actual rows=27263 loops=1)
              Group Key: views.viewer_id, views.view_date
              Filter: (count(DISTINCT views.article_id) > 1)
              Rows Removed by Filter: 30784
              Buffers: shared hit=541, temp read=270 written=271
              ->  Sort  (cost=9845.82..10095.82 rows=100000 width=12) (actual rows=100000 loops=1)
                    Sort Key: views.viewer_id, views.view_date
                    Sort Method: external merge  Disk: 2160kB
                    Buffers: shared hit=541, temp read=270 written=271
                    ->  Seq Scan on views  (cost=0.00..1541.00 rows=100000 width=12) (actual rows=100000 loops=1)
                          Buffers: shared hit=541
Planning:
  Buffers: shared hit=2
Planning Time: 0.108 ms
Execution Time: 131.595 ms",128.41,11012.48,100,"Result  (cost=9845.82..11012.48 rows=200 width=4) (actual rows=100 loops=1)
  Buffers: shared hit=541, temp read=270 written=271
  ->  Unique  (cost=9845.82..11012.48 rows=200 width=4) (actual rows=100 loops=1)
        Buffers: shared hit=541, temp read=270 written=271
        ->  GroupAggregate  (cost=9845.82..10970.82 rows=3333 width=16) (actual rows=27263 loops=1)
              Group Key: views.viewer_id, views.view_date
              Filter: (count(DISTINCT views.article_id) > 1)
              Rows Removed by Filter: 30784
              Buffers: shared hit=541, temp read=270 written=271
              ->  Sort  (cost=9845.82..10095.82 rows=100000 width=12) (actual rows=100000 loops=1)
                    Sort Key: views.viewer_id, views.view_date
                    Sort Method: external merge  Disk: 2160kB
                    Buffers: shared hit=541, temp read=270 written=271
                    ->  Seq Scan on views  (cost=0.00..1541.00 rows=100000 width=12) (actual rows=100000 loops=1)
                          Buffers: shared hit=541
Planning:
  Buffers: shared hit=2
Planning Time: 0.131 ms
Execution Time: 128.410 ms",127.991,11012.48,100,"Result  (cost=9845.82..11012.48 rows=200 width=4) (actual rows=100 loops=1)
  Buffers: shared hit=541, temp read=270 written=271
  ->  Unique  (cost=9845.82..11012.48 rows=200 width=4) (actual rows=100 loops=1)
        Buffers: shared hit=541, temp read=270 written=271
        ->  GroupAggregate  (cost=9845.82..10970.82 rows=3333 width=16) (actual rows=27263 loops=1)
              Group Key: views.viewer_id, views.view_date
              Filter: (count(DISTINCT views.article_id) > 1)
              Rows Removed by Filter: 30784
              Buffers: shared hit=541, temp read=270 written=271
              ->  Sort  (cost=9845.82..10095.82 rows=100000 width=12) (actual rows=100000 loops=1)
                    Sort Key: views.viewer_id, views.view_date
                    Sort Method: external merge  Disk: 2160kB
                    Buffers: shared hit=541, temp read=270 written=271
                    ->  Seq Scan on views  (cost=0.00..1541.00 rows=100000 width=12) (actual rows=100000 loops=1)
                          Buffers: shared hit=541
Planning:
  Buffers: shared hit=2
Planning Time: 0.162 ms
Execution Time: 127.991 ms",136.123,11012.48,100,"Result  (cost=9845.82..11012.48 rows=200 width=4) (actual rows=100 loops=1)
  Buffers: shared hit=541, temp read=270 written=271
  ->  Unique  (cost=9845.82..11012.48 rows=200 width=4) (actual rows=100 loops=1)
        Buffers: shared hit=541, temp read=270 written=271
        ->  GroupAggregate  (cost=9845.82..10970.82 rows=3333 width=16) (actual rows=27263 loops=1)
              Group Key: views.viewer_id, views.view_date
              Filter: (count(DISTINCT views.article_id) > 1)
              Rows Removed by Filter: 30784
              Buffers: shared hit=541, temp read=270 written=271
              ->  Sort  (cost=9845.82..10095.82 rows=100000 width=12) (actual rows=100000 loops=1)
                    Sort Key: views.viewer_id, views.view_date
                    Sort Method: external merge  Disk: 2160kB
                    Buffers: shared hit=541, temp read=270 written=271
                    ->  Seq Scan on views  (cost=0.00..1541.00 rows=100000 width=12) (actual rows=100000 loops=1)
                          Buffers: shared hit=541
Planning:
  Buffers: shared hit=2
Planning Time: 0.105 ms
Execution Time: 136.123 ms",130.2816,128.41,133.859,137.9342,11012.48,11012.48,100,100,100,100,normal,normal,13.388090799999972,12.105366300000005,equal variances,significant,0.003968253968253968,-13.194199999999995,-10.093999999999994,-8418.36,0,True
718,1149,81,Medium,"select distinct t_cte_17.c_viewer_id0 as id from (select distinct t_views_0.view_date as c_view_date0, t_views_0.viewer_id as c_viewer_id0, t_views_0.article_id as c_article_id0 from schema_1149.views as t_views_0 order by c_viewer_id0 asc) as t_cte_17 group by t_cte_17.c_view_date0,t_cte_17.c_viewer_id0 having 1 < count(t_cte_17.c_article_id0)",139.004,3283.5,100,"Unique  (cost=3281.84..3283.50 rows=333 width=8) (actual rows=100 loops=1)
  Buffers: shared hit=541, temp read=664 written=989
  ->  Sort  (cost=3281.84..3282.67 rows=333 width=8) (actual rows=27263 loops=1)
        Sort Key: t_views_0.viewer_id
        Sort Method: quicksort  Memory: 2046kB
        Buffers: shared hit=541, temp read=664 written=989
        ->  HashAggregate  (cost=3255.39..3267.89 rows=333 width=8) (actual rows=27263 loops=1)
              Group Key: t_views_0.view_date, t_views_0.viewer_id
              Filter: (1 < count(t_views_0.article_id))
              Batches: 5  Memory Usage: 4145kB  Disk Usage: 1728kB
              Rows Removed by Filter: 30784
              Buffers: shared hit=541, temp read=664 written=989
              ->  Sort  (cost=3055.39..3080.39 rows=10000 width=12) (actual rows=99992 loops=1)
                    Sort Key: t_views_0.viewer_id
                    Sort Method: external merge  Disk: 2160kB
                    Buffers: shared hit=541, temp read=470 written=632
                    ->  HashAggregate  (cost=2291.00..2391.00 rows=10000 width=12) (actual rows=99992 loops=1)
                          Group Key: t_views_0.viewer_id, t_views_0.view_date, t_views_0.article_id
                          Batches: 5  Memory Usage: 4145kB  Disk Usage: 1744kB
                          Buffers: shared hit=541, temp read=200 written=361
                          ->  Seq Scan on views t_views_0  (cost=0.00..1541.00 rows=100000 width=12) (actual rows=100000 loops=1)
                                Buffers: shared hit=541
Planning Time: 0.062 ms
Execution Time: 139.004 ms",150.733,3283.5,100,"Unique  (cost=3281.84..3283.50 rows=333 width=8) (actual rows=100 loops=1)
  Buffers: shared hit=541, temp read=664 written=989
  ->  Sort  (cost=3281.84..3282.67 rows=333 width=8) (actual rows=27263 loops=1)
        Sort Key: t_views_0.viewer_id
        Sort Method: quicksort  Memory: 2046kB
        Buffers: shared hit=541, temp read=664 written=989
        ->  HashAggregate  (cost=3255.39..3267.89 rows=333 width=8) (actual rows=27263 loops=1)
              Group Key: t_views_0.view_date, t_views_0.viewer_id
              Filter: (1 < count(t_views_0.article_id))
              Batches: 5  Memory Usage: 4145kB  Disk Usage: 1728kB
              Rows Removed by Filter: 30784
              Buffers: shared hit=541, temp read=664 written=989
              ->  Sort  (cost=3055.39..3080.39 rows=10000 width=12) (actual rows=99992 loops=1)
                    Sort Key: t_views_0.viewer_id
                    Sort Method: external merge  Disk: 2160kB
                    Buffers: shared hit=541, temp read=470 written=632
                    ->  HashAggregate  (cost=2291.00..2391.00 rows=10000 width=12) (actual rows=99992 loops=1)
                          Group Key: t_views_0.viewer_id, t_views_0.view_date, t_views_0.article_id
                          Batches: 5  Memory Usage: 4145kB  Disk Usage: 1744kB
                          Buffers: shared hit=541, temp read=200 written=361
                          ->  Seq Scan on views t_views_0  (cost=0.00..1541.00 rows=100000 width=12) (actual rows=100000 loops=1)
                                Buffers: shared hit=541
Planning Time: 0.086 ms
Execution Time: 150.733 ms",149.483,3283.5,100,"Unique  (cost=3281.84..3283.50 rows=333 width=8) (actual rows=100 loops=1)
  Buffers: shared hit=541, temp read=664 written=989
  ->  Sort  (cost=3281.84..3282.67 rows=333 width=8) (actual rows=27263 loops=1)
        Sort Key: t_views_0.viewer_id
        Sort Method: quicksort  Memory: 2046kB
        Buffers: shared hit=541, temp read=664 written=989
        ->  HashAggregate  (cost=3255.39..3267.89 rows=333 width=8) (actual rows=27263 loops=1)
              Group Key: t_views_0.view_date, t_views_0.viewer_id
              Filter: (1 < count(t_views_0.article_id))
              Batches: 5  Memory Usage: 4145kB  Disk Usage: 1728kB
              Rows Removed by Filter: 30784
              Buffers: shared hit=541, temp read=664 written=989
              ->  Sort  (cost=3055.39..3080.39 rows=10000 width=12) (actual rows=99992 loops=1)
                    Sort Key: t_views_0.viewer_id
                    Sort Method: external merge  Disk: 2160kB
                    Buffers: shared hit=541, temp read=470 written=632
                    ->  HashAggregate  (cost=2291.00..2391.00 rows=10000 width=12) (actual rows=99992 loops=1)
                          Group Key: t_views_0.viewer_id, t_views_0.view_date, t_views_0.article_id
                          Batches: 5  Memory Usage: 4145kB  Disk Usage: 1744kB
                          Buffers: shared hit=541, temp read=200 written=361
                          ->  Seq Scan on views t_views_0  (cost=0.00..1541.00 rows=100000 width=12) (actual rows=100000 loops=1)
                                Buffers: shared hit=541
Planning Time: 0.098 ms
Execution Time: 149.483 ms",147.226,3283.5,100,"Unique  (cost=3281.84..3283.50 rows=333 width=8) (actual rows=100 loops=1)
  Buffers: shared hit=541, temp read=664 written=989
  ->  Sort  (cost=3281.84..3282.67 rows=333 width=8) (actual rows=27263 loops=1)
        Sort Key: t_views_0.viewer_id
        Sort Method: quicksort  Memory: 2046kB
        Buffers: shared hit=541, temp read=664 written=989
        ->  HashAggregate  (cost=3255.39..3267.89 rows=333 width=8) (actual rows=27263 loops=1)
              Group Key: t_views_0.view_date, t_views_0.viewer_id
              Filter: (1 < count(t_views_0.article_id))
              Batches: 5  Memory Usage: 4145kB  Disk Usage: 1728kB
              Rows Removed by Filter: 30784
              Buffers: shared hit=541, temp read=664 written=989
              ->  Sort  (cost=3055.39..3080.39 rows=10000 width=12) (actual rows=99992 loops=1)
                    Sort Key: t_views_0.viewer_id
                    Sort Method: external merge  Disk: 2160kB
                    Buffers: shared hit=541, temp read=470 written=632
                    ->  HashAggregate  (cost=2291.00..2391.00 rows=10000 width=12) (actual rows=99992 loops=1)
                          Group Key: t_views_0.viewer_id, t_views_0.view_date, t_views_0.article_id
                          Batches: 5  Memory Usage: 4145kB  Disk Usage: 1744kB
                          Buffers: shared hit=541, temp read=200 written=361
                          ->  Seq Scan on views t_views_0  (cost=0.00..1541.00 rows=100000 width=12) (actual rows=100000 loops=1)
                                Buffers: shared hit=541
Planning Time: 0.098 ms
Execution Time: 147.226 ms",146.956,3283.5,100,"Unique  (cost=3281.84..3283.50 rows=333 width=8) (actual rows=100 loops=1)
  Buffers: shared hit=541, temp read=664 written=989
  ->  Sort  (cost=3281.84..3282.67 rows=333 width=8) (actual rows=27263 loops=1)
        Sort Key: t_views_0.viewer_id
        Sort Method: quicksort  Memory: 2046kB
        Buffers: shared hit=541, temp read=664 written=989
        ->  HashAggregate  (cost=3255.39..3267.89 rows=333 width=8) (actual rows=27263 loops=1)
              Group Key: t_views_0.view_date, t_views_0.viewer_id
              Filter: (1 < count(t_views_0.article_id))
              Batches: 5  Memory Usage: 4145kB  Disk Usage: 1728kB
              Rows Removed by Filter: 30784
              Buffers: shared hit=541, temp read=664 written=989
              ->  Sort  (cost=3055.39..3080.39 rows=10000 width=12) (actual rows=99992 loops=1)
                    Sort Key: t_views_0.viewer_id
                    Sort Method: external merge  Disk: 2160kB
                    Buffers: shared hit=541, temp read=470 written=632
                    ->  HashAggregate  (cost=2291.00..2391.00 rows=10000 width=12) (actual rows=99992 loops=1)
                          Group Key: t_views_0.viewer_id, t_views_0.view_date, t_views_0.article_id
                          Batches: 5  Memory Usage: 4145kB  Disk Usage: 1744kB
                          Buffers: shared hit=541, temp read=200 written=361
                          ->  Seq Scan on views t_views_0  (cost=0.00..1541.00 rows=100000 width=12) (actual rows=100000 loops=1)
                                Buffers: shared hit=541
Planning Time: 0.123 ms
Execution Time: 146.956 ms",146.6804,147.226,150.108,151.233,3283.5,3283.5,100,100,100,100,1149_81,718,1149,81,Medium,"select distinct id from (select view_date, viewer_id as id from schema_1149.views group by view_date, viewer_id having count(distinct article_id) > 1) as cte order by id",121.05,11022.63,100,"Sort  (cost=11022.13..11022.63 rows=200 width=4) (actual rows=100 loops=1)
  Sort Key: views.viewer_id
  Sort Method: quicksort  Memory: 29kB
  Buffers: shared hit=541, temp read=270 written=271
  ->  HashAggregate  (cost=11012.48..11014.48 rows=200 width=4) (actual rows=100 loops=1)
        Group Key: views.viewer_id
        Batches: 1  Memory Usage: 40kB
        Buffers: shared hit=541, temp read=270 written=271
        ->  GroupAggregate  (cost=9845.82..10970.82 rows=3333 width=8) (actual rows=27263 loops=1)
              Group Key: views.view_date, views.viewer_id
              Filter: (count(DISTINCT views.article_id) > 1)
              Rows Removed by Filter: 30784
              Buffers: shared hit=541, temp read=270 written=271
              ->  Sort  (cost=9845.82..10095.82 rows=100000 width=12) (actual rows=100000 loops=1)
                    Sort Key: views.view_date, views.viewer_id
                    Sort Method: external merge  Disk: 2160kB
                    Buffers: shared hit=541, temp read=270 written=271
                    ->  Seq Scan on views  (cost=0.00..1541.00 rows=100000 width=12) (actual rows=100000 loops=1)
                          Buffers: shared hit=541
Planning:
  Buffers: shared hit=2
Planning Time: 0.073 ms
Execution Time: 121.050 ms",132.716,11022.63,100,"Sort  (cost=11022.13..11022.63 rows=200 width=4) (actual rows=100 loops=1)
  Sort Key: views.viewer_id
  Sort Method: quicksort  Memory: 29kB
  Buffers: shared hit=541, temp read=270 written=271
  ->  HashAggregate  (cost=11012.48..11014.48 rows=200 width=4) (actual rows=100 loops=1)
        Group Key: views.viewer_id
        Batches: 1  Memory Usage: 40kB
        Buffers: shared hit=541, temp read=270 written=271
        ->  GroupAggregate  (cost=9845.82..10970.82 rows=3333 width=8) (actual rows=27263 loops=1)
              Group Key: views.view_date, views.viewer_id
              Filter: (count(DISTINCT views.article_id) > 1)
              Rows Removed by Filter: 30784
              Buffers: shared hit=541, temp read=270 written=271
              ->  Sort  (cost=9845.82..10095.82 rows=100000 width=12) (actual rows=100000 loops=1)
                    Sort Key: views.view_date, views.viewer_id
                    Sort Method: external merge  Disk: 2160kB
                    Buffers: shared hit=541, temp read=270 written=271
                    ->  Seq Scan on views  (cost=0.00..1541.00 rows=100000 width=12) (actual rows=100000 loops=1)
                          Buffers: shared hit=541
Planning:
  Buffers: shared hit=2
Planning Time: 0.145 ms
Execution Time: 132.716 ms",130.603,11022.63,100,"Sort  (cost=11022.13..11022.63 rows=200 width=4) (actual rows=100 loops=1)
  Sort Key: views.viewer_id
  Sort Method: quicksort  Memory: 29kB
  Buffers: shared hit=541, temp read=270 written=271
  ->  HashAggregate  (cost=11012.48..11014.48 rows=200 width=4) (actual rows=100 loops=1)
        Group Key: views.viewer_id
        Batches: 1  Memory Usage: 40kB
        Buffers: shared hit=541, temp read=270 written=271
        ->  GroupAggregate  (cost=9845.82..10970.82 rows=3333 width=8) (actual rows=27263 loops=1)
              Group Key: views.view_date, views.viewer_id
              Filter: (count(DISTINCT views.article_id) > 1)
              Rows Removed by Filter: 30784
              Buffers: shared hit=541, temp read=270 written=271
              ->  Sort  (cost=9845.82..10095.82 rows=100000 width=12) (actual rows=100000 loops=1)
                    Sort Key: views.view_date, views.viewer_id
                    Sort Method: external merge  Disk: 2160kB
                    Buffers: shared hit=541, temp read=270 written=271
                    ->  Seq Scan on views  (cost=0.00..1541.00 rows=100000 width=12) (actual rows=100000 loops=1)
                          Buffers: shared hit=541
Planning:
  Buffers: shared hit=2
Planning Time: 0.084 ms
Execution Time: 130.603 ms",125.742,11022.63,100,"Sort  (cost=11022.13..11022.63 rows=200 width=4) (actual rows=100 loops=1)
  Sort Key: views.viewer_id
  Sort Method: quicksort  Memory: 29kB
  Buffers: shared hit=541, temp read=270 written=271
  ->  HashAggregate  (cost=11012.48..11014.48 rows=200 width=4) (actual rows=100 loops=1)
        Group Key: views.viewer_id
        Batches: 1  Memory Usage: 40kB
        Buffers: shared hit=541, temp read=270 written=271
        ->  GroupAggregate  (cost=9845.82..10970.82 rows=3333 width=8) (actual rows=27263 loops=1)
              Group Key: views.view_date, views.viewer_id
              Filter: (count(DISTINCT views.article_id) > 1)
              Rows Removed by Filter: 30784
              Buffers: shared hit=541, temp read=270 written=271
              ->  Sort  (cost=9845.82..10095.82 rows=100000 width=12) (actual rows=100000 loops=1)
                    Sort Key: views.view_date, views.viewer_id
                    Sort Method: external merge  Disk: 2160kB
                    Buffers: shared hit=541, temp read=270 written=271
                    ->  Seq Scan on views  (cost=0.00..1541.00 rows=100000 width=12) (actual rows=100000 loops=1)
                          Buffers: shared hit=541
Planning:
  Buffers: shared hit=2
Planning Time: 0.107 ms
Execution Time: 125.742 ms",127.555,11022.63,100,"Sort  (cost=11022.13..11022.63 rows=200 width=4) (actual rows=100 loops=1)
  Sort Key: views.viewer_id
  Sort Method: quicksort  Memory: 29kB
  Buffers: shared hit=541, temp read=270 written=271
  ->  HashAggregate  (cost=11012.48..11014.48 rows=200 width=4) (actual rows=100 loops=1)
        Group Key: views.viewer_id
        Batches: 1  Memory Usage: 40kB
        Buffers: shared hit=541, temp read=270 written=271
        ->  GroupAggregate  (cost=9845.82..10970.82 rows=3333 width=8) (actual rows=27263 loops=1)
              Group Key: views.view_date, views.viewer_id
              Filter: (count(DISTINCT views.article_id) > 1)
              Rows Removed by Filter: 30784
              Buffers: shared hit=541, temp read=270 written=271
              ->  Sort  (cost=9845.82..10095.82 rows=100000 width=12) (actual rows=100000 loops=1)
                    Sort Key: views.view_date, views.viewer_id
                    Sort Method: external merge  Disk: 2160kB
                    Buffers: shared hit=541, temp read=270 written=271
                    ->  Seq Scan on views  (cost=0.00..1541.00 rows=100000 width=12) (actual rows=100000 loops=1)
                          Buffers: shared hit=541
Planning:
  Buffers: shared hit=2
Planning Time: 0.113 ms
Execution Time: 127.555 ms",127.5332,127.555,131.6595,133.5612,11022.63,11022.63,100,100,100,100,normal,normal,20.381460700000037,20.894721300000047,equal variances,not significant,1.0,19.147199999999998,19.670999999999992,-7739.129999999999,0,True
720,1149,87,Medium,"select distinct t_cte_9.c_viewer_id0 as id from (select distinct t_views_0.view_date as c_view_date0, t_views_0.article_id as c_article_id0, t_views_0.viewer_id as c_viewer_id0 from schema_1149.views as t_views_0) as t_cte_9 group by t_cte_9.c_view_date0,t_cte_9.c_viewer_id0 having 1 < count(t_cte_9.c_article_id0)",113.093,2594.12,100,"Unique  (cost=2592.45..2594.12 rows=333 width=8) (actual rows=100 loops=1)
  Buffers: shared hit=541, temp read=359 written=681
  ->  Sort  (cost=2592.45..2593.28 rows=333 width=8) (actual rows=27263 loops=1)
        Sort Key: t_views_0.viewer_id
        Sort Method: quicksort  Memory: 2046kB
        Buffers: shared hit=541, temp read=359 written=681
        ->  HashAggregate  (cost=2566.00..2578.50 rows=333 width=8) (actual rows=27263 loops=1)
              Group Key: t_views_0.view_date, t_views_0.viewer_id
              Filter: (1 < count(t_views_0.article_id))
              Batches: 5  Memory Usage: 4145kB  Disk Usage: 1656kB
              Rows Removed by Filter: 30784
              Buffers: shared hit=541, temp read=359 written=681
              ->  HashAggregate  (cost=2291.00..2391.00 rows=10000 width=12) (actual rows=99992 loops=1)
                    Group Key: t_views_0.view_date, t_views_0.article_id, t_views_0.viewer_id
                    Batches: 5  Memory Usage: 4145kB  Disk Usage: 1744kB
                    Buffers: shared hit=541, temp read=200 written=361
                    ->  Seq Scan on views t_views_0  (cost=0.00..1541.00 rows=100000 width=12) (actual rows=100000 loops=1)
                          Buffers: shared hit=541
Planning Time: 0.091 ms
Execution Time: 113.093 ms",123.406,2594.12,100,"Unique  (cost=2592.45..2594.12 rows=333 width=8) (actual rows=100 loops=1)
  Buffers: shared hit=541, temp read=359 written=681
  ->  Sort  (cost=2592.45..2593.28 rows=333 width=8) (actual rows=27263 loops=1)
        Sort Key: t_views_0.viewer_id
        Sort Method: quicksort  Memory: 2046kB
        Buffers: shared hit=541, temp read=359 written=681
        ->  HashAggregate  (cost=2566.00..2578.50 rows=333 width=8) (actual rows=27263 loops=1)
              Group Key: t_views_0.view_date, t_views_0.viewer_id
              Filter: (1 < count(t_views_0.article_id))
              Batches: 5  Memory Usage: 4145kB  Disk Usage: 1656kB
              Rows Removed by Filter: 30784
              Buffers: shared hit=541, temp read=359 written=681
              ->  HashAggregate  (cost=2291.00..2391.00 rows=10000 width=12) (actual rows=99992 loops=1)
                    Group Key: t_views_0.view_date, t_views_0.article_id, t_views_0.viewer_id
                    Batches: 5  Memory Usage: 4145kB  Disk Usage: 1744kB
                    Buffers: shared hit=541, temp read=200 written=361
                    ->  Seq Scan on views t_views_0  (cost=0.00..1541.00 rows=100000 width=12) (actual rows=100000 loops=1)
                          Buffers: shared hit=541
Planning Time: 0.095 ms
Execution Time: 123.406 ms",119.606,2594.12,100,"Unique  (cost=2592.45..2594.12 rows=333 width=8) (actual rows=100 loops=1)
  Buffers: shared hit=541, temp read=359 written=681
  ->  Sort  (cost=2592.45..2593.28 rows=333 width=8) (actual rows=27263 loops=1)
        Sort Key: t_views_0.viewer_id
        Sort Method: quicksort  Memory: 2046kB
        Buffers: shared hit=541, temp read=359 written=681
        ->  HashAggregate  (cost=2566.00..2578.50 rows=333 width=8) (actual rows=27263 loops=1)
              Group Key: t_views_0.view_date, t_views_0.viewer_id
              Filter: (1 < count(t_views_0.article_id))
              Batches: 5  Memory Usage: 4145kB  Disk Usage: 1656kB
              Rows Removed by Filter: 30784
              Buffers: shared hit=541, temp read=359 written=681
              ->  HashAggregate  (cost=2291.00..2391.00 rows=10000 width=12) (actual rows=99992 loops=1)
                    Group Key: t_views_0.view_date, t_views_0.article_id, t_views_0.viewer_id
                    Batches: 5  Memory Usage: 4145kB  Disk Usage: 1744kB
                    Buffers: shared hit=541, temp read=200 written=361
                    ->  Seq Scan on views t_views_0  (cost=0.00..1541.00 rows=100000 width=12) (actual rows=100000 loops=1)
                          Buffers: shared hit=541
Planning Time: 0.069 ms
Execution Time: 119.606 ms",120.696,2594.12,100,"Unique  (cost=2592.45..2594.12 rows=333 width=8) (actual rows=100 loops=1)
  Buffers: shared hit=541, temp read=359 written=681
  ->  Sort  (cost=2592.45..2593.28 rows=333 width=8) (actual rows=27263 loops=1)
        Sort Key: t_views_0.viewer_id
        Sort Method: quicksort  Memory: 2046kB
        Buffers: shared hit=541, temp read=359 written=681
        ->  HashAggregate  (cost=2566.00..2578.50 rows=333 width=8) (actual rows=27263 loops=1)
              Group Key: t_views_0.view_date, t_views_0.viewer_id
              Filter: (1 < count(t_views_0.article_id))
              Batches: 5  Memory Usage: 4145kB  Disk Usage: 1656kB
              Rows Removed by Filter: 30784
              Buffers: shared hit=541, temp read=359 written=681
              ->  HashAggregate  (cost=2291.00..2391.00 rows=10000 width=12) (actual rows=99992 loops=1)
                    Group Key: t_views_0.view_date, t_views_0.article_id, t_views_0.viewer_id
                    Batches: 5  Memory Usage: 4145kB  Disk Usage: 1744kB
                    Buffers: shared hit=541, temp read=200 written=361
                    ->  Seq Scan on views t_views_0  (cost=0.00..1541.00 rows=100000 width=12) (actual rows=100000 loops=1)
                          Buffers: shared hit=541
Planning Time: 0.096 ms
Execution Time: 120.696 ms",120.819,2594.12,100,"Unique  (cost=2592.45..2594.12 rows=333 width=8) (actual rows=100 loops=1)
  Buffers: shared hit=541, temp read=359 written=681
  ->  Sort  (cost=2592.45..2593.28 rows=333 width=8) (actual rows=27263 loops=1)
        Sort Key: t_views_0.viewer_id
        Sort Method: quicksort  Memory: 2046kB
        Buffers: shared hit=541, temp read=359 written=681
        ->  HashAggregate  (cost=2566.00..2578.50 rows=333 width=8) (actual rows=27263 loops=1)
              Group Key: t_views_0.view_date, t_views_0.viewer_id
              Filter: (1 < count(t_views_0.article_id))
              Batches: 5  Memory Usage: 4145kB  Disk Usage: 1656kB
              Rows Removed by Filter: 30784
              Buffers: shared hit=541, temp read=359 written=681
              ->  HashAggregate  (cost=2291.00..2391.00 rows=10000 width=12) (actual rows=99992 loops=1)
                    Group Key: t_views_0.view_date, t_views_0.article_id, t_views_0.viewer_id
                    Batches: 5  Memory Usage: 4145kB  Disk Usage: 1744kB
                    Buffers: shared hit=541, temp read=200 written=361
                    ->  Seq Scan on views t_views_0  (cost=0.00..1541.00 rows=100000 width=12) (actual rows=100000 loops=1)
                          Buffers: shared hit=541
Planning Time: 0.093 ms
Execution Time: 120.819 ms",119.524,120.696,122.1125,124.4408,2594.12,2594.12,100,100,100,100,1149_87,720,1149,87,Medium,"select distinct temp.viewer_id as id from (select viewer_id, view_date, count(distinct article_id) as total_article from schema_1149.views group by viewer_id, view_date having count(distinct article_id) > 1) as temp order by temp.viewer_id",122.598,11012.48,100,"Result  (cost=9845.82..11012.48 rows=200 width=4) (actual rows=100 loops=1)
  Buffers: shared hit=541, temp read=270 written=271
  ->  Unique  (cost=9845.82..11012.48 rows=200 width=4) (actual rows=100 loops=1)
        Buffers: shared hit=541, temp read=270 written=271
        ->  GroupAggregate  (cost=9845.82..10970.82 rows=3333 width=16) (actual rows=27263 loops=1)
              Group Key: views.viewer_id, views.view_date
              Filter: (count(DISTINCT views.article_id) > 1)
              Rows Removed by Filter: 30784
              Buffers: shared hit=541, temp read=270 written=271
              ->  Sort  (cost=9845.82..10095.82 rows=100000 width=12) (actual rows=100000 loops=1)
                    Sort Key: views.viewer_id, views.view_date
                    Sort Method: external merge  Disk: 2160kB
                    Buffers: shared hit=541, temp read=270 written=271
                    ->  Seq Scan on views  (cost=0.00..1541.00 rows=100000 width=12) (actual rows=100000 loops=1)
                          Buffers: shared hit=541
Planning:
  Buffers: shared hit=2
Planning Time: 0.076 ms
Execution Time: 122.598 ms",129.229,11012.48,100,"Result  (cost=9845.82..11012.48 rows=200 width=4) (actual rows=100 loops=1)
  Buffers: shared hit=541, temp read=270 written=271
  ->  Unique  (cost=9845.82..11012.48 rows=200 width=4) (actual rows=100 loops=1)
        Buffers: shared hit=541, temp read=270 written=271
        ->  GroupAggregate  (cost=9845.82..10970.82 rows=3333 width=16) (actual rows=27263 loops=1)
              Group Key: views.viewer_id, views.view_date
              Filter: (count(DISTINCT views.article_id) > 1)
              Rows Removed by Filter: 30784
              Buffers: shared hit=541, temp read=270 written=271
              ->  Sort  (cost=9845.82..10095.82 rows=100000 width=12) (actual rows=100000 loops=1)
                    Sort Key: views.viewer_id, views.view_date
                    Sort Method: external merge  Disk: 2160kB
                    Buffers: shared hit=541, temp read=270 written=271
                    ->  Seq Scan on views  (cost=0.00..1541.00 rows=100000 width=12) (actual rows=100000 loops=1)
                          Buffers: shared hit=541
Planning:
  Buffers: shared hit=2
Planning Time: 0.123 ms
Execution Time: 129.229 ms",128.283,11012.48,100,"Result  (cost=9845.82..11012.48 rows=200 width=4) (actual rows=100 loops=1)
  Buffers: shared hit=541, temp read=270 written=271
  ->  Unique  (cost=9845.82..11012.48 rows=200 width=4) (actual rows=100 loops=1)
        Buffers: shared hit=541, temp read=270 written=271
        ->  GroupAggregate  (cost=9845.82..10970.82 rows=3333 width=16) (actual rows=27263 loops=1)
              Group Key: views.viewer_id, views.view_date
              Filter: (count(DISTINCT views.article_id) > 1)
              Rows Removed by Filter: 30784
              Buffers: shared hit=541, temp read=270 written=271
              ->  Sort  (cost=9845.82..10095.82 rows=100000 width=12) (actual rows=100000 loops=1)
                    Sort Key: views.viewer_id, views.view_date
                    Sort Method: external merge  Disk: 2160kB
                    Buffers: shared hit=541, temp read=270 written=271
                    ->  Seq Scan on views  (cost=0.00..1541.00 rows=100000 width=12) (actual rows=100000 loops=1)
                          Buffers: shared hit=541
Planning:
  Buffers: shared hit=2
Planning Time: 0.089 ms
Execution Time: 128.283 ms",129.634,11012.48,100,"Result  (cost=9845.82..11012.48 rows=200 width=4) (actual rows=100 loops=1)
  Buffers: shared hit=541, temp read=270 written=271
  ->  Unique  (cost=9845.82..11012.48 rows=200 width=4) (actual rows=100 loops=1)
        Buffers: shared hit=541, temp read=270 written=271
        ->  GroupAggregate  (cost=9845.82..10970.82 rows=3333 width=16) (actual rows=27263 loops=1)
              Group Key: views.viewer_id, views.view_date
              Filter: (count(DISTINCT views.article_id) > 1)
              Rows Removed by Filter: 30784
              Buffers: shared hit=541, temp read=270 written=271
              ->  Sort  (cost=9845.82..10095.82 rows=100000 width=12) (actual rows=100000 loops=1)
                    Sort Key: views.viewer_id, views.view_date
                    Sort Method: external merge  Disk: 2160kB
                    Buffers: shared hit=541, temp read=270 written=271
                    ->  Seq Scan on views  (cost=0.00..1541.00 rows=100000 width=12) (actual rows=100000 loops=1)
                          Buffers: shared hit=541
Planning:
  Buffers: shared hit=2
Planning Time: 0.118 ms
Execution Time: 129.634 ms",131.73,11012.48,100,"Result  (cost=9845.82..11012.48 rows=200 width=4) (actual rows=100 loops=1)
  Buffers: shared hit=541, temp read=270 written=271
  ->  Unique  (cost=9845.82..11012.48 rows=200 width=4) (actual rows=100 loops=1)
        Buffers: shared hit=541, temp read=270 written=271
        ->  GroupAggregate  (cost=9845.82..10970.82 rows=3333 width=16) (actual rows=27263 loops=1)
              Group Key: views.viewer_id, views.view_date
              Filter: (count(DISTINCT views.article_id) > 1)
              Rows Removed by Filter: 30784
              Buffers: shared hit=541, temp read=270 written=271
              ->  Sort  (cost=9845.82..10095.82 rows=100000 width=12) (actual rows=100000 loops=1)
                    Sort Key: views.viewer_id, views.view_date
                    Sort Method: external merge  Disk: 2160kB
                    Buffers: shared hit=541, temp read=270 written=271
                    ->  Seq Scan on views  (cost=0.00..1541.00 rows=100000 width=12) (actual rows=100000 loops=1)
                          Buffers: shared hit=541
Planning:
  Buffers: shared hit=2
Planning Time: 0.086 ms
Execution Time: 131.730 ms",128.2948,129.229,130.682,132.5684,11012.48,11012.48,100,100,100,100,normal,normal,11.730113699999984,14.871254500000003,equal variances,significant,0.007936507936507936,-8.770800000000008,-8.533000000000015,-8418.36,0,True
721,1149,93,Medium,"select distinct t_cte_27.c_viewer_id0 as id from (select distinct v2.article_id as c_article_id0, v2.view_date as c_view_date0, v2.viewer_id as c_viewer_id0 from schema_1149.views as v2) as t_cte_27 group by t_cte_27.c_view_date0,t_cte_27.c_viewer_id0 having 1 < count(t_cte_27.c_article_id0) order by id asc",109.773,2594.12,100,"Unique  (cost=2592.45..2594.12 rows=333 width=8) (actual rows=100 loops=1)
  Buffers: shared hit=541, temp read=360 written=681
  ->  Sort  (cost=2592.45..2593.28 rows=333 width=8) (actual rows=27263 loops=1)
        Sort Key: v2.viewer_id
        Sort Method: quicksort  Memory: 2046kB
        Buffers: shared hit=541, temp read=360 written=681
        ->  HashAggregate  (cost=2566.00..2578.50 rows=333 width=8) (actual rows=27263 loops=1)
              Group Key: v2.viewer_id, v2.view_date
              Filter: (1 < count(v2.article_id))
              Batches: 5  Memory Usage: 4145kB  Disk Usage: 1656kB
              Rows Removed by Filter: 30784
              Buffers: shared hit=541, temp read=360 written=681
              ->  HashAggregate  (cost=2291.00..2391.00 rows=10000 width=12) (actual rows=99992 loops=1)
                    Group Key: v2.article_id, v2.view_date, v2.viewer_id
                    Batches: 5  Memory Usage: 4145kB  Disk Usage: 1752kB
                    Buffers: shared hit=541, temp read=201 written=362
                    ->  Seq Scan on views v2  (cost=0.00..1541.00 rows=100000 width=12) (actual rows=100000 loops=1)
                          Buffers: shared hit=541
Planning Time: 0.061 ms
Execution Time: 109.773 ms",117.186,2594.12,100,"Unique  (cost=2592.45..2594.12 rows=333 width=8) (actual rows=100 loops=1)
  Buffers: shared hit=541, temp read=360 written=681
  ->  Sort  (cost=2592.45..2593.28 rows=333 width=8) (actual rows=27263 loops=1)
        Sort Key: v2.viewer_id
        Sort Method: quicksort  Memory: 2046kB
        Buffers: shared hit=541, temp read=360 written=681
        ->  HashAggregate  (cost=2566.00..2578.50 rows=333 width=8) (actual rows=27263 loops=1)
              Group Key: v2.viewer_id, v2.view_date
              Filter: (1 < count(v2.article_id))
              Batches: 5  Memory Usage: 4145kB  Disk Usage: 1656kB
              Rows Removed by Filter: 30784
              Buffers: shared hit=541, temp read=360 written=681
              ->  HashAggregate  (cost=2291.00..2391.00 rows=10000 width=12) (actual rows=99992 loops=1)
                    Group Key: v2.article_id, v2.view_date, v2.viewer_id
                    Batches: 5  Memory Usage: 4145kB  Disk Usage: 1752kB
                    Buffers: shared hit=541, temp read=201 written=362
                    ->  Seq Scan on views v2  (cost=0.00..1541.00 rows=100000 width=12) (actual rows=100000 loops=1)
                          Buffers: shared hit=541
Planning Time: 0.092 ms
Execution Time: 117.186 ms",118.231,2594.12,100,"Unique  (cost=2592.45..2594.12 rows=333 width=8) (actual rows=100 loops=1)
  Buffers: shared hit=541, temp read=360 written=681
  ->  Sort  (cost=2592.45..2593.28 rows=333 width=8) (actual rows=27263 loops=1)
        Sort Key: v2.viewer_id
        Sort Method: quicksort  Memory: 2046kB
        Buffers: shared hit=541, temp read=360 written=681
        ->  HashAggregate  (cost=2566.00..2578.50 rows=333 width=8) (actual rows=27263 loops=1)
              Group Key: v2.viewer_id, v2.view_date
              Filter: (1 < count(v2.article_id))
              Batches: 5  Memory Usage: 4145kB  Disk Usage: 1656kB
              Rows Removed by Filter: 30784
              Buffers: shared hit=541, temp read=360 written=681
              ->  HashAggregate  (cost=2291.00..2391.00 rows=10000 width=12) (actual rows=99992 loops=1)
                    Group Key: v2.article_id, v2.view_date, v2.viewer_id
                    Batches: 5  Memory Usage: 4145kB  Disk Usage: 1752kB
                    Buffers: shared hit=541, temp read=201 written=362
                    ->  Seq Scan on views v2  (cost=0.00..1541.00 rows=100000 width=12) (actual rows=100000 loops=1)
                          Buffers: shared hit=541
Planning Time: 0.081 ms
Execution Time: 118.231 ms",116.903,2594.12,100,"Unique  (cost=2592.45..2594.12 rows=333 width=8) (actual rows=100 loops=1)
  Buffers: shared hit=541, temp read=360 written=681
  ->  Sort  (cost=2592.45..2593.28 rows=333 width=8) (actual rows=27263 loops=1)
        Sort Key: v2.viewer_id
        Sort Method: quicksort  Memory: 2046kB
        Buffers: shared hit=541, temp read=360 written=681
        ->  HashAggregate  (cost=2566.00..2578.50 rows=333 width=8) (actual rows=27263 loops=1)
              Group Key: v2.viewer_id, v2.view_date
              Filter: (1 < count(v2.article_id))
              Batches: 5  Memory Usage: 4145kB  Disk Usage: 1656kB
              Rows Removed by Filter: 30784
              Buffers: shared hit=541, temp read=360 written=681
              ->  HashAggregate  (cost=2291.00..2391.00 rows=10000 width=12) (actual rows=99992 loops=1)
                    Group Key: v2.article_id, v2.view_date, v2.viewer_id
                    Batches: 5  Memory Usage: 4145kB  Disk Usage: 1752kB
                    Buffers: shared hit=541, temp read=201 written=362
                    ->  Seq Scan on views v2  (cost=0.00..1541.00 rows=100000 width=12) (actual rows=100000 loops=1)
                          Buffers: shared hit=541
Planning Time: 0.085 ms
Execution Time: 116.903 ms",119.605,2594.12,100,"Unique  (cost=2592.45..2594.12 rows=333 width=8) (actual rows=100 loops=1)
  Buffers: shared hit=541, temp read=360 written=681
  ->  Sort  (cost=2592.45..2593.28 rows=333 width=8) (actual rows=27263 loops=1)
        Sort Key: v2.viewer_id
        Sort Method: quicksort  Memory: 2046kB
        Buffers: shared hit=541, temp read=360 written=681
        ->  HashAggregate  (cost=2566.00..2578.50 rows=333 width=8) (actual rows=27263 loops=1)
              Group Key: v2.viewer_id, v2.view_date
              Filter: (1 < count(v2.article_id))
              Batches: 5  Memory Usage: 4145kB  Disk Usage: 1656kB
              Rows Removed by Filter: 30784
              Buffers: shared hit=541, temp read=360 written=681
              ->  HashAggregate  (cost=2291.00..2391.00 rows=10000 width=12) (actual rows=99992 loops=1)
                    Group Key: v2.article_id, v2.view_date, v2.viewer_id
                    Batches: 5  Memory Usage: 4145kB  Disk Usage: 1752kB
                    Buffers: shared hit=541, temp read=201 written=362
                    ->  Seq Scan on views v2  (cost=0.00..1541.00 rows=100000 width=12) (actual rows=100000 loops=1)
                          Buffers: shared hit=541
Planning Time: 0.099 ms
Execution Time: 119.605 ms",116.3396,117.186,118.918,120.1546,2594.12,2594.12,100,100,100,100,1149_93,721,1149,93,Medium,"select distinct viewer_id as id from (select distinct viewer_id, view_date, count(distinct article_id) as view_cnts_per_day from schema_1149.views as v2 group by 1, 2) as x where view_cnts_per_day > 1 order by viewer_id",136.109,11080.95,100,"Sort  (cost=11080.45..11080.95 rows=200 width=4) (actual rows=100 loops=1)
  Sort Key: v2.viewer_id
  Sort Method: quicksort  Memory: 29kB
  Buffers: shared hit=541, temp read=270 written=271
  ->  HashAggregate  (cost=11070.81..11072.81 rows=200 width=4) (actual rows=100 loops=1)
        Group Key: v2.viewer_id
        Batches: 1  Memory Usage: 40kB
        Buffers: shared hit=541, temp read=270 written=271
        ->  HashAggregate  (cost=10995.82..11029.15 rows=3333 width=16) (actual rows=27263 loops=1)
              Group Key: v2.viewer_id, v2.view_date, count(DISTINCT v2.article_id)
              Batches: 1  Memory Usage: 2065kB
              Buffers: shared hit=541, temp read=270 written=271
              ->  GroupAggregate  (cost=9845.82..10970.82 rows=3333 width=16) (actual rows=27263 loops=1)
                    Group Key: v2.viewer_id, v2.view_date
                    Filter: (count(DISTINCT v2.article_id) > 1)
                    Rows Removed by Filter: 30784
                    Buffers: shared hit=541, temp read=270 written=271
                    ->  Sort  (cost=9845.82..10095.82 rows=100000 width=12) (actual rows=100000 loops=1)
                          Sort Key: v2.viewer_id, v2.view_date
                          Sort Method: external merge  Disk: 2160kB
                          Buffers: shared hit=541, temp read=270 written=271
                          ->  Seq Scan on views v2  (cost=0.00..1541.00 rows=100000 width=12) (actual rows=100000 loops=1)
                                Buffers: shared hit=541
Planning:
  Buffers: shared hit=2
Planning Time: 0.151 ms
Execution Time: 136.109 ms",144.627,11080.95,100,"Sort  (cost=11080.45..11080.95 rows=200 width=4) (actual rows=100 loops=1)
  Sort Key: v2.viewer_id
  Sort Method: quicksort  Memory: 29kB
  Buffers: shared hit=541, temp read=270 written=271
  ->  HashAggregate  (cost=11070.81..11072.81 rows=200 width=4) (actual rows=100 loops=1)
        Group Key: v2.viewer_id
        Batches: 1  Memory Usage: 40kB
        Buffers: shared hit=541, temp read=270 written=271
        ->  HashAggregate  (cost=10995.82..11029.15 rows=3333 width=16) (actual rows=27263 loops=1)
              Group Key: v2.viewer_id, v2.view_date, count(DISTINCT v2.article_id)
              Batches: 1  Memory Usage: 2065kB
              Buffers: shared hit=541, temp read=270 written=271
              ->  GroupAggregate  (cost=9845.82..10970.82 rows=3333 width=16) (actual rows=27263 loops=1)
                    Group Key: v2.viewer_id, v2.view_date
                    Filter: (count(DISTINCT v2.article_id) > 1)
                    Rows Removed by Filter: 30784
                    Buffers: shared hit=541, temp read=270 written=271
                    ->  Sort  (cost=9845.82..10095.82 rows=100000 width=12) (actual rows=100000 loops=1)
                          Sort Key: v2.viewer_id, v2.view_date
                          Sort Method: external merge  Disk: 2160kB
                          Buffers: shared hit=541, temp read=270 written=271
                          ->  Seq Scan on views v2  (cost=0.00..1541.00 rows=100000 width=12) (actual rows=100000 loops=1)
                                Buffers: shared hit=541
Planning:
  Buffers: shared hit=2
Planning Time: 0.131 ms
Execution Time: 144.627 ms",139.877,11080.95,100,"Sort  (cost=11080.45..11080.95 rows=200 width=4) (actual rows=100 loops=1)
  Sort Key: v2.viewer_id
  Sort Method: quicksort  Memory: 29kB
  Buffers: shared hit=541, temp read=270 written=271
  ->  HashAggregate  (cost=11070.81..11072.81 rows=200 width=4) (actual rows=100 loops=1)
        Group Key: v2.viewer_id
        Batches: 1  Memory Usage: 40kB
        Buffers: shared hit=541, temp read=270 written=271
        ->  HashAggregate  (cost=10995.82..11029.15 rows=3333 width=16) (actual rows=27263 loops=1)
              Group Key: v2.viewer_id, v2.view_date, count(DISTINCT v2.article_id)
              Batches: 1  Memory Usage: 2065kB
              Buffers: shared hit=541, temp read=270 written=271
              ->  GroupAggregate  (cost=9845.82..10970.82 rows=3333 width=16) (actual rows=27263 loops=1)
                    Group Key: v2.viewer_id, v2.view_date
                    Filter: (count(DISTINCT v2.article_id) > 1)
                    Rows Removed by Filter: 30784
                    Buffers: shared hit=541, temp read=270 written=271
                    ->  Sort  (cost=9845.82..10095.82 rows=100000 width=12) (actual rows=100000 loops=1)
                          Sort Key: v2.viewer_id, v2.view_date
                          Sort Method: external merge  Disk: 2160kB
                          Buffers: shared hit=541, temp read=270 written=271
                          ->  Seq Scan on views v2  (cost=0.00..1541.00 rows=100000 width=12) (actual rows=100000 loops=1)
                                Buffers: shared hit=541
Planning:
  Buffers: shared hit=2
Planning Time: 0.141 ms
Execution Time: 139.877 ms",139.854,11080.95,100,"Sort  (cost=11080.45..11080.95 rows=200 width=4) (actual rows=100 loops=1)
  Sort Key: v2.viewer_id
  Sort Method: quicksort  Memory: 29kB
  Buffers: shared hit=541, temp read=270 written=271
  ->  HashAggregate  (cost=11070.81..11072.81 rows=200 width=4) (actual rows=100 loops=1)
        Group Key: v2.viewer_id
        Batches: 1  Memory Usage: 40kB
        Buffers: shared hit=541, temp read=270 written=271
        ->  HashAggregate  (cost=10995.82..11029.15 rows=3333 width=16) (actual rows=27263 loops=1)
              Group Key: v2.viewer_id, v2.view_date, count(DISTINCT v2.article_id)
              Batches: 1  Memory Usage: 2065kB
              Buffers: shared hit=541, temp read=270 written=271
              ->  GroupAggregate  (cost=9845.82..10970.82 rows=3333 width=16) (actual rows=27263 loops=1)
                    Group Key: v2.viewer_id, v2.view_date
                    Filter: (count(DISTINCT v2.article_id) > 1)
                    Rows Removed by Filter: 30784
                    Buffers: shared hit=541, temp read=270 written=271
                    ->  Sort  (cost=9845.82..10095.82 rows=100000 width=12) (actual rows=100000 loops=1)
                          Sort Key: v2.viewer_id, v2.view_date
                          Sort Method: external merge  Disk: 2160kB
                          Buffers: shared hit=541, temp read=270 written=271
                          ->  Seq Scan on views v2  (cost=0.00..1541.00 rows=100000 width=12) (actual rows=100000 loops=1)
                                Buffers: shared hit=541
Planning:
  Buffers: shared hit=2
Planning Time: 0.142 ms
Execution Time: 139.854 ms",143.783,11080.95,100,"Sort  (cost=11080.45..11080.95 rows=200 width=4) (actual rows=100 loops=1)
  Sort Key: v2.viewer_id
  Sort Method: quicksort  Memory: 29kB
  Buffers: shared hit=541, temp read=270 written=271
  ->  HashAggregate  (cost=11070.81..11072.81 rows=200 width=4) (actual rows=100 loops=1)
        Group Key: v2.viewer_id
        Batches: 1  Memory Usage: 40kB
        Buffers: shared hit=541, temp read=270 written=271
        ->  HashAggregate  (cost=10995.82..11029.15 rows=3333 width=16) (actual rows=27263 loops=1)
              Group Key: v2.viewer_id, v2.view_date, count(DISTINCT v2.article_id)
              Batches: 1  Memory Usage: 2065kB
              Buffers: shared hit=541, temp read=270 written=271
              ->  GroupAggregate  (cost=9845.82..10970.82 rows=3333 width=16) (actual rows=27263 loops=1)
                    Group Key: v2.viewer_id, v2.view_date
                    Filter: (count(DISTINCT v2.article_id) > 1)
                    Rows Removed by Filter: 30784
                    Buffers: shared hit=541, temp read=270 written=271
                    ->  Sort  (cost=9845.82..10095.82 rows=100000 width=12) (actual rows=100000 loops=1)
                          Sort Key: v2.viewer_id, v2.view_date
                          Sort Method: external merge  Disk: 2160kB
                          Buffers: shared hit=541, temp read=270 written=271
                          ->  Seq Scan on views v2  (cost=0.00..1541.00 rows=100000 width=12) (actual rows=100000 loops=1)
                                Buffers: shared hit=541
Planning:
  Buffers: shared hit=2
Planning Time: 0.123 ms
Execution Time: 143.783 ms",140.85,139.877,144.205,144.9646,11080.95,11080.95,100,100,100,100,normal,normal,11.821010999999967,14.598569800000018,equal variances,significant,0.003968253968253968,-24.51039999999999,-22.691000000000003,-8486.830000000002,0,True
722,1149,99,Medium,"select distinct t_cte_13.c_viewer_id0 as id from (select distinct t_views_0.article_id as c_article_id0, t_views_0.view_date as c_view_date0, t_views_0.viewer_id as c_viewer_id0 from schema_1149.views as t_views_0) as t_cte_13 group by t_cte_13.c_view_date0,t_cte_13.c_viewer_id0 having 1 < count(t_cte_13.c_article_id0) order by id asc",110.66,2594.12,100,"Unique  (cost=2592.45..2594.12 rows=333 width=8) (actual rows=100 loops=1)
  Buffers: shared hit=541, temp read=360 written=681
  ->  Sort  (cost=2592.45..2593.28 rows=333 width=8) (actual rows=27263 loops=1)
        Sort Key: t_views_0.viewer_id
        Sort Method: quicksort  Memory: 2046kB
        Buffers: shared hit=541, temp read=360 written=681
        ->  HashAggregate  (cost=2566.00..2578.50 rows=333 width=8) (actual rows=27263 loops=1)
              Group Key: t_views_0.viewer_id, t_views_0.view_date
              Filter: (1 < count(t_views_0.article_id))
              Batches: 5  Memory Usage: 4145kB  Disk Usage: 1656kB
              Rows Removed by Filter: 30784
              Buffers: shared hit=541, temp read=360 written=681
              ->  HashAggregate  (cost=2291.00..2391.00 rows=10000 width=12) (actual rows=99992 loops=1)
                    Group Key: t_views_0.article_id, t_views_0.view_date, t_views_0.viewer_id
                    Batches: 5  Memory Usage: 4145kB  Disk Usage: 1752kB
                    Buffers: shared hit=541, temp read=201 written=362
                    ->  Seq Scan on views t_views_0  (cost=0.00..1541.00 rows=100000 width=12) (actual rows=100000 loops=1)
                          Buffers: shared hit=541
Planning Time: 0.088 ms
Execution Time: 110.660 ms",120.589,2594.12,100,"Unique  (cost=2592.45..2594.12 rows=333 width=8) (actual rows=100 loops=1)
  Buffers: shared hit=541, temp read=360 written=681
  ->  Sort  (cost=2592.45..2593.28 rows=333 width=8) (actual rows=27263 loops=1)
        Sort Key: t_views_0.viewer_id
        Sort Method: quicksort  Memory: 2046kB
        Buffers: shared hit=541, temp read=360 written=681
        ->  HashAggregate  (cost=2566.00..2578.50 rows=333 width=8) (actual rows=27263 loops=1)
              Group Key: t_views_0.viewer_id, t_views_0.view_date
              Filter: (1 < count(t_views_0.article_id))
              Batches: 5  Memory Usage: 4145kB  Disk Usage: 1656kB
              Rows Removed by Filter: 30784
              Buffers: shared hit=541, temp read=360 written=681
              ->  HashAggregate  (cost=2291.00..2391.00 rows=10000 width=12) (actual rows=99992 loops=1)
                    Group Key: t_views_0.article_id, t_views_0.view_date, t_views_0.viewer_id
                    Batches: 5  Memory Usage: 4145kB  Disk Usage: 1752kB
                    Buffers: shared hit=541, temp read=201 written=362
                    ->  Seq Scan on views t_views_0  (cost=0.00..1541.00 rows=100000 width=12) (actual rows=100000 loops=1)
                          Buffers: shared hit=541
Planning Time: 0.107 ms
Execution Time: 120.589 ms",118.793,2594.12,100,"Unique  (cost=2592.45..2594.12 rows=333 width=8) (actual rows=100 loops=1)
  Buffers: shared hit=541, temp read=360 written=681
  ->  Sort  (cost=2592.45..2593.28 rows=333 width=8) (actual rows=27263 loops=1)
        Sort Key: t_views_0.viewer_id
        Sort Method: quicksort  Memory: 2046kB
        Buffers: shared hit=541, temp read=360 written=681
        ->  HashAggregate  (cost=2566.00..2578.50 rows=333 width=8) (actual rows=27263 loops=1)
              Group Key: t_views_0.viewer_id, t_views_0.view_date
              Filter: (1 < count(t_views_0.article_id))
              Batches: 5  Memory Usage: 4145kB  Disk Usage: 1656kB
              Rows Removed by Filter: 30784
              Buffers: shared hit=541, temp read=360 written=681
              ->  HashAggregate  (cost=2291.00..2391.00 rows=10000 width=12) (actual rows=99992 loops=1)
                    Group Key: t_views_0.article_id, t_views_0.view_date, t_views_0.viewer_id
                    Batches: 5  Memory Usage: 4145kB  Disk Usage: 1752kB
                    Buffers: shared hit=541, temp read=201 written=362
                    ->  Seq Scan on views t_views_0  (cost=0.00..1541.00 rows=100000 width=12) (actual rows=100000 loops=1)
                          Buffers: shared hit=541
Planning Time: 0.094 ms
Execution Time: 118.793 ms",121.508,2594.12,100,"Unique  (cost=2592.45..2594.12 rows=333 width=8) (actual rows=100 loops=1)
  Buffers: shared hit=541, temp read=360 written=681
  ->  Sort  (cost=2592.45..2593.28 rows=333 width=8) (actual rows=27263 loops=1)
        Sort Key: t_views_0.viewer_id
        Sort Method: quicksort  Memory: 2046kB
        Buffers: shared hit=541, temp read=360 written=681
        ->  HashAggregate  (cost=2566.00..2578.50 rows=333 width=8) (actual rows=27263 loops=1)
              Group Key: t_views_0.viewer_id, t_views_0.view_date
              Filter: (1 < count(t_views_0.article_id))
              Batches: 5  Memory Usage: 4145kB  Disk Usage: 1656kB
              Rows Removed by Filter: 30784
              Buffers: shared hit=541, temp read=360 written=681
              ->  HashAggregate  (cost=2291.00..2391.00 rows=10000 width=12) (actual rows=99992 loops=1)
                    Group Key: t_views_0.article_id, t_views_0.view_date, t_views_0.viewer_id
                    Batches: 5  Memory Usage: 4145kB  Disk Usage: 1752kB
                    Buffers: shared hit=541, temp read=201 written=362
                    ->  Seq Scan on views t_views_0  (cost=0.00..1541.00 rows=100000 width=12) (actual rows=100000 loops=1)
                          Buffers: shared hit=541
Planning Time: 0.098 ms
Execution Time: 121.508 ms",117.275,2594.12,100,"Unique  (cost=2592.45..2594.12 rows=333 width=8) (actual rows=100 loops=1)
  Buffers: shared hit=541, temp read=360 written=681
  ->  Sort  (cost=2592.45..2593.28 rows=333 width=8) (actual rows=27263 loops=1)
        Sort Key: t_views_0.viewer_id
        Sort Method: quicksort  Memory: 2046kB
        Buffers: shared hit=541, temp read=360 written=681
        ->  HashAggregate  (cost=2566.00..2578.50 rows=333 width=8) (actual rows=27263 loops=1)
              Group Key: t_views_0.viewer_id, t_views_0.view_date
              Filter: (1 < count(t_views_0.article_id))
              Batches: 5  Memory Usage: 4145kB  Disk Usage: 1656kB
              Rows Removed by Filter: 30784
              Buffers: shared hit=541, temp read=360 written=681
              ->  HashAggregate  (cost=2291.00..2391.00 rows=10000 width=12) (actual rows=99992 loops=1)
                    Group Key: t_views_0.article_id, t_views_0.view_date, t_views_0.viewer_id
                    Batches: 5  Memory Usage: 4145kB  Disk Usage: 1752kB
                    Buffers: shared hit=541, temp read=201 written=362
                    ->  Seq Scan on views t_views_0  (cost=0.00..1541.00 rows=100000 width=12) (actual rows=100000 loops=1)
                          Buffers: shared hit=541
Planning Time: 0.119 ms
Execution Time: 117.275 ms",117.765,118.793,121.0485,121.8756,2594.12,2594.12,100,100,100,100,1149_99,722,1149,99,Medium,"select distinct viewer_id as id from (select viewer_id, view_date, count(distinct article_id) as cnt from schema_1149.views group by 1, 2) as tmp where cnt > 1 order by viewer_id",123.066,11012.48,100,"Result  (cost=9845.82..11012.48 rows=200 width=4) (actual rows=100 loops=1)
  Buffers: shared hit=541, temp read=270 written=271
  ->  Unique  (cost=9845.82..11012.48 rows=200 width=4) (actual rows=100 loops=1)
        Buffers: shared hit=541, temp read=270 written=271
        ->  GroupAggregate  (cost=9845.82..10970.82 rows=3333 width=16) (actual rows=27263 loops=1)
              Group Key: views.viewer_id, views.view_date
              Filter: (count(DISTINCT views.article_id) > 1)
              Rows Removed by Filter: 30784
              Buffers: shared hit=541, temp read=270 written=271
              ->  Sort  (cost=9845.82..10095.82 rows=100000 width=12) (actual rows=100000 loops=1)
                    Sort Key: views.viewer_id, views.view_date
                    Sort Method: external merge  Disk: 2160kB
                    Buffers: shared hit=541, temp read=270 written=271
                    ->  Seq Scan on views  (cost=0.00..1541.00 rows=100000 width=12) (actual rows=100000 loops=1)
                          Buffers: shared hit=541
Planning:
  Buffers: shared hit=2
Planning Time: 0.092 ms
Execution Time: 123.066 ms",129.528,11012.48,100,"Result  (cost=9845.82..11012.48 rows=200 width=4) (actual rows=100 loops=1)
  Buffers: shared hit=541, temp read=270 written=271
  ->  Unique  (cost=9845.82..11012.48 rows=200 width=4) (actual rows=100 loops=1)
        Buffers: shared hit=541, temp read=270 written=271
        ->  GroupAggregate  (cost=9845.82..10970.82 rows=3333 width=16) (actual rows=27263 loops=1)
              Group Key: views.viewer_id, views.view_date
              Filter: (count(DISTINCT views.article_id) > 1)
              Rows Removed by Filter: 30784
              Buffers: shared hit=541, temp read=270 written=271
              ->  Sort  (cost=9845.82..10095.82 rows=100000 width=12) (actual rows=100000 loops=1)
                    Sort Key: views.viewer_id, views.view_date
                    Sort Method: external merge  Disk: 2160kB
                    Buffers: shared hit=541, temp read=270 written=271
                    ->  Seq Scan on views  (cost=0.00..1541.00 rows=100000 width=12) (actual rows=100000 loops=1)
                          Buffers: shared hit=541
Planning:
  Buffers: shared hit=2
Planning Time: 0.204 ms
Execution Time: 129.528 ms",128.25,11012.48,100,"Result  (cost=9845.82..11012.48 rows=200 width=4) (actual rows=100 loops=1)
  Buffers: shared hit=541, temp read=270 written=271
  ->  Unique  (cost=9845.82..11012.48 rows=200 width=4) (actual rows=100 loops=1)
        Buffers: shared hit=541, temp read=270 written=271
        ->  GroupAggregate  (cost=9845.82..10970.82 rows=3333 width=16) (actual rows=27263 loops=1)
              Group Key: views.viewer_id, views.view_date
              Filter: (count(DISTINCT views.article_id) > 1)
              Rows Removed by Filter: 30784
              Buffers: shared hit=541, temp read=270 written=271
              ->  Sort  (cost=9845.82..10095.82 rows=100000 width=12) (actual rows=100000 loops=1)
                    Sort Key: views.viewer_id, views.view_date
                    Sort Method: external merge  Disk: 2160kB
                    Buffers: shared hit=541, temp read=270 written=271
                    ->  Seq Scan on views  (cost=0.00..1541.00 rows=100000 width=12) (actual rows=100000 loops=1)
                          Buffers: shared hit=541
Planning:
  Buffers: shared hit=2
Planning Time: 0.170 ms
Execution Time: 128.250 ms",128.409,11012.48,100,"Result  (cost=9845.82..11012.48 rows=200 width=4) (actual rows=100 loops=1)
  Buffers: shared hit=541, temp read=270 written=271
  ->  Unique  (cost=9845.82..11012.48 rows=200 width=4) (actual rows=100 loops=1)
        Buffers: shared hit=541, temp read=270 written=271
        ->  GroupAggregate  (cost=9845.82..10970.82 rows=3333 width=16) (actual rows=27263 loops=1)
              Group Key: views.viewer_id, views.view_date
              Filter: (count(DISTINCT views.article_id) > 1)
              Rows Removed by Filter: 30784
              Buffers: shared hit=541, temp read=270 written=271
              ->  Sort  (cost=9845.82..10095.82 rows=100000 width=12) (actual rows=100000 loops=1)
                    Sort Key: views.viewer_id, views.view_date
                    Sort Method: external merge  Disk: 2160kB
                    Buffers: shared hit=541, temp read=270 written=271
                    ->  Seq Scan on views  (cost=0.00..1541.00 rows=100000 width=12) (actual rows=100000 loops=1)
                          Buffers: shared hit=541
Planning:
  Buffers: shared hit=2
Planning Time: 0.127 ms
Execution Time: 128.409 ms",132.534,11012.48,100,"Result  (cost=9845.82..11012.48 rows=200 width=4) (actual rows=100 loops=1)
  Buffers: shared hit=541, temp read=270 written=271
  ->  Unique  (cost=9845.82..11012.48 rows=200 width=4) (actual rows=100 loops=1)
        Buffers: shared hit=541, temp read=270 written=271
        ->  GroupAggregate  (cost=9845.82..10970.82 rows=3333 width=16) (actual rows=27263 loops=1)
              Group Key: views.viewer_id, views.view_date
              Filter: (count(DISTINCT views.article_id) > 1)
              Rows Removed by Filter: 30784
              Buffers: shared hit=541, temp read=270 written=271
              ->  Sort  (cost=9845.82..10095.82 rows=100000 width=12) (actual rows=100000 loops=1)
                    Sort Key: views.viewer_id, views.view_date
                    Sort Method: external merge  Disk: 2160kB
                    Buffers: shared hit=541, temp read=270 written=271
                    ->  Seq Scan on views  (cost=0.00..1541.00 rows=100000 width=12) (actual rows=100000 loops=1)
                          Buffers: shared hit=541
Planning:
  Buffers: shared hit=2
Planning Time: 0.116 ms
Execution Time: 132.534 ms",128.3574,128.409,131.031,133.7364,11012.48,11012.48,100,100,100,100,normal,normal,11.706850799999971,18.440733500000004,equal variances,significant,0.003968253968253968,-10.592400000000012,-9.615999999999985,-8418.36,0,True
723,1149,101,Medium,"select distinct t_cte_10.c_viewer_id0 as id from (select distinct t_views_0.article_id as c_article_id0, t_views_0.view_date as c_view_date0, t_views_0.viewer_id as c_viewer_id0 from schema_1149.views as t_views_0) as t_cte_10 group by t_cte_10.c_viewer_id0,t_cte_10.c_view_date0 having 1 < count(t_cte_10.c_article_id0)",110.93,2594.12,100,"Unique  (cost=2592.45..2594.12 rows=333 width=8) (actual rows=100 loops=1)
  Buffers: shared hit=541, temp read=360 written=681
  ->  Sort  (cost=2592.45..2593.28 rows=333 width=8) (actual rows=27263 loops=1)
        Sort Key: t_views_0.viewer_id
        Sort Method: quicksort  Memory: 2046kB
        Buffers: shared hit=541, temp read=360 written=681
        ->  HashAggregate  (cost=2566.00..2578.50 rows=333 width=8) (actual rows=27263 loops=1)
              Group Key: t_views_0.viewer_id, t_views_0.view_date
              Filter: (1 < count(t_views_0.article_id))
              Batches: 5  Memory Usage: 4145kB  Disk Usage: 1656kB
              Rows Removed by Filter: 30784
              Buffers: shared hit=541, temp read=360 written=681
              ->  HashAggregate  (cost=2291.00..2391.00 rows=10000 width=12) (actual rows=99992 loops=1)
                    Group Key: t_views_0.article_id, t_views_0.view_date, t_views_0.viewer_id
                    Batches: 5  Memory Usage: 4145kB  Disk Usage: 1752kB
                    Buffers: shared hit=541, temp read=201 written=362
                    ->  Seq Scan on views t_views_0  (cost=0.00..1541.00 rows=100000 width=12) (actual rows=100000 loops=1)
                          Buffers: shared hit=541
Planning Time: 0.059 ms
Execution Time: 110.930 ms",121.55,2594.12,100,"Unique  (cost=2592.45..2594.12 rows=333 width=8) (actual rows=100 loops=1)
  Buffers: shared hit=541, temp read=360 written=681
  ->  Sort  (cost=2592.45..2593.28 rows=333 width=8) (actual rows=27263 loops=1)
        Sort Key: t_views_0.viewer_id
        Sort Method: quicksort  Memory: 2046kB
        Buffers: shared hit=541, temp read=360 written=681
        ->  HashAggregate  (cost=2566.00..2578.50 rows=333 width=8) (actual rows=27263 loops=1)
              Group Key: t_views_0.viewer_id, t_views_0.view_date
              Filter: (1 < count(t_views_0.article_id))
              Batches: 5  Memory Usage: 4145kB  Disk Usage: 1656kB
              Rows Removed by Filter: 30784
              Buffers: shared hit=541, temp read=360 written=681
              ->  HashAggregate  (cost=2291.00..2391.00 rows=10000 width=12) (actual rows=99992 loops=1)
                    Group Key: t_views_0.article_id, t_views_0.view_date, t_views_0.viewer_id
                    Batches: 5  Memory Usage: 4145kB  Disk Usage: 1752kB
                    Buffers: shared hit=541, temp read=201 written=362
                    ->  Seq Scan on views t_views_0  (cost=0.00..1541.00 rows=100000 width=12) (actual rows=100000 loops=1)
                          Buffers: shared hit=541
Planning Time: 0.107 ms
Execution Time: 121.550 ms",117.884,2594.12,100,"Unique  (cost=2592.45..2594.12 rows=333 width=8) (actual rows=100 loops=1)
  Buffers: shared hit=541, temp read=360 written=681
  ->  Sort  (cost=2592.45..2593.28 rows=333 width=8) (actual rows=27263 loops=1)
        Sort Key: t_views_0.viewer_id
        Sort Method: quicksort  Memory: 2046kB
        Buffers: shared hit=541, temp read=360 written=681
        ->  HashAggregate  (cost=2566.00..2578.50 rows=333 width=8) (actual rows=27263 loops=1)
              Group Key: t_views_0.viewer_id, t_views_0.view_date
              Filter: (1 < count(t_views_0.article_id))
              Batches: 5  Memory Usage: 4145kB  Disk Usage: 1656kB
              Rows Removed by Filter: 30784
              Buffers: shared hit=541, temp read=360 written=681
              ->  HashAggregate  (cost=2291.00..2391.00 rows=10000 width=12) (actual rows=99992 loops=1)
                    Group Key: t_views_0.article_id, t_views_0.view_date, t_views_0.viewer_id
                    Batches: 5  Memory Usage: 4145kB  Disk Usage: 1752kB
                    Buffers: shared hit=541, temp read=201 written=362
                    ->  Seq Scan on views t_views_0  (cost=0.00..1541.00 rows=100000 width=12) (actual rows=100000 loops=1)
                          Buffers: shared hit=541
Planning Time: 0.082 ms
Execution Time: 117.884 ms",118.357,2594.12,100,"Unique  (cost=2592.45..2594.12 rows=333 width=8) (actual rows=100 loops=1)
  Buffers: shared hit=541, temp read=360 written=681
  ->  Sort  (cost=2592.45..2593.28 rows=333 width=8) (actual rows=27263 loops=1)
        Sort Key: t_views_0.viewer_id
        Sort Method: quicksort  Memory: 2046kB
        Buffers: shared hit=541, temp read=360 written=681
        ->  HashAggregate  (cost=2566.00..2578.50 rows=333 width=8) (actual rows=27263 loops=1)
              Group Key: t_views_0.viewer_id, t_views_0.view_date
              Filter: (1 < count(t_views_0.article_id))
              Batches: 5  Memory Usage: 4145kB  Disk Usage: 1656kB
              Rows Removed by Filter: 30784
              Buffers: shared hit=541, temp read=360 written=681
              ->  HashAggregate  (cost=2291.00..2391.00 rows=10000 width=12) (actual rows=99992 loops=1)
                    Group Key: t_views_0.article_id, t_views_0.view_date, t_views_0.viewer_id
                    Batches: 5  Memory Usage: 4145kB  Disk Usage: 1752kB
                    Buffers: shared hit=541, temp read=201 written=362
                    ->  Seq Scan on views t_views_0  (cost=0.00..1541.00 rows=100000 width=12) (actual rows=100000 loops=1)
                          Buffers: shared hit=541
Planning Time: 0.096 ms
Execution Time: 118.357 ms",122.199,2594.12,100,"Unique  (cost=2592.45..2594.12 rows=333 width=8) (actual rows=100 loops=1)
  Buffers: shared hit=541, temp read=360 written=681
  ->  Sort  (cost=2592.45..2593.28 rows=333 width=8) (actual rows=27263 loops=1)
        Sort Key: t_views_0.viewer_id
        Sort Method: quicksort  Memory: 2046kB
        Buffers: shared hit=541, temp read=360 written=681
        ->  HashAggregate  (cost=2566.00..2578.50 rows=333 width=8) (actual rows=27263 loops=1)
              Group Key: t_views_0.viewer_id, t_views_0.view_date
              Filter: (1 < count(t_views_0.article_id))
              Batches: 5  Memory Usage: 4145kB  Disk Usage: 1656kB
              Rows Removed by Filter: 30784
              Buffers: shared hit=541, temp read=360 written=681
              ->  HashAggregate  (cost=2291.00..2391.00 rows=10000 width=12) (actual rows=99992 loops=1)
                    Group Key: t_views_0.article_id, t_views_0.view_date, t_views_0.viewer_id
                    Batches: 5  Memory Usage: 4145kB  Disk Usage: 1752kB
                    Buffers: shared hit=541, temp read=201 written=362
                    ->  Seq Scan on views t_views_0  (cost=0.00..1541.00 rows=100000 width=12) (actual rows=100000 loops=1)
                          Buffers: shared hit=541
Planning Time: 0.145 ms
Execution Time: 122.199 ms",118.184,118.357,121.8745,122.4586,2594.12,2594.12,100,100,100,100,1149_101,723,1149,101,Medium,"select distinct viewer_id as id from (select viewer_id, view_date, count(distinct article_id) as views from schema_1149.views group by viewer_id, view_date) as t where views > 1 order by viewer_id asc",127.066,11012.48,100,"Result  (cost=9845.82..11012.48 rows=200 width=4) (actual rows=100 loops=1)
  Buffers: shared hit=541, temp read=270 written=271
  ->  Unique  (cost=9845.82..11012.48 rows=200 width=4) (actual rows=100 loops=1)
        Buffers: shared hit=541, temp read=270 written=271
        ->  GroupAggregate  (cost=9845.82..10970.82 rows=3333 width=16) (actual rows=27263 loops=1)
              Group Key: views.viewer_id, views.view_date
              Filter: (count(DISTINCT views.article_id) > 1)
              Rows Removed by Filter: 30784
              Buffers: shared hit=541, temp read=270 written=271
              ->  Sort  (cost=9845.82..10095.82 rows=100000 width=12) (actual rows=100000 loops=1)
                    Sort Key: views.viewer_id, views.view_date
                    Sort Method: external merge  Disk: 2160kB
                    Buffers: shared hit=541, temp read=270 written=271
                    ->  Seq Scan on views  (cost=0.00..1541.00 rows=100000 width=12) (actual rows=100000 loops=1)
                          Buffers: shared hit=541
Planning:
  Buffers: shared hit=2
Planning Time: 0.106 ms
Execution Time: 127.066 ms",128.809,11012.48,100,"Result  (cost=9845.82..11012.48 rows=200 width=4) (actual rows=100 loops=1)
  Buffers: shared hit=541, temp read=270 written=271
  ->  Unique  (cost=9845.82..11012.48 rows=200 width=4) (actual rows=100 loops=1)
        Buffers: shared hit=541, temp read=270 written=271
        ->  GroupAggregate  (cost=9845.82..10970.82 rows=3333 width=16) (actual rows=27263 loops=1)
              Group Key: views.viewer_id, views.view_date
              Filter: (count(DISTINCT views.article_id) > 1)
              Rows Removed by Filter: 30784
              Buffers: shared hit=541, temp read=270 written=271
              ->  Sort  (cost=9845.82..10095.82 rows=100000 width=12) (actual rows=100000 loops=1)
                    Sort Key: views.viewer_id, views.view_date
                    Sort Method: external merge  Disk: 2160kB
                    Buffers: shared hit=541, temp read=270 written=271
                    ->  Seq Scan on views  (cost=0.00..1541.00 rows=100000 width=12) (actual rows=100000 loops=1)
                          Buffers: shared hit=541
Planning:
  Buffers: shared hit=2
Planning Time: 0.114 ms
Execution Time: 128.809 ms",131.735,11012.48,100,"Result  (cost=9845.82..11012.48 rows=200 width=4) (actual rows=100 loops=1)
  Buffers: shared hit=541, temp read=270 written=271
  ->  Unique  (cost=9845.82..11012.48 rows=200 width=4) (actual rows=100 loops=1)
        Buffers: shared hit=541, temp read=270 written=271
        ->  GroupAggregate  (cost=9845.82..10970.82 rows=3333 width=16) (actual rows=27263 loops=1)
              Group Key: views.viewer_id, views.view_date
              Filter: (count(DISTINCT views.article_id) > 1)
              Rows Removed by Filter: 30784
              Buffers: shared hit=541, temp read=270 written=271
              ->  Sort  (cost=9845.82..10095.82 rows=100000 width=12) (actual rows=100000 loops=1)
                    Sort Key: views.viewer_id, views.view_date
                    Sort Method: external merge  Disk: 2160kB
                    Buffers: shared hit=541, temp read=270 written=271
                    ->  Seq Scan on views  (cost=0.00..1541.00 rows=100000 width=12) (actual rows=100000 loops=1)
                          Buffers: shared hit=541
Planning:
  Buffers: shared hit=2
Planning Time: 0.116 ms
Execution Time: 131.735 ms",138.782,11012.48,100,"Result  (cost=9845.82..11012.48 rows=200 width=4) (actual rows=100 loops=1)
  Buffers: shared hit=541, temp read=270 written=271
  ->  Unique  (cost=9845.82..11012.48 rows=200 width=4) (actual rows=100 loops=1)
        Buffers: shared hit=541, temp read=270 written=271
        ->  GroupAggregate  (cost=9845.82..10970.82 rows=3333 width=16) (actual rows=27263 loops=1)
              Group Key: views.viewer_id, views.view_date
              Filter: (count(DISTINCT views.article_id) > 1)
              Rows Removed by Filter: 30784
              Buffers: shared hit=541, temp read=270 written=271
              ->  Sort  (cost=9845.82..10095.82 rows=100000 width=12) (actual rows=100000 loops=1)
                    Sort Key: views.viewer_id, views.view_date
                    Sort Method: external merge  Disk: 2160kB
                    Buffers: shared hit=541, temp read=270 written=271
                    ->  Seq Scan on views  (cost=0.00..1541.00 rows=100000 width=12) (actual rows=100000 loops=1)
                          Buffers: shared hit=541
Planning:
  Buffers: shared hit=2
Planning Time: 0.129 ms
Execution Time: 138.782 ms",133.938,11012.48,100,"Result  (cost=9845.82..11012.48 rows=200 width=4) (actual rows=100 loops=1)
  Buffers: shared hit=541, temp read=270 written=271
  ->  Unique  (cost=9845.82..11012.48 rows=200 width=4) (actual rows=100 loops=1)
        Buffers: shared hit=541, temp read=270 written=271
        ->  GroupAggregate  (cost=9845.82..10970.82 rows=3333 width=16) (actual rows=27263 loops=1)
              Group Key: views.viewer_id, views.view_date
              Filter: (count(DISTINCT views.article_id) > 1)
              Rows Removed by Filter: 30784
              Buffers: shared hit=541, temp read=270 written=271
              ->  Sort  (cost=9845.82..10095.82 rows=100000 width=12) (actual rows=100000 loops=1)
                    Sort Key: views.viewer_id, views.view_date
                    Sort Method: external merge  Disk: 2160kB
                    Buffers: shared hit=541, temp read=270 written=271
                    ->  Seq Scan on views  (cost=0.00..1541.00 rows=100000 width=12) (actual rows=100000 loops=1)
                          Buffers: shared hit=541
Planning:
  Buffers: shared hit=2
Planning Time: 0.109 ms
Execution Time: 133.938 ms",132.066,131.735,136.36,140.7196,11012.48,11012.48,100,100,100,100,normal,normal,21.08166250000002,20.047656499999967,equal variances,significant,0.003968253968253968,-13.882000000000005,-13.378000000000014,-8418.36,0,True
724,1149,105,Medium,"select distinct t_cte_4.c_viewer_id0 as id from (select distinct t_views_0.view_date as c_view_date0, t_views_0.viewer_id as c_viewer_id0, t_views_0.article_id as c_article_id0 from schema_1149.views as t_views_0) as t_cte_4 group by t_cte_4.c_view_date0,t_cte_4.c_viewer_id0 having 1 < count(t_cte_4.c_article_id0)",110.43,2594.12,100,"Unique  (cost=2592.45..2594.12 rows=333 width=8) (actual rows=100 loops=1)
  Buffers: shared hit=541, temp read=360 written=685
  ->  Sort  (cost=2592.45..2593.28 rows=333 width=8) (actual rows=27263 loops=1)
        Sort Key: t_views_0.viewer_id
        Sort Method: quicksort  Memory: 2046kB
        Buffers: shared hit=541, temp read=360 written=685
        ->  HashAggregate  (cost=2566.00..2578.50 rows=333 width=8) (actual rows=27263 loops=1)
              Group Key: t_views_0.view_date, t_views_0.viewer_id
              Filter: (1 < count(t_views_0.article_id))
              Batches: 5  Memory Usage: 4145kB  Disk Usage: 1656kB
              Rows Removed by Filter: 30784
              Buffers: shared hit=541, temp read=360 written=685
              ->  HashAggregate  (cost=2291.00..2391.00 rows=10000 width=12) (actual rows=99992 loops=1)
                    Group Key: t_views_0.view_date, t_views_0.viewer_id, t_views_0.article_id
                    Batches: 5  Memory Usage: 4145kB  Disk Usage: 1744kB
                    Buffers: shared hit=541, temp read=201 written=364
                    ->  Seq Scan on views t_views_0  (cost=0.00..1541.00 rows=100000 width=12) (actual rows=100000 loops=1)
                          Buffers: shared hit=541
Planning Time: 0.061 ms
Execution Time: 110.430 ms",118.94,2594.12,100,"Unique  (cost=2592.45..2594.12 rows=333 width=8) (actual rows=100 loops=1)
  Buffers: shared hit=541, temp read=360 written=685
  ->  Sort  (cost=2592.45..2593.28 rows=333 width=8) (actual rows=27263 loops=1)
        Sort Key: t_views_0.viewer_id
        Sort Method: quicksort  Memory: 2046kB
        Buffers: shared hit=541, temp read=360 written=685
        ->  HashAggregate  (cost=2566.00..2578.50 rows=333 width=8) (actual rows=27263 loops=1)
              Group Key: t_views_0.view_date, t_views_0.viewer_id
              Filter: (1 < count(t_views_0.article_id))
              Batches: 5  Memory Usage: 4145kB  Disk Usage: 1656kB
              Rows Removed by Filter: 30784
              Buffers: shared hit=541, temp read=360 written=685
              ->  HashAggregate  (cost=2291.00..2391.00 rows=10000 width=12) (actual rows=99992 loops=1)
                    Group Key: t_views_0.view_date, t_views_0.viewer_id, t_views_0.article_id
                    Batches: 5  Memory Usage: 4145kB  Disk Usage: 1744kB
                    Buffers: shared hit=541, temp read=201 written=364
                    ->  Seq Scan on views t_views_0  (cost=0.00..1541.00 rows=100000 width=12) (actual rows=100000 loops=1)
                          Buffers: shared hit=541
Planning Time: 0.171 ms
Execution Time: 118.940 ms",119.883,2594.12,100,"Unique  (cost=2592.45..2594.12 rows=333 width=8) (actual rows=100 loops=1)
  Buffers: shared hit=541, temp read=360 written=685
  ->  Sort  (cost=2592.45..2593.28 rows=333 width=8) (actual rows=27263 loops=1)
        Sort Key: t_views_0.viewer_id
        Sort Method: quicksort  Memory: 2046kB
        Buffers: shared hit=541, temp read=360 written=685
        ->  HashAggregate  (cost=2566.00..2578.50 rows=333 width=8) (actual rows=27263 loops=1)
              Group Key: t_views_0.view_date, t_views_0.viewer_id
              Filter: (1 < count(t_views_0.article_id))
              Batches: 5  Memory Usage: 4145kB  Disk Usage: 1656kB
              Rows Removed by Filter: 30784
              Buffers: shared hit=541, temp read=360 written=685
              ->  HashAggregate  (cost=2291.00..2391.00 rows=10000 width=12) (actual rows=99992 loops=1)
                    Group Key: t_views_0.view_date, t_views_0.viewer_id, t_views_0.article_id
                    Batches: 5  Memory Usage: 4145kB  Disk Usage: 1744kB
                    Buffers: shared hit=541, temp read=201 written=364
                    ->  Seq Scan on views t_views_0  (cost=0.00..1541.00 rows=100000 width=12) (actual rows=100000 loops=1)
                          Buffers: shared hit=541
Planning Time: 0.094 ms
Execution Time: 119.883 ms",118.573,2594.12,100,"Unique  (cost=2592.45..2594.12 rows=333 width=8) (actual rows=100 loops=1)
  Buffers: shared hit=541, temp read=360 written=685
  ->  Sort  (cost=2592.45..2593.28 rows=333 width=8) (actual rows=27263 loops=1)
        Sort Key: t_views_0.viewer_id
        Sort Method: quicksort  Memory: 2046kB
        Buffers: shared hit=541, temp read=360 written=685
        ->  HashAggregate  (cost=2566.00..2578.50 rows=333 width=8) (actual rows=27263 loops=1)
              Group Key: t_views_0.view_date, t_views_0.viewer_id
              Filter: (1 < count(t_views_0.article_id))
              Batches: 5  Memory Usage: 4145kB  Disk Usage: 1656kB
              Rows Removed by Filter: 30784
              Buffers: shared hit=541, temp read=360 written=685
              ->  HashAggregate  (cost=2291.00..2391.00 rows=10000 width=12) (actual rows=99992 loops=1)
                    Group Key: t_views_0.view_date, t_views_0.viewer_id, t_views_0.article_id
                    Batches: 5  Memory Usage: 4145kB  Disk Usage: 1744kB
                    Buffers: shared hit=541, temp read=201 written=364
                    ->  Seq Scan on views t_views_0  (cost=0.00..1541.00 rows=100000 width=12) (actual rows=100000 loops=1)
                          Buffers: shared hit=541
Planning Time: 0.089 ms
Execution Time: 118.573 ms",117.094,2594.12,100,"Unique  (cost=2592.45..2594.12 rows=333 width=8) (actual rows=100 loops=1)
  Buffers: shared hit=541, temp read=360 written=685
  ->  Sort  (cost=2592.45..2593.28 rows=333 width=8) (actual rows=27263 loops=1)
        Sort Key: t_views_0.viewer_id
        Sort Method: quicksort  Memory: 2046kB
        Buffers: shared hit=541, temp read=360 written=685
        ->  HashAggregate  (cost=2566.00..2578.50 rows=333 width=8) (actual rows=27263 loops=1)
              Group Key: t_views_0.view_date, t_views_0.viewer_id
              Filter: (1 < count(t_views_0.article_id))
              Batches: 5  Memory Usage: 4145kB  Disk Usage: 1656kB
              Rows Removed by Filter: 30784
              Buffers: shared hit=541, temp read=360 written=685
              ->  HashAggregate  (cost=2291.00..2391.00 rows=10000 width=12) (actual rows=99992 loops=1)
                    Group Key: t_views_0.view_date, t_views_0.viewer_id, t_views_0.article_id
                    Batches: 5  Memory Usage: 4145kB  Disk Usage: 1744kB
                    Buffers: shared hit=541, temp read=201 written=364
                    ->  Seq Scan on views t_views_0  (cost=0.00..1541.00 rows=100000 width=12) (actual rows=100000 loops=1)
                          Buffers: shared hit=541
Planning Time: 0.105 ms
Execution Time: 117.094 ms",116.984,118.573,119.4115,120.2602,2594.12,2594.12,100,100,100,100,1149_105,724,1149,105,Medium,"select distinct viewer_id as id from (select viewer_id, view_date from schema_1149.views group by 1, 2 having count(distinct article_id) > 1) as a",124.017,11012.48,100,"Unique  (cost=9845.82..11012.48 rows=200 width=4) (actual rows=100 loops=1)
  Buffers: shared hit=541, temp read=270 written=271
  ->  Subquery Scan on a  (cost=9845.82..11004.15 rows=3333 width=4) (actual rows=27263 loops=1)
        Buffers: shared hit=541, temp read=270 written=271
        ->  GroupAggregate  (cost=9845.82..10970.82 rows=3333 width=8) (actual rows=27263 loops=1)
              Group Key: views.viewer_id, views.view_date
              Filter: (count(DISTINCT views.article_id) > 1)
              Rows Removed by Filter: 30784
              Buffers: shared hit=541, temp read=270 written=271
              ->  Sort  (cost=9845.82..10095.82 rows=100000 width=12) (actual rows=100000 loops=1)
                    Sort Key: views.viewer_id, views.view_date
                    Sort Method: external merge  Disk: 2160kB
                    Buffers: shared hit=541, temp read=270 written=271
                    ->  Seq Scan on views  (cost=0.00..1541.00 rows=100000 width=12) (actual rows=100000 loops=1)
                          Buffers: shared hit=541
Planning:
  Buffers: shared hit=2
Planning Time: 0.070 ms
Execution Time: 124.017 ms",135.728,11012.48,100,"Unique  (cost=9845.82..11012.48 rows=200 width=4) (actual rows=100 loops=1)
  Buffers: shared hit=541, temp read=270 written=271
  ->  Subquery Scan on a  (cost=9845.82..11004.15 rows=3333 width=4) (actual rows=27263 loops=1)
        Buffers: shared hit=541, temp read=270 written=271
        ->  GroupAggregate  (cost=9845.82..10970.82 rows=3333 width=8) (actual rows=27263 loops=1)
              Group Key: views.viewer_id, views.view_date
              Filter: (count(DISTINCT views.article_id) > 1)
              Rows Removed by Filter: 30784
              Buffers: shared hit=541, temp read=270 written=271
              ->  Sort  (cost=9845.82..10095.82 rows=100000 width=12) (actual rows=100000 loops=1)
                    Sort Key: views.viewer_id, views.view_date
                    Sort Method: external merge  Disk: 2160kB
                    Buffers: shared hit=541, temp read=270 written=271
                    ->  Seq Scan on views  (cost=0.00..1541.00 rows=100000 width=12) (actual rows=100000 loops=1)
                          Buffers: shared hit=541
Planning:
  Buffers: shared hit=2
Planning Time: 0.104 ms
Execution Time: 135.728 ms",131.73,11012.48,100,"Unique  (cost=9845.82..11012.48 rows=200 width=4) (actual rows=100 loops=1)
  Buffers: shared hit=541, temp read=270 written=271
  ->  Subquery Scan on a  (cost=9845.82..11004.15 rows=3333 width=4) (actual rows=27263 loops=1)
        Buffers: shared hit=541, temp read=270 written=271
        ->  GroupAggregate  (cost=9845.82..10970.82 rows=3333 width=8) (actual rows=27263 loops=1)
              Group Key: views.viewer_id, views.view_date
              Filter: (count(DISTINCT views.article_id) > 1)
              Rows Removed by Filter: 30784
              Buffers: shared hit=541, temp read=270 written=271
              ->  Sort  (cost=9845.82..10095.82 rows=100000 width=12) (actual rows=100000 loops=1)
                    Sort Key: views.viewer_id, views.view_date
                    Sort Method: external merge  Disk: 2160kB
                    Buffers: shared hit=541, temp read=270 written=271
                    ->  Seq Scan on views  (cost=0.00..1541.00 rows=100000 width=12) (actual rows=100000 loops=1)
                          Buffers: shared hit=541
Planning:
  Buffers: shared hit=2
Planning Time: 0.130 ms
Execution Time: 131.730 ms",132.146,11012.48,100,"Unique  (cost=9845.82..11012.48 rows=200 width=4) (actual rows=100 loops=1)
  Buffers: shared hit=541, temp read=270 written=271
  ->  Subquery Scan on a  (cost=9845.82..11004.15 rows=3333 width=4) (actual rows=27263 loops=1)
        Buffers: shared hit=541, temp read=270 written=271
        ->  GroupAggregate  (cost=9845.82..10970.82 rows=3333 width=8) (actual rows=27263 loops=1)
              Group Key: views.viewer_id, views.view_date
              Filter: (count(DISTINCT views.article_id) > 1)
              Rows Removed by Filter: 30784
              Buffers: shared hit=541, temp read=270 written=271
              ->  Sort  (cost=9845.82..10095.82 rows=100000 width=12) (actual rows=100000 loops=1)
                    Sort Key: views.viewer_id, views.view_date
                    Sort Method: external merge  Disk: 2160kB
                    Buffers: shared hit=541, temp read=270 written=271
                    ->  Seq Scan on views  (cost=0.00..1541.00 rows=100000 width=12) (actual rows=100000 loops=1)
                          Buffers: shared hit=541
Planning:
  Buffers: shared hit=2
Planning Time: 0.109 ms
Execution Time: 132.146 ms",133.788,11012.48,100,"Unique  (cost=9845.82..11012.48 rows=200 width=4) (actual rows=100 loops=1)
  Buffers: shared hit=541, temp read=270 written=271
  ->  Subquery Scan on a  (cost=9845.82..11004.15 rows=3333 width=4) (actual rows=27263 loops=1)
        Buffers: shared hit=541, temp read=270 written=271
        ->  GroupAggregate  (cost=9845.82..10970.82 rows=3333 width=8) (actual rows=27263 loops=1)
              Group Key: views.viewer_id, views.view_date
              Filter: (count(DISTINCT views.article_id) > 1)
              Rows Removed by Filter: 30784
              Buffers: shared hit=541, temp read=270 written=271
              ->  Sort  (cost=9845.82..10095.82 rows=100000 width=12) (actual rows=100000 loops=1)
                    Sort Key: views.viewer_id, views.view_date
                    Sort Method: external merge  Disk: 2160kB
                    Buffers: shared hit=541, temp read=270 written=271
                    ->  Seq Scan on views  (cost=0.00..1541.00 rows=100000 width=12) (actual rows=100000 loops=1)
                          Buffers: shared hit=541
Planning:
  Buffers: shared hit=2
Planning Time: 0.146 ms
Execution Time: 133.788 ms",131.4818,132.146,134.758,136.504,11012.48,11012.48,100,100,100,100,normal,normal,19.89369420000004,14.430518499999964,equal variances,significant,0.003968253968253968,-14.497799999999998,-13.572999999999993,-8418.36,0,True
725,1149,111,Medium,"select distinct t_cte_15.c_viewer_id0 as id from (select distinct t_views_0.viewer_id as c_viewer_id0, t_views_0.article_id as c_article_id0, t_views_0.view_date as c_view_date0 from schema_1149.views as t_views_0) as t_cte_15 group by t_cte_15.c_view_date0,t_cte_15.c_viewer_id0 having 1 < count(t_cte_15.c_article_id0)",111.446,2594.12,100,"Unique  (cost=2592.45..2594.12 rows=333 width=8) (actual rows=100 loops=1)
  Buffers: shared hit=541, temp read=360 written=683
  ->  Sort  (cost=2592.45..2593.28 rows=333 width=8) (actual rows=27263 loops=1)
        Sort Key: t_views_0.viewer_id
        Sort Method: quicksort  Memory: 2046kB
        Buffers: shared hit=541, temp read=360 written=683
        ->  HashAggregate  (cost=2566.00..2578.50 rows=333 width=8) (actual rows=27263 loops=1)
              Group Key: t_views_0.view_date, t_views_0.viewer_id
              Filter: (1 < count(t_views_0.article_id))
              Batches: 5  Memory Usage: 4145kB  Disk Usage: 1664kB
              Rows Removed by Filter: 30784
              Buffers: shared hit=541, temp read=360 written=683
              ->  HashAggregate  (cost=2291.00..2391.00 rows=10000 width=12) (actual rows=99992 loops=1)
                    Group Key: t_views_0.viewer_id, t_views_0.article_id, t_views_0.view_date
                    Batches: 5  Memory Usage: 4145kB  Disk Usage: 1744kB
                    Buffers: shared hit=541, temp read=200 written=361
                    ->  Seq Scan on views t_views_0  (cost=0.00..1541.00 rows=100000 width=12) (actual rows=100000 loops=1)
                          Buffers: shared hit=541
Planning Time: 0.077 ms
Execution Time: 111.446 ms",119.09,2594.12,100,"Unique  (cost=2592.45..2594.12 rows=333 width=8) (actual rows=100 loops=1)
  Buffers: shared hit=541, temp read=360 written=683
  ->  Sort  (cost=2592.45..2593.28 rows=333 width=8) (actual rows=27263 loops=1)
        Sort Key: t_views_0.viewer_id
        Sort Method: quicksort  Memory: 2046kB
        Buffers: shared hit=541, temp read=360 written=683
        ->  HashAggregate  (cost=2566.00..2578.50 rows=333 width=8) (actual rows=27263 loops=1)
              Group Key: t_views_0.view_date, t_views_0.viewer_id
              Filter: (1 < count(t_views_0.article_id))
              Batches: 5  Memory Usage: 4145kB  Disk Usage: 1664kB
              Rows Removed by Filter: 30784
              Buffers: shared hit=541, temp read=360 written=683
              ->  HashAggregate  (cost=2291.00..2391.00 rows=10000 width=12) (actual rows=99992 loops=1)
                    Group Key: t_views_0.viewer_id, t_views_0.article_id, t_views_0.view_date
                    Batches: 5  Memory Usage: 4145kB  Disk Usage: 1744kB
                    Buffers: shared hit=541, temp read=200 written=361
                    ->  Seq Scan on views t_views_0  (cost=0.00..1541.00 rows=100000 width=12) (actual rows=100000 loops=1)
                          Buffers: shared hit=541
Planning Time: 0.090 ms
Execution Time: 119.090 ms",128.691,2594.12,100,"Unique  (cost=2592.45..2594.12 rows=333 width=8) (actual rows=100 loops=1)
  Buffers: shared hit=541, temp read=360 written=683
  ->  Sort  (cost=2592.45..2593.28 rows=333 width=8) (actual rows=27263 loops=1)
        Sort Key: t_views_0.viewer_id
        Sort Method: quicksort  Memory: 2046kB
        Buffers: shared hit=541, temp read=360 written=683
        ->  HashAggregate  (cost=2566.00..2578.50 rows=333 width=8) (actual rows=27263 loops=1)
              Group Key: t_views_0.view_date, t_views_0.viewer_id
              Filter: (1 < count(t_views_0.article_id))
              Batches: 5  Memory Usage: 4145kB  Disk Usage: 1664kB
              Rows Removed by Filter: 30784
              Buffers: shared hit=541, temp read=360 written=683
              ->  HashAggregate  (cost=2291.00..2391.00 rows=10000 width=12) (actual rows=99992 loops=1)
                    Group Key: t_views_0.viewer_id, t_views_0.article_id, t_views_0.view_date
                    Batches: 5  Memory Usage: 4145kB  Disk Usage: 1744kB
                    Buffers: shared hit=541, temp read=200 written=361
                    ->  Seq Scan on views t_views_0  (cost=0.00..1541.00 rows=100000 width=12) (actual rows=100000 loops=1)
                          Buffers: shared hit=541
Planning Time: 0.086 ms
Execution Time: 128.691 ms",123.504,2594.12,100,"Unique  (cost=2592.45..2594.12 rows=333 width=8) (actual rows=100 loops=1)
  Buffers: shared hit=541, temp read=360 written=683
  ->  Sort  (cost=2592.45..2593.28 rows=333 width=8) (actual rows=27263 loops=1)
        Sort Key: t_views_0.viewer_id
        Sort Method: quicksort  Memory: 2046kB
        Buffers: shared hit=541, temp read=360 written=683
        ->  HashAggregate  (cost=2566.00..2578.50 rows=333 width=8) (actual rows=27263 loops=1)
              Group Key: t_views_0.view_date, t_views_0.viewer_id
              Filter: (1 < count(t_views_0.article_id))
              Batches: 5  Memory Usage: 4145kB  Disk Usage: 1664kB
              Rows Removed by Filter: 30784
              Buffers: shared hit=541, temp read=360 written=683
              ->  HashAggregate  (cost=2291.00..2391.00 rows=10000 width=12) (actual rows=99992 loops=1)
                    Group Key: t_views_0.viewer_id, t_views_0.article_id, t_views_0.view_date
                    Batches: 5  Memory Usage: 4145kB  Disk Usage: 1744kB
                    Buffers: shared hit=541, temp read=200 written=361
                    ->  Seq Scan on views t_views_0  (cost=0.00..1541.00 rows=100000 width=12) (actual rows=100000 loops=1)
                          Buffers: shared hit=541
Planning Time: 0.080 ms
Execution Time: 123.504 ms",121.674,2594.12,100,"Unique  (cost=2592.45..2594.12 rows=333 width=8) (actual rows=100 loops=1)
  Buffers: shared hit=541, temp read=360 written=683
  ->  Sort  (cost=2592.45..2593.28 rows=333 width=8) (actual rows=27263 loops=1)
        Sort Key: t_views_0.viewer_id
        Sort Method: quicksort  Memory: 2046kB
        Buffers: shared hit=541, temp read=360 written=683
        ->  HashAggregate  (cost=2566.00..2578.50 rows=333 width=8) (actual rows=27263 loops=1)
              Group Key: t_views_0.view_date, t_views_0.viewer_id
              Filter: (1 < count(t_views_0.article_id))
              Batches: 5  Memory Usage: 4145kB  Disk Usage: 1664kB
              Rows Removed by Filter: 30784
              Buffers: shared hit=541, temp read=360 written=683
              ->  HashAggregate  (cost=2291.00..2391.00 rows=10000 width=12) (actual rows=99992 loops=1)
                    Group Key: t_views_0.viewer_id, t_views_0.article_id, t_views_0.view_date
                    Batches: 5  Memory Usage: 4145kB  Disk Usage: 1744kB
                    Buffers: shared hit=541, temp read=200 written=361
                    ->  Seq Scan on views t_views_0  (cost=0.00..1541.00 rows=100000 width=12) (actual rows=100000 loops=1)
                          Buffers: shared hit=541
Planning Time: 0.090 ms
Execution Time: 121.674 ms",120.881,121.674,126.0975,130.7658,2594.12,2594.12,100,100,100,100,1149_111,725,1149,111,Medium,"select distinct viewer_id as id from (select viewer_id, view_date, count(distinct article_id) as num_articles from schema_1149.views group by viewer_id, view_date) as a where num_articles > 1 group by viewer_id",123.742,11012.98,100,"Unique  (cost=9845.82..11012.98 rows=200 width=4) (actual rows=100 loops=1)
  Buffers: shared hit=541, temp read=270 written=271
  ->  Group  (cost=9845.82..11012.48 rows=200 width=4) (actual rows=100 loops=1)
        Group Key: views.viewer_id
        Buffers: shared hit=541, temp read=270 written=271
        ->  GroupAggregate  (cost=9845.82..10970.82 rows=3333 width=16) (actual rows=27263 loops=1)
              Group Key: views.viewer_id, views.view_date
              Filter: (count(DISTINCT views.article_id) > 1)
              Rows Removed by Filter: 30784
              Buffers: shared hit=541, temp read=270 written=271
              ->  Sort  (cost=9845.82..10095.82 rows=100000 width=12) (actual rows=100000 loops=1)
                    Sort Key: views.viewer_id, views.view_date
                    Sort Method: external merge  Disk: 2160kB
                    Buffers: shared hit=541, temp read=270 written=271
                    ->  Seq Scan on views  (cost=0.00..1541.00 rows=100000 width=12) (actual rows=100000 loops=1)
                          Buffers: shared hit=541
Planning:
  Buffers: shared hit=2
Planning Time: 0.100 ms
Execution Time: 123.742 ms",132.52,11012.98,100,"Unique  (cost=9845.82..11012.98 rows=200 width=4) (actual rows=100 loops=1)
  Buffers: shared hit=541, temp read=270 written=271
  ->  Group  (cost=9845.82..11012.48 rows=200 width=4) (actual rows=100 loops=1)
        Group Key: views.viewer_id
        Buffers: shared hit=541, temp read=270 written=271
        ->  GroupAggregate  (cost=9845.82..10970.82 rows=3333 width=16) (actual rows=27263 loops=1)
              Group Key: views.viewer_id, views.view_date
              Filter: (count(DISTINCT views.article_id) > 1)
              Rows Removed by Filter: 30784
              Buffers: shared hit=541, temp read=270 written=271
              ->  Sort  (cost=9845.82..10095.82 rows=100000 width=12) (actual rows=100000 loops=1)
                    Sort Key: views.viewer_id, views.view_date
                    Sort Method: external merge  Disk: 2160kB
                    Buffers: shared hit=541, temp read=270 written=271
                    ->  Seq Scan on views  (cost=0.00..1541.00 rows=100000 width=12) (actual rows=100000 loops=1)
                          Buffers: shared hit=541
Planning:
  Buffers: shared hit=2
Planning Time: 0.106 ms
Execution Time: 132.520 ms",131.126,11012.98,100,"Unique  (cost=9845.82..11012.98 rows=200 width=4) (actual rows=100 loops=1)
  Buffers: shared hit=541, temp read=270 written=271
  ->  Group  (cost=9845.82..11012.48 rows=200 width=4) (actual rows=100 loops=1)
        Group Key: views.viewer_id
        Buffers: shared hit=541, temp read=270 written=271
        ->  GroupAggregate  (cost=9845.82..10970.82 rows=3333 width=16) (actual rows=27263 loops=1)
              Group Key: views.viewer_id, views.view_date
              Filter: (count(DISTINCT views.article_id) > 1)
              Rows Removed by Filter: 30784
              Buffers: shared hit=541, temp read=270 written=271
              ->  Sort  (cost=9845.82..10095.82 rows=100000 width=12) (actual rows=100000 loops=1)
                    Sort Key: views.viewer_id, views.view_date
                    Sort Method: external merge  Disk: 2160kB
                    Buffers: shared hit=541, temp read=270 written=271
                    ->  Seq Scan on views  (cost=0.00..1541.00 rows=100000 width=12) (actual rows=100000 loops=1)
                          Buffers: shared hit=541
Planning:
  Buffers: shared hit=2
Planning Time: 0.115 ms
Execution Time: 131.126 ms",130.542,11012.98,100,"Unique  (cost=9845.82..11012.98 rows=200 width=4) (actual rows=100 loops=1)
  Buffers: shared hit=541, temp read=270 written=271
  ->  Group  (cost=9845.82..11012.48 rows=200 width=4) (actual rows=100 loops=1)
        Group Key: views.viewer_id
        Buffers: shared hit=541, temp read=270 written=271
        ->  GroupAggregate  (cost=9845.82..10970.82 rows=3333 width=16) (actual rows=27263 loops=1)
              Group Key: views.viewer_id, views.view_date
              Filter: (count(DISTINCT views.article_id) > 1)
              Rows Removed by Filter: 30784
              Buffers: shared hit=541, temp read=270 written=271
              ->  Sort  (cost=9845.82..10095.82 rows=100000 width=12) (actual rows=100000 loops=1)
                    Sort Key: views.viewer_id, views.view_date
                    Sort Method: external merge  Disk: 2160kB
                    Buffers: shared hit=541, temp read=270 written=271
                    ->  Seq Scan on views  (cost=0.00..1541.00 rows=100000 width=12) (actual rows=100000 loops=1)
                          Buffers: shared hit=541
Planning:
  Buffers: shared hit=2
Planning Time: 0.117 ms
Execution Time: 130.542 ms",129.389,11012.98,100,"Unique  (cost=9845.82..11012.98 rows=200 width=4) (actual rows=100 loops=1)
  Buffers: shared hit=541, temp read=270 written=271
  ->  Group  (cost=9845.82..11012.48 rows=200 width=4) (actual rows=100 loops=1)
        Group Key: views.viewer_id
        Buffers: shared hit=541, temp read=270 written=271
        ->  GroupAggregate  (cost=9845.82..10970.82 rows=3333 width=16) (actual rows=27263 loops=1)
              Group Key: views.viewer_id, views.view_date
              Filter: (count(DISTINCT views.article_id) > 1)
              Rows Removed by Filter: 30784
              Buffers: shared hit=541, temp read=270 written=271
              ->  Sort  (cost=9845.82..10095.82 rows=100000 width=12) (actual rows=100000 loops=1)
                    Sort Key: views.viewer_id, views.view_date
                    Sort Method: external merge  Disk: 2160kB
                    Buffers: shared hit=541, temp read=270 written=271
                    ->  Seq Scan on views  (cost=0.00..1541.00 rows=100000 width=12) (actual rows=100000 loops=1)
                          Buffers: shared hit=541
Planning:
  Buffers: shared hit=2
Planning Time: 0.124 ms
Execution Time: 129.389 ms",129.4638,130.542,131.823,133.0776,11012.98,11012.98,100,100,100,100,normal,normal,11.50259320000001,40.182996000000024,equal variances,significant,0.007936507936507936,-8.582799999999992,-8.867999999999995,-8418.86,0,True
726,1149,132,Medium,"select distinct t_cte_9.c_viewer_id0 as id from (select distinct t_views_0.article_id as c_article_id0, t_views_0.viewer_id as c_viewer_id0, t_views_0.view_date as c_view_date0 from schema_1149.views as t_views_0) as t_cte_9 group by t_cte_9.c_viewer_id0,t_cte_9.c_view_date0 having 1 < count(t_cte_9.c_article_id0)",113.946,2594.12,100,"Unique  (cost=2592.45..2594.12 rows=333 width=8) (actual rows=100 loops=1)
  Buffers: shared hit=541, temp read=360 written=684
  ->  Sort  (cost=2592.45..2593.28 rows=333 width=8) (actual rows=27263 loops=1)
        Sort Key: t_views_0.viewer_id
        Sort Method: quicksort  Memory: 2046kB
        Buffers: shared hit=541, temp read=360 written=684
        ->  HashAggregate  (cost=2566.00..2578.50 rows=333 width=8) (actual rows=27263 loops=1)
              Group Key: t_views_0.viewer_id, t_views_0.view_date
              Filter: (1 < count(t_views_0.article_id))
              Batches: 5  Memory Usage: 4145kB  Disk Usage: 1656kB
              Rows Removed by Filter: 30784
              Buffers: shared hit=541, temp read=360 written=684
              ->  HashAggregate  (cost=2291.00..2391.00 rows=10000 width=12) (actual rows=99992 loops=1)
                    Group Key: t_views_0.article_id, t_views_0.viewer_id, t_views_0.view_date
                    Batches: 5  Memory Usage: 4145kB  Disk Usage: 1744kB
                    Buffers: shared hit=541, temp read=201 written=362
                    ->  Seq Scan on views t_views_0  (cost=0.00..1541.00 rows=100000 width=12) (actual rows=100000 loops=1)
                          Buffers: shared hit=541
Planning Time: 0.089 ms
Execution Time: 113.946 ms",118.594,2594.12,100,"Unique  (cost=2592.45..2594.12 rows=333 width=8) (actual rows=100 loops=1)
  Buffers: shared hit=541, temp read=360 written=684
  ->  Sort  (cost=2592.45..2593.28 rows=333 width=8) (actual rows=27263 loops=1)
        Sort Key: t_views_0.viewer_id
        Sort Method: quicksort  Memory: 2046kB
        Buffers: shared hit=541, temp read=360 written=684
        ->  HashAggregate  (cost=2566.00..2578.50 rows=333 width=8) (actual rows=27263 loops=1)
              Group Key: t_views_0.viewer_id, t_views_0.view_date
              Filter: (1 < count(t_views_0.article_id))
              Batches: 5  Memory Usage: 4145kB  Disk Usage: 1656kB
              Rows Removed by Filter: 30784
              Buffers: shared hit=541, temp read=360 written=684
              ->  HashAggregate  (cost=2291.00..2391.00 rows=10000 width=12) (actual rows=99992 loops=1)
                    Group Key: t_views_0.article_id, t_views_0.viewer_id, t_views_0.view_date
                    Batches: 5  Memory Usage: 4145kB  Disk Usage: 1744kB
                    Buffers: shared hit=541, temp read=201 written=362
                    ->  Seq Scan on views t_views_0  (cost=0.00..1541.00 rows=100000 width=12) (actual rows=100000 loops=1)
                          Buffers: shared hit=541
Planning Time: 0.144 ms
Execution Time: 118.594 ms",117.643,2594.12,100,"Unique  (cost=2592.45..2594.12 rows=333 width=8) (actual rows=100 loops=1)
  Buffers: shared hit=541, temp read=360 written=684
  ->  Sort  (cost=2592.45..2593.28 rows=333 width=8) (actual rows=27263 loops=1)
        Sort Key: t_views_0.viewer_id
        Sort Method: quicksort  Memory: 2046kB
        Buffers: shared hit=541, temp read=360 written=684
        ->  HashAggregate  (cost=2566.00..2578.50 rows=333 width=8) (actual rows=27263 loops=1)
              Group Key: t_views_0.viewer_id, t_views_0.view_date
              Filter: (1 < count(t_views_0.article_id))
              Batches: 5  Memory Usage: 4145kB  Disk Usage: 1656kB
              Rows Removed by Filter: 30784
              Buffers: shared hit=541, temp read=360 written=684
              ->  HashAggregate  (cost=2291.00..2391.00 rows=10000 width=12) (actual rows=99992 loops=1)
                    Group Key: t_views_0.article_id, t_views_0.viewer_id, t_views_0.view_date
                    Batches: 5  Memory Usage: 4145kB  Disk Usage: 1744kB
                    Buffers: shared hit=541, temp read=201 written=362
                    ->  Seq Scan on views t_views_0  (cost=0.00..1541.00 rows=100000 width=12) (actual rows=100000 loops=1)
                          Buffers: shared hit=541
Planning Time: 0.088 ms
Execution Time: 117.643 ms",117.972,2594.12,100,"Unique  (cost=2592.45..2594.12 rows=333 width=8) (actual rows=100 loops=1)
  Buffers: shared hit=541, temp read=360 written=684
  ->  Sort  (cost=2592.45..2593.28 rows=333 width=8) (actual rows=27263 loops=1)
        Sort Key: t_views_0.viewer_id
        Sort Method: quicksort  Memory: 2046kB
        Buffers: shared hit=541, temp read=360 written=684
        ->  HashAggregate  (cost=2566.00..2578.50 rows=333 width=8) (actual rows=27263 loops=1)
              Group Key: t_views_0.viewer_id, t_views_0.view_date
              Filter: (1 < count(t_views_0.article_id))
              Batches: 5  Memory Usage: 4145kB  Disk Usage: 1656kB
              Rows Removed by Filter: 30784
              Buffers: shared hit=541, temp read=360 written=684
              ->  HashAggregate  (cost=2291.00..2391.00 rows=10000 width=12) (actual rows=99992 loops=1)
                    Group Key: t_views_0.article_id, t_views_0.viewer_id, t_views_0.view_date
                    Batches: 5  Memory Usage: 4145kB  Disk Usage: 1744kB
                    Buffers: shared hit=541, temp read=201 written=362
                    ->  Seq Scan on views t_views_0  (cost=0.00..1541.00 rows=100000 width=12) (actual rows=100000 loops=1)
                          Buffers: shared hit=541
Planning Time: 0.110 ms
Execution Time: 117.972 ms",117.207,2594.12,100,"Unique  (cost=2592.45..2594.12 rows=333 width=8) (actual rows=100 loops=1)
  Buffers: shared hit=541, temp read=360 written=684
  ->  Sort  (cost=2592.45..2593.28 rows=333 width=8) (actual rows=27263 loops=1)
        Sort Key: t_views_0.viewer_id
        Sort Method: quicksort  Memory: 2046kB
        Buffers: shared hit=541, temp read=360 written=684
        ->  HashAggregate  (cost=2566.00..2578.50 rows=333 width=8) (actual rows=27263 loops=1)
              Group Key: t_views_0.viewer_id, t_views_0.view_date
              Filter: (1 < count(t_views_0.article_id))
              Batches: 5  Memory Usage: 4145kB  Disk Usage: 1656kB
              Rows Removed by Filter: 30784
              Buffers: shared hit=541, temp read=360 written=684
              ->  HashAggregate  (cost=2291.00..2391.00 rows=10000 width=12) (actual rows=99992 loops=1)
                    Group Key: t_views_0.article_id, t_views_0.viewer_id, t_views_0.view_date
                    Batches: 5  Memory Usage: 4145kB  Disk Usage: 1744kB
                    Buffers: shared hit=541, temp read=201 written=362
                    ->  Seq Scan on views t_views_0  (cost=0.00..1541.00 rows=100000 width=12) (actual rows=100000 loops=1)
                          Buffers: shared hit=541
Planning Time: 0.085 ms
Execution Time: 117.207 ms",117.0724,117.643,118.283,118.8428,2594.12,2594.12,100,100,100,100,1149_132,726,1149,132,Medium,"select distinct viewer_id as id from schema_1149.views group by viewer_id, view_date having (count(viewer_id) > 1 and count(distinct article_id) > 1)",127.305,11248.6,100,"Unique  (cost=9845.82..11248.60 rows=1111 width=8) (actual rows=100 loops=1)
  Buffers: shared hit=541, temp read=270 written=271
  ->  GroupAggregate  (cost=9845.82..11245.82 rows=1111 width=8) (actual rows=27263 loops=1)
        Group Key: viewer_id, view_date
        Filter: ((count(viewer_id) > 1) AND (count(DISTINCT article_id) > 1))
        Rows Removed by Filter: 30784
        Buffers: shared hit=541, temp read=270 written=271
        ->  Sort  (cost=9845.82..10095.82 rows=100000 width=12) (actual rows=100000 loops=1)
              Sort Key: viewer_id, view_date
              Sort Method: external merge  Disk: 2160kB
              Buffers: shared hit=541, temp read=270 written=271
              ->  Seq Scan on views  (cost=0.00..1541.00 rows=100000 width=12) (actual rows=100000 loops=1)
                    Buffers: shared hit=541
Planning:
  Buffers: shared hit=2
Planning Time: 0.065 ms
Execution Time: 127.305 ms",129.95,11248.6,100,"Unique  (cost=9845.82..11248.60 rows=1111 width=8) (actual rows=100 loops=1)
  Buffers: shared hit=541, temp read=270 written=271
  ->  GroupAggregate  (cost=9845.82..11245.82 rows=1111 width=8) (actual rows=27263 loops=1)
        Group Key: viewer_id, view_date
        Filter: ((count(viewer_id) > 1) AND (count(DISTINCT article_id) > 1))
        Rows Removed by Filter: 30784
        Buffers: shared hit=541, temp read=270 written=271
        ->  Sort  (cost=9845.82..10095.82 rows=100000 width=12) (actual rows=100000 loops=1)
              Sort Key: viewer_id, view_date
              Sort Method: external merge  Disk: 2160kB
              Buffers: shared hit=541, temp read=270 written=271
              ->  Seq Scan on views  (cost=0.00..1541.00 rows=100000 width=12) (actual rows=100000 loops=1)
                    Buffers: shared hit=541
Planning:
  Buffers: shared hit=2
Planning Time: 0.090 ms
Execution Time: 129.950 ms",134.971,11248.6,100,"Unique  (cost=9845.82..11248.60 rows=1111 width=8) (actual rows=100 loops=1)
  Buffers: shared hit=541, temp read=270 written=271
  ->  GroupAggregate  (cost=9845.82..11245.82 rows=1111 width=8) (actual rows=27263 loops=1)
        Group Key: viewer_id, view_date
        Filter: ((count(viewer_id) > 1) AND (count(DISTINCT article_id) > 1))
        Rows Removed by Filter: 30784
        Buffers: shared hit=541, temp read=270 written=271
        ->  Sort  (cost=9845.82..10095.82 rows=100000 width=12) (actual rows=100000 loops=1)
              Sort Key: viewer_id, view_date
              Sort Method: external merge  Disk: 2160kB
              Buffers: shared hit=541, temp read=270 written=271
              ->  Seq Scan on views  (cost=0.00..1541.00 rows=100000 width=12) (actual rows=100000 loops=1)
                    Buffers: shared hit=541
Planning:
  Buffers: shared hit=2
Planning Time: 0.089 ms
Execution Time: 134.971 ms",133.597,11248.6,100,"Unique  (cost=9845.82..11248.60 rows=1111 width=8) (actual rows=100 loops=1)
  Buffers: shared hit=541, temp read=270 written=271
  ->  GroupAggregate  (cost=9845.82..11245.82 rows=1111 width=8) (actual rows=27263 loops=1)
        Group Key: viewer_id, view_date
        Filter: ((count(viewer_id) > 1) AND (count(DISTINCT article_id) > 1))
        Rows Removed by Filter: 30784
        Buffers: shared hit=541, temp read=270 written=271
        ->  Sort  (cost=9845.82..10095.82 rows=100000 width=12) (actual rows=100000 loops=1)
              Sort Key: viewer_id, view_date
              Sort Method: external merge  Disk: 2160kB
              Buffers: shared hit=541, temp read=270 written=271
              ->  Seq Scan on views  (cost=0.00..1541.00 rows=100000 width=12) (actual rows=100000 loops=1)
                    Buffers: shared hit=541
Planning:
  Buffers: shared hit=2
Planning Time: 0.111 ms
Execution Time: 133.597 ms",131.921,11248.6,100,"Unique  (cost=9845.82..11248.60 rows=1111 width=8) (actual rows=100 loops=1)
  Buffers: shared hit=541, temp read=270 written=271
  ->  GroupAggregate  (cost=9845.82..11245.82 rows=1111 width=8) (actual rows=27263 loops=1)
        Group Key: viewer_id, view_date
        Filter: ((count(viewer_id) > 1) AND (count(DISTINCT article_id) > 1))
        Rows Removed by Filter: 30784
        Buffers: shared hit=541, temp read=270 written=271
        ->  Sort  (cost=9845.82..10095.82 rows=100000 width=12) (actual rows=100000 loops=1)
              Sort Key: viewer_id, view_date
              Sort Method: external merge  Disk: 2160kB
              Buffers: shared hit=541, temp read=270 written=271
              ->  Seq Scan on views  (cost=0.00..1541.00 rows=100000 width=12) (actual rows=100000 loops=1)
                    Buffers: shared hit=541
Planning:
  Buffers: shared hit=2
Planning Time: 0.115 ms
Execution Time: 131.921 ms",131.5488,131.921,134.284,135.5206,11248.6,11248.6,100,100,100,100,normal,normal,9.152777200000008,3.310656299999996,equal variances,significant,0.003968253968253968,-14.476399999999998,-14.277999999999992,-8654.48,0,True
727,1149,137,Medium,"select distinct t_cte_3.c_viewer_id0 as id from (select distinct v.article_id as c_article_id0, v.view_date as c_view_date0, v.viewer_id as c_viewer_id0 from schema_1149.views as v) as t_cte_3 group by t_cte_3.c_view_date0,t_cte_3.c_viewer_id0 having 1 < count(t_cte_3.c_article_id0)",111.107,2594.12,100,"Unique  (cost=2592.45..2594.12 rows=333 width=8) (actual rows=100 loops=1)
  Buffers: shared hit=541, temp read=360 written=683
  ->  Sort  (cost=2592.45..2593.28 rows=333 width=8) (actual rows=27263 loops=1)
        Sort Key: v.viewer_id
        Sort Method: quicksort  Memory: 2046kB
        Buffers: shared hit=541, temp read=360 written=683
        ->  HashAggregate  (cost=2566.00..2578.50 rows=333 width=8) (actual rows=27263 loops=1)
              Group Key: v.view_date, v.viewer_id
              Filter: (1 < count(v.article_id))
              Batches: 5  Memory Usage: 4145kB  Disk Usage: 1656kB
              Rows Removed by Filter: 30784
              Buffers: shared hit=541, temp read=360 written=683
              ->  HashAggregate  (cost=2291.00..2391.00 rows=10000 width=12) (actual rows=99992 loops=1)
                    Group Key: v.article_id, v.view_date, v.viewer_id
                    Batches: 5  Memory Usage: 4145kB  Disk Usage: 1752kB
                    Buffers: shared hit=541, temp read=201 written=362
                    ->  Seq Scan on views v  (cost=0.00..1541.00 rows=100000 width=12) (actual rows=100000 loops=1)
                          Buffers: shared hit=541
Planning Time: 0.061 ms
Execution Time: 111.107 ms",120.782,2594.12,100,"Unique  (cost=2592.45..2594.12 rows=333 width=8) (actual rows=100 loops=1)
  Buffers: shared hit=541, temp read=360 written=683
  ->  Sort  (cost=2592.45..2593.28 rows=333 width=8) (actual rows=27263 loops=1)
        Sort Key: v.viewer_id
        Sort Method: quicksort  Memory: 2046kB
        Buffers: shared hit=541, temp read=360 written=683
        ->  HashAggregate  (cost=2566.00..2578.50 rows=333 width=8) (actual rows=27263 loops=1)
              Group Key: v.view_date, v.viewer_id
              Filter: (1 < count(v.article_id))
              Batches: 5  Memory Usage: 4145kB  Disk Usage: 1656kB
              Rows Removed by Filter: 30784
              Buffers: shared hit=541, temp read=360 written=683
              ->  HashAggregate  (cost=2291.00..2391.00 rows=10000 width=12) (actual rows=99992 loops=1)
                    Group Key: v.article_id, v.view_date, v.viewer_id
                    Batches: 5  Memory Usage: 4145kB  Disk Usage: 1752kB
                    Buffers: shared hit=541, temp read=201 written=362
                    ->  Seq Scan on views v  (cost=0.00..1541.00 rows=100000 width=12) (actual rows=100000 loops=1)
                          Buffers: shared hit=541
Planning Time: 0.070 ms
Execution Time: 120.782 ms",120.308,2594.12,100,"Unique  (cost=2592.45..2594.12 rows=333 width=8) (actual rows=100 loops=1)
  Buffers: shared hit=541, temp read=360 written=683
  ->  Sort  (cost=2592.45..2593.28 rows=333 width=8) (actual rows=27263 loops=1)
        Sort Key: v.viewer_id
        Sort Method: quicksort  Memory: 2046kB
        Buffers: shared hit=541, temp read=360 written=683
        ->  HashAggregate  (cost=2566.00..2578.50 rows=333 width=8) (actual rows=27263 loops=1)
              Group Key: v.view_date, v.viewer_id
              Filter: (1 < count(v.article_id))
              Batches: 5  Memory Usage: 4145kB  Disk Usage: 1656kB
              Rows Removed by Filter: 30784
              Buffers: shared hit=541, temp read=360 written=683
              ->  HashAggregate  (cost=2291.00..2391.00 rows=10000 width=12) (actual rows=99992 loops=1)
                    Group Key: v.article_id, v.view_date, v.viewer_id
                    Batches: 5  Memory Usage: 4145kB  Disk Usage: 1752kB
                    Buffers: shared hit=541, temp read=201 written=362
                    ->  Seq Scan on views v  (cost=0.00..1541.00 rows=100000 width=12) (actual rows=100000 loops=1)
                          Buffers: shared hit=541
Planning Time: 0.119 ms
Execution Time: 120.308 ms",119.187,2594.12,100,"Unique  (cost=2592.45..2594.12 rows=333 width=8) (actual rows=100 loops=1)
  Buffers: shared hit=541, temp read=360 written=683
  ->  Sort  (cost=2592.45..2593.28 rows=333 width=8) (actual rows=27263 loops=1)
        Sort Key: v.viewer_id
        Sort Method: quicksort  Memory: 2046kB
        Buffers: shared hit=541, temp read=360 written=683
        ->  HashAggregate  (cost=2566.00..2578.50 rows=333 width=8) (actual rows=27263 loops=1)
              Group Key: v.view_date, v.viewer_id
              Filter: (1 < count(v.article_id))
              Batches: 5  Memory Usage: 4145kB  Disk Usage: 1656kB
              Rows Removed by Filter: 30784
              Buffers: shared hit=541, temp read=360 written=683
              ->  HashAggregate  (cost=2291.00..2391.00 rows=10000 width=12) (actual rows=99992 loops=1)
                    Group Key: v.article_id, v.view_date, v.viewer_id
                    Batches: 5  Memory Usage: 4145kB  Disk Usage: 1752kB
                    Buffers: shared hit=541, temp read=201 written=362
                    ->  Seq Scan on views v  (cost=0.00..1541.00 rows=100000 width=12) (actual rows=100000 loops=1)
                          Buffers: shared hit=541
Planning Time: 0.098 ms
Execution Time: 119.187 ms",117.981,2594.12,100,"Unique  (cost=2592.45..2594.12 rows=333 width=8) (actual rows=100 loops=1)
  Buffers: shared hit=541, temp read=360 written=683
  ->  Sort  (cost=2592.45..2593.28 rows=333 width=8) (actual rows=27263 loops=1)
        Sort Key: v.viewer_id
        Sort Method: quicksort  Memory: 2046kB
        Buffers: shared hit=541, temp read=360 written=683
        ->  HashAggregate  (cost=2566.00..2578.50 rows=333 width=8) (actual rows=27263 loops=1)
              Group Key: v.view_date, v.viewer_id
              Filter: (1 < count(v.article_id))
              Batches: 5  Memory Usage: 4145kB  Disk Usage: 1656kB
              Rows Removed by Filter: 30784
              Buffers: shared hit=541, temp read=360 written=683
              ->  HashAggregate  (cost=2291.00..2391.00 rows=10000 width=12) (actual rows=99992 loops=1)
                    Group Key: v.article_id, v.view_date, v.viewer_id
                    Batches: 5  Memory Usage: 4145kB  Disk Usage: 1752kB
                    Buffers: shared hit=541, temp read=201 written=362
                    ->  Seq Scan on views v  (cost=0.00..1541.00 rows=100000 width=12) (actual rows=100000 loops=1)
                          Buffers: shared hit=541
Planning Time: 0.108 ms
Execution Time: 117.981 ms",117.873,119.187,120.545,120.9716,2594.12,2594.12,100,100,100,100,1149_137,727,1149,137,Medium,"select distinct viewer_id as id from schema_1149.views as v group by view_date, viewer_id having count(distinct article_id) > 1 order by viewer_id",127.69,10979.15,100,"Unique  (cost=9845.82..10979.15 rows=3333 width=8) (actual rows=100 loops=1)
  Buffers: shared hit=541, temp read=270 written=271
  ->  GroupAggregate  (cost=9845.82..10970.82 rows=3333 width=8) (actual rows=27263 loops=1)
        Group Key: viewer_id, view_date
        Filter: (count(DISTINCT article_id) > 1)
        Rows Removed by Filter: 30784
        Buffers: shared hit=541, temp read=270 written=271
        ->  Sort  (cost=9845.82..10095.82 rows=100000 width=12) (actual rows=100000 loops=1)
              Sort Key: viewer_id, view_date
              Sort Method: external merge  Disk: 2160kB
              Buffers: shared hit=541, temp read=270 written=271
              ->  Seq Scan on views v  (cost=0.00..1541.00 rows=100000 width=12) (actual rows=100000 loops=1)
                    Buffers: shared hit=541
Planning:
  Buffers: shared hit=2
Planning Time: 0.060 ms
Execution Time: 127.690 ms",130.657,10979.15,100,"Unique  (cost=9845.82..10979.15 rows=3333 width=8) (actual rows=100 loops=1)
  Buffers: shared hit=541, temp read=270 written=271
  ->  GroupAggregate  (cost=9845.82..10970.82 rows=3333 width=8) (actual rows=27263 loops=1)
        Group Key: viewer_id, view_date
        Filter: (count(DISTINCT article_id) > 1)
        Rows Removed by Filter: 30784
        Buffers: shared hit=541, temp read=270 written=271
        ->  Sort  (cost=9845.82..10095.82 rows=100000 width=12) (actual rows=100000 loops=1)
              Sort Key: viewer_id, view_date
              Sort Method: external merge  Disk: 2160kB
              Buffers: shared hit=541, temp read=270 written=271
              ->  Seq Scan on views v  (cost=0.00..1541.00 rows=100000 width=12) (actual rows=100000 loops=1)
                    Buffers: shared hit=541
Planning:
  Buffers: shared hit=2
Planning Time: 0.082 ms
Execution Time: 130.657 ms",129.873,10979.15,100,"Unique  (cost=9845.82..10979.15 rows=3333 width=8) (actual rows=100 loops=1)
  Buffers: shared hit=541, temp read=270 written=271
  ->  GroupAggregate  (cost=9845.82..10970.82 rows=3333 width=8) (actual rows=27263 loops=1)
        Group Key: viewer_id, view_date
        Filter: (count(DISTINCT article_id) > 1)
        Rows Removed by Filter: 30784
        Buffers: shared hit=541, temp read=270 written=271
        ->  Sort  (cost=9845.82..10095.82 rows=100000 width=12) (actual rows=100000 loops=1)
              Sort Key: viewer_id, view_date
              Sort Method: external merge  Disk: 2160kB
              Buffers: shared hit=541, temp read=270 written=271
              ->  Seq Scan on views v  (cost=0.00..1541.00 rows=100000 width=12) (actual rows=100000 loops=1)
                    Buffers: shared hit=541
Planning:
  Buffers: shared hit=2
Planning Time: 0.091 ms
Execution Time: 129.873 ms",130.787,10979.15,100,"Unique  (cost=9845.82..10979.15 rows=3333 width=8) (actual rows=100 loops=1)
  Buffers: shared hit=541, temp read=270 written=271
  ->  GroupAggregate  (cost=9845.82..10970.82 rows=3333 width=8) (actual rows=27263 loops=1)
        Group Key: viewer_id, view_date
        Filter: (count(DISTINCT article_id) > 1)
        Rows Removed by Filter: 30784
        Buffers: shared hit=541, temp read=270 written=271
        ->  Sort  (cost=9845.82..10095.82 rows=100000 width=12) (actual rows=100000 loops=1)
              Sort Key: viewer_id, view_date
              Sort Method: external merge  Disk: 2160kB
              Buffers: shared hit=541, temp read=270 written=271
              ->  Seq Scan on views v  (cost=0.00..1541.00 rows=100000 width=12) (actual rows=100000 loops=1)
                    Buffers: shared hit=541
Planning:
  Buffers: shared hit=2
Planning Time: 0.087 ms
Execution Time: 130.787 ms",130.725,10979.15,100,"Unique  (cost=9845.82..10979.15 rows=3333 width=8) (actual rows=100 loops=1)
  Buffers: shared hit=541, temp read=270 written=271
  ->  GroupAggregate  (cost=9845.82..10970.82 rows=3333 width=8) (actual rows=27263 loops=1)
        Group Key: viewer_id, view_date
        Filter: (count(DISTINCT article_id) > 1)
        Rows Removed by Filter: 30784
        Buffers: shared hit=541, temp read=270 written=271
        ->  Sort  (cost=9845.82..10095.82 rows=100000 width=12) (actual rows=100000 loops=1)
              Sort Key: viewer_id, view_date
              Sort Method: external merge  Disk: 2160kB
              Buffers: shared hit=541, temp read=270 written=271
              ->  Seq Scan on views v  (cost=0.00..1541.00 rows=100000 width=12) (actual rows=100000 loops=1)
                    Buffers: shared hit=541
Planning:
  Buffers: shared hit=2
Planning Time: 0.104 ms
Execution Time: 130.725 ms",129.9464,130.657,130.756,130.8118,10979.15,10979.15,100,100,100,100,not normal,normal,1.7286268000000073,15.477130500000003,equal variances,significant,0.003968253968253968,-12.073400000000007,-11.470000000000013,-8385.029999999999,0,True
728,1149,158,Medium,"select distinct t_cte_2.c_viewer_id0 as id from (select distinct t_views_0.article_id as c_article_id0, t_views_0.viewer_id as c_viewer_id0, t_views_0.view_date as c_view_date0 from schema_1149.views as t_views_0 order by c_viewer_id0 asc) as t_cte_2 group by t_cte_2.c_viewer_id0,t_cte_2.c_view_date0 having 1 < count(t_cte_2.c_article_id0)",138.807,3283.5,100,"Unique  (cost=3281.84..3283.50 rows=333 width=8) (actual rows=100 loops=1)
  Buffers: shared hit=541, temp read=664 written=986
  ->  Sort  (cost=3281.84..3282.67 rows=333 width=8) (actual rows=27263 loops=1)
        Sort Key: t_views_0.viewer_id
        Sort Method: quicksort  Memory: 2046kB
        Buffers: shared hit=541, temp read=664 written=986
        ->  HashAggregate  (cost=3255.39..3267.89 rows=333 width=8) (actual rows=27263 loops=1)
              Group Key: t_views_0.viewer_id, t_views_0.view_date
              Filter: (1 < count(t_views_0.article_id))
              Batches: 5  Memory Usage: 4145kB  Disk Usage: 1728kB
              Rows Removed by Filter: 30784
              Buffers: shared hit=541, temp read=664 written=986
              ->  Sort  (cost=3055.39..3080.39 rows=10000 width=12) (actual rows=99992 loops=1)
                    Sort Key: t_views_0.viewer_id
                    Sort Method: external merge  Disk: 2160kB
                    Buffers: shared hit=541, temp read=470 written=632
                    ->  HashAggregate  (cost=2291.00..2391.00 rows=10000 width=12) (actual rows=99992 loops=1)
                          Group Key: t_views_0.viewer_id, t_views_0.article_id, t_views_0.view_date
                          Batches: 5  Memory Usage: 4145kB  Disk Usage: 1744kB
                          Buffers: shared hit=541, temp read=200 written=361
                          ->  Seq Scan on views t_views_0  (cost=0.00..1541.00 rows=100000 width=12) (actual rows=100000 loops=1)
                                Buffers: shared hit=541
Planning Time: 0.098 ms
Execution Time: 138.807 ms",146.812,3283.5,100,"Unique  (cost=3281.84..3283.50 rows=333 width=8) (actual rows=100 loops=1)
  Buffers: shared hit=541, temp read=664 written=986
  ->  Sort  (cost=3281.84..3282.67 rows=333 width=8) (actual rows=27263 loops=1)
        Sort Key: t_views_0.viewer_id
        Sort Method: quicksort  Memory: 2046kB
        Buffers: shared hit=541, temp read=664 written=986
        ->  HashAggregate  (cost=3255.39..3267.89 rows=333 width=8) (actual rows=27263 loops=1)
              Group Key: t_views_0.viewer_id, t_views_0.view_date
              Filter: (1 < count(t_views_0.article_id))
              Batches: 5  Memory Usage: 4145kB  Disk Usage: 1728kB
              Rows Removed by Filter: 30784
              Buffers: shared hit=541, temp read=664 written=986
              ->  Sort  (cost=3055.39..3080.39 rows=10000 width=12) (actual rows=99992 loops=1)
                    Sort Key: t_views_0.viewer_id
                    Sort Method: external merge  Disk: 2160kB
                    Buffers: shared hit=541, temp read=470 written=632
                    ->  HashAggregate  (cost=2291.00..2391.00 rows=10000 width=12) (actual rows=99992 loops=1)
                          Group Key: t_views_0.viewer_id, t_views_0.article_id, t_views_0.view_date
                          Batches: 5  Memory Usage: 4145kB  Disk Usage: 1744kB
                          Buffers: shared hit=541, temp read=200 written=361
                          ->  Seq Scan on views t_views_0  (cost=0.00..1541.00 rows=100000 width=12) (actual rows=100000 loops=1)
                                Buffers: shared hit=541
Planning Time: 0.146 ms
Execution Time: 146.812 ms",144.793,3283.5,100,"Unique  (cost=3281.84..3283.50 rows=333 width=8) (actual rows=100 loops=1)
  Buffers: shared hit=541, temp read=664 written=986
  ->  Sort  (cost=3281.84..3282.67 rows=333 width=8) (actual rows=27263 loops=1)
        Sort Key: t_views_0.viewer_id
        Sort Method: quicksort  Memory: 2046kB
        Buffers: shared hit=541, temp read=664 written=986
        ->  HashAggregate  (cost=3255.39..3267.89 rows=333 width=8) (actual rows=27263 loops=1)
              Group Key: t_views_0.viewer_id, t_views_0.view_date
              Filter: (1 < count(t_views_0.article_id))
              Batches: 5  Memory Usage: 4145kB  Disk Usage: 1728kB
              Rows Removed by Filter: 30784
              Buffers: shared hit=541, temp read=664 written=986
              ->  Sort  (cost=3055.39..3080.39 rows=10000 width=12) (actual rows=99992 loops=1)
                    Sort Key: t_views_0.viewer_id
                    Sort Method: external merge  Disk: 2160kB
                    Buffers: shared hit=541, temp read=470 written=632
                    ->  HashAggregate  (cost=2291.00..2391.00 rows=10000 width=12) (actual rows=99992 loops=1)
                          Group Key: t_views_0.viewer_id, t_views_0.article_id, t_views_0.view_date
                          Batches: 5  Memory Usage: 4145kB  Disk Usage: 1744kB
                          Buffers: shared hit=541, temp read=200 written=361
                          ->  Seq Scan on views t_views_0  (cost=0.00..1541.00 rows=100000 width=12) (actual rows=100000 loops=1)
                                Buffers: shared hit=541
Planning Time: 0.168 ms
Execution Time: 144.793 ms",148.028,3283.5,100,"Unique  (cost=3281.84..3283.50 rows=333 width=8) (actual rows=100 loops=1)
  Buffers: shared hit=541, temp read=664 written=986
  ->  Sort  (cost=3281.84..3282.67 rows=333 width=8) (actual rows=27263 loops=1)
        Sort Key: t_views_0.viewer_id
        Sort Method: quicksort  Memory: 2046kB
        Buffers: shared hit=541, temp read=664 written=986
        ->  HashAggregate  (cost=3255.39..3267.89 rows=333 width=8) (actual rows=27263 loops=1)
              Group Key: t_views_0.viewer_id, t_views_0.view_date
              Filter: (1 < count(t_views_0.article_id))
              Batches: 5  Memory Usage: 4145kB  Disk Usage: 1728kB
              Rows Removed by Filter: 30784
              Buffers: shared hit=541, temp read=664 written=986
              ->  Sort  (cost=3055.39..3080.39 rows=10000 width=12) (actual rows=99992 loops=1)
                    Sort Key: t_views_0.viewer_id
                    Sort Method: external merge  Disk: 2160kB
                    Buffers: shared hit=541, temp read=470 written=632
                    ->  HashAggregate  (cost=2291.00..2391.00 rows=10000 width=12) (actual rows=99992 loops=1)
                          Group Key: t_views_0.viewer_id, t_views_0.article_id, t_views_0.view_date
                          Batches: 5  Memory Usage: 4145kB  Disk Usage: 1744kB
                          Buffers: shared hit=541, temp read=200 written=361
                          ->  Seq Scan on views t_views_0  (cost=0.00..1541.00 rows=100000 width=12) (actual rows=100000 loops=1)
                                Buffers: shared hit=541
Planning Time: 0.102 ms
Execution Time: 148.028 ms",151.625,3283.5,100,"Unique  (cost=3281.84..3283.50 rows=333 width=8) (actual rows=100 loops=1)
  Buffers: shared hit=541, temp read=664 written=986
  ->  Sort  (cost=3281.84..3282.67 rows=333 width=8) (actual rows=27263 loops=1)
        Sort Key: t_views_0.viewer_id
        Sort Method: quicksort  Memory: 2046kB
        Buffers: shared hit=541, temp read=664 written=986
        ->  HashAggregate  (cost=3255.39..3267.89 rows=333 width=8) (actual rows=27263 loops=1)
              Group Key: t_views_0.viewer_id, t_views_0.view_date
              Filter: (1 < count(t_views_0.article_id))
              Batches: 5  Memory Usage: 4145kB  Disk Usage: 1728kB
              Rows Removed by Filter: 30784
              Buffers: shared hit=541, temp read=664 written=986
              ->  Sort  (cost=3055.39..3080.39 rows=10000 width=12) (actual rows=99992 loops=1)
                    Sort Key: t_views_0.viewer_id
                    Sort Method: external merge  Disk: 2160kB
                    Buffers: shared hit=541, temp read=470 written=632
                    ->  HashAggregate  (cost=2291.00..2391.00 rows=10000 width=12) (actual rows=99992 loops=1)
                          Group Key: t_views_0.viewer_id, t_views_0.article_id, t_views_0.view_date
                          Batches: 5  Memory Usage: 4145kB  Disk Usage: 1744kB
                          Buffers: shared hit=541, temp read=200 written=361
                          ->  Seq Scan on views t_views_0  (cost=0.00..1541.00 rows=100000 width=12) (actual rows=100000 loops=1)
                                Buffers: shared hit=541
Planning Time: 0.112 ms
Execution Time: 151.625 ms",146.013,146.812,149.8265,153.0638,3283.5,3283.5,100,100,100,100,1149_158,728,1149,158,Medium,"select distinct viewer_id as id from (select viewer_id, view_date from schema_1149.views group by viewer_id, view_date having count(distinct article_id) > 1) as t order by viewer_id",123.329,11012.48,100,"Result  (cost=9845.82..11012.48 rows=200 width=4) (actual rows=100 loops=1)
  Buffers: shared hit=541, temp read=270 written=271
  ->  Unique  (cost=9845.82..11012.48 rows=200 width=4) (actual rows=100 loops=1)
        Buffers: shared hit=541, temp read=270 written=271
        ->  GroupAggregate  (cost=9845.82..10970.82 rows=3333 width=8) (actual rows=27263 loops=1)
              Group Key: views.viewer_id, views.view_date
              Filter: (count(DISTINCT views.article_id) > 1)
              Rows Removed by Filter: 30784
              Buffers: shared hit=541, temp read=270 written=271
              ->  Sort  (cost=9845.82..10095.82 rows=100000 width=12) (actual rows=100000 loops=1)
                    Sort Key: views.viewer_id, views.view_date
                    Sort Method: external merge  Disk: 2160kB
                    Buffers: shared hit=541, temp read=270 written=271
                    ->  Seq Scan on views  (cost=0.00..1541.00 rows=100000 width=12) (actual rows=100000 loops=1)
                          Buffers: shared hit=541
Planning:
  Buffers: shared hit=2
Planning Time: 0.085 ms
Execution Time: 123.329 ms",132.891,11012.48,100,"Result  (cost=9845.82..11012.48 rows=200 width=4) (actual rows=100 loops=1)
  Buffers: shared hit=541, temp read=270 written=271
  ->  Unique  (cost=9845.82..11012.48 rows=200 width=4) (actual rows=100 loops=1)
        Buffers: shared hit=541, temp read=270 written=271
        ->  GroupAggregate  (cost=9845.82..10970.82 rows=3333 width=8) (actual rows=27263 loops=1)
              Group Key: views.viewer_id, views.view_date
              Filter: (count(DISTINCT views.article_id) > 1)
              Rows Removed by Filter: 30784
              Buffers: shared hit=541, temp read=270 written=271
              ->  Sort  (cost=9845.82..10095.82 rows=100000 width=12) (actual rows=100000 loops=1)
                    Sort Key: views.viewer_id, views.view_date
                    Sort Method: external merge  Disk: 2160kB
                    Buffers: shared hit=541, temp read=270 written=271
                    ->  Seq Scan on views  (cost=0.00..1541.00 rows=100000 width=12) (actual rows=100000 loops=1)
                          Buffers: shared hit=541
Planning:
  Buffers: shared hit=2
Planning Time: 0.124 ms
Execution Time: 132.891 ms",133.498,11012.48,100,"Result  (cost=9845.82..11012.48 rows=200 width=4) (actual rows=100 loops=1)
  Buffers: shared hit=541, temp read=270 written=271
  ->  Unique  (cost=9845.82..11012.48 rows=200 width=4) (actual rows=100 loops=1)
        Buffers: shared hit=541, temp read=270 written=271
        ->  GroupAggregate  (cost=9845.82..10970.82 rows=3333 width=8) (actual rows=27263 loops=1)
              Group Key: views.viewer_id, views.view_date
              Filter: (count(DISTINCT views.article_id) > 1)
              Rows Removed by Filter: 30784
              Buffers: shared hit=541, temp read=270 written=271
              ->  Sort  (cost=9845.82..10095.82 rows=100000 width=12) (actual rows=100000 loops=1)
                    Sort Key: views.viewer_id, views.view_date
                    Sort Method: external merge  Disk: 2160kB
                    Buffers: shared hit=541, temp read=270 written=271
                    ->  Seq Scan on views  (cost=0.00..1541.00 rows=100000 width=12) (actual rows=100000 loops=1)
                          Buffers: shared hit=541
Planning:
  Buffers: shared hit=2
Planning Time: 0.124 ms
Execution Time: 133.498 ms",133.691,11012.48,100,"Result  (cost=9845.82..11012.48 rows=200 width=4) (actual rows=100 loops=1)
  Buffers: shared hit=541, temp read=270 written=271
  ->  Unique  (cost=9845.82..11012.48 rows=200 width=4) (actual rows=100 loops=1)
        Buffers: shared hit=541, temp read=270 written=271
        ->  GroupAggregate  (cost=9845.82..10970.82 rows=3333 width=8) (actual rows=27263 loops=1)
              Group Key: views.viewer_id, views.view_date
              Filter: (count(DISTINCT views.article_id) > 1)
              Rows Removed by Filter: 30784
              Buffers: shared hit=541, temp read=270 written=271
              ->  Sort  (cost=9845.82..10095.82 rows=100000 width=12) (actual rows=100000 loops=1)
                    Sort Key: views.viewer_id, views.view_date
                    Sort Method: external merge  Disk: 2160kB
                    Buffers: shared hit=541, temp read=270 written=271
                    ->  Seq Scan on views  (cost=0.00..1541.00 rows=100000 width=12) (actual rows=100000 loops=1)
                          Buffers: shared hit=541
Planning:
  Buffers: shared hit=2
Planning Time: 0.098 ms
Execution Time: 133.691 ms",131.898,11012.48,100,"Result  (cost=9845.82..11012.48 rows=200 width=4) (actual rows=100 loops=1)
  Buffers: shared hit=541, temp read=270 written=271
  ->  Unique  (cost=9845.82..11012.48 rows=200 width=4) (actual rows=100 loops=1)
        Buffers: shared hit=541, temp read=270 written=271
        ->  GroupAggregate  (cost=9845.82..10970.82 rows=3333 width=8) (actual rows=27263 loops=1)
              Group Key: views.viewer_id, views.view_date
              Filter: (count(DISTINCT views.article_id) > 1)
              Rows Removed by Filter: 30784
              Buffers: shared hit=541, temp read=270 written=271
              ->  Sort  (cost=9845.82..10095.82 rows=100000 width=12) (actual rows=100000 loops=1)
                    Sort Key: views.viewer_id, views.view_date
                    Sort Method: external merge  Disk: 2160kB
                    Buffers: shared hit=541, temp read=270 written=271
                    ->  Seq Scan on views  (cost=0.00..1541.00 rows=100000 width=12) (actual rows=100000 loops=1)
                          Buffers: shared hit=541
Planning:
  Buffers: shared hit=2
Planning Time: 0.094 ms
Execution Time: 131.898 ms",131.0614,132.891,133.5945,133.7682,11012.48,11012.48,100,100,100,100,not normal,normal,19.172290300000007,22.402001500000036,equal variances,not significant,1.0,14.951600000000013,13.92100000000002,-7728.98,0,True
729,1149,160,Medium,"select distinct t_cte_10.c_viewer_id0 as id from (select distinct t_views_0.viewer_id as c_viewer_id0, t_views_0.article_id as c_article_id0, t_views_0.view_date as c_view_date0 from schema_1149.views as t_views_0) as t_cte_10 group by t_cte_10.c_viewer_id0,t_cte_10.c_view_date0 having 1 < count(t_cte_10.c_article_id0)",111.04,2594.12,100,"Unique  (cost=2592.45..2594.12 rows=333 width=8) (actual rows=100 loops=1)
  Buffers: shared hit=541, temp read=359 written=683
  ->  Sort  (cost=2592.45..2593.28 rows=333 width=8) (actual rows=27263 loops=1)
        Sort Key: t_views_0.viewer_id
        Sort Method: quicksort  Memory: 2046kB
        Buffers: shared hit=541, temp read=359 written=683
        ->  HashAggregate  (cost=2566.00..2578.50 rows=333 width=8) (actual rows=27263 loops=1)
              Group Key: t_views_0.viewer_id, t_views_0.view_date
              Filter: (1 < count(t_views_0.article_id))
              Batches: 5  Memory Usage: 4145kB  Disk Usage: 1656kB
              Rows Removed by Filter: 30784
              Buffers: shared hit=541, temp read=359 written=683
              ->  HashAggregate  (cost=2291.00..2391.00 rows=10000 width=12) (actual rows=99992 loops=1)
                    Group Key: t_views_0.viewer_id, t_views_0.article_id, t_views_0.view_date
                    Batches: 5  Memory Usage: 4145kB  Disk Usage: 1744kB
                    Buffers: shared hit=541, temp read=200 written=361
                    ->  Seq Scan on views t_views_0  (cost=0.00..1541.00 rows=100000 width=12) (actual rows=100000 loops=1)
                          Buffers: shared hit=541
Planning Time: 0.062 ms
Execution Time: 111.040 ms",120.25,2594.12,100,"Unique  (cost=2592.45..2594.12 rows=333 width=8) (actual rows=100 loops=1)
  Buffers: shared hit=541, temp read=359 written=683
  ->  Sort  (cost=2592.45..2593.28 rows=333 width=8) (actual rows=27263 loops=1)
        Sort Key: t_views_0.viewer_id
        Sort Method: quicksort  Memory: 2046kB
        Buffers: shared hit=541, temp read=359 written=683
        ->  HashAggregate  (cost=2566.00..2578.50 rows=333 width=8) (actual rows=27263 loops=1)
              Group Key: t_views_0.viewer_id, t_views_0.view_date
              Filter: (1 < count(t_views_0.article_id))
              Batches: 5  Memory Usage: 4145kB  Disk Usage: 1656kB
              Rows Removed by Filter: 30784
              Buffers: shared hit=541, temp read=359 written=683
              ->  HashAggregate  (cost=2291.00..2391.00 rows=10000 width=12) (actual rows=99992 loops=1)
                    Group Key: t_views_0.viewer_id, t_views_0.article_id, t_views_0.view_date
                    Batches: 5  Memory Usage: 4145kB  Disk Usage: 1744kB
                    Buffers: shared hit=541, temp read=200 written=361
                    ->  Seq Scan on views t_views_0  (cost=0.00..1541.00 rows=100000 width=12) (actual rows=100000 loops=1)
                          Buffers: shared hit=541
Planning Time: 0.096 ms
Execution Time: 120.250 ms",121.428,2594.12,100,"Unique  (cost=2592.45..2594.12 rows=333 width=8) (actual rows=100 loops=1)
  Buffers: shared hit=541, temp read=359 written=683
  ->  Sort  (cost=2592.45..2593.28 rows=333 width=8) (actual rows=27263 loops=1)
        Sort Key: t_views_0.viewer_id
        Sort Method: quicksort  Memory: 2046kB
        Buffers: shared hit=541, temp read=359 written=683
        ->  HashAggregate  (cost=2566.00..2578.50 rows=333 width=8) (actual rows=27263 loops=1)
              Group Key: t_views_0.viewer_id, t_views_0.view_date
              Filter: (1 < count(t_views_0.article_id))
              Batches: 5  Memory Usage: 4145kB  Disk Usage: 1656kB
              Rows Removed by Filter: 30784
              Buffers: shared hit=541, temp read=359 written=683
              ->  HashAggregate  (cost=2291.00..2391.00 rows=10000 width=12) (actual rows=99992 loops=1)
                    Group Key: t_views_0.viewer_id, t_views_0.article_id, t_views_0.view_date
                    Batches: 5  Memory Usage: 4145kB  Disk Usage: 1744kB
                    Buffers: shared hit=541, temp read=200 written=361
                    ->  Seq Scan on views t_views_0  (cost=0.00..1541.00 rows=100000 width=12) (actual rows=100000 loops=1)
                          Buffers: shared hit=541
Planning Time: 0.097 ms
Execution Time: 121.428 ms",118.493,2594.12,100,"Unique  (cost=2592.45..2594.12 rows=333 width=8) (actual rows=100 loops=1)
  Buffers: shared hit=541, temp read=359 written=683
  ->  Sort  (cost=2592.45..2593.28 rows=333 width=8) (actual rows=27263 loops=1)
        Sort Key: t_views_0.viewer_id
        Sort Method: quicksort  Memory: 2046kB
        Buffers: shared hit=541, temp read=359 written=683
        ->  HashAggregate  (cost=2566.00..2578.50 rows=333 width=8) (actual rows=27263 loops=1)
              Group Key: t_views_0.viewer_id, t_views_0.view_date
              Filter: (1 < count(t_views_0.article_id))
              Batches: 5  Memory Usage: 4145kB  Disk Usage: 1656kB
              Rows Removed by Filter: 30784
              Buffers: shared hit=541, temp read=359 written=683
              ->  HashAggregate  (cost=2291.00..2391.00 rows=10000 width=12) (actual rows=99992 loops=1)
                    Group Key: t_views_0.viewer_id, t_views_0.article_id, t_views_0.view_date
                    Batches: 5  Memory Usage: 4145kB  Disk Usage: 1744kB
                    Buffers: shared hit=541, temp read=200 written=361
                    ->  Seq Scan on views t_views_0  (cost=0.00..1541.00 rows=100000 width=12) (actual rows=100000 loops=1)
                          Buffers: shared hit=541
Planning Time: 0.139 ms
Execution Time: 118.493 ms",118.413,2594.12,100,"Unique  (cost=2592.45..2594.12 rows=333 width=8) (actual rows=100 loops=1)
  Buffers: shared hit=541, temp read=359 written=683
  ->  Sort  (cost=2592.45..2593.28 rows=333 width=8) (actual rows=27263 loops=1)
        Sort Key: t_views_0.viewer_id
        Sort Method: quicksort  Memory: 2046kB
        Buffers: shared hit=541, temp read=359 written=683
        ->  HashAggregate  (cost=2566.00..2578.50 rows=333 width=8) (actual rows=27263 loops=1)
              Group Key: t_views_0.viewer_id, t_views_0.view_date
              Filter: (1 < count(t_views_0.article_id))
              Batches: 5  Memory Usage: 4145kB  Disk Usage: 1656kB
              Rows Removed by Filter: 30784
              Buffers: shared hit=541, temp read=359 written=683
              ->  HashAggregate  (cost=2291.00..2391.00 rows=10000 width=12) (actual rows=99992 loops=1)
                    Group Key: t_views_0.viewer_id, t_views_0.article_id, t_views_0.view_date
                    Batches: 5  Memory Usage: 4145kB  Disk Usage: 1744kB
                    Buffers: shared hit=541, temp read=200 written=361
                    ->  Seq Scan on views t_views_0  (cost=0.00..1541.00 rows=100000 width=12) (actual rows=100000 loops=1)
                          Buffers: shared hit=541
Planning Time: 0.091 ms
Execution Time: 118.413 ms",117.9248,118.493,120.839,121.8992,2594.12,2594.12,100,100,100,100,1149_160,729,1149,160,Medium,"select distinct viewer_id as id from (select viewer_id, view_date from schema_1149.views group by 1, 2 having count(distinct article_id) > 1) as x",126.986,11012.48,100,"Unique  (cost=9845.82..11012.48 rows=200 width=4) (actual rows=100 loops=1)
  Buffers: shared hit=541, temp read=270 written=271
  ->  Subquery Scan on x  (cost=9845.82..11004.15 rows=3333 width=4) (actual rows=27263 loops=1)
        Buffers: shared hit=541, temp read=270 written=271
        ->  GroupAggregate  (cost=9845.82..10970.82 rows=3333 width=8) (actual rows=27263 loops=1)
              Group Key: views.viewer_id, views.view_date
              Filter: (count(DISTINCT views.article_id) > 1)
              Rows Removed by Filter: 30784
              Buffers: shared hit=541, temp read=270 written=271
              ->  Sort  (cost=9845.82..10095.82 rows=100000 width=12) (actual rows=100000 loops=1)
                    Sort Key: views.viewer_id, views.view_date
                    Sort Method: external merge  Disk: 2160kB
                    Buffers: shared hit=541, temp read=270 written=271
                    ->  Seq Scan on views  (cost=0.00..1541.00 rows=100000 width=12) (actual rows=100000 loops=1)
                          Buffers: shared hit=541
Planning:
  Buffers: shared hit=2
Planning Time: 0.072 ms
Execution Time: 126.986 ms",131.713,11012.48,100,"Unique  (cost=9845.82..11012.48 rows=200 width=4) (actual rows=100 loops=1)
  Buffers: shared hit=541, temp read=270 written=271
  ->  Subquery Scan on x  (cost=9845.82..11004.15 rows=3333 width=4) (actual rows=27263 loops=1)
        Buffers: shared hit=541, temp read=270 written=271
        ->  GroupAggregate  (cost=9845.82..10970.82 rows=3333 width=8) (actual rows=27263 loops=1)
              Group Key: views.viewer_id, views.view_date
              Filter: (count(DISTINCT views.article_id) > 1)
              Rows Removed by Filter: 30784
              Buffers: shared hit=541, temp read=270 written=271
              ->  Sort  (cost=9845.82..10095.82 rows=100000 width=12) (actual rows=100000 loops=1)
                    Sort Key: views.viewer_id, views.view_date
                    Sort Method: external merge  Disk: 2160kB
                    Buffers: shared hit=541, temp read=270 written=271
                    ->  Seq Scan on views  (cost=0.00..1541.00 rows=100000 width=12) (actual rows=100000 loops=1)
                          Buffers: shared hit=541
Planning:
  Buffers: shared hit=2
Planning Time: 0.118 ms
Execution Time: 131.713 ms",130.396,11012.48,100,"Unique  (cost=9845.82..11012.48 rows=200 width=4) (actual rows=100 loops=1)
  Buffers: shared hit=541, temp read=270 written=271
  ->  Subquery Scan on x  (cost=9845.82..11004.15 rows=3333 width=4) (actual rows=27263 loops=1)
        Buffers: shared hit=541, temp read=270 written=271
        ->  GroupAggregate  (cost=9845.82..10970.82 rows=3333 width=8) (actual rows=27263 loops=1)
              Group Key: views.viewer_id, views.view_date
              Filter: (count(DISTINCT views.article_id) > 1)
              Rows Removed by Filter: 30784
              Buffers: shared hit=541, temp read=270 written=271
              ->  Sort  (cost=9845.82..10095.82 rows=100000 width=12) (actual rows=100000 loops=1)
                    Sort Key: views.viewer_id, views.view_date
                    Sort Method: external merge  Disk: 2160kB
                    Buffers: shared hit=541, temp read=270 written=271
                    ->  Seq Scan on views  (cost=0.00..1541.00 rows=100000 width=12) (actual rows=100000 loops=1)
                          Buffers: shared hit=541
Planning:
  Buffers: shared hit=2
Planning Time: 0.102 ms
Execution Time: 130.396 ms",131.518,11012.48,100,"Unique  (cost=9845.82..11012.48 rows=200 width=4) (actual rows=100 loops=1)
  Buffers: shared hit=541, temp read=270 written=271
  ->  Subquery Scan on x  (cost=9845.82..11004.15 rows=3333 width=4) (actual rows=27263 loops=1)
        Buffers: shared hit=541, temp read=270 written=271
        ->  GroupAggregate  (cost=9845.82..10970.82 rows=3333 width=8) (actual rows=27263 loops=1)
              Group Key: views.viewer_id, views.view_date
              Filter: (count(DISTINCT views.article_id) > 1)
              Rows Removed by Filter: 30784
              Buffers: shared hit=541, temp read=270 written=271
              ->  Sort  (cost=9845.82..10095.82 rows=100000 width=12) (actual rows=100000 loops=1)
                    Sort Key: views.viewer_id, views.view_date
                    Sort Method: external merge  Disk: 2160kB
                    Buffers: shared hit=541, temp read=270 written=271
                    ->  Seq Scan on views  (cost=0.00..1541.00 rows=100000 width=12) (actual rows=100000 loops=1)
                          Buffers: shared hit=541
Planning:
  Buffers: shared hit=2
Planning Time: 0.101 ms
Execution Time: 131.518 ms",133.18,11012.48,100,"Unique  (cost=9845.82..11012.48 rows=200 width=4) (actual rows=100 loops=1)
  Buffers: shared hit=541, temp read=270 written=271
  ->  Subquery Scan on x  (cost=9845.82..11004.15 rows=3333 width=4) (actual rows=27263 loops=1)
        Buffers: shared hit=541, temp read=270 written=271
        ->  GroupAggregate  (cost=9845.82..10970.82 rows=3333 width=8) (actual rows=27263 loops=1)
              Group Key: views.viewer_id, views.view_date
              Filter: (count(DISTINCT views.article_id) > 1)
              Rows Removed by Filter: 30784
              Buffers: shared hit=541, temp read=270 written=271
              ->  Sort  (cost=9845.82..10095.82 rows=100000 width=12) (actual rows=100000 loops=1)
                    Sort Key: views.viewer_id, views.view_date
                    Sort Method: external merge  Disk: 2160kB
                    Buffers: shared hit=541, temp read=270 written=271
                    ->  Seq Scan on views  (cost=0.00..1541.00 rows=100000 width=12) (actual rows=100000 loops=1)
                          Buffers: shared hit=541
Planning:
  Buffers: shared hit=2
Planning Time: 0.109 ms
Execution Time: 133.180 ms",130.7586,131.518,132.4465,133.7668,11012.48,11012.48,100,100,100,100,normal,normal,5.4286838,16.41015669999997,equal variances,significant,0.003968253968253968,-12.833799999999997,-13.025000000000006,-8418.36,0,True
730,1149,161,Medium,"select distinct t_cte_22.c_viewer_id0 as id from (select distinct t_views_0.article_id as c_article_id0, t_views_0.viewer_id as c_viewer_id0, t_views_0.view_date as c_view_date0 from schema_1149.views as t_views_0) as t_cte_22 group by t_cte_22.c_view_date0,t_cte_22.c_viewer_id0 having 1 < count(t_cte_22.c_article_id0)",119.416,2594.12,100,"Unique  (cost=2592.45..2594.12 rows=333 width=8) (actual rows=100 loops=1)
  Buffers: shared hit=541, temp read=359 written=683
  ->  Sort  (cost=2592.45..2593.28 rows=333 width=8) (actual rows=27263 loops=1)
        Sort Key: t_views_0.viewer_id
        Sort Method: quicksort  Memory: 2046kB
        Buffers: shared hit=541, temp read=359 written=683
        ->  HashAggregate  (cost=2566.00..2578.50 rows=333 width=8) (actual rows=27263 loops=1)
              Group Key: t_views_0.view_date, t_views_0.viewer_id
              Filter: (1 < count(t_views_0.article_id))
              Batches: 5  Memory Usage: 4145kB  Disk Usage: 1656kB
              Rows Removed by Filter: 30784
              Buffers: shared hit=541, temp read=359 written=683
              ->  HashAggregate  (cost=2291.00..2391.00 rows=10000 width=12) (actual rows=99992 loops=1)
                    Group Key: t_views_0.article_id, t_views_0.viewer_id, t_views_0.view_date
                    Batches: 5  Memory Usage: 4145kB  Disk Usage: 1744kB
                    Buffers: shared hit=541, temp read=201 written=362
                    ->  Seq Scan on views t_views_0  (cost=0.00..1541.00 rows=100000 width=12) (actual rows=100000 loops=1)
                          Buffers: shared hit=541
Planning Time: 0.086 ms
Execution Time: 119.416 ms",128.207,2594.12,100,"Unique  (cost=2592.45..2594.12 rows=333 width=8) (actual rows=100 loops=1)
  Buffers: shared hit=541, temp read=359 written=683
  ->  Sort  (cost=2592.45..2593.28 rows=333 width=8) (actual rows=27263 loops=1)
        Sort Key: t_views_0.viewer_id
        Sort Method: quicksort  Memory: 2046kB
        Buffers: shared hit=541, temp read=359 written=683
        ->  HashAggregate  (cost=2566.00..2578.50 rows=333 width=8) (actual rows=27263 loops=1)
              Group Key: t_views_0.view_date, t_views_0.viewer_id
              Filter: (1 < count(t_views_0.article_id))
              Batches: 5  Memory Usage: 4145kB  Disk Usage: 1656kB
              Rows Removed by Filter: 30784
              Buffers: shared hit=541, temp read=359 written=683
              ->  HashAggregate  (cost=2291.00..2391.00 rows=10000 width=12) (actual rows=99992 loops=1)
                    Group Key: t_views_0.article_id, t_views_0.viewer_id, t_views_0.view_date
                    Batches: 5  Memory Usage: 4145kB  Disk Usage: 1744kB
                    Buffers: shared hit=541, temp read=201 written=362
                    ->  Seq Scan on views t_views_0  (cost=0.00..1541.00 rows=100000 width=12) (actual rows=100000 loops=1)
                          Buffers: shared hit=541
Planning Time: 0.138 ms
Execution Time: 128.207 ms",129.032,2594.12,100,"Unique  (cost=2592.45..2594.12 rows=333 width=8) (actual rows=100 loops=1)
  Buffers: shared hit=541, temp read=359 written=683
  ->  Sort  (cost=2592.45..2593.28 rows=333 width=8) (actual rows=27263 loops=1)
        Sort Key: t_views_0.viewer_id
        Sort Method: quicksort  Memory: 2046kB
        Buffers: shared hit=541, temp read=359 written=683
        ->  HashAggregate  (cost=2566.00..2578.50 rows=333 width=8) (actual rows=27263 loops=1)
              Group Key: t_views_0.view_date, t_views_0.viewer_id
              Filter: (1 < count(t_views_0.article_id))
              Batches: 5  Memory Usage: 4145kB  Disk Usage: 1656kB
              Rows Removed by Filter: 30784
              Buffers: shared hit=541, temp read=359 written=683
              ->  HashAggregate  (cost=2291.00..2391.00 rows=10000 width=12) (actual rows=99992 loops=1)
                    Group Key: t_views_0.article_id, t_views_0.viewer_id, t_views_0.view_date
                    Batches: 5  Memory Usage: 4145kB  Disk Usage: 1744kB
                    Buffers: shared hit=541, temp read=201 written=362
                    ->  Seq Scan on views t_views_0  (cost=0.00..1541.00 rows=100000 width=12) (actual rows=100000 loops=1)
                          Buffers: shared hit=541
Planning Time: 0.091 ms
Execution Time: 129.032 ms",128.619,2594.12,100,"Unique  (cost=2592.45..2594.12 rows=333 width=8) (actual rows=100 loops=1)
  Buffers: shared hit=541, temp read=359 written=683
  ->  Sort  (cost=2592.45..2593.28 rows=333 width=8) (actual rows=27263 loops=1)
        Sort Key: t_views_0.viewer_id
        Sort Method: quicksort  Memory: 2046kB
        Buffers: shared hit=541, temp read=359 written=683
        ->  HashAggregate  (cost=2566.00..2578.50 rows=333 width=8) (actual rows=27263 loops=1)
              Group Key: t_views_0.view_date, t_views_0.viewer_id
              Filter: (1 < count(t_views_0.article_id))
              Batches: 5  Memory Usage: 4145kB  Disk Usage: 1656kB
              Rows Removed by Filter: 30784
              Buffers: shared hit=541, temp read=359 written=683
              ->  HashAggregate  (cost=2291.00..2391.00 rows=10000 width=12) (actual rows=99992 loops=1)
                    Group Key: t_views_0.article_id, t_views_0.viewer_id, t_views_0.view_date
                    Batches: 5  Memory Usage: 4145kB  Disk Usage: 1744kB
                    Buffers: shared hit=541, temp read=201 written=362
                    ->  Seq Scan on views t_views_0  (cost=0.00..1541.00 rows=100000 width=12) (actual rows=100000 loops=1)
                          Buffers: shared hit=541
Planning Time: 0.121 ms
Execution Time: 128.619 ms",127.276,2594.12,100,"Unique  (cost=2592.45..2594.12 rows=333 width=8) (actual rows=100 loops=1)
  Buffers: shared hit=541, temp read=359 written=683
  ->  Sort  (cost=2592.45..2593.28 rows=333 width=8) (actual rows=27263 loops=1)
        Sort Key: t_views_0.viewer_id
        Sort Method: quicksort  Memory: 2046kB
        Buffers: shared hit=541, temp read=359 written=683
        ->  HashAggregate  (cost=2566.00..2578.50 rows=333 width=8) (actual rows=27263 loops=1)
              Group Key: t_views_0.view_date, t_views_0.viewer_id
              Filter: (1 < count(t_views_0.article_id))
              Batches: 5  Memory Usage: 4145kB  Disk Usage: 1656kB
              Rows Removed by Filter: 30784
              Buffers: shared hit=541, temp read=359 written=683
              ->  HashAggregate  (cost=2291.00..2391.00 rows=10000 width=12) (actual rows=99992 loops=1)
                    Group Key: t_views_0.article_id, t_views_0.viewer_id, t_views_0.view_date
                    Batches: 5  Memory Usage: 4145kB  Disk Usage: 1744kB
                    Buffers: shared hit=541, temp read=201 written=362
                    ->  Seq Scan on views t_views_0  (cost=0.00..1541.00 rows=100000 width=12) (actual rows=100000 loops=1)
                          Buffers: shared hit=541
Planning Time: 0.141 ms
Execution Time: 127.276 ms",126.51,128.207,128.8255,129.1972,2594.12,2594.12,100,100,100,100,1149_161,730,1149,161,Medium,"select distinct viewer_id as id from (select view_date, viewer_id, count(distinct article_id) as articles from schema_1149.views group by view_date, viewer_id) as t where articles > 1 order by viewer_id",120.818,11022.63,100,"Sort  (cost=11022.13..11022.63 rows=200 width=4) (actual rows=100 loops=1)
  Sort Key: views.viewer_id
  Sort Method: quicksort  Memory: 29kB
  Buffers: shared hit=541, temp read=270 written=271
  ->  HashAggregate  (cost=11012.48..11014.48 rows=200 width=4) (actual rows=100 loops=1)
        Group Key: views.viewer_id
        Batches: 1  Memory Usage: 40kB
        Buffers: shared hit=541, temp read=270 written=271
        ->  GroupAggregate  (cost=9845.82..10970.82 rows=3333 width=16) (actual rows=27263 loops=1)
              Group Key: views.view_date, views.viewer_id
              Filter: (count(DISTINCT views.article_id) > 1)
              Rows Removed by Filter: 30784
              Buffers: shared hit=541, temp read=270 written=271
              ->  Sort  (cost=9845.82..10095.82 rows=100000 width=12) (actual rows=100000 loops=1)
                    Sort Key: views.view_date, views.viewer_id
                    Sort Method: external merge  Disk: 2160kB
                    Buffers: shared hit=541, temp read=270 written=271
                    ->  Seq Scan on views  (cost=0.00..1541.00 rows=100000 width=12) (actual rows=100000 loops=1)
                          Buffers: shared hit=541
Planning:
  Buffers: shared hit=2
Planning Time: 0.076 ms
Execution Time: 120.818 ms",127.609,11022.63,100,"Sort  (cost=11022.13..11022.63 rows=200 width=4) (actual rows=100 loops=1)
  Sort Key: views.viewer_id
  Sort Method: quicksort  Memory: 29kB
  Buffers: shared hit=541, temp read=270 written=271
  ->  HashAggregate  (cost=11012.48..11014.48 rows=200 width=4) (actual rows=100 loops=1)
        Group Key: views.viewer_id
        Batches: 1  Memory Usage: 40kB
        Buffers: shared hit=541, temp read=270 written=271
        ->  GroupAggregate  (cost=9845.82..10970.82 rows=3333 width=16) (actual rows=27263 loops=1)
              Group Key: views.view_date, views.viewer_id
              Filter: (count(DISTINCT views.article_id) > 1)
              Rows Removed by Filter: 30784
              Buffers: shared hit=541, temp read=270 written=271
              ->  Sort  (cost=9845.82..10095.82 rows=100000 width=12) (actual rows=100000 loops=1)
                    Sort Key: views.view_date, views.viewer_id
                    Sort Method: external merge  Disk: 2160kB
                    Buffers: shared hit=541, temp read=270 written=271
                    ->  Seq Scan on views  (cost=0.00..1541.00 rows=100000 width=12) (actual rows=100000 loops=1)
                          Buffers: shared hit=541
Planning:
  Buffers: shared hit=2
Planning Time: 0.115 ms
Execution Time: 127.609 ms",129.285,11022.63,100,"Sort  (cost=11022.13..11022.63 rows=200 width=4) (actual rows=100 loops=1)
  Sort Key: views.viewer_id
  Sort Method: quicksort  Memory: 29kB
  Buffers: shared hit=541, temp read=270 written=271
  ->  HashAggregate  (cost=11012.48..11014.48 rows=200 width=4) (actual rows=100 loops=1)
        Group Key: views.viewer_id
        Batches: 1  Memory Usage: 40kB
        Buffers: shared hit=541, temp read=270 written=271
        ->  GroupAggregate  (cost=9845.82..10970.82 rows=3333 width=16) (actual rows=27263 loops=1)
              Group Key: views.view_date, views.viewer_id
              Filter: (count(DISTINCT views.article_id) > 1)
              Rows Removed by Filter: 30784
              Buffers: shared hit=541, temp read=270 written=271
              ->  Sort  (cost=9845.82..10095.82 rows=100000 width=12) (actual rows=100000 loops=1)
                    Sort Key: views.view_date, views.viewer_id
                    Sort Method: external merge  Disk: 2160kB
                    Buffers: shared hit=541, temp read=270 written=271
                    ->  Seq Scan on views  (cost=0.00..1541.00 rows=100000 width=12) (actual rows=100000 loops=1)
                          Buffers: shared hit=541
Planning:
  Buffers: shared hit=2
Planning Time: 0.119 ms
Execution Time: 129.285 ms",128.318,11022.63,100,"Sort  (cost=11022.13..11022.63 rows=200 width=4) (actual rows=100 loops=1)
  Sort Key: views.viewer_id
  Sort Method: quicksort  Memory: 29kB
  Buffers: shared hit=541, temp read=270 written=271
  ->  HashAggregate  (cost=11012.48..11014.48 rows=200 width=4) (actual rows=100 loops=1)
        Group Key: views.viewer_id
        Batches: 1  Memory Usage: 40kB
        Buffers: shared hit=541, temp read=270 written=271
        ->  GroupAggregate  (cost=9845.82..10970.82 rows=3333 width=16) (actual rows=27263 loops=1)
              Group Key: views.view_date, views.viewer_id
              Filter: (count(DISTINCT views.article_id) > 1)
              Rows Removed by Filter: 30784
              Buffers: shared hit=541, temp read=270 written=271
              ->  Sort  (cost=9845.82..10095.82 rows=100000 width=12) (actual rows=100000 loops=1)
                    Sort Key: views.view_date, views.viewer_id
                    Sort Method: external merge  Disk: 2160kB
                    Buffers: shared hit=541, temp read=270 written=271
                    ->  Seq Scan on views  (cost=0.00..1541.00 rows=100000 width=12) (actual rows=100000 loops=1)
                          Buffers: shared hit=541
Planning:
  Buffers: shared hit=2
Planning Time: 0.144 ms
Execution Time: 128.318 ms",130.776,11022.63,100,"Sort  (cost=11022.13..11022.63 rows=200 width=4) (actual rows=100 loops=1)
  Sort Key: views.viewer_id
  Sort Method: quicksort  Memory: 29kB
  Buffers: shared hit=541, temp read=270 written=271
  ->  HashAggregate  (cost=11012.48..11014.48 rows=200 width=4) (actual rows=100 loops=1)
        Group Key: views.viewer_id
        Batches: 1  Memory Usage: 40kB
        Buffers: shared hit=541, temp read=270 written=271
        ->  GroupAggregate  (cost=9845.82..10970.82 rows=3333 width=16) (actual rows=27263 loops=1)
              Group Key: views.view_date, views.viewer_id
              Filter: (count(DISTINCT views.article_id) > 1)
              Rows Removed by Filter: 30784
              Buffers: shared hit=541, temp read=270 written=271
              ->  Sort  (cost=9845.82..10095.82 rows=100000 width=12) (actual rows=100000 loops=1)
                    Sort Key: views.view_date, views.viewer_id
                    Sort Method: external merge  Disk: 2160kB
                    Buffers: shared hit=541, temp read=270 written=271
                    ->  Seq Scan on views  (cost=0.00..1541.00 rows=100000 width=12) (actual rows=100000 loops=1)
                          Buffers: shared hit=541
Planning:
  Buffers: shared hit=2
Planning Time: 0.123 ms
Execution Time: 130.776 ms",127.3612,128.318,130.0305,131.3724,11022.63,11022.63,100,100,100,100,normal,not normal,14.788050700000026,16.14994150000002,equal variances,not significant,0.27380952380952384,-0.8511999999999915,-0.11100000000001842,-8428.509999999998,0,True
731,1149,167,Medium,"select distinct t_cte_8.c_viewer_id0 as id from (select distinct v.article_id as c_article_id0, v.viewer_id as c_viewer_id0, v.view_date as c_view_date0 from schema_1149.views as v) as t_cte_8 group by t_cte_8.c_view_date0,t_cte_8.c_viewer_id0 having 1 < count(t_cte_8.c_article_id0)",110.164,2594.12,100,"Unique  (cost=2592.45..2594.12 rows=333 width=8) (actual rows=100 loops=1)
  Buffers: shared hit=541, temp read=359 written=683
  ->  Sort  (cost=2592.45..2593.28 rows=333 width=8) (actual rows=27263 loops=1)
        Sort Key: v.viewer_id
        Sort Method: quicksort  Memory: 2046kB
        Buffers: shared hit=541, temp read=359 written=683
        ->  HashAggregate  (cost=2566.00..2578.50 rows=333 width=8) (actual rows=27263 loops=1)
              Group Key: v.view_date, v.viewer_id
              Filter: (1 < count(v.article_id))
              Batches: 5  Memory Usage: 4145kB  Disk Usage: 1656kB
              Rows Removed by Filter: 30784
              Buffers: shared hit=541, temp read=359 written=683
              ->  HashAggregate  (cost=2291.00..2391.00 rows=10000 width=12) (actual rows=99992 loops=1)
                    Group Key: v.article_id, v.viewer_id, v.view_date
                    Batches: 5  Memory Usage: 4145kB  Disk Usage: 1744kB
                    Buffers: shared hit=541, temp read=201 written=362
                    ->  Seq Scan on views v  (cost=0.00..1541.00 rows=100000 width=12) (actual rows=100000 loops=1)
                          Buffers: shared hit=541
Planning Time: 0.075 ms
Execution Time: 110.164 ms",120.271,2594.12,100,"Unique  (cost=2592.45..2594.12 rows=333 width=8) (actual rows=100 loops=1)
  Buffers: shared hit=541, temp read=359 written=683
  ->  Sort  (cost=2592.45..2593.28 rows=333 width=8) (actual rows=27263 loops=1)
        Sort Key: v.viewer_id
        Sort Method: quicksort  Memory: 2046kB
        Buffers: shared hit=541, temp read=359 written=683
        ->  HashAggregate  (cost=2566.00..2578.50 rows=333 width=8) (actual rows=27263 loops=1)
              Group Key: v.view_date, v.viewer_id
              Filter: (1 < count(v.article_id))
              Batches: 5  Memory Usage: 4145kB  Disk Usage: 1656kB
              Rows Removed by Filter: 30784
              Buffers: shared hit=541, temp read=359 written=683
              ->  HashAggregate  (cost=2291.00..2391.00 rows=10000 width=12) (actual rows=99992 loops=1)
                    Group Key: v.article_id, v.viewer_id, v.view_date
                    Batches: 5  Memory Usage: 4145kB  Disk Usage: 1744kB
                    Buffers: shared hit=541, temp read=201 written=362
                    ->  Seq Scan on views v  (cost=0.00..1541.00 rows=100000 width=12) (actual rows=100000 loops=1)
                          Buffers: shared hit=541
Planning Time: 0.093 ms
Execution Time: 120.271 ms",118.069,2594.12,100,"Unique  (cost=2592.45..2594.12 rows=333 width=8) (actual rows=100 loops=1)
  Buffers: shared hit=541, temp read=359 written=683
  ->  Sort  (cost=2592.45..2593.28 rows=333 width=8) (actual rows=27263 loops=1)
        Sort Key: v.viewer_id
        Sort Method: quicksort  Memory: 2046kB
        Buffers: shared hit=541, temp read=359 written=683
        ->  HashAggregate  (cost=2566.00..2578.50 rows=333 width=8) (actual rows=27263 loops=1)
              Group Key: v.view_date, v.viewer_id
              Filter: (1 < count(v.article_id))
              Batches: 5  Memory Usage: 4145kB  Disk Usage: 1656kB
              Rows Removed by Filter: 30784
              Buffers: shared hit=541, temp read=359 written=683
              ->  HashAggregate  (cost=2291.00..2391.00 rows=10000 width=12) (actual rows=99992 loops=1)
                    Group Key: v.article_id, v.viewer_id, v.view_date
                    Batches: 5  Memory Usage: 4145kB  Disk Usage: 1744kB
                    Buffers: shared hit=541, temp read=201 written=362
                    ->  Seq Scan on views v  (cost=0.00..1541.00 rows=100000 width=12) (actual rows=100000 loops=1)
                          Buffers: shared hit=541
Planning Time: 0.109 ms
Execution Time: 118.069 ms",117.15,2594.12,100,"Unique  (cost=2592.45..2594.12 rows=333 width=8) (actual rows=100 loops=1)
  Buffers: shared hit=541, temp read=359 written=683
  ->  Sort  (cost=2592.45..2593.28 rows=333 width=8) (actual rows=27263 loops=1)
        Sort Key: v.viewer_id
        Sort Method: quicksort  Memory: 2046kB
        Buffers: shared hit=541, temp read=359 written=683
        ->  HashAggregate  (cost=2566.00..2578.50 rows=333 width=8) (actual rows=27263 loops=1)
              Group Key: v.view_date, v.viewer_id
              Filter: (1 < count(v.article_id))
              Batches: 5  Memory Usage: 4145kB  Disk Usage: 1656kB
              Rows Removed by Filter: 30784
              Buffers: shared hit=541, temp read=359 written=683
              ->  HashAggregate  (cost=2291.00..2391.00 rows=10000 width=12) (actual rows=99992 loops=1)
                    Group Key: v.article_id, v.viewer_id, v.view_date
                    Batches: 5  Memory Usage: 4145kB  Disk Usage: 1744kB
                    Buffers: shared hit=541, temp read=201 written=362
                    ->  Seq Scan on views v  (cost=0.00..1541.00 rows=100000 width=12) (actual rows=100000 loops=1)
                          Buffers: shared hit=541
Planning Time: 0.144 ms
Execution Time: 117.150 ms",117.686,2594.12,100,"Unique  (cost=2592.45..2594.12 rows=333 width=8) (actual rows=100 loops=1)
  Buffers: shared hit=541, temp read=359 written=683
  ->  Sort  (cost=2592.45..2593.28 rows=333 width=8) (actual rows=27263 loops=1)
        Sort Key: v.viewer_id
        Sort Method: quicksort  Memory: 2046kB
        Buffers: shared hit=541, temp read=359 written=683
        ->  HashAggregate  (cost=2566.00..2578.50 rows=333 width=8) (actual rows=27263 loops=1)
              Group Key: v.view_date, v.viewer_id
              Filter: (1 < count(v.article_id))
              Batches: 5  Memory Usage: 4145kB  Disk Usage: 1656kB
              Rows Removed by Filter: 30784
              Buffers: shared hit=541, temp read=359 written=683
              ->  HashAggregate  (cost=2291.00..2391.00 rows=10000 width=12) (actual rows=99992 loops=1)
                    Group Key: v.article_id, v.viewer_id, v.view_date
                    Batches: 5  Memory Usage: 4145kB  Disk Usage: 1744kB
                    Buffers: shared hit=541, temp read=201 written=362
                    ->  Seq Scan on views v  (cost=0.00..1541.00 rows=100000 width=12) (actual rows=100000 loops=1)
                          Buffers: shared hit=541
Planning Time: 0.083 ms
Execution Time: 117.686 ms",116.668,117.686,119.17,121.1518,2594.12,2594.12,100,100,100,100,1149_167,731,1149,167,Medium,"select distinct v.viewer_id as id from schema_1149.views as v group by viewer_id, view_date having count(distinct article_id) > 1",127.825,10979.15,100,"Unique  (cost=9845.82..10979.15 rows=3333 width=8) (actual rows=100 loops=1)
  Buffers: shared hit=541, temp read=270 written=271
  ->  GroupAggregate  (cost=9845.82..10970.82 rows=3333 width=8) (actual rows=27263 loops=1)
        Group Key: viewer_id, view_date
        Filter: (count(DISTINCT article_id) > 1)
        Rows Removed by Filter: 30784
        Buffers: shared hit=541, temp read=270 written=271
        ->  Sort  (cost=9845.82..10095.82 rows=100000 width=12) (actual rows=100000 loops=1)
              Sort Key: viewer_id, view_date
              Sort Method: external merge  Disk: 2160kB
              Buffers: shared hit=541, temp read=270 written=271
              ->  Seq Scan on views v  (cost=0.00..1541.00 rows=100000 width=12) (actual rows=100000 loops=1)
                    Buffers: shared hit=541
Planning:
  Buffers: shared hit=2
Planning Time: 0.060 ms
Execution Time: 127.825 ms",132.071,10979.15,100,"Unique  (cost=9845.82..10979.15 rows=3333 width=8) (actual rows=100 loops=1)
  Buffers: shared hit=541, temp read=270 written=271
  ->  GroupAggregate  (cost=9845.82..10970.82 rows=3333 width=8) (actual rows=27263 loops=1)
        Group Key: viewer_id, view_date
        Filter: (count(DISTINCT article_id) > 1)
        Rows Removed by Filter: 30784
        Buffers: shared hit=541, temp read=270 written=271
        ->  Sort  (cost=9845.82..10095.82 rows=100000 width=12) (actual rows=100000 loops=1)
              Sort Key: viewer_id, view_date
              Sort Method: external merge  Disk: 2160kB
              Buffers: shared hit=541, temp read=270 written=271
              ->  Seq Scan on views v  (cost=0.00..1541.00 rows=100000 width=12) (actual rows=100000 loops=1)
                    Buffers: shared hit=541
Planning:
  Buffers: shared hit=2
Planning Time: 0.137 ms
Execution Time: 132.071 ms",134.699,10979.15,100,"Unique  (cost=9845.82..10979.15 rows=3333 width=8) (actual rows=100 loops=1)
  Buffers: shared hit=541, temp read=270 written=271
  ->  GroupAggregate  (cost=9845.82..10970.82 rows=3333 width=8) (actual rows=27263 loops=1)
        Group Key: viewer_id, view_date
        Filter: (count(DISTINCT article_id) > 1)
        Rows Removed by Filter: 30784
        Buffers: shared hit=541, temp read=270 written=271
        ->  Sort  (cost=9845.82..10095.82 rows=100000 width=12) (actual rows=100000 loops=1)
              Sort Key: viewer_id, view_date
              Sort Method: external merge  Disk: 2160kB
              Buffers: shared hit=541, temp read=270 written=271
              ->  Seq Scan on views v  (cost=0.00..1541.00 rows=100000 width=12) (actual rows=100000 loops=1)
                    Buffers: shared hit=541
Planning:
  Buffers: shared hit=2
Planning Time: 0.079 ms
Execution Time: 134.699 ms",134.811,10979.15,100,"Unique  (cost=9845.82..10979.15 rows=3333 width=8) (actual rows=100 loops=1)
  Buffers: shared hit=541, temp read=270 written=271
  ->  GroupAggregate  (cost=9845.82..10970.82 rows=3333 width=8) (actual rows=27263 loops=1)
        Group Key: viewer_id, view_date
        Filter: (count(DISTINCT article_id) > 1)
        Rows Removed by Filter: 30784
        Buffers: shared hit=541, temp read=270 written=271
        ->  Sort  (cost=9845.82..10095.82 rows=100000 width=12) (actual rows=100000 loops=1)
              Sort Key: viewer_id, view_date
              Sort Method: external merge  Disk: 2160kB
              Buffers: shared hit=541, temp read=270 written=271
              ->  Seq Scan on views v  (cost=0.00..1541.00 rows=100000 width=12) (actual rows=100000 loops=1)
                    Buffers: shared hit=541
Planning:
  Buffers: shared hit=2
Planning Time: 0.114 ms
Execution Time: 134.811 ms",147.298,10979.15,100,"Unique  (cost=9845.82..10979.15 rows=3333 width=8) (actual rows=100 loops=1)
  Buffers: shared hit=541, temp read=270 written=271
  ->  GroupAggregate  (cost=9845.82..10970.82 rows=3333 width=8) (actual rows=27263 loops=1)
        Group Key: viewer_id, view_date
        Filter: (count(DISTINCT article_id) > 1)
        Rows Removed by Filter: 30784
        Buffers: shared hit=541, temp read=270 written=271
        ->  Sort  (cost=9845.82..10095.82 rows=100000 width=12) (actual rows=100000 loops=1)
              Sort Key: viewer_id, view_date
              Sort Method: external merge  Disk: 2160kB
              Buffers: shared hit=541, temp read=270 written=271
              ->  Seq Scan on views v  (cost=0.00..1541.00 rows=100000 width=12) (actual rows=100000 loops=1)
                    Buffers: shared hit=541
Planning:
  Buffers: shared hit=2
Planning Time: 0.090 ms
Execution Time: 147.298 ms",135.3408,134.699,141.0545,152.2928,10979.15,10979.15,100,100,100,100,normal,normal,52.7115172,14.628768500000005,equal variances,significant,0.003968253968253968,-18.672799999999995,-17.013000000000005,-8385.029999999999,0,True
739,1303,14,Easy,"select e2.employee_id as employee_id, count(e2.employee_id) as team_size from schema_1303.employee as e2 left join (select e1.team_id as c_team_id0 from schema_1303.employee as e1 group by e1.employee_id,e1.team_id) as t_cte_7 on t_cte_7.c_team_id0 = e2.team_id group by e2.employee_id,e2.team_id",3968.384,770057.29,100000,"HashAggregate  (cost=690932.29..770057.29 rows=100000 width=16) (actual rows=100000 loops=1)
  Group Key: e2.employee_id
  Planned Partitions: 4  Batches: 5  Memory Usage: 4145kB  Disk Usage: 196544kB
  Buffers: shared hit=1161, temp read=24661 written=43058
  ->  Hash Right Join  (cost=3084.29..128432.29 rows=10000000 width=8) (actual rows=10095422 loops=1)
        Hash Cond: (t_cte_7.c_team_id0 = e2.team_id)
        Buffers: shared hit=1161, temp read=320 written=320
        ->  Subquery Scan on t_cte_7  (cost=0.29..4300.29 rows=100000 width=4) (actual rows=100000 loops=1)
              Buffers: shared hit=718
              ->  Group  (cost=0.29..3300.29 rows=100000 width=8) (actual rows=100000 loops=1)
                    Group Key: e1.employee_id
                    Buffers: shared hit=718
                    ->  Index Scan using employee_pkey on employee e1  (cost=0.29..3050.29 rows=100000 width=8) (actual rows=100000 loops=1)
                          Buffers: shared hit=718
        ->  Hash  (cost=1443.00..1443.00 rows=100000 width=8) (actual rows=100000 loops=1)
              Buckets: 131072  Batches: 2  Memory Usage: 2966kB
              Buffers: shared hit=443, temp written=171
              ->  Seq Scan on employee e2  (cost=0.00..1443.00 rows=100000 width=8) (actual rows=100000 loops=1)
                    Buffers: shared hit=443
Planning:
  Buffers: shared hit=6
Planning Time: 0.126 ms
JIT:
  Functions: 18
  Options: Inlining true, Optimization true, Expressions true, Deforming true
Execution Time: 3968.384 ms",4354.345,770057.29,100000,"HashAggregate  (cost=690932.29..770057.29 rows=100000 width=16) (actual rows=100000 loops=1)
  Group Key: e2.employee_id
  Planned Partitions: 4  Batches: 5  Memory Usage: 4145kB  Disk Usage: 196544kB
  Buffers: shared hit=1161, temp read=24661 written=43058
  ->  Hash Right Join  (cost=3084.29..128432.29 rows=10000000 width=8) (actual rows=10095422 loops=1)
        Hash Cond: (t_cte_7.c_team_id0 = e2.team_id)
        Buffers: shared hit=1161, temp read=320 written=320
        ->  Subquery Scan on t_cte_7  (cost=0.29..4300.29 rows=100000 width=4) (actual rows=100000 loops=1)
              Buffers: shared hit=718
              ->  Group  (cost=0.29..3300.29 rows=100000 width=8) (actual rows=100000 loops=1)
                    Group Key: e1.employee_id
                    Buffers: shared hit=718
                    ->  Index Scan using employee_pkey on employee e1  (cost=0.29..3050.29 rows=100000 width=8) (actual rows=100000 loops=1)
                          Buffers: shared hit=718
        ->  Hash  (cost=1443.00..1443.00 rows=100000 width=8) (actual rows=100000 loops=1)
              Buckets: 131072  Batches: 2  Memory Usage: 2966kB
              Buffers: shared hit=443, temp written=171
              ->  Seq Scan on employee e2  (cost=0.00..1443.00 rows=100000 width=8) (actual rows=100000 loops=1)
                    Buffers: shared hit=443
Planning:
  Buffers: shared hit=6
Planning Time: 0.175 ms
JIT:
  Functions: 18
  Options: Inlining true, Optimization true, Expressions true, Deforming true
Execution Time: 4354.345 ms",3988.854,770057.29,100000,"HashAggregate  (cost=690932.29..770057.29 rows=100000 width=16) (actual rows=100000 loops=1)
  Group Key: e2.employee_id
  Planned Partitions: 4  Batches: 5  Memory Usage: 4145kB  Disk Usage: 196544kB
  Buffers: shared hit=1161, temp read=24661 written=43058
  ->  Hash Right Join  (cost=3084.29..128432.29 rows=10000000 width=8) (actual rows=10095422 loops=1)
        Hash Cond: (t_cte_7.c_team_id0 = e2.team_id)
        Buffers: shared hit=1161, temp read=320 written=320
        ->  Subquery Scan on t_cte_7  (cost=0.29..4300.29 rows=100000 width=4) (actual rows=100000 loops=1)
              Buffers: shared hit=718
              ->  Group  (cost=0.29..3300.29 rows=100000 width=8) (actual rows=100000 loops=1)
                    Group Key: e1.employee_id
                    Buffers: shared hit=718
                    ->  Index Scan using employee_pkey on employee e1  (cost=0.29..3050.29 rows=100000 width=8) (actual rows=100000 loops=1)
                          Buffers: shared hit=718
        ->  Hash  (cost=1443.00..1443.00 rows=100000 width=8) (actual rows=100000 loops=1)
              Buckets: 131072  Batches: 2  Memory Usage: 2966kB
              Buffers: shared hit=443, temp written=171
              ->  Seq Scan on employee e2  (cost=0.00..1443.00 rows=100000 width=8) (actual rows=100000 loops=1)
                    Buffers: shared hit=443
Planning:
  Buffers: shared hit=6
Planning Time: 0.186 ms
JIT:
  Functions: 18
  Options: Inlining true, Optimization true, Expressions true, Deforming true
Execution Time: 3988.854 ms",4004.831,770057.29,100000,"HashAggregate  (cost=690932.29..770057.29 rows=100000 width=16) (actual rows=100000 loops=1)
  Group Key: e2.employee_id
  Planned Partitions: 4  Batches: 5  Memory Usage: 4145kB  Disk Usage: 196544kB
  Buffers: shared hit=1161, temp read=24661 written=43058
  ->  Hash Right Join  (cost=3084.29..128432.29 rows=10000000 width=8) (actual rows=10095422 loops=1)
        Hash Cond: (t_cte_7.c_team_id0 = e2.team_id)
        Buffers: shared hit=1161, temp read=320 written=320
        ->  Subquery Scan on t_cte_7  (cost=0.29..4300.29 rows=100000 width=4) (actual rows=100000 loops=1)
              Buffers: shared hit=718
              ->  Group  (cost=0.29..3300.29 rows=100000 width=8) (actual rows=100000 loops=1)
                    Group Key: e1.employee_id
                    Buffers: shared hit=718
                    ->  Index Scan using employee_pkey on employee e1  (cost=0.29..3050.29 rows=100000 width=8) (actual rows=100000 loops=1)
                          Buffers: shared hit=718
        ->  Hash  (cost=1443.00..1443.00 rows=100000 width=8) (actual rows=100000 loops=1)
              Buckets: 131072  Batches: 2  Memory Usage: 2966kB
              Buffers: shared hit=443, temp written=171
              ->  Seq Scan on employee e2  (cost=0.00..1443.00 rows=100000 width=8) (actual rows=100000 loops=1)
                    Buffers: shared hit=443
Planning:
  Buffers: shared hit=6
Planning Time: 0.126 ms
JIT:
  Functions: 18
  Options: Inlining true, Optimization true, Expressions true, Deforming true
Execution Time: 4004.831 ms",3986.567,770057.29,100000,"HashAggregate  (cost=690932.29..770057.29 rows=100000 width=16) (actual rows=100000 loops=1)
  Group Key: e2.employee_id
  Planned Partitions: 4  Batches: 5  Memory Usage: 4145kB  Disk Usage: 196544kB
  Buffers: shared hit=1161, temp read=24661 written=43058
  ->  Hash Right Join  (cost=3084.29..128432.29 rows=10000000 width=8) (actual rows=10095422 loops=1)
        Hash Cond: (t_cte_7.c_team_id0 = e2.team_id)
        Buffers: shared hit=1161, temp read=320 written=320
        ->  Subquery Scan on t_cte_7  (cost=0.29..4300.29 rows=100000 width=4) (actual rows=100000 loops=1)
              Buffers: shared hit=718
              ->  Group  (cost=0.29..3300.29 rows=100000 width=8) (actual rows=100000 loops=1)
                    Group Key: e1.employee_id
                    Buffers: shared hit=718
                    ->  Index Scan using employee_pkey on employee e1  (cost=0.29..3050.29 rows=100000 width=8) (actual rows=100000 loops=1)
                          Buffers: shared hit=718
        ->  Hash  (cost=1443.00..1443.00 rows=100000 width=8) (actual rows=100000 loops=1)
              Buckets: 131072  Batches: 2  Memory Usage: 2966kB
              Buffers: shared hit=443, temp written=171
              ->  Seq Scan on employee e2  (cost=0.00..1443.00 rows=100000 width=8) (actual rows=100000 loops=1)
                    Buffers: shared hit=443
Planning:
  Buffers: shared hit=6
Planning Time: 0.200 ms
JIT:
  Functions: 18
  Options: Inlining true, Optimization true, Expressions true, Deforming true
Execution Time: 3986.567 ms",4060.5962,3988.854,4179.588,4494.1506,770057.29,770057.29,100000,100000,100000,100000,1303_14,739,1303,14,Easy,"select e1.employee_id, count(e2.employee_id) as team_size from schema_1303.employee as e1 left outer join schema_1303.employee as e2 on e1.team_id = e2.team_id group by e1.employee_id, e2.team_id",3897.759,1683866.79,100000,"HashAggregate  (cost=1387351.04..1683866.79 rows=10040745 width=16) (actual rows=100000 loops=1)
  Group Key: e1.employee_id, e2.team_id
  Planned Partitions: 128  Batches: 129  Memory Usage: 4113kB  Disk Usage: 256024kB
  Buffers: shared hit=886, temp read=29539 written=61153
  ->  Hash Left Join  (cost=3084.00..125982.45 rows=10040745 width=12) (actual rows=10095422 loops=1)
        Hash Cond: (e1.team_id = e2.team_id)
        Buffers: shared hit=886, temp read=338 written=338
        ->  Seq Scan on employee e1  (cost=0.00..1443.00 rows=100000 width=8) (actual rows=100000 loops=1)
              Buffers: shared hit=443
        ->  Hash  (cost=1443.00..1443.00 rows=100000 width=8) (actual rows=100000 loops=1)
              Buckets: 131072  Batches: 2  Memory Usage: 3008kB
              Buffers: shared hit=443, temp written=168
              ->  Seq Scan on employee e2  (cost=0.00..1443.00 rows=100000 width=8) (actual rows=100000 loops=1)
                    Buffers: shared hit=443
Planning Time: 0.098 ms
JIT:
  Functions: 17
  Options: Inlining true, Optimization true, Expressions true, Deforming true
Execution Time: 3897.759 ms",3928.991,1683866.79,100000,"HashAggregate  (cost=1387351.04..1683866.79 rows=10040745 width=16) (actual rows=100000 loops=1)
  Group Key: e1.employee_id, e2.team_id
  Planned Partitions: 128  Batches: 129  Memory Usage: 4113kB  Disk Usage: 256024kB
  Buffers: shared hit=886, temp read=29539 written=61153
  ->  Hash Left Join  (cost=3084.00..125982.45 rows=10040745 width=12) (actual rows=10095422 loops=1)
        Hash Cond: (e1.team_id = e2.team_id)
        Buffers: shared hit=886, temp read=338 written=338
        ->  Seq Scan on employee e1  (cost=0.00..1443.00 rows=100000 width=8) (actual rows=100000 loops=1)
              Buffers: shared hit=443
        ->  Hash  (cost=1443.00..1443.00 rows=100000 width=8) (actual rows=100000 loops=1)
              Buckets: 131072  Batches: 2  Memory Usage: 3008kB
              Buffers: shared hit=443, temp written=168
              ->  Seq Scan on employee e2  (cost=0.00..1443.00 rows=100000 width=8) (actual rows=100000 loops=1)
                    Buffers: shared hit=443
Planning Time: 0.166 ms
JIT:
  Functions: 17
  Options: Inlining true, Optimization true, Expressions true, Deforming true
Execution Time: 3928.991 ms",3847.346,1683866.79,100000,"HashAggregate  (cost=1387351.04..1683866.79 rows=10040745 width=16) (actual rows=100000 loops=1)
  Group Key: e1.employee_id, e2.team_id
  Planned Partitions: 128  Batches: 129  Memory Usage: 4113kB  Disk Usage: 256024kB
  Buffers: shared hit=886, temp read=29539 written=61153
  ->  Hash Left Join  (cost=3084.00..125982.45 rows=10040745 width=12) (actual rows=10095422 loops=1)
        Hash Cond: (e1.team_id = e2.team_id)
        Buffers: shared hit=886, temp read=338 written=338
        ->  Seq Scan on employee e1  (cost=0.00..1443.00 rows=100000 width=8) (actual rows=100000 loops=1)
              Buffers: shared hit=443
        ->  Hash  (cost=1443.00..1443.00 rows=100000 width=8) (actual rows=100000 loops=1)
              Buckets: 131072  Batches: 2  Memory Usage: 3008kB
              Buffers: shared hit=443, temp written=168
              ->  Seq Scan on employee e2  (cost=0.00..1443.00 rows=100000 width=8) (actual rows=100000 loops=1)
                    Buffers: shared hit=443
Planning Time: 0.154 ms
JIT:
  Functions: 17
  Options: Inlining true, Optimization true, Expressions true, Deforming true
Execution Time: 3847.346 ms",3865.051,1683866.79,100000,"HashAggregate  (cost=1387351.04..1683866.79 rows=10040745 width=16) (actual rows=100000 loops=1)
  Group Key: e1.employee_id, e2.team_id
  Planned Partitions: 128  Batches: 129  Memory Usage: 4113kB  Disk Usage: 256024kB
  Buffers: shared hit=886, temp read=29539 written=61153
  ->  Hash Left Join  (cost=3084.00..125982.45 rows=10040745 width=12) (actual rows=10095422 loops=1)
        Hash Cond: (e1.team_id = e2.team_id)
        Buffers: shared hit=886, temp read=338 written=338
        ->  Seq Scan on employee e1  (cost=0.00..1443.00 rows=100000 width=8) (actual rows=100000 loops=1)
              Buffers: shared hit=443
        ->  Hash  (cost=1443.00..1443.00 rows=100000 width=8) (actual rows=100000 loops=1)
              Buckets: 131072  Batches: 2  Memory Usage: 3008kB
              Buffers: shared hit=443, temp written=168
              ->  Seq Scan on employee e2  (cost=0.00..1443.00 rows=100000 width=8) (actual rows=100000 loops=1)
                    Buffers: shared hit=443
Planning Time: 0.206 ms
JIT:
  Functions: 17
  Options: Inlining true, Optimization true, Expressions true, Deforming true
Execution Time: 3865.051 ms",3861.898,1683866.79,100000,"HashAggregate  (cost=1387351.04..1683866.79 rows=10040745 width=16) (actual rows=100000 loops=1)
  Group Key: e1.employee_id, e2.team_id
  Planned Partitions: 128  Batches: 129  Memory Usage: 4113kB  Disk Usage: 256024kB
  Buffers: shared hit=886, temp read=29539 written=61153
  ->  Hash Left Join  (cost=3084.00..125982.45 rows=10040745 width=12) (actual rows=10095422 loops=1)
        Hash Cond: (e1.team_id = e2.team_id)
        Buffers: shared hit=886, temp read=338 written=338
        ->  Seq Scan on employee e1  (cost=0.00..1443.00 rows=100000 width=8) (actual rows=100000 loops=1)
              Buffers: shared hit=443
        ->  Hash  (cost=1443.00..1443.00 rows=100000 width=8) (actual rows=100000 loops=1)
              Buckets: 131072  Batches: 2  Memory Usage: 3008kB
              Buffers: shared hit=443, temp written=168
              ->  Seq Scan on employee e2  (cost=0.00..1443.00 rows=100000 width=8) (actual rows=100000 loops=1)
                    Buffers: shared hit=443
Planning Time: 0.231 ms
JIT:
  Functions: 17
  Options: Inlining true, Optimization true, Expressions true, Deforming true
Execution Time: 3861.898 ms",3880.209,3865.051,3913.375,3941.4838,1683866.79,1683866.79,100000,100000,100000,100000,normal,not normal,1083.1801194999991,27132.11764370004,equal variances,not significant,1.0,180.38720000000012,123.80299999999988,-913809.5,0,True
740,1303,15,Easy,"select distinct e1.employee_id as employee_id, t_cte_11.c_count0 as team_size from (select count(t_employee_0.employee_id) as c_count0, t_employee_0.team_id as c_team_id0 from schema_1303.employee as t_employee_0 group by t_employee_0.team_id) as t_cte_11 inner join schema_1303.employee as e1 on e1.team_id = t_cte_11.c_team_id0",86.848,12064.92,100000,"HashAggregate  (cost=10088.36..12064.92 rows=100000 width=12) (actual rows=100000 loops=1)
  Group Key: e1.employee_id, (count(t_employee_0.employee_id))
  Planned Partitions: 4  Batches: 5  Memory Usage: 4145kB  Disk Usage: 1800kB
  Buffers: shared hit=886, temp read=225 written=387
  ->  Hash Join  (cost=1975.50..3682.11 rows=100000 width=12) (actual rows=100000 loops=1)
        Hash Cond: (e1.team_id = t_employee_0.team_id)
        Buffers: shared hit=886
        ->  Seq Scan on employee e1  (cost=0.00..1443.00 rows=100000 width=8) (actual rows=100000 loops=1)
              Buffers: shared hit=443
        ->  Hash  (cost=1963.00..1963.00 rows=1000 width=12) (actual rows=1000 loops=1)
              Buckets: 1024  Batches: 1  Memory Usage: 51kB
              Buffers: shared hit=443
              ->  HashAggregate  (cost=1943.00..1953.00 rows=1000 width=12) (actual rows=1000 loops=1)
                    Group Key: t_employee_0.team_id
                    Batches: 1  Memory Usage: 193kB
                    Buffers: shared hit=443
                    ->  Seq Scan on employee t_employee_0  (cost=0.00..1443.00 rows=100000 width=8) (actual rows=100000 loops=1)
                          Buffers: shared hit=443
Planning Time: 0.109 ms
Execution Time: 86.848 ms",95.897,12064.92,100000,"HashAggregate  (cost=10088.36..12064.92 rows=100000 width=12) (actual rows=100000 loops=1)
  Group Key: e1.employee_id, (count(t_employee_0.employee_id))
  Planned Partitions: 4  Batches: 5  Memory Usage: 4145kB  Disk Usage: 1800kB
  Buffers: shared hit=886, temp read=225 written=387
  ->  Hash Join  (cost=1975.50..3682.11 rows=100000 width=12) (actual rows=100000 loops=1)
        Hash Cond: (e1.team_id = t_employee_0.team_id)
        Buffers: shared hit=886
        ->  Seq Scan on employee e1  (cost=0.00..1443.00 rows=100000 width=8) (actual rows=100000 loops=1)
              Buffers: shared hit=443
        ->  Hash  (cost=1963.00..1963.00 rows=1000 width=12) (actual rows=1000 loops=1)
              Buckets: 1024  Batches: 1  Memory Usage: 51kB
              Buffers: shared hit=443
              ->  HashAggregate  (cost=1943.00..1953.00 rows=1000 width=12) (actual rows=1000 loops=1)
                    Group Key: t_employee_0.team_id
                    Batches: 1  Memory Usage: 193kB
                    Buffers: shared hit=443
                    ->  Seq Scan on employee t_employee_0  (cost=0.00..1443.00 rows=100000 width=8) (actual rows=100000 loops=1)
                          Buffers: shared hit=443
Planning Time: 0.128 ms
Execution Time: 95.897 ms",93.36,12064.92,100000,"HashAggregate  (cost=10088.36..12064.92 rows=100000 width=12) (actual rows=100000 loops=1)
  Group Key: e1.employee_id, (count(t_employee_0.employee_id))
  Planned Partitions: 4  Batches: 5  Memory Usage: 4145kB  Disk Usage: 1800kB
  Buffers: shared hit=886, temp read=225 written=387
  ->  Hash Join  (cost=1975.50..3682.11 rows=100000 width=12) (actual rows=100000 loops=1)
        Hash Cond: (e1.team_id = t_employee_0.team_id)
        Buffers: shared hit=886
        ->  Seq Scan on employee e1  (cost=0.00..1443.00 rows=100000 width=8) (actual rows=100000 loops=1)
              Buffers: shared hit=443
        ->  Hash  (cost=1963.00..1963.00 rows=1000 width=12) (actual rows=1000 loops=1)
              Buckets: 1024  Batches: 1  Memory Usage: 51kB
              Buffers: shared hit=443
              ->  HashAggregate  (cost=1943.00..1953.00 rows=1000 width=12) (actual rows=1000 loops=1)
                    Group Key: t_employee_0.team_id
                    Batches: 1  Memory Usage: 193kB
                    Buffers: shared hit=443
                    ->  Seq Scan on employee t_employee_0  (cost=0.00..1443.00 rows=100000 width=8) (actual rows=100000 loops=1)
                          Buffers: shared hit=443
Planning Time: 0.144 ms
Execution Time: 93.360 ms",95.512,12064.92,100000,"HashAggregate  (cost=10088.36..12064.92 rows=100000 width=12) (actual rows=100000 loops=1)
  Group Key: e1.employee_id, (count(t_employee_0.employee_id))
  Planned Partitions: 4  Batches: 5  Memory Usage: 4145kB  Disk Usage: 1800kB
  Buffers: shared hit=886, temp read=225 written=387
  ->  Hash Join  (cost=1975.50..3682.11 rows=100000 width=12) (actual rows=100000 loops=1)
        Hash Cond: (e1.team_id = t_employee_0.team_id)
        Buffers: shared hit=886
        ->  Seq Scan on employee e1  (cost=0.00..1443.00 rows=100000 width=8) (actual rows=100000 loops=1)
              Buffers: shared hit=443
        ->  Hash  (cost=1963.00..1963.00 rows=1000 width=12) (actual rows=1000 loops=1)
              Buckets: 1024  Batches: 1  Memory Usage: 51kB
              Buffers: shared hit=443
              ->  HashAggregate  (cost=1943.00..1953.00 rows=1000 width=12) (actual rows=1000 loops=1)
                    Group Key: t_employee_0.team_id
                    Batches: 1  Memory Usage: 193kB
                    Buffers: shared hit=443
                    ->  Seq Scan on employee t_employee_0  (cost=0.00..1443.00 rows=100000 width=8) (actual rows=100000 loops=1)
                          Buffers: shared hit=443
Planning Time: 0.144 ms
Execution Time: 95.512 ms",96.706,12064.92,100000,"HashAggregate  (cost=10088.36..12064.92 rows=100000 width=12) (actual rows=100000 loops=1)
  Group Key: e1.employee_id, (count(t_employee_0.employee_id))
  Planned Partitions: 4  Batches: 5  Memory Usage: 4145kB  Disk Usage: 1800kB
  Buffers: shared hit=886, temp read=225 written=387
  ->  Hash Join  (cost=1975.50..3682.11 rows=100000 width=12) (actual rows=100000 loops=1)
        Hash Cond: (e1.team_id = t_employee_0.team_id)
        Buffers: shared hit=886
        ->  Seq Scan on employee e1  (cost=0.00..1443.00 rows=100000 width=8) (actual rows=100000 loops=1)
              Buffers: shared hit=443
        ->  Hash  (cost=1963.00..1963.00 rows=1000 width=12) (actual rows=1000 loops=1)
              Buckets: 1024  Batches: 1  Memory Usage: 51kB
              Buffers: shared hit=443
              ->  HashAggregate  (cost=1943.00..1953.00 rows=1000 width=12) (actual rows=1000 loops=1)
                    Group Key: t_employee_0.team_id
                    Batches: 1  Memory Usage: 193kB
                    Buffers: shared hit=443
                    ->  Seq Scan on employee t_employee_0  (cost=0.00..1443.00 rows=100000 width=8) (actual rows=100000 loops=1)
                          Buffers: shared hit=443
Planning Time: 0.156 ms
Execution Time: 96.706 ms",93.6646,95.512,96.3015,97.0296,12064.92,12064.92,100000,100000,100000,100000,1303_15,740,1303,15,Easy,"select e1.employee_id, team_size from schema_1303.employee as e1 join (select team_id, count(distinct employee_id) as team_size from schema_1303.employee group by team_id) as e2 on e1.team_id = e2.team_id",83.45,12236.93,100000,"Hash Join  (cost=10530.32..12236.93 rows=100000 width=12) (actual rows=100000 loops=1)
  Hash Cond: (e1.team_id = e2.team_id)
  Buffers: shared hit=886, temp read=221 written=222
  ->  Seq Scan on employee e1  (cost=0.00..1443.00 rows=100000 width=8) (actual rows=100000 loops=1)
        Buffers: shared hit=443
  ->  Hash  (cost=10517.82..10517.82 rows=1000 width=12) (actual rows=1000 loops=1)
        Buckets: 1024  Batches: 1  Memory Usage: 51kB
        Buffers: shared hit=443, temp read=221 written=222
        ->  Subquery Scan on e2  (cost=9747.82..10517.82 rows=1000 width=12) (actual rows=1000 loops=1)
              Buffers: shared hit=443, temp read=221 written=222
              ->  GroupAggregate  (cost=9747.82..10507.82 rows=1000 width=12) (actual rows=1000 loops=1)
                    Group Key: employee.team_id
                    Buffers: shared hit=443, temp read=221 written=222
                    ->  Sort  (cost=9747.82..9997.82 rows=100000 width=8) (actual rows=100000 loops=1)
                          Sort Key: employee.team_id
                          Sort Method: external merge  Disk: 1768kB
                          Buffers: shared hit=443, temp read=221 written=222
                          ->  Seq Scan on employee  (cost=0.00..1443.00 rows=100000 width=8) (actual rows=100000 loops=1)
                                Buffers: shared hit=443
Planning Time: 0.110 ms
Execution Time: 83.450 ms",95.093,12236.93,100000,"Hash Join  (cost=10530.32..12236.93 rows=100000 width=12) (actual rows=100000 loops=1)
  Hash Cond: (e1.team_id = e2.team_id)
  Buffers: shared hit=886, temp read=221 written=222
  ->  Seq Scan on employee e1  (cost=0.00..1443.00 rows=100000 width=8) (actual rows=100000 loops=1)
        Buffers: shared hit=443
  ->  Hash  (cost=10517.82..10517.82 rows=1000 width=12) (actual rows=1000 loops=1)
        Buckets: 1024  Batches: 1  Memory Usage: 51kB
        Buffers: shared hit=443, temp read=221 written=222
        ->  Subquery Scan on e2  (cost=9747.82..10517.82 rows=1000 width=12) (actual rows=1000 loops=1)
              Buffers: shared hit=443, temp read=221 written=222
              ->  GroupAggregate  (cost=9747.82..10507.82 rows=1000 width=12) (actual rows=1000 loops=1)
                    Group Key: employee.team_id
                    Buffers: shared hit=443, temp read=221 written=222
                    ->  Sort  (cost=9747.82..9997.82 rows=100000 width=8) (actual rows=100000 loops=1)
                          Sort Key: employee.team_id
                          Sort Method: external merge  Disk: 1768kB
                          Buffers: shared hit=443, temp read=221 written=222
                          ->  Seq Scan on employee  (cost=0.00..1443.00 rows=100000 width=8) (actual rows=100000 loops=1)
                                Buffers: shared hit=443
Planning Time: 0.139 ms
Execution Time: 95.093 ms",89.126,12236.93,100000,"Hash Join  (cost=10530.32..12236.93 rows=100000 width=12) (actual rows=100000 loops=1)
  Hash Cond: (e1.team_id = e2.team_id)
  Buffers: shared hit=886, temp read=221 written=222
  ->  Seq Scan on employee e1  (cost=0.00..1443.00 rows=100000 width=8) (actual rows=100000 loops=1)
        Buffers: shared hit=443
  ->  Hash  (cost=10517.82..10517.82 rows=1000 width=12) (actual rows=1000 loops=1)
        Buckets: 1024  Batches: 1  Memory Usage: 51kB
        Buffers: shared hit=443, temp read=221 written=222
        ->  Subquery Scan on e2  (cost=9747.82..10517.82 rows=1000 width=12) (actual rows=1000 loops=1)
              Buffers: shared hit=443, temp read=221 written=222
              ->  GroupAggregate  (cost=9747.82..10507.82 rows=1000 width=12) (actual rows=1000 loops=1)
                    Group Key: employee.team_id
                    Buffers: shared hit=443, temp read=221 written=222
                    ->  Sort  (cost=9747.82..9997.82 rows=100000 width=8) (actual rows=100000 loops=1)
                          Sort Key: employee.team_id
                          Sort Method: external merge  Disk: 1768kB
                          Buffers: shared hit=443, temp read=221 written=222
                          ->  Seq Scan on employee  (cost=0.00..1443.00 rows=100000 width=8) (actual rows=100000 loops=1)
                                Buffers: shared hit=443
Planning Time: 0.116 ms
Execution Time: 89.126 ms",91.529,12236.93,100000,"Hash Join  (cost=10530.32..12236.93 rows=100000 width=12) (actual rows=100000 loops=1)
  Hash Cond: (e1.team_id = e2.team_id)
  Buffers: shared hit=886, temp read=221 written=222
  ->  Seq Scan on employee e1  (cost=0.00..1443.00 rows=100000 width=8) (actual rows=100000 loops=1)
        Buffers: shared hit=443
  ->  Hash  (cost=10517.82..10517.82 rows=1000 width=12) (actual rows=1000 loops=1)
        Buckets: 1024  Batches: 1  Memory Usage: 51kB
        Buffers: shared hit=443, temp read=221 written=222
        ->  Subquery Scan on e2  (cost=9747.82..10517.82 rows=1000 width=12) (actual rows=1000 loops=1)
              Buffers: shared hit=443, temp read=221 written=222
              ->  GroupAggregate  (cost=9747.82..10507.82 rows=1000 width=12) (actual rows=1000 loops=1)
                    Group Key: employee.team_id
                    Buffers: shared hit=443, temp read=221 written=222
                    ->  Sort  (cost=9747.82..9997.82 rows=100000 width=8) (actual rows=100000 loops=1)
                          Sort Key: employee.team_id
                          Sort Method: external merge  Disk: 1768kB
                          Buffers: shared hit=443, temp read=221 written=222
                          ->  Seq Scan on employee  (cost=0.00..1443.00 rows=100000 width=8) (actual rows=100000 loops=1)
                                Buffers: shared hit=443
Planning Time: 0.141 ms
Execution Time: 91.529 ms",91.503,12236.93,100000,"Hash Join  (cost=10530.32..12236.93 rows=100000 width=12) (actual rows=100000 loops=1)
  Hash Cond: (e1.team_id = e2.team_id)
  Buffers: shared hit=886, temp read=221 written=222
  ->  Seq Scan on employee e1  (cost=0.00..1443.00 rows=100000 width=8) (actual rows=100000 loops=1)
        Buffers: shared hit=443
  ->  Hash  (cost=10517.82..10517.82 rows=1000 width=12) (actual rows=1000 loops=1)
        Buckets: 1024  Batches: 1  Memory Usage: 51kB
        Buffers: shared hit=443, temp read=221 written=222
        ->  Subquery Scan on e2  (cost=9747.82..10517.82 rows=1000 width=12) (actual rows=1000 loops=1)
              Buffers: shared hit=443, temp read=221 written=222
              ->  GroupAggregate  (cost=9747.82..10507.82 rows=1000 width=12) (actual rows=1000 loops=1)
                    Group Key: employee.team_id
                    Buffers: shared hit=443, temp read=221 written=222
                    ->  Sort  (cost=9747.82..9997.82 rows=100000 width=8) (actual rows=100000 loops=1)
                          Sort Key: employee.team_id
                          Sort Method: external merge  Disk: 1768kB
                          Buffers: shared hit=443, temp read=221 written=222
                          ->  Seq Scan on employee  (cost=0.00..1443.00 rows=100000 width=8) (actual rows=100000 loops=1)
                                Buffers: shared hit=443
Planning Time: 0.146 ms
Execution Time: 91.503 ms",90.1402,91.503,93.311,96.5186,12236.93,12236.93,100000,100000,100000,100000,normal,normal,18.525898699999992,16.051356800000015,equal variances,not significant,0.9523809523809524,3.5244,4.009,-172.01000000000022,0,True
742,1303,23,Easy,"select t_employee_0.employee_id as employee_id, count(t_employee_0.employee_id) over ( partition by t_employee_0.team_id ) as team_size from schema_1303.employee as t_employee_0",74.569,11497.82,100000,"WindowAgg  (cost=9747.82..11497.82 rows=100000 width=16) (actual rows=100000 loops=1)
  Buffers: shared hit=443, temp read=221 written=222
  ->  Sort  (cost=9747.82..9997.82 rows=100000 width=8) (actual rows=100000 loops=1)
        Sort Key: team_id
        Sort Method: external merge  Disk: 1768kB
        Buffers: shared hit=443, temp read=221 written=222
        ->  Seq Scan on employee t_employee_0  (cost=0.00..1443.00 rows=100000 width=8) (actual rows=100000 loops=1)
              Buffers: shared hit=443
Planning Time: 0.039 ms
Execution Time: 74.569 ms",80.723,11497.82,100000,"WindowAgg  (cost=9747.82..11497.82 rows=100000 width=16) (actual rows=100000 loops=1)
  Buffers: shared hit=443, temp read=221 written=222
  ->  Sort  (cost=9747.82..9997.82 rows=100000 width=8) (actual rows=100000 loops=1)
        Sort Key: team_id
        Sort Method: external merge  Disk: 1768kB
        Buffers: shared hit=443, temp read=221 written=222
        ->  Seq Scan on employee t_employee_0  (cost=0.00..1443.00 rows=100000 width=8) (actual rows=100000 loops=1)
              Buffers: shared hit=443
Planning Time: 0.105 ms
Execution Time: 80.723 ms",83.006,11497.82,100000,"WindowAgg  (cost=9747.82..11497.82 rows=100000 width=16) (actual rows=100000 loops=1)
  Buffers: shared hit=443, temp read=221 written=222
  ->  Sort  (cost=9747.82..9997.82 rows=100000 width=8) (actual rows=100000 loops=1)
        Sort Key: team_id
        Sort Method: external merge  Disk: 1768kB
        Buffers: shared hit=443, temp read=221 written=222
        ->  Seq Scan on employee t_employee_0  (cost=0.00..1443.00 rows=100000 width=8) (actual rows=100000 loops=1)
              Buffers: shared hit=443
Planning Time: 0.053 ms
Execution Time: 83.006 ms",80.159,11497.82,100000,"WindowAgg  (cost=9747.82..11497.82 rows=100000 width=16) (actual rows=100000 loops=1)
  Buffers: shared hit=443, temp read=221 written=222
  ->  Sort  (cost=9747.82..9997.82 rows=100000 width=8) (actual rows=100000 loops=1)
        Sort Key: team_id
        Sort Method: external merge  Disk: 1768kB
        Buffers: shared hit=443, temp read=221 written=222
        ->  Seq Scan on employee t_employee_0  (cost=0.00..1443.00 rows=100000 width=8) (actual rows=100000 loops=1)
              Buffers: shared hit=443
Planning Time: 0.102 ms
Execution Time: 80.159 ms",81.225,11497.82,100000,"WindowAgg  (cost=9747.82..11497.82 rows=100000 width=16) (actual rows=100000 loops=1)
  Buffers: shared hit=443, temp read=221 written=222
  ->  Sort  (cost=9747.82..9997.82 rows=100000 width=8) (actual rows=100000 loops=1)
        Sort Key: team_id
        Sort Method: external merge  Disk: 1768kB
        Buffers: shared hit=443, temp read=221 written=222
        ->  Seq Scan on employee t_employee_0  (cost=0.00..1443.00 rows=100000 width=8) (actual rows=100000 loops=1)
              Buffers: shared hit=443
Planning Time: 0.059 ms
Execution Time: 81.225 ms",79.9364,80.723,82.1155,83.7184,11497.82,11497.82,100000,100000,100000,100000,1303_23,742,1303,23,Easy,"select employee_id, count(employee_id) over (partition by team_id) as team_size from schema_1303.employee order by employee_id",121.727,20052.64,100000,"Sort  (cost=19802.64..20052.64 rows=100000 width=16) (actual rows=100000 loops=1)
  Sort Key: employee_id
  Sort Method: external merge  Disk: 2936kB
  Buffers: shared hit=443, temp read=588 written=591
  ->  WindowAgg  (cost=9747.82..11497.82 rows=100000 width=16) (actual rows=100000 loops=1)
        Buffers: shared hit=443, temp read=221 written=222
        ->  Sort  (cost=9747.82..9997.82 rows=100000 width=8) (actual rows=100000 loops=1)
              Sort Key: team_id
              Sort Method: external merge  Disk: 1768kB
              Buffers: shared hit=443, temp read=221 written=222
              ->  Seq Scan on employee  (cost=0.00..1443.00 rows=100000 width=8) (actual rows=100000 loops=1)
                    Buffers: shared hit=443
Planning Time: 0.042 ms
Execution Time: 121.727 ms",129.182,20052.64,100000,"Sort  (cost=19802.64..20052.64 rows=100000 width=16) (actual rows=100000 loops=1)
  Sort Key: employee_id
  Sort Method: external merge  Disk: 2936kB
  Buffers: shared hit=443, temp read=588 written=591
  ->  WindowAgg  (cost=9747.82..11497.82 rows=100000 width=16) (actual rows=100000 loops=1)
        Buffers: shared hit=443, temp read=221 written=222
        ->  Sort  (cost=9747.82..9997.82 rows=100000 width=8) (actual rows=100000 loops=1)
              Sort Key: team_id
              Sort Method: external merge  Disk: 1768kB
              Buffers: shared hit=443, temp read=221 written=222
              ->  Seq Scan on employee  (cost=0.00..1443.00 rows=100000 width=8) (actual rows=100000 loops=1)
                    Buffers: shared hit=443
Planning Time: 0.067 ms
Execution Time: 129.182 ms",129.436,20052.64,100000,"Sort  (cost=19802.64..20052.64 rows=100000 width=16) (actual rows=100000 loops=1)
  Sort Key: employee_id
  Sort Method: external merge  Disk: 2936kB
  Buffers: shared hit=443, temp read=588 written=591
  ->  WindowAgg  (cost=9747.82..11497.82 rows=100000 width=16) (actual rows=100000 loops=1)
        Buffers: shared hit=443, temp read=221 written=222
        ->  Sort  (cost=9747.82..9997.82 rows=100000 width=8) (actual rows=100000 loops=1)
              Sort Key: team_id
              Sort Method: external merge  Disk: 1768kB
              Buffers: shared hit=443, temp read=221 written=222
              ->  Seq Scan on employee  (cost=0.00..1443.00 rows=100000 width=8) (actual rows=100000 loops=1)
                    Buffers: shared hit=443
Planning Time: 0.062 ms
Execution Time: 129.436 ms",134.361,20052.64,100000,"Sort  (cost=19802.64..20052.64 rows=100000 width=16) (actual rows=100000 loops=1)
  Sort Key: employee_id
  Sort Method: external merge  Disk: 2936kB
  Buffers: shared hit=443, temp read=588 written=591
  ->  WindowAgg  (cost=9747.82..11497.82 rows=100000 width=16) (actual rows=100000 loops=1)
        Buffers: shared hit=443, temp read=221 written=222
        ->  Sort  (cost=9747.82..9997.82 rows=100000 width=8) (actual rows=100000 loops=1)
              Sort Key: team_id
              Sort Method: external merge  Disk: 1768kB
              Buffers: shared hit=443, temp read=221 written=222
              ->  Seq Scan on employee  (cost=0.00..1443.00 rows=100000 width=8) (actual rows=100000 loops=1)
                    Buffers: shared hit=443
Planning Time: 0.052 ms
Execution Time: 134.361 ms",129.915,20052.64,100000,"Sort  (cost=19802.64..20052.64 rows=100000 width=16) (actual rows=100000 loops=1)
  Sort Key: employee_id
  Sort Method: external merge  Disk: 2936kB
  Buffers: shared hit=443, temp read=588 written=591
  ->  WindowAgg  (cost=9747.82..11497.82 rows=100000 width=16) (actual rows=100000 loops=1)
        Buffers: shared hit=443, temp read=221 written=222
        ->  Sort  (cost=9747.82..9997.82 rows=100000 width=8) (actual rows=100000 loops=1)
              Sort Key: team_id
              Sort Method: external merge  Disk: 1768kB
              Buffers: shared hit=443, temp read=221 written=222
              ->  Seq Scan on employee  (cost=0.00..1443.00 rows=100000 width=8) (actual rows=100000 loops=1)
                    Buffers: shared hit=443
Planning Time: 0.052 ms
Execution Time: 129.915 ms",128.9242,129.436,132.138,136.1394,20052.64,20052.64,100000,100000,100000,100000,normal,normal,20.667141699999956,10.140051799999991,equal variances,significant,0.003968253968253968,-48.98780000000001,-48.71300000000001,-8554.82,0,True
744,1303,32,Easy,"select t_employee_0.employee_id as employee_id, count(t_employee_0.team_id) over ( partition by t_employee_0.team_id ) as team_size from schema_1303.employee as t_employee_0",73.666,11497.82,100000,"WindowAgg  (cost=9747.82..11497.82 rows=100000 width=16) (actual rows=100000 loops=1)
  Buffers: shared hit=443, temp read=221 written=222
  ->  Sort  (cost=9747.82..9997.82 rows=100000 width=8) (actual rows=100000 loops=1)
        Sort Key: team_id
        Sort Method: external merge  Disk: 1768kB
        Buffers: shared hit=443, temp read=221 written=222
        ->  Seq Scan on employee t_employee_0  (cost=0.00..1443.00 rows=100000 width=8) (actual rows=100000 loops=1)
              Buffers: shared hit=443
Planning Time: 0.038 ms
Execution Time: 73.666 ms",83.157,11497.82,100000,"WindowAgg  (cost=9747.82..11497.82 rows=100000 width=16) (actual rows=100000 loops=1)
  Buffers: shared hit=443, temp read=221 written=222
  ->  Sort  (cost=9747.82..9997.82 rows=100000 width=8) (actual rows=100000 loops=1)
        Sort Key: team_id
        Sort Method: external merge  Disk: 1768kB
        Buffers: shared hit=443, temp read=221 written=222
        ->  Seq Scan on employee t_employee_0  (cost=0.00..1443.00 rows=100000 width=8) (actual rows=100000 loops=1)
              Buffers: shared hit=443
Planning Time: 0.054 ms
Execution Time: 83.157 ms",81.176,11497.82,100000,"WindowAgg  (cost=9747.82..11497.82 rows=100000 width=16) (actual rows=100000 loops=1)
  Buffers: shared hit=443, temp read=221 written=222
  ->  Sort  (cost=9747.82..9997.82 rows=100000 width=8) (actual rows=100000 loops=1)
        Sort Key: team_id
        Sort Method: external merge  Disk: 1768kB
        Buffers: shared hit=443, temp read=221 written=222
        ->  Seq Scan on employee t_employee_0  (cost=0.00..1443.00 rows=100000 width=8) (actual rows=100000 loops=1)
              Buffers: shared hit=443
Planning Time: 0.051 ms
Execution Time: 81.176 ms",80.573,11497.82,100000,"WindowAgg  (cost=9747.82..11497.82 rows=100000 width=16) (actual rows=100000 loops=1)
  Buffers: shared hit=443, temp read=221 written=222
  ->  Sort  (cost=9747.82..9997.82 rows=100000 width=8) (actual rows=100000 loops=1)
        Sort Key: team_id
        Sort Method: external merge  Disk: 1768kB
        Buffers: shared hit=443, temp read=221 written=222
        ->  Seq Scan on employee t_employee_0  (cost=0.00..1443.00 rows=100000 width=8) (actual rows=100000 loops=1)
              Buffers: shared hit=443
Planning Time: 0.052 ms
Execution Time: 80.573 ms",82.42,11497.82,100000,"WindowAgg  (cost=9747.82..11497.82 rows=100000 width=16) (actual rows=100000 loops=1)
  Buffers: shared hit=443, temp read=221 written=222
  ->  Sort  (cost=9747.82..9997.82 rows=100000 width=8) (actual rows=100000 loops=1)
        Sort Key: team_id
        Sort Method: external merge  Disk: 1768kB
        Buffers: shared hit=443, temp read=221 written=222
        ->  Seq Scan on employee t_employee_0  (cost=0.00..1443.00 rows=100000 width=8) (actual rows=100000 loops=1)
              Buffers: shared hit=443
Planning Time: 0.056 ms
Execution Time: 82.420 ms",80.1984,81.176,82.7885,83.4518,11497.82,11497.82,100000,100000,100000,100000,1303_32,744,1303,32,Easy,"select employee_id, count(team_id) over (partition by team_id) as team_size from schema_1303.employee order by employee_id",120.542,20052.64,100000,"Sort  (cost=19802.64..20052.64 rows=100000 width=16) (actual rows=100000 loops=1)
  Sort Key: employee_id
  Sort Method: external merge  Disk: 2936kB
  Buffers: shared hit=443, temp read=588 written=591
  ->  WindowAgg  (cost=9747.82..11497.82 rows=100000 width=16) (actual rows=100000 loops=1)
        Buffers: shared hit=443, temp read=221 written=222
        ->  Sort  (cost=9747.82..9997.82 rows=100000 width=8) (actual rows=100000 loops=1)
              Sort Key: team_id
              Sort Method: external merge  Disk: 1768kB
              Buffers: shared hit=443, temp read=221 written=222
              ->  Seq Scan on employee  (cost=0.00..1443.00 rows=100000 width=8) (actual rows=100000 loops=1)
                    Buffers: shared hit=443
Planning Time: 0.052 ms
Execution Time: 120.542 ms",128.218,20052.64,100000,"Sort  (cost=19802.64..20052.64 rows=100000 width=16) (actual rows=100000 loops=1)
  Sort Key: employee_id
  Sort Method: external merge  Disk: 2936kB
  Buffers: shared hit=443, temp read=588 written=591
  ->  WindowAgg  (cost=9747.82..11497.82 rows=100000 width=16) (actual rows=100000 loops=1)
        Buffers: shared hit=443, temp read=221 written=222
        ->  Sort  (cost=9747.82..9997.82 rows=100000 width=8) (actual rows=100000 loops=1)
              Sort Key: team_id
              Sort Method: external merge  Disk: 1768kB
              Buffers: shared hit=443, temp read=221 written=222
              ->  Seq Scan on employee  (cost=0.00..1443.00 rows=100000 width=8) (actual rows=100000 loops=1)
                    Buffers: shared hit=443
Planning Time: 0.062 ms
Execution Time: 128.218 ms",126.818,20052.64,100000,"Sort  (cost=19802.64..20052.64 rows=100000 width=16) (actual rows=100000 loops=1)
  Sort Key: employee_id
  Sort Method: external merge  Disk: 2936kB
  Buffers: shared hit=443, temp read=588 written=591
  ->  WindowAgg  (cost=9747.82..11497.82 rows=100000 width=16) (actual rows=100000 loops=1)
        Buffers: shared hit=443, temp read=221 written=222
        ->  Sort  (cost=9747.82..9997.82 rows=100000 width=8) (actual rows=100000 loops=1)
              Sort Key: team_id
              Sort Method: external merge  Disk: 1768kB
              Buffers: shared hit=443, temp read=221 written=222
              ->  Seq Scan on employee  (cost=0.00..1443.00 rows=100000 width=8) (actual rows=100000 loops=1)
                    Buffers: shared hit=443
Planning Time: 0.068 ms
Execution Time: 126.818 ms",126.243,20052.64,100000,"Sort  (cost=19802.64..20052.64 rows=100000 width=16) (actual rows=100000 loops=1)
  Sort Key: employee_id
  Sort Method: external merge  Disk: 2936kB
  Buffers: shared hit=443, temp read=588 written=591
  ->  WindowAgg  (cost=9747.82..11497.82 rows=100000 width=16) (actual rows=100000 loops=1)
        Buffers: shared hit=443, temp read=221 written=222
        ->  Sort  (cost=9747.82..9997.82 rows=100000 width=8) (actual rows=100000 loops=1)
              Sort Key: team_id
              Sort Method: external merge  Disk: 1768kB
              Buffers: shared hit=443, temp read=221 written=222
              ->  Seq Scan on employee  (cost=0.00..1443.00 rows=100000 width=8) (actual rows=100000 loops=1)
                    Buffers: shared hit=443
Planning Time: 0.071 ms
Execution Time: 126.243 ms",125.475,20052.64,100000,"Sort  (cost=19802.64..20052.64 rows=100000 width=16) (actual rows=100000 loops=1)
  Sort Key: employee_id
  Sort Method: external merge  Disk: 2936kB
  Buffers: shared hit=443, temp read=588 written=591
  ->  WindowAgg  (cost=9747.82..11497.82 rows=100000 width=16) (actual rows=100000 loops=1)
        Buffers: shared hit=443, temp read=221 written=222
        ->  Sort  (cost=9747.82..9997.82 rows=100000 width=8) (actual rows=100000 loops=1)
              Sort Key: team_id
              Sort Method: external merge  Disk: 1768kB
              Buffers: shared hit=443, temp read=221 written=222
              ->  Seq Scan on employee  (cost=0.00..1443.00 rows=100000 width=8) (actual rows=100000 loops=1)
                    Buffers: shared hit=443
Planning Time: 0.051 ms
Execution Time: 125.475 ms",125.4592,126.243,127.518,128.778,20052.64,20052.64,100000,100000,100000,100000,normal,normal,8.562690699999978,14.364274300000009,equal variances,significant,0.003968253968253968,-45.26079999999999,-45.06699999999999,-8554.82,0,True
745,1303,35,Easy,"select t_employee_0.employee_id as employee_id, count(t_employee_0.team_id) over ( partition by t_employee_0.team_id ) as team_size from schema_1303.employee as t_employee_0",74.55,11497.82,100000,"WindowAgg  (cost=9747.82..11497.82 rows=100000 width=16) (actual rows=100000 loops=1)
  Buffers: shared hit=443, temp read=221 written=222
  ->  Sort  (cost=9747.82..9997.82 rows=100000 width=8) (actual rows=100000 loops=1)
        Sort Key: team_id
        Sort Method: external merge  Disk: 1768kB
        Buffers: shared hit=443, temp read=221 written=222
        ->  Seq Scan on employee t_employee_0  (cost=0.00..1443.00 rows=100000 width=8) (actual rows=100000 loops=1)
              Buffers: shared hit=443
Planning Time: 0.038 ms
Execution Time: 74.550 ms",90.747,11497.82,100000,"WindowAgg  (cost=9747.82..11497.82 rows=100000 width=16) (actual rows=100000 loops=1)
  Buffers: shared hit=443, temp read=221 written=222
  ->  Sort  (cost=9747.82..9997.82 rows=100000 width=8) (actual rows=100000 loops=1)
        Sort Key: team_id
        Sort Method: external merge  Disk: 1768kB
        Buffers: shared hit=443, temp read=221 written=222
        ->  Seq Scan on employee t_employee_0  (cost=0.00..1443.00 rows=100000 width=8) (actual rows=100000 loops=1)
              Buffers: shared hit=443
Planning Time: 0.059 ms
Execution Time: 90.747 ms",82.102,11497.82,100000,"WindowAgg  (cost=9747.82..11497.82 rows=100000 width=16) (actual rows=100000 loops=1)
  Buffers: shared hit=443, temp read=221 written=222
  ->  Sort  (cost=9747.82..9997.82 rows=100000 width=8) (actual rows=100000 loops=1)
        Sort Key: team_id
        Sort Method: external merge  Disk: 1768kB
        Buffers: shared hit=443, temp read=221 written=222
        ->  Seq Scan on employee t_employee_0  (cost=0.00..1443.00 rows=100000 width=8) (actual rows=100000 loops=1)
              Buffers: shared hit=443
Planning Time: 0.051 ms
Execution Time: 82.102 ms",80.904,11497.82,100000,"WindowAgg  (cost=9747.82..11497.82 rows=100000 width=16) (actual rows=100000 loops=1)
  Buffers: shared hit=443, temp read=221 written=222
  ->  Sort  (cost=9747.82..9997.82 rows=100000 width=8) (actual rows=100000 loops=1)
        Sort Key: team_id
        Sort Method: external merge  Disk: 1768kB
        Buffers: shared hit=443, temp read=221 written=222
        ->  Seq Scan on employee t_employee_0  (cost=0.00..1443.00 rows=100000 width=8) (actual rows=100000 loops=1)
              Buffers: shared hit=443
Planning Time: 0.076 ms
Execution Time: 80.904 ms",81.195,11497.82,100000,"WindowAgg  (cost=9747.82..11497.82 rows=100000 width=16) (actual rows=100000 loops=1)
  Buffers: shared hit=443, temp read=221 written=222
  ->  Sort  (cost=9747.82..9997.82 rows=100000 width=8) (actual rows=100000 loops=1)
        Sort Key: team_id
        Sort Method: external merge  Disk: 1768kB
        Buffers: shared hit=443, temp read=221 written=222
        ->  Seq Scan on employee t_employee_0  (cost=0.00..1443.00 rows=100000 width=8) (actual rows=100000 loops=1)
              Buffers: shared hit=443
Planning Time: 0.066 ms
Execution Time: 81.195 ms",81.8996,81.195,86.4245,94.205,11497.82,11497.82,100000,100000,100000,100000,1303_35,745,1303,35,Easy,"select employee_id, count(team_id) over (partition by team_id) as team_size from schema_1303.employee group by employee_id",90.592,13355.11,100000,"WindowAgg  (cost=11605.11..13355.11 rows=100000 width=16) (actual rows=100000 loops=1)
  Buffers: shared hit=718, temp read=221 written=222
  ->  Sort  (cost=11605.11..11855.11 rows=100000 width=8) (actual rows=100000 loops=1)
        Sort Key: team_id
        Sort Method: external merge  Disk: 1768kB
        Buffers: shared hit=718, temp read=221 written=222
        ->  Group  (cost=0.29..3300.29 rows=100000 width=8) (actual rows=100000 loops=1)
              Group Key: employee_id
              Buffers: shared hit=718
              ->  Index Scan using employee_pkey on employee  (cost=0.29..3050.29 rows=100000 width=8) (actual rows=100000 loops=1)
                    Buffers: shared hit=718
Planning Time: 0.049 ms
Execution Time: 90.592 ms",97.014,13355.11,100000,"WindowAgg  (cost=11605.11..13355.11 rows=100000 width=16) (actual rows=100000 loops=1)
  Buffers: shared hit=718, temp read=221 written=222
  ->  Sort  (cost=11605.11..11855.11 rows=100000 width=8) (actual rows=100000 loops=1)
        Sort Key: team_id
        Sort Method: external merge  Disk: 1768kB
        Buffers: shared hit=718, temp read=221 written=222
        ->  Group  (cost=0.29..3300.29 rows=100000 width=8) (actual rows=100000 loops=1)
              Group Key: employee_id
              Buffers: shared hit=718
              ->  Index Scan using employee_pkey on employee  (cost=0.29..3050.29 rows=100000 width=8) (actual rows=100000 loops=1)
                    Buffers: shared hit=718
Planning Time: 0.108 ms
Execution Time: 97.014 ms",96.426,13355.11,100000,"WindowAgg  (cost=11605.11..13355.11 rows=100000 width=16) (actual rows=100000 loops=1)
  Buffers: shared hit=718, temp read=221 written=222
  ->  Sort  (cost=11605.11..11855.11 rows=100000 width=8) (actual rows=100000 loops=1)
        Sort Key: team_id
        Sort Method: external merge  Disk: 1768kB
        Buffers: shared hit=718, temp read=221 written=222
        ->  Group  (cost=0.29..3300.29 rows=100000 width=8) (actual rows=100000 loops=1)
              Group Key: employee_id
              Buffers: shared hit=718
              ->  Index Scan using employee_pkey on employee  (cost=0.29..3050.29 rows=100000 width=8) (actual rows=100000 loops=1)
                    Buffers: shared hit=718
Planning Time: 0.080 ms
Execution Time: 96.426 ms",97.855,13355.11,100000,"WindowAgg  (cost=11605.11..13355.11 rows=100000 width=16) (actual rows=100000 loops=1)
  Buffers: shared hit=718, temp read=221 written=222
  ->  Sort  (cost=11605.11..11855.11 rows=100000 width=8) (actual rows=100000 loops=1)
        Sort Key: team_id
        Sort Method: external merge  Disk: 1768kB
        Buffers: shared hit=718, temp read=221 written=222
        ->  Group  (cost=0.29..3300.29 rows=100000 width=8) (actual rows=100000 loops=1)
              Group Key: employee_id
              Buffers: shared hit=718
              ->  Index Scan using employee_pkey on employee  (cost=0.29..3050.29 rows=100000 width=8) (actual rows=100000 loops=1)
                    Buffers: shared hit=718
Planning Time: 0.071 ms
Execution Time: 97.855 ms",96.069,13355.11,100000,"WindowAgg  (cost=11605.11..13355.11 rows=100000 width=16) (actual rows=100000 loops=1)
  Buffers: shared hit=718, temp read=221 written=222
  ->  Sort  (cost=11605.11..11855.11 rows=100000 width=8) (actual rows=100000 loops=1)
        Sort Key: team_id
        Sort Method: external merge  Disk: 1768kB
        Buffers: shared hit=718, temp read=221 written=222
        ->  Group  (cost=0.29..3300.29 rows=100000 width=8) (actual rows=100000 loops=1)
              Group Key: employee_id
              Buffers: shared hit=718
              ->  Index Scan using employee_pkey on employee  (cost=0.29..3050.29 rows=100000 width=8) (actual rows=100000 loops=1)
                    Buffers: shared hit=718
Planning Time: 0.100 ms
Execution Time: 96.069 ms",95.5912,96.426,97.4345,98.1914,13355.11,13355.11,100000,100000,100000,100000,not normal,normal,8.266583700000005,33.45543830000002,equal variances,significant,0.007936507936507936,-13.691599999999994,-15.231000000000009,-1857.2900000000009,0,True
746,1303,37,Easy,"select distinct e.employee_id as employee_id, t_cte_1.c_count0 as team_size from schema_1303.employee as e left join (select t_employee_0.team_id as c_team_id0, count(t_employee_0.employee_id) as c_count0 from schema_1303.employee as t_employee_0 group by t_employee_0.team_id) as t_cte_1 on e.team_id = t_cte_1.c_team_id0",87.162,12064.92,100000,"HashAggregate  (cost=10088.36..12064.92 rows=100000 width=12) (actual rows=100000 loops=1)
  Group Key: e.employee_id, t_cte_1.c_count0
  Planned Partitions: 4  Batches: 5  Memory Usage: 4145kB  Disk Usage: 1800kB
  Buffers: shared hit=886, temp read=225 written=387
  ->  Hash Left Join  (cost=1975.50..3682.11 rows=100000 width=12) (actual rows=100000 loops=1)
        Hash Cond: (e.team_id = t_cte_1.c_team_id0)
        Buffers: shared hit=886
        ->  Seq Scan on employee e  (cost=0.00..1443.00 rows=100000 width=8) (actual rows=100000 loops=1)
              Buffers: shared hit=443
        ->  Hash  (cost=1963.00..1963.00 rows=1000 width=12) (actual rows=1000 loops=1)
              Buckets: 1024  Batches: 1  Memory Usage: 51kB
              Buffers: shared hit=443
              ->  Subquery Scan on t_cte_1  (cost=1943.00..1963.00 rows=1000 width=12) (actual rows=1000 loops=1)
                    Buffers: shared hit=443
                    ->  HashAggregate  (cost=1943.00..1953.00 rows=1000 width=12) (actual rows=1000 loops=1)
                          Group Key: t_employee_0.team_id
                          Batches: 1  Memory Usage: 193kB
                          Buffers: shared hit=443
                          ->  Seq Scan on employee t_employee_0  (cost=0.00..1443.00 rows=100000 width=8) (actual rows=100000 loops=1)
                                Buffers: shared hit=443
Planning Time: 0.101 ms
Execution Time: 87.162 ms",93.921,12064.92,100000,"HashAggregate  (cost=10088.36..12064.92 rows=100000 width=12) (actual rows=100000 loops=1)
  Group Key: e.employee_id, t_cte_1.c_count0
  Planned Partitions: 4  Batches: 5  Memory Usage: 4145kB  Disk Usage: 1800kB
  Buffers: shared hit=886, temp read=225 written=387
  ->  Hash Left Join  (cost=1975.50..3682.11 rows=100000 width=12) (actual rows=100000 loops=1)
        Hash Cond: (e.team_id = t_cte_1.c_team_id0)
        Buffers: shared hit=886
        ->  Seq Scan on employee e  (cost=0.00..1443.00 rows=100000 width=8) (actual rows=100000 loops=1)
              Buffers: shared hit=443
        ->  Hash  (cost=1963.00..1963.00 rows=1000 width=12) (actual rows=1000 loops=1)
              Buckets: 1024  Batches: 1  Memory Usage: 51kB
              Buffers: shared hit=443
              ->  Subquery Scan on t_cte_1  (cost=1943.00..1963.00 rows=1000 width=12) (actual rows=1000 loops=1)
                    Buffers: shared hit=443
                    ->  HashAggregate  (cost=1943.00..1953.00 rows=1000 width=12) (actual rows=1000 loops=1)
                          Group Key: t_employee_0.team_id
                          Batches: 1  Memory Usage: 193kB
                          Buffers: shared hit=443
                          ->  Seq Scan on employee t_employee_0  (cost=0.00..1443.00 rows=100000 width=8) (actual rows=100000 loops=1)
                                Buffers: shared hit=443
Planning Time: 0.114 ms
Execution Time: 93.921 ms",95.948,12064.92,100000,"HashAggregate  (cost=10088.36..12064.92 rows=100000 width=12) (actual rows=100000 loops=1)
  Group Key: e.employee_id, t_cte_1.c_count0
  Planned Partitions: 4  Batches: 5  Memory Usage: 4145kB  Disk Usage: 1800kB
  Buffers: shared hit=886, temp read=225 written=387
  ->  Hash Left Join  (cost=1975.50..3682.11 rows=100000 width=12) (actual rows=100000 loops=1)
        Hash Cond: (e.team_id = t_cte_1.c_team_id0)
        Buffers: shared hit=886
        ->  Seq Scan on employee e  (cost=0.00..1443.00 rows=100000 width=8) (actual rows=100000 loops=1)
              Buffers: shared hit=443
        ->  Hash  (cost=1963.00..1963.00 rows=1000 width=12) (actual rows=1000 loops=1)
              Buckets: 1024  Batches: 1  Memory Usage: 51kB
              Buffers: shared hit=443
              ->  Subquery Scan on t_cte_1  (cost=1943.00..1963.00 rows=1000 width=12) (actual rows=1000 loops=1)
                    Buffers: shared hit=443
                    ->  HashAggregate  (cost=1943.00..1953.00 rows=1000 width=12) (actual rows=1000 loops=1)
                          Group Key: t_employee_0.team_id
                          Batches: 1  Memory Usage: 193kB
                          Buffers: shared hit=443
                          ->  Seq Scan on employee t_employee_0  (cost=0.00..1443.00 rows=100000 width=8) (actual rows=100000 loops=1)
                                Buffers: shared hit=443
Planning Time: 0.157 ms
Execution Time: 95.948 ms",96.71,12064.92,100000,"HashAggregate  (cost=10088.36..12064.92 rows=100000 width=12) (actual rows=100000 loops=1)
  Group Key: e.employee_id, t_cte_1.c_count0
  Planned Partitions: 4  Batches: 5  Memory Usage: 4145kB  Disk Usage: 1800kB
  Buffers: shared hit=886, temp read=225 written=387
  ->  Hash Left Join  (cost=1975.50..3682.11 rows=100000 width=12) (actual rows=100000 loops=1)
        Hash Cond: (e.team_id = t_cte_1.c_team_id0)
        Buffers: shared hit=886
        ->  Seq Scan on employee e  (cost=0.00..1443.00 rows=100000 width=8) (actual rows=100000 loops=1)
              Buffers: shared hit=443
        ->  Hash  (cost=1963.00..1963.00 rows=1000 width=12) (actual rows=1000 loops=1)
              Buckets: 1024  Batches: 1  Memory Usage: 51kB
              Buffers: shared hit=443
              ->  Subquery Scan on t_cte_1  (cost=1943.00..1963.00 rows=1000 width=12) (actual rows=1000 loops=1)
                    Buffers: shared hit=443
                    ->  HashAggregate  (cost=1943.00..1953.00 rows=1000 width=12) (actual rows=1000 loops=1)
                          Group Key: t_employee_0.team_id
                          Batches: 1  Memory Usage: 193kB
                          Buffers: shared hit=443
                          ->  Seq Scan on employee t_employee_0  (cost=0.00..1443.00 rows=100000 width=8) (actual rows=100000 loops=1)
                                Buffers: shared hit=443
Planning Time: 0.135 ms
Execution Time: 96.710 ms",91.766,12064.92,100000,"HashAggregate  (cost=10088.36..12064.92 rows=100000 width=12) (actual rows=100000 loops=1)
  Group Key: e.employee_id, t_cte_1.c_count0
  Planned Partitions: 4  Batches: 5  Memory Usage: 4145kB  Disk Usage: 1800kB
  Buffers: shared hit=886, temp read=225 written=387
  ->  Hash Left Join  (cost=1975.50..3682.11 rows=100000 width=12) (actual rows=100000 loops=1)
        Hash Cond: (e.team_id = t_cte_1.c_team_id0)
        Buffers: shared hit=886
        ->  Seq Scan on employee e  (cost=0.00..1443.00 rows=100000 width=8) (actual rows=100000 loops=1)
              Buffers: shared hit=443
        ->  Hash  (cost=1963.00..1963.00 rows=1000 width=12) (actual rows=1000 loops=1)
              Buckets: 1024  Batches: 1  Memory Usage: 51kB
              Buffers: shared hit=443
              ->  Subquery Scan on t_cte_1  (cost=1943.00..1963.00 rows=1000 width=12) (actual rows=1000 loops=1)
                    Buffers: shared hit=443
                    ->  HashAggregate  (cost=1943.00..1953.00 rows=1000 width=12) (actual rows=1000 loops=1)
                          Group Key: t_employee_0.team_id
                          Batches: 1  Memory Usage: 193kB
                          Buffers: shared hit=443
                          ->  Seq Scan on employee t_employee_0  (cost=0.00..1443.00 rows=100000 width=8) (actual rows=100000 loops=1)
                                Buffers: shared hit=443
Planning Time: 0.284 ms
Execution Time: 91.766 ms",93.1014,93.921,96.329,97.0148,12064.92,12064.92,100000,100000,100000,100000,1303_37,746,1303,37,Easy,"select employee_id, team_size from schema_1303.employee as e left outer join (select team_id, count(distinct employee_id) as team_size from schema_1303.employee group by team_id) as teams on e.team_id = teams.team_id",85.543,12236.93,100000,"Hash Left Join  (cost=10530.32..12236.93 rows=100000 width=12) (actual rows=100000 loops=1)
  Hash Cond: (e.team_id = teams.team_id)
  Buffers: shared hit=886, temp read=221 written=222
  ->  Seq Scan on employee e  (cost=0.00..1443.00 rows=100000 width=8) (actual rows=100000 loops=1)
        Buffers: shared hit=443
  ->  Hash  (cost=10517.82..10517.82 rows=1000 width=12) (actual rows=1000 loops=1)
        Buckets: 1024  Batches: 1  Memory Usage: 51kB
        Buffers: shared hit=443, temp read=221 written=222
        ->  Subquery Scan on teams  (cost=9747.82..10517.82 rows=1000 width=12) (actual rows=1000 loops=1)
              Buffers: shared hit=443, temp read=221 written=222
              ->  GroupAggregate  (cost=9747.82..10507.82 rows=1000 width=12) (actual rows=1000 loops=1)
                    Group Key: employee.team_id
                    Buffers: shared hit=443, temp read=221 written=222
                    ->  Sort  (cost=9747.82..9997.82 rows=100000 width=8) (actual rows=100000 loops=1)
                          Sort Key: employee.team_id
                          Sort Method: external merge  Disk: 1768kB
                          Buffers: shared hit=443, temp read=221 written=222
                          ->  Seq Scan on employee  (cost=0.00..1443.00 rows=100000 width=8) (actual rows=100000 loops=1)
                                Buffers: shared hit=443
Planning Time: 0.093 ms
Execution Time: 85.543 ms",130.576,12236.93,100000,"Hash Left Join  (cost=10530.32..12236.93 rows=100000 width=12) (actual rows=100000 loops=1)
  Hash Cond: (e.team_id = teams.team_id)
  Buffers: shared hit=886, temp read=221 written=222
  ->  Seq Scan on employee e  (cost=0.00..1443.00 rows=100000 width=8) (actual rows=100000 loops=1)
        Buffers: shared hit=443
  ->  Hash  (cost=10517.82..10517.82 rows=1000 width=12) (actual rows=1000 loops=1)
        Buckets: 1024  Batches: 1  Memory Usage: 51kB
        Buffers: shared hit=443, temp read=221 written=222
        ->  Subquery Scan on teams  (cost=9747.82..10517.82 rows=1000 width=12) (actual rows=1000 loops=1)
              Buffers: shared hit=443, temp read=221 written=222
              ->  GroupAggregate  (cost=9747.82..10507.82 rows=1000 width=12) (actual rows=1000 loops=1)
                    Group Key: employee.team_id
                    Buffers: shared hit=443, temp read=221 written=222
                    ->  Sort  (cost=9747.82..9997.82 rows=100000 width=8) (actual rows=100000 loops=1)
                          Sort Key: employee.team_id
                          Sort Method: external merge  Disk: 1768kB
                          Buffers: shared hit=443, temp read=221 written=222
                          ->  Seq Scan on employee  (cost=0.00..1443.00 rows=100000 width=8) (actual rows=100000 loops=1)
                                Buffers: shared hit=443
Planning Time: 0.147 ms
Execution Time: 130.576 ms",89.181,12236.93,100000,"Hash Left Join  (cost=10530.32..12236.93 rows=100000 width=12) (actual rows=100000 loops=1)
  Hash Cond: (e.team_id = teams.team_id)
  Buffers: shared hit=886, temp read=221 written=222
  ->  Seq Scan on employee e  (cost=0.00..1443.00 rows=100000 width=8) (actual rows=100000 loops=1)
        Buffers: shared hit=443
  ->  Hash  (cost=10517.82..10517.82 rows=1000 width=12) (actual rows=1000 loops=1)
        Buckets: 1024  Batches: 1  Memory Usage: 51kB
        Buffers: shared hit=443, temp read=221 written=222
        ->  Subquery Scan on teams  (cost=9747.82..10517.82 rows=1000 width=12) (actual rows=1000 loops=1)
              Buffers: shared hit=443, temp read=221 written=222
              ->  GroupAggregate  (cost=9747.82..10507.82 rows=1000 width=12) (actual rows=1000 loops=1)
                    Group Key: employee.team_id
                    Buffers: shared hit=443, temp read=221 written=222
                    ->  Sort  (cost=9747.82..9997.82 rows=100000 width=8) (actual rows=100000 loops=1)
                          Sort Key: employee.team_id
                          Sort Method: external merge  Disk: 1768kB
                          Buffers: shared hit=443, temp read=221 written=222
                          ->  Seq Scan on employee  (cost=0.00..1443.00 rows=100000 width=8) (actual rows=100000 loops=1)
                                Buffers: shared hit=443
Planning Time: 0.194 ms
Execution Time: 89.181 ms",93.731,12236.93,100000,"Hash Left Join  (cost=10530.32..12236.93 rows=100000 width=12) (actual rows=100000 loops=1)
  Hash Cond: (e.team_id = teams.team_id)
  Buffers: shared hit=886, temp read=221 written=222
  ->  Seq Scan on employee e  (cost=0.00..1443.00 rows=100000 width=8) (actual rows=100000 loops=1)
        Buffers: shared hit=443
  ->  Hash  (cost=10517.82..10517.82 rows=1000 width=12) (actual rows=1000 loops=1)
        Buckets: 1024  Batches: 1  Memory Usage: 51kB
        Buffers: shared hit=443, temp read=221 written=222
        ->  Subquery Scan on teams  (cost=9747.82..10517.82 rows=1000 width=12) (actual rows=1000 loops=1)
              Buffers: shared hit=443, temp read=221 written=222
              ->  GroupAggregate  (cost=9747.82..10507.82 rows=1000 width=12) (actual rows=1000 loops=1)
                    Group Key: employee.team_id
                    Buffers: shared hit=443, temp read=221 written=222
                    ->  Sort  (cost=9747.82..9997.82 rows=100000 width=8) (actual rows=100000 loops=1)
                          Sort Key: employee.team_id
                          Sort Method: external merge  Disk: 1768kB
                          Buffers: shared hit=443, temp read=221 written=222
                          ->  Seq Scan on employee  (cost=0.00..1443.00 rows=100000 width=8) (actual rows=100000 loops=1)
                                Buffers: shared hit=443
Planning Time: 0.132 ms
Execution Time: 93.731 ms",93.695,12236.93,100000,"Hash Left Join  (cost=10530.32..12236.93 rows=100000 width=12) (actual rows=100000 loops=1)
  Hash Cond: (e.team_id = teams.team_id)
  Buffers: shared hit=886, temp read=221 written=222
  ->  Seq Scan on employee e  (cost=0.00..1443.00 rows=100000 width=8) (actual rows=100000 loops=1)
        Buffers: shared hit=443
  ->  Hash  (cost=10517.82..10517.82 rows=1000 width=12) (actual rows=1000 loops=1)
        Buckets: 1024  Batches: 1  Memory Usage: 51kB
        Buffers: shared hit=443, temp read=221 written=222
        ->  Subquery Scan on teams  (cost=9747.82..10517.82 rows=1000 width=12) (actual rows=1000 loops=1)
              Buffers: shared hit=443, temp read=221 written=222
              ->  GroupAggregate  (cost=9747.82..10507.82 rows=1000 width=12) (actual rows=1000 loops=1)
                    Group Key: employee.team_id
                    Buffers: shared hit=443, temp read=221 written=222
                    ->  Sort  (cost=9747.82..9997.82 rows=100000 width=8) (actual rows=100000 loops=1)
                          Sort Key: employee.team_id
                          Sort Method: external merge  Disk: 1768kB
                          Buffers: shared hit=443, temp read=221 written=222
                          ->  Seq Scan on employee  (cost=0.00..1443.00 rows=100000 width=8) (actual rows=100000 loops=1)
                                Buffers: shared hit=443
Planning Time: 0.214 ms
Execution Time: 93.695 ms",98.5452,93.695,112.1535,145.314,12236.93,12236.93,100000,100000,100000,100000,not normal,normal,332.35463919999984,14.71415879999996,equal variances,not significant,0.7261904761904762,-5.443799999999996,0.2260000000000133,-172.01000000000022,0,True
749,1303,41,Easy,"select distinct t_employee_0.employee_id as employee_id, t_cte_5.c_count0 as team_size from schema_1303.employee as t_employee_0 left join (select count(t_employee_1.employee_id) as c_count0, t_employee_1.team_id as c_team_id0 from schema_1303.employee as t_employee_1 group by t_employee_1.team_id) as t_cte_5 on t_employee_0.team_id = t_cte_5.c_team_id0",87.3,12064.92,100000,"HashAggregate  (cost=10088.36..12064.92 rows=100000 width=12) (actual rows=100000 loops=1)
  Group Key: t_employee_0.employee_id, (count(t_employee_1.employee_id))
  Planned Partitions: 4  Batches: 5  Memory Usage: 4145kB  Disk Usage: 1800kB
  Buffers: shared hit=886, temp read=225 written=387
  ->  Hash Left Join  (cost=1975.50..3682.11 rows=100000 width=12) (actual rows=100000 loops=1)
        Hash Cond: (t_employee_0.team_id = t_employee_1.team_id)
        Buffers: shared hit=886
        ->  Seq Scan on employee t_employee_0  (cost=0.00..1443.00 rows=100000 width=8) (actual rows=100000 loops=1)
              Buffers: shared hit=443
        ->  Hash  (cost=1963.00..1963.00 rows=1000 width=12) (actual rows=1000 loops=1)
              Buckets: 1024  Batches: 1  Memory Usage: 51kB
              Buffers: shared hit=443
              ->  HashAggregate  (cost=1943.00..1953.00 rows=1000 width=12) (actual rows=1000 loops=1)
                    Group Key: t_employee_1.team_id
                    Batches: 1  Memory Usage: 193kB
                    Buffers: shared hit=443
                    ->  Seq Scan on employee t_employee_1  (cost=0.00..1443.00 rows=100000 width=8) (actual rows=100000 loops=1)
                          Buffers: shared hit=443
Planning Time: 0.101 ms
Execution Time: 87.300 ms",97.872,12064.92,100000,"HashAggregate  (cost=10088.36..12064.92 rows=100000 width=12) (actual rows=100000 loops=1)
  Group Key: t_employee_0.employee_id, (count(t_employee_1.employee_id))
  Planned Partitions: 4  Batches: 5  Memory Usage: 4145kB  Disk Usage: 1800kB
  Buffers: shared hit=886, temp read=225 written=387
  ->  Hash Left Join  (cost=1975.50..3682.11 rows=100000 width=12) (actual rows=100000 loops=1)
        Hash Cond: (t_employee_0.team_id = t_employee_1.team_id)
        Buffers: shared hit=886
        ->  Seq Scan on employee t_employee_0  (cost=0.00..1443.00 rows=100000 width=8) (actual rows=100000 loops=1)
              Buffers: shared hit=443
        ->  Hash  (cost=1963.00..1963.00 rows=1000 width=12) (actual rows=1000 loops=1)
              Buckets: 1024  Batches: 1  Memory Usage: 51kB
              Buffers: shared hit=443
              ->  HashAggregate  (cost=1943.00..1953.00 rows=1000 width=12) (actual rows=1000 loops=1)
                    Group Key: t_employee_1.team_id
                    Batches: 1  Memory Usage: 193kB
                    Buffers: shared hit=443
                    ->  Seq Scan on employee t_employee_1  (cost=0.00..1443.00 rows=100000 width=8) (actual rows=100000 loops=1)
                          Buffers: shared hit=443
Planning Time: 0.183 ms
Execution Time: 97.872 ms",96.984,12064.92,100000,"HashAggregate  (cost=10088.36..12064.92 rows=100000 width=12) (actual rows=100000 loops=1)
  Group Key: t_employee_0.employee_id, (count(t_employee_1.employee_id))
  Planned Partitions: 4  Batches: 5  Memory Usage: 4145kB  Disk Usage: 1800kB
  Buffers: shared hit=886, temp read=225 written=387
  ->  Hash Left Join  (cost=1975.50..3682.11 rows=100000 width=12) (actual rows=100000 loops=1)
        Hash Cond: (t_employee_0.team_id = t_employee_1.team_id)
        Buffers: shared hit=886
        ->  Seq Scan on employee t_employee_0  (cost=0.00..1443.00 rows=100000 width=8) (actual rows=100000 loops=1)
              Buffers: shared hit=443
        ->  Hash  (cost=1963.00..1963.00 rows=1000 width=12) (actual rows=1000 loops=1)
              Buckets: 1024  Batches: 1  Memory Usage: 51kB
              Buffers: shared hit=443
              ->  HashAggregate  (cost=1943.00..1953.00 rows=1000 width=12) (actual rows=1000 loops=1)
                    Group Key: t_employee_1.team_id
                    Batches: 1  Memory Usage: 193kB
                    Buffers: shared hit=443
                    ->  Seq Scan on employee t_employee_1  (cost=0.00..1443.00 rows=100000 width=8) (actual rows=100000 loops=1)
                          Buffers: shared hit=443
Planning Time: 0.174 ms
Execution Time: 96.984 ms",94.418,12064.92,100000,"HashAggregate  (cost=10088.36..12064.92 rows=100000 width=12) (actual rows=100000 loops=1)
  Group Key: t_employee_0.employee_id, (count(t_employee_1.employee_id))
  Planned Partitions: 4  Batches: 5  Memory Usage: 4145kB  Disk Usage: 1800kB
  Buffers: shared hit=886, temp read=225 written=387
  ->  Hash Left Join  (cost=1975.50..3682.11 rows=100000 width=12) (actual rows=100000 loops=1)
        Hash Cond: (t_employee_0.team_id = t_employee_1.team_id)
        Buffers: shared hit=886
        ->  Seq Scan on employee t_employee_0  (cost=0.00..1443.00 rows=100000 width=8) (actual rows=100000 loops=1)
              Buffers: shared hit=443
        ->  Hash  (cost=1963.00..1963.00 rows=1000 width=12) (actual rows=1000 loops=1)
              Buckets: 1024  Batches: 1  Memory Usage: 51kB
              Buffers: shared hit=443
              ->  HashAggregate  (cost=1943.00..1953.00 rows=1000 width=12) (actual rows=1000 loops=1)
                    Group Key: t_employee_1.team_id
                    Batches: 1  Memory Usage: 193kB
                    Buffers: shared hit=443
                    ->  Seq Scan on employee t_employee_1  (cost=0.00..1443.00 rows=100000 width=8) (actual rows=100000 loops=1)
                          Buffers: shared hit=443
Planning Time: 0.113 ms
Execution Time: 94.418 ms",95.157,12064.92,100000,"HashAggregate  (cost=10088.36..12064.92 rows=100000 width=12) (actual rows=100000 loops=1)
  Group Key: t_employee_0.employee_id, (count(t_employee_1.employee_id))
  Planned Partitions: 4  Batches: 5  Memory Usage: 4145kB  Disk Usage: 1800kB
  Buffers: shared hit=886, temp read=225 written=387
  ->  Hash Left Join  (cost=1975.50..3682.11 rows=100000 width=12) (actual rows=100000 loops=1)
        Hash Cond: (t_employee_0.team_id = t_employee_1.team_id)
        Buffers: shared hit=886
        ->  Seq Scan on employee t_employee_0  (cost=0.00..1443.00 rows=100000 width=8) (actual rows=100000 loops=1)
              Buffers: shared hit=443
        ->  Hash  (cost=1963.00..1963.00 rows=1000 width=12) (actual rows=1000 loops=1)
              Buckets: 1024  Batches: 1  Memory Usage: 51kB
              Buffers: shared hit=443
              ->  HashAggregate  (cost=1943.00..1953.00 rows=1000 width=12) (actual rows=1000 loops=1)
                    Group Key: t_employee_1.team_id
                    Batches: 1  Memory Usage: 193kB
                    Buffers: shared hit=443
                    ->  Seq Scan on employee t_employee_1  (cost=0.00..1443.00 rows=100000 width=8) (actual rows=100000 loops=1)
                          Buffers: shared hit=443
Planning Time: 0.148 ms
Execution Time: 95.157 ms",94.3462,95.157,97.428,98.2272,12064.92,12064.92,100000,100000,100000,100000,1303_41,749,1303,41,Easy,"select employee_id, team_size from schema_1303.employee left outer join (select team_id, count(distinct employee_id) as team_size from schema_1303.employee group by team_id) as teams on employee.team_id = teams.team_id",88.303,12236.93,100000,"Hash Left Join  (cost=10530.32..12236.93 rows=100000 width=12) (actual rows=100000 loops=1)
  Hash Cond: (employee.team_id = teams.team_id)
  Buffers: shared hit=886, temp read=221 written=222
  ->  Seq Scan on employee  (cost=0.00..1443.00 rows=100000 width=8) (actual rows=100000 loops=1)
        Buffers: shared hit=443
  ->  Hash  (cost=10517.82..10517.82 rows=1000 width=12) (actual rows=1000 loops=1)
        Buckets: 1024  Batches: 1  Memory Usage: 51kB
        Buffers: shared hit=443, temp read=221 written=222
        ->  Subquery Scan on teams  (cost=9747.82..10517.82 rows=1000 width=12) (actual rows=1000 loops=1)
              Buffers: shared hit=443, temp read=221 written=222
              ->  GroupAggregate  (cost=9747.82..10507.82 rows=1000 width=12) (actual rows=1000 loops=1)
                    Group Key: employee_1.team_id
                    Buffers: shared hit=443, temp read=221 written=222
                    ->  Sort  (cost=9747.82..9997.82 rows=100000 width=8) (actual rows=100000 loops=1)
                          Sort Key: employee_1.team_id
                          Sort Method: external merge  Disk: 1768kB
                          Buffers: shared hit=443, temp read=221 written=222
                          ->  Seq Scan on employee employee_1  (cost=0.00..1443.00 rows=100000 width=8) (actual rows=100000 loops=1)
                                Buffers: shared hit=443
Planning Time: 0.093 ms
Execution Time: 88.303 ms",94.424,12236.93,100000,"Hash Left Join  (cost=10530.32..12236.93 rows=100000 width=12) (actual rows=100000 loops=1)
  Hash Cond: (employee.team_id = teams.team_id)
  Buffers: shared hit=886, temp read=221 written=222
  ->  Seq Scan on employee  (cost=0.00..1443.00 rows=100000 width=8) (actual rows=100000 loops=1)
        Buffers: shared hit=443
  ->  Hash  (cost=10517.82..10517.82 rows=1000 width=12) (actual rows=1000 loops=1)
        Buckets: 1024  Batches: 1  Memory Usage: 51kB
        Buffers: shared hit=443, temp read=221 written=222
        ->  Subquery Scan on teams  (cost=9747.82..10517.82 rows=1000 width=12) (actual rows=1000 loops=1)
              Buffers: shared hit=443, temp read=221 written=222
              ->  GroupAggregate  (cost=9747.82..10507.82 rows=1000 width=12) (actual rows=1000 loops=1)
                    Group Key: employee_1.team_id
                    Buffers: shared hit=443, temp read=221 written=222
                    ->  Sort  (cost=9747.82..9997.82 rows=100000 width=8) (actual rows=100000 loops=1)
                          Sort Key: employee_1.team_id
                          Sort Method: external merge  Disk: 1768kB
                          Buffers: shared hit=443, temp read=221 written=222
                          ->  Seq Scan on employee employee_1  (cost=0.00..1443.00 rows=100000 width=8) (actual rows=100000 loops=1)
                                Buffers: shared hit=443
Planning Time: 0.131 ms
Execution Time: 94.424 ms",97.384,12236.93,100000,"Hash Left Join  (cost=10530.32..12236.93 rows=100000 width=12) (actual rows=100000 loops=1)
  Hash Cond: (employee.team_id = teams.team_id)
  Buffers: shared hit=886, temp read=221 written=222
  ->  Seq Scan on employee  (cost=0.00..1443.00 rows=100000 width=8) (actual rows=100000 loops=1)
        Buffers: shared hit=443
  ->  Hash  (cost=10517.82..10517.82 rows=1000 width=12) (actual rows=1000 loops=1)
        Buckets: 1024  Batches: 1  Memory Usage: 51kB
        Buffers: shared hit=443, temp read=221 written=222
        ->  Subquery Scan on teams  (cost=9747.82..10517.82 rows=1000 width=12) (actual rows=1000 loops=1)
              Buffers: shared hit=443, temp read=221 written=222
              ->  GroupAggregate  (cost=9747.82..10507.82 rows=1000 width=12) (actual rows=1000 loops=1)
                    Group Key: employee_1.team_id
                    Buffers: shared hit=443, temp read=221 written=222
                    ->  Sort  (cost=9747.82..9997.82 rows=100000 width=8) (actual rows=100000 loops=1)
                          Sort Key: employee_1.team_id
                          Sort Method: external merge  Disk: 1768kB
                          Buffers: shared hit=443, temp read=221 written=222
                          ->  Seq Scan on employee employee_1  (cost=0.00..1443.00 rows=100000 width=8) (actual rows=100000 loops=1)
                                Buffers: shared hit=443
Planning Time: 0.142 ms
Execution Time: 97.384 ms",93.467,12236.93,100000,"Hash Left Join  (cost=10530.32..12236.93 rows=100000 width=12) (actual rows=100000 loops=1)
  Hash Cond: (employee.team_id = teams.team_id)
  Buffers: shared hit=886, temp read=221 written=222
  ->  Seq Scan on employee  (cost=0.00..1443.00 rows=100000 width=8) (actual rows=100000 loops=1)
        Buffers: shared hit=443
  ->  Hash  (cost=10517.82..10517.82 rows=1000 width=12) (actual rows=1000 loops=1)
        Buckets: 1024  Batches: 1  Memory Usage: 51kB
        Buffers: shared hit=443, temp read=221 written=222
        ->  Subquery Scan on teams  (cost=9747.82..10517.82 rows=1000 width=12) (actual rows=1000 loops=1)
              Buffers: shared hit=443, temp read=221 written=222
              ->  GroupAggregate  (cost=9747.82..10507.82 rows=1000 width=12) (actual rows=1000 loops=1)
                    Group Key: employee_1.team_id
                    Buffers: shared hit=443, temp read=221 written=222
                    ->  Sort  (cost=9747.82..9997.82 rows=100000 width=8) (actual rows=100000 loops=1)
                          Sort Key: employee_1.team_id
                          Sort Method: external merge  Disk: 1768kB
                          Buffers: shared hit=443, temp read=221 written=222
                          ->  Seq Scan on employee employee_1  (cost=0.00..1443.00 rows=100000 width=8) (actual rows=100000 loops=1)
                                Buffers: shared hit=443
Planning Time: 0.132 ms
Execution Time: 93.467 ms",130.059,12236.93,100000,"Hash Left Join  (cost=10530.32..12236.93 rows=100000 width=12) (actual rows=100000 loops=1)
  Hash Cond: (employee.team_id = teams.team_id)
  Buffers: shared hit=886, temp read=221 written=222
  ->  Seq Scan on employee  (cost=0.00..1443.00 rows=100000 width=8) (actual rows=100000 loops=1)
        Buffers: shared hit=443
  ->  Hash  (cost=10517.82..10517.82 rows=1000 width=12) (actual rows=1000 loops=1)
        Buckets: 1024  Batches: 1  Memory Usage: 51kB
        Buffers: shared hit=443, temp read=221 written=222
        ->  Subquery Scan on teams  (cost=9747.82..10517.82 rows=1000 width=12) (actual rows=1000 loops=1)
              Buffers: shared hit=443, temp read=221 written=222
              ->  GroupAggregate  (cost=9747.82..10507.82 rows=1000 width=12) (actual rows=1000 loops=1)
                    Group Key: employee_1.team_id
                    Buffers: shared hit=443, temp read=221 written=222
                    ->  Sort  (cost=9747.82..9997.82 rows=100000 width=8) (actual rows=100000 loops=1)
                          Sort Key: employee_1.team_id
                          Sort Method: external merge  Disk: 1768kB
                          Buffers: shared hit=443, temp read=221 written=222
                          ->  Seq Scan on employee employee_1  (cost=0.00..1443.00 rows=100000 width=8) (actual rows=100000 loops=1)
                                Buffers: shared hit=443
Planning Time: 0.157 ms
Execution Time: 130.059 ms",100.7274,94.424,113.7215,143.129,12236.93,12236.93,100000,100000,100000,100000,not normal,normal,279.5832643,17.425185200000005,equal variances,not significant,0.5,-6.381200000000007,0.7329999999999899,-172.01000000000022,0,True
755,1303,72,Easy,"select distinct a.employee_id as employee_id, t_cte_3.c_count0 as team_size from schema_1303.employee as a left join (select t_employee_0.team_id as c_team_id0, count(t_employee_0.employee_id) as c_count0 from schema_1303.employee as t_employee_0 group by t_employee_0.team_id) as t_cte_3 on a.team_id = t_cte_3.c_team_id0",89.27,12064.92,100000,"HashAggregate  (cost=10088.36..12064.92 rows=100000 width=12) (actual rows=100000 loops=1)
  Group Key: a.employee_id, t_cte_3.c_count0
  Planned Partitions: 4  Batches: 5  Memory Usage: 4145kB  Disk Usage: 1800kB
  Buffers: shared hit=886, temp read=225 written=387
  ->  Hash Left Join  (cost=1975.50..3682.11 rows=100000 width=12) (actual rows=100000 loops=1)
        Hash Cond: (a.team_id = t_cte_3.c_team_id0)
        Buffers: shared hit=886
        ->  Seq Scan on employee a  (cost=0.00..1443.00 rows=100000 width=8) (actual rows=100000 loops=1)
              Buffers: shared hit=443
        ->  Hash  (cost=1963.00..1963.00 rows=1000 width=12) (actual rows=1000 loops=1)
              Buckets: 1024  Batches: 1  Memory Usage: 51kB
              Buffers: shared hit=443
              ->  Subquery Scan on t_cte_3  (cost=1943.00..1963.00 rows=1000 width=12) (actual rows=1000 loops=1)
                    Buffers: shared hit=443
                    ->  HashAggregate  (cost=1943.00..1953.00 rows=1000 width=12) (actual rows=1000 loops=1)
                          Group Key: t_employee_0.team_id
                          Batches: 1  Memory Usage: 193kB
                          Buffers: shared hit=443
                          ->  Seq Scan on employee t_employee_0  (cost=0.00..1443.00 rows=100000 width=8) (actual rows=100000 loops=1)
                                Buffers: shared hit=443
Planning Time: 0.111 ms
Execution Time: 89.270 ms",94.953,12064.92,100000,"HashAggregate  (cost=10088.36..12064.92 rows=100000 width=12) (actual rows=100000 loops=1)
  Group Key: a.employee_id, t_cte_3.c_count0
  Planned Partitions: 4  Batches: 5  Memory Usage: 4145kB  Disk Usage: 1800kB
  Buffers: shared hit=886, temp read=225 written=387
  ->  Hash Left Join  (cost=1975.50..3682.11 rows=100000 width=12) (actual rows=100000 loops=1)
        Hash Cond: (a.team_id = t_cte_3.c_team_id0)
        Buffers: shared hit=886
        ->  Seq Scan on employee a  (cost=0.00..1443.00 rows=100000 width=8) (actual rows=100000 loops=1)
              Buffers: shared hit=443
        ->  Hash  (cost=1963.00..1963.00 rows=1000 width=12) (actual rows=1000 loops=1)
              Buckets: 1024  Batches: 1  Memory Usage: 51kB
              Buffers: shared hit=443
              ->  Subquery Scan on t_cte_3  (cost=1943.00..1963.00 rows=1000 width=12) (actual rows=1000 loops=1)
                    Buffers: shared hit=443
                    ->  HashAggregate  (cost=1943.00..1953.00 rows=1000 width=12) (actual rows=1000 loops=1)
                          Group Key: t_employee_0.team_id
                          Batches: 1  Memory Usage: 193kB
                          Buffers: shared hit=443
                          ->  Seq Scan on employee t_employee_0  (cost=0.00..1443.00 rows=100000 width=8) (actual rows=100000 loops=1)
                                Buffers: shared hit=443
Planning Time: 0.165 ms
Execution Time: 94.953 ms",95.684,12064.92,100000,"HashAggregate  (cost=10088.36..12064.92 rows=100000 width=12) (actual rows=100000 loops=1)
  Group Key: a.employee_id, t_cte_3.c_count0
  Planned Partitions: 4  Batches: 5  Memory Usage: 4145kB  Disk Usage: 1800kB
  Buffers: shared hit=886, temp read=225 written=387
  ->  Hash Left Join  (cost=1975.50..3682.11 rows=100000 width=12) (actual rows=100000 loops=1)
        Hash Cond: (a.team_id = t_cte_3.c_team_id0)
        Buffers: shared hit=886
        ->  Seq Scan on employee a  (cost=0.00..1443.00 rows=100000 width=8) (actual rows=100000 loops=1)
              Buffers: shared hit=443
        ->  Hash  (cost=1963.00..1963.00 rows=1000 width=12) (actual rows=1000 loops=1)
              Buckets: 1024  Batches: 1  Memory Usage: 51kB
              Buffers: shared hit=443
              ->  Subquery Scan on t_cte_3  (cost=1943.00..1963.00 rows=1000 width=12) (actual rows=1000 loops=1)
                    Buffers: shared hit=443
                    ->  HashAggregate  (cost=1943.00..1953.00 rows=1000 width=12) (actual rows=1000 loops=1)
                          Group Key: t_employee_0.team_id
                          Batches: 1  Memory Usage: 193kB
                          Buffers: shared hit=443
                          ->  Seq Scan on employee t_employee_0  (cost=0.00..1443.00 rows=100000 width=8) (actual rows=100000 loops=1)
                                Buffers: shared hit=443
Planning Time: 0.141 ms
Execution Time: 95.684 ms",101.515,12064.92,100000,"HashAggregate  (cost=10088.36..12064.92 rows=100000 width=12) (actual rows=100000 loops=1)
  Group Key: a.employee_id, t_cte_3.c_count0
  Planned Partitions: 4  Batches: 5  Memory Usage: 4145kB  Disk Usage: 1800kB
  Buffers: shared hit=886, temp read=225 written=387
  ->  Hash Left Join  (cost=1975.50..3682.11 rows=100000 width=12) (actual rows=100000 loops=1)
        Hash Cond: (a.team_id = t_cte_3.c_team_id0)
        Buffers: shared hit=886
        ->  Seq Scan on employee a  (cost=0.00..1443.00 rows=100000 width=8) (actual rows=100000 loops=1)
              Buffers: shared hit=443
        ->  Hash  (cost=1963.00..1963.00 rows=1000 width=12) (actual rows=1000 loops=1)
              Buckets: 1024  Batches: 1  Memory Usage: 51kB
              Buffers: shared hit=443
              ->  Subquery Scan on t_cte_3  (cost=1943.00..1963.00 rows=1000 width=12) (actual rows=1000 loops=1)
                    Buffers: shared hit=443
                    ->  HashAggregate  (cost=1943.00..1953.00 rows=1000 width=12) (actual rows=1000 loops=1)
                          Group Key: t_employee_0.team_id
                          Batches: 1  Memory Usage: 193kB
                          Buffers: shared hit=443
                          ->  Seq Scan on employee t_employee_0  (cost=0.00..1443.00 rows=100000 width=8) (actual rows=100000 loops=1)
                                Buffers: shared hit=443
Planning Time: 0.172 ms
Execution Time: 101.515 ms",94.768,12064.92,100000,"HashAggregate  (cost=10088.36..12064.92 rows=100000 width=12) (actual rows=100000 loops=1)
  Group Key: a.employee_id, t_cte_3.c_count0
  Planned Partitions: 4  Batches: 5  Memory Usage: 4145kB  Disk Usage: 1800kB
  Buffers: shared hit=886, temp read=225 written=387
  ->  Hash Left Join  (cost=1975.50..3682.11 rows=100000 width=12) (actual rows=100000 loops=1)
        Hash Cond: (a.team_id = t_cte_3.c_team_id0)
        Buffers: shared hit=886
        ->  Seq Scan on employee a  (cost=0.00..1443.00 rows=100000 width=8) (actual rows=100000 loops=1)
              Buffers: shared hit=443
        ->  Hash  (cost=1963.00..1963.00 rows=1000 width=12) (actual rows=1000 loops=1)
              Buckets: 1024  Batches: 1  Memory Usage: 51kB
              Buffers: shared hit=443
              ->  Subquery Scan on t_cte_3  (cost=1943.00..1963.00 rows=1000 width=12) (actual rows=1000 loops=1)
                    Buffers: shared hit=443
                    ->  HashAggregate  (cost=1943.00..1953.00 rows=1000 width=12) (actual rows=1000 loops=1)
                          Group Key: t_employee_0.team_id
                          Batches: 1  Memory Usage: 193kB
                          Buffers: shared hit=443
                          ->  Seq Scan on employee t_employee_0  (cost=0.00..1443.00 rows=100000 width=8) (actual rows=100000 loops=1)
                                Buffers: shared hit=443
Planning Time: 0.147 ms
Execution Time: 94.768 ms",95.238,94.953,98.5995,103.8474,12064.92,12064.92,100000,100000,100000,100000,1303_72,755,1303,72,Easy,"select a.employee_id, b.team_size from schema_1303.employee as a left outer join (select team_id, count(distinct employee_id) as team_size from schema_1303.employee group by 1) as b on a.team_id = b.team_id",84.15,12236.93,100000,"Hash Left Join  (cost=10530.32..12236.93 rows=100000 width=12) (actual rows=100000 loops=1)
  Hash Cond: (a.team_id = b.team_id)
  Buffers: shared hit=886, temp read=221 written=222
  ->  Seq Scan on employee a  (cost=0.00..1443.00 rows=100000 width=8) (actual rows=100000 loops=1)
        Buffers: shared hit=443
  ->  Hash  (cost=10517.82..10517.82 rows=1000 width=12) (actual rows=1000 loops=1)
        Buckets: 1024  Batches: 1  Memory Usage: 51kB
        Buffers: shared hit=443, temp read=221 written=222
        ->  Subquery Scan on b  (cost=9747.82..10517.82 rows=1000 width=12) (actual rows=1000 loops=1)
              Buffers: shared hit=443, temp read=221 written=222
              ->  GroupAggregate  (cost=9747.82..10507.82 rows=1000 width=12) (actual rows=1000 loops=1)
                    Group Key: employee.team_id
                    Buffers: shared hit=443, temp read=221 written=222
                    ->  Sort  (cost=9747.82..9997.82 rows=100000 width=8) (actual rows=100000 loops=1)
                          Sort Key: employee.team_id
                          Sort Method: external merge  Disk: 1768kB
                          Buffers: shared hit=443, temp read=221 written=222
                          ->  Seq Scan on employee  (cost=0.00..1443.00 rows=100000 width=8) (actual rows=100000 loops=1)
                                Buffers: shared hit=443
Planning Time: 0.094 ms
Execution Time: 84.150 ms",90.417,12236.93,100000,"Hash Left Join  (cost=10530.32..12236.93 rows=100000 width=12) (actual rows=100000 loops=1)
  Hash Cond: (a.team_id = b.team_id)
  Buffers: shared hit=886, temp read=221 written=222
  ->  Seq Scan on employee a  (cost=0.00..1443.00 rows=100000 width=8) (actual rows=100000 loops=1)
        Buffers: shared hit=443
  ->  Hash  (cost=10517.82..10517.82 rows=1000 width=12) (actual rows=1000 loops=1)
        Buckets: 1024  Batches: 1  Memory Usage: 51kB
        Buffers: shared hit=443, temp read=221 written=222
        ->  Subquery Scan on b  (cost=9747.82..10517.82 rows=1000 width=12) (actual rows=1000 loops=1)
              Buffers: shared hit=443, temp read=221 written=222
              ->  GroupAggregate  (cost=9747.82..10507.82 rows=1000 width=12) (actual rows=1000 loops=1)
                    Group Key: employee.team_id
                    Buffers: shared hit=443, temp read=221 written=222
                    ->  Sort  (cost=9747.82..9997.82 rows=100000 width=8) (actual rows=100000 loops=1)
                          Sort Key: employee.team_id
                          Sort Method: external merge  Disk: 1768kB
                          Buffers: shared hit=443, temp read=221 written=222
                          ->  Seq Scan on employee  (cost=0.00..1443.00 rows=100000 width=8) (actual rows=100000 loops=1)
                                Buffers: shared hit=443
Planning Time: 0.150 ms
Execution Time: 90.417 ms",91.22,12236.93,100000,"Hash Left Join  (cost=10530.32..12236.93 rows=100000 width=12) (actual rows=100000 loops=1)
  Hash Cond: (a.team_id = b.team_id)
  Buffers: shared hit=886, temp read=221 written=222
  ->  Seq Scan on employee a  (cost=0.00..1443.00 rows=100000 width=8) (actual rows=100000 loops=1)
        Buffers: shared hit=443
  ->  Hash  (cost=10517.82..10517.82 rows=1000 width=12) (actual rows=1000 loops=1)
        Buckets: 1024  Batches: 1  Memory Usage: 51kB
        Buffers: shared hit=443, temp read=221 written=222
        ->  Subquery Scan on b  (cost=9747.82..10517.82 rows=1000 width=12) (actual rows=1000 loops=1)
              Buffers: shared hit=443, temp read=221 written=222
              ->  GroupAggregate  (cost=9747.82..10507.82 rows=1000 width=12) (actual rows=1000 loops=1)
                    Group Key: employee.team_id
                    Buffers: shared hit=443, temp read=221 written=222
                    ->  Sort  (cost=9747.82..9997.82 rows=100000 width=8) (actual rows=100000 loops=1)
                          Sort Key: employee.team_id
                          Sort Method: external merge  Disk: 1768kB
                          Buffers: shared hit=443, temp read=221 written=222
                          ->  Seq Scan on employee  (cost=0.00..1443.00 rows=100000 width=8) (actual rows=100000 loops=1)
                                Buffers: shared hit=443
Planning Time: 0.156 ms
Execution Time: 91.220 ms",89.639,12236.93,100000,"Hash Left Join  (cost=10530.32..12236.93 rows=100000 width=12) (actual rows=100000 loops=1)
  Hash Cond: (a.team_id = b.team_id)
  Buffers: shared hit=886, temp read=221 written=222
  ->  Seq Scan on employee a  (cost=0.00..1443.00 rows=100000 width=8) (actual rows=100000 loops=1)
        Buffers: shared hit=443
  ->  Hash  (cost=10517.82..10517.82 rows=1000 width=12) (actual rows=1000 loops=1)
        Buckets: 1024  Batches: 1  Memory Usage: 51kB
        Buffers: shared hit=443, temp read=221 written=222
        ->  Subquery Scan on b  (cost=9747.82..10517.82 rows=1000 width=12) (actual rows=1000 loops=1)
              Buffers: shared hit=443, temp read=221 written=222
              ->  GroupAggregate  (cost=9747.82..10507.82 rows=1000 width=12) (actual rows=1000 loops=1)
                    Group Key: employee.team_id
                    Buffers: shared hit=443, temp read=221 written=222
                    ->  Sort  (cost=9747.82..9997.82 rows=100000 width=8) (actual rows=100000 loops=1)
                          Sort Key: employee.team_id
                          Sort Method: external merge  Disk: 1768kB
                          Buffers: shared hit=443, temp read=221 written=222
                          ->  Seq Scan on employee  (cost=0.00..1443.00 rows=100000 width=8) (actual rows=100000 loops=1)
                                Buffers: shared hit=443
Planning Time: 0.136 ms
Execution Time: 89.639 ms",91.603,12236.93,100000,"Hash Left Join  (cost=10530.32..12236.93 rows=100000 width=12) (actual rows=100000 loops=1)
  Hash Cond: (a.team_id = b.team_id)
  Buffers: shared hit=886, temp read=221 written=222
  ->  Seq Scan on employee a  (cost=0.00..1443.00 rows=100000 width=8) (actual rows=100000 loops=1)
        Buffers: shared hit=443
  ->  Hash  (cost=10517.82..10517.82 rows=1000 width=12) (actual rows=1000 loops=1)
        Buckets: 1024  Batches: 1  Memory Usage: 51kB
        Buffers: shared hit=443, temp read=221 written=222
        ->  Subquery Scan on b  (cost=9747.82..10517.82 rows=1000 width=12) (actual rows=1000 loops=1)
              Buffers: shared hit=443, temp read=221 written=222
              ->  GroupAggregate  (cost=9747.82..10507.82 rows=1000 width=12) (actual rows=1000 loops=1)
                    Group Key: employee.team_id
                    Buffers: shared hit=443, temp read=221 written=222
                    ->  Sort  (cost=9747.82..9997.82 rows=100000 width=8) (actual rows=100000 loops=1)
                          Sort Key: employee.team_id
                          Sort Method: external merge  Disk: 1768kB
                          Buffers: shared hit=443, temp read=221 written=222
                          ->  Seq Scan on employee  (cost=0.00..1443.00 rows=100000 width=8) (actual rows=100000 loops=1)
                                Buffers: shared hit=443
Planning Time: 0.101 ms
Execution Time: 91.603 ms",89.4058,90.417,91.4115,91.7562,12236.93,12236.93,100000,100000,100000,100000,not normal,normal,9.20483769999998,18.879698500000014,equal variances,not significant,0.9722222222222222,5.8322,4.536000000000001,-172.01000000000022,0,True
760,1303,82,Easy,"select distinct a.employee_id as employee_id, t_cte_9.c_count0 as team_size from (select count(t_employee_0.employee_id) as c_count0, t_employee_0.team_id as c_team_id0 from schema_1303.employee as t_employee_0 group by t_employee_0.team_id) as t_cte_9 left join schema_1303.employee as a on a.team_id = t_cte_9.c_team_id0",89.99,12064.92,100000,"HashAggregate  (cost=10088.36..12064.92 rows=100000 width=12) (actual rows=100000 loops=1)
  Group Key: a.employee_id, (count(t_employee_0.employee_id))
  Planned Partitions: 4  Batches: 5  Memory Usage: 4145kB  Disk Usage: 1800kB
  Buffers: shared hit=886, temp read=225 written=387
  ->  Hash Right Join  (cost=1975.50..3682.11 rows=100000 width=12) (actual rows=100000 loops=1)
        Hash Cond: (a.team_id = t_employee_0.team_id)
        Buffers: shared hit=886
        ->  Seq Scan on employee a  (cost=0.00..1443.00 rows=100000 width=8) (actual rows=100000 loops=1)
              Buffers: shared hit=443
        ->  Hash  (cost=1963.00..1963.00 rows=1000 width=12) (actual rows=1000 loops=1)
              Buckets: 1024  Batches: 1  Memory Usage: 51kB
              Buffers: shared hit=443
              ->  HashAggregate  (cost=1943.00..1953.00 rows=1000 width=12) (actual rows=1000 loops=1)
                    Group Key: t_employee_0.team_id
                    Batches: 1  Memory Usage: 193kB
                    Buffers: shared hit=443
                    ->  Seq Scan on employee t_employee_0  (cost=0.00..1443.00 rows=100000 width=8) (actual rows=100000 loops=1)
                          Buffers: shared hit=443
Planning Time: 0.150 ms
Execution Time: 89.990 ms",92.454,12064.92,100000,"HashAggregate  (cost=10088.36..12064.92 rows=100000 width=12) (actual rows=100000 loops=1)
  Group Key: a.employee_id, (count(t_employee_0.employee_id))
  Planned Partitions: 4  Batches: 5  Memory Usage: 4145kB  Disk Usage: 1800kB
  Buffers: shared hit=886, temp read=225 written=387
  ->  Hash Right Join  (cost=1975.50..3682.11 rows=100000 width=12) (actual rows=100000 loops=1)
        Hash Cond: (a.team_id = t_employee_0.team_id)
        Buffers: shared hit=886
        ->  Seq Scan on employee a  (cost=0.00..1443.00 rows=100000 width=8) (actual rows=100000 loops=1)
              Buffers: shared hit=443
        ->  Hash  (cost=1963.00..1963.00 rows=1000 width=12) (actual rows=1000 loops=1)
              Buckets: 1024  Batches: 1  Memory Usage: 51kB
              Buffers: shared hit=443
              ->  HashAggregate  (cost=1943.00..1953.00 rows=1000 width=12) (actual rows=1000 loops=1)
                    Group Key: t_employee_0.team_id
                    Batches: 1  Memory Usage: 193kB
                    Buffers: shared hit=443
                    ->  Seq Scan on employee t_employee_0  (cost=0.00..1443.00 rows=100000 width=8) (actual rows=100000 loops=1)
                          Buffers: shared hit=443
Planning Time: 0.162 ms
Execution Time: 92.454 ms",135.932,12064.92,100000,"HashAggregate  (cost=10088.36..12064.92 rows=100000 width=12) (actual rows=100000 loops=1)
  Group Key: a.employee_id, (count(t_employee_0.employee_id))
  Planned Partitions: 4  Batches: 5  Memory Usage: 4145kB  Disk Usage: 1800kB
  Buffers: shared hit=886, temp read=225 written=387
  ->  Hash Right Join  (cost=1975.50..3682.11 rows=100000 width=12) (actual rows=100000 loops=1)
        Hash Cond: (a.team_id = t_employee_0.team_id)
        Buffers: shared hit=886
        ->  Seq Scan on employee a  (cost=0.00..1443.00 rows=100000 width=8) (actual rows=100000 loops=1)
              Buffers: shared hit=443
        ->  Hash  (cost=1963.00..1963.00 rows=1000 width=12) (actual rows=1000 loops=1)
              Buckets: 1024  Batches: 1  Memory Usage: 51kB
              Buffers: shared hit=443
              ->  HashAggregate  (cost=1943.00..1953.00 rows=1000 width=12) (actual rows=1000 loops=1)
                    Group Key: t_employee_0.team_id
                    Batches: 1  Memory Usage: 193kB
                    Buffers: shared hit=443
                    ->  Seq Scan on employee t_employee_0  (cost=0.00..1443.00 rows=100000 width=8) (actual rows=100000 loops=1)
                          Buffers: shared hit=443
Planning Time: 0.144 ms
Execution Time: 135.932 ms",103.684,12064.92,100000,"HashAggregate  (cost=10088.36..12064.92 rows=100000 width=12) (actual rows=100000 loops=1)
  Group Key: a.employee_id, (count(t_employee_0.employee_id))
  Planned Partitions: 4  Batches: 5  Memory Usage: 4145kB  Disk Usage: 1800kB
  Buffers: shared hit=886, temp read=225 written=387
  ->  Hash Right Join  (cost=1975.50..3682.11 rows=100000 width=12) (actual rows=100000 loops=1)
        Hash Cond: (a.team_id = t_employee_0.team_id)
        Buffers: shared hit=886
        ->  Seq Scan on employee a  (cost=0.00..1443.00 rows=100000 width=8) (actual rows=100000 loops=1)
              Buffers: shared hit=443
        ->  Hash  (cost=1963.00..1963.00 rows=1000 width=12) (actual rows=1000 loops=1)
              Buckets: 1024  Batches: 1  Memory Usage: 51kB
              Buffers: shared hit=443
              ->  HashAggregate  (cost=1943.00..1953.00 rows=1000 width=12) (actual rows=1000 loops=1)
                    Group Key: t_employee_0.team_id
                    Batches: 1  Memory Usage: 193kB
                    Buffers: shared hit=443
                    ->  Seq Scan on employee t_employee_0  (cost=0.00..1443.00 rows=100000 width=8) (actual rows=100000 loops=1)
                          Buffers: shared hit=443
Planning Time: 0.239 ms
Execution Time: 103.684 ms",95.02,12064.92,100000,"HashAggregate  (cost=10088.36..12064.92 rows=100000 width=12) (actual rows=100000 loops=1)
  Group Key: a.employee_id, (count(t_employee_0.employee_id))
  Planned Partitions: 4  Batches: 5  Memory Usage: 4145kB  Disk Usage: 1800kB
  Buffers: shared hit=886, temp read=225 written=387
  ->  Hash Right Join  (cost=1975.50..3682.11 rows=100000 width=12) (actual rows=100000 loops=1)
        Hash Cond: (a.team_id = t_employee_0.team_id)
        Buffers: shared hit=886
        ->  Seq Scan on employee a  (cost=0.00..1443.00 rows=100000 width=8) (actual rows=100000 loops=1)
              Buffers: shared hit=443
        ->  Hash  (cost=1963.00..1963.00 rows=1000 width=12) (actual rows=1000 loops=1)
              Buckets: 1024  Batches: 1  Memory Usage: 51kB
              Buffers: shared hit=443
              ->  HashAggregate  (cost=1943.00..1953.00 rows=1000 width=12) (actual rows=1000 loops=1)
                    Group Key: t_employee_0.team_id
                    Batches: 1  Memory Usage: 193kB
                    Buffers: shared hit=443
                    ->  Seq Scan on employee t_employee_0  (cost=0.00..1443.00 rows=100000 width=8) (actual rows=100000 loops=1)
                          Buffers: shared hit=443
Planning Time: 0.144 ms
Execution Time: 95.020 ms",103.416,95.02,119.808,148.8312,12064.92,12064.92,100000,100000,100000,100000,1303_82,760,1303,82,Easy,"select a.employee_id, x.cnt as team_size from schema_1303.employee as a left outer join (select team_id, count(distinct employee_id) as cnt from schema_1303.employee group by 1) as x on a.team_id = x.team_id",83.5,12236.93,100000,"Hash Left Join  (cost=10530.32..12236.93 rows=100000 width=12) (actual rows=100000 loops=1)
  Hash Cond: (a.team_id = x.team_id)
  Buffers: shared hit=886, temp read=221 written=222
  ->  Seq Scan on employee a  (cost=0.00..1443.00 rows=100000 width=8) (actual rows=100000 loops=1)
        Buffers: shared hit=443
  ->  Hash  (cost=10517.82..10517.82 rows=1000 width=12) (actual rows=1000 loops=1)
        Buckets: 1024  Batches: 1  Memory Usage: 51kB
        Buffers: shared hit=443, temp read=221 written=222
        ->  Subquery Scan on x  (cost=9747.82..10517.82 rows=1000 width=12) (actual rows=1000 loops=1)
              Buffers: shared hit=443, temp read=221 written=222
              ->  GroupAggregate  (cost=9747.82..10507.82 rows=1000 width=12) (actual rows=1000 loops=1)
                    Group Key: employee.team_id
                    Buffers: shared hit=443, temp read=221 written=222
                    ->  Sort  (cost=9747.82..9997.82 rows=100000 width=8) (actual rows=100000 loops=1)
                          Sort Key: employee.team_id
                          Sort Method: external merge  Disk: 1768kB
                          Buffers: shared hit=443, temp read=221 written=222
                          ->  Seq Scan on employee  (cost=0.00..1443.00 rows=100000 width=8) (actual rows=100000 loops=1)
                                Buffers: shared hit=443
Planning Time: 0.093 ms
Execution Time: 83.500 ms",90.875,12236.93,100000,"Hash Left Join  (cost=10530.32..12236.93 rows=100000 width=12) (actual rows=100000 loops=1)
  Hash Cond: (a.team_id = x.team_id)
  Buffers: shared hit=886, temp read=221 written=222
  ->  Seq Scan on employee a  (cost=0.00..1443.00 rows=100000 width=8) (actual rows=100000 loops=1)
        Buffers: shared hit=443
  ->  Hash  (cost=10517.82..10517.82 rows=1000 width=12) (actual rows=1000 loops=1)
        Buckets: 1024  Batches: 1  Memory Usage: 51kB
        Buffers: shared hit=443, temp read=221 written=222
        ->  Subquery Scan on x  (cost=9747.82..10517.82 rows=1000 width=12) (actual rows=1000 loops=1)
              Buffers: shared hit=443, temp read=221 written=222
              ->  GroupAggregate  (cost=9747.82..10507.82 rows=1000 width=12) (actual rows=1000 loops=1)
                    Group Key: employee.team_id
                    Buffers: shared hit=443, temp read=221 written=222
                    ->  Sort  (cost=9747.82..9997.82 rows=100000 width=8) (actual rows=100000 loops=1)
                          Sort Key: employee.team_id
                          Sort Method: external merge  Disk: 1768kB
                          Buffers: shared hit=443, temp read=221 written=222
                          ->  Seq Scan on employee  (cost=0.00..1443.00 rows=100000 width=8) (actual rows=100000 loops=1)
                                Buffers: shared hit=443
Planning Time: 0.158 ms
Execution Time: 90.875 ms",88.057,12236.93,100000,"Hash Left Join  (cost=10530.32..12236.93 rows=100000 width=12) (actual rows=100000 loops=1)
  Hash Cond: (a.team_id = x.team_id)
  Buffers: shared hit=886, temp read=221 written=222
  ->  Seq Scan on employee a  (cost=0.00..1443.00 rows=100000 width=8) (actual rows=100000 loops=1)
        Buffers: shared hit=443
  ->  Hash  (cost=10517.82..10517.82 rows=1000 width=12) (actual rows=1000 loops=1)
        Buckets: 1024  Batches: 1  Memory Usage: 51kB
        Buffers: shared hit=443, temp read=221 written=222
        ->  Subquery Scan on x  (cost=9747.82..10517.82 rows=1000 width=12) (actual rows=1000 loops=1)
              Buffers: shared hit=443, temp read=221 written=222
              ->  GroupAggregate  (cost=9747.82..10507.82 rows=1000 width=12) (actual rows=1000 loops=1)
                    Group Key: employee.team_id
                    Buffers: shared hit=443, temp read=221 written=222
                    ->  Sort  (cost=9747.82..9997.82 rows=100000 width=8) (actual rows=100000 loops=1)
                          Sort Key: employee.team_id
                          Sort Method: external merge  Disk: 1768kB
                          Buffers: shared hit=443, temp read=221 written=222
                          ->  Seq Scan on employee  (cost=0.00..1443.00 rows=100000 width=8) (actual rows=100000 loops=1)
                                Buffers: shared hit=443
Planning Time: 0.154 ms
Execution Time: 88.057 ms",89.586,12236.93,100000,"Hash Left Join  (cost=10530.32..12236.93 rows=100000 width=12) (actual rows=100000 loops=1)
  Hash Cond: (a.team_id = x.team_id)
  Buffers: shared hit=886, temp read=221 written=222
  ->  Seq Scan on employee a  (cost=0.00..1443.00 rows=100000 width=8) (actual rows=100000 loops=1)
        Buffers: shared hit=443
  ->  Hash  (cost=10517.82..10517.82 rows=1000 width=12) (actual rows=1000 loops=1)
        Buckets: 1024  Batches: 1  Memory Usage: 51kB
        Buffers: shared hit=443, temp read=221 written=222
        ->  Subquery Scan on x  (cost=9747.82..10517.82 rows=1000 width=12) (actual rows=1000 loops=1)
              Buffers: shared hit=443, temp read=221 written=222
              ->  GroupAggregate  (cost=9747.82..10507.82 rows=1000 width=12) (actual rows=1000 loops=1)
                    Group Key: employee.team_id
                    Buffers: shared hit=443, temp read=221 written=222
                    ->  Sort  (cost=9747.82..9997.82 rows=100000 width=8) (actual rows=100000 loops=1)
                          Sort Key: employee.team_id
                          Sort Method: external merge  Disk: 1768kB
                          Buffers: shared hit=443, temp read=221 written=222
                          ->  Seq Scan on employee  (cost=0.00..1443.00 rows=100000 width=8) (actual rows=100000 loops=1)
                                Buffers: shared hit=443
Planning Time: 0.225 ms
Execution Time: 89.586 ms",88.141,12236.93,100000,"Hash Left Join  (cost=10530.32..12236.93 rows=100000 width=12) (actual rows=100000 loops=1)
  Hash Cond: (a.team_id = x.team_id)
  Buffers: shared hit=886, temp read=221 written=222
  ->  Seq Scan on employee a  (cost=0.00..1443.00 rows=100000 width=8) (actual rows=100000 loops=1)
        Buffers: shared hit=443
  ->  Hash  (cost=10517.82..10517.82 rows=1000 width=12) (actual rows=1000 loops=1)
        Buckets: 1024  Batches: 1  Memory Usage: 51kB
        Buffers: shared hit=443, temp read=221 written=222
        ->  Subquery Scan on x  (cost=9747.82..10517.82 rows=1000 width=12) (actual rows=1000 loops=1)
              Buffers: shared hit=443, temp read=221 written=222
              ->  GroupAggregate  (cost=9747.82..10507.82 rows=1000 width=12) (actual rows=1000 loops=1)
                    Group Key: employee.team_id
                    Buffers: shared hit=443, temp read=221 written=222
                    ->  Sort  (cost=9747.82..9997.82 rows=100000 width=8) (actual rows=100000 loops=1)
                          Sort Key: employee.team_id
                          Sort Method: external merge  Disk: 1768kB
                          Buffers: shared hit=443, temp read=221 written=222
                          ->  Seq Scan on employee  (cost=0.00..1443.00 rows=100000 width=8) (actual rows=100000 loops=1)
                                Buffers: shared hit=443
Planning Time: 0.140 ms
Execution Time: 88.141 ms",88.0318,88.141,90.2305,91.3906,12236.93,12236.93,100000,100000,100000,100000,normal,not normal,7.762273699999999,357.06945399999995,equal variances,not significant,0.996031746031746,15.384199999999993,6.878999999999991,-172.01000000000022,0,True
761,1303,86,Easy,"select distinct a.employee_id as employee_id, t_cte_4.c_count0 as team_size from (select count(t_employee_0.employee_id) as c_count0, t_employee_0.team_id as c_team_id0 from schema_1303.employee as t_employee_0 group by t_employee_0.team_id) as t_cte_4 left join schema_1303.employee as a on a.team_id = t_cte_4.c_team_id0",90.461,12064.92,100000,"HashAggregate  (cost=10088.36..12064.92 rows=100000 width=12) (actual rows=100000 loops=1)
  Group Key: a.employee_id, (count(t_employee_0.employee_id))
  Planned Partitions: 4  Batches: 5  Memory Usage: 4145kB  Disk Usage: 1800kB
  Buffers: shared hit=886, temp read=225 written=387
  ->  Hash Right Join  (cost=1975.50..3682.11 rows=100000 width=12) (actual rows=100000 loops=1)
        Hash Cond: (a.team_id = t_employee_0.team_id)
        Buffers: shared hit=886
        ->  Seq Scan on employee a  (cost=0.00..1443.00 rows=100000 width=8) (actual rows=100000 loops=1)
              Buffers: shared hit=443
        ->  Hash  (cost=1963.00..1963.00 rows=1000 width=12) (actual rows=1000 loops=1)
              Buckets: 1024  Batches: 1  Memory Usage: 51kB
              Buffers: shared hit=443
              ->  HashAggregate  (cost=1943.00..1953.00 rows=1000 width=12) (actual rows=1000 loops=1)
                    Group Key: t_employee_0.team_id
                    Batches: 1  Memory Usage: 193kB
                    Buffers: shared hit=443
                    ->  Seq Scan on employee t_employee_0  (cost=0.00..1443.00 rows=100000 width=8) (actual rows=100000 loops=1)
                          Buffers: shared hit=443
Planning Time: 0.148 ms
Execution Time: 90.461 ms",95.911,12064.92,100000,"HashAggregate  (cost=10088.36..12064.92 rows=100000 width=12) (actual rows=100000 loops=1)
  Group Key: a.employee_id, (count(t_employee_0.employee_id))
  Planned Partitions: 4  Batches: 5  Memory Usage: 4145kB  Disk Usage: 1800kB
  Buffers: shared hit=886, temp read=225 written=387
  ->  Hash Right Join  (cost=1975.50..3682.11 rows=100000 width=12) (actual rows=100000 loops=1)
        Hash Cond: (a.team_id = t_employee_0.team_id)
        Buffers: shared hit=886
        ->  Seq Scan on employee a  (cost=0.00..1443.00 rows=100000 width=8) (actual rows=100000 loops=1)
              Buffers: shared hit=443
        ->  Hash  (cost=1963.00..1963.00 rows=1000 width=12) (actual rows=1000 loops=1)
              Buckets: 1024  Batches: 1  Memory Usage: 51kB
              Buffers: shared hit=443
              ->  HashAggregate  (cost=1943.00..1953.00 rows=1000 width=12) (actual rows=1000 loops=1)
                    Group Key: t_employee_0.team_id
                    Batches: 1  Memory Usage: 193kB
                    Buffers: shared hit=443
                    ->  Seq Scan on employee t_employee_0  (cost=0.00..1443.00 rows=100000 width=8) (actual rows=100000 loops=1)
                          Buffers: shared hit=443
Planning Time: 0.158 ms
Execution Time: 95.911 ms",91.476,12064.92,100000,"HashAggregate  (cost=10088.36..12064.92 rows=100000 width=12) (actual rows=100000 loops=1)
  Group Key: a.employee_id, (count(t_employee_0.employee_id))
  Planned Partitions: 4  Batches: 5  Memory Usage: 4145kB  Disk Usage: 1800kB
  Buffers: shared hit=886, temp read=225 written=387
  ->  Hash Right Join  (cost=1975.50..3682.11 rows=100000 width=12) (actual rows=100000 loops=1)
        Hash Cond: (a.team_id = t_employee_0.team_id)
        Buffers: shared hit=886
        ->  Seq Scan on employee a  (cost=0.00..1443.00 rows=100000 width=8) (actual rows=100000 loops=1)
              Buffers: shared hit=443
        ->  Hash  (cost=1963.00..1963.00 rows=1000 width=12) (actual rows=1000 loops=1)
              Buckets: 1024  Batches: 1  Memory Usage: 51kB
              Buffers: shared hit=443
              ->  HashAggregate  (cost=1943.00..1953.00 rows=1000 width=12) (actual rows=1000 loops=1)
                    Group Key: t_employee_0.team_id
                    Batches: 1  Memory Usage: 193kB
                    Buffers: shared hit=443
                    ->  Seq Scan on employee t_employee_0  (cost=0.00..1443.00 rows=100000 width=8) (actual rows=100000 loops=1)
                          Buffers: shared hit=443
Planning Time: 0.906 ms
Execution Time: 91.476 ms",91.317,12064.92,100000,"HashAggregate  (cost=10088.36..12064.92 rows=100000 width=12) (actual rows=100000 loops=1)
  Group Key: a.employee_id, (count(t_employee_0.employee_id))
  Planned Partitions: 4  Batches: 5  Memory Usage: 4145kB  Disk Usage: 1800kB
  Buffers: shared hit=886, temp read=225 written=387
  ->  Hash Right Join  (cost=1975.50..3682.11 rows=100000 width=12) (actual rows=100000 loops=1)
        Hash Cond: (a.team_id = t_employee_0.team_id)
        Buffers: shared hit=886
        ->  Seq Scan on employee a  (cost=0.00..1443.00 rows=100000 width=8) (actual rows=100000 loops=1)
              Buffers: shared hit=443
        ->  Hash  (cost=1963.00..1963.00 rows=1000 width=12) (actual rows=1000 loops=1)
              Buckets: 1024  Batches: 1  Memory Usage: 51kB
              Buffers: shared hit=443
              ->  HashAggregate  (cost=1943.00..1953.00 rows=1000 width=12) (actual rows=1000 loops=1)
                    Group Key: t_employee_0.team_id
                    Batches: 1  Memory Usage: 193kB
                    Buffers: shared hit=443
                    ->  Seq Scan on employee t_employee_0  (cost=0.00..1443.00 rows=100000 width=8) (actual rows=100000 loops=1)
                          Buffers: shared hit=443
Planning Time: 0.139 ms
Execution Time: 91.317 ms",93.942,12064.92,100000,"HashAggregate  (cost=10088.36..12064.92 rows=100000 width=12) (actual rows=100000 loops=1)
  Group Key: a.employee_id, (count(t_employee_0.employee_id))
  Planned Partitions: 4  Batches: 5  Memory Usage: 4145kB  Disk Usage: 1800kB
  Buffers: shared hit=886, temp read=225 written=387
  ->  Hash Right Join  (cost=1975.50..3682.11 rows=100000 width=12) (actual rows=100000 loops=1)
        Hash Cond: (a.team_id = t_employee_0.team_id)
        Buffers: shared hit=886
        ->  Seq Scan on employee a  (cost=0.00..1443.00 rows=100000 width=8) (actual rows=100000 loops=1)
              Buffers: shared hit=443
        ->  Hash  (cost=1963.00..1963.00 rows=1000 width=12) (actual rows=1000 loops=1)
              Buckets: 1024  Batches: 1  Memory Usage: 51kB
              Buffers: shared hit=443
              ->  HashAggregate  (cost=1943.00..1953.00 rows=1000 width=12) (actual rows=1000 loops=1)
                    Group Key: t_employee_0.team_id
                    Batches: 1  Memory Usage: 193kB
                    Buffers: shared hit=443
                    ->  Seq Scan on employee t_employee_0  (cost=0.00..1443.00 rows=100000 width=8) (actual rows=100000 loops=1)
                          Buffers: shared hit=443
Planning Time: 0.135 ms
Execution Time: 93.942 ms",92.6214,91.476,94.9265,96.6986,12064.92,12064.92,100000,100000,100000,100000,1303_86,761,1303,86,Easy,"select distinct a.employee_id, b.team_size from schema_1303.employee as a left outer join (select team_id, count(distinct employee_id) as team_size from schema_1303.employee group by team_id) as b on a.team_id = b.team_id",131.497,20619.75,100000,"HashAggregate  (cost=18643.18..20619.75 rows=100000 width=12) (actual rows=100000 loops=1)
  Group Key: a.employee_id, b.team_size
  Planned Partitions: 4  Batches: 5  Memory Usage: 4145kB  Disk Usage: 1800kB
  Buffers: shared hit=886, temp read=446 written=609
  ->  Hash Left Join  (cost=10530.32..12236.93 rows=100000 width=12) (actual rows=100000 loops=1)
        Hash Cond: (a.team_id = b.team_id)
        Buffers: shared hit=886, temp read=221 written=222
        ->  Seq Scan on employee a  (cost=0.00..1443.00 rows=100000 width=8) (actual rows=100000 loops=1)
              Buffers: shared hit=443
        ->  Hash  (cost=10517.82..10517.82 rows=1000 width=12) (actual rows=1000 loops=1)
              Buckets: 1024  Batches: 1  Memory Usage: 51kB
              Buffers: shared hit=443, temp read=221 written=222
              ->  Subquery Scan on b  (cost=9747.82..10517.82 rows=1000 width=12) (actual rows=1000 loops=1)
                    Buffers: shared hit=443, temp read=221 written=222
                    ->  GroupAggregate  (cost=9747.82..10507.82 rows=1000 width=12) (actual rows=1000 loops=1)
                          Group Key: employee.team_id
                          Buffers: shared hit=443, temp read=221 written=222
                          ->  Sort  (cost=9747.82..9997.82 rows=100000 width=8) (actual rows=100000 loops=1)
                                Sort Key: employee.team_id
                                Sort Method: external merge  Disk: 1768kB
                                Buffers: shared hit=443, temp read=221 written=222
                                ->  Seq Scan on employee  (cost=0.00..1443.00 rows=100000 width=8) (actual rows=100000 loops=1)
                                      Buffers: shared hit=443
Planning Time: 0.174 ms
Execution Time: 131.497 ms",148.745,20619.75,100000,"HashAggregate  (cost=18643.18..20619.75 rows=100000 width=12) (actual rows=100000 loops=1)
  Group Key: a.employee_id, b.team_size
  Planned Partitions: 4  Batches: 5  Memory Usage: 4145kB  Disk Usage: 1800kB
  Buffers: shared hit=886, temp read=446 written=609
  ->  Hash Left Join  (cost=10530.32..12236.93 rows=100000 width=12) (actual rows=100000 loops=1)
        Hash Cond: (a.team_id = b.team_id)
        Buffers: shared hit=886, temp read=221 written=222
        ->  Seq Scan on employee a  (cost=0.00..1443.00 rows=100000 width=8) (actual rows=100000 loops=1)
              Buffers: shared hit=443
        ->  Hash  (cost=10517.82..10517.82 rows=1000 width=12) (actual rows=1000 loops=1)
              Buckets: 1024  Batches: 1  Memory Usage: 51kB
              Buffers: shared hit=443, temp read=221 written=222
              ->  Subquery Scan on b  (cost=9747.82..10517.82 rows=1000 width=12) (actual rows=1000 loops=1)
                    Buffers: shared hit=443, temp read=221 written=222
                    ->  GroupAggregate  (cost=9747.82..10507.82 rows=1000 width=12) (actual rows=1000 loops=1)
                          Group Key: employee.team_id
                          Buffers: shared hit=443, temp read=221 written=222
                          ->  Sort  (cost=9747.82..9997.82 rows=100000 width=8) (actual rows=100000 loops=1)
                                Sort Key: employee.team_id
                                Sort Method: external merge  Disk: 1768kB
                                Buffers: shared hit=443, temp read=221 written=222
                                ->  Seq Scan on employee  (cost=0.00..1443.00 rows=100000 width=8) (actual rows=100000 loops=1)
                                      Buffers: shared hit=443
Planning Time: 0.155 ms
Execution Time: 148.745 ms",129.82,20619.75,100000,"HashAggregate  (cost=18643.18..20619.75 rows=100000 width=12) (actual rows=100000 loops=1)
  Group Key: a.employee_id, b.team_size
  Planned Partitions: 4  Batches: 5  Memory Usage: 4145kB  Disk Usage: 1800kB
  Buffers: shared hit=886, temp read=446 written=609
  ->  Hash Left Join  (cost=10530.32..12236.93 rows=100000 width=12) (actual rows=100000 loops=1)
        Hash Cond: (a.team_id = b.team_id)
        Buffers: shared hit=886, temp read=221 written=222
        ->  Seq Scan on employee a  (cost=0.00..1443.00 rows=100000 width=8) (actual rows=100000 loops=1)
              Buffers: shared hit=443
        ->  Hash  (cost=10517.82..10517.82 rows=1000 width=12) (actual rows=1000 loops=1)
              Buckets: 1024  Batches: 1  Memory Usage: 51kB
              Buffers: shared hit=443, temp read=221 written=222
              ->  Subquery Scan on b  (cost=9747.82..10517.82 rows=1000 width=12) (actual rows=1000 loops=1)
                    Buffers: shared hit=443, temp read=221 written=222
                    ->  GroupAggregate  (cost=9747.82..10507.82 rows=1000 width=12) (actual rows=1000 loops=1)
                          Group Key: employee.team_id
                          Buffers: shared hit=443, temp read=221 written=222
                          ->  Sort  (cost=9747.82..9997.82 rows=100000 width=8) (actual rows=100000 loops=1)
                                Sort Key: employee.team_id
                                Sort Method: external merge  Disk: 1768kB
                                Buffers: shared hit=443, temp read=221 written=222
                                ->  Seq Scan on employee  (cost=0.00..1443.00 rows=100000 width=8) (actual rows=100000 loops=1)
                                      Buffers: shared hit=443
Planning Time: 0.134 ms
Execution Time: 129.820 ms",136.75,20619.75,100000,"HashAggregate  (cost=18643.18..20619.75 rows=100000 width=12) (actual rows=100000 loops=1)
  Group Key: a.employee_id, b.team_size
  Planned Partitions: 4  Batches: 5  Memory Usage: 4145kB  Disk Usage: 1800kB
  Buffers: shared hit=886, temp read=446 written=609
  ->  Hash Left Join  (cost=10530.32..12236.93 rows=100000 width=12) (actual rows=100000 loops=1)
        Hash Cond: (a.team_id = b.team_id)
        Buffers: shared hit=886, temp read=221 written=222
        ->  Seq Scan on employee a  (cost=0.00..1443.00 rows=100000 width=8) (actual rows=100000 loops=1)
              Buffers: shared hit=443
        ->  Hash  (cost=10517.82..10517.82 rows=1000 width=12) (actual rows=1000 loops=1)
              Buckets: 1024  Batches: 1  Memory Usage: 51kB
              Buffers: shared hit=443, temp read=221 written=222
              ->  Subquery Scan on b  (cost=9747.82..10517.82 rows=1000 width=12) (actual rows=1000 loops=1)
                    Buffers: shared hit=443, temp read=221 written=222
                    ->  GroupAggregate  (cost=9747.82..10507.82 rows=1000 width=12) (actual rows=1000 loops=1)
                          Group Key: employee.team_id
                          Buffers: shared hit=443, temp read=221 written=222
                          ->  Sort  (cost=9747.82..9997.82 rows=100000 width=8) (actual rows=100000 loops=1)
                                Sort Key: employee.team_id
                                Sort Method: external merge  Disk: 1768kB
                                Buffers: shared hit=443, temp read=221 written=222
                                ->  Seq Scan on employee  (cost=0.00..1443.00 rows=100000 width=8) (actual rows=100000 loops=1)
                                      Buffers: shared hit=443
Planning Time: 0.163 ms
Execution Time: 136.750 ms",133.648,20619.75,100000,"HashAggregate  (cost=18643.18..20619.75 rows=100000 width=12) (actual rows=100000 loops=1)
  Group Key: a.employee_id, b.team_size
  Planned Partitions: 4  Batches: 5  Memory Usage: 4145kB  Disk Usage: 1800kB
  Buffers: shared hit=886, temp read=446 written=609
  ->  Hash Left Join  (cost=10530.32..12236.93 rows=100000 width=12) (actual rows=100000 loops=1)
        Hash Cond: (a.team_id = b.team_id)
        Buffers: shared hit=886, temp read=221 written=222
        ->  Seq Scan on employee a  (cost=0.00..1443.00 rows=100000 width=8) (actual rows=100000 loops=1)
              Buffers: shared hit=443
        ->  Hash  (cost=10517.82..10517.82 rows=1000 width=12) (actual rows=1000 loops=1)
              Buckets: 1024  Batches: 1  Memory Usage: 51kB
              Buffers: shared hit=443, temp read=221 written=222
              ->  Subquery Scan on b  (cost=9747.82..10517.82 rows=1000 width=12) (actual rows=1000 loops=1)
                    Buffers: shared hit=443, temp read=221 written=222
                    ->  GroupAggregate  (cost=9747.82..10507.82 rows=1000 width=12) (actual rows=1000 loops=1)
                          Group Key: employee.team_id
                          Buffers: shared hit=443, temp read=221 written=222
                          ->  Sort  (cost=9747.82..9997.82 rows=100000 width=8) (actual rows=100000 loops=1)
                                Sort Key: employee.team_id
                                Sort Method: external merge  Disk: 1768kB
                                Buffers: shared hit=443, temp read=221 written=222
                                ->  Seq Scan on employee  (cost=0.00..1443.00 rows=100000 width=8) (actual rows=100000 loops=1)
                                      Buffers: shared hit=443
Planning Time: 0.164 ms
Execution Time: 133.648 ms",136.092,133.648,142.7475,153.543,20619.75,20619.75,100000,100000,100000,100000,normal,normal,56.73912950000002,5.061545300000004,equal variances,significant,0.003968253968253968,-43.47060000000002,-42.172,-8554.83,0,True
762,1303,88,Easy,"select t_employee_0.employee_id as employee_id, count(t_employee_0.employee_id) over ( partition by t_employee_0.team_id ) as team_size from schema_1303.employee as t_employee_0",72.463,11497.82,100000,"WindowAgg  (cost=9747.82..11497.82 rows=100000 width=16) (actual rows=100000 loops=1)
  Buffers: shared hit=443, temp read=221 written=222
  ->  Sort  (cost=9747.82..9997.82 rows=100000 width=8) (actual rows=100000 loops=1)
        Sort Key: team_id
        Sort Method: external merge  Disk: 1768kB
        Buffers: shared hit=443, temp read=221 written=222
        ->  Seq Scan on employee t_employee_0  (cost=0.00..1443.00 rows=100000 width=8) (actual rows=100000 loops=1)
              Buffers: shared hit=443
Planning Time: 0.053 ms
Execution Time: 72.463 ms",77.297,11497.82,100000,"WindowAgg  (cost=9747.82..11497.82 rows=100000 width=16) (actual rows=100000 loops=1)
  Buffers: shared hit=443, temp read=221 written=222
  ->  Sort  (cost=9747.82..9997.82 rows=100000 width=8) (actual rows=100000 loops=1)
        Sort Key: team_id
        Sort Method: external merge  Disk: 1768kB
        Buffers: shared hit=443, temp read=221 written=222
        ->  Seq Scan on employee t_employee_0  (cost=0.00..1443.00 rows=100000 width=8) (actual rows=100000 loops=1)
              Buffers: shared hit=443
Planning Time: 0.052 ms
Execution Time: 77.297 ms",82.384,11497.82,100000,"WindowAgg  (cost=9747.82..11497.82 rows=100000 width=16) (actual rows=100000 loops=1)
  Buffers: shared hit=443, temp read=221 written=222
  ->  Sort  (cost=9747.82..9997.82 rows=100000 width=8) (actual rows=100000 loops=1)
        Sort Key: team_id
        Sort Method: external merge  Disk: 1768kB
        Buffers: shared hit=443, temp read=221 written=222
        ->  Seq Scan on employee t_employee_0  (cost=0.00..1443.00 rows=100000 width=8) (actual rows=100000 loops=1)
              Buffers: shared hit=443
Planning Time: 0.065 ms
Execution Time: 82.384 ms",78.68,11497.82,100000,"WindowAgg  (cost=9747.82..11497.82 rows=100000 width=16) (actual rows=100000 loops=1)
  Buffers: shared hit=443, temp read=221 written=222
  ->  Sort  (cost=9747.82..9997.82 rows=100000 width=8) (actual rows=100000 loops=1)
        Sort Key: team_id
        Sort Method: external merge  Disk: 1768kB
        Buffers: shared hit=443, temp read=221 written=222
        ->  Seq Scan on employee t_employee_0  (cost=0.00..1443.00 rows=100000 width=8) (actual rows=100000 loops=1)
              Buffers: shared hit=443
Planning Time: 0.057 ms
Execution Time: 78.680 ms",75.262,11497.82,100000,"WindowAgg  (cost=9747.82..11497.82 rows=100000 width=16) (actual rows=100000 loops=1)
  Buffers: shared hit=443, temp read=221 written=222
  ->  Sort  (cost=9747.82..9997.82 rows=100000 width=8) (actual rows=100000 loops=1)
        Sort Key: team_id
        Sort Method: external merge  Disk: 1768kB
        Buffers: shared hit=443, temp read=221 written=222
        ->  Seq Scan on employee t_employee_0  (cost=0.00..1443.00 rows=100000 width=8) (actual rows=100000 loops=1)
              Buffers: shared hit=443
Planning Time: 0.075 ms
Execution Time: 75.262 ms",77.2172,77.297,80.532,83.8656,11497.82,11497.82,100000,100000,100000,100000,1303_88,762,1303,88,Easy,"select distinct employee_id, count(employee_id) over (partition by team_id) as team_size from schema_1303.employee",131.282,19880.63,100000,"HashAggregate  (cost=17904.07..19880.63 rows=100000 width=16) (actual rows=100000 loops=1)
  Group Key: employee_id, count(employee_id) OVER (?)
  Planned Partitions: 4  Batches: 5  Memory Usage: 4145kB  Disk Usage: 3568kB
  Buffers: shared hit=443, temp read=568 written=921
  ->  WindowAgg  (cost=9747.82..11497.82 rows=100000 width=16) (actual rows=100000 loops=1)
        Buffers: shared hit=443, temp read=221 written=222
        ->  Sort  (cost=9747.82..9997.82 rows=100000 width=8) (actual rows=100000 loops=1)
              Sort Key: team_id
              Sort Method: external merge  Disk: 1768kB
              Buffers: shared hit=443, temp read=221 written=222
              ->  Seq Scan on employee  (cost=0.00..1443.00 rows=100000 width=8) (actual rows=100000 loops=1)
                    Buffers: shared hit=443
Planning Time: 0.066 ms
Execution Time: 131.282 ms",131.307,19880.63,100000,"HashAggregate  (cost=17904.07..19880.63 rows=100000 width=16) (actual rows=100000 loops=1)
  Group Key: employee_id, count(employee_id) OVER (?)
  Planned Partitions: 4  Batches: 5  Memory Usage: 4145kB  Disk Usage: 3568kB
  Buffers: shared hit=443, temp read=568 written=921
  ->  WindowAgg  (cost=9747.82..11497.82 rows=100000 width=16) (actual rows=100000 loops=1)
        Buffers: shared hit=443, temp read=221 written=222
        ->  Sort  (cost=9747.82..9997.82 rows=100000 width=8) (actual rows=100000 loops=1)
              Sort Key: team_id
              Sort Method: external merge  Disk: 1768kB
              Buffers: shared hit=443, temp read=221 written=222
              ->  Seq Scan on employee  (cost=0.00..1443.00 rows=100000 width=8) (actual rows=100000 loops=1)
                    Buffers: shared hit=443
Planning Time: 0.093 ms
Execution Time: 131.307 ms",132.026,19880.63,100000,"HashAggregate  (cost=17904.07..19880.63 rows=100000 width=16) (actual rows=100000 loops=1)
  Group Key: employee_id, count(employee_id) OVER (?)
  Planned Partitions: 4  Batches: 5  Memory Usage: 4145kB  Disk Usage: 3568kB
  Buffers: shared hit=443, temp read=568 written=921
  ->  WindowAgg  (cost=9747.82..11497.82 rows=100000 width=16) (actual rows=100000 loops=1)
        Buffers: shared hit=443, temp read=221 written=222
        ->  Sort  (cost=9747.82..9997.82 rows=100000 width=8) (actual rows=100000 loops=1)
              Sort Key: team_id
              Sort Method: external merge  Disk: 1768kB
              Buffers: shared hit=443, temp read=221 written=222
              ->  Seq Scan on employee  (cost=0.00..1443.00 rows=100000 width=8) (actual rows=100000 loops=1)
                    Buffers: shared hit=443
Planning Time: 0.060 ms
Execution Time: 132.026 ms",132.348,19880.63,100000,"HashAggregate  (cost=17904.07..19880.63 rows=100000 width=16) (actual rows=100000 loops=1)
  Group Key: employee_id, count(employee_id) OVER (?)
  Planned Partitions: 4  Batches: 5  Memory Usage: 4145kB  Disk Usage: 3568kB
  Buffers: shared hit=443, temp read=568 written=921
  ->  WindowAgg  (cost=9747.82..11497.82 rows=100000 width=16) (actual rows=100000 loops=1)
        Buffers: shared hit=443, temp read=221 written=222
        ->  Sort  (cost=9747.82..9997.82 rows=100000 width=8) (actual rows=100000 loops=1)
              Sort Key: team_id
              Sort Method: external merge  Disk: 1768kB
              Buffers: shared hit=443, temp read=221 written=222
              ->  Seq Scan on employee  (cost=0.00..1443.00 rows=100000 width=8) (actual rows=100000 loops=1)
                    Buffers: shared hit=443
Planning Time: 0.071 ms
Execution Time: 132.348 ms",132.07,19880.63,100000,"HashAggregate  (cost=17904.07..19880.63 rows=100000 width=16) (actual rows=100000 loops=1)
  Group Key: employee_id, count(employee_id) OVER (?)
  Planned Partitions: 4  Batches: 5  Memory Usage: 4145kB  Disk Usage: 3568kB
  Buffers: shared hit=443, temp read=568 written=921
  ->  WindowAgg  (cost=9747.82..11497.82 rows=100000 width=16) (actual rows=100000 loops=1)
        Buffers: shared hit=443, temp read=221 written=222
        ->  Sort  (cost=9747.82..9997.82 rows=100000 width=8) (actual rows=100000 loops=1)
              Sort Key: team_id
              Sort Method: external merge  Disk: 1768kB
              Buffers: shared hit=443, temp read=221 written=222
              ->  Seq Scan on employee  (cost=0.00..1443.00 rows=100000 width=8) (actual rows=100000 loops=1)
                    Buffers: shared hit=443
Planning Time: 0.070 ms
Execution Time: 132.070 ms",131.8066,132.026,132.209,132.4592,19880.63,19880.63,100000,100000,100000,100000,normal,normal,0.23385880000000403,13.81679970000002,equal variances,significant,0.003968253968253968,-54.5894,-54.72900000000001,-8382.810000000001,0,True
764,1303,90,Easy,"select distinct e.employee_id as employee_id, t_cte_11.c_count0 as team_size from (select t_employee_0.team_id as c_team_id0, count(t_employee_0.employee_id) as c_count0 from schema_1303.employee as t_employee_0 group by t_employee_0.team_id) as t_cte_11 inner join schema_1303.employee as e on e.team_id = t_cte_11.c_team_id0",87.646,12064.92,100000,"HashAggregate  (cost=10088.36..12064.92 rows=100000 width=12) (actual rows=100000 loops=1)
  Group Key: e.employee_id, t_cte_11.c_count0
  Planned Partitions: 4  Batches: 5  Memory Usage: 4145kB  Disk Usage: 1800kB
  Buffers: shared hit=886, temp read=225 written=387
  ->  Hash Join  (cost=1975.50..3682.11 rows=100000 width=12) (actual rows=100000 loops=1)
        Hash Cond: (e.team_id = t_cte_11.c_team_id0)
        Buffers: shared hit=886
        ->  Seq Scan on employee e  (cost=0.00..1443.00 rows=100000 width=8) (actual rows=100000 loops=1)
              Buffers: shared hit=443
        ->  Hash  (cost=1963.00..1963.00 rows=1000 width=12) (actual rows=1000 loops=1)
              Buckets: 1024  Batches: 1  Memory Usage: 51kB
              Buffers: shared hit=443
              ->  Subquery Scan on t_cte_11  (cost=1943.00..1963.00 rows=1000 width=12) (actual rows=1000 loops=1)
                    Buffers: shared hit=443
                    ->  HashAggregate  (cost=1943.00..1953.00 rows=1000 width=12) (actual rows=1000 loops=1)
                          Group Key: t_employee_0.team_id
                          Batches: 1  Memory Usage: 193kB
                          Buffers: shared hit=443
                          ->  Seq Scan on employee t_employee_0  (cost=0.00..1443.00 rows=100000 width=8) (actual rows=100000 loops=1)
                                Buffers: shared hit=443
Planning Time: 0.100 ms
Execution Time: 87.646 ms",92.873,12064.92,100000,"HashAggregate  (cost=10088.36..12064.92 rows=100000 width=12) (actual rows=100000 loops=1)
  Group Key: e.employee_id, t_cte_11.c_count0
  Planned Partitions: 4  Batches: 5  Memory Usage: 4145kB  Disk Usage: 1800kB
  Buffers: shared hit=886, temp read=225 written=387
  ->  Hash Join  (cost=1975.50..3682.11 rows=100000 width=12) (actual rows=100000 loops=1)
        Hash Cond: (e.team_id = t_cte_11.c_team_id0)
        Buffers: shared hit=886
        ->  Seq Scan on employee e  (cost=0.00..1443.00 rows=100000 width=8) (actual rows=100000 loops=1)
              Buffers: shared hit=443
        ->  Hash  (cost=1963.00..1963.00 rows=1000 width=12) (actual rows=1000 loops=1)
              Buckets: 1024  Batches: 1  Memory Usage: 51kB
              Buffers: shared hit=443
              ->  Subquery Scan on t_cte_11  (cost=1943.00..1963.00 rows=1000 width=12) (actual rows=1000 loops=1)
                    Buffers: shared hit=443
                    ->  HashAggregate  (cost=1943.00..1953.00 rows=1000 width=12) (actual rows=1000 loops=1)
                          Group Key: t_employee_0.team_id
                          Batches: 1  Memory Usage: 193kB
                          Buffers: shared hit=443
                          ->  Seq Scan on employee t_employee_0  (cost=0.00..1443.00 rows=100000 width=8) (actual rows=100000 loops=1)
                                Buffers: shared hit=443
Planning Time: 0.142 ms
Execution Time: 92.873 ms",93.538,12064.92,100000,"HashAggregate  (cost=10088.36..12064.92 rows=100000 width=12) (actual rows=100000 loops=1)
  Group Key: e.employee_id, t_cte_11.c_count0
  Planned Partitions: 4  Batches: 5  Memory Usage: 4145kB  Disk Usage: 1800kB
  Buffers: shared hit=886, temp read=225 written=387
  ->  Hash Join  (cost=1975.50..3682.11 rows=100000 width=12) (actual rows=100000 loops=1)
        Hash Cond: (e.team_id = t_cte_11.c_team_id0)
        Buffers: shared hit=886
        ->  Seq Scan on employee e  (cost=0.00..1443.00 rows=100000 width=8) (actual rows=100000 loops=1)
              Buffers: shared hit=443
        ->  Hash  (cost=1963.00..1963.00 rows=1000 width=12) (actual rows=1000 loops=1)
              Buckets: 1024  Batches: 1  Memory Usage: 51kB
              Buffers: shared hit=443
              ->  Subquery Scan on t_cte_11  (cost=1943.00..1963.00 rows=1000 width=12) (actual rows=1000 loops=1)
                    Buffers: shared hit=443
                    ->  HashAggregate  (cost=1943.00..1953.00 rows=1000 width=12) (actual rows=1000 loops=1)
                          Group Key: t_employee_0.team_id
                          Batches: 1  Memory Usage: 193kB
                          Buffers: shared hit=443
                          ->  Seq Scan on employee t_employee_0  (cost=0.00..1443.00 rows=100000 width=8) (actual rows=100000 loops=1)
                                Buffers: shared hit=443
Planning Time: 0.141 ms
Execution Time: 93.538 ms",95.047,12064.92,100000,"HashAggregate  (cost=10088.36..12064.92 rows=100000 width=12) (actual rows=100000 loops=1)
  Group Key: e.employee_id, t_cte_11.c_count0
  Planned Partitions: 4  Batches: 5  Memory Usage: 4145kB  Disk Usage: 1800kB
  Buffers: shared hit=886, temp read=225 written=387
  ->  Hash Join  (cost=1975.50..3682.11 rows=100000 width=12) (actual rows=100000 loops=1)
        Hash Cond: (e.team_id = t_cte_11.c_team_id0)
        Buffers: shared hit=886
        ->  Seq Scan on employee e  (cost=0.00..1443.00 rows=100000 width=8) (actual rows=100000 loops=1)
              Buffers: shared hit=443
        ->  Hash  (cost=1963.00..1963.00 rows=1000 width=12) (actual rows=1000 loops=1)
              Buckets: 1024  Batches: 1  Memory Usage: 51kB
              Buffers: shared hit=443
              ->  Subquery Scan on t_cte_11  (cost=1943.00..1963.00 rows=1000 width=12) (actual rows=1000 loops=1)
                    Buffers: shared hit=443
                    ->  HashAggregate  (cost=1943.00..1953.00 rows=1000 width=12) (actual rows=1000 loops=1)
                          Group Key: t_employee_0.team_id
                          Batches: 1  Memory Usage: 193kB
                          Buffers: shared hit=443
                          ->  Seq Scan on employee t_employee_0  (cost=0.00..1443.00 rows=100000 width=8) (actual rows=100000 loops=1)
                                Buffers: shared hit=443
Planning Time: 0.154 ms
Execution Time: 95.047 ms",93.134,12064.92,100000,"HashAggregate  (cost=10088.36..12064.92 rows=100000 width=12) (actual rows=100000 loops=1)
  Group Key: e.employee_id, t_cte_11.c_count0
  Planned Partitions: 4  Batches: 5  Memory Usage: 4145kB  Disk Usage: 1800kB
  Buffers: shared hit=886, temp read=225 written=387
  ->  Hash Join  (cost=1975.50..3682.11 rows=100000 width=12) (actual rows=100000 loops=1)
        Hash Cond: (e.team_id = t_cte_11.c_team_id0)
        Buffers: shared hit=886
        ->  Seq Scan on employee e  (cost=0.00..1443.00 rows=100000 width=8) (actual rows=100000 loops=1)
              Buffers: shared hit=443
        ->  Hash  (cost=1963.00..1963.00 rows=1000 width=12) (actual rows=1000 loops=1)
              Buckets: 1024  Batches: 1  Memory Usage: 51kB
              Buffers: shared hit=443
              ->  Subquery Scan on t_cte_11  (cost=1943.00..1963.00 rows=1000 width=12) (actual rows=1000 loops=1)
                    Buffers: shared hit=443
                    ->  HashAggregate  (cost=1943.00..1953.00 rows=1000 width=12) (actual rows=1000 loops=1)
                          Group Key: t_employee_0.team_id
                          Batches: 1  Memory Usage: 193kB
                          Buffers: shared hit=443
                          ->  Seq Scan on employee t_employee_0  (cost=0.00..1443.00 rows=100000 width=8) (actual rows=100000 loops=1)
                                Buffers: shared hit=443
Planning Time: 0.145 ms
Execution Time: 93.134 ms",92.4476,93.134,94.2925,95.6506,12064.92,12064.92,100000,100000,100000,100000,1303_90,764,1303,90,Easy,"select e.employee_id, t.team_size from schema_1303.employee as e join (select team_id, count(distinct employee_id) as team_size from schema_1303.employee group by team_id) as t on e.team_id = t.team_id",83.423,12236.93,100000,"Hash Join  (cost=10530.32..12236.93 rows=100000 width=12) (actual rows=100000 loops=1)
  Hash Cond: (e.team_id = t.team_id)
  Buffers: shared hit=886, temp read=221 written=222
  ->  Seq Scan on employee e  (cost=0.00..1443.00 rows=100000 width=8) (actual rows=100000 loops=1)
        Buffers: shared hit=443
  ->  Hash  (cost=10517.82..10517.82 rows=1000 width=12) (actual rows=1000 loops=1)
        Buckets: 1024  Batches: 1  Memory Usage: 51kB
        Buffers: shared hit=443, temp read=221 written=222
        ->  Subquery Scan on t  (cost=9747.82..10517.82 rows=1000 width=12) (actual rows=1000 loops=1)
              Buffers: shared hit=443, temp read=221 written=222
              ->  GroupAggregate  (cost=9747.82..10507.82 rows=1000 width=12) (actual rows=1000 loops=1)
                    Group Key: employee.team_id
                    Buffers: shared hit=443, temp read=221 written=222
                    ->  Sort  (cost=9747.82..9997.82 rows=100000 width=8) (actual rows=100000 loops=1)
                          Sort Key: employee.team_id
                          Sort Method: external merge  Disk: 1768kB
                          Buffers: shared hit=443, temp read=221 written=222
                          ->  Seq Scan on employee  (cost=0.00..1443.00 rows=100000 width=8) (actual rows=100000 loops=1)
                                Buffers: shared hit=443
Planning Time: 0.091 ms
Execution Time: 83.423 ms",89.268,12236.93,100000,"Hash Join  (cost=10530.32..12236.93 rows=100000 width=12) (actual rows=100000 loops=1)
  Hash Cond: (e.team_id = t.team_id)
  Buffers: shared hit=886, temp read=221 written=222
  ->  Seq Scan on employee e  (cost=0.00..1443.00 rows=100000 width=8) (actual rows=100000 loops=1)
        Buffers: shared hit=443
  ->  Hash  (cost=10517.82..10517.82 rows=1000 width=12) (actual rows=1000 loops=1)
        Buckets: 1024  Batches: 1  Memory Usage: 51kB
        Buffers: shared hit=443, temp read=221 written=222
        ->  Subquery Scan on t  (cost=9747.82..10517.82 rows=1000 width=12) (actual rows=1000 loops=1)
              Buffers: shared hit=443, temp read=221 written=222
              ->  GroupAggregate  (cost=9747.82..10507.82 rows=1000 width=12) (actual rows=1000 loops=1)
                    Group Key: employee.team_id
                    Buffers: shared hit=443, temp read=221 written=222
                    ->  Sort  (cost=9747.82..9997.82 rows=100000 width=8) (actual rows=100000 loops=1)
                          Sort Key: employee.team_id
                          Sort Method: external merge  Disk: 1768kB
                          Buffers: shared hit=443, temp read=221 written=222
                          ->  Seq Scan on employee  (cost=0.00..1443.00 rows=100000 width=8) (actual rows=100000 loops=1)
                                Buffers: shared hit=443
Planning Time: 0.152 ms
Execution Time: 89.268 ms",88.882,12236.93,100000,"Hash Join  (cost=10530.32..12236.93 rows=100000 width=12) (actual rows=100000 loops=1)
  Hash Cond: (e.team_id = t.team_id)
  Buffers: shared hit=886, temp read=221 written=222
  ->  Seq Scan on employee e  (cost=0.00..1443.00 rows=100000 width=8) (actual rows=100000 loops=1)
        Buffers: shared hit=443
  ->  Hash  (cost=10517.82..10517.82 rows=1000 width=12) (actual rows=1000 loops=1)
        Buckets: 1024  Batches: 1  Memory Usage: 51kB
        Buffers: shared hit=443, temp read=221 written=222
        ->  Subquery Scan on t  (cost=9747.82..10517.82 rows=1000 width=12) (actual rows=1000 loops=1)
              Buffers: shared hit=443, temp read=221 written=222
              ->  GroupAggregate  (cost=9747.82..10507.82 rows=1000 width=12) (actual rows=1000 loops=1)
                    Group Key: employee.team_id
                    Buffers: shared hit=443, temp read=221 written=222
                    ->  Sort  (cost=9747.82..9997.82 rows=100000 width=8) (actual rows=100000 loops=1)
                          Sort Key: employee.team_id
                          Sort Method: external merge  Disk: 1768kB
                          Buffers: shared hit=443, temp read=221 written=222
                          ->  Seq Scan on employee  (cost=0.00..1443.00 rows=100000 width=8) (actual rows=100000 loops=1)
                                Buffers: shared hit=443
Planning Time: 0.138 ms
Execution Time: 88.882 ms",92.572,12236.93,100000,"Hash Join  (cost=10530.32..12236.93 rows=100000 width=12) (actual rows=100000 loops=1)
  Hash Cond: (e.team_id = t.team_id)
  Buffers: shared hit=886, temp read=221 written=222
  ->  Seq Scan on employee e  (cost=0.00..1443.00 rows=100000 width=8) (actual rows=100000 loops=1)
        Buffers: shared hit=443
  ->  Hash  (cost=10517.82..10517.82 rows=1000 width=12) (actual rows=1000 loops=1)
        Buckets: 1024  Batches: 1  Memory Usage: 51kB
        Buffers: shared hit=443, temp read=221 written=222
        ->  Subquery Scan on t  (cost=9747.82..10517.82 rows=1000 width=12) (actual rows=1000 loops=1)
              Buffers: shared hit=443, temp read=221 written=222
              ->  GroupAggregate  (cost=9747.82..10507.82 rows=1000 width=12) (actual rows=1000 loops=1)
                    Group Key: employee.team_id
                    Buffers: shared hit=443, temp read=221 written=222
                    ->  Sort  (cost=9747.82..9997.82 rows=100000 width=8) (actual rows=100000 loops=1)
                          Sort Key: employee.team_id
                          Sort Method: external merge  Disk: 1768kB
                          Buffers: shared hit=443, temp read=221 written=222
                          ->  Seq Scan on employee  (cost=0.00..1443.00 rows=100000 width=8) (actual rows=100000 loops=1)
                                Buffers: shared hit=443
Planning Time: 0.135 ms
Execution Time: 92.572 ms",93.006,12236.93,100000,"Hash Join  (cost=10530.32..12236.93 rows=100000 width=12) (actual rows=100000 loops=1)
  Hash Cond: (e.team_id = t.team_id)
  Buffers: shared hit=886, temp read=221 written=222
  ->  Seq Scan on employee e  (cost=0.00..1443.00 rows=100000 width=8) (actual rows=100000 loops=1)
        Buffers: shared hit=443
  ->  Hash  (cost=10517.82..10517.82 rows=1000 width=12) (actual rows=1000 loops=1)
        Buckets: 1024  Batches: 1  Memory Usage: 51kB
        Buffers: shared hit=443, temp read=221 written=222
        ->  Subquery Scan on t  (cost=9747.82..10517.82 rows=1000 width=12) (actual rows=1000 loops=1)
              Buffers: shared hit=443, temp read=221 written=222
              ->  GroupAggregate  (cost=9747.82..10507.82 rows=1000 width=12) (actual rows=1000 loops=1)
                    Group Key: employee.team_id
                    Buffers: shared hit=443, temp read=221 written=222
                    ->  Sort  (cost=9747.82..9997.82 rows=100000 width=8) (actual rows=100000 loops=1)
                          Sort Key: employee.team_id
                          Sort Method: external merge  Disk: 1768kB
                          Buffers: shared hit=443, temp read=221 written=222
                          ->  Seq Scan on employee  (cost=0.00..1443.00 rows=100000 width=8) (actual rows=100000 loops=1)
                                Buffers: shared hit=443
Planning Time: 0.146 ms
Execution Time: 93.006 ms",89.4302,89.268,92.789,93.1796,12236.93,12236.93,100000,100000,100000,100000,normal,normal,14.767634199999996,7.913331299999993,equal variances,not significant,0.9523809523809524,3.017399999999995,3.8659999999999997,-172.01000000000022,0,True
765,1303,91,Easy,"select distinct e.employee_id as employee_id, t_cte_12.c_count0 as team_size from (select t_employee_0.team_id as c_team_id0, count(t_employee_0.employee_id) as c_count0 from schema_1303.employee as t_employee_0 group by t_employee_0.team_id) as t_cte_12 inner join schema_1303.employee as e on e.team_id = t_cte_12.c_team_id0",86.792,12064.92,100000,"HashAggregate  (cost=10088.36..12064.92 rows=100000 width=12) (actual rows=100000 loops=1)
  Group Key: e.employee_id, t_cte_12.c_count0
  Planned Partitions: 4  Batches: 5  Memory Usage: 4145kB  Disk Usage: 1800kB
  Buffers: shared hit=886, temp read=225 written=387
  ->  Hash Join  (cost=1975.50..3682.11 rows=100000 width=12) (actual rows=100000 loops=1)
        Hash Cond: (e.team_id = t_cte_12.c_team_id0)
        Buffers: shared hit=886
        ->  Seq Scan on employee e  (cost=0.00..1443.00 rows=100000 width=8) (actual rows=100000 loops=1)
              Buffers: shared hit=443
        ->  Hash  (cost=1963.00..1963.00 rows=1000 width=12) (actual rows=1000 loops=1)
              Buckets: 1024  Batches: 1  Memory Usage: 51kB
              Buffers: shared hit=443
              ->  Subquery Scan on t_cte_12  (cost=1943.00..1963.00 rows=1000 width=12) (actual rows=1000 loops=1)
                    Buffers: shared hit=443
                    ->  HashAggregate  (cost=1943.00..1953.00 rows=1000 width=12) (actual rows=1000 loops=1)
                          Group Key: t_employee_0.team_id
                          Batches: 1  Memory Usage: 193kB
                          Buffers: shared hit=443
                          ->  Seq Scan on employee t_employee_0  (cost=0.00..1443.00 rows=100000 width=8) (actual rows=100000 loops=1)
                                Buffers: shared hit=443
Planning Time: 0.116 ms
Execution Time: 86.792 ms",90.54,12064.92,100000,"HashAggregate  (cost=10088.36..12064.92 rows=100000 width=12) (actual rows=100000 loops=1)
  Group Key: e.employee_id, t_cte_12.c_count0
  Planned Partitions: 4  Batches: 5  Memory Usage: 4145kB  Disk Usage: 1800kB
  Buffers: shared hit=886, temp read=225 written=387
  ->  Hash Join  (cost=1975.50..3682.11 rows=100000 width=12) (actual rows=100000 loops=1)
        Hash Cond: (e.team_id = t_cte_12.c_team_id0)
        Buffers: shared hit=886
        ->  Seq Scan on employee e  (cost=0.00..1443.00 rows=100000 width=8) (actual rows=100000 loops=1)
              Buffers: shared hit=443
        ->  Hash  (cost=1963.00..1963.00 rows=1000 width=12) (actual rows=1000 loops=1)
              Buckets: 1024  Batches: 1  Memory Usage: 51kB
              Buffers: shared hit=443
              ->  Subquery Scan on t_cte_12  (cost=1943.00..1963.00 rows=1000 width=12) (actual rows=1000 loops=1)
                    Buffers: shared hit=443
                    ->  HashAggregate  (cost=1943.00..1953.00 rows=1000 width=12) (actual rows=1000 loops=1)
                          Group Key: t_employee_0.team_id
                          Batches: 1  Memory Usage: 193kB
                          Buffers: shared hit=443
                          ->  Seq Scan on employee t_employee_0  (cost=0.00..1443.00 rows=100000 width=8) (actual rows=100000 loops=1)
                                Buffers: shared hit=443
Planning Time: 0.145 ms
Execution Time: 90.540 ms",89.034,12064.92,100000,"HashAggregate  (cost=10088.36..12064.92 rows=100000 width=12) (actual rows=100000 loops=1)
  Group Key: e.employee_id, t_cte_12.c_count0
  Planned Partitions: 4  Batches: 5  Memory Usage: 4145kB  Disk Usage: 1800kB
  Buffers: shared hit=886, temp read=225 written=387
  ->  Hash Join  (cost=1975.50..3682.11 rows=100000 width=12) (actual rows=100000 loops=1)
        Hash Cond: (e.team_id = t_cte_12.c_team_id0)
        Buffers: shared hit=886
        ->  Seq Scan on employee e  (cost=0.00..1443.00 rows=100000 width=8) (actual rows=100000 loops=1)
              Buffers: shared hit=443
        ->  Hash  (cost=1963.00..1963.00 rows=1000 width=12) (actual rows=1000 loops=1)
              Buckets: 1024  Batches: 1  Memory Usage: 51kB
              Buffers: shared hit=443
              ->  Subquery Scan on t_cte_12  (cost=1943.00..1963.00 rows=1000 width=12) (actual rows=1000 loops=1)
                    Buffers: shared hit=443
                    ->  HashAggregate  (cost=1943.00..1953.00 rows=1000 width=12) (actual rows=1000 loops=1)
                          Group Key: t_employee_0.team_id
                          Batches: 1  Memory Usage: 193kB
                          Buffers: shared hit=443
                          ->  Seq Scan on employee t_employee_0  (cost=0.00..1443.00 rows=100000 width=8) (actual rows=100000 loops=1)
                                Buffers: shared hit=443
Planning Time: 0.134 ms
Execution Time: 89.034 ms",95.145,12064.92,100000,"HashAggregate  (cost=10088.36..12064.92 rows=100000 width=12) (actual rows=100000 loops=1)
  Group Key: e.employee_id, t_cte_12.c_count0
  Planned Partitions: 4  Batches: 5  Memory Usage: 4145kB  Disk Usage: 1800kB
  Buffers: shared hit=886, temp read=225 written=387
  ->  Hash Join  (cost=1975.50..3682.11 rows=100000 width=12) (actual rows=100000 loops=1)
        Hash Cond: (e.team_id = t_cte_12.c_team_id0)
        Buffers: shared hit=886
        ->  Seq Scan on employee e  (cost=0.00..1443.00 rows=100000 width=8) (actual rows=100000 loops=1)
              Buffers: shared hit=443
        ->  Hash  (cost=1963.00..1963.00 rows=1000 width=12) (actual rows=1000 loops=1)
              Buckets: 1024  Batches: 1  Memory Usage: 51kB
              Buffers: shared hit=443
              ->  Subquery Scan on t_cte_12  (cost=1943.00..1963.00 rows=1000 width=12) (actual rows=1000 loops=1)
                    Buffers: shared hit=443
                    ->  HashAggregate  (cost=1943.00..1953.00 rows=1000 width=12) (actual rows=1000 loops=1)
                          Group Key: t_employee_0.team_id
                          Batches: 1  Memory Usage: 193kB
                          Buffers: shared hit=443
                          ->  Seq Scan on employee t_employee_0  (cost=0.00..1443.00 rows=100000 width=8) (actual rows=100000 loops=1)
                                Buffers: shared hit=443
Planning Time: 0.294 ms
Execution Time: 95.145 ms",93.078,12064.92,100000,"HashAggregate  (cost=10088.36..12064.92 rows=100000 width=12) (actual rows=100000 loops=1)
  Group Key: e.employee_id, t_cte_12.c_count0
  Planned Partitions: 4  Batches: 5  Memory Usage: 4145kB  Disk Usage: 1800kB
  Buffers: shared hit=886, temp read=225 written=387
  ->  Hash Join  (cost=1975.50..3682.11 rows=100000 width=12) (actual rows=100000 loops=1)
        Hash Cond: (e.team_id = t_cte_12.c_team_id0)
        Buffers: shared hit=886
        ->  Seq Scan on employee e  (cost=0.00..1443.00 rows=100000 width=8) (actual rows=100000 loops=1)
              Buffers: shared hit=443
        ->  Hash  (cost=1963.00..1963.00 rows=1000 width=12) (actual rows=1000 loops=1)
              Buckets: 1024  Batches: 1  Memory Usage: 51kB
              Buffers: shared hit=443
              ->  Subquery Scan on t_cte_12  (cost=1943.00..1963.00 rows=1000 width=12) (actual rows=1000 loops=1)
                    Buffers: shared hit=443
                    ->  HashAggregate  (cost=1943.00..1953.00 rows=1000 width=12) (actual rows=1000 loops=1)
                          Group Key: t_employee_0.team_id
                          Batches: 1  Memory Usage: 193kB
                          Buffers: shared hit=443
                          ->  Seq Scan on employee t_employee_0  (cost=0.00..1443.00 rows=100000 width=8) (actual rows=100000 loops=1)
                                Buffers: shared hit=443
Planning Time: 0.155 ms
Execution Time: 93.078 ms",90.9178,90.54,94.1115,95.9718,12064.92,12064.92,100000,100000,100000,100000,1303_91,765,1303,91,Easy,"select e.employee_id, tmp.team_size from schema_1303.employee as e join (select team_id, count(distinct employee_id) as team_size from schema_1303.employee group by team_id) as tmp on e.team_id = tmp.team_id",82.848,12236.93,100000,"Hash Join  (cost=10530.32..12236.93 rows=100000 width=12) (actual rows=100000 loops=1)
  Hash Cond: (e.team_id = tmp.team_id)
  Buffers: shared hit=886, temp read=221 written=222
  ->  Seq Scan on employee e  (cost=0.00..1443.00 rows=100000 width=8) (actual rows=100000 loops=1)
        Buffers: shared hit=443
  ->  Hash  (cost=10517.82..10517.82 rows=1000 width=12) (actual rows=1000 loops=1)
        Buckets: 1024  Batches: 1  Memory Usage: 51kB
        Buffers: shared hit=443, temp read=221 written=222
        ->  Subquery Scan on tmp  (cost=9747.82..10517.82 rows=1000 width=12) (actual rows=1000 loops=1)
              Buffers: shared hit=443, temp read=221 written=222
              ->  GroupAggregate  (cost=9747.82..10507.82 rows=1000 width=12) (actual rows=1000 loops=1)
                    Group Key: employee.team_id
                    Buffers: shared hit=443, temp read=221 written=222
                    ->  Sort  (cost=9747.82..9997.82 rows=100000 width=8) (actual rows=100000 loops=1)
                          Sort Key: employee.team_id
                          Sort Method: external merge  Disk: 1768kB
                          Buffers: shared hit=443, temp read=221 written=222
                          ->  Seq Scan on employee  (cost=0.00..1443.00 rows=100000 width=8) (actual rows=100000 loops=1)
                                Buffers: shared hit=443
Planning Time: 0.090 ms
Execution Time: 82.848 ms",88.367,12236.93,100000,"Hash Join  (cost=10530.32..12236.93 rows=100000 width=12) (actual rows=100000 loops=1)
  Hash Cond: (e.team_id = tmp.team_id)
  Buffers: shared hit=886, temp read=221 written=222
  ->  Seq Scan on employee e  (cost=0.00..1443.00 rows=100000 width=8) (actual rows=100000 loops=1)
        Buffers: shared hit=443
  ->  Hash  (cost=10517.82..10517.82 rows=1000 width=12) (actual rows=1000 loops=1)
        Buckets: 1024  Batches: 1  Memory Usage: 51kB
        Buffers: shared hit=443, temp read=221 written=222
        ->  Subquery Scan on tmp  (cost=9747.82..10517.82 rows=1000 width=12) (actual rows=1000 loops=1)
              Buffers: shared hit=443, temp read=221 written=222
              ->  GroupAggregate  (cost=9747.82..10507.82 rows=1000 width=12) (actual rows=1000 loops=1)
                    Group Key: employee.team_id
                    Buffers: shared hit=443, temp read=221 written=222
                    ->  Sort  (cost=9747.82..9997.82 rows=100000 width=8) (actual rows=100000 loops=1)
                          Sort Key: employee.team_id
                          Sort Method: external merge  Disk: 1768kB
                          Buffers: shared hit=443, temp read=221 written=222
                          ->  Seq Scan on employee  (cost=0.00..1443.00 rows=100000 width=8) (actual rows=100000 loops=1)
                                Buffers: shared hit=443
Planning Time: 0.138 ms
Execution Time: 88.367 ms",91.136,12236.93,100000,"Hash Join  (cost=10530.32..12236.93 rows=100000 width=12) (actual rows=100000 loops=1)
  Hash Cond: (e.team_id = tmp.team_id)
  Buffers: shared hit=886, temp read=221 written=222
  ->  Seq Scan on employee e  (cost=0.00..1443.00 rows=100000 width=8) (actual rows=100000 loops=1)
        Buffers: shared hit=443
  ->  Hash  (cost=10517.82..10517.82 rows=1000 width=12) (actual rows=1000 loops=1)
        Buckets: 1024  Batches: 1  Memory Usage: 51kB
        Buffers: shared hit=443, temp read=221 written=222
        ->  Subquery Scan on tmp  (cost=9747.82..10517.82 rows=1000 width=12) (actual rows=1000 loops=1)
              Buffers: shared hit=443, temp read=221 written=222
              ->  GroupAggregate  (cost=9747.82..10507.82 rows=1000 width=12) (actual rows=1000 loops=1)
                    Group Key: employee.team_id
                    Buffers: shared hit=443, temp read=221 written=222
                    ->  Sort  (cost=9747.82..9997.82 rows=100000 width=8) (actual rows=100000 loops=1)
                          Sort Key: employee.team_id
                          Sort Method: external merge  Disk: 1768kB
                          Buffers: shared hit=443, temp read=221 written=222
                          ->  Seq Scan on employee  (cost=0.00..1443.00 rows=100000 width=8) (actual rows=100000 loops=1)
                                Buffers: shared hit=443
Planning Time: 0.139 ms
Execution Time: 91.136 ms",91.823,12236.93,100000,"Hash Join  (cost=10530.32..12236.93 rows=100000 width=12) (actual rows=100000 loops=1)
  Hash Cond: (e.team_id = tmp.team_id)
  Buffers: shared hit=886, temp read=221 written=222
  ->  Seq Scan on employee e  (cost=0.00..1443.00 rows=100000 width=8) (actual rows=100000 loops=1)
        Buffers: shared hit=443
  ->  Hash  (cost=10517.82..10517.82 rows=1000 width=12) (actual rows=1000 loops=1)
        Buckets: 1024  Batches: 1  Memory Usage: 51kB
        Buffers: shared hit=443, temp read=221 written=222
        ->  Subquery Scan on tmp  (cost=9747.82..10517.82 rows=1000 width=12) (actual rows=1000 loops=1)
              Buffers: shared hit=443, temp read=221 written=222
              ->  GroupAggregate  (cost=9747.82..10507.82 rows=1000 width=12) (actual rows=1000 loops=1)
                    Group Key: employee.team_id
                    Buffers: shared hit=443, temp read=221 written=222
                    ->  Sort  (cost=9747.82..9997.82 rows=100000 width=8) (actual rows=100000 loops=1)
                          Sort Key: employee.team_id
                          Sort Method: external merge  Disk: 1768kB
                          Buffers: shared hit=443, temp read=221 written=222
                          ->  Seq Scan on employee  (cost=0.00..1443.00 rows=100000 width=8) (actual rows=100000 loops=1)
                                Buffers: shared hit=443
Planning Time: 0.142 ms
Execution Time: 91.823 ms",92.755,12236.93,100000,"Hash Join  (cost=10530.32..12236.93 rows=100000 width=12) (actual rows=100000 loops=1)
  Hash Cond: (e.team_id = tmp.team_id)
  Buffers: shared hit=886, temp read=221 written=222
  ->  Seq Scan on employee e  (cost=0.00..1443.00 rows=100000 width=8) (actual rows=100000 loops=1)
        Buffers: shared hit=443
  ->  Hash  (cost=10517.82..10517.82 rows=1000 width=12) (actual rows=1000 loops=1)
        Buckets: 1024  Batches: 1  Memory Usage: 51kB
        Buffers: shared hit=443, temp read=221 written=222
        ->  Subquery Scan on tmp  (cost=9747.82..10517.82 rows=1000 width=12) (actual rows=1000 loops=1)
              Buffers: shared hit=443, temp read=221 written=222
              ->  GroupAggregate  (cost=9747.82..10507.82 rows=1000 width=12) (actual rows=1000 loops=1)
                    Group Key: employee.team_id
                    Buffers: shared hit=443, temp read=221 written=222
                    ->  Sort  (cost=9747.82..9997.82 rows=100000 width=8) (actual rows=100000 loops=1)
                          Sort Key: employee.team_id
                          Sort Method: external merge  Disk: 1768kB
                          Buffers: shared hit=443, temp read=221 written=222
                          ->  Seq Scan on employee  (cost=0.00..1443.00 rows=100000 width=8) (actual rows=100000 loops=1)
                                Buffers: shared hit=443
Planning Time: 0.141 ms
Execution Time: 92.755 ms",89.3858,91.136,92.289,93.1278,12236.93,12236.93,100000,100000,100000,100000,normal,normal,16.033858699999982,10.812336199999983,equal variances,not significant,0.7261904761904762,1.5319999999999965,-0.5959999999999894,-172.01000000000022,0,True
766,1303,95,Easy,"select distinct e.employee_id as employee_id, t_cte_9.c_count0 as team_size from schema_1303.employee as e left join (select count(t_employee_0.employee_id) as c_count0, t_employee_0.team_id as c_team_id0 from schema_1303.employee as t_employee_0 group by t_employee_0.team_id) as t_cte_9 on e.team_id = t_cte_9.c_team_id0",87.389,12064.92,100000,"HashAggregate  (cost=10088.36..12064.92 rows=100000 width=12) (actual rows=100000 loops=1)
  Group Key: e.employee_id, (count(t_employee_0.employee_id))
  Planned Partitions: 4  Batches: 5  Memory Usage: 4145kB  Disk Usage: 1800kB
  Buffers: shared hit=886, temp read=225 written=387
  ->  Hash Left Join  (cost=1975.50..3682.11 rows=100000 width=12) (actual rows=100000 loops=1)
        Hash Cond: (e.team_id = t_employee_0.team_id)
        Buffers: shared hit=886
        ->  Seq Scan on employee e  (cost=0.00..1443.00 rows=100000 width=8) (actual rows=100000 loops=1)
              Buffers: shared hit=443
        ->  Hash  (cost=1963.00..1963.00 rows=1000 width=12) (actual rows=1000 loops=1)
              Buckets: 1024  Batches: 1  Memory Usage: 51kB
              Buffers: shared hit=443
              ->  HashAggregate  (cost=1943.00..1953.00 rows=1000 width=12) (actual rows=1000 loops=1)
                    Group Key: t_employee_0.team_id
                    Batches: 1  Memory Usage: 193kB
                    Buffers: shared hit=443
                    ->  Seq Scan on employee t_employee_0  (cost=0.00..1443.00 rows=100000 width=8) (actual rows=100000 loops=1)
                          Buffers: shared hit=443
Planning Time: 0.122 ms
Execution Time: 87.389 ms",93.916,12064.92,100000,"HashAggregate  (cost=10088.36..12064.92 rows=100000 width=12) (actual rows=100000 loops=1)
  Group Key: e.employee_id, (count(t_employee_0.employee_id))
  Planned Partitions: 4  Batches: 5  Memory Usage: 4145kB  Disk Usage: 1800kB
  Buffers: shared hit=886, temp read=225 written=387
  ->  Hash Left Join  (cost=1975.50..3682.11 rows=100000 width=12) (actual rows=100000 loops=1)
        Hash Cond: (e.team_id = t_employee_0.team_id)
        Buffers: shared hit=886
        ->  Seq Scan on employee e  (cost=0.00..1443.00 rows=100000 width=8) (actual rows=100000 loops=1)
              Buffers: shared hit=443
        ->  Hash  (cost=1963.00..1963.00 rows=1000 width=12) (actual rows=1000 loops=1)
              Buckets: 1024  Batches: 1  Memory Usage: 51kB
              Buffers: shared hit=443
              ->  HashAggregate  (cost=1943.00..1953.00 rows=1000 width=12) (actual rows=1000 loops=1)
                    Group Key: t_employee_0.team_id
                    Batches: 1  Memory Usage: 193kB
                    Buffers: shared hit=443
                    ->  Seq Scan on employee t_employee_0  (cost=0.00..1443.00 rows=100000 width=8) (actual rows=100000 loops=1)
                          Buffers: shared hit=443
Planning Time: 0.175 ms
Execution Time: 93.916 ms",93.713,12064.92,100000,"HashAggregate  (cost=10088.36..12064.92 rows=100000 width=12) (actual rows=100000 loops=1)
  Group Key: e.employee_id, (count(t_employee_0.employee_id))
  Planned Partitions: 4  Batches: 5  Memory Usage: 4145kB  Disk Usage: 1800kB
  Buffers: shared hit=886, temp read=225 written=387
  ->  Hash Left Join  (cost=1975.50..3682.11 rows=100000 width=12) (actual rows=100000 loops=1)
        Hash Cond: (e.team_id = t_employee_0.team_id)
        Buffers: shared hit=886
        ->  Seq Scan on employee e  (cost=0.00..1443.00 rows=100000 width=8) (actual rows=100000 loops=1)
              Buffers: shared hit=443
        ->  Hash  (cost=1963.00..1963.00 rows=1000 width=12) (actual rows=1000 loops=1)
              Buckets: 1024  Batches: 1  Memory Usage: 51kB
              Buffers: shared hit=443
              ->  HashAggregate  (cost=1943.00..1953.00 rows=1000 width=12) (actual rows=1000 loops=1)
                    Group Key: t_employee_0.team_id
                    Batches: 1  Memory Usage: 193kB
                    Buffers: shared hit=443
                    ->  Seq Scan on employee t_employee_0  (cost=0.00..1443.00 rows=100000 width=8) (actual rows=100000 loops=1)
                          Buffers: shared hit=443
Planning Time: 0.161 ms
Execution Time: 93.713 ms",94.306,12064.92,100000,"HashAggregate  (cost=10088.36..12064.92 rows=100000 width=12) (actual rows=100000 loops=1)
  Group Key: e.employee_id, (count(t_employee_0.employee_id))
  Planned Partitions: 4  Batches: 5  Memory Usage: 4145kB  Disk Usage: 1800kB
  Buffers: shared hit=886, temp read=225 written=387
  ->  Hash Left Join  (cost=1975.50..3682.11 rows=100000 width=12) (actual rows=100000 loops=1)
        Hash Cond: (e.team_id = t_employee_0.team_id)
        Buffers: shared hit=886
        ->  Seq Scan on employee e  (cost=0.00..1443.00 rows=100000 width=8) (actual rows=100000 loops=1)
              Buffers: shared hit=443
        ->  Hash  (cost=1963.00..1963.00 rows=1000 width=12) (actual rows=1000 loops=1)
              Buckets: 1024  Batches: 1  Memory Usage: 51kB
              Buffers: shared hit=443
              ->  HashAggregate  (cost=1943.00..1953.00 rows=1000 width=12) (actual rows=1000 loops=1)
                    Group Key: t_employee_0.team_id
                    Batches: 1  Memory Usage: 193kB
                    Buffers: shared hit=443
                    ->  Seq Scan on employee t_employee_0  (cost=0.00..1443.00 rows=100000 width=8) (actual rows=100000 loops=1)
                          Buffers: shared hit=443
Planning Time: 0.142 ms
Execution Time: 94.306 ms",90.616,12064.92,100000,"HashAggregate  (cost=10088.36..12064.92 rows=100000 width=12) (actual rows=100000 loops=1)
  Group Key: e.employee_id, (count(t_employee_0.employee_id))
  Planned Partitions: 4  Batches: 5  Memory Usage: 4145kB  Disk Usage: 1800kB
  Buffers: shared hit=886, temp read=225 written=387
  ->  Hash Left Join  (cost=1975.50..3682.11 rows=100000 width=12) (actual rows=100000 loops=1)
        Hash Cond: (e.team_id = t_employee_0.team_id)
        Buffers: shared hit=886
        ->  Seq Scan on employee e  (cost=0.00..1443.00 rows=100000 width=8) (actual rows=100000 loops=1)
              Buffers: shared hit=443
        ->  Hash  (cost=1963.00..1963.00 rows=1000 width=12) (actual rows=1000 loops=1)
              Buckets: 1024  Batches: 1  Memory Usage: 51kB
              Buffers: shared hit=443
              ->  HashAggregate  (cost=1943.00..1953.00 rows=1000 width=12) (actual rows=1000 loops=1)
                    Group Key: t_employee_0.team_id
                    Batches: 1  Memory Usage: 193kB
                    Buffers: shared hit=443
                    ->  Seq Scan on employee t_employee_0  (cost=0.00..1443.00 rows=100000 width=8) (actual rows=100000 loops=1)
                          Buffers: shared hit=443
Planning Time: 0.137 ms
Execution Time: 90.616 ms",91.988,93.713,94.111,94.462,12064.92,12064.92,100000,100000,100000,100000,1303_95,766,1303,95,Easy,"select e.employee_id, c.count as team_size from schema_1303.employee as e left outer join (select team_id, count(distinct employee_id) as count from schema_1303.employee group by team_id) as c on e.team_id = c.team_id",83.146,12236.93,100000,"Hash Left Join  (cost=10530.32..12236.93 rows=100000 width=12) (actual rows=100000 loops=1)
  Hash Cond: (e.team_id = c.team_id)
  Buffers: shared hit=886, temp read=221 written=222
  ->  Seq Scan on employee e  (cost=0.00..1443.00 rows=100000 width=8) (actual rows=100000 loops=1)
        Buffers: shared hit=443
  ->  Hash  (cost=10517.82..10517.82 rows=1000 width=12) (actual rows=1000 loops=1)
        Buckets: 1024  Batches: 1  Memory Usage: 51kB
        Buffers: shared hit=443, temp read=221 written=222
        ->  Subquery Scan on c  (cost=9747.82..10517.82 rows=1000 width=12) (actual rows=1000 loops=1)
              Buffers: shared hit=443, temp read=221 written=222
              ->  GroupAggregate  (cost=9747.82..10507.82 rows=1000 width=12) (actual rows=1000 loops=1)
                    Group Key: employee.team_id
                    Buffers: shared hit=443, temp read=221 written=222
                    ->  Sort  (cost=9747.82..9997.82 rows=100000 width=8) (actual rows=100000 loops=1)
                          Sort Key: employee.team_id
                          Sort Method: external merge  Disk: 1768kB
                          Buffers: shared hit=443, temp read=221 written=222
                          ->  Seq Scan on employee  (cost=0.00..1443.00 rows=100000 width=8) (actual rows=100000 loops=1)
                                Buffers: shared hit=443
Planning Time: 0.106 ms
Execution Time: 83.146 ms",89.262,12236.93,100000,"Hash Left Join  (cost=10530.32..12236.93 rows=100000 width=12) (actual rows=100000 loops=1)
  Hash Cond: (e.team_id = c.team_id)
  Buffers: shared hit=886, temp read=221 written=222
  ->  Seq Scan on employee e  (cost=0.00..1443.00 rows=100000 width=8) (actual rows=100000 loops=1)
        Buffers: shared hit=443
  ->  Hash  (cost=10517.82..10517.82 rows=1000 width=12) (actual rows=1000 loops=1)
        Buckets: 1024  Batches: 1  Memory Usage: 51kB
        Buffers: shared hit=443, temp read=221 written=222
        ->  Subquery Scan on c  (cost=9747.82..10517.82 rows=1000 width=12) (actual rows=1000 loops=1)
              Buffers: shared hit=443, temp read=221 written=222
              ->  GroupAggregate  (cost=9747.82..10507.82 rows=1000 width=12) (actual rows=1000 loops=1)
                    Group Key: employee.team_id
                    Buffers: shared hit=443, temp read=221 written=222
                    ->  Sort  (cost=9747.82..9997.82 rows=100000 width=8) (actual rows=100000 loops=1)
                          Sort Key: employee.team_id
                          Sort Method: external merge  Disk: 1768kB
                          Buffers: shared hit=443, temp read=221 written=222
                          ->  Seq Scan on employee  (cost=0.00..1443.00 rows=100000 width=8) (actual rows=100000 loops=1)
                                Buffers: shared hit=443
Planning Time: 0.126 ms
Execution Time: 89.262 ms",86.257,12236.93,100000,"Hash Left Join  (cost=10530.32..12236.93 rows=100000 width=12) (actual rows=100000 loops=1)
  Hash Cond: (e.team_id = c.team_id)
  Buffers: shared hit=886, temp read=221 written=222
  ->  Seq Scan on employee e  (cost=0.00..1443.00 rows=100000 width=8) (actual rows=100000 loops=1)
        Buffers: shared hit=443
  ->  Hash  (cost=10517.82..10517.82 rows=1000 width=12) (actual rows=1000 loops=1)
        Buckets: 1024  Batches: 1  Memory Usage: 51kB
        Buffers: shared hit=443, temp read=221 written=222
        ->  Subquery Scan on c  (cost=9747.82..10517.82 rows=1000 width=12) (actual rows=1000 loops=1)
              Buffers: shared hit=443, temp read=221 written=222
              ->  GroupAggregate  (cost=9747.82..10507.82 rows=1000 width=12) (actual rows=1000 loops=1)
                    Group Key: employee.team_id
                    Buffers: shared hit=443, temp read=221 written=222
                    ->  Sort  (cost=9747.82..9997.82 rows=100000 width=8) (actual rows=100000 loops=1)
                          Sort Key: employee.team_id
                          Sort Method: external merge  Disk: 1768kB
                          Buffers: shared hit=443, temp read=221 written=222
                          ->  Seq Scan on employee  (cost=0.00..1443.00 rows=100000 width=8) (actual rows=100000 loops=1)
                                Buffers: shared hit=443
Planning Time: 0.165 ms
Execution Time: 86.257 ms",89.373,12236.93,100000,"Hash Left Join  (cost=10530.32..12236.93 rows=100000 width=12) (actual rows=100000 loops=1)
  Hash Cond: (e.team_id = c.team_id)
  Buffers: shared hit=886, temp read=221 written=222
  ->  Seq Scan on employee e  (cost=0.00..1443.00 rows=100000 width=8) (actual rows=100000 loops=1)
        Buffers: shared hit=443
  ->  Hash  (cost=10517.82..10517.82 rows=1000 width=12) (actual rows=1000 loops=1)
        Buckets: 1024  Batches: 1  Memory Usage: 51kB
        Buffers: shared hit=443, temp read=221 written=222
        ->  Subquery Scan on c  (cost=9747.82..10517.82 rows=1000 width=12) (actual rows=1000 loops=1)
              Buffers: shared hit=443, temp read=221 written=222
              ->  GroupAggregate  (cost=9747.82..10507.82 rows=1000 width=12) (actual rows=1000 loops=1)
                    Group Key: employee.team_id
                    Buffers: shared hit=443, temp read=221 written=222
                    ->  Sort  (cost=9747.82..9997.82 rows=100000 width=8) (actual rows=100000 loops=1)
                          Sort Key: employee.team_id
                          Sort Method: external merge  Disk: 1768kB
                          Buffers: shared hit=443, temp read=221 written=222
                          ->  Seq Scan on employee  (cost=0.00..1443.00 rows=100000 width=8) (actual rows=100000 loops=1)
                                Buffers: shared hit=443
Planning Time: 0.149 ms
Execution Time: 89.373 ms",92.223,12236.93,100000,"Hash Left Join  (cost=10530.32..12236.93 rows=100000 width=12) (actual rows=100000 loops=1)
  Hash Cond: (e.team_id = c.team_id)
  Buffers: shared hit=886, temp read=221 written=222
  ->  Seq Scan on employee e  (cost=0.00..1443.00 rows=100000 width=8) (actual rows=100000 loops=1)
        Buffers: shared hit=443
  ->  Hash  (cost=10517.82..10517.82 rows=1000 width=12) (actual rows=1000 loops=1)
        Buckets: 1024  Batches: 1  Memory Usage: 51kB
        Buffers: shared hit=443, temp read=221 written=222
        ->  Subquery Scan on c  (cost=9747.82..10517.82 rows=1000 width=12) (actual rows=1000 loops=1)
              Buffers: shared hit=443, temp read=221 written=222
              ->  GroupAggregate  (cost=9747.82..10507.82 rows=1000 width=12) (actual rows=1000 loops=1)
                    Group Key: employee.team_id
                    Buffers: shared hit=443, temp read=221 written=222
                    ->  Sort  (cost=9747.82..9997.82 rows=100000 width=8) (actual rows=100000 loops=1)
                          Sort Key: employee.team_id
                          Sort Method: external merge  Disk: 1768kB
                          Buffers: shared hit=443, temp read=221 written=222
                          ->  Seq Scan on employee  (cost=0.00..1443.00 rows=100000 width=8) (actual rows=100000 loops=1)
                                Buffers: shared hit=443
Planning Time: 0.121 ms
Execution Time: 92.223 ms",88.0522,89.262,90.798,93.363,12236.93,12236.93,100000,100000,100000,100000,normal,normal,11.974310699999993,8.774779499999998,equal variances,not significant,0.9722222222222222,3.9358000000000004,4.450999999999993,-172.01000000000022,0,True
773,1303,106,Easy,"select distinct e.employee_id as employee_id, t_cte_1.c_count0 as team_size from (select count(t_employee_0.employee_id) as c_count0, t_employee_0.team_id as c_team_id0 from schema_1303.employee as t_employee_0 group by t_employee_0.team_id) as t_cte_1 left join schema_1303.employee as e on e.team_id = t_cte_1.c_team_id0",88.661,12064.92,100000,"HashAggregate  (cost=10088.36..12064.92 rows=100000 width=12) (actual rows=100000 loops=1)
  Group Key: e.employee_id, (count(t_employee_0.employee_id))
  Planned Partitions: 4  Batches: 5  Memory Usage: 4145kB  Disk Usage: 1800kB
  Buffers: shared hit=886, temp read=225 written=387
  ->  Hash Right Join  (cost=1975.50..3682.11 rows=100000 width=12) (actual rows=100000 loops=1)
        Hash Cond: (e.team_id = t_employee_0.team_id)
        Buffers: shared hit=886
        ->  Seq Scan on employee e  (cost=0.00..1443.00 rows=100000 width=8) (actual rows=100000 loops=1)
              Buffers: shared hit=443
        ->  Hash  (cost=1963.00..1963.00 rows=1000 width=12) (actual rows=1000 loops=1)
              Buckets: 1024  Batches: 1  Memory Usage: 51kB
              Buffers: shared hit=443
              ->  HashAggregate  (cost=1943.00..1953.00 rows=1000 width=12) (actual rows=1000 loops=1)
                    Group Key: t_employee_0.team_id
                    Batches: 1  Memory Usage: 193kB
                    Buffers: shared hit=443
                    ->  Seq Scan on employee t_employee_0  (cost=0.00..1443.00 rows=100000 width=8) (actual rows=100000 loops=1)
                          Buffers: shared hit=443
Planning Time: 0.149 ms
Execution Time: 88.661 ms",91.953,12064.92,100000,"HashAggregate  (cost=10088.36..12064.92 rows=100000 width=12) (actual rows=100000 loops=1)
  Group Key: e.employee_id, (count(t_employee_0.employee_id))
  Planned Partitions: 4  Batches: 5  Memory Usage: 4145kB  Disk Usage: 1800kB
  Buffers: shared hit=886, temp read=225 written=387
  ->  Hash Right Join  (cost=1975.50..3682.11 rows=100000 width=12) (actual rows=100000 loops=1)
        Hash Cond: (e.team_id = t_employee_0.team_id)
        Buffers: shared hit=886
        ->  Seq Scan on employee e  (cost=0.00..1443.00 rows=100000 width=8) (actual rows=100000 loops=1)
              Buffers: shared hit=443
        ->  Hash  (cost=1963.00..1963.00 rows=1000 width=12) (actual rows=1000 loops=1)
              Buckets: 1024  Batches: 1  Memory Usage: 51kB
              Buffers: shared hit=443
              ->  HashAggregate  (cost=1943.00..1953.00 rows=1000 width=12) (actual rows=1000 loops=1)
                    Group Key: t_employee_0.team_id
                    Batches: 1  Memory Usage: 193kB
                    Buffers: shared hit=443
                    ->  Seq Scan on employee t_employee_0  (cost=0.00..1443.00 rows=100000 width=8) (actual rows=100000 loops=1)
                          Buffers: shared hit=443
Planning Time: 0.146 ms
Execution Time: 91.953 ms",94.394,12064.92,100000,"HashAggregate  (cost=10088.36..12064.92 rows=100000 width=12) (actual rows=100000 loops=1)
  Group Key: e.employee_id, (count(t_employee_0.employee_id))
  Planned Partitions: 4  Batches: 5  Memory Usage: 4145kB  Disk Usage: 1800kB
  Buffers: shared hit=886, temp read=225 written=387
  ->  Hash Right Join  (cost=1975.50..3682.11 rows=100000 width=12) (actual rows=100000 loops=1)
        Hash Cond: (e.team_id = t_employee_0.team_id)
        Buffers: shared hit=886
        ->  Seq Scan on employee e  (cost=0.00..1443.00 rows=100000 width=8) (actual rows=100000 loops=1)
              Buffers: shared hit=443
        ->  Hash  (cost=1963.00..1963.00 rows=1000 width=12) (actual rows=1000 loops=1)
              Buckets: 1024  Batches: 1  Memory Usage: 51kB
              Buffers: shared hit=443
              ->  HashAggregate  (cost=1943.00..1953.00 rows=1000 width=12) (actual rows=1000 loops=1)
                    Group Key: t_employee_0.team_id
                    Batches: 1  Memory Usage: 193kB
                    Buffers: shared hit=443
                    ->  Seq Scan on employee t_employee_0  (cost=0.00..1443.00 rows=100000 width=8) (actual rows=100000 loops=1)
                          Buffers: shared hit=443
Planning Time: 0.181 ms
Execution Time: 94.394 ms",94.79,12064.92,100000,"HashAggregate  (cost=10088.36..12064.92 rows=100000 width=12) (actual rows=100000 loops=1)
  Group Key: e.employee_id, (count(t_employee_0.employee_id))
  Planned Partitions: 4  Batches: 5  Memory Usage: 4145kB  Disk Usage: 1800kB
  Buffers: shared hit=886, temp read=225 written=387
  ->  Hash Right Join  (cost=1975.50..3682.11 rows=100000 width=12) (actual rows=100000 loops=1)
        Hash Cond: (e.team_id = t_employee_0.team_id)
        Buffers: shared hit=886
        ->  Seq Scan on employee e  (cost=0.00..1443.00 rows=100000 width=8) (actual rows=100000 loops=1)
              Buffers: shared hit=443
        ->  Hash  (cost=1963.00..1963.00 rows=1000 width=12) (actual rows=1000 loops=1)
              Buckets: 1024  Batches: 1  Memory Usage: 51kB
              Buffers: shared hit=443
              ->  HashAggregate  (cost=1943.00..1953.00 rows=1000 width=12) (actual rows=1000 loops=1)
                    Group Key: t_employee_0.team_id
                    Batches: 1  Memory Usage: 193kB
                    Buffers: shared hit=443
                    ->  Seq Scan on employee t_employee_0  (cost=0.00..1443.00 rows=100000 width=8) (actual rows=100000 loops=1)
                          Buffers: shared hit=443
Planning Time: 0.152 ms
Execution Time: 94.790 ms",94.868,12064.92,100000,"HashAggregate  (cost=10088.36..12064.92 rows=100000 width=12) (actual rows=100000 loops=1)
  Group Key: e.employee_id, (count(t_employee_0.employee_id))
  Planned Partitions: 4  Batches: 5  Memory Usage: 4145kB  Disk Usage: 1800kB
  Buffers: shared hit=886, temp read=225 written=387
  ->  Hash Right Join  (cost=1975.50..3682.11 rows=100000 width=12) (actual rows=100000 loops=1)
        Hash Cond: (e.team_id = t_employee_0.team_id)
        Buffers: shared hit=886
        ->  Seq Scan on employee e  (cost=0.00..1443.00 rows=100000 width=8) (actual rows=100000 loops=1)
              Buffers: shared hit=443
        ->  Hash  (cost=1963.00..1963.00 rows=1000 width=12) (actual rows=1000 loops=1)
              Buckets: 1024  Batches: 1  Memory Usage: 51kB
              Buffers: shared hit=443
              ->  HashAggregate  (cost=1943.00..1953.00 rows=1000 width=12) (actual rows=1000 loops=1)
                    Group Key: t_employee_0.team_id
                    Batches: 1  Memory Usage: 193kB
                    Buffers: shared hit=443
                    ->  Seq Scan on employee t_employee_0  (cost=0.00..1443.00 rows=100000 width=8) (actual rows=100000 loops=1)
                          Buffers: shared hit=443
Planning Time: 0.171 ms
Execution Time: 94.868 ms",92.9332,94.394,94.829,94.8992,12064.92,12064.92,100000,100000,100000,100000,1303_106,773,1303,106,Easy,"select e.employee_id, t.team_size from schema_1303.employee as e left outer join (select team_id, count(distinct employee_id) as team_size from schema_1303.employee group by team_id) as t on e.team_id = t.team_id",83.015,12236.93,100000,"Hash Left Join  (cost=10530.32..12236.93 rows=100000 width=12) (actual rows=100000 loops=1)
  Hash Cond: (e.team_id = t.team_id)
  Buffers: shared hit=886, temp read=221 written=222
  ->  Seq Scan on employee e  (cost=0.00..1443.00 rows=100000 width=8) (actual rows=100000 loops=1)
        Buffers: shared hit=443
  ->  Hash  (cost=10517.82..10517.82 rows=1000 width=12) (actual rows=1000 loops=1)
        Buckets: 1024  Batches: 1  Memory Usage: 51kB
        Buffers: shared hit=443, temp read=221 written=222
        ->  Subquery Scan on t  (cost=9747.82..10517.82 rows=1000 width=12) (actual rows=1000 loops=1)
              Buffers: shared hit=443, temp read=221 written=222
              ->  GroupAggregate  (cost=9747.82..10507.82 rows=1000 width=12) (actual rows=1000 loops=1)
                    Group Key: employee.team_id
                    Buffers: shared hit=443, temp read=221 written=222
                    ->  Sort  (cost=9747.82..9997.82 rows=100000 width=8) (actual rows=100000 loops=1)
                          Sort Key: employee.team_id
                          Sort Method: external merge  Disk: 1768kB
                          Buffers: shared hit=443, temp read=221 written=222
                          ->  Seq Scan on employee  (cost=0.00..1443.00 rows=100000 width=8) (actual rows=100000 loops=1)
                                Buffers: shared hit=443
Planning Time: 0.092 ms
Execution Time: 83.015 ms",87.542,12236.93,100000,"Hash Left Join  (cost=10530.32..12236.93 rows=100000 width=12) (actual rows=100000 loops=1)
  Hash Cond: (e.team_id = t.team_id)
  Buffers: shared hit=886, temp read=221 written=222
  ->  Seq Scan on employee e  (cost=0.00..1443.00 rows=100000 width=8) (actual rows=100000 loops=1)
        Buffers: shared hit=443
  ->  Hash  (cost=10517.82..10517.82 rows=1000 width=12) (actual rows=1000 loops=1)
        Buckets: 1024  Batches: 1  Memory Usage: 51kB
        Buffers: shared hit=443, temp read=221 written=222
        ->  Subquery Scan on t  (cost=9747.82..10517.82 rows=1000 width=12) (actual rows=1000 loops=1)
              Buffers: shared hit=443, temp read=221 written=222
              ->  GroupAggregate  (cost=9747.82..10507.82 rows=1000 width=12) (actual rows=1000 loops=1)
                    Group Key: employee.team_id
                    Buffers: shared hit=443, temp read=221 written=222
                    ->  Sort  (cost=9747.82..9997.82 rows=100000 width=8) (actual rows=100000 loops=1)
                          Sort Key: employee.team_id
                          Sort Method: external merge  Disk: 1768kB
                          Buffers: shared hit=443, temp read=221 written=222
                          ->  Seq Scan on employee  (cost=0.00..1443.00 rows=100000 width=8) (actual rows=100000 loops=1)
                                Buffers: shared hit=443
Planning Time: 0.144 ms
Execution Time: 87.542 ms",89.439,12236.93,100000,"Hash Left Join  (cost=10530.32..12236.93 rows=100000 width=12) (actual rows=100000 loops=1)
  Hash Cond: (e.team_id = t.team_id)
  Buffers: shared hit=886, temp read=221 written=222
  ->  Seq Scan on employee e  (cost=0.00..1443.00 rows=100000 width=8) (actual rows=100000 loops=1)
        Buffers: shared hit=443
  ->  Hash  (cost=10517.82..10517.82 rows=1000 width=12) (actual rows=1000 loops=1)
        Buckets: 1024  Batches: 1  Memory Usage: 51kB
        Buffers: shared hit=443, temp read=221 written=222
        ->  Subquery Scan on t  (cost=9747.82..10517.82 rows=1000 width=12) (actual rows=1000 loops=1)
              Buffers: shared hit=443, temp read=221 written=222
              ->  GroupAggregate  (cost=9747.82..10507.82 rows=1000 width=12) (actual rows=1000 loops=1)
                    Group Key: employee.team_id
                    Buffers: shared hit=443, temp read=221 written=222
                    ->  Sort  (cost=9747.82..9997.82 rows=100000 width=8) (actual rows=100000 loops=1)
                          Sort Key: employee.team_id
                          Sort Method: external merge  Disk: 1768kB
                          Buffers: shared hit=443, temp read=221 written=222
                          ->  Seq Scan on employee  (cost=0.00..1443.00 rows=100000 width=8) (actual rows=100000 loops=1)
                                Buffers: shared hit=443
Planning Time: 0.127 ms
Execution Time: 89.439 ms",87.284,12236.93,100000,"Hash Left Join  (cost=10530.32..12236.93 rows=100000 width=12) (actual rows=100000 loops=1)
  Hash Cond: (e.team_id = t.team_id)
  Buffers: shared hit=886, temp read=221 written=222
  ->  Seq Scan on employee e  (cost=0.00..1443.00 rows=100000 width=8) (actual rows=100000 loops=1)
        Buffers: shared hit=443
  ->  Hash  (cost=10517.82..10517.82 rows=1000 width=12) (actual rows=1000 loops=1)
        Buckets: 1024  Batches: 1  Memory Usage: 51kB
        Buffers: shared hit=443, temp read=221 written=222
        ->  Subquery Scan on t  (cost=9747.82..10517.82 rows=1000 width=12) (actual rows=1000 loops=1)
              Buffers: shared hit=443, temp read=221 written=222
              ->  GroupAggregate  (cost=9747.82..10507.82 rows=1000 width=12) (actual rows=1000 loops=1)
                    Group Key: employee.team_id
                    Buffers: shared hit=443, temp read=221 written=222
                    ->  Sort  (cost=9747.82..9997.82 rows=100000 width=8) (actual rows=100000 loops=1)
                          Sort Key: employee.team_id
                          Sort Method: external merge  Disk: 1768kB
                          Buffers: shared hit=443, temp read=221 written=222
                          ->  Seq Scan on employee  (cost=0.00..1443.00 rows=100000 width=8) (actual rows=100000 loops=1)
                                Buffers: shared hit=443
Planning Time: 0.231 ms
Execution Time: 87.284 ms",87.92,12236.93,100000,"Hash Left Join  (cost=10530.32..12236.93 rows=100000 width=12) (actual rows=100000 loops=1)
  Hash Cond: (e.team_id = t.team_id)
  Buffers: shared hit=886, temp read=221 written=222
  ->  Seq Scan on employee e  (cost=0.00..1443.00 rows=100000 width=8) (actual rows=100000 loops=1)
        Buffers: shared hit=443
  ->  Hash  (cost=10517.82..10517.82 rows=1000 width=12) (actual rows=1000 loops=1)
        Buckets: 1024  Batches: 1  Memory Usage: 51kB
        Buffers: shared hit=443, temp read=221 written=222
        ->  Subquery Scan on t  (cost=9747.82..10517.82 rows=1000 width=12) (actual rows=1000 loops=1)
              Buffers: shared hit=443, temp read=221 written=222
              ->  GroupAggregate  (cost=9747.82..10507.82 rows=1000 width=12) (actual rows=1000 loops=1)
                    Group Key: employee.team_id
                    Buffers: shared hit=443, temp read=221 written=222
                    ->  Sort  (cost=9747.82..9997.82 rows=100000 width=8) (actual rows=100000 loops=1)
                          Sort Key: employee.team_id
                          Sort Method: external merge  Disk: 1768kB
                          Buffers: shared hit=443, temp read=221 written=222
                          ->  Seq Scan on employee  (cost=0.00..1443.00 rows=100000 width=8) (actual rows=100000 loops=1)
                                Buffers: shared hit=443
Planning Time: 0.116 ms
Execution Time: 87.920 ms",87.04,87.542,88.6795,90.0466,12236.93,12236.93,100000,100000,100000,100000,normal,normal,5.760441499999993,7.134394700000001,equal variances,not significant,0.996031746031746,5.893199999999993,6.852000000000004,-172.01000000000022,0,True
774,1303,107,Easy,"select distinct e.employee_id as employee_id, t_cte_10.c_count0 as team_size from schema_1303.employee as e inner join (select count(t_employee_0.employee_id) as c_count0, t_employee_0.team_id as c_team_id0 from schema_1303.employee as t_employee_0 group by t_employee_0.team_id) as t_cte_10 on e.team_id = t_cte_10.c_team_id0",87.853,12064.92,100000,"HashAggregate  (cost=10088.36..12064.92 rows=100000 width=12) (actual rows=100000 loops=1)
  Group Key: e.employee_id, (count(t_employee_0.employee_id))
  Planned Partitions: 4  Batches: 5  Memory Usage: 4145kB  Disk Usage: 1800kB
  Buffers: shared hit=886, temp read=225 written=387
  ->  Hash Join  (cost=1975.50..3682.11 rows=100000 width=12) (actual rows=100000 loops=1)
        Hash Cond: (e.team_id = t_employee_0.team_id)
        Buffers: shared hit=886
        ->  Seq Scan on employee e  (cost=0.00..1443.00 rows=100000 width=8) (actual rows=100000 loops=1)
              Buffers: shared hit=443
        ->  Hash  (cost=1963.00..1963.00 rows=1000 width=12) (actual rows=1000 loops=1)
              Buckets: 1024  Batches: 1  Memory Usage: 51kB
              Buffers: shared hit=443
              ->  HashAggregate  (cost=1943.00..1953.00 rows=1000 width=12) (actual rows=1000 loops=1)
                    Group Key: t_employee_0.team_id
                    Batches: 1  Memory Usage: 193kB
                    Buffers: shared hit=443
                    ->  Seq Scan on employee t_employee_0  (cost=0.00..1443.00 rows=100000 width=8) (actual rows=100000 loops=1)
                          Buffers: shared hit=443
Planning Time: 0.101 ms
Execution Time: 87.853 ms",98.759,12064.92,100000,"HashAggregate  (cost=10088.36..12064.92 rows=100000 width=12) (actual rows=100000 loops=1)
  Group Key: e.employee_id, (count(t_employee_0.employee_id))
  Planned Partitions: 4  Batches: 5  Memory Usage: 4145kB  Disk Usage: 1800kB
  Buffers: shared hit=886, temp read=225 written=387
  ->  Hash Join  (cost=1975.50..3682.11 rows=100000 width=12) (actual rows=100000 loops=1)
        Hash Cond: (e.team_id = t_employee_0.team_id)
        Buffers: shared hit=886
        ->  Seq Scan on employee e  (cost=0.00..1443.00 rows=100000 width=8) (actual rows=100000 loops=1)
              Buffers: shared hit=443
        ->  Hash  (cost=1963.00..1963.00 rows=1000 width=12) (actual rows=1000 loops=1)
              Buckets: 1024  Batches: 1  Memory Usage: 51kB
              Buffers: shared hit=443
              ->  HashAggregate  (cost=1943.00..1953.00 rows=1000 width=12) (actual rows=1000 loops=1)
                    Group Key: t_employee_0.team_id
                    Batches: 1  Memory Usage: 193kB
                    Buffers: shared hit=443
                    ->  Seq Scan on employee t_employee_0  (cost=0.00..1443.00 rows=100000 width=8) (actual rows=100000 loops=1)
                          Buffers: shared hit=443
Planning Time: 0.143 ms
Execution Time: 98.759 ms",100.547,12064.92,100000,"HashAggregate  (cost=10088.36..12064.92 rows=100000 width=12) (actual rows=100000 loops=1)
  Group Key: e.employee_id, (count(t_employee_0.employee_id))
  Planned Partitions: 4  Batches: 5  Memory Usage: 4145kB  Disk Usage: 1800kB
  Buffers: shared hit=886, temp read=225 written=387
  ->  Hash Join  (cost=1975.50..3682.11 rows=100000 width=12) (actual rows=100000 loops=1)
        Hash Cond: (e.team_id = t_employee_0.team_id)
        Buffers: shared hit=886
        ->  Seq Scan on employee e  (cost=0.00..1443.00 rows=100000 width=8) (actual rows=100000 loops=1)
              Buffers: shared hit=443
        ->  Hash  (cost=1963.00..1963.00 rows=1000 width=12) (actual rows=1000 loops=1)
              Buckets: 1024  Batches: 1  Memory Usage: 51kB
              Buffers: shared hit=443
              ->  HashAggregate  (cost=1943.00..1953.00 rows=1000 width=12) (actual rows=1000 loops=1)
                    Group Key: t_employee_0.team_id
                    Batches: 1  Memory Usage: 193kB
                    Buffers: shared hit=443
                    ->  Seq Scan on employee t_employee_0  (cost=0.00..1443.00 rows=100000 width=8) (actual rows=100000 loops=1)
                          Buffers: shared hit=443
Planning Time: 0.145 ms
Execution Time: 100.547 ms",92.85,12064.92,100000,"HashAggregate  (cost=10088.36..12064.92 rows=100000 width=12) (actual rows=100000 loops=1)
  Group Key: e.employee_id, (count(t_employee_0.employee_id))
  Planned Partitions: 4  Batches: 5  Memory Usage: 4145kB  Disk Usage: 1800kB
  Buffers: shared hit=886, temp read=225 written=387
  ->  Hash Join  (cost=1975.50..3682.11 rows=100000 width=12) (actual rows=100000 loops=1)
        Hash Cond: (e.team_id = t_employee_0.team_id)
        Buffers: shared hit=886
        ->  Seq Scan on employee e  (cost=0.00..1443.00 rows=100000 width=8) (actual rows=100000 loops=1)
              Buffers: shared hit=443
        ->  Hash  (cost=1963.00..1963.00 rows=1000 width=12) (actual rows=1000 loops=1)
              Buckets: 1024  Batches: 1  Memory Usage: 51kB
              Buffers: shared hit=443
              ->  HashAggregate  (cost=1943.00..1953.00 rows=1000 width=12) (actual rows=1000 loops=1)
                    Group Key: t_employee_0.team_id
                    Batches: 1  Memory Usage: 193kB
                    Buffers: shared hit=443
                    ->  Seq Scan on employee t_employee_0  (cost=0.00..1443.00 rows=100000 width=8) (actual rows=100000 loops=1)
                          Buffers: shared hit=443
Planning Time: 0.150 ms
Execution Time: 92.850 ms",91.839,12064.92,100000,"HashAggregate  (cost=10088.36..12064.92 rows=100000 width=12) (actual rows=100000 loops=1)
  Group Key: e.employee_id, (count(t_employee_0.employee_id))
  Planned Partitions: 4  Batches: 5  Memory Usage: 4145kB  Disk Usage: 1800kB
  Buffers: shared hit=886, temp read=225 written=387
  ->  Hash Join  (cost=1975.50..3682.11 rows=100000 width=12) (actual rows=100000 loops=1)
        Hash Cond: (e.team_id = t_employee_0.team_id)
        Buffers: shared hit=886
        ->  Seq Scan on employee e  (cost=0.00..1443.00 rows=100000 width=8) (actual rows=100000 loops=1)
              Buffers: shared hit=443
        ->  Hash  (cost=1963.00..1963.00 rows=1000 width=12) (actual rows=1000 loops=1)
              Buckets: 1024  Batches: 1  Memory Usage: 51kB
              Buffers: shared hit=443
              ->  HashAggregate  (cost=1943.00..1953.00 rows=1000 width=12) (actual rows=1000 loops=1)
                    Group Key: t_employee_0.team_id
                    Batches: 1  Memory Usage: 193kB
                    Buffers: shared hit=443
                    ->  Seq Scan on employee t_employee_0  (cost=0.00..1443.00 rows=100000 width=8) (actual rows=100000 loops=1)
                          Buffers: shared hit=443
Planning Time: 0.141 ms
Execution Time: 91.839 ms",94.3696,92.85,99.653,101.2622,12064.92,12064.92,100000,100000,100000,100000,1303_107,774,1303,107,Easy,"select e.employee_id, team.team_size from schema_1303.employee as e join (select team_id, count(distinct employee_id) as team_size from schema_1303.employee group by 1) as team on e.team_id = team.team_id",83.37,12236.93,100000,"Hash Join  (cost=10530.32..12236.93 rows=100000 width=12) (actual rows=100000 loops=1)
  Hash Cond: (e.team_id = team.team_id)
  Buffers: shared hit=886, temp read=221 written=222
  ->  Seq Scan on employee e  (cost=0.00..1443.00 rows=100000 width=8) (actual rows=100000 loops=1)
        Buffers: shared hit=443
  ->  Hash  (cost=10517.82..10517.82 rows=1000 width=12) (actual rows=1000 loops=1)
        Buckets: 1024  Batches: 1  Memory Usage: 51kB
        Buffers: shared hit=443, temp read=221 written=222
        ->  Subquery Scan on team  (cost=9747.82..10517.82 rows=1000 width=12) (actual rows=1000 loops=1)
              Buffers: shared hit=443, temp read=221 written=222
              ->  GroupAggregate  (cost=9747.82..10507.82 rows=1000 width=12) (actual rows=1000 loops=1)
                    Group Key: employee.team_id
                    Buffers: shared hit=443, temp read=221 written=222
                    ->  Sort  (cost=9747.82..9997.82 rows=100000 width=8) (actual rows=100000 loops=1)
                          Sort Key: employee.team_id
                          Sort Method: external merge  Disk: 1768kB
                          Buffers: shared hit=443, temp read=221 written=222
                          ->  Seq Scan on employee  (cost=0.00..1443.00 rows=100000 width=8) (actual rows=100000 loops=1)
                                Buffers: shared hit=443
Planning Time: 0.103 ms
Execution Time: 83.370 ms",88.872,12236.93,100000,"Hash Join  (cost=10530.32..12236.93 rows=100000 width=12) (actual rows=100000 loops=1)
  Hash Cond: (e.team_id = team.team_id)
  Buffers: shared hit=886, temp read=221 written=222
  ->  Seq Scan on employee e  (cost=0.00..1443.00 rows=100000 width=8) (actual rows=100000 loops=1)
        Buffers: shared hit=443
  ->  Hash  (cost=10517.82..10517.82 rows=1000 width=12) (actual rows=1000 loops=1)
        Buckets: 1024  Batches: 1  Memory Usage: 51kB
        Buffers: shared hit=443, temp read=221 written=222
        ->  Subquery Scan on team  (cost=9747.82..10517.82 rows=1000 width=12) (actual rows=1000 loops=1)
              Buffers: shared hit=443, temp read=221 written=222
              ->  GroupAggregate  (cost=9747.82..10507.82 rows=1000 width=12) (actual rows=1000 loops=1)
                    Group Key: employee.team_id
                    Buffers: shared hit=443, temp read=221 written=222
                    ->  Sort  (cost=9747.82..9997.82 rows=100000 width=8) (actual rows=100000 loops=1)
                          Sort Key: employee.team_id
                          Sort Method: external merge  Disk: 1768kB
                          Buffers: shared hit=443, temp read=221 written=222
                          ->  Seq Scan on employee  (cost=0.00..1443.00 rows=100000 width=8) (actual rows=100000 loops=1)
                                Buffers: shared hit=443
Planning Time: 0.140 ms
Execution Time: 88.872 ms",87.41,12236.93,100000,"Hash Join  (cost=10530.32..12236.93 rows=100000 width=12) (actual rows=100000 loops=1)
  Hash Cond: (e.team_id = team.team_id)
  Buffers: shared hit=886, temp read=221 written=222
  ->  Seq Scan on employee e  (cost=0.00..1443.00 rows=100000 width=8) (actual rows=100000 loops=1)
        Buffers: shared hit=443
  ->  Hash  (cost=10517.82..10517.82 rows=1000 width=12) (actual rows=1000 loops=1)
        Buckets: 1024  Batches: 1  Memory Usage: 51kB
        Buffers: shared hit=443, temp read=221 written=222
        ->  Subquery Scan on team  (cost=9747.82..10517.82 rows=1000 width=12) (actual rows=1000 loops=1)
              Buffers: shared hit=443, temp read=221 written=222
              ->  GroupAggregate  (cost=9747.82..10507.82 rows=1000 width=12) (actual rows=1000 loops=1)
                    Group Key: employee.team_id
                    Buffers: shared hit=443, temp read=221 written=222
                    ->  Sort  (cost=9747.82..9997.82 rows=100000 width=8) (actual rows=100000 loops=1)
                          Sort Key: employee.team_id
                          Sort Method: external merge  Disk: 1768kB
                          Buffers: shared hit=443, temp read=221 written=222
                          ->  Seq Scan on employee  (cost=0.00..1443.00 rows=100000 width=8) (actual rows=100000 loops=1)
                                Buffers: shared hit=443
Planning Time: 0.178 ms
Execution Time: 87.410 ms",91.071,12236.93,100000,"Hash Join  (cost=10530.32..12236.93 rows=100000 width=12) (actual rows=100000 loops=1)
  Hash Cond: (e.team_id = team.team_id)
  Buffers: shared hit=886, temp read=221 written=222
  ->  Seq Scan on employee e  (cost=0.00..1443.00 rows=100000 width=8) (actual rows=100000 loops=1)
        Buffers: shared hit=443
  ->  Hash  (cost=10517.82..10517.82 rows=1000 width=12) (actual rows=1000 loops=1)
        Buckets: 1024  Batches: 1  Memory Usage: 51kB
        Buffers: shared hit=443, temp read=221 written=222
        ->  Subquery Scan on team  (cost=9747.82..10517.82 rows=1000 width=12) (actual rows=1000 loops=1)
              Buffers: shared hit=443, temp read=221 written=222
              ->  GroupAggregate  (cost=9747.82..10507.82 rows=1000 width=12) (actual rows=1000 loops=1)
                    Group Key: employee.team_id
                    Buffers: shared hit=443, temp read=221 written=222
                    ->  Sort  (cost=9747.82..9997.82 rows=100000 width=8) (actual rows=100000 loops=1)
                          Sort Key: employee.team_id
                          Sort Method: external merge  Disk: 1768kB
                          Buffers: shared hit=443, temp read=221 written=222
                          ->  Seq Scan on employee  (cost=0.00..1443.00 rows=100000 width=8) (actual rows=100000 loops=1)
                                Buffers: shared hit=443
Planning Time: 0.137 ms
Execution Time: 91.071 ms",87.715,12236.93,100000,"Hash Join  (cost=10530.32..12236.93 rows=100000 width=12) (actual rows=100000 loops=1)
  Hash Cond: (e.team_id = team.team_id)
  Buffers: shared hit=886, temp read=221 written=222
  ->  Seq Scan on employee e  (cost=0.00..1443.00 rows=100000 width=8) (actual rows=100000 loops=1)
        Buffers: shared hit=443
  ->  Hash  (cost=10517.82..10517.82 rows=1000 width=12) (actual rows=1000 loops=1)
        Buckets: 1024  Batches: 1  Memory Usage: 51kB
        Buffers: shared hit=443, temp read=221 written=222
        ->  Subquery Scan on team  (cost=9747.82..10517.82 rows=1000 width=12) (actual rows=1000 loops=1)
              Buffers: shared hit=443, temp read=221 written=222
              ->  GroupAggregate  (cost=9747.82..10507.82 rows=1000 width=12) (actual rows=1000 loops=1)
                    Group Key: employee.team_id
                    Buffers: shared hit=443, temp read=221 written=222
                    ->  Sort  (cost=9747.82..9997.82 rows=100000 width=8) (actual rows=100000 loops=1)
                          Sort Key: employee.team_id
                          Sort Method: external merge  Disk: 1768kB
                          Buffers: shared hit=443, temp read=221 written=222
                          ->  Seq Scan on employee  (cost=0.00..1443.00 rows=100000 width=8) (actual rows=100000 loops=1)
                                Buffers: shared hit=443
Planning Time: 0.143 ms
Execution Time: 87.715 ms",87.6876,87.715,89.9715,91.9506,12236.93,12236.93,100000,100000,100000,100000,normal,normal,7.892420299999986,27.151574800000017,equal variances,not significant,0.9920634920634921,6.682000000000002,5.134999999999991,-172.01000000000022,0,True
778,1303,115,Easy,"select e2.employee_id as employee_id, count(e2.employee_id) as team_size from schema_1303.employee as e2 inner join (select e1.team_id as c_team_id0 from schema_1303.employee as e1 group by e1.employee_id,e1.team_id) as t_cte_8 on t_cte_8.c_team_id0 = e2.team_id group by e2.team_id,e2.employee_id",4008.034,770057.29,100000,"HashAggregate  (cost=690932.29..770057.29 rows=100000 width=16) (actual rows=100000 loops=1)
  Group Key: e2.employee_id
  Planned Partitions: 4  Batches: 5  Memory Usage: 4145kB  Disk Usage: 196544kB
  Buffers: shared hit=1161, temp read=24661 written=43058
  ->  Hash Join  (cost=3084.29..128432.29 rows=10000000 width=8) (actual rows=10095422 loops=1)
        Hash Cond: (t_cte_8.c_team_id0 = e2.team_id)
        Buffers: shared hit=1161, temp read=320 written=320
        ->  Subquery Scan on t_cte_8  (cost=0.29..4300.29 rows=100000 width=4) (actual rows=100000 loops=1)
              Buffers: shared hit=718
              ->  Group  (cost=0.29..3300.29 rows=100000 width=8) (actual rows=100000 loops=1)
                    Group Key: e1.employee_id
                    Buffers: shared hit=718
                    ->  Index Scan using employee_pkey on employee e1  (cost=0.29..3050.29 rows=100000 width=8) (actual rows=100000 loops=1)
                          Buffers: shared hit=718
        ->  Hash  (cost=1443.00..1443.00 rows=100000 width=8) (actual rows=100000 loops=1)
              Buckets: 131072  Batches: 2  Memory Usage: 2966kB
              Buffers: shared hit=443, temp written=171
              ->  Seq Scan on employee e2  (cost=0.00..1443.00 rows=100000 width=8) (actual rows=100000 loops=1)
                    Buffers: shared hit=443
Planning:
  Buffers: shared hit=6
Planning Time: 0.150 ms
JIT:
  Functions: 18
  Options: Inlining true, Optimization true, Expressions true, Deforming true
Execution Time: 4008.034 ms",4007.911,770057.29,100000,"HashAggregate  (cost=690932.29..770057.29 rows=100000 width=16) (actual rows=100000 loops=1)
  Group Key: e2.employee_id
  Planned Partitions: 4  Batches: 5  Memory Usage: 4145kB  Disk Usage: 196544kB
  Buffers: shared hit=1161, temp read=24661 written=43058
  ->  Hash Join  (cost=3084.29..128432.29 rows=10000000 width=8) (actual rows=10095422 loops=1)
        Hash Cond: (t_cte_8.c_team_id0 = e2.team_id)
        Buffers: shared hit=1161, temp read=320 written=320
        ->  Subquery Scan on t_cte_8  (cost=0.29..4300.29 rows=100000 width=4) (actual rows=100000 loops=1)
              Buffers: shared hit=718
              ->  Group  (cost=0.29..3300.29 rows=100000 width=8) (actual rows=100000 loops=1)
                    Group Key: e1.employee_id
                    Buffers: shared hit=718
                    ->  Index Scan using employee_pkey on employee e1  (cost=0.29..3050.29 rows=100000 width=8) (actual rows=100000 loops=1)
                          Buffers: shared hit=718
        ->  Hash  (cost=1443.00..1443.00 rows=100000 width=8) (actual rows=100000 loops=1)
              Buckets: 131072  Batches: 2  Memory Usage: 2966kB
              Buffers: shared hit=443, temp written=171
              ->  Seq Scan on employee e2  (cost=0.00..1443.00 rows=100000 width=8) (actual rows=100000 loops=1)
                    Buffers: shared hit=443
Planning:
  Buffers: shared hit=6
Planning Time: 0.207 ms
JIT:
  Functions: 18
  Options: Inlining true, Optimization true, Expressions true, Deforming true
Execution Time: 4007.911 ms",3952.432,770057.29,100000,"HashAggregate  (cost=690932.29..770057.29 rows=100000 width=16) (actual rows=100000 loops=1)
  Group Key: e2.employee_id
  Planned Partitions: 4  Batches: 5  Memory Usage: 4145kB  Disk Usage: 196544kB
  Buffers: shared hit=1161, temp read=24661 written=43058
  ->  Hash Join  (cost=3084.29..128432.29 rows=10000000 width=8) (actual rows=10095422 loops=1)
        Hash Cond: (t_cte_8.c_team_id0 = e2.team_id)
        Buffers: shared hit=1161, temp read=320 written=320
        ->  Subquery Scan on t_cte_8  (cost=0.29..4300.29 rows=100000 width=4) (actual rows=100000 loops=1)
              Buffers: shared hit=718
              ->  Group  (cost=0.29..3300.29 rows=100000 width=8) (actual rows=100000 loops=1)
                    Group Key: e1.employee_id
                    Buffers: shared hit=718
                    ->  Index Scan using employee_pkey on employee e1  (cost=0.29..3050.29 rows=100000 width=8) (actual rows=100000 loops=1)
                          Buffers: shared hit=718
        ->  Hash  (cost=1443.00..1443.00 rows=100000 width=8) (actual rows=100000 loops=1)
              Buckets: 131072  Batches: 2  Memory Usage: 2966kB
              Buffers: shared hit=443, temp written=171
              ->  Seq Scan on employee e2  (cost=0.00..1443.00 rows=100000 width=8) (actual rows=100000 loops=1)
                    Buffers: shared hit=443
Planning:
  Buffers: shared hit=6
Planning Time: 0.173 ms
JIT:
  Functions: 18
  Options: Inlining true, Optimization true, Expressions true, Deforming true
Execution Time: 3952.432 ms",3972.424,770057.29,100000,"HashAggregate  (cost=690932.29..770057.29 rows=100000 width=16) (actual rows=100000 loops=1)
  Group Key: e2.employee_id
  Planned Partitions: 4  Batches: 5  Memory Usage: 4145kB  Disk Usage: 196544kB
  Buffers: shared hit=1161, temp read=24661 written=43058
  ->  Hash Join  (cost=3084.29..128432.29 rows=10000000 width=8) (actual rows=10095422 loops=1)
        Hash Cond: (t_cte_8.c_team_id0 = e2.team_id)
        Buffers: shared hit=1161, temp read=320 written=320
        ->  Subquery Scan on t_cte_8  (cost=0.29..4300.29 rows=100000 width=4) (actual rows=100000 loops=1)
              Buffers: shared hit=718
              ->  Group  (cost=0.29..3300.29 rows=100000 width=8) (actual rows=100000 loops=1)
                    Group Key: e1.employee_id
                    Buffers: shared hit=718
                    ->  Index Scan using employee_pkey on employee e1  (cost=0.29..3050.29 rows=100000 width=8) (actual rows=100000 loops=1)
                          Buffers: shared hit=718
        ->  Hash  (cost=1443.00..1443.00 rows=100000 width=8) (actual rows=100000 loops=1)
              Buckets: 131072  Batches: 2  Memory Usage: 2966kB
              Buffers: shared hit=443, temp written=171
              ->  Seq Scan on employee e2  (cost=0.00..1443.00 rows=100000 width=8) (actual rows=100000 loops=1)
                    Buffers: shared hit=443
Planning:
  Buffers: shared hit=6
Planning Time: 0.176 ms
JIT:
  Functions: 18
  Options: Inlining true, Optimization true, Expressions true, Deforming true
Execution Time: 3972.424 ms",3966.856,770057.29,100000,"HashAggregate  (cost=690932.29..770057.29 rows=100000 width=16) (actual rows=100000 loops=1)
  Group Key: e2.employee_id
  Planned Partitions: 4  Batches: 5  Memory Usage: 4145kB  Disk Usage: 196544kB
  Buffers: shared hit=1161, temp read=24661 written=43058
  ->  Hash Join  (cost=3084.29..128432.29 rows=10000000 width=8) (actual rows=10095422 loops=1)
        Hash Cond: (t_cte_8.c_team_id0 = e2.team_id)
        Buffers: shared hit=1161, temp read=320 written=320
        ->  Subquery Scan on t_cte_8  (cost=0.29..4300.29 rows=100000 width=4) (actual rows=100000 loops=1)
              Buffers: shared hit=718
              ->  Group  (cost=0.29..3300.29 rows=100000 width=8) (actual rows=100000 loops=1)
                    Group Key: e1.employee_id
                    Buffers: shared hit=718
                    ->  Index Scan using employee_pkey on employee e1  (cost=0.29..3050.29 rows=100000 width=8) (actual rows=100000 loops=1)
                          Buffers: shared hit=718
        ->  Hash  (cost=1443.00..1443.00 rows=100000 width=8) (actual rows=100000 loops=1)
              Buckets: 131072  Batches: 2  Memory Usage: 2966kB
              Buffers: shared hit=443, temp written=171
              ->  Seq Scan on employee e2  (cost=0.00..1443.00 rows=100000 width=8) (actual rows=100000 loops=1)
                    Buffers: shared hit=443
Planning:
  Buffers: shared hit=6
Planning Time: 0.187 ms
JIT:
  Functions: 18
  Options: Inlining true, Optimization true, Expressions true, Deforming true
Execution Time: 3966.856 ms",3981.5314,3972.424,4007.9725,4008.0832,770057.29,770057.29,100000,100000,100000,100000,1303_115,778,1303,115,Easy,"select e1.employee_id, count(e2.employee_id) as team_size from schema_1303.employee as e1 join schema_1303.employee as e2 on e1.team_id = e2.team_id group by e1.employee_id, e2.team_id",3967.982,1683866.79,100000,"HashAggregate  (cost=1387351.04..1683866.79 rows=10040745 width=16) (actual rows=100000 loops=1)
  Group Key: e1.employee_id, e2.team_id
  Planned Partitions: 128  Batches: 129  Memory Usage: 4113kB  Disk Usage: 256024kB
  Buffers: shared hit=886, temp read=29539 written=61153
  ->  Hash Join  (cost=3084.00..125982.45 rows=10040745 width=12) (actual rows=10095422 loops=1)
        Hash Cond: (e1.team_id = e2.team_id)
        Buffers: shared hit=886, temp read=338 written=338
        ->  Seq Scan on employee e1  (cost=0.00..1443.00 rows=100000 width=8) (actual rows=100000 loops=1)
              Buffers: shared hit=443
        ->  Hash  (cost=1443.00..1443.00 rows=100000 width=8) (actual rows=100000 loops=1)
              Buckets: 131072  Batches: 2  Memory Usage: 3008kB
              Buffers: shared hit=443, temp written=168
              ->  Seq Scan on employee e2  (cost=0.00..1443.00 rows=100000 width=8) (actual rows=100000 loops=1)
                    Buffers: shared hit=443
Planning Time: 0.094 ms
JIT:
  Functions: 17
  Options: Inlining true, Optimization true, Expressions true, Deforming true
Execution Time: 3967.982 ms",3862.217,1683866.79,100000,"HashAggregate  (cost=1387351.04..1683866.79 rows=10040745 width=16) (actual rows=100000 loops=1)
  Group Key: e1.employee_id, e2.team_id
  Planned Partitions: 128  Batches: 129  Memory Usage: 4113kB  Disk Usage: 256024kB
  Buffers: shared hit=886, temp read=29539 written=61153
  ->  Hash Join  (cost=3084.00..125982.45 rows=10040745 width=12) (actual rows=10095422 loops=1)
        Hash Cond: (e1.team_id = e2.team_id)
        Buffers: shared hit=886, temp read=338 written=338
        ->  Seq Scan on employee e1  (cost=0.00..1443.00 rows=100000 width=8) (actual rows=100000 loops=1)
              Buffers: shared hit=443
        ->  Hash  (cost=1443.00..1443.00 rows=100000 width=8) (actual rows=100000 loops=1)
              Buckets: 131072  Batches: 2  Memory Usage: 3008kB
              Buffers: shared hit=443, temp written=168
              ->  Seq Scan on employee e2  (cost=0.00..1443.00 rows=100000 width=8) (actual rows=100000 loops=1)
                    Buffers: shared hit=443
Planning Time: 0.136 ms
JIT:
  Functions: 17
  Options: Inlining true, Optimization true, Expressions true, Deforming true
Execution Time: 3862.217 ms",3901.587,1683866.79,100000,"HashAggregate  (cost=1387351.04..1683866.79 rows=10040745 width=16) (actual rows=100000 loops=1)
  Group Key: e1.employee_id, e2.team_id
  Planned Partitions: 128  Batches: 129  Memory Usage: 4113kB  Disk Usage: 256024kB
  Buffers: shared hit=886, temp read=29539 written=61153
  ->  Hash Join  (cost=3084.00..125982.45 rows=10040745 width=12) (actual rows=10095422 loops=1)
        Hash Cond: (e1.team_id = e2.team_id)
        Buffers: shared hit=886, temp read=338 written=338
        ->  Seq Scan on employee e1  (cost=0.00..1443.00 rows=100000 width=8) (actual rows=100000 loops=1)
              Buffers: shared hit=443
        ->  Hash  (cost=1443.00..1443.00 rows=100000 width=8) (actual rows=100000 loops=1)
              Buckets: 131072  Batches: 2  Memory Usage: 3008kB
              Buffers: shared hit=443, temp written=168
              ->  Seq Scan on employee e2  (cost=0.00..1443.00 rows=100000 width=8) (actual rows=100000 loops=1)
                    Buffers: shared hit=443
Planning Time: 0.150 ms
JIT:
  Functions: 17
  Options: Inlining true, Optimization true, Expressions true, Deforming true
Execution Time: 3901.587 ms",3861.023,1683866.79,100000,"HashAggregate  (cost=1387351.04..1683866.79 rows=10040745 width=16) (actual rows=100000 loops=1)
  Group Key: e1.employee_id, e2.team_id
  Planned Partitions: 128  Batches: 129  Memory Usage: 4113kB  Disk Usage: 256024kB
  Buffers: shared hit=886, temp read=29539 written=61153
  ->  Hash Join  (cost=3084.00..125982.45 rows=10040745 width=12) (actual rows=10095422 loops=1)
        Hash Cond: (e1.team_id = e2.team_id)
        Buffers: shared hit=886, temp read=338 written=338
        ->  Seq Scan on employee e1  (cost=0.00..1443.00 rows=100000 width=8) (actual rows=100000 loops=1)
              Buffers: shared hit=443
        ->  Hash  (cost=1443.00..1443.00 rows=100000 width=8) (actual rows=100000 loops=1)
              Buckets: 131072  Batches: 2  Memory Usage: 3008kB
              Buffers: shared hit=443, temp written=168
              ->  Seq Scan on employee e2  (cost=0.00..1443.00 rows=100000 width=8) (actual rows=100000 loops=1)
                    Buffers: shared hit=443
Planning Time: 0.138 ms
JIT:
  Functions: 17
  Options: Inlining true, Optimization true, Expressions true, Deforming true
Execution Time: 3861.023 ms",3844.256,1683866.79,100000,"HashAggregate  (cost=1387351.04..1683866.79 rows=10040745 width=16) (actual rows=100000 loops=1)
  Group Key: e1.employee_id, e2.team_id
  Planned Partitions: 128  Batches: 129  Memory Usage: 4113kB  Disk Usage: 256024kB
  Buffers: shared hit=886, temp read=29539 written=61153
  ->  Hash Join  (cost=3084.00..125982.45 rows=10040745 width=12) (actual rows=10095422 loops=1)
        Hash Cond: (e1.team_id = e2.team_id)
        Buffers: shared hit=886, temp read=338 written=338
        ->  Seq Scan on employee e1  (cost=0.00..1443.00 rows=100000 width=8) (actual rows=100000 loops=1)
              Buffers: shared hit=443
        ->  Hash  (cost=1443.00..1443.00 rows=100000 width=8) (actual rows=100000 loops=1)
              Buckets: 131072  Batches: 2  Memory Usage: 3008kB
              Buffers: shared hit=443, temp written=168
              ->  Seq Scan on employee e2  (cost=0.00..1443.00 rows=100000 width=8) (actual rows=100000 loops=1)
                    Buffers: shared hit=443
Planning Time: 0.123 ms
JIT:
  Functions: 17
  Options: Inlining true, Optimization true, Expressions true, Deforming true
Execution Time: 3844.256 ms",3887.413,3862.217,3934.7845,3994.54,1683866.79,1683866.79,100000,100000,100000,100000,normal,normal,2471.515800499999,635.8395708000037,equal variances,not significant,0.9920634920634921,94.11839999999984,110.20699999999988,-913809.5,0,True
779,1303,116,Easy,"select e2.employee_id as employee_id, count(e2.employee_id) as team_size from schema_1303.employee as e1 inner join schema_1303.employee as e2 on e1.team_id = e2.team_id group by e2.employee_id,e2.team_id",3950.992,770217.68,100000,"HashAggregate  (cost=690774.36..770217.68 rows=100000 width=16) (actual rows=100000 loops=1)
  Group Key: e2.employee_id
  Planned Partitions: 4  Batches: 5  Memory Usage: 4145kB  Disk Usage: 196472kB
  Buffers: shared hit=886, temp read=24619 written=43005
  ->  Hash Join  (cost=3084.00..125982.45 rows=10040745 width=8) (actual rows=10095422 loops=1)
        Hash Cond: (e1.team_id = e2.team_id)
        Buffers: shared hit=886, temp read=314 written=314
        ->  Seq Scan on employee e1  (cost=0.00..1443.00 rows=100000 width=4) (actual rows=100000 loops=1)
              Buffers: shared hit=443
        ->  Hash  (cost=1443.00..1443.00 rows=100000 width=8) (actual rows=100000 loops=1)
              Buckets: 131072  Batches: 2  Memory Usage: 3008kB
              Buffers: shared hit=443, temp written=168
              ->  Seq Scan on employee e2  (cost=0.00..1443.00 rows=100000 width=8) (actual rows=100000 loops=1)
                    Buffers: shared hit=443
Planning:
  Buffers: shared hit=3
Planning Time: 0.111 ms
JIT:
  Functions: 16
  Options: Inlining true, Optimization true, Expressions true, Deforming true
Execution Time: 3950.992 ms",3986.291,770217.68,100000,"HashAggregate  (cost=690774.36..770217.68 rows=100000 width=16) (actual rows=100000 loops=1)
  Group Key: e2.employee_id
  Planned Partitions: 4  Batches: 5  Memory Usage: 4145kB  Disk Usage: 196472kB
  Buffers: shared hit=886, temp read=24619 written=43005
  ->  Hash Join  (cost=3084.00..125982.45 rows=10040745 width=8) (actual rows=10095422 loops=1)
        Hash Cond: (e1.team_id = e2.team_id)
        Buffers: shared hit=886, temp read=314 written=314
        ->  Seq Scan on employee e1  (cost=0.00..1443.00 rows=100000 width=4) (actual rows=100000 loops=1)
              Buffers: shared hit=443
        ->  Hash  (cost=1443.00..1443.00 rows=100000 width=8) (actual rows=100000 loops=1)
              Buckets: 131072  Batches: 2  Memory Usage: 3008kB
              Buffers: shared hit=443, temp written=168
              ->  Seq Scan on employee e2  (cost=0.00..1443.00 rows=100000 width=8) (actual rows=100000 loops=1)
                    Buffers: shared hit=443
Planning:
  Buffers: shared hit=3
Planning Time: 0.158 ms
JIT:
  Functions: 16
  Options: Inlining true, Optimization true, Expressions true, Deforming true
Execution Time: 3986.291 ms",3936.378,770217.68,100000,"HashAggregate  (cost=690774.36..770217.68 rows=100000 width=16) (actual rows=100000 loops=1)
  Group Key: e2.employee_id
  Planned Partitions: 4  Batches: 5  Memory Usage: 4145kB  Disk Usage: 196472kB
  Buffers: shared hit=886, temp read=24619 written=43005
  ->  Hash Join  (cost=3084.00..125982.45 rows=10040745 width=8) (actual rows=10095422 loops=1)
        Hash Cond: (e1.team_id = e2.team_id)
        Buffers: shared hit=886, temp read=314 written=314
        ->  Seq Scan on employee e1  (cost=0.00..1443.00 rows=100000 width=4) (actual rows=100000 loops=1)
              Buffers: shared hit=443
        ->  Hash  (cost=1443.00..1443.00 rows=100000 width=8) (actual rows=100000 loops=1)
              Buckets: 131072  Batches: 2  Memory Usage: 3008kB
              Buffers: shared hit=443, temp written=168
              ->  Seq Scan on employee e2  (cost=0.00..1443.00 rows=100000 width=8) (actual rows=100000 loops=1)
                    Buffers: shared hit=443
Planning:
  Buffers: shared hit=3
Planning Time: 0.158 ms
JIT:
  Functions: 16
  Options: Inlining true, Optimization true, Expressions true, Deforming true
Execution Time: 3936.378 ms",3946.282,770217.68,100000,"HashAggregate  (cost=690774.36..770217.68 rows=100000 width=16) (actual rows=100000 loops=1)
  Group Key: e2.employee_id
  Planned Partitions: 4  Batches: 5  Memory Usage: 4145kB  Disk Usage: 196472kB
  Buffers: shared hit=886, temp read=24619 written=43005
  ->  Hash Join  (cost=3084.00..125982.45 rows=10040745 width=8) (actual rows=10095422 loops=1)
        Hash Cond: (e1.team_id = e2.team_id)
        Buffers: shared hit=886, temp read=314 written=314
        ->  Seq Scan on employee e1  (cost=0.00..1443.00 rows=100000 width=4) (actual rows=100000 loops=1)
              Buffers: shared hit=443
        ->  Hash  (cost=1443.00..1443.00 rows=100000 width=8) (actual rows=100000 loops=1)
              Buckets: 131072  Batches: 2  Memory Usage: 3008kB
              Buffers: shared hit=443, temp written=168
              ->  Seq Scan on employee e2  (cost=0.00..1443.00 rows=100000 width=8) (actual rows=100000 loops=1)
                    Buffers: shared hit=443
Planning:
  Buffers: shared hit=3
Planning Time: 0.167 ms
JIT:
  Functions: 16
  Options: Inlining true, Optimization true, Expressions true, Deforming true
Execution Time: 3946.282 ms",3946.76,770217.68,100000,"HashAggregate  (cost=690774.36..770217.68 rows=100000 width=16) (actual rows=100000 loops=1)
  Group Key: e2.employee_id
  Planned Partitions: 4  Batches: 5  Memory Usage: 4145kB  Disk Usage: 196472kB
  Buffers: shared hit=886, temp read=24619 written=43005
  ->  Hash Join  (cost=3084.00..125982.45 rows=10040745 width=8) (actual rows=10095422 loops=1)
        Hash Cond: (e1.team_id = e2.team_id)
        Buffers: shared hit=886, temp read=314 written=314
        ->  Seq Scan on employee e1  (cost=0.00..1443.00 rows=100000 width=4) (actual rows=100000 loops=1)
              Buffers: shared hit=443
        ->  Hash  (cost=1443.00..1443.00 rows=100000 width=8) (actual rows=100000 loops=1)
              Buckets: 131072  Batches: 2  Memory Usage: 3008kB
              Buffers: shared hit=443, temp written=168
              ->  Seq Scan on employee e2  (cost=0.00..1443.00 rows=100000 width=8) (actual rows=100000 loops=1)
                    Buffers: shared hit=443
Planning:
  Buffers: shared hit=3
Planning Time: 0.153 ms
JIT:
  Functions: 16
  Options: Inlining true, Optimization true, Expressions true, Deforming true
Execution Time: 3946.760 ms",3953.3406,3946.76,3968.6415,4000.4106,770217.68,770217.68,100000,100000,100000,100000,1303_116,779,1303,116,Easy,"select e1.employee_id, count(e2.employee_id) as team_size from schema_1303.employee as e1 join schema_1303.employee as e2 on e1.team_id = e2.team_id group by e1.employee_id, e2.team_id order by e1.employee_id",5416.318,1837700.01,100000,"GroupAggregate  (cost=1636885.11..1837700.01 rows=10040745 width=16) (actual rows=100000 loops=1)
  Group Key: e1.employee_id, e2.team_id
  Buffers: shared hit=886, temp read=75196 written=75377
  ->  Sort  (cost=1636885.11..1661986.98 rows=10040745 width=12) (actual rows=10095422 loops=1)
        Sort Key: e1.employee_id, e2.team_id
        Sort Method: external merge  Disk: 217400kB
        Buffers: shared hit=886, temp read=75196 written=75377
        ->  Hash Join  (cost=3084.00..125982.45 rows=10040745 width=12) (actual rows=10095422 loops=1)
              Hash Cond: (e1.team_id = e2.team_id)
              Buffers: shared hit=886, temp read=338 written=338
              ->  Seq Scan on employee e1  (cost=0.00..1443.00 rows=100000 width=8) (actual rows=100000 loops=1)
                    Buffers: shared hit=443
              ->  Hash  (cost=1443.00..1443.00 rows=100000 width=8) (actual rows=100000 loops=1)
                    Buckets: 131072  Batches: 2  Memory Usage: 3008kB
                    Buffers: shared hit=443, temp written=168
                    ->  Seq Scan on employee e2  (cost=0.00..1443.00 rows=100000 width=8) (actual rows=100000 loops=1)
                          Buffers: shared hit=443
Planning Time: 0.137 ms
JIT:
  Functions: 15
  Options: Inlining true, Optimization true, Expressions true, Deforming true
Execution Time: 5416.318 ms",5429.768,1837700.01,100000,"GroupAggregate  (cost=1636885.11..1837700.01 rows=10040745 width=16) (actual rows=100000 loops=1)
  Group Key: e1.employee_id, e2.team_id
  Buffers: shared hit=886, temp read=75196 written=75377
  ->  Sort  (cost=1636885.11..1661986.98 rows=10040745 width=12) (actual rows=10095422 loops=1)
        Sort Key: e1.employee_id, e2.team_id
        Sort Method: external merge  Disk: 217400kB
        Buffers: shared hit=886, temp read=75196 written=75377
        ->  Hash Join  (cost=3084.00..125982.45 rows=10040745 width=12) (actual rows=10095422 loops=1)
              Hash Cond: (e1.team_id = e2.team_id)
              Buffers: shared hit=886, temp read=338 written=338
              ->  Seq Scan on employee e1  (cost=0.00..1443.00 rows=100000 width=8) (actual rows=100000 loops=1)
                    Buffers: shared hit=443
              ->  Hash  (cost=1443.00..1443.00 rows=100000 width=8) (actual rows=100000 loops=1)
                    Buckets: 131072  Batches: 2  Memory Usage: 3008kB
                    Buffers: shared hit=443, temp written=168
                    ->  Seq Scan on employee e2  (cost=0.00..1443.00 rows=100000 width=8) (actual rows=100000 loops=1)
                          Buffers: shared hit=443
Planning Time: 0.159 ms
JIT:
  Functions: 15
  Options: Inlining true, Optimization true, Expressions true, Deforming true
Execution Time: 5429.768 ms",5425.015,1837700.01,100000,"GroupAggregate  (cost=1636885.11..1837700.01 rows=10040745 width=16) (actual rows=100000 loops=1)
  Group Key: e1.employee_id, e2.team_id
  Buffers: shared hit=886, temp read=75196 written=75377
  ->  Sort  (cost=1636885.11..1661986.98 rows=10040745 width=12) (actual rows=10095422 loops=1)
        Sort Key: e1.employee_id, e2.team_id
        Sort Method: external merge  Disk: 217400kB
        Buffers: shared hit=886, temp read=75196 written=75377
        ->  Hash Join  (cost=3084.00..125982.45 rows=10040745 width=12) (actual rows=10095422 loops=1)
              Hash Cond: (e1.team_id = e2.team_id)
              Buffers: shared hit=886, temp read=338 written=338
              ->  Seq Scan on employee e1  (cost=0.00..1443.00 rows=100000 width=8) (actual rows=100000 loops=1)
                    Buffers: shared hit=443
              ->  Hash  (cost=1443.00..1443.00 rows=100000 width=8) (actual rows=100000 loops=1)
                    Buckets: 131072  Batches: 2  Memory Usage: 3008kB
                    Buffers: shared hit=443, temp written=168
                    ->  Seq Scan on employee e2  (cost=0.00..1443.00 rows=100000 width=8) (actual rows=100000 loops=1)
                          Buffers: shared hit=443
Planning Time: 0.177 ms
JIT:
  Functions: 15
  Options: Inlining true, Optimization true, Expressions true, Deforming true
Execution Time: 5425.015 ms",5471.174,1837700.01,100000,"GroupAggregate  (cost=1636885.11..1837700.01 rows=10040745 width=16) (actual rows=100000 loops=1)
  Group Key: e1.employee_id, e2.team_id
  Buffers: shared hit=886, temp read=75196 written=75377
  ->  Sort  (cost=1636885.11..1661986.98 rows=10040745 width=12) (actual rows=10095422 loops=1)
        Sort Key: e1.employee_id, e2.team_id
        Sort Method: external merge  Disk: 217400kB
        Buffers: shared hit=886, temp read=75196 written=75377
        ->  Hash Join  (cost=3084.00..125982.45 rows=10040745 width=12) (actual rows=10095422 loops=1)
              Hash Cond: (e1.team_id = e2.team_id)
              Buffers: shared hit=886, temp read=338 written=338
              ->  Seq Scan on employee e1  (cost=0.00..1443.00 rows=100000 width=8) (actual rows=100000 loops=1)
                    Buffers: shared hit=443
              ->  Hash  (cost=1443.00..1443.00 rows=100000 width=8) (actual rows=100000 loops=1)
                    Buckets: 131072  Batches: 2  Memory Usage: 3008kB
                    Buffers: shared hit=443, temp written=168
                    ->  Seq Scan on employee e2  (cost=0.00..1443.00 rows=100000 width=8) (actual rows=100000 loops=1)
                          Buffers: shared hit=443
Planning Time: 0.147 ms
JIT:
  Functions: 15
  Options: Inlining true, Optimization true, Expressions true, Deforming true
Execution Time: 5471.174 ms",5446.246,1837700.01,100000,"GroupAggregate  (cost=1636885.11..1837700.01 rows=10040745 width=16) (actual rows=100000 loops=1)
  Group Key: e1.employee_id, e2.team_id
  Buffers: shared hit=886, temp read=75196 written=75377
  ->  Sort  (cost=1636885.11..1661986.98 rows=10040745 width=12) (actual rows=10095422 loops=1)
        Sort Key: e1.employee_id, e2.team_id
        Sort Method: external merge  Disk: 217400kB
        Buffers: shared hit=886, temp read=75196 written=75377
        ->  Hash Join  (cost=3084.00..125982.45 rows=10040745 width=12) (actual rows=10095422 loops=1)
              Hash Cond: (e1.team_id = e2.team_id)
              Buffers: shared hit=886, temp read=338 written=338
              ->  Seq Scan on employee e1  (cost=0.00..1443.00 rows=100000 width=8) (actual rows=100000 loops=1)
                    Buffers: shared hit=443
              ->  Hash  (cost=1443.00..1443.00 rows=100000 width=8) (actual rows=100000 loops=1)
                    Buckets: 131072  Batches: 2  Memory Usage: 3008kB
                    Buffers: shared hit=443, temp written=168
                    ->  Seq Scan on employee e2  (cost=0.00..1443.00 rows=100000 width=8) (actual rows=100000 loops=1)
                          Buffers: shared hit=443
Planning Time: 0.170 ms
JIT:
  Functions: 15
  Options: Inlining true, Optimization true, Expressions true, Deforming true
Execution Time: 5446.246 ms",5437.7042,5429.768,5458.71,5481.1452,1837700.01,1837700.01,100000,100000,100000,100000,normal,normal,468.6396191999956,368.0256777999999,equal variances,significant,0.003968253968253968,-1484.3636000000001,-1483.0079999999998,-1067482.33,0,True
785,1303,157,Easy,"select distinct e.employee_id as employee_id, t_cte_12.c_count0 as team_size from schema_1303.employee as e left join (select t_employee_0.team_id as c_team_id0, count(t_employee_0.employee_id) as c_count0 from schema_1303.employee as t_employee_0 group by t_employee_0.team_id) as t_cte_12 on e.team_id = t_cte_12.c_team_id0",89.411,12064.92,100000,"HashAggregate  (cost=10088.36..12064.92 rows=100000 width=12) (actual rows=100000 loops=1)
  Group Key: e.employee_id, t_cte_12.c_count0
  Planned Partitions: 4  Batches: 5  Memory Usage: 4145kB  Disk Usage: 1800kB
  Buffers: shared hit=886, temp read=225 written=387
  ->  Hash Left Join  (cost=1975.50..3682.11 rows=100000 width=12) (actual rows=100000 loops=1)
        Hash Cond: (e.team_id = t_cte_12.c_team_id0)
        Buffers: shared hit=886
        ->  Seq Scan on employee e  (cost=0.00..1443.00 rows=100000 width=8) (actual rows=100000 loops=1)
              Buffers: shared hit=443
        ->  Hash  (cost=1963.00..1963.00 rows=1000 width=12) (actual rows=1000 loops=1)
              Buckets: 1024  Batches: 1  Memory Usage: 51kB
              Buffers: shared hit=443
              ->  Subquery Scan on t_cte_12  (cost=1943.00..1963.00 rows=1000 width=12) (actual rows=1000 loops=1)
                    Buffers: shared hit=443
                    ->  HashAggregate  (cost=1943.00..1953.00 rows=1000 width=12) (actual rows=1000 loops=1)
                          Group Key: t_employee_0.team_id
                          Batches: 1  Memory Usage: 193kB
                          Buffers: shared hit=443
                          ->  Seq Scan on employee t_employee_0  (cost=0.00..1443.00 rows=100000 width=8) (actual rows=100000 loops=1)
                                Buffers: shared hit=443
Planning Time: 0.146 ms
Execution Time: 89.411 ms",93.095,12064.92,100000,"HashAggregate  (cost=10088.36..12064.92 rows=100000 width=12) (actual rows=100000 loops=1)
  Group Key: e.employee_id, t_cte_12.c_count0
  Planned Partitions: 4  Batches: 5  Memory Usage: 4145kB  Disk Usage: 1800kB
  Buffers: shared hit=886, temp read=225 written=387
  ->  Hash Left Join  (cost=1975.50..3682.11 rows=100000 width=12) (actual rows=100000 loops=1)
        Hash Cond: (e.team_id = t_cte_12.c_team_id0)
        Buffers: shared hit=886
        ->  Seq Scan on employee e  (cost=0.00..1443.00 rows=100000 width=8) (actual rows=100000 loops=1)
              Buffers: shared hit=443
        ->  Hash  (cost=1963.00..1963.00 rows=1000 width=12) (actual rows=1000 loops=1)
              Buckets: 1024  Batches: 1  Memory Usage: 51kB
              Buffers: shared hit=443
              ->  Subquery Scan on t_cte_12  (cost=1943.00..1963.00 rows=1000 width=12) (actual rows=1000 loops=1)
                    Buffers: shared hit=443
                    ->  HashAggregate  (cost=1943.00..1953.00 rows=1000 width=12) (actual rows=1000 loops=1)
                          Group Key: t_employee_0.team_id
                          Batches: 1  Memory Usage: 193kB
                          Buffers: shared hit=443
                          ->  Seq Scan on employee t_employee_0  (cost=0.00..1443.00 rows=100000 width=8) (actual rows=100000 loops=1)
                                Buffers: shared hit=443
Planning Time: 0.169 ms
Execution Time: 93.095 ms",94.975,12064.92,100000,"HashAggregate  (cost=10088.36..12064.92 rows=100000 width=12) (actual rows=100000 loops=1)
  Group Key: e.employee_id, t_cte_12.c_count0
  Planned Partitions: 4  Batches: 5  Memory Usage: 4145kB  Disk Usage: 1800kB
  Buffers: shared hit=886, temp read=225 written=387
  ->  Hash Left Join  (cost=1975.50..3682.11 rows=100000 width=12) (actual rows=100000 loops=1)
        Hash Cond: (e.team_id = t_cte_12.c_team_id0)
        Buffers: shared hit=886
        ->  Seq Scan on employee e  (cost=0.00..1443.00 rows=100000 width=8) (actual rows=100000 loops=1)
              Buffers: shared hit=443
        ->  Hash  (cost=1963.00..1963.00 rows=1000 width=12) (actual rows=1000 loops=1)
              Buckets: 1024  Batches: 1  Memory Usage: 51kB
              Buffers: shared hit=443
              ->  Subquery Scan on t_cte_12  (cost=1943.00..1963.00 rows=1000 width=12) (actual rows=1000 loops=1)
                    Buffers: shared hit=443
                    ->  HashAggregate  (cost=1943.00..1953.00 rows=1000 width=12) (actual rows=1000 loops=1)
                          Group Key: t_employee_0.team_id
                          Batches: 1  Memory Usage: 193kB
                          Buffers: shared hit=443
                          ->  Seq Scan on employee t_employee_0  (cost=0.00..1443.00 rows=100000 width=8) (actual rows=100000 loops=1)
                                Buffers: shared hit=443
Planning Time: 0.151 ms
Execution Time: 94.975 ms",94.045,12064.92,100000,"HashAggregate  (cost=10088.36..12064.92 rows=100000 width=12) (actual rows=100000 loops=1)
  Group Key: e.employee_id, t_cte_12.c_count0
  Planned Partitions: 4  Batches: 5  Memory Usage: 4145kB  Disk Usage: 1800kB
  Buffers: shared hit=886, temp read=225 written=387
  ->  Hash Left Join  (cost=1975.50..3682.11 rows=100000 width=12) (actual rows=100000 loops=1)
        Hash Cond: (e.team_id = t_cte_12.c_team_id0)
        Buffers: shared hit=886
        ->  Seq Scan on employee e  (cost=0.00..1443.00 rows=100000 width=8) (actual rows=100000 loops=1)
              Buffers: shared hit=443
        ->  Hash  (cost=1963.00..1963.00 rows=1000 width=12) (actual rows=1000 loops=1)
              Buckets: 1024  Batches: 1  Memory Usage: 51kB
              Buffers: shared hit=443
              ->  Subquery Scan on t_cte_12  (cost=1943.00..1963.00 rows=1000 width=12) (actual rows=1000 loops=1)
                    Buffers: shared hit=443
                    ->  HashAggregate  (cost=1943.00..1953.00 rows=1000 width=12) (actual rows=1000 loops=1)
                          Group Key: t_employee_0.team_id
                          Batches: 1  Memory Usage: 193kB
                          Buffers: shared hit=443
                          ->  Seq Scan on employee t_employee_0  (cost=0.00..1443.00 rows=100000 width=8) (actual rows=100000 loops=1)
                                Buffers: shared hit=443
Planning Time: 0.146 ms
Execution Time: 94.045 ms",93.772,12064.92,100000,"HashAggregate  (cost=10088.36..12064.92 rows=100000 width=12) (actual rows=100000 loops=1)
  Group Key: e.employee_id, t_cte_12.c_count0
  Planned Partitions: 4  Batches: 5  Memory Usage: 4145kB  Disk Usage: 1800kB
  Buffers: shared hit=886, temp read=225 written=387
  ->  Hash Left Join  (cost=1975.50..3682.11 rows=100000 width=12) (actual rows=100000 loops=1)
        Hash Cond: (e.team_id = t_cte_12.c_team_id0)
        Buffers: shared hit=886
        ->  Seq Scan on employee e  (cost=0.00..1443.00 rows=100000 width=8) (actual rows=100000 loops=1)
              Buffers: shared hit=443
        ->  Hash  (cost=1963.00..1963.00 rows=1000 width=12) (actual rows=1000 loops=1)
              Buckets: 1024  Batches: 1  Memory Usage: 51kB
              Buffers: shared hit=443
              ->  Subquery Scan on t_cte_12  (cost=1943.00..1963.00 rows=1000 width=12) (actual rows=1000 loops=1)
                    Buffers: shared hit=443
                    ->  HashAggregate  (cost=1943.00..1953.00 rows=1000 width=12) (actual rows=1000 loops=1)
                          Group Key: t_employee_0.team_id
                          Batches: 1  Memory Usage: 193kB
                          Buffers: shared hit=443
                          ->  Seq Scan on employee t_employee_0  (cost=0.00..1443.00 rows=100000 width=8) (actual rows=100000 loops=1)
                                Buffers: shared hit=443
Planning Time: 0.157 ms
Execution Time: 93.772 ms",93.0596,93.772,94.51,95.347,12064.92,12064.92,100000,100000,100000,100000,1303_157,785,1303,157,Easy,"select employee_id, team_size from schema_1303.employee as e left outer join (select team_id, count(distinct employee_id) as team_size from schema_1303.employee group by team_id) as team on e.team_id = team.team_id",82.956,12236.93,100000,"Hash Left Join  (cost=10530.32..12236.93 rows=100000 width=12) (actual rows=100000 loops=1)
  Hash Cond: (e.team_id = team.team_id)
  Buffers: shared hit=886, temp read=221 written=222
  ->  Seq Scan on employee e  (cost=0.00..1443.00 rows=100000 width=8) (actual rows=100000 loops=1)
        Buffers: shared hit=443
  ->  Hash  (cost=10517.82..10517.82 rows=1000 width=12) (actual rows=1000 loops=1)
        Buckets: 1024  Batches: 1  Memory Usage: 51kB
        Buffers: shared hit=443, temp read=221 written=222
        ->  Subquery Scan on team  (cost=9747.82..10517.82 rows=1000 width=12) (actual rows=1000 loops=1)
              Buffers: shared hit=443, temp read=221 written=222
              ->  GroupAggregate  (cost=9747.82..10507.82 rows=1000 width=12) (actual rows=1000 loops=1)
                    Group Key: employee.team_id
                    Buffers: shared hit=443, temp read=221 written=222
                    ->  Sort  (cost=9747.82..9997.82 rows=100000 width=8) (actual rows=100000 loops=1)
                          Sort Key: employee.team_id
                          Sort Method: external merge  Disk: 1768kB
                          Buffers: shared hit=443, temp read=221 written=222
                          ->  Seq Scan on employee  (cost=0.00..1443.00 rows=100000 width=8) (actual rows=100000 loops=1)
                                Buffers: shared hit=443
Planning Time: 0.092 ms
Execution Time: 82.956 ms",87.168,12236.93,100000,"Hash Left Join  (cost=10530.32..12236.93 rows=100000 width=12) (actual rows=100000 loops=1)
  Hash Cond: (e.team_id = team.team_id)
  Buffers: shared hit=886, temp read=221 written=222
  ->  Seq Scan on employee e  (cost=0.00..1443.00 rows=100000 width=8) (actual rows=100000 loops=1)
        Buffers: shared hit=443
  ->  Hash  (cost=10517.82..10517.82 rows=1000 width=12) (actual rows=1000 loops=1)
        Buckets: 1024  Batches: 1  Memory Usage: 51kB
        Buffers: shared hit=443, temp read=221 written=222
        ->  Subquery Scan on team  (cost=9747.82..10517.82 rows=1000 width=12) (actual rows=1000 loops=1)
              Buffers: shared hit=443, temp read=221 written=222
              ->  GroupAggregate  (cost=9747.82..10507.82 rows=1000 width=12) (actual rows=1000 loops=1)
                    Group Key: employee.team_id
                    Buffers: shared hit=443, temp read=221 written=222
                    ->  Sort  (cost=9747.82..9997.82 rows=100000 width=8) (actual rows=100000 loops=1)
                          Sort Key: employee.team_id
                          Sort Method: external merge  Disk: 1768kB
                          Buffers: shared hit=443, temp read=221 written=222
                          ->  Seq Scan on employee  (cost=0.00..1443.00 rows=100000 width=8) (actual rows=100000 loops=1)
                                Buffers: shared hit=443
Planning Time: 0.105 ms
Execution Time: 87.168 ms",90.403,12236.93,100000,"Hash Left Join  (cost=10530.32..12236.93 rows=100000 width=12) (actual rows=100000 loops=1)
  Hash Cond: (e.team_id = team.team_id)
  Buffers: shared hit=886, temp read=221 written=222
  ->  Seq Scan on employee e  (cost=0.00..1443.00 rows=100000 width=8) (actual rows=100000 loops=1)
        Buffers: shared hit=443
  ->  Hash  (cost=10517.82..10517.82 rows=1000 width=12) (actual rows=1000 loops=1)
        Buckets: 1024  Batches: 1  Memory Usage: 51kB
        Buffers: shared hit=443, temp read=221 written=222
        ->  Subquery Scan on team  (cost=9747.82..10517.82 rows=1000 width=12) (actual rows=1000 loops=1)
              Buffers: shared hit=443, temp read=221 written=222
              ->  GroupAggregate  (cost=9747.82..10507.82 rows=1000 width=12) (actual rows=1000 loops=1)
                    Group Key: employee.team_id
                    Buffers: shared hit=443, temp read=221 written=222
                    ->  Sort  (cost=9747.82..9997.82 rows=100000 width=8) (actual rows=100000 loops=1)
                          Sort Key: employee.team_id
                          Sort Method: external merge  Disk: 1768kB
                          Buffers: shared hit=443, temp read=221 written=222
                          ->  Seq Scan on employee  (cost=0.00..1443.00 rows=100000 width=8) (actual rows=100000 loops=1)
                                Buffers: shared hit=443
Planning Time: 0.146 ms
Execution Time: 90.403 ms",91.116,12236.93,100000,"Hash Left Join  (cost=10530.32..12236.93 rows=100000 width=12) (actual rows=100000 loops=1)
  Hash Cond: (e.team_id = team.team_id)
  Buffers: shared hit=886, temp read=221 written=222
  ->  Seq Scan on employee e  (cost=0.00..1443.00 rows=100000 width=8) (actual rows=100000 loops=1)
        Buffers: shared hit=443
  ->  Hash  (cost=10517.82..10517.82 rows=1000 width=12) (actual rows=1000 loops=1)
        Buckets: 1024  Batches: 1  Memory Usage: 51kB
        Buffers: shared hit=443, temp read=221 written=222
        ->  Subquery Scan on team  (cost=9747.82..10517.82 rows=1000 width=12) (actual rows=1000 loops=1)
              Buffers: shared hit=443, temp read=221 written=222
              ->  GroupAggregate  (cost=9747.82..10507.82 rows=1000 width=12) (actual rows=1000 loops=1)
                    Group Key: employee.team_id
                    Buffers: shared hit=443, temp read=221 written=222
                    ->  Sort  (cost=9747.82..9997.82 rows=100000 width=8) (actual rows=100000 loops=1)
                          Sort Key: employee.team_id
                          Sort Method: external merge  Disk: 1768kB
                          Buffers: shared hit=443, temp read=221 written=222
                          ->  Seq Scan on employee  (cost=0.00..1443.00 rows=100000 width=8) (actual rows=100000 loops=1)
                                Buffers: shared hit=443
Planning Time: 0.134 ms
Execution Time: 91.116 ms",96.124,12236.93,100000,"Hash Left Join  (cost=10530.32..12236.93 rows=100000 width=12) (actual rows=100000 loops=1)
  Hash Cond: (e.team_id = team.team_id)
  Buffers: shared hit=886, temp read=221 written=222
  ->  Seq Scan on employee e  (cost=0.00..1443.00 rows=100000 width=8) (actual rows=100000 loops=1)
        Buffers: shared hit=443
  ->  Hash  (cost=10517.82..10517.82 rows=1000 width=12) (actual rows=1000 loops=1)
        Buckets: 1024  Batches: 1  Memory Usage: 51kB
        Buffers: shared hit=443, temp read=221 written=222
        ->  Subquery Scan on team  (cost=9747.82..10517.82 rows=1000 width=12) (actual rows=1000 loops=1)
              Buffers: shared hit=443, temp read=221 written=222
              ->  GroupAggregate  (cost=9747.82..10507.82 rows=1000 width=12) (actual rows=1000 loops=1)
                    Group Key: employee.team_id
                    Buffers: shared hit=443, temp read=221 written=222
                    ->  Sort  (cost=9747.82..9997.82 rows=100000 width=8) (actual rows=100000 loops=1)
                          Sort Key: employee.team_id
                          Sort Method: external merge  Disk: 1768kB
                          Buffers: shared hit=443, temp read=221 written=222
                          ->  Seq Scan on employee  (cost=0.00..1443.00 rows=100000 width=8) (actual rows=100000 loops=1)
                                Buffers: shared hit=443
Planning Time: 0.130 ms
Execution Time: 96.124 ms",89.5534,90.403,93.62,98.1272,12236.93,12236.93,100000,100000,100000,100000,normal,normal,23.88803579999997,4.615204799999995,equal variances,not significant,0.8888888888888888,3.506200000000007,3.3689999999999998,-172.01000000000022,0,True
786,1303,159,Easy,"select distinct t_employee_0.employee_id as employee_id, t_cte_12.c_count0 as team_size from (select count(t_employee_1.employee_id) as c_count0, t_employee_1.team_id as c_team_id0 from schema_1303.employee as t_employee_1 group by t_employee_1.team_id) as t_cte_12 left join schema_1303.employee as t_employee_0 on t_employee_0.team_id = t_cte_12.c_team_id0",87.065,12064.92,100000,"HashAggregate  (cost=10088.36..12064.92 rows=100000 width=12) (actual rows=100000 loops=1)
  Group Key: t_employee_0.employee_id, (count(t_employee_1.employee_id))
  Planned Partitions: 4  Batches: 5  Memory Usage: 4145kB  Disk Usage: 1800kB
  Buffers: shared hit=886, temp read=225 written=387
  ->  Hash Right Join  (cost=1975.50..3682.11 rows=100000 width=12) (actual rows=100000 loops=1)
        Hash Cond: (t_employee_0.team_id = t_employee_1.team_id)
        Buffers: shared hit=886
        ->  Seq Scan on employee t_employee_0  (cost=0.00..1443.00 rows=100000 width=8) (actual rows=100000 loops=1)
              Buffers: shared hit=443
        ->  Hash  (cost=1963.00..1963.00 rows=1000 width=12) (actual rows=1000 loops=1)
              Buckets: 1024  Batches: 1  Memory Usage: 51kB
              Buffers: shared hit=443
              ->  HashAggregate  (cost=1943.00..1953.00 rows=1000 width=12) (actual rows=1000 loops=1)
                    Group Key: t_employee_1.team_id
                    Batches: 1  Memory Usage: 193kB
                    Buffers: shared hit=443
                    ->  Seq Scan on employee t_employee_1  (cost=0.00..1443.00 rows=100000 width=8) (actual rows=100000 loops=1)
                          Buffers: shared hit=443
Planning Time: 0.101 ms
Execution Time: 87.065 ms",93.077,12064.92,100000,"HashAggregate  (cost=10088.36..12064.92 rows=100000 width=12) (actual rows=100000 loops=1)
  Group Key: t_employee_0.employee_id, (count(t_employee_1.employee_id))
  Planned Partitions: 4  Batches: 5  Memory Usage: 4145kB  Disk Usage: 1800kB
  Buffers: shared hit=886, temp read=225 written=387
  ->  Hash Right Join  (cost=1975.50..3682.11 rows=100000 width=12) (actual rows=100000 loops=1)
        Hash Cond: (t_employee_0.team_id = t_employee_1.team_id)
        Buffers: shared hit=886
        ->  Seq Scan on employee t_employee_0  (cost=0.00..1443.00 rows=100000 width=8) (actual rows=100000 loops=1)
              Buffers: shared hit=443
        ->  Hash  (cost=1963.00..1963.00 rows=1000 width=12) (actual rows=1000 loops=1)
              Buckets: 1024  Batches: 1  Memory Usage: 51kB
              Buffers: shared hit=443
              ->  HashAggregate  (cost=1943.00..1953.00 rows=1000 width=12) (actual rows=1000 loops=1)
                    Group Key: t_employee_1.team_id
                    Batches: 1  Memory Usage: 193kB
                    Buffers: shared hit=443
                    ->  Seq Scan on employee t_employee_1  (cost=0.00..1443.00 rows=100000 width=8) (actual rows=100000 loops=1)
                          Buffers: shared hit=443
Planning Time: 0.150 ms
Execution Time: 93.077 ms",94.772,12064.92,100000,"HashAggregate  (cost=10088.36..12064.92 rows=100000 width=12) (actual rows=100000 loops=1)
  Group Key: t_employee_0.employee_id, (count(t_employee_1.employee_id))
  Planned Partitions: 4  Batches: 5  Memory Usage: 4145kB  Disk Usage: 1800kB
  Buffers: shared hit=886, temp read=225 written=387
  ->  Hash Right Join  (cost=1975.50..3682.11 rows=100000 width=12) (actual rows=100000 loops=1)
        Hash Cond: (t_employee_0.team_id = t_employee_1.team_id)
        Buffers: shared hit=886
        ->  Seq Scan on employee t_employee_0  (cost=0.00..1443.00 rows=100000 width=8) (actual rows=100000 loops=1)
              Buffers: shared hit=443
        ->  Hash  (cost=1963.00..1963.00 rows=1000 width=12) (actual rows=1000 loops=1)
              Buckets: 1024  Batches: 1  Memory Usage: 51kB
              Buffers: shared hit=443
              ->  HashAggregate  (cost=1943.00..1953.00 rows=1000 width=12) (actual rows=1000 loops=1)
                    Group Key: t_employee_1.team_id
                    Batches: 1  Memory Usage: 193kB
                    Buffers: shared hit=443
                    ->  Seq Scan on employee t_employee_1  (cost=0.00..1443.00 rows=100000 width=8) (actual rows=100000 loops=1)
                          Buffers: shared hit=443
Planning Time: 0.155 ms
Execution Time: 94.772 ms",92.42,12064.92,100000,"HashAggregate  (cost=10088.36..12064.92 rows=100000 width=12) (actual rows=100000 loops=1)
  Group Key: t_employee_0.employee_id, (count(t_employee_1.employee_id))
  Planned Partitions: 4  Batches: 5  Memory Usage: 4145kB  Disk Usage: 1800kB
  Buffers: shared hit=886, temp read=225 written=387
  ->  Hash Right Join  (cost=1975.50..3682.11 rows=100000 width=12) (actual rows=100000 loops=1)
        Hash Cond: (t_employee_0.team_id = t_employee_1.team_id)
        Buffers: shared hit=886
        ->  Seq Scan on employee t_employee_0  (cost=0.00..1443.00 rows=100000 width=8) (actual rows=100000 loops=1)
              Buffers: shared hit=443
        ->  Hash  (cost=1963.00..1963.00 rows=1000 width=12) (actual rows=1000 loops=1)
              Buckets: 1024  Batches: 1  Memory Usage: 51kB
              Buffers: shared hit=443
              ->  HashAggregate  (cost=1943.00..1953.00 rows=1000 width=12) (actual rows=1000 loops=1)
                    Group Key: t_employee_1.team_id
                    Batches: 1  Memory Usage: 193kB
                    Buffers: shared hit=443
                    ->  Seq Scan on employee t_employee_1  (cost=0.00..1443.00 rows=100000 width=8) (actual rows=100000 loops=1)
                          Buffers: shared hit=443
Planning Time: 0.146 ms
Execution Time: 92.420 ms",92.84,12064.92,100000,"HashAggregate  (cost=10088.36..12064.92 rows=100000 width=12) (actual rows=100000 loops=1)
  Group Key: t_employee_0.employee_id, (count(t_employee_1.employee_id))
  Planned Partitions: 4  Batches: 5  Memory Usage: 4145kB  Disk Usage: 1800kB
  Buffers: shared hit=886, temp read=225 written=387
  ->  Hash Right Join  (cost=1975.50..3682.11 rows=100000 width=12) (actual rows=100000 loops=1)
        Hash Cond: (t_employee_0.team_id = t_employee_1.team_id)
        Buffers: shared hit=886
        ->  Seq Scan on employee t_employee_0  (cost=0.00..1443.00 rows=100000 width=8) (actual rows=100000 loops=1)
              Buffers: shared hit=443
        ->  Hash  (cost=1963.00..1963.00 rows=1000 width=12) (actual rows=1000 loops=1)
              Buckets: 1024  Batches: 1  Memory Usage: 51kB
              Buffers: shared hit=443
              ->  HashAggregate  (cost=1943.00..1953.00 rows=1000 width=12) (actual rows=1000 loops=1)
                    Group Key: t_employee_1.team_id
                    Batches: 1  Memory Usage: 193kB
                    Buffers: shared hit=443
                    ->  Seq Scan on employee t_employee_1  (cost=0.00..1443.00 rows=100000 width=8) (actual rows=100000 loops=1)
                          Buffers: shared hit=443
Planning Time: 0.163 ms
Execution Time: 92.840 ms",92.0348,92.84,93.9245,95.45,12064.92,12064.92,100000,100000,100000,100000,1303_159,786,1303,159,Easy,"select employee_id, team_size from schema_1303.employee left outer join (select team_id, count(distinct employee_id) as team_size from schema_1303.employee group by team_id) as t on employee.team_id = t.team_id",84.105,12236.93,100000,"Hash Left Join  (cost=10530.32..12236.93 rows=100000 width=12) (actual rows=100000 loops=1)
  Hash Cond: (employee.team_id = t.team_id)
  Buffers: shared hit=886, temp read=221 written=222
  ->  Seq Scan on employee  (cost=0.00..1443.00 rows=100000 width=8) (actual rows=100000 loops=1)
        Buffers: shared hit=443
  ->  Hash  (cost=10517.82..10517.82 rows=1000 width=12) (actual rows=1000 loops=1)
        Buckets: 1024  Batches: 1  Memory Usage: 51kB
        Buffers: shared hit=443, temp read=221 written=222
        ->  Subquery Scan on t  (cost=9747.82..10517.82 rows=1000 width=12) (actual rows=1000 loops=1)
              Buffers: shared hit=443, temp read=221 written=222
              ->  GroupAggregate  (cost=9747.82..10507.82 rows=1000 width=12) (actual rows=1000 loops=1)
                    Group Key: employee_1.team_id
                    Buffers: shared hit=443, temp read=221 written=222
                    ->  Sort  (cost=9747.82..9997.82 rows=100000 width=8) (actual rows=100000 loops=1)
                          Sort Key: employee_1.team_id
                          Sort Method: external merge  Disk: 1768kB
                          Buffers: shared hit=443, temp read=221 written=222
                          ->  Seq Scan on employee employee_1  (cost=0.00..1443.00 rows=100000 width=8) (actual rows=100000 loops=1)
                                Buffers: shared hit=443
Planning Time: 0.093 ms
Execution Time: 84.105 ms",88.146,12236.93,100000,"Hash Left Join  (cost=10530.32..12236.93 rows=100000 width=12) (actual rows=100000 loops=1)
  Hash Cond: (employee.team_id = t.team_id)
  Buffers: shared hit=886, temp read=221 written=222
  ->  Seq Scan on employee  (cost=0.00..1443.00 rows=100000 width=8) (actual rows=100000 loops=1)
        Buffers: shared hit=443
  ->  Hash  (cost=10517.82..10517.82 rows=1000 width=12) (actual rows=1000 loops=1)
        Buckets: 1024  Batches: 1  Memory Usage: 51kB
        Buffers: shared hit=443, temp read=221 written=222
        ->  Subquery Scan on t  (cost=9747.82..10517.82 rows=1000 width=12) (actual rows=1000 loops=1)
              Buffers: shared hit=443, temp read=221 written=222
              ->  GroupAggregate  (cost=9747.82..10507.82 rows=1000 width=12) (actual rows=1000 loops=1)
                    Group Key: employee_1.team_id
                    Buffers: shared hit=443, temp read=221 written=222
                    ->  Sort  (cost=9747.82..9997.82 rows=100000 width=8) (actual rows=100000 loops=1)
                          Sort Key: employee_1.team_id
                          Sort Method: external merge  Disk: 1768kB
                          Buffers: shared hit=443, temp read=221 written=222
                          ->  Seq Scan on employee employee_1  (cost=0.00..1443.00 rows=100000 width=8) (actual rows=100000 loops=1)
                                Buffers: shared hit=443
Planning Time: 0.156 ms
Execution Time: 88.146 ms",87.162,12236.93,100000,"Hash Left Join  (cost=10530.32..12236.93 rows=100000 width=12) (actual rows=100000 loops=1)
  Hash Cond: (employee.team_id = t.team_id)
  Buffers: shared hit=886, temp read=221 written=222
  ->  Seq Scan on employee  (cost=0.00..1443.00 rows=100000 width=8) (actual rows=100000 loops=1)
        Buffers: shared hit=443
  ->  Hash  (cost=10517.82..10517.82 rows=1000 width=12) (actual rows=1000 loops=1)
        Buckets: 1024  Batches: 1  Memory Usage: 51kB
        Buffers: shared hit=443, temp read=221 written=222
        ->  Subquery Scan on t  (cost=9747.82..10517.82 rows=1000 width=12) (actual rows=1000 loops=1)
              Buffers: shared hit=443, temp read=221 written=222
              ->  GroupAggregate  (cost=9747.82..10507.82 rows=1000 width=12) (actual rows=1000 loops=1)
                    Group Key: employee_1.team_id
                    Buffers: shared hit=443, temp read=221 written=222
                    ->  Sort  (cost=9747.82..9997.82 rows=100000 width=8) (actual rows=100000 loops=1)
                          Sort Key: employee_1.team_id
                          Sort Method: external merge  Disk: 1768kB
                          Buffers: shared hit=443, temp read=221 written=222
                          ->  Seq Scan on employee employee_1  (cost=0.00..1443.00 rows=100000 width=8) (actual rows=100000 loops=1)
                                Buffers: shared hit=443
Planning Time: 0.163 ms
Execution Time: 87.162 ms",90.731,12236.93,100000,"Hash Left Join  (cost=10530.32..12236.93 rows=100000 width=12) (actual rows=100000 loops=1)
  Hash Cond: (employee.team_id = t.team_id)
  Buffers: shared hit=886, temp read=221 written=222
  ->  Seq Scan on employee  (cost=0.00..1443.00 rows=100000 width=8) (actual rows=100000 loops=1)
        Buffers: shared hit=443
  ->  Hash  (cost=10517.82..10517.82 rows=1000 width=12) (actual rows=1000 loops=1)
        Buckets: 1024  Batches: 1  Memory Usage: 51kB
        Buffers: shared hit=443, temp read=221 written=222
        ->  Subquery Scan on t  (cost=9747.82..10517.82 rows=1000 width=12) (actual rows=1000 loops=1)
              Buffers: shared hit=443, temp read=221 written=222
              ->  GroupAggregate  (cost=9747.82..10507.82 rows=1000 width=12) (actual rows=1000 loops=1)
                    Group Key: employee_1.team_id
                    Buffers: shared hit=443, temp read=221 written=222
                    ->  Sort  (cost=9747.82..9997.82 rows=100000 width=8) (actual rows=100000 loops=1)
                          Sort Key: employee_1.team_id
                          Sort Method: external merge  Disk: 1768kB
                          Buffers: shared hit=443, temp read=221 written=222
                          ->  Seq Scan on employee employee_1  (cost=0.00..1443.00 rows=100000 width=8) (actual rows=100000 loops=1)
                                Buffers: shared hit=443
Planning Time: 0.139 ms
Execution Time: 90.731 ms",87.904,12236.93,100000,"Hash Left Join  (cost=10530.32..12236.93 rows=100000 width=12) (actual rows=100000 loops=1)
  Hash Cond: (employee.team_id = t.team_id)
  Buffers: shared hit=886, temp read=221 written=222
  ->  Seq Scan on employee  (cost=0.00..1443.00 rows=100000 width=8) (actual rows=100000 loops=1)
        Buffers: shared hit=443
  ->  Hash  (cost=10517.82..10517.82 rows=1000 width=12) (actual rows=1000 loops=1)
        Buckets: 1024  Batches: 1  Memory Usage: 51kB
        Buffers: shared hit=443, temp read=221 written=222
        ->  Subquery Scan on t  (cost=9747.82..10517.82 rows=1000 width=12) (actual rows=1000 loops=1)
              Buffers: shared hit=443, temp read=221 written=222
              ->  GroupAggregate  (cost=9747.82..10507.82 rows=1000 width=12) (actual rows=1000 loops=1)
                    Group Key: employee_1.team_id
                    Buffers: shared hit=443, temp read=221 written=222
                    ->  Sort  (cost=9747.82..9997.82 rows=100000 width=8) (actual rows=100000 loops=1)
                          Sort Key: employee_1.team_id
                          Sort Method: external merge  Disk: 1768kB
                          Buffers: shared hit=443, temp read=221 written=222
                          ->  Seq Scan on employee employee_1  (cost=0.00..1443.00 rows=100000 width=8) (actual rows=100000 loops=1)
                                Buffers: shared hit=443
Planning Time: 0.140 ms
Execution Time: 87.904 ms",87.6096,87.904,89.4385,91.765,12236.93,12236.93,100000,100000,100000,100000,normal,normal,5.650025299999982,8.518520700000014,equal variances,not significant,0.9722222222222222,4.425200000000004,4.936000000000007,-172.01000000000022,0,True
790,1308,2,Medium,"SELECT T_scores_0.gender AS gender, T_scores_0.day AS day, SUM(T_scores_0.score_points) OVER ( PARTITION BY T_scores_0.gender ORDER BY T_scores_0.day ASC ) AS total from schema_1308.scores AS T_scores_0",97.645,6858.54,100000,"WindowAgg  (cost=0.29..6858.54 rows=100000 width=16) (actual rows=100000 loops=1)
  Buffers: shared hit=100186
  ->  Index Scan using scores_pkey on scores t_scores_0  (cost=0.29..5108.54 rows=100000 width=12) (actual rows=100000 loops=1)
        Buffers: shared hit=100186
Planning Time: 0.064 ms
Execution Time: 97.645 ms",102.269,6858.54,100000,"WindowAgg  (cost=0.29..6858.54 rows=100000 width=16) (actual rows=100000 loops=1)
  Buffers: shared hit=100186
  ->  Index Scan using scores_pkey on scores t_scores_0  (cost=0.29..5108.54 rows=100000 width=12) (actual rows=100000 loops=1)
        Buffers: shared hit=100186
Planning Time: 0.066 ms
Execution Time: 102.269 ms",104.615,6858.54,100000,"WindowAgg  (cost=0.29..6858.54 rows=100000 width=16) (actual rows=100000 loops=1)
  Buffers: shared hit=100186
  ->  Index Scan using scores_pkey on scores t_scores_0  (cost=0.29..5108.54 rows=100000 width=12) (actual rows=100000 loops=1)
        Buffers: shared hit=100186
Planning Time: 0.067 ms
Execution Time: 104.615 ms",98.879,6858.54,100000,"WindowAgg  (cost=0.29..6858.54 rows=100000 width=16) (actual rows=100000 loops=1)
  Buffers: shared hit=100186
  ->  Index Scan using scores_pkey on scores t_scores_0  (cost=0.29..5108.54 rows=100000 width=12) (actual rows=100000 loops=1)
        Buffers: shared hit=100186
Planning Time: 0.052 ms
Execution Time: 98.879 ms",99.34,6858.54,100000,"WindowAgg  (cost=0.29..6858.54 rows=100000 width=16) (actual rows=100000 loops=1)
  Buffers: shared hit=100186
  ->  Index Scan using scores_pkey on scores t_scores_0  (cost=0.29..5108.54 rows=100000 width=12) (actual rows=100000 loops=1)
        Buffers: shared hit=100186
Planning Time: 0.058 ms
Execution Time: 99.340 ms",100.5496,99.34,103.442,105.5534,6858.54,6858.54,100000,100000,100000,100000,1308_2,790,1308,2,Medium,"select distinct gender, day, sum(score_points) over (partition by gender order by day) as total from schema_1308.scores order by gender, day",222.418,12171.94,100000,"Sort  (cost=12046.02..12171.94 rows=50368 width=16) (actual rows=100000 loops=1)
  Sort Key: gender, day
  Sort Method: external merge  Disk: 2552kB
  Buffers: shared hit=100186, temp read=545 written=772
  ->  HashAggregate  (cost=7608.54..8112.22 rows=50368 width=16) (actual rows=100000 loops=1)
        Group Key: gender, day, sum(score_points) OVER (?)
        Batches: 5  Memory Usage: 4145kB  Disk Usage: 2312kB
        Buffers: shared hit=100186, temp read=226 written=452
        ->  WindowAgg  (cost=0.29..6858.54 rows=100000 width=16) (actual rows=100000 loops=1)
              Buffers: shared hit=100186
              ->  Index Scan using scores_pkey on scores  (cost=0.29..5108.54 rows=100000 width=12) (actual rows=100000 loops=1)
                    Buffers: shared hit=100186
Planning Time: 0.057 ms
Execution Time: 222.418 ms",226.327,12171.94,100000,"Sort  (cost=12046.02..12171.94 rows=50368 width=16) (actual rows=100000 loops=1)
  Sort Key: gender, day
  Sort Method: external merge  Disk: 2552kB
  Buffers: shared hit=100186, temp read=545 written=772
  ->  HashAggregate  (cost=7608.54..8112.22 rows=50368 width=16) (actual rows=100000 loops=1)
        Group Key: gender, day, sum(score_points) OVER (?)
        Batches: 5  Memory Usage: 4145kB  Disk Usage: 2312kB
        Buffers: shared hit=100186, temp read=226 written=452
        ->  WindowAgg  (cost=0.29..6858.54 rows=100000 width=16) (actual rows=100000 loops=1)
              Buffers: shared hit=100186
              ->  Index Scan using scores_pkey on scores  (cost=0.29..5108.54 rows=100000 width=12) (actual rows=100000 loops=1)
                    Buffers: shared hit=100186
Planning Time: 0.059 ms
Execution Time: 226.327 ms",229.512,12171.94,100000,"Sort  (cost=12046.02..12171.94 rows=50368 width=16) (actual rows=100000 loops=1)
  Sort Key: gender, day
  Sort Method: external merge  Disk: 2552kB
  Buffers: shared hit=100186, temp read=545 written=772
  ->  HashAggregate  (cost=7608.54..8112.22 rows=50368 width=16) (actual rows=100000 loops=1)
        Group Key: gender, day, sum(score_points) OVER (?)
        Batches: 5  Memory Usage: 4145kB  Disk Usage: 2312kB
        Buffers: shared hit=100186, temp read=226 written=452
        ->  WindowAgg  (cost=0.29..6858.54 rows=100000 width=16) (actual rows=100000 loops=1)
              Buffers: shared hit=100186
              ->  Index Scan using scores_pkey on scores  (cost=0.29..5108.54 rows=100000 width=12) (actual rows=100000 loops=1)
                    Buffers: shared hit=100186
Planning Time: 0.081 ms
Execution Time: 229.512 ms",231.384,12171.94,100000,"Sort  (cost=12046.02..12171.94 rows=50368 width=16) (actual rows=100000 loops=1)
  Sort Key: gender, day
  Sort Method: external merge  Disk: 2552kB
  Buffers: shared hit=100186, temp read=545 written=772
  ->  HashAggregate  (cost=7608.54..8112.22 rows=50368 width=16) (actual rows=100000 loops=1)
        Group Key: gender, day, sum(score_points) OVER (?)
        Batches: 5  Memory Usage: 4145kB  Disk Usage: 2312kB
        Buffers: shared hit=100186, temp read=226 written=452
        ->  WindowAgg  (cost=0.29..6858.54 rows=100000 width=16) (actual rows=100000 loops=1)
              Buffers: shared hit=100186
              ->  Index Scan using scores_pkey on scores  (cost=0.29..5108.54 rows=100000 width=12) (actual rows=100000 loops=1)
                    Buffers: shared hit=100186
Planning Time: 0.093 ms
Execution Time: 231.384 ms",230.916,12171.94,100000,"Sort  (cost=12046.02..12171.94 rows=50368 width=16) (actual rows=100000 loops=1)
  Sort Key: gender, day
  Sort Method: external merge  Disk: 2552kB
  Buffers: shared hit=100186, temp read=545 written=772
  ->  HashAggregate  (cost=7608.54..8112.22 rows=50368 width=16) (actual rows=100000 loops=1)
        Group Key: gender, day, sum(score_points) OVER (?)
        Batches: 5  Memory Usage: 4145kB  Disk Usage: 2312kB
        Buffers: shared hit=100186, temp read=226 written=452
        ->  WindowAgg  (cost=0.29..6858.54 rows=100000 width=16) (actual rows=100000 loops=1)
              Buffers: shared hit=100186
              ->  Index Scan using scores_pkey on scores  (cost=0.29..5108.54 rows=100000 width=12) (actual rows=100000 loops=1)
                    Buffers: shared hit=100186
Planning Time: 0.071 ms
Execution Time: 230.916 ms",228.1114,229.512,231.15,231.5712,12171.94,12171.94,100000,100000,100000,100000,normal,normal,14.034064799999957,8.043637799999994,equal variances,significant,0.003968253968253968,-127.5618,-130.172,-5313.400000000001,0,True
791,1308,3,Medium,"SELECT s2.gender AS gender, s2.day AS day, SUM(s2.score_points) OVER ( PARTITION BY s2.gender ORDER BY s2.day ASC ) AS total from schema_1308.scores AS s2",95.931,6858.54,100000,"WindowAgg  (cost=0.29..6858.54 rows=100000 width=16) (actual rows=100000 loops=1)
  Buffers: shared hit=100186
  ->  Index Scan using scores_pkey on scores s2  (cost=0.29..5108.54 rows=100000 width=12) (actual rows=100000 loops=1)
        Buffers: shared hit=100186
Planning Time: 0.062 ms
Execution Time: 95.931 ms",99.207,6858.54,100000,"WindowAgg  (cost=0.29..6858.54 rows=100000 width=16) (actual rows=100000 loops=1)
  Buffers: shared hit=100186
  ->  Index Scan using scores_pkey on scores s2  (cost=0.29..5108.54 rows=100000 width=12) (actual rows=100000 loops=1)
        Buffers: shared hit=100186
Planning Time: 0.116 ms
Execution Time: 99.207 ms",102.636,6858.54,100000,"WindowAgg  (cost=0.29..6858.54 rows=100000 width=16) (actual rows=100000 loops=1)
  Buffers: shared hit=100186
  ->  Index Scan using scores_pkey on scores s2  (cost=0.29..5108.54 rows=100000 width=12) (actual rows=100000 loops=1)
        Buffers: shared hit=100186
Planning Time: 0.062 ms
Execution Time: 102.636 ms",103.749,6858.54,100000,"WindowAgg  (cost=0.29..6858.54 rows=100000 width=16) (actual rows=100000 loops=1)
  Buffers: shared hit=100186
  ->  Index Scan using scores_pkey on scores s2  (cost=0.29..5108.54 rows=100000 width=12) (actual rows=100000 loops=1)
        Buffers: shared hit=100186
Planning Time: 0.062 ms
Execution Time: 103.749 ms",103.133,6858.54,100000,"WindowAgg  (cost=0.29..6858.54 rows=100000 width=16) (actual rows=100000 loops=1)
  Buffers: shared hit=100186
  ->  Index Scan using scores_pkey on scores s2  (cost=0.29..5108.54 rows=100000 width=12) (actual rows=100000 loops=1)
        Buffers: shared hit=100186
Planning Time: 0.065 ms
Execution Time: 103.133 ms",100.9312,102.636,103.441,103.9954,6858.54,6858.54,100000,100000,100000,100000,1308_3,791,1308,3,Medium,"select distinct s1.gender, s1.day, sum(s2.score_points) as total from schema_1308.scores as s1 join schema_1308.scores as s2 on s1.gender = s2.gender where s2.day <= s1.day group by s1.gender, s1.day order by s1.gender, s1.day",1228666.178,62541952.09,100000,"Unique  (cost=62541448.41..62541952.09 rows=50368 width=16) (actual rows=100000 loops=1)
  Buffers: shared hit=2504347383, temp read=319 written=320
  ->  Sort  (cost=62541448.41..62541574.33 rows=50368 width=16) (actual rows=100000 loops=1)
        Sort Key: s1.gender, s1.day, (sum(s2.score_points))
        Sort Method: external merge  Disk: 2552kB
        Buffers: shared hit=2504347383, temp read=319 written=320
        ->  GroupAggregate  (cost=0.58..62537514.61 rows=50368 width=16) (actual rows=100000 loops=1)
              Group Key: s1.gender, s1.day
              Buffers: shared hit=2504347383
              ->  Nested Loop  (cost=0.58..50036938.29 rows=1666676352 width=12) (actual rows=2500050000 loops=1)
                    Buffers: shared hit=2504347383
                    ->  Index Only Scan using scores_pkey on scores s1  (cost=0.29..2820.29 rows=100000 width=8) (actual rows=100000 loops=1)
                          Heap Fetches: 107
                          Buffers: shared hit=330
                    ->  Index Scan using scores_pkey on scores s2  (cost=0.29..333.67 rows=16667 width=12) (actual rows=25000 loops=100000)
                          Index Cond: ((gender = s1.gender) AND (day <= s1.day))
                          Buffers: shared hit=2504347053
Planning:
  Buffers: shared hit=2
Planning Time: 0.179 ms
JIT:
  Functions: 10
  Options: Inlining true, Optimization true, Expressions true, Deforming true
Execution Time: 1228666.178 ms",1227672.739,62541952.09,100000,"Unique  (cost=62541448.41..62541952.09 rows=50368 width=16) (actual rows=100000 loops=1)
  Buffers: shared hit=2504347383, temp read=319 written=320
  ->  Sort  (cost=62541448.41..62541574.33 rows=50368 width=16) (actual rows=100000 loops=1)
        Sort Key: s1.gender, s1.day, (sum(s2.score_points))
        Sort Method: external merge  Disk: 2552kB
        Buffers: shared hit=2504347383, temp read=319 written=320
        ->  GroupAggregate  (cost=0.58..62537514.61 rows=50368 width=16) (actual rows=100000 loops=1)
              Group Key: s1.gender, s1.day
              Buffers: shared hit=2504347383
              ->  Nested Loop  (cost=0.58..50036938.29 rows=1666676352 width=12) (actual rows=2500050000 loops=1)
                    Buffers: shared hit=2504347383
                    ->  Index Only Scan using scores_pkey on scores s1  (cost=0.29..2820.29 rows=100000 width=8) (actual rows=100000 loops=1)
                          Heap Fetches: 107
                          Buffers: shared hit=330
                    ->  Index Scan using scores_pkey on scores s2  (cost=0.29..333.67 rows=16667 width=12) (actual rows=25000 loops=100000)
                          Index Cond: ((gender = s1.gender) AND (day <= s1.day))
                          Buffers: shared hit=2504347053
Planning:
  Buffers: shared hit=2
Planning Time: 0.254 ms
JIT:
  Functions: 10
  Options: Inlining true, Optimization true, Expressions true, Deforming true
Execution Time: 1227672.739 ms",1221281.523,62541952.09,100000,"Unique  (cost=62541448.41..62541952.09 rows=50368 width=16) (actual rows=100000 loops=1)
  Buffers: shared hit=2504347383, temp read=319 written=320
  ->  Sort  (cost=62541448.41..62541574.33 rows=50368 width=16) (actual rows=100000 loops=1)
        Sort Key: s1.gender, s1.day, (sum(s2.score_points))
        Sort Method: external merge  Disk: 2552kB
        Buffers: shared hit=2504347383, temp read=319 written=320
        ->  GroupAggregate  (cost=0.58..62537514.61 rows=50368 width=16) (actual rows=100000 loops=1)
              Group Key: s1.gender, s1.day
              Buffers: shared hit=2504347383
              ->  Nested Loop  (cost=0.58..50036938.29 rows=1666676352 width=12) (actual rows=2500050000 loops=1)
                    Buffers: shared hit=2504347383
                    ->  Index Only Scan using scores_pkey on scores s1  (cost=0.29..2820.29 rows=100000 width=8) (actual rows=100000 loops=1)
                          Heap Fetches: 107
                          Buffers: shared hit=330
                    ->  Index Scan using scores_pkey on scores s2  (cost=0.29..333.67 rows=16667 width=12) (actual rows=25000 loops=100000)
                          Index Cond: ((gender = s1.gender) AND (day <= s1.day))
                          Buffers: shared hit=2504347053
Planning:
  Buffers: shared hit=2
Planning Time: 0.221 ms
JIT:
  Functions: 10
  Options: Inlining true, Optimization true, Expressions true, Deforming true
Execution Time: 1221281.523 ms",1226690.795,62541952.09,100000,"Unique  (cost=62541448.41..62541952.09 rows=50368 width=16) (actual rows=100000 loops=1)
  Buffers: shared hit=2504347383, temp read=319 written=320
  ->  Sort  (cost=62541448.41..62541574.33 rows=50368 width=16) (actual rows=100000 loops=1)
        Sort Key: s1.gender, s1.day, (sum(s2.score_points))
        Sort Method: external merge  Disk: 2552kB
        Buffers: shared hit=2504347383, temp read=319 written=320
        ->  GroupAggregate  (cost=0.58..62537514.61 rows=50368 width=16) (actual rows=100000 loops=1)
              Group Key: s1.gender, s1.day
              Buffers: shared hit=2504347383
              ->  Nested Loop  (cost=0.58..50036938.29 rows=1666676352 width=12) (actual rows=2500050000 loops=1)
                    Buffers: shared hit=2504347383
                    ->  Index Only Scan using scores_pkey on scores s1  (cost=0.29..2820.29 rows=100000 width=8) (actual rows=100000 loops=1)
                          Heap Fetches: 107
                          Buffers: shared hit=330
                    ->  Index Scan using scores_pkey on scores s2  (cost=0.29..333.67 rows=16667 width=12) (actual rows=25000 loops=100000)
                          Index Cond: ((gender = s1.gender) AND (day <= s1.day))
                          Buffers: shared hit=2504347053
Planning:
  Buffers: shared hit=2
Planning Time: 0.265 ms
JIT:
  Functions: 10
  Options: Inlining true, Optimization true, Expressions true, Deforming true
Execution Time: 1226690.795 ms",1228529.219,62541952.09,100000,"Unique  (cost=62541448.41..62541952.09 rows=50368 width=16) (actual rows=100000 loops=1)
  Buffers: shared hit=2504347383, temp read=319 written=320
  ->  Sort  (cost=62541448.41..62541574.33 rows=50368 width=16) (actual rows=100000 loops=1)
        Sort Key: s1.gender, s1.day, (sum(s2.score_points))
        Sort Method: external merge  Disk: 2552kB
        Buffers: shared hit=2504347383, temp read=319 written=320
        ->  GroupAggregate  (cost=0.58..62537514.61 rows=50368 width=16) (actual rows=100000 loops=1)
              Group Key: s1.gender, s1.day
              Buffers: shared hit=2504347383
              ->  Nested Loop  (cost=0.58..50036938.29 rows=1666676352 width=12) (actual rows=2500050000 loops=1)
                    Buffers: shared hit=2504347383
                    ->  Index Only Scan using scores_pkey on scores s1  (cost=0.29..2820.29 rows=100000 width=8) (actual rows=100000 loops=1)
                          Heap Fetches: 107
                          Buffers: shared hit=330
                    ->  Index Scan using scores_pkey on scores s2  (cost=0.29..333.67 rows=16667 width=12) (actual rows=25000 loops=100000)
                          Index Cond: ((gender = s1.gender) AND (day <= s1.day))
                          Buffers: shared hit=2504347053
Planning:
  Buffers: shared hit=2
Planning Time: 0.213 ms
JIT:
  Functions: 10
  Options: Inlining true, Optimization true, Expressions true, Deforming true
Execution Time: 1228529.219 ms",1226568.091,1227672.739,1228597.699,1228720.962,62541952.09,62541952.09,100000,100000,100000,100000,not normal,normal,9357774.196524227,10.917282199999997,equal variances,significant,0.003968253968253968,-1226467.1598,-1227570.1030000001,-62535093.550000004,0,True
792,1308,4,Medium,"SELECT T_scores_0.gender AS gender, T_scores_0.day AS day, SUM(T_scores_0.score_points) OVER ( PARTITION BY T_scores_0.gender ORDER BY T_scores_0.day ASC ) AS total from schema_1308.scores AS T_scores_0 ORDER BY gender ASC,day ASC",94.154,6858.54,100000,"WindowAgg  (cost=0.29..6858.54 rows=100000 width=16) (actual rows=100000 loops=1)
  Buffers: shared hit=100186
  ->  Index Scan using scores_pkey on scores t_scores_0  (cost=0.29..5108.54 rows=100000 width=12) (actual rows=100000 loops=1)
        Buffers: shared hit=100186
Planning Time: 0.045 ms
Execution Time: 94.154 ms",105.213,6858.54,100000,"WindowAgg  (cost=0.29..6858.54 rows=100000 width=16) (actual rows=100000 loops=1)
  Buffers: shared hit=100186
  ->  Index Scan using scores_pkey on scores t_scores_0  (cost=0.29..5108.54 rows=100000 width=12) (actual rows=100000 loops=1)
        Buffers: shared hit=100186
Planning Time: 0.133 ms
Execution Time: 105.213 ms",101.366,6858.54,100000,"WindowAgg  (cost=0.29..6858.54 rows=100000 width=16) (actual rows=100000 loops=1)
  Buffers: shared hit=100186
  ->  Index Scan using scores_pkey on scores t_scores_0  (cost=0.29..5108.54 rows=100000 width=12) (actual rows=100000 loops=1)
        Buffers: shared hit=100186
Planning Time: 0.068 ms
Execution Time: 101.366 ms",97.606,6858.54,100000,"WindowAgg  (cost=0.29..6858.54 rows=100000 width=16) (actual rows=100000 loops=1)
  Buffers: shared hit=100186
  ->  Index Scan using scores_pkey on scores t_scores_0  (cost=0.29..5108.54 rows=100000 width=12) (actual rows=100000 loops=1)
        Buffers: shared hit=100186
Planning Time: 0.074 ms
Execution Time: 97.606 ms",101.744,6858.54,100000,"WindowAgg  (cost=0.29..6858.54 rows=100000 width=16) (actual rows=100000 loops=1)
  Buffers: shared hit=100186
  ->  Index Scan using scores_pkey on scores t_scores_0  (cost=0.29..5108.54 rows=100000 width=12) (actual rows=100000 loops=1)
        Buffers: shared hit=100186
Planning Time: 0.070 ms
Execution Time: 101.744 ms",100.0166,101.366,103.4785,106.6006,6858.54,6858.54,100000,100000,100000,100000,1308_4,792,1308,4,Medium,"select gender, day, sum(score_points) over (partition by gender order by day) as total from schema_1308.scores group by gender, day order by gender, day",103.926,6489.98,100000,"WindowAgg  (cost=0.29..6489.98 rows=50368 width=16) (actual rows=100000 loops=1)
  Buffers: shared hit=100186
  ->  Group  (cost=0.29..5608.54 rows=50368 width=12) (actual rows=100000 loops=1)
        Group Key: gender, day
        Buffers: shared hit=100186
        ->  Index Scan using scores_pkey on scores  (cost=0.29..5108.54 rows=100000 width=12) (actual rows=100000 loops=1)
              Buffers: shared hit=100186
Planning:
  Buffers: shared hit=3
Planning Time: 0.060 ms
Execution Time: 103.926 ms",107.888,6489.98,100000,"WindowAgg  (cost=0.29..6489.98 rows=50368 width=16) (actual rows=100000 loops=1)
  Buffers: shared hit=100186
  ->  Group  (cost=0.29..5608.54 rows=50368 width=12) (actual rows=100000 loops=1)
        Group Key: gender, day
        Buffers: shared hit=100186
        ->  Index Scan using scores_pkey on scores  (cost=0.29..5108.54 rows=100000 width=12) (actual rows=100000 loops=1)
              Buffers: shared hit=100186
Planning:
  Buffers: shared hit=3
Planning Time: 0.073 ms
Execution Time: 107.888 ms",107.25,6489.98,100000,"WindowAgg  (cost=0.29..6489.98 rows=50368 width=16) (actual rows=100000 loops=1)
  Buffers: shared hit=100186
  ->  Group  (cost=0.29..5608.54 rows=50368 width=12) (actual rows=100000 loops=1)
        Group Key: gender, day
        Buffers: shared hit=100186
        ->  Index Scan using scores_pkey on scores  (cost=0.29..5108.54 rows=100000 width=12) (actual rows=100000 loops=1)
              Buffers: shared hit=100186
Planning:
  Buffers: shared hit=3
Planning Time: 0.079 ms
Execution Time: 107.250 ms",114.259,6489.98,100000,"WindowAgg  (cost=0.29..6489.98 rows=50368 width=16) (actual rows=100000 loops=1)
  Buffers: shared hit=100186
  ->  Group  (cost=0.29..5608.54 rows=50368 width=12) (actual rows=100000 loops=1)
        Group Key: gender, day
        Buffers: shared hit=100186
        ->  Index Scan using scores_pkey on scores  (cost=0.29..5108.54 rows=100000 width=12) (actual rows=100000 loops=1)
              Buffers: shared hit=100186
Planning:
  Buffers: shared hit=3
Planning Time: 0.086 ms
Execution Time: 114.259 ms",106.926,6489.98,100000,"WindowAgg  (cost=0.29..6489.98 rows=50368 width=16) (actual rows=100000 loops=1)
  Buffers: shared hit=100186
  ->  Group  (cost=0.29..5608.54 rows=50368 width=12) (actual rows=100000 loops=1)
        Group Key: gender, day
        Buffers: shared hit=100186
        ->  Index Scan using scores_pkey on scores  (cost=0.29..5108.54 rows=100000 width=12) (actual rows=100000 loops=1)
              Buffers: shared hit=100186
Planning:
  Buffers: shared hit=3
Planning Time: 0.099 ms
Execution Time: 106.926 ms",108.0498,107.25,111.0735,116.8074,6489.98,6489.98,100000,100000,100000,100000,normal,normal,14.372169199999997,17.997108800000003,equal variances,significant,0.007936507936507936,-8.033200000000008,-5.884,368.5600000000004,0,True
797,1308,11,Medium,"SELECT b.gender AS gender, b.day AS day, SUM(b.score_points) OVER ( PARTITION BY b.gender ORDER BY b.day ASC ) AS total from schema_1308.scores AS b",95.776,6858.54,100000,"WindowAgg  (cost=0.29..6858.54 rows=100000 width=16) (actual rows=100000 loops=1)
  Buffers: shared hit=100186
  ->  Index Scan using scores_pkey on scores b  (cost=0.29..5108.54 rows=100000 width=12) (actual rows=100000 loops=1)
        Buffers: shared hit=100186
Planning Time: 0.046 ms
Execution Time: 95.776 ms",100.805,6858.54,100000,"WindowAgg  (cost=0.29..6858.54 rows=100000 width=16) (actual rows=100000 loops=1)
  Buffers: shared hit=100186
  ->  Index Scan using scores_pkey on scores b  (cost=0.29..5108.54 rows=100000 width=12) (actual rows=100000 loops=1)
        Buffers: shared hit=100186
Planning Time: 0.073 ms
Execution Time: 100.805 ms",104.016,6858.54,100000,"WindowAgg  (cost=0.29..6858.54 rows=100000 width=16) (actual rows=100000 loops=1)
  Buffers: shared hit=100186
  ->  Index Scan using scores_pkey on scores b  (cost=0.29..5108.54 rows=100000 width=12) (actual rows=100000 loops=1)
        Buffers: shared hit=100186
Planning Time: 0.076 ms
Execution Time: 104.016 ms",102.221,6858.54,100000,"WindowAgg  (cost=0.29..6858.54 rows=100000 width=16) (actual rows=100000 loops=1)
  Buffers: shared hit=100186
  ->  Index Scan using scores_pkey on scores b  (cost=0.29..5108.54 rows=100000 width=12) (actual rows=100000 loops=1)
        Buffers: shared hit=100186
Planning Time: 0.059 ms
Execution Time: 102.221 ms",102.35,6858.54,100000,"WindowAgg  (cost=0.29..6858.54 rows=100000 width=16) (actual rows=100000 loops=1)
  Buffers: shared hit=100186
  ->  Index Scan using scores_pkey on scores b  (cost=0.29..5108.54 rows=100000 width=12) (actual rows=100000 loops=1)
        Buffers: shared hit=100186
Planning Time: 0.066 ms
Execution Time: 102.350 ms",101.0336,102.221,103.183,104.6824,6858.54,6858.54,100000,100000,100000,100000,1308_11,797,1308,11,Medium,"select a.gender, a.day, sum(b.score_points) as total from schema_1308.scores as a join schema_1308.scores as b on (a.gender = b.gender and a.day >= b.day) group by a.gender, a.day order by a.gender asc, a.day asc",1226886.393,62537514.61,100000,"GroupAggregate  (cost=0.58..62537514.61 rows=50368 width=16) (actual rows=100000 loops=1)
  Group Key: a.gender, a.day
  Buffers: shared hit=2504347383
  ->  Nested Loop  (cost=0.58..50036938.29 rows=1666676352 width=12) (actual rows=2500050000 loops=1)
        Buffers: shared hit=2504347383
        ->  Index Only Scan using scores_pkey on scores a  (cost=0.29..2820.29 rows=100000 width=8) (actual rows=100000 loops=1)
              Heap Fetches: 107
              Buffers: shared hit=330
        ->  Index Scan using scores_pkey on scores b  (cost=0.29..333.67 rows=16667 width=12) (actual rows=25000 loops=100000)
              Index Cond: ((gender = a.gender) AND (day <= a.day))
              Buffers: shared hit=2504347053
Planning:
  Buffers: shared hit=2
Planning Time: 0.154 ms
JIT:
  Functions: 9
  Options: Inlining true, Optimization true, Expressions true, Deforming true
Execution Time: 1226886.393 ms",1222812.747,62537514.61,100000,"GroupAggregate  (cost=0.58..62537514.61 rows=50368 width=16) (actual rows=100000 loops=1)
  Group Key: a.gender, a.day
  Buffers: shared hit=2504347383
  ->  Nested Loop  (cost=0.58..50036938.29 rows=1666676352 width=12) (actual rows=2500050000 loops=1)
        Buffers: shared hit=2504347383
        ->  Index Only Scan using scores_pkey on scores a  (cost=0.29..2820.29 rows=100000 width=8) (actual rows=100000 loops=1)
              Heap Fetches: 107
              Buffers: shared hit=330
        ->  Index Scan using scores_pkey on scores b  (cost=0.29..333.67 rows=16667 width=12) (actual rows=25000 loops=100000)
              Index Cond: ((gender = a.gender) AND (day <= a.day))
              Buffers: shared hit=2504347053
Planning:
  Buffers: shared hit=2
Planning Time: 0.229 ms
JIT:
  Functions: 9
  Options: Inlining true, Optimization true, Expressions true, Deforming true
Execution Time: 1222812.747 ms",1224593.611,62537514.61,100000,"GroupAggregate  (cost=0.58..62537514.61 rows=50368 width=16) (actual rows=100000 loops=1)
  Group Key: a.gender, a.day
  Buffers: shared hit=2504347383
  ->  Nested Loop  (cost=0.58..50036938.29 rows=1666676352 width=12) (actual rows=2500050000 loops=1)
        Buffers: shared hit=2504347383
        ->  Index Only Scan using scores_pkey on scores a  (cost=0.29..2820.29 rows=100000 width=8) (actual rows=100000 loops=1)
              Heap Fetches: 107
              Buffers: shared hit=330
        ->  Index Scan using scores_pkey on scores b  (cost=0.29..333.67 rows=16667 width=12) (actual rows=25000 loops=100000)
              Index Cond: ((gender = a.gender) AND (day <= a.day))
              Buffers: shared hit=2504347053
Planning:
  Buffers: shared hit=2
Planning Time: 0.195 ms
JIT:
  Functions: 9
  Options: Inlining true, Optimization true, Expressions true, Deforming true
Execution Time: 1224593.611 ms",1230128.868,62537514.61,100000,"GroupAggregate  (cost=0.58..62537514.61 rows=50368 width=16) (actual rows=100000 loops=1)
  Group Key: a.gender, a.day
  Buffers: shared hit=2504347383
  ->  Nested Loop  (cost=0.58..50036938.29 rows=1666676352 width=12) (actual rows=2500050000 loops=1)
        Buffers: shared hit=2504347383
        ->  Index Only Scan using scores_pkey on scores a  (cost=0.29..2820.29 rows=100000 width=8) (actual rows=100000 loops=1)
              Heap Fetches: 107
              Buffers: shared hit=330
        ->  Index Scan using scores_pkey on scores b  (cost=0.29..333.67 rows=16667 width=12) (actual rows=25000 loops=100000)
              Index Cond: ((gender = a.gender) AND (day <= a.day))
              Buffers: shared hit=2504347053
Planning:
  Buffers: shared hit=2
Planning Time: 0.215 ms
JIT:
  Functions: 9
  Options: Inlining true, Optimization true, Expressions true, Deforming true
Execution Time: 1230128.868 ms",1221665.524,62537514.61,100000,"GroupAggregate  (cost=0.58..62537514.61 rows=50368 width=16) (actual rows=100000 loops=1)
  Group Key: a.gender, a.day
  Buffers: shared hit=2504347383
  ->  Nested Loop  (cost=0.58..50036938.29 rows=1666676352 width=12) (actual rows=2500050000 loops=1)
        Buffers: shared hit=2504347383
        ->  Index Only Scan using scores_pkey on scores a  (cost=0.29..2820.29 rows=100000 width=8) (actual rows=100000 loops=1)
              Heap Fetches: 107
              Buffers: shared hit=330
        ->  Index Scan using scores_pkey on scores b  (cost=0.29..333.67 rows=16667 width=12) (actual rows=25000 loops=100000)
              Index Cond: ((gender = a.gender) AND (day <= a.day))
              Buffers: shared hit=2504347053
Planning:
  Buffers: shared hit=2
Planning Time: 0.300 ms
JIT:
  Functions: 9
  Options: Inlining true, Optimization true, Expressions true, Deforming true
Execution Time: 1221665.524 ms",1225217.429,1224593.611,1228507.631,1231425.858,62537514.61,62537514.61,100000,100000,100000,100000,normal,normal,11423836.85782234,9.933038300000014,unequal variances,significant,0.003968253968253968,-1225116.3954,-1224491.3900000001,-62530656.07,0,True
798,1308,13,Medium,"SELECT b.gender AS gender, b.day AS day, SUM(b.score_points) OVER ( PARTITION BY b.gender ORDER BY b.day ASC ) AS total from schema_1308.scores AS b",96.809,6858.54,100000,"WindowAgg  (cost=0.29..6858.54 rows=100000 width=16) (actual rows=100000 loops=1)
  Buffers: shared hit=100186
  ->  Index Scan using scores_pkey on scores b  (cost=0.29..5108.54 rows=100000 width=12) (actual rows=100000 loops=1)
        Buffers: shared hit=100186
Planning Time: 0.064 ms
Execution Time: 96.809 ms",99.763,6858.54,100000,"WindowAgg  (cost=0.29..6858.54 rows=100000 width=16) (actual rows=100000 loops=1)
  Buffers: shared hit=100186
  ->  Index Scan using scores_pkey on scores b  (cost=0.29..5108.54 rows=100000 width=12) (actual rows=100000 loops=1)
        Buffers: shared hit=100186
Planning Time: 0.075 ms
Execution Time: 99.763 ms",100.55,6858.54,100000,"WindowAgg  (cost=0.29..6858.54 rows=100000 width=16) (actual rows=100000 loops=1)
  Buffers: shared hit=100186
  ->  Index Scan using scores_pkey on scores b  (cost=0.29..5108.54 rows=100000 width=12) (actual rows=100000 loops=1)
        Buffers: shared hit=100186
Planning Time: 0.092 ms
Execution Time: 100.550 ms",99.278,6858.54,100000,"WindowAgg  (cost=0.29..6858.54 rows=100000 width=16) (actual rows=100000 loops=1)
  Buffers: shared hit=100186
  ->  Index Scan using scores_pkey on scores b  (cost=0.29..5108.54 rows=100000 width=12) (actual rows=100000 loops=1)
        Buffers: shared hit=100186
Planning Time: 0.071 ms
Execution Time: 99.278 ms",100.827,6858.54,100000,"WindowAgg  (cost=0.29..6858.54 rows=100000 width=16) (actual rows=100000 loops=1)
  Buffers: shared hit=100186
  ->  Index Scan using scores_pkey on scores b  (cost=0.29..5108.54 rows=100000 width=12) (actual rows=100000 loops=1)
        Buffers: shared hit=100186
Planning Time: 0.067 ms
Execution Time: 100.827 ms",99.4454,99.763,100.6885,100.9378,6858.54,6858.54,100000,100000,100000,100000,1308_13,798,1308,13,Medium,"select a.gender, a.day, sum(b.score_points) as total from schema_1308.scores as a left outer join schema_1308.scores as b on (a.day >= b.day and a.gender = b.gender) group by a.gender, a.day order by a.gender, a.day",1235621.215,62537514.61,100000,"GroupAggregate  (cost=0.58..62537514.61 rows=50368 width=16) (actual rows=100000 loops=1)
  Group Key: a.gender, a.day
  Buffers: shared hit=2504347383
  ->  Nested Loop Left Join  (cost=0.58..50036938.29 rows=1666676352 width=12) (actual rows=2500050000 loops=1)
        Buffers: shared hit=2504347383
        ->  Index Only Scan using scores_pkey on scores a  (cost=0.29..2820.29 rows=100000 width=8) (actual rows=100000 loops=1)
              Heap Fetches: 107
              Buffers: shared hit=330
        ->  Index Scan using scores_pkey on scores b  (cost=0.29..333.67 rows=16667 width=12) (actual rows=25000 loops=100000)
              Index Cond: ((gender = a.gender) AND (day <= a.day))
              Buffers: shared hit=2504347053
Planning:
  Buffers: shared hit=2
Planning Time: 0.148 ms
JIT:
  Functions: 9
  Options: Inlining true, Optimization true, Expressions true, Deforming true
Execution Time: 1235621.215 ms",1226379.588,62537514.61,100000,"GroupAggregate  (cost=0.58..62537514.61 rows=50368 width=16) (actual rows=100000 loops=1)
  Group Key: a.gender, a.day
  Buffers: shared hit=2504347383
  ->  Nested Loop Left Join  (cost=0.58..50036938.29 rows=1666676352 width=12) (actual rows=2500050000 loops=1)
        Buffers: shared hit=2504347383
        ->  Index Only Scan using scores_pkey on scores a  (cost=0.29..2820.29 rows=100000 width=8) (actual rows=100000 loops=1)
              Heap Fetches: 107
              Buffers: shared hit=330
        ->  Index Scan using scores_pkey on scores b  (cost=0.29..333.67 rows=16667 width=12) (actual rows=25000 loops=100000)
              Index Cond: ((gender = a.gender) AND (day <= a.day))
              Buffers: shared hit=2504347053
Planning:
  Buffers: shared hit=2
Planning Time: 0.180 ms
JIT:
  Functions: 9
  Options: Inlining true, Optimization true, Expressions true, Deforming true
Execution Time: 1226379.588 ms",1227742.851,62537514.61,100000,"GroupAggregate  (cost=0.58..62537514.61 rows=50368 width=16) (actual rows=100000 loops=1)
  Group Key: a.gender, a.day
  Buffers: shared hit=2504347383
  ->  Nested Loop Left Join  (cost=0.58..50036938.29 rows=1666676352 width=12) (actual rows=2500050000 loops=1)
        Buffers: shared hit=2504347383
        ->  Index Only Scan using scores_pkey on scores a  (cost=0.29..2820.29 rows=100000 width=8) (actual rows=100000 loops=1)
              Heap Fetches: 107
              Buffers: shared hit=330
        ->  Index Scan using scores_pkey on scores b  (cost=0.29..333.67 rows=16667 width=12) (actual rows=25000 loops=100000)
              Index Cond: ((gender = a.gender) AND (day <= a.day))
              Buffers: shared hit=2504347053
Planning:
  Buffers: shared hit=2
Planning Time: 0.244 ms
JIT:
  Functions: 9
  Options: Inlining true, Optimization true, Expressions true, Deforming true
Execution Time: 1227742.851 ms",1222799.018,62537514.61,100000,"GroupAggregate  (cost=0.58..62537514.61 rows=50368 width=16) (actual rows=100000 loops=1)
  Group Key: a.gender, a.day
  Buffers: shared hit=2504347383
  ->  Nested Loop Left Join  (cost=0.58..50036938.29 rows=1666676352 width=12) (actual rows=2500050000 loops=1)
        Buffers: shared hit=2504347383
        ->  Index Only Scan using scores_pkey on scores a  (cost=0.29..2820.29 rows=100000 width=8) (actual rows=100000 loops=1)
              Heap Fetches: 107
              Buffers: shared hit=330
        ->  Index Scan using scores_pkey on scores b  (cost=0.29..333.67 rows=16667 width=12) (actual rows=25000 loops=100000)
              Index Cond: ((gender = a.gender) AND (day <= a.day))
              Buffers: shared hit=2504347053
Planning:
  Buffers: shared hit=2
Planning Time: 0.207 ms
JIT:
  Functions: 9
  Options: Inlining true, Optimization true, Expressions true, Deforming true
Execution Time: 1222799.018 ms",1225404.452,62537514.61,100000,"GroupAggregate  (cost=0.58..62537514.61 rows=50368 width=16) (actual rows=100000 loops=1)
  Group Key: a.gender, a.day
  Buffers: shared hit=2504347383
  ->  Nested Loop Left Join  (cost=0.58..50036938.29 rows=1666676352 width=12) (actual rows=2500050000 loops=1)
        Buffers: shared hit=2504347383
        ->  Index Only Scan using scores_pkey on scores a  (cost=0.29..2820.29 rows=100000 width=8) (actual rows=100000 loops=1)
              Heap Fetches: 107
              Buffers: shared hit=330
        ->  Index Scan using scores_pkey on scores b  (cost=0.29..333.67 rows=16667 width=12) (actual rows=25000 loops=100000)
              Index Cond: ((gender = a.gender) AND (day <= a.day))
              Buffers: shared hit=2504347053
Planning:
  Buffers: shared hit=2
Planning Time: 0.203 ms
JIT:
  Functions: 9
  Options: Inlining true, Optimization true, Expressions true, Deforming true
Execution Time: 1225404.452 ms",1227589.425,1226379.588,1231682.033,1238772.561,62537514.61,62537514.61,100000,100000,100000,100000,normal,normal,23429750.486131176,2.552114300000001,equal variances,significant,0.003968253968253968,-1227489.9796,-1226279.825,-62530656.07,0,True
799,1308,14,Medium,"SELECT p.gender AS gender, p.day AS day, SUM(p.score_points) OVER ( PARTITION BY p.gender ORDER BY p.day ASC ) AS total from schema_1308.scores AS p",94.464,6858.54,100000,"WindowAgg  (cost=0.29..6858.54 rows=100000 width=16) (actual rows=100000 loops=1)
  Buffers: shared hit=100186
  ->  Index Scan using scores_pkey on scores p  (cost=0.29..5108.54 rows=100000 width=12) (actual rows=100000 loops=1)
        Buffers: shared hit=100186
Planning Time: 0.045 ms
Execution Time: 94.464 ms",100.033,6858.54,100000,"WindowAgg  (cost=0.29..6858.54 rows=100000 width=16) (actual rows=100000 loops=1)
  Buffers: shared hit=100186
  ->  Index Scan using scores_pkey on scores p  (cost=0.29..5108.54 rows=100000 width=12) (actual rows=100000 loops=1)
        Buffers: shared hit=100186
Planning Time: 0.092 ms
Execution Time: 100.033 ms",100.729,6858.54,100000,"WindowAgg  (cost=0.29..6858.54 rows=100000 width=16) (actual rows=100000 loops=1)
  Buffers: shared hit=100186
  ->  Index Scan using scores_pkey on scores p  (cost=0.29..5108.54 rows=100000 width=12) (actual rows=100000 loops=1)
        Buffers: shared hit=100186
Planning Time: 0.057 ms
Execution Time: 100.729 ms",103.824,6858.54,100000,"WindowAgg  (cost=0.29..6858.54 rows=100000 width=16) (actual rows=100000 loops=1)
  Buffers: shared hit=100186
  ->  Index Scan using scores_pkey on scores p  (cost=0.29..5108.54 rows=100000 width=12) (actual rows=100000 loops=1)
        Buffers: shared hit=100186
Planning Time: 0.062 ms
Execution Time: 103.824 ms",102.139,6858.54,100000,"WindowAgg  (cost=0.29..6858.54 rows=100000 width=16) (actual rows=100000 loops=1)
  Buffers: shared hit=100186
  ->  Index Scan using scores_pkey on scores p  (cost=0.29..5108.54 rows=100000 width=12) (actual rows=100000 loops=1)
        Buffers: shared hit=100186
Planning Time: 0.063 ms
Execution Time: 102.139 ms",100.2378,100.729,102.9815,104.498,6858.54,6858.54,100000,100000,100000,100000,1308_14,799,1308,14,Medium,"select c.gender, c.day, sum(p.score_points) as total from schema_1308.scores as c left outer join schema_1308.scores as p on (c.gender = p.gender and c.day >= p.day) group by c.gender, c.day order by c.gender, c.day",1225640.085,62537514.61,100000,"GroupAggregate  (cost=0.58..62537514.61 rows=50368 width=16) (actual rows=100000 loops=1)
  Group Key: c.gender, c.day
  Buffers: shared hit=2504347383
  ->  Nested Loop Left Join  (cost=0.58..50036938.29 rows=1666676352 width=12) (actual rows=2500050000 loops=1)
        Buffers: shared hit=2504347383
        ->  Index Only Scan using scores_pkey on scores c  (cost=0.29..2820.29 rows=100000 width=8) (actual rows=100000 loops=1)
              Heap Fetches: 107
              Buffers: shared hit=330
        ->  Index Scan using scores_pkey on scores p  (cost=0.29..333.67 rows=16667 width=12) (actual rows=25000 loops=100000)
              Index Cond: ((gender = c.gender) AND (day <= c.day))
              Buffers: shared hit=2504347053
Planning:
  Buffers: shared hit=2
Planning Time: 0.208 ms
JIT:
  Functions: 9
  Options: Inlining true, Optimization true, Expressions true, Deforming true
Execution Time: 1225640.085 ms",1225486.125,62537514.61,100000,"GroupAggregate  (cost=0.58..62537514.61 rows=50368 width=16) (actual rows=100000 loops=1)
  Group Key: c.gender, c.day
  Buffers: shared hit=2504347383
  ->  Nested Loop Left Join  (cost=0.58..50036938.29 rows=1666676352 width=12) (actual rows=2500050000 loops=1)
        Buffers: shared hit=2504347383
        ->  Index Only Scan using scores_pkey on scores c  (cost=0.29..2820.29 rows=100000 width=8) (actual rows=100000 loops=1)
              Heap Fetches: 107
              Buffers: shared hit=330
        ->  Index Scan using scores_pkey on scores p  (cost=0.29..333.67 rows=16667 width=12) (actual rows=25000 loops=100000)
              Index Cond: ((gender = c.gender) AND (day <= c.day))
              Buffers: shared hit=2504347053
Planning:
  Buffers: shared hit=2
Planning Time: 0.252 ms
JIT:
  Functions: 9
  Options: Inlining true, Optimization true, Expressions true, Deforming true
Execution Time: 1225486.125 ms",1233122.974,62537514.61,100000,"GroupAggregate  (cost=0.58..62537514.61 rows=50368 width=16) (actual rows=100000 loops=1)
  Group Key: c.gender, c.day
  Buffers: shared hit=2504347383
  ->  Nested Loop Left Join  (cost=0.58..50036938.29 rows=1666676352 width=12) (actual rows=2500050000 loops=1)
        Buffers: shared hit=2504347383
        ->  Index Only Scan using scores_pkey on scores c  (cost=0.29..2820.29 rows=100000 width=8) (actual rows=100000 loops=1)
              Heap Fetches: 107
              Buffers: shared hit=330
        ->  Index Scan using scores_pkey on scores p  (cost=0.29..333.67 rows=16667 width=12) (actual rows=25000 loops=100000)
              Index Cond: ((gender = c.gender) AND (day <= c.day))
              Buffers: shared hit=2504347053
Planning:
  Buffers: shared hit=2
Planning Time: 0.200 ms
JIT:
  Functions: 9
  Options: Inlining true, Optimization true, Expressions true, Deforming true
Execution Time: 1233122.974 ms",1219662.973,62537514.61,100000,"GroupAggregate  (cost=0.58..62537514.61 rows=50368 width=16) (actual rows=100000 loops=1)
  Group Key: c.gender, c.day
  Buffers: shared hit=2504347383
  ->  Nested Loop Left Join  (cost=0.58..50036938.29 rows=1666676352 width=12) (actual rows=2500050000 loops=1)
        Buffers: shared hit=2504347383
        ->  Index Only Scan using scores_pkey on scores c  (cost=0.29..2820.29 rows=100000 width=8) (actual rows=100000 loops=1)
              Heap Fetches: 107
              Buffers: shared hit=330
        ->  Index Scan using scores_pkey on scores p  (cost=0.29..333.67 rows=16667 width=12) (actual rows=25000 loops=100000)
              Index Cond: ((gender = c.gender) AND (day <= c.day))
              Buffers: shared hit=2504347053
Planning:
  Buffers: shared hit=2
Planning Time: 0.231 ms
JIT:
  Functions: 9
  Options: Inlining true, Optimization true, Expressions true, Deforming true
Execution Time: 1219662.973 ms",1221592.387,62537514.61,100000,"GroupAggregate  (cost=0.58..62537514.61 rows=50368 width=16) (actual rows=100000 loops=1)
  Group Key: c.gender, c.day
  Buffers: shared hit=2504347383
  ->  Nested Loop Left Join  (cost=0.58..50036938.29 rows=1666676352 width=12) (actual rows=2500050000 loops=1)
        Buffers: shared hit=2504347383
        ->  Index Only Scan using scores_pkey on scores c  (cost=0.29..2820.29 rows=100000 width=8) (actual rows=100000 loops=1)
              Heap Fetches: 107
              Buffers: shared hit=330
        ->  Index Scan using scores_pkey on scores p  (cost=0.29..333.67 rows=16667 width=12) (actual rows=25000 loops=100000)
              Index Cond: ((gender = c.gender) AND (day <= c.day))
              Buffers: shared hit=2504347053
Planning:
  Buffers: shared hit=2
Planning Time: 0.203 ms
JIT:
  Functions: 9
  Options: Inlining true, Optimization true, Expressions true, Deforming true
Execution Time: 1221592.387 ms",1225100.909,1225486.125,1229381.53,1236116.13,62537514.61,62537514.61,100000,100000,100000,100000,normal,normal,26668375.888608728,12.523844699999996,equal variances,significant,0.003968253968253968,-1225000.6712,-1225385.396,-62530656.07,0,True
800,1308,22,Medium,"SELECT T_cte_3.c_gender14 AS gender, T_cte_3.c_day14 AS day, SUM(T_cte_3.c_13) AS total FROM (SELECT SUM(T_scores_0.score_points) OVER ( PARTITION BY T_scores_0.gender ORDER BY T_scores_0.day ASC ) AS c_13, T_scores_0.day AS c_day14, T_scores_0.gender AS c_gender14 from schema_1308.scores AS T_scores_0 GROUP BY T_scores_0.gender,T_scores_0.day) AS T_cte_3 GROUP BY T_cte_3.c_gender14,T_cte_3.c_day14",146.499,7434.38,100000,"GroupAggregate  (cost=0.29..7434.38 rows=5037 width=40) (actual rows=100000 loops=1)
  Group Key: t_scores_0.gender, t_scores_0.day
  Buffers: shared hit=100186
  ->  WindowAgg  (cost=0.29..6489.98 rows=50368 width=16) (actual rows=100000 loops=1)
        Buffers: shared hit=100186
        ->  Group  (cost=0.29..5608.54 rows=50368 width=12) (actual rows=100000 loops=1)
              Group Key: t_scores_0.gender, t_scores_0.day
              Buffers: shared hit=100186
              ->  Index Scan using scores_pkey on scores t_scores_0  (cost=0.29..5108.54 rows=100000 width=12) (actual rows=100000 loops=1)
                    Buffers: shared hit=100186
Planning:
  Buffers: shared hit=3
Planning Time: 0.081 ms
Execution Time: 146.499 ms",147.543,7434.38,100000,"GroupAggregate  (cost=0.29..7434.38 rows=5037 width=40) (actual rows=100000 loops=1)
  Group Key: t_scores_0.gender, t_scores_0.day
  Buffers: shared hit=100186
  ->  WindowAgg  (cost=0.29..6489.98 rows=50368 width=16) (actual rows=100000 loops=1)
        Buffers: shared hit=100186
        ->  Group  (cost=0.29..5608.54 rows=50368 width=12) (actual rows=100000 loops=1)
              Group Key: t_scores_0.gender, t_scores_0.day
              Buffers: shared hit=100186
              ->  Index Scan using scores_pkey on scores t_scores_0  (cost=0.29..5108.54 rows=100000 width=12) (actual rows=100000 loops=1)
                    Buffers: shared hit=100186
Planning:
  Buffers: shared hit=3
Planning Time: 0.137 ms
Execution Time: 147.543 ms",155.129,7434.38,100000,"GroupAggregate  (cost=0.29..7434.38 rows=5037 width=40) (actual rows=100000 loops=1)
  Group Key: t_scores_0.gender, t_scores_0.day
  Buffers: shared hit=100186
  ->  WindowAgg  (cost=0.29..6489.98 rows=50368 width=16) (actual rows=100000 loops=1)
        Buffers: shared hit=100186
        ->  Group  (cost=0.29..5608.54 rows=50368 width=12) (actual rows=100000 loops=1)
              Group Key: t_scores_0.gender, t_scores_0.day
              Buffers: shared hit=100186
              ->  Index Scan using scores_pkey on scores t_scores_0  (cost=0.29..5108.54 rows=100000 width=12) (actual rows=100000 loops=1)
                    Buffers: shared hit=100186
Planning:
  Buffers: shared hit=3
Planning Time: 0.128 ms
Execution Time: 155.129 ms",154.652,7434.38,100000,"GroupAggregate  (cost=0.29..7434.38 rows=5037 width=40) (actual rows=100000 loops=1)
  Group Key: t_scores_0.gender, t_scores_0.day
  Buffers: shared hit=100186
  ->  WindowAgg  (cost=0.29..6489.98 rows=50368 width=16) (actual rows=100000 loops=1)
        Buffers: shared hit=100186
        ->  Group  (cost=0.29..5608.54 rows=50368 width=12) (actual rows=100000 loops=1)
              Group Key: t_scores_0.gender, t_scores_0.day
              Buffers: shared hit=100186
              ->  Index Scan using scores_pkey on scores t_scores_0  (cost=0.29..5108.54 rows=100000 width=12) (actual rows=100000 loops=1)
                    Buffers: shared hit=100186
Planning:
  Buffers: shared hit=3
Planning Time: 0.196 ms
Execution Time: 154.652 ms",154.252,7434.38,100000,"GroupAggregate  (cost=0.29..7434.38 rows=5037 width=40) (actual rows=100000 loops=1)
  Group Key: t_scores_0.gender, t_scores_0.day
  Buffers: shared hit=100186
  ->  WindowAgg  (cost=0.29..6489.98 rows=50368 width=16) (actual rows=100000 loops=1)
        Buffers: shared hit=100186
        ->  Group  (cost=0.29..5608.54 rows=50368 width=12) (actual rows=100000 loops=1)
              Group Key: t_scores_0.gender, t_scores_0.day
              Buffers: shared hit=100186
              ->  Index Scan using scores_pkey on scores t_scores_0  (cost=0.29..5108.54 rows=100000 width=12) (actual rows=100000 loops=1)
                    Buffers: shared hit=100186
Planning:
  Buffers: shared hit=3
Planning Time: 0.190 ms
Execution Time: 154.252 ms",151.615,154.252,154.8905,155.3198,7434.38,7434.38,100000,100000,100000,100000,1308_22,800,1308,22,Medium,"select gender, day, sum(dtotal) over (partition by gender order by day asc rows between unbounded preceding and current row) as total from (select gender, day, sum(score_points) as dtotal from schema_1308.scores group by gender, day) as a order by gender, day",130.546,7747.34,100000,"WindowAgg  (cost=0.29..7747.34 rows=50368 width=40) (actual rows=100000 loops=1)
  Buffers: shared hit=100186
  ->  GroupAggregate  (cost=0.29..6362.22 rows=50368 width=16) (actual rows=100000 loops=1)
        Group Key: scores.gender, scores.day
        Buffers: shared hit=100186
        ->  Index Scan using scores_pkey on scores  (cost=0.29..5108.54 rows=100000 width=12) (actual rows=100000 loops=1)
              Buffers: shared hit=100186
Planning:
  Buffers: shared hit=3
Planning Time: 0.126 ms
Execution Time: 130.546 ms",133.367,7747.34,100000,"WindowAgg  (cost=0.29..7747.34 rows=50368 width=40) (actual rows=100000 loops=1)
  Buffers: shared hit=100186
  ->  GroupAggregate  (cost=0.29..6362.22 rows=50368 width=16) (actual rows=100000 loops=1)
        Group Key: scores.gender, scores.day
        Buffers: shared hit=100186
        ->  Index Scan using scores_pkey on scores  (cost=0.29..5108.54 rows=100000 width=12) (actual rows=100000 loops=1)
              Buffers: shared hit=100186
Planning:
  Buffers: shared hit=3
Planning Time: 0.115 ms
Execution Time: 133.367 ms",130.572,7747.34,100000,"WindowAgg  (cost=0.29..7747.34 rows=50368 width=40) (actual rows=100000 loops=1)
  Buffers: shared hit=100186
  ->  GroupAggregate  (cost=0.29..6362.22 rows=50368 width=16) (actual rows=100000 loops=1)
        Group Key: scores.gender, scores.day
        Buffers: shared hit=100186
        ->  Index Scan using scores_pkey on scores  (cost=0.29..5108.54 rows=100000 width=12) (actual rows=100000 loops=1)
              Buffers: shared hit=100186
Planning:
  Buffers: shared hit=3
Planning Time: 0.139 ms
Execution Time: 130.572 ms",131.201,7747.34,100000,"WindowAgg  (cost=0.29..7747.34 rows=50368 width=40) (actual rows=100000 loops=1)
  Buffers: shared hit=100186
  ->  GroupAggregate  (cost=0.29..6362.22 rows=50368 width=16) (actual rows=100000 loops=1)
        Group Key: scores.gender, scores.day
        Buffers: shared hit=100186
        ->  Index Scan using scores_pkey on scores  (cost=0.29..5108.54 rows=100000 width=12) (actual rows=100000 loops=1)
              Buffers: shared hit=100186
Planning:
  Buffers: shared hit=3
Planning Time: 0.117 ms
Execution Time: 131.201 ms",130.609,7747.34,100000,"WindowAgg  (cost=0.29..7747.34 rows=50368 width=40) (actual rows=100000 loops=1)
  Buffers: shared hit=100186
  ->  GroupAggregate  (cost=0.29..6362.22 rows=50368 width=16) (actual rows=100000 loops=1)
        Group Key: scores.gender, scores.day
        Buffers: shared hit=100186
        ->  Index Scan using scores_pkey on scores  (cost=0.29..5108.54 rows=100000 width=12) (actual rows=100000 loops=1)
              Buffers: shared hit=100186
Planning:
  Buffers: shared hit=3
Planning Time: 0.122 ms
Execution Time: 130.609 ms",131.259,130.609,132.284,134.2334,7747.34,7747.34,100000,100000,100000,100000,not normal,normal,1.4624664999999888,17.819993499999978,equal variances,not significant,1.0,20.356000000000023,23.643,-312.96000000000004,0,True
801,1308,23,Medium,"SELECT T_cte_1.c_gender17 AS gender, T_cte_1.c_day17 AS day, SUM(T_cte_1.c_16) AS total FROM (SELECT SUM(T_scores_0.score_points) OVER ( PARTITION BY T_scores_0.gender ORDER BY T_scores_0.day ASC ) AS c_16, T_scores_0.gender AS c_gender17, T_scores_0.day AS c_day17 from schema_1308.scores AS T_scores_0 GROUP BY T_scores_0.gender,T_scores_0.day) AS T_cte_1 GROUP BY T_cte_1.c_gender17,T_cte_1.c_day17",154.418,7434.38,100000,"GroupAggregate  (cost=0.29..7434.38 rows=5037 width=40) (actual rows=100000 loops=1)
  Group Key: t_scores_0.gender, t_scores_0.day
  Buffers: shared hit=100186
  ->  WindowAgg  (cost=0.29..6489.98 rows=50368 width=16) (actual rows=100000 loops=1)
        Buffers: shared hit=100186
        ->  Group  (cost=0.29..5608.54 rows=50368 width=12) (actual rows=100000 loops=1)
              Group Key: t_scores_0.gender, t_scores_0.day
              Buffers: shared hit=100186
              ->  Index Scan using scores_pkey on scores t_scores_0  (cost=0.29..5108.54 rows=100000 width=12) (actual rows=100000 loops=1)
                    Buffers: shared hit=100186
Planning:
  Buffers: shared hit=3
Planning Time: 0.080 ms
Execution Time: 154.418 ms",153.307,7434.38,100000,"GroupAggregate  (cost=0.29..7434.38 rows=5037 width=40) (actual rows=100000 loops=1)
  Group Key: t_scores_0.gender, t_scores_0.day
  Buffers: shared hit=100186
  ->  WindowAgg  (cost=0.29..6489.98 rows=50368 width=16) (actual rows=100000 loops=1)
        Buffers: shared hit=100186
        ->  Group  (cost=0.29..5608.54 rows=50368 width=12) (actual rows=100000 loops=1)
              Group Key: t_scores_0.gender, t_scores_0.day
              Buffers: shared hit=100186
              ->  Index Scan using scores_pkey on scores t_scores_0  (cost=0.29..5108.54 rows=100000 width=12) (actual rows=100000 loops=1)
                    Buffers: shared hit=100186
Planning:
  Buffers: shared hit=3
Planning Time: 0.146 ms
Execution Time: 153.307 ms",155.488,7434.38,100000,"GroupAggregate  (cost=0.29..7434.38 rows=5037 width=40) (actual rows=100000 loops=1)
  Group Key: t_scores_0.gender, t_scores_0.day
  Buffers: shared hit=100186
  ->  WindowAgg  (cost=0.29..6489.98 rows=50368 width=16) (actual rows=100000 loops=1)
        Buffers: shared hit=100186
        ->  Group  (cost=0.29..5608.54 rows=50368 width=12) (actual rows=100000 loops=1)
              Group Key: t_scores_0.gender, t_scores_0.day
              Buffers: shared hit=100186
              ->  Index Scan using scores_pkey on scores t_scores_0  (cost=0.29..5108.54 rows=100000 width=12) (actual rows=100000 loops=1)
                    Buffers: shared hit=100186
Planning:
  Buffers: shared hit=3
Planning Time: 0.128 ms
Execution Time: 155.488 ms",149.747,7434.38,100000,"GroupAggregate  (cost=0.29..7434.38 rows=5037 width=40) (actual rows=100000 loops=1)
  Group Key: t_scores_0.gender, t_scores_0.day
  Buffers: shared hit=100186
  ->  WindowAgg  (cost=0.29..6489.98 rows=50368 width=16) (actual rows=100000 loops=1)
        Buffers: shared hit=100186
        ->  Group  (cost=0.29..5608.54 rows=50368 width=12) (actual rows=100000 loops=1)
              Group Key: t_scores_0.gender, t_scores_0.day
              Buffers: shared hit=100186
              ->  Index Scan using scores_pkey on scores t_scores_0  (cost=0.29..5108.54 rows=100000 width=12) (actual rows=100000 loops=1)
                    Buffers: shared hit=100186
Planning:
  Buffers: shared hit=3
Planning Time: 0.110 ms
Execution Time: 149.747 ms",158.875,7434.38,100000,"GroupAggregate  (cost=0.29..7434.38 rows=5037 width=40) (actual rows=100000 loops=1)
  Group Key: t_scores_0.gender, t_scores_0.day
  Buffers: shared hit=100186
  ->  WindowAgg  (cost=0.29..6489.98 rows=50368 width=16) (actual rows=100000 loops=1)
        Buffers: shared hit=100186
        ->  Group  (cost=0.29..5608.54 rows=50368 width=12) (actual rows=100000 loops=1)
              Group Key: t_scores_0.gender, t_scores_0.day
              Buffers: shared hit=100186
              ->  Index Scan using scores_pkey on scores t_scores_0  (cost=0.29..5108.54 rows=100000 width=12) (actual rows=100000 loops=1)
                    Buffers: shared hit=100186
Planning:
  Buffers: shared hit=3
Planning Time: 0.116 ms
Execution Time: 158.875 ms",154.367,154.418,157.1815,160.2298,7434.38,7434.38,100000,100000,100000,100000,1308_23,801,1308,23,Medium,"select gender, day, sum(score) over (partition by gender order by day) as total from (select gender, day, sum(score_points) as score from schema_1308.scores group by gender, day) as t order by gender, day",140.004,7747.34,100000,"WindowAgg  (cost=0.29..7747.34 rows=50368 width=40) (actual rows=100000 loops=1)
  Buffers: shared hit=100186
  ->  GroupAggregate  (cost=0.29..6362.22 rows=50368 width=16) (actual rows=100000 loops=1)
        Group Key: scores.gender, scores.day
        Buffers: shared hit=100186
        ->  Index Scan using scores_pkey on scores  (cost=0.29..5108.54 rows=100000 width=12) (actual rows=100000 loops=1)
              Buffers: shared hit=100186
Planning:
  Buffers: shared hit=3
Planning Time: 0.088 ms
Execution Time: 140.004 ms",146.556,7747.34,100000,"WindowAgg  (cost=0.29..7747.34 rows=50368 width=40) (actual rows=100000 loops=1)
  Buffers: shared hit=100186
  ->  GroupAggregate  (cost=0.29..6362.22 rows=50368 width=16) (actual rows=100000 loops=1)
        Group Key: scores.gender, scores.day
        Buffers: shared hit=100186
        ->  Index Scan using scores_pkey on scores  (cost=0.29..5108.54 rows=100000 width=12) (actual rows=100000 loops=1)
              Buffers: shared hit=100186
Planning:
  Buffers: shared hit=3
Planning Time: 0.123 ms
Execution Time: 146.556 ms",149.575,7747.34,100000,"WindowAgg  (cost=0.29..7747.34 rows=50368 width=40) (actual rows=100000 loops=1)
  Buffers: shared hit=100186
  ->  GroupAggregate  (cost=0.29..6362.22 rows=50368 width=16) (actual rows=100000 loops=1)
        Group Key: scores.gender, scores.day
        Buffers: shared hit=100186
        ->  Index Scan using scores_pkey on scores  (cost=0.29..5108.54 rows=100000 width=12) (actual rows=100000 loops=1)
              Buffers: shared hit=100186
Planning:
  Buffers: shared hit=3
Planning Time: 0.118 ms
Execution Time: 149.575 ms",143.02,7747.34,100000,"WindowAgg  (cost=0.29..7747.34 rows=50368 width=40) (actual rows=100000 loops=1)
  Buffers: shared hit=100186
  ->  GroupAggregate  (cost=0.29..6362.22 rows=50368 width=16) (actual rows=100000 loops=1)
        Group Key: scores.gender, scores.day
        Buffers: shared hit=100186
        ->  Index Scan using scores_pkey on scores  (cost=0.29..5108.54 rows=100000 width=12) (actual rows=100000 loops=1)
              Buffers: shared hit=100186
Planning:
  Buffers: shared hit=3
Planning Time: 0.093 ms
Execution Time: 143.020 ms",151.251,7747.34,100000,"WindowAgg  (cost=0.29..7747.34 rows=50368 width=40) (actual rows=100000 loops=1)
  Buffers: shared hit=100186
  ->  GroupAggregate  (cost=0.29..6362.22 rows=50368 width=16) (actual rows=100000 loops=1)
        Group Key: scores.gender, scores.day
        Buffers: shared hit=100186
        ->  Index Scan using scores_pkey on scores  (cost=0.29..5108.54 rows=100000 width=12) (actual rows=100000 loops=1)
              Buffers: shared hit=100186
Planning:
  Buffers: shared hit=3
Planning Time: 0.136 ms
Execution Time: 151.251 ms",146.0812,146.556,150.413,151.9214,7747.34,7747.34,100000,100000,100000,100000,normal,normal,21.36555270000001,11.012326499999974,equal variances,not significant,0.996031746031746,8.285799999999995,7.861999999999995,-312.96000000000004,0,True
803,1308,25,Medium,"SELECT T_scores_0.gender AS gender, T_scores_0.day AS day, SUM(T_scores_0.score_points) OVER ( PARTITION BY T_scores_0.gender ORDER BY T_scores_0.day ASC,T_scores_0.gender ASC ) AS total from schema_1308.scores AS T_scores_0",97.879,7108.54,100000,"WindowAgg  (cost=0.29..7108.54 rows=100000 width=16) (actual rows=100000 loops=1)
  Buffers: shared hit=100186
  ->  Index Scan using scores_pkey on scores t_scores_0  (cost=0.29..5108.54 rows=100000 width=12) (actual rows=100000 loops=1)
        Buffers: shared hit=100186
Planning Time: 0.047 ms
Execution Time: 97.879 ms",105.49,7108.54,100000,"WindowAgg  (cost=0.29..7108.54 rows=100000 width=16) (actual rows=100000 loops=1)
  Buffers: shared hit=100186
  ->  Index Scan using scores_pkey on scores t_scores_0  (cost=0.29..5108.54 rows=100000 width=12) (actual rows=100000 loops=1)
        Buffers: shared hit=100186
Planning Time: 0.068 ms
Execution Time: 105.490 ms",104.76,7108.54,100000,"WindowAgg  (cost=0.29..7108.54 rows=100000 width=16) (actual rows=100000 loops=1)
  Buffers: shared hit=100186
  ->  Index Scan using scores_pkey on scores t_scores_0  (cost=0.29..5108.54 rows=100000 width=12) (actual rows=100000 loops=1)
        Buffers: shared hit=100186
Planning Time: 0.064 ms
Execution Time: 104.760 ms",101.908,7108.54,100000,"WindowAgg  (cost=0.29..7108.54 rows=100000 width=16) (actual rows=100000 loops=1)
  Buffers: shared hit=100186
  ->  Index Scan using scores_pkey on scores t_scores_0  (cost=0.29..5108.54 rows=100000 width=12) (actual rows=100000 loops=1)
        Buffers: shared hit=100186
Planning Time: 0.069 ms
Execution Time: 101.908 ms",105.969,7108.54,100000,"WindowAgg  (cost=0.29..7108.54 rows=100000 width=16) (actual rows=100000 loops=1)
  Buffers: shared hit=100186
  ->  Index Scan using scores_pkey on scores t_scores_0  (cost=0.29..5108.54 rows=100000 width=12) (actual rows=100000 loops=1)
        Buffers: shared hit=100186
Planning Time: 0.069 ms
Execution Time: 105.969 ms",103.2012,104.76,105.7295,106.1606,7108.54,7108.54,100000,100000,100000,100000,1308_25,803,1308,25,Medium,"select gender, day, sum(score_points) over (partition by gender order by gender, day rows between unbounded preceding and current row) as total from schema_1308.scores group by 1, 2",91.2,6615.9,100000,"WindowAgg  (cost=0.29..6615.90 rows=50368 width=16) (actual rows=100000 loops=1)
  Buffers: shared hit=100186
  ->  Group  (cost=0.29..5608.54 rows=50368 width=12) (actual rows=100000 loops=1)
        Group Key: gender, day
        Buffers: shared hit=100186
        ->  Index Scan using scores_pkey on scores  (cost=0.29..5108.54 rows=100000 width=12) (actual rows=100000 loops=1)
              Buffers: shared hit=100186
Planning:
  Buffers: shared hit=3
Planning Time: 0.060 ms
Execution Time: 91.200 ms",97.188,6615.9,100000,"WindowAgg  (cost=0.29..6615.90 rows=50368 width=16) (actual rows=100000 loops=1)
  Buffers: shared hit=100186
  ->  Group  (cost=0.29..5608.54 rows=50368 width=12) (actual rows=100000 loops=1)
        Group Key: gender, day
        Buffers: shared hit=100186
        ->  Index Scan using scores_pkey on scores  (cost=0.29..5108.54 rows=100000 width=12) (actual rows=100000 loops=1)
              Buffers: shared hit=100186
Planning:
  Buffers: shared hit=3
Planning Time: 0.097 ms
Execution Time: 97.188 ms",95.427,6615.9,100000,"WindowAgg  (cost=0.29..6615.90 rows=50368 width=16) (actual rows=100000 loops=1)
  Buffers: shared hit=100186
  ->  Group  (cost=0.29..5608.54 rows=50368 width=12) (actual rows=100000 loops=1)
        Group Key: gender, day
        Buffers: shared hit=100186
        ->  Index Scan using scores_pkey on scores  (cost=0.29..5108.54 rows=100000 width=12) (actual rows=100000 loops=1)
              Buffers: shared hit=100186
Planning:
  Buffers: shared hit=3
Planning Time: 0.096 ms
Execution Time: 95.427 ms",97.32,6615.9,100000,"WindowAgg  (cost=0.29..6615.90 rows=50368 width=16) (actual rows=100000 loops=1)
  Buffers: shared hit=100186
  ->  Group  (cost=0.29..5608.54 rows=50368 width=12) (actual rows=100000 loops=1)
        Group Key: gender, day
        Buffers: shared hit=100186
        ->  Index Scan using scores_pkey on scores  (cost=0.29..5108.54 rows=100000 width=12) (actual rows=100000 loops=1)
              Buffers: shared hit=100186
Planning:
  Buffers: shared hit=3
Planning Time: 0.090 ms
Execution Time: 97.320 ms",97.817,6615.9,100000,"WindowAgg  (cost=0.29..6615.90 rows=50368 width=16) (actual rows=100000 loops=1)
  Buffers: shared hit=100186
  ->  Group  (cost=0.29..5608.54 rows=50368 width=12) (actual rows=100000 loops=1)
        Group Key: gender, day
        Buffers: shared hit=100186
        ->  Index Scan using scores_pkey on scores  (cost=0.29..5108.54 rows=100000 width=12) (actual rows=100000 loops=1)
              Buffers: shared hit=100186
Planning:
  Buffers: shared hit=3
Planning Time: 0.091 ms
Execution Time: 97.817 ms",95.7904,97.188,97.5685,98.0158,6615.9,6615.9,100000,100000,100000,100000,normal,normal,7.400975299999982,11.331839699999975,equal variances,not significant,1.0,7.410799999999995,7.572000000000003,492.6400000000003,0,True
805,1308,30,Medium,"SELECT T_cte_18.c_gender23 AS gender, T_cte_18.c_day23 AS day, SUM(T_cte_18.c_22) AS total FROM (SELECT SUM(T_scores_0.score_points) OVER ( PARTITION BY T_scores_0.gender ORDER BY T_scores_0.day ASC ) AS c_22, T_scores_0.day AS c_day23, T_scores_0.gender AS c_gender23 from schema_1308.scores AS T_scores_0 GROUP BY T_scores_0.day,T_scores_0.gender) AS T_cte_18 GROUP BY T_cte_18.c_day23,T_cte_18.c_gender23",256.857,8527.24,100000,"HashAggregate  (cost=8464.28..8527.24 rows=5037 width=40) (actual rows=100000 loops=1)
  Group Key: t_scores_0.day, t_scores_0.gender
  Batches: 21  Memory Usage: 4153kB  Disk Usage: 3584kB
  Buffers: shared hit=638, temp read=900 written=1416
  ->  WindowAgg  (cost=6575.48..7582.84 rows=50368 width=16) (actual rows=100000 loops=1)
        Buffers: shared hit=638, temp read=471 written=636
        ->  Sort  (cost=6575.48..6701.40 rows=50368 width=12) (actual rows=100000 loops=1)
              Sort Key: t_scores_0.gender, t_scores_0.day
              Sort Method: external merge  Disk: 2160kB
              Buffers: shared hit=638, temp read=471 written=636
              ->  HashAggregate  (cost=2138.00..2641.68 rows=50368 width=12) (actual rows=100000 loops=1)
                    Group Key: t_scores_0.day, t_scores_0.gender
                    Batches: 5  Memory Usage: 4145kB  Disk Usage: 1736kB
                    Buffers: shared hit=638, temp read=201 written=365
                    ->  Seq Scan on scores t_scores_0  (cost=0.00..1638.00 rows=100000 width=12) (actual rows=100000 loops=1)
                          Buffers: shared hit=638
Planning:
  Buffers: shared hit=3
Planning Time: 0.114 ms
Execution Time: 256.857 ms",262.762,8527.24,100000,"HashAggregate  (cost=8464.28..8527.24 rows=5037 width=40) (actual rows=100000 loops=1)
  Group Key: t_scores_0.day, t_scores_0.gender
  Batches: 21  Memory Usage: 4153kB  Disk Usage: 3584kB
  Buffers: shared hit=638, temp read=900 written=1416
  ->  WindowAgg  (cost=6575.48..7582.84 rows=50368 width=16) (actual rows=100000 loops=1)
        Buffers: shared hit=638, temp read=471 written=636
        ->  Sort  (cost=6575.48..6701.40 rows=50368 width=12) (actual rows=100000 loops=1)
              Sort Key: t_scores_0.gender, t_scores_0.day
              Sort Method: external merge  Disk: 2160kB
              Buffers: shared hit=638, temp read=471 written=636
              ->  HashAggregate  (cost=2138.00..2641.68 rows=50368 width=12) (actual rows=100000 loops=1)
                    Group Key: t_scores_0.day, t_scores_0.gender
                    Batches: 5  Memory Usage: 4145kB  Disk Usage: 1736kB
                    Buffers: shared hit=638, temp read=201 written=365
                    ->  Seq Scan on scores t_scores_0  (cost=0.00..1638.00 rows=100000 width=12) (actual rows=100000 loops=1)
                          Buffers: shared hit=638
Planning:
  Buffers: shared hit=3
Planning Time: 0.190 ms
Execution Time: 262.762 ms",258.969,8527.24,100000,"HashAggregate  (cost=8464.28..8527.24 rows=5037 width=40) (actual rows=100000 loops=1)
  Group Key: t_scores_0.day, t_scores_0.gender
  Batches: 21  Memory Usage: 4153kB  Disk Usage: 3584kB
  Buffers: shared hit=638, temp read=900 written=1416
  ->  WindowAgg  (cost=6575.48..7582.84 rows=50368 width=16) (actual rows=100000 loops=1)
        Buffers: shared hit=638, temp read=471 written=636
        ->  Sort  (cost=6575.48..6701.40 rows=50368 width=12) (actual rows=100000 loops=1)
              Sort Key: t_scores_0.gender, t_scores_0.day
              Sort Method: external merge  Disk: 2160kB
              Buffers: shared hit=638, temp read=471 written=636
              ->  HashAggregate  (cost=2138.00..2641.68 rows=50368 width=12) (actual rows=100000 loops=1)
                    Group Key: t_scores_0.day, t_scores_0.gender
                    Batches: 5  Memory Usage: 4145kB  Disk Usage: 1736kB
                    Buffers: shared hit=638, temp read=201 written=365
                    ->  Seq Scan on scores t_scores_0  (cost=0.00..1638.00 rows=100000 width=12) (actual rows=100000 loops=1)
                          Buffers: shared hit=638
Planning:
  Buffers: shared hit=3
Planning Time: 0.110 ms
Execution Time: 258.969 ms",261.337,8527.24,100000,"HashAggregate  (cost=8464.28..8527.24 rows=5037 width=40) (actual rows=100000 loops=1)
  Group Key: t_scores_0.day, t_scores_0.gender
  Batches: 21  Memory Usage: 4153kB  Disk Usage: 3584kB
  Buffers: shared hit=638, temp read=900 written=1416
  ->  WindowAgg  (cost=6575.48..7582.84 rows=50368 width=16) (actual rows=100000 loops=1)
        Buffers: shared hit=638, temp read=471 written=636
        ->  Sort  (cost=6575.48..6701.40 rows=50368 width=12) (actual rows=100000 loops=1)
              Sort Key: t_scores_0.gender, t_scores_0.day
              Sort Method: external merge  Disk: 2160kB
              Buffers: shared hit=638, temp read=471 written=636
              ->  HashAggregate  (cost=2138.00..2641.68 rows=50368 width=12) (actual rows=100000 loops=1)
                    Group Key: t_scores_0.day, t_scores_0.gender
                    Batches: 5  Memory Usage: 4145kB  Disk Usage: 1736kB
                    Buffers: shared hit=638, temp read=201 written=365
                    ->  Seq Scan on scores t_scores_0  (cost=0.00..1638.00 rows=100000 width=12) (actual rows=100000 loops=1)
                          Buffers: shared hit=638
Planning:
  Buffers: shared hit=3
Planning Time: 0.120 ms
Execution Time: 261.337 ms",263.114,8527.24,100000,"HashAggregate  (cost=8464.28..8527.24 rows=5037 width=40) (actual rows=100000 loops=1)
  Group Key: t_scores_0.day, t_scores_0.gender
  Batches: 21  Memory Usage: 4153kB  Disk Usage: 3584kB
  Buffers: shared hit=638, temp read=900 written=1416
  ->  WindowAgg  (cost=6575.48..7582.84 rows=50368 width=16) (actual rows=100000 loops=1)
        Buffers: shared hit=638, temp read=471 written=636
        ->  Sort  (cost=6575.48..6701.40 rows=50368 width=12) (actual rows=100000 loops=1)
              Sort Key: t_scores_0.gender, t_scores_0.day
              Sort Method: external merge  Disk: 2160kB
              Buffers: shared hit=638, temp read=471 written=636
              ->  HashAggregate  (cost=2138.00..2641.68 rows=50368 width=12) (actual rows=100000 loops=1)
                    Group Key: t_scores_0.day, t_scores_0.gender
                    Batches: 5  Memory Usage: 4145kB  Disk Usage: 1736kB
                    Buffers: shared hit=638, temp read=201 written=365
                    ->  Seq Scan on scores t_scores_0  (cost=0.00..1638.00 rows=100000 width=12) (actual rows=100000 loops=1)
                          Buffers: shared hit=638
Planning:
  Buffers: shared hit=3
Planning Time: 0.121 ms
Execution Time: 263.114 ms",260.6078,261.337,262.938,263.2548,8527.24,8527.24,100000,100000,100000,100000,1308_30,805,1308,30,Medium,"select gender, day, sum(score_points) over (partition by gender order by day asc rows between unbounded preceding and current row) as total from (select day, gender, sum(score_points) as score_points from schema_1308.scores group by day, gender) as sub order by gender, day asc",192.66,15219.33,100000,"WindowAgg  (cost=14211.97..15219.33 rows=50368 width=40) (actual rows=100000 loops=1)
  Buffers: shared hit=638, temp read=597 written=950
  ->  Sort  (cost=14211.97..14337.89 rows=50368 width=16) (actual rows=100000 loops=1)
        Sort Key: sub.gender, sub.day
        Sort Method: external merge  Disk: 2552kB
        Buffers: shared hit=638, temp read=597 written=950
        ->  Subquery Scan on sub  (cost=8294.25..10278.17 rows=50368 width=16) (actual rows=100000 loops=1)
              Buffers: shared hit=638, temp read=278 written=630
              ->  HashAggregate  (cost=8294.25..9774.49 rows=50368 width=16) (actual rows=100000 loops=1)
                    Group Key: scores.day, scores.gender
                    Batches: 5  Memory Usage: 4145kB  Disk Usage: 3432kB
                    Buffers: shared hit=638, temp read=278 written=630
                    ->  Seq Scan on scores  (cost=0.00..1638.00 rows=100000 width=12) (actual rows=100000 loops=1)
                          Buffers: shared hit=638
Planning:
  Buffers: shared hit=3
Planning Time: 0.085 ms
Execution Time: 192.660 ms",196.702,15219.33,100000,"WindowAgg  (cost=14211.97..15219.33 rows=50368 width=40) (actual rows=100000 loops=1)
  Buffers: shared hit=638, temp read=597 written=950
  ->  Sort  (cost=14211.97..14337.89 rows=50368 width=16) (actual rows=100000 loops=1)
        Sort Key: sub.gender, sub.day
        Sort Method: external merge  Disk: 2552kB
        Buffers: shared hit=638, temp read=597 written=950
        ->  Subquery Scan on sub  (cost=8294.25..10278.17 rows=50368 width=16) (actual rows=100000 loops=1)
              Buffers: shared hit=638, temp read=278 written=630
              ->  HashAggregate  (cost=8294.25..9774.49 rows=50368 width=16) (actual rows=100000 loops=1)
                    Group Key: scores.day, scores.gender
                    Batches: 5  Memory Usage: 4145kB  Disk Usage: 3432kB
                    Buffers: shared hit=638, temp read=278 written=630
                    ->  Seq Scan on scores  (cost=0.00..1638.00 rows=100000 width=12) (actual rows=100000 loops=1)
                          Buffers: shared hit=638
Planning:
  Buffers: shared hit=3
Planning Time: 0.187 ms
Execution Time: 196.702 ms",200.464,15219.33,100000,"WindowAgg  (cost=14211.97..15219.33 rows=50368 width=40) (actual rows=100000 loops=1)
  Buffers: shared hit=638, temp read=597 written=950
  ->  Sort  (cost=14211.97..14337.89 rows=50368 width=16) (actual rows=100000 loops=1)
        Sort Key: sub.gender, sub.day
        Sort Method: external merge  Disk: 2552kB
        Buffers: shared hit=638, temp read=597 written=950
        ->  Subquery Scan on sub  (cost=8294.25..10278.17 rows=50368 width=16) (actual rows=100000 loops=1)
              Buffers: shared hit=638, temp read=278 written=630
              ->  HashAggregate  (cost=8294.25..9774.49 rows=50368 width=16) (actual rows=100000 loops=1)
                    Group Key: scores.day, scores.gender
                    Batches: 5  Memory Usage: 4145kB  Disk Usage: 3432kB
                    Buffers: shared hit=638, temp read=278 written=630
                    ->  Seq Scan on scores  (cost=0.00..1638.00 rows=100000 width=12) (actual rows=100000 loops=1)
                          Buffers: shared hit=638
Planning:
  Buffers: shared hit=3
Planning Time: 0.139 ms
Execution Time: 200.464 ms",198.518,15219.33,100000,"WindowAgg  (cost=14211.97..15219.33 rows=50368 width=40) (actual rows=100000 loops=1)
  Buffers: shared hit=638, temp read=597 written=950
  ->  Sort  (cost=14211.97..14337.89 rows=50368 width=16) (actual rows=100000 loops=1)
        Sort Key: sub.gender, sub.day
        Sort Method: external merge  Disk: 2552kB
        Buffers: shared hit=638, temp read=597 written=950
        ->  Subquery Scan on sub  (cost=8294.25..10278.17 rows=50368 width=16) (actual rows=100000 loops=1)
              Buffers: shared hit=638, temp read=278 written=630
              ->  HashAggregate  (cost=8294.25..9774.49 rows=50368 width=16) (actual rows=100000 loops=1)
                    Group Key: scores.day, scores.gender
                    Batches: 5  Memory Usage: 4145kB  Disk Usage: 3432kB
                    Buffers: shared hit=638, temp read=278 written=630
                    ->  Seq Scan on scores  (cost=0.00..1638.00 rows=100000 width=12) (actual rows=100000 loops=1)
                          Buffers: shared hit=638
Planning:
  Buffers: shared hit=3
Planning Time: 0.187 ms
Execution Time: 198.518 ms",197.255,15219.33,100000,"WindowAgg  (cost=14211.97..15219.33 rows=50368 width=40) (actual rows=100000 loops=1)
  Buffers: shared hit=638, temp read=597 written=950
  ->  Sort  (cost=14211.97..14337.89 rows=50368 width=16) (actual rows=100000 loops=1)
        Sort Key: sub.gender, sub.day
        Sort Method: external merge  Disk: 2552kB
        Buffers: shared hit=638, temp read=597 written=950
        ->  Subquery Scan on sub  (cost=8294.25..10278.17 rows=50368 width=16) (actual rows=100000 loops=1)
              Buffers: shared hit=638, temp read=278 written=630
              ->  HashAggregate  (cost=8294.25..9774.49 rows=50368 width=16) (actual rows=100000 loops=1)
                    Group Key: scores.day, scores.gender
                    Batches: 5  Memory Usage: 4145kB  Disk Usage: 3432kB
                    Buffers: shared hit=638, temp read=278 written=630
                    ->  Seq Scan on scores  (cost=0.00..1638.00 rows=100000 width=12) (actual rows=100000 loops=1)
                          Buffers: shared hit=638
Planning:
  Buffers: shared hit=3
Planning Time: 0.128 ms
Execution Time: 197.255 ms",197.1198,197.255,199.491,201.2424,15219.33,15219.33,100000,100000,100000,100000,normal,normal,8.305322200000004,7.05187869999992,equal variances,not significant,1.0,63.488,64.082,-6692.09,0,True
807,1308,33,Medium,"SELECT T_scores_0.gender AS gender, T_scores_0.day AS day, SUM(T_scores_0.score_points) OVER ( PARTITION BY T_scores_0.gender ORDER BY T_scores_0.day ASC ) AS total from schema_1308.scores AS T_scores_0",95.53,6858.54,100000,"WindowAgg  (cost=0.29..6858.54 rows=100000 width=16) (actual rows=100000 loops=1)
  Buffers: shared hit=100186
  ->  Index Scan using scores_pkey on scores t_scores_0  (cost=0.29..5108.54 rows=100000 width=12) (actual rows=100000 loops=1)
        Buffers: shared hit=100186
Planning Time: 0.047 ms
Execution Time: 95.530 ms",102.391,6858.54,100000,"WindowAgg  (cost=0.29..6858.54 rows=100000 width=16) (actual rows=100000 loops=1)
  Buffers: shared hit=100186
  ->  Index Scan using scores_pkey on scores t_scores_0  (cost=0.29..5108.54 rows=100000 width=12) (actual rows=100000 loops=1)
        Buffers: shared hit=100186
Planning Time: 0.063 ms
Execution Time: 102.391 ms",99.163,6858.54,100000,"WindowAgg  (cost=0.29..6858.54 rows=100000 width=16) (actual rows=100000 loops=1)
  Buffers: shared hit=100186
  ->  Index Scan using scores_pkey on scores t_scores_0  (cost=0.29..5108.54 rows=100000 width=12) (actual rows=100000 loops=1)
        Buffers: shared hit=100186
Planning Time: 0.072 ms
Execution Time: 99.163 ms",99.547,6858.54,100000,"WindowAgg  (cost=0.29..6858.54 rows=100000 width=16) (actual rows=100000 loops=1)
  Buffers: shared hit=100186
  ->  Index Scan using scores_pkey on scores t_scores_0  (cost=0.29..5108.54 rows=100000 width=12) (actual rows=100000 loops=1)
        Buffers: shared hit=100186
Planning Time: 0.077 ms
Execution Time: 99.547 ms",100.63,6858.54,100000,"WindowAgg  (cost=0.29..6858.54 rows=100000 width=16) (actual rows=100000 loops=1)
  Buffers: shared hit=100186
  ->  Index Scan using scores_pkey on scores t_scores_0  (cost=0.29..5108.54 rows=100000 width=12) (actual rows=100000 loops=1)
        Buffers: shared hit=100186
Planning Time: 0.062 ms
Execution Time: 100.630 ms",99.4522,99.547,101.5105,103.0954,6858.54,6858.54,100000,100000,100000,100000,1308_33,807,1308,33,Medium,"select gender, day, sum(score_points) over (partition by gender order by day asc) as total from schema_1308.scores group by gender, day order by gender, day",105.901,6489.98,100000,"WindowAgg  (cost=0.29..6489.98 rows=50368 width=16) (actual rows=100000 loops=1)
  Buffers: shared hit=100186
  ->  Group  (cost=0.29..5608.54 rows=50368 width=12) (actual rows=100000 loops=1)
        Group Key: gender, day
        Buffers: shared hit=100186
        ->  Index Scan using scores_pkey on scores  (cost=0.29..5108.54 rows=100000 width=12) (actual rows=100000 loops=1)
              Buffers: shared hit=100186
Planning:
  Buffers: shared hit=3
Planning Time: 0.109 ms
Execution Time: 105.901 ms",107.69,6489.98,100000,"WindowAgg  (cost=0.29..6489.98 rows=50368 width=16) (actual rows=100000 loops=1)
  Buffers: shared hit=100186
  ->  Group  (cost=0.29..5608.54 rows=50368 width=12) (actual rows=100000 loops=1)
        Group Key: gender, day
        Buffers: shared hit=100186
        ->  Index Scan using scores_pkey on scores  (cost=0.29..5108.54 rows=100000 width=12) (actual rows=100000 loops=1)
              Buffers: shared hit=100186
Planning:
  Buffers: shared hit=3
Planning Time: 0.131 ms
Execution Time: 107.690 ms",109.594,6489.98,100000,"WindowAgg  (cost=0.29..6489.98 rows=50368 width=16) (actual rows=100000 loops=1)
  Buffers: shared hit=100186
  ->  Group  (cost=0.29..5608.54 rows=50368 width=12) (actual rows=100000 loops=1)
        Group Key: gender, day
        Buffers: shared hit=100186
        ->  Index Scan using scores_pkey on scores  (cost=0.29..5108.54 rows=100000 width=12) (actual rows=100000 loops=1)
              Buffers: shared hit=100186
Planning:
  Buffers: shared hit=3
Planning Time: 0.098 ms
Execution Time: 109.594 ms",120.337,6489.98,100000,"WindowAgg  (cost=0.29..6489.98 rows=50368 width=16) (actual rows=100000 loops=1)
  Buffers: shared hit=100186
  ->  Group  (cost=0.29..5608.54 rows=50368 width=12) (actual rows=100000 loops=1)
        Group Key: gender, day
        Buffers: shared hit=100186
        ->  Index Scan using scores_pkey on scores  (cost=0.29..5108.54 rows=100000 width=12) (actual rows=100000 loops=1)
              Buffers: shared hit=100186
Planning:
  Buffers: shared hit=3
Planning Time: 0.098 ms
Execution Time: 120.337 ms",109.474,6489.98,100000,"WindowAgg  (cost=0.29..6489.98 rows=50368 width=16) (actual rows=100000 loops=1)
  Buffers: shared hit=100186
  ->  Group  (cost=0.29..5608.54 rows=50368 width=12) (actual rows=100000 loops=1)
        Group Key: gender, day
        Buffers: shared hit=100186
        ->  Index Scan using scores_pkey on scores  (cost=0.29..5108.54 rows=100000 width=12) (actual rows=100000 loops=1)
              Buffers: shared hit=100186
Planning:
  Buffers: shared hit=3
Planning Time: 0.084 ms
Execution Time: 109.474 ms",110.5992,109.474,114.9655,124.6342,6489.98,6489.98,100000,100000,100000,100000,normal,normal,31.90944470000003,6.375008700000003,equal variances,significant,0.003968253968253968,-11.146999999999991,-9.927000000000007,368.5600000000004,0,True
808,1308,35,Medium,"SELECT T_scores_0.gender AS gender, T_scores_0.day AS day, SUM(T_scores_0.score_points) OVER ( PARTITION BY T_scores_0.gender ORDER BY T_scores_0.day ASC ) AS total from schema_1308.scores AS T_scores_0",96.268,6858.54,100000,"WindowAgg  (cost=0.29..6858.54 rows=100000 width=16) (actual rows=100000 loops=1)
  Buffers: shared hit=100186
  ->  Index Scan using scores_pkey on scores t_scores_0  (cost=0.29..5108.54 rows=100000 width=12) (actual rows=100000 loops=1)
        Buffers: shared hit=100186
Planning Time: 0.063 ms
Execution Time: 96.268 ms",103.24,6858.54,100000,"WindowAgg  (cost=0.29..6858.54 rows=100000 width=16) (actual rows=100000 loops=1)
  Buffers: shared hit=100186
  ->  Index Scan using scores_pkey on scores t_scores_0  (cost=0.29..5108.54 rows=100000 width=12) (actual rows=100000 loops=1)
        Buffers: shared hit=100186
Planning Time: 0.070 ms
Execution Time: 103.240 ms",102.554,6858.54,100000,"WindowAgg  (cost=0.29..6858.54 rows=100000 width=16) (actual rows=100000 loops=1)
  Buffers: shared hit=100186
  ->  Index Scan using scores_pkey on scores t_scores_0  (cost=0.29..5108.54 rows=100000 width=12) (actual rows=100000 loops=1)
        Buffers: shared hit=100186
Planning Time: 0.075 ms
Execution Time: 102.554 ms",100.64,6858.54,100000,"WindowAgg  (cost=0.29..6858.54 rows=100000 width=16) (actual rows=100000 loops=1)
  Buffers: shared hit=100186
  ->  Index Scan using scores_pkey on scores t_scores_0  (cost=0.29..5108.54 rows=100000 width=12) (actual rows=100000 loops=1)
        Buffers: shared hit=100186
Planning Time: 0.067 ms
Execution Time: 100.640 ms",102.131,6858.54,100000,"WindowAgg  (cost=0.29..6858.54 rows=100000 width=16) (actual rows=100000 loops=1)
  Buffers: shared hit=100186
  ->  Index Scan using scores_pkey on scores t_scores_0  (cost=0.29..5108.54 rows=100000 width=12) (actual rows=100000 loops=1)
        Buffers: shared hit=100186
Planning Time: 0.059 ms
Execution Time: 102.131 ms",100.9666,102.131,102.897,103.5144,6858.54,6858.54,100000,100000,100000,100000,1308_35,808,1308,35,Medium,"select gender, day, sum(score_points) over (partition by gender order by day) as total from schema_1308.scores group by gender, day",102.455,6489.98,100000,"WindowAgg  (cost=0.29..6489.98 rows=50368 width=16) (actual rows=100000 loops=1)
  Buffers: shared hit=100186
  ->  Group  (cost=0.29..5608.54 rows=50368 width=12) (actual rows=100000 loops=1)
        Group Key: gender, day
        Buffers: shared hit=100186
        ->  Index Scan using scores_pkey on scores  (cost=0.29..5108.54 rows=100000 width=12) (actual rows=100000 loops=1)
              Buffers: shared hit=100186
Planning:
  Buffers: shared hit=3
Planning Time: 0.084 ms
Execution Time: 102.455 ms",110.373,6489.98,100000,"WindowAgg  (cost=0.29..6489.98 rows=50368 width=16) (actual rows=100000 loops=1)
  Buffers: shared hit=100186
  ->  Group  (cost=0.29..5608.54 rows=50368 width=12) (actual rows=100000 loops=1)
        Group Key: gender, day
        Buffers: shared hit=100186
        ->  Index Scan using scores_pkey on scores  (cost=0.29..5108.54 rows=100000 width=12) (actual rows=100000 loops=1)
              Buffers: shared hit=100186
Planning:
  Buffers: shared hit=3
Planning Time: 0.088 ms
Execution Time: 110.373 ms",111.236,6489.98,100000,"WindowAgg  (cost=0.29..6489.98 rows=50368 width=16) (actual rows=100000 loops=1)
  Buffers: shared hit=100186
  ->  Group  (cost=0.29..5608.54 rows=50368 width=12) (actual rows=100000 loops=1)
        Group Key: gender, day
        Buffers: shared hit=100186
        ->  Index Scan using scores_pkey on scores  (cost=0.29..5108.54 rows=100000 width=12) (actual rows=100000 loops=1)
              Buffers: shared hit=100186
Planning:
  Buffers: shared hit=3
Planning Time: 0.086 ms
Execution Time: 111.236 ms",108.549,6489.98,100000,"WindowAgg  (cost=0.29..6489.98 rows=50368 width=16) (actual rows=100000 loops=1)
  Buffers: shared hit=100186
  ->  Group  (cost=0.29..5608.54 rows=50368 width=12) (actual rows=100000 loops=1)
        Group Key: gender, day
        Buffers: shared hit=100186
        ->  Index Scan using scores_pkey on scores  (cost=0.29..5108.54 rows=100000 width=12) (actual rows=100000 loops=1)
              Buffers: shared hit=100186
Planning:
  Buffers: shared hit=3
Planning Time: 0.129 ms
Execution Time: 108.549 ms",109.146,6489.98,100000,"WindowAgg  (cost=0.29..6489.98 rows=50368 width=16) (actual rows=100000 loops=1)
  Buffers: shared hit=100186
  ->  Group  (cost=0.29..5608.54 rows=50368 width=12) (actual rows=100000 loops=1)
        Group Key: gender, day
        Buffers: shared hit=100186
        ->  Index Scan using scores_pkey on scores  (cost=0.29..5108.54 rows=100000 width=12) (actual rows=100000 loops=1)
              Buffers: shared hit=100186
Planning:
  Buffers: shared hit=3
Planning Time: 0.109 ms
Execution Time: 109.146 ms",108.3518,109.146,110.8045,111.5812,6489.98,6489.98,100000,100000,100000,100000,normal,normal,11.961437700000017,7.806880799999994,equal variances,significant,0.015873015873015872,-7.3851999999999975,-7.015000000000001,368.5600000000004,0,True
810,1308,47,Medium,"SELECT T_scores_0.gender AS gender, T_scores_0.day AS day, SUM(T_scores_0.score_points) OVER ( PARTITION BY T_scores_0.gender ORDER BY T_scores_0.day ASC ) AS total from schema_1308.scores AS T_scores_0",94.745,6858.54,100000,"WindowAgg  (cost=0.29..6858.54 rows=100000 width=16) (actual rows=100000 loops=1)
  Buffers: shared hit=100186
  ->  Index Scan using scores_pkey on scores t_scores_0  (cost=0.29..5108.54 rows=100000 width=12) (actual rows=100000 loops=1)
        Buffers: shared hit=100186
Planning Time: 0.056 ms
Execution Time: 94.745 ms",102.929,6858.54,100000,"WindowAgg  (cost=0.29..6858.54 rows=100000 width=16) (actual rows=100000 loops=1)
  Buffers: shared hit=100186
  ->  Index Scan using scores_pkey on scores t_scores_0  (cost=0.29..5108.54 rows=100000 width=12) (actual rows=100000 loops=1)
        Buffers: shared hit=100186
Planning Time: 0.069 ms
Execution Time: 102.929 ms",100.22,6858.54,100000,"WindowAgg  (cost=0.29..6858.54 rows=100000 width=16) (actual rows=100000 loops=1)
  Buffers: shared hit=100186
  ->  Index Scan using scores_pkey on scores t_scores_0  (cost=0.29..5108.54 rows=100000 width=12) (actual rows=100000 loops=1)
        Buffers: shared hit=100186
Planning Time: 0.070 ms
Execution Time: 100.220 ms",102.069,6858.54,100000,"WindowAgg  (cost=0.29..6858.54 rows=100000 width=16) (actual rows=100000 loops=1)
  Buffers: shared hit=100186
  ->  Index Scan using scores_pkey on scores t_scores_0  (cost=0.29..5108.54 rows=100000 width=12) (actual rows=100000 loops=1)
        Buffers: shared hit=100186
Planning Time: 0.063 ms
Execution Time: 102.069 ms",100.249,6858.54,100000,"WindowAgg  (cost=0.29..6858.54 rows=100000 width=16) (actual rows=100000 loops=1)
  Buffers: shared hit=100186
  ->  Index Scan using scores_pkey on scores t_scores_0  (cost=0.29..5108.54 rows=100000 width=12) (actual rows=100000 loops=1)
        Buffers: shared hit=100186
Planning Time: 0.062 ms
Execution Time: 100.249 ms",100.0424,100.249,102.499,103.273,6858.54,6858.54,100000,100000,100000,100000,1308_47,810,1308,47,Medium,"select gender, day, sum(score_points) over (partition by gender order by day rows between unbounded preceding and current row) as total from schema_1308.scores group by gender, day order by gender, day",94.05,6489.98,100000,"WindowAgg  (cost=0.29..6489.98 rows=50368 width=16) (actual rows=100000 loops=1)
  Buffers: shared hit=100186
  ->  Group  (cost=0.29..5608.54 rows=50368 width=12) (actual rows=100000 loops=1)
        Group Key: gender, day
        Buffers: shared hit=100186
        ->  Index Scan using scores_pkey on scores  (cost=0.29..5108.54 rows=100000 width=12) (actual rows=100000 loops=1)
              Buffers: shared hit=100186
Planning:
  Buffers: shared hit=3
Planning Time: 0.085 ms
Execution Time: 94.050 ms",97.266,6489.98,100000,"WindowAgg  (cost=0.29..6489.98 rows=50368 width=16) (actual rows=100000 loops=1)
  Buffers: shared hit=100186
  ->  Group  (cost=0.29..5608.54 rows=50368 width=12) (actual rows=100000 loops=1)
        Group Key: gender, day
        Buffers: shared hit=100186
        ->  Index Scan using scores_pkey on scores  (cost=0.29..5108.54 rows=100000 width=12) (actual rows=100000 loops=1)
              Buffers: shared hit=100186
Planning:
  Buffers: shared hit=3
Planning Time: 0.101 ms
Execution Time: 97.266 ms",97.117,6489.98,100000,"WindowAgg  (cost=0.29..6489.98 rows=50368 width=16) (actual rows=100000 loops=1)
  Buffers: shared hit=100186
  ->  Group  (cost=0.29..5608.54 rows=50368 width=12) (actual rows=100000 loops=1)
        Group Key: gender, day
        Buffers: shared hit=100186
        ->  Index Scan using scores_pkey on scores  (cost=0.29..5108.54 rows=100000 width=12) (actual rows=100000 loops=1)
              Buffers: shared hit=100186
Planning:
  Buffers: shared hit=3
Planning Time: 0.090 ms
Execution Time: 97.117 ms",98.411,6489.98,100000,"WindowAgg  (cost=0.29..6489.98 rows=50368 width=16) (actual rows=100000 loops=1)
  Buffers: shared hit=100186
  ->  Group  (cost=0.29..5608.54 rows=50368 width=12) (actual rows=100000 loops=1)
        Group Key: gender, day
        Buffers: shared hit=100186
        ->  Index Scan using scores_pkey on scores  (cost=0.29..5108.54 rows=100000 width=12) (actual rows=100000 loops=1)
              Buffers: shared hit=100186
Planning:
  Buffers: shared hit=3
Planning Time: 0.087 ms
Execution Time: 98.411 ms",94.925,6489.98,100000,"WindowAgg  (cost=0.29..6489.98 rows=50368 width=16) (actual rows=100000 loops=1)
  Buffers: shared hit=100186
  ->  Group  (cost=0.29..5608.54 rows=50368 width=12) (actual rows=100000 loops=1)
        Group Key: gender, day
        Buffers: shared hit=100186
        ->  Index Scan using scores_pkey on scores  (cost=0.29..5108.54 rows=100000 width=12) (actual rows=100000 loops=1)
              Buffers: shared hit=100186
Planning:
  Buffers: shared hit=3
Planning Time: 0.102 ms
Execution Time: 94.925 ms",96.3538,97.117,97.8385,98.869,6489.98,6489.98,100000,100000,100000,100000,normal,normal,3.248904700000011,10.144059799999992,equal variances,not significant,0.9722222222222222,3.688599999999994,3.131999999999991,368.5600000000004,0,True
811,1308,52,Medium,"SELECT T_scores_0.gender AS gender, T_scores_0.day AS day, SUM(T_scores_0.score_points) OVER ( PARTITION BY T_scores_0.gender ORDER BY T_scores_0.day ASC ) AS total from schema_1308.scores AS T_scores_0",100.564,6858.54,100000,"WindowAgg  (cost=0.29..6858.54 rows=100000 width=16) (actual rows=100000 loops=1)
  Buffers: shared hit=100186
  ->  Index Scan using scores_pkey on scores t_scores_0  (cost=0.29..5108.54 rows=100000 width=12) (actual rows=100000 loops=1)
        Buffers: shared hit=100186
Planning Time: 0.063 ms
Execution Time: 100.564 ms",102.61,6858.54,100000,"WindowAgg  (cost=0.29..6858.54 rows=100000 width=16) (actual rows=100000 loops=1)
  Buffers: shared hit=100186
  ->  Index Scan using scores_pkey on scores t_scores_0  (cost=0.29..5108.54 rows=100000 width=12) (actual rows=100000 loops=1)
        Buffers: shared hit=100186
Planning Time: 0.064 ms
Execution Time: 102.610 ms",101.004,6858.54,100000,"WindowAgg  (cost=0.29..6858.54 rows=100000 width=16) (actual rows=100000 loops=1)
  Buffers: shared hit=100186
  ->  Index Scan using scores_pkey on scores t_scores_0  (cost=0.29..5108.54 rows=100000 width=12) (actual rows=100000 loops=1)
        Buffers: shared hit=100186
Planning Time: 0.062 ms
Execution Time: 101.004 ms",102.133,6858.54,100000,"WindowAgg  (cost=0.29..6858.54 rows=100000 width=16) (actual rows=100000 loops=1)
  Buffers: shared hit=100186
  ->  Index Scan using scores_pkey on scores t_scores_0  (cost=0.29..5108.54 rows=100000 width=12) (actual rows=100000 loops=1)
        Buffers: shared hit=100186
Planning Time: 0.069 ms
Execution Time: 102.133 ms",101.115,6858.54,100000,"WindowAgg  (cost=0.29..6858.54 rows=100000 width=16) (actual rows=100000 loops=1)
  Buffers: shared hit=100186
  ->  Index Scan using scores_pkey on scores t_scores_0  (cost=0.29..5108.54 rows=100000 width=12) (actual rows=100000 loops=1)
        Buffers: shared hit=100186
Planning Time: 0.112 ms
Execution Time: 101.115 ms",101.4852,101.115,102.3715,102.8008,6858.54,6858.54,100000,100000,100000,100000,1308_52,811,1308,52,Medium,"select gender, day, sum(score_points) over (partition by gender order by day asc) as total from schema_1308.scores group by day, gender order by gender, day asc",103.733,6489.98,100000,"WindowAgg  (cost=0.29..6489.98 rows=50368 width=16) (actual rows=100000 loops=1)
  Buffers: shared hit=100186
  ->  Group  (cost=0.29..5608.54 rows=50368 width=12) (actual rows=100000 loops=1)
        Group Key: gender, day
        Buffers: shared hit=100186
        ->  Index Scan using scores_pkey on scores  (cost=0.29..5108.54 rows=100000 width=12) (actual rows=100000 loops=1)
              Buffers: shared hit=100186
Planning:
  Buffers: shared hit=3
Planning Time: 0.060 ms
Execution Time: 103.733 ms",109.626,6489.98,100000,"WindowAgg  (cost=0.29..6489.98 rows=50368 width=16) (actual rows=100000 loops=1)
  Buffers: shared hit=100186
  ->  Group  (cost=0.29..5608.54 rows=50368 width=12) (actual rows=100000 loops=1)
        Group Key: gender, day
        Buffers: shared hit=100186
        ->  Index Scan using scores_pkey on scores  (cost=0.29..5108.54 rows=100000 width=12) (actual rows=100000 loops=1)
              Buffers: shared hit=100186
Planning:
  Buffers: shared hit=3
Planning Time: 0.110 ms
Execution Time: 109.626 ms",112.246,6489.98,100000,"WindowAgg  (cost=0.29..6489.98 rows=50368 width=16) (actual rows=100000 loops=1)
  Buffers: shared hit=100186
  ->  Group  (cost=0.29..5608.54 rows=50368 width=12) (actual rows=100000 loops=1)
        Group Key: gender, day
        Buffers: shared hit=100186
        ->  Index Scan using scores_pkey on scores  (cost=0.29..5108.54 rows=100000 width=12) (actual rows=100000 loops=1)
              Buffers: shared hit=100186
Planning:
  Buffers: shared hit=3
Planning Time: 0.095 ms
Execution Time: 112.246 ms",110.552,6489.98,100000,"WindowAgg  (cost=0.29..6489.98 rows=50368 width=16) (actual rows=100000 loops=1)
  Buffers: shared hit=100186
  ->  Group  (cost=0.29..5608.54 rows=50368 width=12) (actual rows=100000 loops=1)
        Group Key: gender, day
        Buffers: shared hit=100186
        ->  Index Scan using scores_pkey on scores  (cost=0.29..5108.54 rows=100000 width=12) (actual rows=100000 loops=1)
              Buffers: shared hit=100186
Planning:
  Buffers: shared hit=3
Planning Time: 0.091 ms
Execution Time: 110.552 ms",112.134,6489.98,100000,"WindowAgg  (cost=0.29..6489.98 rows=50368 width=16) (actual rows=100000 loops=1)
  Buffers: shared hit=100186
  ->  Group  (cost=0.29..5608.54 rows=50368 width=12) (actual rows=100000 loops=1)
        Group Key: gender, day
        Buffers: shared hit=100186
        ->  Index Scan using scores_pkey on scores  (cost=0.29..5108.54 rows=100000 width=12) (actual rows=100000 loops=1)
              Buffers: shared hit=100186
Planning:
  Buffers: shared hit=3
Planning Time: 0.087 ms
Execution Time: 112.134 ms",109.6582,110.552,112.19,112.2908,6489.98,6489.98,100000,100000,100000,100000,normal,normal,12.183551199999986,0.7255077000000011,equal variances,significant,0.003968253968253968,-8.172999999999988,-9.437000000000012,368.5600000000004,0,True
813,1308,54,Medium,"SELECT T_scores_0.gender AS gender, T_scores_0.day AS day, SUM(T_scores_0.score_points) OVER ( PARTITION BY T_scores_0.gender ORDER BY T_scores_0.day ASC ) AS total from schema_1308.scores AS T_scores_0",94.938,6858.54,100000,"WindowAgg  (cost=0.29..6858.54 rows=100000 width=16) (actual rows=100000 loops=1)
  Buffers: shared hit=100186
  ->  Index Scan using scores_pkey on scores t_scores_0  (cost=0.29..5108.54 rows=100000 width=12) (actual rows=100000 loops=1)
        Buffers: shared hit=100186
Planning Time: 0.059 ms
Execution Time: 94.938 ms",102.319,6858.54,100000,"WindowAgg  (cost=0.29..6858.54 rows=100000 width=16) (actual rows=100000 loops=1)
  Buffers: shared hit=100186
  ->  Index Scan using scores_pkey on scores t_scores_0  (cost=0.29..5108.54 rows=100000 width=12) (actual rows=100000 loops=1)
        Buffers: shared hit=100186
Planning Time: 0.071 ms
Execution Time: 102.319 ms",101.572,6858.54,100000,"WindowAgg  (cost=0.29..6858.54 rows=100000 width=16) (actual rows=100000 loops=1)
  Buffers: shared hit=100186
  ->  Index Scan using scores_pkey on scores t_scores_0  (cost=0.29..5108.54 rows=100000 width=12) (actual rows=100000 loops=1)
        Buffers: shared hit=100186
Planning Time: 0.065 ms
Execution Time: 101.572 ms",100.925,6858.54,100000,"WindowAgg  (cost=0.29..6858.54 rows=100000 width=16) (actual rows=100000 loops=1)
  Buffers: shared hit=100186
  ->  Index Scan using scores_pkey on scores t_scores_0  (cost=0.29..5108.54 rows=100000 width=12) (actual rows=100000 loops=1)
        Buffers: shared hit=100186
Planning Time: 0.066 ms
Execution Time: 100.925 ms",100.991,6858.54,100000,"WindowAgg  (cost=0.29..6858.54 rows=100000 width=16) (actual rows=100000 loops=1)
  Buffers: shared hit=100186
  ->  Index Scan using scores_pkey on scores t_scores_0  (cost=0.29..5108.54 rows=100000 width=12) (actual rows=100000 loops=1)
        Buffers: shared hit=100186
Planning Time: 0.065 ms
Execution Time: 100.991 ms",100.149,100.991,101.9455,102.6178,6858.54,6858.54,100000,100000,100000,100000,1308_54,813,1308,54,Medium,"select gender, day, sum(score_points) over (partition by gender order by day) as total from schema_1308.scores group by 1, 2",103.803,6489.98,100000,"WindowAgg  (cost=0.29..6489.98 rows=50368 width=16) (actual rows=100000 loops=1)
  Buffers: shared hit=100186
  ->  Group  (cost=0.29..5608.54 rows=50368 width=12) (actual rows=100000 loops=1)
        Group Key: gender, day
        Buffers: shared hit=100186
        ->  Index Scan using scores_pkey on scores  (cost=0.29..5108.54 rows=100000 width=12) (actual rows=100000 loops=1)
              Buffers: shared hit=100186
Planning:
  Buffers: shared hit=3
Planning Time: 0.059 ms
Execution Time: 103.803 ms",113.165,6489.98,100000,"WindowAgg  (cost=0.29..6489.98 rows=50368 width=16) (actual rows=100000 loops=1)
  Buffers: shared hit=100186
  ->  Group  (cost=0.29..5608.54 rows=50368 width=12) (actual rows=100000 loops=1)
        Group Key: gender, day
        Buffers: shared hit=100186
        ->  Index Scan using scores_pkey on scores  (cost=0.29..5108.54 rows=100000 width=12) (actual rows=100000 loops=1)
              Buffers: shared hit=100186
Planning:
  Buffers: shared hit=3
Planning Time: 0.092 ms
Execution Time: 113.165 ms",116.762,6489.98,100000,"WindowAgg  (cost=0.29..6489.98 rows=50368 width=16) (actual rows=100000 loops=1)
  Buffers: shared hit=100186
  ->  Group  (cost=0.29..5608.54 rows=50368 width=12) (actual rows=100000 loops=1)
        Group Key: gender, day
        Buffers: shared hit=100186
        ->  Index Scan using scores_pkey on scores  (cost=0.29..5108.54 rows=100000 width=12) (actual rows=100000 loops=1)
              Buffers: shared hit=100186
Planning:
  Buffers: shared hit=3
Planning Time: 0.100 ms
Execution Time: 116.762 ms",109.348,6489.98,100000,"WindowAgg  (cost=0.29..6489.98 rows=50368 width=16) (actual rows=100000 loops=1)
  Buffers: shared hit=100186
  ->  Group  (cost=0.29..5608.54 rows=50368 width=12) (actual rows=100000 loops=1)
        Group Key: gender, day
        Buffers: shared hit=100186
        ->  Index Scan using scores_pkey on scores  (cost=0.29..5108.54 rows=100000 width=12) (actual rows=100000 loops=1)
              Buffers: shared hit=100186
Planning:
  Buffers: shared hit=3
Planning Time: 0.093 ms
Execution Time: 109.348 ms",108.784,6489.98,100000,"WindowAgg  (cost=0.29..6489.98 rows=50368 width=16) (actual rows=100000 loops=1)
  Buffers: shared hit=100186
  ->  Group  (cost=0.29..5608.54 rows=50368 width=12) (actual rows=100000 loops=1)
        Group Key: gender, day
        Buffers: shared hit=100186
        ->  Index Scan using scores_pkey on scores  (cost=0.29..5108.54 rows=100000 width=12) (actual rows=100000 loops=1)
              Buffers: shared hit=100186
Planning:
  Buffers: shared hit=3
Planning Time: 0.101 ms
Execution Time: 108.784 ms",110.3724,109.348,114.9635,118.2008,6489.98,6489.98,100000,100000,100000,100000,normal,not normal,23.838757300000015,8.799872499999996,equal variances,significant,0.003968253968253968,-10.223399999999998,-8.357,368.5600000000004,0,True
814,1308,55,Medium,"SELECT T_cte_0.c_gender20 AS gender, T_cte_0.c_day20 AS day, SUM(T_cte_0.c_19) AS total FROM (SELECT T_scores_0.day AS c_day20, SUM(T_scores_0.score_points) OVER ( PARTITION BY T_scores_0.gender ORDER BY T_scores_0.day ASC ) AS c_19, T_scores_0.gender AS c_gender20 from schema_1308.scores AS T_scores_0 GROUP BY T_scores_0.gender,T_scores_0.day) AS T_cte_0 GROUP BY T_cte_0.c_gender20,T_cte_0.c_day20",148.74,7434.38,100000,"GroupAggregate  (cost=0.29..7434.38 rows=5037 width=40) (actual rows=100000 loops=1)
  Group Key: t_scores_0.gender, t_scores_0.day
  Buffers: shared hit=100186
  ->  WindowAgg  (cost=0.29..6489.98 rows=50368 width=16) (actual rows=100000 loops=1)
        Buffers: shared hit=100186
        ->  Group  (cost=0.29..5608.54 rows=50368 width=12) (actual rows=100000 loops=1)
              Group Key: t_scores_0.gender, t_scores_0.day
              Buffers: shared hit=100186
              ->  Index Scan using scores_pkey on scores t_scores_0  (cost=0.29..5108.54 rows=100000 width=12) (actual rows=100000 loops=1)
                    Buffers: shared hit=100186
Planning:
  Buffers: shared hit=3
Planning Time: 0.101 ms
Execution Time: 148.740 ms",153.94,7434.38,100000,"GroupAggregate  (cost=0.29..7434.38 rows=5037 width=40) (actual rows=100000 loops=1)
  Group Key: t_scores_0.gender, t_scores_0.day
  Buffers: shared hit=100186
  ->  WindowAgg  (cost=0.29..6489.98 rows=50368 width=16) (actual rows=100000 loops=1)
        Buffers: shared hit=100186
        ->  Group  (cost=0.29..5608.54 rows=50368 width=12) (actual rows=100000 loops=1)
              Group Key: t_scores_0.gender, t_scores_0.day
              Buffers: shared hit=100186
              ->  Index Scan using scores_pkey on scores t_scores_0  (cost=0.29..5108.54 rows=100000 width=12) (actual rows=100000 loops=1)
                    Buffers: shared hit=100186
Planning:
  Buffers: shared hit=3
Planning Time: 0.130 ms
Execution Time: 153.940 ms",156.315,7434.38,100000,"GroupAggregate  (cost=0.29..7434.38 rows=5037 width=40) (actual rows=100000 loops=1)
  Group Key: t_scores_0.gender, t_scores_0.day
  Buffers: shared hit=100186
  ->  WindowAgg  (cost=0.29..6489.98 rows=50368 width=16) (actual rows=100000 loops=1)
        Buffers: shared hit=100186
        ->  Group  (cost=0.29..5608.54 rows=50368 width=12) (actual rows=100000 loops=1)
              Group Key: t_scores_0.gender, t_scores_0.day
              Buffers: shared hit=100186
              ->  Index Scan using scores_pkey on scores t_scores_0  (cost=0.29..5108.54 rows=100000 width=12) (actual rows=100000 loops=1)
                    Buffers: shared hit=100186
Planning:
  Buffers: shared hit=3
Planning Time: 0.107 ms
Execution Time: 156.315 ms",151.133,7434.38,100000,"GroupAggregate  (cost=0.29..7434.38 rows=5037 width=40) (actual rows=100000 loops=1)
  Group Key: t_scores_0.gender, t_scores_0.day
  Buffers: shared hit=100186
  ->  WindowAgg  (cost=0.29..6489.98 rows=50368 width=16) (actual rows=100000 loops=1)
        Buffers: shared hit=100186
        ->  Group  (cost=0.29..5608.54 rows=50368 width=12) (actual rows=100000 loops=1)
              Group Key: t_scores_0.gender, t_scores_0.day
              Buffers: shared hit=100186
              ->  Index Scan using scores_pkey on scores t_scores_0  (cost=0.29..5108.54 rows=100000 width=12) (actual rows=100000 loops=1)
                    Buffers: shared hit=100186
Planning:
  Buffers: shared hit=3
Planning Time: 0.144 ms
Execution Time: 151.133 ms",157.232,7434.38,100000,"GroupAggregate  (cost=0.29..7434.38 rows=5037 width=40) (actual rows=100000 loops=1)
  Group Key: t_scores_0.gender, t_scores_0.day
  Buffers: shared hit=100186
  ->  WindowAgg  (cost=0.29..6489.98 rows=50368 width=16) (actual rows=100000 loops=1)
        Buffers: shared hit=100186
        ->  Group  (cost=0.29..5608.54 rows=50368 width=12) (actual rows=100000 loops=1)
              Group Key: t_scores_0.gender, t_scores_0.day
              Buffers: shared hit=100186
              ->  Index Scan using scores_pkey on scores t_scores_0  (cost=0.29..5108.54 rows=100000 width=12) (actual rows=100000 loops=1)
                    Buffers: shared hit=100186
Planning:
  Buffers: shared hit=3
Planning Time: 0.137 ms
Execution Time: 157.232 ms",153.472,153.94,156.7735,157.5988,7434.38,7434.38,100000,100000,100000,100000,1308_55,814,1308,55,Medium,"select gender, day, sum(score_points) over (partition by gender order by day) as total from (select gender, day, sum(score_points) as score_points from schema_1308.scores group by gender, day) as x order by gender, day",141.758,7747.34,100000,"WindowAgg  (cost=0.29..7747.34 rows=50368 width=40) (actual rows=100000 loops=1)
  Buffers: shared hit=100186
  ->  GroupAggregate  (cost=0.29..6362.22 rows=50368 width=16) (actual rows=100000 loops=1)
        Group Key: scores.gender, scores.day
        Buffers: shared hit=100186
        ->  Index Scan using scores_pkey on scores  (cost=0.29..5108.54 rows=100000 width=12) (actual rows=100000 loops=1)
              Buffers: shared hit=100186
Planning:
  Buffers: shared hit=3
Planning Time: 0.122 ms
Execution Time: 141.758 ms",145.016,7747.34,100000,"WindowAgg  (cost=0.29..7747.34 rows=50368 width=40) (actual rows=100000 loops=1)
  Buffers: shared hit=100186
  ->  GroupAggregate  (cost=0.29..6362.22 rows=50368 width=16) (actual rows=100000 loops=1)
        Group Key: scores.gender, scores.day
        Buffers: shared hit=100186
        ->  Index Scan using scores_pkey on scores  (cost=0.29..5108.54 rows=100000 width=12) (actual rows=100000 loops=1)
              Buffers: shared hit=100186
Planning:
  Buffers: shared hit=3
Planning Time: 0.098 ms
Execution Time: 145.016 ms",150.88,7747.34,100000,"WindowAgg  (cost=0.29..7747.34 rows=50368 width=40) (actual rows=100000 loops=1)
  Buffers: shared hit=100186
  ->  GroupAggregate  (cost=0.29..6362.22 rows=50368 width=16) (actual rows=100000 loops=1)
        Group Key: scores.gender, scores.day
        Buffers: shared hit=100186
        ->  Index Scan using scores_pkey on scores  (cost=0.29..5108.54 rows=100000 width=12) (actual rows=100000 loops=1)
              Buffers: shared hit=100186
Planning:
  Buffers: shared hit=3
Planning Time: 0.129 ms
Execution Time: 150.880 ms",144.889,7747.34,100000,"WindowAgg  (cost=0.29..7747.34 rows=50368 width=40) (actual rows=100000 loops=1)
  Buffers: shared hit=100186
  ->  GroupAggregate  (cost=0.29..6362.22 rows=50368 width=16) (actual rows=100000 loops=1)
        Group Key: scores.gender, scores.day
        Buffers: shared hit=100186
        ->  Index Scan using scores_pkey on scores  (cost=0.29..5108.54 rows=100000 width=12) (actual rows=100000 loops=1)
              Buffers: shared hit=100186
Planning:
  Buffers: shared hit=3
Planning Time: 0.127 ms
Execution Time: 144.889 ms",146.385,7747.34,100000,"WindowAgg  (cost=0.29..7747.34 rows=50368 width=40) (actual rows=100000 loops=1)
  Buffers: shared hit=100186
  ->  GroupAggregate  (cost=0.29..6362.22 rows=50368 width=16) (actual rows=100000 loops=1)
        Group Key: scores.gender, scores.day
        Buffers: shared hit=100186
        ->  Index Scan using scores_pkey on scores  (cost=0.29..5108.54 rows=100000 width=12) (actual rows=100000 loops=1)
              Buffers: shared hit=100186
Planning:
  Buffers: shared hit=3
Planning Time: 0.121 ms
Execution Time: 146.385 ms",145.7856,145.016,148.6325,152.678,7747.34,7747.34,100000,100000,100000,100000,normal,normal,10.982482299999965,12.575504499999962,equal variances,not significant,0.996031746031746,7.68640000000002,8.924000000000007,-312.96000000000004,0,True
816,1308,77,Medium,"SELECT T_cte_4.c_gender10 AS gender, T_cte_4.c_day10 AS day, SUM(T_cte_4.c_9) AS total FROM (SELECT s.gender AS c_gender10, SUM(s.score_points) OVER ( PARTITION BY s.gender ORDER BY s.day ASC ) AS c_9, s.day AS c_day10 from schema_1308.scores AS s GROUP BY s.gender,s.day) AS T_cte_4 GROUP BY T_cte_4.c_gender10,T_cte_4.c_day10",147.942,7434.38,100000,"GroupAggregate  (cost=0.29..7434.38 rows=5037 width=40) (actual rows=100000 loops=1)
  Group Key: s.gender, s.day
  Buffers: shared hit=100186
  ->  WindowAgg  (cost=0.29..6489.98 rows=50368 width=16) (actual rows=100000 loops=1)
        Buffers: shared hit=100186
        ->  Group  (cost=0.29..5608.54 rows=50368 width=12) (actual rows=100000 loops=1)
              Group Key: s.gender, s.day
              Buffers: shared hit=100186
              ->  Index Scan using scores_pkey on scores s  (cost=0.29..5108.54 rows=100000 width=12) (actual rows=100000 loops=1)
                    Buffers: shared hit=100186
Planning:
  Buffers: shared hit=3
Planning Time: 0.081 ms
Execution Time: 147.942 ms",152.497,7434.38,100000,"GroupAggregate  (cost=0.29..7434.38 rows=5037 width=40) (actual rows=100000 loops=1)
  Group Key: s.gender, s.day
  Buffers: shared hit=100186
  ->  WindowAgg  (cost=0.29..6489.98 rows=50368 width=16) (actual rows=100000 loops=1)
        Buffers: shared hit=100186
        ->  Group  (cost=0.29..5608.54 rows=50368 width=12) (actual rows=100000 loops=1)
              Group Key: s.gender, s.day
              Buffers: shared hit=100186
              ->  Index Scan using scores_pkey on scores s  (cost=0.29..5108.54 rows=100000 width=12) (actual rows=100000 loops=1)
                    Buffers: shared hit=100186
Planning:
  Buffers: shared hit=3
Planning Time: 0.122 ms
Execution Time: 152.497 ms",150.461,7434.38,100000,"GroupAggregate  (cost=0.29..7434.38 rows=5037 width=40) (actual rows=100000 loops=1)
  Group Key: s.gender, s.day
  Buffers: shared hit=100186
  ->  WindowAgg  (cost=0.29..6489.98 rows=50368 width=16) (actual rows=100000 loops=1)
        Buffers: shared hit=100186
        ->  Group  (cost=0.29..5608.54 rows=50368 width=12) (actual rows=100000 loops=1)
              Group Key: s.gender, s.day
              Buffers: shared hit=100186
              ->  Index Scan using scores_pkey on scores s  (cost=0.29..5108.54 rows=100000 width=12) (actual rows=100000 loops=1)
                    Buffers: shared hit=100186
Planning:
  Buffers: shared hit=3
Planning Time: 0.163 ms
Execution Time: 150.461 ms",150.917,7434.38,100000,"GroupAggregate  (cost=0.29..7434.38 rows=5037 width=40) (actual rows=100000 loops=1)
  Group Key: s.gender, s.day
  Buffers: shared hit=100186
  ->  WindowAgg  (cost=0.29..6489.98 rows=50368 width=16) (actual rows=100000 loops=1)
        Buffers: shared hit=100186
        ->  Group  (cost=0.29..5608.54 rows=50368 width=12) (actual rows=100000 loops=1)
              Group Key: s.gender, s.day
              Buffers: shared hit=100186
              ->  Index Scan using scores_pkey on scores s  (cost=0.29..5108.54 rows=100000 width=12) (actual rows=100000 loops=1)
                    Buffers: shared hit=100186
Planning:
  Buffers: shared hit=3
Planning Time: 0.217 ms
Execution Time: 150.917 ms",153.204,7434.38,100000,"GroupAggregate  (cost=0.29..7434.38 rows=5037 width=40) (actual rows=100000 loops=1)
  Group Key: s.gender, s.day
  Buffers: shared hit=100186
  ->  WindowAgg  (cost=0.29..6489.98 rows=50368 width=16) (actual rows=100000 loops=1)
        Buffers: shared hit=100186
        ->  Group  (cost=0.29..5608.54 rows=50368 width=12) (actual rows=100000 loops=1)
              Group Key: s.gender, s.day
              Buffers: shared hit=100186
              ->  Index Scan using scores_pkey on scores s  (cost=0.29..5108.54 rows=100000 width=12) (actual rows=100000 loops=1)
                    Buffers: shared hit=100186
Planning:
  Buffers: shared hit=3
Planning Time: 0.113 ms
Execution Time: 153.204 ms",151.0042,150.917,152.8505,153.4868,7434.38,7434.38,100000,100000,100000,100000,1308_77,816,1308,77,Medium,"select gender, day, sum(score_points) over (partition by gender order by day asc rows between unbounded preceding and current row) as total from (select gender, day, sum(score_points) as score_points from schema_1308.scores as s group by 1, 2) as a",124.486,7747.34,100000,"WindowAgg  (cost=0.29..7747.34 rows=50368 width=40) (actual rows=100000 loops=1)
  Buffers: shared hit=100186
  ->  GroupAggregate  (cost=0.29..6362.22 rows=50368 width=16) (actual rows=100000 loops=1)
        Group Key: s.gender, s.day
        Buffers: shared hit=100186
        ->  Index Scan using scores_pkey on scores s  (cost=0.29..5108.54 rows=100000 width=12) (actual rows=100000 loops=1)
              Buffers: shared hit=100186
Planning:
  Buffers: shared hit=3
Planning Time: 0.087 ms
Execution Time: 124.486 ms",130.388,7747.34,100000,"WindowAgg  (cost=0.29..7747.34 rows=50368 width=40) (actual rows=100000 loops=1)
  Buffers: shared hit=100186
  ->  GroupAggregate  (cost=0.29..6362.22 rows=50368 width=16) (actual rows=100000 loops=1)
        Group Key: s.gender, s.day
        Buffers: shared hit=100186
        ->  Index Scan using scores_pkey on scores s  (cost=0.29..5108.54 rows=100000 width=12) (actual rows=100000 loops=1)
              Buffers: shared hit=100186
Planning:
  Buffers: shared hit=3
Planning Time: 0.134 ms
Execution Time: 130.388 ms",130.151,7747.34,100000,"WindowAgg  (cost=0.29..7747.34 rows=50368 width=40) (actual rows=100000 loops=1)
  Buffers: shared hit=100186
  ->  GroupAggregate  (cost=0.29..6362.22 rows=50368 width=16) (actual rows=100000 loops=1)
        Group Key: s.gender, s.day
        Buffers: shared hit=100186
        ->  Index Scan using scores_pkey on scores s  (cost=0.29..5108.54 rows=100000 width=12) (actual rows=100000 loops=1)
              Buffers: shared hit=100186
Planning:
  Buffers: shared hit=3
Planning Time: 0.146 ms
Execution Time: 130.151 ms",130.856,7747.34,100000,"WindowAgg  (cost=0.29..7747.34 rows=50368 width=40) (actual rows=100000 loops=1)
  Buffers: shared hit=100186
  ->  GroupAggregate  (cost=0.29..6362.22 rows=50368 width=16) (actual rows=100000 loops=1)
        Group Key: s.gender, s.day
        Buffers: shared hit=100186
        ->  Index Scan using scores_pkey on scores s  (cost=0.29..5108.54 rows=100000 width=12) (actual rows=100000 loops=1)
              Buffers: shared hit=100186
Planning:
  Buffers: shared hit=3
Planning Time: 0.135 ms
Execution Time: 130.856 ms",130.42,7747.34,100000,"WindowAgg  (cost=0.29..7747.34 rows=50368 width=40) (actual rows=100000 loops=1)
  Buffers: shared hit=100186
  ->  GroupAggregate  (cost=0.29..6362.22 rows=50368 width=16) (actual rows=100000 loops=1)
        Group Key: s.gender, s.day
        Buffers: shared hit=100186
        ->  Index Scan using scores_pkey on scores s  (cost=0.29..5108.54 rows=100000 width=12) (actual rows=100000 loops=1)
              Buffers: shared hit=100186
Planning:
  Buffers: shared hit=3
Planning Time: 0.162 ms
Execution Time: 130.420 ms",129.2602,130.388,130.638,131.0304,7747.34,7747.34,100000,100000,100000,100000,not normal,normal,7.187539199999986,4.186827700000005,equal variances,not significant,1.0,21.744,20.528999999999996,-312.96000000000004,0,True
817,1308,85,Medium,"SELECT s2.gender AS gender, s2.day AS day, SUM(s2.score_points) OVER ( PARTITION BY s2.gender ORDER BY s2.day ASC ) AS total from schema_1308.scores AS s2",97.332,6858.54,100000,"WindowAgg  (cost=0.29..6858.54 rows=100000 width=16) (actual rows=100000 loops=1)
  Buffers: shared hit=100186
  ->  Index Scan using scores_pkey on scores s2  (cost=0.29..5108.54 rows=100000 width=12) (actual rows=100000 loops=1)
        Buffers: shared hit=100186
Planning Time: 0.067 ms
Execution Time: 97.332 ms",101.601,6858.54,100000,"WindowAgg  (cost=0.29..6858.54 rows=100000 width=16) (actual rows=100000 loops=1)
  Buffers: shared hit=100186
  ->  Index Scan using scores_pkey on scores s2  (cost=0.29..5108.54 rows=100000 width=12) (actual rows=100000 loops=1)
        Buffers: shared hit=100186
Planning Time: 0.066 ms
Execution Time: 101.601 ms",97.945,6858.54,100000,"WindowAgg  (cost=0.29..6858.54 rows=100000 width=16) (actual rows=100000 loops=1)
  Buffers: shared hit=100186
  ->  Index Scan using scores_pkey on scores s2  (cost=0.29..5108.54 rows=100000 width=12) (actual rows=100000 loops=1)
        Buffers: shared hit=100186
Planning Time: 0.064 ms
Execution Time: 97.945 ms",100.894,6858.54,100000,"WindowAgg  (cost=0.29..6858.54 rows=100000 width=16) (actual rows=100000 loops=1)
  Buffers: shared hit=100186
  ->  Index Scan using scores_pkey on scores s2  (cost=0.29..5108.54 rows=100000 width=12) (actual rows=100000 loops=1)
        Buffers: shared hit=100186
Planning Time: 0.064 ms
Execution Time: 100.894 ms",100.409,6858.54,100000,"WindowAgg  (cost=0.29..6858.54 rows=100000 width=16) (actual rows=100000 loops=1)
  Buffers: shared hit=100186
  ->  Index Scan using scores_pkey on scores s2  (cost=0.29..5108.54 rows=100000 width=12) (actual rows=100000 loops=1)
        Buffers: shared hit=100186
Planning Time: 0.071 ms
Execution Time: 100.409 ms",99.6362,100.409,101.2475,101.8838,6858.54,6858.54,100000,100000,100000,100000,1308_85,817,1308,85,Medium,"select s1.gender as gender, s1.day as day, sum(s2.score_points) as total from schema_1308.scores as s1 join schema_1308.scores as s2 on (s1.gender = s2.gender and s1.day >= s2.day) group by s1.gender, s1.day order by s1.gender, s1.day",1219022.166,62537514.61,100000,"GroupAggregate  (cost=0.58..62537514.61 rows=50368 width=16) (actual rows=100000 loops=1)
  Group Key: s1.gender, s1.day
  Buffers: shared hit=2504347383
  ->  Nested Loop  (cost=0.58..50036938.29 rows=1666676352 width=12) (actual rows=2500050000 loops=1)
        Buffers: shared hit=2504347383
        ->  Index Only Scan using scores_pkey on scores s1  (cost=0.29..2820.29 rows=100000 width=8) (actual rows=100000 loops=1)
              Heap Fetches: 107
              Buffers: shared hit=330
        ->  Index Scan using scores_pkey on scores s2  (cost=0.29..333.67 rows=16667 width=12) (actual rows=25000 loops=100000)
              Index Cond: ((gender = s1.gender) AND (day <= s1.day))
              Buffers: shared hit=2504347053
Planning:
  Buffers: shared hit=2
Planning Time: 0.183 ms
JIT:
  Functions: 9
  Options: Inlining true, Optimization true, Expressions true, Deforming true
Execution Time: 1219022.166 ms",1218230.951,62537514.61,100000,"GroupAggregate  (cost=0.58..62537514.61 rows=50368 width=16) (actual rows=100000 loops=1)
  Group Key: s1.gender, s1.day
  Buffers: shared hit=2504347383
  ->  Nested Loop  (cost=0.58..50036938.29 rows=1666676352 width=12) (actual rows=2500050000 loops=1)
        Buffers: shared hit=2504347383
        ->  Index Only Scan using scores_pkey on scores s1  (cost=0.29..2820.29 rows=100000 width=8) (actual rows=100000 loops=1)
              Heap Fetches: 107
              Buffers: shared hit=330
        ->  Index Scan using scores_pkey on scores s2  (cost=0.29..333.67 rows=16667 width=12) (actual rows=25000 loops=100000)
              Index Cond: ((gender = s1.gender) AND (day <= s1.day))
              Buffers: shared hit=2504347053
Planning:
  Buffers: shared hit=2
Planning Time: 0.216 ms
JIT:
  Functions: 9
  Options: Inlining true, Optimization true, Expressions true, Deforming true
Execution Time: 1218230.951 ms",1223467.492,62537514.61,100000,"GroupAggregate  (cost=0.58..62537514.61 rows=50368 width=16) (actual rows=100000 loops=1)
  Group Key: s1.gender, s1.day
  Buffers: shared hit=2504347383
  ->  Nested Loop  (cost=0.58..50036938.29 rows=1666676352 width=12) (actual rows=2500050000 loops=1)
        Buffers: shared hit=2504347383
        ->  Index Only Scan using scores_pkey on scores s1  (cost=0.29..2820.29 rows=100000 width=8) (actual rows=100000 loops=1)
              Heap Fetches: 107
              Buffers: shared hit=330
        ->  Index Scan using scores_pkey on scores s2  (cost=0.29..333.67 rows=16667 width=12) (actual rows=25000 loops=100000)
              Index Cond: ((gender = s1.gender) AND (day <= s1.day))
              Buffers: shared hit=2504347053
Planning:
  Buffers: shared hit=2
Planning Time: 0.172 ms
JIT:
  Functions: 9
  Options: Inlining true, Optimization true, Expressions true, Deforming true
Execution Time: 1223467.492 ms",1219618.301,62537514.61,100000,"GroupAggregate  (cost=0.58..62537514.61 rows=50368 width=16) (actual rows=100000 loops=1)
  Group Key: s1.gender, s1.day
  Buffers: shared hit=2504347383
  ->  Nested Loop  (cost=0.58..50036938.29 rows=1666676352 width=12) (actual rows=2500050000 loops=1)
        Buffers: shared hit=2504347383
        ->  Index Only Scan using scores_pkey on scores s1  (cost=0.29..2820.29 rows=100000 width=8) (actual rows=100000 loops=1)
              Heap Fetches: 107
              Buffers: shared hit=330
        ->  Index Scan using scores_pkey on scores s2  (cost=0.29..333.67 rows=16667 width=12) (actual rows=25000 loops=100000)
              Index Cond: ((gender = s1.gender) AND (day <= s1.day))
              Buffers: shared hit=2504347053
Planning:
  Buffers: shared hit=2
Planning Time: 0.253 ms
JIT:
  Functions: 9
  Options: Inlining true, Optimization true, Expressions true, Deforming true
Execution Time: 1219618.301 ms",1220691.539,62537514.61,100000,"GroupAggregate  (cost=0.58..62537514.61 rows=50368 width=16) (actual rows=100000 loops=1)
  Group Key: s1.gender, s1.day
  Buffers: shared hit=2504347383
  ->  Nested Loop  (cost=0.58..50036938.29 rows=1666676352 width=12) (actual rows=2500050000 loops=1)
        Buffers: shared hit=2504347383
        ->  Index Only Scan using scores_pkey on scores s1  (cost=0.29..2820.29 rows=100000 width=8) (actual rows=100000 loops=1)
              Heap Fetches: 107
              Buffers: shared hit=330
        ->  Index Scan using scores_pkey on scores s2  (cost=0.29..333.67 rows=16667 width=12) (actual rows=25000 loops=100000)
              Index Cond: ((gender = s1.gender) AND (day <= s1.day))
              Buffers: shared hit=2504347053
Planning:
  Buffers: shared hit=2
Planning Time: 0.144 ms
JIT:
  Functions: 9
  Options: Inlining true, Optimization true, Expressions true, Deforming true
Execution Time: 1220691.539 ms",1220206.09,1219618.301,1222079.516,1224577.873,62537514.61,62537514.61,100000,100000,100000,100000,normal,normal,4130187.438206005,3.5523037000000177,equal variances,significant,0.003968253968253968,-1220106.4538,-1219517.892,-62530656.07,0,True
818,1308,88,Medium,"SELECT s2.gender AS gender, s2.day AS day, SUM(s2.score_points) OVER ( PARTITION BY s2.gender ORDER BY s2.day ASC ) AS total from schema_1308.scores AS s2",97.045,6858.54,100000,"WindowAgg  (cost=0.29..6858.54 rows=100000 width=16) (actual rows=100000 loops=1)
  Buffers: shared hit=100186
  ->  Index Scan using scores_pkey on scores s2  (cost=0.29..5108.54 rows=100000 width=12) (actual rows=100000 loops=1)
        Buffers: shared hit=100186
Planning Time: 0.055 ms
Execution Time: 97.045 ms",99.187,6858.54,100000,"WindowAgg  (cost=0.29..6858.54 rows=100000 width=16) (actual rows=100000 loops=1)
  Buffers: shared hit=100186
  ->  Index Scan using scores_pkey on scores s2  (cost=0.29..5108.54 rows=100000 width=12) (actual rows=100000 loops=1)
        Buffers: shared hit=100186
Planning Time: 0.071 ms
Execution Time: 99.187 ms",104.235,6858.54,100000,"WindowAgg  (cost=0.29..6858.54 rows=100000 width=16) (actual rows=100000 loops=1)
  Buffers: shared hit=100186
  ->  Index Scan using scores_pkey on scores s2  (cost=0.29..5108.54 rows=100000 width=12) (actual rows=100000 loops=1)
        Buffers: shared hit=100186
Planning Time: 0.068 ms
Execution Time: 104.235 ms",100.359,6858.54,100000,"WindowAgg  (cost=0.29..6858.54 rows=100000 width=16) (actual rows=100000 loops=1)
  Buffers: shared hit=100186
  ->  Index Scan using scores_pkey on scores s2  (cost=0.29..5108.54 rows=100000 width=12) (actual rows=100000 loops=1)
        Buffers: shared hit=100186
Planning Time: 0.065 ms
Execution Time: 100.359 ms",101.137,6858.54,100000,"WindowAgg  (cost=0.29..6858.54 rows=100000 width=16) (actual rows=100000 loops=1)
  Buffers: shared hit=100186
  ->  Index Scan using scores_pkey on scores s2  (cost=0.29..5108.54 rows=100000 width=12) (actual rows=100000 loops=1)
        Buffers: shared hit=100186
Planning Time: 0.070 ms
Execution Time: 101.137 ms",100.3926,100.359,102.686,105.4742,6858.54,6858.54,100000,100000,100000,100000,1308_88,818,1308,88,Medium,"select s1.gender, s1.day, sum(s2.score_points) as total from schema_1308.scores as s1 join schema_1308.scores as s2 on (s1.gender = s2.gender and s1.day >= s2.day) group by s1.gender, s1.day order by s1.gender, s1.day",1218978.311,62537514.61,100000,"GroupAggregate  (cost=0.58..62537514.61 rows=50368 width=16) (actual rows=100000 loops=1)
  Group Key: s1.gender, s1.day
  Buffers: shared hit=2504347383
  ->  Nested Loop  (cost=0.58..50036938.29 rows=1666676352 width=12) (actual rows=2500050000 loops=1)
        Buffers: shared hit=2504347383
        ->  Index Only Scan using scores_pkey on scores s1  (cost=0.29..2820.29 rows=100000 width=8) (actual rows=100000 loops=1)
              Heap Fetches: 107
              Buffers: shared hit=330
        ->  Index Scan using scores_pkey on scores s2  (cost=0.29..333.67 rows=16667 width=12) (actual rows=25000 loops=100000)
              Index Cond: ((gender = s1.gender) AND (day <= s1.day))
              Buffers: shared hit=2504347053
Planning:
  Buffers: shared hit=2
Planning Time: 0.154 ms
JIT:
  Functions: 9
  Options: Inlining true, Optimization true, Expressions true, Deforming true
Execution Time: 1218978.311 ms",1221448.893,62537514.61,100000,"GroupAggregate  (cost=0.58..62537514.61 rows=50368 width=16) (actual rows=100000 loops=1)
  Group Key: s1.gender, s1.day
  Buffers: shared hit=2504347383
  ->  Nested Loop  (cost=0.58..50036938.29 rows=1666676352 width=12) (actual rows=2500050000 loops=1)
        Buffers: shared hit=2504347383
        ->  Index Only Scan using scores_pkey on scores s1  (cost=0.29..2820.29 rows=100000 width=8) (actual rows=100000 loops=1)
              Heap Fetches: 107
              Buffers: shared hit=330
        ->  Index Scan using scores_pkey on scores s2  (cost=0.29..333.67 rows=16667 width=12) (actual rows=25000 loops=100000)
              Index Cond: ((gender = s1.gender) AND (day <= s1.day))
              Buffers: shared hit=2504347053
Planning:
  Buffers: shared hit=2
Planning Time: 0.222 ms
JIT:
  Functions: 9
  Options: Inlining true, Optimization true, Expressions true, Deforming true
Execution Time: 1221448.893 ms",1218222.627,62537514.61,100000,"GroupAggregate  (cost=0.58..62537514.61 rows=50368 width=16) (actual rows=100000 loops=1)
  Group Key: s1.gender, s1.day
  Buffers: shared hit=2504347383
  ->  Nested Loop  (cost=0.58..50036938.29 rows=1666676352 width=12) (actual rows=2500050000 loops=1)
        Buffers: shared hit=2504347383
        ->  Index Only Scan using scores_pkey on scores s1  (cost=0.29..2820.29 rows=100000 width=8) (actual rows=100000 loops=1)
              Heap Fetches: 107
              Buffers: shared hit=330
        ->  Index Scan using scores_pkey on scores s2  (cost=0.29..333.67 rows=16667 width=12) (actual rows=25000 loops=100000)
              Index Cond: ((gender = s1.gender) AND (day <= s1.day))
              Buffers: shared hit=2504347053
Planning:
  Buffers: shared hit=2
Planning Time: 0.193 ms
JIT:
  Functions: 9
  Options: Inlining true, Optimization true, Expressions true, Deforming true
Execution Time: 1218222.627 ms",1219548.119,62537514.61,100000,"GroupAggregate  (cost=0.58..62537514.61 rows=50368 width=16) (actual rows=100000 loops=1)
  Group Key: s1.gender, s1.day
  Buffers: shared hit=2504347383
  ->  Nested Loop  (cost=0.58..50036938.29 rows=1666676352 width=12) (actual rows=2500050000 loops=1)
        Buffers: shared hit=2504347383
        ->  Index Only Scan using scores_pkey on scores s1  (cost=0.29..2820.29 rows=100000 width=8) (actual rows=100000 loops=1)
              Heap Fetches: 107
              Buffers: shared hit=330
        ->  Index Scan using scores_pkey on scores s2  (cost=0.29..333.67 rows=16667 width=12) (actual rows=25000 loops=100000)
              Index Cond: ((gender = s1.gender) AND (day <= s1.day))
              Buffers: shared hit=2504347053
Planning:
  Buffers: shared hit=2
Planning Time: 0.197 ms
JIT:
  Functions: 9
  Options: Inlining true, Optimization true, Expressions true, Deforming true
Execution Time: 1219548.119 ms",1217697.336,62537514.61,100000,"GroupAggregate  (cost=0.58..62537514.61 rows=50368 width=16) (actual rows=100000 loops=1)
  Group Key: s1.gender, s1.day
  Buffers: shared hit=2504347383
  ->  Nested Loop  (cost=0.58..50036938.29 rows=1666676352 width=12) (actual rows=2500050000 loops=1)
        Buffers: shared hit=2504347383
        ->  Index Only Scan using scores_pkey on scores s1  (cost=0.29..2820.29 rows=100000 width=8) (actual rows=100000 loops=1)
              Heap Fetches: 107
              Buffers: shared hit=330
        ->  Index Scan using scores_pkey on scores s2  (cost=0.29..333.67 rows=16667 width=12) (actual rows=25000 loops=100000)
              Index Cond: ((gender = s1.gender) AND (day <= s1.day))
              Buffers: shared hit=2504347053
Planning:
  Buffers: shared hit=2
Planning Time: 0.213 ms
JIT:
  Functions: 9
  Options: Inlining true, Optimization true, Expressions true, Deforming true
Execution Time: 1217697.336 ms",1219179.057,1218978.311,1220498.506,1222209.203,62537514.61,62537514.61,100000,100000,100000,100000,normal,normal,2109729.1624991386,6.994798799999998,unequal variances,significant,0.003968253968253968,-1219078.6644000001,-1218877.952,-62530656.07,0,True
819,1308,99,Medium,"SELECT T_scores_0.gender AS gender, T_scores_0.day AS day, SUM(T_scores_0.score_points) OVER ( PARTITION BY T_scores_0.gender ORDER BY T_scores_0.day ASC ) AS total from schema_1308.scores AS T_scores_0",96.287,6858.54,100000,"WindowAgg  (cost=0.29..6858.54 rows=100000 width=16) (actual rows=100000 loops=1)
  Buffers: shared hit=100186
  ->  Index Scan using scores_pkey on scores t_scores_0  (cost=0.29..5108.54 rows=100000 width=12) (actual rows=100000 loops=1)
        Buffers: shared hit=100186
Planning Time: 0.087 ms
Execution Time: 96.287 ms",100.983,6858.54,100000,"WindowAgg  (cost=0.29..6858.54 rows=100000 width=16) (actual rows=100000 loops=1)
  Buffers: shared hit=100186
  ->  Index Scan using scores_pkey on scores t_scores_0  (cost=0.29..5108.54 rows=100000 width=12) (actual rows=100000 loops=1)
        Buffers: shared hit=100186
Planning Time: 0.049 ms
Execution Time: 100.983 ms",102.854,6858.54,100000,"WindowAgg  (cost=0.29..6858.54 rows=100000 width=16) (actual rows=100000 loops=1)
  Buffers: shared hit=100186
  ->  Index Scan using scores_pkey on scores t_scores_0  (cost=0.29..5108.54 rows=100000 width=12) (actual rows=100000 loops=1)
        Buffers: shared hit=100186
Planning Time: 0.063 ms
Execution Time: 102.854 ms",106.9,6858.54,100000,"WindowAgg  (cost=0.29..6858.54 rows=100000 width=16) (actual rows=100000 loops=1)
  Buffers: shared hit=100186
  ->  Index Scan using scores_pkey on scores t_scores_0  (cost=0.29..5108.54 rows=100000 width=12) (actual rows=100000 loops=1)
        Buffers: shared hit=100186
Planning Time: 0.060 ms
Execution Time: 106.900 ms",99.611,6858.54,100000,"WindowAgg  (cost=0.29..6858.54 rows=100000 width=16) (actual rows=100000 loops=1)
  Buffers: shared hit=100186
  ->  Index Scan using scores_pkey on scores t_scores_0  (cost=0.29..5108.54 rows=100000 width=12) (actual rows=100000 loops=1)
        Buffers: shared hit=100186
Planning Time: 0.072 ms
Execution Time: 99.611 ms",101.327,100.983,104.877,108.5184,6858.54,6858.54,100000,100000,100000,100000,1308_99,819,1308,99,Medium,"select gender, day, sum(score_points) over (partition by gender order by day) as total from schema_1308.scores group by day, gender order by gender, day",102.812,6489.98,100000,"WindowAgg  (cost=0.29..6489.98 rows=50368 width=16) (actual rows=100000 loops=1)
  Buffers: shared hit=100186
  ->  Group  (cost=0.29..5608.54 rows=50368 width=12) (actual rows=100000 loops=1)
        Group Key: gender, day
        Buffers: shared hit=100186
        ->  Index Scan using scores_pkey on scores  (cost=0.29..5108.54 rows=100000 width=12) (actual rows=100000 loops=1)
              Buffers: shared hit=100186
Planning:
  Buffers: shared hit=3
Planning Time: 0.059 ms
Execution Time: 102.812 ms",112.334,6489.98,100000,"WindowAgg  (cost=0.29..6489.98 rows=50368 width=16) (actual rows=100000 loops=1)
  Buffers: shared hit=100186
  ->  Group  (cost=0.29..5608.54 rows=50368 width=12) (actual rows=100000 loops=1)
        Group Key: gender, day
        Buffers: shared hit=100186
        ->  Index Scan using scores_pkey on scores  (cost=0.29..5108.54 rows=100000 width=12) (actual rows=100000 loops=1)
              Buffers: shared hit=100186
Planning:
  Buffers: shared hit=3
Planning Time: 0.097 ms
Execution Time: 112.334 ms",108.952,6489.98,100000,"WindowAgg  (cost=0.29..6489.98 rows=50368 width=16) (actual rows=100000 loops=1)
  Buffers: shared hit=100186
  ->  Group  (cost=0.29..5608.54 rows=50368 width=12) (actual rows=100000 loops=1)
        Group Key: gender, day
        Buffers: shared hit=100186
        ->  Index Scan using scores_pkey on scores  (cost=0.29..5108.54 rows=100000 width=12) (actual rows=100000 loops=1)
              Buffers: shared hit=100186
Planning:
  Buffers: shared hit=3
Planning Time: 0.094 ms
Execution Time: 108.952 ms",111.207,6489.98,100000,"WindowAgg  (cost=0.29..6489.98 rows=50368 width=16) (actual rows=100000 loops=1)
  Buffers: shared hit=100186
  ->  Group  (cost=0.29..5608.54 rows=50368 width=12) (actual rows=100000 loops=1)
        Group Key: gender, day
        Buffers: shared hit=100186
        ->  Index Scan using scores_pkey on scores  (cost=0.29..5108.54 rows=100000 width=12) (actual rows=100000 loops=1)
              Buffers: shared hit=100186
Planning:
  Buffers: shared hit=3
Planning Time: 0.091 ms
Execution Time: 111.207 ms",115.185,6489.98,100000,"WindowAgg  (cost=0.29..6489.98 rows=50368 width=16) (actual rows=100000 loops=1)
  Buffers: shared hit=100186
  ->  Group  (cost=0.29..5608.54 rows=50368 width=12) (actual rows=100000 loops=1)
        Group Key: gender, day
        Buffers: shared hit=100186
        ->  Index Scan using scores_pkey on scores  (cost=0.29..5108.54 rows=100000 width=12) (actual rows=100000 loops=1)
              Buffers: shared hit=100186
Planning:
  Buffers: shared hit=3
Planning Time: 0.081 ms
Execution Time: 115.185 ms",110.098,111.207,113.7595,116.3254,6489.98,6489.98,100000,100000,100000,100000,normal,normal,21.62656450000002,15.463662499999995,equal variances,significant,0.015873015873015872,-8.771,-10.22399999999999,368.5600000000004,0,True
820,1308,103,Medium,"SELECT T_cte_8.c_gender20 AS gender, T_cte_8.c_day20 AS day, SUM(T_cte_8.c_18) AS total FROM (SELECT SUM(T_scores_0.score_points) OVER ( PARTITION BY T_scores_0.gender ORDER BY T_scores_0.day ASC ) AS c_18, T_scores_0.gender AS c_gender20, T_scores_0.day AS c_day20 from schema_1308.scores AS T_scores_0 GROUP BY T_scores_0.gender,T_scores_0.day) AS T_cte_8 GROUP BY T_cte_8.c_gender20,T_cte_8.c_day20",145.631,7434.38,100000,"GroupAggregate  (cost=0.29..7434.38 rows=5037 width=40) (actual rows=100000 loops=1)
  Group Key: t_scores_0.gender, t_scores_0.day
  Buffers: shared hit=100186
  ->  WindowAgg  (cost=0.29..6489.98 rows=50368 width=16) (actual rows=100000 loops=1)
        Buffers: shared hit=100186
        ->  Group  (cost=0.29..5608.54 rows=50368 width=12) (actual rows=100000 loops=1)
              Group Key: t_scores_0.gender, t_scores_0.day
              Buffers: shared hit=100186
              ->  Index Scan using scores_pkey on scores t_scores_0  (cost=0.29..5108.54 rows=100000 width=12) (actual rows=100000 loops=1)
                    Buffers: shared hit=100186
Planning:
  Buffers: shared hit=3
Planning Time: 0.081 ms
Execution Time: 145.631 ms",151.909,7434.38,100000,"GroupAggregate  (cost=0.29..7434.38 rows=5037 width=40) (actual rows=100000 loops=1)
  Group Key: t_scores_0.gender, t_scores_0.day
  Buffers: shared hit=100186
  ->  WindowAgg  (cost=0.29..6489.98 rows=50368 width=16) (actual rows=100000 loops=1)
        Buffers: shared hit=100186
        ->  Group  (cost=0.29..5608.54 rows=50368 width=12) (actual rows=100000 loops=1)
              Group Key: t_scores_0.gender, t_scores_0.day
              Buffers: shared hit=100186
              ->  Index Scan using scores_pkey on scores t_scores_0  (cost=0.29..5108.54 rows=100000 width=12) (actual rows=100000 loops=1)
                    Buffers: shared hit=100186
Planning:
  Buffers: shared hit=3
Planning Time: 0.160 ms
Execution Time: 151.909 ms",150.443,7434.38,100000,"GroupAggregate  (cost=0.29..7434.38 rows=5037 width=40) (actual rows=100000 loops=1)
  Group Key: t_scores_0.gender, t_scores_0.day
  Buffers: shared hit=100186
  ->  WindowAgg  (cost=0.29..6489.98 rows=50368 width=16) (actual rows=100000 loops=1)
        Buffers: shared hit=100186
        ->  Group  (cost=0.29..5608.54 rows=50368 width=12) (actual rows=100000 loops=1)
              Group Key: t_scores_0.gender, t_scores_0.day
              Buffers: shared hit=100186
              ->  Index Scan using scores_pkey on scores t_scores_0  (cost=0.29..5108.54 rows=100000 width=12) (actual rows=100000 loops=1)
                    Buffers: shared hit=100186
Planning:
  Buffers: shared hit=3
Planning Time: 0.116 ms
Execution Time: 150.443 ms",148.156,7434.38,100000,"GroupAggregate  (cost=0.29..7434.38 rows=5037 width=40) (actual rows=100000 loops=1)
  Group Key: t_scores_0.gender, t_scores_0.day
  Buffers: shared hit=100186
  ->  WindowAgg  (cost=0.29..6489.98 rows=50368 width=16) (actual rows=100000 loops=1)
        Buffers: shared hit=100186
        ->  Group  (cost=0.29..5608.54 rows=50368 width=12) (actual rows=100000 loops=1)
              Group Key: t_scores_0.gender, t_scores_0.day
              Buffers: shared hit=100186
              ->  Index Scan using scores_pkey on scores t_scores_0  (cost=0.29..5108.54 rows=100000 width=12) (actual rows=100000 loops=1)
                    Buffers: shared hit=100186
Planning:
  Buffers: shared hit=3
Planning Time: 0.116 ms
Execution Time: 148.156 ms",151.897,7434.38,100000,"GroupAggregate  (cost=0.29..7434.38 rows=5037 width=40) (actual rows=100000 loops=1)
  Group Key: t_scores_0.gender, t_scores_0.day
  Buffers: shared hit=100186
  ->  WindowAgg  (cost=0.29..6489.98 rows=50368 width=16) (actual rows=100000 loops=1)
        Buffers: shared hit=100186
        ->  Group  (cost=0.29..5608.54 rows=50368 width=12) (actual rows=100000 loops=1)
              Group Key: t_scores_0.gender, t_scores_0.day
              Buffers: shared hit=100186
              ->  Index Scan using scores_pkey on scores t_scores_0  (cost=0.29..5108.54 rows=100000 width=12) (actual rows=100000 loops=1)
                    Buffers: shared hit=100186
Planning:
  Buffers: shared hit=3
Planning Time: 0.114 ms
Execution Time: 151.897 ms",149.6072,150.443,151.903,151.9138,7434.38,7434.38,100000,100000,100000,100000,1308_103,820,1308,103,Medium,"select gender, day, sum(total_day) over (partition by gender order by day) as total from (select gender, day, sum(score_points) as total_day from schema_1308.scores group by gender, day order by gender, day) as a",142.287,7747.34,100000,"WindowAgg  (cost=0.29..7747.34 rows=50368 width=40) (actual rows=100000 loops=1)
  Buffers: shared hit=100186
  ->  GroupAggregate  (cost=0.29..6362.22 rows=50368 width=16) (actual rows=100000 loops=1)
        Group Key: scores.gender, scores.day
        Buffers: shared hit=100186
        ->  Index Scan using scores_pkey on scores  (cost=0.29..5108.54 rows=100000 width=12) (actual rows=100000 loops=1)
              Buffers: shared hit=100186
Planning:
  Buffers: shared hit=3
Planning Time: 0.125 ms
Execution Time: 142.287 ms",151.839,7747.34,100000,"WindowAgg  (cost=0.29..7747.34 rows=50368 width=40) (actual rows=100000 loops=1)
  Buffers: shared hit=100186
  ->  GroupAggregate  (cost=0.29..6362.22 rows=50368 width=16) (actual rows=100000 loops=1)
        Group Key: scores.gender, scores.day
        Buffers: shared hit=100186
        ->  Index Scan using scores_pkey on scores  (cost=0.29..5108.54 rows=100000 width=12) (actual rows=100000 loops=1)
              Buffers: shared hit=100186
Planning:
  Buffers: shared hit=3
Planning Time: 0.169 ms
Execution Time: 151.839 ms",144.413,7747.34,100000,"WindowAgg  (cost=0.29..7747.34 rows=50368 width=40) (actual rows=100000 loops=1)
  Buffers: shared hit=100186
  ->  GroupAggregate  (cost=0.29..6362.22 rows=50368 width=16) (actual rows=100000 loops=1)
        Group Key: scores.gender, scores.day
        Buffers: shared hit=100186
        ->  Index Scan using scores_pkey on scores  (cost=0.29..5108.54 rows=100000 width=12) (actual rows=100000 loops=1)
              Buffers: shared hit=100186
Planning:
  Buffers: shared hit=3
Planning Time: 0.160 ms
Execution Time: 144.413 ms",145.013,7747.34,100000,"WindowAgg  (cost=0.29..7747.34 rows=50368 width=40) (actual rows=100000 loops=1)
  Buffers: shared hit=100186
  ->  GroupAggregate  (cost=0.29..6362.22 rows=50368 width=16) (actual rows=100000 loops=1)
        Group Key: scores.gender, scores.day
        Buffers: shared hit=100186
        ->  Index Scan using scores_pkey on scores  (cost=0.29..5108.54 rows=100000 width=12) (actual rows=100000 loops=1)
              Buffers: shared hit=100186
Planning:
  Buffers: shared hit=3
Planning Time: 0.150 ms
Execution Time: 145.013 ms",146.15,7747.34,100000,"WindowAgg  (cost=0.29..7747.34 rows=50368 width=40) (actual rows=100000 loops=1)
  Buffers: shared hit=100186
  ->  GroupAggregate  (cost=0.29..6362.22 rows=50368 width=16) (actual rows=100000 loops=1)
        Group Key: scores.gender, scores.day
        Buffers: shared hit=100186
        ->  Index Scan using scores_pkey on scores  (cost=0.29..5108.54 rows=100000 width=12) (actual rows=100000 loops=1)
              Buffers: shared hit=100186
Planning:
  Buffers: shared hit=3
Planning Time: 0.126 ms
Execution Time: 146.150 ms",145.9404,145.013,148.9945,154.1146,7747.34,7747.34,100000,100000,100000,100000,normal,normal,12.844441799999975,7.2890441999999815,equal variances,not significant,0.9722222222222222,3.666799999999995,5.430000000000007,-312.96000000000004,0,True
822,1308,121,Medium,"SELECT b.gender AS gender, b.day AS day, SUM(b.score_points) OVER ( PARTITION BY b.gender ORDER BY b.day ASC ) AS total from schema_1308.scores AS b",94.174,6858.54,100000,"WindowAgg  (cost=0.29..6858.54 rows=100000 width=16) (actual rows=100000 loops=1)
  Buffers: shared hit=100186
  ->  Index Scan using scores_pkey on scores b  (cost=0.29..5108.54 rows=100000 width=12) (actual rows=100000 loops=1)
        Buffers: shared hit=100186
Planning Time: 0.053 ms
Execution Time: 94.174 ms",100.884,6858.54,100000,"WindowAgg  (cost=0.29..6858.54 rows=100000 width=16) (actual rows=100000 loops=1)
  Buffers: shared hit=100186
  ->  Index Scan using scores_pkey on scores b  (cost=0.29..5108.54 rows=100000 width=12) (actual rows=100000 loops=1)
        Buffers: shared hit=100186
Planning Time: 0.115 ms
Execution Time: 100.884 ms",99.613,6858.54,100000,"WindowAgg  (cost=0.29..6858.54 rows=100000 width=16) (actual rows=100000 loops=1)
  Buffers: shared hit=100186
  ->  Index Scan using scores_pkey on scores b  (cost=0.29..5108.54 rows=100000 width=12) (actual rows=100000 loops=1)
        Buffers: shared hit=100186
Planning Time: 0.127 ms
Execution Time: 99.613 ms",98.936,6858.54,100000,"WindowAgg  (cost=0.29..6858.54 rows=100000 width=16) (actual rows=100000 loops=1)
  Buffers: shared hit=100186
  ->  Index Scan using scores_pkey on scores b  (cost=0.29..5108.54 rows=100000 width=12) (actual rows=100000 loops=1)
        Buffers: shared hit=100186
Planning Time: 0.074 ms
Execution Time: 98.936 ms",103.709,6858.54,100000,"WindowAgg  (cost=0.29..6858.54 rows=100000 width=16) (actual rows=100000 loops=1)
  Buffers: shared hit=100186
  ->  Index Scan using scores_pkey on scores b  (cost=0.29..5108.54 rows=100000 width=12) (actual rows=100000 loops=1)
        Buffers: shared hit=100186
Planning Time: 0.080 ms
Execution Time: 103.709 ms",99.4632,99.613,102.2965,104.839,6858.54,6858.54,100000,100000,100000,100000,1308_121,822,1308,121,Medium,"select a.gender, a.day, sum(b.score_points) as total from schema_1308.scores as a join schema_1308.scores as b on (a.gender = b.gender and a.day >= b.day) group by a.gender, a.day order by a.gender, a.day",1228562.516,62537514.61,100000,"GroupAggregate  (cost=0.58..62537514.61 rows=50368 width=16) (actual rows=100000 loops=1)
  Group Key: a.gender, a.day
  Buffers: shared hit=2504347383
  ->  Nested Loop  (cost=0.58..50036938.29 rows=1666676352 width=12) (actual rows=2500050000 loops=1)
        Buffers: shared hit=2504347383
        ->  Index Only Scan using scores_pkey on scores a  (cost=0.29..2820.29 rows=100000 width=8) (actual rows=100000 loops=1)
              Heap Fetches: 107
              Buffers: shared hit=330
        ->  Index Scan using scores_pkey on scores b  (cost=0.29..333.67 rows=16667 width=12) (actual rows=25000 loops=100000)
              Index Cond: ((gender = a.gender) AND (day <= a.day))
              Buffers: shared hit=2504347053
Planning:
  Buffers: shared hit=2
Planning Time: 0.224 ms
JIT:
  Functions: 9
  Options: Inlining true, Optimization true, Expressions true, Deforming true
Execution Time: 1228562.516 ms",1226944.858,62537514.61,100000,"GroupAggregate  (cost=0.58..62537514.61 rows=50368 width=16) (actual rows=100000 loops=1)
  Group Key: a.gender, a.day
  Buffers: shared hit=2504347383
  ->  Nested Loop  (cost=0.58..50036938.29 rows=1666676352 width=12) (actual rows=2500050000 loops=1)
        Buffers: shared hit=2504347383
        ->  Index Only Scan using scores_pkey on scores a  (cost=0.29..2820.29 rows=100000 width=8) (actual rows=100000 loops=1)
              Heap Fetches: 107
              Buffers: shared hit=330
        ->  Index Scan using scores_pkey on scores b  (cost=0.29..333.67 rows=16667 width=12) (actual rows=25000 loops=100000)
              Index Cond: ((gender = a.gender) AND (day <= a.day))
              Buffers: shared hit=2504347053
Planning:
  Buffers: shared hit=2
Planning Time: 0.260 ms
JIT:
  Functions: 9
  Options: Inlining true, Optimization true, Expressions true, Deforming true
Execution Time: 1226944.858 ms",1227816.092,62537514.61,100000,"GroupAggregate  (cost=0.58..62537514.61 rows=50368 width=16) (actual rows=100000 loops=1)
  Group Key: a.gender, a.day
  Buffers: shared hit=2504347383
  ->  Nested Loop  (cost=0.58..50036938.29 rows=1666676352 width=12) (actual rows=2500050000 loops=1)
        Buffers: shared hit=2504347383
        ->  Index Only Scan using scores_pkey on scores a  (cost=0.29..2820.29 rows=100000 width=8) (actual rows=100000 loops=1)
              Heap Fetches: 107
              Buffers: shared hit=330
        ->  Index Scan using scores_pkey on scores b  (cost=0.29..333.67 rows=16667 width=12) (actual rows=25000 loops=100000)
              Index Cond: ((gender = a.gender) AND (day <= a.day))
              Buffers: shared hit=2504347053
Planning:
  Buffers: shared hit=2
Planning Time: 0.218 ms
JIT:
  Functions: 9
  Options: Inlining true, Optimization true, Expressions true, Deforming true
Execution Time: 1227816.092 ms",1224857.965,62537514.61,100000,"GroupAggregate  (cost=0.58..62537514.61 rows=50368 width=16) (actual rows=100000 loops=1)
  Group Key: a.gender, a.day
  Buffers: shared hit=2504347383
  ->  Nested Loop  (cost=0.58..50036938.29 rows=1666676352 width=12) (actual rows=2500050000 loops=1)
        Buffers: shared hit=2504347383
        ->  Index Only Scan using scores_pkey on scores a  (cost=0.29..2820.29 rows=100000 width=8) (actual rows=100000 loops=1)
              Heap Fetches: 107
              Buffers: shared hit=330
        ->  Index Scan using scores_pkey on scores b  (cost=0.29..333.67 rows=16667 width=12) (actual rows=25000 loops=100000)
              Index Cond: ((gender = a.gender) AND (day <= a.day))
              Buffers: shared hit=2504347053
Planning:
  Buffers: shared hit=2
Planning Time: 0.144 ms
JIT:
  Functions: 9
  Options: Inlining true, Optimization true, Expressions true, Deforming true
Execution Time: 1224857.965 ms",1229158.808,62537514.61,100000,"GroupAggregate  (cost=0.58..62537514.61 rows=50368 width=16) (actual rows=100000 loops=1)
  Group Key: a.gender, a.day
  Buffers: shared hit=2504347383
  ->  Nested Loop  (cost=0.58..50036938.29 rows=1666676352 width=12) (actual rows=2500050000 loops=1)
        Buffers: shared hit=2504347383
        ->  Index Only Scan using scores_pkey on scores a  (cost=0.29..2820.29 rows=100000 width=8) (actual rows=100000 loops=1)
              Heap Fetches: 107
              Buffers: shared hit=330
        ->  Index Scan using scores_pkey on scores b  (cost=0.29..333.67 rows=16667 width=12) (actual rows=25000 loops=100000)
              Index Cond: ((gender = a.gender) AND (day <= a.day))
              Buffers: shared hit=2504347053
Planning:
  Buffers: shared hit=2
Planning Time: 0.209 ms
JIT:
  Functions: 9
  Options: Inlining true, Optimization true, Expressions true, Deforming true
Execution Time: 1229158.808 ms",1227468.048,1227816.092,1228860.662,1229397.325,62537514.61,62537514.61,100000,100000,100000,100000,normal,normal,2815981.31238708,12.080376699999988,unequal variances,significant,0.003968253968253968,-1227368.5847999998,-1227716.479,-62530656.07,0,True
823,1308,122,Medium,"SELECT b.gender AS gender, b.day AS day, SUM(b.score_points) OVER ( PARTITION BY b.gender ORDER BY b.day ASC ) AS total from schema_1308.scores AS b",94.839,6858.54,100000,"WindowAgg  (cost=0.29..6858.54 rows=100000 width=16) (actual rows=100000 loops=1)
  Buffers: shared hit=100186
  ->  Index Scan using scores_pkey on scores b  (cost=0.29..5108.54 rows=100000 width=12) (actual rows=100000 loops=1)
        Buffers: shared hit=100186
Planning Time: 0.046 ms
Execution Time: 94.839 ms",106.99,6858.54,100000,"WindowAgg  (cost=0.29..6858.54 rows=100000 width=16) (actual rows=100000 loops=1)
  Buffers: shared hit=100186
  ->  Index Scan using scores_pkey on scores b  (cost=0.29..5108.54 rows=100000 width=12) (actual rows=100000 loops=1)
        Buffers: shared hit=100186
Planning Time: 0.065 ms
Execution Time: 106.990 ms",100.357,6858.54,100000,"WindowAgg  (cost=0.29..6858.54 rows=100000 width=16) (actual rows=100000 loops=1)
  Buffers: shared hit=100186
  ->  Index Scan using scores_pkey on scores b  (cost=0.29..5108.54 rows=100000 width=12) (actual rows=100000 loops=1)
        Buffers: shared hit=100186
Planning Time: 0.070 ms
Execution Time: 100.357 ms",104.822,6858.54,100000,"WindowAgg  (cost=0.29..6858.54 rows=100000 width=16) (actual rows=100000 loops=1)
  Buffers: shared hit=100186
  ->  Index Scan using scores_pkey on scores b  (cost=0.29..5108.54 rows=100000 width=12) (actual rows=100000 loops=1)
        Buffers: shared hit=100186
Planning Time: 0.057 ms
Execution Time: 104.822 ms",101.163,6858.54,100000,"WindowAgg  (cost=0.29..6858.54 rows=100000 width=16) (actual rows=100000 loops=1)
  Buffers: shared hit=100186
  ->  Index Scan using scores_pkey on scores b  (cost=0.29..5108.54 rows=100000 width=12) (actual rows=100000 loops=1)
        Buffers: shared hit=100186
Planning Time: 0.067 ms
Execution Time: 101.163 ms",101.6342,101.163,105.906,107.8572,6858.54,6858.54,100000,100000,100000,100000,1308_122,823,1308,122,Medium,"select a.gender, a.day, sum(b.score_points) as total from schema_1308.scores as a join schema_1308.scores as b on (a.day >= b.day and a.gender = b.gender) group by a.gender, a.day order by a.gender, a.day",1231000.363,62537514.61,100000,"GroupAggregate  (cost=0.58..62537514.61 rows=50368 width=16) (actual rows=100000 loops=1)
  Group Key: a.gender, a.day
  Buffers: shared hit=2504347383
  ->  Nested Loop  (cost=0.58..50036938.29 rows=1666676352 width=12) (actual rows=2500050000 loops=1)
        Buffers: shared hit=2504347383
        ->  Index Only Scan using scores_pkey on scores a  (cost=0.29..2820.29 rows=100000 width=8) (actual rows=100000 loops=1)
              Heap Fetches: 107
              Buffers: shared hit=330
        ->  Index Scan using scores_pkey on scores b  (cost=0.29..333.67 rows=16667 width=12) (actual rows=25000 loops=100000)
              Index Cond: ((gender = a.gender) AND (day <= a.day))
              Buffers: shared hit=2504347053
Planning:
  Buffers: shared hit=2
Planning Time: 0.155 ms
JIT:
  Functions: 9
  Options: Inlining true, Optimization true, Expressions true, Deforming true
Execution Time: 1231000.363 ms",1229796.604,62537514.61,100000,"GroupAggregate  (cost=0.58..62537514.61 rows=50368 width=16) (actual rows=100000 loops=1)
  Group Key: a.gender, a.day
  Buffers: shared hit=2504347383
  ->  Nested Loop  (cost=0.58..50036938.29 rows=1666676352 width=12) (actual rows=2500050000 loops=1)
        Buffers: shared hit=2504347383
        ->  Index Only Scan using scores_pkey on scores a  (cost=0.29..2820.29 rows=100000 width=8) (actual rows=100000 loops=1)
              Heap Fetches: 107
              Buffers: shared hit=330
        ->  Index Scan using scores_pkey on scores b  (cost=0.29..333.67 rows=16667 width=12) (actual rows=25000 loops=100000)
              Index Cond: ((gender = a.gender) AND (day <= a.day))
              Buffers: shared hit=2504347053
Planning:
  Buffers: shared hit=2
Planning Time: 0.211 ms
JIT:
  Functions: 9
  Options: Inlining true, Optimization true, Expressions true, Deforming true
Execution Time: 1229796.604 ms",1224393.208,62537514.61,100000,"GroupAggregate  (cost=0.58..62537514.61 rows=50368 width=16) (actual rows=100000 loops=1)
  Group Key: a.gender, a.day
  Buffers: shared hit=2504347383
  ->  Nested Loop  (cost=0.58..50036938.29 rows=1666676352 width=12) (actual rows=2500050000 loops=1)
        Buffers: shared hit=2504347383
        ->  Index Only Scan using scores_pkey on scores a  (cost=0.29..2820.29 rows=100000 width=8) (actual rows=100000 loops=1)
              Heap Fetches: 107
              Buffers: shared hit=330
        ->  Index Scan using scores_pkey on scores b  (cost=0.29..333.67 rows=16667 width=12) (actual rows=25000 loops=100000)
              Index Cond: ((gender = a.gender) AND (day <= a.day))
              Buffers: shared hit=2504347053
Planning:
  Buffers: shared hit=2
Planning Time: 0.143 ms
JIT:
  Functions: 9
  Options: Inlining true, Optimization true, Expressions true, Deforming true
Execution Time: 1224393.208 ms",1231188.712,62537514.61,100000,"GroupAggregate  (cost=0.58..62537514.61 rows=50368 width=16) (actual rows=100000 loops=1)
  Group Key: a.gender, a.day
  Buffers: shared hit=2504347383
  ->  Nested Loop  (cost=0.58..50036938.29 rows=1666676352 width=12) (actual rows=2500050000 loops=1)
        Buffers: shared hit=2504347383
        ->  Index Only Scan using scores_pkey on scores a  (cost=0.29..2820.29 rows=100000 width=8) (actual rows=100000 loops=1)
              Heap Fetches: 107
              Buffers: shared hit=330
        ->  Index Scan using scores_pkey on scores b  (cost=0.29..333.67 rows=16667 width=12) (actual rows=25000 loops=100000)
              Index Cond: ((gender = a.gender) AND (day <= a.day))
              Buffers: shared hit=2504347053
Planning:
  Buffers: shared hit=2
Planning Time: 0.220 ms
JIT:
  Functions: 9
  Options: Inlining true, Optimization true, Expressions true, Deforming true
Execution Time: 1231188.712 ms",1229982.081,62537514.61,100000,"GroupAggregate  (cost=0.58..62537514.61 rows=50368 width=16) (actual rows=100000 loops=1)
  Group Key: a.gender, a.day
  Buffers: shared hit=2504347383
  ->  Nested Loop  (cost=0.58..50036938.29 rows=1666676352 width=12) (actual rows=2500050000 loops=1)
        Buffers: shared hit=2504347383
        ->  Index Only Scan using scores_pkey on scores a  (cost=0.29..2820.29 rows=100000 width=8) (actual rows=100000 loops=1)
              Heap Fetches: 107
              Buffers: shared hit=330
        ->  Index Scan using scores_pkey on scores b  (cost=0.29..333.67 rows=16667 width=12) (actual rows=25000 loops=100000)
              Index Cond: ((gender = a.gender) AND (day <= a.day))
              Buffers: shared hit=2504347053
Planning:
  Buffers: shared hit=2
Planning Time: 0.248 ms
JIT:
  Functions: 9
  Options: Inlining true, Optimization true, Expressions true, Deforming true
Execution Time: 1229982.081 ms",1229272.194,1229982.081,1231094.538,1231264.052,62537514.61,62537514.61,100000,100000,100000,100000,not normal,normal,7810764.781487035,21.7186687,equal variances,significant,0.003968253968253968,-1229170.5598,-1229880.918,-62530656.07,0,True
824,1308,138,Medium,"SELECT b.gender AS gender, b.day AS day, SUM(b.score_points) OVER ( PARTITION BY b.gender ORDER BY b.day ASC ) AS total from schema_1308.scores AS b",94.655,6858.54,100000,"WindowAgg  (cost=0.29..6858.54 rows=100000 width=16) (actual rows=100000 loops=1)
  Buffers: shared hit=100186
  ->  Index Scan using scores_pkey on scores b  (cost=0.29..5108.54 rows=100000 width=12) (actual rows=100000 loops=1)
        Buffers: shared hit=100186
Planning Time: 0.046 ms
Execution Time: 94.655 ms",99.748,6858.54,100000,"WindowAgg  (cost=0.29..6858.54 rows=100000 width=16) (actual rows=100000 loops=1)
  Buffers: shared hit=100186
  ->  Index Scan using scores_pkey on scores b  (cost=0.29..5108.54 rows=100000 width=12) (actual rows=100000 loops=1)
        Buffers: shared hit=100186
Planning Time: 0.071 ms
Execution Time: 99.748 ms",101.637,6858.54,100000,"WindowAgg  (cost=0.29..6858.54 rows=100000 width=16) (actual rows=100000 loops=1)
  Buffers: shared hit=100186
  ->  Index Scan using scores_pkey on scores b  (cost=0.29..5108.54 rows=100000 width=12) (actual rows=100000 loops=1)
        Buffers: shared hit=100186
Planning Time: 0.067 ms
Execution Time: 101.637 ms",100.076,6858.54,100000,"WindowAgg  (cost=0.29..6858.54 rows=100000 width=16) (actual rows=100000 loops=1)
  Buffers: shared hit=100186
  ->  Index Scan using scores_pkey on scores b  (cost=0.29..5108.54 rows=100000 width=12) (actual rows=100000 loops=1)
        Buffers: shared hit=100186
Planning Time: 0.066 ms
Execution Time: 100.076 ms",103.154,6858.54,100000,"WindowAgg  (cost=0.29..6858.54 rows=100000 width=16) (actual rows=100000 loops=1)
  Buffers: shared hit=100186
  ->  Index Scan using scores_pkey on scores b  (cost=0.29..5108.54 rows=100000 width=12) (actual rows=100000 loops=1)
        Buffers: shared hit=100186
Planning Time: 0.062 ms
Execution Time: 103.154 ms",99.854,100.076,102.3955,103.7608,6858.54,6858.54,100000,100000,100000,100000,1308_138,824,1308,138,Medium,"select a.gender, a.day, sum(b.score_points) as total from schema_1308.scores as a left outer join schema_1308.scores as b on (a.gender = b.gender and a.day >= b.day) group by a.day, a.gender order by a.gender, a.day",1230934.682,62537514.61,100000,"GroupAggregate  (cost=0.58..62537514.61 rows=50368 width=16) (actual rows=100000 loops=1)
  Group Key: a.gender, a.day
  Buffers: shared hit=2504347383
  ->  Nested Loop Left Join  (cost=0.58..50036938.29 rows=1666676352 width=12) (actual rows=2500050000 loops=1)
        Buffers: shared hit=2504347383
        ->  Index Only Scan using scores_pkey on scores a  (cost=0.29..2820.29 rows=100000 width=8) (actual rows=100000 loops=1)
              Heap Fetches: 107
              Buffers: shared hit=330
        ->  Index Scan using scores_pkey on scores b  (cost=0.29..333.67 rows=16667 width=12) (actual rows=25000 loops=100000)
              Index Cond: ((gender = a.gender) AND (day <= a.day))
              Buffers: shared hit=2504347053
Planning:
  Buffers: shared hit=2
Planning Time: 0.147 ms
JIT:
  Functions: 9
  Options: Inlining true, Optimization true, Expressions true, Deforming true
Execution Time: 1230934.682 ms",1230224.531,62537514.61,100000,"GroupAggregate  (cost=0.58..62537514.61 rows=50368 width=16) (actual rows=100000 loops=1)
  Group Key: a.gender, a.day
  Buffers: shared hit=2504347383
  ->  Nested Loop Left Join  (cost=0.58..50036938.29 rows=1666676352 width=12) (actual rows=2500050000 loops=1)
        Buffers: shared hit=2504347383
        ->  Index Only Scan using scores_pkey on scores a  (cost=0.29..2820.29 rows=100000 width=8) (actual rows=100000 loops=1)
              Heap Fetches: 107
              Buffers: shared hit=330
        ->  Index Scan using scores_pkey on scores b  (cost=0.29..333.67 rows=16667 width=12) (actual rows=25000 loops=100000)
              Index Cond: ((gender = a.gender) AND (day <= a.day))
              Buffers: shared hit=2504347053
Planning:
  Buffers: shared hit=2
Planning Time: 0.189 ms
JIT:
  Functions: 9
  Options: Inlining true, Optimization true, Expressions true, Deforming true
Execution Time: 1230224.531 ms",1229001.204,62537514.61,100000,"GroupAggregate  (cost=0.58..62537514.61 rows=50368 width=16) (actual rows=100000 loops=1)
  Group Key: a.gender, a.day
  Buffers: shared hit=2504347383
  ->  Nested Loop Left Join  (cost=0.58..50036938.29 rows=1666676352 width=12) (actual rows=2500050000 loops=1)
        Buffers: shared hit=2504347383
        ->  Index Only Scan using scores_pkey on scores a  (cost=0.29..2820.29 rows=100000 width=8) (actual rows=100000 loops=1)
              Heap Fetches: 107
              Buffers: shared hit=330
        ->  Index Scan using scores_pkey on scores b  (cost=0.29..333.67 rows=16667 width=12) (actual rows=25000 loops=100000)
              Index Cond: ((gender = a.gender) AND (day <= a.day))
              Buffers: shared hit=2504347053
Planning:
  Buffers: shared hit=2
Planning Time: 0.200 ms
JIT:
  Functions: 9
  Options: Inlining true, Optimization true, Expressions true, Deforming true
Execution Time: 1229001.204 ms",1230228.085,62537514.61,100000,"GroupAggregate  (cost=0.58..62537514.61 rows=50368 width=16) (actual rows=100000 loops=1)
  Group Key: a.gender, a.day
  Buffers: shared hit=2504347383
  ->  Nested Loop Left Join  (cost=0.58..50036938.29 rows=1666676352 width=12) (actual rows=2500050000 loops=1)
        Buffers: shared hit=2504347383
        ->  Index Only Scan using scores_pkey on scores a  (cost=0.29..2820.29 rows=100000 width=8) (actual rows=100000 loops=1)
              Heap Fetches: 107
              Buffers: shared hit=330
        ->  Index Scan using scores_pkey on scores b  (cost=0.29..333.67 rows=16667 width=12) (actual rows=25000 loops=100000)
              Index Cond: ((gender = a.gender) AND (day <= a.day))
              Buffers: shared hit=2504347053
Planning:
  Buffers: shared hit=2
Planning Time: 0.234 ms
JIT:
  Functions: 9
  Options: Inlining true, Optimization true, Expressions true, Deforming true
Execution Time: 1230228.085 ms",1229616.064,62537514.61,100000,"GroupAggregate  (cost=0.58..62537514.61 rows=50368 width=16) (actual rows=100000 loops=1)
  Group Key: a.gender, a.day
  Buffers: shared hit=2504347383
  ->  Nested Loop Left Join  (cost=0.58..50036938.29 rows=1666676352 width=12) (actual rows=2500050000 loops=1)
        Buffers: shared hit=2504347383
        ->  Index Only Scan using scores_pkey on scores a  (cost=0.29..2820.29 rows=100000 width=8) (actual rows=100000 loops=1)
              Heap Fetches: 107
              Buffers: shared hit=330
        ->  Index Scan using scores_pkey on scores b  (cost=0.29..333.67 rows=16667 width=12) (actual rows=25000 loops=100000)
              Index Cond: ((gender = a.gender) AND (day <= a.day))
              Buffers: shared hit=2504347053
Planning:
  Buffers: shared hit=2
Planning Time: 0.155 ms
JIT:
  Functions: 9
  Options: Inlining true, Optimization true, Expressions true, Deforming true
Execution Time: 1229616.064 ms",1230000.913,1230224.531,1230581.384,1231217.321,62537514.61,62537514.61,100000,100000,100000,100000,normal,normal,530265.8775877473,10.28980249999999,equal variances,significant,0.003968253968253968,-1229901.059,-1230124.455,-62530656.07,0,True
830,1308,170,Medium,"SELECT T_scores_0.gender AS gender, T_scores_0.day AS day, SUM(T_scores_0.score_points) OVER ( PARTITION BY T_scores_0.gender ORDER BY T_scores_0.day ASC ) AS total from schema_1308.scores AS T_scores_0 ORDER BY gender ASC,day ASC",96.649,6858.54,100000,"WindowAgg  (cost=0.29..6858.54 rows=100000 width=16) (actual rows=100000 loops=1)
  Buffers: shared hit=100186
  ->  Index Scan using scores_pkey on scores t_scores_0  (cost=0.29..5108.54 rows=100000 width=12) (actual rows=100000 loops=1)
        Buffers: shared hit=100186
Planning Time: 0.068 ms
Execution Time: 96.649 ms",104.043,6858.54,100000,"WindowAgg  (cost=0.29..6858.54 rows=100000 width=16) (actual rows=100000 loops=1)
  Buffers: shared hit=100186
  ->  Index Scan using scores_pkey on scores t_scores_0  (cost=0.29..5108.54 rows=100000 width=12) (actual rows=100000 loops=1)
        Buffers: shared hit=100186
Planning Time: 0.070 ms
Execution Time: 104.043 ms",103.721,6858.54,100000,"WindowAgg  (cost=0.29..6858.54 rows=100000 width=16) (actual rows=100000 loops=1)
  Buffers: shared hit=100186
  ->  Index Scan using scores_pkey on scores t_scores_0  (cost=0.29..5108.54 rows=100000 width=12) (actual rows=100000 loops=1)
        Buffers: shared hit=100186
Planning Time: 0.095 ms
Execution Time: 103.721 ms",102.217,6858.54,100000,"WindowAgg  (cost=0.29..6858.54 rows=100000 width=16) (actual rows=100000 loops=1)
  Buffers: shared hit=100186
  ->  Index Scan using scores_pkey on scores t_scores_0  (cost=0.29..5108.54 rows=100000 width=12) (actual rows=100000 loops=1)
        Buffers: shared hit=100186
Planning Time: 0.109 ms
Execution Time: 102.217 ms",105.4,6858.54,100000,"WindowAgg  (cost=0.29..6858.54 rows=100000 width=16) (actual rows=100000 loops=1)
  Buffers: shared hit=100186
  ->  Index Scan using scores_pkey on scores t_scores_0  (cost=0.29..5108.54 rows=100000 width=12) (actual rows=100000 loops=1)
        Buffers: shared hit=100186
Planning Time: 0.073 ms
Execution Time: 105.400 ms",102.406,103.721,104.7215,105.9428,6858.54,6858.54,100000,100000,100000,100000,1308_170,830,1308,170,Medium,"select gender, day, sum(score_points) over (partition by gender order by day asc) as total from schema_1308.scores group by gender, day order by gender asc, day asc",103.358,6489.98,100000,"WindowAgg  (cost=0.29..6489.98 rows=50368 width=16) (actual rows=100000 loops=1)
  Buffers: shared hit=100186
  ->  Group  (cost=0.29..5608.54 rows=50368 width=12) (actual rows=100000 loops=1)
        Group Key: gender, day
        Buffers: shared hit=100186
        ->  Index Scan using scores_pkey on scores  (cost=0.29..5108.54 rows=100000 width=12) (actual rows=100000 loops=1)
              Buffers: shared hit=100186
Planning:
  Buffers: shared hit=3
Planning Time: 0.059 ms
Execution Time: 103.358 ms",114.28,6489.98,100000,"WindowAgg  (cost=0.29..6489.98 rows=50368 width=16) (actual rows=100000 loops=1)
  Buffers: shared hit=100186
  ->  Group  (cost=0.29..5608.54 rows=50368 width=12) (actual rows=100000 loops=1)
        Group Key: gender, day
        Buffers: shared hit=100186
        ->  Index Scan using scores_pkey on scores  (cost=0.29..5108.54 rows=100000 width=12) (actual rows=100000 loops=1)
              Buffers: shared hit=100186
Planning:
  Buffers: shared hit=3
Planning Time: 0.151 ms
Execution Time: 114.280 ms",111.812,6489.98,100000,"WindowAgg  (cost=0.29..6489.98 rows=50368 width=16) (actual rows=100000 loops=1)
  Buffers: shared hit=100186
  ->  Group  (cost=0.29..5608.54 rows=50368 width=12) (actual rows=100000 loops=1)
        Group Key: gender, day
        Buffers: shared hit=100186
        ->  Index Scan using scores_pkey on scores  (cost=0.29..5108.54 rows=100000 width=12) (actual rows=100000 loops=1)
              Buffers: shared hit=100186
Planning:
  Buffers: shared hit=3
Planning Time: 0.087 ms
Execution Time: 111.812 ms",112.152,6489.98,100000,"WindowAgg  (cost=0.29..6489.98 rows=50368 width=16) (actual rows=100000 loops=1)
  Buffers: shared hit=100186
  ->  Group  (cost=0.29..5608.54 rows=50368 width=12) (actual rows=100000 loops=1)
        Group Key: gender, day
        Buffers: shared hit=100186
        ->  Index Scan using scores_pkey on scores  (cost=0.29..5108.54 rows=100000 width=12) (actual rows=100000 loops=1)
              Buffers: shared hit=100186
Planning:
  Buffers: shared hit=3
Planning Time: 0.099 ms
Execution Time: 112.152 ms",112.127,6489.98,100000,"WindowAgg  (cost=0.29..6489.98 rows=50368 width=16) (actual rows=100000 loops=1)
  Buffers: shared hit=100186
  ->  Group  (cost=0.29..5608.54 rows=50368 width=12) (actual rows=100000 loops=1)
        Group Key: gender, day
        Buffers: shared hit=100186
        ->  Index Scan using scores_pkey on scores  (cost=0.29..5108.54 rows=100000 width=12) (actual rows=100000 loops=1)
              Buffers: shared hit=100186
Planning:
  Buffers: shared hit=3
Planning Time: 0.093 ms
Execution Time: 112.127 ms",110.7458,112.127,113.216,115.1312,6489.98,6489.98,100000,100000,100000,100000,not normal,normal,18.023013199999983,11.637950000000012,equal variances,significant,0.027777777777777776,-8.339799999999997,-8.405999999999992,368.5600000000004,0,True
833,1308,191,Medium,"SELECT T_scores_0.gender AS gender, T_scores_0.day AS day, SUM(T_scores_0.score_points) OVER ( PARTITION BY T_scores_0.gender ORDER BY T_scores_0.gender ASC,T_scores_0.day ASC ) AS total from schema_1308.scores AS T_scores_0",96.671,7108.54,100000,"WindowAgg  (cost=0.29..7108.54 rows=100000 width=16) (actual rows=100000 loops=1)
  Buffers: shared hit=100186
  ->  Index Scan using scores_pkey on scores t_scores_0  (cost=0.29..5108.54 rows=100000 width=12) (actual rows=100000 loops=1)
        Buffers: shared hit=100186
Planning Time: 0.046 ms
Execution Time: 96.671 ms",103.906,7108.54,100000,"WindowAgg  (cost=0.29..7108.54 rows=100000 width=16) (actual rows=100000 loops=1)
  Buffers: shared hit=100186
  ->  Index Scan using scores_pkey on scores t_scores_0  (cost=0.29..5108.54 rows=100000 width=12) (actual rows=100000 loops=1)
        Buffers: shared hit=100186
Planning Time: 0.064 ms
Execution Time: 103.906 ms",102.264,7108.54,100000,"WindowAgg  (cost=0.29..7108.54 rows=100000 width=16) (actual rows=100000 loops=1)
  Buffers: shared hit=100186
  ->  Index Scan using scores_pkey on scores t_scores_0  (cost=0.29..5108.54 rows=100000 width=12) (actual rows=100000 loops=1)
        Buffers: shared hit=100186
Planning Time: 0.064 ms
Execution Time: 102.264 ms",104.97,7108.54,100000,"WindowAgg  (cost=0.29..7108.54 rows=100000 width=16) (actual rows=100000 loops=1)
  Buffers: shared hit=100186
  ->  Index Scan using scores_pkey on scores t_scores_0  (cost=0.29..5108.54 rows=100000 width=12) (actual rows=100000 loops=1)
        Buffers: shared hit=100186
Planning Time: 0.070 ms
Execution Time: 104.970 ms",102.162,7108.54,100000,"WindowAgg  (cost=0.29..7108.54 rows=100000 width=16) (actual rows=100000 loops=1)
  Buffers: shared hit=100186
  ->  Index Scan using scores_pkey on scores t_scores_0  (cost=0.29..5108.54 rows=100000 width=12) (actual rows=100000 loops=1)
        Buffers: shared hit=100186
Planning Time: 0.102 ms
Execution Time: 102.162 ms",101.9946,102.264,104.438,105.3956,7108.54,7108.54,100000,100000,100000,100000,1308_191,833,1308,191,Medium,"select gender, day, sum(score_points) over (partition by gender order by gender, day) as total from schema_1308.scores group by gender, day order by gender, day",103.188,6615.9,100000,"WindowAgg  (cost=0.29..6615.90 rows=50368 width=16) (actual rows=100000 loops=1)
  Buffers: shared hit=100186
  ->  Group  (cost=0.29..5608.54 rows=50368 width=12) (actual rows=100000 loops=1)
        Group Key: gender, day
        Buffers: shared hit=100186
        ->  Index Scan using scores_pkey on scores  (cost=0.29..5108.54 rows=100000 width=12) (actual rows=100000 loops=1)
              Buffers: shared hit=100186
Planning:
  Buffers: shared hit=3
Planning Time: 0.061 ms
Execution Time: 103.188 ms",112.19,6615.9,100000,"WindowAgg  (cost=0.29..6615.90 rows=50368 width=16) (actual rows=100000 loops=1)
  Buffers: shared hit=100186
  ->  Group  (cost=0.29..5608.54 rows=50368 width=12) (actual rows=100000 loops=1)
        Group Key: gender, day
        Buffers: shared hit=100186
        ->  Index Scan using scores_pkey on scores  (cost=0.29..5108.54 rows=100000 width=12) (actual rows=100000 loops=1)
              Buffers: shared hit=100186
Planning:
  Buffers: shared hit=3
Planning Time: 0.083 ms
Execution Time: 112.190 ms",111.101,6615.9,100000,"WindowAgg  (cost=0.29..6615.90 rows=50368 width=16) (actual rows=100000 loops=1)
  Buffers: shared hit=100186
  ->  Group  (cost=0.29..5608.54 rows=50368 width=12) (actual rows=100000 loops=1)
        Group Key: gender, day
        Buffers: shared hit=100186
        ->  Index Scan using scores_pkey on scores  (cost=0.29..5108.54 rows=100000 width=12) (actual rows=100000 loops=1)
              Buffers: shared hit=100186
Planning:
  Buffers: shared hit=3
Planning Time: 0.102 ms
Execution Time: 111.101 ms",110.231,6615.9,100000,"WindowAgg  (cost=0.29..6615.90 rows=50368 width=16) (actual rows=100000 loops=1)
  Buffers: shared hit=100186
  ->  Group  (cost=0.29..5608.54 rows=50368 width=12) (actual rows=100000 loops=1)
        Group Key: gender, day
        Buffers: shared hit=100186
        ->  Index Scan using scores_pkey on scores  (cost=0.29..5108.54 rows=100000 width=12) (actual rows=100000 loops=1)
              Buffers: shared hit=100186
Planning:
  Buffers: shared hit=3
Planning Time: 0.169 ms
Execution Time: 110.231 ms",113.999,6615.9,100000,"WindowAgg  (cost=0.29..6615.90 rows=50368 width=16) (actual rows=100000 loops=1)
  Buffers: shared hit=100186
  ->  Group  (cost=0.29..5608.54 rows=50368 width=12) (actual rows=100000 loops=1)
        Group Key: gender, day
        Buffers: shared hit=100186
        ->  Index Scan using scores_pkey on scores  (cost=0.29..5108.54 rows=100000 width=12) (actual rows=100000 loops=1)
              Buffers: shared hit=100186
Planning:
  Buffers: shared hit=3
Planning Time: 0.092 ms
Execution Time: 113.999 ms",110.1418,111.101,113.0945,114.7226,6615.9,6615.9,100000,100000,100000,100000,normal,normal,17.08911769999998,10.236942799999987,equal variances,significant,0.015873015873015872,-8.147199999999998,-8.837000000000003,492.6400000000003,0,True
834,1308,202,Medium,"SELECT T_scores_0.gender AS gender, T_scores_0.day AS day, SUM(T_scores_0.score_points) OVER ( PARTITION BY T_scores_0.gender ORDER BY T_scores_0.day ASC ) AS total from schema_1308.scores AS T_scores_0",103.332,6858.54,100000,"WindowAgg  (cost=0.29..6858.54 rows=100000 width=16) (actual rows=100000 loops=1)
  Buffers: shared hit=100186
  ->  Index Scan using scores_pkey on scores t_scores_0  (cost=0.29..5108.54 rows=100000 width=12) (actual rows=100000 loops=1)
        Buffers: shared hit=100186
Planning Time: 0.067 ms
Execution Time: 103.332 ms",104.263,6858.54,100000,"WindowAgg  (cost=0.29..6858.54 rows=100000 width=16) (actual rows=100000 loops=1)
  Buffers: shared hit=100186
  ->  Index Scan using scores_pkey on scores t_scores_0  (cost=0.29..5108.54 rows=100000 width=12) (actual rows=100000 loops=1)
        Buffers: shared hit=100186
Planning Time: 0.076 ms
Execution Time: 104.263 ms",102.265,6858.54,100000,"WindowAgg  (cost=0.29..6858.54 rows=100000 width=16) (actual rows=100000 loops=1)
  Buffers: shared hit=100186
  ->  Index Scan using scores_pkey on scores t_scores_0  (cost=0.29..5108.54 rows=100000 width=12) (actual rows=100000 loops=1)
        Buffers: shared hit=100186
Planning Time: 0.076 ms
Execution Time: 102.265 ms",109.748,6858.54,100000,"WindowAgg  (cost=0.29..6858.54 rows=100000 width=16) (actual rows=100000 loops=1)
  Buffers: shared hit=100186
  ->  Index Scan using scores_pkey on scores t_scores_0  (cost=0.29..5108.54 rows=100000 width=12) (actual rows=100000 loops=1)
        Buffers: shared hit=100186
Planning Time: 0.063 ms
Execution Time: 109.748 ms",104.738,6858.54,100000,"WindowAgg  (cost=0.29..6858.54 rows=100000 width=16) (actual rows=100000 loops=1)
  Buffers: shared hit=100186
  ->  Index Scan using scores_pkey on scores t_scores_0  (cost=0.29..5108.54 rows=100000 width=12) (actual rows=100000 loops=1)
        Buffers: shared hit=100186
Planning Time: 0.064 ms
Execution Time: 104.738 ms",104.8692,104.263,107.243,111.752,6858.54,6858.54,100000,100000,100000,100000,1308_202,834,1308,202,Medium,"select gender, day, sum(score_points) over (partition by gender order by day asc) as total from schema_1308.scores group by 1, 2",103.633,6489.98,100000,"WindowAgg  (cost=0.29..6489.98 rows=50368 width=16) (actual rows=100000 loops=1)
  Buffers: shared hit=100186
  ->  Group  (cost=0.29..5608.54 rows=50368 width=12) (actual rows=100000 loops=1)
        Group Key: gender, day
        Buffers: shared hit=100186
        ->  Index Scan using scores_pkey on scores  (cost=0.29..5108.54 rows=100000 width=12) (actual rows=100000 loops=1)
              Buffers: shared hit=100186
Planning:
  Buffers: shared hit=3
Planning Time: 0.059 ms
Execution Time: 103.633 ms",114.427,6489.98,100000,"WindowAgg  (cost=0.29..6489.98 rows=50368 width=16) (actual rows=100000 loops=1)
  Buffers: shared hit=100186
  ->  Group  (cost=0.29..5608.54 rows=50368 width=12) (actual rows=100000 loops=1)
        Group Key: gender, day
        Buffers: shared hit=100186
        ->  Index Scan using scores_pkey on scores  (cost=0.29..5108.54 rows=100000 width=12) (actual rows=100000 loops=1)
              Buffers: shared hit=100186
Planning:
  Buffers: shared hit=3
Planning Time: 0.095 ms
Execution Time: 114.427 ms",111.768,6489.98,100000,"WindowAgg  (cost=0.29..6489.98 rows=50368 width=16) (actual rows=100000 loops=1)
  Buffers: shared hit=100186
  ->  Group  (cost=0.29..5608.54 rows=50368 width=12) (actual rows=100000 loops=1)
        Group Key: gender, day
        Buffers: shared hit=100186
        ->  Index Scan using scores_pkey on scores  (cost=0.29..5108.54 rows=100000 width=12) (actual rows=100000 loops=1)
              Buffers: shared hit=100186
Planning:
  Buffers: shared hit=3
Planning Time: 0.097 ms
Execution Time: 111.768 ms",113.121,6489.98,100000,"WindowAgg  (cost=0.29..6489.98 rows=50368 width=16) (actual rows=100000 loops=1)
  Buffers: shared hit=100186
  ->  Group  (cost=0.29..5608.54 rows=50368 width=12) (actual rows=100000 loops=1)
        Group Key: gender, day
        Buffers: shared hit=100186
        ->  Index Scan using scores_pkey on scores  (cost=0.29..5108.54 rows=100000 width=12) (actual rows=100000 loops=1)
              Buffers: shared hit=100186
Planning:
  Buffers: shared hit=3
Planning Time: 0.113 ms
Execution Time: 113.121 ms",112.539,6489.98,100000,"WindowAgg  (cost=0.29..6489.98 rows=50368 width=16) (actual rows=100000 loops=1)
  Buffers: shared hit=100186
  ->  Group  (cost=0.29..5608.54 rows=50368 width=12) (actual rows=100000 loops=1)
        Group Key: gender, day
        Buffers: shared hit=100186
        ->  Index Scan using scores_pkey on scores  (cost=0.29..5108.54 rows=100000 width=12) (actual rows=100000 loops=1)
              Buffers: shared hit=100186
Planning:
  Buffers: shared hit=3
Planning Time: 0.061 ms
Execution Time: 112.539 ms",111.0976,112.539,113.774,114.9494,6489.98,6489.98,100000,100000,100000,100000,not normal,normal,18.356593800000024,8.333055700000013,equal variances,significant,0.027777777777777776,-6.2283999999999935,-8.275999999999996,368.5600000000004,0,True
837,1308,214,Medium,"SELECT T_scores_0.gender AS gender, T_scores_0.day AS day, SUM(T_scores_0.score_points) OVER ( PARTITION BY T_scores_0.gender ORDER BY T_scores_0.day ASC ) AS total from schema_1308.scores AS T_scores_0",101.168,6858.54,100000,"WindowAgg  (cost=0.29..6858.54 rows=100000 width=16) (actual rows=100000 loops=1)
  Buffers: shared hit=100186
  ->  Index Scan using scores_pkey on scores t_scores_0  (cost=0.29..5108.54 rows=100000 width=12) (actual rows=100000 loops=1)
        Buffers: shared hit=100186
Planning Time: 0.053 ms
Execution Time: 101.168 ms",103.275,6858.54,100000,"WindowAgg  (cost=0.29..6858.54 rows=100000 width=16) (actual rows=100000 loops=1)
  Buffers: shared hit=100186
  ->  Index Scan using scores_pkey on scores t_scores_0  (cost=0.29..5108.54 rows=100000 width=12) (actual rows=100000 loops=1)
        Buffers: shared hit=100186
Planning Time: 0.072 ms
Execution Time: 103.275 ms",103.707,6858.54,100000,"WindowAgg  (cost=0.29..6858.54 rows=100000 width=16) (actual rows=100000 loops=1)
  Buffers: shared hit=100186
  ->  Index Scan using scores_pkey on scores t_scores_0  (cost=0.29..5108.54 rows=100000 width=12) (actual rows=100000 loops=1)
        Buffers: shared hit=100186
Planning Time: 0.059 ms
Execution Time: 103.707 ms",104.216,6858.54,100000,"WindowAgg  (cost=0.29..6858.54 rows=100000 width=16) (actual rows=100000 loops=1)
  Buffers: shared hit=100186
  ->  Index Scan using scores_pkey on scores t_scores_0  (cost=0.29..5108.54 rows=100000 width=12) (actual rows=100000 loops=1)
        Buffers: shared hit=100186
Planning Time: 0.085 ms
Execution Time: 104.216 ms",103.966,6858.54,100000,"WindowAgg  (cost=0.29..6858.54 rows=100000 width=16) (actual rows=100000 loops=1)
  Buffers: shared hit=100186
  ->  Index Scan using scores_pkey on scores t_scores_0  (cost=0.29..5108.54 rows=100000 width=12) (actual rows=100000 loops=1)
        Buffers: shared hit=100186
Planning Time: 0.079 ms
Execution Time: 103.966 ms",103.2664,103.707,104.091,104.316,6858.54,6858.54,100000,100000,100000,100000,1308_214,837,1308,214,Medium,"select gender, day, sum(score_points) over (partition by gender order by day rows between unbounded preceding and current row) as total from schema_1308.scores group by 1, 2",92.362,6489.98,100000,"WindowAgg  (cost=0.29..6489.98 rows=50368 width=16) (actual rows=100000 loops=1)
  Buffers: shared hit=100186
  ->  Group  (cost=0.29..5608.54 rows=50368 width=12) (actual rows=100000 loops=1)
        Group Key: gender, day
        Buffers: shared hit=100186
        ->  Index Scan using scores_pkey on scores  (cost=0.29..5108.54 rows=100000 width=12) (actual rows=100000 loops=1)
              Buffers: shared hit=100186
Planning:
  Buffers: shared hit=3
Planning Time: 0.083 ms
Execution Time: 92.362 ms",100.591,6489.98,100000,"WindowAgg  (cost=0.29..6489.98 rows=50368 width=16) (actual rows=100000 loops=1)
  Buffers: shared hit=100186
  ->  Group  (cost=0.29..5608.54 rows=50368 width=12) (actual rows=100000 loops=1)
        Group Key: gender, day
        Buffers: shared hit=100186
        ->  Index Scan using scores_pkey on scores  (cost=0.29..5108.54 rows=100000 width=12) (actual rows=100000 loops=1)
              Buffers: shared hit=100186
Planning:
  Buffers: shared hit=3
Planning Time: 0.087 ms
Execution Time: 100.591 ms",98.992,6489.98,100000,"WindowAgg  (cost=0.29..6489.98 rows=50368 width=16) (actual rows=100000 loops=1)
  Buffers: shared hit=100186
  ->  Group  (cost=0.29..5608.54 rows=50368 width=12) (actual rows=100000 loops=1)
        Group Key: gender, day
        Buffers: shared hit=100186
        ->  Index Scan using scores_pkey on scores  (cost=0.29..5108.54 rows=100000 width=12) (actual rows=100000 loops=1)
              Buffers: shared hit=100186
Planning:
  Buffers: shared hit=3
Planning Time: 0.096 ms
Execution Time: 98.992 ms",100.312,6489.98,100000,"WindowAgg  (cost=0.29..6489.98 rows=50368 width=16) (actual rows=100000 loops=1)
  Buffers: shared hit=100186
  ->  Group  (cost=0.29..5608.54 rows=50368 width=12) (actual rows=100000 loops=1)
        Group Key: gender, day
        Buffers: shared hit=100186
        ->  Index Scan using scores_pkey on scores  (cost=0.29..5108.54 rows=100000 width=12) (actual rows=100000 loops=1)
              Buffers: shared hit=100186
Planning:
  Buffers: shared hit=3
Planning Time: 0.078 ms
Execution Time: 100.312 ms",100.723,6489.98,100000,"WindowAgg  (cost=0.29..6489.98 rows=50368 width=16) (actual rows=100000 loops=1)
  Buffers: shared hit=100186
  ->  Group  (cost=0.29..5608.54 rows=50368 width=12) (actual rows=100000 loops=1)
        Group Key: gender, day
        Buffers: shared hit=100186
        ->  Index Scan using scores_pkey on scores  (cost=0.29..5108.54 rows=100000 width=12) (actual rows=100000 loops=1)
              Buffers: shared hit=100186
Planning:
  Buffers: shared hit=3
Planning Time: 0.101 ms
Execution Time: 100.723 ms",98.596,100.312,100.657,100.7758,6489.98,6489.98,100000,100000,100000,100000,not normal,normal,12.617095500000008,1.4971662999999873,equal variances,not significant,1.0,4.670400000000001,3.394999999999996,368.5600000000004,0,True
838,1308,219,Medium,"SELECT T_cte_10.c_gender6 AS gender, T_cte_10.c_day6 AS day, SUM(T_cte_10.c_5) AS total FROM (SELECT SUM(T_scores_0.score_points) OVER ( PARTITION BY T_scores_0.gender ORDER BY T_scores_0.day ASC ) AS c_5, T_scores_0.gender AS c_gender6, T_scores_0.day AS c_day6 from schema_1308.scores AS T_scores_0 GROUP BY T_scores_0.gender,T_scores_0.day) AS T_cte_10 GROUP BY T_cte_10.c_gender6,T_cte_10.c_day6",148.861,7434.38,100000,"GroupAggregate  (cost=0.29..7434.38 rows=5037 width=40) (actual rows=100000 loops=1)
  Group Key: t_scores_0.gender, t_scores_0.day
  Buffers: shared hit=100186
  ->  WindowAgg  (cost=0.29..6489.98 rows=50368 width=16) (actual rows=100000 loops=1)
        Buffers: shared hit=100186
        ->  Group  (cost=0.29..5608.54 rows=50368 width=12) (actual rows=100000 loops=1)
              Group Key: t_scores_0.gender, t_scores_0.day
              Buffers: shared hit=100186
              ->  Index Scan using scores_pkey on scores t_scores_0  (cost=0.29..5108.54 rows=100000 width=12) (actual rows=100000 loops=1)
                    Buffers: shared hit=100186
Planning:
  Buffers: shared hit=3
Planning Time: 0.092 ms
Execution Time: 148.861 ms",153.818,7434.38,100000,"GroupAggregate  (cost=0.29..7434.38 rows=5037 width=40) (actual rows=100000 loops=1)
  Group Key: t_scores_0.gender, t_scores_0.day
  Buffers: shared hit=100186
  ->  WindowAgg  (cost=0.29..6489.98 rows=50368 width=16) (actual rows=100000 loops=1)
        Buffers: shared hit=100186
        ->  Group  (cost=0.29..5608.54 rows=50368 width=12) (actual rows=100000 loops=1)
              Group Key: t_scores_0.gender, t_scores_0.day
              Buffers: shared hit=100186
              ->  Index Scan using scores_pkey on scores t_scores_0  (cost=0.29..5108.54 rows=100000 width=12) (actual rows=100000 loops=1)
                    Buffers: shared hit=100186
Planning:
  Buffers: shared hit=3
Planning Time: 0.120 ms
Execution Time: 153.818 ms",155.132,7434.38,100000,"GroupAggregate  (cost=0.29..7434.38 rows=5037 width=40) (actual rows=100000 loops=1)
  Group Key: t_scores_0.gender, t_scores_0.day
  Buffers: shared hit=100186
  ->  WindowAgg  (cost=0.29..6489.98 rows=50368 width=16) (actual rows=100000 loops=1)
        Buffers: shared hit=100186
        ->  Group  (cost=0.29..5608.54 rows=50368 width=12) (actual rows=100000 loops=1)
              Group Key: t_scores_0.gender, t_scores_0.day
              Buffers: shared hit=100186
              ->  Index Scan using scores_pkey on scores t_scores_0  (cost=0.29..5108.54 rows=100000 width=12) (actual rows=100000 loops=1)
                    Buffers: shared hit=100186
Planning:
  Buffers: shared hit=3
Planning Time: 0.117 ms
Execution Time: 155.132 ms",152.277,7434.38,100000,"GroupAggregate  (cost=0.29..7434.38 rows=5037 width=40) (actual rows=100000 loops=1)
  Group Key: t_scores_0.gender, t_scores_0.day
  Buffers: shared hit=100186
  ->  WindowAgg  (cost=0.29..6489.98 rows=50368 width=16) (actual rows=100000 loops=1)
        Buffers: shared hit=100186
        ->  Group  (cost=0.29..5608.54 rows=50368 width=12) (actual rows=100000 loops=1)
              Group Key: t_scores_0.gender, t_scores_0.day
              Buffers: shared hit=100186
              ->  Index Scan using scores_pkey on scores t_scores_0  (cost=0.29..5108.54 rows=100000 width=12) (actual rows=100000 loops=1)
                    Buffers: shared hit=100186
Planning:
  Buffers: shared hit=3
Planning Time: 0.115 ms
Execution Time: 152.277 ms",155.45,7434.38,100000,"GroupAggregate  (cost=0.29..7434.38 rows=5037 width=40) (actual rows=100000 loops=1)
  Group Key: t_scores_0.gender, t_scores_0.day
  Buffers: shared hit=100186
  ->  WindowAgg  (cost=0.29..6489.98 rows=50368 width=16) (actual rows=100000 loops=1)
        Buffers: shared hit=100186
        ->  Group  (cost=0.29..5608.54 rows=50368 width=12) (actual rows=100000 loops=1)
              Group Key: t_scores_0.gender, t_scores_0.day
              Buffers: shared hit=100186
              ->  Index Scan using scores_pkey on scores t_scores_0  (cost=0.29..5108.54 rows=100000 width=12) (actual rows=100000 loops=1)
                    Buffers: shared hit=100186
Planning:
  Buffers: shared hit=3
Planning Time: 0.127 ms
Execution Time: 155.450 ms",153.1076,153.818,155.291,155.5772,7434.38,7434.38,100000,100000,100000,100000,1308_219,838,1308,219,Medium,"select gender, day, sum(score_points) over (partition by gender order by day) as total from (select gender, day, sum(score_points) as score_points from schema_1308.scores group by gender, day) as t order by gender, day",139.959,7747.34,100000,"WindowAgg  (cost=0.29..7747.34 rows=50368 width=40) (actual rows=100000 loops=1)
  Buffers: shared hit=100186
  ->  GroupAggregate  (cost=0.29..6362.22 rows=50368 width=16) (actual rows=100000 loops=1)
        Group Key: scores.gender, scores.day
        Buffers: shared hit=100186
        ->  Index Scan using scores_pkey on scores  (cost=0.29..5108.54 rows=100000 width=12) (actual rows=100000 loops=1)
              Buffers: shared hit=100186
Planning:
  Buffers: shared hit=3
Planning Time: 0.088 ms
Execution Time: 139.959 ms",152.071,7747.34,100000,"WindowAgg  (cost=0.29..7747.34 rows=50368 width=40) (actual rows=100000 loops=1)
  Buffers: shared hit=100186
  ->  GroupAggregate  (cost=0.29..6362.22 rows=50368 width=16) (actual rows=100000 loops=1)
        Group Key: scores.gender, scores.day
        Buffers: shared hit=100186
        ->  Index Scan using scores_pkey on scores  (cost=0.29..5108.54 rows=100000 width=12) (actual rows=100000 loops=1)
              Buffers: shared hit=100186
Planning:
  Buffers: shared hit=3
Planning Time: 0.127 ms
Execution Time: 152.071 ms",151.378,7747.34,100000,"WindowAgg  (cost=0.29..7747.34 rows=50368 width=40) (actual rows=100000 loops=1)
  Buffers: shared hit=100186
  ->  GroupAggregate  (cost=0.29..6362.22 rows=50368 width=16) (actual rows=100000 loops=1)
        Group Key: scores.gender, scores.day
        Buffers: shared hit=100186
        ->  Index Scan using scores_pkey on scores  (cost=0.29..5108.54 rows=100000 width=12) (actual rows=100000 loops=1)
              Buffers: shared hit=100186
Planning:
  Buffers: shared hit=3
Planning Time: 0.121 ms
Execution Time: 151.378 ms",148.286,7747.34,100000,"WindowAgg  (cost=0.29..7747.34 rows=50368 width=40) (actual rows=100000 loops=1)
  Buffers: shared hit=100186
  ->  GroupAggregate  (cost=0.29..6362.22 rows=50368 width=16) (actual rows=100000 loops=1)
        Group Key: scores.gender, scores.day
        Buffers: shared hit=100186
        ->  Index Scan using scores_pkey on scores  (cost=0.29..5108.54 rows=100000 width=12) (actual rows=100000 loops=1)
              Buffers: shared hit=100186
Planning:
  Buffers: shared hit=3
Planning Time: 0.160 ms
Execution Time: 148.286 ms",153.338,7747.34,100000,"WindowAgg  (cost=0.29..7747.34 rows=50368 width=40) (actual rows=100000 loops=1)
  Buffers: shared hit=100186
  ->  GroupAggregate  (cost=0.29..6362.22 rows=50368 width=16) (actual rows=100000 loops=1)
        Group Key: scores.gender, scores.day
        Buffers: shared hit=100186
        ->  Index Scan using scores_pkey on scores  (cost=0.29..5108.54 rows=100000 width=12) (actual rows=100000 loops=1)
              Buffers: shared hit=100186
Planning:
  Buffers: shared hit=3
Planning Time: 0.119 ms
Execution Time: 153.338 ms",149.0064,151.378,152.7045,153.8448,7747.34,7747.34,100000,100000,100000,100000,normal,normal,29.038360299999955,7.203302300000023,equal variances,not significant,0.9722222222222222,4.101199999999977,2.440000000000026,-312.96000000000004,0,True
840,1308,249,Medium,"SELECT T_scores_0.gender AS gender, T_scores_0.day AS day, SUM(T_scores_0.score_points) OVER ( PARTITION BY T_scores_0.gender ORDER BY T_scores_0.day ASC ) AS total from schema_1308.scores AS T_scores_0 ORDER BY gender ASC,day ASC",97.769,6858.54,100000,"WindowAgg  (cost=0.29..6858.54 rows=100000 width=16) (actual rows=100000 loops=1)
  Buffers: shared hit=100186
  ->  Index Scan using scores_pkey on scores t_scores_0  (cost=0.29..5108.54 rows=100000 width=12) (actual rows=100000 loops=1)
        Buffers: shared hit=100186
Planning Time: 0.075 ms
Execution Time: 97.769 ms",101.224,6858.54,100000,"WindowAgg  (cost=0.29..6858.54 rows=100000 width=16) (actual rows=100000 loops=1)
  Buffers: shared hit=100186
  ->  Index Scan using scores_pkey on scores t_scores_0  (cost=0.29..5108.54 rows=100000 width=12) (actual rows=100000 loops=1)
        Buffers: shared hit=100186
Planning Time: 0.080 ms
Execution Time: 101.224 ms",102.898,6858.54,100000,"WindowAgg  (cost=0.29..6858.54 rows=100000 width=16) (actual rows=100000 loops=1)
  Buffers: shared hit=100186
  ->  Index Scan using scores_pkey on scores t_scores_0  (cost=0.29..5108.54 rows=100000 width=12) (actual rows=100000 loops=1)
        Buffers: shared hit=100186
Planning Time: 0.112 ms
Execution Time: 102.898 ms",103.177,6858.54,100000,"WindowAgg  (cost=0.29..6858.54 rows=100000 width=16) (actual rows=100000 loops=1)
  Buffers: shared hit=100186
  ->  Index Scan using scores_pkey on scores t_scores_0  (cost=0.29..5108.54 rows=100000 width=12) (actual rows=100000 loops=1)
        Buffers: shared hit=100186
Planning Time: 0.081 ms
Execution Time: 103.177 ms",100.15,6858.54,100000,"WindowAgg  (cost=0.29..6858.54 rows=100000 width=16) (actual rows=100000 loops=1)
  Buffers: shared hit=100186
  ->  Index Scan using scores_pkey on scores t_scores_0  (cost=0.29..5108.54 rows=100000 width=12) (actual rows=100000 loops=1)
        Buffers: shared hit=100186
Planning Time: 0.060 ms
Execution Time: 100.150 ms",101.0436,101.224,103.0375,103.2886,6858.54,6858.54,100000,100000,100000,100000,1308_249,840,1308,249,Medium,"select gender, day, sum(score_points) over (partition by gender order by day) as total from schema_1308.scores group by 1, 2 order by gender asc, day asc",107.402,6489.98,100000,"WindowAgg  (cost=0.29..6489.98 rows=50368 width=16) (actual rows=100000 loops=1)
  Buffers: shared hit=100186
  ->  Group  (cost=0.29..5608.54 rows=50368 width=12) (actual rows=100000 loops=1)
        Group Key: gender, day
        Buffers: shared hit=100186
        ->  Index Scan using scores_pkey on scores  (cost=0.29..5108.54 rows=100000 width=12) (actual rows=100000 loops=1)
              Buffers: shared hit=100186
Planning:
  Buffers: shared hit=3
Planning Time: 0.088 ms
Execution Time: 107.402 ms",111.146,6489.98,100000,"WindowAgg  (cost=0.29..6489.98 rows=50368 width=16) (actual rows=100000 loops=1)
  Buffers: shared hit=100186
  ->  Group  (cost=0.29..5608.54 rows=50368 width=12) (actual rows=100000 loops=1)
        Group Key: gender, day
        Buffers: shared hit=100186
        ->  Index Scan using scores_pkey on scores  (cost=0.29..5108.54 rows=100000 width=12) (actual rows=100000 loops=1)
              Buffers: shared hit=100186
Planning:
  Buffers: shared hit=3
Planning Time: 0.084 ms
Execution Time: 111.146 ms",112.638,6489.98,100000,"WindowAgg  (cost=0.29..6489.98 rows=50368 width=16) (actual rows=100000 loops=1)
  Buffers: shared hit=100186
  ->  Group  (cost=0.29..5608.54 rows=50368 width=12) (actual rows=100000 loops=1)
        Group Key: gender, day
        Buffers: shared hit=100186
        ->  Index Scan using scores_pkey on scores  (cost=0.29..5108.54 rows=100000 width=12) (actual rows=100000 loops=1)
              Buffers: shared hit=100186
Planning:
  Buffers: shared hit=3
Planning Time: 0.101 ms
Execution Time: 112.638 ms",110.985,6489.98,100000,"WindowAgg  (cost=0.29..6489.98 rows=50368 width=16) (actual rows=100000 loops=1)
  Buffers: shared hit=100186
  ->  Group  (cost=0.29..5608.54 rows=50368 width=12) (actual rows=100000 loops=1)
        Group Key: gender, day
        Buffers: shared hit=100186
        ->  Index Scan using scores_pkey on scores  (cost=0.29..5108.54 rows=100000 width=12) (actual rows=100000 loops=1)
              Buffers: shared hit=100186
Planning:
  Buffers: shared hit=3
Planning Time: 0.123 ms
Execution Time: 110.985 ms",110.364,6489.98,100000,"WindowAgg  (cost=0.29..6489.98 rows=50368 width=16) (actual rows=100000 loops=1)
  Buffers: shared hit=100186
  ->  Group  (cost=0.29..5608.54 rows=50368 width=12) (actual rows=100000 loops=1)
        Group Key: gender, day
        Buffers: shared hit=100186
        ->  Index Scan using scores_pkey on scores  (cost=0.29..5108.54 rows=100000 width=12) (actual rows=100000 loops=1)
              Buffers: shared hit=100186
Planning:
  Buffers: shared hit=3
Planning Time: 0.099 ms
Execution Time: 110.364 ms",110.507,110.985,111.892,113.2348,6489.98,6489.98,100000,100000,100000,100000,normal,normal,3.7098600000000035,4.886066299999992,equal variances,significant,0.003968253968253968,-9.463400000000007,-9.760999999999996,368.5600000000004,0,True
842,1308,254,Medium,"SELECT T_cte_24.c_gender12 AS gender, T_cte_24.c_day12 AS day, SUM(T_cte_24.c_11) AS total FROM (SELECT SUM(T_scores_0.score_points) OVER ( PARTITION BY T_scores_0.gender ORDER BY T_scores_0.day ASC ) AS c_11, T_scores_0.day AS c_day12, T_scores_0.gender AS c_gender12 from schema_1308.scores AS T_scores_0 GROUP BY T_scores_0.gender,T_scores_0.day) AS T_cte_24 GROUP BY T_cte_24.c_gender12,T_cte_24.c_day12",150.152,7434.38,100000,"GroupAggregate  (cost=0.29..7434.38 rows=5037 width=40) (actual rows=100000 loops=1)
  Group Key: t_scores_0.gender, t_scores_0.day
  Buffers: shared hit=100186
  ->  WindowAgg  (cost=0.29..6489.98 rows=50368 width=16) (actual rows=100000 loops=1)
        Buffers: shared hit=100186
        ->  Group  (cost=0.29..5608.54 rows=50368 width=12) (actual rows=100000 loops=1)
              Group Key: t_scores_0.gender, t_scores_0.day
              Buffers: shared hit=100186
              ->  Index Scan using scores_pkey on scores t_scores_0  (cost=0.29..5108.54 rows=100000 width=12) (actual rows=100000 loops=1)
                    Buffers: shared hit=100186
Planning:
  Buffers: shared hit=3
Planning Time: 0.121 ms
Execution Time: 150.152 ms",152.767,7434.38,100000,"GroupAggregate  (cost=0.29..7434.38 rows=5037 width=40) (actual rows=100000 loops=1)
  Group Key: t_scores_0.gender, t_scores_0.day
  Buffers: shared hit=100186
  ->  WindowAgg  (cost=0.29..6489.98 rows=50368 width=16) (actual rows=100000 loops=1)
        Buffers: shared hit=100186
        ->  Group  (cost=0.29..5608.54 rows=50368 width=12) (actual rows=100000 loops=1)
              Group Key: t_scores_0.gender, t_scores_0.day
              Buffers: shared hit=100186
              ->  Index Scan using scores_pkey on scores t_scores_0  (cost=0.29..5108.54 rows=100000 width=12) (actual rows=100000 loops=1)
                    Buffers: shared hit=100186
Planning:
  Buffers: shared hit=3
Planning Time: 0.117 ms
Execution Time: 152.767 ms",152.156,7434.38,100000,"GroupAggregate  (cost=0.29..7434.38 rows=5037 width=40) (actual rows=100000 loops=1)
  Group Key: t_scores_0.gender, t_scores_0.day
  Buffers: shared hit=100186
  ->  WindowAgg  (cost=0.29..6489.98 rows=50368 width=16) (actual rows=100000 loops=1)
        Buffers: shared hit=100186
        ->  Group  (cost=0.29..5608.54 rows=50368 width=12) (actual rows=100000 loops=1)
              Group Key: t_scores_0.gender, t_scores_0.day
              Buffers: shared hit=100186
              ->  Index Scan using scores_pkey on scores t_scores_0  (cost=0.29..5108.54 rows=100000 width=12) (actual rows=100000 loops=1)
                    Buffers: shared hit=100186
Planning:
  Buffers: shared hit=3
Planning Time: 0.128 ms
Execution Time: 152.156 ms",154.981,7434.38,100000,"GroupAggregate  (cost=0.29..7434.38 rows=5037 width=40) (actual rows=100000 loops=1)
  Group Key: t_scores_0.gender, t_scores_0.day
  Buffers: shared hit=100186
  ->  WindowAgg  (cost=0.29..6489.98 rows=50368 width=16) (actual rows=100000 loops=1)
        Buffers: shared hit=100186
        ->  Group  (cost=0.29..5608.54 rows=50368 width=12) (actual rows=100000 loops=1)
              Group Key: t_scores_0.gender, t_scores_0.day
              Buffers: shared hit=100186
              ->  Index Scan using scores_pkey on scores t_scores_0  (cost=0.29..5108.54 rows=100000 width=12) (actual rows=100000 loops=1)
                    Buffers: shared hit=100186
Planning:
  Buffers: shared hit=3
Planning Time: 0.142 ms
Execution Time: 154.981 ms",154.204,7434.38,100000,"GroupAggregate  (cost=0.29..7434.38 rows=5037 width=40) (actual rows=100000 loops=1)
  Group Key: t_scores_0.gender, t_scores_0.day
  Buffers: shared hit=100186
  ->  WindowAgg  (cost=0.29..6489.98 rows=50368 width=16) (actual rows=100000 loops=1)
        Buffers: shared hit=100186
        ->  Group  (cost=0.29..5608.54 rows=50368 width=12) (actual rows=100000 loops=1)
              Group Key: t_scores_0.gender, t_scores_0.day
              Buffers: shared hit=100186
              ->  Index Scan using scores_pkey on scores t_scores_0  (cost=0.29..5108.54 rows=100000 width=12) (actual rows=100000 loops=1)
                    Buffers: shared hit=100186
Planning:
  Buffers: shared hit=3
Planning Time: 0.126 ms
Execution Time: 154.204 ms",152.852,152.767,154.5925,155.2918,7434.38,7434.38,100000,100000,100000,100000,1308_254,842,1308,254,Medium,"select gender, day, sum(total) over (partition by gender order by day) as total from (select gender, day, sum(score_points) as total from schema_1308.scores group by gender, day) as a order by gender, day",139.504,7747.34,100000,"WindowAgg  (cost=0.29..7747.34 rows=50368 width=40) (actual rows=100000 loops=1)
  Buffers: shared hit=100186
  ->  GroupAggregate  (cost=0.29..6362.22 rows=50368 width=16) (actual rows=100000 loops=1)
        Group Key: scores.gender, scores.day
        Buffers: shared hit=100186
        ->  Index Scan using scores_pkey on scores  (cost=0.29..5108.54 rows=100000 width=12) (actual rows=100000 loops=1)
              Buffers: shared hit=100186
Planning:
  Buffers: shared hit=3
Planning Time: 0.087 ms
Execution Time: 139.504 ms",146.564,7747.34,100000,"WindowAgg  (cost=0.29..7747.34 rows=50368 width=40) (actual rows=100000 loops=1)
  Buffers: shared hit=100186
  ->  GroupAggregate  (cost=0.29..6362.22 rows=50368 width=16) (actual rows=100000 loops=1)
        Group Key: scores.gender, scores.day
        Buffers: shared hit=100186
        ->  Index Scan using scores_pkey on scores  (cost=0.29..5108.54 rows=100000 width=12) (actual rows=100000 loops=1)
              Buffers: shared hit=100186
Planning:
  Buffers: shared hit=3
Planning Time: 0.130 ms
Execution Time: 146.564 ms",149.204,7747.34,100000,"WindowAgg  (cost=0.29..7747.34 rows=50368 width=40) (actual rows=100000 loops=1)
  Buffers: shared hit=100186
  ->  GroupAggregate  (cost=0.29..6362.22 rows=50368 width=16) (actual rows=100000 loops=1)
        Group Key: scores.gender, scores.day
        Buffers: shared hit=100186
        ->  Index Scan using scores_pkey on scores  (cost=0.29..5108.54 rows=100000 width=12) (actual rows=100000 loops=1)
              Buffers: shared hit=100186
Planning:
  Buffers: shared hit=3
Planning Time: 0.176 ms
Execution Time: 149.204 ms",144.617,7747.34,100000,"WindowAgg  (cost=0.29..7747.34 rows=50368 width=40) (actual rows=100000 loops=1)
  Buffers: shared hit=100186
  ->  GroupAggregate  (cost=0.29..6362.22 rows=50368 width=16) (actual rows=100000 loops=1)
        Group Key: scores.gender, scores.day
        Buffers: shared hit=100186
        ->  Index Scan using scores_pkey on scores  (cost=0.29..5108.54 rows=100000 width=12) (actual rows=100000 loops=1)
              Buffers: shared hit=100186
Planning:
  Buffers: shared hit=3
Planning Time: 0.144 ms
Execution Time: 144.617 ms",151.217,7747.34,100000,"WindowAgg  (cost=0.29..7747.34 rows=50368 width=40) (actual rows=100000 loops=1)
  Buffers: shared hit=100186
  ->  GroupAggregate  (cost=0.29..6362.22 rows=50368 width=16) (actual rows=100000 loops=1)
        Group Key: scores.gender, scores.day
        Buffers: shared hit=100186
        ->  Index Scan using scores_pkey on scores  (cost=0.29..5108.54 rows=100000 width=12) (actual rows=100000 loops=1)
              Buffers: shared hit=100186
Planning:
  Buffers: shared hit=3
Planning Time: 0.125 ms
Execution Time: 151.217 ms",146.2212,146.564,150.2105,152.0222,7747.34,7747.34,100000,100000,100000,100000,normal,normal,20.41671470000008,3.5355465000000152,equal variances,not significant,0.996031746031746,6.630799999999994,6.203000000000003,-312.96000000000004,0,True
843,1308,255,Medium,"SELECT T_cte_22.c_gender9 AS gender, T_cte_22.c_day9 AS day, SUM(T_cte_22.c_8) AS total FROM (SELECT SUM(T_scores_0.score_points) OVER ( PARTITION BY T_scores_0.gender ORDER BY T_scores_0.day ASC ) AS c_8, T_scores_0.gender AS c_gender9, T_scores_0.day AS c_day9 from schema_1308.scores AS T_scores_0 GROUP BY T_scores_0.gender,T_scores_0.day) AS T_cte_22 GROUP BY T_cte_22.c_gender9,T_cte_22.c_day9",145.238,7434.38,100000,"GroupAggregate  (cost=0.29..7434.38 rows=5037 width=40) (actual rows=100000 loops=1)
  Group Key: t_scores_0.gender, t_scores_0.day
  Buffers: shared hit=100186
  ->  WindowAgg  (cost=0.29..6489.98 rows=50368 width=16) (actual rows=100000 loops=1)
        Buffers: shared hit=100186
        ->  Group  (cost=0.29..5608.54 rows=50368 width=12) (actual rows=100000 loops=1)
              Group Key: t_scores_0.gender, t_scores_0.day
              Buffers: shared hit=100186
              ->  Index Scan using scores_pkey on scores t_scores_0  (cost=0.29..5108.54 rows=100000 width=12) (actual rows=100000 loops=1)
                    Buffers: shared hit=100186
Planning:
  Buffers: shared hit=3
Planning Time: 0.080 ms
Execution Time: 145.238 ms",152.232,7434.38,100000,"GroupAggregate  (cost=0.29..7434.38 rows=5037 width=40) (actual rows=100000 loops=1)
  Group Key: t_scores_0.gender, t_scores_0.day
  Buffers: shared hit=100186
  ->  WindowAgg  (cost=0.29..6489.98 rows=50368 width=16) (actual rows=100000 loops=1)
        Buffers: shared hit=100186
        ->  Group  (cost=0.29..5608.54 rows=50368 width=12) (actual rows=100000 loops=1)
              Group Key: t_scores_0.gender, t_scores_0.day
              Buffers: shared hit=100186
              ->  Index Scan using scores_pkey on scores t_scores_0  (cost=0.29..5108.54 rows=100000 width=12) (actual rows=100000 loops=1)
                    Buffers: shared hit=100186
Planning:
  Buffers: shared hit=3
Planning Time: 0.185 ms
Execution Time: 152.232 ms",156.887,7434.38,100000,"GroupAggregate  (cost=0.29..7434.38 rows=5037 width=40) (actual rows=100000 loops=1)
  Group Key: t_scores_0.gender, t_scores_0.day
  Buffers: shared hit=100186
  ->  WindowAgg  (cost=0.29..6489.98 rows=50368 width=16) (actual rows=100000 loops=1)
        Buffers: shared hit=100186
        ->  Group  (cost=0.29..5608.54 rows=50368 width=12) (actual rows=100000 loops=1)
              Group Key: t_scores_0.gender, t_scores_0.day
              Buffers: shared hit=100186
              ->  Index Scan using scores_pkey on scores t_scores_0  (cost=0.29..5108.54 rows=100000 width=12) (actual rows=100000 loops=1)
                    Buffers: shared hit=100186
Planning:
  Buffers: shared hit=3
Planning Time: 0.126 ms
Execution Time: 156.887 ms",154.663,7434.38,100000,"GroupAggregate  (cost=0.29..7434.38 rows=5037 width=40) (actual rows=100000 loops=1)
  Group Key: t_scores_0.gender, t_scores_0.day
  Buffers: shared hit=100186
  ->  WindowAgg  (cost=0.29..6489.98 rows=50368 width=16) (actual rows=100000 loops=1)
        Buffers: shared hit=100186
        ->  Group  (cost=0.29..5608.54 rows=50368 width=12) (actual rows=100000 loops=1)
              Group Key: t_scores_0.gender, t_scores_0.day
              Buffers: shared hit=100186
              ->  Index Scan using scores_pkey on scores t_scores_0  (cost=0.29..5108.54 rows=100000 width=12) (actual rows=100000 loops=1)
                    Buffers: shared hit=100186
Planning:
  Buffers: shared hit=3
Planning Time: 0.140 ms
Execution Time: 154.663 ms",162.479,7434.38,100000,"GroupAggregate  (cost=0.29..7434.38 rows=5037 width=40) (actual rows=100000 loops=1)
  Group Key: t_scores_0.gender, t_scores_0.day
  Buffers: shared hit=100186
  ->  WindowAgg  (cost=0.29..6489.98 rows=50368 width=16) (actual rows=100000 loops=1)
        Buffers: shared hit=100186
        ->  Group  (cost=0.29..5608.54 rows=50368 width=12) (actual rows=100000 loops=1)
              Group Key: t_scores_0.gender, t_scores_0.day
              Buffers: shared hit=100186
              ->  Index Scan using scores_pkey on scores t_scores_0  (cost=0.29..5108.54 rows=100000 width=12) (actual rows=100000 loops=1)
                    Buffers: shared hit=100186
Planning:
  Buffers: shared hit=3
Planning Time: 0.135 ms
Execution Time: 162.479 ms",154.2998,154.663,159.683,164.7158,7434.38,7434.38,100000,100000,100000,100000,1308_255,843,1308,255,Medium,"select gender, day, sum(total) over (partition by gender order by day) as total from (select gender, day, sum(score_points) as total from schema_1308.scores group by gender, day order by gender, day) as temp",141.8,7747.34,100000,"WindowAgg  (cost=0.29..7747.34 rows=50368 width=40) (actual rows=100000 loops=1)
  Buffers: shared hit=100186
  ->  GroupAggregate  (cost=0.29..6362.22 rows=50368 width=16) (actual rows=100000 loops=1)
        Group Key: scores.gender, scores.day
        Buffers: shared hit=100186
        ->  Index Scan using scores_pkey on scores  (cost=0.29..5108.54 rows=100000 width=12) (actual rows=100000 loops=1)
              Buffers: shared hit=100186
Planning:
  Buffers: shared hit=3
Planning Time: 0.160 ms
Execution Time: 141.800 ms",149.117,7747.34,100000,"WindowAgg  (cost=0.29..7747.34 rows=50368 width=40) (actual rows=100000 loops=1)
  Buffers: shared hit=100186
  ->  GroupAggregate  (cost=0.29..6362.22 rows=50368 width=16) (actual rows=100000 loops=1)
        Group Key: scores.gender, scores.day
        Buffers: shared hit=100186
        ->  Index Scan using scores_pkey on scores  (cost=0.29..5108.54 rows=100000 width=12) (actual rows=100000 loops=1)
              Buffers: shared hit=100186
Planning:
  Buffers: shared hit=3
Planning Time: 0.225 ms
Execution Time: 149.117 ms",148.666,7747.34,100000,"WindowAgg  (cost=0.29..7747.34 rows=50368 width=40) (actual rows=100000 loops=1)
  Buffers: shared hit=100186
  ->  GroupAggregate  (cost=0.29..6362.22 rows=50368 width=16) (actual rows=100000 loops=1)
        Group Key: scores.gender, scores.day
        Buffers: shared hit=100186
        ->  Index Scan using scores_pkey on scores  (cost=0.29..5108.54 rows=100000 width=12) (actual rows=100000 loops=1)
              Buffers: shared hit=100186
Planning:
  Buffers: shared hit=3
Planning Time: 0.155 ms
Execution Time: 148.666 ms",148.761,7747.34,100000,"WindowAgg  (cost=0.29..7747.34 rows=50368 width=40) (actual rows=100000 loops=1)
  Buffers: shared hit=100186
  ->  GroupAggregate  (cost=0.29..6362.22 rows=50368 width=16) (actual rows=100000 loops=1)
        Group Key: scores.gender, scores.day
        Buffers: shared hit=100186
        ->  Index Scan using scores_pkey on scores  (cost=0.29..5108.54 rows=100000 width=12) (actual rows=100000 loops=1)
              Buffers: shared hit=100186
Planning:
  Buffers: shared hit=3
Planning Time: 0.136 ms
Execution Time: 148.761 ms",157.182,7747.34,100000,"WindowAgg  (cost=0.29..7747.34 rows=50368 width=40) (actual rows=100000 loops=1)
  Buffers: shared hit=100186
  ->  GroupAggregate  (cost=0.29..6362.22 rows=50368 width=16) (actual rows=100000 loops=1)
        Group Key: scores.gender, scores.day
        Buffers: shared hit=100186
        ->  Index Scan using scores_pkey on scores  (cost=0.29..5108.54 rows=100000 width=12) (actual rows=100000 loops=1)
              Buffers: shared hit=100186
Planning:
  Buffers: shared hit=3
Planning Time: 0.114 ms
Execution Time: 157.182 ms",149.1052,148.761,153.1495,160.408,7747.34,7747.34,100000,100000,100000,100000,normal,normal,29.728038699999907,40.02921170000006,equal variances,not significant,0.8888888888888888,5.194600000000008,5.902000000000015,-312.96000000000004,0,True
845,1308,258,Medium,"SELECT aggregate.c_gender0 AS gender, aggregate.c_day0 AS day, aggregate.c_0 AS total FROM (SELECT T_scores_0.gender AS c_gender0, T_scores_0.day AS c_day0, SUM(T_scores_0.score_points) OVER ( PARTITION BY T_scores_0.gender ORDER BY T_scores_0.day ASC ) AS c_0 from schema_1308.scores AS T_scores_0) AS aggregate",96.363,6858.54,100000,"WindowAgg  (cost=0.29..6858.54 rows=100000 width=16) (actual rows=100000 loops=1)
  Buffers: shared hit=100186
  ->  Index Scan using scores_pkey on scores t_scores_0  (cost=0.29..5108.54 rows=100000 width=12) (actual rows=100000 loops=1)
        Buffers: shared hit=100186
Planning Time: 0.055 ms
Execution Time: 96.363 ms",106.352,6858.54,100000,"WindowAgg  (cost=0.29..6858.54 rows=100000 width=16) (actual rows=100000 loops=1)
  Buffers: shared hit=100186
  ->  Index Scan using scores_pkey on scores t_scores_0  (cost=0.29..5108.54 rows=100000 width=12) (actual rows=100000 loops=1)
        Buffers: shared hit=100186
Planning Time: 0.105 ms
Execution Time: 106.352 ms",103.073,6858.54,100000,"WindowAgg  (cost=0.29..6858.54 rows=100000 width=16) (actual rows=100000 loops=1)
  Buffers: shared hit=100186
  ->  Index Scan using scores_pkey on scores t_scores_0  (cost=0.29..5108.54 rows=100000 width=12) (actual rows=100000 loops=1)
        Buffers: shared hit=100186
Planning Time: 0.083 ms
Execution Time: 103.073 ms",100.078,6858.54,100000,"WindowAgg  (cost=0.29..6858.54 rows=100000 width=16) (actual rows=100000 loops=1)
  Buffers: shared hit=100186
  ->  Index Scan using scores_pkey on scores t_scores_0  (cost=0.29..5108.54 rows=100000 width=12) (actual rows=100000 loops=1)
        Buffers: shared hit=100186
Planning Time: 0.073 ms
Execution Time: 100.078 ms",103.864,6858.54,100000,"WindowAgg  (cost=0.29..6858.54 rows=100000 width=16) (actual rows=100000 loops=1)
  Buffers: shared hit=100186
  ->  Index Scan using scores_pkey on scores t_scores_0  (cost=0.29..5108.54 rows=100000 width=12) (actual rows=100000 loops=1)
        Buffers: shared hit=100186
Planning Time: 0.151 ms
Execution Time: 103.864 ms",101.946,103.073,105.108,107.3472,6858.54,6858.54,100000,100000,100000,100000,1308_258,845,1308,258,Medium,"select gender, day, total from (select gender, day, score_points, sum(score_points) over (partition by gender order by day) as total from schema_1308.scores) as aggregate",100.373,7858.54,100000,"Subquery Scan on aggregate  (cost=0.29..7858.54 rows=100000 width=16) (actual rows=100000 loops=1)
  Buffers: shared hit=100186
  ->  WindowAgg  (cost=0.29..6858.54 rows=100000 width=20) (actual rows=100000 loops=1)
        Buffers: shared hit=100186
        ->  Index Scan using scores_pkey on scores  (cost=0.29..5108.54 rows=100000 width=12) (actual rows=100000 loops=1)
              Buffers: shared hit=100186
Planning Time: 0.056 ms
Execution Time: 100.373 ms",111.319,7858.54,100000,"Subquery Scan on aggregate  (cost=0.29..7858.54 rows=100000 width=16) (actual rows=100000 loops=1)
  Buffers: shared hit=100186
  ->  WindowAgg  (cost=0.29..6858.54 rows=100000 width=20) (actual rows=100000 loops=1)
        Buffers: shared hit=100186
        ->  Index Scan using scores_pkey on scores  (cost=0.29..5108.54 rows=100000 width=12) (actual rows=100000 loops=1)
              Buffers: shared hit=100186
Planning Time: 0.090 ms
Execution Time: 111.319 ms",111.868,7858.54,100000,"Subquery Scan on aggregate  (cost=0.29..7858.54 rows=100000 width=16) (actual rows=100000 loops=1)
  Buffers: shared hit=100186
  ->  WindowAgg  (cost=0.29..6858.54 rows=100000 width=20) (actual rows=100000 loops=1)
        Buffers: shared hit=100186
        ->  Index Scan using scores_pkey on scores  (cost=0.29..5108.54 rows=100000 width=12) (actual rows=100000 loops=1)
              Buffers: shared hit=100186
Planning Time: 0.063 ms
Execution Time: 111.868 ms",106.707,7858.54,100000,"Subquery Scan on aggregate  (cost=0.29..7858.54 rows=100000 width=16) (actual rows=100000 loops=1)
  Buffers: shared hit=100186
  ->  WindowAgg  (cost=0.29..6858.54 rows=100000 width=20) (actual rows=100000 loops=1)
        Buffers: shared hit=100186
        ->  Index Scan using scores_pkey on scores  (cost=0.29..5108.54 rows=100000 width=12) (actual rows=100000 loops=1)
              Buffers: shared hit=100186
Planning Time: 0.081 ms
Execution Time: 106.707 ms",109.786,7858.54,100000,"Subquery Scan on aggregate  (cost=0.29..7858.54 rows=100000 width=16) (actual rows=100000 loops=1)
  Buffers: shared hit=100186
  ->  WindowAgg  (cost=0.29..6858.54 rows=100000 width=20) (actual rows=100000 loops=1)
        Buffers: shared hit=100186
        ->  Index Scan using scores_pkey on scores  (cost=0.29..5108.54 rows=100000 width=12) (actual rows=100000 loops=1)
              Buffers: shared hit=100186
Planning Time: 0.088 ms
Execution Time: 109.786 ms",108.0106,109.786,111.5935,112.0876,7858.54,7858.54,100000,100000,100000,100000,normal,normal,22.25234929999998,14.755250500000008,equal variances,significant,0.027777777777777776,-6.064599999999999,-6.713000000000008,-1000.0,0,True
846,1308,283,Medium,"SELECT p2.gender AS gender, p2.day AS day, SUM(p2.score_points) OVER ( PARTITION BY p2.gender ORDER BY p2.day ASC ) AS total from schema_1308.scores AS p2",95.916,6858.54,100000,"WindowAgg  (cost=0.29..6858.54 rows=100000 width=16) (actual rows=100000 loops=1)
  Buffers: shared hit=100186
  ->  Index Scan using scores_pkey on scores p2  (cost=0.29..5108.54 rows=100000 width=12) (actual rows=100000 loops=1)
        Buffers: shared hit=100186
Planning Time: 0.058 ms
Execution Time: 95.916 ms",104.002,6858.54,100000,"WindowAgg  (cost=0.29..6858.54 rows=100000 width=16) (actual rows=100000 loops=1)
  Buffers: shared hit=100186
  ->  Index Scan using scores_pkey on scores p2  (cost=0.29..5108.54 rows=100000 width=12) (actual rows=100000 loops=1)
        Buffers: shared hit=100186
Planning Time: 0.078 ms
Execution Time: 104.002 ms",104.997,6858.54,100000,"WindowAgg  (cost=0.29..6858.54 rows=100000 width=16) (actual rows=100000 loops=1)
  Buffers: shared hit=100186
  ->  Index Scan using scores_pkey on scores p2  (cost=0.29..5108.54 rows=100000 width=12) (actual rows=100000 loops=1)
        Buffers: shared hit=100186
Planning Time: 0.070 ms
Execution Time: 104.997 ms",102.596,6858.54,100000,"WindowAgg  (cost=0.29..6858.54 rows=100000 width=16) (actual rows=100000 loops=1)
  Buffers: shared hit=100186
  ->  Index Scan using scores_pkey on scores p2  (cost=0.29..5108.54 rows=100000 width=12) (actual rows=100000 loops=1)
        Buffers: shared hit=100186
Planning Time: 0.099 ms
Execution Time: 102.596 ms",103.411,6858.54,100000,"WindowAgg  (cost=0.29..6858.54 rows=100000 width=16) (actual rows=100000 loops=1)
  Buffers: shared hit=100186
  ->  Index Scan using scores_pkey on scores p2  (cost=0.29..5108.54 rows=100000 width=12) (actual rows=100000 loops=1)
        Buffers: shared hit=100186
Planning Time: 0.068 ms
Execution Time: 103.411 ms",102.1844,103.411,104.4995,105.395,6858.54,6858.54,100000,100000,100000,100000,1308_283,846,1308,283,Medium,"select p1.gender, p1.day, sum(p2.score_points) as total from schema_1308.scores as p1 join schema_1308.scores as p2 on (p1.gender = p2.gender and p1.day >= p2.day) group by p1.gender, p1.day order by p1.gender, p1.day",1220766.89,62537514.61,100000,"GroupAggregate  (cost=0.58..62537514.61 rows=50368 width=16) (actual rows=100000 loops=1)
  Group Key: p1.gender, p1.day
  Buffers: shared hit=2504347383
  ->  Nested Loop  (cost=0.58..50036938.29 rows=1666676352 width=12) (actual rows=2500050000 loops=1)
        Buffers: shared hit=2504347383
        ->  Index Only Scan using scores_pkey on scores p1  (cost=0.29..2820.29 rows=100000 width=8) (actual rows=100000 loops=1)
              Heap Fetches: 107
              Buffers: shared hit=330
        ->  Index Scan using scores_pkey on scores p2  (cost=0.29..333.67 rows=16667 width=12) (actual rows=25000 loops=100000)
              Index Cond: ((gender = p1.gender) AND (day <= p1.day))
              Buffers: shared hit=2504347053
Planning:
  Buffers: shared hit=2
Planning Time: 0.159 ms
JIT:
  Functions: 9
  Options: Inlining true, Optimization true, Expressions true, Deforming true
Execution Time: 1220766.890 ms",1219769.516,62537514.61,100000,"GroupAggregate  (cost=0.58..62537514.61 rows=50368 width=16) (actual rows=100000 loops=1)
  Group Key: p1.gender, p1.day
  Buffers: shared hit=2504347383
  ->  Nested Loop  (cost=0.58..50036938.29 rows=1666676352 width=12) (actual rows=2500050000 loops=1)
        Buffers: shared hit=2504347383
        ->  Index Only Scan using scores_pkey on scores p1  (cost=0.29..2820.29 rows=100000 width=8) (actual rows=100000 loops=1)
              Heap Fetches: 107
              Buffers: shared hit=330
        ->  Index Scan using scores_pkey on scores p2  (cost=0.29..333.67 rows=16667 width=12) (actual rows=25000 loops=100000)
              Index Cond: ((gender = p1.gender) AND (day <= p1.day))
              Buffers: shared hit=2504347053
Planning:
  Buffers: shared hit=2
Planning Time: 0.196 ms
JIT:
  Functions: 9
  Options: Inlining true, Optimization true, Expressions true, Deforming true
Execution Time: 1219769.516 ms",1220937.268,62537514.61,100000,"GroupAggregate  (cost=0.58..62537514.61 rows=50368 width=16) (actual rows=100000 loops=1)
  Group Key: p1.gender, p1.day
  Buffers: shared hit=2504347383
  ->  Nested Loop  (cost=0.58..50036938.29 rows=1666676352 width=12) (actual rows=2500050000 loops=1)
        Buffers: shared hit=2504347383
        ->  Index Only Scan using scores_pkey on scores p1  (cost=0.29..2820.29 rows=100000 width=8) (actual rows=100000 loops=1)
              Heap Fetches: 107
              Buffers: shared hit=330
        ->  Index Scan using scores_pkey on scores p2  (cost=0.29..333.67 rows=16667 width=12) (actual rows=25000 loops=100000)
              Index Cond: ((gender = p1.gender) AND (day <= p1.day))
              Buffers: shared hit=2504347053
Planning:
  Buffers: shared hit=2
Planning Time: 0.246 ms
JIT:
  Functions: 9
  Options: Inlining true, Optimization true, Expressions true, Deforming true
Execution Time: 1220937.268 ms",1220051.852,62537514.61,100000,"GroupAggregate  (cost=0.58..62537514.61 rows=50368 width=16) (actual rows=100000 loops=1)
  Group Key: p1.gender, p1.day
  Buffers: shared hit=2504347383
  ->  Nested Loop  (cost=0.58..50036938.29 rows=1666676352 width=12) (actual rows=2500050000 loops=1)
        Buffers: shared hit=2504347383
        ->  Index Only Scan using scores_pkey on scores p1  (cost=0.29..2820.29 rows=100000 width=8) (actual rows=100000 loops=1)
              Heap Fetches: 107
              Buffers: shared hit=330
        ->  Index Scan using scores_pkey on scores p2  (cost=0.29..333.67 rows=16667 width=12) (actual rows=25000 loops=100000)
              Index Cond: ((gender = p1.gender) AND (day <= p1.day))
              Buffers: shared hit=2504347053
Planning:
  Buffers: shared hit=2
Planning Time: 0.214 ms
JIT:
  Functions: 9
  Options: Inlining true, Optimization true, Expressions true, Deforming true
Execution Time: 1220051.852 ms",1218830.948,62537514.61,100000,"GroupAggregate  (cost=0.58..62537514.61 rows=50368 width=16) (actual rows=100000 loops=1)
  Group Key: p1.gender, p1.day
  Buffers: shared hit=2504347383
  ->  Nested Loop  (cost=0.58..50036938.29 rows=1666676352 width=12) (actual rows=2500050000 loops=1)
        Buffers: shared hit=2504347383
        ->  Index Only Scan using scores_pkey on scores p1  (cost=0.29..2820.29 rows=100000 width=8) (actual rows=100000 loops=1)
              Heap Fetches: 107
              Buffers: shared hit=330
        ->  Index Scan using scores_pkey on scores p2  (cost=0.29..333.67 rows=16667 width=12) (actual rows=25000 loops=100000)
              Index Cond: ((gender = p1.gender) AND (day <= p1.day))
              Buffers: shared hit=2504347053
Planning:
  Buffers: shared hit=2
Planning Time: 0.238 ms
JIT:
  Functions: 9
  Options: Inlining true, Optimization true, Expressions true, Deforming true
Execution Time: 1218830.948 ms",1220071.295,1220051.852,1220852.079,1221005.419,62537514.61,62537514.61,100000,100000,100000,100000,normal,normal,715917.729063066,13.045297300000007,unequal variances,significant,0.003968253968253968,-1219969.1106,-1219948.4409999999,-62530656.07,0,True
849,1308,294,Medium,"SELECT s2.gender AS gender, s2.day AS day, SUM(s2.score_points) OVER ( PARTITION BY s2.gender ORDER BY s2.day ASC ) AS total from schema_1308.scores AS s2",95.241,6858.54,100000,"WindowAgg  (cost=0.29..6858.54 rows=100000 width=16) (actual rows=100000 loops=1)
  Buffers: shared hit=100186
  ->  Index Scan using scores_pkey on scores s2  (cost=0.29..5108.54 rows=100000 width=12) (actual rows=100000 loops=1)
        Buffers: shared hit=100186
Planning Time: 0.045 ms
Execution Time: 95.241 ms",104.405,6858.54,100000,"WindowAgg  (cost=0.29..6858.54 rows=100000 width=16) (actual rows=100000 loops=1)
  Buffers: shared hit=100186
  ->  Index Scan using scores_pkey on scores s2  (cost=0.29..5108.54 rows=100000 width=12) (actual rows=100000 loops=1)
        Buffers: shared hit=100186
Planning Time: 0.072 ms
Execution Time: 104.405 ms",104.693,6858.54,100000,"WindowAgg  (cost=0.29..6858.54 rows=100000 width=16) (actual rows=100000 loops=1)
  Buffers: shared hit=100186
  ->  Index Scan using scores_pkey on scores s2  (cost=0.29..5108.54 rows=100000 width=12) (actual rows=100000 loops=1)
        Buffers: shared hit=100186
Planning Time: 0.067 ms
Execution Time: 104.693 ms",107.147,6858.54,100000,"WindowAgg  (cost=0.29..6858.54 rows=100000 width=16) (actual rows=100000 loops=1)
  Buffers: shared hit=100186
  ->  Index Scan using scores_pkey on scores s2  (cost=0.29..5108.54 rows=100000 width=12) (actual rows=100000 loops=1)
        Buffers: shared hit=100186
Planning Time: 0.066 ms
Execution Time: 107.147 ms",103.907,6858.54,100000,"WindowAgg  (cost=0.29..6858.54 rows=100000 width=16) (actual rows=100000 loops=1)
  Buffers: shared hit=100186
  ->  Index Scan using scores_pkey on scores s2  (cost=0.29..5108.54 rows=100000 width=12) (actual rows=100000 loops=1)
        Buffers: shared hit=100186
Planning Time: 0.050 ms
Execution Time: 103.907 ms",103.0786,104.405,105.92,108.1286,6858.54,6858.54,100000,100000,100000,100000,1308_294,849,1308,294,Medium,"select s1.gender, s1.day, sum(s2.score_points) as total from schema_1308.scores as s1 join schema_1308.scores as s2 on (s1.gender = s2.gender and s2.day <= s1.day) group by s1.gender, s1.day order by s1.gender, s1.day",1229562.516,62537514.61,100000,"GroupAggregate  (cost=0.58..62537514.61 rows=50368 width=16) (actual rows=100000 loops=1)
  Group Key: a.gender, a.day
  Buffers: shared hit=2504347383
  ->  Nested Loop  (cost=0.58..50036938.29 rows=1666676352 width=12) (actual rows=2500050000 loops=1)
        Buffers: shared hit=2504347383
        ->  Index Only Scan using scores_pkey on scores a  (cost=0.29..2820.29 rows=100000 width=8) (actual rows=100000 loops=1)
              Heap Fetches: 107
              Buffers: shared hit=330
        ->  Index Scan using scores_pkey on scores b  (cost=0.29..333.67 rows=16667 width=12) (actual rows=25000 loops=100000)
              Index Cond: ((gender = a.gender) AND (day <= a.day))
              Buffers: shared hit=2504347053
Planning:
  Buffers: shared hit=2
Planning Time: 0.224 ms
JIT:
  Functions: 9
  Options: Inlining true, Optimization true, Expressions true, Deforming true
Execution Time: 1229562.516 ms",1230944.858,62537514.61,100000,"GroupAggregate  (cost=0.58..62537514.61 rows=50368 width=16) (actual rows=100000 loops=1)
  Group Key: a.gender, a.day
  Buffers: shared hit=2504347383
  ->  Nested Loop  (cost=0.58..50036938.29 rows=1666676352 width=12) (actual rows=2500050000 loops=1)
        Buffers: shared hit=2504347383
        ->  Index Only Scan using scores_pkey on scores a  (cost=0.29..2820.29 rows=100000 width=8) (actual rows=100000 loops=1)
              Heap Fetches: 107
              Buffers: shared hit=330
        ->  Index Scan using scores_pkey on scores b  (cost=0.29..333.67 rows=16667 width=12) (actual rows=25000 loops=100000)
              Index Cond: ((gender = a.gender) AND (day <= a.day))
              Buffers: shared hit=2504347053
Planning:
  Buffers: shared hit=2
Planning Time: 0.260 ms
JIT:
  Functions: 9
  Options: Inlining true, Optimization true, Expressions true, Deforming true
Execution Time: 1230944.858 ms",1229416.092,62537514.61,100000,"GroupAggregate  (cost=0.58..62537514.61 rows=50368 width=16) (actual rows=100000 loops=1)
  Group Key: a.gender, a.day
  Buffers: shared hit=2504347383
  ->  Nested Loop  (cost=0.58..50036938.29 rows=1666676352 width=12) (actual rows=2500050000 loops=1)
        Buffers: shared hit=2504347383
        ->  Index Only Scan using scores_pkey on scores a  (cost=0.29..2820.29 rows=100000 width=8) (actual rows=100000 loops=1)
              Heap Fetches: 107
              Buffers: shared hit=330
        ->  Index Scan using scores_pkey on scores b  (cost=0.29..333.67 rows=16667 width=12) (actual rows=25000 loops=100000)
              Index Cond: ((gender = a.gender) AND (day <= a.day))
              Buffers: shared hit=2504347053
Planning:
  Buffers: shared hit=2
Planning Time: 0.218 ms
JIT:
  Functions: 9
  Options: Inlining true, Optimization true, Expressions true, Deforming true
Execution Time: 1229416.092 ms",1230057.965,62537514.61,100000,"GroupAggregate  (cost=0.58..62537514.61 rows=50368 width=16) (actual rows=100000 loops=1)
  Group Key: a.gender, a.day
  Buffers: shared hit=2504347383
  ->  Nested Loop  (cost=0.58..50036938.29 rows=1666676352 width=12) (actual rows=2500050000 loops=1)
        Buffers: shared hit=2504347383
        ->  Index Only Scan using scores_pkey on scores a  (cost=0.29..2820.29 rows=100000 width=8) (actual rows=100000 loops=1)
              Heap Fetches: 107
              Buffers: shared hit=330
        ->  Index Scan using scores_pkey on scores b  (cost=0.29..333.67 rows=16667 width=12) (actual rows=25000 loops=100000)
              Index Cond: ((gender = a.gender) AND (day <= a.day))
              Buffers: shared hit=2504347053
Planning:
  Buffers: shared hit=2
Planning Time: 0.144 ms
JIT:
  Functions: 9
  Options: Inlining true, Optimization true, Expressions true, Deforming true
Execution Time: 1230057.965 ms",1229543.808,62537514.61,100000,"GroupAggregate  (cost=0.58..62537514.61 rows=50368 width=16) (actual rows=100000 loops=1)
  Group Key: a.gender, a.day
  Buffers: shared hit=2504347383
  ->  Nested Loop  (cost=0.58..50036938.29 rows=1666676352 width=12) (actual rows=2500050000 loops=1)
        Buffers: shared hit=2504347383
        ->  Index Only Scan using scores_pkey on scores a  (cost=0.29..2820.29 rows=100000 width=8) (actual rows=100000 loops=1)
              Heap Fetches: 107
              Buffers: shared hit=330
        ->  Index Scan using scores_pkey on scores b  (cost=0.29..333.67 rows=16667 width=12) (actual rows=25000 loops=100000)
              Index Cond: ((gender = a.gender) AND (day <= a.day))
              Buffers: shared hit=2504347053
Planning:
  Buffers: shared hit=2
Planning Time: 0.209 ms
JIT:
  Functions: 9
  Options: Inlining true, Optimization true, Expressions true, Deforming true
Execution Time: 1229543.808 ms",1229905.05,1229562.52,1230501.41,1231299.62,62537514.61,62537514.61,100000,100000,100000,100000,normal,normal,397872.23088722007,20.75793080000001,equal variances,significant,0.003968253968253968,-1229801.9714000002,-1229458.115,-62530656.07,0,True
850,1308,307,Medium,"SELECT s2.gender AS gender, s2.day AS day, SUM(s2.score_points) OVER ( PARTITION BY s2.gender ORDER BY s2.day ASC ) AS total from schema_1308.scores AS s2",95.54,6858.54,100000,"WindowAgg  (cost=0.29..6858.54 rows=100000 width=16) (actual rows=100000 loops=1)
  Buffers: shared hit=100186
  ->  Index Scan using scores_pkey on scores s2  (cost=0.29..5108.54 rows=100000 width=12) (actual rows=100000 loops=1)
        Buffers: shared hit=100186
Planning Time: 0.054 ms
Execution Time: 95.540 ms",105.479,6858.54,100000,"WindowAgg  (cost=0.29..6858.54 rows=100000 width=16) (actual rows=100000 loops=1)
  Buffers: shared hit=100186
  ->  Index Scan using scores_pkey on scores s2  (cost=0.29..5108.54 rows=100000 width=12) (actual rows=100000 loops=1)
        Buffers: shared hit=100186
Planning Time: 0.065 ms
Execution Time: 105.479 ms",103.063,6858.54,100000,"WindowAgg  (cost=0.29..6858.54 rows=100000 width=16) (actual rows=100000 loops=1)
  Buffers: shared hit=100186
  ->  Index Scan using scores_pkey on scores s2  (cost=0.29..5108.54 rows=100000 width=12) (actual rows=100000 loops=1)
        Buffers: shared hit=100186
Planning Time: 0.069 ms
Execution Time: 103.063 ms",103.614,6858.54,100000,"WindowAgg  (cost=0.29..6858.54 rows=100000 width=16) (actual rows=100000 loops=1)
  Buffers: shared hit=100186
  ->  Index Scan using scores_pkey on scores s2  (cost=0.29..5108.54 rows=100000 width=12) (actual rows=100000 loops=1)
        Buffers: shared hit=100186
Planning Time: 0.077 ms
Execution Time: 103.614 ms",103.335,6858.54,100000,"WindowAgg  (cost=0.29..6858.54 rows=100000 width=16) (actual rows=100000 loops=1)
  Buffers: shared hit=100186
  ->  Index Scan using scores_pkey on scores s2  (cost=0.29..5108.54 rows=100000 width=12) (actual rows=100000 loops=1)
        Buffers: shared hit=100186
Planning Time: 0.052 ms
Execution Time: 103.335 ms",102.2062,103.335,104.5465,106.225,6858.54,6858.54,100000,100000,100000,100000,1308_307,850,1308,307,Medium,"select s1.gender, s1.day, sum(s2.score_points) as total from schema_1308.scores as s1 left outer join schema_1308.scores as s2 on (s1.day >= s2.day and s1.gender = s2.gender) group by s1.gender, s1.day order by s1.gender, s1.day",1231310.363,62537514.61,100000,"GroupAggregate  (cost=0.58..62537514.61 rows=50368 width=16) (actual rows=100000 loops=1)
  Group Key: a.gender, a.day
  Buffers: shared hit=2504347383
  ->  Nested Loop  (cost=0.58..50036938.29 rows=1666676352 width=12) (actual rows=2500050000 loops=1)
        Buffers: shared hit=2504347383
        ->  Index Only Scan using scores_pkey on scores a  (cost=0.29..2820.29 rows=100000 width=8) (actual rows=100000 loops=1)
              Heap Fetches: 107
              Buffers: shared hit=330
        ->  Index Scan using scores_pkey on scores b  (cost=0.29..333.67 rows=16667 width=12) (actual rows=25000 loops=100000)
              Index Cond: ((gender = a.gender) AND (day <= a.day))
              Buffers: shared hit=2504347053
Planning:
  Buffers: shared hit=2
Planning Time: 0.155 ms
JIT:
  Functions: 9
  Options: Inlining true, Optimization true, Expressions true, Deforming true
Execution Time: 1231310.363 ms",1231796.604,62537514.61,100000,"GroupAggregate  (cost=0.58..62537514.61 rows=50368 width=16) (actual rows=100000 loops=1)
  Group Key: a.gender, a.day
  Buffers: shared hit=2504347383
  ->  Nested Loop  (cost=0.58..50036938.29 rows=1666676352 width=12) (actual rows=2500050000 loops=1)
        Buffers: shared hit=2504347383
        ->  Index Only Scan using scores_pkey on scores a  (cost=0.29..2820.29 rows=100000 width=8) (actual rows=100000 loops=1)
              Heap Fetches: 107
              Buffers: shared hit=330
        ->  Index Scan using scores_pkey on scores b  (cost=0.29..333.67 rows=16667 width=12) (actual rows=25000 loops=100000)
              Index Cond: ((gender = a.gender) AND (day <= a.day))
              Buffers: shared hit=2504347053
Planning:
  Buffers: shared hit=2
Planning Time: 0.211 ms
JIT:
  Functions: 9
  Options: Inlining true, Optimization true, Expressions true, Deforming true
Execution Time: 1231796.604 ms",1230393.208,62537514.61,100000,"GroupAggregate  (cost=0.58..62537514.61 rows=50368 width=16) (actual rows=100000 loops=1)
  Group Key: a.gender, a.day
  Buffers: shared hit=2504347383
  ->  Nested Loop  (cost=0.58..50036938.29 rows=1666676352 width=12) (actual rows=2500050000 loops=1)
        Buffers: shared hit=2504347383
        ->  Index Only Scan using scores_pkey on scores a  (cost=0.29..2820.29 rows=100000 width=8) (actual rows=100000 loops=1)
              Heap Fetches: 107
              Buffers: shared hit=330
        ->  Index Scan using scores_pkey on scores b  (cost=0.29..333.67 rows=16667 width=12) (actual rows=25000 loops=100000)
              Index Cond: ((gender = a.gender) AND (day <= a.day))
              Buffers: shared hit=2504347053
Planning:
  Buffers: shared hit=2
Planning Time: 0.143 ms
JIT:
  Functions: 9
  Options: Inlining true, Optimization true, Expressions true, Deforming true
Execution Time: 1230393.208 ms",1231151.712,62537514.61,100000,"GroupAggregate  (cost=0.58..62537514.61 rows=50368 width=16) (actual rows=100000 loops=1)
  Group Key: a.gender, a.day
  Buffers: shared hit=2504347383
  ->  Nested Loop  (cost=0.58..50036938.29 rows=1666676352 width=12) (actual rows=2500050000 loops=1)
        Buffers: shared hit=2504347383
        ->  Index Only Scan using scores_pkey on scores a  (cost=0.29..2820.29 rows=100000 width=8) (actual rows=100000 loops=1)
              Heap Fetches: 107
              Buffers: shared hit=330
        ->  Index Scan using scores_pkey on scores b  (cost=0.29..333.67 rows=16667 width=12) (actual rows=25000 loops=100000)
              Index Cond: ((gender = a.gender) AND (day <= a.day))
              Buffers: shared hit=2504347053
Planning:
  Buffers: shared hit=2
Planning Time: 0.220 ms
JIT:
  Functions: 9
  Options: Inlining true, Optimization true, Expressions true, Deforming true
Execution Time: 1231151.712 ms",1230982.081,62537514.61,100000,"GroupAggregate  (cost=0.58..62537514.61 rows=50368 width=16) (actual rows=100000 loops=1)
  Group Key: a.gender, a.day
  Buffers: shared hit=2504347383
  ->  Nested Loop  (cost=0.58..50036938.29 rows=1666676352 width=12) (actual rows=2500050000 loops=1)
        Buffers: shared hit=2504347383
        ->  Index Only Scan using scores_pkey on scores a  (cost=0.29..2820.29 rows=100000 width=8) (actual rows=100000 loops=1)
              Heap Fetches: 107
              Buffers: shared hit=330
        ->  Index Scan using scores_pkey on scores b  (cost=0.29..333.67 rows=16667 width=12) (actual rows=25000 loops=100000)
              Index Cond: ((gender = a.gender) AND (day <= a.day))
              Buffers: shared hit=2504347053
Planning:
  Buffers: shared hit=2
Planning Time: 0.248 ms
JIT:
  Functions: 9
  Options: Inlining true, Optimization true, Expressions true, Deforming true
Execution Time: 1230982.081 ms",1231126.79,1231151.71,1231553.48,1231991.1,62537514.61,62537514.61,100000,100000,100000,100000,normal,not normal,260513.5480872707,14.784909699999977,unequal variances,significant,0.003968253968253968,-1231024.5838000001,-1231048.375,-62530656.07,0,True
851,1308,309,Medium,"SELECT s2.gender AS gender, s2.day AS day, SUM(s2.score_points) OVER ( PARTITION BY s2.gender ORDER BY s2.day ASC ) AS total from schema_1308.scores AS s2",95.118,6858.54,100000,"WindowAgg  (cost=0.29..6858.54 rows=100000 width=16) (actual rows=100000 loops=1)
  Buffers: shared hit=100186
  ->  Index Scan using scores_pkey on scores s2  (cost=0.29..5108.54 rows=100000 width=12) (actual rows=100000 loops=1)
        Buffers: shared hit=100186
Planning Time: 0.045 ms
Execution Time: 95.118 ms",104.865,6858.54,100000,"WindowAgg  (cost=0.29..6858.54 rows=100000 width=16) (actual rows=100000 loops=1)
  Buffers: shared hit=100186
  ->  Index Scan using scores_pkey on scores s2  (cost=0.29..5108.54 rows=100000 width=12) (actual rows=100000 loops=1)
        Buffers: shared hit=100186
Planning Time: 0.068 ms
Execution Time: 104.865 ms",102.763,6858.54,100000,"WindowAgg  (cost=0.29..6858.54 rows=100000 width=16) (actual rows=100000 loops=1)
  Buffers: shared hit=100186
  ->  Index Scan using scores_pkey on scores s2  (cost=0.29..5108.54 rows=100000 width=12) (actual rows=100000 loops=1)
        Buffers: shared hit=100186
Planning Time: 0.074 ms
Execution Time: 102.763 ms",106.068,6858.54,100000,"WindowAgg  (cost=0.29..6858.54 rows=100000 width=16) (actual rows=100000 loops=1)
  Buffers: shared hit=100186
  ->  Index Scan using scores_pkey on scores s2  (cost=0.29..5108.54 rows=100000 width=12) (actual rows=100000 loops=1)
        Buffers: shared hit=100186
Planning Time: 0.068 ms
Execution Time: 106.068 ms",105.551,6858.54,100000,"WindowAgg  (cost=0.29..6858.54 rows=100000 width=16) (actual rows=100000 loops=1)
  Buffers: shared hit=100186
  ->  Index Scan using scores_pkey on scores s2  (cost=0.29..5108.54 rows=100000 width=12) (actual rows=100000 loops=1)
        Buffers: shared hit=100186
Planning Time: 0.068 ms
Execution Time: 105.551 ms",102.873,104.865,105.8095,106.2748,6858.54,6858.54,100000,100000,100000,100000,1308_309,851,1308,309,Medium,"select s1.gender, s1.day, sum(s2.score_points) as total from schema_1308.scores as s1 join schema_1308.scores as s2 on (s1.day >= s2.day and s1.gender = s2.gender) group by s1.gender, s1.day order by s1.gender, s1.day",1222362.516,62537514.61,100000,"GroupAggregate  (cost=0.58..62537514.61 rows=50368 width=16) (actual rows=100000 loops=1)
  Group Key: a.gender, a.day
  Buffers: shared hit=2504347383
  ->  Nested Loop  (cost=0.58..50036938.29 rows=1666676352 width=12) (actual rows=2500050000 loops=1)
        Buffers: shared hit=2504347383
        ->  Index Only Scan using scores_pkey on scores a  (cost=0.29..2820.29 rows=100000 width=8) (actual rows=100000 loops=1)
              Heap Fetches: 107
              Buffers: shared hit=330
        ->  Index Scan using scores_pkey on scores b  (cost=0.29..333.67 rows=16667 width=12) (actual rows=25000 loops=100000)
              Index Cond: ((gender = a.gender) AND (day <= a.day))
              Buffers: shared hit=2504347053
Planning:
  Buffers: shared hit=2
Planning Time: 0.224 ms
JIT:
  Functions: 9
  Options: Inlining true, Optimization true, Expressions true, Deforming true
Execution Time: 1223562.516 ms",1226915.858,62537514.61,100000,"GroupAggregate  (cost=0.58..62537514.61 rows=50368 width=16) (actual rows=100000 loops=1)
  Group Key: a.gender, a.day
  Buffers: shared hit=2504347383
  ->  Nested Loop  (cost=0.58..50036938.29 rows=1666676352 width=12) (actual rows=2500050000 loops=1)
        Buffers: shared hit=2504347383
        ->  Index Only Scan using scores_pkey on scores a  (cost=0.29..2820.29 rows=100000 width=8) (actual rows=100000 loops=1)
              Heap Fetches: 107
              Buffers: shared hit=330
        ->  Index Scan using scores_pkey on scores b  (cost=0.29..333.67 rows=16667 width=12) (actual rows=25000 loops=100000)
              Index Cond: ((gender = a.gender) AND (day <= a.day))
              Buffers: shared hit=2504347053
Planning:
  Buffers: shared hit=2
Planning Time: 0.260 ms
JIT:
  Functions: 9
  Options: Inlining true, Optimization true, Expressions true, Deforming true
Execution Time: 1226915.858 ms",1224316.092,62537514.61,100000,"GroupAggregate  (cost=0.58..62537514.61 rows=50368 width=16) (actual rows=100000 loops=1)
  Group Key: a.gender, a.day
  Buffers: shared hit=2504347383
  ->  Nested Loop  (cost=0.58..50036938.29 rows=1666676352 width=12) (actual rows=2500050000 loops=1)
        Buffers: shared hit=2504347383
        ->  Index Only Scan using scores_pkey on scores a  (cost=0.29..2820.29 rows=100000 width=8) (actual rows=100000 loops=1)
              Heap Fetches: 107
              Buffers: shared hit=330
        ->  Index Scan using scores_pkey on scores b  (cost=0.29..333.67 rows=16667 width=12) (actual rows=25000 loops=100000)
              Index Cond: ((gender = a.gender) AND (day <= a.day))
              Buffers: shared hit=2504347053
Planning:
  Buffers: shared hit=2
Planning Time: 0.218 ms
JIT:
  Functions: 9
  Options: Inlining true, Optimization true, Expressions true, Deforming true
Execution Time: 1224316.092 ms",1221257.965,62537514.61,100000,"GroupAggregate  (cost=0.58..62537514.61 rows=50368 width=16) (actual rows=100000 loops=1)
  Group Key: a.gender, a.day
  Buffers: shared hit=2504347383
  ->  Nested Loop  (cost=0.58..50036938.29 rows=1666676352 width=12) (actual rows=2500050000 loops=1)
        Buffers: shared hit=2504347383
        ->  Index Only Scan using scores_pkey on scores a  (cost=0.29..2820.29 rows=100000 width=8) (actual rows=100000 loops=1)
              Heap Fetches: 107
              Buffers: shared hit=330
        ->  Index Scan using scores_pkey on scores b  (cost=0.29..333.67 rows=16667 width=12) (actual rows=25000 loops=100000)
              Index Cond: ((gender = a.gender) AND (day <= a.day))
              Buffers: shared hit=2504347053
Planning:
  Buffers: shared hit=2
Planning Time: 0.144 ms
JIT:
  Functions: 9
  Options: Inlining true, Optimization true, Expressions true, Deforming true
Execution Time: 1221257.965 ms",1226758.808,62537514.61,100000,"GroupAggregate  (cost=0.58..62537514.61 rows=50368 width=16) (actual rows=100000 loops=1)
  Group Key: a.gender, a.day
  Buffers: shared hit=2504347383
  ->  Nested Loop  (cost=0.58..50036938.29 rows=1666676352 width=12) (actual rows=2500050000 loops=1)
        Buffers: shared hit=2504347383
        ->  Index Only Scan using scores_pkey on scores a  (cost=0.29..2820.29 rows=100000 width=8) (actual rows=100000 loops=1)
              Heap Fetches: 107
              Buffers: shared hit=330
        ->  Index Scan using scores_pkey on scores b  (cost=0.29..333.67 rows=16667 width=12) (actual rows=25000 loops=100000)
              Index Cond: ((gender = a.gender) AND (day <= a.day))
              Buffers: shared hit=2504347053
Planning:
  Buffers: shared hit=2
Planning Time: 0.209 ms
JIT:
  Functions: 9
  Options: Inlining true, Optimization true, Expressions true, Deforming true
Execution Time: 1226758.808 ms",1224322.25,1224316.09,1226837.33,1226978.68,62537514.61,62537514.61,100000,100000,100000,100000,normal,normal,6473513.794486974,20.37497450000001,unequal variances,significant,0.003968253968253968,-1224219.377,-1224211.225,-62530656.07,0,True
852,1308,311,Medium,"SELECT s2.gender AS gender, s2.day AS day, SUM(s2.score_points) OVER ( PARTITION BY s2.gender ORDER BY s2.day ASC ) AS total from schema_1308.scores AS s2",94.492,6858.54,100000,"WindowAgg  (cost=0.29..6858.54 rows=100000 width=16) (actual rows=100000 loops=1)
  Buffers: shared hit=100186
  ->  Index Scan using scores_pkey on scores s2  (cost=0.29..5108.54 rows=100000 width=12) (actual rows=100000 loops=1)
        Buffers: shared hit=100186
Planning Time: 0.044 ms
Execution Time: 94.492 ms",103.792,6858.54,100000,"WindowAgg  (cost=0.29..6858.54 rows=100000 width=16) (actual rows=100000 loops=1)
  Buffers: shared hit=100186
  ->  Index Scan using scores_pkey on scores s2  (cost=0.29..5108.54 rows=100000 width=12) (actual rows=100000 loops=1)
        Buffers: shared hit=100186
Planning Time: 0.059 ms
Execution Time: 103.792 ms",103.757,6858.54,100000,"WindowAgg  (cost=0.29..6858.54 rows=100000 width=16) (actual rows=100000 loops=1)
  Buffers: shared hit=100186
  ->  Index Scan using scores_pkey on scores s2  (cost=0.29..5108.54 rows=100000 width=12) (actual rows=100000 loops=1)
        Buffers: shared hit=100186
Planning Time: 0.063 ms
Execution Time: 103.757 ms",104.506,6858.54,100000,"WindowAgg  (cost=0.29..6858.54 rows=100000 width=16) (actual rows=100000 loops=1)
  Buffers: shared hit=100186
  ->  Index Scan using scores_pkey on scores s2  (cost=0.29..5108.54 rows=100000 width=12) (actual rows=100000 loops=1)
        Buffers: shared hit=100186
Planning Time: 0.062 ms
Execution Time: 104.506 ms",115.145,6858.54,100000,"WindowAgg  (cost=0.29..6858.54 rows=100000 width=16) (actual rows=100000 loops=1)
  Buffers: shared hit=100186
  ->  Index Scan using scores_pkey on scores s2  (cost=0.29..5108.54 rows=100000 width=12) (actual rows=100000 loops=1)
        Buffers: shared hit=100186
Planning Time: 0.066 ms
Execution Time: 115.145 ms",104.3384,103.792,109.8255,119.4006,6858.54,6858.54,100000,100000,100000,100000,1308_311,852,1308,311,Medium,"select s1.gender, s1.day, sum(s2.score_points) as total from schema_1308.scores as s1 left outer join schema_1308.scores as s2 on (s1.gender = s2.gender and s1.day >= s2.day) group by s1.gender, s1.day order by s1.gender, s1.day",1228050.363,62537514.61,100000,"GroupAggregate  (cost=0.58..62537514.61 rows=50368 width=16) (actual rows=100000 loops=1)
  Group Key: a.gender, a.day
  Buffers: shared hit=2504347383
  ->  Nested Loop  (cost=0.58..50036938.29 rows=1666676352 width=12) (actual rows=2500050000 loops=1)
        Buffers: shared hit=2504347383
        ->  Index Only Scan using scores_pkey on scores a  (cost=0.29..2820.29 rows=100000 width=8) (actual rows=100000 loops=1)
              Heap Fetches: 107
              Buffers: shared hit=330
        ->  Index Scan using scores_pkey on scores b  (cost=0.29..333.67 rows=16667 width=12) (actual rows=25000 loops=100000)
              Index Cond: ((gender = a.gender) AND (day <= a.day))
              Buffers: shared hit=2504347053
Planning:
  Buffers: shared hit=2
Planning Time: 0.155 ms
JIT:
  Functions: 9
  Options: Inlining true, Optimization true, Expressions true, Deforming true
Execution Time: 1228050.363 ms",1230096.604,62537514.61,100000,"GroupAggregate  (cost=0.58..62537514.61 rows=50368 width=16) (actual rows=100000 loops=1)
  Group Key: a.gender, a.day
  Buffers: shared hit=2504347383
  ->  Nested Loop  (cost=0.58..50036938.29 rows=1666676352 width=12) (actual rows=2500050000 loops=1)
        Buffers: shared hit=2504347383
        ->  Index Only Scan using scores_pkey on scores a  (cost=0.29..2820.29 rows=100000 width=8) (actual rows=100000 loops=1)
              Heap Fetches: 107
              Buffers: shared hit=330
        ->  Index Scan using scores_pkey on scores b  (cost=0.29..333.67 rows=16667 width=12) (actual rows=25000 loops=100000)
              Index Cond: ((gender = a.gender) AND (day <= a.day))
              Buffers: shared hit=2504347053
Planning:
  Buffers: shared hit=2
Planning Time: 0.211 ms
JIT:
  Functions: 9
  Options: Inlining true, Optimization true, Expressions true, Deforming true
Execution Time: 1230096.604 ms",1229324.208,62537514.61,100000,"GroupAggregate  (cost=0.58..62537514.61 rows=50368 width=16) (actual rows=100000 loops=1)
  Group Key: a.gender, a.day
  Buffers: shared hit=2504347383
  ->  Nested Loop  (cost=0.58..50036938.29 rows=1666676352 width=12) (actual rows=2500050000 loops=1)
        Buffers: shared hit=2504347383
        ->  Index Only Scan using scores_pkey on scores a  (cost=0.29..2820.29 rows=100000 width=8) (actual rows=100000 loops=1)
              Heap Fetches: 107
              Buffers: shared hit=330
        ->  Index Scan using scores_pkey on scores b  (cost=0.29..333.67 rows=16667 width=12) (actual rows=25000 loops=100000)
              Index Cond: ((gender = a.gender) AND (day <= a.day))
              Buffers: shared hit=2504347053
Planning:
  Buffers: shared hit=2
Planning Time: 0.143 ms
JIT:
  Functions: 9
  Options: Inlining true, Optimization true, Expressions true, Deforming true
Execution Time: 1229324.208 ms",1229436.712,62537514.61,100000,"GroupAggregate  (cost=0.58..62537514.61 rows=50368 width=16) (actual rows=100000 loops=1)
  Group Key: a.gender, a.day
  Buffers: shared hit=2504347383
  ->  Nested Loop  (cost=0.58..50036938.29 rows=1666676352 width=12) (actual rows=2500050000 loops=1)
        Buffers: shared hit=2504347383
        ->  Index Only Scan using scores_pkey on scores a  (cost=0.29..2820.29 rows=100000 width=8) (actual rows=100000 loops=1)
              Heap Fetches: 107
              Buffers: shared hit=330
        ->  Index Scan using scores_pkey on scores b  (cost=0.29..333.67 rows=16667 width=12) (actual rows=25000 loops=100000)
              Index Cond: ((gender = a.gender) AND (day <= a.day))
              Buffers: shared hit=2504347053
Planning:
  Buffers: shared hit=2
Planning Time: 0.220 ms
JIT:
  Functions: 9
  Options: Inlining true, Optimization true, Expressions true, Deforming true
Execution Time: 1229437.712 ms",1230112.081,62537514.61,100000,"GroupAggregate  (cost=0.58..62537514.61 rows=50368 width=16) (actual rows=100000 loops=1)
  Group Key: a.gender, a.day
  Buffers: shared hit=2504347383
  ->  Nested Loop  (cost=0.58..50036938.29 rows=1666676352 width=12) (actual rows=2500050000 loops=1)
        Buffers: shared hit=2504347383
        ->  Index Only Scan using scores_pkey on scores a  (cost=0.29..2820.29 rows=100000 width=8) (actual rows=100000 loops=1)
              Heap Fetches: 107
              Buffers: shared hit=330
        ->  Index Scan using scores_pkey on scores b  (cost=0.29..333.67 rows=16667 width=12) (actual rows=25000 loops=100000)
              Index Cond: ((gender = a.gender) AND (day <= a.day))
              Buffers: shared hit=2504347053
Planning:
  Buffers: shared hit=2
Planning Time: 0.248 ms
JIT:
  Functions: 9
  Options: Inlining true, Optimization true, Expressions true, Deforming true
Execution Time: 1230112.081 ms",1229403.99,1229436.71,1230104.34,1230118.27,62537514.61,62537514.61,100000,100000,100000,100000,normal,normal,705212.2422873869,53.599716299999955,equal variances,significant,0.003968253968253968,-1229299.6516,-1229332.918,-62530656.07,0,True
853,1308,314,Medium,"SELECT t2.gender AS gender, t2.day AS day, SUM(t2.score_points) OVER ( PARTITION BY t2.gender ORDER BY t2.day ASC ) AS total from schema_1308.scores AS t2",95.43,6858.54,100000,"WindowAgg  (cost=0.29..6858.54 rows=100000 width=16) (actual rows=100000 loops=1)
  Buffers: shared hit=100186
  ->  Index Scan using scores_pkey on scores t2  (cost=0.29..5108.54 rows=100000 width=12) (actual rows=100000 loops=1)
        Buffers: shared hit=100186
Planning Time: 0.045 ms
Execution Time: 95.430 ms",105.013,6858.54,100000,"WindowAgg  (cost=0.29..6858.54 rows=100000 width=16) (actual rows=100000 loops=1)
  Buffers: shared hit=100186
  ->  Index Scan using scores_pkey on scores t2  (cost=0.29..5108.54 rows=100000 width=12) (actual rows=100000 loops=1)
        Buffers: shared hit=100186
Planning Time: 0.062 ms
Execution Time: 105.013 ms",109.557,6858.54,100000,"WindowAgg  (cost=0.29..6858.54 rows=100000 width=16) (actual rows=100000 loops=1)
  Buffers: shared hit=100186
  ->  Index Scan using scores_pkey on scores t2  (cost=0.29..5108.54 rows=100000 width=12) (actual rows=100000 loops=1)
        Buffers: shared hit=100186
Planning Time: 0.070 ms
Execution Time: 109.557 ms",109.296,6858.54,100000,"WindowAgg  (cost=0.29..6858.54 rows=100000 width=16) (actual rows=100000 loops=1)
  Buffers: shared hit=100186
  ->  Index Scan using scores_pkey on scores t2  (cost=0.29..5108.54 rows=100000 width=12) (actual rows=100000 loops=1)
        Buffers: shared hit=100186
Planning Time: 0.063 ms
Execution Time: 109.296 ms",101.493,6858.54,100000,"WindowAgg  (cost=0.29..6858.54 rows=100000 width=16) (actual rows=100000 loops=1)
  Buffers: shared hit=100186
  ->  Index Scan using scores_pkey on scores t2  (cost=0.29..5108.54 rows=100000 width=12) (actual rows=100000 loops=1)
        Buffers: shared hit=100186
Planning Time: 0.052 ms
Execution Time: 101.493 ms",104.1578,105.013,109.4265,109.6614,6858.54,6858.54,100000,100000,100000,100000,1308_314,853,1308,314,Medium,"select t1.gender, t1.day, sum(t2.score_points) as total from schema_1308.scores as t1 join schema_1308.scores as t2 on (t1.gender = t2.gender and t1.day >= t2.day) group by t1.gender, t1.day order by t1.gender, t1.day",1221109.682,62537514.61,100000,"GroupAggregate  (cost=0.58..62537514.61 rows=50368 width=16) (actual rows=100000 loops=1)
  Group Key: a.gender, a.day
  Buffers: shared hit=2504347383
  ->  Nested Loop Left Join  (cost=0.58..50036938.29 rows=1666676352 width=12) (actual rows=2500050000 loops=1)
        Buffers: shared hit=2504347383
        ->  Index Only Scan using scores_pkey on scores a  (cost=0.29..2820.29 rows=100000 width=8) (actual rows=100000 loops=1)
              Heap Fetches: 107
              Buffers: shared hit=330
        ->  Index Scan using scores_pkey on scores b  (cost=0.29..333.67 rows=16667 width=12) (actual rows=25000 loops=100000)
              Index Cond: ((gender = a.gender) AND (day <= a.day))
              Buffers: shared hit=2504347053
Planning:
  Buffers: shared hit=2
Planning Time: 0.147 ms
JIT:
  Functions: 9
  Options: Inlining true, Optimization true, Expressions true, Deforming true
Execution Time: 1221110.682 ms",1219878.531,62537514.61,100000,"GroupAggregate  (cost=0.58..62537514.61 rows=50368 width=16) (actual rows=100000 loops=1)
  Group Key: a.gender, a.day
  Buffers: shared hit=2504347383
  ->  Nested Loop Left Join  (cost=0.58..50036938.29 rows=1666676352 width=12) (actual rows=2500050000 loops=1)
        Buffers: shared hit=2504347383
        ->  Index Only Scan using scores_pkey on scores a  (cost=0.29..2820.29 rows=100000 width=8) (actual rows=100000 loops=1)
              Heap Fetches: 107
              Buffers: shared hit=330
        ->  Index Scan using scores_pkey on scores b  (cost=0.29..333.67 rows=16667 width=12) (actual rows=25000 loops=100000)
              Index Cond: ((gender = a.gender) AND (day <= a.day))
              Buffers: shared hit=2504347053
Planning:
  Buffers: shared hit=2
Planning Time: 0.189 ms
JIT:
  Functions: 9
  Options: Inlining true, Optimization true, Expressions true, Deforming true
Execution Time: 1219879.531 ms",1220543.0,62537514.61,100000,"GroupAggregate  (cost=0.58..62537514.61 rows=50368 width=16) (actual rows=100000 loops=1)
  Group Key: a.gender, a.day
  Buffers: shared hit=2504347383
  ->  Nested Loop Left Join  (cost=0.58..50036938.29 rows=1666676352 width=12) (actual rows=2500050000 loops=1)
        Buffers: shared hit=2504347383
        ->  Index Only Scan using scores_pkey on scores a  (cost=0.29..2820.29 rows=100000 width=8) (actual rows=100000 loops=1)
              Heap Fetches: 107
              Buffers: shared hit=330
        ->  Index Scan using scores_pkey on scores b  (cost=0.29..333.67 rows=16667 width=12) (actual rows=25000 loops=100000)
              Index Cond: ((gender = a.gender) AND (day <= a.day))
              Buffers: shared hit=2504347053
Planning:
  Buffers: shared hit=2
Planning Time: 0.200 ms
JIT:
  Functions: 9
  Options: Inlining true, Optimization true, Expressions true, Deforming true
Execution Time: 1220543.000 ms",1219987.067,62537514.61,100000,"GroupAggregate  (cost=0.58..62537514.61 rows=50368 width=16) (actual rows=100000 loops=1)
  Group Key: a.gender, a.day
  Buffers: shared hit=2504347383
  ->  Nested Loop Left Join  (cost=0.58..50036938.29 rows=1666676352 width=12) (actual rows=2500050000 loops=1)
        Buffers: shared hit=2504347383
        ->  Index Only Scan using scores_pkey on scores a  (cost=0.29..2820.29 rows=100000 width=8) (actual rows=100000 loops=1)
              Heap Fetches: 107
              Buffers: shared hit=330
        ->  Index Scan using scores_pkey on scores b  (cost=0.29..333.67 rows=16667 width=12) (actual rows=25000 loops=100000)
              Index Cond: ((gender = a.gender) AND (day <= a.day))
              Buffers: shared hit=2504347053
Planning:
  Buffers: shared hit=2
Planning Time: 0.234 ms
JIT:
  Functions: 9
  Options: Inlining true, Optimization true, Expressions true, Deforming true
Execution Time: 1219987.067 ms",1220045.012,62537514.61,100000,"GroupAggregate  (cost=0.58..62537514.61 rows=50368 width=16) (actual rows=100000 loops=1)
  Group Key: a.gender, a.day
  Buffers: shared hit=2504347383
  ->  Nested Loop Left Join  (cost=0.58..50036938.29 rows=1666676352 width=12) (actual rows=2500050000 loops=1)
        Buffers: shared hit=2504347383
        ->  Index Only Scan using scores_pkey on scores a  (cost=0.29..2820.29 rows=100000 width=8) (actual rows=100000 loops=1)
              Heap Fetches: 107
              Buffers: shared hit=330
        ->  Index Scan using scores_pkey on scores b  (cost=0.29..333.67 rows=16667 width=12) (actual rows=25000 loops=100000)
              Index Cond: ((gender = a.gender) AND (day <= a.day))
              Buffers: shared hit=2504347053
Planning:
  Buffers: shared hit=2
Planning Time: 0.155 ms
JIT:
  Functions: 9
  Options: Inlining true, Optimization true, Expressions true, Deforming true
Execution Time: 1220045.012 ms",1220312.66,1220045.01,1220826.34,1221336.35,62537514.61,62537514.61,100000,100000,100000,100000,normal,normal,263603.7065663004,34.8898697,equal variances,significant,0.003968253968253968,-1220208.5022,-1219939.997,-62530656.07,0,True
856,1364,10,Medium,"select t_cte_16.c_invoice_id0 as invoice_id, t_cte_16.c_customer_name0 as customer_name, t_cte_16.c_price0 as price, count(c.user_id) as contacts_cnt, count(d.customer_name) as trusted_contacts_cnt from (select a.price as c_price0, a.invoice_id as c_invoice_id0, b.customer_name as c_customer_name0, b.customer_id as c_customer_id0 from schema_1364.invoices as a left join schema_1364.customers as b on a.user_id = b.customer_id order by c_invoice_id0 asc) as t_cte_16 left join schema_1364.customers as d left join schema_1364.contacts as c on d.customer_name = c.contact_name on t_cte_16.c_customer_id0 = c.user_id group by t_cte_16.c_invoice_id0,t_cte_16.c_customer_name0,t_cte_16.c_price0",206.989,27369.83,100000,"HashAggregate  (cost=25002.64..27369.83 rows=100000 width=33) (actual rows=100000 loops=1)
  Group Key: t_cte_16.c_invoice_id0, t_cte_16.c_customer_name0, t_cte_16.c_price0
  Planned Partitions: 4  Batches: 5  Memory Usage: 4145kB  Disk Usage: 3616kB
  Buffers: shared hit=31622, temp read=636 written=988
  ->  Hash Right Join  (cost=11779.91..16283.89 rows=100000 width=30) (actual rows=100000 loops=1)
        Hash Cond: (c.user_id = t_cte_16.c_customer_id0)
        Buffers: shared hit=31622, temp read=266 written=266
        ->  Hash Join  (cost=298.00..2945.78 rows=53978 width=13) (actual rows=0 loops=1)
              Hash Cond: ((c.contact_name)::text = (d.customer_name)::text)
              Buffers: shared hit=806
              ->  Seq Scan on contacts c  (cost=0.00..1733.00 rows=100000 width=16) (actual rows=100000 loops=1)
                    Buffers: shared hit=733
              ->  Hash  (cost=173.00..173.00 rows=10000 width=9) (actual rows=10000 loops=1)
                    Buckets: 16384  Batches: 1  Memory Usage: 538kB
                    Buffers: shared hit=73
                    ->  Seq Scan on customers d  (cost=0.00..173.00 rows=10000 width=9) (actual rows=10000 loops=1)
                          Buffers: shared hit=73
        ->  Hash  (cost=9645.91..9645.91 rows=100000 width=21) (actual rows=100000 loops=1)
              Buckets: 65536  Batches: 2  Memory Usage: 3274kB
              Buffers: shared hit=30816, temp written=265
              ->  Subquery Scan on t_cte_16  (cost=0.59..9645.91 rows=100000 width=21) (actual rows=100000 loops=1)
                    Buffers: shared hit=30816
                    ->  Nested Loop Left Join  (cost=0.59..8645.91 rows=100000 width=21) (actual rows=100000 loops=1)
                          Buffers: shared hit=30816
                          ->  Index Scan using invoices_pkey on invoices a  (cost=0.29..3148.29 rows=100000 width=12) (actual rows=100000 loops=1)
                                Buffers: shared hit=816
                          ->  Memoize  (cost=0.30..0.32 rows=1 width=13) (actual rows=1 loops=100000)
                                Cache Key: a.user_id
                                Cache Mode: logical
                                Hits: 90000  Misses: 10000  Evictions: 0  Overflows: 0  Memory Usage: 1133kB
                                Buffers: shared hit=30000
                                ->  Index Scan using customers_pkey on customers b  (cost=0.29..0.31 rows=1 width=13) (actual rows=1 loops=10000)
                                      Index Cond: (customer_id = a.user_id)
                                      Buffers: shared hit=30000
Planning:
  Buffers: shared hit=14
Planning Time: 0.290 ms
Execution Time: 206.989 ms",215.856,27369.83,100000,"HashAggregate  (cost=25002.64..27369.83 rows=100000 width=33) (actual rows=100000 loops=1)
  Group Key: t_cte_16.c_invoice_id0, t_cte_16.c_customer_name0, t_cte_16.c_price0
  Planned Partitions: 4  Batches: 5  Memory Usage: 4145kB  Disk Usage: 3616kB
  Buffers: shared hit=31622, temp read=636 written=988
  ->  Hash Right Join  (cost=11779.91..16283.89 rows=100000 width=30) (actual rows=100000 loops=1)
        Hash Cond: (c.user_id = t_cte_16.c_customer_id0)
        Buffers: shared hit=31622, temp read=266 written=266
        ->  Hash Join  (cost=298.00..2945.78 rows=53978 width=13) (actual rows=0 loops=1)
              Hash Cond: ((c.contact_name)::text = (d.customer_name)::text)
              Buffers: shared hit=806
              ->  Seq Scan on contacts c  (cost=0.00..1733.00 rows=100000 width=16) (actual rows=100000 loops=1)
                    Buffers: shared hit=733
              ->  Hash  (cost=173.00..173.00 rows=10000 width=9) (actual rows=10000 loops=1)
                    Buckets: 16384  Batches: 1  Memory Usage: 538kB
                    Buffers: shared hit=73
                    ->  Seq Scan on customers d  (cost=0.00..173.00 rows=10000 width=9) (actual rows=10000 loops=1)
                          Buffers: shared hit=73
        ->  Hash  (cost=9645.91..9645.91 rows=100000 width=21) (actual rows=100000 loops=1)
              Buckets: 65536  Batches: 2  Memory Usage: 3274kB
              Buffers: shared hit=30816, temp written=265
              ->  Subquery Scan on t_cte_16  (cost=0.59..9645.91 rows=100000 width=21) (actual rows=100000 loops=1)
                    Buffers: shared hit=30816
                    ->  Nested Loop Left Join  (cost=0.59..8645.91 rows=100000 width=21) (actual rows=100000 loops=1)
                          Buffers: shared hit=30816
                          ->  Index Scan using invoices_pkey on invoices a  (cost=0.29..3148.29 rows=100000 width=12) (actual rows=100000 loops=1)
                                Buffers: shared hit=816
                          ->  Memoize  (cost=0.30..0.32 rows=1 width=13) (actual rows=1 loops=100000)
                                Cache Key: a.user_id
                                Cache Mode: logical
                                Hits: 90000  Misses: 10000  Evictions: 0  Overflows: 0  Memory Usage: 1133kB
                                Buffers: shared hit=30000
                                ->  Index Scan using customers_pkey on customers b  (cost=0.29..0.31 rows=1 width=13) (actual rows=1 loops=10000)
                                      Index Cond: (customer_id = a.user_id)
                                      Buffers: shared hit=30000
Planning:
  Buffers: shared hit=14
Planning Time: 0.445 ms
Execution Time: 215.856 ms",216.916,27369.83,100000,"HashAggregate  (cost=25002.64..27369.83 rows=100000 width=33) (actual rows=100000 loops=1)
  Group Key: t_cte_16.c_invoice_id0, t_cte_16.c_customer_name0, t_cte_16.c_price0
  Planned Partitions: 4  Batches: 5  Memory Usage: 4145kB  Disk Usage: 3616kB
  Buffers: shared hit=31622, temp read=636 written=988
  ->  Hash Right Join  (cost=11779.91..16283.89 rows=100000 width=30) (actual rows=100000 loops=1)
        Hash Cond: (c.user_id = t_cte_16.c_customer_id0)
        Buffers: shared hit=31622, temp read=266 written=266
        ->  Hash Join  (cost=298.00..2945.78 rows=53978 width=13) (actual rows=0 loops=1)
              Hash Cond: ((c.contact_name)::text = (d.customer_name)::text)
              Buffers: shared hit=806
              ->  Seq Scan on contacts c  (cost=0.00..1733.00 rows=100000 width=16) (actual rows=100000 loops=1)
                    Buffers: shared hit=733
              ->  Hash  (cost=173.00..173.00 rows=10000 width=9) (actual rows=10000 loops=1)
                    Buckets: 16384  Batches: 1  Memory Usage: 538kB
                    Buffers: shared hit=73
                    ->  Seq Scan on customers d  (cost=0.00..173.00 rows=10000 width=9) (actual rows=10000 loops=1)
                          Buffers: shared hit=73
        ->  Hash  (cost=9645.91..9645.91 rows=100000 width=21) (actual rows=100000 loops=1)
              Buckets: 65536  Batches: 2  Memory Usage: 3274kB
              Buffers: shared hit=30816, temp written=265
              ->  Subquery Scan on t_cte_16  (cost=0.59..9645.91 rows=100000 width=21) (actual rows=100000 loops=1)
                    Buffers: shared hit=30816
                    ->  Nested Loop Left Join  (cost=0.59..8645.91 rows=100000 width=21) (actual rows=100000 loops=1)
                          Buffers: shared hit=30816
                          ->  Index Scan using invoices_pkey on invoices a  (cost=0.29..3148.29 rows=100000 width=12) (actual rows=100000 loops=1)
                                Buffers: shared hit=816
                          ->  Memoize  (cost=0.30..0.32 rows=1 width=13) (actual rows=1 loops=100000)
                                Cache Key: a.user_id
                                Cache Mode: logical
                                Hits: 90000  Misses: 10000  Evictions: 0  Overflows: 0  Memory Usage: 1133kB
                                Buffers: shared hit=30000
                                ->  Index Scan using customers_pkey on customers b  (cost=0.29..0.31 rows=1 width=13) (actual rows=1 loops=10000)
                                      Index Cond: (customer_id = a.user_id)
                                      Buffers: shared hit=30000
Planning:
  Buffers: shared hit=14
Planning Time: 0.395 ms
Execution Time: 216.916 ms",216.391,27369.83,100000,"HashAggregate  (cost=25002.64..27369.83 rows=100000 width=33) (actual rows=100000 loops=1)
  Group Key: t_cte_16.c_invoice_id0, t_cte_16.c_customer_name0, t_cte_16.c_price0
  Planned Partitions: 4  Batches: 5  Memory Usage: 4145kB  Disk Usage: 3616kB
  Buffers: shared hit=31622, temp read=636 written=988
  ->  Hash Right Join  (cost=11779.91..16283.89 rows=100000 width=30) (actual rows=100000 loops=1)
        Hash Cond: (c.user_id = t_cte_16.c_customer_id0)
        Buffers: shared hit=31622, temp read=266 written=266
        ->  Hash Join  (cost=298.00..2945.78 rows=53978 width=13) (actual rows=0 loops=1)
              Hash Cond: ((c.contact_name)::text = (d.customer_name)::text)
              Buffers: shared hit=806
              ->  Seq Scan on contacts c  (cost=0.00..1733.00 rows=100000 width=16) (actual rows=100000 loops=1)
                    Buffers: shared hit=733
              ->  Hash  (cost=173.00..173.00 rows=10000 width=9) (actual rows=10000 loops=1)
                    Buckets: 16384  Batches: 1  Memory Usage: 538kB
                    Buffers: shared hit=73
                    ->  Seq Scan on customers d  (cost=0.00..173.00 rows=10000 width=9) (actual rows=10000 loops=1)
                          Buffers: shared hit=73
        ->  Hash  (cost=9645.91..9645.91 rows=100000 width=21) (actual rows=100000 loops=1)
              Buckets: 65536  Batches: 2  Memory Usage: 3274kB
              Buffers: shared hit=30816, temp written=265
              ->  Subquery Scan on t_cte_16  (cost=0.59..9645.91 rows=100000 width=21) (actual rows=100000 loops=1)
                    Buffers: shared hit=30816
                    ->  Nested Loop Left Join  (cost=0.59..8645.91 rows=100000 width=21) (actual rows=100000 loops=1)
                          Buffers: shared hit=30816
                          ->  Index Scan using invoices_pkey on invoices a  (cost=0.29..3148.29 rows=100000 width=12) (actual rows=100000 loops=1)
                                Buffers: shared hit=816
                          ->  Memoize  (cost=0.30..0.32 rows=1 width=13) (actual rows=1 loops=100000)
                                Cache Key: a.user_id
                                Cache Mode: logical
                                Hits: 90000  Misses: 10000  Evictions: 0  Overflows: 0  Memory Usage: 1133kB
                                Buffers: shared hit=30000
                                ->  Index Scan using customers_pkey on customers b  (cost=0.29..0.31 rows=1 width=13) (actual rows=1 loops=10000)
                                      Index Cond: (customer_id = a.user_id)
                                      Buffers: shared hit=30000
Planning:
  Buffers: shared hit=14
Planning Time: 0.477 ms
Execution Time: 216.391 ms",233.08,27369.83,100000,"HashAggregate  (cost=25002.64..27369.83 rows=100000 width=33) (actual rows=100000 loops=1)
  Group Key: t_cte_16.c_invoice_id0, t_cte_16.c_customer_name0, t_cte_16.c_price0
  Planned Partitions: 4  Batches: 5  Memory Usage: 4145kB  Disk Usage: 3616kB
  Buffers: shared hit=31622, temp read=636 written=988
  ->  Hash Right Join  (cost=11779.91..16283.89 rows=100000 width=30) (actual rows=100000 loops=1)
        Hash Cond: (c.user_id = t_cte_16.c_customer_id0)
        Buffers: shared hit=31622, temp read=266 written=266
        ->  Hash Join  (cost=298.00..2945.78 rows=53978 width=13) (actual rows=0 loops=1)
              Hash Cond: ((c.contact_name)::text = (d.customer_name)::text)
              Buffers: shared hit=806
              ->  Seq Scan on contacts c  (cost=0.00..1733.00 rows=100000 width=16) (actual rows=100000 loops=1)
                    Buffers: shared hit=733
              ->  Hash  (cost=173.00..173.00 rows=10000 width=9) (actual rows=10000 loops=1)
                    Buckets: 16384  Batches: 1  Memory Usage: 538kB
                    Buffers: shared hit=73
                    ->  Seq Scan on customers d  (cost=0.00..173.00 rows=10000 width=9) (actual rows=10000 loops=1)
                          Buffers: shared hit=73
        ->  Hash  (cost=9645.91..9645.91 rows=100000 width=21) (actual rows=100000 loops=1)
              Buckets: 65536  Batches: 2  Memory Usage: 3274kB
              Buffers: shared hit=30816, temp written=265
              ->  Subquery Scan on t_cte_16  (cost=0.59..9645.91 rows=100000 width=21) (actual rows=100000 loops=1)
                    Buffers: shared hit=30816
                    ->  Nested Loop Left Join  (cost=0.59..8645.91 rows=100000 width=21) (actual rows=100000 loops=1)
                          Buffers: shared hit=30816
                          ->  Index Scan using invoices_pkey on invoices a  (cost=0.29..3148.29 rows=100000 width=12) (actual rows=100000 loops=1)
                                Buffers: shared hit=816
                          ->  Memoize  (cost=0.30..0.32 rows=1 width=13) (actual rows=1 loops=100000)
                                Cache Key: a.user_id
                                Cache Mode: logical
                                Hits: 90000  Misses: 10000  Evictions: 0  Overflows: 0  Memory Usage: 1133kB
                                Buffers: shared hit=30000
                                ->  Index Scan using customers_pkey on customers b  (cost=0.29..0.31 rows=1 width=13) (actual rows=1 loops=10000)
                                      Index Cond: (customer_id = a.user_id)
                                      Buffers: shared hit=30000
Planning:
  Buffers: shared hit=14
Planning Time: 0.498 ms
Execution Time: 233.080 ms",217.8464,216.391,224.998,239.5456,27369.83,27369.83,100000,100000,100000,100000,1364_10,856,1364,10,Medium,"select a.invoice_id, b.customer_name, a.price, count(c.user_id) as contacts_cnt, count(d.customer_name) as trusted_contacts_cnt from schema_1364.invoices as a left outer join schema_1364.customers as b on a.user_id = b.customer_id left outer join schema_1364.contacts as c on b.customer_id = c.user_id left outer join schema_1364.customers as d on d.customer_name = c.contact_name group by a.invoice_id, b.customer_name, a.price order by a.invoice_id",1106.283,166031.23,100000,"GroupAggregate  (cost=143531.23..166031.23 rows=1000000 width=33) (actual rows=100000 loops=1)
  Group Key: a.invoice_id, b.customer_name
  Buffers: shared hit=1420, temp read=6502 written=6527
  ->  Sort  (cost=143531.23..146031.23 rows=1000000 width=30) (actual rows=998520 loops=1)
        Sort Key: a.invoice_id, b.customer_name
        Sort Method: external merge  Disk: 33240kB
        Buffers: shared hit=1420, temp read=6502 written=6527
        ->  Hash Right Join  (cost=4235.61..19947.39 rows=1000000 width=30) (actual rows=998520 loops=1)
              Hash Cond: (c.user_id = b.customer_id)
              Buffers: shared hit=1420, temp read=411 written=411
              ->  Hash Left Join  (cost=298.00..2945.78 rows=100000 width=13) (actual rows=100000 loops=1)
                    Hash Cond: ((c.contact_name)::text = (d.customer_name)::text)
                    Buffers: shared hit=806
                    ->  Seq Scan on contacts c  (cost=0.00..1733.00 rows=100000 width=16) (actual rows=100000 loops=1)
                          Buffers: shared hit=733
                    ->  Hash  (cost=173.00..173.00 rows=10000 width=9) (actual rows=10000 loops=1)
                          Buckets: 16384  Batches: 1  Memory Usage: 538kB
                          Buffers: shared hit=73
                          ->  Seq Scan on customers d  (cost=0.00..173.00 rows=10000 width=9) (actual rows=10000 loops=1)
                                Buffers: shared hit=73
              ->  Hash  (cost=2101.61..2101.61 rows=100000 width=21) (actual rows=100000 loops=1)
                    Buckets: 65536  Batches: 2  Memory Usage: 3274kB
                    Buffers: shared hit=614, temp written=265
                    ->  Hash Left Join  (cost=298.00..2101.61 rows=100000 width=21) (actual rows=100000 loops=1)
                          Hash Cond: (a.user_id = b.customer_id)
                          Buffers: shared hit=614
                          ->  Seq Scan on invoices a  (cost=0.00..1541.00 rows=100000 width=12) (actual rows=100000 loops=1)
                                Buffers: shared hit=541
                          ->  Hash  (cost=173.00..173.00 rows=10000 width=13) (actual rows=10000 loops=1)
                                Buckets: 16384  Batches: 1  Memory Usage: 597kB
                                Buffers: shared hit=73
                                ->  Seq Scan on customers b  (cost=0.00..173.00 rows=10000 width=13) (actual rows=10000 loops=1)
                                      Buffers: shared hit=73
Planning:
  Buffers: shared hit=23
Planning Time: 0.340 ms
JIT:
  Functions: 33
  Options: Inlining false, Optimization false, Expressions true, Deforming true
Execution Time: 1106.283 ms",1107.911,166031.23,100000,"GroupAggregate  (cost=143531.23..166031.23 rows=1000000 width=33) (actual rows=100000 loops=1)
  Group Key: a.invoice_id, b.customer_name
  Buffers: shared hit=1420, temp read=6502 written=6527
  ->  Sort  (cost=143531.23..146031.23 rows=1000000 width=30) (actual rows=998520 loops=1)
        Sort Key: a.invoice_id, b.customer_name
        Sort Method: external merge  Disk: 33240kB
        Buffers: shared hit=1420, temp read=6502 written=6527
        ->  Hash Right Join  (cost=4235.61..19947.39 rows=1000000 width=30) (actual rows=998520 loops=1)
              Hash Cond: (c.user_id = b.customer_id)
              Buffers: shared hit=1420, temp read=411 written=411
              ->  Hash Left Join  (cost=298.00..2945.78 rows=100000 width=13) (actual rows=100000 loops=1)
                    Hash Cond: ((c.contact_name)::text = (d.customer_name)::text)
                    Buffers: shared hit=806
                    ->  Seq Scan on contacts c  (cost=0.00..1733.00 rows=100000 width=16) (actual rows=100000 loops=1)
                          Buffers: shared hit=733
                    ->  Hash  (cost=173.00..173.00 rows=10000 width=9) (actual rows=10000 loops=1)
                          Buckets: 16384  Batches: 1  Memory Usage: 538kB
                          Buffers: shared hit=73
                          ->  Seq Scan on customers d  (cost=0.00..173.00 rows=10000 width=9) (actual rows=10000 loops=1)
                                Buffers: shared hit=73
              ->  Hash  (cost=2101.61..2101.61 rows=100000 width=21) (actual rows=100000 loops=1)
                    Buckets: 65536  Batches: 2  Memory Usage: 3274kB
                    Buffers: shared hit=614, temp written=265
                    ->  Hash Left Join  (cost=298.00..2101.61 rows=100000 width=21) (actual rows=100000 loops=1)
                          Hash Cond: (a.user_id = b.customer_id)
                          Buffers: shared hit=614
                          ->  Seq Scan on invoices a  (cost=0.00..1541.00 rows=100000 width=12) (actual rows=100000 loops=1)
                                Buffers: shared hit=541
                          ->  Hash  (cost=173.00..173.00 rows=10000 width=13) (actual rows=10000 loops=1)
                                Buckets: 16384  Batches: 1  Memory Usage: 597kB
                                Buffers: shared hit=73
                                ->  Seq Scan on customers b  (cost=0.00..173.00 rows=10000 width=13) (actual rows=10000 loops=1)
                                      Buffers: shared hit=73
Planning:
  Buffers: shared hit=23
Planning Time: 0.665 ms
JIT:
  Functions: 33
  Options: Inlining false, Optimization false, Expressions true, Deforming true
Execution Time: 1107.911 ms",1106.633,166031.23,100000,"GroupAggregate  (cost=143531.23..166031.23 rows=1000000 width=33) (actual rows=100000 loops=1)
  Group Key: a.invoice_id, b.customer_name
  Buffers: shared hit=1420, temp read=6502 written=6527
  ->  Sort  (cost=143531.23..146031.23 rows=1000000 width=30) (actual rows=998520 loops=1)
        Sort Key: a.invoice_id, b.customer_name
        Sort Method: external merge  Disk: 33240kB
        Buffers: shared hit=1420, temp read=6502 written=6527
        ->  Hash Right Join  (cost=4235.61..19947.39 rows=1000000 width=30) (actual rows=998520 loops=1)
              Hash Cond: (c.user_id = b.customer_id)
              Buffers: shared hit=1420, temp read=411 written=411
              ->  Hash Left Join  (cost=298.00..2945.78 rows=100000 width=13) (actual rows=100000 loops=1)
                    Hash Cond: ((c.contact_name)::text = (d.customer_name)::text)
                    Buffers: shared hit=806
                    ->  Seq Scan on contacts c  (cost=0.00..1733.00 rows=100000 width=16) (actual rows=100000 loops=1)
                          Buffers: shared hit=733
                    ->  Hash  (cost=173.00..173.00 rows=10000 width=9) (actual rows=10000 loops=1)
                          Buckets: 16384  Batches: 1  Memory Usage: 538kB
                          Buffers: shared hit=73
                          ->  Seq Scan on customers d  (cost=0.00..173.00 rows=10000 width=9) (actual rows=10000 loops=1)
                                Buffers: shared hit=73
              ->  Hash  (cost=2101.61..2101.61 rows=100000 width=21) (actual rows=100000 loops=1)
                    Buckets: 65536  Batches: 2  Memory Usage: 3274kB
                    Buffers: shared hit=614, temp written=265
                    ->  Hash Left Join  (cost=298.00..2101.61 rows=100000 width=21) (actual rows=100000 loops=1)
                          Hash Cond: (a.user_id = b.customer_id)
                          Buffers: shared hit=614
                          ->  Seq Scan on invoices a  (cost=0.00..1541.00 rows=100000 width=12) (actual rows=100000 loops=1)
                                Buffers: shared hit=541
                          ->  Hash  (cost=173.00..173.00 rows=10000 width=13) (actual rows=10000 loops=1)
                                Buckets: 16384  Batches: 1  Memory Usage: 597kB
                                Buffers: shared hit=73
                                ->  Seq Scan on customers b  (cost=0.00..173.00 rows=10000 width=13) (actual rows=10000 loops=1)
                                      Buffers: shared hit=73
Planning:
  Buffers: shared hit=23
Planning Time: 0.547 ms
JIT:
  Functions: 33
  Options: Inlining false, Optimization false, Expressions true, Deforming true
Execution Time: 1106.633 ms",1111.906,166031.23,100000,"GroupAggregate  (cost=143531.23..166031.23 rows=1000000 width=33) (actual rows=100000 loops=1)
  Group Key: a.invoice_id, b.customer_name
  Buffers: shared hit=1420, temp read=6502 written=6527
  ->  Sort  (cost=143531.23..146031.23 rows=1000000 width=30) (actual rows=998520 loops=1)
        Sort Key: a.invoice_id, b.customer_name
        Sort Method: external merge  Disk: 33240kB
        Buffers: shared hit=1420, temp read=6502 written=6527
        ->  Hash Right Join  (cost=4235.61..19947.39 rows=1000000 width=30) (actual rows=998520 loops=1)
              Hash Cond: (c.user_id = b.customer_id)
              Buffers: shared hit=1420, temp read=411 written=411
              ->  Hash Left Join  (cost=298.00..2945.78 rows=100000 width=13) (actual rows=100000 loops=1)
                    Hash Cond: ((c.contact_name)::text = (d.customer_name)::text)
                    Buffers: shared hit=806
                    ->  Seq Scan on contacts c  (cost=0.00..1733.00 rows=100000 width=16) (actual rows=100000 loops=1)
                          Buffers: shared hit=733
                    ->  Hash  (cost=173.00..173.00 rows=10000 width=9) (actual rows=10000 loops=1)
                          Buckets: 16384  Batches: 1  Memory Usage: 538kB
                          Buffers: shared hit=73
                          ->  Seq Scan on customers d  (cost=0.00..173.00 rows=10000 width=9) (actual rows=10000 loops=1)
                                Buffers: shared hit=73
              ->  Hash  (cost=2101.61..2101.61 rows=100000 width=21) (actual rows=100000 loops=1)
                    Buckets: 65536  Batches: 2  Memory Usage: 3274kB
                    Buffers: shared hit=614, temp written=265
                    ->  Hash Left Join  (cost=298.00..2101.61 rows=100000 width=21) (actual rows=100000 loops=1)
                          Hash Cond: (a.user_id = b.customer_id)
                          Buffers: shared hit=614
                          ->  Seq Scan on invoices a  (cost=0.00..1541.00 rows=100000 width=12) (actual rows=100000 loops=1)
                                Buffers: shared hit=541
                          ->  Hash  (cost=173.00..173.00 rows=10000 width=13) (actual rows=10000 loops=1)
                                Buckets: 16384  Batches: 1  Memory Usage: 597kB
                                Buffers: shared hit=73
                                ->  Seq Scan on customers b  (cost=0.00..173.00 rows=10000 width=13) (actual rows=10000 loops=1)
                                      Buffers: shared hit=73
Planning:
  Buffers: shared hit=23
Planning Time: 0.560 ms
JIT:
  Functions: 33
  Options: Inlining false, Optimization false, Expressions true, Deforming true
Execution Time: 1111.906 ms",1108.658,166031.23,100000,"GroupAggregate  (cost=143531.23..166031.23 rows=1000000 width=33) (actual rows=100000 loops=1)
  Group Key: a.invoice_id, b.customer_name
  Buffers: shared hit=1420, temp read=6502 written=6527
  ->  Sort  (cost=143531.23..146031.23 rows=1000000 width=30) (actual rows=998520 loops=1)
        Sort Key: a.invoice_id, b.customer_name
        Sort Method: external merge  Disk: 33240kB
        Buffers: shared hit=1420, temp read=6502 written=6527
        ->  Hash Right Join  (cost=4235.61..19947.39 rows=1000000 width=30) (actual rows=998520 loops=1)
              Hash Cond: (c.user_id = b.customer_id)
              Buffers: shared hit=1420, temp read=411 written=411
              ->  Hash Left Join  (cost=298.00..2945.78 rows=100000 width=13) (actual rows=100000 loops=1)
                    Hash Cond: ((c.contact_name)::text = (d.customer_name)::text)
                    Buffers: shared hit=806
                    ->  Seq Scan on contacts c  (cost=0.00..1733.00 rows=100000 width=16) (actual rows=100000 loops=1)
                          Buffers: shared hit=733
                    ->  Hash  (cost=173.00..173.00 rows=10000 width=9) (actual rows=10000 loops=1)
                          Buckets: 16384  Batches: 1  Memory Usage: 538kB
                          Buffers: shared hit=73
                          ->  Seq Scan on customers d  (cost=0.00..173.00 rows=10000 width=9) (actual rows=10000 loops=1)
                                Buffers: shared hit=73
              ->  Hash  (cost=2101.61..2101.61 rows=100000 width=21) (actual rows=100000 loops=1)
                    Buckets: 65536  Batches: 2  Memory Usage: 3274kB
                    Buffers: shared hit=614, temp written=265
                    ->  Hash Left Join  (cost=298.00..2101.61 rows=100000 width=21) (actual rows=100000 loops=1)
                          Hash Cond: (a.user_id = b.customer_id)
                          Buffers: shared hit=614
                          ->  Seq Scan on invoices a  (cost=0.00..1541.00 rows=100000 width=12) (actual rows=100000 loops=1)
                                Buffers: shared hit=541
                          ->  Hash  (cost=173.00..173.00 rows=10000 width=13) (actual rows=10000 loops=1)
                                Buckets: 16384  Batches: 1  Memory Usage: 597kB
                                Buffers: shared hit=73
                                ->  Seq Scan on customers b  (cost=0.00..173.00 rows=10000 width=13) (actual rows=10000 loops=1)
                                      Buffers: shared hit=73
Planning:
  Buffers: shared hit=23
Planning Time: 0.918 ms
JIT:
  Functions: 33
  Options: Inlining false, Optimization false, Expressions true, Deforming true
Execution Time: 1108.658 ms",1108.2782,1107.911,1110.282,1113.2052,166031.23,166031.23,100000,100000,100000,100000,normal,normal,5.031880699999944,89.22280730000008,equal variances,significant,0.003968253968253968,-890.4318,-891.5200000000001,-138661.40000000002,0,False
857,1364,15,Medium,"select t_cte_6.c_invoice_id0 as invoice_id, t_cte_6.c_customer_name0 as customer_name, t_cte_6.c_price0 as price, count(m.contact_email) as contacts_cnt, count(c2.email) as trusted_contacts_cnt from (select c1.customer_id as c_customer_id0, i.invoice_id as c_invoice_id0, i.price as c_price0, c1.customer_name as c_customer_name0 from schema_1364.invoices as i left join schema_1364.customers as c1 on i.user_id = c1.customer_id order by c_invoice_id0 asc) as t_cte_6 left join schema_1364.contacts as m left join schema_1364.customers as c2 on m.contact_name = c2.customer_name and m.contact_email = c2.email on t_cte_6.c_customer_id0 = m.user_id group by t_cte_6.c_customer_name0,t_cte_6.c_invoice_id0,t_cte_6.c_price0",1007.785,29679.44,100000,"HashAggregate  (cost=27116.94..29679.44 rows=100000 width=33) (actual rows=100000 loops=1)
  Group Key: t_cte_6.c_customer_name0, t_cte_6.c_invoice_id0, t_cte_6.c_price0
  Planned Partitions: 4  Batches: 5  Memory Usage: 4145kB  Disk Usage: 36392kB
  Buffers: shared hit=31622, temp read=5078 written=8485
  ->  Hash Left Join  (cost=11804.91..17616.94 rows=100000 width=38) (actual rows=998520 loops=1)
        Hash Cond: (((m.contact_name)::text = (c2.customer_name)::text) AND ((m.contact_email)::text = (c2.email)::text))
        Buffers: shared hit=31622, temp read=555 written=555
        ->  Hash Right Join  (cost=11481.91..16543.91 rows=100000 width=39) (actual rows=998520 loops=1)
              Hash Cond: (m.user_id = t_cte_6.c_customer_id0)
              Buffers: shared hit=31549, temp read=555 written=555
              ->  Seq Scan on contacts m  (cost=0.00..1733.00 rows=100000 width=26) (actual rows=100000 loops=1)
                    Buffers: shared hit=733
              ->  Hash  (cost=9645.91..9645.91 rows=100000 width=21) (actual rows=100000 loops=1)
                    Buckets: 65536  Batches: 2  Memory Usage: 3274kB
                    Buffers: shared hit=30816, temp written=265
                    ->  Subquery Scan on t_cte_6  (cost=0.59..9645.91 rows=100000 width=21) (actual rows=100000 loops=1)
                          Buffers: shared hit=30816
                          ->  Nested Loop Left Join  (cost=0.59..8645.91 rows=100000 width=21) (actual rows=100000 loops=1)
                                Buffers: shared hit=30816
                                ->  Index Scan using invoices_pkey on invoices i  (cost=0.29..3148.29 rows=100000 width=12) (actual rows=100000 loops=1)
                                      Buffers: shared hit=816
                                ->  Memoize  (cost=0.30..0.32 rows=1 width=13) (actual rows=1 loops=100000)
                                      Cache Key: i.user_id
                                      Cache Mode: logical
                                      Hits: 90000  Misses: 10000  Evictions: 0  Overflows: 0  Memory Usage: 1113kB
                                      Buffers: shared hit=30000
                                      ->  Index Scan using customers_pkey on customers c1  (cost=0.29..0.31 rows=1 width=13) (actual rows=1 loops=10000)
                                            Index Cond: (customer_id = i.user_id)
                                            Buffers: shared hit=30000
        ->  Hash  (cost=173.00..173.00 rows=10000 width=20) (actual rows=10000 loops=1)
              Buckets: 16384  Batches: 1  Memory Usage: 654kB
              Buffers: shared hit=73
              ->  Seq Scan on customers c2  (cost=0.00..173.00 rows=10000 width=20) (actual rows=10000 loops=1)
                    Buffers: shared hit=73
Planning:
  Buffers: shared hit=14
Planning Time: 0.526 ms
Execution Time: 1007.785 ms",1011.04,29679.44,100000,"HashAggregate  (cost=27116.94..29679.44 rows=100000 width=33) (actual rows=100000 loops=1)
  Group Key: t_cte_6.c_customer_name0, t_cte_6.c_invoice_id0, t_cte_6.c_price0
  Planned Partitions: 4  Batches: 5  Memory Usage: 4145kB  Disk Usage: 36392kB
  Buffers: shared hit=31622, temp read=5078 written=8485
  ->  Hash Left Join  (cost=11804.91..17616.94 rows=100000 width=38) (actual rows=998520 loops=1)
        Hash Cond: (((m.contact_name)::text = (c2.customer_name)::text) AND ((m.contact_email)::text = (c2.email)::text))
        Buffers: shared hit=31622, temp read=555 written=555
        ->  Hash Right Join  (cost=11481.91..16543.91 rows=100000 width=39) (actual rows=998520 loops=1)
              Hash Cond: (m.user_id = t_cte_6.c_customer_id0)
              Buffers: shared hit=31549, temp read=555 written=555
              ->  Seq Scan on contacts m  (cost=0.00..1733.00 rows=100000 width=26) (actual rows=100000 loops=1)
                    Buffers: shared hit=733
              ->  Hash  (cost=9645.91..9645.91 rows=100000 width=21) (actual rows=100000 loops=1)
                    Buckets: 65536  Batches: 2  Memory Usage: 3274kB
                    Buffers: shared hit=30816, temp written=265
                    ->  Subquery Scan on t_cte_6  (cost=0.59..9645.91 rows=100000 width=21) (actual rows=100000 loops=1)
                          Buffers: shared hit=30816
                          ->  Nested Loop Left Join  (cost=0.59..8645.91 rows=100000 width=21) (actual rows=100000 loops=1)
                                Buffers: shared hit=30816
                                ->  Index Scan using invoices_pkey on invoices i  (cost=0.29..3148.29 rows=100000 width=12) (actual rows=100000 loops=1)
                                      Buffers: shared hit=816
                                ->  Memoize  (cost=0.30..0.32 rows=1 width=13) (actual rows=1 loops=100000)
                                      Cache Key: i.user_id
                                      Cache Mode: logical
                                      Hits: 90000  Misses: 10000  Evictions: 0  Overflows: 0  Memory Usage: 1113kB
                                      Buffers: shared hit=30000
                                      ->  Index Scan using customers_pkey on customers c1  (cost=0.29..0.31 rows=1 width=13) (actual rows=1 loops=10000)
                                            Index Cond: (customer_id = i.user_id)
                                            Buffers: shared hit=30000
        ->  Hash  (cost=173.00..173.00 rows=10000 width=20) (actual rows=10000 loops=1)
              Buckets: 16384  Batches: 1  Memory Usage: 654kB
              Buffers: shared hit=73
              ->  Seq Scan on customers c2  (cost=0.00..173.00 rows=10000 width=20) (actual rows=10000 loops=1)
                    Buffers: shared hit=73
Planning:
  Buffers: shared hit=14
Planning Time: 0.547 ms
Execution Time: 1011.040 ms",999.609,29679.44,100000,"HashAggregate  (cost=27116.94..29679.44 rows=100000 width=33) (actual rows=100000 loops=1)
  Group Key: t_cte_6.c_customer_name0, t_cte_6.c_invoice_id0, t_cte_6.c_price0
  Planned Partitions: 4  Batches: 5  Memory Usage: 4145kB  Disk Usage: 36392kB
  Buffers: shared hit=31622, temp read=5078 written=8485
  ->  Hash Left Join  (cost=11804.91..17616.94 rows=100000 width=38) (actual rows=998520 loops=1)
        Hash Cond: (((m.contact_name)::text = (c2.customer_name)::text) AND ((m.contact_email)::text = (c2.email)::text))
        Buffers: shared hit=31622, temp read=555 written=555
        ->  Hash Right Join  (cost=11481.91..16543.91 rows=100000 width=39) (actual rows=998520 loops=1)
              Hash Cond: (m.user_id = t_cte_6.c_customer_id0)
              Buffers: shared hit=31549, temp read=555 written=555
              ->  Seq Scan on contacts m  (cost=0.00..1733.00 rows=100000 width=26) (actual rows=100000 loops=1)
                    Buffers: shared hit=733
              ->  Hash  (cost=9645.91..9645.91 rows=100000 width=21) (actual rows=100000 loops=1)
                    Buckets: 65536  Batches: 2  Memory Usage: 3274kB
                    Buffers: shared hit=30816, temp written=265
                    ->  Subquery Scan on t_cte_6  (cost=0.59..9645.91 rows=100000 width=21) (actual rows=100000 loops=1)
                          Buffers: shared hit=30816
                          ->  Nested Loop Left Join  (cost=0.59..8645.91 rows=100000 width=21) (actual rows=100000 loops=1)
                                Buffers: shared hit=30816
                                ->  Index Scan using invoices_pkey on invoices i  (cost=0.29..3148.29 rows=100000 width=12) (actual rows=100000 loops=1)
                                      Buffers: shared hit=816
                                ->  Memoize  (cost=0.30..0.32 rows=1 width=13) (actual rows=1 loops=100000)
                                      Cache Key: i.user_id
                                      Cache Mode: logical
                                      Hits: 90000  Misses: 10000  Evictions: 0  Overflows: 0  Memory Usage: 1113kB
                                      Buffers: shared hit=30000
                                      ->  Index Scan using customers_pkey on customers c1  (cost=0.29..0.31 rows=1 width=13) (actual rows=1 loops=10000)
                                            Index Cond: (customer_id = i.user_id)
                                            Buffers: shared hit=30000
        ->  Hash  (cost=173.00..173.00 rows=10000 width=20) (actual rows=10000 loops=1)
              Buckets: 16384  Batches: 1  Memory Usage: 654kB
              Buffers: shared hit=73
              ->  Seq Scan on customers c2  (cost=0.00..173.00 rows=10000 width=20) (actual rows=10000 loops=1)
                    Buffers: shared hit=73
Planning:
  Buffers: shared hit=14
Planning Time: 0.539 ms
Execution Time: 999.609 ms",1020.199,29679.44,100000,"HashAggregate  (cost=27116.94..29679.44 rows=100000 width=33) (actual rows=100000 loops=1)
  Group Key: t_cte_6.c_customer_name0, t_cte_6.c_invoice_id0, t_cte_6.c_price0
  Planned Partitions: 4  Batches: 5  Memory Usage: 4145kB  Disk Usage: 36392kB
  Buffers: shared hit=31622, temp read=5078 written=8485
  ->  Hash Left Join  (cost=11804.91..17616.94 rows=100000 width=38) (actual rows=998520 loops=1)
        Hash Cond: (((m.contact_name)::text = (c2.customer_name)::text) AND ((m.contact_email)::text = (c2.email)::text))
        Buffers: shared hit=31622, temp read=555 written=555
        ->  Hash Right Join  (cost=11481.91..16543.91 rows=100000 width=39) (actual rows=998520 loops=1)
              Hash Cond: (m.user_id = t_cte_6.c_customer_id0)
              Buffers: shared hit=31549, temp read=555 written=555
              ->  Seq Scan on contacts m  (cost=0.00..1733.00 rows=100000 width=26) (actual rows=100000 loops=1)
                    Buffers: shared hit=733
              ->  Hash  (cost=9645.91..9645.91 rows=100000 width=21) (actual rows=100000 loops=1)
                    Buckets: 65536  Batches: 2  Memory Usage: 3274kB
                    Buffers: shared hit=30816, temp written=265
                    ->  Subquery Scan on t_cte_6  (cost=0.59..9645.91 rows=100000 width=21) (actual rows=100000 loops=1)
                          Buffers: shared hit=30816
                          ->  Nested Loop Left Join  (cost=0.59..8645.91 rows=100000 width=21) (actual rows=100000 loops=1)
                                Buffers: shared hit=30816
                                ->  Index Scan using invoices_pkey on invoices i  (cost=0.29..3148.29 rows=100000 width=12) (actual rows=100000 loops=1)
                                      Buffers: shared hit=816
                                ->  Memoize  (cost=0.30..0.32 rows=1 width=13) (actual rows=1 loops=100000)
                                      Cache Key: i.user_id
                                      Cache Mode: logical
                                      Hits: 90000  Misses: 10000  Evictions: 0  Overflows: 0  Memory Usage: 1113kB
                                      Buffers: shared hit=30000
                                      ->  Index Scan using customers_pkey on customers c1  (cost=0.29..0.31 rows=1 width=13) (actual rows=1 loops=10000)
                                            Index Cond: (customer_id = i.user_id)
                                            Buffers: shared hit=30000
        ->  Hash  (cost=173.00..173.00 rows=10000 width=20) (actual rows=10000 loops=1)
              Buckets: 16384  Batches: 1  Memory Usage: 654kB
              Buffers: shared hit=73
              ->  Seq Scan on customers c2  (cost=0.00..173.00 rows=10000 width=20) (actual rows=10000 loops=1)
                    Buffers: shared hit=73
Planning:
  Buffers: shared hit=14
Planning Time: 0.651 ms
Execution Time: 1020.199 ms",1007.621,29679.44,100000,"HashAggregate  (cost=27116.94..29679.44 rows=100000 width=33) (actual rows=100000 loops=1)
  Group Key: t_cte_6.c_customer_name0, t_cte_6.c_invoice_id0, t_cte_6.c_price0
  Planned Partitions: 4  Batches: 5  Memory Usage: 4145kB  Disk Usage: 36392kB
  Buffers: shared hit=31622, temp read=5078 written=8485
  ->  Hash Left Join  (cost=11804.91..17616.94 rows=100000 width=38) (actual rows=998520 loops=1)
        Hash Cond: (((m.contact_name)::text = (c2.customer_name)::text) AND ((m.contact_email)::text = (c2.email)::text))
        Buffers: shared hit=31622, temp read=555 written=555
        ->  Hash Right Join  (cost=11481.91..16543.91 rows=100000 width=39) (actual rows=998520 loops=1)
              Hash Cond: (m.user_id = t_cte_6.c_customer_id0)
              Buffers: shared hit=31549, temp read=555 written=555
              ->  Seq Scan on contacts m  (cost=0.00..1733.00 rows=100000 width=26) (actual rows=100000 loops=1)
                    Buffers: shared hit=733
              ->  Hash  (cost=9645.91..9645.91 rows=100000 width=21) (actual rows=100000 loops=1)
                    Buckets: 65536  Batches: 2  Memory Usage: 3274kB
                    Buffers: shared hit=30816, temp written=265
                    ->  Subquery Scan on t_cte_6  (cost=0.59..9645.91 rows=100000 width=21) (actual rows=100000 loops=1)
                          Buffers: shared hit=30816
                          ->  Nested Loop Left Join  (cost=0.59..8645.91 rows=100000 width=21) (actual rows=100000 loops=1)
                                Buffers: shared hit=30816
                                ->  Index Scan using invoices_pkey on invoices i  (cost=0.29..3148.29 rows=100000 width=12) (actual rows=100000 loops=1)
                                      Buffers: shared hit=816
                                ->  Memoize  (cost=0.30..0.32 rows=1 width=13) (actual rows=1 loops=100000)
                                      Cache Key: i.user_id
                                      Cache Mode: logical
                                      Hits: 90000  Misses: 10000  Evictions: 0  Overflows: 0  Memory Usage: 1113kB
                                      Buffers: shared hit=30000
                                      ->  Index Scan using customers_pkey on customers c1  (cost=0.29..0.31 rows=1 width=13) (actual rows=1 loops=10000)
                                            Index Cond: (customer_id = i.user_id)
                                            Buffers: shared hit=30000
        ->  Hash  (cost=173.00..173.00 rows=10000 width=20) (actual rows=10000 loops=1)
              Buckets: 16384  Batches: 1  Memory Usage: 654kB
              Buffers: shared hit=73
              ->  Seq Scan on customers c2  (cost=0.00..173.00 rows=10000 width=20) (actual rows=10000 loops=1)
                    Buffers: shared hit=73
Planning:
  Buffers: shared hit=14
Planning Time: 0.516 ms
Execution Time: 1007.621 ms",1009.2508,1007.785,1015.6195,1023.8626,29679.44,29679.44,100000,100000,100000,100000,1364_15,857,1364,15,Medium,"select i.invoice_id, c1.customer_name, i.price, count(m.contact_email) as contacts_cnt, count(c2.email) as trusted_contacts_cnt from schema_1364.invoices as i left outer join schema_1364.customers as c1 on i.user_id = c1.customer_id left outer join schema_1364.contacts as m on c1.customer_id = m.user_id left outer join schema_1364.customers as c2 on (m.contact_name = c2.customer_name and m.contact_email = c2.email) group by i.invoice_id, c1.customer_name, i.price order by i.invoice_id",1150.265,197046.48,100000,"GroupAggregate  (cost=174546.48..197046.48 rows=1000000 width=33) (actual rows=100000 loops=1)
  Group Key: i.invoice_id, c1.customer_name
  Buffers: shared hit=1420, temp read=7731 written=7756
  ->  Sort  (cost=174546.48..177046.48 rows=1000000 width=38) (actual rows=998520 loops=1)
        Sort Key: i.invoice_id, c1.customer_name
        Sort Method: external merge  Disk: 39552kB
        Buffers: shared hit=1420, temp read=7731 written=7756
        ->  Hash Right Join  (cost=4260.61..20197.64 rows=1000000 width=38) (actual rows=998520 loops=1)
              Hash Cond: (m.user_id = c1.customer_id)
              Buffers: shared hit=1420, temp read=484 written=484
              ->  Hash Left Join  (cost=323.00..2806.03 rows=100000 width=25) (actual rows=100000 loops=1)
                    Hash Cond: (((m.contact_name)::text = (c2.customer_name)::text) AND ((m.contact_email)::text = (c2.email)::text))
                    Buffers: shared hit=806
                    ->  Seq Scan on contacts m  (cost=0.00..1733.00 rows=100000 width=26) (actual rows=100000 loops=1)
                          Buffers: shared hit=733
                    ->  Hash  (cost=173.00..173.00 rows=10000 width=20) (actual rows=10000 loops=1)
                          Buckets: 16384  Batches: 1  Memory Usage: 654kB
                          Buffers: shared hit=73
                          ->  Seq Scan on customers c2  (cost=0.00..173.00 rows=10000 width=20) (actual rows=10000 loops=1)
                                Buffers: shared hit=73
              ->  Hash  (cost=2101.61..2101.61 rows=100000 width=21) (actual rows=100000 loops=1)
                    Buckets: 65536  Batches: 2  Memory Usage: 3274kB
                    Buffers: shared hit=614, temp written=265
                    ->  Hash Left Join  (cost=298.00..2101.61 rows=100000 width=21) (actual rows=100000 loops=1)
                          Hash Cond: (i.user_id = c1.customer_id)
                          Buffers: shared hit=614
                          ->  Seq Scan on invoices i  (cost=0.00..1541.00 rows=100000 width=12) (actual rows=100000 loops=1)
                                Buffers: shared hit=541
                          ->  Hash  (cost=173.00..173.00 rows=10000 width=13) (actual rows=10000 loops=1)
                                Buckets: 16384  Batches: 1  Memory Usage: 597kB
                                Buffers: shared hit=73
                                ->  Seq Scan on customers c1  (cost=0.00..173.00 rows=10000 width=13) (actual rows=10000 loops=1)
                                      Buffers: shared hit=73
Planning:
  Buffers: shared hit=23
Planning Time: 0.390 ms
JIT:
  Functions: 36
  Options: Inlining false, Optimization false, Expressions true, Deforming true
Execution Time: 1150.265 ms",1158.439,197046.48,100000,"GroupAggregate  (cost=174546.48..197046.48 rows=1000000 width=33) (actual rows=100000 loops=1)
  Group Key: i.invoice_id, c1.customer_name
  Buffers: shared hit=1420, temp read=7731 written=7756
  ->  Sort  (cost=174546.48..177046.48 rows=1000000 width=38) (actual rows=998520 loops=1)
        Sort Key: i.invoice_id, c1.customer_name
        Sort Method: external merge  Disk: 39552kB
        Buffers: shared hit=1420, temp read=7731 written=7756
        ->  Hash Right Join  (cost=4260.61..20197.64 rows=1000000 width=38) (actual rows=998520 loops=1)
              Hash Cond: (m.user_id = c1.customer_id)
              Buffers: shared hit=1420, temp read=484 written=484
              ->  Hash Left Join  (cost=323.00..2806.03 rows=100000 width=25) (actual rows=100000 loops=1)
                    Hash Cond: (((m.contact_name)::text = (c2.customer_name)::text) AND ((m.contact_email)::text = (c2.email)::text))
                    Buffers: shared hit=806
                    ->  Seq Scan on contacts m  (cost=0.00..1733.00 rows=100000 width=26) (actual rows=100000 loops=1)
                          Buffers: shared hit=733
                    ->  Hash  (cost=173.00..173.00 rows=10000 width=20) (actual rows=10000 loops=1)
                          Buckets: 16384  Batches: 1  Memory Usage: 654kB
                          Buffers: shared hit=73
                          ->  Seq Scan on customers c2  (cost=0.00..173.00 rows=10000 width=20) (actual rows=10000 loops=1)
                                Buffers: shared hit=73
              ->  Hash  (cost=2101.61..2101.61 rows=100000 width=21) (actual rows=100000 loops=1)
                    Buckets: 65536  Batches: 2  Memory Usage: 3274kB
                    Buffers: shared hit=614, temp written=265
                    ->  Hash Left Join  (cost=298.00..2101.61 rows=100000 width=21) (actual rows=100000 loops=1)
                          Hash Cond: (i.user_id = c1.customer_id)
                          Buffers: shared hit=614
                          ->  Seq Scan on invoices i  (cost=0.00..1541.00 rows=100000 width=12) (actual rows=100000 loops=1)
                                Buffers: shared hit=541
                          ->  Hash  (cost=173.00..173.00 rows=10000 width=13) (actual rows=10000 loops=1)
                                Buckets: 16384  Batches: 1  Memory Usage: 597kB
                                Buffers: shared hit=73
                                ->  Seq Scan on customers c1  (cost=0.00..173.00 rows=10000 width=13) (actual rows=10000 loops=1)
                                      Buffers: shared hit=73
Planning:
  Buffers: shared hit=23
Planning Time: 0.626 ms
JIT:
  Functions: 36
  Options: Inlining false, Optimization false, Expressions true, Deforming true
Execution Time: 1158.439 ms",1178.852,197046.48,100000,"GroupAggregate  (cost=174546.48..197046.48 rows=1000000 width=33) (actual rows=100000 loops=1)
  Group Key: i.invoice_id, c1.customer_name
  Buffers: shared hit=1420, temp read=7731 written=7756
  ->  Sort  (cost=174546.48..177046.48 rows=1000000 width=38) (actual rows=998520 loops=1)
        Sort Key: i.invoice_id, c1.customer_name
        Sort Method: external merge  Disk: 39552kB
        Buffers: shared hit=1420, temp read=7731 written=7756
        ->  Hash Right Join  (cost=4260.61..20197.64 rows=1000000 width=38) (actual rows=998520 loops=1)
              Hash Cond: (m.user_id = c1.customer_id)
              Buffers: shared hit=1420, temp read=484 written=484
              ->  Hash Left Join  (cost=323.00..2806.03 rows=100000 width=25) (actual rows=100000 loops=1)
                    Hash Cond: (((m.contact_name)::text = (c2.customer_name)::text) AND ((m.contact_email)::text = (c2.email)::text))
                    Buffers: shared hit=806
                    ->  Seq Scan on contacts m  (cost=0.00..1733.00 rows=100000 width=26) (actual rows=100000 loops=1)
                          Buffers: shared hit=733
                    ->  Hash  (cost=173.00..173.00 rows=10000 width=20) (actual rows=10000 loops=1)
                          Buckets: 16384  Batches: 1  Memory Usage: 654kB
                          Buffers: shared hit=73
                          ->  Seq Scan on customers c2  (cost=0.00..173.00 rows=10000 width=20) (actual rows=10000 loops=1)
                                Buffers: shared hit=73
              ->  Hash  (cost=2101.61..2101.61 rows=100000 width=21) (actual rows=100000 loops=1)
                    Buckets: 65536  Batches: 2  Memory Usage: 3274kB
                    Buffers: shared hit=614, temp written=265
                    ->  Hash Left Join  (cost=298.00..2101.61 rows=100000 width=21) (actual rows=100000 loops=1)
                          Hash Cond: (i.user_id = c1.customer_id)
                          Buffers: shared hit=614
                          ->  Seq Scan on invoices i  (cost=0.00..1541.00 rows=100000 width=12) (actual rows=100000 loops=1)
                                Buffers: shared hit=541
                          ->  Hash  (cost=173.00..173.00 rows=10000 width=13) (actual rows=10000 loops=1)
                                Buckets: 16384  Batches: 1  Memory Usage: 597kB
                                Buffers: shared hit=73
                                ->  Seq Scan on customers c1  (cost=0.00..173.00 rows=10000 width=13) (actual rows=10000 loops=1)
                                      Buffers: shared hit=73
Planning:
  Buffers: shared hit=23
Planning Time: 0.625 ms
JIT:
  Functions: 36
  Options: Inlining false, Optimization false, Expressions true, Deforming true
Execution Time: 1178.852 ms",1167.463,197046.48,100000,"GroupAggregate  (cost=174546.48..197046.48 rows=1000000 width=33) (actual rows=100000 loops=1)
  Group Key: i.invoice_id, c1.customer_name
  Buffers: shared hit=1420, temp read=7731 written=7756
  ->  Sort  (cost=174546.48..177046.48 rows=1000000 width=38) (actual rows=998520 loops=1)
        Sort Key: i.invoice_id, c1.customer_name
        Sort Method: external merge  Disk: 39552kB
        Buffers: shared hit=1420, temp read=7731 written=7756
        ->  Hash Right Join  (cost=4260.61..20197.64 rows=1000000 width=38) (actual rows=998520 loops=1)
              Hash Cond: (m.user_id = c1.customer_id)
              Buffers: shared hit=1420, temp read=484 written=484
              ->  Hash Left Join  (cost=323.00..2806.03 rows=100000 width=25) (actual rows=100000 loops=1)
                    Hash Cond: (((m.contact_name)::text = (c2.customer_name)::text) AND ((m.contact_email)::text = (c2.email)::text))
                    Buffers: shared hit=806
                    ->  Seq Scan on contacts m  (cost=0.00..1733.00 rows=100000 width=26) (actual rows=100000 loops=1)
                          Buffers: shared hit=733
                    ->  Hash  (cost=173.00..173.00 rows=10000 width=20) (actual rows=10000 loops=1)
                          Buckets: 16384  Batches: 1  Memory Usage: 654kB
                          Buffers: shared hit=73
                          ->  Seq Scan on customers c2  (cost=0.00..173.00 rows=10000 width=20) (actual rows=10000 loops=1)
                                Buffers: shared hit=73
              ->  Hash  (cost=2101.61..2101.61 rows=100000 width=21) (actual rows=100000 loops=1)
                    Buckets: 65536  Batches: 2  Memory Usage: 3274kB
                    Buffers: shared hit=614, temp written=265
                    ->  Hash Left Join  (cost=298.00..2101.61 rows=100000 width=21) (actual rows=100000 loops=1)
                          Hash Cond: (i.user_id = c1.customer_id)
                          Buffers: shared hit=614
                          ->  Seq Scan on invoices i  (cost=0.00..1541.00 rows=100000 width=12) (actual rows=100000 loops=1)
                                Buffers: shared hit=541
                          ->  Hash  (cost=173.00..173.00 rows=10000 width=13) (actual rows=10000 loops=1)
                                Buckets: 16384  Batches: 1  Memory Usage: 597kB
                                Buffers: shared hit=73
                                ->  Seq Scan on customers c1  (cost=0.00..173.00 rows=10000 width=13) (actual rows=10000 loops=1)
                                      Buffers: shared hit=73
Planning:
  Buffers: shared hit=23
Planning Time: 0.716 ms
JIT:
  Functions: 36
  Options: Inlining false, Optimization false, Expressions true, Deforming true
Execution Time: 1167.463 ms",1155.183,197046.48,100000,"GroupAggregate  (cost=174546.48..197046.48 rows=1000000 width=33) (actual rows=100000 loops=1)
  Group Key: i.invoice_id, c1.customer_name
  Buffers: shared hit=1420, temp read=7731 written=7756
  ->  Sort  (cost=174546.48..177046.48 rows=1000000 width=38) (actual rows=998520 loops=1)
        Sort Key: i.invoice_id, c1.customer_name
        Sort Method: external merge  Disk: 39552kB
        Buffers: shared hit=1420, temp read=7731 written=7756
        ->  Hash Right Join  (cost=4260.61..20197.64 rows=1000000 width=38) (actual rows=998520 loops=1)
              Hash Cond: (m.user_id = c1.customer_id)
              Buffers: shared hit=1420, temp read=484 written=484
              ->  Hash Left Join  (cost=323.00..2806.03 rows=100000 width=25) (actual rows=100000 loops=1)
                    Hash Cond: (((m.contact_name)::text = (c2.customer_name)::text) AND ((m.contact_email)::text = (c2.email)::text))
                    Buffers: shared hit=806
                    ->  Seq Scan on contacts m  (cost=0.00..1733.00 rows=100000 width=26) (actual rows=100000 loops=1)
                          Buffers: shared hit=733
                    ->  Hash  (cost=173.00..173.00 rows=10000 width=20) (actual rows=10000 loops=1)
                          Buckets: 16384  Batches: 1  Memory Usage: 654kB
                          Buffers: shared hit=73
                          ->  Seq Scan on customers c2  (cost=0.00..173.00 rows=10000 width=20) (actual rows=10000 loops=1)
                                Buffers: shared hit=73
              ->  Hash  (cost=2101.61..2101.61 rows=100000 width=21) (actual rows=100000 loops=1)
                    Buckets: 65536  Batches: 2  Memory Usage: 3274kB
                    Buffers: shared hit=614, temp written=265
                    ->  Hash Left Join  (cost=298.00..2101.61 rows=100000 width=21) (actual rows=100000 loops=1)
                          Hash Cond: (i.user_id = c1.customer_id)
                          Buffers: shared hit=614
                          ->  Seq Scan on invoices i  (cost=0.00..1541.00 rows=100000 width=12) (actual rows=100000 loops=1)
                                Buffers: shared hit=541
                          ->  Hash  (cost=173.00..173.00 rows=10000 width=13) (actual rows=10000 loops=1)
                                Buckets: 16384  Batches: 1  Memory Usage: 597kB
                                Buffers: shared hit=73
                                ->  Seq Scan on customers c1  (cost=0.00..173.00 rows=10000 width=13) (actual rows=10000 loops=1)
                                      Buffers: shared hit=73
Planning:
  Buffers: shared hit=23
Planning Time: 0.599 ms
JIT:
  Functions: 36
  Options: Inlining false, Optimization false, Expressions true, Deforming true
Execution Time: 1155.183 ms",1162.0404,1158.439,1173.1575,1183.4076,197046.48,197046.48,100000,100000,100000,100000,normal,normal,127.67213679999996,55.20836119999959,equal variances,significant,0.003968253968253968,-152.78960000000006,-150.6540000000001,-167367.04,0,True
858,1364,43,Medium,"select i.invoice_id as invoice_id, us.customer_name as customer_name, i.price as price, count(co.contact_name) as contacts_cnt, count(cu.customer_name) as trusted_contacts_cnt from schema_1364.invoices as i left join schema_1364.customers as us on us.customer_id = i.user_id left join schema_1364.customers as cu left join schema_1364.contacts as co on co.contact_name = cu.customer_name on i.user_id = co.user_id group by i.price,us.customer_name,i.invoice_id",132.99,78696.15,100000,"HashAggregate  (cost=64651.34..78696.15 rows=548090 width=33) (actual rows=100000 loops=1)
  Group Key: us.customer_name, i.invoice_id
  Planned Partitions: 32  Batches: 33  Memory Usage: 4113kB  Disk Usage: 6048kB
  Buffers: shared hit=1420, temp read=390 written=1118
  ->  Hash Left Join  (cost=3918.50..13953.02 rows=548090 width=38) (actual rows=100000 loops=1)
        Hash Cond: (i.user_id = co.user_id)
        Buffers: shared hit=1420
        ->  Hash Left Join  (cost=298.00..2101.61 rows=100000 width=21) (actual rows=100000 loops=1)
              Hash Cond: (i.user_id = us.customer_id)
              Buffers: shared hit=614
              ->  Seq Scan on invoices i  (cost=0.00..1541.00 rows=100000 width=12) (actual rows=100000 loops=1)
                    Buffers: shared hit=541
              ->  Hash  (cost=173.00..173.00 rows=10000 width=13) (actual rows=10000 loops=1)
                    Buckets: 16384  Batches: 1  Memory Usage: 597kB
                    Buffers: shared hit=73
                    ->  Seq Scan on customers us  (cost=0.00..173.00 rows=10000 width=13) (actual rows=10000 loops=1)
                          Buffers: shared hit=73
        ->  Hash  (cost=2945.78..2945.78 rows=53978 width=25) (actual rows=0 loops=1)
              Buckets: 65536  Batches: 1  Memory Usage: 512kB
              Buffers: shared hit=806
              ->  Hash Join  (cost=298.00..2945.78 rows=53978 width=25) (actual rows=0 loops=1)
                    Hash Cond: ((co.contact_name)::text = (cu.customer_name)::text)
                    Buffers: shared hit=806
                    ->  Seq Scan on contacts co  (cost=0.00..1733.00 rows=100000 width=16) (actual rows=100000 loops=1)
                          Buffers: shared hit=733
                    ->  Hash  (cost=173.00..173.00 rows=10000 width=9) (actual rows=10000 loops=1)
                          Buckets: 16384  Batches: 1  Memory Usage: 538kB
                          Buffers: shared hit=73
                          ->  Seq Scan on customers cu  (cost=0.00..173.00 rows=10000 width=9) (actual rows=10000 loops=1)
                                Buffers: shared hit=73
Planning:
  Buffers: shared hit=17
Planning Time: 0.310 ms
Execution Time: 132.990 ms",143.853,78696.15,100000,"HashAggregate  (cost=64651.34..78696.15 rows=548090 width=33) (actual rows=100000 loops=1)
  Group Key: us.customer_name, i.invoice_id
  Planned Partitions: 32  Batches: 33  Memory Usage: 4113kB  Disk Usage: 6048kB
  Buffers: shared hit=1420, temp read=390 written=1118
  ->  Hash Left Join  (cost=3918.50..13953.02 rows=548090 width=38) (actual rows=100000 loops=1)
        Hash Cond: (i.user_id = co.user_id)
        Buffers: shared hit=1420
        ->  Hash Left Join  (cost=298.00..2101.61 rows=100000 width=21) (actual rows=100000 loops=1)
              Hash Cond: (i.user_id = us.customer_id)
              Buffers: shared hit=614
              ->  Seq Scan on invoices i  (cost=0.00..1541.00 rows=100000 width=12) (actual rows=100000 loops=1)
                    Buffers: shared hit=541
              ->  Hash  (cost=173.00..173.00 rows=10000 width=13) (actual rows=10000 loops=1)
                    Buckets: 16384  Batches: 1  Memory Usage: 597kB
                    Buffers: shared hit=73
                    ->  Seq Scan on customers us  (cost=0.00..173.00 rows=10000 width=13) (actual rows=10000 loops=1)
                          Buffers: shared hit=73
        ->  Hash  (cost=2945.78..2945.78 rows=53978 width=25) (actual rows=0 loops=1)
              Buckets: 65536  Batches: 1  Memory Usage: 512kB
              Buffers: shared hit=806
              ->  Hash Join  (cost=298.00..2945.78 rows=53978 width=25) (actual rows=0 loops=1)
                    Hash Cond: ((co.contact_name)::text = (cu.customer_name)::text)
                    Buffers: shared hit=806
                    ->  Seq Scan on contacts co  (cost=0.00..1733.00 rows=100000 width=16) (actual rows=100000 loops=1)
                          Buffers: shared hit=733
                    ->  Hash  (cost=173.00..173.00 rows=10000 width=9) (actual rows=10000 loops=1)
                          Buckets: 16384  Batches: 1  Memory Usage: 538kB
                          Buffers: shared hit=73
                          ->  Seq Scan on customers cu  (cost=0.00..173.00 rows=10000 width=9) (actual rows=10000 loops=1)
                                Buffers: shared hit=73
Planning:
  Buffers: shared hit=17
Planning Time: 0.498 ms
Execution Time: 143.853 ms",142.854,78696.15,100000,"HashAggregate  (cost=64651.34..78696.15 rows=548090 width=33) (actual rows=100000 loops=1)
  Group Key: us.customer_name, i.invoice_id
  Planned Partitions: 32  Batches: 33  Memory Usage: 4113kB  Disk Usage: 6048kB
  Buffers: shared hit=1420, temp read=390 written=1118
  ->  Hash Left Join  (cost=3918.50..13953.02 rows=548090 width=38) (actual rows=100000 loops=1)
        Hash Cond: (i.user_id = co.user_id)
        Buffers: shared hit=1420
        ->  Hash Left Join  (cost=298.00..2101.61 rows=100000 width=21) (actual rows=100000 loops=1)
              Hash Cond: (i.user_id = us.customer_id)
              Buffers: shared hit=614
              ->  Seq Scan on invoices i  (cost=0.00..1541.00 rows=100000 width=12) (actual rows=100000 loops=1)
                    Buffers: shared hit=541
              ->  Hash  (cost=173.00..173.00 rows=10000 width=13) (actual rows=10000 loops=1)
                    Buckets: 16384  Batches: 1  Memory Usage: 597kB
                    Buffers: shared hit=73
                    ->  Seq Scan on customers us  (cost=0.00..173.00 rows=10000 width=13) (actual rows=10000 loops=1)
                          Buffers: shared hit=73
        ->  Hash  (cost=2945.78..2945.78 rows=53978 width=25) (actual rows=0 loops=1)
              Buckets: 65536  Batches: 1  Memory Usage: 512kB
              Buffers: shared hit=806
              ->  Hash Join  (cost=298.00..2945.78 rows=53978 width=25) (actual rows=0 loops=1)
                    Hash Cond: ((co.contact_name)::text = (cu.customer_name)::text)
                    Buffers: shared hit=806
                    ->  Seq Scan on contacts co  (cost=0.00..1733.00 rows=100000 width=16) (actual rows=100000 loops=1)
                          Buffers: shared hit=733
                    ->  Hash  (cost=173.00..173.00 rows=10000 width=9) (actual rows=10000 loops=1)
                          Buckets: 16384  Batches: 1  Memory Usage: 538kB
                          Buffers: shared hit=73
                          ->  Seq Scan on customers cu  (cost=0.00..173.00 rows=10000 width=9) (actual rows=10000 loops=1)
                                Buffers: shared hit=73
Planning:
  Buffers: shared hit=17
Planning Time: 0.468 ms
Execution Time: 142.854 ms",145.194,78696.15,100000,"HashAggregate  (cost=64651.34..78696.15 rows=548090 width=33) (actual rows=100000 loops=1)
  Group Key: us.customer_name, i.invoice_id
  Planned Partitions: 32  Batches: 33  Memory Usage: 4113kB  Disk Usage: 6048kB
  Buffers: shared hit=1420, temp read=390 written=1118
  ->  Hash Left Join  (cost=3918.50..13953.02 rows=548090 width=38) (actual rows=100000 loops=1)
        Hash Cond: (i.user_id = co.user_id)
        Buffers: shared hit=1420
        ->  Hash Left Join  (cost=298.00..2101.61 rows=100000 width=21) (actual rows=100000 loops=1)
              Hash Cond: (i.user_id = us.customer_id)
              Buffers: shared hit=614
              ->  Seq Scan on invoices i  (cost=0.00..1541.00 rows=100000 width=12) (actual rows=100000 loops=1)
                    Buffers: shared hit=541
              ->  Hash  (cost=173.00..173.00 rows=10000 width=13) (actual rows=10000 loops=1)
                    Buckets: 16384  Batches: 1  Memory Usage: 597kB
                    Buffers: shared hit=73
                    ->  Seq Scan on customers us  (cost=0.00..173.00 rows=10000 width=13) (actual rows=10000 loops=1)
                          Buffers: shared hit=73
        ->  Hash  (cost=2945.78..2945.78 rows=53978 width=25) (actual rows=0 loops=1)
              Buckets: 65536  Batches: 1  Memory Usage: 512kB
              Buffers: shared hit=806
              ->  Hash Join  (cost=298.00..2945.78 rows=53978 width=25) (actual rows=0 loops=1)
                    Hash Cond: ((co.contact_name)::text = (cu.customer_name)::text)
                    Buffers: shared hit=806
                    ->  Seq Scan on contacts co  (cost=0.00..1733.00 rows=100000 width=16) (actual rows=100000 loops=1)
                          Buffers: shared hit=733
                    ->  Hash  (cost=173.00..173.00 rows=10000 width=9) (actual rows=10000 loops=1)
                          Buckets: 16384  Batches: 1  Memory Usage: 538kB
                          Buffers: shared hit=73
                          ->  Seq Scan on customers cu  (cost=0.00..173.00 rows=10000 width=9) (actual rows=10000 loops=1)
                                Buffers: shared hit=73
Planning:
  Buffers: shared hit=17
Planning Time: 0.498 ms
Execution Time: 145.194 ms",143.512,78696.15,100000,"HashAggregate  (cost=64651.34..78696.15 rows=548090 width=33) (actual rows=100000 loops=1)
  Group Key: us.customer_name, i.invoice_id
  Planned Partitions: 32  Batches: 33  Memory Usage: 4113kB  Disk Usage: 6048kB
  Buffers: shared hit=1420, temp read=390 written=1118
  ->  Hash Left Join  (cost=3918.50..13953.02 rows=548090 width=38) (actual rows=100000 loops=1)
        Hash Cond: (i.user_id = co.user_id)
        Buffers: shared hit=1420
        ->  Hash Left Join  (cost=298.00..2101.61 rows=100000 width=21) (actual rows=100000 loops=1)
              Hash Cond: (i.user_id = us.customer_id)
              Buffers: shared hit=614
              ->  Seq Scan on invoices i  (cost=0.00..1541.00 rows=100000 width=12) (actual rows=100000 loops=1)
                    Buffers: shared hit=541
              ->  Hash  (cost=173.00..173.00 rows=10000 width=13) (actual rows=10000 loops=1)
                    Buckets: 16384  Batches: 1  Memory Usage: 597kB
                    Buffers: shared hit=73
                    ->  Seq Scan on customers us  (cost=0.00..173.00 rows=10000 width=13) (actual rows=10000 loops=1)
                          Buffers: shared hit=73
        ->  Hash  (cost=2945.78..2945.78 rows=53978 width=25) (actual rows=0 loops=1)
              Buckets: 65536  Batches: 1  Memory Usage: 512kB
              Buffers: shared hit=806
              ->  Hash Join  (cost=298.00..2945.78 rows=53978 width=25) (actual rows=0 loops=1)
                    Hash Cond: ((co.contact_name)::text = (cu.customer_name)::text)
                    Buffers: shared hit=806
                    ->  Seq Scan on contacts co  (cost=0.00..1733.00 rows=100000 width=16) (actual rows=100000 loops=1)
                          Buffers: shared hit=733
                    ->  Hash  (cost=173.00..173.00 rows=10000 width=9) (actual rows=10000 loops=1)
                          Buckets: 16384  Batches: 1  Memory Usage: 538kB
                          Buffers: shared hit=73
                          ->  Seq Scan on customers cu  (cost=0.00..173.00 rows=10000 width=9) (actual rows=10000 loops=1)
                                Buffers: shared hit=73
Planning:
  Buffers: shared hit=17
Planning Time: 0.525 ms
Execution Time: 143.512 ms",141.6806,143.512,144.5235,145.7304,78696.15,78696.15,100000,100000,100000,100000,1364_43,858,1364,43,Medium,"select i.invoice_id, us.customer_name, i.price, count(co.contact_name) as contacts_cnt, count(cu.customer_name) as trusted_contacts_cnt from schema_1364.invoices as i left outer join schema_1364.contacts as co on i.user_id = co.user_id left outer join schema_1364.customers as cu on co.contact_name = cu.customer_name left outer join schema_1364.customers as us on us.customer_id = i.user_id group by 1, 2, 3 order by i.invoice_id",828.303,203547.71,100000,"GroupAggregate  (cost=180701.32..203547.71 rows=1015395 width=33) (actual rows=100000 loops=1)
  Group Key: i.invoice_id, us.customer_name
  Buffers: shared hit=1420, temp read=8088 written=8113
  ->  Sort  (cost=180701.32..183239.81 rows=1015395 width=38) (actual rows=998520 loops=1)
        Sort Key: i.invoice_id, us.customer_name
        Sort Method: external merge  Disk: 41496kB
        Buffers: shared hit=1420, temp read=8088 written=8113
        ->  Hash Left Join  (cost=5177.78..23866.34 rows=1015395 width=38) (actual rows=998520 loops=1)
              Hash Cond: (i.user_id = co.user_id)
              Buffers: shared hit=1420, temp read=484 written=484
              ->  Hash Left Join  (cost=298.00..2101.61 rows=100000 width=21) (actual rows=100000 loops=1)
                    Hash Cond: (i.user_id = us.customer_id)
                    Buffers: shared hit=614
                    ->  Seq Scan on invoices i  (cost=0.00..1541.00 rows=100000 width=12) (actual rows=100000 loops=1)
                          Buffers: shared hit=541
                    ->  Hash  (cost=173.00..173.00 rows=10000 width=13) (actual rows=10000 loops=1)
                          Buckets: 16384  Batches: 1  Memory Usage: 597kB
                          Buffers: shared hit=73
                          ->  Seq Scan on customers us  (cost=0.00..173.00 rows=10000 width=13) (actual rows=10000 loops=1)
                                Buffers: shared hit=73
              ->  Hash  (cost=2945.78..2945.78 rows=100000 width=25) (actual rows=100000 loops=1)
                    Buckets: 65536  Batches: 2  Memory Usage: 2973kB
                    Buffers: shared hit=806, temp written=230
                    ->  Hash Left Join  (cost=298.00..2945.78 rows=100000 width=25) (actual rows=100000 loops=1)
                          Hash Cond: ((co.contact_name)::text = (cu.customer_name)::text)
                          Buffers: shared hit=806
                          ->  Seq Scan on contacts co  (cost=0.00..1733.00 rows=100000 width=16) (actual rows=100000 loops=1)
                                Buffers: shared hit=733
                          ->  Hash  (cost=173.00..173.00 rows=10000 width=9) (actual rows=10000 loops=1)
                                Buckets: 16384  Batches: 1  Memory Usage: 538kB
                                Buffers: shared hit=73
                                ->  Seq Scan on customers cu  (cost=0.00..173.00 rows=10000 width=9) (actual rows=10000 loops=1)
                                      Buffers: shared hit=73
Planning:
  Buffers: shared hit=17
Planning Time: 0.523 ms
JIT:
  Functions: 33
  Options: Inlining false, Optimization false, Expressions true, Deforming true
Execution Time: 828.303 ms",833.685,203547.71,100000,"GroupAggregate  (cost=180701.32..203547.71 rows=1015395 width=33) (actual rows=100000 loops=1)
  Group Key: i.invoice_id, us.customer_name
  Buffers: shared hit=1420, temp read=8088 written=8113
  ->  Sort  (cost=180701.32..183239.81 rows=1015395 width=38) (actual rows=998520 loops=1)
        Sort Key: i.invoice_id, us.customer_name
        Sort Method: external merge  Disk: 41496kB
        Buffers: shared hit=1420, temp read=8088 written=8113
        ->  Hash Left Join  (cost=5177.78..23866.34 rows=1015395 width=38) (actual rows=998520 loops=1)
              Hash Cond: (i.user_id = co.user_id)
              Buffers: shared hit=1420, temp read=484 written=484
              ->  Hash Left Join  (cost=298.00..2101.61 rows=100000 width=21) (actual rows=100000 loops=1)
                    Hash Cond: (i.user_id = us.customer_id)
                    Buffers: shared hit=614
                    ->  Seq Scan on invoices i  (cost=0.00..1541.00 rows=100000 width=12) (actual rows=100000 loops=1)
                          Buffers: shared hit=541
                    ->  Hash  (cost=173.00..173.00 rows=10000 width=13) (actual rows=10000 loops=1)
                          Buckets: 16384  Batches: 1  Memory Usage: 597kB
                          Buffers: shared hit=73
                          ->  Seq Scan on customers us  (cost=0.00..173.00 rows=10000 width=13) (actual rows=10000 loops=1)
                                Buffers: shared hit=73
              ->  Hash  (cost=2945.78..2945.78 rows=100000 width=25) (actual rows=100000 loops=1)
                    Buckets: 65536  Batches: 2  Memory Usage: 2973kB
                    Buffers: shared hit=806, temp written=230
                    ->  Hash Left Join  (cost=298.00..2945.78 rows=100000 width=25) (actual rows=100000 loops=1)
                          Hash Cond: ((co.contact_name)::text = (cu.customer_name)::text)
                          Buffers: shared hit=806
                          ->  Seq Scan on contacts co  (cost=0.00..1733.00 rows=100000 width=16) (actual rows=100000 loops=1)
                                Buffers: shared hit=733
                          ->  Hash  (cost=173.00..173.00 rows=10000 width=9) (actual rows=10000 loops=1)
                                Buckets: 16384  Batches: 1  Memory Usage: 538kB
                                Buffers: shared hit=73
                                ->  Seq Scan on customers cu  (cost=0.00..173.00 rows=10000 width=9) (actual rows=10000 loops=1)
                                      Buffers: shared hit=73
Planning:
  Buffers: shared hit=17
Planning Time: 0.718 ms
JIT:
  Functions: 33
  Options: Inlining false, Optimization false, Expressions true, Deforming true
Execution Time: 833.685 ms",875.113,203547.71,100000,"GroupAggregate  (cost=180701.32..203547.71 rows=1015395 width=33) (actual rows=100000 loops=1)
  Group Key: i.invoice_id, us.customer_name
  Buffers: shared hit=1420, temp read=8088 written=8113
  ->  Sort  (cost=180701.32..183239.81 rows=1015395 width=38) (actual rows=998520 loops=1)
        Sort Key: i.invoice_id, us.customer_name
        Sort Method: external merge  Disk: 41496kB
        Buffers: shared hit=1420, temp read=8088 written=8113
        ->  Hash Left Join  (cost=5177.78..23866.34 rows=1015395 width=38) (actual rows=998520 loops=1)
              Hash Cond: (i.user_id = co.user_id)
              Buffers: shared hit=1420, temp read=484 written=484
              ->  Hash Left Join  (cost=298.00..2101.61 rows=100000 width=21) (actual rows=100000 loops=1)
                    Hash Cond: (i.user_id = us.customer_id)
                    Buffers: shared hit=614
                    ->  Seq Scan on invoices i  (cost=0.00..1541.00 rows=100000 width=12) (actual rows=100000 loops=1)
                          Buffers: shared hit=541
                    ->  Hash  (cost=173.00..173.00 rows=10000 width=13) (actual rows=10000 loops=1)
                          Buckets: 16384  Batches: 1  Memory Usage: 597kB
                          Buffers: shared hit=73
                          ->  Seq Scan on customers us  (cost=0.00..173.00 rows=10000 width=13) (actual rows=10000 loops=1)
                                Buffers: shared hit=73
              ->  Hash  (cost=2945.78..2945.78 rows=100000 width=25) (actual rows=100000 loops=1)
                    Buckets: 65536  Batches: 2  Memory Usage: 2973kB
                    Buffers: shared hit=806, temp written=230
                    ->  Hash Left Join  (cost=298.00..2945.78 rows=100000 width=25) (actual rows=100000 loops=1)
                          Hash Cond: ((co.contact_name)::text = (cu.customer_name)::text)
                          Buffers: shared hit=806
                          ->  Seq Scan on contacts co  (cost=0.00..1733.00 rows=100000 width=16) (actual rows=100000 loops=1)
                                Buffers: shared hit=733
                          ->  Hash  (cost=173.00..173.00 rows=10000 width=9) (actual rows=10000 loops=1)
                                Buckets: 16384  Batches: 1  Memory Usage: 538kB
                                Buffers: shared hit=73
                                ->  Seq Scan on customers cu  (cost=0.00..173.00 rows=10000 width=9) (actual rows=10000 loops=1)
                                      Buffers: shared hit=73
Planning:
  Buffers: shared hit=17
Planning Time: 0.576 ms
JIT:
  Functions: 33
  Options: Inlining false, Optimization false, Expressions true, Deforming true
Execution Time: 875.113 ms",834.002,203547.71,100000,"GroupAggregate  (cost=180701.32..203547.71 rows=1015395 width=33) (actual rows=100000 loops=1)
  Group Key: i.invoice_id, us.customer_name
  Buffers: shared hit=1420, temp read=8088 written=8113
  ->  Sort  (cost=180701.32..183239.81 rows=1015395 width=38) (actual rows=998520 loops=1)
        Sort Key: i.invoice_id, us.customer_name
        Sort Method: external merge  Disk: 41496kB
        Buffers: shared hit=1420, temp read=8088 written=8113
        ->  Hash Left Join  (cost=5177.78..23866.34 rows=1015395 width=38) (actual rows=998520 loops=1)
              Hash Cond: (i.user_id = co.user_id)
              Buffers: shared hit=1420, temp read=484 written=484
              ->  Hash Left Join  (cost=298.00..2101.61 rows=100000 width=21) (actual rows=100000 loops=1)
                    Hash Cond: (i.user_id = us.customer_id)
                    Buffers: shared hit=614
                    ->  Seq Scan on invoices i  (cost=0.00..1541.00 rows=100000 width=12) (actual rows=100000 loops=1)
                          Buffers: shared hit=541
                    ->  Hash  (cost=173.00..173.00 rows=10000 width=13) (actual rows=10000 loops=1)
                          Buckets: 16384  Batches: 1  Memory Usage: 597kB
                          Buffers: shared hit=73
                          ->  Seq Scan on customers us  (cost=0.00..173.00 rows=10000 width=13) (actual rows=10000 loops=1)
                                Buffers: shared hit=73
              ->  Hash  (cost=2945.78..2945.78 rows=100000 width=25) (actual rows=100000 loops=1)
                    Buckets: 65536  Batches: 2  Memory Usage: 2973kB
                    Buffers: shared hit=806, temp written=230
                    ->  Hash Left Join  (cost=298.00..2945.78 rows=100000 width=25) (actual rows=100000 loops=1)
                          Hash Cond: ((co.contact_name)::text = (cu.customer_name)::text)
                          Buffers: shared hit=806
                          ->  Seq Scan on contacts co  (cost=0.00..1733.00 rows=100000 width=16) (actual rows=100000 loops=1)
                                Buffers: shared hit=733
                          ->  Hash  (cost=173.00..173.00 rows=10000 width=9) (actual rows=10000 loops=1)
                                Buckets: 16384  Batches: 1  Memory Usage: 538kB
                                Buffers: shared hit=73
                                ->  Seq Scan on customers cu  (cost=0.00..173.00 rows=10000 width=9) (actual rows=10000 loops=1)
                                      Buffers: shared hit=73
Planning:
  Buffers: shared hit=17
Planning Time: 0.553 ms
JIT:
  Functions: 33
  Options: Inlining false, Optimization false, Expressions true, Deforming true
Execution Time: 834.002 ms",834.835,203547.71,100000,"GroupAggregate  (cost=180701.32..203547.71 rows=1015395 width=33) (actual rows=100000 loops=1)
  Group Key: i.invoice_id, us.customer_name
  Buffers: shared hit=1420, temp read=8088 written=8113
  ->  Sort  (cost=180701.32..183239.81 rows=1015395 width=38) (actual rows=998520 loops=1)
        Sort Key: i.invoice_id, us.customer_name
        Sort Method: external merge  Disk: 41496kB
        Buffers: shared hit=1420, temp read=8088 written=8113
        ->  Hash Left Join  (cost=5177.78..23866.34 rows=1015395 width=38) (actual rows=998520 loops=1)
              Hash Cond: (i.user_id = co.user_id)
              Buffers: shared hit=1420, temp read=484 written=484
              ->  Hash Left Join  (cost=298.00..2101.61 rows=100000 width=21) (actual rows=100000 loops=1)
                    Hash Cond: (i.user_id = us.customer_id)
                    Buffers: shared hit=614
                    ->  Seq Scan on invoices i  (cost=0.00..1541.00 rows=100000 width=12) (actual rows=100000 loops=1)
                          Buffers: shared hit=541
                    ->  Hash  (cost=173.00..173.00 rows=10000 width=13) (actual rows=10000 loops=1)
                          Buckets: 16384  Batches: 1  Memory Usage: 597kB
                          Buffers: shared hit=73
                          ->  Seq Scan on customers us  (cost=0.00..173.00 rows=10000 width=13) (actual rows=10000 loops=1)
                                Buffers: shared hit=73
              ->  Hash  (cost=2945.78..2945.78 rows=100000 width=25) (actual rows=100000 loops=1)
                    Buckets: 65536  Batches: 2  Memory Usage: 2973kB
                    Buffers: shared hit=806, temp written=230
                    ->  Hash Left Join  (cost=298.00..2945.78 rows=100000 width=25) (actual rows=100000 loops=1)
                          Hash Cond: ((co.contact_name)::text = (cu.customer_name)::text)
                          Buffers: shared hit=806
                          ->  Seq Scan on contacts co  (cost=0.00..1733.00 rows=100000 width=16) (actual rows=100000 loops=1)
                                Buffers: shared hit=733
                          ->  Hash  (cost=173.00..173.00 rows=10000 width=9) (actual rows=10000 loops=1)
                                Buckets: 16384  Batches: 1  Memory Usage: 538kB
                                Buffers: shared hit=73
                                ->  Seq Scan on customers cu  (cost=0.00..173.00 rows=10000 width=9) (actual rows=10000 loops=1)
                                      Buffers: shared hit=73
Planning:
  Buffers: shared hit=17
Planning Time: 0.572 ms
JIT:
  Functions: 33
  Options: Inlining false, Optimization false, Expressions true, Deforming true
Execution Time: 834.835 ms",841.1876,834.002,854.974,891.2242,203547.71,203547.71,100000,100000,100000,100000,not normal,not normal,366.30576580000127,24.330180799999958,equal variances,significant,0.003968253968253968,-699.507,-690.49,-124851.56,0,False
860,1364,188,Medium,"select i.invoice_id as invoice_id, min(cu.customer_name) as customer_name, min(i.price) as price, count(c.contact_name) as contacts_cnt, count(cu2.email) as trusted_contacts_cnt from schema_1364.invoices as i left join schema_1364.customers as cu on i.user_id = cu.customer_id left join schema_1364.customers as cu2 left join schema_1364.contacts as c on c.contact_name = cu2.customer_name on i.user_id = c.user_id group by i.invoice_id",138.851,75585.47,100000,"HashAggregate  (cost=66021.57..75585.47 rows=100000 width=56) (actual rows=100000 loops=1)
  Group Key: i.invoice_id
  Planned Partitions: 8  Batches: 9  Memory Usage: 4177kB  Disk Usage: 3528kB
  Buffers: shared hit=1420, temp read=396 written=772
  ->  Hash Left Join  (cost=3918.50..13953.02 rows=548090 width=40) (actual rows=100000 loops=1)
        Hash Cond: (i.user_id = c.user_id)
        Buffers: shared hit=1420
        ->  Hash Left Join  (cost=298.00..2101.61 rows=100000 width=21) (actual rows=100000 loops=1)
              Hash Cond: (i.user_id = cu.customer_id)
              Buffers: shared hit=614
              ->  Seq Scan on invoices i  (cost=0.00..1541.00 rows=100000 width=12) (actual rows=100000 loops=1)
                    Buffers: shared hit=541
              ->  Hash  (cost=173.00..173.00 rows=10000 width=13) (actual rows=10000 loops=1)
                    Buckets: 16384  Batches: 1  Memory Usage: 597kB
                    Buffers: shared hit=73
                    ->  Seq Scan on customers cu  (cost=0.00..173.00 rows=10000 width=13) (actual rows=10000 loops=1)
                          Buffers: shared hit=73
        ->  Hash  (cost=2945.78..2945.78 rows=53978 width=27) (actual rows=0 loops=1)
              Buckets: 65536  Batches: 1  Memory Usage: 512kB
              Buffers: shared hit=806
              ->  Hash Join  (cost=298.00..2945.78 rows=53978 width=27) (actual rows=0 loops=1)
                    Hash Cond: ((c.contact_name)::text = (cu2.customer_name)::text)
                    Buffers: shared hit=806
                    ->  Seq Scan on contacts c  (cost=0.00..1733.00 rows=100000 width=16) (actual rows=100000 loops=1)
                          Buffers: shared hit=733
                    ->  Hash  (cost=173.00..173.00 rows=10000 width=20) (actual rows=10000 loops=1)
                          Buckets: 16384  Batches: 1  Memory Usage: 654kB
                          Buffers: shared hit=73
                          ->  Seq Scan on customers cu2  (cost=0.00..173.00 rows=10000 width=20) (actual rows=10000 loops=1)
                                Buffers: shared hit=73
Planning:
  Buffers: shared hit=14
Planning Time: 0.293 ms
Execution Time: 138.851 ms",136.623,75585.47,100000,"HashAggregate  (cost=66021.57..75585.47 rows=100000 width=56) (actual rows=100000 loops=1)
  Group Key: i.invoice_id
  Planned Partitions: 8  Batches: 9  Memory Usage: 4177kB  Disk Usage: 3528kB
  Buffers: shared hit=1420, temp read=396 written=772
  ->  Hash Left Join  (cost=3918.50..13953.02 rows=548090 width=40) (actual rows=100000 loops=1)
        Hash Cond: (i.user_id = c.user_id)
        Buffers: shared hit=1420
        ->  Hash Left Join  (cost=298.00..2101.61 rows=100000 width=21) (actual rows=100000 loops=1)
              Hash Cond: (i.user_id = cu.customer_id)
              Buffers: shared hit=614
              ->  Seq Scan on invoices i  (cost=0.00..1541.00 rows=100000 width=12) (actual rows=100000 loops=1)
                    Buffers: shared hit=541
              ->  Hash  (cost=173.00..173.00 rows=10000 width=13) (actual rows=10000 loops=1)
                    Buckets: 16384  Batches: 1  Memory Usage: 597kB
                    Buffers: shared hit=73
                    ->  Seq Scan on customers cu  (cost=0.00..173.00 rows=10000 width=13) (actual rows=10000 loops=1)
                          Buffers: shared hit=73
        ->  Hash  (cost=2945.78..2945.78 rows=53978 width=27) (actual rows=0 loops=1)
              Buckets: 65536  Batches: 1  Memory Usage: 512kB
              Buffers: shared hit=806
              ->  Hash Join  (cost=298.00..2945.78 rows=53978 width=27) (actual rows=0 loops=1)
                    Hash Cond: ((c.contact_name)::text = (cu2.customer_name)::text)
                    Buffers: shared hit=806
                    ->  Seq Scan on contacts c  (cost=0.00..1733.00 rows=100000 width=16) (actual rows=100000 loops=1)
                          Buffers: shared hit=733
                    ->  Hash  (cost=173.00..173.00 rows=10000 width=20) (actual rows=10000 loops=1)
                          Buckets: 16384  Batches: 1  Memory Usage: 654kB
                          Buffers: shared hit=73
                          ->  Seq Scan on customers cu2  (cost=0.00..173.00 rows=10000 width=20) (actual rows=10000 loops=1)
                                Buffers: shared hit=73
Planning:
  Buffers: shared hit=14
Planning Time: 0.662 ms
Execution Time: 136.623 ms",140.783,75585.47,100000,"HashAggregate  (cost=66021.57..75585.47 rows=100000 width=56) (actual rows=100000 loops=1)
  Group Key: i.invoice_id
  Planned Partitions: 8  Batches: 9  Memory Usage: 4177kB  Disk Usage: 3528kB
  Buffers: shared hit=1420, temp read=396 written=772
  ->  Hash Left Join  (cost=3918.50..13953.02 rows=548090 width=40) (actual rows=100000 loops=1)
        Hash Cond: (i.user_id = c.user_id)
        Buffers: shared hit=1420
        ->  Hash Left Join  (cost=298.00..2101.61 rows=100000 width=21) (actual rows=100000 loops=1)
              Hash Cond: (i.user_id = cu.customer_id)
              Buffers: shared hit=614
              ->  Seq Scan on invoices i  (cost=0.00..1541.00 rows=100000 width=12) (actual rows=100000 loops=1)
                    Buffers: shared hit=541
              ->  Hash  (cost=173.00..173.00 rows=10000 width=13) (actual rows=10000 loops=1)
                    Buckets: 16384  Batches: 1  Memory Usage: 597kB
                    Buffers: shared hit=73
                    ->  Seq Scan on customers cu  (cost=0.00..173.00 rows=10000 width=13) (actual rows=10000 loops=1)
                          Buffers: shared hit=73
        ->  Hash  (cost=2945.78..2945.78 rows=53978 width=27) (actual rows=0 loops=1)
              Buckets: 65536  Batches: 1  Memory Usage: 512kB
              Buffers: shared hit=806
              ->  Hash Join  (cost=298.00..2945.78 rows=53978 width=27) (actual rows=0 loops=1)
                    Hash Cond: ((c.contact_name)::text = (cu2.customer_name)::text)
                    Buffers: shared hit=806
                    ->  Seq Scan on contacts c  (cost=0.00..1733.00 rows=100000 width=16) (actual rows=100000 loops=1)
                          Buffers: shared hit=733
                    ->  Hash  (cost=173.00..173.00 rows=10000 width=20) (actual rows=10000 loops=1)
                          Buckets: 16384  Batches: 1  Memory Usage: 654kB
                          Buffers: shared hit=73
                          ->  Seq Scan on customers cu2  (cost=0.00..173.00 rows=10000 width=20) (actual rows=10000 loops=1)
                                Buffers: shared hit=73
Planning:
  Buffers: shared hit=14
Planning Time: 0.488 ms
Execution Time: 140.783 ms",137.653,75585.47,100000,"HashAggregate  (cost=66021.57..75585.47 rows=100000 width=56) (actual rows=100000 loops=1)
  Group Key: i.invoice_id
  Planned Partitions: 8  Batches: 9  Memory Usage: 4177kB  Disk Usage: 3528kB
  Buffers: shared hit=1420, temp read=396 written=772
  ->  Hash Left Join  (cost=3918.50..13953.02 rows=548090 width=40) (actual rows=100000 loops=1)
        Hash Cond: (i.user_id = c.user_id)
        Buffers: shared hit=1420
        ->  Hash Left Join  (cost=298.00..2101.61 rows=100000 width=21) (actual rows=100000 loops=1)
              Hash Cond: (i.user_id = cu.customer_id)
              Buffers: shared hit=614
              ->  Seq Scan on invoices i  (cost=0.00..1541.00 rows=100000 width=12) (actual rows=100000 loops=1)
                    Buffers: shared hit=541
              ->  Hash  (cost=173.00..173.00 rows=10000 width=13) (actual rows=10000 loops=1)
                    Buckets: 16384  Batches: 1  Memory Usage: 597kB
                    Buffers: shared hit=73
                    ->  Seq Scan on customers cu  (cost=0.00..173.00 rows=10000 width=13) (actual rows=10000 loops=1)
                          Buffers: shared hit=73
        ->  Hash  (cost=2945.78..2945.78 rows=53978 width=27) (actual rows=0 loops=1)
              Buckets: 65536  Batches: 1  Memory Usage: 512kB
              Buffers: shared hit=806
              ->  Hash Join  (cost=298.00..2945.78 rows=53978 width=27) (actual rows=0 loops=1)
                    Hash Cond: ((c.contact_name)::text = (cu2.customer_name)::text)
                    Buffers: shared hit=806
                    ->  Seq Scan on contacts c  (cost=0.00..1733.00 rows=100000 width=16) (actual rows=100000 loops=1)
                          Buffers: shared hit=733
                    ->  Hash  (cost=173.00..173.00 rows=10000 width=20) (actual rows=10000 loops=1)
                          Buckets: 16384  Batches: 1  Memory Usage: 654kB
                          Buffers: shared hit=73
                          ->  Seq Scan on customers cu2  (cost=0.00..173.00 rows=10000 width=20) (actual rows=10000 loops=1)
                                Buffers: shared hit=73
Planning:
  Buffers: shared hit=14
Planning Time: 0.474 ms
Execution Time: 137.653 ms",180.894,75585.47,100000,"HashAggregate  (cost=66021.57..75585.47 rows=100000 width=56) (actual rows=100000 loops=1)
  Group Key: i.invoice_id
  Planned Partitions: 8  Batches: 9  Memory Usage: 4177kB  Disk Usage: 3528kB
  Buffers: shared hit=1420, temp read=396 written=772
  ->  Hash Left Join  (cost=3918.50..13953.02 rows=548090 width=40) (actual rows=100000 loops=1)
        Hash Cond: (i.user_id = c.user_id)
        Buffers: shared hit=1420
        ->  Hash Left Join  (cost=298.00..2101.61 rows=100000 width=21) (actual rows=100000 loops=1)
              Hash Cond: (i.user_id = cu.customer_id)
              Buffers: shared hit=614
              ->  Seq Scan on invoices i  (cost=0.00..1541.00 rows=100000 width=12) (actual rows=100000 loops=1)
                    Buffers: shared hit=541
              ->  Hash  (cost=173.00..173.00 rows=10000 width=13) (actual rows=10000 loops=1)
                    Buckets: 16384  Batches: 1  Memory Usage: 597kB
                    Buffers: shared hit=73
                    ->  Seq Scan on customers cu  (cost=0.00..173.00 rows=10000 width=13) (actual rows=10000 loops=1)
                          Buffers: shared hit=73
        ->  Hash  (cost=2945.78..2945.78 rows=53978 width=27) (actual rows=0 loops=1)
              Buckets: 65536  Batches: 1  Memory Usage: 512kB
              Buffers: shared hit=806
              ->  Hash Join  (cost=298.00..2945.78 rows=53978 width=27) (actual rows=0 loops=1)
                    Hash Cond: ((c.contact_name)::text = (cu2.customer_name)::text)
                    Buffers: shared hit=806
                    ->  Seq Scan on contacts c  (cost=0.00..1733.00 rows=100000 width=16) (actual rows=100000 loops=1)
                          Buffers: shared hit=733
                    ->  Hash  (cost=173.00..173.00 rows=10000 width=20) (actual rows=10000 loops=1)
                          Buckets: 16384  Batches: 1  Memory Usage: 654kB
                          Buffers: shared hit=73
                          ->  Seq Scan on customers cu2  (cost=0.00..173.00 rows=10000 width=20) (actual rows=10000 loops=1)
                                Buffers: shared hit=73
Planning:
  Buffers: shared hit=14
Planning Time: 0.484 ms
Execution Time: 180.894 ms",146.9608,138.851,160.8385,196.9384,75585.47,75585.47,100000,100000,100000,100000,1364_188,860,1364,188,Medium,"select i.invoice_id, min(cu.customer_name) as customer_name, min(i.price) as price, count(c.contact_name) as contacts_cnt, count(cu2.email) as trusted_contacts_cnt from schema_1364.invoices as i left outer join schema_1364.customers as cu on i.user_id = cu.customer_id left outer join schema_1364.contacts as c on i.user_id = c.user_id left outer join schema_1364.customers as cu2 on c.contact_name = cu2.customer_name group by i.invoice_id order by i.invoice_id",845.6,149168.73,100000,"Sort  (cost=148918.73..149168.73 rows=100000 width=56) (actual rows=100000 loops=1)
  Sort Key: i.invoice_id
  Sort Method: external merge  Disk: 4904kB
  Buffers: shared hit=1420, temp read=6239 written=11513
  ->  HashAggregate  (cost=120328.87..137194.41 rows=100000 width=56) (actual rows=100000 loops=1)
        Group Key: i.invoice_id
        Planned Partitions: 8  Batches: 9  Memory Usage: 4177kB  Disk Usage: 47624kB
        Buffers: shared hit=1420, temp read=5626 written=10898
        ->  Hash Left Join  (cost=5177.78..23866.34 rows=1015395 width=40) (actual rows=998520 loops=1)
              Hash Cond: (i.user_id = c.user_id)
              Buffers: shared hit=1420, temp read=484 written=484
              ->  Hash Left Join  (cost=298.00..2101.61 rows=100000 width=21) (actual rows=100000 loops=1)
                    Hash Cond: (i.user_id = cu.customer_id)
                    Buffers: shared hit=614
                    ->  Seq Scan on invoices i  (cost=0.00..1541.00 rows=100000 width=12) (actual rows=100000 loops=1)
                          Buffers: shared hit=541
                    ->  Hash  (cost=173.00..173.00 rows=10000 width=13) (actual rows=10000 loops=1)
                          Buckets: 16384  Batches: 1  Memory Usage: 597kB
                          Buffers: shared hit=73
                          ->  Seq Scan on customers cu  (cost=0.00..173.00 rows=10000 width=13) (actual rows=10000 loops=1)
                                Buffers: shared hit=73
              ->  Hash  (cost=2945.78..2945.78 rows=100000 width=27) (actual rows=100000 loops=1)
                    Buckets: 65536  Batches: 2  Memory Usage: 2973kB
                    Buffers: shared hit=806, temp written=230
                    ->  Hash Left Join  (cost=298.00..2945.78 rows=100000 width=27) (actual rows=100000 loops=1)
                          Hash Cond: ((c.contact_name)::text = (cu2.customer_name)::text)
                          Buffers: shared hit=806
                          ->  Seq Scan on contacts c  (cost=0.00..1733.00 rows=100000 width=16) (actual rows=100000 loops=1)
                                Buffers: shared hit=733
                          ->  Hash  (cost=173.00..173.00 rows=10000 width=20) (actual rows=10000 loops=1)
                                Buckets: 16384  Batches: 1  Memory Usage: 654kB
                                Buffers: shared hit=73
                                ->  Seq Scan on customers cu2  (cost=0.00..173.00 rows=10000 width=20) (actual rows=10000 loops=1)
                                      Buffers: shared hit=73
Planning:
  Buffers: shared hit=14
Planning Time: 0.555 ms
JIT:
  Functions: 35
  Options: Inlining false, Optimization false, Expressions true, Deforming true
Execution Time: 845.600 ms",839.661,149168.73,100000,"Sort  (cost=148918.73..149168.73 rows=100000 width=56) (actual rows=100000 loops=1)
  Sort Key: i.invoice_id
  Sort Method: external merge  Disk: 4904kB
  Buffers: shared hit=1420, temp read=6239 written=11513
  ->  HashAggregate  (cost=120328.87..137194.41 rows=100000 width=56) (actual rows=100000 loops=1)
        Group Key: i.invoice_id
        Planned Partitions: 8  Batches: 9  Memory Usage: 4177kB  Disk Usage: 47624kB
        Buffers: shared hit=1420, temp read=5626 written=10898
        ->  Hash Left Join  (cost=5177.78..23866.34 rows=1015395 width=40) (actual rows=998520 loops=1)
              Hash Cond: (i.user_id = c.user_id)
              Buffers: shared hit=1420, temp read=484 written=484
              ->  Hash Left Join  (cost=298.00..2101.61 rows=100000 width=21) (actual rows=100000 loops=1)
                    Hash Cond: (i.user_id = cu.customer_id)
                    Buffers: shared hit=614
                    ->  Seq Scan on invoices i  (cost=0.00..1541.00 rows=100000 width=12) (actual rows=100000 loops=1)
                          Buffers: shared hit=541
                    ->  Hash  (cost=173.00..173.00 rows=10000 width=13) (actual rows=10000 loops=1)
                          Buckets: 16384  Batches: 1  Memory Usage: 597kB
                          Buffers: shared hit=73
                          ->  Seq Scan on customers cu  (cost=0.00..173.00 rows=10000 width=13) (actual rows=10000 loops=1)
                                Buffers: shared hit=73
              ->  Hash  (cost=2945.78..2945.78 rows=100000 width=27) (actual rows=100000 loops=1)
                    Buckets: 65536  Batches: 2  Memory Usage: 2973kB
                    Buffers: shared hit=806, temp written=230
                    ->  Hash Left Join  (cost=298.00..2945.78 rows=100000 width=27) (actual rows=100000 loops=1)
                          Hash Cond: ((c.contact_name)::text = (cu2.customer_name)::text)
                          Buffers: shared hit=806
                          ->  Seq Scan on contacts c  (cost=0.00..1733.00 rows=100000 width=16) (actual rows=100000 loops=1)
                                Buffers: shared hit=733
                          ->  Hash  (cost=173.00..173.00 rows=10000 width=20) (actual rows=10000 loops=1)
                                Buckets: 16384  Batches: 1  Memory Usage: 654kB
                                Buffers: shared hit=73
                                ->  Seq Scan on customers cu2  (cost=0.00..173.00 rows=10000 width=20) (actual rows=10000 loops=1)
                                      Buffers: shared hit=73
Planning:
  Buffers: shared hit=14
Planning Time: 0.547 ms
JIT:
  Functions: 35
  Options: Inlining false, Optimization false, Expressions true, Deforming true
Execution Time: 839.661 ms",834.354,149168.73,100000,"Sort  (cost=148918.73..149168.73 rows=100000 width=56) (actual rows=100000 loops=1)
  Sort Key: i.invoice_id
  Sort Method: external merge  Disk: 4904kB
  Buffers: shared hit=1420, temp read=6239 written=11513
  ->  HashAggregate  (cost=120328.87..137194.41 rows=100000 width=56) (actual rows=100000 loops=1)
        Group Key: i.invoice_id
        Planned Partitions: 8  Batches: 9  Memory Usage: 4177kB  Disk Usage: 47624kB
        Buffers: shared hit=1420, temp read=5626 written=10898
        ->  Hash Left Join  (cost=5177.78..23866.34 rows=1015395 width=40) (actual rows=998520 loops=1)
              Hash Cond: (i.user_id = c.user_id)
              Buffers: shared hit=1420, temp read=484 written=484
              ->  Hash Left Join  (cost=298.00..2101.61 rows=100000 width=21) (actual rows=100000 loops=1)
                    Hash Cond: (i.user_id = cu.customer_id)
                    Buffers: shared hit=614
                    ->  Seq Scan on invoices i  (cost=0.00..1541.00 rows=100000 width=12) (actual rows=100000 loops=1)
                          Buffers: shared hit=541
                    ->  Hash  (cost=173.00..173.00 rows=10000 width=13) (actual rows=10000 loops=1)
                          Buckets: 16384  Batches: 1  Memory Usage: 597kB
                          Buffers: shared hit=73
                          ->  Seq Scan on customers cu  (cost=0.00..173.00 rows=10000 width=13) (actual rows=10000 loops=1)
                                Buffers: shared hit=73
              ->  Hash  (cost=2945.78..2945.78 rows=100000 width=27) (actual rows=100000 loops=1)
                    Buckets: 65536  Batches: 2  Memory Usage: 2973kB
                    Buffers: shared hit=806, temp written=230
                    ->  Hash Left Join  (cost=298.00..2945.78 rows=100000 width=27) (actual rows=100000 loops=1)
                          Hash Cond: ((c.contact_name)::text = (cu2.customer_name)::text)
                          Buffers: shared hit=806
                          ->  Seq Scan on contacts c  (cost=0.00..1733.00 rows=100000 width=16) (actual rows=100000 loops=1)
                                Buffers: shared hit=733
                          ->  Hash  (cost=173.00..173.00 rows=10000 width=20) (actual rows=10000 loops=1)
                                Buckets: 16384  Batches: 1  Memory Usage: 654kB
                                Buffers: shared hit=73
                                ->  Seq Scan on customers cu2  (cost=0.00..173.00 rows=10000 width=20) (actual rows=10000 loops=1)
                                      Buffers: shared hit=73
Planning:
  Buffers: shared hit=14
Planning Time: 0.578 ms
JIT:
  Functions: 35
  Options: Inlining false, Optimization false, Expressions true, Deforming true
Execution Time: 834.354 ms",840.644,149168.73,100000,"Sort  (cost=148918.73..149168.73 rows=100000 width=56) (actual rows=100000 loops=1)
  Sort Key: i.invoice_id
  Sort Method: external merge  Disk: 4904kB
  Buffers: shared hit=1420, temp read=6239 written=11513
  ->  HashAggregate  (cost=120328.87..137194.41 rows=100000 width=56) (actual rows=100000 loops=1)
        Group Key: i.invoice_id
        Planned Partitions: 8  Batches: 9  Memory Usage: 4177kB  Disk Usage: 47624kB
        Buffers: shared hit=1420, temp read=5626 written=10898
        ->  Hash Left Join  (cost=5177.78..23866.34 rows=1015395 width=40) (actual rows=998520 loops=1)
              Hash Cond: (i.user_id = c.user_id)
              Buffers: shared hit=1420, temp read=484 written=484
              ->  Hash Left Join  (cost=298.00..2101.61 rows=100000 width=21) (actual rows=100000 loops=1)
                    Hash Cond: (i.user_id = cu.customer_id)
                    Buffers: shared hit=614
                    ->  Seq Scan on invoices i  (cost=0.00..1541.00 rows=100000 width=12) (actual rows=100000 loops=1)
                          Buffers: shared hit=541
                    ->  Hash  (cost=173.00..173.00 rows=10000 width=13) (actual rows=10000 loops=1)
                          Buckets: 16384  Batches: 1  Memory Usage: 597kB
                          Buffers: shared hit=73
                          ->  Seq Scan on customers cu  (cost=0.00..173.00 rows=10000 width=13) (actual rows=10000 loops=1)
                                Buffers: shared hit=73
              ->  Hash  (cost=2945.78..2945.78 rows=100000 width=27) (actual rows=100000 loops=1)
                    Buckets: 65536  Batches: 2  Memory Usage: 2973kB
                    Buffers: shared hit=806, temp written=230
                    ->  Hash Left Join  (cost=298.00..2945.78 rows=100000 width=27) (actual rows=100000 loops=1)
                          Hash Cond: ((c.contact_name)::text = (cu2.customer_name)::text)
                          Buffers: shared hit=806
                          ->  Seq Scan on contacts c  (cost=0.00..1733.00 rows=100000 width=16) (actual rows=100000 loops=1)
                                Buffers: shared hit=733
                          ->  Hash  (cost=173.00..173.00 rows=10000 width=20) (actual rows=10000 loops=1)
                                Buckets: 16384  Batches: 1  Memory Usage: 654kB
                                Buffers: shared hit=73
                                ->  Seq Scan on customers cu2  (cost=0.00..173.00 rows=10000 width=20) (actual rows=10000 loops=1)
                                      Buffers: shared hit=73
Planning:
  Buffers: shared hit=14
Planning Time: 0.529 ms
JIT:
  Functions: 35
  Options: Inlining false, Optimization false, Expressions true, Deforming true
Execution Time: 840.644 ms",848.178,149168.73,100000,"Sort  (cost=148918.73..149168.73 rows=100000 width=56) (actual rows=100000 loops=1)
  Sort Key: i.invoice_id
  Sort Method: external merge  Disk: 4904kB
  Buffers: shared hit=1420, temp read=6239 written=11513
  ->  HashAggregate  (cost=120328.87..137194.41 rows=100000 width=56) (actual rows=100000 loops=1)
        Group Key: i.invoice_id
        Planned Partitions: 8  Batches: 9  Memory Usage: 4177kB  Disk Usage: 47624kB
        Buffers: shared hit=1420, temp read=5626 written=10898
        ->  Hash Left Join  (cost=5177.78..23866.34 rows=1015395 width=40) (actual rows=998520 loops=1)
              Hash Cond: (i.user_id = c.user_id)
              Buffers: shared hit=1420, temp read=484 written=484
              ->  Hash Left Join  (cost=298.00..2101.61 rows=100000 width=21) (actual rows=100000 loops=1)
                    Hash Cond: (i.user_id = cu.customer_id)
                    Buffers: shared hit=614
                    ->  Seq Scan on invoices i  (cost=0.00..1541.00 rows=100000 width=12) (actual rows=100000 loops=1)
                          Buffers: shared hit=541
                    ->  Hash  (cost=173.00..173.00 rows=10000 width=13) (actual rows=10000 loops=1)
                          Buckets: 16384  Batches: 1  Memory Usage: 597kB
                          Buffers: shared hit=73
                          ->  Seq Scan on customers cu  (cost=0.00..173.00 rows=10000 width=13) (actual rows=10000 loops=1)
                                Buffers: shared hit=73
              ->  Hash  (cost=2945.78..2945.78 rows=100000 width=27) (actual rows=100000 loops=1)
                    Buckets: 65536  Batches: 2  Memory Usage: 2973kB
                    Buffers: shared hit=806, temp written=230
                    ->  Hash Left Join  (cost=298.00..2945.78 rows=100000 width=27) (actual rows=100000 loops=1)
                          Hash Cond: ((c.contact_name)::text = (cu2.customer_name)::text)
                          Buffers: shared hit=806
                          ->  Seq Scan on contacts c  (cost=0.00..1733.00 rows=100000 width=16) (actual rows=100000 loops=1)
                                Buffers: shared hit=733
                          ->  Hash  (cost=173.00..173.00 rows=10000 width=20) (actual rows=10000 loops=1)
                                Buckets: 16384  Batches: 1  Memory Usage: 654kB
                                Buffers: shared hit=73
                                ->  Seq Scan on customers cu2  (cost=0.00..173.00 rows=10000 width=20) (actual rows=10000 loops=1)
                                      Buffers: shared hit=73
Planning:
  Buffers: shared hit=14
Planning Time: 0.536 ms
JIT:
  Functions: 35
  Options: Inlining false, Optimization false, Expressions true, Deforming true
Execution Time: 848.178 ms",841.6874,840.644,846.889,849.2092,149168.73,149168.73,100000,100000,100000,100000,normal,not normal,29.102515799999935,362.2253452000002,equal variances,significant,0.003968253968253968,-694.7266,-701.793,-73583.26000000001,0,False
861,1364,204,Medium,"select t_cte_4.c_invoice_id0 as invoice_id, t_cte_4.c_customer_name0 as customer_name, t_cte_4.c_price0 as price, count(o.contact_name) as contacts_cnt, count(a.email) as trusted_contacts_cnt from (select c.customer_name as c_customer_name0, c.customer_id as c_customer_id0, i.price as c_price0, i.invoice_id as c_invoice_id0 from schema_1364.invoices as i left join schema_1364.customers as c on i.user_id = c.customer_id order by c_invoice_id0 asc) as t_cte_4 left join schema_1364.contacts as o left join schema_1364.customers as a on a.email = o.contact_email on t_cte_4.c_customer_id0 = o.user_id group by t_cte_4.c_price0,t_cte_4.c_invoice_id0,t_cte_4.c_customer_name0",961.579,29819.19,100000,"HashAggregate  (cost=27256.69..29819.19 rows=100000 width=33) (actual rows=100000 loops=1)
  Group Key: t_cte_4.c_price0, t_cte_4.c_invoice_id0, t_cte_4.c_customer_name0
  Planned Partitions: 4  Batches: 5  Memory Usage: 4145kB  Disk Usage: 39848kB
  Buffers: shared hit=31622, temp read=5258 written=9047
  ->  Hash Left Join  (cost=11779.91..17756.69 rows=100000 width=40) (actual rows=998520 loops=1)
        Hash Cond: ((o.contact_email)::text = (a.email)::text)
        Buffers: shared hit=31622, temp read=555 written=555
        ->  Hash Right Join  (cost=11481.91..16543.91 rows=100000 width=39) (actual rows=998520 loops=1)
              Hash Cond: (o.user_id = t_cte_4.c_customer_id0)
              Buffers: shared hit=31549, temp read=555 written=555
              ->  Seq Scan on contacts o  (cost=0.00..1733.00 rows=100000 width=26) (actual rows=100000 loops=1)
                    Buffers: shared hit=733
              ->  Hash  (cost=9645.91..9645.91 rows=100000 width=21) (actual rows=100000 loops=1)
                    Buckets: 65536  Batches: 2  Memory Usage: 3274kB
                    Buffers: shared hit=30816, temp written=265
                    ->  Subquery Scan on t_cte_4  (cost=0.59..9645.91 rows=100000 width=21) (actual rows=100000 loops=1)
                          Buffers: shared hit=30816
                          ->  Nested Loop Left Join  (cost=0.59..8645.91 rows=100000 width=21) (actual rows=100000 loops=1)
                                Buffers: shared hit=30816
                                ->  Index Scan using invoices_pkey on invoices i  (cost=0.29..3148.29 rows=100000 width=12) (actual rows=100000 loops=1)
                                      Buffers: shared hit=816
                                ->  Memoize  (cost=0.30..0.32 rows=1 width=13) (actual rows=1 loops=100000)
                                      Cache Key: i.user_id
                                      Cache Mode: logical
                                      Hits: 90000  Misses: 10000  Evictions: 0  Overflows: 0  Memory Usage: 1133kB
                                      Buffers: shared hit=30000
                                      ->  Index Scan using customers_pkey on customers c  (cost=0.29..0.31 rows=1 width=13) (actual rows=1 loops=10000)
                                            Index Cond: (customer_id = i.user_id)
                                            Buffers: shared hit=30000
        ->  Hash  (cost=173.00..173.00 rows=10000 width=11) (actual rows=10000 loops=1)
              Buckets: 16384  Batches: 1  Memory Usage: 557kB
              Buffers: shared hit=73
              ->  Seq Scan on customers a  (cost=0.00..173.00 rows=10000 width=11) (actual rows=10000 loops=1)
                    Buffers: shared hit=73
Planning:
  Buffers: shared hit=14
Planning Time: 0.356 ms
Execution Time: 961.579 ms",971.101,29819.19,100000,"HashAggregate  (cost=27256.69..29819.19 rows=100000 width=33) (actual rows=100000 loops=1)
  Group Key: t_cte_4.c_price0, t_cte_4.c_invoice_id0, t_cte_4.c_customer_name0
  Planned Partitions: 4  Batches: 5  Memory Usage: 4145kB  Disk Usage: 39848kB
  Buffers: shared hit=31622, temp read=5258 written=9047
  ->  Hash Left Join  (cost=11779.91..17756.69 rows=100000 width=40) (actual rows=998520 loops=1)
        Hash Cond: ((o.contact_email)::text = (a.email)::text)
        Buffers: shared hit=31622, temp read=555 written=555
        ->  Hash Right Join  (cost=11481.91..16543.91 rows=100000 width=39) (actual rows=998520 loops=1)
              Hash Cond: (o.user_id = t_cte_4.c_customer_id0)
              Buffers: shared hit=31549, temp read=555 written=555
              ->  Seq Scan on contacts o  (cost=0.00..1733.00 rows=100000 width=26) (actual rows=100000 loops=1)
                    Buffers: shared hit=733
              ->  Hash  (cost=9645.91..9645.91 rows=100000 width=21) (actual rows=100000 loops=1)
                    Buckets: 65536  Batches: 2  Memory Usage: 3274kB
                    Buffers: shared hit=30816, temp written=265
                    ->  Subquery Scan on t_cte_4  (cost=0.59..9645.91 rows=100000 width=21) (actual rows=100000 loops=1)
                          Buffers: shared hit=30816
                          ->  Nested Loop Left Join  (cost=0.59..8645.91 rows=100000 width=21) (actual rows=100000 loops=1)
                                Buffers: shared hit=30816
                                ->  Index Scan using invoices_pkey on invoices i  (cost=0.29..3148.29 rows=100000 width=12) (actual rows=100000 loops=1)
                                      Buffers: shared hit=816
                                ->  Memoize  (cost=0.30..0.32 rows=1 width=13) (actual rows=1 loops=100000)
                                      Cache Key: i.user_id
                                      Cache Mode: logical
                                      Hits: 90000  Misses: 10000  Evictions: 0  Overflows: 0  Memory Usage: 1133kB
                                      Buffers: shared hit=30000
                                      ->  Index Scan using customers_pkey on customers c  (cost=0.29..0.31 rows=1 width=13) (actual rows=1 loops=10000)
                                            Index Cond: (customer_id = i.user_id)
                                            Buffers: shared hit=30000
        ->  Hash  (cost=173.00..173.00 rows=10000 width=11) (actual rows=10000 loops=1)
              Buckets: 16384  Batches: 1  Memory Usage: 557kB
              Buffers: shared hit=73
              ->  Seq Scan on customers a  (cost=0.00..173.00 rows=10000 width=11) (actual rows=10000 loops=1)
                    Buffers: shared hit=73
Planning:
  Buffers: shared hit=14
Planning Time: 0.609 ms
Execution Time: 971.101 ms",976.572,29819.19,100000,"HashAggregate  (cost=27256.69..29819.19 rows=100000 width=33) (actual rows=100000 loops=1)
  Group Key: t_cte_4.c_price0, t_cte_4.c_invoice_id0, t_cte_4.c_customer_name0
  Planned Partitions: 4  Batches: 5  Memory Usage: 4145kB  Disk Usage: 39848kB
  Buffers: shared hit=31622, temp read=5258 written=9047
  ->  Hash Left Join  (cost=11779.91..17756.69 rows=100000 width=40) (actual rows=998520 loops=1)
        Hash Cond: ((o.contact_email)::text = (a.email)::text)
        Buffers: shared hit=31622, temp read=555 written=555
        ->  Hash Right Join  (cost=11481.91..16543.91 rows=100000 width=39) (actual rows=998520 loops=1)
              Hash Cond: (o.user_id = t_cte_4.c_customer_id0)
              Buffers: shared hit=31549, temp read=555 written=555
              ->  Seq Scan on contacts o  (cost=0.00..1733.00 rows=100000 width=26) (actual rows=100000 loops=1)
                    Buffers: shared hit=733
              ->  Hash  (cost=9645.91..9645.91 rows=100000 width=21) (actual rows=100000 loops=1)
                    Buckets: 65536  Batches: 2  Memory Usage: 3274kB
                    Buffers: shared hit=30816, temp written=265
                    ->  Subquery Scan on t_cte_4  (cost=0.59..9645.91 rows=100000 width=21) (actual rows=100000 loops=1)
                          Buffers: shared hit=30816
                          ->  Nested Loop Left Join  (cost=0.59..8645.91 rows=100000 width=21) (actual rows=100000 loops=1)
                                Buffers: shared hit=30816
                                ->  Index Scan using invoices_pkey on invoices i  (cost=0.29..3148.29 rows=100000 width=12) (actual rows=100000 loops=1)
                                      Buffers: shared hit=816
                                ->  Memoize  (cost=0.30..0.32 rows=1 width=13) (actual rows=1 loops=100000)
                                      Cache Key: i.user_id
                                      Cache Mode: logical
                                      Hits: 90000  Misses: 10000  Evictions: 0  Overflows: 0  Memory Usage: 1133kB
                                      Buffers: shared hit=30000
                                      ->  Index Scan using customers_pkey on customers c  (cost=0.29..0.31 rows=1 width=13) (actual rows=1 loops=10000)
                                            Index Cond: (customer_id = i.user_id)
                                            Buffers: shared hit=30000
        ->  Hash  (cost=173.00..173.00 rows=10000 width=11) (actual rows=10000 loops=1)
              Buckets: 16384  Batches: 1  Memory Usage: 557kB
              Buffers: shared hit=73
              ->  Seq Scan on customers a  (cost=0.00..173.00 rows=10000 width=11) (actual rows=10000 loops=1)
                    Buffers: shared hit=73
Planning:
  Buffers: shared hit=14
Planning Time: 0.464 ms
Execution Time: 976.572 ms",973.745,29819.19,100000,"HashAggregate  (cost=27256.69..29819.19 rows=100000 width=33) (actual rows=100000 loops=1)
  Group Key: t_cte_4.c_price0, t_cte_4.c_invoice_id0, t_cte_4.c_customer_name0
  Planned Partitions: 4  Batches: 5  Memory Usage: 4145kB  Disk Usage: 39848kB
  Buffers: shared hit=31622, temp read=5258 written=9047
  ->  Hash Left Join  (cost=11779.91..17756.69 rows=100000 width=40) (actual rows=998520 loops=1)
        Hash Cond: ((o.contact_email)::text = (a.email)::text)
        Buffers: shared hit=31622, temp read=555 written=555
        ->  Hash Right Join  (cost=11481.91..16543.91 rows=100000 width=39) (actual rows=998520 loops=1)
              Hash Cond: (o.user_id = t_cte_4.c_customer_id0)
              Buffers: shared hit=31549, temp read=555 written=555
              ->  Seq Scan on contacts o  (cost=0.00..1733.00 rows=100000 width=26) (actual rows=100000 loops=1)
                    Buffers: shared hit=733
              ->  Hash  (cost=9645.91..9645.91 rows=100000 width=21) (actual rows=100000 loops=1)
                    Buckets: 65536  Batches: 2  Memory Usage: 3274kB
                    Buffers: shared hit=30816, temp written=265
                    ->  Subquery Scan on t_cte_4  (cost=0.59..9645.91 rows=100000 width=21) (actual rows=100000 loops=1)
                          Buffers: shared hit=30816
                          ->  Nested Loop Left Join  (cost=0.59..8645.91 rows=100000 width=21) (actual rows=100000 loops=1)
                                Buffers: shared hit=30816
                                ->  Index Scan using invoices_pkey on invoices i  (cost=0.29..3148.29 rows=100000 width=12) (actual rows=100000 loops=1)
                                      Buffers: shared hit=816
                                ->  Memoize  (cost=0.30..0.32 rows=1 width=13) (actual rows=1 loops=100000)
                                      Cache Key: i.user_id
                                      Cache Mode: logical
                                      Hits: 90000  Misses: 10000  Evictions: 0  Overflows: 0  Memory Usage: 1133kB
                                      Buffers: shared hit=30000
                                      ->  Index Scan using customers_pkey on customers c  (cost=0.29..0.31 rows=1 width=13) (actual rows=1 loops=10000)
                                            Index Cond: (customer_id = i.user_id)
                                            Buffers: shared hit=30000
        ->  Hash  (cost=173.00..173.00 rows=10000 width=11) (actual rows=10000 loops=1)
              Buckets: 16384  Batches: 1  Memory Usage: 557kB
              Buffers: shared hit=73
              ->  Seq Scan on customers a  (cost=0.00..173.00 rows=10000 width=11) (actual rows=10000 loops=1)
                    Buffers: shared hit=73
Planning:
  Buffers: shared hit=14
Planning Time: 0.465 ms
Execution Time: 973.745 ms",967.618,29819.19,100000,"HashAggregate  (cost=27256.69..29819.19 rows=100000 width=33) (actual rows=100000 loops=1)
  Group Key: t_cte_4.c_price0, t_cte_4.c_invoice_id0, t_cte_4.c_customer_name0
  Planned Partitions: 4  Batches: 5  Memory Usage: 4145kB  Disk Usage: 39848kB
  Buffers: shared hit=31622, temp read=5258 written=9047
  ->  Hash Left Join  (cost=11779.91..17756.69 rows=100000 width=40) (actual rows=998520 loops=1)
        Hash Cond: ((o.contact_email)::text = (a.email)::text)
        Buffers: shared hit=31622, temp read=555 written=555
        ->  Hash Right Join  (cost=11481.91..16543.91 rows=100000 width=39) (actual rows=998520 loops=1)
              Hash Cond: (o.user_id = t_cte_4.c_customer_id0)
              Buffers: shared hit=31549, temp read=555 written=555
              ->  Seq Scan on contacts o  (cost=0.00..1733.00 rows=100000 width=26) (actual rows=100000 loops=1)
                    Buffers: shared hit=733
              ->  Hash  (cost=9645.91..9645.91 rows=100000 width=21) (actual rows=100000 loops=1)
                    Buckets: 65536  Batches: 2  Memory Usage: 3274kB
                    Buffers: shared hit=30816, temp written=265
                    ->  Subquery Scan on t_cte_4  (cost=0.59..9645.91 rows=100000 width=21) (actual rows=100000 loops=1)
                          Buffers: shared hit=30816
                          ->  Nested Loop Left Join  (cost=0.59..8645.91 rows=100000 width=21) (actual rows=100000 loops=1)
                                Buffers: shared hit=30816
                                ->  Index Scan using invoices_pkey on invoices i  (cost=0.29..3148.29 rows=100000 width=12) (actual rows=100000 loops=1)
                                      Buffers: shared hit=816
                                ->  Memoize  (cost=0.30..0.32 rows=1 width=13) (actual rows=1 loops=100000)
                                      Cache Key: i.user_id
                                      Cache Mode: logical
                                      Hits: 90000  Misses: 10000  Evictions: 0  Overflows: 0  Memory Usage: 1133kB
                                      Buffers: shared hit=30000
                                      ->  Index Scan using customers_pkey on customers c  (cost=0.29..0.31 rows=1 width=13) (actual rows=1 loops=10000)
                                            Index Cond: (customer_id = i.user_id)
                                            Buffers: shared hit=30000
        ->  Hash  (cost=173.00..173.00 rows=10000 width=11) (actual rows=10000 loops=1)
              Buckets: 16384  Batches: 1  Memory Usage: 557kB
              Buffers: shared hit=73
              ->  Seq Scan on customers a  (cost=0.00..173.00 rows=10000 width=11) (actual rows=10000 loops=1)
                    Buffers: shared hit=73
Planning:
  Buffers: shared hit=14
Planning Time: 0.481 ms
Execution Time: 967.618 ms",970.123,971.101,975.1585,977.7028,29819.19,29819.19,100000,100000,100000,100000,1364_204,861,1364,204,Medium,"select invoice_id, c.customer_name, price, count(o.contact_name) as contacts_cnt, count(a.email) as trusted_contacts_cnt from schema_1364.invoices as i left outer join schema_1364.customers as c on i.user_id = c.customer_id left outer join schema_1364.contacts as o on c.customer_id = o.user_id left outer join schema_1364.customers as a on a.email = o.contact_email group by i.invoice_id, c.customer_name, i.price order by i.invoice_id",1599.457,197186.23,100000,"GroupAggregate  (cost=174686.23..197186.23 rows=1000000 width=33) (actual rows=100000 loops=1)
  Group Key: i.invoice_id, c.customer_name
  Buffers: shared hit=1420, temp read=8099 written=8124
  ->  Sort  (cost=174686.23..177186.23 rows=1000000 width=40) (actual rows=998520 loops=1)
        Sort Key: i.invoice_id, c.customer_name
        Sort Method: external merge  Disk: 41488kB
        Buffers: shared hit=1420, temp read=8099 written=8124
        ->  Hash Right Join  (cost=4235.61..20337.39 rows=1000000 width=40) (actual rows=998520 loops=1)
              Hash Cond: (o.user_id = c.customer_id)
              Buffers: shared hit=1420, temp read=496 written=496
              ->  Hash Left Join  (cost=298.00..2945.78 rows=100000 width=27) (actual rows=100000 loops=1)
                    Hash Cond: ((o.contact_email)::text = (a.email)::text)
                    Buffers: shared hit=806
                    ->  Seq Scan on contacts o  (cost=0.00..1733.00 rows=100000 width=26) (actual rows=100000 loops=1)
                          Buffers: shared hit=733
                    ->  Hash  (cost=173.00..173.00 rows=10000 width=11) (actual rows=10000 loops=1)
                          Buckets: 16384  Batches: 1  Memory Usage: 557kB
                          Buffers: shared hit=73
                          ->  Seq Scan on customers a  (cost=0.00..173.00 rows=10000 width=11) (actual rows=10000 loops=1)
                                Buffers: shared hit=73
              ->  Hash  (cost=2101.61..2101.61 rows=100000 width=21) (actual rows=100000 loops=1)
                    Buckets: 65536  Batches: 2  Memory Usage: 3274kB
                    Buffers: shared hit=614, temp written=265
                    ->  Hash Left Join  (cost=298.00..2101.61 rows=100000 width=21) (actual rows=100000 loops=1)
                          Hash Cond: (i.user_id = c.customer_id)
                          Buffers: shared hit=614
                          ->  Seq Scan on invoices i  (cost=0.00..1541.00 rows=100000 width=12) (actual rows=100000 loops=1)
                                Buffers: shared hit=541
                          ->  Hash  (cost=173.00..173.00 rows=10000 width=13) (actual rows=10000 loops=1)
                                Buckets: 16384  Batches: 1  Memory Usage: 597kB
                                Buffers: shared hit=73
                                ->  Seq Scan on customers c  (cost=0.00..173.00 rows=10000 width=13) (actual rows=10000 loops=1)
                                      Buffers: shared hit=73
Planning:
  Buffers: shared hit=23
Planning Time: 0.369 ms
JIT:
  Functions: 33
  Options: Inlining false, Optimization false, Expressions true, Deforming true
Execution Time: 1599.457 ms",1137.68,197186.23,100000,"GroupAggregate  (cost=174686.23..197186.23 rows=1000000 width=33) (actual rows=100000 loops=1)
  Group Key: i.invoice_id, c.customer_name
  Buffers: shared hit=1420, temp read=8099 written=8124
  ->  Sort  (cost=174686.23..177186.23 rows=1000000 width=40) (actual rows=998520 loops=1)
        Sort Key: i.invoice_id, c.customer_name
        Sort Method: external merge  Disk: 41488kB
        Buffers: shared hit=1420, temp read=8099 written=8124
        ->  Hash Right Join  (cost=4235.61..20337.39 rows=1000000 width=40) (actual rows=998520 loops=1)
              Hash Cond: (o.user_id = c.customer_id)
              Buffers: shared hit=1420, temp read=496 written=496
              ->  Hash Left Join  (cost=298.00..2945.78 rows=100000 width=27) (actual rows=100000 loops=1)
                    Hash Cond: ((o.contact_email)::text = (a.email)::text)
                    Buffers: shared hit=806
                    ->  Seq Scan on contacts o  (cost=0.00..1733.00 rows=100000 width=26) (actual rows=100000 loops=1)
                          Buffers: shared hit=733
                    ->  Hash  (cost=173.00..173.00 rows=10000 width=11) (actual rows=10000 loops=1)
                          Buckets: 16384  Batches: 1  Memory Usage: 557kB
                          Buffers: shared hit=73
                          ->  Seq Scan on customers a  (cost=0.00..173.00 rows=10000 width=11) (actual rows=10000 loops=1)
                                Buffers: shared hit=73
              ->  Hash  (cost=2101.61..2101.61 rows=100000 width=21) (actual rows=100000 loops=1)
                    Buckets: 65536  Batches: 2  Memory Usage: 3274kB
                    Buffers: shared hit=614, temp written=265
                    ->  Hash Left Join  (cost=298.00..2101.61 rows=100000 width=21) (actual rows=100000 loops=1)
                          Hash Cond: (i.user_id = c.customer_id)
                          Buffers: shared hit=614
                          ->  Seq Scan on invoices i  (cost=0.00..1541.00 rows=100000 width=12) (actual rows=100000 loops=1)
                                Buffers: shared hit=541
                          ->  Hash  (cost=173.00..173.00 rows=10000 width=13) (actual rows=10000 loops=1)
                                Buckets: 16384  Batches: 1  Memory Usage: 597kB
                                Buffers: shared hit=73
                                ->  Seq Scan on customers c  (cost=0.00..173.00 rows=10000 width=13) (actual rows=10000 loops=1)
                                      Buffers: shared hit=73
Planning:
  Buffers: shared hit=23
Planning Time: 0.397 ms
JIT:
  Functions: 33
  Options: Inlining false, Optimization false, Expressions true, Deforming true
Execution Time: 1137.680 ms",1140.217,197186.23,100000,"GroupAggregate  (cost=174686.23..197186.23 rows=1000000 width=33) (actual rows=100000 loops=1)
  Group Key: i.invoice_id, c.customer_name
  Buffers: shared hit=1420, temp read=8099 written=8124
  ->  Sort  (cost=174686.23..177186.23 rows=1000000 width=40) (actual rows=998520 loops=1)
        Sort Key: i.invoice_id, c.customer_name
        Sort Method: external merge  Disk: 41488kB
        Buffers: shared hit=1420, temp read=8099 written=8124
        ->  Hash Right Join  (cost=4235.61..20337.39 rows=1000000 width=40) (actual rows=998520 loops=1)
              Hash Cond: (o.user_id = c.customer_id)
              Buffers: shared hit=1420, temp read=496 written=496
              ->  Hash Left Join  (cost=298.00..2945.78 rows=100000 width=27) (actual rows=100000 loops=1)
                    Hash Cond: ((o.contact_email)::text = (a.email)::text)
                    Buffers: shared hit=806
                    ->  Seq Scan on contacts o  (cost=0.00..1733.00 rows=100000 width=26) (actual rows=100000 loops=1)
                          Buffers: shared hit=733
                    ->  Hash  (cost=173.00..173.00 rows=10000 width=11) (actual rows=10000 loops=1)
                          Buckets: 16384  Batches: 1  Memory Usage: 557kB
                          Buffers: shared hit=73
                          ->  Seq Scan on customers a  (cost=0.00..173.00 rows=10000 width=11) (actual rows=10000 loops=1)
                                Buffers: shared hit=73
              ->  Hash  (cost=2101.61..2101.61 rows=100000 width=21) (actual rows=100000 loops=1)
                    Buckets: 65536  Batches: 2  Memory Usage: 3274kB
                    Buffers: shared hit=614, temp written=265
                    ->  Hash Left Join  (cost=298.00..2101.61 rows=100000 width=21) (actual rows=100000 loops=1)
                          Hash Cond: (i.user_id = c.customer_id)
                          Buffers: shared hit=614
                          ->  Seq Scan on invoices i  (cost=0.00..1541.00 rows=100000 width=12) (actual rows=100000 loops=1)
                                Buffers: shared hit=541
                          ->  Hash  (cost=173.00..173.00 rows=10000 width=13) (actual rows=10000 loops=1)
                                Buckets: 16384  Batches: 1  Memory Usage: 597kB
                                Buffers: shared hit=73
                                ->  Seq Scan on customers c  (cost=0.00..173.00 rows=10000 width=13) (actual rows=10000 loops=1)
                                      Buffers: shared hit=73
Planning:
  Buffers: shared hit=23
Planning Time: 0.536 ms
JIT:
  Functions: 33
  Options: Inlining false, Optimization false, Expressions true, Deforming true
Execution Time: 1140.217 ms",1143.196,197186.23,100000,"GroupAggregate  (cost=174686.23..197186.23 rows=1000000 width=33) (actual rows=100000 loops=1)
  Group Key: i.invoice_id, c.customer_name
  Buffers: shared hit=1420, temp read=8099 written=8124
  ->  Sort  (cost=174686.23..177186.23 rows=1000000 width=40) (actual rows=998520 loops=1)
        Sort Key: i.invoice_id, c.customer_name
        Sort Method: external merge  Disk: 41488kB
        Buffers: shared hit=1420, temp read=8099 written=8124
        ->  Hash Right Join  (cost=4235.61..20337.39 rows=1000000 width=40) (actual rows=998520 loops=1)
              Hash Cond: (o.user_id = c.customer_id)
              Buffers: shared hit=1420, temp read=496 written=496
              ->  Hash Left Join  (cost=298.00..2945.78 rows=100000 width=27) (actual rows=100000 loops=1)
                    Hash Cond: ((o.contact_email)::text = (a.email)::text)
                    Buffers: shared hit=806
                    ->  Seq Scan on contacts o  (cost=0.00..1733.00 rows=100000 width=26) (actual rows=100000 loops=1)
                          Buffers: shared hit=733
                    ->  Hash  (cost=173.00..173.00 rows=10000 width=11) (actual rows=10000 loops=1)
                          Buckets: 16384  Batches: 1  Memory Usage: 557kB
                          Buffers: shared hit=73
                          ->  Seq Scan on customers a  (cost=0.00..173.00 rows=10000 width=11) (actual rows=10000 loops=1)
                                Buffers: shared hit=73
              ->  Hash  (cost=2101.61..2101.61 rows=100000 width=21) (actual rows=100000 loops=1)
                    Buckets: 65536  Batches: 2  Memory Usage: 3274kB
                    Buffers: shared hit=614, temp written=265
                    ->  Hash Left Join  (cost=298.00..2101.61 rows=100000 width=21) (actual rows=100000 loops=1)
                          Hash Cond: (i.user_id = c.customer_id)
                          Buffers: shared hit=614
                          ->  Seq Scan on invoices i  (cost=0.00..1541.00 rows=100000 width=12) (actual rows=100000 loops=1)
                                Buffers: shared hit=541
                          ->  Hash  (cost=173.00..173.00 rows=10000 width=13) (actual rows=10000 loops=1)
                                Buckets: 16384  Batches: 1  Memory Usage: 597kB
                                Buffers: shared hit=73
                                ->  Seq Scan on customers c  (cost=0.00..173.00 rows=10000 width=13) (actual rows=10000 loops=1)
                                      Buffers: shared hit=73
Planning:
  Buffers: shared hit=23
Planning Time: 0.494 ms
JIT:
  Functions: 33
  Options: Inlining false, Optimization false, Expressions true, Deforming true
Execution Time: 1143.196 ms",1143.403,197186.23,100000,"GroupAggregate  (cost=174686.23..197186.23 rows=1000000 width=33) (actual rows=100000 loops=1)
  Group Key: i.invoice_id, c.customer_name
  Buffers: shared hit=1420, temp read=8099 written=8124
  ->  Sort  (cost=174686.23..177186.23 rows=1000000 width=40) (actual rows=998520 loops=1)
        Sort Key: i.invoice_id, c.customer_name
        Sort Method: external merge  Disk: 41488kB
        Buffers: shared hit=1420, temp read=8099 written=8124
        ->  Hash Right Join  (cost=4235.61..20337.39 rows=1000000 width=40) (actual rows=998520 loops=1)
              Hash Cond: (o.user_id = c.customer_id)
              Buffers: shared hit=1420, temp read=496 written=496
              ->  Hash Left Join  (cost=298.00..2945.78 rows=100000 width=27) (actual rows=100000 loops=1)
                    Hash Cond: ((o.contact_email)::text = (a.email)::text)
                    Buffers: shared hit=806
                    ->  Seq Scan on contacts o  (cost=0.00..1733.00 rows=100000 width=26) (actual rows=100000 loops=1)
                          Buffers: shared hit=733
                    ->  Hash  (cost=173.00..173.00 rows=10000 width=11) (actual rows=10000 loops=1)
                          Buckets: 16384  Batches: 1  Memory Usage: 557kB
                          Buffers: shared hit=73
                          ->  Seq Scan on customers a  (cost=0.00..173.00 rows=10000 width=11) (actual rows=10000 loops=1)
                                Buffers: shared hit=73
              ->  Hash  (cost=2101.61..2101.61 rows=100000 width=21) (actual rows=100000 loops=1)
                    Buckets: 65536  Batches: 2  Memory Usage: 3274kB
                    Buffers: shared hit=614, temp written=265
                    ->  Hash Left Join  (cost=298.00..2101.61 rows=100000 width=21) (actual rows=100000 loops=1)
                          Hash Cond: (i.user_id = c.customer_id)
                          Buffers: shared hit=614
                          ->  Seq Scan on invoices i  (cost=0.00..1541.00 rows=100000 width=12) (actual rows=100000 loops=1)
                                Buffers: shared hit=541
                          ->  Hash  (cost=173.00..173.00 rows=10000 width=13) (actual rows=10000 loops=1)
                                Buckets: 16384  Batches: 1  Memory Usage: 597kB
                                Buffers: shared hit=73
                                ->  Seq Scan on customers c  (cost=0.00..173.00 rows=10000 width=13) (actual rows=10000 loops=1)
                                      Buffers: shared hit=73
Planning:
  Buffers: shared hit=23
Planning Time: 0.574 ms
JIT:
  Functions: 33
  Options: Inlining false, Optimization false, Expressions true, Deforming true
Execution Time: 1143.403 ms",1232.7906,1143.196,1371.43,1781.8786,197186.23,197186.23,100000,100000,100000,100000,not normal,normal,42019.37048030002,33.734982500000164,equal variances,significant,0.003968253968253968,-262.6676,-172.0949999999999,-167367.04,0,True
862,1364,228,Medium,"select t_cte_19.c_invoice_id0 as invoice_id, t_cte_19.c_customer_name0 as customer_name, t_cte_19.c_price0 as price, count(t3.contact_name) as contacts_cnt, count(t4.customer_name) as trusted_contacts_cnt from (select distinct t2.customer_name as c_customer_name0, t1.price as c_price0, t1.user_id as c_user_id0, t1.invoice_id as c_invoice_id0 from schema_1364.invoices as t1 left join schema_1364.customers as t2 on t1.user_id = t2.customer_id) as t_cte_19 left join schema_1364.customers as t4 left join schema_1364.contacts as t3 on t3.contact_name = t4.customer_name on t_cte_19.c_user_id0 = t3.user_id group by t_cte_19.c_invoice_id0,t_cte_19.c_price0,t_cte_19.c_customer_name0",199.93,31765.25,100000,"HashAggregate  (cost=31665.25..31765.25 rows=10000 width=33) (actual rows=100000 loops=1)
  Group Key: t1.invoice_id, t1.price, t2.customer_name
  Batches: 5  Memory Usage: 4145kB  Disk Usage: 3608kB
  Buffers: shared hit=1420, temp read=751 written=1455
  ->  Hash Left Join  (cost=13409.62..24813.16 rows=548167 width=38) (actual rows=100000 loops=1)
        Hash Cond: (t1.user_id = t3.user_id)
        Buffers: shared hit=1420, temp read=382 written=734
        ->  HashAggregate  (cost=9789.11..11960.99 rows=100000 width=21) (actual rows=100000 loops=1)
              Group Key: t2.customer_name, t1.price, t1.user_id, t1.invoice_id
              Planned Partitions: 4  Batches: 5  Memory Usage: 4153kB  Disk Usage: 3640kB
              Buffers: shared hit=614, temp read=382 written=734
              ->  Hash Left Join  (cost=298.00..2101.61 rows=100000 width=21) (actual rows=100000 loops=1)
                    Hash Cond: (t1.user_id = t2.customer_id)
                    Buffers: shared hit=614
                    ->  Seq Scan on invoices t1  (cost=0.00..1541.00 rows=100000 width=12) (actual rows=100000 loops=1)
                          Buffers: shared hit=541
                    ->  Hash  (cost=173.00..173.00 rows=10000 width=13) (actual rows=10000 loops=1)
                          Buckets: 16384  Batches: 1  Memory Usage: 597kB
                          Buffers: shared hit=73
                          ->  Seq Scan on customers t2  (cost=0.00..173.00 rows=10000 width=13) (actual rows=10000 loops=1)
                                Buffers: shared hit=73
        ->  Hash  (cost=2945.78..2945.78 rows=53978 width=25) (actual rows=0 loops=1)
              Buckets: 65536  Batches: 1  Memory Usage: 512kB
              Buffers: shared hit=806
              ->  Hash Join  (cost=298.00..2945.78 rows=53978 width=25) (actual rows=0 loops=1)
                    Hash Cond: ((t3.contact_name)::text = (t4.customer_name)::text)
                    Buffers: shared hit=806
                    ->  Seq Scan on contacts t3  (cost=0.00..1733.00 rows=100000 width=16) (actual rows=100000 loops=1)
                          Buffers: shared hit=733
                    ->  Hash  (cost=173.00..173.00 rows=10000 width=9) (actual rows=10000 loops=1)
                          Buckets: 16384  Batches: 1  Memory Usage: 538kB
                          Buffers: shared hit=73
                          ->  Seq Scan on customers t4  (cost=0.00..173.00 rows=10000 width=9) (actual rows=10000 loops=1)
                                Buffers: shared hit=73
Planning:
  Buffers: shared hit=6
Planning Time: 0.268 ms
Execution Time: 199.930 ms",206.115,31765.25,100000,"HashAggregate  (cost=31665.25..31765.25 rows=10000 width=33) (actual rows=100000 loops=1)
  Group Key: t1.invoice_id, t1.price, t2.customer_name
  Batches: 5  Memory Usage: 4145kB  Disk Usage: 3608kB
  Buffers: shared hit=1420, temp read=751 written=1455
  ->  Hash Left Join  (cost=13409.62..24813.16 rows=548167 width=38) (actual rows=100000 loops=1)
        Hash Cond: (t1.user_id = t3.user_id)
        Buffers: shared hit=1420, temp read=382 written=734
        ->  HashAggregate  (cost=9789.11..11960.99 rows=100000 width=21) (actual rows=100000 loops=1)
              Group Key: t2.customer_name, t1.price, t1.user_id, t1.invoice_id
              Planned Partitions: 4  Batches: 5  Memory Usage: 4153kB  Disk Usage: 3640kB
              Buffers: shared hit=614, temp read=382 written=734
              ->  Hash Left Join  (cost=298.00..2101.61 rows=100000 width=21) (actual rows=100000 loops=1)
                    Hash Cond: (t1.user_id = t2.customer_id)
                    Buffers: shared hit=614
                    ->  Seq Scan on invoices t1  (cost=0.00..1541.00 rows=100000 width=12) (actual rows=100000 loops=1)
                          Buffers: shared hit=541
                    ->  Hash  (cost=173.00..173.00 rows=10000 width=13) (actual rows=10000 loops=1)
                          Buckets: 16384  Batches: 1  Memory Usage: 597kB
                          Buffers: shared hit=73
                          ->  Seq Scan on customers t2  (cost=0.00..173.00 rows=10000 width=13) (actual rows=10000 loops=1)
                                Buffers: shared hit=73
        ->  Hash  (cost=2945.78..2945.78 rows=53978 width=25) (actual rows=0 loops=1)
              Buckets: 65536  Batches: 1  Memory Usage: 512kB
              Buffers: shared hit=806
              ->  Hash Join  (cost=298.00..2945.78 rows=53978 width=25) (actual rows=0 loops=1)
                    Hash Cond: ((t3.contact_name)::text = (t4.customer_name)::text)
                    Buffers: shared hit=806
                    ->  Seq Scan on contacts t3  (cost=0.00..1733.00 rows=100000 width=16) (actual rows=100000 loops=1)
                          Buffers: shared hit=733
                    ->  Hash  (cost=173.00..173.00 rows=10000 width=9) (actual rows=10000 loops=1)
                          Buckets: 16384  Batches: 1  Memory Usage: 538kB
                          Buffers: shared hit=73
                          ->  Seq Scan on customers t4  (cost=0.00..173.00 rows=10000 width=9) (actual rows=10000 loops=1)
                                Buffers: shared hit=73
Planning:
  Buffers: shared hit=6
Planning Time: 0.463 ms
Execution Time: 206.115 ms",204.662,31765.25,100000,"HashAggregate  (cost=31665.25..31765.25 rows=10000 width=33) (actual rows=100000 loops=1)
  Group Key: t1.invoice_id, t1.price, t2.customer_name
  Batches: 5  Memory Usage: 4145kB  Disk Usage: 3608kB
  Buffers: shared hit=1420, temp read=751 written=1455
  ->  Hash Left Join  (cost=13409.62..24813.16 rows=548167 width=38) (actual rows=100000 loops=1)
        Hash Cond: (t1.user_id = t3.user_id)
        Buffers: shared hit=1420, temp read=382 written=734
        ->  HashAggregate  (cost=9789.11..11960.99 rows=100000 width=21) (actual rows=100000 loops=1)
              Group Key: t2.customer_name, t1.price, t1.user_id, t1.invoice_id
              Planned Partitions: 4  Batches: 5  Memory Usage: 4153kB  Disk Usage: 3640kB
              Buffers: shared hit=614, temp read=382 written=734
              ->  Hash Left Join  (cost=298.00..2101.61 rows=100000 width=21) (actual rows=100000 loops=1)
                    Hash Cond: (t1.user_id = t2.customer_id)
                    Buffers: shared hit=614
                    ->  Seq Scan on invoices t1  (cost=0.00..1541.00 rows=100000 width=12) (actual rows=100000 loops=1)
                          Buffers: shared hit=541
                    ->  Hash  (cost=173.00..173.00 rows=10000 width=13) (actual rows=10000 loops=1)
                          Buckets: 16384  Batches: 1  Memory Usage: 597kB
                          Buffers: shared hit=73
                          ->  Seq Scan on customers t2  (cost=0.00..173.00 rows=10000 width=13) (actual rows=10000 loops=1)
                                Buffers: shared hit=73
        ->  Hash  (cost=2945.78..2945.78 rows=53978 width=25) (actual rows=0 loops=1)
              Buckets: 65536  Batches: 1  Memory Usage: 512kB
              Buffers: shared hit=806
              ->  Hash Join  (cost=298.00..2945.78 rows=53978 width=25) (actual rows=0 loops=1)
                    Hash Cond: ((t3.contact_name)::text = (t4.customer_name)::text)
                    Buffers: shared hit=806
                    ->  Seq Scan on contacts t3  (cost=0.00..1733.00 rows=100000 width=16) (actual rows=100000 loops=1)
                          Buffers: shared hit=733
                    ->  Hash  (cost=173.00..173.00 rows=10000 width=9) (actual rows=10000 loops=1)
                          Buckets: 16384  Batches: 1  Memory Usage: 538kB
                          Buffers: shared hit=73
                          ->  Seq Scan on customers t4  (cost=0.00..173.00 rows=10000 width=9) (actual rows=10000 loops=1)
                                Buffers: shared hit=73
Planning:
  Buffers: shared hit=6
Planning Time: 0.535 ms
Execution Time: 204.662 ms",209.057,31765.25,100000,"HashAggregate  (cost=31665.25..31765.25 rows=10000 width=33) (actual rows=100000 loops=1)
  Group Key: t1.invoice_id, t1.price, t2.customer_name
  Batches: 5  Memory Usage: 4145kB  Disk Usage: 3608kB
  Buffers: shared hit=1420, temp read=751 written=1455
  ->  Hash Left Join  (cost=13409.62..24813.16 rows=548167 width=38) (actual rows=100000 loops=1)
        Hash Cond: (t1.user_id = t3.user_id)
        Buffers: shared hit=1420, temp read=382 written=734
        ->  HashAggregate  (cost=9789.11..11960.99 rows=100000 width=21) (actual rows=100000 loops=1)
              Group Key: t2.customer_name, t1.price, t1.user_id, t1.invoice_id
              Planned Partitions: 4  Batches: 5  Memory Usage: 4153kB  Disk Usage: 3640kB
              Buffers: shared hit=614, temp read=382 written=734
              ->  Hash Left Join  (cost=298.00..2101.61 rows=100000 width=21) (actual rows=100000 loops=1)
                    Hash Cond: (t1.user_id = t2.customer_id)
                    Buffers: shared hit=614
                    ->  Seq Scan on invoices t1  (cost=0.00..1541.00 rows=100000 width=12) (actual rows=100000 loops=1)
                          Buffers: shared hit=541
                    ->  Hash  (cost=173.00..173.00 rows=10000 width=13) (actual rows=10000 loops=1)
                          Buckets: 16384  Batches: 1  Memory Usage: 597kB
                          Buffers: shared hit=73
                          ->  Seq Scan on customers t2  (cost=0.00..173.00 rows=10000 width=13) (actual rows=10000 loops=1)
                                Buffers: shared hit=73
        ->  Hash  (cost=2945.78..2945.78 rows=53978 width=25) (actual rows=0 loops=1)
              Buckets: 65536  Batches: 1  Memory Usage: 512kB
              Buffers: shared hit=806
              ->  Hash Join  (cost=298.00..2945.78 rows=53978 width=25) (actual rows=0 loops=1)
                    Hash Cond: ((t3.contact_name)::text = (t4.customer_name)::text)
                    Buffers: shared hit=806
                    ->  Seq Scan on contacts t3  (cost=0.00..1733.00 rows=100000 width=16) (actual rows=100000 loops=1)
                          Buffers: shared hit=733
                    ->  Hash  (cost=173.00..173.00 rows=10000 width=9) (actual rows=10000 loops=1)
                          Buckets: 16384  Batches: 1  Memory Usage: 538kB
                          Buffers: shared hit=73
                          ->  Seq Scan on customers t4  (cost=0.00..173.00 rows=10000 width=9) (actual rows=10000 loops=1)
                                Buffers: shared hit=73
Planning:
  Buffers: shared hit=6
Planning Time: 0.358 ms
Execution Time: 209.057 ms",209.211,31765.25,100000,"HashAggregate  (cost=31665.25..31765.25 rows=10000 width=33) (actual rows=100000 loops=1)
  Group Key: t1.invoice_id, t1.price, t2.customer_name
  Batches: 5  Memory Usage: 4145kB  Disk Usage: 3608kB
  Buffers: shared hit=1420, temp read=751 written=1455
  ->  Hash Left Join  (cost=13409.62..24813.16 rows=548167 width=38) (actual rows=100000 loops=1)
        Hash Cond: (t1.user_id = t3.user_id)
        Buffers: shared hit=1420, temp read=382 written=734
        ->  HashAggregate  (cost=9789.11..11960.99 rows=100000 width=21) (actual rows=100000 loops=1)
              Group Key: t2.customer_name, t1.price, t1.user_id, t1.invoice_id
              Planned Partitions: 4  Batches: 5  Memory Usage: 4153kB  Disk Usage: 3640kB
              Buffers: shared hit=614, temp read=382 written=734
              ->  Hash Left Join  (cost=298.00..2101.61 rows=100000 width=21) (actual rows=100000 loops=1)
                    Hash Cond: (t1.user_id = t2.customer_id)
                    Buffers: shared hit=614
                    ->  Seq Scan on invoices t1  (cost=0.00..1541.00 rows=100000 width=12) (actual rows=100000 loops=1)
                          Buffers: shared hit=541
                    ->  Hash  (cost=173.00..173.00 rows=10000 width=13) (actual rows=10000 loops=1)
                          Buckets: 16384  Batches: 1  Memory Usage: 597kB
                          Buffers: shared hit=73
                          ->  Seq Scan on customers t2  (cost=0.00..173.00 rows=10000 width=13) (actual rows=10000 loops=1)
                                Buffers: shared hit=73
        ->  Hash  (cost=2945.78..2945.78 rows=53978 width=25) (actual rows=0 loops=1)
              Buckets: 65536  Batches: 1  Memory Usage: 512kB
              Buffers: shared hit=806
              ->  Hash Join  (cost=298.00..2945.78 rows=53978 width=25) (actual rows=0 loops=1)
                    Hash Cond: ((t3.contact_name)::text = (t4.customer_name)::text)
                    Buffers: shared hit=806
                    ->  Seq Scan on contacts t3  (cost=0.00..1733.00 rows=100000 width=16) (actual rows=100000 loops=1)
                          Buffers: shared hit=733
                    ->  Hash  (cost=173.00..173.00 rows=10000 width=9) (actual rows=10000 loops=1)
                          Buckets: 16384  Batches: 1  Memory Usage: 538kB
                          Buffers: shared hit=73
                          ->  Seq Scan on customers t4  (cost=0.00..173.00 rows=10000 width=9) (actual rows=10000 loops=1)
                                Buffers: shared hit=73
Planning:
  Buffers: shared hit=6
Planning Time: 0.412 ms
Execution Time: 209.211 ms",205.795,206.115,209.134,209.2726,31765.25,31765.25,100000,100000,100000,100000,1364_228,862,1364,228,Medium,"select invoice_id, t2.customer_name, price, count(distinct t3.contact_name) as contacts_cnt, count(distinct t4.customer_name) as trusted_contacts_cnt from schema_1364.invoices as t1 left outer join schema_1364.customers as t2 on t1.user_id = t2.customer_id left outer join schema_1364.contacts as t3 on t1.user_id = t3.user_id left outer join schema_1364.customers as t4 on t3.contact_name = t4.customer_name group by 1, 2, 3",1286.45,203547.71,100000,"GroupAggregate  (cost=180701.32..203547.71 rows=1015395 width=33) (actual rows=100000 loops=1)
  Group Key: t1.invoice_id, t2.customer_name
  Buffers: shared hit=1420, temp read=8088 written=8113
  ->  Sort  (cost=180701.32..183239.81 rows=1015395 width=38) (actual rows=998520 loops=1)
        Sort Key: t1.invoice_id, t2.customer_name
        Sort Method: external merge  Disk: 41496kB
        Buffers: shared hit=1420, temp read=8088 written=8113
        ->  Hash Left Join  (cost=5177.78..23866.34 rows=1015395 width=38) (actual rows=998520 loops=1)
              Hash Cond: (t1.user_id = t3.user_id)
              Buffers: shared hit=1420, temp read=484 written=484
              ->  Hash Left Join  (cost=298.00..2101.61 rows=100000 width=21) (actual rows=100000 loops=1)
                    Hash Cond: (t1.user_id = t2.customer_id)
                    Buffers: shared hit=614
                    ->  Seq Scan on invoices t1  (cost=0.00..1541.00 rows=100000 width=12) (actual rows=100000 loops=1)
                          Buffers: shared hit=541
                    ->  Hash  (cost=173.00..173.00 rows=10000 width=13) (actual rows=10000 loops=1)
                          Buckets: 16384  Batches: 1  Memory Usage: 597kB
                          Buffers: shared hit=73
                          ->  Seq Scan on customers t2  (cost=0.00..173.00 rows=10000 width=13) (actual rows=10000 loops=1)
                                Buffers: shared hit=73
              ->  Hash  (cost=2945.78..2945.78 rows=100000 width=25) (actual rows=100000 loops=1)
                    Buckets: 65536  Batches: 2  Memory Usage: 2973kB
                    Buffers: shared hit=806, temp written=230
                    ->  Hash Left Join  (cost=298.00..2945.78 rows=100000 width=25) (actual rows=100000 loops=1)
                          Hash Cond: ((t3.contact_name)::text = (t4.customer_name)::text)
                          Buffers: shared hit=806
                          ->  Seq Scan on contacts t3  (cost=0.00..1733.00 rows=100000 width=16) (actual rows=100000 loops=1)
                                Buffers: shared hit=733
                          ->  Hash  (cost=173.00..173.00 rows=10000 width=9) (actual rows=10000 loops=1)
                                Buckets: 16384  Batches: 1  Memory Usage: 538kB
                                Buffers: shared hit=73
                                ->  Seq Scan on customers t4  (cost=0.00..173.00 rows=10000 width=9) (actual rows=10000 loops=1)
                                      Buffers: shared hit=73
Planning:
  Buffers: shared hit=17
Planning Time: 0.352 ms
JIT:
  Functions: 33
  Options: Inlining false, Optimization false, Expressions true, Deforming true
Execution Time: 1286.450 ms",1296.624,203547.71,100000,"GroupAggregate  (cost=180701.32..203547.71 rows=1015395 width=33) (actual rows=100000 loops=1)
  Group Key: t1.invoice_id, t2.customer_name
  Buffers: shared hit=1420, temp read=8088 written=8113
  ->  Sort  (cost=180701.32..183239.81 rows=1015395 width=38) (actual rows=998520 loops=1)
        Sort Key: t1.invoice_id, t2.customer_name
        Sort Method: external merge  Disk: 41496kB
        Buffers: shared hit=1420, temp read=8088 written=8113
        ->  Hash Left Join  (cost=5177.78..23866.34 rows=1015395 width=38) (actual rows=998520 loops=1)
              Hash Cond: (t1.user_id = t3.user_id)
              Buffers: shared hit=1420, temp read=484 written=484
              ->  Hash Left Join  (cost=298.00..2101.61 rows=100000 width=21) (actual rows=100000 loops=1)
                    Hash Cond: (t1.user_id = t2.customer_id)
                    Buffers: shared hit=614
                    ->  Seq Scan on invoices t1  (cost=0.00..1541.00 rows=100000 width=12) (actual rows=100000 loops=1)
                          Buffers: shared hit=541
                    ->  Hash  (cost=173.00..173.00 rows=10000 width=13) (actual rows=10000 loops=1)
                          Buckets: 16384  Batches: 1  Memory Usage: 597kB
                          Buffers: shared hit=73
                          ->  Seq Scan on customers t2  (cost=0.00..173.00 rows=10000 width=13) (actual rows=10000 loops=1)
                                Buffers: shared hit=73
              ->  Hash  (cost=2945.78..2945.78 rows=100000 width=25) (actual rows=100000 loops=1)
                    Buckets: 65536  Batches: 2  Memory Usage: 2973kB
                    Buffers: shared hit=806, temp written=230
                    ->  Hash Left Join  (cost=298.00..2945.78 rows=100000 width=25) (actual rows=100000 loops=1)
                          Hash Cond: ((t3.contact_name)::text = (t4.customer_name)::text)
                          Buffers: shared hit=806
                          ->  Seq Scan on contacts t3  (cost=0.00..1733.00 rows=100000 width=16) (actual rows=100000 loops=1)
                                Buffers: shared hit=733
                          ->  Hash  (cost=173.00..173.00 rows=10000 width=9) (actual rows=10000 loops=1)
                                Buckets: 16384  Batches: 1  Memory Usage: 538kB
                                Buffers: shared hit=73
                                ->  Seq Scan on customers t4  (cost=0.00..173.00 rows=10000 width=9) (actual rows=10000 loops=1)
                                      Buffers: shared hit=73
Planning:
  Buffers: shared hit=17
Planning Time: 0.621 ms
JIT:
  Functions: 33
  Options: Inlining false, Optimization false, Expressions true, Deforming true
Execution Time: 1296.624 ms",1292.928,203547.71,100000,"GroupAggregate  (cost=180701.32..203547.71 rows=1015395 width=33) (actual rows=100000 loops=1)
  Group Key: t1.invoice_id, t2.customer_name
  Buffers: shared hit=1420, temp read=8088 written=8113
  ->  Sort  (cost=180701.32..183239.81 rows=1015395 width=38) (actual rows=998520 loops=1)
        Sort Key: t1.invoice_id, t2.customer_name
        Sort Method: external merge  Disk: 41496kB
        Buffers: shared hit=1420, temp read=8088 written=8113
        ->  Hash Left Join  (cost=5177.78..23866.34 rows=1015395 width=38) (actual rows=998520 loops=1)
              Hash Cond: (t1.user_id = t3.user_id)
              Buffers: shared hit=1420, temp read=484 written=484
              ->  Hash Left Join  (cost=298.00..2101.61 rows=100000 width=21) (actual rows=100000 loops=1)
                    Hash Cond: (t1.user_id = t2.customer_id)
                    Buffers: shared hit=614
                    ->  Seq Scan on invoices t1  (cost=0.00..1541.00 rows=100000 width=12) (actual rows=100000 loops=1)
                          Buffers: shared hit=541
                    ->  Hash  (cost=173.00..173.00 rows=10000 width=13) (actual rows=10000 loops=1)
                          Buckets: 16384  Batches: 1  Memory Usage: 597kB
                          Buffers: shared hit=73
                          ->  Seq Scan on customers t2  (cost=0.00..173.00 rows=10000 width=13) (actual rows=10000 loops=1)
                                Buffers: shared hit=73
              ->  Hash  (cost=2945.78..2945.78 rows=100000 width=25) (actual rows=100000 loops=1)
                    Buckets: 65536  Batches: 2  Memory Usage: 2973kB
                    Buffers: shared hit=806, temp written=230
                    ->  Hash Left Join  (cost=298.00..2945.78 rows=100000 width=25) (actual rows=100000 loops=1)
                          Hash Cond: ((t3.contact_name)::text = (t4.customer_name)::text)
                          Buffers: shared hit=806
                          ->  Seq Scan on contacts t3  (cost=0.00..1733.00 rows=100000 width=16) (actual rows=100000 loops=1)
                                Buffers: shared hit=733
                          ->  Hash  (cost=173.00..173.00 rows=10000 width=9) (actual rows=10000 loops=1)
                                Buckets: 16384  Batches: 1  Memory Usage: 538kB
                                Buffers: shared hit=73
                                ->  Seq Scan on customers t4  (cost=0.00..173.00 rows=10000 width=9) (actual rows=10000 loops=1)
                                      Buffers: shared hit=73
Planning:
  Buffers: shared hit=17
Planning Time: 0.593 ms
JIT:
  Functions: 33
  Options: Inlining false, Optimization false, Expressions true, Deforming true
Execution Time: 1292.928 ms",1270.683,203547.71,100000,"GroupAggregate  (cost=180701.32..203547.71 rows=1015395 width=33) (actual rows=100000 loops=1)
  Group Key: t1.invoice_id, t2.customer_name
  Buffers: shared hit=1420, temp read=8088 written=8113
  ->  Sort  (cost=180701.32..183239.81 rows=1015395 width=38) (actual rows=998520 loops=1)
        Sort Key: t1.invoice_id, t2.customer_name
        Sort Method: external merge  Disk: 41496kB
        Buffers: shared hit=1420, temp read=8088 written=8113
        ->  Hash Left Join  (cost=5177.78..23866.34 rows=1015395 width=38) (actual rows=998520 loops=1)
              Hash Cond: (t1.user_id = t3.user_id)
              Buffers: shared hit=1420, temp read=484 written=484
              ->  Hash Left Join  (cost=298.00..2101.61 rows=100000 width=21) (actual rows=100000 loops=1)
                    Hash Cond: (t1.user_id = t2.customer_id)
                    Buffers: shared hit=614
                    ->  Seq Scan on invoices t1  (cost=0.00..1541.00 rows=100000 width=12) (actual rows=100000 loops=1)
                          Buffers: shared hit=541
                    ->  Hash  (cost=173.00..173.00 rows=10000 width=13) (actual rows=10000 loops=1)
                          Buckets: 16384  Batches: 1  Memory Usage: 597kB
                          Buffers: shared hit=73
                          ->  Seq Scan on customers t2  (cost=0.00..173.00 rows=10000 width=13) (actual rows=10000 loops=1)
                                Buffers: shared hit=73
              ->  Hash  (cost=2945.78..2945.78 rows=100000 width=25) (actual rows=100000 loops=1)
                    Buckets: 65536  Batches: 2  Memory Usage: 2973kB
                    Buffers: shared hit=806, temp written=230
                    ->  Hash Left Join  (cost=298.00..2945.78 rows=100000 width=25) (actual rows=100000 loops=1)
                          Hash Cond: ((t3.contact_name)::text = (t4.customer_name)::text)
                          Buffers: shared hit=806
                          ->  Seq Scan on contacts t3  (cost=0.00..1733.00 rows=100000 width=16) (actual rows=100000 loops=1)
                                Buffers: shared hit=733
                          ->  Hash  (cost=173.00..173.00 rows=10000 width=9) (actual rows=10000 loops=1)
                                Buckets: 16384  Batches: 1  Memory Usage: 538kB
                                Buffers: shared hit=73
                                ->  Seq Scan on customers t4  (cost=0.00..173.00 rows=10000 width=9) (actual rows=10000 loops=1)
                                      Buffers: shared hit=73
Planning:
  Buffers: shared hit=17
Planning Time: 0.508 ms
JIT:
  Functions: 33
  Options: Inlining false, Optimization false, Expressions true, Deforming true
Execution Time: 1270.683 ms",1303.911,203547.71,100000,"GroupAggregate  (cost=180701.32..203547.71 rows=1015395 width=33) (actual rows=100000 loops=1)
  Group Key: t1.invoice_id, t2.customer_name
  Buffers: shared hit=1420, temp read=8088 written=8113
  ->  Sort  (cost=180701.32..183239.81 rows=1015395 width=38) (actual rows=998520 loops=1)
        Sort Key: t1.invoice_id, t2.customer_name
        Sort Method: external merge  Disk: 41496kB
        Buffers: shared hit=1420, temp read=8088 written=8113
        ->  Hash Left Join  (cost=5177.78..23866.34 rows=1015395 width=38) (actual rows=998520 loops=1)
              Hash Cond: (t1.user_id = t3.user_id)
              Buffers: shared hit=1420, temp read=484 written=484
              ->  Hash Left Join  (cost=298.00..2101.61 rows=100000 width=21) (actual rows=100000 loops=1)
                    Hash Cond: (t1.user_id = t2.customer_id)
                    Buffers: shared hit=614
                    ->  Seq Scan on invoices t1  (cost=0.00..1541.00 rows=100000 width=12) (actual rows=100000 loops=1)
                          Buffers: shared hit=541
                    ->  Hash  (cost=173.00..173.00 rows=10000 width=13) (actual rows=10000 loops=1)
                          Buckets: 16384  Batches: 1  Memory Usage: 597kB
                          Buffers: shared hit=73
                          ->  Seq Scan on customers t2  (cost=0.00..173.00 rows=10000 width=13) (actual rows=10000 loops=1)
                                Buffers: shared hit=73
              ->  Hash  (cost=2945.78..2945.78 rows=100000 width=25) (actual rows=100000 loops=1)
                    Buckets: 65536  Batches: 2  Memory Usage: 2973kB
                    Buffers: shared hit=806, temp written=230
                    ->  Hash Left Join  (cost=298.00..2945.78 rows=100000 width=25) (actual rows=100000 loops=1)
                          Hash Cond: ((t3.contact_name)::text = (t4.customer_name)::text)
                          Buffers: shared hit=806
                          ->  Seq Scan on contacts t3  (cost=0.00..1733.00 rows=100000 width=16) (actual rows=100000 loops=1)
                                Buffers: shared hit=733
                          ->  Hash  (cost=173.00..173.00 rows=10000 width=9) (actual rows=10000 loops=1)
                                Buckets: 16384  Batches: 1  Memory Usage: 538kB
                                Buffers: shared hit=73
                                ->  Seq Scan on customers t4  (cost=0.00..173.00 rows=10000 width=9) (actual rows=10000 loops=1)
                                      Buffers: shared hit=73
Planning:
  Buffers: shared hit=17
Planning Time: 0.674 ms
JIT:
  Functions: 33
  Options: Inlining false, Optimization false, Expressions true, Deforming true
Execution Time: 1303.911 ms",1290.1192,1292.928,1300.2675,1306.8258,203547.71,203547.71,100000,100000,100000,100000,normal,normal,157.91110670000063,14.523503499999983,equal variances,significant,0.003968253968253968,-1084.3242,-1086.813,-171782.46,0,False
863,1364,233,Medium,"select invoices.invoice_id as invoice_id, customers.customer_name as customer_name, invoices.price as price, count(contacts.contact_name) as contacts_cnt, count(emails.email) as trusted_contacts_cnt from schema_1364.invoices as invoices left join schema_1364.customers as customers on invoices.user_id = customers.customer_id left join schema_1364.customers as emails left join schema_1364.contacts as contacts on emails.email = contacts.contact_email on invoices.user_id = contacts.user_id group by customers.customer_name,invoices.price,invoices.invoice_id",132.338,78696.15,100000,"HashAggregate  (cost=64651.34..78696.15 rows=548090 width=33) (actual rows=100000 loops=1)
  Group Key: customers.customer_name, invoices.invoice_id
  Planned Partitions: 32  Batches: 33  Memory Usage: 4113kB  Disk Usage: 6048kB
  Buffers: shared hit=1420, temp read=390 written=1118
  ->  Hash Left Join  (cost=3918.50..13953.02 rows=548090 width=40) (actual rows=100000 loops=1)
        Hash Cond: (invoices.user_id = contacts.user_id)
        Buffers: shared hit=1420
        ->  Hash Left Join  (cost=298.00..2101.61 rows=100000 width=21) (actual rows=100000 loops=1)
              Hash Cond: (invoices.user_id = customers.customer_id)
              Buffers: shared hit=614
              ->  Seq Scan on invoices  (cost=0.00..1541.00 rows=100000 width=12) (actual rows=100000 loops=1)
                    Buffers: shared hit=541
              ->  Hash  (cost=173.00..173.00 rows=10000 width=13) (actual rows=10000 loops=1)
                    Buckets: 16384  Batches: 1  Memory Usage: 597kB
                    Buffers: shared hit=73
                    ->  Seq Scan on customers  (cost=0.00..173.00 rows=10000 width=13) (actual rows=10000 loops=1)
                          Buffers: shared hit=73
        ->  Hash  (cost=2945.78..2945.78 rows=53978 width=27) (actual rows=0 loops=1)
              Buckets: 65536  Batches: 1  Memory Usage: 512kB
              Buffers: shared hit=806
              ->  Hash Join  (cost=298.00..2945.78 rows=53978 width=27) (actual rows=0 loops=1)
                    Hash Cond: ((contacts.contact_email)::text = (emails.email)::text)
                    Buffers: shared hit=806
                    ->  Seq Scan on contacts  (cost=0.00..1733.00 rows=100000 width=26) (actual rows=100000 loops=1)
                          Buffers: shared hit=733
                    ->  Hash  (cost=173.00..173.00 rows=10000 width=11) (actual rows=10000 loops=1)
                          Buckets: 16384  Batches: 1  Memory Usage: 557kB
                          Buffers: shared hit=73
                          ->  Seq Scan on customers emails  (cost=0.00..173.00 rows=10000 width=11) (actual rows=10000 loops=1)
                                Buffers: shared hit=73
Planning:
  Buffers: shared hit=17
Planning Time: 0.321 ms
Execution Time: 132.338 ms",138.047,78696.15,100000,"HashAggregate  (cost=64651.34..78696.15 rows=548090 width=33) (actual rows=100000 loops=1)
  Group Key: customers.customer_name, invoices.invoice_id
  Planned Partitions: 32  Batches: 33  Memory Usage: 4113kB  Disk Usage: 6048kB
  Buffers: shared hit=1420, temp read=390 written=1118
  ->  Hash Left Join  (cost=3918.50..13953.02 rows=548090 width=40) (actual rows=100000 loops=1)
        Hash Cond: (invoices.user_id = contacts.user_id)
        Buffers: shared hit=1420
        ->  Hash Left Join  (cost=298.00..2101.61 rows=100000 width=21) (actual rows=100000 loops=1)
              Hash Cond: (invoices.user_id = customers.customer_id)
              Buffers: shared hit=614
              ->  Seq Scan on invoices  (cost=0.00..1541.00 rows=100000 width=12) (actual rows=100000 loops=1)
                    Buffers: shared hit=541
              ->  Hash  (cost=173.00..173.00 rows=10000 width=13) (actual rows=10000 loops=1)
                    Buckets: 16384  Batches: 1  Memory Usage: 597kB
                    Buffers: shared hit=73
                    ->  Seq Scan on customers  (cost=0.00..173.00 rows=10000 width=13) (actual rows=10000 loops=1)
                          Buffers: shared hit=73
        ->  Hash  (cost=2945.78..2945.78 rows=53978 width=27) (actual rows=0 loops=1)
              Buckets: 65536  Batches: 1  Memory Usage: 512kB
              Buffers: shared hit=806
              ->  Hash Join  (cost=298.00..2945.78 rows=53978 width=27) (actual rows=0 loops=1)
                    Hash Cond: ((contacts.contact_email)::text = (emails.email)::text)
                    Buffers: shared hit=806
                    ->  Seq Scan on contacts  (cost=0.00..1733.00 rows=100000 width=26) (actual rows=100000 loops=1)
                          Buffers: shared hit=733
                    ->  Hash  (cost=173.00..173.00 rows=10000 width=11) (actual rows=10000 loops=1)
                          Buckets: 16384  Batches: 1  Memory Usage: 557kB
                          Buffers: shared hit=73
                          ->  Seq Scan on customers emails  (cost=0.00..173.00 rows=10000 width=11) (actual rows=10000 loops=1)
                                Buffers: shared hit=73
Planning:
  Buffers: shared hit=17
Planning Time: 0.505 ms
Execution Time: 138.047 ms",141.626,78696.15,100000,"HashAggregate  (cost=64651.34..78696.15 rows=548090 width=33) (actual rows=100000 loops=1)
  Group Key: customers.customer_name, invoices.invoice_id
  Planned Partitions: 32  Batches: 33  Memory Usage: 4113kB  Disk Usage: 6048kB
  Buffers: shared hit=1420, temp read=390 written=1118
  ->  Hash Left Join  (cost=3918.50..13953.02 rows=548090 width=40) (actual rows=100000 loops=1)
        Hash Cond: (invoices.user_id = contacts.user_id)
        Buffers: shared hit=1420
        ->  Hash Left Join  (cost=298.00..2101.61 rows=100000 width=21) (actual rows=100000 loops=1)
              Hash Cond: (invoices.user_id = customers.customer_id)
              Buffers: shared hit=614
              ->  Seq Scan on invoices  (cost=0.00..1541.00 rows=100000 width=12) (actual rows=100000 loops=1)
                    Buffers: shared hit=541
              ->  Hash  (cost=173.00..173.00 rows=10000 width=13) (actual rows=10000 loops=1)
                    Buckets: 16384  Batches: 1  Memory Usage: 597kB
                    Buffers: shared hit=73
                    ->  Seq Scan on customers  (cost=0.00..173.00 rows=10000 width=13) (actual rows=10000 loops=1)
                          Buffers: shared hit=73
        ->  Hash  (cost=2945.78..2945.78 rows=53978 width=27) (actual rows=0 loops=1)
              Buckets: 65536  Batches: 1  Memory Usage: 512kB
              Buffers: shared hit=806
              ->  Hash Join  (cost=298.00..2945.78 rows=53978 width=27) (actual rows=0 loops=1)
                    Hash Cond: ((contacts.contact_email)::text = (emails.email)::text)
                    Buffers: shared hit=806
                    ->  Seq Scan on contacts  (cost=0.00..1733.00 rows=100000 width=26) (actual rows=100000 loops=1)
                          Buffers: shared hit=733
                    ->  Hash  (cost=173.00..173.00 rows=10000 width=11) (actual rows=10000 loops=1)
                          Buckets: 16384  Batches: 1  Memory Usage: 557kB
                          Buffers: shared hit=73
                          ->  Seq Scan on customers emails  (cost=0.00..173.00 rows=10000 width=11) (actual rows=10000 loops=1)
                                Buffers: shared hit=73
Planning:
  Buffers: shared hit=17
Planning Time: 0.515 ms
Execution Time: 141.626 ms",137.181,78696.15,100000,"HashAggregate  (cost=64651.34..78696.15 rows=548090 width=33) (actual rows=100000 loops=1)
  Group Key: customers.customer_name, invoices.invoice_id
  Planned Partitions: 32  Batches: 33  Memory Usage: 4113kB  Disk Usage: 6048kB
  Buffers: shared hit=1420, temp read=390 written=1118
  ->  Hash Left Join  (cost=3918.50..13953.02 rows=548090 width=40) (actual rows=100000 loops=1)
        Hash Cond: (invoices.user_id = contacts.user_id)
        Buffers: shared hit=1420
        ->  Hash Left Join  (cost=298.00..2101.61 rows=100000 width=21) (actual rows=100000 loops=1)
              Hash Cond: (invoices.user_id = customers.customer_id)
              Buffers: shared hit=614
              ->  Seq Scan on invoices  (cost=0.00..1541.00 rows=100000 width=12) (actual rows=100000 loops=1)
                    Buffers: shared hit=541
              ->  Hash  (cost=173.00..173.00 rows=10000 width=13) (actual rows=10000 loops=1)
                    Buckets: 16384  Batches: 1  Memory Usage: 597kB
                    Buffers: shared hit=73
                    ->  Seq Scan on customers  (cost=0.00..173.00 rows=10000 width=13) (actual rows=10000 loops=1)
                          Buffers: shared hit=73
        ->  Hash  (cost=2945.78..2945.78 rows=53978 width=27) (actual rows=0 loops=1)
              Buckets: 65536  Batches: 1  Memory Usage: 512kB
              Buffers: shared hit=806
              ->  Hash Join  (cost=298.00..2945.78 rows=53978 width=27) (actual rows=0 loops=1)
                    Hash Cond: ((contacts.contact_email)::text = (emails.email)::text)
                    Buffers: shared hit=806
                    ->  Seq Scan on contacts  (cost=0.00..1733.00 rows=100000 width=26) (actual rows=100000 loops=1)
                          Buffers: shared hit=733
                    ->  Hash  (cost=173.00..173.00 rows=10000 width=11) (actual rows=10000 loops=1)
                          Buckets: 16384  Batches: 1  Memory Usage: 557kB
                          Buffers: shared hit=73
                          ->  Seq Scan on customers emails  (cost=0.00..173.00 rows=10000 width=11) (actual rows=10000 loops=1)
                                Buffers: shared hit=73
Planning:
  Buffers: shared hit=17
Planning Time: 0.729 ms
Execution Time: 137.181 ms",139.759,78696.15,100000,"HashAggregate  (cost=64651.34..78696.15 rows=548090 width=33) (actual rows=100000 loops=1)
  Group Key: customers.customer_name, invoices.invoice_id
  Planned Partitions: 32  Batches: 33  Memory Usage: 4113kB  Disk Usage: 6048kB
  Buffers: shared hit=1420, temp read=390 written=1118
  ->  Hash Left Join  (cost=3918.50..13953.02 rows=548090 width=40) (actual rows=100000 loops=1)
        Hash Cond: (invoices.user_id = contacts.user_id)
        Buffers: shared hit=1420
        ->  Hash Left Join  (cost=298.00..2101.61 rows=100000 width=21) (actual rows=100000 loops=1)
              Hash Cond: (invoices.user_id = customers.customer_id)
              Buffers: shared hit=614
              ->  Seq Scan on invoices  (cost=0.00..1541.00 rows=100000 width=12) (actual rows=100000 loops=1)
                    Buffers: shared hit=541
              ->  Hash  (cost=173.00..173.00 rows=10000 width=13) (actual rows=10000 loops=1)
                    Buckets: 16384  Batches: 1  Memory Usage: 597kB
                    Buffers: shared hit=73
                    ->  Seq Scan on customers  (cost=0.00..173.00 rows=10000 width=13) (actual rows=10000 loops=1)
                          Buffers: shared hit=73
        ->  Hash  (cost=2945.78..2945.78 rows=53978 width=27) (actual rows=0 loops=1)
              Buckets: 65536  Batches: 1  Memory Usage: 512kB
              Buffers: shared hit=806
              ->  Hash Join  (cost=298.00..2945.78 rows=53978 width=27) (actual rows=0 loops=1)
                    Hash Cond: ((contacts.contact_email)::text = (emails.email)::text)
                    Buffers: shared hit=806
                    ->  Seq Scan on contacts  (cost=0.00..1733.00 rows=100000 width=26) (actual rows=100000 loops=1)
                          Buffers: shared hit=733
                    ->  Hash  (cost=173.00..173.00 rows=10000 width=11) (actual rows=10000 loops=1)
                          Buckets: 16384  Batches: 1  Memory Usage: 557kB
                          Buffers: shared hit=73
                          ->  Seq Scan on customers emails  (cost=0.00..173.00 rows=10000 width=11) (actual rows=10000 loops=1)
                                Buffers: shared hit=73
Planning:
  Buffers: shared hit=17
Planning Time: 0.514 ms
Execution Time: 139.759 ms",137.7902,138.047,140.6925,142.3728,78696.15,78696.15,100000,100000,100000,100000,1364_233,863,1364,233,Medium,"select invoices.invoice_id, customers.customer_name, invoices.price, count(contact_name) as contacts_cnt, count(emails.email) as trusted_contacts_cnt from schema_1364.invoices as invoices left outer join schema_1364.customers as customers on invoices.user_id = customers.customer_id left outer join schema_1364.contacts as contacts on invoices.user_id = contacts.user_id left outer join schema_1364.customers as emails on emails.email = contacts.contact_email group by invoices.invoice_id, invoices.price, customers.customer_name order by invoice_id",833.636,203547.71,100000,"GroupAggregate  (cost=180701.32..203547.71 rows=1015395 width=33) (actual rows=100000 loops=1)
  Group Key: invoices.invoice_id, customers.customer_name
  Buffers: shared hit=1420, temp read=8088 written=8113
  ->  Sort  (cost=180701.32..183239.81 rows=1015395 width=40) (actual rows=998520 loops=1)
        Sort Key: invoices.invoice_id, customers.customer_name
        Sort Method: external merge  Disk: 41496kB
        Buffers: shared hit=1420, temp read=8088 written=8113
        ->  Hash Left Join  (cost=5177.78..23866.34 rows=1015395 width=40) (actual rows=998520 loops=1)
              Hash Cond: (invoices.user_id = contacts.user_id)
              Buffers: shared hit=1420, temp read=484 written=484
              ->  Hash Left Join  (cost=298.00..2101.61 rows=100000 width=21) (actual rows=100000 loops=1)
                    Hash Cond: (invoices.user_id = customers.customer_id)
                    Buffers: shared hit=614
                    ->  Seq Scan on invoices  (cost=0.00..1541.00 rows=100000 width=12) (actual rows=100000 loops=1)
                          Buffers: shared hit=541
                    ->  Hash  (cost=173.00..173.00 rows=10000 width=13) (actual rows=10000 loops=1)
                          Buckets: 16384  Batches: 1  Memory Usage: 597kB
                          Buffers: shared hit=73
                          ->  Seq Scan on customers  (cost=0.00..173.00 rows=10000 width=13) (actual rows=10000 loops=1)
                                Buffers: shared hit=73
              ->  Hash  (cost=2945.78..2945.78 rows=100000 width=27) (actual rows=100000 loops=1)
                    Buckets: 65536  Batches: 2  Memory Usage: 2973kB
                    Buffers: shared hit=806, temp written=230
                    ->  Hash Left Join  (cost=298.00..2945.78 rows=100000 width=27) (actual rows=100000 loops=1)
                          Hash Cond: ((contacts.contact_email)::text = (emails.email)::text)
                          Buffers: shared hit=806
                          ->  Seq Scan on contacts  (cost=0.00..1733.00 rows=100000 width=26) (actual rows=100000 loops=1)
                                Buffers: shared hit=733
                          ->  Hash  (cost=173.00..173.00 rows=10000 width=11) (actual rows=10000 loops=1)
                                Buckets: 16384  Batches: 1  Memory Usage: 557kB
                                Buffers: shared hit=73
                                ->  Seq Scan on customers emails  (cost=0.00..173.00 rows=10000 width=11) (actual rows=10000 loops=1)
                                      Buffers: shared hit=73
Planning:
  Buffers: shared hit=17
Planning Time: 0.341 ms
JIT:
  Functions: 33
  Options: Inlining false, Optimization false, Expressions true, Deforming true
Execution Time: 833.636 ms",829.599,203547.71,100000,"GroupAggregate  (cost=180701.32..203547.71 rows=1015395 width=33) (actual rows=100000 loops=1)
  Group Key: invoices.invoice_id, customers.customer_name
  Buffers: shared hit=1420, temp read=8088 written=8113
  ->  Sort  (cost=180701.32..183239.81 rows=1015395 width=40) (actual rows=998520 loops=1)
        Sort Key: invoices.invoice_id, customers.customer_name
        Sort Method: external merge  Disk: 41496kB
        Buffers: shared hit=1420, temp read=8088 written=8113
        ->  Hash Left Join  (cost=5177.78..23866.34 rows=1015395 width=40) (actual rows=998520 loops=1)
              Hash Cond: (invoices.user_id = contacts.user_id)
              Buffers: shared hit=1420, temp read=484 written=484
              ->  Hash Left Join  (cost=298.00..2101.61 rows=100000 width=21) (actual rows=100000 loops=1)
                    Hash Cond: (invoices.user_id = customers.customer_id)
                    Buffers: shared hit=614
                    ->  Seq Scan on invoices  (cost=0.00..1541.00 rows=100000 width=12) (actual rows=100000 loops=1)
                          Buffers: shared hit=541
                    ->  Hash  (cost=173.00..173.00 rows=10000 width=13) (actual rows=10000 loops=1)
                          Buckets: 16384  Batches: 1  Memory Usage: 597kB
                          Buffers: shared hit=73
                          ->  Seq Scan on customers  (cost=0.00..173.00 rows=10000 width=13) (actual rows=10000 loops=1)
                                Buffers: shared hit=73
              ->  Hash  (cost=2945.78..2945.78 rows=100000 width=27) (actual rows=100000 loops=1)
                    Buckets: 65536  Batches: 2  Memory Usage: 2973kB
                    Buffers: shared hit=806, temp written=230
                    ->  Hash Left Join  (cost=298.00..2945.78 rows=100000 width=27) (actual rows=100000 loops=1)
                          Hash Cond: ((contacts.contact_email)::text = (emails.email)::text)
                          Buffers: shared hit=806
                          ->  Seq Scan on contacts  (cost=0.00..1733.00 rows=100000 width=26) (actual rows=100000 loops=1)
                                Buffers: shared hit=733
                          ->  Hash  (cost=173.00..173.00 rows=10000 width=11) (actual rows=10000 loops=1)
                                Buckets: 16384  Batches: 1  Memory Usage: 557kB
                                Buffers: shared hit=73
                                ->  Seq Scan on customers emails  (cost=0.00..173.00 rows=10000 width=11) (actual rows=10000 loops=1)
                                      Buffers: shared hit=73
Planning:
  Buffers: shared hit=17
Planning Time: 0.631 ms
JIT:
  Functions: 33
  Options: Inlining false, Optimization false, Expressions true, Deforming true
Execution Time: 829.599 ms",838.12,203547.71,100000,"GroupAggregate  (cost=180701.32..203547.71 rows=1015395 width=33) (actual rows=100000 loops=1)
  Group Key: invoices.invoice_id, customers.customer_name
  Buffers: shared hit=1420, temp read=8088 written=8113
  ->  Sort  (cost=180701.32..183239.81 rows=1015395 width=40) (actual rows=998520 loops=1)
        Sort Key: invoices.invoice_id, customers.customer_name
        Sort Method: external merge  Disk: 41496kB
        Buffers: shared hit=1420, temp read=8088 written=8113
        ->  Hash Left Join  (cost=5177.78..23866.34 rows=1015395 width=40) (actual rows=998520 loops=1)
              Hash Cond: (invoices.user_id = contacts.user_id)
              Buffers: shared hit=1420, temp read=484 written=484
              ->  Hash Left Join  (cost=298.00..2101.61 rows=100000 width=21) (actual rows=100000 loops=1)
                    Hash Cond: (invoices.user_id = customers.customer_id)
                    Buffers: shared hit=614
                    ->  Seq Scan on invoices  (cost=0.00..1541.00 rows=100000 width=12) (actual rows=100000 loops=1)
                          Buffers: shared hit=541
                    ->  Hash  (cost=173.00..173.00 rows=10000 width=13) (actual rows=10000 loops=1)
                          Buckets: 16384  Batches: 1  Memory Usage: 597kB
                          Buffers: shared hit=73
                          ->  Seq Scan on customers  (cost=0.00..173.00 rows=10000 width=13) (actual rows=10000 loops=1)
                                Buffers: shared hit=73
              ->  Hash  (cost=2945.78..2945.78 rows=100000 width=27) (actual rows=100000 loops=1)
                    Buckets: 65536  Batches: 2  Memory Usage: 2973kB
                    Buffers: shared hit=806, temp written=230
                    ->  Hash Left Join  (cost=298.00..2945.78 rows=100000 width=27) (actual rows=100000 loops=1)
                          Hash Cond: ((contacts.contact_email)::text = (emails.email)::text)
                          Buffers: shared hit=806
                          ->  Seq Scan on contacts  (cost=0.00..1733.00 rows=100000 width=26) (actual rows=100000 loops=1)
                                Buffers: shared hit=733
                          ->  Hash  (cost=173.00..173.00 rows=10000 width=11) (actual rows=10000 loops=1)
                                Buckets: 16384  Batches: 1  Memory Usage: 557kB
                                Buffers: shared hit=73
                                ->  Seq Scan on customers emails  (cost=0.00..173.00 rows=10000 width=11) (actual rows=10000 loops=1)
                                      Buffers: shared hit=73
Planning:
  Buffers: shared hit=17
Planning Time: 0.774 ms
JIT:
  Functions: 33
  Options: Inlining false, Optimization false, Expressions true, Deforming true
Execution Time: 838.120 ms",835.018,203547.71,100000,"GroupAggregate  (cost=180701.32..203547.71 rows=1015395 width=33) (actual rows=100000 loops=1)
  Group Key: invoices.invoice_id, customers.customer_name
  Buffers: shared hit=1420, temp read=8088 written=8113
  ->  Sort  (cost=180701.32..183239.81 rows=1015395 width=40) (actual rows=998520 loops=1)
        Sort Key: invoices.invoice_id, customers.customer_name
        Sort Method: external merge  Disk: 41496kB
        Buffers: shared hit=1420, temp read=8088 written=8113
        ->  Hash Left Join  (cost=5177.78..23866.34 rows=1015395 width=40) (actual rows=998520 loops=1)
              Hash Cond: (invoices.user_id = contacts.user_id)
              Buffers: shared hit=1420, temp read=484 written=484
              ->  Hash Left Join  (cost=298.00..2101.61 rows=100000 width=21) (actual rows=100000 loops=1)
                    Hash Cond: (invoices.user_id = customers.customer_id)
                    Buffers: shared hit=614
                    ->  Seq Scan on invoices  (cost=0.00..1541.00 rows=100000 width=12) (actual rows=100000 loops=1)
                          Buffers: shared hit=541
                    ->  Hash  (cost=173.00..173.00 rows=10000 width=13) (actual rows=10000 loops=1)
                          Buckets: 16384  Batches: 1  Memory Usage: 597kB
                          Buffers: shared hit=73
                          ->  Seq Scan on customers  (cost=0.00..173.00 rows=10000 width=13) (actual rows=10000 loops=1)
                                Buffers: shared hit=73
              ->  Hash  (cost=2945.78..2945.78 rows=100000 width=27) (actual rows=100000 loops=1)
                    Buckets: 65536  Batches: 2  Memory Usage: 2973kB
                    Buffers: shared hit=806, temp written=230
                    ->  Hash Left Join  (cost=298.00..2945.78 rows=100000 width=27) (actual rows=100000 loops=1)
                          Hash Cond: ((contacts.contact_email)::text = (emails.email)::text)
                          Buffers: shared hit=806
                          ->  Seq Scan on contacts  (cost=0.00..1733.00 rows=100000 width=26) (actual rows=100000 loops=1)
                                Buffers: shared hit=733
                          ->  Hash  (cost=173.00..173.00 rows=10000 width=11) (actual rows=10000 loops=1)
                                Buckets: 16384  Batches: 1  Memory Usage: 557kB
                                Buffers: shared hit=73
                                ->  Seq Scan on customers emails  (cost=0.00..173.00 rows=10000 width=11) (actual rows=10000 loops=1)
                                      Buffers: shared hit=73
Planning:
  Buffers: shared hit=17
Planning Time: 0.575 ms
JIT:
  Functions: 33
  Options: Inlining false, Optimization false, Expressions true, Deforming true
Execution Time: 835.018 ms",830.003,203547.71,100000,"GroupAggregate  (cost=180701.32..203547.71 rows=1015395 width=33) (actual rows=100000 loops=1)
  Group Key: invoices.invoice_id, customers.customer_name
  Buffers: shared hit=1420, temp read=8088 written=8113
  ->  Sort  (cost=180701.32..183239.81 rows=1015395 width=40) (actual rows=998520 loops=1)
        Sort Key: invoices.invoice_id, customers.customer_name
        Sort Method: external merge  Disk: 41496kB
        Buffers: shared hit=1420, temp read=8088 written=8113
        ->  Hash Left Join  (cost=5177.78..23866.34 rows=1015395 width=40) (actual rows=998520 loops=1)
              Hash Cond: (invoices.user_id = contacts.user_id)
              Buffers: shared hit=1420, temp read=484 written=484
              ->  Hash Left Join  (cost=298.00..2101.61 rows=100000 width=21) (actual rows=100000 loops=1)
                    Hash Cond: (invoices.user_id = customers.customer_id)
                    Buffers: shared hit=614
                    ->  Seq Scan on invoices  (cost=0.00..1541.00 rows=100000 width=12) (actual rows=100000 loops=1)
                          Buffers: shared hit=541
                    ->  Hash  (cost=173.00..173.00 rows=10000 width=13) (actual rows=10000 loops=1)
                          Buckets: 16384  Batches: 1  Memory Usage: 597kB
                          Buffers: shared hit=73
                          ->  Seq Scan on customers  (cost=0.00..173.00 rows=10000 width=13) (actual rows=10000 loops=1)
                                Buffers: shared hit=73
              ->  Hash  (cost=2945.78..2945.78 rows=100000 width=27) (actual rows=100000 loops=1)
                    Buckets: 65536  Batches: 2  Memory Usage: 2973kB
                    Buffers: shared hit=806, temp written=230
                    ->  Hash Left Join  (cost=298.00..2945.78 rows=100000 width=27) (actual rows=100000 loops=1)
                          Hash Cond: ((contacts.contact_email)::text = (emails.email)::text)
                          Buffers: shared hit=806
                          ->  Seq Scan on contacts  (cost=0.00..1733.00 rows=100000 width=26) (actual rows=100000 loops=1)
                                Buffers: shared hit=733
                          ->  Hash  (cost=173.00..173.00 rows=10000 width=11) (actual rows=10000 loops=1)
                                Buckets: 16384  Batches: 1  Memory Usage: 557kB
                                Buffers: shared hit=73
                                ->  Seq Scan on customers emails  (cost=0.00..173.00 rows=10000 width=11) (actual rows=10000 loops=1)
                                      Buffers: shared hit=73
Planning:
  Buffers: shared hit=17
Planning Time: 0.513 ms
JIT:
  Functions: 33
  Options: Inlining false, Optimization false, Expressions true, Deforming true
Execution Time: 830.003 ms",833.2752,833.636,836.569,839.3608,203547.71,203547.71,100000,100000,100000,100000,normal,normal,12.715338699999874,12.188272700000008,equal variances,significant,0.003968253968253968,-695.485,-695.5889999999999,-124851.56,0,False
991,1532,1,Medium,"select a.name as customer_name, b.customer_id as customer_id, b.order_id as order_id, b.order_date as order_date from schema_1532.customers as a inner join schema_1532.orders as b on a.customer_id = b.customer_id inner join schema_1532.orders as c on b.customer_id = c.customer_id and b.order_date <= c.order_date group by b.customer_id,a.name,b.order_date,b.order_id having count(c.order_date) <= 3",306.417,22886.61,77847,"HashAggregate  (cost=20269.40..22886.61 rows=33334 width=21) (actual rows=77847 loops=1)
  Group Key: a.name, b.order_id
  Filter: (count(c.order_date) <= 3)
  Planned Partitions: 4  Batches: 5  Memory Usage: 4401kB  Disk Usage: 11224kB
  Rows Removed by Filter: 22153
  Buffers: shared hit=1263, temp read=1572 written=2685
  ->  Hash Join  (cost=4570.53..12050.56 rows=100001 width=25) (actual rows=248783 loops=1)
        Hash Cond: (b.customer_id = a.customer_id)
        Join Filter: (b.order_date <= c.order_date)
        Rows Removed by Join Filter: 148783
        Buffers: shared hit=1263, temp read=463 written=463
        ->  Seq Scan on orders b  (cost=0.00..1541.00 rows=100000 width=12) (actual rows=100000 loops=1)
              Buffers: shared hit=541
        ->  Hash  (cost=2734.53..2734.53 rows=100000 width=21) (actual rows=100000 loops=1)
              Buckets: 65536  Batches: 2  Memory Usage: 3250kB
              Buffers: shared hit=722, temp written=267
              ->  Hash Join  (cost=930.99..2734.53 rows=100000 width=21) (actual rows=100000 loops=1)
                    Hash Cond: (c.customer_id = a.customer_id)
                    Buffers: shared hit=722
                    ->  Seq Scan on orders c  (cost=0.00..1541.00 rows=100000 width=8) (actual rows=100000 loops=1)
                          Buffers: shared hit=541
                    ->  Hash  (cost=514.33..514.33 rows=33333 width=13) (actual rows=33333 loops=1)
                          Buckets: 65536  Batches: 1  Memory Usage: 2073kB
                          Buffers: shared hit=181
                          ->  Seq Scan on customers a  (cost=0.00..514.33 rows=33333 width=13) (actual rows=33333 loops=1)
                                Buffers: shared hit=181
Planning:
  Buffers: shared hit=51
Planning Time: 0.455 ms
Execution Time: 306.417 ms",321.019,22886.61,77847,"HashAggregate  (cost=20269.40..22886.61 rows=33334 width=21) (actual rows=77847 loops=1)
  Group Key: a.name, b.order_id
  Filter: (count(c.order_date) <= 3)
  Planned Partitions: 4  Batches: 5  Memory Usage: 4401kB  Disk Usage: 11224kB
  Rows Removed by Filter: 22153
  Buffers: shared hit=1263, temp read=1572 written=2685
  ->  Hash Join  (cost=4570.53..12050.56 rows=100001 width=25) (actual rows=248783 loops=1)
        Hash Cond: (b.customer_id = a.customer_id)
        Join Filter: (b.order_date <= c.order_date)
        Rows Removed by Join Filter: 148783
        Buffers: shared hit=1263, temp read=463 written=463
        ->  Seq Scan on orders b  (cost=0.00..1541.00 rows=100000 width=12) (actual rows=100000 loops=1)
              Buffers: shared hit=541
        ->  Hash  (cost=2734.53..2734.53 rows=100000 width=21) (actual rows=100000 loops=1)
              Buckets: 65536  Batches: 2  Memory Usage: 3250kB
              Buffers: shared hit=722, temp written=267
              ->  Hash Join  (cost=930.99..2734.53 rows=100000 width=21) (actual rows=100000 loops=1)
                    Hash Cond: (c.customer_id = a.customer_id)
                    Buffers: shared hit=722
                    ->  Seq Scan on orders c  (cost=0.00..1541.00 rows=100000 width=8) (actual rows=100000 loops=1)
                          Buffers: shared hit=541
                    ->  Hash  (cost=514.33..514.33 rows=33333 width=13) (actual rows=33333 loops=1)
                          Buckets: 65536  Batches: 1  Memory Usage: 2073kB
                          Buffers: shared hit=181
                          ->  Seq Scan on customers a  (cost=0.00..514.33 rows=33333 width=13) (actual rows=33333 loops=1)
                                Buffers: shared hit=181
Planning:
  Buffers: shared hit=51
Planning Time: 0.860 ms
Execution Time: 321.019 ms",316.879,22886.61,77847,"HashAggregate  (cost=20269.40..22886.61 rows=33334 width=21) (actual rows=77847 loops=1)
  Group Key: a.name, b.order_id
  Filter: (count(c.order_date) <= 3)
  Planned Partitions: 4  Batches: 5  Memory Usage: 4401kB  Disk Usage: 11224kB
  Rows Removed by Filter: 22153
  Buffers: shared hit=1263, temp read=1572 written=2685
  ->  Hash Join  (cost=4570.53..12050.56 rows=100001 width=25) (actual rows=248783 loops=1)
        Hash Cond: (b.customer_id = a.customer_id)
        Join Filter: (b.order_date <= c.order_date)
        Rows Removed by Join Filter: 148783
        Buffers: shared hit=1263, temp read=463 written=463
        ->  Seq Scan on orders b  (cost=0.00..1541.00 rows=100000 width=12) (actual rows=100000 loops=1)
              Buffers: shared hit=541
        ->  Hash  (cost=2734.53..2734.53 rows=100000 width=21) (actual rows=100000 loops=1)
              Buckets: 65536  Batches: 2  Memory Usage: 3250kB
              Buffers: shared hit=722, temp written=267
              ->  Hash Join  (cost=930.99..2734.53 rows=100000 width=21) (actual rows=100000 loops=1)
                    Hash Cond: (c.customer_id = a.customer_id)
                    Buffers: shared hit=722
                    ->  Seq Scan on orders c  (cost=0.00..1541.00 rows=100000 width=8) (actual rows=100000 loops=1)
                          Buffers: shared hit=541
                    ->  Hash  (cost=514.33..514.33 rows=33333 width=13) (actual rows=33333 loops=1)
                          Buckets: 65536  Batches: 1  Memory Usage: 2073kB
                          Buffers: shared hit=181
                          ->  Seq Scan on customers a  (cost=0.00..514.33 rows=33333 width=13) (actual rows=33333 loops=1)
                                Buffers: shared hit=181
Planning:
  Buffers: shared hit=51
Planning Time: 0.667 ms
Execution Time: 316.879 ms",318.046,22886.61,77847,"HashAggregate  (cost=20269.40..22886.61 rows=33334 width=21) (actual rows=77847 loops=1)
  Group Key: a.name, b.order_id
  Filter: (count(c.order_date) <= 3)
  Planned Partitions: 4  Batches: 5  Memory Usage: 4401kB  Disk Usage: 11224kB
  Rows Removed by Filter: 22153
  Buffers: shared hit=1263, temp read=1572 written=2685
  ->  Hash Join  (cost=4570.53..12050.56 rows=100001 width=25) (actual rows=248783 loops=1)
        Hash Cond: (b.customer_id = a.customer_id)
        Join Filter: (b.order_date <= c.order_date)
        Rows Removed by Join Filter: 148783
        Buffers: shared hit=1263, temp read=463 written=463
        ->  Seq Scan on orders b  (cost=0.00..1541.00 rows=100000 width=12) (actual rows=100000 loops=1)
              Buffers: shared hit=541
        ->  Hash  (cost=2734.53..2734.53 rows=100000 width=21) (actual rows=100000 loops=1)
              Buckets: 65536  Batches: 2  Memory Usage: 3250kB
              Buffers: shared hit=722, temp written=267
              ->  Hash Join  (cost=930.99..2734.53 rows=100000 width=21) (actual rows=100000 loops=1)
                    Hash Cond: (c.customer_id = a.customer_id)
                    Buffers: shared hit=722
                    ->  Seq Scan on orders c  (cost=0.00..1541.00 rows=100000 width=8) (actual rows=100000 loops=1)
                          Buffers: shared hit=541
                    ->  Hash  (cost=514.33..514.33 rows=33333 width=13) (actual rows=33333 loops=1)
                          Buckets: 65536  Batches: 1  Memory Usage: 2073kB
                          Buffers: shared hit=181
                          ->  Seq Scan on customers a  (cost=0.00..514.33 rows=33333 width=13) (actual rows=33333 loops=1)
                                Buffers: shared hit=181
Planning:
  Buffers: shared hit=51
Planning Time: 0.705 ms
Execution Time: 318.046 ms",318.627,22886.61,77847,"HashAggregate  (cost=20269.40..22886.61 rows=33334 width=21) (actual rows=77847 loops=1)
  Group Key: a.name, b.order_id
  Filter: (count(c.order_date) <= 3)
  Planned Partitions: 4  Batches: 5  Memory Usage: 4401kB  Disk Usage: 11224kB
  Rows Removed by Filter: 22153
  Buffers: shared hit=1263, temp read=1572 written=2685
  ->  Hash Join  (cost=4570.53..12050.56 rows=100001 width=25) (actual rows=248783 loops=1)
        Hash Cond: (b.customer_id = a.customer_id)
        Join Filter: (b.order_date <= c.order_date)
        Rows Removed by Join Filter: 148783
        Buffers: shared hit=1263, temp read=463 written=463
        ->  Seq Scan on orders b  (cost=0.00..1541.00 rows=100000 width=12) (actual rows=100000 loops=1)
              Buffers: shared hit=541
        ->  Hash  (cost=2734.53..2734.53 rows=100000 width=21) (actual rows=100000 loops=1)
              Buckets: 65536  Batches: 2  Memory Usage: 3250kB
              Buffers: shared hit=722, temp written=267
              ->  Hash Join  (cost=930.99..2734.53 rows=100000 width=21) (actual rows=100000 loops=1)
                    Hash Cond: (c.customer_id = a.customer_id)
                    Buffers: shared hit=722
                    ->  Seq Scan on orders c  (cost=0.00..1541.00 rows=100000 width=8) (actual rows=100000 loops=1)
                          Buffers: shared hit=541
                    ->  Hash  (cost=514.33..514.33 rows=33333 width=13) (actual rows=33333 loops=1)
                          Buckets: 65536  Batches: 1  Memory Usage: 2073kB
                          Buffers: shared hit=181
                          ->  Seq Scan on customers a  (cost=0.00..514.33 rows=33333 width=13) (actual rows=33333 loops=1)
                                Buffers: shared hit=181
Planning:
  Buffers: shared hit=51
Planning Time: 0.725 ms
Execution Time: 318.627 ms",316.1976,318.046,319.823,321.9758,22886.61,22886.61,77847,77847,77847,77847,1532_1,991,1532,1,Medium,"select a.name as customer_name, a.customer_id, b.order_id, b.order_date from schema_1532.customers as a join schema_1532.orders as b on a.customer_id = b.customer_id join schema_1532.orders as c on (b.customer_id = c.customer_id and b.order_date <= c.order_date) group by a.name, a.customer_id, b.order_id, b.order_date having count(c.order_date) <= 3 order by a.name asc, a.customer_id asc, b.order_date desc",510.899,23806.41,77847,"Sort  (cost=23723.08..23806.41 rows=33334 width=21) (actual rows=77847 loops=1)
  Sort Key: a.name, a.customer_id, b.order_date DESC
  Sort Method: external merge  Disk: 2592kB
  Buffers: shared hit=100705, temp read=324 written=325
  ->  GroupAggregate  (cost=1.39..21218.91 rows=33334 width=21) (actual rows=77847 loops=1)
        Group Key: a.customer_id, b.order_id
        Filter: (count(c.order_date) <= 3)
        Rows Removed by Filter: 22153
        Buffers: shared hit=100705
        ->  Incremental Sort  (cost=1.39..19218.89 rows=100001 width=25) (actual rows=248783 loops=1)
              Sort Key: a.customer_id, b.order_id
              Presorted Key: a.customer_id
              Full-sort Groups: 6411  Sort Method: quicksort  Average Memory: 27kB  Peak Memory: 27kB
              Pre-sorted Groups: 310  Sort Method: quicksort  Average Memory: 26kB  Peak Memory: 26kB
              Buffers: shared hit=100705
              ->  Merge Join  (cost=0.88..15549.73 rows=100001 width=25) (actual rows=248783 loops=1)
                    Merge Cond: (a.customer_id = c.customer_id)
                    Join Filter: (b.order_date <= c.order_date)
                    Rows Removed by Join Filter: 148783
                    Buffers: shared hit=100705
                    ->  Merge Join  (cost=0.58..7301.58 rows=100000 width=25) (actual rows=100000 loops=1)
                          Merge Cond: (a.customer_id = b.customer_id)
                          Buffers: shared hit=100393
                          ->  Index Scan using customers_pkey on customers a  (cost=0.29..1056.28 rows=33333 width=13) (actual rows=33333 loops=1)
                                Buffers: shared hit=273
                          ->  Index Scan using unique_customer_order_date on orders b  (cost=0.29..4912.27 rows=100000 width=12) (actual rows=100000 loops=1)
                                Buffers: shared hit=100120
                    ->  Materialize  (cost=0.29..2998.29 rows=100000 width=8) (actual rows=397563 loops=1)
                          Buffers: shared hit=312
                          ->  Index Only Scan using unique_customer_order_date on orders c  (cost=0.29..2748.29 rows=100000 width=8) (actual rows=100000 loops=1)
                                Heap Fetches: 0
                                Buffers: shared hit=312
Planning:
  Buffers: shared hit=54
Planning Time: 0.479 ms
Execution Time: 510.899 ms",514.432,23806.41,77847,"Sort  (cost=23723.08..23806.41 rows=33334 width=21) (actual rows=77847 loops=1)
  Sort Key: a.name, a.customer_id, b.order_date DESC
  Sort Method: external merge  Disk: 2592kB
  Buffers: shared hit=100705, temp read=324 written=325
  ->  GroupAggregate  (cost=1.39..21218.91 rows=33334 width=21) (actual rows=77847 loops=1)
        Group Key: a.customer_id, b.order_id
        Filter: (count(c.order_date) <= 3)
        Rows Removed by Filter: 22153
        Buffers: shared hit=100705
        ->  Incremental Sort  (cost=1.39..19218.89 rows=100001 width=25) (actual rows=248783 loops=1)
              Sort Key: a.customer_id, b.order_id
              Presorted Key: a.customer_id
              Full-sort Groups: 6411  Sort Method: quicksort  Average Memory: 27kB  Peak Memory: 27kB
              Pre-sorted Groups: 310  Sort Method: quicksort  Average Memory: 26kB  Peak Memory: 26kB
              Buffers: shared hit=100705
              ->  Merge Join  (cost=0.88..15549.73 rows=100001 width=25) (actual rows=248783 loops=1)
                    Merge Cond: (a.customer_id = c.customer_id)
                    Join Filter: (b.order_date <= c.order_date)
                    Rows Removed by Join Filter: 148783
                    Buffers: shared hit=100705
                    ->  Merge Join  (cost=0.58..7301.58 rows=100000 width=25) (actual rows=100000 loops=1)
                          Merge Cond: (a.customer_id = b.customer_id)
                          Buffers: shared hit=100393
                          ->  Index Scan using customers_pkey on customers a  (cost=0.29..1056.28 rows=33333 width=13) (actual rows=33333 loops=1)
                                Buffers: shared hit=273
                          ->  Index Scan using unique_customer_order_date on orders b  (cost=0.29..4912.27 rows=100000 width=12) (actual rows=100000 loops=1)
                                Buffers: shared hit=100120
                    ->  Materialize  (cost=0.29..2998.29 rows=100000 width=8) (actual rows=397563 loops=1)
                          Buffers: shared hit=312
                          ->  Index Only Scan using unique_customer_order_date on orders c  (cost=0.29..2748.29 rows=100000 width=8) (actual rows=100000 loops=1)
                                Heap Fetches: 0
                                Buffers: shared hit=312
Planning:
  Buffers: shared hit=54
Planning Time: 0.703 ms
Execution Time: 514.432 ms",520.26,23806.41,77847,"Sort  (cost=23723.08..23806.41 rows=33334 width=21) (actual rows=77847 loops=1)
  Sort Key: a.name, a.customer_id, b.order_date DESC
  Sort Method: external merge  Disk: 2592kB
  Buffers: shared hit=100705, temp read=324 written=325
  ->  GroupAggregate  (cost=1.39..21218.91 rows=33334 width=21) (actual rows=77847 loops=1)
        Group Key: a.customer_id, b.order_id
        Filter: (count(c.order_date) <= 3)
        Rows Removed by Filter: 22153
        Buffers: shared hit=100705
        ->  Incremental Sort  (cost=1.39..19218.89 rows=100001 width=25) (actual rows=248783 loops=1)
              Sort Key: a.customer_id, b.order_id
              Presorted Key: a.customer_id
              Full-sort Groups: 6411  Sort Method: quicksort  Average Memory: 27kB  Peak Memory: 27kB
              Pre-sorted Groups: 310  Sort Method: quicksort  Average Memory: 26kB  Peak Memory: 26kB
              Buffers: shared hit=100705
              ->  Merge Join  (cost=0.88..15549.73 rows=100001 width=25) (actual rows=248783 loops=1)
                    Merge Cond: (a.customer_id = c.customer_id)
                    Join Filter: (b.order_date <= c.order_date)
                    Rows Removed by Join Filter: 148783
                    Buffers: shared hit=100705
                    ->  Merge Join  (cost=0.58..7301.58 rows=100000 width=25) (actual rows=100000 loops=1)
                          Merge Cond: (a.customer_id = b.customer_id)
                          Buffers: shared hit=100393
                          ->  Index Scan using customers_pkey on customers a  (cost=0.29..1056.28 rows=33333 width=13) (actual rows=33333 loops=1)
                                Buffers: shared hit=273
                          ->  Index Scan using unique_customer_order_date on orders b  (cost=0.29..4912.27 rows=100000 width=12) (actual rows=100000 loops=1)
                                Buffers: shared hit=100120
                    ->  Materialize  (cost=0.29..2998.29 rows=100000 width=8) (actual rows=397563 loops=1)
                          Buffers: shared hit=312
                          ->  Index Only Scan using unique_customer_order_date on orders c  (cost=0.29..2748.29 rows=100000 width=8) (actual rows=100000 loops=1)
                                Heap Fetches: 0
                                Buffers: shared hit=312
Planning:
  Buffers: shared hit=54
Planning Time: 0.706 ms
Execution Time: 520.260 ms",516.839,23806.41,77847,"Sort  (cost=23723.08..23806.41 rows=33334 width=21) (actual rows=77847 loops=1)
  Sort Key: a.name, a.customer_id, b.order_date DESC
  Sort Method: external merge  Disk: 2592kB
  Buffers: shared hit=100705, temp read=324 written=325
  ->  GroupAggregate  (cost=1.39..21218.91 rows=33334 width=21) (actual rows=77847 loops=1)
        Group Key: a.customer_id, b.order_id
        Filter: (count(c.order_date) <= 3)
        Rows Removed by Filter: 22153
        Buffers: shared hit=100705
        ->  Incremental Sort  (cost=1.39..19218.89 rows=100001 width=25) (actual rows=248783 loops=1)
              Sort Key: a.customer_id, b.order_id
              Presorted Key: a.customer_id
              Full-sort Groups: 6411  Sort Method: quicksort  Average Memory: 27kB  Peak Memory: 27kB
              Pre-sorted Groups: 310  Sort Method: quicksort  Average Memory: 26kB  Peak Memory: 26kB
              Buffers: shared hit=100705
              ->  Merge Join  (cost=0.88..15549.73 rows=100001 width=25) (actual rows=248783 loops=1)
                    Merge Cond: (a.customer_id = c.customer_id)
                    Join Filter: (b.order_date <= c.order_date)
                    Rows Removed by Join Filter: 148783
                    Buffers: shared hit=100705
                    ->  Merge Join  (cost=0.58..7301.58 rows=100000 width=25) (actual rows=100000 loops=1)
                          Merge Cond: (a.customer_id = b.customer_id)
                          Buffers: shared hit=100393
                          ->  Index Scan using customers_pkey on customers a  (cost=0.29..1056.28 rows=33333 width=13) (actual rows=33333 loops=1)
                                Buffers: shared hit=273
                          ->  Index Scan using unique_customer_order_date on orders b  (cost=0.29..4912.27 rows=100000 width=12) (actual rows=100000 loops=1)
                                Buffers: shared hit=100120
                    ->  Materialize  (cost=0.29..2998.29 rows=100000 width=8) (actual rows=397563 loops=1)
                          Buffers: shared hit=312
                          ->  Index Only Scan using unique_customer_order_date on orders c  (cost=0.29..2748.29 rows=100000 width=8) (actual rows=100000 loops=1)
                                Heap Fetches: 0
                                Buffers: shared hit=312
Planning:
  Buffers: shared hit=54
Planning Time: 0.837 ms
Execution Time: 516.839 ms",530.119,23806.41,77847,"Sort  (cost=23723.08..23806.41 rows=33334 width=21) (actual rows=77847 loops=1)
  Sort Key: a.name, a.customer_id, b.order_date DESC
  Sort Method: external merge  Disk: 2592kB
  Buffers: shared hit=100705, temp read=324 written=325
  ->  GroupAggregate  (cost=1.39..21218.91 rows=33334 width=21) (actual rows=77847 loops=1)
        Group Key: a.customer_id, b.order_id
        Filter: (count(c.order_date) <= 3)
        Rows Removed by Filter: 22153
        Buffers: shared hit=100705
        ->  Incremental Sort  (cost=1.39..19218.89 rows=100001 width=25) (actual rows=248783 loops=1)
              Sort Key: a.customer_id, b.order_id
              Presorted Key: a.customer_id
              Full-sort Groups: 6411  Sort Method: quicksort  Average Memory: 27kB  Peak Memory: 27kB
              Pre-sorted Groups: 310  Sort Method: quicksort  Average Memory: 26kB  Peak Memory: 26kB
              Buffers: shared hit=100705
              ->  Merge Join  (cost=0.88..15549.73 rows=100001 width=25) (actual rows=248783 loops=1)
                    Merge Cond: (a.customer_id = c.customer_id)
                    Join Filter: (b.order_date <= c.order_date)
                    Rows Removed by Join Filter: 148783
                    Buffers: shared hit=100705
                    ->  Merge Join  (cost=0.58..7301.58 rows=100000 width=25) (actual rows=100000 loops=1)
                          Merge Cond: (a.customer_id = b.customer_id)
                          Buffers: shared hit=100393
                          ->  Index Scan using customers_pkey on customers a  (cost=0.29..1056.28 rows=33333 width=13) (actual rows=33333 loops=1)
                                Buffers: shared hit=273
                          ->  Index Scan using unique_customer_order_date on orders b  (cost=0.29..4912.27 rows=100000 width=12) (actual rows=100000 loops=1)
                                Buffers: shared hit=100120
                    ->  Materialize  (cost=0.29..2998.29 rows=100000 width=8) (actual rows=397563 loops=1)
                          Buffers: shared hit=312
                          ->  Index Only Scan using unique_customer_order_date on orders c  (cost=0.29..2748.29 rows=100000 width=8) (actual rows=100000 loops=1)
                                Heap Fetches: 0
                                Buffers: shared hit=312
Planning:
  Buffers: shared hit=54
Planning Time: 0.846 ms
Execution Time: 530.119 ms",518.5098,516.839,525.1895,534.0626,23806.41,23806.41,77847,77847,77847,77847,normal,normal,53.79525670000007,32.17222680000015,equal variances,significant,0.003968253968253968,-202.31220000000002,-198.79300000000006,-919.7999999999993,0,True
992,1532,15,Medium,"select a.name as customer_name, a.customer_id as customer_id, b.order_id as order_id, b.order_date as order_date from schema_1532.customers as a inner join schema_1532.orders as b on a.customer_id = b.customer_id inner join schema_1532.orders as c on b.customer_id = c.customer_id and b.order_date <= c.order_date group by b.order_id,a.name,b.order_date,a.customer_id having count(c.order_date) <= 3",300.397,22886.61,77847,"HashAggregate  (cost=20269.40..22886.61 rows=33334 width=21) (actual rows=77847 loops=1)
  Group Key: b.order_id, a.customer_id
  Filter: (count(c.order_date) <= 3)
  Planned Partitions: 4  Batches: 5  Memory Usage: 4657kB  Disk Usage: 11144kB
  Rows Removed by Filter: 22153
  Buffers: shared hit=1263, temp read=1529 written=2646
  ->  Hash Join  (cost=4570.53..12050.56 rows=100001 width=25) (actual rows=248783 loops=1)
        Hash Cond: (b.customer_id = a.customer_id)
        Join Filter: (b.order_date <= c.order_date)
        Rows Removed by Join Filter: 148783
        Buffers: shared hit=1263, temp read=463 written=463
        ->  Seq Scan on orders b  (cost=0.00..1541.00 rows=100000 width=12) (actual rows=100000 loops=1)
              Buffers: shared hit=541
        ->  Hash  (cost=2734.53..2734.53 rows=100000 width=21) (actual rows=100000 loops=1)
              Buckets: 65536  Batches: 2  Memory Usage: 3250kB
              Buffers: shared hit=722, temp written=267
              ->  Hash Join  (cost=930.99..2734.53 rows=100000 width=21) (actual rows=100000 loops=1)
                    Hash Cond: (c.customer_id = a.customer_id)
                    Buffers: shared hit=722
                    ->  Seq Scan on orders c  (cost=0.00..1541.00 rows=100000 width=8) (actual rows=100000 loops=1)
                          Buffers: shared hit=541
                    ->  Hash  (cost=514.33..514.33 rows=33333 width=13) (actual rows=33333 loops=1)
                          Buckets: 65536  Batches: 1  Memory Usage: 2073kB
                          Buffers: shared hit=181
                          ->  Seq Scan on customers a  (cost=0.00..514.33 rows=33333 width=13) (actual rows=33333 loops=1)
                                Buffers: shared hit=181
Planning:
  Buffers: shared hit=54
Planning Time: 0.464 ms
Execution Time: 300.397 ms",306.229,22886.61,77847,"HashAggregate  (cost=20269.40..22886.61 rows=33334 width=21) (actual rows=77847 loops=1)
  Group Key: b.order_id, a.customer_id
  Filter: (count(c.order_date) <= 3)
  Planned Partitions: 4  Batches: 5  Memory Usage: 4657kB  Disk Usage: 11144kB
  Rows Removed by Filter: 22153
  Buffers: shared hit=1263, temp read=1529 written=2646
  ->  Hash Join  (cost=4570.53..12050.56 rows=100001 width=25) (actual rows=248783 loops=1)
        Hash Cond: (b.customer_id = a.customer_id)
        Join Filter: (b.order_date <= c.order_date)
        Rows Removed by Join Filter: 148783
        Buffers: shared hit=1263, temp read=463 written=463
        ->  Seq Scan on orders b  (cost=0.00..1541.00 rows=100000 width=12) (actual rows=100000 loops=1)
              Buffers: shared hit=541
        ->  Hash  (cost=2734.53..2734.53 rows=100000 width=21) (actual rows=100000 loops=1)
              Buckets: 65536  Batches: 2  Memory Usage: 3250kB
              Buffers: shared hit=722, temp written=267
              ->  Hash Join  (cost=930.99..2734.53 rows=100000 width=21) (actual rows=100000 loops=1)
                    Hash Cond: (c.customer_id = a.customer_id)
                    Buffers: shared hit=722
                    ->  Seq Scan on orders c  (cost=0.00..1541.00 rows=100000 width=8) (actual rows=100000 loops=1)
                          Buffers: shared hit=541
                    ->  Hash  (cost=514.33..514.33 rows=33333 width=13) (actual rows=33333 loops=1)
                          Buckets: 65536  Batches: 1  Memory Usage: 2073kB
                          Buffers: shared hit=181
                          ->  Seq Scan on customers a  (cost=0.00..514.33 rows=33333 width=13) (actual rows=33333 loops=1)
                                Buffers: shared hit=181
Planning:
  Buffers: shared hit=54
Planning Time: 0.814 ms
Execution Time: 306.229 ms",302.609,22886.61,77847,"HashAggregate  (cost=20269.40..22886.61 rows=33334 width=21) (actual rows=77847 loops=1)
  Group Key: b.order_id, a.customer_id
  Filter: (count(c.order_date) <= 3)
  Planned Partitions: 4  Batches: 5  Memory Usage: 4657kB  Disk Usage: 11144kB
  Rows Removed by Filter: 22153
  Buffers: shared hit=1263, temp read=1529 written=2646
  ->  Hash Join  (cost=4570.53..12050.56 rows=100001 width=25) (actual rows=248783 loops=1)
        Hash Cond: (b.customer_id = a.customer_id)
        Join Filter: (b.order_date <= c.order_date)
        Rows Removed by Join Filter: 148783
        Buffers: shared hit=1263, temp read=463 written=463
        ->  Seq Scan on orders b  (cost=0.00..1541.00 rows=100000 width=12) (actual rows=100000 loops=1)
              Buffers: shared hit=541
        ->  Hash  (cost=2734.53..2734.53 rows=100000 width=21) (actual rows=100000 loops=1)
              Buckets: 65536  Batches: 2  Memory Usage: 3250kB
              Buffers: shared hit=722, temp written=267
              ->  Hash Join  (cost=930.99..2734.53 rows=100000 width=21) (actual rows=100000 loops=1)
                    Hash Cond: (c.customer_id = a.customer_id)
                    Buffers: shared hit=722
                    ->  Seq Scan on orders c  (cost=0.00..1541.00 rows=100000 width=8) (actual rows=100000 loops=1)
                          Buffers: shared hit=541
                    ->  Hash  (cost=514.33..514.33 rows=33333 width=13) (actual rows=33333 loops=1)
                          Buckets: 65536  Batches: 1  Memory Usage: 2073kB
                          Buffers: shared hit=181
                          ->  Seq Scan on customers a  (cost=0.00..514.33 rows=33333 width=13) (actual rows=33333 loops=1)
                                Buffers: shared hit=181
Planning:
  Buffers: shared hit=54
Planning Time: 0.474 ms
Execution Time: 302.609 ms",304.712,22886.61,77847,"HashAggregate  (cost=20269.40..22886.61 rows=33334 width=21) (actual rows=77847 loops=1)
  Group Key: b.order_id, a.customer_id
  Filter: (count(c.order_date) <= 3)
  Planned Partitions: 4  Batches: 5  Memory Usage: 4657kB  Disk Usage: 11144kB
  Rows Removed by Filter: 22153
  Buffers: shared hit=1263, temp read=1529 written=2646
  ->  Hash Join  (cost=4570.53..12050.56 rows=100001 width=25) (actual rows=248783 loops=1)
        Hash Cond: (b.customer_id = a.customer_id)
        Join Filter: (b.order_date <= c.order_date)
        Rows Removed by Join Filter: 148783
        Buffers: shared hit=1263, temp read=463 written=463
        ->  Seq Scan on orders b  (cost=0.00..1541.00 rows=100000 width=12) (actual rows=100000 loops=1)
              Buffers: shared hit=541
        ->  Hash  (cost=2734.53..2734.53 rows=100000 width=21) (actual rows=100000 loops=1)
              Buckets: 65536  Batches: 2  Memory Usage: 3250kB
              Buffers: shared hit=722, temp written=267
              ->  Hash Join  (cost=930.99..2734.53 rows=100000 width=21) (actual rows=100000 loops=1)
                    Hash Cond: (c.customer_id = a.customer_id)
                    Buffers: shared hit=722
                    ->  Seq Scan on orders c  (cost=0.00..1541.00 rows=100000 width=8) (actual rows=100000 loops=1)
                          Buffers: shared hit=541
                    ->  Hash  (cost=514.33..514.33 rows=33333 width=13) (actual rows=33333 loops=1)
                          Buckets: 65536  Batches: 1  Memory Usage: 2073kB
                          Buffers: shared hit=181
                          ->  Seq Scan on customers a  (cost=0.00..514.33 rows=33333 width=13) (actual rows=33333 loops=1)
                                Buffers: shared hit=181
Planning:
  Buffers: shared hit=54
Planning Time: 0.774 ms
Execution Time: 304.712 ms",304.551,22886.61,77847,"HashAggregate  (cost=20269.40..22886.61 rows=33334 width=21) (actual rows=77847 loops=1)
  Group Key: b.order_id, a.customer_id
  Filter: (count(c.order_date) <= 3)
  Planned Partitions: 4  Batches: 5  Memory Usage: 4657kB  Disk Usage: 11144kB
  Rows Removed by Filter: 22153
  Buffers: shared hit=1263, temp read=1529 written=2646
  ->  Hash Join  (cost=4570.53..12050.56 rows=100001 width=25) (actual rows=248783 loops=1)
        Hash Cond: (b.customer_id = a.customer_id)
        Join Filter: (b.order_date <= c.order_date)
        Rows Removed by Join Filter: 148783
        Buffers: shared hit=1263, temp read=463 written=463
        ->  Seq Scan on orders b  (cost=0.00..1541.00 rows=100000 width=12) (actual rows=100000 loops=1)
              Buffers: shared hit=541
        ->  Hash  (cost=2734.53..2734.53 rows=100000 width=21) (actual rows=100000 loops=1)
              Buckets: 65536  Batches: 2  Memory Usage: 3250kB
              Buffers: shared hit=722, temp written=267
              ->  Hash Join  (cost=930.99..2734.53 rows=100000 width=21) (actual rows=100000 loops=1)
                    Hash Cond: (c.customer_id = a.customer_id)
                    Buffers: shared hit=722
                    ->  Seq Scan on orders c  (cost=0.00..1541.00 rows=100000 width=8) (actual rows=100000 loops=1)
                          Buffers: shared hit=541
                    ->  Hash  (cost=514.33..514.33 rows=33333 width=13) (actual rows=33333 loops=1)
                          Buckets: 65536  Batches: 1  Memory Usage: 2073kB
                          Buffers: shared hit=181
                          ->  Seq Scan on customers a  (cost=0.00..514.33 rows=33333 width=13) (actual rows=33333 loops=1)
                                Buffers: shared hit=181
Planning:
  Buffers: shared hit=54
Planning Time: 0.796 ms
Execution Time: 304.551 ms",303.6996,304.551,305.4705,306.8358,22886.61,22886.61,77847,77847,77847,77847,1532_15,992,1532,15,Medium,"select a.name as customer_name, a.customer_id, b.order_id, b.order_date from schema_1532.customers as a join schema_1532.orders as b on a.customer_id = b.customer_id join schema_1532.orders as c on (b.customer_id = c.customer_id and b.order_date <= c.order_date) group by a.name, a.customer_id, b.order_id, b.order_date having count(c.order_date) <= 3 order by a.name, a.customer_id, b.order_date desc",531.062,23806.41,77847,"Sort  (cost=23723.08..23806.41 rows=33334 width=21) (actual rows=77847 loops=1)
  Sort Key: a.name, a.customer_id, b.order_date DESC
  Sort Method: external merge  Disk: 2592kB
  Buffers: shared hit=100705, temp read=324 written=325
  ->  GroupAggregate  (cost=1.39..21218.91 rows=33334 width=21) (actual rows=77847 loops=1)
        Group Key: a.customer_id, b.order_id
        Filter: (count(c.order_date) <= 3)
        Rows Removed by Filter: 22153
        Buffers: shared hit=100705
        ->  Incremental Sort  (cost=1.39..19218.89 rows=100001 width=25) (actual rows=248783 loops=1)
              Sort Key: a.customer_id, b.order_id
              Presorted Key: a.customer_id
              Full-sort Groups: 6411  Sort Method: quicksort  Average Memory: 27kB  Peak Memory: 27kB
              Pre-sorted Groups: 310  Sort Method: quicksort  Average Memory: 26kB  Peak Memory: 26kB
              Buffers: shared hit=100705
              ->  Merge Join  (cost=0.88..15549.73 rows=100001 width=25) (actual rows=248783 loops=1)
                    Merge Cond: (a.customer_id = c.customer_id)
                    Join Filter: (b.order_date <= c.order_date)
                    Rows Removed by Join Filter: 148783
                    Buffers: shared hit=100705
                    ->  Merge Join  (cost=0.58..7301.58 rows=100000 width=25) (actual rows=100000 loops=1)
                          Merge Cond: (a.customer_id = b.customer_id)
                          Buffers: shared hit=100393
                          ->  Index Scan using customers_pkey on customers a  (cost=0.29..1056.28 rows=33333 width=13) (actual rows=33333 loops=1)
                                Buffers: shared hit=273
                          ->  Index Scan using unique_customer_order_date on orders b  (cost=0.29..4912.27 rows=100000 width=12) (actual rows=100000 loops=1)
                                Buffers: shared hit=100120
                    ->  Materialize  (cost=0.29..2998.29 rows=100000 width=8) (actual rows=397563 loops=1)
                          Buffers: shared hit=312
                          ->  Index Only Scan using unique_customer_order_date on orders c  (cost=0.29..2748.29 rows=100000 width=8) (actual rows=100000 loops=1)
                                Heap Fetches: 0
                                Buffers: shared hit=312
Planning:
  Buffers: shared hit=54
Planning Time: 0.782 ms
Execution Time: 531.062 ms",542.849,23806.41,77847,"Sort  (cost=23723.08..23806.41 rows=33334 width=21) (actual rows=77847 loops=1)
  Sort Key: a.name, a.customer_id, b.order_date DESC
  Sort Method: external merge  Disk: 2592kB
  Buffers: shared hit=100705, temp read=324 written=325
  ->  GroupAggregate  (cost=1.39..21218.91 rows=33334 width=21) (actual rows=77847 loops=1)
        Group Key: a.customer_id, b.order_id
        Filter: (count(c.order_date) <= 3)
        Rows Removed by Filter: 22153
        Buffers: shared hit=100705
        ->  Incremental Sort  (cost=1.39..19218.89 rows=100001 width=25) (actual rows=248783 loops=1)
              Sort Key: a.customer_id, b.order_id
              Presorted Key: a.customer_id
              Full-sort Groups: 6411  Sort Method: quicksort  Average Memory: 27kB  Peak Memory: 27kB
              Pre-sorted Groups: 310  Sort Method: quicksort  Average Memory: 26kB  Peak Memory: 26kB
              Buffers: shared hit=100705
              ->  Merge Join  (cost=0.88..15549.73 rows=100001 width=25) (actual rows=248783 loops=1)
                    Merge Cond: (a.customer_id = c.customer_id)
                    Join Filter: (b.order_date <= c.order_date)
                    Rows Removed by Join Filter: 148783
                    Buffers: shared hit=100705
                    ->  Merge Join  (cost=0.58..7301.58 rows=100000 width=25) (actual rows=100000 loops=1)
                          Merge Cond: (a.customer_id = b.customer_id)
                          Buffers: shared hit=100393
                          ->  Index Scan using customers_pkey on customers a  (cost=0.29..1056.28 rows=33333 width=13) (actual rows=33333 loops=1)
                                Buffers: shared hit=273
                          ->  Index Scan using unique_customer_order_date on orders b  (cost=0.29..4912.27 rows=100000 width=12) (actual rows=100000 loops=1)
                                Buffers: shared hit=100120
                    ->  Materialize  (cost=0.29..2998.29 rows=100000 width=8) (actual rows=397563 loops=1)
                          Buffers: shared hit=312
                          ->  Index Only Scan using unique_customer_order_date on orders c  (cost=0.29..2748.29 rows=100000 width=8) (actual rows=100000 loops=1)
                                Heap Fetches: 0
                                Buffers: shared hit=312
Planning:
  Buffers: shared hit=54
Planning Time: 0.816 ms
Execution Time: 542.849 ms",542.191,23806.41,77847,"Sort  (cost=23723.08..23806.41 rows=33334 width=21) (actual rows=77847 loops=1)
  Sort Key: a.name, a.customer_id, b.order_date DESC
  Sort Method: external merge  Disk: 2592kB
  Buffers: shared hit=100705, temp read=324 written=325
  ->  GroupAggregate  (cost=1.39..21218.91 rows=33334 width=21) (actual rows=77847 loops=1)
        Group Key: a.customer_id, b.order_id
        Filter: (count(c.order_date) <= 3)
        Rows Removed by Filter: 22153
        Buffers: shared hit=100705
        ->  Incremental Sort  (cost=1.39..19218.89 rows=100001 width=25) (actual rows=248783 loops=1)
              Sort Key: a.customer_id, b.order_id
              Presorted Key: a.customer_id
              Full-sort Groups: 6411  Sort Method: quicksort  Average Memory: 27kB  Peak Memory: 27kB
              Pre-sorted Groups: 310  Sort Method: quicksort  Average Memory: 26kB  Peak Memory: 26kB
              Buffers: shared hit=100705
              ->  Merge Join  (cost=0.88..15549.73 rows=100001 width=25) (actual rows=248783 loops=1)
                    Merge Cond: (a.customer_id = c.customer_id)
                    Join Filter: (b.order_date <= c.order_date)
                    Rows Removed by Join Filter: 148783
                    Buffers: shared hit=100705
                    ->  Merge Join  (cost=0.58..7301.58 rows=100000 width=25) (actual rows=100000 loops=1)
                          Merge Cond: (a.customer_id = b.customer_id)
                          Buffers: shared hit=100393
                          ->  Index Scan using customers_pkey on customers a  (cost=0.29..1056.28 rows=33333 width=13) (actual rows=33333 loops=1)
                                Buffers: shared hit=273
                          ->  Index Scan using unique_customer_order_date on orders b  (cost=0.29..4912.27 rows=100000 width=12) (actual rows=100000 loops=1)
                                Buffers: shared hit=100120
                    ->  Materialize  (cost=0.29..2998.29 rows=100000 width=8) (actual rows=397563 loops=1)
                          Buffers: shared hit=312
                          ->  Index Only Scan using unique_customer_order_date on orders c  (cost=0.29..2748.29 rows=100000 width=8) (actual rows=100000 loops=1)
                                Heap Fetches: 0
                                Buffers: shared hit=312
Planning:
  Buffers: shared hit=54
Planning Time: 0.734 ms
Execution Time: 542.191 ms",533.587,23806.41,77847,"Sort  (cost=23723.08..23806.41 rows=33334 width=21) (actual rows=77847 loops=1)
  Sort Key: a.name, a.customer_id, b.order_date DESC
  Sort Method: external merge  Disk: 2592kB
  Buffers: shared hit=100705, temp read=324 written=325
  ->  GroupAggregate  (cost=1.39..21218.91 rows=33334 width=21) (actual rows=77847 loops=1)
        Group Key: a.customer_id, b.order_id
        Filter: (count(c.order_date) <= 3)
        Rows Removed by Filter: 22153
        Buffers: shared hit=100705
        ->  Incremental Sort  (cost=1.39..19218.89 rows=100001 width=25) (actual rows=248783 loops=1)
              Sort Key: a.customer_id, b.order_id
              Presorted Key: a.customer_id
              Full-sort Groups: 6411  Sort Method: quicksort  Average Memory: 27kB  Peak Memory: 27kB
              Pre-sorted Groups: 310  Sort Method: quicksort  Average Memory: 26kB  Peak Memory: 26kB
              Buffers: shared hit=100705
              ->  Merge Join  (cost=0.88..15549.73 rows=100001 width=25) (actual rows=248783 loops=1)
                    Merge Cond: (a.customer_id = c.customer_id)
                    Join Filter: (b.order_date <= c.order_date)
                    Rows Removed by Join Filter: 148783
                    Buffers: shared hit=100705
                    ->  Merge Join  (cost=0.58..7301.58 rows=100000 width=25) (actual rows=100000 loops=1)
                          Merge Cond: (a.customer_id = b.customer_id)
                          Buffers: shared hit=100393
                          ->  Index Scan using customers_pkey on customers a  (cost=0.29..1056.28 rows=33333 width=13) (actual rows=33333 loops=1)
                                Buffers: shared hit=273
                          ->  Index Scan using unique_customer_order_date on orders b  (cost=0.29..4912.27 rows=100000 width=12) (actual rows=100000 loops=1)
                                Buffers: shared hit=100120
                    ->  Materialize  (cost=0.29..2998.29 rows=100000 width=8) (actual rows=397563 loops=1)
                          Buffers: shared hit=312
                          ->  Index Only Scan using unique_customer_order_date on orders c  (cost=0.29..2748.29 rows=100000 width=8) (actual rows=100000 loops=1)
                                Heap Fetches: 0
                                Buffers: shared hit=312
Planning:
  Buffers: shared hit=54
Planning Time: 0.838 ms
Execution Time: 533.587 ms",534.317,23806.41,77847,"Sort  (cost=23723.08..23806.41 rows=33334 width=21) (actual rows=77847 loops=1)
  Sort Key: a.name, a.customer_id, b.order_date DESC
  Sort Method: external merge  Disk: 2592kB
  Buffers: shared hit=100705, temp read=324 written=325
  ->  GroupAggregate  (cost=1.39..21218.91 rows=33334 width=21) (actual rows=77847 loops=1)
        Group Key: a.customer_id, b.order_id
        Filter: (count(c.order_date) <= 3)
        Rows Removed by Filter: 22153
        Buffers: shared hit=100705
        ->  Incremental Sort  (cost=1.39..19218.89 rows=100001 width=25) (actual rows=248783 loops=1)
              Sort Key: a.customer_id, b.order_id
              Presorted Key: a.customer_id
              Full-sort Groups: 6411  Sort Method: quicksort  Average Memory: 27kB  Peak Memory: 27kB
              Pre-sorted Groups: 310  Sort Method: quicksort  Average Memory: 26kB  Peak Memory: 26kB
              Buffers: shared hit=100705
              ->  Merge Join  (cost=0.88..15549.73 rows=100001 width=25) (actual rows=248783 loops=1)
                    Merge Cond: (a.customer_id = c.customer_id)
                    Join Filter: (b.order_date <= c.order_date)
                    Rows Removed by Join Filter: 148783
                    Buffers: shared hit=100705
                    ->  Merge Join  (cost=0.58..7301.58 rows=100000 width=25) (actual rows=100000 loops=1)
                          Merge Cond: (a.customer_id = b.customer_id)
                          Buffers: shared hit=100393
                          ->  Index Scan using customers_pkey on customers a  (cost=0.29..1056.28 rows=33333 width=13) (actual rows=33333 loops=1)
                                Buffers: shared hit=273
                          ->  Index Scan using unique_customer_order_date on orders b  (cost=0.29..4912.27 rows=100000 width=12) (actual rows=100000 loops=1)
                                Buffers: shared hit=100120
                    ->  Materialize  (cost=0.29..2998.29 rows=100000 width=8) (actual rows=397563 loops=1)
                          Buffers: shared hit=312
                          ->  Index Only Scan using unique_customer_order_date on orders c  (cost=0.29..2748.29 rows=100000 width=8) (actual rows=100000 loops=1)
                                Heap Fetches: 0
                                Buffers: shared hit=312
Planning:
  Buffers: shared hit=54
Planning Time: 0.776 ms
Execution Time: 534.317 ms",536.8012,534.317,542.52,543.1122,23806.41,23806.41,77847,77847,77847,77847,normal,normal,28.766644200000197,5.061068799999995,equal variances,significant,0.003968253968253968,-233.10160000000002,-229.76600000000002,-919.7999999999993,0,True
996,1677,12,Easy,"select p.name as name, sum(i.rest) as rest, sum(i.paid) as paid, sum(i.canceled) as canceled, sum(i.refunded) as refunded from schema_1677.invoice as i inner join schema_1677.product as p on i.product_id = p.product_id group by p.name",52.247,3529.61,10000,"HashAggregate  (cost=3429.61..3529.61 rows=10000 width=42) (actual rows=10000 loops=1)
  Group Key: p.name
  Batches: 1  Memory Usage: 1681kB
  Buffers: shared hit=692
  ->  Hash Join  (cost=280.00..2179.61 rows=100000 width=26) (actual rows=100000 loops=1)
        Hash Cond: (i.product_id = p.product_id)
        Buffers: shared hit=692
        ->  Seq Scan on invoice i  (cost=0.00..1637.00 rows=100000 width=20) (actual rows=100000 loops=1)
              Buffers: shared hit=637
        ->  Hash  (cost=155.00..155.00 rows=10000 width=14) (actual rows=10000 loops=1)
              Buckets: 16384  Batches: 1  Memory Usage: 597kB
              Buffers: shared hit=55
              ->  Seq Scan on product p  (cost=0.00..155.00 rows=10000 width=14) (actual rows=10000 loops=1)
                    Buffers: shared hit=55
Planning:
  Buffers: shared hit=6
Planning Time: 0.144 ms
Execution Time: 52.247 ms",60.597,3529.61,10000,"HashAggregate  (cost=3429.61..3529.61 rows=10000 width=42) (actual rows=10000 loops=1)
  Group Key: p.name
  Batches: 1  Memory Usage: 1681kB
  Buffers: shared hit=692
  ->  Hash Join  (cost=280.00..2179.61 rows=100000 width=26) (actual rows=100000 loops=1)
        Hash Cond: (i.product_id = p.product_id)
        Buffers: shared hit=692
        ->  Seq Scan on invoice i  (cost=0.00..1637.00 rows=100000 width=20) (actual rows=100000 loops=1)
              Buffers: shared hit=637
        ->  Hash  (cost=155.00..155.00 rows=10000 width=14) (actual rows=10000 loops=1)
              Buckets: 16384  Batches: 1  Memory Usage: 597kB
              Buffers: shared hit=55
              ->  Seq Scan on product p  (cost=0.00..155.00 rows=10000 width=14) (actual rows=10000 loops=1)
                    Buffers: shared hit=55
Planning:
  Buffers: shared hit=6
Planning Time: 0.233 ms
Execution Time: 60.597 ms",63.582,3529.61,10000,"HashAggregate  (cost=3429.61..3529.61 rows=10000 width=42) (actual rows=10000 loops=1)
  Group Key: p.name
  Batches: 1  Memory Usage: 1681kB
  Buffers: shared hit=692
  ->  Hash Join  (cost=280.00..2179.61 rows=100000 width=26) (actual rows=100000 loops=1)
        Hash Cond: (i.product_id = p.product_id)
        Buffers: shared hit=692
        ->  Seq Scan on invoice i  (cost=0.00..1637.00 rows=100000 width=20) (actual rows=100000 loops=1)
              Buffers: shared hit=637
        ->  Hash  (cost=155.00..155.00 rows=10000 width=14) (actual rows=10000 loops=1)
              Buckets: 16384  Batches: 1  Memory Usage: 597kB
              Buffers: shared hit=55
              ->  Seq Scan on product p  (cost=0.00..155.00 rows=10000 width=14) (actual rows=10000 loops=1)
                    Buffers: shared hit=55
Planning:
  Buffers: shared hit=6
Planning Time: 0.232 ms
Execution Time: 63.582 ms",58.233,3529.61,10000,"HashAggregate  (cost=3429.61..3529.61 rows=10000 width=42) (actual rows=10000 loops=1)
  Group Key: p.name
  Batches: 1  Memory Usage: 1681kB
  Buffers: shared hit=692
  ->  Hash Join  (cost=280.00..2179.61 rows=100000 width=26) (actual rows=100000 loops=1)
        Hash Cond: (i.product_id = p.product_id)
        Buffers: shared hit=692
        ->  Seq Scan on invoice i  (cost=0.00..1637.00 rows=100000 width=20) (actual rows=100000 loops=1)
              Buffers: shared hit=637
        ->  Hash  (cost=155.00..155.00 rows=10000 width=14) (actual rows=10000 loops=1)
              Buckets: 16384  Batches: 1  Memory Usage: 597kB
              Buffers: shared hit=55
              ->  Seq Scan on product p  (cost=0.00..155.00 rows=10000 width=14) (actual rows=10000 loops=1)
                    Buffers: shared hit=55
Planning:
  Buffers: shared hit=6
Planning Time: 0.370 ms
Execution Time: 58.233 ms",63.129,3529.61,10000,"HashAggregate  (cost=3429.61..3529.61 rows=10000 width=42) (actual rows=10000 loops=1)
  Group Key: p.name
  Batches: 1  Memory Usage: 1681kB
  Buffers: shared hit=692
  ->  Hash Join  (cost=280.00..2179.61 rows=100000 width=26) (actual rows=100000 loops=1)
        Hash Cond: (i.product_id = p.product_id)
        Buffers: shared hit=692
        ->  Seq Scan on invoice i  (cost=0.00..1637.00 rows=100000 width=20) (actual rows=100000 loops=1)
              Buffers: shared hit=637
        ->  Hash  (cost=155.00..155.00 rows=10000 width=14) (actual rows=10000 loops=1)
              Buckets: 16384  Batches: 1  Memory Usage: 597kB
              Buffers: shared hit=55
              ->  Seq Scan on product p  (cost=0.00..155.00 rows=10000 width=14) (actual rows=10000 loops=1)
                    Buffers: shared hit=55
Planning:
  Buffers: shared hit=6
Planning Time: 0.213 ms
Execution Time: 63.129 ms",59.5576,60.597,63.3555,63.7632,3529.61,3529.61,10000,10000,10000,10000,1677_12,996,1677,12,Easy,"select p.name, sum(i.rest) as rest, sum(i.paid) as paid, sum(i.canceled) as canceled, sum(i.refunded) as refunded from schema_1677.invoice as i join schema_1677.product as p on i.product_id = p.product_id group by p.name order by p.name",84.822,4219.0,10000,"Sort  (cost=4194.00..4219.00 rows=10000 width=42) (actual rows=10000 loops=1)
  Sort Key: p.name
  Sort Method: quicksort  Memory: 1166kB
  Buffers: shared hit=692
  ->  HashAggregate  (cost=3429.61..3529.61 rows=10000 width=42) (actual rows=10000 loops=1)
        Group Key: p.name
        Batches: 1  Memory Usage: 1681kB
        Buffers: shared hit=692
        ->  Hash Join  (cost=280.00..2179.61 rows=100000 width=26) (actual rows=100000 loops=1)
              Hash Cond: (i.product_id = p.product_id)
              Buffers: shared hit=692
              ->  Seq Scan on invoice i  (cost=0.00..1637.00 rows=100000 width=20) (actual rows=100000 loops=1)
                    Buffers: shared hit=637
              ->  Hash  (cost=155.00..155.00 rows=10000 width=14) (actual rows=10000 loops=1)
                    Buckets: 16384  Batches: 1  Memory Usage: 597kB
                    Buffers: shared hit=55
                    ->  Seq Scan on product p  (cost=0.00..155.00 rows=10000 width=14) (actual rows=10000 loops=1)
                          Buffers: shared hit=55
Planning:
  Buffers: shared hit=6
Planning Time: 0.159 ms
Execution Time: 84.822 ms",91.757,4219.0,10000,"Sort  (cost=4194.00..4219.00 rows=10000 width=42) (actual rows=10000 loops=1)
  Sort Key: p.name
  Sort Method: quicksort  Memory: 1166kB
  Buffers: shared hit=692
  ->  HashAggregate  (cost=3429.61..3529.61 rows=10000 width=42) (actual rows=10000 loops=1)
        Group Key: p.name
        Batches: 1  Memory Usage: 1681kB
        Buffers: shared hit=692
        ->  Hash Join  (cost=280.00..2179.61 rows=100000 width=26) (actual rows=100000 loops=1)
              Hash Cond: (i.product_id = p.product_id)
              Buffers: shared hit=692
              ->  Seq Scan on invoice i  (cost=0.00..1637.00 rows=100000 width=20) (actual rows=100000 loops=1)
                    Buffers: shared hit=637
              ->  Hash  (cost=155.00..155.00 rows=10000 width=14) (actual rows=10000 loops=1)
                    Buckets: 16384  Batches: 1  Memory Usage: 597kB
                    Buffers: shared hit=55
                    ->  Seq Scan on product p  (cost=0.00..155.00 rows=10000 width=14) (actual rows=10000 loops=1)
                          Buffers: shared hit=55
Planning:
  Buffers: shared hit=6
Planning Time: 0.202 ms
Execution Time: 91.757 ms",90.787,4219.0,10000,"Sort  (cost=4194.00..4219.00 rows=10000 width=42) (actual rows=10000 loops=1)
  Sort Key: p.name
  Sort Method: quicksort  Memory: 1166kB
  Buffers: shared hit=692
  ->  HashAggregate  (cost=3429.61..3529.61 rows=10000 width=42) (actual rows=10000 loops=1)
        Group Key: p.name
        Batches: 1  Memory Usage: 1681kB
        Buffers: shared hit=692
        ->  Hash Join  (cost=280.00..2179.61 rows=100000 width=26) (actual rows=100000 loops=1)
              Hash Cond: (i.product_id = p.product_id)
              Buffers: shared hit=692
              ->  Seq Scan on invoice i  (cost=0.00..1637.00 rows=100000 width=20) (actual rows=100000 loops=1)
                    Buffers: shared hit=637
              ->  Hash  (cost=155.00..155.00 rows=10000 width=14) (actual rows=10000 loops=1)
                    Buckets: 16384  Batches: 1  Memory Usage: 597kB
                    Buffers: shared hit=55
                    ->  Seq Scan on product p  (cost=0.00..155.00 rows=10000 width=14) (actual rows=10000 loops=1)
                          Buffers: shared hit=55
Planning:
  Buffers: shared hit=6
Planning Time: 0.156 ms
Execution Time: 90.787 ms",88.891,4219.0,10000,"Sort  (cost=4194.00..4219.00 rows=10000 width=42) (actual rows=10000 loops=1)
  Sort Key: p.name
  Sort Method: quicksort  Memory: 1166kB
  Buffers: shared hit=692
  ->  HashAggregate  (cost=3429.61..3529.61 rows=10000 width=42) (actual rows=10000 loops=1)
        Group Key: p.name
        Batches: 1  Memory Usage: 1681kB
        Buffers: shared hit=692
        ->  Hash Join  (cost=280.00..2179.61 rows=100000 width=26) (actual rows=100000 loops=1)
              Hash Cond: (i.product_id = p.product_id)
              Buffers: shared hit=692
              ->  Seq Scan on invoice i  (cost=0.00..1637.00 rows=100000 width=20) (actual rows=100000 loops=1)
                    Buffers: shared hit=637
              ->  Hash  (cost=155.00..155.00 rows=10000 width=14) (actual rows=10000 loops=1)
                    Buckets: 16384  Batches: 1  Memory Usage: 597kB
                    Buffers: shared hit=55
                    ->  Seq Scan on product p  (cost=0.00..155.00 rows=10000 width=14) (actual rows=10000 loops=1)
                          Buffers: shared hit=55
Planning:
  Buffers: shared hit=6
Planning Time: 0.283 ms
Execution Time: 88.891 ms",91.029,4219.0,10000,"Sort  (cost=4194.00..4219.00 rows=10000 width=42) (actual rows=10000 loops=1)
  Sort Key: p.name
  Sort Method: quicksort  Memory: 1166kB
  Buffers: shared hit=692
  ->  HashAggregate  (cost=3429.61..3529.61 rows=10000 width=42) (actual rows=10000 loops=1)
        Group Key: p.name
        Batches: 1  Memory Usage: 1681kB
        Buffers: shared hit=692
        ->  Hash Join  (cost=280.00..2179.61 rows=100000 width=26) (actual rows=100000 loops=1)
              Hash Cond: (i.product_id = p.product_id)
              Buffers: shared hit=692
              ->  Seq Scan on invoice i  (cost=0.00..1637.00 rows=100000 width=20) (actual rows=100000 loops=1)
                    Buffers: shared hit=637
              ->  Hash  (cost=155.00..155.00 rows=10000 width=14) (actual rows=10000 loops=1)
                    Buckets: 16384  Batches: 1  Memory Usage: 597kB
                    Buffers: shared hit=55
                    ->  Seq Scan on product p  (cost=0.00..155.00 rows=10000 width=14) (actual rows=10000 loops=1)
                          Buffers: shared hit=55
Planning:
  Buffers: shared hit=6
Planning Time: 0.216 ms
Execution Time: 91.029 ms",89.4572,90.787,91.393,92.0482,4219.0,4219.0,10000,10000,10000,10000,normal,normal,7.8334162,21.307620800000002,equal variances,significant,0.003968253968253968,-29.8996,-30.190000000000005,-689.3899999999999,0,True
997,1677,191,Easy,"select p.name as name, sum(i.rest) as rest, sum(i.paid) as paid, sum(i.canceled) as canceled, sum(i.refunded) as refunded from schema_1677.product as p inner join schema_1677.invoice as i on p.product_id = i.product_id group by p.product_id,p.name",51.558,3529.61,10000,"HashAggregate  (cost=3429.61..3529.61 rows=10000 width=46) (actual rows=10000 loops=1)
  Group Key: p.product_id
  Batches: 1  Memory Usage: 1681kB
  Buffers: shared hit=692
  ->  Hash Join  (cost=280.00..2179.61 rows=100000 width=30) (actual rows=100000 loops=1)
        Hash Cond: (i.product_id = p.product_id)
        Buffers: shared hit=692
        ->  Seq Scan on invoice i  (cost=0.00..1637.00 rows=100000 width=20) (actual rows=100000 loops=1)
              Buffers: shared hit=637
        ->  Hash  (cost=155.00..155.00 rows=10000 width=14) (actual rows=10000 loops=1)
              Buckets: 16384  Batches: 1  Memory Usage: 597kB
              Buffers: shared hit=55
              ->  Seq Scan on product p  (cost=0.00..155.00 rows=10000 width=14) (actual rows=10000 loops=1)
                    Buffers: shared hit=55
Planning:
  Buffers: shared hit=9
Planning Time: 0.157 ms
Execution Time: 51.558 ms",59.544,3529.61,10000,"HashAggregate  (cost=3429.61..3529.61 rows=10000 width=46) (actual rows=10000 loops=1)
  Group Key: p.product_id
  Batches: 1  Memory Usage: 1681kB
  Buffers: shared hit=692
  ->  Hash Join  (cost=280.00..2179.61 rows=100000 width=30) (actual rows=100000 loops=1)
        Hash Cond: (i.product_id = p.product_id)
        Buffers: shared hit=692
        ->  Seq Scan on invoice i  (cost=0.00..1637.00 rows=100000 width=20) (actual rows=100000 loops=1)
              Buffers: shared hit=637
        ->  Hash  (cost=155.00..155.00 rows=10000 width=14) (actual rows=10000 loops=1)
              Buckets: 16384  Batches: 1  Memory Usage: 597kB
              Buffers: shared hit=55
              ->  Seq Scan on product p  (cost=0.00..155.00 rows=10000 width=14) (actual rows=10000 loops=1)
                    Buffers: shared hit=55
Planning:
  Buffers: shared hit=9
Planning Time: 0.263 ms
Execution Time: 59.544 ms",58.295,3529.61,10000,"HashAggregate  (cost=3429.61..3529.61 rows=10000 width=46) (actual rows=10000 loops=1)
  Group Key: p.product_id
  Batches: 1  Memory Usage: 1681kB
  Buffers: shared hit=692
  ->  Hash Join  (cost=280.00..2179.61 rows=100000 width=30) (actual rows=100000 loops=1)
        Hash Cond: (i.product_id = p.product_id)
        Buffers: shared hit=692
        ->  Seq Scan on invoice i  (cost=0.00..1637.00 rows=100000 width=20) (actual rows=100000 loops=1)
              Buffers: shared hit=637
        ->  Hash  (cost=155.00..155.00 rows=10000 width=14) (actual rows=10000 loops=1)
              Buckets: 16384  Batches: 1  Memory Usage: 597kB
              Buffers: shared hit=55
              ->  Seq Scan on product p  (cost=0.00..155.00 rows=10000 width=14) (actual rows=10000 loops=1)
                    Buffers: shared hit=55
Planning:
  Buffers: shared hit=9
Planning Time: 0.239 ms
Execution Time: 58.295 ms",57.121,3529.61,10000,"HashAggregate  (cost=3429.61..3529.61 rows=10000 width=46) (actual rows=10000 loops=1)
  Group Key: p.product_id
  Batches: 1  Memory Usage: 1681kB
  Buffers: shared hit=692
  ->  Hash Join  (cost=280.00..2179.61 rows=100000 width=30) (actual rows=100000 loops=1)
        Hash Cond: (i.product_id = p.product_id)
        Buffers: shared hit=692
        ->  Seq Scan on invoice i  (cost=0.00..1637.00 rows=100000 width=20) (actual rows=100000 loops=1)
              Buffers: shared hit=637
        ->  Hash  (cost=155.00..155.00 rows=10000 width=14) (actual rows=10000 loops=1)
              Buckets: 16384  Batches: 1  Memory Usage: 597kB
              Buffers: shared hit=55
              ->  Seq Scan on product p  (cost=0.00..155.00 rows=10000 width=14) (actual rows=10000 loops=1)
                    Buffers: shared hit=55
Planning:
  Buffers: shared hit=9
Planning Time: 0.235 ms
Execution Time: 57.121 ms",55.945,3529.61,10000,"HashAggregate  (cost=3429.61..3529.61 rows=10000 width=46) (actual rows=10000 loops=1)
  Group Key: p.product_id
  Batches: 1  Memory Usage: 1681kB
  Buffers: shared hit=692
  ->  Hash Join  (cost=280.00..2179.61 rows=100000 width=30) (actual rows=100000 loops=1)
        Hash Cond: (i.product_id = p.product_id)
        Buffers: shared hit=692
        ->  Seq Scan on invoice i  (cost=0.00..1637.00 rows=100000 width=20) (actual rows=100000 loops=1)
              Buffers: shared hit=637
        ->  Hash  (cost=155.00..155.00 rows=10000 width=14) (actual rows=10000 loops=1)
              Buckets: 16384  Batches: 1  Memory Usage: 597kB
              Buffers: shared hit=55
              ->  Seq Scan on product p  (cost=0.00..155.00 rows=10000 width=14) (actual rows=10000 loops=1)
                    Buffers: shared hit=55
Planning:
  Buffers: shared hit=9
Planning Time: 0.605 ms
Execution Time: 55.945 ms",56.4926,57.121,58.9195,60.0436,3529.61,3529.61,10000,10000,10000,10000,1677_191,997,1677,191,Easy,"select name, sum(rest) as rest, sum(paid) as paid, sum(canceled) as canceled, sum(refunded) as refunded from schema_1677.product as p join schema_1677.invoice as i on p.product_id = i.product_id group by p.product_id, name order by name",83.286,4219.0,10000,"Sort  (cost=4194.00..4219.00 rows=10000 width=46) (actual rows=10000 loops=1)
  Sort Key: p.name
  Sort Method: quicksort  Memory: 1790kB
  Buffers: shared hit=692
  ->  HashAggregate  (cost=3429.61..3529.61 rows=10000 width=46) (actual rows=10000 loops=1)
        Group Key: p.product_id
        Batches: 1  Memory Usage: 1681kB
        Buffers: shared hit=692
        ->  Hash Join  (cost=280.00..2179.61 rows=100000 width=30) (actual rows=100000 loops=1)
              Hash Cond: (i.product_id = p.product_id)
              Buffers: shared hit=692
              ->  Seq Scan on invoice i  (cost=0.00..1637.00 rows=100000 width=20) (actual rows=100000 loops=1)
                    Buffers: shared hit=637
              ->  Hash  (cost=155.00..155.00 rows=10000 width=14) (actual rows=10000 loops=1)
                    Buckets: 16384  Batches: 1  Memory Usage: 597kB
                    Buffers: shared hit=55
                    ->  Seq Scan on product p  (cost=0.00..155.00 rows=10000 width=14) (actual rows=10000 loops=1)
                          Buffers: shared hit=55
Planning:
  Buffers: shared hit=9
Planning Time: 0.184 ms
Execution Time: 83.286 ms",89.54,4219.0,10000,"Sort  (cost=4194.00..4219.00 rows=10000 width=46) (actual rows=10000 loops=1)
  Sort Key: p.name
  Sort Method: quicksort  Memory: 1790kB
  Buffers: shared hit=692
  ->  HashAggregate  (cost=3429.61..3529.61 rows=10000 width=46) (actual rows=10000 loops=1)
        Group Key: p.product_id
        Batches: 1  Memory Usage: 1681kB
        Buffers: shared hit=692
        ->  Hash Join  (cost=280.00..2179.61 rows=100000 width=30) (actual rows=100000 loops=1)
              Hash Cond: (i.product_id = p.product_id)
              Buffers: shared hit=692
              ->  Seq Scan on invoice i  (cost=0.00..1637.00 rows=100000 width=20) (actual rows=100000 loops=1)
                    Buffers: shared hit=637
              ->  Hash  (cost=155.00..155.00 rows=10000 width=14) (actual rows=10000 loops=1)
                    Buckets: 16384  Batches: 1  Memory Usage: 597kB
                    Buffers: shared hit=55
                    ->  Seq Scan on product p  (cost=0.00..155.00 rows=10000 width=14) (actual rows=10000 loops=1)
                          Buffers: shared hit=55
Planning:
  Buffers: shared hit=9
Planning Time: 0.239 ms
Execution Time: 89.540 ms",94.734,4219.0,10000,"Sort  (cost=4194.00..4219.00 rows=10000 width=46) (actual rows=10000 loops=1)
  Sort Key: p.name
  Sort Method: quicksort  Memory: 1790kB
  Buffers: shared hit=692
  ->  HashAggregate  (cost=3429.61..3529.61 rows=10000 width=46) (actual rows=10000 loops=1)
        Group Key: p.product_id
        Batches: 1  Memory Usage: 1681kB
        Buffers: shared hit=692
        ->  Hash Join  (cost=280.00..2179.61 rows=100000 width=30) (actual rows=100000 loops=1)
              Hash Cond: (i.product_id = p.product_id)
              Buffers: shared hit=692
              ->  Seq Scan on invoice i  (cost=0.00..1637.00 rows=100000 width=20) (actual rows=100000 loops=1)
                    Buffers: shared hit=637
              ->  Hash  (cost=155.00..155.00 rows=10000 width=14) (actual rows=10000 loops=1)
                    Buckets: 16384  Batches: 1  Memory Usage: 597kB
                    Buffers: shared hit=55
                    ->  Seq Scan on product p  (cost=0.00..155.00 rows=10000 width=14) (actual rows=10000 loops=1)
                          Buffers: shared hit=55
Planning:
  Buffers: shared hit=9
Planning Time: 0.251 ms
Execution Time: 94.734 ms",98.905,4219.0,10000,"Sort  (cost=4194.00..4219.00 rows=10000 width=46) (actual rows=10000 loops=1)
  Sort Key: p.name
  Sort Method: quicksort  Memory: 1790kB
  Buffers: shared hit=692
  ->  HashAggregate  (cost=3429.61..3529.61 rows=10000 width=46) (actual rows=10000 loops=1)
        Group Key: p.product_id
        Batches: 1  Memory Usage: 1681kB
        Buffers: shared hit=692
        ->  Hash Join  (cost=280.00..2179.61 rows=100000 width=30) (actual rows=100000 loops=1)
              Hash Cond: (i.product_id = p.product_id)
              Buffers: shared hit=692
              ->  Seq Scan on invoice i  (cost=0.00..1637.00 rows=100000 width=20) (actual rows=100000 loops=1)
                    Buffers: shared hit=637
              ->  Hash  (cost=155.00..155.00 rows=10000 width=14) (actual rows=10000 loops=1)
                    Buckets: 16384  Batches: 1  Memory Usage: 597kB
                    Buffers: shared hit=55
                    ->  Seq Scan on product p  (cost=0.00..155.00 rows=10000 width=14) (actual rows=10000 loops=1)
                          Buffers: shared hit=55
Planning:
  Buffers: shared hit=9
Planning Time: 0.221 ms
Execution Time: 98.905 ms",93.069,4219.0,10000,"Sort  (cost=4194.00..4219.00 rows=10000 width=46) (actual rows=10000 loops=1)
  Sort Key: p.name
  Sort Method: quicksort  Memory: 1790kB
  Buffers: shared hit=692
  ->  HashAggregate  (cost=3429.61..3529.61 rows=10000 width=46) (actual rows=10000 loops=1)
        Group Key: p.product_id
        Batches: 1  Memory Usage: 1681kB
        Buffers: shared hit=692
        ->  Hash Join  (cost=280.00..2179.61 rows=100000 width=30) (actual rows=100000 loops=1)
              Hash Cond: (i.product_id = p.product_id)
              Buffers: shared hit=692
              ->  Seq Scan on invoice i  (cost=0.00..1637.00 rows=100000 width=20) (actual rows=100000 loops=1)
                    Buffers: shared hit=637
              ->  Hash  (cost=155.00..155.00 rows=10000 width=14) (actual rows=10000 loops=1)
                    Buckets: 16384  Batches: 1  Memory Usage: 597kB
                    Buffers: shared hit=55
                    ->  Seq Scan on product p  (cost=0.00..155.00 rows=10000 width=14) (actual rows=10000 loops=1)
                          Buffers: shared hit=55
Planning:
  Buffers: shared hit=9
Planning Time: 0.284 ms
Execution Time: 93.069 ms",91.9068,93.069,96.8195,100.5734,4219.0,4219.0,10000,10000,10000,10000,normal,normal,34.55962669999999,9.401179299999997,equal variances,significant,0.003968253968253968,-35.4142,-35.948,-689.3899999999999,0,True
998,1677,192,Easy,"select p.name as name, sum(i.rest) as rest, sum(i.paid) as paid, sum(i.canceled) as canceled, sum(i.refunded) as refunded from schema_1677.invoice as i inner join schema_1677.product as p on i.product_id = p.product_id group by p.name",52.215,3529.61,10000,"HashAggregate  (cost=3429.61..3529.61 rows=10000 width=42) (actual rows=10000 loops=1)
  Group Key: p.name
  Batches: 1  Memory Usage: 1681kB
  Buffers: shared hit=692
  ->  Hash Join  (cost=280.00..2179.61 rows=100000 width=26) (actual rows=100000 loops=1)
        Hash Cond: (i.product_id = p.product_id)
        Buffers: shared hit=692
        ->  Seq Scan on invoice i  (cost=0.00..1637.00 rows=100000 width=20) (actual rows=100000 loops=1)
              Buffers: shared hit=637
        ->  Hash  (cost=155.00..155.00 rows=10000 width=14) (actual rows=10000 loops=1)
              Buckets: 16384  Batches: 1  Memory Usage: 597kB
              Buffers: shared hit=55
              ->  Seq Scan on product p  (cost=0.00..155.00 rows=10000 width=14) (actual rows=10000 loops=1)
                    Buffers: shared hit=55
Planning:
  Buffers: shared hit=6
Planning Time: 0.154 ms
Execution Time: 52.215 ms",57.707,3529.61,10000,"HashAggregate  (cost=3429.61..3529.61 rows=10000 width=42) (actual rows=10000 loops=1)
  Group Key: p.name
  Batches: 1  Memory Usage: 1681kB
  Buffers: shared hit=692
  ->  Hash Join  (cost=280.00..2179.61 rows=100000 width=26) (actual rows=100000 loops=1)
        Hash Cond: (i.product_id = p.product_id)
        Buffers: shared hit=692
        ->  Seq Scan on invoice i  (cost=0.00..1637.00 rows=100000 width=20) (actual rows=100000 loops=1)
              Buffers: shared hit=637
        ->  Hash  (cost=155.00..155.00 rows=10000 width=14) (actual rows=10000 loops=1)
              Buckets: 16384  Batches: 1  Memory Usage: 597kB
              Buffers: shared hit=55
              ->  Seq Scan on product p  (cost=0.00..155.00 rows=10000 width=14) (actual rows=10000 loops=1)
                    Buffers: shared hit=55
Planning:
  Buffers: shared hit=6
Planning Time: 0.196 ms
Execution Time: 57.707 ms",61.395,3529.61,10000,"HashAggregate  (cost=3429.61..3529.61 rows=10000 width=42) (actual rows=10000 loops=1)
  Group Key: p.name
  Batches: 1  Memory Usage: 1681kB
  Buffers: shared hit=692
  ->  Hash Join  (cost=280.00..2179.61 rows=100000 width=26) (actual rows=100000 loops=1)
        Hash Cond: (i.product_id = p.product_id)
        Buffers: shared hit=692
        ->  Seq Scan on invoice i  (cost=0.00..1637.00 rows=100000 width=20) (actual rows=100000 loops=1)
              Buffers: shared hit=637
        ->  Hash  (cost=155.00..155.00 rows=10000 width=14) (actual rows=10000 loops=1)
              Buckets: 16384  Batches: 1  Memory Usage: 597kB
              Buffers: shared hit=55
              ->  Seq Scan on product p  (cost=0.00..155.00 rows=10000 width=14) (actual rows=10000 loops=1)
                    Buffers: shared hit=55
Planning:
  Buffers: shared hit=6
Planning Time: 0.214 ms
Execution Time: 61.395 ms",62.939,3529.61,10000,"HashAggregate  (cost=3429.61..3529.61 rows=10000 width=42) (actual rows=10000 loops=1)
  Group Key: p.name
  Batches: 1  Memory Usage: 1681kB
  Buffers: shared hit=692
  ->  Hash Join  (cost=280.00..2179.61 rows=100000 width=26) (actual rows=100000 loops=1)
        Hash Cond: (i.product_id = p.product_id)
        Buffers: shared hit=692
        ->  Seq Scan on invoice i  (cost=0.00..1637.00 rows=100000 width=20) (actual rows=100000 loops=1)
              Buffers: shared hit=637
        ->  Hash  (cost=155.00..155.00 rows=10000 width=14) (actual rows=10000 loops=1)
              Buckets: 16384  Batches: 1  Memory Usage: 597kB
              Buffers: shared hit=55
              ->  Seq Scan on product p  (cost=0.00..155.00 rows=10000 width=14) (actual rows=10000 loops=1)
                    Buffers: shared hit=55
Planning:
  Buffers: shared hit=6
Planning Time: 0.210 ms
Execution Time: 62.939 ms",59.479,3529.61,10000,"HashAggregate  (cost=3429.61..3529.61 rows=10000 width=42) (actual rows=10000 loops=1)
  Group Key: p.name
  Batches: 1  Memory Usage: 1681kB
  Buffers: shared hit=692
  ->  Hash Join  (cost=280.00..2179.61 rows=100000 width=26) (actual rows=100000 loops=1)
        Hash Cond: (i.product_id = p.product_id)
        Buffers: shared hit=692
        ->  Seq Scan on invoice i  (cost=0.00..1637.00 rows=100000 width=20) (actual rows=100000 loops=1)
              Buffers: shared hit=637
        ->  Hash  (cost=155.00..155.00 rows=10000 width=14) (actual rows=10000 loops=1)
              Buckets: 16384  Batches: 1  Memory Usage: 597kB
              Buffers: shared hit=55
              ->  Seq Scan on product p  (cost=0.00..155.00 rows=10000 width=14) (actual rows=10000 loops=1)
                    Buffers: shared hit=55
Planning:
  Buffers: shared hit=6
Planning Time: 0.224 ms
Execution Time: 59.479 ms",58.747,59.479,62.167,63.5566,3529.61,3529.61,10000,10000,10000,10000,1677_192,998,1677,192,Easy,"select name, sum(rest) as rest, sum(paid) as paid, sum(canceled) as canceled, sum(refunded) as refunded from schema_1677.invoice as i join schema_1677.product as p on i.product_id = p.product_id group by name order by name",87.841,4219.0,10000,"Sort  (cost=4194.00..4219.00 rows=10000 width=42) (actual rows=10000 loops=1)
  Sort Key: p.name
  Sort Method: quicksort  Memory: 1166kB
  Buffers: shared hit=692
  ->  HashAggregate  (cost=3429.61..3529.61 rows=10000 width=42) (actual rows=10000 loops=1)
        Group Key: p.name
        Batches: 1  Memory Usage: 1681kB
        Buffers: shared hit=692
        ->  Hash Join  (cost=280.00..2179.61 rows=100000 width=26) (actual rows=100000 loops=1)
              Hash Cond: (i.product_id = p.product_id)
              Buffers: shared hit=692
              ->  Seq Scan on invoice i  (cost=0.00..1637.00 rows=100000 width=20) (actual rows=100000 loops=1)
                    Buffers: shared hit=637
              ->  Hash  (cost=155.00..155.00 rows=10000 width=14) (actual rows=10000 loops=1)
                    Buckets: 16384  Batches: 1  Memory Usage: 597kB
                    Buffers: shared hit=55
                    ->  Seq Scan on product p  (cost=0.00..155.00 rows=10000 width=14) (actual rows=10000 loops=1)
                          Buffers: shared hit=55
Planning:
  Buffers: shared hit=6
Planning Time: 0.249 ms
Execution Time: 87.841 ms",91.498,4219.0,10000,"Sort  (cost=4194.00..4219.00 rows=10000 width=42) (actual rows=10000 loops=1)
  Sort Key: p.name
  Sort Method: quicksort  Memory: 1166kB
  Buffers: shared hit=692
  ->  HashAggregate  (cost=3429.61..3529.61 rows=10000 width=42) (actual rows=10000 loops=1)
        Group Key: p.name
        Batches: 1  Memory Usage: 1681kB
        Buffers: shared hit=692
        ->  Hash Join  (cost=280.00..2179.61 rows=100000 width=26) (actual rows=100000 loops=1)
              Hash Cond: (i.product_id = p.product_id)
              Buffers: shared hit=692
              ->  Seq Scan on invoice i  (cost=0.00..1637.00 rows=100000 width=20) (actual rows=100000 loops=1)
                    Buffers: shared hit=637
              ->  Hash  (cost=155.00..155.00 rows=10000 width=14) (actual rows=10000 loops=1)
                    Buckets: 16384  Batches: 1  Memory Usage: 597kB
                    Buffers: shared hit=55
                    ->  Seq Scan on product p  (cost=0.00..155.00 rows=10000 width=14) (actual rows=10000 loops=1)
                          Buffers: shared hit=55
Planning:
  Buffers: shared hit=6
Planning Time: 0.221 ms
Execution Time: 91.498 ms",91.091,4219.0,10000,"Sort  (cost=4194.00..4219.00 rows=10000 width=42) (actual rows=10000 loops=1)
  Sort Key: p.name
  Sort Method: quicksort  Memory: 1166kB
  Buffers: shared hit=692
  ->  HashAggregate  (cost=3429.61..3529.61 rows=10000 width=42) (actual rows=10000 loops=1)
        Group Key: p.name
        Batches: 1  Memory Usage: 1681kB
        Buffers: shared hit=692
        ->  Hash Join  (cost=280.00..2179.61 rows=100000 width=26) (actual rows=100000 loops=1)
              Hash Cond: (i.product_id = p.product_id)
              Buffers: shared hit=692
              ->  Seq Scan on invoice i  (cost=0.00..1637.00 rows=100000 width=20) (actual rows=100000 loops=1)
                    Buffers: shared hit=637
              ->  Hash  (cost=155.00..155.00 rows=10000 width=14) (actual rows=10000 loops=1)
                    Buckets: 16384  Batches: 1  Memory Usage: 597kB
                    Buffers: shared hit=55
                    ->  Seq Scan on product p  (cost=0.00..155.00 rows=10000 width=14) (actual rows=10000 loops=1)
                          Buffers: shared hit=55
Planning:
  Buffers: shared hit=6
Planning Time: 0.243 ms
Execution Time: 91.091 ms",94.232,4219.0,10000,"Sort  (cost=4194.00..4219.00 rows=10000 width=42) (actual rows=10000 loops=1)
  Sort Key: p.name
  Sort Method: quicksort  Memory: 1166kB
  Buffers: shared hit=692
  ->  HashAggregate  (cost=3429.61..3529.61 rows=10000 width=42) (actual rows=10000 loops=1)
        Group Key: p.name
        Batches: 1  Memory Usage: 1681kB
        Buffers: shared hit=692
        ->  Hash Join  (cost=280.00..2179.61 rows=100000 width=26) (actual rows=100000 loops=1)
              Hash Cond: (i.product_id = p.product_id)
              Buffers: shared hit=692
              ->  Seq Scan on invoice i  (cost=0.00..1637.00 rows=100000 width=20) (actual rows=100000 loops=1)
                    Buffers: shared hit=637
              ->  Hash  (cost=155.00..155.00 rows=10000 width=14) (actual rows=10000 loops=1)
                    Buckets: 16384  Batches: 1  Memory Usage: 597kB
                    Buffers: shared hit=55
                    ->  Seq Scan on product p  (cost=0.00..155.00 rows=10000 width=14) (actual rows=10000 loops=1)
                          Buffers: shared hit=55
Planning:
  Buffers: shared hit=6
Planning Time: 0.233 ms
Execution Time: 94.232 ms",92.669,4219.0,10000,"Sort  (cost=4194.00..4219.00 rows=10000 width=42) (actual rows=10000 loops=1)
  Sort Key: p.name
  Sort Method: quicksort  Memory: 1166kB
  Buffers: shared hit=692
  ->  HashAggregate  (cost=3429.61..3529.61 rows=10000 width=42) (actual rows=10000 loops=1)
        Group Key: p.name
        Batches: 1  Memory Usage: 1681kB
        Buffers: shared hit=692
        ->  Hash Join  (cost=280.00..2179.61 rows=100000 width=26) (actual rows=100000 loops=1)
              Hash Cond: (i.product_id = p.product_id)
              Buffers: shared hit=692
              ->  Seq Scan on invoice i  (cost=0.00..1637.00 rows=100000 width=20) (actual rows=100000 loops=1)
                    Buffers: shared hit=637
              ->  Hash  (cost=155.00..155.00 rows=10000 width=14) (actual rows=10000 loops=1)
                    Buckets: 16384  Batches: 1  Memory Usage: 597kB
                    Buffers: shared hit=55
                    ->  Seq Scan on product p  (cost=0.00..155.00 rows=10000 width=14) (actual rows=10000 loops=1)
                          Buffers: shared hit=55
Planning:
  Buffers: shared hit=6
Planning Time: 0.211 ms
Execution Time: 92.669 ms",91.4662,91.498,93.4505,94.8572,4219.0,4219.0,10000,10000,10000,10000,normal,normal,5.595059700000009,17.217303999999995,equal variances,significant,0.003968253968253968,-32.7192,-32.019000000000005,-689.3899999999999,0,True
999,1677,196,Easy,"select p.name as name, sum(i.rest) as rest, sum(i.paid) as paid, sum(i.canceled) as canceled, sum(i.refunded) as refunded from schema_1677.product as p inner join schema_1677.invoice as i on p.product_id = i.product_id group by p.name",54.33,3529.61,10000,"HashAggregate  (cost=3429.61..3529.61 rows=10000 width=42) (actual rows=10000 loops=1)
  Group Key: p.name
  Batches: 1  Memory Usage: 1681kB
  Buffers: shared hit=692
  ->  Hash Join  (cost=280.00..2179.61 rows=100000 width=26) (actual rows=100000 loops=1)
        Hash Cond: (i.product_id = p.product_id)
        Buffers: shared hit=692
        ->  Seq Scan on invoice i  (cost=0.00..1637.00 rows=100000 width=20) (actual rows=100000 loops=1)
              Buffers: shared hit=637
        ->  Hash  (cost=155.00..155.00 rows=10000 width=14) (actual rows=10000 loops=1)
              Buckets: 16384  Batches: 1  Memory Usage: 597kB
              Buffers: shared hit=55
              ->  Seq Scan on product p  (cost=0.00..155.00 rows=10000 width=14) (actual rows=10000 loops=1)
                    Buffers: shared hit=55
Planning:
  Buffers: shared hit=6
Planning Time: 0.145 ms
Execution Time: 54.330 ms",58.851,3529.61,10000,"HashAggregate  (cost=3429.61..3529.61 rows=10000 width=42) (actual rows=10000 loops=1)
  Group Key: p.name
  Batches: 1  Memory Usage: 1681kB
  Buffers: shared hit=692
  ->  Hash Join  (cost=280.00..2179.61 rows=100000 width=26) (actual rows=100000 loops=1)
        Hash Cond: (i.product_id = p.product_id)
        Buffers: shared hit=692
        ->  Seq Scan on invoice i  (cost=0.00..1637.00 rows=100000 width=20) (actual rows=100000 loops=1)
              Buffers: shared hit=637
        ->  Hash  (cost=155.00..155.00 rows=10000 width=14) (actual rows=10000 loops=1)
              Buckets: 16384  Batches: 1  Memory Usage: 597kB
              Buffers: shared hit=55
              ->  Seq Scan on product p  (cost=0.00..155.00 rows=10000 width=14) (actual rows=10000 loops=1)
                    Buffers: shared hit=55
Planning:
  Buffers: shared hit=6
Planning Time: 0.242 ms
Execution Time: 58.851 ms",64.923,3529.61,10000,"HashAggregate  (cost=3429.61..3529.61 rows=10000 width=42) (actual rows=10000 loops=1)
  Group Key: p.name
  Batches: 1  Memory Usage: 1681kB
  Buffers: shared hit=692
  ->  Hash Join  (cost=280.00..2179.61 rows=100000 width=26) (actual rows=100000 loops=1)
        Hash Cond: (i.product_id = p.product_id)
        Buffers: shared hit=692
        ->  Seq Scan on invoice i  (cost=0.00..1637.00 rows=100000 width=20) (actual rows=100000 loops=1)
              Buffers: shared hit=637
        ->  Hash  (cost=155.00..155.00 rows=10000 width=14) (actual rows=10000 loops=1)
              Buckets: 16384  Batches: 1  Memory Usage: 597kB
              Buffers: shared hit=55
              ->  Seq Scan on product p  (cost=0.00..155.00 rows=10000 width=14) (actual rows=10000 loops=1)
                    Buffers: shared hit=55
Planning:
  Buffers: shared hit=6
Planning Time: 0.222 ms
Execution Time: 64.923 ms",64.059,3529.61,10000,"HashAggregate  (cost=3429.61..3529.61 rows=10000 width=42) (actual rows=10000 loops=1)
  Group Key: p.name
  Batches: 1  Memory Usage: 1681kB
  Buffers: shared hit=692
  ->  Hash Join  (cost=280.00..2179.61 rows=100000 width=26) (actual rows=100000 loops=1)
        Hash Cond: (i.product_id = p.product_id)
        Buffers: shared hit=692
        ->  Seq Scan on invoice i  (cost=0.00..1637.00 rows=100000 width=20) (actual rows=100000 loops=1)
              Buffers: shared hit=637
        ->  Hash  (cost=155.00..155.00 rows=10000 width=14) (actual rows=10000 loops=1)
              Buckets: 16384  Batches: 1  Memory Usage: 597kB
              Buffers: shared hit=55
              ->  Seq Scan on product p  (cost=0.00..155.00 rows=10000 width=14) (actual rows=10000 loops=1)
                    Buffers: shared hit=55
Planning:
  Buffers: shared hit=6
Planning Time: 0.224 ms
Execution Time: 64.059 ms",59.719,3529.61,10000,"HashAggregate  (cost=3429.61..3529.61 rows=10000 width=42) (actual rows=10000 loops=1)
  Group Key: p.name
  Batches: 1  Memory Usage: 1681kB
  Buffers: shared hit=692
  ->  Hash Join  (cost=280.00..2179.61 rows=100000 width=26) (actual rows=100000 loops=1)
        Hash Cond: (i.product_id = p.product_id)
        Buffers: shared hit=692
        ->  Seq Scan on invoice i  (cost=0.00..1637.00 rows=100000 width=20) (actual rows=100000 loops=1)
              Buffers: shared hit=637
        ->  Hash  (cost=155.00..155.00 rows=10000 width=14) (actual rows=10000 loops=1)
              Buckets: 16384  Batches: 1  Memory Usage: 597kB
              Buffers: shared hit=55
              ->  Seq Scan on product p  (cost=0.00..155.00 rows=10000 width=14) (actual rows=10000 loops=1)
                    Buffers: shared hit=55
Planning:
  Buffers: shared hit=6
Planning Time: 0.271 ms
Execution Time: 59.719 ms",60.3764,59.719,64.491,65.2686,3529.61,3529.61,10000,10000,10000,10000,1677_196,999,1677,196,Easy,"select name, sum(rest) as rest, sum(paid) as paid, sum(canceled) as canceled, sum(refunded) as refunded from schema_1677.product as p join schema_1677.invoice as i on p.product_id = i.product_id group by name order by name",83.684,4219.0,10000,"Sort  (cost=4194.00..4219.00 rows=10000 width=42) (actual rows=10000 loops=1)
  Sort Key: p.name
  Sort Method: quicksort  Memory: 1166kB
  Buffers: shared hit=692
  ->  HashAggregate  (cost=3429.61..3529.61 rows=10000 width=42) (actual rows=10000 loops=1)
        Group Key: p.name
        Batches: 1  Memory Usage: 1681kB
        Buffers: shared hit=692
        ->  Hash Join  (cost=280.00..2179.61 rows=100000 width=26) (actual rows=100000 loops=1)
              Hash Cond: (i.product_id = p.product_id)
              Buffers: shared hit=692
              ->  Seq Scan on invoice i  (cost=0.00..1637.00 rows=100000 width=20) (actual rows=100000 loops=1)
                    Buffers: shared hit=637
              ->  Hash  (cost=155.00..155.00 rows=10000 width=14) (actual rows=10000 loops=1)
                    Buckets: 16384  Batches: 1  Memory Usage: 597kB
                    Buffers: shared hit=55
                    ->  Seq Scan on product p  (cost=0.00..155.00 rows=10000 width=14) (actual rows=10000 loops=1)
                          Buffers: shared hit=55
Planning:
  Buffers: shared hit=6
Planning Time: 0.171 ms
Execution Time: 83.684 ms",92.469,4219.0,10000,"Sort  (cost=4194.00..4219.00 rows=10000 width=42) (actual rows=10000 loops=1)
  Sort Key: p.name
  Sort Method: quicksort  Memory: 1166kB
  Buffers: shared hit=692
  ->  HashAggregate  (cost=3429.61..3529.61 rows=10000 width=42) (actual rows=10000 loops=1)
        Group Key: p.name
        Batches: 1  Memory Usage: 1681kB
        Buffers: shared hit=692
        ->  Hash Join  (cost=280.00..2179.61 rows=100000 width=26) (actual rows=100000 loops=1)
              Hash Cond: (i.product_id = p.product_id)
              Buffers: shared hit=692
              ->  Seq Scan on invoice i  (cost=0.00..1637.00 rows=100000 width=20) (actual rows=100000 loops=1)
                    Buffers: shared hit=637
              ->  Hash  (cost=155.00..155.00 rows=10000 width=14) (actual rows=10000 loops=1)
                    Buckets: 16384  Batches: 1  Memory Usage: 597kB
                    Buffers: shared hit=55
                    ->  Seq Scan on product p  (cost=0.00..155.00 rows=10000 width=14) (actual rows=10000 loops=1)
                          Buffers: shared hit=55
Planning:
  Buffers: shared hit=6
Planning Time: 0.203 ms
Execution Time: 92.469 ms",95.4,4219.0,10000,"Sort  (cost=4194.00..4219.00 rows=10000 width=42) (actual rows=10000 loops=1)
  Sort Key: p.name
  Sort Method: quicksort  Memory: 1166kB
  Buffers: shared hit=692
  ->  HashAggregate  (cost=3429.61..3529.61 rows=10000 width=42) (actual rows=10000 loops=1)
        Group Key: p.name
        Batches: 1  Memory Usage: 1681kB
        Buffers: shared hit=692
        ->  Hash Join  (cost=280.00..2179.61 rows=100000 width=26) (actual rows=100000 loops=1)
              Hash Cond: (i.product_id = p.product_id)
              Buffers: shared hit=692
              ->  Seq Scan on invoice i  (cost=0.00..1637.00 rows=100000 width=20) (actual rows=100000 loops=1)
                    Buffers: shared hit=637
              ->  Hash  (cost=155.00..155.00 rows=10000 width=14) (actual rows=10000 loops=1)
                    Buckets: 16384  Batches: 1  Memory Usage: 597kB
                    Buffers: shared hit=55
                    ->  Seq Scan on product p  (cost=0.00..155.00 rows=10000 width=14) (actual rows=10000 loops=1)
                          Buffers: shared hit=55
Planning:
  Buffers: shared hit=6
Planning Time: 0.218 ms
Execution Time: 95.400 ms",96.322,4219.0,10000,"Sort  (cost=4194.00..4219.00 rows=10000 width=42) (actual rows=10000 loops=1)
  Sort Key: p.name
  Sort Method: quicksort  Memory: 1166kB
  Buffers: shared hit=692
  ->  HashAggregate  (cost=3429.61..3529.61 rows=10000 width=42) (actual rows=10000 loops=1)
        Group Key: p.name
        Batches: 1  Memory Usage: 1681kB
        Buffers: shared hit=692
        ->  Hash Join  (cost=280.00..2179.61 rows=100000 width=26) (actual rows=100000 loops=1)
              Hash Cond: (i.product_id = p.product_id)
              Buffers: shared hit=692
              ->  Seq Scan on invoice i  (cost=0.00..1637.00 rows=100000 width=20) (actual rows=100000 loops=1)
                    Buffers: shared hit=637
              ->  Hash  (cost=155.00..155.00 rows=10000 width=14) (actual rows=10000 loops=1)
                    Buckets: 16384  Batches: 1  Memory Usage: 597kB
                    Buffers: shared hit=55
                    ->  Seq Scan on product p  (cost=0.00..155.00 rows=10000 width=14) (actual rows=10000 loops=1)
                          Buffers: shared hit=55
Planning:
  Buffers: shared hit=6
Planning Time: 0.235 ms
Execution Time: 96.322 ms",94.215,4219.0,10000,"Sort  (cost=4194.00..4219.00 rows=10000 width=42) (actual rows=10000 loops=1)
  Sort Key: p.name
  Sort Method: quicksort  Memory: 1166kB
  Buffers: shared hit=692
  ->  HashAggregate  (cost=3429.61..3529.61 rows=10000 width=42) (actual rows=10000 loops=1)
        Group Key: p.name
        Batches: 1  Memory Usage: 1681kB
        Buffers: shared hit=692
        ->  Hash Join  (cost=280.00..2179.61 rows=100000 width=26) (actual rows=100000 loops=1)
              Hash Cond: (i.product_id = p.product_id)
              Buffers: shared hit=692
              ->  Seq Scan on invoice i  (cost=0.00..1637.00 rows=100000 width=20) (actual rows=100000 loops=1)
                    Buffers: shared hit=637
              ->  Hash  (cost=155.00..155.00 rows=10000 width=14) (actual rows=10000 loops=1)
                    Buckets: 16384  Batches: 1  Memory Usage: 597kB
                    Buffers: shared hit=55
                    ->  Seq Scan on product p  (cost=0.00..155.00 rows=10000 width=14) (actual rows=10000 loops=1)
                          Buffers: shared hit=55
Planning:
  Buffers: shared hit=6
Planning Time: 0.242 ms
Execution Time: 94.215 ms",92.418,94.215,95.861,96.6908,4219.0,4219.0,10000,10000,10000,10000,normal,normal,25.912026500000024,18.387771800000007,equal variances,significant,0.003968253968253968,-32.04160000000001,-34.496,-689.3899999999999,0,True
1000,1677,198,Easy,"select a.name as name, sum(b.rest) as rest, sum(b.paid) as paid, sum(b.canceled) as canceled, sum(b.refunded) as refunded from schema_1677.product as a inner join schema_1677.invoice as b on a.product_id = b.product_id group by a.name",54.717,3529.61,10000,"HashAggregate  (cost=3429.61..3529.61 rows=10000 width=42) (actual rows=10000 loops=1)
  Group Key: a.name
  Batches: 1  Memory Usage: 1681kB
  Buffers: shared hit=692
  ->  Hash Join  (cost=280.00..2179.61 rows=100000 width=26) (actual rows=100000 loops=1)
        Hash Cond: (b.product_id = a.product_id)
        Buffers: shared hit=692
        ->  Seq Scan on invoice b  (cost=0.00..1637.00 rows=100000 width=20) (actual rows=100000 loops=1)
              Buffers: shared hit=637
        ->  Hash  (cost=155.00..155.00 rows=10000 width=14) (actual rows=10000 loops=1)
              Buckets: 16384  Batches: 1  Memory Usage: 597kB
              Buffers: shared hit=55
              ->  Seq Scan on product a  (cost=0.00..155.00 rows=10000 width=14) (actual rows=10000 loops=1)
                    Buffers: shared hit=55
Planning:
  Buffers: shared hit=6
Planning Time: 0.216 ms
Execution Time: 54.717 ms",58.284,3529.61,10000,"HashAggregate  (cost=3429.61..3529.61 rows=10000 width=42) (actual rows=10000 loops=1)
  Group Key: a.name
  Batches: 1  Memory Usage: 1681kB
  Buffers: shared hit=692
  ->  Hash Join  (cost=280.00..2179.61 rows=100000 width=26) (actual rows=100000 loops=1)
        Hash Cond: (b.product_id = a.product_id)
        Buffers: shared hit=692
        ->  Seq Scan on invoice b  (cost=0.00..1637.00 rows=100000 width=20) (actual rows=100000 loops=1)
              Buffers: shared hit=637
        ->  Hash  (cost=155.00..155.00 rows=10000 width=14) (actual rows=10000 loops=1)
              Buckets: 16384  Batches: 1  Memory Usage: 597kB
              Buffers: shared hit=55
              ->  Seq Scan on product a  (cost=0.00..155.00 rows=10000 width=14) (actual rows=10000 loops=1)
                    Buffers: shared hit=55
Planning:
  Buffers: shared hit=6
Planning Time: 0.225 ms
Execution Time: 58.284 ms",59.136,3529.61,10000,"HashAggregate  (cost=3429.61..3529.61 rows=10000 width=42) (actual rows=10000 loops=1)
  Group Key: a.name
  Batches: 1  Memory Usage: 1681kB
  Buffers: shared hit=692
  ->  Hash Join  (cost=280.00..2179.61 rows=100000 width=26) (actual rows=100000 loops=1)
        Hash Cond: (b.product_id = a.product_id)
        Buffers: shared hit=692
        ->  Seq Scan on invoice b  (cost=0.00..1637.00 rows=100000 width=20) (actual rows=100000 loops=1)
              Buffers: shared hit=637
        ->  Hash  (cost=155.00..155.00 rows=10000 width=14) (actual rows=10000 loops=1)
              Buckets: 16384  Batches: 1  Memory Usage: 597kB
              Buffers: shared hit=55
              ->  Seq Scan on product a  (cost=0.00..155.00 rows=10000 width=14) (actual rows=10000 loops=1)
                    Buffers: shared hit=55
Planning:
  Buffers: shared hit=6
Planning Time: 0.315 ms
Execution Time: 59.136 ms",57.757,3529.61,10000,"HashAggregate  (cost=3429.61..3529.61 rows=10000 width=42) (actual rows=10000 loops=1)
  Group Key: a.name
  Batches: 1  Memory Usage: 1681kB
  Buffers: shared hit=692
  ->  Hash Join  (cost=280.00..2179.61 rows=100000 width=26) (actual rows=100000 loops=1)
        Hash Cond: (b.product_id = a.product_id)
        Buffers: shared hit=692
        ->  Seq Scan on invoice b  (cost=0.00..1637.00 rows=100000 width=20) (actual rows=100000 loops=1)
              Buffers: shared hit=637
        ->  Hash  (cost=155.00..155.00 rows=10000 width=14) (actual rows=10000 loops=1)
              Buckets: 16384  Batches: 1  Memory Usage: 597kB
              Buffers: shared hit=55
              ->  Seq Scan on product a  (cost=0.00..155.00 rows=10000 width=14) (actual rows=10000 loops=1)
                    Buffers: shared hit=55
Planning:
  Buffers: shared hit=6
Planning Time: 0.239 ms
Execution Time: 57.757 ms",58.332,3529.61,10000,"HashAggregate  (cost=3429.61..3529.61 rows=10000 width=42) (actual rows=10000 loops=1)
  Group Key: a.name
  Batches: 1  Memory Usage: 1681kB
  Buffers: shared hit=692
  ->  Hash Join  (cost=280.00..2179.61 rows=100000 width=26) (actual rows=100000 loops=1)
        Hash Cond: (b.product_id = a.product_id)
        Buffers: shared hit=692
        ->  Seq Scan on invoice b  (cost=0.00..1637.00 rows=100000 width=20) (actual rows=100000 loops=1)
              Buffers: shared hit=637
        ->  Hash  (cost=155.00..155.00 rows=10000 width=14) (actual rows=10000 loops=1)
              Buckets: 16384  Batches: 1  Memory Usage: 597kB
              Buffers: shared hit=55
              ->  Seq Scan on product a  (cost=0.00..155.00 rows=10000 width=14) (actual rows=10000 loops=1)
                    Buffers: shared hit=55
Planning:
  Buffers: shared hit=6
Planning Time: 0.322 ms
Execution Time: 58.332 ms",57.6452,58.284,58.734,59.4576,3529.61,3529.61,10000,10000,10000,10000,1677_198,1000,1677,198,Easy,"select name, sum(rest) as rest, sum(paid) as paid, sum(canceled) as canceled, sum(refunded) as refunded from schema_1677.product as a join schema_1677.invoice as b on a.product_id = b.product_id group by name order by name",84.352,4219.0,10000,"Sort  (cost=4194.00..4219.00 rows=10000 width=42) (actual rows=10000 loops=1)
  Sort Key: a.name
  Sort Method: quicksort  Memory: 1166kB
  Buffers: shared hit=692
  ->  HashAggregate  (cost=3429.61..3529.61 rows=10000 width=42) (actual rows=10000 loops=1)
        Group Key: a.name
        Batches: 1  Memory Usage: 1681kB
        Buffers: shared hit=692
        ->  Hash Join  (cost=280.00..2179.61 rows=100000 width=26) (actual rows=100000 loops=1)
              Hash Cond: (b.product_id = a.product_id)
              Buffers: shared hit=692
              ->  Seq Scan on invoice b  (cost=0.00..1637.00 rows=100000 width=20) (actual rows=100000 loops=1)
                    Buffers: shared hit=637
              ->  Hash  (cost=155.00..155.00 rows=10000 width=14) (actual rows=10000 loops=1)
                    Buckets: 16384  Batches: 1  Memory Usage: 597kB
                    Buffers: shared hit=55
                    ->  Seq Scan on product a  (cost=0.00..155.00 rows=10000 width=14) (actual rows=10000 loops=1)
                          Buffers: shared hit=55
Planning:
  Buffers: shared hit=6
Planning Time: 0.149 ms
Execution Time: 84.352 ms",91.917,4219.0,10000,"Sort  (cost=4194.00..4219.00 rows=10000 width=42) (actual rows=10000 loops=1)
  Sort Key: a.name
  Sort Method: quicksort  Memory: 1166kB
  Buffers: shared hit=692
  ->  HashAggregate  (cost=3429.61..3529.61 rows=10000 width=42) (actual rows=10000 loops=1)
        Group Key: a.name
        Batches: 1  Memory Usage: 1681kB
        Buffers: shared hit=692
        ->  Hash Join  (cost=280.00..2179.61 rows=100000 width=26) (actual rows=100000 loops=1)
              Hash Cond: (b.product_id = a.product_id)
              Buffers: shared hit=692
              ->  Seq Scan on invoice b  (cost=0.00..1637.00 rows=100000 width=20) (actual rows=100000 loops=1)
                    Buffers: shared hit=637
              ->  Hash  (cost=155.00..155.00 rows=10000 width=14) (actual rows=10000 loops=1)
                    Buckets: 16384  Batches: 1  Memory Usage: 597kB
                    Buffers: shared hit=55
                    ->  Seq Scan on product a  (cost=0.00..155.00 rows=10000 width=14) (actual rows=10000 loops=1)
                          Buffers: shared hit=55
Planning:
  Buffers: shared hit=6
Planning Time: 0.233 ms
Execution Time: 91.917 ms",97.731,4219.0,10000,"Sort  (cost=4194.00..4219.00 rows=10000 width=42) (actual rows=10000 loops=1)
  Sort Key: a.name
  Sort Method: quicksort  Memory: 1166kB
  Buffers: shared hit=692
  ->  HashAggregate  (cost=3429.61..3529.61 rows=10000 width=42) (actual rows=10000 loops=1)
        Group Key: a.name
        Batches: 1  Memory Usage: 1681kB
        Buffers: shared hit=692
        ->  Hash Join  (cost=280.00..2179.61 rows=100000 width=26) (actual rows=100000 loops=1)
              Hash Cond: (b.product_id = a.product_id)
              Buffers: shared hit=692
              ->  Seq Scan on invoice b  (cost=0.00..1637.00 rows=100000 width=20) (actual rows=100000 loops=1)
                    Buffers: shared hit=637
              ->  Hash  (cost=155.00..155.00 rows=10000 width=14) (actual rows=10000 loops=1)
                    Buckets: 16384  Batches: 1  Memory Usage: 597kB
                    Buffers: shared hit=55
                    ->  Seq Scan on product a  (cost=0.00..155.00 rows=10000 width=14) (actual rows=10000 loops=1)
                          Buffers: shared hit=55
Planning:
  Buffers: shared hit=6
Planning Time: 0.213 ms
Execution Time: 97.731 ms",92.409,4219.0,10000,"Sort  (cost=4194.00..4219.00 rows=10000 width=42) (actual rows=10000 loops=1)
  Sort Key: a.name
  Sort Method: quicksort  Memory: 1166kB
  Buffers: shared hit=692
  ->  HashAggregate  (cost=3429.61..3529.61 rows=10000 width=42) (actual rows=10000 loops=1)
        Group Key: a.name
        Batches: 1  Memory Usage: 1681kB
        Buffers: shared hit=692
        ->  Hash Join  (cost=280.00..2179.61 rows=100000 width=26) (actual rows=100000 loops=1)
              Hash Cond: (b.product_id = a.product_id)
              Buffers: shared hit=692
              ->  Seq Scan on invoice b  (cost=0.00..1637.00 rows=100000 width=20) (actual rows=100000 loops=1)
                    Buffers: shared hit=637
              ->  Hash  (cost=155.00..155.00 rows=10000 width=14) (actual rows=10000 loops=1)
                    Buckets: 16384  Batches: 1  Memory Usage: 597kB
                    Buffers: shared hit=55
                    ->  Seq Scan on product a  (cost=0.00..155.00 rows=10000 width=14) (actual rows=10000 loops=1)
                          Buffers: shared hit=55
Planning:
  Buffers: shared hit=6
Planning Time: 0.236 ms
Execution Time: 92.409 ms",90.442,4219.0,10000,"Sort  (cost=4194.00..4219.00 rows=10000 width=42) (actual rows=10000 loops=1)
  Sort Key: a.name
  Sort Method: quicksort  Memory: 1166kB
  Buffers: shared hit=692
  ->  HashAggregate  (cost=3429.61..3529.61 rows=10000 width=42) (actual rows=10000 loops=1)
        Group Key: a.name
        Batches: 1  Memory Usage: 1681kB
        Buffers: shared hit=692
        ->  Hash Join  (cost=280.00..2179.61 rows=100000 width=26) (actual rows=100000 loops=1)
              Hash Cond: (b.product_id = a.product_id)
              Buffers: shared hit=692
              ->  Seq Scan on invoice b  (cost=0.00..1637.00 rows=100000 width=20) (actual rows=100000 loops=1)
                    Buffers: shared hit=637
              ->  Hash  (cost=155.00..155.00 rows=10000 width=14) (actual rows=10000 loops=1)
                    Buckets: 16384  Batches: 1  Memory Usage: 597kB
                    Buffers: shared hit=55
                    ->  Seq Scan on product a  (cost=0.00..155.00 rows=10000 width=14) (actual rows=10000 loops=1)
                          Buffers: shared hit=55
Planning:
  Buffers: shared hit=6
Planning Time: 0.293 ms
Execution Time: 90.442 ms",91.3702,91.917,95.07,99.8598,4219.0,4219.0,10000,10000,10000,10000,normal,normal,22.988639699999975,2.922274700000004,equal variances,significant,0.003968253968253968,-33.724999999999994,-33.633,-689.3899999999999,0,True
1001,1677,223,Easy,"select p.name as name, sum(i.rest) as rest, sum(i.paid) as paid, sum(i.canceled) as canceled, sum(i.refunded) as refunded from schema_1677.product as p inner join schema_1677.invoice as i on p.product_id = i.product_id group by p.name",52.296,3529.61,10000,"HashAggregate  (cost=3429.61..3529.61 rows=10000 width=42) (actual rows=10000 loops=1)
  Group Key: p.name
  Batches: 1  Memory Usage: 1681kB
  Buffers: shared hit=692
  ->  Hash Join  (cost=280.00..2179.61 rows=100000 width=26) (actual rows=100000 loops=1)
        Hash Cond: (i.product_id = p.product_id)
        Buffers: shared hit=692
        ->  Seq Scan on invoice i  (cost=0.00..1637.00 rows=100000 width=20) (actual rows=100000 loops=1)
              Buffers: shared hit=637
        ->  Hash  (cost=155.00..155.00 rows=10000 width=14) (actual rows=10000 loops=1)
              Buckets: 16384  Batches: 1  Memory Usage: 597kB
              Buffers: shared hit=55
              ->  Seq Scan on product p  (cost=0.00..155.00 rows=10000 width=14) (actual rows=10000 loops=1)
                    Buffers: shared hit=55
Planning:
  Buffers: shared hit=6
Planning Time: 0.159 ms
Execution Time: 52.296 ms",66.622,3529.61,10000,"HashAggregate  (cost=3429.61..3529.61 rows=10000 width=42) (actual rows=10000 loops=1)
  Group Key: p.name
  Batches: 1  Memory Usage: 1681kB
  Buffers: shared hit=692
  ->  Hash Join  (cost=280.00..2179.61 rows=100000 width=26) (actual rows=100000 loops=1)
        Hash Cond: (i.product_id = p.product_id)
        Buffers: shared hit=692
        ->  Seq Scan on invoice i  (cost=0.00..1637.00 rows=100000 width=20) (actual rows=100000 loops=1)
              Buffers: shared hit=637
        ->  Hash  (cost=155.00..155.00 rows=10000 width=14) (actual rows=10000 loops=1)
              Buckets: 16384  Batches: 1  Memory Usage: 597kB
              Buffers: shared hit=55
              ->  Seq Scan on product p  (cost=0.00..155.00 rows=10000 width=14) (actual rows=10000 loops=1)
                    Buffers: shared hit=55
Planning:
  Buffers: shared hit=6
Planning Time: 0.241 ms
Execution Time: 66.622 ms",63.778,3529.61,10000,"HashAggregate  (cost=3429.61..3529.61 rows=10000 width=42) (actual rows=10000 loops=1)
  Group Key: p.name
  Batches: 1  Memory Usage: 1681kB
  Buffers: shared hit=692
  ->  Hash Join  (cost=280.00..2179.61 rows=100000 width=26) (actual rows=100000 loops=1)
        Hash Cond: (i.product_id = p.product_id)
        Buffers: shared hit=692
        ->  Seq Scan on invoice i  (cost=0.00..1637.00 rows=100000 width=20) (actual rows=100000 loops=1)
              Buffers: shared hit=637
        ->  Hash  (cost=155.00..155.00 rows=10000 width=14) (actual rows=10000 loops=1)
              Buckets: 16384  Batches: 1  Memory Usage: 597kB
              Buffers: shared hit=55
              ->  Seq Scan on product p  (cost=0.00..155.00 rows=10000 width=14) (actual rows=10000 loops=1)
                    Buffers: shared hit=55
Planning:
  Buffers: shared hit=6
Planning Time: 0.222 ms
Execution Time: 63.778 ms",61.234,3529.61,10000,"HashAggregate  (cost=3429.61..3529.61 rows=10000 width=42) (actual rows=10000 loops=1)
  Group Key: p.name
  Batches: 1  Memory Usage: 1681kB
  Buffers: shared hit=692
  ->  Hash Join  (cost=280.00..2179.61 rows=100000 width=26) (actual rows=100000 loops=1)
        Hash Cond: (i.product_id = p.product_id)
        Buffers: shared hit=692
        ->  Seq Scan on invoice i  (cost=0.00..1637.00 rows=100000 width=20) (actual rows=100000 loops=1)
              Buffers: shared hit=637
        ->  Hash  (cost=155.00..155.00 rows=10000 width=14) (actual rows=10000 loops=1)
              Buckets: 16384  Batches: 1  Memory Usage: 597kB
              Buffers: shared hit=55
              ->  Seq Scan on product p  (cost=0.00..155.00 rows=10000 width=14) (actual rows=10000 loops=1)
                    Buffers: shared hit=55
Planning:
  Buffers: shared hit=6
Planning Time: 0.216 ms
Execution Time: 61.234 ms",58.22,3529.61,10000,"HashAggregate  (cost=3429.61..3529.61 rows=10000 width=42) (actual rows=10000 loops=1)
  Group Key: p.name
  Batches: 1  Memory Usage: 1681kB
  Buffers: shared hit=692
  ->  Hash Join  (cost=280.00..2179.61 rows=100000 width=26) (actual rows=100000 loops=1)
        Hash Cond: (i.product_id = p.product_id)
        Buffers: shared hit=692
        ->  Seq Scan on invoice i  (cost=0.00..1637.00 rows=100000 width=20) (actual rows=100000 loops=1)
              Buffers: shared hit=637
        ->  Hash  (cost=155.00..155.00 rows=10000 width=14) (actual rows=10000 loops=1)
              Buckets: 16384  Batches: 1  Memory Usage: 597kB
              Buffers: shared hit=55
              ->  Seq Scan on product p  (cost=0.00..155.00 rows=10000 width=14) (actual rows=10000 loops=1)
                    Buffers: shared hit=55
Planning:
  Buffers: shared hit=6
Planning Time: 0.188 ms
Execution Time: 58.220 ms",60.43,61.234,65.2,67.7596,3529.61,3529.61,10000,10000,10000,10000,1677_223,1001,1677,223,Easy,"select p.name, sum(i.rest) as rest, sum(i.paid) as paid, sum(i.canceled) as canceled, sum(i.refunded) as refunded from schema_1677.product as p join schema_1677.invoice as i on p.product_id = i.product_id group by p.name order by p.name asc",85.539,4219.0,10000,"Sort  (cost=4194.00..4219.00 rows=10000 width=42) (actual rows=10000 loops=1)
  Sort Key: p.name
  Sort Method: quicksort  Memory: 1166kB
  Buffers: shared hit=692
  ->  HashAggregate  (cost=3429.61..3529.61 rows=10000 width=42) (actual rows=10000 loops=1)
        Group Key: p.name
        Batches: 1  Memory Usage: 1681kB
        Buffers: shared hit=692
        ->  Hash Join  (cost=280.00..2179.61 rows=100000 width=26) (actual rows=100000 loops=1)
              Hash Cond: (i.product_id = p.product_id)
              Buffers: shared hit=692
              ->  Seq Scan on invoice i  (cost=0.00..1637.00 rows=100000 width=20) (actual rows=100000 loops=1)
                    Buffers: shared hit=637
              ->  Hash  (cost=155.00..155.00 rows=10000 width=14) (actual rows=10000 loops=1)
                    Buckets: 16384  Batches: 1  Memory Usage: 597kB
                    Buffers: shared hit=55
                    ->  Seq Scan on product p  (cost=0.00..155.00 rows=10000 width=14) (actual rows=10000 loops=1)
                          Buffers: shared hit=55
Planning:
  Buffers: shared hit=6
Planning Time: 0.180 ms
Execution Time: 85.539 ms",91.204,4219.0,10000,"Sort  (cost=4194.00..4219.00 rows=10000 width=42) (actual rows=10000 loops=1)
  Sort Key: p.name
  Sort Method: quicksort  Memory: 1166kB
  Buffers: shared hit=692
  ->  HashAggregate  (cost=3429.61..3529.61 rows=10000 width=42) (actual rows=10000 loops=1)
        Group Key: p.name
        Batches: 1  Memory Usage: 1681kB
        Buffers: shared hit=692
        ->  Hash Join  (cost=280.00..2179.61 rows=100000 width=26) (actual rows=100000 loops=1)
              Hash Cond: (i.product_id = p.product_id)
              Buffers: shared hit=692
              ->  Seq Scan on invoice i  (cost=0.00..1637.00 rows=100000 width=20) (actual rows=100000 loops=1)
                    Buffers: shared hit=637
              ->  Hash  (cost=155.00..155.00 rows=10000 width=14) (actual rows=10000 loops=1)
                    Buckets: 16384  Batches: 1  Memory Usage: 597kB
                    Buffers: shared hit=55
                    ->  Seq Scan on product p  (cost=0.00..155.00 rows=10000 width=14) (actual rows=10000 loops=1)
                          Buffers: shared hit=55
Planning:
  Buffers: shared hit=6
Planning Time: 0.221 ms
Execution Time: 91.204 ms",91.065,4219.0,10000,"Sort  (cost=4194.00..4219.00 rows=10000 width=42) (actual rows=10000 loops=1)
  Sort Key: p.name
  Sort Method: quicksort  Memory: 1166kB
  Buffers: shared hit=692
  ->  HashAggregate  (cost=3429.61..3529.61 rows=10000 width=42) (actual rows=10000 loops=1)
        Group Key: p.name
        Batches: 1  Memory Usage: 1681kB
        Buffers: shared hit=692
        ->  Hash Join  (cost=280.00..2179.61 rows=100000 width=26) (actual rows=100000 loops=1)
              Hash Cond: (i.product_id = p.product_id)
              Buffers: shared hit=692
              ->  Seq Scan on invoice i  (cost=0.00..1637.00 rows=100000 width=20) (actual rows=100000 loops=1)
                    Buffers: shared hit=637
              ->  Hash  (cost=155.00..155.00 rows=10000 width=14) (actual rows=10000 loops=1)
                    Buckets: 16384  Batches: 1  Memory Usage: 597kB
                    Buffers: shared hit=55
                    ->  Seq Scan on product p  (cost=0.00..155.00 rows=10000 width=14) (actual rows=10000 loops=1)
                          Buffers: shared hit=55
Planning:
  Buffers: shared hit=6
Planning Time: 0.237 ms
Execution Time: 91.065 ms",89.471,4219.0,10000,"Sort  (cost=4194.00..4219.00 rows=10000 width=42) (actual rows=10000 loops=1)
  Sort Key: p.name
  Sort Method: quicksort  Memory: 1166kB
  Buffers: shared hit=692
  ->  HashAggregate  (cost=3429.61..3529.61 rows=10000 width=42) (actual rows=10000 loops=1)
        Group Key: p.name
        Batches: 1  Memory Usage: 1681kB
        Buffers: shared hit=692
        ->  Hash Join  (cost=280.00..2179.61 rows=100000 width=26) (actual rows=100000 loops=1)
              Hash Cond: (i.product_id = p.product_id)
              Buffers: shared hit=692
              ->  Seq Scan on invoice i  (cost=0.00..1637.00 rows=100000 width=20) (actual rows=100000 loops=1)
                    Buffers: shared hit=637
              ->  Hash  (cost=155.00..155.00 rows=10000 width=14) (actual rows=10000 loops=1)
                    Buckets: 16384  Batches: 1  Memory Usage: 597kB
                    Buffers: shared hit=55
                    ->  Seq Scan on product p  (cost=0.00..155.00 rows=10000 width=14) (actual rows=10000 loops=1)
                          Buffers: shared hit=55
Planning:
  Buffers: shared hit=6
Planning Time: 0.345 ms
Execution Time: 89.471 ms",92.665,4219.0,10000,"Sort  (cost=4194.00..4219.00 rows=10000 width=42) (actual rows=10000 loops=1)
  Sort Key: p.name
  Sort Method: quicksort  Memory: 1166kB
  Buffers: shared hit=692
  ->  HashAggregate  (cost=3429.61..3529.61 rows=10000 width=42) (actual rows=10000 loops=1)
        Group Key: p.name
        Batches: 1  Memory Usage: 1681kB
        Buffers: shared hit=692
        ->  Hash Join  (cost=280.00..2179.61 rows=100000 width=26) (actual rows=100000 loops=1)
              Hash Cond: (i.product_id = p.product_id)
              Buffers: shared hit=692
              ->  Seq Scan on invoice i  (cost=0.00..1637.00 rows=100000 width=20) (actual rows=100000 loops=1)
                    Buffers: shared hit=637
              ->  Hash  (cost=155.00..155.00 rows=10000 width=14) (actual rows=10000 loops=1)
                    Buckets: 16384  Batches: 1  Memory Usage: 597kB
                    Buffers: shared hit=55
                    ->  Seq Scan on product p  (cost=0.00..155.00 rows=10000 width=14) (actual rows=10000 loops=1)
                          Buffers: shared hit=55
Planning:
  Buffers: shared hit=6
Planning Time: 0.230 ms
Execution Time: 92.665 ms",89.9888,91.065,91.9345,93.2494,4219.0,4219.0,10000,10000,10000,10000,normal,normal,7.4664502,30.310610000000004,equal variances,significant,0.003968253968253968,-29.558799999999998,-29.830999999999996,-689.3899999999999,0,True
1003,1677,267,Easy,"select p.name as name, sum(i.rest) as rest, sum(i.paid) as paid, sum(i.canceled) as canceled, sum(i.refunded) as refunded from schema_1677.product as p inner join schema_1677.invoice as i on p.product_id = i.product_id group by p.name",51.988,3529.61,10000,"HashAggregate  (cost=3429.61..3529.61 rows=10000 width=42) (actual rows=10000 loops=1)
  Group Key: p.name
  Batches: 1  Memory Usage: 1681kB
  Buffers: shared hit=692
  ->  Hash Join  (cost=280.00..2179.61 rows=100000 width=26) (actual rows=100000 loops=1)
        Hash Cond: (i.product_id = p.product_id)
        Buffers: shared hit=692
        ->  Seq Scan on invoice i  (cost=0.00..1637.00 rows=100000 width=20) (actual rows=100000 loops=1)
              Buffers: shared hit=637
        ->  Hash  (cost=155.00..155.00 rows=10000 width=14) (actual rows=10000 loops=1)
              Buckets: 16384  Batches: 1  Memory Usage: 597kB
              Buffers: shared hit=55
              ->  Seq Scan on product p  (cost=0.00..155.00 rows=10000 width=14) (actual rows=10000 loops=1)
                    Buffers: shared hit=55
Planning:
  Buffers: shared hit=6
Planning Time: 0.146 ms
Execution Time: 51.988 ms",59.071,3529.61,10000,"HashAggregate  (cost=3429.61..3529.61 rows=10000 width=42) (actual rows=10000 loops=1)
  Group Key: p.name
  Batches: 1  Memory Usage: 1681kB
  Buffers: shared hit=692
  ->  Hash Join  (cost=280.00..2179.61 rows=100000 width=26) (actual rows=100000 loops=1)
        Hash Cond: (i.product_id = p.product_id)
        Buffers: shared hit=692
        ->  Seq Scan on invoice i  (cost=0.00..1637.00 rows=100000 width=20) (actual rows=100000 loops=1)
              Buffers: shared hit=637
        ->  Hash  (cost=155.00..155.00 rows=10000 width=14) (actual rows=10000 loops=1)
              Buckets: 16384  Batches: 1  Memory Usage: 597kB
              Buffers: shared hit=55
              ->  Seq Scan on product p  (cost=0.00..155.00 rows=10000 width=14) (actual rows=10000 loops=1)
                    Buffers: shared hit=55
Planning:
  Buffers: shared hit=6
Planning Time: 0.275 ms
Execution Time: 59.071 ms",60.878,3529.61,10000,"HashAggregate  (cost=3429.61..3529.61 rows=10000 width=42) (actual rows=10000 loops=1)
  Group Key: p.name
  Batches: 1  Memory Usage: 1681kB
  Buffers: shared hit=692
  ->  Hash Join  (cost=280.00..2179.61 rows=100000 width=26) (actual rows=100000 loops=1)
        Hash Cond: (i.product_id = p.product_id)
        Buffers: shared hit=692
        ->  Seq Scan on invoice i  (cost=0.00..1637.00 rows=100000 width=20) (actual rows=100000 loops=1)
              Buffers: shared hit=637
        ->  Hash  (cost=155.00..155.00 rows=10000 width=14) (actual rows=10000 loops=1)
              Buckets: 16384  Batches: 1  Memory Usage: 597kB
              Buffers: shared hit=55
              ->  Seq Scan on product p  (cost=0.00..155.00 rows=10000 width=14) (actual rows=10000 loops=1)
                    Buffers: shared hit=55
Planning:
  Buffers: shared hit=6
Planning Time: 0.217 ms
Execution Time: 60.878 ms",64.051,3529.61,10000,"HashAggregate  (cost=3429.61..3529.61 rows=10000 width=42) (actual rows=10000 loops=1)
  Group Key: p.name
  Batches: 1  Memory Usage: 1681kB
  Buffers: shared hit=692
  ->  Hash Join  (cost=280.00..2179.61 rows=100000 width=26) (actual rows=100000 loops=1)
        Hash Cond: (i.product_id = p.product_id)
        Buffers: shared hit=692
        ->  Seq Scan on invoice i  (cost=0.00..1637.00 rows=100000 width=20) (actual rows=100000 loops=1)
              Buffers: shared hit=637
        ->  Hash  (cost=155.00..155.00 rows=10000 width=14) (actual rows=10000 loops=1)
              Buckets: 16384  Batches: 1  Memory Usage: 597kB
              Buffers: shared hit=55
              ->  Seq Scan on product p  (cost=0.00..155.00 rows=10000 width=14) (actual rows=10000 loops=1)
                    Buffers: shared hit=55
Planning:
  Buffers: shared hit=6
Planning Time: 0.224 ms
Execution Time: 64.051 ms",61.14,3529.61,10000,"HashAggregate  (cost=3429.61..3529.61 rows=10000 width=42) (actual rows=10000 loops=1)
  Group Key: p.name
  Batches: 1  Memory Usage: 1681kB
  Buffers: shared hit=692
  ->  Hash Join  (cost=280.00..2179.61 rows=100000 width=26) (actual rows=100000 loops=1)
        Hash Cond: (i.product_id = p.product_id)
        Buffers: shared hit=692
        ->  Seq Scan on invoice i  (cost=0.00..1637.00 rows=100000 width=20) (actual rows=100000 loops=1)
              Buffers: shared hit=637
        ->  Hash  (cost=155.00..155.00 rows=10000 width=14) (actual rows=10000 loops=1)
              Buckets: 16384  Batches: 1  Memory Usage: 597kB
              Buffers: shared hit=55
              ->  Seq Scan on product p  (cost=0.00..155.00 rows=10000 width=14) (actual rows=10000 loops=1)
                    Buffers: shared hit=55
Planning:
  Buffers: shared hit=6
Planning Time: 0.210 ms
Execution Time: 61.140 ms",59.4256,60.878,62.5955,65.2154,3529.61,3529.61,10000,10000,10000,10000,1677_267,1003,1677,267,Easy,"select p.name, sum(i.rest) as rest, sum(i.paid) as paid, sum(i.canceled) as canceled, sum(i.refunded) as refunded from schema_1677.product as p join schema_1677.invoice as i on p.product_id = i.product_id group by p.name order by p.name",84.513,4219.0,10000,"Sort  (cost=4194.00..4219.00 rows=10000 width=42) (actual rows=10000 loops=1)
  Sort Key: p.name
  Sort Method: quicksort  Memory: 1166kB
  Buffers: shared hit=692
  ->  HashAggregate  (cost=3429.61..3529.61 rows=10000 width=42) (actual rows=10000 loops=1)
        Group Key: p.name
        Batches: 1  Memory Usage: 1681kB
        Buffers: shared hit=692
        ->  Hash Join  (cost=280.00..2179.61 rows=100000 width=26) (actual rows=100000 loops=1)
              Hash Cond: (i.product_id = p.product_id)
              Buffers: shared hit=692
              ->  Seq Scan on invoice i  (cost=0.00..1637.00 rows=100000 width=20) (actual rows=100000 loops=1)
                    Buffers: shared hit=637
              ->  Hash  (cost=155.00..155.00 rows=10000 width=14) (actual rows=10000 loops=1)
                    Buckets: 16384  Batches: 1  Memory Usage: 597kB
                    Buffers: shared hit=55
                    ->  Seq Scan on product p  (cost=0.00..155.00 rows=10000 width=14) (actual rows=10000 loops=1)
                          Buffers: shared hit=55
Planning:
  Buffers: shared hit=6
Planning Time: 0.149 ms
Execution Time: 84.513 ms",93.634,4219.0,10000,"Sort  (cost=4194.00..4219.00 rows=10000 width=42) (actual rows=10000 loops=1)
  Sort Key: p.name
  Sort Method: quicksort  Memory: 1166kB
  Buffers: shared hit=692
  ->  HashAggregate  (cost=3429.61..3529.61 rows=10000 width=42) (actual rows=10000 loops=1)
        Group Key: p.name
        Batches: 1  Memory Usage: 1681kB
        Buffers: shared hit=692
        ->  Hash Join  (cost=280.00..2179.61 rows=100000 width=26) (actual rows=100000 loops=1)
              Hash Cond: (i.product_id = p.product_id)
              Buffers: shared hit=692
              ->  Seq Scan on invoice i  (cost=0.00..1637.00 rows=100000 width=20) (actual rows=100000 loops=1)
                    Buffers: shared hit=637
              ->  Hash  (cost=155.00..155.00 rows=10000 width=14) (actual rows=10000 loops=1)
                    Buckets: 16384  Batches: 1  Memory Usage: 597kB
                    Buffers: shared hit=55
                    ->  Seq Scan on product p  (cost=0.00..155.00 rows=10000 width=14) (actual rows=10000 loops=1)
                          Buffers: shared hit=55
Planning:
  Buffers: shared hit=6
Planning Time: 0.219 ms
Execution Time: 93.634 ms",89.536,4219.0,10000,"Sort  (cost=4194.00..4219.00 rows=10000 width=42) (actual rows=10000 loops=1)
  Sort Key: p.name
  Sort Method: quicksort  Memory: 1166kB
  Buffers: shared hit=692
  ->  HashAggregate  (cost=3429.61..3529.61 rows=10000 width=42) (actual rows=10000 loops=1)
        Group Key: p.name
        Batches: 1  Memory Usage: 1681kB
        Buffers: shared hit=692
        ->  Hash Join  (cost=280.00..2179.61 rows=100000 width=26) (actual rows=100000 loops=1)
              Hash Cond: (i.product_id = p.product_id)
              Buffers: shared hit=692
              ->  Seq Scan on invoice i  (cost=0.00..1637.00 rows=100000 width=20) (actual rows=100000 loops=1)
                    Buffers: shared hit=637
              ->  Hash  (cost=155.00..155.00 rows=10000 width=14) (actual rows=10000 loops=1)
                    Buckets: 16384  Batches: 1  Memory Usage: 597kB
                    Buffers: shared hit=55
                    ->  Seq Scan on product p  (cost=0.00..155.00 rows=10000 width=14) (actual rows=10000 loops=1)
                          Buffers: shared hit=55
Planning:
  Buffers: shared hit=6
Planning Time: 0.272 ms
Execution Time: 89.536 ms",92.022,4219.0,10000,"Sort  (cost=4194.00..4219.00 rows=10000 width=42) (actual rows=10000 loops=1)
  Sort Key: p.name
  Sort Method: quicksort  Memory: 1166kB
  Buffers: shared hit=692
  ->  HashAggregate  (cost=3429.61..3529.61 rows=10000 width=42) (actual rows=10000 loops=1)
        Group Key: p.name
        Batches: 1  Memory Usage: 1681kB
        Buffers: shared hit=692
        ->  Hash Join  (cost=280.00..2179.61 rows=100000 width=26) (actual rows=100000 loops=1)
              Hash Cond: (i.product_id = p.product_id)
              Buffers: shared hit=692
              ->  Seq Scan on invoice i  (cost=0.00..1637.00 rows=100000 width=20) (actual rows=100000 loops=1)
                    Buffers: shared hit=637
              ->  Hash  (cost=155.00..155.00 rows=10000 width=14) (actual rows=10000 loops=1)
                    Buckets: 16384  Batches: 1  Memory Usage: 597kB
                    Buffers: shared hit=55
                    ->  Seq Scan on product p  (cost=0.00..155.00 rows=10000 width=14) (actual rows=10000 loops=1)
                          Buffers: shared hit=55
Planning:
  Buffers: shared hit=6
Planning Time: 0.329 ms
Execution Time: 92.022 ms",90.502,4219.0,10000,"Sort  (cost=4194.00..4219.00 rows=10000 width=42) (actual rows=10000 loops=1)
  Sort Key: p.name
  Sort Method: quicksort  Memory: 1166kB
  Buffers: shared hit=692
  ->  HashAggregate  (cost=3429.61..3529.61 rows=10000 width=42) (actual rows=10000 loops=1)
        Group Key: p.name
        Batches: 1  Memory Usage: 1681kB
        Buffers: shared hit=692
        ->  Hash Join  (cost=280.00..2179.61 rows=100000 width=26) (actual rows=100000 loops=1)
              Hash Cond: (i.product_id = p.product_id)
              Buffers: shared hit=692
              ->  Seq Scan on invoice i  (cost=0.00..1637.00 rows=100000 width=20) (actual rows=100000 loops=1)
                    Buffers: shared hit=637
              ->  Hash  (cost=155.00..155.00 rows=10000 width=14) (actual rows=10000 loops=1)
                    Buckets: 16384  Batches: 1  Memory Usage: 597kB
                    Buffers: shared hit=55
                    ->  Seq Scan on product p  (cost=0.00..155.00 rows=10000 width=14) (actual rows=10000 loops=1)
                          Buffers: shared hit=55
Planning:
  Buffers: shared hit=6
Planning Time: 0.220 ms
Execution Time: 90.502 ms",90.0414,90.502,92.828,94.2788,4219.0,4219.0,10000,10000,10000,10000,normal,normal,11.965084799999989,20.47164830000001,equal variances,significant,0.003968253968253968,-30.615799999999993,-29.623999999999995,-689.3899999999999,0,True
1004,1677,269,Easy,"select p.name as name, t_cte_2.c_sum2 as rest, t_cte_2.c_sum1 as paid, t_cte_2.c_sum0 as canceled, t_cte_2.c_sum3 as refunded from (select sum(i.canceled) as c_sum0, sum(i.paid) as c_sum1, i.product_id as c_product_id0, sum(i.rest) as c_sum2, sum(i.refunded) as c_sum3 from schema_1677.invoice as i group by i.product_id) as t_cte_2 left join schema_1677.product as p on p.product_id = t_cte_2.c_product_id0 order by name asc",65.492,4068.04,10000,"Sort  (cost=4043.41..4068.04 rows=9852 width=42) (actual rows=10000 loops=1)
  Sort Key: p.name
  Sort Method: quicksort  Memory: 1166kB
  Buffers: shared hit=692
  ->  Hash Left Join  (cost=3167.00..3389.91 rows=9852 width=42) (actual rows=10000 loops=1)
        Hash Cond: (i.product_id = p.product_id)
        Buffers: shared hit=692
        ->  HashAggregate  (cost=2887.00..2985.52 rows=9852 width=36) (actual rows=10000 loops=1)
              Group Key: i.product_id
              Batches: 1  Memory Usage: 1681kB
              Buffers: shared hit=637
              ->  Seq Scan on invoice i  (cost=0.00..1637.00 rows=100000 width=20) (actual rows=100000 loops=1)
                    Buffers: shared hit=637
        ->  Hash  (cost=155.00..155.00 rows=10000 width=14) (actual rows=10000 loops=1)
              Buckets: 16384  Batches: 1  Memory Usage: 597kB
              Buffers: shared hit=55
              ->  Seq Scan on product p  (cost=0.00..155.00 rows=10000 width=14) (actual rows=10000 loops=1)
                    Buffers: shared hit=55
Planning Time: 0.129 ms
Execution Time: 65.492 ms",72.908,4068.04,10000,"Sort  (cost=4043.41..4068.04 rows=9852 width=42) (actual rows=10000 loops=1)
  Sort Key: p.name
  Sort Method: quicksort  Memory: 1166kB
  Buffers: shared hit=692
  ->  Hash Left Join  (cost=3167.00..3389.91 rows=9852 width=42) (actual rows=10000 loops=1)
        Hash Cond: (i.product_id = p.product_id)
        Buffers: shared hit=692
        ->  HashAggregate  (cost=2887.00..2985.52 rows=9852 width=36) (actual rows=10000 loops=1)
              Group Key: i.product_id
              Batches: 1  Memory Usage: 1681kB
              Buffers: shared hit=637
              ->  Seq Scan on invoice i  (cost=0.00..1637.00 rows=100000 width=20) (actual rows=100000 loops=1)
                    Buffers: shared hit=637
        ->  Hash  (cost=155.00..155.00 rows=10000 width=14) (actual rows=10000 loops=1)
              Buckets: 16384  Batches: 1  Memory Usage: 597kB
              Buffers: shared hit=55
              ->  Seq Scan on product p  (cost=0.00..155.00 rows=10000 width=14) (actual rows=10000 loops=1)
                    Buffers: shared hit=55
Planning Time: 0.186 ms
Execution Time: 72.908 ms",74.556,4068.04,10000,"Sort  (cost=4043.41..4068.04 rows=9852 width=42) (actual rows=10000 loops=1)
  Sort Key: p.name
  Sort Method: quicksort  Memory: 1166kB
  Buffers: shared hit=692
  ->  Hash Left Join  (cost=3167.00..3389.91 rows=9852 width=42) (actual rows=10000 loops=1)
        Hash Cond: (i.product_id = p.product_id)
        Buffers: shared hit=692
        ->  HashAggregate  (cost=2887.00..2985.52 rows=9852 width=36) (actual rows=10000 loops=1)
              Group Key: i.product_id
              Batches: 1  Memory Usage: 1681kB
              Buffers: shared hit=637
              ->  Seq Scan on invoice i  (cost=0.00..1637.00 rows=100000 width=20) (actual rows=100000 loops=1)
                    Buffers: shared hit=637
        ->  Hash  (cost=155.00..155.00 rows=10000 width=14) (actual rows=10000 loops=1)
              Buckets: 16384  Batches: 1  Memory Usage: 597kB
              Buffers: shared hit=55
              ->  Seq Scan on product p  (cost=0.00..155.00 rows=10000 width=14) (actual rows=10000 loops=1)
                    Buffers: shared hit=55
Planning Time: 0.168 ms
Execution Time: 74.556 ms",71.248,4068.04,10000,"Sort  (cost=4043.41..4068.04 rows=9852 width=42) (actual rows=10000 loops=1)
  Sort Key: p.name
  Sort Method: quicksort  Memory: 1166kB
  Buffers: shared hit=692
  ->  Hash Left Join  (cost=3167.00..3389.91 rows=9852 width=42) (actual rows=10000 loops=1)
        Hash Cond: (i.product_id = p.product_id)
        Buffers: shared hit=692
        ->  HashAggregate  (cost=2887.00..2985.52 rows=9852 width=36) (actual rows=10000 loops=1)
              Group Key: i.product_id
              Batches: 1  Memory Usage: 1681kB
              Buffers: shared hit=637
              ->  Seq Scan on invoice i  (cost=0.00..1637.00 rows=100000 width=20) (actual rows=100000 loops=1)
                    Buffers: shared hit=637
        ->  Hash  (cost=155.00..155.00 rows=10000 width=14) (actual rows=10000 loops=1)
              Buckets: 16384  Batches: 1  Memory Usage: 597kB
              Buffers: shared hit=55
              ->  Seq Scan on product p  (cost=0.00..155.00 rows=10000 width=14) (actual rows=10000 loops=1)
                    Buffers: shared hit=55
Planning Time: 0.161 ms
Execution Time: 71.248 ms",70.485,4068.04,10000,"Sort  (cost=4043.41..4068.04 rows=9852 width=42) (actual rows=10000 loops=1)
  Sort Key: p.name
  Sort Method: quicksort  Memory: 1166kB
  Buffers: shared hit=692
  ->  Hash Left Join  (cost=3167.00..3389.91 rows=9852 width=42) (actual rows=10000 loops=1)
        Hash Cond: (i.product_id = p.product_id)
        Buffers: shared hit=692
        ->  HashAggregate  (cost=2887.00..2985.52 rows=9852 width=36) (actual rows=10000 loops=1)
              Group Key: i.product_id
              Batches: 1  Memory Usage: 1681kB
              Buffers: shared hit=637
              ->  Seq Scan on invoice i  (cost=0.00..1637.00 rows=100000 width=20) (actual rows=100000 loops=1)
                    Buffers: shared hit=637
        ->  Hash  (cost=155.00..155.00 rows=10000 width=14) (actual rows=10000 loops=1)
              Buckets: 16384  Batches: 1  Memory Usage: 597kB
              Buffers: shared hit=55
              ->  Seq Scan on product p  (cost=0.00..155.00 rows=10000 width=14) (actual rows=10000 loops=1)
                    Buffers: shared hit=55
Planning Time: 0.198 ms
Execution Time: 70.485 ms",70.9378,71.248,73.732,75.2152,4068.04,4068.04,10000,10000,10000,10000,1677_269,1004,1677,269,Easy,"select p.name, sum(i.rest) as rest, sum(i.paid) as paid, sum(i.canceled) as canceled, sum(i.refunded) as refunded from schema_1677.product as p right outer join schema_1677.invoice as i on p.product_id = i.product_id group by p.product_id order by name",84.782,4219.0,10000,"Sort  (cost=4194.00..4219.00 rows=10000 width=46) (actual rows=10000 loops=1)
  Sort Key: p.name
  Sort Method: quicksort  Memory: 1790kB
  Buffers: shared hit=692
  ->  HashAggregate  (cost=3429.61..3529.61 rows=10000 width=46) (actual rows=10000 loops=1)
        Group Key: p.product_id
        Batches: 1  Memory Usage: 1681kB
        Buffers: shared hit=692
        ->  Hash Left Join  (cost=280.00..2179.61 rows=100000 width=30) (actual rows=100000 loops=1)
              Hash Cond: (i.product_id = p.product_id)
              Buffers: shared hit=692
              ->  Seq Scan on invoice i  (cost=0.00..1637.00 rows=100000 width=20) (actual rows=100000 loops=1)
                    Buffers: shared hit=637
              ->  Hash  (cost=155.00..155.00 rows=10000 width=14) (actual rows=10000 loops=1)
                    Buckets: 16384  Batches: 1  Memory Usage: 597kB
                    Buffers: shared hit=55
                    ->  Seq Scan on product p  (cost=0.00..155.00 rows=10000 width=14) (actual rows=10000 loops=1)
                          Buffers: shared hit=55
Planning:
  Buffers: shared hit=6
Planning Time: 0.212 ms
Execution Time: 84.782 ms",92.181,4219.0,10000,"Sort  (cost=4194.00..4219.00 rows=10000 width=46) (actual rows=10000 loops=1)
  Sort Key: p.name
  Sort Method: quicksort  Memory: 1790kB
  Buffers: shared hit=692
  ->  HashAggregate  (cost=3429.61..3529.61 rows=10000 width=46) (actual rows=10000 loops=1)
        Group Key: p.product_id
        Batches: 1  Memory Usage: 1681kB
        Buffers: shared hit=692
        ->  Hash Left Join  (cost=280.00..2179.61 rows=100000 width=30) (actual rows=100000 loops=1)
              Hash Cond: (i.product_id = p.product_id)
              Buffers: shared hit=692
              ->  Seq Scan on invoice i  (cost=0.00..1637.00 rows=100000 width=20) (actual rows=100000 loops=1)
                    Buffers: shared hit=637
              ->  Hash  (cost=155.00..155.00 rows=10000 width=14) (actual rows=10000 loops=1)
                    Buckets: 16384  Batches: 1  Memory Usage: 597kB
                    Buffers: shared hit=55
                    ->  Seq Scan on product p  (cost=0.00..155.00 rows=10000 width=14) (actual rows=10000 loops=1)
                          Buffers: shared hit=55
Planning:
  Buffers: shared hit=6
Planning Time: 0.201 ms
Execution Time: 92.181 ms",90.089,4219.0,10000,"Sort  (cost=4194.00..4219.00 rows=10000 width=46) (actual rows=10000 loops=1)
  Sort Key: p.name
  Sort Method: quicksort  Memory: 1790kB
  Buffers: shared hit=692
  ->  HashAggregate  (cost=3429.61..3529.61 rows=10000 width=46) (actual rows=10000 loops=1)
        Group Key: p.product_id
        Batches: 1  Memory Usage: 1681kB
        Buffers: shared hit=692
        ->  Hash Left Join  (cost=280.00..2179.61 rows=100000 width=30) (actual rows=100000 loops=1)
              Hash Cond: (i.product_id = p.product_id)
              Buffers: shared hit=692
              ->  Seq Scan on invoice i  (cost=0.00..1637.00 rows=100000 width=20) (actual rows=100000 loops=1)
                    Buffers: shared hit=637
              ->  Hash  (cost=155.00..155.00 rows=10000 width=14) (actual rows=10000 loops=1)
                    Buckets: 16384  Batches: 1  Memory Usage: 597kB
                    Buffers: shared hit=55
                    ->  Seq Scan on product p  (cost=0.00..155.00 rows=10000 width=14) (actual rows=10000 loops=1)
                          Buffers: shared hit=55
Planning:
  Buffers: shared hit=6
Planning Time: 0.188 ms
Execution Time: 90.089 ms",91.65,4219.0,10000,"Sort  (cost=4194.00..4219.00 rows=10000 width=46) (actual rows=10000 loops=1)
  Sort Key: p.name
  Sort Method: quicksort  Memory: 1790kB
  Buffers: shared hit=692
  ->  HashAggregate  (cost=3429.61..3529.61 rows=10000 width=46) (actual rows=10000 loops=1)
        Group Key: p.product_id
        Batches: 1  Memory Usage: 1681kB
        Buffers: shared hit=692
        ->  Hash Left Join  (cost=280.00..2179.61 rows=100000 width=30) (actual rows=100000 loops=1)
              Hash Cond: (i.product_id = p.product_id)
              Buffers: shared hit=692
              ->  Seq Scan on invoice i  (cost=0.00..1637.00 rows=100000 width=20) (actual rows=100000 loops=1)
                    Buffers: shared hit=637
              ->  Hash  (cost=155.00..155.00 rows=10000 width=14) (actual rows=10000 loops=1)
                    Buckets: 16384  Batches: 1  Memory Usage: 597kB
                    Buffers: shared hit=55
                    ->  Seq Scan on product p  (cost=0.00..155.00 rows=10000 width=14) (actual rows=10000 loops=1)
                          Buffers: shared hit=55
Planning:
  Buffers: shared hit=6
Planning Time: 0.207 ms
Execution Time: 91.650 ms",93.828,4219.0,10000,"Sort  (cost=4194.00..4219.00 rows=10000 width=46) (actual rows=10000 loops=1)
  Sort Key: p.name
  Sort Method: quicksort  Memory: 1790kB
  Buffers: shared hit=692
  ->  HashAggregate  (cost=3429.61..3529.61 rows=10000 width=46) (actual rows=10000 loops=1)
        Group Key: p.product_id
        Batches: 1  Memory Usage: 1681kB
        Buffers: shared hit=692
        ->  Hash Left Join  (cost=280.00..2179.61 rows=100000 width=30) (actual rows=100000 loops=1)
              Hash Cond: (i.product_id = p.product_id)
              Buffers: shared hit=692
              ->  Seq Scan on invoice i  (cost=0.00..1637.00 rows=100000 width=20) (actual rows=100000 loops=1)
                    Buffers: shared hit=637
              ->  Hash  (cost=155.00..155.00 rows=10000 width=14) (actual rows=10000 loops=1)
                    Buckets: 16384  Batches: 1  Memory Usage: 597kB
                    Buffers: shared hit=55
                    ->  Seq Scan on product p  (cost=0.00..155.00 rows=10000 width=14) (actual rows=10000 loops=1)
                          Buffers: shared hit=55
Planning:
  Buffers: shared hit=6
Planning Time: 0.290 ms
Execution Time: 93.828 ms",90.506,91.65,93.0045,94.4868,4219.0,4219.0,10000,10000,10000,10000,normal,normal,12.022027500000016,11.732762199999984,equal variances,significant,0.003968253968253968,-19.568200000000004,-20.402,-150.96000000000004,0,True
1005,1677,270,Easy,"select p.name as name, t_cte_7.c_sum1 as rest, t_cte_7.c_sum0 as paid, t_cte_7.c_sum3 as canceled, t_cte_7.c_sum2 as refunded from schema_1677.product as p inner join (select sum(i.paid) as c_sum0, sum(i.rest) as c_sum1, sum(i.refunded) as c_sum2, sum(i.canceled) as c_sum3, i.product_id as c_product_id0 from schema_1677.invoice as i group by i.product_id) as t_cte_7 on t_cte_7.c_product_id0 = p.product_id order by name asc",68.295,4068.04,10000,"Sort  (cost=4043.41..4068.04 rows=9852 width=42) (actual rows=10000 loops=1)
  Sort Key: p.name
  Sort Method: quicksort  Memory: 1166kB
  Buffers: shared hit=692
  ->  Hash Join  (cost=3167.00..3389.91 rows=9852 width=42) (actual rows=10000 loops=1)
        Hash Cond: (i.product_id = p.product_id)
        Buffers: shared hit=692
        ->  HashAggregate  (cost=2887.00..2985.52 rows=9852 width=36) (actual rows=10000 loops=1)
              Group Key: i.product_id
              Batches: 1  Memory Usage: 1681kB
              Buffers: shared hit=637
              ->  Seq Scan on invoice i  (cost=0.00..1637.00 rows=100000 width=20) (actual rows=100000 loops=1)
                    Buffers: shared hit=637
        ->  Hash  (cost=155.00..155.00 rows=10000 width=14) (actual rows=10000 loops=1)
              Buckets: 16384  Batches: 1  Memory Usage: 597kB
              Buffers: shared hit=55
              ->  Seq Scan on product p  (cost=0.00..155.00 rows=10000 width=14) (actual rows=10000 loops=1)
                    Buffers: shared hit=55
Planning Time: 0.118 ms
Execution Time: 68.295 ms",71.48,4068.04,10000,"Sort  (cost=4043.41..4068.04 rows=9852 width=42) (actual rows=10000 loops=1)
  Sort Key: p.name
  Sort Method: quicksort  Memory: 1166kB
  Buffers: shared hit=692
  ->  Hash Join  (cost=3167.00..3389.91 rows=9852 width=42) (actual rows=10000 loops=1)
        Hash Cond: (i.product_id = p.product_id)
        Buffers: shared hit=692
        ->  HashAggregate  (cost=2887.00..2985.52 rows=9852 width=36) (actual rows=10000 loops=1)
              Group Key: i.product_id
              Batches: 1  Memory Usage: 1681kB
              Buffers: shared hit=637
              ->  Seq Scan on invoice i  (cost=0.00..1637.00 rows=100000 width=20) (actual rows=100000 loops=1)
                    Buffers: shared hit=637
        ->  Hash  (cost=155.00..155.00 rows=10000 width=14) (actual rows=10000 loops=1)
              Buckets: 16384  Batches: 1  Memory Usage: 597kB
              Buffers: shared hit=55
              ->  Seq Scan on product p  (cost=0.00..155.00 rows=10000 width=14) (actual rows=10000 loops=1)
                    Buffers: shared hit=55
Planning Time: 0.254 ms
Execution Time: 71.480 ms",74.07,4068.04,10000,"Sort  (cost=4043.41..4068.04 rows=9852 width=42) (actual rows=10000 loops=1)
  Sort Key: p.name
  Sort Method: quicksort  Memory: 1166kB
  Buffers: shared hit=692
  ->  Hash Join  (cost=3167.00..3389.91 rows=9852 width=42) (actual rows=10000 loops=1)
        Hash Cond: (i.product_id = p.product_id)
        Buffers: shared hit=692
        ->  HashAggregate  (cost=2887.00..2985.52 rows=9852 width=36) (actual rows=10000 loops=1)
              Group Key: i.product_id
              Batches: 1  Memory Usage: 1681kB
              Buffers: shared hit=637
              ->  Seq Scan on invoice i  (cost=0.00..1637.00 rows=100000 width=20) (actual rows=100000 loops=1)
                    Buffers: shared hit=637
        ->  Hash  (cost=155.00..155.00 rows=10000 width=14) (actual rows=10000 loops=1)
              Buckets: 16384  Batches: 1  Memory Usage: 597kB
              Buffers: shared hit=55
              ->  Seq Scan on product p  (cost=0.00..155.00 rows=10000 width=14) (actual rows=10000 loops=1)
                    Buffers: shared hit=55
Planning Time: 0.172 ms
Execution Time: 74.070 ms",70.432,4068.04,10000,"Sort  (cost=4043.41..4068.04 rows=9852 width=42) (actual rows=10000 loops=1)
  Sort Key: p.name
  Sort Method: quicksort  Memory: 1166kB
  Buffers: shared hit=692
  ->  Hash Join  (cost=3167.00..3389.91 rows=9852 width=42) (actual rows=10000 loops=1)
        Hash Cond: (i.product_id = p.product_id)
        Buffers: shared hit=692
        ->  HashAggregate  (cost=2887.00..2985.52 rows=9852 width=36) (actual rows=10000 loops=1)
              Group Key: i.product_id
              Batches: 1  Memory Usage: 1681kB
              Buffers: shared hit=637
              ->  Seq Scan on invoice i  (cost=0.00..1637.00 rows=100000 width=20) (actual rows=100000 loops=1)
                    Buffers: shared hit=637
        ->  Hash  (cost=155.00..155.00 rows=10000 width=14) (actual rows=10000 loops=1)
              Buckets: 16384  Batches: 1  Memory Usage: 597kB
              Buffers: shared hit=55
              ->  Seq Scan on product p  (cost=0.00..155.00 rows=10000 width=14) (actual rows=10000 loops=1)
                    Buffers: shared hit=55
Planning Time: 0.220 ms
Execution Time: 70.432 ms",72.427,4068.04,10000,"Sort  (cost=4043.41..4068.04 rows=9852 width=42) (actual rows=10000 loops=1)
  Sort Key: p.name
  Sort Method: quicksort  Memory: 1166kB
  Buffers: shared hit=692
  ->  Hash Join  (cost=3167.00..3389.91 rows=9852 width=42) (actual rows=10000 loops=1)
        Hash Cond: (i.product_id = p.product_id)
        Buffers: shared hit=692
        ->  HashAggregate  (cost=2887.00..2985.52 rows=9852 width=36) (actual rows=10000 loops=1)
              Group Key: i.product_id
              Batches: 1  Memory Usage: 1681kB
              Buffers: shared hit=637
              ->  Seq Scan on invoice i  (cost=0.00..1637.00 rows=100000 width=20) (actual rows=100000 loops=1)
                    Buffers: shared hit=637
        ->  Hash  (cost=155.00..155.00 rows=10000 width=14) (actual rows=10000 loops=1)
              Buckets: 16384  Batches: 1  Memory Usage: 597kB
              Buffers: shared hit=55
              ->  Seq Scan on product p  (cost=0.00..155.00 rows=10000 width=14) (actual rows=10000 loops=1)
                    Buffers: shared hit=55
Planning Time: 0.175 ms
Execution Time: 72.427 ms",71.3408,71.48,73.2485,74.7272,4068.04,4068.04,10000,10000,10000,10000,1677_270,1005,1677,270,Easy,"select p.name, sum(i.rest) as rest, sum(i.paid) as paid, sum(i.canceled) as canceled, sum(i.refunded) as refunded from schema_1677.product as p join schema_1677.invoice as i on i.product_id = p.product_id group by p.product_id order by p.name",83.236,4219.0,10000,"Sort  (cost=4194.00..4219.00 rows=10000 width=46) (actual rows=10000 loops=1)
  Sort Key: p.name
  Sort Method: quicksort  Memory: 1790kB
  Buffers: shared hit=692
  ->  HashAggregate  (cost=3429.61..3529.61 rows=10000 width=46) (actual rows=10000 loops=1)
        Group Key: p.product_id
        Batches: 1  Memory Usage: 1681kB
        Buffers: shared hit=692
        ->  Hash Join  (cost=280.00..2179.61 rows=100000 width=30) (actual rows=100000 loops=1)
              Hash Cond: (i.product_id = p.product_id)
              Buffers: shared hit=692
              ->  Seq Scan on invoice i  (cost=0.00..1637.00 rows=100000 width=20) (actual rows=100000 loops=1)
                    Buffers: shared hit=637
              ->  Hash  (cost=155.00..155.00 rows=10000 width=14) (actual rows=10000 loops=1)
                    Buckets: 16384  Batches: 1  Memory Usage: 597kB
                    Buffers: shared hit=55
                    ->  Seq Scan on product p  (cost=0.00..155.00 rows=10000 width=14) (actual rows=10000 loops=1)
                          Buffers: shared hit=55
Planning:
  Buffers: shared hit=6
Planning Time: 0.144 ms
Execution Time: 83.236 ms",89.611,4219.0,10000,"Sort  (cost=4194.00..4219.00 rows=10000 width=46) (actual rows=10000 loops=1)
  Sort Key: p.name
  Sort Method: quicksort  Memory: 1790kB
  Buffers: shared hit=692
  ->  HashAggregate  (cost=3429.61..3529.61 rows=10000 width=46) (actual rows=10000 loops=1)
        Group Key: p.product_id
        Batches: 1  Memory Usage: 1681kB
        Buffers: shared hit=692
        ->  Hash Join  (cost=280.00..2179.61 rows=100000 width=30) (actual rows=100000 loops=1)
              Hash Cond: (i.product_id = p.product_id)
              Buffers: shared hit=692
              ->  Seq Scan on invoice i  (cost=0.00..1637.00 rows=100000 width=20) (actual rows=100000 loops=1)
                    Buffers: shared hit=637
              ->  Hash  (cost=155.00..155.00 rows=10000 width=14) (actual rows=10000 loops=1)
                    Buckets: 16384  Batches: 1  Memory Usage: 597kB
                    Buffers: shared hit=55
                    ->  Seq Scan on product p  (cost=0.00..155.00 rows=10000 width=14) (actual rows=10000 loops=1)
                          Buffers: shared hit=55
Planning:
  Buffers: shared hit=6
Planning Time: 0.222 ms
Execution Time: 89.611 ms",87.778,4219.0,10000,"Sort  (cost=4194.00..4219.00 rows=10000 width=46) (actual rows=10000 loops=1)
  Sort Key: p.name
  Sort Method: quicksort  Memory: 1790kB
  Buffers: shared hit=692
  ->  HashAggregate  (cost=3429.61..3529.61 rows=10000 width=46) (actual rows=10000 loops=1)
        Group Key: p.product_id
        Batches: 1  Memory Usage: 1681kB
        Buffers: shared hit=692
        ->  Hash Join  (cost=280.00..2179.61 rows=100000 width=30) (actual rows=100000 loops=1)
              Hash Cond: (i.product_id = p.product_id)
              Buffers: shared hit=692
              ->  Seq Scan on invoice i  (cost=0.00..1637.00 rows=100000 width=20) (actual rows=100000 loops=1)
                    Buffers: shared hit=637
              ->  Hash  (cost=155.00..155.00 rows=10000 width=14) (actual rows=10000 loops=1)
                    Buckets: 16384  Batches: 1  Memory Usage: 597kB
                    Buffers: shared hit=55
                    ->  Seq Scan on product p  (cost=0.00..155.00 rows=10000 width=14) (actual rows=10000 loops=1)
                          Buffers: shared hit=55
Planning:
  Buffers: shared hit=6
Planning Time: 0.273 ms
Execution Time: 87.778 ms",99.054,4219.0,10000,"Sort  (cost=4194.00..4219.00 rows=10000 width=46) (actual rows=10000 loops=1)
  Sort Key: p.name
  Sort Method: quicksort  Memory: 1790kB
  Buffers: shared hit=692
  ->  HashAggregate  (cost=3429.61..3529.61 rows=10000 width=46) (actual rows=10000 loops=1)
        Group Key: p.product_id
        Batches: 1  Memory Usage: 1681kB
        Buffers: shared hit=692
        ->  Hash Join  (cost=280.00..2179.61 rows=100000 width=30) (actual rows=100000 loops=1)
              Hash Cond: (i.product_id = p.product_id)
              Buffers: shared hit=692
              ->  Seq Scan on invoice i  (cost=0.00..1637.00 rows=100000 width=20) (actual rows=100000 loops=1)
                    Buffers: shared hit=637
              ->  Hash  (cost=155.00..155.00 rows=10000 width=14) (actual rows=10000 loops=1)
                    Buckets: 16384  Batches: 1  Memory Usage: 597kB
                    Buffers: shared hit=55
                    ->  Seq Scan on product p  (cost=0.00..155.00 rows=10000 width=14) (actual rows=10000 loops=1)
                          Buffers: shared hit=55
Planning:
  Buffers: shared hit=6
Planning Time: 0.196 ms
Execution Time: 99.054 ms",91.695,4219.0,10000,"Sort  (cost=4194.00..4219.00 rows=10000 width=46) (actual rows=10000 loops=1)
  Sort Key: p.name
  Sort Method: quicksort  Memory: 1790kB
  Buffers: shared hit=692
  ->  HashAggregate  (cost=3429.61..3529.61 rows=10000 width=46) (actual rows=10000 loops=1)
        Group Key: p.product_id
        Batches: 1  Memory Usage: 1681kB
        Buffers: shared hit=692
        ->  Hash Join  (cost=280.00..2179.61 rows=100000 width=30) (actual rows=100000 loops=1)
              Hash Cond: (i.product_id = p.product_id)
              Buffers: shared hit=692
              ->  Seq Scan on invoice i  (cost=0.00..1637.00 rows=100000 width=20) (actual rows=100000 loops=1)
                    Buffers: shared hit=637
              ->  Hash  (cost=155.00..155.00 rows=10000 width=14) (actual rows=10000 loops=1)
                    Buckets: 16384  Batches: 1  Memory Usage: 597kB
                    Buffers: shared hit=55
                    ->  Seq Scan on product p  (cost=0.00..155.00 rows=10000 width=14) (actual rows=10000 loops=1)
                          Buffers: shared hit=55
Planning:
  Buffers: shared hit=6
Planning Time: 0.213 ms
Execution Time: 91.695 ms",90.2748,89.611,95.3745,101.9976,4219.0,4219.0,10000,10000,10000,10000,normal,normal,33.82766669999999,4.687638699999991,equal variances,significant,0.003968253968253968,-18.933999999999997,-18.131,-150.96000000000004,0,True
1006,1677,278,Easy,"select p.name as name, sum(i.rest) as rest, sum(i.paid) as paid, sum(i.canceled) as canceled, sum(i.refunded) as refunded from schema_1677.product as p inner join schema_1677.invoice as i on i.product_id = p.product_id group by p.name",61.643,3529.61,10000,"HashAggregate  (cost=3429.61..3529.61 rows=10000 width=42) (actual rows=10000 loops=1)
  Group Key: p.name
  Batches: 1  Memory Usage: 1681kB
  Buffers: shared hit=692
  ->  Hash Join  (cost=280.00..2179.61 rows=100000 width=26) (actual rows=100000 loops=1)
        Hash Cond: (i.product_id = p.product_id)
        Buffers: shared hit=692
        ->  Seq Scan on invoice i  (cost=0.00..1637.00 rows=100000 width=20) (actual rows=100000 loops=1)
              Buffers: shared hit=637
        ->  Hash  (cost=155.00..155.00 rows=10000 width=14) (actual rows=10000 loops=1)
              Buckets: 16384  Batches: 1  Memory Usage: 597kB
              Buffers: shared hit=55
              ->  Seq Scan on product p  (cost=0.00..155.00 rows=10000 width=14) (actual rows=10000 loops=1)
                    Buffers: shared hit=55
Planning:
  Buffers: shared hit=6
Planning Time: 0.219 ms
Execution Time: 61.643 ms",64.042,3529.61,10000,"HashAggregate  (cost=3429.61..3529.61 rows=10000 width=42) (actual rows=10000 loops=1)
  Group Key: p.name
  Batches: 1  Memory Usage: 1681kB
  Buffers: shared hit=692
  ->  Hash Join  (cost=280.00..2179.61 rows=100000 width=26) (actual rows=100000 loops=1)
        Hash Cond: (i.product_id = p.product_id)
        Buffers: shared hit=692
        ->  Seq Scan on invoice i  (cost=0.00..1637.00 rows=100000 width=20) (actual rows=100000 loops=1)
              Buffers: shared hit=637
        ->  Hash  (cost=155.00..155.00 rows=10000 width=14) (actual rows=10000 loops=1)
              Buckets: 16384  Batches: 1  Memory Usage: 597kB
              Buffers: shared hit=55
              ->  Seq Scan on product p  (cost=0.00..155.00 rows=10000 width=14) (actual rows=10000 loops=1)
                    Buffers: shared hit=55
Planning:
  Buffers: shared hit=6
Planning Time: 0.228 ms
Execution Time: 64.042 ms",58.766,3529.61,10000,"HashAggregate  (cost=3429.61..3529.61 rows=10000 width=42) (actual rows=10000 loops=1)
  Group Key: p.name
  Batches: 1  Memory Usage: 1681kB
  Buffers: shared hit=692
  ->  Hash Join  (cost=280.00..2179.61 rows=100000 width=26) (actual rows=100000 loops=1)
        Hash Cond: (i.product_id = p.product_id)
        Buffers: shared hit=692
        ->  Seq Scan on invoice i  (cost=0.00..1637.00 rows=100000 width=20) (actual rows=100000 loops=1)
              Buffers: shared hit=637
        ->  Hash  (cost=155.00..155.00 rows=10000 width=14) (actual rows=10000 loops=1)
              Buckets: 16384  Batches: 1  Memory Usage: 597kB
              Buffers: shared hit=55
              ->  Seq Scan on product p  (cost=0.00..155.00 rows=10000 width=14) (actual rows=10000 loops=1)
                    Buffers: shared hit=55
Planning:
  Buffers: shared hit=6
Planning Time: 0.211 ms
Execution Time: 58.766 ms",62.577,3529.61,10000,"HashAggregate  (cost=3429.61..3529.61 rows=10000 width=42) (actual rows=10000 loops=1)
  Group Key: p.name
  Batches: 1  Memory Usage: 1681kB
  Buffers: shared hit=692
  ->  Hash Join  (cost=280.00..2179.61 rows=100000 width=26) (actual rows=100000 loops=1)
        Hash Cond: (i.product_id = p.product_id)
        Buffers: shared hit=692
        ->  Seq Scan on invoice i  (cost=0.00..1637.00 rows=100000 width=20) (actual rows=100000 loops=1)
              Buffers: shared hit=637
        ->  Hash  (cost=155.00..155.00 rows=10000 width=14) (actual rows=10000 loops=1)
              Buckets: 16384  Batches: 1  Memory Usage: 597kB
              Buffers: shared hit=55
              ->  Seq Scan on product p  (cost=0.00..155.00 rows=10000 width=14) (actual rows=10000 loops=1)
                    Buffers: shared hit=55
Planning:
  Buffers: shared hit=6
Planning Time: 0.241 ms
Execution Time: 62.577 ms",81.455,3529.61,10000,"HashAggregate  (cost=3429.61..3529.61 rows=10000 width=42) (actual rows=10000 loops=1)
  Group Key: p.name
  Batches: 1  Memory Usage: 1681kB
  Buffers: shared hit=692
  ->  Hash Join  (cost=280.00..2179.61 rows=100000 width=26) (actual rows=100000 loops=1)
        Hash Cond: (i.product_id = p.product_id)
        Buffers: shared hit=692
        ->  Seq Scan on invoice i  (cost=0.00..1637.00 rows=100000 width=20) (actual rows=100000 loops=1)
              Buffers: shared hit=637
        ->  Hash  (cost=155.00..155.00 rows=10000 width=14) (actual rows=10000 loops=1)
              Buckets: 16384  Batches: 1  Memory Usage: 597kB
              Buffers: shared hit=55
              ->  Seq Scan on product p  (cost=0.00..155.00 rows=10000 width=14) (actual rows=10000 loops=1)
                    Buffers: shared hit=55
Planning:
  Buffers: shared hit=6
Planning Time: 0.196 ms
Execution Time: 81.455 ms",65.6966,62.577,72.7485,88.4202,3529.61,3529.61,10000,10000,10000,10000,1677_278,1006,1677,278,Easy,"select p.name, sum(i.rest) as rest, sum(i.paid) as paid, sum(i.canceled) as canceled, sum(i.refunded) as refunded from schema_1677.product as p join schema_1677.invoice as i on i.product_id = p.product_id group by p.name order by p.name",84.418,4219.0,10000,"Sort  (cost=4194.00..4219.00 rows=10000 width=42) (actual rows=10000 loops=1)
  Sort Key: p.name
  Sort Method: quicksort  Memory: 1166kB
  Buffers: shared hit=692
  ->  HashAggregate  (cost=3429.61..3529.61 rows=10000 width=42) (actual rows=10000 loops=1)
        Group Key: p.name
        Batches: 1  Memory Usage: 1681kB
        Buffers: shared hit=692
        ->  Hash Join  (cost=280.00..2179.61 rows=100000 width=26) (actual rows=100000 loops=1)
              Hash Cond: (i.product_id = p.product_id)
              Buffers: shared hit=692
              ->  Seq Scan on invoice i  (cost=0.00..1637.00 rows=100000 width=20) (actual rows=100000 loops=1)
                    Buffers: shared hit=637
              ->  Hash  (cost=155.00..155.00 rows=10000 width=14) (actual rows=10000 loops=1)
                    Buckets: 16384  Batches: 1  Memory Usage: 597kB
                    Buffers: shared hit=55
                    ->  Seq Scan on product p  (cost=0.00..155.00 rows=10000 width=14) (actual rows=10000 loops=1)
                          Buffers: shared hit=55
Planning:
  Buffers: shared hit=6
Planning Time: 0.161 ms
Execution Time: 84.418 ms",93.147,4219.0,10000,"Sort  (cost=4194.00..4219.00 rows=10000 width=42) (actual rows=10000 loops=1)
  Sort Key: p.name
  Sort Method: quicksort  Memory: 1166kB
  Buffers: shared hit=692
  ->  HashAggregate  (cost=3429.61..3529.61 rows=10000 width=42) (actual rows=10000 loops=1)
        Group Key: p.name
        Batches: 1  Memory Usage: 1681kB
        Buffers: shared hit=692
        ->  Hash Join  (cost=280.00..2179.61 rows=100000 width=26) (actual rows=100000 loops=1)
              Hash Cond: (i.product_id = p.product_id)
              Buffers: shared hit=692
              ->  Seq Scan on invoice i  (cost=0.00..1637.00 rows=100000 width=20) (actual rows=100000 loops=1)
                    Buffers: shared hit=637
              ->  Hash  (cost=155.00..155.00 rows=10000 width=14) (actual rows=10000 loops=1)
                    Buckets: 16384  Batches: 1  Memory Usage: 597kB
                    Buffers: shared hit=55
                    ->  Seq Scan on product p  (cost=0.00..155.00 rows=10000 width=14) (actual rows=10000 loops=1)
                          Buffers: shared hit=55
Planning:
  Buffers: shared hit=6
Planning Time: 0.233 ms
Execution Time: 93.147 ms",93.461,4219.0,10000,"Sort  (cost=4194.00..4219.00 rows=10000 width=42) (actual rows=10000 loops=1)
  Sort Key: p.name
  Sort Method: quicksort  Memory: 1166kB
  Buffers: shared hit=692
  ->  HashAggregate  (cost=3429.61..3529.61 rows=10000 width=42) (actual rows=10000 loops=1)
        Group Key: p.name
        Batches: 1  Memory Usage: 1681kB
        Buffers: shared hit=692
        ->  Hash Join  (cost=280.00..2179.61 rows=100000 width=26) (actual rows=100000 loops=1)
              Hash Cond: (i.product_id = p.product_id)
              Buffers: shared hit=692
              ->  Seq Scan on invoice i  (cost=0.00..1637.00 rows=100000 width=20) (actual rows=100000 loops=1)
                    Buffers: shared hit=637
              ->  Hash  (cost=155.00..155.00 rows=10000 width=14) (actual rows=10000 loops=1)
                    Buckets: 16384  Batches: 1  Memory Usage: 597kB
                    Buffers: shared hit=55
                    ->  Seq Scan on product p  (cost=0.00..155.00 rows=10000 width=14) (actual rows=10000 loops=1)
                          Buffers: shared hit=55
Planning:
  Buffers: shared hit=6
Planning Time: 0.220 ms
Execution Time: 93.461 ms",92.506,4219.0,10000,"Sort  (cost=4194.00..4219.00 rows=10000 width=42) (actual rows=10000 loops=1)
  Sort Key: p.name
  Sort Method: quicksort  Memory: 1166kB
  Buffers: shared hit=692
  ->  HashAggregate  (cost=3429.61..3529.61 rows=10000 width=42) (actual rows=10000 loops=1)
        Group Key: p.name
        Batches: 1  Memory Usage: 1681kB
        Buffers: shared hit=692
        ->  Hash Join  (cost=280.00..2179.61 rows=100000 width=26) (actual rows=100000 loops=1)
              Hash Cond: (i.product_id = p.product_id)
              Buffers: shared hit=692
              ->  Seq Scan on invoice i  (cost=0.00..1637.00 rows=100000 width=20) (actual rows=100000 loops=1)
                    Buffers: shared hit=637
              ->  Hash  (cost=155.00..155.00 rows=10000 width=14) (actual rows=10000 loops=1)
                    Buckets: 16384  Batches: 1  Memory Usage: 597kB
                    Buffers: shared hit=55
                    ->  Seq Scan on product p  (cost=0.00..155.00 rows=10000 width=14) (actual rows=10000 loops=1)
                          Buffers: shared hit=55
Planning:
  Buffers: shared hit=6
Planning Time: 0.247 ms
Execution Time: 92.506 ms",93.005,4219.0,10000,"Sort  (cost=4194.00..4219.00 rows=10000 width=42) (actual rows=10000 loops=1)
  Sort Key: p.name
  Sort Method: quicksort  Memory: 1166kB
  Buffers: shared hit=692
  ->  HashAggregate  (cost=3429.61..3529.61 rows=10000 width=42) (actual rows=10000 loops=1)
        Group Key: p.name
        Batches: 1  Memory Usage: 1681kB
        Buffers: shared hit=692
        ->  Hash Join  (cost=280.00..2179.61 rows=100000 width=26) (actual rows=100000 loops=1)
              Hash Cond: (i.product_id = p.product_id)
              Buffers: shared hit=692
              ->  Seq Scan on invoice i  (cost=0.00..1637.00 rows=100000 width=20) (actual rows=100000 loops=1)
                    Buffers: shared hit=637
              ->  Hash  (cost=155.00..155.00 rows=10000 width=14) (actual rows=10000 loops=1)
                    Buckets: 16384  Batches: 1  Memory Usage: 597kB
                    Buffers: shared hit=55
                    ->  Seq Scan on product p  (cost=0.00..155.00 rows=10000 width=14) (actual rows=10000 loops=1)
                          Buffers: shared hit=55
Planning:
  Buffers: shared hit=6
Planning Time: 0.223 ms
Execution Time: 93.005 ms",91.3074,93.005,93.304,93.5866,4219.0,4219.0,10000,10000,10000,10000,not normal,not normal,14.951110299999979,81.3154163,equal variances,significant,0.003968253968253968,-25.610799999999998,-30.427999999999997,-689.3899999999999,0,True
1007,1677,282,Easy,"select t_product_0.name as name, sum(t_invoice_0.rest) as rest, sum(t_invoice_0.paid) as paid, sum(t_invoice_0.canceled) as canceled, sum(t_invoice_0.refunded) as refunded from schema_1677.invoice as t_invoice_0 inner join schema_1677.product as t_product_0 on t_invoice_0.product_id = t_product_0.product_id group by t_product_0.name",54.283,3529.61,10000,"HashAggregate  (cost=3429.61..3529.61 rows=10000 width=42) (actual rows=10000 loops=1)
  Group Key: t_product_0.name
  Batches: 1  Memory Usage: 1681kB
  Buffers: shared hit=692
  ->  Hash Join  (cost=280.00..2179.61 rows=100000 width=26) (actual rows=100000 loops=1)
        Hash Cond: (t_invoice_0.product_id = t_product_0.product_id)
        Buffers: shared hit=692
        ->  Seq Scan on invoice t_invoice_0  (cost=0.00..1637.00 rows=100000 width=20) (actual rows=100000 loops=1)
              Buffers: shared hit=637
        ->  Hash  (cost=155.00..155.00 rows=10000 width=14) (actual rows=10000 loops=1)
              Buckets: 16384  Batches: 1  Memory Usage: 597kB
              Buffers: shared hit=55
              ->  Seq Scan on product t_product_0  (cost=0.00..155.00 rows=10000 width=14) (actual rows=10000 loops=1)
                    Buffers: shared hit=55
Planning:
  Buffers: shared hit=6
Planning Time: 0.238 ms
Execution Time: 54.283 ms",57.245,3529.61,10000,"HashAggregate  (cost=3429.61..3529.61 rows=10000 width=42) (actual rows=10000 loops=1)
  Group Key: t_product_0.name
  Batches: 1  Memory Usage: 1681kB
  Buffers: shared hit=692
  ->  Hash Join  (cost=280.00..2179.61 rows=100000 width=26) (actual rows=100000 loops=1)
        Hash Cond: (t_invoice_0.product_id = t_product_0.product_id)
        Buffers: shared hit=692
        ->  Seq Scan on invoice t_invoice_0  (cost=0.00..1637.00 rows=100000 width=20) (actual rows=100000 loops=1)
              Buffers: shared hit=637
        ->  Hash  (cost=155.00..155.00 rows=10000 width=14) (actual rows=10000 loops=1)
              Buckets: 16384  Batches: 1  Memory Usage: 597kB
              Buffers: shared hit=55
              ->  Seq Scan on product t_product_0  (cost=0.00..155.00 rows=10000 width=14) (actual rows=10000 loops=1)
                    Buffers: shared hit=55
Planning:
  Buffers: shared hit=6
Planning Time: 0.262 ms
Execution Time: 57.245 ms",69.054,3529.61,10000,"HashAggregate  (cost=3429.61..3529.61 rows=10000 width=42) (actual rows=10000 loops=1)
  Group Key: t_product_0.name
  Batches: 1  Memory Usage: 1681kB
  Buffers: shared hit=692
  ->  Hash Join  (cost=280.00..2179.61 rows=100000 width=26) (actual rows=100000 loops=1)
        Hash Cond: (t_invoice_0.product_id = t_product_0.product_id)
        Buffers: shared hit=692
        ->  Seq Scan on invoice t_invoice_0  (cost=0.00..1637.00 rows=100000 width=20) (actual rows=100000 loops=1)
              Buffers: shared hit=637
        ->  Hash  (cost=155.00..155.00 rows=10000 width=14) (actual rows=10000 loops=1)
              Buckets: 16384  Batches: 1  Memory Usage: 597kB
              Buffers: shared hit=55
              ->  Seq Scan on product t_product_0  (cost=0.00..155.00 rows=10000 width=14) (actual rows=10000 loops=1)
                    Buffers: shared hit=55
Planning:
  Buffers: shared hit=6
Planning Time: 0.222 ms
Execution Time: 69.054 ms",60.365,3529.61,10000,"HashAggregate  (cost=3429.61..3529.61 rows=10000 width=42) (actual rows=10000 loops=1)
  Group Key: t_product_0.name
  Batches: 1  Memory Usage: 1681kB
  Buffers: shared hit=692
  ->  Hash Join  (cost=280.00..2179.61 rows=100000 width=26) (actual rows=100000 loops=1)
        Hash Cond: (t_invoice_0.product_id = t_product_0.product_id)
        Buffers: shared hit=692
        ->  Seq Scan on invoice t_invoice_0  (cost=0.00..1637.00 rows=100000 width=20) (actual rows=100000 loops=1)
              Buffers: shared hit=637
        ->  Hash  (cost=155.00..155.00 rows=10000 width=14) (actual rows=10000 loops=1)
              Buckets: 16384  Batches: 1  Memory Usage: 597kB
              Buffers: shared hit=55
              ->  Seq Scan on product t_product_0  (cost=0.00..155.00 rows=10000 width=14) (actual rows=10000 loops=1)
                    Buffers: shared hit=55
Planning:
  Buffers: shared hit=6
Planning Time: 0.315 ms
Execution Time: 60.365 ms",60.081,3529.61,10000,"HashAggregate  (cost=3429.61..3529.61 rows=10000 width=42) (actual rows=10000 loops=1)
  Group Key: t_product_0.name
  Batches: 1  Memory Usage: 1681kB
  Buffers: shared hit=692
  ->  Hash Join  (cost=280.00..2179.61 rows=100000 width=26) (actual rows=100000 loops=1)
        Hash Cond: (t_invoice_0.product_id = t_product_0.product_id)
        Buffers: shared hit=692
        ->  Seq Scan on invoice t_invoice_0  (cost=0.00..1637.00 rows=100000 width=20) (actual rows=100000 loops=1)
              Buffers: shared hit=637
        ->  Hash  (cost=155.00..155.00 rows=10000 width=14) (actual rows=10000 loops=1)
              Buckets: 16384  Batches: 1  Memory Usage: 597kB
              Buffers: shared hit=55
              ->  Seq Scan on product t_product_0  (cost=0.00..155.00 rows=10000 width=14) (actual rows=10000 loops=1)
                    Buffers: shared hit=55
Planning:
  Buffers: shared hit=6
Planning Time: 0.248 ms
Execution Time: 60.081 ms",60.2056,60.081,64.7095,72.5296,3529.61,3529.61,10000,10000,10000,10000,1677_282,1007,1677,282,Easy,"select product.name, sum(invoice.rest) as rest, sum(invoice.paid) as paid, sum(invoice.canceled) as canceled, sum(invoice.refunded) as refunded from schema_1677.invoice join schema_1677.product on invoice.product_id = product.product_id group by product.name order by product.name asc",85.609,4219.0,10000,"Sort  (cost=4194.00..4219.00 rows=10000 width=42) (actual rows=10000 loops=1)
  Sort Key: product.name
  Sort Method: quicksort  Memory: 1166kB
  Buffers: shared hit=692
  ->  HashAggregate  (cost=3429.61..3529.61 rows=10000 width=42) (actual rows=10000 loops=1)
        Group Key: product.name
        Batches: 1  Memory Usage: 1681kB
        Buffers: shared hit=692
        ->  Hash Join  (cost=280.00..2179.61 rows=100000 width=26) (actual rows=100000 loops=1)
              Hash Cond: (invoice.product_id = product.product_id)
              Buffers: shared hit=692
              ->  Seq Scan on invoice  (cost=0.00..1637.00 rows=100000 width=20) (actual rows=100000 loops=1)
                    Buffers: shared hit=637
              ->  Hash  (cost=155.00..155.00 rows=10000 width=14) (actual rows=10000 loops=1)
                    Buckets: 16384  Batches: 1  Memory Usage: 597kB
                    Buffers: shared hit=55
                    ->  Seq Scan on product  (cost=0.00..155.00 rows=10000 width=14) (actual rows=10000 loops=1)
                          Buffers: shared hit=55
Planning:
  Buffers: shared hit=6
Planning Time: 0.254 ms
Execution Time: 85.609 ms",89.418,4219.0,10000,"Sort  (cost=4194.00..4219.00 rows=10000 width=42) (actual rows=10000 loops=1)
  Sort Key: product.name
  Sort Method: quicksort  Memory: 1166kB
  Buffers: shared hit=692
  ->  HashAggregate  (cost=3429.61..3529.61 rows=10000 width=42) (actual rows=10000 loops=1)
        Group Key: product.name
        Batches: 1  Memory Usage: 1681kB
        Buffers: shared hit=692
        ->  Hash Join  (cost=280.00..2179.61 rows=100000 width=26) (actual rows=100000 loops=1)
              Hash Cond: (invoice.product_id = product.product_id)
              Buffers: shared hit=692
              ->  Seq Scan on invoice  (cost=0.00..1637.00 rows=100000 width=20) (actual rows=100000 loops=1)
                    Buffers: shared hit=637
              ->  Hash  (cost=155.00..155.00 rows=10000 width=14) (actual rows=10000 loops=1)
                    Buckets: 16384  Batches: 1  Memory Usage: 597kB
                    Buffers: shared hit=55
                    ->  Seq Scan on product  (cost=0.00..155.00 rows=10000 width=14) (actual rows=10000 loops=1)
                          Buffers: shared hit=55
Planning:
  Buffers: shared hit=6
Planning Time: 0.287 ms
Execution Time: 89.418 ms",94.506,4219.0,10000,"Sort  (cost=4194.00..4219.00 rows=10000 width=42) (actual rows=10000 loops=1)
  Sort Key: product.name
  Sort Method: quicksort  Memory: 1166kB
  Buffers: shared hit=692
  ->  HashAggregate  (cost=3429.61..3529.61 rows=10000 width=42) (actual rows=10000 loops=1)
        Group Key: product.name
        Batches: 1  Memory Usage: 1681kB
        Buffers: shared hit=692
        ->  Hash Join  (cost=280.00..2179.61 rows=100000 width=26) (actual rows=100000 loops=1)
              Hash Cond: (invoice.product_id = product.product_id)
              Buffers: shared hit=692
              ->  Seq Scan on invoice  (cost=0.00..1637.00 rows=100000 width=20) (actual rows=100000 loops=1)
                    Buffers: shared hit=637
              ->  Hash  (cost=155.00..155.00 rows=10000 width=14) (actual rows=10000 loops=1)
                    Buckets: 16384  Batches: 1  Memory Usage: 597kB
                    Buffers: shared hit=55
                    ->  Seq Scan on product  (cost=0.00..155.00 rows=10000 width=14) (actual rows=10000 loops=1)
                          Buffers: shared hit=55
Planning:
  Buffers: shared hit=6
Planning Time: 0.246 ms
Execution Time: 94.506 ms",92.595,4219.0,10000,"Sort  (cost=4194.00..4219.00 rows=10000 width=42) (actual rows=10000 loops=1)
  Sort Key: product.name
  Sort Method: quicksort  Memory: 1166kB
  Buffers: shared hit=692
  ->  HashAggregate  (cost=3429.61..3529.61 rows=10000 width=42) (actual rows=10000 loops=1)
        Group Key: product.name
        Batches: 1  Memory Usage: 1681kB
        Buffers: shared hit=692
        ->  Hash Join  (cost=280.00..2179.61 rows=100000 width=26) (actual rows=100000 loops=1)
              Hash Cond: (invoice.product_id = product.product_id)
              Buffers: shared hit=692
              ->  Seq Scan on invoice  (cost=0.00..1637.00 rows=100000 width=20) (actual rows=100000 loops=1)
                    Buffers: shared hit=637
              ->  Hash  (cost=155.00..155.00 rows=10000 width=14) (actual rows=10000 loops=1)
                    Buckets: 16384  Batches: 1  Memory Usage: 597kB
                    Buffers: shared hit=55
                    ->  Seq Scan on product  (cost=0.00..155.00 rows=10000 width=14) (actual rows=10000 loops=1)
                          Buffers: shared hit=55
Planning:
  Buffers: shared hit=6
Planning Time: 0.235 ms
Execution Time: 92.595 ms",92.081,4219.0,10000,"Sort  (cost=4194.00..4219.00 rows=10000 width=42) (actual rows=10000 loops=1)
  Sort Key: product.name
  Sort Method: quicksort  Memory: 1166kB
  Buffers: shared hit=692
  ->  HashAggregate  (cost=3429.61..3529.61 rows=10000 width=42) (actual rows=10000 loops=1)
        Group Key: product.name
        Batches: 1  Memory Usage: 1681kB
        Buffers: shared hit=692
        ->  Hash Join  (cost=280.00..2179.61 rows=100000 width=26) (actual rows=100000 loops=1)
              Hash Cond: (invoice.product_id = product.product_id)
              Buffers: shared hit=692
              ->  Seq Scan on invoice  (cost=0.00..1637.00 rows=100000 width=20) (actual rows=100000 loops=1)
                    Buffers: shared hit=637
              ->  Hash  (cost=155.00..155.00 rows=10000 width=14) (actual rows=10000 loops=1)
                    Buckets: 16384  Batches: 1  Memory Usage: 597kB
                    Buffers: shared hit=55
                    ->  Seq Scan on product  (cost=0.00..155.00 rows=10000 width=14) (actual rows=10000 loops=1)
                          Buffers: shared hit=55
Planning:
  Buffers: shared hit=6
Planning Time: 0.247 ms
Execution Time: 92.081 ms",90.8418,92.081,93.5505,95.2704,4219.0,4219.0,10000,10000,10000,10000,normal,normal,11.861272700000011,30.544364800000007,equal variances,significant,0.003968253968253968,-30.63620000000001,-32.0,-689.3899999999999,0,True
1008,1677,283,Easy,"select t_product_0.name as name, t_cte_7.c_sum0 as rest, t_cte_7.c_sum3 as paid, t_cte_7.c_sum2 as canceled, t_cte_7.c_sum1 as refunded from (select sum(t_invoice_0.rest) as c_sum0, sum(t_invoice_0.refunded) as c_sum1, sum(t_invoice_0.canceled) as c_sum2, t_invoice_0.product_id as c_product_id0, sum(t_invoice_0.paid) as c_sum3 from schema_1677.invoice as t_invoice_0 group by t_invoice_0.product_id) as t_cte_7 left join schema_1677.product as t_product_0 on t_cte_7.c_product_id0 = t_product_0.product_id order by name asc",68.232,4068.04,10000,"Sort  (cost=4043.41..4068.04 rows=9852 width=42) (actual rows=10000 loops=1)
  Sort Key: t_product_0.name
  Sort Method: quicksort  Memory: 1166kB
  Buffers: shared hit=692
  ->  Hash Left Join  (cost=3167.00..3389.91 rows=9852 width=42) (actual rows=10000 loops=1)
        Hash Cond: (t_invoice_0.product_id = t_product_0.product_id)
        Buffers: shared hit=692
        ->  HashAggregate  (cost=2887.00..2985.52 rows=9852 width=36) (actual rows=10000 loops=1)
              Group Key: t_invoice_0.product_id
              Batches: 1  Memory Usage: 1681kB
              Buffers: shared hit=637
              ->  Seq Scan on invoice t_invoice_0  (cost=0.00..1637.00 rows=100000 width=20) (actual rows=100000 loops=1)
                    Buffers: shared hit=637
        ->  Hash  (cost=155.00..155.00 rows=10000 width=14) (actual rows=10000 loops=1)
              Buckets: 16384  Batches: 1  Memory Usage: 597kB
              Buffers: shared hit=55
              ->  Seq Scan on product t_product_0  (cost=0.00..155.00 rows=10000 width=14) (actual rows=10000 loops=1)
                    Buffers: shared hit=55
Planning Time: 0.211 ms
Execution Time: 68.232 ms",74.158,4068.04,10000,"Sort  (cost=4043.41..4068.04 rows=9852 width=42) (actual rows=10000 loops=1)
  Sort Key: t_product_0.name
  Sort Method: quicksort  Memory: 1166kB
  Buffers: shared hit=692
  ->  Hash Left Join  (cost=3167.00..3389.91 rows=9852 width=42) (actual rows=10000 loops=1)
        Hash Cond: (t_invoice_0.product_id = t_product_0.product_id)
        Buffers: shared hit=692
        ->  HashAggregate  (cost=2887.00..2985.52 rows=9852 width=36) (actual rows=10000 loops=1)
              Group Key: t_invoice_0.product_id
              Batches: 1  Memory Usage: 1681kB
              Buffers: shared hit=637
              ->  Seq Scan on invoice t_invoice_0  (cost=0.00..1637.00 rows=100000 width=20) (actual rows=100000 loops=1)
                    Buffers: shared hit=637
        ->  Hash  (cost=155.00..155.00 rows=10000 width=14) (actual rows=10000 loops=1)
              Buckets: 16384  Batches: 1  Memory Usage: 597kB
              Buffers: shared hit=55
              ->  Seq Scan on product t_product_0  (cost=0.00..155.00 rows=10000 width=14) (actual rows=10000 loops=1)
                    Buffers: shared hit=55
Planning Time: 0.171 ms
Execution Time: 74.158 ms",73.561,4068.04,10000,"Sort  (cost=4043.41..4068.04 rows=9852 width=42) (actual rows=10000 loops=1)
  Sort Key: t_product_0.name
  Sort Method: quicksort  Memory: 1166kB
  Buffers: shared hit=692
  ->  Hash Left Join  (cost=3167.00..3389.91 rows=9852 width=42) (actual rows=10000 loops=1)
        Hash Cond: (t_invoice_0.product_id = t_product_0.product_id)
        Buffers: shared hit=692
        ->  HashAggregate  (cost=2887.00..2985.52 rows=9852 width=36) (actual rows=10000 loops=1)
              Group Key: t_invoice_0.product_id
              Batches: 1  Memory Usage: 1681kB
              Buffers: shared hit=637
              ->  Seq Scan on invoice t_invoice_0  (cost=0.00..1637.00 rows=100000 width=20) (actual rows=100000 loops=1)
                    Buffers: shared hit=637
        ->  Hash  (cost=155.00..155.00 rows=10000 width=14) (actual rows=10000 loops=1)
              Buckets: 16384  Batches: 1  Memory Usage: 597kB
              Buffers: shared hit=55
              ->  Seq Scan on product t_product_0  (cost=0.00..155.00 rows=10000 width=14) (actual rows=10000 loops=1)
                    Buffers: shared hit=55
Planning Time: 0.164 ms
Execution Time: 73.561 ms",70.802,4068.04,10000,"Sort  (cost=4043.41..4068.04 rows=9852 width=42) (actual rows=10000 loops=1)
  Sort Key: t_product_0.name
  Sort Method: quicksort  Memory: 1166kB
  Buffers: shared hit=692
  ->  Hash Left Join  (cost=3167.00..3389.91 rows=9852 width=42) (actual rows=10000 loops=1)
        Hash Cond: (t_invoice_0.product_id = t_product_0.product_id)
        Buffers: shared hit=692
        ->  HashAggregate  (cost=2887.00..2985.52 rows=9852 width=36) (actual rows=10000 loops=1)
              Group Key: t_invoice_0.product_id
              Batches: 1  Memory Usage: 1681kB
              Buffers: shared hit=637
              ->  Seq Scan on invoice t_invoice_0  (cost=0.00..1637.00 rows=100000 width=20) (actual rows=100000 loops=1)
                    Buffers: shared hit=637
        ->  Hash  (cost=155.00..155.00 rows=10000 width=14) (actual rows=10000 loops=1)
              Buckets: 16384  Batches: 1  Memory Usage: 597kB
              Buffers: shared hit=55
              ->  Seq Scan on product t_product_0  (cost=0.00..155.00 rows=10000 width=14) (actual rows=10000 loops=1)
                    Buffers: shared hit=55
Planning Time: 0.337 ms
Execution Time: 70.802 ms",69.144,4068.04,10000,"Sort  (cost=4043.41..4068.04 rows=9852 width=42) (actual rows=10000 loops=1)
  Sort Key: t_product_0.name
  Sort Method: quicksort  Memory: 1166kB
  Buffers: shared hit=692
  ->  Hash Left Join  (cost=3167.00..3389.91 rows=9852 width=42) (actual rows=10000 loops=1)
        Hash Cond: (t_invoice_0.product_id = t_product_0.product_id)
        Buffers: shared hit=692
        ->  HashAggregate  (cost=2887.00..2985.52 rows=9852 width=36) (actual rows=10000 loops=1)
              Group Key: t_invoice_0.product_id
              Batches: 1  Memory Usage: 1681kB
              Buffers: shared hit=637
              ->  Seq Scan on invoice t_invoice_0  (cost=0.00..1637.00 rows=100000 width=20) (actual rows=100000 loops=1)
                    Buffers: shared hit=637
        ->  Hash  (cost=155.00..155.00 rows=10000 width=14) (actual rows=10000 loops=1)
              Buckets: 16384  Batches: 1  Memory Usage: 597kB
              Buffers: shared hit=55
              ->  Seq Scan on product t_product_0  (cost=0.00..155.00 rows=10000 width=14) (actual rows=10000 loops=1)
                    Buffers: shared hit=55
Planning Time: 0.193 ms
Execution Time: 69.144 ms",71.1794,70.802,73.8595,74.3968,4068.04,4068.04,10000,10000,10000,10000,1677_283,1008,1677,283,Easy,"select product.name, sum(rest) as rest, sum(paid) as paid, sum(canceled) as canceled, sum(refunded) as refunded from schema_1677.invoice left outer join schema_1677.product on invoice.product_id = product.product_id group by product.product_id order by product.name",82.929,4219.0,10000,"Sort  (cost=4194.00..4219.00 rows=10000 width=46) (actual rows=10000 loops=1)
  Sort Key: product.name
  Sort Method: quicksort  Memory: 1790kB
  Buffers: shared hit=692
  ->  HashAggregate  (cost=3429.61..3529.61 rows=10000 width=46) (actual rows=10000 loops=1)
        Group Key: product.product_id
        Batches: 1  Memory Usage: 1681kB
        Buffers: shared hit=692
        ->  Hash Left Join  (cost=280.00..2179.61 rows=100000 width=30) (actual rows=100000 loops=1)
              Hash Cond: (invoice.product_id = product.product_id)
              Buffers: shared hit=692
              ->  Seq Scan on invoice  (cost=0.00..1637.00 rows=100000 width=20) (actual rows=100000 loops=1)
                    Buffers: shared hit=637
              ->  Hash  (cost=155.00..155.00 rows=10000 width=14) (actual rows=10000 loops=1)
                    Buckets: 16384  Batches: 1  Memory Usage: 597kB
                    Buffers: shared hit=55
                    ->  Seq Scan on product  (cost=0.00..155.00 rows=10000 width=14) (actual rows=10000 loops=1)
                          Buffers: shared hit=55
Planning:
  Buffers: shared hit=6
Planning Time: 0.142 ms
Execution Time: 82.929 ms",90.09,4219.0,10000,"Sort  (cost=4194.00..4219.00 rows=10000 width=46) (actual rows=10000 loops=1)
  Sort Key: product.name
  Sort Method: quicksort  Memory: 1790kB
  Buffers: shared hit=692
  ->  HashAggregate  (cost=3429.61..3529.61 rows=10000 width=46) (actual rows=10000 loops=1)
        Group Key: product.product_id
        Batches: 1  Memory Usage: 1681kB
        Buffers: shared hit=692
        ->  Hash Left Join  (cost=280.00..2179.61 rows=100000 width=30) (actual rows=100000 loops=1)
              Hash Cond: (invoice.product_id = product.product_id)
              Buffers: shared hit=692
              ->  Seq Scan on invoice  (cost=0.00..1637.00 rows=100000 width=20) (actual rows=100000 loops=1)
                    Buffers: shared hit=637
              ->  Hash  (cost=155.00..155.00 rows=10000 width=14) (actual rows=10000 loops=1)
                    Buckets: 16384  Batches: 1  Memory Usage: 597kB
                    Buffers: shared hit=55
                    ->  Seq Scan on product  (cost=0.00..155.00 rows=10000 width=14) (actual rows=10000 loops=1)
                          Buffers: shared hit=55
Planning:
  Buffers: shared hit=6
Planning Time: 0.241 ms
Execution Time: 90.090 ms",88.286,4219.0,10000,"Sort  (cost=4194.00..4219.00 rows=10000 width=46) (actual rows=10000 loops=1)
  Sort Key: product.name
  Sort Method: quicksort  Memory: 1790kB
  Buffers: shared hit=692
  ->  HashAggregate  (cost=3429.61..3529.61 rows=10000 width=46) (actual rows=10000 loops=1)
        Group Key: product.product_id
        Batches: 1  Memory Usage: 1681kB
        Buffers: shared hit=692
        ->  Hash Left Join  (cost=280.00..2179.61 rows=100000 width=30) (actual rows=100000 loops=1)
              Hash Cond: (invoice.product_id = product.product_id)
              Buffers: shared hit=692
              ->  Seq Scan on invoice  (cost=0.00..1637.00 rows=100000 width=20) (actual rows=100000 loops=1)
                    Buffers: shared hit=637
              ->  Hash  (cost=155.00..155.00 rows=10000 width=14) (actual rows=10000 loops=1)
                    Buckets: 16384  Batches: 1  Memory Usage: 597kB
                    Buffers: shared hit=55
                    ->  Seq Scan on product  (cost=0.00..155.00 rows=10000 width=14) (actual rows=10000 loops=1)
                          Buffers: shared hit=55
Planning:
  Buffers: shared hit=6
Planning Time: 0.210 ms
Execution Time: 88.286 ms",91.926,4219.0,10000,"Sort  (cost=4194.00..4219.00 rows=10000 width=46) (actual rows=10000 loops=1)
  Sort Key: product.name
  Sort Method: quicksort  Memory: 1790kB
  Buffers: shared hit=692
  ->  HashAggregate  (cost=3429.61..3529.61 rows=10000 width=46) (actual rows=10000 loops=1)
        Group Key: product.product_id
        Batches: 1  Memory Usage: 1681kB
        Buffers: shared hit=692
        ->  Hash Left Join  (cost=280.00..2179.61 rows=100000 width=30) (actual rows=100000 loops=1)
              Hash Cond: (invoice.product_id = product.product_id)
              Buffers: shared hit=692
              ->  Seq Scan on invoice  (cost=0.00..1637.00 rows=100000 width=20) (actual rows=100000 loops=1)
                    Buffers: shared hit=637
              ->  Hash  (cost=155.00..155.00 rows=10000 width=14) (actual rows=10000 loops=1)
                    Buckets: 16384  Batches: 1  Memory Usage: 597kB
                    Buffers: shared hit=55
                    ->  Seq Scan on product  (cost=0.00..155.00 rows=10000 width=14) (actual rows=10000 loops=1)
                          Buffers: shared hit=55
Planning:
  Buffers: shared hit=6
Planning Time: 0.238 ms
Execution Time: 91.926 ms",92.028,4219.0,10000,"Sort  (cost=4194.00..4219.00 rows=10000 width=46) (actual rows=10000 loops=1)
  Sort Key: product.name
  Sort Method: quicksort  Memory: 1790kB
  Buffers: shared hit=692
  ->  HashAggregate  (cost=3429.61..3529.61 rows=10000 width=46) (actual rows=10000 loops=1)
        Group Key: product.product_id
        Batches: 1  Memory Usage: 1681kB
        Buffers: shared hit=692
        ->  Hash Left Join  (cost=280.00..2179.61 rows=100000 width=30) (actual rows=100000 loops=1)
              Hash Cond: (invoice.product_id = product.product_id)
              Buffers: shared hit=692
              ->  Seq Scan on invoice  (cost=0.00..1637.00 rows=100000 width=20) (actual rows=100000 loops=1)
                    Buffers: shared hit=637
              ->  Hash  (cost=155.00..155.00 rows=10000 width=14) (actual rows=10000 loops=1)
                    Buckets: 16384  Batches: 1  Memory Usage: 597kB
                    Buffers: shared hit=55
                    ->  Seq Scan on product  (cost=0.00..155.00 rows=10000 width=14) (actual rows=10000 loops=1)
                          Buffers: shared hit=55
Planning:
  Buffers: shared hit=6
Planning Time: 0.204 ms
Execution Time: 92.028 ms",89.0518,90.09,91.977,92.0688,4219.0,4219.0,10000,10000,10000,10000,normal,normal,14.067945200000008,6.879131800000004,equal variances,significant,0.003968253968253968,-17.8724,-19.287999999999997,-150.96000000000004,0,True
1028,1729,1,Easy,"select t_followers_0.user_id as user_id, count(t_followers_0.follower_id) as followers_count from schema_1729.followers as t_followers_0 group by t_followers_0.user_id",23.051,1974.62,3162,"HashAggregate  (cost=1943.00..1974.62 rows=3162 width=12) (actual rows=3162 loops=1)
  Group Key: user_id
  Batches: 1  Memory Usage: 369kB
  Buffers: shared hit=443
  ->  Seq Scan on followers t_followers_0  (cost=0.00..1443.00 rows=100000 width=8) (actual rows=100000 loops=1)
        Buffers: shared hit=443
Planning Time: 0.049 ms
Execution Time: 23.051 ms",25.473,1974.62,3162,"HashAggregate  (cost=1943.00..1974.62 rows=3162 width=12) (actual rows=3162 loops=1)
  Group Key: user_id
  Batches: 1  Memory Usage: 369kB
  Buffers: shared hit=443
  ->  Seq Scan on followers t_followers_0  (cost=0.00..1443.00 rows=100000 width=8) (actual rows=100000 loops=1)
        Buffers: shared hit=443
Planning Time: 0.089 ms
Execution Time: 25.473 ms",27.992,1974.62,3162,"HashAggregate  (cost=1943.00..1974.62 rows=3162 width=12) (actual rows=3162 loops=1)
  Group Key: user_id
  Batches: 1  Memory Usage: 369kB
  Buffers: shared hit=443
  ->  Seq Scan on followers t_followers_0  (cost=0.00..1443.00 rows=100000 width=8) (actual rows=100000 loops=1)
        Buffers: shared hit=443
Planning Time: 0.065 ms
Execution Time: 27.992 ms",38.666,1974.62,3162,"HashAggregate  (cost=1943.00..1974.62 rows=3162 width=12) (actual rows=3162 loops=1)
  Group Key: user_id
  Batches: 1  Memory Usage: 369kB
  Buffers: shared hit=443
  ->  Seq Scan on followers t_followers_0  (cost=0.00..1443.00 rows=100000 width=8) (actual rows=100000 loops=1)
        Buffers: shared hit=443
Planning Time: 0.064 ms
Execution Time: 38.666 ms",34.156,1974.62,3162,"HashAggregate  (cost=1943.00..1974.62 rows=3162 width=12) (actual rows=3162 loops=1)
  Group Key: user_id
  Batches: 1  Memory Usage: 369kB
  Buffers: shared hit=443
  ->  Seq Scan on followers t_followers_0  (cost=0.00..1443.00 rows=100000 width=8) (actual rows=100000 loops=1)
        Buffers: shared hit=443
Planning Time: 0.104 ms
Execution Time: 34.156 ms",29.8676,27.992,36.411,40.47,1974.62,1974.62,3162,3162,3162,3162,1729_1,1028,1729,1,Easy,"select distinct user_id, count(follower_id) over (partition by user_id) as followers_count from schema_1729.followers",56.959,4880.29,3162,"HashAggregate  (cost=4780.29..4880.29 rows=10000 width=12) (actual rows=3162 loops=1)
  Group Key: user_id, count(follower_id) OVER (?)
  Batches: 1  Memory Usage: 657kB
  Buffers: shared hit=320
  ->  WindowAgg  (cost=0.29..4280.29 rows=100000 width=12) (actual rows=100000 loops=1)
        Buffers: shared hit=320
        ->  Index Only Scan using followers_pkey on followers  (cost=0.29..2780.29 rows=100000 width=8) (actual rows=100000 loops=1)
              Heap Fetches: 0
              Buffers: shared hit=320
Planning Time: 0.051 ms
Execution Time: 56.959 ms",64.587,4880.29,3162,"HashAggregate  (cost=4780.29..4880.29 rows=10000 width=12) (actual rows=3162 loops=1)
  Group Key: user_id, count(follower_id) OVER (?)
  Batches: 1  Memory Usage: 657kB
  Buffers: shared hit=320
  ->  WindowAgg  (cost=0.29..4280.29 rows=100000 width=12) (actual rows=100000 loops=1)
        Buffers: shared hit=320
        ->  Index Only Scan using followers_pkey on followers  (cost=0.29..2780.29 rows=100000 width=8) (actual rows=100000 loops=1)
              Heap Fetches: 0
              Buffers: shared hit=320
Planning Time: 0.075 ms
Execution Time: 64.587 ms",60.883,4880.29,3162,"HashAggregate  (cost=4780.29..4880.29 rows=10000 width=12) (actual rows=3162 loops=1)
  Group Key: user_id, count(follower_id) OVER (?)
  Batches: 1  Memory Usage: 657kB
  Buffers: shared hit=320
  ->  WindowAgg  (cost=0.29..4280.29 rows=100000 width=12) (actual rows=100000 loops=1)
        Buffers: shared hit=320
        ->  Index Only Scan using followers_pkey on followers  (cost=0.29..2780.29 rows=100000 width=8) (actual rows=100000 loops=1)
              Heap Fetches: 0
              Buffers: shared hit=320
Planning Time: 0.065 ms
Execution Time: 60.883 ms",60.962,4880.29,3162,"HashAggregate  (cost=4780.29..4880.29 rows=10000 width=12) (actual rows=3162 loops=1)
  Group Key: user_id, count(follower_id) OVER (?)
  Batches: 1  Memory Usage: 657kB
  Buffers: shared hit=320
  ->  WindowAgg  (cost=0.29..4280.29 rows=100000 width=12) (actual rows=100000 loops=1)
        Buffers: shared hit=320
        ->  Index Only Scan using followers_pkey on followers  (cost=0.29..2780.29 rows=100000 width=8) (actual rows=100000 loops=1)
              Heap Fetches: 0
              Buffers: shared hit=320
Planning Time: 0.079 ms
Execution Time: 60.962 ms",63.832,4880.29,3162,"HashAggregate  (cost=4780.29..4880.29 rows=10000 width=12) (actual rows=3162 loops=1)
  Group Key: user_id, count(follower_id) OVER (?)
  Batches: 1  Memory Usage: 657kB
  Buffers: shared hit=320
  ->  WindowAgg  (cost=0.29..4280.29 rows=100000 width=12) (actual rows=100000 loops=1)
        Buffers: shared hit=320
        ->  Index Only Scan using followers_pkey on followers  (cost=0.29..2780.29 rows=100000 width=8) (actual rows=100000 loops=1)
              Heap Fetches: 0
              Buffers: shared hit=320
Planning Time: 0.076 ms
Execution Time: 63.832 ms",61.4446,60.962,64.2095,64.889,4880.29,4880.29,3162,3162,3162,3162,normal,normal,9.060815299999998,41.27465929999999,equal variances,significant,0.003968253968253968,-31.577,-32.97,-2905.67,0,True
1029,1729,2,Easy,"select distinct t_cte_3.c_user_id0 as user_id, t_cte_3.c_count0 as followers_count from (select count(t_followers_0.user_id) as c_count0, t_followers_0.user_id as c_user_id0 from schema_1729.followers as t_followers_0 group by t_followers_0.user_id) as t_cte_3 order by user_id asc",25.178,2039.12,3162,"Sort  (cost=2038.33..2039.12 rows=316 width=12) (actual rows=3162 loops=1)
  Sort Key: t_followers_0.user_id
  Sort Method: quicksort  Memory: 245kB
  Buffers: shared hit=443
  ->  HashAggregate  (cost=2022.05..2025.21 rows=316 width=12) (actual rows=3162 loops=1)
        Group Key: t_followers_0.user_id, count(t_followers_0.user_id)
        Batches: 1  Memory Usage: 369kB
        Buffers: shared hit=443
        ->  HashAggregate  (cost=1943.00..1974.62 rows=3162 width=12) (actual rows=3162 loops=1)
              Group Key: t_followers_0.user_id
              Batches: 1  Memory Usage: 369kB
              Buffers: shared hit=443
              ->  Seq Scan on followers t_followers_0  (cost=0.00..1443.00 rows=100000 width=4) (actual rows=100000 loops=1)
                    Buffers: shared hit=443
Planning Time: 0.100 ms
Execution Time: 25.178 ms",27.039,2039.12,3162,"Sort  (cost=2038.33..2039.12 rows=316 width=12) (actual rows=3162 loops=1)
  Sort Key: t_followers_0.user_id
  Sort Method: quicksort  Memory: 245kB
  Buffers: shared hit=443
  ->  HashAggregate  (cost=2022.05..2025.21 rows=316 width=12) (actual rows=3162 loops=1)
        Group Key: t_followers_0.user_id, count(t_followers_0.user_id)
        Batches: 1  Memory Usage: 369kB
        Buffers: shared hit=443
        ->  HashAggregate  (cost=1943.00..1974.62 rows=3162 width=12) (actual rows=3162 loops=1)
              Group Key: t_followers_0.user_id
              Batches: 1  Memory Usage: 369kB
              Buffers: shared hit=443
              ->  Seq Scan on followers t_followers_0  (cost=0.00..1443.00 rows=100000 width=4) (actual rows=100000 loops=1)
                    Buffers: shared hit=443
Planning Time: 0.155 ms
Execution Time: 27.039 ms",26.698,2039.12,3162,"Sort  (cost=2038.33..2039.12 rows=316 width=12) (actual rows=3162 loops=1)
  Sort Key: t_followers_0.user_id
  Sort Method: quicksort  Memory: 245kB
  Buffers: shared hit=443
  ->  HashAggregate  (cost=2022.05..2025.21 rows=316 width=12) (actual rows=3162 loops=1)
        Group Key: t_followers_0.user_id, count(t_followers_0.user_id)
        Batches: 1  Memory Usage: 369kB
        Buffers: shared hit=443
        ->  HashAggregate  (cost=1943.00..1974.62 rows=3162 width=12) (actual rows=3162 loops=1)
              Group Key: t_followers_0.user_id
              Batches: 1  Memory Usage: 369kB
              Buffers: shared hit=443
              ->  Seq Scan on followers t_followers_0  (cost=0.00..1443.00 rows=100000 width=4) (actual rows=100000 loops=1)
                    Buffers: shared hit=443
Planning Time: 0.198 ms
Execution Time: 26.698 ms",27.718,2039.12,3162,"Sort  (cost=2038.33..2039.12 rows=316 width=12) (actual rows=3162 loops=1)
  Sort Key: t_followers_0.user_id
  Sort Method: quicksort  Memory: 245kB
  Buffers: shared hit=443
  ->  HashAggregate  (cost=2022.05..2025.21 rows=316 width=12) (actual rows=3162 loops=1)
        Group Key: t_followers_0.user_id, count(t_followers_0.user_id)
        Batches: 1  Memory Usage: 369kB
        Buffers: shared hit=443
        ->  HashAggregate  (cost=1943.00..1974.62 rows=3162 width=12) (actual rows=3162 loops=1)
              Group Key: t_followers_0.user_id
              Batches: 1  Memory Usage: 369kB
              Buffers: shared hit=443
              ->  Seq Scan on followers t_followers_0  (cost=0.00..1443.00 rows=100000 width=4) (actual rows=100000 loops=1)
                    Buffers: shared hit=443
Planning Time: 0.103 ms
Execution Time: 27.718 ms",33.234,2039.12,3162,"Sort  (cost=2038.33..2039.12 rows=316 width=12) (actual rows=3162 loops=1)
  Sort Key: t_followers_0.user_id
  Sort Method: quicksort  Memory: 245kB
  Buffers: shared hit=443
  ->  HashAggregate  (cost=2022.05..2025.21 rows=316 width=12) (actual rows=3162 loops=1)
        Group Key: t_followers_0.user_id, count(t_followers_0.user_id)
        Batches: 1  Memory Usage: 369kB
        Buffers: shared hit=443
        ->  HashAggregate  (cost=1943.00..1974.62 rows=3162 width=12) (actual rows=3162 loops=1)
              Group Key: t_followers_0.user_id
              Batches: 1  Memory Usage: 369kB
              Buffers: shared hit=443
              ->  Seq Scan on followers t_followers_0  (cost=0.00..1443.00 rows=100000 width=4) (actual rows=100000 loops=1)
                    Buffers: shared hit=443
Planning Time: 0.101 ms
Execution Time: 33.234 ms",27.9734,27.039,30.476,35.4404,2039.12,2039.12,3162,3162,3162,3162,1729_2,1029,1729,2,Easy,"select distinct user_id, count(user_id) as followers_count from schema_1729.followers group by user_id order by user_id",22.872,2182.15,3162,"Unique  (cost=2158.44..2182.15 rows=3162 width=12) (actual rows=3162 loops=1)
  Buffers: shared hit=443
  ->  Sort  (cost=2158.44..2166.34 rows=3162 width=12) (actual rows=3162 loops=1)
        Sort Key: user_id, (count(user_id))
        Sort Method: quicksort  Memory: 245kB
        Buffers: shared hit=443
        ->  HashAggregate  (cost=1943.00..1974.62 rows=3162 width=12) (actual rows=3162 loops=1)
              Group Key: user_id
              Batches: 1  Memory Usage: 369kB
              Buffers: shared hit=443
              ->  Seq Scan on followers  (cost=0.00..1443.00 rows=100000 width=4) (actual rows=100000 loops=1)
                    Buffers: shared hit=443
Planning Time: 0.068 ms
Execution Time: 22.872 ms",27.728,2182.15,3162,"Unique  (cost=2158.44..2182.15 rows=3162 width=12) (actual rows=3162 loops=1)
  Buffers: shared hit=443
  ->  Sort  (cost=2158.44..2166.34 rows=3162 width=12) (actual rows=3162 loops=1)
        Sort Key: user_id, (count(user_id))
        Sort Method: quicksort  Memory: 245kB
        Buffers: shared hit=443
        ->  HashAggregate  (cost=1943.00..1974.62 rows=3162 width=12) (actual rows=3162 loops=1)
              Group Key: user_id
              Batches: 1  Memory Usage: 369kB
              Buffers: shared hit=443
              ->  Seq Scan on followers  (cost=0.00..1443.00 rows=100000 width=4) (actual rows=100000 loops=1)
                    Buffers: shared hit=443
Planning Time: 0.126 ms
Execution Time: 27.728 ms",28.594,2182.15,3162,"Unique  (cost=2158.44..2182.15 rows=3162 width=12) (actual rows=3162 loops=1)
  Buffers: shared hit=443
  ->  Sort  (cost=2158.44..2166.34 rows=3162 width=12) (actual rows=3162 loops=1)
        Sort Key: user_id, (count(user_id))
        Sort Method: quicksort  Memory: 245kB
        Buffers: shared hit=443
        ->  HashAggregate  (cost=1943.00..1974.62 rows=3162 width=12) (actual rows=3162 loops=1)
              Group Key: user_id
              Batches: 1  Memory Usage: 369kB
              Buffers: shared hit=443
              ->  Seq Scan on followers  (cost=0.00..1443.00 rows=100000 width=4) (actual rows=100000 loops=1)
                    Buffers: shared hit=443
Planning Time: 0.085 ms
Execution Time: 28.594 ms",28.429,2182.15,3162,"Unique  (cost=2158.44..2182.15 rows=3162 width=12) (actual rows=3162 loops=1)
  Buffers: shared hit=443
  ->  Sort  (cost=2158.44..2166.34 rows=3162 width=12) (actual rows=3162 loops=1)
        Sort Key: user_id, (count(user_id))
        Sort Method: quicksort  Memory: 245kB
        Buffers: shared hit=443
        ->  HashAggregate  (cost=1943.00..1974.62 rows=3162 width=12) (actual rows=3162 loops=1)
              Group Key: user_id
              Batches: 1  Memory Usage: 369kB
              Buffers: shared hit=443
              ->  Seq Scan on followers  (cost=0.00..1443.00 rows=100000 width=4) (actual rows=100000 loops=1)
                    Buffers: shared hit=443
Planning Time: 0.115 ms
Execution Time: 28.429 ms",25.383,2182.15,3162,"Unique  (cost=2158.44..2182.15 rows=3162 width=12) (actual rows=3162 loops=1)
  Buffers: shared hit=443
  ->  Sort  (cost=2158.44..2166.34 rows=3162 width=12) (actual rows=3162 loops=1)
        Sort Key: user_id, (count(user_id))
        Sort Method: quicksort  Memory: 245kB
        Buffers: shared hit=443
        ->  HashAggregate  (cost=1943.00..1974.62 rows=3162 width=12) (actual rows=3162 loops=1)
              Group Key: user_id
              Batches: 1  Memory Usage: 369kB
              Buffers: shared hit=443
              ->  Seq Scan on followers  (cost=0.00..1443.00 rows=100000 width=4) (actual rows=100000 loops=1)
                    Buffers: shared hit=443
Planning Time: 0.093 ms
Execution Time: 25.383 ms",26.6012,27.728,28.5115,28.66,2182.15,2182.15,3162,3162,3162,3162,normal,normal,5.993181700000001,9.513287800000002,equal variances,not significant,0.5,1.372200000000003,-0.6890000000000001,-143.0300000000002,0,True
1031,1729,5,Easy,"select t_followers_0.user_id as user_id, count(t_followers_0.follower_id) as followers_count from schema_1729.followers as t_followers_0 group by t_followers_0.user_id",25.176,1974.62,3162,"HashAggregate  (cost=1943.00..1974.62 rows=3162 width=12) (actual rows=3162 loops=1)
  Group Key: user_id
  Batches: 1  Memory Usage: 369kB
  Buffers: shared hit=443
  ->  Seq Scan on followers t_followers_0  (cost=0.00..1443.00 rows=100000 width=8) (actual rows=100000 loops=1)
        Buffers: shared hit=443
Planning Time: 0.066 ms
Execution Time: 25.176 ms",28.511,1974.62,3162,"HashAggregate  (cost=1943.00..1974.62 rows=3162 width=12) (actual rows=3162 loops=1)
  Group Key: user_id
  Batches: 1  Memory Usage: 369kB
  Buffers: shared hit=443
  ->  Seq Scan on followers t_followers_0  (cost=0.00..1443.00 rows=100000 width=8) (actual rows=100000 loops=1)
        Buffers: shared hit=443
Planning Time: 0.080 ms
Execution Time: 28.511 ms",29.499,1974.62,3162,"HashAggregate  (cost=1943.00..1974.62 rows=3162 width=12) (actual rows=3162 loops=1)
  Group Key: user_id
  Batches: 1  Memory Usage: 369kB
  Buffers: shared hit=443
  ->  Seq Scan on followers t_followers_0  (cost=0.00..1443.00 rows=100000 width=8) (actual rows=100000 loops=1)
        Buffers: shared hit=443
Planning Time: 0.073 ms
Execution Time: 29.499 ms",28.919,1974.62,3162,"HashAggregate  (cost=1943.00..1974.62 rows=3162 width=12) (actual rows=3162 loops=1)
  Group Key: user_id
  Batches: 1  Memory Usage: 369kB
  Buffers: shared hit=443
  ->  Seq Scan on followers t_followers_0  (cost=0.00..1443.00 rows=100000 width=8) (actual rows=100000 loops=1)
        Buffers: shared hit=443
Planning Time: 0.073 ms
Execution Time: 28.919 ms",27.562,1974.62,3162,"HashAggregate  (cost=1943.00..1974.62 rows=3162 width=12) (actual rows=3162 loops=1)
  Group Key: user_id
  Batches: 1  Memory Usage: 369kB
  Buffers: shared hit=443
  ->  Seq Scan on followers t_followers_0  (cost=0.00..1443.00 rows=100000 width=8) (actual rows=100000 loops=1)
        Buffers: shared hit=443
Planning Time: 0.055 ms
Execution Time: 27.562 ms",27.9334,28.511,29.209,29.731,1974.62,1974.62,3162,3162,3162,3162,1729_5,1031,1729,5,Easy,"select user_id, count(distinct follower_id) as followers_count from schema_1729.followers group by user_id",24.565,3311.91,3162,"GroupAggregate  (cost=0.29..3311.91 rows=3162 width=12) (actual rows=3162 loops=1)
  Group Key: user_id
  Buffers: shared hit=320
  ->  Index Only Scan using followers_pkey on followers  (cost=0.29..2780.29 rows=100000 width=8) (actual rows=100000 loops=1)
        Heap Fetches: 0
        Buffers: shared hit=320
Planning Time: 0.064 ms
Execution Time: 24.565 ms",25.333,3311.91,3162,"GroupAggregate  (cost=0.29..3311.91 rows=3162 width=12) (actual rows=3162 loops=1)
  Group Key: user_id
  Buffers: shared hit=320
  ->  Index Only Scan using followers_pkey on followers  (cost=0.29..2780.29 rows=100000 width=8) (actual rows=100000 loops=1)
        Heap Fetches: 0
        Buffers: shared hit=320
Planning Time: 0.085 ms
Execution Time: 25.333 ms",25.739,3311.91,3162,"GroupAggregate  (cost=0.29..3311.91 rows=3162 width=12) (actual rows=3162 loops=1)
  Group Key: user_id
  Buffers: shared hit=320
  ->  Index Only Scan using followers_pkey on followers  (cost=0.29..2780.29 rows=100000 width=8) (actual rows=100000 loops=1)
        Heap Fetches: 0
        Buffers: shared hit=320
Planning Time: 0.055 ms
Execution Time: 25.739 ms",25.678,3311.91,3162,"GroupAggregate  (cost=0.29..3311.91 rows=3162 width=12) (actual rows=3162 loops=1)
  Group Key: user_id
  Buffers: shared hit=320
  ->  Index Only Scan using followers_pkey on followers  (cost=0.29..2780.29 rows=100000 width=8) (actual rows=100000 loops=1)
        Heap Fetches: 0
        Buffers: shared hit=320
Planning Time: 0.086 ms
Execution Time: 25.678 ms",28.265,3311.91,3162,"GroupAggregate  (cost=0.29..3311.91 rows=3162 width=12) (actual rows=3162 loops=1)
  Group Key: user_id
  Buffers: shared hit=320
  ->  Index Only Scan using followers_pkey on followers  (cost=0.29..2780.29 rows=100000 width=8) (actual rows=100000 loops=1)
        Heap Fetches: 0
        Buffers: shared hit=320
Planning Time: 0.065 ms
Execution Time: 28.265 ms",25.916,25.678,27.002,29.2754,3311.91,3311.91,3162,3162,3162,3162,normal,normal,1.9427159999999999,2.874331300000001,equal variances,not significant,0.9523809523809524,2.0173999999999985,2.8329999999999984,-1337.29,0,True
1032,1729,6,Easy,"select f1.user_id as user_id, count(f1.follower_id) as followers_count from schema_1729.followers as f1 group by f1.user_id",23.025,1974.62,3162,"HashAggregate  (cost=1943.00..1974.62 rows=3162 width=12) (actual rows=3162 loops=1)
  Group Key: user_id
  Batches: 1  Memory Usage: 369kB
  Buffers: shared hit=443
  ->  Seq Scan on followers f1  (cost=0.00..1443.00 rows=100000 width=8) (actual rows=100000 loops=1)
        Buffers: shared hit=443
Planning Time: 0.054 ms
Execution Time: 23.025 ms",37.587,1974.62,3162,"HashAggregate  (cost=1943.00..1974.62 rows=3162 width=12) (actual rows=3162 loops=1)
  Group Key: user_id
  Batches: 1  Memory Usage: 369kB
  Buffers: shared hit=443
  ->  Seq Scan on followers f1  (cost=0.00..1443.00 rows=100000 width=8) (actual rows=100000 loops=1)
        Buffers: shared hit=443
Planning Time: 0.065 ms
Execution Time: 37.587 ms",27.667,1974.62,3162,"HashAggregate  (cost=1943.00..1974.62 rows=3162 width=12) (actual rows=3162 loops=1)
  Group Key: user_id
  Batches: 1  Memory Usage: 369kB
  Buffers: shared hit=443
  ->  Seq Scan on followers f1  (cost=0.00..1443.00 rows=100000 width=8) (actual rows=100000 loops=1)
        Buffers: shared hit=443
Planning Time: 0.074 ms
Execution Time: 27.667 ms",24.486,1974.62,3162,"HashAggregate  (cost=1943.00..1974.62 rows=3162 width=12) (actual rows=3162 loops=1)
  Group Key: user_id
  Batches: 1  Memory Usage: 369kB
  Buffers: shared hit=443
  ->  Seq Scan on followers f1  (cost=0.00..1443.00 rows=100000 width=8) (actual rows=100000 loops=1)
        Buffers: shared hit=443
Planning Time: 0.049 ms
Execution Time: 24.486 ms",31.147,1974.62,3162,"HashAggregate  (cost=1943.00..1974.62 rows=3162 width=12) (actual rows=3162 loops=1)
  Group Key: user_id
  Batches: 1  Memory Usage: 369kB
  Buffers: shared hit=443
  ->  Seq Scan on followers f1  (cost=0.00..1443.00 rows=100000 width=8) (actual rows=100000 loops=1)
        Buffers: shared hit=443
Planning Time: 0.074 ms
Execution Time: 31.147 ms",28.7824,27.667,34.367,40.163,1974.62,1974.62,3162,3162,3162,3162,1729_6,1032,1729,6,Easy,"select f1.user_id, count(distinct f1.follower_id) as followers_count from schema_1729.followers as f1 join schema_1729.followers as f2 on f1.user_id = f2.user_id group by f1.user_id",673.434,69828.68,3162,"GroupAggregate  (cost=0.58..69828.68 rows=3162 width=12) (actual rows=3162 loops=1)
  Group Key: f1.user_id
  Buffers: shared hit=640
  ->  Merge Join  (cost=0.58..53800.44 rows=3199324 width=8) (actual rows=3257712 loops=1)
        Merge Cond: (f1.user_id = f2.user_id)
        Buffers: shared hit=640
        ->  Index Only Scan using followers_pkey on followers f1  (cost=0.29..2780.29 rows=100000 width=8) (actual rows=100000 loops=1)
              Heap Fetches: 0
              Buffers: shared hit=320
        ->  Materialize  (cost=0.29..3030.29 rows=100000 width=4) (actual rows=3257676 loops=1)
              Buffers: shared hit=320
              ->  Index Only Scan using followers_pkey on followers f2  (cost=0.29..2780.29 rows=100000 width=4) (actual rows=100000 loops=1)
                    Heap Fetches: 0
                    Buffers: shared hit=320
Planning:
  Buffers: shared hit=12
Planning Time: 0.178 ms
Execution Time: 673.434 ms",674.998,69828.68,3162,"GroupAggregate  (cost=0.58..69828.68 rows=3162 width=12) (actual rows=3162 loops=1)
  Group Key: f1.user_id
  Buffers: shared hit=640
  ->  Merge Join  (cost=0.58..53800.44 rows=3199324 width=8) (actual rows=3257712 loops=1)
        Merge Cond: (f1.user_id = f2.user_id)
        Buffers: shared hit=640
        ->  Index Only Scan using followers_pkey on followers f1  (cost=0.29..2780.29 rows=100000 width=8) (actual rows=100000 loops=1)
              Heap Fetches: 0
              Buffers: shared hit=320
        ->  Materialize  (cost=0.29..3030.29 rows=100000 width=4) (actual rows=3257676 loops=1)
              Buffers: shared hit=320
              ->  Index Only Scan using followers_pkey on followers f2  (cost=0.29..2780.29 rows=100000 width=4) (actual rows=100000 loops=1)
                    Heap Fetches: 0
                    Buffers: shared hit=320
Planning:
  Buffers: shared hit=12
Planning Time: 0.368 ms
Execution Time: 674.998 ms",679.972,69828.68,3162,"GroupAggregate  (cost=0.58..69828.68 rows=3162 width=12) (actual rows=3162 loops=1)
  Group Key: f1.user_id
  Buffers: shared hit=640
  ->  Merge Join  (cost=0.58..53800.44 rows=3199324 width=8) (actual rows=3257712 loops=1)
        Merge Cond: (f1.user_id = f2.user_id)
        Buffers: shared hit=640
        ->  Index Only Scan using followers_pkey on followers f1  (cost=0.29..2780.29 rows=100000 width=8) (actual rows=100000 loops=1)
              Heap Fetches: 0
              Buffers: shared hit=320
        ->  Materialize  (cost=0.29..3030.29 rows=100000 width=4) (actual rows=3257676 loops=1)
              Buffers: shared hit=320
              ->  Index Only Scan using followers_pkey on followers f2  (cost=0.29..2780.29 rows=100000 width=4) (actual rows=100000 loops=1)
                    Heap Fetches: 0
                    Buffers: shared hit=320
Planning:
  Buffers: shared hit=12
Planning Time: 0.269 ms
Execution Time: 679.972 ms",688.557,69828.68,3162,"GroupAggregate  (cost=0.58..69828.68 rows=3162 width=12) (actual rows=3162 loops=1)
  Group Key: f1.user_id
  Buffers: shared hit=640
  ->  Merge Join  (cost=0.58..53800.44 rows=3199324 width=8) (actual rows=3257712 loops=1)
        Merge Cond: (f1.user_id = f2.user_id)
        Buffers: shared hit=640
        ->  Index Only Scan using followers_pkey on followers f1  (cost=0.29..2780.29 rows=100000 width=8) (actual rows=100000 loops=1)
              Heap Fetches: 0
              Buffers: shared hit=320
        ->  Materialize  (cost=0.29..3030.29 rows=100000 width=4) (actual rows=3257676 loops=1)
              Buffers: shared hit=320
              ->  Index Only Scan using followers_pkey on followers f2  (cost=0.29..2780.29 rows=100000 width=4) (actual rows=100000 loops=1)
                    Heap Fetches: 0
                    Buffers: shared hit=320
Planning:
  Buffers: shared hit=12
Planning Time: 0.276 ms
Execution Time: 688.557 ms",674.029,69828.68,3162,"GroupAggregate  (cost=0.58..69828.68 rows=3162 width=12) (actual rows=3162 loops=1)
  Group Key: f1.user_id
  Buffers: shared hit=640
  ->  Merge Join  (cost=0.58..53800.44 rows=3199324 width=8) (actual rows=3257712 loops=1)
        Merge Cond: (f1.user_id = f2.user_id)
        Buffers: shared hit=640
        ->  Index Only Scan using followers_pkey on followers f1  (cost=0.29..2780.29 rows=100000 width=8) (actual rows=100000 loops=1)
              Heap Fetches: 0
              Buffers: shared hit=320
        ->  Materialize  (cost=0.29..3030.29 rows=100000 width=4) (actual rows=3257676 loops=1)
              Buffers: shared hit=320
              ->  Index Only Scan using followers_pkey on followers f2  (cost=0.29..2780.29 rows=100000 width=4) (actual rows=100000 loops=1)
                    Heap Fetches: 0
                    Buffers: shared hit=320
Planning:
  Buffers: shared hit=12
Planning Time: 0.261 ms
Execution Time: 674.029 ms",678.198,674.998,684.2645,691.991,69828.68,69828.68,3162,3162,3162,3162,normal,normal,40.193053500000076,33.99078480000001,equal variances,significant,0.003968253968253968,-649.4155999999999,-647.331,-67854.06,0,True
1034,1729,17,Easy,"select t_followers_0.user_id as user_id, count(t_followers_0.follower_id) as followers_count from schema_1729.followers as t_followers_0 group by t_followers_0.user_id",22.803,1974.62,3162,"HashAggregate  (cost=1943.00..1974.62 rows=3162 width=12) (actual rows=3162 loops=1)
  Group Key: user_id
  Batches: 1  Memory Usage: 369kB
  Buffers: shared hit=443
  ->  Seq Scan on followers t_followers_0  (cost=0.00..1443.00 rows=100000 width=8) (actual rows=100000 loops=1)
        Buffers: shared hit=443
Planning Time: 0.048 ms
Execution Time: 22.803 ms",27.066,1974.62,3162,"HashAggregate  (cost=1943.00..1974.62 rows=3162 width=12) (actual rows=3162 loops=1)
  Group Key: user_id
  Batches: 1  Memory Usage: 369kB
  Buffers: shared hit=443
  ->  Seq Scan on followers t_followers_0  (cost=0.00..1443.00 rows=100000 width=8) (actual rows=100000 loops=1)
        Buffers: shared hit=443
Planning Time: 0.120 ms
Execution Time: 27.066 ms",30.581,1974.62,3162,"HashAggregate  (cost=1943.00..1974.62 rows=3162 width=12) (actual rows=3162 loops=1)
  Group Key: user_id
  Batches: 1  Memory Usage: 369kB
  Buffers: shared hit=443
  ->  Seq Scan on followers t_followers_0  (cost=0.00..1443.00 rows=100000 width=8) (actual rows=100000 loops=1)
        Buffers: shared hit=443
Planning Time: 0.070 ms
Execution Time: 30.581 ms",26.314,1974.62,3162,"HashAggregate  (cost=1943.00..1974.62 rows=3162 width=12) (actual rows=3162 loops=1)
  Group Key: user_id
  Batches: 1  Memory Usage: 369kB
  Buffers: shared hit=443
  ->  Seq Scan on followers t_followers_0  (cost=0.00..1443.00 rows=100000 width=8) (actual rows=100000 loops=1)
        Buffers: shared hit=443
Planning Time: 0.131 ms
Execution Time: 26.314 ms",29.818,1974.62,3162,"HashAggregate  (cost=1943.00..1974.62 rows=3162 width=12) (actual rows=3162 loops=1)
  Group Key: user_id
  Batches: 1  Memory Usage: 369kB
  Buffers: shared hit=443
  ->  Seq Scan on followers t_followers_0  (cost=0.00..1443.00 rows=100000 width=8) (actual rows=100000 loops=1)
        Buffers: shared hit=443
Planning Time: 0.068 ms
Execution Time: 29.818 ms",27.3164,27.066,30.1995,30.8862,1974.62,1974.62,3162,3162,3162,3162,1729_17,1034,1729,17,Easy,"select user_id, count(distinct follower_id) as followers_count from schema_1729.followers group by 1",21.007,3311.91,3162,"GroupAggregate  (cost=0.29..3311.91 rows=3162 width=12) (actual rows=3162 loops=1)
  Group Key: user_id
  Buffers: shared hit=320
  ->  Index Only Scan using followers_pkey on followers  (cost=0.29..2780.29 rows=100000 width=8) (actual rows=100000 loops=1)
        Heap Fetches: 0
        Buffers: shared hit=320
Planning Time: 0.049 ms
Execution Time: 21.007 ms",26.521,3311.91,3162,"GroupAggregate  (cost=0.29..3311.91 rows=3162 width=12) (actual rows=3162 loops=1)
  Group Key: user_id
  Buffers: shared hit=320
  ->  Index Only Scan using followers_pkey on followers  (cost=0.29..2780.29 rows=100000 width=8) (actual rows=100000 loops=1)
        Heap Fetches: 0
        Buffers: shared hit=320
Planning Time: 0.072 ms
Execution Time: 26.521 ms",29.292,3311.91,3162,"GroupAggregate  (cost=0.29..3311.91 rows=3162 width=12) (actual rows=3162 loops=1)
  Group Key: user_id
  Buffers: shared hit=320
  ->  Index Only Scan using followers_pkey on followers  (cost=0.29..2780.29 rows=100000 width=8) (actual rows=100000 loops=1)
        Heap Fetches: 0
        Buffers: shared hit=320
Planning Time: 0.065 ms
Execution Time: 29.292 ms",27.554,3311.91,3162,"GroupAggregate  (cost=0.29..3311.91 rows=3162 width=12) (actual rows=3162 loops=1)
  Group Key: user_id
  Buffers: shared hit=320
  ->  Index Only Scan using followers_pkey on followers  (cost=0.29..2780.29 rows=100000 width=8) (actual rows=100000 loops=1)
        Heap Fetches: 0
        Buffers: shared hit=320
Planning Time: 0.067 ms
Execution Time: 27.554 ms",22.883,3311.91,3162,"GroupAggregate  (cost=0.29..3311.91 rows=3162 width=12) (actual rows=3162 loops=1)
  Group Key: user_id
  Buffers: shared hit=320
  ->  Index Only Scan using followers_pkey on followers  (cost=0.29..2780.29 rows=100000 width=8) (actual rows=100000 loops=1)
        Heap Fetches: 0
        Buffers: shared hit=320
Planning Time: 0.055 ms
Execution Time: 22.883 ms",25.4514,26.521,28.423,29.9872,3311.91,3311.91,3162,3162,3162,3162,normal,normal,11.666137299999999,9.588475299999999,equal variances,not significant,0.7896825396825397,1.865000000000002,0.5449999999999982,-1337.29,0,True
1035,1729,21,Easy,"select distinct t_cte_1.c_user_id0 as user_id, t_cte_1.c_count0 as followers_count from (select count(t_followers_0.follower_id) as c_count0, t_followers_0.user_id as c_user_id0 from schema_1729.followers as t_followers_0 group by t_followers_0.user_id) as t_cte_1 order by user_id asc",24.42,2039.12,3162,"Sort  (cost=2038.33..2039.12 rows=316 width=12) (actual rows=3162 loops=1)
  Sort Key: t_followers_0.user_id
  Sort Method: quicksort  Memory: 245kB
  Buffers: shared hit=443
  ->  HashAggregate  (cost=2022.05..2025.21 rows=316 width=12) (actual rows=3162 loops=1)
        Group Key: t_followers_0.user_id, count(t_followers_0.follower_id)
        Batches: 1  Memory Usage: 369kB
        Buffers: shared hit=443
        ->  HashAggregate  (cost=1943.00..1974.62 rows=3162 width=12) (actual rows=3162 loops=1)
              Group Key: t_followers_0.user_id
              Batches: 1  Memory Usage: 369kB
              Buffers: shared hit=443
              ->  Seq Scan on followers t_followers_0  (cost=0.00..1443.00 rows=100000 width=8) (actual rows=100000 loops=1)
                    Buffers: shared hit=443
Planning Time: 0.085 ms
Execution Time: 24.420 ms",30.52,2039.12,3162,"Sort  (cost=2038.33..2039.12 rows=316 width=12) (actual rows=3162 loops=1)
  Sort Key: t_followers_0.user_id
  Sort Method: quicksort  Memory: 245kB
  Buffers: shared hit=443
  ->  HashAggregate  (cost=2022.05..2025.21 rows=316 width=12) (actual rows=3162 loops=1)
        Group Key: t_followers_0.user_id, count(t_followers_0.follower_id)
        Batches: 1  Memory Usage: 369kB
        Buffers: shared hit=443
        ->  HashAggregate  (cost=1943.00..1974.62 rows=3162 width=12) (actual rows=3162 loops=1)
              Group Key: t_followers_0.user_id
              Batches: 1  Memory Usage: 369kB
              Buffers: shared hit=443
              ->  Seq Scan on followers t_followers_0  (cost=0.00..1443.00 rows=100000 width=8) (actual rows=100000 loops=1)
                    Buffers: shared hit=443
Planning Time: 0.088 ms
Execution Time: 30.520 ms",31.116,2039.12,3162,"Sort  (cost=2038.33..2039.12 rows=316 width=12) (actual rows=3162 loops=1)
  Sort Key: t_followers_0.user_id
  Sort Method: quicksort  Memory: 245kB
  Buffers: shared hit=443
  ->  HashAggregate  (cost=2022.05..2025.21 rows=316 width=12) (actual rows=3162 loops=1)
        Group Key: t_followers_0.user_id, count(t_followers_0.follower_id)
        Batches: 1  Memory Usage: 369kB
        Buffers: shared hit=443
        ->  HashAggregate  (cost=1943.00..1974.62 rows=3162 width=12) (actual rows=3162 loops=1)
              Group Key: t_followers_0.user_id
              Batches: 1  Memory Usage: 369kB
              Buffers: shared hit=443
              ->  Seq Scan on followers t_followers_0  (cost=0.00..1443.00 rows=100000 width=8) (actual rows=100000 loops=1)
                    Buffers: shared hit=443
Planning Time: 0.095 ms
Execution Time: 31.116 ms",30.033,2039.12,3162,"Sort  (cost=2038.33..2039.12 rows=316 width=12) (actual rows=3162 loops=1)
  Sort Key: t_followers_0.user_id
  Sort Method: quicksort  Memory: 245kB
  Buffers: shared hit=443
  ->  HashAggregate  (cost=2022.05..2025.21 rows=316 width=12) (actual rows=3162 loops=1)
        Group Key: t_followers_0.user_id, count(t_followers_0.follower_id)
        Batches: 1  Memory Usage: 369kB
        Buffers: shared hit=443
        ->  HashAggregate  (cost=1943.00..1974.62 rows=3162 width=12) (actual rows=3162 loops=1)
              Group Key: t_followers_0.user_id
              Batches: 1  Memory Usage: 369kB
              Buffers: shared hit=443
              ->  Seq Scan on followers t_followers_0  (cost=0.00..1443.00 rows=100000 width=8) (actual rows=100000 loops=1)
                    Buffers: shared hit=443
Planning Time: 0.079 ms
Execution Time: 30.033 ms",42.649,2039.12,3162,"Sort  (cost=2038.33..2039.12 rows=316 width=12) (actual rows=3162 loops=1)
  Sort Key: t_followers_0.user_id
  Sort Method: quicksort  Memory: 245kB
  Buffers: shared hit=443
  ->  HashAggregate  (cost=2022.05..2025.21 rows=316 width=12) (actual rows=3162 loops=1)
        Group Key: t_followers_0.user_id, count(t_followers_0.follower_id)
        Batches: 1  Memory Usage: 369kB
        Buffers: shared hit=443
        ->  HashAggregate  (cost=1943.00..1974.62 rows=3162 width=12) (actual rows=3162 loops=1)
              Group Key: t_followers_0.user_id
              Batches: 1  Memory Usage: 369kB
              Buffers: shared hit=443
              ->  Seq Scan on followers t_followers_0  (cost=0.00..1443.00 rows=100000 width=8) (actual rows=100000 loops=1)
                    Buffers: shared hit=443
Planning Time: 0.064 ms
Execution Time: 42.649 ms",31.7476,30.52,36.8825,47.2622,2039.12,2039.12,3162,3162,3162,3162,1729_21,1035,1729,21,Easy,"select user_id, count(distinct follower_id) as followers_count from schema_1729.followers group by user_id order by user_id",23.147,3311.91,3162,"GroupAggregate  (cost=0.29..3311.91 rows=3162 width=12) (actual rows=3162 loops=1)
  Group Key: user_id
  Buffers: shared hit=320
  ->  Index Only Scan using followers_pkey on followers  (cost=0.29..2780.29 rows=100000 width=8) (actual rows=100000 loops=1)
        Heap Fetches: 0
        Buffers: shared hit=320
Planning Time: 0.086 ms
Execution Time: 23.147 ms",24.694,3311.91,3162,"GroupAggregate  (cost=0.29..3311.91 rows=3162 width=12) (actual rows=3162 loops=1)
  Group Key: user_id
  Buffers: shared hit=320
  ->  Index Only Scan using followers_pkey on followers  (cost=0.29..2780.29 rows=100000 width=8) (actual rows=100000 loops=1)
        Heap Fetches: 0
        Buffers: shared hit=320
Planning Time: 0.093 ms
Execution Time: 24.694 ms",23.785,3311.91,3162,"GroupAggregate  (cost=0.29..3311.91 rows=3162 width=12) (actual rows=3162 loops=1)
  Group Key: user_id
  Buffers: shared hit=320
  ->  Index Only Scan using followers_pkey on followers  (cost=0.29..2780.29 rows=100000 width=8) (actual rows=100000 loops=1)
        Heap Fetches: 0
        Buffers: shared hit=320
Planning Time: 0.073 ms
Execution Time: 23.785 ms",23.724,3311.91,3162,"GroupAggregate  (cost=0.29..3311.91 rows=3162 width=12) (actual rows=3162 loops=1)
  Group Key: user_id
  Buffers: shared hit=320
  ->  Index Only Scan using followers_pkey on followers  (cost=0.29..2780.29 rows=100000 width=8) (actual rows=100000 loops=1)
        Heap Fetches: 0
        Buffers: shared hit=320
Planning Time: 0.085 ms
Execution Time: 23.724 ms",24.962,3311.91,3162,"GroupAggregate  (cost=0.29..3311.91 rows=3162 width=12) (actual rows=3162 loops=1)
  Group Key: user_id
  Buffers: shared hit=320
  ->  Index Only Scan using followers_pkey on followers  (cost=0.29..2780.29 rows=100000 width=8) (actual rows=100000 loops=1)
        Heap Fetches: 0
        Buffers: shared hit=320
Planning Time: 0.074 ms
Execution Time: 24.962 ms",24.0624,23.785,24.828,25.0692,3311.91,3311.91,3162,3162,3162,3162,normal,normal,0.5594053000000002,44.3450043,equal variances,not significant,0.9920634920634921,7.685199999999998,6.734999999999999,-1272.79,0,True
1040,1729,50,Easy,"select distinct t_cte_1.c_user_id0 as user_id, t_cte_1.c_count0 as followers_count from (select t_followers_0.user_id as c_user_id0, count(t_followers_0.follower_id) as c_count0 from schema_1729.followers as t_followers_0 group by t_followers_0.user_id) as t_cte_1 order by user_id asc",24.99,2039.12,3162,"Sort  (cost=2038.33..2039.12 rows=316 width=12) (actual rows=3162 loops=1)
  Sort Key: t_followers_0.user_id
  Sort Method: quicksort  Memory: 245kB
  Buffers: shared hit=443
  ->  HashAggregate  (cost=2022.05..2025.21 rows=316 width=12) (actual rows=3162 loops=1)
        Group Key: t_followers_0.user_id, count(t_followers_0.follower_id)
        Batches: 1  Memory Usage: 369kB
        Buffers: shared hit=443
        ->  HashAggregate  (cost=1943.00..1974.62 rows=3162 width=12) (actual rows=3162 loops=1)
              Group Key: t_followers_0.user_id
              Batches: 1  Memory Usage: 369kB
              Buffers: shared hit=443
              ->  Seq Scan on followers t_followers_0  (cost=0.00..1443.00 rows=100000 width=8) (actual rows=100000 loops=1)
                    Buffers: shared hit=443
Planning Time: 0.065 ms
Execution Time: 24.990 ms",31.699,2039.12,3162,"Sort  (cost=2038.33..2039.12 rows=316 width=12) (actual rows=3162 loops=1)
  Sort Key: t_followers_0.user_id
  Sort Method: quicksort  Memory: 245kB
  Buffers: shared hit=443
  ->  HashAggregate  (cost=2022.05..2025.21 rows=316 width=12) (actual rows=3162 loops=1)
        Group Key: t_followers_0.user_id, count(t_followers_0.follower_id)
        Batches: 1  Memory Usage: 369kB
        Buffers: shared hit=443
        ->  HashAggregate  (cost=1943.00..1974.62 rows=3162 width=12) (actual rows=3162 loops=1)
              Group Key: t_followers_0.user_id
              Batches: 1  Memory Usage: 369kB
              Buffers: shared hit=443
              ->  Seq Scan on followers t_followers_0  (cost=0.00..1443.00 rows=100000 width=8) (actual rows=100000 loops=1)
                    Buffers: shared hit=443
Planning Time: 0.092 ms
Execution Time: 31.699 ms",31.469,2039.12,3162,"Sort  (cost=2038.33..2039.12 rows=316 width=12) (actual rows=3162 loops=1)
  Sort Key: t_followers_0.user_id
  Sort Method: quicksort  Memory: 245kB
  Buffers: shared hit=443
  ->  HashAggregate  (cost=2022.05..2025.21 rows=316 width=12) (actual rows=3162 loops=1)
        Group Key: t_followers_0.user_id, count(t_followers_0.follower_id)
        Batches: 1  Memory Usage: 369kB
        Buffers: shared hit=443
        ->  HashAggregate  (cost=1943.00..1974.62 rows=3162 width=12) (actual rows=3162 loops=1)
              Group Key: t_followers_0.user_id
              Batches: 1  Memory Usage: 369kB
              Buffers: shared hit=443
              ->  Seq Scan on followers t_followers_0  (cost=0.00..1443.00 rows=100000 width=8) (actual rows=100000 loops=1)
                    Buffers: shared hit=443
Planning Time: 0.159 ms
Execution Time: 31.469 ms",28.313,2039.12,3162,"Sort  (cost=2038.33..2039.12 rows=316 width=12) (actual rows=3162 loops=1)
  Sort Key: t_followers_0.user_id
  Sort Method: quicksort  Memory: 245kB
  Buffers: shared hit=443
  ->  HashAggregate  (cost=2022.05..2025.21 rows=316 width=12) (actual rows=3162 loops=1)
        Group Key: t_followers_0.user_id, count(t_followers_0.follower_id)
        Batches: 1  Memory Usage: 369kB
        Buffers: shared hit=443
        ->  HashAggregate  (cost=1943.00..1974.62 rows=3162 width=12) (actual rows=3162 loops=1)
              Group Key: t_followers_0.user_id
              Batches: 1  Memory Usage: 369kB
              Buffers: shared hit=443
              ->  Seq Scan on followers t_followers_0  (cost=0.00..1443.00 rows=100000 width=8) (actual rows=100000 loops=1)
                    Buffers: shared hit=443
Planning Time: 0.114 ms
Execution Time: 28.313 ms",32.381,2039.12,3162,"Sort  (cost=2038.33..2039.12 rows=316 width=12) (actual rows=3162 loops=1)
  Sort Key: t_followers_0.user_id
  Sort Method: quicksort  Memory: 245kB
  Buffers: shared hit=443
  ->  HashAggregate  (cost=2022.05..2025.21 rows=316 width=12) (actual rows=3162 loops=1)
        Group Key: t_followers_0.user_id, count(t_followers_0.follower_id)
        Batches: 1  Memory Usage: 369kB
        Buffers: shared hit=443
        ->  HashAggregate  (cost=1943.00..1974.62 rows=3162 width=12) (actual rows=3162 loops=1)
              Group Key: t_followers_0.user_id
              Batches: 1  Memory Usage: 369kB
              Buffers: shared hit=443
              ->  Seq Scan on followers t_followers_0  (cost=0.00..1443.00 rows=100000 width=8) (actual rows=100000 loops=1)
                    Buffers: shared hit=443
Planning Time: 0.094 ms
Execution Time: 32.381 ms",29.7704,31.469,32.04,32.6538,2039.12,2039.12,3162,3162,3162,3162,1729_50,1040,1729,50,Easy,"select user_id, count(distinct follower_id) as followers_count from schema_1729.followers group by 1 order by user_id",20.991,3311.91,3162,"GroupAggregate  (cost=0.29..3311.91 rows=3162 width=12) (actual rows=3162 loops=1)
  Group Key: user_id
  Buffers: shared hit=320
  ->  Index Only Scan using followers_pkey on followers  (cost=0.29..2780.29 rows=100000 width=8) (actual rows=100000 loops=1)
        Heap Fetches: 0
        Buffers: shared hit=320
Planning Time: 0.050 ms
Execution Time: 20.991 ms",28.303,3311.91,3162,"GroupAggregate  (cost=0.29..3311.91 rows=3162 width=12) (actual rows=3162 loops=1)
  Group Key: user_id
  Buffers: shared hit=320
  ->  Index Only Scan using followers_pkey on followers  (cost=0.29..2780.29 rows=100000 width=8) (actual rows=100000 loops=1)
        Heap Fetches: 0
        Buffers: shared hit=320
Planning Time: 0.074 ms
Execution Time: 28.303 ms",25.207,3311.91,3162,"GroupAggregate  (cost=0.29..3311.91 rows=3162 width=12) (actual rows=3162 loops=1)
  Group Key: user_id
  Buffers: shared hit=320
  ->  Index Only Scan using followers_pkey on followers  (cost=0.29..2780.29 rows=100000 width=8) (actual rows=100000 loops=1)
        Heap Fetches: 0
        Buffers: shared hit=320
Planning Time: 0.068 ms
Execution Time: 25.207 ms",27.739,3311.91,3162,"GroupAggregate  (cost=0.29..3311.91 rows=3162 width=12) (actual rows=3162 loops=1)
  Group Key: user_id
  Buffers: shared hit=320
  ->  Index Only Scan using followers_pkey on followers  (cost=0.29..2780.29 rows=100000 width=8) (actual rows=100000 loops=1)
        Heap Fetches: 0
        Buffers: shared hit=320
Planning Time: 0.069 ms
Execution Time: 27.739 ms",23.62,3311.91,3162,"GroupAggregate  (cost=0.29..3311.91 rows=3162 width=12) (actual rows=3162 loops=1)
  Group Key: user_id
  Buffers: shared hit=320
  ->  Index Only Scan using followers_pkey on followers  (cost=0.29..2780.29 rows=100000 width=8) (actual rows=100000 loops=1)
        Heap Fetches: 0
        Buffers: shared hit=320
Planning Time: 0.064 ms
Execution Time: 23.620 ms",25.172,25.207,28.021,28.5286,3311.91,3311.91,3162,3162,3162,3162,normal,normal,9.070835,9.599052800000006,equal variances,not significant,0.9841269841269841,4.598399999999998,6.2620000000000005,-1272.79,0,True
1042,1729,66,Easy,"select distinct t_cte_7.c_user_id0 as user_id, t_cte_7.c_count0 as followers_count from (select count(t_followers_0.follower_id) as c_count0, t_followers_0.user_id as c_user_id0 from schema_1729.followers as t_followers_0 group by t_followers_0.user_id) as t_cte_7 order by user_id asc",33.627,2039.12,3162,"Sort  (cost=2038.33..2039.12 rows=316 width=12) (actual rows=3162 loops=1)
  Sort Key: t_followers_0.user_id
  Sort Method: quicksort  Memory: 245kB
  Buffers: shared hit=443
  ->  HashAggregate  (cost=2022.05..2025.21 rows=316 width=12) (actual rows=3162 loops=1)
        Group Key: t_followers_0.user_id, count(t_followers_0.follower_id)
        Batches: 1  Memory Usage: 369kB
        Buffers: shared hit=443
        ->  HashAggregate  (cost=1943.00..1974.62 rows=3162 width=12) (actual rows=3162 loops=1)
              Group Key: t_followers_0.user_id
              Batches: 1  Memory Usage: 369kB
              Buffers: shared hit=443
              ->  Seq Scan on followers t_followers_0  (cost=0.00..1443.00 rows=100000 width=8) (actual rows=100000 loops=1)
                    Buffers: shared hit=443
Planning Time: 0.087 ms
Execution Time: 33.627 ms",29.914,2039.12,3162,"Sort  (cost=2038.33..2039.12 rows=316 width=12) (actual rows=3162 loops=1)
  Sort Key: t_followers_0.user_id
  Sort Method: quicksort  Memory: 245kB
  Buffers: shared hit=443
  ->  HashAggregate  (cost=2022.05..2025.21 rows=316 width=12) (actual rows=3162 loops=1)
        Group Key: t_followers_0.user_id, count(t_followers_0.follower_id)
        Batches: 1  Memory Usage: 369kB
        Buffers: shared hit=443
        ->  HashAggregate  (cost=1943.00..1974.62 rows=3162 width=12) (actual rows=3162 loops=1)
              Group Key: t_followers_0.user_id
              Batches: 1  Memory Usage: 369kB
              Buffers: shared hit=443
              ->  Seq Scan on followers t_followers_0  (cost=0.00..1443.00 rows=100000 width=8) (actual rows=100000 loops=1)
                    Buffers: shared hit=443
Planning Time: 0.180 ms
Execution Time: 29.914 ms",30.946,2039.12,3162,"Sort  (cost=2038.33..2039.12 rows=316 width=12) (actual rows=3162 loops=1)
  Sort Key: t_followers_0.user_id
  Sort Method: quicksort  Memory: 245kB
  Buffers: shared hit=443
  ->  HashAggregate  (cost=2022.05..2025.21 rows=316 width=12) (actual rows=3162 loops=1)
        Group Key: t_followers_0.user_id, count(t_followers_0.follower_id)
        Batches: 1  Memory Usage: 369kB
        Buffers: shared hit=443
        ->  HashAggregate  (cost=1943.00..1974.62 rows=3162 width=12) (actual rows=3162 loops=1)
              Group Key: t_followers_0.user_id
              Batches: 1  Memory Usage: 369kB
              Buffers: shared hit=443
              ->  Seq Scan on followers t_followers_0  (cost=0.00..1443.00 rows=100000 width=8) (actual rows=100000 loops=1)
                    Buffers: shared hit=443
Planning Time: 0.105 ms
Execution Time: 30.946 ms",28.252,2039.12,3162,"Sort  (cost=2038.33..2039.12 rows=316 width=12) (actual rows=3162 loops=1)
  Sort Key: t_followers_0.user_id
  Sort Method: quicksort  Memory: 245kB
  Buffers: shared hit=443
  ->  HashAggregate  (cost=2022.05..2025.21 rows=316 width=12) (actual rows=3162 loops=1)
        Group Key: t_followers_0.user_id, count(t_followers_0.follower_id)
        Batches: 1  Memory Usage: 369kB
        Buffers: shared hit=443
        ->  HashAggregate  (cost=1943.00..1974.62 rows=3162 width=12) (actual rows=3162 loops=1)
              Group Key: t_followers_0.user_id
              Batches: 1  Memory Usage: 369kB
              Buffers: shared hit=443
              ->  Seq Scan on followers t_followers_0  (cost=0.00..1443.00 rows=100000 width=8) (actual rows=100000 loops=1)
                    Buffers: shared hit=443
Planning Time: 0.163 ms
Execution Time: 28.252 ms",37.139,2039.12,3162,"Sort  (cost=2038.33..2039.12 rows=316 width=12) (actual rows=3162 loops=1)
  Sort Key: t_followers_0.user_id
  Sort Method: quicksort  Memory: 245kB
  Buffers: shared hit=443
  ->  HashAggregate  (cost=2022.05..2025.21 rows=316 width=12) (actual rows=3162 loops=1)
        Group Key: t_followers_0.user_id, count(t_followers_0.follower_id)
        Batches: 1  Memory Usage: 369kB
        Buffers: shared hit=443
        ->  HashAggregate  (cost=1943.00..1974.62 rows=3162 width=12) (actual rows=3162 loops=1)
              Group Key: t_followers_0.user_id
              Batches: 1  Memory Usage: 369kB
              Buffers: shared hit=443
              ->  Seq Scan on followers t_followers_0  (cost=0.00..1443.00 rows=100000 width=8) (actual rows=100000 loops=1)
                    Buffers: shared hit=443
Planning Time: 0.090 ms
Execution Time: 37.139 ms",31.9756,30.946,35.383,38.5438,2039.12,2039.12,3162,3162,3162,3162,1729_66,1042,1729,66,Easy,"select distinct user_id, count(follower_id) as followers_count from schema_1729.followers group by user_id order by user_id",26.044,2182.15,3162,"Unique  (cost=2158.44..2182.15 rows=3162 width=12) (actual rows=3162 loops=1)
  Buffers: shared hit=443
  ->  Sort  (cost=2158.44..2166.34 rows=3162 width=12) (actual rows=3162 loops=1)
        Sort Key: user_id, (count(follower_id))
        Sort Method: quicksort  Memory: 245kB
        Buffers: shared hit=443
        ->  HashAggregate  (cost=1943.00..1974.62 rows=3162 width=12) (actual rows=3162 loops=1)
              Group Key: user_id
              Batches: 1  Memory Usage: 369kB
              Buffers: shared hit=443
              ->  Seq Scan on followers  (cost=0.00..1443.00 rows=100000 width=8) (actual rows=100000 loops=1)
                    Buffers: shared hit=443
Planning Time: 0.092 ms
Execution Time: 26.044 ms",31.461,2182.15,3162,"Unique  (cost=2158.44..2182.15 rows=3162 width=12) (actual rows=3162 loops=1)
  Buffers: shared hit=443
  ->  Sort  (cost=2158.44..2166.34 rows=3162 width=12) (actual rows=3162 loops=1)
        Sort Key: user_id, (count(follower_id))
        Sort Method: quicksort  Memory: 245kB
        Buffers: shared hit=443
        ->  HashAggregate  (cost=1943.00..1974.62 rows=3162 width=12) (actual rows=3162 loops=1)
              Group Key: user_id
              Batches: 1  Memory Usage: 369kB
              Buffers: shared hit=443
              ->  Seq Scan on followers  (cost=0.00..1443.00 rows=100000 width=8) (actual rows=100000 loops=1)
                    Buffers: shared hit=443
Planning Time: 0.079 ms
Execution Time: 31.461 ms",28.521,2182.15,3162,"Unique  (cost=2158.44..2182.15 rows=3162 width=12) (actual rows=3162 loops=1)
  Buffers: shared hit=443
  ->  Sort  (cost=2158.44..2166.34 rows=3162 width=12) (actual rows=3162 loops=1)
        Sort Key: user_id, (count(follower_id))
        Sort Method: quicksort  Memory: 245kB
        Buffers: shared hit=443
        ->  HashAggregate  (cost=1943.00..1974.62 rows=3162 width=12) (actual rows=3162 loops=1)
              Group Key: user_id
              Batches: 1  Memory Usage: 369kB
              Buffers: shared hit=443
              ->  Seq Scan on followers  (cost=0.00..1443.00 rows=100000 width=8) (actual rows=100000 loops=1)
                    Buffers: shared hit=443
Planning Time: 0.168 ms
Execution Time: 28.521 ms",27.577,2182.15,3162,"Unique  (cost=2158.44..2182.15 rows=3162 width=12) (actual rows=3162 loops=1)
  Buffers: shared hit=443
  ->  Sort  (cost=2158.44..2166.34 rows=3162 width=12) (actual rows=3162 loops=1)
        Sort Key: user_id, (count(follower_id))
        Sort Method: quicksort  Memory: 245kB
        Buffers: shared hit=443
        ->  HashAggregate  (cost=1943.00..1974.62 rows=3162 width=12) (actual rows=3162 loops=1)
              Group Key: user_id
              Batches: 1  Memory Usage: 369kB
              Buffers: shared hit=443
              ->  Seq Scan on followers  (cost=0.00..1443.00 rows=100000 width=8) (actual rows=100000 loops=1)
                    Buffers: shared hit=443
Planning Time: 0.117 ms
Execution Time: 27.577 ms",25.624,2182.15,3162,"Unique  (cost=2158.44..2182.15 rows=3162 width=12) (actual rows=3162 loops=1)
  Buffers: shared hit=443
  ->  Sort  (cost=2158.44..2166.34 rows=3162 width=12) (actual rows=3162 loops=1)
        Sort Key: user_id, (count(follower_id))
        Sort Method: quicksort  Memory: 245kB
        Buffers: shared hit=443
        ->  HashAggregate  (cost=1943.00..1974.62 rows=3162 width=12) (actual rows=3162 loops=1)
              Group Key: user_id
              Batches: 1  Memory Usage: 369kB
              Buffers: shared hit=443
              ->  Seq Scan on followers  (cost=0.00..1443.00 rows=100000 width=8) (actual rows=100000 loops=1)
                    Buffers: shared hit=443
Planning Time: 0.068 ms
Execution Time: 25.624 ms",27.8454,27.577,29.991,32.637,2182.15,2182.15,3162,3162,3162,3162,normal,normal,5.445174299999999,12.14082230000001,equal variances,not significant,0.9722222222222222,4.1301999999999985,3.3689999999999998,-143.0300000000002,0,True
1043,1729,80,Easy,"select t_followers_0.user_id as user_id, count(t_followers_0.user_id) as followers_count from schema_1729.followers as t_followers_0 group by t_followers_0.user_id",21.838,1974.62,3162,"HashAggregate  (cost=1943.00..1974.62 rows=3162 width=12) (actual rows=3162 loops=1)
  Group Key: user_id
  Batches: 1  Memory Usage: 369kB
  Buffers: shared hit=443
  ->  Seq Scan on followers t_followers_0  (cost=0.00..1443.00 rows=100000 width=4) (actual rows=100000 loops=1)
        Buffers: shared hit=443
Planning Time: 0.047 ms
Execution Time: 21.838 ms",26.041,1974.62,3162,"HashAggregate  (cost=1943.00..1974.62 rows=3162 width=12) (actual rows=3162 loops=1)
  Group Key: user_id
  Batches: 1  Memory Usage: 369kB
  Buffers: shared hit=443
  ->  Seq Scan on followers t_followers_0  (cost=0.00..1443.00 rows=100000 width=4) (actual rows=100000 loops=1)
        Buffers: shared hit=443
Planning Time: 0.080 ms
Execution Time: 26.041 ms",29.974,1974.62,3162,"HashAggregate  (cost=1943.00..1974.62 rows=3162 width=12) (actual rows=3162 loops=1)
  Group Key: user_id
  Batches: 1  Memory Usage: 369kB
  Buffers: shared hit=443
  ->  Seq Scan on followers t_followers_0  (cost=0.00..1443.00 rows=100000 width=4) (actual rows=100000 loops=1)
        Buffers: shared hit=443
Planning Time: 0.071 ms
Execution Time: 29.974 ms",28.971,1974.62,3162,"HashAggregate  (cost=1943.00..1974.62 rows=3162 width=12) (actual rows=3162 loops=1)
  Group Key: user_id
  Batches: 1  Memory Usage: 369kB
  Buffers: shared hit=443
  ->  Seq Scan on followers t_followers_0  (cost=0.00..1443.00 rows=100000 width=4) (actual rows=100000 loops=1)
        Buffers: shared hit=443
Planning Time: 0.064 ms
Execution Time: 28.971 ms",25.354,1974.62,3162,"HashAggregate  (cost=1943.00..1974.62 rows=3162 width=12) (actual rows=3162 loops=1)
  Group Key: user_id
  Batches: 1  Memory Usage: 369kB
  Buffers: shared hit=443
  ->  Seq Scan on followers t_followers_0  (cost=0.00..1443.00 rows=100000 width=4) (actual rows=100000 loops=1)
        Buffers: shared hit=443
Planning Time: 0.101 ms
Execution Time: 25.354 ms",26.4356,26.041,29.4725,30.3752,1974.62,1974.62,3162,3162,3162,3162,1729_80,1043,1729,80,Easy,"select a.user_id, count(b.user_id) as followers_count from schema_1729.followers as a left outer join (select distinct user_id from schema_1729.followers) as b on a.user_id = b.user_id group by a.user_id order by a.user_id",57.789,4224.96,3162,"Sort  (cost=4217.06..4224.96 rows=3162 width=12) (actual rows=3162 loops=1)
  Sort Key: a.user_id
  Sort Method: quicksort  Memory: 245kB
  Buffers: shared hit=886
  ->  HashAggregate  (cost=4001.62..4033.24 rows=3162 width=12) (actual rows=3162 loops=1)
        Group Key: a.user_id
        Batches: 1  Memory Usage: 369kB
        Buffers: shared hit=886
        ->  Hash Left Join  (cost=1795.76..3501.62 rows=100000 width=8) (actual rows=100000 loops=1)
              Hash Cond: (a.user_id = followers.user_id)
              Buffers: shared hit=886
              ->  Seq Scan on followers a  (cost=0.00..1443.00 rows=100000 width=4) (actual rows=100000 loops=1)
                    Buffers: shared hit=443
              ->  Hash  (cost=1756.24..1756.24 rows=3162 width=4) (actual rows=3162 loops=1)
                    Buckets: 4096  Batches: 1  Memory Usage: 144kB
                    Buffers: shared hit=443
                    ->  HashAggregate  (cost=1693.00..1724.62 rows=3162 width=4) (actual rows=3162 loops=1)
                          Group Key: followers.user_id
                          Batches: 1  Memory Usage: 369kB
                          Buffers: shared hit=443
                          ->  Seq Scan on followers  (cost=0.00..1443.00 rows=100000 width=4) (actual rows=100000 loops=1)
                                Buffers: shared hit=443
Planning Time: 0.114 ms
Execution Time: 57.789 ms",59.574,4224.96,3162,"Sort  (cost=4217.06..4224.96 rows=3162 width=12) (actual rows=3162 loops=1)
  Sort Key: a.user_id
  Sort Method: quicksort  Memory: 245kB
  Buffers: shared hit=886
  ->  HashAggregate  (cost=4001.62..4033.24 rows=3162 width=12) (actual rows=3162 loops=1)
        Group Key: a.user_id
        Batches: 1  Memory Usage: 369kB
        Buffers: shared hit=886
        ->  Hash Left Join  (cost=1795.76..3501.62 rows=100000 width=8) (actual rows=100000 loops=1)
              Hash Cond: (a.user_id = followers.user_id)
              Buffers: shared hit=886
              ->  Seq Scan on followers a  (cost=0.00..1443.00 rows=100000 width=4) (actual rows=100000 loops=1)
                    Buffers: shared hit=443
              ->  Hash  (cost=1756.24..1756.24 rows=3162 width=4) (actual rows=3162 loops=1)
                    Buckets: 4096  Batches: 1  Memory Usage: 144kB
                    Buffers: shared hit=443
                    ->  HashAggregate  (cost=1693.00..1724.62 rows=3162 width=4) (actual rows=3162 loops=1)
                          Group Key: followers.user_id
                          Batches: 1  Memory Usage: 369kB
                          Buffers: shared hit=443
                          ->  Seq Scan on followers  (cost=0.00..1443.00 rows=100000 width=4) (actual rows=100000 loops=1)
                                Buffers: shared hit=443
Planning Time: 0.146 ms
Execution Time: 59.574 ms",62.03,4224.96,3162,"Sort  (cost=4217.06..4224.96 rows=3162 width=12) (actual rows=3162 loops=1)
  Sort Key: a.user_id
  Sort Method: quicksort  Memory: 245kB
  Buffers: shared hit=886
  ->  HashAggregate  (cost=4001.62..4033.24 rows=3162 width=12) (actual rows=3162 loops=1)
        Group Key: a.user_id
        Batches: 1  Memory Usage: 369kB
        Buffers: shared hit=886
        ->  Hash Left Join  (cost=1795.76..3501.62 rows=100000 width=8) (actual rows=100000 loops=1)
              Hash Cond: (a.user_id = followers.user_id)
              Buffers: shared hit=886
              ->  Seq Scan on followers a  (cost=0.00..1443.00 rows=100000 width=4) (actual rows=100000 loops=1)
                    Buffers: shared hit=443
              ->  Hash  (cost=1756.24..1756.24 rows=3162 width=4) (actual rows=3162 loops=1)
                    Buckets: 4096  Batches: 1  Memory Usage: 144kB
                    Buffers: shared hit=443
                    ->  HashAggregate  (cost=1693.00..1724.62 rows=3162 width=4) (actual rows=3162 loops=1)
                          Group Key: followers.user_id
                          Batches: 1  Memory Usage: 369kB
                          Buffers: shared hit=443
                          ->  Seq Scan on followers  (cost=0.00..1443.00 rows=100000 width=4) (actual rows=100000 loops=1)
                                Buffers: shared hit=443
Planning Time: 0.159 ms
Execution Time: 62.030 ms",61.871,4224.96,3162,"Sort  (cost=4217.06..4224.96 rows=3162 width=12) (actual rows=3162 loops=1)
  Sort Key: a.user_id
  Sort Method: quicksort  Memory: 245kB
  Buffers: shared hit=886
  ->  HashAggregate  (cost=4001.62..4033.24 rows=3162 width=12) (actual rows=3162 loops=1)
        Group Key: a.user_id
        Batches: 1  Memory Usage: 369kB
        Buffers: shared hit=886
        ->  Hash Left Join  (cost=1795.76..3501.62 rows=100000 width=8) (actual rows=100000 loops=1)
              Hash Cond: (a.user_id = followers.user_id)
              Buffers: shared hit=886
              ->  Seq Scan on followers a  (cost=0.00..1443.00 rows=100000 width=4) (actual rows=100000 loops=1)
                    Buffers: shared hit=443
              ->  Hash  (cost=1756.24..1756.24 rows=3162 width=4) (actual rows=3162 loops=1)
                    Buckets: 4096  Batches: 1  Memory Usage: 144kB
                    Buffers: shared hit=443
                    ->  HashAggregate  (cost=1693.00..1724.62 rows=3162 width=4) (actual rows=3162 loops=1)
                          Group Key: followers.user_id
                          Batches: 1  Memory Usage: 369kB
                          Buffers: shared hit=443
                          ->  Seq Scan on followers  (cost=0.00..1443.00 rows=100000 width=4) (actual rows=100000 loops=1)
                                Buffers: shared hit=443
Planning Time: 0.156 ms
Execution Time: 61.871 ms",60.526,4224.96,3162,"Sort  (cost=4217.06..4224.96 rows=3162 width=12) (actual rows=3162 loops=1)
  Sort Key: a.user_id
  Sort Method: quicksort  Memory: 245kB
  Buffers: shared hit=886
  ->  HashAggregate  (cost=4001.62..4033.24 rows=3162 width=12) (actual rows=3162 loops=1)
        Group Key: a.user_id
        Batches: 1  Memory Usage: 369kB
        Buffers: shared hit=886
        ->  Hash Left Join  (cost=1795.76..3501.62 rows=100000 width=8) (actual rows=100000 loops=1)
              Hash Cond: (a.user_id = followers.user_id)
              Buffers: shared hit=886
              ->  Seq Scan on followers a  (cost=0.00..1443.00 rows=100000 width=4) (actual rows=100000 loops=1)
                    Buffers: shared hit=443
              ->  Hash  (cost=1756.24..1756.24 rows=3162 width=4) (actual rows=3162 loops=1)
                    Buckets: 4096  Batches: 1  Memory Usage: 144kB
                    Buffers: shared hit=443
                    ->  HashAggregate  (cost=1693.00..1724.62 rows=3162 width=4) (actual rows=3162 loops=1)
                          Group Key: followers.user_id
                          Batches: 1  Memory Usage: 369kB
                          Buffers: shared hit=443
                          ->  Seq Scan on followers  (cost=0.00..1443.00 rows=100000 width=4) (actual rows=100000 loops=1)
                                Buffers: shared hit=443
Planning Time: 0.253 ms
Execution Time: 60.526 ms",60.358,60.526,61.9505,62.0936,4224.96,4224.96,3162,3162,3162,3162,normal,normal,3.0818485000000018,10.353005299999998,equal variances,significant,0.003968253968253968,-33.922399999999996,-34.485,-2250.34,0,True
1044,1729,83,Easy,"select distinct t_cte_2.c_user_id0 as user_id, t_cte_2.c_count0 as followers_count from (select t_followers_0.user_id as c_user_id0, count(t_followers_0.follower_id) as c_count0 from schema_1729.followers as t_followers_0 group by t_followers_0.user_id) as t_cte_2 order by user_id asc",24.673,2039.12,3162,"Sort  (cost=2038.33..2039.12 rows=316 width=12) (actual rows=3162 loops=1)
  Sort Key: t_followers_0.user_id
  Sort Method: quicksort  Memory: 245kB
  Buffers: shared hit=443
  ->  HashAggregate  (cost=2022.05..2025.21 rows=316 width=12) (actual rows=3162 loops=1)
        Group Key: t_followers_0.user_id, count(t_followers_0.follower_id)
        Batches: 1  Memory Usage: 369kB
        Buffers: shared hit=443
        ->  HashAggregate  (cost=1943.00..1974.62 rows=3162 width=12) (actual rows=3162 loops=1)
              Group Key: t_followers_0.user_id
              Batches: 1  Memory Usage: 369kB
              Buffers: shared hit=443
              ->  Seq Scan on followers t_followers_0  (cost=0.00..1443.00 rows=100000 width=8) (actual rows=100000 loops=1)
                    Buffers: shared hit=443
Planning Time: 0.064 ms
Execution Time: 24.673 ms",30.129,2039.12,3162,"Sort  (cost=2038.33..2039.12 rows=316 width=12) (actual rows=3162 loops=1)
  Sort Key: t_followers_0.user_id
  Sort Method: quicksort  Memory: 245kB
  Buffers: shared hit=443
  ->  HashAggregate  (cost=2022.05..2025.21 rows=316 width=12) (actual rows=3162 loops=1)
        Group Key: t_followers_0.user_id, count(t_followers_0.follower_id)
        Batches: 1  Memory Usage: 369kB
        Buffers: shared hit=443
        ->  HashAggregate  (cost=1943.00..1974.62 rows=3162 width=12) (actual rows=3162 loops=1)
              Group Key: t_followers_0.user_id
              Batches: 1  Memory Usage: 369kB
              Buffers: shared hit=443
              ->  Seq Scan on followers t_followers_0  (cost=0.00..1443.00 rows=100000 width=8) (actual rows=100000 loops=1)
                    Buffers: shared hit=443
Planning Time: 0.096 ms
Execution Time: 30.129 ms",29.123,2039.12,3162,"Sort  (cost=2038.33..2039.12 rows=316 width=12) (actual rows=3162 loops=1)
  Sort Key: t_followers_0.user_id
  Sort Method: quicksort  Memory: 245kB
  Buffers: shared hit=443
  ->  HashAggregate  (cost=2022.05..2025.21 rows=316 width=12) (actual rows=3162 loops=1)
        Group Key: t_followers_0.user_id, count(t_followers_0.follower_id)
        Batches: 1  Memory Usage: 369kB
        Buffers: shared hit=443
        ->  HashAggregate  (cost=1943.00..1974.62 rows=3162 width=12) (actual rows=3162 loops=1)
              Group Key: t_followers_0.user_id
              Batches: 1  Memory Usage: 369kB
              Buffers: shared hit=443
              ->  Seq Scan on followers t_followers_0  (cost=0.00..1443.00 rows=100000 width=8) (actual rows=100000 loops=1)
                    Buffers: shared hit=443
Planning Time: 0.108 ms
Execution Time: 29.123 ms",27.998,2039.12,3162,"Sort  (cost=2038.33..2039.12 rows=316 width=12) (actual rows=3162 loops=1)
  Sort Key: t_followers_0.user_id
  Sort Method: quicksort  Memory: 245kB
  Buffers: shared hit=443
  ->  HashAggregate  (cost=2022.05..2025.21 rows=316 width=12) (actual rows=3162 loops=1)
        Group Key: t_followers_0.user_id, count(t_followers_0.follower_id)
        Batches: 1  Memory Usage: 369kB
        Buffers: shared hit=443
        ->  HashAggregate  (cost=1943.00..1974.62 rows=3162 width=12) (actual rows=3162 loops=1)
              Group Key: t_followers_0.user_id
              Batches: 1  Memory Usage: 369kB
              Buffers: shared hit=443
              ->  Seq Scan on followers t_followers_0  (cost=0.00..1443.00 rows=100000 width=8) (actual rows=100000 loops=1)
                    Buffers: shared hit=443
Planning Time: 0.095 ms
Execution Time: 27.998 ms",28.321,2039.12,3162,"Sort  (cost=2038.33..2039.12 rows=316 width=12) (actual rows=3162 loops=1)
  Sort Key: t_followers_0.user_id
  Sort Method: quicksort  Memory: 245kB
  Buffers: shared hit=443
  ->  HashAggregate  (cost=2022.05..2025.21 rows=316 width=12) (actual rows=3162 loops=1)
        Group Key: t_followers_0.user_id, count(t_followers_0.follower_id)
        Batches: 1  Memory Usage: 369kB
        Buffers: shared hit=443
        ->  HashAggregate  (cost=1943.00..1974.62 rows=3162 width=12) (actual rows=3162 loops=1)
              Group Key: t_followers_0.user_id
              Batches: 1  Memory Usage: 369kB
              Buffers: shared hit=443
              ->  Seq Scan on followers t_followers_0  (cost=0.00..1443.00 rows=100000 width=8) (actual rows=100000 loops=1)
                    Buffers: shared hit=443
Planning Time: 0.098 ms
Execution Time: 28.321 ms",28.0488,28.321,29.626,30.5314,2039.12,2039.12,3162,3162,3162,3162,1729_83,1044,1729,83,Easy,"select distinct user_id, count(distinct follower_id) as followers_count from schema_1729.followers group by user_id order by user_id",23.614,3519.44,3162,"Unique  (cost=3495.73..3519.44 rows=3162 width=12) (actual rows=3162 loops=1)
  Buffers: shared hit=320
  ->  Sort  (cost=3495.73..3503.63 rows=3162 width=12) (actual rows=3162 loops=1)
        Sort Key: user_id, (count(DISTINCT follower_id))
        Sort Method: quicksort  Memory: 245kB
        Buffers: shared hit=320
        ->  GroupAggregate  (cost=0.29..3311.91 rows=3162 width=12) (actual rows=3162 loops=1)
              Group Key: user_id
              Buffers: shared hit=320
              ->  Index Only Scan using followers_pkey on followers  (cost=0.29..2780.29 rows=100000 width=8) (actual rows=100000 loops=1)
                    Heap Fetches: 0
                    Buffers: shared hit=320
Planning Time: 0.100 ms
Execution Time: 23.614 ms",26.879,3519.44,3162,"Unique  (cost=3495.73..3519.44 rows=3162 width=12) (actual rows=3162 loops=1)
  Buffers: shared hit=320
  ->  Sort  (cost=3495.73..3503.63 rows=3162 width=12) (actual rows=3162 loops=1)
        Sort Key: user_id, (count(DISTINCT follower_id))
        Sort Method: quicksort  Memory: 245kB
        Buffers: shared hit=320
        ->  GroupAggregate  (cost=0.29..3311.91 rows=3162 width=12) (actual rows=3162 loops=1)
              Group Key: user_id
              Buffers: shared hit=320
              ->  Index Only Scan using followers_pkey on followers  (cost=0.29..2780.29 rows=100000 width=8) (actual rows=100000 loops=1)
                    Heap Fetches: 0
                    Buffers: shared hit=320
Planning Time: 0.101 ms
Execution Time: 26.879 ms",43.346,3519.44,3162,"Unique  (cost=3495.73..3519.44 rows=3162 width=12) (actual rows=3162 loops=1)
  Buffers: shared hit=320
  ->  Sort  (cost=3495.73..3503.63 rows=3162 width=12) (actual rows=3162 loops=1)
        Sort Key: user_id, (count(DISTINCT follower_id))
        Sort Method: quicksort  Memory: 245kB
        Buffers: shared hit=320
        ->  GroupAggregate  (cost=0.29..3311.91 rows=3162 width=12) (actual rows=3162 loops=1)
              Group Key: user_id
              Buffers: shared hit=320
              ->  Index Only Scan using followers_pkey on followers  (cost=0.29..2780.29 rows=100000 width=8) (actual rows=100000 loops=1)
                    Heap Fetches: 0
                    Buffers: shared hit=320
Planning Time: 0.077 ms
Execution Time: 43.346 ms",42.881,3519.44,3162,"Unique  (cost=3495.73..3519.44 rows=3162 width=12) (actual rows=3162 loops=1)
  Buffers: shared hit=320
  ->  Sort  (cost=3495.73..3503.63 rows=3162 width=12) (actual rows=3162 loops=1)
        Sort Key: user_id, (count(DISTINCT follower_id))
        Sort Method: quicksort  Memory: 245kB
        Buffers: shared hit=320
        ->  GroupAggregate  (cost=0.29..3311.91 rows=3162 width=12) (actual rows=3162 loops=1)
              Group Key: user_id
              Buffers: shared hit=320
              ->  Index Only Scan using followers_pkey on followers  (cost=0.29..2780.29 rows=100000 width=8) (actual rows=100000 loops=1)
                    Heap Fetches: 0
                    Buffers: shared hit=320
Planning Time: 0.077 ms
Execution Time: 42.881 ms",29.255,3519.44,3162,"Unique  (cost=3495.73..3519.44 rows=3162 width=12) (actual rows=3162 loops=1)
  Buffers: shared hit=320
  ->  Sort  (cost=3495.73..3503.63 rows=3162 width=12) (actual rows=3162 loops=1)
        Sort Key: user_id, (count(DISTINCT follower_id))
        Sort Method: quicksort  Memory: 245kB
        Buffers: shared hit=320
        ->  GroupAggregate  (cost=0.29..3311.91 rows=3162 width=12) (actual rows=3162 loops=1)
              Group Key: user_id
              Buffers: shared hit=320
              ->  Index Only Scan using followers_pkey on followers  (cost=0.29..2780.29 rows=100000 width=8) (actual rows=100000 loops=1)
                    Heap Fetches: 0
                    Buffers: shared hit=320
Planning Time: 0.076 ms
Execution Time: 29.255 ms",33.195,29.255,43.1135,43.532,3519.44,3519.44,3162,3162,3162,3162,normal,normal,86.01810349999998,4.238459200000006,equal variances,not significant,0.34523809523809523,-5.1462,-0.9339999999999975,-1480.3200000000002,0,True
1045,1729,84,Easy,"select t_followers_0.user_id as user_id, count(t_followers_0.follower_id) as followers_count from schema_1729.followers as t_followers_0 group by t_followers_0.user_id",23.206,1974.62,3162,"HashAggregate  (cost=1943.00..1974.62 rows=3162 width=12) (actual rows=3162 loops=1)
  Group Key: user_id
  Batches: 1  Memory Usage: 369kB
  Buffers: shared hit=443
  ->  Seq Scan on followers t_followers_0  (cost=0.00..1443.00 rows=100000 width=8) (actual rows=100000 loops=1)
        Buffers: shared hit=443
Planning Time: 0.047 ms
Execution Time: 23.206 ms",27.373,1974.62,3162,"HashAggregate  (cost=1943.00..1974.62 rows=3162 width=12) (actual rows=3162 loops=1)
  Group Key: user_id
  Batches: 1  Memory Usage: 369kB
  Buffers: shared hit=443
  ->  Seq Scan on followers t_followers_0  (cost=0.00..1443.00 rows=100000 width=8) (actual rows=100000 loops=1)
        Buffers: shared hit=443
Planning Time: 0.079 ms
Execution Time: 27.373 ms",27.941,1974.62,3162,"HashAggregate  (cost=1943.00..1974.62 rows=3162 width=12) (actual rows=3162 loops=1)
  Group Key: user_id
  Batches: 1  Memory Usage: 369kB
  Buffers: shared hit=443
  ->  Seq Scan on followers t_followers_0  (cost=0.00..1443.00 rows=100000 width=8) (actual rows=100000 loops=1)
        Buffers: shared hit=443
Planning Time: 0.078 ms
Execution Time: 27.941 ms",28.491,1974.62,3162,"HashAggregate  (cost=1943.00..1974.62 rows=3162 width=12) (actual rows=3162 loops=1)
  Group Key: user_id
  Batches: 1  Memory Usage: 369kB
  Buffers: shared hit=443
  ->  Seq Scan on followers t_followers_0  (cost=0.00..1443.00 rows=100000 width=8) (actual rows=100000 loops=1)
        Buffers: shared hit=443
Planning Time: 0.059 ms
Execution Time: 28.491 ms",26.252,1974.62,3162,"HashAggregate  (cost=1943.00..1974.62 rows=3162 width=12) (actual rows=3162 loops=1)
  Group Key: user_id
  Batches: 1  Memory Usage: 369kB
  Buffers: shared hit=443
  ->  Seq Scan on followers t_followers_0  (cost=0.00..1443.00 rows=100000 width=8) (actual rows=100000 loops=1)
        Buffers: shared hit=443
Planning Time: 0.070 ms
Execution Time: 26.252 ms",26.6526,27.373,28.216,28.711,1974.62,1974.62,3162,3162,3162,3162,1729_84,1045,1729,84,Easy,"select distinct user_id, count(distinct follower_id) as followers_count from schema_1729.followers group by 1",22.074,3359.34,3162,"HashAggregate  (cost=3327.72..3359.34 rows=3162 width=12) (actual rows=3162 loops=1)
  Group Key: user_id, count(DISTINCT follower_id)
  Batches: 1  Memory Usage: 369kB
  Buffers: shared hit=320
  ->  GroupAggregate  (cost=0.29..3311.91 rows=3162 width=12) (actual rows=3162 loops=1)
        Group Key: user_id
        Buffers: shared hit=320
        ->  Index Only Scan using followers_pkey on followers  (cost=0.29..2780.29 rows=100000 width=8) (actual rows=100000 loops=1)
              Heap Fetches: 0
              Buffers: shared hit=320
Planning Time: 0.053 ms
Execution Time: 22.074 ms",31.617,3359.34,3162,"HashAggregate  (cost=3327.72..3359.34 rows=3162 width=12) (actual rows=3162 loops=1)
  Group Key: user_id, count(DISTINCT follower_id)
  Batches: 1  Memory Usage: 369kB
  Buffers: shared hit=320
  ->  GroupAggregate  (cost=0.29..3311.91 rows=3162 width=12) (actual rows=3162 loops=1)
        Group Key: user_id
        Buffers: shared hit=320
        ->  Index Only Scan using followers_pkey on followers  (cost=0.29..2780.29 rows=100000 width=8) (actual rows=100000 loops=1)
              Heap Fetches: 0
              Buffers: shared hit=320
Planning Time: 0.075 ms
Execution Time: 31.617 ms",31.089,3359.34,3162,"HashAggregate  (cost=3327.72..3359.34 rows=3162 width=12) (actual rows=3162 loops=1)
  Group Key: user_id, count(DISTINCT follower_id)
  Batches: 1  Memory Usage: 369kB
  Buffers: shared hit=320
  ->  GroupAggregate  (cost=0.29..3311.91 rows=3162 width=12) (actual rows=3162 loops=1)
        Group Key: user_id
        Buffers: shared hit=320
        ->  Index Only Scan using followers_pkey on followers  (cost=0.29..2780.29 rows=100000 width=8) (actual rows=100000 loops=1)
              Heap Fetches: 0
              Buffers: shared hit=320
Planning Time: 0.093 ms
Execution Time: 31.089 ms",30.651,3359.34,3162,"HashAggregate  (cost=3327.72..3359.34 rows=3162 width=12) (actual rows=3162 loops=1)
  Group Key: user_id, count(DISTINCT follower_id)
  Batches: 1  Memory Usage: 369kB
  Buffers: shared hit=320
  ->  GroupAggregate  (cost=0.29..3311.91 rows=3162 width=12) (actual rows=3162 loops=1)
        Group Key: user_id
        Buffers: shared hit=320
        ->  Index Only Scan using followers_pkey on followers  (cost=0.29..2780.29 rows=100000 width=8) (actual rows=100000 loops=1)
              Heap Fetches: 0
              Buffers: shared hit=320
Planning Time: 0.078 ms
Execution Time: 30.651 ms",25.402,3359.34,3162,"HashAggregate  (cost=3327.72..3359.34 rows=3162 width=12) (actual rows=3162 loops=1)
  Group Key: user_id, count(DISTINCT follower_id)
  Batches: 1  Memory Usage: 369kB
  Buffers: shared hit=320
  ->  GroupAggregate  (cost=0.29..3311.91 rows=3162 width=12) (actual rows=3162 loops=1)
        Group Key: user_id
        Buffers: shared hit=320
        ->  Index Only Scan using followers_pkey on followers  (cost=0.29..2780.29 rows=100000 width=8) (actual rows=100000 loops=1)
              Heap Fetches: 0
              Buffers: shared hit=320
Planning Time: 0.125 ms
Execution Time: 25.402 ms",28.1666,30.651,31.353,31.8282,3359.34,3359.34,3162,3162,3162,3162,normal,normal,17.845178299999993,4.3995493,equal variances,not significant,0.27380952380952384,-1.5139999999999993,-3.2779999999999987,-1384.7200000000003,0,True
1046,1729,91,Easy,"select t_followers_0.user_id as user_id, count(t_followers_0.follower_id) as followers_count from schema_1729.followers as t_followers_0 group by t_followers_0.user_id",22.763,1974.62,3162,"HashAggregate  (cost=1943.00..1974.62 rows=3162 width=12) (actual rows=3162 loops=1)
  Group Key: user_id
  Batches: 1  Memory Usage: 369kB
  Buffers: shared hit=443
  ->  Seq Scan on followers t_followers_0  (cost=0.00..1443.00 rows=100000 width=8) (actual rows=100000 loops=1)
        Buffers: shared hit=443
Planning Time: 0.047 ms
Execution Time: 22.763 ms",28.381,1974.62,3162,"HashAggregate  (cost=1943.00..1974.62 rows=3162 width=12) (actual rows=3162 loops=1)
  Group Key: user_id
  Batches: 1  Memory Usage: 369kB
  Buffers: shared hit=443
  ->  Seq Scan on followers t_followers_0  (cost=0.00..1443.00 rows=100000 width=8) (actual rows=100000 loops=1)
        Buffers: shared hit=443
Planning Time: 0.069 ms
Execution Time: 28.381 ms",26.408,1974.62,3162,"HashAggregate  (cost=1943.00..1974.62 rows=3162 width=12) (actual rows=3162 loops=1)
  Group Key: user_id
  Batches: 1  Memory Usage: 369kB
  Buffers: shared hit=443
  ->  Seq Scan on followers t_followers_0  (cost=0.00..1443.00 rows=100000 width=8) (actual rows=100000 loops=1)
        Buffers: shared hit=443
Planning Time: 0.076 ms
Execution Time: 26.408 ms",31.03,1974.62,3162,"HashAggregate  (cost=1943.00..1974.62 rows=3162 width=12) (actual rows=3162 loops=1)
  Group Key: user_id
  Batches: 1  Memory Usage: 369kB
  Buffers: shared hit=443
  ->  Seq Scan on followers t_followers_0  (cost=0.00..1443.00 rows=100000 width=8) (actual rows=100000 loops=1)
        Buffers: shared hit=443
Planning Time: 0.076 ms
Execution Time: 31.030 ms",30.763,1974.62,3162,"HashAggregate  (cost=1943.00..1974.62 rows=3162 width=12) (actual rows=3162 loops=1)
  Group Key: user_id
  Batches: 1  Memory Usage: 369kB
  Buffers: shared hit=443
  ->  Seq Scan on followers t_followers_0  (cost=0.00..1443.00 rows=100000 width=8) (actual rows=100000 loops=1)
        Buffers: shared hit=443
Planning Time: 0.067 ms
Execution Time: 30.763 ms",27.869,28.381,30.8965,31.1368,1974.62,1974.62,3162,3162,3162,3162,1729_91,1046,1729,91,Easy,"select distinct user_id, count(follower_id) over (partition by user_id) as followers_count from schema_1729.followers order by user_id",57.397,5569.68,3162,"Sort  (cost=5544.68..5569.68 rows=10000 width=12) (actual rows=3162 loops=1)
  Sort Key: user_id
  Sort Method: quicksort  Memory: 245kB
  Buffers: shared hit=320
  ->  HashAggregate  (cost=4780.29..4880.29 rows=10000 width=12) (actual rows=3162 loops=1)
        Group Key: user_id, count(follower_id) OVER (?)
        Batches: 1  Memory Usage: 657kB
        Buffers: shared hit=320
        ->  WindowAgg  (cost=0.29..4280.29 rows=100000 width=12) (actual rows=100000 loops=1)
              Buffers: shared hit=320
              ->  Index Only Scan using followers_pkey on followers  (cost=0.29..2780.29 rows=100000 width=8) (actual rows=100000 loops=1)
                    Heap Fetches: 0
                    Buffers: shared hit=320
Planning Time: 0.065 ms
Execution Time: 57.397 ms",63.414,5569.68,3162,"Sort  (cost=5544.68..5569.68 rows=10000 width=12) (actual rows=3162 loops=1)
  Sort Key: user_id
  Sort Method: quicksort  Memory: 245kB
  Buffers: shared hit=320
  ->  HashAggregate  (cost=4780.29..4880.29 rows=10000 width=12) (actual rows=3162 loops=1)
        Group Key: user_id, count(follower_id) OVER (?)
        Batches: 1  Memory Usage: 657kB
        Buffers: shared hit=320
        ->  WindowAgg  (cost=0.29..4280.29 rows=100000 width=12) (actual rows=100000 loops=1)
              Buffers: shared hit=320
              ->  Index Only Scan using followers_pkey on followers  (cost=0.29..2780.29 rows=100000 width=8) (actual rows=100000 loops=1)
                    Heap Fetches: 0
                    Buffers: shared hit=320
Planning Time: 0.074 ms
Execution Time: 63.414 ms",63.135,5569.68,3162,"Sort  (cost=5544.68..5569.68 rows=10000 width=12) (actual rows=3162 loops=1)
  Sort Key: user_id
  Sort Method: quicksort  Memory: 245kB
  Buffers: shared hit=320
  ->  HashAggregate  (cost=4780.29..4880.29 rows=10000 width=12) (actual rows=3162 loops=1)
        Group Key: user_id, count(follower_id) OVER (?)
        Batches: 1  Memory Usage: 657kB
        Buffers: shared hit=320
        ->  WindowAgg  (cost=0.29..4280.29 rows=100000 width=12) (actual rows=100000 loops=1)
              Buffers: shared hit=320
              ->  Index Only Scan using followers_pkey on followers  (cost=0.29..2780.29 rows=100000 width=8) (actual rows=100000 loops=1)
                    Heap Fetches: 0
                    Buffers: shared hit=320
Planning Time: 0.067 ms
Execution Time: 63.135 ms",62.256,5569.68,3162,"Sort  (cost=5544.68..5569.68 rows=10000 width=12) (actual rows=3162 loops=1)
  Sort Key: user_id
  Sort Method: quicksort  Memory: 245kB
  Buffers: shared hit=320
  ->  HashAggregate  (cost=4780.29..4880.29 rows=10000 width=12) (actual rows=3162 loops=1)
        Group Key: user_id, count(follower_id) OVER (?)
        Batches: 1  Memory Usage: 657kB
        Buffers: shared hit=320
        ->  WindowAgg  (cost=0.29..4280.29 rows=100000 width=12) (actual rows=100000 loops=1)
              Buffers: shared hit=320
              ->  Index Only Scan using followers_pkey on followers  (cost=0.29..2780.29 rows=100000 width=8) (actual rows=100000 loops=1)
                    Heap Fetches: 0
                    Buffers: shared hit=320
Planning Time: 0.075 ms
Execution Time: 62.256 ms",62.136,5569.68,3162,"Sort  (cost=5544.68..5569.68 rows=10000 width=12) (actual rows=3162 loops=1)
  Sort Key: user_id
  Sort Method: quicksort  Memory: 245kB
  Buffers: shared hit=320
  ->  HashAggregate  (cost=4780.29..4880.29 rows=10000 width=12) (actual rows=3162 loops=1)
        Group Key: user_id, count(follower_id) OVER (?)
        Batches: 1  Memory Usage: 657kB
        Buffers: shared hit=320
        ->  WindowAgg  (cost=0.29..4280.29 rows=100000 width=12) (actual rows=100000 loops=1)
              Buffers: shared hit=320
              ->  Index Only Scan using followers_pkey on followers  (cost=0.29..2780.29 rows=100000 width=8) (actual rows=100000 loops=1)
                    Heap Fetches: 0
                    Buffers: shared hit=320
Planning Time: 0.077 ms
Execution Time: 62.136 ms",61.6676,62.256,63.2745,63.5256,5569.68,5569.68,3162,3162,3162,3162,not normal,normal,6.0017033000000035,11.708764500000001,equal variances,significant,0.003968253968253968,-33.7986,-33.875,-3595.0600000000004,0,True
1048,1729,97,Easy,"select user_id.user_id as user_id, count(user_id.follower_id) as followers_count from schema_1729.followers as user_id group by user_id.user_id",30.577,1974.62,3162,"HashAggregate  (cost=1943.00..1974.62 rows=3162 width=12) (actual rows=3162 loops=1)
  Group Key: user_id
  Batches: 1  Memory Usage: 369kB
  Buffers: shared hit=443
  ->  Seq Scan on followers user_id  (cost=0.00..1443.00 rows=100000 width=8) (actual rows=100000 loops=1)
        Buffers: shared hit=443
Planning Time: 0.062 ms
Execution Time: 30.577 ms",31.117,1974.62,3162,"HashAggregate  (cost=1943.00..1974.62 rows=3162 width=12) (actual rows=3162 loops=1)
  Group Key: user_id
  Batches: 1  Memory Usage: 369kB
  Buffers: shared hit=443
  ->  Seq Scan on followers user_id  (cost=0.00..1443.00 rows=100000 width=8) (actual rows=100000 loops=1)
        Buffers: shared hit=443
Planning Time: 0.064 ms
Execution Time: 31.117 ms",26.946,1974.62,3162,"HashAggregate  (cost=1943.00..1974.62 rows=3162 width=12) (actual rows=3162 loops=1)
  Group Key: user_id
  Batches: 1  Memory Usage: 369kB
  Buffers: shared hit=443
  ->  Seq Scan on followers user_id  (cost=0.00..1443.00 rows=100000 width=8) (actual rows=100000 loops=1)
        Buffers: shared hit=443
Planning Time: 0.090 ms
Execution Time: 26.946 ms",27.877,1974.62,3162,"HashAggregate  (cost=1943.00..1974.62 rows=3162 width=12) (actual rows=3162 loops=1)
  Group Key: user_id
  Batches: 1  Memory Usage: 369kB
  Buffers: shared hit=443
  ->  Seq Scan on followers user_id  (cost=0.00..1443.00 rows=100000 width=8) (actual rows=100000 loops=1)
        Buffers: shared hit=443
Planning Time: 0.065 ms
Execution Time: 27.877 ms",33.826,1974.62,3162,"HashAggregate  (cost=1943.00..1974.62 rows=3162 width=12) (actual rows=3162 loops=1)
  Group Key: user_id
  Batches: 1  Memory Usage: 369kB
  Buffers: shared hit=443
  ->  Seq Scan on followers user_id  (cost=0.00..1443.00 rows=100000 width=8) (actual rows=100000 loops=1)
        Buffers: shared hit=443
Planning Time: 0.061 ms
Execution Time: 33.826 ms",30.0686,30.577,32.4715,34.9096,1974.62,1974.62,3162,3162,3162,3162,1729_97,1048,1729,97,Easy,"select user_id, count(distinct follower_id) as followers_count from schema_1729.followers as user_id group by user_id",21.268,3311.91,3162,"GroupAggregate  (cost=0.29..3311.91 rows=3162 width=12) (actual rows=3162 loops=1)
  Group Key: user_id
  Buffers: shared hit=320
  ->  Index Only Scan using followers_pkey on followers user_id  (cost=0.29..2780.29 rows=100000 width=8) (actual rows=100000 loops=1)
        Heap Fetches: 0
        Buffers: shared hit=320
Planning Time: 0.056 ms
Execution Time: 21.268 ms",25.242,3311.91,3162,"GroupAggregate  (cost=0.29..3311.91 rows=3162 width=12) (actual rows=3162 loops=1)
  Group Key: user_id
  Buffers: shared hit=320
  ->  Index Only Scan using followers_pkey on followers user_id  (cost=0.29..2780.29 rows=100000 width=8) (actual rows=100000 loops=1)
        Heap Fetches: 0
        Buffers: shared hit=320
Planning Time: 0.082 ms
Execution Time: 25.242 ms",24.706,3311.91,3162,"GroupAggregate  (cost=0.29..3311.91 rows=3162 width=12) (actual rows=3162 loops=1)
  Group Key: user_id
  Buffers: shared hit=320
  ->  Index Only Scan using followers_pkey on followers user_id  (cost=0.29..2780.29 rows=100000 width=8) (actual rows=100000 loops=1)
        Heap Fetches: 0
        Buffers: shared hit=320
Planning Time: 0.076 ms
Execution Time: 24.706 ms",26.207,3311.91,3162,"GroupAggregate  (cost=0.29..3311.91 rows=3162 width=12) (actual rows=3162 loops=1)
  Group Key: user_id
  Buffers: shared hit=320
  ->  Index Only Scan using followers_pkey on followers user_id  (cost=0.29..2780.29 rows=100000 width=8) (actual rows=100000 loops=1)
        Heap Fetches: 0
        Buffers: shared hit=320
Planning Time: 0.073 ms
Execution Time: 26.207 ms",28.05,3311.91,3162,"GroupAggregate  (cost=0.29..3311.91 rows=3162 width=12) (actual rows=3162 loops=1)
  Group Key: user_id
  Buffers: shared hit=320
  ->  Index Only Scan using followers_pkey on followers user_id  (cost=0.29..2780.29 rows=100000 width=8) (actual rows=100000 loops=1)
        Heap Fetches: 0
        Buffers: shared hit=320
Planning Time: 0.066 ms
Execution Time: 28.050 ms",25.0946,25.242,27.1285,28.7872,3311.91,3311.91,3162,3162,3162,3162,normal,normal,6.196856800000001,7.507352300000001,equal variances,not significant,0.9920634920634921,4.974,5.335000000000001,-1337.29,0,True
1049,1729,116,Easy,"select distinct t_cte_6.c_user_id0 as user_id, t_cte_6.c_count0 as followers_count from (select f.user_id as c_user_id0, count(f.follower_id) as c_count0 from schema_1729.followers as f group by f.user_id) as t_cte_6 order by user_id asc",24.489,2039.12,3162,"Sort  (cost=2038.33..2039.12 rows=316 width=12) (actual rows=3162 loops=1)
  Sort Key: f.user_id
  Sort Method: quicksort  Memory: 245kB
  Buffers: shared hit=443
  ->  HashAggregate  (cost=2022.05..2025.21 rows=316 width=12) (actual rows=3162 loops=1)
        Group Key: f.user_id, count(f.follower_id)
        Batches: 1  Memory Usage: 369kB
        Buffers: shared hit=443
        ->  HashAggregate  (cost=1943.00..1974.62 rows=3162 width=12) (actual rows=3162 loops=1)
              Group Key: f.user_id
              Batches: 1  Memory Usage: 369kB
              Buffers: shared hit=443
              ->  Seq Scan on followers f  (cost=0.00..1443.00 rows=100000 width=8) (actual rows=100000 loops=1)
                    Buffers: shared hit=443
Planning Time: 0.062 ms
Execution Time: 24.489 ms",33.898,2039.12,3162,"Sort  (cost=2038.33..2039.12 rows=316 width=12) (actual rows=3162 loops=1)
  Sort Key: f.user_id
  Sort Method: quicksort  Memory: 245kB
  Buffers: shared hit=443
  ->  HashAggregate  (cost=2022.05..2025.21 rows=316 width=12) (actual rows=3162 loops=1)
        Group Key: f.user_id, count(f.follower_id)
        Batches: 1  Memory Usage: 369kB
        Buffers: shared hit=443
        ->  HashAggregate  (cost=1943.00..1974.62 rows=3162 width=12) (actual rows=3162 loops=1)
              Group Key: f.user_id
              Batches: 1  Memory Usage: 369kB
              Buffers: shared hit=443
              ->  Seq Scan on followers f  (cost=0.00..1443.00 rows=100000 width=8) (actual rows=100000 loops=1)
                    Buffers: shared hit=443
Planning Time: 0.090 ms
Execution Time: 33.898 ms",30.984,2039.12,3162,"Sort  (cost=2038.33..2039.12 rows=316 width=12) (actual rows=3162 loops=1)
  Sort Key: f.user_id
  Sort Method: quicksort  Memory: 245kB
  Buffers: shared hit=443
  ->  HashAggregate  (cost=2022.05..2025.21 rows=316 width=12) (actual rows=3162 loops=1)
        Group Key: f.user_id, count(f.follower_id)
        Batches: 1  Memory Usage: 369kB
        Buffers: shared hit=443
        ->  HashAggregate  (cost=1943.00..1974.62 rows=3162 width=12) (actual rows=3162 loops=1)
              Group Key: f.user_id
              Batches: 1  Memory Usage: 369kB
              Buffers: shared hit=443
              ->  Seq Scan on followers f  (cost=0.00..1443.00 rows=100000 width=8) (actual rows=100000 loops=1)
                    Buffers: shared hit=443
Planning Time: 0.150 ms
Execution Time: 30.984 ms",28.881,2039.12,3162,"Sort  (cost=2038.33..2039.12 rows=316 width=12) (actual rows=3162 loops=1)
  Sort Key: f.user_id
  Sort Method: quicksort  Memory: 245kB
  Buffers: shared hit=443
  ->  HashAggregate  (cost=2022.05..2025.21 rows=316 width=12) (actual rows=3162 loops=1)
        Group Key: f.user_id, count(f.follower_id)
        Batches: 1  Memory Usage: 369kB
        Buffers: shared hit=443
        ->  HashAggregate  (cost=1943.00..1974.62 rows=3162 width=12) (actual rows=3162 loops=1)
              Group Key: f.user_id
              Batches: 1  Memory Usage: 369kB
              Buffers: shared hit=443
              ->  Seq Scan on followers f  (cost=0.00..1443.00 rows=100000 width=8) (actual rows=100000 loops=1)
                    Buffers: shared hit=443
Planning Time: 0.121 ms
Execution Time: 28.881 ms",29.25,2039.12,3162,"Sort  (cost=2038.33..2039.12 rows=316 width=12) (actual rows=3162 loops=1)
  Sort Key: f.user_id
  Sort Method: quicksort  Memory: 245kB
  Buffers: shared hit=443
  ->  HashAggregate  (cost=2022.05..2025.21 rows=316 width=12) (actual rows=3162 loops=1)
        Group Key: f.user_id, count(f.follower_id)
        Batches: 1  Memory Usage: 369kB
        Buffers: shared hit=443
        ->  HashAggregate  (cost=1943.00..1974.62 rows=3162 width=12) (actual rows=3162 loops=1)
              Group Key: f.user_id
              Batches: 1  Memory Usage: 369kB
              Buffers: shared hit=443
              ->  Seq Scan on followers f  (cost=0.00..1443.00 rows=100000 width=8) (actual rows=100000 loops=1)
                    Buffers: shared hit=443
Planning Time: 0.087 ms
Execution Time: 29.250 ms",29.5004,29.25,32.441,35.0636,2039.12,2039.12,3162,3162,3162,3162,1729_116,1049,1729,116,Easy,"select user_id, count(distinct follower_id) as followers_count from schema_1729.followers as f group by user_id order by user_id",21.129,3311.91,3162,"GroupAggregate  (cost=0.29..3311.91 rows=3162 width=12) (actual rows=3162 loops=1)
  Group Key: user_id
  Buffers: shared hit=320
  ->  Index Only Scan using followers_pkey on followers f  (cost=0.29..2780.29 rows=100000 width=8) (actual rows=100000 loops=1)
        Heap Fetches: 0
        Buffers: shared hit=320
Planning Time: 0.050 ms
Execution Time: 21.129 ms",23.454,3311.91,3162,"GroupAggregate  (cost=0.29..3311.91 rows=3162 width=12) (actual rows=3162 loops=1)
  Group Key: user_id
  Buffers: shared hit=320
  ->  Index Only Scan using followers_pkey on followers f  (cost=0.29..2780.29 rows=100000 width=8) (actual rows=100000 loops=1)
        Heap Fetches: 0
        Buffers: shared hit=320
Planning Time: 0.077 ms
Execution Time: 23.454 ms",30.12,3311.91,3162,"GroupAggregate  (cost=0.29..3311.91 rows=3162 width=12) (actual rows=3162 loops=1)
  Group Key: user_id
  Buffers: shared hit=320
  ->  Index Only Scan using followers_pkey on followers f  (cost=0.29..2780.29 rows=100000 width=8) (actual rows=100000 loops=1)
        Heap Fetches: 0
        Buffers: shared hit=320
Planning Time: 0.072 ms
Execution Time: 30.120 ms",25.332,3311.91,3162,"GroupAggregate  (cost=0.29..3311.91 rows=3162 width=12) (actual rows=3162 loops=1)
  Group Key: user_id
  Buffers: shared hit=320
  ->  Index Only Scan using followers_pkey on followers f  (cost=0.29..2780.29 rows=100000 width=8) (actual rows=100000 loops=1)
        Heap Fetches: 0
        Buffers: shared hit=320
Planning Time: 0.090 ms
Execution Time: 25.332 ms",24.684,3311.91,3162,"GroupAggregate  (cost=0.29..3311.91 rows=3162 width=12) (actual rows=3162 loops=1)
  Group Key: user_id
  Buffers: shared hit=320
  ->  Index Only Scan using followers_pkey on followers f  (cost=0.29..2780.29 rows=100000 width=8) (actual rows=100000 loops=1)
        Heap Fetches: 0
        Buffers: shared hit=320
Planning Time: 0.076 ms
Execution Time: 24.684 ms",24.9438,24.684,27.726,32.0352,3311.91,3311.91,3162,3162,3162,3162,normal,normal,10.9458612,11.775110300000007,equal variances,not significant,0.9523809523809524,4.5565999999999995,4.565999999999999,-1272.79,0,True
1078,1821,3,Easy,select t_customers_0.customer_id as customer_id from schema_1821.customers as t_customers_0 where t_customers_0.year = 2021 and 0 < t_customers_0.revenue,8.232,2041.0,2116,"Seq Scan on customers t_customers_0  (cost=0.00..2041.00 rows=2089 width=4) (actual rows=2116 loops=1)
  Filter: ((0 < revenue) AND (year = 2021))
  Rows Removed by Filter: 97884
  Buffers: shared hit=541
Planning Time: 0.047 ms
Execution Time: 8.232 ms",10.954,2041.0,2116,"Seq Scan on customers t_customers_0  (cost=0.00..2041.00 rows=2089 width=4) (actual rows=2116 loops=1)
  Filter: ((0 < revenue) AND (year = 2021))
  Rows Removed by Filter: 97884
  Buffers: shared hit=541
Planning Time: 0.137 ms
Execution Time: 10.954 ms",11.9,2041.0,2116,"Seq Scan on customers t_customers_0  (cost=0.00..2041.00 rows=2089 width=4) (actual rows=2116 loops=1)
  Filter: ((0 < revenue) AND (year = 2021))
  Rows Removed by Filter: 97884
  Buffers: shared hit=541
Planning Time: 0.071 ms
Execution Time: 11.900 ms",12.979,2041.0,2116,"Seq Scan on customers t_customers_0  (cost=0.00..2041.00 rows=2089 width=4) (actual rows=2116 loops=1)
  Filter: ((0 < revenue) AND (year = 2021))
  Rows Removed by Filter: 97884
  Buffers: shared hit=541
Planning Time: 0.068 ms
Execution Time: 12.979 ms",15.949,2041.0,2116,"Seq Scan on customers t_customers_0  (cost=0.00..2041.00 rows=2089 width=4) (actual rows=2116 loops=1)
  Filter: ((0 < revenue) AND (year = 2021))
  Rows Removed by Filter: 97884
  Buffers: shared hit=541
Planning Time: 0.074 ms
Execution Time: 15.949 ms",12.0028,11.9,14.464,17.137,2041.0,2041.0,2116,2116,2116,2116,1821_3,1078,1821,3,Easy,select customer_id from schema_1821.customers where (year = 2021 and revenue > 0) group by customer_id,8.815,2066.93,2116,"HashAggregate  (cost=2046.22..2066.93 rows=2071 width=4) (actual rows=2116 loops=1)
  Group Key: customer_id
  Batches: 1  Memory Usage: 241kB
  Buffers: shared hit=541
  ->  Seq Scan on customers  (cost=0.00..2041.00 rows=2089 width=4) (actual rows=2116 loops=1)
        Filter: ((revenue > 0) AND (year = 2021))
        Rows Removed by Filter: 97884
        Buffers: shared hit=541
Planning Time: 0.057 ms
Execution Time: 8.815 ms",11.329,2066.93,2116,"HashAggregate  (cost=2046.22..2066.93 rows=2071 width=4) (actual rows=2116 loops=1)
  Group Key: customer_id
  Batches: 1  Memory Usage: 241kB
  Buffers: shared hit=541
  ->  Seq Scan on customers  (cost=0.00..2041.00 rows=2089 width=4) (actual rows=2116 loops=1)
        Filter: ((revenue > 0) AND (year = 2021))
        Rows Removed by Filter: 97884
        Buffers: shared hit=541
Planning Time: 0.099 ms
Execution Time: 11.329 ms",15.233,2066.93,2116,"HashAggregate  (cost=2046.22..2066.93 rows=2071 width=4) (actual rows=2116 loops=1)
  Group Key: customer_id
  Batches: 1  Memory Usage: 241kB
  Buffers: shared hit=541
  ->  Seq Scan on customers  (cost=0.00..2041.00 rows=2089 width=4) (actual rows=2116 loops=1)
        Filter: ((revenue > 0) AND (year = 2021))
        Rows Removed by Filter: 97884
        Buffers: shared hit=541
Planning Time: 0.090 ms
Execution Time: 15.233 ms",18.269,2066.93,2116,"HashAggregate  (cost=2046.22..2066.93 rows=2071 width=4) (actual rows=2116 loops=1)
  Group Key: customer_id
  Batches: 1  Memory Usage: 241kB
  Buffers: shared hit=541
  ->  Seq Scan on customers  (cost=0.00..2041.00 rows=2089 width=4) (actual rows=2116 loops=1)
        Filter: ((revenue > 0) AND (year = 2021))
        Rows Removed by Filter: 97884
        Buffers: shared hit=541
Planning Time: 0.078 ms
Execution Time: 18.269 ms",14.964,2066.93,2116,"HashAggregate  (cost=2046.22..2066.93 rows=2071 width=4) (actual rows=2116 loops=1)
  Group Key: customer_id
  Batches: 1  Memory Usage: 241kB
  Buffers: shared hit=541
  ->  Seq Scan on customers  (cost=0.00..2041.00 rows=2089 width=4) (actual rows=2116 loops=1)
        Filter: ((revenue > 0) AND (year = 2021))
        Rows Removed by Filter: 97884
        Buffers: shared hit=541
Planning Time: 0.057 ms
Execution Time: 14.964 ms",13.722,14.964,16.751,19.4834,2066.93,2066.93,2116,2116,2116,2116,normal,normal,13.576497999999997,7.963735700000001,equal variances,not significant,0.27380952380952384,-1.719199999999999,-3.064,-25.929999999999836,0,True
1080,1821,6,Easy,select t_customers_0.customer_id as customer_id from schema_1821.customers as t_customers_0 where 0 < t_customers_0.revenue and t_customers_0.year = 2021,17.389,2041.0,2116,"Seq Scan on customers t_customers_0  (cost=0.00..2041.00 rows=2089 width=4) (actual rows=2116 loops=1)
  Filter: ((0 < revenue) AND (year = 2021))
  Rows Removed by Filter: 97884
  Buffers: shared hit=541
Planning Time: 0.063 ms
Execution Time: 17.389 ms",13.487,2041.0,2116,"Seq Scan on customers t_customers_0  (cost=0.00..2041.00 rows=2089 width=4) (actual rows=2116 loops=1)
  Filter: ((0 < revenue) AND (year = 2021))
  Rows Removed by Filter: 97884
  Buffers: shared hit=541
Planning Time: 0.073 ms
Execution Time: 13.487 ms",13.375,2041.0,2116,"Seq Scan on customers t_customers_0  (cost=0.00..2041.00 rows=2089 width=4) (actual rows=2116 loops=1)
  Filter: ((0 < revenue) AND (year = 2021))
  Rows Removed by Filter: 97884
  Buffers: shared hit=541
Planning Time: 0.066 ms
Execution Time: 13.375 ms",13.902,2041.0,2116,"Seq Scan on customers t_customers_0  (cost=0.00..2041.00 rows=2089 width=4) (actual rows=2116 loops=1)
  Filter: ((0 < revenue) AND (year = 2021))
  Rows Removed by Filter: 97884
  Buffers: shared hit=541
Planning Time: 0.065 ms
Execution Time: 13.902 ms",14.463,2041.0,2116,"Seq Scan on customers t_customers_0  (cost=0.00..2041.00 rows=2089 width=4) (actual rows=2116 loops=1)
  Filter: ((0 < revenue) AND (year = 2021))
  Rows Removed by Filter: 97884
  Buffers: shared hit=541
Planning Time: 0.073 ms
Execution Time: 14.463 ms",14.5232,13.902,15.926,18.5594,2041.0,2041.0,2116,2116,2116,2116,1821_6,1080,1821,6,Easy,select distinct customer_id from schema_1821.customers where (revenue > 0 and year = 2021),9.228,2066.93,2116,"HashAggregate  (cost=2046.22..2066.93 rows=2071 width=4) (actual rows=2116 loops=1)
  Group Key: customer_id
  Batches: 1  Memory Usage: 241kB
  Buffers: shared hit=541
  ->  Seq Scan on customers  (cost=0.00..2041.00 rows=2089 width=4) (actual rows=2116 loops=1)
        Filter: ((revenue > 0) AND (year = 2021))
        Rows Removed by Filter: 97884
        Buffers: shared hit=541
Planning Time: 0.055 ms
Execution Time: 9.228 ms",13.35,2066.93,2116,"HashAggregate  (cost=2046.22..2066.93 rows=2071 width=4) (actual rows=2116 loops=1)
  Group Key: customer_id
  Batches: 1  Memory Usage: 241kB
  Buffers: shared hit=541
  ->  Seq Scan on customers  (cost=0.00..2041.00 rows=2089 width=4) (actual rows=2116 loops=1)
        Filter: ((revenue > 0) AND (year = 2021))
        Rows Removed by Filter: 97884
        Buffers: shared hit=541
Planning Time: 0.083 ms
Execution Time: 13.350 ms",16.474,2066.93,2116,"HashAggregate  (cost=2046.22..2066.93 rows=2071 width=4) (actual rows=2116 loops=1)
  Group Key: customer_id
  Batches: 1  Memory Usage: 241kB
  Buffers: shared hit=541
  ->  Seq Scan on customers  (cost=0.00..2041.00 rows=2089 width=4) (actual rows=2116 loops=1)
        Filter: ((revenue > 0) AND (year = 2021))
        Rows Removed by Filter: 97884
        Buffers: shared hit=541
Planning Time: 0.077 ms
Execution Time: 16.474 ms",12.262,2066.93,2116,"HashAggregate  (cost=2046.22..2066.93 rows=2071 width=4) (actual rows=2116 loops=1)
  Group Key: customer_id
  Batches: 1  Memory Usage: 241kB
  Buffers: shared hit=541
  ->  Seq Scan on customers  (cost=0.00..2041.00 rows=2089 width=4) (actual rows=2116 loops=1)
        Filter: ((revenue > 0) AND (year = 2021))
        Rows Removed by Filter: 97884
        Buffers: shared hit=541
Planning Time: 0.082 ms
Execution Time: 12.262 ms",18.264,2066.93,2116,"HashAggregate  (cost=2046.22..2066.93 rows=2071 width=4) (actual rows=2116 loops=1)
  Group Key: customer_id
  Batches: 1  Memory Usage: 241kB
  Buffers: shared hit=541
  ->  Seq Scan on customers  (cost=0.00..2041.00 rows=2089 width=4) (actual rows=2116 loops=1)
        Filter: ((revenue > 0) AND (year = 2021))
        Rows Removed by Filter: 97884
        Buffers: shared hit=541
Planning Time: 0.071 ms
Execution Time: 18.264 ms",13.9156,13.35,17.369,18.98,2066.93,2066.93,2116,2116,2116,2116,normal,not normal,12.6204708,2.7485991999999992,equal variances,not significant,0.7896825396825397,0.6075999999999997,0.5519999999999996,-25.929999999999836,0,True
1081,1821,10,Easy,select t_customers_0.customer_id as customer_id from schema_1821.customers as t_customers_0 where t_customers_0.year = '2021' and 0 < t_customers_0.revenue,10.399,2041.0,2116,"Seq Scan on customers t_customers_0  (cost=0.00..2041.00 rows=2089 width=4) (actual rows=2116 loops=1)
  Filter: ((0 < revenue) AND (year = 2021))
  Rows Removed by Filter: 97884
  Buffers: shared hit=541
Planning Time: 0.080 ms
Execution Time: 10.399 ms",13.001,2041.0,2116,"Seq Scan on customers t_customers_0  (cost=0.00..2041.00 rows=2089 width=4) (actual rows=2116 loops=1)
  Filter: ((0 < revenue) AND (year = 2021))
  Rows Removed by Filter: 97884
  Buffers: shared hit=541
Planning Time: 0.066 ms
Execution Time: 13.001 ms",17.751,2041.0,2116,"Seq Scan on customers t_customers_0  (cost=0.00..2041.00 rows=2089 width=4) (actual rows=2116 loops=1)
  Filter: ((0 < revenue) AND (year = 2021))
  Rows Removed by Filter: 97884
  Buffers: shared hit=541
Planning Time: 0.058 ms
Execution Time: 17.751 ms",12.644,2041.0,2116,"Seq Scan on customers t_customers_0  (cost=0.00..2041.00 rows=2089 width=4) (actual rows=2116 loops=1)
  Filter: ((0 < revenue) AND (year = 2021))
  Rows Removed by Filter: 97884
  Buffers: shared hit=541
Planning Time: 0.057 ms
Execution Time: 12.644 ms",15.387,2041.0,2116,"Seq Scan on customers t_customers_0  (cost=0.00..2041.00 rows=2089 width=4) (actual rows=2116 loops=1)
  Filter: ((0 < revenue) AND (year = 2021))
  Rows Removed by Filter: 97884
  Buffers: shared hit=541
Planning Time: 0.074 ms
Execution Time: 15.387 ms",13.8364,13.001,16.569,18.6966,2041.0,2041.0,2116,2116,2116,2116,1821_10,1081,1821,10,Easy,select distinct customer_id from schema_1821.customers where (year = '2021' and revenue > 0),9.038,2066.93,2116,"HashAggregate  (cost=2046.22..2066.93 rows=2071 width=4) (actual rows=2116 loops=1)
  Group Key: customer_id
  Batches: 1  Memory Usage: 241kB
  Buffers: shared hit=541
  ->  Seq Scan on customers  (cost=0.00..2041.00 rows=2089 width=4) (actual rows=2116 loops=1)
        Filter: ((revenue > 0) AND (year = 2021))
        Rows Removed by Filter: 97884
        Buffers: shared hit=541
Planning Time: 0.056 ms
Execution Time: 9.038 ms",13.741,2066.93,2116,"HashAggregate  (cost=2046.22..2066.93 rows=2071 width=4) (actual rows=2116 loops=1)
  Group Key: customer_id
  Batches: 1  Memory Usage: 241kB
  Buffers: shared hit=541
  ->  Seq Scan on customers  (cost=0.00..2041.00 rows=2089 width=4) (actual rows=2116 loops=1)
        Filter: ((revenue > 0) AND (year = 2021))
        Rows Removed by Filter: 97884
        Buffers: shared hit=541
Planning Time: 0.075 ms
Execution Time: 13.741 ms",11.336,2066.93,2116,"HashAggregate  (cost=2046.22..2066.93 rows=2071 width=4) (actual rows=2116 loops=1)
  Group Key: customer_id
  Batches: 1  Memory Usage: 241kB
  Buffers: shared hit=541
  ->  Seq Scan on customers  (cost=0.00..2041.00 rows=2089 width=4) (actual rows=2116 loops=1)
        Filter: ((revenue > 0) AND (year = 2021))
        Rows Removed by Filter: 97884
        Buffers: shared hit=541
Planning Time: 0.090 ms
Execution Time: 11.336 ms",11.2,2066.93,2116,"HashAggregate  (cost=2046.22..2066.93 rows=2071 width=4) (actual rows=2116 loops=1)
  Group Key: customer_id
  Batches: 1  Memory Usage: 241kB
  Buffers: shared hit=541
  ->  Seq Scan on customers  (cost=0.00..2041.00 rows=2089 width=4) (actual rows=2116 loops=1)
        Filter: ((revenue > 0) AND (year = 2021))
        Rows Removed by Filter: 97884
        Buffers: shared hit=541
Planning Time: 0.078 ms
Execution Time: 11.200 ms",17.977,2066.93,2116,"HashAggregate  (cost=2046.22..2066.93 rows=2071 width=4) (actual rows=2116 loops=1)
  Group Key: customer_id
  Batches: 1  Memory Usage: 241kB
  Buffers: shared hit=541
  ->  Seq Scan on customers  (cost=0.00..2041.00 rows=2089 width=4) (actual rows=2116 loops=1)
        Filter: ((revenue > 0) AND (year = 2021))
        Rows Removed by Filter: 97884
        Buffers: shared hit=541
Planning Time: 0.087 ms
Execution Time: 17.977 ms",12.6584,11.336,15.859,19.6714,2066.93,2066.93,2116,2116,2116,2116,normal,normal,11.610624300000001,7.915970800000004,equal variances,not significant,0.7261904761904762,1.177999999999999,1.6649999999999991,-25.929999999999836,0,True
1082,1821,11,Easy,select t_customers_0.customer_id as customer_id from schema_1821.customers as t_customers_0 where t_customers_0.year = 2021 and 0 < t_customers_0.revenue,17.336,2041.0,2116,"Seq Scan on customers t_customers_0  (cost=0.00..2041.00 rows=2089 width=4) (actual rows=2116 loops=1)
  Filter: ((0 < revenue) AND (year = 2021))
  Rows Removed by Filter: 97884
  Buffers: shared hit=541
Planning Time: 0.062 ms
Execution Time: 17.336 ms",16.235,2041.0,2116,"Seq Scan on customers t_customers_0  (cost=0.00..2041.00 rows=2089 width=4) (actual rows=2116 loops=1)
  Filter: ((0 < revenue) AND (year = 2021))
  Rows Removed by Filter: 97884
  Buffers: shared hit=541
Planning Time: 0.064 ms
Execution Time: 16.235 ms",16.422,2041.0,2116,"Seq Scan on customers t_customers_0  (cost=0.00..2041.00 rows=2089 width=4) (actual rows=2116 loops=1)
  Filter: ((0 < revenue) AND (year = 2021))
  Rows Removed by Filter: 97884
  Buffers: shared hit=541
Planning Time: 0.079 ms
Execution Time: 16.422 ms",16.22,2041.0,2116,"Seq Scan on customers t_customers_0  (cost=0.00..2041.00 rows=2089 width=4) (actual rows=2116 loops=1)
  Filter: ((0 < revenue) AND (year = 2021))
  Rows Removed by Filter: 97884
  Buffers: shared hit=541
Planning Time: 0.060 ms
Execution Time: 16.220 ms",15.603,2041.0,2116,"Seq Scan on customers t_customers_0  (cost=0.00..2041.00 rows=2089 width=4) (actual rows=2116 loops=1)
  Filter: ((0 < revenue) AND (year = 2021))
  Rows Removed by Filter: 97884
  Buffers: shared hit=541
Planning Time: 0.061 ms
Execution Time: 15.603 ms",16.3632,16.235,16.879,17.7016,2041.0,2041.0,2116,2116,2116,2116,1821_11,1082,1821,11,Easy,select distinct customer_id from schema_1821.customers where (year = 2021 and revenue > 0),8.846,2066.93,2116,"HashAggregate  (cost=2046.22..2066.93 rows=2071 width=4) (actual rows=2116 loops=1)
  Group Key: customer_id
  Batches: 1  Memory Usage: 241kB
  Buffers: shared hit=541
  ->  Seq Scan on customers  (cost=0.00..2041.00 rows=2089 width=4) (actual rows=2116 loops=1)
        Filter: ((revenue > 0) AND (year = 2021))
        Rows Removed by Filter: 97884
        Buffers: shared hit=541
Planning Time: 0.063 ms
Execution Time: 8.846 ms",13.647,2066.93,2116,"HashAggregate  (cost=2046.22..2066.93 rows=2071 width=4) (actual rows=2116 loops=1)
  Group Key: customer_id
  Batches: 1  Memory Usage: 241kB
  Buffers: shared hit=541
  ->  Seq Scan on customers  (cost=0.00..2041.00 rows=2089 width=4) (actual rows=2116 loops=1)
        Filter: ((revenue > 0) AND (year = 2021))
        Rows Removed by Filter: 97884
        Buffers: shared hit=541
Planning Time: 0.102 ms
Execution Time: 13.647 ms",17.326,2066.93,2116,"HashAggregate  (cost=2046.22..2066.93 rows=2071 width=4) (actual rows=2116 loops=1)
  Group Key: customer_id
  Batches: 1  Memory Usage: 241kB
  Buffers: shared hit=541
  ->  Seq Scan on customers  (cost=0.00..2041.00 rows=2089 width=4) (actual rows=2116 loops=1)
        Filter: ((revenue > 0) AND (year = 2021))
        Rows Removed by Filter: 97884
        Buffers: shared hit=541
Planning Time: 0.083 ms
Execution Time: 17.326 ms",18.266,2066.93,2116,"HashAggregate  (cost=2046.22..2066.93 rows=2071 width=4) (actual rows=2116 loops=1)
  Group Key: customer_id
  Batches: 1  Memory Usage: 241kB
  Buffers: shared hit=541
  ->  Seq Scan on customers  (cost=0.00..2041.00 rows=2089 width=4) (actual rows=2116 loops=1)
        Filter: ((revenue > 0) AND (year = 2021))
        Rows Removed by Filter: 97884
        Buffers: shared hit=541
Planning Time: 0.087 ms
Execution Time: 18.266 ms",20.464,2066.93,2116,"HashAggregate  (cost=2046.22..2066.93 rows=2071 width=4) (actual rows=2116 loops=1)
  Group Key: customer_id
  Batches: 1  Memory Usage: 241kB
  Buffers: shared hit=541
  ->  Seq Scan on customers  (cost=0.00..2041.00 rows=2089 width=4) (actual rows=2116 loops=1)
        Filter: ((revenue > 0) AND (year = 2021))
        Rows Removed by Filter: 97884
        Buffers: shared hit=541
Planning Time: 0.091 ms
Execution Time: 20.464 ms",15.7098,17.326,19.365,21.3432,2066.93,2066.93,2116,2116,2116,2116,normal,normal,20.77889319999999,0.3911606999999995,equal variances,not significant,0.42063492063492064,0.6533999999999995,-1.091000000000001,-25.929999999999836,0,True
1089,1821,28,Easy,select t_customers_0.customer_id as customer_id from schema_1821.customers as t_customers_0 where 0 < t_customers_0.revenue and t_customers_0.year = 2021,8.286,2041.0,2116,"Seq Scan on customers t_customers_0  (cost=0.00..2041.00 rows=2089 width=4) (actual rows=2116 loops=1)
  Filter: ((0 < revenue) AND (year = 2021))
  Rows Removed by Filter: 97884
  Buffers: shared hit=541
Planning Time: 0.048 ms
Execution Time: 8.286 ms",9.285,2041.0,2116,"Seq Scan on customers t_customers_0  (cost=0.00..2041.00 rows=2089 width=4) (actual rows=2116 loops=1)
  Filter: ((0 < revenue) AND (year = 2021))
  Rows Removed by Filter: 97884
  Buffers: shared hit=541
Planning Time: 0.048 ms
Execution Time: 9.285 ms",12.074,2041.0,2116,"Seq Scan on customers t_customers_0  (cost=0.00..2041.00 rows=2089 width=4) (actual rows=2116 loops=1)
  Filter: ((0 < revenue) AND (year = 2021))
  Rows Removed by Filter: 97884
  Buffers: shared hit=541
Planning Time: 0.068 ms
Execution Time: 12.074 ms",18.523,2041.0,2116,"Seq Scan on customers t_customers_0  (cost=0.00..2041.00 rows=2089 width=4) (actual rows=2116 loops=1)
  Filter: ((0 < revenue) AND (year = 2021))
  Rows Removed by Filter: 97884
  Buffers: shared hit=541
Planning Time: 0.076 ms
Execution Time: 18.523 ms",15.273,2041.0,2116,"Seq Scan on customers t_customers_0  (cost=0.00..2041.00 rows=2089 width=4) (actual rows=2116 loops=1)
  Filter: ((0 < revenue) AND (year = 2021))
  Rows Removed by Filter: 97884
  Buffers: shared hit=541
Planning Time: 0.062 ms
Execution Time: 15.273 ms",12.6882,12.074,16.898,19.823,2041.0,2041.0,2116,2116,2116,2116,1821_28,1089,1821,28,Easy,select customer_id from schema_1821.customers where (revenue > 0 and year = 2021) group by customer_id,10.716,2066.93,2116,"HashAggregate  (cost=2046.22..2066.93 rows=2071 width=4) (actual rows=2116 loops=1)
  Group Key: customer_id
  Batches: 1  Memory Usage: 241kB
  Buffers: shared hit=541
  ->  Seq Scan on customers  (cost=0.00..2041.00 rows=2089 width=4) (actual rows=2116 loops=1)
        Filter: ((revenue > 0) AND (year = 2021))
        Rows Removed by Filter: 97884
        Buffers: shared hit=541
Planning Time: 0.080 ms
Execution Time: 10.716 ms",11.83,2066.93,2116,"HashAggregate  (cost=2046.22..2066.93 rows=2071 width=4) (actual rows=2116 loops=1)
  Group Key: customer_id
  Batches: 1  Memory Usage: 241kB
  Buffers: shared hit=541
  ->  Seq Scan on customers  (cost=0.00..2041.00 rows=2089 width=4) (actual rows=2116 loops=1)
        Filter: ((revenue > 0) AND (year = 2021))
        Rows Removed by Filter: 97884
        Buffers: shared hit=541
Planning Time: 0.082 ms
Execution Time: 11.830 ms",14.986,2066.93,2116,"HashAggregate  (cost=2046.22..2066.93 rows=2071 width=4) (actual rows=2116 loops=1)
  Group Key: customer_id
  Batches: 1  Memory Usage: 241kB
  Buffers: shared hit=541
  ->  Seq Scan on customers  (cost=0.00..2041.00 rows=2089 width=4) (actual rows=2116 loops=1)
        Filter: ((revenue > 0) AND (year = 2021))
        Rows Removed by Filter: 97884
        Buffers: shared hit=541
Planning Time: 0.136 ms
Execution Time: 14.986 ms",16.412,2066.93,2116,"HashAggregate  (cost=2046.22..2066.93 rows=2071 width=4) (actual rows=2116 loops=1)
  Group Key: customer_id
  Batches: 1  Memory Usage: 241kB
  Buffers: shared hit=541
  ->  Seq Scan on customers  (cost=0.00..2041.00 rows=2089 width=4) (actual rows=2116 loops=1)
        Filter: ((revenue > 0) AND (year = 2021))
        Rows Removed by Filter: 97884
        Buffers: shared hit=541
Planning Time: 0.087 ms
Execution Time: 16.412 ms",13.12,2066.93,2116,"HashAggregate  (cost=2046.22..2066.93 rows=2071 width=4) (actual rows=2116 loops=1)
  Group Key: customer_id
  Batches: 1  Memory Usage: 241kB
  Buffers: shared hit=541
  ->  Seq Scan on customers  (cost=0.00..2041.00 rows=2089 width=4) (actual rows=2116 loops=1)
        Filter: ((revenue > 0) AND (year = 2021))
        Rows Removed by Filter: 97884
        Buffers: shared hit=541
Planning Time: 0.091 ms
Execution Time: 13.120 ms",13.4128,13.12,15.699,16.9824,2066.93,2066.93,2116,2116,2116,2116,normal,normal,5.3334692,18.0161147,equal variances,not significant,0.42063492063492064,-0.7246000000000006,-1.0459999999999994,-25.929999999999836,0,True
1102,1821,89,Easy,select t_customers_0.customer_id as customer_id from schema_1821.customers as t_customers_0 where t_customers_0.year = '2021' and 0 < t_customers_0.revenue,11.21,2041.0,2116,"Seq Scan on customers t_customers_0  (cost=0.00..2041.00 rows=2089 width=4) (actual rows=2116 loops=1)
  Filter: ((0 < revenue) AND (year = 2021))
  Rows Removed by Filter: 97884
  Buffers: shared hit=541
Planning Time: 0.070 ms
Execution Time: 11.210 ms",17.466,2041.0,2116,"Seq Scan on customers t_customers_0  (cost=0.00..2041.00 rows=2089 width=4) (actual rows=2116 loops=1)
  Filter: ((0 < revenue) AND (year = 2021))
  Rows Removed by Filter: 97884
  Buffers: shared hit=541
Planning Time: 0.075 ms
Execution Time: 17.466 ms",13.115,2041.0,2116,"Seq Scan on customers t_customers_0  (cost=0.00..2041.00 rows=2089 width=4) (actual rows=2116 loops=1)
  Filter: ((0 < revenue) AND (year = 2021))
  Rows Removed by Filter: 97884
  Buffers: shared hit=541
Planning Time: 0.074 ms
Execution Time: 13.115 ms",14.875,2041.0,2116,"Seq Scan on customers t_customers_0  (cost=0.00..2041.00 rows=2089 width=4) (actual rows=2116 loops=1)
  Filter: ((0 < revenue) AND (year = 2021))
  Rows Removed by Filter: 97884
  Buffers: shared hit=541
Planning Time: 0.068 ms
Execution Time: 14.875 ms",16.365,2041.0,2116,"Seq Scan on customers t_customers_0  (cost=0.00..2041.00 rows=2089 width=4) (actual rows=2116 loops=1)
  Filter: ((0 < revenue) AND (year = 2021))
  Rows Removed by Filter: 97884
  Buffers: shared hit=541
Planning Time: 0.062 ms
Execution Time: 16.365 ms",14.6062,14.875,16.9155,17.9064,2041.0,2041.0,2116,2116,2116,2116,1821_89,1102,1821,89,Easy,select customer_id from schema_1821.customers where (year = '2021' and revenue > 0) group by customer_id,10.768,2066.93,2116,"HashAggregate  (cost=2046.22..2066.93 rows=2071 width=4) (actual rows=2116 loops=1)
  Group Key: customer_id
  Batches: 1  Memory Usage: 241kB
  Buffers: shared hit=541
  ->  Seq Scan on customers  (cost=0.00..2041.00 rows=2089 width=4) (actual rows=2116 loops=1)
        Filter: ((revenue > 0) AND (year = 2021))
        Rows Removed by Filter: 97884
        Buffers: shared hit=541
Planning Time: 0.080 ms
Execution Time: 10.768 ms",12.535,2066.93,2116,"HashAggregate  (cost=2046.22..2066.93 rows=2071 width=4) (actual rows=2116 loops=1)
  Group Key: customer_id
  Batches: 1  Memory Usage: 241kB
  Buffers: shared hit=541
  ->  Seq Scan on customers  (cost=0.00..2041.00 rows=2089 width=4) (actual rows=2116 loops=1)
        Filter: ((revenue > 0) AND (year = 2021))
        Rows Removed by Filter: 97884
        Buffers: shared hit=541
Planning Time: 0.081 ms
Execution Time: 12.535 ms",19.743,2066.93,2116,"HashAggregate  (cost=2046.22..2066.93 rows=2071 width=4) (actual rows=2116 loops=1)
  Group Key: customer_id
  Batches: 1  Memory Usage: 241kB
  Buffers: shared hit=541
  ->  Seq Scan on customers  (cost=0.00..2041.00 rows=2089 width=4) (actual rows=2116 loops=1)
        Filter: ((revenue > 0) AND (year = 2021))
        Rows Removed by Filter: 97884
        Buffers: shared hit=541
Planning Time: 0.071 ms
Execution Time: 19.743 ms",16.544,2066.93,2116,"HashAggregate  (cost=2046.22..2066.93 rows=2071 width=4) (actual rows=2116 loops=1)
  Group Key: customer_id
  Batches: 1  Memory Usage: 241kB
  Buffers: shared hit=541
  ->  Seq Scan on customers  (cost=0.00..2041.00 rows=2089 width=4) (actual rows=2116 loops=1)
        Filter: ((revenue > 0) AND (year = 2021))
        Rows Removed by Filter: 97884
        Buffers: shared hit=541
Planning Time: 0.090 ms
Execution Time: 16.544 ms",16.772,2066.93,2116,"HashAggregate  (cost=2046.22..2066.93 rows=2071 width=4) (actual rows=2116 loops=1)
  Group Key: customer_id
  Batches: 1  Memory Usage: 241kB
  Buffers: shared hit=541
  ->  Seq Scan on customers  (cost=0.00..2041.00 rows=2089 width=4) (actual rows=2116 loops=1)
        Filter: ((revenue > 0) AND (year = 2021))
        Rows Removed by Filter: 97884
        Buffers: shared hit=541
Planning Time: 0.087 ms
Execution Time: 16.772 ms",15.2724,16.544,18.2575,20.9314,2066.93,2066.93,2116,2116,2116,2116,normal,normal,12.908752299999993,6.275484699999999,equal variances,not significant,0.42063492063492064,-0.6661999999999999,-1.6690000000000005,-25.929999999999836,0,True
1105,1821,98,Easy,select t_customers_0.customer_id as customer_id from schema_1821.customers as t_customers_0 where 0 < t_customers_0.revenue and t_customers_0.year = '2021',8.752,2041.0,2116,"Seq Scan on customers t_customers_0  (cost=0.00..2041.00 rows=2089 width=4) (actual rows=2116 loops=1)
  Filter: ((0 < revenue) AND (year = 2021))
  Rows Removed by Filter: 97884
  Buffers: shared hit=541
Planning Time: 0.047 ms
Execution Time: 8.752 ms",10.866,2041.0,2116,"Seq Scan on customers t_customers_0  (cost=0.00..2041.00 rows=2089 width=4) (actual rows=2116 loops=1)
  Filter: ((0 < revenue) AND (year = 2021))
  Rows Removed by Filter: 97884
  Buffers: shared hit=541
Planning Time: 0.099 ms
Execution Time: 10.866 ms",13.212,2041.0,2116,"Seq Scan on customers t_customers_0  (cost=0.00..2041.00 rows=2089 width=4) (actual rows=2116 loops=1)
  Filter: ((0 < revenue) AND (year = 2021))
  Rows Removed by Filter: 97884
  Buffers: shared hit=541
Planning Time: 0.073 ms
Execution Time: 13.212 ms",15.151,2041.0,2116,"Seq Scan on customers t_customers_0  (cost=0.00..2041.00 rows=2089 width=4) (actual rows=2116 loops=1)
  Filter: ((0 < revenue) AND (year = 2021))
  Rows Removed by Filter: 97884
  Buffers: shared hit=541
Planning Time: 0.062 ms
Execution Time: 15.151 ms",15.117,2041.0,2116,"Seq Scan on customers t_customers_0  (cost=0.00..2041.00 rows=2089 width=4) (actual rows=2116 loops=1)
  Filter: ((0 < revenue) AND (year = 2021))
  Rows Removed by Filter: 97884
  Buffers: shared hit=541
Planning Time: 0.062 ms
Execution Time: 15.117 ms",12.6196,13.212,15.134,15.1646,2041.0,2041.0,2116,2116,2116,2116,1821_98,1105,1821,98,Easy,select distinct customer_id from schema_1821.customers where (revenue > 0 and year = '2021'),9.366,2066.93,2116,"HashAggregate  (cost=2046.22..2066.93 rows=2071 width=4) (actual rows=2116 loops=1)
  Group Key: customer_id
  Batches: 1  Memory Usage: 241kB
  Buffers: shared hit=541
  ->  Seq Scan on customers  (cost=0.00..2041.00 rows=2089 width=4) (actual rows=2116 loops=1)
        Filter: ((revenue > 0) AND (year = 2021))
        Rows Removed by Filter: 97884
        Buffers: shared hit=541
Planning Time: 0.065 ms
Execution Time: 9.366 ms",12.726,2066.93,2116,"HashAggregate  (cost=2046.22..2066.93 rows=2071 width=4) (actual rows=2116 loops=1)
  Group Key: customer_id
  Batches: 1  Memory Usage: 241kB
  Buffers: shared hit=541
  ->  Seq Scan on customers  (cost=0.00..2041.00 rows=2089 width=4) (actual rows=2116 loops=1)
        Filter: ((revenue > 0) AND (year = 2021))
        Rows Removed by Filter: 97884
        Buffers: shared hit=541
Planning Time: 0.081 ms
Execution Time: 12.726 ms",16.928,2066.93,2116,"HashAggregate  (cost=2046.22..2066.93 rows=2071 width=4) (actual rows=2116 loops=1)
  Group Key: customer_id
  Batches: 1  Memory Usage: 241kB
  Buffers: shared hit=541
  ->  Seq Scan on customers  (cost=0.00..2041.00 rows=2089 width=4) (actual rows=2116 loops=1)
        Filter: ((revenue > 0) AND (year = 2021))
        Rows Removed by Filter: 97884
        Buffers: shared hit=541
Planning Time: 0.083 ms
Execution Time: 16.928 ms",16.069,2066.93,2116,"HashAggregate  (cost=2046.22..2066.93 rows=2071 width=4) (actual rows=2116 loops=1)
  Group Key: customer_id
  Batches: 1  Memory Usage: 241kB
  Buffers: shared hit=541
  ->  Seq Scan on customers  (cost=0.00..2041.00 rows=2089 width=4) (actual rows=2116 loops=1)
        Filter: ((revenue > 0) AND (year = 2021))
        Rows Removed by Filter: 97884
        Buffers: shared hit=541
Planning Time: 0.077 ms
Execution Time: 16.069 ms",15.15,2066.93,2116,"HashAggregate  (cost=2046.22..2066.93 rows=2071 width=4) (actual rows=2116 loops=1)
  Group Key: customer_id
  Batches: 1  Memory Usage: 241kB
  Buffers: shared hit=541
  ->  Seq Scan on customers  (cost=0.00..2041.00 rows=2089 width=4) (actual rows=2116 loops=1)
        Filter: ((revenue > 0) AND (year = 2021))
        Rows Removed by Filter: 97884
        Buffers: shared hit=541
Planning Time: 0.092 ms
Execution Time: 15.150 ms",14.0478,15.15,16.4985,17.2716,2066.93,2066.93,2116,2116,2116,2116,normal,normal,9.3155132,7.7573433,equal variances,not significant,0.21031746031746032,-1.4282000000000004,-1.9380000000000006,-25.929999999999836,0,True
1106,1821,106,Easy,select c1.customer_id as customer_id from schema_1821.customers as c1 where c1.year = 2021 group by c1.customer_id having 0 < sum(c1.revenue),10.498,1868.24,2116,"HashAggregate  (cost=1813.36..1868.24 rows=1463 width=4) (actual rows=2116 loops=1)
  Group Key: customer_id
  Filter: (0 < sum(revenue))
  Batches: 1  Memory Usage: 721kB
  Rows Removed by Filter: 2394
  Buffers: shared hit=541
  ->  Seq Scan on customers c1  (cost=0.00..1791.00 rows=4473 width=8) (actual rows=4510 loops=1)
        Filter: (year = 2021)
        Rows Removed by Filter: 95490
        Buffers: shared hit=541
Planning Time: 0.093 ms
Execution Time: 10.498 ms",18.448,1868.24,2116,"HashAggregate  (cost=1813.36..1868.24 rows=1463 width=4) (actual rows=2116 loops=1)
  Group Key: customer_id
  Filter: (0 < sum(revenue))
  Batches: 1  Memory Usage: 721kB
  Rows Removed by Filter: 2394
  Buffers: shared hit=541
  ->  Seq Scan on customers c1  (cost=0.00..1791.00 rows=4473 width=8) (actual rows=4510 loops=1)
        Filter: (year = 2021)
        Rows Removed by Filter: 95490
        Buffers: shared hit=541
Planning Time: 0.085 ms
Execution Time: 18.448 ms",14.371,1868.24,2116,"HashAggregate  (cost=1813.36..1868.24 rows=1463 width=4) (actual rows=2116 loops=1)
  Group Key: customer_id
  Filter: (0 < sum(revenue))
  Batches: 1  Memory Usage: 721kB
  Rows Removed by Filter: 2394
  Buffers: shared hit=541
  ->  Seq Scan on customers c1  (cost=0.00..1791.00 rows=4473 width=8) (actual rows=4510 loops=1)
        Filter: (year = 2021)
        Rows Removed by Filter: 95490
        Buffers: shared hit=541
Planning Time: 0.093 ms
Execution Time: 14.371 ms",17.058,1868.24,2116,"HashAggregate  (cost=1813.36..1868.24 rows=1463 width=4) (actual rows=2116 loops=1)
  Group Key: customer_id
  Filter: (0 < sum(revenue))
  Batches: 1  Memory Usage: 721kB
  Rows Removed by Filter: 2394
  Buffers: shared hit=541
  ->  Seq Scan on customers c1  (cost=0.00..1791.00 rows=4473 width=8) (actual rows=4510 loops=1)
        Filter: (year = 2021)
        Rows Removed by Filter: 95490
        Buffers: shared hit=541
Planning Time: 0.085 ms
Execution Time: 17.058 ms",17.678,1868.24,2116,"HashAggregate  (cost=1813.36..1868.24 rows=1463 width=4) (actual rows=2116 loops=1)
  Group Key: customer_id
  Filter: (0 < sum(revenue))
  Batches: 1  Memory Usage: 721kB
  Rows Removed by Filter: 2394
  Buffers: shared hit=541
  ->  Seq Scan on customers c1  (cost=0.00..1791.00 rows=4473 width=8) (actual rows=4510 loops=1)
        Filter: (year = 2021)
        Rows Removed by Filter: 95490
        Buffers: shared hit=541
Planning Time: 0.083 ms
Execution Time: 17.678 ms",15.6106,17.058,18.063,18.756,1868.24,1868.24,2116,2116,2116,2116,1821_106,1106,1821,106,Easy,select c1.customer_id from schema_1821.customers as c1 join schema_1821.customers as c2 on c1.customer_id = c2.customer_id where c1.year = 2021 group by c1.customer_id having sum(c1.revenue) > 0,23.422,3746.13,2116,"HashAggregate  (cost=3691.26..3746.13 rows=1463 width=4) (actual rows=2116 loops=1)
  Group Key: c1.customer_id
  Filter: (sum(c1.revenue) > 0)
  Batches: 1  Memory Usage: 721kB
  Rows Removed by Filter: 2394
  Buffers: shared hit=1082
  ->  Hash Join  (cost=1846.91..3650.43 rows=8165 width=8) (actual rows=8741 loops=1)
        Hash Cond: (c2.customer_id = c1.customer_id)
        Buffers: shared hit=1082
        ->  Seq Scan on customers c2  (cost=0.00..1541.00 rows=100000 width=4) (actual rows=100000 loops=1)
              Buffers: shared hit=541
        ->  Hash  (cost=1791.00..1791.00 rows=4473 width=8) (actual rows=4510 loops=1)
              Buckets: 8192  Batches: 1  Memory Usage: 241kB
              Buffers: shared hit=541
              ->  Seq Scan on customers c1  (cost=0.00..1791.00 rows=4473 width=8) (actual rows=4510 loops=1)
                    Filter: (year = 2021)
                    Rows Removed by Filter: 95490
                    Buffers: shared hit=541
Planning:
  Buffers: shared hit=12
Planning Time: 0.160 ms
Execution Time: 23.422 ms",26.221,3746.13,2116,"HashAggregate  (cost=3691.26..3746.13 rows=1463 width=4) (actual rows=2116 loops=1)
  Group Key: c1.customer_id
  Filter: (sum(c1.revenue) > 0)
  Batches: 1  Memory Usage: 721kB
  Rows Removed by Filter: 2394
  Buffers: shared hit=1082
  ->  Hash Join  (cost=1846.91..3650.43 rows=8165 width=8) (actual rows=8741 loops=1)
        Hash Cond: (c2.customer_id = c1.customer_id)
        Buffers: shared hit=1082
        ->  Seq Scan on customers c2  (cost=0.00..1541.00 rows=100000 width=4) (actual rows=100000 loops=1)
              Buffers: shared hit=541
        ->  Hash  (cost=1791.00..1791.00 rows=4473 width=8) (actual rows=4510 loops=1)
              Buckets: 8192  Batches: 1  Memory Usage: 241kB
              Buffers: shared hit=541
              ->  Seq Scan on customers c1  (cost=0.00..1791.00 rows=4473 width=8) (actual rows=4510 loops=1)
                    Filter: (year = 2021)
                    Rows Removed by Filter: 95490
                    Buffers: shared hit=541
Planning:
  Buffers: shared hit=12
Planning Time: 0.285 ms
Execution Time: 26.221 ms",26.344,3746.13,2116,"HashAggregate  (cost=3691.26..3746.13 rows=1463 width=4) (actual rows=2116 loops=1)
  Group Key: c1.customer_id
  Filter: (sum(c1.revenue) > 0)
  Batches: 1  Memory Usage: 721kB
  Rows Removed by Filter: 2394
  Buffers: shared hit=1082
  ->  Hash Join  (cost=1846.91..3650.43 rows=8165 width=8) (actual rows=8741 loops=1)
        Hash Cond: (c2.customer_id = c1.customer_id)
        Buffers: shared hit=1082
        ->  Seq Scan on customers c2  (cost=0.00..1541.00 rows=100000 width=4) (actual rows=100000 loops=1)
              Buffers: shared hit=541
        ->  Hash  (cost=1791.00..1791.00 rows=4473 width=8) (actual rows=4510 loops=1)
              Buckets: 8192  Batches: 1  Memory Usage: 241kB
              Buffers: shared hit=541
              ->  Seq Scan on customers c1  (cost=0.00..1791.00 rows=4473 width=8) (actual rows=4510 loops=1)
                    Filter: (year = 2021)
                    Rows Removed by Filter: 95490
                    Buffers: shared hit=541
Planning:
  Buffers: shared hit=12
Planning Time: 0.233 ms
Execution Time: 26.344 ms",27.843,3746.13,2116,"HashAggregate  (cost=3691.26..3746.13 rows=1463 width=4) (actual rows=2116 loops=1)
  Group Key: c1.customer_id
  Filter: (sum(c1.revenue) > 0)
  Batches: 1  Memory Usage: 721kB
  Rows Removed by Filter: 2394
  Buffers: shared hit=1082
  ->  Hash Join  (cost=1846.91..3650.43 rows=8165 width=8) (actual rows=8741 loops=1)
        Hash Cond: (c2.customer_id = c1.customer_id)
        Buffers: shared hit=1082
        ->  Seq Scan on customers c2  (cost=0.00..1541.00 rows=100000 width=4) (actual rows=100000 loops=1)
              Buffers: shared hit=541
        ->  Hash  (cost=1791.00..1791.00 rows=4473 width=8) (actual rows=4510 loops=1)
              Buckets: 8192  Batches: 1  Memory Usage: 241kB
              Buffers: shared hit=541
              ->  Seq Scan on customers c1  (cost=0.00..1791.00 rows=4473 width=8) (actual rows=4510 loops=1)
                    Filter: (year = 2021)
                    Rows Removed by Filter: 95490
                    Buffers: shared hit=541
Planning:
  Buffers: shared hit=12
Planning Time: 0.268 ms
Execution Time: 27.843 ms",27.934,3746.13,2116,"HashAggregate  (cost=3691.26..3746.13 rows=1463 width=4) (actual rows=2116 loops=1)
  Group Key: c1.customer_id
  Filter: (sum(c1.revenue) > 0)
  Batches: 1  Memory Usage: 721kB
  Rows Removed by Filter: 2394
  Buffers: shared hit=1082
  ->  Hash Join  (cost=1846.91..3650.43 rows=8165 width=8) (actual rows=8741 loops=1)
        Hash Cond: (c2.customer_id = c1.customer_id)
        Buffers: shared hit=1082
        ->  Seq Scan on customers c2  (cost=0.00..1541.00 rows=100000 width=4) (actual rows=100000 loops=1)
              Buffers: shared hit=541
        ->  Hash  (cost=1791.00..1791.00 rows=4473 width=8) (actual rows=4510 loops=1)
              Buckets: 8192  Batches: 1  Memory Usage: 241kB
              Buffers: shared hit=541
              ->  Seq Scan on customers c1  (cost=0.00..1791.00 rows=4473 width=8) (actual rows=4510 loops=1)
                    Filter: (year = 2021)
                    Rows Removed by Filter: 95490
                    Buffers: shared hit=541
Planning:
  Buffers: shared hit=12
Planning Time: 0.170 ms
Execution Time: 27.934 ms",26.3528,26.344,27.8885,27.9704,3746.13,3746.13,2116,2116,2116,2116,normal,normal,3.3319817,10.523808800000003,equal variances,significant,0.003968253968253968,-10.742199999999999,-9.286000000000001,-1877.89,0,True
1111,1821,116,Easy,select i.c_customer_id0 as customer_id from (select t_customers_0.customer_id as c_customer_id0 from schema_1821.customers as t_customers_0 where t_customers_0.year = '2021' and 0 < t_customers_0.revenue) as i,8.637,2041.0,2116,"Seq Scan on customers t_customers_0  (cost=0.00..2041.00 rows=2089 width=4) (actual rows=2116 loops=1)
  Filter: ((0 < revenue) AND (year = 2021))
  Rows Removed by Filter: 97884
  Buffers: shared hit=541
Planning Time: 0.060 ms
Execution Time: 8.637 ms",12.527,2041.0,2116,"Seq Scan on customers t_customers_0  (cost=0.00..2041.00 rows=2089 width=4) (actual rows=2116 loops=1)
  Filter: ((0 < revenue) AND (year = 2021))
  Rows Removed by Filter: 97884
  Buffers: shared hit=541
Planning Time: 0.086 ms
Execution Time: 12.527 ms",11.39,2041.0,2116,"Seq Scan on customers t_customers_0  (cost=0.00..2041.00 rows=2089 width=4) (actual rows=2116 loops=1)
  Filter: ((0 < revenue) AND (year = 2021))
  Rows Removed by Filter: 97884
  Buffers: shared hit=541
Planning Time: 0.086 ms
Execution Time: 11.390 ms",18.775,2041.0,2116,"Seq Scan on customers t_customers_0  (cost=0.00..2041.00 rows=2089 width=4) (actual rows=2116 loops=1)
  Filter: ((0 < revenue) AND (year = 2021))
  Rows Removed by Filter: 97884
  Buffers: shared hit=541
Planning Time: 0.081 ms
Execution Time: 18.775 ms",16.295,2041.0,2116,"Seq Scan on customers t_customers_0  (cost=0.00..2041.00 rows=2089 width=4) (actual rows=2116 loops=1)
  Filter: ((0 < revenue) AND (year = 2021))
  Rows Removed by Filter: 97884
  Buffers: shared hit=541
Planning Time: 0.067 ms
Execution Time: 16.295 ms",13.5248,12.527,17.535,19.767,2041.0,2041.0,2116,2116,2116,2116,1821_116,1111,1821,116,Easy,"select customer_id from (select customer_id, sum(revenue) over (partition by customer_id order by year desc) as revenue from schema_1821.customers where (year = '2021' and revenue > 0)) as i",8.251,2061.89,2116,"Subquery Scan on i  (cost=0.00..2061.89 rows=2089 width=4) (actual rows=2116 loops=1)
  Buffers: shared hit=541
  ->  Seq Scan on customers  (cost=0.00..2041.00 rows=2089 width=16) (actual rows=2116 loops=1)
        Filter: ((revenue > 0) AND (year = 2021))
        Rows Removed by Filter: 97884
        Buffers: shared hit=541
Planning Time: 0.058 ms
Execution Time: 8.251 ms",13.696,2061.89,2116,"Subquery Scan on i  (cost=0.00..2061.89 rows=2089 width=4) (actual rows=2116 loops=1)
  Buffers: shared hit=541
  ->  Seq Scan on customers  (cost=0.00..2041.00 rows=2089 width=16) (actual rows=2116 loops=1)
        Filter: ((revenue > 0) AND (year = 2021))
        Rows Removed by Filter: 97884
        Buffers: shared hit=541
Planning Time: 0.082 ms
Execution Time: 13.696 ms",14.604,2061.89,2116,"Subquery Scan on i  (cost=0.00..2061.89 rows=2089 width=4) (actual rows=2116 loops=1)
  Buffers: shared hit=541
  ->  Seq Scan on customers  (cost=0.00..2041.00 rows=2089 width=16) (actual rows=2116 loops=1)
        Filter: ((revenue > 0) AND (year = 2021))
        Rows Removed by Filter: 97884
        Buffers: shared hit=541
Planning Time: 0.083 ms
Execution Time: 14.604 ms",16.21,2061.89,2116,"Subquery Scan on i  (cost=0.00..2061.89 rows=2089 width=4) (actual rows=2116 loops=1)
  Buffers: shared hit=541
  ->  Seq Scan on customers  (cost=0.00..2041.00 rows=2089 width=16) (actual rows=2116 loops=1)
        Filter: ((revenue > 0) AND (year = 2021))
        Rows Removed by Filter: 97884
        Buffers: shared hit=541
Planning Time: 0.084 ms
Execution Time: 16.210 ms",16.436,2061.89,2116,"Subquery Scan on i  (cost=0.00..2061.89 rows=2089 width=4) (actual rows=2116 loops=1)
  Buffers: shared hit=541
  ->  Seq Scan on customers  (cost=0.00..2041.00 rows=2089 width=16) (actual rows=2116 loops=1)
        Filter: ((revenue > 0) AND (year = 2021))
        Rows Removed by Filter: 97884
        Buffers: shared hit=541
Planning Time: 0.119 ms
Execution Time: 16.436 ms",13.8394,14.604,16.323,16.5264,2061.89,2061.89,2116,2116,2116,2116,normal,normal,11.049366800000001,16.170543199999997,equal variances,not significant,0.5,-0.31459999999999866,-2.077,-20.889999999999873,0,True
1112,1821,117,Easy,"select t_customers_0.customer_id as customer_id from schema_1821.customers as t_customers_0 where t_customers_0.year = 2021 group by t_customers_0.customer_id,t_customers_0.year having 0 < sum(t_customers_0.revenue)",10.743,1879.42,2116,"HashAggregate  (cost=1824.55..1879.42 rows=1463 width=8) (actual rows=2116 loops=1)
  Group Key: customer_id, year
  Filter: (0 < sum(revenue))
  Batches: 1  Memory Usage: 721kB
  Rows Removed by Filter: 2394
  Buffers: shared hit=541
  ->  Seq Scan on customers t_customers_0  (cost=0.00..1791.00 rows=4473 width=12) (actual rows=4510 loops=1)
        Filter: (year = 2021)
        Rows Removed by Filter: 95490
        Buffers: shared hit=541
Planning:
  Buffers: shared hit=3
Planning Time: 0.113 ms
Execution Time: 10.743 ms",11.484,1879.42,2116,"HashAggregate  (cost=1824.55..1879.42 rows=1463 width=8) (actual rows=2116 loops=1)
  Group Key: customer_id, year
  Filter: (0 < sum(revenue))
  Batches: 1  Memory Usage: 721kB
  Rows Removed by Filter: 2394
  Buffers: shared hit=541
  ->  Seq Scan on customers t_customers_0  (cost=0.00..1791.00 rows=4473 width=12) (actual rows=4510 loops=1)
        Filter: (year = 2021)
        Rows Removed by Filter: 95490
        Buffers: shared hit=541
Planning:
  Buffers: shared hit=3
Planning Time: 0.256 ms
Execution Time: 11.484 ms",19.703,1879.42,2116,"HashAggregate  (cost=1824.55..1879.42 rows=1463 width=8) (actual rows=2116 loops=1)
  Group Key: customer_id, year
  Filter: (0 < sum(revenue))
  Batches: 1  Memory Usage: 721kB
  Rows Removed by Filter: 2394
  Buffers: shared hit=541
  ->  Seq Scan on customers t_customers_0  (cost=0.00..1791.00 rows=4473 width=12) (actual rows=4510 loops=1)
        Filter: (year = 2021)
        Rows Removed by Filter: 95490
        Buffers: shared hit=541
Planning:
  Buffers: shared hit=3
Planning Time: 0.101 ms
Execution Time: 19.703 ms",16.039,1879.42,2116,"HashAggregate  (cost=1824.55..1879.42 rows=1463 width=8) (actual rows=2116 loops=1)
  Group Key: customer_id, year
  Filter: (0 < sum(revenue))
  Batches: 1  Memory Usage: 721kB
  Rows Removed by Filter: 2394
  Buffers: shared hit=541
  ->  Seq Scan on customers t_customers_0  (cost=0.00..1791.00 rows=4473 width=12) (actual rows=4510 loops=1)
        Filter: (year = 2021)
        Rows Removed by Filter: 95490
        Buffers: shared hit=541
Planning:
  Buffers: shared hit=3
Planning Time: 0.111 ms
Execution Time: 16.039 ms",18.936,1879.42,2116,"HashAggregate  (cost=1824.55..1879.42 rows=1463 width=8) (actual rows=2116 loops=1)
  Group Key: customer_id, year
  Filter: (0 < sum(revenue))
  Batches: 1  Memory Usage: 721kB
  Rows Removed by Filter: 2394
  Buffers: shared hit=541
  ->  Seq Scan on customers t_customers_0  (cost=0.00..1791.00 rows=4473 width=12) (actual rows=4510 loops=1)
        Filter: (year = 2021)
        Rows Removed by Filter: 95490
        Buffers: shared hit=541
Planning:
  Buffers: shared hit=3
Planning Time: 0.095 ms
Execution Time: 18.936 ms",15.381,16.039,19.3195,20.0098,1879.42,1879.42,2116,2116,2116,2116,1821_117,1112,1821,117,Easy,"select customer_id from (select customer_id, sum(revenue) over (partition by customer_id, year) as s_rev from schema_1821.customers where year = 2021) as a where s_rev > 0",10.797,2207.59,2116,"Subquery Scan on a  (cost=2062.22..2207.59 rows=1491 width=4) (actual rows=2116 loops=1)
  Filter: (a.s_rev > 0)
  Rows Removed by Filter: 2394
  Buffers: shared hit=541
  ->  WindowAgg  (cost=2062.22..2151.68 rows=4473 width=16) (actual rows=4510 loops=1)
        Buffers: shared hit=541
        ->  Sort  (cost=2062.22..2073.40 rows=4473 width=12) (actual rows=4510 loops=1)
              Sort Key: customers.customer_id
              Sort Method: quicksort  Memory: 404kB
              Buffers: shared hit=541
              ->  Seq Scan on customers  (cost=0.00..1791.00 rows=4473 width=12) (actual rows=4510 loops=1)
                    Filter: (year = 2021)
                    Rows Removed by Filter: 95490
                    Buffers: shared hit=541
Planning Time: 0.068 ms
Execution Time: 10.797 ms",14.577,2207.59,2116,"Subquery Scan on a  (cost=2062.22..2207.59 rows=1491 width=4) (actual rows=2116 loops=1)
  Filter: (a.s_rev > 0)
  Rows Removed by Filter: 2394
  Buffers: shared hit=541
  ->  WindowAgg  (cost=2062.22..2151.68 rows=4473 width=16) (actual rows=4510 loops=1)
        Buffers: shared hit=541
        ->  Sort  (cost=2062.22..2073.40 rows=4473 width=12) (actual rows=4510 loops=1)
              Sort Key: customers.customer_id
              Sort Method: quicksort  Memory: 404kB
              Buffers: shared hit=541
              ->  Seq Scan on customers  (cost=0.00..1791.00 rows=4473 width=12) (actual rows=4510 loops=1)
                    Filter: (year = 2021)
                    Rows Removed by Filter: 95490
                    Buffers: shared hit=541
Planning Time: 0.100 ms
Execution Time: 14.577 ms",19.736,2207.59,2116,"Subquery Scan on a  (cost=2062.22..2207.59 rows=1491 width=4) (actual rows=2116 loops=1)
  Filter: (a.s_rev > 0)
  Rows Removed by Filter: 2394
  Buffers: shared hit=541
  ->  WindowAgg  (cost=2062.22..2151.68 rows=4473 width=16) (actual rows=4510 loops=1)
        Buffers: shared hit=541
        ->  Sort  (cost=2062.22..2073.40 rows=4473 width=12) (actual rows=4510 loops=1)
              Sort Key: customers.customer_id
              Sort Method: quicksort  Memory: 404kB
              Buffers: shared hit=541
              ->  Seq Scan on customers  (cost=0.00..1791.00 rows=4473 width=12) (actual rows=4510 loops=1)
                    Filter: (year = 2021)
                    Rows Removed by Filter: 95490
                    Buffers: shared hit=541
Planning Time: 0.094 ms
Execution Time: 19.736 ms",18.555,2207.59,2116,"Subquery Scan on a  (cost=2062.22..2207.59 rows=1491 width=4) (actual rows=2116 loops=1)
  Filter: (a.s_rev > 0)
  Rows Removed by Filter: 2394
  Buffers: shared hit=541
  ->  WindowAgg  (cost=2062.22..2151.68 rows=4473 width=16) (actual rows=4510 loops=1)
        Buffers: shared hit=541
        ->  Sort  (cost=2062.22..2073.40 rows=4473 width=12) (actual rows=4510 loops=1)
              Sort Key: customers.customer_id
              Sort Method: quicksort  Memory: 404kB
              Buffers: shared hit=541
              ->  Seq Scan on customers  (cost=0.00..1791.00 rows=4473 width=12) (actual rows=4510 loops=1)
                    Filter: (year = 2021)
                    Rows Removed by Filter: 95490
                    Buffers: shared hit=541
Planning Time: 0.091 ms
Execution Time: 18.555 ms",19.726,2207.59,2116,"Subquery Scan on a  (cost=2062.22..2207.59 rows=1491 width=4) (actual rows=2116 loops=1)
  Filter: (a.s_rev > 0)
  Rows Removed by Filter: 2394
  Buffers: shared hit=541
  ->  WindowAgg  (cost=2062.22..2151.68 rows=4473 width=16) (actual rows=4510 loops=1)
        Buffers: shared hit=541
        ->  Sort  (cost=2062.22..2073.40 rows=4473 width=12) (actual rows=4510 loops=1)
              Sort Key: customers.customer_id
              Sort Method: quicksort  Memory: 404kB
              Buffers: shared hit=541
              ->  Seq Scan on customers  (cost=0.00..1791.00 rows=4473 width=12) (actual rows=4510 loops=1)
                    Filter: (year = 2021)
                    Rows Removed by Filter: 95490
                    Buffers: shared hit=541
Planning Time: 0.093 ms
Execution Time: 19.726 ms",16.6782,18.555,19.731,19.74,2207.59,2207.59,2116,2116,2116,2116,normal,normal,15.291289699999998,17.1120815,equal variances,not significant,0.27380952380952384,-1.2972000000000001,-2.5159999999999982,-328.1700000000001,0,True
1113,1821,118,Easy,select t_customers_0.customer_id as customer_id from schema_1821.customers as t_customers_0 where t_customers_0.year = 2021 group by t_customers_0.customer_id having 0 < sum(t_customers_0.revenue),8.634,1868.24,2116,"HashAggregate  (cost=1813.36..1868.24 rows=1463 width=4) (actual rows=2116 loops=1)
  Group Key: customer_id
  Filter: (0 < sum(revenue))
  Batches: 1  Memory Usage: 721kB
  Rows Removed by Filter: 2394
  Buffers: shared hit=541
  ->  Seq Scan on customers t_customers_0  (cost=0.00..1791.00 rows=4473 width=8) (actual rows=4510 loops=1)
        Filter: (year = 2021)
        Rows Removed by Filter: 95490
        Buffers: shared hit=541
Planning Time: 0.066 ms
Execution Time: 8.634 ms",14.083,1868.24,2116,"HashAggregate  (cost=1813.36..1868.24 rows=1463 width=4) (actual rows=2116 loops=1)
  Group Key: customer_id
  Filter: (0 < sum(revenue))
  Batches: 1  Memory Usage: 721kB
  Rows Removed by Filter: 2394
  Buffers: shared hit=541
  ->  Seq Scan on customers t_customers_0  (cost=0.00..1791.00 rows=4473 width=8) (actual rows=4510 loops=1)
        Filter: (year = 2021)
        Rows Removed by Filter: 95490
        Buffers: shared hit=541
Planning Time: 0.087 ms
Execution Time: 14.083 ms",22.087,1868.24,2116,"HashAggregate  (cost=1813.36..1868.24 rows=1463 width=4) (actual rows=2116 loops=1)
  Group Key: customer_id
  Filter: (0 < sum(revenue))
  Batches: 1  Memory Usage: 721kB
  Rows Removed by Filter: 2394
  Buffers: shared hit=541
  ->  Seq Scan on customers t_customers_0  (cost=0.00..1791.00 rows=4473 width=8) (actual rows=4510 loops=1)
        Filter: (year = 2021)
        Rows Removed by Filter: 95490
        Buffers: shared hit=541
Planning Time: 0.082 ms
Execution Time: 22.087 ms",10.773,1868.24,2116,"HashAggregate  (cost=1813.36..1868.24 rows=1463 width=4) (actual rows=2116 loops=1)
  Group Key: customer_id
  Filter: (0 < sum(revenue))
  Batches: 1  Memory Usage: 721kB
  Rows Removed by Filter: 2394
  Buffers: shared hit=541
  ->  Seq Scan on customers t_customers_0  (cost=0.00..1791.00 rows=4473 width=8) (actual rows=4510 loops=1)
        Filter: (year = 2021)
        Rows Removed by Filter: 95490
        Buffers: shared hit=541
Planning Time: 0.111 ms
Execution Time: 10.773 ms",11.673,1868.24,2116,"HashAggregate  (cost=1813.36..1868.24 rows=1463 width=4) (actual rows=2116 loops=1)
  Group Key: customer_id
  Filter: (0 < sum(revenue))
  Batches: 1  Memory Usage: 721kB
  Rows Removed by Filter: 2394
  Buffers: shared hit=541
  ->  Seq Scan on customers t_customers_0  (cost=0.00..1791.00 rows=4473 width=8) (actual rows=4510 loops=1)
        Filter: (year = 2021)
        Rows Removed by Filter: 95490
        Buffers: shared hit=541
Planning Time: 0.106 ms
Execution Time: 11.673 ms",13.45,11.673,18.085,25.2886,1868.24,1868.24,2116,2116,2116,2116,1821_118,1113,1821,118,Easy,"select customer_id from (select customer_id, sum(revenue) over (partition by customer_id) as rnk from schema_1821.customers where year = 2021) as tmp where tmp.rnk > 0",10.832,2196.41,2116,"Subquery Scan on tmp  (cost=2062.22..2196.41 rows=1491 width=4) (actual rows=2116 loops=1)
  Filter: (tmp.rnk > 0)
  Rows Removed by Filter: 2394
  Buffers: shared hit=541
  ->  WindowAgg  (cost=2062.22..2140.50 rows=4473 width=12) (actual rows=4510 loops=1)
        Buffers: shared hit=541
        ->  Sort  (cost=2062.22..2073.40 rows=4473 width=8) (actual rows=4510 loops=1)
              Sort Key: customers.customer_id
              Sort Method: quicksort  Memory: 404kB
              Buffers: shared hit=541
              ->  Seq Scan on customers  (cost=0.00..1791.00 rows=4473 width=8) (actual rows=4510 loops=1)
                    Filter: (year = 2021)
                    Rows Removed by Filter: 95490
                    Buffers: shared hit=541
Planning Time: 0.065 ms
Execution Time: 10.832 ms",13.948,2196.41,2116,"Subquery Scan on tmp  (cost=2062.22..2196.41 rows=1491 width=4) (actual rows=2116 loops=1)
  Filter: (tmp.rnk > 0)
  Rows Removed by Filter: 2394
  Buffers: shared hit=541
  ->  WindowAgg  (cost=2062.22..2140.50 rows=4473 width=12) (actual rows=4510 loops=1)
        Buffers: shared hit=541
        ->  Sort  (cost=2062.22..2073.40 rows=4473 width=8) (actual rows=4510 loops=1)
              Sort Key: customers.customer_id
              Sort Method: quicksort  Memory: 404kB
              Buffers: shared hit=541
              ->  Seq Scan on customers  (cost=0.00..1791.00 rows=4473 width=8) (actual rows=4510 loops=1)
                    Filter: (year = 2021)
                    Rows Removed by Filter: 95490
                    Buffers: shared hit=541
Planning Time: 0.093 ms
Execution Time: 13.948 ms",13.25,2196.41,2116,"Subquery Scan on tmp  (cost=2062.22..2196.41 rows=1491 width=4) (actual rows=2116 loops=1)
  Filter: (tmp.rnk > 0)
  Rows Removed by Filter: 2394
  Buffers: shared hit=541
  ->  WindowAgg  (cost=2062.22..2140.50 rows=4473 width=12) (actual rows=4510 loops=1)
        Buffers: shared hit=541
        ->  Sort  (cost=2062.22..2073.40 rows=4473 width=8) (actual rows=4510 loops=1)
              Sort Key: customers.customer_id
              Sort Method: quicksort  Memory: 404kB
              Buffers: shared hit=541
              ->  Seq Scan on customers  (cost=0.00..1791.00 rows=4473 width=8) (actual rows=4510 loops=1)
                    Filter: (year = 2021)
                    Rows Removed by Filter: 95490
                    Buffers: shared hit=541
Planning Time: 0.092 ms
Execution Time: 13.250 ms",15.47,2196.41,2116,"Subquery Scan on tmp  (cost=2062.22..2196.41 rows=1491 width=4) (actual rows=2116 loops=1)
  Filter: (tmp.rnk > 0)
  Rows Removed by Filter: 2394
  Buffers: shared hit=541
  ->  WindowAgg  (cost=2062.22..2140.50 rows=4473 width=12) (actual rows=4510 loops=1)
        Buffers: shared hit=541
        ->  Sort  (cost=2062.22..2073.40 rows=4473 width=8) (actual rows=4510 loops=1)
              Sort Key: customers.customer_id
              Sort Method: quicksort  Memory: 404kB
              Buffers: shared hit=541
              ->  Seq Scan on customers  (cost=0.00..1791.00 rows=4473 width=8) (actual rows=4510 loops=1)
                    Filter: (year = 2021)
                    Rows Removed by Filter: 95490
                    Buffers: shared hit=541
Planning Time: 0.117 ms
Execution Time: 15.470 ms",15.853,2196.41,2116,"Subquery Scan on tmp  (cost=2062.22..2196.41 rows=1491 width=4) (actual rows=2116 loops=1)
  Filter: (tmp.rnk > 0)
  Rows Removed by Filter: 2394
  Buffers: shared hit=541
  ->  WindowAgg  (cost=2062.22..2140.50 rows=4473 width=12) (actual rows=4510 loops=1)
        Buffers: shared hit=541
        ->  Sort  (cost=2062.22..2073.40 rows=4473 width=8) (actual rows=4510 loops=1)
              Sort Key: customers.customer_id
              Sort Method: quicksort  Memory: 404kB
              Buffers: shared hit=541
              ->  Seq Scan on customers  (cost=0.00..1791.00 rows=4473 width=8) (actual rows=4510 loops=1)
                    Filter: (year = 2021)
                    Rows Removed by Filter: 95490
                    Buffers: shared hit=541
Planning Time: 0.228 ms
Execution Time: 15.853 ms",13.8706,13.948,15.6615,16.0062,2196.41,2196.41,2116,2116,2116,2116,normal,normal,4.0280537999999995,27.129093,equal variances,not significant,0.27380952380952384,-0.4206000000000003,-2.2750000000000004,-328.16999999999985,0,True
1122,1821,149,Easy,select t_customers_0.customer_id as customer_id from schema_1821.customers as t_customers_0 where t_customers_0.year = 2021 and 0 < t_customers_0.revenue,8.669,2041.0,2116,"Seq Scan on customers t_customers_0  (cost=0.00..2041.00 rows=2089 width=4) (actual rows=2116 loops=1)
  Filter: ((0 < revenue) AND (year = 2021))
  Rows Removed by Filter: 97884
  Buffers: shared hit=541
Planning Time: 0.047 ms
Execution Time: 8.669 ms",16.691,2041.0,2116,"Seq Scan on customers t_customers_0  (cost=0.00..2041.00 rows=2089 width=4) (actual rows=2116 loops=1)
  Filter: ((0 < revenue) AND (year = 2021))
  Rows Removed by Filter: 97884
  Buffers: shared hit=541
Planning Time: 0.084 ms
Execution Time: 16.691 ms",17.643,2041.0,2116,"Seq Scan on customers t_customers_0  (cost=0.00..2041.00 rows=2089 width=4) (actual rows=2116 loops=1)
  Filter: ((0 < revenue) AND (year = 2021))
  Rows Removed by Filter: 97884
  Buffers: shared hit=541
Planning Time: 0.060 ms
Execution Time: 17.643 ms",20.036,2041.0,2116,"Seq Scan on customers t_customers_0  (cost=0.00..2041.00 rows=2089 width=4) (actual rows=2116 loops=1)
  Filter: ((0 < revenue) AND (year = 2021))
  Rows Removed by Filter: 97884
  Buffers: shared hit=541
Planning Time: 0.068 ms
Execution Time: 20.036 ms",12.906,2041.0,2116,"Seq Scan on customers t_customers_0  (cost=0.00..2041.00 rows=2089 width=4) (actual rows=2116 loops=1)
  Filter: ((0 < revenue) AND (year = 2021))
  Rows Removed by Filter: 97884
  Buffers: shared hit=541
Planning Time: 0.067 ms
Execution Time: 12.906 ms",15.189,16.691,18.8395,20.9932,2041.0,2041.0,2116,2116,2116,2116,1821_149,1122,1821,149,Easy,select customer_id from schema_1821.customers where (year = 2021 and revenue > 0) group by 1,8.899,2066.93,2116,"HashAggregate  (cost=2046.22..2066.93 rows=2071 width=4) (actual rows=2116 loops=1)
  Group Key: customer_id
  Batches: 1  Memory Usage: 241kB
  Buffers: shared hit=541
  ->  Seq Scan on customers  (cost=0.00..2041.00 rows=2089 width=4) (actual rows=2116 loops=1)
        Filter: ((revenue > 0) AND (year = 2021))
        Rows Removed by Filter: 97884
        Buffers: shared hit=541
Planning Time: 0.065 ms
Execution Time: 8.899 ms",14.058,2066.93,2116,"HashAggregate  (cost=2046.22..2066.93 rows=2071 width=4) (actual rows=2116 loops=1)
  Group Key: customer_id
  Batches: 1  Memory Usage: 241kB
  Buffers: shared hit=541
  ->  Seq Scan on customers  (cost=0.00..2041.00 rows=2089 width=4) (actual rows=2116 loops=1)
        Filter: ((revenue > 0) AND (year = 2021))
        Rows Removed by Filter: 97884
        Buffers: shared hit=541
Planning Time: 0.143 ms
Execution Time: 14.058 ms",17.035,2066.93,2116,"HashAggregate  (cost=2046.22..2066.93 rows=2071 width=4) (actual rows=2116 loops=1)
  Group Key: customer_id
  Batches: 1  Memory Usage: 241kB
  Buffers: shared hit=541
  ->  Seq Scan on customers  (cost=0.00..2041.00 rows=2089 width=4) (actual rows=2116 loops=1)
        Filter: ((revenue > 0) AND (year = 2021))
        Rows Removed by Filter: 97884
        Buffers: shared hit=541
Planning Time: 0.081 ms
Execution Time: 17.035 ms",19.296,2066.93,2116,"HashAggregate  (cost=2046.22..2066.93 rows=2071 width=4) (actual rows=2116 loops=1)
  Group Key: customer_id
  Batches: 1  Memory Usage: 241kB
  Buffers: shared hit=541
  ->  Seq Scan on customers  (cost=0.00..2041.00 rows=2089 width=4) (actual rows=2116 loops=1)
        Filter: ((revenue > 0) AND (year = 2021))
        Rows Removed by Filter: 97884
        Buffers: shared hit=541
Planning Time: 0.075 ms
Execution Time: 19.296 ms",13.71,2066.93,2116,"HashAggregate  (cost=2046.22..2066.93 rows=2071 width=4) (actual rows=2116 loops=1)
  Group Key: customer_id
  Batches: 1  Memory Usage: 241kB
  Buffers: shared hit=541
  ->  Seq Scan on customers  (cost=0.00..2041.00 rows=2089 width=4) (actual rows=2116 loops=1)
        Filter: ((revenue > 0) AND (year = 2021))
        Rows Removed by Filter: 97884
        Buffers: shared hit=541
Planning Time: 0.079 ms
Execution Time: 13.710 ms",14.5996,14.058,18.1655,20.2004,2066.93,2066.93,2116,2116,2116,2116,normal,normal,15.3922263,19.873504500000003,equal variances,not significant,0.5793650793650793,0.5893999999999995,2.632999999999999,-25.929999999999836,0,True
1126,1821,207,Easy,select t_customers_0.customer_id as customer_id from schema_1821.customers as t_customers_0 where t_customers_0.year = 2021 group by t_customers_0.customer_id having 0 < sum(t_customers_0.revenue),10.865,1868.24,2116,"HashAggregate  (cost=1813.36..1868.24 rows=1463 width=4) (actual rows=2116 loops=1)
  Group Key: customer_id
  Filter: (0 < sum(revenue))
  Batches: 1  Memory Usage: 721kB
  Rows Removed by Filter: 2394
  Buffers: shared hit=541
  ->  Seq Scan on customers t_customers_0  (cost=0.00..1791.00 rows=4473 width=8) (actual rows=4510 loops=1)
        Filter: (year = 2021)
        Rows Removed by Filter: 95490
        Buffers: shared hit=541
Planning Time: 0.080 ms
Execution Time: 10.865 ms",17.855,1868.24,2116,"HashAggregate  (cost=1813.36..1868.24 rows=1463 width=4) (actual rows=2116 loops=1)
  Group Key: customer_id
  Filter: (0 < sum(revenue))
  Batches: 1  Memory Usage: 721kB
  Rows Removed by Filter: 2394
  Buffers: shared hit=541
  ->  Seq Scan on customers t_customers_0  (cost=0.00..1791.00 rows=4473 width=8) (actual rows=4510 loops=1)
        Filter: (year = 2021)
        Rows Removed by Filter: 95490
        Buffers: shared hit=541
Planning Time: 0.071 ms
Execution Time: 17.855 ms",13.747,1868.24,2116,"HashAggregate  (cost=1813.36..1868.24 rows=1463 width=4) (actual rows=2116 loops=1)
  Group Key: customer_id
  Filter: (0 < sum(revenue))
  Batches: 1  Memory Usage: 721kB
  Rows Removed by Filter: 2394
  Buffers: shared hit=541
  ->  Seq Scan on customers t_customers_0  (cost=0.00..1791.00 rows=4473 width=8) (actual rows=4510 loops=1)
        Filter: (year = 2021)
        Rows Removed by Filter: 95490
        Buffers: shared hit=541
Planning Time: 0.087 ms
Execution Time: 13.747 ms",15.698,1868.24,2116,"HashAggregate  (cost=1813.36..1868.24 rows=1463 width=4) (actual rows=2116 loops=1)
  Group Key: customer_id
  Filter: (0 < sum(revenue))
  Batches: 1  Memory Usage: 721kB
  Rows Removed by Filter: 2394
  Buffers: shared hit=541
  ->  Seq Scan on customers t_customers_0  (cost=0.00..1791.00 rows=4473 width=8) (actual rows=4510 loops=1)
        Filter: (year = 2021)
        Rows Removed by Filter: 95490
        Buffers: shared hit=541
Planning Time: 0.081 ms
Execution Time: 15.698 ms",17.086,1868.24,2116,"HashAggregate  (cost=1813.36..1868.24 rows=1463 width=4) (actual rows=2116 loops=1)
  Group Key: customer_id
  Filter: (0 < sum(revenue))
  Batches: 1  Memory Usage: 721kB
  Rows Removed by Filter: 2394
  Buffers: shared hit=541
  ->  Seq Scan on customers t_customers_0  (cost=0.00..1791.00 rows=4473 width=8) (actual rows=4510 loops=1)
        Filter: (year = 2021)
        Rows Removed by Filter: 95490
        Buffers: shared hit=541
Planning Time: 0.076 ms
Execution Time: 17.086 ms",15.0502,15.698,17.4705,18.1626,1868.24,1868.24,2116,2116,2116,2116,1821_207,1126,1821,207,Easy,"select customer_id from (select customer_id, sum(revenue) over (partition by customer_id) as r from schema_1821.customers where year = 2021) as tmp where r > 0",10.898,2196.41,2116,"Subquery Scan on tmp  (cost=2062.22..2196.41 rows=1491 width=4) (actual rows=2116 loops=1)
  Filter: (tmp.r > 0)
  Rows Removed by Filter: 2394
  Buffers: shared hit=541
  ->  WindowAgg  (cost=2062.22..2140.50 rows=4473 width=12) (actual rows=4510 loops=1)
        Buffers: shared hit=541
        ->  Sort  (cost=2062.22..2073.40 rows=4473 width=8) (actual rows=4510 loops=1)
              Sort Key: customers.customer_id
              Sort Method: quicksort  Memory: 404kB
              Buffers: shared hit=541
              ->  Seq Scan on customers  (cost=0.00..1791.00 rows=4473 width=8) (actual rows=4510 loops=1)
                    Filter: (year = 2021)
                    Rows Removed by Filter: 95490
                    Buffers: shared hit=541
Planning Time: 0.064 ms
Execution Time: 10.898 ms",14.758,2196.41,2116,"Subquery Scan on tmp  (cost=2062.22..2196.41 rows=1491 width=4) (actual rows=2116 loops=1)
  Filter: (tmp.r > 0)
  Rows Removed by Filter: 2394
  Buffers: shared hit=541
  ->  WindowAgg  (cost=2062.22..2140.50 rows=4473 width=12) (actual rows=4510 loops=1)
        Buffers: shared hit=541
        ->  Sort  (cost=2062.22..2073.40 rows=4473 width=8) (actual rows=4510 loops=1)
              Sort Key: customers.customer_id
              Sort Method: quicksort  Memory: 404kB
              Buffers: shared hit=541
              ->  Seq Scan on customers  (cost=0.00..1791.00 rows=4473 width=8) (actual rows=4510 loops=1)
                    Filter: (year = 2021)
                    Rows Removed by Filter: 95490
                    Buffers: shared hit=541
Planning Time: 0.091 ms
Execution Time: 14.758 ms",14.869,2196.41,2116,"Subquery Scan on tmp  (cost=2062.22..2196.41 rows=1491 width=4) (actual rows=2116 loops=1)
  Filter: (tmp.r > 0)
  Rows Removed by Filter: 2394
  Buffers: shared hit=541
  ->  WindowAgg  (cost=2062.22..2140.50 rows=4473 width=12) (actual rows=4510 loops=1)
        Buffers: shared hit=541
        ->  Sort  (cost=2062.22..2073.40 rows=4473 width=8) (actual rows=4510 loops=1)
              Sort Key: customers.customer_id
              Sort Method: quicksort  Memory: 404kB
              Buffers: shared hit=541
              ->  Seq Scan on customers  (cost=0.00..1791.00 rows=4473 width=8) (actual rows=4510 loops=1)
                    Filter: (year = 2021)
                    Rows Removed by Filter: 95490
                    Buffers: shared hit=541
Planning Time: 0.086 ms
Execution Time: 14.869 ms",23.62,2196.41,2116,"Subquery Scan on tmp  (cost=2062.22..2196.41 rows=1491 width=4) (actual rows=2116 loops=1)
  Filter: (tmp.r > 0)
  Rows Removed by Filter: 2394
  Buffers: shared hit=541
  ->  WindowAgg  (cost=2062.22..2140.50 rows=4473 width=12) (actual rows=4510 loops=1)
        Buffers: shared hit=541
        ->  Sort  (cost=2062.22..2073.40 rows=4473 width=8) (actual rows=4510 loops=1)
              Sort Key: customers.customer_id
              Sort Method: quicksort  Memory: 404kB
              Buffers: shared hit=541
              ->  Seq Scan on customers  (cost=0.00..1791.00 rows=4473 width=8) (actual rows=4510 loops=1)
                    Filter: (year = 2021)
                    Rows Removed by Filter: 95490
                    Buffers: shared hit=541
Planning Time: 0.084 ms
Execution Time: 23.620 ms",22.486,2196.41,2116,"Subquery Scan on tmp  (cost=2062.22..2196.41 rows=1491 width=4) (actual rows=2116 loops=1)
  Filter: (tmp.r > 0)
  Rows Removed by Filter: 2394
  Buffers: shared hit=541
  ->  WindowAgg  (cost=2062.22..2140.50 rows=4473 width=12) (actual rows=4510 loops=1)
        Buffers: shared hit=541
        ->  Sort  (cost=2062.22..2073.40 rows=4473 width=8) (actual rows=4510 loops=1)
              Sort Key: customers.customer_id
              Sort Method: quicksort  Memory: 404kB
              Buffers: shared hit=541
              ->  Seq Scan on customers  (cost=0.00..1791.00 rows=4473 width=8) (actual rows=4510 loops=1)
                    Filter: (year = 2021)
                    Rows Removed by Filter: 95490
                    Buffers: shared hit=541
Planning Time: 0.086 ms
Execution Time: 22.486 ms",17.3262,14.869,23.053,24.0736,2196.41,2196.41,2116,2116,2116,2116,normal,normal,30.047673200000006,7.911314699999998,equal variances,not significant,0.34523809523809523,-2.276,0.8290000000000006,-328.16999999999985,0,True
1127,1821,208,Easy,select t_customers_0.customer_id as customer_id from schema_1821.customers as t_customers_0 where t_customers_0.year = 2021 group by t_customers_0.customer_id having 0 < sum(t_customers_0.revenue),8.6,1868.24,2116,"HashAggregate  (cost=1813.36..1868.24 rows=1463 width=4) (actual rows=2116 loops=1)
  Group Key: customer_id
  Filter: (0 < sum(revenue))
  Batches: 1  Memory Usage: 721kB
  Rows Removed by Filter: 2394
  Buffers: shared hit=541
  ->  Seq Scan on customers t_customers_0  (cost=0.00..1791.00 rows=4473 width=8) (actual rows=4510 loops=1)
        Filter: (year = 2021)
        Rows Removed by Filter: 95490
        Buffers: shared hit=541
Planning Time: 0.058 ms
Execution Time: 8.600 ms",14.487,1868.24,2116,"HashAggregate  (cost=1813.36..1868.24 rows=1463 width=4) (actual rows=2116 loops=1)
  Group Key: customer_id
  Filter: (0 < sum(revenue))
  Batches: 1  Memory Usage: 721kB
  Rows Removed by Filter: 2394
  Buffers: shared hit=541
  ->  Seq Scan on customers t_customers_0  (cost=0.00..1791.00 rows=4473 width=8) (actual rows=4510 loops=1)
        Filter: (year = 2021)
        Rows Removed by Filter: 95490
        Buffers: shared hit=541
Planning Time: 0.082 ms
Execution Time: 14.487 ms",19.424,1868.24,2116,"HashAggregate  (cost=1813.36..1868.24 rows=1463 width=4) (actual rows=2116 loops=1)
  Group Key: customer_id
  Filter: (0 < sum(revenue))
  Batches: 1  Memory Usage: 721kB
  Rows Removed by Filter: 2394
  Buffers: shared hit=541
  ->  Seq Scan on customers t_customers_0  (cost=0.00..1791.00 rows=4473 width=8) (actual rows=4510 loops=1)
        Filter: (year = 2021)
        Rows Removed by Filter: 95490
        Buffers: shared hit=541
Planning Time: 0.082 ms
Execution Time: 19.424 ms",14.916,1868.24,2116,"HashAggregate  (cost=1813.36..1868.24 rows=1463 width=4) (actual rows=2116 loops=1)
  Group Key: customer_id
  Filter: (0 < sum(revenue))
  Batches: 1  Memory Usage: 721kB
  Rows Removed by Filter: 2394
  Buffers: shared hit=541
  ->  Seq Scan on customers t_customers_0  (cost=0.00..1791.00 rows=4473 width=8) (actual rows=4510 loops=1)
        Filter: (year = 2021)
        Rows Removed by Filter: 95490
        Buffers: shared hit=541
Planning Time: 0.076 ms
Execution Time: 14.916 ms",21.356,1868.24,2116,"HashAggregate  (cost=1813.36..1868.24 rows=1463 width=4) (actual rows=2116 loops=1)
  Group Key: customer_id
  Filter: (0 < sum(revenue))
  Batches: 1  Memory Usage: 721kB
  Rows Removed by Filter: 2394
  Buffers: shared hit=541
  ->  Seq Scan on customers t_customers_0  (cost=0.00..1791.00 rows=4473 width=8) (actual rows=4510 loops=1)
        Filter: (year = 2021)
        Rows Removed by Filter: 95490
        Buffers: shared hit=541
Planning Time: 0.070 ms
Execution Time: 21.356 ms",15.7566,14.916,20.39,22.1288,1868.24,1868.24,2116,2116,2116,2116,1821_208,1127,1821,208,Easy,"select distinct customer_id from (select customer_id, sum(revenue) as revenue from schema_1821.customers where year = 2021 group by customer_id) as a where revenue > 0",9.25,1888.53,2116,"HashAggregate  (cost=1886.53..1888.53 rows=200 width=4) (actual rows=2116 loops=1)
  Group Key: customers.customer_id
  Batches: 1  Memory Usage: 257kB
  Buffers: shared hit=541
  ->  HashAggregate  (cost=1813.36..1868.24 rows=1463 width=12) (actual rows=2116 loops=1)
        Group Key: customers.customer_id
        Filter: (sum(customers.revenue) > 0)
        Batches: 1  Memory Usage: 721kB
        Rows Removed by Filter: 2394
        Buffers: shared hit=541
        ->  Seq Scan on customers  (cost=0.00..1791.00 rows=4473 width=8) (actual rows=4510 loops=1)
              Filter: (year = 2021)
              Rows Removed by Filter: 95490
              Buffers: shared hit=541
Planning Time: 0.076 ms
Execution Time: 9.250 ms",12.446,1888.53,2116,"HashAggregate  (cost=1886.53..1888.53 rows=200 width=4) (actual rows=2116 loops=1)
  Group Key: customers.customer_id
  Batches: 1  Memory Usage: 257kB
  Buffers: shared hit=541
  ->  HashAggregate  (cost=1813.36..1868.24 rows=1463 width=12) (actual rows=2116 loops=1)
        Group Key: customers.customer_id
        Filter: (sum(customers.revenue) > 0)
        Batches: 1  Memory Usage: 721kB
        Rows Removed by Filter: 2394
        Buffers: shared hit=541
        ->  Seq Scan on customers  (cost=0.00..1791.00 rows=4473 width=8) (actual rows=4510 loops=1)
              Filter: (year = 2021)
              Rows Removed by Filter: 95490
              Buffers: shared hit=541
Planning Time: 0.117 ms
Execution Time: 12.446 ms",15.808,1888.53,2116,"HashAggregate  (cost=1886.53..1888.53 rows=200 width=4) (actual rows=2116 loops=1)
  Group Key: customers.customer_id
  Batches: 1  Memory Usage: 257kB
  Buffers: shared hit=541
  ->  HashAggregate  (cost=1813.36..1868.24 rows=1463 width=12) (actual rows=2116 loops=1)
        Group Key: customers.customer_id
        Filter: (sum(customers.revenue) > 0)
        Batches: 1  Memory Usage: 721kB
        Rows Removed by Filter: 2394
        Buffers: shared hit=541
        ->  Seq Scan on customers  (cost=0.00..1791.00 rows=4473 width=8) (actual rows=4510 loops=1)
              Filter: (year = 2021)
              Rows Removed by Filter: 95490
              Buffers: shared hit=541
Planning Time: 0.099 ms
Execution Time: 15.808 ms",18.706,1888.53,2116,"HashAggregate  (cost=1886.53..1888.53 rows=200 width=4) (actual rows=2116 loops=1)
  Group Key: customers.customer_id
  Batches: 1  Memory Usage: 257kB
  Buffers: shared hit=541
  ->  HashAggregate  (cost=1813.36..1868.24 rows=1463 width=12) (actual rows=2116 loops=1)
        Group Key: customers.customer_id
        Filter: (sum(customers.revenue) > 0)
        Batches: 1  Memory Usage: 721kB
        Rows Removed by Filter: 2394
        Buffers: shared hit=541
        ->  Seq Scan on customers  (cost=0.00..1791.00 rows=4473 width=8) (actual rows=4510 loops=1)
              Filter: (year = 2021)
              Rows Removed by Filter: 95490
              Buffers: shared hit=541
Planning Time: 0.132 ms
Execution Time: 18.706 ms",16.849,1888.53,2116,"HashAggregate  (cost=1886.53..1888.53 rows=200 width=4) (actual rows=2116 loops=1)
  Group Key: customers.customer_id
  Batches: 1  Memory Usage: 257kB
  Buffers: shared hit=541
  ->  HashAggregate  (cost=1813.36..1868.24 rows=1463 width=12) (actual rows=2116 loops=1)
        Group Key: customers.customer_id
        Filter: (sum(customers.revenue) > 0)
        Batches: 1  Memory Usage: 721kB
        Rows Removed by Filter: 2394
        Buffers: shared hit=541
        ->  Seq Scan on customers  (cost=0.00..1791.00 rows=4473 width=8) (actual rows=4510 loops=1)
              Filter: (year = 2021)
              Rows Removed by Filter: 95490
              Buffers: shared hit=541
Planning Time: 0.116 ms
Execution Time: 16.849 ms",14.6118,15.808,17.7775,19.4488,1888.53,1888.53,2116,2116,2116,2116,normal,normal,14.159505199999998,24.584629800000005,equal variances,not significant,0.6547619047619047,1.1448,-0.8919999999999995,-20.289999999999964,0,True
1128,1821,209,Easy,select c.customer_id as customer_id from schema_1821.customers as c where 0 < c.revenue and c.year = 2021,8.285,2041.0,2116,"Seq Scan on customers c  (cost=0.00..2041.00 rows=2089 width=4) (actual rows=2116 loops=1)
  Filter: ((0 < revenue) AND (year = 2021))
  Rows Removed by Filter: 97884
  Buffers: shared hit=541
Planning Time: 0.047 ms
Execution Time: 8.285 ms",17.277,2041.0,2116,"Seq Scan on customers c  (cost=0.00..2041.00 rows=2089 width=4) (actual rows=2116 loops=1)
  Filter: ((0 < revenue) AND (year = 2021))
  Rows Removed by Filter: 97884
  Buffers: shared hit=541
Planning Time: 0.068 ms
Execution Time: 17.277 ms",16.384,2041.0,2116,"Seq Scan on customers c  (cost=0.00..2041.00 rows=2089 width=4) (actual rows=2116 loops=1)
  Filter: ((0 < revenue) AND (year = 2021))
  Rows Removed by Filter: 97884
  Buffers: shared hit=541
Planning Time: 0.067 ms
Execution Time: 16.384 ms",13.965,2041.0,2116,"Seq Scan on customers c  (cost=0.00..2041.00 rows=2089 width=4) (actual rows=2116 loops=1)
  Filter: ((0 < revenue) AND (year = 2021))
  Rows Removed by Filter: 97884
  Buffers: shared hit=541
Planning Time: 0.066 ms
Execution Time: 13.965 ms",17.453,2041.0,2116,"Seq Scan on customers c  (cost=0.00..2041.00 rows=2089 width=4) (actual rows=2116 loops=1)
  Filter: ((0 < revenue) AND (year = 2021))
  Rows Removed by Filter: 97884
  Buffers: shared hit=541
Planning Time: 0.074 ms
Execution Time: 17.453 ms",14.6728,16.384,17.365,17.5234,2041.0,2041.0,2116,2116,2116,2116,1821_209,1128,1821,209,Easy,select distinct customer_id from schema_1821.customers as c where (c.revenue > 0 and year = 2021),8.776,2066.93,2116,"HashAggregate  (cost=2046.22..2066.93 rows=2071 width=4) (actual rows=2116 loops=1)
  Group Key: customer_id
  Batches: 1  Memory Usage: 241kB
  Buffers: shared hit=541
  ->  Seq Scan on customers c  (cost=0.00..2041.00 rows=2089 width=4) (actual rows=2116 loops=1)
        Filter: ((revenue > 0) AND (year = 2021))
        Rows Removed by Filter: 97884
        Buffers: shared hit=541
Planning Time: 0.070 ms
Execution Time: 8.776 ms",19.769,2066.93,2116,"HashAggregate  (cost=2046.22..2066.93 rows=2071 width=4) (actual rows=2116 loops=1)
  Group Key: customer_id
  Batches: 1  Memory Usage: 241kB
  Buffers: shared hit=541
  ->  Seq Scan on customers c  (cost=0.00..2041.00 rows=2089 width=4) (actual rows=2116 loops=1)
        Filter: ((revenue > 0) AND (year = 2021))
        Rows Removed by Filter: 97884
        Buffers: shared hit=541
Planning Time: 0.056 ms
Execution Time: 19.769 ms",12.758,2066.93,2116,"HashAggregate  (cost=2046.22..2066.93 rows=2071 width=4) (actual rows=2116 loops=1)
  Group Key: customer_id
  Batches: 1  Memory Usage: 241kB
  Buffers: shared hit=541
  ->  Seq Scan on customers c  (cost=0.00..2041.00 rows=2089 width=4) (actual rows=2116 loops=1)
        Filter: ((revenue > 0) AND (year = 2021))
        Rows Removed by Filter: 97884
        Buffers: shared hit=541
Planning Time: 0.076 ms
Execution Time: 12.758 ms",15.874,2066.93,2116,"HashAggregate  (cost=2046.22..2066.93 rows=2071 width=4) (actual rows=2116 loops=1)
  Group Key: customer_id
  Batches: 1  Memory Usage: 241kB
  Buffers: shared hit=541
  ->  Seq Scan on customers c  (cost=0.00..2041.00 rows=2089 width=4) (actual rows=2116 loops=1)
        Filter: ((revenue > 0) AND (year = 2021))
        Rows Removed by Filter: 97884
        Buffers: shared hit=541
Planning Time: 0.089 ms
Execution Time: 15.874 ms",15.232,2066.93,2116,"HashAggregate  (cost=2046.22..2066.93 rows=2071 width=4) (actual rows=2116 loops=1)
  Group Key: customer_id
  Batches: 1  Memory Usage: 241kB
  Buffers: shared hit=541
  ->  Seq Scan on customers c  (cost=0.00..2041.00 rows=2089 width=4) (actual rows=2116 loops=1)
        Filter: ((revenue > 0) AND (year = 2021))
        Rows Removed by Filter: 97884
        Buffers: shared hit=541
Planning Time: 0.055 ms
Execution Time: 15.232 ms",14.4818,15.232,17.8215,21.327,2066.93,2066.93,2116,2116,2116,2116,normal,normal,16.495786199999998,14.686136200000002,equal variances,not significant,0.6547619047619047,0.19100000000000072,1.152000000000001,-25.929999999999836,0,True
1131,1821,228,Easy,"select t_customers_0.customer_id as customer_id from schema_1821.customers as t_customers_0 where t_customers_0.year = '2021' group by t_customers_0.year,t_customers_0.customer_id having 0 < sum(t_customers_0.revenue)",11.76,1879.42,2116,"HashAggregate  (cost=1824.55..1879.42 rows=1463 width=8) (actual rows=2116 loops=1)
  Group Key: year, customer_id
  Filter: (0 < sum(revenue))
  Batches: 1  Memory Usage: 721kB
  Rows Removed by Filter: 2394
  Buffers: shared hit=541
  ->  Seq Scan on customers t_customers_0  (cost=0.00..1791.00 rows=4473 width=12) (actual rows=4510 loops=1)
        Filter: (year = 2021)
        Rows Removed by Filter: 95490
        Buffers: shared hit=541
Planning:
  Buffers: shared hit=3
Planning Time: 0.164 ms
Execution Time: 11.760 ms",19.531,1879.42,2116,"HashAggregate  (cost=1824.55..1879.42 rows=1463 width=8) (actual rows=2116 loops=1)
  Group Key: year, customer_id
  Filter: (0 < sum(revenue))
  Batches: 1  Memory Usage: 721kB
  Rows Removed by Filter: 2394
  Buffers: shared hit=541
  ->  Seq Scan on customers t_customers_0  (cost=0.00..1791.00 rows=4473 width=12) (actual rows=4510 loops=1)
        Filter: (year = 2021)
        Rows Removed by Filter: 95490
        Buffers: shared hit=541
Planning:
  Buffers: shared hit=3
Planning Time: 0.111 ms
Execution Time: 19.531 ms",16.592,1879.42,2116,"HashAggregate  (cost=1824.55..1879.42 rows=1463 width=8) (actual rows=2116 loops=1)
  Group Key: year, customer_id
  Filter: (0 < sum(revenue))
  Batches: 1  Memory Usage: 721kB
  Rows Removed by Filter: 2394
  Buffers: shared hit=541
  ->  Seq Scan on customers t_customers_0  (cost=0.00..1791.00 rows=4473 width=12) (actual rows=4510 loops=1)
        Filter: (year = 2021)
        Rows Removed by Filter: 95490
        Buffers: shared hit=541
Planning:
  Buffers: shared hit=3
Planning Time: 0.115 ms
Execution Time: 16.592 ms",18.132,1879.42,2116,"HashAggregate  (cost=1824.55..1879.42 rows=1463 width=8) (actual rows=2116 loops=1)
  Group Key: year, customer_id
  Filter: (0 < sum(revenue))
  Batches: 1  Memory Usage: 721kB
  Rows Removed by Filter: 2394
  Buffers: shared hit=541
  ->  Seq Scan on customers t_customers_0  (cost=0.00..1791.00 rows=4473 width=12) (actual rows=4510 loops=1)
        Filter: (year = 2021)
        Rows Removed by Filter: 95490
        Buffers: shared hit=541
Planning:
  Buffers: shared hit=3
Planning Time: 0.100 ms
Execution Time: 18.132 ms",11.751,1879.42,2116,"HashAggregate  (cost=1824.55..1879.42 rows=1463 width=8) (actual rows=2116 loops=1)
  Group Key: year, customer_id
  Filter: (0 < sum(revenue))
  Batches: 1  Memory Usage: 721kB
  Rows Removed by Filter: 2394
  Buffers: shared hit=541
  ->  Seq Scan on customers t_customers_0  (cost=0.00..1791.00 rows=4473 width=12) (actual rows=4510 loops=1)
        Filter: (year = 2021)
        Rows Removed by Filter: 95490
        Buffers: shared hit=541
Planning:
  Buffers: shared hit=3
Planning Time: 0.156 ms
Execution Time: 11.751 ms",15.5532,16.592,18.8315,20.0906,1879.42,1879.42,2116,2116,2116,2116,1821_228,1131,1821,228,Easy,"select distinct temp.customer_id from (select customer_id, year, sum(revenue) as rev_2021 from schema_1821.customers where year = '2021' group by 1, 2) as temp where temp.rev_2021 > 0",9.243,1899.71,2116,"HashAggregate  (cost=1897.71..1899.71 rows=200 width=4) (actual rows=2116 loops=1)
  Group Key: customers.customer_id
  Batches: 1  Memory Usage: 257kB
  Buffers: shared hit=541
  ->  HashAggregate  (cost=1824.55..1879.42 rows=1463 width=16) (actual rows=2116 loops=1)
        Group Key: customers.customer_id, customers.year
        Filter: (sum(customers.revenue) > 0)
        Batches: 1  Memory Usage: 721kB
        Rows Removed by Filter: 2394
        Buffers: shared hit=541
        ->  Seq Scan on customers  (cost=0.00..1791.00 rows=4473 width=12) (actual rows=4510 loops=1)
              Filter: (year = 2021)
              Rows Removed by Filter: 95490
              Buffers: shared hit=541
Planning:
  Buffers: shared hit=3
Planning Time: 0.097 ms
Execution Time: 9.243 ms",14.633,1899.71,2116,"HashAggregate  (cost=1897.71..1899.71 rows=200 width=4) (actual rows=2116 loops=1)
  Group Key: customers.customer_id
  Batches: 1  Memory Usage: 257kB
  Buffers: shared hit=541
  ->  HashAggregate  (cost=1824.55..1879.42 rows=1463 width=16) (actual rows=2116 loops=1)
        Group Key: customers.customer_id, customers.year
        Filter: (sum(customers.revenue) > 0)
        Batches: 1  Memory Usage: 721kB
        Rows Removed by Filter: 2394
        Buffers: shared hit=541
        ->  Seq Scan on customers  (cost=0.00..1791.00 rows=4473 width=12) (actual rows=4510 loops=1)
              Filter: (year = 2021)
              Rows Removed by Filter: 95490
              Buffers: shared hit=541
Planning:
  Buffers: shared hit=3
Planning Time: 0.164 ms
Execution Time: 14.633 ms",17.826,1899.71,2116,"HashAggregate  (cost=1897.71..1899.71 rows=200 width=4) (actual rows=2116 loops=1)
  Group Key: customers.customer_id
  Batches: 1  Memory Usage: 257kB
  Buffers: shared hit=541
  ->  HashAggregate  (cost=1824.55..1879.42 rows=1463 width=16) (actual rows=2116 loops=1)
        Group Key: customers.customer_id, customers.year
        Filter: (sum(customers.revenue) > 0)
        Batches: 1  Memory Usage: 721kB
        Rows Removed by Filter: 2394
        Buffers: shared hit=541
        ->  Seq Scan on customers  (cost=0.00..1791.00 rows=4473 width=12) (actual rows=4510 loops=1)
              Filter: (year = 2021)
              Rows Removed by Filter: 95490
              Buffers: shared hit=541
Planning:
  Buffers: shared hit=3
Planning Time: 0.142 ms
Execution Time: 17.826 ms",17.386,1899.71,2116,"HashAggregate  (cost=1897.71..1899.71 rows=200 width=4) (actual rows=2116 loops=1)
  Group Key: customers.customer_id
  Batches: 1  Memory Usage: 257kB
  Buffers: shared hit=541
  ->  HashAggregate  (cost=1824.55..1879.42 rows=1463 width=16) (actual rows=2116 loops=1)
        Group Key: customers.customer_id, customers.year
        Filter: (sum(customers.revenue) > 0)
        Batches: 1  Memory Usage: 721kB
        Rows Removed by Filter: 2394
        Buffers: shared hit=541
        ->  Seq Scan on customers  (cost=0.00..1791.00 rows=4473 width=12) (actual rows=4510 loops=1)
              Filter: (year = 2021)
              Rows Removed by Filter: 95490
              Buffers: shared hit=541
Planning:
  Buffers: shared hit=3
Planning Time: 0.107 ms
Execution Time: 17.386 ms",17.682,1899.71,2116,"HashAggregate  (cost=1897.71..1899.71 rows=200 width=4) (actual rows=2116 loops=1)
  Group Key: customers.customer_id
  Batches: 1  Memory Usage: 257kB
  Buffers: shared hit=541
  ->  HashAggregate  (cost=1824.55..1879.42 rows=1463 width=16) (actual rows=2116 loops=1)
        Group Key: customers.customer_id, customers.year
        Filter: (sum(customers.revenue) > 0)
        Batches: 1  Memory Usage: 721kB
        Rows Removed by Filter: 2394
        Buffers: shared hit=541
        ->  Seq Scan on customers  (cost=0.00..1791.00 rows=4473 width=12) (actual rows=4510 loops=1)
              Filter: (year = 2021)
              Rows Removed by Filter: 95490
              Buffers: shared hit=541
Planning:
  Buffers: shared hit=3
Planning Time: 0.138 ms
Execution Time: 17.682 ms",15.354,17.386,17.754,17.8836,1899.71,1899.71,2116,2116,2116,2116,not normal,normal,13.380888499999998,13.0993247,equal variances,not significant,0.6547619047619047,0.19920000000000115,-0.7940000000000005,-20.289999999999964,0,True
